specify -Dflow d,b,mt,md,size
Running Lattice d 9 b: 4
  25136264 5990.59 || noQ Q (Avg,Max,Min) (0.98, 1.24, 0.56) (0.92, 0.56, 1.18) #fs:  60  -- #Conts: 88 H(88) 
  40297366 4729.41 || noQ Q (Avg,Max,Min) (1.00, 1.14, 0.72) (0.96, 0.72, 1.09) #fs:  70  -- #Conts: 91 G(91) 
  43493895 4634.82 || noQ Q (Avg,Max,Min) (1.01, 1.12, 0.85) (0.98, 0.83, 1.11) #fs:  56  -- #Conts: 64 G(64) 
  44715406 4619.06 || noQ Q (Avg,Max,Min) (1.01, 1.12, 0.85) (0.98, 0.83, 1.11) #fs:  56  -- #Conts: 64 G(64) 
  88134644 4244.82 || noQ Q (Avg,Max,Min) (1.01, 1.06, 0.69) (0.99, 0.69, 1.04) #fs:  60  -- #Conts: 101 E(101) 
  92076521 4238.12 || noQ Q (Avg,Max,Min) (1.01, 1.06, 0.69) (0.99, 0.69, 1.04) #fs:  57  -- #Conts: 101 E(101) 
/////////////////size: 6
  45020885 4946.94 || noQ Q (Avg,Max,Min) (1.04, 1.24, 0.94) (0.96, 0.42, 1.11) #fs:  55  -- #Conts: 87 G(14)  H(23)  A(2)  C(24)  E(24) 
  45056885 4883.88 || noQ Q (Avg,Max,Min) (1.04, 1.18, 0.94) (0.97, 0.77, 1.11) #fs:  54  -- #Conts: 86 G(14)  H(22)  A(2)  C(24)  E(24) 
  45164885 4852.35 || noQ Q (Avg,Max,Min) (1.04, 1.18, 0.94) (0.98, 0.77, 1.11) #fs:  53  -- #Conts: 86 G(14)  H(22)  A(2)  C(24)  E(24) 
  45588624 4836.59 || noQ Q (Avg,Max,Min) (1.04, 1.20, 0.94) (0.98, 0.77, 1.13) #fs:  51  -- #Conts: 86 G(14)  H(22)  A(2)  C(24)  E(24) 
  47455085 4819.35 || noQ Q (Avg,Max,Min) (1.04, 1.13, 0.90) (0.98, 0.76, 1.11) #fs:  50  -- #Conts: 86 G(17)  H(20)  A(1)  C(24)  E(24) 
  47695260 4803.59 || noQ Q (Avg,Max,Min) (1.04, 1.13, 0.90) (0.98, 0.76, 1.11) #fs:  50  -- #Conts: 86 G(17)  H(20)  A(1)  C(24)  E(24) 
  47955159 4787.82 || noQ Q (Avg,Max,Min) (1.04, 1.13, 0.90) (0.98, 0.56, 1.11) #fs:  49  -- #Conts: 87 G(17)  H(21)  A(1)  C(24)  E(24) 
  48585965 4783.12 || noQ Q (Avg,Max,Min) (1.04, 1.13, 0.90) (0.97, 0.56, 1.11) #fs:  48  -- #Conts: 89 G(17)  H(21)  A(1)  C(24)  E(26) 
  49220568 4772.06 || noQ Q (Avg,Max,Min) (1.04, 1.13, 0.90) (0.98, 0.86, 1.11) #fs:  49  -- #Conts: 86 G(17)  H(20)  A(1)  C(24)  E(24) 
  49262586 4767.35 || noQ Q (Avg,Max,Min) (1.04, 1.13, 0.90) (0.97, 0.56, 1.11) #fs:  47  -- #Conts: 89 G(17)  H(21)  A(1)  C(24)  E(26) 
  49591475 4765.00 || noQ Q (Avg,Max,Min) (1.04, 1.13, 0.90) (0.97, 0.56, 1.11) #fs:  46  -- #Conts: 89 G(17)  H(21)  A(1)  C(24)  E(26) 
  50527995 4751.59 || noQ Q (Avg,Max,Min) (1.04, 1.13, 0.90) (0.98, 0.68, 1.11) #fs:  47  -- #Conts: 88 G(17)  H(20)  A(1)  C(24)  E(26) 
  50856884 4749.24 || noQ Q (Avg,Max,Min) (1.04, 1.13, 0.90) (0.98, 0.69, 1.11) #fs:  46  -- #Conts: 88 G(17)  H(20)  A(1)  C(24)  E(26) 
  52308364 4739.94 || noQ Q (Avg,Max,Min) (1.04, 1.19, 0.92) (0.98, 0.56, 1.12) #fs:  44  -- #Conts: 96 G(23)  H(21)  A(7)  C(24)  E(21) 
  53277874 4730.88 || noQ Q (Avg,Max,Min) (1.04, 1.19, 0.82) (0.98, 0.56, 1.12) #fs:  44  -- #Conts: 96 G(23)  H(21)  A(7)  C(24)  E(21) 
  53573773 4724.18 || noQ Q (Avg,Max,Min) (1.04, 1.19, 0.92) (0.98, 0.68, 1.12) #fs:  44  -- #Conts: 95 G(23)  H(20)  A(7)  C(24)  E(21) 
  54543283 4715.12 || noQ Q (Avg,Max,Min) (1.04, 1.19, 0.82) (0.98, 0.69, 1.12) #fs:  44  -- #Conts: 95 G(23)  H(20)  A(7)  C(24)  E(21) 
  55906885 4710.94 || noQ Q (Avg,Max,Min) (1.04, 1.14, 0.93) (0.98, 0.56, 1.12) #fs:  45  -- #Conts: 91 G(22)  H(20)  A(2)  C(23)  E(24) 
  56715703 4684.29 || noQ Q (Avg,Max,Min) (1.03, 1.16, 0.85) (0.98, 0.60, 1.08) #fs:  41  -- #Conts: 98 G(20)  H(15)  A(11)  C(26)  E(26) 
  56823703 4652.76 || noQ Q (Avg,Max,Min) (1.03, 1.16, 0.87) (0.99, 0.83, 1.08) #fs:  40  -- #Conts: 98 G(20)  H(15)  A(11)  C(26)  E(26) 
  56901092 4637.00 || noQ Q (Avg,Max,Min) (1.03, 1.16, 0.89) (0.99, 0.83, 1.08) #fs:  39  -- #Conts: 98 G(20)  H(15)  A(11)  C(26)  E(26) 
  58522915 4621.24 || noQ Q (Avg,Max,Min) (1.03, 1.18, 0.89) (0.99, 0.88, 1.08) #fs:  39  -- #Conts: 98 G(20)  H(15)  A(11)  C(26)  E(26) 
  59902342 4618.88 || noQ Q (Avg,Max,Min) (1.03, 1.18, 0.89) (0.99, 0.68, 1.08) #fs:  38  -- #Conts: 101 G(21)  H(15)  A(11)  C(26)  E(28) 
  60333004 4611.00 || noQ Q (Avg,Max,Min) (1.04, 1.16, 0.89) (0.98, 0.56, 1.08) #fs:  40  -- #Conts: 92 G(21)  H(15)  A(3)  C(26)  E(27) 
  61307724 4585.82 || noQ Q (Avg,Max,Min) (1.04, 1.19, 0.92) (0.98, 0.56, 1.11) #fs:  37  -- #Conts: 99 G(23)  H(14)  A(3)  C(30)  E(29) 
  62277234 4576.76 || noQ Q (Avg,Max,Min) (1.04, 1.19, 0.92) (0.98, 0.56, 1.11) #fs:  38  -- #Conts: 99 G(23)  H(14)  A(3)  C(30)  E(29) 
  62573133 4570.06 || noQ Q (Avg,Max,Min) (1.04, 1.19, 0.92) (0.99, 0.70, 1.11) #fs:  37  -- #Conts: 98 G(23)  H(13)  A(3)  C(30)  E(29) 
  63355006 4548.53 || noQ Q (Avg,Max,Min) (1.03, 1.15, 0.71) (0.98, 0.59, 1.08) #fs:  27  -- #Conts: 108 G(25)  H(9)  A(15)  C(27)  E(32) 
  63601322 4517.00 || noQ Q (Avg,Max,Min) (1.03, 1.17, 0.92) (0.99, 0.83, 1.08) #fs:  26  -- #Conts: 108 G(25)  H(9)  A(15)  C(27)  E(32) 
  64714832 4501.24 || noQ Q (Avg,Max,Min) (1.04, 1.17, 0.92) (0.99, 0.56, 1.08) #fs:  23  -- #Conts: 109 G(25)  H(10)  A(15)  C(27)  E(32) 
  65980241 4485.47 || noQ Q (Avg,Max,Min) (1.04, 1.17, 0.92) (0.99, 0.83, 1.08) #fs:  23  -- #Conts: 108 G(25)  H(9)  A(15)  C(27)  E(32) 
  68809004 4479.12 || noQ Q (Avg,Max,Min) (1.04, 1.15, 0.89) (0.98, 0.56, 1.08) #fs:  23  -- #Conts: 103 G(24)  H(9)  A(6)  C(27)  E(37) 
  69319985 4472.41 || noQ Q (Avg,Max,Min) (1.04, 1.15, 0.89) (0.98, 0.68, 1.08) #fs:  23  -- #Conts: 103 G(25)  H(8)  A(6)  C(27)  E(37) 
  70074413 4463.35 || noQ Q (Avg,Max,Min) (1.04, 1.15, 0.89) (0.98, 0.68, 1.08) #fs:  23  -- #Conts: 102 G(24)  H(8)  A(6)  C(27)  E(37) 
  71541116 4461.00 || noQ Q (Avg,Max,Min) (1.04, 1.15, 0.89) (0.98, 0.68, 1.08) #fs:  22  -- #Conts: 104 G(25)  H(8)  A(6)  C(27)  E(38) 
  72531270 4458.29 || noQ Q (Avg,Max,Min) (1.04, 1.15, 0.89) (0.99, 0.56, 1.08) #fs:  20  -- #Conts: 99 G(22)  H(9)  A(4)  C(27)  E(37) 
  72755169 4449.24 || noQ Q (Avg,Max,Min) (1.04, 1.15, 0.89) (0.99, 0.68, 1.08) #fs:  20  -- #Conts: 98 G(22)  H(8)  A(4)  C(27)  E(37) 
  72760480 4447.82 || noQ Q (Avg,Max,Min) (1.04, 1.15, 0.89) (0.99, 0.56, 1.08) #fs:  21  -- #Conts: 98 G(22)  H(9)  A(4)  C(27)  E(36) 
  73796679 4442.53 || noQ Q (Avg,Max,Min) (1.04, 1.15, 0.89) (0.99, 0.68, 1.08) #fs:  20  -- #Conts: 98 G(22)  H(8)  A(4)  C(27)  E(37) 
  73920928 4432.06 || noQ Q (Avg,Max,Min) (1.04, 1.14, 0.99) (0.98, 0.33, 1.08) #fs:  13  -- #Conts: 93 G(24)  H(9)  A(1)  C(24)  E(35) 
  74478608 4429.71 || noQ Q (Avg,Max,Min) (1.04, 1.13, 0.99) (0.99, 0.56, 1.08) #fs:  14  -- #Conts: 91 G(22)  H(9)  A(1)  C(24)  E(35) 
  74890438 4416.29 || noQ Q (Avg,Max,Min) (1.04, 1.14, 0.99) (0.99, 0.56, 1.08) #fs:  13  -- #Conts: 92 G(23)  H(9)  A(1)  C(24)  E(35) 
  75780017 4413.94 || noQ Q (Avg,Max,Min) (1.04, 1.13, 0.99) (1.00, 0.70, 1.08) #fs:  15  -- #Conts: 90 G(22)  H(8)  A(1)  C(24)  E(35) 
  76155847 4400.53 || noQ Q (Avg,Max,Min) (1.04, 1.13, 0.99) (1.00, 0.70, 1.08) #fs:  13  -- #Conts: 91 G(23)  H(8)  A(1)  C(24)  E(35) 
  77541368 4398.18 || noQ Q (Avg,Max,Min) (1.04, 1.13, 0.74) (1.00, 0.69, 1.08) #fs:  15  -- #Conts: 91 G(23)  H(8)  A(1)  C(24)  E(35) 
  80934824 4394.53 || noQ Q (Avg,Max,Min) (1.04, 1.13, 0.84) (1.00, 0.69, 1.08) #fs:  12  -- #Conts: 91 G(23)  H(8)  A(1)  C(24)  E(35) 
  82121503 4391.82 || noQ Q (Avg,Max,Min) (1.04, 1.13, 0.84) (1.00, 0.69, 1.08) #fs:  12  -- #Conts: 90 G(23)  H(8)  A(1)  C(24)  E(34) 
  82465963 4389.12 || noQ Q (Avg,Max,Min) (1.04, 1.13, 0.99) (1.00, 0.68, 1.08) #fs:  11  -- #Conts: 90 G(23)  H(8)  A(1)  C(24)  E(34) 
  84107651 4386.76 || noQ Q (Avg,Max,Min) (1.04, 1.15, 0.89) (1.00, 0.56, 1.08) #fs:  13  -- #Conts: 93 G(24)  H(7)  A(10)  C(17)  E(35) 
  84728983 4380.06 || noQ Q (Avg,Max,Min) (1.04, 1.15, 0.99) (1.00, 0.68, 1.08) #fs:  12  -- #Conts: 93 G(25)  H(6)  A(10)  C(17)  E(35) 
  85373060 4371.00 || noQ Q (Avg,Max,Min) (1.04, 1.15, 0.89) (1.00, 0.69, 1.08) #fs:  13  -- #Conts: 92 G(24)  H(6)  A(10)  C(17)  E(35) 
  86987110 4368.29 || noQ Q (Avg,Max,Min) (1.04, 1.20, 0.94) (1.01, 0.89, 1.08) #fs:  15  -- #Conts: 93 G(24)  H(6)  A(10)  C(17)  E(36) 
  88335347 4358.76 || noQ Q (Avg,Max,Min) (1.04, 1.17, 0.99) (1.01, 0.78, 1.08) #fs:  10  -- #Conts: 90 G(23)  H(6)  A(10)  C(17)  E(34) 
  89053724 4356.41 || noQ Q (Avg,Max,Min) (1.04, 1.17, 0.99) (1.00, 0.68, 1.08) #fs:  11  -- #Conts: 91 G(23)  H(6)  A(10)  C(17)  E(35) 
  91728228 4352.65 || noQ Q (Avg,Max,Min) (1.04, 1.13, 0.99) (1.01, 0.89, 1.08) #fs:  12  -- #Conts: 89 G(22)  H(6)  A(10)  C(17)  E(34) 
  92372092 4349.94 || noQ Q (Avg,Max,Min) (1.04, 1.13, 0.99) (1.00, 0.68, 1.08) #fs:  10  -- #Conts: 90 G(22)  H(6)  A(10)  C(17)  E(35) 
  93438115 4347.24 || noQ Q (Avg,Max,Min) (1.04, 1.13, 0.99) (1.01, 0.89, 1.08) #fs:  10  -- #Conts: 89 G(22)  H(6)  A(10)  C(17)  E(34) 
  95376429 4341.00 || noQ Q (Avg,Max,Min) (1.03, 1.12, 0.89) (1.00, 0.69, 1.07) #fs:  31  -- #Conts: 86 G(21)  H(2)  A(13)  C(21)  E(29) 
  95621681 4335.59 || noQ Q (Avg,Max,Min) (1.03, 1.12, 0.86) (1.00, 0.78, 1.07) #fs:  30  -- #Conts: 85 G(21)  H(2)  A(13)  C(21)  E(28) 
  96965108 4330.53 || noQ Q (Avg,Max,Min) (1.03, 1.12, 0.97) (1.00, 0.68, 1.07) #fs:  30  -- #Conts: 86 G(21)  H(2)  A(13)  C(21)  E(29) 
  98494995 4329.76 || noQ Q (Avg,Max,Min) (1.03, 1.12, 0.91) (1.00, 0.69, 1.06) #fs:  29  -- #Conts: 81 G(20)  H(2)  A(9)  C(22)  E(28) 
  98674995 4327.82 || noQ Q (Avg,Max,Min) (1.03, 1.12, 0.97) (1.01, 0.92, 1.07) #fs:  31  -- #Conts: 85 G(21)  H(2)  A(13)  C(21)  E(28) 
 100102897 4327.06 || noQ Q (Avg,Max,Min) (1.03, 1.12, 0.93) (1.00, 0.69, 1.06) #fs:  28  -- #Conts: 81 G(20)  H(2)  A(9)  C(22)  E(28) 
 101059932 4321.00 || noQ Q (Avg,Max,Min) (1.03, 1.12, 0.95) (1.00, 0.68, 1.07) #fs:  29  -- #Conts: 79 G(18)  H(2)  A(7)  C(21)  E(31) 
 101992367 4317.29 || noQ Q (Avg,Max,Min) (1.03, 1.12, 0.95) (1.00, 0.68, 1.07) #fs:  29  -- #Conts: 78 G(18)  H(2)  A(7)  C(21)  E(30) 
 103666254 4314.59 || noQ Q (Avg,Max,Min) (1.03, 1.12, 0.95) (1.01, 0.92, 1.07) #fs:  29  -- #Conts: 77 G(18)  H(2)  A(7)  C(21)  E(29) 
 106051191 4312.71 || noQ Q (Avg,Max,Min) (1.03, 1.12, 0.97) (1.00, 0.68, 1.06) #fs:  27  -- #Conts: 74 G(18)  H(2)  A(6)  C(21)  E(27) 
 107588534 4312.24 || noQ Q (Avg,Max,Min) (1.03, 1.12, 0.95) (1.01, 0.92, 1.07) #fs:  29  -- #Conts: 77 G(17)  H(2)  A(7)  C(21)  E(30) 
 109240628 4310.00 || noQ Q (Avg,Max,Min) (1.03, 1.12, 0.97) (1.01, 0.92, 1.06) #fs:  27  -- #Conts: 73 G(18)  H(2)  A(6)  C(21)  E(26) 
 113162908 4307.65 || noQ Q (Avg,Max,Min) (1.03, 1.12, 0.97) (1.01, 0.92, 1.06) #fs:  27  -- #Conts: 73 G(17)  H(2)  A(6)  C(21)  E(27) 
 118723130 4303.29 || noQ Q (Avg,Max,Min) (1.03, 1.12, 0.98) (1.01, 0.92, 1.06) #fs:  28  -- #Conts: 75 G(15)  H(2)  A(8)  C(21)  E(29) 
 120397017 4300.59 || noQ Q (Avg,Max,Min) (1.03, 1.12, 0.98) (1.01, 0.92, 1.06) #fs:  27  -- #Conts: 75 G(15)  H(2)  A(8)  C(21)  E(29) 
 124319297 4298.24 || noQ Q (Avg,Max,Min) (1.03, 1.12, 0.98) (1.01, 0.92, 1.06) #fs:  27  -- #Conts: 75 G(14)  H(2)  A(8)  C(21)  E(30) 
 126951835 4296.47 || noQ Q (Avg,Max,Min) (1.03, 1.12, 0.98) (1.01, 0.92, 1.06) #fs:  27  -- #Conts: 75 G(15)  H(2)  A(8)  C(21)  E(29) 
 130874115 4294.12 || noQ Q (Avg,Max,Min) (1.03, 1.12, 0.98) (1.01, 0.92, 1.06) #fs:  27  -- #Conts: 75 G(14)  H(2)  A(8)  C(21)  E(30) 
 169412015 4293.24 || noQ Q (Avg,Max,Min) (1.02, 1.09, 1.00) (1.00, 0.69, 1.05) #fs:  11  -- #Conts: 79 G(7)  H(1)  A(24)  C(18)  E(29) 
 170052559 4291.47 || noQ Q (Avg,Max,Min) (1.02, 1.09, 0.91) (1.00, 0.69, 1.05) #fs:   9  -- #Conts: 78 G(7)  H(1)  A(24)  C(18)  E(28) 
 171395986 4283.71 || noQ Q (Avg,Max,Min) (1.02, 1.09, 1.00) (1.00, 0.68, 1.05) #fs:   8  -- #Conts: 78 G(7)  H(1)  A(24)  C(18)  E(28) 
 172192875 4282.29 || noQ Q (Avg,Max,Min) (1.02, 1.09, 1.00) (1.00, 0.68, 1.05) #fs:   8  -- #Conts: 77 G(7)  H(1)  A(24)  C(18)  E(27) 
 173105873 4281.00 || noQ Q (Avg,Max,Min) (1.02, 1.09, 1.00) (1.01, 0.92, 1.05) #fs:   9  -- #Conts: 77 G(7)  H(1)  A(24)  C(18)  E(27) 
 173866762 4279.59 || noQ Q (Avg,Max,Min) (1.02, 1.09, 1.00) (1.01, 0.92, 1.05) #fs:   8  -- #Conts: 76 G(7)  H(1)  A(24)  C(18)  E(26) 
 177028153 4278.65 || noQ Q (Avg,Max,Min) (1.02, 1.09, 1.00) (1.01, 0.95, 1.05) #fs:   9  -- #Conts: 77 G(6)  H(1)  A(24)  C(18)  E(28) 
 177789042 4277.24 || noQ Q (Avg,Max,Min) (1.02, 1.09, 1.00) (1.01, 0.95, 1.05) #fs:   8  -- #Conts: 76 G(6)  H(1)  A(24)  C(18)  E(27) 
 182963826 4273.53 || noQ Q (Avg,Max,Min) (1.02, 1.12, 0.84) (0.99, 0.68, 1.07) #fs:  16  -- #Conts: 85 G(8)  A(31)  C(19)  E(27) 
 184637713 4270.82 || noQ Q (Avg,Max,Min) (1.02, 1.12, 0.84) (1.00, 0.70, 1.07) #fs:  16  -- #Conts: 84 G(8)  A(31)  C(19)  E(26) 
 186575733 4268.41 || noQ Q (Avg,Max,Min) (1.02, 1.12, 0.89) (1.00, 0.69, 1.07) #fs:  13  -- #Conts: 83 G(7)  A(30)  C(19)  E(27) 
 187130650 4263.00 || noQ Q (Avg,Max,Min) (1.02, 1.12, 0.76) (1.00, 0.69, 1.07) #fs:  13  -- #Conts: 81 G(7)  A(30)  C(19)  E(25) 
 188177620 4260.29 || noQ Q (Avg,Max,Min) (1.02, 1.12, 0.99) (1.00, 0.68, 1.07) #fs:  11  -- #Conts: 82 G(7)  A(30)  C(19)  E(26) 
 189435057 4257.59 || noQ Q (Avg,Max,Min) (1.02, 1.12, 0.99) (1.00, 0.68, 1.07) #fs:  11  -- #Conts: 81 G(7)  A(30)  C(19)  E(25) 
 192236444 4254.88 || noQ Q (Avg,Max,Min) (1.02, 1.12, 0.99) (1.01, 0.92, 1.07) #fs:  11  -- #Conts: 80 G(7)  A(30)  C(19)  E(24) 
 193493881 4253.94 || noQ Q (Avg,Max,Min) (1.02, 1.07, 0.94) (1.01, 0.92, 1.05) #fs:  14  -- #Conts: 77 G(4)  A(27)  C(19)  E(27) 
 196158724 4252.53 || noQ Q (Avg,Max,Min) (1.02, 1.12, 0.99) (1.01, 0.93, 1.07) #fs:  11  -- #Conts: 80 G(6)  A(30)  C(19)  E(25) 
 197416161 4251.59 || noQ Q (Avg,Max,Min) (1.02, 1.07, 0.94) (1.01, 0.92, 1.05) #fs:  14  -- #Conts: 77 G(3)  A(27)  C(19)  E(28) 
 197552705 4251.24 || noQ Q (Avg,Max,Min) (1.02, 1.07, 0.98) (1.01, 0.92, 1.05) #fs:  13  -- #Conts: 77 G(4)  A(27)  C(19)  E(27) 
 201474985 4248.88 || noQ Q (Avg,Max,Min) (1.02, 1.07, 0.98) (1.01, 0.92, 1.05) #fs:  13  -- #Conts: 77 G(3)  A(27)  C(19)  E(28) 
 207442513 4247.18 || noQ Q (Avg,Max,Min) (1.02, 1.07, 0.99) (1.00, 0.68, 1.05) #fs:  12  -- #Conts: 80 G(3)  A(28)  C(19)  E(30) 
 211501337 4245.47 || noQ Q (Avg,Max,Min) (1.02, 1.07, 0.99) (1.01, 0.68, 1.05) #fs:  12  -- #Conts: 80 G(3)  A(29)  C(19)  E(29) 
 219582985 4243.76 || noQ Q (Avg,Max,Min) (1.02, 1.07, 0.99) (1.01, 0.98, 1.05) #fs:  12  -- #Conts: 80 G(3)  A(30)  C(19)  E(28) 
 246773316 4242.41 || noQ Q (Avg,Max,Min) (1.02, 1.07, 0.99) (1.01, 0.68, 1.05) #fs:  10  -- #Conts: 76 G(3)  A(29)  C(21)  E(23) 
 256763668 4241.71 || noQ Q (Avg,Max,Min) (1.02, 1.07, 0.99) (1.01, 0.92, 1.05) #fs:  10  -- #Conts: 75 G(3)  A(29)  C(21)  E(22) 
 256799668 4240.71 || noQ Q (Avg,Max,Min) (1.02, 1.07, 0.99) (1.01, 0.99, 1.05) #fs:  10  -- #Conts: 76 G(3)  A(30)  C(21)  E(22) 
/////////////////size: 101
nodes 426 edges 680
 d: 9 b: 4  sumData GB 5315
pareto Lattice time -> 250895.0
moheft Lattice time -> 941648.0
distance from M to C 163.79183871137218
distance from P to C 0.0
distance from C to M 45.48594162306181
distance from C to P 32.916582224081964
toCompare: Lattice sumDataGB: 5315 d: 9 b: 4 paretoOptTime_MS: 250895.0 MoheftOptimizationTime_MS: 941648.0 MtoC 163.79183871137218 PtoC 0.0 CtoM 45.48594162306181 CtoP 32.916582224081964
