specify -Dflow d,b,mt,md,size
Running /home/vaggelis/jc/MONTAGE.n.100.0.dax mt 10000 md: 10000 size null
  28871552 5076.24 || noQ Q (Avg,Max,Min) (1.11, 1.41, 0.69) (0.94, 0.61, 1.25) #fs:  32  -- #Conts: 62 H(62) 
  28878088 5013.18 || noQ Q (Avg,Max,Min) (1.12, 1.83, 0.69) (0.95, 0.61, 1.65) #fs:  31  -- #Conts: 62 H(62) 
  29484480 4950.12 || noQ Q (Avg,Max,Min) (1.13, 2.40, 0.69) (0.96, 0.61, 2.18) #fs:  30  -- #Conts: 63 H(63) 
  29517218 4887.06 || noQ Q (Avg,Max,Min) (1.14, 2.39, 0.69) (0.97, 0.61, 2.18) #fs:  29  -- #Conts: 64 H(64) 
  29529774 4824.00 || noQ Q (Avg,Max,Min) (1.15, 2.39, 0.69) (0.98, 0.61, 2.18) #fs:  28  -- #Conts: 65 H(65) 
  29544821 4792.47 || noQ Q (Avg,Max,Min) (1.14, 1.53, 0.69) (0.99, 0.61, 1.44) #fs:  28  -- #Conts: 65 H(65) 
  29553227 4760.94 || noQ Q (Avg,Max,Min) (1.14, 1.54, 0.70) (0.99, 0.61, 1.44) #fs:  28  -- #Conts: 65 H(65) 
  29565178 4729.41 || noQ Q (Avg,Max,Min) (1.14, 1.53, 0.70) (1.00, 0.61, 1.44) #fs:  28  -- #Conts: 65 H(65) 
  29577425 4697.88 || noQ Q (Avg,Max,Min) (1.13, 1.54, 0.70) (1.00, 0.61, 1.44) #fs:  28  -- #Conts: 65 H(65) 
  29579944 4666.35 || noQ Q (Avg,Max,Min) (1.13, 1.44, 0.70) (1.00, 0.61, 1.44) #fs:  28  -- #Conts: 65 H(65) 
  29580600 4634.82 || noQ Q (Avg,Max,Min) (1.12, 1.54, 0.70) (1.01, 0.61, 1.44) #fs:  28  -- #Conts: 65 H(65) 
  29588862 4603.29 || noQ Q (Avg,Max,Min) (1.12, 1.54, 0.70) (1.01, 0.61, 1.44) #fs:  28  -- #Conts: 65 H(65) 
  29591248 4571.76 || noQ Q (Avg,Max,Min) (1.12, 1.54, 0.70) (1.02, 0.61, 1.44) #fs:  28  -- #Conts: 65 H(65) 
  29599088 4540.24 || noQ Q (Avg,Max,Min) (1.11, 1.54, 0.70) (1.02, 0.61, 1.44) #fs:  28  -- #Conts: 65 H(65) 
  29615307 4508.71 || noQ Q (Avg,Max,Min) (1.11, 1.54, 0.70) (1.03, 0.61, 1.44) #fs:  28  -- #Conts: 65 H(65) 
  29634080 4477.18 || noQ Q (Avg,Max,Min) (1.10, 1.54, 0.70) (1.03, 0.62, 1.44) #fs:  28  -- #Conts: 65 H(65) 
  29666792 4445.65 || noQ Q (Avg,Max,Min) (1.10, 1.53, 0.70) (1.04, 0.62, 1.44) #fs:  28  -- #Conts: 65 H(65) 
  31461280 4382.59 || noQ Q (Avg,Max,Min) (1.22, 2.38, 0.68) (1.01, 0.61, 2.19) #fs:  18  -- #Conts: 73 H(73) 
  31493992 4351.06 || noQ Q (Avg,Max,Min) (1.23, 2.38, 0.68) (1.01, 0.61, 2.19) #fs:  17  -- #Conts: 74 H(74) 
  33167547 4319.53 || noQ Q (Avg,Max,Min) (1.14, 2.39, 0.78) (1.09, 0.70, 2.18) #fs:  26  -- #Conts: 39 H(39) 
  33175953 4288.00 || noQ Q (Avg,Max,Min) (1.15, 2.39, 0.81) (1.09, 0.72, 2.19) #fs:  25  -- #Conts: 40 H(40) 
  33187904 4256.47 || noQ Q (Avg,Max,Min) (1.17, 2.39, 0.81) (1.08, 0.72, 2.19) #fs:  24  -- #Conts: 41 H(41) 
  33200151 4224.94 || noQ Q (Avg,Max,Min) (1.18, 2.38, 0.81) (1.08, 0.72, 2.19) #fs:  23  -- #Conts: 42 H(42) 
  33203285 4193.41 || noQ Q (Avg,Max,Min) (1.19, 2.38, 0.81) (1.08, 0.72, 2.19) #fs:  22  -- #Conts: 43 H(43) 
  33203326 4161.88 || noQ Q (Avg,Max,Min) (1.20, 2.38, 0.81) (1.08, 0.72, 2.19) #fs:  21  -- #Conts: 44 H(44) 
  33211588 4130.35 || noQ Q (Avg,Max,Min) (1.21, 2.38, 0.81) (1.07, 0.72, 2.19) #fs:  20  -- #Conts: 45 H(45) 
  33213974 4098.82 || noQ Q (Avg,Max,Min) (1.22, 2.38, 0.81) (1.07, 0.72, 2.19) #fs:  19  -- #Conts: 46 H(46) 
  33221814 4067.29 || noQ Q (Avg,Max,Min) (1.23, 2.38, 0.81) (1.07, 0.72, 2.19) #fs:  18  -- #Conts: 47 H(47) 
  33238033 4035.76 || noQ Q (Avg,Max,Min) (1.24, 2.38, 0.81) (1.07, 0.72, 2.19) #fs:  17  -- #Conts: 48 H(48) 
  33256806 4004.24 || noQ Q (Avg,Max,Min) (1.25, 2.38, 0.82) (1.07, 0.72, 2.19) #fs:  16  -- #Conts: 49 H(49) 
  33289518 3972.71 || noQ Q (Avg,Max,Min) (1.26, 2.38, 1.06) (1.06, 0.72, 2.19) #fs:  15  -- #Conts: 50 H(50) 
  35128525 3941.18 || noQ Q (Avg,Max,Min) (1.26, 2.38, 1.06) (1.08, 0.72, 2.19) #fs:  15  -- #Conts: 49 H(49) 
  37865226 3878.12 || noQ Q (Avg,Max,Min) (1.25, 2.28, 1.06) (1.08, 0.72, 2.03) #fs:  15  -- #Conts: 47 H(47) 
  38657631 3815.06 || noQ Q (Avg,Max,Min) (1.23, 2.18, 1.06) (1.10, 0.73, 2.04) #fs:  15  -- #Conts: 43 H(43) 
  38675219 3783.53 || noQ Q (Avg,Max,Min) (1.23, 2.18, 1.06) (1.11, 0.74, 2.04) #fs:  15  -- #Conts: 42 H(42) 
  38761702 3752.00 || noQ Q (Avg,Max,Min) (1.22, 2.18, 1.06) (1.13, 0.96, 2.05) #fs:  15  -- #Conts: 41 H(41) 
  41149938 3720.47 || noQ Q (Avg,Max,Min) (1.29, 2.38, 0.90) (1.13, 0.72, 2.19) #fs:   6  -- #Conts: 50 H(50) 
  41182650 3688.94 || noQ Q (Avg,Max,Min) (1.29, 2.38, 1.09) (1.12, 0.72, 2.19) #fs:   5  -- #Conts: 51 H(51) 
  41206067 3657.41 || noQ Q (Avg,Max,Min) (1.30, 2.38, 1.09) (1.13, 0.72, 2.19) #fs:   3  -- #Conts: 51 H(51) 
  44632559 3625.88 || noQ Q (Avg,Max,Min) (1.29, 2.19, 1.09) (1.13, 0.72, 2.03) #fs:   3  -- #Conts: 49 H(49) 
  44727452 3562.82 || noQ Q (Avg,Max,Min) (1.28, 2.18, 1.09) (1.15, 0.73, 2.04) #fs:   3  -- #Conts: 46 H(46) 
  44753417 3531.29 || noQ Q (Avg,Max,Min) (1.27, 2.18, 1.09) (1.17, 0.73, 2.04) #fs:   3  -- #Conts: 45 H(45) 
  44760386 3499.76 || noQ Q (Avg,Max,Min) (1.27, 2.18, 1.09) (1.18, 0.74, 2.04) #fs:   3  -- #Conts: 44 H(44) 
  44839244 3468.24 || noQ Q (Avg,Max,Min) (1.27, 2.18, 1.09) (1.20, 0.96, 2.05) #fs:   3  -- #Conts: 43 H(43) 
  47818080 3452.47 || noQ Q (Avg,Max,Min) (1.12, 1.85, 0.71) (0.96, 0.62, 1.84) #fs:  19  -- #Conts: 73 H(1)  G(72) 
  47823027 3420.94 || noQ Q (Avg,Max,Min) (1.12, 1.85, 0.71) (0.97, 0.69, 1.84) #fs:  20  -- #Conts: 73 G(73) 
  47835687 3389.41 || noQ Q (Avg,Max,Min) (1.12, 1.85, 0.71) (0.97, 0.69, 1.84) #fs:  19  -- #Conts: 74 G(74) 
  47863956 3357.88 || noQ Q (Avg,Max,Min) (1.13, 1.85, 0.71) (0.97, 0.70, 1.85) #fs:  18  -- #Conts: 75 G(75) 
  47897189 3326.35 || noQ Q (Avg,Max,Min) (1.13, 1.85, 0.72) (0.98, 0.71, 1.85) #fs:  17  -- #Conts: 76 G(76) 
  47930902 3310.59 || noQ Q (Avg,Max,Min) (1.16, 1.99, 1.00) (0.99, 0.73, 1.75) #fs:  14  -- #Conts: 66 H(4)  G(62) 
  47950906 3294.82 || noQ Q (Avg,Max,Min) (1.15, 1.99, 1.00) (0.99, 0.73, 1.75) #fs:  15  -- #Conts: 67 H(3)  G(64) 
  47958515 3279.06 || noQ Q (Avg,Max,Min) (1.15, 1.99, 1.00) (1.00, 0.73, 1.75) #fs:  14  -- #Conts: 66 H(3)  G(63) 
  47984139 3263.29 || noQ Q (Avg,Max,Min) (1.15, 1.99, 1.00) (1.00, 0.74, 1.75) #fs:  15  -- #Conts: 67 H(2)  G(65) 
  47991748 3247.53 || noQ Q (Avg,Max,Min) (1.15, 1.99, 1.00) (1.00, 0.74, 1.75) #fs:  14  -- #Conts: 66 H(2)  G(64) 
  48038542 3231.76 || noQ Q (Avg,Max,Min) (1.15, 1.98, 1.00) (1.00, 0.86, 1.75) #fs:  15  -- #Conts: 67 H(1)  G(66) 
  48046151 3216.00 || noQ Q (Avg,Max,Min) (1.15, 1.98, 1.00) (1.01, 0.87, 1.75) #fs:  14  -- #Conts: 66 H(1)  G(65) 
  53683829 3200.24 || noQ Q (Avg,Max,Min) (1.15, 1.85, 1.00) (1.00, 0.74, 1.85) #fs:  15  -- #Conts: 67 H(1)  G(66) 
  53691438 3184.47 || noQ Q (Avg,Max,Min) (1.15, 1.85, 1.00) (1.00, 0.74, 1.85) #fs:  14  -- #Conts: 66 H(1)  G(65) 
  53745841 3168.71 || noQ Q (Avg,Max,Min) (1.15, 1.85, 1.00) (1.00, 0.87, 1.58) #fs:  14  -- #Conts: 66 G(66) 
  53804400 3137.18 || noQ Q (Avg,Max,Min) (1.14, 1.34, 1.00) (1.01, 0.87, 1.33) #fs:  15  -- #Conts: 65 G(65) 
  60601139 3121.41 || noQ Q (Avg,Max,Min) (1.14, 1.32, 0.99) (1.01, 0.95, 1.31) #fs:  12  -- #Conts: 62 G(62) 
  66348213 3030.35 || noQ Q (Avg,Max,Min) (1.13, 1.36, 0.99) (1.03, 0.95, 1.34) #fs:   8  -- #Conts: 54 G(38)  E(16) 
  67842463 3009.88 || noQ Q (Avg,Max,Min) (1.13, 1.28, 0.99) (1.03, 0.96, 1.27) #fs:   8  -- #Conts: 54 G(37)  E(17) 
  89635021 2995.29 || noQ Q (Avg,Max,Min) (1.18, 1.36, 0.98) (1.05, 0.96, 1.34) #fs:   5  -- #Conts: 38 G(38) 
  89768104 2979.53 || noQ Q (Avg,Max,Min) (1.18, 1.36, 0.98) (1.05, 0.96, 1.34) #fs:   4  -- #Conts: 38 G(38) 
 102837087 2964.00 || noQ Q (Avg,Max,Min) (1.05, 1.39, 0.47) (1.01, 0.46, 1.39) #fs:   4  -- #Conts: 85 E(85) 
 102901673 2890.24 || noQ Q (Avg,Max,Min) (1.05, 1.39, 0.48) (1.02, 0.46, 1.39) #fs:   3  -- #Conts: 86 E(86) 
 102978487 2816.47 || noQ Q (Avg,Max,Min) (1.06, 1.39, 0.48) (1.02, 0.47, 1.39) #fs:   2  -- #Conts: 87 E(87) 
 103098261 2749.41 || noQ Q (Avg,Max,Min) (1.07, 1.39, 1.03) (1.03, 0.93, 1.29) #fs:   1  -- #Conts: 88 E(88) 
 115721402 2736.00 || noQ Q (Avg,Max,Min) (1.07, 1.39, 1.03) (1.03, 0.99, 1.29) #fs:   1  -- #Conts: 87 E(87) 
/////////////////size: 70
  32916446 4272.24 || noQ Q (Avg,Max,Min) (1.12, 1.45, 0.69) (1.05, 0.67, 1.44) #fs:  18  -- #Conts: 77 H(61)  G(16) 
  32941467 4209.18 || noQ Q (Avg,Max,Min) (1.13, 2.36, 0.69) (1.06, 0.67, 2.18) #fs:  17  -- #Conts: 78 H(62)  G(16) 
  32982605 4193.41 || noQ Q (Avg,Max,Min) (1.15, 1.78, 0.69) (1.05, 0.61, 1.66) #fs:  13  -- #Conts: 82 H(66)  G(16) 
  33646174 4130.35 || noQ Q (Avg,Max,Min) (1.25, 1.73, 1.06) (1.01, 0.61, 1.66) #fs:   2  -- #Conts: 91 H(75)  G(16) 
  33782575 4114.59 || noQ Q (Avg,Max,Min) (1.25, 2.37, 1.05) (1.02, 0.61, 2.19) #fs:   2  -- #Conts: 90 H(74)  G(16) 
  33890642 4098.82 || noQ Q (Avg,Max,Min) (1.25, 2.37, 1.05) (1.02, 0.61, 2.19) #fs:   2  -- #Conts: 89 H(73)  G(16) 
  35245032 4067.29 || noQ Q (Avg,Max,Min) (1.24, 1.62, 1.01) (1.01, 0.61, 1.45) #fs:  13  -- #Conts: 80 H(64)  G(16) 
  35265549 4004.24 || noQ Q (Avg,Max,Min) (1.23, 1.62, 1.01) (1.03, 0.61, 1.45) #fs:  14  -- #Conts: 79 H(63)  G(16) 
  35332507 3956.94 || noQ Q (Avg,Max,Min) (1.23, 2.37, 0.95) (1.02, 0.61, 2.19) #fs:  17  -- #Conts: 77 H(55)  G(22) 
  35418404 3925.41 || noQ Q (Avg,Max,Min) (1.22, 2.37, 0.95) (1.00, 0.61, 2.19) #fs:  17  -- #Conts: 77 H(47)  G(30) 
  35474680 3893.88 || noQ Q (Avg,Max,Min) (1.20, 2.37, 0.94) (0.96, 0.61, 2.19) #fs:  17  -- #Conts: 77 H(32)  G(45) 
  35491143 3862.35 || noQ Q (Avg,Max,Min) (1.18, 1.61, 0.98) (0.94, 0.62, 1.45) #fs:  17  -- #Conts: 77 H(25)  G(52) 
  35498013 3830.82 || noQ Q (Avg,Max,Min) (1.19, 2.37, 0.94) (0.95, 0.62, 2.19) #fs:  17  -- #Conts: 77 H(25)  G(52) 
  35512846 3799.29 || noQ Q (Avg,Max,Min) (1.19, 2.37, 0.94) (0.95, 0.62, 2.19) #fs:  17  -- #Conts: 77 H(23)  G(54) 
  35528664 3767.76 || noQ Q (Avg,Max,Min) (1.18, 2.37, 0.94) (0.96, 0.62, 2.19) #fs:  17  -- #Conts: 77 H(22)  G(55) 
  35561334 3736.24 || noQ Q (Avg,Max,Min) (1.18, 2.37, 0.94) (0.95, 0.62, 2.19) #fs:  17  -- #Conts: 77 H(18)  G(59) 
  36449083 3704.71 || noQ Q (Avg,Max,Min) (1.18, 2.37, 0.98) (0.95, 0.62, 2.19) #fs:  16  -- #Conts: 76 H(18)  G(58) 
  36487319 3673.18 || noQ Q (Avg,Max,Min) (1.18, 2.37, 0.98) (0.96, 0.72, 2.19) #fs:  17  -- #Conts: 75 H(18)  G(57) 
  38191628 3641.65 || noQ Q (Avg,Max,Min) (1.15, 2.10, 0.79) (0.97, 0.73, 1.75) #fs:  21  -- #Conts: 71 H(14)  G(57) 
  38198021 3625.88 || noQ Q (Avg,Max,Min) (1.15, 2.10, 0.79) (0.97, 0.73, 1.75) #fs:  22  -- #Conts: 70 H(13)  G(57) 
  38203859 3610.12 || noQ Q (Avg,Max,Min) (1.14, 2.10, 0.79) (0.97, 0.73, 1.75) #fs:  23  -- #Conts: 69 H(12)  G(57) 
  38210126 3594.35 || noQ Q (Avg,Max,Min) (1.13, 2.10, 0.79) (0.97, 0.73, 1.75) #fs:  24  -- #Conts: 68 H(11)  G(57) 
  38222667 3578.59 || noQ Q (Avg,Max,Min) (1.12, 2.10, 0.79) (0.98, 0.73, 1.75) #fs:  25  -- #Conts: 67 H(10)  G(57) 
  38338638 3531.29 || noQ Q (Avg,Max,Min) (1.12, 3.29, 0.78) (0.99, 0.78, 2.43) #fs:  27  -- #Conts: 65 H(8)  G(57) 
  38940782 3515.53 || noQ Q (Avg,Max,Min) (1.12, 3.29, 0.78) (0.97, 0.78, 2.43) #fs:  26  -- #Conts: 66 H(4)  G(62) 
  38962373 3499.76 || noQ Q (Avg,Max,Min) (1.12, 3.29, 0.78) (0.97, 0.78, 2.43) #fs:  25  -- #Conts: 67 H(4)  G(63) 
  38984260 3484.00 || noQ Q (Avg,Max,Min) (1.13, 3.29, 0.78) (0.98, 0.78, 2.43) #fs:  24  -- #Conts: 68 H(4)  G(64) 
  38987435 3468.24 || noQ Q (Avg,Max,Min) (1.13, 3.29, 0.78) (0.98, 0.78, 2.43) #fs:  23  -- #Conts: 69 H(4)  G(65) 
  38989804 3452.47 || noQ Q (Avg,Max,Min) (1.14, 3.29, 0.78) (0.98, 0.78, 2.43) #fs:  22  -- #Conts: 70 H(4)  G(66) 
  39000517 3436.71 || noQ Q (Avg,Max,Min) (1.14, 3.29, 0.78) (0.98, 0.78, 2.43) #fs:  21  -- #Conts: 71 H(4)  G(67) 
  39005313 3420.94 || noQ Q (Avg,Max,Min) (1.15, 3.29, 0.78) (0.99, 0.78, 2.43) #fs:  20  -- #Conts: 72 H(4)  G(68) 
  39018629 3405.18 || noQ Q (Avg,Max,Min) (1.15, 3.29, 0.78) (0.99, 0.78, 2.43) #fs:  19  -- #Conts: 73 H(4)  G(69) 
  39046242 3389.41 || noQ Q (Avg,Max,Min) (1.15, 3.29, 0.78) (0.99, 0.78, 2.43) #fs:  18  -- #Conts: 74 H(4)  G(70) 
  39079475 3373.65 || noQ Q (Avg,Max,Min) (1.16, 3.29, 0.79) (0.99, 0.79, 2.43) #fs:  17  -- #Conts: 75 H(4)  G(71) 
  39133878 3357.88 || noQ Q (Avg,Max,Min) (1.16, 3.29, 0.98) (1.00, 0.86, 2.43) #fs:  16  -- #Conts: 76 H(4)  G(72) 
  40407523 3342.12 || noQ Q (Avg,Max,Min) (1.17, 3.82, 0.98) (1.01, 0.86, 3.29) #fs:  16  -- #Conts: 77 H(4)  G(73) 
  44242641 3339.76 || noQ Q (Avg,Max,Min) (1.17, 3.82, 0.98) (1.01, 0.86, 3.29) #fs:  16  -- #Conts: 77 H(4)  G(72)  E(1) 
  45801606 3238.35 || noQ Q (Avg,Max,Min) (1.15, 3.29, 0.88) (1.01, 0.87, 2.43) #fs:   9  -- #Conts: 74 H(3)  G(59)  E(12) 
  45829219 3222.59 || noQ Q (Avg,Max,Min) (1.16, 3.29, 0.88) (1.01, 0.87, 2.43) #fs:   8  -- #Conts: 75 H(3)  G(60)  E(12) 
  45862452 3206.82 || noQ Q (Avg,Max,Min) (1.16, 3.29, 0.88) (1.02, 0.87, 2.43) #fs:   7  -- #Conts: 76 H(3)  G(61)  E(12) 
  45903625 3202.12 || noQ Q (Avg,Max,Min) (1.16, 3.29, 0.88) (1.01, 0.87, 2.43) #fs:   6  -- #Conts: 77 H(2)  G(62)  E(13) 
  45913850 3192.71 || noQ Q (Avg,Max,Min) (1.16, 3.29, 0.88) (1.01, 0.87, 2.43) #fs:   8  -- #Conts: 76 H(2)  G(59)  E(15) 
  45916855 3191.06 || noQ Q (Avg,Max,Min) (1.16, 3.29, 1.01) (1.02, 0.93, 2.43) #fs:   6  -- #Conts: 77 H(3)  G(62)  E(12) 
  45958028 3186.35 || noQ Q (Avg,Max,Min) (1.16, 3.29, 1.01) (1.01, 0.93, 2.43) #fs:   5  -- #Conts: 78 H(2)  G(63)  E(13) 
  45968253 3176.94 || noQ Q (Avg,Max,Min) (1.16, 3.29, 1.01) (1.02, 0.93, 2.43) #fs:   7  -- #Conts: 77 H(2)  G(60)  E(15) 
  47190500 3175.29 || noQ Q (Avg,Max,Min) (1.17, 3.82, 1.01) (1.03, 0.93, 3.29) #fs:   6  -- #Conts: 78 H(3)  G(63)  E(12) 
  47231673 3170.59 || noQ Q (Avg,Max,Min) (1.17, 3.82, 1.01) (1.03, 0.93, 3.29) #fs:   5  -- #Conts: 79 H(2)  G(64)  E(13) 
  47241898 3161.18 || noQ Q (Avg,Max,Min) (1.17, 3.82, 1.01) (1.03, 0.93, 3.29) #fs:   7  -- #Conts: 78 H(2)  G(61)  E(15) 
  48202444 3160.12 || noQ Q (Avg,Max,Min) (1.16, 3.29, 1.04) (1.01, 0.87, 2.43) #fs:   0  -- #Conts: 95 H(4)  G(75)  E(16) 
  49476089 3144.35 || noQ Q (Avg,Max,Min) (1.17, 3.82, 1.04) (1.02, 0.87, 3.29) #fs:   0  -- #Conts: 96 H(4)  G(76)  E(16) 
  53311207 3142.00 || noQ Q (Avg,Max,Min) (1.17, 3.82, 1.04) (1.02, 0.87, 3.29) #fs:   0  -- #Conts: 96 H(4)  G(75)  E(17) 
  53510974 3128.59 || noQ Q (Avg,Max,Min) (1.17, 3.82, 1.03) (1.02, 0.87, 3.29) #fs:   2  -- #Conts: 94 H(3)  G(75)  E(16) 
  55630224 3112.12 || noQ Q (Avg,Max,Min) (1.12, 1.99, 1.02) (1.01, 0.73, 1.75) #fs:   2  -- #Conts: 85 H(5)  G(30)  E(50) 
  55643540 3080.59 || noQ Q (Avg,Max,Min) (1.12, 1.99, 1.02) (1.01, 0.73, 1.75) #fs:   2  -- #Conts: 85 H(4)  G(31)  E(50) 
  55671809 3049.06 || noQ Q (Avg,Max,Min) (1.12, 1.99, 1.02) (1.02, 0.73, 1.75) #fs:   2  -- #Conts: 85 H(3)  G(32)  E(50) 
  55705042 3017.53 || noQ Q (Avg,Max,Min) (1.12, 1.99, 1.02) (1.02, 0.93, 1.75) #fs:   2  -- #Conts: 85 H(2)  G(33)  E(50) 
  55741459 3008.12 || noQ Q (Avg,Max,Min) (1.11, 1.99, 1.02) (1.02, 0.93, 1.75) #fs:   2  -- #Conts: 88 H(2)  G(33)  E(53) 
  55743613 3003.41 || noQ Q (Avg,Max,Min) (1.11, 1.99, 1.02) (1.02, 0.93, 1.75) #fs:   2  -- #Conts: 88 H(2)  G(33)  E(53) 
  55759445 2986.00 || noQ Q (Avg,Max,Min) (1.13, 3.29, 1.02) (1.03, 0.93, 2.43) #fs:   1  -- #Conts: 86 H(2)  G(34)  E(50) 
  55795862 2976.59 || noQ Q (Avg,Max,Min) (1.13, 3.29, 1.02) (1.03, 0.93, 2.43) #fs:   1  -- #Conts: 89 H(2)  G(34)  E(53) 
  55798016 2971.88 || noQ Q (Avg,Max,Min) (1.13, 3.29, 1.02) (1.03, 0.93, 2.43) #fs:   1  -- #Conts: 89 H(2)  G(34)  E(53) 
  55847594 2967.18 || noQ Q (Avg,Max,Min) (1.13, 3.29, 1.02) (1.03, 0.93, 2.43) #fs:   1  -- #Conts: 91 H(2)  G(34)  E(55) 
  55877404 2962.47 || noQ Q (Avg,Max,Min) (1.13, 3.29, 1.02) (1.03, 0.93, 2.43) #fs:   1  -- #Conts: 91 H(2)  G(34)  E(55) 
  55932895 2957.76 || noQ Q (Avg,Max,Min) (1.13, 3.29, 1.02) (1.03, 0.93, 2.43) #fs:   1  -- #Conts: 93 H(2)  G(34)  E(57) 
  57071661 2956.12 || noQ Q (Avg,Max,Min) (1.14, 3.82, 1.02) (1.04, 0.93, 3.29) #fs:   1  -- #Conts: 90 H(2)  G(35)  E(53) 
  57121239 2951.41 || noQ Q (Avg,Max,Min) (1.14, 3.82, 1.02) (1.04, 0.93, 3.29) #fs:   1  -- #Conts: 92 H(2)  G(35)  E(55) 
  57151049 2946.71 || noQ Q (Avg,Max,Min) (1.14, 3.82, 1.02) (1.04, 0.93, 3.29) #fs:   1  -- #Conts: 92 H(2)  G(35)  E(55) 
  57206540 2942.00 || noQ Q (Avg,Max,Min) (1.13, 3.82, 1.02) (1.04, 0.93, 3.29) #fs:   1  -- #Conts: 94 H(2)  G(35)  E(57) 
  58714253 2928.59 || noQ Q (Avg,Max,Min) (1.11, 1.99, 1.03) (1.05, 0.98, 1.75) #fs:   2  -- #Conts: 89 H(8)  G(14)  E(66)  C(1) 
  58768656 2897.06 || noQ Q (Avg,Max,Min) (1.13, 3.29, 1.03) (1.06, 0.98, 2.43) #fs:   1  -- #Conts: 90 H(8)  G(15)  E(66)  C(1) 
  60042301 2881.29 || noQ Q (Avg,Max,Min) (1.13, 3.82, 1.03) (1.07, 0.98, 3.29) #fs:   1  -- #Conts: 91 H(8)  G(16)  E(66)  C(1) 
  63877419 2878.94 || noQ Q (Avg,Max,Min) (1.13, 3.82, 1.03) (1.07, 0.98, 3.29) #fs:   1  -- #Conts: 91 H(8)  G(15)  E(67)  C(1) 
  64086430 2865.53 || noQ Q (Avg,Max,Min) (1.13, 3.82, 1.00) (1.07, 0.98, 3.29) #fs:   1  -- #Conts: 91 H(8)  G(16)  E(66)  C(1) 
  67936303 2863.18 || noQ Q (Avg,Max,Min) (1.13, 3.82, 1.03) (1.07, 0.98, 3.29) #fs:   0  -- #Conts: 92 H(8)  G(16)  E(67)  C(1) 
  70230376 2862.47 || noQ Q (Avg,Max,Min) (1.13, 3.82, 1.01) (1.06, 0.98, 3.29) #fs:   1  -- #Conts: 87 H(5)  G(16)  E(65)  C(1) 
  70260186 2857.76 || noQ Q (Avg,Max,Min) (1.13, 3.82, 1.01) (1.06, 0.98, 3.29) #fs:   1  -- #Conts: 87 H(4)  G(16)  E(66)  C(1) 
  70315677 2853.06 || noQ Q (Avg,Max,Min) (1.13, 3.82, 1.01) (1.06, 0.98, 3.29) #fs:   1  -- #Conts: 87 H(3)  G(16)  E(67)  C(1) 
  70345479 2848.35 || noQ Q (Avg,Max,Min) (1.12, 3.82, 1.00) (1.06, 0.98, 3.29) #fs:   1  -- #Conts: 86 H(2)  G(16)  E(67)  C(1) 
  74180597 2846.00 || noQ Q (Avg,Max,Min) (1.12, 3.82, 1.00) (1.06, 0.98, 3.29) #fs:   1  -- #Conts: 86 H(2)  G(15)  E(68)  C(1) 
  74304195 2842.00 || noQ Q (Avg,Max,Min) (1.13, 3.82, 1.00) (1.06, 0.98, 3.29) #fs:   2  -- #Conts: 86 H(3)  G(16)  E(66)  C(1) 
  74359686 2837.29 || noQ Q (Avg,Max,Min) (1.12, 3.82, 1.00) (1.06, 0.98, 3.29) #fs:   2  -- #Conts: 86 H(2)  G(16)  E(67)  C(1) 
  74389488 2832.59 || noQ Q (Avg,Max,Min) (1.12, 3.82, 1.00) (1.06, 0.98, 3.29) #fs:   2  -- #Conts: 85 H(1)  G(16)  E(67)  C(1) 
  78008512 2830.24 || noQ Q (Avg,Max,Min) (1.12, 3.82, 1.00) (1.06, 0.98, 3.29) #fs:   2  -- #Conts: 86 H(1)  G(17)  E(67)  C(1) 
  78580378 2830.12 || noQ Q (Avg,Max,Min) (1.13, 3.82, 1.00) (1.06, 1.00, 3.29) #fs:   1  -- #Conts: 78 H(1)  G(16)  E(61) 
  80652392 2829.53 || noQ Q (Avg,Max,Min) (1.11, 3.29, 1.00) (1.04, 0.98, 2.43) #fs:   1  -- #Conts: 85 H(1)  G(12)  E(71)  C(1) 
  80680146 2824.82 || noQ Q (Avg,Max,Min) (1.11, 3.29, 1.00) (1.04, 0.98, 2.43) #fs:   1  -- #Conts: 85 H(1)  G(11)  E(72)  C(1) 
  80730790 2820.12 || noQ Q (Avg,Max,Min) (1.11, 3.29, 1.00) (1.04, 0.98, 2.43) #fs:   1  -- #Conts: 85 H(1)  G(10)  E(73)  C(1) 
  80781732 2815.41 || noQ Q (Avg,Max,Min) (1.10, 3.29, 1.00) (1.04, 0.98, 2.43) #fs:   1  -- #Conts: 84 H(1)  G(8)  E(74)  C(1) 
  80784907 2810.71 || noQ Q (Avg,Max,Min) (1.10, 3.29, 1.00) (1.04, 0.98, 2.43) #fs:   1  -- #Conts: 85 H(1)  G(8)  E(75)  C(1) 
  80794539 2806.00 || noQ Q (Avg,Max,Min) (1.10, 3.29, 1.00) (1.04, 0.98, 2.43) #fs:   1  -- #Conts: 85 H(1)  G(7)  E(76)  C(1) 
  80812515 2801.29 || noQ Q (Avg,Max,Min) (1.10, 3.29, 1.00) (1.04, 0.98, 2.43) #fs:   1  -- #Conts: 85 H(1)  G(6)  E(77)  C(1) 
  80824575 2796.59 || noQ Q (Avg,Max,Min) (1.10, 3.29, 1.00) (1.04, 0.98, 2.43) #fs:   1  -- #Conts: 85 H(1)  G(5)  E(78)  C(1) 
  80852418 2791.88 || noQ Q (Avg,Max,Min) (1.10, 3.29, 1.00) (1.04, 0.98, 2.43) #fs:   1  -- #Conts: 85 H(1)  G(4)  E(79)  C(1) 
  82068184 2790.24 || noQ Q (Avg,Max,Min) (1.11, 3.82, 1.00) (1.06, 0.98, 3.29) #fs:   1  -- #Conts: 86 H(1)  G(8)  E(76)  C(1) 
  82086160 2785.53 || noQ Q (Avg,Max,Min) (1.11, 3.82, 1.00) (1.06, 0.98, 3.29) #fs:   1  -- #Conts: 86 H(1)  G(7)  E(77)  C(1) 
  82098220 2780.82 || noQ Q (Avg,Max,Min) (1.11, 3.82, 1.00) (1.06, 0.98, 3.29) #fs:   1  -- #Conts: 86 H(1)  G(6)  E(78)  C(1) 
  82126063 2776.12 || noQ Q (Avg,Max,Min) (1.10, 3.82, 1.00) (1.06, 0.98, 3.29) #fs:   1  -- #Conts: 86 H(1)  G(5)  E(79)  C(1) 
  84717205 2775.41 || noQ Q (Avg,Max,Min) (1.09, 3.29, 1.00) (1.05, 0.98, 2.43) #fs:   2  -- #Conts: 85 H(1)  G(1)  E(82)  C(1) 
  85303826 2775.29 || noQ Q (Avg,Max,Min) (1.10, 3.29, 1.03) (1.05, 0.98, 2.43) #fs:   0  -- #Conts: 78 H(1)  G(1)  E(76) 
  85730332 2773.76 || noQ Q (Avg,Max,Min) (1.10, 3.82, 1.00) (1.06, 0.98, 3.29) #fs:   2  -- #Conts: 86 H(1)  G(5)  E(79)  C(1) 
  85794262 2769.06 || noQ Q (Avg,Max,Min) (1.10, 3.82, 1.00) (1.06, 0.98, 3.29) #fs:   2  -- #Conts: 86 H(1)  G(4)  E(80)  C(1) 
  85871076 2764.35 || noQ Q (Avg,Max,Min) (1.10, 3.82, 1.00) (1.06, 0.98, 3.29) #fs:   2  -- #Conts: 86 H(1)  G(3)  E(81)  C(1) 
  85990850 2759.65 || noQ Q (Avg,Max,Min) (1.10, 3.82, 1.00) (1.06, 0.98, 3.29) #fs:   2  -- #Conts: 86 H(1)  G(2)  E(82)  C(1) 
  86577471 2759.53 || noQ Q (Avg,Max,Min) (1.10, 3.82, 1.03) (1.06, 0.98, 3.29) #fs:   0  -- #Conts: 79 H(1)  G(2)  E(76) 
  89825968 2757.29 || noQ Q (Avg,Max,Min) (1.10, 3.82, 1.00) (1.06, 0.98, 3.29) #fs:   2  -- #Conts: 86 H(1)  G(1)  E(83)  C(1) 
  90155911 2757.18 || noQ Q (Avg,Max,Min) (1.10, 3.82, 1.03) (1.06, 0.99, 3.29) #fs:   0  -- #Conts: 79 H(1)  G(2)  E(76) 
  93991029 2754.82 || noQ Q (Avg,Max,Min) (1.10, 3.82, 1.03) (1.06, 0.99, 3.29) #fs:   0  -- #Conts: 79 H(1)  G(1)  E(77) 
  94610347 2750.24 || noQ Q (Avg,Max,Min) (1.10, 3.82, 1.00) (1.06, 0.98, 3.29) #fs:   2  -- #Conts: 85 H(1)  G(1)  E(82)  C(1) 
  98445465 2747.88 || noQ Q (Avg,Max,Min) (1.10, 3.82, 1.00) (1.06, 0.98, 3.29) #fs:   2  -- #Conts: 85 H(1)  E(83)  C(1) 
 111686242 2743.18 || noQ Q (Avg,Max,Min) (1.08, 1.81, 1.00) (1.03, 0.40, 1.80) #fs:   2  -- #Conts: 86 G(2)  E(83)  C(1) 
 112380563 2734.12 || noQ Q (Avg,Max,Min) (1.08, 1.73, 1.00) (1.04, 0.98, 1.64) #fs:   2  -- #Conts: 85 G(1)  E(83)  C(1) 
 116214525 2731.76 || noQ Q (Avg,Max,Min) (1.07, 1.59, 1.00) (1.04, 0.98, 1.52) #fs:   2  -- #Conts: 84 E(83)  C(1) 
 133420832 2731.06 || noQ Q (Avg,Max,Min) (1.07, 1.64, 1.00) (1.03, 0.90, 1.62) #fs:   2  -- #Conts: 85 A(1)  E(83)  C(1) 
/////////////////size: 113
nodes 100 edges 234
 mulT: 10000 mulD: 10000  sumData GB 18485
pareto /MONTAGE.n.100.0.dax time -> 24431.0
moheft /MONTAGE.n.100.0.dax time -> 25685.0
distance from M to C 1.5622071837584588
distance from P to C 25.262962029607387
distance from C to M 35.59549018160293
distance from C to P 26.85247729204041
toCompare: /MONTAGE.n.100.0.dax sumDataGB: 18485 mulT: 10000 mulD: 10000 paretoOptTime_MS: 24431.0 MoheftOptimizationTime_MS: 25685.0 MtoC 1.5622071837584588 PtoC 25.262962029607387 CtoM 35.59549018160293 CtoP 26.85247729204041
