specify -Dflow d,b,mt,md,size
Running /home/vaggelis/jc/MONTAGE.n.100.0.dax mt 10000 md: 1000 size null
  25956795 4445.65 || noQ Q (Avg,Max,Min) (0.96, 1.04, 0.67) (0.83, 0.51, 1.04) #fs:  25  -- #Conts: 65 H(65) 
  29259281 4382.59 || noQ Q (Avg,Max,Min) (1.01, 1.16, 0.58) (0.81, 0.51, 1.04) #fs:  16  -- #Conts: 73 H(73) 
  29289898 4351.06 || noQ Q (Avg,Max,Min) (1.02, 1.15, 0.74) (0.81, 0.51, 1.04) #fs:  15  -- #Conts: 74 H(74) 
  29417487 4288.00 || noQ Q (Avg,Max,Min) (0.93, 1.02, 0.57) (0.86, 0.51, 1.02) #fs:  28  -- #Conts: 47 H(47) 
  29451865 4035.76 || noQ Q (Avg,Max,Min) (0.95, 1.04, 0.57) (0.92, 0.52, 1.04) #fs:  25  -- #Conts: 48 H(48) 
  29531389 4004.24 || noQ Q (Avg,Max,Min) (0.95, 1.04, 0.73) (0.92, 0.52, 1.04) #fs:  25  -- #Conts: 48 H(48) 
  32896815 3941.18 || noQ Q (Avg,Max,Min) (1.03, 1.15, 1.00) (0.85, 0.52, 1.04) #fs:  13  -- #Conts: 49 H(49) 
  33805212 3909.65 || noQ Q (Avg,Max,Min) (1.02, 1.15, 0.90) (0.87, 0.51, 1.04) #fs:   5  -- #Conts: 63 H(63) 
  33882803 3878.12 || noQ Q (Avg,Max,Min) (1.03, 1.15, 0.90) (0.88, 0.51, 1.04) #fs:   3  -- #Conts: 62 H(62) 
  33921647 3846.59 || noQ Q (Avg,Max,Min) (1.03, 1.15, 1.01) (0.88, 0.51, 1.04) #fs:   1  -- #Conts: 61 H(61) 
  33970585 3815.06 || noQ Q (Avg,Max,Min) (1.02, 1.16, 0.79) (0.89, 0.52, 1.04) #fs:   3  -- #Conts: 54 H(54) 
  34001202 3783.53 || noQ Q (Avg,Max,Min) (1.03, 1.15, 0.90) (0.89, 0.52, 1.04) #fs:   2  -- #Conts: 55 H(55) 
  34065323 3752.00 || noQ Q (Avg,Max,Min) (1.03, 1.16, 0.79) (0.90, 0.52, 1.04) #fs:   2  -- #Conts: 52 H(52) 
  34095940 3720.47 || noQ Q (Avg,Max,Min) (1.03, 1.15, 1.01) (0.90, 0.52, 1.04) #fs:   1  -- #Conts: 53 H(53) 
  37443184 3688.94 || noQ Q (Avg,Max,Min) (1.03, 1.06, 1.01) (0.90, 0.52, 1.04) #fs:   0  -- #Conts: 52 H(52) 
  37569402 3657.41 || noQ Q (Avg,Max,Min) (1.03, 1.06, 1.01) (0.91, 0.53, 1.04) #fs:   1  -- #Conts: 51 H(51) 
  37616882 3625.88 || noQ Q (Avg,Max,Min) (1.03, 1.13, 1.01) (0.92, 0.53, 1.04) #fs:   1  -- #Conts: 48 H(48) 
  37644193 3594.35 || noQ Q (Avg,Max,Min) (1.03, 1.13, 1.01) (0.94, 0.53, 1.04) #fs:   1  -- #Conts: 47 H(47) 
  37671184 3562.82 || noQ Q (Avg,Max,Min) (1.03, 1.13, 1.01) (0.95, 0.54, 1.04) #fs:   1  -- #Conts: 46 H(46) 
  37743693 3531.29 || noQ Q (Avg,Max,Min) (1.03, 1.13, 1.01) (0.96, 0.70, 1.04) #fs:   0  -- #Conts: 45 H(45) 
  41244751 3499.76 || noQ Q (Avg,Max,Min) (1.03, 1.12, 1.01) (0.97, 0.70, 1.04) #fs:   0  -- #Conts: 44 H(44) 
  44256054 3216.00 || noQ Q (Avg,Max,Min) (1.00, 1.03, 0.67) (0.88, 0.63, 0.98) #fs:  12  -- #Conts: 74 G(74) 
  44273053 3168.71 || noQ Q (Avg,Max,Min) (1.01, 1.09, 0.67) (0.88, 0.63, 1.02) #fs:  11  -- #Conts: 75 G(75) 
  44283270 3121.41 || noQ Q (Avg,Max,Min) (1.01, 1.09, 0.68) (0.89, 0.64, 1.02) #fs:  10  -- #Conts: 76 G(76) 
  44335578 3074.12 || noQ Q (Avg,Max,Min) (1.01, 1.09, 1.00) (0.89, 0.85, 1.02) #fs:   9  -- #Conts: 77 G(77) 
  50071128 3058.35 || noQ Q (Avg,Max,Min) (1.01, 1.05, 1.00) (0.89, 0.85, 1.02) #fs:   8  -- #Conts: 76 G(76) 
  82268327 2815.18 || noQ Q (Avg,Max,Min) (1.00, 1.01, 0.67) (0.96, 0.64, 1.00) #fs:   7  -- #Conts: 76 G(1)  E(75) 
  82309061 2768.24 || noQ Q (Avg,Max,Min) (1.00, 1.01, 0.78) (0.97, 0.77, 1.01) #fs:   6  -- #Conts: 77 G(1)  E(76) 
  99487194 2729.29 || noQ Q (Avg,Max,Min) (1.01, 1.04, 1.00) (0.97, 0.95, 1.01) #fs:   6  -- #Conts: 77 E(77) 
/////////////////size: 29
  29300360 4240.71 || noQ Q (Avg,Max,Min) (0.96, 1.04, 0.56) (0.87, 0.51, 1.04) #fs:  17  -- #Conts: 77 H(61)  G(16) 
  29348869 4193.41 || noQ Q (Avg,Max,Min) (0.96, 1.09, 0.57) (0.86, 0.51, 1.07) #fs:  12  -- #Conts: 82 H(66)  G(16) 
  29350917 4161.88 || noQ Q (Avg,Max,Min) (0.96, 1.09, 0.56) (0.87, 0.51, 1.07) #fs:  13  -- #Conts: 82 H(66)  G(16) 
  31446079 4130.35 || noQ Q (Avg,Max,Min) (1.02, 1.04, 0.98) (0.83, 0.51, 1.04) #fs:   2  -- #Conts: 91 H(75)  G(16) 
  31513715 4114.59 || noQ Q (Avg,Max,Min) (1.02, 1.04, 0.99) (0.83, 0.51, 1.04) #fs:   3  -- #Conts: 90 H(74)  G(16) 
  31531859 4098.82 || noQ Q (Avg,Max,Min) (1.02, 1.04, 0.98) (0.83, 0.51, 1.04) #fs:   4  -- #Conts: 89 H(73)  G(16) 
  31573598 4083.06 || noQ Q (Avg,Max,Min) (1.02, 1.04, 0.98) (0.84, 0.51, 1.04) #fs:   4  -- #Conts: 88 H(72)  G(16) 
  31579935 4067.29 || noQ Q (Avg,Max,Min) (1.02, 1.04, 0.98) (0.84, 0.51, 1.04) #fs:   2  -- #Conts: 87 H(71)  G(16) 
  31583979 4051.53 || noQ Q (Avg,Max,Min) (1.02, 1.04, 0.98) (0.84, 0.51, 1.04) #fs:   2  -- #Conts: 86 H(70)  G(16) 
  31595551 4035.76 || noQ Q (Avg,Max,Min) (1.02, 1.04, 0.98) (0.84, 0.51, 1.04) #fs:   2  -- #Conts: 85 H(69)  G(16) 
  31629646 4020.00 || noQ Q (Avg,Max,Min) (1.02, 1.04, 0.98) (0.84, 0.51, 1.04) #fs:   2  -- #Conts: 84 H(68)  G(16) 
  31659502 4004.24 || noQ Q (Avg,Max,Min) (1.02, 1.04, 0.98) (0.84, 0.51, 1.04) #fs:   3  -- #Conts: 83 H(67)  G(16) 
  31660740 3988.47 || noQ Q (Avg,Max,Min) (1.02, 1.04, 0.98) (0.84, 0.51, 1.04) #fs:   3  -- #Conts: 82 H(66)  G(16) 
  31662818 3972.71 || noQ Q (Avg,Max,Min) (1.02, 1.04, 0.98) (0.84, 0.51, 1.04) #fs:   4  -- #Conts: 81 H(65)  G(16) 
  31669152 3956.94 || noQ Q (Avg,Max,Min) (1.02, 1.04, 0.98) (0.84, 0.51, 1.04) #fs:   4  -- #Conts: 80 H(64)  G(16) 
  31671309 3941.18 || noQ Q (Avg,Max,Min) (1.02, 1.04, 0.98) (0.84, 0.51, 1.04) #fs:   4  -- #Conts: 79 H(63)  G(16) 
  31674592 3925.41 || noQ Q (Avg,Max,Min) (1.02, 1.04, 0.98) (0.84, 0.51, 1.04) #fs:   5  -- #Conts: 78 H(62)  G(16) 
  31680670 3909.65 || noQ Q (Avg,Max,Min) (1.02, 1.04, 0.98) (0.85, 0.51, 1.04) #fs:   7  -- #Conts: 77 H(61)  G(16) 
  31687841 3878.12 || noQ Q (Avg,Max,Min) (1.02, 1.04, 0.98) (0.85, 0.51, 1.04) #fs:   8  -- #Conts: 77 H(61)  G(16) 
  31688551 3846.59 || noQ Q (Avg,Max,Min) (1.02, 1.04, 0.98) (0.86, 0.51, 1.04) #fs:   6  -- #Conts: 77 H(60)  G(17) 
  31768243 3815.06 || noQ Q (Avg,Max,Min) (1.02, 1.04, 0.97) (0.84, 0.51, 1.04) #fs:  10  -- #Conts: 77 H(47)  G(30) 
  31769491 3752.00 || noQ Q (Avg,Max,Min) (1.02, 1.04, 0.97) (0.85, 0.51, 1.04) #fs:   9  -- #Conts: 77 H(46)  G(31) 
  31779444 3720.47 || noQ Q (Avg,Max,Min) (1.02, 1.04, 0.97) (0.85, 0.51, 1.04) #fs:   7  -- #Conts: 77 H(42)  G(35) 
  31799913 3688.94 || noQ Q (Avg,Max,Min) (1.02, 1.04, 0.97) (0.85, 0.51, 1.04) #fs:   8  -- #Conts: 77 H(38)  G(39) 
  31828076 3657.41 || noQ Q (Avg,Max,Min) (1.02, 1.04, 0.97) (0.84, 0.51, 1.04) #fs:   9  -- #Conts: 77 H(31)  G(46) 
  31853932 3625.88 || noQ Q (Avg,Max,Min) (1.02, 1.04, 0.97) (0.83, 0.51, 1.04) #fs:  10  -- #Conts: 77 H(26)  G(51) 
  31858957 3594.35 || noQ Q (Avg,Max,Min) (1.02, 1.04, 0.97) (0.84, 0.51, 1.04) #fs:  10  -- #Conts: 77 H(25)  G(52) 
  31876814 3562.82 || noQ Q (Avg,Max,Min) (1.02, 1.04, 0.97) (0.84, 0.51, 1.04) #fs:  11  -- #Conts: 77 H(23)  G(54) 
  31878397 3531.29 || noQ Q (Avg,Max,Min) (1.02, 1.04, 0.97) (0.85, 0.51, 1.04) #fs:  13  -- #Conts: 77 H(22)  G(55) 
  31901251 3499.76 || noQ Q (Avg,Max,Min) (1.02, 1.04, 0.97) (0.85, 0.51, 1.04) #fs:  14  -- #Conts: 77 H(19)  G(58) 
  31907702 3468.24 || noQ Q (Avg,Max,Min) (1.02, 1.04, 0.97) (0.85, 0.52, 1.04) #fs:  14  -- #Conts: 77 H(17)  G(60) 
  31945432 3436.71 || noQ Q (Avg,Max,Min) (1.02, 1.15, 0.98) (0.85, 0.52, 1.04) #fs:  14  -- #Conts: 78 H(16)  G(62) 
  34420824 3373.65 || noQ Q (Avg,Max,Min) (1.01, 1.04, 0.95) (0.85, 0.53, 1.00) #fs:  14  -- #Conts: 78 H(10)  G(68) 
  34443841 3342.12 || noQ Q (Avg,Max,Min) (1.01, 1.04, 0.79) (0.86, 0.53, 1.00) #fs:  15  -- #Conts: 77 H(8)  G(69) 
  34444159 3310.59 || noQ Q (Avg,Max,Min) (1.01, 1.04, 0.95) (0.86, 0.53, 1.00) #fs:  14  -- #Conts: 78 H(8)  G(70) 
  34449604 3279.06 || noQ Q (Avg,Max,Min) (1.01, 1.04, 0.95) (0.87, 0.53, 1.00) #fs:  14  -- #Conts: 78 H(7)  G(71) 
  34455883 3247.53 || noQ Q (Avg,Max,Min) (1.01, 1.04, 0.95) (0.87, 0.53, 1.00) #fs:  14  -- #Conts: 78 H(6)  G(72) 
  34461570 3216.00 || noQ Q (Avg,Max,Min) (1.01, 1.04, 0.95) (0.88, 0.53, 1.00) #fs:  14  -- #Conts: 78 H(5)  G(73) 
  34473316 3184.47 || noQ Q (Avg,Max,Min) (1.01, 1.04, 0.95) (0.88, 0.53, 1.00) #fs:  14  -- #Conts: 78 H(4)  G(74) 
  34536751 3152.94 || noQ Q (Avg,Max,Min) (1.01, 1.04, 0.96) (0.89, 0.54, 1.00) #fs:  14  -- #Conts: 78 H(2)  G(76) 
  34589059 3121.41 || noQ Q (Avg,Max,Min) (1.01, 1.03, 0.96) (0.89, 0.85, 1.00) #fs:  14  -- #Conts: 78 H(1)  G(77) 
  35809356 3105.65 || noQ Q (Avg,Max,Min) (1.02, 1.28, 0.98) (0.89, 0.85, 1.10) #fs:  14  -- #Conts: 79 H(2)  G(77) 
  39696782 3103.29 || noQ Q (Avg,Max,Min) (1.02, 1.28, 0.98) (0.89, 0.85, 1.10) #fs:  13  -- #Conts: 80 H(2)  G(77)  E(1) 
  39902477 3089.88 || noQ Q (Avg,Max,Min) (1.02, 1.28, 0.98) (0.89, 0.85, 1.10) #fs:  14  -- #Conts: 78 H(1)  G(77) 
  42077037 3054.59 || noQ Q (Avg,Max,Min) (1.01, 1.04, 0.95) (0.93, 0.53, 0.99) #fs:  14  -- #Conts: 73 H(6)  G(26)  E(41) 
  42078468 3027.76 || noQ Q (Avg,Max,Min) (1.01, 1.04, 0.95) (0.93, 0.53, 0.99) #fs:  14  -- #Conts: 72 H(5)  G(27)  E(40) 
  42082724 3023.06 || noQ Q (Avg,Max,Min) (1.01, 1.04, 0.95) (0.93, 0.53, 0.99) #fs:  14  -- #Conts: 73 H(5)  G(27)  E(41) 
  42090214 2996.24 || noQ Q (Avg,Max,Min) (1.01, 1.04, 0.95) (0.94, 0.53, 0.99) #fs:  14  -- #Conts: 72 H(4)  G(28)  E(40) 
  42094470 2991.53 || noQ Q (Avg,Max,Min) (1.01, 1.04, 0.95) (0.94, 0.53, 0.99) #fs:  14  -- #Conts: 73 H(4)  G(28)  E(41) 
  42104285 2986.82 || noQ Q (Avg,Max,Min) (1.01, 1.04, 0.95) (0.94, 0.53, 1.00) #fs:  14  -- #Conts: 74 H(4)  G(28)  E(42) 
  42111971 2982.12 || noQ Q (Avg,Max,Min) (1.01, 1.04, 0.95) (0.94, 0.53, 1.00) #fs:  14  -- #Conts: 75 H(4)  G(28)  E(43) 
  42153649 2964.71 || noQ Q (Avg,Max,Min) (1.01, 1.04, 0.96) (0.94, 0.54, 0.99) #fs:  14  -- #Conts: 72 H(2)  G(30)  E(40) 
  42157905 2960.00 || noQ Q (Avg,Max,Min) (1.01, 1.04, 0.96) (0.94, 0.54, 0.99) #fs:  14  -- #Conts: 73 H(2)  G(30)  E(41) 
  42167720 2955.29 || noQ Q (Avg,Max,Min) (1.01, 1.04, 0.96) (0.94, 0.54, 1.00) #fs:  14  -- #Conts: 74 H(2)  G(30)  E(42) 
  42175406 2950.59 || noQ Q (Avg,Max,Min) (1.01, 1.04, 0.96) (0.94, 0.54, 1.00) #fs:  14  -- #Conts: 75 H(2)  G(30)  E(43) 
  42205957 2933.18 || noQ Q (Avg,Max,Min) (1.01, 1.03, 0.96) (0.95, 0.86, 0.99) #fs:  14  -- #Conts: 72 H(1)  G(31)  E(40) 
  42210213 2928.47 || noQ Q (Avg,Max,Min) (1.01, 1.03, 0.96) (0.95, 0.86, 0.99) #fs:  14  -- #Conts: 73 H(1)  G(31)  E(41) 
  42220028 2923.76 || noQ Q (Avg,Max,Min) (1.01, 1.03, 0.96) (0.95, 0.86, 1.00) #fs:  14  -- #Conts: 74 H(1)  G(31)  E(42) 
  42227714 2919.06 || noQ Q (Avg,Max,Min) (1.01, 1.03, 0.96) (0.95, 0.86, 1.00) #fs:  14  -- #Conts: 75 H(1)  G(31)  E(43) 
  42268498 2914.35 || noQ Q (Avg,Max,Min) (1.01, 1.03, 0.96) (0.95, 0.86, 1.00) #fs:  14  -- #Conts: 76 H(1)  G(31)  E(44) 
  42297882 2909.65 || noQ Q (Avg,Max,Min) (1.01, 1.03, 0.96) (0.95, 0.86, 1.00) #fs:  14  -- #Conts: 77 H(1)  G(31)  E(45) 
  42306622 2904.94 || noQ Q (Avg,Max,Min) (1.01, 1.03, 0.96) (0.95, 0.86, 1.00) #fs:  14  -- #Conts: 78 H(1)  G(31)  E(46) 
  43448011 2903.29 || noQ Q (Avg,Max,Min) (1.01, 1.28, 0.98) (0.95, 0.86, 1.10) #fs:  14  -- #Conts: 76 H(2)  G(31)  E(43) 
  43488795 2898.59 || noQ Q (Avg,Max,Min) (1.01, 1.28, 0.98) (0.95, 0.86, 1.10) #fs:  14  -- #Conts: 77 H(2)  G(31)  E(44) 
  43518179 2893.88 || noQ Q (Avg,Max,Min) (1.01, 1.28, 0.98) (0.95, 0.86, 1.10) #fs:  14  -- #Conts: 78 H(2)  G(31)  E(45) 
  43526919 2889.18 || noQ Q (Avg,Max,Min) (1.01, 1.28, 0.98) (0.95, 0.86, 1.10) #fs:  14  -- #Conts: 79 H(2)  G(31)  E(46) 
  47414345 2886.82 || noQ Q (Avg,Max,Min) (1.01, 1.28, 0.98) (0.95, 0.86, 1.10) #fs:  13  -- #Conts: 80 H(2)  G(31)  E(47) 
  47585112 2882.82 || noQ Q (Avg,Max,Min) (1.01, 1.28, 0.97) (0.95, 0.86, 1.10) #fs:  15  -- #Conts: 76 H(1)  G(31)  E(44) 
  47614496 2878.12 || noQ Q (Avg,Max,Min) (1.01, 1.28, 0.97) (0.95, 0.86, 1.10) #fs:  15  -- #Conts: 77 H(1)  G(31)  E(45) 
  47623236 2873.41 || noQ Q (Avg,Max,Min) (1.01, 1.28, 0.98) (0.95, 0.86, 1.10) #fs:  14  -- #Conts: 79 H(1)  G(32)  E(46) 
  52050321 2857.65 || noQ Q (Avg,Max,Min) (1.01, 1.06, 0.98) (0.95, 0.86, 1.00) #fs:  14  -- #Conts: 78 G(32)  E(46) 
  53561260 2850.59 || noQ Q (Avg,Max,Min) (1.01, 1.28, 0.98) (0.95, 0.86, 1.10) #fs:  11  -- #Conts: 79 H(2)  G(16)  E(61) 
  53614771 2845.88 || noQ Q (Avg,Max,Min) (1.01, 1.28, 0.98) (0.95, 0.86, 1.10) #fs:  13  -- #Conts: 79 H(2)  G(15)  E(62) 
  57502197 2843.53 || noQ Q (Avg,Max,Min) (1.01, 1.28, 0.98) (0.95, 0.86, 1.10) #fs:  12  -- #Conts: 80 H(2)  G(15)  E(63) 
  57657577 2834.82 || noQ Q (Avg,Max,Min) (1.01, 1.28, 0.98) (0.95, 0.86, 1.10) #fs:  11  -- #Conts: 79 H(1)  G(17)  E(61) 
  57711088 2830.12 || noQ Q (Avg,Max,Min) (1.01, 1.28, 0.98) (0.95, 0.86, 1.10) #fs:  13  -- #Conts: 79 H(1)  G(16)  E(62) 
  62084662 2819.06 || noQ Q (Avg,Max,Min) (1.01, 1.06, 0.98) (0.95, 0.86, 0.99) #fs:  11  -- #Conts: 78 G(17)  E(61) 
  62138173 2814.35 || noQ Q (Avg,Max,Min) (1.01, 1.06, 0.98) (0.95, 0.86, 1.00) #fs:  13  -- #Conts: 78 G(16)  E(62) 
  64108838 2812.94 || noQ Q (Avg,Max,Min) (1.01, 1.23, 0.98) (0.96, 0.89, 1.00) #fs:  12  -- #Conts: 78 H(1)  G(8)  E(69) 
  64109156 2808.24 || noQ Q (Avg,Max,Min) (1.01, 1.23, 0.98) (0.96, 0.89, 1.00) #fs:  12  -- #Conts: 79 H(1)  G(8)  E(70) 
  64121864 2803.53 || noQ Q (Avg,Max,Min) (1.01, 1.23, 0.98) (0.96, 0.89, 1.00) #fs:  12  -- #Conts: 79 H(1)  G(7)  E(71) 
  64135406 2798.82 || noQ Q (Avg,Max,Min) (1.01, 1.23, 0.98) (0.96, 0.89, 1.00) #fs:  12  -- #Conts: 79 H(1)  G(6)  E(72) 
  64148357 2794.12 || noQ Q (Avg,Max,Min) (1.01, 1.23, 0.98) (0.96, 0.89, 1.00) #fs:  12  -- #Conts: 79 H(1)  G(5)  E(73) 
  64174630 2789.41 || noQ Q (Avg,Max,Min) (1.01, 1.23, 0.98) (0.96, 0.89, 1.00) #fs:  12  -- #Conts: 79 H(1)  G(4)  E(74) 
  64239747 2784.71 || noQ Q (Avg,Max,Min) (1.01, 1.23, 0.98) (0.97, 0.90, 1.00) #fs:  12  -- #Conts: 79 H(1)  G(3)  E(75) 
  64317897 2780.00 || noQ Q (Avg,Max,Min) (1.01, 1.23, 0.98) (0.97, 0.90, 1.00) #fs:  12  -- #Conts: 79 H(1)  G(2)  E(76) 
  64435576 2775.29 || noQ Q (Avg,Max,Min) (1.01, 1.23, 0.98) (0.97, 0.90, 1.01) #fs:  12  -- #Conts: 79 H(1)  G(1)  E(77) 
  65447235 2773.65 || noQ Q (Avg,Max,Min) (1.01, 1.28, 0.98) (0.97, 0.87, 1.10) #fs:  12  -- #Conts: 80 H(1)  G(5)  E(74) 
  65512352 2768.94 || noQ Q (Avg,Max,Min) (1.01, 1.28, 0.98) (0.97, 0.87, 1.10) #fs:  12  -- #Conts: 80 H(1)  G(4)  E(75) 
  65590502 2764.24 || noQ Q (Avg,Max,Min) (1.01, 1.28, 0.98) (0.97, 0.87, 1.10) #fs:  12  -- #Conts: 80 H(1)  G(3)  E(76) 
  65708181 2759.53 || noQ Q (Avg,Max,Min) (1.01, 1.28, 0.98) (0.97, 0.87, 1.10) #fs:  12  -- #Conts: 80 H(1)  G(2)  E(77) 
  69307922 2757.18 || noQ Q (Avg,Max,Min) (1.01, 1.28, 0.98) (0.97, 0.87, 1.10) #fs:  12  -- #Conts: 80 H(1)  G(2)  E(77) 
  73063526 2754.82 || noQ Q (Avg,Max,Min) (1.01, 1.28, 0.98) (0.97, 0.93, 1.10) #fs:  12  -- #Conts: 79 H(1)  G(1)  E(77) 
  81257596 2752.47 || noQ Q (Avg,Max,Min) (1.01, 1.53, 0.98) (0.97, 0.87, 1.37) #fs:  12  -- #Conts: 81 H(1)  G(2)  E(78) 
  85013200 2750.12 || noQ Q (Avg,Max,Min) (1.01, 1.53, 0.98) (0.97, 0.92, 1.37) #fs:  12  -- #Conts: 80 H(1)  G(1)  E(78) 
  87078138 2741.06 || noQ Q (Avg,Max,Min) (1.01, 1.07, 0.98) (0.97, 0.87, 1.02) #fs:  12  -- #Conts: 80 G(2)  E(78) 
  90833626 2738.71 || noQ Q (Avg,Max,Min) (1.00, 1.04, 0.98) (0.97, 0.93, 1.01) #fs:  12  -- #Conts: 78 G(1)  E(77) 
  97604344 2737.53 || noQ Q (Avg,Max,Min) (1.01, 1.07, 0.98) (0.97, 0.87, 1.02) #fs:  12  -- #Conts: 81 G(2)  E(78)  C(1) 
 101439346 2735.18 || noQ Q (Avg,Max,Min) (1.01, 1.06, 0.98) (0.97, 0.95, 1.01) #fs:  12  -- #Conts: 80 G(1)  E(78)  C(1) 
 118028487 2734.47 || noQ Q (Avg,Max,Min) (1.01, 1.06, 0.98) (0.97, 0.88, 1.05) #fs:  12  -- #Conts: 81 G(1)  A(1)  E(78)  C(1) 
/////////////////size: 100
nodes 100 edges 234
 mulT: 10000 mulD: 1000  sumData GB 1848
pareto /MONTAGE.n.100.0.dax time -> 12838.0
moheft /MONTAGE.n.100.0.dax time -> 19039.0
distance from M to C 0.38521569180706927
distance from P to C 27.37917552637961
distance from C to M 5.499684764811074
distance from C to P 40.17163233787782
toCompare: /MONTAGE.n.100.0.dax sumDataGB: 1848 mulT: 10000 mulD: 1000 paretoOptTime_MS: 12838.0 MoheftOptimizationTime_MS: 19039.0 MtoC 0.38521569180706927 PtoC 27.37917552637961 CtoM 5.499684764811074 CtoP 40.17163233787782
