specify -Dflow d,b,mt,md,size
Running /home/vaggelis/jc/MONTAGE.n.100.0.dax mt 1000 md: 20000 size null
  12777999 914.35 || noQ Q (Avg,Max,Min) (5.23, 6.21, 3.46) (1.63, 0.56, 4.22) #fs:   5  -- #Conts: 21 H(21) 
  12781739 851.29 || noQ Q (Avg,Max,Min) (5.19, 6.24, 3.69) (1.81, 0.56, 5.96) #fs:   5  -- #Conts: 20 H(20) 
  12868188 819.76 || noQ Q (Avg,Max,Min) (5.08, 6.16, 3.65) (1.92, 0.56, 5.96) #fs:   5  -- #Conts: 19 H(19) 
  12939191 788.24 || noQ Q (Avg,Max,Min) (5.04, 6.10, 3.62) (2.02, 1.10, 5.96) #fs:   6  -- #Conts: 18 H(18) 
  12958479 756.71 || noQ Q (Avg,Max,Min) (5.09, 6.09, 3.61) (2.14, 0.56, 5.96) #fs:   5  -- #Conts: 17 H(17) 
  13033993 725.18 || noQ Q (Avg,Max,Min) (5.06, 5.93, 3.58) (2.23, 1.11, 4.16) #fs:   5  -- #Conts: 15 H(15) 
  13049054 662.12 || noQ Q (Avg,Max,Min) (5.00, 6.00, 3.57) (2.56, 1.66, 5.96) #fs:   6  -- #Conts: 14 H(14) 
  13071905 630.59 || noQ Q (Avg,Max,Min) (5.01, 5.79, 3.53) (2.47, 1.66, 5.25) #fs:   5  -- #Conts: 13 H(13) 
  13413721 599.06 || noQ Q (Avg,Max,Min) (4.99, 5.98, 3.65) (2.91, 2.21, 4.41) #fs:   5  -- #Conts: 11 H(11) 
  13484011 567.53 || noQ Q (Avg,Max,Min) (4.99, 6.07, 3.62) (3.07, 2.21, 4.77) #fs:   5  -- #Conts: 10 H(10) 
  13683378 504.47 || noQ Q (Avg,Max,Min) (4.95, 5.65, 3.75) (3.42, 2.22, 5.37) #fs:   4  -- #Conts: 9 H(9) 
  14064048 472.94 || noQ Q (Avg,Max,Min) (4.68, 5.59, 3.30) (3.81, 2.89, 5.37) #fs:   5  -- #Conts: 8 H(8) 
  14504837 457.18 || noQ Q (Avg,Max,Min) (3.03, 4.34, 1.95) (2.46, 1.68, 3.50) #fs:  13  -- #Conts: 14 H(1)  G(13) 
  19365601 373.53 || noQ Q (Avg,Max,Min) (2.04, 3.17, 1.34) (1.67, 1.31, 2.84) #fs:  11  -- #Conts: 26 H(1)  E(25) 
  20599490 371.18 || noQ Q (Avg,Max,Min) (1.99, 2.98, 1.41) (1.57, 0.84, 2.84) #fs:  12  -- #Conts: 27 G(1)  E(26) 
  23715900 368.82 || noQ Q (Avg,Max,Min) (2.03, 2.98, 1.29) (1.65, 1.19, 2.80) #fs:   9  -- #Conts: 26 E(26) 
  23774444 362.12 || noQ Q (Avg,Max,Min) (2.04, 2.96, 1.29) (1.67, 1.19, 2.79) #fs:   8  -- #Conts: 26 E(26) 
  83822236 332.00 || noQ Q (Avg,Max,Min) (1.16, 1.97, 0.50) (1.13, 0.48, 1.88) #fs:   5  -- #Conts: 86 A(86) 
  83879268 324.00 || noQ Q (Avg,Max,Min) (1.17, 1.97, 0.50) (1.13, 0.48, 1.88) #fs:   4  -- #Conts: 87 A(87) 
  83973920 316.00 || noQ Q (Avg,Max,Min) (1.18, 1.97, 1.02) (1.13, 0.97, 1.88) #fs:   3  -- #Conts: 88 A(88) 
  91014320 315.00 || noQ Q (Avg,Max,Min) (1.18, 1.97, 1.07) (1.14, 0.97, 1.88) #fs:   1  -- #Conts: 88 A(88) 
 101438632 313.00 || noQ Q (Avg,Max,Min) (1.17, 1.82, 1.07) (1.14, 0.99, 1.75) #fs:   1  -- #Conts: 85 A(85) 
 101532128 311.00 || noQ Q (Avg,Max,Min) (1.17, 1.83, 1.07) (1.14, 1.01, 1.76) #fs:   1  -- #Conts: 84 A(84) 
/////////////////size: 23
  13188083 1245.53 || noQ Q (Avg,Max,Min) (2.95, 6.10, 1.00) (1.03, 0.55, 5.96) #fs:  23  -- #Conts: 60 H(25)  G(11)  E(20)  C(4) 
  13393429 1229.76 || noQ Q (Avg,Max,Min) (2.81, 5.92, 1.00) (1.00, 0.55, 3.97) #fs:  24  -- #Conts: 60 H(22)  G(14)  E(20)  C(4) 
  13396607 1223.06 || noQ Q (Avg,Max,Min) (2.82, 5.92, 1.00) (1.02, 0.55, 3.97) #fs:  24  -- #Conts: 59 H(22)  G(14)  E(19)  C(4) 
  13423104 1178.12 || noQ Q (Avg,Max,Min) (2.77, 5.90, 1.00) (1.05, 0.55, 3.97) #fs:  24  -- #Conts: 57 H(20)  G(16)  E(17)  C(4) 
  13424768 1155.65 || noQ Q (Avg,Max,Min) (2.74, 5.90, 1.00) (1.06, 0.55, 3.97) #fs:  24  -- #Conts: 56 H(19)  G(17)  E(16)  C(4) 
  13425328 1045.29 || noQ Q (Avg,Max,Min) (2.54, 5.90, 1.00) (1.12, 0.55, 3.97) #fs:  24  -- #Conts: 53 H(15)  G(18)  E(16)  C(4) 
  13429463 973.18 || noQ Q (Avg,Max,Min) (2.40, 5.91, 1.00) (1.17, 0.62, 3.97) #fs:  24  -- #Conts: 51 H(13)  G(17)  E(17)  C(4) 
  13438392 925.53 || noQ Q (Avg,Max,Min) (3.20, 9.97, 1.05) (0.96, 0.62, 4.03) #fs:  18  -- #Conts: 55 H(4)  G(28)  E(19)  C(4) 
  13568200 890.94 || noQ Q (Avg,Max,Min) (3.03, 9.97, 1.03) (0.94, 0.62, 4.60) #fs:  17  -- #Conts: 56 H(4)  G(23)  E(25)  C(4) 
  13577303 878.24 || noQ Q (Avg,Max,Min) (2.93, 9.87, 1.05) (1.01, 0.62, 5.43) #fs:  20  -- #Conts: 54 H(3)  G(28)  E(19)  C(4) 
  13697541 783.65 || noQ Q (Avg,Max,Min) (3.34, 46.78, 1.05) (1.21, 0.62, 10.38) #fs:  22  -- #Conts: 53 H(2)  G(28)  E(19)  C(4) 
  13710575 750.12 || noQ Q (Avg,Max,Min) (3.11, 46.78, 1.01) (1.33, 0.62, 10.38) #fs:  23  -- #Conts: 53 H(2)  G(28)  E(19)  C(4) 
  13719136 720.94 || noQ Q (Avg,Max,Min) (3.12, 46.78, 1.00) (1.40, 0.62, 10.38) #fs:  23  -- #Conts: 50 H(2)  G(27)  E(17)  C(4) 
  14197791 660.71 || noQ Q (Avg,Max,Min) (2.35, 9.97, 0.97) (1.11, 0.83, 4.97) #fs:  19  -- #Conts: 54 H(4)  G(4)  E(24)  C(22) 
  14453250 613.41 || noQ Q (Avg,Max,Min) (2.08, 9.67, 0.97) (1.16, 0.83, 6.17) #fs:  19  -- #Conts: 53 H(2)  G(5)  E(24)  C(22) 
  14556856 597.65 || noQ Q (Avg,Max,Min) (2.01, 9.45, 0.97) (1.17, 0.83, 6.17) #fs:  19  -- #Conts: 52 H(2)  G(4)  E(24)  C(22) 
  14749742 574.12 || noQ Q (Avg,Max,Min) (1.91, 6.19, 0.97) (1.13, 0.83, 5.62) #fs:  21  -- #Conts: 51 H(1)  G(4)  E(24)  C(22) 
  15099353 539.06 || noQ Q (Avg,Max,Min) (1.84, 6.52, 0.63) (1.19, 0.59, 6.14) #fs:  15  -- #Conts: 50 H(1)  G(4)  E(16)  C(29) 
  15669323 535.29 || noQ Q (Avg,Max,Min) (2.29, 27.71, 0.63) (1.31, 0.59, 10.53) #fs:  16  -- #Conts: 51 H(1)  G(5)  E(16)  C(29) 
  15925156 527.29 || noQ Q (Avg,Max,Min) (2.30, 27.71, 0.63) (1.32, 0.59, 10.53) #fs:  15  -- #Conts: 51 H(1)  G(5)  E(16)  C(29) 
  15992446 518.00 || noQ Q (Avg,Max,Min) (1.89, 7.08, 0.71) (1.19, 0.59, 6.72) #fs:  16  -- #Conts: 68 H(1)  G(5)  E(3)  C(59) 
  16019157 508.59 || noQ Q (Avg,Max,Min) (1.88, 7.08, 0.71) (1.20, 0.59, 6.72) #fs:  16  -- #Conts: 67 H(1)  G(5)  E(1)  C(60) 
  16343504 506.00 || noQ Q (Avg,Max,Min) (2.50, 46.78, 0.72) (1.30, 0.60, 10.38) #fs:  14  -- #Conts: 69 H(2)  G(5)  E(3)  C(59) 
  16406937 477.06 || noQ Q (Avg,Max,Min) (2.39, 46.78, 0.71) (1.32, 0.59, 10.38) #fs:  15  -- #Conts: 66 H(2)  G(3)  E(1)  C(60) 
  17182974 444.35 || noQ Q (Avg,Max,Min) (2.14, 27.71, 1.05) (1.34, 0.88, 10.53) #fs:  12  -- #Conts: 69 H(1)  G(3)  E(5)  C(60) 
  17183987 440.47 || noQ Q (Avg,Max,Min) (2.20, 27.71, 1.05) (1.36, 0.88, 10.53) #fs:   9  -- #Conts: 72 H(1)  G(3)  E(8)  C(60) 
  17186350 437.88 || noQ Q (Avg,Max,Min) (2.23, 27.71, 1.20) (1.36, 1.10, 10.53) #fs:   7  -- #Conts: 74 H(1)  G(3)  E(10)  C(60) 
  18145001 421.65 || noQ Q (Avg,Max,Min) (2.14, 27.71, 1.20) (1.39, 1.10, 10.53) #fs:   8  -- #Conts: 73 H(1)  G(3)  E(4)  C(65) 
  18146771 418.94 || noQ Q (Avg,Max,Min) (2.13, 27.71, 1.20) (1.39, 1.10, 10.53) #fs:   8  -- #Conts: 73 H(1)  G(3)  E(3)  C(66) 
  18151352 416.24 || noQ Q (Avg,Max,Min) (2.12, 27.71, 1.20) (1.39, 1.10, 10.53) #fs:   8  -- #Conts: 73 H(1)  G(3)  E(2)  C(67) 
  18158879 413.53 || noQ Q (Avg,Max,Min) (2.10, 27.71, 1.20) (1.40, 1.10, 10.53) #fs:   8  -- #Conts: 73 H(1)  G(3)  E(1)  C(68) 
  18466251 406.00 || noQ Q (Avg,Max,Min) (2.08, 27.71, 1.03) (1.36, 0.88, 10.53) #fs:   7  -- #Conts: 77 G(3)  E(1)  C(73) 
  18491198 402.00 || noQ Q (Avg,Max,Min) (2.09, 27.71, 1.20) (1.36, 1.10, 10.53) #fs:   6  -- #Conts: 78 G(3)  E(1)  C(74) 
  18759746 400.71 || noQ Q (Avg,Max,Min) (2.10, 27.71, 1.20) (1.37, 1.10, 10.53) #fs:   5  -- #Conts: 78 G(3)  E(2)  C(73) 
  20184065 396.94 || noQ Q (Avg,Max,Min) (1.89, 12.84, 1.03) (1.36, 0.88, 11.01) #fs:   7  -- #Conts: 77 G(2)  E(2)  C(73) 
  20209012 392.94 || noQ Q (Avg,Max,Min) (1.90, 12.84, 1.20) (1.37, 1.10, 11.01) #fs:   6  -- #Conts: 78 G(2)  E(2)  C(74) 
  20477560 391.65 || noQ Q (Avg,Max,Min) (1.91, 12.84, 1.20) (1.38, 1.10, 11.01) #fs:   5  -- #Conts: 78 G(2)  E(3)  C(73) 
  22822652 372.41 || noQ Q (Avg,Max,Min) (2.10, 8.31, 1.15) (1.61, 1.12, 6.85) #fs:  11  -- #Conts: 36 H(1)  G(3)  A(1)  E(4)  C(27) 
  23835285 355.24 || noQ Q (Avg,Max,Min) (1.92, 7.65, 1.15) (1.62, 1.12, 7.38) #fs:  11  -- #Conts: 36 H(1)  G(2)  A(1)  E(2)  C(30) 
  24687096 353.12 || noQ Q (Avg,Max,Min) (2.52, 33.89, 1.15) (1.64, 1.12, 10.01) #fs:   5  -- #Conts: 47 G(3)  A(1)  E(3)  C(40) 
  25188663 351.71 || noQ Q (Avg,Max,Min) (2.51, 33.89, 1.15) (1.63, 1.12, 10.01) #fs:   5  -- #Conts: 48 G(3)  A(1)  E(2)  C(42) 
  26008525 344.06 || noQ Q (Avg,Max,Min) (2.13, 12.84, 1.15) (1.64, 1.12, 11.01) #fs:   4  -- #Conts: 48 G(2)  A(1)  E(5)  C(40) 
  26522965 342.65 || noQ Q (Avg,Max,Min) (2.13, 15.58, 1.15) (1.63, 1.12, 10.38) #fs:   5  -- #Conts: 48 G(2)  A(1)  E(3)  C(42) 
  26862164 341.35 || noQ Q (Avg,Max,Min) (2.14, 15.58, 1.15) (1.66, 1.12, 10.38) #fs:   5  -- #Conts: 47 G(2)  A(1)  E(4)  C(40) 
  27262846 339.00 || noQ Q (Avg,Max,Min) (1.91, 4.08, 1.15) (1.50, 1.12, 3.55) #fs:   5  -- #Conts: 46 G(1)  A(1)  E(3)  C(41) 
  27766725 337.59 || noQ Q (Avg,Max,Min) (2.12, 15.58, 1.04) (1.62, 0.63, 10.38) #fs:   5  -- #Conts: 49 G(1)  A(1)  E(4)  C(43) 
  28086873 336.29 || noQ Q (Avg,Max,Min) (2.13, 15.58, 1.15) (1.64, 1.12, 10.38) #fs:   5  -- #Conts: 47 G(1)  A(1)  E(4)  C(41) 
  29629859 333.29 || noQ Q (Avg,Max,Min) (1.50, 4.09, 1.15) (1.30, 1.12, 3.55) #fs:   2  -- #Conts: 78 G(1)  A(48)  E(2)  C(27) 
  30082313 332.53 || noQ Q (Avg,Max,Min) (1.43, 4.09, 1.15) (1.25, 1.12, 3.55) #fs:   1  -- #Conts: 92 A(61)  E(2)  C(29) 
  30158685 331.88 || noQ Q (Avg,Max,Min) (1.64, 15.58, 1.04) (1.37, 0.63, 10.38) #fs:   2  -- #Conts: 81 G(1)  A(48)  E(3)  C(29) 
  30469331 331.59 || noQ Q (Avg,Max,Min) (1.64, 15.58, 1.15) (1.38, 1.12, 10.38) #fs:   2  -- #Conts: 78 G(1)  A(47)  E(3)  C(27) 
  32298188 327.88 || noQ Q (Avg,Max,Min) (1.55, 7.85, 1.15) (1.33, 1.12, 5.82) #fs:   1  -- #Conts: 79 G(1)  A(48)  E(2)  C(28) 
  32750642 327.12 || noQ Q (Avg,Max,Min) (1.48, 7.85, 1.15) (1.28, 1.12, 5.82) #fs:   0  -- #Conts: 93 A(61)  E(2)  C(30) 
  38337200 319.82 || noQ Q (Avg,Max,Min) (1.46, 12.84, 1.15) (1.32, 1.12, 11.01) #fs:   0  -- #Conts: 93 A(67)  E(3)  C(23) 
  38374686 318.82 || noQ Q (Avg,Max,Min) (1.44, 12.84, 1.15) (1.32, 1.12, 11.01) #fs:   0  -- #Conts: 92 A(68)  E(3)  C(21) 
  38384201 316.82 || noQ Q (Avg,Max,Min) (1.43, 12.84, 1.15) (1.31, 1.12, 11.01) #fs:   0  -- #Conts: 93 A(70)  E(3)  C(20) 
  38404054 315.82 || noQ Q (Avg,Max,Min) (1.42, 12.84, 1.15) (1.31, 1.12, 11.01) #fs:   0  -- #Conts: 93 A(71)  E(3)  C(19) 
  38412075 314.82 || noQ Q (Avg,Max,Min) (1.41, 12.84, 1.15) (1.31, 1.12, 11.01) #fs:   0  -- #Conts: 93 A(72)  E(3)  C(18) 
 117170074 314.47 || noQ Q (Avg,Max,Min) (1.51, 11.72, 1.15) (1.39, 1.12, 10.89) #fs:   2  -- #Conts: 80 G(1)  A(60)  E(1)  C(18) 
/////////////////size: 59
nodes 100 edges 234
 mulT: 1000 mulD: 20000  sumData GB 36970
pareto /MONTAGE.n.100.0.dax time -> 10592.0
moheft /MONTAGE.n.100.0.dax time -> 29698.0
distance from M to C 37.4689773552888
distance from P to C 1.7856986005158901
distance from C to M 18.117661123743222
distance from C to P 15.30489394368335
toCompare: /MONTAGE.n.100.0.dax sumDataGB: 36970 mulT: 1000 mulD: 20000 paretoOptTime_MS: 10592.0 MoheftOptimizationTime_MS: 29698.0 MtoC 37.4689773552888 PtoC 1.7856986005158901 CtoM 18.117661123743222 CtoP 15.30489394368335
