specify -Dflow d,b,mt,md,size
Running /home/vaggelis/jc/MONTAGE.n.100.0.dax mt 10000 md: 100 size null
  25669437 4414.12 || noQ Q (Avg,Max,Min) (0.94, 1.00, 0.67) (0.82, 0.50, 1.00) #fs:  16  -- #Conts: 65 H(65) 
  29029969 4351.06 || noQ Q (Avg,Max,Min) (1.00, 1.02, 1.00) (0.79, 0.50, 1.00) #fs:   4  -- #Conts: 76 H(76) 
  29070469 4319.53 || noQ Q (Avg,Max,Min) (0.98, 1.00, 0.69) (0.81, 0.50, 1.00) #fs:  10  -- #Conts: 67 H(67) 
  29072656 4256.47 || noQ Q (Avg,Max,Min) (0.99, 1.02, 0.73) (0.81, 0.50, 1.00) #fs:   8  -- #Conts: 68 H(68) 
  29087365 4224.94 || noQ Q (Avg,Max,Min) (0.98, 1.02, 0.73) (0.82, 0.50, 1.00) #fs:   9  -- #Conts: 66 H(66) 
  29109784 4193.41 || noQ Q (Avg,Max,Min) (0.97, 1.02, 0.73) (0.83, 0.50, 1.00) #fs:  11  -- #Conts: 60 H(60) 
  29130033 4098.82 || noQ Q (Avg,Max,Min) (0.96, 1.02, 0.73) (0.85, 0.50, 1.00) #fs:  13  -- #Conts: 54 H(54) 
  29143556 4004.24 || noQ Q (Avg,Max,Min) (0.96, 1.02, 0.73) (0.88, 0.50, 1.00) #fs:  13  -- #Conts: 52 H(52) 
  29187429 3972.71 || noQ Q (Avg,Max,Min) (0.95, 1.02, 0.73) (0.89, 0.50, 1.00) #fs:  14  -- #Conts: 50 H(50) 
  32721058 3941.18 || noQ Q (Avg,Max,Min) (0.91, 1.01, 0.72) (0.88, 0.71, 1.00) #fs:  15  -- #Conts: 35 H(35) 
  32842611 3878.12 || noQ Q (Avg,Max,Min) (0.93, 1.00, 0.72) (0.89, 0.71, 1.00) #fs:  13  -- #Conts: 35 H(35) 
  32852691 3846.59 || noQ Q (Avg,Max,Min) (0.94, 1.00, 0.72) (0.90, 0.71, 1.00) #fs:  12  -- #Conts: 35 H(35) 
  32869605 3815.06 || noQ Q (Avg,Max,Min) (0.95, 1.00, 0.72) (0.90, 0.71, 1.00) #fs:  11  -- #Conts: 35 H(35) 
  32930357 3783.53 || noQ Q (Avg,Max,Min) (0.96, 1.00, 0.72) (0.91, 0.71, 1.00) #fs:  10  -- #Conts: 35 H(35) 
  33021539 3752.00 || noQ Q (Avg,Max,Min) (0.97, 1.00, 0.76) (0.91, 0.75, 1.00) #fs:   9  -- #Conts: 35 H(35) 
  37257569 3688.94 || noQ Q (Avg,Max,Min) (1.00, 1.00, 1.00) (0.87, 0.50, 1.00) #fs:   1  -- #Conts: 48 H(48) 
  37312732 3657.41 || noQ Q (Avg,Max,Min) (1.00, 1.00, 1.00) (0.88, 0.51, 1.00) #fs:   2  -- #Conts: 47 H(47) 
  37379122 3625.88 || noQ Q (Avg,Max,Min) (1.00, 1.01, 1.00) (0.89, 0.51, 1.00) #fs:   1  -- #Conts: 44 H(44) 
  37406116 3594.35 || noQ Q (Avg,Max,Min) (1.00, 1.01, 1.00) (0.91, 0.51, 1.00) #fs:   1  -- #Conts: 43 H(43) 
  37466868 3562.82 || noQ Q (Avg,Max,Min) (1.00, 1.01, 1.00) (0.92, 0.52, 1.00) #fs:   1  -- #Conts: 42 H(42) 
  37558050 3531.29 || noQ Q (Avg,Max,Min) (1.00, 1.01, 1.00) (0.94, 0.67, 1.00) #fs:   1  -- #Conts: 41 H(41) 
  38130109 3326.35 || noQ Q (Avg,Max,Min) (1.00, 1.00, 0.84) (0.85, 0.51, 0.97) #fs:   3  -- #Conts: 77 H(8)  G(69) 
  38135862 3294.82 || noQ Q (Avg,Max,Min) (1.00, 1.00, 0.84) (0.85, 0.51, 0.97) #fs:   3  -- #Conts: 77 H(7)  G(70) 
  38141696 3263.29 || noQ Q (Avg,Max,Min) (1.00, 1.00, 0.84) (0.86, 0.51, 0.97) #fs:   3  -- #Conts: 77 H(6)  G(71) 
  38147473 3231.76 || noQ Q (Avg,Max,Min) (1.00, 1.00, 0.84) (0.86, 0.51, 0.97) #fs:   3  -- #Conts: 77 H(5)  G(72) 
  38159062 3200.24 || noQ Q (Avg,Max,Min) (1.00, 1.00, 0.84) (0.87, 0.51, 0.97) #fs:   3  -- #Conts: 77 H(4)  G(73) 
  38187981 3168.71 || noQ Q (Avg,Max,Min) (1.00, 1.00, 0.83) (0.87, 0.51, 0.97) #fs:   3  -- #Conts: 77 H(3)  G(74) 
  38222683 3137.18 || noQ Q (Avg,Max,Min) (1.00, 1.00, 0.83) (0.87, 0.52, 0.97) #fs:   3  -- #Conts: 77 H(2)  G(75) 
  38274782 3105.65 || noQ Q (Avg,Max,Min) (1.00, 1.00, 0.83) (0.88, 0.83, 0.97) #fs:   3  -- #Conts: 77 H(1)  G(76) 
  43983888 3074.12 || noQ Q (Avg,Max,Min) (1.00, 1.01, 1.00) (0.88, 0.84, 0.97) #fs:   2  -- #Conts: 77 G(77) 
  49781612 3058.35 || noQ Q (Avg,Max,Min) (1.00, 1.00, 1.00) (0.88, 0.84, 0.97) #fs:   2  -- #Conts: 76 G(76) 
  81621696 2801.18 || noQ Q (Avg,Max,Min) (1.00, 1.00, 0.73) (0.95, 0.70, 0.99) #fs:   5  -- #Conts: 77 G(8)  E(69) 
  81634712 2796.47 || noQ Q (Avg,Max,Min) (1.00, 1.00, 0.73) (0.95, 0.70, 0.99) #fs:   5  -- #Conts: 77 G(7)  E(70) 
  81647809 2791.76 || noQ Q (Avg,Max,Min) (1.00, 1.00, 0.73) (0.96, 0.70, 0.99) #fs:   5  -- #Conts: 77 G(6)  E(71) 
  81660850 2787.06 || noQ Q (Avg,Max,Min) (1.00, 1.00, 0.73) (0.96, 0.70, 0.99) #fs:   5  -- #Conts: 77 G(5)  E(72) 
  81686966 2782.35 || noQ Q (Avg,Max,Min) (1.00, 1.00, 0.73) (0.96, 0.70, 0.99) #fs:   5  -- #Conts: 77 G(4)  E(73) 
  81752202 2777.65 || noQ Q (Avg,Max,Min) (1.00, 1.00, 0.73) (0.96, 0.70, 0.99) #fs:   5  -- #Conts: 77 G(3)  E(74) 
  81830485 2772.94 || noQ Q (Avg,Max,Min) (1.00, 1.00, 0.73) (0.96, 0.70, 0.99) #fs:   5  -- #Conts: 77 G(2)  E(75) 
  81947955 2768.24 || noQ Q (Avg,Max,Min) (1.00, 1.00, 0.72) (0.96, 0.70, 1.00) #fs:   5  -- #Conts: 77 G(1)  E(76) 
  99157295 2729.29 || noQ Q (Avg,Max,Min) (1.00, 1.00, 1.00) (0.97, 0.95, 1.00) #fs:   4  -- #Conts: 77 E(77) 
/////////////////size: 40
  28941072 4240.71 || noQ Q (Avg,Max,Min) (0.94, 1.00, 0.55) (0.85, 0.50, 1.00) #fs:  16  -- #Conts: 77 H(61)  G(16) 
  28989741 4193.41 || noQ Q (Avg,Max,Min) (0.94, 1.01, 0.56) (0.84, 0.50, 1.00) #fs:  11  -- #Conts: 82 H(66)  G(16) 
  28989946 4161.88 || noQ Q (Avg,Max,Min) (0.94, 1.01, 0.55) (0.85, 0.50, 1.00) #fs:  12  -- #Conts: 82 H(66)  G(16) 
  31224833 4146.12 || noQ Q (Avg,Max,Min) (1.00, 1.00, 0.91) (0.81, 0.50, 1.00) #fs:   2  -- #Conts: 90 H(74)  G(16) 
  31228254 4130.35 || noQ Q (Avg,Max,Min) (1.00, 1.00, 0.90) (0.81, 0.50, 1.00) #fs:   1  -- #Conts: 89 H(73)  G(16) 
  31228255 4098.82 || noQ Q (Avg,Max,Min) (1.00, 1.00, 0.91) (0.82, 0.50, 1.00) #fs:   1  -- #Conts: 89 H(73)  G(16) 
  31242224 4083.06 || noQ Q (Avg,Max,Min) (1.00, 1.00, 0.91) (0.82, 0.50, 1.00) #fs:   2  -- #Conts: 88 H(72)  G(16) 
  31288510 4051.53 || noQ Q (Avg,Max,Min) (1.00, 1.00, 0.91) (0.82, 0.50, 1.00) #fs:   3  -- #Conts: 86 H(70)  G(16) 
  31294122 4035.76 || noQ Q (Avg,Max,Min) (1.00, 1.00, 0.91) (0.82, 0.50, 1.00) #fs:   3  -- #Conts: 85 H(69)  G(16) 
  31300069 4020.00 || noQ Q (Avg,Max,Min) (1.00, 1.00, 0.91) (0.82, 0.50, 1.00) #fs:   3  -- #Conts: 84 H(68)  G(16) 
  31303540 4004.24 || noQ Q (Avg,Max,Min) (1.00, 1.00, 0.91) (0.82, 0.50, 1.00) #fs:   4  -- #Conts: 83 H(66)  G(17) 
  31340368 3972.71 || noQ Q (Avg,Max,Min) (1.00, 1.00, 0.91) (0.82, 0.50, 1.00) #fs:   4  -- #Conts: 81 H(64)  G(17) 
  31355615 3941.18 || noQ Q (Avg,Max,Min) (1.00, 1.00, 0.91) (0.82, 0.50, 1.00) #fs:   6  -- #Conts: 79 H(62)  G(17) 
  31378927 3925.41 || noQ Q (Avg,Max,Min) (1.00, 1.00, 0.91) (0.82, 0.50, 1.00) #fs:   6  -- #Conts: 78 H(61)  G(17) 
  31398243 3893.88 || noQ Q (Avg,Max,Min) (1.00, 1.00, 0.90) (0.82, 0.50, 1.00) #fs:   5  -- #Conts: 78 H(54)  G(24) 
  31398314 3862.35 || noQ Q (Avg,Max,Min) (1.00, 1.00, 0.90) (0.82, 0.50, 1.00) #fs:   5  -- #Conts: 78 H(53)  G(25) 
  31402071 3846.59 || noQ Q (Avg,Max,Min) (1.00, 1.00, 0.90) (0.83, 0.50, 1.00) #fs:   5  -- #Conts: 77 H(53)  G(24) 
  31406283 3815.06 || noQ Q (Avg,Max,Min) (1.00, 1.00, 0.90) (0.82, 0.50, 1.00) #fs:   5  -- #Conts: 77 H(48)  G(29) 
  31479315 3783.53 || noQ Q (Avg,Max,Min) (1.00, 1.00, 0.90) (0.80, 0.50, 1.00) #fs:   8  -- #Conts: 77 H(33)  G(44) 
  31485052 3752.00 || noQ Q (Avg,Max,Min) (1.00, 1.00, 0.90) (0.80, 0.50, 1.00) #fs:   7  -- #Conts: 77 H(30)  G(47) 
  31487312 3720.47 || noQ Q (Avg,Max,Min) (1.00, 1.00, 0.90) (0.81, 0.50, 1.00) #fs:   7  -- #Conts: 77 H(29)  G(48) 
  31490725 3688.94 || noQ Q (Avg,Max,Min) (1.00, 1.00, 0.90) (0.81, 0.50, 1.00) #fs:   7  -- #Conts: 77 H(28)  G(49) 
  31492967 3657.41 || noQ Q (Avg,Max,Min) (1.00, 1.00, 0.90) (0.82, 0.50, 1.00) #fs:   8  -- #Conts: 77 H(27)  G(50) 
  31508173 3625.88 || noQ Q (Avg,Max,Min) (1.00, 1.00, 0.90) (0.82, 0.50, 1.00) #fs:   7  -- #Conts: 77 H(25)  G(52) 
  31508317 3594.35 || noQ Q (Avg,Max,Min) (1.00, 1.00, 0.90) (0.82, 0.50, 1.00) #fs:   8  -- #Conts: 77 H(24)  G(53) 
  31516243 3562.82 || noQ Q (Avg,Max,Min) (1.00, 1.00, 0.90) (0.83, 0.50, 1.00) #fs:  10  -- #Conts: 77 H(23)  G(54) 
  31519743 3531.29 || noQ Q (Avg,Max,Min) (1.00, 1.00, 0.90) (0.83, 0.50, 1.00) #fs:  10  -- #Conts: 77 H(22)  G(55) 
  31537248 3499.76 || noQ Q (Avg,Max,Min) (1.00, 1.00, 0.90) (0.83, 0.50, 1.00) #fs:  10  -- #Conts: 77 H(20)  G(57) 
  31548670 3468.24 || noQ Q (Avg,Max,Min) (1.00, 1.00, 0.90) (0.84, 0.50, 1.00) #fs:  11  -- #Conts: 77 H(17)  G(60) 
  31581951 3436.71 || noQ Q (Avg,Max,Min) (1.00, 1.01, 0.98) (0.84, 0.50, 1.00) #fs:  13  -- #Conts: 78 H(16)  G(62) 
  34057442 3373.65 || noQ Q (Avg,Max,Min) (1.00, 1.00, 0.83) (0.84, 0.51, 0.99) #fs:  13  -- #Conts: 78 H(10)  G(68) 
  34080573 3342.12 || noQ Q (Avg,Max,Min) (0.99, 1.00, 0.78) (0.85, 0.51, 0.99) #fs:  14  -- #Conts: 77 H(8)  G(69) 
  34080605 3310.59 || noQ Q (Avg,Max,Min) (1.00, 1.00, 0.83) (0.85, 0.51, 0.99) #fs:  13  -- #Conts: 78 H(8)  G(70) 
  34086358 3279.06 || noQ Q (Avg,Max,Min) (1.00, 1.00, 0.83) (0.85, 0.51, 0.99) #fs:  13  -- #Conts: 78 H(7)  G(71) 
  34092192 3247.53 || noQ Q (Avg,Max,Min) (1.00, 1.00, 0.83) (0.86, 0.51, 0.99) #fs:  13  -- #Conts: 78 H(6)  G(72) 
  34097969 3216.00 || noQ Q (Avg,Max,Min) (1.00, 1.00, 0.83) (0.86, 0.51, 0.99) #fs:  13  -- #Conts: 78 H(5)  G(73) 
  34109558 3184.47 || noQ Q (Avg,Max,Min) (1.00, 1.00, 0.83) (0.87, 0.51, 0.99) #fs:  13  -- #Conts: 78 H(4)  G(74) 
  34173186 3152.94 || noQ Q (Avg,Max,Min) (1.00, 1.00, 0.88) (0.87, 0.52, 0.99) #fs:  13  -- #Conts: 78 H(2)  G(76) 
  34225285 3121.41 || noQ Q (Avg,Max,Min) (1.00, 1.00, 0.88) (0.88, 0.81, 0.99) #fs:  13  -- #Conts: 78 H(1)  G(77) 
  35489834 3105.65 || noQ Q (Avg,Max,Min) (1.00, 1.03, 0.98) (0.88, 0.84, 0.99) #fs:  12  -- #Conts: 79 H(2)  G(77) 
  39332904 3103.29 || noQ Q (Avg,Max,Min) (1.00, 1.03, 0.98) (0.88, 0.84, 0.99) #fs:  12  -- #Conts: 80 H(2)  G(77)  E(1) 
  39550890 3089.88 || noQ Q (Avg,Max,Min) (1.00, 1.03, 0.98) (0.88, 0.84, 0.99) #fs:  12  -- #Conts: 78 H(1)  G(77) 
  41713532 3054.59 || noQ Q (Avg,Max,Min) (1.00, 1.00, 0.83) (0.92, 0.51, 0.98) #fs:  13  -- #Conts: 73 H(6)  G(26)  E(41) 
  41714896 3027.76 || noQ Q (Avg,Max,Min) (1.00, 1.00, 0.83) (0.92, 0.51, 0.98) #fs:  13  -- #Conts: 72 H(5)  G(27)  E(40) 
  41719309 3023.06 || noQ Q (Avg,Max,Min) (1.00, 1.00, 0.83) (0.92, 0.51, 0.98) #fs:  13  -- #Conts: 73 H(5)  G(27)  E(41) 
  41726485 2996.24 || noQ Q (Avg,Max,Min) (1.00, 1.00, 0.83) (0.93, 0.51, 0.98) #fs:  13  -- #Conts: 72 H(4)  G(28)  E(40) 
  41730898 2991.53 || noQ Q (Avg,Max,Min) (1.00, 1.00, 0.83) (0.93, 0.51, 0.98) #fs:  13  -- #Conts: 73 H(4)  G(28)  E(41) 
  41739636 2986.82 || noQ Q (Avg,Max,Min) (1.00, 1.00, 0.83) (0.93, 0.51, 0.99) #fs:  13  -- #Conts: 74 H(4)  G(28)  E(42) 
  41749380 2982.12 || noQ Q (Avg,Max,Min) (1.00, 1.00, 0.83) (0.93, 0.51, 0.99) #fs:  13  -- #Conts: 75 H(4)  G(28)  E(43) 
  41790113 2964.71 || noQ Q (Avg,Max,Min) (1.00, 1.00, 0.88) (0.93, 0.52, 0.98) #fs:  13  -- #Conts: 72 H(2)  G(30)  E(40) 
  41794526 2960.00 || noQ Q (Avg,Max,Min) (1.00, 1.00, 0.88) (0.93, 0.52, 0.98) #fs:  13  -- #Conts: 73 H(2)  G(30)  E(41) 
  41803264 2955.29 || noQ Q (Avg,Max,Min) (1.00, 1.00, 0.88) (0.93, 0.52, 0.99) #fs:  13  -- #Conts: 74 H(2)  G(30)  E(42) 
  41813008 2950.59 || noQ Q (Avg,Max,Min) (1.00, 1.00, 0.88) (0.93, 0.52, 0.99) #fs:  13  -- #Conts: 75 H(2)  G(30)  E(43) 
  41842212 2933.18 || noQ Q (Avg,Max,Min) (1.00, 1.00, 0.88) (0.94, 0.81, 0.98) #fs:  13  -- #Conts: 72 H(1)  G(31)  E(40) 
  41846625 2928.47 || noQ Q (Avg,Max,Min) (1.00, 1.00, 0.88) (0.94, 0.81, 0.98) #fs:  13  -- #Conts: 73 H(1)  G(31)  E(41) 
  41855363 2923.76 || noQ Q (Avg,Max,Min) (1.00, 1.00, 0.88) (0.94, 0.81, 0.99) #fs:  13  -- #Conts: 74 H(1)  G(31)  E(42) 
  41865107 2919.06 || noQ Q (Avg,Max,Min) (1.00, 1.00, 0.88) (0.94, 0.81, 0.99) #fs:  13  -- #Conts: 75 H(1)  G(31)  E(43) 
  41904419 2914.35 || noQ Q (Avg,Max,Min) (1.00, 1.00, 0.88) (0.94, 0.81, 0.99) #fs:  13  -- #Conts: 76 H(1)  G(31)  E(44) 
  41933506 2909.65 || noQ Q (Avg,Max,Min) (1.00, 1.00, 0.88) (0.94, 0.81, 0.99) #fs:  13  -- #Conts: 77 H(1)  G(31)  E(45) 
  41943465 2904.94 || noQ Q (Avg,Max,Min) (1.00, 1.00, 0.88) (0.94, 0.81, 0.99) #fs:  13  -- #Conts: 78 H(1)  G(31)  E(46) 
  43129656 2903.29 || noQ Q (Avg,Max,Min) (1.00, 1.03, 0.98) (0.94, 0.84, 0.99) #fs:  12  -- #Conts: 76 H(2)  G(31)  E(43) 
  43168968 2898.59 || noQ Q (Avg,Max,Min) (1.00, 1.03, 0.98) (0.94, 0.84, 0.99) #fs:  12  -- #Conts: 77 H(2)  G(31)  E(44) 
  43198055 2893.88 || noQ Q (Avg,Max,Min) (1.00, 1.03, 0.98) (0.94, 0.84, 0.99) #fs:  12  -- #Conts: 78 H(2)  G(31)  E(45) 
  43208014 2889.18 || noQ Q (Avg,Max,Min) (1.00, 1.03, 0.98) (0.94, 0.84, 0.99) #fs:  12  -- #Conts: 79 H(2)  G(31)  E(46) 
  47051084 2886.82 || noQ Q (Avg,Max,Min) (1.00, 1.03, 0.98) (0.94, 0.84, 0.99) #fs:  12  -- #Conts: 80 H(2)  G(31)  E(47) 
  47230344 2882.82 || noQ Q (Avg,Max,Min) (1.00, 1.03, 0.96) (0.94, 0.84, 0.99) #fs:  13  -- #Conts: 76 H(1)  G(31)  E(44) 
  47259431 2878.12 || noQ Q (Avg,Max,Min) (1.00, 1.03, 0.96) (0.94, 0.84, 0.99) #fs:  13  -- #Conts: 77 H(1)  G(31)  E(45) 
  47269390 2873.41 || noQ Q (Avg,Max,Min) (1.00, 1.03, 0.98) (0.94, 0.84, 0.99) #fs:  12  -- #Conts: 79 H(1)  G(32)  E(46) 
  49877042 2867.06 || noQ Q (Avg,Max,Min) (1.00, 1.06, 0.97) (0.94, 0.84, 0.99) #fs:  13  -- #Conts: 76 H(1)  G(31)  E(44) 
  49906129 2862.35 || noQ Q (Avg,Max,Min) (1.00, 1.06, 0.97) (0.94, 0.84, 0.99) #fs:  13  -- #Conts: 77 H(1)  G(31)  E(45) 
  49916088 2857.65 || noQ Q (Avg,Max,Min) (1.00, 1.06, 0.98) (0.94, 0.84, 0.99) #fs:  12  -- #Conts: 79 H(1)  G(32)  E(46) 
  53083498 2848.59 || noQ Q (Avg,Max,Min) (1.00, 1.01, 0.98) (0.94, 0.69, 1.00) #fs:  12  -- #Conts: 79 G(32)  E(47) 
  57499079 2830.12 || noQ Q (Avg,Max,Min) (1.00, 1.03, 0.98) (0.94, 0.84, 0.99) #fs:  12  -- #Conts: 79 H(1)  G(16)  E(62) 
  60145777 2814.35 || noQ Q (Avg,Max,Min) (1.00, 1.06, 0.98) (0.94, 0.84, 0.99) #fs:  12  -- #Conts: 79 H(1)  G(16)  E(62) 
  63313187 2805.29 || noQ Q (Avg,Max,Min) (1.00, 1.01, 0.98) (0.94, 0.69, 1.00) #fs:  12  -- #Conts: 79 G(16)  E(63) 
  63927151 2794.12 || noQ Q (Avg,Max,Min) (1.00, 1.02, 0.98) (0.96, 0.76, 0.99) #fs:  12  -- #Conts: 79 H(1)  G(5)  E(73) 
  63953267 2789.41 || noQ Q (Avg,Max,Min) (1.00, 1.02, 0.98) (0.96, 0.76, 0.99) #fs:  12  -- #Conts: 79 H(1)  G(4)  E(74) 
  64018503 2784.71 || noQ Q (Avg,Max,Min) (1.00, 1.02, 0.98) (0.96, 0.76, 0.99) #fs:  12  -- #Conts: 79 H(1)  G(3)  E(75) 
  64096786 2780.00 || noQ Q (Avg,Max,Min) (1.00, 1.02, 0.98) (0.96, 0.76, 0.99) #fs:  12  -- #Conts: 79 H(1)  G(2)  E(76) 
  64214256 2775.29 || noQ Q (Avg,Max,Min) (1.00, 1.02, 0.98) (0.96, 0.76, 1.00) #fs:  12  -- #Conts: 79 H(1)  G(1)  E(77) 
  65225768 2773.65 || noQ Q (Avg,Max,Min) (1.00, 1.03, 0.98) (0.96, 0.85, 0.99) #fs:  12  -- #Conts: 80 H(1)  G(5)  E(74) 
  65291004 2768.94 || noQ Q (Avg,Max,Min) (1.00, 1.03, 0.98) (0.96, 0.85, 0.99) #fs:  12  -- #Conts: 80 H(1)  G(4)  E(75) 
  65369287 2764.24 || noQ Q (Avg,Max,Min) (1.00, 1.03, 0.98) (0.96, 0.85, 0.99) #fs:  12  -- #Conts: 80 H(1)  G(3)  E(76) 
  65486757 2759.53 || noQ Q (Avg,Max,Min) (1.00, 1.03, 0.98) (0.96, 0.85, 1.00) #fs:  12  -- #Conts: 80 H(1)  G(2)  E(77) 
  69089150 2757.18 || noQ Q (Avg,Max,Min) (1.00, 1.03, 0.98) (0.96, 0.85, 1.00) #fs:  12  -- #Conts: 80 H(1)  G(2)  E(77) 
  74351843 2754.82 || noQ Q (Avg,Max,Min) (1.00, 1.05, 0.98) (0.96, 0.81, 1.00) #fs:  12  -- #Conts: 81 H(1)  G(2)  E(78) 
  77954236 2752.47 || noQ Q (Avg,Max,Min) (1.00, 1.05, 0.98) (0.96, 0.81, 1.00) #fs:  12  -- #Conts: 81 H(1)  G(2)  E(78) 
  81781402 2750.12 || noQ Q (Avg,Max,Min) (1.00, 1.05, 0.98) (0.96, 0.81, 0.99) #fs:  12  -- #Conts: 80 H(1)  G(1)  E(78) 
  86859366 2741.06 || noQ Q (Avg,Max,Min) (1.00, 1.01, 0.98) (0.96, 0.85, 1.00) #fs:  12  -- #Conts: 80 G(2)  E(78) 
  90686520 2738.71 || noQ Q (Avg,Max,Min) (1.00, 1.00, 0.98) (0.96, 0.92, 0.99) #fs:  12  -- #Conts: 78 G(1)  E(77) 
  97385798 2737.53 || noQ Q (Avg,Max,Min) (1.00, 1.01, 0.98) (0.96, 0.85, 1.00) #fs:  12  -- #Conts: 81 G(2)  E(78)  C(1) 
 101220904 2735.18 || noQ Q (Avg,Max,Min) (1.00, 1.01, 0.98) (0.96, 0.94, 1.00) #fs:  12  -- #Conts: 80 G(1)  E(78)  C(1) 
 117748329 2734.47 || noQ Q (Avg,Max,Min) (1.00, 1.01, 0.98) (0.96, 0.88, 1.00) #fs:  12  -- #Conts: 81 G(1)  A(1)  E(78)  C(1) 
/////////////////size: 93
nodes 100 edges 234
 mulT: 10000 mulD: 100  sumData GB 184
pareto /MONTAGE.n.100.0.dax time -> 12341.0
moheft /MONTAGE.n.100.0.dax time -> 17575.0
distance from M to C 1.71781572713983
distance from P to C 18.112549471510178
distance from C to M 3.0508103992750244
distance from C to P 41.72908034271443
toCompare: /MONTAGE.n.100.0.dax sumDataGB: 184 mulT: 10000 mulD: 100 paretoOptTime_MS: 12341.0 MoheftOptimizationTime_MS: 17575.0 MtoC 1.71781572713983 PtoC 18.112549471510178 CtoM 3.0508103992750244 CtoP 41.72908034271443
