specify -Dflow d,b,mt,md,size
Running /home/vaggelis/jc/MONTAGE.n.100.0.dax mt 10000 md: 500 size null
  25795943 4445.65 || noQ Q (Avg,Max,Min) (0.95, 1.02, 0.67) (0.82, 0.51, 1.02) #fs:  21  -- #Conts: 65 H(65) 
  29172166 4319.53 || noQ Q (Avg,Max,Min) (0.99, 1.08, 0.57) (0.82, 0.51, 1.02) #fs:  14  -- #Conts: 67 H(67) 
  29201978 4288.00 || noQ Q (Avg,Max,Min) (1.00, 1.08, 0.73) (0.82, 0.51, 1.02) #fs:  13  -- #Conts: 68 H(68) 
  29276635 4256.47 || noQ Q (Avg,Max,Min) (0.91, 1.01, 0.73) (0.83, 0.51, 1.01) #fs:  24  -- #Conts: 42 H(42) 
  29290140 4224.94 || noQ Q (Avg,Max,Min) (0.91, 1.01, 0.73) (0.83, 0.51, 1.01) #fs:  24  -- #Conts: 39 H(39) 
  29305806 4161.88 || noQ Q (Avg,Max,Min) (0.90, 1.01, 0.73) (0.85, 0.51, 1.01) #fs:  25  -- #Conts: 36 H(36) 
  29314981 4035.76 || noQ Q (Avg,Max,Min) (0.93, 1.02, 0.73) (0.88, 0.51, 1.02) #fs:  22  -- #Conts: 39 H(39) 
  29379002 4004.24 || noQ Q (Avg,Max,Min) (0.92, 1.02, 0.67) (0.89, 0.61, 1.02) #fs:  22  -- #Conts: 37 H(37) 
  32775457 3941.18 || noQ Q (Avg,Max,Min) (1.01, 1.08, 1.00) (0.84, 0.51, 1.02) #fs:   9  -- #Conts: 49 H(49) 
  33680341 3909.65 || noQ Q (Avg,Max,Min) (1.01, 1.08, 0.89) (0.86, 0.51, 1.02) #fs:   4  -- #Conts: 61 H(61) 
  33730188 3878.12 || noQ Q (Avg,Max,Min) (1.01, 1.08, 0.89) (0.86, 0.51, 1.02) #fs:   3  -- #Conts: 60 H(60) 
  33795816 3846.59 || noQ Q (Avg,Max,Min) (1.01, 1.02, 0.78) (0.86, 0.51, 1.02) #fs:   4  -- #Conts: 50 H(50) 
  33822890 3815.06 || noQ Q (Avg,Max,Min) (1.01, 1.02, 0.78) (0.87, 0.51, 1.02) #fs:   4  -- #Conts: 49 H(49) 
  33823579 3783.53 || noQ Q (Avg,Max,Min) (1.01, 1.08, 0.79) (0.87, 0.51, 1.02) #fs:   3  -- #Conts: 50 H(50) 
  33853391 3752.00 || noQ Q (Avg,Max,Min) (1.01, 1.08, 0.97) (0.87, 0.51, 1.02) #fs:   2  -- #Conts: 51 H(51) 
  33896548 3720.47 || noQ Q (Avg,Max,Min) (1.01, 1.08, 0.96) (0.88, 0.51, 1.02) #fs:   2  -- #Conts: 50 H(50) 
  37330651 3688.94 || noQ Q (Avg,Max,Min) (1.01, 1.07, 0.97) (0.88, 0.52, 1.02) #fs:   1  -- #Conts: 48 H(48) 
  37417680 3625.88 || noQ Q (Avg,Max,Min) (1.01, 1.07, 0.97) (0.91, 0.52, 1.02) #fs:   2  -- #Conts: 45 H(45) 
  37444839 3594.35 || noQ Q (Avg,Max,Min) (1.01, 1.07, 0.97) (0.92, 0.52, 1.02) #fs:   2  -- #Conts: 44 H(44) 
  37492773 3562.82 || noQ Q (Avg,Max,Min) (1.01, 1.07, 0.97) (0.93, 0.53, 1.02) #fs:   1  -- #Conts: 43 H(43) 
  37584058 3531.29 || noQ Q (Avg,Max,Min) (1.01, 1.07, 0.97) (0.94, 0.68, 1.02) #fs:   1  -- #Conts: 42 H(42) 
  38412691 3184.47 || noQ Q (Avg,Max,Min) (1.00, 1.01, 0.67) (0.88, 0.63, 0.98) #fs:   7  -- #Conts: 76 H(1)  G(75) 
  38435274 3137.18 || noQ Q (Avg,Max,Min) (1.01, 1.01, 0.88) (0.88, 0.71, 0.98) #fs:   6  -- #Conts: 77 H(1)  G(76) 
  44112381 3121.41 || noQ Q (Avg,Max,Min) (1.00, 1.05, 0.67) (0.88, 0.63, 0.98) #fs:   7  -- #Conts: 76 G(76) 
  44134964 3074.12 || noQ Q (Avg,Max,Min) (1.01, 1.05, 1.00) (0.89, 0.84, 0.98) #fs:   6  -- #Conts: 77 G(77) 
  49910286 3058.35 || noQ Q (Avg,Max,Min) (1.01, 1.02, 1.00) (0.89, 0.84, 0.99) #fs:   5  -- #Conts: 76 G(76) 
  81782116 2801.18 || noQ Q (Avg,Max,Min) (1.00, 1.01, 0.76) (0.96, 0.73, 0.99) #fs:   8  -- #Conts: 77 G(8)  E(69) 
  81794996 2796.47 || noQ Q (Avg,Max,Min) (1.00, 1.01, 0.76) (0.96, 0.73, 0.99) #fs:   8  -- #Conts: 77 G(7)  E(70) 
  81808291 2791.76 || noQ Q (Avg,Max,Min) (1.00, 1.01, 0.76) (0.96, 0.73, 0.99) #fs:   8  -- #Conts: 77 G(6)  E(71) 
  81821291 2787.06 || noQ Q (Avg,Max,Min) (1.00, 1.01, 0.76) (0.96, 0.73, 0.99) #fs:   8  -- #Conts: 77 G(5)  E(72) 
  81847478 2782.35 || noQ Q (Avg,Max,Min) (1.00, 1.01, 0.76) (0.96, 0.73, 0.99) #fs:   8  -- #Conts: 77 G(4)  E(73) 
  81912660 2777.65 || noQ Q (Avg,Max,Min) (1.00, 1.01, 0.75) (0.96, 0.73, 0.99) #fs:   8  -- #Conts: 77 G(3)  E(74) 
  81990884 2772.94 || noQ Q (Avg,Max,Min) (1.00, 1.01, 0.75) (0.96, 0.73, 1.00) #fs:   8  -- #Conts: 77 G(2)  E(75) 
  82108447 2768.24 || noQ Q (Avg,Max,Min) (1.00, 1.01, 0.75) (0.97, 0.73, 1.00) #fs:   8  -- #Conts: 77 G(1)  E(76) 
  99286025 2734.00 || noQ Q (Avg,Max,Min) (1.00, 1.02, 1.00) (0.97, 0.90, 1.00) #fs:   7  -- #Conts: 77 G(1)  E(76) 
  99286580 2729.29 || noQ Q (Avg,Max,Min) (1.00, 1.02, 1.00) (0.97, 0.95, 1.00) #fs:   8  -- #Conts: 77 E(77) 
/////////////////size: 36
  29099540 4240.71 || noQ Q (Avg,Max,Min) (0.95, 1.02, 0.56) (0.86, 0.51, 1.02) #fs:  17  -- #Conts: 77 H(61)  G(16) 
  29148139 4193.41 || noQ Q (Avg,Max,Min) (0.95, 1.04, 0.56) (0.85, 0.51, 1.02) #fs:  12  -- #Conts: 82 H(66)  G(16) 
  29149163 4161.88 || noQ Q (Avg,Max,Min) (0.95, 1.04, 0.56) (0.86, 0.51, 1.02) #fs:  13  -- #Conts: 82 H(66)  G(16) 
  31323847 4146.12 || noQ Q (Avg,Max,Min) (1.01, 1.02, 0.94) (0.82, 0.51, 1.02) #fs:   2  -- #Conts: 90 H(74)  G(16) 
  31323851 4114.59 || noQ Q (Avg,Max,Min) (1.01, 1.02, 0.95) (0.82, 0.51, 1.02) #fs:   2  -- #Conts: 90 H(74)  G(16) 
  31353024 4098.82 || noQ Q (Avg,Max,Min) (1.01, 1.02, 0.94) (0.82, 0.51, 1.02) #fs:   2  -- #Conts: 89 H(73)  G(16) 
  31392802 4083.06 || noQ Q (Avg,Max,Min) (1.01, 1.02, 0.94) (0.83, 0.51, 1.02) #fs:   2  -- #Conts: 88 H(72)  G(16) 
  31416818 4051.53 || noQ Q (Avg,Max,Min) (1.01, 1.02, 0.94) (0.83, 0.51, 1.02) #fs:   2  -- #Conts: 86 H(70)  G(16) 
  31428321 4035.76 || noQ Q (Avg,Max,Min) (1.01, 1.02, 0.94) (0.83, 0.51, 1.02) #fs:   2  -- #Conts: 85 H(69)  G(16) 
  31451259 4020.00 || noQ Q (Avg,Max,Min) (1.01, 1.02, 0.94) (0.83, 0.51, 1.02) #fs:   2  -- #Conts: 84 H(68)  G(16) 
  31455579 4004.24 || noQ Q (Avg,Max,Min) (1.01, 1.02, 0.94) (0.83, 0.51, 1.02) #fs:   3  -- #Conts: 83 H(67)  G(16) 
  31456602 3988.47 || noQ Q (Avg,Max,Min) (1.01, 1.02, 0.94) (0.83, 0.51, 1.02) #fs:   5  -- #Conts: 82 H(66)  G(16) 
  31468290 3956.94 || noQ Q (Avg,Max,Min) (1.01, 1.02, 0.94) (0.83, 0.51, 1.02) #fs:   6  -- #Conts: 80 H(64)  G(16) 
  31468824 3941.18 || noQ Q (Avg,Max,Min) (1.01, 1.02, 0.94) (0.83, 0.51, 1.02) #fs:   6  -- #Conts: 79 H(63)  G(16) 
  31497723 3925.41 || noQ Q (Avg,Max,Min) (1.01, 1.02, 0.94) (0.83, 0.51, 1.02) #fs:   5  -- #Conts: 78 H(62)  G(16) 
  31507378 3909.65 || noQ Q (Avg,Max,Min) (1.01, 1.02, 0.94) (0.84, 0.51, 1.02) #fs:   5  -- #Conts: 77 H(61)  G(16) 
  31525739 3878.12 || noQ Q (Avg,Max,Min) (1.01, 1.02, 0.94) (0.84, 0.51, 1.02) #fs:   7  -- #Conts: 77 H(60)  G(17) 
  31526093 3846.59 || noQ Q (Avg,Max,Min) (1.01, 1.02, 0.94) (0.84, 0.51, 1.02) #fs:   6  -- #Conts: 77 H(59)  G(18) 
  31565940 3815.06 || noQ Q (Avg,Max,Min) (1.01, 1.02, 0.94) (0.83, 0.51, 1.02) #fs:   7  -- #Conts: 77 H(48)  G(29) 
  31607067 3752.00 || noQ Q (Avg,Max,Min) (1.01, 1.02, 0.93) (0.82, 0.51, 1.02) #fs:   7  -- #Conts: 77 H(37)  G(40) 
  31617830 3720.47 || noQ Q (Avg,Max,Min) (1.01, 1.02, 0.93) (0.82, 0.51, 1.02) #fs:   9  -- #Conts: 77 H(34)  G(43) 
  31636357 3688.94 || noQ Q (Avg,Max,Min) (1.01, 1.02, 0.93) (0.82, 0.51, 1.02) #fs:   8  -- #Conts: 77 H(30)  G(47) 
  31647049 3625.88 || noQ Q (Avg,Max,Min) (1.01, 1.02, 0.93) (0.83, 0.51, 1.02) #fs:   9  -- #Conts: 77 H(26)  G(51) 
  31652180 3594.35 || noQ Q (Avg,Max,Min) (1.01, 1.02, 0.93) (0.83, 0.51, 1.02) #fs:   9  -- #Conts: 77 H(25)  G(52) 
  31657587 3562.82 || noQ Q (Avg,Max,Min) (1.01, 1.02, 0.93) (0.84, 0.51, 1.02) #fs:   9  -- #Conts: 77 H(24)  G(53) 
  31675986 3531.29 || noQ Q (Avg,Max,Min) (1.01, 1.02, 0.93) (0.84, 0.51, 1.02) #fs:  12  -- #Conts: 77 H(22)  G(55) 
  31698984 3499.76 || noQ Q (Avg,Max,Min) (1.01, 1.02, 0.93) (0.84, 0.51, 1.02) #fs:  12  -- #Conts: 77 H(19)  G(58) 
  31705103 3468.24 || noQ Q (Avg,Max,Min) (1.01, 1.02, 0.93) (0.84, 0.51, 1.02) #fs:  12  -- #Conts: 77 H(17)  G(60) 
  31743497 3436.71 || noQ Q (Avg,Max,Min) (1.01, 1.07, 0.98) (0.85, 0.51, 1.02) #fs:  13  -- #Conts: 78 H(16)  G(62) 
  34218944 3373.65 || noQ Q (Avg,Max,Min) (1.00, 1.02, 0.89) (0.85, 0.52, 0.99) #fs:  13  -- #Conts: 78 H(10)  G(68) 
  34242024 3342.12 || noQ Q (Avg,Max,Min) (1.00, 1.02, 0.79) (0.85, 0.52, 0.99) #fs:  14  -- #Conts: 77 H(8)  G(69) 
  34242183 3310.59 || noQ Q (Avg,Max,Min) (1.00, 1.02, 0.88) (0.86, 0.52, 0.99) #fs:  13  -- #Conts: 78 H(8)  G(70) 
  34247800 3279.06 || noQ Q (Avg,Max,Min) (1.00, 1.02, 0.88) (0.86, 0.52, 0.99) #fs:  13  -- #Conts: 78 H(7)  G(71) 
  34253832 3247.53 || noQ Q (Avg,Max,Min) (1.00, 1.02, 0.88) (0.86, 0.52, 0.99) #fs:  13  -- #Conts: 78 H(6)  G(72) 
  34259568 3216.00 || noQ Q (Avg,Max,Min) (1.00, 1.02, 0.88) (0.87, 0.52, 0.99) #fs:  13  -- #Conts: 78 H(5)  G(73) 
  34271228 3184.47 || noQ Q (Avg,Max,Min) (1.00, 1.02, 0.88) (0.87, 0.52, 0.99) #fs:  13  -- #Conts: 78 H(4)  G(74) 
  34334769 3152.94 || noQ Q (Avg,Max,Min) (1.00, 1.02, 0.91) (0.88, 0.53, 0.99) #fs:  13  -- #Conts: 78 H(2)  G(76) 
  34386961 3121.41 || noQ Q (Avg,Max,Min) (1.00, 1.01, 0.91) (0.88, 0.84, 0.99) #fs:  13  -- #Conts: 78 H(1)  G(77) 
  35619751 3105.65 || noQ Q (Avg,Max,Min) (1.01, 1.14, 0.98) (0.88, 0.84, 0.99) #fs:  12  -- #Conts: 79 H(2)  G(77) 
  39494626 3103.29 || noQ Q (Avg,Max,Min) (1.01, 1.14, 0.98) (0.89, 0.84, 0.99) #fs:  12  -- #Conts: 80 H(2)  G(77)  E(1) 
  39701919 3089.88 || noQ Q (Avg,Max,Min) (1.01, 1.14, 0.98) (0.88, 0.84, 0.99) #fs:  13  -- #Conts: 78 H(1)  G(77) 
  41875090 3054.59 || noQ Q (Avg,Max,Min) (1.00, 1.02, 0.88) (0.92, 0.52, 0.98) #fs:  13  -- #Conts: 73 H(6)  G(26)  E(41) 
  41876484 3027.76 || noQ Q (Avg,Max,Min) (1.00, 1.02, 0.88) (0.93, 0.52, 0.98) #fs:  13  -- #Conts: 72 H(5)  G(27)  E(40) 
  41880826 3023.06 || noQ Q (Avg,Max,Min) (1.00, 1.02, 0.88) (0.93, 0.52, 0.98) #fs:  13  -- #Conts: 73 H(5)  G(27)  E(41) 
  41888144 2996.24 || noQ Q (Avg,Max,Min) (1.00, 1.02, 0.88) (0.93, 0.52, 0.98) #fs:  13  -- #Conts: 72 H(4)  G(28)  E(40) 
  41892486 2991.53 || noQ Q (Avg,Max,Min) (1.00, 1.02, 0.88) (0.93, 0.52, 0.98) #fs:  13  -- #Conts: 73 H(4)  G(28)  E(41) 
  41901704 2986.82 || noQ Q (Avg,Max,Min) (1.00, 1.02, 0.88) (0.93, 0.52, 0.99) #fs:  13  -- #Conts: 74 H(4)  G(28)  E(42) 
  41910532 2982.12 || noQ Q (Avg,Max,Min) (1.00, 1.02, 0.88) (0.93, 0.52, 0.99) #fs:  13  -- #Conts: 75 H(4)  G(28)  E(43) 
  41951685 2964.71 || noQ Q (Avg,Max,Min) (1.00, 1.02, 0.91) (0.94, 0.53, 0.98) #fs:  13  -- #Conts: 72 H(2)  G(30)  E(40) 
  41956027 2960.00 || noQ Q (Avg,Max,Min) (1.00, 1.02, 0.91) (0.94, 0.53, 0.98) #fs:  13  -- #Conts: 73 H(2)  G(30)  E(41) 
  41965245 2955.29 || noQ Q (Avg,Max,Min) (1.00, 1.02, 0.91) (0.94, 0.53, 0.99) #fs:  13  -- #Conts: 74 H(2)  G(30)  E(42) 
  41974073 2950.59 || noQ Q (Avg,Max,Min) (1.00, 1.02, 0.91) (0.94, 0.53, 0.99) #fs:  13  -- #Conts: 75 H(2)  G(30)  E(43) 
  42003877 2933.18 || noQ Q (Avg,Max,Min) (1.00, 1.01, 0.91) (0.94, 0.85, 0.98) #fs:  13  -- #Conts: 72 H(1)  G(31)  E(40) 
  42008219 2928.47 || noQ Q (Avg,Max,Min) (1.00, 1.01, 0.91) (0.94, 0.85, 0.98) #fs:  13  -- #Conts: 73 H(1)  G(31)  E(41) 
  42017437 2923.76 || noQ Q (Avg,Max,Min) (1.00, 1.01, 0.91) (0.94, 0.85, 0.99) #fs:  13  -- #Conts: 74 H(1)  G(31)  E(42) 
  42026265 2919.06 || noQ Q (Avg,Max,Min) (1.00, 1.01, 0.91) (0.94, 0.85, 0.99) #fs:  13  -- #Conts: 75 H(1)  G(31)  E(43) 
  42066231 2914.35 || noQ Q (Avg,Max,Min) (1.00, 1.01, 0.91) (0.94, 0.85, 0.99) #fs:  13  -- #Conts: 76 H(1)  G(31)  E(44) 
  42095450 2909.65 || noQ Q (Avg,Max,Min) (1.00, 1.01, 0.91) (0.94, 0.85, 0.99) #fs:  13  -- #Conts: 77 H(1)  G(31)  E(45) 
  42104868 2904.94 || noQ Q (Avg,Max,Min) (1.00, 1.01, 0.91) (0.95, 0.85, 0.99) #fs:  13  -- #Conts: 78 H(1)  G(31)  E(46) 
  43259055 2903.29 || noQ Q (Avg,Max,Min) (1.00, 1.14, 0.98) (0.94, 0.85, 0.99) #fs:  12  -- #Conts: 76 H(2)  G(31)  E(43) 
  43299021 2898.59 || noQ Q (Avg,Max,Min) (1.00, 1.14, 0.98) (0.94, 0.85, 0.99) #fs:  12  -- #Conts: 77 H(2)  G(31)  E(44) 
  43328240 2893.88 || noQ Q (Avg,Max,Min) (1.00, 1.14, 0.98) (0.95, 0.85, 0.99) #fs:  12  -- #Conts: 78 H(2)  G(31)  E(45) 
  43337658 2889.18 || noQ Q (Avg,Max,Min) (1.00, 1.14, 0.98) (0.95, 0.85, 0.99) #fs:  12  -- #Conts: 79 H(2)  G(31)  E(46) 
  47212533 2886.82 || noQ Q (Avg,Max,Min) (1.00, 1.14, 0.98) (0.95, 0.85, 0.99) #fs:  12  -- #Conts: 80 H(2)  G(31)  E(47) 
  47382787 2882.82 || noQ Q (Avg,Max,Min) (1.00, 1.14, 0.96) (0.95, 0.85, 0.99) #fs:  14  -- #Conts: 76 H(1)  G(31)  E(44) 
  47412006 2878.12 || noQ Q (Avg,Max,Min) (1.00, 1.14, 0.96) (0.95, 0.85, 0.99) #fs:  14  -- #Conts: 77 H(1)  G(31)  E(45) 
  47421424 2873.41 || noQ Q (Avg,Max,Min) (1.00, 1.14, 0.98) (0.95, 0.85, 0.99) #fs:  13  -- #Conts: 79 H(1)  G(32)  E(46) 
  51809930 2867.06 || noQ Q (Avg,Max,Min) (1.00, 1.01, 0.98) (0.95, 0.85, 0.99) #fs:  14  -- #Conts: 75 G(31)  E(44) 
  51839149 2862.35 || noQ Q (Avg,Max,Min) (1.00, 1.01, 0.98) (0.95, 0.85, 0.99) #fs:  14  -- #Conts: 76 G(31)  E(45) 
  51848567 2857.65 || noQ Q (Avg,Max,Min) (1.00, 1.03, 0.98) (0.95, 0.85, 0.99) #fs:  13  -- #Conts: 78 G(32)  E(46) 
  53262916 2848.59 || noQ Q (Avg,Max,Min) (1.00, 1.03, 0.98) (0.94, 0.69, 1.03) #fs:  13  -- #Conts: 79 G(32)  E(47) 
  57588074 2830.12 || noQ Q (Avg,Max,Min) (1.00, 1.14, 0.98) (0.95, 0.85, 0.99) #fs:  13  -- #Conts: 79 H(1)  G(16)  E(62) 
  62015217 2814.35 || noQ Q (Avg,Max,Min) (1.00, 1.03, 0.98) (0.95, 0.85, 0.99) #fs:  13  -- #Conts: 78 G(16)  E(62) 
  63429566 2805.29 || noQ Q (Avg,Max,Min) (1.00, 1.03, 0.98) (0.94, 0.69, 1.03) #fs:  13  -- #Conts: 79 G(16)  E(63) 
  64025464 2794.12 || noQ Q (Avg,Max,Min) (1.00, 1.11, 0.98) (0.96, 0.82, 0.99) #fs:  12  -- #Conts: 79 H(1)  G(5)  E(73) 
  64051651 2789.41 || noQ Q (Avg,Max,Min) (1.00, 1.11, 0.98) (0.96, 0.82, 0.99) #fs:  12  -- #Conts: 79 H(1)  G(4)  E(74) 
  64116833 2784.71 || noQ Q (Avg,Max,Min) (1.00, 1.11, 0.98) (0.96, 0.82, 0.99) #fs:  12  -- #Conts: 79 H(1)  G(3)  E(75) 
  64195057 2780.00 || noQ Q (Avg,Max,Min) (1.00, 1.11, 0.98) (0.96, 0.82, 1.00) #fs:  12  -- #Conts: 79 H(1)  G(2)  E(76) 
  64312620 2775.29 || noQ Q (Avg,Max,Min) (1.00, 1.11, 0.98) (0.96, 0.82, 1.00) #fs:  12  -- #Conts: 79 H(1)  G(1)  E(77) 
  65324198 2773.65 || noQ Q (Avg,Max,Min) (1.00, 1.14, 0.98) (0.96, 0.86, 0.99) #fs:  12  -- #Conts: 80 H(1)  G(5)  E(74) 
  65389380 2768.94 || noQ Q (Avg,Max,Min) (1.00, 1.14, 0.98) (0.96, 0.86, 0.99) #fs:  12  -- #Conts: 80 H(1)  G(4)  E(75) 
  65467604 2764.24 || noQ Q (Avg,Max,Min) (1.00, 1.14, 0.98) (0.96, 0.86, 1.00) #fs:  12  -- #Conts: 80 H(1)  G(3)  E(76) 
  65585167 2759.53 || noQ Q (Avg,Max,Min) (1.00, 1.14, 0.98) (0.96, 0.86, 1.00) #fs:  12  -- #Conts: 80 H(1)  G(2)  E(77) 
  69186382 2757.18 || noQ Q (Avg,Max,Min) (1.00, 1.14, 0.98) (0.97, 0.86, 1.00) #fs:  12  -- #Conts: 80 H(1)  G(2)  E(77) 
  72981743 2754.82 || noQ Q (Avg,Max,Min) (1.00, 1.14, 0.98) (0.97, 0.92, 1.00) #fs:  12  -- #Conts: 79 H(1)  G(1)  E(77) 
  79422396 2752.47 || noQ Q (Avg,Max,Min) (1.01, 1.27, 0.98) (0.97, 0.86, 1.13) #fs:  12  -- #Conts: 81 H(1)  G(2)  E(78) 
  83217757 2750.12 || noQ Q (Avg,Max,Min) (1.01, 1.27, 0.98) (0.97, 0.86, 1.13) #fs:  12  -- #Conts: 80 H(1)  G(1)  E(78) 
  86956598 2741.06 || noQ Q (Avg,Max,Min) (1.00, 1.04, 0.98) (0.97, 0.86, 1.00) #fs:  12  -- #Conts: 80 G(2)  E(78) 
  90751901 2738.71 || noQ Q (Avg,Max,Min) (1.00, 1.02, 0.98) (0.97, 0.92, 1.00) #fs:  12  -- #Conts: 78 G(1)  E(77) 
  97482930 2737.53 || noQ Q (Avg,Max,Min) (1.00, 1.04, 0.98) (0.97, 0.86, 1.00) #fs:  12  -- #Conts: 81 G(2)  E(78)  C(1) 
 101317990 2735.18 || noQ Q (Avg,Max,Min) (1.00, 1.03, 0.98) (0.97, 0.95, 1.00) #fs:  12  -- #Conts: 80 G(1)  E(78)  C(1) 
 117872845 2734.47 || noQ Q (Avg,Max,Min) (1.00, 1.03, 0.98) (0.97, 0.88, 1.02) #fs:  12  -- #Conts: 81 G(1)  A(1)  E(78)  C(1) 
/////////////////size: 92
nodes 100 edges 234
 mulT: 10000 mulD: 500  sumData GB 924
pareto /MONTAGE.n.100.0.dax time -> 12879.0
moheft /MONTAGE.n.100.0.dax time -> 18134.0
distance from M to C 0.4295822737033362
distance from P to C 20.828056857476938
distance from C to M 3.1043898933268226
distance from C to P 44.613443173702564
toCompare: /MONTAGE.n.100.0.dax sumDataGB: 924 mulT: 10000 mulD: 500 paretoOptTime_MS: 12879.0 MoheftOptimizationTime_MS: 18134.0 MtoC 0.4295822737033362 PtoC 20.828056857476938 CtoM 3.1043898933268226 CtoP 44.613443173702564
