specify -Dflow d,b,mt,md,size
Running /home/vaggelis/jc/LIGO.n.500.0.dax mt 50 md: 1000 size null
   2807294 3326.35 || noQ Q (Avg,Max,Min) (0.74, 1.00, 0.49) (0.50, 0.28, 0.66) #fs: 236  -- #Conts: 111 H(100)  G(11) 
   2850782 3310.59 || noQ Q (Avg,Max,Min) (0.74, 1.00, 0.49) (0.50, 0.28, 0.66) #fs: 236  -- #Conts: 111 H(99)  G(12) 
   2903895 3294.82 || noQ Q (Avg,Max,Min) (0.74, 1.00, 0.49) (0.50, 0.28, 0.66) #fs: 235  -- #Conts: 111 H(98)  G(13) 
   3051309 3263.29 || noQ Q (Avg,Max,Min) (0.74, 1.00, 0.51) (0.51, 0.29, 0.67) #fs: 234  -- #Conts: 110 H(97)  G(13) 
   3161333 3216.00 || noQ Q (Avg,Max,Min) (0.74, 1.00, 0.51) (0.52, 0.29, 0.87) #fs: 233  -- #Conts: 108 H(96)  G(12) 
   3168081 3200.24 || noQ Q (Avg,Max,Min) (0.74, 1.00, 0.51) (0.52, 0.29, 0.87) #fs: 232  -- #Conts: 108 H(95)  G(13) 
   3198938 3184.47 || noQ Q (Avg,Max,Min) (0.73, 1.00, 0.44) (0.52, 0.32, 0.87) #fs: 235  -- #Conts: 106 H(96)  G(10) 
   3205469 3168.71 || noQ Q (Avg,Max,Min) (0.73, 1.00, 0.44) (0.52, 0.32, 0.87) #fs: 234  -- #Conts: 106 H(95)  G(11) 
   3342665 3152.94 || noQ Q (Avg,Max,Min) (0.73, 1.01, 0.44) (0.53, 0.32, 0.88) #fs: 235  -- #Conts: 106 H(94)  G(12) 
   3352874 3121.41 || noQ Q (Avg,Max,Min) (0.84, 1.00, 0.57) (0.53, 0.29, 0.70) #fs: 151  -- #Conts: 105 H(93)  G(12) 
   3359622 3105.65 || noQ Q (Avg,Max,Min) (0.84, 1.00, 0.57) (0.54, 0.29, 0.70) #fs: 151  -- #Conts: 105 H(92)  G(13) 
   3422619 3089.88 || noQ Q (Avg,Max,Min) (0.83, 1.00, 0.57) (0.54, 0.29, 0.70) #fs: 151  -- #Conts: 104 H(92)  G(12) 
   3426245 3026.82 || noQ Q (Avg,Max,Min) (0.82, 1.01, 0.57) (0.55, 0.30, 0.91) #fs: 150  -- #Conts: 100 H(92)  G(8) 
   3430470 2979.53 || noQ Q (Avg,Max,Min) (0.83, 1.01, 0.57) (0.56, 0.30, 0.91) #fs: 150  -- #Conts: 100 H(89)  G(11) 
   3446484 2963.76 || noQ Q (Avg,Max,Min) (0.83, 1.01, 0.57) (0.56, 0.30, 0.91) #fs: 150  -- #Conts: 99 H(89)  G(10) 
   3480558 2948.00 || noQ Q (Avg,Max,Min) (0.81, 1.01, 0.57) (0.57, 0.31, 0.91) #fs: 150  -- #Conts: 96 H(91)  G(5) 
   3490101 2932.24 || noQ Q (Avg,Max,Min) (0.81, 1.01, 0.57) (0.57, 0.31, 0.91) #fs: 151  -- #Conts: 95 H(91)  G(4) 
   3493551 2916.47 || noQ Q (Avg,Max,Min) (0.81, 1.01, 0.57) (0.57, 0.31, 0.91) #fs: 147  -- #Conts: 95 H(90)  G(5) 
   3496849 2900.71 || noQ Q (Avg,Max,Min) (0.81, 1.01, 0.57) (0.58, 0.31, 0.91) #fs: 147  -- #Conts: 95 H(89)  G(6) 
   3500131 2884.94 || noQ Q (Avg,Max,Min) (0.81, 1.01, 0.58) (0.58, 0.31, 0.91) #fs: 147  -- #Conts: 95 H(88)  G(7) 
   3522898 2806.12 || noQ Q (Avg,Max,Min) (0.82, 1.01, 0.57) (0.59, 0.31, 0.93) #fs: 152  -- #Conts: 92 H(86)  G(6) 
   3529646 2790.35 || noQ Q (Avg,Max,Min) (0.82, 1.01, 0.57) (0.60, 0.31, 0.93) #fs: 152  -- #Conts: 92 H(85)  G(7) 
   3573900 2711.53 || noQ Q (Avg,Max,Min) (0.81, 1.01, 0.63) (0.61, 0.32, 0.95) #fs: 152  -- #Conts: 91 H(81)  G(10) 
   3626929 2695.76 || noQ Q (Avg,Max,Min) (0.81, 1.01, 0.60) (0.62, 0.32, 0.94) #fs: 152  -- #Conts: 89 H(80)  G(9) 
   3630658 2680.00 || noQ Q (Avg,Max,Min) (0.81, 1.01, 0.63) (0.62, 0.32, 0.94) #fs: 153  -- #Conts: 89 H(79)  G(10) 
   3644940 2616.94 || noQ Q (Avg,Max,Min) (0.81, 1.01, 0.63) (0.63, 0.33, 0.95) #fs: 151  -- #Conts: 87 H(77)  G(10) 
   3695669 2601.18 || noQ Q (Avg,Max,Min) (0.80, 1.01, 0.57) (0.64, 0.38, 0.95) #fs: 150  -- #Conts: 86 H(79)  G(7) 
   3697966 2585.41 || noQ Q (Avg,Max,Min) (0.80, 1.01, 0.57) (0.64, 0.38, 0.95) #fs: 153  -- #Conts: 86 H(78)  G(8) 
   4340119 2553.88 || noQ Q (Avg,Max,Min) (0.83, 1.01, 0.57) (0.68, 0.33, 0.97) #fs: 125  -- #Conts: 69 H(69) 
   4436476 2522.35 || noQ Q (Avg,Max,Min) (0.83, 1.01, 0.58) (0.69, 0.48, 0.97) #fs: 125  -- #Conts: 69 H(69) 
   4762078 2490.82 || noQ Q (Avg,Max,Min) (0.83, 1.01, 0.58) (0.69, 0.51, 0.97) #fs: 125  -- #Conts: 69 H(69) 
   5007435 2459.29 || noQ Q (Avg,Max,Min) (0.83, 1.01, 0.58) (0.69, 0.53, 0.93) #fs: 125  -- #Conts: 69 H(69) 
   5101885 2427.76 || noQ Q (Avg,Max,Min) (0.83, 1.01, 0.58) (0.69, 0.56, 0.93) #fs: 125  -- #Conts: 69 H(69) 
   5440389 2396.24 || noQ Q (Avg,Max,Min) (0.83, 1.01, 0.58) (0.70, 0.56, 0.93) #fs: 124  -- #Conts: 69 H(69) 
   5581831 2364.71 || noQ Q (Avg,Max,Min) (0.83, 1.01, 0.58) (0.71, 0.56, 0.94) #fs: 124  -- #Conts: 69 H(69) 
   5796014 2333.18 || noQ Q (Avg,Max,Min) (0.83, 1.01, 0.58) (0.72, 0.56, 0.97) #fs: 124  -- #Conts: 69 H(69) 
   5963459 2301.65 || noQ Q (Avg,Max,Min) (0.83, 1.01, 0.58) (0.73, 0.56, 0.97) #fs: 124  -- #Conts: 69 H(69) 
   6266733 2270.12 || noQ Q (Avg,Max,Min) (0.85, 1.07, 0.50) (0.74, 0.49, 0.93) #fs: 115  -- #Conts: 63 H(63) 
   6349569 2238.59 || noQ Q (Avg,Max,Min) (0.85, 1.07, 0.50) (0.75, 0.49, 0.93) #fs: 115  -- #Conts: 63 H(63) 
   6533678 2207.06 || noQ Q (Avg,Max,Min) (0.84, 1.06, 0.50) (0.75, 0.49, 0.96) #fs: 115  -- #Conts: 63 H(63) 
   6659914 2175.53 || noQ Q (Avg,Max,Min) (0.85, 1.06, 0.50) (0.76, 0.49, 0.98) #fs: 115  -- #Conts: 63 H(63) 
   6905340 2159.76 || noQ Q (Avg,Max,Min) (0.79, 1.01, 0.39) (0.64, 0.34, 0.97) #fs: 126  -- #Conts: 81 G(81) 
   6991843 2144.00 || noQ Q (Avg,Max,Min) (0.80, 1.01, 0.39) (0.64, 0.34, 0.97) #fs: 129  -- #Conts: 80 G(80) 
   7019514 2128.24 || noQ Q (Avg,Max,Min) (0.79, 1.01, 0.39) (0.65, 0.34, 0.97) #fs: 129  -- #Conts: 79 G(79) 
   7027894 2096.71 || noQ Q (Avg,Max,Min) (0.79, 1.01, 0.39) (0.65, 0.34, 0.97) #fs: 130  -- #Conts: 78 G(78) 
   7091629 2065.18 || noQ Q (Avg,Max,Min) (0.79, 1.01, 0.39) (0.66, 0.34, 0.97) #fs: 129  -- #Conts: 77 G(77) 
   7125475 2049.41 || noQ Q (Avg,Max,Min) (0.79, 1.01, 0.39) (0.67, 0.34, 0.97) #fs: 128  -- #Conts: 76 G(76) 
   7244810 2033.65 || noQ Q (Avg,Max,Min) (0.79, 1.01, 0.39) (0.67, 0.34, 0.97) #fs: 130  -- #Conts: 75 G(75) 
   7311876 2002.12 || noQ Q (Avg,Max,Min) (0.79, 1.01, 0.39) (0.68, 0.34, 0.97) #fs: 131  -- #Conts: 73 G(73) 
   7339538 1986.35 || noQ Q (Avg,Max,Min) (0.79, 1.01, 0.39) (0.69, 0.34, 0.97) #fs: 130  -- #Conts: 72 G(72) 
   7385303 1970.59 || noQ Q (Avg,Max,Min) (0.79, 1.01, 0.39) (0.69, 0.34, 0.97) #fs: 131  -- #Conts: 71 G(71) 
   7985571 1954.82 || noQ Q (Avg,Max,Min) (0.90, 1.01, 0.69) (0.83, 0.64, 0.99) #fs:  86  -- #Conts: 38 H(38) 
  10083855 1939.06 || noQ Q (Avg,Max,Min) (0.77, 1.01, 0.39) (0.69, 0.34, 0.97) #fs: 123  -- #Conts: 71 G(71) 
  10213402 1898.47 || noQ Q (Avg,Max,Min) (0.78, 1.01, 0.39) (0.70, 0.34, 0.98) #fs: 122  -- #Conts: 71 G(70)  E(1) 
  10501833 1882.71 || noQ Q (Avg,Max,Min) (0.78, 1.01, 0.39) (0.71, 0.34, 0.99) #fs: 122  -- #Conts: 71 G(70)  E(1) 
  11419912 1870.59 || noQ Q (Avg,Max,Min) (0.84, 1.02, 0.53) (0.75, 0.53, 0.99) #fs: 151  -- #Conts: 129 E(124)  C(5) 
  11466351 1865.29 || noQ Q (Avg,Max,Min) (0.85, 1.02, 0.53) (0.76, 0.53, 0.99) #fs: 150  -- #Conts: 129 E(125)  C(4) 
  11607998 1858.59 || noQ Q (Avg,Max,Min) (0.85, 1.02, 0.54) (0.76, 0.53, 0.99) #fs: 149  -- #Conts: 129 E(125)  C(4) 
  11860138 1812.94 || noQ Q (Avg,Max,Min) (0.79, 1.04, 0.52) (0.75, 0.51, 1.00) #fs: 102  -- #Conts: 54 G(54) 
  12080725 1797.18 || noQ Q (Avg,Max,Min) (0.79, 1.04, 0.52) (0.75, 0.51, 1.00) #fs: 103  -- #Conts: 54 G(54) 
  12386026 1781.41 || noQ Q (Avg,Max,Min) (0.79, 1.04, 0.52) (0.76, 0.51, 1.00) #fs: 103  -- #Conts: 54 G(54) 
  13335872 1777.06 || noQ Q (Avg,Max,Min) (0.87, 1.01, 0.59) (0.77, 0.58, 0.99) #fs: 130  -- #Conts: 114 E(114) 
  13619331 1763.65 || noQ Q (Avg,Max,Min) (0.87, 1.01, 0.59) (0.78, 0.58, 0.99) #fs: 129  -- #Conts: 114 E(114) 
  13653089 1756.94 || noQ Q (Avg,Max,Min) (0.87, 1.01, 0.59) (0.78, 0.58, 0.99) #fs: 129  -- #Conts: 114 E(114) 
  13720076 1750.24 || noQ Q (Avg,Max,Min) (0.88, 1.01, 0.59) (0.78, 0.58, 0.99) #fs: 128  -- #Conts: 114 E(114) 
  13779006 1743.53 || noQ Q (Avg,Max,Min) (0.88, 1.01, 0.59) (0.79, 0.58, 1.00) #fs: 127  -- #Conts: 114 E(114) 
  13793860 1736.82 || noQ Q (Avg,Max,Min) (0.88, 1.01, 0.59) (0.79, 0.58, 1.00) #fs: 125  -- #Conts: 114 E(114) 
  13835814 1730.12 || noQ Q (Avg,Max,Min) (0.88, 1.01, 0.59) (0.79, 0.58, 1.00) #fs: 124  -- #Conts: 114 E(114) 
  13947627 1716.71 || noQ Q (Avg,Max,Min) (0.89, 1.01, 0.59) (0.80, 0.58, 1.00) #fs: 122  -- #Conts: 114 E(114) 
  14003730 1703.29 || noQ Q (Avg,Max,Min) (0.90, 1.01, 0.59) (0.80, 0.58, 1.00) #fs: 120  -- #Conts: 114 E(114) 
  14067675 1696.59 || noQ Q (Avg,Max,Min) (0.90, 1.01, 0.59) (0.81, 0.58, 1.00) #fs: 120  -- #Conts: 114 E(114) 
  14173248 1689.88 || noQ Q (Avg,Max,Min) (0.90, 1.01, 0.59) (0.81, 0.58, 1.00) #fs: 119  -- #Conts: 114 E(114) 
  14680415 1683.18 || noQ Q (Avg,Max,Min) (0.92, 1.08, 0.60) (0.82, 0.57, 1.03) #fs: 109  -- #Conts: 111 E(111) 
  14745683 1676.47 || noQ Q (Avg,Max,Min) (0.92, 1.08, 0.64) (0.82, 0.57, 1.03) #fs: 108  -- #Conts: 112 E(112) 
  14960460 1656.35 || noQ Q (Avg,Max,Min) (0.92, 1.08, 0.64) (0.83, 0.57, 1.03) #fs: 106  -- #Conts: 111 E(111) 
  15063913 1649.65 || noQ Q (Avg,Max,Min) (0.93, 1.08, 0.64) (0.83, 0.57, 1.03) #fs: 105  -- #Conts: 111 E(111) 
  15114519 1642.94 || noQ Q (Avg,Max,Min) (0.93, 1.08, 0.64) (0.84, 0.57, 1.03) #fs: 105  -- #Conts: 110 E(110) 
  15140684 1629.53 || noQ Q (Avg,Max,Min) (0.93, 1.08, 0.64) (0.84, 0.60, 1.03) #fs: 102  -- #Conts: 109 E(109) 
  15264521 1622.82 || noQ Q (Avg,Max,Min) (0.93, 1.08, 0.65) (0.84, 0.60, 1.03) #fs: 103  -- #Conts: 109 E(109) 
  15348418 1609.41 || noQ Q (Avg,Max,Min) (0.94, 1.08, 0.66) (0.85, 0.60, 1.03) #fs: 100  -- #Conts: 109 E(109) 
  15442061 1602.71 || noQ Q (Avg,Max,Min) (0.94, 1.08, 0.68) (0.85, 0.60, 1.03) #fs: 101  -- #Conts: 109 E(109) 
  15527346 1582.59 || noQ Q (Avg,Max,Min) (0.95, 1.08, 0.68) (0.86, 0.61, 1.03) #fs:  97  -- #Conts: 108 E(108) 
  15800201 1575.88 || noQ Q (Avg,Max,Min) (0.95, 1.08, 0.68) (0.87, 0.68, 1.03) #fs:  99  -- #Conts: 104 E(104) 
  16115925 1569.18 || noQ Q (Avg,Max,Min) (0.95, 1.08, 0.68) (0.87, 0.68, 1.03) #fs:  99  -- #Conts: 104 E(104) 
  16177282 1562.47 || noQ Q (Avg,Max,Min) (0.95, 1.08, 0.68) (0.87, 0.68, 1.03) #fs:  99  -- #Conts: 104 E(104) 
  16215903 1555.76 || noQ Q (Avg,Max,Min) (0.95, 1.08, 0.68) (0.88, 0.68, 1.03) #fs:  99  -- #Conts: 104 E(104) 
  16595189 1549.06 || noQ Q (Avg,Max,Min) (0.95, 1.08, 0.72) (0.88, 0.71, 1.03) #fs:  98  -- #Conts: 104 E(104) 
  19283772 1542.35 || noQ Q (Avg,Max,Min) (0.93, 1.08, 0.62) (0.88, 0.62, 1.03) #fs: 100  -- #Conts: 74 E(74) 
  19812683 1535.65 || noQ Q (Avg,Max,Min) (0.94, 1.08, 0.62) (0.88, 0.62, 1.03) #fs: 100  -- #Conts: 74 E(74) 
  36667581 1532.00 || noQ Q (Avg,Max,Min) (0.94, 1.02, 0.74) (0.90, 0.73, 1.00) #fs:  90  -- #Conts: 92 C(92) 
/////////////////size: 90
  10345438 2288.12 || noQ Q (Avg,Max,Min) (0.98, 1.11, 0.72) (0.72, 0.25, 1.11) #fs:  37  -- #Conts: 117 H(50)  A(4)  G(29)  E(34) 
  10720361 2283.41 || noQ Q (Avg,Max,Min) (0.98, 1.11, 0.70) (0.72, 0.11, 1.11) #fs:  44  -- #Conts: 118 H(49)  A(4)  G(27)  E(38) 
  10728932 2251.88 || noQ Q (Avg,Max,Min) (0.98, 1.11, 0.72) (0.72, 0.13, 1.11) #fs:  44  -- #Conts: 117 H(48)  A(4)  G(27)  E(38) 
  10734548 2220.35 || noQ Q (Avg,Max,Min) (0.98, 1.11, 0.70) (0.73, 0.17, 1.11) #fs:  43  -- #Conts: 116 H(47)  A(4)  G(27)  E(38) 
  10739475 2188.82 || noQ Q (Avg,Max,Min) (0.98, 1.11, 0.72) (0.74, 0.17, 1.11) #fs:  42  -- #Conts: 115 H(46)  A(4)  G(27)  E(38) 
  10920839 2157.29 || noQ Q (Avg,Max,Min) (0.98, 1.11, 0.72) (0.74, 0.28, 1.11) #fs:  35  -- #Conts: 114 H(45)  A(4)  G(27)  E(38) 
  10939020 2125.76 || noQ Q (Avg,Max,Min) (0.98, 1.11, 0.72) (0.75, 0.29, 1.11) #fs:  34  -- #Conts: 113 H(44)  A(4)  G(27)  E(38) 
  11083794 1905.06 || noQ Q (Avg,Max,Min) (0.98, 1.11, 0.72) (0.80, 0.43, 1.11) #fs:  33  -- #Conts: 107 H(38)  A(4)  G(27)  E(38) 
  12023687 1857.76 || noQ Q (Avg,Max,Min) (0.97, 1.11, 0.72) (0.81, 0.13, 1.11) #fs:  57  -- #Conts: 102 H(33)  A(4)  G(27)  E(38) 
  12060328 1810.47 || noQ Q (Avg,Max,Min) (0.97, 1.11, 0.72) (0.82, 0.42, 1.11) #fs:  60  -- #Conts: 101 H(32)  A(4)  G(27)  E(38) 
  12263251 1794.71 || noQ Q (Avg,Max,Min) (0.97, 1.11, 0.72) (0.82, 0.42, 1.11) #fs:  54  -- #Conts: 101 H(32)  A(4)  G(27)  E(38) 
  12382621 1778.94 || noQ Q (Avg,Max,Min) (0.97, 1.11, 0.72) (0.83, 0.43, 1.11) #fs:  55  -- #Conts: 100 H(31)  A(4)  G(27)  E(38) 
  12420725 1763.18 || noQ Q (Avg,Max,Min) (0.97, 1.11, 0.72) (0.83, 0.43, 1.11) #fs:  57  -- #Conts: 100 H(31)  A(4)  G(27)  E(38) 
  16925628 1684.94 || noQ Q (Avg,Max,Min) (1.00, 1.48, 0.85) (0.82, 0.00, 1.11) #fs:  18  -- #Conts: 148 H(10)  A(4)  G(30)  E(79)  C(25) 
  16932111 1669.18 || noQ Q (Avg,Max,Min) (1.00, 1.11, 0.57) (0.82, 0.50, 1.11) #fs:  19  -- #Conts: 147 H(9)  A(4)  G(30)  E(79)  C(25) 
  16949195 1653.41 || noQ Q (Avg,Max,Min) (1.00, 1.11, 0.85) (0.82, 0.52, 1.11) #fs:  19  -- #Conts: 147 H(9)  A(4)  G(30)  E(79)  C(25) 
  17257288 1649.65 || noQ Q (Avg,Max,Min) (1.00, 1.11, 0.85) (0.83, 0.52, 1.11) #fs:  19  -- #Conts: 159 H(9)  A(4)  G(25)  E(94)  C(27) 
  17396258 1646.24 || noQ Q (Avg,Max,Min) (1.00, 1.11, 0.85) (0.84, 0.52, 1.11) #fs:  22  -- #Conts: 154 H(9)  A(4)  G(23)  E(91)  C(27) 
  18563465 1645.65 || noQ Q (Avg,Max,Min) (1.00, 1.11, 0.75) (0.83, 0.52, 1.11) #fs:  18  -- #Conts: 158 H(9)  A(4)  G(25)  E(94)  C(26) 
  18601524 1641.65 || noQ Q (Avg,Max,Min) (1.00, 1.11, 0.85) (0.83, 0.52, 1.11) #fs:  19  -- #Conts: 157 H(9)  A(4)  G(25)  E(94)  C(25) 
  19009688 1639.06 || noQ Q (Avg,Max,Min) (0.99, 1.11, 0.46) (0.84, 0.19, 1.11) #fs:  23  -- #Conts: 150 H(9)  A(4)  G(25)  E(91)  C(21) 
  19010075 1638.00 || noQ Q (Avg,Max,Min) (0.99, 1.11, 0.46) (0.84, 0.19, 1.11) #fs:  22  -- #Conts: 149 H(9)  A(4)  G(24)  E(91)  C(21) 
  19044181 1630.00 || noQ Q (Avg,Max,Min) (1.00, 1.11, 0.85) (0.84, 0.52, 1.11) #fs:  22  -- #Conts: 149 H(9)  A(4)  G(24)  E(91)  C(21) 
  19044365 1623.29 || noQ Q (Avg,Max,Min) (1.00, 1.11, 0.85) (0.84, 0.52, 1.11) #fs:  24  -- #Conts: 149 H(9)  A(4)  G(24)  E(91)  C(21) 
  19044752 1622.24 || noQ Q (Avg,Max,Min) (1.00, 1.11, 0.85) (0.85, 0.52, 1.11) #fs:  23  -- #Conts: 148 H(9)  A(4)  G(23)  E(91)  C(21) 
  19108904 1620.94 || noQ Q (Avg,Max,Min) (1.00, 1.11, 0.85) (0.85, 0.52, 1.11) #fs:  23  -- #Conts: 146 H(9)  A(4)  G(23)  E(91)  C(19) 
  19111520 1614.24 || noQ Q (Avg,Max,Min) (1.00, 1.11, 0.85) (0.85, 0.52, 1.11) #fs:  26  -- #Conts: 146 H(9)  A(4)  G(23)  E(91)  C(19) 
  19176176 1612.94 || noQ Q (Avg,Max,Min) (1.00, 1.11, 0.85) (0.86, 0.52, 1.11) #fs:  26  -- #Conts: 144 H(9)  A(4)  G(23)  E(91)  C(17) 
  20305404 1610.24 || noQ Q (Avg,Max,Min) (1.00, 1.11, 0.85) (0.85, 0.52, 1.11) #fs:  26  -- #Conts: 145 H(9)  A(4)  G(23)  E(91)  C(18) 
  20783400 1608.94 || noQ Q (Avg,Max,Min) (1.00, 1.11, 0.85) (0.85, 0.52, 1.11) #fs:  25  -- #Conts: 143 H(9)  A(4)  G(23)  E(91)  C(16) 
  23125040 1608.24 || noQ Q (Avg,Max,Min) (1.00, 1.48, 0.85) (0.87, 0.00, 1.11) #fs:  17  -- #Conts: 106 H(10)  A(4)  G(23)  E(59)  C(10) 
  23126086 1600.24 || noQ Q (Avg,Max,Min) (1.00, 1.26, 0.85) (0.86, 0.01, 1.11) #fs:  24  -- #Conts: 107 H(9)  A(4)  G(25)  E(59)  C(10) 
  23131523 1592.47 || noQ Q (Avg,Max,Min) (1.00, 1.28, 0.85) (0.87, 0.01, 1.11) #fs:  17  -- #Conts: 106 H(9)  A(4)  G(24)  E(59)  C(10) 
  23149332 1576.71 || noQ Q (Avg,Max,Min) (1.00, 1.11, 0.85) (0.87, 0.52, 1.11) #fs:  17  -- #Conts: 105 H(9)  A(4)  G(23)  E(59)  C(10) 
  23555902 1572.71 || noQ Q (Avg,Max,Min) (1.00, 1.11, 0.85) (0.88, 0.52, 1.11) #fs:  18  -- #Conts: 105 H(9)  A(4)  G(23)  E(59)  C(10) 
  24661852 1568.71 || noQ Q (Avg,Max,Min) (1.00, 1.11, 0.85) (0.88, 0.52, 1.11) #fs:  18  -- #Conts: 105 H(9)  A(4)  G(23)  E(59)  C(10) 
  25959038 1555.18 || noQ Q (Avg,Max,Min) (1.00, 1.09, 0.86) (0.90, 0.38, 1.08) #fs:  19  -- #Conts: 106 H(3)  A(4)  G(43)  E(40)  C(16) 
  25997242 1530.71 || noQ Q (Avg,Max,Min) (1.00, 1.09, 0.84) (0.89, 0.43, 1.08) #fs:  20  -- #Conts: 108 H(3)  A(4)  G(42)  E(44)  C(15) 
  26000235 1528.00 || noQ Q (Avg,Max,Min) (1.00, 1.09, 0.84) (0.90, 0.43, 1.08) #fs:  19  -- #Conts: 107 H(3)  A(4)  G(42)  E(43)  C(15) 
  26169182 1523.29 || noQ Q (Avg,Max,Min) (1.00, 1.09, 0.84) (0.89, 0.42, 1.08) #fs:  18  -- #Conts: 111 H(3)  A(4)  G(42)  E(47)  C(15) 
  26415327 1520.59 || noQ Q (Avg,Max,Min) (1.00, 1.09, 0.84) (0.89, 0.42, 1.08) #fs:  20  -- #Conts: 110 H(3)  A(4)  G(42)  E(46)  C(15) 
  26654911 1518.94 || noQ Q (Avg,Max,Min) (1.00, 1.09, 0.84) (0.90, 0.43, 1.08) #fs:  16  -- #Conts: 108 H(3)  A(4)  G(42)  E(44)  C(15) 
  26670198 1512.24 || noQ Q (Avg,Max,Min) (1.00, 1.09, 0.84) (0.90, 0.43, 1.08) #fs:  17  -- #Conts: 107 H(3)  A(4)  G(42)  E(43)  C(15) 
  27036868 1511.18 || noQ Q (Avg,Max,Min) (1.00, 1.09, 0.85) (0.90, 0.42, 1.08) #fs:  19  -- #Conts: 108 H(3)  A(4)  G(42)  E(43)  C(16) 
  27086244 1503.06 || noQ Q (Avg,Max,Min) (1.00, 1.09, 0.59) (0.91, 0.42, 1.08) #fs:  20  -- #Conts: 107 H(3)  A(4)  G(42)  E(40)  C(18) 
  27124205 1500.35 || noQ Q (Avg,Max,Min) (1.00, 1.09, 0.85) (0.91, 0.42, 1.08) #fs:  19  -- #Conts: 106 H(3)  A(4)  G(42)  E(38)  C(19) 
  27180054 1497.65 || noQ Q (Avg,Max,Min) (1.00, 1.09, 0.85) (0.92, 0.45, 1.08) #fs:  19  -- #Conts: 105 H(3)  A(4)  G(42)  E(36)  C(20) 
  27240648 1494.94 || noQ Q (Avg,Max,Min) (1.00, 1.09, 0.85) (0.92, 0.45, 1.08) #fs:  20  -- #Conts: 106 H(3)  A(4)  G(42)  E(36)  C(21) 
  27259190 1488.24 || noQ Q (Avg,Max,Min) (1.00, 1.09, 0.85) (0.92, 0.45, 1.08) #fs:  20  -- #Conts: 106 H(3)  A(4)  G(42)  E(36)  C(21) 
  27271227 1482.94 || noQ Q (Avg,Max,Min) (1.00, 1.09, 0.85) (0.93, 0.51, 1.08) #fs:  19  -- #Conts: 105 H(3)  A(4)  G(42)  E(37)  C(19) 
  27299200 1480.24 || noQ Q (Avg,Max,Min) (0.99, 1.09, 0.56) (0.93, 0.52, 1.08) #fs:  20  -- #Conts: 106 H(3)  A(4)  G(42)  E(37)  C(20) 
  27324931 1476.24 || noQ Q (Avg,Max,Min) (1.00, 1.09, 0.63) (0.94, 0.61, 1.08) #fs:  20  -- #Conts: 105 H(3)  A(4)  G(42)  E(37)  C(19) 
  44212665 1475.88 || noQ Q (Avg,Max,Min) (1.00, 1.09, 0.89) (0.93, 0.73, 1.08) #fs:  32  -- #Conts: 98 H(3)  A(4)  G(23)  E(37)  C(31) 
  44228606 1469.18 || noQ Q (Avg,Max,Min) (1.00, 1.09, 0.89) (0.93, 0.73, 1.08) #fs:  31  -- #Conts: 98 H(3)  A(4)  G(23)  E(37)  C(31) 
  44690105 1467.88 || noQ Q (Avg,Max,Min) (1.00, 1.09, 0.89) (0.93, 0.73, 1.08) #fs:  30  -- #Conts: 96 H(3)  A(4)  G(23)  E(37)  C(29) 
  53175444 1465.65 || noQ Q (Avg,Max,Min) (0.99, 1.09, 0.86) (0.95, 0.75, 1.08) #fs:  21  -- #Conts: 87 H(3)  A(10)  G(10)  E(41)  C(23) 
  53232617 1462.94 || noQ Q (Avg,Max,Min) (1.00, 1.09, 0.86) (0.95, 0.73, 1.08) #fs:  20  -- #Conts: 88 H(3)  A(10)  G(10)  E(41)  C(24) 
  53293211 1460.24 || noQ Q (Avg,Max,Min) (1.00, 1.09, 0.85) (0.94, 0.73, 1.08) #fs:  19  -- #Conts: 89 H(3)  A(10)  G(10)  E(41)  C(25) 
  53323617 1457.53 || noQ Q (Avg,Max,Min) (1.00, 1.09, 0.86) (0.95, 0.73, 1.08) #fs:  18  -- #Conts: 89 H(3)  A(10)  G(10)  E(41)  C(25) 
  53907403 1453.53 || noQ Q (Avg,Max,Min) (1.00, 1.09, 0.86) (0.95, 0.73, 1.08) #fs:  18  -- #Conts: 89 H(3)  A(10)  G(10)  E(41)  C(25) 
  54064197 1452.24 || noQ Q (Avg,Max,Min) (1.00, 1.09, 0.92) (0.94, 0.42, 1.08) #fs:  16  -- #Conts: 89 H(3)  A(10)  G(10)  E(43)  C(23) 
  54437904 1447.88 || noQ Q (Avg,Max,Min) (1.00, 1.09, 0.92) (0.95, 0.57, 1.08) #fs:  14  -- #Conts: 88 H(3)  A(10)  G(11)  E(41)  C(23) 
  55144649 1446.82 || noQ Q (Avg,Max,Min) (1.00, 1.09, 0.92) (0.95, 0.73, 1.08) #fs:  17  -- #Conts: 88 H(3)  A(10)  G(10)  E(41)  C(24) 
  55166867 1444.12 || noQ Q (Avg,Max,Min) (1.00, 1.09, 0.92) (0.95, 0.73, 1.08) #fs:  16  -- #Conts: 89 H(3)  A(10)  G(10)  E(41)  C(25) 
  55528666 1442.82 || noQ Q (Avg,Max,Min) (1.00, 1.09, 0.92) (0.95, 0.73, 1.08) #fs:  15  -- #Conts: 88 H(3)  A(10)  G(10)  E(41)  C(24) 
 105679077 1441.12 || noQ Q (Avg,Max,Min) (1.00, 1.02, 0.91) (0.95, 0.60, 1.02) #fs:  16  -- #Conts: 102 H(1)  A(26)  G(1)  E(47)  C(27) 
 107191597 1437.12 || noQ Q (Avg,Max,Min) (1.00, 1.02, 0.91) (0.95, 0.60, 1.02) #fs:  16  -- #Conts: 101 H(1)  A(25)  G(1)  E(47)  C(27) 
 113177021 1436.12 || noQ Q (Avg,Max,Min) (1.00, 1.02, 0.91) (0.96, 0.60, 1.02) #fs:  15  -- #Conts: 100 H(1)  A(24)  G(1)  E(47)  C(27) 
 147965477 1433.53 || noQ Q (Avg,Max,Min) (1.00, 1.07, 0.91) (0.96, 0.02, 1.02) #fs:  19  -- #Conts: 94 H(1)  A(22)  G(1)  E(44)  C(26) 
 148172090 1430.53 || noQ Q (Avg,Max,Min) (1.00, 1.02, 0.91) (0.97, 0.77, 1.02) #fs:  19  -- #Conts: 93 H(1)  A(22)  G(1)  E(44)  C(25) 
/////////////////size: 70
nodes 500 edges 613
 mulT: 50 mulD: 1000  sumData GB 14218
pareto /LIGO.n.500.0.dax time -> 2865700.0
moheft /LIGO.n.500.0.dax time -> 1090885.0
distance from M to C 25.884782465395915
distance from P to C 0.8013370050413109
distance from C to M 107.13875967794233
distance from C to P 20.277087553338646
toCompare: /LIGO.n.500.0.dax sumDataGB: 14218 mulT: 50 mulD: 1000 paretoOptTime_MS: 2865700.0 MoheftOptimizationTime_MS: 1090885.0 MtoC 25.884782465395915 PtoC 0.8013370050413109 CtoM 107.13875967794233 CtoP 20.277087553338646
