specify -Dflow d,b,mt,md,size
Running /home/vaggelis/jc/MONTAGE.n.100.0.dax mt 5000 md: 5000 size null
  14435779 3058.35 || noQ Q (Avg,Max,Min) (1.11, 1.41, 0.69) (0.63, 0.60, 1.13) #fs:  32  -- #Conts: 62 H(62) 
  15304884 2963.76 || noQ Q (Avg,Max,Min) (1.10, 1.33, 0.67) (0.64, 0.60, 1.13) #fs:  31  -- #Conts: 60 H(60) 
  16172479 2553.88 || noQ Q (Avg,Max,Min) (1.03, 1.39, 0.78) (0.88, 0.61, 1.25) #fs:  32  -- #Conts: 42 H(20)  G(22) 
  16180239 2522.35 || noQ Q (Avg,Max,Min) (1.04, 1.39, 0.78) (0.89, 0.61, 1.25) #fs:  31  -- #Conts: 41 H(21)  G(20) 
  16522209 2490.82 || noQ Q (Avg,Max,Min) (1.07, 2.40, 0.78) (0.95, 0.61, 2.18) #fs:  29  -- #Conts: 36 H(28)  G(8) 
  16538578 2459.29 || noQ Q (Avg,Max,Min) (1.09, 2.39, 0.78) (0.95, 0.61, 2.18) #fs:  28  -- #Conts: 37 H(29)  G(8) 
  16544856 2427.76 || noQ Q (Avg,Max,Min) (1.10, 2.39, 0.78) (0.95, 0.61, 2.18) #fs:  27  -- #Conts: 38 H(30)  G(8) 
  16552380 2396.24 || noQ Q (Avg,Max,Min) (1.12, 2.39, 0.78) (0.95, 0.61, 2.18) #fs:  26  -- #Conts: 39 H(31)  G(8) 
  16556583 2364.71 || noQ Q (Avg,Max,Min) (1.13, 2.39, 0.81) (0.96, 0.64, 2.19) #fs:  25  -- #Conts: 40 H(32)  G(8) 
  16562558 2333.18 || noQ Q (Avg,Max,Min) (1.15, 2.39, 0.81) (0.96, 0.64, 2.19) #fs:  24  -- #Conts: 41 H(33)  G(8) 
  16568681 2301.65 || noQ Q (Avg,Max,Min) (1.16, 2.38, 0.81) (0.96, 0.64, 2.19) #fs:  23  -- #Conts: 42 H(34)  G(8) 
  16569941 2270.12 || noQ Q (Avg,Max,Min) (1.16, 1.44, 0.81) (0.94, 0.64, 1.24) #fs:  22  -- #Conts: 43 H(35)  G(8) 
  16570269 2238.59 || noQ Q (Avg,Max,Min) (1.18, 2.38, 0.81) (0.97, 0.64, 2.19) #fs:  21  -- #Conts: 44 H(36)  G(8) 
  16574400 2207.06 || noQ Q (Avg,Max,Min) (1.19, 2.38, 0.81) (0.97, 0.64, 2.19) #fs:  20  -- #Conts: 45 H(37)  G(8) 
  16575594 2175.53 || noQ Q (Avg,Max,Min) (1.21, 2.38, 0.81) (0.97, 0.64, 2.19) #fs:  19  -- #Conts: 46 H(38)  G(8) 
  16579513 2144.00 || noQ Q (Avg,Max,Min) (1.22, 2.38, 0.81) (0.97, 0.64, 2.19) #fs:  18  -- #Conts: 47 H(39)  G(8) 
  16587622 2112.47 || noQ Q (Avg,Max,Min) (1.23, 2.38, 0.81) (0.97, 0.65, 2.19) #fs:  17  -- #Conts: 48 H(40)  G(8) 
  16597010 2080.94 || noQ Q (Avg,Max,Min) (1.24, 2.38, 0.82) (0.98, 0.65, 2.19) #fs:  16  -- #Conts: 49 H(41)  G(8) 
  16613365 2049.41 || noQ Q (Avg,Max,Min) (1.24, 2.38, 1.06) (0.98, 0.72, 2.19) #fs:  15  -- #Conts: 50 H(42)  G(8) 
  18309486 1828.71 || noQ Q (Avg,Max,Min) (1.19, 2.19, 1.06) (1.07, 0.92, 1.70) #fs:  15  -- #Conts: 48 H(28)  G(20) 
  21556176 1812.94 || noQ Q (Avg,Max,Min) (1.05, 1.27, 0.78) (0.92, 0.71, 1.27) #fs:  32  -- #Conts: 62 H(1)  G(61) 
  23931310 1797.18 || noQ Q (Avg,Max,Min) (1.12, 1.85, 0.71) (0.95, 0.62, 1.84) #fs:  19  -- #Conts: 74 G(74) 
  23945444 1781.41 || noQ Q (Avg,Max,Min) (1.13, 1.85, 0.71) (0.95, 0.63, 1.85) #fs:  18  -- #Conts: 75 G(75) 
  23951042 1765.65 || noQ Q (Avg,Max,Min) (1.17, 2.00, 1.00) (0.96, 0.72, 1.46) #fs:  14  -- #Conts: 66 H(7)  G(59) 
  23956398 1749.88 || noQ Q (Avg,Max,Min) (1.16, 2.00, 1.00) (0.96, 0.72, 1.46) #fs:  14  -- #Conts: 66 H(6)  G(60) 
  23958797 1734.12 || noQ Q (Avg,Max,Min) (1.16, 2.00, 1.00) (0.97, 0.72, 1.46) #fs:  14  -- #Conts: 66 H(5)  G(61) 
  23965454 1718.35 || noQ Q (Avg,Max,Min) (1.16, 1.99, 1.00) (0.97, 0.72, 1.46) #fs:  14  -- #Conts: 66 H(4)  G(62) 
  23979260 1702.59 || noQ Q (Avg,Max,Min) (1.15, 1.99, 1.00) (0.98, 0.72, 1.46) #fs:  14  -- #Conts: 66 H(3)  G(63) 
  23995878 1686.82 || noQ Q (Avg,Max,Min) (1.15, 1.99, 1.00) (0.98, 0.72, 1.46) #fs:  14  -- #Conts: 66 H(2)  G(64) 
  24023079 1671.06 || noQ Q (Avg,Max,Min) (1.15, 1.98, 1.00) (0.99, 0.72, 1.46) #fs:  14  -- #Conts: 66 H(1)  G(65) 
  26829106 1655.29 || noQ Q (Avg,Max,Min) (1.15, 1.85, 1.00) (0.99, 0.72, 1.85) #fs:  14  -- #Conts: 66 H(2)  G(64) 
  26845724 1639.53 || noQ Q (Avg,Max,Min) (1.15, 1.85, 1.00) (0.99, 0.72, 1.85) #fs:  14  -- #Conts: 66 H(1)  G(65) 
  26894787 1623.76 || noQ Q (Avg,Max,Min) (1.15, 1.43, 1.00) (0.99, 0.72, 1.25) #fs:  15  -- #Conts: 65 H(1)  G(64) 
  26902205 1608.00 || noQ Q (Avg,Max,Min) (1.14, 1.34, 1.00) (1.00, 0.72, 1.25) #fs:  15  -- #Conts: 65 G(65) 
  27726874 1605.65 || noQ Q (Avg,Max,Min) (1.14, 1.30, 1.00) (1.00, 0.72, 1.25) #fs:  15  -- #Conts: 65 G(64)  E(1) 
  27732908 1603.29 || noQ Q (Avg,Max,Min) (1.14, 1.30, 1.00) (1.00, 0.72, 1.25) #fs:  15  -- #Conts: 65 G(63)  E(2) 
  27735137 1600.94 || noQ Q (Avg,Max,Min) (1.14, 1.30, 1.00) (1.00, 0.72, 1.25) #fs:  15  -- #Conts: 65 G(62)  E(3) 
  27738977 1598.59 || noQ Q (Avg,Max,Min) (1.14, 1.30, 1.00) (1.00, 0.72, 1.25) #fs:  15  -- #Conts: 65 G(61)  E(4) 
  27747192 1596.24 || noQ Q (Avg,Max,Min) (1.14, 1.30, 1.00) (1.00, 0.72, 1.25) #fs:  15  -- #Conts: 65 G(60)  E(5) 
  27750328 1593.88 || noQ Q (Avg,Max,Min) (1.14, 1.29, 1.00) (1.00, 0.72, 1.25) #fs:  15  -- #Conts: 65 G(59)  E(6) 
  27758994 1591.53 || noQ Q (Avg,Max,Min) (1.13, 1.29, 1.00) (1.00, 0.72, 1.25) #fs:  15  -- #Conts: 65 G(58)  E(7) 
  27764061 1589.18 || noQ Q (Avg,Max,Min) (1.13, 1.29, 1.00) (1.00, 0.72, 1.25) #fs:  15  -- #Conts: 65 G(57)  E(8) 
  27766221 1586.82 || noQ Q (Avg,Max,Min) (1.13, 1.29, 1.00) (1.00, 0.72, 1.25) #fs:  15  -- #Conts: 65 G(56)  E(9) 
  27773498 1584.47 || noQ Q (Avg,Max,Min) (1.13, 1.29, 1.00) (1.00, 0.72, 1.25) #fs:  15  -- #Conts: 65 G(55)  E(10) 
  27777416 1582.12 || noQ Q (Avg,Max,Min) (1.13, 1.29, 1.00) (1.00, 0.72, 1.25) #fs:  15  -- #Conts: 65 G(54)  E(11) 
  27781004 1579.76 || noQ Q (Avg,Max,Min) (1.13, 1.29, 1.00) (1.00, 0.72, 1.25) #fs:  15  -- #Conts: 65 G(53)  E(12) 
  27791266 1577.41 || noQ Q (Avg,Max,Min) (1.13, 1.29, 1.00) (1.01, 0.72, 1.25) #fs:  15  -- #Conts: 65 G(52)  E(13) 
  27800982 1575.06 || noQ Q (Avg,Max,Min) (1.13, 1.29, 1.00) (1.01, 0.72, 1.25) #fs:  15  -- #Conts: 65 G(51)  E(14) 
  27802315 1572.71 || noQ Q (Avg,Max,Min) (1.12, 1.29, 1.00) (1.01, 0.72, 1.25) #fs:  15  -- #Conts: 65 G(50)  E(15) 
  27806171 1570.35 || noQ Q (Avg,Max,Min) (1.12, 1.29, 1.00) (1.01, 0.72, 1.25) #fs:  15  -- #Conts: 65 G(49)  E(16) 
  27811322 1568.00 || noQ Q (Avg,Max,Min) (1.12, 1.29, 1.00) (1.01, 0.72, 1.25) #fs:  15  -- #Conts: 65 G(48)  E(17) 
  27812612 1565.65 || noQ Q (Avg,Max,Min) (1.12, 1.29, 1.00) (1.01, 0.72, 1.25) #fs:  15  -- #Conts: 65 G(47)  E(18) 
  27814830 1563.29 || noQ Q (Avg,Max,Min) (1.12, 1.29, 1.00) (1.01, 0.72, 1.25) #fs:  15  -- #Conts: 65 G(46)  E(19) 
  27826503 1560.94 || noQ Q (Avg,Max,Min) (1.12, 1.29, 1.00) (1.01, 0.72, 1.25) #fs:  15  -- #Conts: 65 G(45)  E(20) 
  27827409 1558.59 || noQ Q (Avg,Max,Min) (1.12, 1.29, 1.00) (1.01, 0.72, 1.25) #fs:  15  -- #Conts: 65 G(44)  E(21) 
  27833889 1556.24 || noQ Q (Avg,Max,Min) (1.12, 1.29, 1.00) (1.01, 0.72, 1.25) #fs:  15  -- #Conts: 65 G(43)  E(22) 
  27833916 1553.88 || noQ Q (Avg,Max,Min) (1.12, 1.29, 1.00) (1.01, 0.72, 1.25) #fs:  15  -- #Conts: 65 G(42)  E(23) 
  27834695 1551.53 || noQ Q (Avg,Max,Min) (1.11, 1.29, 1.00) (1.01, 0.72, 1.25) #fs:  15  -- #Conts: 65 G(41)  E(24) 
  27839694 1549.18 || noQ Q (Avg,Max,Min) (1.11, 1.29, 1.00) (1.02, 0.72, 1.25) #fs:  15  -- #Conts: 65 G(40)  E(25) 
  27848366 1546.82 || noQ Q (Avg,Max,Min) (1.11, 1.29, 1.00) (1.02, 0.72, 1.25) #fs:  15  -- #Conts: 65 G(39)  E(26) 
  27849537 1544.47 || noQ Q (Avg,Max,Min) (1.11, 1.29, 1.00) (1.02, 0.72, 1.25) #fs:  15  -- #Conts: 65 G(38)  E(27) 
  27850092 1542.12 || noQ Q (Avg,Max,Min) (1.11, 1.29, 1.00) (1.02, 0.72, 1.25) #fs:  15  -- #Conts: 65 G(37)  E(28) 
  27856478 1539.76 || noQ Q (Avg,Max,Min) (1.11, 1.29, 1.00) (1.02, 0.72, 1.25) #fs:  15  -- #Conts: 65 G(36)  E(29) 
  27858285 1537.41 || noQ Q (Avg,Max,Min) (1.11, 1.29, 1.00) (1.02, 0.72, 1.25) #fs:  15  -- #Conts: 65 G(35)  E(30) 
  27862555 1535.06 || noQ Q (Avg,Max,Min) (1.11, 1.29, 1.00) (1.02, 0.72, 1.25) #fs:  15  -- #Conts: 65 G(34)  E(31) 
  27863397 1532.71 || noQ Q (Avg,Max,Min) (1.11, 1.29, 1.00) (1.02, 0.72, 1.25) #fs:  15  -- #Conts: 65 G(33)  E(32) 
  27894929 1530.35 || noQ Q (Avg,Max,Min) (1.10, 1.29, 1.00) (1.02, 0.72, 1.25) #fs:  15  -- #Conts: 65 G(32)  E(33) 
  27926266 1528.00 || noQ Q (Avg,Max,Min) (1.10, 1.29, 1.00) (1.02, 0.72, 1.25) #fs:  15  -- #Conts: 65 G(31)  E(34) 
  31841093 1526.35 || noQ Q (Avg,Max,Min) (1.11, 1.26, 0.99) (1.02, 0.84, 1.24) #fs:  13  -- #Conts: 62 G(34)  E(28) 
  31844278 1524.00 || noQ Q (Avg,Max,Min) (1.11, 1.26, 0.99) (1.02, 0.84, 1.24) #fs:  13  -- #Conts: 62 G(33)  E(29) 
  31848931 1521.65 || noQ Q (Avg,Max,Min) (1.11, 1.26, 0.99) (1.02, 0.84, 1.24) #fs:  13  -- #Conts: 62 G(32)  E(30) 
  51404956 1508.82 || noQ Q (Avg,Max,Min) (1.04, 1.39, 0.68) (0.99, 0.66, 1.29) #fs:  19  -- #Conts: 73 E(73) 
  51418549 1488.71 || noQ Q (Avg,Max,Min) (1.05, 1.39, 0.68) (1.00, 0.66, 1.29) #fs:  18  -- #Conts: 74 E(74) 
  51450842 1468.59 || noQ Q (Avg,Max,Min) (1.05, 1.39, 0.69) (1.00, 0.67, 1.29) #fs:  17  -- #Conts: 75 E(75) 
  51489250 1448.47 || noQ Q (Avg,Max,Min) (1.06, 1.39, 0.69) (1.01, 0.67, 1.29) #fs:  16  -- #Conts: 76 E(76) 
  51549136 1428.35 || noQ Q (Avg,Max,Min) (1.06, 1.39, 1.00) (1.01, 0.89, 1.29) #fs:  15  -- #Conts: 77 E(77) 
  58106191 1421.65 || noQ Q (Avg,Max,Min) (1.06, 1.34, 1.00) (1.01, 0.89, 1.24) #fs:  15  -- #Conts: 75 E(75) 
  60493506 1401.53 || noQ Q (Avg,Max,Min) (1.07, 1.39, 0.76) (1.03, 0.71, 1.29) #fs:   3  -- #Conts: 71 E(71) 
  60553392 1374.71 || noQ Q (Avg,Max,Min) (1.07, 1.39, 1.03) (1.03, 0.91, 1.29) #fs:   2  -- #Conts: 72 E(72) 
  67110447 1368.00 || noQ Q (Avg,Max,Min) (1.07, 1.34, 1.03) (1.03, 0.99, 1.24) #fs:   2  -- #Conts: 70 E(70) 
/////////////////size: 80
  14435779 3026.82 || noQ Q (Avg,Max,Min) (1.12, 1.40, 0.73) (0.63, 0.60, 1.13) #fs:  33  -- #Conts: 62 H(62) 
  15007601 3011.06 || noQ Q (Avg,Max,Min) (1.12, 1.41, 0.73) (0.63, 0.20, 1.39) #fs:  33  -- #Conts: 63 H(62)  G(1) 
  15690001 2948.00 || noQ Q (Avg,Max,Min) (1.03, 1.23, 0.45) (0.82, 0.34, 1.00) #fs:  28  -- #Conts: 67 H(22)  G(45) 
  15697590 2916.47 || noQ Q (Avg,Max,Min) (1.02, 1.23, 0.45) (0.83, 0.34, 1.00) #fs:  28  -- #Conts: 67 H(20)  G(47) 
  15699066 2900.71 || noQ Q (Avg,Max,Min) (1.02, 1.23, 0.45) (0.84, 0.34, 1.00) #fs:  28  -- #Conts: 67 H(19)  G(48) 
  15705130 2869.18 || noQ Q (Avg,Max,Min) (1.02, 1.15, 0.45) (0.85, 0.34, 1.00) #fs:  27  -- #Conts: 68 H(16)  G(52) 
  15708975 2837.65 || noQ Q (Avg,Max,Min) (1.02, 1.39, 0.45) (0.86, 0.34, 1.21) #fs:  27  -- #Conts: 69 H(17)  G(52) 
  16027963 2774.59 || noQ Q (Avg,Max,Min) (1.05, 2.39, 0.45) (0.87, 0.34, 2.18) #fs:  24  -- #Conts: 71 H(19)  G(52) 
  16033326 2758.82 || noQ Q (Avg,Max,Min) (1.06, 2.39, 0.45) (0.87, 0.34, 2.18) #fs:  23  -- #Conts: 72 H(19)  G(53) 
  16041765 2743.06 || noQ Q (Avg,Max,Min) (1.06, 1.47, 0.45) (0.85, 0.34, 1.31) #fs:  23  -- #Conts: 72 H(20)  G(52) 
  16045968 2711.53 || noQ Q (Avg,Max,Min) (1.07, 1.47, 0.45) (0.86, 0.34, 1.31) #fs:  22  -- #Conts: 73 H(21)  G(52) 
  16051331 2695.76 || noQ Q (Avg,Max,Min) (1.07, 1.47, 0.45) (0.86, 0.34, 1.31) #fs:  21  -- #Conts: 74 H(21)  G(53) 
  16056872 2664.24 || noQ Q (Avg,Max,Min) (1.08, 1.47, 0.45) (0.86, 0.34, 1.31) #fs:  19  -- #Conts: 76 H(21)  G(55) 
  16062847 2632.71 || noQ Q (Avg,Max,Min) (1.09, 1.47, 0.45) (0.86, 0.34, 1.31) #fs:  18  -- #Conts: 77 H(22)  G(55) 
  16068970 2569.65 || noQ Q (Avg,Max,Min) (1.10, 1.46, 0.45) (0.87, 0.34, 1.31) #fs:  17  -- #Conts: 78 H(23)  G(55) 
  16070230 2538.12 || noQ Q (Avg,Max,Min) (1.11, 1.45, 0.45) (0.87, 0.34, 1.00) #fs:  16  -- #Conts: 79 H(24)  G(55) 
  16070558 2475.06 || noQ Q (Avg,Max,Min) (1.12, 1.46, 0.45) (0.87, 0.34, 1.31) #fs:  15  -- #Conts: 80 H(25)  G(55) 
  16074689 2412.00 || noQ Q (Avg,Max,Min) (1.14, 1.46, 0.45) (0.87, 0.34, 1.31) #fs:  14  -- #Conts: 81 H(26)  G(55) 
  16080178 2396.24 || noQ Q (Avg,Max,Min) (1.14, 1.46, 0.45) (0.88, 0.34, 1.31) #fs:   9  -- #Conts: 86 H(26)  G(60) 
  16080376 2364.71 || noQ Q (Avg,Max,Min) (1.14, 1.46, 0.45) (0.88, 0.34, 1.31) #fs:  10  -- #Conts: 85 H(27)  G(58) 
  16081372 2333.18 || noQ Q (Avg,Max,Min) (1.15, 1.46, 0.45) (0.88, 0.34, 1.31) #fs:   8  -- #Conts: 87 H(27)  G(60) 
  16084295 2301.65 || noQ Q (Avg,Max,Min) (1.16, 1.46, 0.45) (0.88, 0.34, 1.31) #fs:   9  -- #Conts: 86 H(28)  G(58) 
  16085291 2270.12 || noQ Q (Avg,Max,Min) (1.16, 1.46, 0.45) (0.88, 0.34, 1.31) #fs:   7  -- #Conts: 88 H(28)  G(60) 
  16092404 2238.59 || noQ Q (Avg,Max,Min) (1.17, 1.46, 0.45) (0.88, 0.34, 1.31) #fs:   8  -- #Conts: 87 H(29)  G(58) 
  16093400 2207.06 || noQ Q (Avg,Max,Min) (1.17, 1.46, 0.45) (0.89, 0.34, 1.31) #fs:   6  -- #Conts: 89 H(29)  G(60) 
  16100941 2191.29 || noQ Q (Avg,Max,Min) (1.17, 1.46, 0.45) (0.89, 0.34, 1.31) #fs:   5  -- #Conts: 90 H(29)  G(61) 
  16101792 2175.53 || noQ Q (Avg,Max,Min) (1.18, 1.46, 0.45) (0.89, 0.34, 1.31) #fs:   7  -- #Conts: 88 H(30)  G(58) 
  16102788 2144.00 || noQ Q (Avg,Max,Min) (1.18, 1.46, 0.45) (0.89, 0.34, 1.31) #fs:   5  -- #Conts: 90 H(30)  G(60) 
  16118147 2112.47 || noQ Q (Avg,Max,Min) (1.19, 1.46, 1.00) (0.89, 0.68, 1.31) #fs:   6  -- #Conts: 89 H(31)  G(58) 
  16119143 2080.94 || noQ Q (Avg,Max,Min) (1.19, 1.46, 1.00) (0.89, 0.68, 1.31) #fs:   4  -- #Conts: 91 H(31)  G(60) 
  16126684 2065.18 || noQ Q (Avg,Max,Min) (1.19, 1.46, 1.13) (0.89, 0.71, 1.31) #fs:   3  -- #Conts: 92 H(31)  G(61) 
  17326796 2033.65 || noQ Q (Avg,Max,Min) (1.19, 1.44, 1.13) (0.90, 0.72, 1.31) #fs:   3  -- #Conts: 92 H(29)  G(63) 
  17336689 2017.88 || noQ Q (Avg,Max,Min) (1.19, 1.44, 1.13) (0.91, 0.72, 1.31) #fs:   3  -- #Conts: 92 H(28)  G(64) 
  17350238 2002.12 || noQ Q (Avg,Max,Min) (1.18, 1.44, 1.13) (0.91, 0.72, 1.31) #fs:   3  -- #Conts: 92 H(27)  G(65) 
  17356851 1986.35 || noQ Q (Avg,Max,Min) (1.18, 1.44, 1.13) (0.91, 0.72, 1.31) #fs:   3  -- #Conts: 92 H(26)  G(66) 
  17367646 1970.59 || noQ Q (Avg,Max,Min) (1.18, 1.44, 1.13) (0.92, 0.72, 1.31) #fs:   3  -- #Conts: 92 H(25)  G(67) 
  17378589 1954.82 || noQ Q (Avg,Max,Min) (1.18, 1.44, 1.13) (0.92, 0.73, 1.31) #fs:   3  -- #Conts: 92 H(24)  G(68) 
  17380177 1939.06 || noQ Q (Avg,Max,Min) (1.18, 1.44, 1.13) (0.92, 0.73, 1.31) #fs:   3  -- #Conts: 92 H(23)  G(69) 
  17381362 1923.29 || noQ Q (Avg,Max,Min) (1.17, 1.44, 1.13) (0.93, 0.73, 1.31) #fs:   3  -- #Conts: 92 H(22)  G(70) 
  17386718 1907.53 || noQ Q (Avg,Max,Min) (1.17, 1.44, 1.13) (0.93, 0.73, 1.31) #fs:   3  -- #Conts: 92 H(21)  G(71) 
  17389117 1891.76 || noQ Q (Avg,Max,Min) (1.17, 1.44, 1.13) (0.94, 0.73, 1.31) #fs:   3  -- #Conts: 92 H(20)  G(72) 
  17395774 1876.00 || noQ Q (Avg,Max,Min) (1.17, 1.43, 1.13) (0.94, 0.73, 1.31) #fs:   3  -- #Conts: 92 H(19)  G(73) 
  17409580 1860.24 || noQ Q (Avg,Max,Min) (1.17, 1.43, 1.13) (0.94, 0.73, 1.31) #fs:   3  -- #Conts: 92 H(18)  G(74) 
  17426198 1844.47 || noQ Q (Avg,Max,Min) (1.16, 1.43, 1.13) (0.95, 0.73, 1.31) #fs:   3  -- #Conts: 92 H(17)  G(75) 
  17453399 1828.71 || noQ Q (Avg,Max,Min) (1.16, 1.35, 1.13) (0.95, 0.73, 1.31) #fs:   3  -- #Conts: 92 H(16)  G(76) 
  21242461 1812.00 || noQ Q (Avg,Max,Min) (1.13, 1.99, 1.06) (0.96, 0.73, 1.46) #fs:   1  -- #Conts: 90 H(23)  G(13)  E(54) 
  21247817 1796.24 || noQ Q (Avg,Max,Min) (1.13, 1.99, 1.06) (0.96, 0.73, 1.46) #fs:   1  -- #Conts: 90 H(22)  G(14)  E(54) 
  21250216 1780.47 || noQ Q (Avg,Max,Min) (1.13, 1.99, 1.06) (0.97, 0.73, 1.46) #fs:   1  -- #Conts: 90 H(21)  G(15)  E(54) 
  21256315 1775.76 || noQ Q (Avg,Max,Min) (1.13, 1.99, 1.06) (0.97, 0.73, 1.46) #fs:   1  -- #Conts: 91 H(21)  G(14)  E(56) 
  21256873 1764.71 || noQ Q (Avg,Max,Min) (1.13, 1.99, 1.06) (0.97, 0.73, 1.46) #fs:   1  -- #Conts: 90 H(20)  G(16)  E(54) 
  21262972 1760.00 || noQ Q (Avg,Max,Min) (1.13, 1.99, 1.06) (0.97, 0.73, 1.46) #fs:   1  -- #Conts: 91 H(20)  G(15)  E(56) 
  21271007 1748.94 || noQ Q (Avg,Max,Min) (1.13, 1.67, 1.06) (0.97, 0.73, 1.29) #fs:   1  -- #Conts: 90 H(19)  G(17)  E(54) 
  21277106 1744.24 || noQ Q (Avg,Max,Min) (1.13, 1.67, 1.06) (0.97, 0.73, 1.29) #fs:   1  -- #Conts: 91 H(19)  G(16)  E(56) 
  21286145 1739.53 || noQ Q (Avg,Max,Min) (1.12, 1.67, 1.06) (0.97, 0.73, 1.29) #fs:   1  -- #Conts: 92 H(19)  G(15)  E(58) 
  21287625 1733.18 || noQ Q (Avg,Max,Min) (1.12, 1.67, 1.06) (0.98, 0.73, 1.29) #fs:   1  -- #Conts: 90 H(18)  G(18)  E(54) 
  21293724 1728.47 || noQ Q (Avg,Max,Min) (1.12, 1.67, 1.06) (0.98, 0.73, 1.29) #fs:   1  -- #Conts: 91 H(18)  G(17)  E(56) 
  21302763 1723.76 || noQ Q (Avg,Max,Min) (1.12, 1.67, 1.06) (0.98, 0.73, 1.29) #fs:   1  -- #Conts: 92 H(18)  G(16)  E(58) 
  21310887 1719.06 || noQ Q (Avg,Max,Min) (1.12, 1.67, 1.06) (0.98, 0.73, 1.29) #fs:   1  -- #Conts: 94 H(18)  G(16)  E(60) 
  21314826 1717.41 || noQ Q (Avg,Max,Min) (1.12, 1.66, 1.06) (0.98, 0.73, 1.29) #fs:   1  -- #Conts: 90 H(17)  G(19)  E(54) 
  21320925 1712.71 || noQ Q (Avg,Max,Min) (1.12, 1.66, 1.06) (0.98, 0.73, 1.29) #fs:   1  -- #Conts: 91 H(17)  G(18)  E(56) 
  21322244 1701.65 || noQ Q (Avg,Max,Min) (1.14, 3.29, 1.01) (0.98, 0.73, 1.82) #fs:   0  -- #Conts: 92 H(18)  G(20)  E(54) 
  21328343 1696.94 || noQ Q (Avg,Max,Min) (1.14, 3.29, 1.01) (0.99, 0.73, 1.82) #fs:   0  -- #Conts: 93 H(18)  G(19)  E(56) 
  21337382 1692.24 || noQ Q (Avg,Max,Min) (1.14, 3.29, 1.01) (0.99, 0.73, 1.82) #fs:   0  -- #Conts: 94 H(18)  G(18)  E(58) 
  21345506 1687.53 || noQ Q (Avg,Max,Min) (1.14, 3.29, 1.01) (0.99, 0.73, 1.82) #fs:   0  -- #Conts: 96 H(18)  G(18)  E(60) 
  24113097 1661.88 || noQ Q (Avg,Max,Min) (1.14, 1.66, 1.04) (0.97, 0.83, 1.29) #fs:   1  -- #Conts: 94 H(1)  G(77)  E(16) 
  24120515 1646.12 || noQ Q (Avg,Max,Min) (1.16, 3.29, 1.01) (0.97, 0.79, 1.82) #fs:   0  -- #Conts: 96 H(2)  G(78)  E(16) 
  27866881 1613.65 || noQ Q (Avg,Max,Min) (1.11, 1.99, 0.98) (0.99, 0.73, 1.46) #fs:  13  -- #Conts: 77 H(6)  G(14)  E(57) 
  27869280 1597.88 || noQ Q (Avg,Max,Min) (1.11, 1.99, 0.98) (0.99, 0.73, 1.46) #fs:  13  -- #Conts: 77 H(5)  G(15)  E(57) 
  27875937 1582.12 || noQ Q (Avg,Max,Min) (1.11, 1.99, 0.98) (0.99, 0.73, 1.46) #fs:  13  -- #Conts: 77 H(4)  G(16)  E(57) 
  27883847 1577.41 || noQ Q (Avg,Max,Min) (1.10, 1.99, 0.98) (1.00, 0.73, 1.46) #fs:  16  -- #Conts: 75 H(4)  G(15)  E(56) 
  27890071 1566.35 || noQ Q (Avg,Max,Min) (1.10, 1.67, 0.98) (1.00, 0.73, 1.29) #fs:  13  -- #Conts: 77 H(3)  G(17)  E(57) 
  27897981 1561.65 || noQ Q (Avg,Max,Min) (1.10, 1.67, 0.98) (1.00, 0.73, 1.29) #fs:  16  -- #Conts: 75 H(3)  G(16)  E(56) 
  27906689 1550.59 || noQ Q (Avg,Max,Min) (1.10, 1.67, 0.98) (1.00, 0.74, 1.29) #fs:  13  -- #Conts: 77 H(2)  G(18)  E(57) 
  27914599 1545.88 || noQ Q (Avg,Max,Min) (1.10, 1.67, 0.98) (1.00, 0.74, 1.29) #fs:  16  -- #Conts: 75 H(2)  G(17)  E(56) 
  27933890 1534.82 || noQ Q (Avg,Max,Min) (1.10, 1.66, 0.98) (1.01, 0.85, 1.29) #fs:  13  -- #Conts: 77 H(1)  G(19)  E(57) 
  27941308 1519.06 || noQ Q (Avg,Max,Min) (1.12, 3.29, 0.98) (1.01, 0.79, 1.82) #fs:  12  -- #Conts: 79 H(2)  G(20)  E(57) 
  27949218 1514.35 || noQ Q (Avg,Max,Min) (1.12, 3.29, 0.98) (1.01, 0.79, 1.82) #fs:  15  -- #Conts: 77 H(2)  G(19)  E(56) 
  27973869 1512.00 || noQ Q (Avg,Max,Min) (1.12, 3.29, 0.98) (1.01, 0.79, 1.82) #fs:  12  -- #Conts: 81 H(2)  G(19)  E(60) 
  27975518 1509.65 || noQ Q (Avg,Max,Min) (1.12, 3.29, 0.98) (1.02, 0.79, 1.82) #fs:  15  -- #Conts: 78 H(2)  G(18)  E(58) 
  27983642 1507.29 || noQ Q (Avg,Max,Min) (1.12, 3.29, 0.98) (1.02, 0.79, 1.82) #fs:  15  -- #Conts: 79 H(2)  G(18)  E(59) 
  27988319 1504.94 || noQ Q (Avg,Max,Min) (1.12, 3.29, 0.98) (1.02, 0.79, 1.82) #fs:  15  -- #Conts: 80 H(2)  G(18)  E(60) 
  32741852 1487.18 || noQ Q (Avg,Max,Min) (1.11, 2.64, 0.98) (1.01, 0.79, 1.95) #fs:  12  -- #Conts: 82 H(1)  G(20)  E(61) 
  32743501 1484.82 || noQ Q (Avg,Max,Min) (1.11, 2.64, 0.98) (1.02, 0.79, 1.95) #fs:  15  -- #Conts: 79 H(1)  G(19)  E(59) 
  32751625 1482.47 || noQ Q (Avg,Max,Min) (1.11, 2.64, 0.98) (1.02, 0.79, 1.95) #fs:  15  -- #Conts: 80 H(1)  G(19)  E(60) 
  32756302 1480.12 || noQ Q (Avg,Max,Min) (1.11, 2.64, 0.98) (1.02, 0.79, 1.95) #fs:  15  -- #Conts: 81 H(1)  G(19)  E(61) 
  34599021 1464.00 || noQ Q (Avg,Max,Min) (1.10, 2.34, 0.98) (1.02, 0.79, 2.22) #fs:  15  -- #Conts: 80 H(1)  G(15)  E(64) 
  34612898 1461.65 || noQ Q (Avg,Max,Min) (1.09, 2.34, 0.98) (1.02, 0.79, 2.22) #fs:  15  -- #Conts: 80 H(1)  G(14)  E(65) 
  34638220 1459.29 || noQ Q (Avg,Max,Min) (1.09, 2.34, 0.98) (1.02, 0.79, 2.22) #fs:  15  -- #Conts: 80 H(1)  G(13)  E(66) 
  39472857 1446.71 || noQ Q (Avg,Max,Min) (1.11, 1.85, 1.01) (1.03, 0.79, 1.39) #fs:   1  -- #Conts: 75 H(1)  G(18)  E(54)  C(2) 
  39477803 1444.35 || noQ Q (Avg,Max,Min) (1.11, 1.85, 1.01) (1.03, 0.79, 1.39) #fs:   1  -- #Conts: 75 H(1)  G(18)  E(54)  C(2) 
  39503281 1442.00 || noQ Q (Avg,Max,Min) (1.11, 1.85, 1.01) (1.03, 0.79, 1.39) #fs:   1  -- #Conts: 77 H(1)  G(18)  E(56)  C(2) 
  39550384 1437.29 || noQ Q (Avg,Max,Min) (1.10, 1.85, 1.01) (1.03, 0.79, 1.39) #fs:   1  -- #Conts: 76 H(1)  G(16)  E(57)  C(2) 
  40510704 1435.29 || noQ Q (Avg,Max,Min) (1.11, 1.89, 1.01) (1.02, 0.39, 1.80) #fs:   1  -- #Conts: 76 H(1)  G(18)  E(55)  C(2) 
  40536182 1432.94 || noQ Q (Avg,Max,Min) (1.11, 1.89, 1.01) (1.02, 0.39, 1.80) #fs:   1  -- #Conts: 78 H(1)  G(18)  E(57)  C(2) 
  40583285 1428.24 || noQ Q (Avg,Max,Min) (1.11, 1.89, 1.01) (1.02, 0.39, 1.80) #fs:   1  -- #Conts: 77 H(1)  G(16)  E(58)  C(2) 
  41485725 1425.53 || noQ Q (Avg,Max,Min) (1.11, 1.89, 1.01) (1.03, 0.64, 1.80) #fs:   1  -- #Conts: 77 H(1)  G(16)  E(57)  C(3) 
  43044134 1420.12 || noQ Q (Avg,Max,Min) (1.10, 1.55, 1.03) (1.03, 0.87, 1.38) #fs:   1  -- #Conts: 74 G(16)  E(56)  C(2) 
  43119139 1418.71 || noQ Q (Avg,Max,Min) (1.10, 1.55, 1.03) (1.03, 0.96, 1.38) #fs:   1  -- #Conts: 72 G(16)  E(54)  C(2) 
  45865161 1414.35 || noQ Q (Avg,Max,Min) (1.10, 3.29, 1.01) (1.04, 0.87, 1.82) #fs:   0  -- #Conts: 76 H(1)  G(4)  E(69)  C(2) 
  45897126 1412.00 || noQ Q (Avg,Max,Min) (1.10, 3.29, 1.01) (1.04, 0.87, 1.82) #fs:   0  -- #Conts: 76 H(1)  G(3)  E(70)  C(2) 
  45935534 1409.65 || noQ Q (Avg,Max,Min) (1.10, 3.29, 1.01) (1.04, 0.87, 1.82) #fs:   0  -- #Conts: 76 H(1)  G(2)  E(71)  C(2) 
  45995420 1407.29 || noQ Q (Avg,Max,Min) (1.10, 3.29, 1.01) (1.04, 0.87, 1.82) #fs:   0  -- #Conts: 76 H(1)  G(1)  E(72)  C(2) 
  46070425 1405.88 || noQ Q (Avg,Max,Min) (1.10, 3.29, 1.01) (1.04, 0.90, 1.82) #fs:   0  -- #Conts: 74 H(1)  G(1)  E(70)  C(2) 
  50633144 1389.53 || noQ Q (Avg,Max,Min) (1.09, 2.64, 1.01) (1.04, 0.87, 1.95) #fs:   0  -- #Conts: 77 G(5)  E(70)  C(2) 
  50665109 1387.18 || noQ Q (Avg,Max,Min) (1.09, 2.64, 1.01) (1.04, 0.87, 1.95) #fs:   0  -- #Conts: 77 G(4)  E(71)  C(2) 
  50703517 1384.82 || noQ Q (Avg,Max,Min) (1.09, 2.64, 1.01) (1.04, 0.87, 1.95) #fs:   0  -- #Conts: 77 G(3)  E(72)  C(2) 
  50763403 1382.47 || noQ Q (Avg,Max,Min) (1.09, 2.64, 1.01) (1.04, 0.87, 1.95) #fs:   0  -- #Conts: 77 G(2)  E(73)  C(2) 
  50838408 1381.06 || noQ Q (Avg,Max,Min) (1.09, 2.64, 1.01) (1.04, 0.90, 1.95) #fs:   0  -- #Conts: 75 G(2)  E(71)  C(2) 
  57434333 1377.76 || noQ Q (Avg,Max,Min) (1.07, 1.59, 1.01) (1.03, 0.87, 1.36) #fs:   0  -- #Conts: 76 G(1)  E(73)  C(2) 
  57509338 1376.35 || noQ Q (Avg,Max,Min) (1.07, 1.59, 1.01) (1.03, 0.90, 1.36) #fs:   0  -- #Conts: 74 G(1)  E(71)  C(2) 
  58679643 1375.06 || noQ Q (Avg,Max,Min) (1.07, 1.64, 1.01) (1.03, 0.64, 1.62) #fs:   0  -- #Conts: 77 G(1)  E(73)  C(3) 
  58754648 1373.65 || noQ Q (Avg,Max,Min) (1.07, 1.64, 1.01) (1.03, 0.64, 1.62) #fs:   0  -- #Conts: 75 G(1)  E(71)  C(3) 
  66112491 1372.65 || noQ Q (Avg,Max,Min) (1.07, 1.64, 1.01) (1.03, 0.90, 1.62) #fs:   0  -- #Conts: 75 G(1)  A(1)  E(71)  C(2) 
  70535633 1370.82 || noQ Q (Avg,Max,Min) (1.07, 1.64, 1.01) (1.03, 0.64, 1.62) #fs:   0  -- #Conts: 76 G(1)  E(72)  C(3) 
  73883606 1370.12 || noQ Q (Avg,Max,Min) (1.08, 1.64, 1.03) (1.03, 0.64, 1.62) #fs:   0  -- #Conts: 70 G(1)  E(67)  C(2) 
  77893476 1369.82 || noQ Q (Avg,Max,Min) (1.07, 1.64, 1.01) (1.03, 0.90, 1.62) #fs:   0  -- #Conts: 76 G(1)  A(1)  E(72)  C(2) 
  81241449 1369.12 || noQ Q (Avg,Max,Min) (1.08, 1.64, 1.02) (1.04, 0.90, 1.62) #fs:   0  -- #Conts: 70 G(1)  A(1)  E(67)  C(1) 
/////////////////size: 117
nodes 100 edges 234
 mulT: 5000 mulD: 5000  sumData GB 9242
pareto /MONTAGE.n.100.0.dax time -> 35029.0
moheft /MONTAGE.n.100.0.dax time -> 40835.0
distance from M to C 1.564096204588812
distance from P to C 9.920519680322347
distance from C to M 11.314837798853626
distance from C to P 15.119004809882513
toCompare: /MONTAGE.n.100.0.dax sumDataGB: 9242 mulT: 5000 mulD: 5000 paretoOptTime_MS: 35029.0 MoheftOptimizationTime_MS: 40835.0 MtoC 1.564096204588812 PtoC 9.920519680322347 CtoM 11.314837798853626 CtoP 15.119004809882513
