specify -Dflow d,b,mt,md,size
Running /home/vaggelis/jc/CYBERSHAKE.n.1000.0.dax mt 50 md: 1000 size null
  12859216 2680.00 || noQ Q (Avg,Max,Min) (53.22, 69.10, 3.18) (3.37, 1.77, 22.04) #fs:  22  -- #Conts: 72 H(71)  G(1) 
  12866031 2585.41 || noQ Q (Avg,Max,Min) (52.12, 69.10, 3.18) (3.47, 1.77, 22.04) #fs:  19  -- #Conts: 69 H(68)  G(1) 
  12869107 2553.88 || noQ Q (Avg,Max,Min) (51.36, 69.10, 3.18) (3.50, 1.77, 22.04) #fs:  21  -- #Conts: 68 H(67)  G(1) 
  12874036 2522.35 || noQ Q (Avg,Max,Min) (50.86, 69.10, 3.18) (3.55, 1.77, 22.38) #fs:  17  -- #Conts: 67 H(66)  G(1) 
  12880754 2427.76 || noQ Q (Avg,Max,Min) (49.23, 69.10, 3.18) (3.70, 1.78, 22.38) #fs:  21  -- #Conts: 64 H(60)  G(4) 
  12886442 2396.24 || noQ Q (Avg,Max,Min) (48.17, 69.12, 3.18) (3.81, 1.78, 22.38) #fs:  19  -- #Conts: 62 H(60)  G(2) 
  12888620 2380.47 || noQ Q (Avg,Max,Min) (47.65, 68.79, 3.18) (3.88, 1.78, 22.38) #fs:  18  -- #Conts: 61 H(60)  G(1) 
  12893397 2364.71 || noQ Q (Avg,Max,Min) (46.90, 68.79, 3.18) (3.94, 1.78, 22.38) #fs:  17  -- #Conts: 60 H(60) 
  12903847 2270.12 || noQ Q (Avg,Max,Min) (45.66, 82.08, 3.65) (4.12, 1.78, 22.38) #fs:  19  -- #Conts: 57 H(57) 
  12906330 2238.59 || noQ Q (Avg,Max,Min) (45.03, 81.38, 3.65) (4.20, 1.78, 22.38) #fs:  21  -- #Conts: 56 H(56) 
  12907494 2207.06 || noQ Q (Avg,Max,Min) (44.71, 80.50, 3.65) (4.27, 1.78, 22.38) #fs:  21  -- #Conts: 55 H(55) 
  12912575 2175.53 || noQ Q (Avg,Max,Min) (44.30, 78.16, 3.65) (4.35, 1.78, 22.38) #fs:  20  -- #Conts: 54 H(54) 
  12914872 2144.00 || noQ Q (Avg,Max,Min) (43.95, 77.17, 3.65) (4.44, 1.78, 22.38) #fs:  21  -- #Conts: 53 H(53) 
  12919060 2112.47 || noQ Q (Avg,Max,Min) (43.56, 75.59, 3.65) (4.52, 1.78, 22.38) #fs:  22  -- #Conts: 52 H(52) 
  12922519 2049.41 || noQ Q (Avg,Max,Min) (42.94, 73.86, 3.65) (4.70, 1.78, 23.81) #fs:  22  -- #Conts: 50 H(50) 
  12924089 2017.88 || noQ Q (Avg,Max,Min) (42.49, 73.30, 3.65) (4.80, 1.78, 23.80) #fs:  23  -- #Conts: 49 H(49) 
  12925796 1986.35 || noQ Q (Avg,Max,Min) (42.34, 72.55, 3.65) (4.90, 1.78, 23.80) #fs:  24  -- #Conts: 48 H(48) 
  12930878 1954.82 || noQ Q (Avg,Max,Min) (41.99, 70.79, 3.65) (5.00, 1.78, 23.80) #fs:  24  -- #Conts: 47 H(47) 
  12932631 1923.29 || noQ Q (Avg,Max,Min) (41.14, 70.98, 3.65) (5.11, 1.78, 23.80) #fs:  22  -- #Conts: 46 H(46) 
  12933983 1891.76 || noQ Q (Avg,Max,Min) (41.10, 70.98, 3.65) (5.22, 1.78, 23.80) #fs:  23  -- #Conts: 45 H(45) 
  12938189 1860.24 || noQ Q (Avg,Max,Min) (40.77, 70.98, 3.65) (5.34, 1.79, 23.80) #fs:  24  -- #Conts: 44 H(44) 
  12941415 1828.71 || noQ Q (Avg,Max,Min) (40.87, 70.98, 3.65) (5.47, 1.79, 23.80) #fs:  25  -- #Conts: 43 H(43) 
  12946319 1734.12 || noQ Q (Avg,Max,Min) (40.30, 70.98, 3.65) (5.80, 1.79, 23.80) #fs:  23  -- #Conts: 40 H(40) 
  12949941 1702.59 || noQ Q (Avg,Max,Min) (40.47, 70.98, 3.65) (5.95, 1.79, 23.80) #fs:  25  -- #Conts: 39 H(39) 
  12955808 1671.06 || noQ Q (Avg,Max,Min) (40.53, 70.06, 3.65) (6.11, 1.79, 23.80) #fs:  25  -- #Conts: 38 H(38) 
  12956948 1639.53 || noQ Q (Avg,Max,Min) (41.24, 68.93, 3.65) (6.27, 1.80, 23.80) #fs:  21  -- #Conts: 37 H(37) 
  12960045 1608.00 || noQ Q (Avg,Max,Min) (41.85, 68.27, 3.65) (6.44, 1.81, 23.82) #fs:  22  -- #Conts: 36 H(36) 
  12964361 1544.94 || noQ Q (Avg,Max,Min) (41.02, 69.02, 3.65) (6.75, 1.81, 24.15) #fs:  23  -- #Conts: 34 H(34) 
  12966442 1513.41 || noQ Q (Avg,Max,Min) (41.90, 68.86, 3.64) (6.95, 3.27, 24.15) #fs:  21  -- #Conts: 33 H(33) 
  12968651 1481.88 || noQ Q (Avg,Max,Min) (41.22, 68.83, 3.64) (7.17, 3.27, 24.15) #fs:  17  -- #Conts: 32 H(32) 
  12970872 1450.35 || noQ Q (Avg,Max,Min) (40.51, 68.56, 3.63) (7.40, 3.27, 24.15) #fs:  15  -- #Conts: 31 H(31) 
  13001605 1418.82 || noQ Q (Avg,Max,Min) (36.84, 68.48, 3.65) (7.65, 3.27, 24.15) #fs:  18  -- #Conts: 30 H(30) 
  13013641 1387.29 || noQ Q (Avg,Max,Min) (36.13, 72.19, 4.11) (7.86, 3.57, 24.15) #fs:  20  -- #Conts: 29 H(29) 
  13017099 1355.76 || noQ Q (Avg,Max,Min) (36.10, 71.37, 4.12) (8.14, 1.82, 25.58) #fs:  21  -- #Conts: 28 H(28) 
  13030446 1292.71 || noQ Q (Avg,Max,Min) (36.21, 69.48, 4.12) (8.77, 3.57, 25.58) #fs:  18  -- #Conts: 26 H(26) 
  13042157 1261.18 || noQ Q (Avg,Max,Min) (35.14, 68.88, 4.12) (9.07, 3.57, 25.59) #fs:  19  -- #Conts: 25 H(25) 
  13059014 1229.65 || noQ Q (Avg,Max,Min) (33.63, 68.03, 4.12) (9.32, 3.58, 25.59) #fs:  21  -- #Conts: 24 H(24) 
  13059958 1198.12 || noQ Q (Avg,Max,Min) (34.27, 68.84, 4.12) (9.72, 3.58, 25.92) #fs:  18  -- #Conts: 23 H(23) 
  13069922 1166.59 || noQ Q (Avg,Max,Min) (33.46, 68.36, 4.12) (10.10, 3.58, 25.93) #fs:  14  -- #Conts: 22 H(22) 
  13077671 1135.06 || noQ Q (Avg,Max,Min) (32.93, 67.88, 4.10) (10.58, 3.71, 25.93) #fs:  12  -- #Conts: 21 H(21) 
  13092480 1103.53 || noQ Q (Avg,Max,Min) (31.34, 67.16, 4.10) (11.11, 3.71, 25.93) #fs:  11  -- #Conts: 20 H(20) 
  13110869 1072.00 || noQ Q (Avg,Max,Min) (30.54, 70.35, 4.57) (11.63, 4.15, 27.35) #fs:   8  -- #Conts: 19 H(19) 
  13133275 1040.47 || noQ Q (Avg,Max,Min) (29.99, 68.78, 4.57) (12.27, 4.15, 27.36) #fs:  11  -- #Conts: 18 H(18) 
  13152633 1008.94 || noQ Q (Avg,Max,Min) (27.77, 67.44, 4.57) (12.73, 4.15, 27.37) #fs:   4  -- #Conts: 17 H(17) 
  13171493 977.41 || noQ Q (Avg,Max,Min) (25.85, 67.41, 4.55) (13.45, 4.16, 27.70) #fs:   4  -- #Conts: 16 H(16) 
  13221881 961.65 || noQ Q (Avg,Max,Min) (21.71, 42.52, 5.09) (7.22, 1.83, 30.78) #fs:  35  -- #Conts: 44 G(44) 
  13222206 945.88 || noQ Q (Avg,Max,Min) (26.79, 66.76, 4.06) (14.18, 3.73, 28.21) #fs:   4  -- #Conts: 15 H(15) 
  13237614 882.82 || noQ Q (Avg,Max,Min) (21.51, 44.02, 5.09) (8.14, 1.85, 32.57) #fs:  27  -- #Conts: 39 G(39) 
  13243658 851.29 || noQ Q (Avg,Max,Min) (21.92, 43.85, 5.08) (8.82, 3.55, 32.58) #fs:  26  -- #Conts: 36 H(1)  G(35) 
  13250057 835.53 || noQ Q (Avg,Max,Min) (21.91, 43.85, 5.08) (8.82, 3.59, 32.58) #fs:  28  -- #Conts: 36 G(36) 
  13268394 819.76 || noQ Q (Avg,Max,Min) (21.16, 43.56, 5.08) (9.07, 3.60, 32.58) #fs:  28  -- #Conts: 35 G(35) 
  13278231 804.00 || noQ Q (Avg,Max,Min) (20.69, 43.41, 5.08) (9.34, 3.60, 32.58) #fs:  26  -- #Conts: 34 G(34) 
  13283210 788.24 || noQ Q (Avg,Max,Min) (19.95, 43.36, 5.09) (9.62, 1.86, 32.59) #fs:  22  -- #Conts: 33 G(33) 
  13315596 772.47 || noQ Q (Avg,Max,Min) (19.50, 42.84, 5.07) (9.92, 3.61, 32.59) #fs:  25  -- #Conts: 32 G(32) 
  13337932 740.94 || noQ Q (Avg,Max,Min) (18.82, 42.53, 5.07) (10.54, 3.62, 32.60) #fs:  25  -- #Conts: 30 G(30) 
  13375773 725.18 || noQ Q (Avg,Max,Min) (18.07, 41.96, 5.04) (10.79, 3.63, 32.61) #fs:  29  -- #Conts: 29 G(29) 
  13389115 709.41 || noQ Q (Avg,Max,Min) (17.65, 41.75, 5.04) (11.08, 3.64, 32.62) #fs:  31  -- #Conts: 28 G(28) 
  13405667 693.65 || noQ Q (Avg,Max,Min) (17.42, 43.71, 5.04) (11.49, 3.64, 34.36) #fs:  33  -- #Conts: 27 G(27) 
  13420133 677.88 || noQ Q (Avg,Max,Min) (17.01, 43.53, 5.04) (12.09, 4.66, 34.37) #fs:  29  -- #Conts: 25 G(25) 
  13428842 662.12 || noQ Q (Avg,Max,Min) (17.03, 43.40, 5.04) (12.41, 4.66, 34.37) #fs:  32  -- #Conts: 25 G(25) 
  13441786 646.35 || noQ Q (Avg,Max,Min) (17.62, 43.14, 5.04) (12.93, 4.66, 34.38) #fs:  13  -- #Conts: 24 G(24) 
  13482739 630.59 || noQ Q (Avg,Max,Min) (18.20, 42.55, 5.02) (13.49, 4.66, 34.39) #fs:  14  -- #Conts: 23 G(23) 
  13549492 614.82 || noQ Q (Avg,Max,Min) (18.19, 41.27, 5.00) (13.73, 4.67, 34.06) #fs:  12  -- #Conts: 22 G(22) 
  13572410 599.06 || noQ Q (Avg,Max,Min) (18.87, 40.87, 4.99) (14.38, 4.67, 34.07) #fs:   6  -- #Conts: 21 G(21) 
  13603383 583.29 || noQ Q (Avg,Max,Min) (19.67, 42.53, 4.96) (15.03, 4.68, 35.82) #fs:   4  -- #Conts: 20 G(20) 
  13704010 567.53 || noQ Q (Avg,Max,Min) (19.78, 43.24, 5.30) (15.57, 5.04, 37.60) #fs:   5  -- #Conts: 19 G(19) 
  13812783 551.76 || noQ Q (Avg,Max,Min) (21.61, 41.83, 5.27) (16.19, 5.05, 37.63) #fs:   8  -- #Conts: 18 G(18) 
  13894326 536.00 || noQ Q (Avg,Max,Min) (21.41, 42.68, 5.25) (17.23, 5.05, 39.40) #fs:   4  -- #Conts: 16 G(16) 
  13938104 520.24 || noQ Q (Avg,Max,Min) (21.58, 42.14, 5.23) (17.88, 5.06, 39.41) #fs:   5  -- #Conts: 16 G(16) 
  14055490 504.47 || noQ Q (Avg,Max,Min) (22.05, 42.20, 5.20) (18.68, 5.06, 40.84) #fs:   4  -- #Conts: 15 G(15) 
  14203329 488.71 || noQ Q (Avg,Max,Min) (22.37, 42.63, 5.15) (19.53, 5.08, 42.62) #fs:   3  -- #Conts: 14 G(14) 
  14407402 472.94 || noQ Q (Avg,Max,Min) (22.84, 42.64, 5.09) (20.26, 5.09, 42.62) #fs:   4  -- #Conts: 13 G(13) 
  14532331 469.41 || noQ Q (Avg,Max,Min) (10.74, 17.19, 1.34) (8.32, 1.33, 15.98) #fs:  33  -- #Conts: 35 E(35) 
  14563972 462.71 || noQ Q (Avg,Max,Min) (10.65, 17.03, 1.34) (8.56, 1.33, 15.99) #fs:  31  -- #Conts: 34 E(34) 
  14736299 456.00 || noQ Q (Avg,Max,Min) (11.36, 20.49, 1.34) (8.76, 1.33, 17.43) #fs:  26  -- #Conts: 32 E(32) 
  14752608 449.29 || noQ Q (Avg,Max,Min) (11.40, 20.31, 1.34) (8.84, 1.33, 17.44) #fs:  29  -- #Conts: 32 E(32) 
  14902741 442.59 || noQ Q (Avg,Max,Min) (10.98, 19.77, 1.34) (9.14, 1.33, 17.45) #fs:  28  -- #Conts: 30 E(30) 
  14933866 435.88 || noQ Q (Avg,Max,Min) (10.96, 19.43, 1.34) (9.18, 1.33, 17.45) #fs:  26  -- #Conts: 30 E(30) 
  15031290 429.18 || noQ Q (Avg,Max,Min) (10.75, 18.78, 1.34) (9.33, 1.33, 17.45) #fs:  25  -- #Conts: 29 E(29) 
  15222012 422.47 || noQ Q (Avg,Max,Min) (10.55, 19.20, 1.34) (9.53, 1.33, 17.45) #fs:  26  -- #Conts: 28 E(28) 
  15348545 415.76 || noQ Q (Avg,Max,Min) (10.50, 18.36, 1.34) (9.56, 1.33, 17.45) #fs:  25  -- #Conts: 27 E(27) 
  15435775 409.06 || noQ Q (Avg,Max,Min) (10.65, 18.93, 1.34) (9.75, 1.33, 17.45) #fs:  20  -- #Conts: 26 E(26) 
  15645946 402.35 || noQ Q (Avg,Max,Min) (10.67, 20.58, 1.34) (9.92, 1.33, 17.47) #fs:  23  -- #Conts: 25 E(25) 
  15757649 395.65 || noQ Q (Avg,Max,Min) (10.72, 19.09, 1.34) (10.05, 1.33, 17.10) #fs:  15  -- #Conts: 24 E(24) 
  15940519 388.94 || noQ Q (Avg,Max,Min) (10.71, 18.49, 1.34) (10.20, 1.33, 17.20) #fs:  19  -- #Conts: 23 E(23) 
  16156178 382.24 || noQ Q (Avg,Max,Min) (10.39, 19.20, 1.34) (10.08, 1.33, 19.01) #fs:   6  -- #Conts: 22 E(22) 
  16305850 375.53 || noQ Q (Avg,Max,Min) (10.49, 18.69, 1.33) (10.28, 1.33, 18.67) #fs:  10  -- #Conts: 21 E(21) 
  16487100 368.82 || noQ Q (Avg,Max,Min) (10.56, 18.33, 1.33) (10.46, 1.33, 18.33) #fs:   7  -- #Conts: 20 E(20) 
  17218322 368.00 || noQ Q (Avg,Max,Min) (7.51, 11.69, 1.35) (7.37, 1.32, 11.68) #fs:  46  -- #Conts: 43 C(43) 
  17379183 364.00 || noQ Q (Avg,Max,Min) (7.57, 11.69, 1.33) (7.50, 1.32, 11.68) #fs:  38  -- #Conts: 42 C(42) 
  36850646 363.00 || noQ Q (Avg,Max,Min) (2.34, 3.74, 1.14) (2.25, 1.12, 3.66) #fs:  70  -- #Conts: 95 A(95) 
  37107645 361.00 || noQ Q (Avg,Max,Min) (2.34, 3.74, 1.14) (2.24, 1.12, 3.66) #fs:  68  -- #Conts: 95 A(95) 
  38904088 360.00 || noQ Q (Avg,Max,Min) (2.30, 3.48, 1.14) (2.22, 1.12, 3.48) #fs:  76  -- #Conts: 95 A(95) 
  42194646 359.00 || noQ Q (Avg,Max,Min) (2.26, 3.68, 1.14) (2.18, 1.12, 3.64) #fs:  75  -- #Conts: 95 A(95) 
  42384144 358.00 || noQ Q (Avg,Max,Min) (2.26, 3.65, 1.14) (2.18, 1.12, 3.65) #fs:  79  -- #Conts: 95 A(95) 
  45573145 357.00 || noQ Q (Avg,Max,Min) (2.21, 3.69, 1.14) (2.12, 1.12, 3.63) #fs:  75  -- #Conts: 95 A(95) 
  46051604 356.00 || noQ Q (Avg,Max,Min) (2.21, 3.64, 1.14) (2.13, 1.12, 3.64) #fs:  73  -- #Conts: 95 A(95) 
  48232645 355.00 || noQ Q (Avg,Max,Min) (2.21, 3.66, 1.14) (2.12, 1.12, 3.48) #fs:  75  -- #Conts: 95 A(95) 
  49798104 354.00 || noQ Q (Avg,Max,Min) (2.21, 3.75, 1.14) (2.12, 1.12, 3.75) #fs:  73  -- #Conts: 95 A(95) 
/////////////////size: 99
  11854714 547.12 || noQ Q (Avg,Max,Min) (6.46, 77.77, 0.03) (1.74, 0.00, 10.58) #fs:  38  -- #Conts: 41 H(4)  G(5)  A(28)  E(2)  C(2) 
  11854739 541.12 || noQ Q (Avg,Max,Min) (6.74, 77.77, 0.02) (1.83, 0.00, 10.58) #fs:  43  -- #Conts: 39 H(4)  G(5)  A(27)  E(2)  C(1) 
  11854747 531.71 || noQ Q (Avg,Max,Min) (6.62, 77.77, 0.02) (1.88, 0.00, 14.10) #fs:  38  -- #Conts: 40 H(5)  G(5)  A(28)  C(2) 
  11855041 528.71 || noQ Q (Avg,Max,Min) (6.61, 77.77, 0.02) (1.88, 0.00, 14.10) #fs:  39  -- #Conts: 40 H(5)  G(5)  A(29)  C(1) 
  11855309 526.35 || noQ Q (Avg,Max,Min) (6.48, 77.65, 0.02) (1.83, 0.00, 14.10) #fs:  42  -- #Conts: 41 H(5)  G(4)  A(29)  E(2)  C(1) 
  11855533 523.65 || noQ Q (Avg,Max,Min) (6.33, 77.61, 0.02) (1.79, 0.00, 14.10) #fs:  35  -- #Conts: 42 H(5)  G(4)  A(30)  E(1)  C(2) 
  11856749 522.65 || noQ Q (Avg,Max,Min) (6.56, 77.07, 0.04) (1.79, 0.00, 10.58) #fs:  37  -- #Conts: 40 H(4)  G(4)  A(29)  E(1)  C(2) 
  11858439 519.65 || noQ Q (Avg,Max,Min) (6.81, 76.57, 0.02) (1.88, 0.00, 10.58) #fs:  38  -- #Conts: 38 H(4)  G(4)  A(28)  E(1)  C(1) 
  11858594 518.65 || noQ Q (Avg,Max,Min) (6.81, 76.57, 0.02) (1.88, 0.00, 10.58) #fs:  37  -- #Conts: 38 H(4)  G(4)  A(28)  E(1)  C(1) 
  11858613 516.65 || noQ Q (Avg,Max,Min) (7.01, 76.57, 0.02) (1.93, 0.00, 10.58) #fs:  36  -- #Conts: 37 H(4)  G(4)  A(27)  E(1)  C(1) 
  11858889 514.94 || noQ Q (Avg,Max,Min) (6.81, 76.35, 0.02) (1.88, 0.01, 10.58) #fs:  39  -- #Conts: 38 H(4)  G(4)  A(28)  C(2) 
  11859606 509.94 || noQ Q (Avg,Max,Min) (6.73, 76.35, 0.02) (1.93, 0.00, 14.10) #fs:  29  -- #Conts: 39 H(5)  G(4)  A(29)  C(1) 
  11862089 494.12 || noQ Q (Avg,Max,Min) (6.44, 77.61, 0.02) (1.83, 0.00, 14.10) #fs:  37  -- #Conts: 41 H(4)  G(4)  A(30)  E(1)  C(2) 
  11862496 492.12 || noQ Q (Avg,Max,Min) (6.61, 77.61, 0.04) (1.88, 0.00, 14.10) #fs:  37  -- #Conts: 40 H(4)  G(4)  A(29)  E(1)  C(2) 
  11863148 491.12 || noQ Q (Avg,Max,Min) (6.59, 77.07, 0.04) (1.88, 0.00, 14.10) #fs:  37  -- #Conts: 40 H(4)  G(4)  A(29)  E(1)  C(2) 
  11864838 488.12 || noQ Q (Avg,Max,Min) (6.84, 76.57, 0.02) (1.97, 0.00, 14.10) #fs:  37  -- #Conts: 38 H(4)  G(4)  A(28)  E(1)  C(1) 
  11864993 487.12 || noQ Q (Avg,Max,Min) (6.85, 76.57, 0.02) (1.97, 0.00, 14.10) #fs:  37  -- #Conts: 38 H(4)  G(4)  A(28)  E(1)  C(1) 
  11865012 485.12 || noQ Q (Avg,Max,Min) (7.05, 76.57, 0.02) (2.03, 0.00, 14.10) #fs:  35  -- #Conts: 37 H(4)  G(4)  A(27)  E(1)  C(1) 
  11865288 483.41 || noQ Q (Avg,Max,Min) (6.84, 76.35, 0.02) (1.98, 0.01, 14.10) #fs:  39  -- #Conts: 38 H(4)  G(4)  A(28)  C(2) 
  11866005 478.41 || noQ Q (Avg,Max,Min) (6.88, 76.35, 0.02) (1.98, 0.02, 14.10) #fs:  30  -- #Conts: 38 H(4)  G(4)  A(29)  C(1) 
  11870134 477.41 || noQ Q (Avg,Max,Min) (6.97, 75.28, 0.02) (2.04, 0.02, 14.10) #fs:  29  -- #Conts: 37 H(4)  G(4)  A(28)  C(1) 
  11870689 475.41 || noQ Q (Avg,Max,Min) (7.09, 74.65, 0.04) (2.09, 0.02, 14.10) #fs:  34  -- #Conts: 36 H(4)  G(4)  A(27)  C(1) 
  11875361 474.41 || noQ Q (Avg,Max,Min) (7.18, 73.14, 0.04) (2.15, 0.02, 14.10) #fs:  34  -- #Conts: 35 H(4)  G(4)  A(26)  C(1) 
  11885689 473.41 || noQ Q (Avg,Max,Min) (7.22, 70.51, 0.04) (2.21, 0.02, 14.10) #fs:  30  -- #Conts: 34 H(4)  G(4)  A(25)  C(1) 
  11886355 472.41 || noQ Q (Avg,Max,Min) (7.40, 69.95, 0.04) (2.27, 0.02, 14.10) #fs:  28  -- #Conts: 33 H(4)  G(4)  A(24)  C(1) 
  11895384 471.41 || noQ Q (Avg,Max,Min) (7.49, 67.92, 0.04) (2.34, 0.03, 14.10) #fs:  24  -- #Conts: 32 H(4)  G(4)  A(23)  C(1) 
  11897712 470.41 || noQ Q (Avg,Max,Min) (7.69, 67.33, 0.04) (2.41, 0.03, 14.10) #fs:  20  -- #Conts: 31 H(4)  G(4)  A(22)  C(1) 
  11897914 469.41 || noQ Q (Avg,Max,Min) (7.68, 67.28, 0.04) (2.41, 0.03, 14.10) #fs:  18  -- #Conts: 31 H(4)  G(4)  A(22)  C(1) 
  11900426 466.41 || noQ Q (Avg,Max,Min) (8.35, 66.24, 0.18) (2.66, 0.11, 14.10) #fs:  23  -- #Conts: 28 H(4)  G(4)  A(19)  C(1) 
  11905318 465.41 || noQ Q (Avg,Max,Min) (8.57, 65.05, 0.18) (2.76, 0.12, 14.10) #fs:  22  -- #Conts: 27 H(4)  G(4)  A(18)  C(1) 
  11910931 464.41 || noQ Q (Avg,Max,Min) (8.48, 64.09, 0.18) (2.76, 0.12, 14.10) #fs:  19  -- #Conts: 27 H(4)  G(4)  A(18)  C(1) 
  11919807 463.41 || noQ Q (Avg,Max,Min) (8.63, 61.75, 0.19) (2.86, 0.13, 14.10) #fs:  18  -- #Conts: 26 H(4)  G(4)  A(17)  C(1) 
  11925486 462.41 || noQ Q (Avg,Max,Min) (8.87, 60.88, 0.20) (2.97, 0.17, 14.10) #fs:  16  -- #Conts: 25 H(4)  G(4)  A(16)  C(1) 
  11930339 461.41 || noQ Q (Avg,Max,Min) (8.77, 59.56, 0.21) (2.97, 0.17, 14.10) #fs:  13  -- #Conts: 25 H(4)  G(4)  A(16)  C(1) 
  11934851 457.29 || noQ Q (Avg,Max,Min) (4.41, 20.27, 0.09) (2.07, 0.01, 14.10) #fs:  34  -- #Conts: 35 H(4)  G(2)  A(26)  E(2)  C(1) 
  11934984 456.29 || noQ Q (Avg,Max,Min) (4.41, 20.27, 0.09) (2.07, 0.01, 14.10) #fs:  35  -- #Conts: 35 H(4)  G(2)  A(26)  E(2)  C(1) 
  11941271 455.29 || noQ Q (Avg,Max,Min) (4.52, 20.04, 0.09) (2.13, 0.02, 14.10) #fs:  32  -- #Conts: 34 H(4)  G(2)  A(25)  E(2)  C(1) 
  11960924 454.29 || noQ Q (Avg,Max,Min) (4.55, 18.84, 0.10) (2.19, 0.02, 14.10) #fs:  28  -- #Conts: 33 H(4)  G(2)  A(24)  E(2)  C(1) 
  11962147 453.29 || noQ Q (Avg,Max,Min) (4.54, 18.79, 0.07) (2.19, 0.02, 14.10) #fs:  28  -- #Conts: 33 H(4)  G(2)  A(24)  E(2)  C(1) 
  11963638 452.29 || noQ Q (Avg,Max,Min) (4.67, 18.58, 0.12) (2.26, 0.02, 14.10) #fs:  27  -- #Conts: 32 H(4)  G(2)  A(23)  E(2)  C(1) 
  11976887 451.29 || noQ Q (Avg,Max,Min) (4.74, 17.86, 0.13) (2.32, 0.03, 14.10) #fs:  25  -- #Conts: 31 H(4)  G(2)  A(22)  E(2)  C(1) 
  11983003 450.29 || noQ Q (Avg,Max,Min) (4.83, 17.60, 0.13) (2.40, 0.05, 14.10) #fs:  24  -- #Conts: 30 H(4)  G(2)  A(21)  E(2)  C(1) 
  11986214 449.29 || noQ Q (Avg,Max,Min) (4.97, 17.55, 0.13) (2.48, 0.05, 14.10) #fs:  24  -- #Conts: 29 H(4)  G(2)  A(20)  E(2)  C(1) 
  11992662 448.29 || noQ Q (Avg,Max,Min) (5.11, 17.11, 0.13) (2.56, 0.05, 14.10) #fs:  21  -- #Conts: 28 H(4)  G(2)  A(19)  E(2)  C(1) 
  11996147 447.29 || noQ Q (Avg,Max,Min) (5.10, 17.05, 0.11) (2.56, 0.05, 14.10) #fs:  22  -- #Conts: 28 H(4)  G(2)  A(19)  E(2)  C(1) 
  11997644 446.29 || noQ Q (Avg,Max,Min) (5.10, 17.02, 0.20) (2.57, 0.05, 14.10) #fs:  20  -- #Conts: 28 H(4)  G(2)  A(19)  E(2)  C(1) 
  12003573 445.29 || noQ Q (Avg,Max,Min) (5.23, 16.76, 0.20) (2.66, 0.06, 14.10) #fs:  21  -- #Conts: 27 H(4)  G(2)  A(18)  E(2)  C(1) 
  12005182 444.29 || noQ Q (Avg,Max,Min) (5.37, 16.57, 0.20) (2.76, 0.14, 14.10) #fs:  21  -- #Conts: 26 H(4)  G(2)  A(17)  E(2)  C(1) 
  12015843 443.29 || noQ Q (Avg,Max,Min) (5.53, 16.34, 0.29) (2.87, 0.14, 14.10) #fs:  17  -- #Conts: 25 H(4)  G(2)  A(16)  E(2)  C(1) 
  12023920 442.29 || noQ Q (Avg,Max,Min) (5.70, 16.25, 0.29) (2.98, 0.19, 14.10) #fs:  14  -- #Conts: 24 H(4)  G(2)  A(15)  E(2)  C(1) 
  12024132 441.88 || noQ Q (Avg,Max,Min) (3.74, 16.67, 0.14) (2.41, 0.04, 14.10) #fs:  34  -- #Conts: 29 H(4)  G(2)  A(22)  C(1) 
  12028913 440.88 || noQ Q (Avg,Max,Min) (3.74, 16.61, 0.14) (2.42, 0.04, 14.10) #fs:  31  -- #Conts: 29 H(4)  G(2)  A(22)  C(1) 
  12030926 439.88 || noQ Q (Avg,Max,Min) (3.98, 16.60, 0.15) (2.59, 0.04, 14.10) #fs:  30  -- #Conts: 27 H(4)  G(2)  A(20)  C(1) 
  12036689 438.88 || noQ Q (Avg,Max,Min) (3.97, 16.54, 0.15) (2.59, 0.04, 14.10) #fs:  29  -- #Conts: 27 H(4)  G(2)  A(20)  C(1) 
  12041426 437.88 || noQ Q (Avg,Max,Min) (3.97, 16.48, 0.15) (2.59, 0.05, 14.10) #fs:  27  -- #Conts: 27 H(4)  G(2)  A(20)  C(1) 
  12058284 436.88 || noQ Q (Avg,Max,Min) (4.10, 16.34, 0.15) (2.69, 0.05, 14.10) #fs:  23  -- #Conts: 26 H(4)  G(2)  A(19)  C(1) 
  12069681 435.88 || noQ Q (Avg,Max,Min) (4.08, 16.26, 0.15) (2.69, 0.05, 14.10) #fs:  22  -- #Conts: 26 H(4)  G(2)  A(19)  C(1) 
  12082926 434.88 || noQ Q (Avg,Max,Min) (4.22, 16.10, 0.15) (2.79, 0.06, 14.10) #fs:  20  -- #Conts: 25 H(4)  G(2)  A(18)  C(1) 
  12093529 433.88 || noQ Q (Avg,Max,Min) (4.09, 16.01, 0.16) (2.69, 0.04, 14.10) #fs:  18  -- #Conts: 26 H(4)  G(2)  A(19)  C(1) 
  12097638 432.88 || noQ Q (Avg,Max,Min) (4.21, 16.01, 0.16) (2.80, 0.06, 14.10) #fs:  18  -- #Conts: 25 H(4)  G(2)  A(18)  C(1) 
  12101867 431.88 || noQ Q (Avg,Max,Min) (4.34, 15.94, 0.16) (2.91, 0.12, 14.10) #fs:  19  -- #Conts: 24 H(4)  G(2)  A(17)  C(1) 
  12112740 430.88 || noQ Q (Avg,Max,Min) (4.50, 15.84, 0.16) (3.03, 0.12, 14.10) #fs:  14  -- #Conts: 23 H(4)  G(2)  A(16)  C(1) 
  12118676 429.88 || noQ Q (Avg,Max,Min) (4.67, 15.82, 0.19) (3.16, 0.14, 14.10) #fs:  15  -- #Conts: 22 H(4)  G(2)  A(15)  C(1) 
  12125415 428.88 || noQ Q (Avg,Max,Min) (4.66, 15.75, 0.21) (3.17, 0.16, 14.10) #fs:  13  -- #Conts: 22 H(4)  G(2)  A(15)  C(1) 
  12141271 427.88 || noQ Q (Avg,Max,Min) (4.86, 15.59, 0.37) (3.31, 0.16, 14.10) #fs:  12  -- #Conts: 21 H(4)  G(2)  A(14)  C(1) 
  12151076 426.88 || noQ Q (Avg,Max,Min) (5.07, 15.55, 1.52) (3.47, 1.52, 14.10) #fs:  10  -- #Conts: 20 H(4)  G(2)  A(13)  C(1) 
  12200189 425.88 || noQ Q (Avg,Max,Min) (5.10, 15.16, 1.52) (3.58, 1.52, 14.10) #fs:  11  -- #Conts: 19 H(4)  G(2)  A(12)  C(1) 
  12236627 424.88 || noQ Q (Avg,Max,Min) (5.14, 14.86, 1.52) (3.69, 1.52, 14.10) #fs:  12  -- #Conts: 18 H(4)  G(2)  A(11)  C(1) 
  12307722 423.88 || noQ Q (Avg,Max,Min) (5.16, 14.35, 1.52) (3.81, 1.52, 14.10) #fs:  10  -- #Conts: 17 H(4)  G(2)  A(10)  C(1) 
  12315584 422.88 || noQ Q (Avg,Max,Min) (5.36, 14.30, 1.52) (4.00, 1.52, 14.10) #fs:  10  -- #Conts: 16 H(4)  G(2)  A(9)  C(1) 
  12383561 421.88 || noQ Q (Avg,Max,Min) (5.57, 16.30, 1.52) (4.23, 1.52, 14.10) #fs:   9  -- #Conts: 15 H(4)  G(2)  A(8)  C(1) 
  12446938 420.88 || noQ Q (Avg,Max,Min) (5.66, 15.84, 1.52) (4.38, 1.52, 14.10) #fs:  11  -- #Conts: 14 H(4)  G(2)  A(7)  C(1) 
  12456514 419.88 || noQ Q (Avg,Max,Min) (5.90, 15.79, 1.52) (4.64, 1.52, 14.10) #fs:  12  -- #Conts: 13 H(4)  G(2)  A(6)  C(1) 
  12522712 418.88 || noQ Q (Avg,Max,Min) (6.09, 15.34, 1.52) (4.90, 1.52, 14.10) #fs:   9  -- #Conts: 12 H(4)  G(2)  A(5)  C(1) 
  12548549 417.88 || noQ Q (Avg,Max,Min) (6.34, 14.85, 1.52) (5.20, 1.52, 14.10) #fs:   9  -- #Conts: 11 H(4)  G(2)  A(4)  C(1) 
  12625595 416.88 || noQ Q (Avg,Max,Min) (6.61, 14.37, 1.52) (5.55, 1.52, 14.10) #fs:   9  -- #Conts: 10 H(4)  G(2)  A(3)  C(1) 
  12667027 415.88 || noQ Q (Avg,Max,Min) (7.09, 14.44, 1.52) (6.05, 1.52, 14.10) #fs:   9  -- #Conts: 9 H(4)  G(2)  A(2)  C(1) 
  12736442 414.88 || noQ Q (Avg,Max,Min) (7.58, 14.10, 1.52) (6.60, 1.52, 14.10) #fs:   7  -- #Conts: 8 H(4)  G(2)  A(1)  C(1) 
  12826995 413.88 || noQ Q (Avg,Max,Min) (8.34, 15.58, 1.52) (7.37, 1.52, 14.10) #fs:   8  -- #Conts: 7 H(4)  G(2)  C(1) 
  12899088 412.88 || noQ Q (Avg,Max,Min) (5.94, 14.10, 1.51) (5.43, 1.51, 14.10) #fs:   8  -- #Conts: 9 H(4)  G(2)  A(3) 
  12936036 411.88 || noQ Q (Avg,Max,Min) (6.32, 14.10, 1.52) (5.90, 1.52, 14.10) #fs:   9  -- #Conts: 8 H(4)  G(2)  A(2) 
  13028618 410.88 || noQ Q (Avg,Max,Min) (6.86, 14.10, 1.52) (6.49, 1.52, 14.10) #fs:   8  -- #Conts: 7 H(4)  G(2)  A(1) 
  13136082 409.88 || noQ Q (Avg,Max,Min) (7.38, 14.10, 1.52) (7.12, 1.52, 14.10) #fs:   7  -- #Conts: 6 H(4)  G(2) 
  13382641 409.12 || noQ Q (Avg,Max,Min) (4.69, 14.10, 0.14) (4.11, 0.14, 14.10) #fs:  10  -- #Conts: 21 H(4)  G(2)  A(15) 
  13400723 408.12 || noQ Q (Avg,Max,Min) (4.90, 14.10, 1.52) (4.31, 1.52, 14.10) #fs:   8  -- #Conts: 20 H(4)  G(2)  A(14) 
  13506696 407.12 || noQ Q (Avg,Max,Min) (4.90, 14.10, 1.52) (4.40, 1.52, 14.10) #fs:   9  -- #Conts: 19 H(4)  G(2)  A(13) 
  13525189 407.00 || noQ Q (Avg,Max,Min) (5.59, 21.68, 1.68) (4.23, 1.33, 20.47) #fs:  15  -- #Conts: 47 H(4)  G(2)  A(33)  E(1)  C(7) 
  13526229 406.00 || noQ Q (Avg,Max,Min) (5.58, 21.68, 1.68) (4.25, 1.33, 20.47) #fs:  14  -- #Conts: 47 H(4)  G(2)  A(33)  E(1)  C(7) 
  13529689 405.00 || noQ Q (Avg,Max,Min) (5.57, 21.65, 1.68) (4.27, 1.33, 20.48) #fs:  15  -- #Conts: 47 H(4)  G(2)  A(33)  E(1)  C(7) 
  13532973 404.00 || noQ Q (Avg,Max,Min) (5.57, 21.64, 1.68) (4.28, 1.33, 20.48) #fs:  13  -- #Conts: 47 H(4)  G(2)  A(33)  E(1)  C(7) 
  13537279 403.00 || noQ Q (Avg,Max,Min) (5.56, 21.61, 1.68) (4.30, 1.33, 20.48) #fs:  14  -- #Conts: 47 H(4)  G(2)  A(33)  E(1)  C(7) 
  13542247 402.00 || noQ Q (Avg,Max,Min) (5.56, 21.57, 1.68) (4.31, 1.33, 20.48) #fs:  14  -- #Conts: 47 H(4)  G(2)  A(33)  E(1)  C(7) 
  13547086 401.00 || noQ Q (Avg,Max,Min) (5.55, 21.56, 1.68) (4.33, 1.33, 20.48) #fs:  14  -- #Conts: 47 H(4)  G(2)  A(33)  E(1)  C(7) 
  13564788 400.00 || noQ Q (Avg,Max,Min) (5.63, 21.44, 1.68) (4.41, 1.31, 20.48) #fs:   9  -- #Conts: 46 H(4)  G(2)  A(32)  E(1)  C(7) 
  13569625 399.00 || noQ Q (Avg,Max,Min) (5.63, 21.41, 1.68) (4.43, 1.31, 20.49) #fs:   9  -- #Conts: 46 H(4)  G(2)  A(32)  E(1)  C(7) 
  13587426 398.00 || noQ Q (Avg,Max,Min) (5.66, 23.13, 1.68) (4.49, 1.68, 22.24) #fs:  15  -- #Conts: 46 H(4)  G(2)  A(32)  E(1)  C(7) 
  13591189 397.00 || noQ Q (Avg,Max,Min) (5.66, 23.11, 1.68) (4.51, 1.68, 22.24) #fs:  14  -- #Conts: 46 H(4)  G(2)  A(32)  E(1)  C(7) 
  13594170 396.00 || noQ Q (Avg,Max,Min) (5.69, 23.08, 1.68) (4.55, 1.64, 22.24) #fs:   9  -- #Conts: 46 H(4)  G(2)  A(32)  E(1)  C(7) 
  13629497 395.00 || noQ Q (Avg,Max,Min) (5.67, 21.77, 1.68) (4.57, 1.68, 21.18) #fs:  12  -- #Conts: 45 H(4)  G(2)  A(31)  E(1)  C(7) 
  13643902 394.00 || noQ Q (Avg,Max,Min) (5.72, 21.79, 1.68) (4.66, 1.68, 21.29) #fs:  13  -- #Conts: 44 H(4)  G(2)  A(30)  E(1)  C(7) 
  13657181 393.00 || noQ Q (Avg,Max,Min) (5.90, 22.32, 1.68) (4.77, 1.47, 21.89) #fs:   6  -- #Conts: 43 H(4)  G(2)  A(29)  E(1)  C(7) 
  13661189 392.00 || noQ Q (Avg,Max,Min) (5.89, 22.30, 1.68) (4.78, 1.47, 21.89) #fs:   7  -- #Conts: 43 H(4)  G(2)  A(29)  E(1)  C(7) 
  13662155 391.00 || noQ Q (Avg,Max,Min) (5.89, 22.30, 1.68) (4.80, 1.68, 21.89) #fs:   6  -- #Conts: 43 H(4)  G(2)  A(29)  E(1)  C(7) 
  13667507 390.00 || noQ Q (Avg,Max,Min) (5.88, 22.26, 1.68) (4.82, 1.68, 21.89) #fs:   6  -- #Conts: 43 H(4)  G(2)  A(29)  E(1)  C(7) 
  13721322 389.00 || noQ Q (Avg,Max,Min) (5.86, 21.93, 1.68) (4.87, 1.68, 21.91) #fs:   9  -- #Conts: 42 H(4)  G(2)  A(28)  E(1)  C(7) 
  13748006 388.00 || noQ Q (Avg,Max,Min) (5.99, 23.29, 1.68) (5.01, 1.68, 23.29) #fs:   7  -- #Conts: 40 H(4)  G(2)  A(26)  E(1)  C(7) 
  13760377 387.00 || noQ Q (Avg,Max,Min) (6.01, 22.60, 1.68) (5.04, 1.68, 22.59) #fs:  10  -- #Conts: 40 H(4)  G(2)  A(26)  E(1)  C(7) 
  13823425 386.00 || noQ Q (Avg,Max,Min) (5.80, 22.95, 1.68) (5.07, 1.68, 22.95) #fs:   5  -- #Conts: 39 H(4)  G(2)  A(26)  E(1)  C(6) 
  13848256 385.00 || noQ Q (Avg,Max,Min) (5.75, 21.89, 1.68) (5.07, 1.68, 21.89) #fs:  10  -- #Conts: 39 H(4)  G(2)  A(26)  E(1)  C(6) 
  13858462 384.00 || noQ Q (Avg,Max,Min) (5.75, 21.89, 1.68) (5.09, 1.68, 21.89) #fs:   9  -- #Conts: 39 H(4)  G(2)  A(26)  E(1)  C(6) 
  13907482 383.00 || noQ Q (Avg,Max,Min) (5.87, 21.99, 1.68) (5.25, 1.68, 21.99) #fs:  10  -- #Conts: 37 H(4)  G(2)  A(24)  E(1)  C(6) 
  13945026 382.00 || noQ Q (Avg,Max,Min) (5.84, 22.00, 1.68) (5.25, 1.68, 21.99) #fs:   8  -- #Conts: 37 H(4)  G(2)  A(24)  E(1)  C(6) 
  13992846 381.00 || noQ Q (Avg,Max,Min) (5.79, 21.99, 1.68) (5.26, 1.68, 21.99) #fs:  11  -- #Conts: 37 H(4)  G(2)  A(24)  E(1)  C(6) 
  14057395 380.00 || noQ Q (Avg,Max,Min) (5.96, 21.99, 1.68) (5.41, 1.68, 21.99) #fs:  10  -- #Conts: 36 H(4)  G(2)  A(23)  E(1)  C(6) 
  14074635 379.00 || noQ Q (Avg,Max,Min) (6.06, 21.89, 1.68) (5.51, 1.68, 21.89) #fs:   6  -- #Conts: 35 H(4)  G(2)  A(22)  E(1)  C(6) 
  14156659 378.00 || noQ Q (Avg,Max,Min) (6.15, 22.89, 1.68) (5.61, 1.68, 22.89) #fs:  10  -- #Conts: 34 H(4)  G(2)  A(21)  E(1)  C(6) 
  14182415 377.00 || noQ Q (Avg,Max,Min) (6.13, 22.89, 1.68) (5.63, 1.68, 22.89) #fs:   8  -- #Conts: 34 H(4)  G(2)  A(21)  E(1)  C(6) 
  14235556 376.00 || noQ Q (Avg,Max,Min) (6.21, 22.71, 1.68) (5.73, 1.68, 22.71) #fs:   5  -- #Conts: 33 H(4)  G(2)  A(20)  E(1)  C(6) 
  14289394 375.00 || noQ Q (Avg,Max,Min) (6.16, 22.71, 1.68) (5.74, 1.68, 22.71) #fs:   8  -- #Conts: 33 H(4)  G(2)  A(20)  E(1)  C(6) 
  14323302 374.00 || noQ Q (Avg,Max,Min) (6.36, 22.89, 1.68) (5.92, 1.68, 22.89) #fs:   7  -- #Conts: 32 H(4)  G(2)  A(19)  E(1)  C(6) 
  14387273 373.00 || noQ Q (Avg,Max,Min) (6.66, 23.69, 1.68) (6.20, 1.68, 23.68) #fs:   7  -- #Conts: 30 H(4)  G(2)  A(17)  E(1)  C(6) 
  14575866 372.00 || noQ Q (Avg,Max,Min) (5.69, 23.86, 1.68) (5.47, 1.68, 23.85) #fs:   6  -- #Conts: 34 H(4)  G(2)  A(23)  E(1)  C(4) 
  14737551 371.00 || noQ Q (Avg,Max,Min) (5.62, 23.86, 1.68) (5.46, 1.68, 23.85) #fs:   6  -- #Conts: 34 H(4)  G(2)  A(23)  E(1)  C(4) 
  14938930 370.00 || noQ Q (Avg,Max,Min) (5.61, 23.86, 1.68) (5.50, 1.68, 23.85) #fs:   6  -- #Conts: 34 H(4)  G(2)  A(23)  E(1)  C(4) 
  15476157 369.00 || noQ Q (Avg,Max,Min) (5.70, 22.96, 1.68) (5.65, 1.68, 22.95) #fs:   3  -- #Conts: 33 H(4)  G(2)  A(22)  E(1)  C(4) 
  16151931 368.41 || noQ Q (Avg,Max,Min) (4.53, 18.08, 1.26) (4.18, 1.25, 18.07) #fs:  14  -- #Conts: 63 H(4)  G(2)  A(47)  E(1)  C(9) 
  16153770 367.41 || noQ Q (Avg,Max,Min) (4.53, 18.08, 1.26) (4.19, 1.25, 18.07) #fs:  14  -- #Conts: 63 H(4)  G(2)  A(47)  E(1)  C(9) 
  16180153 366.41 || noQ Q (Avg,Max,Min) (4.53, 18.08, 1.26) (4.21, 1.25, 18.07) #fs:  13  -- #Conts: 63 H(4)  G(2)  A(47)  E(1)  C(9) 
  16332183 365.41 || noQ Q (Avg,Max,Min) (4.58, 18.08, 1.40) (4.22, 1.40, 18.07) #fs:  17  -- #Conts: 63 H(4)  G(2)  A(47)  E(1)  C(9) 
  16349141 364.41 || noQ Q (Avg,Max,Min) (4.58, 18.08, 1.39) (4.25, 1.39, 18.07) #fs:  17  -- #Conts: 63 H(4)  G(2)  A(47)  E(1)  C(9) 
  16357563 363.41 || noQ Q (Avg,Max,Min) (4.60, 18.08, 1.26) (4.28, 1.25, 18.07) #fs:  13  -- #Conts: 63 H(4)  G(2)  A(47)  E(1)  C(9) 
  16359402 362.41 || noQ Q (Avg,Max,Min) (4.60, 18.08, 1.26) (4.29, 1.25, 18.07) #fs:  13  -- #Conts: 63 H(4)  G(2)  A(47)  E(1)  C(9) 
  16575825 361.41 || noQ Q (Avg,Max,Min) (4.62, 18.08, 1.68) (4.40, 1.68, 18.07) #fs:  10  -- #Conts: 61 H(4)  G(2)  A(45)  E(1)  C(9) 
  16721563 359.41 || noQ Q (Avg,Max,Min) (4.69, 18.08, 1.68) (4.39, 1.68, 18.07) #fs:   9  -- #Conts: 62 H(4)  G(2)  A(46)  E(1)  C(9) 
  16752893 358.41 || noQ Q (Avg,Max,Min) (4.69, 18.08, 1.68) (4.45, 1.68, 18.07) #fs:  11  -- #Conts: 61 H(4)  G(2)  A(45)  E(1)  C(9) 
  16764325 357.41 || noQ Q (Avg,Max,Min) (4.69, 18.08, 1.68) (4.48, 1.68, 18.07) #fs:   9  -- #Conts: 61 H(4)  G(2)  A(45)  E(1)  C(9) 
  16967324 356.41 || noQ Q (Avg,Max,Min) (4.69, 18.08, 1.68) (4.50, 1.68, 18.07) #fs:  11  -- #Conts: 60 H(4)  G(2)  A(44)  E(1)  C(9) 
  16967782 355.41 || noQ Q (Avg,Max,Min) (4.69, 18.08, 1.68) (4.51, 1.68, 18.07) #fs:  11  -- #Conts: 60 H(4)  G(2)  A(44)  E(1)  C(9) 
  17343826 354.41 || noQ Q (Avg,Max,Min) (4.70, 18.08, 1.68) (4.61, 1.68, 18.07) #fs:   9  -- #Conts: 58 H(4)  G(2)  A(42)  E(1)  C(9) 
  17501892 353.41 || noQ Q (Avg,Max,Min) (4.72, 18.08, 1.68) (4.65, 1.68, 18.07) #fs:  10  -- #Conts: 58 H(4)  G(2)  A(42)  E(1)  C(9) 
  17534825 352.41 || noQ Q (Avg,Max,Min) (4.72, 18.08, 1.68) (4.67, 1.68, 18.07) #fs:  10  -- #Conts: 58 H(4)  G(2)  A(42)  E(1)  C(9) 
  17662392 351.41 || noQ Q (Avg,Max,Min) (4.71, 18.08, 1.68) (4.68, 1.68, 18.07) #fs:  10  -- #Conts: 58 H(4)  G(2)  A(42)  E(1)  C(9) 
  17727682 350.41 || noQ Q (Avg,Max,Min) (4.75, 18.08, 1.68) (4.73, 1.68, 18.07) #fs:   8  -- #Conts: 57 H(4)  G(2)  A(41)  E(1)  C(9) 
  20328832 347.88 || noQ Q (Avg,Max,Min) (4.07, 33.48, 2.15) (3.77, 2.15, 33.48) #fs:  14  -- #Conts: 70 H(1)  G(3)  A(62)  C(4) 
  20493704 345.88 || noQ Q (Avg,Max,Min) (4.01, 33.48, 1.00) (3.82, 0.02, 33.48) #fs:  22  -- #Conts: 70 H(1)  G(3)  A(61)  C(5) 
  20572524 344.88 || noQ Q (Avg,Max,Min) (4.01, 33.48, 1.00) (3.83, 0.02, 33.48) #fs:  18  -- #Conts: 70 H(1)  G(3)  A(61)  C(5) 
  20655583 343.88 || noQ Q (Avg,Max,Min) (4.02, 33.48, 1.00) (3.86, 0.02, 33.48) #fs:  16  -- #Conts: 69 H(1)  G(3)  A(60)  C(5) 
  20698204 341.88 || noQ Q (Avg,Max,Min) (4.06, 33.48, 2.15) (3.88, 2.15, 33.48) #fs:  21  -- #Conts: 69 H(1)  G(3)  A(61)  C(4) 
  20777024 340.88 || noQ Q (Avg,Max,Min) (4.06, 33.48, 2.15) (3.89, 2.15, 33.48) #fs:  18  -- #Conts: 69 H(1)  G(3)  A(61)  C(4) 
  20834832 339.88 || noQ Q (Avg,Max,Min) (4.06, 33.48, 2.15) (3.92, 2.15, 33.48) #fs:  17  -- #Conts: 68 H(1)  G(3)  A(60)  C(4) 
  20915482 338.88 || noQ Q (Avg,Max,Min) (4.05, 33.48, 2.15) (3.94, 2.15, 33.48) #fs:  22  -- #Conts: 68 H(1)  G(3)  A(60)  C(4) 
  20928482 337.88 || noQ Q (Avg,Max,Min) (4.05, 33.48, 2.15) (3.95, 2.15, 33.48) #fs:  21  -- #Conts: 68 H(1)  G(3)  A(60)  C(4) 
  21078524 336.88 || noQ Q (Avg,Max,Min) (4.07, 33.48, 2.22) (3.97, 2.22, 33.48) #fs:  15  -- #Conts: 67 H(1)  G(3)  A(59)  C(4) 
  21097968 335.88 || noQ Q (Avg,Max,Min) (4.07, 33.48, 2.22) (3.98, 2.22, 33.48) #fs:  14  -- #Conts: 67 H(1)  G(3)  A(59)  C(4) 
  21141024 334.88 || noQ Q (Avg,Max,Min) (4.08, 33.48, 2.22) (4.00, 2.22, 33.48) #fs:   9  -- #Conts: 67 H(1)  G(3)  A(59)  C(4) 
  21571024 333.88 || noQ Q (Avg,Max,Min) (4.10, 33.48, 2.22) (4.04, 2.22, 33.48) #fs:  11  -- #Conts: 66 H(1)  G(3)  A(58)  C(4) 
  21983409 332.88 || noQ Q (Avg,Max,Min) (4.10, 33.48, 2.22) (4.05, 2.22, 33.48) #fs:  15  -- #Conts: 66 H(1)  G(3)  A(58)  C(4) 
  22087575 331.88 || noQ Q (Avg,Max,Min) (4.10, 33.48, 2.22) (4.06, 2.22, 33.48) #fs:  12  -- #Conts: 66 H(1)  G(3)  A(58)  C(4) 
  23284909 330.88 || noQ Q (Avg,Max,Min) (4.09, 33.48, 2.33) (4.06, 2.25, 33.48) #fs:  13  -- #Conts: 66 H(1)  G(3)  A(58)  C(4) 
  26996202 329.88 || noQ Q (Avg,Max,Min) (4.19, 33.48, 2.40) (4.16, 2.40, 33.48) #fs:   9  -- #Conts: 60 H(1)  G(3)  A(52)  C(4) 
  27474909 328.88 || noQ Q (Avg,Max,Min) (4.19, 33.48, 2.40) (4.17, 2.40, 33.48) #fs:  11  -- #Conts: 60 H(1)  G(3)  A(52)  C(4) 
/////////////////size: 161
nodes 1000 edges 1984
 mulT: 50 mulD: 1000  sumData GB 445754
pareto /CYBERSHAKE.n.1000.0.dax time -> 1.543339E7
moheft /CYBERSHAKE.n.1000.0.dax time -> 2668287.0
distance from M to C 0.0
distance from P to C 98.54938094535959
distance from C to M 0.0
distance from C to P 17.299650275567167
toCompare: /CYBERSHAKE.n.1000.0.dax sumDataGB: 445754 mulT: 50 mulD: 1000 paretoOptTime_MS: 1.543339E7 MoheftOptimizationTime_MS: 2668287.0 MtoC 0.0 PtoC 98.54938094535959 CtoM 0.0 CtoP 17.299650275567167
