specify -Dflow d,b,mt,md,size
Running Lattice d 5 b: 21
  15160959 6589.65 || noQ Q (Avg,Max,Min) (1.13, 1.68, 0.65) (0.96, 0.55, 1.56) #fs:   8  -- #Conts: 155 H(155) 
  15340959 6558.12 || noQ Q (Avg,Max,Min) (1.13, 1.68, 0.65) (0.96, 0.55, 1.56) #fs:   8  -- #Conts: 155 H(155) 
  16412376 6495.06 || noQ Q (Avg,Max,Min) (1.12, 1.53, 0.65) (0.96, 0.57, 1.39) #fs:  11  -- #Conts: 140 H(140) 
  17375788 6400.47 || noQ Q (Avg,Max,Min) (1.12, 1.38, 0.84) (0.95, 0.55, 1.26) #fs:  12  -- #Conts: 130 H(130) 
  19774907 6321.65 || noQ Q (Avg,Max,Min) (1.11, 1.35, 0.92) (0.96, 0.73, 1.31) #fs:  11  -- #Conts: 124 G(3)  H(121) 
  20058616 6305.88 || noQ Q (Avg,Max,Min) (1.12, 1.34, 0.96) (0.97, 0.73, 1.30) #fs:   8  -- #Conts: 123 G(2)  H(121) 
  21442192 5463.53 || noQ Q (Avg,Max,Min) (1.06, 1.45, 0.79) (0.95, 0.63, 1.40) #fs:  38  -- #Conts: 170 G(147)  E(23) 
  21802194 5282.35 || noQ Q (Avg,Max,Min) (1.06, 1.44, 0.79) (0.98, 0.70, 1.38) #fs:  39  -- #Conts: 154 G(121)  E(33) 
  21910194 5264.24 || noQ Q (Avg,Max,Min) (1.06, 1.44, 0.79) (0.98, 0.70, 1.38) #fs:  39  -- #Conts: 154 G(120)  E(34) 
  21946192 5248.47 || noQ Q (Avg,Max,Min) (1.06, 1.44, 0.79) (0.99, 0.70, 1.38) #fs:  40  -- #Conts: 154 G(120)  E(34) 
  24965212 5132.47 || noQ Q (Avg,Max,Min) (1.06, 1.31, 0.79) (1.01, 0.70, 1.23) #fs:  34  -- #Conts: 127 G(104)  E(23) 
  27981742 5123.76 || noQ Q (Avg,Max,Min) (1.06, 1.31, 0.79) (1.00, 0.70, 1.23) #fs:  31  -- #Conts: 127 G(108)  E(19) 
  54817537 4754.47 || noQ Q (Avg,Max,Min) (1.02, 1.15, 0.69) (0.99, 0.67, 1.13) #fs:  25  -- #Conts: 150 E(150) 
  63124345 4747.76 || noQ Q (Avg,Max,Min) (1.02, 1.15, 0.69) (1.00, 0.67, 1.13) #fs:  23  -- #Conts: 150 E(150) 
/////////////////size: 14
  28566500 5334.29 || noQ Q (Avg,Max,Min) (1.06, 1.36, 1.00) (0.96, 0.23, 1.21) #fs:  19  -- #Conts: 183 G(24)  H(25)  A(17)  C(44)  E(73) 
  28602500 5302.76 || noQ Q (Avg,Max,Min) (1.06, 1.36, 0.92) (0.96, 0.23, 1.21) #fs:  20  -- #Conts: 183 G(24)  H(25)  A(17)  C(44)  E(73) 
  28638500 5271.24 || noQ Q (Avg,Max,Min) (1.06, 1.31, 0.91) (0.97, 0.35, 1.21) #fs:  20  -- #Conts: 182 G(24)  H(24)  A(17)  C(44)  E(73) 
  28867213 5230.65 || noQ Q (Avg,Max,Min) (1.05, 1.31, 0.98) (0.98, 0.35, 1.21) #fs:  22  -- #Conts: 179 G(21)  H(24)  A(17)  C(44)  E(73) 
  28985101 5214.88 || noQ Q (Avg,Max,Min) (1.05, 1.31, 0.94) (0.98, 0.70, 1.21) #fs:  21  -- #Conts: 179 G(21)  H(24)  A(17)  C(44)  E(73) 
  29414014 5208.18 || noQ Q (Avg,Max,Min) (1.05, 1.31, 0.95) (0.98, 0.70, 1.21) #fs:  20  -- #Conts: 178 G(21)  H(23)  A(17)  C(44)  E(73) 
  29584724 5208.06 || noQ Q (Avg,Max,Min) (1.05, 1.31, 1.00) (0.99, 0.35, 1.21) #fs:  19  -- #Conts: 177 G(20)  H(23)  A(17)  C(44)  E(73) 
  29620724 5201.35 || noQ Q (Avg,Max,Min) (1.05, 1.31, 0.91) (0.99, 0.35, 1.21) #fs:  20  -- #Conts: 177 G(20)  H(23)  A(17)  C(44)  E(73) 
  30026611 5192.41 || noQ Q (Avg,Max,Min) (1.05, 1.31, 0.86) (0.99, 0.80, 1.21) #fs:  20  -- #Conts: 177 G(20)  H(23)  A(17)  C(44)  E(73) 
  30401027 5185.59 || noQ Q (Avg,Max,Min) (1.05, 1.31, 0.81) (0.99, 0.79, 1.21) #fs:  20  -- #Conts: 176 G(19)  H(23)  A(17)  C(44)  E(73) 
  31328020 5176.65 || noQ Q (Avg,Max,Min) (1.05, 1.31, 1.00) (0.99, 0.86, 1.21) #fs:  20  -- #Conts: 177 G(20)  H(23)  A(17)  C(44)  E(73) 
  31467994 5173.59 || noQ Q (Avg,Max,Min) (1.05, 1.31, 0.97) (1.00, 0.56, 1.21) #fs:  24  -- #Conts: 173 G(20)  H(23)  A(17)  C(40)  E(73) 
  31666436 5169.82 || noQ Q (Avg,Max,Min) (1.05, 1.31, 1.00) (0.99, 0.86, 1.21) #fs:  19  -- #Conts: 176 G(19)  H(23)  A(17)  C(44)  E(73) 
  32139534 5164.53 || noQ Q (Avg,Max,Min) (1.05, 1.31, 0.97) (1.00, 0.56, 1.21) #fs:  25  -- #Conts: 172 G(19)  H(23)  A(17)  C(40)  E(73) 
  32346068 5157.82 || noQ Q (Avg,Max,Min) (1.05, 1.31, 0.97) (1.00, 0.56, 1.21) #fs:  24  -- #Conts: 172 G(19)  H(23)  A(17)  C(40)  E(73) 
  33164538 5155.12 || noQ Q (Avg,Max,Min) (1.05, 1.31, 0.99) (1.00, 0.56, 1.21) #fs:  24  -- #Conts: 172 G(19)  H(23)  A(17)  C(40)  E(73) 
  33440943 5148.76 || noQ Q (Avg,Max,Min) (1.05, 1.31, 0.97) (1.00, 0.90, 1.21) #fs:  25  -- #Conts: 172 G(20)  H(22)  A(17)  C(40)  E(73) 
  33647477 5142.06 || noQ Q (Avg,Max,Min) (1.05, 1.31, 0.97) (1.00, 0.90, 1.21) #fs:  24  -- #Conts: 172 G(20)  H(22)  A(17)  C(40)  E(73) 
  33717446 5133.06 || noQ Q (Avg,Max,Min) (1.04, 1.34, 0.86) (0.99, 0.35, 1.31) #fs:  17  -- #Conts: 224 G(26)  H(14)  A(72)  C(41)  E(71) 
  33770156 5117.29 || noQ Q (Avg,Max,Min) (1.04, 1.34, 0.86) (1.00, 0.70, 1.31) #fs:  18  -- #Conts: 223 G(25)  H(14)  A(72)  C(41)  E(71) 
  34091532 5114.94 || noQ Q (Avg,Max,Min) (1.04, 1.34, 1.00) (0.99, 0.35, 1.31) #fs:  19  -- #Conts: 223 G(25)  H(14)  A(72)  C(41)  E(71) 
  34202541 5099.18 || noQ Q (Avg,Max,Min) (1.04, 1.34, 1.00) (1.00, 0.35, 1.31) #fs:  18  -- #Conts: 222 G(24)  H(14)  A(72)  C(41)  E(71) 
  34346860 5090.12 || noQ Q (Avg,Max,Min) (1.04, 1.34, 0.95) (1.00, 0.89, 1.31) #fs:  20  -- #Conts: 221 G(23)  H(14)  A(72)  C(41)  E(71) 
  35407466 5074.41 || noQ Q (Avg,Max,Min) (1.04, 1.34, 0.91) (1.00, 0.56, 1.31) #fs:  17  -- #Conts: 231 G(25)  H(15)  A(79)  C(41)  E(71) 
  35480043 5071.71 || noQ Q (Avg,Max,Min) (1.04, 1.34, 0.91) (1.00, 0.56, 1.31) #fs:  17  -- #Conts: 231 G(25)  H(15)  A(79)  C(41)  E(71) 
  35799063 5060.88 || noQ Q (Avg,Max,Min) (1.04, 1.34, 0.90) (1.01, 0.56, 1.31) #fs:  18  -- #Conts: 231 G(25)  H(15)  A(79)  C(41)  E(71) 
  36016634 5054.18 || noQ Q (Avg,Max,Min) (1.04, 1.34, 0.93) (1.01, 0.56, 1.31) #fs:  17  -- #Conts: 231 G(25)  H(15)  A(79)  C(41)  E(71) 
  36501878 5053.06 || noQ Q (Avg,Max,Min) (1.04, 1.34, 0.91) (1.01, 0.56, 1.31) #fs:  19  -- #Conts: 219 G(24)  H(15)  A(68)  C(41)  E(71) 
  36692833 5021.18 || noQ Q (Avg,Max,Min) (1.04, 1.34, 0.96) (1.01, 0.70, 1.31) #fs:  14  -- #Conts: 228 G(25)  H(15)  A(76)  C(40)  E(72) 
  38215553 5014.47 || noQ Q (Avg,Max,Min) (1.04, 1.34, 0.96) (1.01, 0.70, 1.31) #fs:  15  -- #Conts: 227 G(26)  H(14)  A(76)  C(40)  E(71) 
  39104376 5009.24 || noQ Q (Avg,Max,Min) (1.04, 1.34, 1.00) (1.01, 0.56, 1.31) #fs:  14  -- #Conts: 203 G(26)  H(14)  A(55)  C(45)  E(63) 
  40145886 5005.24 || noQ Q (Avg,Max,Min) (1.04, 1.34, 1.00) (1.01, 0.56, 1.31) #fs:  13  -- #Conts: 203 G(26)  H(14)  A(55)  C(45)  E(63) 
  40369785 4993.47 || noQ Q (Avg,Max,Min) (1.04, 1.34, 1.00) (1.01, 0.91, 1.31) #fs:  14  -- #Conts: 202 G(26)  H(13)  A(55)  C(45)  E(63) 
  41411295 4989.47 || noQ Q (Avg,Max,Min) (1.04, 1.34, 1.00) (1.01, 0.91, 1.31) #fs:  13  -- #Conts: 202 G(26)  H(13)  A(55)  C(45)  E(63) 
  41587556 4981.53 || noQ Q (Avg,Max,Min) (1.03, 1.21, 0.95) (1.00, 0.35, 1.16) #fs:  17  -- #Conts: 217 G(27)  H(5)  A(66)  C(51)  E(68) 
  42483494 4971.12 || noQ Q (Avg,Max,Min) (1.03, 1.21, 0.95) (0.99, 0.35, 1.16) #fs:  15  -- #Conts: 218 G(27)  H(5)  A(63)  C(51)  E(72) 
  42554709 4965.76 || noQ Q (Avg,Max,Min) (1.03, 1.17, 0.97) (1.00, 0.56, 1.16) #fs:  16  -- #Conts: 216 G(26)  H(5)  A(66)  C(51)  E(68) 
  42590009 4963.06 || noQ Q (Avg,Max,Min) (1.03, 1.17, 0.97) (1.00, 0.56, 1.16) #fs:  16  -- #Conts: 215 G(26)  H(5)  A(66)  C(51)  E(67) 
  42700280 4960.35 || noQ Q (Avg,Max,Min) (1.03, 1.17, 0.97) (1.00, 0.56, 1.16) #fs:  16  -- #Conts: 215 G(26)  H(5)  A(66)  C(51)  E(67) 
  43382576 4949.94 || noQ Q (Avg,Max,Min) (1.03, 1.17, 0.97) (1.00, 0.56, 1.16) #fs:  14  -- #Conts: 216 G(26)  H(5)  A(63)  C(51)  E(71) 
  43891418 4947.29 || noQ Q (Avg,Max,Min) (1.03, 1.17, 0.97) (1.00, 0.91, 1.16) #fs:  17  -- #Conts: 214 G(26)  H(4)  A(66)  C(51)  E(67) 
  44001689 4944.59 || noQ Q (Avg,Max,Min) (1.03, 1.17, 0.97) (1.00, 0.91, 1.16) #fs:  17  -- #Conts: 214 G(26)  H(4)  A(66)  C(51)  E(67) 
  44460870 4944.53 || noQ Q (Avg,Max,Min) (1.03, 1.17, 0.97) (1.00, 0.56, 1.16) #fs:  16  -- #Conts: 213 G(26)  H(5)  A(63)  C(51)  E(68) 
  44647985 4934.18 || noQ Q (Avg,Max,Min) (1.03, 1.17, 0.97) (1.00, 0.71, 1.16) #fs:  14  -- #Conts: 215 G(26)  H(4)  A(63)  C(51)  E(71) 
  45618279 4931.47 || noQ Q (Avg,Max,Min) (1.03, 1.17, 0.96) (1.00, 0.71, 1.16) #fs:  16  -- #Conts: 213 G(27)  H(4)  A(63)  C(51)  E(68) 
  45762279 4928.76 || noQ Q (Avg,Max,Min) (1.03, 1.17, 0.97) (1.00, 0.71, 1.16) #fs:  16  -- #Conts: 213 G(27)  H(4)  A(63)  C(51)  E(68) 
  46799861 4924.24 || noQ Q (Avg,Max,Min) (1.03, 1.21, 0.95) (1.00, 0.35, 1.16) #fs:  15  -- #Conts: 194 G(27)  H(4)  A(47)  C(47)  E(69) 
  47233066 4918.18 || noQ Q (Avg,Max,Min) (1.04, 1.17, 0.97) (1.00, 0.56, 1.16) #fs:  13  -- #Conts: 191 G(26)  H(5)  A(42)  C(47)  E(71) 
  47729400 4916.53 || noQ Q (Avg,Max,Min) (1.04, 1.21, 0.97) (1.01, 0.56, 1.16) #fs:  13  -- #Conts: 190 G(27)  H(5)  A(42)  C(47)  E(69) 
  47836558 4914.82 || noQ Q (Avg,Max,Min) (1.03, 1.17, 0.94) (1.01, 0.71, 1.16) #fs:  15  -- #Conts: 193 G(27)  H(4)  A(47)  C(47)  E(68) 
  48255216 4914.18 || noQ Q (Avg,Max,Min) (1.03, 1.17, 0.84) (1.00, 0.63, 1.16) #fs:  15  -- #Conts: 190 G(27)  H(4)  A(42)  C(47)  E(70) 
  48468149 4911.47 || noQ Q (Avg,Max,Min) (1.03, 1.17, 0.81) (1.01, 0.63, 1.16) #fs:  14  -- #Conts: 190 G(27)  H(4)  A(42)  C(47)  E(70) 
  48534475 4902.41 || noQ Q (Avg,Max,Min) (1.04, 1.17, 0.97) (1.01, 0.71, 1.16) #fs:  13  -- #Conts: 191 G(27)  H(4)  A(42)  C(47)  E(71) 
  49030809 4900.76 || noQ Q (Avg,Max,Min) (1.04, 1.17, 0.97) (1.01, 0.71, 1.16) #fs:  14  -- #Conts: 189 G(27)  H(4)  A(42)  C(47)  E(69) 
  50244362 4899.71 || noQ Q (Avg,Max,Min) (1.04, 1.17, 0.97) (1.01, 0.71, 1.16) #fs:  14  -- #Conts: 190 G(27)  H(4)  A(42)  C(47)  E(70) 
  50868631 4898.47 || noQ Q (Avg,Max,Min) (1.04, 1.17, 0.97) (1.01, 0.56, 1.16) #fs:  13  -- #Conts: 177 G(26)  H(5)  A(29)  C(47)  E(70) 
  51149043 4886.06 || noQ Q (Avg,Max,Min) (1.04, 1.17, 0.97) (1.01, 0.71, 1.16) #fs:  14  -- #Conts: 175 G(27)  H(4)  A(29)  C(47)  E(68) 
  52170040 4882.71 || noQ Q (Avg,Max,Min) (1.04, 1.17, 0.97) (1.01, 0.71, 1.16) #fs:  13  -- #Conts: 177 G(27)  H(4)  A(29)  C(47)  E(70) 
  52593299 4882.41 || noQ Q (Avg,Max,Min) (1.04, 1.17, 0.92) (1.01, 0.71, 1.16) #fs:  14  -- #Conts: 177 G(27)  H(4)  A(29)  C(47)  E(70) 
  54288274 4875.00 || noQ Q (Avg,Max,Min) (1.04, 1.17, 0.97) (1.01, 0.71, 1.16) #fs:  14  -- #Conts: 176 G(27)  H(4)  A(29)  C(47)  E(69) 
  58210554 4872.65 || noQ Q (Avg,Max,Min) (1.04, 1.17, 0.97) (1.01, 0.71, 1.16) #fs:  15  -- #Conts: 175 G(26)  H(4)  A(29)  C(47)  E(69) 
  67956362 4872.29 || noQ Q (Avg,Max,Min) (1.04, 1.17, 0.97) (1.01, 0.71, 1.16) #fs:  13  -- #Conts: 179 G(27)  H(4)  A(33)  C(47)  E(68) 
  70227337 4870.59 || noQ Q (Avg,Max,Min) (1.04, 1.17, 0.97) (1.01, 0.92, 1.16) #fs:  13  -- #Conts: 179 G(27)  H(4)  A(34)  C(47)  E(67) 
  71878642 4869.94 || noQ Q (Avg,Max,Min) (1.04, 1.17, 0.97) (1.01, 0.71, 1.16) #fs:  13  -- #Conts: 179 G(26)  H(4)  A(33)  C(47)  E(69) 
  74149617 4868.24 || noQ Q (Avg,Max,Min) (1.04, 1.17, 0.97) (1.02, 0.92, 1.16) #fs:  13  -- #Conts: 179 G(26)  H(4)  A(34)  C(47)  E(68) 
/////////////////size: 65
nodes 485 edges 924
 d: 5 b: 21  sumData GB 8957
pareto Lattice time -> 2385261.0
moheft Lattice time -> 3970606.0
distance from M to C 4.1353659473301985
distance from P to C 0.0
distance from C to M 118.81373738505349
distance from C to P 202.74545941941085
toCompare: Lattice sumDataGB: 8957 d: 5 b: 21 paretoOptTime_MS: 2385261.0 MoheftOptimizationTime_MS: 3970606.0 MtoC 4.1353659473301985 PtoC 0.0 CtoM 118.81373738505349 CtoP 202.74545941941085
