specify -Dflow d,b,mt,md,size
Running /home/vaggelis/jc/MONTAGE.n.100.0.dax mt 5000 md: 1 size null
  12822858 2995.29 || noQ Q (Avg,Max,Min) (0.92, 1.00, 0.66) (0.52, 0.49, 0.74) #fs:  23  -- #Conts: 62 H(62) 
  14477088 2270.12 || noQ Q (Avg,Max,Min) (0.90, 1.00, 0.56) (0.78, 0.54, 0.96) #fs:  18  -- #Conts: 60 H(16)  G(44) 
  14478776 2254.35 || noQ Q (Avg,Max,Min) (0.90, 1.00, 0.56) (0.78, 0.54, 0.96) #fs:  17  -- #Conts: 59 H(16)  G(43) 
  14482072 2238.59 || noQ Q (Avg,Max,Min) (0.90, 1.00, 0.56) (0.78, 0.54, 0.96) #fs:  16  -- #Conts: 58 H(16)  G(42) 
  14485527 2222.82 || noQ Q (Avg,Max,Min) (0.90, 1.00, 0.56) (0.78, 0.54, 0.96) #fs:  16  -- #Conts: 57 H(16)  G(41) 
  14495736 2207.06 || noQ Q (Avg,Max,Min) (0.90, 1.00, 0.56) (0.79, 0.54, 0.96) #fs:  16  -- #Conts: 56 H(16)  G(40) 
  14505785 2191.29 || noQ Q (Avg,Max,Min) (0.90, 1.00, 0.56) (0.79, 0.54, 0.99) #fs:  16  -- #Conts: 54 H(17)  G(37) 
  14519449 2159.76 || noQ Q (Avg,Max,Min) (0.90, 1.00, 0.56) (0.79, 0.54, 0.97) #fs:  20  -- #Conts: 53 H(16)  G(37) 
  14536329 2144.00 || noQ Q (Avg,Max,Min) (0.90, 1.00, 0.56) (0.80, 0.54, 0.98) #fs:  20  -- #Conts: 51 H(17)  G(34) 
  14537858 2128.24 || noQ Q (Avg,Max,Min) (0.90, 1.00, 0.56) (0.80, 0.54, 0.98) #fs:  20  -- #Conts: 50 H(17)  G(33) 
  14553050 2096.71 || noQ Q (Avg,Max,Min) (0.90, 1.00, 0.56) (0.81, 0.55, 1.00) #fs:  19  -- #Conts: 45 H(20)  G(25) 
  14563100 2065.18 || noQ Q (Avg,Max,Min) (0.90, 1.00, 0.56) (0.82, 0.55, 1.00) #fs:  19  -- #Conts: 42 H(21)  G(21) 
  14650880 2049.41 || noQ Q (Avg,Max,Min) (0.88, 1.00, 0.72) (0.84, 0.65, 1.00) #fs:  19  -- #Conts: 35 H(27)  G(8) 
  19045407 1671.06 || noQ Q (Avg,Max,Min) (1.00, 1.00, 0.82) (0.84, 0.51, 0.97) #fs:   2  -- #Conts: 77 H(8)  G(69) 
  19048301 1655.29 || noQ Q (Avg,Max,Min) (1.00, 1.00, 0.82) (0.85, 0.51, 0.97) #fs:   2  -- #Conts: 77 H(7)  G(70) 
  19051194 1639.53 || noQ Q (Avg,Max,Min) (1.00, 1.00, 0.82) (0.85, 0.51, 0.97) #fs:   2  -- #Conts: 77 H(6)  G(71) 
  19054087 1623.76 || noQ Q (Avg,Max,Min) (1.00, 1.00, 0.82) (0.86, 0.51, 0.97) #fs:   2  -- #Conts: 77 H(5)  G(72) 
  19059873 1608.00 || noQ Q (Avg,Max,Min) (1.00, 1.00, 0.82) (0.86, 0.51, 0.97) #fs:   2  -- #Conts: 77 H(4)  G(73) 
  19074338 1592.24 || noQ Q (Avg,Max,Min) (1.00, 1.00, 0.82) (0.87, 0.51, 0.97) #fs:   2  -- #Conts: 77 H(3)  G(74) 
  19091697 1576.47 || noQ Q (Avg,Max,Min) (1.00, 1.00, 0.82) (0.87, 0.52, 0.97) #fs:   2  -- #Conts: 77 H(2)  G(75) 
  19117735 1560.71 || noQ Q (Avg,Max,Min) (1.00, 1.00, 0.82) (0.88, 0.77, 0.97) #fs:   2  -- #Conts: 77 H(1)  G(76) 
  21976180 1544.94 || noQ Q (Avg,Max,Min) (1.00, 1.00, 1.00) (0.88, 0.77, 0.97) #fs:   1  -- #Conts: 77 G(77) 
  40791203 1454.24 || noQ Q (Avg,Max,Min) (1.00, 1.00, 0.72) (0.93, 0.70, 0.99) #fs:   8  -- #Conts: 77 G(8)  E(69) 
  40797728 1451.88 || noQ Q (Avg,Max,Min) (1.00, 1.00, 0.72) (0.93, 0.70, 0.99) #fs:   8  -- #Conts: 77 G(7)  E(70) 
  40804252 1449.53 || noQ Q (Avg,Max,Min) (1.00, 1.00, 0.72) (0.94, 0.70, 0.99) #fs:   8  -- #Conts: 77 G(6)  E(71) 
  40810777 1447.18 || noQ Q (Avg,Max,Min) (1.00, 1.00, 0.72) (0.94, 0.70, 0.99) #fs:   8  -- #Conts: 77 G(5)  E(72) 
  40823827 1444.82 || noQ Q (Avg,Max,Min) (1.00, 1.00, 0.72) (0.94, 0.70, 0.99) #fs:   8  -- #Conts: 77 G(4)  E(73) 
  40856451 1442.47 || noQ Q (Avg,Max,Min) (1.00, 1.00, 0.72) (0.94, 0.70, 0.99) #fs:   8  -- #Conts: 77 G(3)  E(74) 
  40895600 1440.12 || noQ Q (Avg,Max,Min) (1.00, 1.00, 0.72) (0.94, 0.70, 0.99) #fs:   8  -- #Conts: 77 G(2)  E(75) 
  40954323 1437.76 || noQ Q (Avg,Max,Min) (1.00, 1.00, 0.72) (0.94, 0.70, 1.00) #fs:   8  -- #Conts: 77 G(1)  E(76) 
  49562806 1435.06 || noQ Q (Avg,Max,Min) (1.00, 1.00, 0.77) (0.94, 0.76, 1.00) #fs:   8  -- #Conts: 76 E(76) 
  49562885 1421.65 || noQ Q (Avg,Max,Min) (1.00, 1.00, 1.00) (0.95, 0.86, 1.00) #fs:   7  -- #Conts: 77 E(77) 
  49795459 1400.59 || noQ Q (Avg,Max,Min) (1.00, 1.00, 0.72) (0.95, 0.70, 0.99) #fs:   2  -- #Conts: 71 G(8)  E(63) 
  49801984 1398.24 || noQ Q (Avg,Max,Min) (1.00, 1.00, 0.72) (0.95, 0.70, 0.99) #fs:   2  -- #Conts: 71 G(7)  E(64) 
  49808508 1395.88 || noQ Q (Avg,Max,Min) (1.00, 1.00, 0.72) (0.95, 0.70, 0.99) #fs:   2  -- #Conts: 71 G(6)  E(65) 
  49815033 1393.53 || noQ Q (Avg,Max,Min) (1.00, 1.00, 0.72) (0.96, 0.70, 0.99) #fs:   2  -- #Conts: 71 G(5)  E(66) 
  49828083 1391.18 || noQ Q (Avg,Max,Min) (1.00, 1.00, 0.72) (0.96, 0.70, 0.99) #fs:   2  -- #Conts: 71 G(4)  E(67) 
  49860707 1388.82 || noQ Q (Avg,Max,Min) (1.00, 1.00, 0.72) (0.96, 0.70, 0.99) #fs:   2  -- #Conts: 71 G(3)  E(68) 
  49899856 1386.47 || noQ Q (Avg,Max,Min) (1.00, 1.00, 0.72) (0.96, 0.70, 0.99) #fs:   2  -- #Conts: 71 G(2)  E(69) 
  49958579 1384.12 || noQ Q (Avg,Max,Min) (1.00, 1.00, 0.72) (0.96, 0.70, 1.00) #fs:   2  -- #Conts: 71 G(1)  E(70) 
  58567141 1368.00 || noQ Q (Avg,Max,Min) (1.00, 1.00, 1.00) (0.96, 0.90, 1.00) #fs:   1  -- #Conts: 71 E(71) 
/////////////////size: 41
  12822776 2995.29 || noQ Q (Avg,Max,Min) (0.91, 1.00, 0.56) (0.52, 0.49, 0.82) #fs:  26  -- #Conts: 62 H(62) 
  13997034 2948.00 || noQ Q (Avg,Max,Min) (0.97, 1.00, 0.59) (0.53, 0.49, 0.89) #fs:  13  -- #Conts: 78 H(75)  G(3) 
  13998093 2932.24 || noQ Q (Avg,Max,Min) (0.97, 1.00, 0.59) (0.54, 0.49, 0.85) #fs:  14  -- #Conts: 78 H(74)  G(4) 
  14000492 2916.47 || noQ Q (Avg,Max,Min) (1.00, 1.00, 0.88) (0.54, 0.49, 0.85) #fs:  13  -- #Conts: 77 H(72)  G(5) 
  14009659 2900.71 || noQ Q (Avg,Max,Min) (0.98, 1.00, 0.59) (0.55, 0.49, 0.85) #fs:  12  -- #Conts: 80 H(74)  G(6) 
  14011112 2884.94 || noQ Q (Avg,Max,Min) (0.98, 1.00, 0.59) (0.55, 0.49, 0.85) #fs:  12  -- #Conts: 80 H(73)  G(7) 
  14012318 2869.18 || noQ Q (Avg,Max,Min) (0.98, 1.00, 0.59) (0.56, 0.49, 0.85) #fs:  12  -- #Conts: 80 H(72)  G(8) 
  14012552 2853.41 || noQ Q (Avg,Max,Min) (0.98, 1.00, 0.59) (0.56, 0.49, 0.85) #fs:  13  -- #Conts: 77 H(68)  G(9) 
  14015445 2837.65 || noQ Q (Avg,Max,Min) (0.98, 1.00, 0.59) (0.57, 0.49, 0.85) #fs:  12  -- #Conts: 80 H(70)  G(10) 
  14016407 2821.88 || noQ Q (Avg,Max,Min) (0.99, 1.00, 0.59) (0.57, 0.49, 0.85) #fs:  14  -- #Conts: 77 H(66)  G(11) 
  14018338 2806.12 || noQ Q (Avg,Max,Min) (0.98, 1.00, 0.59) (0.58, 0.49, 0.85) #fs:  12  -- #Conts: 80 H(68)  G(12) 
  14019299 2790.35 || noQ Q (Avg,Max,Min) (0.99, 1.00, 0.59) (0.58, 0.49, 0.85) #fs:  14  -- #Conts: 76 H(63)  G(13) 
  14020491 2774.59 || noQ Q (Avg,Max,Min) (0.97, 1.00, 0.59) (0.59, 0.49, 0.86) #fs:  15  -- #Conts: 76 H(62)  G(14) 
  14023634 2758.82 || noQ Q (Avg,Max,Min) (0.99, 1.00, 0.60) (0.59, 0.49, 0.86) #fs:  15  -- #Conts: 76 H(61)  G(15) 
  14023889 2743.06 || noQ Q (Avg,Max,Min) (0.99, 1.00, 0.60) (0.59, 0.49, 0.86) #fs:  15  -- #Conts: 76 H(60)  G(16) 
  14026529 2727.29 || noQ Q (Avg,Max,Min) (0.97, 1.00, 0.59) (0.60, 0.49, 0.86) #fs:  15  -- #Conts: 76 H(59)  G(17) 
  14027272 2711.53 || noQ Q (Avg,Max,Min) (0.97, 1.00, 0.59) (0.60, 0.49, 0.86) #fs:  15  -- #Conts: 76 H(58)  G(18) 
  14028471 2695.76 || noQ Q (Avg,Max,Min) (0.96, 1.00, 0.59) (0.61, 0.49, 0.86) #fs:  16  -- #Conts: 75 H(56)  G(19) 
  14031365 2680.00 || noQ Q (Avg,Max,Min) (0.99, 1.00, 0.60) (0.61, 0.49, 0.86) #fs:  11  -- #Conts: 80 H(60)  G(20) 
  14032087 2664.24 || noQ Q (Avg,Max,Min) (1.00, 1.00, 0.88) (0.61, 0.49, 0.86) #fs:  10  -- #Conts: 81 H(60)  G(21) 
  14038355 2648.47 || noQ Q (Avg,Max,Min) (0.98, 1.00, 0.59) (0.62, 0.49, 0.86) #fs:  12  -- #Conts: 79 H(57)  G(22) 
  14040767 2632.71 || noQ Q (Avg,Max,Min) (0.99, 1.00, 0.60) (0.62, 0.49, 0.86) #fs:  11  -- #Conts: 80 H(57)  G(23) 
  14042938 2601.18 || noQ Q (Avg,Max,Min) (1.00, 1.00, 0.88) (0.63, 0.49, 0.86) #fs:   9  -- #Conts: 82 H(57)  G(25) 
  14043583 2538.12 || noQ Q (Avg,Max,Min) (0.99, 1.00, 0.60) (0.65, 0.49, 0.89) #fs:   9  -- #Conts: 81 H(52)  G(29) 
  14044380 2522.35 || noQ Q (Avg,Max,Min) (0.99, 1.00, 0.60) (0.65, 0.49, 0.86) #fs:  10  -- #Conts: 81 H(51)  G(30) 
  14046545 2506.59 || noQ Q (Avg,Max,Min) (0.99, 1.00, 0.60) (0.66, 0.49, 0.86) #fs:  11  -- #Conts: 80 H(49)  G(31) 
  14051617 2490.82 || noQ Q (Avg,Max,Min) (0.99, 1.00, 0.60) (0.66, 0.49, 0.86) #fs:  11  -- #Conts: 80 H(48)  G(32) 
  14052342 2475.06 || noQ Q (Avg,Max,Min) (0.98, 1.00, 0.59) (0.67, 0.49, 0.86) #fs:  12  -- #Conts: 79 H(46)  G(33) 
  14053309 2459.29 || noQ Q (Avg,Max,Min) (0.98, 1.00, 0.59) (0.67, 0.49, 0.86) #fs:  12  -- #Conts: 79 H(45)  G(34) 
  14057403 2443.53 || noQ Q (Avg,Max,Min) (0.98, 1.00, 0.59) (0.68, 0.49, 0.86) #fs:  13  -- #Conts: 78 H(43)  G(35) 
  14058606 2427.76 || noQ Q (Avg,Max,Min) (0.98, 1.00, 0.59) (0.68, 0.49, 0.86) #fs:  13  -- #Conts: 78 H(42)  G(36) 
  14060296 2412.00 || noQ Q (Avg,Max,Min) (0.97, 1.00, 0.59) (0.69, 0.49, 0.86) #fs:  14  -- #Conts: 77 H(40)  G(37) 
  14061733 2396.24 || noQ Q (Avg,Max,Min) (0.97, 1.00, 0.59) (0.70, 0.49, 0.86) #fs:  14  -- #Conts: 77 H(39)  G(38) 
  14061989 2380.47 || noQ Q (Avg,Max,Min) (0.97, 1.00, 0.58) (0.70, 0.49, 0.86) #fs:  15  -- #Conts: 76 H(37)  G(39) 
  14066554 2348.94 || noQ Q (Avg,Max,Min) (0.97, 1.00, 0.58) (0.71, 0.49, 0.86) #fs:  15  -- #Conts: 76 H(35)  G(41) 
  14066808 2333.18 || noQ Q (Avg,Max,Min) (0.97, 1.00, 0.58) (0.72, 0.49, 0.86) #fs:  15  -- #Conts: 76 H(34)  G(42) 
  14070417 2317.41 || noQ Q (Avg,Max,Min) (0.96, 1.00, 0.58) (0.72, 0.49, 0.86) #fs:  16  -- #Conts: 75 H(32)  G(43) 
  14071867 2301.65 || noQ Q (Avg,Max,Min) (0.97, 1.00, 0.58) (0.73, 0.49, 0.86) #fs:  15  -- #Conts: 76 H(32)  G(44) 
  14073561 2285.88 || noQ Q (Avg,Max,Min) (0.95, 1.00, 0.58) (0.74, 0.49, 0.86) #fs:  17  -- #Conts: 74 H(29)  G(45) 
  14074761 2270.12 || noQ Q (Avg,Max,Min) (0.97, 1.00, 0.58) (0.74, 0.49, 0.86) #fs:  15  -- #Conts: 76 H(30)  G(46) 
  14082239 2254.35 || noQ Q (Avg,Max,Min) (0.95, 1.00, 0.58) (0.75, 0.49, 0.86) #fs:  18  -- #Conts: 73 H(26)  G(47) 
  14084163 2222.82 || noQ Q (Avg,Max,Min) (0.95, 1.00, 0.58) (0.76, 0.49, 0.86) #fs:  18  -- #Conts: 73 H(24)  G(49) 
  14084645 2207.06 || noQ Q (Avg,Max,Min) (0.96, 1.00, 0.58) (0.75, 0.49, 0.86) #fs:  15  -- #Conts: 76 H(26)  G(50) 
  14086332 2191.29 || noQ Q (Avg,Max,Min) (0.95, 1.00, 0.58) (0.77, 0.49, 0.86) #fs:  18  -- #Conts: 73 H(22)  G(51) 
  14087775 2175.53 || noQ Q (Avg,Max,Min) (0.97, 1.00, 0.59) (0.76, 0.49, 0.86) #fs:  13  -- #Conts: 78 H(26)  G(52) 
  14090919 2159.76 || noQ Q (Avg,Max,Min) (0.96, 1.00, 0.58) (0.77, 0.49, 0.86) #fs:  14  -- #Conts: 77 H(24)  G(53) 
  14095013 2128.24 || noQ Q (Avg,Max,Min) (0.97, 1.00, 0.58) (0.77, 0.49, 0.86) #fs:  11  -- #Conts: 80 H(25)  G(55) 
  14095739 2112.47 || noQ Q (Avg,Max,Min) (0.97, 1.00, 0.58) (0.77, 0.49, 0.86) #fs:   9  -- #Conts: 82 H(26)  G(56) 
  14096219 2096.71 || noQ Q (Avg,Max,Min) (0.98, 1.00, 0.59) (0.76, 0.49, 0.86) #fs:   9  -- #Conts: 84 H(27)  G(57) 
  14098633 2080.94 || noQ Q (Avg,Max,Min) (0.99, 1.00, 0.59) (0.76, 0.50, 0.86) #fs:   6  -- #Conts: 87 H(29)  G(58) 
  14099599 2065.18 || noQ Q (Avg,Max,Min) (0.99, 1.00, 0.59) (0.76, 0.49, 0.86) #fs:   5  -- #Conts: 88 H(29)  G(59) 
  14100797 2049.41 || noQ Q (Avg,Max,Min) (0.99, 1.00, 0.59) (0.76, 0.49, 0.86) #fs:   4  -- #Conts: 90 H(30)  G(60) 
  14115263 2033.65 || noQ Q (Avg,Max,Min) (1.00, 1.00, 0.87) (0.76, 0.49, 0.87) #fs:   2  -- #Conts: 92 H(31)  G(61) 
  15321191 2017.88 || noQ Q (Avg,Max,Min) (1.00, 1.00, 0.84) (0.77, 0.50, 0.87) #fs:   2  -- #Conts: 92 H(28)  G(64) 
  15335657 2002.12 || noQ Q (Avg,Max,Min) (1.00, 1.00, 0.84) (0.77, 0.50, 0.87) #fs:   2  -- #Conts: 92 H(27)  G(65) 
  15341443 1986.35 || noQ Q (Avg,Max,Min) (1.00, 1.00, 0.84) (0.78, 0.50, 0.87) #fs:   2  -- #Conts: 92 H(26)  G(66) 
  15353015 1970.59 || noQ Q (Avg,Max,Min) (1.00, 1.00, 0.84) (0.78, 0.50, 0.87) #fs:   2  -- #Conts: 92 H(25)  G(67) 
  15364587 1939.06 || noQ Q (Avg,Max,Min) (1.00, 1.00, 0.83) (0.79, 0.51, 0.87) #fs:   2  -- #Conts: 92 H(23)  G(69) 
  15367481 1923.29 || noQ Q (Avg,Max,Min) (1.00, 1.00, 0.83) (0.79, 0.51, 0.87) #fs:   2  -- #Conts: 92 H(22)  G(70) 
  15370374 1907.53 || noQ Q (Avg,Max,Min) (1.00, 1.00, 0.83) (0.80, 0.51, 0.87) #fs:   2  -- #Conts: 92 H(21)  G(71) 
  15373267 1891.76 || noQ Q (Avg,Max,Min) (1.00, 1.00, 0.83) (0.80, 0.51, 0.87) #fs:   2  -- #Conts: 92 H(20)  G(72) 
  15379053 1876.00 || noQ Q (Avg,Max,Min) (1.00, 1.00, 0.83) (0.80, 0.51, 0.87) #fs:   2  -- #Conts: 92 H(19)  G(73) 
  15393518 1860.24 || noQ Q (Avg,Max,Min) (1.00, 1.00, 0.83) (0.81, 0.51, 0.87) #fs:   2  -- #Conts: 92 H(18)  G(74) 
  15410877 1844.47 || noQ Q (Avg,Max,Min) (1.00, 1.00, 0.83) (0.81, 0.52, 0.88) #fs:   2  -- #Conts: 92 H(17)  G(75) 
  15436915 1828.71 || noQ Q (Avg,Max,Min) (1.00, 1.00, 0.83) (0.82, 0.62, 0.88) #fs:   2  -- #Conts: 92 H(16)  G(76) 
  16501956 1812.94 || noQ Q (Avg,Max,Min) (1.00, 1.00, 0.81) (0.82, 0.62, 0.88) #fs:   2  -- #Conts: 93 H(16)  G(77) 
  19219621 1780.47 || noQ Q (Avg,Max,Min) (1.00, 1.00, 0.87) (0.85, 0.51, 0.97) #fs:   1  -- #Conts: 90 H(23)  G(13)  E(54) 
  19222514 1764.71 || noQ Q (Avg,Max,Min) (1.00, 1.00, 0.87) (0.86, 0.51, 0.97) #fs:   1  -- #Conts: 90 H(22)  G(14)  E(54) 
  19225407 1748.94 || noQ Q (Avg,Max,Min) (1.00, 1.00, 0.87) (0.86, 0.51, 0.97) #fs:   1  -- #Conts: 90 H(21)  G(15)  E(54) 
  19231193 1733.18 || noQ Q (Avg,Max,Min) (1.00, 1.00, 0.87) (0.87, 0.51, 0.97) #fs:   1  -- #Conts: 90 H(20)  G(16)  E(54) 
  19237490 1730.82 || noQ Q (Avg,Max,Min) (1.00, 1.00, 0.87) (0.87, 0.51, 0.97) #fs:   1  -- #Conts: 91 H(20)  G(16)  E(55) 
  19244791 1728.47 || noQ Q (Avg,Max,Min) (1.00, 1.00, 0.87) (0.87, 0.51, 0.97) #fs:   1  -- #Conts: 91 H(20)  G(15)  E(56) 
  19245658 1717.41 || noQ Q (Avg,Max,Min) (1.00, 1.00, 0.87) (0.87, 0.51, 0.97) #fs:   1  -- #Conts: 90 H(19)  G(17)  E(54) 
  19251955 1715.06 || noQ Q (Avg,Max,Min) (1.00, 1.00, 0.87) (0.87, 0.51, 0.97) #fs:   1  -- #Conts: 91 H(19)  G(17)  E(55) 
  19259256 1712.71 || noQ Q (Avg,Max,Min) (1.00, 1.00, 0.87) (0.87, 0.51, 0.97) #fs:   1  -- #Conts: 91 H(19)  G(16)  E(56) 
  19262863 1708.00 || noQ Q (Avg,Max,Min) (1.00, 1.00, 0.87) (0.88, 0.51, 0.97) #fs:   1  -- #Conts: 92 H(19)  G(15)  E(58) 
  19263017 1701.65 || noQ Q (Avg,Max,Min) (1.00, 1.00, 0.87) (0.87, 0.52, 0.97) #fs:   1  -- #Conts: 90 H(18)  G(18)  E(54) 
  19269314 1699.29 || noQ Q (Avg,Max,Min) (1.00, 1.00, 0.87) (0.88, 0.52, 0.97) #fs:   1  -- #Conts: 91 H(18)  G(18)  E(55) 
  19276615 1696.94 || noQ Q (Avg,Max,Min) (1.00, 1.00, 0.87) (0.88, 0.52, 0.97) #fs:   1  -- #Conts: 91 H(18)  G(17)  E(56) 
  19280222 1692.24 || noQ Q (Avg,Max,Min) (1.00, 1.00, 0.87) (0.88, 0.52, 0.97) #fs:   1  -- #Conts: 92 H(18)  G(16)  E(58) 
  19285059 1689.88 || noQ Q (Avg,Max,Min) (1.00, 1.00, 0.87) (0.88, 0.52, 0.97) #fs:   1  -- #Conts: 93 H(18)  G(16)  E(59) 
  19289055 1685.88 || noQ Q (Avg,Max,Min) (1.00, 1.00, 0.87) (0.88, 0.62, 0.97) #fs:   1  -- #Conts: 90 H(17)  G(19)  E(54) 
  19295352 1683.53 || noQ Q (Avg,Max,Min) (1.00, 1.00, 0.87) (0.88, 0.62, 0.97) #fs:   1  -- #Conts: 91 H(17)  G(19)  E(55) 
  19947499 1681.18 || noQ Q (Avg,Max,Min) (1.00, 1.00, 1.00) (0.88, 0.62, 0.97) #fs:   0  -- #Conts: 93 H(18)  G(19)  E(56) 
  19951106 1676.47 || noQ Q (Avg,Max,Min) (1.00, 1.00, 1.00) (0.88, 0.62, 0.97) #fs:   0  -- #Conts: 94 H(18)  G(18)  E(58) 
  19955943 1674.12 || noQ Q (Avg,Max,Min) (1.00, 1.00, 1.00) (0.88, 0.62, 0.97) #fs:   0  -- #Conts: 95 H(18)  G(18)  E(59) 
  19964153 1671.76 || noQ Q (Avg,Max,Min) (1.00, 1.00, 1.00) (0.88, 0.62, 0.97) #fs:   0  -- #Conts: 96 H(18)  G(18)  E(60) 
  22069927 1646.12 || noQ Q (Avg,Max,Min) (1.00, 1.00, 0.87) (0.84, 0.52, 0.88) #fs:   1  -- #Conts: 94 H(2)  G(76)  E(16) 
  22095965 1630.35 || noQ Q (Avg,Max,Min) (1.00, 1.00, 0.87) (0.85, 0.80, 0.88) #fs:   1  -- #Conts: 94 H(1)  G(77)  E(16) 
  25848582 1597.88 || noQ Q (Avg,Max,Min) (1.00, 1.00, 0.87) (0.88, 0.51, 0.97) #fs:   7  -- #Conts: 77 H(7)  G(13)  E(57) 
  25851475 1582.12 || noQ Q (Avg,Max,Min) (1.00, 1.00, 0.87) (0.89, 0.51, 0.97) #fs:   7  -- #Conts: 77 H(6)  G(14)  E(57) 
  25854368 1566.35 || noQ Q (Avg,Max,Min) (1.00, 1.00, 0.87) (0.89, 0.51, 0.97) #fs:   7  -- #Conts: 77 H(5)  G(15)  E(57) 
  25860154 1550.59 || noQ Q (Avg,Max,Min) (1.00, 1.00, 0.87) (0.90, 0.51, 0.97) #fs:   7  -- #Conts: 77 H(4)  G(16)  E(57) 
  25866677 1548.24 || noQ Q (Avg,Max,Min) (1.00, 1.00, 0.87) (0.90, 0.51, 0.97) #fs:   7  -- #Conts: 75 H(4)  G(16)  E(55) 
  25873201 1545.88 || noQ Q (Avg,Max,Min) (1.00, 1.00, 0.87) (0.90, 0.51, 0.97) #fs:   9  -- #Conts: 75 H(4)  G(15)  E(56) 
  25874619 1534.82 || noQ Q (Avg,Max,Min) (1.00, 1.00, 0.87) (0.90, 0.51, 0.97) #fs:   7  -- #Conts: 77 H(3)  G(17)  E(57) 
  25881142 1532.47 || noQ Q (Avg,Max,Min) (1.00, 1.00, 0.87) (0.90, 0.51, 0.97) #fs:   7  -- #Conts: 75 H(3)  G(17)  E(55) 
  25887666 1530.12 || noQ Q (Avg,Max,Min) (1.00, 1.00, 0.87) (0.90, 0.51, 0.97) #fs:   9  -- #Conts: 75 H(3)  G(16)  E(56) 
  25891978 1519.06 || noQ Q (Avg,Max,Min) (1.00, 1.00, 0.87) (0.91, 0.52, 0.97) #fs:   7  -- #Conts: 77 H(2)  G(18)  E(57) 
  25898501 1516.71 || noQ Q (Avg,Max,Min) (1.00, 1.00, 0.87) (0.91, 0.52, 0.97) #fs:   7  -- #Conts: 75 H(2)  G(18)  E(55) 
  25905025 1514.35 || noQ Q (Avg,Max,Min) (1.00, 1.00, 0.87) (0.91, 0.52, 0.97) #fs:   9  -- #Conts: 75 H(2)  G(17)  E(56) 
  25918016 1503.29 || noQ Q (Avg,Max,Min) (1.00, 1.00, 0.87) (0.91, 0.80, 0.97) #fs:   7  -- #Conts: 77 H(1)  G(19)  E(57) 
  25924539 1500.94 || noQ Q (Avg,Max,Min) (1.00, 1.00, 0.87) (0.91, 0.80, 0.97) #fs:   7  -- #Conts: 75 H(1)  G(19)  E(55) 
  26575909 1498.59 || noQ Q (Avg,Max,Min) (1.00, 1.00, 0.98) (0.91, 0.66, 0.97) #fs:   8  -- #Conts: 77 H(2)  G(19)  E(56) 
  26588960 1496.24 || noQ Q (Avg,Max,Min) (1.00, 1.00, 0.98) (0.91, 0.66, 0.97) #fs:   7  -- #Conts: 78 H(2)  G(19)  E(57) 
  26589040 1493.88 || noQ Q (Avg,Max,Min) (1.00, 1.00, 0.98) (0.91, 0.66, 0.97) #fs:   8  -- #Conts: 78 H(2)  G(18)  E(58) 
  26595486 1491.53 || noQ Q (Avg,Max,Min) (1.00, 1.00, 0.98) (0.91, 0.66, 0.97) #fs:   7  -- #Conts: 79 H(2)  G(18)  E(59) 
  26608535 1489.18 || noQ Q (Avg,Max,Min) (1.00, 1.00, 0.98) (0.91, 0.66, 0.97) #fs:   7  -- #Conts: 80 H(2)  G(18)  E(60) 
  28789508 1482.82 || noQ Q (Avg,Max,Min) (1.00, 1.00, 0.98) (0.91, 0.79, 0.97) #fs:   8  -- #Conts: 76 H(1)  G(19)  E(56) 
  28802559 1480.47 || noQ Q (Avg,Max,Min) (1.00, 1.00, 0.98) (0.91, 0.79, 0.97) #fs:   7  -- #Conts: 77 H(1)  G(19)  E(57) 
  28802639 1478.12 || noQ Q (Avg,Max,Min) (1.00, 1.00, 0.98) (0.92, 0.79, 0.97) #fs:   8  -- #Conts: 77 H(1)  G(18)  E(58) 
  28809085 1475.76 || noQ Q (Avg,Max,Min) (1.00, 1.00, 0.98) (0.92, 0.79, 0.97) #fs:   7  -- #Conts: 78 H(1)  G(18)  E(59) 
  28822134 1473.41 || noQ Q (Avg,Max,Min) (1.00, 1.00, 0.98) (0.92, 0.79, 0.97) #fs:   7  -- #Conts: 79 H(1)  G(18)  E(60) 
  32583712 1464.00 || noQ Q (Avg,Max,Min) (1.00, 1.00, 0.98) (0.92, 0.79, 0.97) #fs:   7  -- #Conts: 80 H(1)  G(15)  E(64) 
  32596762 1461.65 || noQ Q (Avg,Max,Min) (1.00, 1.00, 0.98) (0.92, 0.79, 0.97) #fs:   7  -- #Conts: 80 H(1)  G(14)  E(65) 
  32622861 1459.29 || noQ Q (Avg,Max,Min) (1.00, 1.00, 0.98) (0.93, 0.79, 0.97) #fs:   7  -- #Conts: 80 H(1)  G(13)  E(66) 
  34752751 1449.53 || noQ Q (Avg,Max,Min) (1.00, 1.00, 0.98) (0.93, 0.70, 0.98) #fs:   7  -- #Conts: 80 H(1)  G(6)  E(73) 
  34791900 1447.18 || noQ Q (Avg,Max,Min) (1.00, 1.00, 0.98) (0.93, 0.70, 0.99) #fs:   7  -- #Conts: 80 H(1)  G(5)  E(74) 
  37493623 1430.94 || noQ Q (Avg,Max,Min) (1.00, 1.00, 1.00) (0.93, 0.79, 0.98) #fs:   0  -- #Conts: 75 H(1)  G(18)  E(54)  C(2) 
  37500148 1428.59 || noQ Q (Avg,Max,Min) (1.00, 1.00, 1.00) (0.93, 0.79, 0.98) #fs:   1  -- #Conts: 76 H(1)  G(18)  E(55)  C(2) 
  37519724 1426.24 || noQ Q (Avg,Max,Min) (1.00, 1.00, 1.00) (0.93, 0.79, 0.98) #fs:   3  -- #Conts: 75 H(1)  G(17)  E(55)  C(2) 
  37532772 1423.88 || noQ Q (Avg,Max,Min) (1.00, 1.00, 1.00) (0.93, 0.79, 0.98) #fs:   1  -- #Conts: 77 H(1)  G(17)  E(57)  C(2) 
  37532852 1421.53 || noQ Q (Avg,Max,Min) (1.00, 1.00, 1.00) (0.94, 0.79, 0.98) #fs:   2  -- #Conts: 76 H(1)  G(16)  E(57)  C(2) 
  41294430 1412.12 || noQ Q (Avg,Max,Min) (1.00, 1.00, 1.00) (0.94, 0.79, 0.98) #fs:   2  -- #Conts: 77 H(1)  G(13)  E(61)  C(2) 
  41307480 1409.76 || noQ Q (Avg,Max,Min) (1.00, 1.00, 1.00) (0.94, 0.79, 0.98) #fs:   2  -- #Conts: 77 H(1)  G(12)  E(62)  C(2) 
  41333579 1407.41 || noQ Q (Avg,Max,Min) (1.00, 1.00, 1.00) (0.94, 0.79, 0.98) #fs:   2  -- #Conts: 77 H(1)  G(11)  E(63)  C(2) 
  44767117 1407.29 || noQ Q (Avg,Max,Min) (1.00, 1.00, 1.00) (0.95, 0.55, 1.00) #fs:   2  -- #Conts: 76 H(1)  G(1)  E(72)  C(2) 
  44812297 1405.88 || noQ Q (Avg,Max,Min) (1.00, 1.00, 1.00) (0.96, 0.55, 1.00) #fs:   2  -- #Conts: 75 H(1)  G(1)  E(71)  C(2) 
  45734286 1396.24 || noQ Q (Avg,Max,Min) (1.00, 1.00, 1.00) (0.95, 0.70, 0.98) #fs:   2  -- #Conts: 77 H(1)  G(4)  E(70)  C(2) 
  45773435 1393.88 || noQ Q (Avg,Max,Min) (1.00, 1.00, 1.00) (0.95, 0.70, 0.99) #fs:   2  -- #Conts: 77 H(1)  G(3)  E(71)  C(2) 
  45818615 1392.47 || noQ Q (Avg,Max,Min) (1.00, 1.00, 1.00) (0.95, 0.70, 0.99) #fs:   2  -- #Conts: 76 H(1)  G(3)  E(70)  C(2) 
  45832158 1391.53 || noQ Q (Avg,Max,Min) (1.00, 1.00, 1.00) (0.95, 0.70, 1.00) #fs:   2  -- #Conts: 77 H(1)  G(2)  E(72)  C(2) 
  45877338 1390.12 || noQ Q (Avg,Max,Min) (1.00, 1.00, 1.00) (0.95, 0.70, 1.00) #fs:   2  -- #Conts: 76 H(1)  G(2)  E(71)  C(2) 
  49436572 1387.18 || noQ Q (Avg,Max,Min) (1.00, 1.00, 1.00) (0.95, 0.74, 0.98) #fs:   2  -- #Conts: 76 G(4)  E(70)  C(2) 
  49475721 1384.82 || noQ Q (Avg,Max,Min) (1.00, 1.00, 1.00) (0.96, 0.74, 0.98) #fs:   2  -- #Conts: 76 G(3)  E(71)  C(2) 
  49520901 1383.41 || noQ Q (Avg,Max,Min) (1.00, 1.00, 1.00) (0.96, 0.74, 0.98) #fs:   2  -- #Conts: 75 G(3)  E(70)  C(2) 
  49534444 1382.47 || noQ Q (Avg,Max,Min) (1.00, 1.00, 1.00) (0.96, 0.74, 0.99) #fs:   2  -- #Conts: 76 G(2)  E(72)  C(2) 
  49579624 1381.06 || noQ Q (Avg,Max,Min) (1.00, 1.00, 1.00) (0.96, 0.74, 0.99) #fs:   2  -- #Conts: 75 G(2)  E(71)  C(2) 
  56205950 1377.76 || noQ Q (Avg,Max,Min) (1.00, 1.00, 1.00) (0.96, 0.85, 0.99) #fs:   2  -- #Conts: 75 G(1)  E(72)  C(2) 
  56251130 1376.35 || noQ Q (Avg,Max,Min) (1.00, 1.00, 1.00) (0.96, 0.90, 0.99) #fs:   2  -- #Conts: 74 G(1)  E(71)  C(2) 
  57108460 1375.06 || noQ Q (Avg,Max,Min) (1.00, 1.00, 1.00) (0.95, 0.60, 0.99) #fs:   2  -- #Conts: 76 G(1)  E(72)  C(3) 
  57153640 1373.65 || noQ Q (Avg,Max,Min) (1.00, 1.00, 1.00) (0.96, 0.60, 0.99) #fs:   2  -- #Conts: 75 G(1)  E(71)  C(3) 
  64511483 1372.65 || noQ Q (Avg,Max,Min) (1.00, 1.00, 1.00) (0.96, 0.88, 0.99) #fs:   2  -- #Conts: 75 G(1)  A(1)  E(71)  C(2) 
  70650296 1370.47 || noQ Q (Avg,Max,Min) (1.00, 1.00, 1.00) (0.96, 0.93, 1.00) #fs:   2  -- #Conts: 65 E(64)  C(1) 
  71552806 1367.76 || noQ Q (Avg,Max,Min) (1.00, 1.00, 1.00) (0.96, 0.60, 1.00) #fs:   2  -- #Conts: 66 E(64)  C(2) 
  78910649 1366.76 || noQ Q (Avg,Max,Min) (1.00, 1.00, 1.00) (0.96, 0.88, 1.00) #fs:   2  -- #Conts: 66 A(1)  E(64)  C(1) 
/////////////////size: 146
nodes 100 edges 234
 mulT: 5000 mulD: 1  sumData GB 1
pareto /MONTAGE.n.100.0.dax time -> 72532.0
moheft /MONTAGE.n.100.0.dax time -> 41960.0
distance from M to C 9.18047870728924
distance from P to C 4.416063119503618
distance from C to M 2.7804732131938135
distance from C to P 8.070576762195268
toCompare: /MONTAGE.n.100.0.dax sumDataGB: 1 mulT: 5000 mulD: 1 paretoOptTime_MS: 72532.0 MoheftOptimizationTime_MS: 41960.0 MtoC 9.18047870728924 PtoC 4.416063119503618 CtoM 2.7804732131938135 CtoP 8.070576762195268
