specify -Dflow d,b,mt,md,size
Running /home/vaggelis/jc/MONTAGE.n.100.0.dax mt 10000 md: 1 size null
  25645462 4414.12 || noQ Q (Avg,Max,Min) (0.94, 1.00, 0.66) (0.82, 0.50, 1.00) #fs:  18  -- #Conts: 65 H(65) 
  25662183 4382.59 || noQ Q (Avg,Max,Min) (0.94, 1.00, 0.56) (0.82, 0.50, 1.00) #fs:  18  -- #Conts: 65 H(65) 
  29001352 4319.53 || noQ Q (Avg,Max,Min) (1.00, 1.00, 1.00) (0.79, 0.50, 1.00) #fs:   6  -- #Conts: 76 H(76) 
  29045241 4288.00 || noQ Q (Avg,Max,Min) (0.99, 1.00, 0.73) (0.80, 0.50, 1.00) #fs:   8  -- #Conts: 72 H(72) 
  29051914 4256.47 || noQ Q (Avg,Max,Min) (0.99, 1.00, 0.73) (0.81, 0.50, 1.00) #fs:   9  -- #Conts: 69 H(69) 
  29055290 4224.94 || noQ Q (Avg,Max,Min) (0.99, 1.00, 0.73) (0.82, 0.50, 1.00) #fs:   9  -- #Conts: 69 H(69) 
  29055450 4193.41 || noQ Q (Avg,Max,Min) (0.98, 1.00, 0.73) (0.82, 0.50, 1.00) #fs:  10  -- #Conts: 67 H(67) 
  29082379 4161.88 || noQ Q (Avg,Max,Min) (0.98, 1.00, 0.73) (0.83, 0.50, 1.00) #fs:  11  -- #Conts: 63 H(63) 
  29095884 4130.35 || noQ Q (Avg,Max,Min) (0.97, 1.00, 0.73) (0.83, 0.50, 1.00) #fs:  12  -- #Conts: 59 H(59) 
  29099261 4098.82 || noQ Q (Avg,Max,Min) (0.97, 1.00, 0.73) (0.84, 0.50, 1.00) #fs:  12  -- #Conts: 59 H(59) 
  29106094 4067.29 || noQ Q (Avg,Max,Min) (0.95, 1.00, 0.66) (0.86, 0.50, 1.00) #fs:  16  -- #Conts: 53 H(53) 
  29109469 4035.76 || noQ Q (Avg,Max,Min) (0.96, 1.00, 0.73) (0.86, 0.50, 1.00) #fs:  14  -- #Conts: 54 H(54) 
  29146606 4004.24 || noQ Q (Avg,Max,Min) (0.93, 1.00, 0.72) (0.87, 0.51, 1.00) #fs:  17  -- #Conts: 43 H(43) 
  29187040 3972.71 || noQ Q (Avg,Max,Min) (0.92, 1.00, 0.72) (0.89, 0.70, 1.00) #fs:  18  -- #Conts: 40 H(40) 
  32603778 3941.18 || noQ Q (Avg,Max,Min) (0.92, 1.00, 0.72) (0.89, 0.71, 1.00) #fs:  17  -- #Conts: 40 H(40) 
  32725320 3878.12 || noQ Q (Avg,Max,Min) (0.94, 1.00, 0.72) (0.90, 0.71, 1.00) #fs:  15  -- #Conts: 40 H(40) 
  32735450 3846.59 || noQ Q (Avg,Max,Min) (0.95, 1.00, 0.72) (0.90, 0.71, 1.00) #fs:  14  -- #Conts: 40 H(40) 
  32752330 3815.06 || noQ Q (Avg,Max,Min) (0.96, 1.00, 0.72) (0.91, 0.71, 1.00) #fs:  13  -- #Conts: 40 H(40) 
  32813101 3783.53 || noQ Q (Avg,Max,Min) (0.96, 1.00, 0.73) (0.91, 0.71, 1.00) #fs:  12  -- #Conts: 40 H(40) 
  32904257 3752.00 || noQ Q (Avg,Max,Min) (0.97, 1.00, 0.76) (0.92, 0.75, 1.00) #fs:  11  -- #Conts: 40 H(40) 
  37225724 3688.94 || noQ Q (Avg,Max,Min) (1.00, 1.00, 1.00) (0.87, 0.50, 1.00) #fs:   1  -- #Conts: 49 H(49) 
  37273072 3657.41 || noQ Q (Avg,Max,Min) (1.00, 1.00, 1.00) (0.88, 0.50, 1.00) #fs:   2  -- #Conts: 48 H(48) 
  37347266 3625.88 || noQ Q (Avg,Max,Min) (1.00, 1.00, 1.00) (0.89, 0.51, 1.00) #fs:   1  -- #Conts: 45 H(45) 
  37374276 3594.35 || noQ Q (Avg,Max,Min) (1.00, 1.00, 1.00) (0.91, 0.51, 1.00) #fs:   1  -- #Conts: 44 H(44) 
  37435047 3562.82 || noQ Q (Avg,Max,Min) (1.00, 1.00, 1.00) (0.92, 0.52, 1.00) #fs:   1  -- #Conts: 43 H(43) 
  37526203 3531.29 || noQ Q (Avg,Max,Min) (1.00, 1.00, 1.00) (0.93, 0.67, 1.00) #fs:   1  -- #Conts: 42 H(42) 
  38090406 3326.35 || noQ Q (Avg,Max,Min) (1.00, 1.00, 0.82) (0.85, 0.51, 0.97) #fs:   2  -- #Conts: 77 H(8)  G(69) 
  38096193 3294.82 || noQ Q (Avg,Max,Min) (1.00, 1.00, 0.82) (0.85, 0.51, 0.97) #fs:   2  -- #Conts: 77 H(7)  G(70) 
  38101979 3263.29 || noQ Q (Avg,Max,Min) (1.00, 1.00, 0.82) (0.85, 0.51, 0.97) #fs:   2  -- #Conts: 77 H(6)  G(71) 
  38107765 3231.76 || noQ Q (Avg,Max,Min) (1.00, 1.00, 0.82) (0.86, 0.51, 0.97) #fs:   2  -- #Conts: 77 H(5)  G(72) 
  38119337 3200.24 || noQ Q (Avg,Max,Min) (1.00, 1.00, 0.82) (0.86, 0.51, 0.97) #fs:   2  -- #Conts: 77 H(4)  G(73) 
  38148268 3168.71 || noQ Q (Avg,Max,Min) (1.00, 1.00, 0.82) (0.87, 0.51, 0.97) #fs:   2  -- #Conts: 77 H(3)  G(74) 
  38182985 3137.18 || noQ Q (Avg,Max,Min) (1.00, 1.00, 0.82) (0.87, 0.52, 0.97) #fs:   2  -- #Conts: 77 H(2)  G(75) 
  38235061 3105.65 || noQ Q (Avg,Max,Min) (1.00, 1.00, 0.82) (0.88, 0.81, 0.97) #fs:   2  -- #Conts: 77 H(1)  G(76) 
  43952029 3074.12 || noQ Q (Avg,Max,Min) (1.00, 1.00, 1.00) (0.88, 0.84, 0.97) #fs:   1  -- #Conts: 77 G(77) 
  49749765 3058.35 || noQ Q (Avg,Max,Min) (1.00, 1.00, 1.00) (0.88, 0.84, 0.97) #fs:   1  -- #Conts: 76 G(76) 
  81581993 2801.18 || noQ Q (Avg,Max,Min) (1.00, 1.00, 0.72) (0.95, 0.70, 0.99) #fs:   7  -- #Conts: 77 G(8)  E(69) 
  81595043 2796.47 || noQ Q (Avg,Max,Min) (1.00, 1.00, 0.72) (0.95, 0.70, 0.99) #fs:   7  -- #Conts: 77 G(7)  E(70) 
  81608092 2791.76 || noQ Q (Avg,Max,Min) (1.00, 1.00, 0.72) (0.96, 0.70, 0.99) #fs:   7  -- #Conts: 77 G(6)  E(71) 
  81621142 2787.06 || noQ Q (Avg,Max,Min) (1.00, 1.00, 0.72) (0.96, 0.70, 0.99) #fs:   7  -- #Conts: 77 G(5)  E(72) 
  81647241 2782.35 || noQ Q (Avg,Max,Min) (1.00, 1.00, 0.72) (0.96, 0.70, 0.99) #fs:   7  -- #Conts: 77 G(4)  E(73) 
  81712489 2777.65 || noQ Q (Avg,Max,Min) (1.00, 1.00, 0.72) (0.96, 0.70, 0.99) #fs:   7  -- #Conts: 77 G(3)  E(74) 
  81790787 2772.94 || noQ Q (Avg,Max,Min) (1.00, 1.00, 0.72) (0.96, 0.70, 0.99) #fs:   7  -- #Conts: 77 G(2)  E(75) 
  81908234 2768.24 || noQ Q (Avg,Max,Min) (1.00, 1.00, 0.72) (0.96, 0.70, 1.00) #fs:   7  -- #Conts: 77 G(1)  E(76) 
  99125436 2729.29 || noQ Q (Avg,Max,Min) (1.00, 1.00, 1.00) (0.97, 0.95, 1.00) #fs:   6  -- #Conts: 77 E(77) 
/////////////////size: 45
  28909171 4240.71 || noQ Q (Avg,Max,Min) (0.94, 1.00, 0.55) (0.85, 0.50, 1.00) #fs:  15  -- #Conts: 77 H(61)  G(16) 
  28957859 4193.41 || noQ Q (Avg,Max,Min) (0.94, 1.00, 0.55) (0.84, 0.50, 1.00) #fs:  11  -- #Conts: 82 H(66)  G(16) 
  30230433 4177.65 || noQ Q (Avg,Max,Min) (0.94, 1.00, 0.55) (0.85, 0.50, 1.00) #fs:  12  -- #Conts: 84 H(67)  G(17) 
  31206130 4146.12 || noQ Q (Avg,Max,Min) (1.00, 1.00, 0.90) (0.81, 0.50, 1.00) #fs:   1  -- #Conts: 90 H(74)  G(16) 
  31211916 4098.82 || noQ Q (Avg,Max,Min) (1.00, 1.00, 0.90) (0.81, 0.50, 1.00) #fs:   1  -- #Conts: 89 H(73)  G(16) 
  31217785 4083.06 || noQ Q (Avg,Max,Min) (1.00, 1.00, 0.90) (0.82, 0.50, 1.00) #fs:   2  -- #Conts: 88 H(72)  G(16) 
  31264075 4051.53 || noQ Q (Avg,Max,Min) (1.00, 1.00, 0.90) (0.82, 0.50, 1.00) #fs:   3  -- #Conts: 86 H(70)  G(16) 
  31269859 4035.76 || noQ Q (Avg,Max,Min) (1.00, 1.00, 0.90) (0.82, 0.50, 1.00) #fs:   3  -- #Conts: 85 H(69)  G(16) 
  31275647 4020.00 || noQ Q (Avg,Max,Min) (1.00, 1.00, 0.90) (0.82, 0.50, 1.00) #fs:   3  -- #Conts: 84 H(68)  G(16) 
  31287138 4004.24 || noQ Q (Avg,Max,Min) (1.00, 1.00, 0.90) (0.82, 0.50, 1.00) #fs:   3  -- #Conts: 83 H(67)  G(16) 
  31316148 3972.71 || noQ Q (Avg,Max,Min) (1.00, 1.00, 0.90) (0.82, 0.50, 1.00) #fs:   3  -- #Conts: 81 H(65)  G(16) 
  31339213 3941.18 || noQ Q (Avg,Max,Min) (1.00, 1.00, 0.90) (0.82, 0.50, 1.00) #fs:   4  -- #Conts: 79 H(62)  G(17) 
  31362360 3925.41 || noQ Q (Avg,Max,Min) (1.00, 1.00, 0.90) (0.82, 0.50, 1.00) #fs:   3  -- #Conts: 78 H(60)  G(18) 
  31374009 3862.35 || noQ Q (Avg,Max,Min) (1.00, 1.00, 0.90) (0.82, 0.50, 1.00) #fs:   5  -- #Conts: 78 H(50)  G(28) 
  31374089 3830.82 || noQ Q (Avg,Max,Min) (1.00, 1.00, 0.90) (0.82, 0.50, 1.00) #fs:   5  -- #Conts: 78 H(49)  G(29) 
  31379796 3815.06 || noQ Q (Avg,Max,Min) (1.00, 1.00, 0.90) (0.82, 0.50, 1.00) #fs:   5  -- #Conts: 77 H(48)  G(29) 
  31455017 3752.00 || noQ Q (Avg,Max,Min) (1.00, 1.00, 0.89) (0.80, 0.50, 1.00) #fs:   7  -- #Conts: 77 H(30)  G(47) 
  31455097 3720.47 || noQ Q (Avg,Max,Min) (1.00, 1.00, 0.89) (0.80, 0.50, 1.00) #fs:   7  -- #Conts: 77 H(29)  G(48) 
  31460802 3688.94 || noQ Q (Avg,Max,Min) (1.00, 1.00, 0.89) (0.81, 0.50, 1.00) #fs:   6  -- #Conts: 77 H(28)  G(49) 
  31466587 3657.41 || noQ Q (Avg,Max,Min) (1.00, 1.00, 0.89) (0.81, 0.50, 1.00) #fs:   7  -- #Conts: 77 H(27)  G(50) 
  31483949 3562.82 || noQ Q (Avg,Max,Min) (1.00, 1.00, 0.89) (0.83, 0.50, 1.00) #fs:   8  -- #Conts: 77 H(23)  G(54) 
  31495518 3531.29 || noQ Q (Avg,Max,Min) (1.00, 1.00, 0.89) (0.83, 0.50, 1.00) #fs:   9  -- #Conts: 77 H(21)  G(56) 
  31512879 3499.76 || noQ Q (Avg,Max,Min) (1.00, 1.00, 0.89) (0.83, 0.50, 1.00) #fs:   9  -- #Conts: 77 H(18)  G(59) 
  31524450 3468.24 || noQ Q (Avg,Max,Min) (1.00, 1.00, 0.89) (0.83, 0.50, 1.00) #fs:  11  -- #Conts: 77 H(16)  G(61) 
  31547675 3436.71 || noQ Q (Avg,Max,Min) (1.00, 1.00, 0.98) (0.84, 0.50, 1.00) #fs:  11  -- #Conts: 78 H(16)  G(62) 
  34023177 3405.18 || noQ Q (Avg,Max,Min) (1.00, 1.00, 0.88) (0.83, 0.50, 0.98) #fs:  11  -- #Conts: 78 H(10)  G(68) 
  34046321 3342.12 || noQ Q (Avg,Max,Min) (1.00, 1.00, 0.87) (0.84, 0.51, 0.98) #fs:  11  -- #Conts: 78 H(8)  G(70) 
  34052108 3310.59 || noQ Q (Avg,Max,Min) (1.00, 1.00, 0.87) (0.85, 0.51, 0.98) #fs:  11  -- #Conts: 78 H(7)  G(71) 
  34057894 3279.06 || noQ Q (Avg,Max,Min) (1.00, 1.00, 0.87) (0.85, 0.51, 0.98) #fs:  11  -- #Conts: 78 H(6)  G(72) 
  34063680 3247.53 || noQ Q (Avg,Max,Min) (1.00, 1.00, 0.87) (0.86, 0.51, 0.98) #fs:  11  -- #Conts: 78 H(5)  G(73) 
  34075252 3216.00 || noQ Q (Avg,Max,Min) (1.00, 1.00, 0.87) (0.86, 0.51, 0.98) #fs:  11  -- #Conts: 78 H(4)  G(74) 
  34104183 3184.47 || noQ Q (Avg,Max,Min) (1.00, 1.00, 0.87) (0.87, 0.51, 0.98) #fs:  11  -- #Conts: 78 H(3)  G(75) 
  34138900 3152.94 || noQ Q (Avg,Max,Min) (1.00, 1.00, 0.87) (0.87, 0.52, 0.98) #fs:  11  -- #Conts: 78 H(2)  G(76) 
  34190976 3121.41 || noQ Q (Avg,Max,Min) (1.00, 1.00, 0.87) (0.88, 0.80, 0.98) #fs:  11  -- #Conts: 78 H(1)  G(77) 
  35463387 3105.65 || noQ Q (Avg,Max,Min) (1.00, 1.00, 0.98) (0.88, 0.84, 0.98) #fs:  10  -- #Conts: 79 H(2)  G(77) 
  39298585 3103.29 || noQ Q (Avg,Max,Min) (1.00, 1.00, 0.98) (0.88, 0.84, 0.98) #fs:  10  -- #Conts: 80 H(2)  G(77)  E(1) 
  39524749 3089.88 || noQ Q (Avg,Max,Min) (1.00, 1.00, 0.98) (0.88, 0.84, 0.98) #fs:  10  -- #Conts: 78 H(1)  G(77) 
  41673548 3086.12 || noQ Q (Avg,Max,Min) (1.00, 1.00, 0.87) (0.91, 0.51, 0.98) #fs:  11  -- #Conts: 73 H(6)  G(26)  E(41) 
  41674904 3059.29 || noQ Q (Avg,Max,Min) (1.00, 1.00, 0.87) (0.91, 0.51, 0.98) #fs:  11  -- #Conts: 72 H(5)  G(27)  E(40) 
  41679334 3054.59 || noQ Q (Avg,Max,Min) (1.00, 1.00, 0.87) (0.92, 0.51, 0.98) #fs:  11  -- #Conts: 73 H(5)  G(27)  E(41) 
  41686476 3027.76 || noQ Q (Avg,Max,Min) (1.00, 1.00, 0.87) (0.92, 0.51, 0.98) #fs:  11  -- #Conts: 72 H(4)  G(28)  E(40) 
  41690906 3023.06 || noQ Q (Avg,Max,Min) (1.00, 1.00, 0.87) (0.92, 0.51, 0.98) #fs:  11  -- #Conts: 73 H(4)  G(28)  E(41) 
  41699526 3018.35 || noQ Q (Avg,Max,Min) (1.00, 1.00, 0.87) (0.92, 0.51, 0.98) #fs:  11  -- #Conts: 74 H(4)  G(28)  E(42) 
  41709496 3013.65 || noQ Q (Avg,Max,Min) (1.00, 1.00, 0.87) (0.92, 0.51, 0.98) #fs:  11  -- #Conts: 75 H(4)  G(28)  E(43) 
  41715407 2996.24 || noQ Q (Avg,Max,Min) (1.00, 1.00, 0.87) (0.92, 0.51, 0.98) #fs:  11  -- #Conts: 72 H(3)  G(29)  E(40) 
  41719837 2991.53 || noQ Q (Avg,Max,Min) (1.00, 1.00, 0.87) (0.93, 0.51, 0.98) #fs:  11  -- #Conts: 73 H(3)  G(29)  E(41) 
  41728457 2986.82 || noQ Q (Avg,Max,Min) (1.00, 1.00, 0.87) (0.93, 0.51, 0.98) #fs:  11  -- #Conts: 74 H(3)  G(29)  E(42) 
  41738427 2982.12 || noQ Q (Avg,Max,Min) (1.00, 1.00, 0.87) (0.93, 0.51, 0.98) #fs:  11  -- #Conts: 75 H(3)  G(29)  E(43) 
  41750124 2964.71 || noQ Q (Avg,Max,Min) (1.00, 1.00, 0.87) (0.93, 0.52, 0.98) #fs:  11  -- #Conts: 72 H(2)  G(30)  E(40) 
  41754554 2960.00 || noQ Q (Avg,Max,Min) (1.00, 1.00, 0.87) (0.93, 0.52, 0.98) #fs:  11  -- #Conts: 73 H(2)  G(30)  E(41) 
  41763174 2955.29 || noQ Q (Avg,Max,Min) (1.00, 1.00, 0.87) (0.93, 0.52, 0.98) #fs:  11  -- #Conts: 74 H(2)  G(30)  E(42) 
  41773144 2950.59 || noQ Q (Avg,Max,Min) (1.00, 1.00, 0.87) (0.93, 0.52, 0.98) #fs:  11  -- #Conts: 75 H(2)  G(30)  E(43) 
  41802200 2933.18 || noQ Q (Avg,Max,Min) (1.00, 1.00, 0.87) (0.93, 0.80, 0.98) #fs:  11  -- #Conts: 72 H(1)  G(31)  E(40) 
  41806630 2928.47 || noQ Q (Avg,Max,Min) (1.00, 1.00, 0.87) (0.94, 0.80, 0.98) #fs:  11  -- #Conts: 73 H(1)  G(31)  E(41) 
  41815250 2923.76 || noQ Q (Avg,Max,Min) (1.00, 1.00, 0.87) (0.94, 0.80, 0.98) #fs:  11  -- #Conts: 74 H(1)  G(31)  E(42) 
  41825220 2919.06 || noQ Q (Avg,Max,Min) (1.00, 1.00, 0.87) (0.94, 0.80, 0.98) #fs:  11  -- #Conts: 75 H(1)  G(31)  E(43) 
  41864370 2914.35 || noQ Q (Avg,Max,Min) (1.00, 1.00, 0.87) (0.94, 0.80, 0.98) #fs:  11  -- #Conts: 76 H(1)  G(31)  E(44) 
  41893424 2909.65 || noQ Q (Avg,Max,Min) (1.00, 1.00, 0.87) (0.94, 0.80, 0.98) #fs:  11  -- #Conts: 77 H(1)  G(31)  E(45) 
  41903519 2904.94 || noQ Q (Avg,Max,Min) (1.00, 1.00, 0.87) (0.94, 0.80, 0.98) #fs:  11  -- #Conts: 78 H(1)  G(31)  E(46) 
  43097631 2903.29 || noQ Q (Avg,Max,Min) (1.00, 1.00, 0.98) (0.94, 0.84, 0.98) #fs:  10  -- #Conts: 76 H(2)  G(31)  E(43) 
  43136781 2898.59 || noQ Q (Avg,Max,Min) (1.00, 1.00, 0.98) (0.94, 0.84, 0.98) #fs:  10  -- #Conts: 77 H(2)  G(31)  E(44) 
  43165835 2893.88 || noQ Q (Avg,Max,Min) (1.00, 1.00, 0.98) (0.94, 0.84, 0.98) #fs:  10  -- #Conts: 78 H(2)  G(31)  E(45) 
  43175930 2889.18 || noQ Q (Avg,Max,Min) (1.00, 1.00, 0.98) (0.94, 0.84, 0.98) #fs:  10  -- #Conts: 79 H(2)  G(31)  E(46) 
  47011128 2886.82 || noQ Q (Avg,Max,Min) (1.00, 1.00, 0.98) (0.94, 0.84, 0.98) #fs:  10  -- #Conts: 80 H(2)  G(31)  E(47) 
  47198147 2882.82 || noQ Q (Avg,Max,Min) (1.00, 1.00, 0.96) (0.94, 0.84, 0.98) #fs:  11  -- #Conts: 76 H(1)  G(31)  E(44) 
  47227201 2878.12 || noQ Q (Avg,Max,Min) (1.00, 1.00, 0.96) (0.94, 0.84, 0.98) #fs:  11  -- #Conts: 77 H(1)  G(31)  E(45) 
  47237296 2873.41 || noQ Q (Avg,Max,Min) (1.00, 1.00, 0.98) (0.94, 0.84, 0.98) #fs:  10  -- #Conts: 79 H(1)  G(32)  E(46) 
  49505549 2867.06 || noQ Q (Avg,Max,Min) (1.00, 1.00, 0.97) (0.94, 0.83, 0.98) #fs:  11  -- #Conts: 76 H(1)  G(31)  E(44) 
  49534603 2862.35 || noQ Q (Avg,Max,Min) (1.00, 1.00, 0.97) (0.94, 0.83, 0.98) #fs:  11  -- #Conts: 77 H(1)  G(31)  E(45) 
  49544698 2857.65 || noQ Q (Avg,Max,Min) (1.00, 1.00, 0.98) (0.94, 0.83, 0.98) #fs:  10  -- #Conts: 79 H(1)  G(32)  E(46) 
  53044626 2848.59 || noQ Q (Avg,Max,Min) (1.00, 1.00, 0.98) (0.94, 0.69, 1.00) #fs:  10  -- #Conts: 79 G(32)  E(47) 
  57482586 2830.12 || noQ Q (Avg,Max,Min) (1.00, 1.00, 0.98) (0.94, 0.84, 0.99) #fs:  12  -- #Conts: 79 H(1)  G(16)  E(62) 
  59789988 2814.35 || noQ Q (Avg,Max,Min) (1.00, 1.00, 0.98) (0.94, 0.83, 0.99) #fs:  12  -- #Conts: 79 H(1)  G(16)  E(62) 
  63289916 2805.29 || noQ Q (Avg,Max,Min) (1.00, 1.00, 0.98) (0.94, 0.69, 1.00) #fs:  12  -- #Conts: 79 G(16)  E(63) 
  63902819 2794.12 || noQ Q (Avg,Max,Min) (1.00, 1.00, 0.98) (0.95, 0.74, 0.99) #fs:  12  -- #Conts: 79 H(1)  G(5)  E(73) 
  63928918 2789.41 || noQ Q (Avg,Max,Min) (1.00, 1.00, 0.98) (0.96, 0.74, 0.99) #fs:  12  -- #Conts: 79 H(1)  G(4)  E(74) 
  63994166 2784.71 || noQ Q (Avg,Max,Min) (1.00, 1.00, 0.98) (0.96, 0.74, 0.99) #fs:  12  -- #Conts: 79 H(1)  G(3)  E(75) 
  64072464 2780.00 || noQ Q (Avg,Max,Min) (1.00, 1.00, 0.98) (0.96, 0.74, 0.99) #fs:  12  -- #Conts: 79 H(1)  G(2)  E(76) 
  64189911 2775.29 || noQ Q (Avg,Max,Min) (1.00, 1.00, 0.98) (0.96, 0.74, 1.00) #fs:  12  -- #Conts: 79 H(1)  G(1)  E(77) 
  65201409 2773.65 || noQ Q (Avg,Max,Min) (1.00, 1.00, 0.98) (0.96, 0.85, 0.99) #fs:  12  -- #Conts: 80 H(1)  G(5)  E(74) 
  65266657 2768.94 || noQ Q (Avg,Max,Min) (1.00, 1.00, 0.98) (0.96, 0.85, 0.99) #fs:  12  -- #Conts: 80 H(1)  G(4)  E(75) 
  65344955 2764.24 || noQ Q (Avg,Max,Min) (1.00, 1.00, 0.98) (0.96, 0.85, 0.99) #fs:  12  -- #Conts: 80 H(1)  G(3)  E(76) 
  65462402 2759.53 || noQ Q (Avg,Max,Min) (1.00, 1.00, 0.98) (0.96, 0.85, 1.00) #fs:  12  -- #Conts: 80 H(1)  G(2)  E(77) 
  69065087 2757.18 || noQ Q (Avg,Max,Min) (1.00, 1.00, 0.98) (0.96, 0.85, 1.00) #fs:  12  -- #Conts: 80 H(1)  G(2)  E(77) 
  73988182 2754.82 || noQ Q (Avg,Max,Min) (1.00, 1.00, 0.98) (0.96, 0.80, 1.00) #fs:  12  -- #Conts: 81 H(1)  G(2)  E(78) 
  77590867 2752.47 || noQ Q (Avg,Max,Min) (1.00, 1.00, 0.98) (0.96, 0.80, 1.00) #fs:  12  -- #Conts: 81 H(1)  G(2)  E(78) 
  81425905 2750.12 || noQ Q (Avg,Max,Min) (1.00, 1.00, 0.98) (0.96, 0.80, 0.99) #fs:  12  -- #Conts: 80 H(1)  G(1)  E(78) 
  86835303 2741.06 || noQ Q (Avg,Max,Min) (1.00, 1.00, 0.98) (0.96, 0.85, 1.00) #fs:  12  -- #Conts: 80 G(2)  E(78) 
  90670339 2738.71 || noQ Q (Avg,Max,Min) (1.00, 1.00, 0.98) (0.96, 0.92, 0.99) #fs:  12  -- #Conts: 78 G(1)  E(77) 
  97361761 2737.53 || noQ Q (Avg,Max,Min) (1.00, 1.00, 0.98) (0.96, 0.85, 1.00) #fs:  12  -- #Conts: 81 G(2)  E(78)  C(1) 
 101196877 2735.18 || noQ Q (Avg,Max,Min) (1.00, 1.00, 0.98) (0.96, 0.94, 1.00) #fs:  12  -- #Conts: 80 G(1)  E(78)  C(1) 
 117717514 2734.47 || noQ Q (Avg,Max,Min) (1.00, 1.00, 0.98) (0.96, 0.88, 1.00) #fs:  12  -- #Conts: 81 G(1)  A(1)  E(78)  C(1) 
/////////////////size: 92
nodes 100 edges 234
 mulT: 10000 mulD: 1  sumData GB 1
pareto /MONTAGE.n.100.0.dax time -> 12675.0
moheft /MONTAGE.n.100.0.dax time -> 17119.0
distance from M to C 2.3125745937391464
distance from P to C 16.603664204886947
distance from C to M 5.6408536024556835
distance from C to P 41.152356577270666
toCompare: /MONTAGE.n.100.0.dax sumDataGB: 1 mulT: 10000 mulD: 1 paretoOptTime_MS: 12675.0 MoheftOptimizationTime_MS: 17119.0 MtoC 2.3125745937391464 PtoC 16.603664204886947 CtoM 5.6408536024556835 CtoP 41.152356577270666
