specify -Dflow d,b,mt,md,size
Running /home/vaggelis/jc/MONTAGE.n.100.0.dax mt 5000 md: 10000 size null
  16064139 3058.35 || noQ Q (Avg,Max,Min) (1.30, 1.91, 0.71) (0.75, 0.69, 1.70) #fs:  33  -- #Conts: 62 H(62) 
  16105467 2995.29 || noQ Q (Avg,Max,Min) (1.31, 1.90, 0.79) (0.76, 0.72, 1.70) #fs:  31  -- #Conts: 61 H(61) 
  17775503 2553.88 || noQ Q (Avg,Max,Min) (1.16, 1.87, 0.83) (1.00, 0.70, 1.85) #fs:  33  -- #Conts: 43 H(19)  G(24) 
  17780122 2522.35 || noQ Q (Avg,Max,Min) (1.17, 1.87, 0.83) (1.02, 0.70, 1.85) #fs:  32  -- #Conts: 42 H(20)  G(22) 
  19565073 2459.29 || noQ Q (Avg,Max,Min) (1.16, 1.83, 0.78) (1.01, 0.73, 1.66) #fs:  32  -- #Conts: 24 H(24) 
  19567511 2412.00 || noQ Q (Avg,Max,Min) (1.16, 1.83, 0.78) (1.03, 0.73, 1.66) #fs:  32  -- #Conts: 24 H(23)  G(1) 
  19626132 2380.47 || noQ Q (Avg,Max,Min) (1.12, 1.83, 0.91) (1.04, 0.88, 1.66) #fs:  32  -- #Conts: 22 H(21)  G(1) 
  19717863 2317.41 || noQ Q (Avg,Max,Min) (1.14, 1.82, 0.90) (1.07, 0.88, 1.66) #fs:  31  -- #Conts: 22 H(21)  G(1) 
  25200227 2065.18 || noQ Q (Avg,Max,Min) (1.15, 1.50, 0.70) (0.98, 0.64, 1.31) #fs:  31  -- #Conts: 62 H(2)  G(60) 
  25206458 2049.41 || noQ Q (Avg,Max,Min) (1.15, 1.50, 0.70) (0.99, 0.64, 1.31) #fs:  31  -- #Conts: 62 H(1)  G(61) 
  25216106 2033.65 || noQ Q (Avg,Max,Min) (1.15, 1.50, 0.70) (0.99, 0.64, 1.31) #fs:  31  -- #Conts: 62 G(62) 
  25890403 1986.35 || noQ Q (Avg,Max,Min) (1.20, 2.59, 0.70) (1.02, 0.65, 2.07) #fs:  27  -- #Conts: 66 H(2)  G(64) 
  25896634 1970.59 || noQ Q (Avg,Max,Min) (1.20, 2.59, 0.70) (1.02, 0.65, 2.07) #fs:  27  -- #Conts: 66 H(1)  G(65) 
  25897843 1954.82 || noQ Q (Avg,Max,Min) (1.21, 2.59, 0.74) (1.03, 0.69, 2.07) #fs:  26  -- #Conts: 67 H(2)  G(65) 
  25904074 1939.06 || noQ Q (Avg,Max,Min) (1.21, 2.59, 0.74) (1.03, 0.69, 2.07) #fs:  26  -- #Conts: 67 H(1)  G(66) 
  25913722 1923.29 || noQ Q (Avg,Max,Min) (1.20, 2.59, 0.74) (1.04, 0.69, 2.07) #fs:  26  -- #Conts: 67 G(67) 
  25920695 1907.53 || noQ Q (Avg,Max,Min) (1.23, 1.52, 0.74) (1.04, 0.69, 1.31) #fs:  23  -- #Conts: 70 H(2)  G(68) 
  25921351 1891.76 || noQ Q (Avg,Max,Min) (1.24, 2.58, 0.74) (1.05, 0.69, 2.07) #fs:  22  -- #Conts: 71 H(2)  G(69) 
  25927582 1876.00 || noQ Q (Avg,Max,Min) (1.24, 2.58, 0.74) (1.05, 0.69, 2.07) #fs:  22  -- #Conts: 71 H(1)  G(70) 
  25930550 1860.24 || noQ Q (Avg,Max,Min) (1.26, 2.58, 0.74) (1.06, 0.69, 2.07) #fs:  20  -- #Conts: 73 H(2)  G(71) 
  25936781 1844.47 || noQ Q (Avg,Max,Min) (1.25, 2.58, 0.74) (1.06, 0.69, 2.07) #fs:  20  -- #Conts: 73 H(1)  G(72) 
  25943655 1828.71 || noQ Q (Avg,Max,Min) (1.26, 2.58, 0.74) (1.07, 0.69, 2.07) #fs:  19  -- #Conts: 74 H(1)  G(73) 
  25953303 1812.94 || noQ Q (Avg,Max,Min) (1.26, 2.58, 0.74) (1.07, 0.69, 2.07) #fs:  19  -- #Conts: 74 G(74) 
  25967106 1797.18 || noQ Q (Avg,Max,Min) (1.26, 2.58, 0.75) (1.08, 0.70, 2.07) #fs:  18  -- #Conts: 75 G(75) 
  25982981 1781.41 || noQ Q (Avg,Max,Min) (1.27, 2.58, 0.75) (1.08, 0.70, 2.08) #fs:  17  -- #Conts: 76 G(76) 
  26011346 1765.65 || noQ Q (Avg,Max,Min) (1.28, 2.57, 1.00) (1.09, 0.79, 2.08) #fs:  16  -- #Conts: 77 G(77) 
  28413689 1749.88 || noQ Q (Avg,Max,Min) (1.35, 2.96, 1.08) (1.11, 0.92, 2.38) #fs:  11  -- #Conts: 63 H(7)  G(56) 
  28420985 1734.12 || noQ Q (Avg,Max,Min) (1.34, 2.96, 1.08) (1.12, 0.92, 2.38) #fs:  11  -- #Conts: 63 H(6)  G(57) 
  28422888 1718.35 || noQ Q (Avg,Max,Min) (1.33, 2.96, 1.08) (1.12, 0.92, 2.38) #fs:  11  -- #Conts: 63 H(5)  G(58) 
  28430418 1702.59 || noQ Q (Avg,Max,Min) (1.33, 2.95, 1.08) (1.13, 0.92, 2.38) #fs:  11  -- #Conts: 63 H(4)  G(59) 
  28443565 1686.82 || noQ Q (Avg,Max,Min) (1.32, 2.95, 1.08) (1.13, 0.92, 2.38) #fs:  11  -- #Conts: 63 H(3)  G(60) 
  28459440 1671.06 || noQ Q (Avg,Max,Min) (1.32, 2.94, 1.08) (1.14, 0.92, 2.38) #fs:  11  -- #Conts: 63 H(2)  G(61) 
  28487805 1655.29 || noQ Q (Avg,Max,Min) (1.31, 2.93, 1.08) (1.14, 0.92, 2.38) #fs:  11  -- #Conts: 63 H(1)  G(62) 
  30003881 1639.53 || noQ Q (Avg,Max,Min) (1.30, 2.57, 1.07) (1.13, 0.92, 2.08) #fs:  12  -- #Conts: 67 G(67) 
  31337651 1623.76 || noQ Q (Avg,Max,Min) (1.31, 2.57, 1.08) (1.14, 0.92, 2.08) #fs:  11  -- #Conts: 63 G(63) 
  43154261 1608.00 || noQ Q (Avg,Max,Min) (1.36, 2.93, 1.09) (1.20, 1.06, 2.38) #fs:   6  -- #Conts: 40 H(1)  G(39) 
  44976037 1592.24 || noQ Q (Avg,Max,Min) (1.41, 2.94, 1.10) (1.21, 0.96, 2.38) #fs:   3  -- #Conts: 34 H(2)  G(32) 
  45004402 1576.47 || noQ Q (Avg,Max,Min) (1.40, 2.93, 1.10) (1.22, 1.07, 2.38) #fs:   3  -- #Conts: 34 H(1)  G(33) 
  45285995 1560.71 || noQ Q (Avg,Max,Min) (1.40, 2.93, 1.12) (1.23, 1.07, 2.38) #fs:   3  -- #Conts: 34 H(1)  G(33) 
  47854248 1544.94 || noQ Q (Avg,Max,Min) (1.39, 2.57, 1.10) (1.22, 1.07, 2.08) #fs:   3  -- #Conts: 34 G(34) 
  48135841 1529.18 || noQ Q (Avg,Max,Min) (1.39, 2.57, 1.12) (1.22, 1.07, 2.08) #fs:   3  -- #Conts: 34 G(34) 
  53405448 1528.94 || noQ Q (Avg,Max,Min) (1.10, 1.76, 0.70) (1.05, 0.70, 1.68) #fs:  21  -- #Conts: 72 E(72) 
  53410469 1511.18 || noQ Q (Avg,Max,Min) (1.10, 1.76, 0.70) (1.06, 0.70, 1.68) #fs:  19  -- #Conts: 73 G(1)  E(72) 
  53410983 1508.82 || noQ Q (Avg,Max,Min) (1.10, 1.76, 0.70) (1.06, 0.70, 1.68) #fs:  20  -- #Conts: 73 E(73) 
  53424607 1491.06 || noQ Q (Avg,Max,Min) (1.11, 1.76, 0.70) (1.06, 0.70, 1.68) #fs:  18  -- #Conts: 74 G(1)  E(73) 
  53425121 1488.71 || noQ Q (Avg,Max,Min) (1.11, 1.76, 0.70) (1.06, 0.70, 1.68) #fs:  19  -- #Conts: 74 E(74) 
  53456569 1470.94 || noQ Q (Avg,Max,Min) (1.11, 1.76, 0.70) (1.07, 0.70, 1.68) #fs:  17  -- #Conts: 75 G(1)  E(74) 
  53457083 1468.59 || noQ Q (Avg,Max,Min) (1.11, 1.76, 0.70) (1.07, 0.70, 1.68) #fs:  18  -- #Conts: 75 E(75) 
  53494234 1450.82 || noQ Q (Avg,Max,Min) (1.12, 1.76, 0.71) (1.07, 0.71, 1.69) #fs:  16  -- #Conts: 76 G(1)  E(75) 
  53494748 1448.47 || noQ Q (Avg,Max,Min) (1.12, 1.76, 0.71) (1.07, 0.71, 1.69) #fs:  17  -- #Conts: 76 E(76) 
  53555284 1430.71 || noQ Q (Avg,Max,Min) (1.13, 1.76, 1.00) (1.08, 0.91, 1.69) #fs:  15  -- #Conts: 77 G(1)  E(76) 
  53555798 1428.35 || noQ Q (Avg,Max,Min) (1.12, 1.76, 1.00) (1.08, 0.91, 1.69) #fs:  16  -- #Conts: 77 E(77) 
  59617440 1424.00 || noQ Q (Avg,Max,Min) (1.12, 1.42, 1.00) (1.08, 0.91, 1.38) #fs:  14  -- #Conts: 76 G(1)  E(75) 
  59617954 1421.65 || noQ Q (Avg,Max,Min) (1.12, 1.42, 1.00) (1.08, 0.91, 1.38) #fs:  15  -- #Conts: 76 E(76) 
  62498490 1401.53 || noQ Q (Avg,Max,Min) (1.14, 1.76, 0.78) (1.10, 0.75, 1.69) #fs:   2  -- #Conts: 72 E(72) 
  62559540 1374.71 || noQ Q (Avg,Max,Min) (1.14, 1.76, 1.06) (1.10, 0.95, 1.69) #fs:   1  -- #Conts: 73 E(73) 
  68621696 1368.00 || noQ Q (Avg,Max,Min) (1.14, 1.42, 1.06) (1.10, 1.02, 1.38) #fs:   0  -- #Conts: 72 E(72) 
/////////////////size: 57
  16062556 3026.82 || noQ Q (Avg,Max,Min) (1.31, 2.09, 0.79) (0.75, 0.71, 1.86) #fs:  33  -- #Conts: 62 H(62) 
  16701264 3011.06 || noQ Q (Avg,Max,Min) (1.38, 6.64, 0.79) (0.82, 0.65, 5.72) #fs:  32  -- #Conts: 64 H(63)  G(1) 
  17318919 2979.53 || noQ Q (Avg,Max,Min) (1.14, 1.62, 0.49) (0.93, 0.39, 1.56) #fs:  29  -- #Conts: 67 H(22)  G(45) 
  17325890 2916.47 || noQ Q (Avg,Max,Min) (1.13, 1.62, 0.49) (0.95, 0.39, 1.56) #fs:  29  -- #Conts: 67 H(18)  G(49) 
  17331565 2884.94 || noQ Q (Avg,Max,Min) (1.13, 1.62, 0.49) (0.96, 0.39, 1.56) #fs:  28  -- #Conts: 68 H(17)  G(51) 
  17333036 2853.41 || noQ Q (Avg,Max,Min) (1.15, 2.77, 0.49) (0.97, 0.39, 2.64) #fs:  27  -- #Conts: 68 H(17)  G(51) 
  18049818 2821.88 || noQ Q (Avg,Max,Min) (1.17, 2.59, 0.49) (0.97, 0.39, 1.98) #fs:  25  -- #Conts: 70 H(19)  G(51) 
  18057310 2790.35 || noQ Q (Avg,Max,Min) (1.19, 2.59, 0.49) (0.97, 0.39, 1.98) #fs:  24  -- #Conts: 71 H(20)  G(51) 
  18063917 2758.82 || noQ Q (Avg,Max,Min) (1.20, 2.59, 0.49) (0.97, 0.39, 1.98) #fs:  23  -- #Conts: 72 H(21)  G(51) 
  18068947 2727.29 || noQ Q (Avg,Max,Min) (1.22, 2.59, 0.49) (0.98, 0.39, 1.98) #fs:  22  -- #Conts: 73 H(22)  G(51) 
  18079906 2695.76 || noQ Q (Avg,Max,Min) (1.23, 2.59, 0.48) (0.98, 0.39, 1.98) #fs:  18  -- #Conts: 77 H(22)  G(55) 
  18085104 2664.24 || noQ Q (Avg,Max,Min) (1.24, 2.59, 0.48) (0.98, 0.39, 1.98) #fs:  17  -- #Conts: 78 H(23)  G(55) 
  18090599 2601.18 || noQ Q (Avg,Max,Min) (1.26, 2.59, 0.48) (0.99, 0.39, 1.98) #fs:  16  -- #Conts: 79 H(24)  G(55) 
  18091963 2569.65 || noQ Q (Avg,Max,Min) (1.27, 3.47, 0.48) (1.00, 0.39, 2.38) #fs:  15  -- #Conts: 80 H(25)  G(55) 
  18093774 2506.59 || noQ Q (Avg,Max,Min) (1.29, 2.59, 0.48) (1.00, 0.39, 1.98) #fs:  14  -- #Conts: 81 H(26)  G(55) 
  18098620 2443.53 || noQ Q (Avg,Max,Min) (1.30, 1.90, 0.48) (1.00, 0.39, 1.30) #fs:  13  -- #Conts: 82 H(27)  G(55) 
  18106403 2412.00 || noQ Q (Avg,Max,Min) (1.31, 1.90, 0.48) (1.01, 0.39, 1.30) #fs:   8  -- #Conts: 87 H(26)  G(61) 
  18107141 2348.94 || noQ Q (Avg,Max,Min) (1.33, 1.90, 0.48) (1.01, 0.39, 1.59) #fs:   7  -- #Conts: 88 H(27)  G(61) 
  18111605 2285.88 || noQ Q (Avg,Max,Min) (1.34, 1.90, 0.48) (1.01, 0.39, 1.59) #fs:   6  -- #Conts: 89 H(28)  G(61) 
  18119383 2222.82 || noQ Q (Avg,Max,Min) (1.36, 1.90, 0.48) (1.02, 0.40, 1.59) #fs:   5  -- #Conts: 90 H(29)  G(61) 
  18128028 2159.76 || noQ Q (Avg,Max,Min) (1.37, 1.90, 0.49) (1.02, 0.40, 1.59) #fs:   4  -- #Conts: 91 H(30)  G(61) 
  18145547 2096.71 || noQ Q (Avg,Max,Min) (1.39, 1.90, 1.26) (1.03, 0.84, 1.59) #fs:   3  -- #Conts: 92 H(31)  G(61) 
  18165617 2080.94 || noQ Q (Avg,Max,Min) (1.39, 2.58, 1.26) (1.03, 0.84, 1.99) #fs:   1  -- #Conts: 94 H(32)  G(62) 
  19080309 2065.18 || noQ Q (Avg,Max,Min) (1.40, 2.63, 1.26) (1.03, 0.25, 2.62) #fs:   1  -- #Conts: 95 H(32)  G(63) 
  19373980 2033.65 || noQ Q (Avg,Max,Min) (1.38, 2.97, 1.15) (1.04, 0.84, 2.38) #fs:   1  -- #Conts: 94 H(29)  G(65) 
  19386612 2017.88 || noQ Q (Avg,Max,Min) (1.37, 2.96, 1.15) (1.05, 0.84, 2.38) #fs:   1  -- #Conts: 94 H(28)  G(66) 
  19394052 2002.12 || noQ Q (Avg,Max,Min) (1.37, 2.96, 1.15) (1.05, 0.84, 2.38) #fs:   1  -- #Conts: 94 H(27)  G(67) 
  19404070 1986.35 || noQ Q (Avg,Max,Min) (1.37, 2.96, 1.15) (1.06, 0.84, 2.38) #fs:   1  -- #Conts: 94 H(26)  G(68) 
  19417560 1939.06 || noQ Q (Avg,Max,Min) (1.35, 2.95, 1.15) (1.07, 0.84, 2.38) #fs:   1  -- #Conts: 94 H(23)  G(71) 
  19424856 1923.29 || noQ Q (Avg,Max,Min) (1.35, 2.95, 1.15) (1.07, 0.84, 2.38) #fs:   1  -- #Conts: 94 H(22)  G(72) 
  19426759 1907.53 || noQ Q (Avg,Max,Min) (1.35, 2.95, 1.15) (1.07, 0.84, 2.38) #fs:   1  -- #Conts: 94 H(21)  G(73) 
  19434289 1891.76 || noQ Q (Avg,Max,Min) (1.34, 2.95, 1.15) (1.08, 0.84, 2.38) #fs:   1  -- #Conts: 94 H(20)  G(74) 
  19448092 1876.00 || noQ Q (Avg,Max,Min) (1.34, 2.31, 1.26) (1.08, 0.84, 1.99) #fs:   1  -- #Conts: 94 H(19)  G(75) 
  19463967 1860.24 || noQ Q (Avg,Max,Min) (1.34, 2.31, 1.26) (1.08, 0.84, 1.99) #fs:   1  -- #Conts: 94 H(18)  G(76) 
  19492332 1844.47 || noQ Q (Avg,Max,Min) (1.33, 2.31, 1.26) (1.09, 0.84, 1.99) #fs:   1  -- #Conts: 94 H(17)  G(77) 
  19498490 1828.71 || noQ Q (Avg,Max,Min) (1.36, 5.58, 1.01) (1.10, 0.80, 3.09) #fs:   0  -- #Conts: 96 H(18)  G(78) 
  23271469 1782.82 || noQ Q (Avg,Max,Min) (1.26, 2.95, 1.12) (1.07, 0.84, 2.38) #fs:   1  -- #Conts: 90 H(21)  G(16)  E(53) 
  23278999 1767.06 || noQ Q (Avg,Max,Min) (1.26, 2.95, 1.12) (1.07, 0.84, 2.38) #fs:   1  -- #Conts: 90 H(20)  G(17)  E(53) 
  23288862 1764.71 || noQ Q (Avg,Max,Min) (1.26, 2.95, 1.12) (1.07, 0.84, 2.38) #fs:   1  -- #Conts: 90 H(20)  G(16)  E(54) 
  23292802 1751.29 || noQ Q (Avg,Max,Min) (1.25, 2.31, 1.12) (1.08, 0.84, 1.99) #fs:   1  -- #Conts: 90 H(19)  G(18)  E(53) 
  23302665 1748.94 || noQ Q (Avg,Max,Min) (1.25, 2.31, 1.12) (1.08, 0.84, 1.99) #fs:   1  -- #Conts: 90 H(19)  G(17)  E(54) 
  23308677 1735.53 || noQ Q (Avg,Max,Min) (1.25, 2.31, 1.12) (1.08, 0.84, 1.99) #fs:   1  -- #Conts: 90 H(18)  G(19)  E(53) 
  23318540 1733.18 || noQ Q (Avg,Max,Min) (1.25, 2.31, 1.12) (1.08, 0.84, 1.99) #fs:   1  -- #Conts: 90 H(18)  G(18)  E(54) 
  23325709 1726.12 || noQ Q (Avg,Max,Min) (1.24, 2.31, 1.12) (1.08, 0.84, 1.99) #fs:   1  -- #Conts: 92 H(18)  G(17)  E(57) 
  23337042 1719.76 || noQ Q (Avg,Max,Min) (1.25, 2.31, 1.12) (1.08, 0.84, 1.99) #fs:   1  -- #Conts: 90 H(17)  G(20)  E(53) 
  23343200 1704.00 || noQ Q (Avg,Max,Min) (1.28, 5.58, 1.01) (1.09, 0.80, 3.09) #fs:   0  -- #Conts: 92 H(18)  G(21)  E(53) 
  23353063 1701.65 || noQ Q (Avg,Max,Min) (1.28, 5.58, 1.01) (1.09, 0.80, 3.09) #fs:   0  -- #Conts: 92 H(18)  G(20)  E(54) 
  23360232 1694.59 || noQ Q (Avg,Max,Min) (1.28, 5.58, 1.01) (1.09, 0.80, 3.09) #fs:   0  -- #Conts: 94 H(18)  G(19)  E(57) 
  23371646 1689.88 || noQ Q (Avg,Max,Min) (1.27, 5.58, 1.01) (1.09, 0.80, 3.09) #fs:   0  -- #Conts: 96 H(18)  G(19)  E(59) 
  26138363 1646.12 || noQ Q (Avg,Max,Min) (1.32, 5.58, 1.01) (1.10, 0.80, 3.09) #fs:   0  -- #Conts: 96 H(2)  G(78)  E(16) 
  29863659 1598.59 || noQ Q (Avg,Max,Min) (1.22, 2.95, 0.99) (1.10, 0.87, 2.38) #fs:  15  -- #Conts: 72 H(4)  G(20)  E(48) 
  29873523 1596.24 || noQ Q (Avg,Max,Min) (1.22, 2.95, 0.99) (1.10, 0.88, 2.38) #fs:  16  -- #Conts: 71 H(4)  G(19)  E(48) 
  29877462 1582.82 || noQ Q (Avg,Max,Min) (1.22, 2.31, 0.99) (1.10, 0.87, 1.99) #fs:  15  -- #Conts: 72 H(3)  G(21)  E(48) 
  29887326 1580.47 || noQ Q (Avg,Max,Min) (1.22, 2.31, 0.99) (1.10, 0.91, 1.99) #fs:  16  -- #Conts: 71 H(3)  G(20)  E(48) 
  29893337 1567.06 || noQ Q (Avg,Max,Min) (1.22, 2.31, 0.99) (1.10, 0.87, 1.99) #fs:  15  -- #Conts: 72 H(2)  G(22)  E(48) 
  29903201 1564.71 || noQ Q (Avg,Max,Min) (1.21, 2.31, 0.99) (1.10, 0.91, 1.99) #fs:  16  -- #Conts: 71 H(2)  G(21)  E(48) 
  29914597 1562.35 || noQ Q (Avg,Max,Min) (1.21, 2.31, 0.99) (1.10, 0.91, 1.99) #fs:  16  -- #Conts: 72 H(2)  G(21)  E(49) 
  29921702 1551.29 || noQ Q (Avg,Max,Min) (1.21, 2.31, 0.99) (1.11, 0.87, 1.99) #fs:  15  -- #Conts: 72 H(1)  G(23)  E(48) 
  29927860 1535.53 || noQ Q (Avg,Max,Min) (1.26, 5.58, 0.99) (1.12, 0.80, 3.09) #fs:  14  -- #Conts: 74 H(2)  G(24)  E(48) 
  29937724 1533.18 || noQ Q (Avg,Max,Min) (1.25, 5.58, 0.99) (1.12, 0.80, 3.09) #fs:  15  -- #Conts: 73 H(2)  G(23)  E(48) 
  29949120 1530.82 || noQ Q (Avg,Max,Min) (1.25, 5.58, 0.99) (1.12, 0.80, 3.09) #fs:  15  -- #Conts: 74 H(2)  G(23)  E(49) 
  29959356 1528.47 || noQ Q (Avg,Max,Min) (1.25, 5.58, 0.99) (1.12, 0.80, 3.09) #fs:  12  -- #Conts: 77 H(2)  G(22)  E(53) 
  29995272 1526.12 || noQ Q (Avg,Max,Min) (1.25, 5.58, 0.99) (1.12, 0.80, 3.09) #fs:  15  -- #Conts: 75 H(2)  G(22)  E(51) 
  29998568 1523.76 || noQ Q (Avg,Max,Min) (1.24, 5.58, 0.98) (1.12, 0.80, 3.09) #fs:  12  -- #Conts: 79 H(2)  G(22)  E(55) 
  30004598 1521.41 || noQ Q (Avg,Max,Min) (1.24, 5.58, 0.98) (1.12, 0.80, 3.09) #fs:  15  -- #Conts: 77 H(2)  G(22)  E(53) 
  34727917 1503.65 || noQ Q (Avg,Max,Min) (1.23, 4.29, 0.99) (1.12, 0.80, 3.17) #fs:  12  -- #Conts: 78 H(1)  G(23)  E(54) 
  34763833 1501.29 || noQ Q (Avg,Max,Min) (1.23, 4.29, 0.99) (1.12, 0.80, 3.17) #fs:  15  -- #Conts: 76 H(1)  G(23)  E(52) 
  34767129 1498.94 || noQ Q (Avg,Max,Min) (1.23, 4.29, 0.98) (1.12, 0.80, 3.17) #fs:  12  -- #Conts: 80 H(1)  G(23)  E(56) 
  34773159 1496.59 || noQ Q (Avg,Max,Min) (1.23, 4.29, 0.98) (1.12, 0.80, 3.17) #fs:  15  -- #Conts: 78 H(1)  G(23)  E(54) 
  36614657 1480.47 || noQ Q (Avg,Max,Min) (1.20, 3.67, 0.98) (1.12, 0.80, 3.49) #fs:  15  -- #Conts: 77 H(1)  G(19)  E(57) 
  36629361 1478.12 || noQ Q (Avg,Max,Min) (1.20, 3.67, 0.98) (1.12, 0.80, 3.49) #fs:  15  -- #Conts: 77 H(1)  G(18)  E(58) 
  38667224 1453.18 || noQ Q (Avg,Max,Min) (1.25, 5.58, 1.01) (1.14, 0.80, 3.09) #fs:   1  -- #Conts: 77 H(2)  G(16)  E(58)  C(1) 
  38733234 1453.06 || noQ Q (Avg,Max,Min) (1.25, 5.58, 1.01) (1.14, 0.80, 3.09) #fs:   0  -- #Conts: 79 H(2)  G(16)  E(59)  C(2) 
  43435785 1428.35 || noQ Q (Avg,Max,Min) (1.24, 4.29, 1.01) (1.14, 0.80, 3.17) #fs:   1  -- #Conts: 78 H(1)  G(17)  E(59)  C(1) 
  43501795 1428.24 || noQ Q (Avg,Max,Min) (1.23, 4.29, 1.01) (1.14, 0.80, 3.17) #fs:   0  -- #Conts: 80 H(1)  G(17)  E(60)  C(2) 
  46075271 1426.82 || noQ Q (Avg,Max,Min) (1.21, 2.57, 1.00) (1.12, 0.89, 2.08) #fs:   1  -- #Conts: 78 G(17)  E(59)  C(2) 
  46146360 1425.41 || noQ Q (Avg,Max,Min) (1.21, 2.57, 1.00) (1.12, 0.91, 2.08) #fs:   1  -- #Conts: 78 G(17)  E(59)  C(2) 
  47093950 1414.35 || noQ Q (Avg,Max,Min) (1.20, 5.58, 1.00) (1.12, 0.89, 3.09) #fs:   0  -- #Conts: 79 H(1)  G(5)  E(71)  C(2) 
  47125256 1412.00 || noQ Q (Avg,Max,Min) (1.20, 5.58, 1.00) (1.12, 0.89, 3.09) #fs:   0  -- #Conts: 79 H(1)  G(4)  E(72)  C(2) 
  47162921 1409.65 || noQ Q (Avg,Max,Min) (1.20, 5.58, 1.00) (1.12, 0.89, 3.09) #fs:   0  -- #Conts: 79 H(1)  G(3)  E(73)  C(2) 
  47223971 1407.29 || noQ Q (Avg,Max,Min) (1.19, 5.58, 1.00) (1.12, 0.89, 3.09) #fs:   0  -- #Conts: 79 H(1)  G(2)  E(74)  C(2) 
  47295060 1405.88 || noQ Q (Avg,Max,Min) (1.19, 5.58, 1.00) (1.12, 0.91, 3.09) #fs:   0  -- #Conts: 79 H(1)  G(2)  E(74)  C(2) 
  51862511 1389.53 || noQ Q (Avg,Max,Min) (1.19, 4.29, 1.00) (1.12, 0.89, 3.17) #fs:   0  -- #Conts: 80 G(6)  E(72)  C(2) 
  51893817 1387.18 || noQ Q (Avg,Max,Min) (1.19, 4.29, 1.00) (1.12, 0.89, 3.17) #fs:   0  -- #Conts: 80 G(5)  E(73)  C(2) 
  51931482 1384.82 || noQ Q (Avg,Max,Min) (1.18, 4.29, 1.00) (1.12, 0.89, 3.17) #fs:   0  -- #Conts: 80 G(4)  E(74)  C(2) 
  51992532 1382.47 || noQ Q (Avg,Max,Min) (1.18, 4.29, 1.00) (1.12, 0.89, 3.17) #fs:   0  -- #Conts: 80 G(3)  E(75)  C(2) 
  52063621 1381.06 || noQ Q (Avg,Max,Min) (1.18, 4.29, 1.00) (1.12, 0.91, 3.17) #fs:   0  -- #Conts: 80 G(3)  E(75)  C(2) 
  58662884 1377.76 || noQ Q (Avg,Max,Min) (1.15, 2.18, 1.00) (1.10, 0.89, 1.87) #fs:   0  -- #Conts: 79 G(2)  E(75)  C(2) 
  58733973 1376.35 || noQ Q (Avg,Max,Min) (1.15, 2.18, 1.00) (1.10, 0.91, 1.87) #fs:   0  -- #Conts: 79 G(2)  E(75)  C(2) 
  60251064 1375.06 || noQ Q (Avg,Max,Min) (1.15, 2.29, 1.00) (1.10, 0.69, 2.25) #fs:   0  -- #Conts: 80 G(2)  E(75)  C(3) 
  60322153 1373.65 || noQ Q (Avg,Max,Min) (1.15, 2.29, 1.00) (1.10, 0.69, 2.25) #fs:   0  -- #Conts: 80 G(2)  E(75)  C(3) 
  67679996 1372.65 || noQ Q (Avg,Max,Min) (1.15, 2.29, 1.00) (1.11, 0.91, 2.25) #fs:   0  -- #Conts: 80 G(2)  A(1)  E(75)  C(2) 
  72113534 1370.82 || noQ Q (Avg,Max,Min) (1.15, 2.29, 1.00) (1.11, 0.69, 2.25) #fs:   0  -- #Conts: 77 G(2)  E(72)  C(3) 
  76252319 1370.12 || noQ Q (Avg,Max,Min) (1.16, 2.29, 1.05) (1.11, 0.69, 2.25) #fs:   1  -- #Conts: 69 G(1)  E(66)  C(2) 
  79471377 1369.82 || noQ Q (Avg,Max,Min) (1.15, 2.29, 1.00) (1.11, 0.91, 2.25) #fs:   0  -- #Conts: 77 G(2)  A(1)  E(72)  C(2) 
  83610162 1369.12 || noQ Q (Avg,Max,Min) (1.16, 2.29, 1.04) (1.11, 0.91, 2.25) #fs:   1  -- #Conts: 69 G(1)  A(1)  E(66)  C(1) 
/////////////////size: 96
nodes 100 edges 234
 mulT: 5000 mulD: 10000  sumData GB 18485
pareto /MONTAGE.n.100.0.dax time -> 24975.0
moheft /MONTAGE.n.100.0.dax time -> 51079.0
distance from M to C 0.3670343140359041
distance from P to C 23.97699486738624
distance from C to M 0.44265212525050873
distance from C to P 19.059158680588006
toCompare: /MONTAGE.n.100.0.dax sumDataGB: 18485 mulT: 5000 mulD: 10000 paretoOptTime_MS: 24975.0 MoheftOptimizationTime_MS: 51079.0 MtoC 0.3670343140359041 PtoC 23.97699486738624 CtoM 0.44265212525050873 CtoP 19.059158680588006
