specify -Dflow d,b,mt,md,size
Running /home/vaggelis/jc/MONTAGE.n.100.0.dax mt 1000 md: 10000 size null
   7979676 1261.18 || noQ Q (Avg,Max,Min) (2.96, 4.85, 1.37) (0.76, 0.32, 3.09) #fs:  10  -- #Conts: 35 H(35) 
   8122907 1166.59 || noQ Q (Avg,Max,Min) (2.90, 4.73, 1.34) (0.81, 0.32, 3.09) #fs:   9  -- #Conts: 32 H(32) 
   8172513 1135.06 || noQ Q (Avg,Max,Min) (2.89, 4.65, 1.31) (0.84, 0.32, 3.09) #fs:   9  -- #Conts: 31 H(31) 
   8193787 1103.53 || noQ Q (Avg,Max,Min) (2.87, 4.63, 1.30) (0.87, 0.32, 3.09) #fs:  10  -- #Conts: 30 H(30) 
   8203182 1072.00 || noQ Q (Avg,Max,Min) (2.86, 4.62, 1.30) (0.90, 0.32, 3.09) #fs:  10  -- #Conts: 29 H(29) 
   8226435 1024.71 || noQ Q (Avg,Max,Min) (2.84, 4.60, 1.29) (0.93, 0.32, 3.09) #fs:   9  -- #Conts: 28 H(27)  G(1) 
   8228601 993.18 || noQ Q (Avg,Max,Min) (2.83, 4.60, 1.28) (0.97, 0.32, 3.09) #fs:   9  -- #Conts: 27 H(26)  G(1) 
   8271094 961.65 || noQ Q (Avg,Max,Min) (2.79, 4.58, 1.26) (1.01, 0.32, 3.09) #fs:   8  -- #Conts: 26 H(25)  G(1) 
   8301018 930.12 || noQ Q (Avg,Max,Min) (2.79, 4.54, 1.26) (1.05, 0.32, 3.09) #fs:   9  -- #Conts: 25 H(24)  G(1) 
   8305141 898.59 || noQ Q (Avg,Max,Min) (2.78, 4.54, 1.25) (1.09, 0.32, 3.09) #fs:   9  -- #Conts: 24 H(23)  G(1) 
   8318623 867.06 || noQ Q (Avg,Max,Min) (2.78, 4.53, 1.25) (1.14, 0.33, 3.09) #fs:   9  -- #Conts: 23 H(22)  G(1) 
   8322847 835.53 || noQ Q (Avg,Max,Min) (2.77, 4.53, 1.25) (1.19, 0.65, 3.08) #fs:   9  -- #Conts: 22 H(21)  G(1) 
   8325313 819.76 || noQ Q (Avg,Max,Min) (2.79, 4.75, 1.25) (1.22, 0.65, 3.25) #fs:  10  -- #Conts: 21 H(21) 
   8332254 788.24 || noQ Q (Avg,Max,Min) (2.74, 4.76, 1.25) (1.28, 0.65, 3.25) #fs:  11  -- #Conts: 20 H(20) 
   8433850 756.71 || noQ Q (Avg,Max,Min) (2.73, 4.66, 1.63) (1.34, 0.65, 3.25) #fs:   9  -- #Conts: 19 H(19) 
   8536462 725.18 || noQ Q (Avg,Max,Min) (2.74, 4.57, 1.57) (1.39, 0.65, 3.25) #fs:   9  -- #Conts: 18 H(18) 
   8678018 630.59 || noQ Q (Avg,Max,Min) (2.65, 4.67, 1.50) (1.65, 0.98, 3.41) #fs:  10  -- #Conts: 15 H(15) 
   8690554 599.06 || noQ Q (Avg,Max,Min) (2.65, 4.65, 1.73) (1.78, 1.32, 3.41) #fs:  11  -- #Conts: 14 H(14) 
   9041169 536.00 || noQ Q (Avg,Max,Min) (2.59, 4.41, 1.93) (2.07, 1.09, 3.74) #fs:  10  -- #Conts: 11 H(11) 
   9326455 504.47 || noQ Q (Avg,Max,Min) (2.69, 4.22, 1.93) (2.15, 1.31, 3.74) #fs:   9  -- #Conts: 11 H(11) 
   9941233 441.41 || noQ Q (Avg,Max,Min) (2.89, 5.12, 1.73) (2.48, 1.64, 4.97) #fs:   5  -- #Conts: 9 H(9) 
  12207515 425.65 || noQ Q (Avg,Max,Min) (1.92, 2.92, 1.41) (1.64, 1.11, 2.47) #fs:  10  -- #Conts: 12 G(12) 
  12212368 409.88 || noQ Q (Avg,Max,Min) (2.00, 2.99, 1.41) (1.69, 1.11, 2.53) #fs:   9  -- #Conts: 12 G(12) 
  12220916 394.12 || noQ Q (Avg,Max,Min) (2.08, 2.83, 1.68) (1.75, 1.48, 2.40) #fs:   8  -- #Conts: 12 G(12) 
  12803898 378.35 || noQ Q (Avg,Max,Min) (2.03, 2.97, 1.62) (1.84, 1.43, 2.64) #fs:   8  -- #Conts: 11 G(11) 
  19056724 375.53 || noQ Q (Avg,Max,Min) (1.34, 2.01, 1.07) (1.17, 0.89, 1.77) #fs:  18  -- #Conts: 20 E(20) 
  19079395 362.12 || noQ Q (Avg,Max,Min) (1.37, 2.43, 1.07) (1.22, 0.89, 2.36) #fs:  16  -- #Conts: 20 E(20) 
  79690512 359.00 || noQ Q (Avg,Max,Min) (1.04, 1.51, 0.48) (1.02, 0.48, 1.37) #fs:   8  -- #Conts: 82 A(82) 
  79697094 351.00 || noQ Q (Avg,Max,Min) (1.05, 1.51, 0.48) (1.03, 0.48, 1.37) #fs:   7  -- #Conts: 83 A(83) 
  79712021 343.00 || noQ Q (Avg,Max,Min) (1.06, 1.51, 0.48) (1.03, 0.48, 1.37) #fs:   6  -- #Conts: 84 A(84) 
  79791457 329.00 || noQ Q (Avg,Max,Min) (1.07, 1.51, 0.48) (1.04, 0.48, 1.37) #fs:   4  -- #Conts: 86 A(86) 
  79849973 322.00 || noQ Q (Avg,Max,Min) (1.08, 1.51, 0.49) (1.05, 0.49, 1.38) #fs:   3  -- #Conts: 87 A(87) 
  79942300 315.00 || noQ Q (Avg,Max,Min) (1.09, 1.50, 1.01) (1.05, 0.86, 1.38) #fs:   2  -- #Conts: 88 A(88) 
  90221838 312.00 || noQ Q (Avg,Max,Min) (1.09, 1.43, 1.03) (1.06, 0.88, 1.42) #fs:   2  -- #Conts: 85 A(85) 
 100311759 310.00 || noQ Q (Avg,Max,Min) (1.08, 1.21, 1.03) (1.06, 0.97, 1.20) #fs:   1  -- #Conts: 84 A(84) 
/////////////////size: 35
   9141819 1246.59 || noQ Q (Avg,Max,Min) (1.99, 5.02, 1.00) (0.69, 0.32, 3.17) #fs:  24  -- #Conts: 61 H(26)  G(11)  E(20)  C(4) 
   9350464 1199.29 || noQ Q (Avg,Max,Min) (1.90, 4.20, 1.00) (0.69, 0.32, 3.50) #fs:  24  -- #Conts: 61 H(23)  G(14)  E(20)  C(4) 
   9353601 1192.59 || noQ Q (Avg,Max,Min) (1.88, 4.63, 1.00) (0.70, 0.32, 3.09) #fs:  25  -- #Conts: 60 H(23)  G(14)  E(19)  C(4) 
   9367139 1170.12 || noQ Q (Avg,Max,Min) (1.87, 4.62, 1.00) (0.71, 0.32, 3.09) #fs:  25  -- #Conts: 59 H(22)  G(15)  E(18)  C(4) 
   9368377 1140.94 || noQ Q (Avg,Max,Min) (1.86, 4.62, 1.00) (0.73, 0.32, 3.09) #fs:  25  -- #Conts: 57 H(21)  G(16)  E(16)  C(4) 
   9368875 1077.88 || noQ Q (Avg,Max,Min) (1.82, 4.19, 1.00) (0.74, 0.33, 3.50) #fs:  24  -- #Conts: 56 H(18)  G(18)  E(16)  C(4) 
   9370935 1062.12 || noQ Q (Avg,Max,Min) (1.79, 4.62, 1.00) (0.76, 0.33, 3.09) #fs:  25  -- #Conts: 55 H(18)  G(17)  E(16)  C(4) 
   9372915 987.29 || noQ Q (Avg,Max,Min) (1.72, 4.19, 1.00) (0.77, 0.39, 3.50) #fs:  23  -- #Conts: 55 H(14)  G(20)  E(16)  C(5) 
   9378864 971.53 || noQ Q (Avg,Max,Min) (1.77, 7.61, 1.00) (0.83, 0.39, 5.84) #fs:  23  -- #Conts: 55 H(15)  G(19)  E(16)  C(5) 
   9381491 969.18 || noQ Q (Avg,Max,Min) (1.86, 7.60, 1.00) (0.81, 0.40, 5.84) #fs:  21  -- #Conts: 57 H(14)  G(20)  E(18)  C(5) 
   9445777 937.65 || noQ Q (Avg,Max,Min) (1.79, 7.44, 1.00) (0.82, 0.40, 5.84) #fs:  21  -- #Conts: 56 H(13)  G(20)  E(18)  C(5) 
   9628569 919.53 || noQ Q (Avg,Max,Min) (1.86, 5.43, 1.00) (0.78, 0.39, 3.08) #fs:  20  -- #Conts: 56 H(11)  G(20)  E(20)  C(5) 
   9628743 897.06 || noQ Q (Avg,Max,Min) (1.77, 7.01, 1.00) (0.83, 0.39, 5.84) #fs:  21  -- #Conts: 56 H(11)  G(21)  E(19)  C(5) 
   9629225 888.00 || noQ Q (Avg,Max,Min) (1.83, 7.01, 1.00) (0.83, 0.39, 5.84) #fs:  20  -- #Conts: 56 H(11)  G(20)  E(20)  C(5) 
   9633388 856.47 || noQ Q (Avg,Max,Min) (1.75, 7.00, 1.00) (0.85, 0.39, 5.84) #fs:  21  -- #Conts: 55 H(10)  G(20)  E(20)  C(5) 
   9642738 838.35 || noQ Q (Avg,Max,Min) (1.87, 5.37, 0.96) (0.76, 0.39, 3.09) #fs:  20  -- #Conts: 55 H(5)  G(26)  E(19)  C(5) 
   9643394 806.82 || noQ Q (Avg,Max,Min) (1.84, 7.00, 0.96) (0.82, 0.39, 5.84) #fs:  20  -- #Conts: 55 H(5)  G(26)  E(19)  C(5) 
   9644787 800.12 || noQ Q (Avg,Max,Min) (1.82, 6.99, 0.96) (0.83, 0.39, 5.84) #fs:  20  -- #Conts: 55 H(5)  G(26)  E(19)  C(5) 
   9649226 793.41 || noQ Q (Avg,Max,Min) (1.75, 4.39, 0.96) (0.80, 0.39, 3.09) #fs:  21  -- #Conts: 54 H(4)  G(26)  E(19)  C(5) 
   9652262 782.00 || noQ Q (Avg,Max,Min) (2.15, 23.89, 0.96) (0.81, 0.39, 5.30) #fs:  20  -- #Conts: 55 H(3)  G(28)  E(19)  C(5) 
   9652304 775.29 || noQ Q (Avg,Max,Min) (2.14, 23.89, 0.96) (0.83, 0.39, 5.30) #fs:  20  -- #Conts: 55 H(3)  G(28)  E(19)  C(5) 
   9652715 768.59 || noQ Q (Avg,Max,Min) (2.12, 23.89, 0.96) (0.84, 0.39, 5.30) #fs:  20  -- #Conts: 55 H(3)  G(28)  E(19)  C(5) 
   9655205 761.88 || noQ Q (Avg,Max,Min) (1.75, 4.51, 0.96) (0.81, 0.39, 3.17) #fs:  21  -- #Conts: 54 H(2)  G(28)  E(19)  C(5) 
   9656780 755.18 || noQ Q (Avg,Max,Min) (1.74, 4.51, 1.00) (0.82, 0.39, 3.17) #fs:  21  -- #Conts: 54 H(2)  G(28)  E(19)  C(5) 
   9663113 739.41 || noQ Q (Avg,Max,Min) (1.74, 4.50, 1.00) (0.82, 0.39, 3.17) #fs:  21  -- #Conts: 54 H(1)  G(29)  E(19)  C(5) 
   9710708 707.88 || noQ Q (Avg,Max,Min) (1.68, 3.84, 1.00) (0.84, 0.39, 3.40) #fs:  21  -- #Conts: 52 H(1)  G(27)  E(19)  C(5) 
   9777745 701.18 || noQ Q (Avg,Max,Min) (1.65, 3.80, 1.00) (0.86, 0.39, 3.40) #fs:  23  -- #Conts: 51 H(1)  G(27)  E(18)  C(5) 
  10239326 664.59 || noQ Q (Avg,Max,Min) (1.90, 6.99, 0.89) (0.98, 0.54, 5.84) #fs:  16  -- #Conts: 47 H(5)  G(14)  E(12)  C(16) 
  10240719 626.35 || noQ Q (Avg,Max,Min) (1.79, 6.99, 0.89) (1.02, 0.54, 5.84) #fs:  17  -- #Conts: 46 H(4)  G(14)  E(12)  C(16) 
  10243559 610.59 || noQ Q (Avg,Max,Min) (1.77, 6.98, 0.89) (1.04, 0.54, 5.84) #fs:  18  -- #Conts: 46 H(4)  G(14)  E(12)  C(16) 
  10245814 603.88 || noQ Q (Avg,Max,Min) (1.76, 6.98, 0.89) (1.05, 0.54, 5.84) #fs:  18  -- #Conts: 46 H(4)  G(14)  E(12)  C(16) 
  10246225 597.18 || noQ Q (Avg,Max,Min) (1.74, 6.98, 0.89) (1.06, 0.54, 5.84) #fs:  18  -- #Conts: 46 H(4)  G(14)  E(12)  C(16) 
  10248715 565.65 || noQ Q (Avg,Max,Min) (1.64, 6.97, 0.89) (1.09, 0.54, 5.84) #fs:  19  -- #Conts: 45 H(3)  G(14)  E(12)  C(16) 
  10250946 549.88 || noQ Q (Avg,Max,Min) (1.57, 5.31, 0.89) (1.03, 0.54, 3.83) #fs:  19  -- #Conts: 44 H(2)  G(14)  E(12)  C(16) 
  10252934 534.12 || noQ Q (Avg,Max,Min) (1.48, 4.00, 0.89) (1.04, 0.61, 3.83) #fs:  19  -- #Conts: 43 H(1)  G(14)  E(12)  C(16) 
  10398535 530.12 || noQ Q (Avg,Max,Min) (1.47, 3.50, 0.89) (1.06, 0.61, 3.43) #fs:  21  -- #Conts: 43 H(1)  G(15)  E(12)  C(15) 
  10402145 523.41 || noQ Q (Avg,Max,Min) (1.48, 3.50, 0.89) (1.08, 0.61, 3.43) #fs:  21  -- #Conts: 42 H(1)  G(15)  E(11)  C(15) 
  10829653 502.59 || noQ Q (Avg,Max,Min) (1.53, 6.68, 0.89) (1.13, 0.61, 6.68) #fs:  20  -- #Conts: 44 H(1)  G(15)  E(12)  C(16) 
  10840100 498.59 || noQ Q (Avg,Max,Min) (1.54, 6.68, 0.89) (1.14, 0.61, 6.68) #fs:  20  -- #Conts: 43 H(1)  G(15)  E(12)  C(15) 
  10843710 491.88 || noQ Q (Avg,Max,Min) (1.55, 6.68, 0.89) (1.17, 0.61, 6.68) #fs:  20  -- #Conts: 42 H(1)  G(15)  E(11)  C(15) 
  12203038 466.82 || noQ Q (Avg,Max,Min) (1.48, 5.34, 0.80) (0.94, 0.67, 3.82) #fs:   9  -- #Conts: 67 H(1)  G(2)  E(13)  C(51) 
  12221799 464.12 || noQ Q (Avg,Max,Min) (1.48, 5.34, 1.00) (0.94, 0.71, 3.82) #fs:   8  -- #Conts: 68 H(1)  G(2)  E(13)  C(52) 
  12273118 460.12 || noQ Q (Avg,Max,Min) (1.49, 5.34, 1.00) (0.94, 0.71, 3.82) #fs:   8  -- #Conts: 67 H(1)  G(2)  E(13)  C(51) 
  12792834 455.06 || noQ Q (Avg,Max,Min) (1.47, 2.93, 1.00) (0.92, 0.71, 2.60) #fs:   8  -- #Conts: 69 H(1)  G(2)  E(14)  C(52) 
  12820997 425.18 || noQ Q (Avg,Max,Min) (1.41, 5.46, 1.00) (0.97, 0.71, 4.36) #fs:  10  -- #Conts: 61 H(1)  G(2)  E(6)  C(52) 
  13273596 422.82 || noQ Q (Avg,Max,Min) (1.42, 3.25, 0.93) (0.95, 0.71, 2.88) #fs:  10  -- #Conts: 63 H(1)  G(2)  E(9)  C(51) 
  13382155 416.12 || noQ Q (Avg,Max,Min) (1.40, 3.25, 0.94) (0.96, 0.71, 2.88) #fs:  10  -- #Conts: 62 H(1)  G(2)  E(7)  C(52) 
  13573099 412.12 || noQ Q (Avg,Max,Min) (1.41, 3.47, 1.00) (0.97, 0.71, 3.42) #fs:   9  -- #Conts: 62 H(1)  G(2)  E(7)  C(52) 
  13579064 409.41 || noQ Q (Avg,Max,Min) (1.39, 3.47, 1.00) (0.97, 0.71, 3.42) #fs:  10  -- #Conts: 61 H(1)  G(2)  E(6)  C(52) 
  13629435 408.82 || noQ Q (Avg,Max,Min) (1.38, 3.93, 0.96) (0.96, 0.82, 3.49) #fs:  23  -- #Conts: 66 G(2)  E(5)  C(59) 
  14387835 398.00 || noQ Q (Avg,Max,Min) (1.30, 3.51, 0.96) (0.97, 0.88, 3.49) #fs:  27  -- #Conts: 62 G(2)  E(1)  C(59) 
  16102474 391.65 || noQ Q (Avg,Max,Min) (1.38, 6.92, 0.96) (1.01, 0.83, 5.93) #fs:  25  -- #Conts: 64 G(2)  E(3)  C(59) 
  16105649 388.94 || noQ Q (Avg,Max,Min) (1.37, 6.92, 0.96) (1.02, 0.88, 5.93) #fs:  26  -- #Conts: 63 G(2)  E(2)  C(59) 
  16396483 387.65 || noQ Q (Avg,Max,Min) (1.32, 6.92, 0.99) (1.05, 0.88, 5.93) #fs:  26  -- #Conts: 62 G(2)  E(3)  C(57) 
  20990994 385.18 || noQ Q (Avg,Max,Min) (1.38, 2.00, 0.99) (0.98, 0.88, 1.76) #fs:  14  -- #Conts: 75 G(1)  E(2)  C(72) 
  21432857 362.24 || noQ Q (Avg,Max,Min) (1.35, 5.08, 0.99) (1.16, 0.90, 4.36) #fs:  13  -- #Conts: 48 H(1)  G(1)  A(18)  E(2)  C(26) 
  21508343 362.00 || noQ Q (Avg,Max,Min) (1.37, 5.02, 0.99) (1.19, 0.90, 4.36) #fs:  13  -- #Conts: 45 H(1)  G(2)  A(18)  E(2)  C(22) 
  21954017 359.41 || noQ Q (Avg,Max,Min) (1.43, 4.92, 0.99) (1.20, 0.83, 3.65) #fs:  13  -- #Conts: 44 H(1)  G(3)  A(18)  E(4)  C(18) 
  21963209 356.71 || noQ Q (Avg,Max,Min) (1.42, 4.91, 0.99) (1.21, 0.83, 3.65) #fs:  13  -- #Conts: 44 H(1)  G(3)  A(18)  E(3)  C(19) 
  21972650 354.00 || noQ Q (Avg,Max,Min) (1.40, 4.90, 0.99) (1.21, 0.90, 3.65) #fs:  13  -- #Conts: 44 H(1)  G(3)  A(18)  E(2)  C(20) 
  21986935 346.24 || noQ Q (Avg,Max,Min) (1.38, 5.31, 0.99) (1.20, 0.90, 3.96) #fs:  13  -- #Conts: 45 H(1)  G(2)  A(18)  E(2)  C(22) 
  22353194 345.18 || noQ Q (Avg,Max,Min) (1.59, 14.36, 0.99) (1.24, 0.90, 5.46) #fs:  12  -- #Conts: 48 H(1)  G(2)  A(18)  E(3)  C(24) 
  22496034 334.47 || noQ Q (Avg,Max,Min) (1.31, 5.69, 1.08) (1.15, 1.04, 4.26) #fs:   7  -- #Conts: 60 G(3)  A(34)  E(2)  C(21) 
  24213848 333.41 || noQ Q (Avg,Max,Min) (1.38, 6.92, 1.08) (1.19, 1.04, 5.93) #fs:   6  -- #Conts: 63 G(3)  A(34)  E(3)  C(23) 
  24230058 328.35 || noQ Q (Avg,Max,Min) (1.30, 3.83, 1.08) (1.14, 1.04, 3.80) #fs:   7  -- #Conts: 63 G(2)  A(34)  E(3)  C(24) 
  24891957 325.41 || noQ Q (Avg,Max,Min) (1.37, 6.92, 1.08) (1.21, 1.04, 5.93) #fs:   6  -- #Conts: 61 G(3)  A(34)  E(3)  C(21) 
  35851233 319.41 || noQ Q (Avg,Max,Min) (1.24, 6.92, 1.00) (1.12, 0.99, 5.93) #fs:   1  -- #Conts: 93 A(66)  E(2)  C(25) 
  35889679 318.41 || noQ Q (Avg,Max,Min) (1.23, 6.92, 1.00) (1.12, 0.99, 5.93) #fs:   1  -- #Conts: 93 A(67)  E(2)  C(24) 
  35928422 317.41 || noQ Q (Avg,Max,Min) (1.22, 6.92, 1.00) (1.13, 0.99, 5.93) #fs:   1  -- #Conts: 92 A(68)  E(2)  C(22) 
  35931597 316.41 || noQ Q (Avg,Max,Min) (1.22, 6.92, 1.00) (1.13, 0.99, 5.93) #fs:   1  -- #Conts: 93 A(69)  E(2)  C(22) 
  35938179 315.41 || noQ Q (Avg,Max,Min) (1.21, 6.92, 1.00) (1.13, 0.99, 5.93) #fs:   1  -- #Conts: 93 A(70)  E(2)  C(21) 
  35953106 314.41 || noQ Q (Avg,Max,Min) (1.21, 6.92, 1.00) (1.13, 0.99, 5.93) #fs:   1  -- #Conts: 93 A(71)  E(2)  C(20) 
  35962116 313.41 || noQ Q (Avg,Max,Min) (1.20, 6.92, 1.00) (1.13, 0.99, 5.93) #fs:   1  -- #Conts: 93 A(72)  E(2)  C(19) 
/////////////////size: 73
nodes 100 edges 234
 mulT: 1000 mulD: 10000  sumData GB 18485
pareto /MONTAGE.n.100.0.dax time -> 15443.0
moheft /MONTAGE.n.100.0.dax time -> 31511.0
distance from M to C 28.416126248053214
distance from P to C 4.521211023082349
distance from C to M 25.54064054120325
distance from C to P 9.777493606138123
toCompare: /MONTAGE.n.100.0.dax sumDataGB: 18485 mulT: 1000 mulD: 10000 paretoOptTime_MS: 15443.0 MoheftOptimizationTime_MS: 31511.0 MtoC 28.416126248053214 PtoC 4.521211023082349 CtoM 25.54064054120325 CtoP 9.777493606138123
