specify -Dflow d,b,mt,md,size
Running /home/vaggelis/jc/MONTAGE.n.100.0.dax mt 5000 md: 1000 size null
  13139254 3026.82 || noQ Q (Avg,Max,Min) (0.96, 1.05, 0.67) (0.54, 0.51, 0.83) #fs:  31  -- #Conts: 62 H(62) 
  13139504 2995.29 || noQ Q (Avg,Max,Min) (0.96, 1.05, 0.67) (0.54, 0.51, 0.83) #fs:  31  -- #Conts: 62 H(62) 
  14641166 2270.12 || noQ Q (Avg,Max,Min) (0.92, 1.03, 0.58) (0.80, 0.56, 0.99) #fs:  31  -- #Conts: 60 H(16)  G(44) 
  14770471 2238.59 || noQ Q (Avg,Max,Min) (0.92, 1.03, 0.57) (0.81, 0.56, 1.00) #fs:  30  -- #Conts: 58 H(16)  G(42) 
  14812686 2207.06 || noQ Q (Avg,Max,Min) (0.93, 1.03, 0.58) (0.81, 0.57, 0.99) #fs:  30  -- #Conts: 56 H(16)  G(40) 
  14821459 2175.53 || noQ Q (Avg,Max,Min) (0.93, 1.13, 0.57) (0.81, 0.57, 0.93) #fs:  31  -- #Conts: 54 H(16)  G(38) 
  14829162 2159.76 || noQ Q (Avg,Max,Min) (0.93, 1.03, 0.58) (0.82, 0.56, 1.00) #fs:  30  -- #Conts: 53 H(16)  G(37) 
  14836107 2144.00 || noQ Q (Avg,Max,Min) (0.93, 1.03, 0.58) (0.82, 0.57, 1.00) #fs:  30  -- #Conts: 52 H(16)  G(36) 
  14854346 2128.24 || noQ Q (Avg,Max,Min) (0.93, 1.05, 0.57) (0.82, 0.57, 1.03) #fs:  31  -- #Conts: 50 H(17)  G(33) 
  14854390 2112.47 || noQ Q (Avg,Max,Min) (0.93, 1.05, 0.58) (0.83, 0.57, 1.03) #fs:  31  -- #Conts: 49 H(17)  G(32) 
  14858400 2096.71 || noQ Q (Avg,Max,Min) (0.93, 1.05, 0.58) (0.83, 0.57, 1.03) #fs:  31  -- #Conts: 48 H(17)  G(31) 
  14859454 2080.94 || noQ Q (Avg,Max,Min) (0.93, 1.05, 0.58) (0.83, 0.57, 1.03) #fs:  31  -- #Conts: 47 H(17)  G(30) 
  14867059 2049.41 || noQ Q (Avg,Max,Min) (0.93, 1.05, 0.74) (0.84, 0.73, 1.04) #fs:  31  -- #Conts: 43 H(19)  G(24) 
  22295901 1797.18 || noQ Q (Avg,Max,Min) (0.99, 1.05, 0.67) (0.86, 0.57, 1.00) #fs:  22  -- #Conts: 69 G(69) 
  22297204 1765.65 || noQ Q (Avg,Max,Min) (0.99, 1.18, 0.67) (0.86, 0.57, 1.11) #fs:  21  -- #Conts: 70 G(70) 
  22298453 1734.12 || noQ Q (Avg,Max,Min) (1.00, 1.18, 0.67) (0.87, 0.57, 1.11) #fs:  20  -- #Conts: 71 G(71) 
  22301839 1702.59 || noQ Q (Avg,Max,Min) (1.00, 1.18, 0.67) (0.88, 0.57, 1.11) #fs:  19  -- #Conts: 72 G(72) 
  22304633 1671.06 || noQ Q (Avg,Max,Min) (1.01, 1.18, 0.67) (0.88, 0.57, 1.11) #fs:  18  -- #Conts: 73 G(73) 
  22310527 1639.53 || noQ Q (Avg,Max,Min) (1.01, 1.18, 0.67) (0.89, 0.57, 1.11) #fs:  17  -- #Conts: 74 G(74) 
  22324927 1608.00 || noQ Q (Avg,Max,Min) (1.02, 1.18, 0.68) (0.89, 0.57, 1.11) #fs:  16  -- #Conts: 75 G(75) 
  22342138 1576.47 || noQ Q (Avg,Max,Min) (1.02, 1.18, 0.68) (0.90, 0.58, 1.11) #fs:  15  -- #Conts: 76 G(76) 
  22368408 1544.94 || noQ Q (Avg,Max,Min) (1.03, 1.18, 1.00) (0.91, 0.78, 1.11) #fs:  14  -- #Conts: 77 G(77) 
  49864693 1475.29 || noQ Q (Avg,Max,Min) (1.00, 1.02, 0.67) (0.95, 0.64, 1.01) #fs:  13  -- #Conts: 74 E(74) 
  49883909 1461.88 || noQ Q (Avg,Max,Min) (1.00, 1.08, 0.67) (0.95, 0.64, 1.01) #fs:  12  -- #Conts: 75 E(75) 
  49885262 1441.76 || noQ Q (Avg,Max,Min) (1.01, 1.08, 0.68) (0.95, 0.64, 1.01) #fs:  11  -- #Conts: 76 E(76) 
  49944217 1421.65 || noQ Q (Avg,Max,Min) (1.01, 1.08, 1.00) (0.96, 0.87, 1.02) #fs:  10  -- #Conts: 77 E(77) 
  50300451 1410.94 || noQ Q (Avg,Max,Min) (1.01, 1.02, 0.74) (0.97, 0.69, 1.01) #fs:   2  -- #Conts: 70 G(1)  E(69) 
  50359406 1384.12 || noQ Q (Avg,Max,Min) (1.01, 1.02, 0.85) (0.98, 0.83, 1.02) #fs:   1  -- #Conts: 71 G(1)  E(70) 
  58948473 1368.00 || noQ Q (Avg,Max,Min) (1.01, 1.08, 1.01) (0.98, 0.95, 1.02) #fs:   1  -- #Conts: 71 E(71) 
/////////////////size: 29
  13137336 2995.29 || noQ Q (Avg,Max,Min) (0.96, 1.05, 0.68) (0.54, 0.51, 0.83) #fs:  31  -- #Conts: 62 H(62) 
  14321313 2916.47 || noQ Q (Avg,Max,Min) (0.94, 1.05, 0.60) (0.57, 0.51, 0.87) #fs:  32  -- #Conts: 62 H(57)  G(5) 
  14331440 2884.94 || noQ Q (Avg,Max,Min) (0.94, 1.05, 0.42) (0.59, 0.40, 0.87) #fs:  31  -- #Conts: 63 H(54)  G(9) 
  14342399 2774.59 || noQ Q (Avg,Max,Min) (0.93, 1.05, 0.42) (0.63, 0.40, 0.89) #fs:  32  -- #Conts: 63 H(47)  G(16) 
  14364037 2695.76 || noQ Q (Avg,Max,Min) (0.93, 1.05, 0.42) (0.68, 0.39, 0.89) #fs:  28  -- #Conts: 67 H(38)  G(29) 
  14364169 2680.00 || noQ Q (Avg,Max,Min) (0.93, 1.05, 0.42) (0.68, 0.39, 0.89) #fs:  28  -- #Conts: 67 H(37)  G(30) 
  14364812 2664.24 || noQ Q (Avg,Max,Min) (0.93, 1.05, 0.42) (0.69, 0.39, 0.89) #fs:  28  -- #Conts: 67 H(36)  G(31) 
  14371524 2648.47 || noQ Q (Avg,Max,Min) (0.93, 1.05, 0.42) (0.69, 0.39, 0.89) #fs:  28  -- #Conts: 67 H(35)  G(32) 
  14371834 2632.71 || noQ Q (Avg,Max,Min) (0.93, 1.05, 0.42) (0.70, 0.39, 0.89) #fs:  28  -- #Conts: 67 H(34)  G(33) 
  14372470 2616.94 || noQ Q (Avg,Max,Min) (0.93, 1.05, 0.42) (0.70, 0.39, 0.89) #fs:  28  -- #Conts: 67 H(33)  G(34) 
  14377601 2585.41 || noQ Q (Avg,Max,Min) (0.93, 1.09, 0.42) (0.71, 0.39, 0.89) #fs:  27  -- #Conts: 68 H(32)  G(36) 
  14379973 2569.65 || noQ Q (Avg,Max,Min) (0.93, 1.09, 0.42) (0.72, 0.39, 0.89) #fs:  27  -- #Conts: 68 H(31)  G(37) 
  14380068 2553.88 || noQ Q (Avg,Max,Min) (0.93, 1.09, 0.42) (0.72, 0.39, 0.89) #fs:  27  -- #Conts: 68 H(30)  G(38) 
  14380609 2538.12 || noQ Q (Avg,Max,Min) (0.93, 1.09, 0.42) (0.73, 0.39, 0.89) #fs:  27  -- #Conts: 68 H(29)  G(39) 
  14386869 2490.82 || noQ Q (Avg,Max,Min) (0.92, 1.05, 0.42) (0.75, 0.39, 0.89) #fs:  28  -- #Conts: 67 H(25)  G(42) 
  14389413 2475.06 || noQ Q (Avg,Max,Min) (0.93, 1.09, 0.42) (0.75, 0.39, 0.89) #fs:  27  -- #Conts: 68 H(25)  G(43) 
  14391037 2459.29 || noQ Q (Avg,Max,Min) (0.93, 1.09, 0.42) (0.76, 0.39, 0.89) #fs:  27  -- #Conts: 68 H(24)  G(44) 
  14392402 2443.53 || noQ Q (Avg,Max,Min) (0.93, 1.09, 0.42) (0.76, 0.39, 0.89) #fs:  27  -- #Conts: 68 H(23)  G(45) 
  14394952 2427.76 || noQ Q (Avg,Max,Min) (0.93, 1.09, 0.42) (0.77, 0.39, 0.89) #fs:  27  -- #Conts: 68 H(22)  G(46) 
  14403982 2396.24 || noQ Q (Avg,Max,Min) (0.93, 1.09, 0.42) (0.78, 0.39, 0.89) #fs:  27  -- #Conts: 68 H(18)  G(50) 
  14404083 2380.47 || noQ Q (Avg,Max,Min) (0.93, 1.09, 0.42) (0.79, 0.39, 0.89) #fs:  27  -- #Conts: 68 H(17)  G(51) 
  14445034 2317.41 || noQ Q (Avg,Max,Min) (0.96, 1.31, 0.41) (0.79, 0.39, 1.08) #fs:  19  -- #Conts: 76 H(21)  G(55) 
  14453324 2285.88 || noQ Q (Avg,Max,Min) (0.97, 1.30, 0.41) (0.79, 0.39, 1.08) #fs:  18  -- #Conts: 77 H(22)  G(55) 
  14455505 2254.35 || noQ Q (Avg,Max,Min) (0.97, 1.30, 0.41) (0.79, 0.39, 1.08) #fs:  19  -- #Conts: 76 H(21)  G(55) 
  14457094 2222.82 || noQ Q (Avg,Max,Min) (0.99, 1.31, 0.41) (0.79, 0.39, 1.08) #fs:  16  -- #Conts: 79 H(24)  G(55) 
  14461485 2207.06 || noQ Q (Avg,Max,Min) (0.99, 1.31, 0.41) (0.79, 0.39, 1.08) #fs:  10  -- #Conts: 85 H(25)  G(60) 
  14464581 2191.29 || noQ Q (Avg,Max,Min) (1.00, 1.09, 0.41) (0.78, 0.39, 0.89) #fs:  10  -- #Conts: 85 H(26)  G(59) 
  14464978 2175.53 || noQ Q (Avg,Max,Min) (1.01, 1.09, 0.41) (0.78, 0.39, 0.89) #fs:   8  -- #Conts: 87 H(27)  G(60) 
  14482928 2128.24 || noQ Q (Avg,Max,Min) (1.01, 1.30, 0.42) (0.79, 0.40, 1.08) #fs:   9  -- #Conts: 86 H(27)  G(59) 
  14483325 2112.47 || noQ Q (Avg,Max,Min) (1.02, 1.30, 0.42) (0.79, 0.40, 1.08) #fs:   7  -- #Conts: 88 H(28)  G(60) 
  14497675 2096.71 || noQ Q (Avg,Max,Min) (1.02, 1.30, 0.42) (0.79, 0.40, 1.09) #fs:   5  -- #Conts: 90 H(29)  G(61) 
  14498683 2080.94 || noQ Q (Avg,Max,Min) (1.03, 1.30, 0.42) (0.79, 0.40, 1.09) #fs:   6  -- #Conts: 89 H(29)  G(60) 
  14503098 2065.18 || noQ Q (Avg,Max,Min) (1.03, 1.30, 0.61) (0.79, 0.54, 1.09) #fs:   7  -- #Conts: 88 H(29)  G(59) 
  14503495 2049.41 || noQ Q (Avg,Max,Min) (1.03, 1.30, 0.61) (0.79, 0.54, 1.09) #fs:   5  -- #Conts: 90 H(30)  G(60) 
  14517911 2033.65 || noQ Q (Avg,Max,Min) (1.04, 1.30, 0.88) (0.79, 0.54, 1.09) #fs:   3  -- #Conts: 92 H(31)  G(61) 
  15723902 2017.88 || noQ Q (Avg,Max,Min) (1.04, 1.09, 0.88) (0.80, 0.54, 0.90) #fs:   3  -- #Conts: 92 H(28)  G(64) 
  15738184 2002.12 || noQ Q (Avg,Max,Min) (1.03, 1.09, 0.88) (0.80, 0.54, 0.90) #fs:   3  -- #Conts: 92 H(27)  G(65) 
  15744135 1986.35 || noQ Q (Avg,Max,Min) (1.03, 1.09, 0.88) (0.81, 0.55, 0.90) #fs:   3  -- #Conts: 92 H(26)  G(66) 
  15755553 1970.59 || noQ Q (Avg,Max,Min) (1.03, 1.09, 0.88) (0.81, 0.55, 0.91) #fs:   3  -- #Conts: 92 H(25)  G(67) 
  15766998 1954.82 || noQ Q (Avg,Max,Min) (1.03, 1.09, 0.88) (0.81, 0.55, 0.91) #fs:   3  -- #Conts: 92 H(24)  G(68) 
  15767316 1939.06 || noQ Q (Avg,Max,Min) (1.03, 1.09, 0.88) (0.82, 0.55, 0.91) #fs:   3  -- #Conts: 92 H(23)  G(69) 
  15769868 1923.29 || noQ Q (Avg,Max,Min) (1.03, 1.09, 0.88) (0.82, 0.55, 0.91) #fs:   3  -- #Conts: 92 H(22)  G(70) 
  15773254 1907.53 || noQ Q (Avg,Max,Min) (1.03, 1.09, 0.88) (0.83, 0.55, 0.91) #fs:   3  -- #Conts: 92 H(21)  G(71) 
  15776048 1891.76 || noQ Q (Avg,Max,Min) (1.03, 1.09, 0.88) (0.83, 0.55, 0.91) #fs:   3  -- #Conts: 92 H(20)  G(72) 
  15782008 1876.00 || noQ Q (Avg,Max,Min) (1.03, 1.09, 0.88) (0.83, 0.56, 0.91) #fs:   3  -- #Conts: 92 H(19)  G(73) 
  15839889 1828.71 || noQ Q (Avg,Max,Min) (1.03, 1.05, 0.95) (0.84, 0.64, 0.93) #fs:   3  -- #Conts: 92 H(16)  G(76) 
  19623643 1780.47 || noQ Q (Avg,Max,Min) (1.03, 1.09, 1.01) (0.88, 0.55, 0.99) #fs:   1  -- #Conts: 90 H(23)  G(13)  E(54) 
  19627029 1764.71 || noQ Q (Avg,Max,Min) (1.03, 1.09, 1.01) (0.88, 0.55, 0.99) #fs:   1  -- #Conts: 90 H(22)  G(14)  E(54) 
  19629823 1748.94 || noQ Q (Avg,Max,Min) (1.03, 1.09, 1.01) (0.88, 0.55, 0.99) #fs:   1  -- #Conts: 90 H(21)  G(15)  E(54) 
  19635783 1733.18 || noQ Q (Avg,Max,Min) (1.02, 1.09, 1.01) (0.89, 0.55, 0.99) #fs:   1  -- #Conts: 90 H(20)  G(16)  E(54) 
  19642328 1730.82 || noQ Q (Avg,Max,Min) (1.02, 1.09, 1.01) (0.89, 0.55, 0.99) #fs:   1  -- #Conts: 91 H(20)  G(16)  E(55) 
  19648067 1728.47 || noQ Q (Avg,Max,Min) (1.02, 1.09, 1.01) (0.89, 0.55, 0.99) #fs:   1  -- #Conts: 91 H(20)  G(15)  E(56) 
  19650117 1717.41 || noQ Q (Avg,Max,Min) (1.02, 1.09, 1.01) (0.89, 0.56, 0.99) #fs:   1  -- #Conts: 90 H(19)  G(17)  E(54) 
  19656662 1715.06 || noQ Q (Avg,Max,Min) (1.02, 1.09, 1.01) (0.89, 0.56, 0.99) #fs:   1  -- #Conts: 91 H(19)  G(17)  E(55) 
  19662401 1712.71 || noQ Q (Avg,Max,Min) (1.02, 1.09, 1.01) (0.89, 0.56, 0.99) #fs:   1  -- #Conts: 91 H(19)  G(16)  E(56) 
  19667196 1708.00 || noQ Q (Avg,Max,Min) (1.02, 1.09, 1.01) (0.90, 0.56, 0.99) #fs:   1  -- #Conts: 92 H(19)  G(15)  E(58) 
  19667328 1701.65 || noQ Q (Avg,Max,Min) (1.02, 1.09, 1.01) (0.90, 0.56, 0.99) #fs:   1  -- #Conts: 90 H(18)  G(18)  E(54) 
  19673873 1699.29 || noQ Q (Avg,Max,Min) (1.02, 1.09, 1.01) (0.90, 0.56, 0.99) #fs:   1  -- #Conts: 91 H(18)  G(18)  E(55) 
  19679612 1696.94 || noQ Q (Avg,Max,Min) (1.02, 1.09, 1.01) (0.90, 0.56, 0.99) #fs:   1  -- #Conts: 91 H(18)  G(17)  E(56) 
  19684407 1692.24 || noQ Q (Avg,Max,Min) (1.02, 1.09, 1.01) (0.90, 0.56, 0.99) #fs:   1  -- #Conts: 92 H(18)  G(16)  E(58) 
  19689901 1689.88 || noQ Q (Avg,Max,Min) (1.02, 1.09, 1.01) (0.90, 0.56, 0.99) #fs:   1  -- #Conts: 93 H(18)  G(16)  E(59) 
  19693598 1685.88 || noQ Q (Avg,Max,Min) (1.02, 1.05, 1.01) (0.90, 0.64, 0.99) #fs:   1  -- #Conts: 90 H(17)  G(19)  E(54) 
  19700143 1683.53 || noQ Q (Avg,Max,Min) (1.02, 1.05, 1.01) (0.90, 0.64, 0.99) #fs:   1  -- #Conts: 91 H(17)  G(19)  E(55) 
  20342243 1681.18 || noQ Q (Avg,Max,Min) (1.03, 1.56, 1.00) (0.90, 0.64, 1.35) #fs:   1  -- #Conts: 93 H(18)  G(19)  E(56) 
  20347038 1676.47 || noQ Q (Avg,Max,Min) (1.03, 1.56, 1.00) (0.90, 0.64, 1.35) #fs:   1  -- #Conts: 94 H(18)  G(18)  E(58) 
  20352532 1674.12 || noQ Q (Avg,Max,Min) (1.03, 1.56, 1.00) (0.90, 0.64, 1.35) #fs:   1  -- #Conts: 95 H(18)  G(18)  E(59) 
  20358692 1671.76 || noQ Q (Avg,Max,Min) (1.03, 1.56, 1.00) (0.91, 0.64, 1.35) #fs:   1  -- #Conts: 96 H(18)  G(18)  E(60) 
  22472798 1646.12 || noQ Q (Avg,Max,Min) (1.03, 1.09, 1.01) (0.87, 0.56, 0.99) #fs:   1  -- #Conts: 94 H(2)  G(76)  E(16) 
  22499068 1630.35 || noQ Q (Avg,Max,Min) (1.03, 1.05, 1.01) (0.87, 0.80, 0.99) #fs:   1  -- #Conts: 94 H(1)  G(77)  E(16) 
  26250975 1597.88 || noQ Q (Avg,Max,Min) (1.02, 1.09, 0.98) (0.90, 0.55, 0.99) #fs:   9  -- #Conts: 77 H(7)  G(13)  E(57) 
  26252558 1595.53 || noQ Q (Avg,Max,Min) (1.02, 1.09, 0.98) (0.90, 0.55, 0.99) #fs:  10  -- #Conts: 78 H(7)  G(13)  E(58) 
  26254361 1582.12 || noQ Q (Avg,Max,Min) (1.02, 1.09, 0.98) (0.91, 0.55, 0.99) #fs:   9  -- #Conts: 77 H(6)  G(14)  E(57) 
  26255944 1579.76 || noQ Q (Avg,Max,Min) (1.02, 1.09, 0.98) (0.91, 0.55, 0.99) #fs:  10  -- #Conts: 78 H(6)  G(14)  E(58) 
  26257155 1566.35 || noQ Q (Avg,Max,Min) (1.02, 1.09, 0.98) (0.91, 0.55, 0.99) #fs:   9  -- #Conts: 77 H(5)  G(15)  E(57) 
  26258738 1564.00 || noQ Q (Avg,Max,Min) (1.02, 1.09, 0.98) (0.91, 0.55, 0.99) #fs:  10  -- #Conts: 78 H(5)  G(15)  E(58) 
  26263115 1550.59 || noQ Q (Avg,Max,Min) (1.02, 1.09, 0.98) (0.92, 0.55, 0.99) #fs:   9  -- #Conts: 77 H(4)  G(16)  E(57) 
  26264698 1548.24 || noQ Q (Avg,Max,Min) (1.02, 1.09, 0.98) (0.92, 0.55, 0.99) #fs:  10  -- #Conts: 78 H(4)  G(16)  E(58) 
  26269298 1545.88 || noQ Q (Avg,Max,Min) (1.02, 1.09, 0.98) (0.92, 0.55, 0.99) #fs:  13  -- #Conts: 75 H(4)  G(15)  E(56) 
  26277449 1534.82 || noQ Q (Avg,Max,Min) (1.02, 1.09, 0.98) (0.92, 0.56, 0.99) #fs:   9  -- #Conts: 77 H(3)  G(17)  E(57) 
  26279032 1532.47 || noQ Q (Avg,Max,Min) (1.02, 1.09, 0.98) (0.92, 0.56, 0.99) #fs:  10  -- #Conts: 78 H(3)  G(17)  E(58) 
  26283632 1530.12 || noQ Q (Avg,Max,Min) (1.02, 1.09, 0.98) (0.92, 0.56, 0.99) #fs:  13  -- #Conts: 75 H(3)  G(16)  E(56) 
  26294660 1519.06 || noQ Q (Avg,Max,Min) (1.02, 1.09, 0.98) (0.93, 0.56, 0.99) #fs:   9  -- #Conts: 77 H(2)  G(18)  E(57) 
  26296243 1516.71 || noQ Q (Avg,Max,Min) (1.02, 1.09, 0.98) (0.93, 0.56, 0.99) #fs:  10  -- #Conts: 78 H(2)  G(18)  E(58) 
  26300843 1514.35 || noQ Q (Avg,Max,Min) (1.02, 1.09, 0.98) (0.93, 0.56, 0.99) #fs:  13  -- #Conts: 75 H(2)  G(17)  E(56) 
  26320930 1503.29 || noQ Q (Avg,Max,Min) (1.02, 1.05, 0.98) (0.93, 0.82, 0.99) #fs:   9  -- #Conts: 77 H(1)  G(19)  E(57) 
  26322513 1500.94 || noQ Q (Avg,Max,Min) (1.02, 1.05, 0.98) (0.93, 0.82, 0.99) #fs:  10  -- #Conts: 78 H(1)  G(19)  E(58) 
  26327113 1498.59 || noQ Q (Avg,Max,Min) (1.02, 1.05, 0.98) (0.93, 0.87, 0.99) #fs:  13  -- #Conts: 75 H(1)  G(18)  E(56) 
  26984683 1496.24 || noQ Q (Avg,Max,Min) (1.02, 1.56, 0.98) (0.93, 0.69, 1.35) #fs:  10  -- #Conts: 81 H(2)  G(19)  E(60) 
  26985013 1493.88 || noQ Q (Avg,Max,Min) (1.02, 1.56, 0.98) (0.94, 0.69, 1.35) #fs:  13  -- #Conts: 78 H(2)  G(18)  E(58) 
  26991858 1491.53 || noQ Q (Avg,Max,Min) (1.02, 1.56, 0.98) (0.94, 0.69, 1.35) #fs:  12  -- #Conts: 79 H(2)  G(18)  E(59) 
  27003233 1489.18 || noQ Q (Avg,Max,Min) (1.02, 1.56, 0.98) (0.94, 0.69, 1.35) #fs:  12  -- #Conts: 80 H(2)  G(18)  E(60) 
  29198168 1480.47 || noQ Q (Avg,Max,Min) (1.02, 1.18, 0.98) (0.93, 0.79, 1.11) #fs:  10  -- #Conts: 80 H(1)  G(19)  E(60) 
  29198498 1478.12 || noQ Q (Avg,Max,Min) (1.02, 1.18, 0.98) (0.94, 0.79, 1.11) #fs:  13  -- #Conts: 77 H(1)  G(18)  E(58) 
  29205343 1475.76 || noQ Q (Avg,Max,Min) (1.02, 1.18, 0.98) (0.94, 0.79, 1.11) #fs:  12  -- #Conts: 78 H(1)  G(18)  E(59) 
  29216718 1473.41 || noQ Q (Avg,Max,Min) (1.02, 1.18, 0.98) (0.94, 0.79, 1.11) #fs:  12  -- #Conts: 79 H(1)  G(18)  E(60) 
  32986514 1464.00 || noQ Q (Avg,Max,Min) (1.02, 1.27, 0.98) (0.94, 0.79, 1.20) #fs:  11  -- #Conts: 80 H(1)  G(15)  E(64) 
  32999729 1461.65 || noQ Q (Avg,Max,Min) (1.02, 1.27, 0.98) (0.94, 0.79, 1.20) #fs:  11  -- #Conts: 80 H(1)  G(14)  E(65) 
  33025674 1459.29 || noQ Q (Avg,Max,Min) (1.02, 1.27, 0.98) (0.94, 0.79, 1.20) #fs:  11  -- #Conts: 80 H(1)  G(13)  E(66) 
  37728038 1457.76 || noQ Q (Avg,Max,Min) (1.02, 1.19, 1.00) (0.94, 0.10, 1.06) #fs:   3  -- #Conts: 76 H(2)  G(17)  E(55)  C(2) 
  37756368 1455.41 || noQ Q (Avg,Max,Min) (1.02, 1.19, 1.00) (0.94, 0.10, 1.06) #fs:   3  -- #Conts: 78 H(2)  G(17)  E(57)  C(2) 
  37768077 1453.06 || noQ Q (Avg,Max,Min) (1.02, 1.19, 1.00) (0.94, 0.10, 1.06) #fs:   5  -- #Conts: 76 H(2)  G(16)  E(56)  C(2) 
  37855810 1430.94 || noQ Q (Avg,Max,Min) (1.02, 1.18, 1.00) (0.95, 0.79, 1.11) #fs:   1  -- #Conts: 75 H(1)  G(18)  E(54)  C(2) 
  37862442 1428.59 || noQ Q (Avg,Max,Min) (1.02, 1.18, 1.00) (0.95, 0.79, 1.11) #fs:   1  -- #Conts: 75 H(1)  G(18)  E(54)  C(2) 
  37888416 1426.24 || noQ Q (Avg,Max,Min) (1.02, 1.18, 1.00) (0.95, 0.79, 1.11) #fs:   3  -- #Conts: 75 H(1)  G(17)  E(55)  C(2) 
  37916746 1423.88 || noQ Q (Avg,Max,Min) (1.02, 1.18, 1.00) (0.95, 0.79, 1.11) #fs:   3  -- #Conts: 77 H(1)  G(17)  E(57)  C(2) 
  37928455 1421.53 || noQ Q (Avg,Max,Min) (1.02, 1.18, 1.00) (0.95, 0.79, 1.11) #fs:   5  -- #Conts: 75 H(1)  G(16)  E(56)  C(2) 
  41698251 1412.12 || noQ Q (Avg,Max,Min) (1.02, 1.27, 1.00) (0.96, 0.79, 1.20) #fs:   4  -- #Conts: 76 H(1)  G(13)  E(60)  C(2) 
  41711466 1409.76 || noQ Q (Avg,Max,Min) (1.02, 1.27, 1.00) (0.96, 0.79, 1.20) #fs:   4  -- #Conts: 76 H(1)  G(12)  E(61)  C(2) 
  44953626 1409.65 || noQ Q (Avg,Max,Min) (1.02, 1.46, 1.00) (0.97, 0.81, 1.01) #fs:   4  -- #Conts: 75 H(1)  G(2)  E(70)  C(2) 
  45012581 1407.29 || noQ Q (Avg,Max,Min) (1.02, 1.46, 1.00) (0.97, 0.81, 1.02) #fs:   4  -- #Conts: 75 H(1)  G(1)  E(71)  C(2) 
  45090719 1405.88 || noQ Q (Avg,Max,Min) (1.02, 1.46, 1.00) (0.97, 0.81, 1.02) #fs:   4  -- #Conts: 73 H(1)  G(1)  E(69)  C(2) 
  49371067 1398.59 || noQ Q (Avg,Max,Min) (1.03, 1.72, 1.00) (0.98, 0.85, 1.19) #fs:   4  -- #Conts: 76 H(1)  G(5)  E(68)  C(2) 
  49403560 1396.24 || noQ Q (Avg,Max,Min) (1.03, 1.72, 1.00) (0.98, 0.85, 1.19) #fs:   4  -- #Conts: 76 H(1)  G(4)  E(69)  C(2) 
  49442561 1393.88 || noQ Q (Avg,Max,Min) (1.03, 1.72, 1.00) (0.98, 0.85, 1.19) #fs:   4  -- #Conts: 76 H(1)  G(3)  E(70)  C(2) 
  49501516 1391.53 || noQ Q (Avg,Max,Min) (1.03, 1.72, 1.00) (0.98, 0.85, 1.19) #fs:   4  -- #Conts: 76 H(1)  G(2)  E(71)  C(2) 
  49579654 1390.12 || noQ Q (Avg,Max,Min) (1.03, 1.72, 1.00) (0.98, 0.90, 1.19) #fs:   4  -- #Conts: 74 H(1)  G(2)  E(69)  C(2) 
  49636429 1389.53 || noQ Q (Avg,Max,Min) (1.02, 1.33, 1.00) (0.97, 0.85, 1.00) #fs:   5  -- #Conts: 75 G(5)  E(68)  C(2) 
  49649587 1387.18 || noQ Q (Avg,Max,Min) (1.02, 1.33, 1.00) (0.97, 0.85, 1.00) #fs:   5  -- #Conts: 75 G(4)  E(69)  C(2) 
  49682146 1384.82 || noQ Q (Avg,Max,Min) (1.02, 1.33, 1.00) (0.97, 0.85, 1.01) #fs:   5  -- #Conts: 75 G(3)  E(70)  C(2) 
  49721147 1382.47 || noQ Q (Avg,Max,Min) (1.02, 1.33, 1.00) (0.97, 0.85, 1.01) #fs:   5  -- #Conts: 75 G(2)  E(71)  C(2) 
  49799285 1381.06 || noQ Q (Avg,Max,Min) (1.02, 1.33, 1.00) (0.97, 0.90, 1.01) #fs:   5  -- #Conts: 73 G(2)  E(69)  C(2) 
  56348033 1380.12 || noQ Q (Avg,Max,Min) (1.02, 1.62, 1.00) (0.98, 0.85, 1.24) #fs:   5  -- #Conts: 76 G(2)  E(72)  C(2) 
  56392539 1377.76 || noQ Q (Avg,Max,Min) (1.01, 1.08, 1.00) (0.97, 0.85, 1.01) #fs:   5  -- #Conts: 74 G(1)  E(71)  C(2) 
  56470677 1376.35 || noQ Q (Avg,Max,Min) (1.01, 1.08, 1.00) (0.97, 0.90, 1.01) #fs:   5  -- #Conts: 72 G(1)  E(69)  C(2) 
  57363553 1375.06 || noQ Q (Avg,Max,Min) (1.01, 1.09, 1.00) (0.97, 0.60, 1.08) #fs:   5  -- #Conts: 75 G(1)  E(71)  C(3) 
  57441691 1373.65 || noQ Q (Avg,Max,Min) (1.01, 1.09, 1.00) (0.97, 0.60, 1.08) #fs:   5  -- #Conts: 73 G(1)  E(69)  C(3) 
  64799534 1372.65 || noQ Q (Avg,Max,Min) (1.01, 1.09, 1.00) (0.97, 0.88, 1.08) #fs:   5  -- #Conts: 73 G(1)  A(1)  E(69)  C(2) 
  69214359 1370.82 || noQ Q (Avg,Max,Min) (1.01, 1.09, 1.00) (0.97, 0.60, 1.08) #fs:   5  -- #Conts: 74 G(1)  E(70)  C(3) 
  71944039 1370.12 || noQ Q (Avg,Max,Min) (1.01, 1.05, 1.00) (0.97, 0.60, 1.04) #fs:   3  -- #Conts: 66 G(1)  E(63)  C(2) 
  76572202 1369.82 || noQ Q (Avg,Max,Min) (1.01, 1.09, 1.00) (0.98, 0.88, 1.08) #fs:   5  -- #Conts: 74 G(1)  A(1)  E(70)  C(2) 
  79301882 1369.12 || noQ Q (Avg,Max,Min) (1.01, 1.05, 1.00) (0.97, 0.88, 1.04) #fs:   3  -- #Conts: 66 G(1)  A(1)  E(63)  C(1) 
/////////////////size: 131
nodes 100 edges 234
 mulT: 5000 mulD: 1000  sumData GB 1848
pareto /MONTAGE.n.100.0.dax time -> 58980.0
moheft /MONTAGE.n.100.0.dax time -> 41533.0
distance from M to C 1.7197635494902757
distance from P to C 11.020294671061098
distance from C to M 1.5112993630043352
distance from C to P 14.985129415591496
toCompare: /MONTAGE.n.100.0.dax sumDataGB: 1848 mulT: 5000 mulD: 1000 paretoOptTime_MS: 58980.0 MoheftOptimizationTime_MS: 41533.0 MtoC 1.7197635494902757 PtoC 11.020294671061098 CtoM 1.5112993630043352 CtoP 14.985129415591496
