specify -Dflow d,b,mt,md,size
Running /home/vaggelis/jc/MONTAGE.n.100.0.dax mt 10000 md: 5000 size null
  27243618 5044.71 || noQ Q (Avg,Max,Min) (1.01, 1.12, 0.68) (0.85, 0.56, 1.11) #fs:  31  -- #Conts: 62 H(62) 
  27251950 5013.18 || noQ Q (Avg,Max,Min) (1.02, 1.43, 0.68) (0.86, 0.56, 1.24) #fs:  30  -- #Conts: 62 H(62) 
  27460614 4950.12 || noQ Q (Avg,Max,Min) (1.03, 1.74, 0.68) (0.87, 0.56, 1.49) #fs:  29  -- #Conts: 63 H(63) 
  27493536 4918.59 || noQ Q (Avg,Max,Min) (1.03, 1.22, 0.68) (0.87, 0.56, 1.21) #fs:  29  -- #Conts: 63 H(63) 
  27493864 4887.06 || noQ Q (Avg,Max,Min) (1.04, 1.74, 0.68) (0.87, 0.56, 1.49) #fs:  28  -- #Conts: 64 H(64) 
  27504878 4855.53 || noQ Q (Avg,Max,Min) (1.04, 1.22, 0.68) (0.88, 0.56, 1.22) #fs:  28  -- #Conts: 64 H(64) 
  27505206 4824.00 || noQ Q (Avg,Max,Min) (1.04, 1.74, 0.68) (0.88, 0.56, 1.49) #fs:  27  -- #Conts: 65 H(65) 
  27520842 4792.47 || noQ Q (Avg,Max,Min) (1.04, 1.22, 0.68) (0.89, 0.56, 1.22) #fs:  27  -- #Conts: 65 H(65) 
  27528421 4760.94 || noQ Q (Avg,Max,Min) (1.04, 1.22, 0.63) (0.89, 0.56, 1.22) #fs:  27  -- #Conts: 65 H(65) 
  27541149 4729.41 || noQ Q (Avg,Max,Min) (1.04, 1.22, 0.63) (0.89, 0.56, 1.22) #fs:  27  -- #Conts: 65 H(65) 
  27554024 4697.88 || noQ Q (Avg,Max,Min) (1.04, 1.22, 0.63) (0.90, 0.56, 1.22) #fs:  27  -- #Conts: 65 H(65) 
  27555612 4666.35 || noQ Q (Avg,Max,Min) (1.03, 1.22, 0.63) (0.90, 0.56, 1.22) #fs:  27  -- #Conts: 65 H(65) 
  27557280 4634.82 || noQ Q (Avg,Max,Min) (1.03, 1.22, 0.63) (0.91, 0.56, 1.22) #fs:  27  -- #Conts: 65 H(65) 
  27563119 4603.29 || noQ Q (Avg,Max,Min) (1.03, 1.22, 0.63) (0.91, 0.56, 1.22) #fs:  27  -- #Conts: 65 H(65) 
  27566001 4571.76 || noQ Q (Avg,Max,Min) (1.02, 1.22, 0.63) (0.91, 0.56, 1.22) #fs:  27  -- #Conts: 65 H(65) 
  27573624 4540.24 || noQ Q (Avg,Max,Min) (1.02, 1.22, 0.63) (0.92, 0.56, 1.22) #fs:  27  -- #Conts: 65 H(65) 
  27590174 4508.71 || noQ Q (Avg,Max,Min) (1.02, 1.22, 0.63) (0.92, 0.56, 1.22) #fs:  27  -- #Conts: 65 H(65) 
  27609690 4477.18 || noQ Q (Avg,Max,Min) (1.02, 1.22, 0.63) (0.93, 0.56, 1.22) #fs:  27  -- #Conts: 65 H(65) 
  27641238 4445.65 || noQ Q (Avg,Max,Min) (1.01, 1.22, 0.63) (0.93, 0.56, 1.22) #fs:  27  -- #Conts: 65 H(65) 
  30237947 4382.59 || noQ Q (Avg,Max,Min) (1.11, 1.74, 0.62) (0.90, 0.56, 1.50) #fs:  18  -- #Conts: 73 H(73) 
  30269495 4351.06 || noQ Q (Avg,Max,Min) (1.12, 1.73, 0.79) (0.90, 0.56, 1.50) #fs:  17  -- #Conts: 74 H(74) 
  31073750 4319.53 || noQ Q (Avg,Max,Min) (1.05, 1.74, 0.77) (0.97, 0.56, 1.50) #fs:  26  -- #Conts: 42 H(42) 
  31086478 4288.00 || noQ Q (Avg,Max,Min) (1.06, 1.74, 0.77) (0.96, 0.56, 1.50) #fs:  25  -- #Conts: 43 H(43) 
  31099353 4256.47 || noQ Q (Avg,Max,Min) (1.07, 1.74, 0.77) (0.96, 0.56, 1.50) #fs:  24  -- #Conts: 44 H(44) 
  31100941 4224.94 || noQ Q (Avg,Max,Min) (1.08, 1.74, 0.77) (0.96, 0.56, 1.50) #fs:  23  -- #Conts: 45 H(45) 
  31102609 4193.41 || noQ Q (Avg,Max,Min) (1.09, 1.74, 0.77) (0.95, 0.56, 1.50) #fs:  22  -- #Conts: 46 H(46) 
  31108448 4161.88 || noQ Q (Avg,Max,Min) (1.09, 1.74, 0.77) (0.95, 0.56, 1.50) #fs:  21  -- #Conts: 47 H(47) 
  31111330 4130.35 || noQ Q (Avg,Max,Min) (1.10, 1.74, 0.77) (0.95, 0.56, 1.50) #fs:  20  -- #Conts: 48 H(48) 
  31118625 4098.82 || noQ Q (Avg,Max,Min) (1.11, 1.74, 0.77) (0.95, 0.56, 1.50) #fs:  19  -- #Conts: 49 H(49) 
  31135175 4067.29 || noQ Q (Avg,Max,Min) (1.12, 1.74, 0.77) (0.95, 0.56, 1.50) #fs:  18  -- #Conts: 50 H(50) 
  31154691 4035.76 || noQ Q (Avg,Max,Min) (1.13, 1.74, 0.77) (0.94, 0.56, 1.50) #fs:  17  -- #Conts: 51 H(51) 
  31186239 4004.24 || noQ Q (Avg,Max,Min) (1.13, 1.73, 1.03) (0.94, 0.56, 1.50) #fs:  16  -- #Conts: 52 H(52) 
  31243727 3972.71 || noQ Q (Avg,Max,Min) (1.13, 1.73, 1.03) (0.95, 0.61, 1.50) #fs:  16  -- #Conts: 51 H(51) 
  34272799 3941.18 || noQ Q (Avg,Max,Min) (1.13, 1.30, 1.03) (0.95, 0.61, 1.24) #fs:  15  -- #Conts: 50 H(50) 
  34714810 3909.65 || noQ Q (Avg,Max,Min) (1.12, 1.28, 1.03) (0.95, 0.61, 1.24) #fs:  16  -- #Conts: 49 H(49) 
  34763152 3688.94 || noQ Q (Avg,Max,Min) (1.11, 1.62, 1.03) (1.02, 0.82, 1.44) #fs:  16  -- #Conts: 46 H(40)  G(6) 
  39223309 3625.88 || noQ Q (Avg,Max,Min) (1.14, 1.62, 1.04) (1.02, 0.62, 1.44) #fs:   4  -- #Conts: 50 H(50) 
  39251831 3594.35 || noQ Q (Avg,Max,Min) (1.13, 1.62, 1.04) (1.04, 0.62, 1.44) #fs:   4  -- #Conts: 49 H(49) 
  39278746 3562.82 || noQ Q (Avg,Max,Min) (1.13, 1.62, 1.04) (1.05, 0.63, 1.45) #fs:   4  -- #Conts: 48 H(48) 
  39338528 3531.29 || noQ Q (Avg,Max,Min) (1.13, 1.62, 1.04) (1.06, 0.82, 1.45) #fs:   4  -- #Conts: 47 H(47) 
  42440598 3184.47 || noQ Q (Avg,Max,Min) (1.07, 1.13, 1.02) (0.95, 0.90, 1.03) #fs:  14  -- #Conts: 60 H(1)  G(59) 
  46089486 3168.71 || noQ Q (Avg,Max,Min) (1.08, 1.43, 1.02) (0.94, 0.63, 1.20) #fs:  15  -- #Conts: 61 H(2)  G(59) 
  46126134 3152.94 || noQ Q (Avg,Max,Min) (1.08, 1.43, 1.01) (0.95, 0.83, 1.20) #fs:  14  -- #Conts: 62 H(1)  G(61) 
  46142725 3137.18 || noQ Q (Avg,Max,Min) (1.08, 1.43, 1.02) (0.95, 0.90, 1.20) #fs:  15  -- #Conts: 61 H(1)  G(60) 
  51772585 3121.41 || noQ Q (Avg,Max,Min) (1.08, 1.44, 1.01) (0.94, 0.63, 1.39) #fs:  14  -- #Conts: 62 H(1)  G(61) 
  51789176 3105.65 || noQ Q (Avg,Max,Min) (1.08, 1.44, 1.02) (0.95, 0.63, 1.39) #fs:  15  -- #Conts: 61 H(1)  G(60) 
  51825824 3089.88 || noQ Q (Avg,Max,Min) (1.08, 1.44, 1.01) (0.95, 0.83, 1.39) #fs:  14  -- #Conts: 62 G(62) 
  51842415 3074.12 || noQ Q (Avg,Max,Min) (1.08, 1.44, 1.02) (0.95, 0.90, 1.39) #fs:  15  -- #Conts: 61 G(61) 
  53435213 3069.41 || noQ Q (Avg,Max,Min) (1.07, 1.44, 0.98) (0.95, 0.90, 1.39) #fs:  15  -- #Conts: 61 G(60)  E(1) 
  53439053 3064.71 || noQ Q (Avg,Max,Min) (1.07, 1.44, 0.98) (0.95, 0.90, 1.39) #fs:  15  -- #Conts: 61 G(59)  E(2) 
  53458779 3060.00 || noQ Q (Avg,Max,Min) (1.07, 1.44, 0.98) (0.96, 0.90, 1.39) #fs:  15  -- #Conts: 61 G(58)  E(3) 
  53463393 3055.29 || noQ Q (Avg,Max,Min) (1.07, 1.44, 0.98) (0.96, 0.90, 1.39) #fs:  15  -- #Conts: 61 G(57)  E(4) 
  53478645 3050.59 || noQ Q (Avg,Max,Min) (1.07, 1.44, 0.98) (0.96, 0.90, 1.39) #fs:  15  -- #Conts: 61 G(56)  E(5) 
  53495222 3045.88 || noQ Q (Avg,Max,Min) (1.07, 1.44, 0.98) (0.96, 0.91, 1.39) #fs:  15  -- #Conts: 61 G(55)  E(6) 
  53502553 3041.18 || noQ Q (Avg,Max,Min) (1.07, 1.44, 0.98) (0.96, 0.91, 1.39) #fs:  15  -- #Conts: 61 G(54)  E(7) 
  53506198 3036.47 || noQ Q (Avg,Max,Min) (1.07, 1.44, 0.98) (0.96, 0.91, 1.39) #fs:  15  -- #Conts: 61 G(53)  E(8) 
  53516641 3031.76 || noQ Q (Avg,Max,Min) (1.07, 1.44, 0.98) (0.96, 0.91, 1.39) #fs:  15  -- #Conts: 61 G(52)  E(9) 
  53526693 3027.06 || noQ Q (Avg,Max,Min) (1.07, 1.44, 0.98) (0.96, 0.91, 1.39) #fs:  15  -- #Conts: 61 G(51)  E(10) 
  53548527 3022.35 || noQ Q (Avg,Max,Min) (1.07, 1.44, 0.98) (0.97, 0.91, 1.39) #fs:  15  -- #Conts: 61 G(50)  E(11) 
  53566307 3017.65 || noQ Q (Avg,Max,Min) (1.07, 1.44, 0.98) (0.97, 0.91, 1.39) #fs:  15  -- #Conts: 61 G(49)  E(12) 
  53569855 3012.94 || noQ Q (Avg,Max,Min) (1.07, 1.44, 0.98) (0.97, 0.91, 1.39) #fs:  15  -- #Conts: 61 G(48)  E(13) 
  53583006 3008.24 || noQ Q (Avg,Max,Min) (1.07, 1.44, 0.98) (0.97, 0.91, 1.39) #fs:  15  -- #Conts: 61 G(47)  E(14) 
  53584461 3003.53 || noQ Q (Avg,Max,Min) (1.07, 1.44, 0.98) (0.97, 0.91, 1.39) #fs:  15  -- #Conts: 61 G(46)  E(15) 
  53622465 2998.82 || noQ Q (Avg,Max,Min) (1.07, 1.44, 0.98) (0.97, 0.91, 1.39) #fs:  15  -- #Conts: 61 G(45)  E(16) 
  53624452 2994.12 || noQ Q (Avg,Max,Min) (1.07, 1.44, 0.98) (0.97, 0.91, 1.39) #fs:  15  -- #Conts: 61 G(44)  E(17) 
  53629683 2989.41 || noQ Q (Avg,Max,Min) (1.06, 1.44, 0.98) (0.98, 0.91, 1.39) #fs:  15  -- #Conts: 61 G(43)  E(18) 
  53630326 2984.71 || noQ Q (Avg,Max,Min) (1.06, 1.44, 0.98) (0.98, 0.91, 1.39) #fs:  15  -- #Conts: 61 G(42)  E(19) 
  53630489 2980.00 || noQ Q (Avg,Max,Min) (1.06, 1.44, 0.98) (0.98, 0.91, 1.39) #fs:  15  -- #Conts: 61 G(41)  E(20) 
  53646383 2975.29 || noQ Q (Avg,Max,Min) (1.06, 1.44, 0.98) (0.98, 0.91, 1.39) #fs:  15  -- #Conts: 61 G(40)  E(21) 
  53661029 2970.59 || noQ Q (Avg,Max,Min) (1.06, 1.44, 0.97) (0.98, 0.91, 1.39) #fs:  15  -- #Conts: 61 G(39)  E(22) 
  53664350 2965.88 || noQ Q (Avg,Max,Min) (1.06, 1.44, 0.97) (0.98, 0.92, 1.39) #fs:  15  -- #Conts: 61 G(38)  E(23) 
  53667060 2961.18 || noQ Q (Avg,Max,Min) (1.06, 1.44, 0.97) (0.98, 0.92, 1.39) #fs:  15  -- #Conts: 61 G(37)  E(24) 
  53674001 2956.47 || noQ Q (Avg,Max,Min) (1.06, 1.44, 0.97) (0.98, 0.92, 1.39) #fs:  15  -- #Conts: 61 G(36)  E(25) 
  53675747 2951.76 || noQ Q (Avg,Max,Min) (1.06, 1.44, 0.97) (0.99, 0.92, 1.39) #fs:  15  -- #Conts: 61 G(35)  E(26) 
  53684552 2947.06 || noQ Q (Avg,Max,Min) (1.06, 1.44, 0.97) (0.99, 0.92, 1.39) #fs:  15  -- #Conts: 61 G(34)  E(27) 
  53693128 2942.35 || noQ Q (Avg,Max,Min) (1.06, 1.44, 0.97) (0.99, 0.92, 1.39) #fs:  15  -- #Conts: 61 G(33)  E(28) 
  53758126 2937.65 || noQ Q (Avg,Max,Min) (1.06, 1.44, 0.97) (0.99, 0.93, 1.39) #fs:  15  -- #Conts: 61 G(32)  E(29) 
  53815562 2932.94 || noQ Q (Avg,Max,Min) (1.06, 1.44, 0.97) (0.99, 0.96, 1.39) #fs:  15  -- #Conts: 61 G(31)  E(30) 
 100804387 2917.06 || noQ Q (Avg,Max,Min) (1.01, 1.20, 0.67) (0.98, 0.65, 1.17) #fs:  17  -- #Conts: 73 E(73) 
 100831029 2870.12 || noQ Q (Avg,Max,Min) (1.02, 1.20, 0.67) (0.98, 0.65, 1.17) #fs:  16  -- #Conts: 74 E(74) 
 100895946 2823.18 || noQ Q (Avg,Max,Min) (1.02, 1.20, 0.68) (0.99, 0.65, 1.18) #fs:  15  -- #Conts: 75 E(75) 
 100973503 2776.24 || noQ Q (Avg,Max,Min) (1.03, 1.20, 0.68) (1.00, 0.65, 1.18) #fs:  14  -- #Conts: 76 E(76) 
 101092113 2729.29 || noQ Q (Avg,Max,Min) (1.03, 1.20, 0.99) (1.00, 0.97, 1.18) #fs:  13  -- #Conts: 77 E(77) 
/////////////////size: 83
  30906913 4240.71 || noQ Q (Avg,Max,Min) (1.02, 1.22, 0.62) (0.95, 0.58, 1.22) #fs:  17  -- #Conts: 77 H(61)  G(16) 
  30916982 4209.18 || noQ Q (Avg,Max,Min) (1.03, 1.72, 0.62) (0.96, 0.59, 1.49) #fs:  17  -- #Conts: 78 H(62)  G(16) 
  30964946 4193.41 || noQ Q (Avg,Max,Min) (1.05, 1.41, 0.62) (0.95, 0.56, 1.25) #fs:  13  -- #Conts: 82 H(66)  G(16) 
  32246840 4177.65 || noQ Q (Avg,Max,Min) (1.06, 2.41, 0.62) (0.96, 0.56, 2.08) #fs:  12  -- #Conts: 84 H(67)  G(17) 
  32423898 4130.35 || noQ Q (Avg,Max,Min) (1.12, 1.32, 1.03) (0.91, 0.56, 1.25) #fs:   2  -- #Conts: 91 H(75)  G(16) 
  33218034 4035.76 || noQ Q (Avg,Max,Min) (1.12, 1.28, 1.01) (0.91, 0.56, 1.25) #fs:  13  -- #Conts: 80 H(64)  G(16) 
  33242907 3972.71 || noQ Q (Avg,Max,Min) (1.12, 1.28, 1.01) (0.93, 0.56, 1.25) #fs:  14  -- #Conts: 79 H(63)  G(16) 
  33306547 3956.94 || noQ Q (Avg,Max,Min) (1.11, 1.73, 0.90) (0.92, 0.56, 1.50) #fs:  17  -- #Conts: 77 H(55)  G(22) 
  33390297 3925.41 || noQ Q (Avg,Max,Min) (1.11, 1.73, 0.90) (0.90, 0.56, 1.50) #fs:  17  -- #Conts: 77 H(47)  G(30) 
  33450259 3893.88 || noQ Q (Avg,Max,Min) (1.10, 1.73, 0.89) (0.87, 0.56, 1.50) #fs:  17  -- #Conts: 77 H(32)  G(45) 
  33469925 3830.82 || noQ Q (Avg,Max,Min) (1.09, 1.27, 0.98) (0.86, 0.56, 1.25) #fs:  17  -- #Conts: 77 H(25)  G(52) 
  33497684 3767.76 || noQ Q (Avg,Max,Min) (1.09, 1.27, 0.98) (0.87, 0.56, 1.25) #fs:  17  -- #Conts: 77 H(22)  G(55) 
  33527879 3736.24 || noQ Q (Avg,Max,Min) (1.09, 1.73, 0.89) (0.88, 0.56, 1.50) #fs:  17  -- #Conts: 77 H(19)  G(58) 
  33536983 3704.71 || noQ Q (Avg,Max,Min) (1.09, 1.73, 0.89) (0.88, 0.61, 1.50) #fs:  17  -- #Conts: 77 H(17)  G(60) 
  33560901 3673.18 || noQ Q (Avg,Max,Min) (1.09, 1.73, 0.98) (0.88, 0.61, 1.50) #fs:  16  -- #Conts: 78 H(16)  G(62) 
  35662378 3641.65 || noQ Q (Avg,Max,Min) (1.07, 1.48, 0.79) (0.88, 0.62, 1.22) #fs:  20  -- #Conts: 74 H(12)  G(62) 
  35668468 3625.88 || noQ Q (Avg,Max,Min) (1.06, 1.48, 0.79) (0.89, 0.62, 1.22) #fs:  21  -- #Conts: 73 H(11)  G(62) 
  35674280 3610.12 || noQ Q (Avg,Max,Min) (1.06, 1.48, 0.79) (0.89, 0.62, 1.22) #fs:  22  -- #Conts: 72 H(10)  G(62) 
  35680307 3594.35 || noQ Q (Avg,Max,Min) (1.05, 1.48, 0.79) (0.89, 0.62, 1.22) #fs:  23  -- #Conts: 71 H(9)  G(62) 
  35692363 3578.59 || noQ Q (Avg,Max,Min) (1.05, 1.47, 0.79) (0.89, 0.62, 1.22) #fs:  24  -- #Conts: 70 H(8)  G(62) 
  35721950 3562.82 || noQ Q (Avg,Max,Min) (1.04, 1.48, 0.79) (0.90, 0.62, 1.22) #fs:  25  -- #Conts: 69 H(7)  G(62) 
  35755622 3547.06 || noQ Q (Avg,Max,Min) (1.04, 1.47, 0.79) (0.90, 0.74, 1.22) #fs:  26  -- #Conts: 68 H(6)  G(62) 
  36036179 3499.76 || noQ Q (Avg,Max,Min) (1.05, 2.14, 0.79) (0.89, 0.74, 1.59) #fs:  24  -- #Conts: 70 H(2)  G(68) 
  36058694 3484.00 || noQ Q (Avg,Max,Min) (1.05, 2.14, 0.79) (0.90, 0.74, 1.59) #fs:  23  -- #Conts: 71 H(2)  G(69) 
  36060282 3468.24 || noQ Q (Avg,Max,Min) (1.05, 2.14, 0.79) (0.90, 0.74, 1.59) #fs:  22  -- #Conts: 72 H(2)  G(70) 
  36064360 3452.47 || noQ Q (Avg,Max,Min) (1.06, 2.14, 0.79) (0.90, 0.74, 1.59) #fs:  21  -- #Conts: 73 H(2)  G(71) 
  36072609 3436.71 || noQ Q (Avg,Max,Min) (1.06, 2.14, 0.79) (0.90, 0.74, 1.59) #fs:  20  -- #Conts: 74 H(2)  G(72) 
  36077901 3420.94 || noQ Q (Avg,Max,Min) (1.07, 2.14, 0.79) (0.91, 0.74, 1.59) #fs:  19  -- #Conts: 75 H(2)  G(73) 
  36090344 3405.18 || noQ Q (Avg,Max,Min) (1.07, 2.14, 0.79) (0.91, 0.74, 1.59) #fs:  18  -- #Conts: 76 H(2)  G(74) 
  36118616 3389.41 || noQ Q (Avg,Max,Min) (1.07, 2.14, 0.79) (0.91, 0.74, 1.59) #fs:  17  -- #Conts: 77 H(2)  G(75) 
  36152592 3373.65 || noQ Q (Avg,Max,Min) (1.08, 2.14, 0.80) (0.91, 0.75, 1.59) #fs:  16  -- #Conts: 78 H(2)  G(76) 
  36205831 3357.88 || noQ Q (Avg,Max,Min) (1.08, 2.14, 0.98) (0.91, 0.81, 1.59) #fs:  15  -- #Conts: 79 H(2)  G(77) 
  37425659 3342.12 || noQ Q (Avg,Max,Min) (1.08, 2.41, 0.98) (0.92, 0.81, 2.08) #fs:  16  -- #Conts: 79 H(2)  G(77) 
  41070150 3323.76 || noQ Q (Avg,Max,Min) (1.09, 1.73, 1.01) (0.94, 0.61, 1.50) #fs:  16  -- #Conts: 60 H(16)  G(20)  E(24) 
  41074764 3319.06 || noQ Q (Avg,Max,Min) (1.08, 1.73, 1.01) (0.94, 0.61, 1.50) #fs:  16  -- #Conts: 60 H(16)  G(19)  E(25) 
  41090016 3314.35 || noQ Q (Avg,Max,Min) (1.08, 1.73, 1.01) (0.94, 0.61, 1.50) #fs:  16  -- #Conts: 60 H(16)  G(18)  E(26) 
  41106593 3309.65 || noQ Q (Avg,Max,Min) (1.08, 1.73, 1.01) (0.94, 0.61, 1.50) #fs:  16  -- #Conts: 61 H(16)  G(18)  E(27) 
  41117569 3304.94 || noQ Q (Avg,Max,Min) (1.08, 1.73, 1.01) (0.95, 0.61, 1.50) #fs:  16  -- #Conts: 61 H(16)  G(17)  E(28) 
  41138064 3300.24 || noQ Q (Avg,Max,Min) (1.08, 1.73, 1.01) (0.95, 0.61, 1.50) #fs:  16  -- #Conts: 62 H(16)  G(17)  E(29) 
  41159898 3295.53 || noQ Q (Avg,Max,Min) (1.08, 1.73, 1.01) (0.95, 0.61, 1.50) #fs:  16  -- #Conts: 63 H(16)  G(17)  E(30) 
  43545100 3292.24 || noQ Q (Avg,Max,Min) (1.07, 1.44, 1.01) (0.93, 0.61, 1.20) #fs:  16  -- #Conts: 60 H(10)  G(26)  E(24) 
  43549714 3287.53 || noQ Q (Avg,Max,Min) (1.07, 1.44, 1.01) (0.93, 0.61, 1.20) #fs:  16  -- #Conts: 60 H(10)  G(25)  E(25) 
  43564966 3282.82 || noQ Q (Avg,Max,Min) (1.07, 1.44, 1.01) (0.93, 0.61, 1.20) #fs:  16  -- #Conts: 60 H(10)  G(24)  E(26) 
  43567615 3260.71 || noQ Q (Avg,Max,Min) (1.07, 1.44, 1.01) (0.94, 0.61, 1.20) #fs:  16  -- #Conts: 60 H(9)  G(27)  E(24) 
  43569203 3229.18 || noQ Q (Avg,Max,Min) (1.07, 1.44, 1.01) (0.94, 0.62, 1.20) #fs:  16  -- #Conts: 60 H(8)  G(28)  E(24) 
  43573281 3197.65 || noQ Q (Avg,Max,Min) (1.07, 1.44, 1.01) (0.95, 0.62, 1.20) #fs:  16  -- #Conts: 60 H(7)  G(29)  E(24) 
  43577895 3192.94 || noQ Q (Avg,Max,Min) (1.07, 1.44, 1.01) (0.95, 0.62, 1.20) #fs:  16  -- #Conts: 60 H(7)  G(28)  E(25) 
  43581530 3166.12 || noQ Q (Avg,Max,Min) (1.07, 1.44, 1.01) (0.95, 0.62, 1.20) #fs:  16  -- #Conts: 60 H(6)  G(30)  E(24) 
  43586144 3161.41 || noQ Q (Avg,Max,Min) (1.06, 1.44, 1.01) (0.96, 0.62, 1.20) #fs:  16  -- #Conts: 60 H(6)  G(29)  E(25) 
  43586822 3134.59 || noQ Q (Avg,Max,Min) (1.06, 1.44, 1.01) (0.96, 0.62, 1.20) #fs:  16  -- #Conts: 60 H(5)  G(31)  E(24) 
  43591436 3129.88 || noQ Q (Avg,Max,Min) (1.06, 1.44, 1.01) (0.96, 0.62, 1.20) #fs:  16  -- #Conts: 60 H(5)  G(30)  E(25) 
  43599265 3103.06 || noQ Q (Avg,Max,Min) (1.06, 1.44, 1.01) (0.97, 0.62, 1.20) #fs:  16  -- #Conts: 60 H(4)  G(32)  E(24) 
  43603879 3098.35 || noQ Q (Avg,Max,Min) (1.06, 1.44, 1.01) (0.97, 0.62, 1.20) #fs:  16  -- #Conts: 60 H(4)  G(31)  E(25) 
  43619131 3093.65 || noQ Q (Avg,Max,Min) (1.06, 1.44, 1.01) (0.97, 0.62, 1.20) #fs:  16  -- #Conts: 60 H(4)  G(30)  E(26) 
  43661841 3040.00 || noQ Q (Avg,Max,Min) (1.06, 1.43, 1.01) (0.98, 0.90, 1.20) #fs:  16  -- #Conts: 60 H(2)  G(34)  E(24) 
  43666455 3035.29 || noQ Q (Avg,Max,Min) (1.06, 1.43, 1.01) (0.98, 0.90, 1.20) #fs:  16  -- #Conts: 60 H(2)  G(33)  E(25) 
  43681707 3030.59 || noQ Q (Avg,Max,Min) (1.06, 1.43, 1.01) (0.98, 0.90, 1.20) #fs:  16  -- #Conts: 60 H(2)  G(32)  E(26) 
  43698284 3025.88 || noQ Q (Avg,Max,Min) (1.06, 1.43, 1.01) (0.98, 0.91, 1.20) #fs:  16  -- #Conts: 61 H(2)  G(32)  E(27) 
  43709260 3021.18 || noQ Q (Avg,Max,Min) (1.06, 1.43, 1.01) (0.98, 0.91, 1.20) #fs:  16  -- #Conts: 61 H(2)  G(31)  E(28) 
  43715080 3008.47 || noQ Q (Avg,Max,Min) (1.07, 2.14, 1.01) (0.99, 0.90, 1.59) #fs:  15  -- #Conts: 61 H(2)  G(35)  E(24) 
  43719694 3003.76 || noQ Q (Avg,Max,Min) (1.07, 2.14, 1.01) (0.99, 0.90, 1.59) #fs:  15  -- #Conts: 61 H(2)  G(34)  E(25) 
  43734946 2999.06 || noQ Q (Avg,Max,Min) (1.07, 2.14, 1.01) (0.99, 0.90, 1.59) #fs:  15  -- #Conts: 61 H(2)  G(33)  E(26) 
  43751523 2994.35 || noQ Q (Avg,Max,Min) (1.07, 2.14, 1.01) (0.99, 0.91, 1.59) #fs:  15  -- #Conts: 62 H(2)  G(33)  E(27) 
  43762499 2989.65 || noQ Q (Avg,Max,Min) (1.07, 2.14, 1.01) (0.99, 0.91, 1.59) #fs:  15  -- #Conts: 62 H(2)  G(32)  E(28) 
  43782994 2984.94 || noQ Q (Avg,Max,Min) (1.07, 2.14, 1.01) (0.99, 0.92, 1.59) #fs:  15  -- #Conts: 63 H(2)  G(32)  E(29) 
  43804828 2980.24 || noQ Q (Avg,Max,Min) (1.07, 2.14, 1.01) (0.99, 0.92, 1.59) #fs:  15  -- #Conts: 64 H(2)  G(32)  E(30) 
  44971351 2978.59 || noQ Q (Avg,Max,Min) (1.07, 2.41, 1.01) (1.00, 0.91, 2.08) #fs:  16  -- #Conts: 62 H(2)  G(33)  E(27) 
  44982327 2973.88 || noQ Q (Avg,Max,Min) (1.07, 2.41, 1.01) (1.00, 0.91, 2.08) #fs:  16  -- #Conts: 62 H(2)  G(32)  E(28) 
  45002822 2969.18 || noQ Q (Avg,Max,Min) (1.07, 2.41, 1.01) (1.00, 0.92, 2.08) #fs:  16  -- #Conts: 63 H(2)  G(32)  E(29) 
  45024656 2964.47 || noQ Q (Avg,Max,Min) (1.07, 2.41, 1.01) (1.00, 0.92, 2.08) #fs:  16  -- #Conts: 64 H(2)  G(32)  E(30) 
  48913013 2962.12 || noQ Q (Avg,Max,Min) (1.07, 2.41, 1.01) (1.00, 0.92, 2.08) #fs:  15  -- #Conts: 65 H(2)  G(32)  E(31) 
  49079575 2958.12 || noQ Q (Avg,Max,Min) (1.07, 2.41, 0.98) (1.00, 0.93, 2.08) #fs:  17  -- #Conts: 61 H(1)  G(32)  E(28) 
  49100070 2953.41 || noQ Q (Avg,Max,Min) (1.07, 2.41, 1.00) (1.00, 0.92, 2.08) #fs:  16  -- #Conts: 63 H(1)  G(33)  E(29) 
  49121904 2948.71 || noQ Q (Avg,Max,Min) (1.07, 2.41, 1.00) (1.00, 0.92, 2.08) #fs:  16  -- #Conts: 64 H(1)  G(33)  E(30) 
  52973078 2946.35 || noQ Q (Avg,Max,Min) (1.07, 2.41, 1.01) (1.00, 0.92, 2.08) #fs:  15  -- #Conts: 65 H(1)  G(33)  E(31) 
  53806243 2930.82 || noQ Q (Avg,Max,Min) (1.05, 1.43, 0.98) (0.98, 0.91, 1.20) #fs:  13  -- #Conts: 75 H(2)  G(18)  E(55) 
  53809673 2926.12 || noQ Q (Avg,Max,Min) (1.05, 1.43, 0.98) (0.98, 0.91, 1.20) #fs:  13  -- #Conts: 76 H(2)  G(18)  E(56) 
  53825370 2921.41 || noQ Q (Avg,Max,Min) (1.05, 1.43, 0.99) (0.98, 0.91, 1.20) #fs:  11  -- #Conts: 78 H(2)  G(17)  E(59) 
  53856993 2916.71 || noQ Q (Avg,Max,Min) (1.05, 1.43, 0.98) (0.99, 0.91, 1.20) #fs:  13  -- #Conts: 77 H(2)  G(17)  E(58) 
  53858642 2912.00 || noQ Q (Avg,Max,Min) (1.05, 1.43, 0.99) (0.99, 0.92, 1.20) #fs:  11  -- #Conts: 79 H(2)  G(16)  E(61) 
  53859482 2899.29 || noQ Q (Avg,Max,Min) (1.06, 2.14, 0.98) (0.99, 0.91, 1.59) #fs:  12  -- #Conts: 76 H(2)  G(19)  E(55) 
  53862912 2894.59 || noQ Q (Avg,Max,Min) (1.06, 2.14, 0.98) (0.99, 0.91, 1.59) #fs:  12  -- #Conts: 77 H(2)  G(19)  E(56) 
  53878609 2889.88 || noQ Q (Avg,Max,Min) (1.06, 2.14, 0.99) (0.99, 0.91, 1.59) #fs:  10  -- #Conts: 79 H(2)  G(18)  E(59) 
  53910232 2885.18 || noQ Q (Avg,Max,Min) (1.06, 2.14, 0.98) (0.99, 0.91, 1.59) #fs:  12  -- #Conts: 78 H(2)  G(18)  E(58) 
  53911881 2880.47 || noQ Q (Avg,Max,Min) (1.06, 2.14, 0.99) (0.99, 0.92, 1.59) #fs:  10  -- #Conts: 80 H(2)  G(17)  E(61) 
  53926599 2875.76 || noQ Q (Avg,Max,Min) (1.06, 2.14, 0.99) (0.99, 0.92, 1.59) #fs:  12  -- #Conts: 79 H(2)  G(17)  E(60) 
  53944256 2871.06 || noQ Q (Avg,Max,Min) (1.06, 2.14, 0.99) (0.99, 0.92, 1.59) #fs:  12  -- #Conts: 80 H(2)  G(17)  E(61) 
  55130060 2869.41 || noQ Q (Avg,Max,Min) (1.06, 2.41, 0.98) (1.00, 0.91, 2.08) #fs:  13  -- #Conts: 78 H(2)  G(18)  E(58) 
  55131709 2864.71 || noQ Q (Avg,Max,Min) (1.06, 2.41, 0.99) (1.00, 0.92, 2.08) #fs:  11  -- #Conts: 80 H(2)  G(17)  E(61) 
  55146427 2860.00 || noQ Q (Avg,Max,Min) (1.06, 2.41, 0.99) (1.00, 0.92, 2.08) #fs:  13  -- #Conts: 79 H(2)  G(17)  E(60) 
  55164084 2855.29 || noQ Q (Avg,Max,Min) (1.06, 2.41, 0.99) (1.00, 0.92, 2.08) #fs:  13  -- #Conts: 80 H(2)  G(17)  E(61) 
  59052441 2852.94 || noQ Q (Avg,Max,Min) (1.06, 2.41, 0.99) (1.00, 0.92, 2.08) #fs:  12  -- #Conts: 81 H(2)  G(17)  E(62) 
  59228957 2848.94 || noQ Q (Avg,Max,Min) (1.06, 2.41, 0.98) (1.00, 0.92, 2.08) #fs:  12  -- #Conts: 79 H(1)  G(17)  E(61) 
  59243675 2844.24 || noQ Q (Avg,Max,Min) (1.06, 2.41, 0.98) (1.00, 0.92, 2.08) #fs:  14  -- #Conts: 78 H(1)  G(17)  E(60) 
  59261332 2839.53 || noQ Q (Avg,Max,Min) (1.06, 2.41, 0.99) (1.00, 0.92, 2.08) #fs:  13  -- #Conts: 80 H(1)  G(18)  E(61) 
  62855025 2837.18 || noQ Q (Avg,Max,Min) (1.06, 2.41, 0.99) (1.00, 0.92, 2.08) #fs:  13  -- #Conts: 80 H(1)  G(18)  E(61) 
  65526717 2836.47 || noQ Q (Avg,Max,Min) (1.05, 2.14, 0.99) (0.99, 0.92, 1.59) #fs:  12  -- #Conts: 80 H(1)  G(14)  E(65) 
  65553644 2831.76 || noQ Q (Avg,Max,Min) (1.05, 2.14, 0.99) (0.99, 0.92, 1.59) #fs:  12  -- #Conts: 80 H(1)  G(13)  E(66) 
  65605065 2827.06 || noQ Q (Avg,Max,Min) (1.05, 2.14, 0.99) (1.00, 0.92, 1.59) #fs:  12  -- #Conts: 80 H(1)  G(12)  E(67) 
  65656635 2822.35 || noQ Q (Avg,Max,Min) (1.05, 2.14, 0.99) (1.00, 0.92, 1.59) #fs:  12  -- #Conts: 79 H(1)  G(10)  E(68) 
  65658223 2817.65 || noQ Q (Avg,Max,Min) (1.05, 2.14, 0.99) (1.00, 0.92, 1.59) #fs:  12  -- #Conts: 80 H(1)  G(10)  E(69) 
  65669564 2812.94 || noQ Q (Avg,Max,Min) (1.05, 2.14, 0.99) (1.00, 0.92, 1.59) #fs:  12  -- #Conts: 80 H(1)  G(9)  E(70) 
  65685076 2808.24 || noQ Q (Avg,Max,Min) (1.05, 2.14, 0.99) (1.00, 0.92, 1.59) #fs:  12  -- #Conts: 80 H(1)  G(8)  E(71) 
  65697632 2803.53 || noQ Q (Avg,Max,Min) (1.05, 2.14, 0.99) (1.00, 0.92, 1.59) #fs:  12  -- #Conts: 80 H(1)  G(7)  E(72) 
  65724602 2798.82 || noQ Q (Avg,Max,Min) (1.05, 2.14, 0.99) (1.00, 0.92, 1.59) #fs:  12  -- #Conts: 80 H(1)  G(6)  E(73) 
  65789191 2794.12 || noQ Q (Avg,Max,Min) (1.05, 2.14, 0.99) (1.00, 0.92, 1.59) #fs:  12  -- #Conts: 80 H(1)  G(5)  E(74) 
  65866748 2789.41 || noQ Q (Avg,Max,Min) (1.05, 2.14, 0.99) (1.00, 0.92, 1.59) #fs:  12  -- #Conts: 80 H(1)  G(4)  E(75) 
  65985358 2784.71 || noQ Q (Avg,Max,Min) (1.05, 2.14, 0.99) (1.00, 0.92, 1.59) #fs:  12  -- #Conts: 80 H(1)  G(3)  E(76) 
  66997669 2783.06 || noQ Q (Avg,Max,Min) (1.05, 2.41, 0.99) (1.00, 0.92, 2.08) #fs:  12  -- #Conts: 81 H(1)  G(7)  E(73) 
  67062258 2778.35 || noQ Q (Avg,Max,Min) (1.05, 2.41, 0.99) (1.01, 0.92, 2.08) #fs:  12  -- #Conts: 81 H(1)  G(6)  E(74) 
  67139815 2773.65 || noQ Q (Avg,Max,Min) (1.05, 2.41, 0.99) (1.01, 0.92, 2.08) #fs:  12  -- #Conts: 81 H(1)  G(5)  E(75) 
  67258425 2768.94 || noQ Q (Avg,Max,Min) (1.05, 2.41, 0.99) (1.01, 0.92, 2.08) #fs:  12  -- #Conts: 81 H(1)  G(4)  E(76) 
  70852118 2766.59 || noQ Q (Avg,Max,Min) (1.05, 2.41, 0.99) (1.01, 0.92, 2.08) #fs:  12  -- #Conts: 81 H(1)  G(4)  E(76) 
  74687236 2764.24 || noQ Q (Avg,Max,Min) (1.05, 2.41, 0.99) (1.01, 0.92, 2.08) #fs:  12  -- #Conts: 81 H(1)  G(3)  E(77) 
  79436311 2761.88 || noQ Q (Avg,Max,Min) (1.05, 2.41, 0.99) (1.01, 0.92, 2.08) #fs:  12  -- #Conts: 80 H(1)  G(4)  E(75) 
  83271429 2759.53 || noQ Q (Avg,Max,Min) (1.05, 2.41, 0.99) (1.01, 0.92, 2.08) #fs:  12  -- #Conts: 80 H(1)  G(3)  E(76) 
  87806824 2757.29 || noQ Q (Avg,Max,Min) (1.05, 2.41, 0.99) (1.01, 0.97, 2.08) #fs:  14  -- #Conts: 72 H(1)  G(1)  E(69)  C(1) 
  88144844 2757.18 || noQ Q (Avg,Max,Min) (1.05, 2.41, 0.99) (1.01, 0.96, 2.08) #fs:   6  -- #Conts: 74 H(1)  G(2)  E(71) 
  91979962 2754.82 || noQ Q (Avg,Max,Min) (1.05, 2.41, 0.99) (1.01, 0.97, 2.08) #fs:   6  -- #Conts: 74 H(1)  G(1)  E(72) 
  92593746 2750.24 || noQ Q (Avg,Max,Min) (1.05, 2.41, 0.99) (1.01, 0.96, 2.08) #fs:  14  -- #Conts: 71 H(1)  G(1)  E(68)  C(1) 
  96428864 2747.88 || noQ Q (Avg,Max,Min) (1.05, 2.41, 0.99) (1.01, 0.97, 2.08) #fs:  14  -- #Conts: 71 H(1)  E(69)  C(1) 
 109326771 2743.18 || noQ Q (Avg,Max,Min) (1.04, 1.41, 0.99) (0.99, 0.35, 1.40) #fs:  14  -- #Conts: 72 G(2)  E(69)  C(1) 
 110363962 2734.12 || noQ Q (Avg,Max,Min) (1.04, 1.36, 0.99) (1.00, 0.96, 1.30) #fs:  14  -- #Conts: 71 G(1)  E(69)  C(1) 
 114198502 2731.76 || noQ Q (Avg,Max,Min) (1.03, 1.30, 0.99) (1.00, 0.97, 1.23) #fs:  14  -- #Conts: 70 E(69)  C(1) 
 131061939 2731.06 || noQ Q (Avg,Max,Min) (1.03, 1.32, 0.99) (1.00, 0.89, 1.30) #fs:  14  -- #Conts: 71 A(1)  E(69)  C(1) 
/////////////////size: 125
nodes 100 edges 234
 mulT: 10000 mulD: 5000  sumData GB 9242
pareto /MONTAGE.n.100.0.dax time -> 23607.0
moheft /MONTAGE.n.100.0.dax time -> 21533.0
distance from M to C 1.0699975093534035
distance from P to C 17.328179809566233
distance from C to M 38.45772115374091
distance from C to P 35.34979290595797
toCompare: /MONTAGE.n.100.0.dax sumDataGB: 9242 mulT: 10000 mulD: 5000 paretoOptTime_MS: 23607.0 MoheftOptimizationTime_MS: 21533.0 MtoC 1.0699975093534035 PtoC 17.328179809566233 CtoM 38.45772115374091 CtoP 35.34979290595797
