specify -Dflow d,b,mt,md,size
Running /home/vaggelis/jc/CYBERSHAKE.n.100.0.dax mt 1 md: 1 size null
     19458 599.06 || noQ Q (Avg,Max,Min) (3.72, 4.51, 1.45) (0.00, 0.00, 0.01) #fs:  12  -- #Conts: 19 H(19) 
     19666 504.47 || noQ Q (Avg,Max,Min) (3.67, 4.38, 1.45) (0.00, 0.00, 0.01) #fs:   9  -- #Conts: 16 H(16) 
     19994 472.94 || noQ Q (Avg,Max,Min) (3.54, 4.40, 1.41) (0.00, 0.00, 0.01) #fs:   9  -- #Conts: 15 H(15) 
     20357 441.41 || noQ Q (Avg,Max,Min) (3.43, 4.40, 1.41) (0.01, 0.00, 0.01) #fs:   8  -- #Conts: 14 H(14) 
     20603 409.88 || noQ Q (Avg,Max,Min) (3.34, 4.40, 1.41) (0.01, 0.00, 0.01) #fs:   7  -- #Conts: 13 H(13) 
     20753 378.35 || noQ Q (Avg,Max,Min) (3.33, 4.41, 1.41) (0.01, 0.00, 0.01) #fs:   7  -- #Conts: 12 H(12) 
     21134 346.82 || noQ Q (Avg,Max,Min) (3.33, 4.26, 1.41) (0.01, 0.00, 0.01) #fs:   8  -- #Conts: 11 H(11) 
     21407 315.29 || noQ Q (Avg,Max,Min) (3.27, 4.26, 1.41) (0.01, 0.00, 0.01) #fs:   8  -- #Conts: 10 H(10) 
     21489 283.76 || noQ Q (Avg,Max,Min) (3.27, 4.39, 1.41) (0.01, 0.00, 0.01) #fs:   8  -- #Conts: 9 H(9) 
     21755 252.24 || noQ Q (Avg,Max,Min) (3.42, 4.33, 1.35) (0.01, 0.00, 0.01) #fs:   6  -- #Conts: 8 H(8) 
     22453 220.71 || noQ Q (Avg,Max,Min) (3.38, 4.23, 1.37) (0.01, 0.01, 0.01) #fs:   6  -- #Conts: 7 H(7) 
     23672 189.18 || noQ Q (Avg,Max,Min) (3.50, 4.50, 1.59) (0.01, 0.01, 0.01) #fs:   4  -- #Conts: 6 H(6) 
     25150 157.65 || noQ Q (Avg,Max,Min) (3.36, 4.39, 1.55) (0.01, 0.01, 0.02) #fs:   4  -- #Conts: 5 H(5) 
     27634 126.12 || noQ Q (Avg,Max,Min) (3.28, 4.92, 1.65) (0.02, 0.01, 0.02) #fs:   3  -- #Conts: 4 H(4) 
     32096 110.35 || noQ Q (Avg,Max,Min) (2.54, 3.09, 1.50) (0.01, 0.01, 0.02) #fs:   7  -- #Conts: 7 G(7) 
     32274 094.59 || noQ Q (Avg,Max,Min) (2.95, 4.50, 1.73) (0.02, 0.02, 0.02) #fs:   2  -- #Conts: 3 H(3) 
     37570 078.82 || noQ Q (Avg,Max,Min) (2.46, 3.10, 1.54) (0.02, 0.02, 0.02) #fs:   4  -- #Conts: 5 G(5) 
     41643 063.06 || noQ Q (Avg,Max,Min) (2.17, 2.53, 1.81) (0.03, 0.02, 0.03) #fs:   1  -- #Conts: 2 H(2) 
     50998 047.29 || noQ Q (Avg,Max,Min) (2.17, 3.03, 1.56) (0.03, 0.02, 0.03) #fs:   2  -- #Conts: 3 G(3) 
     60892 046.94 || noQ Q (Avg,Max,Min) (1.75, 2.04, 1.47) (0.02, 0.02, 0.02) #fs:   6  -- #Conts: 7 E(7) 
     66134 040.24 || noQ Q (Avg,Max,Min) (1.72, 2.02, 1.35) (0.02, 0.02, 0.02) #fs:   3  -- #Conts: 6 E(6) 
     67725 031.53 || noQ Q (Avg,Max,Min) (1.81, 1.94, 1.68) (0.03, 0.03, 0.04) #fs:   1  -- #Conts: 2 G(2) 
     85781 026.82 || noQ Q (Avg,Max,Min) (1.69, 2.05, 1.43) (0.03, 0.03, 0.04) #fs:   2  -- #Conts: 4 E(4) 
    106646 020.12 || noQ Q (Avg,Max,Min) (1.62, 1.98, 1.38) (0.04, 0.04, 0.05) #fs:   2  -- #Conts: 3 E(3) 
    122982 020.00 || noQ Q (Avg,Max,Min) (1.40, 1.60, 1.12) (0.04, 0.04, 0.04) #fs:   3  -- #Conts: 5 C(5) 
    129465 015.76 || noQ Q (Avg,Max,Min) (1.09, 1.09, 1.09) (0.04, 0.04, 0.04) #fs:   0  -- #Conts: 1 G(1) 
    146335 013.41 || noQ Q (Avg,Max,Min) (1.43, 1.44, 1.42) (0.06, 0.06, 0.06) #fs:   0  -- #Conts: 2 E(2) 
    180670 012.00 || noQ Q (Avg,Max,Min) (1.34, 1.59, 1.19) (0.06, 0.06, 0.07) #fs:   1  -- #Conts: 3 C(3) 
    251964 010.71 || noQ Q (Avg,Max,Min) (1.04, 1.25, 0.83) (0.07, 0.06, 0.09) #fs:   7  -- #Conts: 2 E(1)  C(1) 
    252420 008.00 || noQ Q (Avg,Max,Min) (1.25, 1.25, 1.24) (0.09, 0.09, 0.09) #fs:   0  -- #Conts: 2 C(2) 
    291917 006.71 || noQ Q (Avg,Max,Min) (1.04, 1.04, 1.04) (0.08, 0.08, 0.08) #fs:   0  -- #Conts: 1 E(1) 
    461383 006.00 || noQ Q (Avg,Max,Min) (1.07, 1.14, 1.03) (0.11, 0.10, 0.13) #fs:   5  -- #Conts: 6 A(6) 
    504383 004.00 || noQ Q (Avg,Max,Min) (1.02, 1.02, 1.02) (0.14, 0.14, 0.14) #fs:   0  -- #Conts: 1 C(1) 
    792603 003.00 || noQ Q (Avg,Max,Min) (1.07, 1.13, 1.01) (0.22, 0.22, 0.23) #fs:   2  -- #Conts: 3 A(3) 
   1119351 002.00 || noQ Q (Avg,Max,Min) (1.06, 1.06, 1.06) (0.33, 0.33, 0.33) #fs:   0  -- #Conts: 2 A(2) 
   2236610 001.00 || noQ Q (Avg,Max,Min) (1.00, 1.00, 1.00) (0.62, 0.62, 0.62) #fs:   0  -- #Conts: 1 A(1) 
/////////////////size: 36
     20809 693.65 || noQ Q (Avg,Max,Min) (3.61, 6.22, 1.53) (0.00, 0.00, 0.01) #fs:  16  -- #Conts: 32 H(12)  G(20) 
     20910 677.88 || noQ Q (Avg,Max,Min) (3.72, 6.63, 1.52) (0.00, 0.00, 0.01) #fs:  16  -- #Conts: 32 H(11)  G(21) 
     20954 662.12 || noQ Q (Avg,Max,Min) (3.69, 5.81, 1.52) (0.00, 0.00, 0.01) #fs:  12  -- #Conts: 32 H(10)  G(22) 
     21021 646.35 || noQ Q (Avg,Max,Min) (3.73, 5.83, 1.52) (0.00, 0.00, 0.01) #fs:  11  -- #Conts: 31 H(10)  G(21) 
     21123 614.82 || noQ Q (Avg,Max,Min) (3.61, 5.88, 1.52) (0.00, 0.00, 0.01) #fs:  16  -- #Conts: 30 H(9)  G(21) 
     21268 599.06 || noQ Q (Avg,Max,Min) (3.72, 5.81, 1.51) (0.00, 0.00, 0.01) #fs:   9  -- #Conts: 29 H(9)  G(20) 
     21293 590.00 || noQ Q (Avg,Max,Min) (3.71, 5.74, 1.51) (0.00, 0.00, 0.01) #fs:  11  -- #Conts: 29 H(9)  G(19)  E(1) 
     21331 558.47 || noQ Q (Avg,Max,Min) (3.57, 5.04, 1.49) (0.00, 0.00, 0.01) #fs:  13  -- #Conts: 28 H(8)  G(19)  E(1) 
     21406 549.41 || noQ Q (Avg,Max,Min) (3.49, 5.22, 1.49) (0.00, 0.00, 0.01) #fs:  13  -- #Conts: 29 H(7)  G(20)  E(2) 
     21468 542.71 || noQ Q (Avg,Max,Min) (3.56, 5.13, 1.49) (0.00, 0.00, 0.01) #fs:  10  -- #Conts: 28 H(7)  G(20)  E(1) 
     21475 526.94 || noQ Q (Avg,Max,Min) (3.50, 5.28, 1.49) (0.00, 0.00, 0.01) #fs:  12  -- #Conts: 28 H(6)  G(21)  E(1) 
     21533 511.18 || noQ Q (Avg,Max,Min) (3.56, 5.28, 1.48) (0.00, 0.00, 0.01) #fs:   9  -- #Conts: 27 H(6)  G(20)  E(1) 
     21591 495.41 || noQ Q (Avg,Max,Min) (3.51, 4.67, 1.51) (0.00, 0.00, 0.01) #fs:   8  -- #Conts: 26 H(6)  G(19)  E(1) 
     21655 477.29 || noQ Q (Avg,Max,Min) (3.38, 4.97, 1.51) (0.00, 0.00, 0.01) #fs:  12  -- #Conts: 27 H(5)  G(19)  E(3) 
     21744 474.94 || noQ Q (Avg,Max,Min) (3.27, 4.75, 1.50) (0.00, 0.00, 0.01) #fs:  10  -- #Conts: 28 H(5)  G(18)  E(5) 
     21771 463.53 || noQ Q (Avg,Max,Min) (3.09, 4.43, 1.50) (0.00, 0.00, 0.01) #fs:  12  -- #Conts: 30 H(4)  G(18)  E(8) 
     21841 456.82 || noQ Q (Avg,Max,Min) (3.14, 4.35, 1.50) (0.00, 0.00, 0.01) #fs:  10  -- #Conts: 29 H(4)  G(18)  E(7) 
     21914 450.12 || noQ Q (Avg,Max,Min) (3.20, 4.28, 1.50) (0.00, 0.00, 0.01) #fs:   8  -- #Conts: 28 H(4)  G(18)  E(6) 
     21971 438.71 || noQ Q (Avg,Max,Min) (3.01, 4.19, 1.50) (0.00, 0.00, 0.01) #fs:   6  -- #Conts: 31 H(2)  G(20)  E(9) 
     22057 432.00 || noQ Q (Avg,Max,Min) (3.04, 4.11, 1.49) (0.00, 0.00, 0.01) #fs:   6  -- #Conts: 30 H(2)  G(20)  E(8) 
     22156 429.65 || noQ Q (Avg,Max,Min) (2.98, 4.03, 1.49) (0.00, 0.00, 0.01) #fs:   5  -- #Conts: 31 H(2)  G(19)  E(10) 
     22187 422.94 || noQ Q (Avg,Max,Min) (3.02, 4.29, 1.49) (0.00, 0.00, 0.01) #fs:   6  -- #Conts: 30 H(2)  G(19)  E(9) 
     22282 420.24 || noQ Q (Avg,Max,Min) (3.00, 4.05, 1.49) (0.00, 0.00, 0.01) #fs:   4  -- #Conts: 30 H(2)  G(19)  E(8)  C(1) 
     22348 417.88 || noQ Q (Avg,Max,Min) (2.95, 3.85, 1.49) (0.00, 0.00, 0.01) #fs:   6  -- #Conts: 31 H(2)  G(18)  E(10)  C(1) 
     22372 397.41 || noQ Q (Avg,Max,Min) (2.65, 3.95, 1.49) (0.00, 0.00, 0.01) #fs:  11  -- #Conts: 33 H(1)  G(17)  E(14)  C(1) 
     22490 395.06 || noQ Q (Avg,Max,Min) (2.69, 3.39, 1.48) (0.00, 0.00, 0.01) #fs:   6  -- #Conts: 34 H(1)  G(16)  E(16)  C(1) 
     22573 391.06 || noQ Q (Avg,Max,Min) (2.73, 3.95, 1.48) (0.00, 0.00, 0.01) #fs:   9  -- #Conts: 33 H(1)  G(16)  E(16) 
     22604 370.24 || noQ Q (Avg,Max,Min) (2.63, 3.71, 1.48) (0.00, 0.00, 0.01) #fs:  13  -- #Conts: 33 H(1)  G(14)  E(17)  C(1) 
     22774 358.47 || noQ Q (Avg,Max,Min) (2.58, 3.65, 1.48) (0.00, 0.00, 0.01) #fs:   9  -- #Conts: 33 H(1)  G(13)  E(17)  C(2) 
     22841 356.12 || noQ Q (Avg,Max,Min) (2.54, 3.52, 1.48) (0.00, 0.00, 0.01) #fs:   9  -- #Conts: 34 H(1)  G(12)  E(19)  C(2) 
     22917 352.12 || noQ Q (Avg,Max,Min) (2.58, 3.70, 1.48) (0.00, 0.00, 0.01) #fs:   9  -- #Conts: 33 H(1)  G(12)  E(19)  C(1) 
     22927 349.41 || noQ Q (Avg,Max,Min) (2.55, 3.57, 1.47) (0.00, 0.00, 0.01) #fs:  10  -- #Conts: 33 H(1)  G(12)  E(18)  C(2) 
     22995 345.41 || noQ Q (Avg,Max,Min) (2.61, 3.65, 1.47) (0.00, 0.00, 0.01) #fs:   9  -- #Conts: 32 H(1)  G(12)  E(18)  C(1) 
     23047 333.29 || noQ Q (Avg,Max,Min) (2.60, 3.41, 1.46) (0.00, 0.00, 0.01) #fs:   8  -- #Conts: 31 H(1)  G(12)  E(15)  C(3) 
     23308 326.59 || noQ Q (Avg,Max,Min) (2.58, 3.45, 1.47) (0.00, 0.00, 0.01) #fs:   6  -- #Conts: 30 H(1)  G(12)  E(14)  C(3) 
     23337 319.88 || noQ Q (Avg,Max,Min) (2.60, 3.45, 1.47) (0.00, 0.00, 0.01) #fs:   8  -- #Conts: 29 H(1)  G(12)  E(13)  C(3) 
     23589 313.18 || noQ Q (Avg,Max,Min) (2.41, 3.30, 1.46) (0.00, 0.00, 0.01) #fs:   9  -- #Conts: 33 H(1)  G(8)  E(22)  C(2) 
     23814 307.76 || noQ Q (Avg,Max,Min) (2.42, 3.36, 1.46) (0.00, 0.00, 0.01) #fs:   6  -- #Conts: 33 H(1)  G(8)  E(20)  C(4) 
     23861 302.35 || noQ Q (Avg,Max,Min) (2.35, 3.18, 1.46) (0.00, 0.00, 0.01) #fs:   8  -- #Conts: 33 H(1)  G(8)  E(18)  C(6) 
     23907 299.65 || noQ Q (Avg,Max,Min) (2.33, 3.15, 1.46) (0.00, 0.00, 0.01) #fs:  10  -- #Conts: 33 H(1)  G(8)  E(17)  C(7) 
     23975 297.29 || noQ Q (Avg,Max,Min) (2.31, 3.07, 1.46) (0.00, 0.00, 0.01) #fs:   6  -- #Conts: 34 H(1)  G(7)  E(19)  C(7) 
     24048 294.59 || noQ Q (Avg,Max,Min) (2.28, 3.07, 1.46) (0.00, 0.00, 0.01) #fs:   9  -- #Conts: 34 H(1)  G(7)  E(18)  C(8) 
     24153 286.59 || noQ Q (Avg,Max,Min) (2.31, 3.27, 1.45) (0.00, 0.00, 0.01) #fs:   9  -- #Conts: 32 H(1)  G(7)  E(18)  C(6) 
     24179 283.88 || noQ Q (Avg,Max,Min) (2.29, 3.27, 1.45) (0.00, 0.00, 0.01) #fs:   7  -- #Conts: 32 H(1)  G(7)  E(17)  C(7) 
     24445 281.76 || noQ Q (Avg,Max,Min) (2.16, 2.95, 1.45) (0.00, 0.00, 0.01) #fs:   6  -- #Conts: 36 H(1)  G(5)  E(19)  C(11) 
     24499 279.41 || noQ Q (Avg,Max,Min) (2.12, 2.92, 1.45) (0.00, 0.00, 0.01) #fs:   8  -- #Conts: 37 H(1)  G(4)  E(21)  C(11) 
     24534 275.41 || noQ Q (Avg,Max,Min) (2.13, 2.90, 1.45) (0.00, 0.00, 0.01) #fs:   9  -- #Conts: 36 H(1)  G(4)  E(21)  C(10) 
     24577 273.06 || noQ Q (Avg,Max,Min) (2.11, 2.77, 1.45) (0.00, 0.00, 0.01) #fs:   9  -- #Conts: 37 H(1)  G(3)  E(23)  C(10) 
     24818 269.06 || noQ Q (Avg,Max,Min) (2.12, 2.70, 1.44) (0.00, 0.00, 0.01) #fs:   5  -- #Conts: 36 H(1)  G(3)  E(23)  C(9) 
     24866 265.06 || noQ Q (Avg,Max,Min) (2.10, 2.68, 1.43) (0.00, 0.00, 0.01) #fs:  11  -- #Conts: 35 H(1)  G(3)  E(23)  C(8) 
     24932 263.65 || noQ Q (Avg,Max,Min) (2.07, 2.59, 1.43) (0.00, 0.00, 0.01) #fs:  10  -- #Conts: 36 H(1)  G(3)  E(21)  C(11) 
     24946 259.65 || noQ Q (Avg,Max,Min) (2.10, 2.70, 1.43) (0.00, 0.00, 0.01) #fs:   8  -- #Conts: 35 H(1)  G(3)  E(21)  C(10) 
     25043 251.65 || noQ Q (Avg,Max,Min) (2.10, 3.07, 1.42) (0.00, 0.00, 0.01) #fs:  12  -- #Conts: 33 H(1)  G(3)  E(21)  C(8) 
     25145 240.94 || noQ Q (Avg,Max,Min) (2.10, 3.16, 1.42) (0.00, 0.00, 0.01) #fs:  10  -- #Conts: 31 H(1)  G(3)  E(20)  C(7) 
     25188 236.94 || noQ Q (Avg,Max,Min) (2.11, 3.14, 1.42) (0.00, 0.00, 0.01) #fs:  13  -- #Conts: 30 H(1)  G(3)  E(20)  C(6) 
     25236 234.59 || noQ Q (Avg,Max,Min) (2.05, 3.13, 1.42) (0.00, 0.00, 0.01) #fs:  12  -- #Conts: 31 H(1)  G(2)  E(22)  C(6) 
     25407 230.59 || noQ Q (Avg,Max,Min) (2.02, 3.18, 1.43) (0.00, 0.00, 0.01) #fs:  12  -- #Conts: 30 H(1)  G(2)  E(22)  C(5) 
     25499 226.47 || noQ Q (Avg,Max,Min) (2.01, 3.06, 1.43) (0.00, 0.00, 0.01) #fs:  10  -- #Conts: 31 H(1)  G(2)  E(19)  C(9) 
     25562 223.76 || noQ Q (Avg,Max,Min) (1.98, 3.05, 1.43) (0.00, 0.00, 0.01) #fs:  12  -- #Conts: 31 H(1)  G(2)  E(18)  C(10) 
     25691 222.47 || noQ Q (Avg,Max,Min) (2.02, 3.01, 1.43) (0.00, 0.00, 0.01) #fs:  10  -- #Conts: 30 H(1)  G(2)  E(19)  C(8) 
     25856 218.47 || noQ Q (Avg,Max,Min) (2.04, 2.97, 1.42) (0.00, 0.00, 0.01) #fs:   8  -- #Conts: 29 H(1)  G(2)  E(19)  C(7) 
     26257 215.76 || noQ Q (Avg,Max,Min) (2.06, 2.97, 1.42) (0.00, 0.00, 0.01) #fs:   4  -- #Conts: 29 H(1)  G(2)  E(18)  C(8) 
     26320 207.76 || noQ Q (Avg,Max,Min) (2.07, 2.94, 1.40) (0.00, 0.00, 0.01) #fs:   9  -- #Conts: 27 H(1)  G(2)  E(18)  C(6) 
     26429 199.76 || noQ Q (Avg,Max,Min) (2.05, 2.94, 1.41) (0.00, 0.00, 0.01) #fs:   6  -- #Conts: 25 H(1)  G(2)  E(18)  C(4) 
     26689 199.41 || noQ Q (Avg,Max,Min) (1.91, 2.80, 1.40) (0.00, 0.00, 0.01) #fs:  10  -- #Conts: 31 H(1)  G(2)  E(9)  C(19) 
     26828 195.41 || noQ Q (Avg,Max,Min) (1.90, 2.77, 1.39) (0.00, 0.00, 0.01) #fs:  11  -- #Conts: 30 H(1)  G(2)  E(9)  C(18) 
     26883 191.41 || noQ Q (Avg,Max,Min) (1.89, 2.74, 1.36) (0.00, 0.00, 0.01) #fs:   7  -- #Conts: 29 H(1)  G(2)  E(9)  C(17) 
     26917 187.41 || noQ Q (Avg,Max,Min) (1.92, 2.73, 1.41) (0.00, 0.00, 0.01) #fs:   7  -- #Conts: 28 H(1)  G(2)  E(9)  C(16) 
     27493 184.71 || noQ Q (Avg,Max,Min) (1.92, 3.08, 1.40) (0.00, 0.00, 0.01) #fs:   4  -- #Conts: 28 H(1)  G(2)  E(8)  C(17) 
     27584 182.00 || noQ Q (Avg,Max,Min) (1.89, 3.22, 1.34) (0.00, 0.00, 0.01) #fs:   8  -- #Conts: 28 H(1)  G(2)  E(7)  C(18) 
     27631 178.00 || noQ Q (Avg,Max,Min) (1.90, 3.13, 1.39) (0.00, 0.00, 0.01) #fs:  10  -- #Conts: 27 H(1)  G(2)  E(7)  C(17) 
     27777 172.59 || noQ Q (Avg,Max,Min) (1.87, 3.10, 1.39) (0.00, 0.00, 0.01) #fs:   5  -- #Conts: 27 H(1)  G(2)  E(5)  C(19) 
     28034 168.59 || noQ Q (Avg,Max,Min) (1.91, 3.05, 1.39) (0.00, 0.00, 0.01) #fs:   4  -- #Conts: 26 H(1)  G(2)  E(5)  C(18) 
     28657 166.00 || noQ Q (Avg,Max,Min) (1.93, 2.94, 1.38) (0.01, 0.00, 0.01) #fs:   2  -- #Conts: 24 H(1)  G(2)  E(7)  C(14) 
     28817 164.59 || noQ Q (Avg,Max,Min) (1.90, 2.91, 1.38) (0.01, 0.00, 0.01) #fs:   4  -- #Conts: 25 H(1)  G(2)  E(5)  C(17) 
     28886 162.00 || noQ Q (Avg,Max,Min) (1.95, 3.34, 1.38) (0.01, 0.00, 0.01) #fs:   3  -- #Conts: 23 H(1)  G(2)  E(7)  C(13) 
     29016 159.29 || noQ Q (Avg,Max,Min) (1.92, 3.38, 1.38) (0.01, 0.00, 0.01) #fs:   4  -- #Conts: 23 H(1)  G(2)  E(6)  C(14) 
     29068 155.29 || noQ Q (Avg,Max,Min) (1.93, 3.37, 1.38) (0.01, 0.00, 0.01) #fs:   5  -- #Conts: 22 H(1)  G(2)  E(6)  C(13) 
     29184 152.59 || noQ Q (Avg,Max,Min) (1.91, 3.34, 1.38) (0.01, 0.00, 0.01) #fs:   4  -- #Conts: 22 H(1)  G(2)  E(5)  C(14) 
     29774 148.59 || noQ Q (Avg,Max,Min) (1.92, 3.18, 1.37) (0.01, 0.00, 0.01) #fs:   2  -- #Conts: 21 H(1)  G(2)  E(5)  C(13) 
     30259 144.59 || noQ Q (Avg,Max,Min) (1.92, 3.09, 1.36) (0.01, 0.00, 0.01) #fs:   3  -- #Conts: 20 H(1)  G(2)  E(5)  C(12) 
     30314 140.59 || noQ Q (Avg,Max,Min) (1.93, 3.13, 1.36) (0.01, 0.00, 0.01) #fs:   3  -- #Conts: 19 H(1)  G(2)  E(5)  C(11) 
     30486 140.47 || noQ Q (Avg,Max,Min) (1.84, 3.05, 1.35) (0.01, 0.00, 0.01) #fs:   6  -- #Conts: 21 H(1)  G(2)  E(2)  C(16) 
     30607 136.59 || noQ Q (Avg,Max,Min) (1.96, 3.16, 1.36) (0.01, 0.00, 0.01) #fs:   5  -- #Conts: 18 H(1)  G(2)  E(5)  C(10) 
     30681 136.47 || noQ Q (Avg,Max,Min) (1.83, 3.02, 1.32) (0.01, 0.00, 0.01) #fs:   9  -- #Conts: 20 H(1)  G(2)  E(2)  C(15) 
     30814 132.47 || noQ Q (Avg,Max,Min) (1.76, 2.97, 1.17) (0.01, 0.00, 0.01) #fs:  13  -- #Conts: 19 H(1)  G(2)  E(2)  C(14) 
     31210 125.76 || noQ Q (Avg,Max,Min) (1.81, 3.06, 1.13) (0.01, 0.00, 0.01) #fs:  12  -- #Conts: 18 H(1)  G(2)  E(1)  C(14) 
     31759 121.76 || noQ Q (Avg,Max,Min) (1.87, 2.99, 1.22) (0.01, 0.00, 0.01) #fs:   5  -- #Conts: 17 H(1)  G(2)  E(1)  C(13) 
     31999 117.76 || noQ Q (Avg,Max,Min) (1.90, 2.92, 1.27) (0.01, 0.00, 0.01) #fs:   3  -- #Conts: 16 H(1)  G(2)  E(1)  C(12) 
     32403 113.76 || noQ Q (Avg,Max,Min) (1.86, 3.13, 1.11) (0.01, 0.00, 0.01) #fs:   7  -- #Conts: 15 H(1)  G(2)  E(1)  C(11) 
     32754 109.76 || noQ Q (Avg,Max,Min) (1.91, 3.18, 1.15) (0.01, 0.00, 0.01) #fs:   6  -- #Conts: 14 H(1)  G(2)  E(1)  C(10) 
     33374 105.76 || noQ Q (Avg,Max,Min) (1.95, 3.10, 1.33) (0.01, 0.01, 0.01) #fs:   3  -- #Conts: 13 H(1)  G(2)  E(1)  C(9) 
     34027 101.76 || noQ Q (Avg,Max,Min) (1.99, 3.32, 1.32) (0.01, 0.01, 0.02) #fs:   2  -- #Conts: 12 H(1)  G(2)  E(1)  C(8) 
     34879 097.76 || noQ Q (Avg,Max,Min) (1.98, 3.21, 1.31) (0.01, 0.01, 0.02) #fs:   2  -- #Conts: 11 H(1)  G(2)  E(1)  C(7) 
     35497 093.76 || noQ Q (Avg,Max,Min) (1.99, 3.45, 1.31) (0.01, 0.01, 0.02) #fs:   5  -- #Conts: 10 H(1)  G(2)  E(1)  C(6) 
     36103 089.76 || noQ Q (Avg,Max,Min) (2.01, 3.38, 1.30) (0.01, 0.01, 0.02) #fs:   5  -- #Conts: 9 H(1)  G(2)  E(1)  C(5) 
     37155 085.76 || noQ Q (Avg,Max,Min) (2.08, 3.21, 1.30) (0.01, 0.01, 0.02) #fs:   2  -- #Conts: 8 H(1)  G(2)  E(1)  C(4) 
     38041 081.76 || noQ Q (Avg,Max,Min) (2.10, 3.44, 1.29) (0.01, 0.01, 0.02) #fs:   4  -- #Conts: 7 H(1)  G(2)  E(1)  C(3) 
     39107 077.76 || noQ Q (Avg,Max,Min) (2.22, 3.55, 1.28) (0.01, 0.01, 0.02) #fs:   3  -- #Conts: 6 H(1)  G(2)  E(1)  C(2) 
     39922 075.76 || noQ Q (Avg,Max,Min) (1.90, 3.50, 0.49) (0.01, 0.00, 0.02) #fs:   5  -- #Conts: 7 H(1)  G(2)  A(2)  E(1)  C(1) 
     39955 074.76 || noQ Q (Avg,Max,Min) (2.14, 3.49, 1.00) (0.01, 0.00, 0.02) #fs:   4  -- #Conts: 6 H(1)  G(2)  A(1)  E(1)  C(1) 
     40033 073.76 || noQ Q (Avg,Max,Min) (2.36, 3.48, 1.27) (0.02, 0.01, 0.02) #fs:   3  -- #Conts: 5 H(1)  G(2)  E(1)  C(1) 
     40799 072.76 || noQ Q (Avg,Max,Min) (1.78, 3.37, 0.12) (0.01, 0.00, 0.02) #fs:   5  -- #Conts: 7 H(1)  G(2)  A(3)  E(1) 
     40841 071.76 || noQ Q (Avg,Max,Min) (2.05, 3.37, 1.23) (0.01, 0.01, 0.02) #fs:   4  -- #Conts: 6 H(1)  G(2)  A(2)  E(1) 
     41028 070.76 || noQ Q (Avg,Max,Min) (2.26, 3.34, 1.25) (0.02, 0.01, 0.02) #fs:   2  -- #Conts: 5 H(1)  G(2)  A(1)  E(1) 
     41505 069.76 || noQ Q (Avg,Max,Min) (2.52, 3.48, 1.26) (0.02, 0.01, 0.02) #fs:   2  -- #Conts: 4 H(1)  G(2)  E(1) 
     41861 069.06 || noQ Q (Avg,Max,Min) (2.02, 3.47, 1.22) (0.01, 0.01, 0.02) #fs:   3  -- #Conts: 6 H(1)  G(2)  A(2)  C(1) 
     42128 068.06 || noQ Q (Avg,Max,Min) (2.21, 3.45, 1.22) (0.02, 0.01, 0.02) #fs:   1  -- #Conts: 5 H(1)  G(2)  A(1)  C(1) 
     42465 067.06 || noQ Q (Avg,Max,Min) (2.44, 3.41, 1.26) (0.02, 0.01, 0.02) #fs:   1  -- #Conts: 4 H(1)  G(2)  C(1) 
     42735 067.00 || noQ Q (Avg,Max,Min) (1.59, 3.12, 1.21) (0.01, 0.01, 0.02) #fs:   2  -- #Conts: 10 H(1)  G(1)  A(5)  E(1)  C(2) 
     43141 066.00 || noQ Q (Avg,Max,Min) (1.65, 3.32, 1.21) (0.01, 0.01, 0.02) #fs:   2  -- #Conts: 9 H(1)  G(1)  A(4)  E(1)  C(2) 
     43444 065.00 || noQ Q (Avg,Max,Min) (1.69, 3.29, 1.21) (0.01, 0.01, 0.02) #fs:   0  -- #Conts: 8 H(1)  G(1)  A(3)  E(1)  C(2) 
     43961 064.00 || noQ Q (Avg,Max,Min) (1.54, 3.22, 1.17) (0.01, 0.01, 0.02) #fs:   1  -- #Conts: 10 H(1)  G(1)  A(6)  E(1)  C(1) 
     44391 063.00 || noQ Q (Avg,Max,Min) (1.57, 3.18, 1.18) (0.01, 0.01, 0.02) #fs:   2  -- #Conts: 9 H(1)  G(1)  A(5)  E(1)  C(1) 
     44773 062.00 || noQ Q (Avg,Max,Min) (1.63, 3.36, 1.20) (0.01, 0.01, 0.03) #fs:   2  -- #Conts: 8 H(1)  G(1)  A(4)  E(1)  C(1) 
     45258 061.00 || noQ Q (Avg,Max,Min) (1.68, 3.33, 1.19) (0.01, 0.01, 0.03) #fs:   2  -- #Conts: 7 H(1)  G(1)  A(3)  E(1)  C(1) 
     45874 060.00 || noQ Q (Avg,Max,Min) (1.77, 3.27, 1.24) (0.01, 0.01, 0.03) #fs:   1  -- #Conts: 6 H(1)  G(1)  A(2)  E(1)  C(1) 
     46102 059.00 || noQ Q (Avg,Max,Min) (1.89, 3.26, 1.21) (0.02, 0.01, 0.03) #fs:   2  -- #Conts: 5 H(1)  G(1)  A(1)  E(1)  C(1) 
     46685 058.00 || noQ Q (Avg,Max,Min) (2.06, 3.38, 1.24) (0.02, 0.01, 0.03) #fs:   2  -- #Conts: 4 H(1)  G(1)  E(1)  C(1) 
     47365 057.00 || noQ Q (Avg,Max,Min) (1.71, 3.36, 1.13) (0.02, 0.01, 0.03) #fs:   2  -- #Conts: 6 H(1)  G(1)  A(3)  E(1) 
     47904 056.00 || noQ Q (Avg,Max,Min) (1.79, 3.32, 1.07) (0.02, 0.01, 0.03) #fs:   1  -- #Conts: 5 H(1)  G(1)  A(2)  E(1) 
     48432 055.00 || noQ Q (Avg,Max,Min) (1.98, 3.44, 1.12) (0.02, 0.01, 0.03) #fs:   3  -- #Conts: 4 H(1)  G(1)  A(1)  E(1) 
     48939 054.00 || noQ Q (Avg,Max,Min) (2.24, 3.40, 1.22) (0.02, 0.02, 0.03) #fs:   0  -- #Conts: 3 H(1)  G(1)  E(1) 
     50257 053.29 || noQ Q (Avg,Max,Min) (1.41, 3.33, 1.00) (0.01, 0.01, 0.03) #fs:   2  -- #Conts: 8 H(1)  G(1)  A(6) 
     50819 052.29 || noQ Q (Avg,Max,Min) (1.44, 3.29, 0.97) (0.01, 0.01, 0.03) #fs:   5  -- #Conts: 7 H(1)  G(1)  A(5) 
     51352 051.29 || noQ Q (Avg,Max,Min) (1.53, 3.40, 1.06) (0.02, 0.01, 0.03) #fs:   3  -- #Conts: 6 H(1)  G(1)  A(4) 
     51956 050.29 || noQ Q (Avg,Max,Min) (1.61, 3.38, 1.15) (0.02, 0.01, 0.03) #fs:   1  -- #Conts: 5 H(1)  G(1)  A(3) 
     52650 049.29 || noQ Q (Avg,Max,Min) (1.72, 3.36, 1.14) (0.02, 0.01, 0.03) #fs:   2  -- #Conts: 4 H(1)  G(1)  A(2) 
     53349 048.29 || noQ Q (Avg,Max,Min) (1.93, 3.43, 1.17) (0.02, 0.01, 0.03) #fs:   1  -- #Conts: 3 H(1)  G(1)  A(1) 
     54098 047.29 || noQ Q (Avg,Max,Min) (2.29, 3.38, 1.20) (0.03, 0.02, 0.03) #fs:   0  -- #Conts: 2 H(1)  G(1) 
     54758 047.24 || noQ Q (Avg,Max,Min) (1.27, 2.01, 0.89) (0.01, 0.01, 0.02) #fs:   8  -- #Conts: 8 H(1)  A(5)  E(1)  C(1) 
     55517 046.24 || noQ Q (Avg,Max,Min) (1.31, 1.99, 0.99) (0.01, 0.01, 0.02) #fs:   4  -- #Conts: 7 H(1)  A(4)  E(1)  C(1) 
     56229 045.24 || noQ Q (Avg,Max,Min) (1.36, 2.11, 1.01) (0.02, 0.01, 0.02) #fs:   3  -- #Conts: 6 H(1)  A(3)  E(1)  C(1) 
     57112 044.24 || noQ Q (Avg,Max,Min) (1.38, 2.12, 1.02) (0.02, 0.01, 0.02) #fs:   3  -- #Conts: 5 H(1)  A(2)  E(1)  C(1) 
     58731 043.24 || noQ Q (Avg,Max,Min) (1.21, 2.10, 0.93) (0.01, 0.01, 0.02) #fs:   5  -- #Conts: 7 H(1)  A(5)  E(1) 
     59620 042.24 || noQ Q (Avg,Max,Min) (1.22, 2.04, 1.00) (0.02, 0.01, 0.02) #fs:   6  -- #Conts: 6 H(1)  A(4)  E(1) 
     60586 041.24 || noQ Q (Avg,Max,Min) (1.25, 2.01, 0.93) (0.02, 0.01, 0.02) #fs:   3  -- #Conts: 5 H(1)  A(3)  E(1) 
     61467 040.24 || noQ Q (Avg,Max,Min) (1.34, 2.09, 1.01) (0.02, 0.01, 0.03) #fs:   2  -- #Conts: 4 H(1)  A(2)  E(1) 
     62585 039.24 || noQ Q (Avg,Max,Min) (1.41, 2.08, 0.97) (0.02, 0.01, 0.03) #fs:   3  -- #Conts: 3 H(1)  A(1)  E(1) 
     63582 038.24 || noQ Q (Avg,Max,Min) (1.64, 2.11, 1.17) (0.02, 0.02, 0.03) #fs:   0  -- #Conts: 2 H(1)  E(1) 
     65526 037.53 || noQ Q (Avg,Max,Min) (1.21, 1.68, 0.96) (0.02, 0.01, 0.02) #fs:   3  -- #Conts: 4 H(1)  A(2)  C(1) 
     66794 036.53 || noQ Q (Avg,Max,Min) (1.25, 1.65, 0.94) (0.02, 0.01, 0.02) #fs:   3  -- #Conts: 3 H(1)  A(1)  C(1) 
     67985 035.53 || noQ Q (Avg,Max,Min) (1.41, 1.65, 1.16) (0.02, 0.02, 0.02) #fs:   1  -- #Conts: 2 H(1)  C(1) 
     71096 034.53 || noQ Q (Avg,Max,Min) (0.99, 1.16, 0.91) (0.02, 0.01, 0.02) #fs:   6  -- #Conts: 4 H(1)  A(3) 
     72531 033.53 || noQ Q (Avg,Max,Min) (1.00, 1.15, 0.89) (0.02, 0.01, 0.02) #fs:   5  -- #Conts: 3 H(1)  A(2) 
     74097 032.53 || noQ Q (Avg,Max,Min) (1.01, 1.15, 0.87) (0.02, 0.01, 0.02) #fs:   2  -- #Conts: 2 H(1)  A(1) 
     75562 031.53 || noQ Q (Avg,Max,Min) (1.15, 1.15, 1.15) (0.02, 0.02, 0.02) #fs:   0  -- #Conts: 1 H(1) 
     76113 031.18 || noQ Q (Avg,Max,Min) (1.49, 2.08, 1.02) (0.02, 0.01, 0.03) #fs:   3  -- #Conts: 5 G(1)  A(2)  E(2) 
     77166 030.18 || noQ Q (Avg,Max,Min) (1.56, 2.07, 1.02) (0.03, 0.01, 0.03) #fs:   2  -- #Conts: 4 G(1)  A(1)  E(2) 
     78637 029.18 || noQ Q (Avg,Max,Min) (1.75, 2.06, 1.14) (0.03, 0.02, 0.03) #fs:   1  -- #Conts: 3 G(1)  E(2) 
     81552 028.47 || noQ Q (Avg,Max,Min) (1.36, 2.01, 0.83) (0.02, 0.01, 0.03) #fs:   4  -- #Conts: 5 G(1)  A(2)  E(1)  C(1) 
     83385 027.47 || noQ Q (Avg,Max,Min) (1.42, 2.06, 0.87) (0.03, 0.01, 0.04) #fs:   3  -- #Conts: 4 G(1)  A(1)  E(1)  C(1) 
     84931 026.47 || noQ Q (Avg,Max,Min) (1.58, 2.02, 1.13) (0.03, 0.03, 0.04) #fs:   0  -- #Conts: 3 G(1)  E(1)  C(1) 
     88239 025.47 || noQ Q (Avg,Max,Min) (1.33, 2.01, 1.12) (0.03, 0.02, 0.04) #fs:   1  -- #Conts: 5 G(1)  A(3)  E(1) 
     90871 024.47 || noQ Q (Avg,Max,Min) (1.38, 2.04, 1.12) (0.03, 0.02, 0.04) #fs:   1  -- #Conts: 4 G(1)  A(2)  E(1) 
     93383 023.47 || noQ Q (Avg,Max,Min) (1.45, 2.06, 1.12) (0.03, 0.02, 0.04) #fs:   1  -- #Conts: 3 G(1)  A(1)  E(1) 
     96244 022.47 || noQ Q (Avg,Max,Min) (1.58, 2.04, 1.11) (0.04, 0.03, 0.04) #fs:   0  -- #Conts: 2 G(1)  E(1) 
    100577 021.76 || noQ Q (Avg,Max,Min) (1.23, 1.62, 1.05) (0.03, 0.02, 0.04) #fs:   2  -- #Conts: 4 G(1)  A(2)  C(1) 
    103688 020.76 || noQ Q (Avg,Max,Min) (1.28, 1.60, 1.11) (0.03, 0.03, 0.04) #fs:   2  -- #Conts: 3 G(1)  A(1)  C(1) 
    107395 019.76 || noQ Q (Avg,Max,Min) (1.36, 1.62, 1.10) (0.04, 0.03, 0.04) #fs:   0  -- #Conts: 2 G(1)  C(1) 
    114724 018.76 || noQ Q (Avg,Max,Min) (1.07, 1.10, 1.04) (0.03, 0.03, 0.03) #fs:   4  -- #Conts: 4 G(1)  A(3) 
    119520 017.76 || noQ Q (Avg,Max,Min) (1.04, 1.09, 0.99) (0.03, 0.03, 0.04) #fs:   3  -- #Conts: 3 G(1)  A(2) 
    123574 016.76 || noQ Q (Avg,Max,Min) (1.12, 1.16, 1.09) (0.04, 0.03, 0.04) #fs:   0  -- #Conts: 2 G(1)  A(1) 
    129465 015.76 || noQ Q (Avg,Max,Min) (1.09, 1.09, 1.09) (0.04, 0.04, 0.04) #fs:   0  -- #Conts: 1 G(1) 
    141137 015.71 || noQ Q (Avg,Max,Min) (1.35, 1.58, 1.15) (0.05, 0.04, 0.05) #fs:   1  -- #Conts: 4 A(1)  E(1)  C(2) 
    147799 014.71 || noQ Q (Avg,Max,Min) (1.40, 1.59, 1.27) (0.05, 0.05, 0.05) #fs:   2  -- #Conts: 3 E(1)  C(2) 
    160137 013.71 || noQ Q (Avg,Max,Min) (1.16, 1.33, 1.06) (0.05, 0.04, 0.06) #fs:   7  -- #Conts: 5 A(3)  E(1)  C(1) 
    169430 012.71 || noQ Q (Avg,Max,Min) (1.23, 1.49, 1.05) (0.05, 0.04, 0.07) #fs:   5  -- #Conts: 4 A(2)  E(1)  C(1) 
    178735 011.71 || noQ Q (Avg,Max,Min) (1.30, 1.44, 1.15) (0.06, 0.05, 0.07) #fs:   2  -- #Conts: 3 A(1)  E(1)  C(1) 
    190707 010.71 || noQ Q (Avg,Max,Min) (1.34, 1.41, 1.27) (0.07, 0.07, 0.07) #fs:   1  -- #Conts: 2 E(1)  C(1) 
    219368 009.71 || noQ Q (Avg,Max,Min) (1.12, 1.15, 1.05) (0.06, 0.06, 0.06) #fs:   1  -- #Conts: 4 A(3)  E(1) 
    238564 008.71 || noQ Q (Avg,Max,Min) (1.10, 1.13, 1.05) (0.07, 0.06, 0.07) #fs:   1  -- #Conts: 3 A(2)  E(1) 
    262114 007.71 || noQ Q (Avg,Max,Min) (1.09, 1.15, 1.04) (0.07, 0.07, 0.08) #fs:   0  -- #Conts: 2 A(1)  E(1) 
    291917 006.71 || noQ Q (Avg,Max,Min) (1.04, 1.04, 1.04) (0.08, 0.08, 0.08) #fs:   0  -- #Conts: 1 E(1) 
    363519 006.00 || noQ Q (Avg,Max,Min) (1.10, 1.14, 1.03) (0.10, 0.10, 0.10) #fs:   2  -- #Conts: 3 A(2)  C(1) 
    420682 005.00 || noQ Q (Avg,Max,Min) (1.08, 1.14, 1.03) (0.12, 0.12, 0.12) #fs:   0  -- #Conts: 2 A(1)  C(1) 
    504383 004.00 || noQ Q (Avg,Max,Min) (1.02, 1.02, 1.02) (0.14, 0.14, 0.14) #fs:   0  -- #Conts: 1 C(1) 
    779765 003.00 || noQ Q (Avg,Max,Min) (1.08, 1.13, 1.05) (0.22, 0.21, 0.23) #fs:   0  -- #Conts: 3 A(3) 
   1118341 002.00 || noQ Q (Avg,Max,Min) (1.07, 1.07, 1.07) (0.33, 0.33, 0.33) #fs:   0  -- #Conts: 2 A(2) 
   2236610 001.00 || noQ Q (Avg,Max,Min) (1.00, 1.00, 1.00) (0.62, 0.62, 0.62) #fs:   0  -- #Conts: 1 A(1) 
/////////////////size: 180
nodes 100 edges 192
 mulT: 1 mulD: 1  sumData GB 97
pareto /CYBERSHAKE.n.100.0.dax time -> 4963.0
moheft /CYBERSHAKE.n.100.0.dax time -> 15842.0
distance from M to C 9.441062552095094
distance from P to C 0.16241982771083804
distance from C to M 1.4410279938801882
distance from C to P 1.4396271774923626
toCompare: /CYBERSHAKE.n.100.0.dax sumDataGB: 97 mulT: 1 mulD: 1 paretoOptTime_MS: 4963.0 MoheftOptimizationTime_MS: 15842.0 MtoC 9.441062552095094 PtoC 0.16241982771083804 CtoM 1.4410279938801882 CtoP 1.4396271774923626
