specify -Dflow d,b,mt,md,size
Running /home/vaggelis/jc/CYBERSHAKE.n.50.0.dax mt 500 md: 500 size null
   7922536 409.88 || noQ Q (Avg,Max,Min) (2.48, 3.12, 1.23) (0.85, 0.75, 0.95) #fs:   5  -- #Conts: 9 H(9) 
   8273256 378.35 || noQ Q (Avg,Max,Min) (2.38, 3.06, 1.20) (0.90, 0.76, 1.14) #fs:   4  -- #Conts: 8 H(8) 
   8502482 346.82 || noQ Q (Avg,Max,Min) (2.23, 3.39, 1.22) (1.02, 0.77, 1.60) #fs:   2  -- #Conts: 7 H(7) 
   8789117 315.29 || noQ Q (Avg,Max,Min) (2.12, 3.32, 1.22) (1.19, 0.80, 1.68) #fs:   3  -- #Conts: 6 H(6) 
   8914109 283.76 || noQ Q (Avg,Max,Min) (2.09, 3.05, 1.20) (1.29, 0.99, 1.68) #fs:   4  -- #Conts: 5 H(5) 
   9203207 268.00 || noQ Q (Avg,Max,Min) (2.13, 3.05, 1.20) (1.35, 0.99, 1.68) #fs:   2  -- #Conts: 5 H(4)  G(1) 
   9327688 252.24 || noQ Q (Avg,Max,Min) (2.22, 2.93, 1.26) (1.54, 1.19, 1.72) #fs:   2  -- #Conts: 5 H(5) 
  10155505 220.71 || noQ Q (Avg,Max,Min) (2.50, 3.26, 1.52) (2.28, 1.42, 3.03) #fs:   3  -- #Conts: 5 H(5) 
  13133557 204.94 || noQ Q (Avg,Max,Min) (1.93, 2.42, 1.14) (1.71, 1.12, 1.93) #fs:   6  -- #Conts: 8 G(8) 
  20697395 201.18 || noQ Q (Avg,Max,Min) (1.44, 1.63, 1.04) (1.21, 0.81, 1.47) #fs:   6  -- #Conts: 11 E(11) 
  21195431 194.47 || noQ Q (Avg,Max,Min) (1.42, 1.66, 1.11) (1.18, 0.78, 1.44) #fs:   6  -- #Conts: 11 E(11) 
  22645248 187.76 || noQ Q (Avg,Max,Min) (1.39, 1.65, 0.97) (1.23, 0.81, 1.44) #fs:   6  -- #Conts: 10 E(10) 
  22899715 181.06 || noQ Q (Avg,Max,Min) (1.38, 1.58, 0.97) (1.29, 0.83, 1.46) #fs:   5  -- #Conts: 9 E(9) 
  22983464 174.35 || noQ Q (Avg,Max,Min) (1.43, 1.59, 1.11) (1.36, 1.09, 1.47) #fs:   4  -- #Conts: 8 E(8) 
/////////////////size: 14
   7644111 551.76 || noQ Q (Avg,Max,Min) (3.80, 5.48, 1.48) (0.78, 0.62, 1.08) #fs:   5  -- #Conts: 15 H(12)  G(3) 
   7680328 536.00 || noQ Q (Avg,Max,Min) (3.72, 5.48, 1.48) (0.79, 0.65, 1.09) #fs:   5  -- #Conts: 15 H(11)  G(4) 
   7715671 520.24 || noQ Q (Avg,Max,Min) (3.74, 6.09, 1.48) (0.84, 0.65, 1.55) #fs:   3  -- #Conts: 14 H(11)  G(3) 
   7721411 504.47 || noQ Q (Avg,Max,Min) (3.55, 6.05, 1.48) (0.84, 0.65, 1.55) #fs:   4  -- #Conts: 14 H(10)  G(4) 
   7829125 488.71 || noQ Q (Avg,Max,Min) (3.63, 5.17, 1.47) (0.85, 0.65, 1.40) #fs:   1  -- #Conts: 14 H(9)  G(5) 
   7853602 472.94 || noQ Q (Avg,Max,Min) (3.58, 5.65, 1.45) (0.91, 0.65, 1.57) #fs:   2  -- #Conts: 13 H(9)  G(4) 
   7879077 425.65 || noQ Q (Avg,Max,Min) (3.32, 5.32, 1.44) (1.00, 0.66, 1.59) #fs:   5  -- #Conts: 12 H(7)  G(5) 
   7910836 409.88 || noQ Q (Avg,Max,Min) (3.27, 5.21, 1.44) (1.01, 0.71, 1.60) #fs:   6  -- #Conts: 12 H(6)  G(6) 
   7970923 394.12 || noQ Q (Avg,Max,Min) (3.21, 4.99, 1.43) (1.02, 0.71, 1.62) #fs:   2  -- #Conts: 12 H(5)  G(7) 
   8002981 378.35 || noQ Q (Avg,Max,Min) (2.99, 4.56, 1.47) (0.99, 0.71, 1.45) #fs:   2  -- #Conts: 12 H(4)  G(8) 
   8029099 362.59 || noQ Q (Avg,Max,Min) (2.82, 4.48, 1.50) (0.95, 0.71, 1.46) #fs:   2  -- #Conts: 12 H(3)  G(9) 
   8241558 346.82 || noQ Q (Avg,Max,Min) (2.70, 4.28, 1.09) (0.94, 0.71, 1.69) #fs:   3  -- #Conts: 14 H(2)  G(12) 
   8258318 315.29 || noQ Q (Avg,Max,Min) (2.68, 4.19, 1.24) (0.97, 0.71, 1.70) #fs:   2  -- #Conts: 14 H(2)  G(12) 
   8422096 299.53 || noQ Q (Avg,Max,Min) (2.65, 3.88, 1.24) (1.05, 0.76, 1.74) #fs:   2  -- #Conts: 13 H(2)  G(11) 
   8530847 290.47 || noQ Q (Avg,Max,Min) (2.48, 3.84, 1.24) (1.07, 0.76, 1.75) #fs:   2  -- #Conts: 13 H(2)  G(10)  E(1) 
   8567328 283.76 || noQ Q (Avg,Max,Min) (2.52, 3.84, 1.24) (1.13, 0.76, 1.75) #fs:   3  -- #Conts: 12 H(2)  G(10) 
   8687681 268.00 || noQ Q (Avg,Max,Min) (2.54, 3.60, 1.24) (1.24, 0.76, 1.81) #fs:   2  -- #Conts: 11 H(2)  G(9) 
   8782863 252.24 || noQ Q (Avg,Max,Min) (2.48, 3.38, 1.24) (1.36, 0.77, 1.68) #fs:   3  -- #Conts: 10 H(2)  G(8) 
   8893379 236.47 || noQ Q (Avg,Max,Min) (2.55, 3.36, 1.24) (1.51, 1.20, 1.87) #fs:   2  -- #Conts: 9 H(2)  G(7) 
   8933852 234.41 || noQ Q (Avg,Max,Min) (2.04, 3.18, 0.35) (1.19, 0.03, 1.88) #fs:   2  -- #Conts: 12 H(2)  G(6)  A(2)  E(1)  C(1) 
   8934173 233.41 || noQ Q (Avg,Max,Min) (2.13, 3.18, 0.35) (1.29, 0.03, 1.88) #fs:   2  -- #Conts: 11 H(2)  G(6)  A(1)  E(1)  C(1) 
   8939061 232.41 || noQ Q (Avg,Max,Min) (2.16, 3.18, 0.70) (1.30, 0.03, 1.88) #fs:   1  -- #Conts: 11 H(2)  G(6)  A(1)  E(1)  C(1) 
   8940248 229.41 || noQ Q (Avg,Max,Min) (2.24, 3.18, 0.33) (1.42, 0.25, 1.88) #fs:   2  -- #Conts: 10 H(2)  G(6)  A(1)  E(1) 
   8951211 228.41 || noQ Q (Avg,Max,Min) (2.26, 3.16, 0.63) (1.42, 0.30, 1.89) #fs:   1  -- #Conts: 10 H(2)  G(6)  A(1)  E(1) 
   8962525 227.41 || noQ Q (Avg,Max,Min) (2.44, 3.16, 1.24) (1.55, 1.06, 1.89) #fs:   0  -- #Conts: 9 H(2)  G(6)  E(1) 
   8978402 226.06 || noQ Q (Avg,Max,Min) (2.16, 3.13, 1.00) (1.35, 0.24, 1.90) #fs:   1  -- #Conts: 11 H(2)  G(5)  A(1)  E(3) 
   8982318 225.06 || noQ Q (Avg,Max,Min) (2.27, 3.13, 1.24) (1.46, 1.24, 1.90) #fs:   1  -- #Conts: 10 H(2)  G(5)  E(3) 
   9149998 222.71 || noQ Q (Avg,Max,Min) (2.16, 2.98, 1.24) (1.38, 1.05, 1.94) #fs:   2  -- #Conts: 11 H(2)  G(4)  E(5) 
   9255593 218.00 || noQ Q (Avg,Max,Min) (1.94, 2.69, 1.24) (1.28, 1.07, 1.81) #fs:   1  -- #Conts: 13 H(2)  G(2)  E(9) 
   9443903 215.65 || noQ Q (Avg,Max,Min) (1.88, 2.54, 1.24) (1.25, 0.99, 1.86) #fs:   2  -- #Conts: 14 H(2)  G(1)  E(11) 
   9489349 212.94 || noQ Q (Avg,Max,Min) (1.84, 2.50, 1.24) (1.27, 0.99, 1.87) #fs:   3  -- #Conts: 14 H(2)  G(1)  E(10)  C(1) 
   9663518 210.94 || noQ Q (Avg,Max,Min) (2.01, 3.07, 1.24) (1.43, 0.99, 2.40) #fs:   1  -- #Conts: 11 H(2)  G(3)  E(5)  C(1) 
   9698639 210.24 || noQ Q (Avg,Max,Min) (1.81, 2.40, 1.24) (1.29, 0.99, 1.94) #fs:   2  -- #Conts: 14 H(2)  G(1)  E(9)  C(2) 
   9742210 208.24 || noQ Q (Avg,Max,Min) (1.93, 2.81, 1.24) (1.46, 1.13, 2.26) #fs:   3  -- #Conts: 11 H(2)  G(3)  E(4)  C(2) 
   9896121 204.24 || noQ Q (Avg,Max,Min) (2.04, 3.10, 1.24) (1.56, 1.13, 2.62) #fs:   1  -- #Conts: 10 H(2)  G(3)  E(4)  C(1) 
   9937782 200.24 || noQ Q (Avg,Max,Min) (2.08, 3.07, 1.24) (1.69, 1.20, 2.65) #fs:   2  -- #Conts: 9 H(2)  G(3)  E(4) 
  10016474 197.53 || noQ Q (Avg,Max,Min) (2.04, 2.99, 1.24) (1.71, 1.21, 2.67) #fs:   1  -- #Conts: 9 H(2)  G(3)  E(3)  C(1) 
  10100373 194.82 || noQ Q (Avg,Max,Min) (1.99, 2.97, 1.24) (1.74, 1.24, 2.68) #fs:   1  -- #Conts: 9 H(2)  G(3)  E(2)  C(2) 
  10302093 193.76 || noQ Q (Avg,Max,Min) (1.76, 2.83, 1.24) (1.58, 1.16, 2.75) #fs:   4  -- #Conts: 11 H(2)  G(2)  E(3)  C(4) 
  10339312 191.06 || noQ Q (Avg,Max,Min) (1.73, 2.67, 1.24) (1.62, 1.24, 2.60) #fs:   5  -- #Conts: 11 H(2)  G(2)  E(2)  C(5) 
  13914920 183.29 || noQ Q (Avg,Max,Min) (1.66, 1.97, 1.29) (1.56, 1.27, 1.97) #fs:   2  -- #Conts: 12 H(2)  G(1)  E(6)  C(3) 
  17514893 183.18 || noQ Q (Avg,Max,Min) (1.57, 1.97, 1.00) (1.44, 0.05, 1.97) #fs:   3  -- #Conts: 12 H(2)  G(1)  E(4)  C(5) 
  17540281 180.18 || noQ Q (Avg,Max,Min) (1.57, 1.97, 1.00) (1.45, 0.10, 1.97) #fs:   2  -- #Conts: 12 H(2)  G(1)  A(1)  E(4)  C(4) 
  17557195 179.18 || noQ Q (Avg,Max,Min) (1.63, 1.97, 1.32) (1.57, 1.31, 1.97) #fs:   3  -- #Conts: 11 H(2)  G(1)  E(4)  C(4) 
  24151176 174.12 || noQ Q (Avg,Max,Min) (1.61, 1.88, 1.11) (1.50, 1.09, 1.80) #fs:   3  -- #Conts: 13 E(9)  C(4) 
  25134506 172.71 || noQ Q (Avg,Max,Min) (1.50, 1.81, 1.04) (1.45, 0.83, 1.80) #fs:   6  -- #Conts: 13 E(9)  C(4) 
  25143410 168.71 || noQ Q (Avg,Max,Min) (1.52, 1.81, 1.09) (1.48, 1.09, 1.80) #fs:   4  -- #Conts: 13 E(9)  C(4) 
/////////////////size: 47
nodes 50 edges 92
 mulT: 500 mulD: 500  sumData GB 43151
pareto /CYBERSHAKE.n.50.0.dax time -> 712.0
moheft /CYBERSHAKE.n.50.0.dax time -> 1084.0
distance from M to C 0.0
distance from P to C 3.0278815519815914
distance from C to M 0.004901960784315178
distance from C to P 5.115410201128342
toCompare: /CYBERSHAKE.n.50.0.dax sumDataGB: 43151 mulT: 500 mulD: 500 paretoOptTime_MS: 712.0 MoheftOptimizationTime_MS: 1084.0 MtoC 0.0 PtoC 3.0278815519815914 CtoM 0.004901960784315178 CtoP 5.115410201128342
