specify -Dflow d,b,mt,md,size
Running /home/vaggelis/jc/CYBERSHAKE.n.100.0.dax mt 100 md: 1 size null
    782489 725.18 || noQ Q (Avg,Max,Min) (0.94, 1.05, 0.75) (0.09, 0.05, 0.19) #fs:  25  -- #Conts: 23 H(23) 
    790055 693.65 || noQ Q (Avg,Max,Min) (0.94, 1.05, 0.76) (0.10, 0.05, 0.22) #fs:  24  -- #Conts: 22 H(22) 
    809736 662.12 || noQ Q (Avg,Max,Min) (0.95, 1.05, 0.83) (0.10, 0.05, 0.22) #fs:  22  -- #Conts: 21 H(21) 
    833804 630.59 || noQ Q (Avg,Max,Min) (0.95, 1.05, 0.78) (0.11, 0.06, 0.22) #fs:  20  -- #Conts: 20 H(20) 
    846159 599.06 || noQ Q (Avg,Max,Min) (0.95, 1.05, 0.79) (0.11, 0.06, 0.22) #fs:  18  -- #Conts: 19 H(19) 
    871043 567.53 || noQ Q (Avg,Max,Min) (0.94, 1.05, 0.75) (0.12, 0.06, 0.22) #fs:  18  -- #Conts: 18 H(18) 
    876690 536.00 || noQ Q (Avg,Max,Min) (0.94, 1.05, 0.77) (0.13, 0.06, 0.25) #fs:  17  -- #Conts: 17 H(17) 
    906357 504.47 || noQ Q (Avg,Max,Min) (0.94, 1.04, 0.75) (0.14, 0.07, 0.25) #fs:  16  -- #Conts: 16 H(16) 
    913515 472.94 || noQ Q (Avg,Max,Min) (0.94, 1.04, 0.70) (0.14, 0.07, 0.25) #fs:  15  -- #Conts: 15 H(15) 
    937789 441.41 || noQ Q (Avg,Max,Min) (0.94, 1.04, 0.75) (0.15, 0.08, 0.25) #fs:  16  -- #Conts: 14 H(14) 
    974797 409.88 || noQ Q (Avg,Max,Min) (0.94, 1.04, 0.76) (0.17, 0.12, 0.25) #fs:  16  -- #Conts: 13 H(13) 
   1024758 378.35 || noQ Q (Avg,Max,Min) (0.95, 1.05, 0.71) (0.18, 0.08, 0.28) #fs:  11  -- #Conts: 12 H(12) 
   1045760 346.82 || noQ Q (Avg,Max,Min) (0.95, 1.05, 0.83) (0.20, 0.16, 0.28) #fs:  12  -- #Conts: 11 H(11) 
   1084586 315.29 || noQ Q (Avg,Max,Min) (0.98, 1.05, 0.89) (0.22, 0.19, 0.29) #fs:   8  -- #Conts: 10 H(10) 
   1166053 283.76 || noQ Q (Avg,Max,Min) (0.98, 1.04, 0.88) (0.24, 0.20, 0.31) #fs:   6  -- #Conts: 9 H(9) 
   1249688 252.24 || noQ Q (Avg,Max,Min) (0.99, 1.04, 0.93) (0.27, 0.23, 0.35) #fs:   6  -- #Conts: 8 H(8) 
   1409913 220.71 || noQ Q (Avg,Max,Min) (1.00, 1.04, 0.92) (0.31, 0.27, 0.38) #fs:   4  -- #Conts: 7 H(7) 
   1542156 189.18 || noQ Q (Avg,Max,Min) (1.00, 1.04, 0.92) (0.36, 0.34, 0.40) #fs:   5  -- #Conts: 6 H(6) 
   1769475 157.65 || noQ Q (Avg,Max,Min) (1.00, 1.04, 0.91) (0.43, 0.39, 0.48) #fs:   4  -- #Conts: 5 H(5) 
   2021085 141.88 || noQ Q (Avg,Max,Min) (0.96, 1.03, 0.82) (0.41, 0.32, 0.53) #fs:   8  -- #Conts: 9 G(9) 
   2088191 126.12 || noQ Q (Avg,Max,Min) (1.01, 1.04, 0.95) (0.54, 0.51, 0.59) #fs:   3  -- #Conts: 4 H(4) 
   2407429 110.35 || noQ Q (Avg,Max,Min) (0.98, 1.02, 0.92) (0.52, 0.45, 0.62) #fs:   5  -- #Conts: 7 G(7) 
   2621720 094.59 || noQ Q (Avg,Max,Min) (0.99, 1.02, 0.94) (0.61, 0.52, 0.74) #fs:   4  -- #Conts: 6 G(6) 
   3043849 078.82 || noQ Q (Avg,Max,Min) (0.99, 1.02, 0.93) (0.73, 0.66, 0.82) #fs:   4  -- #Conts: 5 G(5) 
   3594174 063.06 || noQ Q (Avg,Max,Min) (1.00, 1.03, 0.95) (0.91, 0.86, 0.97) #fs:   2  -- #Conts: 4 G(4) 
   4708035 060.35 || noQ Q (Avg,Max,Min) (0.96, 1.01, 0.87) (0.91, 0.77, 1.00) #fs:  12  -- #Conts: 9 E(9) 
/////////////////size: 26
    773304 1072.00 || noQ Q (Avg,Max,Min) (1.01, 1.06, 0.80) (0.06, 0.03, 0.22) #fs:  10  -- #Conts: 40 H(28)  G(12) 
    779381 1024.71 || noQ Q (Avg,Max,Min) (1.01, 1.06, 0.76) (0.06, 0.04, 0.22) #fs:   9  -- #Conts: 40 H(25)  G(15) 
    782862 1008.94 || noQ Q (Avg,Max,Min) (1.02, 1.06, 0.86) (0.07, 0.05, 0.22) #fs:  10  -- #Conts: 39 H(25)  G(14) 
    786101 977.41 || noQ Q (Avg,Max,Min) (1.01, 1.06, 0.86) (0.07, 0.05, 0.22) #fs:  14  -- #Conts: 38 H(24)  G(14) 
    803656 945.88 || noQ Q (Avg,Max,Min) (1.02, 1.06, 0.89) (0.07, 0.05, 0.22) #fs:   9  -- #Conts: 38 H(22)  G(16) 
    804740 914.35 || noQ Q (Avg,Max,Min) (1.02, 1.05, 0.83) (0.07, 0.05, 0.22) #fs:   7  -- #Conts: 38 H(20)  G(18) 
    810408 898.59 || noQ Q (Avg,Max,Min) (1.02, 1.05, 0.86) (0.07, 0.05, 0.23) #fs:   8  -- #Conts: 39 H(18)  G(21) 
    814291 882.82 || noQ Q (Avg,Max,Min) (1.00, 1.05, 0.83) (0.07, 0.05, 0.23) #fs:  11  -- #Conts: 38 H(18)  G(20) 
    815577 867.06 || noQ Q (Avg,Max,Min) (1.00, 1.05, 0.82) (0.07, 0.05, 0.23) #fs:  11  -- #Conts: 38 H(17)  G(21) 
    821047 851.29 || noQ Q (Avg,Max,Min) (1.00, 1.05, 0.79) (0.07, 0.05, 0.23) #fs:  10  -- #Conts: 37 H(17)  G(20) 
    827221 835.53 || noQ Q (Avg,Max,Min) (1.00, 1.05, 0.80) (0.08, 0.05, 0.23) #fs:  10  -- #Conts: 36 H(17)  G(19) 
    831813 801.65 || noQ Q (Avg,Max,Min) (1.01, 1.05, 0.78) (0.08, 0.05, 0.23) #fs:  12  -- #Conts: 35 H(17)  G(16)  E(2) 
    839378 770.12 || noQ Q (Avg,Max,Min) (1.02, 1.05, 0.83) (0.08, 0.05, 0.23) #fs:   8  -- #Conts: 34 H(16)  G(16)  E(2) 
    843905 754.35 || noQ Q (Avg,Max,Min) (1.02, 1.05, 0.81) (0.08, 0.06, 0.24) #fs:   6  -- #Conts: 33 H(16)  G(15)  E(2) 
    847717 729.53 || noQ Q (Avg,Max,Min) (1.02, 1.04, 0.91) (0.08, 0.06, 0.24) #fs:   2  -- #Conts: 34 H(14)  G(17)  E(3) 
    855921 704.71 || noQ Q (Avg,Max,Min) (1.02, 1.04, 0.84) (0.09, 0.06, 0.24) #fs:   7  -- #Conts: 35 H(12)  G(19)  E(4) 
    858534 702.35 || noQ Q (Avg,Max,Min) (1.02, 1.04, 0.97) (0.09, 0.06, 0.24) #fs:   8  -- #Conts: 36 H(12)  G(18)  E(6) 
    872571 695.65 || noQ Q (Avg,Max,Min) (1.02, 1.04, 1.00) (0.09, 0.06, 0.24) #fs:   5  -- #Conts: 35 H(12)  G(18)  E(5) 
    875464 688.94 || noQ Q (Avg,Max,Min) (1.02, 1.04, 1.00) (0.09, 0.06, 0.24) #fs:   4  -- #Conts: 34 H(12)  G(18)  E(4) 
    883482 679.88 || noQ Q (Avg,Max,Min) (1.02, 1.04, 0.96) (0.09, 0.06, 0.25) #fs:   3  -- #Conts: 34 H(12)  G(17)  E(5) 
    890638 670.82 || noQ Q (Avg,Max,Min) (1.02, 1.04, 1.00) (0.09, 0.06, 0.25) #fs:   4  -- #Conts: 35 H(11)  G(18)  E(6) 
    893531 668.47 || noQ Q (Avg,Max,Min) (1.02, 1.04, 0.93) (0.09, 0.06, 0.25) #fs:   4  -- #Conts: 36 H(11)  G(17)  E(8) 
    894963 661.76 || noQ Q (Avg,Max,Min) (1.02, 1.04, 0.96) (0.09, 0.06, 0.25) #fs:   6  -- #Conts: 35 H(11)  G(17)  E(7) 
    905255 639.29 || noQ Q (Avg,Max,Min) (1.01, 1.04, 0.91) (0.09, 0.06, 0.25) #fs:   7  -- #Conts: 34 H(10)  G(18)  E(6) 
    913934 632.59 || noQ Q (Avg,Max,Min) (1.02, 1.04, 0.97) (0.10, 0.06, 0.25) #fs:   6  -- #Conts: 33 H(10)  G(18)  E(5) 
    914778 625.88 || noQ Q (Avg,Max,Min) (1.01, 1.04, 0.88) (0.10, 0.06, 0.25) #fs:   7  -- #Conts: 32 H(10)  G(18)  E(4) 
    918980 610.12 || noQ Q (Avg,Max,Min) (1.01, 1.04, 0.91) (0.10, 0.07, 0.26) #fs:   8  -- #Conts: 31 H(10)  G(17)  E(4) 
    921588 585.29 || noQ Q (Avg,Max,Min) (1.00, 1.03, 0.92) (0.10, 0.07, 0.26) #fs:  10  -- #Conts: 32 H(8)  G(19)  E(5) 
    931875 571.88 || noQ Q (Avg,Max,Min) (1.00, 1.04, 0.89) (0.11, 0.08, 0.25) #fs:  11  -- #Conts: 30 H(8)  G(19)  E(3) 
    939811 560.47 || noQ Q (Avg,Max,Min) (1.00, 1.04, 0.87) (0.11, 0.08, 0.25) #fs:  11  -- #Conts: 32 H(7)  G(19)  E(6) 
    948543 553.76 || noQ Q (Avg,Max,Min) (1.01, 1.04, 0.90) (0.11, 0.08, 0.25) #fs:   8  -- #Conts: 31 H(7)  G(19)  E(5) 
    949387 551.41 || noQ Q (Avg,Max,Min) (1.00, 1.04, 0.88) (0.11, 0.08, 0.25) #fs:  11  -- #Conts: 32 H(7)  G(18)  E(7) 
    956238 544.71 || noQ Q (Avg,Max,Min) (1.01, 1.04, 0.88) (0.11, 0.08, 0.25) #fs:   9  -- #Conts: 31 H(7)  G(18)  E(6) 
    961120 517.88 || noQ Q (Avg,Max,Min) (1.00, 1.04, 0.84) (0.12, 0.08, 0.26) #fs:  11  -- #Conts: 27 H(7)  G(18)  E(2) 
    963594 508.82 || noQ Q (Avg,Max,Min) (0.98, 1.04, 0.78) (0.12, 0.08, 0.26) #fs:  17  -- #Conts: 27 H(7)  G(17)  E(3) 
    970756 499.76 || noQ Q (Avg,Max,Min) (0.97, 1.04, 0.72) (0.12, 0.08, 0.27) #fs:  18  -- #Conts: 27 H(7)  G(16)  E(4) 
    978203 486.35 || noQ Q (Avg,Max,Min) (0.98, 1.04, 0.74) (0.12, 0.08, 0.27) #fs:  12  -- #Conts: 25 H(7)  G(16)  E(2) 
    982429 479.65 || noQ Q (Avg,Max,Min) (0.99, 1.04, 0.80) (0.13, 0.08, 0.28) #fs:   9  -- #Conts: 24 H(7)  G(16)  E(1) 
    985163 472.94 || noQ Q (Avg,Max,Min) (1.00, 1.04, 0.81) (0.13, 0.08, 0.28) #fs:   6  -- #Conts: 23 H(7)  G(16) 
    992825 457.18 || noQ Q (Avg,Max,Min) (0.99, 1.04, 0.75) (0.13, 0.09, 0.28) #fs:  10  -- #Conts: 23 H(6)  G(17) 
    999353 445.76 || noQ Q (Avg,Max,Min) (0.99, 1.04, 0.78) (0.13, 0.10, 0.28) #fs:  14  -- #Conts: 25 H(5)  G(17)  E(3) 
   1008550 427.65 || noQ Q (Avg,Max,Min) (0.99, 1.03, 0.77) (0.13, 0.08, 0.28) #fs:  10  -- #Conts: 28 H(2)  G(21)  E(5) 
   1012212 425.29 || noQ Q (Avg,Max,Min) (0.99, 1.03, 0.78) (0.13, 0.08, 0.29) #fs:  12  -- #Conts: 29 H(2)  G(20)  E(7) 
   1020746 418.59 || noQ Q (Avg,Max,Min) (0.99, 1.04, 0.80) (0.13, 0.08, 0.29) #fs:  10  -- #Conts: 28 H(2)  G(20)  E(6) 
   1023588 411.88 || noQ Q (Avg,Max,Min) (1.00, 1.04, 0.78) (0.14, 0.08, 0.29) #fs:   8  -- #Conts: 27 H(2)  G(20)  E(5) 
   1030711 398.47 || noQ Q (Avg,Max,Min) (1.01, 1.03, 0.83) (0.14, 0.08, 0.29) #fs:   8  -- #Conts: 25 H(2)  G(20)  E(3) 
   1036041 393.41 || noQ Q (Avg,Max,Min) (1.01, 1.04, 0.81) (0.14, 0.08, 0.29) #fs:   8  -- #Conts: 26 H(2)  G(19)  E(4)  C(1) 
   1044108 384.35 || noQ Q (Avg,Max,Min) (1.01, 1.04, 0.96) (0.15, 0.08, 0.29) #fs:   6  -- #Conts: 26 H(2)  G(18)  E(5)  C(1) 
   1044749 381.65 || noQ Q (Avg,Max,Min) (1.01, 1.04, 0.94) (0.15, 0.11, 0.29) #fs:  10  -- #Conts: 26 H(2)  G(18)  E(4)  C(2) 
   1052123 376.59 || noQ Q (Avg,Max,Min) (1.01, 1.03, 0.93) (0.15, 0.08, 0.30) #fs:   9  -- #Conts: 27 H(2)  G(17)  E(5)  C(3) 
   1057100 373.53 || noQ Q (Avg,Max,Min) (0.99, 1.03, 0.62) (0.14, 0.03, 0.30) #fs:   7  -- #Conts: 30 H(2)  G(16)  A(2)  E(6)  C(4) 
   1057370 372.53 || noQ Q (Avg,Max,Min) (0.99, 1.03, 0.62) (0.15, 0.05, 0.30) #fs:   7  -- #Conts: 29 H(2)  G(16)  A(1)  E(6)  C(4) 
   1058057 371.53 || noQ Q (Avg,Max,Min) (0.99, 1.03, 0.62) (0.15, 0.08, 0.30) #fs:   7  -- #Conts: 28 H(2)  G(16)  E(6)  C(4) 
   1064861 366.12 || noQ Q (Avg,Max,Min) (1.02, 1.03, 1.00) (0.15, 0.11, 0.30) #fs:   7  -- #Conts: 28 H(2)  G(16)  E(4)  C(6) 
   1072482 357.06 || noQ Q (Avg,Max,Min) (1.01, 1.02, 0.94) (0.15, 0.11, 0.30) #fs:   7  -- #Conts: 29 H(1)  G(17)  E(5)  C(6) 
   1082431 354.71 || noQ Q (Avg,Max,Min) (1.01, 1.02, 0.89) (0.15, 0.09, 0.31) #fs:   6  -- #Conts: 30 H(1)  G(16)  E(7)  C(6) 
   1088057 352.35 || noQ Q (Avg,Max,Min) (1.01, 1.02, 0.94) (0.15, 0.09, 0.31) #fs:   6  -- #Conts: 31 H(1)  G(15)  E(9)  C(6) 
   1098123 350.00 || noQ Q (Avg,Max,Min) (1.00, 1.02, 0.92) (0.15, 0.09, 0.31) #fs:  12  -- #Conts: 32 H(1)  G(14)  E(11)  C(6) 
   1115939 344.94 || noQ Q (Avg,Max,Min) (0.99, 1.02, 0.75) (0.15, 0.09, 0.31) #fs:  10  -- #Conts: 33 H(1)  G(13)  E(12)  C(7) 
   1126062 342.59 || noQ Q (Avg,Max,Min) (1.01, 1.02, 0.89) (0.15, 0.09, 0.32) #fs:   7  -- #Conts: 34 H(1)  G(12)  E(14)  C(7) 
   1135562 339.88 || noQ Q (Avg,Max,Min) (1.01, 1.02, 1.00) (0.15, 0.10, 0.32) #fs:   4  -- #Conts: 34 H(1)  G(12)  E(13)  C(8) 
   1140304 337.53 || noQ Q (Avg,Max,Min) (1.01, 1.02, 0.86) (0.15, 0.10, 0.32) #fs:   6  -- #Conts: 35 H(1)  G(11)  E(15)  C(8) 
   1148734 334.82 || noQ Q (Avg,Max,Min) (1.01, 1.02, 0.99) (0.15, 0.10, 0.32) #fs:   5  -- #Conts: 35 H(1)  G(11)  E(14)  C(9) 
   1155166 332.47 || noQ Q (Avg,Max,Min) (1.00, 1.02, 0.87) (0.15, 0.10, 0.32) #fs:   7  -- #Conts: 36 H(1)  G(10)  E(16)  C(9) 
   1169458 327.41 || noQ Q (Avg,Max,Min) (1.00, 1.02, 0.85) (0.16, 0.11, 0.33) #fs:   7  -- #Conts: 37 H(1)  G(9)  E(17)  C(10) 
   1175426 325.06 || noQ Q (Avg,Max,Min) (0.99, 1.02, 0.85) (0.16, 0.11, 0.33) #fs:  11  -- #Conts: 38 H(1)  G(8)  E(19)  C(10) 
   1189826 322.71 || noQ Q (Avg,Max,Min) (1.00, 1.02, 0.84) (0.16, 0.11, 0.33) #fs:   8  -- #Conts: 39 H(1)  G(7)  E(21)  C(10) 
   1204472 317.65 || noQ Q (Avg,Max,Min) (1.01, 1.02, 0.99) (0.16, 0.11, 0.34) #fs:   5  -- #Conts: 40 H(1)  G(6)  E(22)  C(11) 
   1210032 316.35 || noQ Q (Avg,Max,Min) (1.01, 1.02, 0.95) (0.16, 0.11, 0.34) #fs:   6  -- #Conts: 39 H(1)  G(6)  E(23)  C(9) 
   1216595 315.29 || noQ Q (Avg,Max,Min) (1.01, 1.02, 0.88) (0.16, 0.11, 0.34) #fs:   6  -- #Conts: 41 H(1)  G(5)  E(24)  C(11) 
   1223082 311.29 || noQ Q (Avg,Max,Min) (1.00, 1.02, 0.88) (0.16, 0.11, 0.34) #fs:   6  -- #Conts: 40 H(1)  G(5)  E(24)  C(10) 
   1238375 307.29 || noQ Q (Avg,Max,Min) (1.00, 1.02, 0.91) (0.16, 0.11, 0.35) #fs:   6  -- #Conts: 39 H(1)  G(5)  E(24)  C(9) 
   1241132 303.29 || noQ Q (Avg,Max,Min) (1.01, 1.02, 0.93) (0.17, 0.11, 0.35) #fs:   5  -- #Conts: 38 H(1)  G(5)  E(24)  C(8) 
   1250603 295.53 || noQ Q (Avg,Max,Min) (1.00, 1.02, 0.87) (0.17, 0.11, 0.35) #fs:   5  -- #Conts: 39 H(1)  G(4)  E(24)  C(10) 
   1255782 292.82 || noQ Q (Avg,Max,Min) (1.00, 1.02, 0.84) (0.17, 0.12, 0.36) #fs:   8  -- #Conts: 39 H(1)  G(4)  E(23)  C(11) 
   1281861 292.71 || noQ Q (Avg,Max,Min) (1.01, 1.02, 0.99) (0.17, 0.13, 0.36) #fs:   4  -- #Conts: 41 H(1)  G(4)  E(20)  C(16) 
   1288635 288.71 || noQ Q (Avg,Max,Min) (1.01, 1.02, 0.94) (0.18, 0.13, 0.36) #fs:   6  -- #Conts: 40 H(1)  G(4)  E(20)  C(15) 
   1294962 284.71 || noQ Q (Avg,Max,Min) (1.01, 1.02, 0.98) (0.18, 0.13, 0.37) #fs:   5  -- #Conts: 39 H(1)  G(4)  E(20)  C(14) 
   1306301 278.35 || noQ Q (Avg,Max,Min) (1.01, 1.01, 0.93) (0.18, 0.13, 0.37) #fs:   7  -- #Conts: 39 H(1)  G(3)  E(22)  C(13) 
   1318404 274.35 || noQ Q (Avg,Max,Min) (1.01, 1.02, 0.96) (0.19, 0.13, 0.37) #fs:   6  -- #Conts: 38 H(1)  G(3)  E(22)  C(12) 
   1324064 270.35 || noQ Q (Avg,Max,Min) (1.01, 1.02, 0.95) (0.19, 0.13, 0.37) #fs:   7  -- #Conts: 37 H(1)  G(3)  E(22)  C(11) 
   1331482 267.65 || noQ Q (Avg,Max,Min) (1.00, 1.02, 0.93) (0.19, 0.14, 0.37) #fs:   8  -- #Conts: 37 H(1)  G(3)  E(21)  C(12) 
   1342288 257.29 || noQ Q (Avg,Max,Min) (1.00, 1.01, 0.87) (0.20, 0.14, 0.38) #fs:   7  -- #Conts: 36 H(1)  G(2)  E(23)  C(10) 
   1350870 254.59 || noQ Q (Avg,Max,Min) (1.00, 1.02, 0.87) (0.20, 0.14, 0.38) #fs:   7  -- #Conts: 36 H(1)  G(2)  E(22)  C(11) 
   1353916 250.59 || noQ Q (Avg,Max,Min) (0.99, 1.02, 0.88) (0.21, 0.16, 0.38) #fs:  12  -- #Conts: 35 H(1)  G(2)  E(22)  C(10) 
   1366068 246.59 || noQ Q (Avg,Max,Min) (1.00, 1.02, 0.85) (0.21, 0.16, 0.38) #fs:   8  -- #Conts: 34 H(1)  G(2)  E(22)  C(9) 
   1372707 245.53 || noQ Q (Avg,Max,Min) (0.98, 1.02, 0.81) (0.21, 0.15, 0.39) #fs:  13  -- #Conts: 36 H(1)  G(1)  E(23)  C(11) 
   1382320 242.82 || noQ Q (Avg,Max,Min) (1.00, 1.02, 0.88) (0.21, 0.16, 0.39) #fs:   8  -- #Conts: 36 H(1)  G(1)  E(22)  C(12) 
   1387975 240.12 || noQ Q (Avg,Max,Min) (0.99, 1.02, 0.80) (0.21, 0.16, 0.39) #fs:   9  -- #Conts: 36 H(1)  G(1)  E(21)  C(13) 
   1390152 238.82 || noQ Q (Avg,Max,Min) (0.99, 1.01, 0.80) (0.21, 0.16, 0.39) #fs:   8  -- #Conts: 35 H(1)  G(1)  E(22)  C(11) 
   1396675 233.41 || noQ Q (Avg,Max,Min) (0.98, 1.01, 0.78) (0.22, 0.17, 0.39) #fs:  13  -- #Conts: 35 H(1)  G(1)  E(20)  C(13) 
   1417978 229.41 || noQ Q (Avg,Max,Min) (0.98, 1.01, 0.80) (0.22, 0.17, 0.40) #fs:  10  -- #Conts: 34 H(1)  G(1)  E(20)  C(12) 
   1440530 226.71 || noQ Q (Avg,Max,Min) (0.98, 1.02, 0.78) (0.23, 0.17, 0.41) #fs:   9  -- #Conts: 34 H(1)  G(1)  E(19)  C(13) 
   1461187 224.00 || noQ Q (Avg,Max,Min) (0.98, 1.01, 0.83) (0.23, 0.14, 0.41) #fs:  10  -- #Conts: 34 H(1)  G(1)  E(18)  C(14) 
   1466863 220.00 || noQ Q (Avg,Max,Min) (0.99, 1.01, 0.89) (0.23, 0.17, 0.41) #fs:   7  -- #Conts: 33 H(1)  G(1)  E(18)  C(13) 
   1472001 217.29 || noQ Q (Avg,Max,Min) (0.99, 1.01, 0.83) (0.23, 0.18, 0.41) #fs:   9  -- #Conts: 33 H(1)  G(1)  E(17)  C(14) 
   1479146 216.59 || noQ Q (Avg,Max,Min) (0.99, 1.02, 0.79) (0.23, 0.14, 0.42) #fs:  13  -- #Conts: 31 H(1)  G(3)  E(11)  C(16) 
   1489330 212.59 || noQ Q (Avg,Max,Min) (0.99, 1.01, 0.76) (0.24, 0.14, 0.42) #fs:   9  -- #Conts: 30 H(1)  G(3)  E(11)  C(15) 
   1507402 208.59 || noQ Q (Avg,Max,Min) (1.01, 1.01, 0.93) (0.24, 0.14, 0.42) #fs:   8  -- #Conts: 29 H(1)  G(3)  E(11)  C(14) 
   1524784 204.59 || noQ Q (Avg,Max,Min) (1.00, 1.01, 0.87) (0.25, 0.19, 0.42) #fs:   6  -- #Conts: 28 H(1)  G(3)  E(11)  C(13) 
   1541049 204.35 || noQ Q (Avg,Max,Min) (1.00, 1.01, 0.82) (0.25, 0.17, 0.43) #fs:   7  -- #Conts: 32 H(1)  G(3)  E(5)  C(23) 
   1581811 200.35 || noQ Q (Avg,Max,Min) (1.01, 1.02, 0.99) (0.25, 0.17, 0.45) #fs:   4  -- #Conts: 31 H(1)  G(3)  E(5)  C(22) 
   1610024 199.06 || noQ Q (Avg,Max,Min) (1.01, 1.02, 0.96) (0.25, 0.17, 0.45) #fs:   4  -- #Conts: 30 H(1)  G(3)  E(6)  C(20) 
   1626632 193.65 || noQ Q (Avg,Max,Min) (1.00, 1.01, 0.97) (0.26, 0.19, 0.45) #fs:   6  -- #Conts: 30 H(1)  G(3)  E(4)  C(22) 
   1642717 185.65 || noQ Q (Avg,Max,Min) (1.00, 1.02, 0.96) (0.27, 0.19, 0.46) #fs:   7  -- #Conts: 28 H(1)  G(3)  E(4)  C(20) 
   1720587 177.65 || noQ Q (Avg,Max,Min) (1.01, 1.02, 0.99) (0.28, 0.20, 0.48) #fs:   2  -- #Conts: 26 H(1)  G(3)  E(4)  C(18) 
   1759621 173.65 || noQ Q (Avg,Max,Min) (1.00, 1.02, 0.93) (0.29, 0.21, 0.50) #fs:   4  -- #Conts: 25 H(1)  G(3)  E(4)  C(17) 
   1778160 169.65 || noQ Q (Avg,Max,Min) (1.00, 1.02, 0.90) (0.29, 0.21, 0.50) #fs:   5  -- #Conts: 24 H(1)  G(3)  E(4)  C(16) 
   1814088 165.65 || noQ Q (Avg,Max,Min) (1.00, 1.02, 0.86) (0.30, 0.22, 0.51) #fs:   4  -- #Conts: 23 H(1)  G(3)  E(4)  C(15) 
   1830251 162.94 || noQ Q (Avg,Max,Min) (1.00, 1.02, 0.92) (0.30, 0.22, 0.51) #fs:   7  -- #Conts: 23 H(1)  G(3)  E(3)  C(16) 
   1841525 160.24 || noQ Q (Avg,Max,Min) (1.00, 1.02, 0.87) (0.31, 0.22, 0.52) #fs:   6  -- #Conts: 23 H(1)  G(3)  E(2)  C(17) 
   1860567 157.53 || noQ Q (Avg,Max,Min) (1.00, 1.02, 0.87) (0.32, 0.22, 0.52) #fs:   7  -- #Conts: 23 H(1)  G(3)  E(1)  C(18) 
   1870180 156.24 || noQ Q (Avg,Max,Min) (1.00, 1.02, 0.94) (0.32, 0.23, 0.53) #fs:   5  -- #Conts: 22 H(1)  G(3)  E(2)  C(16) 
   1884292 153.53 || noQ Q (Avg,Max,Min) (1.00, 1.02, 0.90) (0.33, 0.23, 0.53) #fs:   6  -- #Conts: 22 H(1)  G(3)  E(1)  C(17) 
   1905373 149.53 || noQ Q (Avg,Max,Min) (0.99, 1.02, 0.81) (0.34, 0.24, 0.53) #fs:   8  -- #Conts: 21 H(1)  G(3)  E(1)  C(16) 
   1918200 145.53 || noQ Q (Avg,Max,Min) (0.96, 1.02, 0.77) (0.36, 0.25, 0.54) #fs:  12  -- #Conts: 20 H(1)  G(3)  E(1)  C(15) 
   1968323 141.53 || noQ Q (Avg,Max,Min) (1.00, 1.02, 0.89) (0.36, 0.27, 0.55) #fs:   5  -- #Conts: 19 H(1)  G(3)  E(1)  C(14) 
   2000306 137.53 || noQ Q (Avg,Max,Min) (0.99, 1.01, 0.86) (0.38, 0.27, 0.56) #fs:   7  -- #Conts: 18 H(1)  G(3)  E(1)  C(13) 
   2018890 133.53 || noQ Q (Avg,Max,Min) (1.00, 1.02, 0.97) (0.40, 0.28, 0.57) #fs:  10  -- #Conts: 17 H(1)  G(3)  E(1)  C(12) 
   2041287 129.53 || noQ Q (Avg,Max,Min) (0.96, 1.02, 0.76) (0.41, 0.31, 0.58) #fs:  10  -- #Conts: 16 H(1)  G(3)  E(1)  C(11) 
   2069969 126.53 || noQ Q (Avg,Max,Min) (0.92, 1.02, 0.28) (0.40, 0.08, 0.58) #fs:   6  -- #Conts: 16 H(1)  G(3)  A(1)  E(1)  C(10) 
   2073414 125.53 || noQ Q (Avg,Max,Min) (0.96, 1.02, 0.63) (0.43, 0.26, 0.58) #fs:   5  -- #Conts: 15 H(1)  G(3)  E(1)  C(10) 
   2111735 121.53 || noQ Q (Avg,Max,Min) (0.98, 1.02, 0.70) (0.44, 0.30, 0.60) #fs:   4  -- #Conts: 14 H(1)  G(3)  E(1)  C(9) 
   2166892 117.53 || noQ Q (Avg,Max,Min) (1.01, 1.02, 1.00) (0.46, 0.41, 0.61) #fs:   1  -- #Conts: 13 H(1)  G(3)  E(1)  C(8) 
   2238685 113.53 || noQ Q (Avg,Max,Min) (1.01, 1.02, 1.01) (0.48, 0.41, 0.63) #fs:   3  -- #Conts: 12 H(1)  G(3)  E(1)  C(7) 
   2255620 110.82 || noQ Q (Avg,Max,Min) (1.01, 1.02, 1.00) (0.50, 0.44, 0.64) #fs:   3  -- #Conts: 12 H(1)  G(3)  C(8) 
   2372125 106.82 || noQ Q (Avg,Max,Min) (1.01, 1.02, 1.00) (0.50, 0.44, 0.67) #fs:   1  -- #Conts: 11 H(1)  G(3)  C(7) 
   2379394 104.71 || noQ Q (Avg,Max,Min) (1.01, 1.01, 1.01) (0.51, 0.42, 0.67) #fs:   0  -- #Conts: 15 H(1)  G(1)  E(2)  C(11) 
   2410412 102.82 || noQ Q (Avg,Max,Min) (1.01, 1.02, 0.99) (0.53, 0.46, 0.68) #fs:   1  -- #Conts: 10 H(1)  G(3)  C(6) 
   2527059 100.71 || noQ Q (Avg,Max,Min) (1.00, 1.01, 0.93) (0.52, 0.46, 0.71) #fs:   3  -- #Conts: 14 H(1)  G(1)  E(2)  C(10) 
   2575664 096.71 || noQ Q (Avg,Max,Min) (1.01, 1.01, 0.99) (0.55, 0.46, 0.73) #fs:   4  -- #Conts: 13 H(1)  G(1)  E(2)  C(9) 
   2651633 094.00 || noQ Q (Avg,Max,Min) (0.99, 1.02, 0.88) (0.56, 0.48, 0.75) #fs:   6  -- #Conts: 13 H(1)  G(1)  E(1)  C(10) 
   2774110 090.00 || noQ Q (Avg,Max,Min) (0.99, 1.02, 0.89) (0.59, 0.49, 0.78) #fs:   6  -- #Conts: 15 H(1)  G(1)  A(4)  E(1)  C(8) 
   2799011 089.00 || noQ Q (Avg,Max,Min) (0.99, 1.02, 0.86) (0.60, 0.50, 0.79) #fs:   6  -- #Conts: 14 H(1)  G(1)  A(3)  E(1)  C(8) 
   2839503 088.00 || noQ Q (Avg,Max,Min) (0.99, 1.02, 0.86) (0.60, 0.50, 0.80) #fs:   6  -- #Conts: 13 H(1)  G(1)  A(2)  E(1)  C(8) 
   2849926 087.00 || noQ Q (Avg,Max,Min) (0.96, 1.02, 0.84) (0.61, 0.51, 0.81) #fs:   8  -- #Conts: 12 H(1)  G(1)  A(1)  E(1)  C(8) 
   2870294 086.00 || noQ Q (Avg,Max,Min) (0.96, 1.02, 0.82) (0.62, 0.51, 0.81) #fs:   8  -- #Conts: 11 H(1)  G(1)  E(1)  C(8) 
   2904720 084.00 || noQ Q (Avg,Max,Min) (0.97, 1.02, 0.83) (0.64, 0.52, 0.82) #fs:   5  -- #Conts: 12 H(1)  G(1)  A(2)  E(1)  C(7) 
   2930117 083.00 || noQ Q (Avg,Max,Min) (0.95, 1.02, 0.81) (0.65, 0.53, 0.83) #fs:   7  -- #Conts: 11 H(1)  G(1)  A(1)  E(1)  C(7) 
   2932097 082.00 || noQ Q (Avg,Max,Min) (0.97, 1.02, 0.84) (0.66, 0.55, 0.83) #fs:   4  -- #Conts: 10 H(1)  G(1)  E(1)  C(7) 
   2981677 081.00 || noQ Q (Avg,Max,Min) (0.95, 1.01, 0.73) (0.64, 0.10, 0.84) #fs:   6  -- #Conts: 12 H(1)  G(1)  A(3)  E(1)  C(6) 
   2986422 080.00 || noQ Q (Avg,Max,Min) (0.97, 1.01, 0.85) (0.69, 0.57, 0.84) #fs:   5  -- #Conts: 11 H(1)  G(1)  A(2)  E(1)  C(6) 
   2993997 079.00 || noQ Q (Avg,Max,Min) (0.99, 1.02, 0.87) (0.70, 0.58, 0.84) #fs:   5  -- #Conts: 10 H(1)  G(1)  A(1)  E(1)  C(6) 
   3006015 078.00 || noQ Q (Avg,Max,Min) (1.00, 1.01, 0.95) (0.72, 0.65, 0.85) #fs:   5  -- #Conts: 9 H(1)  G(1)  E(1)  C(6) 
   3055442 077.00 || noQ Q (Avg,Max,Min) (1.00, 1.01, 0.97) (0.72, 0.67, 0.86) #fs:   4  -- #Conts: 11 H(1)  G(1)  A(3)  E(1)  C(5) 
   3076637 076.00 || noQ Q (Avg,Max,Min) (1.00, 1.02, 0.98) (0.73, 0.68, 0.87) #fs:   3  -- #Conts: 10 H(1)  G(1)  A(2)  E(1)  C(5) 
   3105542 075.00 || noQ Q (Avg,Max,Min) (1.01, 1.02, 1.00) (0.75, 0.71, 0.88) #fs:   3  -- #Conts: 9 H(1)  G(1)  A(1)  E(1)  C(5) 
   3133745 074.00 || noQ Q (Avg,Max,Min) (1.01, 1.02, 1.01) (0.76, 0.71, 0.89) #fs:   1  -- #Conts: 8 H(1)  G(1)  E(1)  C(5) 
   3202300 073.00 || noQ Q (Avg,Max,Min) (1.00, 1.02, 0.95) (0.76, 0.69, 0.91) #fs:   5  -- #Conts: 13 H(1)  G(1)  A(7)  E(1)  C(3) 
   3250735 072.00 || noQ Q (Avg,Max,Min) (0.98, 1.02, 0.86) (0.76, 0.64, 0.92) #fs:   6  -- #Conts: 12 H(1)  G(1)  A(6)  E(1)  C(3) 
   3280303 071.00 || noQ Q (Avg,Max,Min) (0.99, 1.02, 0.87) (0.77, 0.66, 0.93) #fs:   3  -- #Conts: 11 H(1)  G(1)  A(5)  E(1)  C(3) 
   3335522 070.00 || noQ Q (Avg,Max,Min) (0.99, 1.02, 0.84) (0.78, 0.65, 0.94) #fs:   4  -- #Conts: 13 H(1)  G(1)  A(8)  E(1)  C(2) 
   3387811 069.00 || noQ Q (Avg,Max,Min) (0.99, 1.02, 0.84) (0.78, 0.61, 0.96) #fs:   2  -- #Conts: 12 H(1)  G(1)  A(7)  E(1)  C(2) 
   3435543 068.00 || noQ Q (Avg,Max,Min) (1.00, 1.02, 0.98) (0.78, 0.61, 0.97) #fs:   2  -- #Conts: 11 H(1)  G(1)  A(6)  E(1)  C(2) 
   3463028 067.00 || noQ Q (Avg,Max,Min) (0.99, 1.02, 0.91) (0.83, 0.71, 0.98) #fs:   3  -- #Conts: 10 H(1)  G(1)  A(5)  E(1)  C(2) 
   3534492 066.00 || noQ Q (Avg,Max,Min) (0.99, 1.02, 0.95) (0.82, 0.62, 1.00) #fs:   3  -- #Conts: 9 H(1)  G(1)  A(4)  E(1)  C(2) 
   3565906 065.00 || noQ Q (Avg,Max,Min) (0.99, 1.02, 0.91) (0.86, 0.76, 1.01) #fs:   4  -- #Conts: 8 H(1)  G(1)  A(3)  E(1)  C(2) 
   3595534 064.00 || noQ Q (Avg,Max,Min) (1.00, 1.02, 0.95) (0.88, 0.80, 1.02) #fs:   5  -- #Conts: 7 H(1)  G(1)  A(2)  E(1)  C(2) 
   3750498 063.00 || noQ Q (Avg,Max,Min) (1.00, 1.02, 0.98) (0.92, 0.86, 1.02) #fs:   4  -- #Conts: 6 H(1)  G(1)  A(1)  E(1)  C(2) 
/////////////////size: 159
nodes 100 edges 192
 mulT: 100 mulD: 1  sumData GB 97
pareto /CYBERSHAKE.n.100.0.dax time -> 5448.0
moheft /CYBERSHAKE.n.100.0.dax time -> 14428.0
distance from M to C 7.929064563544657
distance from P to C 0.42779431476036744
distance from C to M 1.6604117444102793
distance from C to P 7.443954564596596
toCompare: /CYBERSHAKE.n.100.0.dax sumDataGB: 97 mulT: 100 mulD: 1 paretoOptTime_MS: 5448.0 MoheftOptimizationTime_MS: 14428.0 MtoC 7.929064563544657 PtoC 0.42779431476036744 CtoM 1.6604117444102793 CtoP 7.443954564596596
