specify -Dflow d,b,mt,md,size
Running /home/vaggelis/jc/MONTAGE.n.50.0.dax mt 1000 md: 10000 size null
   5133154 882.82 || noQ Q (Avg,Max,Min) (2.70, 3.41, 1.15) (0.59, 0.32, 2.43) #fs:  18  -- #Conts: 27 H(27) 
   5134140 851.29 || noQ Q (Avg,Max,Min) (2.67, 4.89, 1.15) (0.68, 0.32, 4.19) #fs:  18  -- #Conts: 27 H(27) 
   5428744 819.76 || noQ Q (Avg,Max,Min) (2.66, 4.47, 1.05) (0.70, 0.32, 4.19) #fs:  16  -- #Conts: 26 H(26) 
   5446245 788.24 || noQ Q (Avg,Max,Min) (2.65, 4.45, 1.04) (0.73, 0.32, 4.19) #fs:  17  -- #Conts: 25 H(25) 
   5461516 756.71 || noQ Q (Avg,Max,Min) (2.64, 3.47, 1.04) (0.68, 0.32, 2.64) #fs:  17  -- #Conts: 23 H(23) 
   5462502 725.18 || noQ Q (Avg,Max,Min) (2.60, 4.43, 1.04) (0.79, 0.32, 4.19) #fs:  17  -- #Conts: 23 H(23) 
   5467806 693.65 || noQ Q (Avg,Max,Min) (2.54, 3.42, 1.04) (0.74, 0.32, 2.59) #fs:  18  -- #Conts: 21 H(21) 
   5468792 662.12 || noQ Q (Avg,Max,Min) (2.50, 4.42, 1.04) (0.87, 0.32, 4.19) #fs:  18  -- #Conts: 21 H(21) 
   5471724 599.06 || noQ Q (Avg,Max,Min) (2.47, 3.41, 1.04) (0.87, 0.32, 2.59) #fs:  18  -- #Conts: 18 H(18) 
   5472710 567.53 || noQ Q (Avg,Max,Min) (2.42, 4.42, 1.04) (1.01, 0.32, 4.19) #fs:  18  -- #Conts: 18 H(18) 
   5475974 457.18 || noQ Q (Avg,Max,Min) (2.12, 3.41, 1.37) (1.00, 0.40, 2.59) #fs:  18  -- #Conts: 16 H(11)  G(5) 
   5476960 441.41 || noQ Q (Avg,Max,Min) (2.12, 4.41, 1.37) (1.16, 0.40, 4.19) #fs:  18  -- #Conts: 16 H(12)  G(4) 
   6638537 409.88 || noQ Q (Avg,Max,Min) (1.86, 3.28, 1.53) (1.45, 0.82, 3.03) #fs:  14  -- #Conts: 9 H(9) 
   6995219 378.35 || noQ Q (Avg,Max,Min) (1.88, 3.12, 1.52) (1.57, 1.09, 3.03) #fs:  13  -- #Conts: 9 H(9) 
   6999135 346.82 || noQ Q (Avg,Max,Min) (1.92, 3.39, 1.52) (1.66, 1.33, 3.30) #fs:  12  -- #Conts: 9 H(9) 
   7695671 315.29 || noQ Q (Avg,Max,Min) (1.62, 2.79, 0.82) (1.05, 0.61, 1.99) #fs:  17  -- #Conts: 11 G(11) 
   8377192 252.24 || noQ Q (Avg,Max,Min) (2.37, 3.27, 1.96) (2.07, 1.72, 2.54) #fs:   7  -- #Conts: 5 H(5) 
   9878870 220.71 || noQ Q (Avg,Max,Min) (1.96, 2.78, 1.43) (1.67, 1.19, 2.54) #fs:   9  -- #Conts: 8 H(1)  G(7) 
  10434248 219.29 || noQ Q (Avg,Max,Min) (1.43, 2.80, 1.13) (1.10, 0.62, 2.75) #fs:  16  -- #Conts: 14 G(1)  E(13) 
  11898797 211.88 || noQ Q (Avg,Max,Min) (1.34, 2.04, 1.06) (1.02, 0.76, 1.69) #fs:  17  -- #Conts: 14 E(13)  C(1) 
  11901471 205.18 || noQ Q (Avg,Max,Min) (1.38, 2.76, 1.06) (1.08, 0.85, 2.18) #fs:  16  -- #Conts: 14 E(13)  C(1) 
  11905290 189.18 || noQ Q (Avg,Max,Min) (2.16, 3.25, 1.67) (1.88, 1.48, 2.39) #fs:   6  -- #Conts: 5 G(5) 
  12528996 173.41 || noQ Q (Avg,Max,Min) (2.18, 2.59, 1.88) (2.00, 1.77, 2.25) #fs:   5  -- #Conts: 5 G(5) 
  59216551 171.00 || noQ Q (Avg,Max,Min) (1.03, 1.55, 0.58) (1.00, 0.55, 1.52) #fs:   8  -- #Conts: 32 A(31)  C(1) 
  59274515 170.00 || noQ Q (Avg,Max,Min) (1.06, 1.54, 0.59) (1.00, 0.55, 1.52) #fs:   7  -- #Conts: 33 A(30)  C(3) 
  59291923 169.00 || noQ Q (Avg,Max,Min) (1.05, 1.54, 0.58) (1.01, 0.55, 1.52) #fs:   8  -- #Conts: 33 A(31)  C(2) 
  59361670 168.00 || noQ Q (Avg,Max,Min) (1.04, 1.54, 0.58) (1.01, 0.55, 1.52) #fs:   8  -- #Conts: 33 A(32)  C(1) 
  59369014 163.00 || noQ Q (Avg,Max,Min) (1.05, 1.55, 0.58) (1.02, 0.55, 1.52) #fs:   7  -- #Conts: 34 A(34) 
  59369680 162.00 || noQ Q (Avg,Max,Min) (1.05, 1.55, 0.58) (1.03, 0.55, 1.52) #fs:   7  -- #Conts: 34 A(34) 
  59437182 157.00 || noQ Q (Avg,Max,Min) (1.07, 1.54, 0.83) (1.04, 0.79, 1.52) #fs:   6  -- #Conts: 35 A(35) 
  59437848 156.00 || noQ Q (Avg,Max,Min) (1.07, 1.54, 0.83) (1.04, 0.79, 1.52) #fs:   6  -- #Conts: 35 A(35) 
  59484387 154.00 || noQ Q (Avg,Max,Min) (1.08, 1.54, 0.83) (1.05, 0.79, 1.53) #fs:   5  -- #Conts: 36 A(36) 
  59485053 153.00 || noQ Q (Avg,Max,Min) (1.08, 1.54, 0.83) (1.05, 0.79, 1.53) #fs:   5  -- #Conts: 36 A(36) 
  59500379 151.00 || noQ Q (Avg,Max,Min) (1.09, 1.55, 0.83) (1.06, 0.79, 1.53) #fs:   4  -- #Conts: 37 A(37) 
  59501045 150.00 || noQ Q (Avg,Max,Min) (1.09, 1.55, 0.83) (1.06, 0.79, 1.53) #fs:   4  -- #Conts: 37 A(37) 
  59638148 149.00 || noQ Q (Avg,Max,Min) (1.09, 1.54, 1.00) (1.06, 0.86, 1.53) #fs:   3  -- #Conts: 38 A(38) 
  59638814 148.00 || noQ Q (Avg,Max,Min) (1.09, 1.54, 1.02) (1.06, 0.86, 1.53) #fs:   3  -- #Conts: 38 A(38) 
/////////////////size: 37
   7224865 644.00 || noQ Q (Avg,Max,Min) (2.55, 4.50, 1.26) (0.71, 0.32, 2.41) #fs:   9  -- #Conts: 22 H(15)  G(5)  E(2) 
   7251064 634.94 || noQ Q (Avg,Max,Min) (2.54, 4.40, 1.26) (0.72, 0.32, 2.37) #fs:   9  -- #Conts: 21 H(15)  G(4)  E(2) 
   7267679 596.71 || noQ Q (Avg,Max,Min) (2.42, 3.80, 1.26) (0.74, 0.32, 2.58) #fs:   9  -- #Conts: 21 H(13)  G(6)  E(2) 
   7285516 528.94 || noQ Q (Avg,Max,Min) (2.14, 3.79, 1.26) (0.71, 0.32, 2.58) #fs:   9  -- #Conts: 22 H(8)  G(10)  E(4) 
   7415422 497.41 || noQ Q (Avg,Max,Min) (2.07, 3.45, 1.26) (0.74, 0.32, 2.41) #fs:   9  -- #Conts: 21 H(7)  G(10)  E(4) 
   7451956 456.82 || noQ Q (Avg,Max,Min) (1.94, 3.66, 1.21) (0.76, 0.39, 2.58) #fs:   9  -- #Conts: 21 H(5)  G(11)  E(5) 
   7566841 409.53 || noQ Q (Avg,Max,Min) (2.17, 6.43, 1.21) (0.82, 0.39, 4.40) #fs:   6  -- #Conts: 22 H(3)  G(14)  E(5) 
   7619784 393.76 || noQ Q (Avg,Max,Min) (2.17, 6.43, 1.21) (0.85, 0.39, 4.40) #fs:   5  -- #Conts: 21 H(3)  G(13)  E(5) 
   7805953 355.53 || noQ Q (Avg,Max,Min) (2.21, 6.43, 1.21) (0.95, 0.39, 4.40) #fs:   6  -- #Conts: 18 H(3)  G(11)  E(4) 
   7894380 346.47 || noQ Q (Avg,Max,Min) (2.56, 6.65, 1.21) (1.12, 0.39, 4.40) #fs:   6  -- #Conts: 16 H(5)  G(6)  E(5) 
   7953707 330.71 || noQ Q (Avg,Max,Min) (2.32, 6.13, 1.21) (1.12, 0.39, 4.16) #fs:   7  -- #Conts: 15 H(4)  G(6)  E(5) 
   7968887 314.94 || noQ Q (Avg,Max,Min) (2.36, 6.45, 1.21) (1.17, 0.39, 4.40) #fs:   6  -- #Conts: 15 H(4)  G(6)  E(5) 
   7977724 283.41 || noQ Q (Avg,Max,Min) (2.14, 6.43, 1.21) (1.23, 0.39, 4.40) #fs:   6  -- #Conts: 14 H(3)  G(6)  E(5) 
   8406711 267.65 || noQ Q (Avg,Max,Min) (1.89, 2.99, 1.14) (1.07, 0.39, 2.33) #fs:   7  -- #Conts: 13 H(2)  G(6)  E(5) 
   8550167 256.24 || noQ Q (Avg,Max,Min) (1.75, 2.94, 1.11) (1.01, 0.60, 2.33) #fs:   7  -- #Conts: 14 H(2)  G(4)  E(8) 
   9336955 249.53 || noQ Q (Avg,Max,Min) (1.82, 2.37, 1.21) (1.07, 0.60, 2.04) #fs:   7  -- #Conts: 13 H(2)  G(5)  E(6) 
   9347670 247.18 || noQ Q (Avg,Max,Min) (1.76, 2.36, 1.21) (1.03, 0.60, 2.04) #fs:   7  -- #Conts: 14 H(2)  G(4)  E(8) 
   9738218 238.24 || noQ Q (Avg,Max,Min) (2.49, 22.47, 0.96) (1.10, 0.61, 3.69) #fs:   8  -- #Conts: 19 H(1)  G(4)  E(5)  C(9) 
  10238025 236.00 || noQ Q (Avg,Max,Min) (1.52, 2.37, 0.99) (0.93, 0.61, 2.25) #fs:   8  -- #Conts: 19 H(1)  G(3)  E(11)  C(4) 
  10390668 229.29 || noQ Q (Avg,Max,Min) (1.52, 2.53, 0.97) (0.97, 0.61, 2.39) #fs:   7  -- #Conts: 18 H(1)  G(3)  E(10)  C(4) 
  10479297 222.47 || noQ Q (Avg,Max,Min) (1.45, 2.47, 0.96) (1.02, 0.61, 2.39) #fs:   8  -- #Conts: 18 H(1)  G(3)  E(5)  C(9) 
  10738312 217.29 || noQ Q (Avg,Max,Min) (1.41, 2.22, 1.06) (0.99, 0.82, 2.21) #fs:   6  -- #Conts: 21 G(3)  E(3)  C(15) 
  10772976 212.59 || noQ Q (Avg,Max,Min) (2.22, 19.41, 1.18) (1.07, 0.82, 3.95) #fs:   3  -- #Conts: 26 G(4)  E(7)  C(15) 
  11689701 203.53 || noQ Q (Avg,Max,Min) (1.57, 2.16, 1.18) (0.98, 0.82, 1.74) #fs:   4  -- #Conts: 25 G(3)  E(7)  C(15) 
  12660110 200.82 || noQ Q (Avg,Max,Min) (1.71, 6.51, 1.07) (1.08, 0.82, 4.16) #fs:   4  -- #Conts: 26 G(3)  E(7)  C(16) 
  12662140 195.41 || noQ Q (Avg,Max,Min) (1.46, 3.22, 1.02) (1.06, 0.83, 2.52) #fs:   7  -- #Conts: 22 G(3)  E(4)  C(15) 
  12676219 188.71 || noQ Q (Avg,Max,Min) (1.45, 3.74, 1.02) (1.09, 0.88, 2.93) #fs:   7  -- #Conts: 21 G(3)  E(3)  C(15) 
  13054774 184.71 || noQ Q (Avg,Max,Min) (1.46, 3.50, 1.15) (1.10, 0.88, 2.93) #fs:   6  -- #Conts: 21 G(3)  E(3)  C(15) 
  13059106 180.71 || noQ Q (Avg,Max,Min) (1.45, 2.15, 1.15) (1.08, 0.88, 1.95) #fs:   5  -- #Conts: 21 G(3)  E(3)  C(15) 
  15214077 180.59 || noQ Q (Avg,Max,Min) (1.33, 1.99, 1.00) (1.09, 0.88, 1.80) #fs:   9  -- #Conts: 18 G(3)  E(2)  C(13) 
  20521738 173.59 || noQ Q (Avg,Max,Min) (1.61, 3.73, 1.08) (1.19, 0.82, 2.52) #fs:   4  -- #Conts: 21 G(2)  A(5)  E(9)  C(5) 
  21302565 165.47 || noQ Q (Avg,Max,Min) (1.52, 3.21, 1.08) (1.23, 0.83, 2.52) #fs:   4  -- #Conts: 21 G(2)  A(5)  E(6)  C(8) 
  21318305 158.76 || noQ Q (Avg,Max,Min) (1.53, 3.72, 1.08) (1.26, 0.88, 2.93) #fs:   3  -- #Conts: 21 G(2)  A(5)  E(5)  C(9) 
  22519977 157.35 || noQ Q (Avg,Max,Min) (1.49, 2.97, 1.08) (1.25, 0.88, 2.83) #fs:   4  -- #Conts: 21 G(2)  A(5)  E(4)  C(10) 
  24773117 157.06 || noQ Q (Avg,Max,Min) (1.67, 6.51, 1.08) (1.32, 0.88, 4.16) #fs:   2  -- #Conts: 23 G(2)  A(6)  E(5)  C(10) 
  29061486 156.76 || noQ Q (Avg,Max,Min) (1.20, 2.26, 1.06) (1.10, 0.96, 1.78) #fs:   1  -- #Conts: 37 G(1)  A(28)  C(8) 
  32276945 152.47 || noQ Q (Avg,Max,Min) (1.42, 10.52, 1.06) (1.17, 0.90, 3.89) #fs:   0  -- #Conts: 39 G(1)  A(29)  E(1)  C(8) 
  33246832 149.76 || noQ Q (Avg,Max,Min) (1.32, 6.51, 1.06) (1.17, 0.90, 4.16) #fs:   0  -- #Conts: 39 G(1)  A(29)  C(9) 
  35782207 148.76 || noQ Q (Avg,Max,Min) (1.30, 6.51, 1.06) (1.18, 0.96, 4.16) #fs:   0  -- #Conts: 38 G(1)  A(29)  C(8) 
  36816977 147.76 || noQ Q (Avg,Max,Min) (1.27, 6.51, 1.06) (1.16, 0.90, 4.16) #fs:   0  -- #Conts: 42 G(1)  A(35)  C(6) 
  44724198 146.76 || noQ Q (Avg,Max,Min) (1.16, 2.07, 1.06) (1.11, 0.96, 1.81) #fs:   0  -- #Conts: 41 G(1)  A(35)  C(5) 
/////////////////size: 41
nodes 50 edges 108
 mulT: 1000 mulD: 10000  sumData GB 9378
pareto /MONTAGE.n.50.0.dax time -> 2536.0
moheft /MONTAGE.n.50.0.dax time -> 1332.0
distance from M to C 3.214094361846511
distance from P to C 16.35134944899571
distance from C to M 18.573398140307297
distance from C to P 4.993870717344454
toCompare: /MONTAGE.n.50.0.dax sumDataGB: 9378 mulT: 1000 mulD: 10000 paretoOptTime_MS: 2536.0 MoheftOptimizationTime_MS: 1332.0 MtoC 3.214094361846511 PtoC 16.35134944899571 CtoM 18.573398140307297 CtoP 4.993870717344454
