specify -Dflow d,b,mt,md,size
Running /home/vaggelis/jc/CYBERSHAKE.n.100.0.dax mt 100 md: 5000 size null
   3868787 157.65 || noQ Q (Avg,Max,Min) (4.56, 9.17, 0.25) (3.32, 0.00, 9.17) #fs:   2  -- #Conts: 4 H(4) 
   3869029 141.88 || noQ Q (Avg,Max,Min) (4.59, 9.17, 0.37) (3.32, 0.00, 9.17) #fs:   2  -- #Conts: 4 H(3)  G(1) 
   3873750 110.35 || noQ Q (Avg,Max,Min) (5.70, 9.17, 0.37) (4.43, 0.05, 9.17) #fs:   2  -- #Conts: 3 H(2)  G(1) 
   3943793 101.29 || noQ Q (Avg,Max,Min) (5.75, 9.17, 0.65) (4.44, 0.09, 9.17) #fs:   2  -- #Conts: 3 H(2)  E(1) 
   3952155 094.59 || noQ Q (Avg,Max,Min) (8.30, 9.17, 7.44) (6.63, 4.08, 9.17) #fs:   0  -- #Conts: 2 H(2) 
   6630449 078.82 || noQ Q (Avg,Max,Min) (3.79, 5.39, 1.14) (3.14, 0.00, 4.96) #fs:   2  -- #Conts: 3 G(3) 
   6638955 063.06 || noQ Q (Avg,Max,Min) (5.11, 5.39, 4.83) (4.71, 4.45, 4.96) #fs:   2  -- #Conts: 2 G(2) 
  14981281 060.35 || noQ Q (Avg,Max,Min) (2.86, 3.03, 2.70) (2.64, 2.24, 3.03) #fs:   1  -- #Conts: 2 E(2) 
  25853595 060.00 || noQ Q (Avg,Max,Min) (2.08, 2.17, 1.98) (1.96, 1.78, 2.14) #fs:   1  -- #Conts: 2 C(2) 
/////////////////size: 9
   7386103 125.35 || noQ Q (Avg,Max,Min) (1.38, 8.42, 0.15) (0.61, 0.00, 5.76) #fs:  10  -- #Conts: 11 H(1)  A(8)  G(1)  C(1) 
   7388264 109.59 || noQ Q (Avg,Max,Min) (1.39, 8.42, 0.15) (0.67, 0.02, 5.76) #fs:  10  -- #Conts: 10 H(1)  A(8)  C(1) 
   7390743 105.59 || noQ Q (Avg,Max,Min) (1.43, 8.41, 0.15) (0.68, 0.02, 5.76) #fs:  10  -- #Conts: 10 H(1)  A(9) 
   7417137 104.59 || noQ Q (Avg,Max,Min) (1.52, 8.39, 0.15) (0.74, 0.02, 5.76) #fs:   7  -- #Conts: 9 H(1)  A(8) 
   7419636 103.59 || noQ Q (Avg,Max,Min) (1.58, 8.39, 0.15) (0.82, 0.04, 5.76) #fs:   7  -- #Conts: 8 H(1)  A(7) 
   7425545 102.59 || noQ Q (Avg,Max,Min) (1.66, 8.38, 0.15) (0.94, 0.04, 5.76) #fs:   7  -- #Conts: 7 H(1)  A(6) 
   7428415 101.59 || noQ Q (Avg,Max,Min) (1.66, 8.38, 0.15) (0.95, 0.04, 5.76) #fs:   7  -- #Conts: 7 H(1)  A(6) 
   7440367 100.59 || noQ Q (Avg,Max,Min) (1.86, 8.37, 0.22) (1.09, 0.06, 5.76) #fs:   7  -- #Conts: 6 H(1)  A(5) 
   7441447 099.59 || noQ Q (Avg,Max,Min) (1.86, 8.36, 0.22) (1.11, 0.06, 5.76) #fs:   7  -- #Conts: 6 H(1)  A(5) 
   7466367 098.59 || noQ Q (Avg,Max,Min) (2.19, 8.34, 0.29) (1.29, 0.06, 5.77) #fs:   5  -- #Conts: 5 H(1)  A(4) 
   7485580 097.59 || noQ Q (Avg,Max,Min) (2.48, 8.32, 0.29) (1.58, 0.06, 5.77) #fs:   5  -- #Conts: 4 H(1)  A(3) 
   7492874 096.59 || noQ Q (Avg,Max,Min) (2.97, 8.31, 0.29) (2.08, 0.19, 5.77) #fs:   5  -- #Conts: 3 H(1)  A(2) 
   7527145 095.59 || noQ Q (Avg,Max,Min) (4.29, 8.28, 0.31) (2.99, 0.20, 5.77) #fs:   2  -- #Conts: 2 H(1)  A(1) 
   7551175 094.59 || noQ Q (Avg,Max,Min) (8.26, 8.26, 8.26) (5.77, 5.77, 5.77) #fs:   0  -- #Conts: 1 H(1) 
  59417906 089.53 || noQ Q (Avg,Max,Min) (46.24, 213.85, 0.07) (4.46, 0.00, 8.61) #fs:   1  -- #Conts: 5 H(1)  G(1)  A(2)  E(1) 
  59421610 082.82 || noQ Q (Avg,Max,Min) (56.13, 208.29, 0.07) (5.57, 0.07, 8.61) #fs:   1  -- #Conts: 4 H(1)  G(1)  A(2) 
  59435036 081.82 || noQ Q (Avg,Max,Min) (68.84, 190.37, 7.54) (7.41, 5.42, 8.61) #fs:   0  -- #Conts: 3 H(1)  G(1)  A(1) 
  59470453 080.82 || noQ Q (Avg,Max,Min) (57.31, 155.22, 8.10) (8.29, 8.05, 8.61) #fs:   0  -- #Conts: 3 H(1)  G(1)  A(1) 
  59591067 077.76 || noQ Q (Avg,Max,Min) (22.70, 95.38, 1.02) (4.46, 0.00, 8.61) #fs:   0  -- #Conts: 5 H(1)  A(2)  E(1)  C(1) 
  59598506 076.76 || noQ Q (Avg,Max,Min) (27.57, 93.18, 1.08) (5.58, 0.00, 8.61) #fs:   0  -- #Conts: 4 H(1)  A(1)  E(1)  C(1) 
  59599419 073.76 || noQ Q (Avg,Max,Min) (27.49, 92.92, 1.02) (5.58, 0.02, 8.61) #fs:   0  -- #Conts: 4 H(1)  A(2)  E(1) 
  59606858 072.76 || noQ Q (Avg,Max,Min) (35.61, 90.83, 7.40) (7.43, 5.44, 8.61) #fs:   0  -- #Conts: 3 H(1)  A(1)  E(1) 
  59709566 071.76 || noQ Q (Avg,Max,Min) (28.70, 69.38, 8.10) (8.31, 8.05, 8.61) #fs:   0  -- #Conts: 3 H(1)  A(1)  E(1) 
  59831964 070.06 || noQ Q (Avg,Max,Min) (23.39, 54.19, 7.35) (7.46, 5.45, 8.61) #fs:   0  -- #Conts: 3 H(1)  A(1)  C(1) 
  60022281 069.06 || noQ Q (Avg,Max,Min) (19.10, 40.58, 8.10) (8.34, 8.05, 8.61) #fs:   0  -- #Conts: 3 H(1)  A(1)  C(1) 
  60824359 068.06 || noQ Q (Avg,Max,Min) (17.72, 36.47, 8.06) (10.77, 8.05, 15.65) #fs:   0  -- #Conts: 3 H(1)  A(1)  C(1) 
  61635228 067.06 || noQ Q (Avg,Max,Min) (21.83, 35.04, 8.61) (15.77, 8.61, 22.93) #fs:   0  -- #Conts: 2 H(1)  C(1) 
  62571960 066.06 || noQ Q (Avg,Max,Min) (8.88, 9.92, 8.10) (8.58, 8.05, 9.08) #fs:   0  -- #Conts: 3 H(1)  A(2) 
  62841122 065.24 || noQ Q (Avg,Max,Min) (25.18, 57.59, 7.80) (24.35, 6.06, 56.95) #fs:   3  -- #Conts: 9 H(1)  A(4)  E(1)  C(3) 
  62859952 064.24 || noQ Q (Avg,Max,Min) (25.11, 57.27, 7.79) (24.57, 6.07, 56.96) #fs:   2  -- #Conts: 9 H(1)  A(4)  E(1)  C(3) 
  63012351 063.24 || noQ Q (Avg,Max,Min) (25.55, 64.17, 5.62) (25.31, 5.62, 64.04) #fs:   5  -- #Conts: 9 H(1)  A(4)  E(1)  C(3) 
  63407224 062.47 || noQ Q (Avg,Max,Min) (14.31, 49.99, 5.61) (13.66, 5.61, 49.94) #fs:   4  -- #Conts: 17 G(1)  A(13)  E(1)  C(2) 
  65762792 061.47 || noQ Q (Avg,Max,Min) (14.45, 49.96, 5.62) (14.15, 5.60, 49.94) #fs:   3  -- #Conts: 16 G(1)  A(12)  E(1)  C(2) 
/////////////////size: 33
nodes 100 edges 192
 mulT: 100 mulD: 5000  sumData GB 487996
pareto /CYBERSHAKE.n.100.0.dax time -> 538.0
moheft /CYBERSHAKE.n.100.0.dax time -> 770.0
distance from M to C 3.333509844174236
distance from P to C 0.0
distance from C to M 8.390352862795668
distance from C to P 0.0
toCompare: /CYBERSHAKE.n.100.0.dax sumDataGB: 487996 mulT: 100 mulD: 5000 paretoOptTime_MS: 538.0 MoheftOptimizationTime_MS: 770.0 MtoC 3.333509844174236 PtoC 0.0 CtoM 8.390352862795668 CtoP 0.0
