specify -Dflow d,b,mt,md,size
Running /home/vaggelis/jc/SIPHT.n.50.0.dax mt 100 md: 100 size null
  13416207 472.94 || noQ Q (Avg,Max,Min) (0.78, 1.00, 0.64) (0.71, 0.60, 0.87) #fs:   4  -- #Conts: 4 H(4) 
  13416384 441.41 || noQ Q (Avg,Max,Min) (0.86, 1.00, 0.69) (0.76, 0.62, 0.87) #fs:   3  -- #Conts: 4 H(4) 
  13433604 409.88 || noQ Q (Avg,Max,Min) (0.91, 1.00, 0.69) (0.81, 0.62, 0.93) #fs:   2  -- #Conts: 4 H(4) 
  13663545 378.35 || noQ Q (Avg,Max,Min) (0.99, 1.01, 0.96) (0.84, 0.62, 0.94) #fs:   1  -- #Conts: 4 H(4) 
  22768742 346.82 || noQ Q (Avg,Max,Min) (0.96, 1.01, 0.86) (0.86, 0.78, 0.93) #fs:   2  -- #Conts: 4 H(1)  G(3) 
  22995988 331.06 || noQ Q (Avg,Max,Min) (0.95, 1.01, 0.86) (0.86, 0.78, 0.91) #fs:   4  -- #Conts: 4 G(4) 
  23390718 315.29 || noQ Q (Avg,Max,Min) (0.99, 1.01, 0.96) (0.89, 0.84, 0.92) #fs:   2  -- #Conts: 4 G(4) 
  35013919 299.53 || noQ Q (Avg,Max,Min) (0.99, 1.00, 0.98) (0.89, 0.68, 1.00) #fs:   1  -- #Conts: 3 G(3) 
  35478174 283.76 || noQ Q (Avg,Max,Min) (1.00, 1.00, 1.00) (0.99, 0.99, 1.00) #fs:   0  -- #Conts: 2 G(2) 
  51749460 281.65 || noQ Q (Avg,Max,Min) (0.99, 1.00, 0.94) (0.96, 0.92, 0.99) #fs:   1  -- #Conts: 6 E(6) 
  67240009 274.94 || noQ Q (Avg,Max,Min) (1.00, 1.00, 1.00) (0.97, 0.95, 1.00) #fs:   0  -- #Conts: 5 E(5) 
/////////////////size: 11
  13648321 346.82 || noQ Q (Avg,Max,Min) (1.00, 1.01, 1.00) (0.92, 0.89, 0.95) #fs:   0  -- #Conts: 4 H(3)  G(1) 
  17817608 331.06 || noQ Q (Avg,Max,Min) (0.99, 1.00, 0.96) (0.95, 0.88, 0.99) #fs:   1  -- #Conts: 4 H(3)  G(1) 
  25184842 322.00 || noQ Q (Avg,Max,Min) (0.97, 1.02, 0.82) (0.83, 0.68, 1.00) #fs:   2  -- #Conts: 5 G(4)  E(1) 
  33017332 308.24 || noQ Q (Avg,Max,Min) (0.99, 1.02, 0.94) (0.87, 0.68, 0.96) #fs:   1  -- #Conts: 4 G(2)  A(1)  E(1) 
  34253502 302.53 || noQ Q (Avg,Max,Min) (1.00, 1.00, 1.00) (0.85, 0.72, 1.00) #fs:   0  -- #Conts: 4 G(3)  A(1) 
  34280445 301.53 || noQ Q (Avg,Max,Min) (1.00, 1.00, 1.00) (0.92, 0.72, 1.00) #fs:   0  -- #Conts: 4 G(3)  A(1) 
  34523062 300.53 || noQ Q (Avg,Max,Min) (1.00, 1.00, 1.00) (0.92, 0.72, 1.00) #fs:   0  -- #Conts: 4 G(3)  A(1) 
  34721930 299.53 || noQ Q (Avg,Max,Min) (1.00, 1.00, 1.00) (0.90, 0.72, 1.00) #fs:   0  -- #Conts: 3 G(3) 
  36663060 296.47 || noQ Q (Avg,Max,Min) (1.00, 1.00, 1.00) (0.92, 0.68, 1.00) #fs:   0  -- #Conts: 5 G(3)  E(2) 
  40013300 294.47 || noQ Q (Avg,Max,Min) (1.00, 1.00, 1.00) (0.94, 0.88, 1.00) #fs:   0  -- #Conts: 4 G(2)  A(1)  E(1) 
  40469971 293.47 || noQ Q (Avg,Max,Min) (1.00, 1.01, 1.00) (0.96, 0.90, 1.00) #fs:   0  -- #Conts: 5 G(2)  A(2)  E(1) 
  40670926 292.47 || noQ Q (Avg,Max,Min) (1.00, 1.01, 1.00) (0.96, 0.90, 1.00) #fs:   0  -- #Conts: 4 G(2)  A(1)  E(1) 
  41454805 290.76 || noQ Q (Avg,Max,Min) (0.98, 1.00, 0.92) (0.85, 0.70, 1.00) #fs:   1  -- #Conts: 4 G(2)  A(2) 
  41465243 289.76 || noQ Q (Avg,Max,Min) (0.98, 1.00, 0.92) (0.91, 0.74, 1.00) #fs:   1  -- #Conts: 4 G(2)  A(2) 
  41519699 288.76 || noQ Q (Avg,Max,Min) (0.98, 1.00, 0.92) (0.97, 0.92, 1.00) #fs:   1  -- #Conts: 4 G(2)  A(2) 
  41730086 287.76 || noQ Q (Avg,Max,Min) (0.97, 1.00, 0.88) (0.96, 0.87, 1.00) #fs:   1  -- #Conts: 4 G(2)  A(2) 
  41935150 286.76 || noQ Q (Avg,Max,Min) (0.94, 1.00, 0.75) (0.93, 0.75, 1.00) #fs:   1  -- #Conts: 4 G(2)  A(2) 
  42089873 285.76 || noQ Q (Avg,Max,Min) (1.00, 1.00, 1.00) (0.99, 0.98, 1.00) #fs:   0  -- #Conts: 3 G(2)  A(1) 
  42330985 284.76 || noQ Q (Avg,Max,Min) (1.00, 1.00, 1.00) (0.99, 0.98, 1.00) #fs:   0  -- #Conts: 3 G(2)  A(1) 
  42539231 283.76 || noQ Q (Avg,Max,Min) (1.00, 1.00, 1.00) (0.99, 0.99, 1.00) #fs:   0  -- #Conts: 2 G(2) 
  45889089 279.00 || noQ Q (Avg,Max,Min) (1.00, 1.00, 1.00) (0.93, 0.71, 1.00) #fs:   0  -- #Conts: 5 G(2)  A(1)  E(2) 
  45960047 278.00 || noQ Q (Avg,Max,Min) (1.00, 1.00, 1.00) (0.99, 0.98, 1.00) #fs:   0  -- #Conts: 5 G(2)  A(1)  E(2) 
  46455282 277.00 || noQ Q (Avg,Max,Min) (1.00, 1.00, 1.00) (0.98, 0.92, 1.00) #fs:   0  -- #Conts: 5 G(2)  A(1)  E(2) 
  69481125 276.29 || noQ Q (Avg,Max,Min) (1.00, 1.00, 1.00) (0.92, 0.71, 1.00) #fs:   0  -- #Conts: 4 G(1)  A(1)  E(2) 
  69812744 275.29 || noQ Q (Avg,Max,Min) (1.00, 1.00, 1.00) (0.99, 0.97, 1.00) #fs:   0  -- #Conts: 3 G(1)  E(2) 
  96680812 273.71 || noQ Q (Avg,Max,Min) (1.00, 1.00, 1.00) (0.78, 0.06, 1.00) #fs:   0  -- #Conts: 5 A(2)  E(2)  C(1) 
/////////////////size: 26
nodes 48 edges 56
 mulT: 100 mulD: 100  sumData GB 134
pareto /SIPHT.n.50.0.dax time -> 704.0
moheft /SIPHT.n.50.0.dax time -> 273.0
distance from M to C 1.8205366855055791
distance from P to C 1.889093980493069
distance from C to M 6.48440387963841
distance from C to P 1.707999213675393
toCompare: /SIPHT.n.50.0.dax sumDataGB: 134 mulT: 100 mulD: 100 paretoOptTime_MS: 704.0 MoheftOptimizationTime_MS: 273.0 MtoC 1.8205366855055791 PtoC 1.889093980493069 CtoM 6.48440387963841 CtoP 1.707999213675393
