specify -Dflow d,b,mt,md,size
Running /home/vaggelis/jc/LIGO.n.50.0.dax mt 1 md: 500 size null
     63044 378.35 || noQ Q (Avg,Max,Min) (1.04, 1.23, 0.84) (0.01, 0.01, 0.02) #fs:  12  -- #Conts: 12 H(12) 
     63721 362.59 || noQ Q (Avg,Max,Min) (1.06, 1.23, 0.84) (0.01, 0.01, 0.02) #fs:  12  -- #Conts: 12 H(11)  G(1) 
     69335 346.82 || noQ Q (Avg,Max,Min) (1.06, 1.23, 0.81) (0.01, 0.01, 0.02) #fs:  12  -- #Conts: 12 H(10)  G(2) 
     71636 331.06 || noQ Q (Avg,Max,Min) (1.09, 1.33, 0.95) (0.01, 0.01, 0.02) #fs:  12  -- #Conts: 11 H(10)  G(1) 
     72942 315.29 || noQ Q (Avg,Max,Min) (1.09, 1.30, 0.98) (0.02, 0.01, 0.02) #fs:  12  -- #Conts: 11 H(9)  G(2) 
     75682 299.53 || noQ Q (Avg,Max,Min) (1.12, 1.42, 0.99) (0.02, 0.01, 0.02) #fs:   9  -- #Conts: 10 H(9)  G(1) 
     77935 283.76 || noQ Q (Avg,Max,Min) (1.11, 1.43, 0.97) (0.02, 0.01, 0.02) #fs:   8  -- #Conts: 9 H(9) 
     78822 252.24 || noQ Q (Avg,Max,Min) (1.10, 1.30, 0.96) (0.02, 0.01, 0.03) #fs:   9  -- #Conts: 8 H(8) 
     83039 220.71 || noQ Q (Avg,Max,Min) (1.14, 1.32, 0.98) (0.02, 0.02, 0.03) #fs:   8  -- #Conts: 7 H(7) 
     94905 189.18 || noQ Q (Avg,Max,Min) (1.07, 1.32, 0.87) (0.03, 0.02, 0.03) #fs:   5  -- #Conts: 6 H(6) 
    112802 157.65 || noQ Q (Avg,Max,Min) (1.11, 1.23, 1.00) (0.03, 0.02, 0.03) #fs:   4  -- #Conts: 5 H(5) 
    124356 141.88 || noQ Q (Avg,Max,Min) (1.07, 1.14, 0.97) (0.03, 0.03, 0.04) #fs:   6  -- #Conts: 5 H(4)  G(1) 
    131046 126.12 || noQ Q (Avg,Max,Min) (1.17, 1.34, 0.97) (0.04, 0.03, 0.05) #fs:   4  -- #Conts: 4 H(4) 
    156684 110.35 || noQ Q (Avg,Max,Min) (1.04, 1.26, 0.83) (0.03, 0.01, 0.05) #fs:   6  -- #Conts: 7 G(7) 
    159443 094.59 || noQ Q (Avg,Max,Min) (1.05, 1.27, 0.83) (0.04, 0.03, 0.05) #fs:   6  -- #Conts: 6 G(6) 
    194672 078.82 || noQ Q (Avg,Max,Min) (1.06, 1.24, 0.91) (0.05, 0.04, 0.06) #fs:   5  -- #Conts: 5 G(5) 
    217722 063.06 || noQ Q (Avg,Max,Min) (1.07, 1.11, 1.04) (0.06, 0.06, 0.06) #fs:   4  -- #Conts: 4 G(4) 
    277249 047.29 || noQ Q (Avg,Max,Min) (1.07, 1.11, 1.05) (0.08, 0.07, 0.08) #fs:   3  -- #Conts: 3 G(3) 
    346836 046.94 || noQ Q (Avg,Max,Min) (0.96, 1.21, 0.74) (0.07, 0.02, 0.10) #fs:   5  -- #Conts: 7 E(7) 
    348112 044.24 || noQ Q (Avg,Max,Min) (0.96, 1.21, 0.74) (0.07, 0.04, 0.10) #fs:   6  -- #Conts: 7 E(6)  C(1) 
    351328 041.53 || noQ Q (Avg,Max,Min) (0.99, 1.20, 0.85) (0.08, 0.04, 0.10) #fs:   8  -- #Conts: 7 E(5)  C(2) 
    353055 040.24 || noQ Q (Avg,Max,Min) (0.97, 1.21, 0.82) (0.08, 0.07, 0.10) #fs:   5  -- #Conts: 6 E(6) 
    383501 031.53 || noQ Q (Avg,Max,Min) (1.14, 1.16, 1.12) (0.12, 0.12, 0.12) #fs:   2  -- #Conts: 2 G(2) 
    480614 026.82 || noQ Q (Avg,Max,Min) (0.99, 1.06, 0.94) (0.12, 0.12, 0.13) #fs:   3  -- #Conts: 4 E(4) 
    593628 026.71 || noQ Q (Avg,Max,Min) (0.91, 1.02, 0.77) (0.13, 0.09, 0.15) #fs:   6  -- #Conts: 6 E(1)  C(5) 
    605869 024.00 || noQ Q (Avg,Max,Min) (0.93, 1.04, 0.80) (0.14, 0.12, 0.15) #fs:   5  -- #Conts: 6 C(6) 
    612341 020.12 || noQ Q (Avg,Max,Min) (1.01, 1.05, 0.99) (0.16, 0.15, 0.17) #fs:   2  -- #Conts: 3 E(3) 
    725500 015.76 || noQ Q (Avg,Max,Min) (1.12, 1.12, 1.12) (0.23, 0.23, 0.23) #fs:   0  -- #Conts: 1 G(1) 
    856979 013.41 || noQ Q (Avg,Max,Min) (1.05, 1.09, 1.01) (0.24, 0.24, 0.25) #fs:   1  -- #Conts: 2 E(2) 
   1047738 012.00 || noQ Q (Avg,Max,Min) (0.99, 1.03, 0.93) (0.27, 0.26, 0.29) #fs:   2  -- #Conts: 3 C(3) 
   1417510 010.71 || noQ Q (Avg,Max,Min) (0.93, 1.03, 0.84) (0.33, 0.25, 0.40) #fs:   2  -- #Conts: 2 E(1)  C(1) 
   1477685 008.00 || noQ Q (Avg,Max,Min) (1.02, 1.05, 0.99) (0.41, 0.40, 0.42) #fs:   1  -- #Conts: 2 C(2) 
   1636202 006.71 || noQ Q (Avg,Max,Min) (1.05, 1.05, 1.05) (0.48, 0.48, 0.48) #fs:   0  -- #Conts: 1 E(1) 
   2638727 006.00 || noQ Q (Avg,Max,Min) (0.90, 1.01, 0.79) (0.59, 0.53, 0.63) #fs:   5  -- #Conts: 6 A(6) 
   2827235 004.00 || noQ Q (Avg,Max,Min) (1.03, 1.03, 1.03) (0.81, 0.81, 0.81) #fs:   0  -- #Conts: 1 C(1) 
/////////////////size: 35
    171202 205.94 || noQ Q (Avg,Max,Min) (1.05, 1.34, 0.64) (0.02, 0.00, 0.06) #fs:   6  -- #Conts: 8 H(6)  A(1)  G(1) 
    172030 174.41 || noQ Q (Avg,Max,Min) (0.97, 1.27, 0.69) (0.03, 0.01, 0.06) #fs:   5  -- #Conts: 7 H(5)  A(1)  G(1) 
    174975 142.88 || noQ Q (Avg,Max,Min) (0.94, 1.27, 0.71) (0.03, 0.01, 0.06) #fs:   6  -- #Conts: 6 H(4)  A(1)  G(1) 
    181909 127.12 || noQ Q (Avg,Max,Min) (0.97, 1.27, 0.75) (0.03, 0.01, 0.06) #fs:   5  -- #Conts: 6 H(3)  A(1)  G(2) 
    186777 111.35 || noQ Q (Avg,Max,Min) (0.95, 1.26, 0.75) (0.04, 0.02, 0.07) #fs:   5  -- #Conts: 5 H(3)  A(1)  G(1) 
    198390 095.59 || noQ Q (Avg,Max,Min) (0.97, 1.27, 0.64) (0.04, 0.02, 0.07) #fs:   3  -- #Conts: 5 H(2)  A(1)  G(2) 
    213119 079.82 || noQ Q (Avg,Max,Min) (0.95, 1.27, 0.65) (0.05, 0.03, 0.07) #fs:   5  -- #Conts: 4 H(2)  A(1)  G(1) 
    247909 070.76 || noQ Q (Avg,Max,Min) (1.09, 1.21, 1.05) (0.05, 0.01, 0.08) #fs:   4  -- #Conts: 5 H(1)  A(1)  G(2)  E(1) 
    256884 068.06 || noQ Q (Avg,Max,Min) (1.08, 1.21, 1.03) (0.05, 0.02, 0.08) #fs:   3  -- #Conts: 5 H(1)  A(1)  G(2)  C(1) 
    257260 064.06 || noQ Q (Avg,Max,Min) (1.10, 1.21, 1.05) (0.06, 0.03, 0.09) #fs:   3  -- #Conts: 4 H(1)  A(1)  G(2) 
    265981 061.71 || noQ Q (Avg,Max,Min) (1.08, 1.20, 1.02) (0.05, 0.01, 0.09) #fs:   3  -- #Conts: 5 H(1)  A(1)  G(1)  E(2) 
    270986 059.00 || noQ Q (Avg,Max,Min) (1.07, 1.20, 1.02) (0.05, 0.01, 0.09) #fs:   3  -- #Conts: 5 H(1)  A(1)  G(1)  E(1)  C(1) 
    274569 055.00 || noQ Q (Avg,Max,Min) (1.09, 1.20, 1.02) (0.06, 0.02, 0.09) #fs:   3  -- #Conts: 4 H(1)  A(1)  G(1)  E(1) 
    277039 052.29 || noQ Q (Avg,Max,Min) (1.09, 1.20, 1.02) (0.06, 0.03, 0.09) #fs:   3  -- #Conts: 4 H(1)  A(1)  G(1)  C(1) 
    289882 048.29 || noQ Q (Avg,Max,Min) (1.11, 1.19, 1.06) (0.07, 0.05, 0.10) #fs:   3  -- #Conts: 3 H(1)  A(1)  G(1) 
    293153 047.29 || noQ Q (Avg,Max,Min) (1.19, 1.20, 1.17) (0.09, 0.08, 0.10) #fs:   3  -- #Conts: 2 H(1)  G(1) 
    356399 046.94 || noQ Q (Avg,Max,Min) (1.11, 1.26, 1.01) (0.05, 0.01, 0.12) #fs:   1  -- #Conts: 5 H(1)  A(2)  E(2) 
    357012 045.94 || noQ Q (Avg,Max,Min) (1.07, 1.23, 1.01) (0.06, 0.03, 0.12) #fs:   1  -- #Conts: 4 H(1)  A(1)  E(2) 
    371003 044.24 || noQ Q (Avg,Max,Min) (1.11, 1.26, 1.01) (0.05, 0.01, 0.13) #fs:   1  -- #Conts: 5 H(1)  A(2)  E(1)  C(1) 
    371616 043.24 || noQ Q (Avg,Max,Min) (1.07, 1.23, 1.01) (0.06, 0.03, 0.13) #fs:   1  -- #Conts: 4 H(1)  A(1)  E(1)  C(1) 
    383433 040.24 || noQ Q (Avg,Max,Min) (1.13, 1.26, 1.01) (0.06, 0.01, 0.13) #fs:   1  -- #Conts: 4 H(1)  A(2)  E(1) 
    384046 039.24 || noQ Q (Avg,Max,Min) (1.08, 1.23, 1.01) (0.08, 0.04, 0.13) #fs:   1  -- #Conts: 3 H(1)  A(1)  E(1) 
    400231 037.53 || noQ Q (Avg,Max,Min) (1.13, 1.26, 1.01) (0.06, 0.01, 0.14) #fs:   1  -- #Conts: 4 H(1)  A(2)  C(1) 
    400844 036.53 || noQ Q (Avg,Max,Min) (1.08, 1.22, 1.01) (0.08, 0.03, 0.14) #fs:   1  -- #Conts: 3 H(1)  A(1)  C(1) 
    415477 033.53 || noQ Q (Avg,Max,Min) (1.16, 1.26, 1.01) (0.07, 0.01, 0.14) #fs:   1  -- #Conts: 3 H(1)  A(2) 
    416090 032.53 || noQ Q (Avg,Max,Min) (1.11, 1.22, 1.01) (0.11, 0.07, 0.14) #fs:   1  -- #Conts: 2 H(1)  A(1) 
    423327 031.53 || noQ Q (Avg,Max,Min) (1.21, 1.21, 1.21) (0.14, 0.14, 0.14) #fs:   0  -- #Conts: 1 H(1) 
    426859 031.18 || noQ Q (Avg,Max,Min) (1.05, 1.26, 0.84) (0.08, 0.01, 0.13) #fs:   4  -- #Conts: 5 G(1)  A(2)  E(2) 
    482383 028.47 || noQ Q (Avg,Max,Min) (1.04, 1.26, 0.90) (0.08, 0.01, 0.15) #fs:   4  -- #Conts: 5 G(1)  A(2)  E(1)  C(1) 
    490808 027.47 || noQ Q (Avg,Max,Min) (0.95, 1.14, 0.64) (0.10, 0.05, 0.16) #fs:   2  -- #Conts: 4 G(1)  A(1)  E(1)  C(1) 
    519212 024.47 || noQ Q (Avg,Max,Min) (1.06, 1.26, 0.89) (0.09, 0.01, 0.16) #fs:   2  -- #Conts: 4 G(1)  A(2)  E(1) 
    523421 023.47 || noQ Q (Avg,Max,Min) (0.93, 1.14, 0.65) (0.12, 0.06, 0.16) #fs:   2  -- #Conts: 3 G(1)  A(1)  E(1) 
    533352 022.47 || noQ Q (Avg,Max,Min) (1.08, 1.12, 1.04) (0.15, 0.14, 0.16) #fs:   3  -- #Conts: 2 G(1)  E(1) 
    609249 020.76 || noQ Q (Avg,Max,Min) (0.93, 1.12, 0.72) (0.13, 0.07, 0.19) #fs:   2  -- #Conts: 3 G(1)  A(1)  C(1) 
    709967 017.76 || noQ Q (Avg,Max,Min) (1.07, 1.26, 0.83) (0.13, 0.01, 0.22) #fs:   2  -- #Conts: 3 G(1)  A(2) 
    711018 016.76 || noQ Q (Avg,Max,Min) (0.97, 1.10, 0.83) (0.19, 0.16, 0.22) #fs:   2  -- #Conts: 2 G(1)  A(1) 
    725500 015.76 || noQ Q (Avg,Max,Min) (1.12, 1.12, 1.12) (0.23, 0.23, 0.23) #fs:   0  -- #Conts: 1 G(1) 
    846824 014.41 || noQ Q (Avg,Max,Min) (0.90, 1.07, 0.58) (0.20, 0.12, 0.25) #fs:   2  -- #Conts: 3 A(1)  E(2) 
   1004398 011.71 || noQ Q (Avg,Max,Min) (1.02, 1.05, 1.01) (0.26, 0.23, 0.29) #fs:   2  -- #Conts: 3 A(1)  E(1)  C(1) 
   1098618 010.71 || noQ Q (Avg,Max,Min) (1.05, 1.05, 1.05) (0.30, 0.27, 0.32) #fs:   1  -- #Conts: 2 E(1)  C(1) 
   1432090 008.71 || noQ Q (Avg,Max,Min) (1.01, 1.05, 0.96) (0.29, 0.13, 0.42) #fs:   1  -- #Conts: 3 A(2)  E(1) 
   1482765 007.71 || noQ Q (Avg,Max,Min) (1.02, 1.06, 0.98) (0.39, 0.35, 0.43) #fs:   1  -- #Conts: 2 A(1)  E(1) 
   1636202 006.71 || noQ Q (Avg,Max,Min) (1.05, 1.05, 1.05) (0.48, 0.48, 0.48) #fs:   0  -- #Conts: 1 E(1) 
   2113506 006.00 || noQ Q (Avg,Max,Min) (0.90, 1.02, 0.67) (0.51, 0.36, 0.60) #fs:   4  -- #Conts: 3 A(2)  C(1) 
   2358272 005.00 || noQ Q (Avg,Max,Min) (1.00, 1.03, 0.97) (0.64, 0.60, 0.68) #fs:   1  -- #Conts: 2 A(1)  C(1) 
   2827235 004.00 || noQ Q (Avg,Max,Min) (1.03, 1.03, 1.03) (0.81, 0.81, 0.81) #fs:   0  -- #Conts: 1 C(1) 
/////////////////size: 46
nodes 50 edges 60
 mulT: 1 mulD: 500  sumData GB 723
pareto /LIGO.n.50.0.dax time -> 1125.0
moheft /LIGO.n.50.0.dax time -> 322.0
distance from M to C 0.6187761277023757
distance from P to C 0.18002897944306503
distance from C to M 2.1528522309870266
distance from C to P 0.2571895455487649
toCompare: /LIGO.n.50.0.dax sumDataGB: 723 mulT: 1 mulD: 500 paretoOptTime_MS: 1125.0 MoheftOptimizationTime_MS: 322.0 MtoC 0.6187761277023757 PtoC 0.18002897944306503 CtoM 2.1528522309870266 CtoP 0.2571895455487649
