specify -Dflow d,b,mt,md,size
Running /home/vaggelis/jc/MONTAGE.n.50.0.dax mt 1 md: 100 size null
     17309 031.53 || noQ Q (Avg,Max,Min) (16.08, 16.08, 10.00) (0.08, 0.08, 0.08) #fs:   0  -- #Conts: 1 H(1) 
     29653 015.76 || noQ Q (Avg,Max,Min) (9.80, 9.80, 9.80) (0.08, 0.08, 0.08) #fs:   0  -- #Conts: 1 G(1) 
     66838 006.71 || noQ Q (Avg,Max,Min) (4.91, 4.91, 4.91) (0.09, 0.09, 0.09) #fs:   0  -- #Conts: 1 E(1) 
    115480 004.00 || noQ Q (Avg,Max,Min) (3.26, 3.26, 3.26) (0.10, 0.10, 0.10) #fs:   0  -- #Conts: 1 C(1) 
    209941 003.00 || noQ Q (Avg,Max,Min) (1.79, 2.05, 1.64) (0.10, 0.08, 0.12) #fs:   3  -- #Conts: 3 A(3) 
    282647 002.00 || noQ Q (Avg,Max,Min) (1.87, 2.08, 1.67) (0.14, 0.12, 0.16) #fs:   2  -- #Conts: 2 A(2) 
    512020 001.00 || noQ Q (Avg,Max,Min) (1.51, 1.51, 1.51) (0.21, 0.21, 0.21) #fs:   0  -- #Conts: 1 A(1) 
/////////////////size: 7
     27167 076.47 || noQ Q (Avg,Max,Min) (11.37, 22.63, 5.97) (0.02, 0.00, 0.04) #fs:   3  -- #Conts: 5 H(1)  G(2)  E(2) 
     27522 044.94 || noQ Q (Avg,Max,Min) (9.68, 14.36, 6.93) (0.02, 0.00, 0.08) #fs:   1  -- #Conts: 4 G(2)  E(2) 
     27659 038.24 || noQ Q (Avg,Max,Min) (10.58, 14.37, 6.97) (0.03, 0.00, 0.08) #fs:   1  -- #Conts: 3 G(2)  E(1) 
     28073 026.47 || noQ Q (Avg,Max,Min) (7.23, 10.28, 4.43) (0.03, 0.00, 0.08) #fs:   0  -- #Conts: 3 G(1)  E(1)  C(1) 
     28605 023.76 || noQ Q (Avg,Max,Min) (6.32, 10.11, 4.41) (0.03, 0.00, 0.08) #fs:   0  -- #Conts: 3 G(1)  C(2) 
     28680 022.47 || noQ Q (Avg,Max,Min) (8.53, 10.09, 6.97) (0.04, 0.01, 0.08) #fs:   0  -- #Conts: 2 G(1)  E(1) 
     29210 019.76 || noQ Q (Avg,Max,Min) (7.17, 9.93, 4.41) (0.04, 0.00, 0.08) #fs:   0  -- #Conts: 2 G(1)  C(1) 
     29653 015.76 || noQ Q (Avg,Max,Min) (9.80, 9.80, 9.80) (0.08, 0.08, 0.08) #fs:   0  -- #Conts: 1 G(1) 
     58546 010.71 || noQ Q (Avg,Max,Min) (2.50, 5.42, 1.75) (0.02, 0.01, 0.09) #fs:   1  -- #Conts: 5 A(4)  E(1) 
     60121 009.71 || noQ Q (Avg,Max,Min) (2.65, 5.33, 1.75) (0.03, 0.01, 0.09) #fs:   0  -- #Conts: 4 A(3)  E(1) 
     61970 008.71 || noQ Q (Avg,Max,Min) (2.91, 5.19, 1.77) (0.04, 0.01, 0.09) #fs:   1  -- #Conts: 3 A(2)  E(1) 
     64321 007.71 || noQ Q (Avg,Max,Min) (3.41, 5.05, 1.77) (0.05, 0.01, 0.09) #fs:   0  -- #Conts: 2 A(1)  E(1) 
     66838 006.71 || noQ Q (Avg,Max,Min) (4.91, 4.91, 4.91) (0.09, 0.09, 0.09) #fs:   0  -- #Conts: 1 E(1) 
    103276 006.00 || noQ Q (Avg,Max,Min) (2.19, 3.65, 1.14) (0.05, 0.02, 0.10) #fs:   4  -- #Conts: 3 A(2)  C(1) 
    110193 005.00 || noQ Q (Avg,Max,Min) (2.41, 3.56, 1.26) (0.07, 0.03, 0.11) #fs:   3  -- #Conts: 2 A(1)  C(1) 
    115480 004.00 || noQ Q (Avg,Max,Min) (3.26, 3.26, 3.26) (0.10, 0.10, 0.10) #fs:   0  -- #Conts: 1 C(1) 
    205115 003.00 || noQ Q (Avg,Max,Min) (1.81, 2.21, 1.59) (0.09, 0.07, 0.13) #fs:   3  -- #Conts: 3 A(3) 
    282988 002.00 || noQ Q (Avg,Max,Min) (1.77, 1.99, 1.54) (0.13, 0.11, 0.16) #fs:   2  -- #Conts: 2 A(2) 
    512020 001.00 || noQ Q (Avg,Max,Min) (1.51, 1.51, 1.51) (0.21, 0.21, 0.21) #fs:   0  -- #Conts: 1 A(1) 
/////////////////size: 19
nodes 50 edges 108
 mulT: 1 mulD: 100  sumData GB 93
pareto /MONTAGE.n.50.0.dax time -> 1262.0
moheft /MONTAGE.n.50.0.dax time -> 231.0
distance from M to C 0.47358138936472993
distance from P to C 0.0
distance from C to M 0.007352941176470588
distance from C to P 1.1163373890679906
toCompare: /MONTAGE.n.50.0.dax sumDataGB: 93 mulT: 1 mulD: 100 paretoOptTime_MS: 1262.0 MoheftOptimizationTime_MS: 231.0 MtoC 0.47358138936472993 PtoC 0.0 CtoM 0.007352941176470588 CtoP 1.1163373890679906
