specify -Dflow d,b,mt,md,size
Running /home/vaggelis/jc/LIGO.n.50.0.dax mt 100 md: 20000 size null
   5383240 725.18 || noQ Q (Avg,Max,Min) (0.89, 1.08, 0.70) (0.59, 0.42, 0.94) #fs:  12  -- #Conts: 12 H(12) 
   5569538 693.65 || noQ Q (Avg,Max,Min) (0.96, 1.23, 0.79) (0.63, 0.44, 1.05) #fs:  12  -- #Conts: 12 H(12) 
   5676845 662.12 || noQ Q (Avg,Max,Min) (0.98, 1.23, 0.82) (0.65, 0.46, 0.97) #fs:  11  -- #Conts: 12 H(12) 
   5992684 630.59 || noQ Q (Avg,Max,Min) (0.97, 1.28, 0.71) (0.65, 0.54, 0.95) #fs:  12  -- #Conts: 15 H(15) 
   6413875 599.06 || noQ Q (Avg,Max,Min) (0.96, 1.22, 0.71) (0.67, 0.54, 1.08) #fs:  13  -- #Conts: 13 H(13) 
   6746904 583.29 || noQ Q (Avg,Max,Min) (0.93, 1.16, 0.65) (0.70, 0.55, 1.08) #fs:  14  -- #Conts: 13 H(12)  G(1) 
   7019292 567.53 || noQ Q (Avg,Max,Min) (0.92, 1.11, 0.60) (0.73, 0.55, 1.08) #fs:  14  -- #Conts: 13 H(11)  G(2) 
   7328960 536.00 || noQ Q (Avg,Max,Min) (0.94, 1.22, 0.71) (0.74, 0.54, 1.12) #fs:  12  -- #Conts: 11 H(11) 
   7944753 504.47 || noQ Q (Avg,Max,Min) (0.93, 1.22, 0.71) (0.78, 0.54, 1.12) #fs:  13  -- #Conts: 10 H(10) 
   8199643 488.71 || noQ Q (Avg,Max,Min) (0.98, 1.13, 0.74) (0.79, 0.55, 1.01) #fs:   8  -- #Conts: 17 H(4)  G(13) 
   8344881 472.94 || noQ Q (Avg,Max,Min) (0.97, 1.13, 0.72) (0.81, 0.55, 1.01) #fs:   8  -- #Conts: 17 H(3)  G(14) 
   8398344 457.18 || noQ Q (Avg,Max,Min) (0.97, 1.12, 0.72) (0.83, 0.55, 1.02) #fs:   8  -- #Conts: 17 H(2)  G(15) 
   8540779 441.41 || noQ Q (Avg,Max,Min) (0.96, 1.08, 0.70) (0.86, 0.55, 1.04) #fs:   8  -- #Conts: 17 H(1)  G(16) 
   9080741 409.88 || noQ Q (Avg,Max,Min) (0.95, 1.08, 0.66) (0.88, 0.64, 1.04) #fs:   6  -- #Conts: 17 G(17) 
   9876259 398.47 || noQ Q (Avg,Max,Min) (0.97, 1.08, 0.69) (0.89, 0.68, 1.04) #fs:   7  -- #Conts: 17 G(16)  E(1) 
  10815765 394.12 || noQ Q (Avg,Max,Min) (0.97, 1.19, 0.66) (0.90, 0.64, 1.05) #fs:   5  -- #Conts: 17 G(17) 
  12001600 378.35 || noQ Q (Avg,Max,Min) (0.99, 1.21, 0.66) (0.92, 0.64, 1.05) #fs:   4  -- #Conts: 17 G(17) 
  19196676 362.12 || noQ Q (Avg,Max,Min) (0.98, 1.09, 0.70) (0.88, 0.70, 1.08) #fs:   6  -- #Conts: 17 E(17) 
  19447449 360.71 || noQ Q (Avg,Max,Min) (0.98, 1.09, 0.70) (0.89, 0.70, 1.08) #fs:   7  -- #Conts: 17 E(16)  C(1) 
  21607485 357.76 || noQ Q (Avg,Max,Min) (1.02, 1.19, 0.89) (0.88, 0.66, 1.05) #fs:   5  -- #Conts: 17 G(1)  E(16) 
  22000802 354.00 || noQ Q (Avg,Max,Min) (1.01, 1.11, 0.87) (0.89, 0.66, 1.08) #fs:   5  -- #Conts: 17 E(16)  C(1) 
  23249411 351.06 || noQ Q (Avg,Max,Min) (1.03, 1.19, 0.91) (0.90, 0.66, 1.05) #fs:   4  -- #Conts: 17 G(1)  E(16) 
  23642728 348.71 || noQ Q (Avg,Max,Min) (1.02, 1.11, 0.90) (0.90, 0.66, 1.08) #fs:   4  -- #Conts: 17 E(17) 
  27507906 344.35 || noQ Q (Avg,Max,Min) (1.03, 1.19, 0.91) (0.92, 0.66, 1.05) #fs:   4  -- #Conts: 16 G(1)  E(15) 
  27901223 342.00 || noQ Q (Avg,Max,Min) (1.02, 1.11, 0.90) (0.92, 0.66, 1.08) #fs:   4  -- #Conts: 16 E(16) 
  45008789 340.00 || noQ Q (Avg,Max,Min) (1.01, 1.10, 0.88) (0.94, 0.83, 1.07) #fs:   3  -- #Conts: 18 C(18) 
  48151991 336.00 || noQ Q (Avg,Max,Min) (1.02, 1.10, 0.99) (0.95, 0.84, 1.07) #fs:   2  -- #Conts: 17 C(17) 
  51396032 332.00 || noQ Q (Avg,Max,Min) (1.02, 1.10, 0.99) (0.96, 0.87, 1.07) #fs:   2  -- #Conts: 16 C(16) 
  55126306 328.00 || noQ Q (Avg,Max,Min) (1.02, 1.10, 0.99) (0.97, 0.92, 1.07) #fs:   1  -- #Conts: 16 C(16) 
/////////////////size: 29
   9552326 523.24 || noQ Q (Avg,Max,Min) (1.08, 1.61, 0.96) (0.72, 0.39, 1.27) #fs:   3  -- #Conts: 24 H(10)  A(3)  G(11) 
   9900984 507.47 || noQ Q (Avg,Max,Min) (1.06, 1.61, 0.51) (0.75, 0.50, 1.27) #fs:   3  -- #Conts: 24 H(10)  A(3)  G(11) 
   9948350 491.71 || noQ Q (Avg,Max,Min) (1.07, 1.61, 0.89) (0.75, 0.48, 1.27) #fs:   5  -- #Conts: 23 H(9)  A(3)  G(11) 
  10728166 489.71 || noQ Q (Avg,Max,Min) (1.08, 1.76, 0.95) (0.76, 0.16, 1.48) #fs:   7  -- #Conts: 21 H(9)  G(11)  A(1) 
  11594365 460.18 || noQ Q (Avg,Max,Min) (1.09, 1.61, 1.02) (0.79, 0.53, 1.27) #fs:   1  -- #Conts: 22 H(8)  A(3)  G(11) 
  12206116 453.12 || noQ Q (Avg,Max,Min) (1.08, 1.61, 0.99) (0.77, 0.48, 1.27) #fs:   3  -- #Conts: 23 H(5)  A(3)  G(12)  E(3) 
  12518413 439.71 || noQ Q (Avg,Max,Min) (1.08, 1.61, 0.99) (0.79, 0.52, 1.27) #fs:   3  -- #Conts: 22 H(5)  A(3)  G(12)  E(2) 
  12719493 421.59 || noQ Q (Avg,Max,Min) (1.08, 1.61, 0.99) (0.80, 0.53, 1.27) #fs:   4  -- #Conts: 22 H(4)  A(3)  G(12)  E(3) 
  12903984 403.47 || noQ Q (Avg,Max,Min) (1.08, 1.61, 0.99) (0.82, 0.53, 1.27) #fs:   3  -- #Conts: 22 H(3)  A(3)  G(12)  E(4) 
  13117319 385.35 || noQ Q (Avg,Max,Min) (1.08, 1.61, 0.97) (0.82, 0.55, 1.27) #fs:   4  -- #Conts: 21 H(1)  A(3)  G(12)  E(5) 
  13378329 379.94 || noQ Q (Avg,Max,Min) (1.08, 1.61, 0.97) (0.84, 0.55, 1.27) #fs:   5  -- #Conts: 21 H(1)  A(3)  G(12)  E(4)  C(1) 
  15385991 378.65 || noQ Q (Avg,Max,Min) (1.08, 1.61, 0.97) (0.84, 0.55, 1.27) #fs:   4  -- #Conts: 20 H(1)  A(3)  G(12)  E(4) 
  17273964 375.94 || noQ Q (Avg,Max,Min) (1.11, 1.71, 0.97) (0.81, 0.05, 1.27) #fs:   5  -- #Conts: 20 H(1)  A(3)  G(12)  E(3)  C(1) 
  17668189 372.94 || noQ Q (Avg,Max,Min) (1.09, 1.61, 0.97) (0.82, 0.16, 1.27) #fs:   5  -- #Conts: 20 H(1)  A(4)  G(12)  E(3) 
  21865011 358.71 || noQ Q (Avg,Max,Min) (1.06, 1.76, 0.90) (0.94, 0.69, 1.48) #fs:   2  -- #Conts: 20 H(1)  G(7)  E(11)  C(1) 
  22174138 355.88 || noQ Q (Avg,Max,Min) (1.06, 1.76, 0.89) (0.95, 0.73, 1.48) #fs:   4  -- #Conts: 19 H(1)  G(7)  E(9)  C(2) 
  22554619 354.59 || noQ Q (Avg,Max,Min) (1.06, 1.76, 0.89) (0.96, 0.74, 1.48) #fs:   3  -- #Conts: 19 H(1)  G(7)  E(9)  C(2) 
  26181255 349.29 || noQ Q (Avg,Max,Min) (1.06, 1.76, 0.78) (0.96, 0.73, 1.48) #fs:   3  -- #Conts: 19 H(1)  G(7)  E(9)  C(2) 
  26876169 344.00 || noQ Q (Avg,Max,Min) (1.06, 1.76, 0.83) (0.98, 0.81, 1.48) #fs:   1  -- #Conts: 18 H(1)  G(7)  E(9)  C(1) 
  29468671 343.88 || noQ Q (Avg,Max,Min) (1.07, 1.76, 0.94) (0.99, 0.85, 1.48) #fs:   1  -- #Conts: 17 H(1)  G(7)  E(8)  C(1) 
  29656935 342.47 || noQ Q (Avg,Max,Min) (1.06, 1.76, 0.78) (0.99, 0.72, 1.48) #fs:   3  -- #Conts: 17 H(1)  G(7)  E(7)  C(2) 
  31351525 341.18 || noQ Q (Avg,Max,Min) (1.06, 1.76, 0.78) (0.99, 0.72, 1.48) #fs:   3  -- #Conts: 17 H(1)  G(7)  E(7)  C(2) 
  32032736 337.29 || noQ Q (Avg,Max,Min) (1.07, 1.76, 0.83) (0.99, 0.81, 1.48) #fs:   1  -- #Conts: 17 H(1)  G(7)  E(8)  C(1) 
  38032280 332.24 || noQ Q (Avg,Max,Min) (1.04, 1.13, 1.01) (0.97, 0.73, 1.10) #fs:   1  -- #Conts: 15 A(2)  G(5)  E(7)  C(1) 
  42048439 325.53 || noQ Q (Avg,Max,Min) (1.04, 1.13, 1.01) (0.99, 0.88, 1.10) #fs:   1  -- #Conts: 14 A(2)  G(5)  E(6)  C(1) 
  48726464 324.71 || noQ Q (Avg,Max,Min) (1.04, 1.13, 1.00) (0.98, 0.79, 1.10) #fs:   1  -- #Conts: 16 A(2)  G(5)  E(6)  C(3) 
  48782708 320.71 || noQ Q (Avg,Max,Min) (1.04, 1.13, 1.01) (1.00, 0.93, 1.10) #fs:   1  -- #Conts: 15 A(2)  G(5)  E(6)  C(2) 
  56307788 317.35 || noQ Q (Avg,Max,Min) (1.04, 1.13, 1.01) (1.01, 0.93, 1.10) #fs:   1  -- #Conts: 14 A(1)  G(5)  E(6)  C(2) 
  64163315 316.59 || noQ Q (Avg,Max,Min) (1.04, 1.13, 1.00) (0.97, 0.71, 1.10) #fs:   1  -- #Conts: 12 A(2)  G(2)  E(5)  C(3) 
/////////////////size: 29
nodes 50 edges 60
 mulT: 100 mulD: 20000  sumData GB 28958
pareto /LIGO.n.50.0.dax time -> 1305.0
moheft /LIGO.n.50.0.dax time -> 570.0
distance from M to C 2.5133728106196744
distance from P to C 4.4569488476596675
distance from C to M 7.933267082005042
distance from C to P 4.626817058096866
toCompare: /LIGO.n.50.0.dax sumDataGB: 28958 mulT: 100 mulD: 20000 paretoOptTime_MS: 1305.0 MoheftOptimizationTime_MS: 570.0 MtoC 2.5133728106196744 PtoC 4.4569488476596675 CtoM 7.933267082005042 CtoP 4.626817058096866
