specify -Dflow d,b,mt,md,size
Running /home/vaggelis/jc/LIGO.n.50.0.dax mt 10 md: 500 size null
    492806 362.59 || noQ Q (Avg,Max,Min) (0.88, 1.02, 0.68) (0.10, 0.08, 0.12) #fs:  12  -- #Conts: 12 H(11)  G(1) 
    497797 346.82 || noQ Q (Avg,Max,Min) (0.90, 1.02, 0.77) (0.11, 0.09, 0.13) #fs:  12  -- #Conts: 12 H(10)  G(2) 
    516909 331.06 || noQ Q (Avg,Max,Min) (0.89, 1.01, 0.80) (0.11, 0.10, 0.14) #fs:  13  -- #Conts: 12 H(9)  G(3) 
    591284 315.29 || noQ Q (Avg,Max,Min) (0.87, 1.02, 0.80) (0.12, 0.10, 0.17) #fs:  13  -- #Conts: 12 H(8)  G(4) 
    640759 299.53 || noQ Q (Avg,Max,Min) (0.85, 1.02, 0.74) (0.13, 0.10, 0.18) #fs:  13  -- #Conts: 12 H(7)  G(5) 
    664981 283.76 || noQ Q (Avg,Max,Min) (0.85, 1.00, 0.71) (0.13, 0.10, 0.18) #fs:  13  -- #Conts: 12 H(6)  G(6) 
    688602 268.00 || noQ Q (Avg,Max,Min) (0.85, 1.00, 0.68) (0.14, 0.10, 0.18) #fs:  13  -- #Conts: 12 H(5)  G(7) 
    707586 252.24 || noQ Q (Avg,Max,Min) (0.85, 1.00, 0.66) (0.14, 0.10, 0.19) #fs:  13  -- #Conts: 12 H(4)  G(8) 
    739583 236.47 || noQ Q (Avg,Max,Min) (0.85, 1.00, 0.63) (0.15, 0.10, 0.20) #fs:  13  -- #Conts: 12 H(3)  G(9) 
    773345 220.71 || noQ Q (Avg,Max,Min) (0.86, 1.00, 0.60) (0.16, 0.10, 0.21) #fs:  13  -- #Conts: 12 H(2)  G(10) 
    791258 204.94 || noQ Q (Avg,Max,Min) (0.88, 1.00, 0.69) (0.17, 0.10, 0.21) #fs:  12  -- #Conts: 12 H(1)  G(11) 
    823778 189.18 || noQ Q (Avg,Max,Min) (0.85, 1.01, 0.63) (0.17, 0.11, 0.21) #fs:  15  -- #Conts: 12 G(12) 
    935013 180.12 || noQ Q (Avg,Max,Min) (0.87, 1.01, 0.68) (0.18, 0.12, 0.25) #fs:  16  -- #Conts: 12 G(11)  E(1) 
    989935 171.06 || noQ Q (Avg,Max,Min) (0.86, 1.01, 0.72) (0.20, 0.14, 0.27) #fs:  17  -- #Conts: 12 G(10)  E(2) 
   1107934 157.65 || noQ Q (Avg,Max,Min) (0.92, 1.07, 0.81) (0.24, 0.19, 0.28) #fs:   4  -- #Conts: 5 H(5) 
   1208311 141.88 || noQ Q (Avg,Max,Min) (0.90, 1.01, 0.80) (0.27, 0.21, 0.33) #fs:   6  -- #Conts: 5 H(4)  G(1) 
   1221177 126.12 || noQ Q (Avg,Max,Min) (0.95, 1.02, 0.87) (0.30, 0.29, 0.32) #fs:   3  -- #Conts: 4 H(4) 
   1470780 110.35 || noQ Q (Avg,Max,Min) (0.86, 1.01, 0.72) (0.29, 0.22, 0.36) #fs:   6  -- #Conts: 7 G(7) 
   1532722 094.59 || noQ Q (Avg,Max,Min) (0.91, 1.02, 0.79) (0.34, 0.31, 0.37) #fs:   5  -- #Conts: 6 G(6) 
   1834141 089.53 || noQ Q (Avg,Max,Min) (0.80, 1.01, 0.42) (0.36, 0.21, 0.46) #fs:  16  -- #Conts: 12 G(1)  E(11) 
   1839938 077.76 || noQ Q (Avg,Max,Min) (0.87, 1.01, 0.67) (0.40, 0.27, 0.47) #fs:  15  -- #Conts: 12 E(11)  C(1) 
   1861796 075.06 || noQ Q (Avg,Max,Min) (0.89, 1.01, 0.76) (0.41, 0.31, 0.47) #fs:  15  -- #Conts: 12 E(10)  C(2) 
   1951418 072.35 || noQ Q (Avg,Max,Min) (0.87, 1.00, 0.77) (0.43, 0.35, 0.54) #fs:  16  -- #Conts: 12 E(9)  C(3) 
   2082899 063.06 || noQ Q (Avg,Max,Min) (0.94, 1.01, 0.86) (0.51, 0.48, 0.54) #fs:   3  -- #Conts: 4 G(4) 
   2666288 047.29 || noQ Q (Avg,Max,Min) (0.96, 1.01, 0.91) (0.68, 0.65, 0.72) #fs:   2  -- #Conts: 3 G(3) 
   3299192 046.94 || noQ Q (Avg,Max,Min) (0.85, 1.01, 0.71) (0.66, 0.48, 0.80) #fs:   6  -- #Conts: 7 E(7) 
   3315423 044.24 || noQ Q (Avg,Max,Min) (0.89, 1.00, 0.73) (0.70, 0.54, 0.83) #fs:   8  -- #Conts: 7 E(6)  C(1) 
   3439175 040.24 || noQ Q (Avg,Max,Min) (0.90, 1.01, 0.79) (0.76, 0.69, 0.85) #fs:   5  -- #Conts: 6 E(6) 
/////////////////size: 28
   1476677 159.65 || noQ Q (Avg,Max,Min) (0.96, 1.03, 0.82) (0.23, 0.05, 0.42) #fs:   5  -- #Conts: 7 H(5)  A(2) 
   1509074 128.12 || noQ Q (Avg,Max,Min) (0.95, 1.03, 0.83) (0.27, 0.11, 0.43) #fs:   6  -- #Conts: 6 H(4)  A(2) 
   1627728 112.35 || noQ Q (Avg,Max,Min) (0.96, 1.03, 0.84) (0.27, 0.06, 0.46) #fs:   5  -- #Conts: 6 H(3)  A(2)  G(1) 
   1653774 096.59 || noQ Q (Avg,Max,Min) (0.95, 1.03, 0.84) (0.32, 0.11, 0.47) #fs:   5  -- #Conts: 5 H(3)  A(2) 
   1815067 095.59 || noQ Q (Avg,Max,Min) (0.91, 1.02, 0.83) (0.39, 0.28, 0.52) #fs:   4  -- #Conts: 4 H(3)  A(1) 
   1980539 084.82 || noQ Q (Avg,Max,Min) (1.00, 1.03, 0.89) (0.31, 0.05, 0.56) #fs:   2  -- #Conts: 6 H(2)  A(2)  G(1)  C(1) 
   2030659 082.47 || noQ Q (Avg,Max,Min) (1.00, 1.03, 0.90) (0.28, 0.05, 0.57) #fs:   2  -- #Conts: 7 H(2)  A(2)  E(2)  C(1) 
   2127146 075.76 || noQ Q (Avg,Max,Min) (0.94, 1.03, 0.70) (0.34, 0.05, 0.57) #fs:   4  -- #Conts: 6 H(2)  A(2)  E(1)  C(1) 
   2160540 069.06 || noQ Q (Avg,Max,Min) (0.99, 1.03, 0.89) (0.35, 0.05, 0.61) #fs:   2  -- #Conts: 5 H(2)  A(2)  C(1) 
   2257183 065.06 || noQ Q (Avg,Max,Min) (0.96, 1.03, 0.83) (0.39, 0.05, 0.64) #fs:   2  -- #Conts: 4 H(2)  A(2) 
   2263358 064.06 || noQ Q (Avg,Max,Min) (0.94, 1.02, 0.83) (0.51, 0.33, 0.64) #fs:   2  -- #Conts: 3 H(2)  A(1) 
   2764517 063.06 || noQ Q (Avg,Max,Min) (1.01, 1.02, 0.99) (0.51, 0.09, 0.76) #fs:   1  -- #Conts: 3 H(1)  G(2) 
   2825942 047.29 || noQ Q (Avg,Max,Min) (1.02, 1.02, 1.01) (0.74, 0.68, 0.80) #fs:   1  -- #Conts: 2 H(1)  G(1) 
   3537485 047.24 || noQ Q (Avg,Max,Min) (0.99, 1.02, 0.92) (0.51, 0.25, 1.01) #fs:   1  -- #Conts: 5 H(1)  A(1)  E(1)  C(2) 
   3540697 046.94 || noQ Q (Avg,Max,Min) (1.00, 1.03, 0.92) (0.47, 0.05, 1.01) #fs:   1  -- #Conts: 5 H(1)  A(2)  E(2) 
   3546764 045.94 || noQ Q (Avg,Max,Min) (0.99, 1.02, 0.92) (0.57, 0.32, 1.01) #fs:   1  -- #Conts: 4 H(1)  A(1)  E(2) 
   3878316 044.24 || noQ Q (Avg,Max,Min) (0.99, 1.03, 0.92) (0.49, 0.05, 1.01) #fs:   1  -- #Conts: 5 H(1)  A(2)  E(1)  C(1) 
   3884383 043.24 || noQ Q (Avg,Max,Min) (0.99, 1.02, 0.92) (0.60, 0.31, 1.01) #fs:   1  -- #Conts: 4 H(1)  A(1)  E(1)  C(1) 
   4385034 040.24 || noQ Q (Avg,Max,Min) (0.99, 1.03, 0.92) (0.57, 0.05, 1.02) #fs:   1  -- #Conts: 4 H(1)  A(2)  E(1) 
   4391101 039.24 || noQ Q (Avg,Max,Min) (0.98, 1.02, 0.92) (0.75, 0.61, 1.02) #fs:   1  -- #Conts: 3 H(1)  A(1)  E(1) 
   7336732 038.53 || noQ Q (Avg,Max,Min) (0.95, 1.02, 0.83) (0.80, 0.56, 1.02) #fs:   2  -- #Conts: 3 H(1)  A(1)  C(1) 
   7410126 037.53 || noQ Q (Avg,Max,Min) (1.01, 1.02, 1.00) (0.85, 0.53, 1.01) #fs:   0  -- #Conts: 3 H(1)  A(1)  C(1) 
  10944639 037.47 || noQ Q (Avg,Max,Min) (0.95, 1.02, 0.76) (0.75, 0.55, 1.02) #fs:   4  -- #Conts: 8 G(1)  A(5)  E(1)  C(1) 
  13066041 036.47 || noQ Q (Avg,Max,Min) (0.94, 1.02, 0.83) (0.81, 0.65, 1.02) #fs:   4  -- #Conts: 6 G(1)  A(3)  E(1)  C(1) 
  16840679 035.47 || noQ Q (Avg,Max,Min) (0.94, 1.02, 0.84) (0.86, 0.65, 1.02) #fs:   4  -- #Conts: 5 G(1)  A(2)  E(1)  C(1) 
/////////////////size: 25
nodes 50 edges 60
 mulT: 10 mulD: 500  sumData GB 723
pareto /LIGO.n.50.0.dax time -> 1497.0
moheft /LIGO.n.50.0.dax time -> 231.0
distance from M to C 1.7459487518262389
distance from P to C 0.0
distance from C to M 0.46004689132921434
distance from C to P 0.8829595782050516
toCompare: /LIGO.n.50.0.dax sumDataGB: 723 mulT: 10 mulD: 500 paretoOptTime_MS: 1497.0 MoheftOptimizationTime_MS: 231.0 MtoC 1.7459487518262389 PtoC 0.0 CtoM 0.46004689132921434 CtoP 0.8829595782050516
