specify -Dflow d,b,mt,md,size
Running /home/vaggelis/jc/CYBERSHAKE.n.50.0.dax mt 30 md: 1 size null
    273096 378.35 || noQ Q (Avg,Max,Min) (0.96, 1.10, 0.78) (0.03, 0.02, 0.08) #fs:  13  -- #Conts: 12 H(12) 
    278644 346.82 || noQ Q (Avg,Max,Min) (1.00, 1.09, 0.92) (0.04, 0.02, 0.08) #fs:   9  -- #Conts: 11 H(11) 
    295771 315.29 || noQ Q (Avg,Max,Min) (1.01, 1.09, 0.77) (0.04, 0.02, 0.08) #fs:   9  -- #Conts: 10 H(10) 
    306874 283.76 || noQ Q (Avg,Max,Min) (0.99, 1.10, 0.75) (0.04, 0.02, 0.08) #fs:   7  -- #Conts: 9 H(9) 
    325081 268.00 || noQ Q (Avg,Max,Min) (0.98, 1.09, 0.67) (0.05, 0.02, 0.08) #fs:   7  -- #Conts: 9 H(8)  G(1) 
    326906 252.24 || noQ Q (Avg,Max,Min) (0.98, 1.09, 0.67) (0.05, 0.02, 0.08) #fs:   7  -- #Conts: 9 H(7)  G(2) 
    327229 236.47 || noQ Q (Avg,Max,Min) (1.02, 1.09, 0.87) (0.05, 0.03, 0.08) #fs:   6  -- #Conts: 9 H(6)  G(3) 
    333220 220.71 || noQ Q (Avg,Max,Min) (0.94, 1.10, 0.65) (0.06, 0.02, 0.09) #fs:   6  -- #Conts: 7 H(7) 
    337464 189.18 || noQ Q (Avg,Max,Min) (0.97, 1.04, 0.88) (0.07, 0.05, 0.09) #fs:   6  -- #Conts: 6 H(6) 
    384889 157.65 || noQ Q (Avg,Max,Min) (1.01, 1.09, 0.92) (0.08, 0.05, 0.11) #fs:   4  -- #Conts: 5 H(5) 
    427348 126.12 || noQ Q (Avg,Max,Min) (1.01, 1.09, 0.90) (0.10, 0.08, 0.12) #fs:   3  -- #Conts: 4 H(4) 
    497154 094.59 || noQ Q (Avg,Max,Min) (1.04, 1.06, 1.03) (0.13, 0.11, 0.14) #fs:   2  -- #Conts: 3 H(3) 
    631336 078.82 || noQ Q (Avg,Max,Min) (0.98, 1.02, 0.93) (0.13, 0.10, 0.18) #fs:   3  -- #Conts: 5 G(5) 
    676510 063.06 || noQ Q (Avg,Max,Min) (1.02, 1.03, 1.01) (0.19, 0.19, 0.19) #fs:   1  -- #Conts: 2 H(2) 
    852031 047.29 || noQ Q (Avg,Max,Min) (1.02, 1.02, 1.02) (0.22, 0.18, 0.24) #fs:   2  -- #Conts: 3 G(3) 
   1159417 031.53 || noQ Q (Avg,Max,Min) (1.01, 1.02, 1.00) (0.33, 0.32, 0.33) #fs:   1  -- #Conts: 2 G(2) 
   1632831 026.82 || noQ Q (Avg,Max,Min) (0.98, 1.02, 0.92) (0.36, 0.30, 0.45) #fs:   3  -- #Conts: 4 E(4) 
   1915316 020.12 || noQ Q (Avg,Max,Min) (1.00, 1.02, 0.98) (0.49, 0.40, 0.54) #fs:   1  -- #Conts: 3 E(3) 
   2296520 015.76 || noQ Q (Avg,Max,Min) (1.00, 1.00, 1.00) (0.64, 0.64, 0.64) #fs:   0  -- #Conts: 1 G(1) 
   2614844 013.41 || noQ Q (Avg,Max,Min) (1.00, 1.01, 0.99) (0.73, 0.72, 0.73) #fs:   1  -- #Conts: 2 E(2) 
   3302777 012.00 || noQ Q (Avg,Max,Min) (1.00, 1.01, 0.98) (0.83, 0.68, 0.92) #fs:   1  -- #Conts: 3 C(3) 
/////////////////size: 21
    272529 328.71 || noQ Q (Avg,Max,Min) (1.00, 1.07, 0.80) (0.03, 0.01, 0.08) #fs:  14  -- #Conts: 17 H(5)  G(10)  E(2) 
    276011 322.00 || noQ Q (Avg,Max,Min) (1.01, 1.12, 0.76) (0.03, 0.01, 0.08) #fs:   7  -- #Conts: 16 H(5)  G(10)  E(1) 
    278755 315.29 || noQ Q (Avg,Max,Min) (1.03, 1.12, 0.77) (0.03, 0.01, 0.08) #fs:   8  -- #Conts: 15 H(5)  G(10) 
    282248 306.24 || noQ Q (Avg,Max,Min) (1.04, 1.12, 0.95) (0.04, 0.01, 0.08) #fs:   7  -- #Conts: 15 H(5)  G(9)  E(1) 
    283760 299.53 || noQ Q (Avg,Max,Min) (1.04, 1.12, 0.89) (0.04, 0.02, 0.08) #fs:   6  -- #Conts: 14 H(5)  G(9) 
    284383 290.47 || noQ Q (Avg,Max,Min) (1.04, 1.12, 0.89) (0.04, 0.02, 0.08) #fs:   8  -- #Conts: 14 H(5)  G(8)  E(1) 
    284721 281.41 || noQ Q (Avg,Max,Min) (1.03, 1.08, 0.91) (0.04, 0.02, 0.08) #fs:   7  -- #Conts: 15 H(4)  G(9)  E(2) 
    287129 278.71 || noQ Q (Avg,Max,Min) (1.03, 1.12, 0.93) (0.04, 0.02, 0.08) #fs:   7  -- #Conts: 15 H(4)  G(9)  E(1)  C(1) 
    288715 274.71 || noQ Q (Avg,Max,Min) (1.04, 1.12, 0.91) (0.04, 0.02, 0.08) #fs:   4  -- #Conts: 14 H(4)  G(9)  E(1) 
    290183 272.00 || noQ Q (Avg,Max,Min) (1.03, 1.09, 0.92) (0.04, 0.02, 0.08) #fs:   5  -- #Conts: 14 H(4)  G(9)  C(1) 
    290233 262.94 || noQ Q (Avg,Max,Min) (1.04, 1.11, 0.92) (0.04, 0.02, 0.08) #fs:   7  -- #Conts: 14 H(4)  G(8)  E(1)  C(1) 
    290952 253.88 || noQ Q (Avg,Max,Min) (1.03, 1.09, 0.92) (0.04, 0.02, 0.08) #fs:   5  -- #Conts: 14 H(4)  G(7)  E(2)  C(1) 
    291994 249.88 || noQ Q (Avg,Max,Min) (1.04, 1.10, 0.93) (0.04, 0.02, 0.08) #fs:   5  -- #Conts: 13 H(4)  G(7)  E(2) 
    293462 247.18 || noQ Q (Avg,Max,Min) (1.04, 1.10, 0.93) (0.04, 0.02, 0.08) #fs:   7  -- #Conts: 13 H(4)  G(7)  E(1)  C(1) 
    294587 243.18 || noQ Q (Avg,Max,Min) (1.04, 1.10, 0.98) (0.04, 0.02, 0.08) #fs:   6  -- #Conts: 12 H(4)  G(7)  E(1) 
    296055 240.47 || noQ Q (Avg,Max,Min) (1.04, 1.09, 0.98) (0.05, 0.02, 0.08) #fs:   3  -- #Conts: 12 H(4)  G(7)  C(1) 
    299901 235.41 || noQ Q (Avg,Max,Min) (1.04, 1.08, 0.98) (0.04, 0.02, 0.09) #fs:   5  -- #Conts: 14 H(3)  G(8)  E(1)  C(2) 
    301546 226.35 || noQ Q (Avg,Max,Min) (1.04, 1.09, 0.99) (0.04, 0.02, 0.08) #fs:   2  -- #Conts: 14 H(3)  G(7)  E(2)  C(2) 
    307076 210.59 || noQ Q (Avg,Max,Min) (1.04, 1.09, 0.99) (0.05, 0.03, 0.09) #fs:   3  -- #Conts: 13 H(3)  G(6)  E(2)  C(2) 
    319315 205.53 || noQ Q (Avg,Max,Min) (1.04, 1.07, 0.98) (0.05, 0.03, 0.09) #fs:   3  -- #Conts: 14 H(3)  G(5)  E(3)  C(3) 
    325239 201.53 || noQ Q (Avg,Max,Min) (1.04, 1.06, 0.99) (0.05, 0.03, 0.09) #fs:   2  -- #Conts: 13 H(3)  G(5)  E(3)  C(2) 
    327171 197.53 || noQ Q (Avg,Max,Min) (1.03, 1.10, 0.96) (0.05, 0.03, 0.09) #fs:   4  -- #Conts: 12 H(3)  G(5)  E(3)  C(1) 
    329597 193.53 || noQ Q (Avg,Max,Min) (1.03, 1.10, 0.97) (0.05, 0.03, 0.09) #fs:   6  -- #Conts: 11 H(3)  G(5)  E(3) 
    331705 186.82 || noQ Q (Avg,Max,Min) (1.04, 1.09, 0.99) (0.05, 0.03, 0.09) #fs:   4  -- #Conts: 10 H(3)  G(5)  E(2) 
    333858 184.12 || noQ Q (Avg,Max,Min) (1.03, 1.08, 0.91) (0.06, 0.04, 0.10) #fs:   5  -- #Conts: 10 H(3)  G(5)  E(1)  C(1) 
    335790 181.41 || noQ Q (Avg,Max,Min) (1.02, 1.09, 0.92) (0.06, 0.04, 0.10) #fs:   3  -- #Conts: 10 H(3)  G(5)  C(2) 
    336603 178.41 || noQ Q (Avg,Max,Min) (0.95, 1.09, 0.52) (0.06, 0.01, 0.10) #fs:   7  -- #Conts: 10 H(3)  G(5)  A(1)  C(1) 
    336976 177.41 || noQ Q (Avg,Max,Min) (0.99, 1.09, 0.86) (0.06, 0.04, 0.10) #fs:   5  -- #Conts: 9 H(3)  G(5)  C(1) 
    339301 173.41 || noQ Q (Avg,Max,Min) (1.03, 1.09, 0.93) (0.06, 0.04, 0.10) #fs:   4  -- #Conts: 8 H(3)  G(5) 
    346356 166.00 || noQ Q (Avg,Max,Min) (0.98, 1.07, 0.65) (0.06, 0.03, 0.10) #fs:   8  -- #Conts: 11 H(2)  G(5)  E(3)  C(1) 
    347457 163.29 || noQ Q (Avg,Max,Min) (1.01, 1.07, 0.88) (0.06, 0.03, 0.10) #fs:   4  -- #Conts: 11 H(2)  G(5)  E(2)  C(2) 
    350342 161.29 || noQ Q (Avg,Max,Min) (0.98, 1.07, 0.82) (0.05, 0.01, 0.10) #fs:   7  -- #Conts: 12 H(2)  G(5)  A(2)  E(2)  C(1) 
    350481 160.29 || noQ Q (Avg,Max,Min) (0.98, 1.07, 0.82) (0.06, 0.02, 0.10) #fs:   7  -- #Conts: 11 H(2)  G(5)  A(1)  E(2)  C(1) 
    350567 159.29 || noQ Q (Avg,Max,Min) (1.00, 1.07, 0.84) (0.06, 0.03, 0.10) #fs:   6  -- #Conts: 10 H(2)  G(5)  E(2)  C(1) 
    350984 156.59 || noQ Q (Avg,Max,Min) (1.02, 1.07, 0.91) (0.06, 0.04, 0.10) #fs:   6  -- #Conts: 10 H(2)  G(5)  E(1)  C(2) 
    352978 155.88 || noQ Q (Avg,Max,Min) (1.02, 1.07, 0.97) (0.05, 0.00, 0.10) #fs:   7  -- #Conts: 12 H(2)  G(5)  A(2)  C(3) 
    353315 151.88 || noQ Q (Avg,Max,Min) (1.03, 1.07, 0.97) (0.06, 0.01, 0.10) #fs:   6  -- #Conts: 11 H(2)  G(5)  A(2)  C(2) 
    353779 150.88 || noQ Q (Avg,Max,Min) (1.03, 1.06, 0.97) (0.06, 0.03, 0.10) #fs:   7  -- #Conts: 10 H(2)  G(5)  A(1)  C(2) 
    354329 149.88 || noQ Q (Avg,Max,Min) (1.04, 1.06, 0.99) (0.07, 0.04, 0.10) #fs:   4  -- #Conts: 9 H(2)  G(5)  C(2) 
    367777 145.88 || noQ Q (Avg,Max,Min) (1.03, 1.06, 0.99) (0.07, 0.04, 0.10) #fs:   2  -- #Conts: 8 H(2)  G(5)  C(1) 
    369245 141.88 || noQ Q (Avg,Max,Min) (1.03, 1.06, 0.99) (0.07, 0.05, 0.10) #fs:   4  -- #Conts: 7 H(2)  G(5) 
    403750 139.06 || noQ Q (Avg,Max,Min) (1.00, 1.06, 0.81) (0.06, 0.04, 0.11) #fs:   6  -- #Conts: 14 H(2)  G(1)  E(6)  C(5) 
    410397 138.00 || noQ Q (Avg,Max,Min) (0.99, 1.03, 0.78) (0.06, 0.04, 0.11) #fs:   7  -- #Conts: 16 H(2)  E(7)  C(7) 
    412121 134.00 || noQ Q (Avg,Max,Min) (0.99, 1.03, 0.83) (0.06, 0.04, 0.11) #fs:   8  -- #Conts: 15 H(2)  E(7)  C(6) 
    418610 130.00 || noQ Q (Avg,Max,Min) (1.00, 1.03, 0.80) (0.07, 0.04, 0.12) #fs:   6  -- #Conts: 14 H(2)  E(7)  C(5) 
    422623 128.35 || noQ Q (Avg,Max,Min) (0.98, 1.05, 0.78) (0.07, 0.04, 0.12) #fs:   6  -- #Conts: 12 H(2)  G(1)  E(5)  C(4) 
    425623 124.35 || noQ Q (Avg,Max,Min) (1.00, 1.05, 0.82) (0.07, 0.04, 0.12) #fs:   6  -- #Conts: 11 H(2)  G(1)  E(5)  C(3) 
    428457 120.35 || noQ Q (Avg,Max,Min) (0.98, 1.04, 0.81) (0.08, 0.04, 0.12) #fs:   5  -- #Conts: 10 H(2)  G(1)  E(5)  C(2) 
    430912 116.35 || noQ Q (Avg,Max,Min) (0.97, 1.04, 0.71) (0.08, 0.04, 0.12) #fs:   8  -- #Conts: 9 H(2)  G(1)  E(5)  C(1) 
    435225 113.65 || noQ Q (Avg,Max,Min) (1.00, 1.03, 0.95) (0.08, 0.05, 0.12) #fs:   8  -- #Conts: 9 H(2)  G(1)  E(4)  C(2) 
    438864 110.65 || noQ Q (Avg,Max,Min) (1.00, 1.03, 0.82) (0.08, 0.01, 0.12) #fs:   4  -- #Conts: 9 H(2)  G(1)  A(1)  E(4)  C(1) 
    439120 109.65 || noQ Q (Avg,Max,Min) (1.00, 1.03, 0.82) (0.09, 0.07, 0.12) #fs:   5  -- #Conts: 8 H(2)  G(1)  E(4)  C(1) 
    443974 108.59 || noQ Q (Avg,Max,Min) (0.99, 1.03, 0.72) (0.09, 0.04, 0.12) #fs:   3  -- #Conts: 10 H(2)  E(5)  C(3) 
    446253 105.88 || noQ Q (Avg,Max,Min) (1.01, 1.03, 0.87) (0.09, 0.06, 0.12) #fs:   2  -- #Conts: 10 H(2)  E(4)  C(4) 
    466259 101.88 || noQ Q (Avg,Max,Min) (1.02, 1.03, 1.00) (0.09, 0.06, 0.13) #fs:   3  -- #Conts: 9 H(2)  E(4)  C(3) 
    467727 098.88 || noQ Q (Avg,Max,Min) (1.00, 1.03, 0.83) (0.09, 0.01, 0.13) #fs:   3  -- #Conts: 9 H(2)  A(1)  E(4)  C(2) 
    468231 097.88 || noQ Q (Avg,Max,Min) (1.00, 1.03, 0.83) (0.10, 0.07, 0.13) #fs:   3  -- #Conts: 8 H(2)  E(4)  C(2) 
    498831 095.18 || noQ Q (Avg,Max,Min) (1.01, 1.03, 0.99) (0.09, 0.07, 0.14) #fs:   2  -- #Conts: 8 H(2)  E(3)  C(3) 
    502730 091.18 || noQ Q (Avg,Max,Min) (1.01, 1.03, 0.98) (0.10, 0.07, 0.14) #fs:   3  -- #Conts: 7 H(2)  E(3)  C(2) 
    543933 089.76 || noQ Q (Avg,Max,Min) (1.00, 1.05, 0.88) (0.09, 0.07, 0.16) #fs:   3  -- #Conts: 8 H(2)  E(1)  C(5) 
    550185 085.76 || noQ Q (Avg,Max,Min) (0.99, 1.05, 0.82) (0.10, 0.07, 0.16) #fs:   4  -- #Conts: 7 H(2)  E(1)  C(4) 
    572397 081.76 || noQ Q (Avg,Max,Min) (0.97, 1.03, 0.79) (0.11, 0.07, 0.16) #fs:   4  -- #Conts: 6 H(2)  E(1)  C(3) 
    582303 077.76 || noQ Q (Avg,Max,Min) (0.93, 1.05, 0.75) (0.12, 0.08, 0.17) #fs:   6  -- #Conts: 5 H(2)  E(1)  C(2) 
    590657 076.76 || noQ Q (Avg,Max,Min) (1.00, 1.05, 0.93) (0.09, 0.01, 0.17) #fs:   3  -- #Conts: 7 H(2)  A(3)  E(1)  C(1) 
    590937 075.76 || noQ Q (Avg,Max,Min) (1.00, 1.05, 0.93) (0.10, 0.01, 0.17) #fs:   4  -- #Conts: 6 H(2)  A(2)  E(1)  C(1) 
    591569 074.76 || noQ Q (Avg,Max,Min) (1.00, 1.05, 0.93) (0.12, 0.02, 0.17) #fs:   3  -- #Conts: 5 H(2)  A(1)  E(1)  C(1) 
    592959 073.76 || noQ Q (Avg,Max,Min) (1.00, 1.05, 0.93) (0.14, 0.10, 0.17) #fs:   3  -- #Conts: 4 H(2)  E(1)  C(1) 
    618135 069.76 || noQ Q (Avg,Max,Min) (1.02, 1.04, 1.01) (0.16, 0.13, 0.18) #fs:   1  -- #Conts: 3 H(2)  E(1) 
    639925 069.06 || noQ Q (Avg,Max,Min) (1.01, 1.03, 1.00) (0.12, 0.04, 0.18) #fs:   1  -- #Conts: 5 H(2)  A(2)  C(1) 
    643412 068.06 || noQ Q (Avg,Max,Min) (1.01, 1.03, 1.00) (0.13, 0.04, 0.18) #fs:   1  -- #Conts: 4 H(2)  A(1)  C(1) 
    645172 067.06 || noQ Q (Avg,Max,Min) (1.02, 1.03, 1.00) (0.16, 0.12, 0.18) #fs:   1  -- #Conts: 3 H(2)  C(1) 
    669306 066.06 || noQ Q (Avg,Max,Min) (0.83, 1.03, 0.38) (0.10, 0.04, 0.19) #fs:   5  -- #Conts: 5 H(2)  A(3) 
    671687 065.06 || noQ Q (Avg,Max,Min) (0.94, 1.03, 0.73) (0.12, 0.04, 0.19) #fs:   3  -- #Conts: 4 H(2)  A(2) 
    675065 064.06 || noQ Q (Avg,Max,Min) (1.01, 1.03, 1.00) (0.14, 0.05, 0.19) #fs:   1  -- #Conts: 3 H(2)  A(1) 
    677877 063.06 || noQ Q (Avg,Max,Min) (1.02, 1.03, 1.00) (0.19, 0.19, 0.19) #fs:   1  -- #Conts: 2 H(2) 
    694463 063.00 || noQ Q (Avg,Max,Min) (0.98, 1.03, 0.77) (0.14, 0.03, 0.20) #fs:   3  -- #Conts: 6 H(1)  G(1)  A(1)  E(1)  C(2) 
    696607 062.00 || noQ Q (Avg,Max,Min) (1.02, 1.03, 1.00) (0.16, 0.13, 0.20) #fs:   2  -- #Conts: 5 H(1)  G(1)  E(1)  C(2) 
    734814 061.00 || noQ Q (Avg,Max,Min) (0.94, 1.02, 0.62) (0.11, 0.01, 0.21) #fs:   5  -- #Conts: 7 H(1)  G(1)  A(3)  E(1)  C(1) 
    736377 060.00 || noQ Q (Avg,Max,Min) (0.93, 1.02, 0.62) (0.13, 0.01, 0.21) #fs:   5  -- #Conts: 6 H(1)  G(1)  A(2)  E(1)  C(1) 
    736860 059.00 || noQ Q (Avg,Max,Min) (0.92, 1.02, 0.62) (0.15, 0.05, 0.21) #fs:   4  -- #Conts: 5 H(1)  G(1)  A(1)  E(1)  C(1) 
    740163 058.00 || noQ Q (Avg,Max,Min) (0.99, 1.02, 0.95) (0.17, 0.14, 0.21) #fs:   3  -- #Conts: 4 H(1)  G(1)  E(1)  C(1) 
    780991 054.00 || noQ Q (Avg,Max,Min) (1.00, 1.02, 0.98) (0.19, 0.15, 0.22) #fs:   2  -- #Conts: 3 H(1)  G(1)  E(1) 
    809052 053.29 || noQ Q (Avg,Max,Min) (0.81, 1.03, 0.32) (0.14, 0.04, 0.23) #fs:   6  -- #Conts: 5 H(1)  G(1)  A(2)  C(1) 
    811879 052.29 || noQ Q (Avg,Max,Min) (0.93, 1.03, 0.68) (0.17, 0.05, 0.23) #fs:   4  -- #Conts: 4 H(1)  G(1)  A(1)  C(1) 
    814919 051.29 || noQ Q (Avg,Max,Min) (1.01, 1.03, 1.00) (0.21, 0.16, 0.23) #fs:   2  -- #Conts: 3 H(1)  G(1)  C(1) 
    862786 050.29 || noQ Q (Avg,Max,Min) (0.80, 1.02, 0.35) (0.13, 0.05, 0.24) #fs:   6  -- #Conts: 5 H(1)  G(1)  A(3) 
    866041 049.29 || noQ Q (Avg,Max,Min) (0.91, 1.02, 0.64) (0.15, 0.05, 0.25) #fs:   4  -- #Conts: 4 H(1)  G(1)  A(2) 
    869984 048.29 || noQ Q (Avg,Max,Min) (1.00, 1.02, 0.99) (0.18, 0.06, 0.25) #fs:   2  -- #Conts: 3 H(1)  G(1)  A(1) 
    874508 047.29 || noQ Q (Avg,Max,Min) (1.01, 1.02, 0.99) (0.24, 0.24, 0.25) #fs:   2  -- #Conts: 2 H(1)  G(1) 
    959460 044.94 || noQ Q (Avg,Max,Min) (1.00, 1.02, 0.98) (0.23, 0.20, 0.27) #fs:   2  -- #Conts: 3 H(1)  E(2) 
   1019306 043.24 || noQ Q (Avg,Max,Min) (1.00, 1.03, 0.98) (0.22, 0.18, 0.28) #fs:   3  -- #Conts: 4 H(1)  A(1)  E(1)  C(1) 
   1026178 042.24 || noQ Q (Avg,Max,Min) (1.02, 1.03, 1.01) (0.24, 0.19, 0.29) #fs:   0  -- #Conts: 3 H(1)  E(1)  C(1) 
   1058398 041.24 || noQ Q (Avg,Max,Min) (1.01, 1.02, 1.00) (0.21, 0.08, 0.30) #fs:   0  -- #Conts: 5 H(1)  A(3)  E(1) 
   1065807 040.24 || noQ Q (Avg,Max,Min) (1.01, 1.02, 1.00) (0.24, 0.20, 0.30) #fs:   0  -- #Conts: 4 H(1)  A(2)  E(1) 
   1084410 039.24 || noQ Q (Avg,Max,Min) (1.01, 1.02, 1.00) (0.26, 0.24, 0.30) #fs:   0  -- #Conts: 3 H(1)  A(1)  E(1) 
   1107683 038.24 || noQ Q (Avg,Max,Min) (1.01, 1.02, 1.01) (0.28, 0.25, 0.31) #fs:   1  -- #Conts: 2 H(1)  E(1) 
   1158125 037.53 || noQ Q (Avg,Max,Min) (1.01, 1.02, 1.00) (0.26, 0.23, 0.32) #fs:   0  -- #Conts: 4 H(1)  A(2)  C(1) 
   1182129 036.53 || noQ Q (Avg,Max,Min) (1.00, 1.02, 0.99) (0.28, 0.24, 0.33) #fs:   1  -- #Conts: 3 H(1)  A(1)  C(1) 
   1209934 035.53 || noQ Q (Avg,Max,Min) (1.01, 1.01, 1.01) (0.29, 0.24, 0.34) #fs:   0  -- #Conts: 2 H(1)  C(1) 
   1245109 034.53 || noQ Q (Avg,Max,Min) (1.00, 1.01, 1.00) (0.28, 0.25, 0.35) #fs:   1  -- #Conts: 4 H(1)  A(3) 
   1273236 033.53 || noQ Q (Avg,Max,Min) (1.00, 1.01, 1.00) (0.30, 0.26, 0.36) #fs:   0  -- #Conts: 3 H(1)  A(2) 
   1303189 032.53 || noQ Q (Avg,Max,Min) (1.00, 1.01, 1.00) (0.33, 0.30, 0.36) #fs:   0  -- #Conts: 2 H(1)  A(1) 
   1340000 031.53 || noQ Q (Avg,Max,Min) (1.01, 1.01, 1.01) (0.37, 0.37, 0.37) #fs:   0  -- #Conts: 1 H(1) 
   1393374 030.76 || noQ Q (Avg,Max,Min) (0.99, 1.01, 0.93) (0.27, 0.20, 0.39) #fs:   4  -- #Conts: 7 G(1)  A(3)  C(3) 
   1432447 029.76 || noQ Q (Avg,Max,Min) (0.99, 1.02, 0.95) (0.29, 0.21, 0.39) #fs:   4  -- #Conts: 6 G(1)  A(2)  C(3) 
   1442725 028.76 || noQ Q (Avg,Max,Min) (0.99, 1.02, 0.90) (0.30, 0.23, 0.40) #fs:   1  -- #Conts: 5 G(1)  A(1)  C(3) 
   1451702 027.76 || noQ Q (Avg,Max,Min) (1.01, 1.02, 1.01) (0.33, 0.31, 0.41) #fs:   2  -- #Conts: 4 G(1)  C(3) 
   1509376 026.76 || noQ Q (Avg,Max,Min) (0.99, 1.01, 0.91) (0.33, 0.29, 0.42) #fs:   3  -- #Conts: 6 G(1)  A(3)  C(2) 
   1550872 025.76 || noQ Q (Avg,Max,Min) (0.99, 1.01, 0.92) (0.35, 0.30, 0.43) #fs:   1  -- #Conts: 5 G(1)  A(2)  C(2) 
   1599511 024.76 || noQ Q (Avg,Max,Min) (0.98, 1.01, 0.94) (0.36, 0.32, 0.45) #fs:   2  -- #Conts: 4 G(1)  A(1)  C(2) 
   1693887 023.76 || noQ Q (Avg,Max,Min) (0.98, 1.00, 0.92) (0.35, 0.29, 0.47) #fs:   4  -- #Conts: 6 G(1)  A(4)  C(1) 
   1742579 022.76 || noQ Q (Avg,Max,Min) (0.98, 1.02, 0.90) (0.39, 0.33, 0.48) #fs:   4  -- #Conts: 5 G(1)  A(3)  C(1) 
   1777333 021.76 || noQ Q (Avg,Max,Min) (0.97, 1.01, 0.87) (0.41, 0.35, 0.50) #fs:   3  -- #Conts: 4 G(1)  A(2)  C(1) 
   1843197 020.76 || noQ Q (Avg,Max,Min) (0.95, 1.01, 0.83) (0.43, 0.34, 0.51) #fs:   4  -- #Conts: 3 G(1)  A(1)  C(1) 
   1899730 019.76 || noQ Q (Avg,Max,Min) (1.01, 1.01, 1.00) (0.48, 0.44, 0.53) #fs:   0  -- #Conts: 2 G(1)  C(1) 
   2067027 018.76 || noQ Q (Avg,Max,Min) (0.83, 1.00, 0.70) (0.42, 0.33, 0.58) #fs:   7  -- #Conts: 4 G(1)  A(3) 
   2110864 017.76 || noQ Q (Avg,Max,Min) (0.95, 1.00, 0.84) (0.49, 0.41, 0.59) #fs:   1  -- #Conts: 3 G(1)  A(2) 
   2190615 016.76 || noQ Q (Avg,Max,Min) (1.00, 1.00, 1.00) (0.56, 0.51, 0.61) #fs:   0  -- #Conts: 2 G(1)  A(1) 
   2296520 015.76 || noQ Q (Avg,Max,Min) (1.00, 1.00, 1.00) (0.64, 0.64, 0.64) #fs:   0  -- #Conts: 1 G(1) 
   2426596 015.41 || noQ Q (Avg,Max,Min) (0.93, 1.01, 0.74) (0.53, 0.34, 0.68) #fs:   7  -- #Conts: 4 A(2)  E(2) 
   2537345 014.41 || noQ Q (Avg,Max,Min) (0.99, 1.00, 0.98) (0.63, 0.49, 0.70) #fs:   2  -- #Conts: 3 A(1)  E(2) 
   2609955 013.41 || noQ Q (Avg,Max,Min) (1.00, 1.01, 0.99) (0.73, 0.72, 0.73) #fs:   1  -- #Conts: 2 E(2) 
   2977533 012.71 || noQ Q (Avg,Max,Min) (1.00, 1.01, 0.98) (0.71, 0.61, 0.83) #fs:   1  -- #Conts: 4 A(2)  E(1)  C(1) 
   3175417 011.71 || noQ Q (Avg,Max,Min) (0.99, 1.01, 0.97) (0.80, 0.66, 0.89) #fs:   2  -- #Conts: 3 A(1)  E(1)  C(1) 
   3384607 010.71 || noQ Q (Avg,Max,Min) (0.98, 1.01, 0.96) (0.92, 0.90, 0.95) #fs:   2  -- #Conts: 2 E(1)  C(1) 
/////////////////size: 125
nodes 50 edges 92
 mulT: 30 mulD: 1  sumData GB 86
pareto /CYBERSHAKE.n.50.0.dax time -> 913.0
moheft /CYBERSHAKE.n.50.0.dax time -> 1409.0
distance from M to C 0.044250962432178534
distance from P to C 2.7110856542415545
distance from C to M 0.008547008547008548
distance from C to P 3.0422303901790535
toCompare: /CYBERSHAKE.n.50.0.dax sumDataGB: 86 mulT: 30 mulD: 1 paretoOptTime_MS: 913.0 MoheftOptimizationTime_MS: 1409.0 MtoC 0.044250962432178534 PtoC 2.7110856542415545 CtoM 0.008547008547008548 CtoP 3.0422303901790535
