specify -Dflow d,b,mt,md,size
Running /home/vaggelis/jc/LIGO.n.50.0.dax mt 50 md: 5000 size null
   2539884 362.59 || noQ Q (Avg,Max,Min) (0.89, 1.05, 0.69) (0.54, 0.39, 0.63) #fs:  12  -- #Conts: 12 H(11)  G(1) 
   2569550 346.82 || noQ Q (Avg,Max,Min) (0.91, 1.05, 0.78) (0.56, 0.44, 0.65) #fs:  12  -- #Conts: 12 H(10)  G(2) 
   2619893 331.06 || noQ Q (Avg,Max,Min) (0.92, 1.03, 0.83) (0.59, 0.49, 0.74) #fs:  13  -- #Conts: 12 H(9)  G(3) 
   2992097 315.29 || noQ Q (Avg,Max,Min) (0.89, 1.04, 0.82) (0.61, 0.49, 0.85) #fs:  13  -- #Conts: 12 H(8)  G(4) 
   3405198 299.53 || noQ Q (Avg,Max,Min) (0.83, 1.01, 0.72) (0.64, 0.49, 0.89) #fs:  13  -- #Conts: 12 H(7)  G(5) 
   3502214 283.76 || noQ Q (Avg,Max,Min) (0.91, 1.08, 0.78) (0.68, 0.52, 0.85) #fs:  13  -- #Conts: 11 H(7)  G(4) 
   3577437 268.00 || noQ Q (Avg,Max,Min) (0.91, 1.05, 0.79) (0.71, 0.55, 0.88) #fs:  13  -- #Conts: 11 H(6)  G(5) 
   3685225 252.24 || noQ Q (Avg,Max,Min) (0.90, 1.01, 0.80) (0.75, 0.57, 0.92) #fs:  13  -- #Conts: 11 H(5)  G(6) 
   3901473 236.47 || noQ Q (Avg,Max,Min) (0.88, 1.01, 0.77) (0.78, 0.60, 0.97) #fs:  14  -- #Conts: 11 H(4)  G(7) 
   9271109 234.71 || noQ Q (Avg,Max,Min) (0.86, 1.01, 0.68) (0.67, 0.54, 0.91) #fs:  15  -- #Conts: 12 E(12) 
   9309360 201.18 || noQ Q (Avg,Max,Min) (0.95, 1.04, 0.69) (0.81, 0.57, 1.00) #fs:  11  -- #Conts: 16 E(16) 
  11799789 194.47 || noQ Q (Avg,Max,Min) (0.96, 1.06, 0.69) (0.81, 0.61, 0.99) #fs:   6  -- #Conts: 15 E(15) 
  13352284 187.76 || noQ Q (Avg,Max,Min) (0.98, 1.04, 0.81) (0.83, 0.61, 0.99) #fs:   5  -- #Conts: 16 E(16) 
  14112197 181.06 || noQ Q (Avg,Max,Min) (0.99, 1.02, 0.85) (0.85, 0.61, 1.00) #fs:   4  -- #Conts: 14 E(14) 
  14546141 174.35 || noQ Q (Avg,Max,Min) (0.98, 1.02, 0.85) (0.89, 0.61, 1.00) #fs:   4  -- #Conts: 13 E(13) 
  14644721 167.65 || noQ Q (Avg,Max,Min) (0.98, 1.02, 0.85) (0.93, 0.78, 1.00) #fs:   4  -- #Conts: 12 E(12) 
  20683020 163.29 || noQ Q (Avg,Max,Min) (1.02, 1.19, 1.00) (0.95, 0.88, 1.05) #fs:   0  -- #Conts: 13 G(1)  E(12) 
  20815071 160.94 || noQ Q (Avg,Max,Min) (1.02, 1.08, 1.00) (0.96, 0.88, 1.08) #fs:   0  -- #Conts: 13 E(13) 
/////////////////size: 18
   7923323 270.00 || noQ Q (Avg,Max,Min) (1.00, 1.06, 0.84) (0.57, 0.25, 0.91) #fs:   5  -- #Conts: 10 H(3)  A(2)  G(5) 
   8077954 254.24 || noQ Q (Avg,Max,Min) (1.01, 1.06, 0.90) (0.61, 0.28, 0.91) #fs:   4  -- #Conts: 9 H(3)  A(2)  G(4) 
   8215937 238.47 || noQ Q (Avg,Max,Min) (1.00, 1.06, 0.90) (0.66, 0.28, 0.98) #fs:   5  -- #Conts: 8 H(3)  A(2)  G(3) 
   9067026 222.71 || noQ Q (Avg,Max,Min) (1.00, 1.06, 0.90) (0.76, 0.28, 0.99) #fs:   4  -- #Conts: 7 H(3)  A(2)  G(2) 
   9410058 220.35 || noQ Q (Avg,Max,Min) (1.00, 1.06, 0.90) (0.76, 0.28, 0.99) #fs:   4  -- #Conts: 8 H(3)  A(2)  G(1)  E(2) 
   9723903 211.29 || noQ Q (Avg,Max,Min) (0.97, 1.05, 0.79) (0.80, 0.69, 0.98) #fs:   4  -- #Conts: 10 H(3)  A(2)  G(2)  E(3) 
  10267326 208.94 || noQ Q (Avg,Max,Min) (0.97, 1.05, 0.79) (0.83, 0.69, 0.99) #fs:   4  -- #Conts: 11 H(3)  A(2)  G(1)  E(5) 
  10480626 207.59 || noQ Q (Avg,Max,Min) (0.98, 1.08, 0.67) (0.79, 0.50, 1.00) #fs:   3  -- #Conts: 11 H(3)  A(2)  E(6) 
  11697024 194.82 || noQ Q (Avg,Max,Min) (1.00, 1.15, 0.83) (0.80, 0.27, 1.09) #fs:   6  -- #Conts: 17 H(1)  A(2)  G(7)  E(6)  C(1) 
  11715138 193.82 || noQ Q (Avg,Max,Min) (1.00, 1.15, 0.83) (0.83, 0.32, 1.10) #fs:   6  -- #Conts: 16 H(1)  A(1)  G(7)  E(6)  C(1) 
  11746874 192.82 || noQ Q (Avg,Max,Min) (0.99, 1.16, 0.83) (0.85, 0.32, 1.12) #fs:   6  -- #Conts: 15 H(1)  G(7)  E(6)  C(1) 
  11928078 185.76 || noQ Q (Avg,Max,Min) (1.00, 1.15, 0.83) (0.83, 0.27, 1.09) #fs:   6  -- #Conts: 16 H(1)  A(2)  G(6)  E(6)  C(1) 
  11946192 184.76 || noQ Q (Avg,Max,Min) (1.00, 1.15, 0.83) (0.86, 0.53, 1.10) #fs:   6  -- #Conts: 15 H(1)  A(1)  G(6)  E(6)  C(1) 
  11977928 183.76 || noQ Q (Avg,Max,Min) (0.99, 1.16, 0.83) (0.89, 0.61, 1.12) #fs:   6  -- #Conts: 14 H(1)  G(6)  E(6)  C(1) 
  12283855 183.41 || noQ Q (Avg,Max,Min) (1.00, 1.15, 0.84) (0.83, 0.27, 1.09) #fs:   7  -- #Conts: 15 H(1)  A(2)  G(5)  E(6)  C(1) 
  12301969 182.41 || noQ Q (Avg,Max,Min) (1.00, 1.15, 0.84) (0.87, 0.53, 1.10) #fs:   7  -- #Conts: 14 H(1)  A(1)  G(5)  E(6)  C(1) 
  12333705 181.41 || noQ Q (Avg,Max,Min) (0.99, 1.16, 0.84) (0.90, 0.61, 1.12) #fs:   7  -- #Conts: 13 H(1)  G(5)  E(6)  C(1) 
  12805984 179.06 || noQ Q (Avg,Max,Min) (1.00, 1.15, 0.83) (0.85, 0.27, 1.09) #fs:   6  -- #Conts: 16 H(1)  A(2)  G(6)  E(6)  C(1) 
  12824098 178.06 || noQ Q (Avg,Max,Min) (1.00, 1.15, 0.83) (0.89, 0.53, 1.10) #fs:   6  -- #Conts: 15 H(1)  A(1)  G(6)  E(6)  C(1) 
  12855834 177.06 || noQ Q (Avg,Max,Min) (0.99, 1.16, 0.83) (0.92, 0.61, 1.12) #fs:   6  -- #Conts: 14 H(1)  G(6)  E(6)  C(1) 
  16841382 174.35 || noQ Q (Avg,Max,Min) (1.01, 1.15, 0.84) (0.85, 0.27, 1.09) #fs:   6  -- #Conts: 14 H(1)  A(2)  G(4)  E(6)  C(1) 
  16859496 173.35 || noQ Q (Avg,Max,Min) (1.00, 1.15, 0.84) (0.90, 0.53, 1.10) #fs:   6  -- #Conts: 13 H(1)  A(1)  G(4)  E(6)  C(1) 
  16891232 172.35 || noQ Q (Avg,Max,Min) (1.00, 1.16, 0.84) (0.93, 0.61, 1.12) #fs:   6  -- #Conts: 12 H(1)  G(4)  E(6)  C(1) 
  22668546 164.24 || noQ Q (Avg,Max,Min) (1.02, 1.06, 0.97) (0.87, 0.15, 1.05) #fs:   2  -- #Conts: 12 A(2)  G(4)  E(4)  C(2) 
  67023181 163.29 || noQ Q (Avg,Max,Min) (1.02, 1.06, 1.00) (0.95, 0.80, 1.05) #fs:   1  -- #Conts: 13 A(3)  G(2)  E(4)  C(4) 
/////////////////size: 25
nodes 50 edges 60
 mulT: 50 mulD: 5000  sumData GB 7239
pareto /LIGO.n.50.0.dax time -> 1136.0
moheft /LIGO.n.50.0.dax time -> 520.0
distance from M to C 1.4756842797294007
distance from P to C 1.019568384792664
distance from C to M 7.4718200626247775
distance from C to P 3.557074262327191
toCompare: /LIGO.n.50.0.dax sumDataGB: 7239 mulT: 50 mulD: 5000 paretoOptTime_MS: 1136.0 MoheftOptimizationTime_MS: 520.0 MtoC 1.4756842797294007 PtoC 1.019568384792664 CtoM 7.4718200626247775 CtoP 3.557074262327191
