specify -Dflow d,b,mt,md,size
Running /home/vaggelis/jc/SIPHT.n.50.0.dax mt 100 md: 1 size null
  13379004 472.94 || noQ Q (Avg,Max,Min) (0.78, 1.00, 0.64) (0.70, 0.60, 0.86) #fs:   4  -- #Conts: 4 H(4) 
  13379005 441.41 || noQ Q (Avg,Max,Min) (0.86, 1.00, 0.69) (0.75, 0.62, 0.86) #fs:   3  -- #Conts: 4 H(4) 
  13396391 409.88 || noQ Q (Avg,Max,Min) (0.91, 1.00, 0.69) (0.81, 0.62, 0.93) #fs:   2  -- #Conts: 4 H(4) 
  13626508 378.35 || noQ Q (Avg,Max,Min) (0.99, 1.00, 0.96) (0.84, 0.62, 0.94) #fs:   1  -- #Conts: 4 H(4) 
  22761700 346.82 || noQ Q (Avg,Max,Min) (0.96, 1.00, 0.86) (0.86, 0.78, 0.93) #fs:   2  -- #Conts: 4 H(1)  G(3) 
  22958951 331.06 || noQ Q (Avg,Max,Min) (0.95, 1.00, 0.86) (0.85, 0.78, 0.91) #fs:   4  -- #Conts: 4 G(4) 
  23353339 315.29 || noQ Q (Avg,Max,Min) (0.99, 1.00, 0.96) (0.88, 0.84, 0.92) #fs:   2  -- #Conts: 4 G(4) 
  34976540 299.53 || noQ Q (Avg,Max,Min) (0.99, 1.00, 0.98) (0.88, 0.68, 1.00) #fs:   1  -- #Conts: 3 G(3) 
  35442027 283.76 || noQ Q (Avg,Max,Min) (1.00, 1.00, 1.00) (0.99, 0.98, 1.00) #fs:   0  -- #Conts: 2 G(2) 
  51712081 281.65 || noQ Q (Avg,Max,Min) (1.00, 1.00, 1.00) (0.96, 0.90, 0.99) #fs:   0  -- #Conts: 7 E(7) 
  67235877 274.94 || noQ Q (Avg,Max,Min) (1.00, 1.00, 1.00) (0.97, 0.95, 1.00) #fs:   0  -- #Conts: 5 E(5) 
/////////////////size: 11
  13612190 347.82 || noQ Q (Avg,Max,Min) (1.00, 1.00, 1.00) (0.78, 0.24, 0.95) #fs:   0  -- #Conts: 5 H(3)  G(1)  A(1) 
  13626309 346.82 || noQ Q (Avg,Max,Min) (1.00, 1.00, 1.00) (0.92, 0.89, 0.95) #fs:   1  -- #Conts: 4 H(3)  G(1) 
  17786692 331.06 || noQ Q (Avg,Max,Min) (0.99, 1.00, 0.96) (0.95, 0.88, 0.98) #fs:   1  -- #Conts: 4 H(3)  G(1) 
  25184285 322.00 || noQ Q (Avg,Max,Min) (0.96, 1.00, 0.82) (0.83, 0.67, 1.00) #fs:   2  -- #Conts: 5 G(4)  E(1) 
  33015466 308.24 || noQ Q (Avg,Max,Min) (0.99, 1.00, 0.94) (0.86, 0.67, 0.96) #fs:   1  -- #Conts: 4 G(2)  A(1)  E(1) 
  34251279 302.53 || noQ Q (Avg,Max,Min) (1.00, 1.00, 1.00) (0.85, 0.72, 1.00) #fs:   0  -- #Conts: 4 G(3)  A(1) 
  34275238 301.53 || noQ Q (Avg,Max,Min) (1.00, 1.00, 1.00) (0.92, 0.72, 1.00) #fs:   0  -- #Conts: 4 G(3)  A(1) 
  34485349 300.53 || noQ Q (Avg,Max,Min) (1.00, 1.00, 1.00) (0.92, 0.72, 1.00) #fs:   0  -- #Conts: 4 G(3)  A(1) 
  34683878 299.53 || noQ Q (Avg,Max,Min) (1.00, 1.00, 1.00) (0.90, 0.72, 1.00) #fs:   0  -- #Conts: 3 G(3) 
  36603981 296.47 || noQ Q (Avg,Max,Min) (1.00, 1.00, 1.00) (0.92, 0.68, 1.00) #fs:   0  -- #Conts: 5 G(3)  E(2) 
  39939940 294.47 || noQ Q (Avg,Max,Min) (1.00, 1.00, 1.00) (0.94, 0.88, 1.00) #fs:   0  -- #Conts: 4 G(2)  A(1)  E(1) 
  40468105 293.47 || noQ Q (Avg,Max,Min) (1.00, 1.00, 1.00) (0.96, 0.89, 1.00) #fs:   0  -- #Conts: 5 G(2)  A(2)  E(1) 
  40669060 292.47 || noQ Q (Avg,Max,Min) (1.00, 1.00, 1.00) (0.96, 0.89, 1.00) #fs:   0  -- #Conts: 4 G(2)  A(1)  E(1) 
  41452852 290.76 || noQ Q (Avg,Max,Min) (0.98, 1.00, 0.92) (0.85, 0.70, 1.00) #fs:   1  -- #Conts: 4 G(2)  A(2) 
  41464356 289.76 || noQ Q (Avg,Max,Min) (0.98, 1.00, 0.92) (0.91, 0.74, 1.00) #fs:   1  -- #Conts: 4 G(2)  A(2) 
  41517206 288.76 || noQ Q (Avg,Max,Min) (0.98, 1.00, 0.92) (0.97, 0.92, 1.00) #fs:   1  -- #Conts: 4 G(2)  A(2) 
  41727593 287.76 || noQ Q (Avg,Max,Min) (0.97, 1.00, 0.88) (0.96, 0.87, 1.00) #fs:   1  -- #Conts: 4 G(2)  A(2) 
  41932657 286.76 || noQ Q (Avg,Max,Min) (0.94, 1.00, 0.75) (0.93, 0.75, 1.00) #fs:   1  -- #Conts: 4 G(2)  A(2) 
  42088986 285.76 || noQ Q (Avg,Max,Min) (1.00, 1.00, 1.00) (0.99, 0.97, 1.00) #fs:   0  -- #Conts: 3 G(2)  A(1) 
  42293951 284.76 || noQ Q (Avg,Max,Min) (1.00, 1.00, 1.00) (0.99, 0.98, 1.00) #fs:   0  -- #Conts: 3 G(2)  A(1) 
  42502197 283.76 || noQ Q (Avg,Max,Min) (1.00, 1.00, 1.00) (0.99, 0.98, 1.00) #fs:   0  -- #Conts: 2 G(2) 
  45851876 279.00 || noQ Q (Avg,Max,Min) (1.00, 1.00, 1.00) (0.93, 0.71, 1.00) #fs:   0  -- #Conts: 5 G(2)  A(1)  E(2) 
  45923900 278.00 || noQ Q (Avg,Max,Min) (1.00, 1.00, 1.00) (0.99, 0.98, 1.00) #fs:   0  -- #Conts: 5 G(2)  A(1)  E(2) 
  46419135 277.00 || noQ Q (Avg,Max,Min) (1.00, 1.00, 1.00) (0.98, 0.92, 1.00) #fs:   0  -- #Conts: 5 G(2)  A(1)  E(2) 
  69480243 276.29 || noQ Q (Avg,Max,Min) (1.00, 1.00, 1.00) (0.92, 0.71, 1.00) #fs:   0  -- #Conts: 4 G(1)  A(1)  E(2) 
  69811847 275.29 || noQ Q (Avg,Max,Min) (1.00, 1.00, 1.00) (0.99, 0.97, 1.00) #fs:   0  -- #Conts: 3 G(1)  E(2) 
  96643022 273.71 || noQ Q (Avg,Max,Min) (1.00, 1.00, 1.00) (0.78, 0.06, 1.00) #fs:   0  -- #Conts: 5 A(2)  E(2)  C(1) 
/////////////////size: 27
nodes 48 edges 56
 mulT: 100 mulD: 1  sumData GB 1
pareto /SIPHT.n.50.0.dax time -> 736.0
moheft /SIPHT.n.50.0.dax time -> 250.0
distance from M to C 1.7531094008572243
distance from P to C 1.889093980493069
distance from C to M 6.124159219658498
distance from C to P 1.668665924026757
toCompare: /SIPHT.n.50.0.dax sumDataGB: 1 mulT: 100 mulD: 1 paretoOptTime_MS: 736.0 MoheftOptimizationTime_MS: 250.0 MtoC 1.7531094008572243 PtoC 1.889093980493069 CtoM 6.124159219658498 CtoP 1.668665924026757
