specify -Dflow d,b,mt,md,size
Running /home/vaggelis/jc/CYBERSHAKE.n.50.0.dax mt 100 md: 10000 size null
   2277960 063.06 || noQ Q (Avg,Max,Min) (18.86, 21.41, 10.00) (11.93, 10.00, 13.54) #fs:   1  -- #Conts: 2 H(2) 
   4055484 047.29 || noQ Q (Avg,Max,Min) (11.77, 13.93, 9.61) (9.67, 5.41, 13.93) #fs:   0  -- #Conts: 2 G(2) 
   8801622 046.94 || noQ Q (Avg,Max,Min) (4.13, 6.25, 1.16) (3.05, 0.00, 5.09) #fs:   1  -- #Conts: 3 E(3) 
   8811811 040.24 || noQ Q (Avg,Max,Min) (5.61, 6.25, 4.97) (4.57, 4.05, 5.10) #fs:   1  -- #Conts: 2 E(2) 
   9146382 035.88 || noQ Q (Avg,Max,Min) (9.37, 13.93, 4.82) (9.00, 4.08, 13.93) #fs:   0  -- #Conts: 2 G(1)  E(1) 
  15804399 035.76 || noQ Q (Avg,Max,Min) (8.57, 13.93, 3.21) (8.37, 2.82, 13.93) #fs:   0  -- #Conts: 2 G(1)  C(1) 
/////////////////size: 6
   3609126 101.29 || noQ Q (Avg,Max,Min) (8.58, 13.90, 1.52) (4.05, 0.00, 6.97) #fs:   4  -- #Conts: 3 H(1)  G(1)  E(1) 
   3609322 069.76 || noQ Q (Avg,Max,Min) (8.66, 13.90, 1.52) (5.77, 0.00, 10.36) #fs:   3  -- #Conts: 3 H(1)  G(1)  E(1) 
   3610852 067.06 || noQ Q (Avg,Max,Min) (8.49, 13.89, 1.01) (5.77, 0.00, 10.36) #fs:   3  -- #Conts: 3 H(1)  G(1)  C(1) 
   3611269 063.06 || noQ Q (Avg,Max,Min) (12.23, 13.89, 10.00) (8.66, 6.97, 10.36) #fs:   3  -- #Conts: 2 H(1)  G(1) 
   3626176 058.00 || noQ Q (Avg,Max,Min) (6.72, 13.93, 1.10) (6.07, 0.00, 13.93) #fs:   3  -- #Conts: 4 H(1)  G(1)  E(1)  C(1) 
   3630592 054.00 || noQ Q (Avg,Max,Min) (8.56, 13.93, 1.17) (8.10, 0.01, 13.93) #fs:   3  -- #Conts: 3 H(1)  G(1)  E(1) 
   3642230 052.29 || noQ Q (Avg,Max,Min) (6.66, 13.93, 1.06) (6.08, 0.01, 13.93) #fs:   3  -- #Conts: 4 H(1)  G(1)  A(1)  C(1) 
   3649876 051.29 || noQ Q (Avg,Max,Min) (8.53, 13.93, 1.10) (8.10, 0.01, 13.93) #fs:   3  -- #Conts: 3 H(1)  G(1)  C(1) 
   3773121 049.29 || noQ Q (Avg,Max,Min) (6.64, 13.93, 1.01) (6.09, 0.01, 13.93) #fs:   3  -- #Conts: 4 H(1)  G(1)  A(2) 
   3807100 048.29 || noQ Q (Avg,Max,Min) (8.51, 13.93, 1.02) (8.11, 0.06, 13.93) #fs:   3  -- #Conts: 3 H(1)  G(1)  A(1) 
  94672895 048.24 || noQ Q (Avg,Max,Min) (34.14, 115.88, 0.45) (15.26, 0.04, 39.06) #fs:   3  -- #Conts: 7 H(1)  A(4)  E(1)  C(1) 
  94686610 047.24 || noQ Q (Avg,Max,Min) (39.39, 114.60, 0.99) (17.80, 0.05, 39.06) #fs:   3  -- #Conts: 6 H(1)  A(3)  E(1)  C(1) 
  94769878 046.24 || noQ Q (Avg,Max,Min) (37.61, 107.39, 1.02) (18.39, 0.07, 39.09) #fs:   1  -- #Conts: 6 H(1)  A(3)  E(1)  C(1) 
  94790473 045.24 || noQ Q (Avg,Max,Min) (44.41, 105.99, 10.00) (22.06, 10.00, 39.10) #fs:   1  -- #Conts: 5 H(1)  A(2)  E(1)  C(1) 
  95215364 044.24 || noQ Q (Avg,Max,Min) (29.86, 133.46, 0.73) (17.79, 0.07, 65.10) #fs:   1  -- #Conts: 6 H(1)  A(4)  E(1) 
  95246837 043.24 || noQ Q (Avg,Max,Min) (35.22, 131.12, 1.02) (21.34, 0.10, 65.10) #fs:   1  -- #Conts: 5 H(1)  A(3)  E(1) 
  95356566 042.24 || noQ Q (Avg,Max,Min) (33.95, 123.61, 1.02) (22.05, 0.12, 65.14) #fs:   0  -- #Conts: 5 H(1)  A(3)  E(1) 
  95413986 041.24 || noQ Q (Avg,Max,Min) (41.29, 120.01, 10.00) (27.53, 10.00, 65.16) #fs:   0  -- #Conts: 4 H(1)  A(2)  E(1) 
  95875294 040.24 || noQ Q (Avg,Max,Min) (39.19, 111.72, 10.00) (29.99, 10.00, 74.98) #fs:   0  -- #Conts: 4 H(1)  A(2)  E(1) 
  96216472 039.53 || noQ Q (Avg,Max,Min) (26.31, 68.50, 10.00) (22.22, 10.00, 52.46) #fs:   1  -- #Conts: 5 H(1)  A(3)  C(1) 
  96385221 039.47 || noQ Q (Avg,Max,Min) (34.59, 67.72, 0.58) (26.36, 0.19, 49.18) #fs:   5  -- #Conts: 7 G(1)  A(3)  E(1)  C(2) 
  96422435 038.47 || noQ Q (Avg,Max,Min) (39.77, 66.70, 9.41) (30.73, 9.24, 49.19) #fs:   4  -- #Conts: 6 G(1)  A(2)  E(1)  C(2) 
  96616360 037.47 || noQ Q (Avg,Max,Min) (44.78, 78.52, 9.30) (36.76, 9.22, 62.17) #fs:   1  -- #Conts: 5 G(1)  A(1)  E(1)  C(2) 
  96744661 036.47 || noQ Q (Avg,Max,Min) (28.97, 75.18, 10.00) (24.94, 10.00, 62.20) #fs:   2  -- #Conts: 7 G(1)  A(4)  E(1)  C(1) 
  97156354 035.47 || noQ Q (Avg,Max,Min) (27.46, 76.46, 10.00) (24.71, 10.00, 72.00) #fs:   1  -- #Conts: 8 G(1)  A(5)  E(1)  C(1) 
/////////////////size: 25
nodes 50 edges 92
 mulT: 100 mulD: 10000  sumData GB 863024
pareto /CYBERSHAKE.n.50.0.dax time -> 194.0
moheft /CYBERSHAKE.n.50.0.dax time -> 396.0
distance from M to C 1.2215130608659315
distance from P to C 0.0
distance from C to M 0.8235294117647057
distance from C to P 1.1540995667971488
toCompare: /CYBERSHAKE.n.50.0.dax sumDataGB: 863024 mulT: 100 mulD: 10000 paretoOptTime_MS: 194.0 MoheftOptimizationTime_MS: 396.0 MtoC 1.2215130608659315 PtoC 0.0 CtoM 0.8235294117647057 CtoP 1.1540995667971488
