specify -Dflow d,b,mt,md,size
Running /home/vaggelis/jc/CYBERSHAKE.n.50.0.dax mt 500 md: 5000 size null
  11387856 283.76 || noQ Q (Avg,Max,Min) (1.44, 3.16, 0.03) (1.30, 0.02, 3.15) #fs:   6  -- #Conts: 4 H(4) 
  11433003 252.24 || noQ Q (Avg,Max,Min) (1.91, 3.16, 0.04) (1.73, 0.03, 3.15) #fs:   4  -- #Conts: 3 H(3) 
  11536315 220.71 || noQ Q (Avg,Max,Min) (2.83, 3.16, 2.51) (2.58, 2.01, 3.15) #fs:   0  -- #Conts: 2 H(2) 
  19795068 204.94 || noQ Q (Avg,Max,Min) (1.08, 2.29, 0.07) (1.04, 0.07, 2.29) #fs:   7  -- #Conts: 4 G(4) 
  20038959 189.18 || noQ Q (Avg,Max,Min) (1.41, 2.29, 0.07) (1.37, 0.07, 2.29) #fs:   4  -- #Conts: 3 G(3) 
  20277342 173.41 || noQ Q (Avg,Max,Min) (2.08, 2.29, 1.86) (2.02, 1.75, 2.29) #fs:   0  -- #Conts: 2 G(2) 
  44031321 167.65 || noQ Q (Avg,Max,Min) (1.47, 1.55, 1.40) (1.42, 1.31, 1.52) #fs:   0  -- #Conts: 2 E(2) 
  45731849 166.00 || noQ Q (Avg,Max,Min) (1.84, 2.29, 1.38) (1.82, 1.35, 2.29) #fs:   0  -- #Conts: 2 G(1)  E(1) 
/////////////////size: 8
  11386242 242.47 || noQ Q (Avg,Max,Min) (1.63, 3.16, 0.35) (1.12, 0.00, 3.16) #fs:   1  -- #Conts: 5 H(2)  A(1)  G(1)  C(1) 
  11390606 233.41 || noQ Q (Avg,Max,Min) (1.61, 3.16, 0.35) (1.12, 0.00, 3.16) #fs:   1  -- #Conts: 5 H(2)  A(1)  E(1)  C(1) 
  11391971 226.71 || noQ Q (Avg,Max,Min) (1.76, 3.16, 0.35) (1.40, 0.14, 3.16) #fs:   1  -- #Conts: 4 H(2)  A(1)  C(1) 
  11414592 222.71 || noQ Q (Avg,Max,Min) (1.82, 3.16, 0.78) (1.54, 0.45, 3.16) #fs:   2  -- #Conts: 4 H(2)  A(2) 
  11479755 221.71 || noQ Q (Avg,Max,Min) (2.15, 3.16, 0.78) (1.87, 0.45, 3.16) #fs:   1  -- #Conts: 3 H(2)  A(1) 
  11534281 220.71 || noQ Q (Avg,Max,Min) (2.83, 3.16, 2.51) (2.58, 2.01, 3.16) #fs:   0  -- #Conts: 2 H(2) 
  40641470 212.53 || noQ Q (Avg,Max,Min) (1.97, 8.27, 0.53) (1.20, 0.01, 5.51) #fs:   4  -- #Conts: 9 H(1)  G(1)  A(3)  E(2)  C(2) 
  40642490 211.53 || noQ Q (Avg,Max,Min) (1.99, 8.27, 0.70) (1.22, 0.01, 5.51) #fs:   4  -- #Conts: 9 H(1)  G(1)  A(3)  E(2)  C(2) 
  40648692 207.53 || noQ Q (Avg,Max,Min) (2.12, 8.27, 0.70) (1.37, 0.02, 5.51) #fs:   3  -- #Conts: 8 H(1)  G(1)  A(3)  E(2)  C(1) 
  40666051 206.53 || noQ Q (Avg,Max,Min) (1.99, 8.23, 0.65) (1.29, 0.02, 5.51) #fs:   2  -- #Conts: 9 H(1)  G(1)  A(4)  E(2)  C(1) 
  40678781 203.53 || noQ Q (Avg,Max,Min) (2.23, 8.17, 0.53) (1.57, 0.02, 5.52) #fs:   5  -- #Conts: 7 H(1)  G(1)  A(3)  E(2) 
  40687460 201.53 || noQ Q (Avg,Max,Min) (2.24, 8.15, 0.65) (1.68, 0.03, 5.52) #fs:   3  -- #Conts: 7 H(1)  G(1)  A(3)  E(2) 
  40700557 190.76 || noQ Q (Avg,Max,Min) (2.51, 8.13, 0.73) (1.77, 0.05, 5.52) #fs:   2  -- #Conts: 6 H(1)  A(2)  E(2)  C(1) 
  40722848 189.76 || noQ Q (Avg,Max,Min) (2.53, 8.13, 0.84) (1.80, 0.07, 5.52) #fs:   2  -- #Conts: 6 H(1)  A(2)  E(2)  C(1) 
  40777399 186.76 || noQ Q (Avg,Max,Min) (2.73, 7.87, 0.59) (2.12, 0.34, 5.55) #fs:   3  -- #Conts: 5 H(1)  A(2)  E(2) 
  40790589 185.76 || noQ Q (Avg,Max,Min) (2.78, 7.86, 0.83) (2.17, 0.45, 5.55) #fs:   2  -- #Conts: 5 H(1)  A(2)  E(2) 
  40955015 184.76 || noQ Q (Avg,Max,Min) (2.68, 7.45, 0.77) (2.18, 0.48, 5.60) #fs:   1  -- #Conts: 5 H(1)  A(2)  E(2) 
  41069212 183.76 || noQ Q (Avg,Max,Min) (3.04, 7.20, 0.77) (2.62, 0.74, 5.63) #fs:   1  -- #Conts: 4 H(1)  A(1)  E(2) 
  41193022 182.76 || noQ Q (Avg,Max,Min) (3.02, 6.90, 1.00) (2.68, 0.95, 5.67) #fs:   0  -- #Conts: 4 H(1)  A(1)  E(2) 
  41415530 181.76 || noQ Q (Avg,Max,Min) (3.56, 6.49, 1.56) (3.28, 1.50, 5.73) #fs:   0  -- #Conts: 3 H(1)  E(2) 
  57466210 180.06 || noQ Q (Avg,Max,Min) (4.21, 9.80, 1.01) (3.45, 0.05, 7.19) #fs:   0  -- #Conts: 5 H(1)  A(1)  E(2)  C(1) 
  57504533 179.06 || noQ Q (Avg,Max,Min) (4.98, 9.68, 1.59) (4.30, 1.59, 7.21) #fs:   0  -- #Conts: 4 H(1)  E(2)  C(1) 
  62481137 178.94 || noQ Q (Avg,Max,Min) (10.96, 29.90, 1.37) (5.74, 1.32, 13.37) #fs:   1  -- #Conts: 5 G(1)  E(2)  C(2) 
  62589701 178.59 || noQ Q (Avg,Max,Min) (7.11, 14.71, 1.00) (3.63, 0.08, 6.94) #fs:   2  -- #Conts: 7 A(2)  E(4)  C(1) 
  62594430 177.59 || noQ Q (Avg,Max,Min) (8.12, 14.68, 1.37) (4.22, 1.32, 6.94) #fs:   3  -- #Conts: 6 A(1)  E(4)  C(1) 
  62610262 176.59 || noQ Q (Avg,Max,Min) (8.08, 14.58, 1.37) (4.29, 1.32, 6.94) #fs:   2  -- #Conts: 6 A(1)  E(4)  C(1) 
  63118484 176.24 || noQ Q (Avg,Max,Min) (8.45, 32.06, 1.03) (5.70, 0.01, 20.01) #fs:   1  -- #Conts: 5 G(1)  E(1)  C(3) 
  63126039 172.24 || noQ Q (Avg,Max,Min) (10.28, 31.96, 1.36) (7.12, 1.32, 20.01) #fs:   2  -- #Conts: 4 G(1)  E(1)  C(2) 
  63228121 171.24 || noQ Q (Avg,Max,Min) (6.04, 30.61, 1.00) (4.21, 0.10, 20.04) #fs:   0  -- #Conts: 7 G(1)  A(3)  E(1)  C(2) 
  63248952 170.24 || noQ Q (Avg,Max,Min) (6.83, 30.35, 1.00) (4.90, 0.19, 20.04) #fs:   0  -- #Conts: 6 G(1)  A(2)  E(1)  C(2) 
  63288299 169.24 || noQ Q (Avg,Max,Min) (7.90, 29.87, 1.00) (5.84, 0.52, 20.05) #fs:   0  -- #Conts: 5 G(1)  A(1)  E(1)  C(2) 
  63396502 168.24 || noQ Q (Avg,Max,Min) (9.32, 28.64, 1.38) (7.18, 1.38, 20.09) #fs:   0  -- #Conts: 4 G(1)  E(1)  C(2) 
  64063659 167.18 || noQ Q (Avg,Max,Min) (5.78, 15.57, 1.35) (5.20, 1.33, 13.81) #fs:   2  -- #Conts: 5 A(1)  E(2)  C(2) 
  64843017 164.18 || noQ Q (Avg,Max,Min) (4.72, 14.11, 1.36) (4.64, 1.36, 13.91) #fs:   2  -- #Conts: 4 A(1)  E(2)  C(1) 
/////////////////size: 34
nodes 50 edges 92
 mulT: 500 mulD: 5000  sumData GB 431512
pareto /CYBERSHAKE.n.50.0.dax time -> 349.0
moheft /CYBERSHAKE.n.50.0.dax time -> 318.0
distance from M to C 4.518987023862776
distance from P to C 4.651894921337857
distance from C to M 3.5053570557054976
distance from C to P 1.6791770067984226
toCompare: /CYBERSHAKE.n.50.0.dax sumDataGB: 431512 mulT: 500 mulD: 5000 paretoOptTime_MS: 349.0 MoheftOptimizationTime_MS: 318.0 MtoC 4.518987023862776 PtoC 4.651894921337857 CtoM 3.5053570557054976 CtoP 1.6791770067984226
