specify -Dflow d,b,mt,md,size
Running /home/vaggelis/jc/MONTAGE.n.100.0.dax mt 50 md: 20000 size null
   1832453 031.53 || noQ Q (Avg,Max,Min) (49.63, 49.63, 10.00) (25.26, 10.00, 25.26) #fs:   0  -- #Conts: 1 H(1) 
   3140488 015.76 || noQ Q (Avg,Max,Min) (29.38, 29.38, 10.00) (25.63, 10.00, 25.63) #fs:   0  -- #Conts: 1 G(1) 
   7082747 013.41 || noQ Q (Avg,Max,Min) (13.58, 13.58, 10.00) (13.36, 10.00, 13.36) #fs:   0  -- #Conts: 1 E(1) 
/////////////////size: 3
   3111713 047.29 || noQ Q (Avg,Max,Min) (40.16, 61.73, 10.00) (12.81, 9.73, 15.89) #fs:   2  -- #Conts: 2 H(1)  G(1) 
   3140488 015.76 || noQ Q (Avg,Max,Min) (29.38, 29.38, 10.00) (25.63, 10.00, 25.63) #fs:   0  -- #Conts: 1 G(1) 
   6834254 015.41 || noQ Q (Avg,Max,Min) (7.37, 14.00, 4.04) (5.43, 1.20, 13.29) #fs:   1  -- #Conts: 3 A(2)  E(1) 
   6981459 014.41 || noQ Q (Avg,Max,Min) (8.90, 13.75, 4.06) (7.27, 1.20, 13.34) #fs:   0  -- #Conts: 2 A(1)  E(1) 
   7082747 013.41 || noQ Q (Avg,Max,Min) (13.58, 13.58, 10.00) (13.36, 10.00, 13.36) #fs:   0  -- #Conts: 1 E(1) 
/////////////////size: 5
nodes 100 edges 234
 mulT: 50 mulD: 20000  sumData GB 36970
pareto /MONTAGE.n.100.0.dax time -> 2182.0
moheft /MONTAGE.n.100.0.dax time -> 209.0
distance from M to C 0.025
distance from P to C 0.0
distance from C to M 0.2
distance from C to P 0.6007744292742465
toCompare: /MONTAGE.n.100.0.dax sumDataGB: 36970 mulT: 50 mulD: 20000 paretoOptTime_MS: 2182.0 MoheftOptimizationTime_MS: 209.0 MtoC 0.025 PtoC 0.0 CtoM 0.2 CtoP 0.6007744292742465
