specify -Dflow d,b,mt,md,size
Running /home/vaggelis/jc/LIGO.n.100.0.dax mt 5000 md: 10000 size null
 220020942 30930.35 || noQ Q (Avg,Max,Min) (1.00, 1.03, 0.97) (0.98, 0.89, 1.00) #fs:  15  -- #Conts: 46 H(42)  G(4) 
 224260503 30883.06 || noQ Q (Avg,Max,Min) (1.00, 1.03, 0.96) (0.98, 0.89, 1.00) #fs:  16  -- #Conts: 46 H(41)  G(5) 
 270176570 30662.35 || noQ Q (Avg,Max,Min) (1.00, 1.03, 1.00) (0.98, 0.89, 1.00) #fs:  13  -- #Conts: 46 H(41)  G(5) 
 273426567 30552.00 || noQ Q (Avg,Max,Min) (1.00, 1.03, 0.99) (0.98, 0.89, 1.00) #fs:  14  -- #Conts: 46 H(40)  G(6) 
 372275956 26673.76 || noQ Q (Avg,Max,Min) (1.00, 1.02, 0.98) (0.98, 0.76, 1.00) #fs:   8  -- #Conts: 46 G(45)  E(1) 
 377115750 26504.59 || noQ Q (Avg,Max,Min) (1.00, 1.00, 0.98) (0.99, 0.97, 1.00) #fs:   8  -- #Conts: 44 G(39)  E(5) 
 378680908 26488.82 || noQ Q (Avg,Max,Min) (1.00, 1.00, 0.99) (0.99, 0.97, 1.00) #fs:   7  -- #Conts: 44 G(39)  E(5) 
 463911631 26453.06 || noQ Q (Avg,Max,Min) (1.00, 1.00, 1.00) (0.99, 0.98, 1.00) #fs:   5  -- #Conts: 36 G(35)  E(1) 
 465476789 26437.29 || noQ Q (Avg,Max,Min) (1.00, 1.00, 1.00) (0.99, 0.98, 1.00) #fs:   5  -- #Conts: 36 G(35)  E(1) 
 526592530 26421.65 || noQ Q (Avg,Max,Min) (1.00, 1.00, 1.00) (1.00, 0.99, 1.00) #fs:   5  -- #Conts: 34 G(34) 
 555286116 26405.88 || noQ Q (Avg,Max,Min) (1.00, 1.00, 1.00) (1.00, 0.99, 1.00) #fs:   5  -- #Conts: 33 G(33) 
 849541292 26401.76 || noQ Q (Avg,Max,Min) (0.99, 1.00, 0.46) (0.98, 0.46, 1.00) #fs:   4  -- #Conts: 45 G(1)  E(44) 
 849978271 25368.35 || noQ Q (Avg,Max,Min) (1.00, 1.01, 1.00) (0.99, 0.85, 1.00) #fs:   5  -- #Conts: 48 E(48) 
 863337912 25348.24 || noQ Q (Avg,Max,Min) (1.00, 1.00, 1.00) (0.99, 0.92, 1.00) #fs:   3  -- #Conts: 45 E(45) 
 937046625 25328.12 || noQ Q (Avg,Max,Min) (1.00, 1.00, 1.00) (1.00, 0.99, 1.00) #fs:   5  -- #Conts: 37 E(37) 
1098551848 25308.00 || noQ Q (Avg,Max,Min) (1.00, 1.00, 1.00) (1.00, 0.99, 1.00) #fs:   2  -- #Conts: 35 E(35) 
1099296997 25301.29 || noQ Q (Avg,Max,Min) (1.00, 1.00, 1.00) (1.00, 0.99, 1.00) #fs:   1  -- #Conts: 34 E(34) 
1149799818 25294.59 || noQ Q (Avg,Max,Min) (1.00, 1.00, 1.00) (1.00, 0.99, 1.00) #fs:   1  -- #Conts: 33 E(33) 
1185280169 25287.88 || noQ Q (Avg,Max,Min) (1.00, 1.00, 1.00) (1.00, 0.99, 1.00) #fs:   1  -- #Conts: 32 E(32) 
1261238437 25281.18 || noQ Q (Avg,Max,Min) (1.00, 1.00, 1.00) (1.00, 0.99, 1.00) #fs:   1  -- #Conts: 31 E(31) 
1358600670 25274.47 || noQ Q (Avg,Max,Min) (1.00, 1.00, 1.00) (1.00, 0.99, 1.00) #fs:   1  -- #Conts: 30 E(30) 
1441766060 25267.76 || noQ Q (Avg,Max,Min) (1.00, 1.00, 1.00) (1.00, 0.99, 1.00) #fs:   1  -- #Conts: 29 E(29) 
4471337621 24968.00 || noQ Q (Avg,Max,Min) (1.00, 1.00, 1.00) (1.00, 0.98, 1.00) #fs:  12  -- #Conts: 48 A(47)  C(1) 
4514496270 24963.00 || noQ Q (Avg,Max,Min) (1.00, 1.00, 1.00) (1.00, 0.98, 1.00) #fs:   6  -- #Conts: 47 A(46)  C(1) 
4696996939 24958.00 || noQ Q (Avg,Max,Min) (1.00, 1.00, 1.00) (1.00, 1.00, 1.00) #fs:   4  -- #Conts: 46 A(45)  C(1) 
6793625128 24957.00 || noQ Q (Avg,Max,Min) (1.00, 1.00, 1.00) (1.00, 1.00, 1.00) #fs:   3  -- #Conts: 44 A(43)  C(1) 
6841778614 24956.00 || noQ Q (Avg,Max,Min) (1.00, 1.00, 1.00) (1.00, 1.00, 1.00) #fs:   2  -- #Conts: 43 A(42)  C(1) 
/////////////////size: 27
 917341257 28476.59 || noQ Q (Avg,Max,Min) (1.00, 1.03, 0.99) (0.99, 0.91, 1.00) #fs:   3  -- #Conts: 42 H(17)  G(18)  E(5)  C(2) 
 922785986 28271.65 || noQ Q (Avg,Max,Min) (1.00, 1.04, 0.99) (0.97, 0.26, 1.00) #fs:   3  -- #Conts: 45 H(16)  G(22)  E(5)  C(2) 
 923415801 28240.12 || noQ Q (Avg,Max,Min) (1.00, 1.03, 0.99) (0.99, 0.91, 1.00) #fs:   3  -- #Conts: 44 H(15)  G(22)  E(5)  C(2) 
 927421063 28192.82 || noQ Q (Avg,Max,Min) (1.00, 1.04, 0.99) (0.97, 0.26, 1.00) #fs:   3  -- #Conts: 45 H(15)  G(23)  E(5)  C(2) 
 928049676 28161.29 || noQ Q (Avg,Max,Min) (1.00, 1.03, 0.99) (0.99, 0.91, 1.00) #fs:   3  -- #Conts: 44 H(14)  G(23)  E(5)  C(2) 
 950659758 28152.24 || noQ Q (Avg,Max,Min) (1.00, 1.03, 0.99) (0.99, 0.91, 1.00) #fs:   3  -- #Conts: 44 H(14)  G(22)  E(6)  C(2) 
 975135618 28147.76 || noQ Q (Avg,Max,Min) (1.00, 1.03, 0.99) (0.99, 0.91, 1.00) #fs:   3  -- #Conts: 44 H(14)  G(22)  E(6)  C(2) 
 998142934 28122.94 || noQ Q (Avg,Max,Min) (1.00, 1.03, 0.99) (0.99, 0.91, 1.00) #fs:   3  -- #Conts: 43 H(14)  G(20)  E(7)  C(2) 
1016948107 28116.24 || noQ Q (Avg,Max,Min) (1.00, 1.03, 0.99) (0.99, 0.91, 1.00) #fs:   3  -- #Conts: 42 H(14)  G(20)  E(6)  C(2) 
1029802999 27877.88 || noQ Q (Avg,Max,Min) (1.00, 1.03, 0.97) (0.99, 0.91, 1.00) #fs:   5  -- #Conts: 39 H(13)  G(19)  E(5)  C(2) 
1030494695 27862.12 || noQ Q (Avg,Max,Min) (1.00, 1.03, 0.97) (0.98, 0.44, 1.00) #fs:   5  -- #Conts: 40 H(13)  G(20)  E(5)  C(2) 
1032452203 27853.06 || noQ Q (Avg,Max,Min) (1.00, 1.03, 0.97) (0.99, 0.91, 1.00) #fs:   5  -- #Conts: 40 H(13)  G(19)  E(6)  C(2) 
1056746685 27814.82 || noQ Q (Avg,Max,Min) (1.00, 1.04, 0.99) (0.97, 0.26, 1.00) #fs:   4  -- #Conts: 40 H(14)  G(19)  E(5)  C(2) 
1057342752 27808.12 || noQ Q (Avg,Max,Min) (1.00, 1.04, 0.99) (0.97, 0.26, 1.00) #fs:   4  -- #Conts: 39 H(14)  G(19)  E(4)  C(2) 
1057375980 27783.29 || noQ Q (Avg,Max,Min) (1.00, 1.03, 0.99) (0.99, 0.91, 1.00) #fs:   4  -- #Conts: 39 H(13)  G(19)  E(5)  C(2) 
1058902124 27776.59 || noQ Q (Avg,Max,Min) (1.00, 1.03, 0.99) (0.99, 0.91, 1.00) #fs:   4  -- #Conts: 38 H(13)  G(19)  E(4)  C(2) 
1069594187 27774.24 || noQ Q (Avg,Max,Min) (1.00, 1.03, 0.99) (0.99, 0.91, 1.00) #fs:   4  -- #Conts: 40 H(13)  G(19)  E(6)  C(2) 
1097639996 27742.94 || noQ Q (Avg,Max,Min) (1.00, 1.03, 0.99) (0.99, 0.91, 1.00) #fs:   4  -- #Conts: 37 H(12)  G(19)  E(4)  C(2) 
1103594643 27727.18 || noQ Q (Avg,Max,Min) (1.00, 1.04, 0.99) (0.97, 0.26, 1.00) #fs:   4  -- #Conts: 38 H(13)  G(19)  E(4)  C(2) 
1104223938 27711.41 || noQ Q (Avg,Max,Min) (1.00, 1.03, 0.99) (0.99, 0.91, 1.00) #fs:   4  -- #Conts: 37 H(12)  G(19)  E(4)  C(2) 
1106201651 27702.35 || noQ Q (Avg,Max,Min) (1.00, 1.03, 0.99) (0.99, 0.91, 1.00) #fs:   4  -- #Conts: 38 H(12)  G(19)  E(5)  C(2) 
1121416845 26621.18 || noQ Q (Avg,Max,Min) (1.00, 1.01, 1.00) (0.99, 0.93, 1.00) #fs:   2  -- #Conts: 38 H(5)  G(15)  A(1)  E(16)  C(1) 
1122086030 26605.41 || noQ Q (Avg,Max,Min) (1.00, 1.03, 1.00) (0.98, 0.44, 1.00) #fs:   2  -- #Conts: 39 H(5)  G(16)  A(1)  E(16)  C(1) 
1124043538 26596.35 || noQ Q (Avg,Max,Min) (1.00, 1.01, 1.00) (0.99, 0.93, 1.00) #fs:   2  -- #Conts: 39 H(5)  G(15)  A(1)  E(17)  C(1) 
1154337412 26558.12 || noQ Q (Avg,Max,Min) (1.00, 1.04, 1.00) (0.97, 0.26, 1.00) #fs:   2  -- #Conts: 39 H(5)  G(16)  A(1)  E(16)  C(1) 
1154926901 26551.41 || noQ Q (Avg,Max,Min) (1.00, 1.04, 1.00) (0.97, 0.26, 1.00) #fs:   2  -- #Conts: 38 H(5)  G(16)  A(1)  E(15)  C(1) 
1154966243 26526.59 || noQ Q (Avg,Max,Min) (1.00, 1.01, 1.00) (0.99, 0.93, 1.00) #fs:   2  -- #Conts: 38 H(4)  G(16)  A(1)  E(16)  C(1) 
1181609328 26472.35 || noQ Q (Avg,Max,Min) (1.00, 1.04, 1.00) (0.97, 0.26, 1.00) #fs:   1  -- #Conts: 38 H(5)  G(14)  A(1)  E(17)  C(1) 
1182230736 26456.59 || noQ Q (Avg,Max,Min) (1.00, 1.01, 1.00) (0.99, 0.90, 1.00) #fs:   1  -- #Conts: 37 H(4)  G(14)  A(1)  E(17)  C(1) 
1184216336 26447.53 || noQ Q (Avg,Max,Min) (1.00, 1.01, 1.00) (0.99, 0.90, 1.00) #fs:   1  -- #Conts: 38 H(4)  G(14)  A(1)  E(18)  C(1) 
1188748664 26409.29 || noQ Q (Avg,Max,Min) (1.00, 1.04, 1.00) (0.97, 0.26, 1.00) #fs:   1  -- #Conts: 38 H(4)  G(15)  A(1)  E(17)  C(1) 
1189338153 26402.59 || noQ Q (Avg,Max,Min) (1.00, 1.04, 1.00) (0.97, 0.26, 1.00) #fs:   1  -- #Conts: 37 H(4)  G(15)  A(1)  E(16)  C(1) 
1189377495 26377.76 || noQ Q (Avg,Max,Min) (1.00, 1.01, 1.00) (0.99, 0.90, 1.00) #fs:   1  -- #Conts: 37 H(3)  G(15)  A(1)  E(17)  C(1) 
1301844702 26314.71 || noQ Q (Avg,Max,Min) (1.00, 1.04, 1.00) (0.97, 0.26, 1.00) #fs:   1  -- #Conts: 36 H(3)  G(15)  A(1)  E(16)  C(1) 
1302434191 26308.00 || noQ Q (Avg,Max,Min) (1.00, 1.04, 1.00) (0.97, 0.26, 1.00) #fs:   1  -- #Conts: 35 H(3)  G(15)  A(1)  E(15)  C(1) 
1302473533 26283.18 || noQ Q (Avg,Max,Min) (1.00, 1.01, 1.00) (0.99, 0.90, 1.00) #fs:   1  -- #Conts: 35 H(2)  G(15)  A(1)  E(16)  C(1) 
1484226205 26240.00 || noQ Q (Avg,Max,Min) (1.00, 1.00, 0.98) (0.99, 0.89, 1.00) #fs:   3  -- #Conts: 34 H(4)  G(13)  E(16)  C(1) 
1512134275 26102.59 || noQ Q (Avg,Max,Min) (1.00, 1.04, 0.98) (0.96, 0.26, 1.00) #fs:   3  -- #Conts: 34 H(3)  G(13)  E(17)  C(1) 
1512750857 26086.82 || noQ Q (Avg,Max,Min) (1.00, 1.00, 0.98) (0.98, 0.89, 1.00) #fs:   3  -- #Conts: 33 H(2)  G(13)  E(17)  C(1) 
1514310229 26080.12 || noQ Q (Avg,Max,Min) (1.00, 1.00, 0.98) (0.98, 0.89, 1.00) #fs:   3  -- #Conts: 33 H(2)  G(13)  E(17)  C(1) 
1514750957 26077.76 || noQ Q (Avg,Max,Min) (1.00, 1.01, 0.98) (0.98, 0.89, 1.00) #fs:   3  -- #Conts: 34 H(2)  G(13)  E(18)  C(1) 
1552677170 26076.94 || noQ Q (Avg,Max,Min) (1.00, 1.00, 0.98) (0.99, 0.89, 1.00) #fs:   3  -- #Conts: 32 H(2)  G(12)  E(17)  C(1) 
1554236542 26070.24 || noQ Q (Avg,Max,Min) (1.00, 1.00, 0.98) (0.99, 0.89, 1.00) #fs:   3  -- #Conts: 32 H(2)  G(12)  E(17)  C(1) 
1554677270 26067.88 || noQ Q (Avg,Max,Min) (1.00, 1.01, 0.98) (0.99, 0.89, 1.00) #fs:   3  -- #Conts: 33 H(2)  G(12)  E(18)  C(1) 
1630190329 26065.06 || noQ Q (Avg,Max,Min) (1.00, 1.01, 0.98) (0.99, 0.89, 1.00) #fs:   3  -- #Conts: 36 H(2)  G(13)  E(20)  C(1) 
1632168042 26056.00 || noQ Q (Avg,Max,Min) (1.00, 1.01, 0.98) (0.99, 0.89, 1.00) #fs:   3  -- #Conts: 37 H(2)  G(13)  E(21)  C(1) 
1652481021 26044.82 || noQ Q (Avg,Max,Min) (1.00, 1.00, 0.98) (0.99, 0.89, 1.00) #fs:   3  -- #Conts: 35 H(2)  G(13)  E(19)  C(1) 
1664869167 26033.65 || noQ Q (Avg,Max,Min) (1.00, 1.03, 0.98) (0.97, 0.44, 1.00) #fs:   3  -- #Conts: 35 H(2)  G(13)  E(19)  C(1) 
1666806470 26024.59 || noQ Q (Avg,Max,Min) (1.00, 1.00, 0.98) (0.99, 0.89, 1.00) #fs:   3  -- #Conts: 34 H(2)  G(12)  E(19)  C(1) 
1675154286 26012.71 || noQ Q (Avg,Max,Min) (1.00, 1.00, 1.00) (0.98, 0.76, 1.00) #fs:   1  -- #Conts: 27 H(1)  G(12)  E(13)  C(1) 
1677154386 26003.65 || noQ Q (Avg,Max,Min) (1.00, 1.01, 1.00) (0.98, 0.76, 1.00) #fs:   1  -- #Conts: 28 H(1)  G(12)  E(14)  C(1) 
1709842265 25994.59 || noQ Q (Avg,Max,Min) (1.00, 1.00, 1.00) (0.98, 0.76, 1.00) #fs:   1  -- #Conts: 28 H(1)  G(13)  E(13)  C(1) 
1738462338 25963.06 || noQ Q (Avg,Max,Min) (1.00, 1.04, 1.00) (0.95, 0.26, 1.00) #fs:   1  -- #Conts: 28 H(1)  G(13)  E(13)  C(1) 
1739091633 25931.53 || noQ Q (Avg,Max,Min) (1.00, 1.00, 1.00) (0.98, 0.76, 1.00) #fs:   1  -- #Conts: 27 G(13)  E(13)  C(1) 
1755600763 25922.47 || noQ Q (Avg,Max,Min) (1.00, 1.01, 1.00) (0.98, 0.76, 1.00) #fs:   1  -- #Conts: 28 G(13)  E(14)  C(1) 
1757464236 25918.00 || noQ Q (Avg,Max,Min) (1.00, 1.00, 1.00) (0.98, 0.76, 1.00) #fs:   1  -- #Conts: 27 G(12)  E(14)  C(1) 
1759023608 25911.29 || noQ Q (Avg,Max,Min) (1.00, 1.00, 1.00) (0.98, 0.76, 1.00) #fs:   1  -- #Conts: 27 G(12)  E(14)  C(1) 
1759460792 25908.94 || noQ Q (Avg,Max,Min) (1.00, 1.01, 1.00) (0.98, 0.76, 1.00) #fs:   1  -- #Conts: 28 G(12)  E(15)  C(1) 
1817043205 25879.41 || noQ Q (Avg,Max,Min) (1.00, 1.04, 1.00) (0.97, 0.26, 1.00) #fs:   3  -- #Conts: 28 H(1)  G(11)  A(1)  E(14)  C(1) 
1817672500 25863.65 || noQ Q (Avg,Max,Min) (1.00, 1.00, 1.00) (0.99, 0.92, 1.00) #fs:   3  -- #Conts: 27 G(11)  A(1)  E(14)  C(1) 
1819650213 25854.59 || noQ Q (Avg,Max,Min) (1.00, 1.01, 1.00) (0.99, 0.92, 1.00) #fs:   3  -- #Conts: 28 G(11)  A(1)  E(15)  C(1) 
1823308571 25845.53 || noQ Q (Avg,Max,Min) (1.00, 1.01, 1.00) (0.99, 0.92, 1.00) #fs:   3  -- #Conts: 29 G(11)  A(1)  E(16)  C(1) 
1828221460 25820.00 || noQ Q (Avg,Max,Min) (1.00, 1.04, 1.00) (0.97, 0.26, 1.00) #fs:   3  -- #Conts: 29 H(1)  G(10)  A(1)  E(16)  C(1) 
1828838042 25804.24 || noQ Q (Avg,Max,Min) (1.00, 1.00, 1.00) (0.99, 0.92, 1.00) #fs:   3  -- #Conts: 27 G(10)  A(1)  E(15)  C(1) 
1830397414 25797.53 || noQ Q (Avg,Max,Min) (1.00, 1.00, 1.00) (0.99, 0.92, 1.00) #fs:   3  -- #Conts: 27 G(10)  A(1)  E(15)  C(1) 
1830838142 25795.18 || noQ Q (Avg,Max,Min) (1.00, 1.01, 1.00) (0.99, 0.92, 1.00) #fs:   3  -- #Conts: 29 G(10)  A(1)  E(17)  C(1) 
1920079570 25790.59 || noQ Q (Avg,Max,Min) (1.00, 1.02, 1.00) (0.97, 0.44, 1.00) #fs:   3  -- #Conts: 29 G(11)  A(1)  E(16)  C(1) 
1921638942 25783.88 || noQ Q (Avg,Max,Min) (1.00, 1.02, 1.00) (0.99, 0.89, 1.00) #fs:   3  -- #Conts: 29 G(11)  A(1)  E(16)  C(1) 
1922012558 25781.53 || noQ Q (Avg,Max,Min) (1.00, 1.00, 1.00) (0.99, 0.92, 1.00) #fs:   3  -- #Conts: 28 G(10)  A(1)  E(16)  C(1) 
1929408528 25692.00 || noQ Q (Avg,Max,Min) (1.00, 1.04, 1.00) (0.97, 0.26, 1.00) #fs:   3  -- #Conts: 28 H(1)  G(8)  A(1)  E(17)  C(1) 
1929996065 25685.29 || noQ Q (Avg,Max,Min) (1.00, 1.04, 1.00) (0.96, 0.26, 1.00) #fs:   3  -- #Conts: 27 H(1)  G(8)  A(1)  E(16)  C(1) 
1930029293 25660.47 || noQ Q (Avg,Max,Min) (1.00, 1.01, 1.00) (0.99, 0.93, 1.00) #fs:   3  -- #Conts: 27 G(8)  A(1)  E(17)  C(1) 
2099449662 25649.88 || noQ Q (Avg,Max,Min) (1.00, 1.01, 1.00) (0.99, 0.92, 1.00) #fs:   2  -- #Conts: 30 H(1)  G(9)  A(1)  E(18)  C(1) 
2117944223 25602.59 || noQ Q (Avg,Max,Min) (1.00, 1.04, 1.00) (0.96, 0.26, 1.00) #fs:   2  -- #Conts: 30 H(1)  G(9)  A(1)  E(18)  C(1) 
2118540290 25595.88 || noQ Q (Avg,Max,Min) (1.00, 1.04, 1.00) (0.96, 0.26, 1.00) #fs:   2  -- #Conts: 29 H(1)  G(9)  A(1)  E(17)  C(1) 
2118573518 25586.82 || noQ Q (Avg,Max,Min) (1.00, 1.01, 1.00) (0.99, 0.92, 1.00) #fs:   2  -- #Conts: 29 G(9)  A(1)  E(18)  C(1) 
2118593723 25580.12 || noQ Q (Avg,Max,Min) (1.00, 1.03, 1.00) (0.97, 0.44, 1.00) #fs:   2  -- #Conts: 29 G(10)  A(1)  E(17)  C(1) 
2119181614 25564.35 || noQ Q (Avg,Max,Min) (1.00, 1.01, 1.00) (0.99, 0.92, 1.00) #fs:   2  -- #Conts: 26 G(7)  A(1)  E(17)  C(1) 
2120447761 25555.29 || noQ Q (Avg,Max,Min) (1.00, 1.01, 1.00) (0.99, 0.92, 1.00) #fs:   2  -- #Conts: 27 G(7)  A(1)  E(18)  C(1) 
2120740986 25548.59 || noQ Q (Avg,Max,Min) (1.00, 1.01, 1.00) (0.99, 0.92, 1.00) #fs:   2  -- #Conts: 26 G(7)  A(1)  E(17)  C(1) 
2121181714 25546.24 || noQ Q (Avg,Max,Min) (1.00, 1.01, 1.00) (0.99, 0.92, 1.00) #fs:   2  -- #Conts: 28 G(7)  A(1)  E(19)  C(1) 
2187958124 25541.76 || noQ Q (Avg,Max,Min) (1.00, 1.01, 1.00) (0.99, 0.92, 1.00) #fs:   2  -- #Conts: 27 G(7)  A(1)  E(18)  C(1) 
2206736239 25537.29 || noQ Q (Avg,Max,Min) (1.00, 1.01, 1.00) (0.99, 0.92, 1.00) #fs:   2  -- #Conts: 27 G(7)  A(1)  E(18)  C(1) 
2211649229 25532.82 || noQ Q (Avg,Max,Min) (1.00, 1.01, 1.00) (0.99, 0.92, 1.00) #fs:   2  -- #Conts: 29 G(7)  A(1)  E(20)  C(1) 
2265146485 25522.00 || noQ Q (Avg,Max,Min) (1.00, 1.04, 1.00) (0.96, 0.26, 1.00) #fs:   2  -- #Conts: 27 H(1)  G(6)  A(1)  E(18)  C(1) 
2265723743 25515.29 || noQ Q (Avg,Max,Min) (1.00, 1.04, 1.00) (0.96, 0.26, 1.00) #fs:   2  -- #Conts: 26 H(1)  G(6)  A(1)  E(17)  C(1) 
2265753789 25490.47 || noQ Q (Avg,Max,Min) (1.00, 1.01, 1.00) (0.99, 0.95, 1.00) #fs:   2  -- #Conts: 26 G(6)  A(1)  E(18)  C(1) 
2339111627 25475.41 || noQ Q (Avg,Max,Min) (1.00, 1.01, 1.00) (0.99, 0.97, 1.00) #fs:   1  -- #Conts: 25 G(5)  A(1)  E(18)  C(1) 
2340640953 25468.71 || noQ Q (Avg,Max,Min) (1.00, 1.01, 1.00) (0.99, 0.97, 1.00) #fs:   1  -- #Conts: 25 G(5)  A(1)  E(18)  C(1) 
2366160700 25456.35 || noQ Q (Avg,Max,Min) (1.00, 1.01, 1.00) (0.99, 0.95, 1.00) #fs:   1  -- #Conts: 25 H(1)  G(4)  A(1)  E(18)  C(1) 
2367034934 25449.65 || noQ Q (Avg,Max,Min) (1.00, 1.01, 1.00) (0.99, 0.97, 1.00) #fs:   1  -- #Conts: 25 H(1)  G(4)  A(1)  E(18)  C(1) 
2376644238 25344.82 || noQ Q (Avg,Max,Min) (1.00, 1.04, 1.00) (0.96, 0.26, 1.00) #fs:   1  -- #Conts: 24 H(1)  G(2)  A(1)  E(19)  C(1) 
2377296148 25329.06 || noQ Q (Avg,Max,Min) (1.00, 1.02, 1.00) (0.97, 0.44, 1.00) #fs:   1  -- #Conts: 24 G(3)  A(1)  E(19)  C(1) 
2378855520 25322.35 || noQ Q (Avg,Max,Min) (1.00, 1.02, 1.00) (0.99, 0.89, 1.00) #fs:   1  -- #Conts: 23 G(3)  A(1)  E(18)  C(1) 
2379237841 25320.00 || noQ Q (Avg,Max,Min) (1.00, 1.01, 1.00) (0.99, 0.95, 1.00) #fs:   1  -- #Conts: 23 G(2)  A(1)  E(19)  C(1) 
2788482585 25312.35 || noQ Q (Avg,Max,Min) (1.00, 1.04, 1.00) (0.95, 0.26, 1.00) #fs:   1  -- #Conts: 20 H(1)  G(1)  E(17)  C(1) 
2789134495 25296.59 || noQ Q (Avg,Max,Min) (1.00, 1.02, 1.00) (0.96, 0.44, 1.00) #fs:   1  -- #Conts: 20 G(2)  E(17)  C(1) 
2790693867 25289.88 || noQ Q (Avg,Max,Min) (1.00, 1.02, 1.00) (0.98, 0.88, 1.00) #fs:   1  -- #Conts: 20 G(2)  E(17)  C(1) 
2791067483 25287.53 || noQ Q (Avg,Max,Min) (1.00, 1.00, 1.00) (0.98, 0.88, 1.00) #fs:   1  -- #Conts: 19 G(1)  E(17)  C(1) 
2897310636 25287.06 || noQ Q (Avg,Max,Min) (1.00, 1.04, 1.00) (0.95, 0.26, 1.00) #fs:   1  -- #Conts: 18 H(1)  A(1)  E(15)  C(1) 
2897962546 25271.29 || noQ Q (Avg,Max,Min) (1.00, 1.02, 1.00) (0.96, 0.44, 1.00) #fs:   1  -- #Conts: 18 A(1)  G(1)  E(15)  C(1) 
2899521918 25264.59 || noQ Q (Avg,Max,Min) (1.00, 1.02, 1.00) (0.99, 0.89, 1.00) #fs:   1  -- #Conts: 18 A(1)  G(1)  E(15)  C(1) 
2899895534 25262.24 || noQ Q (Avg,Max,Min) (1.00, 1.00, 1.00) (0.99, 0.95, 1.00) #fs:   1  -- #Conts: 17 A(1)  E(15)  C(1) 
2901203971 25257.88 || noQ Q (Avg,Max,Min) (1.00, 1.02, 1.00) (0.99, 0.89, 1.00) #fs:   1  -- #Conts: 17 A(1)  G(1)  E(14)  C(1) 
2901574043 25255.53 || noQ Q (Avg,Max,Min) (1.00, 1.01, 1.00) (0.99, 0.95, 1.00) #fs:   1  -- #Conts: 17 A(1)  E(15)  C(1) 
3167958327 25255.12 || noQ Q (Avg,Max,Min) (1.00, 1.04, 1.00) (0.96, 0.26, 1.01) #fs:   2  -- #Conts: 30 H(1)  A(4)  G(4)  E(20)  C(1) 
3168607827 25239.35 || noQ Q (Avg,Max,Min) (1.00, 1.03, 1.00) (0.97, 0.44, 1.01) #fs:   2  -- #Conts: 30 A(4)  G(5)  E(20)  C(1) 
3170545650 25230.29 || noQ Q (Avg,Max,Min) (1.00, 1.01, 1.00) (0.99, 0.92, 1.01) #fs:   2  -- #Conts: 29 A(4)  G(4)  E(20)  C(1) 
3297577299 24293.76 || noQ Q (Avg,Max,Min) (1.00, 1.01, 1.00) (0.98, 0.88, 1.00) #fs:   0  -- #Conts: 36 H(2)  G(4)  A(10)  E(19)  C(1) 
3298268995 24278.00 || noQ Q (Avg,Max,Min) (1.00, 1.03, 1.00) (0.97, 0.44, 1.00) #fs:   0  -- #Conts: 37 H(2)  G(5)  A(10)  E(19)  C(1) 
3300226503 24268.94 || noQ Q (Avg,Max,Min) (1.00, 1.01, 1.00) (0.99, 0.88, 1.00) #fs:   0  -- #Conts: 37 H(2)  G(4)  A(10)  E(20)  C(1) 
3319114398 24237.41 || noQ Q (Avg,Max,Min) (1.00, 1.04, 1.00) (0.97, 0.26, 1.00) #fs:   0  -- #Conts: 37 H(2)  G(4)  A(10)  E(20)  C(1) 
3319710465 24230.71 || noQ Q (Avg,Max,Min) (1.00, 1.04, 1.00) (0.97, 0.26, 1.00) #fs:   0  -- #Conts: 36 H(2)  G(4)  A(10)  E(19)  C(1) 
3319743693 24205.88 || noQ Q (Avg,Max,Min) (1.00, 1.01, 1.00) (0.99, 0.88, 1.00) #fs:   0  -- #Conts: 36 H(1)  G(4)  A(10)  E(20)  C(1) 
3321269837 24199.18 || noQ Q (Avg,Max,Min) (1.00, 1.01, 1.00) (0.99, 0.88, 1.00) #fs:   0  -- #Conts: 35 H(1)  G(4)  A(10)  E(19)  C(1) 
3338955660 23578.12 || noQ Q (Avg,Max,Min) (1.00, 1.01, 1.00) (0.98, 0.87, 1.00) #fs:   0  -- #Conts: 36 H(1)  G(1)  A(14)  E(19)  C(1) 
3339630649 23562.35 || noQ Q (Avg,Max,Min) (1.00, 1.02, 1.00) (0.97, 0.44, 1.00) #fs:   0  -- #Conts: 37 H(1)  G(2)  A(14)  E(19)  C(1) 
3341190021 23555.65 || noQ Q (Avg,Max,Min) (1.00, 1.02, 1.00) (0.98, 0.87, 1.00) #fs:   0  -- #Conts: 36 H(1)  G(2)  A(14)  E(18)  C(1) 
3341595421 23553.29 || noQ Q (Avg,Max,Min) (1.00, 1.01, 1.00) (0.98, 0.87, 1.00) #fs:   0  -- #Conts: 37 H(1)  G(1)  A(14)  E(20)  C(1) 
3379106354 23458.82 || noQ Q (Avg,Max,Min) (1.00, 1.04, 1.00) (0.96, 0.26, 1.00) #fs:   0  -- #Conts: 33 H(1)  A(14)  E(17)  C(1) 
3379755854 23443.06 || noQ Q (Avg,Max,Min) (1.00, 1.03, 1.00) (0.97, 0.44, 1.00) #fs:   0  -- #Conts: 33 A(14)  G(1)  E(17)  C(1) 
3381713362 23434.00 || noQ Q (Avg,Max,Min) (1.00, 1.01, 1.00) (0.98, 0.89, 1.00) #fs:   0  -- #Conts: 33 A(14)  E(18)  C(1) 
4333076140 23327.06 || noQ Q (Avg,Max,Min) (1.00, 1.04, 1.00) (0.95, 0.26, 1.00) #fs:   1  -- #Conts: 34 H(1)  A(15)  G(2)  E(15)  C(1) 
4333725640 23311.29 || noQ Q (Avg,Max,Min) (1.00, 1.03, 1.00) (0.96, 0.44, 1.00) #fs:   1  -- #Conts: 34 A(15)  G(3)  E(15)  C(1) 
4335683148 23302.24 || noQ Q (Avg,Max,Min) (1.00, 1.02, 1.00) (0.97, 0.78, 1.00) #fs:   1  -- #Conts: 34 A(15)  G(2)  E(16)  C(1) 
4477258670 23295.35 || noQ Q (Avg,Max,Min) (1.00, 1.01, 1.00) (0.99, 0.89, 1.01) #fs:   0  -- #Conts: 36 A(17)  G(2)  E(16)  C(1) 
4610116376 23273.12 || noQ Q (Avg,Max,Min) (1.00, 1.01, 1.00) (0.98, 0.87, 1.01) #fs:   0  -- #Conts: 33 A(17)  G(1)  E(14)  C(1) 
4611675748 23266.41 || noQ Q (Avg,Max,Min) (1.00, 1.01, 1.00) (0.98, 0.87, 1.01) #fs:   0  -- #Conts: 32 A(17)  G(1)  E(13)  C(1) 
4649400623 23265.12 || noQ Q (Avg,Max,Min) (1.00, 1.04, 1.00) (0.96, 0.26, 1.01) #fs:   0  -- #Conts: 35 H(1)  A(17)  E(16)  C(1) 
4650052533 23249.35 || noQ Q (Avg,Max,Min) (1.00, 1.02, 1.00) (0.96, 0.44, 1.01) #fs:   0  -- #Conts: 35 A(17)  G(1)  E(16)  C(1) 
4651611905 23242.65 || noQ Q (Avg,Max,Min) (1.00, 1.02, 1.00) (0.98, 0.87, 1.01) #fs:   0  -- #Conts: 34 A(17)  G(1)  E(15)  C(1) 
4651994226 23240.29 || noQ Q (Avg,Max,Min) (1.00, 1.01, 1.00) (0.98, 0.87, 1.01) #fs:   0  -- #Conts: 34 A(17)  E(16)  C(1) 
4811889759 23233.59 || noQ Q (Avg,Max,Min) (1.00, 1.01, 1.00) (0.98, 0.87, 1.01) #fs:   0  -- #Conts: 34 A(17)  E(16)  C(1) 
6556507632 23226.59 || noQ Q (Avg,Max,Min) (1.00, 1.01, 1.00) (0.99, 0.87, 1.01) #fs:   0  -- #Conts: 31 A(16)  E(14)  C(1) 
/////////////////size: 134
nodes 100 edges 123
 mulT: 5000 mulD: 10000  sumData GB 28574
pareto /LIGO.n.100.0.dax time -> 5090.0
moheft /LIGO.n.100.0.dax time -> 4576.0
distance from M to C 283.73869984109535
distance from P to C 1105.5468409025293
distance from C to M 208.49488344212452
distance from C to P 664.0676058155233
toCompare: /LIGO.n.100.0.dax sumDataGB: 28574 mulT: 5000 mulD: 10000 paretoOptTime_MS: 5090.0 MoheftOptimizationTime_MS: 4576.0 MtoC 283.73869984109535 PtoC 1105.5468409025293 CtoM 208.49488344212452 CtoP 664.0676058155233
