specify -Dflow d,b,mt,md,size
Running /home/vaggelis/jc/CYBERSHAKE.n.50.0.dax mt 1 md: 1 size null
     15852 472.94 || noQ Q (Avg,Max,Min) (2.59, 3.38, 1.08) (0.00, 0.00, 0.01) #fs:   9  -- #Conts: 15 H(15) 
     15854 457.18 || noQ Q (Avg,Max,Min) (2.53, 3.38, 1.08) (0.00, 0.00, 0.01) #fs:   9  -- #Conts: 15 H(14)  G(1) 
     15856 441.41 || noQ Q (Avg,Max,Min) (2.55, 3.38, 1.08) (0.00, 0.00, 0.01) #fs:   9  -- #Conts: 15 H(13)  G(2) 
     15883 425.65 || noQ Q (Avg,Max,Min) (2.49, 3.38, 1.08) (0.00, 0.00, 0.01) #fs:   8  -- #Conts: 15 H(12)  G(3) 
     15884 409.88 || noQ Q (Avg,Max,Min) (2.51, 3.38, 1.08) (0.00, 0.00, 0.01) #fs:   7  -- #Conts: 15 H(11)  G(4) 
     16015 394.12 || noQ Q (Avg,Max,Min) (2.54, 3.96, 1.08) (0.00, 0.00, 0.01) #fs:   6  -- #Conts: 14 H(11)  G(3) 
     16188 378.35 || noQ Q (Avg,Max,Min) (2.71, 3.89, 1.08) (0.00, 0.00, 0.01) #fs:   9  -- #Conts: 12 H(12) 
     16554 346.82 || noQ Q (Avg,Max,Min) (2.64, 3.84, 1.08) (0.00, 0.00, 0.01) #fs:   9  -- #Conts: 11 H(11) 
     16715 331.06 || noQ Q (Avg,Max,Min) (2.58, 3.84, 1.08) (0.00, 0.00, 0.01) #fs:   8  -- #Conts: 11 H(10)  G(1) 
     17011 315.29 || noQ Q (Avg,Max,Min) (2.55, 3.80, 1.07) (0.00, 0.00, 0.01) #fs:   7  -- #Conts: 10 H(10) 
     17014 283.76 || noQ Q (Avg,Max,Min) (2.38, 3.51, 1.08) (0.00, 0.00, 0.01) #fs:   8  -- #Conts: 9 H(9) 
     17245 268.00 || noQ Q (Avg,Max,Min) (2.35, 3.32, 1.08) (0.00, 0.00, 0.01) #fs:   7  -- #Conts: 9 H(8)  G(1) 
     17364 252.24 || noQ Q (Avg,Max,Min) (2.28, 3.20, 1.08) (0.00, 0.00, 0.01) #fs:   8  -- #Conts: 9 H(7)  G(2) 
     17408 236.47 || noQ Q (Avg,Max,Min) (2.28, 3.20, 1.08) (0.00, 0.00, 0.01) #fs:   7  -- #Conts: 9 H(6)  G(3) 
     17837 204.94 || noQ Q (Avg,Max,Min) (2.36, 3.69, 1.08) (0.00, 0.00, 0.01) #fs:   4  -- #Conts: 7 H(6)  G(1) 
     18556 173.41 || noQ Q (Avg,Max,Min) (2.28, 3.47, 1.07) (0.00, 0.00, 0.01) #fs:   4  -- #Conts: 6 H(5)  G(1) 
     19369 157.65 || noQ Q (Avg,Max,Min) (2.27, 3.27, 1.07) (0.01, 0.00, 0.01) #fs:   5  -- #Conts: 5 H(5) 
     20317 126.12 || noQ Q (Avg,Max,Min) (2.18, 3.26, 1.06) (0.01, 0.00, 0.01) #fs:   3  -- #Conts: 4 H(4) 
     21908 094.59 || noQ Q (Avg,Max,Min) (1.99, 3.24, 1.05) (0.01, 0.01, 0.01) #fs:   3  -- #Conts: 3 H(3) 
     25916 063.06 || noQ Q (Avg,Max,Min) (1.60, 1.99, 1.22) (0.01, 0.01, 0.01) #fs:   2  -- #Conts: 2 H(2) 
     33481 047.29 || noQ Q (Avg,Max,Min) (1.68, 2.39, 1.19) (0.01, 0.01, 0.01) #fs:   2  -- #Conts: 3 G(3) 
     41035 031.53 || noQ Q (Avg,Max,Min) (1.42, 1.53, 1.30) (0.02, 0.01, 0.02) #fs:   2  -- #Conts: 2 G(2) 
     58330 026.82 || noQ Q (Avg,Max,Min) (1.36, 1.64, 1.21) (0.02, 0.01, 0.02) #fs:   3  -- #Conts: 4 E(4) 
     67171 020.12 || noQ Q (Avg,Max,Min) (1.36, 1.60, 1.24) (0.02, 0.02, 0.02) #fs:   2  -- #Conts: 3 E(3) 
     76575 015.76 || noQ Q (Avg,Max,Min) (1.11, 1.11, 1.11) (0.02, 0.02, 0.02) #fs:   0  -- #Conts: 1 G(1) 
     87172 013.41 || noQ Q (Avg,Max,Min) (1.24, 1.25, 1.24) (0.03, 0.03, 0.03) #fs:   1  -- #Conts: 2 E(2) 
    115951 012.00 || noQ Q (Avg,Max,Min) (1.20, 1.29, 1.16) (0.03, 0.03, 0.04) #fs:   1  -- #Conts: 3 C(3) 
    147906 010.71 || noQ Q (Avg,Max,Min) (0.96, 1.15, 0.77) (0.04, 0.03, 0.05) #fs:   1  -- #Conts: 2 E(1)  C(1) 
    150619 008.00 || noQ Q (Avg,Max,Min) (1.14, 1.15, 1.13) (0.05, 0.05, 0.05) #fs:   1  -- #Conts: 2 C(2) 
    172670 006.71 || noQ Q (Avg,Max,Min) (1.05, 1.05, 1.05) (0.05, 0.05, 0.05) #fs:   0  -- #Conts: 1 E(1) 
    298344 004.00 || noQ Q (Avg,Max,Min) (1.03, 1.03, 1.03) (0.09, 0.09, 0.09) #fs:   0  -- #Conts: 1 C(1) 
    490842 003.00 || noQ Q (Avg,Max,Min) (1.04, 1.07, 1.03) (0.13, 0.10, 0.14) #fs:   2  -- #Conts: 3 A(3) 
    667922 002.00 || noQ Q (Avg,Max,Min) (1.02, 1.03, 1.02) (0.19, 0.19, 0.19) #fs:   1  -- #Conts: 2 A(2) 
   1322980 001.00 || noQ Q (Avg,Max,Min) (1.01, 1.01, 1.01) (0.37, 0.37, 0.37) #fs:   0  -- #Conts: 1 A(1) 
/////////////////size: 34
     18497 310.59 || noQ Q (Avg,Max,Min) (3.08, 5.48, 1.22) (0.00, 0.00, 0.01) #fs:   6  -- #Conts: 16 H(6)  G(6)  E(4) 
     18506 294.82 || noQ Q (Avg,Max,Min) (3.01, 6.08, 1.21) (0.00, 0.00, 0.01) #fs:   4  -- #Conts: 15 H(6)  G(5)  E(4) 
     18519 279.06 || noQ Q (Avg,Max,Min) (2.87, 6.06, 1.21) (0.00, 0.00, 0.01) #fs:   4  -- #Conts: 15 H(5)  G(6)  E(4) 
     18736 263.29 || noQ Q (Avg,Max,Min) (2.87, 5.51, 1.21) (0.00, 0.00, 0.01) #fs:   2  -- #Conts: 15 H(4)  G(7)  E(4) 
     18873 238.47 || noQ Q (Avg,Max,Min) (2.58, 4.42, 1.21) (0.00, 0.00, 0.01) #fs:   4  -- #Conts: 15 H(3)  G(7)  E(5) 
     19081 222.71 || noQ Q (Avg,Max,Min) (2.55, 4.87, 1.22) (0.00, 0.00, 0.01) #fs:   3  -- #Conts: 14 H(3)  G(6)  E(5) 
     19129 206.94 || noQ Q (Avg,Max,Min) (2.53, 4.81, 1.23) (0.00, 0.00, 0.01) #fs:   2  -- #Conts: 13 H(3)  G(5)  E(5) 
     19236 200.24 || noQ Q (Avg,Max,Min) (2.49, 4.65, 1.42) (0.00, 0.00, 0.01) #fs:   3  -- #Conts: 12 H(3)  G(5)  E(4) 
     19590 182.12 || noQ Q (Avg,Max,Min) (2.29, 4.70, 1.24) (0.00, 0.00, 0.01) #fs:   5  -- #Conts: 14 H(1)  G(7)  E(6) 
     19601 173.06 || noQ Q (Avg,Max,Min) (2.14, 4.22, 1.24) (0.00, 0.00, 0.01) #fs:   6  -- #Conts: 14 H(1)  G(6)  E(7) 
     20051 168.00 || noQ Q (Avg,Max,Min) (2.07, 3.14, 1.23) (0.00, 0.00, 0.01) #fs:   5  -- #Conts: 15 H(1)  G(5)  E(8)  C(1) 
     20119 161.29 || noQ Q (Avg,Max,Min) (2.03, 3.14, 1.23) (0.00, 0.00, 0.01) #fs:   4  -- #Conts: 14 H(1)  G(5)  E(7)  C(1) 
     20212 154.59 || noQ Q (Avg,Max,Min) (2.02, 3.71, 1.23) (0.00, 0.00, 0.01) #fs:   5  -- #Conts: 13 H(1)  G(5)  E(6)  C(1) 
     20350 143.18 || noQ Q (Avg,Max,Min) (1.97, 3.55, 1.23) (0.00, 0.00, 0.01) #fs:   5  -- #Conts: 14 H(1)  G(3)  E(9)  C(1) 
     20730 140.82 || noQ Q (Avg,Max,Min) (1.94, 3.30, 1.22) (0.00, 0.00, 0.01) #fs:   4  -- #Conts: 15 H(1)  G(2)  E(11)  C(1) 
     20890 134.12 || noQ Q (Avg,Max,Min) (1.88, 3.25, 1.22) (0.00, 0.00, 0.01) #fs:   3  -- #Conts: 14 H(1)  G(2)  E(10)  C(1) 
     21093 127.41 || noQ Q (Avg,Max,Min) (1.84, 3.04, 1.22) (0.00, 0.00, 0.01) #fs:   4  -- #Conts: 13 H(1)  G(2)  E(9)  C(1) 
     21310 120.71 || noQ Q (Avg,Max,Min) (1.86, 3.34, 1.22) (0.00, 0.00, 0.01) #fs:   7  -- #Conts: 12 H(1)  G(2)  E(8)  C(1) 
     21434 118.35 || noQ Q (Avg,Max,Min) (1.78, 2.40, 1.18) (0.00, 0.00, 0.01) #fs:   3  -- #Conts: 13 H(1)  G(1)  E(10)  C(1) 
     21507 115.65 || noQ Q (Avg,Max,Min) (1.75, 2.40, 1.19) (0.00, 0.00, 0.01) #fs:   6  -- #Conts: 13 H(1)  G(1)  E(9)  C(2) 
     21558 111.65 || noQ Q (Avg,Max,Min) (1.75, 2.16, 1.18) (0.00, 0.00, 0.01) #fs:   5  -- #Conts: 12 H(1)  G(1)  E(9)  C(1) 
     21640 108.94 || noQ Q (Avg,Max,Min) (1.70, 2.16, 1.22) (0.00, 0.00, 0.01) #fs:   4  -- #Conts: 12 H(1)  G(1)  E(8)  C(2) 
     21749 106.24 || noQ Q (Avg,Max,Min) (1.60, 2.16, 1.07) (0.00, 0.00, 0.01) #fs:   5  -- #Conts: 12 H(1)  G(1)  E(7)  C(3) 
     21826 103.53 || noQ Q (Avg,Max,Min) (1.62, 2.16, 1.21) (0.00, 0.00, 0.01) #fs:   7  -- #Conts: 12 H(1)  G(1)  E(6)  C(4) 
     22158 100.82 || noQ Q (Avg,Max,Min) (1.57, 2.16, 1.13) (0.00, 0.00, 0.01) #fs:   5  -- #Conts: 12 H(1)  G(1)  E(5)  C(5) 
     22276 095.41 || noQ Q (Avg,Max,Min) (1.50, 1.95, 1.16) (0.00, 0.00, 0.01) #fs:   8  -- #Conts: 12 H(1)  G(1)  E(3)  C(7) 
     22494 092.71 || noQ Q (Avg,Max,Min) (1.55, 1.95, 1.21) (0.00, 0.00, 0.01) #fs:   4  -- #Conts: 12 H(1)  G(1)  E(2)  C(8) 
     22549 088.71 || noQ Q (Avg,Max,Min) (1.56, 1.92, 1.21) (0.00, 0.00, 0.01) #fs:   3  -- #Conts: 11 H(1)  G(1)  E(2)  C(7) 
     23196 084.71 || noQ Q (Avg,Max,Min) (1.56, 1.99, 1.20) (0.00, 0.00, 0.01) #fs:   1  -- #Conts: 10 H(1)  G(1)  E(2)  C(6) 
     23434 080.71 || noQ Q (Avg,Max,Min) (1.52, 1.97, 1.20) (0.01, 0.00, 0.01) #fs:   5  -- #Conts: 9 H(1)  G(1)  E(2)  C(5) 
     24076 076.71 || noQ Q (Avg,Max,Min) (1.54, 2.15, 1.19) (0.01, 0.00, 0.01) #fs:   3  -- #Conts: 8 H(1)  G(1)  E(2)  C(4) 
     25099 072.71 || noQ Q (Avg,Max,Min) (1.54, 1.89, 1.32) (0.01, 0.00, 0.01) #fs:   2  -- #Conts: 7 H(1)  G(1)  E(2)  C(3) 
     25447 070.00 || noQ Q (Avg,Max,Min) (1.47, 1.90, 1.17) (0.01, 0.00, 0.01) #fs:   4  -- #Conts: 7 H(1)  G(1)  E(1)  C(4) 
     26469 066.00 || noQ Q (Avg,Max,Min) (1.45, 1.69, 1.18) (0.01, 0.00, 0.01) #fs:   4  -- #Conts: 6 H(1)  G(1)  E(1)  C(3) 
     26721 062.00 || noQ Q (Avg,Max,Min) (1.52, 1.86, 1.30) (0.01, 0.00, 0.01) #fs:   5  -- #Conts: 5 H(1)  G(1)  E(1)  C(2) 
     27196 059.00 || noQ Q (Avg,Max,Min) (1.55, 1.86, 1.00) (0.01, 0.00, 0.01) #fs:   3  -- #Conts: 5 H(1)  G(1)  A(1)  E(1)  C(1) 
     27210 058.00 || noQ Q (Avg,Max,Min) (1.69, 1.86, 1.43) (0.01, 0.01, 0.01) #fs:   2  -- #Conts: 4 H(1)  G(1)  E(1)  C(1) 
     27995 057.00 || noQ Q (Avg,Max,Min) (1.13, 1.82, 0.31) (0.01, 0.00, 0.01) #fs:   4  -- #Conts: 6 H(1)  G(1)  A(3)  E(1) 
     28061 056.00 || noQ Q (Avg,Max,Min) (1.15, 1.81, 0.29) (0.01, 0.00, 0.01) #fs:   3  -- #Conts: 5 H(1)  G(1)  A(2)  E(1) 
     28160 055.00 || noQ Q (Avg,Max,Min) (1.37, 1.81, 0.71) (0.01, 0.00, 0.01) #fs:   1  -- #Conts: 4 H(1)  G(1)  A(1)  E(1) 
     28248 054.00 || noQ Q (Avg,Max,Min) (1.58, 1.80, 1.29) (0.01, 0.01, 0.01) #fs:   0  -- #Conts: 3 H(1)  G(1)  E(1) 
     29055 053.29 || noQ Q (Avg,Max,Min) (1.21, 1.95, 0.23) (0.01, 0.00, 0.02) #fs:   1  -- #Conts: 5 H(1)  G(1)  A(2)  C(1) 
     29102 052.29 || noQ Q (Avg,Max,Min) (1.45, 1.95, 1.00) (0.01, 0.00, 0.02) #fs:   0  -- #Conts: 4 H(1)  G(1)  A(1)  C(1) 
     29167 051.29 || noQ Q (Avg,Max,Min) (1.60, 1.95, 1.40) (0.01, 0.01, 0.02) #fs:   1  -- #Conts: 3 H(1)  G(1)  C(1) 
     30334 050.29 || noQ Q (Avg,Max,Min) (1.12, 2.06, 0.27) (0.01, 0.00, 0.02) #fs:   4  -- #Conts: 5 H(1)  G(1)  A(3) 
     30379 049.29 || noQ Q (Avg,Max,Min) (1.15, 2.06, 0.27) (0.01, 0.00, 0.02) #fs:   5  -- #Conts: 4 H(1)  G(1)  A(2) 
     30489 048.29 || noQ Q (Avg,Max,Min) (1.43, 2.06, 0.63) (0.01, 0.00, 0.02) #fs:   2  -- #Conts: 3 H(1)  G(1)  A(1) 
     30623 047.29 || noQ Q (Avg,Max,Min) (1.83, 2.05, 1.61) (0.02, 0.01, 0.02) #fs:   0  -- #Conts: 2 H(1)  G(1) 
     35402 043.53 || noQ Q (Avg,Max,Min) (1.35, 1.62, 1.23) (0.01, 0.01, 0.01) #fs:   3  -- #Conts: 4 H(1)  C(3) 
     37181 042.53 || noQ Q (Avg,Max,Min) (1.16, 1.50, 0.76) (0.01, 0.00, 0.01) #fs:   2  -- #Conts: 6 H(1)  A(3)  C(2) 
     37228 041.53 || noQ Q (Avg,Max,Min) (1.20, 1.50, 0.76) (0.01, 0.00, 0.01) #fs:   2  -- #Conts: 5 H(1)  A(2)  C(2) 
     37385 040.53 || noQ Q (Avg,Max,Min) (1.30, 1.49, 0.98) (0.01, 0.00, 0.01) #fs:   2  -- #Conts: 4 H(1)  A(1)  C(2) 
     37563 039.53 || noQ Q (Avg,Max,Min) (1.40, 1.49, 1.22) (0.01, 0.01, 0.01) #fs:   0  -- #Conts: 3 H(1)  C(2) 
     39507 039.24 || noQ Q (Avg,Max,Min) (1.21, 1.91, 0.52) (0.01, 0.00, 0.01) #fs:   2  -- #Conts: 3 H(1)  A(1)  E(1) 
     39685 038.24 || noQ Q (Avg,Max,Min) (1.55, 1.90, 1.21) (0.01, 0.01, 0.01) #fs:   1  -- #Conts: 2 H(1)  E(1) 
     40377 037.53 || noQ Q (Avg,Max,Min) (0.87, 1.39, 0.17) (0.01, 0.00, 0.01) #fs:   2  -- #Conts: 4 H(1)  A(2)  C(1) 
     40479 036.53 || noQ Q (Avg,Max,Min) (1.11, 1.39, 0.73) (0.01, 0.00, 0.01) #fs:   1  -- #Conts: 3 H(1)  A(1)  C(1) 
     40657 035.53 || noQ Q (Avg,Max,Min) (1.30, 1.39, 1.20) (0.01, 0.01, 0.01) #fs:   0  -- #Conts: 2 H(1)  C(1) 
     43419 034.53 || noQ Q (Avg,Max,Min) (1.10, 1.20, 1.00) (0.01, 0.00, 0.01) #fs:   0  -- #Conts: 4 H(1)  A(3) 
     43573 033.53 || noQ Q (Avg,Max,Min) (1.13, 1.20, 1.00) (0.01, 0.00, 0.01) #fs:   0  -- #Conts: 3 H(1)  A(2) 
     43902 032.53 || noQ Q (Avg,Max,Min) (1.19, 1.20, 1.19) (0.01, 0.01, 0.01) #fs:   0  -- #Conts: 2 H(1)  A(1) 
     44692 031.53 || noQ Q (Avg,Max,Min) (1.18, 1.18, 1.18) (0.01, 0.01, 0.01) #fs:   0  -- #Conts: 1 H(1) 
     49190 031.18 || noQ Q (Avg,Max,Min) (1.30, 1.63, 1.00) (0.01, 0.00, 0.02) #fs:   0  -- #Conts: 5 G(1)  A(2)  E(2) 
     49245 030.18 || noQ Q (Avg,Max,Min) (1.37, 1.63, 1.11) (0.01, 0.01, 0.02) #fs:   0  -- #Conts: 4 G(1)  A(1)  E(2) 
     50549 029.18 || noQ Q (Avg,Max,Min) (1.41, 1.56, 1.16) (0.01, 0.01, 0.02) #fs:   2  -- #Conts: 3 G(1)  E(2) 
     53244 028.47 || noQ Q (Avg,Max,Min) (1.22, 1.65, 0.68) (0.01, 0.00, 0.02) #fs:   2  -- #Conts: 5 G(1)  A(2)  E(1)  C(1) 
     53407 027.47 || noQ Q (Avg,Max,Min) (1.35, 1.65, 1.10) (0.01, 0.01, 0.02) #fs:   0  -- #Conts: 4 G(1)  A(1)  E(1)  C(1) 
     54586 026.47 || noQ Q (Avg,Max,Min) (1.42, 1.63, 1.15) (0.01, 0.01, 0.02) #fs:   1  -- #Conts: 3 G(1)  E(1)  C(1) 
     55660 025.47 || noQ Q (Avg,Max,Min) (1.23, 1.61, 1.05) (0.01, 0.01, 0.02) #fs:   2  -- #Conts: 5 G(1)  A(3)  E(1) 
     56877 024.47 || noQ Q (Avg,Max,Min) (1.20, 1.59, 0.90) (0.01, 0.01, 0.02) #fs:   1  -- #Conts: 4 G(1)  A(2)  E(1) 
     58157 023.47 || noQ Q (Avg,Max,Min) (1.30, 1.69, 1.09) (0.02, 0.01, 0.02) #fs:   1  -- #Conts: 3 G(1)  A(1)  E(1) 
     59268 022.47 || noQ Q (Avg,Max,Min) (1.40, 1.67, 1.14) (0.02, 0.02, 0.02) #fs:   0  -- #Conts: 2 G(1)  E(1) 
     61265 021.76 || noQ Q (Avg,Max,Min) (1.14, 1.34, 1.02) (0.01, 0.01, 0.02) #fs:   4  -- #Conts: 4 G(1)  A(2)  C(1) 
     63172 020.76 || noQ Q (Avg,Max,Min) (1.22, 1.47, 1.08) (0.02, 0.01, 0.02) #fs:   1  -- #Conts: 3 G(1)  A(1)  C(1) 
     66869 019.76 || noQ Q (Avg,Max,Min) (1.02, 1.12, 0.89) (0.01, 0.01, 0.02) #fs:   6  -- #Conts: 5 G(1)  A(4) 
     68914 018.76 || noQ Q (Avg,Max,Min) (0.99, 1.12, 0.86) (0.02, 0.01, 0.02) #fs:   5  -- #Conts: 4 G(1)  A(3) 
     71151 017.76 || noQ Q (Avg,Max,Min) (1.01, 1.11, 0.95) (0.02, 0.01, 0.02) #fs:   4  -- #Conts: 3 G(1)  A(2) 
     73767 016.76 || noQ Q (Avg,Max,Min) (1.03, 1.11, 0.94) (0.02, 0.01, 0.02) #fs:   2  -- #Conts: 2 G(1)  A(1) 
     76575 015.76 || noQ Q (Avg,Max,Min) (1.11, 1.11, 1.11) (0.02, 0.02, 0.02) #fs:   0  -- #Conts: 1 G(1) 
     85518 015.41 || noQ Q (Avg,Max,Min) (1.10, 1.37, 0.80) (0.02, 0.01, 0.03) #fs:   2  -- #Conts: 4 A(2)  E(2) 
     86978 014.41 || noQ Q (Avg,Max,Min) (1.18, 1.36, 1.03) (0.03, 0.02, 0.03) #fs:   2  -- #Conts: 3 A(1)  E(2) 
     90378 013.41 || noQ Q (Avg,Max,Min) (1.25, 1.35, 1.16) (0.03, 0.03, 0.03) #fs:   1  -- #Conts: 2 E(2) 
     98956 012.71 || noQ Q (Avg,Max,Min) (1.14, 1.26, 1.08) (0.03, 0.02, 0.03) #fs:   1  -- #Conts: 4 A(2)  E(1)  C(1) 
    104498 011.71 || noQ Q (Avg,Max,Min) (1.18, 1.29, 1.11) (0.03, 0.02, 0.04) #fs:   1  -- #Conts: 3 A(1)  E(1)  C(1) 
    109381 010.71 || noQ Q (Avg,Max,Min) (1.23, 1.33, 1.14) (0.04, 0.03, 0.04) #fs:   1  -- #Conts: 2 E(1)  C(1) 
    137121 009.71 || noQ Q (Avg,Max,Min) (1.09, 1.11, 1.06) (0.03, 0.03, 0.04) #fs:   1  -- #Conts: 4 A(3)  E(1) 
    148164 008.71 || noQ Q (Avg,Max,Min) (1.07, 1.09, 1.06) (0.03, 0.03, 0.04) #fs:   1  -- #Conts: 3 A(2)  E(1) 
    160616 007.71 || noQ Q (Avg,Max,Min) (1.08, 1.12, 1.04) (0.04, 0.03, 0.05) #fs:   1  -- #Conts: 2 A(1)  E(1) 
    172670 006.71 || noQ Q (Avg,Max,Min) (1.05, 1.05, 1.05) (0.05, 0.05, 0.05) #fs:   0  -- #Conts: 1 E(1) 
    221891 006.00 || noQ Q (Avg,Max,Min) (1.07, 1.10, 1.04) (0.06, 0.05, 0.06) #fs:   1  -- #Conts: 3 A(2)  C(1) 
    255510 005.00 || noQ Q (Avg,Max,Min) (1.06, 1.10, 1.02) (0.07, 0.06, 0.07) #fs:   1  -- #Conts: 2 A(1)  C(1) 
    298344 004.00 || noQ Q (Avg,Max,Min) (1.03, 1.03, 1.03) (0.09, 0.09, 0.09) #fs:   0  -- #Conts: 1 C(1) 
    520377 003.00 || noQ Q (Avg,Max,Min) (1.04, 1.10, 0.98) (0.13, 0.10, 0.15) #fs:   2  -- #Conts: 3 A(3) 
    669306 002.00 || noQ Q (Avg,Max,Min) (1.03, 1.05, 1.02) (0.19, 0.19, 0.19) #fs:   1  -- #Conts: 2 A(2) 
   1322980 001.00 || noQ Q (Avg,Max,Min) (1.01, 1.01, 1.01) (0.37, 0.37, 0.37) #fs:   0  -- #Conts: 1 A(1) 
/////////////////size: 95
nodes 50 edges 92
 mulT: 1 mulD: 1  sumData GB 86
pareto /CYBERSHAKE.n.50.0.dax time -> 1346.0
moheft /CYBERSHAKE.n.50.0.dax time -> 1030.0
distance from M to C 0.8455593618609218
distance from P to C 0.00865051903114189
distance from C to M 1.7756831828696589
distance from C to P 1.8055357880144183
toCompare: /CYBERSHAKE.n.50.0.dax sumDataGB: 86 mulT: 1 mulD: 1 paretoOptTime_MS: 1346.0 MoheftOptimizationTime_MS: 1030.0 MtoC 0.8455593618609218 PtoC 0.00865051903114189 CtoM 1.7756831828696589 CtoP 1.8055357880144183
