specify -Dflow d,b,mt,md,size
Running /home/vaggelis/jc/MONTAGE.n.100.0.dax mt 100 md: 100 size null
    288724 1954.82 || noQ Q (Avg,Max,Min) (1.11, 1.41, 0.69) (0.02, 0.01, 0.11) #fs:  32  -- #Conts: 62 H(62) 
    305798 1923.29 || noQ Q (Avg,Max,Min) (1.10, 1.33, 0.64) (0.02, 0.01, 0.11) #fs:  30  -- #Conts: 61 H(61) 
    306107 1891.76 || noQ Q (Avg,Max,Min) (1.10, 1.33, 0.67) (0.02, 0.01, 0.11) #fs:  31  -- #Conts: 60 H(60) 
    312904 1876.00 || noQ Q (Avg,Max,Min) (1.09, 1.30, 0.65) (0.02, 0.01, 0.11) #fs:  31  -- #Conts: 60 H(59)  G(1) 
    313028 1860.24 || noQ Q (Avg,Max,Min) (1.09, 1.30, 0.65) (0.02, 0.01, 0.11) #fs:  31  -- #Conts: 60 H(58)  G(2) 
    313043 1844.47 || noQ Q (Avg,Max,Min) (1.09, 1.30, 0.65) (0.02, 0.01, 0.11) #fs:  31  -- #Conts: 60 H(57)  G(3) 
    313133 1828.71 || noQ Q (Avg,Max,Min) (1.09, 1.30, 0.65) (0.02, 0.01, 0.11) #fs:  31  -- #Conts: 60 H(56)  G(4) 
    313191 1812.94 || noQ Q (Avg,Max,Min) (1.09, 1.30, 0.65) (0.02, 0.01, 0.11) #fs:  31  -- #Conts: 60 H(55)  G(5) 
    313199 1797.18 || noQ Q (Avg,Max,Min) (1.09, 1.30, 0.65) (0.02, 0.01, 0.11) #fs:  31  -- #Conts: 60 H(54)  G(6) 
    313204 1781.41 || noQ Q (Avg,Max,Min) (1.09, 1.30, 0.65) (0.02, 0.01, 0.11) #fs:  31  -- #Conts: 60 H(53)  G(7) 
    313210 1765.65 || noQ Q (Avg,Max,Min) (1.08, 1.30, 0.65) (0.02, 0.01, 0.11) #fs:  31  -- #Conts: 60 H(52)  G(8) 
    313272 1749.88 || noQ Q (Avg,Max,Min) (1.08, 1.30, 0.65) (0.02, 0.01, 0.11) #fs:  31  -- #Conts: 60 H(51)  G(9) 
    313287 1734.12 || noQ Q (Avg,Max,Min) (1.08, 1.30, 0.65) (0.02, 0.01, 0.11) #fs:  31  -- #Conts: 60 H(50)  G(10) 
    313311 1718.35 || noQ Q (Avg,Max,Min) (1.08, 1.30, 0.65) (0.02, 0.01, 0.11) #fs:  31  -- #Conts: 60 H(49)  G(11) 
    313312 1702.59 || noQ Q (Avg,Max,Min) (1.08, 1.30, 0.65) (0.02, 0.01, 0.11) #fs:  31  -- #Conts: 60 H(48)  G(12) 
    313359 1686.82 || noQ Q (Avg,Max,Min) (1.08, 1.30, 0.65) (0.02, 0.01, 0.11) #fs:  31  -- #Conts: 60 H(47)  G(13) 
    313421 1671.06 || noQ Q (Avg,Max,Min) (1.07, 1.30, 0.65) (0.02, 0.01, 0.11) #fs:  31  -- #Conts: 60 H(46)  G(14) 
    313428 1655.29 || noQ Q (Avg,Max,Min) (1.07, 1.30, 0.65) (0.02, 0.01, 0.11) #fs:  31  -- #Conts: 60 H(45)  G(15) 
    313442 1639.53 || noQ Q (Avg,Max,Min) (1.07, 1.30, 0.65) (0.02, 0.01, 0.11) #fs:  31  -- #Conts: 60 H(44)  G(16) 
    313469 1623.76 || noQ Q (Avg,Max,Min) (1.07, 1.30, 0.65) (0.02, 0.01, 0.11) #fs:  31  -- #Conts: 60 H(43)  G(17) 
    313515 1608.00 || noQ Q (Avg,Max,Min) (1.07, 1.30, 0.65) (0.02, 0.01, 0.11) #fs:  31  -- #Conts: 60 H(42)  G(18) 
    313548 1592.24 || noQ Q (Avg,Max,Min) (1.07, 1.29, 0.65) (0.02, 0.01, 0.11) #fs:  31  -- #Conts: 60 H(41)  G(19) 
    313613 1576.47 || noQ Q (Avg,Max,Min) (1.06, 1.29, 0.65) (0.02, 0.01, 0.11) #fs:  31  -- #Conts: 60 H(40)  G(20) 
    313620 1560.71 || noQ Q (Avg,Max,Min) (1.06, 1.29, 0.65) (0.02, 0.01, 0.11) #fs:  31  -- #Conts: 60 H(39)  G(21) 
    313692 1544.94 || noQ Q (Avg,Max,Min) (1.06, 1.29, 0.65) (0.02, 0.01, 0.11) #fs:  31  -- #Conts: 60 H(38)  G(22) 
    313739 1529.18 || noQ Q (Avg,Max,Min) (1.06, 1.29, 0.65) (0.02, 0.01, 0.11) #fs:  31  -- #Conts: 60 H(37)  G(23) 
    313754 1513.41 || noQ Q (Avg,Max,Min) (1.06, 1.29, 0.65) (0.02, 0.01, 0.11) #fs:  31  -- #Conts: 60 H(36)  G(24) 
    313800 1497.65 || noQ Q (Avg,Max,Min) (1.06, 1.29, 0.65) (0.02, 0.01, 0.11) #fs:  31  -- #Conts: 60 H(35)  G(25) 
    313801 1481.88 || noQ Q (Avg,Max,Min) (1.05, 1.29, 0.65) (0.02, 0.01, 0.11) #fs:  31  -- #Conts: 60 H(34)  G(26) 
    313809 1466.12 || noQ Q (Avg,Max,Min) (1.05, 1.29, 0.65) (0.02, 0.01, 0.11) #fs:  31  -- #Conts: 60 H(33)  G(27) 
    313882 1450.35 || noQ Q (Avg,Max,Min) (1.05, 1.29, 0.65) (0.02, 0.01, 0.11) #fs:  31  -- #Conts: 60 H(32)  G(28) 
    313948 1434.59 || noQ Q (Avg,Max,Min) (1.05, 1.29, 0.65) (0.02, 0.01, 0.11) #fs:  31  -- #Conts: 60 H(31)  G(29) 
    313960 1418.82 || noQ Q (Avg,Max,Min) (1.05, 1.29, 0.65) (0.02, 0.01, 0.11) #fs:  31  -- #Conts: 60 H(30)  G(30) 
    313992 1403.06 || noQ Q (Avg,Max,Min) (1.05, 1.29, 0.65) (0.02, 0.01, 0.11) #fs:  31  -- #Conts: 60 H(29)  G(31) 
    314065 1387.29 || noQ Q (Avg,Max,Min) (1.04, 1.29, 0.65) (0.03, 0.01, 0.11) #fs:  31  -- #Conts: 60 H(28)  G(32) 
    314097 1371.53 || noQ Q (Avg,Max,Min) (1.04, 1.29, 0.65) (0.03, 0.01, 0.11) #fs:  31  -- #Conts: 60 H(27)  G(33) 
    314113 1355.76 || noQ Q (Avg,Max,Min) (1.04, 1.29, 0.65) (0.03, 0.01, 0.11) #fs:  31  -- #Conts: 60 H(26)  G(34) 
    314191 1340.00 || noQ Q (Avg,Max,Min) (1.04, 1.29, 0.65) (0.03, 0.01, 0.11) #fs:  31  -- #Conts: 60 H(25)  G(35) 
    314219 1324.24 || noQ Q (Avg,Max,Min) (1.04, 1.29, 0.65) (0.03, 0.01, 0.11) #fs:  31  -- #Conts: 60 H(24)  G(36) 
    314289 1308.47 || noQ Q (Avg,Max,Min) (1.04, 1.29, 0.65) (0.03, 0.01, 0.11) #fs:  31  -- #Conts: 60 H(23)  G(37) 
    314305 1292.71 || noQ Q (Avg,Max,Min) (1.03, 1.29, 0.65) (0.03, 0.01, 0.11) #fs:  31  -- #Conts: 60 H(22)  G(38) 
    314329 1276.94 || noQ Q (Avg,Max,Min) (1.03, 1.29, 0.65) (0.03, 0.01, 0.11) #fs:  31  -- #Conts: 60 H(21)  G(39) 
    314348 1261.18 || noQ Q (Avg,Max,Min) (1.03, 1.29, 0.65) (0.03, 0.01, 0.11) #fs:  31  -- #Conts: 60 H(20)  G(40) 
    314420 1245.41 || noQ Q (Avg,Max,Min) (1.03, 1.29, 0.65) (0.03, 0.01, 0.11) #fs:  31  -- #Conts: 60 H(19)  G(41) 
    314439 1229.65 || noQ Q (Avg,Max,Min) (1.03, 1.29, 0.65) (0.03, 0.01, 0.11) #fs:  31  -- #Conts: 60 H(18)  G(42) 
    314590 1213.88 || noQ Q (Avg,Max,Min) (1.03, 1.29, 0.65) (0.03, 0.01, 0.11) #fs:  31  -- #Conts: 60 H(17)  G(43) 
    314926 1198.12 || noQ Q (Avg,Max,Min) (1.02, 1.29, 0.64) (0.03, 0.02, 0.11) #fs:  31  -- #Conts: 60 H(16)  G(44) 
    321198 1182.35 || noQ Q (Avg,Max,Min) (1.02, 1.26, 0.63) (0.03, 0.02, 0.11) #fs:  30  -- #Conts: 59 H(16)  G(43) 
    321572 1166.59 || noQ Q (Avg,Max,Min) (1.02, 1.26, 0.62) (0.03, 0.02, 0.11) #fs:  31  -- #Conts: 58 H(16)  G(42) 
    321924 1150.82 || noQ Q (Avg,Max,Min) (1.02, 1.26, 0.63) (0.03, 0.02, 0.11) #fs:  31  -- #Conts: 57 H(16)  G(41) 
    322352 1135.06 || noQ Q (Avg,Max,Min) (1.02, 1.39, 0.63) (0.03, 0.02, 0.12) #fs:  31  -- #Conts: 56 H(16)  G(40) 
    322400 1119.29 || noQ Q (Avg,Max,Min) (1.02, 1.39, 0.63) (0.03, 0.02, 0.12) #fs:  31  -- #Conts: 55 H(16)  G(39) 
    322470 1103.53 || noQ Q (Avg,Max,Min) (1.03, 1.39, 0.63) (0.03, 0.02, 0.12) #fs:  31  -- #Conts: 54 H(16)  G(38) 
    322609 1087.76 || noQ Q (Avg,Max,Min) (1.03, 1.39, 0.63) (0.03, 0.02, 0.12) #fs:  31  -- #Conts: 53 H(16)  G(37) 
    322645 1072.00 || noQ Q (Avg,Max,Min) (1.03, 1.39, 0.63) (0.03, 0.02, 0.12) #fs:  31  -- #Conts: 52 H(16)  G(36) 
    322670 1040.47 || noQ Q (Avg,Max,Min) (1.03, 1.39, 0.63) (0.03, 0.02, 0.12) #fs:  31  -- #Conts: 50 H(16)  G(34) 
    322683 1024.71 || noQ Q (Avg,Max,Min) (1.03, 1.39, 0.63) (0.03, 0.02, 0.12) #fs:  31  -- #Conts: 49 H(16)  G(33) 
    322727 1008.94 || noQ Q (Avg,Max,Min) (1.04, 1.39, 0.63) (0.03, 0.02, 0.12) #fs:  31  -- #Conts: 48 H(16)  G(32) 
    322855 993.18 || noQ Q (Avg,Max,Min) (1.04, 1.39, 0.63) (0.03, 0.02, 0.12) #fs:  31  -- #Conts: 47 H(16)  G(31) 
    322892 977.41 || noQ Q (Avg,Max,Min) (1.04, 1.39, 0.78) (0.03, 0.02, 0.12) #fs:  31  -- #Conts: 46 H(16)  G(30) 
    343105 945.88 || noQ Q (Avg,Max,Min) (1.01, 1.31, 0.75) (0.04, 0.02, 0.12) #fs:  30  -- #Conts: 30 H(30) 
    357853 898.59 || noQ Q (Avg,Max,Min) (0.99, 1.26, 0.71) (0.04, 0.02, 0.12) #fs:  31  -- #Conts: 29 H(28)  G(1) 
    358237 851.29 || noQ Q (Avg,Max,Min) (0.99, 1.38, 0.71) (0.05, 0.02, 0.14) #fs:  31  -- #Conts: 27 H(27) 
    358518 804.00 || noQ Q (Avg,Max,Min) (1.00, 1.38, 0.71) (0.05, 0.02, 0.14) #fs:  31  -- #Conts: 26 H(25)  G(1) 
    358631 772.47 || noQ Q (Avg,Max,Min) (1.00, 1.38, 0.71) (0.05, 0.02, 0.14) #fs:  31  -- #Conts: 25 H(24)  G(1) 
    359281 725.18 || noQ Q (Avg,Max,Min) (1.01, 1.37, 0.84) (0.06, 0.02, 0.14) #fs:  31  -- #Conts: 23 H(23) 
    360370 677.88 || noQ Q (Avg,Max,Min) (0.98, 1.37, 0.84) (0.06, 0.02, 0.14) #fs:  32  -- #Conts: 22 H(21)  G(1) 
    360879 662.12 || noQ Q (Avg,Max,Min) (0.97, 1.37, 0.83) (0.06, 0.02, 0.14) #fs:  31  -- #Conts: 21 H(21) 
    376229 646.35 || noQ Q (Avg,Max,Min) (0.93, 1.31, 0.79) (0.06, 0.04, 0.14) #fs:  32  -- #Conts: 21 H(20)  G(1) 
    378488 630.59 || noQ Q (Avg,Max,Min) (0.94, 1.30, 0.81) (0.06, 0.04, 0.14) #fs:  30  -- #Conts: 20 H(20) 
    394340 567.53 || noQ Q (Avg,Max,Min) (0.92, 1.36, 0.77) (0.07, 0.04, 0.15) #fs:  31  -- #Conts: 18 H(18) 
    394629 536.00 || noQ Q (Avg,Max,Min) (0.93, 1.36, 0.77) (0.08, 0.04, 0.15) #fs:  31  -- #Conts: 17 H(17) 
    395806 504.47 || noQ Q (Avg,Max,Min) (0.93, 1.36, 0.77) (0.08, 0.06, 0.15) #fs:  30  -- #Conts: 16 H(16) 
    468736 472.94 || noQ Q (Avg,Max,Min) (0.97, 1.35, 0.76) (0.09, 0.05, 0.18) #fs:  19  -- #Conts: 15 H(15) 
    496857 441.41 || noQ Q (Avg,Max,Min) (0.94, 1.50, 0.86) (0.09, 0.06, 0.21) #fs:  19  -- #Conts: 14 H(14) 
    510841 409.88 || noQ Q (Avg,Max,Min) (0.97, 1.32, 0.82) (0.10, 0.06, 0.19) #fs:  17  -- #Conts: 13 H(13) 
    513493 378.35 || noQ Q (Avg,Max,Min) (1.02, 1.34, 0.96) (0.11, 0.08, 0.19) #fs:  16  -- #Conts: 12 H(12) 
    538976 346.82 || noQ Q (Avg,Max,Min) (1.01, 1.28, 0.88) (0.12, 0.08, 0.19) #fs:  15  -- #Conts: 11 H(11) 
    548364 315.29 || noQ Q (Avg,Max,Min) (1.06, 1.33, 0.99) (0.13, 0.10, 0.20) #fs:  14  -- #Conts: 10 H(10) 
    590282 283.76 || noQ Q (Avg,Max,Min) (1.07, 1.36, 0.93) (0.14, 0.12, 0.20) #fs:  12  -- #Conts: 9 H(9) 
    626360 252.24 || noQ Q (Avg,Max,Min) (1.08, 1.25, 0.98) (0.16, 0.14, 0.22) #fs:  11  -- #Conts: 8 H(8) 
    720525 220.71 || noQ Q (Avg,Max,Min) (1.11, 1.34, 1.02) (0.19, 0.14, 0.27) #fs:   9  -- #Conts: 7 H(7) 
    762301 189.18 || noQ Q (Avg,Max,Min) (1.16, 1.31, 1.09) (0.22, 0.19, 0.28) #fs:   8  -- #Conts: 6 H(6) 
    892460 157.65 || noQ Q (Avg,Max,Min) (1.18, 1.33, 1.09) (0.26, 0.23, 0.33) #fs:   4  -- #Conts: 5 H(5) 
    982967 141.88 || noQ Q (Avg,Max,Min) (0.99, 1.16, 0.87) (0.23, 0.19, 0.29) #fs:  13  -- #Conts: 9 G(9) 
   1044811 126.12 || noQ Q (Avg,Max,Min) (1.01, 1.10, 0.92) (0.25, 0.22, 0.32) #fs:  11  -- #Conts: 8 G(8) 
   1217648 110.35 || noQ Q (Avg,Max,Min) (0.99, 1.11, 0.94) (0.29, 0.26, 0.37) #fs:  12  -- #Conts: 7 G(7) 
   1286858 094.59 || noQ Q (Avg,Max,Min) (1.06, 1.15, 1.01) (0.34, 0.30, 0.41) #fs:   8  -- #Conts: 6 G(6) 
   1523546 078.82 || noQ Q (Avg,Max,Min) (1.07, 1.16, 1.01) (0.41, 0.37, 0.49) #fs:   4  -- #Conts: 5 G(5) 
   1794020 063.06 || noQ Q (Avg,Max,Min) (1.08, 1.13, 1.02) (0.51, 0.47, 0.56) #fs:   4  -- #Conts: 4 G(4) 
   2134187 062.71 || noQ Q (Avg,Max,Min) (0.89, 1.05, 0.53) (0.49, 0.32, 0.58) #fs:  11  -- #Conts: 8 G(1)  E(7) 
   2166482 060.35 || noQ Q (Avg,Max,Min) (0.93, 1.05, 0.83) (0.47, 0.39, 0.55) #fs:  12  -- #Conts: 9 E(9) 
   2305970 053.65 || noQ Q (Avg,Max,Min) (0.94, 1.05, 0.86) (0.53, 0.47, 0.61) #fs:  10  -- #Conts: 8 E(8) 
   2310115 047.29 || noQ Q (Avg,Max,Min) (1.12, 1.15, 1.08) (0.67, 0.63, 0.74) #fs:   2  -- #Conts: 3 G(3) 
   2705720 046.94 || noQ Q (Avg,Max,Min) (0.93, 1.05, 0.89) (0.60, 0.55, 0.74) #fs:  10  -- #Conts: 7 E(7) 
   2881775 040.24 || noQ Q (Avg,Max,Min) (0.98, 1.05, 0.94) (0.70, 0.64, 0.82) #fs:   6  -- #Conts: 6 E(6) 
   3277656 031.53 || noQ Q (Avg,Max,Min) (1.12, 1.13, 1.11) (0.99, 0.96, 1.03) #fs:   2  -- #Conts: 2 G(2) 
/////////////////size: 97
    329176 2049.41 || noQ Q (Avg,Max,Min) (1.10, 1.43, 0.65) (0.02, 0.01, 0.13) #fs:  22  -- #Conts: 73 H(57)  G(16) 
    331539 2017.88 || noQ Q (Avg,Max,Min) (1.09, 1.55, 0.64) (0.02, 0.01, 0.14) #fs:  21  -- #Conts: 72 H(56)  G(16) 
    334872 2002.12 || noQ Q (Avg,Max,Min) (1.09, 1.73, 0.63) (0.02, 0.01, 0.12) #fs:  22  -- #Conts: 71 H(56)  G(15) 
    335158 1986.35 || noQ Q (Avg,Max,Min) (1.09, 1.73, 0.63) (0.02, 0.01, 0.12) #fs:  22  -- #Conts: 70 H(56)  G(14) 
    335551 1970.59 || noQ Q (Avg,Max,Min) (1.09, 1.73, 0.63) (0.02, 0.01, 0.12) #fs:  22  -- #Conts: 69 H(56)  G(13) 
    335856 1954.82 || noQ Q (Avg,Max,Min) (1.09, 1.73, 0.63) (0.02, 0.01, 0.12) #fs:  22  -- #Conts: 68 H(56)  G(12) 
    336142 1939.06 || noQ Q (Avg,Max,Min) (1.09, 1.72, 0.63) (0.02, 0.01, 0.12) #fs:  22  -- #Conts: 67 H(56)  G(11) 
    336461 1907.53 || noQ Q (Avg,Max,Min) (1.09, 1.72, 0.63) (0.02, 0.01, 0.12) #fs:  22  -- #Conts: 66 H(55)  G(11) 
    343517 1891.76 || noQ Q (Avg,Max,Min) (1.08, 1.67, 0.61) (0.02, 0.01, 0.12) #fs:  22  -- #Conts: 66 H(54)  G(12) 
    344168 1860.24 || noQ Q (Avg,Max,Min) (1.08, 1.67, 0.61) (0.02, 0.01, 0.12) #fs:  22  -- #Conts: 65 H(53)  G(12) 
    344322 1812.94 || noQ Q (Avg,Max,Min) (1.07, 1.67, 0.61) (0.02, 0.01, 0.12) #fs:  22  -- #Conts: 63 H(52)  G(11) 
    344648 1781.41 || noQ Q (Avg,Max,Min) (1.07, 1.67, 0.61) (0.02, 0.01, 0.12) #fs:  22  -- #Conts: 62 H(51)  G(11) 
    345122 1749.88 || noQ Q (Avg,Max,Min) (1.06, 1.66, 0.61) (0.02, 0.01, 0.12) #fs:  22  -- #Conts: 61 H(50)  G(11) 
    345289 1734.12 || noQ Q (Avg,Max,Min) (1.06, 1.66, 0.61) (0.02, 0.01, 0.12) #fs:  22  -- #Conts: 61 H(49)  G(12) 
    345378 1718.35 || noQ Q (Avg,Max,Min) (1.06, 1.66, 0.61) (0.02, 0.01, 0.12) #fs:  22  -- #Conts: 61 H(48)  G(13) 
    345714 1702.59 || noQ Q (Avg,Max,Min) (1.06, 1.66, 0.61) (0.02, 0.01, 0.12) #fs:  22  -- #Conts: 61 H(47)  G(14) 
    350869 1686.82 || noQ Q (Avg,Max,Min) (1.05, 1.63, 0.59) (0.02, 0.01, 0.12) #fs:  22  -- #Conts: 61 H(46)  G(15) 
    350967 1671.06 || noQ Q (Avg,Max,Min) (1.05, 1.62, 0.59) (0.03, 0.01, 0.12) #fs:  22  -- #Conts: 61 H(45)  G(16) 
    351484 1655.29 || noQ Q (Avg,Max,Min) (1.05, 1.62, 0.59) (0.03, 0.01, 0.12) #fs:  22  -- #Conts: 61 H(44)  G(17) 
    351612 1639.53 || noQ Q (Avg,Max,Min) (1.04, 1.62, 0.59) (0.03, 0.01, 0.12) #fs:  22  -- #Conts: 61 H(43)  G(18) 
    351911 1623.76 || noQ Q (Avg,Max,Min) (1.04, 1.62, 0.59) (0.03, 0.01, 0.12) #fs:  22  -- #Conts: 61 H(42)  G(19) 
    352055 1608.00 || noQ Q (Avg,Max,Min) (1.04, 1.62, 0.59) (0.03, 0.01, 0.12) #fs:  22  -- #Conts: 61 H(41)  G(20) 
    352228 1560.71 || noQ Q (Avg,Max,Min) (1.04, 1.62, 0.59) (0.03, 0.01, 0.12) #fs:  22  -- #Conts: 61 H(38)  G(23) 
    352460 1529.18 || noQ Q (Avg,Max,Min) (1.03, 1.62, 0.59) (0.03, 0.01, 0.12) #fs:  22  -- #Conts: 61 H(36)  G(25) 
    352665 1497.65 || noQ Q (Avg,Max,Min) (1.03, 1.61, 0.59) (0.03, 0.01, 0.12) #fs:  22  -- #Conts: 61 H(34)  G(27) 
    352747 1481.88 || noQ Q (Avg,Max,Min) (1.03, 1.61, 0.59) (0.03, 0.01, 0.12) #fs:  22  -- #Conts: 61 H(33)  G(28) 
    353028 1466.12 || noQ Q (Avg,Max,Min) (1.02, 1.61, 0.59) (0.03, 0.01, 0.12) #fs:  24  -- #Conts: 61 H(32)  G(29) 
    353125 1403.06 || noQ Q (Avg,Max,Min) (1.01, 1.61, 0.59) (0.03, 0.01, 0.12) #fs:  25  -- #Conts: 61 H(28)  G(33) 
    353142 1340.00 || noQ Q (Avg,Max,Min) (1.01, 1.61, 0.59) (0.03, 0.01, 0.12) #fs:  25  -- #Conts: 61 H(24)  G(37) 
    353265 1324.24 || noQ Q (Avg,Max,Min) (1.00, 1.46, 0.59) (0.03, 0.01, 0.14) #fs:  25  -- #Conts: 61 H(23)  G(38) 
    353267 1276.94 || noQ Q (Avg,Max,Min) (1.00, 1.46, 0.59) (0.03, 0.01, 0.14) #fs:  25  -- #Conts: 61 H(20)  G(41) 
    353292 1261.18 || noQ Q (Avg,Max,Min) (0.99, 1.46, 0.59) (0.03, 0.01, 0.14) #fs:  25  -- #Conts: 61 H(19)  G(42) 
    353653 1245.41 || noQ Q (Avg,Max,Min) (0.99, 1.46, 0.59) (0.03, 0.01, 0.14) #fs:  25  -- #Conts: 61 H(18)  G(43) 
    353895 1229.65 || noQ Q (Avg,Max,Min) (1.01, 1.46, 0.59) (0.03, 0.01, 0.14) #fs:  24  -- #Conts: 62 H(16)  G(46) 
    369371 1198.12 || noQ Q (Avg,Max,Min) (1.00, 1.14, 0.59) (0.03, 0.02, 0.11) #fs:  25  -- #Conts: 61 H(15)  G(46) 
    377954 1182.35 || noQ Q (Avg,Max,Min) (1.00, 1.14, 0.59) (0.03, 0.02, 0.11) #fs:  25  -- #Conts: 61 H(14)  G(47) 
    378576 1150.82 || noQ Q (Avg,Max,Min) (1.03, 1.44, 0.59) (0.03, 0.01, 0.11) #fs:  24  -- #Conts: 62 H(11)  G(51) 
    378709 1119.29 || noQ Q (Avg,Max,Min) (1.02, 1.14, 0.59) (0.03, 0.02, 0.11) #fs:  25  -- #Conts: 61 H(10)  G(51) 
    379535 1103.53 || noQ Q (Avg,Max,Min) (1.07, 1.44, 0.59) (0.03, 0.01, 0.11) #fs:  30  -- #Conts: 63 H(7)  G(56) 
    379970 1072.00 || noQ Q (Avg,Max,Min) (1.06, 1.44, 0.59) (0.03, 0.01, 0.11) #fs:  31  -- #Conts: 62 H(6)  G(56) 
    380002 1040.47 || noQ Q (Avg,Max,Min) (1.05, 1.14, 0.59) (0.03, 0.02, 0.11) #fs:  32  -- #Conts: 61 H(5)  G(56) 
    382481 1024.71 || noQ Q (Avg,Max,Min) (1.06, 1.44, 0.76) (0.03, 0.01, 0.12) #fs:  30  -- #Conts: 62 H(3)  G(59) 
    382863 1008.94 || noQ Q (Avg,Max,Min) (1.06, 1.44, 0.76) (0.03, 0.01, 0.13) #fs:  31  -- #Conts: 61 H(3)  G(58) 
    389469 993.18 || noQ Q (Avg,Max,Min) (1.05, 1.14, 0.79) (0.03, 0.02, 0.12) #fs:  31  -- #Conts: 61 H(2)  G(59) 
    389851 977.41 || noQ Q (Avg,Max,Min) (1.05, 1.18, 0.78) (0.03, 0.02, 0.13) #fs:  32  -- #Conts: 60 H(2)  G(58) 
    415589 961.65 || noQ Q (Avg,Max,Min) (1.19, 1.45, 0.82) (0.04, 0.01, 0.16) #fs:  18  -- #Conts: 45 H(16)  G(29) 
    415812 945.88 || noQ Q (Avg,Max,Min) (1.20, 1.45, 0.82) (0.04, 0.01, 0.16) #fs:  18  -- #Conts: 44 H(16)  G(28) 
    428878 943.53 || noQ Q (Avg,Max,Min) (1.19, 1.45, 0.78) (0.04, 0.01, 0.16) #fs:  18  -- #Conts: 45 H(16)  G(27)  E(2) 
    429146 941.18 || noQ Q (Avg,Max,Min) (1.19, 1.45, 0.78) (0.04, 0.01, 0.16) #fs:  18  -- #Conts: 46 H(16)  G(26)  E(4) 
    430120 938.82 || noQ Q (Avg,Max,Min) (1.18, 1.45, 0.78) (0.04, 0.01, 0.16) #fs:  18  -- #Conts: 47 H(16)  G(25)  E(6) 
    430548 934.12 || noQ Q (Avg,Max,Min) (1.17, 1.45, 0.77) (0.04, 0.01, 0.16) #fs:  18  -- #Conts: 49 H(16)  G(23)  E(10) 
    430669 922.35 || noQ Q (Avg,Max,Min) (1.16, 1.45, 0.78) (0.04, 0.01, 0.16) #fs:  18  -- #Conts: 54 H(16)  G(18)  E(20) 
    430896 920.00 || noQ Q (Avg,Max,Min) (1.15, 1.45, 0.77) (0.04, 0.01, 0.16) #fs:  18  -- #Conts: 55 H(16)  G(17)  E(22) 
    431070 917.65 || noQ Q (Avg,Max,Min) (1.15, 1.45, 0.77) (0.04, 0.01, 0.16) #fs:  18  -- #Conts: 56 H(16)  G(16)  E(24) 
    431288 914.35 || noQ Q (Avg,Max,Min) (1.19, 2.12, 0.82) (0.04, 0.01, 0.09) #fs:  19  -- #Conts: 43 H(15)  G(28) 
    431893 882.82 || noQ Q (Avg,Max,Min) (1.18, 2.11, 0.82) (0.04, 0.01, 0.09) #fs:  20  -- #Conts: 42 H(14)  G(28) 
    432053 851.29 || noQ Q (Avg,Max,Min) (1.17, 2.11, 0.82) (0.05, 0.01, 0.09) #fs:  21  -- #Conts: 41 H(13)  G(28) 
    432350 819.76 || noQ Q (Avg,Max,Min) (1.16, 2.11, 0.82) (0.05, 0.01, 0.09) #fs:  22  -- #Conts: 40 H(12)  G(28) 
    432477 788.24 || noQ Q (Avg,Max,Min) (1.15, 2.11, 0.82) (0.05, 0.01, 0.09) #fs:  23  -- #Conts: 39 H(11)  G(28) 
    432688 756.71 || noQ Q (Avg,Max,Min) (1.14, 2.10, 0.82) (0.05, 0.01, 0.09) #fs:  24  -- #Conts: 38 H(10)  G(28) 
    432913 725.18 || noQ Q (Avg,Max,Min) (1.12, 2.10, 0.82) (0.05, 0.01, 0.09) #fs:  25  -- #Conts: 37 H(9)  G(28) 
    432986 693.65 || noQ Q (Avg,Max,Min) (1.11, 2.10, 0.82) (0.05, 0.01, 0.09) #fs:  26  -- #Conts: 36 H(8)  G(28) 
    433044 662.12 || noQ Q (Avg,Max,Min) (1.10, 2.10, 0.82) (0.05, 0.01, 0.09) #fs:  27  -- #Conts: 35 H(7)  G(28) 
    433107 630.59 || noQ Q (Avg,Max,Min) (1.08, 2.10, 0.82) (0.06, 0.01, 0.09) #fs:  28  -- #Conts: 34 H(6)  G(28) 
    433233 599.06 || noQ Q (Avg,Max,Min) (1.07, 2.10, 0.82) (0.06, 0.01, 0.09) #fs:  29  -- #Conts: 33 H(5)  G(28) 
    433536 567.53 || noQ Q (Avg,Max,Min) (1.04, 1.44, 0.82) (0.06, 0.01, 0.16) #fs:  30  -- #Conts: 32 H(4)  G(28) 
    433862 536.00 || noQ Q (Avg,Max,Min) (1.02, 1.44, 0.82) (0.06, 0.01, 0.16) #fs:  31  -- #Conts: 31 H(3)  G(28) 
    440850 504.47 || noQ Q (Avg,Max,Min) (1.01, 1.27, 0.82) (0.06, 0.04, 0.16) #fs:  32  -- #Conts: 30 H(2)  G(28) 
    454427 498.71 || noQ Q (Avg,Max,Min) (1.00, 1.44, 0.80) (0.06, 0.01, 0.14) #fs:  30  -- #Conts: 43 H(3)  G(15)  E(25) 
    454776 492.00 || noQ Q (Avg,Max,Min) (1.00, 1.44, 0.80) (0.06, 0.01, 0.15) #fs:  31  -- #Conts: 42 H(3)  G(15)  E(24) 
    455707 480.94 || noQ Q (Avg,Max,Min) (0.99, 1.23, 0.78) (0.06, 0.04, 0.16) #fs:  32  -- #Conts: 40 H(2)  G(18)  E(20) 
    455934 478.59 || noQ Q (Avg,Max,Min) (0.99, 1.23, 0.77) (0.06, 0.04, 0.16) #fs:  32  -- #Conts: 41 H(2)  G(17)  E(22) 
    456108 476.24 || noQ Q (Avg,Max,Min) (0.99, 1.23, 0.77) (0.06, 0.04, 0.16) #fs:  32  -- #Conts: 42 H(2)  G(16)  E(24) 
    456548 473.88 || noQ Q (Avg,Max,Min) (0.99, 1.23, 0.77) (0.06, 0.04, 0.16) #fs:  32  -- #Conts: 43 H(2)  G(15)  E(26) 
    461415 467.18 || noQ Q (Avg,Max,Min) (0.99, 1.17, 0.81) (0.06, 0.04, 0.14) #fs:  31  -- #Conts: 42 H(2)  G(15)  E(25) 
    461764 460.47 || noQ Q (Avg,Max,Min) (0.99, 1.18, 0.80) (0.06, 0.04, 0.15) #fs:  32  -- #Conts: 41 H(2)  G(15)  E(24) 
    494252 447.76 || noQ Q (Avg,Max,Min) (1.05, 2.10, 0.72) (0.07, 0.01, 0.11) #fs:  29  -- #Conts: 28 H(5)  G(15)  E(8) 
    494338 441.06 || noQ Q (Avg,Max,Min) (1.06, 2.10, 0.89) (0.07, 0.01, 0.11) #fs:  29  -- #Conts: 27 H(5)  G(15)  E(7) 
    494417 436.35 || noQ Q (Avg,Max,Min) (1.01, 1.44, 0.72) (0.07, 0.01, 0.18) #fs:  30  -- #Conts: 30 H(4)  G(15)  E(11) 
    494555 416.24 || noQ Q (Avg,Max,Min) (1.02, 1.44, 0.72) (0.08, 0.01, 0.18) #fs:  30  -- #Conts: 27 H(4)  G(15)  E(8) 
    494641 409.53 || noQ Q (Avg,Max,Min) (1.03, 1.44, 0.89) (0.08, 0.01, 0.18) #fs:  30  -- #Conts: 26 H(4)  G(15)  E(7) 
    494743 404.82 || noQ Q (Avg,Max,Min) (0.99, 1.44, 0.72) (0.07, 0.01, 0.18) #fs:  31  -- #Conts: 29 H(3)  G(15)  E(11) 
    494881 384.71 || noQ Q (Avg,Max,Min) (1.00, 1.44, 0.72) (0.08, 0.01, 0.18) #fs:  31  -- #Conts: 26 H(3)  G(15)  E(8) 
    494967 378.00 || noQ Q (Avg,Max,Min) (1.00, 1.44, 0.89) (0.08, 0.01, 0.18) #fs:  31  -- #Conts: 25 H(3)  G(15)  E(7) 
    501731 373.29 || noQ Q (Avg,Max,Min) (0.97, 1.29, 0.72) (0.08, 0.04, 0.18) #fs:  32  -- #Conts: 28 H(2)  G(15)  E(11) 
    501869 353.18 || noQ Q (Avg,Max,Min) (0.98, 1.29, 0.72) (0.08, 0.04, 0.18) #fs:  32  -- #Conts: 25 H(2)  G(15)  E(8) 
    501955 346.47 || noQ Q (Avg,Max,Min) (0.98, 1.29, 0.89) (0.09, 0.04, 0.18) #fs:  32  -- #Conts: 24 H(2)  G(15)  E(7) 
    532619 339.76 || noQ Q (Avg,Max,Min) (0.94, 1.18, 0.83) (0.09, 0.04, 0.16) #fs:  31  -- #Conts: 23 H(2)  G(15)  E(6) 
    532900 333.06 || noQ Q (Avg,Max,Min) (0.94, 1.19, 0.83) (0.09, 0.04, 0.18) #fs:  32  -- #Conts: 22 H(2)  G(15)  E(5) 
    544395 326.35 || noQ Q (Avg,Max,Min) (0.91, 1.27, 0.81) (0.09, 0.04, 0.19) #fs:  32  -- #Conts: 21 H(2)  G(15)  E(4) 
    552449 323.65 || noQ Q (Avg,Max,Min) (0.90, 1.25, 0.80) (0.09, 0.04, 0.19) #fs:  32  -- #Conts: 21 H(2)  G(15)  E(3)  C(1) 
    552805 320.94 || noQ Q (Avg,Max,Min) (0.90, 1.25, 0.79) (0.10, 0.04, 0.19) #fs:  32  -- #Conts: 21 H(2)  G(15)  E(2)  C(2) 
    553086 318.24 || noQ Q (Avg,Max,Min) (0.90, 1.25, 0.79) (0.10, 0.04, 0.19) #fs:  32  -- #Conts: 21 H(2)  G(15)  E(1)  C(3) 
    553263 315.53 || noQ Q (Avg,Max,Min) (0.90, 1.25, 0.79) (0.10, 0.07, 0.19) #fs:  32  -- #Conts: 21 H(2)  G(15)  C(4) 
    560767 311.53 || noQ Q (Avg,Max,Min) (0.88, 1.23, 0.78) (0.10, 0.07, 0.19) #fs:  32  -- #Conts: 20 H(2)  G(15)  C(3) 
    561230 307.53 || noQ Q (Avg,Max,Min) (0.88, 1.23, 0.78) (0.10, 0.07, 0.19) #fs:  32  -- #Conts: 19 H(2)  G(15)  C(2) 
    561591 303.53 || noQ Q (Avg,Max,Min) (0.88, 1.23, 0.78) (0.11, 0.07, 0.19) #fs:  32  -- #Conts: 18 H(2)  G(15)  C(1) 
    561778 299.53 || noQ Q (Avg,Max,Min) (0.88, 1.23, 0.78) (0.11, 0.09, 0.19) #fs:  32  -- #Conts: 17 H(2)  G(15) 
    700513 295.88 || noQ Q (Avg,Max,Min) (1.03, 1.68, 0.84) (0.09, 0.04, 0.17) #fs:  17  -- #Conts: 37 H(1)  G(10)  E(1)  C(25) 
    700676 291.88 || noQ Q (Avg,Max,Min) (1.04, 1.68, 0.84) (0.09, 0.04, 0.17) #fs:  17  -- #Conts: 36 H(1)  G(10)  E(1)  C(24) 
    700863 283.88 || noQ Q (Avg,Max,Min) (1.04, 1.68, 0.94) (0.09, 0.04, 0.17) #fs:  17  -- #Conts: 34 H(1)  G(10)  E(1)  C(22) 
    701334 280.12 || noQ Q (Avg,Max,Min) (1.03, 1.68, 0.84) (0.09, 0.07, 0.17) #fs:  17  -- #Conts: 36 H(1)  G(9)  E(1)  C(25) 
    701497 276.12 || noQ Q (Avg,Max,Min) (1.03, 1.68, 0.84) (0.09, 0.07, 0.17) #fs:  17  -- #Conts: 35 H(1)  G(9)  E(1)  C(24) 
    701684 268.12 || noQ Q (Avg,Max,Min) (1.04, 1.68, 0.94) (0.09, 0.07, 0.17) #fs:  17  -- #Conts: 33 H(1)  G(9)  E(1)  C(22) 
    767294 267.65 || noQ Q (Avg,Max,Min) (1.05, 1.77, 0.86) (0.10, 0.02, 0.19) #fs:  18  -- #Conts: 27 H(1)  G(11)  E(1)  C(14) 
    767329 263.65 || noQ Q (Avg,Max,Min) (1.06, 1.77, 0.94) (0.10, 0.02, 0.19) #fs:  18  -- #Conts: 26 H(1)  G(11)  E(1)  C(13) 
    773468 251.88 || noQ Q (Avg,Max,Min) (1.04, 1.73, 0.86) (0.10, 0.04, 0.19) #fs:  18  -- #Conts: 26 H(1)  G(10)  E(1)  C(14) 
    773503 247.88 || noQ Q (Avg,Max,Min) (1.05, 1.73, 0.94) (0.11, 0.04, 0.19) #fs:  18  -- #Conts: 25 H(1)  G(10)  E(1)  C(13) 
    774289 236.12 || noQ Q (Avg,Max,Min) (1.04, 1.72, 0.86) (0.11, 0.07, 0.20) #fs:  18  -- #Conts: 25 H(1)  G(9)  E(1)  C(14) 
    774324 232.12 || noQ Q (Avg,Max,Min) (1.04, 1.72, 0.94) (0.11, 0.07, 0.19) #fs:  18  -- #Conts: 24 H(1)  G(9)  E(1)  C(13) 
    828279 227.65 || noQ Q (Avg,Max,Min) (1.07, 1.77, 0.88) (0.13, 0.02, 0.20) #fs:  18  -- #Conts: 17 H(1)  G(11)  E(1)  C(4) 
    828431 223.65 || noQ Q (Avg,Max,Min) (1.08, 1.77, 0.96) (0.14, 0.02, 0.20) #fs:  18  -- #Conts: 16 H(1)  G(11)  E(1)  C(3) 
    834453 211.88 || noQ Q (Avg,Max,Min) (1.06, 1.73, 0.88) (0.14, 0.04, 0.20) #fs:  18  -- #Conts: 16 H(1)  G(10)  E(1)  C(4) 
    834605 207.88 || noQ Q (Avg,Max,Min) (1.07, 1.73, 0.96) (0.15, 0.04, 0.20) #fs:  18  -- #Conts: 15 H(1)  G(10)  E(1)  C(3) 
    835274 196.12 || noQ Q (Avg,Max,Min) (1.05, 1.72, 0.88) (0.15, 0.07, 0.21) #fs:  18  -- #Conts: 15 H(1)  G(9)  E(1)  C(4) 
    835426 192.12 || noQ Q (Avg,Max,Min) (1.06, 1.72, 0.96) (0.16, 0.07, 0.21) #fs:  18  -- #Conts: 14 H(1)  G(9)  E(1)  C(3) 
    921035 176.35 || noQ Q (Avg,Max,Min) (1.02, 1.26, 0.92) (0.16, 0.02, 0.29) #fs:  17  -- #Conts: 14 G(10)  E(1)  C(3) 
    921241 160.59 || noQ Q (Avg,Max,Min) (1.00, 1.15, 0.92) (0.17, 0.07, 0.30) #fs:  17  -- #Conts: 13 G(9)  E(1)  C(3) 
    952001 153.88 || noQ Q (Avg,Max,Min) (0.97, 1.12, 0.88) (0.19, 0.14, 0.30) #fs:  17  -- #Conts: 12 G(9)  C(3) 
    966996 149.88 || noQ Q (Avg,Max,Min) (0.97, 1.11, 0.87) (0.20, 0.14, 0.30) #fs:  17  -- #Conts: 11 G(9)  C(2) 
    973975 145.88 || noQ Q (Avg,Max,Min) (0.97, 1.11, 0.86) (0.21, 0.14, 0.30) #fs:  16  -- #Conts: 10 G(9)  C(1) 
    982135 141.88 || noQ Q (Avg,Max,Min) (0.98, 1.08, 0.85) (0.23, 0.18, 0.30) #fs:  17  -- #Conts: 9 G(9) 
   1063667 138.35 || noQ Q (Avg,Max,Min) (0.94, 1.07, 0.85) (0.19, 0.07, 0.32) #fs:  24  -- #Conts: 19 G(3)  E(10)  C(6) 
   1065176 134.35 || noQ Q (Avg,Max,Min) (0.93, 1.13, 0.85) (0.20, 0.07, 0.33) #fs:  24  -- #Conts: 18 G(3)  E(10)  C(5) 
   1076566 130.35 || noQ Q (Avg,Max,Min) (0.93, 1.12, 0.84) (0.21, 0.14, 0.33) #fs:  23  -- #Conts: 17 G(3)  E(10)  C(4) 
   1124259 126.35 || noQ Q (Avg,Max,Min) (0.89, 1.14, 0.80) (0.22, 0.14, 0.35) #fs:  23  -- #Conts: 16 G(3)  E(10)  C(3) 
   1134052 122.35 || noQ Q (Avg,Max,Min) (0.90, 1.13, 0.79) (0.23, 0.14, 0.35) #fs:  24  -- #Conts: 15 G(3)  E(10)  C(2) 
   1137866 118.35 || noQ Q (Avg,Max,Min) (0.90, 1.12, 0.79) (0.24, 0.14, 0.35) #fs:  24  -- #Conts: 14 G(3)  E(10)  C(1) 
   1138909 114.35 || noQ Q (Avg,Max,Min) (0.91, 1.12, 0.79) (0.25, 0.21, 0.36) #fs:  24  -- #Conts: 13 G(3)  E(10) 
   1182972 109.29 || noQ Q (Avg,Max,Min) (0.96, 1.17, 0.93) (0.26, 0.14, 0.38) #fs:  25  -- #Conts: 14 G(2)  E(11)  C(1) 
   1224196 105.29 || noQ Q (Avg,Max,Min) (0.93, 1.26, 0.89) (0.27, 0.25, 0.43) #fs:  24  -- #Conts: 13 G(2)  E(11) 
   1293890 102.59 || noQ Q (Avg,Max,Min) (0.91, 1.24, 0.84) (0.27, 0.14, 0.45) #fs:  23  -- #Conts: 13 G(2)  E(10)  C(1) 
   1327425 098.59 || noQ Q (Avg,Max,Min) (0.89, 1.21, 0.82) (0.29, 0.25, 0.45) #fs:  23  -- #Conts: 12 G(2)  E(10) 
   1534875 096.94 || noQ Q (Avg,Max,Min) (1.00, 1.14, 0.94) (0.29, 0.04, 0.48) #fs:  18  -- #Conts: 17 G(2)  E(2)  C(13) 
   1536651 090.24 || noQ Q (Avg,Max,Min) (0.99, 1.14, 0.94) (0.31, 0.04, 0.48) #fs:  19  -- #Conts: 16 G(2)  E(1)  C(13) 
   1536683 083.53 || noQ Q (Avg,Max,Min) (0.97, 1.14, 0.76) (0.33, 0.20, 0.48) #fs:  20  -- #Conts: 15 G(2)  C(13) 
   1556025 079.53 || noQ Q (Avg,Max,Min) (0.97, 1.17, 0.93) (0.35, 0.21, 0.50) #fs:  19  -- #Conts: 14 G(2)  C(12) 
   1671328 075.53 || noQ Q (Avg,Max,Min) (0.91, 1.16, 0.86) (0.37, 0.21, 0.54) #fs:  19  -- #Conts: 13 G(2)  C(11) 
   1738232 071.53 || noQ Q (Avg,Max,Min) (0.87, 1.16, 0.82) (0.39, 0.36, 0.56) #fs:  19  -- #Conts: 12 G(2)  C(10) 
   1771853 071.47 || noQ Q (Avg,Max,Min) (0.89, 1.15, 0.81) (0.39, 0.29, 0.57) #fs:  27  -- #Conts: 15 G(1)  A(1)  E(1)  C(12) 
   1772995 070.47 || noQ Q (Avg,Max,Min) (0.89, 1.15, 0.80) (0.40, 0.29, 0.57) #fs:  27  -- #Conts: 14 G(1)  E(1)  C(12) 
   1774072 068.76 || noQ Q (Avg,Max,Min) (0.91, 1.15, 0.80) (0.40, 0.29, 0.56) #fs:  27  -- #Conts: 15 G(1)  A(1)  C(13) 
   1776131 067.76 || noQ Q (Avg,Max,Min) (0.92, 1.14, 0.80) (0.41, 0.34, 0.56) #fs:  27  -- #Conts: 14 G(1)  C(13) 
   1779502 064.76 || noQ Q (Avg,Max,Min) (0.96, 1.19, 0.80) (0.42, 0.29, 0.59) #fs:  25  -- #Conts: 14 G(1)  A(1)  C(12) 
   1786472 063.76 || noQ Q (Avg,Max,Min) (0.96, 1.19, 0.80) (0.44, 0.36, 0.59) #fs:  25  -- #Conts: 13 G(1)  C(12) 
   2027616 062.76 || noQ Q (Avg,Max,Min) (0.91, 1.19, 0.84) (0.41, 0.29, 0.67) #fs:  18  -- #Conts: 15 G(1)  A(3)  C(11) 
   2059753 061.76 || noQ Q (Avg,Max,Min) (0.90, 1.17, 0.82) (0.42, 0.29, 0.67) #fs:  19  -- #Conts: 14 G(1)  A(2)  C(11) 
   2067444 060.76 || noQ Q (Avg,Max,Min) (0.90, 1.16, 0.82) (0.44, 0.29, 0.67) #fs:  19  -- #Conts: 13 G(1)  A(1)  C(11) 
   2075450 059.76 || noQ Q (Avg,Max,Min) (0.89, 1.16, 0.81) (0.45, 0.35, 0.67) #fs:  19  -- #Conts: 12 G(1)  C(11) 
   2140005 058.76 || noQ Q (Avg,Max,Min) (0.93, 1.15, 0.81) (0.43, 0.29, 0.69) #fs:  18  -- #Conts: 14 G(1)  A(3)  C(10) 
   2140361 057.76 || noQ Q (Avg,Max,Min) (0.94, 1.16, 0.83) (0.45, 0.29, 0.69) #fs:  18  -- #Conts: 13 G(1)  A(2)  C(10) 
   2149680 056.76 || noQ Q (Avg,Max,Min) (0.94, 1.15, 0.83) (0.47, 0.29, 0.69) #fs:  18  -- #Conts: 12 G(1)  A(1)  C(10) 
   2150516 055.76 || noQ Q (Avg,Max,Min) (0.94, 1.19, 0.83) (0.49, 0.41, 0.71) #fs:  17  -- #Conts: 11 G(1)  C(10) 
   2273241 054.76 || noQ Q (Avg,Max,Min) (0.94, 1.18, 0.80) (0.46, 0.29, 0.75) #fs:  16  -- #Conts: 13 G(1)  A(3)  C(9) 
   2287333 053.76 || noQ Q (Avg,Max,Min) (0.94, 1.17, 0.80) (0.48, 0.29, 0.75) #fs:  17  -- #Conts: 12 G(1)  A(2)  C(9) 
   2287690 052.76 || noQ Q (Avg,Max,Min) (0.95, 1.18, 0.80) (0.50, 0.29, 0.75) #fs:  17  -- #Conts: 11 G(1)  A(1)  C(9) 
   2334112 051.76 || noQ Q (Avg,Max,Min) (0.92, 1.18, 0.78) (0.52, 0.43, 0.77) #fs:  16  -- #Conts: 10 G(1)  C(9) 
   2474740 050.76 || noQ Q (Avg,Max,Min) (0.94, 1.14, 0.86) (0.49, 0.29, 0.78) #fs:  17  -- #Conts: 12 G(1)  A(3)  C(8) 
   2481419 049.76 || noQ Q (Avg,Max,Min) (0.94, 1.14, 0.86) (0.51, 0.29, 0.78) #fs:  17  -- #Conts: 11 G(1)  A(2)  C(8) 
   2494289 048.76 || noQ Q (Avg,Max,Min) (0.94, 1.13, 0.85) (0.54, 0.30, 0.78) #fs:  17  -- #Conts: 10 G(1)  A(1)  C(8) 
   2495159 047.76 || noQ Q (Avg,Max,Min) (0.94, 1.13, 0.85) (0.57, 0.50, 0.78) #fs:  17  -- #Conts: 9 G(1)  C(8) 
   2571826 046.76 || noQ Q (Avg,Max,Min) (0.97, 1.13, 0.83) (0.53, 0.30, 0.81) #fs:  13  -- #Conts: 11 G(1)  A(3)  C(7) 
   2573609 045.76 || noQ Q (Avg,Max,Min) (0.98, 1.12, 0.94) (0.56, 0.30, 0.80) #fs:  14  -- #Conts: 10 G(1)  A(2)  C(7) 
   2632813 044.76 || noQ Q (Avg,Max,Min) (0.96, 1.13, 0.91) (0.59, 0.30, 0.83) #fs:  13  -- #Conts: 9 G(1)  A(1)  C(7) 
   2693219 043.76 || noQ Q (Avg,Max,Min) (0.93, 1.13, 0.89) (0.63, 0.57, 0.84) #fs:  13  -- #Conts: 8 G(1)  C(7) 
   2776056 042.76 || noQ Q (Avg,Max,Min) (0.97, 1.12, 0.86) (0.56, 0.30, 0.86) #fs:  12  -- #Conts: 10 G(1)  A(3)  C(6) 
   2776743 041.76 || noQ Q (Avg,Max,Min) (0.98, 1.12, 0.86) (0.60, 0.30, 0.87) #fs:  12  -- #Conts: 9 G(1)  A(2)  C(6) 
   2784490 040.76 || noQ Q (Avg,Max,Min) (0.99, 1.12, 0.86) (0.65, 0.30, 0.86) #fs:  12  -- #Conts: 8 G(1)  A(1)  C(6) 
   2817819 039.76 || noQ Q (Avg,Max,Min) (0.98, 1.11, 0.95) (0.71, 0.64, 0.87) #fs:  12  -- #Conts: 7 G(1)  C(6) 
   2950805 038.76 || noQ Q (Avg,Max,Min) (0.98, 1.15, 0.90) (0.63, 0.30, 0.94) #fs:   8  -- #Conts: 9 G(1)  A(3)  C(5) 
   2962095 037.76 || noQ Q (Avg,Max,Min) (0.98, 1.14, 0.93) (0.68, 0.30, 0.94) #fs:   9  -- #Conts: 8 G(1)  A(2)  C(5) 
   3010126 036.76 || noQ Q (Avg,Max,Min) (0.98, 1.12, 0.91) (0.74, 0.59, 0.94) #fs:   9  -- #Conts: 7 G(1)  A(1)  C(5) 
   3018501 035.76 || noQ Q (Avg,Max,Min) (0.99, 1.15, 0.91) (0.78, 0.71, 0.96) #fs:   9  -- #Conts: 6 G(1)  C(5) 
   3535059 034.71 || noQ Q (Avg,Max,Min) (0.96, 1.08, 0.91) (0.75, 0.59, 1.06) #fs:   8  -- #Conts: 11 A(4)  E(1)  C(6) 
   3785515 033.71 || noQ Q (Avg,Max,Min) (0.92, 1.10, 0.65) (0.78, 0.59, 1.10) #fs:   9  -- #Conts: 10 A(3)  E(1)  C(6) 
   4740936 032.71 || noQ Q (Avg,Max,Min) (0.94, 1.10, 0.70) (0.83, 0.44, 1.07) #fs:   9  -- #Conts: 8 A(1)  E(1)  C(6) 
   4819071 030.76 || noQ Q (Avg,Max,Min) (0.96, 1.13, 0.68) (0.82, 0.44, 1.13) #fs:   7  -- #Conts: 6 G(1)  A(2)  C(3) 
/////////////////size: 177
nodes 100 edges 234
 mulT: 100 mulD: 100  sumData GB 184
pareto /MONTAGE.n.100.0.dax time -> 220685.0
moheft /MONTAGE.n.100.0.dax time -> 21883.0
distance from M to C 5.526924069749945
distance from P to C 0.3523884958831654
distance from C to M 2.5791646903073033
distance from C to P 3.912415527170729
toCompare: /MONTAGE.n.100.0.dax sumDataGB: 184 mulT: 100 mulD: 100 paretoOptTime_MS: 220685.0 MoheftOptimizationTime_MS: 21883.0 MtoC 5.526924069749945 PtoC 0.3523884958831654 CtoM 2.5791646903073033 CtoP 3.912415527170729
