specify -Dflow d,b,mt,md,size
Running /home/vaggelis/jc/LIGO.n.100.0.dax mt 50 md: 500 size null
   2175717 677.88 || noQ Q (Avg,Max,Min) (0.87, 1.00, 0.67) (0.45, 0.31, 0.59) #fs:  31  -- #Conts: 25 H(18)  G(7) 
   2209253 662.12 || noQ Q (Avg,Max,Min) (0.88, 1.00, 0.66) (0.46, 0.31, 0.61) #fs:  31  -- #Conts: 25 H(17)  G(8) 
   2247009 646.35 || noQ Q (Avg,Max,Min) (0.89, 1.00, 0.65) (0.47, 0.31, 0.62) #fs:  31  -- #Conts: 25 H(16)  G(9) 
   2282549 630.59 || noQ Q (Avg,Max,Min) (0.89, 1.00, 0.64) (0.48, 0.31, 0.63) #fs:  31  -- #Conts: 25 H(15)  G(10) 
   2491275 614.82 || noQ Q (Avg,Max,Min) (0.89, 1.00, 0.59) (0.49, 0.31, 0.69) #fs:  30  -- #Conts: 25 H(14)  G(11) 
   2555968 599.06 || noQ Q (Avg,Max,Min) (0.87, 1.00, 0.57) (0.51, 0.37, 0.71) #fs:  30  -- #Conts: 23 H(15)  G(8) 
   2559156 583.29 || noQ Q (Avg,Max,Min) (0.88, 1.00, 0.57) (0.52, 0.40, 0.71) #fs:  30  -- #Conts: 23 H(14)  G(9) 
   2573984 567.53 || noQ Q (Avg,Max,Min) (0.88, 1.00, 0.57) (0.53, 0.41, 0.71) #fs:  29  -- #Conts: 23 H(13)  G(10) 
   2643668 551.76 || noQ Q (Avg,Max,Min) (0.88, 1.00, 0.55) (0.54, 0.41, 0.73) #fs:  28  -- #Conts: 23 H(12)  G(11) 
   2722482 536.00 || noQ Q (Avg,Max,Min) (0.87, 1.00, 0.54) (0.56, 0.41, 0.75) #fs:  28  -- #Conts: 23 H(11)  G(12) 
   2846298 520.24 || noQ Q (Avg,Max,Min) (0.85, 1.00, 0.51) (0.57, 0.41, 0.79) #fs:  28  -- #Conts: 23 H(10)  G(13) 
   3192984 504.47 || noQ Q (Avg,Max,Min) (0.86, 1.01, 0.60) (0.61, 0.35, 0.82) #fs:  19  -- #Conts: 16 H(16) 
   3199395 488.71 || noQ Q (Avg,Max,Min) (0.87, 1.01, 0.60) (0.63, 0.52, 0.82) #fs:  19  -- #Conts: 16 H(15)  G(1) 
   3491158 472.94 || noQ Q (Avg,Max,Min) (0.85, 1.00, 0.63) (0.65, 0.32, 0.93) #fs:  17  -- #Conts: 15 H(15) 
   3575953 441.41 || noQ Q (Avg,Max,Min) (0.85, 1.00, 0.63) (0.70, 0.32, 0.92) #fs:  17  -- #Conts: 14 H(14) 
   3602140 425.65 || noQ Q (Avg,Max,Min) (0.87, 1.00, 0.74) (0.72, 0.55, 0.92) #fs:  16  -- #Conts: 14 H(13)  G(1) 
   3689071 409.88 || noQ Q (Avg,Max,Min) (0.85, 1.00, 0.63) (0.76, 0.61, 0.95) #fs:  17  -- #Conts: 13 H(13) 
   5559353 394.12 || noQ Q (Avg,Max,Min) (0.84, 1.00, 0.54) (0.68, 0.44, 1.00) #fs:  20  -- #Conts: 18 G(18) 
   5794327 373.65 || noQ Q (Avg,Max,Min) (0.89, 1.00, 0.59) (0.70, 0.44, 0.96) #fs:  18  -- #Conts: 18 G(16)  E(2) 
   5803606 371.29 || noQ Q (Avg,Max,Min) (0.90, 1.00, 0.60) (0.71, 0.47, 0.96) #fs:  20  -- #Conts: 18 G(15)  E(3) 
   5864294 368.94 || noQ Q (Avg,Max,Min) (0.92, 1.00, 0.72) (0.71, 0.50, 0.96) #fs:  21  -- #Conts: 18 G(14)  E(4) 
   6841186 362.59 || noQ Q (Avg,Max,Min) (0.84, 1.00, 0.59) (0.72, 0.44, 0.95) #fs:  19  -- #Conts: 18 G(18) 
   6937137 360.24 || noQ Q (Avg,Max,Min) (0.86, 1.00, 0.59) (0.72, 0.44, 0.95) #fs:  20  -- #Conts: 18 G(17)  E(1) 
   7729783 339.76 || noQ Q (Avg,Max,Min) (0.90, 1.00, 0.59) (0.75, 0.44, 0.99) #fs:  18  -- #Conts: 18 G(15)  E(3) 
   7739062 337.41 || noQ Q (Avg,Max,Min) (0.92, 1.00, 0.72) (0.76, 0.50, 0.99) #fs:  20  -- #Conts: 18 G(14)  E(4) 
   9476991 328.71 || noQ Q (Avg,Max,Min) (0.86, 1.00, 0.59) (0.77, 0.44, 1.00) #fs:  19  -- #Conts: 18 G(17)  E(1) 
  13648114 328.59 || noQ Q (Avg,Max,Min) (0.91, 1.00, 0.65) (0.78, 0.59, 1.00) #fs:  17  -- #Conts: 28 E(28) 
  13846618 321.88 || noQ Q (Avg,Max,Min) (0.92, 1.00, 0.65) (0.79, 0.59, 1.00) #fs:  17  -- #Conts: 28 E(28) 
  16908676 320.00 || noQ Q (Avg,Max,Min) (0.95, 1.00, 0.71) (0.83, 0.67, 0.99) #fs:  14  -- #Conts: 33 C(33) 
  18713135 316.00 || noQ Q (Avg,Max,Min) (0.95, 1.00, 0.71) (0.84, 0.67, 0.99) #fs:  14  -- #Conts: 32 C(32) 
  19362235 312.00 || noQ Q (Avg,Max,Min) (0.95, 1.00, 0.81) (0.85, 0.71, 0.99) #fs:  13  -- #Conts: 31 C(31) 
  19495795 308.00 || noQ Q (Avg,Max,Min) (0.95, 1.00, 0.76) (0.86, 0.72, 0.99) #fs:  14  -- #Conts: 30 C(30) 
  19896241 304.00 || noQ Q (Avg,Max,Min) (0.95, 1.00, 0.82) (0.87, 0.74, 0.99) #fs:  14  -- #Conts: 29 C(29) 
  24083978 300.00 || noQ Q (Avg,Max,Min) (0.97, 1.00, 0.71) (0.87, 0.71, 0.99) #fs:   9  -- #Conts: 26 C(26) 
  25834232 296.00 || noQ Q (Avg,Max,Min) (0.97, 1.00, 0.76) (0.88, 0.71, 0.99) #fs:   9  -- #Conts: 24 C(24) 
  26109486 292.00 || noQ Q (Avg,Max,Min) (0.98, 1.00, 0.77) (0.88, 0.71, 0.99) #fs:   9  -- #Conts: 24 C(24) 
  27972077 288.00 || noQ Q (Avg,Max,Min) (0.98, 1.00, 0.77) (0.89, 0.75, 0.99) #fs:   8  -- #Conts: 24 C(24) 
  28302459 284.00 || noQ Q (Avg,Max,Min) (0.98, 1.00, 0.77) (0.90, 0.75, 0.99) #fs:   7  -- #Conts: 23 C(23) 
/////////////////size: 38
   5801257 472.59 || noQ Q (Avg,Max,Min) (0.96, 1.02, 0.75) (0.59, 0.35, 1.00) #fs:  17  -- #Conts: 23 H(8)  A(2)  G(11)  E(2) 
   5801416 441.06 || noQ Q (Avg,Max,Min) (0.96, 1.02, 0.75) (0.61, 0.35, 1.00) #fs:  17  -- #Conts: 23 H(8)  A(2)  G(11)  E(2) 
   6045828 434.35 || noQ Q (Avg,Max,Min) (0.96, 1.02, 0.75) (0.62, 0.36, 1.00) #fs:  18  -- #Conts: 22 H(8)  A(2)  G(11)  E(1) 
   6064800 427.65 || noQ Q (Avg,Max,Min) (0.95, 1.02, 0.75) (0.64, 0.41, 1.00) #fs:  18  -- #Conts: 21 H(8)  A(2)  G(11) 
   6328844 418.59 || noQ Q (Avg,Max,Min) (0.96, 1.02, 0.78) (0.65, 0.35, 1.00) #fs:  17  -- #Conts: 21 H(8)  A(2)  G(10)  E(1) 
   6335473 411.88 || noQ Q (Avg,Max,Min) (0.96, 1.02, 0.78) (0.66, 0.36, 1.00) #fs:  17  -- #Conts: 20 H(8)  A(2)  G(10) 
   6532614 396.12 || noQ Q (Avg,Max,Min) (0.96, 1.02, 0.78) (0.70, 0.41, 1.00) #fs:  16  -- #Conts: 19 H(8)  A(2)  G(9) 
   6750879 387.06 || noQ Q (Avg,Max,Min) (0.96, 1.02, 0.78) (0.72, 0.42, 1.00) #fs:  16  -- #Conts: 19 H(8)  A(2)  G(8)  E(1) 
   6756486 380.35 || noQ Q (Avg,Max,Min) (0.96, 1.02, 0.78) (0.73, 0.44, 1.00) #fs:  16  -- #Conts: 18 H(8)  A(2)  G(8) 
   6823027 371.29 || noQ Q (Avg,Max,Min) (0.95, 1.02, 0.79) (0.75, 0.44, 1.00) #fs:  17  -- #Conts: 18 H(8)  A(2)  G(7)  E(1) 
   6830637 364.59 || noQ Q (Avg,Max,Min) (0.95, 1.02, 0.79) (0.77, 0.44, 1.00) #fs:  17  -- #Conts: 17 H(8)  A(2)  G(7) 
   6902212 352.82 || noQ Q (Avg,Max,Min) (0.95, 1.02, 0.76) (0.81, 0.64, 1.00) #fs:  17  -- #Conts: 17 H(8)  A(2)  G(6)  C(1) 
   7034410 348.82 || noQ Q (Avg,Max,Min) (0.95, 1.02, 0.76) (0.83, 0.68, 1.00) #fs:  17  -- #Conts: 16 H(8)  A(2)  G(6) 
   7438917 348.71 || noQ Q (Avg,Max,Min) (0.97, 1.02, 0.82) (0.79, 0.51, 1.01) #fs:  15  -- #Conts: 24 H(7)  A(2)  G(4)  E(7)  C(4) 
   7465079 346.00 || noQ Q (Avg,Max,Min) (0.97, 1.02, 0.82) (0.81, 0.61, 1.01) #fs:  17  -- #Conts: 24 H(7)  A(2)  G(4)  E(6)  C(5) 
   7665389 343.65 || noQ Q (Avg,Max,Min) (0.97, 1.02, 0.82) (0.82, 0.61, 1.01) #fs:  16  -- #Conts: 25 H(7)  A(2)  G(3)  E(8)  C(5) 
   7783902 318.59 || noQ Q (Avg,Max,Min) (0.99, 1.02, 0.93) (0.81, 0.43, 1.02) #fs:  11  -- #Conts: 23 H(5)  A(2)  G(6)  E(9)  C(1) 
   7985041 316.24 || noQ Q (Avg,Max,Min) (0.99, 1.02, 0.93) (0.82, 0.43, 1.02) #fs:  11  -- #Conts: 24 H(5)  A(2)  G(5)  E(11)  C(1) 
   8178127 313.53 || noQ Q (Avg,Max,Min) (0.98, 1.02, 0.60) (0.83, 0.45, 1.02) #fs:  12  -- #Conts: 24 H(5)  A(2)  G(5)  E(10)  C(2) 
   8266940 310.82 || noQ Q (Avg,Max,Min) (0.99, 1.02, 0.93) (0.85, 0.50, 1.02) #fs:  11  -- #Conts: 24 H(5)  A(2)  G(5)  E(9)  C(3) 
   8632144 309.53 || noQ Q (Avg,Max,Min) (0.99, 1.02, 0.93) (0.86, 0.50, 1.02) #fs:  11  -- #Conts: 23 H(5)  A(2)  G(5)  E(10)  C(1) 
  10503267 308.12 || noQ Q (Avg,Max,Min) (0.99, 1.02, 0.89) (0.85, 0.50, 1.02) #fs:   4  -- #Conts: 26 H(3)  A(2)  G(4)  E(14)  C(3) 
  11177035 304.12 || noQ Q (Avg,Max,Min) (0.99, 1.02, 0.89) (0.87, 0.56, 1.02) #fs:   4  -- #Conts: 25 H(3)  A(2)  G(4)  E(14)  C(2) 
  11553846 300.12 || noQ Q (Avg,Max,Min) (0.99, 1.02, 0.89) (0.88, 0.61, 1.02) #fs:   4  -- #Conts: 24 H(3)  A(2)  G(4)  E(14)  C(1) 
  11830550 297.41 || noQ Q (Avg,Max,Min) (0.99, 1.02, 0.89) (0.89, 0.73, 1.02) #fs:   4  -- #Conts: 24 H(3)  A(2)  G(4)  E(13)  C(2) 
  12245932 294.71 || noQ Q (Avg,Max,Min) (0.99, 1.02, 0.89) (0.90, 0.74, 1.02) #fs:   4  -- #Conts: 24 H(3)  A(2)  G(4)  E(12)  C(3) 
  13153831 293.41 || noQ Q (Avg,Max,Min) (0.99, 1.02, 0.82) (0.90, 0.73, 1.02) #fs:   5  -- #Conts: 23 H(3)  A(2)  G(4)  E(13)  C(1) 
  16591688 289.65 || noQ Q (Avg,Max,Min) (1.00, 1.02, 0.95) (0.93, 0.61, 1.02) #fs:   4  -- #Conts: 16 H(3)  A(2)  G(3)  E(6)  C(2) 
  16743382 286.94 || noQ Q (Avg,Max,Min) (0.99, 1.02, 0.95) (0.95, 0.75, 1.02) #fs:   6  -- #Conts: 15 H(3)  A(2)  G(3)  E(5)  C(2) 
  18268189 283.94 || noQ Q (Avg,Max,Min) (1.00, 1.02, 0.94) (0.91, 0.08, 1.02) #fs:   5  -- #Conts: 16 H(3)  A(3)  G(3)  E(5)  C(2) 
  44657277 271.76 || noQ Q (Avg,Max,Min) (1.00, 1.01, 0.98) (0.94, 0.80, 1.00) #fs:   7  -- #Conts: 15 E(7)  C(8) 
  45711584 267.76 || noQ Q (Avg,Max,Min) (1.00, 1.01, 0.98) (0.94, 0.80, 1.00) #fs:   6  -- #Conts: 15 E(7)  C(8) 
/////////////////size: 32
nodes 100 edges 123
 mulT: 50 mulD: 500  sumData GB 1428
pareto /LIGO.n.100.0.dax time -> 5019.0
moheft /LIGO.n.100.0.dax time -> 999.0
distance from M to C 2.053795178683577
distance from P to C 7.394537174875009
distance from C to M 8.386505403748066
distance from C to P 9.337341844862832
toCompare: /LIGO.n.100.0.dax sumDataGB: 1428 mulT: 50 mulD: 500 paretoOptTime_MS: 5019.0 MoheftOptimizationTime_MS: 999.0 MtoC 2.053795178683577 PtoC 7.394537174875009 CtoM 8.386505403748066 CtoP 9.337341844862832
