specify -Dflow d,b,mt,md,size
Running /home/vaggelis/jc/SIPHT.n.100.0.dax mt 30 md: 20000 size null
   7672854 346.82 || noQ Q (Avg,Max,Min) (1.57, 3.14, 0.66) (1.19, 0.50, 2.17) #fs:   4  -- #Conts: 6 H(6) 
   7843643 283.76 || noQ Q (Avg,Max,Min) (1.75, 3.03, 0.66) (1.36, 0.50, 2.20) #fs:   3  -- #Conts: 6 H(6) 
   8122775 252.24 || noQ Q (Avg,Max,Min) (1.93, 3.59, 1.25) (1.60, 0.97, 3.03) #fs:   2  -- #Conts: 6 H(6) 
  20455497 199.82 || noQ Q (Avg,Max,Min) (1.62, 3.00, 1.01) (1.40, 0.37, 2.79) #fs:   5  -- #Conts: 8 G(5)  A(1)  E(1)  C(1) 
  20512781 198.82 || noQ Q (Avg,Max,Min) (1.66, 3.01, 1.01) (1.56, 0.75, 2.85) #fs:   5  -- #Conts: 7 G(5)  E(1)  C(1) 
  20776793 189.18 || noQ Q (Avg,Max,Min) (2.31, 3.41, 0.94) (2.09, 0.80, 3.02) #fs:   4  -- #Conts: 7 H(1)  G(6) 
  21052287 187.76 || noQ Q (Avg,Max,Min) (1.11, 1.21, 0.91) (1.03, 0.81, 1.17) #fs:   7  -- #Conts: 7 E(7) 
  21300063 173.41 || noQ Q (Avg,Max,Min) (2.29, 3.32, 0.94) (2.14, 0.80, 3.12) #fs:   3  -- #Conts: 7 G(7) 
  22944666 167.65 || noQ Q (Avg,Max,Min) (1.19, 2.05, 0.99) (1.07, 0.75, 1.98) #fs:   3  -- #Conts: 8 E(8) 
  26727283 160.94 || noQ Q (Avg,Max,Min) (1.21, 1.80, 0.99) (1.14, 0.98, 1.66) #fs:   3  -- #Conts: 6 E(6) 
  33617222 154.24 || noQ Q (Avg,Max,Min) (1.38, 1.95, 0.98) (1.29, 0.81, 1.91) #fs:   1  -- #Conts: 6 E(6) 
  34254544 154.12 || noQ Q (Avg,Max,Min) (1.38, 1.95, 1.01) (1.29, 0.81, 1.91) #fs:   0  -- #Conts: 6 E(5)  C(1) 
  53862449 152.12 || noQ Q (Avg,Max,Min) (1.62, 3.77, 0.69) (1.45, 0.58, 2.98) #fs:   2  -- #Conts: 6 E(1)  C(5) 
  54686831 144.00 || noQ Q (Avg,Max,Min) (1.67, 3.77, 1.04) (1.51, 0.95, 2.98) #fs:   1  -- #Conts: 6 C(6) 
/////////////////size: 14
   7564028 315.29 || noQ Q (Avg,Max,Min) (1.69, 2.23, 1.04) (1.19, 0.37, 1.79) #fs:   5  -- #Conts: 6 H(4)  G(2) 
   7988393 268.00 || noQ Q (Avg,Max,Min) (1.80, 2.35, 1.04) (1.37, 0.37, 2.11) #fs:   4  -- #Conts: 6 H(4)  G(2) 
   8515415 252.24 || noQ Q (Avg,Max,Min) (1.89, 2.35, 1.33) (1.48, 0.97, 2.11) #fs:   3  -- #Conts: 5 H(3)  G(2) 
   8883183 236.47 || noQ Q (Avg,Max,Min) (1.67, 2.35, 0.95) (1.36, 0.63, 2.11) #fs:   5  -- #Conts: 8 H(3)  G(5) 
  11048222 234.12 || noQ Q (Avg,Max,Min) (1.69, 2.35, 1.01) (1.36, 0.63, 2.11) #fs:   4  -- #Conts: 8 H(3)  G(4)  E(1) 
  11350810 231.76 || noQ Q (Avg,Max,Min) (1.68, 2.35, 1.01) (1.36, 0.75, 2.11) #fs:   4  -- #Conts: 8 H(3)  G(3)  E(2) 
  11946004 229.41 || noQ Q (Avg,Max,Min) (1.67, 2.35, 1.01) (1.37, 0.71, 2.11) #fs:   5  -- #Conts: 8 H(3)  G(2)  E(3) 
  15016467 226.59 || noQ Q (Avg,Max,Min) (1.67, 2.35, 1.01) (1.39, 0.82, 2.11) #fs:   4  -- #Conts: 8 H(3)  G(2)  E(1)  C(2) 
  16172965 223.71 || noQ Q (Avg,Max,Min) (2.42, 6.88, 1.01) (1.31, 0.11, 2.11) #fs:   4  -- #Conts: 8 H(3)  G(2)  A(1)  E(2) 
  17024055 222.29 || noQ Q (Avg,Max,Min) (2.42, 6.88, 1.04) (1.32, 0.11, 2.11) #fs:   4  -- #Conts: 8 H(3)  G(2)  A(1)  E(1)  C(1) 
  18779262 219.88 || noQ Q (Avg,Max,Min) (2.35, 6.69, 1.01) (1.60, 0.52, 3.04) #fs:   2  -- #Conts: 9 H(4)  G(2)  E(1)  C(2) 
  20046632 207.88 || noQ Q (Avg,Max,Min) (2.05, 3.24, 1.01) (1.74, 0.87, 3.04) #fs:   3  -- #Conts: 8 H(4)  G(2)  E(1)  C(1) 
  20423231 202.35 || noQ Q (Avg,Max,Min) (1.99, 4.72, 1.01) (1.51, 0.37, 2.94) #fs:   3  -- #Conts: 9 H(3)  G(2)  E(2)  C(2) 
  21277044 170.82 || noQ Q (Avg,Max,Min) (1.92, 3.22, 1.01) (1.73, 0.87, 3.00) #fs:   1  -- #Conts: 8 H(2)  G(2)  E(2)  C(2) 
  22530131 168.00 || noQ Q (Avg,Max,Min) (1.76, 3.22, 1.02) (1.61, 0.69, 3.00) #fs:   3  -- #Conts: 7 G(3)  E(4) 
  23610458 165.65 || noQ Q (Avg,Max,Min) (1.70, 3.33, 1.01) (1.50, 0.73, 2.94) #fs:   2  -- #Conts: 8 G(2)  E(6) 
  24129362 164.24 || noQ Q (Avg,Max,Min) (1.69, 3.22, 1.01) (1.51, 0.73, 2.94) #fs:   2  -- #Conts: 8 G(2)  E(5)  C(1) 
  25244970 158.59 || noQ Q (Avg,Max,Min) (2.09, 4.54, 1.02) (1.76, 0.73, 2.96) #fs:   0  -- #Conts: 9 G(3)  E(5)  C(1) 
  26464481 156.18 || noQ Q (Avg,Max,Min) (2.28, 6.88, 1.01) (1.35, 0.11, 2.94) #fs:   1  -- #Conts: 8 G(1)  A(1)  E(5)  C(1) 
  27783651 153.53 || noQ Q (Avg,Max,Min) (2.10, 3.25, 1.08) (1.96, 1.03, 3.18) #fs:   1  -- #Conts: 8 G(2)  E(4)  C(2) 
  27930259 150.53 || noQ Q (Avg,Max,Min) (2.50, 6.88, 1.08) (1.63, 0.11, 3.41) #fs:   0  -- #Conts: 9 G(2)  A(1)  E(5)  C(1) 
  33623067 148.35 || noQ Q (Avg,Max,Min) (1.74, 3.22, 1.08) (1.62, 1.03, 2.94) #fs:   0  -- #Conts: 7 G(1)  E(4)  C(2) 
  33641951 147.18 || noQ Q (Avg,Max,Min) (1.65, 3.00, 1.01) (1.52, 0.71, 2.83) #fs:   1  -- #Conts: 6 G(1)  E(4)  C(1) 
  34039220 145.76 || noQ Q (Avg,Max,Min) (1.65, 3.00, 1.01) (1.54, 0.84, 2.83) #fs:   1  -- #Conts: 6 G(1)  E(3)  C(2) 
  35284182 145.47 || noQ Q (Avg,Max,Min) (2.72, 7.92, 1.08) (1.76, 0.22, 3.17) #fs:   0  -- #Conts: 9 G(1)  A(1)  E(5)  C(2) 
  36666530 143.41 || noQ Q (Avg,Max,Min) (1.63, 3.00, 1.01) (1.54, 0.81, 2.83) #fs:   1  -- #Conts: 6 E(4)  C(2) 
  40586906 142.00 || noQ Q (Avg,Max,Min) (1.46, 1.95, 1.05) (1.39, 0.88, 1.91) #fs:   1  -- #Conts: 5 E(3)  C(2) 
  41791273 139.12 || noQ Q (Avg,Max,Min) (2.62, 6.88, 1.08) (1.45, 0.11, 2.83) #fs:   1  -- #Conts: 6 A(1)  E(4)  C(1) 
  46302944 136.59 || noQ Q (Avg,Max,Min) (1.53, 1.95, 1.07) (1.52, 1.07, 1.95) #fs:   0  -- #Conts: 4 E(2)  C(2) 
/////////////////size: 29
nodes 97 edges 109
 mulT: 30 mulD: 20000  sumData GB 44150
pareto /SIPHT.n.100.0.dax time -> 10046.0
moheft /SIPHT.n.100.0.dax time -> 883.0
distance from M to C 9.800589458760002E-16
distance from P to C 3.364693254230738
distance from C to M 0.7443137220303171
distance from C to P 4.147841587569222
toCompare: /SIPHT.n.100.0.dax sumDataGB: 44150 mulT: 30 mulD: 20000 paretoOptTime_MS: 10046.0 MoheftOptimizationTime_MS: 883.0 MtoC 9.800589458760002E-16 PtoC 3.364693254230738 CtoM 0.7443137220303171 CtoP 4.147841587569222
