specify -Dflow d,b,mt,md,size
Running /home/vaggelis/jc/CYBERSHAKE.n.100.0.dax mt 30 md: 500 size null
   1160644 064.06 || noQ Q (Avg,Max,Min) (2.56, 3.49, 1.00) (0.72, 0.01, 1.12) #fs:   2  -- #Conts: 3 H(2)  A(1) 
   1161999 063.06 || noQ Q (Avg,Max,Min) (3.34, 3.48, 3.19) (1.08, 1.03, 1.12) #fs:   2  -- #Conts: 2 H(2) 
   1890771 048.29 || noQ Q (Avg,Max,Min) (1.84, 2.56, 1.00) (0.79, 0.01, 1.34) #fs:   1  -- #Conts: 3 H(1)  A(1)  G(1) 
   1894541 047.29 || noQ Q (Avg,Max,Min) (2.87, 3.19, 2.55) (1.19, 1.03, 1.34) #fs:   0  -- #Conts: 2 H(1)  G(1) 
   1991301 031.53 || noQ Q (Avg,Max,Min) (2.35, 2.43, 2.28) (1.30, 1.26, 1.34) #fs:   2  -- #Conts: 2 G(2) 
   4272753 029.18 || noQ Q (Avg,Max,Min) (1.98, 2.28, 1.69) (1.13, 1.00, 1.26) #fs:   0  -- #Conts: 2 G(1)  E(1) 
   4490703 026.82 || noQ Q (Avg,Max,Min) (1.59, 1.61, 1.57) (0.99, 0.98, 1.00) #fs:   2  -- #Conts: 2 E(2) 
   7383033 025.41 || noQ Q (Avg,Max,Min) (1.48, 1.57, 1.40) (0.97, 0.96, 0.98) #fs:   0  -- #Conts: 2 E(1)  C(1) 
   7759500 024.00 || noQ Q (Avg,Max,Min) (1.33, 1.33, 1.33) (0.95, 0.95, 0.96) #fs:   2  -- #Conts: 2 C(2) 
  14320379 023.00 || noQ Q (Avg,Max,Min) (2.56, 3.56, 1.19) (2.27, 1.13, 3.40) #fs:  10  -- #Conts: 14 A(14) 
  14708650 022.00 || noQ Q (Avg,Max,Min) (2.65, 3.45, 1.19) (2.45, 1.13, 3.45) #fs:  10  -- #Conts: 12 A(12) 
  16461295 021.00 || noQ Q (Avg,Max,Min) (2.74, 3.46, 1.16) (2.61, 1.13, 3.45) #fs:   9  -- #Conts: 11 A(11) 
/////////////////size: 12
   2215846 058.29 || noQ Q (Avg,Max,Min) (0.83, 3.47, 0.14) (0.25, 0.00, 2.14) #fs:  11  -- #Conts: 10 H(1)  A(7)  G(1)  C(1) 
   2216131 055.29 || noQ Q (Avg,Max,Min) (0.90, 3.47, 0.14) (0.25, 0.00, 2.14) #fs:  11  -- #Conts: 10 H(1)  A(8)  G(1) 
   2216495 042.53 || noQ Q (Avg,Max,Min) (0.80, 3.47, 0.14) (0.28, 0.01, 2.14) #fs:  11  -- #Conts: 9 H(1)  A(7)  C(1) 
   2216780 039.53 || noQ Q (Avg,Max,Min) (0.88, 3.47, 0.14) (0.28, 0.01, 2.14) #fs:  11  -- #Conts: 9 H(1)  A(8) 
   2225110 038.53 || noQ Q (Avg,Max,Min) (0.88, 3.46, 0.14) (0.31, 0.01, 2.14) #fs:   8  -- #Conts: 8 H(1)  A(7) 
   2225658 037.53 || noQ Q (Avg,Max,Min) (0.86, 3.46, 0.14) (0.35, 0.02, 2.14) #fs:   9  -- #Conts: 7 H(1)  A(6) 
   2227685 036.53 || noQ Q (Avg,Max,Min) (0.84, 3.46, 0.14) (0.41, 0.05, 2.14) #fs:   8  -- #Conts: 6 H(1)  A(5) 
   2232518 035.53 || noQ Q (Avg,Max,Min) (0.91, 3.45, 0.14) (0.48, 0.06, 2.14) #fs:   7  -- #Conts: 5 H(1)  A(4) 
   2239033 034.53 || noQ Q (Avg,Max,Min) (1.10, 3.45, 0.30) (0.59, 0.06, 2.14) #fs:   6  -- #Conts: 4 H(1)  A(3) 
   2246136 033.53 || noQ Q (Avg,Max,Min) (1.35, 3.44, 0.30) (0.77, 0.06, 2.15) #fs:   5  -- #Conts: 3 H(1)  A(2) 
   2258172 032.53 || noQ Q (Avg,Max,Min) (1.87, 3.43, 0.30) (1.10, 0.06, 2.15) #fs:   2  -- #Conts: 2 H(1)  A(1) 
   2265384 031.53 || noQ Q (Avg,Max,Min) (3.42, 3.42, 3.42) (2.15, 2.15, 2.15) #fs:   0  -- #Conts: 1 H(1) 
   6254183 028.47 || noQ Q (Avg,Max,Min) (3.96, 14.87, 0.10) (1.07, 0.02, 3.03) #fs:   6  -- #Conts: 7 G(1)  A(5)  E(1) 
   6257237 026.47 || noQ Q (Avg,Max,Min) (4.59, 14.81, 0.17) (1.26, 0.02, 3.03) #fs:   3  -- #Conts: 6 G(1)  A(4)  E(1) 
   6314820 025.47 || noQ Q (Avg,Max,Min) (5.17, 13.81, 1.00) (1.49, 0.04, 3.05) #fs:   1  -- #Conts: 5 G(1)  A(3)  E(1) 
   6323946 023.76 || noQ Q (Avg,Max,Min) (4.19, 13.90, 0.11) (1.27, 0.05, 3.10) #fs:   5  -- #Conts: 6 G(1)  A(4)  C(1) 
   6348337 022.76 || noQ Q (Avg,Max,Min) (4.88, 13.52, 0.14) (1.52, 0.12, 3.11) #fs:   4  -- #Conts: 5 G(1)  A(3)  C(1) 
   6411421 021.76 || noQ Q (Avg,Max,Min) (5.74, 12.64, 2.52) (1.89, 0.95, 3.13) #fs:   0  -- #Conts: 4 G(1)  A(2)  C(1) 
   6578579 020.76 || noQ Q (Avg,Max,Min) (6.38, 13.20, 2.52) (2.46, 0.99, 3.88) #fs:   1  -- #Conts: 3 G(1)  A(1)  C(1) 
   6806892 019.76 || noQ Q (Avg,Max,Min) (7.77, 13.01, 2.52) (3.59, 2.52, 4.65) #fs:   0  -- #Conts: 2 G(1)  C(1) 
   7162239 018.76 || noQ Q (Avg,Max,Min) (3.78, 4.34, 2.52) (2.06, 1.86, 2.52) #fs:   0  -- #Conts: 4 G(1)  A(3) 
   7977038 017.76 || noQ Q (Avg,Max,Min) (3.64, 4.29, 2.52) (2.74, 2.52, 2.90) #fs:   0  -- #Conts: 3 G(1)  A(2) 
   9628464 017.41 || noQ Q (Avg,Max,Min) (3.13, 4.71, 1.09) (3.08, 1.07, 4.62) #fs:   3  -- #Conts: 5 A(4)  E(1) 
/////////////////size: 23
nodes 100 edges 192
 mulT: 30 mulD: 500  sumData GB 48799
pareto /CYBERSHAKE.n.100.0.dax time -> 2422.0
moheft /CYBERSHAKE.n.100.0.dax time -> 533.0
distance from M to C 1.0496472653421385
distance from P to C 3.9999182993824007
distance from C to M 0.9619756062973878
distance from C to P 1.7697071347224964
toCompare: /CYBERSHAKE.n.100.0.dax sumDataGB: 48799 mulT: 30 mulD: 500 paretoOptTime_MS: 2422.0 MoheftOptimizationTime_MS: 533.0 MtoC 1.0496472653421385 PtoC 3.9999182993824007 CtoM 0.9619756062973878 CtoP 1.7697071347224964
