specify -Dflow d,b,mt,md,size
Running /home/vaggelis/jc/MONTAGE.n.50.0.dax mt 50 md: 5000 size null
    864352 031.53 || noQ Q (Avg,Max,Min) (16.10, 16.10, 10.00) (3.87, 3.87, 3.87) #fs:   0  -- #Conts: 1 H(1) 
   1481339 015.76 || noQ Q (Avg,Max,Min) (9.81, 9.81, 9.81) (4.04, 4.04, 4.04) #fs:   0  -- #Conts: 1 G(1) 
   3340866 006.71 || noQ Q (Avg,Max,Min) (4.91, 4.91, 4.91) (4.55, 4.55, 4.55) #fs:   0  -- #Conts: 1 E(1) 
/////////////////size: 3
   1357678 076.47 || noQ Q (Avg,Max,Min) (11.38, 22.65, 5.97) (0.90, 0.12, 2.22) #fs:   3  -- #Conts: 5 H(1)  G(2)  E(2) 
   1375514 044.94 || noQ Q (Avg,Max,Min) (9.68, 14.37, 6.93) (1.13, 0.12, 4.00) #fs:   1  -- #Conts: 4 G(2)  E(2) 
   1382305 038.24 || noQ Q (Avg,Max,Min) (10.58, 14.38, 6.97) (1.50, 0.24, 4.00) #fs:   1  -- #Conts: 3 G(2)  E(1) 
   1402333 026.47 || noQ Q (Avg,Max,Min) (7.23, 10.29, 4.43) (1.47, 0.15, 4.01) #fs:   0  -- #Conts: 3 G(1)  E(1)  C(1) 
   1428960 023.76 || noQ Q (Avg,Max,Min) (6.32, 10.12, 4.41) (1.44, 0.15, 4.02) #fs:   0  -- #Conts: 3 G(1)  C(2) 
   1432682 022.47 || noQ Q (Avg,Max,Min) (8.53, 10.10, 6.97) (2.14, 0.26, 4.02) #fs:   0  -- #Conts: 2 G(1)  E(1) 
   1459172 019.76 || noQ Q (Avg,Max,Min) (7.17, 9.94, 4.41) (2.09, 0.15, 4.03) #fs:   0  -- #Conts: 2 G(1)  C(1) 
   1481339 015.76 || noQ Q (Avg,Max,Min) (9.81, 9.81, 9.81) (4.04, 4.04, 4.04) #fs:   0  -- #Conts: 1 G(1) 
   2926957 010.71 || noQ Q (Avg,Max,Min) (2.50, 5.42, 1.75) (1.24, 0.26, 4.40) #fs:   1  -- #Conts: 5 A(4)  E(1) 
   3005099 009.71 || noQ Q (Avg,Max,Min) (2.65, 5.33, 1.75) (1.44, 0.26, 4.45) #fs:   0  -- #Conts: 4 A(3)  E(1) 
   3098021 008.71 || noQ Q (Avg,Max,Min) (2.91, 5.19, 1.77) (1.84, 0.52, 4.47) #fs:   1  -- #Conts: 3 A(2)  E(1) 
   3215015 007.71 || noQ Q (Avg,Max,Min) (3.41, 5.05, 1.77) (2.52, 0.52, 4.51) #fs:   0  -- #Conts: 2 A(1)  E(1) 
   3340866 006.71 || noQ Q (Avg,Max,Min) (4.91, 4.91, 4.91) (4.55, 4.55, 4.55) #fs:   0  -- #Conts: 1 E(1) 
/////////////////size: 13
nodes 50 edges 108
 mulT: 50 mulD: 5000  sumData GB 4689
pareto /MONTAGE.n.50.0.dax time -> 1120.0
moheft /MONTAGE.n.50.0.dax time -> 146.0
distance from M to C 0.6924578960304254
distance from P to C 0.0
distance from C to M 0.0
distance from C to P 1.452409888966428
toCompare: /MONTAGE.n.50.0.dax sumDataGB: 4689 mulT: 50 mulD: 5000 paretoOptTime_MS: 1120.0 MoheftOptimizationTime_MS: 146.0 MtoC 0.6924578960304254 PtoC 0.0 CtoM 0.0 CtoP 1.452409888966428
