specify -Dflow d,b,mt,md,size
Running /home/vaggelis/jc/SIPHT.n.100.0.dax mt 500 md: 500 size null
  76857826 3026.82 || noQ Q (Avg,Max,Min) (0.97, 1.01, 0.70) (0.92, 0.68, 1.00) #fs:   4  -- #Conts: 10 H(9)  G(1) 
  76862683 2806.12 || noQ Q (Avg,Max,Min) (1.00, 1.01, 0.96) (0.95, 0.86, 1.00) #fs:   3  -- #Conts: 10 H(9)  G(1) 
  80777136 2774.59 || noQ Q (Avg,Max,Min) (1.00, 1.01, 1.00) (0.96, 0.91, 1.00) #fs:   1  -- #Conts: 9 H(8)  G(1) 
  81334201 2743.06 || noQ Q (Avg,Max,Min) (1.00, 1.01, 1.00) (0.97, 0.91, 1.00) #fs:   1  -- #Conts: 9 H(8)  G(1) 
 136795822 2648.47 || noQ Q (Avg,Max,Min) (0.96, 1.01, 0.55) (0.93, 0.55, 1.00) #fs:   2  -- #Conts: 11 G(11) 
 136799321 2380.47 || noQ Q (Avg,Max,Min) (1.00, 1.01, 0.96) (0.97, 0.91, 1.00) #fs:   1  -- #Conts: 11 G(11) 
 159406373 2364.71 || noQ Q (Avg,Max,Min) (1.00, 1.01, 1.00) (0.97, 0.91, 1.00) #fs:   0  -- #Conts: 10 G(10) 
 161980965 2333.18 || noQ Q (Avg,Max,Min) (1.00, 1.00, 1.00) (0.99, 0.96, 1.00) #fs:   1  -- #Conts: 6 G(6) 
 294702914 2296.24 || noQ Q (Avg,Max,Min) (1.00, 1.00, 0.97) (0.93, 0.72, 1.00) #fs:   3  -- #Conts: 11 G(2)  E(9) 
 296654059 2281.41 || noQ Q (Avg,Max,Min) (1.00, 1.00, 0.97) (0.94, 0.72, 1.00) #fs:   3  -- #Conts: 11 G(1)  E(10) 
 298975754 2266.59 || noQ Q (Avg,Max,Min) (1.00, 1.00, 0.97) (0.94, 0.72, 1.00) #fs:   3  -- #Conts: 11 E(11) 
 301128946 2259.88 || noQ Q (Avg,Max,Min) (1.00, 1.00, 0.97) (0.94, 0.72, 1.00) #fs:   3  -- #Conts: 11 E(11) 
/////////////////size: 12
  79462427 2998.29 || noQ Q (Avg,Max,Min) (0.98, 1.01, 0.78) (0.85, 0.16, 1.00) #fs:   4  -- #Conts: 10 H(8)  G(1)  A(1) 
  79515073 2997.29 || noQ Q (Avg,Max,Min) (0.98, 1.01, 0.78) (0.83, 0.19, 1.00) #fs:   3  -- #Conts: 10 H(8)  G(1)  A(1) 
  79520560 2996.29 || noQ Q (Avg,Max,Min) (0.98, 1.01, 0.78) (0.83, 0.19, 1.00) #fs:   4  -- #Conts: 10 H(8)  G(1)  A(1) 
  79532952 2995.29 || noQ Q (Avg,Max,Min) (0.97, 1.01, 0.78) (0.84, 0.18, 1.00) #fs:   3  -- #Conts: 9 H(8)  G(1) 
  79801027 2963.76 || noQ Q (Avg,Max,Min) (0.97, 1.01, 0.78) (0.93, 0.76, 1.00) #fs:   3  -- #Conts: 8 H(7)  G(1) 
  79841005 2932.24 || noQ Q (Avg,Max,Min) (0.98, 1.01, 0.78) (0.82, 0.27, 1.00) #fs:   2  -- #Conts: 10 H(7)  G(3) 
  80358092 2916.47 || noQ Q (Avg,Max,Min) (0.98, 1.02, 0.79) (0.88, 0.31, 1.00) #fs:   1  -- #Conts: 9 H(7)  G(2) 
  80394380 2821.88 || noQ Q (Avg,Max,Min) (1.00, 1.02, 0.98) (0.86, 0.16, 1.00) #fs:   1  -- #Conts: 9 H(7)  G(2) 
  80423689 2806.12 || noQ Q (Avg,Max,Min) (1.00, 1.02, 0.98) (0.87, 0.27, 1.00) #fs:   2  -- #Conts: 9 H(6)  G(3) 
  80445050 2790.35 || noQ Q (Avg,Max,Min) (1.01, 1.02, 1.00) (0.81, 0.27, 1.00) #fs:   1  -- #Conts: 10 H(6)  G(4) 
  80595214 2774.59 || noQ Q (Avg,Max,Min) (1.01, 1.02, 0.99) (0.88, 0.27, 1.00) #fs:   1  -- #Conts: 9 H(6)  G(3) 
  80947376 2758.82 || noQ Q (Avg,Max,Min) (1.00, 1.02, 1.00) (0.95, 0.79, 1.00) #fs:   1  -- #Conts: 8 H(6)  G(2) 
  85022158 2700.76 || noQ Q (Avg,Max,Min) (1.00, 1.02, 1.00) (0.90, 0.16, 1.01) #fs:   2  -- #Conts: 11 H(7)  G(3)  A(1) 
  85296697 2669.24 || noQ Q (Avg,Max,Min) (1.00, 1.01, 1.00) (0.97, 0.92, 1.01) #fs:   1  -- #Conts: 10 H(6)  G(3)  A(1) 
  85568154 2664.24 || noQ Q (Avg,Max,Min) (1.00, 1.01, 1.00) (0.98, 0.94, 1.01) #fs:   1  -- #Conts: 9 H(6)  G(3) 
  93538878 2658.82 || noQ Q (Avg,Max,Min) (1.00, 1.01, 0.99) (0.97, 0.86, 1.00) #fs:   2  -- #Conts: 9 H(6)  G(2)  E(1) 
 100522753 2628.65 || noQ Q (Avg,Max,Min) (1.00, 1.01, 1.00) (0.94, 0.60, 1.01) #fs:   1  -- #Conts: 11 H(5)  G(4)  A(1)  E(1) 
 101237336 2626.94 || noQ Q (Avg,Max,Min) (1.00, 1.01, 0.98) (0.97, 0.92, 1.01) #fs:   2  -- #Conts: 11 H(5)  G(4)  A(2) 
 101458689 2625.94 || noQ Q (Avg,Max,Min) (1.01, 1.04, 1.00) (0.90, 0.06, 1.01) #fs:   1  -- #Conts: 11 H(5)  G(4)  A(1)  C(1) 
 101507253 2621.94 || noQ Q (Avg,Max,Min) (1.00, 1.01, 1.00) (0.98, 0.92, 1.01) #fs:   1  -- #Conts: 10 H(5)  G(4)  A(1) 
 102413406 2620.94 || noQ Q (Avg,Max,Min) (1.01, 1.04, 1.00) (0.90, 0.06, 1.01) #fs:   1  -- #Conts: 10 H(5)  G(4)  C(1) 
 102413476 2617.94 || noQ Q (Avg,Max,Min) (1.00, 1.01, 1.00) (0.92, 0.28, 1.01) #fs:   1  -- #Conts: 10 H(5)  G(4)  A(1) 
 102461970 2616.94 || noQ Q (Avg,Max,Min) (1.00, 1.01, 1.00) (0.99, 0.94, 1.01) #fs:   1  -- #Conts: 9 H(5)  G(4) 
 103803256 2611.53 || noQ Q (Avg,Max,Min) (0.99, 1.00, 0.87) (0.96, 0.86, 1.00) #fs:   1  -- #Conts: 9 H(5)  G(3)  E(1) 
 103807008 2580.00 || noQ Q (Avg,Max,Min) (1.00, 1.00, 1.00) (0.98, 0.86, 1.00) #fs:   0  -- #Conts: 9 H(5)  G(3)  E(1) 
 106820197 2548.47 || noQ Q (Avg,Max,Min) (0.99, 1.00, 0.90) (0.98, 0.89, 1.00) #fs:   1  -- #Conts: 9 H(4)  G(4)  E(1) 
 111232066 2457.76 || noQ Q (Avg,Max,Min) (1.00, 1.01, 1.00) (0.93, 0.60, 1.01) #fs:   0  -- #Conts: 13 H(3)  G(6)  A(1)  E(3) 
 119319153 2447.00 || noQ Q (Avg,Max,Min) (1.02, 1.26, 1.00) (0.86, 0.01, 1.01) #fs:   0  -- #Conts: 14 H(3)  G(6)  A(2)  E(3) 
 119339974 2415.47 || noQ Q (Avg,Max,Min) (1.00, 1.01, 1.00) (0.93, 0.60, 1.01) #fs:   0  -- #Conts: 13 H(2)  G(6)  A(2)  E(3) 
 120271814 2409.76 || noQ Q (Avg,Max,Min) (1.00, 1.01, 1.00) (0.91, 0.28, 1.01) #fs:   0  -- #Conts: 13 H(2)  G(6)  A(3)  E(2) 
 120324474 2408.76 || noQ Q (Avg,Max,Min) (1.00, 1.01, 1.00) (0.96, 0.60, 1.01) #fs:   0  -- #Conts: 12 H(2)  G(6)  A(2)  E(2) 
 121230627 2406.06 || noQ Q (Avg,Max,Min) (1.01, 1.04, 1.00) (0.92, 0.13, 1.01) #fs:   0  -- #Conts: 12 H(2)  G(6)  A(2)  E(1)  C(1) 
 121280638 2403.06 || noQ Q (Avg,Max,Min) (1.00, 1.01, 1.00) (0.93, 0.28, 1.01) #fs:   0  -- #Conts: 12 H(2)  G(6)  A(3)  E(1) 
 121337632 2402.06 || noQ Q (Avg,Max,Min) (1.00, 1.01, 1.00) (0.99, 0.92, 1.01) #fs:   0  -- #Conts: 11 H(2)  G(6)  A(2)  E(1) 
 122185414 2399.06 || noQ Q (Avg,Max,Min) (1.00, 1.01, 1.00) (0.88, 0.28, 1.01) #fs:   0  -- #Conts: 12 H(2)  G(6)  A(3)  E(1) 
 122815941 2398.06 || noQ Q (Avg,Max,Min) (0.97, 1.01, 0.66) (0.95, 0.47, 1.01) #fs:   1  -- #Conts: 11 H(2)  G(6)  A(2)  E(1) 
 124335859 2391.06 || noQ Q (Avg,Max,Min) (1.00, 1.01, 0.99) (1.00, 0.97, 1.01) #fs:   1  -- #Conts: 9 H(1)  G(6)  A(1)  E(1) 
 129715637 2378.94 || noQ Q (Avg,Max,Min) (1.00, 1.02, 0.99) (0.93, 0.60, 1.00) #fs:   1  -- #Conts: 12 H(1)  G(7)  A(1)  E(3) 
 130540284 2372.94 || noQ Q (Avg,Max,Min) (1.00, 1.01, 0.99) (0.93, 0.60, 1.01) #fs:   1  -- #Conts: 12 H(1)  G(7)  A(1)  E(3) 
 130699303 2372.24 || noQ Q (Avg,Max,Min) (1.00, 1.02, 0.99) (0.95, 0.64, 1.00) #fs:   1  -- #Conts: 11 H(1)  G(7)  A(1)  E(2) 
 131473939 2370.24 || noQ Q (Avg,Max,Min) (1.01, 1.04, 0.99) (0.89, 0.07, 1.01) #fs:   1  -- #Conts: 12 H(1)  G(7)  A(1)  E(2)  C(1) 
 131523950 2366.24 || noQ Q (Avg,Max,Min) (1.00, 1.01, 0.99) (0.96, 0.64, 1.01) #fs:   1  -- #Conts: 11 H(1)  G(7)  A(1)  E(2) 
 131711014 2365.53 || noQ Q (Avg,Max,Min) (1.00, 1.02, 0.99) (0.99, 0.95, 1.00) #fs:   1  -- #Conts: 10 H(1)  G(7)  A(1)  E(1) 
 132428656 2364.53 || noQ Q (Avg,Max,Min) (1.01, 1.04, 0.99) (0.86, 0.06, 1.01) #fs:   1  -- #Conts: 12 H(1)  G(7)  A(2)  E(1)  C(1) 
 132428726 2361.53 || noQ Q (Avg,Max,Min) (1.00, 1.01, 0.99) (0.88, 0.28, 1.01) #fs:   1  -- #Conts: 12 H(1)  G(7)  A(3)  E(1) 
 132477220 2360.53 || noQ Q (Avg,Max,Min) (1.00, 1.01, 0.99) (0.93, 0.28, 1.01) #fs:   1  -- #Conts: 11 H(1)  G(7)  A(2)  E(1) 
 132535661 2359.53 || noQ Q (Avg,Max,Min) (1.00, 1.01, 0.99) (0.99, 0.95, 1.01) #fs:   1  -- #Conts: 10 H(1)  G(7)  A(1)  E(1) 
 141674712 2336.06 || noQ Q (Avg,Max,Min) (1.00, 1.01, 1.00) (0.99, 0.95, 1.01) #fs:   0  -- #Conts: 10 G(7)  A(1)  E(2) 
 143669174 2333.76 || noQ Q (Avg,Max,Min) (1.00, 1.00, 1.00) (0.99, 0.97, 1.00) #fs:   1  -- #Conts: 9 G(7)  A(1)  E(1) 
 167549069 2330.00 || noQ Q (Avg,Max,Min) (1.00, 1.01, 1.00) (0.98, 0.87, 1.01) #fs:   0  -- #Conts: 11 G(7)  A(3)  E(1) 
 167587547 2329.00 || noQ Q (Avg,Max,Min) (1.00, 1.01, 1.00) (0.99, 0.92, 1.01) #fs:   0  -- #Conts: 11 G(7)  A(3)  E(1) 
 167845595 2328.00 || noQ Q (Avg,Max,Min) (1.00, 1.01, 1.00) (0.98, 0.92, 1.01) #fs:   0  -- #Conts: 11 G(7)  A(3)  E(1) 
 168485005 2326.00 || noQ Q (Avg,Max,Min) (0.99, 1.01, 0.90) (0.97, 0.80, 1.01) #fs:   1  -- #Conts: 10 G(7)  A(2)  E(1) 
 168533569 2325.00 || noQ Q (Avg,Max,Min) (1.00, 1.01, 1.00) (0.98, 0.88, 1.01) #fs:   0  -- #Conts: 10 G(7)  A(2)  E(1) 
 168592010 2324.00 || noQ Q (Avg,Max,Min) (1.00, 1.01, 1.00) (0.99, 0.92, 1.01) #fs:   0  -- #Conts: 10 G(7)  A(2)  E(1) 
 168800312 2323.00 || noQ Q (Avg,Max,Min) (1.00, 1.01, 1.00) (0.99, 0.92, 1.01) #fs:   0  -- #Conts: 10 G(7)  A(2)  E(1) 
 170104792 2322.00 || noQ Q (Avg,Max,Min) (1.00, 1.01, 1.00) (0.86, 0.28, 1.01) #fs:   0  -- #Conts: 12 G(7)  A(4)  E(1) 
 182936996 2316.59 || noQ Q (Avg,Max,Min) (1.00, 1.01, 0.95) (0.95, 0.72, 1.01) #fs:   1  -- #Conts: 11 G(6)  A(1)  E(4) 
 197334400 2314.18 || noQ Q (Avg,Max,Min) (1.00, 1.01, 1.00) (0.93, 0.28, 1.01) #fs:   0  -- #Conts: 12 G(6)  A(4)  E(2) 
 214155239 2308.53 || noQ Q (Avg,Max,Min) (1.00, 1.01, 1.00) (0.95, 0.47, 1.00) #fs:   0  -- #Conts: 11 G(5)  A(3)  E(3) 
 214220054 2307.53 || noQ Q (Avg,Max,Min) (1.00, 1.01, 1.00) (0.93, 0.28, 1.00) #fs:   0  -- #Conts: 11 G(5)  A(3)  E(3) 
 214278495 2306.53 || noQ Q (Avg,Max,Min) (1.00, 1.00, 1.00) (1.00, 0.98, 1.00) #fs:   0  -- #Conts: 10 G(5)  A(2)  E(3) 
 214503000 2305.53 || noQ Q (Avg,Max,Min) (1.00, 1.00, 1.00) (1.00, 0.99, 1.00) #fs:   0  -- #Conts: 10 G(5)  A(2)  E(3) 
 214696550 2304.53 || noQ Q (Avg,Max,Min) (1.00, 1.00, 1.00) (1.00, 0.99, 1.00) #fs:   0  -- #Conts: 10 G(5)  A(2)  E(3) 
 214910463 2303.53 || noQ Q (Avg,Max,Min) (1.00, 1.00, 1.00) (1.00, 0.99, 1.00) #fs:   0  -- #Conts: 10 G(5)  A(2)  E(3) 
 215122529 2302.53 || noQ Q (Avg,Max,Min) (1.00, 1.00, 1.00) (1.00, 0.99, 1.00) #fs:   0  -- #Conts: 10 G(5)  A(2)  E(3) 
 215328809 2301.53 || noQ Q (Avg,Max,Min) (1.00, 1.00, 1.00) (1.00, 0.99, 1.00) #fs:   0  -- #Conts: 10 G(5)  A(2)  E(3) 
 227410785 2295.06 || noQ Q (Avg,Max,Min) (1.01, 1.04, 1.00) (0.89, 0.06, 1.01) #fs:   0  -- #Conts: 12 G(5)  A(2)  E(4)  C(1) 
 227410855 2292.06 || noQ Q (Avg,Max,Min) (1.00, 1.01, 1.00) (0.91, 0.28, 1.01) #fs:   0  -- #Conts: 12 G(5)  A(3)  E(4) 
 227459349 2291.06 || noQ Q (Avg,Max,Min) (1.00, 1.01, 1.00) (0.97, 0.62, 1.01) #fs:   0  -- #Conts: 11 G(5)  A(2)  E(4) 
 228026881 2285.88 || noQ Q (Avg,Max,Min) (1.00, 1.01, 1.00) (1.00, 0.97, 1.00) #fs:   1  -- #Conts: 10 G(4)  A(1)  E(5) 
 228121152 2284.88 || noQ Q (Avg,Max,Min) (1.00, 1.01, 1.00) (1.00, 0.97, 1.00) #fs:   0  -- #Conts: 10 G(4)  A(1)  E(5) 
 228278274 2283.88 || noQ Q (Avg,Max,Min) (1.00, 1.01, 1.00) (1.00, 0.98, 1.00) #fs:   0  -- #Conts: 10 G(4)  A(1)  E(5) 
 228411017 2282.88 || noQ Q (Avg,Max,Min) (1.00, 1.01, 1.00) (1.00, 0.98, 1.00) #fs:   1  -- #Conts: 10 G(4)  A(1)  E(5) 
 236337865 2271.35 || noQ Q (Avg,Max,Min) (1.00, 1.01, 0.96) (0.95, 0.46, 1.01) #fs:   1  -- #Conts: 11 A(2)  G(3)  E(6) 
 236433337 2270.35 || noQ Q (Avg,Max,Min) (1.00, 1.01, 1.00) (0.99, 0.95, 1.01) #fs:   0  -- #Conts: 10 A(1)  G(3)  E(6) 
 255205389 2269.65 || noQ Q (Avg,Max,Min) (1.00, 1.01, 1.00) (0.99, 0.93, 1.00) #fs:   0  -- #Conts: 10 A(1)  G(3)  E(6) 
 264656843 2267.59 || noQ Q (Avg,Max,Min) (1.00, 1.01, 1.00) (0.98, 0.84, 1.01) #fs:   0  -- #Conts: 11 A(3)  G(2)  E(6) 
 264695321 2266.59 || noQ Q (Avg,Max,Min) (1.00, 1.01, 1.00) (0.99, 0.97, 1.01) #fs:   0  -- #Conts: 11 A(3)  G(2)  E(6) 
 264874967 2265.59 || noQ Q (Avg,Max,Min) (1.00, 1.01, 1.00) (1.00, 0.97, 1.01) #fs:   0  -- #Conts: 11 A(3)  G(2)  E(6) 
 265157333 2264.59 || noQ Q (Avg,Max,Min) (1.00, 1.01, 1.00) (0.99, 0.92, 1.01) #fs:   0  -- #Conts: 11 A(3)  G(2)  E(6) 
 265592779 2263.59 || noQ Q (Avg,Max,Min) (1.00, 1.01, 1.00) (0.88, 0.28, 1.01) #fs:   0  -- #Conts: 12 A(4)  G(2)  E(6) 
 265641343 2262.59 || noQ Q (Avg,Max,Min) (1.00, 1.01, 1.00) (0.93, 0.28, 1.01) #fs:   0  -- #Conts: 11 A(3)  G(2)  E(6) 
 265699784 2261.59 || noQ Q (Avg,Max,Min) (1.00, 1.01, 1.00) (1.00, 0.98, 1.01) #fs:   0  -- #Conts: 10 A(2)  G(2)  E(6) 
 265888698 2260.59 || noQ Q (Avg,Max,Min) (1.00, 1.01, 1.00) (1.00, 0.99, 1.01) #fs:   0  -- #Conts: 10 A(2)  G(2)  E(6) 
 266112050 2259.59 || noQ Q (Avg,Max,Min) (1.00, 1.01, 1.00) (1.00, 0.97, 1.01) #fs:   0  -- #Conts: 10 A(2)  G(2)  E(6) 
 268867465 2257.18 || noQ Q (Avg,Max,Min) (1.00, 1.00, 1.00) (1.00, 0.97, 1.00) #fs:   0  -- #Conts: 9 A(1)  G(2)  E(6) 
 269111792 2254.47 || noQ Q (Avg,Max,Min) (1.01, 1.05, 1.00) (0.91, 0.11, 1.00) #fs:   0  -- #Conts: 10 A(1)  G(2)  E(6)  C(1) 
 269724733 2252.47 || noQ Q (Avg,Max,Min) (1.00, 1.01, 1.00) (0.86, 0.19, 1.00) #fs:   0  -- #Conts: 11 A(3)  G(2)  E(6) 
 270389733 2251.47 || noQ Q (Avg,Max,Min) (1.00, 1.01, 1.00) (0.94, 0.46, 1.00) #fs:   0  -- #Conts: 10 A(2)  G(2)  E(6) 
 287373137 2250.71 || noQ Q (Avg,Max,Min) (1.02, 1.23, 1.00) (0.90, 0.01, 1.00) #fs:   0  -- #Conts: 10 A(3)  G(1)  E(6) 
 287379527 2249.71 || noQ Q (Avg,Max,Min) (1.00, 1.00, 1.00) (1.00, 1.00, 1.00) #fs:   0  -- #Conts: 9 A(2)  G(1)  E(6) 
 287597088 2248.71 || noQ Q (Avg,Max,Min) (1.00, 1.00, 1.00) (1.00, 0.99, 1.00) #fs:   0  -- #Conts: 9 A(2)  G(1)  E(6) 
 305503658 2248.65 || noQ Q (Avg,Max,Min) (0.95, 1.01, 0.43) (0.87, 0.34, 1.01) #fs:   1  -- #Conts: 11 A(2)  E(9) 
 305507157 2235.24 || noQ Q (Avg,Max,Min) (1.00, 1.01, 1.00) (0.93, 0.56, 1.01) #fs:   0  -- #Conts: 11 A(2)  E(9) 
 305759069 2234.24 || noQ Q (Avg,Max,Min) (1.00, 1.01, 1.00) (0.97, 0.71, 1.01) #fs:   0  -- #Conts: 10 A(1)  E(9) 
 314119110 2233.53 || noQ Q (Avg,Max,Min) (1.00, 1.02, 1.00) (0.95, 0.49, 1.00) #fs:   0  -- #Conts: 11 A(3)  E(8) 
/////////////////size: 97
nodes 97 edges 109
 mulT: 500 mulD: 500  sumData GB 1103
pareto /SIPHT.n.100.0.dax time -> 5730.0
moheft /SIPHT.n.100.0.dax time -> 2219.0
distance from M to C 0.164948453608257
distance from P to C 12.582294031884535
distance from C to M 0.5282546623810479
distance from C to P 13.624878346363717
toCompare: /SIPHT.n.100.0.dax sumDataGB: 1103 mulT: 500 mulD: 500 paretoOptTime_MS: 5730.0 MoheftOptimizationTime_MS: 2219.0 MtoC 0.164948453608257 PtoC 12.582294031884535 CtoM 0.5282546623810479 CtoP 13.624878346363717
