specify -Dflow d,b,mt,md,size
Running /home/vaggelis/jc/LIGO.n.100.0.dax mt 100 md: 500 size null
   4347406 1119.29 || noQ Q (Avg,Max,Min) (0.84, 1.00, 0.47) (0.59, 0.24, 0.85) #fs:  32  -- #Conts: 26 H(23)  G(3) 
   5136899 1040.47 || noQ Q (Avg,Max,Min) (0.88, 1.00, 0.42) (0.61, 0.28, 0.96) #fs:  23  -- #Conts: 28 H(28) 
   5580697 1008.94 || noQ Q (Avg,Max,Min) (0.87, 1.00, 0.42) (0.62, 0.28, 0.96) #fs:  24  -- #Conts: 22 H(22) 
   6286208 977.41 || noQ Q (Avg,Max,Min) (0.84, 1.00, 0.42) (0.62, 0.28, 0.81) #fs:  23  -- #Conts: 18 H(18) 
   6768153 945.88 || noQ Q (Avg,Max,Min) (0.85, 1.00, 0.42) (0.63, 0.28, 0.84) #fs:  24  -- #Conts: 18 H(18) 
   7147553 914.35 || noQ Q (Avg,Max,Min) (0.83, 1.00, 0.42) (0.65, 0.28, 0.88) #fs:  24  -- #Conts: 17 H(17) 
   7189164 835.53 || noQ Q (Avg,Max,Min) (0.79, 1.00, 0.45) (0.66, 0.32, 0.91) #fs:  45  -- #Conts: 26 H(2)  G(24) 
   7262669 804.00 || noQ Q (Avg,Max,Min) (0.80, 1.00, 0.45) (0.67, 0.32, 0.91) #fs:  44  -- #Conts: 26 H(1)  G(25) 
   7448042 772.47 || noQ Q (Avg,Max,Min) (0.81, 1.00, 0.45) (0.68, 0.43, 0.91) #fs:  43  -- #Conts: 26 G(26) 
   8652790 756.71 || noQ Q (Avg,Max,Min) (0.81, 1.00, 0.45) (0.69, 0.44, 0.91) #fs:  43  -- #Conts: 25 G(25) 
   8866587 740.94 || noQ Q (Avg,Max,Min) (0.81, 1.00, 0.45) (0.70, 0.44, 0.91) #fs:  43  -- #Conts: 24 G(24) 
  10510397 690.94 || noQ Q (Avg,Max,Min) (0.87, 1.00, 0.68) (0.80, 0.60, 0.99) #fs:  21  -- #Conts: 24 G(21)  E(3) 
  10615685 686.59 || noQ Q (Avg,Max,Min) (0.86, 1.02, 0.68) (0.80, 0.60, 0.99) #fs:  20  -- #Conts: 24 G(22)  E(2) 
  10711504 682.24 || noQ Q (Avg,Max,Min) (0.87, 1.02, 0.68) (0.81, 0.60, 0.99) #fs:  18  -- #Conts: 24 G(23)  E(1) 
  11794178 677.88 || noQ Q (Avg,Max,Min) (0.87, 1.01, 0.59) (0.81, 0.59, 1.00) #fs:  16  -- #Conts: 23 G(23) 
  17597744 650.47 || noQ Q (Avg,Max,Min) (0.87, 1.00, 0.67) (0.81, 0.55, 0.99) #fs:  23  -- #Conts: 30 E(30) 
  17876476 643.76 || noQ Q (Avg,Max,Min) (0.87, 1.00, 0.68) (0.82, 0.55, 0.99) #fs:  23  -- #Conts: 29 E(29) 
  19955829 616.94 || noQ Q (Avg,Max,Min) (0.93, 1.01, 0.65) (0.84, 0.56, 0.99) #fs:  15  -- #Conts: 32 E(32) 
  20145525 603.53 || noQ Q (Avg,Max,Min) (0.95, 1.01, 0.70) (0.86, 0.69, 0.99) #fs:  13  -- #Conts: 32 E(32) 
  21118755 590.12 || noQ Q (Avg,Max,Min) (0.97, 1.01, 0.73) (0.87, 0.70, 0.99) #fs:  11  -- #Conts: 34 E(34) 
  22165098 576.71 || noQ Q (Avg,Max,Min) (0.98, 1.00, 0.81) (0.88, 0.73, 0.99) #fs:   9  -- #Conts: 31 E(31) 
  26030843 568.35 || noQ Q (Avg,Max,Min) (0.97, 1.00, 0.67) (0.92, 0.65, 1.00) #fs:   9  -- #Conts: 25 G(1)  E(24) 
  26443897 563.29 || noQ Q (Avg,Max,Min) (0.98, 1.00, 0.81) (0.90, 0.77, 0.99) #fs:   8  -- #Conts: 28 E(28) 
  26774326 556.59 || noQ Q (Avg,Max,Min) (0.98, 1.00, 0.81) (0.91, 0.79, 0.99) #fs:   8  -- #Conts: 27 E(27) 
  26937828 549.88 || noQ Q (Avg,Max,Min) (0.98, 1.00, 0.81) (0.92, 0.80, 0.99) #fs:   8  -- #Conts: 26 E(26) 
  27196195 543.18 || noQ Q (Avg,Max,Min) (0.98, 1.00, 0.81) (0.93, 0.81, 1.00) #fs:   9  -- #Conts: 25 E(25) 
  33797829 536.47 || noQ Q (Avg,Max,Min) (0.98, 1.00, 0.81) (0.94, 0.81, 1.00) #fs:   8  -- #Conts: 25 E(25) 
  39322748 529.76 || noQ Q (Avg,Max,Min) (0.99, 1.01, 0.90) (0.95, 0.85, 1.00) #fs:   3  -- #Conts: 22 E(22) 
/////////////////size: 28
  12237258 947.88 || noQ Q (Avg,Max,Min) (1.00, 1.01, 0.91) (0.63, 0.38, 1.00) #fs:   3  -- #Conts: 34 H(24)  G(8)  A(2) 
  12602982 932.12 || noQ Q (Avg,Max,Min) (1.00, 1.01, 0.91) (0.64, 0.39, 1.00) #fs:   3  -- #Conts: 33 H(24)  G(7)  A(2) 
  12624518 916.35 || noQ Q (Avg,Max,Min) (0.99, 1.01, 0.85) (0.66, 0.39, 1.00) #fs:   4  -- #Conts: 32 H(24)  G(6)  A(2) 
  12634579 900.59 || noQ Q (Avg,Max,Min) (0.99, 1.01, 0.84) (0.67, 0.40, 1.00) #fs:   4  -- #Conts: 31 H(24)  G(5)  A(2) 
  12664876 884.82 || noQ Q (Avg,Max,Min) (1.00, 1.01, 0.91) (0.69, 0.39, 1.00) #fs:   3  -- #Conts: 30 H(24)  G(4)  A(2) 
  12749571 869.06 || noQ Q (Avg,Max,Min) (0.99, 1.01, 0.83) (0.71, 0.48, 1.00) #fs:   4  -- #Conts: 29 H(24)  G(3)  A(2) 
  13166123 837.53 || noQ Q (Avg,Max,Min) (1.00, 1.01, 0.91) (0.73, 0.40, 1.00) #fs:   3  -- #Conts: 28 H(23)  G(3)  A(2) 
  13215132 806.00 || noQ Q (Avg,Max,Min) (1.00, 1.01, 0.91) (0.76, 0.41, 1.00) #fs:   3  -- #Conts: 27 H(22)  G(3)  A(2) 
  13378664 742.94 || noQ Q (Avg,Max,Min) (1.00, 1.01, 0.91) (0.79, 0.51, 1.00) #fs:   4  -- #Conts: 29 H(16)  G(11)  A(2) 
  13386567 711.41 || noQ Q (Avg,Max,Min) (1.00, 1.01, 0.90) (0.83, 0.51, 1.00) #fs:   4  -- #Conts: 28 H(15)  G(11)  A(2) 
  13425258 695.65 || noQ Q (Avg,Max,Min) (1.00, 1.01, 0.91) (0.85, 0.51, 1.00) #fs:   4  -- #Conts: 27 H(15)  G(10)  A(2) 
  13464218 679.88 || noQ Q (Avg,Max,Min) (1.00, 1.01, 0.91) (0.87, 0.58, 1.00) #fs:   4  -- #Conts: 26 H(15)  G(9)  A(2) 
  13531447 664.12 || noQ Q (Avg,Max,Min) (1.00, 1.01, 0.91) (0.89, 0.68, 1.00) #fs:   4  -- #Conts: 25 H(15)  G(8)  A(2) 
  13719891 655.06 || noQ Q (Avg,Max,Min) (0.99, 1.01, 0.91) (0.90, 0.68, 1.00) #fs:   5  -- #Conts: 25 H(15)  G(7)  A(2)  E(1) 
  13796287 639.29 || noQ Q (Avg,Max,Min) (1.00, 1.01, 0.91) (0.93, 0.68, 1.00) #fs:   4  -- #Conts: 24 H(15)  G(6)  A(2)  E(1) 
  17979954 636.94 || noQ Q (Avg,Max,Min) (1.00, 1.01, 0.92) (0.91, 0.61, 1.00) #fs:   4  -- #Conts: 25 H(13)  G(7)  A(2)  E(3) 
  24088127 632.24 || noQ Q (Avg,Max,Min) (0.99, 1.01, 0.89) (0.88, 0.63, 1.00) #fs:   6  -- #Conts: 24 H(7)  G(12)  A(2)  E(3) 
  24211725 625.53 || noQ Q (Avg,Max,Min) (1.00, 1.01, 0.94) (0.89, 0.63, 1.00) #fs:   6  -- #Conts: 25 H(7)  G(12)  A(2)  E(4) 
  29501708 624.12 || noQ Q (Avg,Max,Min) (0.99, 1.01, 0.78) (0.86, 0.61, 1.00) #fs:   6  -- #Conts: 31 H(4)  G(7)  A(2)  E(18) 
  29639514 622.12 || noQ Q (Avg,Max,Min) (0.99, 1.01, 0.88) (0.86, 0.61, 1.00) #fs:   5  -- #Conts: 31 H(4)  G(9)  A(2)  E(16) 
  29646169 619.76 || noQ Q (Avg,Max,Min) (0.99, 1.01, 0.88) (0.86, 0.61, 1.00) #fs:   5  -- #Conts: 31 H(4)  G(8)  A(2)  E(17) 
  30227073 618.71 || noQ Q (Avg,Max,Min) (0.99, 1.01, 0.88) (0.86, 0.61, 1.00) #fs:   7  -- #Conts: 31 H(4)  G(7)  A(2)  E(17)  C(1) 
  30379429 616.71 || noQ Q (Avg,Max,Min) (0.99, 1.01, 0.84) (0.87, 0.61, 1.00) #fs:   6  -- #Conts: 29 H(4)  G(9)  A(2)  E(13)  C(1) 
  30386084 614.35 || noQ Q (Avg,Max,Min) (0.99, 1.01, 0.87) (0.87, 0.61, 1.00) #fs:   6  -- #Conts: 29 H(4)  G(8)  A(2)  E(14)  C(1) 
  31847830 604.71 || noQ Q (Avg,Max,Min) (0.98, 1.01, 0.85) (0.87, 0.62, 1.00) #fs:   7  -- #Conts: 23 H(3)  G(10)  A(2)  E(8) 
  33610928 595.65 || noQ Q (Avg,Max,Min) (0.99, 1.01, 0.90) (0.88, 0.65, 1.00) #fs:   6  -- #Conts: 23 H(3)  G(10)  A(2)  E(8) 
  34140643 586.71 || noQ Q (Avg,Max,Min) (1.00, 1.01, 0.88) (0.90, 0.70, 1.00) #fs:   2  -- #Conts: 27 H(3)  G(12)  A(2)  E(8)  C(2) 
  34528305 584.35 || noQ Q (Avg,Max,Min) (1.00, 1.01, 0.88) (0.90, 0.70, 1.00) #fs:   3  -- #Conts: 29 H(3)  G(12)  A(2)  E(10)  C(2) 
  34548826 582.00 || noQ Q (Avg,Max,Min) (1.00, 1.01, 0.88) (0.90, 0.70, 1.00) #fs:   2  -- #Conts: 31 H(3)  G(12)  A(2)  E(12)  C(2) 
  36799272 579.29 || noQ Q (Avg,Max,Min) (1.00, 1.01, 0.88) (0.90, 0.70, 1.00) #fs:   4  -- #Conts: 30 H(3)  G(12)  A(2)  E(11)  C(2) 
  37911901 569.71 || noQ Q (Avg,Max,Min) (0.98, 1.01, 0.65) (0.88, 0.38, 1.00) #fs:   7  -- #Conts: 24 G(12)  A(1)  E(10)  C(1) 
  38069628 553.94 || noQ Q (Avg,Max,Min) (1.00, 1.01, 0.95) (0.92, 0.64, 1.00) #fs:   6  -- #Conts: 23 G(11)  A(1)  E(10)  C(1) 
  38093564 552.53 || noQ Q (Avg,Max,Min) (0.99, 1.01, 0.95) (0.92, 0.64, 1.00) #fs:   7  -- #Conts: 23 G(11)  A(1)  E(9)  C(2) 
  38195343 550.18 || noQ Q (Avg,Max,Min) (0.99, 1.01, 0.95) (0.93, 0.64, 1.00) #fs:   7  -- #Conts: 22 G(10)  A(1)  E(9)  C(2) 
  39186932 545.47 || noQ Q (Avg,Max,Min) (1.00, 1.01, 0.95) (0.93, 0.64, 1.00) #fs:   6  -- #Conts: 20 G(8)  A(1)  E(9)  C(2) 
  41330612 543.47 || noQ Q (Avg,Max,Min) (0.99, 1.01, 0.95) (0.93, 0.64, 1.00) #fs:   7  -- #Conts: 22 G(10)  A(1)  E(9)  C(2) 
  44964402 533.76 || noQ Q (Avg,Max,Min) (1.00, 1.01, 0.95) (0.90, 0.15, 1.00) #fs:   6  -- #Conts: 17 G(6)  A(2)  E(8)  C(1) 
  65970231 527.94 || noQ Q (Avg,Max,Min) (1.00, 1.01, 0.93) (0.96, 0.82, 1.00) #fs:   7  -- #Conts: 22 G(4)  A(1)  E(10)  C(7) 
  98890132 522.47 || noQ Q (Avg,Max,Min) (1.00, 1.00, 0.94) (0.96, 0.88, 1.00) #fs:   2  -- #Conts: 14 G(1)  A(2)  E(4)  C(7) 
/////////////////size: 39
nodes 100 edges 123
 mulT: 100 mulD: 500  sumData GB 1428
pareto /LIGO.n.100.0.dax time -> 3439.0
moheft /LIGO.n.100.0.dax time -> 1611.0
distance from M to C 10.983236537784288
distance from P to C 0.03571428571428571
distance from C to M 15.536294091061569
distance from C to P 2.76881741588714
toCompare: /LIGO.n.100.0.dax sumDataGB: 1428 mulT: 100 mulD: 500 paretoOptTime_MS: 3439.0 MoheftOptimizationTime_MS: 1611.0 MtoC 10.983236537784288 PtoC 0.03571428571428571 CtoM 15.536294091061569 CtoP 2.76881741588714
