specify -Dflow d,b,mt,md,size
Running /home/vaggelis/jc/LIGO.n.100.0.dax mt 5000 md: 20000 size null
 220096038 30961.88 || noQ Q (Avg,Max,Min) (1.00, 1.06, 0.97) (0.98, 0.92, 1.00) #fs:  18  -- #Conts: 45 H(41)  G(4) 
 220189614 30867.29 || noQ Q (Avg,Max,Min) (1.00, 1.06, 0.97) (0.98, 0.92, 1.00) #fs:  19  -- #Conts: 45 H(40)  G(5) 
 224382803 30820.00 || noQ Q (Avg,Max,Min) (1.00, 1.06, 0.96) (0.98, 0.92, 1.00) #fs:  19  -- #Conts: 45 H(39)  G(6) 
 269530992 30693.88 || noQ Q (Avg,Max,Min) (1.01, 1.06, 1.00) (0.98, 0.90, 1.00) #fs:  15  -- #Conts: 47 H(42)  G(5) 
 273632092 30615.06 || noQ Q (Avg,Max,Min) (1.01, 1.06, 0.97) (0.98, 0.90, 1.00) #fs:  16  -- #Conts: 47 H(41)  G(6) 
 277611773 30536.24 || noQ Q (Avg,Max,Min) (1.01, 1.06, 0.95) (0.98, 0.90, 1.00) #fs:  16  -- #Conts: 47 H(40)  G(7) 
 283649421 30473.18 || noQ Q (Avg,Max,Min) (1.01, 1.06, 0.91) (0.98, 0.89, 1.00) #fs:  16  -- #Conts: 47 H(39)  G(8) 
 286657593 30362.82 || noQ Q (Avg,Max,Min) (1.01, 1.06, 0.89) (0.98, 0.89, 1.00) #fs:  16  -- #Conts: 47 H(38)  G(9) 
 290638769 30268.24 || noQ Q (Avg,Max,Min) (1.01, 1.06, 0.87) (0.98, 0.87, 1.00) #fs:  16  -- #Conts: 47 H(37)  G(10) 
 371516995 27556.71 || noQ Q (Avg,Max,Min) (0.99, 1.01, 0.61) (0.98, 0.60, 1.00) #fs:   8  -- #Conts: 43 H(2)  G(41) 
 374870859 27430.59 || noQ Q (Avg,Max,Min) (0.99, 1.01, 0.60) (0.98, 0.59, 1.00) #fs:   9  -- #Conts: 43 H(1)  G(42) 
 377589474 26520.35 || noQ Q (Avg,Max,Min) (1.00, 1.01, 0.99) (0.99, 0.97, 1.00) #fs:   8  -- #Conts: 43 G(38)  E(5) 
 379154632 26504.59 || noQ Q (Avg,Max,Min) (1.00, 1.01, 1.00) (0.99, 0.97, 1.00) #fs:   7  -- #Conts: 43 G(38)  E(5) 
 404447777 26489.18 || noQ Q (Avg,Max,Min) (1.00, 1.01, 0.99) (0.99, 0.98, 1.00) #fs:   7  -- #Conts: 38 G(36)  E(2) 
 495128235 26484.71 || noQ Q (Avg,Max,Min) (1.00, 1.01, 0.99) (0.99, 0.98, 1.00) #fs:   7  -- #Conts: 35 G(35) 
 496693393 26468.94 || noQ Q (Avg,Max,Min) (1.00, 1.01, 0.99) (1.00, 0.98, 1.00) #fs:   7  -- #Conts: 35 G(35) 
 514951634 26453.18 || noQ Q (Avg,Max,Min) (1.00, 1.00, 1.00) (1.00, 0.98, 1.00) #fs:   7  -- #Conts: 35 G(35) 
 554960061 26437.41 || noQ Q (Avg,Max,Min) (1.00, 1.00, 1.00) (1.00, 0.98, 1.00) #fs:   7  -- #Conts: 34 G(34) 
 612402201 26421.65 || noQ Q (Avg,Max,Min) (1.00, 1.00, 1.00) (1.00, 0.99, 1.00) #fs:   7  -- #Conts: 33 G(33) 
 628916336 26405.88 || noQ Q (Avg,Max,Min) (1.00, 1.00, 0.99) (0.99, 0.88, 1.00) #fs:   7  -- #Conts: 31 G(31) 
 850065753 25368.35 || noQ Q (Avg,Max,Min) (1.00, 1.00, 0.99) (0.99, 0.98, 1.00) #fs:   6  -- #Conts: 47 E(47) 
 863330849 25348.24 || noQ Q (Avg,Max,Min) (1.00, 1.00, 1.00) (0.99, 0.94, 1.00) #fs:   4  -- #Conts: 44 E(44) 
 940541183 25328.12 || noQ Q (Avg,Max,Min) (1.00, 1.00, 1.00) (0.99, 0.92, 1.00) #fs:   3  -- #Conts: 38 E(38) 
1098819430 25308.00 || noQ Q (Avg,Max,Min) (1.00, 1.00, 1.00) (1.00, 0.99, 1.00) #fs:   3  -- #Conts: 35 E(35) 
1099383207 25301.29 || noQ Q (Avg,Max,Min) (1.00, 1.00, 1.00) (1.00, 0.99, 1.00) #fs:   2  -- #Conts: 34 E(34) 
1150073194 25294.59 || noQ Q (Avg,Max,Min) (1.00, 1.00, 1.00) (1.00, 0.99, 1.00) #fs:   2  -- #Conts: 33 E(33) 
1185365435 25287.88 || noQ Q (Avg,Max,Min) (1.00, 1.00, 1.00) (1.00, 0.99, 1.00) #fs:   2  -- #Conts: 32 E(32) 
1261319985 25281.18 || noQ Q (Avg,Max,Min) (1.00, 1.00, 1.00) (1.00, 0.99, 1.00) #fs:   2  -- #Conts: 31 E(31) 
1358870266 25274.47 || noQ Q (Avg,Max,Min) (1.00, 1.00, 1.00) (1.00, 0.99, 1.00) #fs:   2  -- #Conts: 30 E(30) 
1442100904 25267.76 || noQ Q (Avg,Max,Min) (1.00, 1.00, 1.00) (1.00, 0.99, 1.00) #fs:   2  -- #Conts: 29 E(29) 
4471607945 24968.00 || noQ Q (Avg,Max,Min) (1.00, 1.01, 1.00) (1.00, 0.98, 1.00) #fs:  13  -- #Conts: 48 A(47)  C(1) 
4514775240 24963.00 || noQ Q (Avg,Max,Min) (1.00, 1.01, 1.00) (1.00, 0.98, 1.00) #fs:   7  -- #Conts: 47 A(46)  C(1) 
6794040678 24962.00 || noQ Q (Avg,Max,Min) (1.00, 1.00, 1.00) (1.00, 1.00, 1.00) #fs:   3  -- #Conts: 44 A(44) 
6841856286 24961.00 || noQ Q (Avg,Max,Min) (1.00, 1.00, 1.00) (1.00, 1.00, 1.00) #fs:   2  -- #Conts: 43 A(43) 
8084991310 24959.00 || noQ Q (Avg,Max,Min) (1.00, 1.00, 0.99) (1.00, 0.99, 1.00) #fs:   2  -- #Conts: 31 A(31) 
8101390366 24867.00 || noQ Q (Avg,Max,Min) (1.00, 1.00, 0.96) (1.00, 0.96, 1.00) #fs:   5  -- #Conts: 30 A(28)  C(2) 
9740096168 24748.00 || noQ Q (Avg,Max,Min) (1.00, 1.00, 0.96) (1.00, 0.96, 1.00) #fs:   3  -- #Conts: 28 A(25)  C(3) 
13598936390 24747.00 || noQ Q (Avg,Max,Min) (1.00, 1.00, 0.96) (1.00, 0.96, 1.00) #fs:   3  -- #Conts: 27 A(24)  C(3) 
/////////////////size: 38
 918837820 28486.47 || noQ Q (Avg,Max,Min) (1.01, 1.09, 0.99) (0.97, 0.27, 1.00) #fs:   3  -- #Conts: 43 H(17)  G(20)  E(4)  C(2) 
 919487320 28470.71 || noQ Q (Avg,Max,Min) (1.00, 1.06, 0.99) (0.99, 0.93, 1.00) #fs:   4  -- #Conts: 42 H(16)  G(20)  E(4)  C(2) 
 921444828 28461.65 || noQ Q (Avg,Max,Min) (1.00, 1.06, 0.99) (0.99, 0.93, 1.00) #fs:   3  -- #Conts: 43 H(16)  G(20)  E(5)  C(2) 
 923089133 28360.35 || noQ Q (Avg,Max,Min) (1.00, 1.09, 0.99) (0.97, 0.27, 1.00) #fs:   3  -- #Conts: 45 H(17)  G(22)  E(4)  C(2) 
 923699263 28328.82 || noQ Q (Avg,Max,Min) (1.00, 1.06, 0.99) (0.99, 0.93, 1.00) #fs:   3  -- #Conts: 44 H(16)  G(22)  E(4)  C(2) 
 929032275 28281.53 || noQ Q (Avg,Max,Min) (1.00, 1.07, 0.99) (0.97, 0.27, 1.00) #fs:   3  -- #Conts: 45 H(16)  G(23)  E(4)  C(2) 
 929637591 28250.00 || noQ Q (Avg,Max,Min) (1.00, 1.06, 0.99) (0.99, 0.93, 1.00) #fs:   3  -- #Conts: 44 H(15)  G(23)  E(4)  C(2) 
 950962234 28240.94 || noQ Q (Avg,Max,Min) (1.00, 1.06, 0.99) (0.99, 0.93, 1.00) #fs:   3  -- #Conts: 44 H(15)  G(22)  E(5)  C(2) 
 975642963 28236.47 || noQ Q (Avg,Max,Min) (1.00, 1.06, 0.99) (0.99, 0.93, 1.00) #fs:   3  -- #Conts: 44 H(15)  G(22)  E(5)  C(2) 
 999736307 28227.41 || noQ Q (Avg,Max,Min) (1.00, 1.06, 0.99) (0.99, 0.93, 1.00) #fs:   3  -- #Conts: 43 H(15)  G(20)  E(6)  C(2) 
1001734224 28218.35 || noQ Q (Avg,Max,Min) (1.00, 1.06, 0.99) (0.99, 0.93, 1.00) #fs:   3  -- #Conts: 44 H(15)  G(20)  E(7)  C(2) 
1002033419 28204.82 || noQ Q (Avg,Max,Min) (1.00, 1.06, 0.99) (0.99, 0.93, 1.00) #fs:   3  -- #Conts: 42 H(15)  G(19)  E(6)  C(2) 
1030082358 27877.88 || noQ Q (Avg,Max,Min) (1.00, 1.06, 0.97) (0.99, 0.93, 1.00) #fs:   5  -- #Conts: 39 H(13)  G(19)  E(5)  C(2) 
1030816248 27862.12 || noQ Q (Avg,Max,Min) (1.00, 1.06, 0.97) (0.98, 0.45, 1.00) #fs:   5  -- #Conts: 40 H(13)  G(20)  E(5)  C(2) 
1032773756 27853.06 || noQ Q (Avg,Max,Min) (1.00, 1.06, 0.97) (0.99, 0.93, 1.00) #fs:   5  -- #Conts: 40 H(13)  G(19)  E(6)  C(2) 
1057046933 27814.82 || noQ Q (Avg,Max,Min) (1.01, 1.09, 0.99) (0.97, 0.27, 1.00) #fs:   4  -- #Conts: 40 H(14)  G(19)  E(5)  C(2) 
1057583783 27808.12 || noQ Q (Avg,Max,Min) (1.01, 1.09, 0.99) (0.97, 0.27, 1.00) #fs:   4  -- #Conts: 39 H(14)  G(19)  E(4)  C(2) 
1057656024 27783.29 || noQ Q (Avg,Max,Min) (1.00, 1.06, 0.99) (0.99, 0.93, 1.00) #fs:   4  -- #Conts: 39 H(13)  G(19)  E(5)  C(2) 
1059143155 27776.59 || noQ Q (Avg,Max,Min) (1.00, 1.06, 0.99) (0.99, 0.93, 1.00) #fs:   4  -- #Conts: 38 H(13)  G(19)  E(4)  C(2) 
1069893467 27774.24 || noQ Q (Avg,Max,Min) (1.00, 1.06, 0.99) (0.99, 0.93, 1.00) #fs:   4  -- #Conts: 40 H(13)  G(19)  E(6)  C(2) 
1097920962 27742.94 || noQ Q (Avg,Max,Min) (1.00, 1.06, 0.99) (0.99, 0.93, 1.00) #fs:   4  -- #Conts: 37 H(12)  G(19)  E(4)  C(2) 
1103893747 27727.18 || noQ Q (Avg,Max,Min) (1.01, 1.09, 0.99) (0.97, 0.27, 1.00) #fs:   4  -- #Conts: 38 H(13)  G(19)  E(4)  C(2) 
1104502838 27711.41 || noQ Q (Avg,Max,Min) (1.00, 1.06, 0.99) (0.99, 0.93, 1.00) #fs:   4  -- #Conts: 37 H(12)  G(19)  E(4)  C(2) 
1106500755 27702.35 || noQ Q (Avg,Max,Min) (1.00, 1.06, 0.99) (0.99, 0.93, 1.00) #fs:   4  -- #Conts: 38 H(12)  G(19)  E(5)  C(2) 
1121907600 26621.18 || noQ Q (Avg,Max,Min) (1.00, 1.03, 1.00) (0.99, 0.93, 1.01) #fs:   2  -- #Conts: 38 H(5)  G(15)  A(1)  E(16)  C(1) 
1122596470 26605.41 || noQ Q (Avg,Max,Min) (1.00, 1.05, 1.00) (0.98, 0.45, 1.01) #fs:   2  -- #Conts: 39 H(5)  G(16)  A(1)  E(16)  C(1) 
1124553978 26596.35 || noQ Q (Avg,Max,Min) (1.00, 1.03, 1.00) (0.99, 0.93, 1.01) #fs:   2  -- #Conts: 39 H(5)  G(15)  A(1)  E(17)  C(1) 
1154845608 26558.12 || noQ Q (Avg,Max,Min) (1.00, 1.07, 1.00) (0.97, 0.27, 1.01) #fs:   2  -- #Conts: 39 H(5)  G(16)  A(1)  E(16)  C(1) 
1155378463 26551.41 || noQ Q (Avg,Max,Min) (1.00, 1.07, 1.00) (0.97, 0.27, 1.01) #fs:   2  -- #Conts: 38 H(5)  G(16)  A(1)  E(15)  C(1) 
1155451360 26526.59 || noQ Q (Avg,Max,Min) (1.00, 1.03, 1.00) (0.99, 0.93, 1.01) #fs:   2  -- #Conts: 38 H(4)  G(16)  A(1)  E(16)  C(1) 
1182123987 26472.35 || noQ Q (Avg,Max,Min) (1.01, 1.09, 1.00) (0.97, 0.27, 1.01) #fs:   1  -- #Conts: 38 H(5)  G(14)  A(1)  E(17)  C(1) 
1182717303 26456.59 || noQ Q (Avg,Max,Min) (1.00, 1.03, 1.00) (0.99, 0.91, 1.01) #fs:   1  -- #Conts: 37 H(4)  G(14)  A(1)  E(17)  C(1) 
1184730995 26447.53 || noQ Q (Avg,Max,Min) (1.00, 1.03, 1.00) (0.99, 0.91, 1.01) #fs:   1  -- #Conts: 38 H(4)  G(14)  A(1)  E(18)  C(1) 
1189271736 26409.29 || noQ Q (Avg,Max,Min) (1.01, 1.07, 1.00) (0.97, 0.27, 1.01) #fs:   1  -- #Conts: 38 H(4)  G(15)  A(1)  E(17)  C(1) 
1189804591 26402.59 || noQ Q (Avg,Max,Min) (1.00, 1.07, 1.00) (0.97, 0.27, 1.01) #fs:   1  -- #Conts: 37 H(4)  G(15)  A(1)  E(16)  C(1) 
1189877488 26377.76 || noQ Q (Avg,Max,Min) (1.00, 1.03, 1.00) (0.99, 0.91, 1.01) #fs:   1  -- #Conts: 37 H(3)  G(15)  A(1)  E(17)  C(1) 
1302367954 26314.71 || noQ Q (Avg,Max,Min) (1.01, 1.07, 1.00) (0.97, 0.27, 1.01) #fs:   1  -- #Conts: 36 H(3)  G(15)  A(1)  E(16)  C(1) 
1302900809 26308.00 || noQ Q (Avg,Max,Min) (1.00, 1.07, 1.00) (0.97, 0.27, 1.01) #fs:   1  -- #Conts: 35 H(3)  G(15)  A(1)  E(15)  C(1) 
1302973706 26283.18 || noQ Q (Avg,Max,Min) (1.00, 1.03, 1.00) (0.99, 0.91, 1.01) #fs:   1  -- #Conts: 35 H(2)  G(15)  A(1)  E(16)  C(1) 
1328754833 25987.53 || noQ Q (Avg,Max,Min) (1.00, 1.02, 0.99) (0.98, 0.86, 1.01) #fs:   4  -- #Conts: 34 H(2)  G(10)  E(21)  C(1) 
1329590054 25980.82 || noQ Q (Avg,Max,Min) (1.00, 1.01, 0.99) (0.98, 0.86, 1.01) #fs:   4  -- #Conts: 33 H(2)  G(10)  E(20)  C(1) 
1344994384 25976.35 || noQ Q (Avg,Max,Min) (1.00, 1.01, 0.99) (0.98, 0.86, 1.01) #fs:   4  -- #Conts: 33 H(2)  G(10)  E(20)  C(1) 
1487069986 25969.65 || noQ Q (Avg,Max,Min) (1.00, 1.01, 0.99) (0.98, 0.86, 1.01) #fs:   5  -- #Conts: 33 H(2)  G(10)  E(20)  C(1) 
1642524988 25942.82 || noQ Q (Avg,Max,Min) (1.00, 1.02, 0.99) (0.99, 0.86, 1.01) #fs:   2  -- #Conts: 31 H(2)  G(10)  A(1)  E(17)  C(1) 
1643360209 25936.12 || noQ Q (Avg,Max,Min) (1.00, 1.01, 0.99) (0.99, 0.86, 1.01) #fs:   2  -- #Conts: 30 H(2)  G(10)  A(1)  E(16)  C(1) 
1671163055 25911.29 || noQ Q (Avg,Max,Min) (1.00, 1.09, 0.99) (0.96, 0.27, 1.01) #fs:   2  -- #Conts: 31 H(2)  G(10)  A(1)  E(17)  C(1) 
1671699905 25904.59 || noQ Q (Avg,Max,Min) (1.00, 1.09, 0.99) (0.96, 0.27, 1.01) #fs:   2  -- #Conts: 30 H(2)  G(10)  A(1)  E(16)  C(1) 
1671772146 25879.76 || noQ Q (Avg,Max,Min) (1.00, 1.02, 0.99) (0.99, 0.86, 1.01) #fs:   2  -- #Conts: 30 H(1)  G(10)  A(1)  E(17)  C(1) 
1673259277 25873.06 || noQ Q (Avg,Max,Min) (1.00, 1.01, 0.99) (0.99, 0.86, 1.01) #fs:   2  -- #Conts: 29 H(1)  G(10)  A(1)  E(16)  C(1) 
1699852176 25850.47 || noQ Q (Avg,Max,Min) (1.00, 1.01, 0.99) (0.99, 0.86, 1.01) #fs:   2  -- #Conts: 29 H(1)  G(9)  A(1)  E(17)  C(1) 
1700687397 25843.76 || noQ Q (Avg,Max,Min) (1.00, 1.01, 0.99) (0.99, 0.86, 1.01) #fs:   2  -- #Conts: 29 H(1)  G(9)  A(1)  E(17)  C(1) 
1723184131 25830.24 || noQ Q (Avg,Max,Min) (1.00, 1.01, 0.99) (0.99, 0.86, 1.01) #fs:   2  -- #Conts: 29 H(1)  G(9)  A(1)  E(17)  C(1) 
1724019352 25823.53 || noQ Q (Avg,Max,Min) (1.00, 1.01, 0.99) (0.99, 0.86, 1.01) #fs:   2  -- #Conts: 29 H(1)  G(9)  A(1)  E(17)  C(1) 
1728490243 25803.18 || noQ Q (Avg,Max,Min) (1.00, 1.09, 0.99) (0.96, 0.27, 1.01) #fs:   2  -- #Conts: 29 H(1)  G(9)  A(1)  E(17)  C(1) 
1729099334 25787.41 || noQ Q (Avg,Max,Min) (1.00, 1.01, 0.99) (0.99, 0.86, 1.01) #fs:   2  -- #Conts: 28 G(9)  A(1)  E(17)  C(1) 
1731097251 25778.35 || noQ Q (Avg,Max,Min) (1.00, 1.02, 0.99) (0.99, 0.86, 1.01) #fs:   2  -- #Conts: 29 G(9)  A(1)  E(18)  C(1) 
1752431289 25767.18 || noQ Q (Avg,Max,Min) (1.00, 1.01, 0.99) (0.99, 0.86, 1.01) #fs:   2  -- #Conts: 28 G(9)  A(1)  E(17)  C(1) 
1754429206 25758.12 || noQ Q (Avg,Max,Min) (1.00, 1.02, 0.99) (0.99, 0.86, 1.01) #fs:   2  -- #Conts: 29 G(9)  A(1)  E(18)  C(1) 
1840596220 25753.65 || noQ Q (Avg,Max,Min) (1.00, 1.01, 0.99) (0.99, 0.86, 1.01) #fs:   2  -- #Conts: 29 G(9)  A(1)  E(18)  C(1) 
1844428708 25746.94 || noQ Q (Avg,Max,Min) (1.00, 1.01, 0.99) (0.99, 0.86, 1.01) #fs:   2  -- #Conts: 28 G(9)  A(1)  E(17)  C(1) 
1851015271 25740.24 || noQ Q (Avg,Max,Min) (1.00, 1.05, 0.99) (0.97, 0.45, 1.01) #fs:   2  -- #Conts: 27 G(9)  A(1)  E(16)  C(1) 
1851068542 25737.88 || noQ Q (Avg,Max,Min) (1.00, 1.01, 0.99) (0.99, 0.86, 1.01) #fs:   2  -- #Conts: 26 G(8)  A(1)  E(16)  C(1) 
1851120657 25731.18 || noQ Q (Avg,Max,Min) (1.00, 1.02, 0.99) (0.99, 0.86, 1.01) #fs:   2  -- #Conts: 27 G(8)  A(1)  E(17)  C(1) 
1936700638 25682.71 || noQ Q (Avg,Max,Min) (1.00, 1.07, 0.99) (0.97, 0.27, 1.01) #fs:   3  -- #Conts: 29 H(1)  G(10)  A(1)  E(16)  C(1) 
1937288981 25666.94 || noQ Q (Avg,Max,Min) (1.00, 1.02, 0.99) (0.99, 0.89, 1.01) #fs:   3  -- #Conts: 28 G(10)  A(1)  E(16)  C(1) 
1938848353 25660.24 || noQ Q (Avg,Max,Min) (1.00, 1.01, 0.99) (0.99, 0.89, 1.01) #fs:   3  -- #Conts: 27 G(10)  A(1)  E(15)  C(1) 
1939317320 25657.88 || noQ Q (Avg,Max,Min) (1.00, 1.02, 0.99) (0.99, 0.89, 1.01) #fs:   3  -- #Conts: 29 G(10)  A(1)  E(17)  C(1) 
2026208828 25622.71 || noQ Q (Avg,Max,Min) (1.01, 1.09, 1.00) (0.96, 0.27, 1.01) #fs:   2  -- #Conts: 26 H(1)  G(6)  A(1)  E(17)  C(1) 
2026817919 25591.18 || noQ Q (Avg,Max,Min) (1.00, 1.03, 1.00) (0.99, 0.89, 1.01) #fs:   2  -- #Conts: 25 G(6)  A(1)  E(17)  C(1) 
2078536453 25582.12 || noQ Q (Avg,Max,Min) (1.00, 1.03, 1.00) (0.99, 0.89, 1.01) #fs:   2  -- #Conts: 26 G(6)  A(1)  E(18)  C(1) 
2079959850 25577.65 || noQ Q (Avg,Max,Min) (1.00, 1.03, 1.00) (0.99, 0.89, 1.01) #fs:   2  -- #Conts: 25 G(6)  A(1)  E(17)  C(1) 
2081964130 25568.59 || noQ Q (Avg,Max,Min) (1.00, 1.03, 1.00) (0.99, 0.89, 1.01) #fs:   2  -- #Conts: 26 G(6)  A(1)  E(18)  C(1) 
2111249041 25552.82 || noQ Q (Avg,Max,Min) (1.00, 1.03, 1.00) (0.99, 0.89, 1.01) #fs:   1  -- #Conts: 25 G(5)  A(1)  E(18)  C(1) 
2196021879 25550.71 || noQ Q (Avg,Max,Min) (1.00, 1.05, 1.00) (0.96, 0.45, 1.01) #fs:   1  -- #Conts: 25 G(6)  A(1)  E(17)  C(1) 
2197938978 25541.65 || noQ Q (Avg,Max,Min) (1.00, 1.03, 1.00) (0.99, 0.89, 1.01) #fs:   1  -- #Conts: 24 G(5)  A(1)  E(17)  C(1) 
2216991113 25527.65 || noQ Q (Avg,Max,Min) (1.00, 1.04, 1.00) (0.97, 0.45, 1.01) #fs:   1  -- #Conts: 27 G(6)  A(1)  E(19)  C(1) 
2217898411 25525.29 || noQ Q (Avg,Max,Min) (1.00, 1.03, 1.00) (0.99, 0.88, 1.01) #fs:   1  -- #Conts: 25 G(5)  A(1)  E(18)  C(1) 
2218550485 25520.94 || noQ Q (Avg,Max,Min) (1.00, 1.05, 1.00) (0.98, 0.88, 1.01) #fs:   1  -- #Conts: 26 G(6)  A(1)  E(18)  C(1) 
2218892318 25518.59 || noQ Q (Avg,Max,Min) (1.00, 1.03, 1.00) (0.99, 0.88, 1.01) #fs:   1  -- #Conts: 25 G(5)  A(1)  E(18)  C(1) 
2326839749 25518.24 || noQ Q (Avg,Max,Min) (1.01, 1.09, 1.00) (0.97, 0.27, 1.01) #fs:   1  -- #Conts: 26 H(1)  G(6)  A(1)  E(17)  C(1) 
2327448840 25502.47 || noQ Q (Avg,Max,Min) (1.00, 1.03, 1.00) (1.00, 0.97, 1.01) #fs:   1  -- #Conts: 25 G(6)  A(1)  E(17)  C(1) 
2329446757 25493.41 || noQ Q (Avg,Max,Min) (1.00, 1.03, 1.00) (1.00, 0.97, 1.01) #fs:   1  -- #Conts: 26 G(6)  A(1)  E(18)  C(1) 
2339383736 25475.41 || noQ Q (Avg,Max,Min) (1.00, 1.03, 1.00) (1.00, 0.97, 1.01) #fs:   1  -- #Conts: 25 G(5)  A(1)  E(18)  C(1) 
2340877230 25468.71 || noQ Q (Avg,Max,Min) (1.00, 1.03, 1.00) (1.00, 0.97, 1.01) #fs:   1  -- #Conts: 25 G(5)  A(1)  E(18)  C(1) 
2366438154 25456.35 || noQ Q (Avg,Max,Min) (1.00, 1.03, 1.00) (0.99, 0.95, 1.01) #fs:   1  -- #Conts: 25 H(1)  G(4)  A(1)  E(18)  C(1) 
2367273375 25449.65 || noQ Q (Avg,Max,Min) (1.00, 1.03, 1.00) (1.00, 0.97, 1.01) #fs:   1  -- #Conts: 25 H(1)  G(4)  A(1)  E(18)  C(1) 
2376935213 25344.82 || noQ Q (Avg,Max,Min) (1.01, 1.07, 1.00) (0.96, 0.27, 1.01) #fs:   1  -- #Conts: 24 H(1)  G(2)  A(1)  E(19)  C(1) 
2377587123 25329.06 || noQ Q (Avg,Max,Min) (1.00, 1.04, 1.00) (0.97, 0.45, 1.01) #fs:   1  -- #Conts: 24 G(3)  A(1)  E(19)  C(1) 
2379146495 25322.35 || noQ Q (Avg,Max,Min) (1.00, 1.05, 1.00) (0.99, 0.91, 1.01) #fs:   1  -- #Conts: 23 G(3)  A(1)  E(18)  C(1) 
2379505737 25320.00 || noQ Q (Avg,Max,Min) (1.00, 1.03, 1.00) (0.99, 0.95, 1.01) #fs:   1  -- #Conts: 23 G(2)  A(1)  E(19)  C(1) 
2788827706 25312.35 || noQ Q (Avg,Max,Min) (1.01, 1.07, 1.00) (0.95, 0.27, 1.01) #fs:   1  -- #Conts: 20 H(1)  G(1)  E(17)  C(1) 
2789479616 25296.59 || noQ Q (Avg,Max,Min) (1.00, 1.04, 1.00) (0.96, 0.45, 1.01) #fs:   1  -- #Conts: 20 G(2)  E(17)  C(1) 
2791038988 25289.88 || noQ Q (Avg,Max,Min) (1.00, 1.05, 1.00) (0.98, 0.88, 1.01) #fs:   1  -- #Conts: 20 G(2)  E(17)  C(1) 
2791380821 25287.53 || noQ Q (Avg,Max,Min) (1.00, 1.01, 1.00) (0.98, 0.88, 1.01) #fs:   1  -- #Conts: 19 G(1)  E(17)  C(1) 
2897620543 25287.06 || noQ Q (Avg,Max,Min) (1.01, 1.07, 1.00) (0.95, 0.27, 1.01) #fs:   1  -- #Conts: 18 H(1)  A(1)  E(15)  C(1) 
2898272453 25271.29 || noQ Q (Avg,Max,Min) (1.00, 1.04, 1.00) (0.96, 0.45, 1.01) #fs:   1  -- #Conts: 18 A(1)  G(1)  E(15)  C(1) 
2899831825 25264.59 || noQ Q (Avg,Max,Min) (1.00, 1.05, 1.00) (0.99, 0.91, 1.01) #fs:   1  -- #Conts: 18 A(1)  G(1)  E(15)  C(1) 
2900173658 25262.24 || noQ Q (Avg,Max,Min) (1.00, 1.01, 1.00) (0.99, 0.95, 1.01) #fs:   1  -- #Conts: 17 A(1)  E(15)  C(1) 
2901687934 25257.88 || noQ Q (Avg,Max,Min) (1.00, 1.05, 1.00) (0.99, 0.91, 1.01) #fs:   1  -- #Conts: 17 A(1)  G(1)  E(14)  C(1) 
2902022679 25255.53 || noQ Q (Avg,Max,Min) (1.00, 1.02, 1.00) (0.99, 0.95, 1.01) #fs:   1  -- #Conts: 17 A(1)  E(15)  C(1) 
3168293620 25255.12 || noQ Q (Avg,Max,Min) (1.01, 1.09, 1.00) (0.97, 0.27, 1.02) #fs:   2  -- #Conts: 30 H(1)  A(4)  G(4)  E(20)  C(1) 
3168943120 25239.35 || noQ Q (Avg,Max,Min) (1.00, 1.05, 1.00) (0.97, 0.45, 1.02) #fs:   2  -- #Conts: 30 A(4)  G(5)  E(20)  C(1) 
3170861258 25230.29 || noQ Q (Avg,Max,Min) (1.00, 1.03, 1.00) (0.99, 0.92, 1.02) #fs:   2  -- #Conts: 29 A(4)  G(4)  E(20)  C(1) 
3297895065 24293.76 || noQ Q (Avg,Max,Min) (1.00, 1.03, 1.00) (0.98, 0.88, 1.01) #fs:   0  -- #Conts: 36 H(2)  G(4)  A(10)  E(19)  C(1) 
3298628955 24278.00 || noQ Q (Avg,Max,Min) (1.00, 1.05, 1.00) (0.97, 0.45, 1.01) #fs:   0  -- #Conts: 37 H(2)  G(5)  A(10)  E(19)  C(1) 
3300586463 24268.94 || noQ Q (Avg,Max,Min) (1.00, 1.03, 1.00) (0.99, 0.88, 1.01) #fs:   0  -- #Conts: 37 H(2)  G(4)  A(10)  E(20)  C(1) 
3319452715 24237.41 || noQ Q (Avg,Max,Min) (1.00, 1.09, 1.00) (0.97, 0.27, 1.01) #fs:   0  -- #Conts: 37 H(2)  G(4)  A(10)  E(20)  C(1) 
3319989565 24230.71 || noQ Q (Avg,Max,Min) (1.00, 1.09, 1.00) (0.97, 0.27, 1.01) #fs:   0  -- #Conts: 36 H(2)  G(4)  A(10)  E(19)  C(1) 
3320061806 24205.88 || noQ Q (Avg,Max,Min) (1.00, 1.03, 1.00) (0.99, 0.88, 1.01) #fs:   0  -- #Conts: 36 H(1)  G(4)  A(10)  E(20)  C(1) 
3321548937 24199.18 || noQ Q (Avg,Max,Min) (1.00, 1.03, 1.00) (0.99, 0.88, 1.01) #fs:   0  -- #Conts: 35 H(1)  G(4)  A(10)  E(19)  C(1) 
3339224616 23578.12 || noQ Q (Avg,Max,Min) (1.00, 1.03, 1.00) (0.98, 0.88, 1.01) #fs:   0  -- #Conts: 36 H(1)  G(1)  A(14)  E(19)  C(1) 
3339922684 23562.35 || noQ Q (Avg,Max,Min) (1.00, 1.04, 1.00) (0.97, 0.45, 1.01) #fs:   0  -- #Conts: 37 H(1)  G(2)  A(14)  E(19)  C(1) 
3341482056 23555.65 || noQ Q (Avg,Max,Min) (1.00, 1.05, 1.00) (0.98, 0.88, 1.01) #fs:   0  -- #Conts: 36 H(1)  G(2)  A(14)  E(18)  C(1) 
3341887456 23553.29 || noQ Q (Avg,Max,Min) (1.00, 1.03, 1.00) (0.99, 0.88, 1.01) #fs:   0  -- #Conts: 37 H(1)  G(1)  A(14)  E(20)  C(1) 
3379944626 23515.06 || noQ Q (Avg,Max,Min) (1.00, 1.07, 1.00) (0.96, 0.27, 1.01) #fs:   0  -- #Conts: 37 H(1)  G(2)  A(14)  E(19)  C(1) 
3380477481 23508.35 || noQ Q (Avg,Max,Min) (1.00, 1.07, 1.00) (0.96, 0.27, 1.01) #fs:   0  -- #Conts: 36 H(1)  G(2)  A(14)  E(18)  C(1) 
3380550378 23483.53 || noQ Q (Avg,Max,Min) (1.00, 1.03, 1.00) (0.98, 0.88, 1.01) #fs:   0  -- #Conts: 36 G(2)  A(14)  E(19)  C(1) 
3478416131 23465.65 || noQ Q (Avg,Max,Min) (1.00, 1.02, 1.00) (0.98, 0.88, 1.01) #fs:   0  -- #Conts: 33 A(14)  G(1)  E(17)  C(1) 
3601048073 23455.76 || noQ Q (Avg,Max,Min) (1.00, 1.04, 1.00) (0.96, 0.45, 1.01) #fs:   0  -- #Conts: 34 A(14)  G(1)  E(18)  C(1) 
3602607445 23449.06 || noQ Q (Avg,Max,Min) (1.00, 1.05, 1.00) (0.98, 0.88, 1.01) #fs:   0  -- #Conts: 33 A(14)  G(1)  E(17)  C(1) 
3602966687 23446.71 || noQ Q (Avg,Max,Min) (1.00, 1.02, 1.00) (0.98, 0.88, 1.01) #fs:   0  -- #Conts: 33 A(14)  E(18)  C(1) 
3757837745 23440.00 || noQ Q (Avg,Max,Min) (1.00, 1.02, 1.00) (0.98, 0.88, 1.01) #fs:   0  -- #Conts: 33 A(14)  E(18)  C(1) 
4333403332 23327.06 || noQ Q (Avg,Max,Min) (1.01, 1.09, 1.00) (0.95, 0.27, 1.00) #fs:   1  -- #Conts: 34 H(1)  A(15)  G(2)  E(15)  C(1) 
4334052832 23311.29 || noQ Q (Avg,Max,Min) (1.00, 1.05, 1.00) (0.96, 0.45, 1.00) #fs:   1  -- #Conts: 34 A(15)  G(3)  E(15)  C(1) 
4336010340 23302.24 || noQ Q (Avg,Max,Min) (1.00, 1.03, 1.00) (0.98, 0.79, 1.00) #fs:   1  -- #Conts: 34 A(15)  G(2)  E(16)  C(1) 
4477569880 23295.35 || noQ Q (Avg,Max,Min) (1.00, 1.03, 1.00) (0.99, 0.89, 1.02) #fs:   0  -- #Conts: 36 A(17)  G(2)  E(16)  C(1) 
4610766568 23273.12 || noQ Q (Avg,Max,Min) (1.00, 1.02, 1.00) (0.98, 0.88, 1.02) #fs:   0  -- #Conts: 33 A(17)  G(1)  E(14)  C(1) 
4612325940 23266.41 || noQ Q (Avg,Max,Min) (1.00, 1.02, 1.00) (0.98, 0.88, 1.02) #fs:   0  -- #Conts: 32 A(17)  G(1)  E(13)  C(1) 
4650073894 23265.12 || noQ Q (Avg,Max,Min) (1.00, 1.07, 1.00) (0.96, 0.27, 1.02) #fs:   0  -- #Conts: 35 H(1)  A(17)  E(16)  C(1) 
4650725804 23249.35 || noQ Q (Avg,Max,Min) (1.00, 1.04, 1.00) (0.97, 0.45, 1.02) #fs:   0  -- #Conts: 35 A(17)  G(1)  E(16)  C(1) 
4652285176 23242.65 || noQ Q (Avg,Max,Min) (1.00, 1.05, 1.00) (0.98, 0.88, 1.02) #fs:   0  -- #Conts: 34 A(17)  G(1)  E(15)  C(1) 
4652644418 23240.29 || noQ Q (Avg,Max,Min) (1.00, 1.02, 1.00) (0.98, 0.88, 1.02) #fs:   0  -- #Conts: 34 A(17)  E(16)  C(1) 
4812538179 23233.59 || noQ Q (Avg,Max,Min) (1.00, 1.02, 1.00) (0.98, 0.88, 1.02) #fs:   0  -- #Conts: 34 A(17)  E(16)  C(1) 
6557189500 23226.59 || noQ Q (Avg,Max,Min) (1.00, 1.02, 1.00) (0.99, 0.88, 1.02) #fs:   0  -- #Conts: 31 A(16)  E(14)  C(1) 
/////////////////size: 134
nodes 100 edges 123
 mulT: 5000 mulD: 20000  sumData GB 57148
pareto /LIGO.n.100.0.dax time -> 5550.0
moheft /LIGO.n.100.0.dax time -> 4261.0
distance from M to C 222.96461477371759
distance from P to C 1276.8436532211736
distance from C to M 312.161428532316
distance from C to P 646.1100444961204
toCompare: /LIGO.n.100.0.dax sumDataGB: 57148 mulT: 5000 mulD: 20000 paretoOptTime_MS: 5550.0 MoheftOptimizationTime_MS: 4261.0 MtoC 222.96461477371759 PtoC 1276.8436532211736 CtoM 312.161428532316 CtoP 646.1100444961204
