specify -Dflow d,b,mt,md,size
Running /home/vaggelis/jc/SIPHT.n.100.0.dax mt 10000 md: 500 size null
1534100264 67244.12 || noQ Q (Avg,Max,Min) (0.93, 1.00, 0.00) (0.91, 0.00, 1.00) #fs:   3  -- #Conts: 16 H(14)  G(1)  E(1) 
1534104533 53812.59 || noQ Q (Avg,Max,Min) (0.99, 1.00, 0.87) (0.96, 0.84, 1.00) #fs:   2  -- #Conts: 16 H(14)  G(1)  E(1) 
2563631193 47735.53 || noQ Q (Avg,Max,Min) (0.98, 1.00, 0.77) (0.92, 0.74, 1.00) #fs:   2  -- #Conts: 25 H(2)  G(23) 
2604134543 47136.47 || noQ Q (Avg,Max,Min) (0.98, 1.00, 0.77) (0.92, 0.74, 1.00) #fs:   2  -- #Conts: 25 H(1)  G(24) 
2629085996 46526.94 || noQ Q (Avg,Max,Min) (0.98, 1.00, 0.77) (0.92, 0.74, 1.00) #fs:   2  -- #Conts: 25 G(24)  E(1) 
4456239171 36832.71 || noQ Q (Avg,Max,Min) (0.98, 1.00, 0.61) (0.83, 0.55, 1.00) #fs:   5  -- #Conts: 48 G(1)  E(47) 
4615119659 36678.47 || noQ Q (Avg,Max,Min) (0.99, 1.00, 0.61) (0.83, 0.55, 1.00) #fs:   4  -- #Conts: 48 E(47)  C(1) 
5431982927 31968.00 || noQ Q (Avg,Max,Min) (0.97, 1.00, 0.00) (0.87, 0.00, 1.00) #fs:   7  -- #Conts: 46 C(46) 
5431986426 25944.00 || noQ Q (Avg,Max,Min) (0.99, 1.00, 0.78) (0.89, 0.67, 1.00) #fs:   6  -- #Conts: 46 C(46) 
5436541328 25940.00 || noQ Q (Avg,Max,Min) (0.99, 1.00, 0.78) (0.89, 0.67, 1.00) #fs:   6  -- #Conts: 46 C(46) 
5529962891 25929.41 || noQ Q (Avg,Max,Min) (0.99, 1.00, 0.80) (0.90, 0.67, 1.00) #fs:   3  -- #Conts: 39 E(2)  C(37) 
6462728301 10205.00 || noQ Q (Avg,Max,Min) (0.97, 1.00, 0.06) (0.97, 0.06, 1.00) #fs:   6  -- #Conts: 37 A(37) 
6462732570 8521.00 || noQ Q (Avg,Max,Min) (1.00, 1.00, 1.00) (0.99, 0.97, 1.00) #fs:   5  -- #Conts: 37 A(37) 
6476003405 8520.00 || noQ Q (Avg,Max,Min) (1.00, 1.00, 1.00) (0.99, 0.97, 1.00) #fs:   5  -- #Conts: 37 A(37) 
/////////////////size: 14
1534099376 53557.18 || noQ Q (Avg,Max,Min) (1.00, 1.02, 0.99) (0.93, 0.13, 1.00) #fs:   1  -- #Conts: 17 H(7)  G(3)  A(1)  E(4)  C(2) 
1534103645 53403.53 || noQ Q (Avg,Max,Min) (1.00, 1.00, 1.00) (0.97, 0.72, 1.00) #fs:   0  -- #Conts: 17 H(6)  G(3)  A(2)  E(4)  C(2) 
1534552673 53399.53 || noQ Q (Avg,Max,Min) (1.00, 1.00, 1.00) (0.98, 0.72, 1.00) #fs:   0  -- #Conts: 16 H(6)  G(3)  A(1)  E(4)  C(2) 
1535191607 53390.47 || noQ Q (Avg,Max,Min) (1.00, 1.01, 1.00) (0.91, 0.33, 1.00) #fs:   0  -- #Conts: 18 H(6)  G(4)  A(1)  E(5)  C(2) 
1535360839 53383.76 || noQ Q (Avg,Max,Min) (1.00, 1.01, 1.00) (0.95, 0.54, 1.00) #fs:   0  -- #Conts: 17 H(6)  G(4)  A(1)  E(4)  C(2) 
1536058502 53381.41 || noQ Q (Avg,Max,Min) (1.00, 1.00, 1.00) (0.94, 0.48, 1.00) #fs:   0  -- #Conts: 18 H(6)  G(3)  A(1)  E(6)  C(2) 
1536455024 53378.71 || noQ Q (Avg,Max,Min) (1.00, 1.00, 1.00) (0.95, 0.72, 1.00) #fs:   0  -- #Conts: 18 H(6)  G(3)  A(1)  E(5)  C(3) 
1536500714 53377.06 || noQ Q (Avg,Max,Min) (1.00, 1.01, 1.00) (0.99, 0.86, 1.00) #fs:   0  -- #Conts: 16 H(6)  G(4)  A(1)  E(3)  C(2) 
1550121844 53369.65 || noQ Q (Avg,Max,Min) (1.00, 1.01, 1.00) (0.94, 0.33, 1.00) #fs:   0  -- #Conts: 19 H(6)  G(4)  A(2)  E(5)  C(2) 
1550891404 53365.65 || noQ Q (Avg,Max,Min) (1.00, 1.01, 1.00) (0.95, 0.54, 1.00) #fs:   0  -- #Conts: 18 H(6)  G(4)  A(1)  E(5)  C(2) 
1551261719 53362.94 || noQ Q (Avg,Max,Min) (1.00, 1.01, 1.00) (0.97, 0.65, 1.00) #fs:   0  -- #Conts: 18 H(6)  G(4)  A(2)  E(4)  C(2) 
1551585205 53360.59 || noQ Q (Avg,Max,Min) (1.00, 1.00, 1.00) (0.97, 0.72, 1.00) #fs:   0  -- #Conts: 18 H(6)  G(3)  A(2)  E(5)  C(2) 
1552031279 53358.94 || noQ Q (Avg,Max,Min) (1.00, 1.01, 1.00) (0.98, 0.86, 1.00) #fs:   0  -- #Conts: 17 H(6)  G(4)  A(1)  E(4)  C(2) 
1640756865 53079.00 || noQ Q (Avg,Max,Min) (1.00, 1.00, 1.00) (0.98, 0.91, 1.00) #fs:   0  -- #Conts: 22 H(8)  G(5)  A(3)  E(4)  C(2) 
1641009704 53077.00 || noQ Q (Avg,Max,Min) (1.00, 1.00, 1.00) (0.98, 0.91, 1.00) #fs:   0  -- #Conts: 22 H(8)  G(5)  A(3)  E(4)  C(2) 
1641313558 53074.00 || noQ Q (Avg,Max,Min) (1.00, 1.00, 1.00) (0.98, 0.91, 1.00) #fs:   0  -- #Conts: 22 H(8)  G(5)  A(3)  E(4)  C(2) 
1641413536 53073.00 || noQ Q (Avg,Max,Min) (1.00, 1.00, 1.00) (0.99, 0.91, 1.00) #fs:   0  -- #Conts: 21 H(8)  G(5)  A(2)  E(4)  C(2) 
1641647797 53071.00 || noQ Q (Avg,Max,Min) (1.00, 1.00, 1.00) (0.98, 0.91, 1.00) #fs:   0  -- #Conts: 22 H(8)  G(5)  A(3)  E(4)  C(2) 
1641773356 53070.00 || noQ Q (Avg,Max,Min) (1.00, 1.00, 1.00) (0.99, 0.91, 1.00) #fs:   0  -- #Conts: 21 H(8)  G(5)  A(2)  E(4)  C(2) 
1641978053 53068.00 || noQ Q (Avg,Max,Min) (1.00, 1.00, 1.00) (0.99, 0.91, 1.00) #fs:   0  -- #Conts: 21 H(8)  G(5)  A(2)  E(4)  C(2) 
1642107595 53067.00 || noQ Q (Avg,Max,Min) (1.00, 1.00, 1.00) (0.99, 0.91, 1.00) #fs:   0  -- #Conts: 21 H(8)  G(5)  A(2)  E(4)  C(2) 
1642312292 53065.00 || noQ Q (Avg,Max,Min) (1.00, 1.00, 1.00) (0.99, 0.91, 1.00) #fs:   0  -- #Conts: 21 H(8)  G(5)  A(2)  E(4)  C(2) 
1642447338 53064.00 || noQ Q (Avg,Max,Min) (1.00, 1.00, 1.00) (0.99, 0.91, 1.00) #fs:   0  -- #Conts: 20 H(8)  G(5)  A(1)  E(4)  C(2) 
1642645831 53063.00 || noQ Q (Avg,Max,Min) (1.00, 1.01, 1.00) (0.95, 0.22, 1.00) #fs:   0  -- #Conts: 21 H(8)  G(5)  A(2)  E(4)  C(2) 
1642676916 53062.00 || noQ Q (Avg,Max,Min) (1.00, 1.00, 1.00) (0.99, 0.91, 1.00) #fs:   0  -- #Conts: 20 H(8)  G(5)  A(1)  E(4)  C(2) 
1642781577 53061.00 || noQ Q (Avg,Max,Min) (1.00, 1.00, 1.00) (0.99, 0.91, 1.00) #fs:   0  -- #Conts: 20 H(8)  G(5)  A(1)  E(4)  C(2) 
1642980070 53060.00 || noQ Q (Avg,Max,Min) (1.00, 1.01, 1.00) (0.95, 0.22, 1.00) #fs:   0  -- #Conts: 21 H(8)  G(5)  A(2)  E(4)  C(2) 
1643011155 53059.00 || noQ Q (Avg,Max,Min) (1.00, 1.00, 1.00) (0.99, 0.91, 1.00) #fs:   0  -- #Conts: 20 H(8)  G(5)  A(1)  E(4)  C(2) 
1643142825 53058.00 || noQ Q (Avg,Max,Min) (1.00, 1.00, 1.00) (0.99, 0.91, 1.00) #fs:   0  -- #Conts: 20 H(8)  G(5)  A(1)  E(4)  C(2) 
1643311634 53057.00 || noQ Q (Avg,Max,Min) (1.00, 1.00, 1.00) (0.99, 0.91, 1.00) #fs:   0  -- #Conts: 20 H(8)  G(5)  A(1)  E(4)  C(2) 
1643372403 53056.00 || noQ Q (Avg,Max,Min) (1.00, 1.00, 1.00) (0.99, 0.91, 1.00) #fs:   0  -- #Conts: 20 H(8)  G(5)  A(1)  E(4)  C(2) 
1643514202 53055.00 || noQ Q (Avg,Max,Min) (1.00, 1.00, 1.00) (0.99, 0.91, 1.00) #fs:   0  -- #Conts: 20 H(8)  G(5)  A(1)  E(4)  C(2) 
1643645873 53054.00 || noQ Q (Avg,Max,Min) (1.00, 1.00, 1.00) (0.99, 0.91, 1.00) #fs:   0  -- #Conts: 20 H(8)  G(5)  A(1)  E(4)  C(2) 
1648517097 53046.53 || noQ Q (Avg,Max,Min) (1.00, 1.00, 1.00) (0.97, 0.72, 1.00) #fs:   0  -- #Conts: 22 H(8)  G(4)  A(2)  E(6)  C(2) 
1649784589 53043.82 || noQ Q (Avg,Max,Min) (1.00, 1.00, 1.00) (0.97, 0.72, 1.00) #fs:   0  -- #Conts: 23 H(8)  G(4)  A(2)  E(6)  C(3) 
1663410468 53043.12 || noQ Q (Avg,Max,Min) (1.00, 1.00, 1.00) (0.98, 0.91, 1.00) #fs:   0  -- #Conts: 23 H(8)  G(4)  A(4)  E(5)  C(2) 
1693576762 51956.18 || noQ Q (Avg,Max,Min) (1.00, 1.00, 1.00) (0.98, 0.87, 1.00) #fs:   0  -- #Conts: 18 H(7)  G(5)  A(1)  E(4)  C(1) 
1693891779 51948.18 || noQ Q (Avg,Max,Min) (1.00, 1.00, 1.00) (0.98, 0.89, 1.00) #fs:   1  -- #Conts: 18 H(7)  G(5)  A(1)  E(4)  C(1) 
1693968397 51947.18 || noQ Q (Avg,Max,Min) (1.00, 1.00, 1.00) (0.98, 0.90, 1.00) #fs:   1  -- #Conts: 18 H(7)  G(5)  A(1)  E(4)  C(1) 
1694432180 51945.18 || noQ Q (Avg,Max,Min) (1.00, 1.00, 1.00) (0.99, 0.93, 1.00) #fs:   0  -- #Conts: 18 H(7)  G(5)  A(1)  E(4)  C(1) 
1694658382 51943.18 || noQ Q (Avg,Max,Min) (1.00, 1.00, 1.00) (0.99, 0.93, 1.00) #fs:   2  -- #Conts: 18 H(7)  G(5)  A(1)  E(4)  C(1) 
1694661757 51942.18 || noQ Q (Avg,Max,Min) (1.00, 1.00, 1.00) (0.99, 0.93, 1.00) #fs:   1  -- #Conts: 18 H(7)  G(5)  A(1)  E(4)  C(1) 
1694675263 51940.18 || noQ Q (Avg,Max,Min) (1.00, 1.00, 1.00) (0.99, 0.93, 1.00) #fs:   1  -- #Conts: 18 H(7)  G(5)  A(1)  E(4)  C(1) 
1694758926 51939.18 || noQ Q (Avg,Max,Min) (1.00, 1.00, 1.00) (0.99, 0.93, 1.00) #fs:   1  -- #Conts: 18 H(7)  G(5)  A(1)  E(4)  C(1) 
1695047566 51937.18 || noQ Q (Avg,Max,Min) (1.00, 1.00, 1.00) (0.99, 0.93, 1.00) #fs:   2  -- #Conts: 18 H(7)  G(5)  A(1)  E(4)  C(1) 
1696617970 51936.06 || noQ Q (Avg,Max,Min) (1.00, 1.00, 1.00) (0.95, 0.48, 1.00) #fs:   1  -- #Conts: 19 H(6)  G(5)  A(1)  E(6)  C(1) 
1696975235 51934.76 || noQ Q (Avg,Max,Min) (1.00, 1.00, 1.00) (0.94, 0.48, 1.00) #fs:   0  -- #Conts: 20 H(6)  G(5)  A(1)  E(7)  C(1) 
1697284407 51933.35 || noQ Q (Avg,Max,Min) (1.00, 1.00, 1.00) (0.97, 0.72, 1.00) #fs:   1  -- #Conts: 19 H(6)  G(5)  A(1)  E(5)  C(2) 
1697918776 51932.06 || noQ Q (Avg,Max,Min) (1.00, 1.00, 1.00) (0.96, 0.72, 1.00) #fs:   0  -- #Conts: 20 H(6)  G(5)  A(1)  E(6)  C(2) 
1714054419 51931.35 || noQ Q (Avg,Max,Min) (1.00, 1.00, 1.00) (0.97, 0.73, 1.00) #fs:   0  -- #Conts: 20 H(6)  G(5)  A(3)  E(5)  C(1) 
1714539206 51930.65 || noQ Q (Avg,Max,Min) (1.00, 1.00, 1.00) (0.98, 0.91, 1.00) #fs:   0  -- #Conts: 20 H(6)  G(5)  A(4)  E(4)  C(1) 
1725222442 51920.94 || noQ Q (Avg,Max,Min) (1.00, 1.00, 0.98) (0.95, 0.31, 1.00) #fs:   1  -- #Conts: 21 H(7)  G(5)  A(2)  E(6)  C(1) 
1725978320 51905.18 || noQ Q (Avg,Max,Min) (1.00, 1.01, 1.00) (0.96, 0.54, 1.00) #fs:   0  -- #Conts: 21 H(6)  G(6)  A(2)  E(6)  C(1) 
1726631666 51902.82 || noQ Q (Avg,Max,Min) (1.00, 1.00, 1.00) (0.98, 0.93, 1.00) #fs:   0  -- #Conts: 20 H(6)  G(5)  A(2)  E(6)  C(1) 
1727772434 51900.12 || noQ Q (Avg,Max,Min) (1.00, 1.00, 1.00) (0.98, 0.84, 1.00) #fs:   0  -- #Conts: 21 H(6)  G(5)  A(2)  E(6)  C(2) 
1743768885 51899.41 || noQ Q (Avg,Max,Min) (1.00, 1.00, 1.00) (0.98, 0.91, 1.00) #fs:   0  -- #Conts: 22 H(6)  G(5)  A(4)  E(6)  C(1) 
1864694117 51708.06 || noQ Q (Avg,Max,Min) (1.00, 1.00, 1.00) (0.99, 0.94, 1.00) #fs:   0  -- #Conts: 17 H(6)  G(3)  A(2)  E(4)  C(2) 
1866904760 51705.76 || noQ Q (Avg,Max,Min) (1.00, 1.00, 1.00) (0.97, 0.72, 1.00) #fs:   0  -- #Conts: 18 H(6)  G(3)  A(2)  E(5)  C(2) 
1884033979 51705.06 || noQ Q (Avg,Max,Min) (1.00, 1.00, 1.00) (0.98, 0.91, 1.00) #fs:   0  -- #Conts: 18 H(6)  G(3)  A(3)  E(4)  C(2) 
1916284786 51505.41 || noQ Q (Avg,Max,Min) (1.00, 1.00, 1.00) (0.99, 0.91, 1.00) #fs:   0  -- #Conts: 17 H(6)  G(2)  A(3)  E(4)  C(2) 
1918358584 51505.12 || noQ Q (Avg,Max,Min) (1.00, 1.00, 1.00) (0.96, 0.48, 1.00) #fs:   0  -- #Conts: 17 H(6)  G(2)  A(2)  E(5)  C(2) 
1918426107 51504.12 || noQ Q (Avg,Max,Min) (1.00, 1.00, 1.00) (0.96, 0.48, 1.00) #fs:   0  -- #Conts: 17 H(6)  G(2)  A(2)  E(5)  C(2) 
1919547725 51503.41 || noQ Q (Avg,Max,Min) (1.00, 1.00, 1.00) (0.98, 0.84, 1.00) #fs:   0  -- #Conts: 17 H(6)  G(2)  A(2)  E(4)  C(3) 
1919622001 51502.41 || noQ Q (Avg,Max,Min) (1.00, 1.00, 1.00) (0.98, 0.84, 1.00) #fs:   0  -- #Conts: 17 H(6)  G(2)  A(2)  E(4)  C(3) 
1919689524 51501.41 || noQ Q (Avg,Max,Min) (1.00, 1.00, 1.00) (0.98, 0.84, 1.00) #fs:   0  -- #Conts: 17 H(6)  G(2)  A(2)  E(4)  C(3) 
1985826707 51386.06 || noQ Q (Avg,Max,Min) (1.00, 1.00, 0.94) (0.99, 0.87, 1.00) #fs:   1  -- #Conts: 17 H(6)  G(3)  A(2)  E(4)  C(2) 
1986109232 51384.06 || noQ Q (Avg,Max,Min) (0.99, 1.00, 0.91) (0.99, 0.85, 1.00) #fs:   1  -- #Conts: 17 H(6)  G(3)  A(2)  E(4)  C(2) 
1986275735 51382.06 || noQ Q (Avg,Max,Min) (0.99, 1.00, 0.90) (0.99, 0.83, 1.00) #fs:   1  -- #Conts: 17 H(6)  G(3)  A(2)  E(4)  C(2) 
1989467777 51381.76 || noQ Q (Avg,Max,Min) (1.00, 1.00, 1.00) (0.97, 0.72, 1.00) #fs:   0  -- #Conts: 18 H(6)  G(3)  A(1)  E(5)  C(3) 
2003110000 51250.65 || noQ Q (Avg,Max,Min) (1.00, 1.02, 1.00) (0.83, 0.13, 1.00) #fs:   0  -- #Conts: 20 H(9)  G(3)  A(2)  E(4)  C(2) 
2003111442 51219.12 || noQ Q (Avg,Max,Min) (1.00, 1.02, 1.00) (0.88, 0.19, 1.00) #fs:   0  -- #Conts: 19 H(8)  G(3)  A(2)  E(4)  C(2) 
2003327388 51203.35 || noQ Q (Avg,Max,Min) (1.00, 1.02, 1.00) (0.88, 0.23, 1.00) #fs:   0  -- #Conts: 19 H(7)  G(4)  A(2)  E(4)  C(2) 
2003372562 51177.82 || noQ Q (Avg,Max,Min) (1.00, 1.01, 1.00) (0.91, 0.23, 1.00) #fs:   0  -- #Conts: 19 H(6)  G(4)  A(2)  E(4)  C(3) 
2003423302 51176.82 || noQ Q (Avg,Max,Min) (1.00, 1.01, 1.00) (0.95, 0.32, 1.00) #fs:   0  -- #Conts: 18 H(6)  G(4)  A(1)  E(4)  C(3) 
2004122694 51172.82 || noQ Q (Avg,Max,Min) (1.00, 1.01, 1.00) (0.97, 0.54, 1.00) #fs:   0  -- #Conts: 17 H(6)  G(4)  A(1)  E(4)  C(2) 
2004173059 51169.82 || noQ Q (Avg,Max,Min) (1.00, 1.01, 1.00) (0.97, 0.55, 1.00) #fs:   0  -- #Conts: 17 H(6)  G(4)  A(1)  E(4)  C(2) 
2005742810 51167.47 || noQ Q (Avg,Max,Min) (1.00, 1.00, 0.99) (0.97, 0.48, 1.00) #fs:   1  -- #Conts: 17 H(6)  G(3)  A(1)  E(5)  C(2) 
2006817088 51167.18 || noQ Q (Avg,Max,Min) (1.00, 1.00, 1.00) (0.94, 0.48, 1.00) #fs:   0  -- #Conts: 19 H(6)  G(3)  A(1)  E(7)  C(2) 
2007006227 51164.76 || noQ Q (Avg,Max,Min) (1.00, 1.00, 0.99) (0.99, 0.84, 1.00) #fs:   1  -- #Conts: 17 H(6)  G(3)  A(1)  E(4)  C(3) 
2007291087 51164.47 || noQ Q (Avg,Max,Min) (1.00, 1.00, 1.00) (0.96, 0.72, 1.00) #fs:   0  -- #Conts: 19 H(6)  G(3)  A(1)  E(6)  C(3) 
2021913259 51164.06 || noQ Q (Avg,Max,Min) (1.00, 1.00, 1.00) (0.99, 0.91, 1.00) #fs:   0  -- #Conts: 18 H(6)  G(3)  A(3)  E(4)  C(2) 
2023946307 51163.76 || noQ Q (Avg,Max,Min) (1.00, 1.00, 1.00) (0.97, 0.73, 1.00) #fs:   0  -- #Conts: 19 H(6)  G(3)  A(3)  E(5)  C(2) 
2024025584 51163.06 || noQ Q (Avg,Max,Min) (1.00, 1.00, 1.00) (0.99, 0.91, 1.00) #fs:   0  -- #Conts: 19 H(6)  G(3)  A(4)  E(4)  C(2) 
2040027439 50808.76 || noQ Q (Avg,Max,Min) (1.00, 1.00, 1.00) (0.99, 0.92, 1.00) #fs:   0  -- #Conts: 16 H(5)  G(3)  A(2)  E(4)  C(2) 
2040476467 50804.76 || noQ Q (Avg,Max,Min) (1.00, 1.00, 1.00) (0.99, 0.96, 1.00) #fs:   0  -- #Conts: 15 H(5)  G(3)  A(1)  E(4)  C(2) 
2040700726 50802.06 || noQ Q (Avg,Max,Min) (1.00, 1.00, 1.00) (0.99, 0.92, 1.00) #fs:   0  -- #Conts: 16 H(5)  G(3)  A(2)  E(4)  C(2) 
2040802711 50801.76 || noQ Q (Avg,Max,Min) (1.00, 1.00, 1.00) (0.99, 0.96, 1.00) #fs:   0  -- #Conts: 15 H(5)  G(3)  A(1)  E(4)  C(2) 
2040887114 50800.76 || noQ Q (Avg,Max,Min) (1.00, 1.00, 1.00) (0.99, 0.96, 1.00) #fs:   0  -- #Conts: 15 H(5)  G(3)  A(1)  E(4)  C(2) 
2043474331 50800.06 || noQ Q (Avg,Max,Min) (1.00, 1.01, 1.00) (0.94, 0.22, 1.00) #fs:   0  -- #Conts: 17 H(5)  G(3)  A(2)  E(4)  C(3) 
2053762526 50799.06 || noQ Q (Avg,Max,Min) (1.00, 1.00, 1.00) (0.99, 0.96, 1.00) #fs:   0  -- #Conts: 16 H(5)  G(3)  A(2)  E(4)  C(2) 
2135853756 50366.59 || noQ Q (Avg,Max,Min) (0.99, 1.02, 0.89) (0.89, 0.14, 1.00) #fs:   2  -- #Conts: 19 H(6)  G(4)  A(2)  E(5)  C(2) 
2136161503 50335.06 || noQ Q (Avg,Max,Min) (1.00, 1.02, 0.89) (0.90, 0.14, 1.00) #fs:   1  -- #Conts: 19 H(6)  G(4)  A(2)  E(5)  C(2) 
2136343400 50332.06 || noQ Q (Avg,Max,Min) (1.00, 1.02, 0.89) (0.90, 0.14, 1.00) #fs:   2  -- #Conts: 19 H(6)  G(4)  A(2)  E(5)  C(2) 
2136682864 50300.53 || noQ Q (Avg,Max,Min) (0.99, 1.02, 0.80) (0.92, 0.14, 1.00) #fs:   1  -- #Conts: 19 H(6)  G(4)  A(2)  E(5)  C(2) 
2137679190 50293.47 || noQ Q (Avg,Max,Min) (1.00, 1.00, 1.00) (0.96, 0.48, 1.00) #fs:   0  -- #Conts: 18 H(6)  G(3)  A(1)  E(6)  C(2) 
2137808699 50290.47 || noQ Q (Avg,Max,Min) (1.00, 1.01, 1.00) (0.97, 0.77, 1.00) #fs:   0  -- #Conts: 18 H(6)  G(3)  A(1)  E(6)  C(2) 
2138344599 50288.47 || noQ Q (Avg,Max,Min) (0.97, 1.00, 0.50) (0.94, 0.37, 1.00) #fs:   1  -- #Conts: 19 H(6)  G(3)  A(2)  E(6)  C(2) 
2138381530 50287.47 || noQ Q (Avg,Max,Min) (0.99, 1.00, 0.87) (0.98, 0.77, 1.00) #fs:   1  -- #Conts: 18 H(6)  G(3)  A(1)  E(6)  C(2) 
2139877187 50282.41 || noQ Q (Avg,Max,Min) (1.00, 1.00, 1.00) (0.94, 0.48, 1.00) #fs:   0  -- #Conts: 19 H(5)  G(4)  A(1)  E(7)  C(2) 
2140008268 50275.71 || noQ Q (Avg,Max,Min) (1.00, 1.00, 1.00) (0.97, 0.73, 1.00) #fs:   0  -- #Conts: 18 H(5)  G(4)  A(1)  E(6)  C(2) 
2140196943 50271.59 || noQ Q (Avg,Max,Min) (1.00, 1.01, 1.00) (0.95, 0.32, 1.00) #fs:   0  -- #Conts: 18 H(4)  G(7)  A(1)  E(4)  C(2) 
2141048714 50262.53 || noQ Q (Avg,Max,Min) (1.00, 1.00, 1.00) (0.96, 0.48, 1.00) #fs:   0  -- #Conts: 18 H(4)  G(6)  A(1)  E(5)  C(2) 
2141210041 50255.82 || noQ Q (Avg,Max,Min) (1.00, 1.00, 1.00) (0.98, 0.91, 1.00) #fs:   0  -- #Conts: 17 H(4)  G(6)  A(1)  E(4)  C(2) 
2143549894 50253.53 || noQ Q (Avg,Max,Min) (1.00, 1.00, 0.99) (0.97, 0.73, 1.00) #fs:   1  -- #Conts: 19 H(4)  G(6)  A(1)  E(5)  C(3) 
2146028640 50252.53 || noQ Q (Avg,Max,Min) (1.00, 1.01, 1.00) (0.97, 0.75, 1.00) #fs:   1  -- #Conts: 19 H(4)  G(6)  A(1)  E(5)  C(3) 
2163853461 50251.82 || noQ Q (Avg,Max,Min) (1.00, 1.00, 1.00) (0.98, 0.84, 1.00) #fs:   1  -- #Conts: 19 H(4)  G(6)  A(2)  E(4)  C(3) 
2176541268 50251.35 || noQ Q (Avg,Max,Min) (1.00, 1.00, 1.00) (0.97, 0.84, 1.00) #fs:   0  -- #Conts: 20 H(4)  G(4)  A(3)  E(6)  C(3) 
2269595415 48196.29 || noQ Q (Avg,Max,Min) (1.00, 1.00, 1.00) (0.99, 0.92, 1.00) #fs:   0  -- #Conts: 16 H(3)  G(7)  A(2)  E(3)  C(1) 
2269848254 48194.29 || noQ Q (Avg,Max,Min) (1.00, 1.00, 1.00) (0.99, 0.92, 1.00) #fs:   0  -- #Conts: 16 H(3)  G(7)  A(2)  E(3)  C(1) 
2270252086 48190.29 || noQ Q (Avg,Max,Min) (1.00, 1.00, 1.00) (0.99, 0.94, 1.00) #fs:   0  -- #Conts: 16 H(3)  G(7)  A(2)  E(3)  C(1) 
2270293907 48189.29 || noQ Q (Avg,Max,Min) (1.00, 1.00, 1.00) (0.99, 0.92, 1.00) #fs:   0  -- #Conts: 16 H(3)  G(7)  A(2)  E(3)  C(1) 
2270512749 48188.29 || noQ Q (Avg,Max,Min) (1.00, 1.00, 1.00) (0.99, 0.94, 1.00) #fs:   0  -- #Conts: 16 H(3)  G(7)  A(2)  E(3)  C(1) 
2270523485 48187.29 || noQ Q (Avg,Max,Min) (1.00, 1.00, 1.00) (0.99, 0.92, 1.00) #fs:   0  -- #Conts: 16 H(3)  G(7)  A(2)  E(3)  C(1) 
2270561021 48186.29 || noQ Q (Avg,Max,Min) (1.00, 1.00, 1.00) (0.99, 0.91, 1.00) #fs:   0  -- #Conts: 16 H(3)  G(7)  A(2)  E(3)  C(1) 
2270817234 48185.29 || noQ Q (Avg,Max,Min) (1.00, 1.00, 1.00) (0.99, 0.91, 1.00) #fs:   0  -- #Conts: 16 H(3)  G(7)  A(2)  E(3)  C(1) 
2270857724 48184.29 || noQ Q (Avg,Max,Min) (1.00, 1.00, 1.00) (0.99, 0.92, 1.00) #fs:   0  -- #Conts: 16 H(3)  G(7)  A(2)  E(3)  C(1) 
2270958402 48183.29 || noQ Q (Avg,Max,Min) (1.00, 1.00, 1.00) (0.99, 0.94, 1.00) #fs:   0  -- #Conts: 16 H(3)  G(7)  A(2)  E(3)  C(1) 
2271120458 48182.29 || noQ Q (Avg,Max,Min) (1.00, 1.00, 1.00) (0.99, 0.91, 1.00) #fs:   0  -- #Conts: 16 H(3)  G(7)  A(2)  E(3)  C(1) 
2271187980 48181.29 || noQ Q (Avg,Max,Min) (1.00, 1.00, 1.00) (0.99, 0.94, 1.00) #fs:   0  -- #Conts: 16 H(3)  G(7)  A(2)  E(3)  C(1) 
2271226122 48180.29 || noQ Q (Avg,Max,Min) (1.00, 1.00, 1.00) (1.00, 0.97, 1.00) #fs:   0  -- #Conts: 15 H(3)  G(7)  A(1)  E(3)  C(1) 
2271454697 48179.29 || noQ Q (Avg,Max,Min) (1.00, 1.00, 1.00) (0.99, 0.91, 1.00) #fs:   0  -- #Conts: 16 H(3)  G(7)  A(2)  E(3)  C(1) 
2271522219 48178.29 || noQ Q (Avg,Max,Min) (1.00, 1.00, 1.00) (0.99, 0.94, 1.00) #fs:   0  -- #Conts: 16 H(3)  G(7)  A(2)  E(3)  C(1) 
2271640384 48177.29 || noQ Q (Avg,Max,Min) (1.00, 1.00, 1.00) (1.00, 0.97, 1.00) #fs:   0  -- #Conts: 15 H(3)  G(7)  A(1)  E(3)  C(1) 
2271785559 48176.29 || noQ Q (Avg,Max,Min) (1.00, 1.00, 1.00) (1.00, 0.97, 1.00) #fs:   0  -- #Conts: 15 H(3)  G(7)  A(1)  E(3)  C(1) 
2271869962 48175.29 || noQ Q (Avg,Max,Min) (1.00, 1.00, 1.00) (1.00, 0.97, 1.00) #fs:   0  -- #Conts: 15 H(3)  G(7)  A(1)  E(3)  C(1) 
2271974623 48174.29 || noQ Q (Avg,Max,Min) (1.00, 1.00, 1.00) (1.00, 0.97, 1.00) #fs:   0  -- #Conts: 15 H(3)  G(7)  A(1)  E(3)  C(1) 
2272119798 48173.29 || noQ Q (Avg,Max,Min) (1.00, 1.00, 1.00) (1.00, 0.97, 1.00) #fs:   0  -- #Conts: 15 H(3)  G(7)  A(1)  E(3)  C(1) 
2272204201 48172.29 || noQ Q (Avg,Max,Min) (1.00, 1.00, 1.00) (1.00, 0.97, 1.00) #fs:   0  -- #Conts: 15 H(3)  G(7)  A(1)  E(3)  C(1) 
2272335871 48171.29 || noQ Q (Avg,Max,Min) (1.00, 1.00, 1.00) (1.00, 0.97, 1.00) #fs:   0  -- #Conts: 15 H(3)  G(7)  A(1)  E(3)  C(1) 
2272481046 48170.29 || noQ Q (Avg,Max,Min) (1.00, 1.00, 1.00) (1.00, 0.97, 1.00) #fs:   0  -- #Conts: 15 H(3)  G(7)  A(1)  E(3)  C(1) 
2272565449 48169.29 || noQ Q (Avg,Max,Min) (1.00, 1.00, 1.00) (1.00, 0.97, 1.00) #fs:   0  -- #Conts: 15 H(3)  G(7)  A(1)  E(3)  C(1) 
2290338863 48058.88 || noQ Q (Avg,Max,Min) (1.00, 1.00, 1.00) (0.97, 0.72, 1.00) #fs:   0  -- #Conts: 16 H(3)  G(6)  A(2)  E(4)  C(1) 
2290787891 48054.88 || noQ Q (Avg,Max,Min) (1.00, 1.01, 1.00) (0.94, 0.37, 1.00) #fs:   0  -- #Conts: 16 H(3)  G(6)  A(2)  E(4)  C(1) 
2292843232 48054.59 || noQ Q (Avg,Max,Min) (1.00, 1.00, 1.00) (0.95, 0.48, 1.00) #fs:   0  -- #Conts: 16 H(3)  G(6)  A(1)  E(5)  C(1) 
2293889406 48052.18 || noQ Q (Avg,Max,Min) (1.00, 1.00, 1.00) (0.98, 0.84, 1.00) #fs:   0  -- #Conts: 16 H(3)  G(6)  A(2)  E(3)  C(2) 
2293979933 48051.88 || noQ Q (Avg,Max,Min) (1.00, 1.00, 1.00) (0.97, 0.72, 1.00) #fs:   0  -- #Conts: 16 H(3)  G(6)  A(1)  E(4)  C(2) 
2309972451 48051.18 || noQ Q (Avg,Max,Min) (1.00, 1.00, 1.00) (0.99, 0.91, 1.00) #fs:   0  -- #Conts: 16 H(3)  G(6)  A(3)  E(3)  C(1) 
2512475479 47560.47 || noQ Q (Avg,Max,Min) (1.00, 1.02, 1.00) (0.89, 0.13, 1.00) #fs:   0  -- #Conts: 16 H(4)  G(6)  A(2)  E(3)  C(1) 
2512692867 47528.94 || noQ Q (Avg,Max,Min) (1.00, 1.02, 1.00) (0.95, 0.31, 1.00) #fs:   0  -- #Conts: 15 H(3)  G(6)  A(2)  E(3)  C(1) 
2512717805 47519.18 || noQ Q (Avg,Max,Min) (1.00, 1.00, 1.00) (1.00, 0.97, 1.00) #fs:   0  -- #Conts: 14 H(2)  G(6)  A(2)  E(3)  C(1) 
2513487365 47516.18 || noQ Q (Avg,Max,Min) (1.00, 1.00, 1.00) (0.99, 0.89, 1.00) #fs:   0  -- #Conts: 14 H(2)  G(6)  A(2)  E(3)  C(1) 
2513488173 47510.18 || noQ Q (Avg,Max,Min) (1.00, 1.01, 1.00) (0.97, 0.54, 1.00) #fs:   0  -- #Conts: 15 H(2)  G(7)  A(2)  E(3)  C(1) 
2514282809 47507.82 || noQ Q (Avg,Max,Min) (1.00, 1.00, 1.00) (0.95, 0.48, 1.00) #fs:   0  -- #Conts: 16 H(2)  G(6)  A(2)  E(5)  C(1) 
2515546226 47505.12 || noQ Q (Avg,Max,Min) (1.00, 1.00, 1.00) (0.97, 0.72, 1.00) #fs:   0  -- #Conts: 16 H(2)  G(6)  A(2)  E(4)  C(2) 
2531278738 47504.41 || noQ Q (Avg,Max,Min) (1.00, 1.00, 1.00) (0.99, 0.91, 1.00) #fs:   0  -- #Conts: 16 H(2)  G(6)  A(4)  E(3)  C(1) 
2559094555 47121.76 || noQ Q (Avg,Max,Min) (1.00, 1.02, 0.99) (0.90, 0.13, 1.00) #fs:   1  -- #Conts: 17 H(5)  G(7)  A(1)  E(3)  C(1) 
2559160241 47118.76 || noQ Q (Avg,Max,Min) (1.00, 1.02, 1.00) (0.90, 0.13, 1.00) #fs:   1  -- #Conts: 17 H(5)  G(7)  A(1)  E(3)  C(1) 
2559222159 47090.24 || noQ Q (Avg,Max,Min) (1.00, 1.01, 0.99) (0.95, 0.19, 1.00) #fs:   1  -- #Conts: 16 H(4)  G(7)  A(1)  E(3)  C(1) 
2559299138 47087.24 || noQ Q (Avg,Max,Min) (1.00, 1.01, 1.00) (0.95, 0.19, 1.00) #fs:   1  -- #Conts: 16 H(4)  G(7)  A(1)  E(3)  C(1) 
2559349191 47074.47 || noQ Q (Avg,Max,Min) (1.00, 1.01, 0.99) (0.95, 0.32, 1.00) #fs:   1  -- #Conts: 16 H(3)  G(8)  A(1)  E(3)  C(1) 
2560065633 47072.47 || noQ Q (Avg,Max,Min) (1.00, 1.01, 1.00) (0.91, 0.22, 1.00) #fs:   0  -- #Conts: 17 H(3)  G(8)  A(2)  E(3)  C(1) 
2560398965 47071.47 || noQ Q (Avg,Max,Min) (1.00, 1.00, 1.00) (1.00, 0.98, 1.00) #fs:   0  -- #Conts: 15 H(3)  G(7)  A(1)  E(3)  C(1) 
2560874028 47065.41 || noQ Q (Avg,Max,Min) (1.00, 1.00, 0.99) (0.96, 0.48, 1.00) #fs:   1  -- #Conts: 16 H(3)  G(7)  A(1)  E(4)  C(1) 
2561031676 47063.41 || noQ Q (Avg,Max,Min) (1.00, 1.01, 1.00) (0.92, 0.22, 1.00) #fs:   0  -- #Conts: 17 H(3)  G(7)  A(2)  E(4)  C(1) 
2561377793 47062.41 || noQ Q (Avg,Max,Min) (1.00, 1.00, 1.00) (0.97, 0.48, 1.00) #fs:   0  -- #Conts: 16 H(3)  G(7)  A(1)  E(4)  C(1) 
2562295093 47060.71 || noQ Q (Avg,Max,Min) (1.00, 1.01, 1.00) (0.94, 0.22, 1.00) #fs:   0  -- #Conts: 17 H(3)  G(7)  A(2)  E(3)  C(2) 
2562641210 47059.71 || noQ Q (Avg,Max,Min) (1.00, 1.00, 1.00) (0.99, 0.84, 1.00) #fs:   0  -- #Conts: 16 H(3)  G(7)  A(1)  E(3)  C(2) 
2565028095 47049.29 || noQ Q (Avg,Max,Min) (1.00, 1.01, 1.00) (0.94, 0.37, 1.00) #fs:   0  -- #Conts: 17 H(2)  G(7)  A(3)  E(4)  C(1) 
2565797655 47045.29 || noQ Q (Avg,Max,Min) (1.00, 1.01, 1.00) (0.94, 0.37, 1.00) #fs:   0  -- #Conts: 16 H(2)  G(7)  A(2)  E(4)  C(1) 
2566167970 47042.59 || noQ Q (Avg,Max,Min) (1.00, 1.01, 1.00) (0.95, 0.37, 1.00) #fs:   0  -- #Conts: 16 H(2)  G(7)  A(3)  E(3)  C(1) 
2566233662 47041.59 || noQ Q (Avg,Max,Min) (1.00, 1.00, 1.00) (0.99, 0.92, 1.00) #fs:   0  -- #Conts: 15 H(2)  G(7)  A(2)  E(3)  C(1) 
2566702341 47041.29 || noQ Q (Avg,Max,Min) (0.96, 1.00, 0.37) (0.94, 0.30, 1.00) #fs:   1  -- #Conts: 16 H(2)  G(7)  A(2)  E(4)  C(1) 
2566752706 47040.29 || noQ Q (Avg,Max,Min) (1.00, 1.01, 1.00) (0.94, 0.37, 1.00) #fs:   0  -- #Conts: 16 H(2)  G(7)  A(2)  E(4)  C(1) 
2569689292 47039.59 || noQ Q (Avg,Max,Min) (1.00, 1.00, 1.00) (0.99, 0.84, 1.00) #fs:   0  -- #Conts: 15 H(2)  G(7)  A(1)  E(3)  C(2) 
2603792409 46494.00 || noQ Q (Avg,Max,Min) (1.00, 1.02, 1.00) (0.93, 0.13, 1.00) #fs:   0  -- #Conts: 16 H(2)  G(7)  A(1)  E(5)  C(1) 
2604112085 46462.47 || noQ Q (Avg,Max,Min) (1.00, 1.00, 1.00) (0.98, 0.72, 1.00) #fs:   0  -- #Conts: 15 H(1)  G(7)  A(1)  E(5)  C(1) 
2604548086 46459.76 || noQ Q (Avg,Max,Min) (1.00, 1.00, 1.00) (0.99, 0.91, 1.00) #fs:   0  -- #Conts: 15 H(1)  G(7)  A(2)  E(4)  C(1) 
2605243530 46455.76 || noQ Q (Avg,Max,Min) (1.00, 1.00, 1.00) (1.00, 0.98, 1.00) #fs:   0  -- #Conts: 14 H(1)  G(7)  A(1)  E(4)  C(1) 
2605272461 46455.06 || noQ Q (Avg,Max,Min) (1.00, 1.00, 1.00) (0.99, 0.91, 1.00) #fs:   0  -- #Conts: 15 H(1)  G(7)  A(2)  E(4)  C(1) 
2605636990 46454.76 || noQ Q (Avg,Max,Min) (1.00, 1.01, 1.00) (0.95, 0.22, 1.00) #fs:   0  -- #Conts: 15 H(1)  G(7)  A(2)  E(4)  C(1) 
2605665921 46453.06 || noQ Q (Avg,Max,Min) (1.00, 1.00, 1.00) (1.00, 0.95, 1.00) #fs:   0  -- #Conts: 15 H(1)  G(7)  A(2)  E(4)  C(1) 
2606158376 46451.06 || noQ Q (Avg,Max,Min) (1.00, 1.00, 0.98) (1.00, 0.95, 1.00) #fs:   1  -- #Conts: 15 H(1)  G(7)  A(2)  E(4)  C(1) 
2606289491 46450.06 || noQ Q (Avg,Max,Min) (1.00, 1.00, 0.97) (1.00, 0.95, 1.00) #fs:   1  -- #Conts: 15 H(1)  G(7)  A(2)  E(4)  C(1) 
2628613491 46412.00 || noQ Q (Avg,Max,Min) (1.01, 1.06, 1.00) (0.79, 0.05, 1.00) #fs:   0  -- #Conts: 17 H(3)  G(8)  A(1)  E(3)  C(2) 
2628726698 46396.24 || noQ Q (Avg,Max,Min) (1.01, 1.06, 1.00) (0.83, 0.05, 1.00) #fs:   0  -- #Conts: 16 H(2)  G(8)  A(1)  E(3)  C(2) 
2628739483 46380.47 || noQ Q (Avg,Max,Min) (1.01, 1.06, 1.00) (0.83, 0.05, 1.00) #fs:   1  -- #Conts: 16 H(2)  G(8)  A(1)  E(3)  C(2) 
2629067223 46374.47 || noQ Q (Avg,Max,Min) (1.00, 1.02, 1.00) (0.89, 0.19, 1.00) #fs:   0  -- #Conts: 15 H(2)  G(8)  A(1)  E(3)  C(1) 
2629075010 46348.94 || noQ Q (Avg,Max,Min) (1.00, 1.06, 1.00) (0.89, 0.05, 1.00) #fs:   0  -- #Conts: 15 H(1)  G(8)  A(1)  E(3)  C(2) 
2629085108 46337.18 || noQ Q (Avg,Max,Min) (1.00, 1.06, 1.00) (0.92, 0.05, 1.00) #fs:   0  -- #Conts: 15 G(8)  A(1)  E(3)  C(3) 
2629734457 46335.88 || noQ Q (Avg,Max,Min) (1.00, 1.00, 0.98) (0.95, 0.48, 1.00) #fs:   1  -- #Conts: 14 G(8)  A(1)  E(4)  C(1) 
2629854668 46333.18 || noQ Q (Avg,Max,Min) (1.00, 1.06, 1.00) (0.93, 0.05, 1.00) #fs:   0  -- #Conts: 14 G(8)  A(1)  E(3)  C(2) 
2629862529 46329.18 || noQ Q (Avg,Max,Min) (1.00, 1.00, 0.98) (0.99, 0.93, 1.00) #fs:   1  -- #Conts: 13 G(8)  A(1)  E(3)  C(1) 
2629910838 46327.18 || noQ Q (Avg,Max,Min) (1.00, 1.00, 0.98) (0.99, 0.94, 1.00) #fs:   1  -- #Conts: 13 G(8)  A(1)  E(3)  C(1) 
2629957128 46326.18 || noQ Q (Avg,Max,Min) (1.00, 1.00, 0.98) (0.99, 0.94, 1.00) #fs:   1  -- #Conts: 13 G(8)  A(1)  E(3)  C(1) 
2630968943 46324.12 || noQ Q (Avg,Max,Min) (0.99, 1.00, 0.89) (0.97, 0.72, 1.00) #fs:   1  -- #Conts: 15 G(8)  A(1)  E(4)  C(2) 
2631389743 46323.82 || noQ Q (Avg,Max,Min) (1.00, 1.00, 1.00) (0.95, 0.48, 1.00) #fs:   0  -- #Conts: 15 G(8)  A(1)  E(5)  C(1) 
2632572155 46322.12 || noQ Q (Avg,Max,Min) (1.00, 1.00, 1.00) (0.97, 0.72, 1.00) #fs:   0  -- #Conts: 15 G(8)  A(1)  E(4)  C(2) 
2632653160 46321.12 || noQ Q (Avg,Max,Min) (1.00, 1.00, 1.00) (0.97, 0.72, 1.00) #fs:   0  -- #Conts: 15 G(8)  A(1)  E(4)  C(2) 
2647699384 46320.41 || noQ Q (Avg,Max,Min) (1.00, 1.00, 1.00) (0.99, 0.91, 1.00) #fs:   0  -- #Conts: 15 G(8)  A(3)  E(3)  C(1) 
2650596712 46318.59 || noQ Q (Avg,Max,Min) (1.00, 1.00, 1.00) (0.99, 0.94, 1.00) #fs:   0  -- #Conts: 15 G(7)  A(2)  E(5)  C(1) 
2651864204 46315.88 || noQ Q (Avg,Max,Min) (1.00, 1.00, 1.00) (0.98, 0.84, 1.00) #fs:   0  -- #Conts: 16 G(7)  A(2)  E(5)  C(2) 
2667352141 46315.18 || noQ Q (Avg,Max,Min) (1.00, 1.00, 0.98) (0.99, 0.91, 1.00) #fs:   1  -- #Conts: 16 G(7)  A(3)  E(5)  C(1) 
2907428753 20107.94 || noQ Q (Avg,Max,Min) (1.00, 1.00, 1.00) (0.99, 0.91, 1.00) #fs:   0  -- #Conts: 19 H(3)  A(7)  G(3)  E(4)  C(2) 
2907681592 20105.94 || noQ Q (Avg,Max,Min) (1.00, 1.00, 1.00) (0.99, 0.91, 1.00) #fs:   0  -- #Conts: 19 H(3)  A(7)  G(3)  E(4)  C(2) 
2908090107 20101.94 || noQ Q (Avg,Max,Min) (1.00, 1.00, 1.00) (0.99, 0.91, 1.00) #fs:   0  -- #Conts: 19 H(3)  A(7)  G(3)  E(4)  C(2) 
2908319685 20099.94 || noQ Q (Avg,Max,Min) (1.00, 1.00, 1.00) (0.99, 0.91, 1.00) #fs:   0  -- #Conts: 19 H(3)  A(7)  G(3)  E(4)  C(2) 
2908381037 20098.94 || noQ Q (Avg,Max,Min) (1.00, 1.00, 1.00) (0.99, 0.91, 1.00) #fs:   0  -- #Conts: 19 H(3)  A(7)  G(3)  E(4)  C(2) 
2908641060 20096.94 || noQ Q (Avg,Max,Min) (1.00, 1.00, 1.00) (0.99, 0.91, 1.00) #fs:   0  -- #Conts: 19 H(3)  A(7)  G(3)  E(4)  C(2) 
2908754602 20095.94 || noQ Q (Avg,Max,Min) (1.00, 1.00, 1.00) (0.99, 0.91, 1.00) #fs:   0  -- #Conts: 19 H(3)  A(7)  G(3)  E(4)  C(2) 
2908944914 20094.94 || noQ Q (Avg,Max,Min) (1.00, 1.00, 1.00) (0.99, 0.91, 1.00) #fs:   0  -- #Conts: 19 H(3)  A(7)  G(3)  E(4)  C(2) 
2908984180 20093.94 || noQ Q (Avg,Max,Min) (1.00, 1.00, 1.00) (0.99, 0.91, 1.00) #fs:   0  -- #Conts: 19 H(3)  A(7)  G(3)  E(4)  C(2) 
2909055019 20092.94 || noQ Q (Avg,Max,Min) (1.00, 1.00, 1.00) (0.99, 0.91, 1.00) #fs:   0  -- #Conts: 18 H(3)  A(6)  G(3)  E(4)  C(2) 
2909279153 20091.94 || noQ Q (Avg,Max,Min) (1.00, 1.00, 1.00) (0.99, 0.91, 1.00) #fs:   0  -- #Conts: 19 H(3)  A(7)  G(3)  E(4)  C(2) 
2909315042 20090.94 || noQ Q (Avg,Max,Min) (1.00, 1.00, 1.00) (0.99, 0.91, 1.00) #fs:   0  -- #Conts: 18 H(3)  A(6)  G(3)  E(4)  C(2) 
2909436584 20089.94 || noQ Q (Avg,Max,Min) (1.00, 1.00, 1.00) (0.99, 0.91, 1.00) #fs:   0  -- #Conts: 18 H(3)  A(6)  G(3)  E(4)  C(2) 
2909618896 20088.94 || noQ Q (Avg,Max,Min) (1.00, 1.00, 1.00) (0.99, 0.91, 1.00) #fs:   0  -- #Conts: 18 H(3)  A(6)  G(3)  E(4)  C(2) 
2909666162 20087.94 || noQ Q (Avg,Max,Min) (1.00, 1.00, 1.00) (0.99, 0.91, 1.00) #fs:   0  -- #Conts: 18 H(3)  A(6)  G(3)  E(4)  C(2) 
2909797832 20086.94 || noQ Q (Avg,Max,Min) (1.00, 1.00, 1.00) (0.99, 0.91, 1.00) #fs:   0  -- #Conts: 18 H(3)  A(6)  G(3)  E(4)  C(2) 
2909953135 20085.94 || noQ Q (Avg,Max,Min) (1.00, 1.00, 1.00) (0.99, 0.91, 1.00) #fs:   0  -- #Conts: 18 H(3)  A(6)  G(3)  E(4)  C(2) 
2910027410 20084.94 || noQ Q (Avg,Max,Min) (1.00, 1.00, 1.00) (0.99, 0.91, 1.00) #fs:   0  -- #Conts: 18 H(3)  A(6)  G(3)  E(4)  C(2) 
2910169209 20083.94 || noQ Q (Avg,Max,Min) (1.00, 1.00, 1.00) (0.99, 0.91, 1.00) #fs:   0  -- #Conts: 18 H(3)  A(6)  G(3)  E(4)  C(2) 
2910314383 20082.94 || noQ Q (Avg,Max,Min) (1.00, 1.00, 1.00) (0.99, 0.91, 1.00) #fs:   0  -- #Conts: 18 H(3)  A(6)  G(3)  E(4)  C(2) 
2910398787 20081.94 || noQ Q (Avg,Max,Min) (1.00, 1.00, 1.00) (0.99, 0.91, 1.00) #fs:   0  -- #Conts: 18 H(3)  A(6)  G(3)  E(4)  C(2) 
3127569135 19516.88 || noQ Q (Avg,Max,Min) (1.00, 1.01, 1.00) (0.95, 0.19, 1.00) #fs:   0  -- #Conts: 19 H(3)  A(7)  G(3)  E(4)  C(2) 
3128018163 19512.88 || noQ Q (Avg,Max,Min) (1.00, 1.02, 1.00) (0.95, 0.32, 1.00) #fs:   0  -- #Conts: 19 H(3)  A(7)  G(3)  E(4)  C(2) 
3128055149 19501.12 || noQ Q (Avg,Max,Min) (1.00, 1.00, 1.00) (0.99, 0.91, 1.00) #fs:   0  -- #Conts: 18 H(2)  A(7)  G(3)  E(4)  C(2) 
3128824709 19497.12 || noQ Q (Avg,Max,Min) (1.00, 1.00, 1.00) (0.99, 0.91, 1.00) #fs:   0  -- #Conts: 18 H(2)  A(7)  G(3)  E(4)  C(2) 
3129195024 19495.12 || noQ Q (Avg,Max,Min) (1.00, 1.00, 1.00) (0.99, 0.91, 1.00) #fs:   0  -- #Conts: 18 H(2)  A(7)  G(3)  E(4)  C(2) 
3129523182 19492.06 || noQ Q (Avg,Max,Min) (1.00, 1.00, 1.00) (0.97, 0.73, 1.00) #fs:   0  -- #Conts: 19 H(2)  A(7)  G(3)  E(5)  C(2) 
3129964584 19491.12 || noQ Q (Avg,Max,Min) (1.00, 1.00, 1.00) (0.99, 0.91, 1.00) #fs:   0  -- #Conts: 17 H(2)  A(6)  G(3)  E(4)  C(2) 
3170104650 19001.41 || noQ Q (Avg,Max,Min) (1.00, 1.02, 1.00) (0.90, 0.13, 1.00) #fs:   0  -- #Conts: 20 H(3)  A(7)  G(4)  E(4)  C(2) 
3170322038 18969.88 || noQ Q (Avg,Max,Min) (1.00, 1.02, 1.00) (0.95, 0.31, 1.00) #fs:   0  -- #Conts: 19 H(2)  A(7)  G(4)  E(4)  C(2) 
3170346976 18960.12 || noQ Q (Avg,Max,Min) (1.00, 1.00, 1.00) (0.98, 0.91, 1.00) #fs:   0  -- #Conts: 18 H(1)  A(7)  G(4)  E(4)  C(2) 
3171116536 18956.12 || noQ Q (Avg,Max,Min) (1.00, 1.00, 1.00) (0.98, 0.91, 1.00) #fs:   0  -- #Conts: 18 H(1)  A(7)  G(4)  E(4)  C(2) 
3171117344 18954.12 || noQ Q (Avg,Max,Min) (1.00, 1.01, 1.00) (0.96, 0.54, 1.00) #fs:   0  -- #Conts: 19 H(1)  A(7)  G(5)  E(4)  C(2) 
3171778690 18951.76 || noQ Q (Avg,Max,Min) (1.00, 1.00, 1.00) (0.94, 0.48, 1.00) #fs:   0  -- #Conts: 20 H(1)  A(7)  G(4)  E(6)  C(2) 
3172345948 18950.47 || noQ Q (Avg,Max,Min) (1.00, 1.00, 1.00) (0.93, 0.48, 1.00) #fs:   0  -- #Conts: 20 H(1)  A(6)  G(4)  E(7)  C(2) 
3172654642 18949.06 || noQ Q (Avg,Max,Min) (1.00, 1.00, 1.00) (0.96, 0.72, 1.00) #fs:   0  -- #Conts: 20 H(1)  A(7)  G(4)  E(5)  C(3) 
3173147097 18947.76 || noQ Q (Avg,Max,Min) (1.00, 1.00, 1.00) (0.95, 0.72, 1.00) #fs:   0  -- #Conts: 20 H(1)  A(6)  G(4)  E(6)  C(3) 
3174898968 18946.76 || noQ Q (Avg,Max,Min) (1.00, 1.01, 1.00) (0.95, 0.73, 1.00) #fs:   0  -- #Conts: 20 H(1)  A(6)  G(4)  E(6)  C(3) 
3188907909 18946.06 || noQ Q (Avg,Max,Min) (1.00, 1.01, 1.00) (0.97, 0.77, 1.00) #fs:   0  -- #Conts: 20 H(1)  A(8)  G(4)  E(5)  C(2) 
3192723789 18945.35 || noQ Q (Avg,Max,Min) (1.00, 1.00, 1.00) (0.97, 0.84, 1.00) #fs:   0  -- #Conts: 20 H(1)  A(8)  G(4)  E(4)  C(3) 
3241625747 18387.06 || noQ Q (Avg,Max,Min) (1.00, 1.02, 1.00) (0.94, 0.13, 1.00) #fs:   0  -- #Conts: 19 H(1)  A(9)  G(3)  E(4)  C(2) 
3241945423 18355.53 || noQ Q (Avg,Max,Min) (1.00, 1.00, 1.00) (0.98, 0.91, 1.00) #fs:   0  -- #Conts: 18 A(9)  G(3)  E(4)  C(2) 
3606899869 18251.18 || noQ Q (Avg,Max,Min) (1.00, 1.02, 1.00) (0.95, 0.13, 1.00) #fs:   0  -- #Conts: 20 H(1)  A(7)  G(3)  E(7)  C(2) 
3607219545 18235.41 || noQ Q (Avg,Max,Min) (1.00, 1.00, 1.00) (0.99, 0.92, 1.00) #fs:   0  -- #Conts: 19 A(7)  G(3)  E(7)  C(2) 
3608186444 18226.35 || noQ Q (Avg,Max,Min) (1.00, 1.00, 1.00) (0.97, 0.48, 1.00) #fs:   0  -- #Conts: 20 A(7)  G(3)  E(8)  C(2) 
3609449861 18223.65 || noQ Q (Avg,Max,Min) (1.00, 1.00, 1.00) (0.99, 0.84, 1.00) #fs:   0  -- #Conts: 20 A(7)  G(3)  E(7)  C(3) 
3970103893 18223.35 || noQ Q (Avg,Max,Min) (1.00, 1.01, 1.00) (0.94, 0.45, 1.00) #fs:   0  -- #Conts: 21 A(9)  G(3)  E(6)  C(3) 
3985988013 18222.35 || noQ Q (Avg,Max,Min) (1.00, 1.01, 1.00) (0.98, 0.77, 1.00) #fs:   0  -- #Conts: 20 A(9)  G(3)  E(6)  C(2) 
3986492463 18221.65 || noQ Q (Avg,Max,Min) (1.00, 1.00, 1.00) (0.99, 0.91, 1.00) #fs:   0  -- #Conts: 19 A(9)  G(3)  E(5)  C(2) 
4147038205 18135.59 || noQ Q (Avg,Max,Min) (1.00, 1.02, 0.99) (0.90, 0.13, 1.00) #fs:   1  -- #Conts: 20 H(2)  A(8)  G(3)  E(5)  C(2) 
4147241781 18119.82 || noQ Q (Avg,Max,Min) (1.00, 1.01, 0.99) (0.91, 0.20, 1.00) #fs:   1  -- #Conts: 20 H(1)  A(8)  G(4)  E(5)  C(2) 
4147487233 18104.06 || noQ Q (Avg,Max,Min) (1.00, 1.00, 1.00) (0.95, 0.33, 1.00) #fs:   1  -- #Conts: 19 H(1)  A(8)  G(3)  E(5)  C(2) 
4148195039 18095.00 || noQ Q (Avg,Max,Min) (1.00, 1.01, 1.00) (0.95, 0.34, 1.00) #fs:   0  -- #Conts: 19 A(8)  G(4)  E(5)  C(2) 
4148296911 18088.29 || noQ Q (Avg,Max,Min) (1.00, 1.01, 1.00) (0.96, 0.56, 1.00) #fs:   0  -- #Conts: 19 A(8)  G(4)  E(5)  C(2) 
4149052315 18085.94 || noQ Q (Avg,Max,Min) (1.00, 1.00, 1.00) (0.96, 0.48, 1.00) #fs:   0  -- #Conts: 19 A(8)  G(3)  E(6)  C(2) 
4149436786 18082.29 || noQ Q (Avg,Max,Min) (1.00, 1.01, 1.00) (0.98, 0.88, 1.00) #fs:   0  -- #Conts: 18 A(7)  G(4)  E(5)  C(2) 
4248853660 17983.06 || noQ Q (Avg,Max,Min) (1.00, 1.02, 1.00) (0.88, 0.13, 1.00) #fs:   0  -- #Conts: 20 H(1)  A(7)  G(5)  E(5)  C(2) 
4249174192 17951.53 || noQ Q (Avg,Max,Min) (1.00, 1.01, 0.96) (0.93, 0.32, 1.00) #fs:   1  -- #Conts: 19 A(7)  G(5)  E(5)  C(2) 
4250103662 17949.53 || noQ Q (Avg,Max,Min) (0.98, 1.01, 0.68) (0.93, 0.32, 1.00) #fs:   1  -- #Conts: 19 A(7)  G(5)  E(5)  C(2) 
4250217626 17933.76 || noQ Q (Avg,Max,Min) (1.00, 1.01, 1.00) (0.98, 0.86, 1.00) #fs:   0  -- #Conts: 18 A(7)  G(4)  E(5)  C(2) 
4252083988 17930.41 || noQ Q (Avg,Max,Min) (1.00, 1.00, 1.00) (0.99, 0.91, 1.00) #fs:   0  -- #Conts: 17 A(7)  G(3)  E(5)  C(2) 
4462930902 15140.24 || noQ Q (Avg,Max,Min) (1.00, 1.01, 1.00) (0.95, 0.19, 1.00) #fs:   0  -- #Conts: 18 H(1)  A(9)  G(3)  E(3)  C(2) 
4463379930 15136.24 || noQ Q (Avg,Max,Min) (1.00, 1.02, 1.00) (0.96, 0.32, 1.00) #fs:   0  -- #Conts: 18 H(1)  A(9)  G(3)  E(3)  C(2) 
4463417726 15124.47 || noQ Q (Avg,Max,Min) (1.00, 1.01, 1.00) (0.96, 0.33, 1.00) #fs:   0  -- #Conts: 18 A(9)  G(4)  E(3)  C(2) 
4464187286 15120.47 || noQ Q (Avg,Max,Min) (1.00, 1.01, 1.00) (0.97, 0.54, 1.00) #fs:   0  -- #Conts: 18 A(9)  G(4)  E(3)  C(2) 
4464557601 15118.47 || noQ Q (Avg,Max,Min) (1.00, 1.01, 1.00) (0.98, 0.65, 1.00) #fs:   0  -- #Conts: 18 A(9)  G(4)  E(3)  C(2) 
4464884949 15115.41 || noQ Q (Avg,Max,Min) (1.00, 1.00, 1.00) (0.98, 0.73, 1.00) #fs:   0  -- #Conts: 18 A(9)  G(3)  E(4)  C(2) 
4483243031 15114.71 || noQ Q (Avg,Max,Min) (1.00, 1.00, 1.00) (0.99, 0.92, 1.00) #fs:   0  -- #Conts: 17 A(9)  G(3)  E(3)  C(2) 
4502943031 15113.71 || noQ Q (Avg,Max,Min) (1.00, 1.00, 1.00) (0.99, 0.92, 1.00) #fs:   0  -- #Conts: 17 A(9)  G(3)  E(3)  C(2) 
4574234703 12616.29 || noQ Q (Avg,Max,Min) (1.00, 1.01, 1.00) (0.95, 0.19, 1.00) #fs:   0  -- #Conts: 17 H(1)  A(8)  G(3)  E(3)  C(2) 
4574683731 12612.29 || noQ Q (Avg,Max,Min) (1.00, 1.02, 1.00) (0.96, 0.31, 1.00) #fs:   0  -- #Conts: 17 H(1)  A(8)  G(3)  E(3)  C(2) 
4574709477 12600.53 || noQ Q (Avg,Max,Min) (1.00, 1.01, 1.00) (0.96, 0.32, 1.00) #fs:   0  -- #Conts: 17 A(8)  G(4)  E(3)  C(2) 
4575479037 12596.53 || noQ Q (Avg,Max,Min) (1.00, 1.01, 1.00) (0.97, 0.54, 1.00) #fs:   0  -- #Conts: 17 A(8)  G(4)  E(3)  C(2) 
4576140383 12591.47 || noQ Q (Avg,Max,Min) (1.00, 1.00, 1.00) (0.98, 0.72, 1.00) #fs:   0  -- #Conts: 17 A(8)  G(3)  E(4)  C(2) 
4586742980 9872.18 || noQ Q (Avg,Max,Min) (1.00, 1.02, 1.00) (0.90, 0.13, 1.00) #fs:   0  -- #Conts: 20 H(2)  A(9)  G(3)  E(4)  C(2) 
4587010797 9840.65 || noQ Q (Avg,Max,Min) (1.00, 1.02, 1.00) (0.95, 0.32, 1.00) #fs:   0  -- #Conts: 19 H(1)  A(9)  G(3)  E(4)  C(2) 
4587818153 9824.88 || noQ Q (Avg,Max,Min) (1.00, 1.01, 1.00) (0.96, 0.54, 1.00) #fs:   0  -- #Conts: 19 A(9)  G(4)  E(4)  C(2) 
4588515816 9822.53 || noQ Q (Avg,Max,Min) (1.00, 1.00, 1.00) (0.95, 0.48, 1.00) #fs:   0  -- #Conts: 20 A(9)  G(3)  E(6)  C(2) 
4588958028 9818.18 || noQ Q (Avg,Max,Min) (1.00, 1.01, 1.00) (0.99, 0.86, 1.00) #fs:   0  -- #Conts: 18 A(9)  G(4)  E(3)  C(2) 
4605984666 9818.12 || noQ Q (Avg,Max,Min) (1.00, 1.00, 1.00) (0.98, 0.73, 1.00) #fs:   1  -- #Conts: 18 A(9)  G(3)  E(4)  C(2) 
4606065179 9817.41 || noQ Q (Avg,Max,Min) (1.00, 1.00, 1.00) (0.99, 0.92, 1.00) #fs:   0  -- #Conts: 18 A(10)  G(3)  E(3)  C(2) 
6443193543 8543.71 || noQ Q (Avg,Max,Min) (1.00, 1.02, 1.00) (0.90, 0.13, 1.00) #fs:   2  -- #Conts: 18 H(2)  A(9)  G(1)  E(4)  C(2) 
6443214474 8463.47 || noQ Q (Avg,Max,Min) (1.00, 1.02, 1.00) (0.86, 0.13, 1.00) #fs:   3  -- #Conts: 19 H(3)  A(7)  G(1)  E(6)  C(2) 
6443272939 8447.71 || noQ Q (Avg,Max,Min) (1.00, 1.01, 1.00) (0.86, 0.19, 1.00) #fs:   3  -- #Conts: 19 H(2)  A(7)  G(2)  E(6)  C(2) 
6443642571 8431.94 || noQ Q (Avg,Max,Min) (1.00, 1.02, 1.00) (0.90, 0.19, 1.00) #fs:   3  -- #Conts: 18 H(2)  A(7)  G(1)  E(6)  C(2) 
6443668317 8416.18 || noQ Q (Avg,Max,Min) (1.00, 1.02, 1.00) (0.91, 0.32, 1.00) #fs:   3  -- #Conts: 18 H(1)  A(7)  G(2)  E(6)  C(2) 
6444238982 8407.12 || noQ Q (Avg,Max,Min) (1.00, 1.01, 1.00) (0.89, 0.32, 1.00) #fs:   3  -- #Conts: 19 A(7)  G(3)  E(7)  C(2) 
6444437877 8400.41 || noQ Q (Avg,Max,Min) (1.00, 1.01, 1.00) (0.92, 0.33, 1.00) #fs:   3  -- #Conts: 18 A(7)  G(3)  E(6)  C(2) 
6444841173 8391.35 || noQ Q (Avg,Max,Min) (1.00, 1.01, 1.00) (0.94, 0.48, 1.00) #fs:   3  -- #Conts: 18 A(7)  G(2)  E(7)  C(2) 
6445168521 8389.00 || noQ Q (Avg,Max,Min) (1.00, 1.00, 1.00) (0.93, 0.48, 1.00) #fs:   3  -- #Conts: 19 A(7)  G(1)  E(9)  C(2) 
6445502399 8386.29 || noQ Q (Avg,Max,Min) (1.00, 1.00, 1.00) (0.95, 0.72, 1.00) #fs:   3  -- #Conts: 19 A(7)  G(1)  E(8)  C(3) 
6445610733 8384.65 || noQ Q (Avg,Max,Min) (1.00, 1.01, 1.00) (0.98, 0.86, 1.00) #fs:   3  -- #Conts: 17 A(7)  G(2)  E(6)  C(2) 
6475527634 8384.59 || noQ Q (Avg,Max,Min) (1.00, 1.00, 1.00) (0.97, 0.73, 1.00) #fs:   3  -- #Conts: 17 A(7)  G(1)  E(7)  C(2) 
6475528442 8383.88 || noQ Q (Avg,Max,Min) (1.00, 1.00, 1.00) (0.99, 0.91, 1.00) #fs:   4  -- #Conts: 16 A(7)  G(1)  E(6)  C(2) 
/////////////////size: 286
nodes 97 edges 109
 mulT: 10000 mulD: 500  sumData GB 1103
pareto /SIPHT.n.100.0.dax time -> 6860.0
moheft /SIPHT.n.100.0.dax time -> 7796.0
distance from M to C 0.0
distance from P to C 1318.81902119235
distance from C to M 0.0
distance from C to P 743.9875685660728
toCompare: /SIPHT.n.100.0.dax sumDataGB: 1103 mulT: 10000 mulD: 500 paretoOptTime_MS: 6860.0 MoheftOptimizationTime_MS: 7796.0 MtoC 0.0 PtoC 1318.81902119235 CtoM 0.0 CtoP 743.9875685660728
