specify -Dflow d,b,mt,md,size
Running /home/vaggelis/jc/CYBERSHAKE.n.50.0.dax mt 30 md: 20000 size null
    686919 063.06 || noQ Q (Avg,Max,Min) (119.94, 137.27, 10.00) (22.81, 10.00, 26.05) #fs:   1  -- #Conts: 2 H(2) 
   1125344 047.29 || noQ Q (Avg,Max,Min) (74.23, 83.76, 10.00) (22.88, 10.00, 26.18) #fs:   1  -- #Conts: 2 H(1)  G(1) 
   1173990 031.53 || noQ Q (Avg,Max,Min) (70.48, 80.50, 10.00) (22.95, 10.00, 26.18) #fs:   1  -- #Conts: 2 G(2) 
   2296520 015.76 || noQ Q (Avg,Max,Min) (71.92, 71.92, 10.00) (45.88, 10.00, 45.88) #fs:   0  -- #Conts: 1 G(1) 
   2641971 013.41 || noQ Q (Avg,Max,Min) (31.82, 36.23, 10.00) (23.35, 10.00, 26.57) #fs:   1  -- #Conts: 2 E(2) 
  20234139 013.00 || noQ Q (Avg,Max,Min) (3.72, 5.57, 1.14) (3.13, 0.01, 5.21) #fs:   1  -- #Conts: 3 A(3) 
  20256195 012.00 || noQ Q (Avg,Max,Min) (5.00, 5.56, 4.45) (4.69, 4.17, 5.21) #fs:   1  -- #Conts: 2 A(2) 
/////////////////size: 7
   1085030 047.29 || noQ Q (Avg,Max,Min) (75.97, 86.79, 10.00) (22.88, 10.00, 26.16) #fs:   4  -- #Conts: 2 H(1)  G(1) 
   1314142 039.53 || noQ Q (Avg,Max,Min) (21.69, 124.94, 0.16) (7.64, 0.01, 45.61) #fs:   1  -- #Conts: 6 H(1)  A(4)  C(1) 
   1315479 035.53 || noQ Q (Avg,Max,Min) (25.67, 124.82, 0.16) (9.17, 0.04, 45.61) #fs:   1  -- #Conts: 5 H(1)  A(4) 
   1320475 034.53 || noQ Q (Avg,Max,Min) (31.68, 124.35, 0.16) (11.45, 0.04, 45.61) #fs:   1  -- #Conts: 4 H(1)  A(3) 
   1324670 033.53 || noQ Q (Avg,Max,Min) (42.06, 123.96, 1.11) (15.25, 0.05, 45.61) #fs:   0  -- #Conts: 3 H(1)  A(2) 
   1329776 032.53 || noQ Q (Avg,Max,Min) (62.30, 123.48, 1.11) (22.85, 0.09, 45.61) #fs:   0  -- #Conts: 2 H(1)  A(1) 
   1340000 031.53 || noQ Q (Avg,Max,Min) (122.55, 122.55, 10.00) (45.62, 10.00, 45.62) #fs:   0  -- #Conts: 1 H(1) 
   2252051 029.47 || noQ Q (Avg,Max,Min) (13.16, 73.32, 0.55) (7.68, 0.00, 45.87) #fs:   1  -- #Conts: 6 G(1)  A(3)  E(1)  C(1) 
   2252153 022.76 || noQ Q (Avg,Max,Min) (15.56, 73.32, 0.55) (9.22, 0.01, 45.87) #fs:   2  -- #Conts: 5 G(1)  A(3)  C(1) 
   2253195 021.76 || noQ Q (Avg,Max,Min) (19.11, 73.29, 0.55) (11.52, 0.01, 45.87) #fs:   2  -- #Conts: 4 G(1)  A(2)  C(1) 
   2254500 018.76 || noQ Q (Avg,Max,Min) (19.18, 73.24, 1.12) (11.52, 0.03, 45.87) #fs:   0  -- #Conts: 4 G(1)  A(3) 
   2259588 017.76 || noQ Q (Avg,Max,Min) (25.12, 73.08, 1.12) (15.36, 0.04, 45.87) #fs:   0  -- #Conts: 3 G(1)  A(2) 
   2266360 016.76 || noQ Q (Avg,Max,Min) (36.99, 72.87, 1.12) (23.02, 0.16, 45.87) #fs:   0  -- #Conts: 2 G(1)  A(1) 
   2296520 015.76 || noQ Q (Avg,Max,Min) (71.92, 71.92, 10.00) (45.88, 10.00, 45.88) #fs:   0  -- #Conts: 1 G(1) 
   4221869 015.71 || noQ Q (Avg,Max,Min) (14.75, 23.05, 0.74) (11.23, 0.03, 20.15) #fs:   4  -- #Conts: 3 A(1)  E(1)  C(1) 
   4243644 014.71 || noQ Q (Avg,Max,Min) (21.70, 22.94, 10.00) (16.84, 10.00, 20.15) #fs:   3  -- #Conts: 2 E(1)  C(1) 
 187965128 013.71 || noQ Q (Avg,Max,Min) (85.52, 133.18, 10.00) (39.29, 10.00, 59.00) #fs:   1  -- #Conts: 7 A(6)  E(1) 
 188182927 012.71 || noQ Q (Avg,Max,Min) (78.99, 127.68, 10.00) (45.84, 10.00, 59.00) #fs:   1  -- #Conts: 6 A(5)  E(1) 
 188897528 011.71 || noQ Q (Avg,Max,Min) (74.83, 120.27, 10.00) (55.01, 10.00, 78.18) #fs:   1  -- #Conts: 5 A(4)  E(1) 
 189138128 010.71 || noQ Q (Avg,Max,Min) (74.82, 109.16, 10.00) (62.89, 10.00, 78.25) #fs:   1  -- #Conts: 5 A(4)  E(1) 
/////////////////size: 20
nodes 50 edges 92
 mulT: 30 mulD: 20000  sumData GB 1726048
pareto /CYBERSHAKE.n.50.0.dax time -> 137.0
moheft /CYBERSHAKE.n.50.0.dax time -> 184.0
distance from M to C 0.3790670562630921
distance from P to C 0.0
distance from C to M 0.8739577101722575
distance from C to P 1.03921569751367
toCompare: /CYBERSHAKE.n.50.0.dax sumDataGB: 1726048 mulT: 30 mulD: 20000 paretoOptTime_MS: 137.0 MoheftOptimizationTime_MS: 184.0 MtoC 0.3790670562630921 PtoC 0.0 CtoM 0.8739577101722575 CtoP 1.03921569751367
