specify -Dflow d,b,mt,md,size
Running /home/vaggelis/jc/CYBERSHAKE.n.50.0.dax mt 10 md: 100 size null
    227764 063.06 || noQ Q (Avg,Max,Min) (2.77, 3.01, 2.53) (0.18, 0.16, 0.19) #fs:   1  -- #Conts: 2 H(2) 
    375714 047.29 || noQ Q (Avg,Max,Min) (1.92, 2.24, 1.60) (0.20, 0.16, 0.23) #fs:   1  -- #Conts: 2 H(1)  G(1) 
    390312 031.53 || noQ Q (Avg,Max,Min) (2.03, 2.16, 1.90) (0.22, 0.21, 0.23) #fs:   1  -- #Conts: 2 G(2) 
    765522 015.76 || noQ Q (Avg,Max,Min) (2.06, 2.06, 2.06) (0.44, 0.44, 0.44) #fs:   0  -- #Conts: 1 G(1) 
    880215 013.41 || noQ Q (Avg,Max,Min) (1.44, 1.49, 1.40) (0.35, 0.34, 0.36) #fs:   1  -- #Conts: 2 E(2) 
   1464126 010.71 || noQ Q (Avg,Max,Min) (1.10, 1.32, 0.88) (0.44, 0.34, 0.54) #fs:   1  -- #Conts: 2 E(1)  C(1) 
   1726468 006.71 || noQ Q (Avg,Max,Min) (1.47, 1.47, 1.47) (0.71, 0.71, 0.71) #fs:   0  -- #Conts: 1 E(1) 
   2983214 004.00 || noQ Q (Avg,Max,Min) (1.27, 1.27, 1.27) (1.05, 1.05, 1.05) #fs:   0  -- #Conts: 1 C(1) 
/////////////////size: 8
    360577 060.00 || noQ Q (Avg,Max,Min) (1.23, 2.29, 0.60) (0.07, 0.00, 0.23) #fs:   3  -- #Conts: 6 H(1)  G(1)  A(2)  E(1)  C(1) 
    360647 053.29 || noQ Q (Avg,Max,Min) (1.27, 2.29, 0.60) (0.09, 0.00, 0.23) #fs:   3  -- #Conts: 5 H(1)  G(1)  A(2)  C(1) 
    360674 051.29 || noQ Q (Avg,Max,Min) (1.02, 2.29, 0.16) (0.08, 0.00, 0.23) #fs:   7  -- #Conts: 6 H(1)  G(1)  A(4) 
    360809 050.29 || noQ Q (Avg,Max,Min) (1.02, 2.29, 0.16) (0.09, 0.01, 0.23) #fs:   6  -- #Conts: 5 H(1)  G(1)  A(3) 
    361759 049.29 || noQ Q (Avg,Max,Min) (1.23, 2.29, 0.42) (0.11, 0.02, 0.23) #fs:   5  -- #Conts: 4 H(1)  G(1)  A(2) 
    363407 048.29 || noQ Q (Avg,Max,Min) (1.50, 2.28, 0.61) (0.14, 0.03, 0.23) #fs:   3  -- #Conts: 3 H(1)  G(1)  A(1) 
    365930 047.29 || noQ Q (Avg,Max,Min) (1.93, 2.27, 1.59) (0.20, 0.16, 0.23) #fs:   1  -- #Conts: 2 H(1)  G(1) 
    437943 047.24 || noQ Q (Avg,Max,Min) (1.02, 2.86, 0.11) (0.05, 0.00, 0.35) #fs:   3  -- #Conts: 8 H(1)  A(5)  E(1)  C(1) 
    438057 040.53 || noQ Q (Avg,Max,Min) (1.02, 2.86, 0.11) (0.06, 0.00, 0.35) #fs:   3  -- #Conts: 7 H(1)  A(5)  C(1) 
    438503 036.53 || noQ Q (Avg,Max,Min) (1.02, 2.86, 0.11) (0.07, 0.00, 0.35) #fs:   3  -- #Conts: 6 H(1)  A(5) 
    438747 035.53 || noQ Q (Avg,Max,Min) (1.20, 2.86, 0.16) (0.08, 0.01, 0.35) #fs:   2  -- #Conts: 5 H(1)  A(4) 
    440204 034.53 || noQ Q (Avg,Max,Min) (1.46, 2.85, 1.00) (0.10, 0.01, 0.35) #fs:   0  -- #Conts: 4 H(1)  A(3) 
    441297 033.53 || noQ Q (Avg,Max,Min) (1.62, 2.85, 1.00) (0.13, 0.02, 0.35) #fs:   0  -- #Conts: 3 H(1)  A(2) 
    443110 032.53 || noQ Q (Avg,Max,Min) (1.92, 2.84, 1.00) (0.19, 0.03, 0.35) #fs:   0  -- #Conts: 2 H(1)  A(1) 
    446685 031.53 || noQ Q (Avg,Max,Min) (2.82, 2.82, 2.82) (0.35, 0.35, 0.35) #fs:   0  -- #Conts: 1 H(1) 
    750549 023.76 || noQ Q (Avg,Max,Min) (0.92, 2.09, 0.28) (0.08, 0.00, 0.43) #fs:   4  -- #Conts: 6 G(1)  A(4)  C(1) 
    750745 019.76 || noQ Q (Avg,Max,Min) (0.90, 2.08, 0.28) (0.10, 0.00, 0.43) #fs:   4  -- #Conts: 5 G(1)  A(4) 
    751093 018.76 || noQ Q (Avg,Max,Min) (0.87, 2.08, 0.28) (0.13, 0.01, 0.43) #fs:   4  -- #Conts: 4 G(1)  A(3) 
    752882 017.76 || noQ Q (Avg,Max,Min) (1.01, 2.08, 0.29) (0.17, 0.03, 0.44) #fs:   3  -- #Conts: 3 G(1)  A(2) 
    758377 016.76 || noQ Q (Avg,Max,Min) (1.38, 2.07, 0.68) (0.24, 0.03, 0.44) #fs:   1  -- #Conts: 2 G(1)  A(1) 
    765522 015.76 || noQ Q (Avg,Max,Min) (2.06, 2.06, 2.06) (0.44, 0.44, 0.44) #fs:   0  -- #Conts: 1 G(1) 
   1281433 015.71 || noQ Q (Avg,Max,Min) (2.87, 8.27, 0.12) (0.32, 0.02, 0.62) #fs:   3  -- #Conts: 4 A(1)  E(1)  C(2) 
   1284976 014.71 || noQ Q (Avg,Max,Min) (3.67, 7.93, 1.36) (0.42, 0.15, 0.62) #fs:   1  -- #Conts: 3 E(1)  C(2) 
   1294936 013.71 || noQ Q (Avg,Max,Min) (0.89, 1.72, 0.16) (0.24, 0.01, 0.62) #fs:   6  -- #Conts: 5 A(3)  E(1)  C(1) 
   1297326 012.71 || noQ Q (Avg,Max,Min) (0.86, 1.72, 0.16) (0.29, 0.03, 0.62) #fs:   5  -- #Conts: 4 A(2)  E(1)  C(1) 
   1304938 011.71 || noQ Q (Avg,Max,Min) (1.09, 1.71, 0.19) (0.38, 0.03, 0.62) #fs:   4  -- #Conts: 3 A(1)  E(1)  C(1) 
   1315302 010.71 || noQ Q (Avg,Max,Min) (1.53, 1.71, 1.35) (0.56, 0.49, 0.62) #fs:   1  -- #Conts: 2 E(1)  C(1) 
   1554225 009.71 || noQ Q (Avg,Max,Min) (1.59, 2.00, 1.41) (0.33, 0.19, 0.66) #fs:   3  -- #Conts: 4 A(3)  E(1) 
   1578993 008.71 || noQ Q (Avg,Max,Min) (1.76, 2.24, 1.51) (0.44, 0.26, 0.66) #fs:   2  -- #Conts: 3 A(2)  E(1) 
   1642321 007.71 || noQ Q (Avg,Max,Min) (1.82, 2.14, 1.50) (0.54, 0.41, 0.68) #fs:   0  -- #Conts: 2 A(1)  E(1) 
   1726468 006.71 || noQ Q (Avg,Max,Min) (1.47, 1.47, 1.47) (0.71, 0.71, 0.71) #fs:   0  -- #Conts: 1 E(1) 
   2426691 006.00 || noQ Q (Avg,Max,Min) (1.70, 1.90, 1.34) (0.74, 0.66, 0.90) #fs:   3  -- #Conts: 3 A(2)  C(1) 
   2658058 005.00 || noQ Q (Avg,Max,Min) (1.71, 2.11, 1.31) (0.92, 0.89, 0.96) #fs:   1  -- #Conts: 2 A(1)  C(1) 
   2983214 004.00 || noQ Q (Avg,Max,Min) (1.27, 1.27, 1.27) (1.05, 1.05, 1.05) #fs:   0  -- #Conts: 1 C(1) 
/////////////////size: 34
nodes 50 edges 92
 mulT: 10 mulD: 100  sumData GB 8630
pareto /CYBERSHAKE.n.50.0.dax time -> 442.0
moheft /CYBERSHAKE.n.50.0.dax time -> 188.0
distance from M to C 0.6754566999129257
distance from P to C 0.0
distance from C to M 0.07692307692307693
distance from C to P 1.3185903110348025
toCompare: /CYBERSHAKE.n.50.0.dax sumDataGB: 8630 mulT: 10 mulD: 100 paretoOptTime_MS: 442.0 MoheftOptimizationTime_MS: 188.0 MtoC 0.6754566999129257 PtoC 0.0 CtoM 0.07692307692307693 CtoP 1.3185903110348025
