specify -Dflow d,b,mt,md,size
Running /home/vaggelis/jc/LIGO.n.100.0.dax mt 500 md: 1 size null
  22071913 3625.88 || noQ Q (Avg,Max,Min) (0.97, 1.00, 0.61) (0.84, 0.57, 0.99) #fs:  11  -- #Conts: 41 H(37)  G(4) 
  24205492 3562.82 || noQ Q (Avg,Max,Min) (0.97, 1.00, 0.78) (0.86, 0.75, 0.99) #fs:  13  -- #Conts: 33 H(33) 
  27663174 3499.76 || noQ Q (Avg,Max,Min) (0.97, 1.00, 0.83) (0.87, 0.75, 0.99) #fs:  12  -- #Conts: 30 H(28)  G(2) 
  28005091 3484.00 || noQ Q (Avg,Max,Min) (0.97, 1.00, 0.83) (0.87, 0.75, 0.99) #fs:  13  -- #Conts: 30 H(27)  G(3) 
  28359371 3468.24 || noQ Q (Avg,Max,Min) (0.97, 1.00, 0.83) (0.87, 0.75, 0.99) #fs:  13  -- #Conts: 30 H(26)  G(4) 
  28587994 3452.47 || noQ Q (Avg,Max,Min) (0.97, 1.00, 0.83) (0.87, 0.75, 0.99) #fs:  13  -- #Conts: 30 H(25)  G(5) 
  28898758 3436.71 || noQ Q (Avg,Max,Min) (0.97, 1.00, 0.83) (0.87, 0.75, 0.99) #fs:  13  -- #Conts: 30 H(24)  G(6) 
  29361207 3373.65 || noQ Q (Avg,Max,Min) (0.97, 1.00, 0.83) (0.88, 0.75, 0.99) #fs:  12  -- #Conts: 29 H(23)  G(6) 
  32023133 3342.12 || noQ Q (Avg,Max,Min) (0.97, 1.00, 0.83) (0.89, 0.75, 0.99) #fs:  12  -- #Conts: 28 H(22)  G(6) 
  32397380 3294.82 || noQ Q (Avg,Max,Min) (0.97, 1.00, 0.83) (0.90, 0.75, 0.99) #fs:  12  -- #Conts: 27 H(20)  G(7) 
  37683851 3042.59 || noQ Q (Avg,Max,Min) (0.97, 1.00, 0.71) (0.86, 0.68, 0.99) #fs:  14  -- #Conts: 40 G(40) 
  37683853 3026.82 || noQ Q (Avg,Max,Min) (0.97, 1.00, 0.71) (0.86, 0.68, 0.99) #fs:  14  -- #Conts: 40 G(40) 
  40629905 2900.71 || noQ Q (Avg,Max,Min) (0.99, 1.00, 0.90) (0.90, 0.79, 1.00) #fs:   9  -- #Conts: 37 G(37) 
  43771501 2853.41 || noQ Q (Avg,Max,Min) (0.98, 1.00, 0.86) (0.92, 0.85, 1.00) #fs:  13  -- #Conts: 27 G(27) 
  55230705 2821.88 || noQ Q (Avg,Max,Min) (0.98, 1.00, 0.86) (0.93, 0.85, 1.00) #fs:  12  -- #Conts: 22 G(22) 
  56632695 2806.12 || noQ Q (Avg,Max,Min) (0.98, 1.00, 0.86) (0.93, 0.85, 1.00) #fs:  12  -- #Conts: 21 G(21) 
  58568452 2790.35 || noQ Q (Avg,Max,Min) (0.98, 1.00, 0.86) (0.94, 0.85, 1.00) #fs:  12  -- #Conts: 20 G(20) 
  62469777 2774.59 || noQ Q (Avg,Max,Min) (0.98, 1.00, 0.86) (0.94, 0.85, 1.00) #fs:  11  -- #Conts: 20 G(20) 
  66621924 2758.82 || noQ Q (Avg,Max,Min) (0.98, 1.00, 0.86) (0.95, 0.85, 1.00) #fs:  11  -- #Conts: 19 G(19) 
  82437896 2754.24 || noQ Q (Avg,Max,Min) (0.99, 1.00, 0.68) (0.94, 0.66, 1.00) #fs:   7  -- #Conts: 42 G(2)  E(40) 
  84146095 2753.53 || noQ Q (Avg,Max,Min) (0.99, 1.00, 0.68) (0.94, 0.66, 1.00) #fs:   7  -- #Conts: 42 G(1)  E(41) 
  85942372 2652.24 || noQ Q (Avg,Max,Min) (1.00, 1.00, 0.96) (0.95, 0.85, 1.00) #fs:   7  -- #Conts: 43 E(41)  C(2) 
  86859764 2645.53 || noQ Q (Avg,Max,Min) (1.00, 1.00, 0.98) (0.95, 0.85, 1.00) #fs:   7  -- #Conts: 42 E(40)  C(2) 
  94816132 2642.12 || noQ Q (Avg,Max,Min) (1.00, 1.00, 0.98) (0.95, 0.85, 1.00) #fs:   7  -- #Conts: 40 E(40) 
 108124809 2635.41 || noQ Q (Avg,Max,Min) (1.00, 1.00, 0.98) (0.95, 0.85, 1.00) #fs:   7  -- #Conts: 37 E(37) 
 108868643 2626.47 || noQ Q (Avg,Max,Min) (1.00, 1.00, 0.98) (0.95, 0.85, 1.00) #fs:   7  -- #Conts: 36 E(34)  C(2) 
 114817977 2615.29 || noQ Q (Avg,Max,Min) (1.00, 1.00, 0.98) (0.95, 0.85, 1.00) #fs:   7  -- #Conts: 35 E(35) 
 125529776 2608.59 || noQ Q (Avg,Max,Min) (1.00, 1.00, 0.98) (0.95, 0.85, 1.00) #fs:   6  -- #Conts: 32 E(32) 
 133112272 2601.88 || noQ Q (Avg,Max,Min) (1.00, 1.00, 0.99) (0.96, 0.85, 1.00) #fs:   6  -- #Conts: 32 E(32) 
/////////////////size: 29
  83707239 3107.24 || noQ Q (Avg,Max,Min) (0.98, 1.00, 0.62) (0.88, 0.56, 1.00) #fs:  12  -- #Conts: 31 H(14)  G(14)  A(2)  E(1) 
  84690594 3075.71 || noQ Q (Avg,Max,Min) (0.98, 1.00, 0.62) (0.89, 0.57, 1.00) #fs:  11  -- #Conts: 30 H(13)  G(14)  A(2)  E(1) 
  87856053 3012.65 || noQ Q (Avg,Max,Min) (0.98, 1.00, 0.62) (0.92, 0.60, 1.00) #fs:  13  -- #Conts: 28 H(11)  G(14)  A(2)  E(1) 
  91851403 2981.12 || noQ Q (Avg,Max,Min) (0.98, 1.00, 0.62) (0.93, 0.62, 1.00) #fs:  11  -- #Conts: 27 H(10)  G(14)  A(2)  E(1) 
  92392562 2974.76 || noQ Q (Avg,Max,Min) (0.99, 1.00, 0.82) (0.95, 0.65, 1.00) #fs:  11  -- #Conts: 24 H(12)  G(10)  A(2) 
  92457750 2943.24 || noQ Q (Avg,Max,Min) (0.99, 1.00, 0.95) (0.96, 0.79, 1.00) #fs:   9  -- #Conts: 24 H(12)  G(10)  A(2) 
 101801730 2937.47 || noQ Q (Avg,Max,Min) (0.97, 1.00, 0.62) (0.91, 0.17, 1.00) #fs:  11  -- #Conts: 29 H(10)  G(8)  A(2)  E(5)  C(4) 
 101866335 2933.47 || noQ Q (Avg,Max,Min) (0.97, 1.00, 0.62) (0.94, 0.57, 1.00) #fs:  11  -- #Conts: 28 H(10)  G(8)  A(2)  E(5)  C(3) 
 103053083 2901.94 || noQ Q (Avg,Max,Min) (0.98, 1.00, 0.62) (0.95, 0.62, 1.00) #fs:  10  -- #Conts: 27 H(9)  G(8)  A(2)  E(5)  C(3) 
 104046432 2898.88 || noQ Q (Avg,Max,Min) (0.96, 1.00, 0.37) (0.93, 0.34, 1.00) #fs:  12  -- #Conts: 29 H(9)  G(8)  A(2)  E(6)  C(4) 
 106133735 2896.88 || noQ Q (Avg,Max,Min) (0.98, 1.00, 0.62) (0.94, 0.62, 1.00) #fs:  11  -- #Conts: 30 H(9)  G(8)  A(4)  E(6)  C(3) 
 108739531 2895.18 || noQ Q (Avg,Max,Min) (0.98, 1.00, 0.62) (0.92, 0.17, 1.00) #fs:  11  -- #Conts: 30 H(9)  G(8)  A(3)  E(6)  C(4) 
 110826834 2892.18 || noQ Q (Avg,Max,Min) (0.98, 1.00, 0.62) (0.94, 0.62, 1.00) #fs:  11  -- #Conts: 30 H(9)  G(8)  A(4)  E(6)  C(3) 
 113263111 2886.47 || noQ Q (Avg,Max,Min) (0.98, 1.00, 0.62) (0.95, 0.62, 1.00) #fs:  11  -- #Conts: 28 H(9)  G(7)  A(3)  E(6)  C(3) 
 113614799 2885.47 || noQ Q (Avg,Max,Min) (0.98, 1.00, 0.62) (0.96, 0.62, 1.00) #fs:  11  -- #Conts: 27 H(9)  G(7)  A(2)  E(6)  C(3) 
 114099536 2884.41 || noQ Q (Avg,Max,Min) (0.98, 1.00, 0.62) (0.96, 0.62, 1.00) #fs:  10  -- #Conts: 29 H(9)  G(7)  A(2)  E(8)  C(3) 
 114200017 2879.71 || noQ Q (Avg,Max,Min) (0.98, 1.00, 0.62) (0.96, 0.62, 1.00) #fs:  10  -- #Conts: 29 H(9)  G(7)  A(2)  E(8)  C(3) 
 114638075 2870.29 || noQ Q (Avg,Max,Min) (0.98, 1.00, 0.62) (0.96, 0.62, 1.00) #fs:  12  -- #Conts: 25 H(9)  G(6)  A(2)  E(5)  C(3) 
 130442396 2869.59 || noQ Q (Avg,Max,Min) (0.98, 1.00, 0.62) (0.93, 0.17, 1.00) #fs:  11  -- #Conts: 26 H(9)  G(6)  A(2)  E(5)  C(4) 
 132529699 2866.59 || noQ Q (Avg,Max,Min) (0.98, 1.00, 0.62) (0.96, 0.62, 1.00) #fs:  11  -- #Conts: 26 H(9)  G(6)  A(3)  E(5)  C(3) 
 136905216 2789.47 || noQ Q (Avg,Max,Min) (0.99, 1.00, 0.95) (0.95, 0.57, 1.00) #fs:   9  -- #Conts: 25 H(5)  A(1)  G(10)  E(8)  C(1) 
 138990339 2757.94 || noQ Q (Avg,Max,Min) (0.99, 1.00, 0.95) (0.97, 0.85, 1.00) #fs:   9  -- #Conts: 24 H(4)  A(1)  G(10)  E(8)  C(1) 
 139815638 2749.24 || noQ Q (Avg,Max,Min) (0.99, 1.00, 0.95) (0.97, 0.87, 1.00) #fs:   9  -- #Conts: 23 H(4)  A(1)  G(10)  E(7)  C(1) 
 140681787 2742.53 || noQ Q (Avg,Max,Min) (0.99, 1.00, 0.95) (0.97, 0.85, 1.00) #fs:   9  -- #Conts: 23 H(4)  A(1)  G(10)  E(7)  C(1) 
 147696475 2737.82 || noQ Q (Avg,Max,Min) (0.99, 1.00, 0.95) (0.98, 0.93, 1.00) #fs:   9  -- #Conts: 24 H(4)  A(1)  G(11)  E(7)  C(1) 
 148068971 2735.82 || noQ Q (Avg,Max,Min) (0.99, 1.00, 0.95) (0.98, 0.95, 1.00) #fs:  11  -- #Conts: 25 H(4)  A(1)  G(13)  E(6)  C(1) 
 148346987 2730.41 || noQ Q (Avg,Max,Min) (0.99, 1.00, 0.95) (0.97, 0.87, 1.00) #fs:   9  -- #Conts: 25 H(4)  A(1)  G(10)  E(9)  C(1) 
 154299825 2727.12 || noQ Q (Avg,Max,Min) (0.99, 1.00, 0.95) (0.97, 0.87, 1.00) #fs:   6  -- #Conts: 26 H(4)  A(1)  G(8)  E(11)  C(2) 
 159515867 2725.00 || noQ Q (Avg,Max,Min) (0.99, 1.00, 0.95) (0.95, 0.17, 1.00) #fs:   9  -- #Conts: 26 H(4)  A(1)  G(10)  E(9)  C(2) 
 159867555 2721.00 || noQ Q (Avg,Max,Min) (0.99, 1.00, 0.95) (0.98, 0.91, 1.00) #fs:   9  -- #Conts: 25 H(4)  A(1)  G(10)  E(9)  C(1) 
 163169953 2719.00 || noQ Q (Avg,Max,Min) (0.99, 1.00, 0.95) (0.98, 0.95, 1.00) #fs:   9  -- #Conts: 25 H(4)  A(1)  G(11)  E(8)  C(1) 
 163834307 2714.29 || noQ Q (Avg,Max,Min) (0.99, 1.00, 0.95) (0.98, 0.95, 1.00) #fs:   9  -- #Conts: 24 H(4)  A(1)  G(10)  E(8)  C(1) 
 165673648 2712.29 || noQ Q (Avg,Max,Min) (0.99, 1.00, 0.95) (0.95, 0.17, 1.00) #fs:   6  -- #Conts: 27 H(4)  A(1)  G(8)  E(11)  C(3) 
 166883218 2709.35 || noQ Q (Avg,Max,Min) (0.99, 1.00, 0.95) (0.95, 0.17, 1.00) #fs:   6  -- #Conts: 27 H(4)  A(1)  G(8)  E(10)  C(4) 
 167234906 2705.35 || noQ Q (Avg,Max,Min) (0.99, 1.00, 0.95) (0.98, 0.95, 1.00) #fs:   6  -- #Conts: 26 H(4)  A(1)  G(8)  E(10)  C(3) 
 178815431 2696.53 || noQ Q (Avg,Max,Min) (1.00, 1.00, 0.95) (0.98, 0.94, 1.00) #fs:   3  -- #Conts: 23 H(5)  A(1)  G(8)  E(8)  C(1) 
 184042538 2682.76 || noQ Q (Avg,Max,Min) (1.00, 1.00, 0.95) (0.98, 0.95, 1.00) #fs:   3  -- #Conts: 22 H(4)  A(1)  G(8)  E(8)  C(1) 
 186350349 2673.71 || noQ Q (Avg,Max,Min) (1.00, 1.00, 0.95) (0.97, 0.77, 1.00) #fs:   3  -- #Conts: 22 H(3)  A(1)  G(9)  E(8)  C(1) 
 188572076 2662.18 || noQ Q (Avg,Max,Min) (0.99, 1.00, 0.85) (0.96, 0.69, 1.00) #fs:   4  -- #Conts: 26 H(1)  A(1)  G(11)  E(12)  C(1) 
 193619871 2653.12 || noQ Q (Avg,Max,Min) (1.00, 1.00, 0.95) (0.94, 0.10, 1.00) #fs:   3  -- #Conts: 26 H(1)  A(1)  G(10)  E(13)  C(1) 
 193875880 2650.41 || noQ Q (Avg,Max,Min) (1.00, 1.00, 0.95) (0.94, 0.17, 1.00) #fs:   3  -- #Conts: 26 H(1)  A(1)  G(10)  E(12)  C(2) 
 195649824 2641.71 || noQ Q (Avg,Max,Min) (0.99, 1.00, 0.93) (0.97, 0.88, 1.00) #fs:   4  -- #Conts: 23 H(1)  A(1)  G(8)  E(12)  C(1) 
 203019253 2637.00 || noQ Q (Avg,Max,Min) (0.99, 1.00, 0.93) (0.98, 0.89, 1.00) #fs:   4  -- #Conts: 22 H(1)  A(1)  G(7)  E(12)  C(1) 
 205167141 2634.65 || noQ Q (Avg,Max,Min) (1.00, 1.00, 0.95) (0.98, 0.91, 1.00) #fs:   3  -- #Conts: 24 H(1)  A(1)  G(9)  E(12)  C(1) 
 207244183 2625.00 || noQ Q (Avg,Max,Min) (1.00, 1.00, 0.95) (0.98, 0.95, 1.00) #fs:   3  -- #Conts: 22 H(1)  A(1)  G(7)  E(11)  C(2) 
 207766154 2621.24 || noQ Q (Avg,Max,Min) (1.00, 1.00, 0.95) (0.99, 0.95, 1.00) #fs:   4  -- #Conts: 21 H(1)  A(1)  G(7)  E(11)  C(1) 
 225184850 2608.94 || noQ Q (Avg,Max,Min) (1.00, 1.00, 0.99) (0.98, 0.73, 1.00) #fs:   2  -- #Conts: 27 A(2)  G(9)  E(12)  C(4) 
 229139148 2607.29 || noQ Q (Avg,Max,Min) (1.00, 1.00, 0.99) (0.98, 0.73, 1.00) #fs:   2  -- #Conts: 27 A(2)  G(9)  E(11)  C(5) 
 235138039 2606.59 || noQ Q (Avg,Max,Min) (1.00, 1.00, 0.99) (0.98, 0.73, 1.00) #fs:   2  -- #Conts: 25 A(2)  G(9)  E(11)  C(3) 
 245423588 2603.82 || noQ Q (Avg,Max,Min) (1.00, 1.00, 0.99) (0.97, 0.73, 1.00) #fs:   1  -- #Conts: 27 A(3)  G(11)  E(11)  C(2) 
 250821106 2602.88 || noQ Q (Avg,Max,Min) (1.00, 1.00, 0.99) (0.97, 0.73, 1.00) #fs:   1  -- #Conts: 26 A(3)  G(9)  E(11)  C(3) 
 253847571 2600.12 || noQ Q (Avg,Max,Min) (1.00, 1.00, 0.99) (0.96, 0.73, 1.00) #fs:   1  -- #Conts: 27 A(4)  G(10)  E(11)  C(2) 
 282612385 2593.59 || noQ Q (Avg,Max,Min) (1.00, 1.00, 0.98) (0.98, 0.73, 1.00) #fs:   3  -- #Conts: 26 A(2)  G(10)  E(11)  C(3) 
 293355341 2593.06 || noQ Q (Avg,Max,Min) (1.00, 1.00, 0.98) (0.97, 0.73, 1.00) #fs:   2  -- #Conts: 25 A(3)  G(9)  E(10)  C(3) 
 293511853 2592.06 || noQ Q (Avg,Max,Min) (1.00, 1.00, 0.98) (0.98, 0.73, 1.00) #fs:   2  -- #Conts: 24 A(2)  G(9)  E(10)  C(3) 
 297226668 2590.88 || noQ Q (Avg,Max,Min) (1.00, 1.00, 0.98) (0.97, 0.73, 1.00) #fs:   2  -- #Conts: 28 A(4)  G(10)  E(11)  C(3) 
 306588530 2585.18 || noQ Q (Avg,Max,Min) (1.00, 1.00, 1.00) (0.98, 0.80, 1.00) #fs:   1  -- #Conts: 27 A(2)  G(9)  E(12)  C(4) 
 314049528 2583.18 || noQ Q (Avg,Max,Min) (1.00, 1.00, 1.00) (0.98, 0.80, 1.00) #fs:   1  -- #Conts: 26 A(2)  G(8)  E(12)  C(4) 
 314138897 2582.12 || noQ Q (Avg,Max,Min) (1.00, 1.00, 1.00) (0.95, 0.17, 1.00) #fs:   1  -- #Conts: 25 A(2)  G(6)  E(12)  C(5) 
 314295409 2578.12 || noQ Q (Avg,Max,Min) (1.00, 1.00, 1.00) (0.98, 0.75, 1.00) #fs:   1  -- #Conts: 24 A(2)  G(6)  E(12)  C(4) 
 321535351 2577.12 || noQ Q (Avg,Max,Min) (1.00, 1.00, 1.00) (0.98, 0.77, 1.00) #fs:   1  -- #Conts: 24 A(2)  G(6)  E(12)  C(4) 
 328661008 2576.12 || noQ Q (Avg,Max,Min) (1.00, 1.00, 1.00) (0.98, 0.80, 1.00) #fs:   1  -- #Conts: 25 A(2)  G(7)  E(12)  C(4) 
 336046558 2576.06 || noQ Q (Avg,Max,Min) (1.00, 1.00, 1.00) (0.98, 0.74, 1.00) #fs:   1  -- #Conts: 28 A(2)  G(8)  E(12)  C(6) 
 350239795 2574.29 || noQ Q (Avg,Max,Min) (1.00, 1.00, 1.00) (0.98, 0.75, 1.00) #fs:   1  -- #Conts: 25 A(3)  G(5)  E(12)  C(5) 
 350591483 2573.29 || noQ Q (Avg,Max,Min) (1.00, 1.00, 1.00) (0.99, 0.95, 1.00) #fs:   1  -- #Conts: 24 A(2)  G(5)  E(12)  C(5) 
 353948804 2571.35 || noQ Q (Avg,Max,Min) (1.00, 1.00, 1.00) (0.97, 0.75, 1.00) #fs:   1  -- #Conts: 25 A(3)  G(6)  E(12)  C(4) 
 368069125 2570.59 || noQ Q (Avg,Max,Min) (1.00, 1.00, 1.00) (0.97, 0.75, 1.00) #fs:   1  -- #Conts: 26 A(4)  G(5)  E(12)  C(5) 
 372385090 2567.53 || noQ Q (Avg,Max,Min) (1.00, 1.00, 1.00) (0.98, 0.75, 1.00) #fs:   1  -- #Conts: 23 A(3)  G(5)  E(10)  C(5) 
 372738079 2566.53 || noQ Q (Avg,Max,Min) (1.00, 1.00, 1.00) (0.99, 0.91, 1.00) #fs:   1  -- #Conts: 22 A(2)  G(5)  E(10)  C(5) 
 379878406 2565.53 || noQ Q (Avg,Max,Min) (1.00, 1.00, 1.00) (0.99, 0.95, 1.00) #fs:   1  -- #Conts: 24 A(2)  G(7)  E(10)  C(5) 
 391062396 2564.59 || noQ Q (Avg,Max,Min) (1.00, 1.00, 1.00) (0.99, 0.95, 1.00) #fs:   1  -- #Conts: 21 A(2)  G(5)  E(10)  C(4) 
 397724823 2563.12 || noQ Q (Avg,Max,Min) (1.00, 1.00, 1.00) (0.94, 0.17, 1.00) #fs:   1  -- #Conts: 23 A(3)  G(3)  E(11)  C(6) 
 399812126 2560.12 || noQ Q (Avg,Max,Min) (1.00, 1.00, 1.00) (0.97, 0.75, 1.00) #fs:   1  -- #Conts: 23 A(4)  G(3)  E(11)  C(5) 
 564456878 2558.59 || noQ Q (Avg,Max,Min) (1.00, 1.00, 1.00) (0.96, 0.71, 1.00) #fs:   0  -- #Conts: 20 A(4)  G(2)  E(10)  C(4) 
 585133201 2557.12 || noQ Q (Avg,Max,Min) (1.00, 1.00, 1.00) (0.95, 0.71, 1.00) #fs:   0  -- #Conts: 21 A(5)  G(2)  E(10)  C(4) 
/////////////////size: 75
nodes 100 edges 123
 mulT: 500 mulD: 1  sumData GB 2
pareto /LIGO.n.100.0.dax time -> 4565.0
moheft /LIGO.n.100.0.dax time -> 2256.0
distance from M to C 21.569916372252308
distance from P to C 0.0
distance from C to M 71.89834456671822
distance from C to P 18.73994900192409
toCompare: /LIGO.n.100.0.dax sumDataGB: 2 mulT: 500 mulD: 1 paretoOptTime_MS: 4565.0 MoheftOptimizationTime_MS: 2256.0 MtoC 21.569916372252308 PtoC 0.0 CtoM 71.89834456671822 CtoP 18.73994900192409
