specify -Dflow d,b,mt,md,size
Running /home/vaggelis/jc/SIPHT.n.100.0.dax mt 500 md: 1 size null
  80766732 2963.76 || noQ Q (Avg,Max,Min) (0.97, 1.00, 0.72) (0.93, 0.70, 0.99) #fs:   2  -- #Conts: 9 H(8)  G(1) 
  80766741 2774.59 || noQ Q (Avg,Max,Min) (1.00, 1.00, 1.00) (0.96, 0.90, 0.99) #fs:   1  -- #Conts: 9 H(8)  G(1) 
  81323806 2743.06 || noQ Q (Avg,Max,Min) (1.00, 1.00, 1.00) (0.97, 0.90, 0.99) #fs:   1  -- #Conts: 9 H(8)  G(1) 
 136608228 2648.47 || noQ Q (Avg,Max,Min) (0.96, 1.00, 0.55) (0.92, 0.55, 1.00) #fs:   2  -- #Conts: 11 G(11) 
 136608234 2380.47 || noQ Q (Avg,Max,Min) (1.00, 1.00, 0.96) (0.96, 0.90, 1.00) #fs:   1  -- #Conts: 11 G(11) 
 159215354 2364.71 || noQ Q (Avg,Max,Min) (1.00, 1.00, 1.00) (0.97, 0.90, 1.00) #fs:   0  -- #Conts: 10 G(10) 
 161951020 2333.18 || noQ Q (Avg,Max,Min) (1.00, 1.00, 1.00) (0.99, 0.95, 1.00) #fs:   1  -- #Conts: 5 G(5) 
 289380860 2296.24 || noQ Q (Avg,Max,Min) (1.00, 1.00, 0.98) (0.93, 0.72, 1.00) #fs:   2  -- #Conts: 11 G(2)  E(9) 
 296453116 2281.41 || noQ Q (Avg,Max,Min) (1.00, 1.00, 0.98) (0.94, 0.72, 1.00) #fs:   2  -- #Conts: 11 G(1)  E(10) 
 298812108 2266.59 || noQ Q (Avg,Max,Min) (1.00, 1.00, 0.98) (0.94, 0.72, 1.00) #fs:   2  -- #Conts: 11 E(11) 
 301097085 2259.88 || noQ Q (Avg,Max,Min) (1.00, 1.00, 0.98) (0.94, 0.72, 1.00) #fs:   2  -- #Conts: 11 E(11) 
/////////////////size: 11
  79259946 3193.47 || noQ Q (Avg,Max,Min) (0.94, 1.00, 0.68) (0.87, 0.65, 1.00) #fs:   3  -- #Conts: 10 H(7)  G(1)  A(2) 
  79259949 2941.24 || noQ Q (Avg,Max,Min) (0.97, 1.00, 0.78) (0.91, 0.66, 1.00) #fs:   2  -- #Conts: 10 H(7)  G(1)  A(2) 
  79304702 2940.24 || noQ Q (Avg,Max,Min) (0.97, 1.00, 0.78) (0.91, 0.70, 1.00) #fs:   2  -- #Conts: 10 H(7)  G(1)  A(2) 
  79347921 2939.24 || noQ Q (Avg,Max,Min) (0.97, 1.00, 0.78) (0.94, 0.78, 1.00) #fs:   2  -- #Conts: 9 H(7)  G(1)  A(1) 
  79443931 2938.24 || noQ Q (Avg,Max,Min) (0.97, 1.00, 0.78) (0.93, 0.78, 1.00) #fs:   2  -- #Conts: 9 H(7)  G(1)  A(1) 
  79492755 2937.24 || noQ Q (Avg,Max,Min) (0.97, 1.00, 0.78) (0.93, 0.78, 1.00) #fs:   2  -- #Conts: 9 H(7)  G(1)  A(1) 
  79661102 2916.47 || noQ Q (Avg,Max,Min) (0.98, 1.00, 0.78) (0.87, 0.28, 1.00) #fs:   1  -- #Conts: 9 H(7)  G(2) 
  79681962 2900.71 || noQ Q (Avg,Max,Min) (0.98, 1.00, 0.78) (0.82, 0.28, 1.00) #fs:   1  -- #Conts: 10 H(7)  G(3) 
  80174389 2759.82 || noQ Q (Avg,Max,Min) (0.96, 1.00, 0.61) (0.80, 0.16, 1.00) #fs:   1  -- #Conts: 10 H(7)  G(2)  A(1) 
  80185691 2745.06 || noQ Q (Avg,Max,Min) (1.00, 1.00, 1.00) (0.76, 0.18, 1.00) #fs:   1  -- #Conts: 11 H(6)  G(3)  A(2) 
  80190052 2744.06 || noQ Q (Avg,Max,Min) (1.00, 1.00, 1.00) (0.82, 0.27, 1.00) #fs:   1  -- #Conts: 10 H(6)  G(3)  A(1) 
  80208568 2743.06 || noQ Q (Avg,Max,Min) (1.00, 1.00, 1.00) (0.88, 0.28, 1.00) #fs:   1  -- #Conts: 9 H(6)  G(3) 
  80731463 2729.29 || noQ Q (Avg,Max,Min) (1.00, 1.00, 1.00) (0.81, 0.18, 1.00) #fs:   0  -- #Conts: 10 H(6)  G(2)  A(2) 
  80753915 2728.29 || noQ Q (Avg,Max,Min) (1.00, 1.00, 1.00) (0.88, 0.28, 1.00) #fs:   0  -- #Conts: 9 H(6)  G(2)  A(1) 
  80788511 2727.29 || noQ Q (Avg,Max,Min) (1.00, 1.00, 1.00) (0.96, 0.77, 1.00) #fs:   0  -- #Conts: 8 H(6)  G(2) 
  84649893 2705.76 || noQ Q (Avg,Max,Min) (1.00, 1.00, 1.00) (0.89, 0.15, 1.00) #fs:   1  -- #Conts: 12 H(7)  G(3)  A(2) 
  84730069 2674.24 || noQ Q (Avg,Max,Min) (1.00, 1.00, 1.00) (0.96, 0.92, 1.00) #fs:   1  -- #Conts: 11 H(6)  G(3)  A(2) 
  85196153 2669.24 || noQ Q (Avg,Max,Min) (1.00, 1.00, 1.00) (0.97, 0.92, 1.00) #fs:   1  -- #Conts: 10 H(6)  G(3)  A(1) 
  85276329 2664.24 || noQ Q (Avg,Max,Min) (1.00, 1.00, 1.00) (0.98, 0.94, 1.00) #fs:   1  -- #Conts: 9 H(6)  G(3) 
  93219341 2658.82 || noQ Q (Avg,Max,Min) (1.00, 1.00, 0.99) (0.97, 0.86, 1.00) #fs:   2  -- #Conts: 9 H(6)  G(2)  E(1) 
 100149676 2628.65 || noQ Q (Avg,Max,Min) (1.00, 1.00, 1.00) (0.94, 0.60, 1.00) #fs:   1  -- #Conts: 11 H(5)  G(4)  A(1)  E(1) 
 100874405 2626.94 || noQ Q (Avg,Max,Min) (1.00, 1.00, 0.98) (0.97, 0.92, 1.00) #fs:   2  -- #Conts: 11 H(5)  G(4)  A(2) 
 101085876 2625.94 || noQ Q (Avg,Max,Min) (1.00, 1.00, 1.00) (0.89, 0.06, 1.00) #fs:   1  -- #Conts: 11 H(5)  G(4)  A(1)  C(1) 
 101142853 2621.94 || noQ Q (Avg,Max,Min) (1.00, 1.00, 1.00) (0.98, 0.92, 1.00) #fs:   1  -- #Conts: 10 H(5)  G(4)  A(1) 
 102040593 2617.94 || noQ Q (Avg,Max,Min) (1.00, 1.00, 1.00) (0.91, 0.27, 1.00) #fs:   1  -- #Conts: 10 H(5)  G(4)  A(1) 
 102097570 2616.94 || noQ Q (Avg,Max,Min) (1.00, 1.00, 1.00) (0.98, 0.94, 1.00) #fs:   1  -- #Conts: 9 H(5)  G(4) 
 103615718 2611.53 || noQ Q (Avg,Max,Min) (0.99, 1.00, 0.87) (0.96, 0.86, 1.00) #fs:   1  -- #Conts: 9 H(5)  G(3)  E(1) 
 103615725 2580.00 || noQ Q (Avg,Max,Min) (1.00, 1.00, 1.00) (0.97, 0.86, 1.00) #fs:   0  -- #Conts: 9 H(5)  G(3)  E(1) 
 106788518 2548.47 || noQ Q (Avg,Max,Min) (0.99, 1.00, 0.90) (0.97, 0.88, 1.00) #fs:   1  -- #Conts: 9 H(4)  G(4)  E(1) 
 111032009 2457.76 || noQ Q (Avg,Max,Min) (1.00, 1.00, 1.00) (0.93, 0.60, 1.00) #fs:   0  -- #Conts: 13 H(3)  G(6)  A(1)  E(3) 
 119099362 2447.00 || noQ Q (Avg,Max,Min) (1.00, 1.00, 1.00) (0.86, 0.01, 1.00) #fs:   0  -- #Conts: 14 H(3)  G(6)  A(2)  E(3) 
 119115572 2415.47 || noQ Q (Avg,Max,Min) (1.00, 1.00, 1.00) (0.93, 0.60, 1.00) #fs:   0  -- #Conts: 13 H(2)  G(6)  A(2)  E(3) 
 120051772 2412.76 || noQ Q (Avg,Max,Min) (1.00, 1.00, 1.00) (0.89, 0.06, 1.00) #fs:   0  -- #Conts: 13 H(2)  G(6)  A(2)  E(2)  C(1) 
 120054075 2409.76 || noQ Q (Avg,Max,Min) (1.00, 1.00, 1.00) (0.90, 0.27, 1.00) #fs:   0  -- #Conts: 13 H(2)  G(6)  A(3)  E(2) 
 120108749 2408.76 || noQ Q (Avg,Max,Min) (1.00, 1.00, 1.00) (0.96, 0.60, 1.00) #fs:   0  -- #Conts: 12 H(2)  G(6)  A(2)  E(2) 
 121006489 2406.06 || noQ Q (Avg,Max,Min) (1.00, 1.00, 1.00) (0.92, 0.12, 1.00) #fs:   0  -- #Conts: 12 H(2)  G(6)  A(2)  E(1)  C(1) 
 121023305 2404.06 || noQ Q (Avg,Max,Min) (1.00, 1.00, 1.00) (0.88, 0.27, 1.00) #fs:   0  -- #Conts: 13 H(2)  G(6)  A(4)  E(1) 
 121063466 2403.06 || noQ Q (Avg,Max,Min) (1.00, 1.00, 1.00) (0.93, 0.28, 1.00) #fs:   0  -- #Conts: 12 H(2)  G(6)  A(3)  E(1) 
 121121907 2402.06 || noQ Q (Avg,Max,Min) (1.00, 1.00, 1.00) (0.99, 0.92, 1.00) #fs:   0  -- #Conts: 11 H(2)  G(6)  A(2)  E(1) 
 121963509 2399.06 || noQ Q (Avg,Max,Min) (1.00, 1.00, 1.00) (0.88, 0.27, 1.00) #fs:   0  -- #Conts: 12 H(2)  G(6)  A(3)  E(1) 
 122587737 2398.06 || noQ Q (Avg,Max,Min) (0.97, 1.00, 0.65) (0.95, 0.47, 1.00) #fs:   1  -- #Conts: 11 H(2)  G(6)  A(2)  E(1) 
 124137315 2391.06 || noQ Q (Avg,Max,Min) (1.00, 1.00, 0.99) (0.99, 0.97, 1.00) #fs:   1  -- #Conts: 9 H(1)  G(6)  A(1)  E(1) 
 129515991 2378.94 || noQ Q (Avg,Max,Min) (1.00, 1.00, 0.99) (0.92, 0.60, 1.00) #fs:   1  -- #Conts: 12 H(1)  G(7)  A(1)  E(3) 
 130185624 2372.94 || noQ Q (Avg,Max,Min) (1.00, 1.00, 0.99) (0.93, 0.60, 1.00) #fs:   1  -- #Conts: 12 H(1)  G(7)  A(1)  E(3) 
 130509166 2372.24 || noQ Q (Avg,Max,Min) (1.00, 1.00, 0.99) (0.95, 0.63, 1.00) #fs:   1  -- #Conts: 11 H(1)  G(7)  A(1)  E(2) 
 131120375 2370.24 || noQ Q (Avg,Max,Min) (1.00, 1.00, 0.99) (0.88, 0.06, 1.00) #fs:   1  -- #Conts: 12 H(1)  G(7)  A(1)  E(2)  C(1) 
 131137185 2367.24 || noQ Q (Avg,Max,Min) (1.00, 1.00, 0.99) (0.90, 0.28, 1.00) #fs:   1  -- #Conts: 12 H(1)  G(7)  A(2)  E(2) 
 131178799 2366.24 || noQ Q (Avg,Max,Min) (1.00, 1.00, 0.99) (0.96, 0.63, 1.00) #fs:   1  -- #Conts: 11 H(1)  G(7)  A(1)  E(2) 
 131520877 2365.53 || noQ Q (Avg,Max,Min) (1.00, 1.00, 0.99) (0.98, 0.95, 1.00) #fs:   1  -- #Conts: 10 H(1)  G(7)  A(1)  E(1) 
 132075092 2361.53 || noQ Q (Avg,Max,Min) (1.00, 1.00, 0.99) (0.87, 0.27, 1.00) #fs:   1  -- #Conts: 12 H(1)  G(7)  A(3)  E(1) 
 132132069 2360.53 || noQ Q (Avg,Max,Min) (1.00, 1.00, 0.99) (0.93, 0.28, 1.00) #fs:   1  -- #Conts: 11 H(1)  G(7)  A(2)  E(1) 
 132190510 2359.53 || noQ Q (Avg,Max,Min) (1.00, 1.00, 0.99) (0.99, 0.95, 1.00) #fs:   1  -- #Conts: 10 H(1)  G(7)  A(1)  E(1) 
 141342470 2338.76 || noQ Q (Avg,Max,Min) (1.00, 1.00, 1.00) (0.98, 0.94, 1.00) #fs:   0  -- #Conts: 8 G(6)  A(1)  E(1) 
 158857625 2332.06 || noQ Q (Avg,Max,Min) (1.00, 1.00, 1.00) (0.99, 0.94, 1.00) #fs:   0  -- #Conts: 10 G(7)  A(1)  E(2) 
 165916645 2331.29 || noQ Q (Avg,Max,Min) (1.00, 1.00, 1.00) (0.98, 0.93, 1.00) #fs:   0  -- #Conts: 10 G(6)  A(2)  E(2) 
 167371793 2329.00 || noQ Q (Avg,Max,Min) (1.00, 1.00, 1.00) (0.98, 0.94, 1.00) #fs:   0  -- #Conts: 9 G(6)  A(2)  E(1) 
 167540153 2328.00 || noQ Q (Avg,Max,Min) (1.00, 1.00, 1.00) (0.99, 0.94, 1.00) #fs:   0  -- #Conts: 9 G(6)  A(2)  E(1) 
 168069819 2327.29 || noQ Q (Avg,Max,Min) (1.00, 1.00, 1.00) (0.91, 0.28, 1.00) #fs:   0  -- #Conts: 10 G(6)  A(2)  E(2) 
 168201621 2326.29 || noQ Q (Avg,Max,Min) (1.00, 1.00, 1.00) (0.98, 0.93, 1.00) #fs:   0  -- #Conts: 9 G(6)  A(1)  E(2) 
 168307993 2326.00 || noQ Q (Avg,Max,Min) (1.00, 1.00, 1.00) (0.83, 0.27, 1.00) #fs:   0  -- #Conts: 11 G(6)  A(4)  E(1) 
 168364970 2325.00 || noQ Q (Avg,Max,Min) (1.00, 1.00, 1.00) (0.88, 0.28, 1.00) #fs:   0  -- #Conts: 10 G(6)  A(3)  E(1) 
 168423411 2324.00 || noQ Q (Avg,Max,Min) (1.00, 1.00, 1.00) (0.95, 0.62, 1.00) #fs:   0  -- #Conts: 9 G(6)  A(2)  E(1) 
 168553311 2323.00 || noQ Q (Avg,Max,Min) (1.00, 1.00, 1.00) (0.99, 0.94, 1.00) #fs:   0  -- #Conts: 8 G(6)  A(1)  E(1) 
 171744394 2322.29 || noQ Q (Avg,Max,Min) (1.00, 1.00, 1.00) (0.91, 0.06, 1.00) #fs:   0  -- #Conts: 11 G(6)  A(2)  E(2)  C(1) 
 171746696 2319.29 || noQ Q (Avg,Max,Min) (1.00, 1.00, 1.00) (0.93, 0.27, 1.00) #fs:   0  -- #Conts: 11 G(6)  A(3)  E(2) 
 171801371 2318.29 || noQ Q (Avg,Max,Min) (1.00, 1.00, 1.00) (1.00, 0.99, 1.00) #fs:   0  -- #Conts: 10 G(6)  A(2)  E(2) 
 172068114 2317.29 || noQ Q (Avg,Max,Min) (1.00, 1.00, 1.00) (0.97, 0.70, 1.00) #fs:   0  -- #Conts: 10 G(6)  A(2)  E(2) 
 172272078 2316.29 || noQ Q (Avg,Max,Min) (1.00, 1.00, 1.00) (1.00, 1.00, 1.00) #fs:   0  -- #Conts: 9 G(6)  A(1)  E(2) 
 183293158 2305.76 || noQ Q (Avg,Max,Min) (1.00, 1.00, 1.00) (0.96, 0.62, 1.00) #fs:   0  -- #Conts: 12 G(6)  A(2)  E(4) 
 183403316 2304.76 || noQ Q (Avg,Max,Min) (1.00, 1.00, 1.00) (1.00, 0.97, 1.00) #fs:   0  -- #Conts: 11 G(6)  A(1)  E(4) 
 214534501 2304.53 || noQ Q (Avg,Max,Min) (1.00, 1.00, 1.00) (1.00, 0.99, 1.00) #fs:   0  -- #Conts: 10 G(5)  A(2)  E(3) 
 214732970 2303.53 || noQ Q (Avg,Max,Min) (1.00, 1.00, 1.00) (1.00, 0.99, 1.00) #fs:   0  -- #Conts: 10 G(5)  A(2)  E(3) 
 214951113 2302.53 || noQ Q (Avg,Max,Min) (1.00, 1.00, 1.00) (1.00, 0.99, 1.00) #fs:   0  -- #Conts: 10 G(5)  A(2)  E(3) 
 215144952 2301.53 || noQ Q (Avg,Max,Min) (1.00, 1.00, 1.00) (1.00, 0.99, 1.00) #fs:   0  -- #Conts: 10 G(5)  A(2)  E(3) 
 215340236 2300.53 || noQ Q (Avg,Max,Min) (1.00, 1.00, 1.00) (1.00, 1.00, 1.00) #fs:   0  -- #Conts: 10 G(5)  A(2)  E(3) 
 228021632 2285.88 || noQ Q (Avg,Max,Min) (1.00, 1.00, 1.00) (0.99, 0.97, 1.00) #fs:   1  -- #Conts: 10 G(4)  A(1)  E(5) 
 228116206 2284.88 || noQ Q (Avg,Max,Min) (1.00, 1.00, 1.00) (1.00, 0.97, 1.00) #fs:   0  -- #Conts: 10 G(4)  A(1)  E(5) 
 228270290 2283.88 || noQ Q (Avg,Max,Min) (1.00, 1.00, 1.00) (1.00, 0.97, 1.00) #fs:   0  -- #Conts: 10 G(4)  A(1)  E(5) 
 228406660 2282.88 || noQ Q (Avg,Max,Min) (1.00, 1.00, 1.00) (1.00, 0.98, 1.00) #fs:   0  -- #Conts: 10 G(4)  A(1)  E(5) 
 236158517 2271.35 || noQ Q (Avg,Max,Min) (1.00, 1.00, 0.95) (0.94, 0.46, 1.00) #fs:   1  -- #Conts: 11 A(2)  G(3)  E(6) 
 236253989 2270.35 || noQ Q (Avg,Max,Min) (1.00, 1.00, 1.00) (0.99, 0.95, 1.00) #fs:   0  -- #Conts: 10 A(1)  G(3)  E(6) 
 237305935 2265.35 || noQ Q (Avg,Max,Min) (1.00, 1.00, 1.00) (0.99, 0.95, 1.00) #fs:   0  -- #Conts: 10 A(1)  G(3)  E(6) 
 265156728 2264.59 || noQ Q (Avg,Max,Min) (1.00, 1.00, 1.00) (0.98, 0.92, 1.00) #fs:   0  -- #Conts: 12 A(4)  G(2)  E(6) 
 265413647 2263.59 || noQ Q (Avg,Max,Min) (1.00, 1.00, 1.00) (0.93, 0.27, 1.00) #fs:   0  -- #Conts: 12 A(4)  G(2)  E(6) 
 265470624 2262.59 || noQ Q (Avg,Max,Min) (1.00, 1.00, 1.00) (0.99, 0.92, 1.00) #fs:   0  -- #Conts: 11 A(3)  G(2)  E(6) 
 265658965 2261.59 || noQ Q (Avg,Max,Min) (1.00, 1.00, 1.00) (0.99, 0.92, 1.00) #fs:   0  -- #Conts: 11 A(3)  G(2)  E(6) 
 265941331 2260.59 || noQ Q (Avg,Max,Min) (1.00, 1.00, 1.00) (0.98, 0.90, 1.00) #fs:   0  -- #Conts: 11 A(3)  G(2)  E(6) 
 266111445 2259.59 || noQ Q (Avg,Max,Min) (1.00, 1.00, 1.00) (0.98, 0.92, 1.00) #fs:   0  -- #Conts: 11 A(3)  G(2)  E(6) 
 267025186 2258.59 || noQ Q (Avg,Max,Min) (1.00, 1.00, 0.98) (0.99, 0.90, 1.00) #fs:   1  -- #Conts: 10 A(2)  G(2)  E(6) 
 276256916 2256.41 || noQ Q (Avg,Max,Min) (1.00, 1.00, 1.00) (0.96, 0.55, 1.00) #fs:   0  -- #Conts: 11 A(4)  G(1)  E(6) 
 276372334 2255.41 || noQ Q (Avg,Max,Min) (1.00, 1.00, 1.00) (1.00, 0.99, 1.00) #fs:   0  -- #Conts: 10 A(3)  G(1)  E(6) 
 276545062 2254.41 || noQ Q (Avg,Max,Min) (1.00, 1.00, 1.00) (1.00, 0.99, 1.00) #fs:   0  -- #Conts: 10 A(3)  G(1)  E(6) 
 276760599 2253.41 || noQ Q (Avg,Max,Min) (1.00, 1.00, 1.00) (1.00, 0.99, 1.00) #fs:   0  -- #Conts: 10 A(3)  G(1)  E(6) 
 276970928 2252.41 || noQ Q (Avg,Max,Min) (1.00, 1.00, 1.00) (1.00, 0.99, 1.00) #fs:   0  -- #Conts: 10 A(3)  G(1)  E(6) 
 278475211 2252.35 || noQ Q (Avg,Max,Min) (1.00, 1.00, 1.00) (0.99, 0.93, 1.00) #fs:   1  -- #Conts: 10 A(3)  G(1)  E(6) 
 278606997 2251.35 || noQ Q (Avg,Max,Min) (1.00, 1.00, 1.00) (1.00, 0.99, 1.00) #fs:   1  -- #Conts: 10 A(3)  G(1)  E(6) 
 279085270 2250.35 || noQ Q (Avg,Max,Min) (1.00, 1.00, 1.00) (1.00, 0.99, 1.00) #fs:   1  -- #Conts: 10 A(3)  G(1)  E(6) 
 279527002 2249.35 || noQ Q (Avg,Max,Min) (1.00, 1.00, 1.00) (1.00, 0.99, 1.00) #fs:   1  -- #Conts: 10 A(3)  G(1)  E(6) 
 279994833 2248.35 || noQ Q (Avg,Max,Min) (1.00, 1.00, 1.00) (1.00, 0.99, 1.00) #fs:   1  -- #Conts: 10 A(3)  G(1)  E(6) 
 280498550 2247.35 || noQ Q (Avg,Max,Min) (1.00, 1.00, 1.00) (1.00, 0.99, 1.00) #fs:   1  -- #Conts: 10 A(3)  G(1)  E(6) 
 289495150 2246.29 || noQ Q (Avg,Max,Min) (1.00, 1.00, 0.99) (0.86, 0.04, 1.00) #fs:   1  -- #Conts: 14 A(4)  G(1)  E(8)  C(1) 
 289581931 2242.29 || noQ Q (Avg,Max,Min) (1.00, 1.00, 0.99) (0.92, 0.27, 1.00) #fs:   1  -- #Conts: 13 A(4)  G(1)  E(8) 
 289710471 2241.29 || noQ Q (Avg,Max,Min) (1.00, 1.00, 0.99) (0.98, 0.89, 1.00) #fs:   1  -- #Conts: 12 A(3)  G(1)  E(8) 
 289850092 2240.29 || noQ Q (Avg,Max,Min) (1.00, 1.00, 1.00) (0.98, 0.89, 1.00) #fs:   0  -- #Conts: 12 A(3)  G(1)  E(8) 
 290214823 2239.29 || noQ Q (Avg,Max,Min) (1.00, 1.00, 0.99) (0.99, 0.92, 1.00) #fs:   1  -- #Conts: 12 A(3)  G(1)  E(8) 
 290595875 2238.29 || noQ Q (Avg,Max,Min) (1.00, 1.00, 1.00) (0.99, 0.93, 1.00) #fs:   1  -- #Conts: 12 A(3)  G(1)  E(8) 
 290844472 2237.29 || noQ Q (Avg,Max,Min) (1.00, 1.00, 1.00) (1.00, 0.96, 1.00) #fs:   1  -- #Conts: 12 A(3)  G(1)  E(8) 
 291187687 2236.29 || noQ Q (Avg,Max,Min) (1.00, 1.00, 1.00) (1.00, 1.00, 1.00) #fs:   0  -- #Conts: 12 A(3)  G(1)  E(8) 
 305498744 2235.24 || noQ Q (Avg,Max,Min) (1.00, 1.00, 1.00) (0.93, 0.55, 1.00) #fs:   0  -- #Conts: 11 A(2)  E(9) 
 305759069 2234.24 || noQ Q (Avg,Max,Min) (1.00, 1.00, 1.00) (0.96, 0.66, 1.00) #fs:   0  -- #Conts: 10 A(1)  E(9) 
 313944587 2233.53 || noQ Q (Avg,Max,Min) (1.00, 1.00, 1.00) (0.94, 0.47, 1.00) #fs:   0  -- #Conts: 11 A(3)  E(8) 
/////////////////size: 111
nodes 97 edges 109
 mulT: 500 mulD: 1  sumData GB 2
pareto /SIPHT.n.100.0.dax time -> 5685.0
moheft /SIPHT.n.100.0.dax time -> 2518.0
distance from M to C 0.0
distance from P to C 17.059490769650928
distance from C to M 0.0
distance from C to P 16.460389281518477
toCompare: /SIPHT.n.100.0.dax sumDataGB: 2 mulT: 500 mulD: 1 paretoOptTime_MS: 5685.0 MoheftOptimizationTime_MS: 2518.0 MtoC 0.0 PtoC 17.059490769650928 CtoM 0.0 CtoP 16.460389281518477
