specify -Dflow d,b,mt,md,size
Running /home/vaggelis/jc/CYBERSHAKE.n.100.0.dax mt 1000 md: 10000 size null
  38687642 709.41 || noQ Q (Avg,Max,Min) (1.62, 2.63, 0.42) (1.33, 0.01, 2.63) #fs:   1  -- #Conts: 4 H(3)  G(1) 
  38709229 677.88 || noQ Q (Avg,Max,Min) (1.79, 2.63, 0.42) (1.77, 0.40, 2.63) #fs:   1  -- #Conts: 3 H(2)  G(1) 
  39521225 662.12 || noQ Q (Avg,Max,Min) (2.46, 2.63, 2.29) (2.46, 2.28, 2.63) #fs:   0  -- #Conts: 2 H(2) 
  66345364 646.35 || noQ Q (Avg,Max,Min) (0.92, 1.83, 0.04) (0.89, 0.03, 1.78) #fs:   5  -- #Conts: 4 G(4) 
  66382354 630.59 || noQ Q (Avg,Max,Min) (0.94, 1.90, 0.04) (0.91, 0.03, 1.88) #fs:   4  -- #Conts: 4 G(4) 
  66524695 614.82 || noQ Q (Avg,Max,Min) (0.94, 1.90, 0.04) (0.91, 0.03, 1.87) #fs:   3  -- #Conts: 4 G(4) 
  67116646 599.06 || noQ Q (Avg,Max,Min) (1.02, 1.96, 0.11) (1.00, 0.09, 1.96) #fs:   2  -- #Conts: 4 G(4) 
  67240471 583.29 || noQ Q (Avg,Max,Min) (1.33, 1.96, 0.29) (1.32, 0.28, 1.96) #fs:   1  -- #Conts: 3 G(3) 
  68218920 567.53 || noQ Q (Avg,Max,Min) (1.85, 1.96, 1.75) (1.85, 1.74, 1.96) #fs:   0  -- #Conts: 2 G(2) 
 172705229 564.00 || noQ Q (Avg,Max,Min) (4.40, 5.73, 1.34) (4.37, 1.34, 5.69) #fs:   2  -- #Conts: 13 C(13) 
/////////////////size: 10
  66272258 629.82 || noQ Q (Avg,Max,Min) (1.14, 1.96, 0.74) (0.70, 0.01, 1.96) #fs:   2  -- #Conts: 11 H(1)  G(3)  A(7) 
  66284567 614.06 || noQ Q (Avg,Max,Min) (1.15, 1.96, 0.74) (0.77, 0.02, 1.96) #fs:   2  -- #Conts: 10 H(1)  G(2)  A(7) 
  66291503 613.06 || noQ Q (Avg,Max,Min) (1.15, 1.96, 0.74) (0.79, 0.02, 1.96) #fs:   2  -- #Conts: 10 H(1)  G(2)  A(7) 
  66311783 590.24 || noQ Q (Avg,Max,Min) (1.09, 1.96, 0.38) (0.77, 0.02, 1.96) #fs:   3  -- #Conts: 10 G(2)  A(7)  E(1) 
  66344765 589.24 || noQ Q (Avg,Max,Min) (1.09, 1.96, 0.38) (0.80, 0.02, 1.96) #fs:   3  -- #Conts: 10 G(2)  A(7)  E(1) 
  66348815 583.53 || noQ Q (Avg,Max,Min) (1.09, 1.96, 0.38) (0.85, 0.22, 1.96) #fs:   3  -- #Conts: 9 G(2)  A(7) 
  66381797 582.53 || noQ Q (Avg,Max,Min) (1.09, 1.96, 0.38) (0.89, 0.22, 1.96) #fs:   3  -- #Conts: 9 G(2)  A(7) 
  66415936 581.53 || noQ Q (Avg,Max,Min) (1.16, 1.96, 0.74) (0.89, 0.28, 1.96) #fs:   2  -- #Conts: 9 G(2)  A(7) 
  66547662 580.53 || noQ Q (Avg,Max,Min) (1.16, 1.96, 0.74) (0.91, 0.28, 1.96) #fs:   3  -- #Conts: 9 G(2)  A(7) 
  66724343 579.53 || noQ Q (Avg,Max,Min) (1.16, 1.96, 0.74) (0.92, 0.28, 1.96) #fs:   2  -- #Conts: 9 G(2)  A(7) 
  66805350 578.53 || noQ Q (Avg,Max,Min) (1.18, 1.96, 0.74) (0.98, 0.28, 1.96) #fs:   2  -- #Conts: 8 G(2)  A(6) 
  66873628 577.53 || noQ Q (Avg,Max,Min) (1.21, 1.96, 0.94) (1.03, 0.28, 1.96) #fs:   2  -- #Conts: 8 G(2)  A(6) 
  66910660 576.53 || noQ Q (Avg,Max,Min) (1.22, 1.96, 1.00) (1.08, 0.28, 1.96) #fs:   1  -- #Conts: 8 G(2)  A(6) 
  67113177 575.53 || noQ Q (Avg,Max,Min) (1.25, 1.96, 1.00) (1.09, 0.28, 1.96) #fs:   1  -- #Conts: 7 G(2)  A(5) 
  67299493 574.53 || noQ Q (Avg,Max,Min) (1.33, 1.96, 0.94) (1.21, 0.59, 1.96) #fs:   2  -- #Conts: 5 G(2)  A(3) 
  67336525 573.53 || noQ Q (Avg,Max,Min) (1.34, 1.96, 1.00) (1.29, 0.79, 1.96) #fs:   1  -- #Conts: 5 G(2)  A(3) 
  67440677 572.53 || noQ Q (Avg,Max,Min) (1.34, 1.96, 1.00) (1.32, 0.93, 1.96) #fs:   1  -- #Conts: 5 G(2)  A(3) 
  67619470 571.53 || noQ Q (Avg,Max,Min) (1.34, 1.96, 1.00) (1.33, 0.97, 1.96) #fs:   1  -- #Conts: 5 G(2)  A(3) 
  67817938 570.53 || noQ Q (Avg,Max,Min) (1.43, 1.96, 1.00) (1.42, 1.00, 1.96) #fs:   1  -- #Conts: 4 G(2)  A(2) 
  68025084 569.53 || noQ Q (Avg,Max,Min) (1.43, 1.96, 1.00) (1.42, 1.00, 1.96) #fs:   1  -- #Conts: 4 G(2)  A(2) 
  68233387 568.53 || noQ Q (Avg,Max,Min) (1.57, 1.96, 1.00) (1.57, 1.00, 1.96) #fs:   1  -- #Conts: 3 G(2)  A(1) 
 111725722 568.18 || noQ Q (Avg,Max,Min) (6.04, 15.41, 0.99) (5.88, 0.37, 15.11) #fs:   2  -- #Conts: 6 G(2)  A(2)  E(2) 
 120531199 561.24 || noQ Q (Avg,Max,Min) (8.36, 15.50, 1.00) (8.09, 0.16, 15.08) #fs:   2  -- #Conts: 9 G(1)  A(1)  E(4)  C(3) 
 120551612 560.24 || noQ Q (Avg,Max,Min) (9.26, 15.43, 1.42) (9.09, 1.40, 15.10) #fs:   2  -- #Conts: 8 G(1)  E(4)  C(3) 
 120899392 558.94 || noQ Q (Avg,Max,Min) (10.25, 17.05, 1.42) (9.97, 1.40, 15.11) #fs:   1  -- #Conts: 8 G(1)  E(5)  C(2) 
 122169131 558.53 || noQ Q (Avg,Max,Min) (8.09, 15.22, 1.00) (7.85, 0.32, 15.10) #fs:   0  -- #Conts: 9 G(1)  A(1)  E(4)  C(3) 
 122426191 557.53 || noQ Q (Avg,Max,Min) (8.95, 15.22, 1.43) (8.79, 1.43, 15.10) #fs:   0  -- #Conts: 8 G(1)  E(4)  C(3) 
 127556490 556.82 || noQ Q (Avg,Max,Min) (5.62, 15.18, 1.00) (5.51, 0.71, 15.10) #fs:   1  -- #Conts: 8 G(1)  A(2)  E(2)  C(3) 
/////////////////size: 28
nodes 100 edges 192
 mulT: 1000 mulD: 10000  sumData GB 975992
pareto /CYBERSHAKE.n.100.0.dax time -> 1633.0
moheft /CYBERSHAKE.n.100.0.dax time -> 766.0
distance from M to C 0.09579978842888424
distance from P to C 12.88773985806643
distance from C to M 4.339702856335917
distance from C to P 7.035801595103499
toCompare: /CYBERSHAKE.n.100.0.dax sumDataGB: 975992 mulT: 1000 mulD: 10000 paretoOptTime_MS: 1633.0 MoheftOptimizationTime_MS: 766.0 MtoC 0.09579978842888424 PtoC 12.88773985806643 CtoM 4.339702856335917 CtoP 7.035801595103499
