specify -Dflow d,b,mt,md,size
Running /home/vaggelis/jc/LIGO.n.100.0.dax mt 10 md: 5000 size null
    574577 709.41 || noQ Q (Avg,Max,Min) (0.91, 1.32, 0.71) (0.11, 0.06, 0.16) #fs:  24  -- #Conts: 25 H(20)  G(5) 
    581266 693.65 || noQ Q (Avg,Max,Min) (0.92, 1.32, 0.71) (0.11, 0.06, 0.16) #fs:  24  -- #Conts: 25 H(19)  G(6) 
    592433 677.88 || noQ Q (Avg,Max,Min) (0.92, 1.32, 0.73) (0.11, 0.06, 0.16) #fs:  24  -- #Conts: 25 H(18)  G(7) 
    600767 662.12 || noQ Q (Avg,Max,Min) (0.93, 1.32, 0.74) (0.11, 0.06, 0.16) #fs:  24  -- #Conts: 25 H(17)  G(8) 
    608892 646.35 || noQ Q (Avg,Max,Min) (0.94, 1.32, 0.74) (0.12, 0.06, 0.16) #fs:  24  -- #Conts: 25 H(16)  G(9) 
    610091 630.59 || noQ Q (Avg,Max,Min) (0.94, 1.32, 0.76) (0.12, 0.06, 0.16) #fs:  24  -- #Conts: 25 H(15)  G(10) 
    652085 614.82 || noQ Q (Avg,Max,Min) (0.94, 1.32, 0.76) (0.12, 0.06, 0.19) #fs:  23  -- #Conts: 25 H(14)  G(11) 
    661407 599.06 || noQ Q (Avg,Max,Min) (0.95, 1.32, 0.78) (0.12, 0.06, 0.19) #fs:  23  -- #Conts: 25 H(13)  G(12) 
    674936 583.29 || noQ Q (Avg,Max,Min) (0.95, 1.30, 0.75) (0.13, 0.06, 0.19) #fs:  24  -- #Conts: 25 H(12)  G(13) 
    675345 567.53 || noQ Q (Avg,Max,Min) (0.96, 1.30, 0.74) (0.13, 0.06, 0.19) #fs:  24  -- #Conts: 25 H(11)  G(14) 
    676963 551.76 || noQ Q (Avg,Max,Min) (0.97, 1.30, 0.74) (0.13, 0.06, 0.19) #fs:  25  -- #Conts: 25 H(10)  G(15) 
    728172 536.00 || noQ Q (Avg,Max,Min) (0.97, 1.30, 0.65) (0.13, 0.06, 0.19) #fs:  25  -- #Conts: 25 H(9)  G(16) 
    737069 520.24 || noQ Q (Avg,Max,Min) (0.96, 1.30, 0.64) (0.13, 0.06, 0.19) #fs:  25  -- #Conts: 25 H(8)  G(17) 
    737856 504.47 || noQ Q (Avg,Max,Min) (0.96, 1.30, 0.63) (0.14, 0.07, 0.19) #fs:  25  -- #Conts: 25 H(7)  G(18) 
    741404 488.71 || noQ Q (Avg,Max,Min) (0.96, 1.30, 0.63) (0.14, 0.07, 0.19) #fs:  25  -- #Conts: 25 H(6)  G(19) 
    743154 472.94 || noQ Q (Avg,Max,Min) (0.98, 1.30, 0.81) (0.14, 0.10, 0.19) #fs:  24  -- #Conts: 25 H(5)  G(20) 
    766533 441.41 || noQ Q (Avg,Max,Min) (1.16, 1.47, 0.95) (0.19, 0.12, 0.26) #fs:  27  -- #Conts: 14 H(14) 
    845618 425.65 || noQ Q (Avg,Max,Min) (1.07, 1.33, 0.85) (0.20, 0.12, 0.26) #fs:  25  -- #Conts: 14 H(13)  G(1) 
    847524 409.88 || noQ Q (Avg,Max,Min) (1.12, 1.30, 0.93) (0.21, 0.07, 0.27) #fs:  21  -- #Conts: 13 H(13) 
    856343 394.12 || noQ Q (Avg,Max,Min) (1.12, 1.30, 0.93) (0.21, 0.11, 0.27) #fs:  21  -- #Conts: 13 H(12)  G(1) 
    879553 357.88 || noQ Q (Avg,Max,Min) (0.89, 1.15, 0.63) (0.18, 0.11, 0.24) #fs:  33  -- #Conts: 25 G(21)  E(4) 
    946086 348.82 || noQ Q (Avg,Max,Min) (0.90, 1.15, 0.69) (0.18, 0.11, 0.24) #fs:  34  -- #Conts: 25 G(20)  E(5) 
    975415 346.82 || noQ Q (Avg,Max,Min) (1.14, 1.47, 0.87) (0.24, 0.13, 0.35) #fs:  18  -- #Conts: 11 H(11) 
   1003331 315.29 || noQ Q (Avg,Max,Min) (1.13, 1.36, 0.87) (0.27, 0.16, 0.38) #fs:  17  -- #Conts: 10 H(10) 
   1062442 299.53 || noQ Q (Avg,Max,Min) (1.14, 1.36, 0.89) (0.28, 0.17, 0.38) #fs:  18  -- #Conts: 10 H(9)  G(1) 
   1074742 283.76 || noQ Q (Avg,Max,Min) (1.21, 1.42, 0.91) (0.30, 0.12, 0.36) #fs:  11  -- #Conts: 9 H(9) 
   1166341 252.24 || noQ Q (Avg,Max,Min) (1.19, 1.35, 0.91) (0.34, 0.23, 0.39) #fs:  12  -- #Conts: 8 H(8) 
   1232665 220.71 || noQ Q (Avg,Max,Min) (1.22, 1.32, 1.09) (0.38, 0.28, 0.43) #fs:  14  -- #Conts: 7 H(7) 
   1361511 204.94 || noQ Q (Avg,Max,Min) (1.03, 1.39, 0.70) (0.32, 0.23, 0.45) #fs:  19  -- #Conts: 13 G(13) 
   1496418 189.18 || noQ Q (Avg,Max,Min) (1.19, 1.29, 1.13) (0.45, 0.42, 0.48) #fs:  10  -- #Conts: 6 H(6) 
   1638887 173.41 || noQ Q (Avg,Max,Min) (1.12, 1.42, 0.83) (0.37, 0.21, 0.61) #fs:   9  -- #Conts: 11 G(11) 
   1647155 157.65 || noQ Q (Avg,Max,Min) (1.28, 1.41, 1.14) (0.55, 0.45, 0.64) #fs:   8  -- #Conts: 5 H(5) 
   1794382 141.88 || noQ Q (Avg,Max,Min) (1.10, 1.42, 0.82) (0.46, 0.22, 0.61) #fs:  10  -- #Conts: 9 G(9) 
   1951921 126.12 || noQ Q (Avg,Max,Min) (1.12, 1.27, 0.88) (0.51, 0.39, 0.61) #fs:  10  -- #Conts: 8 G(8) 
   2122955 110.35 || noQ Q (Avg,Max,Min) (1.10, 1.29, 0.98) (0.59, 0.47, 0.74) #fs:  11  -- #Conts: 7 G(7) 
   2543578 094.59 || noQ Q (Avg,Max,Min) (1.32, 1.36, 1.25) (0.90, 0.84, 0.96) #fs:   6  -- #Conts: 3 H(3) 
   2727053 078.82 || noQ Q (Avg,Max,Min) (1.14, 1.26, 1.03) (0.82, 0.75, 0.91) #fs:   8  -- #Conts: 5 G(5) 
   3405767 063.06 || noQ Q (Avg,Max,Min) (1.14, 1.21, 0.99) (1.02, 0.86, 1.11) #fs:   7  -- #Conts: 4 G(4) 
/////////////////size: 38
   2166423 205.94 || noQ Q (Avg,Max,Min) (1.02, 1.34, 0.75) (0.41, 0.15, 0.80) #fs:  16  -- #Conts: 8 H(6)  A(1)  G(1) 
   2318391 174.41 || noQ Q (Avg,Max,Min) (1.01, 1.32, 0.75) (0.47, 0.16, 0.85) #fs:  16  -- #Conts: 7 H(5)  A(1)  G(1) 
   2345379 158.65 || noQ Q (Avg,Max,Min) (1.05, 1.31, 0.86) (0.48, 0.08, 0.86) #fs:  11  -- #Conts: 7 H(4)  A(1)  G(2) 
   2365624 142.88 || noQ Q (Avg,Max,Min) (1.06, 1.33, 0.86) (0.56, 0.33, 0.86) #fs:  12  -- #Conts: 6 H(4)  A(1)  G(1) 
   2507412 127.12 || noQ Q (Avg,Max,Min) (1.10, 1.32, 0.93) (0.59, 0.28, 0.89) #fs:  10  -- #Conts: 6 H(3)  A(1)  G(2) 
   2625154 118.06 || noQ Q (Avg,Max,Min) (1.09, 1.32, 0.90) (0.53, 0.10, 0.93) #fs:   8  -- #Conts: 7 H(2)  A(1)  G(3)  E(1) 
   2641486 111.35 || noQ Q (Avg,Max,Min) (1.09, 1.30, 0.90) (0.61, 0.27, 0.93) #fs:  10  -- #Conts: 6 H(2)  A(1)  G(3) 
   2829162 105.24 || noQ Q (Avg,Max,Min) (1.08, 1.30, 0.99) (0.47, 0.16, 1.01) #fs:   7  -- #Conts: 9 H(2)  A(1)  G(1)  E(2)  C(3) 
   2891771 097.24 || noQ Q (Avg,Max,Min) (1.09, 1.30, 0.98) (0.56, 0.18, 1.04) #fs:   7  -- #Conts: 7 H(2)  A(1)  G(1)  E(2)  C(1) 
   2895164 093.24 || noQ Q (Avg,Max,Min) (1.10, 1.30, 0.98) (0.63, 0.25, 1.04) #fs:   7  -- #Conts: 6 H(2)  A(1)  G(1)  E(2) 
   2970563 090.53 || noQ Q (Avg,Max,Min) (1.10, 1.29, 0.99) (0.63, 0.16, 1.05) #fs:   8  -- #Conts: 6 H(2)  A(1)  G(1)  E(1)  C(1) 
   2992125 086.53 || noQ Q (Avg,Max,Min) (1.11, 1.29, 0.98) (0.73, 0.33, 1.07) #fs:   7  -- #Conts: 5 H(2)  A(1)  G(1)  E(1) 
   3086983 083.82 || noQ Q (Avg,Max,Min) (1.11, 1.28, 0.98) (0.72, 0.25, 1.08) #fs:   9  -- #Conts: 5 H(2)  A(1)  G(1)  C(1) 
   3119035 079.82 || noQ Q (Avg,Max,Min) (1.14, 1.28, 0.98) (0.85, 0.58, 1.11) #fs:   7  -- #Conts: 4 H(2)  A(1)  G(1) 
   3292828 077.47 || noQ Q (Avg,Max,Min) (1.05, 1.37, 0.71) (0.76, 0.42, 1.24) #fs:   6  -- #Conts: 5 H(2)  A(1)  E(2) 
   3387713 074.76 || noQ Q (Avg,Max,Min) (1.05, 1.36, 0.75) (0.74, 0.25, 1.28) #fs:   4  -- #Conts: 5 H(2)  A(1)  E(1)  C(1) 
   3502954 070.76 || noQ Q (Avg,Max,Min) (1.05, 1.35, 0.71) (0.85, 0.50, 1.31) #fs:   4  -- #Conts: 4 H(2)  A(1)  E(1) 
   3731731 068.06 || noQ Q (Avg,Max,Min) (1.07, 1.32, 0.62) (0.73, 0.02, 1.29) #fs:   1  -- #Conts: 4 H(2)  A(1)  C(1) 
   3857867 064.06 || noQ Q (Avg,Max,Min) (1.22, 1.31, 1.03) (0.89, 0.06, 1.31) #fs:   0  -- #Conts: 3 H(2)  A(1) 
   3861170 063.06 || noQ Q (Avg,Max,Min) (1.31, 1.32, 1.31) (1.30, 1.30, 1.31) #fs:   1  -- #Conts: 2 H(2) 
   6623851 061.88 || noQ Q (Avg,Max,Min) (1.00, 1.29, 0.73) (0.84, 0.15, 1.29) #fs:   6  -- #Conts: 11 G(1)  A(1)  E(3)  C(6) 
   6751167 057.88 || noQ Q (Avg,Max,Min) (1.00, 1.29, 0.72) (0.92, 0.67, 1.29) #fs:   5  -- #Conts: 10 G(1)  A(1)  E(3)  C(5) 
   6930328 056.88 || noQ Q (Avg,Max,Min) (0.99, 1.29, 0.69) (0.94, 0.64, 1.29) #fs:   5  -- #Conts: 10 G(1)  A(1)  E(3)  C(5) 
/////////////////size: 23
nodes 100 edges 123
 mulT: 10 mulD: 5000  sumData GB 14287
pareto /LIGO.n.100.0.dax time -> 7705.0
moheft /LIGO.n.100.0.dax time -> 445.0
distance from M to C 1.061627664292026
distance from P to C 0.0
distance from C to M 7.125169629400362
distance from C to P 0.5341669527824152
toCompare: /LIGO.n.100.0.dax sumDataGB: 14287 mulT: 10 mulD: 5000 paretoOptTime_MS: 7705.0 MoheftOptimizationTime_MS: 445.0 MtoC 1.061627664292026 PtoC 0.0 CtoM 7.125169629400362 CtoP 0.5341669527824152
