specify -Dflow d,b,mt,md,size
Running /home/vaggelis/jc/CYBERSHAKE.n.100.0.dax mt 5000 md: 500 size null
  44409640 3562.82 || noQ Q (Avg,Max,Min) (1.31, 1.46, 1.08) (1.26, 1.05, 1.43) #fs:  18  -- #Conts: 29 H(29) 
  44717882 3531.29 || noQ Q (Avg,Max,Min) (1.29, 1.55, 1.08) (1.26, 1.05, 1.54) #fs:  15  -- #Conts: 24 H(24) 
  47883022 3499.76 || noQ Q (Avg,Max,Min) (1.30, 1.55, 0.92) (1.27, 0.90, 1.54) #fs:  13  -- #Conts: 24 H(24) 
  47991055 3468.24 || noQ Q (Avg,Max,Min) (1.32, 1.55, 1.11) (1.28, 1.11, 1.54) #fs:  12  -- #Conts: 24 H(24) 
  49159203 3436.71 || noQ Q (Avg,Max,Min) (1.32, 1.55, 1.10) (1.29, 1.10, 1.54) #fs:   9  -- #Conts: 22 H(22) 
  52255574 3405.18 || noQ Q (Avg,Max,Min) (1.32, 1.55, 1.13) (1.30, 1.10, 1.54) #fs:   5  -- #Conts: 19 H(19) 
  71079105 3137.18 || noQ Q (Avg,Max,Min) (1.13, 1.33, 0.05) (1.11, 0.05, 1.31) #fs:  11  -- #Conts: 28 H(3)  G(25) 
  71163455 3121.41 || noQ Q (Avg,Max,Min) (1.13, 1.33, 0.09) (1.11, 0.06, 1.31) #fs:  11  -- #Conts: 28 H(2)  G(26) 
  71229543 3089.88 || noQ Q (Avg,Max,Min) (1.14, 1.33, 0.05) (1.12, 0.03, 1.31) #fs:  10  -- #Conts: 28 H(2)  G(26) 
  71313893 3042.59 || noQ Q (Avg,Max,Min) (1.14, 1.33, 0.08) (1.12, 0.06, 1.31) #fs:  10  -- #Conts: 28 H(1)  G(27) 
  71657288 2948.00 || noQ Q (Avg,Max,Min) (1.19, 1.33, 1.00) (1.14, 0.10, 1.31) #fs:   8  -- #Conts: 28 H(1)  G(27) 
  71918775 2932.24 || noQ Q (Avg,Max,Min) (1.19, 1.33, 1.00) (1.14, 0.17, 1.31) #fs:   8  -- #Conts: 28 G(28) 
  73686332 2916.47 || noQ Q (Avg,Max,Min) (1.16, 1.32, 0.34) (1.14, 0.18, 1.31) #fs:   8  -- #Conts: 24 H(1)  G(23) 
  74024940 2900.71 || noQ Q (Avg,Max,Min) (1.16, 1.32, 0.50) (1.14, 0.31, 1.31) #fs:   8  -- #Conts: 24 G(24) 
  78778111 2869.18 || noQ Q (Avg,Max,Min) (1.19, 1.31, 1.08) (1.18, 1.07, 1.31) #fs:   4  -- #Conts: 19 G(19) 
 154827789 2762.82 || noQ Q (Avg,Max,Min) (1.05, 1.14, 0.43) (1.04, 0.42, 1.13) #fs:   8  -- #Conts: 29 E(29) 
 155617063 2756.12 || noQ Q (Avg,Max,Min) (1.07, 1.14, 0.43) (1.06, 0.42, 1.13) #fs:   7  -- #Conts: 28 E(28) 
/////////////////size: 17
  44409410 3499.76 || noQ Q (Avg,Max,Min) (1.29, 1.60, 1.05) (1.18, 0.96, 1.46) #fs:  15  -- #Conts: 40 H(22)  G(18) 
  44586321 3468.24 || noQ Q (Avg,Max,Min) (1.28, 1.57, 1.05) (1.18, 0.96, 1.51) #fs:  16  -- #Conts: 39 H(21)  G(18) 
  44721368 3452.47 || noQ Q (Avg,Max,Min) (1.27, 1.57, 1.04) (1.18, 0.96, 1.51) #fs:  14  -- #Conts: 39 H(20)  G(19) 
  44843300 3436.71 || noQ Q (Avg,Max,Min) (1.28, 1.56, 1.02) (1.18, 0.96, 1.54) #fs:  18  -- #Conts: 40 H(18)  G(22) 
  44866683 3405.18 || noQ Q (Avg,Max,Min) (1.28, 1.56, 1.05) (1.18, 0.98, 1.54) #fs:  16  -- #Conts: 40 H(18)  G(22) 
  45151745 3373.65 || noQ Q (Avg,Max,Min) (1.27, 1.52, 1.06) (1.18, 0.96, 1.49) #fs:  13  -- #Conts: 39 H(17)  G(22) 
  45614359 3357.88 || noQ Q (Avg,Max,Min) (1.29, 1.55, 1.06) (1.19, 0.96, 1.54) #fs:   9  -- #Conts: 37 H(17)  G(20) 
  45734383 3342.12 || noQ Q (Avg,Max,Min) (1.27, 1.46, 1.06) (1.17, 0.96, 1.37) #fs:  10  -- #Conts: 38 H(15)  G(23) 
  46079296 3316.94 || noQ Q (Avg,Max,Min) (1.26, 1.43, 1.04) (1.18, 0.96, 1.38) #fs:  12  -- #Conts: 39 H(15)  G(22)  E(2) 
  46360823 3314.59 || noQ Q (Avg,Max,Min) (1.26, 1.44, 1.06) (1.16, 0.95, 1.38) #fs:   8  -- #Conts: 39 H(12)  G(25)  E(2) 
  46385835 3298.82 || noQ Q (Avg,Max,Min) (1.26, 1.44, 1.05) (1.16, 0.95, 1.38) #fs:   9  -- #Conts: 39 H(12)  G(25)  E(2) 
  46386145 3292.12 || noQ Q (Avg,Max,Min) (1.27, 1.44, 1.06) (1.16, 0.95, 1.38) #fs:   7  -- #Conts: 39 H(12)  G(25)  E(2) 
  46395908 3285.41 || noQ Q (Avg,Max,Min) (1.27, 1.44, 1.05) (1.17, 0.95, 1.38) #fs:   7  -- #Conts: 39 H(12)  G(25)  E(2) 
  46418218 3283.06 || noQ Q (Avg,Max,Min) (1.27, 1.44, 1.05) (1.16, 0.95, 1.38) #fs:   6  -- #Conts: 39 H(12)  G(25)  E(2) 
  46422024 3276.35 || noQ Q (Avg,Max,Min) (1.27, 1.44, 1.05) (1.17, 0.95, 1.38) #fs:   5  -- #Conts: 39 H(12)  G(25)  E(2) 
  46438793 3269.65 || noQ Q (Avg,Max,Min) (1.27, 1.44, 1.05) (1.17, 0.96, 1.38) #fs:   5  -- #Conts: 39 H(12)  G(25)  E(2) 
  46930617 3253.88 || noQ Q (Avg,Max,Min) (1.27, 1.45, 1.04) (1.18, 0.96, 1.38) #fs:   5  -- #Conts: 38 H(12)  G(24)  E(2) 
  47359870 3222.35 || noQ Q (Avg,Max,Min) (1.26, 1.43, 1.04) (1.18, 0.96, 1.38) #fs:   8  -- #Conts: 37 H(11)  G(24)  E(2) 
  47893594 3206.59 || noQ Q (Avg,Max,Min) (1.26, 1.41, 1.05) (1.18, 0.96, 1.39) #fs:   8  -- #Conts: 37 H(10)  G(25)  E(2) 
  48362692 3205.88 || noQ Q (Avg,Max,Min) (1.25, 1.41, 1.00) (1.16, 0.18, 1.41) #fs:   6  -- #Conts: 38 H(9)  G(25)  E(3)  C(1) 
  48409225 3190.12 || noQ Q (Avg,Max,Min) (1.25, 1.41, 1.00) (1.16, 0.18, 1.41) #fs:   7  -- #Conts: 38 H(9)  G(25)  E(3)  C(1) 
  48414872 3186.12 || noQ Q (Avg,Max,Min) (1.25, 1.41, 1.03) (1.19, 0.98, 1.41) #fs:   7  -- #Conts: 37 H(9)  G(25)  E(3) 
  48418248 3174.35 || noQ Q (Avg,Max,Min) (1.25, 1.41, 1.00) (1.16, 0.18, 1.41) #fs:   6  -- #Conts: 38 H(9)  G(25)  E(3)  C(1) 
  48499849 3170.35 || noQ Q (Avg,Max,Min) (1.25, 1.41, 1.04) (1.19, 0.98, 1.41) #fs:   7  -- #Conts: 37 H(9)  G(25)  E(3) 
  48762768 3145.53 || noQ Q (Avg,Max,Min) (1.22, 1.41, 1.00) (1.16, 0.95, 1.41) #fs:   9  -- #Conts: 37 H(6)  G(28)  E(3) 
  48804818 3138.82 || noQ Q (Avg,Max,Min) (1.23, 1.41, 1.04) (1.17, 0.96, 1.41) #fs:   7  -- #Conts: 37 H(6)  G(28)  E(3) 
  48949987 3123.06 || noQ Q (Avg,Max,Min) (1.23, 1.41, 1.05) (1.18, 0.96, 1.41) #fs:   9  -- #Conts: 37 H(6)  G(28)  E(3) 
  49317218 3112.00 || noQ Q (Avg,Max,Min) (1.24, 1.41, 1.00) (1.19, 0.99, 1.41) #fs:   8  -- #Conts: 36 H(6)  G(28)  E(2) 
  49412882 3098.24 || noQ Q (Avg,Max,Min) (1.22, 1.41, 0.99) (1.19, 0.99, 1.41) #fs:  10  -- #Conts: 36 H(6)  G(27)  E(3) 
  51507098 3080.47 || noQ Q (Avg,Max,Min) (1.22, 1.34, 1.03) (1.17, 1.01, 1.29) #fs:  13  -- #Conts: 33 H(3)  G(28)  E(2) 
  51926738 3052.94 || noQ Q (Avg,Max,Min) (1.20, 1.34, 1.01) (1.17, 1.01, 1.33) #fs:  10  -- #Conts: 34 H(3)  G(27)  E(4) 
  52104849 3037.18 || noQ Q (Avg,Max,Min) (1.21, 1.34, 1.01) (1.17, 1.01, 1.32) #fs:   8  -- #Conts: 34 H(3)  G(27)  E(4) 
  52105079 3021.41 || noQ Q (Avg,Max,Min) (1.21, 1.34, 1.01) (1.18, 1.01, 1.32) #fs:  10  -- #Conts: 34 H(3)  G(27)  E(4) 
  52610186 3010.35 || noQ Q (Avg,Max,Min) (1.21, 1.34, 1.01) (1.19, 1.01, 1.31) #fs:   7  -- #Conts: 33 H(3)  G(27)  E(3) 
  53272334 3008.35 || noQ Q (Avg,Max,Min) (1.21, 1.34, 1.00) (1.16, 0.13, 1.32) #fs:   6  -- #Conts: 33 H(3)  G(27)  E(3) 
  53604812 3005.65 || noQ Q (Avg,Max,Min) (1.21, 1.34, 1.00) (1.17, 0.22, 1.32) #fs:   6  -- #Conts: 33 H(3)  G(27)  E(2)  C(1) 
  53803088 2991.53 || noQ Q (Avg,Max,Min) (1.21, 1.32, 1.05) (1.18, 1.04, 1.29) #fs:   6  -- #Conts: 34 H(3)  G(25)  E(6) 
  54881255 2988.47 || noQ Q (Avg,Max,Min) (1.20, 1.31, 1.00) (1.15, 0.18, 1.30) #fs:   3  -- #Conts: 33 H(3)  G(22)  E(7)  C(1) 
  54964724 2984.47 || noQ Q (Avg,Max,Min) (1.20, 1.31, 1.04) (1.18, 1.01, 1.30) #fs:   4  -- #Conts: 32 H(3)  G(22)  E(7) 
  55313278 2973.06 || noQ Q (Avg,Max,Min) (1.20, 1.28, 1.10) (1.18, 1.02, 1.28) #fs:   4  -- #Conts: 31 H(3)  G(21)  E(7) 
  55740501 2970.00 || noQ Q (Avg,Max,Min) (1.19, 1.28, 1.00) (1.13, 0.15, 1.28) #fs:   5  -- #Conts: 34 H(3)  G(21)  E(9)  C(1) 
  55781003 2967.29 || noQ Q (Avg,Max,Min) (1.19, 1.28, 1.00) (1.13, 0.18, 1.28) #fs:   5  -- #Conts: 34 H(3)  G(21)  E(8)  C(2) 
  55830187 2963.29 || noQ Q (Avg,Max,Min) (1.19, 1.28, 1.00) (1.16, 0.23, 1.28) #fs:   5  -- #Conts: 33 H(3)  G(21)  E(8)  C(1) 
  55910824 2959.29 || noQ Q (Avg,Max,Min) (1.20, 1.28, 1.06) (1.19, 1.04, 1.28) #fs:   6  -- #Conts: 32 H(3)  G(21)  E(8) 
  57344220 2958.12 || noQ Q (Avg,Max,Min) (1.21, 1.28, 1.10) (1.19, 0.98, 1.28) #fs:   2  -- #Conts: 31 H(3)  G(21)  E(6)  C(1) 
  57350007 2954.12 || noQ Q (Avg,Max,Min) (1.21, 1.28, 1.10) (1.19, 1.10, 1.28) #fs:   2  -- #Conts: 31 H(3)  G(21)  E(6)  C(1) 
  58102207 2953.41 || noQ Q (Avg,Max,Min) (1.19, 1.28, 1.00) (1.16, 0.51, 1.28) #fs:   2  -- #Conts: 33 H(3)  G(21)  A(2)  E(5)  C(2) 
  58122080 2952.41 || noQ Q (Avg,Max,Min) (1.20, 1.28, 1.00) (1.17, 0.51, 1.28) #fs:   3  -- #Conts: 32 H(3)  G(21)  A(1)  E(5)  C(2) 
  58148497 2951.41 || noQ Q (Avg,Max,Min) (1.20, 1.28, 1.00) (1.18, 0.70, 1.28) #fs:   2  -- #Conts: 32 H(3)  G(21)  A(2)  E(5)  C(1) 
  58301831 2950.41 || noQ Q (Avg,Max,Min) (1.20, 1.28, 1.00) (1.18, 0.70, 1.28) #fs:   2  -- #Conts: 32 H(3)  G(21)  A(2)  E(5)  C(1) 
  58304724 2949.41 || noQ Q (Avg,Max,Min) (1.20, 1.28, 1.00) (1.18, 0.70, 1.28) #fs:   2  -- #Conts: 32 H(3)  G(21)  A(2)  E(5)  C(1) 
  58336547 2948.41 || noQ Q (Avg,Max,Min) (1.20, 1.28, 1.00) (1.19, 0.93, 1.28) #fs:   2  -- #Conts: 31 H(3)  G(21)  A(1)  E(5)  C(1) 
  58342336 2947.41 || noQ Q (Avg,Max,Min) (1.20, 1.28, 1.00) (1.19, 0.90, 1.28) #fs:   3  -- #Conts: 31 H(3)  G(21)  A(1)  E(5)  C(1) 
  58507239 2946.41 || noQ Q (Avg,Max,Min) (1.20, 1.28, 1.00) (1.20, 0.99, 1.28) #fs:   2  -- #Conts: 31 H(3)  G(21)  A(1)  E(5)  C(1) 
  58518812 2945.41 || noQ Q (Avg,Max,Min) (1.21, 1.28, 1.09) (1.20, 1.08, 1.28) #fs:   2  -- #Conts: 30 H(3)  G(21)  E(5)  C(1) 
  58732901 2941.53 || noQ Q (Avg,Max,Min) (1.17, 1.28, 1.04) (1.15, 0.99, 1.28) #fs:   4  -- #Conts: 33 H(3)  G(14)  E(15)  C(1) 
  58789471 2937.53 || noQ Q (Avg,Max,Min) (1.17, 1.28, 1.04) (1.15, 1.03, 1.28) #fs:   4  -- #Conts: 33 H(3)  G(14)  E(15)  C(1) 
  58972165 2936.47 || noQ Q (Avg,Max,Min) (1.17, 1.39, 1.00) (1.13, 0.24, 1.38) #fs:   5  -- #Conts: 36 H(3)  G(16)  E(15)  C(2) 
  58987492 2932.47 || noQ Q (Avg,Max,Min) (1.17, 1.41, 1.04) (1.16, 1.02, 1.35) #fs:   4  -- #Conts: 35 H(3)  G(16)  E(15)  C(1) 
  59267046 2928.47 || noQ Q (Avg,Max,Min) (1.18, 1.41, 1.04) (1.16, 1.04, 1.35) #fs:   2  -- #Conts: 35 H(3)  G(16)  E(15)  C(1) 
  59304778 2928.12 || noQ Q (Avg,Max,Min) (1.17, 1.39, 1.00) (1.16, 0.99, 1.28) #fs:   5  -- #Conts: 34 H(3)  G(15)  A(1)  E(14)  C(1) 
  59509270 2927.12 || noQ Q (Avg,Max,Min) (1.17, 1.39, 1.00) (1.16, 0.99, 1.28) #fs:   5  -- #Conts: 34 H(3)  G(15)  A(1)  E(14)  C(1) 
  59573835 2925.12 || noQ Q (Avg,Max,Min) (1.17, 1.39, 1.00) (1.16, 0.96, 1.28) #fs:   3  -- #Conts: 34 H(3)  G(15)  A(1)  E(14)  C(1) 
  59764779 2924.12 || noQ Q (Avg,Max,Min) (1.17, 1.39, 1.00) (1.16, 0.99, 1.28) #fs:   3  -- #Conts: 34 H(3)  G(15)  A(1)  E(14)  C(1) 
  59970188 2923.12 || noQ Q (Avg,Max,Min) (1.17, 1.39, 1.00) (1.16, 0.99, 1.28) #fs:   3  -- #Conts: 34 H(3)  G(15)  A(1)  E(14)  C(1) 
  60120628 2918.00 || noQ Q (Avg,Max,Min) (1.16, 1.35, 1.00) (1.12, 0.19, 1.35) #fs:   5  -- #Conts: 35 H(3)  G(14)  E(15)  C(3) 
  60718901 2916.00 || noQ Q (Avg,Max,Min) (1.15, 1.35, 0.80) (1.13, 0.41, 1.35) #fs:   6  -- #Conts: 36 H(3)  G(14)  A(2)  E(15)  C(2) 
  61606557 2915.00 || noQ Q (Avg,Max,Min) (1.16, 1.35, 1.00) (1.15, 0.94, 1.35) #fs:   6  -- #Conts: 34 H(3)  G(14)  A(1)  E(15)  C(1) 
  61629873 2914.00 || noQ Q (Avg,Max,Min) (1.17, 1.35, 1.00) (1.16, 0.94, 1.35) #fs:   6  -- #Conts: 33 H(3)  G(14)  E(15)  C(1) 
  63435676 2913.00 || noQ Q (Avg,Max,Min) (1.16, 1.35, 1.00) (1.12, 0.42, 1.35) #fs:   4  -- #Conts: 36 H(3)  G(14)  A(2)  E(15)  C(2) 
  63574967 2909.18 || noQ Q (Avg,Max,Min) (1.15, 1.35, 1.00) (1.11, 0.51, 1.35) #fs:   0  -- #Conts: 37 H(3)  G(11)  E(20)  C(3) 
  63681638 2905.18 || noQ Q (Avg,Max,Min) (1.15, 1.35, 1.00) (1.12, 0.82, 1.35) #fs:   0  -- #Conts: 37 H(3)  G(11)  E(20)  C(3) 
  66219796 2900.94 || noQ Q (Avg,Max,Min) (1.13, 1.24, 1.00) (1.07, 0.48, 1.23) #fs:   3  -- #Conts: 40 H(3)  G(8)  A(1)  E(25)  C(3) 
  66322132 2899.94 || noQ Q (Avg,Max,Min) (1.13, 1.24, 1.00) (1.06, 0.51, 1.23) #fs:   4  -- #Conts: 41 H(3)  G(8)  A(3)  E(25)  C(2) 
  66442874 2898.94 || noQ Q (Avg,Max,Min) (1.13, 1.24, 1.00) (1.08, 0.52, 1.23) #fs:   4  -- #Conts: 40 H(3)  G(8)  A(2)  E(25)  C(2) 
  66449596 2897.94 || noQ Q (Avg,Max,Min) (1.13, 1.24, 1.00) (1.08, 0.59, 1.23) #fs:   5  -- #Conts: 40 H(3)  G(8)  A(2)  E(25)  C(2) 
  66654606 2894.94 || noQ Q (Avg,Max,Min) (1.13, 1.24, 1.00) (1.09, 0.52, 1.23) #fs:   3  -- #Conts: 39 H(3)  G(8)  A(2)  E(25)  C(1) 
  66709158 2893.94 || noQ Q (Avg,Max,Min) (1.13, 1.24, 1.00) (1.09, 0.59, 1.23) #fs:   3  -- #Conts: 39 H(3)  G(8)  A(2)  E(25)  C(1) 
  67319803 2892.94 || noQ Q (Avg,Max,Min) (1.13, 1.24, 1.00) (1.10, 0.59, 1.23) #fs:   4  -- #Conts: 38 H(3)  G(8)  A(1)  E(25)  C(1) 
  68408676 2891.94 || noQ Q (Avg,Max,Min) (1.13, 1.24, 1.00) (1.11, 0.89, 1.23) #fs:   4  -- #Conts: 38 H(3)  G(8)  A(1)  E(25)  C(1) 
  69516030 2883.35 || noQ Q (Avg,Max,Min) (1.12, 1.43, 1.00) (1.09, 0.68, 1.37) #fs:   2  -- #Conts: 40 H(3)  G(7)  A(3)  E(24)  C(3) 
  69522555 2882.35 || noQ Q (Avg,Max,Min) (1.13, 1.43, 1.00) (1.09, 0.68, 1.37) #fs:   2  -- #Conts: 39 H(3)  G(7)  A(2)  E(24)  C(3) 
  69548654 2881.35 || noQ Q (Avg,Max,Min) (1.12, 1.43, 1.00) (1.10, 0.78, 1.37) #fs:   2  -- #Conts: 40 H(3)  G(7)  A(3)  E(24)  C(3) 
  69607377 2879.65 || noQ Q (Avg,Max,Min) (1.12, 1.43, 0.84) (1.09, 0.62, 1.37) #fs:   2  -- #Conts: 39 H(3)  G(7)  A(2)  E(24)  C(3) 
  69626952 2878.65 || noQ Q (Avg,Max,Min) (1.12, 1.43, 1.00) (1.10, 0.78, 1.37) #fs:   1  -- #Conts: 40 H(3)  G(7)  A(3)  E(24)  C(3) 
  70226950 2877.65 || noQ Q (Avg,Max,Min) (1.12, 1.43, 1.00) (1.09, 0.58, 1.37) #fs:   2  -- #Conts: 40 H(3)  G(7)  A(3)  E(24)  C(3) 
  70279149 2876.65 || noQ Q (Avg,Max,Min) (1.13, 1.43, 1.00) (1.10, 0.58, 1.37) #fs:   2  -- #Conts: 39 H(3)  G(7)  A(2)  E(24)  C(3) 
  73036330 2875.65 || noQ Q (Avg,Max,Min) (1.12, 1.43, 1.00) (1.10, 0.78, 1.37) #fs:   1  -- #Conts: 40 H(3)  G(7)  A(3)  E(24)  C(3) 
  73939574 2874.94 || noQ Q (Avg,Max,Min) (1.11, 1.24, 1.00) (1.08, 0.68, 1.23) #fs:   5  -- #Conts: 37 H(3)  G(6)  A(4)  E(17)  C(7) 
  74024683 2873.65 || noQ Q (Avg,Max,Min) (1.11, 1.24, 1.00) (1.08, 0.68, 1.23) #fs:   4  -- #Conts: 37 H(3)  G(6)  A(4)  E(17)  C(7) 
  74063546 2872.94 || noQ Q (Avg,Max,Min) (1.11, 1.24, 1.00) (1.08, 0.68, 1.23) #fs:   5  -- #Conts: 37 H(3)  G(6)  A(4)  E(17)  C(7) 
  74148655 2871.65 || noQ Q (Avg,Max,Min) (1.11, 1.24, 1.00) (1.08, 0.68, 1.23) #fs:   3  -- #Conts: 37 H(3)  G(6)  A(4)  E(17)  C(7) 
  74661143 2870.94 || noQ Q (Avg,Max,Min) (1.11, 1.24, 1.00) (1.08, 0.68, 1.23) #fs:   5  -- #Conts: 37 H(3)  G(6)  A(4)  E(17)  C(7) 
  74785115 2868.94 || noQ Q (Avg,Max,Min) (1.11, 1.24, 1.00) (1.08, 0.68, 1.23) #fs:   4  -- #Conts: 37 H(3)  G(6)  A(4)  E(17)  C(7) 
  76774330 2866.94 || noQ Q (Avg,Max,Min) (1.11, 1.24, 0.95) (1.09, 0.76, 1.23) #fs:   5  -- #Conts: 37 H(3)  G(6)  A(4)  E(17)  C(7) 
  78088449 2866.06 || noQ Q (Avg,Max,Min) (1.10, 1.24, 0.92) (1.07, 0.60, 1.23) #fs:   2  -- #Conts: 36 H(3)  G(6)  A(3)  E(17)  C(7) 
  78091269 2862.06 || noQ Q (Avg,Max,Min) (1.10, 1.24, 0.92) (1.09, 0.71, 1.23) #fs:   2  -- #Conts: 36 H(3)  G(6)  A(3)  E(17)  C(7) 
  78808515 2842.00 || noQ Q (Avg,Max,Min) (1.11, 1.23, 0.80) (1.07, 0.11, 1.23) #fs:   7  -- #Conts: 33 H(1)  G(9)  E(20)  C(3) 
  78919805 2826.24 || noQ Q (Avg,Max,Min) (1.11, 1.23, 0.80) (1.07, 0.12, 1.23) #fs:   7  -- #Conts: 33 G(10)  E(20)  C(3) 
  79014276 2817.18 || noQ Q (Avg,Max,Min) (1.12, 1.23, 1.00) (1.09, 0.19, 1.23) #fs:   8  -- #Conts: 32 G(9)  E(20)  C(3) 
  79027426 2805.41 || noQ Q (Avg,Max,Min) (1.12, 1.25, 0.80) (1.07, 0.25, 1.25) #fs:   7  -- #Conts: 33 G(9)  E(20)  C(4) 
  79145269 2798.71 || noQ Q (Avg,Max,Min) (1.12, 1.25, 0.80) (1.08, 0.25, 1.25) #fs:   6  -- #Conts: 33 G(9)  E(20)  C(4) 
  79934487 2794.71 || noQ Q (Avg,Max,Min) (1.12, 1.25, 0.78) (1.10, 0.47, 1.25) #fs:   6  -- #Conts: 32 G(9)  E(20)  C(3) 
  82058604 2792.59 || noQ Q (Avg,Max,Min) (1.12, 1.23, 1.00) (1.10, 0.83, 1.23) #fs:   2  -- #Conts: 34 G(9)  A(2)  E(21)  C(2) 
  85733180 2790.12 || noQ Q (Avg,Max,Min) (1.10, 1.22, 1.00) (1.06, 0.58, 1.22) #fs:   3  -- #Conts: 38 G(8)  A(5)  E(21)  C(4) 
  85924475 2789.12 || noQ Q (Avg,Max,Min) (1.10, 1.22, 0.93) (1.07, 0.58, 1.22) #fs:   4  -- #Conts: 37 G(8)  A(4)  E(21)  C(4) 
  86652569 2788.12 || noQ Q (Avg,Max,Min) (1.11, 1.22, 0.99) (1.08, 0.58, 1.22) #fs:   4  -- #Conts: 36 G(8)  A(3)  E(21)  C(4) 
  89719415 2787.12 || noQ Q (Avg,Max,Min) (1.10, 1.22, 1.00) (1.08, 0.78, 1.22) #fs:   3  -- #Conts: 37 G(8)  A(5)  E(21)  C(3) 
  95762134 2786.24 || noQ Q (Avg,Max,Min) (1.10, 1.22, 0.98) (1.08, 0.85, 1.22) #fs:   2  -- #Conts: 34 G(8)  A(7)  E(18)  C(1) 
 103728471 2780.18 || noQ Q (Avg,Max,Min) (1.07, 1.17, 0.90) (1.02, 0.29, 1.17) #fs:   5  -- #Conts: 33 G(3)  A(7)  E(18)  C(5) 
 103793950 2779.18 || noQ Q (Avg,Max,Min) (1.07, 1.17, 0.90) (1.02, 0.40, 1.17) #fs:   5  -- #Conts: 33 G(3)  A(7)  E(18)  C(5) 
 103977686 2778.18 || noQ Q (Avg,Max,Min) (1.07, 1.17, 0.89) (1.03, 0.40, 1.17) #fs:   6  -- #Conts: 33 G(3)  A(7)  E(18)  C(5) 
 104517977 2777.18 || noQ Q (Avg,Max,Min) (1.07, 1.17, 0.87) (1.03, 0.52, 1.17) #fs:   6  -- #Conts: 33 G(3)  A(7)  E(18)  C(5) 
 104596504 2776.18 || noQ Q (Avg,Max,Min) (1.07, 1.17, 0.92) (1.04, 0.63, 1.17) #fs:   5  -- #Conts: 32 G(3)  A(6)  E(18)  C(5) 
 104981469 2775.18 || noQ Q (Avg,Max,Min) (1.07, 1.17, 0.92) (1.05, 0.73, 1.17) #fs:   5  -- #Conts: 32 G(3)  A(6)  E(18)  C(5) 
 109477896 2774.47 || noQ Q (Avg,Max,Min) (1.07, 1.17, 0.91) (1.05, 0.73, 1.17) #fs:   6  -- #Conts: 32 G(3)  A(6)  E(17)  C(6) 
 113477897 2773.47 || noQ Q (Avg,Max,Min) (1.08, 1.17, 0.96) (1.06, 0.82, 1.17) #fs:   5  -- #Conts: 30 G(3)  A(6)  E(17)  C(4) 
 178499618 2772.29 || noQ Q (Avg,Max,Min) (1.06, 1.20, 1.00) (1.01, 0.64, 1.20) #fs:   3  -- #Conts: 27 G(1)  A(9)  E(10)  C(7) 
 178590965 2771.29 || noQ Q (Avg,Max,Min) (1.06, 1.20, 1.00) (1.02, 0.64, 1.20) #fs:   3  -- #Conts: 26 G(1)  A(8)  E(10)  C(7) 
 178617065 2768.29 || noQ Q (Avg,Max,Min) (1.06, 1.20, 1.00) (1.01, 0.64, 1.20) #fs:   1  -- #Conts: 27 G(1)  A(9)  E(10)  C(7) 
 178684896 2767.59 || noQ Q (Avg,Max,Min) (1.06, 1.20, 1.00) (1.00, 0.56, 1.20) #fs:   4  -- #Conts: 27 G(1)  A(8)  E(10)  C(8) 
 178805998 2766.59 || noQ Q (Avg,Max,Min) (1.06, 1.20, 1.00) (1.00, 0.56, 1.20) #fs:   4  -- #Conts: 27 G(1)  A(8)  E(10)  C(8) 
 178832098 2765.59 || noQ Q (Avg,Max,Min) (1.06, 1.20, 1.00) (1.01, 0.64, 1.20) #fs:   4  -- #Conts: 27 G(1)  A(9)  E(10)  C(7) 
 178923445 2764.59 || noQ Q (Avg,Max,Min) (1.06, 1.20, 1.00) (1.02, 0.64, 1.20) #fs:   4  -- #Conts: 26 G(1)  A(8)  E(10)  C(7) 
 178949545 2761.59 || noQ Q (Avg,Max,Min) (1.06, 1.20, 1.00) (1.01, 0.64, 1.20) #fs:   2  -- #Conts: 27 G(1)  A(9)  E(10)  C(7) 
 179199422 2760.59 || noQ Q (Avg,Max,Min) (1.06, 1.20, 1.00) (1.02, 0.64, 1.20) #fs:   1  -- #Conts: 26 G(1)  A(8)  E(10)  C(7) 
 179221972 2759.59 || noQ Q (Avg,Max,Min) (1.06, 1.20, 1.00) (1.02, 0.64, 1.20) #fs:   1  -- #Conts: 26 G(1)  A(8)  E(10)  C(7) 
 194101121 2758.59 || noQ Q (Avg,Max,Min) (1.07, 1.20, 1.00) (1.04, 0.79, 1.20) #fs:   0  -- #Conts: 25 G(1)  A(7)  E(10)  C(7) 
 239929959 2756.41 || noQ Q (Avg,Max,Min) (1.06, 1.41, 0.98) (1.00, 0.64, 1.41) #fs:   1  -- #Conts: 21 G(1)  A(9)  E(7)  C(4) 
 240104326 2755.41 || noQ Q (Avg,Max,Min) (1.06, 1.41, 0.98) (1.00, 0.64, 1.41) #fs:   1  -- #Conts: 21 G(1)  A(9)  E(7)  C(4) 
 240651530 2752.41 || noQ Q (Avg,Max,Min) (1.06, 1.41, 0.98) (1.00, 0.64, 1.41) #fs:   2  -- #Conts: 21 G(1)  A(9)  E(7)  C(4) 
 244122956 2751.41 || noQ Q (Avg,Max,Min) (1.06, 1.41, 0.98) (1.01, 0.64, 1.41) #fs:   2  -- #Conts: 21 G(1)  A(9)  E(7)  C(4) 
 249235926 2750.41 || noQ Q (Avg,Max,Min) (1.06, 1.41, 0.88) (1.03, 0.84, 1.41) #fs:   2  -- #Conts: 19 G(1)  A(7)  E(7)  C(4) 
/////////////////size: 133
nodes 100 edges 192
 mulT: 5000 mulD: 500  sumData GB 48799
pareto /CYBERSHAKE.n.100.0.dax time -> 4208.0
moheft /CYBERSHAKE.n.100.0.dax time -> 16605.0
distance from M to C 0.8058934099956048
distance from P to C 26.511653632364023
distance from C to M 0.2085126733620118
distance from C to P 43.82651212665379
toCompare: /CYBERSHAKE.n.100.0.dax sumDataGB: 48799 mulT: 5000 mulD: 500 paretoOptTime_MS: 4208.0 MoheftOptimizationTime_MS: 16605.0 MtoC 0.8058934099956048 PtoC 26.511653632364023 CtoM 0.2085126733620118 CtoP 43.82651212665379
