specify -Dflow d,b,mt,md,size
Running /home/vaggelis/jc/LIGO.n.50.0.dax mt 30 md: 20000 size null
   2087152 346.82 || noQ Q (Avg,Max,Min) (1.12, 1.43, 0.97) (0.42, 0.17, 0.67) #fs:  12  -- #Conts: 12 H(10)  G(2) 
   2310200 331.06 || noQ Q (Avg,Max,Min) (1.11, 1.41, 0.82) (0.44, 0.17, 0.69) #fs:  12  -- #Conts: 12 H(9)  G(3) 
   2352585 315.29 || noQ Q (Avg,Max,Min) (1.18, 1.52, 1.04) (0.49, 0.19, 0.84) #fs:   8  -- #Conts: 10 H(10) 
   2440224 283.76 || noQ Q (Avg,Max,Min) (1.19, 1.52, 1.04) (0.55, 0.20, 0.84) #fs:   9  -- #Conts: 9 H(9) 
   2468135 252.24 || noQ Q (Avg,Max,Min) (1.20, 1.52, 1.04) (0.61, 0.20, 0.84) #fs:   9  -- #Conts: 8 H(8) 
   2560996 220.71 || noQ Q (Avg,Max,Min) (1.20, 1.38, 1.04) (0.70, 0.41, 0.98) #fs:   8  -- #Conts: 7 H(7) 
   2917250 204.94 || noQ Q (Avg,Max,Min) (1.06, 1.21, 0.94) (0.74, 0.58, 0.98) #fs:   8  -- #Conts: 7 H(6)  G(1) 
   2951787 189.18 || noQ Q (Avg,Max,Min) (1.12, 1.30, 0.94) (0.82, 0.65, 0.97) #fs:   5  -- #Conts: 6 H(6) 
   3445540 157.65 || noQ Q (Avg,Max,Min) (1.18, 1.29, 1.06) (0.98, 0.87, 1.23) #fs:   4  -- #Conts: 5 H(5) 
   6379329 154.24 || noQ Q (Avg,Max,Min) (0.95, 1.22, 0.79) (0.67, 0.51, 0.87) #fs:  11  -- #Conts: 12 E(12) 
   6444728 148.82 || noQ Q (Avg,Max,Min) (0.97, 1.21, 0.80) (0.69, 0.51, 0.90) #fs:  12  -- #Conts: 12 E(11)  C(1) 
   6545043 147.53 || noQ Q (Avg,Max,Min) (0.97, 1.22, 0.82) (0.69, 0.54, 0.89) #fs:  11  -- #Conts: 12 E(12) 
   6557740 140.82 || noQ Q (Avg,Max,Min) (0.95, 1.22, 0.72) (0.71, 0.63, 1.04) #fs:  13  -- #Conts: 15 E(15) 
   7005344 134.12 || noQ Q (Avg,Max,Min) (0.95, 1.18, 0.72) (0.74, 0.63, 1.14) #fs:  11  -- #Conts: 13 E(13) 
   7909308 127.41 || noQ Q (Avg,Max,Min) (0.94, 1.18, 0.72) (0.78, 0.63, 1.13) #fs:  12  -- #Conts: 12 E(12) 
  11324552 124.00 || noQ Q (Avg,Max,Min) (1.00, 1.68, 0.66) (0.87, 0.65, 1.61) #fs:   8  -- #Conts: 16 C(16) 
  11367881 120.00 || noQ Q (Avg,Max,Min) (1.01, 1.68, 0.74) (0.89, 0.71, 1.61) #fs:   9  -- #Conts: 15 C(15) 
  14852258 116.00 || noQ Q (Avg,Max,Min) (1.00, 1.17, 0.84) (0.87, 0.64, 1.13) #fs:   6  -- #Conts: 14 C(14) 
  16096512 108.00 || noQ Q (Avg,Max,Min) (1.00, 1.17, 0.84) (0.92, 0.76, 1.13) #fs:   6  -- #Conts: 13 C(13) 
  18626531 106.94 || noQ Q (Avg,Max,Min) (1.06, 1.68, 0.77) (1.01, 0.73, 1.61) #fs:   2  -- #Conts: 11 E(2)  C(9) 
  20667688 105.53 || noQ Q (Avg,Max,Min) (1.09, 1.68, 0.92) (1.01, 0.83, 1.61) #fs:   1  -- #Conts: 11 E(1)  C(10) 
  22167856 105.41 || noQ Q (Avg,Max,Min) (1.07, 1.68, 0.78) (0.99, 0.64, 1.61) #fs:   1  -- #Conts: 12 E(1)  C(11) 
  24296046 104.00 || noQ Q (Avg,Max,Min) (1.09, 1.68, 1.01) (0.99, 0.64, 1.61) #fs:   0  -- #Conts: 12 C(12) 
  25814351 102.71 || noQ Q (Avg,Max,Min) (1.13, 2.17, 0.85) (0.99, 0.83, 1.21) #fs:   1  -- #Conts: 11 E(1)  C(10) 
  25917970 100.00 || noQ Q (Avg,Max,Min) (1.08, 1.68, 0.85) (1.03, 0.83, 1.61) #fs:   1  -- #Conts: 11 C(11) 
/////////////////size: 25
   5435421 189.18 || noQ Q (Avg,Max,Min) (1.10, 1.52, 0.79) (0.64, 0.25, 1.51) #fs:   6  -- #Conts: 9 H(3)  G(6) 
   5510590 173.41 || noQ Q (Avg,Max,Min) (1.11, 1.52, 0.79) (0.71, 0.27, 1.51) #fs:   6  -- #Conts: 8 H(3)  G(5) 
   5611025 157.65 || noQ Q (Avg,Max,Min) (1.12, 1.52, 0.79) (0.82, 0.46, 1.51) #fs:   7  -- #Conts: 7 H(3)  G(4) 
   6130287 155.29 || noQ Q (Avg,Max,Min) (1.11, 1.52, 0.79) (0.80, 0.36, 1.51) #fs:   4  -- #Conts: 8 H(3)  G(3)  E(2) 
   6263369 141.88 || noQ Q (Avg,Max,Min) (1.14, 1.52, 0.79) (0.95, 0.57, 1.51) #fs:   4  -- #Conts: 6 H(3)  G(3) 
   6641414 139.53 || noQ Q (Avg,Max,Min) (1.12, 1.52, 0.79) (0.88, 0.35, 1.51) #fs:   4  -- #Conts: 7 H(3)  G(2)  E(2) 
   6861471 136.82 || noQ Q (Avg,Max,Min) (1.12, 1.52, 0.79) (0.91, 0.42, 1.51) #fs:   4  -- #Conts: 7 H(3)  G(2)  E(1)  C(1) 
   6955616 132.47 || noQ Q (Avg,Max,Min) (1.09, 1.52, 1.02) (0.75, 0.42, 1.51) #fs:   4  -- #Conts: 12 H(1)  G(3)  E(8) 
   7286048 130.12 || noQ Q (Avg,Max,Min) (1.52, 3.38, 0.79) (0.95, 0.03, 1.51) #fs:   4  -- #Conts: 6 H(3)  G(2)  C(1) 
   7404315 127.12 || noQ Q (Avg,Max,Min) (1.22, 1.54, 0.79) (0.96, 0.07, 1.51) #fs:   4  -- #Conts: 6 H(3)  G(2)  A(1) 
   7428402 124.35 || noQ Q (Avg,Max,Min) (1.07, 1.52, 0.94) (0.83, 0.55, 1.51) #fs:   4  -- #Conts: 12 H(1)  G(3)  E(5)  C(3) 
   7525801 120.35 || noQ Q (Avg,Max,Min) (1.07, 1.52, 0.83) (0.85, 0.55, 1.51) #fs:   4  -- #Conts: 11 H(1)  G(3)  E(5)  C(2) 
   8000901 117.65 || noQ Q (Avg,Max,Min) (1.09, 1.52, 1.01) (0.89, 0.60, 1.51) #fs:   3  -- #Conts: 11 H(1)  G(3)  E(4)  C(3) 
   8072812 116.35 || noQ Q (Avg,Max,Min) (1.10, 1.52, 1.01) (0.91, 0.60, 1.51) #fs:   3  -- #Conts: 10 H(1)  G(3)  E(5)  C(1) 
   8402111 113.35 || noQ Q (Avg,Max,Min) (1.15, 1.54, 1.02) (0.88, 0.07, 1.51) #fs:   3  -- #Conts: 10 H(1)  G(3)  A(1)  E(5) 
  11117719 112.00 || noQ Q (Avg,Max,Min) (1.13, 1.52, 1.02) (0.99, 0.60, 1.51) #fs:   4  -- #Conts: 7 H(1)  G(3)  E(2)  C(1) 
  16484574 109.53 || noQ Q (Avg,Max,Min) (1.09, 1.52, 0.71) (0.94, 0.59, 1.51) #fs:   1  -- #Conts: 8 H(1)  A(1)  G(1)  E(2)  C(3) 
  16576995 108.24 || noQ Q (Avg,Max,Min) (1.10, 1.52, 0.71) (1.00, 0.71, 1.51) #fs:   1  -- #Conts: 7 H(1)  A(1)  G(1)  E(3)  C(1) 
  17176347 105.53 || noQ Q (Avg,Max,Min) (1.09, 1.52, 0.71) (1.00, 0.71, 1.51) #fs:   1  -- #Conts: 7 H(1)  A(1)  G(1)  E(2)  C(2) 
/////////////////size: 19
nodes 50 edges 60
 mulT: 30 mulD: 20000  sumData GB 28958
pareto /LIGO.n.50.0.dax time -> 1192.0
moheft /LIGO.n.50.0.dax time -> 329.0
distance from M to C 0.3560371517027865
distance from P to C 1.3623788058171087
distance from C to M 3.546463577300632
distance from C to P 5.147528726962628
toCompare: /LIGO.n.50.0.dax sumDataGB: 28958 mulT: 30 mulD: 20000 paretoOptTime_MS: 1192.0 MoheftOptimizationTime_MS: 329.0 MtoC 0.3560371517027865 PtoC 1.3623788058171087 CtoM 3.546463577300632 CtoP 5.147528726962628
