specify -Dflow d,b,mt,md,size
Running /home/vaggelis/jc/SIPHT.n.100.0.dax mt 10000 md: 5000 size null
1535553503 67275.65 || noQ Q (Avg,Max,Min) (0.94, 1.01, 0.00) (0.92, 0.00, 1.00) #fs:   4  -- #Conts: 16 H(14)  G(1)  E(1) 
1535596200 53875.65 || noQ Q (Avg,Max,Min) (1.00, 1.01, 0.90) (0.97, 0.87, 1.00) #fs:   3  -- #Conts: 16 H(14)  G(1)  E(1) 
1535949940 53844.12 || noQ Q (Avg,Max,Min) (1.00, 1.01, 0.90) (0.97, 0.87, 1.00) #fs:   3  -- #Conts: 16 H(14)  G(1)  E(1) 
2606980595 47136.47 || noQ Q (Avg,Max,Min) (0.99, 1.01, 0.79) (0.92, 0.75, 1.00) #fs:   3  -- #Conts: 26 H(1)  G(25) 
2630577663 46526.94 || noQ Q (Avg,Max,Min) (0.99, 1.01, 0.79) (0.92, 0.75, 1.00) #fs:   3  -- #Conts: 26 G(25)  E(1) 
4454300683 36846.12 || noQ Q (Avg,Max,Min) (0.99, 1.00, 0.63) (0.83, 0.55, 1.00) #fs:   5  -- #Conts: 48 G(1)  E(47) 
4615591802 36691.88 || noQ Q (Avg,Max,Min) (0.99, 1.03, 0.63) (0.84, 0.55, 1.00) #fs:   4  -- #Conts: 48 E(47)  C(1) 
4618227831 36685.18 || noQ Q (Avg,Max,Min) (0.99, 1.03, 0.63) (0.84, 0.55, 1.00) #fs:   4  -- #Conts: 48 E(47)  C(1) 
5034444116 36681.18 || noQ Q (Avg,Max,Min) (0.98, 1.00, 0.63) (0.82, 0.55, 1.00) #fs:   3  -- #Conts: 42 E(42) 
5432423584 31972.00 || noQ Q (Avg,Max,Min) (0.97, 1.00, 0.00) (0.87, 0.00, 1.00) #fs:   6  -- #Conts: 45 C(45) 
5432458569 25944.00 || noQ Q (Avg,Max,Min) (0.99, 1.00, 0.80) (0.88, 0.67, 1.00) #fs:   5  -- #Conts: 45 C(45) 
5530240859 25937.41 || noQ Q (Avg,Max,Min) (1.00, 1.02, 0.81) (0.90, 0.67, 1.00) #fs:   2  -- #Conts: 39 E(2)  C(37) 
5534795761 25933.41 || noQ Q (Avg,Max,Min) (1.00, 1.02, 0.81) (0.90, 0.67, 1.00) #fs:   2  -- #Conts: 39 E(2)  C(37) 
6463424528 10207.00 || noQ Q (Avg,Max,Min) (0.97, 1.00, 0.06) (0.97, 0.06, 1.00) #fs:   5  -- #Conts: 37 A(37) 
6463467225 8523.00 || noQ Q (Avg,Max,Min) (1.00, 1.00, 1.00) (0.99, 0.97, 1.00) #fs:   4  -- #Conts: 37 A(37) 
6476225989 8522.00 || noQ Q (Avg,Max,Min) (1.00, 1.00, 1.00) (0.99, 0.97, 1.00) #fs:   5  -- #Conts: 37 A(37) 
/////////////////size: 16
1535586563 53468.12 || noQ Q (Avg,Max,Min) (1.00, 1.02, 1.00) (0.99, 0.92, 1.01) #fs:   0  -- #Conts: 16 H(8)  G(2)  A(1)  E(3)  C(2) 
1535719099 53463.12 || noQ Q (Avg,Max,Min) (1.00, 1.01, 1.00) (1.00, 0.96, 1.01) #fs:   1  -- #Conts: 16 H(8)  G(2)  A(1)  E(3)  C(2) 
1535809743 53460.12 || noQ Q (Avg,Max,Min) (1.00, 1.02, 1.00) (1.00, 0.96, 1.02) #fs:   0  -- #Conts: 16 H(8)  G(2)  A(1)  E(3)  C(2) 
1535966567 53459.12 || noQ Q (Avg,Max,Min) (1.00, 1.02, 1.00) (1.00, 0.97, 1.01) #fs:   1  -- #Conts: 16 H(8)  G(2)  A(1)  E(3)  C(2) 
1536359937 53457.12 || noQ Q (Avg,Max,Min) (1.00, 1.01, 1.00) (1.00, 0.96, 1.01) #fs:   0  -- #Conts: 16 H(8)  G(2)  A(1)  E(3)  C(2) 
1536485464 53456.12 || noQ Q (Avg,Max,Min) (1.00, 1.01, 1.00) (1.00, 0.97, 1.01) #fs:   0  -- #Conts: 16 H(8)  G(2)  A(1)  E(3)  C(2) 
1536593877 53454.12 || noQ Q (Avg,Max,Min) (1.00, 1.01, 1.00) (1.00, 0.99, 1.01) #fs:   1  -- #Conts: 16 H(8)  G(2)  A(1)  E(3)  C(2) 
1536713163 53451.12 || noQ Q (Avg,Max,Min) (1.00, 1.02, 1.00) (1.00, 0.99, 1.01) #fs:   0  -- #Conts: 16 H(8)  G(2)  A(1)  E(3)  C(2) 
1536839982 53447.12 || noQ Q (Avg,Max,Min) (1.00, 1.01, 1.00) (1.00, 0.98, 1.01) #fs:   1  -- #Conts: 16 H(8)  G(2)  A(1)  E(3)  C(2) 
1537072878 53444.12 || noQ Q (Avg,Max,Min) (1.00, 1.02, 1.00) (1.00, 0.99, 1.02) #fs:   1  -- #Conts: 16 H(8)  G(2)  A(1)  E(3)  C(2) 
1541737550 53436.88 || noQ Q (Avg,Max,Min) (1.01, 1.13, 1.00) (0.93, 0.25, 1.01) #fs:   0  -- #Conts: 19 H(7)  G(3)  A(2)  E(4)  C(3) 
1542442032 53426.82 || noQ Q (Avg,Max,Min) (1.01, 1.08, 1.00) (0.96, 0.34, 1.01) #fs:   0  -- #Conts: 17 H(6)  G(5)  A(1)  E(3)  C(2) 
1543489513 53411.06 || noQ Q (Avg,Max,Min) (1.00, 1.02, 1.00) (1.00, 0.98, 1.01) #fs:   0  -- #Conts: 16 H(6)  G(4)  A(1)  E(3)  C(2) 
1543631214 53409.06 || noQ Q (Avg,Max,Min) (1.00, 1.01, 1.00) (1.00, 0.98, 1.01) #fs:   0  -- #Conts: 16 H(6)  G(4)  A(1)  E(3)  C(2) 
1566868732 53402.24 || noQ Q (Avg,Max,Min) (1.01, 1.08, 1.00) (0.94, 0.35, 1.01) #fs:   0  -- #Conts: 19 H(6)  G(4)  A(1)  E(6)  C(2) 
1567446773 53399.88 || noQ Q (Avg,Max,Min) (1.01, 1.08, 1.00) (0.96, 0.35, 1.01) #fs:   0  -- #Conts: 18 H(6)  G(3)  A(1)  E(6)  C(2) 
1567638292 53393.18 || noQ Q (Avg,Max,Min) (1.01, 1.09, 1.00) (0.97, 0.59, 1.01) #fs:   0  -- #Conts: 18 H(6)  G(3)  A(1)  E(6)  C(2) 
1568778167 53386.47 || noQ Q (Avg,Max,Min) (1.01, 1.09, 1.00) (0.99, 0.93, 1.01) #fs:   0  -- #Conts: 18 H(6)  G(3)  A(1)  E(6)  C(2) 
1642547333 53079.00 || noQ Q (Avg,Max,Min) (1.00, 1.01, 1.00) (0.98, 0.91, 1.01) #fs:   0  -- #Conts: 22 H(8)  G(5)  A(3)  E(4)  C(2) 
1642766437 53077.00 || noQ Q (Avg,Max,Min) (1.00, 1.01, 1.00) (0.99, 0.91, 1.01) #fs:   0  -- #Conts: 22 H(8)  G(5)  A(3)  E(4)  C(2) 
1643070291 53074.00 || noQ Q (Avg,Max,Min) (1.00, 1.01, 1.00) (0.99, 0.91, 1.01) #fs:   0  -- #Conts: 22 H(8)  G(5)  A(3)  E(4)  C(2) 
1643128143 53073.00 || noQ Q (Avg,Max,Min) (1.00, 1.01, 1.00) (0.99, 0.91, 1.01) #fs:   0  -- #Conts: 21 H(8)  G(5)  A(2)  E(4)  C(2) 
1643404530 53071.00 || noQ Q (Avg,Max,Min) (1.00, 1.01, 1.00) (0.99, 0.91, 1.01) #fs:   0  -- #Conts: 22 H(8)  G(5)  A(3)  E(4)  C(2) 
1643596627 53070.00 || noQ Q (Avg,Max,Min) (1.00, 1.01, 1.00) (0.99, 0.91, 1.01) #fs:   0  -- #Conts: 21 H(8)  G(5)  A(2)  E(4)  C(2) 
1643729332 53068.00 || noQ Q (Avg,Max,Min) (1.00, 1.01, 1.00) (0.99, 0.91, 1.01) #fs:   0  -- #Conts: 21 H(8)  G(5)  A(2)  E(4)  C(2) 
1643930866 53067.00 || noQ Q (Avg,Max,Min) (1.00, 1.01, 1.00) (0.99, 0.91, 1.01) #fs:   0  -- #Conts: 21 H(8)  G(5)  A(2)  E(4)  C(2) 
1644063571 53065.00 || noQ Q (Avg,Max,Min) (1.00, 1.01, 1.00) (0.99, 0.91, 1.01) #fs:   0  -- #Conts: 21 H(8)  G(5)  A(2)  E(4)  C(2) 
1644198617 53064.00 || noQ Q (Avg,Max,Min) (1.00, 1.01, 1.00) (0.99, 0.91, 1.01) #fs:   0  -- #Conts: 20 H(8)  G(5)  A(1)  E(4)  C(2) 
1644360438 53063.00 || noQ Q (Avg,Max,Min) (1.01, 1.11, 1.00) (0.95, 0.25, 1.01) #fs:   0  -- #Conts: 21 H(8)  G(5)  A(2)  E(4)  C(2) 
1644428195 53062.00 || noQ Q (Avg,Max,Min) (1.00, 1.01, 1.00) (0.99, 0.91, 1.01) #fs:   0  -- #Conts: 20 H(8)  G(5)  A(1)  E(4)  C(2) 
1644532856 53061.00 || noQ Q (Avg,Max,Min) (1.00, 1.01, 1.00) (0.99, 0.91, 1.01) #fs:   0  -- #Conts: 20 H(8)  G(5)  A(1)  E(4)  C(2) 
1644694677 53060.00 || noQ Q (Avg,Max,Min) (1.01, 1.11, 1.00) (0.96, 0.25, 1.01) #fs:   0  -- #Conts: 21 H(8)  G(5)  A(2)  E(4)  C(2) 
1644762434 53059.00 || noQ Q (Avg,Max,Min) (1.00, 1.01, 1.00) (0.99, 0.91, 1.01) #fs:   0  -- #Conts: 20 H(8)  G(5)  A(1)  E(4)  C(2) 
1644894104 53058.00 || noQ Q (Avg,Max,Min) (1.00, 1.01, 1.00) (0.99, 0.91, 1.01) #fs:   0  -- #Conts: 20 H(8)  G(5)  A(1)  E(4)  C(2) 
1645062913 53057.00 || noQ Q (Avg,Max,Min) (1.00, 1.01, 1.00) (0.99, 0.91, 1.01) #fs:   0  -- #Conts: 20 H(8)  G(5)  A(1)  E(4)  C(2) 
1645123682 53056.00 || noQ Q (Avg,Max,Min) (1.00, 1.01, 1.00) (0.99, 0.91, 1.01) #fs:   0  -- #Conts: 20 H(8)  G(5)  A(1)  E(4)  C(2) 
1645265481 53055.00 || noQ Q (Avg,Max,Min) (1.00, 1.01, 1.00) (0.99, 0.91, 1.01) #fs:   0  -- #Conts: 20 H(8)  G(5)  A(1)  E(4)  C(2) 
1645397152 53054.00 || noQ Q (Avg,Max,Min) (1.00, 1.01, 1.00) (0.99, 0.91, 1.01) #fs:   0  -- #Conts: 20 H(8)  G(5)  A(1)  E(4)  C(2) 
1650384162 53046.53 || noQ Q (Avg,Max,Min) (1.00, 1.03, 1.00) (0.97, 0.74, 1.01) #fs:   0  -- #Conts: 22 H(8)  G(4)  A(2)  E(6)  C(2) 
1651688326 53043.82 || noQ Q (Avg,Max,Min) (1.00, 1.03, 1.00) (0.97, 0.74, 1.01) #fs:   0  -- #Conts: 23 H(8)  G(4)  A(2)  E(6)  C(3) 
1665287327 53043.12 || noQ Q (Avg,Max,Min) (1.00, 1.01, 1.00) (0.98, 0.91, 1.01) #fs:   0  -- #Conts: 23 H(8)  G(4)  A(4)  E(5)  C(2) 
1696988472 51966.18 || noQ Q (Avg,Max,Min) (1.00, 1.01, 1.00) (0.99, 0.94, 1.00) #fs:   1  -- #Conts: 17 H(6)  G(5)  A(1)  E(4)  C(1) 
1697534833 51961.18 || noQ Q (Avg,Max,Min) (1.00, 1.01, 1.00) (0.99, 0.94, 1.00) #fs:   2  -- #Conts: 17 H(6)  G(5)  A(1)  E(4)  C(1) 
1697680910 51959.18 || noQ Q (Avg,Max,Min) (1.00, 1.01, 1.00) (0.99, 0.94, 1.00) #fs:   3  -- #Conts: 17 H(6)  G(5)  A(1)  E(4)  C(1) 
1697852527 51956.18 || noQ Q (Avg,Max,Min) (1.00, 1.01, 1.00) (0.99, 0.94, 1.00) #fs:   2  -- #Conts: 17 H(6)  G(5)  A(1)  E(4)  C(1) 
1698116149 51954.18 || noQ Q (Avg,Max,Min) (1.00, 1.01, 1.00) (0.99, 0.94, 1.00) #fs:   2  -- #Conts: 17 H(6)  G(5)  A(1)  E(4)  C(1) 
1698369526 51950.18 || noQ Q (Avg,Max,Min) (1.00, 1.01, 1.00) (0.99, 0.94, 1.00) #fs:   2  -- #Conts: 17 H(6)  G(5)  A(1)  E(4)  C(1) 
1701590787 51949.88 || noQ Q (Avg,Max,Min) (1.01, 1.03, 1.00) (0.97, 0.74, 1.00) #fs:   1  -- #Conts: 19 H(6)  G(5)  A(1)  E(5)  C(2) 
1701695448 51948.88 || noQ Q (Avg,Max,Min) (1.01, 1.03, 1.00) (0.97, 0.74, 1.00) #fs:   1  -- #Conts: 19 H(6)  G(5)  A(1)  E(5)  C(2) 
1704735114 51927.06 || noQ Q (Avg,Max,Min) (1.00, 1.03, 1.00) (0.97, 0.75, 1.00) #fs:   0  -- #Conts: 19 H(6)  G(6)  A(1)  E(5)  C(1) 
1705116823 51925.06 || noQ Q (Avg,Max,Min) (1.00, 1.03, 1.00) (0.98, 0.75, 1.00) #fs:   0  -- #Conts: 19 H(6)  G(6)  A(1)  E(5)  C(1) 
1705244118 51924.06 || noQ Q (Avg,Max,Min) (1.00, 1.03, 1.00) (0.98, 0.75, 1.00) #fs:   0  -- #Conts: 19 H(6)  G(6)  A(1)  E(5)  C(1) 
1705637578 51922.06 || noQ Q (Avg,Max,Min) (1.00, 1.03, 1.00) (0.98, 0.75, 1.00) #fs:   0  -- #Conts: 19 H(6)  G(6)  A(1)  E(5)  C(1) 
1705790698 51920.35 || noQ Q (Avg,Max,Min) (1.00, 1.04, 1.00) (0.98, 0.76, 1.00) #fs:   0  -- #Conts: 19 H(6)  G(6)  A(1)  E(5)  C(1) 
1706184158 51919.35 || noQ Q (Avg,Max,Min) (1.01, 1.11, 1.00) (0.94, 0.25, 1.00) #fs:   0  -- #Conts: 20 H(6)  G(6)  A(2)  E(5)  C(1) 
1706210409 51919.06 || noQ Q (Avg,Max,Min) (1.00, 1.03, 1.00) (0.98, 0.75, 1.00) #fs:   0  -- #Conts: 19 H(6)  G(6)  A(1)  E(5)  C(1) 
1706250638 51918.35 || noQ Q (Avg,Max,Min) (1.00, 1.04, 1.00) (0.98, 0.76, 1.01) #fs:   0  -- #Conts: 19 H(6)  G(6)  A(1)  E(5)  C(1) 
1706377933 51917.35 || noQ Q (Avg,Max,Min) (1.00, 1.04, 1.00) (0.98, 0.76, 1.01) #fs:   0  -- #Conts: 19 H(6)  G(6)  A(1)  E(5)  C(1) 
1729251237 51905.18 || noQ Q (Avg,Max,Min) (1.01, 1.09, 1.00) (0.97, 0.58, 1.00) #fs:   0  -- #Conts: 21 H(6)  G(6)  A(2)  E(6)  C(1) 
1729832591 51902.82 || noQ Q (Avg,Max,Min) (1.00, 1.01, 1.00) (0.99, 0.94, 1.00) #fs:   0  -- #Conts: 20 H(6)  G(5)  A(2)  E(6)  C(1) 
1730974811 51900.12 || noQ Q (Avg,Max,Min) (1.00, 1.03, 1.00) (0.98, 0.86, 1.00) #fs:   0  -- #Conts: 21 H(6)  G(5)  A(2)  E(6)  C(2) 
1747041802 51899.41 || noQ Q (Avg,Max,Min) (1.00, 1.01, 1.00) (0.98, 0.92, 1.00) #fs:   0  -- #Conts: 22 H(6)  G(5)  A(4)  E(6)  C(1) 
1868068714 51763.47 || noQ Q (Avg,Max,Min) (1.01, 1.13, 1.00) (0.95, 0.21, 1.00) #fs:   0  -- #Conts: 17 H(7)  G(3)  A(1)  E(4)  C(2) 
1868156088 51747.71 || noQ Q (Avg,Max,Min) (1.01, 1.08, 1.00) (0.96, 0.34, 1.00) #fs:   0  -- #Conts: 17 H(6)  G(4)  A(1)  E(4)  C(2) 
1868196549 51731.94 || noQ Q (Avg,Max,Min) (1.01, 1.09, 1.00) (0.96, 0.36, 1.00) #fs:   0  -- #Conts: 17 H(7)  G(3)  A(1)  E(4)  C(2) 
1868462808 51729.94 || noQ Q (Avg,Max,Min) (1.01, 1.09, 1.00) (0.96, 0.36, 1.00) #fs:   0  -- #Conts: 17 H(7)  G(3)  A(1)  E(4)  C(2) 
1868500403 51728.94 || noQ Q (Avg,Max,Min) (1.01, 1.09, 1.00) (0.96, 0.36, 1.00) #fs:   0  -- #Conts: 17 H(7)  G(3)  A(1)  E(4)  C(2) 
1868925648 51716.18 || noQ Q (Avg,Max,Min) (1.01, 1.09, 1.00) (0.97, 0.58, 1.00) #fs:   0  -- #Conts: 17 H(6)  G(4)  A(1)  E(4)  C(2) 
1869191907 51714.18 || noQ Q (Avg,Max,Min) (1.01, 1.09, 1.00) (0.97, 0.58, 1.00) #fs:   0  -- #Conts: 17 H(6)  G(4)  A(1)  E(4)  C(2) 
1869229502 51713.18 || noQ Q (Avg,Max,Min) (1.01, 1.09, 1.00) (0.97, 0.58, 1.00) #fs:   0  -- #Conts: 17 H(6)  G(4)  A(1)  E(4)  C(2) 
1869853253 51711.82 || noQ Q (Avg,Max,Min) (1.01, 1.05, 1.00) (0.95, 0.51, 1.00) #fs:   0  -- #Conts: 18 H(6)  G(3)  A(1)  E(6)  C(2) 
1869890848 51710.82 || noQ Q (Avg,Max,Min) (1.01, 1.05, 1.00) (0.95, 0.51, 1.00) #fs:   0  -- #Conts: 18 H(6)  G(3)  A(1)  E(6)  C(2) 
1871012800 51709.12 || noQ Q (Avg,Max,Min) (1.01, 1.03, 1.00) (0.97, 0.74, 1.00) #fs:   0  -- #Conts: 18 H(6)  G(3)  A(1)  E(5)  C(3) 
1871050395 51708.12 || noQ Q (Avg,Max,Min) (1.01, 1.03, 1.00) (0.97, 0.74, 1.00) #fs:   0  -- #Conts: 18 H(6)  G(3)  A(1)  E(5)  C(3) 
1887020067 51707.41 || noQ Q (Avg,Max,Min) (1.00, 1.01, 1.00) (0.99, 0.92, 1.00) #fs:   0  -- #Conts: 18 H(6)  G(3)  A(3)  E(4)  C(2) 
1917805807 51507.41 || noQ Q (Avg,Max,Min) (1.00, 1.01, 1.00) (0.99, 0.92, 1.00) #fs:   0  -- #Conts: 17 H(6)  G(2)  A(3)  E(4)  C(2) 
1919945568 51507.12 || noQ Q (Avg,Max,Min) (1.00, 1.05, 1.00) (0.96, 0.51, 1.00) #fs:   0  -- #Conts: 17 H(6)  G(2)  A(2)  E(5)  C(2) 
1921134709 51505.41 || noQ Q (Avg,Max,Min) (1.00, 1.03, 1.00) (0.98, 0.86, 1.00) #fs:   0  -- #Conts: 17 H(6)  G(2)  A(2)  E(4)  C(3) 
1921208985 51504.41 || noQ Q (Avg,Max,Min) (1.00, 1.03, 1.00) (0.98, 0.86, 1.00) #fs:   0  -- #Conts: 17 H(6)  G(2)  A(2)  E(4)  C(3) 
1987461326 51414.59 || noQ Q (Avg,Max,Min) (1.01, 1.13, 1.00) (0.95, 0.21, 1.01) #fs:   0  -- #Conts: 18 H(7)  G(3)  A(2)  E(4)  C(2) 
1987780969 51410.59 || noQ Q (Avg,Max,Min) (1.01, 1.13, 1.00) (0.95, 0.21, 1.01) #fs:   0  -- #Conts: 17 H(7)  G(3)  A(1)  E(4)  C(2) 
1987936707 51403.82 || noQ Q (Avg,Max,Min) (1.03, 1.50, 0.90) (0.90, 0.08, 1.01) #fs:   1  -- #Conts: 19 H(6)  G(4)  A(2)  E(4)  C(3) 
1988455162 51399.82 || noQ Q (Avg,Max,Min) (1.00, 1.11, 0.90) (0.95, 0.24, 1.01) #fs:   1  -- #Conts: 18 H(6)  G(4)  A(2)  E(4)  C(2) 
1988902750 51394.76 || noQ Q (Avg,Max,Min) (1.02, 1.50, 0.90) (0.91, 0.08, 1.01) #fs:   1  -- #Conts: 19 H(6)  G(3)  A(2)  E(5)  C(3) 
1989421205 51390.76 || noQ Q (Avg,Max,Min) (1.00, 1.05, 0.90) (0.96, 0.51, 1.01) #fs:   1  -- #Conts: 18 H(6)  G(3)  A(2)  E(5)  C(2) 
1989596584 51390.47 || noQ Q (Avg,Max,Min) (1.01, 1.05, 1.00) (0.96, 0.51, 1.01) #fs:   0  -- #Conts: 18 H(6)  G(3)  A(1)  E(6)  C(2) 
1989670860 51389.47 || noQ Q (Avg,Max,Min) (1.01, 1.05, 1.00) (0.96, 0.51, 1.01) #fs:   0  -- #Conts: 18 H(6)  G(3)  A(1)  E(6)  C(2) 
1989755263 51388.47 || noQ Q (Avg,Max,Min) (1.01, 1.05, 1.00) (0.96, 0.51, 1.01) #fs:   0  -- #Conts: 18 H(6)  G(3)  A(1)  E(6)  C(2) 
1989900438 51387.47 || noQ Q (Avg,Max,Min) (1.01, 1.05, 1.00) (0.96, 0.51, 1.01) #fs:   0  -- #Conts: 18 H(6)  G(3)  A(1)  E(6)  C(2) 
1990622934 51387.18 || noQ Q (Avg,Max,Min) (1.01, 1.05, 1.00) (0.95, 0.51, 1.01) #fs:   0  -- #Conts: 19 H(6)  G(3)  A(1)  E(7)  C(2) 
1990830407 51386.76 || noQ Q (Avg,Max,Min) (1.00, 1.03, 1.00) (0.98, 0.74, 1.01) #fs:   0  -- #Conts: 18 H(6)  G(3)  A(1)  E(5)  C(3) 
1990914810 51385.76 || noQ Q (Avg,Max,Min) (1.00, 1.03, 1.00) (0.98, 0.74, 1.01) #fs:   0  -- #Conts: 18 H(6)  G(3)  A(1)  E(5)  C(3) 
1991032367 51384.76 || noQ Q (Avg,Max,Min) (1.00, 1.03, 1.00) (0.98, 0.74, 1.01) #fs:   0  -- #Conts: 18 H(6)  G(3)  A(1)  E(5)  C(3) 
1991072881 51384.47 || noQ Q (Avg,Max,Min) (1.01, 1.04, 1.00) (0.96, 0.74, 1.01) #fs:   0  -- #Conts: 19 H(6)  G(3)  A(1)  E(6)  C(3) 
2006553350 51228.47 || noQ Q (Avg,Max,Min) (1.02, 1.19, 1.00) (0.91, 0.15, 1.01) #fs:   0  -- #Conts: 19 H(8)  G(3)  A(2)  E(4)  C(2) 
2006658736 51196.94 || noQ Q (Avg,Max,Min) (1.01, 1.13, 1.00) (0.95, 0.21, 1.01) #fs:   0  -- #Conts: 18 H(7)  G(3)  A(2)  E(4)  C(2) 
2006699079 51192.94 || noQ Q (Avg,Max,Min) (1.01, 1.15, 1.00) (0.96, 0.36, 1.01) #fs:   0  -- #Conts: 17 H(7)  G(3)  A(1)  E(4)  C(2) 
2006716747 51171.41 || noQ Q (Avg,Max,Min) (1.00, 1.01, 1.00) (0.99, 0.94, 1.01) #fs:   0  -- #Conts: 17 H(6)  G(3)  A(2)  E(4)  C(2) 
2007486307 51167.41 || noQ Q (Avg,Max,Min) (1.00, 1.01, 1.00) (0.99, 0.94, 1.01) #fs:   0  -- #Conts: 17 H(6)  G(3)  A(2)  E(4)  C(2) 
2020555036 51166.41 || noQ Q (Avg,Max,Min) (1.00, 1.01, 1.00) (0.99, 0.94, 1.01) #fs:   0  -- #Conts: 18 H(6)  G(3)  A(3)  E(4)  C(2) 
2041763305 50808.76 || noQ Q (Avg,Max,Min) (1.00, 1.01, 1.00) (0.99, 0.93, 1.00) #fs:   0  -- #Conts: 16 H(5)  G(3)  A(2)  E(4)  C(2) 
2042212333 50804.76 || noQ Q (Avg,Max,Min) (1.00, 1.01, 1.00) (0.99, 0.96, 1.00) #fs:   0  -- #Conts: 15 H(5)  G(3)  A(1)  E(4)  C(2) 
2042358345 50802.06 || noQ Q (Avg,Max,Min) (1.00, 1.01, 1.00) (0.99, 0.93, 1.00) #fs:   0  -- #Conts: 16 H(5)  G(3)  A(2)  E(4)  C(2) 
2042497002 50801.76 || noQ Q (Avg,Max,Min) (1.00, 1.01, 1.00) (1.00, 0.96, 1.00) #fs:   0  -- #Conts: 15 H(5)  G(3)  A(1)  E(4)  C(2) 
2042581405 50800.76 || noQ Q (Avg,Max,Min) (1.00, 1.01, 1.00) (0.99, 0.96, 1.00) #fs:   0  -- #Conts: 15 H(5)  G(3)  A(1)  E(4)  C(2) 
2045292257 50800.06 || noQ Q (Avg,Max,Min) (1.01, 1.11, 1.00) (0.94, 0.25, 1.00) #fs:   0  -- #Conts: 17 H(5)  G(3)  A(2)  E(4)  C(3) 
2055465402 50799.06 || noQ Q (Avg,Max,Min) (1.00, 1.01, 1.00) (1.00, 0.96, 1.00) #fs:   0  -- #Conts: 16 H(5)  G(3)  A(2)  E(4)  C(2) 
2136034087 50344.47 || noQ Q (Avg,Max,Min) (1.00, 1.01, 0.98) (0.98, 0.85, 1.01) #fs:   2  -- #Conts: 16 H(6)  G(3)  A(1)  E(4)  C(2) 
2136199653 50328.71 || noQ Q (Avg,Max,Min) (1.01, 1.08, 0.98) (0.95, 0.34, 1.01) #fs:   1  -- #Conts: 17 H(6)  G(4)  A(1)  E(4)  C(2) 
2136392350 50312.94 || noQ Q (Avg,Max,Min) (1.01, 1.08, 1.00) (0.93, 0.34, 1.01) #fs:   0  -- #Conts: 18 H(6)  G(5)  A(1)  E(4)  C(2) 
2136675628 50297.18 || noQ Q (Avg,Max,Min) (1.01, 1.09, 1.00) (0.98, 0.59, 1.02) #fs:   0  -- #Conts: 17 H(6)  G(4)  A(1)  E(4)  C(2) 
2137491996 50291.18 || noQ Q (Avg,Max,Min) (1.01, 1.08, 1.00) (0.98, 0.69, 1.01) #fs:   0  -- #Conts: 17 H(6)  G(4)  A(1)  E(4)  C(2) 
2137561156 50288.12 || noQ Q (Avg,Max,Min) (1.01, 1.03, 1.00) (0.98, 0.74, 1.01) #fs:   0  -- #Conts: 17 H(6)  G(3)  A(1)  E(5)  C(2) 
2138071094 50285.12 || noQ Q (Avg,Max,Min) (1.01, 1.07, 1.00) (0.99, 0.79, 1.01) #fs:   0  -- #Conts: 17 H(6)  G(3)  A(1)  E(5)  C(2) 
2138627623 50283.41 || noQ Q (Avg,Max,Min) (1.00, 1.03, 1.00) (0.99, 0.86, 1.01) #fs:   0  -- #Conts: 17 H(6)  G(3)  A(1)  E(4)  C(3) 
2140315165 50269.65 || noQ Q (Avg,Max,Min) (1.01, 1.08, 1.00) (0.95, 0.34, 1.01) #fs:   0  -- #Conts: 18 H(4)  G(7)  A(1)  E(4)  C(2) 
2141358015 50253.88 || noQ Q (Avg,Max,Min) (1.00, 1.02, 1.00) (0.99, 0.94, 1.01) #fs:   0  -- #Conts: 17 H(4)  G(6)  A(1)  E(4)  C(2) 
2141861412 50248.88 || noQ Q (Avg,Max,Min) (1.00, 1.02, 1.00) (0.99, 0.94, 1.01) #fs:   0  -- #Conts: 17 H(4)  G(6)  A(1)  E(4)  C(2) 
2271191708 48202.00 || noQ Q (Avg,Max,Min) (1.00, 1.01, 1.00) (0.99, 0.92, 1.01) #fs:   0  -- #Conts: 17 H(3)  G(7)  A(2)  E(4)  C(1) 
2271410812 48201.00 || noQ Q (Avg,Max,Min) (1.00, 1.01, 1.00) (0.99, 0.92, 1.01) #fs:   0  -- #Conts: 17 H(3)  G(7)  A(2)  E(4)  C(1) 
2271485088 48200.00 || noQ Q (Avg,Max,Min) (1.00, 1.01, 1.00) (0.99, 0.92, 1.01) #fs:   0  -- #Conts: 17 H(3)  G(7)  A(2)  E(4)  C(1) 
2271569491 48199.00 || noQ Q (Avg,Max,Min) (1.01, 1.19, 1.00) (0.95, 0.16, 1.01) #fs:   0  -- #Conts: 18 H(3)  G(7)  A(3)  E(4)  C(1) 
2271772518 48196.00 || noQ Q (Avg,Max,Min) (1.00, 1.01, 1.00) (1.00, 0.97, 1.01) #fs:   0  -- #Conts: 16 H(3)  G(7)  A(1)  E(4)  C(1) 
2271789399 48195.29 || noQ Q (Avg,Max,Min) (1.00, 1.01, 1.00) (0.99, 0.92, 1.01) #fs:   0  -- #Conts: 17 H(3)  G(7)  A(2)  E(4)  C(1) 
2272048905 48195.00 || noQ Q (Avg,Max,Min) (1.00, 1.01, 1.00) (0.99, 0.92, 1.01) #fs:   0  -- #Conts: 17 H(3)  G(7)  A(2)  E(4)  C(1) 
2272086734 48194.29 || noQ Q (Avg,Max,Min) (1.00, 1.01, 1.00) (0.99, 0.92, 1.01) #fs:   0  -- #Conts: 17 H(3)  G(7)  A(2)  E(4)  C(1) 
2272144129 48194.00 || noQ Q (Avg,Max,Min) (1.00, 1.01, 1.00) (1.00, 0.97, 1.01) #fs:   0  -- #Conts: 16 H(3)  G(7)  A(1)  E(4)  C(1) 
2272161010 48193.29 || noQ Q (Avg,Max,Min) (1.00, 1.01, 1.00) (0.99, 0.92, 1.01) #fs:   0  -- #Conts: 17 H(3)  G(7)  A(2)  E(4)  C(1) 
2272228532 48193.00 || noQ Q (Avg,Max,Min) (1.01, 1.19, 1.00) (0.95, 0.16, 1.01) #fs:   0  -- #Conts: 17 H(3)  G(7)  A(2)  E(4)  C(1) 
2272245413 48192.29 || noQ Q (Avg,Max,Min) (1.01, 1.19, 1.00) (0.95, 0.16, 1.01) #fs:   0  -- #Conts: 18 H(3)  G(7)  A(3)  E(4)  C(1) 
2272325405 48192.00 || noQ Q (Avg,Max,Min) (1.00, 1.01, 1.00) (1.00, 0.97, 1.01) #fs:   0  -- #Conts: 16 H(3)  G(7)  A(1)  E(4)  C(1) 
2272454500 48189.29 || noQ Q (Avg,Max,Min) (1.00, 1.01, 1.00) (1.00, 0.97, 1.01) #fs:   0  -- #Conts: 16 H(3)  G(7)  A(1)  E(4)  C(1) 
2272707946 48189.00 || noQ Q (Avg,Max,Min) (1.00, 1.01, 1.00) (1.00, 0.97, 1.01) #fs:   0  -- #Conts: 16 H(3)  G(7)  A(1)  E(4)  C(1) 
2272724827 48188.29 || noQ Q (Avg,Max,Min) (1.00, 1.01, 1.00) (0.99, 0.92, 1.01) #fs:   0  -- #Conts: 17 H(3)  G(7)  A(2)  E(4)  C(1) 
2272826111 48187.29 || noQ Q (Avg,Max,Min) (1.00, 1.01, 1.00) (1.00, 0.97, 1.01) #fs:   0  -- #Conts: 16 H(3)  G(7)  A(1)  E(4)  C(1) 
2272859638 48186.29 || noQ Q (Avg,Max,Min) (1.01, 1.11, 1.00) (0.95, 0.25, 1.01) #fs:   0  -- #Conts: 17 H(3)  G(7)  A(2)  E(4)  C(1) 
2272927395 48185.29 || noQ Q (Avg,Max,Min) (1.00, 1.01, 1.00) (1.00, 0.97, 1.01) #fs:   0  -- #Conts: 16 H(3)  G(7)  A(1)  E(4)  C(1) 
2273156973 48184.29 || noQ Q (Avg,Max,Min) (1.00, 1.01, 1.00) (1.00, 0.97, 1.01) #fs:   0  -- #Conts: 16 H(3)  G(7)  A(1)  E(4)  C(1) 
2273231249 48183.29 || noQ Q (Avg,Max,Min) (1.00, 1.01, 1.00) (1.00, 0.97, 1.01) #fs:   0  -- #Conts: 16 H(3)  G(7)  A(1)  E(4)  C(1) 
2273389928 48182.29 || noQ Q (Avg,Max,Min) (1.00, 1.01, 1.00) (1.00, 0.97, 1.01) #fs:   0  -- #Conts: 16 H(3)  G(7)  A(1)  E(4)  C(1) 
2273460827 48181.29 || noQ Q (Avg,Max,Min) (1.00, 1.01, 1.00) (1.00, 0.97, 1.01) #fs:   0  -- #Conts: 16 H(3)  G(7)  A(1)  E(4)  C(1) 
2273565488 48180.29 || noQ Q (Avg,Max,Min) (1.00, 1.01, 1.00) (1.00, 0.97, 1.01) #fs:   0  -- #Conts: 16 H(3)  G(7)  A(1)  E(4)  C(1) 
2273751176 48179.29 || noQ Q (Avg,Max,Min) (1.00, 1.01, 1.00) (1.00, 0.97, 1.01) #fs:   0  -- #Conts: 16 H(3)  G(7)  A(1)  E(4)  C(1) 
2273795066 48178.29 || noQ Q (Avg,Max,Min) (1.00, 1.01, 1.00) (1.00, 0.97, 1.01) #fs:   0  -- #Conts: 16 H(3)  G(7)  A(1)  E(4)  C(1) 
2273926736 48177.29 || noQ Q (Avg,Max,Min) (1.00, 1.01, 1.00) (1.00, 0.97, 1.01) #fs:   0  -- #Conts: 16 H(3)  G(7)  A(1)  E(4)  C(1) 
2291806751 48086.00 || noQ Q (Avg,Max,Min) (1.00, 1.03, 1.00) (0.97, 0.74, 1.01) #fs:   0  -- #Conts: 16 H(3)  G(6)  A(1)  E(4)  C(2) 
2292073010 48084.00 || noQ Q (Avg,Max,Min) (1.00, 1.03, 1.00) (0.98, 0.74, 1.01) #fs:   0  -- #Conts: 16 H(3)  G(6)  A(1)  E(4)  C(2) 
2292255779 48082.00 || noQ Q (Avg,Max,Min) (1.00, 1.03, 1.00) (0.98, 0.74, 1.01) #fs:   0  -- #Conts: 15 H(3)  G(6)  A(1)  E(4)  C(1) 
2305767364 48081.29 || noQ Q (Avg,Max,Min) (1.00, 1.01, 1.00) (0.99, 0.92, 1.01) #fs:   0  -- #Conts: 16 H(3)  G(6)  A(3)  E(3)  C(1) 
2315401234 48078.94 || noQ Q (Avg,Max,Min) (1.01, 1.11, 1.00) (0.95, 0.24, 1.01) #fs:   0  -- #Conts: 18 H(3)  G(7)  A(3)  E(4)  C(1) 
2316326530 48069.88 || noQ Q (Avg,Max,Min) (1.00, 1.01, 1.00) (0.99, 0.92, 1.01) #fs:   0  -- #Conts: 17 H(3)  G(6)  A(3)  E(4)  C(1) 
2317630694 48067.18 || noQ Q (Avg,Max,Min) (1.00, 1.03, 1.00) (0.99, 0.86, 1.01) #fs:   0  -- #Conts: 18 H(3)  G(6)  A(3)  E(4)  C(2) 
2514453671 47532.82 || noQ Q (Avg,Max,Min) (1.00, 1.01, 1.00) (0.99, 0.93, 1.00) #fs:   0  -- #Conts: 16 H(2)  G(6)  A(3)  E(4)  C(1) 
2515223231 47528.82 || noQ Q (Avg,Max,Min) (1.00, 1.00, 1.00) (0.99, 0.94, 1.00) #fs:   0  -- #Conts: 15 H(2)  G(6)  A(2)  E(4)  C(1) 
2515231309 47524.82 || noQ Q (Avg,Max,Min) (1.01, 1.09, 1.00) (0.97, 0.58, 1.00) #fs:   0  -- #Conts: 16 H(2)  G(7)  A(2)  E(4)  C(1) 
2515892655 47522.47 || noQ Q (Avg,Max,Min) (1.01, 1.05, 1.00) (0.95, 0.51, 1.00) #fs:   0  -- #Conts: 17 H(2)  G(6)  A(2)  E(6)  C(1) 
2516551579 47522.18 || noQ Q (Avg,Max,Min) (1.01, 1.05, 1.00) (0.94, 0.51, 1.00) #fs:   0  -- #Conts: 17 H(2)  G(6)  A(1)  E(7)  C(1) 
2517112215 47519.76 || noQ Q (Avg,Max,Min) (1.00, 1.03, 1.00) (0.97, 0.74, 1.00) #fs:   0  -- #Conts: 17 H(2)  G(6)  A(2)  E(5)  C(2) 
2517338386 47519.47 || noQ Q (Avg,Max,Min) (1.01, 1.04, 1.00) (0.96, 0.74, 1.00) #fs:   0  -- #Conts: 17 H(2)  G(6)  A(1)  E(6)  C(2) 
2519164655 47518.47 || noQ Q (Avg,Max,Min) (1.01, 1.07, 1.00) (0.97, 0.76, 1.00) #fs:   0  -- #Conts: 17 H(2)  G(6)  A(1)  E(6)  C(2) 
2533021874 47517.76 || noQ Q (Avg,Max,Min) (1.01, 1.07, 1.00) (0.98, 0.81, 1.00) #fs:   0  -- #Conts: 17 H(2)  G(6)  A(3)  E(5)  C(1) 
2536989476 47517.06 || noQ Q (Avg,Max,Min) (1.00, 1.03, 1.00) (0.99, 0.86, 1.00) #fs:   0  -- #Conts: 17 H(2)  G(6)  A(3)  E(4)  C(2) 
2561319309 47098.53 || noQ Q (Avg,Max,Min) (1.02, 1.19, 1.00) (0.90, 0.15, 1.02) #fs:   0  -- #Conts: 18 H(4)  G(7)  A(2)  E(4)  C(1) 
2561362984 47067.00 || noQ Q (Avg,Max,Min) (1.01, 1.16, 1.00) (0.96, 0.36, 1.02) #fs:   0  -- #Conts: 17 H(3)  G(7)  A(2)  E(4)  C(1) 
2561392688 47042.47 || noQ Q (Avg,Max,Min) (1.00, 1.02, 1.00) (0.99, 0.92, 1.02) #fs:   0  -- #Conts: 16 H(2)  G(7)  A(2)  E(4)  C(1) 
2564557855 47042.18 || noQ Q (Avg,Max,Min) (1.01, 1.04, 1.00) (0.97, 0.76, 1.02) #fs:   0  -- #Conts: 18 H(2)  G(7)  A(2)  E(5)  C(2) 
2580431974 47041.47 || noQ Q (Avg,Max,Min) (1.00, 1.02, 1.00) (0.99, 0.92, 1.02) #fs:   0  -- #Conts: 18 H(2)  G(7)  A(4)  E(4)  C(1) 
2605388473 46494.00 || noQ Q (Avg,Max,Min) (1.02, 1.19, 1.00) (0.93, 0.15, 1.02) #fs:   0  -- #Conts: 16 H(2)  G(7)  A(1)  E(5)  C(1) 
2605700446 46462.47 || noQ Q (Avg,Max,Min) (1.00, 1.03, 1.00) (0.98, 0.74, 1.02) #fs:   0  -- #Conts: 15 H(1)  G(7)  A(1)  E(5)  C(1) 
2606102712 46459.76 || noQ Q (Avg,Max,Min) (1.00, 1.02, 1.00) (0.99, 0.92, 1.02) #fs:   0  -- #Conts: 15 H(1)  G(7)  A(2)  E(4)  C(1) 
2607938465 46459.06 || noQ Q (Avg,Max,Min) (1.00, 1.03, 1.00) (0.99, 0.86, 1.02) #fs:   0  -- #Conts: 16 H(1)  G(7)  A(2)  E(4)  C(2) 
2609217801 46458.76 || noQ Q (Avg,Max,Min) (1.01, 1.11, 1.00) (0.94, 0.25, 1.02) #fs:   0  -- #Conts: 16 H(1)  G(7)  A(2)  E(4)  C(2) 
2619390946 46457.76 || noQ Q (Avg,Max,Min) (1.00, 1.02, 1.00) (1.00, 0.99, 1.02) #fs:   0  -- #Conts: 15 H(1)  G(7)  A(2)  E(4)  C(1) 
2630566065 46397.35 || noQ Q (Avg,Max,Min) (1.02, 1.16, 1.00) (0.90, 0.21, 1.00) #fs:   0  -- #Conts: 15 H(2)  G(7)  A(2)  E(3)  C(1) 
2630568783 46371.82 || noQ Q (Avg,Max,Min) (1.01, 1.13, 1.00) (0.94, 0.21, 1.00) #fs:   0  -- #Conts: 15 H(1)  G(7)  A(3)  E(3)  C(1) 
2630621633 46367.82 || noQ Q (Avg,Max,Min) (1.01, 1.15, 1.00) (0.95, 0.36, 1.00) #fs:   0  -- #Conts: 14 H(1)  G(7)  A(2)  E(3)  C(1) 
2631425380 46352.06 || noQ Q (Avg,Max,Min) (1.01, 1.08, 1.00) (0.95, 0.34, 1.00) #fs:   0  -- #Conts: 14 G(8)  A(2)  E(3)  C(1) 
2632412478 46349.71 || noQ Q (Avg,Max,Min) (1.02, 1.19, 1.00) (0.87, 0.16, 1.00) #fs:   1  -- #Conts: 16 G(7)  A(4)  E(4)  C(1) 
2632817430 46348.71 || noQ Q (Avg,Max,Min) (1.02, 1.19, 1.00) (0.91, 0.16, 1.00) #fs:   1  -- #Conts: 15 G(7)  A(3)  E(4)  C(1) 
2632846361 46347.71 || noQ Q (Avg,Max,Min) (1.01, 1.05, 1.00) (0.95, 0.51, 1.00) #fs:   0  -- #Conts: 15 G(7)  A(2)  E(5)  C(1) 
2633309255 46345.71 || noQ Q (Avg,Max,Min) (1.01, 1.05, 1.00) (0.95, 0.51, 1.00) #fs:   0  -- #Conts: 15 G(7)  A(2)  E(5)  C(1) 
2633436550 46344.71 || noQ Q (Avg,Max,Min) (1.01, 1.05, 1.00) (0.95, 0.51, 1.00) #fs:   0  -- #Conts: 15 G(7)  A(2)  E(5)  C(1) 
2634572672 46343.00 || noQ Q (Avg,Max,Min) (1.01, 1.03, 1.00) (0.97, 0.74, 1.00) #fs:   0  -- #Conts: 15 G(7)  A(2)  E(4)  C(2) 
2634699967 46342.00 || noQ Q (Avg,Max,Min) (1.01, 1.03, 1.00) (0.97, 0.74, 1.00) #fs:   0  -- #Conts: 15 G(7)  A(2)  E(4)  C(2) 
2650191153 46341.29 || noQ Q (Avg,Max,Min) (1.00, 1.01, 1.00) (0.99, 0.92, 1.00) #fs:   0  -- #Conts: 15 G(7)  A(4)  E(3)  C(1) 
2910537546 20107.94 || noQ Q (Avg,Max,Min) (1.00, 1.01, 1.00) (0.99, 0.91, 1.01) #fs:   0  -- #Conts: 19 H(3)  A(7)  G(3)  E(4)  C(2) 
2910756650 20105.94 || noQ Q (Avg,Max,Min) (1.00, 1.01, 1.00) (0.99, 0.91, 1.01) #fs:   0  -- #Conts: 19 H(3)  A(7)  G(3)  E(4)  C(2) 
2911165165 20101.94 || noQ Q (Avg,Max,Min) (1.00, 1.01, 1.00) (0.99, 0.91, 1.01) #fs:   0  -- #Conts: 19 H(3)  A(7)  G(3)  E(4)  C(2) 
2911394743 20099.94 || noQ Q (Avg,Max,Min) (1.00, 1.01, 1.00) (0.99, 0.91, 1.01) #fs:   0  -- #Conts: 19 H(3)  A(7)  G(3)  E(4)  C(2) 
2911491719 20098.94 || noQ Q (Avg,Max,Min) (1.00, 1.01, 1.00) (0.99, 0.91, 1.01) #fs:   0  -- #Conts: 19 H(3)  A(7)  G(3)  E(4)  C(2) 
2911782656 20096.94 || noQ Q (Avg,Max,Min) (1.00, 1.01, 1.00) (0.99, 0.91, 1.01) #fs:   0  -- #Conts: 19 H(3)  A(7)  G(3)  E(4)  C(2) 
2911824206 20095.94 || noQ Q (Avg,Max,Min) (1.00, 1.01, 1.00) (0.99, 0.91, 1.01) #fs:   0  -- #Conts: 19 H(3)  A(7)  G(3)  E(4)  C(2) 
2912053784 20093.94 || noQ Q (Avg,Max,Min) (1.00, 1.01, 1.00) (0.99, 0.91, 1.01) #fs:   0  -- #Conts: 19 H(3)  A(7)  G(3)  E(4)  C(2) 
2912093709 20092.94 || noQ Q (Avg,Max,Min) (1.00, 1.01, 1.00) (0.99, 0.91, 1.01) #fs:   0  -- #Conts: 18 H(3)  A(6)  G(3)  E(4)  C(2) 
2912316889 20091.94 || noQ Q (Avg,Max,Min) (1.01, 1.11, 1.00) (0.95, 0.25, 1.01) #fs:   0  -- #Conts: 19 H(3)  A(7)  G(3)  E(4)  C(2) 
2912384646 20090.94 || noQ Q (Avg,Max,Min) (1.00, 1.01, 1.00) (0.99, 0.91, 1.01) #fs:   0  -- #Conts: 18 H(3)  A(6)  G(3)  E(4)  C(2) 
2912506188 20089.94 || noQ Q (Avg,Max,Min) (1.00, 1.01, 1.00) (0.99, 0.91, 1.01) #fs:   0  -- #Conts: 18 H(3)  A(6)  G(3)  E(4)  C(2) 
2912688500 20088.94 || noQ Q (Avg,Max,Min) (1.00, 1.01, 1.00) (0.99, 0.91, 1.01) #fs:   0  -- #Conts: 18 H(3)  A(6)  G(3)  E(4)  C(2) 
2912735766 20087.94 || noQ Q (Avg,Max,Min) (1.00, 1.01, 1.00) (0.99, 0.91, 1.01) #fs:   0  -- #Conts: 18 H(3)  A(6)  G(3)  E(4)  C(2) 
2912867436 20086.94 || noQ Q (Avg,Max,Min) (1.00, 1.01, 1.00) (0.99, 0.91, 1.01) #fs:   0  -- #Conts: 18 H(3)  A(6)  G(3)  E(4)  C(2) 
2913022739 20085.94 || noQ Q (Avg,Max,Min) (1.00, 1.01, 1.00) (0.99, 0.91, 1.01) #fs:   0  -- #Conts: 18 H(3)  A(6)  G(3)  E(4)  C(2) 
2913097014 20084.94 || noQ Q (Avg,Max,Min) (1.00, 1.01, 1.00) (0.99, 0.91, 1.01) #fs:   0  -- #Conts: 18 H(3)  A(6)  G(3)  E(4)  C(2) 
2913238813 20083.94 || noQ Q (Avg,Max,Min) (1.00, 1.01, 1.00) (0.99, 0.91, 1.01) #fs:   0  -- #Conts: 18 H(3)  A(6)  G(3)  E(4)  C(2) 
2913383987 20082.94 || noQ Q (Avg,Max,Min) (1.00, 1.01, 1.00) (0.99, 0.91, 1.01) #fs:   0  -- #Conts: 18 H(3)  A(6)  G(3)  E(4)  C(2) 
3130458008 19516.88 || noQ Q (Avg,Max,Min) (1.01, 1.14, 1.00) (0.95, 0.22, 1.01) #fs:   0  -- #Conts: 19 H(3)  A(7)  G(3)  E(4)  C(2) 
3130907036 19512.88 || noQ Q (Avg,Max,Min) (1.01, 1.16, 1.00) (0.96, 0.36, 1.01) #fs:   0  -- #Conts: 19 H(3)  A(7)  G(3)  E(4)  C(2) 
3130936740 19501.12 || noQ Q (Avg,Max,Min) (1.00, 1.01, 1.00) (0.99, 0.91, 1.01) #fs:   0  -- #Conts: 18 H(2)  A(7)  G(3)  E(4)  C(2) 
3131706300 19497.12 || noQ Q (Avg,Max,Min) (1.00, 1.01, 1.00) (0.99, 0.91, 1.01) #fs:   0  -- #Conts: 18 H(2)  A(7)  G(3)  E(4)  C(2) 
3132076615 19495.12 || noQ Q (Avg,Max,Min) (1.00, 1.01, 1.00) (0.99, 0.91, 1.01) #fs:   0  -- #Conts: 18 H(2)  A(7)  G(3)  E(4)  C(2) 
3132412055 19492.06 || noQ Q (Avg,Max,Min) (1.00, 1.04, 1.00) (0.98, 0.76, 1.01) #fs:   0  -- #Conts: 19 H(2)  A(7)  G(3)  E(5)  C(2) 
3132846175 19491.12 || noQ Q (Avg,Max,Min) (1.00, 1.01, 1.00) (0.99, 0.91, 1.01) #fs:   0  -- #Conts: 17 H(2)  A(6)  G(3)  E(4)  C(2) 
3173540680 19001.41 || noQ Q (Avg,Max,Min) (1.02, 1.19, 1.00) (0.90, 0.15, 1.01) #fs:   0  -- #Conts: 20 H(3)  A(7)  G(4)  E(4)  C(2) 
3173686409 18969.88 || noQ Q (Avg,Max,Min) (1.01, 1.15, 1.00) (0.95, 0.36, 1.01) #fs:   0  -- #Conts: 19 H(2)  A(7)  G(4)  E(4)  C(2) 
3173704077 18960.12 || noQ Q (Avg,Max,Min) (1.00, 1.01, 1.00) (0.98, 0.91, 1.01) #fs:   0  -- #Conts: 18 H(1)  A(7)  G(4)  E(4)  C(2) 
3174473637 18956.12 || noQ Q (Avg,Max,Min) (1.00, 1.01, 1.00) (0.98, 0.91, 1.01) #fs:   0  -- #Conts: 18 H(1)  A(7)  G(4)  E(4)  C(2) 
3174481715 18954.12 || noQ Q (Avg,Max,Min) (1.01, 1.09, 1.00) (0.96, 0.58, 1.01) #fs:   0  -- #Conts: 19 H(1)  A(7)  G(5)  E(4)  C(2) 
3175143061 18951.76 || noQ Q (Avg,Max,Min) (1.01, 1.05, 1.00) (0.95, 0.51, 1.01) #fs:   0  -- #Conts: 20 H(1)  A(7)  G(4)  E(6)  C(2) 
3175801985 18950.47 || noQ Q (Avg,Max,Min) (1.01, 1.05, 1.00) (0.94, 0.51, 1.01) #fs:   0  -- #Conts: 20 H(1)  A(6)  G(4)  E(7)  C(2) 
3176090672 18949.06 || noQ Q (Avg,Max,Min) (1.01, 1.03, 1.00) (0.96, 0.74, 1.01) #fs:   0  -- #Conts: 20 H(1)  A(7)  G(4)  E(5)  C(3) 
3176588792 18947.76 || noQ Q (Avg,Max,Min) (1.01, 1.04, 1.00) (0.96, 0.74, 1.01) #fs:   0  -- #Conts: 20 H(1)  A(6)  G(4)  E(6)  C(3) 
3178415061 18946.76 || noQ Q (Avg,Max,Min) (1.01, 1.07, 1.00) (0.96, 0.76, 1.01) #fs:   0  -- #Conts: 20 H(1)  A(6)  G(4)  E(6)  C(3) 
3192272280 18946.06 || noQ Q (Avg,Max,Min) (1.01, 1.07, 1.00) (0.97, 0.81, 1.01) #fs:   0  -- #Conts: 20 H(1)  A(8)  G(4)  E(5)  C(2) 
3196239882 18945.35 || noQ Q (Avg,Max,Min) (1.00, 1.03, 1.00) (0.98, 0.86, 1.01) #fs:   0  -- #Conts: 20 H(1)  A(8)  G(4)  E(4)  C(3) 
3244734311 18387.06 || noQ Q (Avg,Max,Min) (1.01, 1.19, 1.00) (0.94, 0.15, 1.00) #fs:   0  -- #Conts: 19 H(1)  A(9)  G(3)  E(4)  C(2) 
3245046284 18355.53 || noQ Q (Avg,Max,Min) (1.00, 1.00, 1.00) (0.98, 0.91, 1.00) #fs:   0  -- #Conts: 18 A(9)  G(3)  E(4)  C(2) 
3610016365 18251.18 || noQ Q (Avg,Max,Min) (1.01, 1.19, 1.00) (0.95, 0.15, 1.00) #fs:   0  -- #Conts: 20 H(1)  A(7)  G(3)  E(7)  C(2) 
3610328338 18235.41 || noQ Q (Avg,Max,Min) (1.00, 1.00, 1.00) (0.99, 0.93, 1.00) #fs:   0  -- #Conts: 19 A(7)  G(3)  E(7)  C(2) 
3611302940 18226.35 || noQ Q (Avg,Max,Min) (1.00, 1.05, 1.00) (0.97, 0.51, 1.00) #fs:   0  -- #Conts: 20 A(7)  G(3)  E(8)  C(2) 
3612566357 18223.65 || noQ Q (Avg,Max,Min) (1.00, 1.03, 1.00) (0.99, 0.86, 1.00) #fs:   0  -- #Conts: 20 A(7)  G(3)  E(7)  C(3) 
3972412282 18223.35 || noQ Q (Avg,Max,Min) (1.01, 1.13, 1.00) (0.94, 0.25, 1.00) #fs:   1  -- #Conts: 20 A(9)  G(3)  E(6)  C(2) 
3982885677 18222.35 || noQ Q (Avg,Max,Min) (1.00, 1.04, 1.00) (0.98, 0.76, 1.00) #fs:   1  -- #Conts: 20 A(9)  G(3)  E(6)  C(2) 
3989830176 18221.65 || noQ Q (Avg,Max,Min) (1.00, 1.01, 1.00) (0.99, 0.91, 1.00) #fs:   1  -- #Conts: 19 A(9)  G(3)  E(5)  C(2) 
4149940149 18138.59 || noQ Q (Avg,Max,Min) (1.02, 1.19, 1.00) (0.91, 0.15, 1.01) #fs:   0  -- #Conts: 20 H(2)  A(8)  G(3)  E(5)  C(2) 
4150197327 18122.82 || noQ Q (Avg,Max,Min) (1.01, 1.14, 1.00) (0.91, 0.22, 1.01) #fs:   0  -- #Conts: 20 H(1)  A(8)  G(4)  E(5)  C(2) 
4150389177 18107.06 || noQ Q (Avg,Max,Min) (1.01, 1.16, 1.00) (0.95, 0.36, 1.01) #fs:   0  -- #Conts: 19 H(1)  A(8)  G(3)  E(5)  C(2) 
4150842566 18105.06 || noQ Q (Avg,Max,Min) (1.01, 1.16, 1.00) (0.95, 0.36, 1.01) #fs:   0  -- #Conts: 19 H(1)  A(8)  G(3)  E(5)  C(2) 
4151035535 18096.00 || noQ Q (Avg,Max,Min) (1.01, 1.08, 1.00) (0.95, 0.35, 1.01) #fs:   0  -- #Conts: 19 A(8)  G(4)  E(5)  C(2) 
4151196533 18091.29 || noQ Q (Avg,Max,Min) (1.01, 1.09, 1.00) (0.97, 0.59, 1.01) #fs:   0  -- #Conts: 19 A(8)  G(4)  E(5)  C(2) 
4151649922 18089.29 || noQ Q (Avg,Max,Min) (1.01, 1.09, 1.00) (0.97, 0.59, 1.01) #fs:   0  -- #Conts: 19 A(8)  G(4)  E(5)  C(2) 
4151843407 18088.94 || noQ Q (Avg,Max,Min) (1.00, 1.05, 1.00) (0.96, 0.51, 1.01) #fs:   1  -- #Conts: 19 A(8)  G(3)  E(6)  C(2) 
4152201508 18086.94 || noQ Q (Avg,Max,Min) (1.00, 1.05, 1.00) (0.96, 0.51, 1.01) #fs:   0  -- #Conts: 19 A(8)  G(3)  E(6)  C(2) 
4152336408 18085.29 || noQ Q (Avg,Max,Min) (1.01, 1.09, 1.00) (0.99, 0.91, 1.01) #fs:   0  -- #Conts: 18 A(7)  G(4)  E(5)  C(2) 
4152426787 18084.24 || noQ Q (Avg,Max,Min) (1.00, 1.03, 1.00) (0.98, 0.86, 1.01) #fs:   0  -- #Conts: 19 A(8)  G(3)  E(5)  C(3) 
4153579010 18082.24 || noQ Q (Avg,Max,Min) (1.00, 1.01, 1.00) (0.99, 0.91, 1.01) #fs:   1  -- #Conts: 18 A(8)  G(3)  E(5)  C(2) 
4251970156 17983.06 || noQ Q (Avg,Max,Min) (1.02, 1.19, 1.00) (0.89, 0.15, 1.01) #fs:   0  -- #Conts: 20 H(1)  A(7)  G(5)  E(5)  C(2) 
4252290688 17951.53 || noQ Q (Avg,Max,Min) (1.00, 1.08, 0.97) (0.94, 0.34, 1.01) #fs:   1  -- #Conts: 19 A(7)  G(5)  E(5)  C(2) 
4253182395 17949.53 || noQ Q (Avg,Max,Min) (0.99, 1.08, 0.72) (0.94, 0.34, 1.01) #fs:   1  -- #Conts: 19 A(7)  G(5)  E(5)  C(2) 
4253364254 17933.76 || noQ Q (Avg,Max,Min) (1.00, 1.03, 1.00) (0.99, 0.91, 1.01) #fs:   1  -- #Conts: 18 A(7)  G(4)  E(5)  C(2) 
4255194670 17930.41 || noQ Q (Avg,Max,Min) (1.00, 1.01, 1.00) (0.99, 0.91, 1.01) #fs:   0  -- #Conts: 17 A(7)  G(3)  E(5)  C(2) 
4465827767 15140.24 || noQ Q (Avg,Max,Min) (1.01, 1.14, 1.00) (0.95, 0.22, 1.01) #fs:   0  -- #Conts: 18 H(1)  A(9)  G(3)  E(3)  C(2) 
4466276795 15136.24 || noQ Q (Avg,Max,Min) (1.01, 1.16, 1.00) (0.96, 0.36, 1.01) #fs:   0  -- #Conts: 18 H(1)  A(9)  G(3)  E(3)  C(2) 
4466314591 15124.47 || noQ Q (Avg,Max,Min) (1.01, 1.08, 1.00) (0.96, 0.35, 1.01) #fs:   0  -- #Conts: 18 A(9)  G(4)  E(3)  C(2) 
4467084151 15120.47 || noQ Q (Avg,Max,Min) (1.01, 1.09, 1.00) (0.97, 0.59, 1.01) #fs:   0  -- #Conts: 18 A(9)  G(4)  E(3)  C(2) 
4467454466 15118.47 || noQ Q (Avg,Max,Min) (1.01, 1.08, 1.00) (0.98, 0.69, 1.01) #fs:   0  -- #Conts: 18 A(9)  G(4)  E(3)  C(2) 
4467781814 15115.41 || noQ Q (Avg,Max,Min) (1.00, 1.04, 1.00) (0.98, 0.76, 1.01) #fs:   0  -- #Conts: 18 A(9)  G(3)  E(4)  C(2) 
4486086904 15114.71 || noQ Q (Avg,Max,Min) (1.00, 1.01, 1.00) (0.99, 0.92, 1.01) #fs:   0  -- #Conts: 17 A(9)  G(3)  E(3)  C(2) 
4505786904 15113.71 || noQ Q (Avg,Max,Min) (1.00, 1.01, 1.00) (0.99, 0.93, 1.01) #fs:   0  -- #Conts: 17 A(9)  G(3)  E(3)  C(2) 
4577606394 12616.29 || noQ Q (Avg,Max,Min) (1.01, 1.13, 1.00) (0.95, 0.21, 1.01) #fs:   0  -- #Conts: 17 H(1)  A(8)  G(3)  E(3)  C(2) 
4578055422 12612.29 || noQ Q (Avg,Max,Min) (1.01, 1.15, 1.00) (0.96, 0.36, 1.01) #fs:   0  -- #Conts: 17 H(1)  A(8)  G(3)  E(3)  C(2) 
4578081168 12600.53 || noQ Q (Avg,Max,Min) (1.01, 1.08, 1.00) (0.96, 0.34, 1.01) #fs:   0  -- #Conts: 17 A(8)  G(4)  E(3)  C(2) 
4578850728 12596.53 || noQ Q (Avg,Max,Min) (1.01, 1.09, 1.00) (0.98, 0.58, 1.01) #fs:   0  -- #Conts: 17 A(8)  G(4)  E(3)  C(2) 
4579512074 12591.47 || noQ Q (Avg,Max,Min) (1.00, 1.03, 1.00) (0.99, 0.74, 1.01) #fs:   0  -- #Conts: 17 A(8)  G(3)  E(4)  C(2) 
4590025126 9872.18 || noQ Q (Avg,Max,Min) (1.02, 1.19, 1.00) (0.91, 0.15, 1.01) #fs:   0  -- #Conts: 20 H(2)  A(9)  G(3)  E(4)  C(2) 
4590180008 9856.41 || noQ Q (Avg,Max,Min) (1.02, 1.14, 1.00) (0.91, 0.22, 1.01) #fs:   0  -- #Conts: 20 H(1)  A(9)  G(4)  E(4)  C(2) 
4590474154 9840.65 || noQ Q (Avg,Max,Min) (1.01, 1.16, 1.00) (0.95, 0.36, 1.01) #fs:   0  -- #Conts: 19 H(1)  A(9)  G(3)  E(4)  C(2) 
4591146051 9831.59 || noQ Q (Avg,Max,Min) (1.01, 1.08, 1.00) (0.93, 0.35, 1.01) #fs:   0  -- #Conts: 20 A(9)  G(4)  E(5)  C(2) 
4591281510 9824.88 || noQ Q (Avg,Max,Min) (1.01, 1.09, 1.00) (0.97, 0.59, 1.01) #fs:   0  -- #Conts: 19 A(9)  G(4)  E(4)  C(2) 
4591979173 9822.53 || noQ Q (Avg,Max,Min) (1.01, 1.05, 1.00) (0.95, 0.51, 1.01) #fs:   0  -- #Conts: 20 A(9)  G(3)  E(6)  C(2) 
4592409468 9819.82 || noQ Q (Avg,Max,Min) (1.01, 1.04, 1.00) (0.97, 0.74, 1.01) #fs:   0  -- #Conts: 20 A(9)  G(3)  E(5)  C(3) 
4592421385 9818.18 || noQ Q (Avg,Max,Min) (1.01, 1.09, 1.00) (1.00, 0.93, 1.01) #fs:   0  -- #Conts: 18 A(9)  G(4)  E(3)  C(2) 
4609017598 9818.12 || noQ Q (Avg,Max,Min) (1.00, 1.04, 1.00) (0.99, 0.76, 1.01) #fs:   1  -- #Conts: 18 A(9)  G(3)  E(4)  C(2) 
4609397067 9817.41 || noQ Q (Avg,Max,Min) (1.00, 1.01, 1.00) (1.00, 0.93, 1.01) #fs:   0  -- #Conts: 18 A(10)  G(3)  E(3)  C(2) 
6443891034 8527.94 || noQ Q (Avg,Max,Min) (1.01, 1.13, 1.00) (0.90, 0.21, 1.00) #fs:   2  -- #Conts: 18 H(1)  A(9)  G(2)  E(4)  C(2) 
6443948419 8447.71 || noQ Q (Avg,Max,Min) (1.02, 1.14, 1.00) (0.87, 0.21, 1.00) #fs:   3  -- #Conts: 19 H(2)  A(7)  G(2)  E(6)  C(2) 
6444340062 8431.94 || noQ Q (Avg,Max,Min) (1.02, 1.15, 1.00) (0.91, 0.22, 1.00) #fs:   3  -- #Conts: 18 H(2)  A(7)  G(1)  E(6)  C(2) 
6444397447 8416.18 || noQ Q (Avg,Max,Min) (1.01, 1.16, 1.00) (0.92, 0.34, 1.00) #fs:   3  -- #Conts: 18 H(1)  A(7)  G(2)  E(6)  C(2) 
6444710896 8407.12 || noQ Q (Avg,Max,Min) (1.01, 1.08, 1.00) (0.89, 0.34, 1.00) #fs:   3  -- #Conts: 19 A(7)  G(3)  E(7)  C(2) 
6445135368 8400.41 || noQ Q (Avg,Max,Min) (1.01, 1.09, 1.00) (0.93, 0.35, 1.00) #fs:   3  -- #Conts: 18 A(7)  G(3)  E(6)  C(2) 
6445575118 8391.35 || noQ Q (Avg,Max,Min) (1.01, 1.08, 1.00) (0.94, 0.51, 1.00) #fs:   3  -- #Conts: 18 A(7)  G(2)  E(7)  C(2) 
6445902466 8389.00 || noQ Q (Avg,Max,Min) (1.01, 1.05, 1.00) (0.94, 0.51, 1.00) #fs:   3  -- #Conts: 19 A(7)  G(1)  E(9)  C(2) 
6445974313 8386.29 || noQ Q (Avg,Max,Min) (1.01, 1.04, 1.00) (0.96, 0.74, 1.00) #fs:   3  -- #Conts: 19 A(7)  G(1)  E(8)  C(3) 
6446344678 8384.65 || noQ Q (Avg,Max,Min) (1.01, 1.09, 1.00) (0.98, 0.91, 1.00) #fs:   3  -- #Conts: 17 A(7)  G(2)  E(6)  C(2) 
6476217855 8384.59 || noQ Q (Avg,Max,Min) (1.00, 1.04, 1.00) (0.97, 0.76, 1.00) #fs:   3  -- #Conts: 17 A(7)  G(1)  E(7)  C(2) 
6476225933 8383.88 || noQ Q (Avg,Max,Min) (1.00, 1.01, 1.00) (0.99, 0.91, 1.00) #fs:   4  -- #Conts: 16 A(7)  G(1)  E(6)  C(2) 
/////////////////size: 284
nodes 97 edges 109
 mulT: 10000 mulD: 5000  sumData GB 11037
pareto /SIPHT.n.100.0.dax time -> 5938.0
moheft /SIPHT.n.100.0.dax time -> 8819.0
distance from M to C 0.0
distance from P to C 1095.7154078920225
distance from C to M 18.564912280701755
distance from C to P 824.5470574618137
toCompare: /SIPHT.n.100.0.dax sumDataGB: 11037 mulT: 10000 mulD: 5000 paretoOptTime_MS: 5938.0 MoheftOptimizationTime_MS: 8819.0 MtoC 0.0 PtoC 1095.7154078920225 CtoM 18.564912280701755 CtoP 824.5470574618137
