specify -Dflow d,b,mt,md,size
Running /home/vaggelis/jc/CYBERSHAKE.n.100.0.dax mt 30 md: 100 size null
   1160643 064.06 || noQ Q (Avg,Max,Min) (1.30, 1.46, 1.00) (0.32, 0.01, 0.47) #fs:   2  -- #Conts: 3 H(2)  A(1) 
   1161814 063.06 || noQ Q (Avg,Max,Min) (1.45, 1.46, 1.44) (0.47, 0.46, 0.47) #fs:   2  -- #Conts: 2 H(2) 
   1890771 048.29 || noQ Q (Avg,Max,Min) (1.06, 1.31, 0.88) (0.39, 0.01, 0.69) #fs:   1  -- #Conts: 3 H(1)  A(1)  G(1) 
   1894540 047.29 || noQ Q (Avg,Max,Min) (1.37, 1.44, 1.31) (0.58, 0.46, 0.69) #fs:   0  -- #Conts: 2 H(1)  G(1) 
   1991116 031.53 || noQ Q (Avg,Max,Min) (1.25, 1.26, 1.25) (0.69, 0.69, 0.69) #fs:   2  -- #Conts: 2 G(2) 
   3078650 026.82 || noQ Q (Avg,Max,Min) (2.94, 3.92, 1.62) (1.76, 1.37, 1.97) #fs:   2  -- #Conts: 4 E(4) 
   3660539 020.12 || noQ Q (Avg,Max,Min) (2.65, 4.16, 1.67) (2.14, 1.66, 2.65) #fs:   1  -- #Conts: 3 E(3) 
   4638262 020.00 || noQ Q (Avg,Max,Min) (2.26, 2.71, 1.53) (1.97, 1.53, 2.21) #fs:   6  -- #Conts: 5 C(5) 
/////////////////size: 8
   1381050 502.12 || noQ Q (Avg,Max,Min) (13.99, 25.28, 1.79) (0.26, 0.16, 0.69) #fs:   2  -- #Conts: 20 H(13)  G(5)  E(2) 
   1382762 484.00 || noQ Q (Avg,Max,Min) (12.45, 24.32, 1.79) (0.24, 0.16, 0.69) #fs:   5  -- #Conts: 21 H(12)  G(5)  E(4) 
   1384504 459.18 || noQ Q (Avg,Max,Min) (11.96, 20.43, 1.79) (0.25, 0.16, 0.69) #fs:   5  -- #Conts: 21 H(11)  G(5)  E(5) 
   1388414 450.12 || noQ Q (Avg,Max,Min) (11.64, 20.42, 1.79) (0.24, 0.16, 0.69) #fs:   7  -- #Conts: 22 H(10)  G(6)  E(6) 
   1393027 447.76 || noQ Q (Avg,Max,Min) (11.19, 20.43, 1.78) (0.23, 0.16, 0.69) #fs:   7  -- #Conts: 23 H(10)  G(5)  E(8) 
   1394464 425.29 || noQ Q (Avg,Max,Min) (11.27, 20.10, 1.78) (0.24, 0.16, 0.69) #fs:   5  -- #Conts: 22 H(9)  G(6)  E(7) 
   1395765 384.71 || noQ Q (Avg,Max,Min) (10.21, 17.45, 1.78) (0.24, 0.16, 0.69) #fs:   7  -- #Conts: 22 H(7)  G(7)  E(8) 
   1399531 368.94 || noQ Q (Avg,Max,Min) (9.80, 17.45, 1.78) (0.24, 0.16, 0.69) #fs:   3  -- #Conts: 21 H(7)  G(6)  E(8) 
   1401173 362.24 || noQ Q (Avg,Max,Min) (10.36, 20.63, 1.78) (0.25, 0.16, 0.69) #fs:   2  -- #Conts: 20 H(7)  G(6)  E(7) 
   1401274 353.18 || noQ Q (Avg,Max,Min) (9.63, 20.59, 1.78) (0.24, 0.16, 0.69) #fs:   5  -- #Conts: 21 H(6)  G(7)  E(8) 
   1402095 337.41 || noQ Q (Avg,Max,Min) (9.58, 20.33, 1.78) (0.25, 0.16, 0.69) #fs:   4  -- #Conts: 20 H(6)  G(6)  E(8) 
   1402995 324.00 || noQ Q (Avg,Max,Min) (10.30, 20.33, 1.78) (0.28, 0.17, 0.69) #fs:   3  -- #Conts: 18 H(6)  G(6)  E(6) 
   1403733 314.94 || noQ Q (Avg,Max,Min) (9.91, 20.12, 1.78) (0.28, 0.16, 0.69) #fs:   5  -- #Conts: 18 H(6)  G(5)  E(7) 
   1405240 305.88 || noQ Q (Avg,Max,Min) (8.84, 19.73, 1.78) (0.26, 0.16, 0.69) #fs:   8  -- #Conts: 20 H(4)  G(8)  E(8) 
   1405945 296.82 || noQ Q (Avg,Max,Min) (8.81, 19.38, 1.78) (0.26, 0.16, 0.69) #fs:   6  -- #Conts: 20 H(4)  G(7)  E(9) 
   1407354 287.76 || noQ Q (Avg,Max,Min) (8.24, 16.58, 1.78) (0.24, 0.16, 0.70) #fs:   5  -- #Conts: 21 H(3)  G(8)  E(10) 
   1417665 281.06 || noQ Q (Avg,Max,Min) (8.82, 16.63, 1.77) (0.27, 0.16, 0.70) #fs:   0  -- #Conts: 19 H(4)  G(6)  E(9) 
   1418364 272.00 || noQ Q (Avg,Max,Min) (8.38, 16.18, 1.77) (0.26, 0.16, 0.70) #fs:   0  -- #Conts: 20 H(3)  G(7)  E(10) 
   1422683 265.29 || noQ Q (Avg,Max,Min) (8.43, 15.84, 1.76) (0.27, 0.16, 0.70) #fs:   2  -- #Conts: 19 H(3)  G(7)  E(9) 
   1424326 262.59 || noQ Q (Avg,Max,Min) (8.34, 15.84, 1.76) (0.27, 0.17, 0.70) #fs:   3  -- #Conts: 19 H(3)  G(7)  E(8)  C(1) 
   1426475 259.88 || noQ Q (Avg,Max,Min) (8.13, 15.84, 1.76) (0.27, 0.17, 0.70) #fs:   4  -- #Conts: 19 H(3)  G(7)  E(7)  C(2) 
   1427984 248.12 || noQ Q (Avg,Max,Min) (7.55, 15.60, 1.76) (0.27, 0.17, 0.70) #fs:   4  -- #Conts: 19 H(3)  G(6)  E(7)  C(3) 
   1429755 238.71 || noQ Q (Avg,Max,Min) (7.41, 15.15, 1.77) (0.28, 0.17, 0.70) #fs:   2  -- #Conts: 18 H(3)  G(6)  E(5)  C(4) 
   1431477 236.35 || noQ Q (Avg,Max,Min) (6.83, 15.02, 1.77) (0.26, 0.17, 0.70) #fs:   6  -- #Conts: 19 H(3)  G(5)  E(7)  C(4) 
   1433028 226.94 || noQ Q (Avg,Max,Min) (6.90, 15.14, 1.76) (0.28, 0.17, 0.70) #fs:   5  -- #Conts: 18 H(3)  G(5)  E(5)  C(5) 
   1434750 217.88 || noQ Q (Avg,Max,Min) (6.52, 14.99, 1.76) (0.28, 0.17, 0.70) #fs:   5  -- #Conts: 18 H(3)  G(4)  E(6)  C(5) 
   1438635 211.18 || noQ Q (Avg,Max,Min) (6.66, 14.69, 1.76) (0.30, 0.17, 0.70) #fs:   6  -- #Conts: 17 H(3)  G(4)  E(5)  C(5) 
   1442551 204.47 || noQ Q (Avg,Max,Min) (6.89, 14.37, 1.76) (0.31, 0.17, 0.70) #fs:   9  -- #Conts: 16 H(3)  G(4)  E(4)  C(5) 
   1444148 196.47 || noQ Q (Avg,Max,Min) (7.70, 14.23, 1.76) (0.36, 0.17, 0.70) #fs:   7  -- #Conts: 14 H(3)  G(4)  E(4)  C(3) 
   1446491 195.76 || noQ Q (Avg,Max,Min) (6.53, 14.06, 1.76) (0.30, 0.17, 0.71) #fs:   9  -- #Conts: 17 H(3)  G(2)  E(8)  C(4) 
   1448497 192.47 || noQ Q (Avg,Max,Min) (7.87, 16.47, 1.75) (0.38, 0.17, 0.80) #fs:   6  -- #Conts: 13 H(3)  G(4)  E(4)  C(2) 
   1449214 186.35 || noQ Q (Avg,Max,Min) (6.36, 16.94, 1.76) (0.32, 0.17, 0.82) #fs:   7  -- #Conts: 16 H(3)  G(2)  E(6)  C(5) 
   1456814 184.00 || noQ Q (Avg,Max,Min) (6.32, 15.83, 1.75) (0.30, 0.17, 0.80) #fs:   5  -- #Conts: 17 H(3)  G(1)  E(8)  C(5) 
   1458234 181.29 || noQ Q (Avg,Max,Min) (6.17, 15.71, 1.75) (0.30, 0.17, 0.80) #fs:   6  -- #Conts: 17 H(3)  G(1)  E(7)  C(6) 
   1463081 178.59 || noQ Q (Avg,Max,Min) (6.10, 15.34, 1.75) (0.30, 0.17, 0.80) #fs:   5  -- #Conts: 17 H(3)  G(1)  E(6)  C(7) 
   1466886 171.88 || noQ Q (Avg,Max,Min) (5.95, 15.05, 1.75) (0.31, 0.17, 0.80) #fs:   3  -- #Conts: 16 H(3)  G(1)  E(5)  C(7) 
   1468731 167.88 || noQ Q (Avg,Max,Min) (5.89, 15.56, 1.75) (0.33, 0.18, 0.84) #fs:   7  -- #Conts: 15 H(3)  G(1)  E(5)  C(6) 
   1470443 165.18 || noQ Q (Avg,Max,Min) (5.85, 15.43, 1.75) (0.33, 0.18, 0.84) #fs:   5  -- #Conts: 15 H(3)  G(1)  E(4)  C(7) 
   1480539 158.47 || noQ Q (Avg,Max,Min) (6.11, 14.73, 1.74) (0.35, 0.18, 0.84) #fs:   2  -- #Conts: 14 H(3)  G(1)  E(3)  C(7) 
   1481678 154.47 || noQ Q (Avg,Max,Min) (6.02, 16.83, 1.73) (0.38, 0.18, 0.97) #fs:   4  -- #Conts: 13 H(3)  G(1)  E(3)  C(6) 
   1485824 150.47 || noQ Q (Avg,Max,Min) (6.46, 16.23, 1.73) (0.40, 0.18, 0.95) #fs:   6  -- #Conts: 12 H(3)  G(1)  E(3)  C(5) 
   1491975 146.47 || noQ Q (Avg,Max,Min) (6.54, 15.76, 1.73) (0.43, 0.18, 0.95) #fs:   5  -- #Conts: 11 H(3)  G(1)  E(3)  C(4) 
   1492945 142.47 || noQ Q (Avg,Max,Min) (6.74, 16.28, 1.73) (0.47, 0.19, 0.99) #fs:   5  -- #Conts: 10 H(3)  G(1)  E(3)  C(3) 
   1496070 141.47 || noQ Q (Avg,Max,Min) (5.66, 16.41, 0.63) (0.39, 0.01, 1.01) #fs:   6  -- #Conts: 12 H(3)  G(1)  A(3)  E(3)  C(2) 
   1497210 140.47 || noQ Q (Avg,Max,Min) (6.08, 16.40, 0.66) (0.43, 0.01, 1.01) #fs:   4  -- #Conts: 11 H(3)  G(1)  A(2)  E(3)  C(2) 
   1498112 139.47 || noQ Q (Avg,Max,Min) (6.61, 16.34, 1.00) (0.47, 0.01, 1.01) #fs:   3  -- #Conts: 10 H(3)  G(1)  A(1)  E(3)  C(2) 
   1498522 138.47 || noQ Q (Avg,Max,Min) (7.22, 16.25, 1.73) (0.52, 0.18, 1.01) #fs:   3  -- #Conts: 9 H(3)  G(1)  E(3)  C(2) 
   1501253 137.47 || noQ Q (Avg,Max,Min) (5.99, 15.75, 0.41) (0.43, 0.02, 0.99) #fs:   6  -- #Conts: 11 H(3)  G(1)  A(3)  E(3)  C(1) 
   1501942 136.47 || noQ Q (Avg,Max,Min) (6.47, 15.74, 0.41) (0.47, 0.03, 0.99) #fs:   5  -- #Conts: 10 H(3)  G(1)  A(2)  E(3)  C(1) 
   1502827 135.47 || noQ Q (Avg,Max,Min) (7.12, 15.61, 1.00) (0.51, 0.03, 0.99) #fs:   4  -- #Conts: 9 H(3)  G(1)  A(1)  E(3)  C(1) 
   1503647 134.47 || noQ Q (Avg,Max,Min) (7.87, 15.56, 1.73) (0.58, 0.19, 0.99) #fs:   4  -- #Conts: 8 H(3)  G(1)  E(3)  C(1) 
   1506767 133.47 || noQ Q (Avg,Max,Min) (6.31, 17.30, 0.08) (0.46, 0.01, 1.12) #fs:   3  -- #Conts: 10 H(3)  G(1)  A(3)  E(3) 
   1507345 132.47 || noQ Q (Avg,Max,Min) (6.89, 17.26, 0.08) (0.51, 0.02, 1.12) #fs:   3  -- #Conts: 9 H(3)  G(1)  A(2)  E(3) 
   1507943 131.47 || noQ Q (Avg,Max,Min) (7.73, 17.22, 0.67) (0.57, 0.03, 1.12) #fs:   2  -- #Conts: 8 H(3)  G(1)  A(1)  E(3) 
   1508803 130.47 || noQ Q (Avg,Max,Min) (8.72, 17.22, 1.73) (0.65, 0.35, 1.12) #fs:   1  -- #Conts: 7 H(3)  G(1)  E(3) 
   1518503 127.76 || noQ Q (Avg,Max,Min) (8.63, 16.93, 1.72) (0.66, 0.19, 1.14) #fs:   1  -- #Conts: 7 H(3)  G(1)  E(2)  C(1) 
   1520657 126.76 || noQ Q (Avg,Max,Min) (6.42, 16.71, 0.15) (0.50, 0.02, 1.14) #fs:   2  -- #Conts: 9 H(3)  G(1)  A(3)  E(2) 
   1521235 125.76 || noQ Q (Avg,Max,Min) (7.19, 16.67, 1.00) (0.56, 0.02, 1.14) #fs:   1  -- #Conts: 8 H(3)  G(1)  A(2)  E(2) 
   1521894 124.76 || noQ Q (Avg,Max,Min) (8.05, 16.63, 1.00) (0.64, 0.05, 1.14) #fs:   1  -- #Conts: 7 H(3)  G(1)  A(1)  E(2) 
   1523527 123.76 || noQ Q (Avg,Max,Min) (9.18, 16.58, 1.72) (0.73, 0.35, 1.14) #fs:   1  -- #Conts: 6 H(3)  G(1)  E(2) 
   1532058 121.06 || noQ Q (Avg,Max,Min) (8.90, 17.67, 1.72) (0.73, 0.20, 1.27) #fs:   1  -- #Conts: 6 H(3)  G(1)  E(1)  C(1) 
   1537192 120.00 || noQ Q (Avg,Max,Min) (6.92, 17.35, 1.71) (0.56, 0.18, 1.27) #fs:   1  -- #Conts: 8 H(3)  E(2)  C(3) 
   1548788 116.00 || noQ Q (Avg,Max,Min) (7.51, 16.86, 1.71) (0.63, 0.19, 1.29) #fs:   1  -- #Conts: 7 H(3)  E(2)  C(2) 
   1551305 115.00 || noQ Q (Avg,Max,Min) (5.54, 16.80, 0.26) (0.48, 0.01, 1.29) #fs:   4  -- #Conts: 9 H(3)  A(3)  E(2)  C(1) 
   1551878 114.00 || noQ Q (Avg,Max,Min) (6.10, 16.84, 0.26) (0.54, 0.02, 1.29) #fs:   4  -- #Conts: 8 H(3)  A(2)  E(2)  C(1) 
   1552496 113.00 || noQ Q (Avg,Max,Min) (6.82, 16.78, 0.26) (0.61, 0.04, 1.29) #fs:   4  -- #Conts: 7 H(3)  A(1)  E(2)  C(1) 
   1553910 112.00 || noQ Q (Avg,Max,Min) (7.88, 16.66, 1.71) (0.71, 0.21, 1.29) #fs:   3  -- #Conts: 6 H(3)  E(2)  C(1) 
   1567754 111.18 || noQ Q (Avg,Max,Min) (5.01, 15.92, 1.70) (0.38, 0.18, 1.30) #fs:   5  -- #Conts: 12 H(2)  E(3)  C(7) 
   1575422 103.18 || noQ Q (Avg,Max,Min) (5.18, 15.78, 1.70) (0.45, 0.19, 1.32) #fs:   2  -- #Conts: 10 H(2)  E(3)  C(5) 
   1590496 099.18 || noQ Q (Avg,Max,Min) (5.24, 16.71, 1.69) (0.48, 0.19, 1.47) #fs:   2  -- #Conts: 9 H(2)  E(3)  C(4) 
   1600861 095.18 || noQ Q (Avg,Max,Min) (5.48, 18.00, 1.68) (0.54, 0.20, 1.63) #fs:   3  -- #Conts: 8 H(2)  E(3)  C(3) 
   1616243 091.18 || noQ Q (Avg,Max,Min) (5.49, 17.26, 1.68) (0.58, 0.21, 1.64) #fs:   4  -- #Conts: 7 H(2)  E(3)  C(2) 
   1623666 088.47 || noQ Q (Avg,Max,Min) (5.48, 16.66, 1.67) (0.59, 0.21, 1.62) #fs:   3  -- #Conts: 7 H(2)  E(2)  C(3) 
   1637118 087.06 || noQ Q (Avg,Max,Min) (4.69, 16.09, 1.67) (0.52, 0.22, 1.62) #fs:   3  -- #Conts: 8 H(2)  C(6) 
   1638327 086.00 || noQ Q (Avg,Max,Min) (3.90, 10.02, 1.67) (0.40, 0.21, 1.01) #fs:   7  -- #Conts: 11 H(1)  G(1)  E(1)  C(8) 
   1639677 085.06 || noQ Q (Avg,Max,Min) (4.15, 16.18, 0.88) (0.48, 0.03, 1.64) #fs:   7  -- #Conts: 9 H(2)  A(2)  C(5) 
   1641162 084.06 || noQ Q (Avg,Max,Min) (4.54, 16.13, 0.88) (0.53, 0.07, 1.64) #fs:   7  -- #Conts: 8 H(2)  A(1)  C(5) 
   1642893 082.00 || noQ Q (Avg,Max,Min) (4.10, 10.12, 1.67) (0.44, 0.23, 1.04) #fs:   3  -- #Conts: 10 H(1)  G(1)  E(1)  C(7) 
   1660343 081.06 || noQ Q (Avg,Max,Min) (4.11, 16.71, 0.12) (0.50, 0.02, 1.79) #fs:   4  -- #Conts: 8 H(2)  A(2)  C(4) 
   1661344 080.06 || noQ Q (Avg,Max,Min) (4.66, 16.66, 1.00) (0.57, 0.04, 1.79) #fs:   3  -- #Conts: 7 H(2)  A(1)  C(4) 
   1663391 079.06 || noQ Q (Avg,Max,Min) (5.26, 16.57, 1.66) (0.66, 0.23, 1.79) #fs:   3  -- #Conts: 6 H(2)  C(4) 
   1665272 078.00 || noQ Q (Avg,Max,Min) (4.09, 9.60, 1.66) (0.47, 0.23, 1.04) #fs:   4  -- #Conts: 9 H(1)  G(1)  E(1)  C(6) 
   1672818 076.00 || noQ Q (Avg,Max,Min) (3.59, 10.71, 1.00) (0.42, 0.00, 1.19) #fs:   6  -- #Conts: 10 H(1)  G(1)  A(2)  E(1)  C(5) 
   1672832 075.00 || noQ Q (Avg,Max,Min) (3.88, 10.71, 1.00) (0.47, 0.04, 1.19) #fs:   5  -- #Conts: 9 H(1)  G(1)  A(1)  E(1)  C(5) 
   1674729 074.00 || noQ Q (Avg,Max,Min) (4.22, 10.69, 1.65) (0.53, 0.24, 1.19) #fs:   6  -- #Conts: 8 H(1)  G(1)  E(1)  C(5) 
   1687434 073.00 || noQ Q (Avg,Max,Min) (3.40, 10.18, 0.09) (0.42, 0.03, 1.17) #fs:   6  -- #Conts: 10 H(1)  G(1)  A(3)  E(1)  C(4) 
   1688698 072.00 || noQ Q (Avg,Max,Min) (3.75, 10.16, 1.00) (0.47, 0.04, 1.17) #fs:   3  -- #Conts: 9 H(1)  G(1)  A(2)  E(1)  C(4) 
   1690918 071.00 || noQ Q (Avg,Max,Min) (4.08, 10.11, 1.00) (0.52, 0.04, 1.17) #fs:   3  -- #Conts: 8 H(1)  G(1)  A(1)  E(1)  C(4) 
   1693418 070.00 || noQ Q (Avg,Max,Min) (4.50, 10.05, 1.65) (0.59, 0.38, 1.17) #fs:   4  -- #Conts: 7 H(1)  G(1)  E(1)  C(4) 
   1716457 066.00 || noQ Q (Avg,Max,Min) (4.71, 10.72, 1.64) (0.65, 0.40, 1.32) #fs:   1  -- #Conts: 6 H(1)  G(1)  E(1)  C(3) 
   1725292 065.29 || noQ Q (Avg,Max,Min) (3.40, 10.71, 0.50) (0.48, 0.01, 1.34) #fs:   4  -- #Conts: 8 H(1)  G(1)  A(2)  C(4) 
   1726282 064.29 || noQ Q (Avg,Max,Min) (3.74, 10.69, 0.50) (0.55, 0.07, 1.34) #fs:   3  -- #Conts: 7 H(1)  G(1)  A(1)  C(4) 
   1730056 063.29 || noQ Q (Avg,Max,Min) (4.25, 10.61, 1.63) (0.63, 0.40, 1.34) #fs:   3  -- #Conts: 6 H(1)  G(1)  C(4) 
   1765044 060.29 || noQ Q (Avg,Max,Min) (3.83, 10.96, 1.00) (0.60, 0.05, 1.49) #fs:   4  -- #Conts: 6 H(1)  G(1)  A(1)  C(3) 
   1768413 059.29 || noQ Q (Avg,Max,Min) (4.37, 10.89, 1.62) (0.71, 0.41, 1.49) #fs:   5  -- #Conts: 5 H(1)  G(1)  C(3) 
   1802684 056.29 || noQ Q (Avg,Max,Min) (3.59, 10.25, 0.19) (0.64, 0.05, 1.50) #fs:   4  -- #Conts: 5 H(1)  G(1)  A(1)  C(2) 
   1805966 055.29 || noQ Q (Avg,Max,Min) (4.42, 10.19, 1.61) (0.79, 0.41, 1.51) #fs:   3  -- #Conts: 4 H(1)  G(1)  C(2) 
   1844782 054.29 || noQ Q (Avg,Max,Min) (2.96, 10.47, 1.00) (0.50, 0.03, 1.66) #fs:   3  -- #Conts: 6 H(1)  G(1)  A(3)  C(1) 
   1846933 053.29 || noQ Q (Avg,Max,Min) (3.34, 10.42, 1.00) (0.59, 0.03, 1.66) #fs:   3  -- #Conts: 5 H(1)  G(1)  A(2)  C(1) 
   1849248 052.29 || noQ Q (Avg,Max,Min) (3.91, 10.38, 1.00) (0.73, 0.03, 1.66) #fs:   2  -- #Conts: 4 H(1)  G(1)  A(1)  C(1) 
   1851417 051.29 || noQ Q (Avg,Max,Min) (4.87, 10.35, 1.59) (0.97, 0.43, 1.66) #fs:   2  -- #Conts: 3 H(1)  G(1)  C(1) 
   1887546 050.29 || noQ Q (Avg,Max,Min) (2.66, 10.63, 0.26) (0.56, 0.03, 1.81) #fs:   6  -- #Conts: 5 H(1)  G(1)  A(3) 
   1891427 049.29 || noQ Q (Avg,Max,Min) (3.25, 10.57, 0.39) (0.69, 0.03, 1.81) #fs:   4  -- #Conts: 4 H(1)  G(1)  A(2) 
   1897775 048.29 || noQ Q (Avg,Max,Min) (4.17, 10.47, 0.45) (0.89, 0.03, 1.81) #fs:   1  -- #Conts: 3 H(1)  G(1)  A(1) 
   1900204 047.29 || noQ Q (Avg,Max,Min) (6.00, 10.43, 1.58) (1.32, 0.83, 1.81) #fs:   0  -- #Conts: 2 H(1)  G(1) 
   1931969 046.94 || noQ Q (Avg,Max,Min) (2.75, 5.71, 0.51) (0.56, 0.02, 0.94) #fs:   3  -- #Conts: 5 H(1)  A(2)  E(2) 
   1933953 045.94 || noQ Q (Avg,Max,Min) (3.19, 5.70, 0.51) (0.69, 0.07, 0.94) #fs:   2  -- #Conts: 4 H(1)  A(1)  E(2) 
   1939245 044.94 || noQ Q (Avg,Max,Min) (4.05, 5.65, 1.57) (0.90, 0.84, 0.94) #fs:   0  -- #Conts: 3 H(1)  E(2) 
   1963218 044.24 || noQ Q (Avg,Max,Min) (2.48, 4.81, 1.00) (0.55, 0.03, 0.92) #fs:   1  -- #Conts: 5 H(1)  A(2)  E(1)  C(1) 
   1965658 043.24 || noQ Q (Avg,Max,Min) (2.84, 4.80, 1.56) (0.68, 0.33, 0.92) #fs:   1  -- #Conts: 4 H(1)  A(1)  E(1)  C(1) 
   1986565 042.24 || noQ Q (Avg,Max,Min) (2.24, 5.01, 1.55) (0.53, 0.34, 0.99) #fs:   1  -- #Conts: 6 H(1)  A(4)  E(1) 
   2010368 041.24 || noQ Q (Avg,Max,Min) (2.30, 4.85, 1.55) (0.58, 0.34, 0.99) #fs:   1  -- #Conts: 5 H(1)  A(3)  E(1) 
   2023153 040.24 || noQ Q (Avg,Max,Min) (2.63, 5.61, 1.54) (0.68, 0.34, 1.16) #fs:   1  -- #Conts: 4 H(1)  A(2)  E(1) 
   2041578 039.24 || noQ Q (Avg,Max,Min) (2.90, 5.50, 1.54) (0.80, 0.35, 1.17) #fs:   0  -- #Conts: 3 H(1)  A(1)  E(1) 
   2061935 038.24 || noQ Q (Avg,Max,Min) (3.46, 5.38, 1.53) (1.03, 0.88, 1.18) #fs:   0  -- #Conts: 2 H(1)  E(1) 
   2102894 037.53 || noQ Q (Avg,Max,Min) (1.96, 3.18, 1.52) (0.57, 0.35, 0.89) #fs:   2  -- #Conts: 4 H(1)  A(2)  C(1) 
   2126395 036.53 || noQ Q (Avg,Max,Min) (2.04, 3.11, 1.50) (0.64, 0.35, 0.90) #fs:   2  -- #Conts: 3 H(1)  A(1)  C(1) 
   2151593 035.53 || noQ Q (Avg,Max,Min) (1.60, 1.74, 1.51) (0.48, 0.38, 0.90) #fs:   2  -- #Conts: 5 H(1)  A(4) 
   2178699 034.53 || noQ Q (Avg,Max,Min) (1.57, 1.71, 1.49) (0.52, 0.37, 0.91) #fs:   1  -- #Conts: 4 H(1)  A(3) 
   2208956 033.53 || noQ Q (Avg,Max,Min) (1.54, 1.68, 1.43) (0.56, 0.37, 0.92) #fs:   1  -- #Conts: 3 H(1)  A(2) 
   2235616 032.53 || noQ Q (Avg,Max,Min) (1.58, 1.67, 1.49) (0.67, 0.41, 0.93) #fs:   0  -- #Conts: 2 H(1)  A(1) 
   2265384 031.53 || noQ Q (Avg,Max,Min) (1.48, 1.48, 1.48) (0.93, 0.93, 0.93) #fs:   0  -- #Conts: 1 H(1) 
   2696270 031.47 || noQ Q (Avg,Max,Min) (2.06, 5.02, 1.26) (0.77, 0.43, 1.72) #fs:   5  -- #Conts: 8 G(1)  A(5)  E(1)  C(1) 
   2737820 030.47 || noQ Q (Avg,Max,Min) (2.07, 4.82, 1.23) (0.81, 0.43, 1.71) #fs:   4  -- #Conts: 7 G(1)  A(4)  E(1)  C(1) 
   2784464 029.47 || noQ Q (Avg,Max,Min) (2.15, 4.81, 1.16) (0.88, 0.42, 1.77) #fs:   5  -- #Conts: 6 G(1)  A(3)  E(1)  C(1) 
   2819229 028.47 || noQ Q (Avg,Max,Min) (2.36, 4.64, 1.07) (1.00, 0.40, 1.75) #fs:   4  -- #Conts: 5 G(1)  A(2)  E(1)  C(1) 
   2845920 027.47 || noQ Q (Avg,Max,Min) (2.74, 4.95, 1.21) (1.20, 0.47, 1.91) #fs:   2  -- #Conts: 4 G(1)  A(1)  E(1)  C(1) 
   2885384 026.47 || noQ Q (Avg,Max,Min) (3.18, 4.89, 1.38) (1.44, 1.11, 1.94) #fs:   0  -- #Conts: 3 G(1)  E(1)  C(1) 
   2988499 025.47 || noQ Q (Avg,Max,Min) (1.96, 4.91, 1.12) (0.94, 0.47, 2.09) #fs:   4  -- #Conts: 5 G(1)  A(3)  E(1) 
   3039828 024.47 || noQ Q (Avg,Max,Min) (2.12, 4.83, 1.10) (1.06, 0.48, 2.12) #fs:   2  -- #Conts: 4 G(1)  A(2)  E(1) 
   3084407 023.47 || noQ Q (Avg,Max,Min) (2.41, 4.73, 1.14) (1.27, 0.51, 2.14) #fs:   1  -- #Conts: 3 G(1)  A(1)  E(1) 
   3138692 022.47 || noQ Q (Avg,Max,Min) (3.16, 4.96, 1.35) (1.74, 1.18, 2.31) #fs:   0  -- #Conts: 2 G(1)  E(1) 
   3270584 021.76 || noQ Q (Avg,Max,Min) (1.50, 1.65, 1.19) (0.83, 0.60, 1.21) #fs:   3  -- #Conts: 7 G(1)  A(6) 
   3342051 020.76 || noQ Q (Avg,Max,Min) (1.55, 1.63, 1.33) (0.90, 0.80, 1.23) #fs:   0  -- #Conts: 6 G(1)  A(5) 
   3430212 019.76 || noQ Q (Avg,Max,Min) (1.51, 1.60, 1.32) (0.93, 0.83, 1.26) #fs:   2  -- #Conts: 5 G(1)  A(4) 
   3529297 018.76 || noQ Q (Avg,Max,Min) (1.49, 1.57, 1.31) (0.98, 0.88, 1.28) #fs:   1  -- #Conts: 4 G(1)  A(3) 
   3917455 017.76 || noQ Q (Avg,Max,Min) (1.42, 1.48, 1.30) (1.10, 1.00, 1.30) #fs:   2  -- #Conts: 3 G(1)  A(2) 
/////////////////size: 137
nodes 100 edges 192
 mulT: 30 mulD: 100  sumData GB 9759
pareto /CYBERSHAKE.n.100.0.dax time -> 3251.0
moheft /CYBERSHAKE.n.100.0.dax time -> 4620.0
distance from M to C 6.616407897153091
distance from P to C 0.02941176470588225
distance from C to M 0.02879377767249482
distance from C to P 0.7413690575703854
toCompare: /CYBERSHAKE.n.100.0.dax sumDataGB: 9759 mulT: 30 mulD: 100 paretoOptTime_MS: 3251.0 MoheftOptimizationTime_MS: 4620.0 MtoC 6.616407897153091 PtoC 0.02941176470588225 CtoM 0.02879377767249482 CtoP 0.7413690575703854
