specify -Dflow d,b,mt,md,size
Running /home/vaggelis/jc/LIGO.n.100.0.dax mt 100 md: 1000 size null
   4351428 1119.29 || noQ Q (Avg,Max,Min) (0.84, 1.01, 0.47) (0.59, 0.25, 0.85) #fs:  30  -- #Conts: 26 H(23)  G(3) 
   5148424 1040.47 || noQ Q (Avg,Max,Min) (0.88, 1.01, 0.43) (0.61, 0.28, 0.95) #fs:  23  -- #Conts: 28 H(28) 
   5596621 1008.94 || noQ Q (Avg,Max,Min) (0.87, 1.01, 0.43) (0.62, 0.28, 0.90) #fs:  24  -- #Conts: 22 H(22) 
   6302130 977.41 || noQ Q (Avg,Max,Min) (0.85, 1.01, 0.43) (0.62, 0.28, 0.81) #fs:  23  -- #Conts: 18 H(18) 
   6781670 945.88 || noQ Q (Avg,Max,Min) (0.85, 1.01, 0.43) (0.63, 0.28, 0.84) #fs:  24  -- #Conts: 18 H(18) 
   7158897 914.35 || noQ Q (Avg,Max,Min) (0.83, 1.00, 0.43) (0.65, 0.28, 0.88) #fs:  23  -- #Conts: 17 H(17) 
   7194587 835.53 || noQ Q (Avg,Max,Min) (0.79, 1.00, 0.45) (0.66, 0.32, 0.91) #fs:  43  -- #Conts: 26 H(2)  G(24) 
   7277470 804.00 || noQ Q (Avg,Max,Min) (0.80, 1.00, 0.45) (0.67, 0.32, 0.91) #fs:  42  -- #Conts: 26 H(1)  G(25) 
   7452236 772.47 || noQ Q (Avg,Max,Min) (0.82, 1.00, 0.45) (0.68, 0.43, 0.91) #fs:  41  -- #Conts: 26 G(26) 
   8667238 756.71 || noQ Q (Avg,Max,Min) (0.81, 1.00, 0.45) (0.69, 0.44, 0.91) #fs:  41  -- #Conts: 25 G(25) 
   8870614 740.94 || noQ Q (Avg,Max,Min) (0.81, 1.00, 0.45) (0.71, 0.44, 0.91) #fs:  41  -- #Conts: 24 G(24) 
  10407835 725.18 || noQ Q (Avg,Max,Min) (0.91, 1.01, 0.73) (0.79, 0.53, 1.00) #fs:  16  -- #Conts: 23 H(2)  G(21) 
  10629722 690.94 || noQ Q (Avg,Max,Min) (0.86, 1.01, 0.65) (0.80, 0.61, 0.99) #fs:  21  -- #Conts: 24 G(21)  E(3) 
  11808806 677.88 || noQ Q (Avg,Max,Min) (0.87, 1.02, 0.59) (0.81, 0.59, 1.00) #fs:  16  -- #Conts: 23 G(23) 
  17601949 650.47 || noQ Q (Avg,Max,Min) (0.87, 1.00, 0.67) (0.82, 0.55, 1.00) #fs:  26  -- #Conts: 30 E(30) 
  17891113 643.76 || noQ Q (Avg,Max,Min) (0.87, 1.00, 0.68) (0.82, 0.55, 1.00) #fs:  26  -- #Conts: 29 E(29) 
  19969698 616.94 || noQ Q (Avg,Max,Min) (0.93, 1.02, 0.65) (0.84, 0.56, 0.99) #fs:  15  -- #Conts: 32 E(32) 
  20149956 603.53 || noQ Q (Avg,Max,Min) (0.95, 1.02, 0.70) (0.86, 0.69, 1.00) #fs:  13  -- #Conts: 32 E(32) 
  21132178 590.12 || noQ Q (Avg,Max,Min) (0.97, 1.02, 0.73) (0.87, 0.70, 1.00) #fs:  11  -- #Conts: 34 E(34) 
  22179323 576.71 || noQ Q (Avg,Max,Min) (0.98, 1.01, 0.81) (0.88, 0.73, 1.00) #fs:   9  -- #Conts: 31 E(31) 
  26046048 568.35 || noQ Q (Avg,Max,Min) (0.97, 1.01, 0.67) (0.92, 0.65, 1.00) #fs:   9  -- #Conts: 25 G(1)  E(24) 
  26457681 563.29 || noQ Q (Avg,Max,Min) (0.98, 1.01, 0.81) (0.90, 0.77, 1.00) #fs:   8  -- #Conts: 28 E(28) 
  26788383 556.59 || noQ Q (Avg,Max,Min) (0.98, 1.01, 0.81) (0.91, 0.79, 1.00) #fs:   8  -- #Conts: 27 E(27) 
  26952139 549.88 || noQ Q (Avg,Max,Min) (0.98, 1.01, 0.81) (0.92, 0.80, 1.00) #fs:   8  -- #Conts: 26 E(26) 
  27211400 543.18 || noQ Q (Avg,Max,Min) (0.98, 1.01, 0.81) (0.93, 0.81, 1.00) #fs:   9  -- #Conts: 25 E(25) 
  33811418 536.47 || noQ Q (Avg,Max,Min) (0.98, 1.01, 0.81) (0.94, 0.81, 1.00) #fs:   8  -- #Conts: 25 E(25) 
  39336166 529.76 || noQ Q (Avg,Max,Min) (0.99, 1.01, 0.90) (0.95, 0.85, 1.01) #fs:   3  -- #Conts: 22 E(22) 
/////////////////size: 27
  12250494 947.88 || noQ Q (Avg,Max,Min) (1.00, 1.03, 0.92) (0.63, 0.38, 1.02) #fs:   3  -- #Conts: 34 H(24)  G(8)  A(2) 
  12616280 932.12 || noQ Q (Avg,Max,Min) (1.00, 1.03, 0.92) (0.64, 0.39, 1.02) #fs:   3  -- #Conts: 33 H(24)  G(7)  A(2) 
  12637543 916.35 || noQ Q (Avg,Max,Min) (1.00, 1.03, 0.92) (0.66, 0.39, 1.02) #fs:   3  -- #Conts: 32 H(24)  G(6)  A(2) 
  12647556 900.59 || noQ Q (Avg,Max,Min) (1.00, 1.03, 0.84) (0.68, 0.40, 1.02) #fs:   4  -- #Conts: 31 H(24)  G(5)  A(2) 
  12678015 884.82 || noQ Q (Avg,Max,Min) (1.00, 1.03, 0.92) (0.69, 0.39, 1.02) #fs:   3  -- #Conts: 30 H(24)  G(4)  A(2) 
  12762596 869.06 || noQ Q (Avg,Max,Min) (1.00, 1.03, 0.83) (0.71, 0.48, 1.02) #fs:   4  -- #Conts: 29 H(24)  G(3)  A(2) 
  13179373 837.53 || noQ Q (Avg,Max,Min) (1.00, 1.03, 0.92) (0.74, 0.40, 1.02) #fs:   3  -- #Conts: 28 H(23)  G(3)  A(2) 
  13228442 806.00 || noQ Q (Avg,Max,Min) (1.00, 1.03, 0.92) (0.76, 0.41, 1.02) #fs:   3  -- #Conts: 27 H(22)  G(3)  A(2) 
  13392877 742.94 || noQ Q (Avg,Max,Min) (1.00, 1.03, 0.91) (0.80, 0.51, 1.02) #fs:   4  -- #Conts: 29 H(16)  G(11)  A(2) 
  13399829 711.41 || noQ Q (Avg,Max,Min) (1.00, 1.03, 0.90) (0.83, 0.51, 1.02) #fs:   4  -- #Conts: 28 H(15)  G(11)  A(2) 
  13438520 695.65 || noQ Q (Avg,Max,Min) (1.00, 1.03, 0.92) (0.85, 0.51, 1.02) #fs:   4  -- #Conts: 27 H(15)  G(10)  A(2) 
  13477480 679.88 || noQ Q (Avg,Max,Min) (1.00, 1.03, 0.92) (0.87, 0.58, 1.02) #fs:   4  -- #Conts: 26 H(15)  G(9)  A(2) 
  13544709 664.12 || noQ Q (Avg,Max,Min) (1.00, 1.03, 0.92) (0.89, 0.69, 1.02) #fs:   4  -- #Conts: 25 H(15)  G(8)  A(2) 
  13734155 655.06 || noQ Q (Avg,Max,Min) (1.00, 1.03, 0.92) (0.91, 0.69, 1.02) #fs:   5  -- #Conts: 25 H(15)  G(7)  A(2)  E(1) 
  13809569 639.29 || noQ Q (Avg,Max,Min) (1.00, 1.03, 0.92) (0.93, 0.69, 1.02) #fs:   4  -- #Conts: 24 H(15)  G(6)  A(2)  E(1) 
  16582588 636.94 || noQ Q (Avg,Max,Min) (1.00, 1.03, 0.92) (0.92, 0.69, 1.02) #fs:   4  -- #Conts: 25 H(13)  G(7)  A(2)  E(3) 
  17955992 630.24 || noQ Q (Avg,Max,Min) (1.00, 1.03, 0.92) (0.92, 0.69, 1.02) #fs:   4  -- #Conts: 24 H(13)  G(7)  A(2)  E(2) 
  24224834 625.53 || noQ Q (Avg,Max,Min) (1.00, 1.03, 0.95) (0.89, 0.63, 1.02) #fs:   6  -- #Conts: 25 H(7)  G(12)  A(2)  E(4) 
  29515247 624.12 || noQ Q (Avg,Max,Min) (0.99, 1.03, 0.78) (0.86, 0.61, 1.00) #fs:   6  -- #Conts: 31 H(4)  G(7)  A(2)  E(18) 
  29652818 622.12 || noQ Q (Avg,Max,Min) (0.99, 1.03, 0.88) (0.86, 0.61, 1.00) #fs:   5  -- #Conts: 31 H(4)  G(9)  A(2)  E(16) 
  29659473 619.76 || noQ Q (Avg,Max,Min) (0.99, 1.03, 0.88) (0.87, 0.61, 1.00) #fs:   5  -- #Conts: 31 H(4)  G(8)  A(2)  E(17) 
  30241444 618.71 || noQ Q (Avg,Max,Min) (0.99, 1.03, 0.88) (0.86, 0.61, 1.00) #fs:   7  -- #Conts: 31 H(4)  G(7)  A(2)  E(17)  C(1) 
  30392733 616.71 || noQ Q (Avg,Max,Min) (0.99, 1.03, 0.84) (0.87, 0.61, 1.00) #fs:   6  -- #Conts: 29 H(4)  G(9)  A(2)  E(13)  C(1) 
  30399388 614.35 || noQ Q (Avg,Max,Min) (0.99, 1.03, 0.87) (0.87, 0.61, 1.00) #fs:   6  -- #Conts: 29 H(4)  G(8)  A(2)  E(14)  C(1) 
  32682777 609.18 || noQ Q (Avg,Max,Min) (0.99, 1.03, 0.87) (0.88, 0.65, 1.00) #fs:   4  -- #Conts: 27 H(3)  G(12)  A(2)  E(8)  C(2) 
  33969522 593.41 || noQ Q (Avg,Max,Min) (0.99, 1.03, 0.87) (0.89, 0.65, 1.00) #fs:   4  -- #Conts: 27 H(3)  G(12)  A(2)  E(8)  C(2) 
  34409080 584.35 || noQ Q (Avg,Max,Min) (0.99, 1.03, 0.86) (0.90, 0.70, 1.00) #fs:   5  -- #Conts: 27 H(3)  G(12)  A(2)  E(8)  C(2) 
  34467242 582.00 || noQ Q (Avg,Max,Min) (1.00, 1.03, 0.88) (0.90, 0.70, 1.00) #fs:   3  -- #Conts: 29 H(3)  G(12)  A(2)  E(10)  C(2) 
  36752183 579.29 || noQ Q (Avg,Max,Min) (1.00, 1.03, 0.88) (0.90, 0.70, 1.00) #fs:   3  -- #Conts: 28 H(3)  G(12)  A(2)  E(9)  C(2) 
  40674708 572.65 || noQ Q (Avg,Max,Min) (1.00, 1.13, 0.96) (0.89, 0.01, 1.01) #fs:   5  -- #Conts: 26 G(15)  A(1)  E(6)  C(4) 
  40709638 556.88 || noQ Q (Avg,Max,Min) (1.00, 1.01, 0.96) (0.92, 0.67, 1.01) #fs:   5  -- #Conts: 25 G(14)  A(1)  E(6)  C(4) 
  41949125 555.82 || noQ Q (Avg,Max,Min) (1.00, 1.01, 0.96) (0.92, 0.67, 1.01) #fs:   4  -- #Conts: 25 G(14)  A(1)  E(6)  C(4) 
  42940636 553.47 || noQ Q (Avg,Max,Min) (1.00, 1.01, 0.96) (0.92, 0.67, 1.01) #fs:   5  -- #Conts: 28 G(14)  A(1)  E(9)  C(4) 
  45656795 553.12 || noQ Q (Avg,Max,Min) (1.00, 1.01, 0.96) (0.93, 0.67, 1.01) #fs:   4  -- #Conts: 25 G(14)  A(1)  E(6)  C(4) 
  47919337 546.29 || noQ Q (Avg,Max,Min) (0.99, 1.01, 0.92) (0.93, 0.75, 1.00) #fs:   7  -- #Conts: 26 G(7)  A(1)  E(15)  C(3) 
  55017009 545.24 || noQ Q (Avg,Max,Min) (1.00, 1.01, 0.93) (0.93, 0.72, 1.00) #fs:   5  -- #Conts: 26 G(6)  A(1)  E(15)  C(4) 
  57405186 539.47 || noQ Q (Avg,Max,Min) (1.00, 1.01, 0.93) (0.95, 0.84, 1.00) #fs:   5  -- #Conts: 26 G(6)  A(1)  E(11)  C(8) 
  61467510 536.88 || noQ Q (Avg,Max,Min) (1.00, 1.01, 0.93) (0.96, 0.86, 1.00) #fs:   6  -- #Conts: 23 G(6)  A(1)  E(10)  C(6) 
  61728307 535.47 || noQ Q (Avg,Max,Min) (1.00, 1.01, 0.93) (0.96, 0.89, 1.00) #fs:   6  -- #Conts: 23 G(6)  A(1)  E(9)  C(7) 
  74365294 530.94 || noQ Q (Avg,Max,Min) (1.00, 1.03, 0.98) (0.97, 0.84, 1.01) #fs:   3  -- #Conts: 22 G(4)  A(2)  E(7)  C(9) 
  79339633 528.24 || noQ Q (Avg,Max,Min) (1.00, 1.03, 0.98) (0.97, 0.84, 1.01) #fs:   3  -- #Conts: 22 G(4)  A(2)  E(7)  C(9) 
 104136710 523.65 || noQ Q (Avg,Max,Min) (1.00, 1.03, 0.98) (0.96, 0.86, 1.01) #fs:   3  -- #Conts: 22 G(3)  A(2)  E(10)  C(7) 
/////////////////size: 42
nodes 100 edges 123
 mulT: 100 mulD: 1000  sumData GB 2857
pareto /LIGO.n.100.0.dax time -> 4227.0
moheft /LIGO.n.100.0.dax time -> 1813.0
distance from M to C 8.359519479732883
distance from P to C 0.8518014329803415
distance from C to M 11.292329781636415
distance from C to P 3.527630195380649
toCompare: /LIGO.n.100.0.dax sumDataGB: 2857 mulT: 100 mulD: 1000 paretoOptTime_MS: 4227.0 MoheftOptimizationTime_MS: 1813.0 MtoC 8.359519479732883 PtoC 0.8518014329803415 CtoM 11.292329781636415 CtoP 3.527630195380649
