specify -Dflow d,b,mt,md,size
Running /home/vaggelis/jc/SIPHT.n.100.0.dax mt 10000 md: 20000 size null
1558631697 67423.53 || noQ Q (Avg,Max,Min) (0.97, 1.06, 0.00) (0.94, 0.00, 1.05) #fs:   2  -- #Conts: 20 H(16)  G(3)  E(1) 
1558802486 53834.35 || noQ Q (Avg,Max,Min) (1.02, 1.06, 0.99) (0.98, 0.88, 1.05) #fs:   1  -- #Conts: 20 H(16)  G(3)  E(1) 
1558870363 53802.82 || noQ Q (Avg,Max,Min) (1.02, 1.06, 0.99) (0.98, 0.88, 1.05) #fs:   1  -- #Conts: 20 H(16)  G(3)  E(1) 
1877216527 53726.12 || noQ Q (Avg,Max,Min) (1.02, 1.06, 0.99) (0.98, 0.88, 1.05) #fs:   1  -- #Conts: 20 H(16)  G(2)  E(2) 
1877284404 53694.59 || noQ Q (Avg,Max,Min) (1.02, 1.06, 0.99) (0.98, 0.88, 1.05) #fs:   1  -- #Conts: 20 H(16)  G(2)  E(2) 
2612695949 49375.06 || noQ Q (Avg,Max,Min) (0.99, 1.06, 0.65) (0.93, 0.65, 1.03) #fs:   3  -- #Conts: 27 H(1)  G(26) 
2636974110 46542.71 || noQ Q (Avg,Max,Min) (1.01, 1.06, 0.86) (0.95, 0.75, 1.03) #fs:   2  -- #Conts: 27 G(26)  E(1) 
4506368289 36839.41 || noQ Q (Avg,Max,Min) (0.99, 1.01, 0.67) (0.82, 0.55, 1.00) #fs:   4  -- #Conts: 42 G(1)  E(41) 
4617165610 36695.88 || noQ Q (Avg,Max,Min) (1.01, 1.11, 1.00) (0.85, 0.55, 1.06) #fs:   4  -- #Conts: 48 E(46)  C(2) 
4620140930 36679.76 || noQ Q (Avg,Max,Min) (1.01, 1.11, 1.00) (0.85, 0.55, 1.06) #fs:   3  -- #Conts: 42 E(39)  C(3) 
5433892434 31976.00 || noQ Q (Avg,Max,Min) (0.98, 1.01, 0.00) (0.88, 0.00, 1.00) #fs:   5  -- #Conts: 44 C(44) 
5434032377 25948.00 || noQ Q (Avg,Max,Min) (1.00, 1.01, 0.84) (0.90, 0.67, 1.00) #fs:   4  -- #Conts: 44 C(44) 
6465745275 10210.00 || noQ Q (Avg,Max,Min) (0.98, 1.00, 0.06) (0.97, 0.06, 1.00) #fs:   5  -- #Conts: 38 A(38) 
6465916064 8525.00 || noQ Q (Avg,Max,Min) (1.00, 1.00, 1.00) (0.99, 0.97, 1.00) #fs:   4  -- #Conts: 38 A(38) 
6478049356 8524.00 || noQ Q (Avg,Max,Min) (1.00, 1.00, 1.00) (0.99, 0.97, 1.00) #fs:   4  -- #Conts: 38 A(38) 
8639970001 8522.00 || noQ Q (Avg,Max,Min) (1.00, 1.00, 1.00) (0.99, 0.97, 1.00) #fs:   0  -- #Conts: 32 A(32) 
8646032840 8521.00 || noQ Q (Avg,Max,Min) (1.00, 1.03, 1.00) (0.99, 0.95, 1.00) #fs:   0  -- #Conts: 33 A(33) 
/////////////////size: 17
1540995780 53675.24 || noQ Q (Avg,Max,Min) (1.04, 1.52, 1.00) (0.96, 0.28, 1.01) #fs:   0  -- #Conts: 17 H(7)  G(2)  A(1)  E(5)  C(2) 
1541299634 53672.24 || noQ Q (Avg,Max,Min) (1.04, 1.52, 1.00) (0.96, 0.28, 1.01) #fs:   0  -- #Conts: 17 H(7)  G(2)  A(1)  E(5)  C(2) 
1541349067 53659.47 || noQ Q (Avg,Max,Min) (1.03, 1.31, 1.00) (0.97, 0.41, 1.01) #fs:   0  -- #Conts: 17 H(6)  G(3)  A(1)  E(5)  C(2) 
1541507117 53643.71 || noQ Q (Avg,Max,Min) (1.03, 1.39, 1.00) (0.97, 0.50, 1.01) #fs:   0  -- #Conts: 17 H(7)  G(2)  A(1)  E(5)  C(2) 
1541690281 53642.71 || noQ Q (Avg,Max,Min) (1.04, 1.45, 1.00) (0.96, 0.32, 1.01) #fs:   0  -- #Conts: 17 H(6)  G(2)  A(2)  E(5)  C(2) 
1541729346 53641.71 || noQ Q (Avg,Max,Min) (1.01, 1.06, 1.00) (1.00, 0.97, 1.01) #fs:   0  -- #Conts: 16 H(6)  G(2)  A(1)  E(5)  C(2) 
1541810971 53640.71 || noQ Q (Avg,Max,Min) (1.03, 1.39, 1.00) (0.97, 0.50, 1.01) #fs:   0  -- #Conts: 17 H(7)  G(2)  A(1)  E(5)  C(2) 
1541878494 53639.71 || noQ Q (Avg,Max,Min) (1.03, 1.39, 1.00) (0.97, 0.50, 1.01) #fs:   0  -- #Conts: 17 H(7)  G(2)  A(1)  E(5)  C(2) 
1542118627 53627.94 || noQ Q (Avg,Max,Min) (1.03, 1.36, 1.00) (0.98, 0.72, 1.01) #fs:   0  -- #Conts: 17 H(6)  G(3)  A(1)  E(5)  C(2) 
1542348205 53625.94 || noQ Q (Avg,Max,Min) (1.03, 1.36, 1.00) (0.98, 0.72, 1.01) #fs:   0  -- #Conts: 17 H(6)  G(3)  A(1)  E(5)  C(2) 
1542422481 53624.94 || noQ Q (Avg,Max,Min) (1.03, 1.36, 1.00) (0.99, 0.72, 1.01) #fs:   0  -- #Conts: 17 H(6)  G(3)  A(1)  E(5)  C(2) 
1542490004 53623.94 || noQ Q (Avg,Max,Min) (1.03, 1.36, 1.00) (0.98, 0.72, 1.01) #fs:   0  -- #Conts: 17 H(6)  G(3)  A(1)  E(5)  C(2) 
1542652059 53622.94 || noQ Q (Avg,Max,Min) (1.03, 1.36, 1.00) (0.99, 0.72, 1.01) #fs:   0  -- #Conts: 17 H(6)  G(3)  A(1)  E(5)  C(2) 
1542928857 53621.94 || noQ Q (Avg,Max,Min) (1.03, 1.33, 1.00) (0.99, 0.79, 1.01) #fs:   0  -- #Conts: 17 H(6)  G(3)  A(1)  E(5)  C(2) 
1543165069 53621.59 || noQ Q (Avg,Max,Min) (1.03, 1.19, 1.00) (0.97, 0.58, 1.01) #fs:   0  -- #Conts: 18 H(6)  G(2)  A(1)  E(7)  C(2) 
1543313405 53620.59 || noQ Q (Avg,Max,Min) (1.03, 1.19, 1.00) (0.97, 0.58, 1.01) #fs:   0  -- #Conts: 18 H(6)  G(2)  A(1)  E(7)  C(2) 
1544360963 53619.88 || noQ Q (Avg,Max,Min) (1.02, 1.14, 1.00) (0.99, 0.81, 1.01) #fs:   0  -- #Conts: 18 H(6)  G(2)  A(1)  E(6)  C(3) 
1544428486 53618.88 || noQ Q (Avg,Max,Min) (1.02, 1.14, 1.00) (0.99, 0.81, 1.01) #fs:   0  -- #Conts: 18 H(6)  G(2)  A(1)  E(6)  C(3) 
1544429428 53617.88 || noQ Q (Avg,Max,Min) (1.02, 1.14, 1.00) (0.99, 0.81, 1.01) #fs:   0  -- #Conts: 18 H(6)  G(2)  A(1)  E(6)  C(3) 
1547158668 53616.88 || noQ Q (Avg,Max,Min) (1.03, 1.27, 1.00) (0.99, 0.93, 1.01) #fs:   0  -- #Conts: 18 H(6)  G(2)  A(1)  E(6)  C(3) 
1564983489 53616.18 || noQ Q (Avg,Max,Min) (1.02, 1.11, 1.00) (1.00, 0.93, 1.01) #fs:   0  -- #Conts: 18 H(6)  G(2)  A(2)  E(5)  C(3) 
1600715145 53370.65 || noQ Q (Avg,Max,Min) (1.05, 1.75, 1.00) (0.96, 0.24, 1.03) #fs:   0  -- #Conts: 18 H(7)  G(2)  A(3)  E(4)  C(2) 
1600821796 53368.65 || noQ Q (Avg,Max,Min) (1.05, 1.75, 1.00) (0.96, 0.24, 1.03) #fs:   0  -- #Conts: 18 H(7)  G(2)  A(3)  E(4)  C(2) 
1601043085 53364.65 || noQ Q (Avg,Max,Min) (1.05, 1.75, 1.00) (0.96, 0.24, 1.03) #fs:   0  -- #Conts: 17 H(7)  G(2)  A(2)  E(4)  C(2) 
1601462658 53362.65 || noQ Q (Avg,Max,Min) (1.05, 1.75, 1.00) (0.96, 0.24, 1.03) #fs:   0  -- #Conts: 17 H(7)  G(2)  A(2)  E(4)  C(2) 
1601741948 53356.94 || noQ Q (Avg,Max,Min) (1.01, 1.03, 1.00) (1.01, 0.98, 1.03) #fs:   0  -- #Conts: 16 H(7)  G(2)  A(1)  E(4)  C(2) 
1605526704 53355.94 || noQ Q (Avg,Max,Min) (1.01, 1.11, 1.00) (1.00, 0.93, 1.03) #fs:   0  -- #Conts: 17 H(7)  G(2)  A(1)  E(4)  C(3) 
1605631365 53354.94 || noQ Q (Avg,Max,Min) (1.01, 1.11, 1.00) (1.00, 0.93, 1.03) #fs:   0  -- #Conts: 17 H(7)  G(2)  A(1)  E(4)  C(3) 
1648515557 53080.00 || noQ Q (Avg,Max,Min) (1.01, 1.04, 1.00) (0.99, 0.91, 1.04) #fs:   0  -- #Conts: 22 H(8)  G(5)  A(3)  E(4)  C(2) 
1648764007 53076.00 || noQ Q (Avg,Max,Min) (1.01, 1.04, 1.00) (0.99, 0.91, 1.04) #fs:   0  -- #Conts: 22 H(8)  G(5)  A(3)  E(4)  C(2) 
1648843497 53074.00 || noQ Q (Avg,Max,Min) (1.01, 1.04, 1.00) (1.00, 0.91, 1.04) #fs:   0  -- #Conts: 21 H(8)  G(5)  A(2)  E(4)  C(2) 
1649067861 53073.00 || noQ Q (Avg,Max,Min) (1.01, 1.04, 1.00) (0.99, 0.91, 1.04) #fs:   0  -- #Conts: 22 H(8)  G(5)  A(3)  E(4)  C(2) 
1649402100 53070.00 || noQ Q (Avg,Max,Min) (1.01, 1.04, 1.00) (0.99, 0.91, 1.04) #fs:   0  -- #Conts: 22 H(8)  G(5)  A(3)  E(4)  C(2) 
1649708723 53067.00 || noQ Q (Avg,Max,Min) (1.01, 1.04, 1.00) (1.00, 0.91, 1.04) #fs:   0  -- #Conts: 21 H(8)  G(5)  A(2)  E(4)  C(2) 
1650042962 53064.00 || noQ Q (Avg,Max,Min) (1.01, 1.04, 1.00) (1.00, 0.91, 1.04) #fs:   0  -- #Conts: 21 H(8)  G(5)  A(2)  E(4)  C(2) 
1650264819 53063.00 || noQ Q (Avg,Max,Min) (1.03, 1.45, 1.00) (0.96, 0.32, 1.04) #fs:   0  -- #Conts: 21 H(8)  G(5)  A(2)  E(4)  C(2) 
1650306301 53062.00 || noQ Q (Avg,Max,Min) (1.01, 1.04, 1.00) (1.00, 0.91, 1.04) #fs:   0  -- #Conts: 20 H(8)  G(5)  A(1)  E(4)  C(2) 
1650390705 53061.00 || noQ Q (Avg,Max,Min) (1.01, 1.04, 1.00) (1.00, 0.91, 1.04) #fs:   0  -- #Conts: 20 H(8)  G(5)  A(1)  E(4)  C(2) 
1650599058 53060.00 || noQ Q (Avg,Max,Min) (1.03, 1.43, 1.00) (0.98, 0.57, 1.04) #fs:   1  -- #Conts: 21 H(8)  G(5)  A(2)  E(4)  C(2) 
1650640540 53059.00 || noQ Q (Avg,Max,Min) (1.01, 1.04, 1.00) (1.00, 0.91, 1.04) #fs:   0  -- #Conts: 20 H(8)  G(5)  A(1)  E(4)  C(2) 
1650724944 53058.00 || noQ Q (Avg,Max,Min) (1.01, 1.04, 1.00) (1.00, 0.91, 1.04) #fs:   0  -- #Conts: 20 H(8)  G(5)  A(1)  E(4)  C(2) 
1650960306 53057.00 || noQ Q (Avg,Max,Min) (1.02, 1.14, 1.00) (0.98, 0.57, 1.04) #fs:   1  -- #Conts: 21 H(8)  G(5)  A(2)  E(4)  C(2) 
1651001788 53056.00 || noQ Q (Avg,Max,Min) (1.01, 1.04, 1.00) (1.00, 0.91, 1.04) #fs:   0  -- #Conts: 20 H(8)  G(5)  A(1)  E(4)  C(2) 
1651086192 53055.00 || noQ Q (Avg,Max,Min) (1.01, 1.04, 1.00) (1.00, 0.91, 1.04) #fs:   0  -- #Conts: 20 H(8)  G(5)  A(1)  E(4)  C(2) 
1656607702 53046.53 || noQ Q (Avg,Max,Min) (1.02, 1.14, 1.00) (0.99, 0.81, 1.04) #fs:   0  -- #Conts: 22 H(8)  G(4)  A(2)  E(6)  C(2) 
1658034104 53043.82 || noQ Q (Avg,Max,Min) (1.02, 1.14, 1.00) (0.98, 0.81, 1.04) #fs:   0  -- #Conts: 23 H(8)  G(4)  A(2)  E(6)  C(3) 
1671543519 53043.12 || noQ Q (Avg,Max,Min) (1.01, 1.04, 1.00) (0.99, 0.91, 1.04) #fs:   0  -- #Conts: 23 H(8)  G(4)  A(4)  E(5)  C(2) 
1708432624 51974.71 || noQ Q (Avg,Max,Min) (1.01, 1.06, 1.00) (0.99, 0.88, 1.01) #fs:   0  -- #Conts: 18 H(7)  G(5)  A(1)  E(4)  C(1) 
1708877698 51941.18 || noQ Q (Avg,Max,Min) (1.01, 1.10, 1.00) (1.00, 0.96, 1.05) #fs:   0  -- #Conts: 18 H(7)  G(5)  A(1)  E(4)  C(1) 
1711811075 51936.47 || noQ Q (Avg,Max,Min) (1.02, 1.14, 1.00) (0.99, 0.81, 1.05) #fs:   0  -- #Conts: 20 H(7)  G(5)  A(1)  E(5)  C(2) 
1713132611 51936.18 || noQ Q (Avg,Max,Min) (1.03, 1.14, 1.00) (0.98, 0.81, 1.08) #fs:   0  -- #Conts: 21 H(7)  G(5)  A(1)  E(6)  C(2) 
1715287462 51927.06 || noQ Q (Avg,Max,Min) (1.02, 1.14, 1.00) (0.98, 0.81, 1.01) #fs:   0  -- #Conts: 20 H(6)  G(6)  A(1)  E(6)  C(1) 
1715495050 51925.06 || noQ Q (Avg,Max,Min) (1.02, 1.14, 1.00) (0.99, 0.82, 1.01) #fs:   0  -- #Conts: 19 H(6)  G(6)  A(1)  E(5)  C(1) 
1715622345 51924.06 || noQ Q (Avg,Max,Min) (1.02, 1.14, 1.00) (0.99, 0.82, 1.01) #fs:   0  -- #Conts: 19 H(6)  G(6)  A(1)  E(5)  C(1) 
1716015805 51922.06 || noQ Q (Avg,Max,Min) (1.02, 1.14, 1.00) (0.99, 0.82, 1.01) #fs:   0  -- #Conts: 19 H(6)  G(6)  A(1)  E(5)  C(1) 
1716090176 51920.35 || noQ Q (Avg,Max,Min) (1.02, 1.14, 1.00) (0.99, 0.84, 1.02) #fs:   0  -- #Conts: 19 H(6)  G(6)  A(1)  E(5)  C(1) 
1716588636 51919.06 || noQ Q (Avg,Max,Min) (1.02, 1.14, 1.00) (0.99, 0.82, 1.03) #fs:   0  -- #Conts: 19 H(6)  G(6)  A(1)  E(5)  C(1) 
1716610686 51918.35 || noQ Q (Avg,Max,Min) (1.02, 1.14, 1.00) (0.99, 0.84, 1.04) #fs:   0  -- #Conts: 19 H(6)  G(6)  A(1)  E(5)  C(1) 
1717679907 51917.65 || noQ Q (Avg,Max,Min) (1.02, 1.11, 1.00) (1.00, 0.93, 1.04) #fs:   0  -- #Conts: 19 H(6)  G(6)  A(1)  E(4)  C(2) 
1740160963 51905.18 || noQ Q (Avg,Max,Min) (1.03, 1.36, 1.00) (0.98, 0.72, 1.01) #fs:   0  -- #Conts: 21 H(6)  G(6)  A(2)  E(6)  C(1) 
1740502344 51902.82 || noQ Q (Avg,Max,Min) (1.01, 1.06, 1.00) (0.99, 0.95, 1.01) #fs:   0  -- #Conts: 20 H(6)  G(5)  A(2)  E(6)  C(1) 
1741649397 51900.12 || noQ Q (Avg,Max,Min) (1.02, 1.11, 1.00) (0.99, 0.93, 1.01) #fs:   0  -- #Conts: 21 H(6)  G(5)  A(2)  E(6)  C(2) 
1757951528 51899.41 || noQ Q (Avg,Max,Min) (1.01, 1.06, 1.00) (0.99, 0.93, 1.01) #fs:   0  -- #Conts: 22 H(6)  G(5)  A(4)  E(6)  C(1) 
1877763632 51737.59 || noQ Q (Avg,Max,Min) (1.11, 3.00, 1.00) (0.96, 0.15, 1.02) #fs:   0  -- #Conts: 19 H(6)  G(3)  A(2)  E(5)  C(3) 
1877820036 51733.59 || noQ Q (Avg,Max,Min) (1.01, 1.06, 1.00) (1.00, 0.97, 1.02) #fs:   0  -- #Conts: 18 H(6)  G(3)  A(2)  E(5)  C(2) 
1878084164 51721.82 || noQ Q (Avg,Max,Min) (1.13, 3.00, 1.00) (0.93, 0.15, 1.02) #fs:   0  -- #Conts: 20 H(6)  G(4)  A(2)  E(5)  C(3) 
1878651905 51717.82 || noQ Q (Avg,Max,Min) (1.03, 1.44, 1.00) (0.97, 0.31, 1.02) #fs:   0  -- #Conts: 19 H(6)  G(4)  A(2)  E(5)  C(2) 
1879050207 51712.76 || noQ Q (Avg,Max,Min) (1.12, 3.00, 1.00) (0.94, 0.15, 1.02) #fs:   0  -- #Conts: 20 H(6)  G(3)  A(2)  E(6)  C(3) 
1879617948 51708.76 || noQ Q (Avg,Max,Min) (1.02, 1.19, 1.00) (0.98, 0.58, 1.02) #fs:   0  -- #Conts: 19 H(6)  G(3)  A(2)  E(6)  C(2) 
1879802287 51706.06 || noQ Q (Avg,Max,Min) (1.01, 1.11, 1.00) (1.00, 0.97, 1.03) #fs:   0  -- #Conts: 19 H(6)  G(3)  A(2)  E(5)  C(3) 
1923458495 51542.41 || noQ Q (Avg,Max,Min) (1.12, 3.00, 1.00) (0.94, 0.15, 1.01) #fs:   0  -- #Conts: 17 H(6)  G(2)  A(2)  E(4)  C(3) 
1923514899 51538.41 || noQ Q (Avg,Max,Min) (1.00, 1.02, 1.00) (0.99, 0.93, 1.01) #fs:   0  -- #Conts: 16 H(6)  G(2)  A(2)  E(4)  C(2) 
1923779027 51526.65 || noQ Q (Avg,Max,Min) (1.14, 3.00, 1.00) (0.91, 0.15, 1.01) #fs:   0  -- #Conts: 18 H(6)  G(3)  A(2)  E(4)  C(3) 
1924346768 51522.65 || noQ Q (Avg,Max,Min) (1.03, 1.44, 1.00) (0.95, 0.31, 1.01) #fs:   0  -- #Conts: 17 H(6)  G(3)  A(2)  E(4)  C(2) 
1924745070 51517.59 || noQ Q (Avg,Max,Min) (1.13, 3.00, 1.00) (0.92, 0.15, 1.01) #fs:   0  -- #Conts: 18 H(6)  G(2)  A(2)  E(5)  C(3) 
1925312811 51513.59 || noQ Q (Avg,Max,Min) (1.02, 1.19, 1.00) (0.97, 0.58, 1.01) #fs:   0  -- #Conts: 17 H(6)  G(2)  A(2)  E(5)  C(2) 
1925497150 51510.88 || noQ Q (Avg,Max,Min) (1.01, 1.11, 1.00) (1.00, 0.93, 1.03) #fs:   0  -- #Conts: 17 H(6)  G(2)  A(2)  E(4)  C(3) 
1992793812 51418.41 || noQ Q (Avg,Max,Min) (1.04, 1.52, 1.00) (0.95, 0.28, 1.04) #fs:   0  -- #Conts: 17 H(7)  G(3)  A(1)  E(4)  C(2) 
1993268586 51402.65 || noQ Q (Avg,Max,Min) (1.02, 1.31, 1.00) (0.96, 0.41, 1.04) #fs:   0  -- #Conts: 17 H(6)  G(4)  A(1)  E(4)  C(2) 
1994267724 51400.65 || noQ Q (Avg,Max,Min) (1.03, 1.36, 1.00) (0.98, 0.72, 1.04) #fs:   0  -- #Conts: 17 H(6)  G(4)  A(1)  E(4)  C(2) 
1994342000 51399.65 || noQ Q (Avg,Max,Min) (1.03, 1.36, 1.00) (0.98, 0.72, 1.04) #fs:   0  -- #Conts: 17 H(6)  G(4)  A(1)  E(4)  C(2) 
1994537816 51398.65 || noQ Q (Avg,Max,Min) (1.03, 1.36, 1.00) (0.98, 0.72, 1.04) #fs:   0  -- #Conts: 17 H(6)  G(4)  A(1)  E(4)  C(2) 
1994571578 51397.65 || noQ Q (Avg,Max,Min) (1.03, 1.36, 1.00) (0.98, 0.72, 1.04) #fs:   0  -- #Conts: 17 H(6)  G(4)  A(1)  E(4)  C(2) 
1994699492 51393.59 || noQ Q (Avg,Max,Min) (1.01, 1.14, 1.00) (0.98, 0.81, 1.04) #fs:   0  -- #Conts: 17 H(6)  G(3)  A(1)  E(5)  C(2) 
1996348947 51392.59 || noQ Q (Avg,Max,Min) (1.02, 1.14, 1.00) (0.98, 0.81, 1.04) #fs:   0  -- #Conts: 18 H(6)  G(3)  A(1)  E(5)  C(3) 
2012362143 51391.88 || noQ Q (Avg,Max,Min) (1.01, 1.04, 1.00) (0.99, 0.91, 1.04) #fs:   0  -- #Conts: 18 H(6)  G(3)  A(3)  E(4)  C(2) 
2017931482 51171.06 || noQ Q (Avg,Max,Min) (1.01, 1.04, 1.00) (1.00, 0.95, 1.04) #fs:   0  -- #Conts: 18 H(6)  G(3)  A(2)  E(5)  C(2) 
2020560687 51170.76 || noQ Q (Avg,Max,Min) (1.02, 1.19, 1.00) (0.98, 0.58, 1.04) #fs:   0  -- #Conts: 19 H(6)  G(3)  A(2)  E(6)  C(2) 
2020705341 51169.76 || noQ Q (Avg,Max,Min) (1.02, 1.19, 1.00) (0.98, 0.58, 1.04) #fs:   0  -- #Conts: 19 H(6)  G(3)  A(2)  E(6)  C(2) 
2021696809 51169.06 || noQ Q (Avg,Max,Min) (1.01, 1.11, 1.00) (1.00, 0.93, 1.04) #fs:   0  -- #Conts: 19 H(6)  G(3)  A(2)  E(5)  C(3) 
2021824104 51168.06 || noQ Q (Avg,Max,Min) (1.01, 1.11, 1.00) (1.00, 0.93, 1.04) #fs:   0  -- #Conts: 19 H(6)  G(3)  A(2)  E(5)  C(3) 
2021968758 51167.06 || noQ Q (Avg,Max,Min) (1.01, 1.11, 1.00) (1.00, 0.93, 1.04) #fs:   0  -- #Conts: 19 H(6)  G(3)  A(2)  E(5)  C(3) 
2047883741 50802.06 || noQ Q (Avg,Max,Min) (1.01, 1.03, 1.00) (1.00, 0.95, 1.02) #fs:   0  -- #Conts: 16 H(5)  G(3)  A(2)  E(4)  C(2) 
2048188547 50801.76 || noQ Q (Avg,Max,Min) (1.01, 1.03, 1.00) (1.00, 0.97, 1.01) #fs:   0  -- #Conts: 15 H(5)  G(3)  A(1)  E(4)  C(2) 
2051352009 50800.06 || noQ Q (Avg,Max,Min) (1.04, 1.45, 1.00) (0.96, 0.32, 1.02) #fs:   0  -- #Conts: 17 H(5)  G(3)  A(2)  E(4)  C(3) 
2061141652 50799.06 || noQ Q (Avg,Max,Min) (1.01, 1.03, 1.00) (1.00, 0.97, 1.02) #fs:   0  -- #Conts: 16 H(5)  G(3)  A(2)  E(4)  C(2) 
2156927948 50795.47 || noQ Q (Avg,Max,Min) (1.12, 3.00, 1.00) (0.95, 0.15, 1.02) #fs:   0  -- #Conts: 17 H(5)  G(3)  A(2)  E(4)  C(3) 
2156984352 50791.47 || noQ Q (Avg,Max,Min) (1.01, 1.02, 1.00) (1.00, 0.93, 1.02) #fs:   0  -- #Conts: 16 H(5)  G(3)  A(2)  E(4)  C(2) 
2157248480 50779.71 || noQ Q (Avg,Max,Min) (1.14, 3.00, 1.00) (0.91, 0.15, 1.02) #fs:   0  -- #Conts: 18 H(5)  G(4)  A(2)  E(4)  C(3) 
2157816221 50775.71 || noQ Q (Avg,Max,Min) (1.03, 1.44, 1.00) (0.96, 0.31, 1.02) #fs:   0  -- #Conts: 17 H(5)  G(4)  A(2)  E(4)  C(2) 
2158202326 50773.71 || noQ Q (Avg,Max,Min) (1.05, 1.45, 1.00) (0.92, 0.31, 1.02) #fs:   0  -- #Conts: 18 H(5)  G(4)  A(3)  E(4)  C(2) 
2158214523 50770.65 || noQ Q (Avg,Max,Min) (1.13, 3.00, 1.00) (0.93, 0.15, 1.02) #fs:   0  -- #Conts: 18 H(5)  G(3)  A(2)  E(5)  C(3) 
2158782264 50766.65 || noQ Q (Avg,Max,Min) (1.02, 1.19, 1.00) (0.97, 0.58, 1.02) #fs:   0  -- #Conts: 17 H(5)  G(3)  A(2)  E(5)  C(2) 
2158966603 50763.94 || noQ Q (Avg,Max,Min) (1.01, 1.11, 1.00) (1.00, 0.93, 1.03) #fs:   0  -- #Conts: 17 H(5)  G(3)  A(2)  E(4)  C(3) 
2160431786 50761.94 || noQ Q (Avg,Max,Min) (1.04, 1.45, 1.00) (0.95, 0.32, 1.02) #fs:   0  -- #Conts: 18 H(5)  G(3)  A(3)  E(4)  C(3) 
2170221429 50760.94 || noQ Q (Avg,Max,Min) (1.01, 1.03, 1.00) (1.00, 0.93, 1.02) #fs:   0  -- #Conts: 17 H(5)  G(3)  A(3)  E(4)  C(2) 
2177535092 50719.94 || noQ Q (Avg,Max,Min) (1.12, 3.00, 1.00) (0.95, 0.15, 1.02) #fs:   0  -- #Conts: 18 H(5)  G(5)  A(2)  E(3)  C(3) 
2177591496 50715.94 || noQ Q (Avg,Max,Min) (1.01, 1.06, 1.00) (1.00, 0.93, 1.02) #fs:   0  -- #Conts: 17 H(5)  G(5)  A(2)  E(3)  C(2) 
2177855624 50704.18 || noQ Q (Avg,Max,Min) (1.14, 3.00, 1.00) (0.92, 0.15, 1.02) #fs:   0  -- #Conts: 19 H(5)  G(6)  A(2)  E(3)  C(3) 
2178423365 50700.18 || noQ Q (Avg,Max,Min) (1.03, 1.44, 1.00) (0.96, 0.31, 1.02) #fs:   0  -- #Conts: 18 H(5)  G(6)  A(2)  E(3)  C(2) 
2178821667 50695.12 || noQ Q (Avg,Max,Min) (1.13, 3.00, 1.00) (0.93, 0.15, 1.02) #fs:   0  -- #Conts: 19 H(5)  G(5)  A(2)  E(4)  C(3) 
2179389408 50691.12 || noQ Q (Avg,Max,Min) (1.02, 1.19, 1.00) (0.98, 0.58, 1.02) #fs:   0  -- #Conts: 18 H(5)  G(5)  A(2)  E(4)  C(2) 
2179573747 50688.41 || noQ Q (Avg,Max,Min) (1.02, 1.11, 1.00) (1.00, 0.93, 1.03) #fs:   0  -- #Conts: 18 H(5)  G(5)  A(2)  E(3)  C(3) 
2277235740 48638.71 || noQ Q (Avg,Max,Min) (1.00, 1.03, 0.94) (0.99, 0.93, 1.03) #fs:   1  -- #Conts: 16 H(3)  G(7)  A(2)  E(3)  C(1) 
2277254595 48632.71 || noQ Q (Avg,Max,Min) (1.00, 1.03, 0.94) (1.00, 0.93, 1.03) #fs:   1  -- #Conts: 15 H(3)  G(7)  A(1)  E(3)  C(1) 
2277375683 48197.29 || noQ Q (Avg,Max,Min) (1.01, 1.03, 1.00) (1.00, 0.93, 1.03) #fs:   0  -- #Conts: 16 H(3)  G(7)  A(2)  E(3)  C(1) 
2277482334 48195.29 || noQ Q (Avg,Max,Min) (1.01, 1.03, 1.00) (1.00, 0.93, 1.03) #fs:   0  -- #Conts: 16 H(3)  G(7)  A(2)  E(3)  C(1) 
2277624133 48193.29 || noQ Q (Avg,Max,Min) (1.01, 1.03, 1.00) (1.00, 0.93, 1.03) #fs:   0  -- #Conts: 16 H(3)  G(7)  A(2)  E(3)  C(1) 
2277703623 48191.29 || noQ Q (Avg,Max,Min) (1.01, 1.03, 1.00) (1.00, 0.98, 1.03) #fs:   0  -- #Conts: 15 H(3)  G(7)  A(1)  E(3)  C(1) 
2277927987 48190.29 || noQ Q (Avg,Max,Min) (1.01, 1.03, 1.00) (1.00, 0.93, 1.03) #fs:   0  -- #Conts: 16 H(3)  G(7)  A(2)  E(3)  C(1) 
2278123196 48189.29 || noQ Q (Avg,Max,Min) (1.01, 1.03, 1.00) (1.00, 0.98, 1.03) #fs:   0  -- #Conts: 15 H(3)  G(7)  A(1)  E(3)  C(1) 
2278157565 48188.29 || noQ Q (Avg,Max,Min) (1.01, 1.03, 1.00) (1.00, 0.93, 1.03) #fs:   0  -- #Conts: 16 H(3)  G(7)  A(2)  E(3)  C(1) 
2278262226 48187.29 || noQ Q (Avg,Max,Min) (1.01, 1.03, 1.00) (1.00, 0.93, 1.03) #fs:   0  -- #Conts: 16 H(3)  G(7)  A(2)  E(3)  C(1) 
2278281876 48186.59 || noQ Q (Avg,Max,Min) (1.01, 1.03, 1.00) (1.00, 0.93, 1.03) #fs:   0  -- #Conts: 16 H(3)  G(7)  A(2)  E(3)  C(1) 
2278452228 48185.59 || noQ Q (Avg,Max,Min) (1.01, 1.03, 1.00) (1.00, 0.93, 1.03) #fs:   0  -- #Conts: 16 H(3)  G(7)  A(2)  E(3)  C(1) 
2278491804 48185.29 || noQ Q (Avg,Max,Min) (1.01, 1.03, 1.00) (1.00, 0.93, 1.03) #fs:   0  -- #Conts: 16 H(3)  G(7)  A(2)  E(3)  C(1) 
2278568849 48184.29 || noQ Q (Avg,Max,Min) (1.01, 1.03, 1.00) (1.01, 0.99, 1.03) #fs:   0  -- #Conts: 15 H(3)  G(7)  A(1)  E(3)  C(1) 
2278585730 48183.59 || noQ Q (Avg,Max,Min) (1.01, 1.03, 1.00) (1.00, 0.93, 1.03) #fs:   0  -- #Conts: 16 H(3)  G(7)  A(2)  E(3)  C(1) 
2278730905 48182.59 || noQ Q (Avg,Max,Min) (1.01, 1.03, 1.00) (1.00, 0.93, 1.03) #fs:   0  -- #Conts: 16 H(3)  G(7)  A(2)  E(3)  C(1) 
2278798427 48182.29 || noQ Q (Avg,Max,Min) (1.01, 1.03, 1.00) (1.01, 0.99, 1.03) #fs:   0  -- #Conts: 15 H(3)  G(7)  A(1)  E(3)  C(1) 
2278815308 48181.59 || noQ Q (Avg,Max,Min) (1.01, 1.03, 1.00) (1.00, 0.93, 1.03) #fs:   0  -- #Conts: 16 H(3)  G(7)  A(2)  E(3)  C(1) 
2278903088 48181.29 || noQ Q (Avg,Max,Min) (1.01, 1.03, 1.00) (1.01, 0.99, 1.03) #fs:   0  -- #Conts: 15 H(3)  G(7)  A(1)  E(3)  C(1) 
2278919969 48180.59 || noQ Q (Avg,Max,Min) (1.01, 1.03, 1.00) (1.00, 0.93, 1.03) #fs:   0  -- #Conts: 16 H(3)  G(7)  A(2)  E(3)  C(1) 
2279065144 48179.59 || noQ Q (Avg,Max,Min) (1.01, 1.03, 1.00) (1.00, 0.93, 1.03) #fs:   0  -- #Conts: 16 H(3)  G(7)  A(2)  E(3)  C(1) 
2279132666 48179.29 || noQ Q (Avg,Max,Min) (1.01, 1.03, 1.00) (1.01, 0.99, 1.03) #fs:   0  -- #Conts: 15 H(3)  G(7)  A(1)  E(3)  C(1) 
2279149547 48178.59 || noQ Q (Avg,Max,Min) (1.01, 1.03, 1.00) (1.00, 0.93, 1.03) #fs:   0  -- #Conts: 16 H(3)  G(7)  A(2)  E(3)  C(1) 
2279250831 48177.59 || noQ Q (Avg,Max,Min) (1.01, 1.03, 1.00) (1.01, 0.99, 1.03) #fs:   0  -- #Conts: 15 H(3)  G(7)  A(1)  E(3)  C(1) 
2279396006 48176.59 || noQ Q (Avg,Max,Min) (1.01, 1.03, 1.00) (1.01, 0.99, 1.03) #fs:   0  -- #Conts: 15 H(3)  G(7)  A(1)  E(3)  C(1) 
2279480409 48175.59 || noQ Q (Avg,Max,Min) (1.01, 1.03, 1.00) (1.01, 0.99, 1.03) #fs:   0  -- #Conts: 15 H(3)  G(7)  A(1)  E(3)  C(1) 
2279585070 48174.59 || noQ Q (Avg,Max,Min) (1.01, 1.03, 1.00) (1.01, 1.00, 1.03) #fs:   0  -- #Conts: 15 H(3)  G(7)  A(1)  E(3)  C(1) 
2279730245 48173.59 || noQ Q (Avg,Max,Min) (1.01, 1.03, 1.00) (1.01, 1.00, 1.03) #fs:   0  -- #Conts: 15 H(3)  G(7)  A(1)  E(3)  C(1) 
2279814648 48172.59 || noQ Q (Avg,Max,Min) (1.01, 1.03, 1.00) (1.01, 1.00, 1.03) #fs:   0  -- #Conts: 15 H(3)  G(7)  A(1)  E(3)  C(1) 
2279946318 48171.59 || noQ Q (Avg,Max,Min) (1.01, 1.03, 1.00) (1.01, 1.00, 1.03) #fs:   0  -- #Conts: 15 H(3)  G(7)  A(1)  E(3)  C(1) 
2283595097 48170.59 || noQ Q (Avg,Max,Min) (1.01, 1.11, 1.00) (1.00, 0.93, 1.03) #fs:   0  -- #Conts: 16 H(3)  G(7)  A(1)  E(3)  C(2) 
2297385367 48112.24 || noQ Q (Avg,Max,Min) (1.16, 3.00, 1.00) (0.92, 0.15, 1.03) #fs:   0  -- #Conts: 18 H(3)  G(7)  A(2)  E(4)  C(2) 
2297441771 48108.24 || noQ Q (Avg,Max,Min) (1.05, 1.60, 1.00) (0.96, 0.58, 1.03) #fs:   0  -- #Conts: 17 H(3)  G(7)  A(2)  E(4)  C(1) 
2297705899 48096.47 || noQ Q (Avg,Max,Min) (1.17, 3.00, 1.00) (0.89, 0.15, 1.03) #fs:   0  -- #Conts: 19 H(3)  G(8)  A(2)  E(4)  C(2) 
2298273640 48092.47 || noQ Q (Avg,Max,Min) (1.07, 1.60, 1.00) (0.93, 0.31, 1.03) #fs:   0  -- #Conts: 18 H(3)  G(8)  A(2)  E(4)  C(1) 
2298659745 48090.47 || noQ Q (Avg,Max,Min) (1.09, 1.60, 1.00) (0.90, 0.31, 1.03) #fs:   0  -- #Conts: 19 H(3)  G(8)  A(3)  E(4)  C(1) 
2298671942 48087.41 || noQ Q (Avg,Max,Min) (1.16, 3.00, 1.00) (0.90, 0.15, 1.03) #fs:   0  -- #Conts: 19 H(3)  G(7)  A(2)  E(5)  C(2) 
2298809596 48086.06 || noQ Q (Avg,Max,Min) (1.16, 3.00, 1.00) (0.92, 0.15, 1.04) #fs:   0  -- #Conts: 18 H(3)  G(8)  A(2)  E(3)  C(2) 
2298866000 48082.06 || noQ Q (Avg,Max,Min) (1.05, 1.60, 1.00) (0.97, 0.58, 1.04) #fs:   0  -- #Conts: 17 H(3)  G(8)  A(2)  E(3)  C(1) 
2299112814 48080.06 || noQ Q (Avg,Max,Min) (1.02, 1.14, 1.00) (0.99, 0.81, 1.04) #fs:   0  -- #Conts: 16 H(3)  G(8)  A(1)  E(3)  C(1) 
2299130128 48070.29 || noQ Q (Avg,Max,Min) (1.17, 3.00, 1.00) (0.89, 0.15, 1.04) #fs:   0  -- #Conts: 19 H(3)  G(9)  A(2)  E(3)  C(2) 
2299697869 48066.29 || noQ Q (Avg,Max,Min) (1.07, 1.60, 1.00) (0.93, 0.31, 1.04) #fs:   0  -- #Conts: 18 H(3)  G(9)  A(2)  E(3)  C(1) 
2299944683 48064.29 || noQ Q (Avg,Max,Min) (1.04, 1.44, 1.00) (0.95, 0.31, 1.04) #fs:   0  -- #Conts: 17 H(3)  G(9)  A(1)  E(3)  C(1) 
2300096171 48061.24 || noQ Q (Avg,Max,Min) (1.16, 3.00, 1.00) (0.91, 0.15, 1.04) #fs:   0  -- #Conts: 19 H(3)  G(8)  A(2)  E(4)  C(2) 
2300663912 48057.24 || noQ Q (Avg,Max,Min) (1.06, 1.60, 1.00) (0.95, 0.58, 1.04) #fs:   0  -- #Conts: 18 H(3)  G(8)  A(2)  E(4)  C(1) 
2300848251 48054.53 || noQ Q (Avg,Max,Min) (1.05, 1.60, 1.00) (0.97, 0.58, 1.04) #fs:   0  -- #Conts: 18 H(3)  G(8)  A(2)  E(3)  C(2) 
2301376098 48053.53 || noQ Q (Avg,Max,Min) (1.04, 1.45, 1.00) (0.95, 0.32, 1.04) #fs:   0  -- #Conts: 18 H(3)  G(8)  A(3)  E(3)  C(1) 
2302174143 48052.53 || noQ Q (Avg,Max,Min) (1.02, 1.14, 1.00) (0.99, 0.81, 1.04) #fs:   0  -- #Conts: 17 H(3)  G(8)  A(1)  E(3)  C(2) 
2302313434 48050.82 || noQ Q (Avg,Max,Min) (1.04, 1.45, 1.00) (0.97, 0.32, 1.04) #fs:   0  -- #Conts: 18 H(3)  G(8)  A(3)  E(2)  C(2) 
2312103077 48049.82 || noQ Q (Avg,Max,Min) (1.01, 1.04, 1.00) (1.01, 1.00, 1.04) #fs:   0  -- #Conts: 17 H(3)  G(8)  A(3)  E(2)  C(1) 
2560136347 47521.47 || noQ Q (Avg,Max,Min) (1.01, 1.06, 1.00) (1.00, 0.95, 1.04) #fs:   0  -- #Conts: 18 H(2)  G(9)  A(3)  E(3)  C(1) 
2560905907 47517.47 || noQ Q (Avg,Max,Min) (1.01, 1.06, 1.00) (1.00, 0.95, 1.04) #fs:   0  -- #Conts: 17 H(2)  G(9)  A(2)  E(3)  C(1) 
2561077333 47512.47 || noQ Q (Avg,Max,Min) (1.03, 1.27, 1.00) (0.99, 0.72, 1.04) #fs:   0  -- #Conts: 18 H(2)  G(10)  A(2)  E(3)  C(1) 
2562043376 47510.12 || noQ Q (Avg,Max,Min) (1.03, 1.19, 1.00) (0.97, 0.58, 1.04) #fs:   0  -- #Conts: 19 H(2)  G(9)  A(2)  E(5)  C(1) 
2563306793 47507.41 || noQ Q (Avg,Max,Min) (1.02, 1.14, 1.00) (0.99, 0.81, 1.04) #fs:   0  -- #Conts: 19 H(2)  G(9)  A(2)  E(4)  C(2) 
2565377302 47506.12 || noQ Q (Avg,Max,Min) (1.04, 1.27, 1.00) (0.99, 0.84, 1.04) #fs:   0  -- #Conts: 19 H(2)  G(9)  A(1)  E(5)  C(2) 
2572151083 47077.53 || noQ Q (Avg,Max,Min) (1.05, 1.60, 1.00) (0.96, 0.58, 1.06) #fs:   1  -- #Conts: 17 H(3)  G(9)  A(2)  E(2)  C(1) 
2572382326 47067.76 || noQ Q (Avg,Max,Min) (1.02, 1.11, 1.00) (1.01, 0.97, 1.06) #fs:   0  -- #Conts: 16 H(3)  G(8)  A(2)  E(2)  C(1) 
2572831354 47064.76 || noQ Q (Avg,Max,Min) (1.05, 1.45, 1.00) (0.97, 0.32, 1.06) #fs:   0  -- #Conts: 16 H(3)  G(8)  A(2)  E(2)  C(1) 
2573021349 47063.76 || noQ Q (Avg,Max,Min) (1.02, 1.14, 1.00) (1.01, 0.97, 1.06) #fs:   0  -- #Conts: 15 H(3)  G(8)  A(1)  E(2)  C(1) 
2573095598 47062.76 || noQ Q (Avg,Max,Min) (1.00, 1.09, 0.71) (0.97, 0.45, 1.06) #fs:   1  -- #Conts: 16 H(3)  G(8)  A(2)  E(2)  C(1) 
2573197496 47061.76 || noQ Q (Avg,Max,Min) (1.05, 1.60, 1.00) (0.98, 0.58, 1.06) #fs:   0  -- #Conts: 16 H(3)  G(8)  A(2)  E(2)  C(1) 
2573325203 47060.76 || noQ Q (Avg,Max,Min) (1.02, 1.13, 1.00) (1.01, 0.99, 1.07) #fs:   0  -- #Conts: 15 H(3)  G(8)  A(1)  E(2)  C(1) 
2573429837 47059.76 || noQ Q (Avg,Max,Min) (0.99, 1.09, 0.66) (0.98, 0.45, 1.06) #fs:   1  -- #Conts: 16 H(3)  G(8)  A(2)  E(2)  C(1) 
2573454438 47058.76 || noQ Q (Avg,Max,Min) (1.05, 1.60, 1.00) (0.99, 0.58, 1.06) #fs:   0  -- #Conts: 16 H(3)  G(8)  A(2)  E(2)  C(1) 
2573659442 47057.76 || noQ Q (Avg,Max,Min) (1.02, 1.13, 1.00) (1.01, 1.00, 1.10) #fs:   0  -- #Conts: 15 H(3)  G(8)  A(1)  E(2)  C(1) 
2573742916 47056.76 || noQ Q (Avg,Max,Min) (1.04, 1.45, 1.00) (0.97, 0.32, 1.10) #fs:   0  -- #Conts: 16 H(3)  G(8)  A(2)  E(2)  C(1) 
2573932911 47055.76 || noQ Q (Avg,Max,Min) (1.02, 1.13, 1.00) (1.02, 0.98, 1.12) #fs:   0  -- #Conts: 15 H(3)  G(8)  A(1)  E(2)  C(1) 
2574020690 47054.76 || noQ Q (Avg,Max,Min) (1.02, 1.13, 1.00) (1.02, 1.00, 1.12) #fs:   0  -- #Conts: 15 H(3)  G(8)  A(1)  E(2)  C(1) 
2574077155 47053.76 || noQ Q (Avg,Max,Min) (1.04, 1.45, 1.00) (0.97, 0.32, 1.13) #fs:   0  -- #Conts: 16 H(3)  G(8)  A(2)  E(2)  C(1) 
2580959178 47039.24 || noQ Q (Avg,Max,Min) (1.01, 1.06, 1.00) (1.01, 0.97, 1.06) #fs:   0  -- #Conts: 16 H(2)  G(9)  A(2)  E(2)  C(1) 
2581252309 47038.24 || noQ Q (Avg,Max,Min) (1.04, 1.48, 1.00) (0.98, 0.66, 1.06) #fs:   0  -- #Conts: 17 H(2)  G(9)  A(2)  E(2)  C(2) 
2599161814 47037.94 || noQ Q (Avg,Max,Min) (1.05, 1.51, 1.00) (0.96, 0.34, 1.06) #fs:   0  -- #Conts: 19 H(2)  G(9)  A(4)  E(3)  C(1) 
2603635156 47037.24 || noQ Q (Avg,Max,Min) (1.04, 1.51, 1.00) (0.96, 0.34, 1.06) #fs:   0  -- #Conts: 19 H(2)  G(9)  A(4)  E(2)  C(2) 
2612147798 46498.71 || noQ Q (Avg,Max,Min) (1.05, 1.52, 1.00) (0.95, 0.28, 1.06) #fs:   0  -- #Conts: 17 H(2)  G(8)  A(1)  E(5)  C(1) 
2612389604 46482.94 || noQ Q (Avg,Max,Min) (1.05, 1.61, 1.00) (0.97, 0.50, 1.06) #fs:   0  -- #Conts: 17 H(2)  G(8)  A(1)  E(5)  C(1) 
2613184910 46467.18 || noQ Q (Avg,Max,Min) (1.04, 1.36, 1.00) (0.98, 0.72, 1.06) #fs:   0  -- #Conts: 17 H(1)  G(9)  A(1)  E(5)  C(1) 
2613625178 46464.82 || noQ Q (Avg,Max,Min) (1.02, 1.14, 0.97) (0.99, 0.84, 1.06) #fs:   1  -- #Conts: 16 H(1)  G(8)  A(1)  E(5)  C(1) 
2614666597 46462.82 || noQ Q (Avg,Max,Min) (1.03, 1.19, 1.00) (0.97, 0.58, 1.06) #fs:   0  -- #Conts: 17 H(1)  G(8)  A(1)  E(6)  C(1) 
2614888595 46462.12 || noQ Q (Avg,Max,Min) (1.02, 1.14, 1.00) (0.99, 0.84, 1.06) #fs:   0  -- #Conts: 17 H(1)  G(8)  A(1)  E(5)  C(2) 
2615405597 46460.12 || noQ Q (Avg,Max,Min) (1.02, 1.14, 1.00) (0.99, 0.84, 1.06) #fs:   0  -- #Conts: 17 H(1)  G(8)  A(1)  E(5)  C(2) 
2630975475 46459.41 || noQ Q (Avg,Max,Min) (1.02, 1.14, 1.00) (0.99, 0.84, 1.06) #fs:   0  -- #Conts: 18 H(1)  G(8)  A(3)  E(5)  C(1) 
2632230568 46458.71 || noQ Q (Avg,Max,Min) (1.01, 1.06, 1.00) (1.00, 0.93, 1.06) #fs:   0  -- #Conts: 18 H(1)  G(8)  A(4)  E(4)  C(1) 
2635353972 46440.29 || noQ Q (Avg,Max,Min) (1.09, 1.56, 1.00) (0.89, 0.28, 1.01) #fs:   1  -- #Conts: 13 H(2)  G(7)  A(1)  E(2)  C(1) 
2635453181 46408.76 || noQ Q (Avg,Max,Min) (1.05, 1.56, 1.00) (0.94, 0.30, 1.01) #fs:   0  -- #Conts: 12 H(1)  G(7)  A(1)  E(2)  C(1) 
2636432016 46377.24 || noQ Q (Avg,Max,Min) (1.00, 1.01, 1.00) (1.00, 0.99, 1.01) #fs:   0  -- #Conts: 11 G(7)  A(1)  E(2)  C(1) 
2636484140 46366.24 || noQ Q (Avg,Max,Min) (1.07, 1.56, 1.00) (0.94, 0.30, 1.01) #fs:   0  -- #Conts: 15 H(1)  G(10)  A(1)  E(2)  C(1) 
2636607158 46363.88 || noQ Q (Avg,Max,Min) (1.06, 1.56, 1.00) (0.92, 0.30, 1.01) #fs:   0  -- #Conts: 16 H(1)  G(9)  A(1)  E(4)  C(1) 
2636767807 46345.41 || noQ Q (Avg,Max,Min) (1.02, 1.14, 1.00) (0.99, 0.81, 1.01) #fs:   1  -- #Conts: 15 G(9)  A(1)  E(3)  C(2) 
2638438187 46336.35 || noQ Q (Avg,Max,Min) (1.03, 1.14, 1.00) (0.98, 0.81, 1.01) #fs:   0  -- #Conts: 16 G(9)  A(1)  E(4)  C(2) 
2653736377 46335.65 || noQ Q (Avg,Max,Min) (1.02, 1.14, 1.00) (0.98, 0.84, 1.01) #fs:   0  -- #Conts: 16 G(9)  A(3)  E(3)  C(1) 
2656002158 46334.94 || noQ Q (Avg,Max,Min) (1.01, 1.06, 1.00) (0.99, 0.93, 1.01) #fs:   0  -- #Conts: 16 G(9)  A(4)  E(2)  C(1) 
2657872521 46332.53 || noQ Q (Avg,Max,Min) (1.01, 1.02, 1.00) (1.00, 0.94, 1.01) #fs:   0  -- #Conts: 14 G(8)  A(2)  E(3)  C(1) 
2675590942 46331.82 || noQ Q (Avg,Max,Min) (1.01, 1.02, 1.00) (1.00, 0.94, 1.01) #fs:   0  -- #Conts: 15 G(8)  A(3)  E(3)  C(1) 
2920900186 20106.94 || noQ Q (Avg,Max,Min) (1.01, 1.04, 1.00) (1.00, 0.91, 1.04) #fs:   0  -- #Conts: 19 H(3)  A(7)  G(3)  E(4)  C(2) 
2921006837 20104.94 || noQ Q (Avg,Max,Min) (1.01, 1.04, 1.00) (1.00, 0.91, 1.04) #fs:   0  -- #Conts: 19 H(3)  A(7)  G(3)  E(4)  C(2) 
2921228126 20100.94 || noQ Q (Avg,Max,Min) (1.01, 1.04, 1.00) (1.00, 0.91, 1.04) #fs:   0  -- #Conts: 19 H(3)  A(7)  G(3)  E(4)  C(2) 
2921647699 20098.94 || noQ Q (Avg,Max,Min) (1.01, 1.04, 1.00) (1.00, 0.91, 1.04) #fs:   0  -- #Conts: 19 H(3)  A(7)  G(3)  E(4)  C(2) 
2921910108 20094.94 || noQ Q (Avg,Max,Min) (1.01, 1.04, 1.00) (1.00, 0.91, 1.04) #fs:   0  -- #Conts: 18 H(3)  A(6)  G(3)  E(4)  C(2) 
2922307497 20093.94 || noQ Q (Avg,Max,Min) (1.03, 1.45, 1.00) (0.96, 0.32, 1.04) #fs:   0  -- #Conts: 19 H(3)  A(7)  G(3)  E(4)  C(2) 
2922329681 20092.94 || noQ Q (Avg,Max,Min) (1.01, 1.04, 1.00) (1.00, 0.91, 1.04) #fs:   0  -- #Conts: 18 H(3)  A(6)  G(3)  E(4)  C(2) 
2922577589 20091.94 || noQ Q (Avg,Max,Min) (1.03, 1.45, 1.00) (0.96, 0.32, 1.04) #fs:   0  -- #Conts: 19 H(3)  A(7)  G(3)  E(4)  C(2) 
2922616654 20090.94 || noQ Q (Avg,Max,Min) (1.01, 1.04, 1.00) (1.00, 0.91, 1.04) #fs:   0  -- #Conts: 18 H(3)  A(6)  G(3)  E(4)  C(2) 
2922721315 20089.94 || noQ Q (Avg,Max,Min) (1.01, 1.04, 1.00) (1.00, 0.91, 1.04) #fs:   0  -- #Conts: 18 H(3)  A(6)  G(3)  E(4)  C(2) 
2922900251 20088.94 || noQ Q (Avg,Max,Min) (1.01, 1.04, 1.00) (1.00, 0.91, 1.04) #fs:   0  -- #Conts: 19 H(3)  A(7)  G(3)  E(4)  C(2) 
2922950893 20087.94 || noQ Q (Avg,Max,Min) (1.01, 1.04, 1.00) (1.00, 0.91, 1.04) #fs:   0  -- #Conts: 18 H(3)  A(6)  G(3)  E(4)  C(2) 
2923082563 20086.94 || noQ Q (Avg,Max,Min) (1.01, 1.04, 1.00) (1.00, 0.91, 1.04) #fs:   0  -- #Conts: 18 H(3)  A(6)  G(3)  E(4)  C(2) 
2923234490 20085.94 || noQ Q (Avg,Max,Min) (1.01, 1.04, 1.00) (1.00, 0.91, 1.04) #fs:   0  -- #Conts: 19 H(3)  A(7)  G(3)  E(4)  C(2) 
2923312141 20084.94 || noQ Q (Avg,Max,Min) (1.01, 1.04, 1.00) (1.00, 0.91, 1.04) #fs:   0  -- #Conts: 18 H(3)  A(6)  G(3)  E(4)  C(2) 
2923453940 20083.94 || noQ Q (Avg,Max,Min) (1.01, 1.04, 1.00) (1.00, 0.91, 1.04) #fs:   0  -- #Conts: 18 H(3)  A(6)  G(3)  E(4)  C(2) 
2927092590 20082.94 || noQ Q (Avg,Max,Min) (1.01, 1.11, 1.00) (1.00, 0.91, 1.04) #fs:   0  -- #Conts: 19 H(3)  A(6)  G(3)  E(4)  C(3) 
2927207379 20081.94 || noQ Q (Avg,Max,Min) (1.01, 1.11, 1.00) (1.00, 0.91, 1.04) #fs:   0  -- #Conts: 19 H(3)  A(6)  G(3)  E(4)  C(3) 
3140087589 19527.65 || noQ Q (Avg,Max,Min) (1.04, 1.56, 1.00) (0.96, 0.30, 1.03) #fs:   0  -- #Conts: 19 H(3)  A(7)  G(3)  E(4)  C(2) 
3140536617 19511.88 || noQ Q (Avg,Max,Min) (1.04, 1.64, 1.00) (0.97, 0.51, 1.03) #fs:   0  -- #Conts: 19 H(3)  A(7)  G(3)  E(4)  C(2) 
3140542045 19500.12 || noQ Q (Avg,Max,Min) (1.01, 1.03, 1.00) (0.99, 0.91, 1.03) #fs:   0  -- #Conts: 18 H(2)  A(7)  G(3)  E(4)  C(2) 
3141311605 19496.12 || noQ Q (Avg,Max,Min) (1.01, 1.03, 1.00) (0.99, 0.91, 1.03) #fs:   0  -- #Conts: 18 H(2)  A(7)  G(3)  E(4)  C(2) 
3141681920 19494.12 || noQ Q (Avg,Max,Min) (1.01, 1.03, 1.00) (0.99, 0.91, 1.03) #fs:   0  -- #Conts: 18 H(2)  A(7)  G(3)  E(4)  C(2) 
3142041636 19493.76 || noQ Q (Avg,Max,Min) (1.02, 1.19, 1.00) (0.97, 0.58, 1.03) #fs:   0  -- #Conts: 20 H(2)  A(7)  G(3)  E(6)  C(2) 
3142451480 19490.12 || noQ Q (Avg,Max,Min) (1.01, 1.03, 1.00) (1.00, 0.91, 1.03) #fs:   0  -- #Conts: 17 H(2)  A(6)  G(3)  E(4)  C(2) 
3184803306 18985.65 || noQ Q (Avg,Max,Min) (1.04, 1.52, 1.00) (0.95, 0.28, 1.02) #fs:   0  -- #Conts: 19 H(2)  A(7)  G(4)  E(4)  C(2) 
3184894412 18960.12 || noQ Q (Avg,Max,Min) (1.01, 1.06, 1.00) (0.99, 0.91, 1.02) #fs:   0  -- #Conts: 18 H(1)  A(7)  G(4)  E(4)  C(2) 
3185663972 18956.12 || noQ Q (Avg,Max,Min) (1.01, 1.06, 1.00) (0.99, 0.91, 1.02) #fs:   0  -- #Conts: 18 H(1)  A(7)  G(4)  E(4)  C(2) 
3185696281 18954.12 || noQ Q (Avg,Max,Min) (1.03, 1.36, 1.00) (0.98, 0.72, 1.02) #fs:   0  -- #Conts: 19 H(1)  A(7)  G(5)  E(4)  C(2) 
3186357627 18951.76 || noQ Q (Avg,Max,Min) (1.03, 1.19, 1.00) (0.96, 0.58, 1.02) #fs:   0  -- #Conts: 20 H(1)  A(7)  G(4)  E(6)  C(2) 
3187322105 18950.47 || noQ Q (Avg,Max,Min) (1.03, 1.19, 1.00) (0.95, 0.58, 1.02) #fs:   0  -- #Conts: 20 H(1)  A(6)  G(4)  E(7)  C(2) 
3187544103 18949.06 || noQ Q (Avg,Max,Min) (1.02, 1.14, 1.00) (0.98, 0.81, 1.02) #fs:   0  -- #Conts: 20 H(1)  A(7)  G(4)  E(5)  C(3) 
3188061105 18947.76 || noQ Q (Avg,Max,Min) (1.03, 1.14, 1.00) (0.97, 0.81, 1.02) #fs:   0  -- #Conts: 20 H(1)  A(6)  G(4)  E(6)  C(3) 
3203486846 18947.06 || noQ Q (Avg,Max,Min) (1.02, 1.14, 1.00) (0.98, 0.84, 1.02) #fs:   0  -- #Conts: 20 H(1)  A(8)  G(4)  E(5)  C(2) 
3204886076 18946.35 || noQ Q (Avg,Max,Min) (1.01, 1.06, 1.00) (0.98, 0.91, 1.02) #fs:   0  -- #Conts: 20 H(1)  A(9)  G(4)  E(4)  C(2) 
3255096189 18388.47 || noQ Q (Avg,Max,Min) (1.05, 1.75, 1.00) (0.94, 0.22, 1.01) #fs:   0  -- #Conts: 18 H(1)  A(7)  G(3)  E(5)  C(2) 
3255254602 18356.24 || noQ Q (Avg,Max,Min) (1.01, 1.14, 1.00) (0.98, 0.84, 1.01) #fs:   0  -- #Conts: 18 A(8)  G(3)  E(5)  C(2) 
3275755071 18355.53 || noQ Q (Avg,Max,Min) (1.00, 1.02, 0.98) (0.99, 0.91, 1.01) #fs:   1  -- #Conts: 18 A(9)  G(3)  E(4)  C(2) 
3620404679 18250.18 || noQ Q (Avg,Max,Min) (1.04, 1.75, 1.00) (0.96, 0.22, 1.02) #fs:   0  -- #Conts: 20 H(1)  A(8)  G(3)  E(6)  C(2) 
3620690978 18234.41 || noQ Q (Avg,Max,Min) (1.01, 1.02, 1.00) (1.00, 0.93, 1.02) #fs:   0  -- #Conts: 19 A(8)  G(3)  E(6)  C(2) 
3621691254 18225.35 || noQ Q (Avg,Max,Min) (1.02, 1.19, 1.00) (0.97, 0.58, 1.02) #fs:   0  -- #Conts: 20 A(8)  G(3)  E(7)  C(2) 
3622954671 18222.65 || noQ Q (Avg,Max,Min) (1.01, 1.11, 1.00) (0.99, 0.93, 1.02) #fs:   0  -- #Conts: 20 A(8)  G(3)  E(6)  C(3) 
3983976213 18222.35 || noQ Q (Avg,Max,Min) (1.04, 1.51, 1.00) (0.95, 0.34, 1.01) #fs:   0  -- #Conts: 21 A(10)  G(3)  E(6)  C(2) 
3993877882 18221.35 || noQ Q (Avg,Max,Min) (1.01, 1.14, 1.00) (0.99, 0.84, 1.03) #fs:   0  -- #Conts: 20 A(9)  G(3)  E(6)  C(2) 
4000955876 18220.65 || noQ Q (Avg,Max,Min) (1.01, 1.03, 1.00) (0.99, 0.91, 1.01) #fs:   0  -- #Conts: 20 A(10)  G(3)  E(5)  C(2) 
4159728611 18135.88 || noQ Q (Avg,Max,Min) (1.07, 1.75, 1.00) (0.92, 0.22, 1.04) #fs:   0  -- #Conts: 20 H(2)  A(8)  G(3)  E(5)  C(2) 
4160045392 18104.35 || noQ Q (Avg,Max,Min) (1.04, 1.64, 1.00) (0.97, 0.51, 1.04) #fs:   0  -- #Conts: 19 H(1)  A(8)  G(3)  E(5)  C(2) 
4160503849 18095.29 || noQ Q (Avg,Max,Min) (1.02, 1.33, 1.00) (0.96, 0.43, 1.04) #fs:   0  -- #Conts: 19 A(8)  G(4)  E(5)  C(2) 
4160852748 18088.59 || noQ Q (Avg,Max,Min) (1.03, 1.37, 1.00) (0.98, 0.74, 1.04) #fs:   0  -- #Conts: 19 A(8)  G(4)  E(5)  C(2) 
4161929125 18086.24 || noQ Q (Avg,Max,Min) (1.02, 1.19, 1.00) (0.97, 0.58, 1.04) #fs:   0  -- #Conts: 19 A(8)  G(3)  E(6)  C(2) 
4161992623 18082.59 || noQ Q (Avg,Max,Min) (1.03, 1.35, 1.00) (1.01, 0.91, 1.15) #fs:   0  -- #Conts: 18 A(7)  G(4)  E(5)  C(2) 
4262358470 17963.94 || noQ Q (Avg,Max,Min) (1.05, 1.75, 1.00) (0.95, 0.22, 1.04) #fs:   0  -- #Conts: 19 H(1)  A(7)  G(3)  E(6)  C(2) 
4262679002 17941.47 || noQ Q (Avg,Max,Min) (1.00, 1.04, 0.86) (0.98, 0.72, 1.04) #fs:   1  -- #Conts: 18 A(7)  G(4)  E(5)  C(2) 
4263610812 17939.12 || noQ Q (Avg,Max,Min) (1.01, 1.14, 1.00) (0.99, 0.81, 1.04) #fs:   0  -- #Conts: 18 A(7)  G(3)  E(6)  C(2) 
4264452649 17937.12 || noQ Q (Avg,Max,Min) (1.01, 1.14, 1.00) (0.99, 0.81, 1.04) #fs:   0  -- #Conts: 18 A(7)  G(3)  E(6)  C(2) 
4264753658 17936.12 || noQ Q (Avg,Max,Min) (1.01, 1.14, 1.00) (0.99, 0.81, 1.04) #fs:   1  -- #Conts: 18 A(7)  G(3)  E(6)  C(2) 
4266227403 17934.41 || noQ Q (Avg,Max,Min) (1.02, 1.14, 1.00) (0.98, 0.81, 1.04) #fs:   0  -- #Conts: 19 A(7)  G(3)  E(6)  C(3) 
4266528412 17933.41 || noQ Q (Avg,Max,Min) (1.02, 1.14, 1.00) (0.98, 0.81, 1.04) #fs:   1  -- #Conts: 19 A(7)  G(3)  E(6)  C(3) 
4279378985 17932.71 || noQ Q (Avg,Max,Min) (1.01, 1.04, 1.00) (0.99, 0.91, 1.04) #fs:   1  -- #Conts: 19 A(9)  G(3)  E(5)  C(2) 
4283852327 17932.00 || noQ Q (Avg,Max,Min) (1.01, 1.11, 1.00) (0.99, 0.91, 1.04) #fs:   0  -- #Conts: 20 A(9)  G(3)  E(5)  C(3) 
4476311831 15135.24 || noQ Q (Avg,Max,Min) (1.02, 1.22, 1.00) (0.98, 0.51, 1.04) #fs:   1  -- #Conts: 18 H(1)  A(9)  G(3)  E(3)  C(2) 
4476740366 15119.47 || noQ Q (Avg,Max,Min) (1.03, 1.37, 1.00) (0.99, 0.74, 1.04) #fs:   0  -- #Conts: 18 A(9)  G(4)  E(3)  C(2) 
4477598406 15117.12 || noQ Q (Avg,Max,Min) (1.03, 1.19, 1.00) (0.97, 0.58, 1.04) #fs:   0  -- #Conts: 19 A(9)  G(3)  E(5)  C(2) 
4477880241 15114.47 || noQ Q (Avg,Max,Min) (1.06, 1.60, 1.00) (0.99, 0.58, 1.15) #fs:   0  -- #Conts: 18 A(9)  G(4)  E(3)  C(2) 
4478861823 15114.41 || noQ Q (Avg,Max,Min) (1.02, 1.14, 1.00) (0.99, 0.84, 1.04) #fs:   0  -- #Conts: 19 A(9)  G(3)  E(4)  C(3) 
4500361823 15113.71 || noQ Q (Avg,Max,Min) (1.01, 1.11, 1.00) (0.99, 0.93, 1.04) #fs:   0  -- #Conts: 18 A(9)  G(3)  E(3)  C(3) 
4588845360 12615.29 || noQ Q (Avg,Max,Min) (1.04, 1.52, 1.00) (0.96, 0.28, 1.04) #fs:   0  -- #Conts: 17 H(1)  A(8)  G(3)  E(3)  C(2) 
4589294388 12611.29 || noQ Q (Avg,Max,Min) (1.04, 1.61, 1.00) (0.98, 0.50, 1.04) #fs:   0  -- #Conts: 17 H(1)  A(8)  G(3)  E(3)  C(2) 
4589320134 12599.53 || noQ Q (Avg,Max,Min) (1.03, 1.31, 1.00) (0.97, 0.41, 1.04) #fs:   0  -- #Conts: 17 A(8)  G(4)  E(3)  C(2) 
4590089694 12595.53 || noQ Q (Avg,Max,Min) (1.03, 1.36, 1.00) (0.99, 0.72, 1.04) #fs:   0  -- #Conts: 17 A(8)  G(4)  E(3)  C(2) 
4590751040 12590.47 || noQ Q (Avg,Max,Min) (1.02, 1.14, 1.00) (1.00, 0.81, 1.04) #fs:   0  -- #Conts: 17 A(8)  G(3)  E(4)  C(2) 
4600729013 9840.65 || noQ Q (Avg,Max,Min) (1.05, 1.44, 1.00) (0.94, 0.31, 1.04) #fs:   0  -- #Conts: 20 A(9)  G(5)  E(4)  C(2) 
4601498573 9824.88 || noQ Q (Avg,Max,Min) (1.03, 1.34, 1.00) (0.99, 0.81, 1.04) #fs:   0  -- #Conts: 19 A(9)  G(4)  E(4)  C(2) 
4602254344 9822.53 || noQ Q (Avg,Max,Min) (1.03, 1.19, 1.00) (0.97, 0.58, 1.04) #fs:   0  -- #Conts: 20 A(9)  G(3)  E(6)  C(2) 
4602638448 9818.18 || noQ Q (Avg,Max,Min) (1.03, 1.33, 1.00) (1.02, 1.00, 1.22) #fs:   0  -- #Conts: 18 A(9)  G(4)  E(3)  C(2) 
4619127368 9818.12 || noQ Q (Avg,Max,Min) (1.01, 1.14, 1.00) (1.00, 0.92, 1.04) #fs:   1  -- #Conts: 18 A(9)  G(3)  E(4)  C(2) 
4629672510 9817.12 || noQ Q (Avg,Max,Min) (1.02, 1.14, 1.00) (1.00, 0.84, 1.04) #fs:   0  -- #Conts: 18 A(9)  G(3)  E(4)  C(2) 
4630048075 9816.41 || noQ Q (Avg,Max,Min) (1.01, 1.04, 1.00) (1.00, 0.93, 1.04) #fs:   0  -- #Conts: 18 A(10)  G(3)  E(3)  C(2) 
6446900295 8417.18 || noQ Q (Avg,Max,Min) (1.06, 1.59, 1.00) (0.93, 0.41, 1.02) #fs:   3  -- #Conts: 18 H(1)  A(7)  G(2)  E(6)  C(2) 
6447460332 8401.41 || noQ Q (Avg,Max,Min) (1.04, 1.36, 1.00) (0.95, 0.43, 1.02) #fs:   3  -- #Conts: 18 A(7)  G(3)  E(6)  C(2) 
6448186870 8392.35 || noQ Q (Avg,Max,Min) (1.04, 1.32, 1.00) (0.96, 0.58, 1.02) #fs:   3  -- #Conts: 18 A(7)  G(2)  E(7)  C(2) 
6448375276 8390.00 || noQ Q (Avg,Max,Min) (1.03, 1.19, 1.00) (0.95, 0.58, 1.02) #fs:   3  -- #Conts: 19 A(7)  G(1)  E(9)  C(2) 
6448817488 8385.65 || noQ Q (Avg,Max,Min) (1.03, 1.35, 1.00) (1.00, 0.91, 1.15) #fs:   3  -- #Conts: 17 A(7)  G(2)  E(6)  C(2) 
6465218588 8385.59 || noQ Q (Avg,Max,Min) (1.02, 1.14, 1.00) (0.98, 0.84, 1.02) #fs:   3  -- #Conts: 17 A(7)  G(1)  E(7)  C(2) 
6471272741 8384.88 || noQ Q (Avg,Max,Min) (1.01, 1.11, 1.00) (0.99, 0.91, 1.01) #fs:   3  -- #Conts: 18 A(8)  G(1)  E(6)  C(3) 
/////////////////size: 292
nodes 97 edges 109
 mulT: 10000 mulD: 20000  sumData GB 44150
pareto /SIPHT.n.100.0.dax time -> 6371.0
moheft /SIPHT.n.100.0.dax time -> 8964.0
distance from M to C 0.0
distance from P to C 1197.2873182437386
distance from C to M 0.0
distance from C to P 552.3182815110619
toCompare: /SIPHT.n.100.0.dax sumDataGB: 44150 mulT: 10000 mulD: 20000 paretoOptTime_MS: 6371.0 MoheftOptimizationTime_MS: 8964.0 MtoC 0.0 PtoC 1197.2873182437386 CtoM 0.0 CtoP 552.3182815110619
