specify -Dflow d,b,mt,md,size
Running /home/vaggelis/jc/CYBERSHAKE.n.100.0.dax mt 30 md: 1 size null
    242970 693.65 || noQ Q (Avg,Max,Min) (1.01, 1.12, 0.77) (0.03, 0.02, 0.07) #fs:  23  -- #Conts: 22 H(22) 
    251215 662.12 || noQ Q (Avg,Max,Min) (1.00, 1.12, 0.77) (0.03, 0.02, 0.07) #fs:  22  -- #Conts: 21 H(21) 
    252855 630.59 || noQ Q (Avg,Max,Min) (1.00, 1.12, 0.74) (0.03, 0.02, 0.07) #fs:  21  -- #Conts: 20 H(20) 
    255358 599.06 || noQ Q (Avg,Max,Min) (1.01, 1.11, 0.78) (0.04, 0.02, 0.07) #fs:  21  -- #Conts: 19 H(19) 
    261932 567.53 || noQ Q (Avg,Max,Min) (1.00, 1.11, 0.82) (0.04, 0.02, 0.07) #fs:  20  -- #Conts: 18 H(18) 
    266591 536.00 || noQ Q (Avg,Max,Min) (1.00, 1.11, 0.83) (0.04, 0.02, 0.07) #fs:  19  -- #Conts: 17 H(17) 
    268008 504.47 || noQ Q (Avg,Max,Min) (1.00, 1.15, 0.84) (0.04, 0.02, 0.07) #fs:  19  -- #Conts: 16 H(16) 
    277923 472.94 || noQ Q (Avg,Max,Min) (1.01, 1.16, 0.80) (0.05, 0.02, 0.07) #fs:  17  -- #Conts: 15 H(15) 
    284994 441.41 || noQ Q (Avg,Max,Min) (1.01, 1.15, 0.87) (0.05, 0.04, 0.07) #fs:  15  -- #Conts: 14 H(14) 
    306730 378.35 || noQ Q (Avg,Max,Min) (1.03, 1.16, 0.90) (0.06, 0.04, 0.09) #fs:  11  -- #Conts: 12 H(12) 
    318527 346.82 || noQ Q (Avg,Max,Min) (1.03, 1.16, 0.87) (0.06, 0.05, 0.09) #fs:  10  -- #Conts: 11 H(11) 
    341264 299.53 || noQ Q (Avg,Max,Min) (1.06, 1.14, 0.92) (0.07, 0.05, 0.10) #fs:   5  -- #Conts: 10 H(9)  G(1) 
    355855 283.76 || noQ Q (Avg,Max,Min) (1.05, 1.15, 0.92) (0.08, 0.06, 0.10) #fs:   8  -- #Conts: 9 H(9) 
    381151 252.24 || noQ Q (Avg,Max,Min) (1.06, 1.16, 0.95) (0.09, 0.07, 0.11) #fs:   6  -- #Conts: 8 H(8) 
    427320 220.71 || noQ Q (Avg,Max,Min) (1.06, 1.14, 0.98) (0.10, 0.08, 0.12) #fs:   6  -- #Conts: 7 H(7) 
    467312 189.18 || noQ Q (Avg,Max,Min) (1.07, 1.14, 1.03) (0.11, 0.10, 0.13) #fs:   5  -- #Conts: 6 H(6) 
    530598 157.65 || noQ Q (Avg,Max,Min) (1.08, 1.13, 1.04) (0.14, 0.12, 0.16) #fs:   3  -- #Conts: 5 H(5) 
    599569 141.88 || noQ Q (Avg,Max,Min) (1.01, 1.09, 0.85) (0.13, 0.10, 0.16) #fs:   8  -- #Conts: 9 G(9) 
    626462 126.12 || noQ Q (Avg,Max,Min) (1.07, 1.14, 1.00) (0.17, 0.16, 0.18) #fs:   3  -- #Conts: 4 H(4) 
    722260 110.35 || noQ Q (Avg,Max,Min) (1.03, 1.08, 0.96) (0.16, 0.15, 0.19) #fs:   5  -- #Conts: 7 G(7) 
    786523 094.59 || noQ Q (Avg,Max,Min) (1.03, 1.08, 0.93) (0.19, 0.17, 0.23) #fs:   5  -- #Conts: 6 G(6) 
    910253 078.82 || noQ Q (Avg,Max,Min) (1.04, 1.08, 1.01) (0.23, 0.20, 0.26) #fs:   3  -- #Conts: 5 G(5) 
   1073650 063.06 || noQ Q (Avg,Max,Min) (1.04, 1.08, 0.97) (0.28, 0.27, 0.30) #fs:   3  -- #Conts: 4 G(4) 
   1350503 060.35 || noQ Q (Avg,Max,Min) (0.98, 1.04, 0.88) (0.28, 0.23, 0.36) #fs:   6  -- #Conts: 9 E(9) 
   1375327 047.29 || noQ Q (Avg,Max,Min) (1.03, 1.08, 0.98) (0.38, 0.36, 0.39) #fs:   2  -- #Conts: 3 G(3) 
   1633277 046.94 || noQ Q (Avg,Max,Min) (0.99, 1.04, 0.91) (0.36, 0.32, 0.44) #fs:   4  -- #Conts: 7 E(7) 
   1786623 040.24 || noQ Q (Avg,Max,Min) (1.00, 1.03, 0.92) (0.42, 0.39, 0.46) #fs:   5  -- #Conts: 6 E(6) 
   1943043 031.53 || noQ Q (Avg,Max,Min) (1.03, 1.03, 1.03) (0.56, 0.56, 0.56) #fs:   0  -- #Conts: 2 G(2) 
   2421411 026.82 || noQ Q (Avg,Max,Min) (1.01, 1.03, 0.94) (0.62, 0.58, 0.68) #fs:   3  -- #Conts: 4 E(4) 
   3065099 024.00 || noQ Q (Avg,Max,Min) (0.98, 1.02, 0.94) (0.71, 0.61, 0.86) #fs:   4  -- #Conts: 6 C(6) 
   3089034 020.12 || noQ Q (Avg,Max,Min) (1.01, 1.04, 0.97) (0.83, 0.78, 0.87) #fs:   2  -- #Conts: 3 E(3) 
   3556900 020.00 || noQ Q (Avg,Max,Min) (0.99, 1.02, 0.90) (0.85, 0.77, 0.96) #fs:   4  -- #Conts: 5 C(5) 
/////////////////size: 32
    242970 993.18 || noQ Q (Avg,Max,Min) (1.08, 1.20, 0.85) (0.02, 0.01, 0.07) #fs:  13  -- #Conts: 38 H(25)  G(13) 
    243233 977.41 || noQ Q (Avg,Max,Min) (1.07, 1.19, 0.87) (0.02, 0.01, 0.07) #fs:  14  -- #Conts: 38 H(24)  G(14) 
    248206 945.88 || noQ Q (Avg,Max,Min) (1.09, 1.18, 0.91) (0.02, 0.01, 0.07) #fs:  13  -- #Conts: 39 H(21)  G(18) 
    248408 930.12 || noQ Q (Avg,Max,Min) (1.08, 1.17, 0.87) (0.02, 0.01, 0.07) #fs:  12  -- #Conts: 41 H(18)  G(23) 
    250141 898.59 || noQ Q (Avg,Max,Min) (1.08, 1.18, 0.86) (0.02, 0.02, 0.07) #fs:  10  -- #Conts: 39 H(18)  G(21) 
    251397 882.82 || noQ Q (Avg,Max,Min) (1.08, 1.18, 0.89) (0.02, 0.02, 0.07) #fs:  12  -- #Conts: 39 H(17)  G(22) 
    252896 867.06 || noQ Q (Avg,Max,Min) (1.07, 1.17, 0.85) (0.02, 0.02, 0.07) #fs:   8  -- #Conts: 39 H(16)  G(23) 
    254335 851.29 || noQ Q (Avg,Max,Min) (1.08, 1.17, 0.84) (0.02, 0.02, 0.07) #fs:   7  -- #Conts: 38 H(16)  G(22) 
    255276 835.53 || noQ Q (Avg,Max,Min) (1.07, 1.16, 0.82) (0.02, 0.02, 0.07) #fs:   8  -- #Conts: 37 H(16)  G(21) 
    256563 810.71 || noQ Q (Avg,Max,Min) (1.08, 1.16, 0.86) (0.02, 0.02, 0.08) #fs:   6  -- #Conts: 36 H(16)  G(19)  E(1) 
    258761 776.82 || noQ Q (Avg,Max,Min) (1.08, 1.15, 0.86) (0.03, 0.02, 0.08) #fs:  10  -- #Conts: 35 H(16)  G(16)  E(3) 
    260037 761.06 || noQ Q (Avg,Max,Min) (1.08, 1.15, 0.90) (0.03, 0.02, 0.08) #fs:   8  -- #Conts: 34 H(16)  G(15)  E(3) 
    262539 736.24 || noQ Q (Avg,Max,Min) (1.09, 1.15, 0.93) (0.03, 0.02, 0.08) #fs:   4  -- #Conts: 36 H(13)  G(19)  E(4) 
    264251 720.47 || noQ Q (Avg,Max,Min) (1.08, 1.15, 0.92) (0.03, 0.02, 0.08) #fs:   5  -- #Conts: 36 H(12)  G(20)  E(4) 
    264919 711.41 || noQ Q (Avg,Max,Min) (1.08, 1.14, 0.98) (0.03, 0.02, 0.08) #fs:   6  -- #Conts: 36 H(12)  G(19)  E(5) 
    266631 702.35 || noQ Q (Avg,Max,Min) (1.08, 1.13, 1.00) (0.03, 0.02, 0.08) #fs:   6  -- #Conts: 37 H(11)  G(20)  E(6) 
    268882 695.65 || noQ Q (Avg,Max,Min) (1.09, 1.14, 1.02) (0.03, 0.02, 0.08) #fs:   2  -- #Conts: 36 H(11)  G(20)  E(5) 
    269750 688.94 || noQ Q (Avg,Max,Min) (1.09, 1.14, 1.02) (0.03, 0.02, 0.08) #fs:   4  -- #Conts: 35 H(11)  G(20)  E(4) 
    272156 679.88 || noQ Q (Avg,Max,Min) (1.08, 1.13, 1.00) (0.03, 0.02, 0.08) #fs:   5  -- #Conts: 35 H(11)  G(19)  E(5) 
    274302 670.82 || noQ Q (Avg,Max,Min) (1.08, 1.14, 0.99) (0.03, 0.02, 0.08) #fs:   3  -- #Conts: 35 H(11)  G(18)  E(6) 
    275170 661.76 || noQ Q (Avg,Max,Min) (1.08, 1.14, 0.99) (0.03, 0.02, 0.08) #fs:   6  -- #Conts: 35 H(11)  G(17)  E(7) 
    275600 655.06 || noQ Q (Avg,Max,Min) (1.08, 1.14, 0.99) (0.03, 0.02, 0.08) #fs:   6  -- #Conts: 34 H(11)  G(17)  E(6) 
    277878 646.00 || noQ Q (Avg,Max,Min) (1.07, 1.14, 1.00) (0.03, 0.02, 0.08) #fs:   7  -- #Conts: 36 H(9)  G(20)  E(7) 
    279801 639.29 || noQ Q (Avg,Max,Min) (1.07, 1.14, 0.98) (0.03, 0.02, 0.08) #fs:   5  -- #Conts: 35 H(9)  G(20)  E(6) 
    281311 632.59 || noQ Q (Avg,Max,Min) (1.07, 1.14, 0.99) (0.03, 0.02, 0.08) #fs:   5  -- #Conts: 34 H(9)  G(20)  E(5) 
    282805 610.12 || noQ Q (Avg,Max,Min) (1.07, 1.14, 0.95) (0.03, 0.02, 0.08) #fs:   9  -- #Conts: 32 H(9)  G(19)  E(4) 
    283846 585.29 || noQ Q (Avg,Max,Min) (1.05, 1.11, 0.84) (0.03, 0.02, 0.08) #fs:  13  -- #Conts: 32 H(8)  G(19)  E(5) 
    286085 578.59 || noQ Q (Avg,Max,Min) (1.06, 1.13, 0.96) (0.03, 0.02, 0.08) #fs:   9  -- #Conts: 31 H(8)  G(19)  E(4) 
    287787 571.88 || noQ Q (Avg,Max,Min) (1.06, 1.13, 0.96) (0.03, 0.02, 0.08) #fs:  10  -- #Conts: 30 H(8)  G(19)  E(3) 
    289054 553.76 || noQ Q (Avg,Max,Min) (1.05, 1.11, 0.96) (0.03, 0.02, 0.08) #fs:  13  -- #Conts: 32 H(6)  G(21)  E(5) 
    291674 547.06 || noQ Q (Avg,Max,Min) (1.06, 1.13, 0.95) (0.03, 0.02, 0.08) #fs:  12  -- #Conts: 31 H(6)  G(21)  E(4) 
    293194 544.71 || noQ Q (Avg,Max,Min) (1.05, 1.13, 0.90) (0.03, 0.02, 0.08) #fs:  14  -- #Conts: 32 H(6)  G(20)  E(6) 
    293983 538.00 || noQ Q (Avg,Max,Min) (1.06, 1.13, 0.90) (0.03, 0.02, 0.08) #fs:  13  -- #Conts: 31 H(6)  G(20)  E(5) 
    295446 517.88 || noQ Q (Avg,Max,Min) (1.03, 1.13, 0.81) (0.04, 0.02, 0.09) #fs:  14  -- #Conts: 28 H(6)  G(20)  E(2) 
    297260 502.12 || noQ Q (Avg,Max,Min) (1.04, 1.15, 0.84) (0.04, 0.02, 0.09) #fs:  15  -- #Conts: 27 H(6)  G(19)  E(2) 
    298828 495.41 || noQ Q (Avg,Max,Min) (1.04, 1.14, 0.83) (0.04, 0.02, 0.09) #fs:  15  -- #Conts: 26 H(6)  G(19)  E(1) 
    299751 486.35 || noQ Q (Avg,Max,Min) (1.03, 1.15, 0.83) (0.04, 0.02, 0.09) #fs:  15  -- #Conts: 26 H(6)  G(18)  E(2) 
    301173 479.65 || noQ Q (Avg,Max,Min) (1.03, 1.14, 0.80) (0.04, 0.02, 0.09) #fs:  14  -- #Conts: 25 H(6)  G(18)  E(1) 
    302305 472.94 || noQ Q (Avg,Max,Min) (1.05, 1.14, 0.81) (0.04, 0.03, 0.09) #fs:  14  -- #Conts: 24 H(6)  G(18) 
    304990 457.18 || noQ Q (Avg,Max,Min) (1.05, 1.14, 0.83) (0.04, 0.03, 0.09) #fs:  14  -- #Conts: 23 H(6)  G(17) 
    307427 439.06 || noQ Q (Avg,Max,Min) (1.05, 1.14, 0.82) (0.04, 0.03, 0.09) #fs:  10  -- #Conts: 24 H(5)  G(17)  E(2) 
    307680 432.35 || noQ Q (Avg,Max,Min) (1.06, 1.14, 0.84) (0.04, 0.03, 0.09) #fs:   7  -- #Conts: 23 H(5)  G(17)  E(1) 
    310114 423.29 || noQ Q (Avg,Max,Min) (1.05, 1.13, 0.83) (0.04, 0.03, 0.09) #fs:  11  -- #Conts: 25 H(3)  G(20)  E(2) 
    310579 420.94 || noQ Q (Avg,Max,Min) (1.05, 1.13, 0.79) (0.04, 0.03, 0.09) #fs:  12  -- #Conts: 26 H(3)  G(19)  E(4) 
    312005 418.59 || noQ Q (Avg,Max,Min) (1.03, 1.13, 0.81) (0.04, 0.03, 0.09) #fs:  12  -- #Conts: 28 H(2)  G(20)  E(6) 
    314449 411.88 || noQ Q (Avg,Max,Min) (1.04, 1.12, 0.81) (0.04, 0.03, 0.09) #fs:   9  -- #Conts: 27 H(2)  G(20)  E(5) 
    315473 409.53 || noQ Q (Avg,Max,Min) (1.04, 1.12, 0.83) (0.04, 0.03, 0.09) #fs:   9  -- #Conts: 28 H(2)  G(19)  E(7) 
    316690 396.12 || noQ Q (Avg,Max,Min) (1.06, 1.12, 0.86) (0.04, 0.03, 0.09) #fs:  10  -- #Conts: 26 H(2)  G(19)  E(5) 
    318115 391.06 || noQ Q (Avg,Max,Min) (1.05, 1.13, 0.83) (0.04, 0.03, 0.09) #fs:   6  -- #Conts: 27 H(2)  G(18)  E(6)  C(1) 
    321223 376.59 || noQ Q (Avg,Max,Min) (1.04, 1.11, 0.84) (0.05, 0.03, 0.09) #fs:  11  -- #Conts: 27 H(2)  G(17)  E(5)  C(3) 
    323945 371.53 || noQ Q (Avg,Max,Min) (1.06, 1.11, 1.00) (0.05, 0.03, 0.09) #fs:   4  -- #Conts: 28 H(2)  G(16)  E(6)  C(4) 
    326015 366.47 || noQ Q (Avg,Max,Min) (1.04, 1.11, 0.78) (0.05, 0.03, 0.09) #fs:   7  -- #Conts: 29 H(2)  G(15)  E(7)  C(5) 
    327683 363.76 || noQ Q (Avg,Max,Min) (1.05, 1.11, 1.02) (0.05, 0.03, 0.10) #fs:   4  -- #Conts: 29 H(2)  G(15)  E(6)  C(6) 
    329448 354.71 || noQ Q (Avg,Max,Min) (1.04, 1.08, 0.84) (0.05, 0.04, 0.10) #fs:   7  -- #Conts: 30 H(1)  G(16)  E(7)  C(6) 
    335905 352.35 || noQ Q (Avg,Max,Min) (1.03, 1.08, 0.80) (0.05, 0.03, 0.10) #fs:   8  -- #Conts: 31 H(1)  G(15)  E(9)  C(6) 
    337433 350.00 || noQ Q (Avg,Max,Min) (1.03, 1.07, 0.84) (0.05, 0.03, 0.10) #fs:  10  -- #Conts: 32 H(1)  G(14)  E(11)  C(6) 
    342193 344.94 || noQ Q (Avg,Max,Min) (1.04, 1.07, 0.86) (0.05, 0.03, 0.10) #fs:   5  -- #Conts: 33 H(1)  G(13)  E(12)  C(7) 
    346844 342.59 || noQ Q (Avg,Max,Min) (1.04, 1.07, 0.93) (0.05, 0.03, 0.10) #fs:   5  -- #Conts: 34 H(1)  G(12)  E(14)  C(7) 
    348893 339.88 || noQ Q (Avg,Max,Min) (1.04, 1.07, 1.00) (0.05, 0.03, 0.10) #fs:   3  -- #Conts: 34 H(1)  G(12)  E(13)  C(8) 
    350105 337.53 || noQ Q (Avg,Max,Min) (1.04, 1.07, 0.94) (0.05, 0.03, 0.10) #fs:   8  -- #Conts: 35 H(1)  G(11)  E(15)  C(8) 
    351731 334.82 || noQ Q (Avg,Max,Min) (1.04, 1.07, 0.98) (0.05, 0.03, 0.10) #fs:   7  -- #Conts: 35 H(1)  G(11)  E(14)  C(9) 
    354330 332.47 || noQ Q (Avg,Max,Min) (1.03, 1.07, 0.84) (0.05, 0.03, 0.10) #fs:  11  -- #Conts: 36 H(1)  G(10)  E(16)  C(9) 
    356579 329.76 || noQ Q (Avg,Max,Min) (1.04, 1.07, 0.96) (0.05, 0.03, 0.10) #fs:   5  -- #Conts: 36 H(1)  G(10)  E(15)  C(10) 
    357421 327.41 || noQ Q (Avg,Max,Min) (1.03, 1.07, 0.91) (0.05, 0.03, 0.10) #fs:   9  -- #Conts: 37 H(1)  G(9)  E(17)  C(10) 
    358294 325.76 || noQ Q (Avg,Max,Min) (1.04, 1.07, 1.03) (0.05, 0.03, 0.11) #fs:   4  -- #Conts: 35 H(1)  G(10)  E(15)  C(9) 
    359439 323.41 || noQ Q (Avg,Max,Min) (1.03, 1.07, 0.93) (0.05, 0.03, 0.10) #fs:   7  -- #Conts: 36 H(1)  G(9)  E(17)  C(9) 
    363865 321.06 || noQ Q (Avg,Max,Min) (1.04, 1.06, 1.00) (0.05, 0.03, 0.11) #fs:   5  -- #Conts: 37 H(1)  G(8)  E(19)  C(9) 
    366438 320.71 || noQ Q (Avg,Max,Min) (1.04, 1.07, 1.03) (0.05, 0.03, 0.11) #fs:   3  -- #Conts: 36 H(1)  G(9)  E(16)  C(10) 
    368166 318.00 || noQ Q (Avg,Max,Min) (1.04, 1.07, 1.03) (0.05, 0.03, 0.11) #fs:   3  -- #Conts: 36 H(1)  G(9)  E(15)  C(11) 
    368957 317.65 || noQ Q (Avg,Max,Min) (1.04, 1.06, 1.00) (0.05, 0.03, 0.11) #fs:   6  -- #Conts: 40 H(1)  G(6)  E(22)  C(11) 
    370121 317.06 || noQ Q (Avg,Max,Min) (1.04, 1.07, 1.01) (0.05, 0.03, 0.11) #fs:   2  -- #Conts: 36 H(1)  G(8)  E(19)  C(8) 
    370536 313.65 || noQ Q (Avg,Max,Min) (1.03, 1.06, 0.88) (0.05, 0.03, 0.11) #fs:   6  -- #Conts: 39 H(1)  G(6)  E(22)  C(10) 
    374036 309.65 || noQ Q (Avg,Max,Min) (1.03, 1.06, 0.94) (0.05, 0.03, 0.11) #fs:   6  -- #Conts: 38 H(1)  G(6)  E(22)  C(9) 
    375571 307.29 || noQ Q (Avg,Max,Min) (1.03, 1.06, 0.91) (0.05, 0.03, 0.11) #fs:   9  -- #Conts: 39 H(1)  G(5)  E(24)  C(9) 
    379321 303.29 || noQ Q (Avg,Max,Min) (1.04, 1.06, 0.98) (0.05, 0.03, 0.11) #fs:   3  -- #Conts: 38 H(1)  G(5)  E(24)  C(8) 
    380698 301.88 || noQ Q (Avg,Max,Min) (1.04, 1.06, 1.00) (0.05, 0.03, 0.11) #fs:   4  -- #Conts: 39 H(1)  G(5)  E(22)  C(11) 
    381751 299.18 || noQ Q (Avg,Max,Min) (1.03, 1.06, 0.93) (0.05, 0.03, 0.11) #fs:   8  -- #Conts: 39 H(1)  G(5)  E(21)  C(12) 
    382339 296.47 || noQ Q (Avg,Max,Min) (1.03, 1.06, 0.99) (0.05, 0.04, 0.11) #fs:   6  -- #Conts: 39 H(1)  G(5)  E(20)  C(13) 
    383628 294.12 || noQ Q (Avg,Max,Min) (1.03, 1.06, 0.91) (0.05, 0.04, 0.11) #fs:   9  -- #Conts: 40 H(1)  G(4)  E(22)  C(13) 
    385092 293.88 || noQ Q (Avg,Max,Min) (1.03, 1.06, 0.98) (0.05, 0.04, 0.11) #fs:   4  -- #Conts: 37 H(1)  G(5)  E(22)  C(9) 
    386897 292.71 || noQ Q (Avg,Max,Min) (1.03, 1.06, 0.89) (0.05, 0.04, 0.11) #fs:   8  -- #Conts: 41 H(1)  G(4)  E(20)  C(16) 
    393219 288.71 || noQ Q (Avg,Max,Min) (1.03, 1.05, 1.02) (0.05, 0.04, 0.11) #fs:   4  -- #Conts: 40 H(1)  G(4)  E(20)  C(15) 
    395176 284.71 || noQ Q (Avg,Max,Min) (1.03, 1.05, 1.02) (0.05, 0.04, 0.11) #fs:   4  -- #Conts: 39 H(1)  G(4)  E(20)  C(14) 
    401379 278.35 || noQ Q (Avg,Max,Min) (1.03, 1.05, 0.95) (0.06, 0.04, 0.12) #fs:   6  -- #Conts: 39 H(1)  G(3)  E(22)  C(13) 
    404102 274.35 || noQ Q (Avg,Max,Min) (1.03, 1.05, 0.96) (0.06, 0.04, 0.12) #fs:   7  -- #Conts: 38 H(1)  G(3)  E(22)  C(12) 
    405252 270.35 || noQ Q (Avg,Max,Min) (1.03, 1.05, 0.94) (0.06, 0.04, 0.12) #fs:   5  -- #Conts: 37 H(1)  G(3)  E(22)  C(11) 
    407230 266.35 || noQ Q (Avg,Max,Min) (1.02, 1.05, 0.89) (0.06, 0.04, 0.12) #fs:   9  -- #Conts: 36 H(1)  G(3)  E(22)  C(10) 
    408151 262.35 || noQ Q (Avg,Max,Min) (1.03, 1.05, 0.91) (0.06, 0.04, 0.12) #fs:   5  -- #Conts: 35 H(1)  G(3)  E(22)  C(9) 
    410000 259.65 || noQ Q (Avg,Max,Min) (1.01, 1.05, 0.89) (0.06, 0.04, 0.12) #fs:  10  -- #Conts: 35 H(1)  G(3)  E(21)  C(10) 
    411743 252.94 || noQ Q (Avg,Max,Min) (1.02, 1.05, 0.90) (0.06, 0.04, 0.12) #fs:   9  -- #Conts: 34 H(1)  G(3)  E(20)  C(10) 
    413951 250.59 || noQ Q (Avg,Max,Min) (1.01, 1.05, 0.84) (0.06, 0.04, 0.12) #fs:  14  -- #Conts: 35 H(1)  G(2)  E(22)  C(10) 
    416218 246.59 || noQ Q (Avg,Max,Min) (1.00, 1.05, 0.84) (0.06, 0.05, 0.12) #fs:  14  -- #Conts: 34 H(1)  G(2)  E(22)  C(9) 
    418742 245.53 || noQ Q (Avg,Max,Min) (1.01, 1.05, 0.82) (0.06, 0.05, 0.12) #fs:  11  -- #Conts: 36 H(1)  G(1)  E(23)  C(11) 
    421738 241.53 || noQ Q (Avg,Max,Min) (1.01, 1.05, 0.85) (0.06, 0.05, 0.12) #fs:  12  -- #Conts: 35 H(1)  G(1)  E(23)  C(10) 
    424355 238.82 || noQ Q (Avg,Max,Min) (1.02, 1.05, 0.87) (0.07, 0.05, 0.12) #fs:   7  -- #Conts: 35 H(1)  G(1)  E(22)  C(11) 
    425384 234.82 || noQ Q (Avg,Max,Min) (1.02, 1.05, 0.85) (0.07, 0.05, 0.12) #fs:  11  -- #Conts: 34 H(1)  G(1)  E(22)  C(10) 
    427195 233.41 || noQ Q (Avg,Max,Min) (0.98, 1.05, 0.79) (0.07, 0.05, 0.12) #fs:  18  -- #Conts: 35 H(1)  G(1)  E(20)  C(13) 
    429026 232.12 || noQ Q (Avg,Max,Min) (1.00, 1.05, 0.81) (0.07, 0.05, 0.12) #fs:  14  -- #Conts: 34 H(1)  G(1)  E(21)  C(11) 
    432560 229.41 || noQ Q (Avg,Max,Min) (1.00, 1.05, 0.81) (0.07, 0.05, 0.12) #fs:  11  -- #Conts: 34 H(1)  G(1)  E(20)  C(12) 
    438188 226.71 || noQ Q (Avg,Max,Min) (0.99, 1.05, 0.76) (0.07, 0.05, 0.13) #fs:  12  -- #Conts: 34 H(1)  G(1)  E(19)  C(13) 
    445110 224.00 || noQ Q (Avg,Max,Min) (1.01, 1.04, 0.84) (0.07, 0.04, 0.13) #fs:   9  -- #Conts: 34 H(1)  G(1)  E(18)  C(14) 
    448067 220.00 || noQ Q (Avg,Max,Min) (1.02, 1.04, 0.87) (0.07, 0.05, 0.13) #fs:   7  -- #Conts: 33 H(1)  G(1)  E(18)  C(13) 
    450855 216.59 || noQ Q (Avg,Max,Min) (1.02, 1.06, 0.90) (0.07, 0.04, 0.13) #fs:   8  -- #Conts: 31 H(1)  G(3)  E(11)  C(16) 
    453148 212.59 || noQ Q (Avg,Max,Min) (1.02, 1.05, 0.92) (0.07, 0.04, 0.13) #fs:   9  -- #Conts: 30 H(1)  G(3)  E(11)  C(15) 
    460101 208.59 || noQ Q (Avg,Max,Min) (1.03, 1.04, 0.98) (0.07, 0.04, 0.13) #fs:   7  -- #Conts: 29 H(1)  G(3)  E(11)  C(14) 
    460958 204.59 || noQ Q (Avg,Max,Min) (1.02, 1.04, 0.83) (0.08, 0.06, 0.13) #fs:   8  -- #Conts: 28 H(1)  G(3)  E(11)  C(13) 
    465660 201.88 || noQ Q (Avg,Max,Min) (1.02, 1.05, 0.87) (0.08, 0.06, 0.13) #fs:  10  -- #Conts: 28 H(1)  G(3)  E(10)  C(14) 
    482256 199.18 || noQ Q (Avg,Max,Min) (1.03, 1.05, 0.99) (0.08, 0.06, 0.14) #fs:   3  -- #Conts: 28 H(1)  G(3)  E(9)  C(15) 
    482684 197.65 || noQ Q (Avg,Max,Min) (1.03, 1.05, 0.99) (0.08, 0.05, 0.14) #fs:   5  -- #Conts: 31 H(1)  G(3)  E(4)  C(23) 
    488663 193.65 || noQ Q (Avg,Max,Min) (1.02, 1.04, 1.00) (0.08, 0.06, 0.14) #fs:   5  -- #Conts: 30 H(1)  G(3)  E(4)  C(22) 
    495419 189.65 || noQ Q (Avg,Max,Min) (1.03, 1.07, 0.99) (0.08, 0.06, 0.14) #fs:   3  -- #Conts: 29 H(1)  G(3)  E(4)  C(21) 
    500648 185.65 || noQ Q (Avg,Max,Min) (1.03, 1.07, 0.93) (0.08, 0.06, 0.14) #fs:   4  -- #Conts: 28 H(1)  G(3)  E(4)  C(20) 
    523286 177.65 || noQ Q (Avg,Max,Min) (1.03, 1.06, 1.02) (0.09, 0.06, 0.15) #fs:   1  -- #Conts: 26 H(1)  G(3)  E(4)  C(18) 
    532873 173.65 || noQ Q (Avg,Max,Min) (1.03, 1.06, 0.97) (0.09, 0.06, 0.16) #fs:   3  -- #Conts: 25 H(1)  G(3)  E(4)  C(17) 
    538100 169.65 || noQ Q (Avg,Max,Min) (1.02, 1.08, 0.92) (0.09, 0.06, 0.16) #fs:   6  -- #Conts: 24 H(1)  G(3)  E(4)  C(16) 
    552451 165.65 || noQ Q (Avg,Max,Min) (1.03, 1.07, 1.02) (0.09, 0.07, 0.16) #fs:   1  -- #Conts: 23 H(1)  G(3)  E(4)  C(15) 
    557310 161.65 || noQ Q (Avg,Max,Min) (1.02, 1.07, 0.90) (0.09, 0.07, 0.16) #fs:   5  -- #Conts: 22 H(1)  G(3)  E(4)  C(14) 
    561816 157.53 || noQ Q (Avg,Max,Min) (1.01, 1.07, 0.87) (0.10, 0.07, 0.16) #fs:   8  -- #Conts: 23 H(1)  G(3)  E(1)  C(18) 
    569310 153.53 || noQ Q (Avg,Max,Min) (1.02, 1.07, 0.89) (0.10, 0.07, 0.17) #fs:   5  -- #Conts: 22 H(1)  G(3)  E(1)  C(17) 
    576950 149.53 || noQ Q (Avg,Max,Min) (1.01, 1.07, 0.85) (0.10, 0.07, 0.17) #fs:   4  -- #Conts: 21 H(1)  G(3)  E(1)  C(16) 
    579586 145.53 || noQ Q (Avg,Max,Min) (0.98, 1.07, 0.78) (0.11, 0.08, 0.17) #fs:  10  -- #Conts: 20 H(1)  G(3)  E(1)  C(15) 
    598722 141.53 || noQ Q (Avg,Max,Min) (1.03, 1.05, 1.01) (0.11, 0.08, 0.17) #fs:   4  -- #Conts: 19 H(1)  G(3)  E(1)  C(14) 
    606445 137.53 || noQ Q (Avg,Max,Min) (1.03, 1.06, 1.02) (0.12, 0.08, 0.18) #fs:   6  -- #Conts: 18 H(1)  G(3)  E(1)  C(13) 
    611263 133.53 || noQ Q (Avg,Max,Min) (1.02, 1.05, 0.97) (0.12, 0.08, 0.18) #fs:   7  -- #Conts: 17 H(1)  G(3)  E(1)  C(12) 
    619181 129.53 || noQ Q (Avg,Max,Min) (0.99, 1.07, 0.84) (0.13, 0.10, 0.18) #fs:  12  -- #Conts: 16 H(1)  G(3)  E(1)  C(11) 
    625223 125.53 || noQ Q (Avg,Max,Min) (0.99, 1.07, 0.80) (0.13, 0.10, 0.18) #fs:   6  -- #Conts: 15 H(1)  G(3)  E(1)  C(10) 
    641941 121.53 || noQ Q (Avg,Max,Min) (1.02, 1.07, 0.76) (0.14, 0.10, 0.19) #fs:   3  -- #Conts: 14 H(1)  G(3)  E(1)  C(9) 
    651891 117.53 || noQ Q (Avg,Max,Min) (1.03, 1.07, 1.00) (0.14, 0.12, 0.19) #fs:   2  -- #Conts: 13 H(1)  G(3)  E(1)  C(8) 
    676731 113.53 || noQ Q (Avg,Max,Min) (1.03, 1.07, 1.02) (0.15, 0.12, 0.20) #fs:   1  -- #Conts: 12 H(1)  G(3)  E(1)  C(7) 
    684133 109.53 || noQ Q (Avg,Max,Min) (1.03, 1.08, 1.01) (0.16, 0.14, 0.20) #fs:   1  -- #Conts: 11 H(1)  G(3)  E(1)  C(6) 
    719080 105.53 || noQ Q (Avg,Max,Min) (1.04, 1.07, 1.02) (0.16, 0.14, 0.21) #fs:   2  -- #Conts: 10 H(1)  G(3)  E(1)  C(5) 
    726839 102.82 || noQ Q (Avg,Max,Min) (1.03, 1.08, 1.02) (0.16, 0.14, 0.21) #fs:   4  -- #Conts: 10 H(1)  G(3)  C(6) 
    750952 098.82 || noQ Q (Avg,Max,Min) (1.03, 1.08, 0.99) (0.17, 0.14, 0.22) #fs:   4  -- #Conts: 9 H(1)  G(3)  C(5) 
    783466 096.71 || noQ Q (Avg,Max,Min) (1.02, 1.05, 0.91) (0.17, 0.14, 0.23) #fs:   5  -- #Conts: 13 H(1)  G(1)  E(2)  C(9) 
    800476 094.00 || noQ Q (Avg,Max,Min) (1.02, 1.06, 0.94) (0.17, 0.15, 0.23) #fs:   3  -- #Conts: 13 H(1)  G(1)  E(1)  C(10) 
    833213 092.00 || noQ Q (Avg,Max,Min) (0.99, 1.07, 0.87) (0.17, 0.09, 0.25) #fs:   6  -- #Conts: 14 H(1)  G(1)  A(2)  E(1)  C(9) 
    837885 090.00 || noQ Q (Avg,Max,Min) (0.99, 1.07, 0.87) (0.18, 0.15, 0.25) #fs:   9  -- #Conts: 15 H(1)  G(1)  A(4)  E(1)  C(8) 
    846844 089.00 || noQ Q (Avg,Max,Min) (1.01, 1.06, 0.84) (0.18, 0.15, 0.25) #fs:   2  -- #Conts: 14 H(1)  G(1)  A(3)  E(1)  C(8) 
    854036 088.00 || noQ Q (Avg,Max,Min) (1.00, 1.07, 0.86) (0.18, 0.15, 0.25) #fs:   4  -- #Conts: 13 H(1)  G(1)  A(2)  E(1)  C(8) 
    859598 087.00 || noQ Q (Avg,Max,Min) (0.99, 1.06, 0.88) (0.19, 0.15, 0.25) #fs:   8  -- #Conts: 12 H(1)  G(1)  A(1)  E(1)  C(8) 
    862914 086.00 || noQ Q (Avg,Max,Min) (1.00, 1.06, 0.84) (0.19, 0.15, 0.25) #fs:   4  -- #Conts: 11 H(1)  G(1)  E(1)  C(8) 
    868341 085.00 || noQ Q (Avg,Max,Min) (0.97, 1.06, 0.88) (0.19, 0.17, 0.26) #fs:  10  -- #Conts: 13 H(1)  G(1)  A(3)  E(1)  C(7) 
    876419 084.00 || noQ Q (Avg,Max,Min) (0.99, 1.06, 0.90) (0.19, 0.16, 0.26) #fs:   7  -- #Conts: 12 H(1)  G(1)  A(2)  E(1)  C(7) 
    880134 083.00 || noQ Q (Avg,Max,Min) (1.00, 1.06, 0.89) (0.20, 0.16, 0.26) #fs:   3  -- #Conts: 11 H(1)  G(1)  A(1)  E(1)  C(7) 
    884279 082.00 || noQ Q (Avg,Max,Min) (1.00, 1.06, 0.85) (0.20, 0.16, 0.26) #fs:   3  -- #Conts: 10 H(1)  G(1)  E(1)  C(7) 
    893995 081.00 || noQ Q (Avg,Max,Min) (0.99, 1.04, 0.87) (0.20, 0.17, 0.26) #fs:   5  -- #Conts: 12 H(1)  G(1)  A(3)  E(1)  C(6) 
    897076 080.00 || noQ Q (Avg,Max,Min) (1.00, 1.04, 0.89) (0.21, 0.18, 0.26) #fs:   5  -- #Conts: 11 H(1)  G(1)  A(2)  E(1)  C(6) 
    905334 079.00 || noQ Q (Avg,Max,Min) (0.96, 1.04, 0.45) (0.20, 0.05, 0.26) #fs:   4  -- #Conts: 10 H(1)  G(1)  A(1)  E(1)  C(6) 
    907468 078.00 || noQ Q (Avg,Max,Min) (1.02, 1.04, 0.98) (0.22, 0.20, 0.26) #fs:   4  -- #Conts: 9 H(1)  G(1)  E(1)  C(6) 
    923028 077.00 || noQ Q (Avg,Max,Min) (1.02, 1.05, 0.97) (0.22, 0.20, 0.27) #fs:   3  -- #Conts: 11 H(1)  G(1)  A(3)  E(1)  C(5) 
    926432 076.00 || noQ Q (Avg,Max,Min) (1.02, 1.06, 0.99) (0.22, 0.20, 0.27) #fs:   2  -- #Conts: 10 H(1)  G(1)  A(2)  E(1)  C(5) 
    940819 075.00 || noQ Q (Avg,Max,Min) (1.02, 1.05, 0.99) (0.22, 0.21, 0.28) #fs:   3  -- #Conts: 12 H(1)  G(1)  A(5)  E(1)  C(4) 
    951054 074.00 || noQ Q (Avg,Max,Min) (1.01, 1.05, 0.91) (0.22, 0.18, 0.28) #fs:   3  -- #Conts: 11 H(1)  G(1)  A(4)  E(1)  C(4) 
    963789 073.00 || noQ Q (Avg,Max,Min) (1.01, 1.05, 0.90) (0.23, 0.20, 0.28) #fs:   4  -- #Conts: 10 H(1)  G(1)  A(3)  E(1)  C(4) 
    970127 072.00 || noQ Q (Avg,Max,Min) (1.01, 1.06, 0.92) (0.24, 0.20, 0.28) #fs:   3  -- #Conts: 9 H(1)  G(1)  A(2)  E(1)  C(4) 
    988852 071.00 || noQ Q (Avg,Max,Min) (0.99, 1.07, 0.86) (0.23, 0.19, 0.29) #fs:   5  -- #Conts: 11 H(1)  G(1)  A(5)  E(1)  C(3) 
    997845 070.00 || noQ Q (Avg,Max,Min) (1.02, 1.07, 0.99) (0.24, 0.19, 0.30) #fs:   1  -- #Conts: 10 H(1)  G(1)  A(4)  E(1)  C(3) 
   1017318 069.00 || noQ Q (Avg,Max,Min) (1.02, 1.07, 0.97) (0.24, 0.19, 0.30) #fs:   2  -- #Conts: 9 H(1)  G(1)  A(3)  E(1)  C(3) 
   1021086 068.00 || noQ Q (Avg,Max,Min) (1.02, 1.07, 0.98) (0.25, 0.23, 0.30) #fs:   5  -- #Conts: 8 H(1)  G(1)  A(2)  E(1)  C(3) 
   1041778 067.00 || noQ Q (Avg,Max,Min) (1.02, 1.06, 1.01) (0.25, 0.19, 0.31) #fs:   3  -- #Conts: 10 H(1)  G(1)  A(5)  E(1)  C(2) 
   1065160 066.00 || noQ Q (Avg,Max,Min) (1.00, 1.06, 0.85) (0.24, 0.18, 0.31) #fs:   5  -- #Conts: 12 H(1)  G(1)  A(8)  E(1)  C(1) 
   1085994 065.00 || noQ Q (Avg,Max,Min) (1.02, 1.06, 0.99) (0.24, 0.18, 0.32) #fs:   2  -- #Conts: 11 H(1)  G(1)  A(7)  E(1)  C(1) 
   1098957 064.00 || noQ Q (Avg,Max,Min) (1.01, 1.06, 0.98) (0.25, 0.18, 0.32) #fs:   4  -- #Conts: 10 H(1)  G(1)  A(6)  E(1)  C(1) 
   1109300 063.00 || noQ Q (Avg,Max,Min) (0.99, 1.07, 0.88) (0.26, 0.19, 0.33) #fs:   6  -- #Conts: 9 H(1)  G(1)  A(5)  E(1)  C(1) 
   1117776 062.00 || noQ Q (Avg,Max,Min) (1.01, 1.07, 0.94) (0.28, 0.24, 0.33) #fs:   4  -- #Conts: 8 H(1)  G(1)  A(4)  E(1)  C(1) 
   1143130 061.00 || noQ Q (Avg,Max,Min) (0.95, 1.06, 0.76) (0.27, 0.20, 0.34) #fs:   3  -- #Conts: 10 H(1)  G(1)  A(7)  E(1) 
   1155513 060.00 || noQ Q (Avg,Max,Min) (0.97, 1.06, 0.76) (0.28, 0.21, 0.34) #fs:   6  -- #Conts: 9 H(1)  G(1)  A(6)  E(1) 
   1168582 059.00 || noQ Q (Avg,Max,Min) (1.00, 1.05, 0.89) (0.29, 0.25, 0.34) #fs:   5  -- #Conts: 8 H(1)  G(1)  A(5)  E(1) 
   1185173 058.00 || noQ Q (Avg,Max,Min) (1.00, 1.06, 0.85) (0.29, 0.24, 0.35) #fs:   1  -- #Conts: 7 H(1)  G(1)  A(4)  E(1) 
   1202106 057.00 || noQ Q (Avg,Max,Min) (1.03, 1.06, 1.01) (0.30, 0.25, 0.35) #fs:   0  -- #Conts: 6 H(1)  G(1)  A(3)  E(1) 
   1221222 056.00 || noQ Q (Avg,Max,Min) (1.02, 1.06, 0.99) (0.32, 0.28, 0.36) #fs:   3  -- #Conts: 5 H(1)  G(1)  A(2)  E(1) 
   1236608 055.00 || noQ Q (Avg,Max,Min) (1.03, 1.05, 0.99) (0.33, 0.29, 0.36) #fs:   2  -- #Conts: 4 H(1)  G(1)  A(1)  E(1) 
   1255596 054.00 || noQ Q (Avg,Max,Min) (1.04, 1.06, 1.03) (0.35, 0.31, 0.37) #fs:   1  -- #Conts: 3 H(1)  G(1)  E(1) 
   1298407 053.29 || noQ Q (Avg,Max,Min) (1.00, 1.05, 0.96) (0.31, 0.25, 0.38) #fs:   4  -- #Conts: 8 H(1)  G(1)  A(6) 
   1313479 052.29 || noQ Q (Avg,Max,Min) (1.00, 1.06, 0.97) (0.33, 0.30, 0.39) #fs:   4  -- #Conts: 7 H(1)  G(1)  A(5) 
   1339956 051.29 || noQ Q (Avg,Max,Min) (0.97, 1.06, 0.84) (0.33, 0.27, 0.39) #fs:   4  -- #Conts: 6 H(1)  G(1)  A(4) 
   1362400 050.29 || noQ Q (Avg,Max,Min) (0.97, 1.05, 0.88) (0.34, 0.29, 0.40) #fs:   3  -- #Conts: 5 H(1)  G(1)  A(3) 
   1382158 049.29 || noQ Q (Avg,Max,Min) (1.00, 1.06, 0.92) (0.36, 0.31, 0.41) #fs:   1  -- #Conts: 4 H(1)  G(1)  A(2) 
   1408595 048.29 || noQ Q (Avg,Max,Min) (0.99, 1.06, 0.87) (0.37, 0.30, 0.42) #fs:   1  -- #Conts: 3 H(1)  G(1)  A(1) 
   1431329 047.29 || noQ Q (Avg,Max,Min) (1.04, 1.06, 1.03) (0.42, 0.41, 0.42) #fs:   0  -- #Conts: 2 H(1)  G(1) 
   1506260 046.94 || noQ Q (Avg,Max,Min) (0.95, 1.03, 0.80) (0.36, 0.29, 0.42) #fs:   3  -- #Conts: 5 H(1)  A(2)  E(2) 
   1529174 045.94 || noQ Q (Avg,Max,Min) (0.98, 1.03, 0.83) (0.38, 0.31, 0.43) #fs:   2  -- #Conts: 4 H(1)  A(1)  E(2) 
   1554575 044.94 || noQ Q (Avg,Max,Min) (1.02, 1.03, 1.01) (0.41, 0.39, 0.43) #fs:   1  -- #Conts: 3 H(1)  E(2) 
   1611797 044.18 || noQ Q (Avg,Max,Min) (0.99, 1.03, 0.90) (0.33, 0.19, 0.45) #fs:   6  -- #Conts: 12 G(1)  A(7)  E(2)  C(2) 
   1633278 043.18 || noQ Q (Avg,Max,Min) (1.01, 1.03, 0.96) (0.34, 0.25, 0.46) #fs:   4  -- #Conts: 11 G(1)  A(6)  E(2)  C(2) 
   1645835 042.18 || noQ Q (Avg,Max,Min) (0.96, 1.03, 0.79) (0.36, 0.25, 0.47) #fs:   6  -- #Conts: 10 G(1)  A(5)  E(2)  C(2) 
   1682709 041.18 || noQ Q (Avg,Max,Min) (1.00, 1.03, 0.93) (0.36, 0.25, 0.47) #fs:   4  -- #Conts: 9 G(1)  A(4)  E(2)  C(2) 
   1715033 040.18 || noQ Q (Avg,Max,Min) (1.01, 1.03, 0.99) (0.37, 0.28, 0.49) #fs:   4  -- #Conts: 8 G(1)  A(3)  E(2)  C(2) 
   1732599 039.18 || noQ Q (Avg,Max,Min) (0.99, 1.03, 0.93) (0.40, 0.30, 0.49) #fs:   5  -- #Conts: 7 G(1)  A(2)  E(2)  C(2) 
   1756705 038.18 || noQ Q (Avg,Max,Min) (0.99, 1.03, 0.93) (0.42, 0.36, 0.49) #fs:   7  -- #Conts: 6 G(1)  A(1)  E(2)  C(2) 
   1808387 037.18 || noQ Q (Avg,Max,Min) (0.95, 1.03, 0.75) (0.41, 0.31, 0.51) #fs:   7  -- #Conts: 8 G(1)  A(4)  E(2)  C(1) 
   1836288 036.18 || noQ Q (Avg,Max,Min) (0.99, 1.03, 0.89) (0.44, 0.36, 0.52) #fs:   5  -- #Conts: 7 G(1)  A(3)  E(2)  C(1) 
   1882473 035.18 || noQ Q (Avg,Max,Min) (0.99, 1.03, 0.85) (0.44, 0.32, 0.53) #fs:   4  -- #Conts: 6 G(1)  A(2)  E(2)  C(1) 
   1915905 034.18 || noQ Q (Avg,Max,Min) (0.97, 1.03, 0.80) (0.47, 0.34, 0.54) #fs:   5  -- #Conts: 5 G(1)  A(1)  E(2)  C(1) 
   1951469 033.18 || noQ Q (Avg,Max,Min) (1.01, 1.03, 1.00) (0.51, 0.46, 0.55) #fs:   3  -- #Conts: 4 G(1)  E(2)  C(1) 
   2043211 032.18 || noQ Q (Avg,Max,Min) (0.93, 1.03, 0.76) (0.48, 0.36, 0.57) #fs:   6  -- #Conts: 6 G(1)  A(3)  E(2) 
   2088543 031.18 || noQ Q (Avg,Max,Min) (0.92, 1.03, 0.73) (0.49, 0.35, 0.59) #fs:   6  -- #Conts: 5 G(1)  A(2)  E(2) 
   2115017 030.18 || noQ Q (Avg,Max,Min) (1.02, 1.03, 1.00) (0.55, 0.51, 0.60) #fs:   1  -- #Conts: 4 G(1)  A(1)  E(2) 
   2170799 029.18 || noQ Q (Avg,Max,Min) (1.02, 1.03, 1.00) (0.58, 0.54, 0.61) #fs:   3  -- #Conts: 3 G(1)  E(2) 
   2247066 028.47 || noQ Q (Avg,Max,Min) (1.01, 1.02, 1.00) (0.57, 0.52, 0.63) #fs:   2  -- #Conts: 5 G(1)  A(2)  E(1)  C(1) 
   2308235 027.47 || noQ Q (Avg,Max,Min) (1.01, 1.02, 1.00) (0.60, 0.56, 0.65) #fs:   1  -- #Conts: 4 G(1)  A(1)  E(1)  C(1) 
   2386529 026.47 || noQ Q (Avg,Max,Min) (1.00, 1.01, 0.99) (0.64, 0.57, 0.67) #fs:   3  -- #Conts: 3 G(1)  E(1)  C(1) 
   2492182 025.47 || noQ Q (Avg,Max,Min) (1.00, 1.02, 0.98) (0.63, 0.58, 0.70) #fs:   2  -- #Conts: 5 G(1)  A(3)  E(1) 
   2568961 024.47 || noQ Q (Avg,Max,Min) (1.01, 1.02, 1.00) (0.67, 0.61, 0.73) #fs:   1  -- #Conts: 4 G(1)  A(2)  E(1) 
   2658071 023.47 || noQ Q (Avg,Max,Min) (0.99, 1.02, 0.96) (0.70, 0.61, 0.75) #fs:   2  -- #Conts: 3 G(1)  A(1)  E(1) 
   2744941 022.47 || noQ Q (Avg,Max,Min) (1.01, 1.02, 1.01) (0.77, 0.77, 0.78) #fs:   1  -- #Conts: 2 G(1)  E(1) 
   2915369 021.76 || noQ Q (Avg,Max,Min) (1.00, 1.02, 0.97) (0.75, 0.70, 0.81) #fs:   1  -- #Conts: 4 G(1)  A(2)  C(1) 
   3033520 020.76 || noQ Q (Avg,Max,Min) (0.99, 1.02, 0.94) (0.78, 0.71, 0.85) #fs:   1  -- #Conts: 3 G(1)  A(1)  C(1) 
   3151009 019.76 || noQ Q (Avg,Max,Min) (1.01, 1.02, 1.00) (0.84, 0.81, 0.88) #fs:   0  -- #Conts: 2 G(1)  C(1) 
   3389198 018.76 || noQ Q (Avg,Max,Min) (0.95, 1.01, 0.86) (0.83, 0.74, 0.94) #fs:   3  -- #Conts: 4 G(1)  A(3) 
   3512309 017.76 || noQ Q (Avg,Max,Min) (1.00, 1.01, 1.00) (0.92, 0.89, 0.98) #fs:   0  -- #Conts: 3 G(1)  A(2) 
   4095605 017.71 || noQ Q (Avg,Max,Min) (0.91, 1.02, 0.41) (0.88, 0.39, 1.01) #fs:   2  -- #Conts: 6 A(3)  E(1)  C(2) 
/////////////////size: 212
nodes 100 edges 192
 mulT: 30 mulD: 1  sumData GB 97
pareto /CYBERSHAKE.n.100.0.dax time -> 5893.0
moheft /CYBERSHAKE.n.100.0.dax time -> 16531.0
distance from M to C 8.521637657245758
distance from P to C 0.29691524475257924
distance from C to M 1.0484049162734892
distance from C to P 5.636796427200229
toCompare: /CYBERSHAKE.n.100.0.dax sumDataGB: 97 mulT: 30 mulD: 1 paretoOptTime_MS: 5893.0 MoheftOptimizationTime_MS: 16531.0 MtoC 8.521637657245758 PtoC 0.29691524475257924 CtoM 1.0484049162734892 CtoP 5.636796427200229
