specify -Dflow d,b,mt,md,size
Running /home/vaggelis/jc/SIPHT.n.50.0.dax mt 5000 md: 20000 size null
 683086560 18412.12 || noQ Q (Avg,Max,Min) (1.01, 1.21, 0.64) (0.96, 0.64, 1.14) #fs:   1  -- #Conts: 13 H(8)  G(3)  E(2) 
 683121990 16173.53 || noQ Q (Avg,Max,Min) (1.04, 1.21, 1.00) (0.99, 0.76, 1.14) #fs:   0  -- #Conts: 13 H(8)  G(3)  E(2) 
1004177437 14629.65 || noQ Q (Avg,Max,Min) (1.02, 1.11, 1.00) (1.00, 0.88, 1.06) #fs:   0  -- #Conts: 11 H(2)  G(9) 
1110230053 14345.88 || noQ Q (Avg,Max,Min) (1.02, 1.11, 1.00) (1.00, 0.88, 1.06) #fs:   0  -- #Conts: 11 H(1)  G(10) 
1157970245 14077.53 || noQ Q (Avg,Max,Min) (1.02, 1.11, 1.00) (0.99, 0.88, 1.06) #fs:   0  -- #Conts: 11 G(10)  E(1) 
1159491881 14022.35 || noQ Q (Avg,Max,Min) (1.02, 1.11, 1.00) (0.99, 0.88, 1.06) #fs:   0  -- #Conts: 11 G(9)  E(2) 
2508317786 13560.24 || noQ Q (Avg,Max,Min) (1.01, 1.06, 1.00) (0.97, 0.90, 1.06) #fs:   1  -- #Conts: 17 G(1)  E(16) 
2594313194 13492.24 || noQ Q (Avg,Max,Min) (1.01, 1.06, 1.00) (0.97, 0.90, 1.06) #fs:   1  -- #Conts: 17 E(17) 
4198571426 13002.71 || noQ Q (Avg,Max,Min) (0.99, 1.03, 0.81) (0.92, 0.61, 1.03) #fs:   2  -- #Conts: 20 E(1)  C(19) 
6453235394 6614.00 || noQ Q (Avg,Max,Min) (1.00, 1.00, 0.96) (0.99, 0.94, 1.00) #fs:   2  -- #Conts: 19 A(18)  C(1) 
6453842927 4863.00 || noQ Q (Avg,Max,Min) (1.00, 1.00, 0.96) (0.99, 0.94, 1.00) #fs:   3  -- #Conts: 19 A(19) 
6487742927 4862.00 || noQ Q (Avg,Max,Min) (1.00, 1.00, 0.96) (0.99, 0.94, 1.00) #fs:   3  -- #Conts: 18 A(18) 
/////////////////size: 12
 704189192 16067.53 || noQ Q (Avg,Max,Min) (1.02, 1.14, 1.00) (1.01, 0.94, 1.14) #fs:   0  -- #Conts: 10 H(4)  G(2)  A(2)  E(2) 
 704475642 16064.53 || noQ Q (Avg,Max,Min) (1.02, 1.14, 1.00) (1.01, 0.94, 1.14) #fs:   0  -- #Conts: 10 H(4)  G(2)  A(2)  E(2) 
 714844360 16063.53 || noQ Q (Avg,Max,Min) (1.02, 1.14, 1.00) (0.99, 0.81, 1.14) #fs:   0  -- #Conts: 11 H(4)  G(2)  A(3)  E(2) 
 770980540 15940.41 || noQ Q (Avg,Max,Min) (1.01, 1.05, 1.00) (1.00, 0.90, 1.05) #fs:   0  -- #Conts: 13 H(5)  G(2)  A(3)  E(3) 
 771101211 15937.41 || noQ Q (Avg,Max,Min) (1.01, 1.05, 1.00) (1.00, 0.90, 1.05) #fs:   0  -- #Conts: 12 H(5)  G(2)  A(2)  E(3) 
 780234292 15936.41 || noQ Q (Avg,Max,Min) (1.01, 1.05, 1.00) (0.99, 0.81, 1.05) #fs:   0  -- #Conts: 13 H(5)  G(2)  A(3)  E(3) 
 812914018 15788.47 || noQ Q (Avg,Max,Min) (1.02, 1.14, 1.00) (1.00, 0.81, 1.14) #fs:   0  -- #Conts: 12 H(4)  G(3)  A(2)  E(3) 
 813405842 15785.47 || noQ Q (Avg,Max,Min) (1.02, 1.14, 1.00) (1.02, 0.99, 1.14) #fs:   0  -- #Conts: 11 H(4)  G(3)  A(1)  E(3) 
 857777370 15556.00 || noQ Q (Avg,Max,Min) (1.07, 1.75, 1.00) (0.92, 0.14, 1.02) #fs:   0  -- #Conts: 12 H(4)  G(3)  A(2)  E(3) 
 857948750 15524.47 || noQ Q (Avg,Max,Min) (1.01, 1.02, 1.00) (0.99, 0.90, 1.02) #fs:   0  -- #Conts: 11 H(3)  G(3)  A(2)  E(3) 
 858470177 15521.47 || noQ Q (Avg,Max,Min) (1.01, 1.02, 1.00) (0.99, 0.90, 1.02) #fs:   0  -- #Conts: 11 H(3)  G(3)  A(2)  E(3) 
 858734937 15520.47 || noQ Q (Avg,Max,Min) (1.01, 1.02, 1.00) (1.00, 0.90, 1.02) #fs:   0  -- #Conts: 10 H(3)  G(3)  A(1)  E(3) 
 859019725 15518.47 || noQ Q (Avg,Max,Min) (1.01, 1.02, 1.00) (1.00, 0.90, 1.02) #fs:   0  -- #Conts: 10 H(3)  G(3)  A(1)  E(3) 
 859417799 15517.47 || noQ Q (Avg,Max,Min) (1.01, 1.02, 1.00) (1.00, 0.90, 1.02) #fs:   0  -- #Conts: 10 H(3)  G(3)  A(1)  E(3) 
 859692642 15516.47 || noQ Q (Avg,Max,Min) (1.01, 1.02, 1.00) (1.00, 0.90, 1.02) #fs:   0  -- #Conts: 10 H(3)  G(3)  A(1)  E(3) 
 859967485 15515.47 || noQ Q (Avg,Max,Min) (1.01, 1.02, 1.00) (1.00, 0.90, 1.02) #fs:   0  -- #Conts: 10 H(3)  G(3)  A(1)  E(3) 
 860045599 15514.47 || noQ Q (Avg,Max,Min) (1.01, 1.02, 1.00) (1.00, 0.90, 1.02) #fs:   0  -- #Conts: 10 H(3)  G(3)  A(1)  E(3) 
 898849118 15221.35 || noQ Q (Avg,Max,Min) (1.01, 1.06, 1.00) (1.00, 0.90, 1.06) #fs:   0  -- #Conts: 12 H(3)  G(3)  A(1)  E(5) 
 898968760 15220.35 || noQ Q (Avg,Max,Min) (1.01, 1.06, 1.00) (1.00, 0.90, 1.06) #fs:   0  -- #Conts: 12 H(3)  G(3)  A(1)  E(5) 
 898972136 15219.35 || noQ Q (Avg,Max,Min) (1.01, 1.06, 1.00) (1.00, 0.90, 1.06) #fs:   0  -- #Conts: 12 H(3)  G(3)  A(1)  E(5) 
 907972367 15218.35 || noQ Q (Avg,Max,Min) (1.01, 1.06, 1.00) (0.99, 0.81, 1.06) #fs:   0  -- #Conts: 13 H(3)  G(3)  A(2)  E(5) 
 924533067 15208.88 || noQ Q (Avg,Max,Min) (1.01, 1.09, 0.95) (0.98, 0.68, 1.06) #fs:   1  -- #Conts: 13 H(2)  G(4)  A(1)  E(5)  C(1) 
 924601968 14988.18 || noQ Q (Avg,Max,Min) (1.07, 1.75, 1.00) (0.92, 0.14, 1.06) #fs:   0  -- #Conts: 14 H(3)  G(4)  A(1)  E(5)  C(1) 
 924641992 14984.18 || noQ Q (Avg,Max,Min) (1.07, 1.75, 1.00) (0.94, 0.14, 1.06) #fs:   0  -- #Conts: 13 H(3)  G(4)  A(1)  E(5) 
 924773348 14956.65 || noQ Q (Avg,Max,Min) (1.02, 1.09, 1.00) (0.98, 0.68, 1.06) #fs:   0  -- #Conts: 13 H(2)  G(4)  A(1)  E(5)  C(1) 
 925019932 14954.65 || noQ Q (Avg,Max,Min) (1.02, 1.09, 1.00) (0.99, 0.68, 1.06) #fs:   0  -- #Conts: 13 H(2)  G(4)  A(1)  E(5)  C(1) 
 925133816 14952.65 || noQ Q (Avg,Max,Min) (1.01, 1.06, 1.00) (1.01, 0.97, 1.06) #fs:   0  -- #Conts: 12 H(2)  G(4)  A(1)  E(5) 
 925569480 14950.65 || noQ Q (Avg,Max,Min) (1.01, 1.06, 1.00) (1.01, 1.00, 1.06) #fs:   0  -- #Conts: 12 H(2)  G(4)  A(1)  E(5) 
 926034095 14949.65 || noQ Q (Avg,Max,Min) (1.01, 1.06, 1.00) (1.01, 0.98, 1.06) #fs:   0  -- #Conts: 12 H(2)  G(4)  A(1)  E(5) 
 936413716 14948.65 || noQ Q (Avg,Max,Min) (1.01, 1.06, 1.00) (0.99, 0.81, 1.06) #fs:   0  -- #Conts: 14 H(2)  G(4)  A(3)  E(5) 
1072490421 14517.82 || noQ Q (Avg,Max,Min) (1.01, 1.05, 1.00) (1.00, 0.94, 1.05) #fs:   0  -- #Conts: 11 H(2)  G(3)  A(2)  E(4) 
1072616504 14516.82 || noQ Q (Avg,Max,Min) (1.01, 1.05, 1.00) (1.00, 0.94, 1.05) #fs:   0  -- #Conts: 11 H(2)  G(3)  A(2)  E(4) 
1072776871 14514.82 || noQ Q (Avg,Max,Min) (1.01, 1.05, 1.00) (1.00, 0.94, 1.05) #fs:   0  -- #Conts: 11 H(2)  G(3)  A(2)  E(4) 
1081744173 14513.82 || noQ Q (Avg,Max,Min) (1.01, 1.05, 1.00) (0.99, 0.81, 1.05) #fs:   0  -- #Conts: 11 H(2)  G(3)  A(2)  E(4) 
1110200849 14247.65 || noQ Q (Avg,Max,Min) (1.01, 1.05, 1.00) (0.99, 0.81, 1.05) #fs:   0  -- #Conts: 10 H(1)  G(3)  A(2)  E(4) 
1110428852 14246.65 || noQ Q (Avg,Max,Min) (1.01, 1.05, 1.00) (0.99, 0.81, 1.05) #fs:   0  -- #Conts: 10 H(1)  G(3)  A(2)  E(4) 
1110692673 14244.65 || noQ Q (Avg,Max,Min) (1.01, 1.05, 1.00) (1.01, 1.00, 1.05) #fs:   0  -- #Conts: 9 H(1)  G(3)  A(1)  E(4) 
1110920676 14243.65 || noQ Q (Avg,Max,Min) (1.01, 1.05, 1.00) (1.01, 0.99, 1.05) #fs:   0  -- #Conts: 9 H(1)  G(3)  A(1)  E(4) 
1111205464 14241.65 || noQ Q (Avg,Max,Min) (1.01, 1.05, 1.00) (1.01, 1.00, 1.05) #fs:   0  -- #Conts: 9 H(1)  G(3)  A(1)  E(4) 
1111606431 14240.65 || noQ Q (Avg,Max,Min) (1.01, 1.05, 1.00) (1.01, 1.00, 1.05) #fs:   0  -- #Conts: 9 H(1)  G(3)  A(1)  E(4) 
1111881274 14239.65 || noQ Q (Avg,Max,Min) (1.01, 1.05, 1.00) (1.01, 0.99, 1.05) #fs:   0  -- #Conts: 9 H(1)  G(3)  A(1)  E(4) 
1111976746 14238.65 || noQ Q (Avg,Max,Min) (1.01, 1.05, 1.00) (1.01, 1.00, 1.05) #fs:   0  -- #Conts: 9 H(1)  G(3)  A(1)  E(4) 
1112185048 14237.65 || noQ Q (Avg,Max,Min) (1.01, 1.05, 1.00) (1.01, 1.00, 1.05) #fs:   0  -- #Conts: 9 H(1)  G(3)  A(1)  E(4) 
1122579136 14236.65 || noQ Q (Avg,Max,Min) (1.01, 1.05, 1.00) (0.98, 0.81, 1.05) #fs:   0  -- #Conts: 11 H(1)  G(3)  A(3)  E(4) 
1226111849 14002.59 || noQ Q (Avg,Max,Min) (1.07, 1.75, 1.00) (0.93, 0.14, 1.06) #fs:   0  -- #Conts: 13 H(1)  G(4)  A(2)  E(6) 
1226283229 13971.06 || noQ Q (Avg,Max,Min) (1.01, 1.06, 1.00) (0.99, 0.90, 1.06) #fs:   0  -- #Conts: 12 G(4)  A(2)  E(6) 
1226529813 13970.06 || noQ Q (Avg,Max,Min) (1.01, 1.06, 1.00) (0.99, 0.90, 1.06) #fs:   0  -- #Conts: 12 G(4)  A(2)  E(6) 
1226535599 13969.06 || noQ Q (Avg,Max,Min) (1.01, 1.06, 1.00) (1.00, 0.90, 1.06) #fs:   0  -- #Conts: 12 G(4)  A(2)  E(6) 
1226804656 13968.06 || noQ Q (Avg,Max,Min) (1.01, 1.06, 1.00) (0.99, 0.90, 1.06) #fs:   0  -- #Conts: 12 G(4)  A(2)  E(6) 
1227085147 13966.06 || noQ Q (Avg,Max,Min) (1.01, 1.06, 1.00) (1.00, 0.90, 1.06) #fs:   0  -- #Conts: 11 G(4)  A(1)  E(6) 
1227365654 13965.06 || noQ Q (Avg,Max,Min) (1.01, 1.06, 1.00) (1.00, 0.90, 1.06) #fs:   0  -- #Conts: 12 G(4)  A(2)  E(6) 
1227629047 13964.06 || noQ Q (Avg,Max,Min) (1.01, 1.06, 1.00) (1.00, 0.90, 1.06) #fs:   0  -- #Conts: 11 G(4)  A(1)  E(6) 
1315218425 13941.94 || noQ Q (Avg,Max,Min) (1.01, 1.03, 1.00) (0.99, 0.81, 1.02) #fs:   0  -- #Conts: 11 G(5)  A(2)  E(4) 
1315710249 13938.94 || noQ Q (Avg,Max,Min) (1.01, 1.02, 1.00) (1.00, 0.98, 1.02) #fs:   0  -- #Conts: 10 G(5)  A(1)  E(4) 
1334130944 13937.94 || noQ Q (Avg,Max,Min) (1.01, 1.02, 1.00) (1.00, 0.92, 1.02) #fs:   0  -- #Conts: 11 G(5)  A(2)  E(4) 
1587600803 13926.24 || noQ Q (Avg,Max,Min) (1.07, 1.66, 1.00) (0.94, 0.29, 1.05) #fs:   0  -- #Conts: 11 H(1)  G(4)  A(1)  E(5) 
1587835330 13925.24 || noQ Q (Avg,Max,Min) (1.05, 1.42, 1.00) (0.94, 0.34, 1.05) #fs:   1  -- #Conts: 11 H(1)  G(4)  A(1)  E(5) 
1588243426 13897.71 || noQ Q (Avg,Max,Min) (1.01, 1.05, 1.00) (0.99, 0.81, 1.05) #fs:   0  -- #Conts: 11 G(4)  A(2)  E(5) 
1589352646 13894.71 || noQ Q (Avg,Max,Min) (1.01, 1.05, 1.00) (1.01, 0.99, 1.05) #fs:   0  -- #Conts: 10 G(4)  A(1)  E(5) 
1688973035 13863.53 || noQ Q (Avg,Max,Min) (1.06, 1.75, 1.00) (0.93, 0.14, 1.01) #fs:   0  -- #Conts: 13 H(1)  G(3)  A(3)  E(6) 
1689177886 13847.76 || noQ Q (Avg,Max,Min) (1.04, 1.44, 1.00) (0.94, 0.20, 1.01) #fs:   0  -- #Conts: 13 G(4)  A(3)  E(6) 
1689735775 13844.76 || noQ Q (Avg,Max,Min) (1.04, 1.44, 1.00) (0.94, 0.20, 1.01) #fs:   0  -- #Conts: 12 G(4)  A(2)  E(6) 
1689761811 13832.00 || noQ Q (Avg,Max,Min) (1.01, 1.02, 1.00) (1.00, 0.94, 1.01) #fs:   0  -- #Conts: 12 G(3)  A(3)  E(6) 
1690371569 13831.00 || noQ Q (Avg,Max,Min) (1.01, 1.02, 1.00) (1.00, 0.94, 1.01) #fs:   0  -- #Conts: 12 G(3)  A(3)  E(6) 
1792512795 13819.24 || noQ Q (Avg,Max,Min) (1.04, 1.34, 1.00) (0.89, 0.21, 1.01) #fs:   0  -- #Conts: 9 G(4)  A(2)  E(3) 
1793004619 13816.24 || noQ Q (Avg,Max,Min) (1.05, 1.39, 1.00) (0.93, 0.41, 1.01) #fs:   0  -- #Conts: 8 G(4)  A(1)  E(3) 
1793202594 13810.18 || noQ Q (Avg,Max,Min) (1.01, 1.03, 1.00) (0.98, 0.81, 1.01) #fs:   0  -- #Conts: 8 G(3)  A(2)  E(3) 
1794180699 13807.47 || noQ Q (Avg,Max,Min) (1.02, 1.09, 1.00) (0.94, 0.68, 1.01) #fs:   0  -- #Conts: 9 G(3)  A(2)  E(3)  C(1) 
1794311814 13807.18 || noQ Q (Avg,Max,Min) (1.00, 1.01, 1.00) (1.00, 1.00, 1.01) #fs:   0  -- #Conts: 7 G(3)  A(1)  E(3) 
1801887071 13806.47 || noQ Q (Avg,Max,Min) (1.01, 1.03, 1.00) (0.97, 0.81, 1.01) #fs:   0  -- #Conts: 9 G(3)  A(3)  E(3) 
1842103987 13769.94 || noQ Q (Avg,Max,Min) (1.01, 1.05, 1.00) (0.99, 0.81, 1.05) #fs:   0  -- #Conts: 10 G(3)  A(2)  E(5) 
1842595811 13766.94 || noQ Q (Avg,Max,Min) (1.01, 1.05, 1.00) (1.01, 0.99, 1.05) #fs:   0  -- #Conts: 9 G(3)  A(1)  E(5) 
1842839545 13764.94 || noQ Q (Avg,Max,Min) (1.01, 1.05, 1.00) (1.01, 1.00, 1.05) #fs:   0  -- #Conts: 9 G(3)  A(1)  E(5) 
1851468167 13763.94 || noQ Q (Avg,Max,Min) (1.01, 1.05, 1.00) (0.99, 0.86, 1.05) #fs:   0  -- #Conts: 10 G(3)  A(2)  E(5) 
2063805384 13685.65 || noQ Q (Avg,Max,Min) (1.08, 1.75, 1.00) (0.91, 0.14, 1.02) #fs:   0  -- #Conts: 10 H(1)  G(2)  A(2)  E(5) 
2063845408 13682.65 || noQ Q (Avg,Max,Min) (1.09, 1.75, 1.00) (0.91, 0.14, 1.02) #fs:   0  -- #Conts: 9 H(1)  G(2)  A(1)  E(5) 
2063976764 13654.12 || noQ Q (Avg,Max,Min) (1.01, 1.02, 1.00) (1.00, 0.94, 1.02) #fs:   0  -- #Conts: 9 G(2)  A(2)  E(5) 
2064223348 13653.12 || noQ Q (Avg,Max,Min) (1.01, 1.02, 1.00) (1.00, 0.94, 1.01) #fs:   0  -- #Conts: 9 G(2)  A(2)  E(5) 
2064337232 13651.12 || noQ Q (Avg,Max,Min) (1.01, 1.02, 1.00) (1.01, 0.99, 1.02) #fs:   0  -- #Conts: 8 G(2)  A(1)  E(5) 
2064772896 13650.12 || noQ Q (Avg,Max,Min) (1.01, 1.02, 1.00) (1.00, 0.98, 1.02) #fs:   0  -- #Conts: 8 G(2)  A(1)  E(5) 
2065119133 13649.12 || noQ Q (Avg,Max,Min) (1.08, 1.69, 1.00) (0.91, 0.16, 1.02) #fs:   0  -- #Conts: 9 G(2)  A(2)  E(5) 
2065237511 13648.12 || noQ Q (Avg,Max,Min) (1.01, 1.02, 1.00) (1.01, 1.00, 1.02) #fs:   0  -- #Conts: 8 G(2)  A(1)  E(5) 
2065512354 13647.12 || noQ Q (Avg,Max,Min) (1.01, 1.02, 1.00) (1.01, 0.99, 1.02) #fs:   0  -- #Conts: 8 G(2)  A(1)  E(5) 
2065787197 13646.12 || noQ Q (Avg,Max,Min) (1.01, 1.02, 1.00) (1.00, 0.98, 1.02) #fs:   0  -- #Conts: 8 G(2)  A(1)  E(5) 
2065955235 13645.12 || noQ Q (Avg,Max,Min) (0.98, 1.02, 0.73) (0.93, 0.30, 1.02) #fs:   2  -- #Conts: 9 G(2)  A(2)  E(5) 
2066073613 13644.12 || noQ Q (Avg,Max,Min) (1.01, 1.02, 1.00) (1.01, 1.00, 1.02) #fs:   0  -- #Conts: 8 G(2)  A(1)  E(5) 
2183257686 13615.53 || noQ Q (Avg,Max,Min) (1.01, 1.02, 1.00) (1.00, 0.94, 1.01) #fs:   0  -- #Conts: 9 G(2)  A(2)  E(5) 
2183779113 13612.53 || noQ Q (Avg,Max,Min) (1.01, 1.02, 1.00) (1.00, 0.94, 1.01) #fs:   0  -- #Conts: 9 G(2)  A(2)  E(5) 
2184043873 13611.53 || noQ Q (Avg,Max,Min) (1.00, 1.01, 1.00) (1.00, 0.99, 1.01) #fs:   0  -- #Conts: 8 G(2)  A(1)  E(5) 
2184328661 13609.53 || noQ Q (Avg,Max,Min) (1.00, 1.01, 1.00) (1.00, 1.00, 1.01) #fs:   0  -- #Conts: 8 G(2)  A(1)  E(5) 
2194898054 13608.53 || noQ Q (Avg,Max,Min) (1.01, 1.03, 1.00) (0.98, 0.81, 1.01) #fs:   0  -- #Conts: 10 G(2)  A(3)  E(5) 
2364086369 13595.82 || noQ Q (Avg,Max,Min) (1.05, 1.39, 1.00) (0.95, 0.41, 1.04) #fs:   0  -- #Conts: 10 G(3)  A(1)  E(6) 
2364284344 13583.06 || noQ Q (Avg,Max,Min) (1.01, 1.04, 1.00) (0.99, 0.81, 1.04) #fs:   0  -- #Conts: 10 G(2)  A(2)  E(6) 
2364791992 13582.06 || noQ Q (Avg,Max,Min) (1.01, 1.04, 1.00) (0.99, 0.81, 1.04) #fs:   0  -- #Conts: 10 G(2)  A(2)  E(6) 
2365393564 13580.06 || noQ Q (Avg,Max,Min) (1.01, 1.04, 1.00) (1.01, 0.99, 1.04) #fs:   0  -- #Conts: 9 G(2)  A(1)  E(6) 
2376276260 13579.47 || noQ Q (Avg,Max,Min) (1.02, 1.09, 1.00) (0.96, 0.68, 1.04) #fs:   0  -- #Conts: 11 G(2)  A(2)  E(6)  C(1) 
2383076105 13578.47 || noQ Q (Avg,Max,Min) (1.01, 1.04, 1.00) (0.98, 0.81, 1.04) #fs:   0  -- #Conts: 11 G(2)  A(3)  E(6) 
2497780592 7614.71 || noQ Q (Avg,Max,Min) (1.02, 1.09, 1.00) (0.98, 0.68, 1.06) #fs:   0  -- #Conts: 11 H(2)  A(4)  E(4)  C(1) 
2497901263 7610.71 || noQ Q (Avg,Max,Min) (1.01, 1.06, 1.00) (1.01, 1.00, 1.06) #fs:   0  -- #Conts: 10 H(2)  A(4)  E(4) 
2508390182 7609.71 || noQ Q (Avg,Max,Min) (1.01, 1.06, 1.00) (0.99, 0.81, 1.06) #fs:   0  -- #Conts: 12 H(2)  A(6)  E(4) 
2536508639 7501.65 || noQ Q (Avg,Max,Min) (1.01, 1.05, 1.00) (1.01, 0.99, 1.05) #fs:   0  -- #Conts: 11 H(2)  A(5)  G(1)  E(3) 
2536776096 7500.65 || noQ Q (Avg,Max,Min) (1.01, 1.05, 1.00) (1.01, 0.99, 1.05) #fs:   0  -- #Conts: 11 H(2)  A(5)  G(1)  E(3) 
2545752693 7499.65 || noQ Q (Avg,Max,Min) (1.01, 1.05, 1.00) (0.99, 0.81, 1.05) #fs:   0  -- #Conts: 12 H(2)  A(6)  G(1)  E(3) 
2547164974 7498.65 || noQ Q (Avg,Max,Min) (1.01, 1.05, 1.00) (0.99, 0.81, 1.05) #fs:   0  -- #Conts: 13 H(2)  A(7)  G(1)  E(3) 
2630138879 7373.88 || noQ Q (Avg,Max,Min) (1.07, 1.59, 1.00) (0.93, 0.15, 1.06) #fs:   0  -- #Conts: 11 H(3)  A(5)  G(1)  E(2) 
2630345759 7345.35 || noQ Q (Avg,Max,Min) (1.01, 1.07, 1.00) (0.99, 0.81, 1.06) #fs:   0  -- #Conts: 11 H(2)  A(6)  G(1)  E(2) 
2630573762 7344.35 || noQ Q (Avg,Max,Min) (1.02, 1.07, 1.00) (0.99, 0.81, 1.06) #fs:   0  -- #Conts: 11 H(2)  A(6)  G(1)  E(2) 
2630837583 7342.35 || noQ Q (Avg,Max,Min) (1.01, 1.07, 1.00) (1.01, 0.99, 1.06) #fs:   0  -- #Conts: 10 H(2)  A(5)  G(1)  E(2) 
2651402020 7107.59 || noQ Q (Avg,Max,Min) (1.08, 1.75, 1.00) (0.93, 0.14, 1.06) #fs:   0  -- #Conts: 11 H(2)  A(5)  G(2)  E(2) 
2651442044 7105.59 || noQ Q (Avg,Max,Min) (1.16, 1.89, 1.00) (0.85, 0.13, 1.06) #fs:   0  -- #Conts: 11 H(2)  A(5)  G(2)  E(2) 
2651573400 7076.06 || noQ Q (Avg,Max,Min) (1.02, 1.07, 1.00) (1.01, 0.98, 1.06) #fs:   0  -- #Conts: 10 H(1)  A(5)  G(2)  E(2) 
2651933868 7074.06 || noQ Q (Avg,Max,Min) (1.10, 1.89, 1.00) (0.93, 0.13, 1.06) #fs:   0  -- #Conts: 10 H(1)  A(5)  G(2)  E(2) 
2652126533 7073.06 || noQ Q (Avg,Max,Min) (1.01, 1.07, 1.00) (1.01, 1.00, 1.06) #fs:   0  -- #Conts: 9 H(1)  A(4)  G(2)  E(2) 
2652359587 7072.06 || noQ Q (Avg,Max,Min) (1.01, 1.07, 1.00) (1.01, 1.00, 1.06) #fs:   0  -- #Conts: 9 H(1)  A(4)  G(2)  E(2) 
2652770499 7071.06 || noQ Q (Avg,Max,Min) (1.01, 1.07, 1.00) (1.01, 1.00, 1.06) #fs:   0  -- #Conts: 9 H(1)  A(4)  G(2)  E(2) 
2663150120 7070.06 || noQ Q (Avg,Max,Min) (1.02, 1.07, 1.00) (0.99, 0.81, 1.06) #fs:   0  -- #Conts: 11 H(1)  A(6)  G(2)  E(2) 
2694638697 6954.18 || noQ Q (Avg,Max,Min) (1.01, 1.05, 1.00) (0.99, 0.81, 1.05) #fs:   0  -- #Conts: 11 A(6)  G(2)  E(3) 
2695130521 6951.18 || noQ Q (Avg,Max,Min) (1.01, 1.05, 1.00) (1.01, 1.00, 1.05) #fs:   0  -- #Conts: 10 A(5)  G(2)  E(3) 
2695368469 6949.18 || noQ Q (Avg,Max,Min) (1.01, 1.05, 1.00) (1.01, 1.00, 1.05) #fs:   0  -- #Conts: 10 A(5)  G(2)  E(3) 
2705926289 6948.18 || noQ Q (Avg,Max,Min) (1.01, 1.05, 1.00) (0.99, 0.81, 1.05) #fs:   0  -- #Conts: 12 A(7)  G(2)  E(3) 
2888526600 6923.47 || noQ Q (Avg,Max,Min) (1.01, 1.06, 1.00) (0.99, 0.81, 1.06) #fs:   0  -- #Conts: 12 A(6)  G(2)  E(4) 
2888754603 6922.47 || noQ Q (Avg,Max,Min) (1.01, 1.06, 1.00) (0.99, 0.81, 1.06) #fs:   0  -- #Conts: 12 A(6)  G(2)  E(4) 
2889018424 6920.47 || noQ Q (Avg,Max,Min) (1.01, 1.06, 1.00) (1.01, 0.99, 1.06) #fs:   0  -- #Conts: 11 A(5)  G(2)  E(4) 
3114263206 6889.29 || noQ Q (Avg,Max,Min) (1.07, 1.75, 1.00) (0.93, 0.14, 1.02) #fs:   0  -- #Conts: 12 H(1)  A(6)  G(1)  E(4) 
3114468057 6873.53 || noQ Q (Avg,Max,Min) (1.04, 1.44, 1.00) (0.93, 0.20, 1.02) #fs:   0  -- #Conts: 12 A(6)  G(2)  E(4) 
3115025946 6870.53 || noQ Q (Avg,Max,Min) (1.04, 1.44, 1.00) (0.93, 0.20, 1.02) #fs:   0  -- #Conts: 11 A(5)  G(2)  E(4) 
3115051982 6857.76 || noQ Q (Avg,Max,Min) (1.01, 1.02, 1.00) (1.00, 0.94, 1.02) #fs:   0  -- #Conts: 11 A(6)  G(1)  E(4) 
3115661740 6855.76 || noQ Q (Avg,Max,Min) (1.01, 1.02, 1.00) (1.00, 0.94, 1.02) #fs:   0  -- #Conts: 11 A(6)  G(1)  E(4) 
3171751678 6850.65 || noQ Q (Avg,Max,Min) (1.06, 1.59, 1.00) (0.92, 0.15, 1.04) #fs:   0  -- #Conts: 12 H(1)  A(6)  G(1)  E(4) 
3171991475 6834.88 || noQ Q (Avg,Max,Min) (1.04, 1.34, 1.00) (0.92, 0.21, 1.04) #fs:   0  -- #Conts: 12 A(6)  G(2)  E(4) 
3172294338 6831.88 || noQ Q (Avg,Max,Min) (1.04, 1.34, 1.00) (0.93, 0.21, 1.04) #fs:   0  -- #Conts: 11 A(5)  G(2)  E(4) 
3172681274 6819.12 || noQ Q (Avg,Max,Min) (1.01, 1.04, 1.00) (0.99, 0.81, 1.04) #fs:   0  -- #Conts: 11 A(6)  G(1)  E(4) 
3173188922 6818.12 || noQ Q (Avg,Max,Min) (1.01, 1.04, 1.00) (0.99, 0.81, 1.04) #fs:   0  -- #Conts: 11 A(6)  G(1)  E(4) 
3173790494 6816.12 || noQ Q (Avg,Max,Min) (1.01, 1.04, 1.00) (1.01, 0.99, 1.04) #fs:   0  -- #Conts: 10 A(5)  G(1)  E(4) 
3183766663 6815.53 || noQ Q (Avg,Max,Min) (1.02, 1.11, 1.00) (0.94, 0.59, 1.04) #fs:   0  -- #Conts: 12 A(5)  G(1)  E(4)  C(2) 
3184673190 6814.53 || noQ Q (Avg,Max,Min) (1.02, 1.09, 1.00) (0.96, 0.68, 1.04) #fs:   0  -- #Conts: 12 A(6)  G(1)  E(4)  C(1) 
3191473035 6813.53 || noQ Q (Avg,Max,Min) (1.01, 1.04, 1.00) (0.98, 0.81, 1.04) #fs:   0  -- #Conts: 12 A(7)  G(1)  E(4) 
3365820970 6801.76 || noQ Q (Avg,Max,Min) (1.04, 1.34, 1.00) (0.91, 0.21, 1.01) #fs:   0  -- #Conts: 11 A(7)  G(1)  E(3) 
3366312794 6798.76 || noQ Q (Avg,Max,Min) (1.04, 1.39, 1.00) (0.94, 0.41, 1.01) #fs:   0  -- #Conts: 10 A(6)  G(1)  E(3) 
3366510769 6792.71 || noQ Q (Avg,Max,Min) (1.01, 1.03, 1.00) (0.98, 0.81, 1.01) #fs:   0  -- #Conts: 10 A(7)  E(3) 
3367488874 6790.00 || noQ Q (Avg,Max,Min) (1.01, 1.09, 1.00) (0.95, 0.68, 1.01) #fs:   0  -- #Conts: 11 A(7)  E(3)  C(1) 
3367619989 6789.71 || noQ Q (Avg,Max,Min) (1.00, 1.01, 1.00) (1.00, 0.99, 1.01) #fs:   0  -- #Conts: 9 A(6)  E(3) 
3375195246 6789.00 || noQ Q (Avg,Max,Min) (1.01, 1.03, 1.00) (0.98, 0.81, 1.01) #fs:   0  -- #Conts: 11 A(8)  E(3) 
4397407934 5965.82 || noQ Q (Avg,Max,Min) (1.06, 1.59, 1.00) (0.91, 0.15, 1.06) #fs:   0  -- #Conts: 11 H(2)  A(7)  E(2) 
4397647731 5950.06 || noQ Q (Avg,Max,Min) (1.04, 1.34, 1.00) (0.92, 0.21, 1.06) #fs:   0  -- #Conts: 11 H(1)  A(7)  G(1)  E(2) 
4398139555 5947.06 || noQ Q (Avg,Max,Min) (1.05, 1.39, 1.00) (0.95, 0.41, 1.06) #fs:   0  -- #Conts: 10 H(1)  A(6)  G(1)  E(2) 
4398370447 5941.00 || noQ Q (Avg,Max,Min) (1.02, 1.15, 1.00) (0.94, 0.42, 1.06) #fs:   0  -- #Conts: 11 H(1)  A(7)  E(3) 
4399315635 5938.29 || noQ Q (Avg,Max,Min) (1.02, 1.09, 1.00) (0.96, 0.68, 1.06) #fs:   0  -- #Conts: 11 H(1)  A(7)  E(2)  C(1) 
4399479667 5938.00 || noQ Q (Avg,Max,Min) (1.03, 1.17, 1.00) (0.99, 0.78, 1.06) #fs:   0  -- #Conts: 10 H(1)  A(6)  E(3) 
4405341374 5937.29 || noQ Q (Avg,Max,Min) (1.02, 1.09, 1.00) (0.98, 0.68, 1.06) #fs:   0  -- #Conts: 10 H(1)  A(6)  E(2)  C(1) 
4415489090 5936.29 || noQ Q (Avg,Max,Min) (1.01, 1.07, 1.00) (1.01, 0.99, 1.06) #fs:   0  -- #Conts: 9 H(1)  A(6)  E(2) 
4430139251 5014.76 || noQ Q (Avg,Max,Min) (1.09, 1.75, 1.00) (0.90, 0.14, 1.07) #fs:   0  -- #Conts: 11 H(2)  A(6)  E(2)  C(1) 
4430344102 4999.00 || noQ Q (Avg,Max,Min) (1.06, 1.44, 1.00) (0.91, 0.20, 1.07) #fs:   0  -- #Conts: 11 H(1)  A(6)  G(1)  E(2)  C(1) 
4430394325 4997.00 || noQ Q (Avg,Max,Min) (1.06, 1.44, 1.00) (0.93, 0.20, 1.07) #fs:   0  -- #Conts: 10 H(1)  A(6)  G(1)  E(2) 
4430961498 4987.94 || noQ Q (Avg,Max,Min) (1.03, 1.19, 1.00) (0.95, 0.37, 1.07) #fs:   0  -- #Conts: 10 H(1)  A(6)  E(3) 
4431768945 4985.24 || noQ Q (Avg,Max,Min) (1.02, 1.11, 1.00) (0.97, 0.59, 1.07) #fs:   0  -- #Conts: 10 H(1)  A(6)  E(2)  C(1) 
4438318807 4983.24 || noQ Q (Avg,Max,Min) (1.01, 1.07, 1.00) (1.01, 1.00, 1.07) #fs:   0  -- #Conts: 9 H(1)  A(6)  E(2) 
4461730076 4892.59 || noQ Q (Avg,Max,Min) (1.06, 1.59, 1.00) (0.91, 0.15, 1.05) #fs:   0  -- #Conts: 14 H(1)  A(7)  G(1)  E(4)  C(1) 
4461969873 4876.82 || noQ Q (Avg,Max,Min) (1.04, 1.34, 1.00) (0.92, 0.21, 1.05) #fs:   0  -- #Conts: 14 A(7)  G(2)  E(4)  C(1) 
4462461697 4872.82 || noQ Q (Avg,Max,Min) (1.04, 1.39, 1.00) (0.96, 0.41, 1.05) #fs:   0  -- #Conts: 13 A(7)  G(2)  E(4) 
4462692589 4867.76 || noQ Q (Avg,Max,Min) (1.01, 1.11, 0.97) (0.96, 0.59, 1.05) #fs:   1  -- #Conts: 13 A(7)  G(1)  E(4)  C(1) 
4463637777 4865.06 || noQ Q (Avg,Max,Min) (1.02, 1.11, 1.00) (0.95, 0.59, 1.05) #fs:   0  -- #Conts: 14 A(7)  G(1)  E(4)  C(2) 
4464653551 4864.06 || noQ Q (Avg,Max,Min) (1.02, 1.09, 1.00) (0.98, 0.68, 1.05) #fs:   0  -- #Conts: 13 A(7)  G(1)  E(4)  C(1) 
4469663516 4863.06 || noQ Q (Avg,Max,Min) (1.02, 1.09, 1.00) (0.98, 0.68, 1.05) #fs:   0  -- #Conts: 13 A(7)  G(1)  E(4)  C(1) 
4479811232 4862.06 || noQ Q (Avg,Max,Min) (1.01, 1.05, 1.00) (1.00, 0.90, 1.05) #fs:   0  -- #Conts: 12 A(7)  G(1)  E(4) 
4655588775 4861.88 || noQ Q (Avg,Max,Min) (1.06, 1.59, 1.00) (0.93, 0.15, 1.06) #fs:   0  -- #Conts: 11 H(1)  A(6)  E(4) 
4655828572 4846.12 || noQ Q (Avg,Max,Min) (1.04, 1.34, 1.00) (0.94, 0.21, 1.06) #fs:   0  -- #Conts: 11 A(6)  G(1)  E(4) 
4656320396 4843.12 || noQ Q (Avg,Max,Min) (1.04, 1.39, 1.00) (0.95, 0.41, 1.06) #fs:   0  -- #Conts: 11 A(6)  G(1)  E(4) 
4656551288 4837.06 || noQ Q (Avg,Max,Min) (1.02, 1.15, 1.00) (0.96, 0.42, 1.06) #fs:   0  -- #Conts: 11 A(6)  E(5) 
4657496476 4834.35 || noQ Q (Avg,Max,Min) (1.02, 1.09, 1.00) (0.98, 0.68, 1.06) #fs:   0  -- #Conts: 11 A(6)  E(4)  C(1) 
4657660508 4834.06 || noQ Q (Avg,Max,Min) (1.02, 1.17, 1.00) (0.99, 0.78, 1.06) #fs:   0  -- #Conts: 11 A(6)  E(5) 
4663522215 4833.35 || noQ Q (Avg,Max,Min) (1.02, 1.09, 1.00) (0.98, 0.68, 1.06) #fs:   0  -- #Conts: 11 A(6)  E(4)  C(1) 
4673669931 4832.35 || noQ Q (Avg,Max,Min) (1.01, 1.06, 1.00) (1.01, 1.00, 1.06) #fs:   0  -- #Conts: 10 A(6)  E(4) 
6444232567 4811.71 || noQ Q (Avg,Max,Min) (1.07, 1.59, 1.00) (0.91, 0.15, 1.05) #fs:   1  -- #Conts: 9 H(1)  A(5)  E(3) 
6444472364 4795.94 || noQ Q (Avg,Max,Min) (1.05, 1.34, 1.00) (0.92, 0.21, 1.05) #fs:   1  -- #Conts: 9 A(5)  G(1)  E(3) 
6444964188 4793.94 || noQ Q (Avg,Max,Min) (1.05, 1.39, 1.00) (0.94, 0.41, 1.05) #fs:   1  -- #Conts: 9 A(5)  G(1)  E(3) 
6445195080 4786.88 || noQ Q (Avg,Max,Min) (1.03, 1.15, 1.00) (0.94, 0.42, 1.05) #fs:   1  -- #Conts: 9 A(5)  E(4) 
6446140268 4784.18 || noQ Q (Avg,Max,Min) (1.02, 1.09, 1.00) (0.97, 0.68, 1.05) #fs:   1  -- #Conts: 9 A(5)  E(3)  C(1) 
6446911128 4783.88 || noQ Q (Avg,Max,Min) (1.03, 1.17, 1.00) (0.99, 0.84, 1.05) #fs:   1  -- #Conts: 9 A(5)  E(4) 
6463040561 4783.18 || noQ Q (Avg,Max,Min) (1.01, 1.05, 1.00) (1.01, 0.99, 1.05) #fs:   1  -- #Conts: 8 A(5)  E(3) 
/////////////////size: 180
nodes 48 edges 56
 mulT: 5000 mulD: 20000  sumData GB 26976
pareto /SIPHT.n.50.0.dax time -> 959.0
moheft /SIPHT.n.50.0.dax time -> 1896.0
distance from M to C 0.0
distance from P to C 264.89970002369677
distance from C to M 14.191304612251226
distance from C to P 311.2335957626675
toCompare: /SIPHT.n.50.0.dax sumDataGB: 26976 mulT: 5000 mulD: 20000 paretoOptTime_MS: 959.0 MoheftOptimizationTime_MS: 1896.0 MtoC 0.0 PtoC 264.89970002369677 CtoM 14.191304612251226 CtoP 311.2335957626675
