specify -Dflow d,b,mt,md,size
Running /home/vaggelis/jc/LIGO.n.50.0.dax mt 10000 md: 1 size null
 466181740 36999.76 || noQ Q (Avg,Max,Min) (1.00, 1.00, 1.00) (0.99, 0.98, 1.00) #fs:   0  -- #Conts: 23 H(20)  G(3) 
 469456149 36857.88 || noQ Q (Avg,Max,Min) (1.00, 1.00, 0.99) (0.99, 0.98, 1.00) #fs:   1  -- #Conts: 23 H(19)  G(4) 
 469865120 36794.82 || noQ Q (Avg,Max,Min) (1.00, 1.00, 1.00) (0.99, 0.98, 1.00) #fs:   0  -- #Conts: 23 H(19)  G(4) 
 474495895 36731.76 || noQ Q (Avg,Max,Min) (1.00, 1.00, 0.97) (0.99, 0.95, 1.00) #fs:   1  -- #Conts: 23 H(18)  G(5) 
 614590424 36290.00 || noQ Q (Avg,Max,Min) (1.00, 1.00, 0.98) (0.98, 0.85, 1.00) #fs:   3  -- #Conts: 23 H(17)  G(5)  E(1) 
 617834837 36148.12 || noQ Q (Avg,Max,Min) (1.00, 1.00, 0.98) (0.98, 0.85, 1.00) #fs:   4  -- #Conts: 23 H(16)  G(6)  E(1) 
 618933274 36006.24 || noQ Q (Avg,Max,Min) (1.00, 1.00, 0.98) (0.98, 0.85, 1.00) #fs:   2  -- #Conts: 23 H(16)  G(6)  E(1) 
 622177687 35864.35 || noQ Q (Avg,Max,Min) (1.00, 1.00, 0.98) (0.98, 0.85, 1.00) #fs:   3  -- #Conts: 23 H(15)  G(7)  E(1) 
 809385947 31907.76 || noQ Q (Avg,Max,Min) (1.00, 1.00, 1.00) (0.99, 0.97, 1.00) #fs:   1  -- #Conts: 25 G(25) 
 971653118 31812.12 || noQ Q (Avg,Max,Min) (1.00, 1.00, 1.00) (0.99, 0.91, 1.00) #fs:   3  -- #Conts: 25 G(23)  E(2) 
1115288841 31739.88 || noQ Q (Avg,Max,Min) (1.00, 1.00, 1.00) (0.99, 0.91, 1.00) #fs:   2  -- #Conts: 25 G(21)  E(4) 
1122981118 31714.24 || noQ Q (Avg,Max,Min) (1.00, 1.00, 0.99) (0.99, 0.91, 1.00) #fs:   3  -- #Conts: 25 G(20)  E(5) 
1809320319 30538.59 || noQ Q (Avg,Max,Min) (1.00, 1.00, 1.00) (1.00, 0.97, 1.00) #fs:   3  -- #Conts: 24 E(24) 
2209853084 30531.88 || noQ Q (Avg,Max,Min) (1.00, 1.00, 1.00) (1.00, 0.97, 1.00) #fs:   3  -- #Conts: 22 E(22) 
2325551241 30525.18 || noQ Q (Avg,Max,Min) (1.00, 1.00, 1.00) (1.00, 0.97, 1.00) #fs:   3  -- #Conts: 22 E(22) 
2835988099 30518.47 || noQ Q (Avg,Max,Min) (1.00, 1.00, 1.00) (1.00, 0.97, 1.00) #fs:   4  -- #Conts: 18 E(18) 
2943203987 30511.76 || noQ Q (Avg,Max,Min) (1.00, 1.00, 1.00) (1.00, 0.97, 1.00) #fs:   4  -- #Conts: 18 E(18) 
3284739306 30505.06 || noQ Q (Avg,Max,Min) (1.00, 1.00, 1.00) (1.00, 0.97, 1.00) #fs:   4  -- #Conts: 18 E(18) 
4768144759 20993.00 || noQ Q (Avg,Max,Min) (0.98, 1.00, 0.51) (0.98, 0.51, 1.00) #fs:   6  -- #Conts: 23 A(16)  C(7) 
4770544761 20604.00 || noQ Q (Avg,Max,Min) (0.98, 1.00, 0.51) (0.98, 0.51, 1.00) #fs:   6  -- #Conts: 23 A(17)  C(6) 
4770644758 20588.00 || noQ Q (Avg,Max,Min) (0.98, 1.00, 0.51) (0.98, 0.51, 1.00) #fs:   5  -- #Conts: 23 A(17)  C(6) 
4770644762 20147.00 || noQ Q (Avg,Max,Min) (0.98, 1.00, 0.51) (0.98, 0.51, 1.00) #fs:   6  -- #Conts: 23 A(18)  C(5) 
4771244760 19195.00 || noQ Q (Avg,Max,Min) (0.98, 1.00, 0.51) (0.98, 0.51, 1.00) #fs:   6  -- #Conts: 23 A(19)  C(4) 
4772344758 18843.00 || noQ Q (Avg,Max,Min) (0.98, 1.00, 0.51) (0.98, 0.51, 1.00) #fs:   6  -- #Conts: 23 A(20)  C(3) 
4773644759 18043.00 || noQ Q (Avg,Max,Min) (0.98, 1.00, 0.51) (0.98, 0.51, 1.00) #fs:   6  -- #Conts: 23 A(21)  C(2) 
4775344758 16968.00 || noQ Q (Avg,Max,Min) (0.98, 1.00, 0.51) (0.98, 0.51, 1.00) #fs:   6  -- #Conts: 23 A(22)  C(1) 
4814967305 15131.00 || noQ Q (Avg,Max,Min) (1.00, 1.00, 1.00) (1.00, 1.00, 1.00) #fs:   5  -- #Conts: 23 A(23) 
6894650953 15129.00 || noQ Q (Avg,Max,Min) (1.00, 1.00, 1.00) (1.00, 1.00, 1.00) #fs:   1  -- #Conts: 21 A(21) 
8977334600 15128.00 || noQ Q (Avg,Max,Min) (1.00, 1.00, 1.00) (1.00, 1.00, 1.00) #fs:   1  -- #Conts: 19 A(19) 
8977534599 15127.00 || noQ Q (Avg,Max,Min) (1.00, 1.00, 1.00) (1.00, 1.00, 1.00) #fs:   1  -- #Conts: 19 A(19) 
/////////////////size: 30
 957026987 31990.82 || noQ Q (Avg,Max,Min) (1.00, 1.00, 1.00) (0.99, 0.94, 1.00) #fs:   0  -- #Conts: 31 H(1)  G(18)  E(11)  C(1) 
 967401896 31969.06 || noQ Q (Avg,Max,Min) (1.00, 1.00, 1.00) (0.99, 0.94, 1.00) #fs:   0  -- #Conts: 32 H(2)  G(18)  E(11)  C(1) 
1075767171 31886.24 || noQ Q (Avg,Max,Min) (1.00, 1.00, 1.00) (0.99, 0.94, 1.00) #fs:   1  -- #Conts: 32 H(2)  G(18)  E(11)  C(1) 
1148899133 31775.88 || noQ Q (Avg,Max,Min) (1.00, 1.00, 1.00) (0.97, 0.48, 1.00) #fs:   1  -- #Conts: 33 H(2)  G(19)  E(11)  C(1) 
1150125828 31760.12 || noQ Q (Avg,Max,Min) (1.00, 1.00, 1.00) (0.99, 0.94, 1.00) #fs:   1  -- #Conts: 32 H(1)  G(19)  E(11)  C(1) 
1153822944 31757.76 || noQ Q (Avg,Max,Min) (1.00, 1.00, 1.00) (0.99, 0.92, 1.00) #fs:   1  -- #Conts: 33 H(1)  G(19)  E(12)  C(1) 
1262784270 31754.71 || noQ Q (Avg,Max,Min) (1.00, 1.00, 1.00) (0.97, 0.48, 1.00) #fs:   0  -- #Conts: 31 H(2)  G(18)  E(10)  C(1) 
1264010965 31738.94 || noQ Q (Avg,Max,Min) (1.00, 1.00, 1.00) (0.99, 0.95, 1.00) #fs:   0  -- #Conts: 30 H(1)  G(18)  E(10)  C(1) 
1264090499 31710.82 || noQ Q (Avg,Max,Min) (1.00, 1.00, 1.00) (0.97, 0.48, 1.00) #fs:   0  -- #Conts: 32 H(1)  G(18)  E(12)  C(1) 
1265317194 31695.06 || noQ Q (Avg,Max,Min) (1.00, 1.00, 1.00) (0.99, 0.94, 1.00) #fs:   0  -- #Conts: 31 G(18)  E(12)  C(1) 
1269014310 31692.71 || noQ Q (Avg,Max,Min) (1.00, 1.00, 1.00) (0.99, 0.92, 1.00) #fs:   0  -- #Conts: 32 G(18)  E(13)  C(1) 
1416770040 31624.47 || noQ Q (Avg,Max,Min) (1.00, 1.00, 1.00) (0.98, 0.48, 1.00) #fs:   0  -- #Conts: 30 H(2)  G(18)  E(9)  C(1) 
1417996737 31608.71 || noQ Q (Avg,Max,Min) (1.00, 1.00, 1.00) (0.99, 0.95, 1.00) #fs:   0  -- #Conts: 29 H(1)  G(18)  E(9)  C(1) 
1418076269 31580.59 || noQ Q (Avg,Max,Min) (1.00, 1.00, 1.00) (0.97, 0.48, 1.00) #fs:   0  -- #Conts: 30 H(1)  G(17)  E(11)  C(1) 
1419302966 31564.82 || noQ Q (Avg,Max,Min) (1.00, 1.00, 1.00) (0.99, 0.95, 1.00) #fs:   0  -- #Conts: 29 G(17)  E(11)  C(1) 
1423000080 31562.47 || noQ Q (Avg,Max,Min) (1.00, 1.00, 1.00) (0.99, 0.92, 1.00) #fs:   0  -- #Conts: 30 G(17)  E(12)  C(1) 
1425428475 31558.12 || noQ Q (Avg,Max,Min) (1.00, 1.00, 1.00) (0.99, 0.95, 1.00) #fs:   0  -- #Conts: 29 G(17)  E(11)  C(1) 
1429125591 31555.76 || noQ Q (Avg,Max,Min) (1.00, 1.00, 1.00) (0.99, 0.92, 1.00) #fs:   0  -- #Conts: 30 G(17)  E(12)  C(1) 
1655798860 31513.76 || noQ Q (Avg,Max,Min) (1.00, 1.00, 1.00) (0.99, 0.95, 1.00) #fs:   0  -- #Conts: 23 H(1)  G(9)  E(12)  C(1) 
1728930822 31403.41 || noQ Q (Avg,Max,Min) (1.00, 1.00, 1.00) (0.97, 0.48, 1.00) #fs:   0  -- #Conts: 24 H(1)  G(10)  E(12)  C(1) 
1730157517 31387.65 || noQ Q (Avg,Max,Min) (1.00, 1.00, 1.00) (0.99, 0.95, 1.00) #fs:   0  -- #Conts: 23 G(10)  E(12)  C(1) 
1733854633 31385.29 || noQ Q (Avg,Max,Min) (1.00, 1.00, 1.00) (0.99, 0.92, 1.00) #fs:   0  -- #Conts: 24 G(10)  E(13)  C(1) 
1777031631 31384.82 || noQ Q (Avg,Max,Min) (1.00, 1.00, 1.00) (1.00, 0.95, 1.00) #fs:   0  -- #Conts: 23 H(1)  G(11)  E(10)  C(1) 
1777111163 31382.47 || noQ Q (Avg,Max,Min) (1.00, 1.00, 1.00) (0.97, 0.48, 1.00) #fs:   0  -- #Conts: 23 H(1)  G(10)  E(11)  C(1) 
1778337860 31366.71 || noQ Q (Avg,Max,Min) (1.00, 1.00, 1.00) (0.99, 0.95, 1.00) #fs:   0  -- #Conts: 22 G(10)  E(11)  C(1) 
1782034974 31364.35 || noQ Q (Avg,Max,Min) (1.00, 1.00, 1.00) (0.99, 0.92, 1.00) #fs:   0  -- #Conts: 23 G(10)  E(12)  C(1) 
1783236674 31346.24 || noQ Q (Avg,Max,Min) (1.00, 1.00, 1.00) (0.97, 0.48, 1.00) #fs:   0  -- #Conts: 23 H(1)  G(9)  E(12)  C(1) 
1784463369 31330.47 || noQ Q (Avg,Max,Min) (1.00, 1.00, 1.00) (0.99, 0.95, 1.00) #fs:   0  -- #Conts: 22 G(9)  E(12)  C(1) 
1788160485 31328.12 || noQ Q (Avg,Max,Min) (1.00, 1.00, 1.00) (0.99, 0.92, 1.00) #fs:   0  -- #Conts: 23 G(9)  E(13)  C(1) 
1973719829 31310.00 || noQ Q (Avg,Max,Min) (1.00, 1.00, 1.00) (0.97, 0.48, 1.00) #fs:   0  -- #Conts: 21 H(1)  G(8)  E(11)  C(1) 
1974946528 31294.24 || noQ Q (Avg,Max,Min) (1.00, 1.00, 1.00) (0.98, 0.82, 1.00) #fs:   0  -- #Conts: 21 G(9)  E(11)  C(1) 
1978643638 31291.88 || noQ Q (Avg,Max,Min) (1.00, 1.00, 1.00) (0.99, 0.95, 1.00) #fs:   0  -- #Conts: 20 G(8)  E(11)  C(1) 
1995578019 31288.59 || noQ Q (Avg,Max,Min) (1.00, 1.00, 1.00) (0.99, 0.82, 1.00) #fs:   0  -- #Conts: 21 G(9)  E(11)  C(1) 
1999275127 31279.53 || noQ Q (Avg,Max,Min) (1.00, 1.00, 1.00) (0.99, 0.95, 1.00) #fs:   0  -- #Conts: 20 G(8)  E(11)  C(1) 
2089757740 31203.18 || noQ Q (Avg,Max,Min) (1.00, 1.00, 1.00) (0.97, 0.48, 1.00) #fs:   1  -- #Conts: 22 H(2)  G(7)  E(12)  C(1) 
2090984439 31187.41 || noQ Q (Avg,Max,Min) (1.00, 1.00, 1.00) (0.99, 0.82, 1.00) #fs:   1  -- #Conts: 22 H(1)  G(8)  E(12)  C(1) 
2094681548 31185.06 || noQ Q (Avg,Max,Min) (1.00, 1.00, 1.00) (0.99, 0.95, 1.00) #fs:   1  -- #Conts: 21 H(1)  G(7)  E(12)  C(1) 
2115534881 31183.65 || noQ Q (Avg,Max,Min) (1.00, 1.00, 1.00) (0.99, 0.95, 1.00) #fs:   1  -- #Conts: 21 H(1)  G(7)  E(12)  C(1) 
2123613876 31181.29 || noQ Q (Avg,Max,Min) (1.00, 1.00, 1.00) (0.99, 0.95, 1.00) #fs:   1  -- #Conts: 22 G(7)  E(14)  C(1) 
2127401347 31178.94 || noQ Q (Avg,Max,Min) (1.00, 1.00, 1.00) (0.98, 0.82, 1.00) #fs:   1  -- #Conts: 20 G(8)  E(11)  C(1) 
2131098454 31169.88 || noQ Q (Avg,Max,Min) (1.00, 1.00, 1.00) (0.99, 0.95, 1.00) #fs:   1  -- #Conts: 19 G(7)  E(11)  C(1) 
2208323268 31083.76 || noQ Q (Avg,Max,Min) (1.00, 1.00, 1.00) (0.97, 0.48, 1.00) #fs:   1  -- #Conts: 22 H(2)  G(6)  E(13)  C(1) 
2209549963 31068.00 || noQ Q (Avg,Max,Min) (1.00, 1.00, 1.00) (1.00, 0.95, 1.00) #fs:   1  -- #Conts: 21 H(1)  G(6)  E(13)  C(1) 
2213247079 31065.65 || noQ Q (Avg,Max,Min) (1.00, 1.00, 1.00) (0.99, 0.92, 1.00) #fs:   1  -- #Conts: 22 H(1)  G(6)  E(14)  C(1) 
2233623607 31025.65 || noQ Q (Avg,Max,Min) (1.00, 1.00, 1.00) (0.97, 0.48, 1.00) #fs:   0  -- #Conts: 21 H(1)  G(6)  E(13)  C(1) 
2234850302 31009.88 || noQ Q (Avg,Max,Min) (1.00, 1.00, 1.00) (1.00, 0.95, 1.00) #fs:   0  -- #Conts: 20 G(6)  E(13)  C(1) 
2238547418 31007.53 || noQ Q (Avg,Max,Min) (1.00, 1.00, 1.00) (0.99, 0.92, 1.00) #fs:   0  -- #Conts: 21 G(6)  E(14)  C(1) 
2454033962 30990.82 || noQ Q (Avg,Max,Min) (1.00, 1.00, 1.00) (0.97, 0.48, 1.00) #fs:   0  -- #Conts: 20 H(1)  G(5)  E(13)  C(1) 
2455260661 30975.06 || noQ Q (Avg,Max,Min) (1.00, 1.00, 1.00) (0.99, 0.82, 1.00) #fs:   0  -- #Conts: 20 G(6)  E(13)  C(1) 
2458957769 30972.71 || noQ Q (Avg,Max,Min) (1.00, 1.00, 1.00) (1.00, 0.95, 1.00) #fs:   0  -- #Conts: 19 G(5)  E(13)  C(1) 
2600996381 30803.82 || noQ Q (Avg,Max,Min) (1.00, 1.00, 1.00) (0.97, 0.48, 1.00) #fs:   0  -- #Conts: 28 H(1)  G(16)  A(1)  E(9)  C(1) 
2602223080 30788.06 || noQ Q (Avg,Max,Min) (1.00, 1.00, 1.00) (0.98, 0.82, 1.00) #fs:   0  -- #Conts: 28 G(17)  A(1)  E(9)  C(1) 
2605920192 30785.71 || noQ Q (Avg,Max,Min) (1.00, 1.00, 1.00) (0.99, 0.92, 1.00) #fs:   0  -- #Conts: 28 G(16)  A(1)  E(10)  C(1) 
2606789161 30174.71 || noQ Q (Avg,Max,Min) (1.00, 1.00, 1.00) (0.97, 0.48, 1.00) #fs:   1  -- #Conts: 30 H(2)  G(15)  A(2)  E(10)  C(1) 
2608015860 30158.94 || noQ Q (Avg,Max,Min) (1.00, 1.00, 1.00) (0.98, 0.82, 1.00) #fs:   1  -- #Conts: 30 H(1)  G(16)  A(2)  E(10)  C(1) 
2609322087 30155.18 || noQ Q (Avg,Max,Min) (1.00, 1.00, 1.00) (0.98, 0.82, 1.00) #fs:   0  -- #Conts: 29 G(16)  A(2)  E(10)  C(1) 
2613019199 30152.82 || noQ Q (Avg,Max,Min) (1.00, 1.00, 1.00) (0.99, 0.92, 1.00) #fs:   0  -- #Conts: 29 G(15)  A(2)  E(11)  C(1) 
2613561928 29806.06 || noQ Q (Avg,Max,Min) (1.00, 1.00, 1.00) (0.97, 0.48, 1.00) #fs:   1  -- #Conts: 30 H(2)  G(15)  A(3)  E(9)  C(1) 
2614788627 29790.29 || noQ Q (Avg,Max,Min) (1.00, 1.00, 1.00) (0.98, 0.82, 1.00) #fs:   1  -- #Conts: 30 H(1)  G(16)  A(3)  E(9)  C(1) 
2616094854 29786.53 || noQ Q (Avg,Max,Min) (1.00, 1.00, 1.00) (0.98, 0.82, 1.00) #fs:   0  -- #Conts: 28 G(16)  A(3)  E(8)  C(1) 
2619791966 29784.18 || noQ Q (Avg,Max,Min) (1.00, 1.00, 1.00) (0.99, 0.92, 1.00) #fs:   0  -- #Conts: 28 G(15)  A(3)  E(9)  C(1) 
2620556536 29484.35 || noQ Q (Avg,Max,Min) (1.00, 1.00, 1.00) (0.97, 0.48, 1.00) #fs:   1  -- #Conts: 31 H(2)  G(15)  A(4)  E(9)  C(1) 
2621783235 29468.59 || noQ Q (Avg,Max,Min) (1.00, 1.00, 1.00) (0.98, 0.82, 1.00) #fs:   1  -- #Conts: 31 H(1)  G(16)  A(4)  E(9)  C(1) 
2623089462 29464.82 || noQ Q (Avg,Max,Min) (1.00, 1.00, 1.00) (0.98, 0.82, 1.00) #fs:   0  -- #Conts: 29 G(16)  A(4)  E(8)  C(1) 
2623147469 29343.71 || noQ Q (Avg,Max,Min) (1.00, 1.00, 1.00) (0.97, 0.48, 1.00) #fs:   1  -- #Conts: 31 H(2)  G(15)  A(5)  E(8)  C(1) 
2624374168 29327.94 || noQ Q (Avg,Max,Min) (1.00, 1.00, 1.00) (0.98, 0.82, 1.00) #fs:   1  -- #Conts: 31 H(1)  G(16)  A(5)  E(8)  C(1) 
2628071280 29325.59 || noQ Q (Avg,Max,Min) (1.00, 1.00, 1.00) (0.99, 0.92, 1.00) #fs:   1  -- #Conts: 31 H(1)  G(15)  A(5)  E(9)  C(1) 
2636616670 29324.18 || noQ Q (Avg,Max,Min) (1.00, 1.00, 1.00) (0.98, 0.82, 1.00) #fs:   0  -- #Conts: 30 G(16)  A(5)  E(8)  C(1) 
2640313782 29321.82 || noQ Q (Avg,Max,Min) (1.00, 1.00, 1.00) (0.99, 0.92, 1.00) #fs:   0  -- #Conts: 30 G(15)  A(5)  E(9)  C(1) 
2827219181 23784.82 || noQ Q (Avg,Max,Min) (1.00, 1.00, 1.00) (0.99, 0.94, 1.00) #fs:   0  -- #Conts: 30 H(2)  A(12)  G(8)  E(7)  C(1) 
3015073750 23691.18 || noQ Q (Avg,Max,Min) (1.00, 1.00, 1.00) (1.00, 0.97, 1.00) #fs:   0  -- #Conts: 25 H(1)  A(12)  G(6)  E(5)  C(1) 
3016300451 23675.41 || noQ Q (Avg,Max,Min) (1.00, 1.00, 1.00) (0.99, 0.82, 1.00) #fs:   0  -- #Conts: 26 H(1)  A(12)  G(7)  E(5)  C(1) 
3019997563 23673.06 || noQ Q (Avg,Max,Min) (1.00, 1.00, 1.00) (0.99, 0.92, 1.00) #fs:   0  -- #Conts: 26 H(1)  A(12)  G(6)  E(6)  C(1) 
3106495326 23517.76 || noQ Q (Avg,Max,Min) (1.00, 1.00, 1.00) (0.98, 0.48, 1.00) #fs:   0  -- #Conts: 26 H(1)  A(12)  G(7)  E(5)  C(1) 
3107722023 23502.00 || noQ Q (Avg,Max,Min) (1.00, 1.00, 1.00) (1.00, 0.98, 1.00) #fs:   0  -- #Conts: 25 A(12)  G(7)  E(5)  C(1) 
3111419137 23499.65 || noQ Q (Avg,Max,Min) (1.00, 1.00, 1.00) (0.99, 0.92, 1.00) #fs:   0  -- #Conts: 26 A(12)  G(7)  E(6)  C(1) 
3122601555 23436.71 || noQ Q (Avg,Max,Min) (1.00, 1.00, 1.00) (0.98, 0.48, 1.00) #fs:   0  -- #Conts: 28 H(2)  A(12)  G(6)  E(7)  C(1) 
3123828250 23420.94 || noQ Q (Avg,Max,Min) (1.00, 1.00, 1.00) (1.00, 0.97, 1.00) #fs:   0  -- #Conts: 27 H(1)  A(12)  G(6)  E(7)  C(1) 
3127525366 23418.59 || noQ Q (Avg,Max,Min) (1.00, 1.00, 1.00) (0.99, 0.92, 1.00) #fs:   0  -- #Conts: 28 H(1)  A(12)  G(6)  E(8)  C(1) 
3295478824 23401.88 || noQ Q (Avg,Max,Min) (1.00, 1.00, 1.00) (0.98, 0.48, 1.00) #fs:   0  -- #Conts: 27 H(2)  A(12)  G(5)  E(7)  C(1) 
3296705523 23386.12 || noQ Q (Avg,Max,Min) (1.00, 1.00, 1.00) (0.99, 0.82, 1.00) #fs:   0  -- #Conts: 27 H(1)  A(12)  G(6)  E(7)  C(1) 
3300402631 23383.76 || noQ Q (Avg,Max,Min) (1.00, 1.00, 1.00) (1.00, 0.97, 1.00) #fs:   0  -- #Conts: 26 H(1)  A(12)  G(5)  E(7)  C(1) 
3349569468 23371.29 || noQ Q (Avg,Max,Min) (1.00, 1.00, 1.00) (1.00, 0.98, 1.00) #fs:   0  -- #Conts: 26 H(1)  A(12)  G(6)  E(6)  C(1) 
3350471158 23368.94 || noQ Q (Avg,Max,Min) (1.00, 1.00, 1.00) (1.00, 0.98, 1.00) #fs:   0  -- #Conts: 26 A(12)  G(6)  E(7)  C(1) 
3354168273 23366.59 || noQ Q (Avg,Max,Min) (1.00, 1.00, 1.00) (1.00, 0.92, 1.00) #fs:   0  -- #Conts: 27 A(12)  G(6)  E(8)  C(1) 
3368958319 23364.24 || noQ Q (Avg,Max,Min) (1.00, 1.00, 1.00) (1.00, 0.98, 1.00) #fs:   0  -- #Conts: 25 A(12)  G(6)  E(6)  C(1) 
3372655434 23361.88 || noQ Q (Avg,Max,Min) (1.00, 1.00, 1.00) (1.00, 0.92, 1.00) #fs:   0  -- #Conts: 26 A(12)  G(6)  E(7)  C(1) 
3499488440 23352.24 || noQ Q (Avg,Max,Min) (1.00, 1.00, 1.00) (0.98, 0.48, 1.00) #fs:   0  -- #Conts: 26 H(2)  A(12)  G(5)  E(6)  C(1) 
3500715139 23336.47 || noQ Q (Avg,Max,Min) (1.00, 1.00, 1.00) (0.99, 0.82, 1.00) #fs:   0  -- #Conts: 26 H(1)  A(12)  G(6)  E(6)  C(1) 
3502021368 23334.12 || noQ Q (Avg,Max,Min) (1.00, 1.00, 1.00) (0.99, 0.82, 1.00) #fs:   0  -- #Conts: 26 A(12)  G(6)  E(7)  C(1) 
3505718476 23331.76 || noQ Q (Avg,Max,Min) (1.00, 1.00, 1.00) (1.00, 0.98, 1.00) #fs:   0  -- #Conts: 25 A(12)  G(5)  E(7)  C(1) 
3505958175 23329.41 || noQ Q (Avg,Max,Min) (1.00, 1.00, 1.00) (0.99, 0.82, 1.00) #fs:   0  -- #Conts: 25 A(12)  G(6)  E(6)  C(1) 
3509655283 23327.06 || noQ Q (Avg,Max,Min) (1.00, 1.00, 1.00) (1.00, 0.98, 1.00) #fs:   0  -- #Conts: 24 A(12)  G(5)  E(6)  C(1) 
3562440599 23316.00 || noQ Q (Avg,Max,Min) (1.00, 1.00, 1.00) (0.98, 0.48, 1.00) #fs:   0  -- #Conts: 25 H(2)  A(12)  G(4)  E(6)  C(1) 
3563667298 23300.24 || noQ Q (Avg,Max,Min) (1.00, 1.00, 1.00) (0.99, 0.82, 1.00) #fs:   0  -- #Conts: 25 H(1)  A(12)  G(5)  E(6)  C(1) 
3564973527 23297.88 || noQ Q (Avg,Max,Min) (1.00, 1.00, 1.00) (0.99, 0.82, 1.00) #fs:   0  -- #Conts: 25 A(12)  G(5)  E(7)  C(1) 
3568670637 23295.53 || noQ Q (Avg,Max,Min) (1.00, 1.00, 1.00) (1.00, 0.98, 1.00) #fs:   0  -- #Conts: 24 A(12)  G(4)  E(7)  C(1) 
3576299324 23272.71 || noQ Q (Avg,Max,Min) (1.00, 1.00, 1.00) (0.98, 0.48, 1.00) #fs:   0  -- #Conts: 26 H(2)  A(12)  G(3)  E(8)  C(1) 
3577526023 23256.94 || noQ Q (Avg,Max,Min) (1.00, 1.00, 1.00) (0.99, 0.82, 1.00) #fs:   0  -- #Conts: 26 H(1)  A(12)  G(4)  E(8)  C(1) 
3578832252 23254.59 || noQ Q (Avg,Max,Min) (1.00, 1.00, 1.00) (0.99, 0.82, 1.00) #fs:   0  -- #Conts: 26 A(12)  G(4)  E(9)  C(1) 
3581219038 23227.06 || noQ Q (Avg,Max,Min) (1.00, 1.00, 1.00) (0.98, 0.48, 1.00) #fs:   0  -- #Conts: 28 H(2)  A(12)  G(3)  E(10)  C(1) 
3582445737 23211.29 || noQ Q (Avg,Max,Min) (1.00, 1.00, 1.00) (0.99, 0.82, 1.00) #fs:   0  -- #Conts: 28 H(1)  A(12)  G(4)  E(10)  C(1) 
3586142847 23208.94 || noQ Q (Avg,Max,Min) (1.00, 1.00, 1.00) (1.00, 0.94, 1.00) #fs:   0  -- #Conts: 27 H(1)  A(12)  G(3)  E(10)  C(1) 
3592840496 23206.59 || noQ Q (Avg,Max,Min) (1.00, 1.00, 1.00) (1.00, 0.97, 1.00) #fs:   0  -- #Conts: 26 A(12)  G(3)  E(10)  C(1) 
3593073059 23202.24 || noQ Q (Avg,Max,Min) (1.00, 1.00, 1.00) (0.99, 0.82, 1.00) #fs:   0  -- #Conts: 25 A(12)  G(4)  E(8)  C(1) 
3596770168 23199.88 || noQ Q (Avg,Max,Min) (1.00, 1.00, 1.00) (1.00, 0.97, 1.00) #fs:   0  -- #Conts: 24 A(12)  G(3)  E(8)  C(1) 
3607630549 23197.53 || noQ Q (Avg,Max,Min) (1.00, 1.00, 1.00) (0.99, 0.82, 1.00) #fs:   0  -- #Conts: 24 A(12)  G(4)  E(7)  C(1) 
3611327657 23195.18 || noQ Q (Avg,Max,Min) (1.00, 1.00, 1.00) (1.00, 0.98, 1.00) #fs:   0  -- #Conts: 23 A(12)  G(3)  E(7)  C(1) 
3633252790 23193.76 || noQ Q (Avg,Max,Min) (1.00, 1.00, 1.00) (1.00, 0.96, 1.00) #fs:   0  -- #Conts: 22 A(12)  G(3)  E(6)  C(1) 
3717263701 23135.65 || noQ Q (Avg,Max,Min) (1.00, 1.00, 1.00) (0.97, 0.48, 1.00) #fs:   0  -- #Conts: 25 H(2)  A(12)  G(3)  E(7)  C(1) 
3718490400 23119.88 || noQ Q (Avg,Max,Min) (1.00, 1.00, 1.00) (0.99, 0.82, 1.00) #fs:   0  -- #Conts: 25 H(1)  A(12)  G(4)  E(7)  C(1) 
3722187508 23117.53 || noQ Q (Avg,Max,Min) (1.00, 1.00, 1.00) (0.99, 0.91, 1.00) #fs:   0  -- #Conts: 24 H(1)  A(12)  G(3)  E(7)  C(1) 
3732515655 23112.82 || noQ Q (Avg,Max,Min) (1.00, 1.00, 1.00) (0.99, 0.82, 1.00) #fs:   0  -- #Conts: 23 A(12)  G(3)  E(7)  C(1) 
3736212763 23110.47 || noQ Q (Avg,Max,Min) (1.00, 1.00, 1.00) (1.00, 0.97, 1.00) #fs:   0  -- #Conts: 22 A(12)  G(2)  E(7)  C(1) 
3779257271 23108.12 || noQ Q (Avg,Max,Min) (1.00, 1.00, 1.00) (0.99, 0.92, 1.00) #fs:   0  -- #Conts: 24 A(12)  G(2)  E(9)  C(1) 
3989471761 23098.82 || noQ Q (Avg,Max,Min) (1.00, 1.00, 1.00) (0.98, 0.48, 1.00) #fs:   0  -- #Conts: 26 H(1)  A(12)  G(3)  E(9)  C(1) 
3990698456 23083.06 || noQ Q (Avg,Max,Min) (1.00, 1.00, 1.00) (1.00, 0.94, 1.00) #fs:   0  -- #Conts: 25 A(12)  G(3)  E(9)  C(1) 
3994395572 23080.71 || noQ Q (Avg,Max,Min) (1.00, 1.00, 1.00) (0.99, 0.92, 1.00) #fs:   0  -- #Conts: 26 A(12)  G(3)  E(10)  C(1) 
4130174759 23046.94 || noQ Q (Avg,Max,Min) (1.00, 1.00, 1.00) (0.98, 0.48, 1.00) #fs:   0  -- #Conts: 24 H(1)  A(12)  G(2)  E(8)  C(1) 
4131401456 23031.18 || noQ Q (Avg,Max,Min) (1.00, 1.00, 1.00) (1.00, 0.98, 1.00) #fs:   0  -- #Conts: 23 A(12)  G(2)  E(8)  C(1) 
4135098570 23028.82 || noQ Q (Avg,Max,Min) (1.00, 1.00, 1.00) (0.99, 0.92, 1.00) #fs:   0  -- #Conts: 24 A(12)  G(2)  E(9)  C(1) 
4238228529 23027.76 || noQ Q (Avg,Max,Min) (1.00, 1.00, 1.00) (0.98, 0.48, 1.00) #fs:   0  -- #Conts: 25 H(1)  A(12)  G(1)  E(10)  C(1) 
4239455228 23012.00 || noQ Q (Avg,Max,Min) (1.00, 1.00, 1.00) (0.99, 0.82, 1.00) #fs:   0  -- #Conts: 25 A(12)  G(2)  E(10)  C(1) 
4243152338 23009.65 || noQ Q (Avg,Max,Min) (1.00, 1.00, 1.00) (1.00, 0.94, 1.00) #fs:   0  -- #Conts: 24 A(12)  G(1)  E(10)  C(1) 
4266272219 23003.65 || noQ Q (Avg,Max,Min) (1.00, 1.00, 1.00) (0.97, 0.48, 1.00) #fs:   0  -- #Conts: 22 H(1)  A(12)  G(1)  E(7)  C(1) 
4267498918 22987.88 || noQ Q (Avg,Max,Min) (1.00, 1.00, 1.00) (0.99, 0.82, 1.00) #fs:   0  -- #Conts: 22 A(12)  G(2)  E(7)  C(1) 
4271196026 22978.82 || noQ Q (Avg,Max,Min) (1.00, 1.00, 1.00) (1.00, 0.98, 1.00) #fs:   0  -- #Conts: 21 A(12)  G(1)  E(7)  C(1) 
4405707679 22954.00 || noQ Q (Avg,Max,Min) (1.00, 1.00, 1.00) (0.97, 0.48, 1.00) #fs:   0  -- #Conts: 21 H(1)  A(12)  E(7)  C(1) 
4406934378 22938.24 || noQ Q (Avg,Max,Min) (1.00, 1.00, 1.00) (0.99, 0.82, 1.00) #fs:   0  -- #Conts: 21 A(12)  G(1)  E(7)  C(1) 
4410631488 22935.88 || noQ Q (Avg,Max,Min) (1.00, 1.00, 1.00) (1.00, 0.98, 1.00) #fs:   0  -- #Conts: 20 A(12)  E(7)  C(1) 
4443862123 21566.29 || noQ Q (Avg,Max,Min) (1.00, 1.00, 1.00) (0.97, 0.48, 1.00) #fs:   0  -- #Conts: 25 H(2)  G(3)  A(13)  E(6)  C(1) 
4445088822 21550.53 || noQ Q (Avg,Max,Min) (1.00, 1.00, 1.00) (0.98, 0.82, 1.00) #fs:   0  -- #Conts: 25 H(1)  G(4)  A(13)  E(6)  C(1) 
4448785934 21548.18 || noQ Q (Avg,Max,Min) (1.00, 1.00, 1.00) (0.99, 0.91, 1.00) #fs:   0  -- #Conts: 25 H(1)  G(3)  A(13)  E(7)  C(1) 
4451185197 19736.71 || noQ Q (Avg,Max,Min) (1.00, 1.00, 1.00) (0.97, 0.48, 1.00) #fs:   0  -- #Conts: 29 H(3)  G(3)  A(16)  E(6)  C(1) 
4452411896 19720.94 || noQ Q (Avg,Max,Min) (1.00, 1.00, 1.00) (0.98, 0.82, 1.00) #fs:   0  -- #Conts: 29 H(2)  G(4)  A(16)  E(6)  C(1) 
4456109008 19718.59 || noQ Q (Avg,Max,Min) (1.00, 1.00, 1.00) (0.99, 0.91, 1.00) #fs:   0  -- #Conts: 29 H(2)  G(3)  A(16)  E(7)  C(1) 
4461375242 19368.06 || noQ Q (Avg,Max,Min) (1.00, 1.00, 1.00) (0.97, 0.48, 1.00) #fs:   0  -- #Conts: 29 H(3)  G(3)  A(17)  E(5)  C(1) 
4461490097 17906.35 || noQ Q (Avg,Max,Min) (1.00, 1.00, 1.00) (0.97, 0.48, 1.00) #fs:   0  -- #Conts: 29 H(2)  G(4)  A(18)  E(4)  C(1) 
4462716796 17890.59 || noQ Q (Avg,Max,Min) (1.00, 1.00, 1.00) (0.99, 0.82, 1.00) #fs:   0  -- #Conts: 29 H(1)  G(5)  A(18)  E(4)  C(1) 
4466413908 17888.24 || noQ Q (Avg,Max,Min) (1.00, 1.00, 1.00) (0.99, 0.91, 1.00) #fs:   0  -- #Conts: 29 H(1)  G(4)  A(18)  E(5)  C(1) 
4470080620 17598.24 || noQ Q (Avg,Max,Min) (1.00, 1.00, 1.00) (0.97, 0.48, 1.00) #fs:   0  -- #Conts: 27 H(1)  G(2)  A(18)  E(5)  C(1) 
4471307319 17582.47 || noQ Q (Avg,Max,Min) (1.00, 1.00, 1.00) (0.99, 0.82, 1.00) #fs:   0  -- #Conts: 27 G(3)  A(18)  E(5)  C(1) 
4472426372 16572.12 || noQ Q (Avg,Max,Min) (1.00, 1.00, 1.00) (0.98, 0.48, 1.00) #fs:   0  -- #Conts: 30 H(2)  G(2)  A(20)  E(5)  C(1) 
4473653071 16556.35 || noQ Q (Avg,Max,Min) (1.00, 1.00, 1.00) (0.99, 0.82, 1.00) #fs:   0  -- #Conts: 30 H(1)  G(3)  A(20)  E(5)  C(1) 
4476853387 16530.94 || noQ Q (Avg,Max,Min) (1.00, 1.00, 1.00) (0.97, 0.48, 1.00) #fs:   0  -- #Conts: 28 H(1)  G(2)  A(20)  E(4)  C(1) 
4478080086 16515.18 || noQ Q (Avg,Max,Min) (1.00, 1.00, 1.00) (0.99, 0.82, 1.00) #fs:   0  -- #Conts: 28 G(3)  A(20)  E(4)  C(1) 
4481777198 16512.82 || noQ Q (Avg,Max,Min) (1.00, 1.00, 1.00) (0.99, 0.89, 1.00) #fs:   0  -- #Conts: 28 G(2)  A(20)  E(5)  C(1) 
4483565587 15821.41 || noQ Q (Avg,Max,Min) (1.00, 1.00, 1.00) (0.98, 0.48, 1.00) #fs:   0  -- #Conts: 31 H(2)  G(2)  A(22)  E(4)  C(1) 
4484792286 15805.65 || noQ Q (Avg,Max,Min) (1.00, 1.00, 1.00) (0.99, 0.82, 1.00) #fs:   0  -- #Conts: 31 H(1)  G(3)  A(22)  E(4)  C(1) 
4486098515 15803.29 || noQ Q (Avg,Max,Min) (1.00, 1.00, 1.00) (0.99, 0.82, 1.00) #fs:   0  -- #Conts: 30 G(3)  A(22)  E(4)  C(1) 
4489795627 15800.94 || noQ Q (Avg,Max,Min) (1.00, 1.00, 1.00) (0.99, 0.89, 1.00) #fs:   0  -- #Conts: 30 G(2)  A(22)  E(5)  C(1) 
4493284217 15680.76 || noQ Q (Avg,Max,Min) (1.00, 1.00, 1.00) (0.98, 0.48, 1.00) #fs:   0  -- #Conts: 31 H(2)  G(2)  A(23)  E(3)  C(1) 
4494510916 15665.00 || noQ Q (Avg,Max,Min) (1.00, 1.00, 1.00) (0.99, 0.82, 1.00) #fs:   0  -- #Conts: 31 H(1)  G(3)  A(23)  E(3)  C(1) 
4495817145 15662.65 || noQ Q (Avg,Max,Min) (1.00, 1.00, 1.00) (0.99, 0.82, 1.00) #fs:   0  -- #Conts: 30 G(3)  A(23)  E(3)  C(1) 
4499514257 15660.29 || noQ Q (Avg,Max,Min) (1.00, 1.00, 1.00) (0.99, 0.89, 1.00) #fs:   0  -- #Conts: 30 G(2)  A(23)  E(4)  C(1) 
4499753952 15657.94 || noQ Q (Avg,Max,Min) (1.00, 1.00, 1.00) (0.99, 0.82, 1.00) #fs:   0  -- #Conts: 29 G(2)  A(23)  E(3)  C(1) 
4503451064 15655.59 || noQ Q (Avg,Max,Min) (1.00, 1.00, 1.00) (0.99, 0.92, 1.00) #fs:   0  -- #Conts: 29 G(1)  A(23)  E(4)  C(1) 
4507002751 15204.29 || noQ Q (Avg,Max,Min) (1.00, 1.00, 1.00) (0.98, 0.48, 1.00) #fs:   0  -- #Conts: 31 H(2)  A(23)  G(1)  E(4)  C(1) 
4508229450 15188.53 || noQ Q (Avg,Max,Min) (1.00, 1.00, 1.00) (0.99, 0.82, 1.00) #fs:   0  -- #Conts: 31 H(1)  A(23)  G(2)  E(4)  C(1) 
4509535679 15186.18 || noQ Q (Avg,Max,Min) (1.00, 1.00, 1.00) (0.99, 0.82, 1.00) #fs:   0  -- #Conts: 30 A(23)  G(2)  E(4)  C(1) 
4513232791 15183.82 || noQ Q (Avg,Max,Min) (1.00, 1.00, 1.00) (0.99, 0.89, 1.00) #fs:   0  -- #Conts: 30 A(23)  G(1)  E(5)  C(1) 
4516721381 15063.65 || noQ Q (Avg,Max,Min) (1.00, 1.00, 1.00) (0.98, 0.48, 1.00) #fs:   0  -- #Conts: 31 H(2)  A(24)  G(1)  E(3)  C(1) 
4517948080 15047.88 || noQ Q (Avg,Max,Min) (1.00, 1.00, 1.00) (0.99, 0.82, 1.00) #fs:   0  -- #Conts: 31 H(1)  A(24)  G(2)  E(3)  C(1) 
4519254309 15045.53 || noQ Q (Avg,Max,Min) (1.00, 1.00, 1.00) (0.99, 0.82, 1.00) #fs:   0  -- #Conts: 30 A(24)  G(2)  E(3)  C(1) 
4522951421 15043.18 || noQ Q (Avg,Max,Min) (1.00, 1.00, 1.00) (0.99, 0.89, 1.00) #fs:   0  -- #Conts: 30 A(24)  G(1)  E(4)  C(1) 
4523191116 15040.82 || noQ Q (Avg,Max,Min) (1.00, 1.00, 1.00) (0.99, 0.82, 1.00) #fs:   0  -- #Conts: 29 A(24)  G(1)  E(3)  C(1) 
4526888228 15038.47 || noQ Q (Avg,Max,Min) (1.00, 1.00, 1.00) (1.00, 0.92, 1.00) #fs:   0  -- #Conts: 29 A(24)  E(4)  C(1) 
/////////////////size: 167
nodes 50 edges 60
 mulT: 10000 mulD: 1  sumData GB 1
pareto /LIGO.n.50.0.dax time -> 1403.0
moheft /LIGO.n.50.0.dax time -> 2635.0
distance from M to C 45.16331629949088
distance from P to C 238.1999959296522
distance from C to M 263.484349923485
distance from C to P 1374.2867269780406
toCompare: /LIGO.n.50.0.dax sumDataGB: 1 mulT: 10000 mulD: 1 paretoOptTime_MS: 1403.0 MoheftOptimizationTime_MS: 2635.0 MtoC 45.16331629949088 PtoC 238.1999959296522 CtoM 263.484349923485 CtoP 1374.2867269780406
