specify -Dflow d,b,mt,md,size
Running /home/vaggelis/jc/SIPHT.n.100.0.dax mt 5000 md: 10000 size null
 770198816 29385.41 || noQ Q (Avg,Max,Min) (0.98, 1.02, 0.68) (0.96, 0.68, 1.02) #fs:   2  -- #Conts: 12 H(12) 
 770284211 27241.41 || noQ Q (Avg,Max,Min) (1.01, 1.02, 1.00) (0.99, 0.93, 1.02) #fs:   1  -- #Conts: 12 H(12) 
 770318149 27209.88 || noQ Q (Avg,Max,Min) (1.01, 1.02, 1.00) (0.99, 0.93, 1.02) #fs:   1  -- #Conts: 12 H(12) 
1074030988 27178.35 || noQ Q (Avg,Max,Min) (1.01, 1.02, 1.00) (0.99, 0.93, 1.02) #fs:   0  -- #Conts: 10 H(10) 
1315088837 23584.00 || noQ Q (Avg,Max,Min) (1.01, 1.03, 0.93) (0.97, 0.76, 1.02) #fs:   1  -- #Conts: 20 H(1)  G(19) 
1318259830 23300.24 || noQ Q (Avg,Max,Min) (1.03, 1.56, 0.93) (0.93, 0.15, 1.02) #fs:   1  -- #Conts: 21 H(1)  G(20) 
1318503242 23284.47 || noQ Q (Avg,Max,Min) (1.02, 1.33, 0.93) (0.93, 0.22, 1.02) #fs:   1  -- #Conts: 21 G(21) 
2962072611 22417.76 || noQ Q (Avg,Max,Min) (1.00, 1.01, 0.89) (0.91, 0.75, 1.01) #fs:   2  -- #Conts: 28 G(1)  E(27) 
2967841909 22330.59 || noQ Q (Avg,Max,Min) (1.00, 1.01, 0.89) (0.91, 0.75, 1.01) #fs:   2  -- #Conts: 28 E(28) 
2968519135 22323.88 || noQ Q (Avg,Max,Min) (1.00, 1.01, 0.89) (0.91, 0.75, 1.01) #fs:   2  -- #Conts: 28 E(28) 
3885665347 22317.18 || noQ Q (Avg,Max,Min) (1.00, 1.01, 0.89) (0.90, 0.75, 1.01) #fs:   2  -- #Conts: 26 E(26) 
4170616662 20329.88 || noQ Q (Avg,Max,Min) (1.00, 1.01, 0.98) (0.91, 0.71, 1.01) #fs:   2  -- #Conts: 40 E(1)  C(39) 
4282950575 18601.00 || noQ Q (Avg,Max,Min) (1.00, 1.01, 0.98) (0.91, 0.71, 1.01) #fs:   2  -- #Conts: 40 A(1)  C(39) 
6453851034 7650.00 || noQ Q (Avg,Max,Min) (1.00, 1.00, 0.99) (0.98, 0.93, 1.00) #fs:   5  -- #Conts: 36 A(36) 
/////////////////size: 14
 770320950 26871.00 || noQ Q (Avg,Max,Min) (1.01, 1.03, 1.00) (0.99, 0.94, 1.01) #fs:   0  -- #Conts: 12 H(5)  G(1)  A(2)  E(2)  C(2) 
 771060878 26793.29 || noQ Q (Avg,Max,Min) (1.01, 1.03, 1.00) (1.00, 0.93, 1.03) #fs:   0  -- #Conts: 14 H(7)  G(2)  A(1)  E(2)  C(2) 
 771198195 26792.29 || noQ Q (Avg,Max,Min) (1.01, 1.03, 1.00) (1.00, 0.93, 1.03) #fs:   1  -- #Conts: 14 H(7)  G(2)  A(1)  E(2)  C(2) 
 771517707 26776.53 || noQ Q (Avg,Max,Min) (1.03, 1.31, 1.00) (0.95, 0.21, 1.03) #fs:   0  -- #Conts: 15 H(7)  G(3)  A(1)  E(2)  C(2) 
 771597596 26763.76 || noQ Q (Avg,Max,Min) (1.04, 1.45, 1.00) (0.94, 0.16, 1.03) #fs:   0  -- #Conts: 15 H(7)  G(2)  A(2)  E(2)  C(2) 
 771692594 26762.76 || noQ Q (Avg,Max,Min) (1.01, 1.03, 1.00) (1.00, 0.93, 1.03) #fs:   0  -- #Conts: 14 H(7)  G(2)  A(1)  E(2)  C(2) 
 771710920 26761.76 || noQ Q (Avg,Max,Min) (1.01, 1.03, 1.00) (1.00, 0.93, 1.03) #fs:   0  -- #Conts: 14 H(7)  G(2)  A(1)  E(2)  C(2) 
 771850258 26760.76 || noQ Q (Avg,Max,Min) (1.01, 1.03, 1.00) (1.00, 0.93, 1.03) #fs:   0  -- #Conts: 14 H(7)  G(2)  A(1)  E(2)  C(2) 
 771991586 26759.76 || noQ Q (Avg,Max,Min) (1.01, 1.03, 1.00) (1.00, 0.93, 1.03) #fs:   0  -- #Conts: 14 H(7)  G(2)  A(1)  E(2)  C(2) 
 772017378 26758.76 || noQ Q (Avg,Max,Min) (1.01, 1.03, 1.00) (1.00, 0.93, 1.03) #fs:   0  -- #Conts: 14 H(7)  G(2)  A(1)  E(2)  C(2) 
 772198002 26757.76 || noQ Q (Avg,Max,Min) (1.01, 1.03, 1.00) (1.00, 0.93, 1.03) #fs:   0  -- #Conts: 14 H(7)  G(2)  A(1)  E(2)  C(2) 
 772357899 26756.76 || noQ Q (Avg,Max,Min) (1.01, 1.03, 1.00) (1.00, 0.93, 1.03) #fs:   0  -- #Conts: 14 H(7)  G(2)  A(1)  E(2)  C(2) 
 772383691 26755.76 || noQ Q (Avg,Max,Min) (1.01, 1.03, 1.00) (1.00, 0.93, 1.03) #fs:   0  -- #Conts: 14 H(7)  G(2)  A(1)  E(2)  C(2) 
 772594230 26754.76 || noQ Q (Avg,Max,Min) (1.01, 1.03, 1.00) (1.00, 0.93, 1.03) #fs:   0  -- #Conts: 14 H(7)  G(2)  A(1)  E(2)  C(2) 
 772620022 26753.76 || noQ Q (Avg,Max,Min) (1.01, 1.03, 1.00) (1.00, 0.93, 1.03) #fs:   0  -- #Conts: 14 H(7)  G(2)  A(1)  E(2)  C(2) 
 772771949 26752.76 || noQ Q (Avg,Max,Min) (1.01, 1.03, 1.00) (1.00, 0.93, 1.03) #fs:   0  -- #Conts: 14 H(7)  G(2)  A(1)  E(2)  C(2) 
 775217299 26752.41 || noQ Q (Avg,Max,Min) (1.03, 1.19, 1.00) (0.93, 0.29, 1.07) #fs:   0  -- #Conts: 16 H(7)  G(3)  A(1)  E(4)  C(1) 
 775355478 26751.41 || noQ Q (Avg,Max,Min) (1.03, 1.19, 1.00) (0.93, 0.29, 1.08) #fs:   0  -- #Conts: 16 H(7)  G(3)  A(1)  E(4)  C(1) 
 775426058 26746.71 || noQ Q (Avg,Max,Min) (1.02, 1.16, 1.00) (0.99, 0.69, 1.03) #fs:   0  -- #Conts: 15 H(7)  G(3)  A(1)  E(3)  C(1) 
 775905746 26745.71 || noQ Q (Avg,Max,Min) (1.02, 1.16, 1.00) (0.99, 0.69, 1.07) #fs:   0  -- #Conts: 15 H(7)  G(3)  A(1)  E(3)  C(1) 
 775969394 26744.71 || noQ Q (Avg,Max,Min) (1.02, 1.16, 1.00) (0.99, 0.69, 1.08) #fs:   0  -- #Conts: 15 H(7)  G(3)  A(1)  E(3)  C(1) 
 781137676 26744.00 || noQ Q (Avg,Max,Min) (1.02, 1.08, 1.00) (0.99, 0.67, 1.08) #fs:   0  -- #Conts: 16 H(7)  G(3)  A(2)  E(2)  C(2) 
 783666201 26743.00 || noQ Q (Avg,Max,Min) (1.01, 1.08, 1.00) (1.00, 0.93, 1.08) #fs:   0  -- #Conts: 16 H(7)  G(3)  A(3)  E(2)  C(1) 
 824257781 26581.59 || noQ Q (Avg,Max,Min) (1.01, 1.04, 1.00) (1.00, 0.93, 1.04) #fs:   0  -- #Conts: 19 H(8)  G(4)  A(3)  E(2)  C(2) 
 824311107 26580.59 || noQ Q (Avg,Max,Min) (1.01, 1.04, 1.00) (1.00, 0.93, 1.04) #fs:   0  -- #Conts: 19 H(8)  G(4)  A(3)  E(2)  C(2) 
 824348245 26579.59 || noQ Q (Avg,Max,Min) (1.01, 1.04, 1.00) (1.00, 0.93, 1.04) #fs:   0  -- #Conts: 19 H(8)  G(4)  A(3)  E(2)  C(2) 
 824463034 26578.59 || noQ Q (Avg,Max,Min) (1.01, 1.04, 1.00) (1.00, 0.93, 1.04) #fs:   0  -- #Conts: 19 H(8)  G(4)  A(3)  E(2)  C(2) 
 824631538 26577.59 || noQ Q (Avg,Max,Min) (1.01, 1.04, 1.00) (1.00, 0.94, 1.04) #fs:   0  -- #Conts: 18 H(8)  G(4)  A(2)  E(2)  C(2) 
 824668676 26576.59 || noQ Q (Avg,Max,Min) (1.01, 1.04, 1.00) (1.00, 0.94, 1.04) #fs:   0  -- #Conts: 18 H(8)  G(4)  A(2)  E(2)  C(2) 
 824783465 26575.59 || noQ Q (Avg,Max,Min) (1.01, 1.04, 1.00) (1.00, 0.94, 1.04) #fs:   0  -- #Conts: 18 H(8)  G(4)  A(2)  E(2)  C(2) 
 824935392 26574.59 || noQ Q (Avg,Max,Min) (1.01, 1.04, 1.00) (1.00, 0.93, 1.04) #fs:   0  -- #Conts: 18 H(8)  G(4)  A(2)  E(2)  C(2) 
 825009667 26573.59 || noQ Q (Avg,Max,Min) (1.01, 1.04, 1.00) (1.00, 0.94, 1.04) #fs:   0  -- #Conts: 17 H(8)  G(4)  A(1)  E(2)  C(2) 
 825124456 26572.59 || noQ Q (Avg,Max,Min) (1.01, 1.04, 1.00) (1.00, 0.94, 1.04) #fs:   0  -- #Conts: 17 H(8)  G(4)  A(1)  E(2)  C(2) 
 825267943 26571.59 || noQ Q (Avg,Max,Min) (1.01, 1.04, 1.00) (1.00, 0.94, 1.04) #fs:   0  -- #Conts: 17 H(8)  G(4)  A(1)  E(2)  C(2) 
 825396238 26570.59 || noQ Q (Avg,Max,Min) (1.01, 1.04, 1.00) (1.00, 0.94, 1.04) #fs:   0  -- #Conts: 18 H(8)  G(4)  A(2)  E(2)  C(2) 
 825511027 26569.59 || noQ Q (Avg,Max,Min) (1.01, 1.04, 1.00) (1.00, 0.94, 1.04) #fs:   0  -- #Conts: 18 H(8)  G(4)  A(2)  E(2)  C(2) 
 825615687 26568.59 || noQ Q (Avg,Max,Min) (1.01, 1.04, 1.00) (1.00, 0.94, 1.04) #fs:   0  -- #Conts: 17 H(8)  G(4)  A(1)  E(2)  C(2) 
 825737229 26567.59 || noQ Q (Avg,Max,Min) (1.01, 1.04, 1.00) (1.00, 0.94, 1.04) #fs:   0  -- #Conts: 17 H(8)  G(4)  A(1)  E(2)  C(2) 
 825852018 26566.59 || noQ Q (Avg,Max,Min) (1.01, 1.04, 1.00) (1.00, 0.94, 1.04) #fs:   0  -- #Conts: 17 H(8)  G(4)  A(1)  E(2)  C(2) 
 825995505 26565.59 || noQ Q (Avg,Max,Min) (1.01, 1.04, 1.00) (1.00, 0.94, 1.04) #fs:   0  -- #Conts: 17 H(8)  G(4)  A(1)  E(2)  C(2) 
 826166304 26564.59 || noQ Q (Avg,Max,Min) (1.01, 1.04, 1.00) (1.00, 0.93, 1.04) #fs:   0  -- #Conts: 19 H(8)  G(4)  A(3)  E(2)  C(2) 
 826223395 26563.59 || noQ Q (Avg,Max,Min) (1.01, 1.04, 1.00) (1.00, 0.94, 1.04) #fs:   0  -- #Conts: 17 H(8)  G(4)  A(1)  E(2)  C(2) 
 826390515 26562.59 || noQ Q (Avg,Max,Min) (1.01, 1.04, 1.00) (1.00, 0.94, 1.04) #fs:   0  -- #Conts: 17 H(8)  G(4)  A(1)  E(2)  C(2) 
 826486735 26561.59 || noQ Q (Avg,Max,Min) (1.01, 1.04, 1.00) (1.00, 0.94, 1.04) #fs:   0  -- #Conts: 18 H(8)  G(4)  A(2)  E(2)  C(2) 
 826593084 26560.59 || noQ Q (Avg,Max,Min) (1.01, 1.04, 1.00) (1.00, 0.94, 1.04) #fs:   0  -- #Conts: 17 H(8)  G(4)  A(1)  E(2)  C(2) 
 826753451 26559.59 || noQ Q (Avg,Max,Min) (1.01, 1.04, 1.00) (1.00, 0.93, 1.04) #fs:   0  -- #Conts: 18 H(8)  G(4)  A(2)  E(2)  C(2) 
 826827726 26558.59 || noQ Q (Avg,Max,Min) (1.01, 1.04, 1.00) (1.00, 0.94, 1.04) #fs:   0  -- #Conts: 17 H(8)  G(4)  A(1)  E(2)  C(2) 
 826942515 26557.59 || noQ Q (Avg,Max,Min) (1.01, 1.04, 1.00) (1.00, 0.94, 1.04) #fs:   0  -- #Conts: 17 H(8)  G(4)  A(1)  E(2)  C(2) 
 827086002 26556.59 || noQ Q (Avg,Max,Min) (1.01, 1.04, 1.00) (1.00, 0.94, 1.04) #fs:   0  -- #Conts: 17 H(8)  G(4)  A(1)  E(2)  C(2) 
 827212609 26555.59 || noQ Q (Avg,Max,Min) (1.01, 1.04, 1.00) (1.00, 0.94, 1.04) #fs:   0  -- #Conts: 18 H(8)  G(4)  A(2)  E(2)  C(2) 
 827312205 26554.59 || noQ Q (Avg,Max,Min) (1.01, 1.04, 1.00) (1.00, 0.94, 1.04) #fs:   0  -- #Conts: 17 H(8)  G(4)  A(1)  E(2)  C(2) 
 834349544 26553.59 || noQ Q (Avg,Max,Min) (1.01, 1.04, 1.00) (1.00, 0.94, 1.04) #fs:   0  -- #Conts: 18 H(8)  G(4)  A(2)  E(2)  C(2) 
 847358591 26364.41 || noQ Q (Avg,Max,Min) (1.03, 1.44, 1.00) (0.95, 0.15, 1.03) #fs:   0  -- #Conts: 17 H(7)  G(4)  A(1)  E(3)  C(2) 
 847480370 26350.65 || noQ Q (Avg,Max,Min) (1.01, 1.03, 1.00) (1.00, 0.91, 1.03) #fs:   1  -- #Conts: 17 H(7)  G(3)  A(2)  E(3)  C(2) 
 847583105 26348.65 || noQ Q (Avg,Max,Min) (1.01, 1.03, 1.00) (1.00, 0.91, 1.03) #fs:   0  -- #Conts: 16 H(7)  G(3)  A(1)  E(3)  C(2) 
 847697894 26347.65 || noQ Q (Avg,Max,Min) (1.01, 1.03, 1.00) (1.00, 0.91, 1.03) #fs:   1  -- #Conts: 16 H(7)  G(3)  A(1)  E(3)  C(2) 
 847948968 26346.65 || noQ Q (Avg,Max,Min) (1.01, 1.03, 1.00) (1.00, 0.91, 1.03) #fs:   0  -- #Conts: 16 H(7)  G(3)  A(1)  E(3)  C(2) 
 854400647 26345.65 || noQ Q (Avg,Max,Min) (1.01, 1.03, 1.00) (1.00, 0.91, 1.03) #fs:   1  -- #Conts: 17 H(7)  G(3)  A(2)  E(3)  C(2) 
 855007480 26344.65 || noQ Q (Avg,Max,Min) (1.01, 1.03, 1.00) (1.00, 0.91, 1.03) #fs:   1  -- #Conts: 17 H(7)  G(3)  A(2)  E(3)  C(2) 
 857751991 26331.06 || noQ Q (Avg,Max,Min) (1.01, 1.04, 1.00) (1.00, 0.90, 1.03) #fs:   1  -- #Conts: 15 H(7)  G(5)  A(1)  E(1)  C(1) 
 857794025 26330.06 || noQ Q (Avg,Max,Min) (1.01, 1.05, 1.00) (1.00, 0.98, 1.03) #fs:   1  -- #Conts: 15 H(7)  G(5)  A(1)  E(1)  C(1) 
 858283443 26314.29 || noQ Q (Avg,Max,Min) (1.01, 1.06, 1.00) (0.99, 0.81, 1.03) #fs:   0  -- #Conts: 15 H(7)  G(5)  A(1)  E(1)  C(1) 
 858506211 26312.29 || noQ Q (Avg,Max,Min) (1.01, 1.06, 1.00) (0.99, 0.83, 1.03) #fs:   0  -- #Conts: 15 H(7)  G(5)  A(1)  E(1)  C(1) 
 859022134 26305.24 || noQ Q (Avg,Max,Min) (1.02, 1.19, 1.00) (0.96, 0.29, 1.04) #fs:   0  -- #Conts: 16 H(7)  G(5)  A(1)  E(2)  C(1) 
 859244902 26303.24 || noQ Q (Avg,Max,Min) (1.02, 1.19, 1.00) (0.96, 0.29, 1.06) #fs:   0  -- #Conts: 16 H(7)  G(5)  A(1)  E(2)  C(1) 
 859653842 26302.53 || noQ Q (Avg,Max,Min) (1.02, 1.11, 1.00) (0.97, 0.46, 1.04) #fs:   0  -- #Conts: 16 H(7)  G(5)  A(1)  E(1)  C(2) 
 859876610 26300.53 || noQ Q (Avg,Max,Min) (1.02, 1.11, 1.00) (0.97, 0.46, 1.06) #fs:   0  -- #Conts: 16 H(7)  G(5)  A(1)  E(1)  C(2) 
 861036758 26299.24 || noQ Q (Avg,Max,Min) (1.03, 1.14, 1.00) (0.97, 0.46, 1.05) #fs:   0  -- #Conts: 17 H(7)  G(5)  A(1)  E(2)  C(2) 
 861904560 26295.24 || noQ Q (Avg,Max,Min) (1.02, 1.15, 1.00) (1.02, 0.99, 1.11) #fs:   0  -- #Conts: 16 H(7)  G(5)  A(1)  E(2)  C(1) 
 870796806 26295.12 || noQ Q (Avg,Max,Min) (1.01, 1.03, 1.00) (0.99, 0.91, 1.03) #fs:   1  -- #Conts: 17 H(7)  G(3)  A(1)  E(5)  C(1) 
 870824702 26292.41 || noQ Q (Avg,Max,Min) (1.01, 1.11, 1.00) (0.96, 0.46, 1.03) #fs:   1  -- #Conts: 18 H(7)  G(3)  A(1)  E(5)  C(2) 
 871118913 26290.47 || noQ Q (Avg,Max,Min) (1.01, 1.03, 1.00) (1.00, 0.92, 1.03) #fs:   0  -- #Conts: 17 H(7)  G(4)  A(1)  E(4)  C(1) 
 871346845 26287.76 || noQ Q (Avg,Max,Min) (1.01, 1.08, 1.00) (0.98, 0.67, 1.03) #fs:   0  -- #Conts: 18 H(7)  G(4)  A(1)  E(4)  C(2) 
 871857821 26287.00 || noQ Q (Avg,Max,Min) (1.02, 1.11, 1.00) (0.94, 0.46, 1.03) #fs:   0  -- #Conts: 20 H(7)  G(3)  A(1)  E(5)  C(4) 
 872082197 26285.71 || noQ Q (Avg,Max,Min) (1.01, 1.11, 1.00) (0.97, 0.46, 1.03) #fs:   1  -- #Conts: 18 H(7)  G(3)  A(1)  E(5)  C(2) 
 872211761 26052.82 || noQ Q (Avg,Max,Min) (1.02, 1.09, 1.00) (0.98, 0.56, 1.03) #fs:   0  -- #Conts: 17 H(6)  G(6)  A(1)  E(2)  C(2) 
 872220442 26050.82 || noQ Q (Avg,Max,Min) (1.02, 1.08, 1.00) (0.99, 0.67, 1.03) #fs:   0  -- #Conts: 18 H(6)  G(6)  A(2)  E(2)  C(2) 
 872436275 26048.82 || noQ Q (Avg,Max,Min) (1.01, 1.08, 1.00) (0.99, 0.67, 1.03) #fs:   0  -- #Conts: 17 H(6)  G(6)  A(1)  E(2)  C(2) 
 872544312 26046.82 || noQ Q (Avg,Max,Min) (1.01, 1.04, 1.00) (1.01, 0.95, 1.03) #fs:   0  -- #Conts: 17 H(6)  G(6)  A(2)  E(2)  C(1) 
 872679358 26045.82 || noQ Q (Avg,Max,Min) (1.01, 1.03, 1.00) (1.00, 0.95, 1.03) #fs:   0  -- #Conts: 17 H(6)  G(6)  A(2)  E(2)  C(1) 
 872768826 26044.82 || noQ Q (Avg,Max,Min) (1.01, 1.04, 1.00) (1.01, 1.00, 1.03) #fs:   0  -- #Conts: 16 H(6)  G(6)  A(1)  E(2)  C(1) 
 872903872 26043.82 || noQ Q (Avg,Max,Min) (1.01, 1.03, 1.00) (1.01, 1.00, 1.03) #fs:   0  -- #Conts: 16 H(6)  G(6)  A(1)  E(2)  C(1) 
 873150797 26042.82 || noQ Q (Avg,Max,Min) (1.01, 1.03, 1.00) (1.01, 0.99, 1.03) #fs:   0  -- #Conts: 16 H(6)  G(6)  A(1)  E(2)  C(1) 
 873317917 26041.82 || noQ Q (Avg,Max,Min) (1.01, 1.03, 1.00) (1.01, 0.99, 1.03) #fs:   0  -- #Conts: 16 H(6)  G(6)  A(1)  E(2)  C(1) 
 873346614 26040.82 || noQ Q (Avg,Max,Min) (1.01, 1.03, 1.00) (1.01, 1.00, 1.03) #fs:   0  -- #Conts: 16 H(6)  G(6)  A(1)  E(2)  C(1) 
 873498541 26039.82 || noQ Q (Avg,Max,Min) (1.01, 1.03, 1.00) (1.01, 1.00, 1.03) #fs:   0  -- #Conts: 16 H(6)  G(6)  A(1)  E(2)  C(1) 
 873684230 26038.82 || noQ Q (Avg,Max,Min) (1.01, 1.03, 1.00) (1.01, 0.99, 1.03) #fs:   0  -- #Conts: 16 H(6)  G(6)  A(1)  E(2)  C(1) 
 873711239 26037.82 || noQ Q (Avg,Max,Min) (1.01, 1.03, 1.00) (1.01, 1.00, 1.03) #fs:   0  -- #Conts: 16 H(6)  G(6)  A(1)  E(2)  C(1) 
 873878359 26036.82 || noQ Q (Avg,Max,Min) (1.01, 1.03, 1.00) (1.01, 0.99, 1.03) #fs:   0  -- #Conts: 16 H(6)  G(6)  A(1)  E(2)  C(1) 
 873978427 26035.82 || noQ Q (Avg,Max,Min) (1.04, 1.51, 1.00) (0.96, 0.17, 1.03) #fs:   0  -- #Conts: 17 H(6)  G(6)  A(2)  E(2)  C(1) 
 874072488 26034.82 || noQ Q (Avg,Max,Min) (1.01, 1.03, 1.00) (1.01, 1.00, 1.03) #fs:   0  -- #Conts: 16 H(6)  G(6)  A(1)  E(2)  C(1) 
 887205761 26033.71 || noQ Q (Avg,Max,Min) (1.01, 1.03, 1.00) (1.00, 0.93, 1.02) #fs:   0  -- #Conts: 18 H(6)  G(4)  A(4)  E(4) 
 906957958 25986.59 || noQ Q (Avg,Max,Min) (1.01, 1.08, 1.00) (0.97, 0.67, 1.01) #fs:   0  -- #Conts: 16 H(6)  G(3)  A(2)  E(2)  C(3) 
 907182472 25984.59 || noQ Q (Avg,Max,Min) (1.01, 1.08, 1.00) (0.97, 0.67, 1.01) #fs:   0  -- #Conts: 15 H(6)  G(3)  A(1)  E(2)  C(3) 
 914136344 25982.59 || noQ Q (Avg,Max,Min) (1.01, 1.03, 1.00) (0.99, 0.93, 1.01) #fs:   0  -- #Conts: 16 H(6)  G(3)  A(3)  E(2)  C(2) 
 961437940 25900.65 || noQ Q (Avg,Max,Min) (1.01, 1.03, 1.00) (0.99, 0.93, 1.03) #fs:   0  -- #Conts: 16 H(6)  G(3)  A(2)  E(3)  C(2) 
 961492437 25899.65 || noQ Q (Avg,Max,Min) (1.01, 1.03, 1.00) (0.99, 0.93, 1.03) #fs:   0  -- #Conts: 16 H(6)  G(3)  A(2)  E(3)  C(2) 
 961662454 25898.65 || noQ Q (Avg,Max,Min) (1.01, 1.03, 1.00) (0.99, 0.93, 1.03) #fs:   0  -- #Conts: 16 H(6)  G(3)  A(2)  E(3)  C(2) 
 961716951 25897.65 || noQ Q (Avg,Max,Min) (1.01, 1.03, 1.00) (0.99, 0.93, 1.03) #fs:   0  -- #Conts: 16 H(6)  G(3)  A(2)  E(3)  C(2) 
 961824988 25896.65 || noQ Q (Avg,Max,Min) (1.01, 1.03, 1.00) (0.99, 0.93, 1.03) #fs:   0  -- #Conts: 16 H(6)  G(3)  A(2)  E(3)  C(2) 
 961914620 25895.65 || noQ Q (Avg,Max,Min) (1.01, 1.03, 1.00) (0.99, 0.93, 1.03) #fs:   0  -- #Conts: 16 H(6)  G(3)  A(2)  E(3)  C(2) 
 962049502 25894.65 || noQ Q (Avg,Max,Min) (1.01, 1.03, 1.00) (1.00, 0.93, 1.03) #fs:   0  -- #Conts: 15 H(6)  G(3)  A(1)  E(3)  C(2) 
 962238677 25893.65 || noQ Q (Avg,Max,Min) (1.03, 1.45, 1.00) (0.94, 0.16, 1.03) #fs:   0  -- #Conts: 16 H(6)  G(3)  A(2)  E(3)  C(2) 
 962247171 25892.65 || noQ Q (Avg,Max,Min) (1.01, 1.03, 1.00) (1.00, 0.93, 1.03) #fs:   0  -- #Conts: 15 H(6)  G(3)  A(1)  E(3)  C(2) 
 962479655 25891.65 || noQ Q (Avg,Max,Min) (1.01, 1.03, 1.00) (1.00, 0.93, 1.03) #fs:   0  -- #Conts: 15 H(6)  G(3)  A(1)  E(3)  C(2) 
 962599496 25890.65 || noQ Q (Avg,Max,Min) (1.03, 1.45, 1.00) (0.94, 0.16, 1.03) #fs:   0  -- #Conts: 16 H(6)  G(3)  A(2)  E(3)  C(2) 
 962611796 25889.65 || noQ Q (Avg,Max,Min) (1.01, 1.03, 1.00) (1.00, 0.93, 1.03) #fs:   0  -- #Conts: 15 H(6)  G(3)  A(1)  E(3)  C(2) 
 962844280 25888.65 || noQ Q (Avg,Max,Min) (1.01, 1.03, 1.00) (1.00, 0.93, 1.03) #fs:   0  -- #Conts: 15 H(6)  G(3)  A(1)  E(3)  C(2) 
 962960745 25887.65 || noQ Q (Avg,Max,Min) (1.03, 1.45, 1.00) (0.94, 0.16, 1.03) #fs:   0  -- #Conts: 16 H(6)  G(3)  A(2)  E(3)  C(2) 
 962973045 25886.65 || noQ Q (Avg,Max,Min) (1.01, 1.03, 1.00) (1.00, 0.93, 1.03) #fs:   0  -- #Conts: 15 H(6)  G(3)  A(1)  E(3)  C(2) 
 963205529 25885.65 || noQ Q (Avg,Max,Min) (1.01, 1.03, 1.00) (1.00, 0.93, 1.03) #fs:   0  -- #Conts: 15 H(6)  G(3)  A(1)  E(3)  C(2) 
 963256642 25884.65 || noQ Q (Avg,Max,Min) (1.01, 1.03, 1.00) (0.99, 0.93, 1.03) #fs:   0  -- #Conts: 16 H(6)  G(3)  A(2)  E(3)  C(2) 
 995045994 25523.06 || noQ Q (Avg,Max,Min) (1.01, 1.09, 1.00) (0.98, 0.79, 1.01) #fs:   0  -- #Conts: 16 H(6)  G(4)  A(1)  E(4)  C(1) 
 995372820 25520.06 || noQ Q (Avg,Max,Min) (1.01, 1.05, 1.00) (1.00, 0.93, 1.05) #fs:   1  -- #Conts: 16 H(6)  G(4)  A(1)  E(4)  C(1) 
 995506779 25506.29 || noQ Q (Avg,Max,Min) (1.03, 1.45, 0.92) (0.94, 0.16, 1.05) #fs:   1  -- #Conts: 17 H(6)  G(4)  A(2)  E(4)  C(1) 
 995542474 25492.53 || noQ Q (Avg,Max,Min) (1.04, 1.45, 1.00) (0.95, 0.16, 1.06) #fs:   0  -- #Conts: 17 H(6)  G(4)  A(2)  E(4)  C(1) 
 995637472 25491.53 || noQ Q (Avg,Max,Min) (1.01, 1.06, 1.00) (1.00, 0.93, 1.06) #fs:   0  -- #Conts: 16 H(6)  G(4)  A(1)  E(4)  C(1) 
 995688148 25490.53 || noQ Q (Avg,Max,Min) (1.04, 1.45, 1.00) (0.95, 0.16, 1.05) #fs:   0  -- #Conts: 17 H(6)  G(4)  A(2)  E(4)  C(1) 
 995783146 25489.53 || noQ Q (Avg,Max,Min) (1.01, 1.05, 1.00) (1.00, 0.93, 1.05) #fs:   0  -- #Conts: 16 H(6)  G(4)  A(1)  E(4)  C(1) 
 995922484 25488.53 || noQ Q (Avg,Max,Min) (1.01, 1.05, 1.00) (1.00, 0.93, 1.05) #fs:   0  -- #Conts: 16 H(6)  G(4)  A(1)  E(4)  C(1) 
 998396357 25483.47 || noQ Q (Avg,Max,Min) (1.02, 1.14, 1.00) (0.97, 0.41, 1.05) #fs:   0  -- #Conts: 17 H(5)  G(5)  A(1)  E(5)  C(1) 
 999460889 25482.47 || noQ Q (Avg,Max,Min) (1.02, 1.16, 1.00) (0.98, 0.69, 1.04) #fs:   0  -- #Conts: 17 H(5)  G(5)  A(1)  E(5)  C(1) 
 999696246 25481.47 || noQ Q (Avg,Max,Min) (1.02, 1.16, 1.00) (0.98, 0.69, 1.06) #fs:   0  -- #Conts: 17 H(5)  G(5)  A(1)  E(5)  C(1) 
 999944645 25480.47 || noQ Q (Avg,Max,Min) (1.02, 1.16, 1.00) (0.99, 0.73, 1.05) #fs:   0  -- #Conts: 17 H(5)  G(5)  A(1)  E(5)  C(1) 
1006956198 25479.76 || noQ Q (Avg,Max,Min) (1.02, 1.15, 1.00) (0.98, 0.74, 1.05) #fs:   0  -- #Conts: 18 H(5)  G(5)  A(2)  E(4)  C(2) 
1008436302 25479.71 || noQ Q (Avg,Max,Min) (1.02, 1.11, 1.00) (0.97, 0.46, 1.05) #fs:   0  -- #Conts: 19 H(5)  G(4)  A(3)  E(5)  C(2) 
1011491288 25477.71 || noQ Q (Avg,Max,Min) (1.01, 1.05, 1.00) (0.99, 0.93, 1.05) #fs:   0  -- #Conts: 19 H(5)  G(4)  A(4)  E(5)  C(1) 
1019078135 25477.65 || noQ Q (Avg,Max,Min) (1.01, 1.03, 1.00) (0.99, 0.91, 1.02) #fs:   0  -- #Conts: 19 H(5)  G(3)  A(4)  E(6)  C(1) 
1055554406 25233.24 || noQ Q (Avg,Max,Min) (1.01, 1.08, 1.00) (0.98, 0.67, 1.04) #fs:   0  -- #Conts: 19 H(5)  G(6)  A(2)  E(4)  C(2) 
1055607732 25232.24 || noQ Q (Avg,Max,Min) (1.01, 1.08, 1.00) (0.98, 0.67, 1.04) #fs:   0  -- #Conts: 19 H(5)  G(6)  A(2)  E(4)  C(2) 
1055718376 25229.24 || noQ Q (Avg,Max,Min) (1.01, 1.04, 1.00) (1.00, 0.94, 1.04) #fs:   0  -- #Conts: 18 H(5)  G(6)  A(2)  E(4)  C(1) 
1055928163 25228.24 || noQ Q (Avg,Max,Min) (1.01, 1.04, 1.00) (1.00, 0.94, 1.04) #fs:   0  -- #Conts: 18 H(5)  G(6)  A(2)  E(4)  C(1) 
1056059367 25226.24 || noQ Q (Avg,Max,Min) (1.01, 1.04, 1.00) (1.00, 0.94, 1.04) #fs:   0  -- #Conts: 17 H(5)  G(6)  A(1)  E(4)  C(1) 
1056269154 25225.24 || noQ Q (Avg,Max,Min) (1.01, 1.04, 1.00) (1.00, 0.94, 1.04) #fs:   0  -- #Conts: 17 H(5)  G(6)  A(1)  E(4)  C(1) 
1056425230 25224.24 || noQ Q (Avg,Max,Min) (1.01, 1.04, 1.00) (1.00, 0.94, 1.04) #fs:   0  -- #Conts: 17 H(5)  G(6)  A(1)  E(4)  C(1) 
1056502109 25223.24 || noQ Q (Avg,Max,Min) (1.01, 1.04, 1.00) (1.00, 0.94, 1.04) #fs:   0  -- #Conts: 17 H(5)  G(6)  A(1)  E(4)  C(1) 
1056616898 25222.24 || noQ Q (Avg,Max,Min) (1.01, 1.04, 1.00) (1.00, 0.94, 1.04) #fs:   0  -- #Conts: 17 H(5)  G(6)  A(1)  E(4)  C(1) 
1056760385 25221.24 || noQ Q (Avg,Max,Min) (1.01, 1.04, 1.00) (1.00, 0.94, 1.04) #fs:   0  -- #Conts: 17 H(5)  G(6)  A(1)  E(4)  C(1) 
1056866734 25220.24 || noQ Q (Avg,Max,Min) (1.01, 1.04, 1.00) (1.00, 0.94, 1.04) #fs:   0  -- #Conts: 17 H(5)  G(6)  A(1)  E(4)  C(1) 
1056981523 25219.24 || noQ Q (Avg,Max,Min) (1.01, 1.04, 1.00) (1.00, 0.94, 1.04) #fs:   0  -- #Conts: 17 H(5)  G(6)  A(1)  E(4)  C(1) 
1057125010 25218.24 || noQ Q (Avg,Max,Min) (1.01, 1.04, 1.00) (1.00, 0.94, 1.04) #fs:   0  -- #Conts: 17 H(5)  G(6)  A(1)  E(4)  C(1) 
1057227983 25217.24 || noQ Q (Avg,Max,Min) (1.01, 1.04, 1.00) (1.00, 0.94, 1.04) #fs:   0  -- #Conts: 17 H(5)  G(6)  A(1)  E(4)  C(1) 
1057342772 25216.24 || noQ Q (Avg,Max,Min) (1.01, 1.04, 1.00) (1.00, 0.94, 1.04) #fs:   0  -- #Conts: 17 H(5)  G(6)  A(1)  E(4)  C(1) 
1057486259 25215.24 || noQ Q (Avg,Max,Min) (1.01, 1.04, 1.00) (1.00, 0.94, 1.04) #fs:   0  -- #Conts: 17 H(5)  G(6)  A(1)  E(4)  C(1) 
1057617929 25214.24 || noQ Q (Avg,Max,Min) (1.01, 1.04, 1.00) (1.00, 0.94, 1.04) #fs:   0  -- #Conts: 18 H(5)  G(6)  A(2)  E(4)  C(1) 
1057722589 25213.24 || noQ Q (Avg,Max,Min) (1.01, 1.04, 1.00) (1.00, 0.94, 1.04) #fs:   0  -- #Conts: 17 H(5)  G(6)  A(1)  E(4)  C(1) 
1057844131 25212.24 || noQ Q (Avg,Max,Min) (1.01, 1.04, 1.00) (1.00, 0.94, 1.04) #fs:   0  -- #Conts: 17 H(5)  G(6)  A(1)  E(4)  C(1) 
1057958920 25211.24 || noQ Q (Avg,Max,Min) (1.01, 1.04, 1.00) (1.00, 0.94, 1.04) #fs:   0  -- #Conts: 17 H(5)  G(6)  A(1)  E(4)  C(1) 
1058100719 25210.24 || noQ Q (Avg,Max,Min) (1.01, 1.04, 1.00) (1.00, 0.94, 1.04) #fs:   0  -- #Conts: 17 H(5)  G(6)  A(1)  E(4)  C(1) 
1058316308 25209.24 || noQ Q (Avg,Max,Min) (1.03, 1.45, 1.00) (0.96, 0.16, 1.04) #fs:   0  -- #Conts: 18 H(5)  G(6)  A(2)  E(4)  C(1) 
1058337049 25208.24 || noQ Q (Avg,Max,Min) (1.01, 1.04, 1.00) (1.00, 0.94, 1.04) #fs:   0  -- #Conts: 17 H(5)  G(6)  A(1)  E(4)  C(1) 
1058451838 25207.24 || noQ Q (Avg,Max,Min) (1.01, 1.04, 1.00) (1.00, 0.94, 1.04) #fs:   0  -- #Conts: 17 H(5)  G(6)  A(1)  E(4)  C(1) 
1058575068 25206.24 || noQ Q (Avg,Max,Min) (1.01, 1.04, 1.00) (1.00, 0.94, 1.04) #fs:   0  -- #Conts: 17 H(5)  G(6)  A(1)  E(4)  C(1) 
1065614095 25205.24 || noQ Q (Avg,Max,Min) (1.01, 1.04, 1.00) (1.00, 0.94, 1.04) #fs:   0  -- #Conts: 18 H(5)  G(6)  A(2)  E(4)  C(1) 
1138687844 24138.59 || noQ Q (Avg,Max,Min) (1.01, 1.02, 1.00) (1.00, 0.93, 1.02) #fs:   0  -- #Conts: 15 H(3)  G(6)  A(3)  E(2)  C(1) 
1138741170 24137.59 || noQ Q (Avg,Max,Min) (1.01, 1.02, 1.00) (1.00, 0.93, 1.02) #fs:   0  -- #Conts: 15 H(3)  G(6)  A(3)  E(2)  C(1) 
1138851814 24135.59 || noQ Q (Avg,Max,Min) (1.01, 1.02, 1.00) (1.00, 0.95, 1.02) #fs:   0  -- #Conts: 14 H(3)  G(6)  A(2)  E(2)  C(1) 
1139061601 24134.59 || noQ Q (Avg,Max,Min) (1.01, 1.02, 1.00) (1.00, 0.95, 1.02) #fs:   0  -- #Conts: 14 H(3)  G(6)  A(2)  E(2)  C(1) 
1139192805 24132.59 || noQ Q (Avg,Max,Min) (1.01, 1.02, 1.00) (1.01, 0.99, 1.02) #fs:   0  -- #Conts: 13 H(3)  G(6)  A(1)  E(2)  C(1) 
1139402592 24131.59 || noQ Q (Avg,Max,Min) (1.01, 1.02, 1.00) (1.01, 0.99, 1.02) #fs:   0  -- #Conts: 13 H(3)  G(6)  A(1)  E(2)  C(1) 
1139532876 24130.59 || noQ Q (Avg,Max,Min) (1.01, 1.02, 1.00) (1.01, 0.99, 1.02) #fs:   0  -- #Conts: 13 H(3)  G(6)  A(1)  E(2)  C(1) 
1139672214 24129.59 || noQ Q (Avg,Max,Min) (1.01, 1.02, 1.00) (1.00, 0.99, 1.02) #fs:   0  -- #Conts: 13 H(3)  G(6)  A(1)  E(2)  C(1) 
1139839334 24128.59 || noQ Q (Avg,Max,Min) (1.01, 1.02, 1.00) (1.00, 0.99, 1.02) #fs:   0  -- #Conts: 13 H(3)  G(6)  A(1)  E(2)  C(1) 
1139868031 24127.59 || noQ Q (Avg,Max,Min) (1.01, 1.02, 1.00) (1.01, 1.00, 1.02) #fs:   0  -- #Conts: 13 H(3)  G(6)  A(1)  E(2)  C(1) 
1140019958 24126.59 || noQ Q (Avg,Max,Min) (1.01, 1.02, 1.00) (1.01, 1.00, 1.02) #fs:   0  -- #Conts: 13 H(3)  G(6)  A(1)  E(2)  C(1) 
1140205647 24125.59 || noQ Q (Avg,Max,Min) (1.01, 1.02, 1.00) (1.00, 0.99, 1.02) #fs:   0  -- #Conts: 13 H(3)  G(6)  A(1)  E(2)  C(1) 
1140232656 24124.59 || noQ Q (Avg,Max,Min) (1.01, 1.02, 1.00) (1.01, 1.00, 1.02) #fs:   0  -- #Conts: 13 H(3)  G(6)  A(1)  E(2)  C(1) 
1140386742 24123.59 || noQ Q (Avg,Max,Min) (1.01, 1.02, 1.00) (1.00, 0.95, 1.02) #fs:   0  -- #Conts: 14 H(3)  G(6)  A(2)  E(2)  C(1) 
1140479103 24122.59 || noQ Q (Avg,Max,Min) (1.01, 1.10, 1.00) (0.97, 0.45, 1.02) #fs:   1  -- #Conts: 14 H(3)  G(6)  A(2)  E(2)  C(1) 
1140593905 24121.59 || noQ Q (Avg,Max,Min) (1.01, 1.02, 1.00) (1.01, 1.00, 1.02) #fs:   0  -- #Conts: 13 H(3)  G(6)  A(1)  E(2)  C(1) 
1140727733 24120.59 || noQ Q (Avg,Max,Min) (1.01, 1.02, 1.00) (1.01, 1.00, 1.02) #fs:   0  -- #Conts: 13 H(3)  G(6)  A(1)  E(2)  C(1) 
1140845428 24119.59 || noQ Q (Avg,Max,Min) (1.01, 1.02, 1.00) (1.01, 1.00, 1.02) #fs:   0  -- #Conts: 13 H(3)  G(6)  A(1)  E(2)  C(1) 
1140996138 24118.59 || noQ Q (Avg,Max,Min) (1.01, 1.02, 1.00) (1.00, 0.95, 1.02) #fs:   0  -- #Conts: 14 H(3)  G(6)  A(2)  E(2)  C(1) 
1141092358 24117.59 || noQ Q (Avg,Max,Min) (1.01, 1.02, 1.00) (1.01, 1.00, 1.02) #fs:   0  -- #Conts: 13 H(3)  G(6)  A(1)  E(2)  C(1) 
1141210053 24116.59 || noQ Q (Avg,Max,Min) (1.01, 1.02, 1.00) (1.01, 1.00, 1.02) #fs:   0  -- #Conts: 13 H(3)  G(6)  A(1)  E(2)  C(1) 
1141337129 24115.59 || noQ Q (Avg,Max,Min) (1.01, 1.02, 1.00) (1.01, 1.00, 1.02) #fs:   0  -- #Conts: 13 H(3)  G(6)  A(1)  E(2)  C(1) 
1141444695 24114.59 || noQ Q (Avg,Max,Min) (1.01, 1.02, 1.00) (1.01, 1.00, 1.02) #fs:   0  -- #Conts: 13 H(3)  G(6)  A(1)  E(2)  C(1) 
1141585276 24113.59 || noQ Q (Avg,Max,Min) (1.01, 1.02, 1.00) (1.01, 1.00, 1.02) #fs:   0  -- #Conts: 13 H(3)  G(6)  A(1)  E(2)  C(1) 
1141697907 24112.59 || noQ Q (Avg,Max,Min) (1.01, 1.02, 1.00) (1.01, 1.00, 1.02) #fs:   0  -- #Conts: 13 H(3)  G(6)  A(1)  E(2)  C(1) 
1148132739 24111.59 || noQ Q (Avg,Max,Min) (1.01, 1.03, 1.00) (1.01, 1.00, 1.02) #fs:   0  -- #Conts: 14 H(3)  G(6)  A(2)  E(2)  C(1) 
1148947882 24108.88 || noQ Q (Avg,Max,Min) (1.03, 1.31, 1.00) (0.94, 0.21, 1.02) #fs:   0  -- #Conts: 13 H(3)  G(7)  A(1)  E(2) 
1148976558 24093.12 || noQ Q (Avg,Max,Min) (1.00, 1.02, 0.99) (1.00, 0.99, 1.02) #fs:   1  -- #Conts: 12 H(3)  G(6)  A(1)  E(2) 
1149138021 24092.12 || noQ Q (Avg,Max,Min) (1.01, 1.02, 1.00) (1.00, 0.99, 1.02) #fs:   0  -- #Conts: 12 H(3)  G(6)  A(1)  E(2) 
1149332662 24077.35 || noQ Q (Avg,Max,Min) (1.03, 1.36, 1.00) (0.95, 0.36, 1.02) #fs:   0  -- #Conts: 13 H(3)  G(7)  A(1)  E(2) 
1149447451 24076.35 || noQ Q (Avg,Max,Min) (1.03, 1.36, 1.00) (0.95, 0.36, 1.02) #fs:   0  -- #Conts: 13 H(3)  G(7)  A(1)  E(2) 
1149529140 24068.59 || noQ Q (Avg,Max,Min) (1.03, 1.44, 0.87) (0.93, 0.15, 1.04) #fs:   1  -- #Conts: 15 H(3)  G(8)  A(1)  E(2)  C(1) 
1150012162 24059.53 || noQ Q (Avg,Max,Min) (1.01, 1.19, 0.87) (0.94, 0.29, 1.04) #fs:   1  -- #Conts: 15 H(3)  G(7)  A(1)  E(3)  C(1) 
1150388201 24056.82 || noQ Q (Avg,Max,Min) (1.00, 1.04, 0.92) (0.98, 0.59, 1.04) #fs:   1  -- #Conts: 14 H(3)  G(7)  A(1)  E(2)  C(1) 
1151409046 24055.82 || noQ Q (Avg,Max,Min) (1.02, 1.11, 1.00) (0.95, 0.46, 1.04) #fs:   0  -- #Conts: 15 H(3)  G(7)  A(1)  E(2)  C(2) 
1155794360 24054.82 || noQ Q (Avg,Max,Min) (1.00, 1.04, 0.87) (0.98, 0.74, 1.04) #fs:   1  -- #Conts: 15 H(3)  G(7)  A(2)  E(2)  C(1) 
1156181859 24053.82 || noQ Q (Avg,Max,Min) (1.01, 1.08, 1.00) (0.98, 0.67, 1.04) #fs:   0  -- #Conts: 15 H(3)  G(7)  A(2)  E(2)  C(1) 
1159037967 24052.82 || noQ Q (Avg,Max,Min) (1.01, 1.04, 1.00) (1.00, 0.93, 1.04) #fs:   0  -- #Conts: 15 H(3)  G(7)  A(3)  E(2) 
1266106993 23803.94 || noQ Q (Avg,Max,Min) (1.04, 1.52, 1.00) (0.95, 0.14, 1.04) #fs:   0  -- #Conts: 16 H(3)  G(7)  A(2)  E(3)  C(1) 
1266328225 23774.41 || noQ Q (Avg,Max,Min) (1.01, 1.04, 1.00) (1.00, 0.93, 1.04) #fs:   0  -- #Conts: 15 H(2)  G(7)  A(2)  E(3)  C(1) 
1266573033 23773.41 || noQ Q (Avg,Max,Min) (1.01, 1.04, 1.00) (1.00, 0.93, 1.04) #fs:   0  -- #Conts: 15 H(2)  G(7)  A(2)  E(3)  C(1) 
1266753211 23771.41 || noQ Q (Avg,Max,Min) (1.01, 1.04, 1.00) (1.00, 0.93, 1.04) #fs:   0  -- #Conts: 15 H(2)  G(7)  A(2)  E(3)  C(1) 
1267137991 23770.41 || noQ Q (Avg,Max,Min) (1.04, 1.45, 1.00) (0.95, 0.16, 1.04) #fs:   0  -- #Conts: 15 H(2)  G(7)  A(2)  E(3)  C(1) 
1283629915 23576.29 || noQ Q (Avg,Max,Min) (1.05, 1.52, 1.00) (0.95, 0.14, 1.06) #fs:   1  -- #Conts: 15 H(4)  G(7)  A(1)  E(3) 
1283636345 23575.29 || noQ Q (Avg,Max,Min) (1.05, 1.52, 1.00) (0.95, 0.14, 1.06) #fs:   1  -- #Conts: 15 H(4)  G(7)  A(1)  E(3) 
1283685949 23559.53 || noQ Q (Avg,Max,Min) (1.01, 1.09, 1.00) (1.01, 0.99, 1.09) #fs:   0  -- #Conts: 14 H(3)  G(7)  A(1)  E(3) 
1284394653 23558.53 || noQ Q (Avg,Max,Min) (1.02, 1.10, 1.00) (1.01, 0.99, 1.08) #fs:   1  -- #Conts: 14 H(3)  G(7)  A(1)  E(3) 
1284582755 23551.47 || noQ Q (Avg,Max,Min) (1.02, 1.14, 1.00) (0.97, 0.41, 1.06) #fs:   1  -- #Conts: 15 H(3)  G(7)  A(1)  E(4) 
1284589185 23550.47 || noQ Q (Avg,Max,Min) (1.02, 1.14, 1.00) (0.97, 0.41, 1.06) #fs:   1  -- #Conts: 15 H(3)  G(7)  A(1)  E(4) 
1284725326 23549.47 || noQ Q (Avg,Max,Min) (1.02, 1.14, 1.00) (0.97, 0.41, 1.06) #fs:   0  -- #Conts: 15 H(3)  G(7)  A(1)  E(4) 
1285518443 23548.76 || noQ Q (Avg,Max,Min) (1.02, 1.08, 1.00) (0.99, 0.67, 1.06) #fs:   1  -- #Conts: 15 H(3)  G(7)  A(1)  E(3)  C(1) 
1285524873 23547.76 || noQ Q (Avg,Max,Min) (1.02, 1.08, 1.00) (0.99, 0.67, 1.06) #fs:   1  -- #Conts: 15 H(3)  G(7)  A(1)  E(3)  C(1) 
1285661014 23546.76 || noQ Q (Avg,Max,Min) (1.02, 1.08, 1.00) (0.99, 0.67, 1.06) #fs:   0  -- #Conts: 15 H(3)  G(7)  A(1)  E(3)  C(1) 
1287508291 23541.41 || noQ Q (Avg,Max,Min) (1.02, 1.19, 1.00) (0.95, 0.29, 1.06) #fs:   0  -- #Conts: 14 H(2)  G(7)  A(1)  E(4) 
1287660564 23538.71 || noQ Q (Avg,Max,Min) (1.02, 1.11, 1.00) (0.97, 0.46, 1.06) #fs:   0  -- #Conts: 14 H(2)  G(7)  A(1)  E(3)  C(1) 
1287893071 23534.71 || noQ Q (Avg,Max,Min) (1.01, 1.06, 1.00) (1.01, 0.97, 1.06) #fs:   0  -- #Conts: 13 H(2)  G(7)  A(1)  E(3) 
1305785845 23264.82 || noQ Q (Avg,Max,Min) (1.06, 1.75, 1.00) (0.93, 0.11, 1.06) #fs:   0  -- #Conts: 16 H(2)  G(7)  A(1)  E(4)  C(2) 
1305928994 23249.06 || noQ Q (Avg,Max,Min) (1.01, 1.08, 1.00) (0.98, 0.68, 1.06) #fs:   0  -- #Conts: 15 H(1)  G(7)  A(1)  E(4)  C(2) 
1306073901 23248.06 || noQ Q (Avg,Max,Min) (1.01, 1.08, 1.00) (0.98, 0.68, 1.06) #fs:   0  -- #Conts: 15 H(1)  G(7)  A(1)  E(4)  C(2) 
1306196144 23247.06 || noQ Q (Avg,Max,Min) (1.02, 1.08, 1.00) (0.98, 0.69, 1.06) #fs:   0  -- #Conts: 16 H(1)  G(7)  A(2)  E(4)  C(2) 
1306429133 23240.00 || noQ Q (Avg,Max,Min) (1.03, 1.19, 1.00) (0.94, 0.29, 1.06) #fs:   0  -- #Conts: 16 H(1)  G(7)  A(1)  E(5)  C(2) 
1306812592 23237.00 || noQ Q (Avg,Max,Min) (1.02, 1.19, 1.00) (0.95, 0.29, 1.06) #fs:   0  -- #Conts: 17 H(1)  G(7)  A(3)  E(5)  C(1) 
1307444300 23234.29 || noQ Q (Avg,Max,Min) (1.02, 1.11, 1.00) (0.97, 0.46, 1.06) #fs:   0  -- #Conts: 17 H(1)  G(7)  A(3)  E(4)  C(2) 
1312594790 23232.29 || noQ Q (Avg,Max,Min) (1.01, 1.06, 1.00) (0.99, 0.93, 1.06) #fs:   0  -- #Conts: 17 H(1)  G(7)  A(4)  E(4)  C(1) 
1316115287 23231.29 || noQ Q (Avg,Max,Min) (1.01, 1.06, 1.00) (1.00, 0.94, 1.06) #fs:   0  -- #Conts: 16 H(1)  G(7)  A(3)  E(4)  C(1) 
1317678751 23199.00 || noQ Q (Avg,Max,Min) (1.01, 1.08, 1.00) (0.97, 0.67, 1.01) #fs:   0  -- #Conts: 14 G(6)  A(2)  E(3)  C(3) 
1318063531 23197.00 || noQ Q (Avg,Max,Min) (1.01, 1.08, 1.00) (0.97, 0.67, 1.01) #fs:   0  -- #Conts: 13 G(6)  A(1)  E(3)  C(3) 
1318248689 23195.00 || noQ Q (Avg,Max,Min) (1.01, 1.03, 1.00) (0.99, 0.93, 1.01) #fs:   0  -- #Conts: 13 G(6)  A(2)  E(3)  C(2) 
1318390866 23183.24 || noQ Q (Avg,Max,Min) (1.01, 1.08, 1.00) (0.97, 0.67, 1.01) #fs:   0  -- #Conts: 15 G(7)  A(2)  E(3)  C(3) 
1318775646 23181.24 || noQ Q (Avg,Max,Min) (1.01, 1.08, 1.00) (0.97, 0.67, 1.01) #fs:   0  -- #Conts: 14 G(7)  A(1)  E(3)  C(3) 
1318960804 23179.24 || noQ Q (Avg,Max,Min) (1.01, 1.03, 1.00) (0.99, 0.93, 1.01) #fs:   0  -- #Conts: 14 G(7)  A(2)  E(3)  C(2) 
1319219096 23175.18 || noQ Q (Avg,Max,Min) (1.05, 1.51, 1.00) (0.89, 0.17, 1.01) #fs:   0  -- #Conts: 17 G(7)  A(3)  E(4)  C(3) 
1319416633 23174.18 || noQ Q (Avg,Max,Min) (1.02, 1.14, 1.00) (0.93, 0.42, 1.01) #fs:   0  -- #Conts: 16 G(7)  A(2)  E(4)  C(3) 
1320086898 23173.18 || noQ Q (Avg,Max,Min) (1.05, 1.51, 1.00) (0.90, 0.17, 1.01) #fs:   0  -- #Conts: 16 G(7)  A(2)  E(4)  C(3) 
1320178532 23172.47 || noQ Q (Avg,Max,Min) (1.05, 1.51, 1.00) (0.90, 0.17, 1.01) #fs:   0  -- #Conts: 17 G(7)  A(3)  E(3)  C(4) 
1320284435 23172.18 || noQ Q (Avg,Max,Min) (1.02, 1.16, 1.00) (0.95, 0.67, 1.01) #fs:   0  -- #Conts: 15 G(7)  A(1)  E(4)  C(3) 
1320376069 23171.47 || noQ Q (Avg,Max,Min) (1.02, 1.08, 1.00) (0.95, 0.67, 1.01) #fs:   0  -- #Conts: 16 G(7)  A(2)  E(3)  C(4) 
1320504487 23171.18 || noQ Q (Avg,Max,Min) (1.05, 1.51, 1.00) (0.93, 0.17, 1.01) #fs:   0  -- #Conts: 16 G(7)  A(3)  E(4)  C(2) 
1320702024 23170.18 || noQ Q (Avg,Max,Min) (1.02, 1.14, 1.00) (0.98, 0.82, 1.01) #fs:   0  -- #Conts: 15 G(7)  A(2)  E(4)  C(2) 
1321372289 23169.18 || noQ Q (Avg,Max,Min) (1.05, 1.51, 1.00) (0.95, 0.17, 1.11) #fs:   0  -- #Conts: 15 G(7)  A(2)  E(4)  C(2) 
1321569826 23168.18 || noQ Q (Avg,Max,Min) (1.02, 1.15, 1.00) (1.00, 0.93, 1.11) #fs:   0  -- #Conts: 14 G(7)  A(1)  E(4)  C(2) 
1733098475 23130.71 || noQ Q (Avg,Max,Min) (1.01, 1.02, 1.00) (0.95, 0.25, 1.01) #fs:   1  -- #Conts: 15 H(1)  G(7)  A(2)  E(4)  C(1) 
1733258741 23114.94 || noQ Q (Avg,Max,Min) (1.02, 1.25, 1.00) (0.95, 0.36, 1.01) #fs:   0  -- #Conts: 15 G(8)  A(2)  E(4)  C(1) 
1733488066 23108.88 || noQ Q (Avg,Max,Min) (1.01, 1.02, 1.00) (1.00, 0.93, 1.01) #fs:   0  -- #Conts: 14 G(7)  A(2)  E(4)  C(1) 
1734355868 23106.88 || noQ Q (Avg,Max,Min) (1.01, 1.02, 1.00) (1.00, 0.93, 1.01) #fs:   0  -- #Conts: 14 G(7)  A(2)  E(4)  C(1) 
1734372023 23105.88 || noQ Q (Avg,Max,Min) (1.02, 1.16, 1.00) (0.98, 0.69, 1.01) #fs:   0  -- #Conts: 15 G(7)  A(2)  E(5)  C(1) 
1739523961 23105.18 || noQ Q (Avg,Max,Min) (1.01, 1.08, 1.00) (0.97, 0.67, 1.01) #fs:   0  -- #Conts: 16 G(7)  A(3)  E(4)  C(2) 
1742068830 23104.18 || noQ Q (Avg,Max,Min) (1.01, 1.03, 1.00) (0.99, 0.93, 1.01) #fs:   0  -- #Conts: 16 G(7)  A(4)  E(4)  C(1) 
1809416987 23065.71 || noQ Q (Avg,Max,Min) (1.06, 1.75, 1.00) (0.92, 0.11, 1.02) #fs:   0  -- #Conts: 16 H(1)  G(7)  A(2)  E(5)  C(1) 
1809577253 23049.94 || noQ Q (Avg,Max,Min) (1.04, 1.44, 1.00) (0.93, 0.15, 1.02) #fs:   0  -- #Conts: 16 G(8)  A(2)  E(5)  C(1) 
1810043158 23034.18 || noQ Q (Avg,Max,Min) (1.01, 1.08, 1.00) (0.98, 0.69, 1.02) #fs:   0  -- #Conts: 15 G(7)  A(2)  E(5)  C(1) 
1810228644 22995.00 || noQ Q (Avg,Max,Min) (1.05, 1.75, 1.00) (0.95, 0.11, 1.01) #fs:   0  -- #Conts: 17 H(1)  G(6)  A(2)  E(6)  C(2) 
1810371793 22979.24 || noQ Q (Avg,Max,Min) (1.01, 1.02, 1.00) (1.00, 0.94, 1.01) #fs:   0  -- #Conts: 16 G(6)  A(2)  E(6)  C(2) 
1810871932 22970.18 || noQ Q (Avg,Max,Min) (1.02, 1.19, 1.00) (0.96, 0.29, 1.01) #fs:   0  -- #Conts: 17 G(6)  A(2)  E(7)  C(2) 
1811503640 22967.47 || noQ Q (Avg,Max,Min) (1.01, 1.11, 1.00) (0.97, 0.46, 1.01) #fs:   0  -- #Conts: 17 G(6)  A(2)  E(6)  C(3) 
1816654130 22965.47 || noQ Q (Avg,Max,Min) (1.01, 1.03, 1.00) (0.99, 0.94, 1.01) #fs:   0  -- #Conts: 17 G(6)  A(3)  E(6)  C(2) 
1820554176 22964.47 || noQ Q (Avg,Max,Min) (1.01, 1.03, 1.00) (0.99, 0.93, 1.01) #fs:   0  -- #Conts: 18 G(6)  A(4)  E(6)  C(2) 
2221264994 22928.71 || noQ Q (Avg,Max,Min) (1.03, 1.52, 1.00) (0.95, 0.14, 1.03) #fs:   1  -- #Conts: 18 H(1)  G(6)  A(2)  E(7)  C(2) 
2221489508 22926.71 || noQ Q (Avg,Max,Min) (1.04, 1.61, 1.00) (0.96, 0.25, 1.03) #fs:   1  -- #Conts: 18 H(1)  G(6)  A(2)  E(7)  C(2) 
2221502381 22912.94 || noQ Q (Avg,Max,Min) (1.02, 1.31, 1.00) (0.96, 0.21, 1.03) #fs:   1  -- #Conts: 18 G(7)  A(2)  E(7)  C(2) 
2221887161 22910.94 || noQ Q (Avg,Max,Min) (1.03, 1.36, 1.00) (0.96, 0.36, 1.03) #fs:   1  -- #Conts: 18 G(7)  A(2)  E(7)  C(2) 
2222201679 22903.88 || noQ Q (Avg,Max,Min) (1.01, 1.03, 1.00) (1.00, 0.94, 1.03) #fs:   1  -- #Conts: 17 G(6)  A(2)  E(7)  C(2) 
2223069481 22901.88 || noQ Q (Avg,Max,Min) (1.01, 1.03, 1.00) (1.00, 0.94, 1.03) #fs:   1  -- #Conts: 17 G(6)  A(2)  E(7)  C(2) 
2223153522 22901.18 || noQ Q (Avg,Max,Min) (1.01, 1.08, 1.00) (0.98, 0.67, 1.03) #fs:   1  -- #Conts: 18 G(6)  A(2)  E(7)  C(3) 
2228421200 22900.18 || noQ Q (Avg,Max,Min) (1.01, 1.08, 1.00) (0.96, 0.67, 1.03) #fs:   1  -- #Conts: 19 G(6)  A(2)  E(7)  C(4) 
2230782443 22899.18 || noQ Q (Avg,Max,Min) (1.01, 1.08, 1.00) (0.98, 0.69, 1.03) #fs:   1  -- #Conts: 19 G(6)  A(3)  E(7)  C(3) 
2231862991 22898.18 || noQ Q (Avg,Max,Min) (1.01, 1.03, 1.00) (0.99, 0.93, 1.03) #fs:   1  -- #Conts: 19 G(6)  A(4)  E(7)  C(2) 
2253437797 22644.12 || noQ Q (Avg,Max,Min) (1.06, 1.75, 1.00) (0.94, 0.11, 1.01) #fs:   0  -- #Conts: 15 H(1)  G(3)  A(3)  E(7)  C(1) 
2253580946 22628.35 || noQ Q (Avg,Max,Min) (1.01, 1.03, 1.00) (1.00, 0.98, 1.01) #fs:   0  -- #Conts: 14 G(3)  A(3)  E(7)  C(1) 
2254081085 22619.29 || noQ Q (Avg,Max,Min) (1.02, 1.19, 1.00) (0.95, 0.29, 1.01) #fs:   0  -- #Conts: 15 G(3)  A(3)  E(8)  C(1) 
2254712793 22616.59 || noQ Q (Avg,Max,Min) (1.01, 1.11, 1.00) (0.96, 0.46, 1.01) #fs:   0  -- #Conts: 15 G(3)  A(3)  E(7)  C(2) 
2256102721 22615.59 || noQ Q (Avg,Max,Min) (1.04, 1.45, 1.00) (0.90, 0.16, 1.01) #fs:   0  -- #Conts: 16 G(3)  A(3)  E(7)  C(3) 
2257773921 22614.59 || noQ Q (Avg,Max,Min) (1.01, 1.09, 1.00) (0.97, 0.59, 1.01) #fs:   0  -- #Conts: 14 G(3)  A(2)  E(7)  C(2) 
2260669981 22612.59 || noQ Q (Avg,Max,Min) (1.01, 1.08, 1.00) (0.98, 0.67, 1.02) #fs:   0  -- #Conts: 15 G(3)  A(3)  E(7)  C(2) 
2270863135 22611.59 || noQ Q (Avg,Max,Min) (1.01, 1.02, 1.00) (1.00, 0.96, 1.01) #fs:   0  -- #Conts: 14 G(3)  A(3)  E(7)  C(1) 
2378286709 22606.41 || noQ Q (Avg,Max,Min) (1.04, 1.56, 1.00) (0.94, 0.15, 1.01) #fs:   0  -- #Conts: 16 H(1)  G(3)  A(2)  E(7)  C(3) 
2378511223 22604.41 || noQ Q (Avg,Max,Min) (1.05, 1.64, 1.00) (0.94, 0.26, 1.01) #fs:   0  -- #Conts: 16 H(1)  G(3)  A(2)  E(7)  C(3) 
2378513937 22590.65 || noQ Q (Avg,Max,Min) (1.01, 1.02, 1.00) (0.99, 0.93, 1.01) #fs:   0  -- #Conts: 15 G(3)  A(2)  E(7)  C(3) 
2378898717 22588.65 || noQ Q (Avg,Max,Min) (1.01, 1.02, 1.00) (0.99, 0.93, 1.01) #fs:   0  -- #Conts: 15 G(3)  A(2)  E(7)  C(3) 
2379083875 22587.65 || noQ Q (Avg,Max,Min) (1.01, 1.03, 1.00) (0.99, 0.93, 1.01) #fs:   0  -- #Conts: 15 G(3)  A(2)  E(7)  C(3) 
2379263733 22581.59 || noQ Q (Avg,Max,Min) (1.01, 1.14, 1.00) (0.95, 0.42, 1.01) #fs:   0  -- #Conts: 16 G(3)  A(2)  E(8)  C(3) 
2380131535 22579.59 || noQ Q (Avg,Max,Min) (1.02, 1.16, 1.00) (0.97, 0.71, 1.01) #fs:   0  -- #Conts: 16 G(3)  A(2)  E(8)  C(3) 
2380223169 22578.88 || noQ Q (Avg,Max,Min) (1.01, 1.08, 1.00) (0.97, 0.69, 1.01) #fs:   0  -- #Conts: 16 G(3)  A(2)  E(7)  C(4) 
2380549124 22578.59 || noQ Q (Avg,Max,Min) (1.01, 1.14, 1.00) (0.98, 0.82, 1.01) #fs:   0  -- #Conts: 16 G(3)  A(2)  E(8)  C(3) 
2381416926 22576.59 || noQ Q (Avg,Max,Min) (1.01, 1.15, 1.00) (1.00, 0.93, 1.11) #fs:   0  -- #Conts: 15 G(3)  A(1)  E(8)  C(3) 
2534191919 11874.82 || noQ Q (Avg,Max,Min) (1.01, 1.04, 1.00) (0.99, 0.91, 1.04) #fs:   0  -- #Conts: 20 H(3)  A(8)  G(3)  E(4)  C(2) 
2534245245 11873.82 || noQ Q (Avg,Max,Min) (1.01, 1.04, 1.00) (0.99, 0.91, 1.04) #fs:   0  -- #Conts: 20 H(3)  A(8)  G(3)  E(4)  C(2) 
2534355889 11871.82 || noQ Q (Avg,Max,Min) (1.01, 1.04, 1.00) (0.99, 0.91, 1.04) #fs:   0  -- #Conts: 19 H(3)  A(7)  G(3)  E(4)  C(2) 
2534565676 11870.82 || noQ Q (Avg,Max,Min) (1.01, 1.04, 1.00) (0.99, 0.91, 1.04) #fs:   0  -- #Conts: 19 H(3)  A(7)  G(3)  E(4)  C(2) 
2534869146 11869.82 || noQ Q (Avg,Max,Min) (1.01, 1.04, 1.00) (0.99, 0.91, 1.04) #fs:   0  -- #Conts: 19 H(3)  A(7)  G(3)  E(4)  C(2) 
2534906284 11868.82 || noQ Q (Avg,Max,Min) (1.01, 1.04, 1.00) (0.99, 0.91, 1.04) #fs:   0  -- #Conts: 19 H(3)  A(7)  G(3)  E(4)  C(2) 
2535021073 11867.82 || noQ Q (Avg,Max,Min) (1.01, 1.04, 1.00) (0.99, 0.91, 1.04) #fs:   0  -- #Conts: 19 H(3)  A(7)  G(3)  E(4)  C(2) 
2535066551 11866.82 || noQ Q (Avg,Max,Min) (1.03, 1.45, 1.00) (0.95, 0.16, 1.04) #fs:   0  -- #Conts: 19 H(3)  A(7)  G(3)  E(4)  C(2) 
2535087292 11865.82 || noQ Q (Avg,Max,Min) (1.01, 1.04, 1.00) (0.99, 0.91, 1.04) #fs:   0  -- #Conts: 18 H(3)  A(6)  G(3)  E(4)  C(2) 
2535202081 11864.82 || noQ Q (Avg,Max,Min) (1.01, 1.04, 1.00) (0.99, 0.91, 1.04) #fs:   0  -- #Conts: 18 H(3)  A(6)  G(3)  E(4)  C(2) 
2535369201 11863.82 || noQ Q (Avg,Max,Min) (1.01, 1.04, 1.00) (0.99, 0.91, 1.04) #fs:   0  -- #Conts: 18 H(3)  A(6)  G(3)  E(4)  C(2) 
2535453605 11862.82 || noQ Q (Avg,Max,Min) (1.01, 1.04, 1.00) (0.99, 0.91, 1.04) #fs:   0  -- #Conts: 18 H(3)  A(6)  G(3)  E(4)  C(2) 
2535568394 11861.82 || noQ Q (Avg,Max,Min) (1.01, 1.04, 1.00) (0.99, 0.91, 1.04) #fs:   0  -- #Conts: 18 H(3)  A(6)  G(3)  E(4)  C(2) 
2535725386 11860.82 || noQ Q (Avg,Max,Min) (1.01, 1.04, 1.00) (0.99, 0.91, 1.04) #fs:   0  -- #Conts: 19 H(3)  A(7)  G(3)  E(4)  C(2) 
2535814854 11859.82 || noQ Q (Avg,Max,Min) (1.01, 1.04, 1.00) (0.99, 0.91, 1.04) #fs:   0  -- #Conts: 18 H(3)  A(6)  G(3)  E(4)  C(2) 
2535938083 11858.82 || noQ Q (Avg,Max,Min) (1.01, 1.04, 1.00) (0.99, 0.91, 1.04) #fs:   0  -- #Conts: 18 H(3)  A(6)  G(3)  E(4)  C(2) 
2536066377 11857.82 || noQ Q (Avg,Max,Min) (1.01, 1.04, 1.00) (0.99, 0.91, 1.04) #fs:   0  -- #Conts: 18 H(3)  A(6)  G(3)  E(4)  C(2) 
2536181166 11856.82 || noQ Q (Avg,Max,Min) (1.01, 1.04, 1.00) (0.99, 0.91, 1.04) #fs:   0  -- #Conts: 18 H(3)  A(6)  G(3)  E(4)  C(2) 
2536324653 11855.82 || noQ Q (Avg,Max,Min) (1.01, 1.04, 1.00) (0.99, 0.91, 1.04) #fs:   0  -- #Conts: 18 H(3)  A(6)  G(3)  E(4)  C(2) 
2536424250 11854.82 || noQ Q (Avg,Max,Min) (1.01, 1.04, 1.00) (0.99, 0.91, 1.04) #fs:   0  -- #Conts: 18 H(3)  A(6)  G(3)  E(4)  C(2) 
2536539039 11853.82 || noQ Q (Avg,Max,Min) (1.01, 1.04, 1.00) (0.99, 0.91, 1.04) #fs:   0  -- #Conts: 18 H(3)  A(6)  G(3)  E(4)  C(2) 
2536677461 11852.82 || noQ Q (Avg,Max,Min) (1.01, 1.04, 1.00) (0.99, 0.91, 1.04) #fs:   0  -- #Conts: 18 H(3)  A(6)  G(3)  E(4)  C(2) 
2536792250 11851.82 || noQ Q (Avg,Max,Min) (1.01, 1.04, 1.00) (0.99, 0.91, 1.04) #fs:   0  -- #Conts: 18 H(3)  A(6)  G(3)  E(4)  C(2) 
2536920544 11850.82 || noQ Q (Avg,Max,Min) (1.01, 1.04, 1.00) (0.99, 0.91, 1.04) #fs:   0  -- #Conts: 18 H(3)  A(6)  G(3)  E(4)  C(2) 
2537026893 11849.82 || noQ Q (Avg,Max,Min) (1.01, 1.04, 1.00) (0.99, 0.91, 1.04) #fs:   0  -- #Conts: 19 H(3)  A(7)  G(3)  E(4)  C(2) 
2537141682 11848.82 || noQ Q (Avg,Max,Min) (1.01, 1.04, 1.00) (0.99, 0.91, 1.04) #fs:   0  -- #Conts: 19 H(3)  A(7)  G(3)  E(4)  C(2) 
2537275040 11847.82 || noQ Q (Avg,Max,Min) (1.01, 1.04, 1.00) (1.00, 0.91, 1.04) #fs:   0  -- #Conts: 18 H(3)  A(6)  G(3)  E(4)  C(2) 
2643785619 11588.35 || noQ Q (Avg,Max,Min) (1.04, 1.56, 1.00) (0.95, 0.15, 1.03) #fs:   0  -- #Conts: 18 H(3)  A(7)  G(3)  E(3)  C(2) 
2644010133 11586.35 || noQ Q (Avg,Max,Min) (1.04, 1.64, 1.00) (0.95, 0.26, 1.03) #fs:   0  -- #Conts: 18 H(3)  A(7)  G(3)  E(3)  C(2) 
2644193183 11585.35 || noQ Q (Avg,Max,Min) (1.02, 1.31, 1.00) (0.95, 0.21, 1.03) #fs:   0  -- #Conts: 18 H(2)  A(7)  G(4)  E(3)  C(2) 
2644319193 11583.35 || noQ Q (Avg,Max,Min) (1.02, 1.31, 1.00) (0.95, 0.21, 1.03) #fs:   0  -- #Conts: 17 H(2)  A(6)  G(4)  E(3)  C(2) 
2644504351 11569.59 || noQ Q (Avg,Max,Min) (1.01, 1.03, 1.00) (0.99, 0.91, 1.03) #fs:   0  -- #Conts: 17 H(2)  A(7)  G(3)  E(3)  C(2) 
2644762643 11563.53 || noQ Q (Avg,Max,Min) (1.02, 1.14, 1.00) (0.96, 0.42, 1.03) #fs:   0  -- #Conts: 18 H(2)  A(7)  G(3)  E(4)  C(2) 
2645630445 11561.53 || noQ Q (Avg,Max,Min) (1.02, 1.16, 1.00) (0.98, 0.71, 1.03) #fs:   0  -- #Conts: 18 H(2)  A(7)  G(3)  E(4)  C(2) 
2645722079 11560.82 || noQ Q (Avg,Max,Min) (1.01, 1.08, 1.00) (0.98, 0.69, 1.03) #fs:   0  -- #Conts: 18 H(2)  A(7)  G(3)  E(3)  C(3) 
2646245571 11560.53 || noQ Q (Avg,Max,Min) (1.01, 1.14, 1.00) (0.98, 0.82, 1.03) #fs:   0  -- #Conts: 18 H(2)  A(7)  G(3)  E(4)  C(2) 
2647113373 11558.53 || noQ Q (Avg,Max,Min) (1.02, 1.15, 1.00) (1.00, 0.91, 1.11) #fs:   0  -- #Conts: 17 H(2)  A(6)  G(3)  E(4)  C(2) 
2665967799 11306.24 || noQ Q (Avg,Max,Min) (1.03, 1.52, 1.00) (0.95, 0.14, 1.02) #fs:   0  -- #Conts: 19 H(2)  A(7)  G(3)  E(5)  C(2) 
2666189031 11292.47 || noQ Q (Avg,Max,Min) (1.01, 1.03, 1.00) (0.99, 0.91, 1.02) #fs:   0  -- #Conts: 18 H(1)  A(7)  G(3)  E(5)  C(2) 
2666433839 11291.47 || noQ Q (Avg,Max,Min) (1.01, 1.03, 1.00) (0.99, 0.91, 1.02) #fs:   0  -- #Conts: 18 H(1)  A(7)  G(3)  E(5)  C(2) 
2666573811 11290.47 || noQ Q (Avg,Max,Min) (1.01, 1.04, 1.00) (0.99, 0.91, 1.02) #fs:   0  -- #Conts: 18 H(1)  A(7)  G(3)  E(5)  C(2) 
2666818619 11289.47 || noQ Q (Avg,Max,Min) (1.01, 1.03, 1.00) (0.99, 0.91, 1.02) #fs:   0  -- #Conts: 18 H(1)  A(7)  G(3)  E(5)  C(2) 
2666920639 11281.41 || noQ Q (Avg,Max,Min) (1.01, 1.14, 1.00) (0.96, 0.41, 1.02) #fs:   0  -- #Conts: 19 H(1)  A(7)  G(3)  E(6)  C(2) 
2667856327 11278.71 || noQ Q (Avg,Max,Min) (1.01, 1.08, 1.00) (0.97, 0.67, 1.02) #fs:   0  -- #Conts: 19 H(1)  A(7)  G(3)  E(5)  C(3) 
2676085619 11277.71 || noQ Q (Avg,Max,Min) (1.01, 1.03, 1.00) (0.98, 0.91, 1.02) #fs:   0  -- #Conts: 20 H(1)  A(9)  G(3)  E(5)  C(2) 
2701289920 11006.88 || noQ Q (Avg,Max,Min) (1.04, 1.75, 1.00) (0.95, 0.11, 1.01) #fs:   0  -- #Conts: 20 H(1)  A(9)  G(3)  E(5)  C(2) 
2701433069 10991.12 || noQ Q (Avg,Max,Min) (1.01, 1.02, 1.00) (0.99, 0.91, 1.01) #fs:   0  -- #Conts: 19 A(9)  G(3)  E(5)  C(2) 
2701577976 10990.12 || noQ Q (Avg,Max,Min) (1.01, 1.02, 1.00) (0.99, 0.91, 1.01) #fs:   0  -- #Conts: 19 A(9)  G(3)  E(5)  C(2) 
2701933208 10982.06 || noQ Q (Avg,Max,Min) (1.02, 1.19, 1.00) (0.96, 0.29, 1.01) #fs:   0  -- #Conts: 20 A(9)  G(3)  E(6)  C(2) 
2702316667 10981.06 || noQ Q (Avg,Max,Min) (1.02, 1.19, 1.00) (0.96, 0.29, 1.01) #fs:   0  -- #Conts: 20 A(9)  G(3)  E(6)  C(2) 
2702564916 10979.35 || noQ Q (Avg,Max,Min) (1.01, 1.11, 1.00) (0.96, 0.46, 1.01) #fs:   0  -- #Conts: 20 A(9)  G(3)  E(5)  C(3) 
2702948375 10978.35 || noQ Q (Avg,Max,Min) (1.01, 1.11, 1.00) (0.96, 0.46, 1.01) #fs:   0  -- #Conts: 20 A(9)  G(3)  E(5)  C(3) 
2707715406 10977.35 || noQ Q (Avg,Max,Min) (1.01, 1.02, 1.00) (0.99, 0.91, 1.01) #fs:   0  -- #Conts: 19 A(9)  G(3)  E(5)  C(2) 
2708098865 10976.35 || noQ Q (Avg,Max,Min) (1.01, 1.02, 0.99) (0.99, 0.91, 1.01) #fs:   1  -- #Conts: 19 A(9)  G(3)  E(5)  C(2) 
2711520117 10975.35 || noQ Q (Avg,Max,Min) (1.01, 1.03, 1.00) (0.99, 0.91, 1.01) #fs:   0  -- #Conts: 20 A(10)  G(3)  E(5)  C(2) 
2883944166 10943.82 || noQ Q (Avg,Max,Min) (1.05, 1.75, 1.00) (0.94, 0.11, 1.02) #fs:   0  -- #Conts: 16 H(1)  A(7)  G(3)  E(4)  C(1) 
2884087315 10912.29 || noQ Q (Avg,Max,Min) (1.00, 1.02, 1.00) (1.00, 0.96, 1.02) #fs:   0  -- #Conts: 15 A(7)  G(3)  E(4)  C(1) 
2884488672 10909.29 || noQ Q (Avg,Max,Min) (1.01, 1.02, 1.00) (1.00, 0.99, 1.02) #fs:   0  -- #Conts: 15 A(7)  G(3)  E(4)  C(1) 
2885073075 10907.29 || noQ Q (Avg,Max,Min) (1.05, 1.75, 1.00) (0.94, 0.12, 1.02) #fs:   0  -- #Conts: 15 A(7)  G(3)  E(4)  C(1) 
2885087541 10906.29 || noQ Q (Avg,Max,Min) (1.00, 1.02, 1.00) (1.00, 1.00, 1.02) #fs:   0  -- #Conts: 14 A(6)  G(3)  E(4)  C(1) 
2892535568 10905.29 || noQ Q (Avg,Max,Min) (1.01, 1.03, 1.00) (1.00, 0.95, 1.02) #fs:   0  -- #Conts: 16 A(8)  G(3)  E(4)  C(1) 
3258316134 10864.65 || noQ Q (Avg,Max,Min) (1.08, 1.56, 1.00) (0.86, 0.15, 1.01) #fs:   0  -- #Conts: 15 H(1)  A(8)  G(1)  E(3)  C(2) 
3258540648 10862.65 || noQ Q (Avg,Max,Min) (1.09, 1.64, 1.00) (0.87, 0.17, 1.01) #fs:   0  -- #Conts: 14 H(1)  A(7)  G(1)  E(3)  C(2) 
3258559546 10848.88 || noQ Q (Avg,Max,Min) (1.05, 1.51, 1.00) (0.91, 0.17, 1.01) #fs:   1  -- #Conts: 14 A(8)  G(1)  E(3)  C(2) 
3258636185 10846.88 || noQ Q (Avg,Max,Min) (1.05, 1.51, 1.00) (0.91, 0.17, 1.01) #fs:   1  -- #Conts: 13 A(7)  G(1)  E(3)  C(2) 
3259129484 10842.88 || noQ Q (Avg,Max,Min) (1.04, 1.51, 1.00) (0.93, 0.17, 1.01) #fs:   1  -- #Conts: 12 A(7)  G(1)  E(3)  C(1) 
3259227594 10838.82 || noQ Q (Avg,Max,Min) (1.01, 1.08, 1.00) (0.97, 0.67, 1.01) #fs:   0  -- #Conts: 13 A(7)  G(1)  E(3)  C(2) 
3260095396 10836.82 || noQ Q (Avg,Max,Min) (1.01, 1.08, 1.00) (0.97, 0.67, 1.01) #fs:   0  -- #Conts: 12 A(6)  G(1)  E(3)  C(2) 
3260387551 10835.82 || noQ Q (Avg,Max,Min) (1.02, 1.16, 1.00) (0.95, 0.67, 1.01) #fs:   0  -- #Conts: 13 A(6)  G(1)  E(4)  C(2) 
3260512985 10834.82 || noQ Q (Avg,Max,Min) (1.00, 1.03, 1.00) (1.00, 0.95, 1.01) #fs:   0  -- #Conts: 12 A(7)  G(1)  E(3)  C(1) 
3261380787 10832.82 || noQ Q (Avg,Max,Min) (1.00, 1.01, 1.00) (1.00, 1.00, 1.01) #fs:   0  -- #Conts: 11 A(6)  G(1)  E(3)  C(1) 
3261672942 10831.82 || noQ Q (Avg,Max,Min) (1.02, 1.15, 1.00) (1.01, 1.00, 1.11) #fs:   0  -- #Conts: 12 A(6)  G(1)  E(4)  C(1) 
3262187943 10830.82 || noQ Q (Avg,Max,Min) (1.02, 1.15, 1.00) (1.01, 1.00, 1.11) #fs:   0  -- #Conts: 12 A(6)  G(1)  E(4)  C(1) 
3307119468 10827.47 || noQ Q (Avg,Max,Min) (1.08, 1.75, 1.00) (0.89, 0.11, 1.01) #fs:   0  -- #Conts: 17 H(2)  A(7)  G(1)  E(6)  C(1) 
3307252696 10795.94 || noQ Q (Avg,Max,Min) (1.04, 1.61, 1.00) (0.95, 0.25, 1.01) #fs:   0  -- #Conts: 16 H(1)  A(7)  G(1)  E(6)  C(1) 
3307507087 10786.88 || noQ Q (Avg,Max,Min) (1.02, 1.31, 1.00) (0.94, 0.21, 1.01) #fs:   0  -- #Conts: 16 A(7)  G(2)  E(6)  C(1) 
3307650349 10780.18 || noQ Q (Avg,Max,Min) (1.03, 1.36, 1.00) (0.95, 0.36, 1.01) #fs:   0  -- #Conts: 16 A(7)  G(2)  E(6)  C(1) 
3307964867 10773.12 || noQ Q (Avg,Max,Min) (1.00, 1.02, 1.00) (0.99, 0.91, 1.01) #fs:   0  -- #Conts: 15 A(7)  G(1)  E(6)  C(1) 
3308832669 10771.12 || noQ Q (Avg,Max,Min) (1.00, 1.02, 1.00) (0.99, 0.91, 1.01) #fs:   0  -- #Conts: 15 A(7)  G(1)  E(6)  C(1) 
3313544954 10770.41 || noQ Q (Avg,Max,Min) (1.01, 1.08, 1.00) (0.97, 0.67, 1.01) #fs:   0  -- #Conts: 17 A(8)  G(1)  E(6)  C(2) 
3316545631 10769.41 || noQ Q (Avg,Max,Min) (1.01, 1.03, 1.00) (0.99, 0.91, 1.01) #fs:   0  -- #Conts: 17 A(9)  G(1)  E(6)  C(1) 
3387540056 10731.18 || noQ Q (Avg,Max,Min) (1.05, 1.75, 1.00) (0.94, 0.11, 1.01) #fs:   0  -- #Conts: 19 H(1)  A(10)  E(7)  C(1) 
3387700322 10715.41 || noQ Q (Avg,Max,Min) (1.03, 1.44, 1.00) (0.94, 0.15, 1.01) #fs:   0  -- #Conts: 19 A(10)  G(1)  E(7)  C(1) 
3388166227 10699.65 || noQ Q (Avg,Max,Min) (1.01, 1.03, 1.00) (0.99, 0.91, 1.01) #fs:   0  -- #Conts: 18 A(10)  E(7)  C(1) 
3388587146 10698.65 || noQ Q (Avg,Max,Min) (1.01, 1.03, 1.00) (0.99, 0.91, 1.01) #fs:   0  -- #Conts: 18 A(10)  E(7)  C(1) 
3395898284 10697.65 || noQ Q (Avg,Max,Min) (1.01, 1.03, 1.00) (0.99, 0.91, 1.01) #fs:   0  -- #Conts: 18 A(10)  E(7)  C(1) 
3711427430 10695.18 || noQ Q (Avg,Max,Min) (1.01, 1.08, 1.00) (0.98, 0.67, 1.00) #fs:   0  -- #Conts: 14 A(7)  E(5)  C(2) 
3711646078 10694.18 || noQ Q (Avg,Max,Min) (1.01, 1.06, 1.00) (1.00, 0.95, 1.06) #fs:   0  -- #Conts: 14 A(8)  E(5)  C(1) 
3712513880 10692.18 || noQ Q (Avg,Max,Min) (1.01, 1.06, 1.00) (1.00, 0.98, 1.06) #fs:   0  -- #Conts: 13 A(7)  E(5)  C(1) 
3712712821 10691.18 || noQ Q (Avg,Max,Min) (1.00, 1.01, 1.00) (1.00, 0.98, 1.00) #fs:   0  -- #Conts: 13 A(7)  E(5)  C(1) 
4385639565 9679.94 || noQ Q (Avg,Max,Min) (1.02, 1.22, 1.00) (0.95, 0.26, 1.04) #fs:   1  -- #Conts: 17 H(1)  A(8)  G(3)  E(4)  C(1) 
4385853832 9664.18 || noQ Q (Avg,Max,Min) (1.03, 1.37, 1.00) (0.96, 0.37, 1.04) #fs:   0  -- #Conts: 17 A(8)  G(4)  E(4)  C(1) 
4386282853 9661.82 || noQ Q (Avg,Max,Min) (1.03, 1.19, 1.00) (0.92, 0.29, 1.04) #fs:   0  -- #Conts: 18 A(8)  G(3)  E(6)  C(1) 
4386423770 9661.18 || noQ Q (Avg,Max,Min) (1.03, 1.35, 1.00) (0.97, 0.58, 1.04) #fs:   0  -- #Conts: 16 A(7)  G(4)  E(4)  C(1) 
4386914561 9659.12 || noQ Q (Avg,Max,Min) (1.02, 1.14, 1.00) (0.93, 0.42, 1.04) #fs:   0  -- #Conts: 18 A(8)  G(3)  E(5)  C(2) 
4387070466 9655.12 || noQ Q (Avg,Max,Min) (1.02, 1.16, 1.00) (0.98, 0.71, 1.04) #fs:   0  -- #Conts: 17 A(8)  G(3)  E(5)  C(1) 
4388355857 9652.12 || noQ Q (Avg,Max,Min) (1.02, 1.15, 1.00) (1.01, 0.91, 1.11) #fs:   0  -- #Conts: 16 A(7)  G(3)  E(5)  C(1) 
4441906330 8718.47 || noQ Q (Avg,Max,Min) (1.04, 1.52, 1.00) (0.95, 0.14, 1.04) #fs:   0  -- #Conts: 17 H(1)  A(8)  G(3)  E(4)  C(1) 
4442130844 8716.47 || noQ Q (Avg,Max,Min) (1.04, 1.61, 1.00) (0.95, 0.25, 1.04) #fs:   0  -- #Conts: 17 H(1)  A(8)  G(3)  E(4)  C(1) 
4442143717 8702.71 || noQ Q (Avg,Max,Min) (1.03, 1.31, 1.00) (0.95, 0.21, 1.04) #fs:   0  -- #Conts: 17 A(8)  G(4)  E(4)  C(1) 
4442528497 8700.71 || noQ Q (Avg,Max,Min) (1.03, 1.36, 1.00) (0.96, 0.36, 1.04) #fs:   0  -- #Conts: 17 A(8)  G(4)  E(4)  C(1) 
4442859170 8693.65 || noQ Q (Avg,Max,Min) (1.02, 1.14, 1.00) (0.96, 0.41, 1.04) #fs:   0  -- #Conts: 17 A(8)  G(3)  E(5)  C(1) 
4443726972 8691.65 || noQ Q (Avg,Max,Min) (1.02, 1.16, 1.00) (0.98, 0.69, 1.04) #fs:   0  -- #Conts: 17 A(8)  G(3)  E(5)  C(1) 
4443794858 8690.94 || noQ Q (Avg,Max,Min) (1.01, 1.08, 1.00) (0.98, 0.67, 1.04) #fs:   0  -- #Conts: 17 A(8)  G(3)  E(4)  C(2) 
4447607545 7659.12 || noQ Q (Avg,Max,Min) (1.08, 1.75, 1.00) (0.90, 0.11, 1.04) #fs:   0  -- #Conts: 17 H(2)  A(9)  G(3)  E(2)  C(1) 
4447701367 7627.59 || noQ Q (Avg,Max,Min) (1.05, 1.61, 1.00) (0.96, 0.25, 1.04) #fs:   0  -- #Conts: 16 H(1)  A(9)  G(3)  E(2)  C(1) 
4448099020 7611.82 || noQ Q (Avg,Max,Min) (1.03, 1.36, 1.00) (0.97, 0.36, 1.04) #fs:   0  -- #Conts: 16 A(9)  G(4)  E(2)  C(1) 
4448429693 7609.47 || noQ Q (Avg,Max,Min) (1.03, 1.19, 1.00) (0.93, 0.29, 1.04) #fs:   0  -- #Conts: 17 A(9)  G(3)  E(4)  C(1) 
4448882541 7606.76 || noQ Q (Avg,Max,Min) (1.02, 1.14, 1.00) (0.94, 0.41, 1.04) #fs:   0  -- #Conts: 17 A(9)  G(3)  E(3)  C(2) 
4449080490 7605.76 || noQ Q (Avg,Max,Min) (1.02, 1.14, 1.00) (0.94, 0.41, 1.04) #fs:   0  -- #Conts: 17 A(9)  G(3)  E(3)  C(2) 
4449297495 7602.76 || noQ Q (Avg,Max,Min) (1.02, 1.16, 1.00) (0.99, 0.69, 1.04) #fs:   0  -- #Conts: 16 A(9)  G(3)  E(3)  C(1) 
4449948292 7601.76 || noQ Q (Avg,Max,Min) (1.02, 1.16, 1.00) (0.99, 0.69, 1.04) #fs:   0  -- #Conts: 16 A(9)  G(3)  E(3)  C(1) 
4454033031 7601.06 || noQ Q (Avg,Max,Min) (1.01, 1.08, 1.00) (0.98, 0.67, 1.04) #fs:   0  -- #Conts: 17 A(10)  G(3)  E(2)  C(2) 
4456806519 7600.06 || noQ Q (Avg,Max,Min) (1.01, 1.04, 1.00) (1.01, 1.00, 1.04) #fs:   0  -- #Conts: 15 A(9)  G(3)  E(2)  C(1) 
4630244165 7566.24 || noQ Q (Avg,Max,Min) (1.06, 1.75, 1.00) (0.93, 0.11, 1.02) #fs:   0  -- #Conts: 16 H(1)  A(9)  E(4)  C(2) 
4630404431 7550.47 || noQ Q (Avg,Max,Min) (1.04, 1.44, 1.00) (0.93, 0.15, 1.02) #fs:   0  -- #Conts: 16 A(9)  G(1)  E(4)  C(2) 
4630887453 7541.41 || noQ Q (Avg,Max,Min) (1.02, 1.19, 1.00) (0.94, 0.29, 1.02) #fs:   0  -- #Conts: 16 A(9)  E(5)  C(2) 
4631438782 7539.41 || noQ Q (Avg,Max,Min) (1.02, 1.19, 1.00) (0.96, 0.29, 1.02) #fs:   0  -- #Conts: 15 A(9)  E(5)  C(1) 
4631519161 7536.71 || noQ Q (Avg,Max,Min) (1.01, 1.11, 1.00) (0.97, 0.46, 1.02) #fs:   0  -- #Conts: 15 A(9)  E(4)  C(2) 
4636652534 7534.71 || noQ Q (Avg,Max,Min) (1.00, 1.02, 1.00) (1.00, 1.00, 1.02) #fs:   0  -- #Conts: 14 A(9)  E(4)  C(1) 
6444367443 7532.00 || noQ Q (Avg,Max,Min) (1.02, 1.19, 1.00) (0.94, 0.29, 1.01) #fs:   1  -- #Conts: 12 A(8)  E(3)  C(1) 
6444999151 7529.29 || noQ Q (Avg,Max,Min) (1.01, 1.11, 1.00) (0.96, 0.46, 1.01) #fs:   1  -- #Conts: 12 A(8)  E(2)  C(2) 
6450132524 7527.29 || noQ Q (Avg,Max,Min) (1.00, 1.01, 1.00) (1.00, 1.00, 1.01) #fs:   1  -- #Conts: 11 A(8)  E(2)  C(1) 
/////////////////size: 402
nodes 97 edges 109
 mulT: 5000 mulD: 10000  sumData GB 22075
pareto /SIPHT.n.100.0.dax time -> 6223.0
moheft /SIPHT.n.100.0.dax time -> 10677.0
distance from M to C 0.0
distance from P to C 429.7142865894335
distance from C to M 8.137364619199174
distance from C to P 406.210007653863
toCompare: /SIPHT.n.100.0.dax sumDataGB: 22075 mulT: 5000 mulD: 10000 paretoOptTime_MS: 6223.0 MoheftOptimizationTime_MS: 10677.0 MtoC 0.0 PtoC 429.7142865894335 CtoM 8.137364619199174 CtoP 406.210007653863
