specify -Dflow d,b,mt,md,size
Running /home/vaggelis/jc/SIPHT.n.50.0.dax mt 100 md: 5000 size null
  14020511 504.47 || noQ Q (Avg,Max,Min) (0.86, 1.00, 0.75) (0.72, 0.60, 0.82) #fs:   7  -- #Conts: 5 H(5) 
  14024115 472.94 || noQ Q (Avg,Max,Min) (0.84, 0.92, 0.75) (0.79, 0.73, 0.83) #fs:   6  -- #Conts: 4 H(4) 
  14032972 441.41 || noQ Q (Avg,Max,Min) (0.92, 1.08, 0.83) (0.85, 0.76, 0.98) #fs:   5  -- #Conts: 4 H(4) 
  14130427 409.88 || noQ Q (Avg,Max,Min) (0.96, 1.05, 0.85) (0.90, 0.83, 1.03) #fs:   5  -- #Conts: 4 H(4) 
  23117247 362.59 || noQ Q (Avg,Max,Min) (1.03, 1.29, 0.88) (0.89, 0.60, 1.14) #fs:   3  -- #Conts: 5 H(1)  G(4) 
  24807670 346.82 || noQ Q (Avg,Max,Min) (1.01, 1.29, 0.82) (0.91, 0.68, 1.14) #fs:   4  -- #Conts: 5 G(5) 
  24829156 331.06 || noQ Q (Avg,Max,Min) (1.02, 1.29, 0.83) (0.97, 0.81, 1.14) #fs:   4  -- #Conts: 4 G(4) 
  44722932 299.53 || noQ Q (Avg,Max,Min) (1.09, 1.17, 1.02) (1.06, 0.97, 1.15) #fs:   0  -- #Conts: 2 G(2) 
  50397480 295.41 || noQ Q (Avg,Max,Min) (1.03, 1.12, 1.00) (0.95, 0.69, 1.07) #fs:   0  -- #Conts: 5 G(1)  E(4) 
  53590597 288.35 || noQ Q (Avg,Max,Min) (1.02, 1.12, 0.97) (0.98, 0.92, 1.07) #fs:   1  -- #Conts: 5 E(5) 
  53599454 281.65 || noQ Q (Avg,Max,Min) (1.03, 1.12, 1.00) (1.00, 0.93, 1.07) #fs:   0  -- #Conts: 5 E(5) 
/////////////////size: 11
  14447717 425.65 || noQ Q (Avg,Max,Min) (1.00, 1.10, 0.93) (0.85, 0.74, 0.90) #fs:   3  -- #Conts: 4 H(3)  G(1) 
  14472594 394.12 || noQ Q (Avg,Max,Min) (1.01, 1.14, 0.93) (0.91, 0.75, 1.10) #fs:   2  -- #Conts: 4 H(3)  G(1) 
  17540136 362.59 || noQ Q (Avg,Max,Min) (1.01, 1.12, 0.94) (0.95, 0.90, 1.05) #fs:   3  -- #Conts: 4 H(3)  G(1) 
  20859091 353.53 || noQ Q (Avg,Max,Min) (1.22, 1.75, 1.02) (1.03, 0.74, 1.22) #fs:   1  -- #Conts: 7 H(3)  G(3)  E(1) 
  24667608 346.82 || noQ Q (Avg,Max,Min) (1.12, 1.30, 0.88) (0.98, 0.78, 1.14) #fs:   2  -- #Conts: 5 H(1)  G(4) 
  25007052 331.06 || noQ Q (Avg,Max,Min) (1.16, 1.30, 1.01) (1.00, 0.76, 1.14) #fs:   1  -- #Conts: 5 H(1)  G(4) 
  26446661 330.00 || noQ Q (Avg,Max,Min) (1.18, 1.72, 1.00) (0.81, 0.23, 1.29) #fs:   0  -- #Conts: 8 G(5)  E(1)  C(2) 
  26637605 326.00 || noQ Q (Avg,Max,Min) (1.20, 1.72, 1.01) (0.89, 0.27, 1.29) #fs:   0  -- #Conts: 7 G(5)  E(1)  C(1) 
  26828549 323.00 || noQ Q (Avg,Max,Min) (2.77, 12.12, 1.01) (0.86, 0.02, 1.29) #fs:   0  -- #Conts: 7 G(5)  A(1)  E(1) 
  26831090 322.00 || noQ Q (Avg,Max,Min) (1.21, 1.72, 1.01) (1.00, 0.75, 1.29) #fs:   0  -- #Conts: 6 G(5)  E(1) 
  33088312 317.29 || noQ Q (Avg,Max,Min) (1.02, 1.05, 1.01) (0.95, 0.93, 0.97) #fs:   1  -- #Conts: 3 G(2)  A(1) 
  33109646 301.53 || noQ Q (Avg,Max,Min) (1.05, 1.09, 1.01) (0.99, 0.97, 1.03) #fs:   0  -- #Conts: 3 G(2)  A(1) 
  39587114 296.47 || noQ Q (Avg,Max,Min) (1.06, 1.14, 1.01) (1.00, 0.74, 1.13) #fs:   1  -- #Conts: 5 G(3)  E(2) 
  41534597 289.76 || noQ Q (Avg,Max,Min) (1.04, 1.10, 0.95) (0.96, 0.75, 1.10) #fs:   1  -- #Conts: 4 G(2)  A(2) 
  41605049 288.76 || noQ Q (Avg,Max,Min) (1.04, 1.10, 0.94) (1.02, 0.94, 1.10) #fs:   1  -- #Conts: 4 G(2)  A(2) 
  41815494 287.76 || noQ Q (Avg,Max,Min) (1.03, 1.10, 0.91) (1.02, 0.90, 1.10) #fs:   1  -- #Conts: 4 G(2)  A(2) 
  42021366 286.76 || noQ Q (Avg,Max,Min) (1.00, 1.10, 0.80) (0.99, 0.80, 1.10) #fs:   1  -- #Conts: 4 G(2)  A(2) 
  42138071 285.76 || noQ Q (Avg,Max,Min) (1.07, 1.10, 1.01) (1.06, 1.00, 1.10) #fs:   0  -- #Conts: 3 G(2)  A(1) 
  47730937 285.71 || noQ Q (Avg,Max,Min) (1.07, 1.15, 1.01) (0.99, 0.73, 1.15) #fs:   0  -- #Conts: 5 G(2)  A(1)  E(2) 
  47777003 284.71 || noQ Q (Avg,Max,Min) (1.06, 1.15, 1.01) (1.05, 0.98, 1.15) #fs:   0  -- #Conts: 5 G(2)  A(1)  E(2) 
  48272238 283.71 || noQ Q (Avg,Max,Min) (1.06, 1.15, 1.01) (1.03, 0.94, 1.15) #fs:   0  -- #Conts: 5 G(2)  A(1)  E(2) 
  48702877 282.71 || noQ Q (Avg,Max,Min) (1.08, 1.15, 1.01) (1.06, 0.99, 1.15) #fs:   0  -- #Conts: 4 G(2)  E(2) 
  55558408 281.00 || noQ Q (Avg,Max,Min) (1.05, 1.12, 1.01) (1.00, 0.82, 1.11) #fs:   0  -- #Conts: 5 G(1)  A(1)  E(3) 
  67399978 280.47 || noQ Q (Avg,Max,Min) (1.11, 1.32, 1.00) (0.90, 0.06, 1.31) #fs:   0  -- #Conts: 7 G(1)  A(2)  E(3)  C(1) 
  68632841 278.29 || noQ Q (Avg,Max,Min) (1.05, 1.15, 1.02) (1.00, 0.83, 1.15) #fs:   0  -- #Conts: 5 G(1)  A(2)  E(2) 
  68919158 277.29 || noQ Q (Avg,Max,Min) (1.05, 1.15, 1.02) (1.04, 0.99, 1.15) #fs:   0  -- #Conts: 5 G(1)  A(2)  E(2) 
  69386337 276.29 || noQ Q (Avg,Max,Min) (1.06, 1.15, 1.02) (1.05, 1.00, 1.15) #fs:   0  -- #Conts: 4 G(1)  A(1)  E(2) 
  69855473 275.29 || noQ Q (Avg,Max,Min) (1.07, 1.15, 1.03) (1.06, 1.01, 1.15) #fs:   0  -- #Conts: 3 G(1)  E(2) 
  98691204 273.71 || noQ Q (Avg,Max,Min) (1.10, 1.32, 1.00) (0.82, 0.06, 1.04) #fs:   0  -- #Conts: 5 A(2)  E(2)  C(1) 
/////////////////size: 29
nodes 48 edges 56
 mulT: 100 mulD: 5000  sumData GB 6744
pareto /SIPHT.n.50.0.dax time -> 946.0
moheft /SIPHT.n.50.0.dax time -> 306.0
distance from M to C 0.06896551724137882
distance from P to C 2.525386591354891
distance from C to M 2.7788035861676383
distance from C to P 4.102386570556298
toCompare: /SIPHT.n.50.0.dax sumDataGB: 6744 mulT: 100 mulD: 5000 paretoOptTime_MS: 946.0 MoheftOptimizationTime_MS: 306.0 MtoC 0.06896551724137882 PtoC 2.525386591354891 CtoM 2.7788035861676383 CtoP 4.102386570556298
