specify -Dflow d,b,mt,md,size
Running /home/vaggelis/jc/SIPHT.n.100.0.dax mt 30 md: 500 size null
   4678590 315.29 || noQ Q (Avg,Max,Min) (0.76, 0.91, 0.58) (0.56, 0.37, 0.83) #fs:  15  -- #Conts: 7 H(7) 
   4683447 283.76 || noQ Q (Avg,Max,Min) (0.80, 0.91, 0.58) (0.61, 0.37, 0.83) #fs:  14  -- #Conts: 7 H(7) 
   5651229 252.24 || noQ Q (Avg,Max,Min) (0.82, 1.00, 0.58) (0.68, 0.53, 0.75) #fs:  13  -- #Conts: 7 H(7) 
   7033455 236.47 || noQ Q (Avg,Max,Min) (0.96, 1.09, 0.70) (0.67, 0.37, 0.96) #fs:   5  -- #Conts: 9 H(3)  G(6) 
   7340887 220.71 || noQ Q (Avg,Max,Min) (1.00, 1.09, 0.83) (0.70, 0.39, 0.96) #fs:   4  -- #Conts: 9 H(2)  G(7) 
   7990033 204.94 || noQ Q (Avg,Max,Min) (0.97, 1.09, 0.78) (0.73, 0.40, 0.96) #fs:   5  -- #Conts: 9 H(1)  G(8) 
   8052505 189.18 || noQ Q (Avg,Max,Min) (0.99, 1.09, 0.78) (0.76, 0.63, 0.96) #fs:   4  -- #Conts: 9 G(9) 
  12497848 171.06 || noQ Q (Avg,Max,Min) (0.97, 1.06, 0.87) (0.84, 0.65, 1.00) #fs:   5  -- #Conts: 6 G(5)  E(1) 
  17948637 154.24 || noQ Q (Avg,Max,Min) (0.94, 1.04, 0.77) (0.87, 0.66, 1.00) #fs:   7  -- #Conts: 6 E(6) 
  17971657 147.53 || noQ Q (Avg,Max,Min) (0.98, 1.04, 0.84) (0.91, 0.76, 1.00) #fs:   6  -- #Conts: 6 E(6) 
  33866564 145.41 || noQ Q (Avg,Max,Min) (1.00, 1.01, 0.99) (0.93, 0.76, 1.01) #fs:   1  -- #Conts: 6 E(1)  C(5) 
  37822190 144.00 || noQ Q (Avg,Max,Min) (1.00, 1.01, 0.99) (0.95, 0.87, 1.01) #fs:   1  -- #Conts: 6 C(6) 
/////////////////size: 12
   4960421 252.24 || noQ Q (Avg,Max,Min) (0.91, 1.10, 0.75) (0.72, 0.52, 1.02) #fs:   4  -- #Conts: 5 H(5) 
   5720921 236.47 || noQ Q (Avg,Max,Min) (0.93, 1.10, 0.75) (0.73, 0.58, 1.02) #fs:   4  -- #Conts: 6 H(5)  G(1) 
   5748588 220.71 || noQ Q (Avg,Max,Min) (0.97, 1.10, 0.75) (0.74, 0.62, 1.02) #fs:   3  -- #Conts: 7 H(5)  G(2) 
   5976706 204.94 || noQ Q (Avg,Max,Min) (0.91, 1.11, 0.69) (0.78, 0.62, 1.04) #fs:   4  -- #Conts: 8 H(5)  G(3) 
   7273982 180.12 || noQ Q (Avg,Max,Min) (0.91, 1.06, 0.41) (0.80, 0.40, 1.05) #fs:   4  -- #Conts: 7 H(3)  G(3)  E(1) 
  10033852 173.41 || noQ Q (Avg,Max,Min) (1.04, 1.06, 1.01) (0.89, 0.74, 0.99) #fs:   0  -- #Conts: 6 H(3)  G(3) 
  10267493 172.06 || noQ Q (Avg,Max,Min) (1.03, 1.06, 1.01) (0.78, 0.08, 1.00) #fs:   0  -- #Conts: 7 H(3)  G(2)  A(1)  E(1) 
  10278050 171.06 || noQ Q (Avg,Max,Min) (1.04, 1.06, 1.01) (0.90, 0.74, 1.00) #fs:   0  -- #Conts: 6 H(3)  G(2)  E(1) 
  13565935 169.65 || noQ Q (Avg,Max,Min) (1.03, 1.06, 1.00) (0.91, 0.74, 1.02) #fs:   0  -- #Conts: 6 H(3)  G(2)  C(1) 
  14911696 166.94 || noQ Q (Avg,Max,Min) (1.02, 1.06, 0.98) (0.87, 0.62, 1.00) #fs:   1  -- #Conts: 10 H(1)  G(4)  E(3)  C(2) 
  15838708 164.59 || noQ Q (Avg,Max,Min) (0.99, 1.06, 0.69) (0.88, 0.62, 1.00) #fs:   2  -- #Conts: 9 H(1)  G(3)  E(3)  C(2) 
  16623012 158.24 || noQ Q (Avg,Max,Min) (0.98, 1.06, 0.71) (0.87, 0.62, 1.00) #fs:   3  -- #Conts: 9 G(4)  E(4)  C(1) 
  17714557 155.53 || noQ Q (Avg,Max,Min) (1.02, 1.06, 0.98) (0.92, 0.67, 1.00) #fs:   1  -- #Conts: 8 H(1)  G(2)  E(3)  C(2) 
  17794604 153.18 || noQ Q (Avg,Max,Min) (1.02, 1.06, 0.94) (0.93, 0.70, 1.00) #fs:   1  -- #Conts: 8 H(1)  G(1)  E(4)  C(2) 
  19682446 152.18 || noQ Q (Avg,Max,Min) (1.02, 1.21, 0.83) (0.80, 0.01, 1.00) #fs:   2  -- #Conts: 7 G(1)  A(1)  E(4)  C(1) 
  19684696 151.18 || noQ Q (Avg,Max,Min) (0.99, 1.06, 0.83) (0.93, 0.82, 1.00) #fs:   2  -- #Conts: 6 G(1)  E(4)  C(1) 
  20869207 147.47 || noQ Q (Avg,Max,Min) (1.03, 1.06, 1.00) (0.92, 0.59, 1.00) #fs:   0  -- #Conts: 8 H(1)  G(1)  A(1)  E(3)  C(2) 
  21132012 146.47 || noQ Q (Avg,Max,Min) (1.03, 1.06, 1.00) (0.97, 0.93, 1.00) #fs:   0  -- #Conts: 7 H(1)  G(1)  E(3)  C(2) 
  23596713 144.47 || noQ Q (Avg,Max,Min) (1.02, 1.06, 1.00) (0.95, 0.90, 1.00) #fs:   0  -- #Conts: 6 G(1)  E(4)  C(1) 
  24716121 143.06 || noQ Q (Avg,Max,Min) (1.01, 1.06, 0.95) (0.96, 0.92, 1.00) #fs:   1  -- #Conts: 7 G(1)  E(4)  C(2) 
  38624019 140.59 || noQ Q (Avg,Max,Min) (1.01, 1.02, 1.00) (0.97, 0.89, 1.01) #fs:   0  -- #Conts: 6 E(4)  C(2) 
  38785039 140.47 || noQ Q (Avg,Max,Min) (1.00, 1.02, 0.97) (0.98, 0.91, 1.01) #fs:   1  -- #Conts: 5 E(3)  C(2) 
  49419817 139.06 || noQ Q (Avg,Max,Min) (1.01, 1.03, 1.00) (0.98, 0.90, 1.02) #fs:   1  -- #Conts: 4 E(2)  C(2) 
  53259497 138.76 || noQ Q (Avg,Max,Min) (1.01, 1.02, 1.00) (0.88, 0.33, 1.02) #fs:   0  -- #Conts: 6 A(1)  E(2)  C(3) 
  56658053 137.76 || noQ Q (Avg,Max,Min) (1.01, 1.02, 1.00) (0.99, 0.91, 1.02) #fs:   0  -- #Conts: 5 E(2)  C(3) 
/////////////////size: 25
nodes 97 edges 109
 mulT: 30 mulD: 500  sumData GB 1103
pareto /SIPHT.n.100.0.dax time -> 7258.0
moheft /SIPHT.n.100.0.dax time -> 587.0
distance from M to C 0.28
distance from P to C 3.2499909095441524
distance from C to M 1.3461528637503777
distance from C to P 3.0958036992304487
toCompare: /SIPHT.n.100.0.dax sumDataGB: 1103 mulT: 30 mulD: 500 paretoOptTime_MS: 7258.0 MoheftOptimizationTime_MS: 587.0 MtoC 0.28 PtoC 3.2499909095441524 CtoM 1.3461528637503777 CtoP 3.0958036992304487
