specify -Dflow d,b,mt,md,size
Running /home/vaggelis/jc/MONTAGE.n.50.0.dax mt 500 md: 20000 size null
   7155930 126.12 || noQ Q (Avg,Max,Min) (7.65, 8.14, 6.68) (4.41, 2.54, 8.09) #fs:   2  -- #Conts: 3 H(3) 
  13689025 116.35 || noQ Q (Avg,Max,Min) (2.75, 3.47, 1.57) (2.03, 1.18, 3.29) #fs:   7  -- #Conts: 9 G(1)  E(8) 
  13956560 114.00 || noQ Q (Avg,Max,Min) (2.67, 3.40, 1.36) (1.86, 0.66, 3.29) #fs:   8  -- #Conts: 10 E(10) 
  13963222 107.29 || noQ Q (Avg,Max,Min) (2.75, 3.40, 1.53) (2.06, 1.31, 3.29) #fs:   7  -- #Conts: 9 E(9) 
  17495586 096.00 || noQ Q (Avg,Max,Min) (2.20, 2.60, 1.45) (1.64, 1.30, 2.53) #fs:   9  -- #Conts: 11 C(11) 
  17847449 088.00 || noQ Q (Avg,Max,Min) (2.19, 2.71, 1.63) (1.87, 1.50, 2.69) #fs:   9  -- #Conts: 9 C(9) 
  18758847 084.00 || noQ Q (Avg,Max,Min) (2.15, 2.73, 1.52) (2.07, 1.49, 2.37) #fs:   9  -- #Conts: 7 C(7) 
  41108479 082.00 || noQ Q (Avg,Max,Min) (1.42, 2.80, 1.19) (1.21, 0.87, 2.33) #fs:   2  -- #Conts: 28 A(27)  C(1) 
  41109694 080.00 || noQ Q (Avg,Max,Min) (1.39, 2.80, 1.19) (1.22, 0.97, 2.33) #fs:   2  -- #Conts: 28 A(28) 
  41127931 079.00 || noQ Q (Avg,Max,Min) (1.40, 2.80, 1.19) (1.24, 0.98, 2.33) #fs:   2  -- #Conts: 27 A(27) 
  41193740 078.00 || noQ Q (Avg,Max,Min) (1.40, 2.80, 1.19) (1.26, 1.14, 2.33) #fs:   2  -- #Conts: 26 A(26) 
  46360046 076.00 || noQ Q (Avg,Max,Min) (1.36, 2.51, 1.19) (1.29, 1.14, 2.33) #fs:   2  -- #Conts: 23 A(23) 
  50188580 075.00 || noQ Q (Avg,Max,Min) (1.34, 1.91, 1.19) (1.29, 1.14, 1.78) #fs:   1  -- #Conts: 22 A(22) 
/////////////////size: 13
  10876399 232.94 || noQ Q (Avg,Max,Min) (3.55, 6.51, 1.23) (1.10, 0.54, 5.53) #fs:   5  -- #Conts: 18 H(1)  G(3)  E(10)  C(4) 
  11096698 215.76 || noQ Q (Avg,Max,Min) (3.31, 6.57, 1.19) (1.16, 0.64, 5.79) #fs:   6  -- #Conts: 16 H(1)  G(2)  E(8)  C(5) 
  11109751 211.65 || noQ Q (Avg,Max,Min) (3.08, 6.56, 1.19) (1.13, 0.53, 5.79) #fs:   7  -- #Conts: 17 H(1)  G(2)  E(5)  C(9) 
  11148891 189.18 || noQ Q (Avg,Max,Min) (2.87, 6.52, 1.35) (1.22, 0.64, 5.79) #fs:   7  -- #Conts: 15 H(1)  G(1)  E(4)  C(9) 
  11159600 185.18 || noQ Q (Avg,Max,Min) (2.92, 6.79, 1.35) (1.27, 0.64, 6.04) #fs:   6  -- #Conts: 14 H(1)  G(1)  E(4)  C(8) 
  11161625 179.76 || noQ Q (Avg,Max,Min) (2.78, 6.79, 1.35) (1.29, 0.64, 6.04) #fs:   6  -- #Conts: 14 H(1)  G(1)  E(2)  C(10) 
  11500418 173.41 || noQ Q (Avg,Max,Min) (2.82, 4.74, 1.35) (1.19, 0.64, 4.03) #fs:   7  -- #Conts: 15 H(1)  G(1)  E(4)  C(9) 
  11511127 169.41 || noQ Q (Avg,Max,Min) (2.89, 5.07, 1.35) (1.26, 0.64, 4.53) #fs:   6  -- #Conts: 14 H(1)  G(1)  E(4)  C(8) 
  11513152 164.00 || noQ Q (Avg,Max,Min) (2.75, 5.06, 1.35) (1.28, 0.64, 4.53) #fs:   6  -- #Conts: 14 H(1)  G(1)  E(2)  C(10) 
  11864273 145.29 || noQ Q (Avg,Max,Min) (2.83, 5.58, 1.29) (1.67, 0.78, 5.54) #fs:   6  -- #Conts: 10 H(1)  G(1)  E(1)  C(7) 
  11870993 141.29 || noQ Q (Avg,Max,Min) (2.85, 5.58, 1.29) (1.69, 0.78, 5.54) #fs:   5  -- #Conts: 10 H(1)  G(1)  E(1)  C(7) 
  12423399 138.94 || noQ Q (Avg,Max,Min) (2.81, 5.58, 1.29) (1.75, 0.78, 5.54) #fs:   5  -- #Conts: 10 H(1)  G(1)  E(1)  C(7) 
  12535996 113.76 || noQ Q (Avg,Max,Min) (2.42, 4.87, 1.29) (1.81, 1.07, 4.24) #fs:   7  -- #Conts: 9 G(1)  E(1)  C(7) 
  12892021 105.76 || noQ Q (Avg,Max,Min) (2.49, 5.00, 1.23) (2.07, 1.08, 4.48) #fs:   6  -- #Conts: 8 G(1)  E(1)  C(6) 
  13645068 104.71 || noQ Q (Avg,Max,Min) (5.41, 33.66, 1.29) (2.29, 1.07, 7.72) #fs:   6  -- #Conts: 10 G(1)  E(2)  C(7) 
  14004604 100.71 || noQ Q (Avg,Max,Min) (5.77, 33.66, 1.24) (2.53, 1.07, 7.72) #fs:   6  -- #Conts: 9 G(1)  E(2)  C(6) 
  14646961 096.71 || noQ Q (Avg,Max,Min) (5.78, 33.66, 1.23) (2.58, 1.08, 7.72) #fs:   5  -- #Conts: 9 G(1)  E(2)  C(6) 
  16193743 095.00 || noQ Q (Avg,Max,Min) (4.37, 23.04, 1.23) (2.37, 0.78, 7.37) #fs:   5  -- #Conts: 10 G(1)  A(1)  E(1)  C(7) 
  18023607 089.88 || noQ Q (Avg,Max,Min) (2.64, 7.53, 1.31) (2.25, 0.95, 5.47) #fs:   6  -- #Conts: 10 G(1)  A(3)  E(2)  C(4) 
  18367848 087.88 || noQ Q (Avg,Max,Min) (2.81, 7.57, 1.31) (2.42, 0.95, 5.47) #fs:   5  -- #Conts: 9 G(1)  A(2)  E(2)  C(4) 
  18379752 083.88 || noQ Q (Avg,Max,Min) (2.91, 8.29, 1.31) (2.51, 0.95, 6.01) #fs:   4  -- #Conts: 9 G(1)  A(2)  E(2)  C(4) 
  20565208 081.18 || noQ Q (Avg,Max,Min) (4.33, 19.90, 1.31) (2.88, 0.95, 7.88) #fs:   4  -- #Conts: 10 G(1)  A(2)  E(2)  C(5) 
  22374192 080.18 || noQ Q (Avg,Max,Min) (4.62, 23.04, 1.10) (2.93, 0.95, 7.37) #fs:   4  -- #Conts: 10 G(1)  A(2)  E(2)  C(5) 
  25463979 079.18 || noQ Q (Avg,Max,Min) (2.87, 5.52, 1.31) (2.55, 0.95, 4.62) #fs:   4  -- #Conts: 10 G(1)  A(3)  E(2)  C(4) 
  26327018 077.18 || noQ Q (Avg,Max,Min) (2.70, 5.53, 1.31) (2.58, 0.95, 5.38) #fs:   4  -- #Conts: 9 G(1)  A(2)  E(2)  C(4) 
  36849556 076.76 || noQ Q (Avg,Max,Min) (1.60, 4.66, 1.23) (1.43, 0.98, 4.52) #fs:   1  -- #Conts: 22 G(1)  A(21) 
  40365016 075.76 || noQ Q (Avg,Max,Min) (1.60, 4.66, 1.23) (1.45, 0.98, 4.52) #fs:   0  -- #Conts: 21 G(1)  A(20) 
  42001646 073.76 || noQ Q (Avg,Max,Min) (1.72, 5.26, 1.23) (1.59, 0.98, 4.62) #fs:   0  -- #Conts: 21 G(1)  A(20) 
  42064720 072.76 || noQ Q (Avg,Max,Min) (1.73, 5.26, 1.23) (1.63, 0.98, 4.62) #fs:   0  -- #Conts: 20 G(1)  A(19) 
/////////////////size: 29
nodes 50 edges 108
 mulT: 500 mulD: 20000  sumData GB 18756
pareto /MONTAGE.n.50.0.dax time -> 2258.0
moheft /MONTAGE.n.50.0.dax time -> 686.0
distance from M to C 12.864123695792525
distance from P to C 8.396498595536766
distance from C to M 0.7222222222222222
distance from C to P 2.8553355944920877
toCompare: /MONTAGE.n.50.0.dax sumDataGB: 18756 mulT: 500 mulD: 20000 paretoOptTime_MS: 2258.0 MoheftOptimizationTime_MS: 686.0 MtoC 12.864123695792525 PtoC 8.396498595536766 CtoM 0.7222222222222222 CtoP 2.8553355944920877
