specify -Dflow d,b,mt,md,size
Running /home/vaggelis/jc/SIPHT.n.50.0.dax mt 100 md: 10000 size null
  14662392 504.47 || noQ Q (Avg,Max,Min) (0.98, 1.05, 0.86) (0.82, 0.60, 0.95) #fs:   5  -- #Conts: 5 H(5) 
  14680106 441.41 || noQ Q (Avg,Max,Min) (1.05, 1.20, 0.97) (0.92, 0.62, 1.15) #fs:   4  -- #Conts: 5 H(5) 
  17691243 409.88 || noQ Q (Avg,Max,Min) (1.06, 1.20, 0.97) (1.01, 0.92, 1.15) #fs:   4  -- #Conts: 4 H(4) 
  20931527 378.35 || noQ Q (Avg,Max,Min) (1.41, 2.01, 1.09) (1.25, 0.70, 1.93) #fs:   0  -- #Conts: 5 H(5) 
  23628421 362.59 || noQ Q (Avg,Max,Min) (1.18, 1.57, 1.01) (1.02, 0.62, 1.40) #fs:   0  -- #Conts: 5 H(2)  G(3) 
  26704277 346.82 || noQ Q (Avg,Max,Min) (1.16, 1.57, 1.00) (0.99, 0.70, 1.40) #fs:   1  -- #Conts: 5 G(5) 
  26759748 331.06 || noQ Q (Avg,Max,Min) (1.20, 1.57, 1.03) (1.08, 0.91, 1.40) #fs:   1  -- #Conts: 4 G(4) 
  38751663 315.29 || noQ Q (Avg,Max,Min) (1.08, 1.33, 0.87) (1.06, 0.84, 1.33) #fs:   1  -- #Conts: 3 G(3) 
  46602370 299.53 || noQ Q (Avg,Max,Min) (1.18, 1.33, 1.04) (1.18, 1.03, 1.33) #fs:   0  -- #Conts: 2 G(2) 
  55487204 288.35 || noQ Q (Avg,Max,Min) (1.06, 1.24, 1.00) (1.02, 0.93, 1.18) #fs:   0  -- #Conts: 6 E(6) 
  80495358 274.94 || noQ Q (Avg,Max,Min) (1.27, 2.18, 1.00) (1.22, 0.93, 2.07) #fs:   0  -- #Conts: 5 E(5) 
/////////////////size: 11
  15073577 425.65 || noQ Q (Avg,Max,Min) (1.07, 1.20, 0.92) (0.94, 0.76, 1.09) #fs:   3  -- #Conts: 4 H(3)  G(1) 
  15123332 394.12 || noQ Q (Avg,Max,Min) (1.09, 1.28, 0.92) (1.01, 0.77, 1.25) #fs:   2  -- #Conts: 4 H(3)  G(1) 
  18062267 380.35 || noQ Q (Avg,Max,Min) (2.88, 11.94, 0.92) (0.87, 0.03, 1.17) #fs:   3  -- #Conts: 6 H(3)  G(2)  A(1) 
  18074615 371.29 || noQ Q (Avg,Max,Min) (1.87, 5.85, 0.92) (0.87, 0.04, 1.17) #fs:   3  -- #Conts: 6 H(3)  G(1)  A(1)  E(1) 
  18090764 368.59 || noQ Q (Avg,Max,Min) (1.52, 3.81, 0.92) (0.87, 0.04, 1.17) #fs:   3  -- #Conts: 6 H(3)  G(1)  A(1)  C(1) 
  18187980 365.59 || noQ Q (Avg,Max,Min) (1.06, 1.18, 0.92) (0.97, 0.71, 1.17) #fs:   4  -- #Conts: 5 H(3)  G(1)  A(1) 
  25552861 353.53 || noQ Q (Avg,Max,Min) (1.39, 2.54, 1.01) (1.08, 0.62, 1.69) #fs:   1  -- #Conts: 6 H(1)  G(4)  E(1) 
  28628717 337.76 || noQ Q (Avg,Max,Min) (1.42, 2.54, 0.81) (1.15, 0.77, 1.69) #fs:   1  -- #Conts: 5 G(4)  E(1) 
  28871277 331.06 || noQ Q (Avg,Max,Min) (1.16, 1.29, 1.03) (1.03, 0.91, 1.09) #fs:   0  -- #Conts: 3 G(3) 
  28902190 322.00 || noQ Q (Avg,Max,Min) (2.07, 4.81, 1.03) (0.81, 0.03, 1.09) #fs:   0  -- #Conts: 4 G(3)  E(1) 
  28921094 319.29 || noQ Q (Avg,Max,Min) (1.67, 3.20, 1.03) (0.81, 0.04, 1.09) #fs:   0  -- #Conts: 4 G(3)  C(1) 
  29075221 316.29 || noQ Q (Avg,Max,Min) (1.25, 1.50, 1.03) (0.82, 0.08, 1.09) #fs:   0  -- #Conts: 4 G(3)  A(1) 
  38095710 308.24 || noQ Q (Avg,Max,Min) (1.38, 2.54, 1.00) (1.12, 0.70, 1.69) #fs:   0  -- #Conts: 5 G(3)  A(1)  E(1) 
  38477331 305.88 || noQ Q (Avg,Max,Min) (1.31, 2.09, 0.98) (1.22, 0.71, 2.08) #fs:   2  -- #Conts: 6 G(4)  E(2) 
  40551821 293.47 || noQ Q (Avg,Max,Min) (1.31, 2.20, 1.02) (1.18, 0.47, 2.19) #fs:   0  -- #Conts: 5 G(2)  A(2)  E(1) 
  40684565 292.47 || noQ Q (Avg,Max,Min) (1.37, 2.17, 1.02) (1.35, 1.02, 2.16) #fs:   0  -- #Conts: 4 G(2)  A(1)  E(1) 
  48279805 290.41 || noQ Q (Avg,Max,Min) (1.08, 1.21, 1.00) (1.03, 0.84, 1.21) #fs:   0  -- #Conts: 6 G(2)  A(2)  E(2) 
  48473494 289.41 || noQ Q (Avg,Max,Min) (1.09, 1.21, 1.01) (1.03, 0.87, 1.21) #fs:   0  -- #Conts: 6 G(2)  A(2)  E(2) 
  48654970 288.41 || noQ Q (Avg,Max,Min) (1.09, 1.21, 1.01) (1.04, 0.89, 1.21) #fs:   0  -- #Conts: 5 G(2)  A(1)  E(2) 
  50443449 283.35 || noQ Q (Avg,Max,Min) (1.10, 1.21, 1.01) (1.05, 0.91, 1.21) #fs:   0  -- #Conts: 5 G(1)  A(1)  E(3) 
  50478812 280.65 || noQ Q (Avg,Max,Min) (1.45, 3.20, 1.01) (0.90, 0.04, 1.21) #fs:   0  -- #Conts: 6 G(1)  A(1)  E(3)  C(1) 
  50632939 277.65 || noQ Q (Avg,Max,Min) (1.17, 1.50, 1.01) (0.90, 0.08, 1.21) #fs:   0  -- #Conts: 6 G(1)  A(2)  E(3) 
  89573361 274.24 || noQ Q (Avg,Max,Min) (1.06, 1.10, 1.00) (1.04, 0.93, 1.09) #fs:   1  -- #Conts: 4 A(1)  E(3) 
 101845624 273.71 || noQ Q (Avg,Max,Min) (1.18, 1.63, 1.00) (0.86, 0.08, 1.09) #fs:   1  -- #Conts: 5 A(2)  E(2)  C(1) 
/////////////////size: 24
nodes 48 edges 56
 mulT: 100 mulD: 10000  sumData GB 13488
pareto /SIPHT.n.50.0.dax time -> 883.0
moheft /SIPHT.n.50.0.dax time -> 215.0
distance from M to C 4.967053731282552E-9
distance from P to C 1.6207661022496545
distance from C to M 1.9465097433106404
distance from C to P 2.120280716405524
toCompare: /SIPHT.n.50.0.dax sumDataGB: 13488 mulT: 100 mulD: 10000 paretoOptTime_MS: 883.0 MoheftOptimizationTime_MS: 215.0 MtoC 4.967053731282552E-9 PtoC 1.6207661022496545 CtoM 1.9465097433106404 CtoP 2.120280716405524
