specify -Dflow d,b,mt,md,size
Running /home/vaggelis/jc/MONTAGE.n.100.0.dax mt 500 md: 1000 size null
   1606422 1954.82 || noQ Q (Avg,Max,Min) (1.30, 1.91, 0.71) (0.12, 0.07, 0.85) #fs:  33  -- #Conts: 62 H(62) 
   1610554 1923.29 || noQ Q (Avg,Max,Min) (1.31, 1.90, 0.79) (0.13, 0.07, 0.85) #fs:  31  -- #Conts: 61 H(61) 
   1725287 1907.53 || noQ Q (Avg,Max,Min) (1.28, 1.78, 0.71) (0.13, 0.07, 0.85) #fs:  32  -- #Conts: 61 H(60)  G(1) 
   1726665 1891.76 || noQ Q (Avg,Max,Min) (1.28, 1.77, 0.71) (0.13, 0.07, 0.85) #fs:  32  -- #Conts: 61 H(59)  G(2) 
   1727047 1876.00 || noQ Q (Avg,Max,Min) (1.28, 1.77, 0.71) (0.13, 0.07, 0.85) #fs:  32  -- #Conts: 61 H(58)  G(3) 
   1727616 1860.24 || noQ Q (Avg,Max,Min) (1.27, 1.77, 0.71) (0.13, 0.07, 0.85) #fs:  32  -- #Conts: 61 H(57)  G(4) 
   1727849 1844.47 || noQ Q (Avg,Max,Min) (1.27, 1.77, 0.71) (0.13, 0.07, 0.85) #fs:  32  -- #Conts: 61 H(56)  G(5) 
   1728010 1828.71 || noQ Q (Avg,Max,Min) (1.27, 1.77, 0.71) (0.13, 0.07, 0.85) #fs:  32  -- #Conts: 61 H(55)  G(6) 
   1728089 1812.94 || noQ Q (Avg,Max,Min) (1.26, 1.77, 0.71) (0.13, 0.07, 0.85) #fs:  32  -- #Conts: 61 H(54)  G(7) 
   1728274 1797.18 || noQ Q (Avg,Max,Min) (1.26, 1.77, 0.71) (0.13, 0.07, 0.85) #fs:  32  -- #Conts: 61 H(53)  G(8) 
   1728579 1781.41 || noQ Q (Avg,Max,Min) (1.26, 1.77, 0.71) (0.13, 0.07, 0.85) #fs:  32  -- #Conts: 61 H(52)  G(9) 
   1728807 1765.65 || noQ Q (Avg,Max,Min) (1.25, 1.77, 0.71) (0.13, 0.07, 0.85) #fs:  32  -- #Conts: 61 H(51)  G(10) 
   1729042 1749.88 || noQ Q (Avg,Max,Min) (1.25, 1.77, 0.71) (0.13, 0.07, 0.85) #fs:  32  -- #Conts: 61 H(50)  G(11) 
   1729103 1734.12 || noQ Q (Avg,Max,Min) (1.25, 1.77, 0.71) (0.13, 0.07, 0.85) #fs:  32  -- #Conts: 61 H(49)  G(12) 
   1729155 1718.35 || noQ Q (Avg,Max,Min) (1.25, 1.77, 0.71) (0.13, 0.07, 0.85) #fs:  32  -- #Conts: 61 H(48)  G(13) 
   1729217 1702.59 || noQ Q (Avg,Max,Min) (1.24, 1.77, 0.71) (0.13, 0.07, 0.85) #fs:  32  -- #Conts: 61 H(47)  G(14) 
   1729421 1686.82 || noQ Q (Avg,Max,Min) (1.24, 1.77, 0.71) (0.13, 0.07, 0.85) #fs:  32  -- #Conts: 61 H(46)  G(15) 
   1729436 1671.06 || noQ Q (Avg,Max,Min) (1.24, 1.77, 0.71) (0.14, 0.07, 0.85) #fs:  32  -- #Conts: 61 H(45)  G(16) 
   1729654 1655.29 || noQ Q (Avg,Max,Min) (1.23, 1.77, 0.71) (0.14, 0.07, 0.85) #fs:  32  -- #Conts: 61 H(44)  G(17) 
   1729678 1639.53 || noQ Q (Avg,Max,Min) (1.23, 1.77, 0.71) (0.14, 0.07, 0.85) #fs:  32  -- #Conts: 61 H(43)  G(18) 
   1729748 1623.76 || noQ Q (Avg,Max,Min) (1.23, 1.77, 0.71) (0.14, 0.07, 0.85) #fs:  32  -- #Conts: 61 H(42)  G(19) 
   1729998 1608.00 || noQ Q (Avg,Max,Min) (1.22, 1.77, 0.70) (0.14, 0.07, 0.85) #fs:  32  -- #Conts: 61 H(41)  G(20) 
   1730636 1592.24 || noQ Q (Avg,Max,Min) (1.22, 1.77, 0.70) (0.14, 0.07, 0.85) #fs:  32  -- #Conts: 61 H(40)  G(21) 
   1730712 1576.47 || noQ Q (Avg,Max,Min) (1.22, 1.77, 0.70) (0.14, 0.07, 0.85) #fs:  32  -- #Conts: 61 H(39)  G(22) 
   1730868 1560.71 || noQ Q (Avg,Max,Min) (1.21, 1.77, 0.70) (0.14, 0.07, 0.85) #fs:  32  -- #Conts: 61 H(38)  G(23) 
   1730965 1544.94 || noQ Q (Avg,Max,Min) (1.21, 1.77, 0.70) (0.14, 0.07, 0.85) #fs:  32  -- #Conts: 61 H(37)  G(24) 
   1731059 1529.18 || noQ Q (Avg,Max,Min) (1.21, 1.77, 0.70) (0.14, 0.07, 0.85) #fs:  32  -- #Conts: 61 H(36)  G(25) 
   1731126 1513.41 || noQ Q (Avg,Max,Min) (1.20, 1.77, 0.70) (0.14, 0.07, 0.85) #fs:  32  -- #Conts: 61 H(35)  G(26) 
   1731198 1497.65 || noQ Q (Avg,Max,Min) (1.20, 1.77, 0.70) (0.14, 0.07, 0.85) #fs:  32  -- #Conts: 61 H(34)  G(27) 
   1731285 1481.88 || noQ Q (Avg,Max,Min) (1.20, 1.77, 0.70) (0.14, 0.07, 0.85) #fs:  32  -- #Conts: 61 H(33)  G(28) 
   1731312 1466.12 || noQ Q (Avg,Max,Min) (1.19, 1.77, 0.70) (0.14, 0.07, 0.85) #fs:  32  -- #Conts: 61 H(32)  G(29) 
   1731899 1450.35 || noQ Q (Avg,Max,Min) (1.19, 1.77, 0.70) (0.14, 0.07, 0.85) #fs:  32  -- #Conts: 61 H(31)  G(30) 
   1731904 1434.59 || noQ Q (Avg,Max,Min) (1.19, 1.77, 0.70) (0.14, 0.07, 0.85) #fs:  32  -- #Conts: 61 H(30)  G(31) 
   1732347 1418.82 || noQ Q (Avg,Max,Min) (1.19, 1.77, 0.70) (0.14, 0.07, 0.85) #fs:  32  -- #Conts: 61 H(29)  G(32) 
   1732596 1403.06 || noQ Q (Avg,Max,Min) (1.18, 1.77, 0.70) (0.15, 0.07, 0.85) #fs:  32  -- #Conts: 61 H(28)  G(33) 
   1732872 1387.29 || noQ Q (Avg,Max,Min) (1.18, 1.77, 0.70) (0.15, 0.07, 0.85) #fs:  32  -- #Conts: 61 H(27)  G(34) 
   1733004 1371.53 || noQ Q (Avg,Max,Min) (1.18, 1.77, 0.70) (0.15, 0.07, 0.85) #fs:  32  -- #Conts: 61 H(26)  G(35) 
   1733165 1355.76 || noQ Q (Avg,Max,Min) (1.17, 1.77, 0.70) (0.15, 0.07, 0.85) #fs:  32  -- #Conts: 61 H(25)  G(36) 
   1733405 1340.00 || noQ Q (Avg,Max,Min) (1.17, 1.77, 0.70) (0.15, 0.07, 0.85) #fs:  32  -- #Conts: 61 H(24)  G(37) 
   1733444 1324.24 || noQ Q (Avg,Max,Min) (1.17, 1.77, 0.70) (0.15, 0.07, 0.85) #fs:  32  -- #Conts: 61 H(23)  G(38) 
   1733562 1308.47 || noQ Q (Avg,Max,Min) (1.16, 1.77, 0.70) (0.15, 0.07, 0.85) #fs:  32  -- #Conts: 61 H(22)  G(39) 
   1734261 1292.71 || noQ Q (Avg,Max,Min) (1.16, 1.77, 0.70) (0.15, 0.07, 0.85) #fs:  32  -- #Conts: 61 H(21)  G(40) 
   1734373 1276.94 || noQ Q (Avg,Max,Min) (1.16, 1.77, 0.70) (0.15, 0.07, 0.85) #fs:  32  -- #Conts: 61 H(20)  G(41) 
   1734841 1261.18 || noQ Q (Avg,Max,Min) (1.15, 1.77, 0.70) (0.15, 0.07, 0.85) #fs:  32  -- #Conts: 61 H(19)  G(42) 
   1734996 1245.41 || noQ Q (Avg,Max,Min) (1.15, 1.77, 0.70) (0.15, 0.07, 0.85) #fs:  32  -- #Conts: 61 H(18)  G(43) 
   1735039 1229.65 || noQ Q (Avg,Max,Min) (1.15, 1.77, 0.70) (0.15, 0.07, 0.85) #fs:  32  -- #Conts: 61 H(17)  G(44) 
   1737045 1213.88 || noQ Q (Avg,Max,Min) (1.14, 1.76, 0.70) (0.15, 0.11, 0.85) #fs:  32  -- #Conts: 61 H(16)  G(45) 
   1766996 1198.12 || noQ Q (Avg,Max,Min) (1.14, 1.73, 0.68) (0.15, 0.11, 0.85) #fs:  31  -- #Conts: 60 H(16)  G(44) 
   1770295 1182.35 || noQ Q (Avg,Max,Min) (1.14, 1.73, 0.68) (0.16, 0.11, 0.85) #fs:  32  -- #Conts: 59 H(16)  G(43) 
   1772297 1166.59 || noQ Q (Avg,Max,Min) (1.14, 1.73, 0.68) (0.16, 0.11, 0.85) #fs:  32  -- #Conts: 58 H(16)  G(42) 
   1773962 1150.82 || noQ Q (Avg,Max,Min) (1.14, 1.73, 0.68) (0.16, 0.11, 0.85) #fs:  32  -- #Conts: 57 H(16)  G(41) 
   1774238 1135.06 || noQ Q (Avg,Max,Min) (1.15, 1.73, 0.68) (0.16, 0.11, 0.85) #fs:  32  -- #Conts: 56 H(16)  G(40) 
   1774687 1119.29 || noQ Q (Avg,Max,Min) (1.15, 1.73, 0.68) (0.17, 0.11, 0.85) #fs:  32  -- #Conts: 55 H(16)  G(39) 
   1775538 1103.53 || noQ Q (Avg,Max,Min) (1.15, 1.73, 0.68) (0.17, 0.11, 0.85) #fs:  32  -- #Conts: 54 H(16)  G(38) 
   1775606 1072.00 || noQ Q (Avg,Max,Min) (1.15, 1.73, 0.68) (0.17, 0.11, 0.85) #fs:  32  -- #Conts: 52 H(16)  G(36) 
   1775693 1024.71 || noQ Q (Avg,Max,Min) (1.16, 1.87, 0.68) (0.18, 0.11, 0.92) #fs:  32  -- #Conts: 49 H(16)  G(33) 
   1776084 1008.94 || noQ Q (Avg,Max,Min) (1.16, 1.87, 0.68) (0.18, 0.11, 0.92) #fs:  32  -- #Conts: 48 H(16)  G(32) 
   1776988 993.18 || noQ Q (Avg,Max,Min) (1.16, 1.87, 0.68) (0.19, 0.11, 0.92) #fs:  32  -- #Conts: 47 H(16)  G(31) 
   1777050 977.41 || noQ Q (Avg,Max,Min) (1.16, 1.87, 0.83) (0.19, 0.11, 0.92) #fs:  32  -- #Conts: 46 H(16)  G(30) 
   1950813 930.12 || noQ Q (Avg,Max,Min) (1.15, 1.70, 0.78) (0.26, 0.11, 0.92) #fs:  32  -- #Conts: 30 H(29)  G(1) 
   1953256 882.82 || noQ Q (Avg,Max,Min) (1.15, 1.70, 0.78) (0.27, 0.14, 0.92) #fs:  32  -- #Conts: 28 H(28) 
   1953963 835.53 || noQ Q (Avg,Max,Min) (1.15, 1.70, 0.78) (0.29, 0.11, 0.92) #fs:  32  -- #Conts: 27 H(26)  G(1) 
   1954443 804.00 || noQ Q (Avg,Max,Min) (1.15, 1.83, 0.78) (0.30, 0.11, 1.00) #fs:  32  -- #Conts: 26 H(25)  G(1) 
   1955628 772.47 || noQ Q (Avg,Max,Min) (1.15, 1.83, 0.78) (0.31, 0.11, 1.00) #fs:  32  -- #Conts: 25 H(24)  G(1) 
   1958063 725.18 || noQ Q (Avg,Max,Min) (1.16, 1.83, 0.90) (0.33, 0.14, 1.00) #fs:  32  -- #Conts: 23 H(23) 
   1964309 677.88 || noQ Q (Avg,Max,Min) (1.12, 1.82, 0.90) (0.35, 0.11, 1.00) #fs:  33  -- #Conts: 22 H(21)  G(1) 
   1965487 662.12 || noQ Q (Avg,Max,Min) (1.11, 1.82, 0.90) (0.37, 0.15, 1.00) #fs:  32  -- #Conts: 21 H(21) 
   2045090 646.35 || noQ Q (Avg,Max,Min) (1.06, 1.75, 0.85) (0.37, 0.22, 1.00) #fs:  33  -- #Conts: 21 H(20)  G(1) 
   2132737 599.06 || noQ Q (Avg,Max,Min) (1.05, 1.68, 0.86) (0.41, 0.22, 1.00) #fs:  32  -- #Conts: 19 H(19) 
   2134346 567.53 || noQ Q (Avg,Max,Min) (1.05, 1.80, 0.86) (0.43, 0.22, 1.07) #fs:  32  -- #Conts: 18 H(18) 
   2135772 536.00 || noQ Q (Avg,Max,Min) (1.05, 1.80, 0.86) (0.45, 0.22, 1.07) #fs:  32  -- #Conts: 17 H(17) 
   2139995 504.47 || noQ Q (Avg,Max,Min) (1.06, 1.80, 0.86) (0.48, 0.38, 1.07) #fs:  31  -- #Conts: 16 H(16) 
   2467478 472.94 || noQ Q (Avg,Max,Min) (1.13, 1.78, 0.89) (0.52, 0.31, 1.22) #fs:  18  -- #Conts: 15 H(15) 
   2570226 441.41 || noQ Q (Avg,Max,Min) (1.16, 1.85, 1.05) (0.56, 0.38, 1.32) #fs:  17  -- #Conts: 14 H(14) 
   2715957 409.88 || noQ Q (Avg,Max,Min) (1.12, 1.72, 0.96) (0.61, 0.38, 1.30) #fs:  16  -- #Conts: 13 H(13) 
   2729078 378.35 || noQ Q (Avg,Max,Min) (1.19, 1.74, 1.09) (0.66, 0.46, 1.32) #fs:  15  -- #Conts: 12 H(12) 
   2888295 346.82 || noQ Q (Avg,Max,Min) (1.16, 1.65, 1.01) (0.72, 0.46, 1.32) #fs:  14  -- #Conts: 11 H(11) 
   2915270 315.29 || noQ Q (Avg,Max,Min) (1.24, 1.72, 1.12) (0.79, 0.53, 1.39) #fs:  13  -- #Conts: 10 H(10) 
   3154851 283.76 || noQ Q (Avg,Max,Min) (1.25, 1.69, 1.11) (0.88, 0.60, 1.49) #fs:  12  -- #Conts: 9 H(9) 
   3333466 252.24 || noQ Q (Avg,Max,Min) (1.26, 1.58, 1.13) (0.98, 0.85, 1.47) #fs:  11  -- #Conts: 8 H(8) 
   3855348 236.47 || noQ Q (Avg,Max,Min) (1.04, 1.42, 0.80) (0.83, 0.56, 1.16) #fs:  18  -- #Conts: 13 H(2)  G(11) 
   3931048 220.71 || noQ Q (Avg,Max,Min) (1.05, 1.39, 0.92) (0.86, 0.56, 1.16) #fs:  18  -- #Conts: 13 H(1)  G(12) 
   4424877 204.94 || noQ Q (Avg,Max,Min) (1.00, 1.55, 0.84) (0.88, 0.56, 1.50) #fs:  17  -- #Conts: 13 G(13) 
   6824258 203.53 || noQ Q (Avg,Max,Min) (1.01, 1.22, 0.65) (0.80, 0.45, 1.15) #fs:  24  -- #Conts: 21 G(1)  E(20) 
   7293424 199.18 || noQ Q (Avg,Max,Min) (1.00, 1.08, 0.77) (0.84, 0.56, 0.96) #fs:  21  -- #Conts: 21 G(1)  E(20) 
   7443642 196.82 || noQ Q (Avg,Max,Min) (1.02, 1.18, 0.65) (0.82, 0.46, 1.04) #fs:  22  -- #Conts: 21 G(1)  E(20) 
   7531635 190.12 || noQ Q (Avg,Max,Min) (1.03, 1.28, 0.65) (0.84, 0.46, 1.15) #fs:  22  -- #Conts: 21 G(1)  E(20) 
   8064339 187.76 || noQ Q (Avg,Max,Min) (1.00, 1.08, 0.85) (0.84, 0.56, 1.04) #fs:  21  -- #Conts: 21 E(21) 
   8152332 181.06 || noQ Q (Avg,Max,Min) (1.02, 1.17, 0.77) (0.86, 0.56, 1.15) #fs:  21  -- #Conts: 21 E(21) 
  16072273 179.88 || noQ Q (Avg,Max,Min) (1.05, 1.23, 0.43) (0.85, 0.33, 1.07) #fs:   7  -- #Conts: 27 G(1)  E(3)  C(23) 
  16072339 178.59 || noQ Q (Avg,Max,Min) (1.05, 1.23, 0.44) (0.87, 0.33, 1.07) #fs:   7  -- #Conts: 26 G(1)  E(4)  C(21) 
  16092767 177.18 || noQ Q (Avg,Max,Min) (1.05, 1.23, 0.43) (0.86, 0.33, 1.07) #fs:   7  -- #Conts: 27 G(1)  E(2)  C(24) 
  16092833 175.88 || noQ Q (Avg,Max,Min) (1.05, 1.23, 0.43) (0.88, 0.33, 1.07) #fs:   7  -- #Conts: 26 G(1)  E(3)  C(22) 
  16095710 174.47 || noQ Q (Avg,Max,Min) (1.05, 1.23, 0.43) (0.87, 0.33, 1.07) #fs:   7  -- #Conts: 27 G(1)  E(1)  C(25) 
  16095776 173.18 || noQ Q (Avg,Max,Min) (1.05, 1.23, 0.43) (0.89, 0.33, 1.07) #fs:   7  -- #Conts: 26 G(1)  E(2)  C(23) 
  16121930 171.76 || noQ Q (Avg,Max,Min) (1.04, 1.13, 0.43) (0.91, 0.33, 1.07) #fs:   7  -- #Conts: 26 G(1)  C(25) 
  16284589 170.82 || noQ Q (Avg,Max,Min) (1.06, 1.23, 0.74) (0.89, 0.48, 1.07) #fs:   7  -- #Conts: 26 E(4)  C(22) 
  16287466 169.41 || noQ Q (Avg,Max,Min) (1.06, 1.23, 0.74) (0.87, 0.39, 1.07) #fs:   7  -- #Conts: 27 E(2)  C(25) 
  16287532 168.12 || noQ Q (Avg,Max,Min) (1.06, 1.23, 0.74) (0.90, 0.48, 1.07) #fs:   7  -- #Conts: 26 E(3)  C(23) 
  16293589 166.71 || noQ Q (Avg,Max,Min) (1.05, 1.13, 0.74) (0.88, 0.39, 1.07) #fs:   7  -- #Conts: 27 E(1)  C(26) 
  16293655 165.41 || noQ Q (Avg,Max,Min) (1.05, 1.22, 0.74) (0.91, 0.48, 1.07) #fs:   7  -- #Conts: 26 E(2)  C(24) 
  16313686 162.71 || noQ Q (Avg,Max,Min) (1.05, 1.13, 0.74) (0.92, 0.61, 1.07) #fs:   7  -- #Conts: 26 E(1)  C(25) 
  16564470 160.00 || noQ Q (Avg,Max,Min) (1.06, 1.13, 0.87) (0.93, 0.71, 1.07) #fs:   7  -- #Conts: 26 C(26) 
  49011421 159.00 || noQ Q (Avg,Max,Min) (1.02, 1.09, 1.00) (0.96, 0.77, 1.03) #fs:  13  -- #Conts: 41 A(41) 
  49025982 158.00 || noQ Q (Avg,Max,Min) (1.02, 1.09, 1.00) (0.97, 0.78, 1.03) #fs:  13  -- #Conts: 40 A(40) 
  54171887 157.00 || noQ Q (Avg,Max,Min) (1.02, 1.05, 1.00) (0.98, 0.78, 1.03) #fs:  12  -- #Conts: 38 A(38) 
  54656854 155.00 || noQ Q (Avg,Max,Min) (1.02, 1.08, 1.00) (0.99, 0.97, 1.06) #fs:  12  -- #Conts: 37 A(37) 
/////////////////size: 107
   1848237 1939.06 || noQ Q (Avg,Max,Min) (1.28, 1.86, 0.71) (0.13, 0.07, 0.95) #fs:  22  -- #Conts: 67 H(56)  G(11) 
   1858152 1907.53 || noQ Q (Avg,Max,Min) (1.27, 1.99, 0.71) (0.13, 0.07, 1.03) #fs:  21  -- #Conts: 66 H(55)  G(11) 
   1877186 1844.47 || noQ Q (Avg,Max,Min) (1.27, 2.36, 0.70) (0.14, 0.07, 0.87) #fs:  22  -- #Conts: 64 H(53)  G(11) 
   1882666 1812.94 || noQ Q (Avg,Max,Min) (1.26, 2.35, 0.69) (0.14, 0.07, 0.87) #fs:  22  -- #Conts: 63 H(52)  G(11) 
   1885162 1781.41 || noQ Q (Avg,Max,Min) (1.26, 2.34, 0.69) (0.14, 0.07, 0.87) #fs:  22  -- #Conts: 62 H(51)  G(11) 
   1888175 1749.88 || noQ Q (Avg,Max,Min) (1.25, 2.34, 0.69) (0.15, 0.07, 0.87) #fs:  22  -- #Conts: 61 H(50)  G(11) 
   1889135 1718.35 || noQ Q (Avg,Max,Min) (1.24, 2.33, 0.69) (0.15, 0.07, 0.87) #fs:  22  -- #Conts: 61 H(48)  G(13) 
   1891195 1702.59 || noQ Q (Avg,Max,Min) (1.23, 2.33, 0.69) (0.15, 0.07, 0.87) #fs:  22  -- #Conts: 61 H(47)  G(14) 
   1956043 1686.82 || noQ Q (Avg,Max,Min) (1.22, 2.22, 0.66) (0.15, 0.07, 0.87) #fs:  22  -- #Conts: 61 H(46)  G(15) 
   1957032 1671.06 || noQ Q (Avg,Max,Min) (1.21, 2.22, 0.66) (0.15, 0.07, 0.87) #fs:  22  -- #Conts: 61 H(45)  G(16) 
   1960121 1655.29 || noQ Q (Avg,Max,Min) (1.21, 2.22, 0.65) (0.15, 0.07, 0.87) #fs:  23  -- #Conts: 61 H(44)  G(17) 
   1961842 1639.53 || noQ Q (Avg,Max,Min) (1.20, 2.21, 0.65) (0.15, 0.07, 0.87) #fs:  23  -- #Conts: 61 H(43)  G(18) 
   1962117 1623.76 || noQ Q (Avg,Max,Min) (1.20, 2.21, 0.65) (0.15, 0.07, 0.87) #fs:  23  -- #Conts: 61 H(42)  G(19) 
   1963555 1608.00 || noQ Q (Avg,Max,Min) (1.20, 2.21, 0.65) (0.15, 0.07, 0.87) #fs:  23  -- #Conts: 61 H(41)  G(20) 
   1964180 1544.94 || noQ Q (Avg,Max,Min) (1.18, 2.21, 0.65) (0.15, 0.07, 0.87) #fs:  23  -- #Conts: 61 H(37)  G(24) 
   1965001 1529.18 || noQ Q (Avg,Max,Min) (1.18, 2.21, 0.65) (0.15, 0.07, 0.87) #fs:  23  -- #Conts: 61 H(36)  G(25) 
   1966185 1481.88 || noQ Q (Avg,Max,Min) (1.17, 2.21, 0.65) (0.16, 0.07, 0.87) #fs:  23  -- #Conts: 61 H(33)  G(28) 
   1966588 1466.12 || noQ Q (Avg,Max,Min) (1.17, 2.21, 0.65) (0.16, 0.07, 0.87) #fs:  23  -- #Conts: 61 H(32)  G(29) 
   1967602 1450.35 || noQ Q (Avg,Max,Min) (1.17, 2.20, 0.65) (0.16, 0.07, 0.87) #fs:  23  -- #Conts: 61 H(31)  G(30) 
   1967795 1434.59 || noQ Q (Avg,Max,Min) (1.16, 2.20, 0.65) (0.16, 0.07, 0.87) #fs:  25  -- #Conts: 61 H(30)  G(31) 
   1968487 1340.00 || noQ Q (Avg,Max,Min) (1.14, 2.20, 0.65) (0.16, 0.07, 0.87) #fs:  25  -- #Conts: 61 H(24)  G(37) 
   1969308 1276.94 || noQ Q (Avg,Max,Min) (1.12, 1.88, 0.65) (0.16, 0.07, 1.03) #fs:  25  -- #Conts: 61 H(20)  G(41) 
   1970570 1261.18 || noQ Q (Avg,Max,Min) (1.11, 1.88, 0.65) (0.16, 0.07, 1.03) #fs:  25  -- #Conts: 61 H(19)  G(42) 
   1972119 1213.88 || noQ Q (Avg,Max,Min) (1.10, 1.88, 0.65) (0.17, 0.11, 1.03) #fs:  25  -- #Conts: 61 H(16)  G(45) 
   2068804 1150.82 || noQ Q (Avg,Max,Min) (1.23, 1.88, 0.63) (0.17, 0.09, 0.94) #fs:  26  -- #Conts: 64 H(9)  G(55) 
   2069480 1119.29 || noQ Q (Avg,Max,Min) (1.22, 1.88, 0.63) (0.17, 0.09, 0.94) #fs:  27  -- #Conts: 63 H(8)  G(55) 
   2072831 1103.53 || noQ Q (Avg,Max,Min) (1.22, 1.88, 0.80) (0.17, 0.09, 0.94) #fs:  28  -- #Conts: 62 H(8)  G(54) 
   2144242 1087.76 || noQ Q (Avg,Max,Min) (1.20, 1.88, 0.63) (0.17, 0.09, 0.94) #fs:  28  -- #Conts: 62 H(7)  G(55) 
   2144986 1056.24 || noQ Q (Avg,Max,Min) (1.19, 1.87, 0.63) (0.18, 0.09, 0.94) #fs:  29  -- #Conts: 61 H(6)  G(55) 
   2147019 1024.71 || noQ Q (Avg,Max,Min) (1.18, 1.87, 0.63) (0.18, 0.09, 0.94) #fs:  30  -- #Conts: 60 H(5)  G(55) 
   2147337 993.18 || noQ Q (Avg,Max,Min) (1.16, 1.58, 0.63) (0.18, 0.11, 0.94) #fs:  31  -- #Conts: 59 H(4)  G(55) 
   2150688 977.41 || noQ Q (Avg,Max,Min) (1.16, 1.58, 0.80) (0.19, 0.11, 0.94) #fs:  32  -- #Conts: 58 H(4)  G(54) 
   2236697 945.88 || noQ Q (Avg,Max,Min) (1.15, 1.52, 0.76) (0.19, 0.11, 0.95) #fs:  32  -- #Conts: 56 H(4)  G(52) 
   2238921 930.12 || noQ Q (Avg,Max,Min) (1.14, 1.52, 0.76) (0.20, 0.11, 0.95) #fs:  32  -- #Conts: 55 H(4)  G(51) 
   2276415 927.76 || noQ Q (Avg,Max,Min) (1.35, 1.90, 0.84) (0.24, 0.09, 1.10) #fs:  20  -- #Conts: 44 H(16)  G(26)  E(2) 
   2278000 912.00 || noQ Q (Avg,Max,Min) (1.36, 1.90, 0.84) (0.25, 0.09, 1.10) #fs:  20  -- #Conts: 43 H(16)  G(25)  E(2) 
   2279447 896.24 || noQ Q (Avg,Max,Min) (1.36, 1.90, 0.84) (0.25, 0.09, 1.10) #fs:  20  -- #Conts: 42 H(16)  G(24)  E(2) 
   2315440 880.47 || noQ Q (Avg,Max,Min) (1.34, 1.89, 0.84) (0.25, 0.09, 1.02) #fs:  21  -- #Conts: 42 H(15)  G(25)  E(2) 
   2316887 864.71 || noQ Q (Avg,Max,Min) (1.35, 1.89, 0.84) (0.26, 0.09, 1.02) #fs:  21  -- #Conts: 41 H(15)  G(24)  E(2) 
   2318593 848.94 || noQ Q (Avg,Max,Min) (1.32, 1.89, 0.84) (0.26, 0.09, 1.02) #fs:  22  -- #Conts: 41 H(14)  G(25)  E(2) 
   2319319 817.41 || noQ Q (Avg,Max,Min) (1.31, 1.88, 0.84) (0.27, 0.09, 1.02) #fs:  23  -- #Conts: 40 H(13)  G(25)  E(2) 
   2320766 801.65 || noQ Q (Avg,Max,Min) (1.31, 1.88, 0.84) (0.27, 0.09, 1.02) #fs:  23  -- #Conts: 39 H(13)  G(24)  E(2) 
   2322489 785.88 || noQ Q (Avg,Max,Min) (1.28, 1.88, 0.71) (0.27, 0.09, 1.02) #fs:  24  -- #Conts: 39 H(12)  G(25)  E(2) 
   2324029 754.35 || noQ Q (Avg,Max,Min) (1.26, 1.88, 0.71) (0.28, 0.09, 1.02) #fs:  25  -- #Conts: 38 H(11)  G(25)  E(2) 
   2324324 722.82 || noQ Q (Avg,Max,Min) (1.24, 1.88, 0.71) (0.29, 0.09, 1.02) #fs:  26  -- #Conts: 37 H(10)  G(25)  E(2) 
   2324661 691.29 || noQ Q (Avg,Max,Min) (1.22, 1.88, 0.71) (0.30, 0.09, 1.02) #fs:  27  -- #Conts: 36 H(9)  G(25)  E(2) 
   2325337 659.76 || noQ Q (Avg,Max,Min) (1.20, 1.88, 0.71) (0.31, 0.09, 1.02) #fs:  28  -- #Conts: 35 H(8)  G(25)  E(2) 
   2326784 644.00 || noQ Q (Avg,Max,Min) (1.21, 1.88, 0.84) (0.31, 0.09, 1.02) #fs:  28  -- #Conts: 34 H(8)  G(24)  E(2) 
   2400099 628.24 || noQ Q (Avg,Max,Min) (1.17, 1.88, 0.71) (0.32, 0.09, 1.02) #fs:  29  -- #Conts: 34 H(7)  G(25)  E(2) 
   2400843 596.71 || noQ Q (Avg,Max,Min) (1.14, 1.87, 0.71) (0.33, 0.09, 1.02) #fs:  30  -- #Conts: 33 H(6)  G(25)  E(2) 
   2402290 580.94 || noQ Q (Avg,Max,Min) (1.15, 1.87, 0.84) (0.34, 0.09, 1.02) #fs:  30  -- #Conts: 32 H(6)  G(24)  E(2) 
   2402876 565.18 || noQ Q (Avg,Max,Min) (1.11, 1.87, 0.71) (0.34, 0.09, 1.02) #fs:  31  -- #Conts: 32 H(5)  G(25)  E(2) 
   2403194 533.65 || noQ Q (Avg,Max,Min) (1.09, 1.53, 0.71) (0.35, 0.21, 1.02) #fs:  32  -- #Conts: 31 H(4)  G(25)  E(2) 
   2404641 517.88 || noQ Q (Avg,Max,Min) (1.09, 1.53, 0.84) (0.36, 0.21, 1.02) #fs:  32  -- #Conts: 30 H(4)  G(24)  E(2) 
   2480970 489.65 || noQ Q (Avg,Max,Min) (1.04, 1.48, 0.80) (0.32, 0.21, 1.02) #fs:  32  -- #Conts: 42 H(4)  G(12)  E(26) 
   2492800 482.94 || noQ Q (Avg,Max,Min) (1.04, 1.47, 0.80) (0.32, 0.21, 1.02) #fs:  31  -- #Conts: 41 H(4)  G(12)  E(25) 
   2501188 476.24 || noQ Q (Avg,Max,Min) (1.04, 1.57, 0.79) (0.33, 0.21, 1.09) #fs:  31  -- #Conts: 40 H(4)  G(12)  E(24) 
   2506729 469.53 || noQ Q (Avg,Max,Min) (1.04, 1.57, 0.79) (0.33, 0.21, 1.09) #fs:  31  -- #Conts: 39 H(4)  G(12)  E(23) 
   2509574 462.82 || noQ Q (Avg,Max,Min) (1.04, 1.56, 0.84) (0.34, 0.21, 1.09) #fs:  32  -- #Conts: 38 H(4)  G(12)  E(22) 
   2705636 445.41 || noQ Q (Avg,Max,Min) (1.10, 1.87, 0.75) (0.41, 0.09, 1.16) #fs:  30  -- #Conts: 28 H(6)  G(12)  E(10) 
   2707221 438.71 || noQ Q (Avg,Max,Min) (1.10, 1.87, 0.75) (0.42, 0.09, 1.16) #fs:  30  -- #Conts: 27 H(6)  G(12)  E(9) 
   2707669 413.88 || noQ Q (Avg,Max,Min) (1.07, 1.87, 0.76) (0.42, 0.09, 1.16) #fs:  31  -- #Conts: 27 H(5)  G(12)  E(10) 
   2707987 382.35 || noQ Q (Avg,Max,Min) (1.03, 1.55, 0.76) (0.44, 0.21, 1.16) #fs:  32  -- #Conts: 26 H(4)  G(12)  E(10) 
   2709572 375.65 || noQ Q (Avg,Max,Min) (1.03, 1.55, 0.76) (0.46, 0.21, 1.16) #fs:  32  -- #Conts: 25 H(4)  G(12)  E(9) 
   2710084 355.53 || noQ Q (Avg,Max,Min) (1.05, 1.55, 0.94) (0.50, 0.21, 1.16) #fs:  32  -- #Conts: 22 H(4)  G(12)  E(6) 
   2848647 348.82 || noQ Q (Avg,Max,Min) (1.00, 1.47, 0.88) (0.52, 0.21, 1.16) #fs:  31  -- #Conts: 21 H(4)  G(12)  E(5) 
   2857204 342.12 || noQ Q (Avg,Max,Min) (1.00, 1.56, 0.88) (0.54, 0.21, 1.24) #fs:  31  -- #Conts: 20 H(4)  G(12)  E(4) 
   2862576 335.41 || noQ Q (Avg,Max,Min) (0.99, 1.55, 0.88) (0.56, 0.21, 1.24) #fs:  31  -- #Conts: 19 H(4)  G(12)  E(3) 
   2865590 328.71 || noQ Q (Avg,Max,Min) (0.99, 1.55, 0.88) (0.58, 0.21, 1.24) #fs:  32  -- #Conts: 18 H(4)  G(12)  E(2) 
   2935840 322.00 || noQ Q (Avg,Max,Min) (0.97, 1.51, 0.85) (0.61, 0.21, 1.24) #fs:  32  -- #Conts: 17 H(4)  G(12)  E(1) 
   2964578 319.29 || noQ Q (Avg,Max,Min) (0.95, 1.50, 0.84) (0.62, 0.35, 1.24) #fs:  32  -- #Conts: 17 H(4)  G(12)  C(1) 
   3001400 315.29 || noQ Q (Avg,Max,Min) (0.94, 1.48, 0.83) (0.64, 0.56, 1.24) #fs:  32  -- #Conts: 16 H(4)  G(12) 
   3139368 313.65 || noQ Q (Avg,Max,Min) (1.08, 1.73, 0.68) (0.50, 0.13, 1.24) #fs:  22  -- #Conts: 28 H(2)  G(12)  E(2)  C(12) 
   3139586 312.35 || noQ Q (Avg,Max,Min) (1.08, 1.73, 0.83) (0.51, 0.13, 1.24) #fs:  22  -- #Conts: 27 H(2)  G(12)  E(3)  C(10) 
   3139605 309.65 || noQ Q (Avg,Max,Min) (1.08, 1.73, 0.68) (0.51, 0.13, 1.24) #fs:  22  -- #Conts: 27 H(2)  G(12)  E(2)  C(11) 
   3142813 300.24 || noQ Q (Avg,Max,Min) (1.08, 1.84, 0.83) (0.53, 0.13, 1.32) #fs:  22  -- #Conts: 26 H(2)  G(12)  C(12) 
   3219947 298.94 || noQ Q (Avg,Max,Min) (1.07, 1.79, 0.81) (0.54, 0.13, 1.32) #fs:  22  -- #Conts: 25 H(2)  G(12)  E(1)  C(10) 
   3288668 294.94 || noQ Q (Avg,Max,Min) (1.06, 1.74, 0.79) (0.56, 0.13, 1.32) #fs:  22  -- #Conts: 24 H(2)  G(12)  E(1)  C(9) 
   3291562 290.94 || noQ Q (Avg,Max,Min) (1.06, 1.74, 0.79) (0.57, 0.13, 1.32) #fs:  22  -- #Conts: 23 H(2)  G(12)  E(1)  C(8) 
   3294343 288.24 || noQ Q (Avg,Max,Min) (1.07, 1.83, 0.79) (0.57, 0.13, 1.40) #fs:  21  -- #Conts: 23 H(2)  G(12)  C(9) 
   3297167 284.24 || noQ Q (Avg,Max,Min) (1.07, 1.83, 0.78) (0.58, 0.13, 1.40) #fs:  22  -- #Conts: 22 H(2)  G(12)  C(8) 
   3368275 276.24 || noQ Q (Avg,Max,Min) (1.07, 1.79, 0.77) (0.62, 0.13, 1.40) #fs:  22  -- #Conts: 20 H(2)  G(12)  C(6) 
   3369860 272.24 || noQ Q (Avg,Max,Min) (1.07, 1.78, 0.76) (0.64, 0.13, 1.40) #fs:  22  -- #Conts: 19 H(2)  G(12)  C(5) 
   3376102 268.24 || noQ Q (Avg,Max,Min) (1.08, 1.78, 0.76) (0.66, 0.13, 1.40) #fs:  22  -- #Conts: 18 H(2)  G(12)  C(4) 
   3378481 264.24 || noQ Q (Avg,Max,Min) (1.09, 1.78, 0.76) (0.68, 0.13, 1.40) #fs:  22  -- #Conts: 17 H(2)  G(12)  C(3) 
   3521539 260.47 || noQ Q (Avg,Max,Min) (1.04, 1.64, 0.77) (0.65, 0.35, 1.35) #fs:  22  -- #Conts: 19 H(2)  G(11)  C(6) 
   3523124 256.47 || noQ Q (Avg,Max,Min) (1.04, 1.64, 0.76) (0.67, 0.35, 1.35) #fs:  22  -- #Conts: 18 H(2)  G(11)  C(5) 
   3529366 252.47 || noQ Q (Avg,Max,Min) (1.05, 1.63, 0.76) (0.70, 0.35, 1.35) #fs:  22  -- #Conts: 17 H(2)  G(11)  C(4) 
   3531745 248.47 || noQ Q (Avg,Max,Min) (1.05, 1.63, 0.76) (0.73, 0.35, 1.35) #fs:  22  -- #Conts: 16 H(2)  G(11)  C(3) 
   3650026 232.71 || noQ Q (Avg,Max,Min) (1.08, 1.71, 0.93) (0.76, 0.35, 1.47) #fs:  21  -- #Conts: 15 H(2)  G(10)  C(3) 
   3770681 228.71 || noQ Q (Avg,Max,Min) (1.06, 1.55, 0.90) (0.80, 0.35, 1.39) #fs:  21  -- #Conts: 14 H(2)  G(10)  C(2) 
   3772563 224.71 || noQ Q (Avg,Max,Min) (1.06, 1.64, 0.90) (0.84, 0.35, 1.47) #fs:  21  -- #Conts: 13 H(2)  G(10)  C(1) 
   3773294 220.71 || noQ Q (Avg,Max,Min) (1.07, 1.64, 0.90) (0.89, 0.77, 1.47) #fs:  21  -- #Conts: 12 H(2)  G(10) 
   4553526 220.24 || noQ Q (Avg,Max,Min) (1.18, 2.19, 1.02) (0.75, 0.23, 1.13) #fs:  11  -- #Conts: 18 H(1)  G(8)  E(4)  C(5) 
   4555857 208.47 || noQ Q (Avg,Max,Min) (1.18, 2.39, 1.02) (0.74, 0.24, 1.13) #fs:  11  -- #Conts: 19 H(1)  G(8)  E(4)  C(6) 
   4557451 204.47 || noQ Q (Avg,Max,Min) (1.19, 2.39, 1.02) (0.78, 0.24, 1.13) #fs:  11  -- #Conts: 18 H(1)  G(8)  E(4)  C(5) 
   4683174 201.76 || noQ Q (Avg,Max,Min) (1.18, 2.41, 1.02) (0.77, 0.24, 1.17) #fs:  10  -- #Conts: 18 H(1)  G(8)  E(3)  C(6) 
   4684768 197.76 || noQ Q (Avg,Max,Min) (1.18, 2.41, 1.02) (0.82, 0.24, 1.17) #fs:  10  -- #Conts: 17 H(1)  G(8)  E(3)  C(5) 
   4862279 195.06 || noQ Q (Avg,Max,Min) (1.17, 2.36, 1.02) (0.81, 0.24, 1.26) #fs:  10  -- #Conts: 17 H(1)  G(8)  E(2)  C(6) 
   4863873 191.06 || noQ Q (Avg,Max,Min) (1.18, 2.36, 1.02) (0.86, 0.24, 1.26) #fs:  10  -- #Conts: 16 H(1)  G(8)  E(2)  C(5) 
   5038005 188.35 || noQ Q (Avg,Max,Min) (1.14, 2.17, 0.74) (0.87, 0.24, 1.27) #fs:  12  -- #Conts: 16 H(1)  G(8)  E(1)  C(6) 
   5049170 181.65 || noQ Q (Avg,Max,Min) (1.11, 2.16, 0.74) (0.94, 0.70, 1.27) #fs:  13  -- #Conts: 15 H(1)  G(8)  C(6) 
   5224784 177.65 || noQ Q (Avg,Max,Min) (1.17, 2.29, 1.02) (0.96, 0.70, 1.45) #fs:  10  -- #Conts: 14 H(1)  G(8)  C(5) 
   6588236 176.35 || noQ Q (Avg,Max,Min) (1.20, 1.42, 1.07) (0.94, 0.70, 1.30) #fs:   6  -- #Conts: 12 G(8)  E(1)  C(3) 
   6888108 173.65 || noQ Q (Avg,Max,Min) (1.18, 1.35, 0.96) (0.96, 0.70, 1.29) #fs:   7  -- #Conts: 11 G(8)  C(3) 
   6904391 169.65 || noQ Q (Avg,Max,Min) (1.20, 1.43, 1.07) (0.97, 0.70, 1.37) #fs:   6  -- #Conts: 11 G(8)  C(3) 
   8428825 166.24 || noQ Q (Avg,Max,Min) (1.20, 1.45, 1.13) (0.96, 0.76, 1.16) #fs:   3  -- #Conts: 15 G(8)  E(2)  C(5) 
  12274594 163.53 || noQ Q (Avg,Max,Min) (1.31, 2.76, 1.13) (0.99, 0.76, 1.49) #fs:   3  -- #Conts: 16 G(8)  E(2)  C(6) 
  15686309 161.53 || noQ Q (Avg,Max,Min) (1.22, 1.51, 1.13) (0.99, 0.76, 1.49) #fs:   3  -- #Conts: 16 G(8)  A(1)  E(2)  C(5) 
  17893556 155.53 || noQ Q (Avg,Max,Min) (1.20, 1.69, 1.03) (1.08, 0.94, 1.25) #fs:   2  -- #Conts: 15 G(8)  A(4)  E(2)  C(1) 
  25605032 152.41 || noQ Q (Avg,Max,Min) (1.12, 1.69, 1.01) (1.04, 0.77, 1.25) #fs:   6  -- #Conts: 20 G(6)  A(9)  E(4)  C(1) 
  37707400 150.47 || noQ Q (Avg,Max,Min) (1.07, 1.84, 1.01) (1.00, 0.77, 1.14) #fs:   7  -- #Conts: 30 G(1)  A(16)  E(1)  C(12) 
  44821155 149.47 || noQ Q (Avg,Max,Min) (1.04, 1.18, 1.01) (1.00, 0.77, 1.14) #fs:   7  -- #Conts: 29 G(1)  A(16)  E(1)  C(11) 
/////////////////size: 113
nodes 100 edges 234
 mulT: 500 mulD: 1000  sumData GB 1848
pareto /MONTAGE.n.100.0.dax time -> 291082.0
moheft /MONTAGE.n.100.0.dax time -> 23065.0
distance from M to C 4.168952849197777
distance from P to C 5.477664886915858
distance from C to M 3.4174846319067598
distance from C to P 3.657835419073669
toCompare: /MONTAGE.n.100.0.dax sumDataGB: 1848 mulT: 500 mulD: 1000 paretoOptTime_MS: 291082.0 MoheftOptimizationTime_MS: 23065.0 MtoC 4.168952849197777 PtoC 5.477664886915858 CtoM 3.4174846319067598 CtoP 3.657835419073669
