specify -Dflow d,b,mt,md,size
Running /home/vaggelis/jc/MONTAGE.n.50.0.dax mt 30 md: 1000 size null
    396023 157.65 || noQ Q (Avg,Max,Min) (7.75, 8.68, 6.94) (0.23, 0.03, 0.82) #fs:   2  -- #Conts: 5 H(5) 
    399625 126.12 || noQ Q (Avg,Max,Min) (7.43, 8.65, 6.68) (0.28, 0.08, 0.82) #fs:   1  -- #Conts: 4 H(4) 
    414420 094.59 || noQ Q (Avg,Max,Min) (7.81, 8.64, 7.16) (0.37, 0.10, 0.82) #fs:   2  -- #Conts: 3 H(3) 
    435710 063.06 || noQ Q (Avg,Max,Min) (7.36, 7.83, 6.88) (0.53, 0.24, 0.83) #fs:   1  -- #Conts: 2 H(2) 
    510391 047.29 || noQ Q (Avg,Max,Min) (5.46, 5.87, 5.05) (0.54, 0.26, 0.83) #fs:   1  -- #Conts: 2 H(1)  G(1) 
    518621 031.53 || noQ Q (Avg,Max,Min) (6.03, 6.03, 6.03) (0.87, 0.87, 0.87) #fs:   0  -- #Conts: 1 H(1) 
    888816 015.76 || noQ Q (Avg,Max,Min) (3.94, 3.94, 3.94) (0.97, 0.97, 0.97) #fs:   0  -- #Conts: 1 G(1) 
   1214552 013.41 || noQ Q (Avg,Max,Min) (2.84, 3.09, 2.60) (0.88, 0.73, 1.04) #fs:   2  -- #Conts: 2 E(2) 
   1518095 012.00 || noQ Q (Avg,Max,Min) (2.08, 2.53, 1.85) (0.78, 0.63, 1.07) #fs:   3  -- #Conts: 3 C(3) 
   1874969 010.71 || noQ Q (Avg,Max,Min) (2.02, 2.39, 1.66) (0.99, 0.73, 1.25) #fs:   3  -- #Conts: 2 E(1)  C(1) 
   1978471 008.00 || noQ Q (Avg,Max,Min) (2.22, 2.45, 1.99) (1.15, 0.96, 1.35) #fs:   2  -- #Conts: 2 C(2) 
   2004524 006.71 || noQ Q (Avg,Max,Min) (2.30, 2.30, 2.30) (1.28, 1.28, 1.28) #fs:   0  -- #Conts: 1 E(1) 
   3463684 004.00 || noQ Q (Avg,Max,Min) (1.75, 1.75, 1.75) (1.69, 1.69, 1.69) #fs:   0  -- #Conts: 1 C(1) 
/////////////////size: 13
    584673 193.41 || noQ Q (Avg,Max,Min) (3.83, 15.90, 1.21) (0.09, 0.03, 0.56) #fs:   5  -- #Conts: 19 H(2)  G(3)  E(10)  C(4) 
    587010 161.88 || noQ Q (Avg,Max,Min) (3.11, 5.78, 1.21) (0.10, 0.03, 0.53) #fs:   6  -- #Conts: 18 H(1)  G(3)  E(10)  C(4) 
    591524 157.88 || noQ Q (Avg,Max,Min) (3.11, 5.68, 1.19) (0.10, 0.03, 0.53) #fs:   7  -- #Conts: 17 H(1)  G(3)  E(10)  C(3) 
    592337 151.18 || noQ Q (Avg,Max,Min) (3.17, 5.69, 1.19) (0.11, 0.03, 0.53) #fs:   7  -- #Conts: 16 H(1)  G(3)  E(9)  C(3) 
    593285 139.41 || noQ Q (Avg,Max,Min) (2.97, 5.94, 1.19) (0.11, 0.03, 0.56) #fs:   6  -- #Conts: 16 H(1)  G(2)  E(9)  C(4) 
    599760 136.71 || noQ Q (Avg,Max,Min) (2.91, 5.83, 1.17) (0.11, 0.03, 0.56) #fs:   7  -- #Conts: 16 H(1)  G(2)  E(8)  C(5) 
    600424 135.29 || noQ Q (Avg,Max,Min) (2.76, 5.82, 1.17) (0.10, 0.03, 0.56) #fs:   7  -- #Conts: 17 H(1)  G(2)  E(6)  C(8) 
    602740 116.82 || noQ Q (Avg,Max,Min) (2.54, 5.79, 1.16) (0.11, 0.03, 0.56) #fs:   7  -- #Conts: 16 H(1)  G(1)  E(5)  C(9) 
    603952 112.82 || noQ Q (Avg,Max,Min) (2.58, 6.03, 1.16) (0.11, 0.03, 0.59) #fs:   6  -- #Conts: 15 H(1)  G(1)  E(5)  C(8) 
    604265 110.12 || noQ Q (Avg,Max,Min) (2.53, 6.02, 1.16) (0.11, 0.03, 0.59) #fs:   6  -- #Conts: 15 H(1)  G(1)  E(4)  C(9) 
    604447 104.71 || noQ Q (Avg,Max,Min) (2.43, 6.01, 1.16) (0.12, 0.03, 0.59) #fs:   7  -- #Conts: 15 H(1)  G(1)  E(2)  C(11) 
    614931 095.41 || noQ Q (Avg,Max,Min) (2.55, 6.10, 1.13) (0.14, 0.03, 0.61) #fs:   6  -- #Conts: 12 H(1)  G(1)  E(3)  C(7) 
    614971 092.71 || noQ Q (Avg,Max,Min) (2.49, 6.10, 1.13) (0.14, 0.04, 0.61) #fs:   6  -- #Conts: 12 H(1)  G(1)  E(2)  C(8) 
    620144 088.71 || noQ Q (Avg,Max,Min) (2.50, 5.99, 1.11) (0.15, 0.04, 0.61) #fs:   7  -- #Conts: 11 H(1)  G(1)  E(2)  C(7) 
    626066 087.29 || noQ Q (Avg,Max,Min) (2.34, 5.92, 1.10) (0.14, 0.04, 0.61) #fs:   8  -- #Conts: 12 H(1)  G(1)  C(10) 
    626129 083.29 || noQ Q (Avg,Max,Min) (2.39, 5.91, 1.27) (0.16, 0.04, 0.61) #fs:   8  -- #Conts: 11 H(1)  G(1)  C(9) 
    626151 079.29 || noQ Q (Avg,Max,Min) (2.43, 6.16, 1.27) (0.17, 0.04, 0.64) #fs:   8  -- #Conts: 10 H(1)  G(1)  C(8) 
    636171 075.29 || noQ Q (Avg,Max,Min) (2.46, 6.24, 1.24) (0.19, 0.04, 0.66) #fs:   7  -- #Conts: 9 H(1)  G(1)  C(7) 
    646786 071.29 || noQ Q (Avg,Max,Min) (2.52, 6.31, 1.21) (0.21, 0.04, 0.69) #fs:   7  -- #Conts: 8 H(1)  G(1)  C(6) 
    656892 067.29 || noQ Q (Avg,Max,Min) (2.52, 6.14, 1.18) (0.23, 0.04, 0.69) #fs:   8  -- #Conts: 7 H(1)  G(1)  C(5) 
    657523 063.29 || noQ Q (Avg,Max,Min) (2.64, 6.37, 1.18) (0.27, 0.04, 0.71) #fs:   7  -- #Conts: 6 H(1)  G(1)  C(4) 
    668117 059.29 || noQ Q (Avg,Max,Min) (2.73, 6.43, 1.16) (0.32, 0.04, 0.74) #fs:   7  -- #Conts: 5 H(1)  G(1)  C(3) 
    673404 055.29 || noQ Q (Avg,Max,Min) (2.93, 6.35, 1.31) (0.40, 0.18, 0.74) #fs:   8  -- #Conts: 4 H(1)  G(1)  C(2) 
    706983 051.29 || noQ Q (Avg,Max,Min) (3.39, 4.32, 2.16) (0.36, 0.09, 0.85) #fs:   3  -- #Conts: 4 G(3)  C(1) 
    708804 027.76 || noQ Q (Avg,Max,Min) (2.76, 4.65, 2.13) (0.34, 0.13, 0.92) #fs:   0  -- #Conts: 4 G(1)  C(3) 
    746577 024.76 || noQ Q (Avg,Max,Min) (2.51, 4.47, 1.26) (0.33, 0.11, 0.93) #fs:   0  -- #Conts: 4 G(1)  A(1)  C(2) 
    764596 023.76 || noQ Q (Avg,Max,Min) (2.90, 4.39, 2.14) (0.41, 0.13, 0.93) #fs:   0  -- #Conts: 3 G(1)  C(2) 
    782443 021.76 || noQ Q (Avg,Max,Min) (2.24, 4.29, 1.26) (0.34, 0.11, 0.93) #fs:   1  -- #Conts: 4 G(1)  A(2)  C(1) 
    782892 020.76 || noQ Q (Avg,Max,Min) (2.57, 4.32, 1.26) (0.42, 0.11, 0.94) #fs:   0  -- #Conts: 3 G(1)  A(1)  C(1) 
    801102 019.76 || noQ Q (Avg,Max,Min) (3.19, 4.24, 2.15) (0.58, 0.21, 0.94) #fs:   0  -- #Conts: 2 G(1)  C(1) 
    836067 018.76 || noQ Q (Avg,Max,Min) (1.97, 4.12, 1.26) (0.32, 0.11, 0.96) #fs:   0  -- #Conts: 4 G(1)  A(3) 
    854277 017.76 || noQ Q (Avg,Max,Min) (2.19, 4.05, 1.26) (0.39, 0.11, 0.96) #fs:   0  -- #Conts: 3 G(1)  A(2) 
    872151 016.76 || noQ Q (Avg,Max,Min) (2.62, 3.99, 1.26) (0.54, 0.11, 0.97) #fs:   0  -- #Conts: 2 G(1)  A(1) 
    888816 015.76 || noQ Q (Avg,Max,Min) (3.94, 3.94, 3.94) (0.97, 0.97, 0.97) #fs:   0  -- #Conts: 1 G(1) 
   1254191 015.71 || noQ Q (Avg,Max,Min) (1.91, 2.94, 1.26) (0.55, 0.11, 1.02) #fs:   5  -- #Conts: 4 A(1)  E(1)  C(2) 
   1274972 014.71 || noQ Q (Avg,Max,Min) (2.13, 2.89, 1.72) (0.70, 0.50, 1.02) #fs:   6  -- #Conts: 3 E(1)  C(2) 
   1413965 013.71 || noQ Q (Avg,Max,Min) (1.65, 2.85, 1.25) (0.44, 0.11, 1.12) #fs:   4  -- #Conts: 5 A(3)  E(1)  C(1) 
   1460170 012.71 || noQ Q (Avg,Max,Min) (1.77, 2.85, 1.26) (0.51, 0.11, 1.15) #fs:   4  -- #Conts: 4 A(2)  E(1)  C(1) 
   1474633 011.71 || noQ Q (Avg,Max,Min) (1.96, 2.90, 1.26) (0.66, 0.11, 1.19) #fs:   3  -- #Conts: 3 A(1)  E(1)  C(1) 
   1515818 010.71 || noQ Q (Avg,Max,Min) (2.23, 2.85, 1.61) (0.93, 0.66, 1.20) #fs:   3  -- #Conts: 2 E(1)  C(1) 
   1740466 009.71 || noQ Q (Avg,Max,Min) (1.56, 2.48, 1.25) (0.49, 0.22, 1.20) #fs:   1  -- #Conts: 4 A(3)  E(1) 
   1800541 008.71 || noQ Q (Avg,Max,Min) (1.65, 2.44, 1.25) (0.59, 0.22, 1.22) #fs:   0  -- #Conts: 3 A(2)  E(1) 
   1882585 007.71 || noQ Q (Avg,Max,Min) (1.82, 2.38, 1.26) (0.79, 0.33, 1.25) #fs:   0  -- #Conts: 2 A(1)  E(1) 
   2004524 006.71 || noQ Q (Avg,Max,Min) (2.30, 2.30, 2.30) (1.28, 1.28, 1.28) #fs:   0  -- #Conts: 1 E(1) 
   2687845 006.00 || noQ Q (Avg,Max,Min) (1.43, 2.18, 1.05) (1.02, 0.71, 1.63) #fs:   3  -- #Conts: 3 A(2)  C(1) 
   3023074 005.00 || noQ Q (Avg,Max,Min) (1.49, 1.94, 1.05) (1.22, 0.80, 1.63) #fs:   1  -- #Conts: 2 A(1)  C(1) 
   3463684 004.00 || noQ Q (Avg,Max,Min) (1.75, 1.75, 1.75) (1.69, 1.69, 1.69) #fs:   0  -- #Conts: 1 C(1) 
/////////////////size: 47
nodes 50 edges 108
 mulT: 30 mulD: 1000  sumData GB 937
pareto /MONTAGE.n.50.0.dax time -> 1800.0
moheft /MONTAGE.n.50.0.dax time -> 705.0
distance from M to C 3.9468385576374834
distance from P to C 0.04524886877828065
distance from C to M 0.44437080862147876
distance from C to P 0.9564611981048061
toCompare: /MONTAGE.n.50.0.dax sumDataGB: 937 mulT: 30 mulD: 1000 paretoOptTime_MS: 1800.0 MoheftOptimizationTime_MS: 705.0 MtoC 3.9468385576374834 PtoC 0.04524886877828065 CtoM 0.44437080862147876 CtoP 0.9564611981048061
