specify -Dflow d,b,mt,md,size
Running /home/vaggelis/jc/MONTAGE.n.50.0.dax mt 1000 md: 500 size null
   2039677 882.82 || noQ Q (Avg,Max,Min) (1.05, 1.18, 0.82) (0.20, 0.11, 0.67) #fs:  17  -- #Conts: 28 H(28) 
   2285551 867.06 || noQ Q (Avg,Max,Min) (1.00, 1.12, 0.71) (0.20, 0.11, 0.67) #fs:  17  -- #Conts: 28 H(27)  G(1) 
   2286000 851.29 || noQ Q (Avg,Max,Min) (1.00, 1.12, 0.71) (0.20, 0.11, 0.67) #fs:  17  -- #Conts: 28 H(26)  G(2) 
   2288049 835.53 || noQ Q (Avg,Max,Min) (1.00, 1.12, 0.70) (0.20, 0.11, 0.67) #fs:  17  -- #Conts: 28 H(25)  G(3) 
   2288185 819.76 || noQ Q (Avg,Max,Min) (1.00, 1.12, 0.70) (0.21, 0.11, 0.67) #fs:  17  -- #Conts: 28 H(24)  G(4) 
   2288463 804.00 || noQ Q (Avg,Max,Min) (0.99, 1.12, 0.70) (0.21, 0.11, 0.67) #fs:  17  -- #Conts: 28 H(23)  G(5) 
   2289313 788.24 || noQ Q (Avg,Max,Min) (0.99, 1.12, 0.70) (0.21, 0.11, 0.67) #fs:  17  -- #Conts: 28 H(22)  G(6) 
   2289747 772.47 || noQ Q (Avg,Max,Min) (0.99, 1.12, 0.70) (0.21, 0.11, 0.67) #fs:  17  -- #Conts: 28 H(21)  G(7) 
   2289940 756.71 || noQ Q (Avg,Max,Min) (0.99, 1.12, 0.70) (0.22, 0.11, 0.67) #fs:  17  -- #Conts: 28 H(20)  G(8) 
   2290114 740.94 || noQ Q (Avg,Max,Min) (0.99, 1.12, 0.70) (0.22, 0.11, 0.67) #fs:  17  -- #Conts: 28 H(19)  G(9) 
   2290486 725.18 || noQ Q (Avg,Max,Min) (0.99, 1.12, 0.70) (0.22, 0.11, 0.67) #fs:  17  -- #Conts: 28 H(18)  G(10) 
   2291177 709.41 || noQ Q (Avg,Max,Min) (0.98, 1.12, 0.70) (0.22, 0.11, 0.67) #fs:  17  -- #Conts: 28 H(17)  G(11) 
   2291440 693.65 || noQ Q (Avg,Max,Min) (0.98, 1.12, 0.70) (0.23, 0.11, 0.67) #fs:  17  -- #Conts: 28 H(16)  G(12) 
   2291583 677.88 || noQ Q (Avg,Max,Min) (0.98, 1.12, 0.70) (0.23, 0.11, 0.67) #fs:  17  -- #Conts: 28 H(15)  G(13) 
   2292687 662.12 || noQ Q (Avg,Max,Min) (0.98, 1.12, 0.70) (0.23, 0.11, 0.67) #fs:  17  -- #Conts: 28 H(14)  G(14) 
   2292724 646.35 || noQ Q (Avg,Max,Min) (0.98, 1.12, 0.70) (0.23, 0.11, 0.67) #fs:  17  -- #Conts: 28 H(13)  G(15) 
   2295157 630.59 || noQ Q (Avg,Max,Min) (0.97, 1.12, 0.70) (0.24, 0.11, 0.67) #fs:  17  -- #Conts: 28 H(12)  G(16) 
   2295792 614.82 || noQ Q (Avg,Max,Min) (0.97, 1.12, 0.70) (0.24, 0.11, 0.67) #fs:  17  -- #Conts: 28 H(11)  G(17) 
   2297512 599.06 || noQ Q (Avg,Max,Min) (1.00, 1.12, 0.73) (0.24, 0.11, 0.67) #fs:  15  -- #Conts: 27 H(11)  G(16) 
   2298043 583.29 || noQ Q (Avg,Max,Min) (0.99, 1.12, 0.73) (0.25, 0.11, 0.67) #fs:  16  -- #Conts: 27 H(10)  G(17) 
   2298065 567.53 || noQ Q (Avg,Max,Min) (0.99, 1.11, 0.73) (0.25, 0.11, 0.67) #fs:  16  -- #Conts: 27 H(9)  G(18) 
   2299655 551.76 || noQ Q (Avg,Max,Min) (0.99, 1.07, 0.72) (0.25, 0.18, 0.67) #fs:  16  -- #Conts: 27 H(8)  G(19) 
   2379144 536.00 || noQ Q (Avg,Max,Min) (0.99, 1.07, 0.69) (0.26, 0.18, 0.67) #fs:  15  -- #Conts: 26 H(8)  G(18) 
   2380932 520.24 || noQ Q (Avg,Max,Min) (0.99, 1.07, 0.69) (0.27, 0.18, 0.67) #fs:  15  -- #Conts: 25 H(8)  G(17) 
   2384737 504.47 || noQ Q (Avg,Max,Min) (1.00, 1.07, 0.69) (0.28, 0.18, 0.67) #fs:  16  -- #Conts: 24 H(8)  G(16) 
   2385359 488.71 || noQ Q (Avg,Max,Min) (1.00, 1.07, 0.69) (0.28, 0.18, 0.67) #fs:  16  -- #Conts: 23 H(8)  G(15) 
   2386839 472.94 || noQ Q (Avg,Max,Min) (1.01, 1.07, 0.70) (0.29, 0.18, 0.67) #fs:  15  -- #Conts: 22 H(8)  G(14) 
   2388008 457.18 || noQ Q (Avg,Max,Min) (1.01, 1.28, 0.70) (0.30, 0.18, 0.85) #fs:  16  -- #Conts: 21 H(8)  G(13) 
   2388629 441.41 || noQ Q (Avg,Max,Min) (1.02, 1.18, 0.88) (0.32, 0.18, 0.78) #fs:  16  -- #Conts: 20 H(8)  G(12) 
   2742641 378.35 || noQ Q (Avg,Max,Min) (0.97, 1.11, 0.76) (0.46, 0.22, 0.78) #fs:  16  -- #Conts: 12 H(12) 
   2747182 331.06 || noQ Q (Avg,Max,Min) (0.99, 1.17, 0.76) (0.50, 0.18, 0.89) #fs:  16  -- #Conts: 11 H(10)  G(1) 
   2753321 315.29 || noQ Q (Avg,Max,Min) (1.00, 1.17, 0.91) (0.55, 0.22, 0.89) #fs:  15  -- #Conts: 10 H(10) 
   2915902 299.53 || noQ Q (Avg,Max,Min) (0.95, 1.12, 0.85) (0.56, 0.22, 0.89) #fs:  16  -- #Conts: 10 H(9)  G(1) 
   2918342 283.76 || noQ Q (Avg,Max,Min) (0.94, 1.10, 0.85) (0.58, 0.37, 0.89) #fs:  16  -- #Conts: 10 H(8)  G(2) 
   3107294 252.24 || noQ Q (Avg,Max,Min) (0.92, 1.06, 0.81) (0.68, 0.58, 0.89) #fs:  15  -- #Conts: 8 H(8) 
   3753125 236.47 || noQ Q (Avg,Max,Min) (0.92, 1.07, 0.62) (0.62, 0.36, 0.83) #fs:  17  -- #Conts: 14 H(1)  G(13) 
   3999188 220.71 || noQ Q (Avg,Max,Min) (0.94, 1.07, 0.81) (0.64, 0.36, 0.83) #fs:  17  -- #Conts: 14 G(14) 
   5055149 204.94 || noQ Q (Avg,Max,Min) (0.95, 1.10, 0.66) (0.73, 0.55, 0.78) #fs:  13  -- #Conts: 10 H(1)  G(9) 
   5248530 189.18 || noQ Q (Avg,Max,Min) (0.97, 1.06, 0.76) (0.76, 0.58, 0.90) #fs:  12  -- #Conts: 10 G(10) 
   6425934 173.41 || noQ Q (Avg,Max,Min) (0.98, 1.08, 0.76) (0.80, 0.75, 0.97) #fs:  10  -- #Conts: 10 G(10) 
   8432120 172.35 || noQ Q (Avg,Max,Min) (0.94, 1.03, 0.52) (0.80, 0.42, 0.88) #fs:  17  -- #Conts: 14 G(1)  E(13) 
   8804964 156.82 || noQ Q (Avg,Max,Min) (0.96, 1.03, 0.86) (0.80, 0.68, 0.93) #fs:  16  -- #Conts: 16 E(12)  C(4) 
   8807671 155.53 || noQ Q (Avg,Max,Min) (0.95, 1.03, 0.86) (0.81, 0.68, 0.93) #fs:  16  -- #Conts: 15 E(13)  C(2) 
   8817811 154.24 || noQ Q (Avg,Max,Min) (0.95, 1.03, 0.86) (0.83, 0.78, 0.93) #fs:  16  -- #Conts: 14 E(14) 
  55780613 151.00 || noQ Q (Avg,Max,Min) (0.99, 1.01, 0.82) (0.97, 0.81, 1.00) #fs:   8  -- #Conts: 33 A(33) 
  55810551 149.00 || noQ Q (Avg,Max,Min) (1.00, 1.03, 0.82) (0.98, 0.82, 1.00) #fs:   7  -- #Conts: 34 A(34) 
  55820153 148.00 || noQ Q (Avg,Max,Min) (1.00, 1.03, 0.99) (0.97, 0.76, 1.00) #fs:   6  -- #Conts: 35 A(35) 
  66380522 147.00 || noQ Q (Avg,Max,Min) (1.00, 1.02, 0.99) (0.98, 0.76, 1.00) #fs:   5  -- #Conts: 33 A(33) 
/////////////////size: 48
   2392801 630.59 || noQ Q (Avg,Max,Min) (1.02, 1.44, 0.71) (0.24, 0.11, 0.61) #fs:  13  -- #Conts: 28 H(12)  G(16) 
   2418451 614.82 || noQ Q (Avg,Max,Min) (1.01, 1.12, 0.71) (0.25, 0.11, 0.68) #fs:  12  -- #Conts: 27 H(12)  G(15) 
   2420324 599.06 || noQ Q (Avg,Max,Min) (1.01, 1.17, 0.70) (0.25, 0.11, 0.79) #fs:  13  -- #Conts: 26 H(12)  G(14) 
   2420476 583.29 || noQ Q (Avg,Max,Min) (1.01, 1.17, 0.70) (0.25, 0.11, 0.79) #fs:  12  -- #Conts: 26 H(11)  G(15) 
   2422010 567.53 || noQ Q (Avg,Max,Min) (1.02, 1.17, 0.70) (0.26, 0.11, 0.79) #fs:  13  -- #Conts: 25 H(11)  G(14) 
   2423342 551.76 || noQ Q (Avg,Max,Min) (1.02, 1.28, 0.70) (0.26, 0.11, 0.86) #fs:  13  -- #Conts: 25 H(10)  G(15) 
   2425117 536.00 || noQ Q (Avg,Max,Min) (1.01, 1.17, 0.70) (0.27, 0.11, 0.79) #fs:  13  -- #Conts: 25 H(9)  G(16) 
   2548929 520.24 || noQ Q (Avg,Max,Min) (0.99, 1.22, 0.66) (0.28, 0.11, 0.86) #fs:  13  -- #Conts: 24 H(9)  G(15) 
   2555293 504.47 || noQ Q (Avg,Max,Min) (0.99, 1.21, 0.66) (0.29, 0.11, 0.86) #fs:  13  -- #Conts: 23 H(9)  G(14) 
   2598925 488.71 || noQ Q (Avg,Max,Min) (0.98, 1.19, 0.64) (0.29, 0.18, 0.86) #fs:  13  -- #Conts: 23 H(8)  G(15) 
   2846045 472.94 || noQ Q (Avg,Max,Min) (0.98, 1.09, 0.63) (0.30, 0.18, 0.86) #fs:  13  -- #Conts: 23 H(7)  G(16) 
   2896033 457.18 || noQ Q (Avg,Max,Min) (0.99, 1.07, 0.63) (0.31, 0.18, 0.86) #fs:  14  -- #Conts: 23 H(6)  G(17) 
   3379406 441.41 || noQ Q (Avg,Max,Min) (1.02, 1.07, 0.84) (0.32, 0.18, 0.99) #fs:  17  -- #Conts: 28 G(28) 
   3479330 425.65 || noQ Q (Avg,Max,Min) (1.09, 1.43, 0.94) (0.40, 0.12, 0.78) #fs:  11  -- #Conts: 21 H(6)  G(15) 
   3479917 394.12 || noQ Q (Avg,Max,Min) (1.07, 1.43, 0.94) (0.42, 0.12, 0.78) #fs:  12  -- #Conts: 20 H(5)  G(15) 
   3480849 378.35 || noQ Q (Avg,Max,Min) (1.08, 1.43, 0.94) (0.45, 0.12, 0.78) #fs:  12  -- #Conts: 19 H(5)  G(14) 
   3483817 362.59 || noQ Q (Avg,Max,Min) (1.06, 1.42, 0.94) (0.45, 0.12, 0.78) #fs:  13  -- #Conts: 19 H(4)  G(15) 
   3484749 346.82 || noQ Q (Avg,Max,Min) (1.06, 1.42, 0.94) (0.47, 0.12, 0.78) #fs:  13  -- #Conts: 18 H(4)  G(14) 
   3486398 331.06 || noQ Q (Avg,Max,Min) (1.05, 1.31, 0.94) (0.48, 0.12, 0.78) #fs:  14  -- #Conts: 18 H(3)  G(15) 
   3487330 315.29 || noQ Q (Avg,Max,Min) (1.05, 1.31, 0.94) (0.50, 0.12, 0.78) #fs:  14  -- #Conts: 17 H(3)  G(14) 
   3487400 299.53 || noQ Q (Avg,Max,Min) (1.03, 1.31, 0.72) (0.51, 0.12, 0.78) #fs:  15  -- #Conts: 17 H(2)  G(15) 
   3488332 283.76 || noQ Q (Avg,Max,Min) (1.04, 1.31, 0.94) (0.54, 0.12, 0.78) #fs:  15  -- #Conts: 16 H(2)  G(14) 
   3495606 268.00 || noQ Q (Avg,Max,Min) (1.00, 1.30, 0.72) (0.54, 0.36, 0.78) #fs:  16  -- #Conts: 16 H(1)  G(15) 
   3496538 252.24 || noQ Q (Avg,Max,Min) (1.02, 1.30, 0.94) (0.58, 0.36, 0.78) #fs:  16  -- #Conts: 15 H(1)  G(14) 
   3982047 236.47 || noQ Q (Avg,Max,Min) (0.94, 1.07, 0.68) (0.59, 0.36, 0.89) #fs:  18  -- #Conts: 15 G(15) 
   3983053 220.71 || noQ Q (Avg,Max,Min) (0.95, 1.07, 0.82) (0.64, 0.36, 0.90) #fs:  18  -- #Conts: 14 G(14) 
   4105372 195.88 || noQ Q (Avg,Max,Min) (0.97, 1.30, 0.78) (0.74, 0.39, 0.96) #fs:  16  -- #Conts: 12 H(1)  G(10)  E(1) 
   4106486 189.18 || noQ Q (Avg,Max,Min) (0.98, 1.30, 0.78) (0.79, 0.50, 0.96) #fs:  16  -- #Conts: 11 H(1)  G(10) 
   4147545 186.82 || noQ Q (Avg,Max,Min) (0.99, 1.26, 0.78) (0.76, 0.39, 0.96) #fs:  16  -- #Conts: 12 H(1)  G(9)  E(2) 
   4148008 180.12 || noQ Q (Avg,Max,Min) (1.01, 1.26, 0.96) (0.81, 0.39, 0.96) #fs:  16  -- #Conts: 11 H(1)  G(9)  E(1) 
   6368977 177.41 || noQ Q (Avg,Max,Min) (1.01, 1.03, 0.94) (0.78, 0.60, 0.93) #fs:  13  -- #Conts: 11 G(10)  C(1) 
   6394546 173.41 || noQ Q (Avg,Max,Min) (1.02, 1.09, 0.94) (0.80, 0.60, 0.97) #fs:  12  -- #Conts: 10 G(10) 
   7021936 170.59 || noQ Q (Avg,Max,Min) (1.02, 1.06, 0.70) (0.71, 0.40, 1.03) #fs:   4  -- #Conts: 16 G(6)  E(5)  C(5) 
   7027144 167.88 || noQ Q (Avg,Max,Min) (1.04, 1.06, 0.99) (0.71, 0.40, 1.03) #fs:   3  -- #Conts: 17 G(6)  E(5)  C(6) 
   7641184 166.12 || noQ Q (Avg,Max,Min) (0.97, 1.06, 0.82) (0.81, 0.66, 1.03) #fs:   8  -- #Conts: 12 G(6)  C(6) 
   8373482 163.76 || noQ Q (Avg,Max,Min) (0.94, 1.06, 0.81) (0.79, 0.48, 1.03) #fs:   9  -- #Conts: 13 G(6)  E(1)  C(6) 
   9331031 161.06 || noQ Q (Avg,Max,Min) (0.98, 1.19, 0.82) (0.77, 0.02, 1.03) #fs:   9  -- #Conts: 13 G(6)  E(1)  C(6) 
   9352700 154.35 || noQ Q (Avg,Max,Min) (0.97, 1.06, 0.82) (0.83, 0.66, 1.03) #fs:   9  -- #Conts: 12 G(6)  C(6) 
   9866217 153.29 || noQ Q (Avg,Max,Min) (0.95, 1.06, 0.82) (0.85, 0.67, 1.03) #fs:   9  -- #Conts: 13 G(6)  E(1)  C(6) 
  17773960 152.29 || noQ Q (Avg,Max,Min) (0.95, 1.06, 0.82) (0.85, 0.67, 1.03) #fs:   8  -- #Conts: 14 G(6)  A(1)  E(1)  C(6) 
  18056686 148.29 || noQ Q (Avg,Max,Min) (1.03, 1.24, 0.83) (0.88, 0.66, 1.03) #fs:   3  -- #Conts: 19 G(6)  A(5)  E(1)  C(7) 
  18076485 147.29 || noQ Q (Avg,Max,Min) (1.04, 1.24, 1.01) (0.89, 0.66, 1.03) #fs:   2  -- #Conts: 20 G(6)  A(6)  E(1)  C(7) 
  20906174 145.53 || noQ Q (Avg,Max,Min) (1.03, 1.06, 0.99) (0.93, 0.68, 1.01) #fs:   4  -- #Conts: 14 G(5)  A(4)  E(1)  C(4) 
  26308692 143.53 || noQ Q (Avg,Max,Min) (1.03, 1.12, 0.96) (0.94, 0.68, 1.01) #fs:   5  -- #Conts: 15 G(5)  A(5)  E(1)  C(4) 
  33068996 141.53 || noQ Q (Avg,Max,Min) (1.03, 1.06, 0.96) (0.95, 0.69, 1.03) #fs:   3  -- #Conts: 15 G(5)  A(5)  E(1)  C(4) 
  36610853 140.82 || noQ Q (Avg,Max,Min) (1.02, 1.06, 0.96) (0.98, 0.91, 1.01) #fs:   4  -- #Conts: 17 G(5)  A(10)  C(2) 
/////////////////size: 46
nodes 50 edges 108
 mulT: 1000 mulD: 500  sumData GB 468
pareto /MONTAGE.n.50.0.dax time -> 5823.0
moheft /MONTAGE.n.50.0.dax time -> 927.0
distance from M to C 1.5491953556564497
distance from P to C 8.714635540549002
distance from C to M 6.037689866531688
distance from C to P 1.038539553752537
toCompare: /MONTAGE.n.50.0.dax sumDataGB: 468 mulT: 1000 mulD: 500 paretoOptTime_MS: 5823.0 MoheftOptimizationTime_MS: 927.0 MtoC 1.5491953556564497 PtoC 8.714635540549002 CtoM 6.037689866531688 CtoP 1.038539553752537
