specify -Dflow d,b,mt,md,size
Running /home/vaggelis/jc/LIGO.n.50.0.dax mt 10 md: 100 size null
    475187 362.59 || noQ Q (Avg,Max,Min) (0.87, 1.00, 0.67) (0.10, 0.07, 0.12) #fs:  15  -- #Conts: 12 H(11)  G(1) 
    478828 346.82 || noQ Q (Avg,Max,Min) (0.89, 1.00, 0.76) (0.11, 0.08, 0.12) #fs:  15  -- #Conts: 12 H(10)  G(2) 
    500374 331.06 || noQ Q (Avg,Max,Min) (0.88, 1.00, 0.77) (0.11, 0.09, 0.14) #fs:  16  -- #Conts: 12 H(9)  G(3) 
    565372 315.29 || noQ Q (Avg,Max,Min) (0.86, 1.00, 0.79) (0.12, 0.09, 0.16) #fs:  15  -- #Conts: 12 H(8)  G(4) 
    624707 299.53 || noQ Q (Avg,Max,Min) (0.83, 1.00, 0.71) (0.12, 0.09, 0.17) #fs:  16  -- #Conts: 12 H(7)  G(5) 
    652130 283.76 || noQ Q (Avg,Max,Min) (0.82, 1.00, 0.68) (0.13, 0.09, 0.18) #fs:  17  -- #Conts: 12 H(6)  G(6) 
    673690 268.00 || noQ Q (Avg,Max,Min) (0.84, 1.00, 0.67) (0.14, 0.09, 0.19) #fs:  17  -- #Conts: 12 H(5)  G(7) 
    692755 252.24 || noQ Q (Avg,Max,Min) (0.84, 1.00, 0.65) (0.14, 0.09, 0.19) #fs:  17  -- #Conts: 12 H(4)  G(8) 
    714934 236.47 || noQ Q (Avg,Max,Min) (0.85, 1.00, 0.63) (0.15, 0.09, 0.19) #fs:  17  -- #Conts: 12 H(3)  G(9) 
    749042 220.71 || noQ Q (Avg,Max,Min) (0.86, 1.00, 0.60) (0.16, 0.09, 0.20) #fs:  17  -- #Conts: 12 H(2)  G(10) 
    768700 204.94 || noQ Q (Avg,Max,Min) (0.87, 1.00, 0.68) (0.16, 0.09, 0.21) #fs:  16  -- #Conts: 12 H(1)  G(11) 
    812350 189.18 || noQ Q (Avg,Max,Min) (0.85, 1.00, 0.63) (0.17, 0.11, 0.21) #fs:  15  -- #Conts: 12 G(12) 
    922969 180.12 || noQ Q (Avg,Max,Min) (0.87, 1.00, 0.67) (0.18, 0.12, 0.25) #fs:  16  -- #Conts: 12 G(11)  E(1) 
    983915 171.06 || noQ Q (Avg,Max,Min) (0.85, 1.00, 0.72) (0.19, 0.14, 0.27) #fs:  17  -- #Conts: 12 G(10)  E(2) 
   1104324 157.65 || noQ Q (Avg,Max,Min) (0.90, 1.01, 0.79) (0.24, 0.19, 0.27) #fs:   4  -- #Conts: 5 H(5) 
   1195430 141.88 || noQ Q (Avg,Max,Min) (0.89, 1.00, 0.78) (0.26, 0.21, 0.32) #fs:   6  -- #Conts: 5 H(4)  G(1) 
   1209975 126.12 || noQ Q (Avg,Max,Min) (0.93, 1.00, 0.85) (0.30, 0.28, 0.31) #fs:   3  -- #Conts: 4 H(4) 
   1459394 110.35 || noQ Q (Avg,Max,Min) (0.85, 1.00, 0.71) (0.29, 0.21, 0.35) #fs:   6  -- #Conts: 7 G(7) 
   1521512 094.59 || noQ Q (Avg,Max,Min) (0.90, 1.00, 0.79) (0.34, 0.31, 0.38) #fs:   5  -- #Conts: 6 G(6) 
   1822004 089.53 || noQ Q (Avg,Max,Min) (0.80, 1.00, 0.42) (0.36, 0.21, 0.46) #fs:  15  -- #Conts: 12 G(1)  E(11) 
   1828510 077.76 || noQ Q (Avg,Max,Min) (0.87, 1.00, 0.67) (0.39, 0.27, 0.47) #fs:  14  -- #Conts: 12 E(11)  C(1) 
   1848904 075.06 || noQ Q (Avg,Max,Min) (0.89, 1.00, 0.76) (0.41, 0.31, 0.47) #fs:  14  -- #Conts: 12 E(10)  C(2) 
   1945761 072.35 || noQ Q (Avg,Max,Min) (0.87, 1.00, 0.76) (0.43, 0.35, 0.54) #fs:  15  -- #Conts: 12 E(9)  C(3) 
   2071697 063.06 || noQ Q (Avg,Max,Min) (0.93, 1.00, 0.85) (0.51, 0.48, 0.53) #fs:   3  -- #Conts: 4 G(4) 
   2654930 047.29 || noQ Q (Avg,Max,Min) (0.95, 1.00, 0.90) (0.67, 0.65, 0.70) #fs:   2  -- #Conts: 3 G(3) 
   3287806 046.94 || noQ Q (Avg,Max,Min) (0.85, 1.00, 0.71) (0.65, 0.48, 0.80) #fs:   6  -- #Conts: 7 E(7) 
   3302940 044.24 || noQ Q (Avg,Max,Min) (0.88, 1.00, 0.73) (0.70, 0.54, 0.83) #fs:   8  -- #Conts: 7 E(6)  C(1) 
   3427965 040.24 || noQ Q (Avg,Max,Min) (0.90, 1.00, 0.79) (0.76, 0.69, 0.86) #fs:   5  -- #Conts: 6 E(6) 
/////////////////size: 28
   1468361 159.65 || noQ Q (Avg,Max,Min) (0.95, 1.01, 0.81) (0.23, 0.05, 0.41) #fs:   5  -- #Conts: 7 H(5)  A(2) 
   1500758 128.12 || noQ Q (Avg,Max,Min) (0.94, 1.01, 0.82) (0.26, 0.10, 0.42) #fs:   6  -- #Conts: 6 H(4)  A(2) 
   1619468 112.35 || noQ Q (Avg,Max,Min) (0.94, 1.01, 0.83) (0.27, 0.06, 0.45) #fs:   5  -- #Conts: 6 H(3)  A(2)  G(1) 
   1645458 096.59 || noQ Q (Avg,Max,Min) (0.93, 1.01, 0.83) (0.31, 0.10, 0.46) #fs:   5  -- #Conts: 5 H(3)  A(2) 
   1811943 095.59 || noQ Q (Avg,Max,Min) (0.90, 1.00, 0.81) (0.38, 0.28, 0.51) #fs:   4  -- #Conts: 4 H(3)  A(1) 
   1945689 091.53 || noQ Q (Avg,Max,Min) (0.99, 1.01, 0.88) (0.27, 0.05, 0.54) #fs:   2  -- #Conts: 7 H(2)  A(2)  G(1)  E(1)  C(1) 
   1966378 084.82 || noQ Q (Avg,Max,Min) (0.98, 1.01, 0.88) (0.30, 0.05, 0.54) #fs:   2  -- #Conts: 6 H(2)  A(2)  G(1)  C(1) 
   2025257 082.47 || noQ Q (Avg,Max,Min) (0.98, 1.01, 0.88) (0.28, 0.05, 0.56) #fs:   2  -- #Conts: 7 H(2)  A(2)  E(2)  C(1) 
   2081606 075.76 || noQ Q (Avg,Max,Min) (0.93, 1.01, 0.71) (0.33, 0.05, 0.56) #fs:   4  -- #Conts: 6 H(2)  A(2)  E(1)  C(1) 
   2155138 069.06 || noQ Q (Avg,Max,Min) (0.98, 1.01, 0.88) (0.34, 0.05, 0.60) #fs:   2  -- #Conts: 5 H(2)  A(2)  C(1) 
   2248133 065.06 || noQ Q (Avg,Max,Min) (0.95, 1.01, 0.82) (0.39, 0.05, 0.60) #fs:   2  -- #Conts: 4 H(2)  A(2) 
   2254308 064.06 || noQ Q (Avg,Max,Min) (0.93, 1.01, 0.82) (0.50, 0.34, 0.60) #fs:   2  -- #Conts: 3 H(2)  A(1) 
   2752731 063.06 || noQ Q (Avg,Max,Min) (0.99, 1.00, 0.97) (0.50, 0.09, 0.74) #fs:   2  -- #Conts: 3 H(1)  G(2) 
   2820963 047.29 || noQ Q (Avg,Max,Min) (1.00, 1.00, 0.99) (0.73, 0.68, 0.79) #fs:   1  -- #Conts: 2 H(1)  G(1) 
   3536021 047.24 || noQ Q (Avg,Max,Min) (0.98, 1.00, 0.91) (0.50, 0.25, 0.99) #fs:   1  -- #Conts: 5 H(1)  A(1)  E(1)  C(2) 
   3539177 046.94 || noQ Q (Avg,Max,Min) (0.98, 1.01, 0.91) (0.46, 0.05, 0.99) #fs:   1  -- #Conts: 5 H(1)  A(2)  E(2) 
   3545244 045.94 || noQ Q (Avg,Max,Min) (0.98, 1.00, 0.91) (0.57, 0.32, 0.99) #fs:   1  -- #Conts: 4 H(1)  A(1)  E(2) 
   3876252 044.24 || noQ Q (Avg,Max,Min) (0.98, 1.01, 0.90) (0.48, 0.05, 0.99) #fs:   1  -- #Conts: 5 H(1)  A(2)  E(1)  C(1) 
   3882319 043.24 || noQ Q (Avg,Max,Min) (0.98, 1.00, 0.90) (0.59, 0.31, 0.99) #fs:   1  -- #Conts: 4 H(1)  A(1)  E(1)  C(1) 
   4382970 040.24 || noQ Q (Avg,Max,Min) (0.98, 1.01, 0.90) (0.57, 0.05, 1.00) #fs:   1  -- #Conts: 4 H(1)  A(2)  E(1) 
   4389037 039.24 || noQ Q (Avg,Max,Min) (0.97, 1.00, 0.91) (0.74, 0.61, 1.00) #fs:   1  -- #Conts: 3 H(1)  A(1)  E(1) 
   7335040 038.53 || noQ Q (Avg,Max,Min) (0.94, 1.00, 0.82) (0.79, 0.56, 1.00) #fs:   2  -- #Conts: 3 H(1)  A(1)  C(1) 
   7408434 037.53 || noQ Q (Avg,Max,Min) (1.00, 1.00, 1.00) (0.84, 0.53, 1.00) #fs:   0  -- #Conts: 3 H(1)  A(1)  C(1) 
  10941043 037.47 || noQ Q (Avg,Max,Min) (0.95, 1.00, 0.76) (0.75, 0.55, 1.00) #fs:   4  -- #Conts: 8 G(1)  A(5)  E(1)  C(1) 
  13062923 036.47 || noQ Q (Avg,Max,Min) (0.94, 1.00, 0.83) (0.80, 0.65, 1.00) #fs:   4  -- #Conts: 6 G(1)  A(3)  E(1)  C(1) 
  16837037 035.47 || noQ Q (Avg,Max,Min) (0.93, 1.00, 0.84) (0.85, 0.65, 1.00) #fs:   4  -- #Conts: 5 G(1)  A(2)  E(1)  C(1) 
/////////////////size: 26
nodes 50 edges 60
 mulT: 10 mulD: 100  sumData GB 144
pareto /LIGO.n.50.0.dax time -> 1321.0
moheft /LIGO.n.50.0.dax time -> 214.0
distance from M to C 1.7172584152175374
distance from P to C 0.0
distance from C to M 0.46004689132921434
distance from C to P 0.8829595782050516
toCompare: /LIGO.n.50.0.dax sumDataGB: 144 mulT: 10 mulD: 100 paretoOptTime_MS: 1321.0 MoheftOptimizationTime_MS: 214.0 MtoC 1.7172584152175374 PtoC 0.0 CtoM 0.46004689132921434 CtoP 0.8829595782050516
