specify -Dflow d,b,mt,md,size
Running /home/vaggelis/jc/CYBERSHAKE.n.100.0.dax mt 5000 md: 100 size null
  39711553 3562.82 || noQ Q (Avg,Max,Min) (1.02, 1.09, 0.88) (1.00, 0.86, 1.08) #fs:  21  -- #Conts: 25 H(25) 
  41080108 3531.29 || noQ Q (Avg,Max,Min) (1.03, 1.09, 0.87) (1.01, 0.87, 1.08) #fs:  19  -- #Conts: 24 H(24) 
  41464990 3499.76 || noQ Q (Avg,Max,Min) (1.03, 1.09, 0.87) (1.02, 0.87, 1.08) #fs:  18  -- #Conts: 24 H(24) 
  43635060 3468.24 || noQ Q (Avg,Max,Min) (1.04, 1.09, 0.88) (1.02, 0.87, 1.08) #fs:  14  -- #Conts: 23 H(23) 
  45084219 3436.71 || noQ Q (Avg,Max,Min) (1.04, 1.09, 0.88) (1.03, 0.87, 1.09) #fs:  10  -- #Conts: 20 H(20) 
  66560571 3074.12 || noQ Q (Avg,Max,Min) (0.98, 1.06, 0.05) (0.97, 0.03, 1.05) #fs:  10  -- #Conts: 28 H(2)  G(26) 
  66644921 3026.82 || noQ Q (Avg,Max,Min) (0.98, 1.06, 0.08) (0.97, 0.06, 1.05) #fs:  10  -- #Conts: 28 H(1)  G(27) 
  66959201 2932.24 || noQ Q (Avg,Max,Min) (1.03, 1.06, 0.96) (0.99, 0.10, 1.05) #fs:   8  -- #Conts: 28 H(1)  G(27) 
  67220688 2916.47 || noQ Q (Avg,Max,Min) (1.03, 1.06, 0.96) (0.99, 0.17, 1.05) #fs:   8  -- #Conts: 28 G(28) 
 148615901 2849.06 || noQ Q (Avg,Max,Min) (0.99, 1.03, 0.48) (0.99, 0.47, 1.02) #fs:   9  -- #Conts: 26 G(1)  E(25) 
 150129702 2756.12 || noQ Q (Avg,Max,Min) (1.01, 1.03, 0.96) (1.01, 0.96, 1.02) #fs:   8  -- #Conts: 26 E(26) 
 150475472 2742.71 || noQ Q (Avg,Max,Min) (1.02, 1.03, 1.00) (1.01, 0.98, 1.03) #fs:   5  -- #Conts: 23 E(23) 
 151434621 2736.00 || noQ Q (Avg,Max,Min) (1.02, 1.03, 1.00) (1.01, 0.98, 1.03) #fs:   4  -- #Conts: 23 E(23) 
 166484924 2729.29 || noQ Q (Avg,Max,Min) (1.00, 1.03, 0.69) (0.99, 0.69, 1.03) #fs:   4  -- #Conts: 22 E(22) 
/////////////////size: 14
  39262480 3594.35 || noQ Q (Avg,Max,Min) (1.04, 1.12, 0.86) (0.93, 0.77, 1.07) #fs:  12  -- #Conts: 41 H(27)  G(14) 
  39711507 3515.53 || noQ Q (Avg,Max,Min) (1.04, 1.11, 0.90) (0.95, 0.77, 1.07) #fs:  13  -- #Conts: 40 H(25)  G(15) 
  39756769 3484.00 || noQ Q (Avg,Max,Min) (1.04, 1.11, 0.88) (0.96, 0.78, 1.10) #fs:  14  -- #Conts: 40 H(24)  G(16) 
  39998144 3468.24 || noQ Q (Avg,Max,Min) (1.04, 1.12, 0.83) (0.96, 0.77, 1.09) #fs:  15  -- #Conts: 40 H(23)  G(17) 
  40169083 3452.47 || noQ Q (Avg,Max,Min) (1.05, 1.11, 0.88) (0.95, 0.77, 1.07) #fs:  12  -- #Conts: 43 H(19)  G(24) 
  40178285 3420.94 || noQ Q (Avg,Max,Min) (1.05, 1.11, 0.88) (0.95, 0.77, 1.07) #fs:  11  -- #Conts: 43 H(19)  G(24) 
  40367853 3405.18 || noQ Q (Avg,Max,Min) (1.05, 1.11, 0.90) (0.95, 0.78, 1.09) #fs:  11  -- #Conts: 43 H(19)  G(24) 
  40524842 3389.41 || noQ Q (Avg,Max,Min) (1.05, 1.11, 0.90) (0.96, 0.78, 1.11) #fs:  11  -- #Conts: 41 H(19)  G(22) 
  40805019 3373.65 || noQ Q (Avg,Max,Min) (1.05, 1.11, 0.91) (0.96, 0.78, 1.11) #fs:  13  -- #Conts: 42 H(17)  G(25) 
  41552880 3357.88 || noQ Q (Avg,Max,Min) (1.05, 1.11, 0.97) (0.97, 0.80, 1.07) #fs:   8  -- #Conts: 38 H(17)  G(21) 
  41735238 3326.35 || noQ Q (Avg,Max,Min) (1.05, 1.09, 1.00) (0.97, 0.80, 1.07) #fs:   9  -- #Conts: 39 H(15)  G(24) 
  42005333 3316.94 || noQ Q (Avg,Max,Min) (1.04, 1.08, 0.89) (0.97, 0.79, 1.08) #fs:  12  -- #Conts: 38 H(15)  G(21)  E(2) 
  42034297 3301.18 || noQ Q (Avg,Max,Min) (1.05, 1.09, 0.91) (0.98, 0.82, 1.08) #fs:  10  -- #Conts: 38 H(15)  G(21)  E(2) 
  42146074 3285.41 || noQ Q (Avg,Max,Min) (1.05, 1.09, 0.91) (0.98, 0.82, 1.08) #fs:  10  -- #Conts: 38 H(15)  G(21)  E(2) 
  42280577 3269.65 || noQ Q (Avg,Max,Min) (1.04, 1.09, 0.92) (0.99, 0.82, 1.08) #fs:  10  -- #Conts: 37 H(15)  G(20)  E(2) 
  42783802 3261.88 || noQ Q (Avg,Max,Min) (1.04, 1.09, 0.86) (0.94, 0.18, 1.08) #fs:   5  -- #Conts: 42 H(11)  G(27)  E(2)  C(2) 
  42795665 3257.88 || noQ Q (Avg,Max,Min) (1.04, 1.09, 0.86) (0.95, 0.18, 1.08) #fs:   5  -- #Conts: 41 H(11)  G(27)  E(2)  C(1) 
  42798995 3253.88 || noQ Q (Avg,Max,Min) (1.04, 1.09, 0.86) (0.97, 0.82, 1.08) #fs:   5  -- #Conts: 40 H(11)  G(27)  E(2) 
  42808383 3242.12 || noQ Q (Avg,Max,Min) (1.04, 1.09, 0.84) (0.96, 0.27, 1.08) #fs:   7  -- #Conts: 41 H(11)  G(27)  E(2)  C(1) 
  42842885 3238.12 || noQ Q (Avg,Max,Min) (1.04, 1.09, 0.84) (0.97, 0.80, 1.08) #fs:   6  -- #Conts: 40 H(11)  G(27)  E(2) 
  42863142 3226.35 || noQ Q (Avg,Max,Min) (1.04, 1.09, 0.86) (0.96, 0.18, 1.08) #fs:   5  -- #Conts: 41 H(11)  G(27)  E(2)  C(1) 
  42864010 3222.35 || noQ Q (Avg,Max,Min) (1.05, 1.09, 0.86) (0.98, 0.82, 1.08) #fs:   5  -- #Conts: 40 H(11)  G(27)  E(2) 
  43297181 3206.59 || noQ Q (Avg,Max,Min) (1.05, 1.08, 0.93) (0.99, 0.80, 1.07) #fs:   8  -- #Conts: 38 H(11)  G(25)  E(2) 
  43876382 3205.88 || noQ Q (Avg,Max,Min) (1.04, 1.08, 0.85) (0.96, 0.18, 1.08) #fs:  11  -- #Conts: 40 H(9)  G(27)  E(3)  C(1) 
  43886110 3201.88 || noQ Q (Avg,Max,Min) (1.04, 1.08, 0.85) (0.98, 0.82, 1.08) #fs:  11  -- #Conts: 39 H(9)  G(27)  E(3) 
  43949626 3186.12 || noQ Q (Avg,Max,Min) (1.04, 1.08, 0.85) (0.98, 0.82, 1.08) #fs:  10  -- #Conts: 39 H(9)  G(27)  E(3) 
  43973273 3177.06 || noQ Q (Avg,Max,Min) (1.04, 1.08, 0.85) (0.98, 0.82, 1.08) #fs:  11  -- #Conts: 39 H(9)  G(27)  E(3) 
  43974503 3174.35 || noQ Q (Avg,Max,Min) (1.04, 1.08, 0.85) (0.97, 0.18, 1.08) #fs:   9  -- #Conts: 40 H(9)  G(27)  E(3)  C(1) 
  44020997 3170.35 || noQ Q (Avg,Max,Min) (1.04, 1.08, 0.85) (0.99, 0.82, 1.08) #fs:   9  -- #Conts: 39 H(9)  G(27)  E(3) 
  44084681 3168.00 || noQ Q (Avg,Max,Min) (1.04, 1.08, 0.85) (0.98, 0.82, 1.08) #fs:   8  -- #Conts: 39 H(9)  G(27)  E(3) 
  44119398 3165.29 || noQ Q (Avg,Max,Min) (1.04, 1.08, 0.85) (0.96, 0.18, 1.08) #fs:   7  -- #Conts: 40 H(9)  G(27)  E(3)  C(1) 
  44122294 3158.59 || noQ Q (Avg,Max,Min) (1.04, 1.08, 0.85) (0.97, 0.18, 1.08) #fs:   6  -- #Conts: 40 H(9)  G(27)  E(3)  C(1) 
  44237979 3154.59 || noQ Q (Avg,Max,Min) (1.04, 1.08, 0.85) (0.99, 0.82, 1.08) #fs:   6  -- #Conts: 39 H(9)  G(27)  E(3) 
  44888507 3123.06 || noQ Q (Avg,Max,Min) (1.04, 1.08, 0.98) (0.99, 0.82, 1.08) #fs:   5  -- #Conts: 38 H(6)  G(29)  E(3) 
  45255555 3112.00 || noQ Q (Avg,Max,Min) (1.04, 1.08, 0.88) (0.99, 0.84, 1.08) #fs:   7  -- #Conts: 37 H(6)  G(29)  E(2) 
  45382103 3096.24 || noQ Q (Avg,Max,Min) (1.04, 1.08, 0.96) (1.00, 0.84, 1.08) #fs:   7  -- #Conts: 36 H(6)  G(28)  E(2) 
  46826344 3082.12 || noQ Q (Avg,Max,Min) (1.04, 1.07, 0.92) (0.98, 0.83, 1.05) #fs:   8  -- #Conts: 35 H(3)  G(28)  E(4) 
  47094493 3070.71 || noQ Q (Avg,Max,Min) (1.04, 1.07, 0.91) (0.99, 0.83, 1.06) #fs:   8  -- #Conts: 36 H(3)  G(28)  E(5) 
  47285032 3060.00 || noQ Q (Avg,Max,Min) (1.03, 1.07, 0.87) (1.00, 0.83, 1.06) #fs:  10  -- #Conts: 35 H(2)  G(30)  E(3) 
  47406946 3044.24 || noQ Q (Avg,Max,Min) (1.03, 1.07, 0.87) (0.99, 0.83, 1.06) #fs:   8  -- #Conts: 35 H(2)  G(30)  E(3) 
  47406992 3028.47 || noQ Q (Avg,Max,Min) (1.03, 1.07, 0.87) (1.00, 0.83, 1.06) #fs:   9  -- #Conts: 35 H(2)  G(30)  E(3) 
  47669210 3026.12 || noQ Q (Avg,Max,Min) (1.03, 1.07, 0.88) (1.00, 0.83, 1.06) #fs:   9  -- #Conts: 34 H(2)  G(29)  E(3) 
  48554493 3010.35 || noQ Q (Avg,Max,Min) (1.03, 1.07, 0.88) (1.00, 0.88, 1.06) #fs:   7  -- #Conts: 34 H(2)  G(29)  E(3) 
  48791725 2999.29 || noQ Q (Avg,Max,Min) (1.04, 1.07, 0.95) (1.01, 0.89, 1.06) #fs:   6  -- #Conts: 33 H(2)  G(29)  E(2) 
  49173612 2991.53 || noQ Q (Avg,Max,Min) (1.04, 1.06, 0.97) (1.01, 0.85, 1.05) #fs:   4  -- #Conts: 35 H(2)  G(27)  E(6) 
  49353991 2975.76 || noQ Q (Avg,Max,Min) (1.04, 1.06, 0.97) (1.01, 0.85, 1.05) #fs:   5  -- #Conts: 35 H(2)  G(27)  E(6) 
  49647900 2973.76 || noQ Q (Avg,Max,Min) (1.04, 1.06, 0.94) (0.99, 0.29, 1.06) #fs:   6  -- #Conts: 35 H(2)  G(27)  E(6) 
  49720451 2971.06 || noQ Q (Avg,Max,Min) (1.04, 1.06, 0.97) (0.99, 0.18, 1.06) #fs:   4  -- #Conts: 35 H(2)  G(27)  E(5)  C(1) 
  49828455 2967.06 || noQ Q (Avg,Max,Min) (1.04, 1.06, 0.97) (1.02, 0.85, 1.06) #fs:   4  -- #Conts: 34 H(2)  G(27)  E(5) 
  50108761 2966.00 || noQ Q (Avg,Max,Min) (1.03, 1.06, 0.90) (0.99, 0.27, 1.05) #fs:  11  -- #Conts: 35 H(2)  G(25)  E(7)  C(1) 
  50180329 2962.00 || noQ Q (Avg,Max,Min) (1.03, 1.06, 0.90) (1.02, 0.86, 1.05) #fs:  10  -- #Conts: 34 H(2)  G(25)  E(7) 
  50849345 2952.94 || noQ Q (Avg,Max,Min) (1.04, 1.06, 0.96) (0.99, 0.13, 1.05) #fs:   5  -- #Conts: 35 H(2)  G(25)  E(8) 
  51181823 2950.24 || noQ Q (Avg,Max,Min) (1.04, 1.06, 0.96) (1.00, 0.22, 1.05) #fs:   5  -- #Conts: 35 H(2)  G(25)  E(7)  C(1) 
  53247118 2945.94 || noQ Q (Avg,Max,Min) (1.02, 1.06, 0.60) (0.99, 0.41, 1.05) #fs:   9  -- #Conts: 34 H(2)  G(18)  A(1)  E(11)  C(2) 
  53258690 2943.24 || noQ Q (Avg,Max,Min) (1.02, 1.06, 0.60) (0.99, 0.41, 1.05) #fs:   8  -- #Conts: 34 H(2)  G(18)  A(1)  E(11)  C(2) 
  53282487 2939.24 || noQ Q (Avg,Max,Min) (1.02, 1.06, 0.60) (1.00, 0.41, 1.05) #fs:   9  -- #Conts: 34 H(2)  G(18)  A(1)  E(11)  C(2) 
  53336804 2938.24 || noQ Q (Avg,Max,Min) (1.02, 1.06, 0.60) (1.00, 0.41, 1.05) #fs:   8  -- #Conts: 34 H(2)  G(18)  A(1)  E(11)  C(2) 
  53343550 2937.24 || noQ Q (Avg,Max,Min) (1.02, 1.06, 0.60) (1.00, 0.41, 1.05) #fs:   8  -- #Conts: 34 H(2)  G(18)  A(1)  E(11)  C(2) 
  53348376 2935.24 || noQ Q (Avg,Max,Min) (1.03, 1.06, 0.98) (1.01, 0.81, 1.05) #fs:   7  -- #Conts: 33 H(2)  G(18)  A(1)  E(11)  C(1) 
  53351324 2934.24 || noQ Q (Avg,Max,Min) (1.03, 1.06, 0.98) (1.02, 0.82, 1.05) #fs:   7  -- #Conts: 33 H(2)  G(18)  A(1)  E(11)  C(1) 
  53357424 2933.24 || noQ Q (Avg,Max,Min) (1.03, 1.06, 0.98) (1.02, 0.82, 1.05) #fs:   8  -- #Conts: 33 H(2)  G(18)  A(1)  E(11)  C(1) 
  53449634 2932.24 || noQ Q (Avg,Max,Min) (1.03, 1.06, 0.98) (1.02, 0.97, 1.05) #fs:   7  -- #Conts: 32 H(2)  G(18)  E(11)  C(1) 
  53797764 2930.53 || noQ Q (Avg,Max,Min) (1.03, 1.07, 1.00) (1.01, 0.58, 1.06) #fs:   3  -- #Conts: 33 H(2)  G(18)  A(1)  E(10)  C(2) 
  53806444 2929.53 || noQ Q (Avg,Max,Min) (1.03, 1.07, 1.00) (1.01, 0.58, 1.06) #fs:   3  -- #Conts: 33 H(2)  G(18)  A(1)  E(10)  C(2) 
  53867199 2928.53 || noQ Q (Avg,Max,Min) (1.03, 1.07, 1.00) (1.01, 0.58, 1.06) #fs:   3  -- #Conts: 33 H(2)  G(18)  A(1)  E(10)  C(2) 
  53880758 2927.53 || noQ Q (Avg,Max,Min) (1.03, 1.07, 1.00) (1.01, 0.58, 1.06) #fs:   3  -- #Conts: 32 H(2)  G(18)  E(10)  C(2) 
  53899023 2926.53 || noQ Q (Avg,Max,Min) (1.03, 1.07, 1.00) (1.01, 0.79, 1.06) #fs:   3  -- #Conts: 33 H(2)  G(18)  A(2)  E(10)  C(1) 
  53901915 2925.53 || noQ Q (Avg,Max,Min) (1.03, 1.07, 1.00) (1.02, 0.87, 1.06) #fs:   3  -- #Conts: 32 H(2)  G(18)  A(1)  E(10)  C(1) 
  53918368 2924.53 || noQ Q (Avg,Max,Min) (1.03, 1.07, 1.00) (1.02, 0.92, 1.06) #fs:   3  -- #Conts: 32 H(2)  G(18)  A(1)  E(10)  C(1) 
  54008960 2923.53 || noQ Q (Avg,Max,Min) (1.04, 1.07, 1.01) (1.03, 0.99, 1.06) #fs:   3  -- #Conts: 31 H(2)  G(18)  E(10)  C(1) 
  54182544 2921.82 || noQ Q (Avg,Max,Min) (1.04, 1.09, 1.00) (1.02, 0.90, 1.06) #fs:   3  -- #Conts: 32 H(2)  G(19)  A(1)  E(9)  C(1) 
  54772137 2920.82 || noQ Q (Avg,Max,Min) (1.04, 1.09, 1.00) (1.03, 0.95, 1.06) #fs:   4  -- #Conts: 32 H(2)  G(19)  A(1)  E(9)  C(1) 
  55318518 2911.00 || noQ Q (Avg,Max,Min) (1.03, 1.05, 0.98) (0.99, 0.31, 1.05) #fs:   3  -- #Conts: 34 H(2)  G(16)  A(1)  E(12)  C(3) 
  55324305 2910.00 || noQ Q (Avg,Max,Min) (1.03, 1.05, 0.98) (0.99, 0.31, 1.05) #fs:   3  -- #Conts: 33 H(2)  G(16)  E(12)  C(3) 
  55332984 2908.71 || noQ Q (Avg,Max,Min) (1.03, 1.05, 1.02) (1.02, 0.92, 1.05) #fs:   2  -- #Conts: 31 H(2)  G(16)  E(12)  C(1) 
  55445815 2906.00 || noQ Q (Avg,Max,Min) (1.03, 1.05, 1.00) (1.00, 0.18, 1.05) #fs:   2  -- #Conts: 32 H(2)  G(16)  E(12)  C(2) 
  55501039 2902.00 || noQ Q (Avg,Max,Min) (1.03, 1.05, 1.02) (1.03, 0.99, 1.05) #fs:   3  -- #Conts: 31 H(2)  G(16)  E(12)  C(1) 
  55823597 2900.00 || noQ Q (Avg,Max,Min) (1.03, 1.05, 1.00) (1.02, 0.85, 1.05) #fs:   3  -- #Conts: 33 H(2)  G(16)  A(2)  E(12)  C(1) 
  55830595 2899.00 || noQ Q (Avg,Max,Min) (1.03, 1.05, 1.00) (1.02, 0.85, 1.05) #fs:   2  -- #Conts: 32 H(2)  G(16)  A(1)  E(12)  C(1) 
  55995501 2898.00 || noQ Q (Avg,Max,Min) (1.03, 1.05, 1.02) (1.03, 0.95, 1.05) #fs:   2  -- #Conts: 31 H(2)  G(16)  E(12)  C(1) 
  58397169 2897.53 || noQ Q (Avg,Max,Min) (1.03, 1.06, 0.98) (0.98, 0.22, 1.05) #fs:   3  -- #Conts: 35 H(2)  G(13)  A(1)  E(17)  C(2) 
  58411635 2896.53 || noQ Q (Avg,Max,Min) (1.03, 1.06, 0.98) (0.99, 0.22, 1.05) #fs:   3  -- #Conts: 35 H(2)  G(13)  A(1)  E(17)  C(2) 
  59594062 2895.82 || noQ Q (Avg,Max,Min) (1.03, 1.06, 0.98) (0.98, 0.20, 1.06) #fs:   3  -- #Conts: 36 H(2)  G(12)  A(2)  E(18)  C(2) 
  60304600 2892.82 || noQ Q (Avg,Max,Min) (1.03, 1.06, 0.94) (1.00, 0.72, 1.06) #fs:   4  -- #Conts: 35 H(2)  G(12)  A(2)  E(18)  C(1) 
  63221864 2890.24 || noQ Q (Avg,Max,Min) (1.03, 1.06, 1.00) (0.96, 0.52, 1.06) #fs:   1  -- #Conts: 38 H(2)  G(12)  A(5)  E(17)  C(2) 
  64333897 2887.82 || noQ Q (Avg,Max,Min) (1.02, 1.05, 0.98) (0.95, 0.24, 1.05) #fs:   2  -- #Conts: 40 H(2)  G(12)  A(8)  E(16)  C(2) 
  64433897 2885.82 || noQ Q (Avg,Max,Min) (1.02, 1.05, 0.98) (0.96, 0.24, 1.05) #fs:   2  -- #Conts: 39 H(2)  G(12)  A(7)  E(16)  C(2) 
  64465787 2882.82 || noQ Q (Avg,Max,Min) (1.02, 1.05, 0.98) (0.98, 0.53, 1.05) #fs:   1  -- #Conts: 38 H(2)  G(12)  A(7)  E(16)  C(1) 
  64504936 2881.82 || noQ Q (Avg,Max,Min) (1.02, 1.05, 0.98) (0.99, 0.54, 1.05) #fs:   1  -- #Conts: 37 H(2)  G(12)  A(6)  E(16)  C(1) 
  64583234 2880.82 || noQ Q (Avg,Max,Min) (1.02, 1.05, 0.98) (0.99, 0.58, 1.05) #fs:   1  -- #Conts: 38 H(2)  G(12)  A(8)  E(16) 
  64611339 2879.82 || noQ Q (Avg,Max,Min) (1.02, 1.05, 0.98) (1.00, 0.77, 1.05) #fs:   2  -- #Conts: 37 H(2)  G(12)  A(7)  E(16) 
  64883375 2878.82 || noQ Q (Avg,Max,Min) (1.02, 1.05, 0.98) (1.01, 0.77, 1.05) #fs:   1  -- #Conts: 37 H(2)  G(12)  A(7)  E(16) 
  67117182 2876.71 || noQ Q (Avg,Max,Min) (1.02, 1.05, 0.94) (0.99, 0.56, 1.04) #fs:   3  -- #Conts: 35 H(2)  G(6)  A(1)  E(24)  C(2) 
  67449661 2874.00 || noQ Q (Avg,Max,Min) (1.02, 1.05, 0.94) (0.99, 0.56, 1.04) #fs:   4  -- #Conts: 35 H(2)  G(6)  A(1)  E(24)  C(2) 
  67534771 2872.71 || noQ Q (Avg,Max,Min) (1.02, 1.05, 0.94) (1.00, 0.83, 1.04) #fs:   3  -- #Conts: 35 H(2)  G(6)  A(1)  E(24)  C(2) 
  68171230 2870.00 || noQ Q (Avg,Max,Min) (1.02, 1.05, 0.94) (1.00, 0.83, 1.04) #fs:   4  -- #Conts: 35 H(2)  G(6)  A(1)  E(24)  C(2) 
  68582951 2864.06 || noQ Q (Avg,Max,Min) (1.02, 1.05, 0.95) (0.98, 0.27, 1.04) #fs:   2  -- #Conts: 36 H(2)  G(6)  A(3)  E(22)  C(3) 
  68941528 2863.06 || noQ Q (Avg,Max,Min) (1.02, 1.05, 0.78) (0.99, 0.49, 1.04) #fs:   3  -- #Conts: 35 H(2)  G(6)  A(2)  E(22)  C(3) 
  68987203 2862.06 || noQ Q (Avg,Max,Min) (1.01, 1.05, 0.77) (0.99, 0.49, 1.04) #fs:   3  -- #Conts: 35 H(2)  G(6)  A(2)  E(22)  C(3) 
  69032876 2861.06 || noQ Q (Avg,Max,Min) (1.01, 1.05, 0.75) (0.99, 0.49, 1.04) #fs:   3  -- #Conts: 35 H(2)  G(6)  A(2)  E(22)  C(3) 
  69988105 2859.82 || noQ Q (Avg,Max,Min) (1.02, 1.05, 1.00) (0.97, 0.20, 1.04) #fs:   1  -- #Conts: 36 H(2)  G(6)  A(4)  E(22)  C(2) 
  70038991 2855.82 || noQ Q (Avg,Max,Min) (1.02, 1.05, 1.00) (1.00, 0.69, 1.04) #fs:   1  -- #Conts: 35 H(2)  G(6)  A(4)  E(22)  C(1) 
  70360020 2854.82 || noQ Q (Avg,Max,Min) (1.02, 1.05, 1.00) (1.00, 0.69, 1.04) #fs:   1  -- #Conts: 34 H(2)  G(6)  A(3)  E(22)  C(1) 
  70681638 2853.82 || noQ Q (Avg,Max,Min) (1.02, 1.05, 1.00) (1.01, 0.87, 1.04) #fs:   2  -- #Conts: 33 H(2)  G(6)  A(2)  E(22)  C(1) 
  74739763 2846.35 || noQ Q (Avg,Max,Min) (1.02, 1.05, 0.96) (0.93, 0.18, 1.05) #fs:   6  -- #Conts: 34 G(10)  E(21)  C(3) 
  74775164 2844.65 || noQ Q (Avg,Max,Min) (1.02, 1.05, 0.93) (0.92, 0.18, 1.05) #fs:   7  -- #Conts: 35 G(10)  A(1)  E(20)  C(4) 
  74815165 2837.24 || noQ Q (Avg,Max,Min) (1.02, 1.05, 0.96) (0.93, 0.30, 1.05) #fs:   6  -- #Conts: 36 G(10)  A(3)  E(18)  C(5) 
  74820884 2836.18 || noQ Q (Avg,Max,Min) (1.02, 1.05, 0.96) (0.87, 0.18, 1.05) #fs:   4  -- #Conts: 39 G(10)  A(3)  E(19)  C(7) 
  74829246 2832.18 || noQ Q (Avg,Max,Min) (1.02, 1.05, 0.96) (0.90, 0.18, 1.05) #fs:   4  -- #Conts: 38 G(10)  A(3)  E(19)  C(6) 
  74921818 2829.47 || noQ Q (Avg,Max,Min) (1.02, 1.05, 0.96) (0.88, 0.18, 1.05) #fs:   5  -- #Conts: 39 G(10)  A(3)  E(19)  C(7) 
  74985790 2825.47 || noQ Q (Avg,Max,Min) (1.02, 1.05, 0.96) (0.90, 0.20, 1.05) #fs:   4  -- #Conts: 38 G(10)  A(3)  E(19)  C(6) 
  74997362 2823.47 || noQ Q (Avg,Max,Min) (1.02, 1.05, 0.95) (0.91, 0.30, 1.05) #fs:   5  -- #Conts: 38 G(10)  A(4)  E(19)  C(5) 
  75105569 2822.47 || noQ Q (Avg,Max,Min) (1.02, 1.05, 0.96) (0.91, 0.30, 1.05) #fs:   5  -- #Conts: 38 G(10)  A(4)  E(19)  C(5) 
  75123112 2819.47 || noQ Q (Avg,Max,Min) (1.02, 1.05, 0.96) (0.93, 0.31, 1.05) #fs:   6  -- #Conts: 36 G(10)  A(2)  E(19)  C(5) 
  75159375 2818.06 || noQ Q (Avg,Max,Min) (1.02, 1.05, 0.96) (0.90, 0.20, 1.05) #fs:   4  -- #Conts: 38 G(10)  A(2)  E(18)  C(8) 
  75182504 2817.06 || noQ Q (Avg,Max,Min) (1.02, 1.05, 0.96) (0.90, 0.20, 1.05) #fs:   5  -- #Conts: 38 G(10)  A(2)  E(18)  C(8) 
  75195594 2813.06 || noQ Q (Avg,Max,Min) (1.02, 1.05, 0.96) (0.92, 0.30, 1.05) #fs:   5  -- #Conts: 37 G(10)  A(2)  E(18)  C(7) 
  75267327 2812.06 || noQ Q (Avg,Max,Min) (1.02, 1.05, 0.96) (0.93, 0.30, 1.05) #fs:   5  -- #Conts: 36 G(10)  A(1)  E(18)  C(7) 
  75289367 2811.35 || noQ Q (Avg,Max,Min) (1.02, 1.05, 0.96) (0.91, 0.30, 1.05) #fs:   4  -- #Conts: 38 G(10)  A(2)  E(18)  C(8) 
  75417811 2808.35 || noQ Q (Avg,Max,Min) (1.02, 1.05, 0.96) (0.92, 0.31, 1.05) #fs:   3  -- #Conts: 38 G(10)  A(3)  E(18)  C(7) 
  75434218 2806.06 || noQ Q (Avg,Max,Min) (1.02, 1.05, 0.96) (0.96, 0.34, 1.05) #fs:   4  -- #Conts: 35 G(10)  A(2)  E(18)  C(5) 
  75612894 2803.06 || noQ Q (Avg,Max,Min) (1.02, 1.05, 0.96) (0.96, 0.34, 1.05) #fs:   3  -- #Conts: 35 G(10)  A(3)  E(18)  C(4) 
  76023959 2801.06 || noQ Q (Avg,Max,Min) (1.02, 1.05, 0.96) (0.98, 0.54, 1.05) #fs:   3  -- #Conts: 34 G(10)  A(2)  E(18)  C(4) 
  76288840 2800.06 || noQ Q (Avg,Max,Min) (1.02, 1.05, 0.96) (0.98, 0.54, 1.05) #fs:   4  -- #Conts: 35 G(10)  A(4)  E(18)  C(3) 
  76311390 2799.06 || noQ Q (Avg,Max,Min) (1.02, 1.05, 0.96) (0.99, 0.54, 1.05) #fs:   3  -- #Conts: 34 G(10)  A(3)  E(18)  C(3) 
  76454598 2798.06 || noQ Q (Avg,Max,Min) (1.02, 1.05, 0.96) (0.99, 0.54, 1.05) #fs:   3  -- #Conts: 33 G(10)  A(2)  E(18)  C(3) 
  76578570 2797.06 || noQ Q (Avg,Max,Min) (1.02, 1.05, 0.96) (1.00, 0.76, 1.05) #fs:   3  -- #Conts: 33 G(10)  A(2)  E(18)  C(3) 
  77126655 2796.06 || noQ Q (Avg,Max,Min) (1.02, 1.05, 0.96) (0.99, 0.54, 1.05) #fs:   3  -- #Conts: 34 G(10)  A(4)  E(18)  C(2) 
  77158884 2792.88 || noQ Q (Avg,Max,Min) (1.02, 1.05, 0.99) (0.99, 0.74, 1.05) #fs:   3  -- #Conts: 34 G(10)  A(1)  E(18)  C(5) 
  77291845 2791.88 || noQ Q (Avg,Max,Min) (1.02, 1.05, 0.95) (1.00, 0.79, 1.05) #fs:   5  -- #Conts: 35 G(10)  A(3)  E(18)  C(4) 
  77530799 2790.88 || noQ Q (Avg,Max,Min) (1.02, 1.05, 0.95) (1.00, 0.82, 1.05) #fs:   4  -- #Conts: 34 G(10)  A(2)  E(18)  C(4) 
  83968433 2790.65 || noQ Q (Avg,Max,Min) (1.02, 1.05, 0.88) (1.00, 0.82, 1.05) #fs:   2  -- #Conts: 37 G(10)  A(4)  E(18)  C(5) 
  91918513 2785.35 || noQ Q (Avg,Max,Min) (1.02, 1.04, 0.97) (0.97, 0.20, 1.04) #fs:   1  -- #Conts: 35 G(5)  A(8)  E(17)  C(5) 
  91918752 2784.35 || noQ Q (Avg,Max,Min) (1.02, 1.04, 0.97) (0.97, 0.20, 1.04) #fs:   2  -- #Conts: 35 G(5)  A(8)  E(17)  C(5) 
  92353256 2781.35 || noQ Q (Avg,Max,Min) (1.01, 1.04, 0.90) (1.00, 0.82, 1.04) #fs:   3  -- #Conts: 34 G(5)  A(8)  E(17)  C(4) 
 102795439 2775.71 || noQ Q (Avg,Max,Min) (1.01, 1.04, 0.96) (0.99, 0.87, 1.03) #fs:   2  -- #Conts: 32 G(3)  A(5)  E(18)  C(6) 
 103238793 2774.00 || noQ Q (Avg,Max,Min) (1.01, 1.04, 0.91) (0.98, 0.70, 1.03) #fs:   3  -- #Conts: 34 G(3)  A(7)  E(18)  C(6) 
 104064759 2772.00 || noQ Q (Avg,Max,Min) (1.01, 1.04, 0.91) (0.99, 0.77, 1.03) #fs:   3  -- #Conts: 33 G(3)  A(6)  E(18)  C(6) 
 105949577 2771.00 || noQ Q (Avg,Max,Min) (1.01, 1.04, 0.91) (0.99, 0.79, 1.03) #fs:   3  -- #Conts: 34 G(3)  A(7)  E(18)  C(6) 
 106053974 2770.00 || noQ Q (Avg,Max,Min) (1.01, 1.04, 0.91) (1.00, 0.87, 1.03) #fs:   3  -- #Conts: 33 G(3)  A(6)  E(18)  C(6) 
 109468008 2769.00 || noQ Q (Avg,Max,Min) (1.01, 1.04, 0.90) (1.00, 0.86, 1.03) #fs:   3  -- #Conts: 31 G(3)  A(4)  E(18)  C(6) 
 123568008 2768.00 || noQ Q (Avg,Max,Min) (1.02, 1.04, 0.96) (1.01, 0.93, 1.03) #fs:   1  -- #Conts: 30 G(3)  A(4)  E(18)  C(5) 
 178147293 2763.76 || noQ Q (Avg,Max,Min) (1.01, 1.08, 0.99) (0.96, 0.56, 1.08) #fs:   1  -- #Conts: 27 G(2)  A(8)  E(12)  C(5) 
 178507635 2761.06 || noQ Q (Avg,Max,Min) (1.01, 1.08, 0.97) (0.96, 0.56, 1.08) #fs:   3  -- #Conts: 27 G(2)  A(8)  E(12)  C(5) 
 178551832 2760.06 || noQ Q (Avg,Max,Min) (1.01, 1.08, 0.99) (0.97, 0.56, 1.08) #fs:   2  -- #Conts: 27 G(2)  A(8)  E(12)  C(5) 
 178675803 2759.06 || noQ Q (Avg,Max,Min) (1.01, 1.08, 0.99) (0.98, 0.79, 1.08) #fs:   2  -- #Conts: 26 G(2)  A(7)  E(12)  C(5) 
 179348141 2758.06 || noQ Q (Avg,Max,Min) (1.01, 1.08, 0.93) (0.99, 0.83, 1.08) #fs:   3  -- #Conts: 26 G(2)  A(7)  E(12)  C(5) 
 179905305 2757.06 || noQ Q (Avg,Max,Min) (1.01, 1.08, 0.98) (0.99, 0.81, 1.08) #fs:   4  -- #Conts: 26 G(2)  A(7)  E(12)  C(5) 
 183237503 2756.06 || noQ Q (Avg,Max,Min) (1.01, 1.08, 0.99) (0.99, 0.82, 1.08) #fs:   1  -- #Conts: 26 G(2)  A(7)  E(12)  C(5) 
 184587504 2755.06 || noQ Q (Avg,Max,Min) (1.01, 1.08, 1.00) (0.98, 0.79, 1.08) #fs:   0  -- #Conts: 27 G(2)  A(8)  E(12)  C(5) 
 192197859 2754.94 || noQ Q (Avg,Max,Min) (1.01, 1.08, 1.00) (0.98, 0.83, 1.08) #fs:   1  -- #Conts: 28 G(2)  A(10)  E(11)  C(5) 
 196397859 2753.94 || noQ Q (Avg,Max,Min) (1.01, 1.08, 1.00) (0.99, 0.82, 1.08) #fs:   1  -- #Conts: 26 G(2)  A(8)  E(11)  C(5) 
 266030243 2750.00 || noQ Q (Avg,Max,Min) (1.01, 1.08, 1.00) (1.00, 0.90, 1.08) #fs:   1  -- #Conts: 19 G(1)  A(7)  E(7)  C(4) 
 274480243 2749.00 || noQ Q (Avg,Max,Min) (1.01, 1.08, 1.00) (1.00, 0.93, 1.08) #fs:   1  -- #Conts: 19 G(1)  A(7)  E(7)  C(4) 
/////////////////size: 154
nodes 100 edges 192
 mulT: 5000 mulD: 100  sumData GB 9759
pareto /CYBERSHAKE.n.100.0.dax time -> 3032.0
moheft /CYBERSHAKE.n.100.0.dax time -> 14289.0
distance from M to C 5.103908660657323
distance from P to C 13.323493689483017
distance from C to M 0.6228847703464702
distance from C to P 30.008317148159353
toCompare: /CYBERSHAKE.n.100.0.dax sumDataGB: 9759 mulT: 5000 mulD: 100 paretoOptTime_MS: 3032.0 MoheftOptimizationTime_MS: 14289.0 MtoC 5.103908660657323 PtoC 13.323493689483017 CtoM 0.6228847703464702 CtoP 30.008317148159353
