specify -Dflow d,b,mt,md,size
Running /home/vaggelis/jc/MONTAGE.n.50.0.dax mt 10000 md: 1 size null
  18788506 1891.76 || noQ Q (Avg,Max,Min) (0.94, 1.00, 0.73) (0.87, 0.67, 1.00) #fs:  11  -- #Conts: 28 H(28) 
  22309748 1860.24 || noQ Q (Avg,Max,Min) (0.93, 1.00, 0.54) (0.89, 0.51, 1.00) #fs:  11  -- #Conts: 23 H(23) 
  22319956 1797.18 || noQ Q (Avg,Max,Min) (0.93, 1.00, 0.55) (0.91, 0.51, 1.00) #fs:  11  -- #Conts: 22 H(22) 
  22320035 1765.65 || noQ Q (Avg,Max,Min) (0.95, 1.00, 0.55) (0.91, 0.51, 1.00) #fs:  10  -- #Conts: 23 H(23) 
  24687822 1639.53 || noQ Q (Avg,Max,Min) (0.99, 1.00, 0.79) (0.84, 0.50, 0.99) #fs:   5  -- #Conts: 35 H(8)  G(27) 
  28914505 1592.24 || noQ Q (Avg,Max,Min) (0.99, 1.00, 0.77) (0.85, 0.50, 0.99) #fs:   5  -- #Conts: 35 H(7)  G(28) 
  29018657 1560.71 || noQ Q (Avg,Max,Min) (0.99, 1.00, 0.76) (0.85, 0.50, 0.98) #fs:   5  -- #Conts: 35 H(4)  G(31) 
  29041802 1529.18 || noQ Q (Avg,Max,Min) (0.99, 1.00, 0.76) (0.86, 0.50, 0.98) #fs:   5  -- #Conts: 35 H(3)  G(32) 
  29053374 1497.65 || noQ Q (Avg,Max,Min) (0.99, 1.00, 0.76) (0.87, 0.51, 0.98) #fs:   5  -- #Conts: 35 H(2)  G(33) 
  29134380 1466.12 || noQ Q (Avg,Max,Min) (0.99, 1.00, 0.75) (0.88, 0.74, 0.98) #fs:   5  -- #Conts: 35 H(1)  G(34) 
  32200251 1450.35 || noQ Q (Avg,Max,Min) (1.00, 1.00, 0.86) (0.88, 0.85, 0.98) #fs:   5  -- #Conts: 34 G(34) 
  32200330 1434.59 || noQ Q (Avg,Max,Min) (1.00, 1.00, 0.99) (0.89, 0.85, 0.98) #fs:   4  -- #Conts: 35 G(35) 
  49993032 1355.06 || noQ Q (Avg,Max,Min) (0.99, 1.00, 0.68) (0.94, 0.66, 0.98) #fs:   4  -- #Conts: 35 G(8)  E(27) 
  62898346 1350.00 || noQ Q (Avg,Max,Min) (0.99, 1.00, 0.65) (0.94, 0.63, 0.98) #fs:   4  -- #Conts: 35 G(7)  E(28) 
  63028843 1345.29 || noQ Q (Avg,Max,Min) (0.99, 1.00, 0.64) (0.94, 0.63, 0.98) #fs:   4  -- #Conts: 35 G(6)  E(29) 
  63041893 1340.59 || noQ Q (Avg,Max,Min) (0.99, 1.00, 0.64) (0.94, 0.63, 0.98) #fs:   4  -- #Conts: 35 G(5)  E(30) 
  63133240 1335.88 || noQ Q (Avg,Max,Min) (0.99, 1.00, 0.64) (0.95, 0.63, 0.98) #fs:   4  -- #Conts: 35 G(4)  E(31) 
  63185439 1331.18 || noQ Q (Avg,Max,Min) (0.99, 1.00, 0.64) (0.95, 0.63, 0.98) #fs:   4  -- #Conts: 35 G(3)  E(32) 
  63211538 1326.47 || noQ Q (Avg,Max,Min) (0.99, 1.00, 0.64) (0.95, 0.63, 0.98) #fs:   4  -- #Conts: 35 G(2)  E(33) 
  63394233 1321.76 || noQ Q (Avg,Max,Min) (0.99, 1.00, 0.63) (0.96, 0.63, 0.99) #fs:   4  -- #Conts: 35 G(1)  E(34) 
  72621527 1307.65 || noQ Q (Avg,Max,Min) (1.00, 1.00, 0.86) (0.96, 0.83, 0.99) #fs:   4  -- #Conts: 34 E(34) 
  72621606 1287.53 || noQ Q (Avg,Max,Min) (1.00, 1.00, 0.99) (0.97, 0.95, 0.99) #fs:   3  -- #Conts: 35 E(35) 
/////////////////size: 22
  21989433 1828.71 || noQ Q (Avg,Max,Min) (0.96, 1.00, 0.67) (0.85, 0.64, 1.00) #fs:   8  -- #Conts: 33 H(15)  G(18) 
  23158451 1812.94 || noQ Q (Avg,Max,Min) (0.96, 1.00, 0.67) (0.84, 0.50, 1.00) #fs:   9  -- #Conts: 35 H(16)  G(19) 
  24450142 1797.18 || noQ Q (Avg,Max,Min) (0.96, 1.00, 0.67) (0.85, 0.66, 1.00) #fs:   9  -- #Conts: 34 H(15)  G(19) 
  24506574 1765.65 || noQ Q (Avg,Max,Min) (0.98, 1.00, 0.66) (0.84, 0.64, 1.00) #fs:   7  -- #Conts: 35 H(12)  G(23) 
  24518150 1734.12 || noQ Q (Avg,Max,Min) (0.98, 1.00, 0.67) (0.85, 0.66, 1.00) #fs:   7  -- #Conts: 36 H(12)  G(24) 
  24599156 1702.59 || noQ Q (Avg,Max,Min) (1.00, 1.00, 0.82) (0.85, 0.59, 1.00) #fs:   5  -- #Conts: 38 H(13)  G(25) 
  24687741 1639.53 || noQ Q (Avg,Max,Min) (1.00, 1.00, 0.85) (0.84, 0.50, 0.99) #fs:   5  -- #Conts: 35 H(9)  G(26) 
  24687823 1608.00 || noQ Q (Avg,Max,Min) (0.99, 1.00, 0.81) (0.85, 0.50, 0.99) #fs:   7  -- #Conts: 35 H(8)  G(27) 
  25244944 1592.24 || noQ Q (Avg,Max,Min) (1.00, 1.00, 0.90) (0.85, 0.50, 0.99) #fs:   6  -- #Conts: 36 H(8)  G(28) 
  26541611 1576.47 || noQ Q (Avg,Max,Min) (1.00, 1.00, 0.86) (0.85, 0.50, 0.99) #fs:   6  -- #Conts: 37 H(8)  G(29) 
  27204884 1544.94 || noQ Q (Avg,Max,Min) (0.99, 1.00, 0.76) (0.86, 0.50, 0.98) #fs:   7  -- #Conts: 35 H(3)  G(32) 
  27216456 1513.41 || noQ Q (Avg,Max,Min) (0.99, 1.00, 0.76) (0.87, 0.69, 0.98) #fs:   7  -- #Conts: 35 H(2)  G(33) 
  27854583 1497.65 || noQ Q (Avg,Max,Min) (0.99, 1.00, 0.79) (0.87, 0.68, 0.99) #fs:   7  -- #Conts: 35 H(1)  G(34) 
  29151250 1481.88 || noQ Q (Avg,Max,Min) (0.99, 1.00, 0.75) (0.87, 0.73, 0.99) #fs:   7  -- #Conts: 36 H(1)  G(35) 
  30903174 1466.12 || noQ Q (Avg,Max,Min) (1.00, 1.00, 0.94) (0.87, 0.76, 0.99) #fs:   6  -- #Conts: 35 H(1)  G(34) 
  32200249 1434.59 || noQ Q (Avg,Max,Min) (1.00, 1.00, 0.99) (0.88, 0.83, 0.99) #fs:   5  -- #Conts: 35 G(35) 
  34820212 1416.00 || noQ Q (Avg,Max,Min) (0.99, 1.00, 0.76) (0.92, 0.74, 0.99) #fs:   6  -- #Conts: 36 H(2)  G(20)  E(14) 
  34831909 1411.29 || noQ Q (Avg,Max,Min) (0.99, 1.00, 0.76) (0.92, 0.74, 0.99) #fs:   6  -- #Conts: 33 H(2)  G(16)  E(15) 
  34833262 1406.59 || noQ Q (Avg,Max,Min) (0.99, 1.00, 0.76) (0.93, 0.74, 0.99) #fs:   6  -- #Conts: 33 H(2)  G(15)  E(16) 
  34846312 1401.88 || noQ Q (Avg,Max,Min) (0.99, 1.00, 0.76) (0.93, 0.74, 0.99) #fs:   6  -- #Conts: 34 H(2)  G(15)  E(17) 
  34859362 1392.47 || noQ Q (Avg,Max,Min) (0.99, 1.00, 0.76) (0.93, 0.74, 0.99) #fs:   6  -- #Conts: 36 H(2)  G(15)  E(19) 
  34862317 1387.76 || noQ Q (Avg,Max,Min) (0.99, 1.00, 0.76) (0.94, 0.74, 0.99) #fs:   6  -- #Conts: 36 H(2)  G(14)  E(20) 
  35515284 1386.12 || noQ Q (Avg,Max,Min) (1.00, 1.00, 0.99) (0.93, 0.71, 0.99) #fs:   5  -- #Conts: 35 H(2)  G(16)  E(17) 
  35528334 1376.71 || noQ Q (Avg,Max,Min) (1.00, 1.00, 0.99) (0.93, 0.71, 0.99) #fs:   5  -- #Conts: 37 H(2)  G(16)  E(19) 
  35531289 1372.00 || noQ Q (Avg,Max,Min) (1.00, 1.00, 0.99) (0.94, 0.71, 0.99) #fs:   5  -- #Conts: 37 H(2)  G(15)  E(20) 
  37975909 1370.35 || noQ Q (Avg,Max,Min) (1.00, 1.00, 0.99) (0.93, 0.84, 0.99) #fs:   5  -- #Conts: 34 H(1)  G(16)  E(17) 
  37988959 1360.94 || noQ Q (Avg,Max,Min) (1.00, 1.00, 0.99) (0.94, 0.84, 0.99) #fs:   5  -- #Conts: 36 H(1)  G(16)  E(19) 
  37991914 1356.24 || noQ Q (Avg,Max,Min) (1.00, 1.00, 0.99) (0.94, 0.84, 0.99) #fs:   5  -- #Conts: 36 H(1)  G(15)  E(20) 
  41452901 1351.88 || noQ Q (Avg,Max,Min) (1.00, 1.00, 0.99) (0.94, 0.84, 0.99) #fs:   6  -- #Conts: 36 G(17)  E(19) 
  41455854 1347.18 || noQ Q (Avg,Max,Min) (1.00, 1.00, 0.99) (0.94, 0.84, 0.99) #fs:   5  -- #Conts: 36 G(16)  E(20) 
  44973869 1344.82 || noQ Q (Avg,Max,Min) (1.00, 1.00, 0.99) (0.94, 0.84, 1.00) #fs:   5  -- #Conts: 38 G(17)  E(21) 
  46324459 1341.06 || noQ Q (Avg,Max,Min) (1.00, 1.00, 0.99) (0.95, 0.59, 0.99) #fs:   5  -- #Conts: 38 H(1)  G(9)  E(28) 
  47581977 1330.00 || noQ Q (Avg,Max,Min) (1.00, 1.00, 0.99) (0.95, 0.68, 0.99) #fs:   5  -- #Conts: 38 H(1)  G(10)  E(27) 
  47621126 1325.29 || noQ Q (Avg,Max,Min) (1.00, 1.00, 0.99) (0.95, 0.68, 0.99) #fs:   5  -- #Conts: 39 H(1)  G(10)  E(28) 
  51106193 1320.94 || noQ Q (Avg,Max,Min) (1.00, 1.00, 0.99) (0.96, 0.82, 0.99) #fs:   5  -- #Conts: 37 G(10)  E(27) 
  51145342 1316.24 || noQ Q (Avg,Max,Min) (1.00, 1.00, 0.99) (0.96, 0.82, 0.99) #fs:   5  -- #Conts: 38 G(10)  E(28) 
  54663353 1313.88 || noQ Q (Avg,Max,Min) (1.00, 1.00, 0.99) (0.96, 0.85, 0.99) #fs:   5  -- #Conts: 38 G(10)  E(28) 
  58561354 1311.53 || noQ Q (Avg,Max,Min) (1.00, 1.00, 0.99) (0.96, 0.85, 0.99) #fs:   5  -- #Conts: 37 G(9)  E(28) 
  61218110 1310.12 || noQ Q (Avg,Max,Min) (1.00, 1.00, 0.99) (0.96, 0.82, 0.98) #fs:   2  -- #Conts: 35 G(4)  E(31) 
  61257259 1305.41 || noQ Q (Avg,Max,Min) (1.00, 1.00, 0.99) (0.96, 0.82, 0.99) #fs:   2  -- #Conts: 36 G(4)  E(32) 
  64775270 1303.06 || noQ Q (Avg,Max,Min) (1.00, 1.00, 0.99) (0.96, 0.85, 0.99) #fs:   2  -- #Conts: 36 G(4)  E(32) 
  68673271 1300.71 || noQ Q (Avg,Max,Min) (1.00, 1.00, 0.99) (0.96, 0.85, 0.99) #fs:   2  -- #Conts: 35 G(3)  E(32) 
  72530097 1298.35 || noQ Q (Avg,Max,Min) (1.00, 1.00, 0.99) (0.96, 0.94, 0.99) #fs:   2  -- #Conts: 33 G(2)  E(31) 
  72995616 1295.65 || noQ Q (Avg,Max,Min) (1.00, 1.00, 0.99) (0.94, 0.31, 1.00) #fs:   2  -- #Conts: 34 G(2)  E(31)  C(1) 
  76790714 1293.65 || noQ Q (Avg,Max,Min) (1.00, 1.00, 0.99) (0.96, 0.68, 1.00) #fs:   2  -- #Conts: 34 G(2)  A(1)  E(31) 
  85691596 1292.47 || noQ Q (Avg,Max,Min) (1.00, 1.00, 1.00) (0.96, 0.94, 0.99) #fs:   4  -- #Conts: 36 E(34)  C(2) 
  86157115 1289.76 || noQ Q (Avg,Max,Min) (1.00, 1.00, 1.00) (0.95, 0.31, 1.00) #fs:   4  -- #Conts: 37 E(34)  C(3) 
  89952213 1287.76 || noQ Q (Avg,Max,Min) (1.00, 1.00, 1.00) (0.96, 0.68, 1.00) #fs:   4  -- #Conts: 37 A(1)  E(34)  C(2) 
  91004207 1287.29 || noQ Q (Avg,Max,Min) (1.00, 1.00, 1.00) (0.94, 0.31, 1.00) #fs:   2  -- #Conts: 35 E(33)  C(2) 
  94799305 1285.29 || noQ Q (Avg,Max,Min) (1.00, 1.00, 1.00) (0.95, 0.68, 1.00) #fs:   2  -- #Conts: 35 A(1)  E(33)  C(1) 
 109012798 1284.82 || noQ Q (Avg,Max,Min) (1.00, 1.00, 1.00) (0.94, 0.31, 1.00) #fs:   0  -- #Conts: 29 E(28)  C(1) 
 112807896 1282.82 || noQ Q (Avg,Max,Min) (1.00, 1.00, 1.00) (0.95, 0.68, 1.00) #fs:   0  -- #Conts: 29 A(1)  E(28) 
/////////////////size: 52
nodes 50 edges 108
 mulT: 10000 mulD: 1  sumData GB 0
pareto /MONTAGE.n.50.0.dax time -> 1667.0
moheft /MONTAGE.n.50.0.dax time -> 968.0
distance from M to C 0.7681690495669454
distance from P to C 4.682002935353673
distance from C to M 2.304471200345985
distance from C to P 14.791238370778041
toCompare: /MONTAGE.n.50.0.dax sumDataGB: 0 mulT: 10000 mulD: 1 paretoOptTime_MS: 1667.0 MoheftOptimizationTime_MS: 968.0 MtoC 0.7681690495669454 PtoC 4.682002935353673 CtoM 2.304471200345985 CtoP 14.791238370778041
