specify -Dflow d,b,mt,md,size
Running /home/vaggelis/jc/SIPHT.n.100.0.dax mt 50 md: 500 size null
   7831169 409.88 || noQ Q (Avg,Max,Min) (0.90, 1.06, 0.65) (0.72, 0.53, 0.94) #fs:   6  -- #Conts: 8 H(8) 
   7835438 378.35 || noQ Q (Avg,Max,Min) (0.93, 1.06, 0.65) (0.76, 0.64, 0.94) #fs:   5  -- #Conts: 8 H(8) 
  12240230 346.82 || noQ Q (Avg,Max,Min) (0.91, 1.06, 0.60) (0.80, 0.59, 0.92) #fs:   4  -- #Conts: 5 H(5) 
  12896616 315.29 || noQ Q (Avg,Max,Min) (1.00, 1.06, 0.81) (0.86, 0.61, 1.05) #fs:   1  -- #Conts: 6 H(6) 
  13848246 265.65 || noQ Q (Avg,Max,Min) (0.97, 1.03, 0.70) (0.90, 0.68, 0.99) #fs:   4  -- #Conts: 6 G(5)  E(1) 
  17582820 249.88 || noQ Q (Avg,Max,Min) (1.02, 1.03, 1.01) (0.92, 0.79, 1.00) #fs:   1  -- #Conts: 6 G(5)  E(1) 
  29811016 248.12 || noQ Q (Avg,Max,Min) (1.00, 1.02, 0.91) (0.90, 0.78, 0.99) #fs:   3  -- #Conts: 9 E(9) 
  36099463 241.41 || noQ Q (Avg,Max,Min) (1.00, 1.02, 0.91) (0.93, 0.87, 0.99) #fs:   3  -- #Conts: 7 E(7) 
  50929602 240.12 || noQ Q (Avg,Max,Min) (1.00, 1.01, 0.98) (0.94, 0.85, 1.00) #fs:   3  -- #Conts: 8 E(1)  C(7) 
  51391028 240.00 || noQ Q (Avg,Max,Min) (1.00, 1.01, 0.98) (0.95, 0.87, 1.00) #fs:   3  -- #Conts: 8 C(8) 
  53329403 229.00 || noQ Q (Avg,Max,Min) (1.00, 1.02, 0.98) (0.97, 0.92, 0.99) #fs:   2  -- #Conts: 4 A(1)  E(3) 
  53544723 228.00 || noQ Q (Avg,Max,Min) (1.00, 1.02, 0.98) (0.99, 0.97, 1.00) #fs:   2  -- #Conts: 3 E(3) 
/////////////////size: 12
   8156688 425.65 || noQ Q (Avg,Max,Min) (0.91, 1.06, 0.74) (0.71, 0.56, 0.89) #fs:   4  -- #Conts: 6 H(5)  G(1) 
   8163170 394.12 || noQ Q (Avg,Max,Min) (0.95, 1.06, 0.80) (0.75, 0.59, 0.89) #fs:   4  -- #Conts: 6 H(5)  G(1) 
   8540504 346.82 || noQ Q (Avg,Max,Min) (1.03, 1.06, 1.00) (0.81, 0.60, 0.94) #fs:   1  -- #Conts: 6 H(6) 
  10475269 315.29 || noQ Q (Avg,Max,Min) (1.02, 1.06, 0.95) (0.90, 0.81, 0.97) #fs:   2  -- #Conts: 5 H(5) 
  12179807 312.94 || noQ Q (Avg,Max,Min) (0.96, 1.03, 0.72) (0.78, 0.60, 0.98) #fs:   3  -- #Conts: 9 H(3)  G(5)  E(1) 
  12670240 306.24 || noQ Q (Avg,Max,Min) (0.99, 1.08, 0.77) (0.78, 0.57, 1.02) #fs:   2  -- #Conts: 8 H(3)  G(4)  E(1) 
  12775589 299.53 || noQ Q (Avg,Max,Min) (0.96, 1.04, 0.80) (0.83, 0.65, 1.02) #fs:   2  -- #Conts: 7 H(3)  G(4) 
  12878598 297.18 || noQ Q (Avg,Max,Min) (0.99, 1.03, 0.82) (0.81, 0.60, 1.01) #fs:   2  -- #Conts: 9 H(3)  G(5)  E(1) 
  13811414 281.41 || noQ Q (Avg,Max,Min) (0.98, 1.03, 0.74) (0.84, 0.65, 1.01) #fs:   1  -- #Conts: 8 H(2)  G(5)  E(1) 
  14324237 265.65 || noQ Q (Avg,Max,Min) (1.02, 1.03, 1.00) (0.87, 0.68, 1.01) #fs:   0  -- #Conts: 7 H(1)  G(5)  E(1) 
  19150839 256.59 || noQ Q (Avg,Max,Min) (0.99, 1.03, 0.89) (0.92, 0.84, 0.98) #fs:   2  -- #Conts: 5 G(4)  E(1) 
  20519129 245.18 || noQ Q (Avg,Max,Min) (1.01, 1.03, 1.00) (0.93, 0.78, 1.01) #fs:   0  -- #Conts: 6 G(4)  E(2) 
  20742292 240.82 || noQ Q (Avg,Max,Min) (1.01, 1.02, 1.01) (0.97, 0.90, 1.01) #fs:   0  -- #Conts: 5 G(4)  E(1) 
  24754129 239.47 || noQ Q (Avg,Max,Min) (0.92, 1.02, 0.53) (0.88, 0.44, 1.01) #fs:   2  -- #Conts: 5 G(4)  A(1) 
  24757977 238.47 || noQ Q (Avg,Max,Min) (0.99, 1.02, 0.87) (0.92, 0.66, 1.01) #fs:   1  -- #Conts: 5 G(4)  A(1) 
  24874681 237.47 || noQ Q (Avg,Max,Min) (0.97, 1.02, 0.80) (0.94, 0.75, 1.01) #fs:   1  -- #Conts: 5 G(4)  A(1) 
  25019559 236.47 || noQ Q (Avg,Max,Min) (1.01, 1.02, 1.01) (0.99, 0.95, 1.02) #fs:   0  -- #Conts: 4 G(4) 
  35871663 234.29 || noQ Q (Avg,Max,Min) (1.01, 1.06, 0.95) (0.98, 0.92, 1.06) #fs:   3  -- #Conts: 7 G(2)  A(1)  E(3)  C(1) 
  46373206 231.76 || noQ Q (Avg,Max,Min) (1.01, 1.01, 1.00) (0.95, 0.79, 1.01) #fs:   0  -- #Conts: 7 G(1)  A(1)  E(3)  C(2) 
  49422648 229.18 || noQ Q (Avg,Max,Min) (1.01, 1.05, 1.00) (0.96, 0.79, 1.01) #fs:   0  -- #Conts: 7 G(1)  A(1)  E(3)  C(2) 
  49512649 229.06 || noQ Q (Avg,Max,Min) (1.01, 1.01, 1.00) (0.99, 0.91, 1.01) #fs:   0  -- #Conts: 7 G(1)  A(1)  E(3)  C(2) 
  77861096 228.53 || noQ Q (Avg,Max,Min) (1.01, 1.01, 1.00) (0.93, 0.53, 1.01) #fs:   0  -- #Conts: 7 G(1)  A(2)  E(2)  C(2) 
  78291836 227.53 || noQ Q (Avg,Max,Min) (1.01, 1.01, 1.00) (1.00, 0.98, 1.01) #fs:   0  -- #Conts: 6 G(1)  A(1)  E(2)  C(2) 
/////////////////size: 23
nodes 97 edges 109
 mulT: 50 mulD: 500  sumData GB 1103
pareto /SIPHT.n.100.0.dax time -> 7151.0
moheft /SIPHT.n.100.0.dax time -> 590.0
distance from M to C 0.7289075621342078
distance from P to C 3.750034264980126
distance from C to M 0.3026964570815425
distance from C to P 3.9540597224763254
toCompare: /SIPHT.n.100.0.dax sumDataGB: 1103 mulT: 50 mulD: 500 paretoOptTime_MS: 7151.0 MoheftOptimizationTime_MS: 590.0 MtoC 0.7289075621342078 PtoC 3.750034264980126 CtoM 0.3026964570815425 CtoP 3.9540597224763254
