specify -Dflow d,b,mt,md,size
Running /home/vaggelis/jc/LIGO.n.50.0.dax mt 5000 md: 5000 size null
 233139294 18712.71 || noQ Q (Avg,Max,Min) (1.00, 1.00, 1.00) (0.98, 0.96, 1.00) #fs:   0  -- #Conts: 23 H(20)  G(3) 
 234793601 18665.41 || noQ Q (Avg,Max,Min) (1.00, 1.00, 0.99) (0.98, 0.96, 1.00) #fs:   1  -- #Conts: 23 H(19)  G(4) 
 235795133 18555.06 || noQ Q (Avg,Max,Min) (1.00, 1.00, 1.00) (0.98, 0.96, 1.00) #fs:   0  -- #Conts: 23 H(19)  G(4) 
 237584729 18507.76 || noQ Q (Avg,Max,Min) (1.00, 1.00, 0.99) (0.98, 0.96, 1.00) #fs:   1  -- #Conts: 23 H(18)  G(5) 
 322808389 17309.65 || noQ Q (Avg,Max,Min) (1.00, 1.00, 1.00) (0.99, 0.96, 1.00) #fs:   0  -- #Conts: 23 H(10)  G(13) 
 324463886 17262.35 || noQ Q (Avg,Max,Min) (1.00, 1.00, 0.99) (0.98, 0.96, 1.00) #fs:   1  -- #Conts: 23 H(9)  G(14) 
 326973041 17183.53 || noQ Q (Avg,Max,Min) (1.00, 1.00, 0.97) (0.98, 0.94, 1.00) #fs:   1  -- #Conts: 23 H(8)  G(15) 
 378493510 17120.47 || noQ Q (Avg,Max,Min) (0.99, 1.00, 0.67) (0.97, 0.67, 1.00) #fs:   1  -- #Conts: 23 H(4)  G(19) 
 380302529 16994.35 || noQ Q (Avg,Max,Min) (0.99, 1.00, 0.67) (0.97, 0.67, 1.00) #fs:   1  -- #Conts: 23 H(3)  G(20) 
 388930898 16947.06 || noQ Q (Avg,Max,Min) (0.98, 1.00, 0.64) (0.97, 0.63, 1.00) #fs:   1  -- #Conts: 23 H(2)  G(21) 
 403698861 16931.29 || noQ Q (Avg,Max,Min) (0.98, 1.00, 0.59) (0.97, 0.58, 1.00) #fs:   1  -- #Conts: 23 H(1)  G(22) 
 404965859 16048.00 || noQ Q (Avg,Max,Min) (1.00, 1.00, 1.00) (0.99, 0.98, 1.00) #fs:   0  -- #Conts: 23 G(22)  E(1) 
 406609130 16032.24 || noQ Q (Avg,Max,Min) (1.00, 1.00, 1.00) (0.99, 0.98, 1.00) #fs:   0  -- #Conts: 23 G(22)  E(1) 
 435239391 15991.65 || noQ Q (Avg,Max,Min) (1.00, 1.00, 1.00) (0.99, 0.98, 1.00) #fs:   1  -- #Conts: 21 G(20)  E(1) 
 548837543 15960.12 || noQ Q (Avg,Max,Min) (1.00, 1.00, 1.00) (0.99, 0.98, 1.00) #fs:   2  -- #Conts: 19 G(18)  E(1) 
 651422139 15953.88 || noQ Q (Avg,Max,Min) (1.00, 1.00, 1.00) (1.00, 0.99, 1.00) #fs:   2  -- #Conts: 16 G(16) 
 812462643 15836.24 || noQ Q (Avg,Max,Min) (1.00, 1.00, 1.00) (1.00, 0.99, 1.00) #fs:   2  -- #Conts: 14 G(11)  E(3) 
 916576037 15309.53 || noQ Q (Avg,Max,Min) (1.00, 1.00, 1.00) (1.00, 0.99, 1.00) #fs:   1  -- #Conts: 23 E(23) 
 928575186 15296.12 || noQ Q (Avg,Max,Min) (1.00, 1.00, 1.00) (1.00, 0.99, 1.00) #fs:   2  -- #Conts: 23 E(23) 
1136602615 15282.71 || noQ Q (Avg,Max,Min) (1.00, 1.00, 1.00) (1.00, 0.99, 1.00) #fs:   2  -- #Conts: 20 E(20) 
1214611814 15276.00 || noQ Q (Avg,Max,Min) (1.00, 1.00, 1.00) (1.00, 0.99, 1.00) #fs:   2  -- #Conts: 19 E(19) 
1456853086 15269.29 || noQ Q (Avg,Max,Min) (1.00, 1.00, 1.00) (1.00, 1.00, 1.00) #fs:   2  -- #Conts: 19 E(19) 
4676008658 14072.00 || noQ Q (Avg,Max,Min) (1.00, 1.00, 1.00) (1.00, 1.00, 1.00) #fs:   0  -- #Conts: 23 A(23) 
6798540854 14071.00 || noQ Q (Avg,Max,Min) (1.00, 1.00, 1.00) (1.00, 1.00, 1.00) #fs:   1  -- #Conts: 22 A(22) 
6819892305 14069.00 || noQ Q (Avg,Max,Min) (1.00, 1.00, 1.00) (1.00, 1.00, 1.00) #fs:   1  -- #Conts: 21 A(21) 
6823492305 14067.00 || noQ Q (Avg,Max,Min) (1.00, 1.00, 1.00) (1.00, 0.99, 1.00) #fs:   1  -- #Conts: 20 A(20) 
10637992422 14066.00 || noQ Q (Avg,Max,Min) (1.00, 1.00, 1.00) (1.00, 1.00, 1.00) #fs:   2  -- #Conts: 16 A(16) 
/////////////////size: 27
 576312058 17712.47 || noQ Q (Avg,Max,Min) (1.00, 1.00, 1.00) (0.99, 0.88, 1.00) #fs:   2  -- #Conts: 22 H(10)  G(6)  A(1)  E(4)  C(1) 
 597839822 17593.88 || noQ Q (Avg,Max,Min) (1.00, 1.00, 1.00) (0.98, 0.88, 1.00) #fs:   2  -- #Conts: 23 H(10)  G(6)  A(1)  E(5)  C(1) 
 598460881 17578.12 || noQ Q (Avg,Max,Min) (1.00, 1.01, 1.00) (0.96, 0.41, 1.00) #fs:   2  -- #Conts: 24 H(10)  G(7)  A(1)  E(5)  C(1) 
 600309437 17569.06 || noQ Q (Avg,Max,Min) (1.00, 1.01, 1.00) (0.98, 0.88, 1.00) #fs:   2  -- #Conts: 24 H(10)  G(6)  A(1)  E(6)  C(1) 
 643558319 17515.06 || noQ Q (Avg,Max,Min) (1.00, 1.02, 1.00) (0.95, 0.24, 1.00) #fs:   2  -- #Conts: 24 H(10)  G(7)  A(1)  E(5)  C(1) 
 644163958 17483.53 || noQ Q (Avg,Max,Min) (1.00, 1.00, 1.00) (0.99, 0.88, 1.00) #fs:   2  -- #Conts: 23 H(9)  G(7)  A(1)  E(5)  C(1) 
 703661656 16850.82 || noQ Q (Avg,Max,Min) (1.00, 1.02, 0.99) (0.97, 0.86, 1.00) #fs:   3  -- #Conts: 20 H(7)  G(9)  E(3)  C(1) 
 704282715 16835.06 || noQ Q (Avg,Max,Min) (1.00, 1.02, 0.99) (0.95, 0.41, 1.00) #fs:   3  -- #Conts: 21 H(7)  G(10)  E(3)  C(1) 
 706131271 16826.00 || noQ Q (Avg,Max,Min) (1.00, 1.02, 0.99) (0.97, 0.86, 1.00) #fs:   3  -- #Conts: 21 H(7)  G(9)  E(4)  C(1) 
 710311339 16276.24 || noQ Q (Avg,Max,Min) (1.00, 1.02, 0.99) (0.98, 0.86, 1.00) #fs:   1  -- #Conts: 23 H(4)  G(13)  A(1)  E(4)  C(1) 
 710942982 16260.47 || noQ Q (Avg,Max,Min) (1.00, 1.02, 0.99) (0.96, 0.41, 1.00) #fs:   1  -- #Conts: 24 H(4)  G(14)  A(1)  E(4)  C(1) 
 712791538 16251.41 || noQ Q (Avg,Max,Min) (1.00, 1.02, 0.99) (0.98, 0.86, 1.00) #fs:   1  -- #Conts: 24 H(4)  G(13)  A(1)  E(5)  C(1) 
 754917914 16220.24 || noQ Q (Avg,Max,Min) (1.00, 1.02, 0.99) (0.98, 0.86, 1.00) #fs:   1  -- #Conts: 23 H(4)  G(15)  E(3)  C(1) 
 762463643 16181.65 || noQ Q (Avg,Max,Min) (1.00, 1.02, 1.00) (0.95, 0.24, 1.00) #fs:   0  -- #Conts: 27 H(4)  G(14)  A(1)  E(7)  C(1) 
 763069417 16150.12 || noQ Q (Avg,Max,Min) (1.00, 1.02, 1.00) (0.98, 0.85, 1.00) #fs:   0  -- #Conts: 26 H(3)  G(14)  A(1)  E(7)  C(1) 
 829685042 16107.29 || noQ Q (Avg,Max,Min) (1.00, 1.02, 1.00) (0.95, 0.24, 1.00) #fs:   0  -- #Conts: 25 H(5)  G(12)  A(1)  E(6)  C(1) 
 830278646 16091.53 || noQ Q (Avg,Max,Min) (1.00, 1.02, 1.00) (0.98, 0.86, 1.00) #fs:   0  -- #Conts: 24 H(4)  G(12)  A(1)  E(6)  C(1) 
 832146947 16082.47 || noQ Q (Avg,Max,Min) (1.00, 1.02, 1.00) (0.98, 0.86, 1.00) #fs:   0  -- #Conts: 25 H(4)  G(12)  A(1)  E(7)  C(1) 
 866539575 16027.65 || noQ Q (Avg,Max,Min) (1.00, 1.01, 0.98) (0.99, 0.88, 1.00) #fs:   2  -- #Conts: 24 H(2)  G(9)  A(1)  E(11)  C(1) 
 867171218 16011.88 || noQ Q (Avg,Max,Min) (1.00, 1.01, 0.98) (0.97, 0.41, 1.00) #fs:   2  -- #Conts: 25 H(2)  G(10)  A(1)  E(11)  C(1) 
 869019774 16002.82 || noQ Q (Avg,Max,Min) (1.00, 1.01, 0.98) (0.99, 0.88, 1.00) #fs:   2  -- #Conts: 25 H(2)  G(9)  A(1)  E(12)  C(1) 
 911146150 15971.65 || noQ Q (Avg,Max,Min) (1.00, 1.01, 0.98) (0.99, 0.88, 1.00) #fs:   2  -- #Conts: 24 H(2)  G(11)  E(10)  C(1) 
1000068287 15962.12 || noQ Q (Avg,Max,Min) (1.00, 1.01, 0.98) (0.97, 0.41, 1.00) #fs:   2  -- #Conts: 25 H(2)  G(11)  E(11)  C(1) 
1001897835 15953.06 || noQ Q (Avg,Max,Min) (1.00, 1.01, 0.98) (0.99, 0.88, 1.00) #fs:   2  -- #Conts: 24 H(2)  G(10)  E(11)  C(1) 
1007254047 15944.59 || noQ Q (Avg,Max,Min) (1.00, 1.01, 0.98) (0.99, 0.88, 1.00) #fs:   2  -- #Conts: 24 H(2)  G(11)  E(10)  C(1) 
1014418042 15769.29 || noQ Q (Avg,Max,Min) (1.00, 1.02, 1.00) (0.95, 0.24, 1.00) #fs:   2  -- #Conts: 24 H(3)  G(9)  E(11)  C(1) 
1015019003 15737.76 || noQ Q (Avg,Max,Min) (1.00, 1.01, 1.00) (0.99, 0.90, 1.00) #fs:   2  -- #Conts: 23 H(2)  G(9)  E(11)  C(1) 
1029164626 15690.47 || noQ Q (Avg,Max,Min) (1.00, 1.02, 1.00) (0.96, 0.24, 1.00) #fs:   2  -- #Conts: 24 H(2)  G(10)  E(11)  C(1) 
1029758967 15658.94 || noQ Q (Avg,Max,Min) (1.00, 1.01, 1.00) (0.99, 0.90, 1.00) #fs:   2  -- #Conts: 23 H(1)  G(10)  E(11)  C(1) 
1046848600 15643.88 || noQ Q (Avg,Max,Min) (1.00, 1.02, 1.00) (0.96, 0.24, 1.00) #fs:   0  -- #Conts: 23 H(1)  G(9)  A(1)  E(11)  C(1) 
1047461949 15628.12 || noQ Q (Avg,Max,Min) (1.00, 1.01, 1.00) (0.97, 0.41, 1.00) #fs:   0  -- #Conts: 23 G(10)  A(1)  E(11)  C(1) 
1049299031 15619.06 || noQ Q (Avg,Max,Min) (1.00, 1.00, 1.00) (0.99, 0.94, 1.00) #fs:   0  -- #Conts: 22 G(9)  A(1)  E(11)  C(1) 
1141973110 15618.59 || noQ Q (Avg,Max,Min) (1.00, 1.02, 1.00) (0.96, 0.24, 1.00) #fs:   0  -- #Conts: 22 H(1)  G(8)  A(1)  E(11)  C(1) 
1142586459 15602.82 || noQ Q (Avg,Max,Min) (1.00, 1.01, 1.00) (0.97, 0.41, 1.00) #fs:   0  -- #Conts: 22 G(9)  A(1)  E(11)  C(1) 
1144416007 15593.76 || noQ Q (Avg,Max,Min) (1.00, 1.00, 1.00) (0.99, 0.94, 1.00) #fs:   0  -- #Conts: 21 G(8)  A(1)  E(11)  C(1) 
1191120687 15593.06 || noQ Q (Avg,Max,Min) (1.00, 1.00, 1.00) (0.99, 0.94, 1.00) #fs:   0  -- #Conts: 21 G(8)  A(1)  E(11)  C(1) 
1465983727 15589.76 || noQ Q (Avg,Max,Min) (1.00, 1.01, 1.00) (0.98, 0.88, 1.00) #fs:   1  -- #Conts: 20 G(6)  A(1)  E(12)  C(1) 
1477016262 15577.18 || noQ Q (Avg,Max,Min) (1.00, 1.01, 1.00) (0.96, 0.41, 1.00) #fs:   1  -- #Conts: 19 G(6)  A(1)  E(11)  C(1) 
1478846524 15568.12 || noQ Q (Avg,Max,Min) (1.00, 1.00, 1.00) (0.99, 0.88, 1.00) #fs:   1  -- #Conts: 18 G(5)  A(1)  E(11)  C(1) 
1580868863 15492.59 || noQ Q (Avg,Max,Min) (1.00, 1.02, 1.00) (0.96, 0.24, 1.00) #fs:   0  -- #Conts: 20 H(2)  G(4)  A(1)  E(12)  C(1) 
1581470738 15476.82 || noQ Q (Avg,Max,Min) (1.00, 1.01, 1.00) (0.99, 0.96, 1.00) #fs:   0  -- #Conts: 19 H(1)  G(4)  A(1)  E(12)  C(1) 
1583330768 15467.76 || noQ Q (Avg,Max,Min) (1.00, 1.01, 1.00) (0.99, 0.93, 1.00) #fs:   0  -- #Conts: 20 H(1)  G(4)  A(1)  E(13)  C(1) 
1642838216 15435.06 || noQ Q (Avg,Max,Min) (1.00, 1.02, 1.00) (0.96, 0.24, 1.00) #fs:   0  -- #Conts: 20 H(2)  G(3)  A(1)  E(13)  C(1) 
1643451565 15419.29 || noQ Q (Avg,Max,Min) (1.00, 1.01, 1.00) (0.96, 0.41, 1.00) #fs:   0  -- #Conts: 20 H(1)  G(4)  A(1)  E(13)  C(1) 
1645288647 15410.24 || noQ Q (Avg,Max,Min) (1.00, 1.01, 1.00) (0.99, 0.96, 1.00) #fs:   0  -- #Conts: 19 H(1)  G(3)  A(1)  E(13)  C(1) 
2175475318 15402.82 || noQ Q (Avg,Max,Min) (1.00, 1.01, 1.00) (0.96, 0.41, 1.00) #fs:   0  -- #Conts: 15 H(1)  G(4)  E(9)  C(1) 
2177316164 15393.76 || noQ Q (Avg,Max,Min) (1.00, 1.01, 1.00) (0.99, 0.96, 1.00) #fs:   0  -- #Conts: 14 H(1)  G(3)  E(9)  C(1) 
2212304911 15393.06 || noQ Q (Avg,Max,Min) (1.00, 1.01, 1.00) (0.99, 0.96, 1.00) #fs:   0  -- #Conts: 14 H(1)  G(3)  A(1)  E(8)  C(1) 
2213961370 15380.47 || noQ Q (Avg,Max,Min) (1.00, 1.01, 1.00) (0.95, 0.41, 1.00) #fs:   0  -- #Conts: 14 H(1)  G(3)  A(1)  E(8)  C(1) 
2215802216 15371.41 || noQ Q (Avg,Max,Min) (1.00, 1.01, 1.00) (0.99, 0.96, 1.00) #fs:   0  -- #Conts: 13 H(1)  G(2)  A(1)  E(8)  C(1) 
2515943923 15368.12 || noQ Q (Avg,Max,Min) (1.00, 1.00, 1.00) (1.00, 0.99, 1.00) #fs:   0  -- #Conts: 12 G(4)  A(1)  E(7) 
2531621413 15096.29 || noQ Q (Avg,Max,Min) (1.00, 1.01, 1.00) (0.99, 0.88, 1.00) #fs:   1  -- #Conts: 24 H(2)  A(5)  G(6)  E(10)  C(1) 
2552118794 15053.29 || noQ Q (Avg,Max,Min) (1.00, 1.01, 1.00) (0.99, 0.88, 1.00) #fs:   1  -- #Conts: 27 H(2)  A(6)  G(6)  E(12)  C(1) 
2572433995 15013.24 || noQ Q (Avg,Max,Min) (1.00, 1.01, 1.00) (0.99, 0.88, 1.00) #fs:   1  -- #Conts: 26 H(2)  A(7)  G(6)  E(10)  C(1) 
2621492335 15000.59 || noQ Q (Avg,Max,Min) (1.00, 1.01, 1.00) (0.99, 0.88, 1.00) #fs:   1  -- #Conts: 25 H(3)  A(6)  G(5)  E(10)  C(1) 
2648648693 14980.53 || noQ Q (Avg,Max,Min) (1.00, 1.02, 1.00) (0.96, 0.24, 1.00) #fs:   1  -- #Conts: 22 H(3)  A(5)  G(5)  E(8)  C(1) 
2649242297 14964.76 || noQ Q (Avg,Max,Min) (1.00, 1.01, 1.00) (0.99, 0.88, 1.00) #fs:   1  -- #Conts: 21 H(2)  A(5)  G(5)  E(8)  C(1) 
2651110598 14955.71 || noQ Q (Avg,Max,Min) (1.00, 1.01, 1.00) (0.99, 0.88, 1.00) #fs:   1  -- #Conts: 22 H(2)  A(5)  G(5)  E(9)  C(1) 
2724138766 14941.06 || noQ Q (Avg,Max,Min) (1.00, 1.01, 1.00) (0.97, 0.41, 1.00) #fs:   1  -- #Conts: 24 H(2)  A(6)  G(7)  E(8)  C(1) 
2725987322 14932.00 || noQ Q (Avg,Max,Min) (1.00, 1.01, 1.00) (0.99, 0.88, 1.00) #fs:   1  -- #Conts: 24 H(2)  A(6)  G(6)  E(9)  C(1) 
2743832908 14916.76 || noQ Q (Avg,Max,Min) (1.00, 1.01, 1.00) (0.99, 0.88, 1.00) #fs:   1  -- #Conts: 22 H(2)  A(7)  G(6)  E(6)  C(1) 
2744453967 14901.00 || noQ Q (Avg,Max,Min) (1.00, 1.01, 1.00) (0.97, 0.41, 1.00) #fs:   1  -- #Conts: 23 H(2)  A(7)  G(7)  E(6)  C(1) 
2746302523 14891.94 || noQ Q (Avg,Max,Min) (1.00, 1.01, 1.00) (0.99, 0.88, 1.00) #fs:   1  -- #Conts: 23 H(2)  A(7)  G(6)  E(7)  C(1) 
2769235498 14878.00 || noQ Q (Avg,Max,Min) (1.00, 1.02, 1.00) (0.96, 0.24, 1.00) #fs:   1  -- #Conts: 23 H(2)  A(6)  G(6)  E(8)  C(1) 
2769841137 14846.47 || noQ Q (Avg,Max,Min) (1.00, 1.01, 1.00) (0.99, 0.88, 1.00) #fs:   1  -- #Conts: 22 H(1)  A(6)  G(6)  E(8)  C(1) 
2789550699 14837.94 || noQ Q (Avg,Max,Min) (1.00, 1.02, 1.00) (0.96, 0.24, 1.00) #fs:   1  -- #Conts: 22 H(2)  A(7)  G(6)  E(6)  C(1) 
2790156338 14806.41 || noQ Q (Avg,Max,Min) (1.00, 1.01, 1.00) (0.99, 0.88, 1.00) #fs:   1  -- #Conts: 21 H(1)  A(7)  G(6)  E(6)  C(1) 
2848561072 14761.82 || noQ Q (Avg,Max,Min) (1.00, 1.02, 1.00) (0.96, 0.24, 1.00) #fs:   2  -- #Conts: 23 H(1)  A(7)  G(6)  E(8)  C(1) 
2849166846 14746.06 || noQ Q (Avg,Max,Min) (1.00, 1.00, 1.00) (0.99, 0.88, 1.00) #fs:   2  -- #Conts: 22 A(7)  G(6)  E(8)  C(1) 
2851022977 14737.00 || noQ Q (Avg,Max,Min) (1.00, 1.01, 1.00) (0.99, 0.88, 1.00) #fs:   2  -- #Conts: 23 A(7)  G(6)  E(9)  C(1) 
2861413892 14716.53 || noQ Q (Avg,Max,Min) (1.00, 1.02, 1.00) (0.96, 0.24, 1.00) #fs:   1  -- #Conts: 24 H(1)  A(8)  G(5)  E(9)  C(1) 
2862027241 14700.76 || noQ Q (Avg,Max,Min) (1.00, 1.01, 1.00) (0.97, 0.41, 1.00) #fs:   1  -- #Conts: 24 A(8)  G(6)  E(9)  C(1) 
2863868087 14691.71 || noQ Q (Avg,Max,Min) (1.00, 1.00, 1.00) (0.99, 0.88, 1.00) #fs:   1  -- #Conts: 23 A(8)  G(5)  E(9)  C(1) 
2875427339 14679.12 || noQ Q (Avg,Max,Min) (1.00, 1.01, 1.00) (0.97, 0.41, 1.00) #fs:   1  -- #Conts: 23 A(8)  G(5)  E(9)  C(1) 
2877266734 14670.06 || noQ Q (Avg,Max,Min) (1.00, 1.00, 1.00) (0.99, 0.88, 1.00) #fs:   1  -- #Conts: 22 A(8)  G(4)  E(9)  C(1) 
3057366933 14627.12 || noQ Q (Avg,Max,Min) (1.00, 1.02, 1.00) (0.96, 0.24, 1.00) #fs:   1  -- #Conts: 20 H(2)  A(7)  G(3)  E(7)  C(1) 
3057961988 14611.35 || noQ Q (Avg,Max,Min) (1.00, 1.01, 1.00) (1.00, 0.98, 1.00) #fs:   1  -- #Conts: 19 H(1)  A(7)  G(3)  E(7)  C(1) 
3059828838 14602.29 || noQ Q (Avg,Max,Min) (1.00, 1.01, 1.00) (0.99, 0.93, 1.00) #fs:   1  -- #Conts: 20 H(1)  A(7)  G(3)  E(8)  C(1) 
3193996023 14601.12 || noQ Q (Avg,Max,Min) (1.00, 1.02, 1.00) (0.96, 0.24, 1.00) #fs:   1  -- #Conts: 19 H(2)  A(7)  G(2)  E(7)  C(1) 
3194609372 14585.35 || noQ Q (Avg,Max,Min) (1.00, 1.01, 1.00) (0.97, 0.41, 1.00) #fs:   1  -- #Conts: 19 H(1)  A(7)  G(3)  E(7)  C(1) 
3196450218 14576.29 || noQ Q (Avg,Max,Min) (1.00, 1.01, 1.00) (1.00, 0.99, 1.00) #fs:   1  -- #Conts: 18 H(1)  A(7)  G(2)  E(7)  C(1) 
3276904300 14572.76 || noQ Q (Avg,Max,Min) (1.00, 1.02, 1.00) (0.96, 0.24, 1.00) #fs:   1  -- #Conts: 18 H(2)  A(7)  G(1)  E(7)  C(1) 
3277517649 14557.00 || noQ Q (Avg,Max,Min) (1.00, 1.01, 1.00) (0.97, 0.41, 1.00) #fs:   1  -- #Conts: 18 H(1)  A(7)  G(2)  E(7)  C(1) 
3279358495 14547.94 || noQ Q (Avg,Max,Min) (1.00, 1.01, 1.00) (1.00, 0.99, 1.00) #fs:   1  -- #Conts: 17 H(1)  A(7)  G(1)  E(7)  C(1) 
3385513738 14540.65 || noQ Q (Avg,Max,Min) (1.00, 1.02, 1.00) (0.96, 0.24, 1.00) #fs:   1  -- #Conts: 21 H(2)  A(7)  E(11)  C(1) 
3386127087 14524.88 || noQ Q (Avg,Max,Min) (1.00, 1.01, 1.00) (0.97, 0.41, 1.00) #fs:   1  -- #Conts: 21 H(1)  A(7)  G(1)  E(11)  C(1) 
3387964169 14515.82 || noQ Q (Avg,Max,Min) (1.00, 1.01, 1.00) (0.99, 0.94, 1.00) #fs:   1  -- #Conts: 20 H(1)  A(7)  E(11)  C(1) 
3396673251 14511.12 || noQ Q (Avg,Max,Min) (1.00, 1.00, 1.00) (0.99, 0.94, 1.00) #fs:   0  -- #Conts: 20 A(8)  E(11)  C(1) 
4334448353 14416.12 || noQ Q (Avg,Max,Min) (1.00, 1.02, 1.00) (0.96, 0.24, 1.00) #fs:   1  -- #Conts: 19 H(3)  A(6)  G(2)  E(7)  C(1) 
4335061702 14400.35 || noQ Q (Avg,Max,Min) (1.00, 1.01, 1.00) (0.97, 0.41, 1.00) #fs:   1  -- #Conts: 19 H(2)  A(6)  G(3)  E(7)  C(1) 
4335253696 14144.06 || noQ Q (Avg,Max,Min) (1.00, 1.02, 1.00) (0.96, 0.24, 1.00) #fs:   1  -- #Conts: 21 H(2)  A(7)  E(11)  C(1) 
4335867045 14128.29 || noQ Q (Avg,Max,Min) (1.00, 1.01, 1.00) (0.97, 0.41, 1.00) #fs:   1  -- #Conts: 21 H(1)  A(7)  G(1)  E(11)  C(1) 
4336056194 13876.18 || noQ Q (Avg,Max,Min) (1.00, 1.02, 1.00) (0.95, 0.24, 1.00) #fs:   2  -- #Conts: 24 H(2)  A(9)  E(12)  C(1) 
4336207141 13742.41 || noQ Q (Avg,Max,Min) (1.00, 1.02, 1.00) (0.95, 0.24, 1.00) #fs:   1  -- #Conts: 24 H(2)  A(11)  E(10)  C(1) 
4336820490 13726.65 || noQ Q (Avg,Max,Min) (1.00, 1.01, 1.00) (0.96, 0.41, 1.00) #fs:   1  -- #Conts: 24 H(1)  A(11)  G(1)  E(10)  C(1) 
4338669046 13717.59 || noQ Q (Avg,Max,Min) (1.00, 1.01, 1.00) (0.98, 0.83, 1.00) #fs:   1  -- #Conts: 24 H(1)  A(11)  E(11)  C(1) 
4340961783 13666.00 || noQ Q (Avg,Max,Min) (1.00, 1.02, 1.00) (0.95, 0.24, 1.00) #fs:   1  -- #Conts: 25 H(2)  A(12)  E(10)  C(1) 
4341575132 13650.24 || noQ Q (Avg,Max,Min) (1.00, 1.01, 1.00) (0.96, 0.41, 1.00) #fs:   1  -- #Conts: 25 H(1)  A(12)  G(1)  E(10)  C(1) 
4343423688 13641.18 || noQ Q (Avg,Max,Min) (1.00, 1.01, 1.00) (0.98, 0.83, 1.00) #fs:   1  -- #Conts: 25 H(1)  A(12)  E(11)  C(1) 
4352962530 13636.47 || noQ Q (Avg,Max,Min) (1.00, 1.01, 1.00) (0.98, 0.83, 1.00) #fs:   0  -- #Conts: 26 A(13)  E(12)  C(1) 
4370998006 13618.29 || noQ Q (Avg,Max,Min) (1.00, 1.02, 1.00) (0.96, 0.24, 1.00) #fs:   0  -- #Conts: 29 H(1)  A(14)  E(13)  C(1) 
4371611355 13602.53 || noQ Q (Avg,Max,Min) (1.00, 1.01, 1.00) (0.96, 0.41, 1.00) #fs:   0  -- #Conts: 29 A(14)  G(1)  E(13)  C(1) 
4373459911 13593.47 || noQ Q (Avg,Max,Min) (1.00, 1.01, 1.00) (0.98, 0.83, 1.00) #fs:   0  -- #Conts: 29 A(14)  E(14)  C(1) 
4388181741 13582.94 || noQ Q (Avg,Max,Min) (1.00, 1.02, 1.00) (0.96, 0.24, 1.00) #fs:   1  -- #Conts: 26 H(2)  A(14)  E(9)  C(1) 
4388319300 13581.88 || noQ Q (Avg,Max,Min) (1.00, 1.02, 1.00) (0.95, 0.24, 1.00) #fs:   1  -- #Conts: 28 H(1)  A(14)  G(1)  E(10)  C(2) 
4388795090 13567.18 || noQ Q (Avg,Max,Min) (1.00, 1.01, 1.00) (0.97, 0.41, 1.00) #fs:   1  -- #Conts: 26 H(1)  A(14)  G(1)  E(9)  C(1) 
4388932649 13566.12 || noQ Q (Avg,Max,Min) (1.00, 1.01, 1.00) (0.96, 0.41, 1.00) #fs:   1  -- #Conts: 28 A(14)  G(2)  E(10)  C(2) 
4390643646 13558.12 || noQ Q (Avg,Max,Min) (1.00, 1.01, 1.00) (0.99, 0.88, 1.00) #fs:   1  -- #Conts: 26 H(1)  A(14)  E(10)  C(1) 
4390781205 13557.06 || noQ Q (Avg,Max,Min) (1.00, 1.01, 1.00) (0.98, 0.86, 1.00) #fs:   1  -- #Conts: 28 A(14)  G(1)  E(11)  C(2) 
/////////////////size: 109
nodes 50 edges 60
 mulT: 5000 mulD: 5000  sumData GB 7239
pareto /LIGO.n.50.0.dax time -> 1321.0
moheft /LIGO.n.50.0.dax time -> 1110.0
distance from M to C 85.46535142458121
distance from P to C 859.9455337706286
distance from C to M 72.09269142339984
distance from C to P 419.6161764705874
toCompare: /LIGO.n.50.0.dax sumDataGB: 7239 mulT: 5000 mulD: 5000 paretoOptTime_MS: 1321.0 MoheftOptimizationTime_MS: 1110.0 MtoC 85.46535142458121 PtoC 859.9455337706286 CtoM 72.09269142339984 CtoP 419.6161764705874
