specify -Dflow d,b,mt,md,size
Running /home/vaggelis/jc/CYBERSHAKE.n.100.0.dax mt 10 md: 1 size null
     88825 693.65 || noQ Q (Avg,Max,Min) (1.20, 1.47, 0.87) (0.01, 0.01, 0.03) #fs:  21  -- #Conts: 22 H(22) 
     89307 662.12 || noQ Q (Avg,Max,Min) (1.20, 1.47, 0.87) (0.01, 0.01, 0.03) #fs:  19  -- #Conts: 21 H(21) 
     91572 630.59 || noQ Q (Avg,Max,Min) (1.20, 1.42, 0.89) (0.01, 0.01, 0.03) #fs:  16  -- #Conts: 20 H(20) 
     92142 599.06 || noQ Q (Avg,Max,Min) (1.21, 1.40, 0.93) (0.01, 0.01, 0.03) #fs:  16  -- #Conts: 19 H(19) 
     94634 567.53 || noQ Q (Avg,Max,Min) (1.20, 1.47, 0.93) (0.02, 0.01, 0.03) #fs:  16  -- #Conts: 18 H(18) 
     95147 536.00 || noQ Q (Avg,Max,Min) (1.20, 1.48, 1.04) (0.02, 0.01, 0.03) #fs:  15  -- #Conts: 17 H(17) 
     98306 504.47 || noQ Q (Avg,Max,Min) (1.20, 1.48, 0.97) (0.02, 0.01, 0.03) #fs:  15  -- #Conts: 16 H(16) 
     99102 472.94 || noQ Q (Avg,Max,Min) (1.20, 1.48, 0.99) (0.02, 0.01, 0.03) #fs:  15  -- #Conts: 15 H(15) 
    102422 441.41 || noQ Q (Avg,Max,Min) (1.21, 1.46, 1.02) (0.02, 0.01, 0.03) #fs:  14  -- #Conts: 14 H(14) 
    105794 409.88 || noQ Q (Avg,Max,Min) (1.20, 1.44, 0.90) (0.02, 0.02, 0.03) #fs:  12  -- #Conts: 13 H(13) 
    111950 394.12 || noQ Q (Avg,Max,Min) (1.21, 1.44, 0.91) (0.02, 0.02, 0.03) #fs:   7  -- #Conts: 13 H(12)  G(1) 
    112116 346.82 || noQ Q (Avg,Max,Min) (1.27, 1.46, 1.06) (0.03, 0.02, 0.03) #fs:   9  -- #Conts: 11 H(11) 
    122102 299.53 || noQ Q (Avg,Max,Min) (1.25, 1.47, 1.09) (0.03, 0.02, 0.04) #fs:   6  -- #Conts: 10 H(9)  G(1) 
    123859 283.76 || noQ Q (Avg,Max,Min) (1.25, 1.44, 1.09) (0.03, 0.02, 0.04) #fs:   7  -- #Conts: 9 H(9) 
    133418 252.24 || noQ Q (Avg,Max,Min) (1.27, 1.42, 1.04) (0.03, 0.03, 0.04) #fs:   7  -- #Conts: 8 H(8) 
    146261 220.71 || noQ Q (Avg,Max,Min) (1.27, 1.44, 1.16) (0.04, 0.03, 0.05) #fs:   5  -- #Conts: 7 H(7) 
    159992 189.18 || noQ Q (Avg,Max,Min) (1.27, 1.42, 1.09) (0.05, 0.04, 0.05) #fs:   5  -- #Conts: 6 H(6) 
    182162 157.65 || noQ Q (Avg,Max,Min) (1.27, 1.40, 1.15) (0.05, 0.05, 0.06) #fs:   3  -- #Conts: 5 H(5) 
    206417 141.88 || noQ Q (Avg,Max,Min) (1.13, 1.25, 1.00) (0.05, 0.04, 0.06) #fs:   8  -- #Conts: 9 G(9) 
    212233 126.12 || noQ Q (Avg,Max,Min) (1.27, 1.39, 1.11) (0.07, 0.07, 0.07) #fs:   2  -- #Conts: 4 H(4) 
    242761 110.35 || noQ Q (Avg,Max,Min) (1.14, 1.25, 0.98) (0.06, 0.05, 0.07) #fs:   6  -- #Conts: 7 G(7) 
    267908 094.59 || noQ Q (Avg,Max,Min) (1.24, 1.38, 1.13) (0.09, 0.08, 0.09) #fs:   1  -- #Conts: 3 H(3) 
    308614 078.82 || noQ Q (Avg,Max,Min) (1.14, 1.25, 1.05) (0.08, 0.08, 0.09) #fs:   3  -- #Conts: 5 G(5) 
    359267 063.06 || noQ Q (Avg,Max,Min) (1.15, 1.24, 1.06) (0.10, 0.10, 0.11) #fs:   2  -- #Conts: 4 G(4) 
    455702 060.35 || noQ Q (Avg,Max,Min) (1.03, 1.11, 0.92) (0.10, 0.08, 0.13) #fs:   8  -- #Conts: 9 E(9) 
    458624 047.29 || noQ Q (Avg,Max,Min) (1.13, 1.24, 1.06) (0.14, 0.14, 0.14) #fs:   2  -- #Conts: 3 G(3) 
    545485 046.94 || noQ Q (Avg,Max,Min) (1.05, 1.11, 0.97) (0.13, 0.11, 0.14) #fs:   6  -- #Conts: 7 E(7) 
    592557 040.24 || noQ Q (Avg,Max,Min) (1.05, 1.11, 0.93) (0.15, 0.13, 0.17) #fs:   5  -- #Conts: 6 E(6) 
    647694 031.53 || noQ Q (Avg,Max,Min) (1.10, 1.10, 1.10) (0.20, 0.20, 0.20) #fs:   0  -- #Conts: 2 G(2) 
    807142 026.82 || noQ Q (Avg,Max,Min) (1.05, 1.10, 0.98) (0.22, 0.21, 0.23) #fs:   3  -- #Conts: 4 E(4) 
   1019643 026.71 || noQ Q (Avg,Max,Min) (0.95, 1.06, 0.58) (0.23, 0.13, 0.29) #fs:  10  -- #Conts: 6 E(1)  C(5) 
   1021704 024.00 || noQ Q (Avg,Max,Min) (1.02, 1.06, 0.93) (0.24, 0.22, 0.29) #fs:   5  -- #Conts: 6 C(6) 
   1034326 020.12 || noQ Q (Avg,Max,Min) (1.05, 1.10, 1.00) (0.29, 0.28, 0.30) #fs:   1  -- #Conts: 3 E(3) 
   1182434 020.00 || noQ Q (Avg,Max,Min) (1.02, 1.06, 0.99) (0.29, 0.26, 0.33) #fs:   3  -- #Conts: 5 C(5) 
   1294186 015.76 || noQ Q (Avg,Max,Min) (1.01, 1.01, 1.01) (0.36, 0.36, 0.36) #fs:   0  -- #Conts: 1 G(1) 
   1460729 013.41 || noQ Q (Avg,Max,Min) (1.04, 1.04, 1.04) (0.42, 0.42, 0.42) #fs:   0  -- #Conts: 2 E(2) 
   1783535 012.00 || noQ Q (Avg,Max,Min) (1.02, 1.06, 0.98) (0.48, 0.46, 0.51) #fs:   2  -- #Conts: 3 C(3) 
   2519342 010.71 || noQ Q (Avg,Max,Min) (0.81, 1.03, 0.60) (0.57, 0.42, 0.72) #fs:   7  -- #Conts: 2 E(1)  C(1) 
   2524043 008.00 || noQ Q (Avg,Max,Min) (1.02, 1.03, 1.02) (0.72, 0.72, 0.72) #fs:   0  -- #Conts: 2 C(2) 
   2918741 006.71 || noQ Q (Avg,Max,Min) (1.00, 1.00, 1.00) (0.81, 0.81, 0.81) #fs:   0  -- #Conts: 1 E(1) 
/////////////////size: 40
     88862 961.65 || noQ Q (Avg,Max,Min) (1.29, 1.59, 0.96) (0.01, 0.01, 0.03) #fs:  11  -- #Conts: 39 H(22)  G(17) 
     88959 945.88 || noQ Q (Avg,Max,Min) (1.27, 1.59, 0.94) (0.01, 0.01, 0.03) #fs:  13  -- #Conts: 39 H(21)  G(18) 
     89507 930.12 || noQ Q (Avg,Max,Min) (1.30, 1.57, 1.01) (0.01, 0.01, 0.03) #fs:  12  -- #Conts: 38 H(21)  G(17) 
     89575 914.35 || noQ Q (Avg,Max,Min) (1.27, 1.57, 0.97) (0.01, 0.01, 0.03) #fs:  15  -- #Conts: 39 H(19)  G(20) 
     90251 898.59 || noQ Q (Avg,Max,Min) (1.28, 1.56, 0.99) (0.01, 0.01, 0.03) #fs:  13  -- #Conts: 38 H(19)  G(19) 
     91106 882.82 || noQ Q (Avg,Max,Min) (1.28, 1.54, 0.97) (0.01, 0.01, 0.03) #fs:   9  -- #Conts: 39 H(17)  G(22) 
     92109 833.18 || noQ Q (Avg,Max,Min) (1.28, 1.50, 0.98) (0.01, 0.01, 0.03) #fs:   8  -- #Conts: 37 H(17)  G(18)  E(2) 
     92582 810.71 || noQ Q (Avg,Max,Min) (1.27, 1.50, 1.01) (0.01, 0.01, 0.03) #fs:  10  -- #Conts: 36 H(16)  G(19)  E(1) 
     92770 801.65 || noQ Q (Avg,Max,Min) (1.26, 1.49, 1.01) (0.01, 0.01, 0.03) #fs:  13  -- #Conts: 36 H(16)  G(18)  E(2) 
     93512 785.88 || noQ Q (Avg,Max,Min) (1.26, 1.45, 0.96) (0.01, 0.01, 0.03) #fs:  14  -- #Conts: 35 H(16)  G(17)  E(2) 
     93785 776.82 || noQ Q (Avg,Max,Min) (1.25, 1.47, 1.01) (0.01, 0.01, 0.03) #fs:  12  -- #Conts: 35 H(16)  G(16)  E(3) 
     94087 767.76 || noQ Q (Avg,Max,Min) (1.26, 1.46, 0.99) (0.01, 0.01, 0.03) #fs:  11  -- #Conts: 35 H(16)  G(15)  E(4) 
     94513 752.00 || noQ Q (Avg,Max,Min) (1.26, 1.47, 1.02) (0.01, 0.01, 0.03) #fs:   8  -- #Conts: 35 H(15)  G(16)  E(4) 
     95138 736.24 || noQ Q (Avg,Max,Min) (1.26, 1.45, 0.99) (0.01, 0.01, 0.03) #fs:   8  -- #Conts: 35 H(14)  G(17)  E(4) 
     95346 727.18 || noQ Q (Avg,Max,Min) (1.26, 1.45, 0.99) (0.01, 0.01, 0.03) #fs:   7  -- #Conts: 35 H(14)  G(16)  E(5) 
     96140 711.41 || noQ Q (Avg,Max,Min) (1.26, 1.44, 1.00) (0.01, 0.01, 0.03) #fs:   8  -- #Conts: 35 H(13)  G(17)  E(5) 
     96402 704.71 || noQ Q (Avg,Max,Min) (1.26, 1.44, 0.99) (0.01, 0.01, 0.03) #fs:   8  -- #Conts: 34 H(13)  G(17)  E(4) 
     96690 698.00 || noQ Q (Avg,Max,Min) (1.27, 1.44, 1.00) (0.01, 0.01, 0.03) #fs:  10  -- #Conts: 33 H(13)  G(17)  E(3) 
     96775 688.94 || noQ Q (Avg,Max,Min) (1.26, 1.44, 0.99) (0.01, 0.01, 0.03) #fs:   9  -- #Conts: 34 H(12)  G(18)  E(4) 
     97492 679.88 || noQ Q (Avg,Max,Min) (1.25, 1.44, 0.98) (0.01, 0.01, 0.03) #fs:   7  -- #Conts: 34 H(12)  G(17)  E(5) 
     98208 670.82 || noQ Q (Avg,Max,Min) (1.25, 1.44, 0.98) (0.01, 0.01, 0.03) #fs:   5  -- #Conts: 35 H(11)  G(18)  E(6) 
     98497 661.76 || noQ Q (Avg,Max,Min) (1.24, 1.44, 0.97) (0.01, 0.01, 0.03) #fs:   8  -- #Conts: 35 H(11)  G(17)  E(7) 
     98640 655.06 || noQ Q (Avg,Max,Min) (1.24, 1.44, 0.97) (0.01, 0.01, 0.03) #fs:   8  -- #Conts: 34 H(11)  G(17)  E(6) 
     99827 646.00 || noQ Q (Avg,Max,Min) (1.24, 1.41, 1.04) (0.01, 0.01, 0.03) #fs:   5  -- #Conts: 34 H(11)  G(16)  E(7) 
    100544 639.29 || noQ Q (Avg,Max,Min) (1.24, 1.41, 1.01) (0.01, 0.01, 0.03) #fs:   7  -- #Conts: 33 H(11)  G(16)  E(6) 
    101025 632.59 || noQ Q (Avg,Max,Min) (1.24, 1.41, 1.01) (0.01, 0.01, 0.03) #fs:   7  -- #Conts: 32 H(11)  G(16)  E(5) 
    101158 587.65 || noQ Q (Avg,Max,Min) (1.23, 1.40, 1.01) (0.01, 0.01, 0.03) #fs:  14  -- #Conts: 30 H(9)  G(18)  E(3) 
    102468 571.88 || noQ Q (Avg,Max,Min) (1.23, 1.40, 1.01) (0.01, 0.01, 0.03) #fs:  12  -- #Conts: 29 H(9)  G(17)  E(3) 
    103125 553.76 || noQ Q (Avg,Max,Min) (1.19, 1.36, 0.89) (0.01, 0.01, 0.03) #fs:  14  -- #Conts: 32 H(6)  G(21)  E(5) 
    103746 547.06 || noQ Q (Avg,Max,Min) (1.21, 1.38, 0.96) (0.01, 0.01, 0.03) #fs:  12  -- #Conts: 31 H(6)  G(21)  E(4) 
    104082 540.35 || noQ Q (Avg,Max,Min) (1.19, 1.34, 0.89) (0.01, 0.01, 0.03) #fs:  18  -- #Conts: 30 H(6)  G(21)  E(3) 
    104786 533.65 || noQ Q (Avg,Max,Min) (1.21, 1.38, 0.97) (0.01, 0.01, 0.03) #fs:  12  -- #Conts: 29 H(6)  G(21)  E(2) 
    105011 526.94 || noQ Q (Avg,Max,Min) (1.20, 1.34, 0.95) (0.01, 0.01, 0.03) #fs:  11  -- #Conts: 28 H(6)  G(21)  E(1) 
    105203 517.88 || noQ Q (Avg,Max,Min) (1.19, 1.34, 0.99) (0.01, 0.01, 0.03) #fs:  15  -- #Conts: 28 H(6)  G(20)  E(2) 
    105700 508.82 || noQ Q (Avg,Max,Min) (1.17, 1.35, 0.93) (0.01, 0.01, 0.03) #fs:  15  -- #Conts: 28 H(6)  G(19)  E(3) 
    106495 504.47 || noQ Q (Avg,Max,Min) (1.20, 1.43, 0.93) (0.01, 0.01, 0.03) #fs:  11  -- #Conts: 26 H(6)  G(20) 
    106499 502.12 || noQ Q (Avg,Max,Min) (1.21, 1.43, 0.93) (0.01, 0.01, 0.03) #fs:   8  -- #Conts: 27 H(6)  G(19)  E(2) 
    106920 495.41 || noQ Q (Avg,Max,Min) (1.21, 1.43, 0.94) (0.01, 0.01, 0.03) #fs:   9  -- #Conts: 26 H(6)  G(19)  E(1) 
    107444 486.35 || noQ Q (Avg,Max,Min) (1.19, 1.42, 0.91) (0.01, 0.01, 0.03) #fs:   9  -- #Conts: 26 H(6)  G(18)  E(2) 
    107659 472.94 || noQ Q (Avg,Max,Min) (1.19, 1.44, 0.89) (0.02, 0.01, 0.03) #fs:  12  -- #Conts: 24 H(6)  G(18) 
    108437 457.18 || noQ Q (Avg,Max,Min) (1.21, 1.43, 0.92) (0.02, 0.01, 0.03) #fs:  17  -- #Conts: 23 H(6)  G(17) 
    109319 448.12 || noQ Q (Avg,Max,Min) (1.22, 1.42, 0.91) (0.02, 0.01, 0.03) #fs:   8  -- #Conts: 23 H(6)  G(16)  E(1) 
    109599 439.06 || noQ Q (Avg,Max,Min) (1.22, 1.42, 0.89) (0.02, 0.01, 0.03) #fs:   9  -- #Conts: 23 H(6)  G(15)  E(2) 
    110261 427.65 || noQ Q (Avg,Max,Min) (1.17, 1.41, 0.88) (0.02, 0.01, 0.03) #fs:  12  -- #Conts: 27 H(3)  G(19)  E(5) 
    110426 418.59 || noQ Q (Avg,Max,Min) (1.17, 1.41, 0.90) (0.02, 0.01, 0.03) #fs:  10  -- #Conts: 27 H(3)  G(18)  E(6) 
    112197 411.88 || noQ Q (Avg,Max,Min) (1.19, 1.38, 0.89) (0.02, 0.01, 0.03) #fs:   8  -- #Conts: 26 H(3)  G(18)  E(5) 
    112395 409.53 || noQ Q (Avg,Max,Min) (1.17, 1.37, 0.89) (0.02, 0.01, 0.03) #fs:  11  -- #Conts: 28 H(2)  G(19)  E(7) 
    112927 397.76 || noQ Q (Avg,Max,Min) (1.18, 1.39, 0.94) (0.02, 0.01, 0.04) #fs:   7  -- #Conts: 28 H(2)  G(18)  E(7)  C(1) 
    113380 391.06 || noQ Q (Avg,Max,Min) (1.19, 1.38, 0.96) (0.02, 0.01, 0.04) #fs:  11  -- #Conts: 27 H(2)  G(18)  E(6)  C(1) 
    113619 388.35 || noQ Q (Avg,Max,Min) (1.19, 1.38, 0.97) (0.02, 0.01, 0.04) #fs:  10  -- #Conts: 27 H(2)  G(18)  E(5)  C(2) 
    114039 385.65 || noQ Q (Avg,Max,Min) (1.18, 1.34, 0.90) (0.02, 0.01, 0.04) #fs:   7  -- #Conts: 27 H(2)  G(18)  E(4)  C(3) 
    114338 382.94 || noQ Q (Avg,Max,Min) (1.17, 1.36, 0.93) (0.02, 0.01, 0.03) #fs:  10  -- #Conts: 27 H(2)  G(18)  E(3)  C(4) 
    114809 373.88 || noQ Q (Avg,Max,Min) (1.18, 1.34, 1.08) (0.02, 0.01, 0.03) #fs:  10  -- #Conts: 27 H(2)  G(17)  E(4)  C(4) 
    115647 371.53 || noQ Q (Avg,Max,Min) (1.17, 1.34, 1.08) (0.02, 0.01, 0.04) #fs:  12  -- #Conts: 28 H(2)  G(16)  E(6)  C(4) 
    116186 366.47 || noQ Q (Avg,Max,Min) (1.16, 1.35, 1.04) (0.02, 0.01, 0.03) #fs:   8  -- #Conts: 29 H(2)  G(15)  E(7)  C(5) 
    117063 357.41 || noQ Q (Avg,Max,Min) (1.16, 1.24, 1.04) (0.02, 0.01, 0.03) #fs:  10  -- #Conts: 30 H(1)  G(16)  E(8)  C(5) 
    117488 354.71 || noQ Q (Avg,Max,Min) (1.16, 1.24, 1.04) (0.02, 0.01, 0.03) #fs:   5  -- #Conts: 30 H(1)  G(16)  E(7)  C(6) 
    118251 352.35 || noQ Q (Avg,Max,Min) (1.16, 1.23, 1.04) (0.02, 0.01, 0.04) #fs:   5  -- #Conts: 31 H(1)  G(15)  E(9)  C(6) 
    119199 350.00 || noQ Q (Avg,Max,Min) (1.14, 1.23, 0.90) (0.02, 0.01, 0.04) #fs:  10  -- #Conts: 32 H(1)  G(14)  E(11)  C(6) 
    120036 347.65 || noQ Q (Avg,Max,Min) (1.15, 1.22, 1.06) (0.02, 0.01, 0.04) #fs:   8  -- #Conts: 33 H(1)  G(13)  E(13)  C(6) 
    121865 342.59 || noQ Q (Avg,Max,Min) (1.13, 1.22, 0.93) (0.02, 0.01, 0.04) #fs:   7  -- #Conts: 34 H(1)  G(12)  E(14)  C(7) 
    122708 340.24 || noQ Q (Avg,Max,Min) (1.13, 1.21, 0.99) (0.02, 0.01, 0.04) #fs:   8  -- #Conts: 35 H(1)  G(11)  E(16)  C(7) 
    124017 337.53 || noQ Q (Avg,Max,Min) (1.14, 1.22, 1.08) (0.02, 0.01, 0.04) #fs:   4  -- #Conts: 35 H(1)  G(11)  E(15)  C(8) 
    124278 334.82 || noQ Q (Avg,Max,Min) (1.14, 1.22, 1.08) (0.02, 0.01, 0.04) #fs:   7  -- #Conts: 35 H(1)  G(11)  E(14)  C(9) 
    124468 332.47 || noQ Q (Avg,Max,Min) (1.13, 1.21, 1.03) (0.02, 0.01, 0.04) #fs:   7  -- #Conts: 36 H(1)  G(10)  E(16)  C(9) 
    124933 330.12 || noQ Q (Avg,Max,Min) (1.11, 1.21, 0.96) (0.02, 0.01, 0.04) #fs:  11  -- #Conts: 37 H(1)  G(9)  E(18)  C(9) 
    125633 327.41 || noQ Q (Avg,Max,Min) (1.12, 1.20, 0.94) (0.02, 0.01, 0.04) #fs:   9  -- #Conts: 37 H(1)  G(9)  E(17)  C(10) 
    126819 325.06 || noQ Q (Avg,Max,Min) (1.11, 1.20, 0.96) (0.02, 0.01, 0.04) #fs:   8  -- #Conts: 38 H(1)  G(8)  E(19)  C(10) 
    127808 323.41 || noQ Q (Avg,Max,Min) (1.12, 1.21, 1.02) (0.02, 0.01, 0.04) #fs:   4  -- #Conts: 36 H(1)  G(9)  E(17)  C(9) 
    128377 322.71 || noQ Q (Avg,Max,Min) (1.11, 1.19, 1.01) (0.02, 0.01, 0.04) #fs:   6  -- #Conts: 39 H(1)  G(7)  E(21)  C(10) 
    128800 320.35 || noQ Q (Avg,Max,Min) (1.11, 1.18, 0.99) (0.02, 0.01, 0.04) #fs:   7  -- #Conts: 40 H(1)  G(6)  E(23)  C(10) 
    129495 317.65 || noQ Q (Avg,Max,Min) (1.10, 1.18, 0.90) (0.02, 0.01, 0.04) #fs:  10  -- #Conts: 40 H(1)  G(6)  E(22)  C(11) 
    130090 313.65 || noQ Q (Avg,Max,Min) (1.11, 1.18, 0.96) (0.02, 0.01, 0.04) #fs:   6  -- #Conts: 39 H(1)  G(6)  E(22)  C(10) 
    131452 309.65 || noQ Q (Avg,Max,Min) (1.11, 1.17, 0.98) (0.02, 0.01, 0.04) #fs:   5  -- #Conts: 38 H(1)  G(6)  E(22)  C(9) 
    132545 308.24 || noQ Q (Avg,Max,Min) (1.11, 1.17, 1.00) (0.02, 0.01, 0.04) #fs:   4  -- #Conts: 39 H(1)  G(6)  E(20)  C(12) 
    133213 304.24 || noQ Q (Avg,Max,Min) (1.11, 1.17, 1.00) (0.02, 0.01, 0.04) #fs:   6  -- #Conts: 38 H(1)  G(6)  E(20)  C(11) 
    133464 301.88 || noQ Q (Avg,Max,Min) (1.11, 1.18, 1.04) (0.02, 0.01, 0.04) #fs:   6  -- #Conts: 39 H(1)  G(5)  E(22)  C(11) 
    134509 300.24 || noQ Q (Avg,Max,Min) (1.11, 1.16, 1.03) (0.02, 0.01, 0.04) #fs:   4  -- #Conts: 37 H(1)  G(6)  E(20)  C(10) 
    135030 297.88 || noQ Q (Avg,Max,Min) (1.11, 1.17, 1.05) (0.02, 0.01, 0.04) #fs:   5  -- #Conts: 38 H(1)  G(5)  E(22)  C(10) 
    135595 293.88 || noQ Q (Avg,Max,Min) (1.11, 1.17, 1.03) (0.02, 0.01, 0.04) #fs:   7  -- #Conts: 37 H(1)  G(5)  E(22)  C(9) 
    136295 286.12 || noQ Q (Avg,Max,Min) (1.10, 1.17, 0.99) (0.02, 0.01, 0.04) #fs:   7  -- #Conts: 38 H(1)  G(4)  E(22)  C(11) 
    138009 282.12 || noQ Q (Avg,Max,Min) (1.10, 1.17, 1.04) (0.02, 0.01, 0.04) #fs:   5  -- #Conts: 37 H(1)  G(4)  E(22)  C(10) 
    138702 279.41 || noQ Q (Avg,Max,Min) (1.10, 1.16, 1.00) (0.02, 0.01, 0.04) #fs:   6  -- #Conts: 37 H(1)  G(4)  E(21)  C(11) 
    142032 272.35 || noQ Q (Avg,Max,Min) (1.10, 1.21, 1.02) (0.02, 0.01, 0.04) #fs:  10  -- #Conts: 35 H(1)  G(5)  E(17)  C(12) 
    143125 260.35 || noQ Q (Avg,Max,Min) (1.10, 1.20, 0.90) (0.02, 0.01, 0.05) #fs:  11  -- #Conts: 32 H(1)  G(5)  E(17)  C(9) 
    143786 256.35 || noQ Q (Avg,Max,Min) (1.09, 1.19, 0.91) (0.02, 0.01, 0.05) #fs:  14  -- #Conts: 31 H(1)  G(5)  E(17)  C(8) 
    145319 250.59 || noQ Q (Avg,Max,Min) (1.07, 1.15, 0.87) (0.02, 0.02, 0.04) #fs:  13  -- #Conts: 35 H(1)  G(2)  E(22)  C(10) 
    146310 243.88 || noQ Q (Avg,Max,Min) (1.08, 1.18, 0.88) (0.02, 0.02, 0.04) #fs:   9  -- #Conts: 34 H(1)  G(2)  E(21)  C(10) 
    147644 242.82 || noQ Q (Avg,Max,Min) (1.07, 1.16, 0.87) (0.02, 0.02, 0.05) #fs:  14  -- #Conts: 36 H(1)  G(1)  E(22)  C(12) 
    148564 238.82 || noQ Q (Avg,Max,Min) (1.08, 1.16, 0.89) (0.02, 0.02, 0.05) #fs:  13  -- #Conts: 35 H(1)  G(1)  E(22)  C(11) 
    149133 236.12 || noQ Q (Avg,Max,Min) (1.08, 1.16, 0.90) (0.02, 0.02, 0.05) #fs:  12  -- #Conts: 35 H(1)  G(1)  E(21)  C(12) 
    149468 233.41 || noQ Q (Avg,Max,Min) (1.07, 1.15, 0.85) (0.02, 0.02, 0.05) #fs:  11  -- #Conts: 35 H(1)  G(1)  E(20)  C(13) 
    149849 232.12 || noQ Q (Avg,Max,Min) (1.08, 1.15, 0.87) (0.02, 0.02, 0.05) #fs:  12  -- #Conts: 34 H(1)  G(1)  E(21)  C(11) 
    150941 230.71 || noQ Q (Avg,Max,Min) (1.06, 1.15, 0.83) (0.02, 0.02, 0.05) #fs:  14  -- #Conts: 35 H(1)  G(1)  E(19)  C(14) 
    152457 226.71 || noQ Q (Avg,Max,Min) (1.05, 1.15, 0.84) (0.02, 0.02, 0.05) #fs:   9  -- #Conts: 34 H(1)  G(1)  E(19)  C(13) 
    155147 224.00 || noQ Q (Avg,Max,Min) (1.08, 1.13, 0.93) (0.02, 0.02, 0.05) #fs:   9  -- #Conts: 34 H(1)  G(1)  E(18)  C(14) 
    156833 222.24 || noQ Q (Avg,Max,Min) (1.06, 1.16, 0.83) (0.02, 0.02, 0.05) #fs:  15  -- #Conts: 34 H(1)  G(2)  E(13)  C(18) 
    157234 214.24 || noQ Q (Avg,Max,Min) (1.06, 1.16, 0.85) (0.03, 0.02, 0.05) #fs:  15  -- #Conts: 32 H(1)  G(2)  E(13)  C(16) 
    159443 210.24 || noQ Q (Avg,Max,Min) (1.06, 1.16, 0.81) (0.03, 0.02, 0.05) #fs:  13  -- #Conts: 31 H(1)  G(2)  E(13)  C(15) 
    161259 206.24 || noQ Q (Avg,Max,Min) (1.08, 1.15, 0.83) (0.03, 0.02, 0.05) #fs:   8  -- #Conts: 30 H(1)  G(2)  E(13)  C(14) 
    163054 203.53 || noQ Q (Avg,Max,Min) (1.08, 1.16, 0.86) (0.03, 0.02, 0.05) #fs:   5  -- #Conts: 30 H(1)  G(2)  E(12)  C(15) 
    164487 200.82 || noQ Q (Avg,Max,Min) (1.07, 1.15, 0.84) (0.03, 0.02, 0.05) #fs:   8  -- #Conts: 30 H(1)  G(2)  E(11)  C(16) 
    165214 198.00 || noQ Q (Avg,Max,Min) (1.07, 1.14, 0.86) (0.03, 0.02, 0.05) #fs:  10  -- #Conts: 32 H(1)  G(2)  E(7)  C(22) 
    168803 196.71 || noQ Q (Avg,Max,Min) (1.07, 1.12, 0.81) (0.03, 0.00, 0.05) #fs:   6  -- #Conts: 31 H(1)  G(2)  E(8)  C(20) 
    168846 190.00 || noQ Q (Avg,Max,Min) (1.06, 1.12, 0.81) (0.03, 0.02, 0.05) #fs:  10  -- #Conts: 30 H(1)  G(2)  E(7)  C(20) 
    170770 186.00 || noQ Q (Avg,Max,Min) (1.08, 1.11, 1.02) (0.03, 0.02, 0.05) #fs:   7  -- #Conts: 29 H(1)  G(2)  E(7)  C(19) 
    172302 182.00 || noQ Q (Avg,Max,Min) (1.08, 1.18, 0.99) (0.03, 0.02, 0.05) #fs:   8  -- #Conts: 28 H(1)  G(2)  E(7)  C(18) 
    175851 178.00 || noQ Q (Avg,Max,Min) (1.08, 1.19, 1.05) (0.03, 0.02, 0.05) #fs:   2  -- #Conts: 27 H(1)  G(2)  E(7)  C(17) 
    183067 174.00 || noQ Q (Avg,Max,Min) (1.08, 1.15, 1.05) (0.03, 0.02, 0.06) #fs:   3  -- #Conts: 26 H(1)  G(2)  E(7)  C(16) 
    187462 170.00 || noQ Q (Avg,Max,Min) (1.08, 1.20, 1.04) (0.03, 0.02, 0.06) #fs:   3  -- #Conts: 25 H(1)  G(2)  E(7)  C(15) 
    191985 166.00 || noQ Q (Avg,Max,Min) (1.08, 1.20, 1.04) (0.03, 0.02, 0.06) #fs:   4  -- #Conts: 24 H(1)  G(2)  E(7)  C(14) 
    192326 162.00 || noQ Q (Avg,Max,Min) (1.08, 1.20, 0.99) (0.03, 0.02, 0.06) #fs:   7  -- #Conts: 23 H(1)  G(2)  E(7)  C(13) 
    195080 158.00 || noQ Q (Avg,Max,Min) (1.08, 1.20, 0.98) (0.03, 0.02, 0.06) #fs:   6  -- #Conts: 22 H(1)  G(2)  E(7)  C(12) 
    196869 154.00 || noQ Q (Avg,Max,Min) (1.07, 1.19, 1.00) (0.04, 0.02, 0.06) #fs:   8  -- #Conts: 21 H(1)  G(2)  E(7)  C(11) 
    200299 150.00 || noQ Q (Avg,Max,Min) (1.08, 1.17, 0.93) (0.04, 0.02, 0.06) #fs:   6  -- #Conts: 20 H(1)  G(2)  E(7)  C(10) 
    201691 147.06 || noQ Q (Avg,Max,Min) (1.04, 1.19, 0.83) (0.04, 0.02, 0.06) #fs:  14  -- #Conts: 24 H(1)  G(2)  C(21) 
    203459 143.06 || noQ Q (Avg,Max,Min) (1.03, 1.17, 0.82) (0.04, 0.02, 0.06) #fs:  13  -- #Conts: 23 H(1)  G(2)  C(20) 
    209209 139.06 || noQ Q (Avg,Max,Min) (1.04, 1.15, 0.83) (0.04, 0.02, 0.06) #fs:   9  -- #Conts: 22 H(1)  G(2)  C(19) 
    211165 135.06 || noQ Q (Avg,Max,Min) (1.03, 1.11, 0.83) (0.04, 0.02, 0.06) #fs:  12  -- #Conts: 21 H(1)  G(2)  C(18) 
    212722 131.06 || noQ Q (Avg,Max,Min) (1.02, 1.15, 0.82) (0.04, 0.03, 0.06) #fs:  10  -- #Conts: 20 H(1)  G(2)  C(17) 
    215674 127.06 || noQ Q (Avg,Max,Min) (1.02, 1.21, 0.80) (0.04, 0.03, 0.06) #fs:  10  -- #Conts: 19 H(1)  G(2)  C(16) 
    221844 123.06 || noQ Q (Avg,Max,Min) (1.02, 1.21, 0.79) (0.05, 0.03, 0.07) #fs:  10  -- #Conts: 18 H(1)  G(2)  C(15) 
    223052 119.06 || noQ Q (Avg,Max,Min) (1.04, 1.21, 0.78) (0.05, 0.03, 0.07) #fs:   7  -- #Conts: 17 H(1)  G(2)  C(14) 
    229101 115.06 || noQ Q (Avg,Max,Min) (1.07, 1.19, 1.04) (0.05, 0.04, 0.07) #fs:   3  -- #Conts: 16 H(1)  G(2)  C(13) 
    234121 111.06 || noQ Q (Avg,Max,Min) (1.07, 1.19, 1.02) (0.05, 0.05, 0.07) #fs:   3  -- #Conts: 15 H(1)  G(2)  C(12) 
    241967 107.06 || noQ Q (Avg,Max,Min) (1.07, 1.21, 0.99) (0.05, 0.05, 0.07) #fs:   2  -- #Conts: 14 H(1)  G(2)  C(11) 
    251120 103.06 || noQ Q (Avg,Max,Min) (1.08, 1.22, 1.03) (0.06, 0.05, 0.08) #fs:   4  -- #Conts: 13 H(1)  G(2)  C(10) 
    261881 099.06 || noQ Q (Avg,Max,Min) (1.07, 1.21, 1.00) (0.06, 0.05, 0.08) #fs:   2  -- #Conts: 12 H(1)  G(2)  C(9) 
    267159 095.06 || noQ Q (Avg,Max,Min) (1.07, 1.24, 0.99) (0.06, 0.05, 0.08) #fs:   8  -- #Conts: 11 H(1)  G(2)  C(8) 
    282323 091.06 || noQ Q (Avg,Max,Min) (1.09, 1.22, 1.06) (0.06, 0.05, 0.09) #fs:   1  -- #Conts: 10 H(1)  G(2)  C(7) 
    285930 089.06 || noQ Q (Avg,Max,Min) (1.06, 1.20, 0.96) (0.06, 0.05, 0.09) #fs:   5  -- #Conts: 11 H(1)  G(2)  A(2)  C(6) 
    288006 088.06 || noQ Q (Avg,Max,Min) (1.06, 1.20, 0.93) (0.06, 0.05, 0.09) #fs:   7  -- #Conts: 10 H(1)  G(2)  A(1)  C(6) 
    289884 087.06 || noQ Q (Avg,Max,Min) (1.03, 1.21, 0.91) (0.06, 0.05, 0.09) #fs:   5  -- #Conts: 12 H(1)  G(2)  A(4)  C(5) 
    290432 086.06 || noQ Q (Avg,Max,Min) (1.03, 1.21, 0.89) (0.07, 0.05, 0.09) #fs:   5  -- #Conts: 11 H(1)  G(2)  A(3)  C(5) 
    291973 085.06 || noQ Q (Avg,Max,Min) (1.03, 1.20, 0.89) (0.07, 0.06, 0.09) #fs:   7  -- #Conts: 10 H(1)  G(2)  A(2)  C(5) 
    292860 084.06 || noQ Q (Avg,Max,Min) (1.05, 1.19, 0.92) (0.07, 0.06, 0.09) #fs:   7  -- #Conts: 9 H(1)  G(2)  A(1)  C(5) 
    295545 083.06 || noQ Q (Avg,Max,Min) (1.04, 1.23, 0.89) (0.07, 0.06, 0.09) #fs:   7  -- #Conts: 8 H(1)  G(2)  C(5) 
    299830 082.06 || noQ Q (Avg,Max,Min) (1.03, 1.23, 0.92) (0.07, 0.06, 0.09) #fs:   8  -- #Conts: 10 H(1)  G(2)  A(3)  C(4) 
    300668 081.06 || noQ Q (Avg,Max,Min) (1.05, 1.23, 0.93) (0.07, 0.06, 0.09) #fs:   7  -- #Conts: 9 H(1)  G(2)  A(2)  C(4) 
    301816 080.06 || noQ Q (Avg,Max,Min) (1.08, 1.23, 0.99) (0.08, 0.07, 0.09) #fs:   8  -- #Conts: 8 H(1)  G(2)  A(1)  C(4) 
    305046 079.06 || noQ Q (Avg,Max,Min) (1.07, 1.23, 0.88) (0.08, 0.06, 0.09) #fs:   3  -- #Conts: 7 H(1)  G(2)  C(4) 
    309560 078.06 || noQ Q (Avg,Max,Min) (1.05, 1.22, 0.90) (0.08, 0.06, 0.09) #fs:   4  -- #Conts: 9 H(1)  G(2)  A(3)  C(3) 
    311005 077.06 || noQ Q (Avg,Max,Min) (1.08, 1.22, 1.02) (0.08, 0.07, 0.10) #fs:   3  -- #Conts: 8 H(1)  G(2)  A(2)  C(3) 
    315474 076.06 || noQ Q (Avg,Max,Min) (1.06, 1.20, 0.99) (0.08, 0.07, 0.10) #fs:   4  -- #Conts: 10 H(1)  G(2)  A(5)  C(2) 
    320057 075.06 || noQ Q (Avg,Max,Min) (1.05, 1.20, 0.98) (0.08, 0.07, 0.10) #fs:   5  -- #Conts: 12 H(1)  G(2)  A(8)  C(1) 
    324285 074.06 || noQ Q (Avg,Max,Min) (1.04, 1.19, 0.92) (0.08, 0.06, 0.10) #fs:   5  -- #Conts: 11 H(1)  G(2)  A(7)  C(1) 
    326377 073.06 || noQ Q (Avg,Max,Min) (1.06, 1.20, 1.00) (0.08, 0.07, 0.10) #fs:   4  -- #Conts: 10 H(1)  G(2)  A(6)  C(1) 
    330115 072.06 || noQ Q (Avg,Max,Min) (1.06, 1.22, 0.98) (0.08, 0.07, 0.10) #fs:   4  -- #Conts: 9 H(1)  G(2)  A(5)  C(1) 
    333855 071.06 || noQ Q (Avg,Max,Min) (1.06, 1.21, 0.94) (0.08, 0.07, 0.10) #fs:   5  -- #Conts: 8 H(1)  G(2)  A(4)  C(1) 
    339565 071.00 || noQ Q (Avg,Max,Min) (0.98, 1.16, 0.42) (0.08, 0.01, 0.11) #fs:   6  -- #Conts: 14 H(1)  G(1)  A(9)  E(1)  C(2) 
    340116 070.00 || noQ Q (Avg,Max,Min) (1.03, 1.16, 0.87) (0.08, 0.07, 0.11) #fs:   4  -- #Conts: 13 H(1)  G(1)  A(8)  E(1)  C(2) 
    344884 069.00 || noQ Q (Avg,Max,Min) (1.03, 1.16, 0.91) (0.08, 0.06, 0.11) #fs:   7  -- #Conts: 12 H(1)  G(1)  A(7)  E(1)  C(2) 
    350227 068.00 || noQ Q (Avg,Max,Min) (1.06, 1.17, 1.02) (0.08, 0.06, 0.11) #fs:   2  -- #Conts: 11 H(1)  G(1)  A(6)  E(1)  C(2) 
    352670 067.00 || noQ Q (Avg,Max,Min) (1.05, 1.18, 0.91) (0.09, 0.07, 0.12) #fs:   4  -- #Conts: 10 H(1)  G(1)  A(5)  E(1)  C(2) 
    359745 066.00 || noQ Q (Avg,Max,Min) (1.06, 1.19, 1.01) (0.08, 0.06, 0.12) #fs:   2  -- #Conts: 9 H(1)  G(1)  A(4)  E(1)  C(2) 
    362870 065.00 || noQ Q (Avg,Max,Min) (1.05, 1.18, 0.98) (0.09, 0.07, 0.12) #fs:   6  -- #Conts: 8 H(1)  G(1)  A(3)  E(1)  C(2) 
    366262 064.00 || noQ Q (Avg,Max,Min) (1.08, 1.18, 1.02) (0.09, 0.07, 0.12) #fs:   3  -- #Conts: 7 H(1)  G(1)  A(2)  E(1)  C(2) 
    369917 063.00 || noQ Q (Avg,Max,Min) (1.08, 1.19, 1.00) (0.10, 0.09, 0.12) #fs:   6  -- #Conts: 6 H(1)  G(1)  A(1)  E(1)  C(2) 
    378754 062.00 || noQ Q (Avg,Max,Min) (1.05, 1.18, 0.91) (0.09, 0.06, 0.12) #fs:   4  -- #Conts: 8 H(1)  G(1)  A(4)  E(1)  C(1) 
    382208 061.00 || noQ Q (Avg,Max,Min) (1.07, 1.18, 1.02) (0.10, 0.07, 0.13) #fs:   4  -- #Conts: 7 H(1)  G(1)  A(3)  E(1)  C(1) 
    390654 060.00 || noQ Q (Avg,Max,Min) (1.04, 1.19, 0.88) (0.09, 0.06, 0.13) #fs:   6  -- #Conts: 9 H(1)  G(1)  A(6)  E(1) 
    395005 059.00 || noQ Q (Avg,Max,Min) (1.02, 1.16, 0.86) (0.10, 0.08, 0.13) #fs:   3  -- #Conts: 8 H(1)  G(1)  A(5)  E(1) 
    399614 058.00 || noQ Q (Avg,Max,Min) (1.06, 1.18, 0.97) (0.10, 0.09, 0.13) #fs:   3  -- #Conts: 7 H(1)  G(1)  A(4)  E(1) 
    405644 057.00 || noQ Q (Avg,Max,Min) (1.07, 1.18, 0.95) (0.11, 0.08, 0.13) #fs:   4  -- #Conts: 6 H(1)  G(1)  A(3)  E(1) 
    411949 056.00 || noQ Q (Avg,Max,Min) (1.08, 1.19, 0.95) (0.11, 0.09, 0.14) #fs:   4  -- #Conts: 5 H(1)  G(1)  A(2)  E(1) 
    416990 055.00 || noQ Q (Avg,Max,Min) (1.11, 1.19, 1.02) (0.12, 0.10, 0.14) #fs:   2  -- #Conts: 4 H(1)  G(1)  A(1)  E(1) 
    423356 054.00 || noQ Q (Avg,Max,Min) (1.13, 1.17, 1.10) (0.13, 0.11, 0.14) #fs:   2  -- #Conts: 3 H(1)  G(1)  E(1) 
    436390 053.29 || noQ Q (Avg,Max,Min) (1.02, 1.14, 0.91) (0.11, 0.09, 0.14) #fs:   7  -- #Conts: 8 H(1)  G(1)  A(6) 
    443830 052.29 || noQ Q (Avg,Max,Min) (1.00, 1.15, 0.89) (0.11, 0.09, 0.14) #fs:   5  -- #Conts: 7 H(1)  G(1)  A(5) 
    451038 051.29 || noQ Q (Avg,Max,Min) (1.00, 1.16, 0.86) (0.11, 0.09, 0.14) #fs:   5  -- #Conts: 6 H(1)  G(1)  A(4) 
    458490 050.29 || noQ Q (Avg,Max,Min) (1.00, 1.13, 0.91) (0.12, 0.10, 0.14) #fs:   4  -- #Conts: 5 H(1)  G(1)  A(3) 
    465438 049.29 || noQ Q (Avg,Max,Min) (1.03, 1.14, 0.93) (0.12, 0.10, 0.15) #fs:   4  -- #Conts: 4 H(1)  G(1)  A(2) 
    473214 048.29 || noQ Q (Avg,Max,Min) (1.07, 1.16, 0.95) (0.13, 0.11, 0.15) #fs:   2  -- #Conts: 3 H(1)  G(1)  A(1) 
    481474 047.29 || noQ Q (Avg,Max,Min) (1.11, 1.15, 1.08) (0.15, 0.14, 0.15) #fs:   2  -- #Conts: 2 H(1)  G(1) 
    504826 046.94 || noQ Q (Avg,Max,Min) (0.99, 1.10, 0.87) (0.12, 0.10, 0.14) #fs:   2  -- #Conts: 5 H(1)  A(2)  E(2) 
    512668 045.94 || noQ Q (Avg,Max,Min) (1.03, 1.10, 0.92) (0.13, 0.11, 0.15) #fs:   3  -- #Conts: 4 H(1)  A(1)  E(2) 
    520916 044.94 || noQ Q (Avg,Max,Min) (1.07, 1.10, 1.02) (0.14, 0.14, 0.15) #fs:   1  -- #Conts: 3 H(1)  E(2) 
    551984 044.18 || noQ Q (Avg,Max,Min) (1.02, 1.10, 0.90) (0.11, 0.06, 0.16) #fs:   5  -- #Conts: 15 G(1)  A(11)  E(2)  C(1) 
    555160 043.18 || noQ Q (Avg,Max,Min) (1.01, 1.10, 0.83) (0.12, 0.08, 0.17) #fs:   7  -- #Conts: 14 G(1)  A(10)  E(2)  C(1) 
    569584 042.18 || noQ Q (Avg,Max,Min) (1.03, 1.09, 0.99) (0.12, 0.09, 0.17) #fs:   2  -- #Conts: 13 G(1)  A(9)  E(2)  C(1) 
    579280 041.18 || noQ Q (Avg,Max,Min) (1.03, 1.10, 0.98) (0.12, 0.09, 0.17) #fs:   5  -- #Conts: 12 G(1)  A(8)  E(2)  C(1) 
    586381 040.18 || noQ Q (Avg,Max,Min) (1.03, 1.10, 1.00) (0.12, 0.09, 0.17) #fs:   4  -- #Conts: 11 G(1)  A(7)  E(2)  C(1) 
    591175 039.18 || noQ Q (Avg,Max,Min) (0.97, 1.10, 0.81) (0.13, 0.10, 0.17) #fs:  10  -- #Conts: 10 G(1)  A(6)  E(2)  C(1) 
    602735 038.18 || noQ Q (Avg,Max,Min) (1.02, 1.10, 0.82) (0.13, 0.10, 0.18) #fs:   3  -- #Conts: 9 G(1)  A(5)  E(2)  C(1) 
    608211 037.18 || noQ Q (Avg,Max,Min) (1.02, 1.10, 0.84) (0.14, 0.10, 0.18) #fs:   4  -- #Conts: 8 G(1)  A(4)  E(2)  C(1) 
    617138 036.18 || noQ Q (Avg,Max,Min) (1.03, 1.10, 0.90) (0.15, 0.12, 0.18) #fs:   4  -- #Conts: 7 G(1)  A(3)  E(2)  C(1) 
    633741 035.18 || noQ Q (Avg,Max,Min) (1.05, 1.10, 1.01) (0.15, 0.10, 0.19) #fs:   1  -- #Conts: 6 G(1)  A(2)  E(2)  C(1) 
    643845 034.18 || noQ Q (Avg,Max,Min) (1.01, 1.11, 0.80) (0.16, 0.11, 0.19) #fs:   4  -- #Conts: 5 G(1)  A(1)  E(2)  C(1) 
    656433 033.18 || noQ Q (Avg,Max,Min) (1.07, 1.10, 1.03) (0.18, 0.16, 0.20) #fs:   3  -- #Conts: 4 G(1)  E(2)  C(1) 
    688512 032.18 || noQ Q (Avg,Max,Min) (0.95, 1.10, 0.74) (0.16, 0.12, 0.20) #fs:   4  -- #Conts: 6 G(1)  A(3)  E(2) 
    702467 031.18 || noQ Q (Avg,Max,Min) (0.95, 1.10, 0.74) (0.17, 0.12, 0.21) #fs:   5  -- #Conts: 5 G(1)  A(2)  E(2) 
    710500 030.18 || noQ Q (Avg,Max,Min) (1.06, 1.10, 1.02) (0.19, 0.17, 0.21) #fs:   2  -- #Conts: 4 G(1)  A(1)  E(2) 
    729144 029.18 || noQ Q (Avg,Max,Min) (1.07, 1.09, 1.06) (0.21, 0.19, 0.22) #fs:   4  -- #Conts: 3 G(1)  E(2) 
    754037 028.47 || noQ Q (Avg,Max,Min) (1.04, 1.06, 1.02) (0.20, 0.18, 0.22) #fs:   1  -- #Conts: 5 G(1)  A(2)  E(1)  C(1) 
    775333 027.47 || noQ Q (Avg,Max,Min) (1.05, 1.06, 1.02) (0.21, 0.18, 0.23) #fs:   1  -- #Conts: 4 G(1)  A(1)  E(1)  C(1) 
    798975 026.47 || noQ Q (Avg,Max,Min) (1.05, 1.07, 1.04) (0.22, 0.20, 0.24) #fs:   2  -- #Conts: 3 G(1)  E(1)  C(1) 
    834454 025.47 || noQ Q (Avg,Max,Min) (1.03, 1.05, 1.01) (0.22, 0.20, 0.24) #fs:   1  -- #Conts: 5 G(1)  A(3)  E(1) 
    860624 024.47 || noQ Q (Avg,Max,Min) (1.04, 1.07, 1.01) (0.23, 0.21, 0.26) #fs:   1  -- #Conts: 4 G(1)  A(2)  E(1) 
    891047 023.47 || noQ Q (Avg,Max,Min) (1.02, 1.07, 0.96) (0.24, 0.20, 0.26) #fs:   2  -- #Conts: 3 G(1)  A(1)  E(1) 
    919947 022.47 || noQ Q (Avg,Max,Min) (1.06, 1.07, 1.05) (0.27, 0.27, 0.27) #fs:   2  -- #Conts: 2 G(1)  E(1) 
    977903 021.76 || noQ Q (Avg,Max,Min) (1.00, 1.06, 0.93) (0.25, 0.22, 0.27) #fs:   2  -- #Conts: 4 G(1)  A(2)  C(1) 
   1013557 020.76 || noQ Q (Avg,Max,Min) (1.00, 1.06, 0.93) (0.26, 0.23, 0.28) #fs:   1  -- #Conts: 3 G(1)  A(1)  C(1) 
   1051927 019.76 || noQ Q (Avg,Max,Min) (1.04, 1.06, 1.01) (0.29, 0.28, 0.30) #fs:   0  -- #Conts: 2 G(1)  C(1) 
   1130589 018.76 || noQ Q (Avg,Max,Min) (0.96, 1.02, 0.89) (0.28, 0.25, 0.32) #fs:   2  -- #Conts: 4 G(1)  A(3) 
   1171271 017.76 || noQ Q (Avg,Max,Min) (1.01, 1.02, 1.01) (0.31, 0.30, 0.33) #fs:   0  -- #Conts: 3 G(1)  A(2) 
   1229587 016.76 || noQ Q (Avg,Max,Min) (1.01, 1.02, 1.01) (0.33, 0.31, 0.34) #fs:   0  -- #Conts: 2 G(1)  A(1) 
   1294186 015.76 || noQ Q (Avg,Max,Min) (1.01, 1.01, 1.01) (0.36, 0.36, 0.36) #fs:   0  -- #Conts: 1 G(1) 
   1345800 015.71 || noQ Q (Avg,Max,Min) (1.03, 1.06, 1.01) (0.35, 0.32, 0.39) #fs:   1  -- #Conts: 4 A(1)  E(1)  C(2) 
   1414275 014.71 || noQ Q (Avg,Max,Min) (1.04, 1.06, 1.02) (0.39, 0.35, 0.41) #fs:   1  -- #Conts: 3 E(1)  C(2) 
   1535105 013.71 || noQ Q (Avg,Max,Min) (1.02, 1.06, 0.96) (0.39, 0.35, 0.45) #fs:   2  -- #Conts: 5 A(3)  E(1)  C(1) 
   1634433 012.71 || noQ Q (Avg,Max,Min) (0.99, 1.05, 0.88) (0.42, 0.34, 0.48) #fs:   3  -- #Conts: 4 A(2)  E(1)  C(1) 
   1725400 011.71 || noQ Q (Avg,Max,Min) (1.03, 1.04, 1.01) (0.47, 0.42, 0.50) #fs:   0  -- #Conts: 3 A(1)  E(1)  C(1) 
   1848992 010.71 || noQ Q (Avg,Max,Min) (1.04, 1.05, 1.03) (0.53, 0.53, 0.54) #fs:   0  -- #Conts: 2 E(1)  C(1) 
   2181762 009.71 || noQ Q (Avg,Max,Min) (1.00, 1.02, 0.96) (0.55, 0.49, 0.61) #fs:   1  -- #Conts: 4 A(3)  E(1) 
   2378224 008.71 || noQ Q (Avg,Max,Min) (1.00, 1.01, 0.99) (0.61, 0.56, 0.66) #fs:   1  -- #Conts: 3 A(2)  E(1) 
   2608676 007.71 || noQ Q (Avg,Max,Min) (1.01, 1.01, 1.00) (0.70, 0.67, 0.73) #fs:   0  -- #Conts: 2 A(1)  E(1) 
   2918741 006.71 || noQ Q (Avg,Max,Min) (1.00, 1.00, 1.00) (0.81, 0.81, 0.81) #fs:   0  -- #Conts: 1 E(1) 
   3596441 006.00 || noQ Q (Avg,Max,Min) (1.01, 1.01, 1.00) (0.94, 0.90, 1.00) #fs:   1  -- #Conts: 3 A(2)  C(1) 
/////////////////size: 218
nodes 100 edges 192
 mulT: 10 mulD: 1  sumData GB 97
pareto /CYBERSHAKE.n.100.0.dax time -> 6176.0
moheft /CYBERSHAKE.n.100.0.dax time -> 18557.0
distance from M to C 5.579647519668011
distance from P to C 0.3276523945394842
distance from C to M 1.3063431349915466
distance from C to P 4.190108307479013
toCompare: /CYBERSHAKE.n.100.0.dax sumDataGB: 97 mulT: 10 mulD: 1 paretoOptTime_MS: 6176.0 MoheftOptimizationTime_MS: 18557.0 MtoC 5.579647519668011 PtoC 0.3276523945394842 CtoM 1.3063431349915466 CtoP 4.190108307479013
