specify -Dflow d,b,mt,md,size
Running /home/vaggelis/jc/LIGO.n.100.0.dax mt 10 md: 1000 size null
    526363 693.65 || noQ Q (Avg,Max,Min) (0.80, 1.08, 0.65) (0.09, 0.06, 0.14) #fs:  42  -- #Conts: 25 H(19)  G(6) 
    534557 677.88 || noQ Q (Avg,Max,Min) (0.84, 1.08, 0.73) (0.10, 0.06, 0.14) #fs:  42  -- #Conts: 24 H(19)  G(5) 
    537508 662.12 || noQ Q (Avg,Max,Min) (0.85, 1.08, 0.73) (0.10, 0.06, 0.15) #fs:  43  -- #Conts: 24 H(18)  G(6) 
    541656 646.35 || noQ Q (Avg,Max,Min) (0.86, 1.08, 0.73) (0.10, 0.06, 0.15) #fs:  43  -- #Conts: 24 H(17)  G(7) 
    551800 630.59 || noQ Q (Avg,Max,Min) (0.86, 1.08, 0.73) (0.10, 0.06, 0.15) #fs:  42  -- #Conts: 24 H(16)  G(8) 
    556078 614.82 || noQ Q (Avg,Max,Min) (0.87, 1.08, 0.73) (0.11, 0.06, 0.15) #fs:  42  -- #Conts: 24 H(15)  G(9) 
    558577 599.06 || noQ Q (Avg,Max,Min) (0.88, 1.08, 0.73) (0.11, 0.06, 0.15) #fs:  42  -- #Conts: 24 H(14)  G(10) 
    563350 583.29 || noQ Q (Avg,Max,Min) (0.89, 1.08, 0.73) (0.11, 0.06, 0.15) #fs:  41  -- #Conts: 24 H(13)  G(11) 
    585196 567.53 || noQ Q (Avg,Max,Min) (0.87, 1.08, 0.72) (0.11, 0.06, 0.15) #fs:  41  -- #Conts: 24 H(12)  G(12) 
    606705 551.76 || noQ Q (Avg,Max,Min) (0.86, 1.08, 0.69) (0.11, 0.06, 0.15) #fs:  41  -- #Conts: 24 H(11)  G(13) 
    610805 536.00 || noQ Q (Avg,Max,Min) (0.87, 1.08, 0.69) (0.12, 0.06, 0.15) #fs:  42  -- #Conts: 24 H(10)  G(14) 
    640322 520.24 || noQ Q (Avg,Max,Min) (0.86, 1.02, 0.68) (0.12, 0.06, 0.18) #fs:  43  -- #Conts: 24 H(9)  G(15) 
    640812 504.47 || noQ Q (Avg,Max,Min) (0.87, 1.02, 0.68) (0.12, 0.06, 0.18) #fs:  43  -- #Conts: 24 H(8)  G(16) 
    662207 488.71 || noQ Q (Avg,Max,Min) (0.88, 1.02, 0.68) (0.13, 0.06, 0.18) #fs:  42  -- #Conts: 24 H(7)  G(17) 
    663137 472.94 || noQ Q (Avg,Max,Min) (0.88, 1.02, 0.68) (0.13, 0.06, 0.18) #fs:  42  -- #Conts: 24 H(6)  G(18) 
    667658 457.18 || noQ Q (Avg,Max,Min) (0.87, 1.02, 0.68) (0.13, 0.09, 0.18) #fs:  42  -- #Conts: 24 H(5)  G(19) 
    697642 441.41 || noQ Q (Avg,Max,Min) (0.86, 1.02, 0.65) (0.13, 0.09, 0.18) #fs:  42  -- #Conts: 24 H(4)  G(20) 
    746289 425.65 || noQ Q (Avg,Max,Min) (0.90, 1.09, 0.69) (0.15, 0.10, 0.20) #fs:  21  -- #Conts: 15 H(12)  G(3) 
    771423 376.00 || noQ Q (Avg,Max,Min) (0.84, 1.03, 0.63) (0.15, 0.09, 0.20) #fs:  32  -- #Conts: 25 G(23)  E(2) 
    772959 366.94 || noQ Q (Avg,Max,Min) (0.85, 1.03, 0.65) (0.15, 0.09, 0.21) #fs:  32  -- #Conts: 25 G(22)  E(3) 
    788926 357.88 || noQ Q (Avg,Max,Min) (0.85, 1.02, 0.65) (0.16, 0.10, 0.21) #fs:  31  -- #Conts: 25 G(21)  E(4) 
    836413 348.82 || noQ Q (Avg,Max,Min) (0.86, 1.02, 0.68) (0.16, 0.11, 0.23) #fs:  32  -- #Conts: 25 G(20)  E(5) 
    911301 344.47 || noQ Q (Avg,Max,Min) (0.84, 1.03, 0.66) (0.16, 0.10, 0.21) #fs:  32  -- #Conts: 23 G(21)  E(2) 
    913205 342.12 || noQ Q (Avg,Max,Min) (0.84, 1.01, 0.67) (0.16, 0.11, 0.23) #fs:  31  -- #Conts: 24 G(20)  E(4) 
    924037 335.41 || noQ Q (Avg,Max,Min) (0.84, 1.03, 0.69) (0.17, 0.12, 0.23) #fs:  30  -- #Conts: 23 G(20)  E(3) 
    936046 333.06 || noQ Q (Avg,Max,Min) (0.83, 1.01, 0.56) (0.17, 0.11, 0.26) #fs:  31  -- #Conts: 24 G(19)  E(5) 
    943085 326.35 || noQ Q (Avg,Max,Min) (0.84, 1.03, 0.68) (0.17, 0.12, 0.26) #fs:  30  -- #Conts: 23 G(19)  E(4) 
    967782 315.29 || noQ Q (Avg,Max,Min) (0.94, 1.14, 0.83) (0.21, 0.15, 0.30) #fs:  14  -- #Conts: 10 H(10) 
   1057092 283.76 || noQ Q (Avg,Max,Min) (0.93, 1.09, 0.79) (0.23, 0.19, 0.29) #fs:  14  -- #Conts: 9 H(9) 
   1096090 268.00 || noQ Q (Avg,Max,Min) (0.91, 1.03, 0.71) (0.21, 0.13, 0.29) #fs:  19  -- #Conts: 16 H(1)  G(15) 
   1120482 252.24 || noQ Q (Avg,Max,Min) (0.91, 1.03, 0.68) (0.22, 0.14, 0.29) #fs:  19  -- #Conts: 16 G(16) 
   1159038 243.18 || noQ Q (Avg,Max,Min) (0.92, 1.03, 0.76) (0.23, 0.18, 0.30) #fs:  20  -- #Conts: 16 G(15)  E(1) 
   1215395 220.71 || noQ Q (Avg,Max,Min) (0.97, 1.20, 0.78) (0.30, 0.24, 0.39) #fs:  11  -- #Conts: 7 H(7) 
   1309046 204.94 || noQ Q (Avg,Max,Min) (0.86, 1.03, 0.64) (0.27, 0.18, 0.33) #fs:  19  -- #Conts: 13 G(13) 
   1456573 189.18 || noQ Q (Avg,Max,Min) (0.99, 1.05, 0.93) (0.35, 0.32, 0.39) #fs:   9  -- #Conts: 6 H(6) 
   1568314 157.65 || noQ Q (Avg,Max,Min) (1.02, 1.16, 0.94) (0.42, 0.40, 0.48) #fs:   8  -- #Conts: 5 H(5) 
   1792615 141.88 || noQ Q (Avg,Max,Min) (0.91, 1.04, 0.77) (0.39, 0.31, 0.46) #fs:  14  -- #Conts: 9 G(9) 
   1964335 126.12 || noQ Q (Avg,Max,Min) (1.02, 1.08, 0.99) (0.52, 0.50, 0.56) #fs:   7  -- #Conts: 4 H(4) 
   2077148 110.35 || noQ Q (Avg,Max,Min) (0.94, 1.11, 0.76) (0.50, 0.40, 0.64) #fs:  11  -- #Conts: 7 G(7) 
   2477161 094.59 || noQ Q (Avg,Max,Min) (0.96, 1.03, 0.91) (0.58, 0.53, 0.66) #fs:   9  -- #Conts: 6 G(6) 
   2681427 078.82 || noQ Q (Avg,Max,Min) (0.98, 1.10, 0.92) (0.70, 0.66, 0.77) #fs:   8  -- #Conts: 5 G(5) 
   3360789 063.06 || noQ Q (Avg,Max,Min) (0.99, 1.08, 0.94) (0.87, 0.81, 0.95) #fs:   7  -- #Conts: 4 G(4) 
/////////////////size: 42
   2006975 238.47 || noQ Q (Avg,Max,Min) (0.89, 1.07, 0.52) (0.28, 0.03, 0.60) #fs:  20  -- #Conts: 11 H(6)  A(2)  G(3) 
   2048864 206.94 || noQ Q (Avg,Max,Min) (0.88, 1.08, 0.52) (0.30, 0.03, 0.60) #fs:  18  -- #Conts: 10 H(5)  A(2)  G(3) 
   2057459 175.41 || noQ Q (Avg,Max,Min) (0.87, 1.07, 0.58) (0.34, 0.17, 0.60) #fs:  18  -- #Conts: 9 H(4)  A(2)  G(3) 
   2166585 143.88 || noQ Q (Avg,Max,Min) (0.91, 1.07, 0.68) (0.40, 0.25, 0.64) #fs:  14  -- #Conts: 8 H(3)  A(2)  G(3) 
   2324612 128.12 || noQ Q (Avg,Max,Min) (0.98, 1.07, 0.87) (0.44, 0.21, 0.68) #fs:   9  -- #Conts: 7 H(3)  A(2)  G(2) 
   2425924 119.06 || noQ Q (Avg,Max,Min) (0.98, 1.06, 0.87) (0.43, 0.09, 0.72) #fs:  10  -- #Conts: 7 H(3)  A(2)  G(1)  E(1) 
   2431621 112.35 || noQ Q (Avg,Max,Min) (0.95, 1.06, 0.75) (0.50, 0.26, 0.72) #fs:  12  -- #Conts: 6 H(3)  A(2)  G(1) 
   2541782 110.00 || noQ Q (Avg,Max,Min) (0.99, 1.07, 0.85) (0.43, 0.15, 0.75) #fs:   8  -- #Conts: 8 H(2)  A(2)  G(2)  E(2) 
   2566556 107.29 || noQ Q (Avg,Max,Min) (0.99, 1.07, 0.85) (0.43, 0.15, 0.75) #fs:   9  -- #Conts: 8 H(2)  A(2)  G(2)  E(1)  C(1) 
   2608585 103.29 || noQ Q (Avg,Max,Min) (0.99, 1.07, 0.85) (0.47, 0.19, 0.78) #fs:   8  -- #Conts: 7 H(2)  A(2)  G(2)  E(1) 
   2698791 100.94 || noQ Q (Avg,Max,Min) (0.98, 1.07, 0.81) (0.47, 0.25, 0.79) #fs:   7  -- #Conts: 8 H(2)  A(2)  G(1)  E(3) 
   2750810 098.24 || noQ Q (Avg,Max,Min) (0.98, 1.07, 0.81) (0.46, 0.15, 0.82) #fs:   7  -- #Conts: 8 H(2)  A(2)  G(1)  E(2)  C(1) 
   2755037 094.24 || noQ Q (Avg,Max,Min) (0.98, 1.07, 0.81) (0.51, 0.26, 0.82) #fs:   7  -- #Conts: 7 H(2)  A(2)  G(1)  E(2) 
   2833796 091.53 || noQ Q (Avg,Max,Min) (0.98, 1.07, 0.82) (0.51, 0.15, 0.82) #fs:   7  -- #Conts: 7 H(2)  A(2)  G(1)  E(1)  C(1) 
   2852971 087.53 || noQ Q (Avg,Max,Min) (0.98, 1.07, 0.82) (0.57, 0.31, 0.85) #fs:   7  -- #Conts: 6 H(2)  A(2)  G(1)  E(1) 
   3038438 084.82 || noQ Q (Avg,Max,Min) (1.00, 1.06, 0.89) (0.56, 0.21, 0.90) #fs:   5  -- #Conts: 6 H(2)  A(2)  G(1)  C(1) 
   3086906 080.82 || noQ Q (Avg,Max,Min) (1.00, 1.06, 0.89) (0.64, 0.31, 0.90) #fs:   5  -- #Conts: 5 H(2)  A(2)  G(1) 
   3121162 079.82 || noQ Q (Avg,Max,Min) (0.93, 1.06, 0.83) (0.68, 0.53, 0.92) #fs:   9  -- #Conts: 5 H(1)  A(1)  G(3) 
   3299202 077.47 || noQ Q (Avg,Max,Min) (0.96, 1.06, 0.86) (0.63, 0.35, 0.97) #fs:   4  -- #Conts: 6 H(1)  A(1)  G(2)  E(2) 
   3422210 074.76 || noQ Q (Avg,Max,Min) (0.96, 1.06, 0.85) (0.62, 0.26, 1.01) #fs:   6  -- #Conts: 6 H(1)  A(1)  G(2)  E(1)  C(1) 
   3505758 072.06 || noQ Q (Avg,Max,Min) (0.92, 1.06, 0.65) (0.63, 0.27, 1.03) #fs:   5  -- #Conts: 6 H(1)  A(1)  G(2)  C(2) 
   3531360 070.76 || noQ Q (Avg,Max,Min) (0.94, 1.06, 0.82) (0.70, 0.36, 1.04) #fs:   6  -- #Conts: 5 H(1)  A(1)  G(2)  E(1) 
   3590156 068.06 || noQ Q (Avg,Max,Min) (0.95, 1.06, 0.87) (0.70, 0.27, 1.05) #fs:   5  -- #Conts: 5 H(1)  A(1)  G(2)  C(1) 
   3698378 064.06 || noQ Q (Avg,Max,Min) (0.94, 1.04, 0.88) (0.83, 0.60, 1.04) #fs:   5  -- #Conts: 4 H(1)  A(1)  G(2) 
   5290380 064.00 || noQ Q (Avg,Max,Min) (0.90, 1.06, 0.68) (0.73, 0.37, 1.04) #fs:   9  -- #Conts: 7 H(1)  A(2)  G(1)  E(1)  C(2) 
   6022630 063.29 || noQ Q (Avg,Max,Min) (1.00, 1.07, 0.88) (0.77, 0.55, 1.07) #fs:   1  -- #Conts: 6 H(1)  G(1)  C(4) 
   6189770 062.29 || noQ Q (Avg,Max,Min) (0.99, 1.07, 0.82) (0.77, 0.59, 1.07) #fs:   1  -- #Conts: 8 H(1)  G(1)  A(3)  C(3) 
   6228470 061.29 || noQ Q (Avg,Max,Min) (1.02, 1.07, 0.99) (0.81, 0.68, 1.07) #fs:   1  -- #Conts: 7 H(1)  G(1)  A(2)  C(3) 
   6685301 060.29 || noQ Q (Avg,Max,Min) (1.02, 1.07, 1.00) (0.85, 0.68, 1.07) #fs:   0  -- #Conts: 6 H(1)  G(1)  A(1)  C(3) 
   6725494 059.29 || noQ Q (Avg,Max,Min) (1.00, 1.07, 0.86) (0.92, 0.75, 1.07) #fs:   1  -- #Conts: 5 H(1)  G(1)  C(3) 
   7133092 058.29 || noQ Q (Avg,Max,Min) (1.02, 1.07, 1.00) (0.92, 0.68, 1.07) #fs:   0  -- #Conts: 7 H(1)  G(1)  A(3)  C(2) 
/////////////////size: 31
nodes 100 edges 123
 mulT: 10 mulD: 1000  sumData GB 2857
pareto /LIGO.n.100.0.dax time -> 8056.0
moheft /LIGO.n.100.0.dax time -> 424.0
distance from M to C 0.628400177182979
distance from P to C 0.0
distance from C to M 10.239251472793207
distance from C to P 0.38823575811122685
toCompare: /LIGO.n.100.0.dax sumDataGB: 2857 mulT: 10 mulD: 1000 paretoOptTime_MS: 8056.0 MoheftOptimizationTime_MS: 424.0 MtoC 0.628400177182979 PtoC 0.0 CtoM 10.239251472793207 CtoP 0.38823575811122685
