specify -Dflow d,b,mt,md,size
Running /home/vaggelis/jc/LIGO.n.100.0.dax mt 500 md: 1000 size null
  22080312 3625.88 || noQ Q (Avg,Max,Min) (0.98, 1.00, 0.61) (0.84, 0.58, 1.00) #fs:  14  -- #Conts: 41 H(37)  G(4) 
  24232861 3562.82 || noQ Q (Avg,Max,Min) (0.97, 1.01, 0.78) (0.86, 0.75, 0.99) #fs:  13  -- #Conts: 33 H(33) 
  27690725 3499.76 || noQ Q (Avg,Max,Min) (0.97, 1.01, 0.83) (0.87, 0.75, 0.99) #fs:  12  -- #Conts: 30 H(28)  G(2) 
  28038559 3484.00 || noQ Q (Avg,Max,Min) (0.97, 1.01, 0.83) (0.87, 0.75, 0.99) #fs:  13  -- #Conts: 30 H(27)  G(3) 
  28391436 3468.24 || noQ Q (Avg,Max,Min) (0.97, 1.01, 0.83) (0.87, 0.75, 0.99) #fs:  13  -- #Conts: 30 H(26)  G(4) 
  28619738 3452.47 || noQ Q (Avg,Max,Min) (0.97, 1.01, 0.83) (0.87, 0.75, 0.99) #fs:  13  -- #Conts: 30 H(25)  G(5) 
  28930828 3436.71 || noQ Q (Avg,Max,Min) (0.97, 1.01, 0.83) (0.87, 0.75, 0.99) #fs:  13  -- #Conts: 30 H(24)  G(6) 
  29389048 3373.65 || noQ Q (Avg,Max,Min) (0.98, 1.01, 0.83) (0.88, 0.75, 0.99) #fs:  12  -- #Conts: 29 H(23)  G(6) 
  32052495 3342.12 || noQ Q (Avg,Max,Min) (0.98, 1.01, 0.83) (0.89, 0.75, 0.99) #fs:  12  -- #Conts: 28 H(22)  G(6) 
  32426772 3294.82 || noQ Q (Avg,Max,Min) (0.97, 1.01, 0.83) (0.90, 0.75, 0.99) #fs:  12  -- #Conts: 27 H(20)  G(7) 
  37692432 3042.59 || noQ Q (Avg,Max,Min) (0.97, 1.00, 0.71) (0.86, 0.68, 0.99) #fs:  16  -- #Conts: 40 G(40) 
  37692592 3026.82 || noQ Q (Avg,Max,Min) (0.97, 1.00, 0.71) (0.86, 0.68, 0.99) #fs:  16  -- #Conts: 40 G(40) 
  40659410 2900.71 || noQ Q (Avg,Max,Min) (0.99, 1.01, 0.90) (0.91, 0.79, 1.00) #fs:   9  -- #Conts: 37 G(37) 
  43799192 2853.41 || noQ Q (Avg,Max,Min) (0.98, 1.00, 0.86) (0.92, 0.85, 1.00) #fs:  13  -- #Conts: 27 G(27) 
  55257582 2821.88 || noQ Q (Avg,Max,Min) (0.98, 1.00, 0.86) (0.93, 0.85, 1.00) #fs:  12  -- #Conts: 22 G(22) 
  56661453 2806.12 || noQ Q (Avg,Max,Min) (0.98, 1.00, 0.86) (0.93, 0.85, 1.00) #fs:  12  -- #Conts: 21 G(21) 
  58595273 2790.35 || noQ Q (Avg,Max,Min) (0.98, 1.00, 0.86) (0.94, 0.85, 1.00) #fs:  12  -- #Conts: 20 G(20) 
  62497042 2774.59 || noQ Q (Avg,Max,Min) (0.98, 1.00, 0.86) (0.95, 0.85, 1.00) #fs:  11  -- #Conts: 20 G(20) 
  66648525 2758.82 || noQ Q (Avg,Max,Min) (0.98, 1.00, 0.86) (0.95, 0.85, 1.00) #fs:  11  -- #Conts: 19 G(19) 
  82450747 2754.24 || noQ Q (Avg,Max,Min) (0.99, 1.00, 0.68) (0.94, 0.66, 1.00) #fs:   8  -- #Conts: 42 G(2)  E(40) 
  84158810 2753.53 || noQ Q (Avg,Max,Min) (0.99, 1.00, 0.68) (0.94, 0.66, 1.00) #fs:   8  -- #Conts: 42 G(1)  E(41) 
  85950411 2652.24 || noQ Q (Avg,Max,Min) (1.00, 1.00, 0.96) (0.95, 0.85, 1.00) #fs:   8  -- #Conts: 43 E(41)  C(2) 
  86870906 2645.53 || noQ Q (Avg,Max,Min) (1.00, 1.00, 0.98) (0.95, 0.85, 1.00) #fs:   8  -- #Conts: 42 E(40)  C(2) 
  94826742 2642.12 || noQ Q (Avg,Max,Min) (1.00, 1.00, 0.98) (0.95, 0.85, 1.00) #fs:   8  -- #Conts: 40 E(40) 
 108133208 2635.41 || noQ Q (Avg,Max,Min) (1.00, 1.00, 0.98) (0.95, 0.85, 1.00) #fs:   8  -- #Conts: 37 E(37) 
 108879585 2626.47 || noQ Q (Avg,Max,Min) (1.00, 1.00, 0.98) (0.95, 0.85, 1.00) #fs:   8  -- #Conts: 36 E(34)  C(2) 
 114828879 2615.29 || noQ Q (Avg,Max,Min) (1.00, 1.00, 0.98) (0.96, 0.85, 1.00) #fs:   8  -- #Conts: 35 E(35) 
 125537471 2608.59 || noQ Q (Avg,Max,Min) (1.00, 1.00, 0.98) (0.96, 0.85, 1.00) #fs:   7  -- #Conts: 32 E(32) 
 133120257 2601.88 || noQ Q (Avg,Max,Min) (1.00, 1.00, 0.99) (0.96, 0.85, 1.00) #fs:   7  -- #Conts: 32 E(32) 
/////////////////size: 29
  83777364 3201.82 || noQ Q (Avg,Max,Min) (0.97, 1.00, 0.42) (0.92, 0.40, 1.00) #fs:  11  -- #Conts: 27 H(10)  G(14)  A(2)  E(1) 
  83777564 2981.12 || noQ Q (Avg,Max,Min) (0.99, 1.00, 0.95) (0.94, 0.67, 1.00) #fs:  11  -- #Conts: 27 H(10)  G(14)  A(2)  E(1) 
  88759462 2976.41 || noQ Q (Avg,Max,Min) (1.00, 1.00, 0.95) (0.94, 0.66, 1.00) #fs:   9  -- #Conts: 27 H(10)  G(14)  A(2)  E(1) 
  91965139 2948.88 || noQ Q (Avg,Max,Min) (1.00, 1.01, 0.95) (0.92, 0.17, 1.00) #fs:   9  -- #Conts: 27 H(9)  G(14)  A(2)  E(1)  C(1) 
  92107479 2943.24 || noQ Q (Avg,Max,Min) (1.00, 1.00, 0.95) (0.95, 0.84, 1.00) #fs:   9  -- #Conts: 25 H(9)  G(14)  A(2) 
  92597180 2934.76 || noQ Q (Avg,Max,Min) (1.00, 1.00, 0.95) (0.96, 0.84, 1.00) #fs:   9  -- #Conts: 27 H(12)  G(9)  A(2)  E(4) 
  96066630 2914.88 || noQ Q (Avg,Max,Min) (1.00, 1.00, 0.95) (0.96, 0.83, 1.00) #fs:   9  -- #Conts: 28 H(10)  G(7)  A(2)  E(8)  C(1) 
  96256995 2903.82 || noQ Q (Avg,Max,Min) (1.00, 1.00, 0.95) (0.96, 0.84, 1.00) #fs:   9  -- #Conts: 28 H(9)  G(7)  A(2)  E(8)  C(2) 
  98785363 2899.12 || noQ Q (Avg,Max,Min) (1.00, 1.00, 0.95) (0.96, 0.84, 1.00) #fs:   9  -- #Conts: 28 H(9)  G(7)  A(2)  E(8)  C(2) 
 103428578 2894.41 || noQ Q (Avg,Max,Min) (1.00, 1.00, 0.95) (0.96, 0.83, 1.00) #fs:  10  -- #Conts: 28 H(9)  G(7)  A(2)  E(8)  C(2) 
 112340657 2893.71 || noQ Q (Avg,Max,Min) (0.99, 1.01, 0.95) (0.93, 0.17, 1.00) #fs:  10  -- #Conts: 28 H(9)  G(6)  A(2)  E(8)  C(3) 
 113945342 2892.12 || noQ Q (Avg,Max,Min) (0.99, 1.01, 0.90) (0.94, 0.66, 1.00) #fs:   8  -- #Conts: 25 H(10)  A(1)  G(8)  E(6) 
 114011995 2876.35 || noQ Q (Avg,Max,Min) (0.99, 1.01, 0.90) (0.95, 0.66, 1.00) #fs:   9  -- #Conts: 25 H(10)  A(1)  G(8)  E(6) 
 114208063 2867.29 || noQ Q (Avg,Max,Min) (0.99, 1.01, 0.86) (0.94, 0.66, 1.00) #fs:   9  -- #Conts: 25 H(10)  A(1)  G(8)  E(6) 
 114464072 2864.59 || noQ Q (Avg,Max,Min) (0.99, 1.01, 0.90) (0.92, 0.17, 1.00) #fs:   8  -- #Conts: 26 H(10)  A(1)  G(8)  E(6)  C(1) 
 116551375 2861.59 || noQ Q (Avg,Max,Min) (0.99, 1.01, 0.90) (0.94, 0.66, 1.00) #fs:   8  -- #Conts: 26 H(10)  A(2)  G(8)  E(6) 
 117375442 2829.06 || noQ Q (Avg,Max,Min) (1.00, 1.01, 0.97) (0.96, 0.79, 1.00) #fs:   9  -- #Conts: 23 H(9)  A(1)  G(7)  E(6) 
 120293434 2813.29 || noQ Q (Avg,Max,Min) (0.99, 1.01, 0.90) (0.97, 0.89, 1.00) #fs:   9  -- #Conts: 22 H(8)  A(1)  G(7)  E(6) 
 124716547 2800.24 || noQ Q (Avg,Max,Min) (0.99, 1.01, 0.83) (0.97, 0.78, 1.00) #fs:   9  -- #Conts: 20 H(7)  A(1)  G(7)  E(5) 
 129128832 2768.71 || noQ Q (Avg,Max,Min) (1.00, 1.01, 0.97) (0.98, 0.95, 1.00) #fs:   7  -- #Conts: 20 H(6)  A(1)  G(8)  E(5) 
 132474707 2756.59 || noQ Q (Avg,Max,Min) (1.00, 1.01, 0.97) (0.93, 0.05, 1.00) #fs:   9  -- #Conts: 19 H(5)  A(1)  G(7)  E(6) 
 132535437 2725.06 || noQ Q (Avg,Max,Min) (1.00, 1.01, 0.97) (0.98, 0.96, 1.00) #fs:   8  -- #Conts: 18 H(4)  A(1)  G(7)  E(6) 
 136839748 2717.65 || noQ Q (Avg,Max,Min) (1.00, 1.01, 0.97) (0.98, 0.96, 1.00) #fs:   8  -- #Conts: 18 H(4)  A(1)  G(7)  E(6) 
 144238166 2715.65 || noQ Q (Avg,Max,Min) (1.00, 1.01, 0.97) (0.99, 0.96, 1.00) #fs:   9  -- #Conts: 18 H(4)  A(1)  G(7)  E(6) 
 151756271 2710.94 || noQ Q (Avg,Max,Min) (1.00, 1.01, 0.97) (0.99, 0.96, 1.00) #fs:   8  -- #Conts: 18 H(4)  A(1)  G(7)  E(6) 
 158645285 2710.24 || noQ Q (Avg,Max,Min) (1.00, 1.01, 0.97) (0.99, 0.95, 1.00) #fs:   8  -- #Conts: 20 H(4)  A(1)  G(8)  E(7) 
 176125491 2707.53 || noQ Q (Avg,Max,Min) (1.00, 1.01, 0.97) (0.96, 0.75, 1.00) #fs:   8  -- #Conts: 21 H(4)  A(3)  G(7)  E(7) 
 178857235 2696.53 || noQ Q (Avg,Max,Min) (1.00, 1.00, 0.95) (0.98, 0.94, 1.00) #fs:   3  -- #Conts: 23 H(5)  A(1)  G(8)  E(8)  C(1) 
 184083492 2682.76 || noQ Q (Avg,Max,Min) (1.00, 1.00, 0.95) (0.99, 0.95, 1.00) #fs:   3  -- #Conts: 22 H(4)  A(1)  G(8)  E(8)  C(1) 
 186391303 2673.71 || noQ Q (Avg,Max,Min) (1.00, 1.00, 0.95) (0.97, 0.77, 1.00) #fs:   3  -- #Conts: 22 H(3)  A(1)  G(9)  E(8)  C(1) 
 188616331 2662.18 || noQ Q (Avg,Max,Min) (0.99, 1.00, 0.79) (0.96, 0.70, 1.00) #fs:   4  -- #Conts: 26 H(1)  A(1)  G(11)  E(12)  C(1) 
 193663599 2653.12 || noQ Q (Avg,Max,Min) (1.00, 1.01, 0.95) (0.94, 0.10, 1.00) #fs:   3  -- #Conts: 26 H(1)  A(1)  G(10)  E(13)  C(1) 
 193919608 2650.41 || noQ Q (Avg,Max,Min) (1.00, 1.01, 0.95) (0.94, 0.17, 1.00) #fs:   3  -- #Conts: 26 H(1)  A(1)  G(10)  E(12)  C(2) 
 195692986 2641.71 || noQ Q (Avg,Max,Min) (0.99, 1.00, 0.93) (0.97, 0.88, 1.00) #fs:   4  -- #Conts: 23 H(1)  A(1)  G(8)  E(12)  C(1) 
 203060617 2637.00 || noQ Q (Avg,Max,Min) (0.99, 1.00, 0.93) (0.98, 0.90, 1.00) #fs:   4  -- #Conts: 22 H(1)  A(1)  G(7)  E(12)  C(1) 
 205204925 2634.65 || noQ Q (Avg,Max,Min) (1.00, 1.00, 0.95) (0.98, 0.91, 1.00) #fs:   3  -- #Conts: 24 H(1)  A(1)  G(9)  E(12)  C(1) 
 207285667 2625.00 || noQ Q (Avg,Max,Min) (1.00, 1.00, 0.95) (0.98, 0.95, 1.00) #fs:   3  -- #Conts: 22 H(1)  A(1)  G(7)  E(11)  C(2) 
 207809599 2621.24 || noQ Q (Avg,Max,Min) (1.00, 1.00, 0.95) (0.99, 0.95, 1.00) #fs:   4  -- #Conts: 21 H(1)  A(1)  G(7)  E(11)  C(1) 
 238063127 2616.47 || noQ Q (Avg,Max,Min) (1.00, 1.00, 1.00) (0.98, 0.81, 1.00) #fs:   2  -- #Conts: 25 A(2)  G(12)  E(7)  C(4) 
 245959519 2607.06 || noQ Q (Avg,Max,Min) (1.00, 1.00, 0.98) (0.98, 0.81, 1.00) #fs:   5  -- #Conts: 22 A(2)  G(9)  E(7)  C(4) 
 255882418 2600.88 || noQ Q (Avg,Max,Min) (1.00, 1.03, 1.00) (0.94, 0.04, 1.00) #fs:   2  -- #Conts: 22 A(3)  G(7)  E(7)  C(5) 
 256075294 2585.12 || noQ Q (Avg,Max,Min) (1.00, 1.00, 1.00) (0.98, 0.71, 1.00) #fs:   2  -- #Conts: 21 A(3)  G(6)  E(7)  C(5) 
 265689714 2584.12 || noQ Q (Avg,Max,Min) (1.00, 1.00, 0.98) (0.97, 0.68, 1.00) #fs:   3  -- #Conts: 25 A(4)  G(9)  E(7)  C(5) 
 273650132 2581.41 || noQ Q (Avg,Max,Min) (1.00, 1.00, 1.00) (0.97, 0.71, 1.00) #fs:   2  -- #Conts: 22 A(4)  G(6)  E(7)  C(5) 
 288850682 2580.47 || noQ Q (Avg,Max,Min) (1.00, 1.01, 1.00) (0.95, 0.17, 1.00) #fs:   2  -- #Conts: 22 A(2)  G(7)  E(8)  C(5) 
 290937985 2577.47 || noQ Q (Avg,Max,Min) (1.00, 1.00, 1.00) (0.98, 0.75, 1.00) #fs:   2  -- #Conts: 22 A(3)  G(7)  E(8)  C(4) 
 336092166 2576.06 || noQ Q (Avg,Max,Min) (1.00, 1.00, 1.00) (0.98, 0.74, 1.00) #fs:   1  -- #Conts: 28 A(2)  G(8)  E(12)  C(6) 
 343751209 2572.35 || noQ Q (Avg,Max,Min) (1.00, 1.00, 1.00) (0.99, 0.95, 1.00) #fs:   1  -- #Conts: 25 A(2)  G(5)  E(12)  C(6) 
 348496210 2571.35 || noQ Q (Avg,Max,Min) (1.00, 1.01, 1.00) (0.94, 0.17, 1.00) #fs:   1  -- #Conts: 25 A(3)  G(4)  E(11)  C(7) 
 349103907 2570.35 || noQ Q (Avg,Max,Min) (1.00, 1.01, 1.00) (0.95, 0.34, 1.00) #fs:   1  -- #Conts: 24 A(2)  G(4)  E(11)  C(7) 
 350591259 2568.35 || noQ Q (Avg,Max,Min) (1.00, 1.00, 1.00) (0.96, 0.73, 1.00) #fs:   1  -- #Conts: 25 A(4)  G(4)  E(11)  C(6) 
 432247459 2558.71 || noQ Q (Avg,Max,Min) (1.00, 1.00, 0.99) (0.98, 0.75, 1.00) #fs:   2  -- #Conts: 19 A(3)  G(3)  E(8)  C(5) 
 432596550 2557.71 || noQ Q (Avg,Max,Min) (1.00, 1.00, 0.99) (0.99, 0.95, 1.00) #fs:   2  -- #Conts: 18 A(2)  G(3)  E(8)  C(5) 
 439737097 2556.71 || noQ Q (Avg,Max,Min) (1.00, 1.00, 0.99) (0.99, 0.95, 1.00) #fs:   2  -- #Conts: 20 A(2)  G(5)  E(8)  C(5) 
 450080112 2555.00 || noQ Q (Avg,Max,Min) (1.00, 1.00, 0.99) (0.97, 0.75, 1.00) #fs:   2  -- #Conts: 20 A(4)  G(3)  E(8)  C(5) 
/////////////////size: 55
nodes 100 edges 123
 mulT: 500 mulD: 1000  sumData GB 2857
pareto /LIGO.n.100.0.dax time -> 4073.0
moheft /LIGO.n.100.0.dax time -> 2095.0
distance from M to C 30.60516312248603
distance from P to C 0.0
distance from C to M 67.29382065185693
distance from C to P 15.531989292532296
toCompare: /LIGO.n.100.0.dax sumDataGB: 2857 mulT: 500 mulD: 1000 paretoOptTime_MS: 4073.0 MoheftOptimizationTime_MS: 2095.0 MtoC 30.60516312248603 PtoC 0.0 CtoM 67.29382065185693 CtoP 15.531989292532296
