specify -Dflow d,b,mt,md,size
Running /home/vaggelis/jc/CYBERSHAKE.n.50.0.dax mt 1000 md: 1 size null
   8877469 599.06 || noQ Q (Avg,Max,Min) (0.92, 1.00, 0.82) (0.66, 0.47, 0.95) #fs:  12  -- #Conts: 13 H(13) 
   9162866 567.53 || noQ Q (Avg,Max,Min) (0.91, 1.00, 0.75) (0.70, 0.47, 0.99) #fs:  13  -- #Conts: 11 H(11) 
   9214745 536.00 || noQ Q (Avg,Max,Min) (0.92, 1.00, 0.75) (0.73, 0.51, 0.95) #fs:  10  -- #Conts: 11 H(11) 
   9764044 504.47 || noQ Q (Avg,Max,Min) (0.93, 1.00, 0.81) (0.79, 0.63, 1.00) #fs:  10  -- #Conts: 9 H(9) 
  10738738 472.94 || noQ Q (Avg,Max,Min) (0.89, 1.00, 0.67) (0.83, 0.58, 1.00) #fs:  11  -- #Conts: 8 H(8) 
  10823142 441.41 || noQ Q (Avg,Max,Min) (0.92, 1.00, 0.82) (0.88, 0.77, 0.99) #fs:  11  -- #Conts: 8 H(8) 
  15209545 425.65 || noQ Q (Avg,Max,Min) (0.89, 1.00, 0.76) (0.79, 0.51, 1.00) #fs:  16  -- #Conts: 12 G(12) 
  15237900 409.88 || noQ Q (Avg,Max,Min) (0.89, 1.00, 0.76) (0.83, 0.62, 1.00) #fs:  16  -- #Conts: 12 G(12) 
  34177476 407.41 || noQ Q (Avg,Max,Min) (0.87, 1.00, 0.39) (0.84, 0.37, 0.97) #fs:  15  -- #Conts: 11 G(1)  E(10) 
  34293619 362.12 || noQ Q (Avg,Max,Min) (0.91, 1.00, 0.77) (0.89, 0.76, 0.97) #fs:  14  -- #Conts: 11 E(11) 
  34529816 348.71 || noQ Q (Avg,Max,Min) (0.97, 1.00, 0.85) (0.91, 0.75, 1.00) #fs:  10  -- #Conts: 11 E(11) 
  38367716 342.00 || noQ Q (Avg,Max,Min) (0.97, 1.00, 0.86) (0.93, 0.77, 1.00) #fs:   9  -- #Conts: 10 E(10) 
  38702641 335.29 || noQ Q (Avg,Max,Min) (0.97, 1.00, 0.86) (0.96, 0.85, 1.00) #fs:   6  -- #Conts: 9 E(9) 
  39915406 328.59 || noQ Q (Avg,Max,Min) (0.99, 1.00, 0.94) (0.98, 0.92, 1.00) #fs:   3  -- #Conts: 9 E(9) 
/////////////////size: 14
   8870491 551.41 || noQ Q (Avg,Max,Min) (0.97, 1.00, 0.75) (0.66, 0.01, 1.00) #fs:   7  -- #Conts: 21 H(6)  G(10)  E(5) 
   8876120 519.88 || noQ Q (Avg,Max,Min) (0.97, 1.00, 0.75) (0.69, 0.44, 1.00) #fs:   7  -- #Conts: 20 H(5)  G(10)  E(5) 
   8974701 513.18 || noQ Q (Avg,Max,Min) (0.98, 1.00, 0.79) (0.69, 0.48, 0.99) #fs:   7  -- #Conts: 19 H(5)  G(10)  E(4) 
   9056403 506.47 || noQ Q (Avg,Max,Min) (0.99, 1.00, 0.94) (0.70, 0.55, 0.97) #fs:   5  -- #Conts: 18 H(5)  G(10)  E(3) 
   9164103 497.41 || noQ Q (Avg,Max,Min) (0.99, 1.00, 0.94) (0.71, 0.55, 0.93) #fs:   5  -- #Conts: 19 H(5)  G(10)  E(4) 
   9260387 486.00 || noQ Q (Avg,Max,Min) (0.99, 1.00, 0.90) (0.73, 0.55, 0.94) #fs:   6  -- #Conts: 19 H(4)  G(9)  E(6) 
   9507457 479.29 || noQ Q (Avg,Max,Min) (1.00, 1.00, 0.96) (0.73, 0.55, 0.93) #fs:   3  -- #Conts: 18 H(4)  G(9)  E(5) 
   9593886 472.59 || noQ Q (Avg,Max,Min) (1.00, 1.00, 0.96) (0.73, 0.55, 0.99) #fs:   3  -- #Conts: 17 H(4)  G(9)  E(4) 
   9642842 465.88 || noQ Q (Avg,Max,Min) (1.00, 1.00, 0.96) (0.73, 0.55, 1.00) #fs:   5  -- #Conts: 16 H(4)  G(9)  E(3) 
   9696859 456.82 || noQ Q (Avg,Max,Min) (1.00, 1.00, 0.97) (0.75, 0.55, 1.00) #fs:   3  -- #Conts: 16 H(3)  G(9)  E(4) 
   9794767 450.12 || noQ Q (Avg,Max,Min) (1.00, 1.00, 0.97) (0.76, 0.55, 1.00) #fs:   2  -- #Conts: 16 H(3)  G(9)  E(4) 
   9881196 443.41 || noQ Q (Avg,Max,Min) (1.00, 1.00, 0.97) (0.79, 0.55, 1.00) #fs:   2  -- #Conts: 16 H(3)  G(9)  E(4) 
  10010165 441.06 || noQ Q (Avg,Max,Min) (0.98, 1.00, 0.89) (0.78, 0.56, 1.00) #fs:   5  -- #Conts: 16 H(3)  G(8)  E(5) 
  10042885 436.71 || noQ Q (Avg,Max,Min) (0.99, 1.00, 0.91) (0.80, 0.58, 0.98) #fs:   5  -- #Conts: 15 H(3)  G(9)  E(3) 
  10072286 432.00 || noQ Q (Avg,Max,Min) (0.98, 1.00, 0.84) (0.79, 0.56, 1.00) #fs:   6  -- #Conts: 15 H(3)  G(7)  E(5) 
  10142407 430.00 || noQ Q (Avg,Max,Min) (0.98, 1.00, 0.87) (0.83, 0.67, 0.99) #fs:   6  -- #Conts: 14 H(3)  G(9)  E(2) 
  10451439 423.29 || noQ Q (Avg,Max,Min) (0.99, 1.00, 0.93) (0.83, 0.68, 0.96) #fs:   4  -- #Conts: 13 H(3)  G(9)  E(1) 
  10631269 413.88 || noQ Q (Avg,Max,Min) (0.94, 1.00, 0.67) (0.80, 0.51, 1.00) #fs:  10  -- #Conts: 20 H(2)  G(13)  E(5) 
  10796086 405.18 || noQ Q (Avg,Max,Min) (0.99, 1.00, 0.86) (0.83, 0.56, 1.00) #fs:   4  -- #Conts: 13 H(3)  G(8)  E(2) 
  10984569 391.76 || noQ Q (Avg,Max,Min) (0.97, 1.00, 0.77) (0.89, 0.69, 1.00) #fs:   3  -- #Conts: 12 H(3)  G(8)  E(1) 
  11349676 390.71 || noQ Q (Avg,Max,Min) (0.98, 1.00, 0.71) (0.89, 0.69, 1.00) #fs:   3  -- #Conts: 13 H(3)  G(7)  E(2)  C(1) 
  12960493 377.88 || noQ Q (Avg,Max,Min) (0.98, 1.00, 0.78) (0.92, 0.67, 1.00) #fs:   5  -- #Conts: 18 H(2)  G(7)  E(7)  C(2) 
  13119035 376.59 || noQ Q (Avg,Max,Min) (1.00, 1.00, 0.97) (0.92, 0.63, 1.00) #fs:   4  -- #Conts: 18 H(2)  G(7)  E(8)  C(1) 
  13340066 375.18 || noQ Q (Avg,Max,Min) (0.98, 1.00, 0.82) (0.92, 0.67, 1.00) #fs:   5  -- #Conts: 18 H(2)  G(7)  E(7)  C(2) 
  13349412 371.18 || noQ Q (Avg,Max,Min) (0.99, 1.00, 0.96) (0.94, 0.75, 1.00) #fs:   4  -- #Conts: 18 H(2)  G(7)  E(7)  C(2) 
  14331926 369.88 || noQ Q (Avg,Max,Min) (0.98, 1.00, 0.80) (0.94, 0.78, 1.00) #fs:   4  -- #Conts: 16 H(2)  G(7)  E(6)  C(1) 
  14710365 368.59 || noQ Q (Avg,Max,Min) (0.98, 1.00, 0.80) (0.94, 0.77, 1.00) #fs:   2  -- #Conts: 15 H(2)  G(7)  E(6) 
  14932210 367.76 || noQ Q (Avg,Max,Min) (0.98, 1.00, 0.78) (0.93, 0.72, 1.00) #fs:   2  -- #Conts: 17 H(2)  G(6)  E(7)  C(2) 
  15588235 363.76 || noQ Q (Avg,Max,Min) (0.98, 1.00, 0.78) (0.94, 0.76, 1.00) #fs:   6  -- #Conts: 17 H(2)  G(6)  E(7)  C(2) 
  16223544 363.41 || noQ Q (Avg,Max,Min) (0.99, 1.00, 0.90) (0.95, 0.77, 1.00) #fs:   3  -- #Conts: 16 H(2)  G(4)  E(8)  C(2) 
  16487147 362.12 || noQ Q (Avg,Max,Min) (0.99, 1.00, 0.81) (0.95, 0.72, 1.00) #fs:   2  -- #Conts: 16 H(2)  G(4)  E(9)  C(1) 
  16985644 356.82 || noQ Q (Avg,Max,Min) (1.00, 1.00, 0.97) (0.96, 0.85, 1.00) #fs:   2  -- #Conts: 16 H(2)  G(4)  E(10) 
  17301445 356.71 || noQ Q (Avg,Max,Min) (1.00, 1.00, 0.98) (0.97, 0.90, 1.00) #fs:   1  -- #Conts: 16 H(2)  G(4)  E(8)  C(2) 
  18285968 356.41 || noQ Q (Avg,Max,Min) (0.99, 1.00, 0.79) (0.96, 0.78, 1.00) #fs:   1  -- #Conts: 16 H(2)  G(4)  A(1)  E(8)  C(1) 
  18489544 355.41 || noQ Q (Avg,Max,Min) (0.99, 1.00, 0.79) (0.97, 0.78, 1.00) #fs:   1  -- #Conts: 15 H(2)  G(4)  E(8)  C(1) 
  18789644 354.41 || noQ Q (Avg,Max,Min) (0.97, 1.00, 0.52) (0.95, 0.42, 1.00) #fs:   2  -- #Conts: 16 H(2)  G(4)  A(1)  E(8)  C(1) 
  21324055 353.12 || noQ Q (Avg,Max,Min) (0.99, 1.00, 0.77) (0.90, 0.03, 1.00) #fs:   3  -- #Conts: 15 H(2)  G(4)  A(2)  E(7) 
  21414055 352.12 || noQ Q (Avg,Max,Min) (0.98, 1.00, 0.77) (0.97, 0.68, 1.00) #fs:   3  -- #Conts: 14 H(2)  G(4)  A(1)  E(7) 
  26761080 349.65 || noQ Q (Avg,Max,Min) (0.99, 1.00, 0.94) (0.95, 0.79, 1.00) #fs:   2  -- #Conts: 17 H(1)  G(2)  E(9)  C(5) 
  27049478 348.35 || noQ Q (Avg,Max,Min) (1.00, 1.00, 0.96) (0.96, 0.79, 1.00) #fs:   2  -- #Conts: 14 H(1)  G(2)  E(7)  C(4) 
  27250443 347.06 || noQ Q (Avg,Max,Min) (1.00, 1.00, 1.00) (0.96, 0.79, 1.00) #fs:   0  -- #Conts: 14 H(1)  G(2)  E(8)  C(3) 
  28200270 345.35 || noQ Q (Avg,Max,Min) (1.00, 1.00, 0.93) (0.91, 0.09, 1.00) #fs:   1  -- #Conts: 14 H(1)  G(2)  A(1)  E(7)  C(3) 
  28276936 344.35 || noQ Q (Avg,Max,Min) (1.00, 1.00, 0.93) (0.97, 0.85, 1.00) #fs:   1  -- #Conts: 13 H(1)  G(2)  E(7)  C(3) 
  41794412 344.12 || noQ Q (Avg,Max,Min) (0.99, 1.00, 0.90) (0.95, 0.78, 1.00) #fs:   4  -- #Conts: 14 G(4)  E(5)  C(5) 
  41827035 340.12 || noQ Q (Avg,Max,Min) (0.99, 1.00, 0.94) (0.97, 0.88, 1.00) #fs:   4  -- #Conts: 14 G(4)  E(5)  C(5) 
  41930251 337.41 || noQ Q (Avg,Max,Min) (0.99, 1.00, 0.89) (0.96, 0.77, 1.00) #fs:   4  -- #Conts: 14 G(4)  E(5)  C(5) 
  41965161 335.41 || noQ Q (Avg,Max,Min) (1.00, 1.00, 0.94) (0.87, 0.09, 1.00) #fs:   3  -- #Conts: 16 G(4)  A(2)  E(5)  C(5) 
  42006917 334.41 || noQ Q (Avg,Max,Min) (1.00, 1.00, 0.94) (0.92, 0.21, 1.00) #fs:   2  -- #Conts: 15 G(4)  A(1)  E(5)  C(5) 
  42178290 333.41 || noQ Q (Avg,Max,Min) (1.00, 1.00, 0.94) (0.97, 0.90, 1.00) #fs:   2  -- #Conts: 14 G(4)  E(5)  C(5) 
  43050938 333.12 || noQ Q (Avg,Max,Min) (1.00, 1.00, 0.96) (0.96, 0.73, 1.00) #fs:   1  -- #Conts: 14 G(4)  A(1)  E(5)  C(4) 
  43643978 332.12 || noQ Q (Avg,Max,Min) (1.00, 1.00, 0.96) (0.98, 0.93, 1.00) #fs:   1  -- #Conts: 13 G(4)  E(5)  C(4) 
  45013689 331.82 || noQ Q (Avg,Max,Min) (1.00, 1.00, 0.96) (0.97, 0.79, 1.00) #fs:   1  -- #Conts: 14 G(4)  A(1)  E(6)  C(3) 
  47272114 331.71 || noQ Q (Avg,Max,Min) (1.00, 1.00, 0.95) (0.94, 0.38, 1.00) #fs:   1  -- #Conts: 15 G(4)  A(1)  E(5)  C(5) 
  47578782 330.71 || noQ Q (Avg,Max,Min) (1.00, 1.00, 0.95) (0.99, 0.93, 1.00) #fs:   1  -- #Conts: 14 G(4)  E(5)  C(5) 
  55626527 330.06 || noQ Q (Avg,Max,Min) (0.95, 1.00, 0.64) (0.84, 0.17, 1.00) #fs:   3  -- #Conts: 8 G(1)  A(2)  E(3)  C(2) 
  55753787 329.06 || noQ Q (Avg,Max,Min) (0.94, 1.00, 0.63) (0.94, 0.60, 1.00) #fs:   3  -- #Conts: 7 G(1)  A(1)  E(3)  C(2) 
  56104568 328.06 || noQ Q (Avg,Max,Min) (0.93, 1.00, 0.53) (0.93, 0.51, 1.00) #fs:   3  -- #Conts: 7 G(1)  A(1)  E(3)  C(2) 
  56208291 327.06 || noQ Q (Avg,Max,Min) (0.95, 1.00, 0.64) (0.94, 0.62, 1.00) #fs:   2  -- #Conts: 7 G(1)  A(1)  E(3)  C(2) 
/////////////////size: 58
nodes 50 edges 92
 mulT: 1000 mulD: 1  sumData GB 86
pareto /CYBERSHAKE.n.50.0.dax time -> 606.0
moheft /CYBERSHAKE.n.50.0.dax time -> 1209.0
distance from M to C 0.6228390243406003
distance from P to C 8.664973193900915
distance from C to M 0.24079823324509872
distance from C to P 10.547948258832594
toCompare: /CYBERSHAKE.n.50.0.dax sumDataGB: 86 mulT: 1000 mulD: 1 paretoOptTime_MS: 606.0 MoheftOptimizationTime_MS: 1209.0 MtoC 0.6228390243406003 PtoC 8.664973193900915 CtoM 0.24079823324509872 CtoP 10.547948258832594
