specify -Dflow d,b,mt,md,size
Running /home/vaggelis/jc/SIPHT.n.100.0.dax mt 5000 md: 20000 size null
 770063730 32002.35 || noQ Q (Avg,Max,Min) (0.95, 1.07, 0.45) (0.89, 0.44, 1.03) #fs:   3  -- #Conts: 13 H(13) 
 770234519 30016.00 || noQ Q (Avg,Max,Min) (0.97, 1.07, 0.45) (0.91, 0.44, 1.03) #fs:   2  -- #Conts: 13 H(13) 
 773428234 29448.47 || noQ Q (Avg,Max,Min) (0.99, 1.08, 0.69) (0.97, 0.69, 1.06) #fs:   2  -- #Conts: 12 H(12) 
 773599023 27272.94 || noQ Q (Avg,Max,Min) (1.02, 1.08, 1.00) (1.00, 0.93, 1.06) #fs:   1  -- #Conts: 12 H(12) 
1319093768 23615.53 || noQ Q (Avg,Max,Min) (1.02, 1.07, 1.00) (0.98, 0.77, 1.05) #fs:   1  -- #Conts: 20 H(1)  G(19) 
1322513984 23300.24 || noQ Q (Avg,Max,Min) (1.02, 1.07, 1.00) (0.98, 0.77, 1.05) #fs:   1  -- #Conts: 20 G(20) 
1322517613 23284.47 || noQ Q (Avg,Max,Min) (1.03, 1.07, 1.00) (0.98, 0.77, 1.05) #fs:   1  -- #Conts: 20 G(20) 
2945258776 22411.06 || noQ Q (Avg,Max,Min) (1.01, 1.03, 0.94) (0.92, 0.76, 1.03) #fs:   2  -- #Conts: 29 G(1)  E(28) 
2972580950 22323.88 || noQ Q (Avg,Max,Min) (1.01, 1.03, 0.94) (0.92, 0.76, 1.03) #fs:   2  -- #Conts: 29 E(29) 
4175032281 20325.88 || noQ Q (Avg,Max,Min) (1.01, 1.02, 1.00) (0.91, 0.71, 1.01) #fs:   0  -- #Conts: 42 E(1)  C(41) 
4287360892 18597.00 || noQ Q (Avg,Max,Min) (1.01, 1.02, 1.00) (0.91, 0.71, 1.01) #fs:   0  -- #Conts: 42 A(1)  C(41) 
6455401122 7650.00 || noQ Q (Avg,Max,Min) (1.00, 1.00, 1.00) (0.99, 0.93, 1.00) #fs:   3  -- #Conts: 38 A(38) 
/////////////////size: 12
 774435492 26960.82 || noQ Q (Avg,Max,Min) (1.03, 1.15, 1.00) (1.01, 0.95, 1.03) #fs:   2  -- #Conts: 14 H(9)  G(1)  A(1)  E(1)  C(2) 
 774665268 26929.29 || noQ Q (Avg,Max,Min) (1.03, 1.15, 1.00) (1.01, 0.95, 1.03) #fs:   2  -- #Conts: 14 H(9)  G(1)  A(1)  E(1)  C(2) 
 774770807 26916.29 || noQ Q (Avg,Max,Min) (1.03, 1.14, 1.00) (1.02, 0.99, 1.06) #fs:   0  -- #Conts: 14 H(9)  G(1)  A(1)  E(1)  C(2) 
 775309045 26829.65 || noQ Q (Avg,Max,Min) (1.02, 1.14, 1.00) (1.00, 0.87, 1.05) #fs:   0  -- #Conts: 14 H(8)  G(2)  A(1)  E(2)  C(1) 
 775686800 26801.12 || noQ Q (Avg,Max,Min) (1.02, 1.11, 1.00) (1.02, 0.98, 1.10) #fs:   0  -- #Conts: 14 H(8)  G(2)  A(1)  E(2)  C(1) 
 775828743 26799.12 || noQ Q (Avg,Max,Min) (1.02, 1.11, 1.00) (1.02, 0.98, 1.10) #fs:   0  -- #Conts: 14 H(8)  G(2)  A(1)  E(2)  C(1) 
 775980670 26798.12 || noQ Q (Avg,Max,Min) (1.02, 1.11, 1.00) (1.02, 0.98, 1.10) #fs:   0  -- #Conts: 14 H(8)  G(2)  A(1)  E(2)  C(1) 
 776195056 26796.12 || noQ Q (Avg,Max,Min) (1.02, 1.11, 1.00) (1.02, 0.98, 1.10) #fs:   0  -- #Conts: 14 H(8)  G(2)  A(1)  E(2)  C(1) 
 776346983 26795.12 || noQ Q (Avg,Max,Min) (1.02, 1.11, 1.00) (1.02, 0.98, 1.10) #fs:   0  -- #Conts: 14 H(8)  G(2)  A(1)  E(2)  C(1) 
 776554617 26793.12 || noQ Q (Avg,Max,Min) (1.02, 1.11, 1.00) (1.02, 0.98, 1.10) #fs:   0  -- #Conts: 14 H(8)  G(2)  A(1)  E(2)  C(1) 
 776614641 26792.12 || noQ Q (Avg,Max,Min) (1.03, 1.16, 1.00) (1.02, 0.98, 1.16) #fs:   0  -- #Conts: 14 H(8)  G(2)  A(1)  E(2)  C(1) 
 778033137 26791.35 || noQ Q (Avg,Max,Min) (1.03, 1.12, 1.00) (1.01, 0.85, 1.06) #fs:   0  -- #Conts: 15 H(7)  G(4)  A(1)  E(2)  C(1) 
 778139770 26790.35 || noQ Q (Avg,Max,Min) (1.03, 1.13, 1.00) (1.01, 0.88, 1.06) #fs:   0  -- #Conts: 15 H(7)  G(4)  A(1)  E(2)  C(1) 
 779027496 26782.29 || noQ Q (Avg,Max,Min) (1.05, 1.39, 1.00) (0.98, 0.33, 1.08) #fs:   0  -- #Conts: 16 H(7)  G(4)  A(1)  E(3)  C(1) 
 779134129 26781.29 || noQ Q (Avg,Max,Min) (1.05, 1.39, 1.00) (0.98, 0.33, 1.12) #fs:   0  -- #Conts: 16 H(7)  G(4)  A(1)  E(3)  C(1) 
 779659204 26779.59 || noQ Q (Avg,Max,Min) (1.04, 1.22, 1.00) (0.99, 0.51, 1.08) #fs:   0  -- #Conts: 16 H(7)  G(4)  A(1)  E(2)  C(2) 
 779765837 26778.59 || noQ Q (Avg,Max,Min) (1.04, 1.22, 1.00) (0.99, 0.51, 1.12) #fs:   0  -- #Conts: 16 H(7)  G(4)  A(1)  E(2)  C(2) 
 784809694 26777.59 || noQ Q (Avg,Max,Min) (1.03, 1.13, 1.00) (1.02, 0.97, 1.08) #fs:   0  -- #Conts: 16 H(7)  G(4)  A(2)  E(2)  C(1) 
 784916327 26776.59 || noQ Q (Avg,Max,Min) (1.03, 1.14, 1.00) (1.02, 0.97, 1.12) #fs:   0  -- #Conts: 16 H(7)  G(4)  A(2)  E(2)  C(1) 
 788196795 26775.59 || noQ Q (Avg,Max,Min) (1.04, 1.17, 1.00) (1.00, 0.74, 1.12) #fs:   0  -- #Conts: 18 H(7)  G(4)  A(3)  E(2)  C(2) 
 788499101 26774.59 || noQ Q (Avg,Max,Min) (1.03, 1.13, 1.00) (1.01, 0.94, 1.12) #fs:   0  -- #Conts: 18 H(7)  G(4)  A(4)  E(2)  C(1) 
 828214954 26580.59 || noQ Q (Avg,Max,Min) (1.02, 1.08, 1.00) (1.01, 0.94, 1.07) #fs:   0  -- #Conts: 19 H(8)  G(4)  A(3)  E(2)  C(2) 
 828252092 26579.59 || noQ Q (Avg,Max,Min) (1.02, 1.08, 1.00) (1.01, 0.94, 1.07) #fs:   0  -- #Conts: 19 H(8)  G(4)  A(3)  E(2)  C(2) 
 828366881 26578.59 || noQ Q (Avg,Max,Min) (1.02, 1.08, 1.00) (1.01, 0.94, 1.07) #fs:   0  -- #Conts: 19 H(8)  G(4)  A(3)  E(2)  C(2) 
 828523266 26577.59 || noQ Q (Avg,Max,Min) (1.02, 1.08, 1.00) (1.01, 0.94, 1.07) #fs:   0  -- #Conts: 18 H(8)  G(4)  A(2)  E(2)  C(2) 
 828560404 26576.59 || noQ Q (Avg,Max,Min) (1.02, 1.08, 1.00) (1.01, 0.94, 1.07) #fs:   0  -- #Conts: 18 H(8)  G(4)  A(2)  E(2)  C(2) 
 828675193 26575.59 || noQ Q (Avg,Max,Min) (1.02, 1.08, 1.00) (1.01, 0.94, 1.07) #fs:   0  -- #Conts: 18 H(8)  G(4)  A(2)  E(2)  C(2) 
 828864257 26574.59 || noQ Q (Avg,Max,Min) (1.02, 1.08, 1.00) (1.01, 0.94, 1.07) #fs:   0  -- #Conts: 17 H(8)  G(4)  A(1)  E(2)  C(2) 
 828901395 26573.59 || noQ Q (Avg,Max,Min) (1.02, 1.08, 1.00) (1.01, 0.94, 1.07) #fs:   0  -- #Conts: 17 H(8)  G(4)  A(1)  E(2)  C(2) 
 829016184 26572.59 || noQ Q (Avg,Max,Min) (1.02, 1.08, 1.00) (1.01, 0.94, 1.07) #fs:   0  -- #Conts: 17 H(8)  G(4)  A(1)  E(2)  C(2) 
 829222876 26571.59 || noQ Q (Avg,Max,Min) (1.02, 1.08, 1.00) (1.01, 0.94, 1.07) #fs:   0  -- #Conts: 17 H(8)  G(4)  A(1)  E(2)  C(2) 
 829287966 26570.59 || noQ Q (Avg,Max,Min) (1.02, 1.08, 1.00) (1.01, 0.94, 1.07) #fs:   0  -- #Conts: 18 H(8)  G(4)  A(2)  E(2)  C(2) 
 829402755 26569.59 || noQ Q (Avg,Max,Min) (1.02, 1.08, 1.00) (1.01, 0.94, 1.07) #fs:   0  -- #Conts: 18 H(8)  G(4)  A(2)  E(2)  C(2) 
 829570620 26568.59 || noQ Q (Avg,Max,Min) (1.02, 1.08, 1.00) (1.01, 0.94, 1.07) #fs:   0  -- #Conts: 17 H(8)  G(4)  A(1)  E(2)  C(2) 
 829628957 26567.59 || noQ Q (Avg,Max,Min) (1.02, 1.08, 1.00) (1.01, 0.94, 1.07) #fs:   0  -- #Conts: 17 H(8)  G(4)  A(1)  E(2)  C(2) 
 829743746 26566.59 || noQ Q (Avg,Max,Min) (1.02, 1.08, 1.00) (1.01, 0.94, 1.07) #fs:   0  -- #Conts: 17 H(8)  G(4)  A(1)  E(2)  C(2) 
 829950438 26565.59 || noQ Q (Avg,Max,Min) (1.02, 1.08, 1.00) (1.01, 0.94, 1.07) #fs:   0  -- #Conts: 17 H(8)  G(4)  A(1)  E(2)  C(2) 
 830070151 26564.59 || noQ Q (Avg,Max,Min) (1.02, 1.08, 1.00) (1.01, 0.94, 1.07) #fs:   0  -- #Conts: 19 H(8)  G(4)  A(3)  E(2)  C(2) 
 830184940 26563.59 || noQ Q (Avg,Max,Min) (1.02, 1.08, 1.00) (1.01, 0.94, 1.07) #fs:   0  -- #Conts: 19 H(8)  G(4)  A(3)  E(2)  C(2) 
 830345448 26562.59 || noQ Q (Avg,Max,Min) (1.02, 1.08, 1.00) (1.01, 0.94, 1.07) #fs:   0  -- #Conts: 17 H(8)  G(4)  A(1)  E(2)  C(2) 
 830378463 26561.59 || noQ Q (Avg,Max,Min) (1.02, 1.08, 1.00) (1.01, 0.94, 1.07) #fs:   0  -- #Conts: 18 H(8)  G(4)  A(2)  E(2)  C(2) 
 830493252 26560.59 || noQ Q (Avg,Max,Min) (1.02, 1.08, 1.00) (1.01, 0.94, 1.07) #fs:   0  -- #Conts: 18 H(8)  G(4)  A(2)  E(2)  C(2) 
 830668438 26559.59 || noQ Q (Avg,Max,Min) (1.02, 1.08, 1.00) (1.01, 0.94, 1.07) #fs:   0  -- #Conts: 19 H(8)  G(4)  A(3)  E(2)  C(2) 
 830719454 26558.59 || noQ Q (Avg,Max,Min) (1.02, 1.08, 1.00) (1.01, 0.94, 1.07) #fs:   0  -- #Conts: 17 H(8)  G(4)  A(1)  E(2)  C(2) 
 830834243 26557.59 || noQ Q (Avg,Max,Min) (1.02, 1.08, 1.00) (1.01, 0.94, 1.07) #fs:   0  -- #Conts: 17 H(8)  G(4)  A(1)  E(2)  C(2) 
 830977731 26556.59 || noQ Q (Avg,Max,Min) (1.02, 1.08, 1.00) (1.01, 0.94, 1.07) #fs:   0  -- #Conts: 18 H(8)  G(4)  A(2)  E(2)  C(2) 
 831104337 26555.59 || noQ Q (Avg,Max,Min) (1.02, 1.08, 1.00) (1.01, 0.94, 1.07) #fs:   0  -- #Conts: 18 H(8)  G(4)  A(2)  E(2)  C(2) 
 838382151 26554.59 || noQ Q (Avg,Max,Min) (1.02, 1.08, 1.00) (1.01, 0.94, 1.07) #fs:   0  -- #Conts: 18 H(8)  G(4)  A(2)  E(2)  C(2) 
 838496940 26553.59 || noQ Q (Avg,Max,Min) (1.02, 1.08, 1.00) (1.01, 0.94, 1.07) #fs:   0  -- #Conts: 18 H(8)  G(4)  A(2)  E(2)  C(2) 
 854513667 26351.65 || noQ Q (Avg,Max,Min) (1.02, 1.16, 1.00) (0.99, 0.71, 1.06) #fs:   1  -- #Conts: 16 H(7)  G(3)  A(1)  E(2)  C(3) 
 854565082 26347.65 || noQ Q (Avg,Max,Min) (1.02, 1.06, 1.00) (1.01, 0.99, 1.06) #fs:   1  -- #Conts: 15 H(7)  G(3)  A(1)  E(2)  C(2) 
 857265465 26345.35 || noQ Q (Avg,Max,Min) (1.03, 1.32, 1.00) (1.00, 0.79, 1.06) #fs:   0  -- #Conts: 16 H(7)  G(3)  A(1)  E(3)  C(2) 
 862150324 26344.65 || noQ Q (Avg,Max,Min) (1.03, 1.16, 1.00) (0.99, 0.71, 1.06) #fs:   0  -- #Conts: 17 H(7)  G(3)  A(2)  E(2)  C(3) 
 864320760 26335.41 || noQ Q (Avg,Max,Min) (1.12, 2.02, 1.00) (0.89, 0.22, 1.05) #fs:   0  -- #Conts: 18 H(7)  G(5)  A(2)  E(3)  C(1) 
 864483745 26328.71 || noQ Q (Avg,Max,Min) (1.10, 2.02, 1.00) (0.93, 0.22, 1.05) #fs:   0  -- #Conts: 17 H(7)  G(5)  A(2)  E(2)  C(1) 
 864568002 26319.65 || noQ Q (Avg,Max,Min) (1.09, 2.02, 1.00) (0.93, 0.22, 1.07) #fs:   0  -- #Conts: 17 H(7)  G(4)  A(2)  E(3)  C(1) 
 864769141 26318.65 || noQ Q (Avg,Max,Min) (1.04, 1.27, 1.00) (0.98, 0.45, 1.09) #fs:   0  -- #Conts: 16 H(7)  G(4)  A(1)  E(3)  C(1) 
 865093051 26317.65 || noQ Q (Avg,Max,Min) (1.04, 1.30, 1.00) (1.00, 0.85, 1.05) #fs:   0  -- #Conts: 16 H(7)  G(4)  A(1)  E(3)  C(1) 
 865190197 26316.65 || noQ Q (Avg,Max,Min) (1.03, 1.25, 1.00) (1.00, 0.85, 1.06) #fs:   1  -- #Conts: 16 H(7)  G(4)  A(1)  E(3)  C(1) 
 870748965 26314.94 || noQ Q (Avg,Max,Min) (1.01, 1.10, 0.90) (1.00, 0.72, 1.09) #fs:   1  -- #Conts: 16 H(7)  G(4)  A(2)  E(2)  C(1) 
 876788527 26308.12 || noQ Q (Avg,Max,Min) (1.02, 1.11, 1.00) (1.00, 0.91, 1.10) #fs:   0  -- #Conts: 18 H(7)  G(4)  A(3)  E(2)  C(2) 
 877146399 26300.59 || noQ Q (Avg,Max,Min) (1.08, 1.65, 1.00) (0.93, 0.25, 1.07) #fs:   0  -- #Conts: 19 H(7)  G(7)  A(1)  E(3)  C(1) 
 877279394 26291.53 || noQ Q (Avg,Max,Min) (1.05, 1.61, 1.00) (0.96, 0.25, 1.07) #fs:   0  -- #Conts: 18 H(7)  G(6)  A(1)  E(3)  C(1) 
 877353634 26284.82 || noQ Q (Avg,Max,Min) (1.06, 1.72, 1.00) (0.98, 0.46, 1.07) #fs:   0  -- #Conts: 18 H(7)  G(6)  A(1)  E(3)  C(1) 
 877684307 26282.47 || noQ Q (Avg,Max,Min) (1.04, 1.39, 1.00) (0.97, 0.33, 1.07) #fs:   1  -- #Conts: 18 H(7)  G(5)  A(1)  E(4)  C(1) 
 877872668 26281.41 || noQ Q (Avg,Max,Min) (1.02, 1.08, 1.00) (1.00, 0.91, 1.07) #fs:   1  -- #Conts: 17 H(7)  G(4)  A(1)  E(4)  C(1) 
 877941092 26278.71 || noQ Q (Avg,Max,Min) (1.03, 1.22, 1.00) (0.98, 0.51, 1.07) #fs:   1  -- #Conts: 18 H(7)  G(4)  A(1)  E(4)  C(2) 
 878147196 26275.76 || noQ Q (Avg,Max,Min) (1.02, 1.08, 1.00) (1.01, 0.93, 1.07) #fs:   1  -- #Conts: 17 H(7)  G(5)  A(1)  E(3)  C(1) 
 878552109 26274.71 || noQ Q (Avg,Max,Min) (1.02, 1.08, 1.00) (1.01, 0.95, 1.07) #fs:   1  -- #Conts: 17 H(7)  G(4)  A(1)  E(4)  C(1) 
 878564785 26273.06 || noQ Q (Avg,Max,Min) (1.03, 1.22, 1.00) (0.99, 0.51, 1.07) #fs:   0  -- #Conts: 18 H(7)  G(5)  A(1)  E(3)  C(2) 
 879158059 26272.00 || noQ Q (Avg,Max,Min) (1.03, 1.22, 1.00) (0.99, 0.51, 1.07) #fs:   1  -- #Conts: 18 H(7)  G(4)  A(1)  E(4)  C(2) 
 883091582 26270.00 || noQ Q (Avg,Max,Min) (1.02, 1.08, 1.00) (1.01, 0.96, 1.07) #fs:   1  -- #Conts: 18 H(7)  G(4)  A(2)  E(4)  C(1) 
 886857810 26269.29 || noQ Q (Avg,Max,Min) (1.02, 1.08, 1.00) (1.01, 0.94, 1.07) #fs:   0  -- #Conts: 20 H(7)  G(4)  A(4)  E(4)  C(1) 
 944804393 25996.53 || noQ Q (Avg,Max,Min) (1.02, 1.05, 1.00) (1.00, 0.94, 1.02) #fs:   0  -- #Conts: 16 H(6)  G(2)  A(3)  E(3)  C(2) 
 945028907 25994.53 || noQ Q (Avg,Max,Min) (1.01, 1.04, 1.00) (1.01, 0.94, 1.02) #fs:   0  -- #Conts: 15 H(6)  G(2)  A(2)  E(3)  C(2) 
 945136944 25993.53 || noQ Q (Avg,Max,Min) (1.01, 1.05, 1.00) (1.01, 0.97, 1.02) #fs:   0  -- #Conts: 15 H(6)  G(2)  A(2)  E(3)  C(2) 
 945357324 25992.53 || noQ Q (Avg,Max,Min) (1.01, 1.04, 1.00) (1.01, 0.94, 1.02) #fs:   0  -- #Conts: 15 H(6)  G(2)  A(2)  E(3)  C(2) 
 945361458 25991.53 || noQ Q (Avg,Max,Min) (1.01, 1.03, 1.00) (1.01, 0.99, 1.02) #fs:   0  -- #Conts: 14 H(6)  G(2)  A(1)  E(3)  C(2) 
 945689875 25989.53 || noQ Q (Avg,Max,Min) (1.01, 1.03, 1.00) (1.01, 1.00, 1.02) #fs:   0  -- #Conts: 14 H(6)  G(2)  A(1)  E(3)  C(2) 
 945824921 25988.53 || noQ Q (Avg,Max,Min) (1.01, 1.03, 1.00) (1.01, 1.00, 1.02) #fs:   0  -- #Conts: 14 H(6)  G(2)  A(1)  E(3)  C(2) 
 945989607 25986.53 || noQ Q (Avg,Max,Min) (1.08, 2.02, 1.00) (0.96, 0.22, 1.02) #fs:   0  -- #Conts: 15 H(6)  G(2)  A(2)  E(3)  C(2) 
 946172665 25985.53 || noQ Q (Avg,Max,Min) (1.01, 1.03, 1.00) (1.01, 1.00, 1.03) #fs:   0  -- #Conts: 14 H(6)  G(2)  A(1)  E(3)  C(2) 
 946358354 25984.53 || noQ Q (Avg,Max,Min) (1.01, 1.03, 1.00) (1.01, 0.99, 1.03) #fs:   0  -- #Conts: 14 H(6)  G(2)  A(1)  E(3)  C(2) 
 946417437 25983.53 || noQ Q (Avg,Max,Min) (1.01, 1.03, 1.00) (1.01, 1.00, 1.03) #fs:   0  -- #Conts: 14 H(6)  G(2)  A(1)  E(3)  C(2) 
 946552483 25982.53 || noQ Q (Avg,Max,Min) (1.01, 1.03, 1.00) (1.01, 1.00, 1.03) #fs:   0  -- #Conts: 14 H(6)  G(2)  A(1)  E(3)  C(2) 
 953884316 25981.53 || noQ Q (Avg,Max,Min) (1.01, 1.05, 1.00) (1.01, 0.97, 1.03) #fs:   0  -- #Conts: 15 H(6)  G(2)  A(2)  E(3)  C(2) 
 953951839 25980.53 || noQ Q (Avg,Max,Min) (1.01, 1.05, 1.00) (1.01, 0.97, 1.03) #fs:   0  -- #Conts: 15 H(6)  G(2)  A(2)  E(3)  C(2) 
 964388663 25979.53 || noQ Q (Avg,Max,Min) (1.02, 1.04, 1.00) (1.01, 0.97, 1.03) #fs:   0  -- #Conts: 16 H(6)  G(2)  A(3)  E(3)  C(2) 
 964783493 25898.65 || noQ Q (Avg,Max,Min) (1.02, 1.05, 1.00) (1.01, 0.95, 1.05) #fs:   0  -- #Conts: 15 H(6)  G(3)  A(2)  E(3)  C(1) 
 965008007 25896.65 || noQ Q (Avg,Max,Min) (1.02, 1.05, 1.00) (1.01, 0.94, 1.05) #fs:   0  -- #Conts: 15 H(6)  G(3)  A(2)  E(3)  C(1) 
 965218990 25894.65 || noQ Q (Avg,Max,Min) (1.02, 1.05, 1.00) (1.01, 0.94, 1.05) #fs:   0  -- #Conts: 15 H(6)  G(3)  A(2)  E(3)  C(1) 
 965478367 25893.65 || noQ Q (Avg,Max,Min) (1.02, 1.05, 1.00) (1.01, 0.94, 1.05) #fs:   0  -- #Conts: 15 H(6)  G(3)  A(2)  E(3)  C(1) 
 965523199 25891.65 || noQ Q (Avg,Max,Min) (1.02, 1.05, 1.00) (1.01, 0.94, 1.05) #fs:   0  -- #Conts: 15 H(6)  G(3)  A(2)  E(3)  C(1) 
 965810918 25890.65 || noQ Q (Avg,Max,Min) (1.01, 1.05, 1.00) (1.01, 1.00, 1.05) #fs:   0  -- #Conts: 14 H(6)  G(3)  A(1)  E(3)  C(1) 
 965855750 25888.65 || noQ Q (Avg,Max,Min) (1.01, 1.05, 1.00) (1.01, 1.00, 1.05) #fs:   0  -- #Conts: 14 H(6)  G(3)  A(1)  E(3)  C(1) 
 966177231 25887.65 || noQ Q (Avg,Max,Min) (1.01, 1.05, 1.00) (1.01, 1.00, 1.05) #fs:   0  -- #Conts: 14 H(6)  G(3)  A(1)  E(3)  C(1) 
 966250760 25886.65 || noQ Q (Avg,Max,Min) (1.08, 2.02, 1.00) (0.96, 0.22, 1.05) #fs:   0  -- #Conts: 16 H(6)  G(3)  A(3)  E(3)  C(1) 
 966375678 25884.65 || noQ Q (Avg,Max,Min) (1.02, 1.05, 1.00) (1.01, 0.94, 1.05) #fs:   0  -- #Conts: 15 H(6)  G(3)  A(2)  E(3)  C(1) 
 973645052 25883.65 || noQ Q (Avg,Max,Min) (1.02, 1.05, 1.00) (1.01, 0.97, 1.05) #fs:   0  -- #Conts: 15 H(6)  G(3)  A(2)  E(3)  C(1) 
 999025372 25506.29 || noQ Q (Avg,Max,Min) (1.02, 1.08, 1.00) (1.00, 0.85, 1.08) #fs:   0  -- #Conts: 16 H(6)  G(4)  A(1)  E(4)  C(1) 
 999256683 25497.24 || noQ Q (Avg,Max,Min) (1.04, 1.39, 1.00) (0.97, 0.33, 1.08) #fs:   0  -- #Conts: 17 H(6)  G(4)  A(1)  E(5)  C(1) 
 999388064 25490.53 || noQ Q (Avg,Max,Min) (1.02, 1.08, 1.00) (1.01, 0.94, 1.08) #fs:   0  -- #Conts: 16 H(6)  G(4)  A(1)  E(4)  C(1) 
1002121010 25483.47 || noQ Q (Avg,Max,Min) (1.04, 1.27, 1.00) (0.98, 0.45, 1.13) #fs:   0  -- #Conts: 17 H(5)  G(5)  A(1)  E(5)  C(1) 
1003056698 25480.76 || noQ Q (Avg,Max,Min) (1.03, 1.16, 1.00) (1.00, 0.71, 1.13) #fs:   0  -- #Conts: 17 H(5)  G(5)  A(1)  E(4)  C(2) 
1011888281 25480.71 || noQ Q (Avg,Max,Min) (1.04, 1.22, 1.00) (0.97, 0.51, 1.10) #fs:   0  -- #Conts: 19 H(5)  G(4)  A(2)  E(5)  C(3) 
1012190587 25479.71 || noQ Q (Avg,Max,Min) (1.03, 1.22, 1.00) (0.98, 0.51, 1.10) #fs:   0  -- #Conts: 19 H(5)  G(4)  A(3)  E(5)  C(2) 
1016208597 25477.71 || noQ Q (Avg,Max,Min) (1.02, 1.11, 1.00) (1.00, 0.94, 1.10) #fs:   0  -- #Conts: 19 H(5)  G(4)  A(4)  E(5)  C(1) 
1059191435 25233.24 || noQ Q (Avg,Max,Min) (1.02, 1.16, 1.00) (0.99, 0.73, 1.08) #fs:   0  -- #Conts: 18 H(5)  G(6)  A(1)  E(4)  C(2) 
1059213078 25230.24 || noQ Q (Avg,Max,Min) (1.02, 1.17, 1.00) (1.00, 0.74, 1.08) #fs:   0  -- #Conts: 18 H(5)  G(6)  A(1)  E(4)  C(2) 
1059499747 25229.24 || noQ Q (Avg,Max,Min) (1.02, 1.17, 1.00) (1.00, 0.74, 1.08) #fs:   0  -- #Conts: 18 H(5)  G(6)  A(1)  E(4)  C(2) 
1059549459 25226.24 || noQ Q (Avg,Max,Min) (1.02, 1.08, 1.00) (1.01, 0.94, 1.08) #fs:   0  -- #Conts: 17 H(5)  G(6)  A(1)  E(4)  C(1) 
1059840738 25225.24 || noQ Q (Avg,Max,Min) (1.02, 1.08, 1.00) (1.01, 0.94, 1.08) #fs:   0  -- #Conts: 17 H(5)  G(6)  A(1)  E(4)  C(1) 
1060072607 25224.24 || noQ Q (Avg,Max,Min) (1.02, 1.08, 1.00) (1.01, 0.94, 1.08) #fs:   0  -- #Conts: 17 H(5)  G(6)  A(1)  E(4)  C(1) 
1060199357 25223.24 || noQ Q (Avg,Max,Min) (1.02, 1.08, 1.00) (1.01, 0.94, 1.08) #fs:   0  -- #Conts: 17 H(5)  G(6)  A(1)  E(4)  C(1) 
1060395174 25221.24 || noQ Q (Avg,Max,Min) (1.02, 1.08, 1.00) (1.01, 0.94, 1.08) #fs:   0  -- #Conts: 17 H(5)  G(6)  A(1)  E(4)  C(1) 
1060547101 25220.24 || noQ Q (Avg,Max,Min) (1.02, 1.08, 1.00) (1.01, 0.94, 1.08) #fs:   0  -- #Conts: 17 H(5)  G(6)  A(1)  E(4)  C(1) 
1060710099 25219.24 || noQ Q (Avg,Max,Min) (1.02, 1.17, 1.00) (1.00, 0.74, 1.08) #fs:   0  -- #Conts: 18 H(5)  G(6)  A(1)  E(4)  C(2) 
1060759799 25218.24 || noQ Q (Avg,Max,Min) (1.02, 1.08, 1.00) (1.01, 0.94, 1.08) #fs:   0  -- #Conts: 17 H(5)  G(6)  A(1)  E(4)  C(1) 
1060926919 25217.24 || noQ Q (Avg,Max,Min) (1.02, 1.08, 1.00) (1.01, 0.94, 1.08) #fs:   0  -- #Conts: 17 H(5)  G(6)  A(1)  E(4)  C(1) 
1061051090 25215.24 || noQ Q (Avg,Max,Min) (1.02, 1.08, 1.00) (1.01, 0.94, 1.08) #fs:   0  -- #Conts: 17 H(5)  G(6)  A(1)  E(4)  C(1) 
1061165879 25214.24 || noQ Q (Avg,Max,Min) (1.02, 1.08, 1.00) (1.01, 0.94, 1.08) #fs:   0  -- #Conts: 17 H(5)  G(6)  A(1)  E(4)  C(1) 
1061327935 25213.24 || noQ Q (Avg,Max,Min) (1.02, 1.08, 1.00) (1.01, 0.94, 1.08) #fs:   0  -- #Conts: 18 H(5)  G(6)  A(2)  E(4)  C(1) 
1061415715 25212.24 || noQ Q (Avg,Max,Min) (1.02, 1.08, 1.00) (1.01, 0.94, 1.08) #fs:   0  -- #Conts: 17 H(5)  G(6)  A(1)  E(4)  C(1) 
1061530504 25211.24 || noQ Q (Avg,Max,Min) (1.02, 1.08, 1.00) (1.01, 0.94, 1.08) #fs:   0  -- #Conts: 17 H(5)  G(6)  A(1)  E(4)  C(1) 
1061660486 25210.24 || noQ Q (Avg,Max,Min) (1.02, 1.08, 1.00) (1.01, 0.94, 1.08) #fs:   0  -- #Conts: 17 H(5)  G(6)  A(1)  E(4)  C(1) 
1061775275 25209.24 || noQ Q (Avg,Max,Min) (1.02, 1.08, 1.00) (1.01, 0.94, 1.08) #fs:   0  -- #Conts: 17 H(5)  G(6)  A(1)  E(4)  C(1) 
1061908633 25208.24 || noQ Q (Avg,Max,Min) (1.02, 1.08, 1.00) (1.01, 0.94, 1.08) #fs:   0  -- #Conts: 17 H(5)  G(6)  A(1)  E(4)  C(1) 
1062023422 25207.24 || noQ Q (Avg,Max,Min) (1.02, 1.08, 1.00) (1.01, 0.94, 1.08) #fs:   0  -- #Conts: 17 H(5)  G(6)  A(1)  E(4)  C(1) 
1062161845 25206.24 || noQ Q (Avg,Max,Min) (1.02, 1.08, 1.00) (1.01, 0.94, 1.08) #fs:   0  -- #Conts: 17 H(5)  G(6)  A(1)  E(4)  C(1) 
1069478485 25205.24 || noQ Q (Avg,Max,Min) (1.02, 1.08, 1.00) (1.01, 0.94, 1.08) #fs:   0  -- #Conts: 18 H(5)  G(6)  A(2)  E(4)  C(1) 
1141782015 24169.06 || noQ Q (Avg,Max,Min) (1.02, 1.06, 1.00) (1.00, 0.94, 1.06) #fs:   0  -- #Conts: 18 H(3)  G(6)  A(3)  E(4)  C(2) 
1141803658 24167.06 || noQ Q (Avg,Max,Min) (1.02, 1.06, 1.00) (1.00, 0.94, 1.06) #fs:   0  -- #Conts: 17 H(3)  G(6)  A(2)  E(4)  C(2) 
1142090327 24166.06 || noQ Q (Avg,Max,Min) (1.02, 1.06, 1.00) (1.00, 0.94, 1.06) #fs:   0  -- #Conts: 17 H(3)  G(6)  A(2)  E(4)  C(2) 
1142166897 24165.06 || noQ Q (Avg,Max,Min) (1.02, 1.06, 1.00) (1.00, 0.94, 1.06) #fs:   0  -- #Conts: 18 H(3)  G(6)  A(3)  E(4)  C(2) 
1142281686 24164.06 || noQ Q (Avg,Max,Min) (1.02, 1.06, 1.00) (1.00, 0.94, 1.06) #fs:   0  -- #Conts: 18 H(3)  G(6)  A(3)  E(4)  C(2) 
1142431318 24163.06 || noQ Q (Avg,Max,Min) (1.01, 1.06, 1.00) (1.00, 0.94, 1.06) #fs:   0  -- #Conts: 16 H(3)  G(6)  A(1)  E(4)  C(2) 
1142475209 24162.06 || noQ Q (Avg,Max,Min) (1.02, 1.06, 1.00) (1.00, 0.94, 1.06) #fs:   0  -- #Conts: 17 H(3)  G(6)  A(2)  E(4)  C(2) 
1142589998 24161.06 || noQ Q (Avg,Max,Min) (1.02, 1.06, 1.00) (1.00, 0.94, 1.06) #fs:   0  -- #Conts: 17 H(3)  G(6)  A(2)  E(4)  C(2) 
1142789937 24160.06 || noQ Q (Avg,Max,Min) (1.01, 1.06, 1.00) (1.00, 0.94, 1.06) #fs:   0  -- #Conts: 16 H(3)  G(6)  A(1)  E(4)  C(2) 
1142816200 24159.06 || noQ Q (Avg,Max,Min) (1.01, 1.06, 1.00) (1.00, 0.94, 1.06) #fs:   0  -- #Conts: 16 H(3)  G(6)  A(1)  E(4)  C(2) 
1142930989 24158.06 || noQ Q (Avg,Max,Min) (1.01, 1.06, 1.00) (1.00, 0.94, 1.06) #fs:   0  -- #Conts: 16 H(3)  G(6)  A(1)  E(4)  C(2) 
1143144294 24157.06 || noQ Q (Avg,Max,Min) (1.02, 1.06, 1.00) (1.00, 0.94, 1.06) #fs:   0  -- #Conts: 18 H(3)  G(6)  A(3)  E(4)  C(2) 
1143196018 24156.06 || noQ Q (Avg,Max,Min) (1.01, 1.06, 1.00) (1.00, 0.94, 1.06) #fs:   0  -- #Conts: 16 H(3)  G(6)  A(1)  E(4)  C(2) 
1143310807 24155.06 || noQ Q (Avg,Max,Min) (1.01, 1.06, 1.00) (1.00, 0.94, 1.06) #fs:   0  -- #Conts: 16 H(3)  G(6)  A(1)  E(4)  C(2) 
1143452606 24154.06 || noQ Q (Avg,Max,Min) (1.02, 1.06, 1.00) (1.00, 0.94, 1.06) #fs:   0  -- #Conts: 17 H(3)  G(6)  A(2)  E(4)  C(2) 
1143567395 24153.06 || noQ Q (Avg,Max,Min) (1.02, 1.06, 1.00) (1.00, 0.94, 1.06) #fs:   0  -- #Conts: 17 H(3)  G(6)  A(2)  E(4)  C(2) 
1143731885 24152.06 || noQ Q (Avg,Max,Min) (1.01, 1.06, 1.00) (1.00, 0.94, 1.06) #fs:   0  -- #Conts: 16 H(3)  G(6)  A(1)  E(4)  C(2) 
1143793597 24151.06 || noQ Q (Avg,Max,Min) (1.01, 1.06, 1.00) (1.00, 0.94, 1.06) #fs:   0  -- #Conts: 16 H(3)  G(6)  A(1)  E(4)  C(2) 
1143908386 24150.06 || noQ Q (Avg,Max,Min) (1.01, 1.06, 1.00) (1.00, 0.94, 1.06) #fs:   0  -- #Conts: 16 H(3)  G(6)  A(1)  E(4)  C(2) 
1144115078 24149.06 || noQ Q (Avg,Max,Min) (1.01, 1.06, 1.00) (1.00, 0.94, 1.06) #fs:   0  -- #Conts: 16 H(3)  G(6)  A(1)  E(4)  C(2) 
1144256876 24148.06 || noQ Q (Avg,Max,Min) (1.01, 1.06, 1.00) (1.00, 0.94, 1.06) #fs:   0  -- #Conts: 17 H(3)  G(6)  A(2)  E(4)  C(2) 
1144344657 24147.06 || noQ Q (Avg,Max,Min) (1.01, 1.06, 1.00) (1.00, 0.94, 1.06) #fs:   0  -- #Conts: 16 H(3)  G(6)  A(1)  E(4)  C(2) 
1144493208 24146.06 || noQ Q (Avg,Max,Min) (1.01, 1.06, 1.00) (1.00, 0.94, 1.06) #fs:   0  -- #Conts: 17 H(3)  G(6)  A(2)  E(4)  C(2) 
1144589427 24145.06 || noQ Q (Avg,Max,Min) (1.01, 1.06, 1.00) (1.00, 0.94, 1.06) #fs:   0  -- #Conts: 16 H(3)  G(6)  A(1)  E(4)  C(2) 
1151887499 24144.06 || noQ Q (Avg,Max,Min) (1.02, 1.06, 1.00) (1.00, 0.94, 1.06) #fs:   0  -- #Conts: 17 H(3)  G(6)  A(2)  E(4)  C(2) 
1152015793 24143.06 || noQ Q (Avg,Max,Min) (1.02, 1.06, 1.00) (1.00, 0.94, 1.06) #fs:   0  -- #Conts: 17 H(3)  G(6)  A(2)  E(4)  C(2) 
1152474053 24139.35 || noQ Q (Avg,Max,Min) (1.02, 1.06, 1.00) (1.00, 0.94, 1.05) #fs:   1  -- #Conts: 15 H(3)  G(7)  A(1)  E(3)  C(1) 
1152862491 24130.29 || noQ Q (Avg,Max,Min) (1.04, 1.39, 1.00) (0.95, 0.33, 1.05) #fs:   1  -- #Conts: 16 H(3)  G(7)  A(1)  E(4)  C(1) 
1153054498 24128.35 || noQ Q (Avg,Max,Min) (1.06, 1.58, 1.00) (0.99, 0.72, 1.10) #fs:   0  -- #Conts: 15 H(4)  G(7)  A(1)  E(3) 
1153247271 24123.59 || noQ Q (Avg,Max,Min) (1.02, 1.12, 1.00) (0.99, 0.88, 1.05) #fs:   1  -- #Conts: 15 H(3)  G(7)  A(1)  E(3)  C(1) 
1153351770 24111.53 || noQ Q (Avg,Max,Min) (1.02, 1.16, 1.00) (0.99, 0.71, 1.08) #fs:   0  -- #Conts: 15 H(3)  G(7)  A(1)  E(3)  C(1) 
1153736441 24099.76 || noQ Q (Avg,Max,Min) (1.06, 1.88, 0.83) (0.93, 0.20, 1.08) #fs:   1  -- #Conts: 16 H(3)  G(8)  A(1)  E(3)  C(1) 
1154023373 24095.76 || noQ Q (Avg,Max,Min) (1.08, 1.88, 1.00) (0.95, 0.20, 1.08) #fs:   0  -- #Conts: 16 H(3)  G(8)  A(1)  E(3)  C(1) 
1154219463 24090.71 || noQ Q (Avg,Max,Min) (1.03, 1.39, 0.83) (0.93, 0.33, 1.08) #fs:   1  -- #Conts: 16 H(3)  G(7)  A(1)  E(4)  C(1) 
1154339834 24084.00 || noQ Q (Avg,Max,Min) (1.01, 1.08, 0.88) (0.99, 0.65, 1.08) #fs:   1  -- #Conts: 15 H(3)  G(7)  A(1)  E(3)  C(1) 
1157359358 24083.00 || noQ Q (Avg,Max,Min) (1.03, 1.18, 1.00) (0.99, 0.65, 1.08) #fs:   0  -- #Conts: 15 H(3)  G(7)  A(1)  E(3)  C(1) 
1160288593 24082.00 || noQ Q (Avg,Max,Min) (1.03, 1.16, 1.00) (0.99, 0.71, 1.08) #fs:   0  -- #Conts: 16 H(3)  G(7)  A(2)  E(3)  C(1) 
1163021185 24081.00 || noQ Q (Avg,Max,Min) (1.04, 1.31, 1.00) (1.00, 0.84, 1.08) #fs:   0  -- #Conts: 16 H(3)  G(7)  A(2)  E(3)  C(1) 
1170448572 24080.00 || noQ Q (Avg,Max,Min) (1.02, 1.08, 1.00) (1.01, 0.99, 1.08) #fs:   0  -- #Conts: 15 H(3)  G(7)  A(2)  E(3) 
1263772350 23844.47 || noQ Q (Avg,Max,Min) (1.08, 2.05, 1.00) (0.96, 0.19, 1.08) #fs:   0  -- #Conts: 16 H(3)  G(7)  A(2)  E(3)  C(1) 
1263977428 23814.94 || noQ Q (Avg,Max,Min) (1.02, 1.08, 1.00) (1.01, 0.94, 1.08) #fs:   0  -- #Conts: 15 H(2)  G(7)  A(2)  E(3)  C(1) 
1264362208 23812.94 || noQ Q (Avg,Max,Min) (1.02, 1.08, 1.00) (1.01, 0.94, 1.08) #fs:   0  -- #Conts: 15 H(2)  G(7)  A(2)  E(3)  C(1) 
1264725190 23810.59 || noQ Q (Avg,Max,Min) (1.05, 1.39, 1.00) (0.94, 0.33, 1.08) #fs:   0  -- #Conts: 17 H(2)  G(7)  A(2)  E(5)  C(1) 
1265256702 23807.88 || noQ Q (Avg,Max,Min) (1.04, 1.27, 1.00) (0.95, 0.45, 1.08) #fs:   0  -- #Conts: 17 H(2)  G(7)  A(2)  E(4)  C(2) 
1265592992 23803.88 || noQ Q (Avg,Max,Min) (1.03, 1.32, 1.00) (0.99, 0.79, 1.08) #fs:   0  -- #Conts: 16 H(2)  G(7)  A(2)  E(4)  C(1) 
1270407192 23803.18 || noQ Q (Avg,Max,Min) (1.03, 1.16, 1.00) (0.99, 0.71, 1.08) #fs:   0  -- #Conts: 17 H(2)  G(7)  A(3)  E(3)  C(2) 
1270678695 23802.18 || noQ Q (Avg,Max,Min) (1.03, 1.17, 1.00) (0.97, 0.71, 1.08) #fs:   0  -- #Conts: 17 H(2)  G(7)  A(2)  E(3)  C(3) 
1273876758 23801.18 || noQ Q (Avg,Max,Min) (1.03, 1.17, 1.00) (0.99, 0.74, 1.08) #fs:   0  -- #Conts: 17 H(2)  G(7)  A(3)  E(3)  C(2) 
1274176619 23800.18 || noQ Q (Avg,Max,Min) (1.02, 1.08, 1.00) (1.00, 0.94, 1.08) #fs:   0  -- #Conts: 17 H(2)  G(7)  A(4)  E(3)  C(1) 
1287569792 23610.00 || noQ Q (Avg,Max,Min) (1.08, 2.12, 1.00) (0.96, 0.20, 1.13) #fs:   0  -- #Conts: 17 H(3)  G(7)  A(2)  E(4)  C(1) 
1287920863 23594.24 || noQ Q (Avg,Max,Min) (1.06, 1.76, 1.00) (0.97, 0.36, 1.13) #fs:   0  -- #Conts: 17 H(3)  G(7)  A(2)  E(4)  C(1) 
1288314377 23578.47 || noQ Q (Avg,Max,Min) (1.02, 1.13, 1.00) (1.01, 0.94, 1.13) #fs:   0  -- #Conts: 16 H(2)  G(7)  A(2)  E(4)  C(1) 
1288401046 23577.47 || noQ Q (Avg,Max,Min) (1.02, 1.13, 1.00) (1.01, 0.94, 1.13) #fs:   0  -- #Conts: 16 H(2)  G(7)  A(2)  E(4)  C(1) 
1288564151 23576.12 || noQ Q (Avg,Max,Min) (1.04, 1.39, 0.95) (0.96, 0.33, 1.13) #fs:   1  -- #Conts: 17 H(2)  G(7)  A(2)  E(5)  C(1) 
1288884315 23575.47 || noQ Q (Avg,Max,Min) (1.02, 1.13, 1.00) (1.01, 0.94, 1.13) #fs:   0  -- #Conts: 15 H(2)  G(7)  A(1)  E(4)  C(1) 
1288970984 23574.47 || noQ Q (Avg,Max,Min) (1.02, 1.13, 1.00) (1.01, 0.94, 1.13) #fs:   0  -- #Conts: 15 H(2)  G(7)  A(1)  E(4)  C(1) 
1289195859 23573.41 || noQ Q (Avg,Max,Min) (1.03, 1.22, 0.95) (0.97, 0.51, 1.13) #fs:   1  -- #Conts: 17 H(2)  G(7)  A(2)  E(4)  C(2) 
1289466949 23572.41 || noQ Q (Avg,Max,Min) (1.04, 1.29, 1.00) (0.95, 0.47, 1.13) #fs:   0  -- #Conts: 18 H(2)  G(7)  A(2)  E(5)  C(2) 
1289468883 23570.71 || noQ Q (Avg,Max,Min) (1.04, 1.22, 1.00) (0.96, 0.51, 1.13) #fs:   0  -- #Conts: 18 H(2)  G(7)  A(2)  E(4)  C(3) 
1289997122 23568.41 || noQ Q (Avg,Max,Min) (1.04, 1.33, 1.00) (0.99, 0.81, 1.13) #fs:   0  -- #Conts: 17 H(2)  G(7)  A(2)  E(5)  C(1) 
1290447507 23567.41 || noQ Q (Avg,Max,Min) (1.03, 1.31, 1.00) (1.00, 0.87, 1.13) #fs:   0  -- #Conts: 17 H(2)  G(7)  A(2)  E(5)  C(1) 
1297738476 23566.71 || noQ Q (Avg,Max,Min) (1.04, 1.31, 1.00) (1.00, 0.86, 1.13) #fs:   0  -- #Conts: 18 H(2)  G(7)  A(3)  E(4)  C(2) 
1298026433 23566.41 || noQ Q (Avg,Max,Min) (1.04, 1.41, 1.00) (1.01, 0.94, 1.13) #fs:   0  -- #Conts: 17 H(2)  G(7)  A(2)  E(5)  C(1) 
1305359491 23565.71 || noQ Q (Avg,Max,Min) (1.02, 1.13, 1.00) (1.01, 0.94, 1.13) #fs:   0  -- #Conts: 17 H(2)  G(7)  A(3)  E(4)  C(1) 
1308887241 23476.12 || noQ Q (Avg,Max,Min) (1.01, 1.13, 0.94) (1.00, 0.93, 1.13) #fs:   1  -- #Conts: 15 H(1)  G(7)  A(2)  E(4)  C(1) 
1308901151 23302.71 || noQ Q (Avg,Max,Min) (1.11, 2.50, 1.00) (0.96, 0.16, 1.13) #fs:   0  -- #Conts: 16 H(2)  G(7)  A(2)  E(4)  C(1) 
1309027184 23271.18 || noQ Q (Avg,Max,Min) (1.02, 1.13, 1.00) (1.01, 0.94, 1.13) #fs:   0  -- #Conts: 15 H(1)  G(7)  A(2)  E(4)  C(1) 
1309097122 23270.18 || noQ Q (Avg,Max,Min) (1.02, 1.13, 1.00) (1.01, 0.94, 1.13) #fs:   0  -- #Conts: 15 H(1)  G(7)  A(2)  E(4)  C(1) 
1309160770 23269.18 || noQ Q (Avg,Max,Min) (1.02, 1.13, 1.00) (1.01, 0.94, 1.13) #fs:   0  -- #Conts: 15 H(1)  G(7)  A(2)  E(4)  C(1) 
1309357500 23268.18 || noQ Q (Avg,Max,Min) (1.02, 1.13, 1.00) (1.01, 0.94, 1.13) #fs:   0  -- #Conts: 15 H(1)  G(7)  A(2)  E(4)  C(1) 
1309642821 23267.18 || noQ Q (Avg,Max,Min) (1.02, 1.13, 1.00) (1.01, 0.94, 1.13) #fs:   0  -- #Conts: 15 H(1)  G(7)  A(2)  E(4)  C(1) 
1309706469 23266.18 || noQ Q (Avg,Max,Min) (1.02, 1.13, 1.00) (1.01, 0.94, 1.13) #fs:   0  -- #Conts: 15 H(1)  G(7)  A(2)  E(4)  C(1) 
1309903199 23265.18 || noQ Q (Avg,Max,Min) (1.02, 1.13, 1.00) (1.01, 0.94, 1.13) #fs:   0  -- #Conts: 15 H(1)  G(7)  A(2)  E(4)  C(1) 
1310104742 23264.18 || noQ Q (Avg,Max,Min) (1.08, 1.90, 1.00) (0.96, 0.21, 1.13) #fs:   0  -- #Conts: 15 H(1)  G(7)  A(2)  E(4)  C(1) 
1310290872 23263.18 || noQ Q (Avg,Max,Min) (1.02, 1.13, 1.00) (1.01, 0.94, 1.13) #fs:   0  -- #Conts: 14 H(1)  G(7)  A(1)  E(4)  C(1) 
1321475159 23246.47 || noQ Q (Avg,Max,Min) (1.02, 1.11, 1.00) (1.00, 0.93, 1.01) #fs:   1  -- #Conts: 15 G(9)  A(1)  E(4)  C(1) 
1322223157 23241.47 || noQ Q (Avg,Max,Min) (1.02, 1.05, 1.00) (1.00, 0.91, 1.05) #fs:   1  -- #Conts: 15 G(9)  A(1)  E(4)  C(1) 
1322298458 23224.71 || noQ Q (Avg,Max,Min) (1.02, 1.07, 1.00) (1.00, 0.90, 1.07) #fs:   1  -- #Conts: 16 G(10)  A(1)  E(4)  C(1) 
1322595117 23219.65 || noQ Q (Avg,Max,Min) (1.05, 1.27, 1.00) (0.96, 0.45, 1.07) #fs:   0  -- #Conts: 18 G(10)  A(1)  E(5)  C(2) 
1322683238 23215.65 || noQ Q (Avg,Max,Min) (1.04, 1.27, 1.00) (0.98, 0.45, 1.07) #fs:   0  -- #Conts: 17 G(10)  A(1)  E(5)  C(1) 
1322868396 23212.94 || noQ Q (Avg,Max,Min) (1.03, 1.22, 1.00) (0.98, 0.51, 1.07) #fs:   0  -- #Conts: 17 G(10)  A(1)  E(4)  C(2) 
1323253176 23208.94 || noQ Q (Avg,Max,Min) (1.02, 1.07, 1.00) (1.01, 0.98, 1.07) #fs:   0  -- #Conts: 16 G(10)  A(1)  E(4)  C(1) 
1323556880 23208.88 || noQ Q (Avg,Max,Min) (1.10, 2.02, 1.00) (0.91, 0.22, 1.07) #fs:   0  -- #Conts: 20 G(10)  A(2)  E(5)  C(3) 
1323616378 23207.88 || noQ Q (Avg,Max,Min) (1.05, 1.29, 1.00) (0.94, 0.47, 1.07) #fs:   0  -- #Conts: 19 G(10)  A(1)  E(5)  C(3) 
1324424682 23204.88 || noQ Q (Avg,Max,Min) (1.10, 2.02, 1.00) (0.95, 0.22, 1.07) #fs:   0  -- #Conts: 19 G(10)  A(2)  E(5)  C(2) 
1324484180 23203.88 || noQ Q (Avg,Max,Min) (1.05, 1.33, 1.00) (0.99, 0.71, 1.07) #fs:   0  -- #Conts: 18 G(10)  A(1)  E(5)  C(2) 
1325710073 23200.88 || noQ Q (Avg,Max,Min) (1.09, 2.02, 1.00) (0.98, 0.22, 1.26) #fs:   0  -- #Conts: 18 G(10)  A(2)  E(5)  C(1) 
1325769571 23199.88 || noQ Q (Avg,Max,Min) (1.04, 1.31, 1.00) (1.03, 0.98, 1.26) #fs:   0  -- #Conts: 17 G(10)  A(1)  E(5)  C(1) 
1341402350 23199.00 || noQ Q (Avg,Max,Min) (1.03, 1.17, 1.00) (0.99, 0.74, 1.02) #fs:   0  -- #Conts: 19 G(7)  A(3)  E(7)  C(2) 
1342404077 23198.00 || noQ Q (Avg,Max,Min) (1.02, 1.05, 1.00) (1.00, 0.94, 1.02) #fs:   0  -- #Conts: 19 G(7)  A(4)  E(7)  C(1) 
1438437147 23166.59 || noQ Q (Avg,Max,Min) (1.08, 2.05, 1.00) (0.94, 0.19, 1.03) #fs:   0  -- #Conts: 16 H(1)  G(8)  A(2)  E(4)  C(1) 
1438642225 23137.06 || noQ Q (Avg,Max,Min) (1.02, 1.09, 1.00) (1.01, 0.94, 1.08) #fs:   0  -- #Conts: 16 G(8)  A(3)  E(4)  C(1) 
1438878863 23135.06 || noQ Q (Avg,Max,Min) (1.02, 1.15, 1.00) (0.99, 0.78, 1.03) #fs:   0  -- #Conts: 15 G(8)  A(2)  E(4)  C(1) 
1439080002 23134.06 || noQ Q (Avg,Max,Min) (1.01, 1.05, 1.00) (1.00, 0.94, 1.03) #fs:   0  -- #Conts: 15 G(8)  A(2)  E(4)  C(1) 
1439263643 23133.06 || noQ Q (Avg,Max,Min) (1.09, 2.20, 1.00) (0.96, 0.40, 1.03) #fs:   0  -- #Conts: 15 G(8)  A(2)  E(4)  C(1) 
1439464782 23132.06 || noQ Q (Avg,Max,Min) (1.01, 1.03, 1.00) (1.00, 0.94, 1.03) #fs:   0  -- #Conts: 14 G(8)  A(1)  E(4)  C(1) 
1439712727 23131.06 || noQ Q (Avg,Max,Min) (1.01, 1.03, 1.00) (1.00, 0.94, 1.03) #fs:   0  -- #Conts: 14 G(8)  A(1)  E(4)  C(1) 
1440134058 23130.06 || noQ Q (Avg,Max,Min) (1.01, 1.03, 1.00) (1.00, 0.94, 1.03) #fs:   0  -- #Conts: 14 G(8)  A(1)  E(4)  C(1) 
1440197706 23129.06 || noQ Q (Avg,Max,Min) (1.01, 1.03, 1.00) (1.01, 0.94, 1.03) #fs:   0  -- #Conts: 14 G(8)  A(1)  E(4)  C(1) 
1440420474 23128.06 || noQ Q (Avg,Max,Min) (1.01, 1.03, 1.00) (1.01, 0.94, 1.03) #fs:   0  -- #Conts: 14 G(8)  A(1)  E(4)  C(1) 
1447824830 23127.06 || noQ Q (Avg,Max,Min) (1.01, 1.05, 1.00) (1.00, 0.94, 1.03) #fs:   0  -- #Conts: 15 G(8)  A(2)  E(4)  C(1) 
1752471556 23068.82 || noQ Q (Avg,Max,Min) (1.11, 2.50, 1.00) (0.95, 0.16, 1.03) #fs:   0  -- #Conts: 16 H(1)  G(7)  A(3)  E(5) 
1752597589 23053.06 || noQ Q (Avg,Max,Min) (1.01, 1.04, 1.00) (1.00, 0.94, 1.03) #fs:   0  -- #Conts: 15 G(7)  A(3)  E(5) 
1753114844 23044.00 || noQ Q (Avg,Max,Min) (1.04, 1.39, 1.00) (0.96, 0.33, 1.03) #fs:   0  -- #Conts: 16 G(7)  A(3)  E(6) 
1753746552 23041.29 || noQ Q (Avg,Max,Min) (1.03, 1.22, 1.00) (0.97, 0.51, 1.03) #fs:   0  -- #Conts: 16 G(7)  A(3)  E(5)  C(1) 
1757174384 23040.29 || noQ Q (Avg,Max,Min) (1.02, 1.18, 1.00) (0.98, 0.66, 1.03) #fs:   0  -- #Conts: 15 G(7)  A(2)  E(5)  C(1) 
1758897042 23039.29 || noQ Q (Avg,Max,Min) (1.02, 1.05, 1.00) (1.00, 0.94, 1.03) #fs:   0  -- #Conts: 16 G(7)  A(4)  E(5) 
1762836211 23038.29 || noQ Q (Avg,Max,Min) (1.03, 1.31, 1.00) (0.99, 0.86, 1.03) #fs:   0  -- #Conts: 16 G(7)  A(3)  E(5)  C(1) 
1770457226 23037.29 || noQ Q (Avg,Max,Min) (1.01, 1.04, 1.00) (1.00, 0.94, 1.03) #fs:   0  -- #Conts: 15 G(7)  A(3)  E(5) 
1820032707 22985.29 || noQ Q (Avg,Max,Min) (1.03, 1.22, 1.00) (0.97, 0.51, 1.01) #fs:   0  -- #Conts: 18 H(1)  G(6)  A(2)  E(6)  C(3) 
1820187866 22983.29 || noQ Q (Avg,Max,Min) (1.03, 1.22, 1.00) (0.97, 0.51, 1.01) #fs:   0  -- #Conts: 18 H(1)  G(6)  A(2)  E(6)  C(3) 
1820243425 22981.29 || noQ Q (Avg,Max,Min) (1.02, 1.12, 1.00) (0.99, 0.94, 1.01) #fs:   0  -- #Conts: 18 H(1)  G(6)  A(3)  E(6)  C(2) 
1820412380 22979.29 || noQ Q (Avg,Max,Min) (1.02, 1.16, 1.00) (1.00, 0.94, 1.05) #fs:   0  -- #Conts: 17 H(1)  G(6)  A(2)  E(6)  C(2) 
1820520417 22978.29 || noQ Q (Avg,Max,Min) (1.02, 1.16, 1.00) (1.00, 0.94, 1.07) #fs:   0  -- #Conts: 17 H(1)  G(6)  A(2)  E(6)  C(2) 
1820744931 22976.29 || noQ Q (Avg,Max,Min) (1.02, 1.21, 1.00) (1.01, 0.94, 1.14) #fs:   0  -- #Conts: 16 H(1)  G(6)  A(1)  E(6)  C(2) 
1821048171 22975.29 || noQ Q (Avg,Max,Min) (1.02, 1.21, 1.00) (1.01, 0.94, 1.19) #fs:   0  -- #Conts: 16 H(1)  G(6)  A(1)  E(6)  C(2) 
1823905205 22967.53 || noQ Q (Avg,Max,Min) (1.01, 1.05, 1.00) (0.99, 0.94, 1.01) #fs:   0  -- #Conts: 17 G(6)  A(3)  E(6)  C(2) 
1824153150 22965.53 || noQ Q (Avg,Max,Min) (1.01, 1.05, 1.00) (1.00, 0.94, 1.01) #fs:   0  -- #Conts: 17 G(6)  A(3)  E(6)  C(2) 
1824537930 22963.53 || noQ Q (Avg,Max,Min) (1.01, 1.05, 1.00) (1.00, 0.94, 1.01) #fs:   0  -- #Conts: 16 G(6)  A(2)  E(6)  C(2) 
1846375990 22963.47 || noQ Q (Avg,Max,Min) (1.02, 1.05, 1.00) (1.00, 0.94, 1.03) #fs:   0  -- #Conts: 19 G(6)  A(4)  E(7)  C(2) 
2228309111 22916.18 || noQ Q (Avg,Max,Min) (1.01, 1.04, 1.00) (1.01, 1.00, 1.02) #fs:   1  -- #Conts: 13 H(1)  G(2)  A(2)  E(7)  C(1) 
2228545749 22914.18 || noQ Q (Avg,Max,Min) (1.01, 1.07, 1.00) (0.98, 0.72, 1.02) #fs:   1  -- #Conts: 13 H(1)  G(2)  A(2)  E(7)  C(1) 
2228995025 22910.94 || noQ Q (Avg,Max,Min) (1.05, 1.61, 1.00) (0.96, 0.25, 1.05) #fs:   0  -- #Conts: 17 G(7)  A(2)  E(6)  C(2) 
2229379805 22908.94 || noQ Q (Avg,Max,Min) (1.05, 1.72, 1.00) (0.97, 0.46, 1.05) #fs:   0  -- #Conts: 17 G(7)  A(2)  E(6)  C(2) 
2229678169 22901.88 || noQ Q (Avg,Max,Min) (1.01, 1.05, 1.00) (1.00, 0.94, 1.05) #fs:   0  -- #Conts: 16 G(6)  A(2)  E(6)  C(2) 
2230545971 22899.88 || noQ Q (Avg,Max,Min) (1.01, 1.05, 1.00) (1.00, 0.94, 1.05) #fs:   0  -- #Conts: 16 G(6)  A(2)  E(6)  C(2) 
2230646166 22899.18 || noQ Q (Avg,Max,Min) (1.02, 1.16, 1.00) (0.99, 0.71, 1.05) #fs:   0  -- #Conts: 17 G(6)  A(2)  E(6)  C(3) 
2236060968 22898.18 || noQ Q (Avg,Max,Min) (1.03, 1.17, 1.00) (0.97, 0.71, 1.05) #fs:   0  -- #Conts: 18 G(6)  A(2)  E(6)  C(4) 
2238275087 22897.18 || noQ Q (Avg,Max,Min) (1.02, 1.17, 1.00) (0.98, 0.74, 1.05) #fs:   0  -- #Conts: 18 G(6)  A(3)  E(6)  C(3) 
2239546749 22896.18 || noQ Q (Avg,Max,Min) (1.01, 1.05, 1.00) (1.00, 0.94, 1.05) #fs:   0  -- #Conts: 18 G(6)  A(4)  E(6)  C(2) 
2257416105 22644.12 || noQ Q (Avg,Max,Min) (1.11, 2.50, 1.00) (0.95, 0.16, 1.03) #fs:   0  -- #Conts: 15 H(1)  G(3)  A(3)  E(7)  C(1) 
2257542138 22628.35 || noQ Q (Avg,Max,Min) (1.01, 1.07, 1.00) (1.01, 1.00, 1.03) #fs:   0  -- #Conts: 14 G(3)  A(3)  E(7)  C(1) 
2258059393 22619.29 || noQ Q (Avg,Max,Min) (1.04, 1.39, 1.00) (0.96, 0.33, 1.03) #fs:   0  -- #Conts: 15 G(3)  A(3)  E(8)  C(1) 
2258691101 22616.59 || noQ Q (Avg,Max,Min) (1.03, 1.22, 1.00) (0.97, 0.51, 1.03) #fs:   0  -- #Conts: 15 G(3)  A(3)  E(7)  C(2) 
2260243097 22615.59 || noQ Q (Avg,Max,Min) (1.09, 1.90, 1.00) (0.91, 0.21, 1.03) #fs:   0  -- #Conts: 16 G(3)  A(3)  E(7)  C(3) 
2261995789 22614.59 || noQ Q (Avg,Max,Min) (1.02, 1.18, 1.00) (0.98, 0.65, 1.03) #fs:   0  -- #Conts: 14 G(3)  A(2)  E(7)  C(2) 
2264563162 22613.59 || noQ Q (Avg,Max,Min) (1.02, 1.16, 1.00) (0.97, 0.70, 1.03) #fs:   0  -- #Conts: 15 G(3)  A(3)  E(7)  C(2) 
2267657616 22612.59 || noQ Q (Avg,Max,Min) (1.03, 1.31, 1.00) (0.99, 0.84, 1.03) #fs:   0  -- #Conts: 15 G(3)  A(3)  E(7)  C(2) 
2275085003 22611.59 || noQ Q (Avg,Max,Min) (1.01, 1.04, 1.00) (1.01, 0.99, 1.03) #fs:   0  -- #Conts: 14 G(3)  A(3)  E(7)  C(1) 
2381682939 22605.41 || noQ Q (Avg,Max,Min) (1.09, 2.12, 1.00) (0.95, 0.20, 1.02) #fs:   0  -- #Conts: 15 H(1)  G(3)  A(2)  E(7)  C(2) 
2381893983 22589.65 || noQ Q (Avg,Max,Min) (1.01, 1.04, 1.00) (1.00, 0.95, 1.02) #fs:   0  -- #Conts: 14 G(3)  A(2)  E(7)  C(2) 
2382278763 22587.65 || noQ Q (Avg,Max,Min) (1.01, 1.04, 1.00) (1.00, 0.94, 1.02) #fs:   0  -- #Conts: 14 G(3)  A(2)  E(7)  C(2) 
2382463921 22586.65 || noQ Q (Avg,Max,Min) (1.01, 1.05, 1.00) (1.00, 0.97, 1.02) #fs:   0  -- #Conts: 14 G(3)  A(2)  E(7)  C(2) 
2382659963 22580.59 || noQ Q (Avg,Max,Min) (1.03, 1.29, 1.00) (0.97, 0.47, 1.02) #fs:   0  -- #Conts: 15 G(3)  A(2)  E(8)  C(2) 
2383527765 22578.59 || noQ Q (Avg,Max,Min) (1.03, 1.33, 1.00) (0.99, 0.81, 1.02) #fs:   0  -- #Conts: 15 G(3)  A(2)  E(8)  C(2) 
2383619399 22577.88 || noQ Q (Avg,Max,Min) (1.02, 1.17, 1.00) (0.99, 0.74, 1.02) #fs:   0  -- #Conts: 15 G(3)  A(2)  E(7)  C(3) 
2383945354 22577.59 || noQ Q (Avg,Max,Min) (1.03, 1.28, 1.00) (1.00, 0.93, 1.02) #fs:   0  -- #Conts: 15 G(3)  A(2)  E(8)  C(2) 
2384813156 22575.59 || noQ Q (Avg,Max,Min) (1.03, 1.31, 1.00) (1.03, 1.00, 1.26) #fs:   0  -- #Conts: 14 G(3)  A(1)  E(8)  C(2) 
2462904124 22550.12 || noQ Q (Avg,Max,Min) (1.01, 1.04, 1.00) (1.00, 0.94, 1.03) #fs:   1  -- #Conts: 14 G(3)  A(2)  E(9) 
2463288904 22534.35 || noQ Q (Avg,Max,Min) (1.01, 1.04, 1.00) (1.00, 0.94, 1.03) #fs:   0  -- #Conts: 14 G(3)  A(2)  E(9) 
2463493770 22533.35 || noQ Q (Avg,Max,Min) (1.01, 1.04, 1.00) (1.00, 0.94, 1.03) #fs:   0  -- #Conts: 14 G(3)  A(2)  E(9) 
2463741715 22532.35 || noQ Q (Avg,Max,Min) (1.01, 1.04, 1.00) (1.00, 0.94, 1.03) #fs:   0  -- #Conts: 14 G(3)  A(2)  E(9) 
2464040564 22530.35 || noQ Q (Avg,Max,Min) (1.01, 1.04, 1.00) (1.00, 0.94, 1.03) #fs:   0  -- #Conts: 14 G(3)  A(2)  E(9) 
2471387059 22529.35 || noQ Q (Avg,Max,Min) (1.01, 1.05, 1.00) (1.01, 0.97, 1.03) #fs:   0  -- #Conts: 14 G(3)  A(2)  E(9) 
2541078702 11873.82 || noQ Q (Avg,Max,Min) (1.02, 1.08, 1.00) (1.00, 0.92, 1.08) #fs:   0  -- #Conts: 20 H(3)  A(8)  G(3)  E(4)  C(2) 
2541100345 11871.82 || noQ Q (Avg,Max,Min) (1.02, 1.08, 1.00) (1.00, 0.92, 1.08) #fs:   0  -- #Conts: 19 H(3)  A(7)  G(3)  E(4)  C(2) 
2541387014 11870.82 || noQ Q (Avg,Max,Min) (1.02, 1.08, 1.00) (1.00, 0.92, 1.08) #fs:   0  -- #Conts: 19 H(3)  A(7)  G(3)  E(4)  C(2) 
2541850466 11869.82 || noQ Q (Avg,Max,Min) (1.02, 1.08, 1.00) (1.00, 0.92, 1.08) #fs:   0  -- #Conts: 19 H(3)  A(7)  G(3)  E(4)  C(2) 
2541887604 11868.82 || noQ Q (Avg,Max,Min) (1.02, 1.08, 1.00) (1.00, 0.92, 1.08) #fs:   0  -- #Conts: 19 H(3)  A(7)  G(3)  E(4)  C(2) 
2541908630 11865.82 || noQ Q (Avg,Max,Min) (1.02, 1.08, 1.00) (1.00, 0.92, 1.08) #fs:   0  -- #Conts: 18 H(3)  A(6)  G(3)  E(4)  C(2) 
2542023419 11864.82 || noQ Q (Avg,Max,Min) (1.02, 1.08, 1.00) (1.00, 0.92, 1.08) #fs:   0  -- #Conts: 18 H(3)  A(6)  G(3)  E(4)  C(2) 
2542190539 11863.82 || noQ Q (Avg,Max,Min) (1.02, 1.08, 1.00) (1.00, 0.92, 1.08) #fs:   0  -- #Conts: 18 H(3)  A(6)  G(3)  E(4)  C(2) 
2542274943 11862.82 || noQ Q (Avg,Max,Min) (1.02, 1.08, 1.00) (1.00, 0.92, 1.08) #fs:   0  -- #Conts: 18 H(3)  A(6)  G(3)  E(4)  C(2) 
2542389732 11861.82 || noQ Q (Avg,Max,Min) (1.02, 1.08, 1.00) (1.00, 0.92, 1.08) #fs:   0  -- #Conts: 18 H(3)  A(6)  G(3)  E(4)  C(2) 
2542546724 11860.82 || noQ Q (Avg,Max,Min) (1.02, 1.08, 1.00) (1.00, 0.92, 1.08) #fs:   0  -- #Conts: 19 H(3)  A(7)  G(3)  E(4)  C(2) 
2542636192 11859.82 || noQ Q (Avg,Max,Min) (1.02, 1.08, 1.00) (1.00, 0.92, 1.08) #fs:   0  -- #Conts: 18 H(3)  A(6)  G(3)  E(4)  C(2) 
2542759421 11858.82 || noQ Q (Avg,Max,Min) (1.02, 1.08, 1.00) (1.00, 0.92, 1.08) #fs:   0  -- #Conts: 18 H(3)  A(6)  G(3)  E(4)  C(2) 
2542887715 11857.82 || noQ Q (Avg,Max,Min) (1.02, 1.08, 1.00) (1.00, 0.92, 1.08) #fs:   0  -- #Conts: 18 H(3)  A(6)  G(3)  E(4)  C(2) 
2543002504 11856.82 || noQ Q (Avg,Max,Min) (1.02, 1.08, 1.00) (1.00, 0.92, 1.08) #fs:   0  -- #Conts: 18 H(3)  A(6)  G(3)  E(4)  C(2) 
2543145991 11855.82 || noQ Q (Avg,Max,Min) (1.02, 1.08, 1.00) (1.00, 0.92, 1.08) #fs:   0  -- #Conts: 18 H(3)  A(6)  G(3)  E(4)  C(2) 
2543245588 11854.82 || noQ Q (Avg,Max,Min) (1.02, 1.08, 1.00) (1.00, 0.92, 1.08) #fs:   0  -- #Conts: 18 H(3)  A(6)  G(3)  E(4)  C(2) 
2543360377 11853.82 || noQ Q (Avg,Max,Min) (1.02, 1.08, 1.00) (1.00, 0.92, 1.08) #fs:   0  -- #Conts: 18 H(3)  A(6)  G(3)  E(4)  C(2) 
2543498799 11852.82 || noQ Q (Avg,Max,Min) (1.02, 1.08, 1.00) (1.00, 0.92, 1.08) #fs:   0  -- #Conts: 18 H(3)  A(6)  G(3)  E(4)  C(2) 
2543613588 11851.82 || noQ Q (Avg,Max,Min) (1.02, 1.08, 1.00) (1.00, 0.92, 1.08) #fs:   0  -- #Conts: 18 H(3)  A(6)  G(3)  E(4)  C(2) 
2543741882 11850.82 || noQ Q (Avg,Max,Min) (1.02, 1.08, 1.00) (1.00, 0.92, 1.08) #fs:   0  -- #Conts: 18 H(3)  A(6)  G(3)  E(4)  C(2) 
2543848231 11849.82 || noQ Q (Avg,Max,Min) (1.02, 1.08, 1.00) (1.00, 0.92, 1.08) #fs:   0  -- #Conts: 19 H(3)  A(7)  G(3)  E(4)  C(2) 
2543963020 11848.82 || noQ Q (Avg,Max,Min) (1.02, 1.08, 1.00) (1.00, 0.92, 1.08) #fs:   0  -- #Conts: 19 H(3)  A(7)  G(3)  E(4)  C(2) 
2551240834 11847.82 || noQ Q (Avg,Max,Min) (1.02, 1.08, 1.00) (1.00, 0.92, 1.08) #fs:   0  -- #Conts: 19 H(3)  A(7)  G(3)  E(4)  C(2) 
2650355199 11601.12 || noQ Q (Avg,Max,Min) (1.07, 2.12, 1.00) (0.95, 0.20, 1.05) #fs:   0  -- #Conts: 18 H(3)  A(7)  G(3)  E(3)  C(2) 
2650429854 11599.12 || noQ Q (Avg,Max,Min) (1.09, 2.27, 1.00) (0.96, 0.36, 1.05) #fs:   0  -- #Conts: 17 H(3)  A(6)  G(3)  E(3)  C(2) 
2650537891 11585.35 || noQ Q (Avg,Max,Min) (1.07, 2.08, 1.00) (0.96, 0.39, 1.05) #fs:   0  -- #Conts: 18 H(3)  A(7)  G(3)  E(3)  C(2) 
2650762405 11583.35 || noQ Q (Avg,Max,Min) (1.08, 2.19, 1.00) (0.97, 0.55, 1.05) #fs:   0  -- #Conts: 17 H(3)  A(6)  G(3)  E(3)  C(2) 
2650986322 11569.59 || noQ Q (Avg,Max,Min) (1.01, 1.05, 1.00) (1.00, 0.92, 1.05) #fs:   0  -- #Conts: 17 H(2)  A(7)  G(3)  E(3)  C(2) 
2651371102 11567.59 || noQ Q (Avg,Max,Min) (1.01, 1.05, 1.00) (1.00, 0.92, 1.05) #fs:   0  -- #Conts: 16 H(2)  A(6)  G(3)  E(3)  C(2) 
2651446217 11567.24 || noQ Q (Avg,Max,Min) (1.04, 1.29, 1.00) (0.94, 0.45, 1.05) #fs:   0  -- #Conts: 19 H(2)  A(7)  G(3)  E(5)  C(2) 
2652050166 11565.24 || noQ Q (Avg,Max,Min) (1.04, 1.33, 1.00) (0.96, 0.45, 1.05) #fs:   0  -- #Conts: 18 H(2)  A(6)  G(3)  E(5)  C(2) 
2652141800 11564.53 || noQ Q (Avg,Max,Min) (1.04, 1.27, 1.00) (0.96, 0.45, 1.05) #fs:   0  -- #Conts: 19 H(2)  A(7)  G(3)  E(4)  C(3) 
2652314019 11562.53 || noQ Q (Avg,Max,Min) (1.04, 1.32, 1.00) (0.97, 0.74, 1.05) #fs:   0  -- #Conts: 18 H(2)  A(6)  G(3)  E(4)  C(3) 
2652381905 11561.82 || noQ Q (Avg,Max,Min) (1.03, 1.17, 1.00) (0.97, 0.71, 1.05) #fs:   0  -- #Conts: 19 H(2)  A(7)  G(3)  E(3)  C(4) 
2652467755 11560.53 || noQ Q (Avg,Max,Min) (1.03, 1.28, 1.00) (0.99, 0.92, 1.05) #fs:   0  -- #Conts: 18 H(2)  A(7)  G(3)  E(4)  C(2) 
2653335557 11558.53 || noQ Q (Avg,Max,Min) (1.03, 1.31, 1.00) (1.02, 0.92, 1.26) #fs:   0  -- #Conts: 17 H(2)  A(6)  G(3)  E(4)  C(2) 
2673444177 11322.00 || noQ Q (Avg,Max,Min) (1.07, 2.05, 1.00) (0.95, 0.19, 1.05) #fs:   0  -- #Conts: 19 H(2)  A(7)  G(3)  E(5)  C(2) 
2673649255 11292.47 || noQ Q (Avg,Max,Min) (1.01, 1.05, 1.00) (1.00, 0.92, 1.05) #fs:   0  -- #Conts: 18 H(1)  A(7)  G(3)  E(5)  C(2) 
2673892958 11291.47 || noQ Q (Avg,Max,Min) (1.01, 1.05, 1.00) (1.00, 0.92, 1.05) #fs:   0  -- #Conts: 18 H(1)  A(7)  G(3)  E(5)  C(2) 
2674034035 11290.47 || noQ Q (Avg,Max,Min) (1.02, 1.07, 1.00) (1.00, 0.92, 1.05) #fs:   0  -- #Conts: 18 H(1)  A(7)  G(3)  E(5)  C(2) 
2674277738 11289.47 || noQ Q (Avg,Max,Min) (1.01, 1.05, 1.00) (1.00, 0.92, 1.05) #fs:   0  -- #Conts: 18 H(1)  A(7)  G(3)  E(5)  C(2) 
2674397017 11288.12 || noQ Q (Avg,Max,Min) (1.05, 1.39, 1.00) (0.94, 0.33, 1.05) #fs:   0  -- #Conts: 20 H(1)  A(7)  G(3)  E(7)  C(2) 
2674928529 11285.41 || noQ Q (Avg,Max,Min) (1.04, 1.27, 1.00) (0.95, 0.45, 1.05) #fs:   0  -- #Conts: 20 H(1)  A(7)  G(3)  E(6)  C(3) 
2674983976 11282.41 || noQ Q (Avg,Max,Min) (1.03, 1.27, 1.00) (0.97, 0.45, 1.05) #fs:   0  -- #Conts: 19 H(1)  A(7)  G(3)  E(6)  C(2) 
2675264819 11281.41 || noQ Q (Avg,Max,Min) (1.03, 1.32, 1.00) (0.99, 0.79, 1.05) #fs:   0  -- #Conts: 19 H(1)  A(7)  G(3)  E(6)  C(2) 
2675851778 11280.41 || noQ Q (Avg,Max,Min) (1.03, 1.32, 1.00) (0.99, 0.79, 1.05) #fs:   0  -- #Conts: 19 H(1)  A(7)  G(3)  E(6)  C(2) 
2675919664 11279.71 || noQ Q (Avg,Max,Min) (1.02, 1.16, 1.00) (0.98, 0.71, 1.05) #fs:   0  -- #Conts: 19 H(1)  A(7)  G(3)  E(5)  C(3) 
2676022918 11279.41 || noQ Q (Avg,Max,Min) (1.03, 1.32, 1.00) (0.99, 0.79, 1.05) #fs:   0  -- #Conts: 19 H(1)  A(7)  G(3)  E(6)  C(2) 
2680531435 11278.71 || noQ Q (Avg,Max,Min) (1.02, 1.16, 1.00) (0.98, 0.71, 1.05) #fs:   0  -- #Conts: 20 H(1)  A(8)  G(3)  E(5)  C(3) 
2683719725 11277.71 || noQ Q (Avg,Max,Min) (1.02, 1.05, 1.00) (0.99, 0.92, 1.05) #fs:   0  -- #Conts: 20 H(1)  A(9)  G(3)  E(5)  C(2) 
2708183928 11135.00 || noQ Q (Avg,Max,Min) (1.02, 1.16, 0.95) (0.98, 0.71, 1.02) #fs:   1  -- #Conts: 20 A(8)  G(3)  E(5)  C(4) 
2708197838 11008.88 || noQ Q (Avg,Max,Min) (1.09, 2.50, 1.00) (0.94, 0.16, 1.02) #fs:   0  -- #Conts: 21 H(1)  A(8)  G(3)  E(5)  C(4) 
2708323871 10993.12 || noQ Q (Avg,Max,Min) (1.02, 1.16, 1.00) (0.98, 0.71, 1.02) #fs:   0  -- #Conts: 20 A(8)  G(3)  E(5)  C(4) 
2708393809 10992.12 || noQ Q (Avg,Max,Min) (1.02, 1.16, 1.00) (0.98, 0.71, 1.02) #fs:   0  -- #Conts: 20 A(8)  G(3)  E(5)  C(4) 
2708681401 10991.12 || noQ Q (Avg,Max,Min) (1.01, 1.04, 1.00) (0.99, 0.92, 1.02) #fs:   0  -- #Conts: 20 A(9)  G(3)  E(5)  C(3) 
2708841126 10984.06 || noQ Q (Avg,Max,Min) (1.04, 1.39, 1.00) (0.95, 0.33, 1.02) #fs:   0  -- #Conts: 21 A(8)  G(3)  E(6)  C(4) 
2709388168 10982.06 || noQ Q (Avg,Max,Min) (1.03, 1.39, 1.00) (0.96, 0.33, 1.02) #fs:   0  -- #Conts: 21 A(9)  G(3)  E(6)  C(3) 
2709472834 10981.35 || noQ Q (Avg,Max,Min) (1.03, 1.22, 1.00) (0.96, 0.51, 1.02) #fs:   0  -- #Conts: 21 A(8)  G(3)  E(5)  C(5) 
2710019876 10979.35 || noQ Q (Avg,Max,Min) (1.02, 1.22, 1.00) (0.97, 0.51, 1.02) #fs:   0  -- #Conts: 21 A(9)  G(3)  E(5)  C(4) 
2715170366 10977.35 || noQ Q (Avg,Max,Min) (1.02, 1.05, 1.00) (0.99, 0.92, 1.02) #fs:   0  -- #Conts: 21 A(10)  G(3)  E(5)  C(3) 
2718590103 10976.35 || noQ Q (Avg,Max,Min) (1.02, 1.05, 1.00) (0.99, 0.92, 1.02) #fs:   0  -- #Conts: 21 A(10)  G(3)  E(5)  C(3) 
2890869708 10944.82 || noQ Q (Avg,Max,Min) (1.10, 2.50, 1.00) (0.95, 0.16, 1.03) #fs:   1  -- #Conts: 16 H(1)  A(7)  G(3)  E(4)  C(1) 
2890995741 10913.29 || noQ Q (Avg,Max,Min) (1.01, 1.03, 1.00) (1.01, 0.98, 1.03) #fs:   1  -- #Conts: 15 A(7)  G(3)  E(4)  C(1) 
2891129327 10911.29 || noQ Q (Avg,Max,Min) (1.01, 1.03, 1.00) (1.01, 0.98, 1.03) #fs:   1  -- #Conts: 15 A(7)  G(3)  E(4)  C(1) 
2891689491 10908.29 || noQ Q (Avg,Max,Min) (1.01, 1.04, 1.00) (1.01, 1.00, 1.03) #fs:   0  -- #Conts: 15 A(7)  G(3)  E(4)  C(1) 
2891827387 10907.29 || noQ Q (Avg,Max,Min) (1.01, 1.03, 1.00) (1.01, 1.00, 1.03) #fs:   0  -- #Conts: 14 A(6)  G(3)  E(4)  C(1) 
2892087765 10906.29 || noQ Q (Avg,Max,Min) (1.07, 1.90, 1.00) (0.95, 0.21, 1.03) #fs:   0  -- #Conts: 15 A(7)  G(3)  E(4)  C(1) 
2892273895 10905.29 || noQ Q (Avg,Max,Min) (1.01, 1.03, 1.00) (1.01, 1.00, 1.03) #fs:   0  -- #Conts: 14 A(6)  G(3)  E(4)  C(1) 
3264932380 10894.18 || noQ Q (Avg,Max,Min) (1.26, 2.50, 1.00) (0.82, 0.16, 1.02) #fs:   0  -- #Conts: 15 H(2)  A(7)  G(1)  E(3)  C(2) 
3264960369 10862.65 || noQ Q (Avg,Max,Min) (1.18, 2.27, 1.00) (0.88, 0.22, 1.02) #fs:   0  -- #Conts: 14 H(1)  A(7)  G(1)  E(3)  C(2) 
3265064331 10846.88 || noQ Q (Avg,Max,Min) (1.10, 2.02, 1.00) (0.92, 0.22, 1.02) #fs:   1  -- #Conts: 13 A(7)  G(1)  E(3)  C(2) 
3265765029 10844.88 || noQ Q (Avg,Max,Min) (1.02, 1.16, 1.00) (0.98, 0.71, 1.02) #fs:   1  -- #Conts: 12 A(6)  G(1)  E(3)  C(2) 
3266068658 10843.53 || noQ Q (Avg,Max,Min) (1.06, 1.39, 1.00) (0.94, 0.33, 1.02) #fs:   0  -- #Conts: 13 A(6)  G(1)  E(4)  C(2) 
3266150125 10842.53 || noQ Q (Avg,Max,Min) (1.06, 1.39, 1.00) (0.94, 0.33, 1.02) #fs:   1  -- #Conts: 13 A(6)  G(1)  E(4)  C(2) 
3266189029 10840.82 || noQ Q (Avg,Max,Min) (1.02, 1.18, 1.00) (0.98, 0.65, 1.02) #fs:   0  -- #Conts: 12 A(6)  G(1)  E(3)  C(2) 
3266270496 10839.82 || noQ Q (Avg,Max,Min) (1.02, 1.15, 1.00) (0.98, 0.65, 1.02) #fs:   1  -- #Conts: 12 A(6)  G(1)  E(3)  C(2) 
3266397355 10836.82 || noQ Q (Avg,Max,Min) (1.03, 1.31, 1.00) (0.99, 0.84, 1.02) #fs:   0  -- #Conts: 12 A(6)  G(1)  E(3)  C(2) 
3266663049 10835.82 || noQ Q (Avg,Max,Min) (1.03, 1.26, 1.00) (0.99, 0.84, 1.02) #fs:   1  -- #Conts: 12 A(6)  G(1)  E(3)  C(2) 
3267190638 10834.82 || noQ Q (Avg,Max,Min) (1.01, 1.03, 1.00) (0.99, 0.84, 1.02) #fs:   1  -- #Conts: 12 A(6)  G(1)  E(3)  C(2) 
3267682746 10833.82 || noQ Q (Avg,Max,Min) (1.01, 1.02, 1.00) (1.01, 1.00, 1.02) #fs:   0  -- #Conts: 11 A(6)  G(1)  E(3)  C(1) 
3267897930 10832.82 || noQ Q (Avg,Max,Min) (1.01, 1.02, 1.00) (1.01, 1.00, 1.02) #fs:   0  -- #Conts: 11 A(6)  G(1)  E(3)  C(1) 
3268163624 10831.82 || noQ Q (Avg,Max,Min) (1.01, 1.02, 1.00) (1.01, 1.00, 1.02) #fs:   0  -- #Conts: 11 A(6)  G(1)  E(3)  C(1) 
3268691213 10830.82 || noQ Q (Avg,Max,Min) (1.01, 1.02, 1.00) (1.01, 1.00, 1.02) #fs:   0  -- #Conts: 11 A(6)  G(1)  E(3)  C(1) 
3314504560 10798.94 || noQ Q (Avg,Max,Min) (1.07, 2.05, 1.00) (0.95, 0.19, 1.02) #fs:   0  -- #Conts: 16 H(1)  A(7)  G(1)  E(6)  C(1) 
3314729074 10796.94 || noQ Q (Avg,Max,Min) (1.08, 2.23, 1.00) (0.96, 0.34, 1.02) #fs:   0  -- #Conts: 16 H(1)  A(7)  G(1)  E(6)  C(1) 
3314741947 10783.18 || noQ Q (Avg,Max,Min) (1.05, 1.61, 1.00) (0.95, 0.25, 1.02) #fs:   0  -- #Conts: 16 A(7)  G(2)  E(6)  C(1) 
3315126727 10781.18 || noQ Q (Avg,Max,Min) (1.05, 1.72, 1.00) (0.96, 0.46, 1.02) #fs:   0  -- #Conts: 16 A(7)  G(2)  E(6)  C(1) 
3315425091 10774.12 || noQ Q (Avg,Max,Min) (1.01, 1.04, 1.00) (1.00, 0.92, 1.02) #fs:   0  -- #Conts: 15 A(7)  G(1)  E(6)  C(1) 
3316292893 10772.12 || noQ Q (Avg,Max,Min) (1.01, 1.04, 1.00) (1.00, 0.92, 1.02) #fs:   0  -- #Conts: 15 A(7)  G(1)  E(6)  C(1) 
3316393088 10771.41 || noQ Q (Avg,Max,Min) (1.02, 1.16, 1.00) (0.98, 0.71, 1.02) #fs:   0  -- #Conts: 16 A(7)  G(1)  E(6)  C(2) 
3324022009 10770.41 || noQ Q (Avg,Max,Min) (1.01, 1.04, 1.00) (0.99, 0.92, 1.02) #fs:   0  -- #Conts: 16 A(8)  G(1)  E(6)  C(1) 
3394447974 10731.18 || noQ Q (Avg,Max,Min) (1.09, 2.50, 1.00) (0.95, 0.16, 1.02) #fs:   0  -- #Conts: 19 H(1)  A(10)  E(7)  C(1) 
3394608240 10715.41 || noQ Q (Avg,Max,Min) (1.06, 1.88, 1.00) (0.95, 0.20, 1.02) #fs:   0  -- #Conts: 19 A(10)  G(1)  E(7)  C(1) 
3395057029 10699.65 || noQ Q (Avg,Max,Min) (1.01, 1.05, 1.00) (0.99, 0.92, 1.02) #fs:   0  -- #Conts: 18 A(10)  E(7)  C(1) 
3395402979 10698.65 || noQ Q (Avg,Max,Min) (1.01, 1.05, 1.00) (0.99, 0.92, 1.02) #fs:   0  -- #Conts: 18 A(10)  E(7)  C(1) 
3402957666 10697.65 || noQ Q (Avg,Max,Min) (1.01, 1.05, 1.00) (0.99, 0.92, 1.02) #fs:   0  -- #Conts: 18 A(10)  E(7)  C(1) 
3717795670 10697.47 || noQ Q (Avg,Max,Min) (1.03, 1.22, 1.00) (0.96, 0.51, 1.02) #fs:   0  -- #Conts: 17 A(8)  E(6)  C(3) 
3720769312 10696.47 || noQ Q (Avg,Max,Min) (1.02, 1.18, 1.00) (0.98, 0.65, 1.02) #fs:   0  -- #Conts: 16 A(8)  E(6)  C(2) 
3722946160 10695.47 || noQ Q (Avg,Max,Min) (1.02, 1.16, 1.00) (0.98, 0.71, 1.02) #fs:   0  -- #Conts: 17 A(9)  E(6)  C(2) 
3726431139 10694.47 || noQ Q (Avg,Max,Min) (1.03, 1.31, 1.00) (0.99, 0.84, 1.02) #fs:   0  -- #Conts: 17 A(9)  E(6)  C(2) 
3733858526 10693.47 || noQ Q (Avg,Max,Min) (1.01, 1.04, 1.00) (1.00, 0.97, 1.02) #fs:   0  -- #Conts: 16 A(9)  E(6)  C(1) 
4392207443 9679.94 || noQ Q (Avg,Max,Min) (1.04, 1.45, 1.00) (0.97, 0.36, 1.08) #fs:   0  -- #Conts: 17 H(1)  A(8)  G(3)  E(4)  C(1) 
4392367709 9664.18 || noQ Q (Avg,Max,Min) (1.05, 1.61, 1.00) (0.97, 0.47, 1.08) #fs:   0  -- #Conts: 17 A(8)  G(4)  E(4)  C(1) 
4392850731 9661.82 || noQ Q (Avg,Max,Min) (1.05, 1.39, 1.00) (0.94, 0.33, 1.08) #fs:   0  -- #Conts: 18 A(8)  G(3)  E(6)  C(1) 
4392861247 9661.18 || noQ Q (Avg,Max,Min) (1.06, 1.69, 1.00) (0.99, 0.72, 1.08) #fs:   0  -- #Conts: 16 A(7)  G(4)  E(4)  C(1) 
4393482439 9659.12 || noQ Q (Avg,Max,Min) (1.04, 1.29, 1.00) (0.95, 0.47, 1.08) #fs:   0  -- #Conts: 18 A(8)  G(3)  E(5)  C(2) 
4393507943 9655.12 || noQ Q (Avg,Max,Min) (1.03, 1.33, 1.00) (0.99, 0.81, 1.08) #fs:   0  -- #Conts: 17 A(8)  G(3)  E(5)  C(1) 
4394793334 9652.12 || noQ Q (Avg,Max,Min) (1.03, 1.31, 1.00) (1.02, 0.92, 1.26) #fs:   0  -- #Conts: 16 A(7)  G(3)  E(5)  C(1) 
4449398974 8718.47 || noQ Q (Avg,Max,Min) (1.08, 2.05, 1.00) (0.96, 0.19, 1.08) #fs:   0  -- #Conts: 17 H(1)  A(8)  G(3)  E(4)  C(1) 
4449623488 8716.47 || noQ Q (Avg,Max,Min) (1.09, 2.23, 1.00) (0.97, 0.34, 1.08) #fs:   0  -- #Conts: 17 H(1)  A(8)  G(3)  E(4)  C(1) 
4449636361 8702.71 || noQ Q (Avg,Max,Min) (1.05, 1.61, 1.00) (0.96, 0.25, 1.08) #fs:   0  -- #Conts: 17 A(8)  G(4)  E(4)  C(1) 
4450021141 8700.71 || noQ Q (Avg,Max,Min) (1.06, 1.72, 1.00) (0.97, 0.46, 1.08) #fs:   0  -- #Conts: 17 A(8)  G(4)  E(4)  C(1) 
4450351814 8693.65 || noQ Q (Avg,Max,Min) (1.03, 1.27, 1.00) (0.97, 0.45, 1.08) #fs:   0  -- #Conts: 17 A(8)  G(3)  E(5)  C(1) 
4451219616 8691.65 || noQ Q (Avg,Max,Min) (1.04, 1.32, 1.00) (0.99, 0.79, 1.08) #fs:   0  -- #Conts: 17 A(8)  G(3)  E(5)  C(1) 
4451287502 8690.94 || noQ Q (Avg,Max,Min) (1.03, 1.16, 1.00) (0.99, 0.71, 1.08) #fs:   0  -- #Conts: 17 A(8)  G(3)  E(4)  C(2) 
4454944988 7649.06 || noQ Q (Avg,Max,Min) (1.76, 12.44, 1.00) (0.87, 0.11, 1.08) #fs:   0  -- #Conts: 18 H(1)  A(9)  G(4)  E(3)  C(1) 
4454968736 7646.35 || noQ Q (Avg,Max,Min) (1.49, 7.62, 1.00) (0.87, 0.12, 1.08) #fs:   0  -- #Conts: 18 H(1)  A(9)  G(4)  E(2)  C(2) 
4455140020 7643.35 || noQ Q (Avg,Max,Min) (1.13, 2.05, 1.00) (0.92, 0.19, 1.08) #fs:   0  -- #Conts: 17 H(1)  A(9)  G(4)  E(2)  C(1) 
4455169502 7633.29 || noQ Q (Avg,Max,Min) (1.76, 12.44, 1.00) (0.92, 0.11, 1.08) #fs:   0  -- #Conts: 17 H(1)  A(9)  G(3)  E(3)  C(1) 
4455182375 7617.53 || noQ Q (Avg,Max,Min) (1.06, 1.61, 1.00) (0.94, 0.25, 1.08) #fs:   1  -- #Conts: 17 A(9)  G(4)  E(3)  C(1) 
4455522263 7608.47 || noQ Q (Avg,Max,Min) (1.05, 1.39, 1.00) (0.95, 0.33, 1.08) #fs:   0  -- #Conts: 17 A(9)  G(3)  E(4)  C(1) 
4455808083 7605.76 || noQ Q (Avg,Max,Min) (1.04, 1.23, 1.00) (0.96, 0.51, 1.08) #fs:   0  -- #Conts: 17 A(9)  G(3)  E(3)  C(2) 
4456390065 7601.76 || noQ Q (Avg,Max,Min) (1.03, 1.28, 1.00) (1.01, 0.89, 1.08) #fs:   0  -- #Conts: 16 A(9)  G(3)  E(3)  C(1) 
4460924340 7601.06 || noQ Q (Avg,Max,Min) (1.02, 1.14, 1.00) (1.00, 0.83, 1.08) #fs:   0  -- #Conts: 16 A(9)  G(3)  E(2)  C(2) 
4464281904 7600.06 || noQ Q (Avg,Max,Min) (1.02, 1.08, 1.00) (1.01, 1.00, 1.08) #fs:   0  -- #Conts: 15 A(9)  G(3)  E(2)  C(1) 
4637169707 7566.24 || noQ Q (Avg,Max,Min) (1.11, 2.50, 1.00) (0.94, 0.16, 1.03) #fs:   0  -- #Conts: 16 H(1)  A(9)  E(4)  C(2) 
4637329973 7550.47 || noQ Q (Avg,Max,Min) (1.07, 1.88, 1.00) (0.94, 0.20, 1.03) #fs:   0  -- #Conts: 16 A(9)  G(1)  E(4)  C(2) 
4637812995 7541.41 || noQ Q (Avg,Max,Min) (1.04, 1.39, 1.00) (0.95, 0.33, 1.03) #fs:   0  -- #Conts: 16 A(9)  E(5)  C(2) 
4638444703 7538.71 || noQ Q (Avg,Max,Min) (1.03, 1.22, 1.00) (0.96, 0.51, 1.03) #fs:   0  -- #Conts: 16 A(9)  E(4)  C(3) 
4638914167 7536.71 || noQ Q (Avg,Max,Min) (1.02, 1.22, 1.00) (0.97, 0.51, 1.03) #fs:   0  -- #Conts: 15 A(9)  E(4)  C(2) 
4643560960 7534.71 || noQ Q (Avg,Max,Min) (1.01, 1.03, 1.00) (1.01, 1.00, 1.03) #fs:   0  -- #Conts: 14 A(9)  E(4)  C(1) 
6444933119 7532.47 || noQ Q (Avg,Max,Min) (1.07, 1.88, 1.00) (0.95, 0.20, 1.03) #fs:   1  -- #Conts: 14 A(8)  G(1)  E(4)  C(1) 
6445416141 7523.41 || noQ Q (Avg,Max,Min) (1.03, 1.39, 1.00) (0.96, 0.33, 1.03) #fs:   1  -- #Conts: 14 A(8)  E(5)  C(1) 
6446047849 7520.71 || noQ Q (Avg,Max,Min) (1.02, 1.22, 1.00) (0.97, 0.51, 1.03) #fs:   1  -- #Conts: 14 A(8)  E(4)  C(2) 
6451164106 7517.71 || noQ Q (Avg,Max,Min) (1.01, 1.03, 1.00) (1.01, 1.00, 1.03) #fs:   1  -- #Conts: 13 A(8)  E(4)  C(1) 
/////////////////size: 420
nodes 97 edges 109
 mulT: 5000 mulD: 20000  sumData GB 44150
pareto /SIPHT.n.100.0.dax time -> 6122.0
moheft /SIPHT.n.100.0.dax time -> 13052.0
distance from M to C 0.0
distance from P to C 428.7392433485825
distance from C to M 25.77661160337934
distance from C to P 414.3020453531376
toCompare: /SIPHT.n.100.0.dax sumDataGB: 44150 mulT: 5000 mulD: 20000 paretoOptTime_MS: 6122.0 MoheftOptimizationTime_MS: 13052.0 MtoC 0.0 PtoC 428.7392433485825 CtoM 25.77661160337934 CtoP 414.3020453531376
