specify -Dflow d,b,mt,md,size
Running /home/vaggelis/jc/LIGO.n.50.0.dax mt 10 md: 1 size null
    472358 362.59 || noQ Q (Avg,Max,Min) (0.87, 1.00, 0.67) (0.10, 0.07, 0.12) #fs:  11  -- #Conts: 12 H(11)  G(1) 
    475637 346.82 || noQ Q (Avg,Max,Min) (0.88, 1.00, 0.76) (0.11, 0.08, 0.12) #fs:  12  -- #Conts: 12 H(10)  G(2) 
    498974 331.06 || noQ Q (Avg,Max,Min) (0.87, 1.00, 0.76) (0.11, 0.09, 0.14) #fs:  13  -- #Conts: 12 H(9)  G(3) 
    563959 315.29 || noQ Q (Avg,Max,Min) (0.86, 1.00, 0.79) (0.12, 0.09, 0.16) #fs:  13  -- #Conts: 12 H(8)  G(4) 
    623371 299.53 || noQ Q (Avg,Max,Min) (0.82, 1.00, 0.71) (0.12, 0.09, 0.17) #fs:  14  -- #Conts: 12 H(7)  G(5) 
    648969 283.76 || noQ Q (Avg,Max,Min) (0.82, 1.00, 0.68) (0.13, 0.09, 0.18) #fs:  14  -- #Conts: 12 H(6)  G(6) 
    672317 268.00 || noQ Q (Avg,Max,Min) (0.83, 1.00, 0.67) (0.13, 0.09, 0.19) #fs:  14  -- #Conts: 12 H(5)  G(7) 
    689314 252.24 || noQ Q (Avg,Max,Min) (0.84, 1.00, 0.65) (0.14, 0.09, 0.19) #fs:  13  -- #Conts: 12 H(4)  G(8) 
    711452 236.47 || noQ Q (Avg,Max,Min) (0.85, 1.00, 0.63) (0.15, 0.09, 0.19) #fs:  13  -- #Conts: 12 H(3)  G(9) 
    745670 220.71 || noQ Q (Avg,Max,Min) (0.86, 1.00, 0.60) (0.16, 0.09, 0.20) #fs:  13  -- #Conts: 12 H(2)  G(10) 
    765636 204.94 || noQ Q (Avg,Max,Min) (0.87, 1.00, 0.68) (0.16, 0.09, 0.21) #fs:  12  -- #Conts: 12 H(1)  G(11) 
    809521 189.18 || noQ Q (Avg,Max,Min) (0.85, 1.00, 0.63) (0.17, 0.11, 0.21) #fs:  11  -- #Conts: 12 G(12) 
    919987 180.12 || noQ Q (Avg,Max,Min) (0.87, 1.00, 0.67) (0.18, 0.12, 0.25) #fs:  12  -- #Conts: 12 G(11)  E(1) 
    982425 171.06 || noQ Q (Avg,Max,Min) (0.85, 1.00, 0.71) (0.19, 0.14, 0.27) #fs:  14  -- #Conts: 12 G(10)  E(2) 
   1103430 157.65 || noQ Q (Avg,Max,Min) (0.89, 1.00, 0.79) (0.24, 0.19, 0.27) #fs:   4  -- #Conts: 5 H(5) 
   1192243 141.88 || noQ Q (Avg,Max,Min) (0.88, 1.00, 0.78) (0.26, 0.21, 0.32) #fs:   6  -- #Conts: 5 H(4)  G(1) 
   1207204 126.12 || noQ Q (Avg,Max,Min) (0.92, 1.00, 0.85) (0.29, 0.27, 0.32) #fs:   3  -- #Conts: 4 H(4) 
   1456575 110.35 || noQ Q (Avg,Max,Min) (0.85, 1.00, 0.71) (0.29, 0.21, 0.35) #fs:   6  -- #Conts: 7 G(7) 
   1518737 094.59 || noQ Q (Avg,Max,Min) (0.90, 1.00, 0.79) (0.34, 0.31, 0.38) #fs:   5  -- #Conts: 6 G(6) 
   1818999 089.53 || noQ Q (Avg,Max,Min) (0.80, 1.00, 0.42) (0.36, 0.21, 0.46) #fs:  12  -- #Conts: 12 G(1)  E(11) 
   1825681 077.76 || noQ Q (Avg,Max,Min) (0.87, 1.00, 0.67) (0.39, 0.27, 0.47) #fs:  11  -- #Conts: 12 E(11)  C(1) 
   1845713 075.06 || noQ Q (Avg,Max,Min) (0.89, 1.00, 0.76) (0.41, 0.31, 0.47) #fs:  12  -- #Conts: 12 E(10)  C(2) 
   1944361 072.35 || noQ Q (Avg,Max,Min) (0.87, 1.00, 0.76) (0.43, 0.35, 0.54) #fs:  13  -- #Conts: 12 E(9)  C(3) 
   2068926 063.06 || noQ Q (Avg,Max,Min) (0.92, 1.00, 0.85) (0.50, 0.46, 0.55) #fs:   3  -- #Conts: 4 G(4) 
   2652119 047.29 || noQ Q (Avg,Max,Min) (0.95, 1.00, 0.90) (0.67, 0.65, 0.70) #fs:   2  -- #Conts: 3 G(3) 
   3284987 046.94 || noQ Q (Avg,Max,Min) (0.85, 1.00, 0.71) (0.65, 0.48, 0.80) #fs:   6  -- #Conts: 7 E(7) 
   3299850 044.24 || noQ Q (Avg,Max,Min) (0.88, 1.00, 0.73) (0.70, 0.54, 0.83) #fs:   8  -- #Conts: 7 E(6)  C(1) 
   3425190 040.24 || noQ Q (Avg,Max,Min) (0.90, 1.00, 0.79) (0.76, 0.69, 0.86) #fs:   5  -- #Conts: 6 E(6) 
/////////////////size: 28
   1467546 159.65 || noQ Q (Avg,Max,Min) (0.95, 1.00, 0.80) (0.23, 0.05, 0.41) #fs:   5  -- #Conts: 7 H(5)  A(2) 
   1499943 128.12 || noQ Q (Avg,Max,Min) (0.93, 1.00, 0.81) (0.26, 0.10, 0.42) #fs:   6  -- #Conts: 6 H(4)  A(2) 
   1618668 112.35 || noQ Q (Avg,Max,Min) (0.94, 1.00, 0.83) (0.27, 0.06, 0.45) #fs:   5  -- #Conts: 6 H(3)  A(2)  G(1) 
   1644643 096.59 || noQ Q (Avg,Max,Min) (0.93, 1.00, 0.83) (0.31, 0.10, 0.46) #fs:   5  -- #Conts: 5 H(3)  A(2) 
   1811169 095.59 || noQ Q (Avg,Max,Min) (0.89, 1.00, 0.81) (0.38, 0.28, 0.50) #fs:   4  -- #Conts: 4 H(3)  A(1) 
   2071783 079.82 || noQ Q (Avg,Max,Min) (0.94, 1.00, 0.82) (0.40, 0.22, 0.55) #fs:   2  -- #Conts: 4 H(2)  A(1)  G(1) 
   2121688 077.47 || noQ Q (Avg,Max,Min) (0.96, 1.00, 0.83) (0.34, 0.14, 0.56) #fs:   2  -- #Conts: 5 H(2)  A(1)  E(2) 
   2216308 074.76 || noQ Q (Avg,Max,Min) (0.95, 1.00, 0.83) (0.36, 0.14, 0.56) #fs:   3  -- #Conts: 5 H(2)  A(1)  E(1)  C(1) 
   2224138 070.76 || noQ Q (Avg,Max,Min) (0.95, 1.00, 0.83) (0.41, 0.14, 0.59) #fs:   2  -- #Conts: 4 H(2)  A(1)  E(1) 
   2251569 064.06 || noQ Q (Avg,Max,Min) (0.92, 1.00, 0.82) (0.50, 0.34, 0.60) #fs:   2  -- #Conts: 3 H(2)  A(1) 
   2749629 063.06 || noQ Q (Avg,Max,Min) (0.99, 1.00, 0.97) (0.50, 0.09, 0.74) #fs:   2  -- #Conts: 3 H(1)  G(2) 
   2820204 047.29 || noQ Q (Avg,Max,Min) (0.99, 1.00, 0.99) (0.73, 0.67, 0.78) #fs:   1  -- #Conts: 2 H(1)  G(1) 
   3535659 047.24 || noQ Q (Avg,Max,Min) (0.98, 1.00, 0.90) (0.50, 0.25, 0.98) #fs:   1  -- #Conts: 5 H(1)  A(1)  E(1)  C(2) 
   3538800 046.94 || noQ Q (Avg,Max,Min) (0.98, 1.00, 0.90) (0.46, 0.05, 0.98) #fs:   1  -- #Conts: 5 H(1)  A(2)  E(2) 
   3544867 045.94 || noQ Q (Avg,Max,Min) (0.98, 1.00, 0.90) (0.56, 0.32, 0.98) #fs:   1  -- #Conts: 4 H(1)  A(1)  E(2) 
   3875741 044.24 || noQ Q (Avg,Max,Min) (0.98, 1.00, 0.90) (0.48, 0.05, 0.99) #fs:   1  -- #Conts: 5 H(1)  A(2)  E(1)  C(1) 
   3881808 043.24 || noQ Q (Avg,Max,Min) (0.98, 1.00, 0.90) (0.59, 0.31, 0.99) #fs:   1  -- #Conts: 4 H(1)  A(1)  E(1)  C(1) 
   4382459 040.24 || noQ Q (Avg,Max,Min) (0.97, 1.00, 0.90) (0.56, 0.05, 1.00) #fs:   1  -- #Conts: 4 H(1)  A(2)  E(1) 
   4388526 039.24 || noQ Q (Avg,Max,Min) (0.97, 1.00, 0.90) (0.74, 0.60, 1.00) #fs:   1  -- #Conts: 3 H(1)  A(1)  E(1) 
   7334621 038.53 || noQ Q (Avg,Max,Min) (0.94, 1.00, 0.82) (0.79, 0.56, 1.00) #fs:   2  -- #Conts: 3 H(1)  A(1)  C(1) 
   7408015 037.53 || noQ Q (Avg,Max,Min) (1.00, 1.00, 1.00) (0.84, 0.53, 1.00) #fs:   0  -- #Conts: 3 H(1)  A(1)  C(1) 
  10940153 037.47 || noQ Q (Avg,Max,Min) (0.95, 1.00, 0.76) (0.75, 0.55, 1.00) #fs:   4  -- #Conts: 8 G(1)  A(5)  E(1)  C(1) 
  13062151 036.47 || noQ Q (Avg,Max,Min) (0.94, 1.00, 0.83) (0.80, 0.65, 1.00) #fs:   4  -- #Conts: 6 G(1)  A(3)  E(1)  C(1) 
  16836137 035.47 || noQ Q (Avg,Max,Min) (0.93, 1.00, 0.84) (0.85, 0.65, 1.00) #fs:   4  -- #Conts: 5 G(1)  A(2)  E(1)  C(1) 
/////////////////size: 24
nodes 50 edges 60
 mulT: 10 mulD: 1  sumData GB 1
pareto /LIGO.n.50.0.dax time -> 1235.0
moheft /LIGO.n.50.0.dax time -> 188.0
distance from M to C 2.0687152241440683
distance from P to C 0.0
distance from C to M 0.46004689132921434
distance from C to P 0.8829595782050516
toCompare: /LIGO.n.50.0.dax sumDataGB: 1 mulT: 10 mulD: 1 paretoOptTime_MS: 1235.0 MoheftOptimizationTime_MS: 188.0 MtoC 2.0687152241440683 PtoC 0.0 CtoM 0.46004689132921434 CtoP 0.8829595782050516
