specify -Dflow d,b,mt,md,size
Running /home/vaggelis/jc/LIGO.n.50.0.dax mt 1 md: 5000 size null
    135172 378.35 || noQ Q (Avg,Max,Min) (1.78, 2.38, 1.07) (0.03, 0.01, 0.06) #fs:   7  -- #Conts: 12 H(12) 
    135295 362.59 || noQ Q (Avg,Max,Min) (1.80, 2.38, 1.32) (0.03, 0.01, 0.06) #fs:   7  -- #Conts: 12 H(11)  G(1) 
    136389 346.82 || noQ Q (Avg,Max,Min) (1.79, 2.38, 1.05) (0.03, 0.01, 0.06) #fs:   7  -- #Conts: 11 H(11) 
    136512 331.06 || noQ Q (Avg,Max,Min) (1.81, 2.38, 1.29) (0.03, 0.01, 0.06) #fs:   7  -- #Conts: 11 H(10)  G(1) 
    139631 283.76 || noQ Q (Avg,Max,Min) (1.86, 2.38, 1.42) (0.04, 0.01, 0.07) #fs:   7  -- #Conts: 9 H(9) 
    140490 268.00 || noQ Q (Avg,Max,Min) (1.85, 2.41, 1.42) (0.04, 0.01, 0.07) #fs:   7  -- #Conts: 9 H(8)  G(1) 
    147128 252.24 || noQ Q (Avg,Max,Min) (1.82, 2.41, 1.24) (0.04, 0.01, 0.07) #fs:   7  -- #Conts: 9 H(7)  G(2) 
    147200 220.71 || noQ Q (Avg,Max,Min) (1.88, 2.19, 1.49) (0.05, 0.01, 0.07) #fs:   7  -- #Conts: 7 H(7) 
    147795 204.94 || noQ Q (Avg,Max,Min) (1.85, 2.19, 1.29) (0.05, 0.01, 0.07) #fs:   7  -- #Conts: 7 H(6)  G(1) 
    148850 189.18 || noQ Q (Avg,Max,Min) (1.92, 2.19, 1.70) (0.06, 0.06, 0.07) #fs:   7  -- #Conts: 6 H(6) 
    164531 173.41 || noQ Q (Avg,Max,Min) (1.80, 2.06, 1.54) (0.07, 0.06, 0.07) #fs:   7  -- #Conts: 6 H(5)  G(1) 
    174042 157.65 || noQ Q (Avg,Max,Min) (1.75, 2.00, 1.45) (0.07, 0.06, 0.07) #fs:   7  -- #Conts: 6 H(4)  G(2) 
    186041 141.88 || noQ Q (Avg,Max,Min) (1.73, 1.95, 1.36) (0.07, 0.06, 0.09) #fs:   7  -- #Conts: 6 H(3)  G(3) 
    194399 126.12 || noQ Q (Avg,Max,Min) (1.64, 2.10, 1.29) (0.06, 0.01, 0.08) #fs:   7  -- #Conts: 7 H(1)  G(6) 
    198333 110.35 || noQ Q (Avg,Max,Min) (1.68, 1.80, 1.55) (0.07, 0.06, 0.10) #fs:   7  -- #Conts: 6 H(1)  G(5) 
    204655 094.59 || noQ Q (Avg,Max,Min) (1.63, 1.73, 1.49) (0.08, 0.07, 0.10) #fs:   7  -- #Conts: 6 G(6) 
    268941 063.06 || noQ Q (Avg,Max,Min) (2.69, 2.70, 2.68) (0.19, 0.18, 0.20) #fs:   3  -- #Conts: 2 H(2) 
    314873 047.29 || noQ Q (Avg,Max,Min) (1.91, 1.97, 1.85) (0.15, 0.15, 0.17) #fs:   4  -- #Conts: 3 G(3) 
    370483 046.94 || noQ Q (Avg,Max,Min) (1.27, 1.52, 1.13) (0.10, 0.03, 0.13) #fs:   5  -- #Conts: 7 E(7) 
    379350 040.24 || noQ Q (Avg,Max,Min) (1.29, 1.52, 1.19) (0.12, 0.11, 0.13) #fs:   6  -- #Conts: 6 E(6) 
    422972 031.53 || noQ Q (Avg,Max,Min) (2.29, 2.29, 2.28) (0.26, 0.25, 0.27) #fs:   1  -- #Conts: 2 G(2) 
    507439 026.82 || noQ Q (Avg,Max,Min) (1.44, 1.52, 1.38) (0.19, 0.17, 0.21) #fs:   4  -- #Conts: 4 E(4) 
    641268 020.12 || noQ Q (Avg,Max,Min) (1.55, 1.70, 1.47) (0.26, 0.25, 0.27) #fs:   2  -- #Conts: 3 E(3) 
    725500 015.76 || noQ Q (Avg,Max,Min) (2.24, 2.24, 2.24) (0.45, 0.45, 0.45) #fs:   0  -- #Conts: 1 G(1) 
    901970 013.41 || noQ Q (Avg,Max,Min) (1.63, 1.69, 1.57) (0.40, 0.39, 0.40) #fs:   1  -- #Conts: 2 E(2) 
   1105576 012.00 || noQ Q (Avg,Max,Min) (1.33, 1.46, 1.18) (0.38, 0.30, 0.43) #fs:   2  -- #Conts: 3 C(3) 
   1450730 010.71 || noQ Q (Avg,Max,Min) (1.35, 1.38, 1.32) (0.48, 0.40, 0.56) #fs:   2  -- #Conts: 2 E(1)  C(1) 
   1524154 008.00 || noQ Q (Avg,Max,Min) (1.36, 1.40, 1.31) (0.56, 0.56, 0.57) #fs:   1  -- #Conts: 2 C(2) 
   1636202 006.71 || noQ Q (Avg,Max,Min) (1.55, 1.55, 1.55) (0.70, 0.70, 0.70) #fs:   0  -- #Conts: 1 E(1) 
   2741687 006.00 || noQ Q (Avg,Max,Min) (0.98, 1.23, 0.81) (0.64, 0.50, 0.85) #fs:   5  -- #Conts: 6 A(6) 
   2827235 004.00 || noQ Q (Avg,Max,Min) (1.32, 1.32, 1.32) (1.03, 1.03, 1.03) #fs:   0  -- #Conts: 1 C(1) 
/////////////////size: 31
    225841 204.94 || noQ Q (Avg,Max,Min) (3.42, 4.22, 1.98) (0.06, 0.02, 0.15) #fs:   2  -- #Conts: 7 H(6)  G(1) 
    251746 148.59 || noQ Q (Avg,Max,Min) (1.70, 2.88, 1.17) (0.07, 0.02, 0.18) #fs:   7  -- #Conts: 7 H(3)  G(3)  E(1) 
    281982 117.06 || noQ Q (Avg,Max,Min) (1.78, 2.52, 1.13) (0.08, 0.02, 0.20) #fs:   7  -- #Conts: 6 H(2)  G(3)  E(1) 
    311529 085.53 || noQ Q (Avg,Max,Min) (1.93, 2.73, 1.24) (0.10, 0.03, 0.19) #fs:   6  -- #Conts: 5 H(1)  G(3)  E(1) 
    372932 054.00 || noQ Q (Avg,Max,Min) (1.99, 2.31, 1.61) (0.13, 0.03, 0.23) #fs:   3  -- #Conts: 4 G(3)  E(1) 
    396330 051.29 || noQ Q (Avg,Max,Min) (2.16, 2.99, 1.46) (0.13, 0.02, 0.24) #fs:   3  -- #Conts: 4 G(3)  C(1) 
    405108 042.24 || noQ Q (Avg,Max,Min) (1.92, 2.13, 1.46) (0.13, 0.03, 0.24) #fs:   3  -- #Conts: 4 G(2)  E(1)  C(1) 
    408924 035.53 || noQ Q (Avg,Max,Min) (1.87, 2.21, 1.46) (0.17, 0.05, 0.25) #fs:   2  -- #Conts: 3 G(2)  C(1) 
    520590 033.18 || noQ Q (Avg,Max,Min) (1.78, 2.07, 1.46) (0.15, 0.03, 0.28) #fs:   3  -- #Conts: 4 G(1)  E(2)  C(1) 
    521828 030.47 || noQ Q (Avg,Max,Min) (1.72, 2.06, 1.46) (0.16, 0.04, 0.28) #fs:   2  -- #Conts: 4 G(1)  E(1)  C(2) 
    534272 026.47 || noQ Q (Avg,Max,Min) (1.77, 2.17, 1.46) (0.20, 0.05, 0.30) #fs:   2  -- #Conts: 3 G(1)  E(1)  C(1) 
    569444 022.47 || noQ Q (Avg,Max,Min) (1.86, 2.06, 1.67) (0.29, 0.26, 0.31) #fs:   3  -- #Conts: 2 G(1)  E(1) 
    633901 019.76 || noQ Q (Avg,Max,Min) (1.86, 2.17, 1.55) (0.31, 0.24, 0.38) #fs:   1  -- #Conts: 2 G(1)  C(1) 
    716987 017.76 || noQ Q (Avg,Max,Min) (2.21, 3.56, 0.83) (0.19, 0.02, 0.45) #fs:   1  -- #Conts: 3 G(1)  A(2) 
    718056 016.76 || noQ Q (Avg,Max,Min) (1.54, 2.25, 0.83) (0.27, 0.10, 0.45) #fs:   1  -- #Conts: 2 G(1)  A(1) 
    725500 015.76 || noQ Q (Avg,Max,Min) (2.24, 2.24, 2.24) (0.45, 0.45, 0.45) #fs:   0  -- #Conts: 1 G(1) 
   1050393 014.71 || noQ Q (Avg,Max,Min) (1.46, 1.61, 1.27) (0.31, 0.10, 0.47) #fs:   2  -- #Conts: 3 E(1)  C(2) 
   1129873 010.71 || noQ Q (Avg,Max,Min) (1.52, 1.66, 1.38) (0.47, 0.41, 0.52) #fs:   2  -- #Conts: 2 E(1)  C(1) 
   1402446 009.71 || noQ Q (Avg,Max,Min) (1.24, 1.50, 1.13) (0.31, 0.14, 0.59) #fs:   1  -- #Conts: 4 A(3)  E(1) 
   1453378 008.71 || noQ Q (Avg,Max,Min) (1.27, 1.53, 1.13) (0.38, 0.14, 0.62) #fs:   1  -- #Conts: 3 A(2)  E(1) 
   1510394 007.71 || noQ Q (Avg,Max,Min) (1.32, 1.55, 1.09) (0.52, 0.39, 0.65) #fs:   1  -- #Conts: 2 A(1)  E(1) 
   1636202 006.71 || noQ Q (Avg,Max,Min) (1.55, 1.55, 1.55) (0.70, 0.70, 0.70) #fs:   0  -- #Conts: 1 E(1) 
   2229960 006.00 || noQ Q (Avg,Max,Min) (1.20, 1.32, 1.13) (0.58, 0.27, 0.82) #fs:   1  -- #Conts: 3 A(2)  C(1) 
   2420879 005.00 || noQ Q (Avg,Max,Min) (1.20, 1.32, 1.07) (0.78, 0.67, 0.89) #fs:   1  -- #Conts: 2 A(1)  C(1) 
   2827235 004.00 || noQ Q (Avg,Max,Min) (1.32, 1.32, 1.32) (1.03, 1.03, 1.03) #fs:   0  -- #Conts: 1 C(1) 
/////////////////size: 25
nodes 50 edges 60
 mulT: 1 mulD: 5000  sumData GB 7239
pareto /LIGO.n.50.0.dax time -> 860.0
moheft /LIGO.n.50.0.dax time -> 340.0
distance from M to C 0.549649258195872
distance from P to C 0.13851992409867175
distance from C to M 2.1794841444673647
distance from C to P 0.22439662184472944
toCompare: /LIGO.n.50.0.dax sumDataGB: 7239 mulT: 1 mulD: 5000 paretoOptTime_MS: 860.0 MoheftOptimizationTime_MS: 340.0 MtoC 0.549649258195872 PtoC 0.13851992409867175 CtoM 2.1794841444673647 CtoP 0.22439662184472944
