specify -Dflow d,b,mt,md,size
Running /home/vaggelis/jc/CYBERSHAKE.n.100.0.dax mt 500 md: 10000 size null
  19343837 394.12 || noQ Q (Avg,Max,Min) (2.33, 4.27, 0.34) (1.93, 0.01, 4.27) #fs:   2  -- #Conts: 4 H(3)  G(1) 
  19367153 378.35 || noQ Q (Avg,Max,Min) (2.71, 4.27, 0.22) (2.55, 0.14, 4.27) #fs:   2  -- #Conts: 3 H(3) 
  19760635 346.82 || noQ Q (Avg,Max,Min) (3.92, 4.27, 3.57) (3.77, 3.27, 4.27) #fs:   0  -- #Conts: 2 H(2) 
  33152148 315.29 || noQ Q (Avg,Max,Min) (2.16, 2.83, 1.12) (1.71, 0.01, 2.79) #fs:   1  -- #Conts: 3 G(3) 
  33170643 299.53 || noQ Q (Avg,Max,Min) (2.68, 2.83, 2.53) (2.56, 2.33, 2.79) #fs:   1  -- #Conts: 2 G(2) 
  75024404 289.35 || noQ Q (Avg,Max,Min) (1.00, 1.80, 0.05) (0.95, 0.04, 1.80) #fs:   5  -- #Conts: 4 A(1)  E(3) 
  75192073 282.65 || noQ Q (Avg,Max,Min) (1.01, 1.79, 0.09) (0.96, 0.07, 1.79) #fs:   4  -- #Conts: 4 A(1)  E(3) 
/////////////////size: 7
  33138436 368.59 || noQ Q (Avg,Max,Min) (1.51, 4.27, 0.42) (1.08, 0.01, 4.27) #fs:   3  -- #Conts: 8 H(2)  G(2)  A(4) 
  33144605 352.82 || noQ Q (Avg,Max,Min) (1.56, 4.27, 0.42) (1.23, 0.01, 4.27) #fs:   3  -- #Conts: 7 H(2)  G(1)  A(4) 
  33155909 328.00 || noQ Q (Avg,Max,Min) (1.57, 4.27, 0.42) (1.24, 0.01, 4.27) #fs:   3  -- #Conts: 7 H(1)  G(1)  A(4)  E(1) 
  33174425 321.29 || noQ Q (Avg,Max,Min) (1.66, 4.27, 0.42) (1.45, 0.23, 4.27) #fs:   3  -- #Conts: 6 H(1)  G(1)  A(4) 
  33279448 320.29 || noQ Q (Avg,Max,Min) (1.68, 4.27, 0.42) (1.50, 0.31, 4.27) #fs:   2  -- #Conts: 6 H(1)  G(1)  A(4) 
  33343097 319.29 || noQ Q (Avg,Max,Min) (1.84, 4.27, 0.42) (1.74, 0.38, 4.27) #fs:   1  -- #Conts: 5 H(1)  G(1)  A(3) 
  33420342 318.29 || noQ Q (Avg,Max,Min) (2.11, 4.27, 0.83) (1.99, 0.56, 4.27) #fs:   4  -- #Conts: 4 H(1)  G(1)  A(2) 
  33533754 317.29 || noQ Q (Avg,Max,Min) (2.54, 4.27, 0.83) (2.47, 0.79, 4.27) #fs:   3  -- #Conts: 3 H(1)  G(1)  A(1) 
  33710526 316.29 || noQ Q (Avg,Max,Min) (2.50, 4.27, 0.72) (2.44, 0.72, 4.27) #fs:   2  -- #Conts: 3 H(1)  G(1)  A(1) 
  33859811 315.29 || noQ Q (Avg,Max,Min) (3.38, 4.27, 2.50) (3.31, 2.35, 4.27) #fs:   0  -- #Conts: 2 H(1)  G(1) 
  74777112 307.47 || noQ Q (Avg,Max,Min) (1.57, 4.27, 0.44) (1.29, 0.02, 4.27) #fs:   1  -- #Conts: 6 H(1)  A(3)  E(1)  C(1) 
  74818871 303.47 || noQ Q (Avg,Max,Min) (1.68, 4.27, 0.44) (1.54, 0.23, 4.27) #fs:   1  -- #Conts: 5 H(1)  A(3)  E(1) 
  74925226 302.47 || noQ Q (Avg,Max,Min) (1.99, 4.27, 1.00) (1.87, 0.60, 4.27) #fs:   0  -- #Conts: 4 H(1)  A(2)  E(1) 
  75303017 301.47 || noQ Q (Avg,Max,Min) (1.99, 4.27, 1.00) (1.89, 0.65, 4.27) #fs:   0  -- #Conts: 4 H(1)  A(2)  E(1) 
  75482452 300.47 || noQ Q (Avg,Max,Min) (1.99, 4.27, 1.00) (1.96, 0.93, 4.27) #fs:   0  -- #Conts: 4 H(1)  A(2)  E(1) 
 113549191 300.00 || noQ Q (Avg,Max,Min) (20.43, 58.55, 1.00) (10.25, 0.93, 28.70) #fs:   1  -- #Conts: 9 G(1)  A(2)  E(5)  C(1) 
 113610591 299.00 || noQ Q (Avg,Max,Min) (22.06, 56.14, 1.00) (11.42, 0.93, 28.72) #fs:   1  -- #Conts: 8 G(1)  A(1)  E(5)  C(1) 
 113680362 298.65 || noQ Q (Avg,Max,Min) (19.24, 28.76, 0.64) (10.16, 0.44, 14.64) #fs:   1  -- #Conts: 9 A(1)  E(7)  C(1) 
 113681034 297.65 || noQ Q (Avg,Max,Min) (19.18, 28.75, 0.63) (10.18, 0.62, 14.64) #fs:   2  -- #Conts: 9 A(1)  E(7)  C(1) 
 113719510 296.65 || noQ Q (Avg,Max,Min) (19.07, 28.16, 1.01) (10.22, 0.94, 14.65) #fs:   0  -- #Conts: 9 A(1)  E(7)  C(1) 
 113775625 295.65 || noQ Q (Avg,Max,Min) (20.65, 27.38, 1.45) (11.40, 1.43, 14.66) #fs:   0  -- #Conts: 8 E(7)  C(1) 
 113902235 294.65 || noQ Q (Avg,Max,Min) (25.13, 72.39, 1.01) (14.99, 0.25, 42.90) #fs:   1  -- #Conts: 6 G(2)  A(1)  E(2)  C(1) 
 113919027 293.65 || noQ Q (Avg,Max,Min) (29.80, 72.43, 1.44) (17.94, 1.43, 42.90) #fs:   1  -- #Conts: 5 G(2)  E(2)  C(1) 
 113959519 292.94 || noQ Q (Avg,Max,Min) (16.61, 71.06, 0.63) (10.25, 0.25, 42.92) #fs:   2  -- #Conts: 9 G(2)  A(5)  E(1)  C(1) 
 113986136 291.94 || noQ Q (Avg,Max,Min) (18.36, 70.24, 0.63) (11.50, 0.32, 42.93) #fs:   2  -- #Conts: 8 G(2)  A(4)  E(1)  C(1) 
 114065699 290.94 || noQ Q (Avg,Max,Min) (20.15, 67.83, 0.63) (13.02, 0.40, 42.95) #fs:   2  -- #Conts: 7 G(2)  A(3)  E(1)  C(1) 
 114148733 289.94 || noQ Q (Avg,Max,Min) (19.43, 65.06, 0.63) (13.03, 0.42, 42.98) #fs:   2  -- #Conts: 7 G(2)  A(3)  E(1)  C(1) 
 114162327 288.94 || noQ Q (Avg,Max,Min) (22.51, 65.10, 1.00) (15.19, 0.94, 42.98) #fs:   1  -- #Conts: 6 G(2)  A(2)  E(1)  C(1) 
 114281238 287.94 || noQ Q (Avg,Max,Min) (25.52, 62.06, 0.63) (17.98, 0.60, 43.02) #fs:   2  -- #Conts: 5 G(2)  A(1)  E(1)  C(1) 
 114335268 286.88 || noQ Q (Avg,Max,Min) (18.25, 60.49, 1.01) (13.10, 0.99, 43.03) #fs:   2  -- #Conts: 7 G(1)  A(1)  E(2)  C(3) 
 114437124 285.88 || noQ Q (Avg,Max,Min) (20.34, 58.08, 1.44) (15.14, 1.43, 43.06) #fs:   3  -- #Conts: 6 G(1)  E(2)  C(3) 
 114535330 285.18 || noQ Q (Avg,Max,Min) (15.01, 56.15, 1.00) (11.53, 0.28, 43.08) #fs:   2  -- #Conts: 8 G(1)  A(2)  E(1)  C(4) 
 114624361 284.18 || noQ Q (Avg,Max,Min) (16.51, 54.35, 1.00) (13.05, 0.29, 43.12) #fs:   1  -- #Conts: 7 G(1)  A(1)  E(1)  C(4) 
 114654451 283.18 || noQ Q (Avg,Max,Min) (18.90, 53.80, 1.44) (15.19, 1.43, 43.13) #fs:   1  -- #Conts: 6 G(1)  E(1)  C(4) 
 114775004 282.18 || noQ Q (Avg,Max,Min) (15.76, 68.55, 1.00) (13.14, 0.58, 57.25) #fs:   2  -- #Conts: 7 G(1)  A(2)  E(1)  C(3) 
 114890479 281.18 || noQ Q (Avg,Max,Min) (15.19, 66.12, 1.00) (13.15, 0.59, 57.29) #fs:   1  -- #Conts: 7 G(1)  A(2)  E(1)  C(3) 
 114951567 280.18 || noQ Q (Avg,Max,Min) (17.23, 64.81, 1.00) (15.25, 0.94, 57.31) #fs:   1  -- #Conts: 6 G(1)  A(1)  E(1)  C(3) 
 115081494 279.18 || noQ Q (Avg,Max,Min) (19.73, 62.31, 1.44) (18.13, 1.44, 57.34) #fs:   2  -- #Conts: 5 G(1)  E(1)  C(3) 
 115171935 279.12 || noQ Q (Avg,Max,Min) (12.52, 30.84, 1.01) (11.60, 0.26, 29.15) #fs:   2  -- #Conts: 8 A(1)  E(2)  C(5) 
 115198962 278.12 || noQ Q (Avg,Max,Min) (14.00, 30.60, 1.44) (13.23, 1.44, 29.15) #fs:   3  -- #Conts: 7 E(2)  C(5) 
/////////////////size: 40
nodes 100 edges 192
 mulT: 500 mulD: 10000  sumData GB 975992
pareto /CYBERSHAKE.n.100.0.dax time -> 1415.0
moheft /CYBERSHAKE.n.100.0.dax time -> 695.0
distance from M to C 3.276742411212574
distance from P to C 0.0
distance from C to M 6.579244411207079
distance from C to P 5.634953972323298
toCompare: /CYBERSHAKE.n.100.0.dax sumDataGB: 975992 mulT: 500 mulD: 10000 paretoOptTime_MS: 1415.0 MoheftOptimizationTime_MS: 695.0 MtoC 3.276742411212574 PtoC 0.0 CtoM 6.579244411207079 CtoP 5.634953972323298
