specify -Dflow d,b,mt,md,size
Running /home/vaggelis/jc/CYBERSHAKE.n.100.0.dax mt 30 md: 1000 size null
   1160645 064.06 || noQ Q (Avg,Max,Min) (4.14, 6.02, 1.01) (1.23, 0.01, 1.94) #fs:   2  -- #Conts: 3 H(2)  A(1) 
   1162134 063.06 || noQ Q (Avg,Max,Min) (5.70, 6.02, 5.37) (1.84, 1.73, 1.94) #fs:   2  -- #Conts: 2 H(2) 
   1890771 047.29 || noQ Q (Avg,Max,Min) (3.71, 4.11, 3.30) (1.95, 1.73, 2.16) #fs:   2  -- #Conts: 2 H(1)  G(1) 
   1991530 031.53 || noQ Q (Avg,Max,Min) (3.73, 3.91, 3.56) (2.06, 1.96, 2.16) #fs:   2  -- #Conts: 2 G(2) 
   4272754 029.18 || noQ Q (Avg,Max,Min) (2.97, 3.56, 2.38) (1.69, 1.41, 1.96) #fs:   0  -- #Conts: 2 G(1)  E(1) 
   4490932 026.82 || noQ Q (Avg,Max,Min) (2.20, 2.26, 2.13) (1.37, 1.33, 1.41) #fs:   2  -- #Conts: 2 E(2) 
   7383034 025.41 || noQ Q (Avg,Max,Min) (1.97, 2.13, 1.80) (1.28, 1.23, 1.33) #fs:   0  -- #Conts: 2 E(1)  C(1) 
   7759729 024.00 || noQ Q (Avg,Max,Min) (1.19, 1.82, 0.11) (1.02, 0.05, 1.82) #fs:   4  -- #Conts: 3 C(3) 
   7932186 020.00 || noQ Q (Avg,Max,Min) (1.73, 1.82, 1.64) (1.51, 1.21, 1.82) #fs:   0  -- #Conts: 2 C(2) 
/////////////////size: 9
   2215847 059.29 || noQ Q (Avg,Max,Min) (1.15, 5.95, 0.14) (0.37, 0.00, 3.66) #fs:  10  -- #Conts: 11 H(1)  A(8)  G(1)  C(1) 
   2216361 056.29 || noQ Q (Avg,Max,Min) (1.21, 5.94, 0.14) (0.37, 0.00, 3.66) #fs:  10  -- #Conts: 11 H(1)  A(9)  G(1) 
   2216496 043.53 || noQ Q (Avg,Max,Min) (1.14, 5.94, 0.14) (0.40, 0.01, 3.66) #fs:  10  -- #Conts: 10 H(1)  A(8)  C(1) 
   2217010 040.53 || noQ Q (Avg,Max,Min) (1.21, 5.94, 0.14) (0.41, 0.01, 3.66) #fs:  10  -- #Conts: 10 H(1)  A(9) 
   2225111 039.53 || noQ Q (Avg,Max,Min) (1.24, 5.93, 0.14) (0.44, 0.01, 3.66) #fs:   7  -- #Conts: 9 H(1)  A(8) 
   2225888 038.53 || noQ Q (Avg,Max,Min) (1.27, 5.92, 0.14) (0.50, 0.01, 3.66) #fs:   8  -- #Conts: 8 H(1)  A(7) 
   2227686 037.53 || noQ Q (Avg,Max,Min) (1.31, 5.92, 0.14) (0.57, 0.01, 3.66) #fs:   7  -- #Conts: 7 H(1)  A(6) 
   2232164 036.53 || noQ Q (Avg,Max,Min) (1.45, 5.91, 0.15) (0.66, 0.02, 3.66) #fs:   7  -- #Conts: 6 H(1)  A(5) 
   2238345 035.53 || noQ Q (Avg,Max,Min) (1.71, 5.90, 0.30) (0.78, 0.02, 3.67) #fs:   5  -- #Conts: 5 H(1)  A(4) 
   2243999 034.53 || noQ Q (Avg,Max,Min) (1.88, 5.88, 0.30) (0.96, 0.02, 3.67) #fs:   5  -- #Conts: 4 H(1)  A(3) 
   2246137 033.53 || noQ Q (Avg,Max,Min) (2.17, 5.88, 0.30) (1.28, 0.06, 3.67) #fs:   5  -- #Conts: 3 H(1)  A(2) 
   2258173 032.53 || noQ Q (Avg,Max,Min) (3.08, 5.85, 0.31) (1.87, 0.06, 3.67) #fs:   2  -- #Conts: 2 H(1)  A(1) 
   2265384 031.53 || noQ Q (Avg,Max,Min) (5.84, 5.84, 5.84) (3.67, 3.67, 3.67) #fs:   0  -- #Conts: 1 H(1) 
  12124054 029.47 || noQ Q (Avg,Max,Min) (4.54, 14.06, 0.12) (2.24, 0.00, 5.96) #fs:   3  -- #Conts: 6 G(1)  A(3)  E(1)  C(1) 
  12126560 025.47 || noQ Q (Avg,Max,Min) (5.23, 14.03, 0.12) (2.68, 0.01, 5.96) #fs:   3  -- #Conts: 5 G(1)  A(3)  E(1) 
  12132942 024.47 || noQ Q (Avg,Max,Min) (6.47, 13.98, 0.22) (3.35, 0.16, 5.96) #fs:   2  -- #Conts: 4 G(1)  A(2)  E(1) 
  12196323 022.76 || noQ Q (Avg,Max,Min) (5.19, 13.59, 0.21) (2.70, 0.01, 6.03) #fs:   2  -- #Conts: 5 G(1)  A(3)  C(1) 
  12203159 021.76 || noQ Q (Avg,Max,Min) (6.40, 13.53, 0.66) (3.37, 0.15, 6.04) #fs:   2  -- #Conts: 4 G(1)  A(2)  C(1) 
  12298749 020.76 || noQ Q (Avg,Max,Min) (7.96, 12.83, 4.04) (4.47, 3.29, 6.06) #fs:   0  -- #Conts: 3 G(1)  A(1)  C(1) 
  12679269 019.76 || noQ Q (Avg,Max,Min) (9.80, 15.55, 4.04) (6.52, 4.04, 8.99) #fs:   0  -- #Conts: 2 G(1)  C(1) 
  12801445 018.76 || noQ Q (Avg,Max,Min) (5.15, 8.03, 2.88) (3.52, 1.76, 4.83) #fs:   3  -- #Conts: 4 G(1)  A(3) 
  13421388 017.76 || noQ Q (Avg,Max,Min) (5.62, 8.19, 4.04) (4.70, 3.62, 6.43) #fs:   0  -- #Conts: 3 G(1)  A(2) 
  15964106 017.41 || noQ Q (Avg,Max,Min) (6.14, 7.50, 2.52) (5.47, 2.52, 7.29) #fs:   0  -- #Conts: 4 A(3)  E(1) 
/////////////////size: 23
nodes 100 edges 192
 mulT: 30 mulD: 1000  sumData GB 97599
pareto /CYBERSHAKE.n.100.0.dax time -> 710.0
moheft /CYBERSHAKE.n.100.0.dax time -> 495.0
distance from M to C 1.474282331315105
distance from P to C 0.0
distance from C to M 1.075566824305764
distance from C to P 0.7835535274111091
toCompare: /CYBERSHAKE.n.100.0.dax sumDataGB: 97599 mulT: 30 mulD: 1000 paretoOptTime_MS: 710.0 MoheftOptimizationTime_MS: 495.0 MtoC 1.474282331315105 PtoC 0.0 CtoM 1.075566824305764 CtoP 0.7835535274111091
