specify -Dflow d,b,mt,md,size
Running /home/vaggelis/jc/MONTAGE.n.50.0.dax mt 10000 md: 500 size null
  18938745 1923.29 || noQ Q (Avg,Max,Min) (0.95, 1.01, 0.74) (0.87, 0.66, 1.01) #fs:  15  -- #Conts: 28 H(28) 
  22489779 1891.76 || noQ Q (Avg,Max,Min) (0.97, 1.09, 0.55) (0.90, 0.51, 1.02) #fs:  13  -- #Conts: 25 H(25) 
  22533696 1860.24 || noQ Q (Avg,Max,Min) (0.98, 1.02, 0.86) (0.92, 0.72, 1.02) #fs:  13  -- #Conts: 24 H(24) 
  25968120 1828.71 || noQ Q (Avg,Max,Min) (0.99, 1.03, 0.86) (0.93, 0.72, 1.02) #fs:  11  -- #Conts: 24 H(24) 
  26055292 1797.18 || noQ Q (Avg,Max,Min) (0.99, 1.03, 0.86) (0.93, 0.72, 1.02) #fs:  11  -- #Conts: 24 H(24) 
  26116827 1765.65 || noQ Q (Avg,Max,Min) (1.00, 1.02, 0.86) (0.94, 0.72, 1.02) #fs:   9  -- #Conts: 24 H(24) 
  27142875 1734.12 || noQ Q (Avg,Max,Min) (0.99, 1.09, 0.81) (0.95, 0.76, 1.02) #fs:   6  -- #Conts: 23 H(23) 
  30577299 1702.59 || noQ Q (Avg,Max,Min) (0.99, 1.03, 0.81) (0.95, 0.52, 1.02) #fs:   4  -- #Conts: 23 H(23) 
  30765698 1639.53 || noQ Q (Avg,Max,Min) (1.00, 1.02, 0.86) (0.98, 0.80, 1.02) #fs:   4  -- #Conts: 22 H(22) 
  32343259 1466.12 || noQ Q (Avg,Max,Min) (1.00, 1.01, 0.82) (0.88, 0.81, 0.98) #fs:  10  -- #Conts: 33 G(33) 
  32360556 1450.35 || noQ Q (Avg,Max,Min) (1.00, 1.05, 0.82) (0.89, 0.81, 1.00) #fs:   9  -- #Conts: 34 G(34) 
  32382799 1434.59 || noQ Q (Avg,Max,Min) (1.01, 1.05, 0.99) (0.89, 0.85, 1.00) #fs:   8  -- #Conts: 35 G(35) 
  63593528 1341.88 || noQ Q (Avg,Max,Min) (0.99, 1.01, 0.67) (0.95, 0.66, 0.98) #fs:   7  -- #Conts: 34 G(1)  E(33) 
  63593981 1321.76 || noQ Q (Avg,Max,Min) (0.99, 1.01, 0.67) (0.96, 0.67, 0.99) #fs:   6  -- #Conts: 35 G(1)  E(34) 
  72781832 1307.65 || noQ Q (Avg,Max,Min) (1.00, 1.02, 0.82) (0.96, 0.80, 0.98) #fs:   7  -- #Conts: 34 E(34) 
  72782285 1287.53 || noQ Q (Avg,Max,Min) (1.00, 1.02, 0.99) (0.97, 0.95, 0.99) #fs:   6  -- #Conts: 35 E(35) 
/////////////////size: 16
  22140076 1828.71 || noQ Q (Avg,Max,Min) (0.97, 1.02, 0.67) (0.86, 0.67, 1.02) #fs:  10  -- #Conts: 33 H(15)  G(18) 
  24610748 1797.18 || noQ Q (Avg,Max,Min) (0.97, 1.11, 0.67) (0.86, 0.67, 1.02) #fs:  10  -- #Conts: 34 H(15)  G(19) 
  24708818 1765.65 || noQ Q (Avg,Max,Min) (0.98, 1.01, 0.67) (0.85, 0.67, 1.01) #fs:   9  -- #Conts: 35 H(12)  G(23) 
  24720189 1734.12 || noQ Q (Avg,Max,Min) (0.99, 1.01, 0.68) (0.86, 0.67, 1.01) #fs:   8  -- #Conts: 36 H(12)  G(24) 
  24801084 1702.59 || noQ Q (Avg,Max,Min) (1.01, 1.16, 0.82) (0.86, 0.69, 1.01) #fs:   6  -- #Conts: 38 H(13)  G(25) 
  24855111 1639.53 || noQ Q (Avg,Max,Min) (0.99, 1.02, 0.60) (0.86, 0.51, 1.02) #fs:   7  -- #Conts: 34 H(8)  G(26) 
  24856412 1608.00 || noQ Q (Avg,Max,Min) (1.00, 1.02, 0.81) (0.86, 0.51, 1.02) #fs:   8  -- #Conts: 35 H(8)  G(27) 
  25419628 1592.24 || noQ Q (Avg,Max,Min) (1.01, 1.02, 0.98) (0.86, 0.51, 1.02) #fs:   9  -- #Conts: 36 H(8)  G(28) 
  27383806 1544.94 || noQ Q (Avg,Max,Min) (1.00, 1.02, 0.80) (0.87, 0.51, 0.99) #fs:   7  -- #Conts: 35 H(3)  G(32) 
  27395177 1513.41 || noQ Q (Avg,Max,Min) (0.99, 1.01, 0.80) (0.88, 0.69, 0.99) #fs:   7  -- #Conts: 35 H(2)  G(33) 
  28024452 1497.65 || noQ Q (Avg,Max,Min) (1.01, 1.18, 0.80) (0.88, 0.69, 1.13) #fs:   6  -- #Conts: 36 H(2)  G(34) 
  28587668 1466.12 || noQ Q (Avg,Max,Min) (1.01, 1.18, 0.93) (0.89, 0.77, 1.13) #fs:   8  -- #Conts: 36 H(2)  G(34) 
  32367620 1434.59 || noQ Q (Avg,Max,Min) (1.01, 1.02, 0.99) (0.89, 0.84, 1.02) #fs:   8  -- #Conts: 35 G(35) 
  35021722 1416.00 || noQ Q (Avg,Max,Min) (1.00, 1.01, 0.82) (0.92, 0.80, 0.99) #fs:   7  -- #Conts: 36 H(2)  G(20)  E(14) 
  35033902 1411.29 || noQ Q (Avg,Max,Min) (1.00, 1.01, 0.82) (0.93, 0.80, 0.99) #fs:   7  -- #Conts: 33 H(2)  G(16)  E(15) 
  35034821 1406.59 || noQ Q (Avg,Max,Min) (1.00, 1.01, 0.82) (0.93, 0.80, 0.99) #fs:   7  -- #Conts: 33 H(2)  G(15)  E(16) 
  35047838 1401.88 || noQ Q (Avg,Max,Min) (1.00, 1.01, 0.82) (0.94, 0.80, 0.99) #fs:   7  -- #Conts: 34 H(2)  G(15)  E(17) 
  35061263 1392.47 || noQ Q (Avg,Max,Min) (1.00, 1.01, 0.82) (0.94, 0.80, 0.99) #fs:   7  -- #Conts: 36 H(2)  G(15)  E(19) 
  35063086 1387.76 || noQ Q (Avg,Max,Min) (1.00, 1.01, 0.82) (0.94, 0.80, 0.99) #fs:   7  -- #Conts: 36 H(2)  G(14)  E(20) 
  35677113 1386.12 || noQ Q (Avg,Max,Min) (1.01, 1.18, 0.99) (0.94, 0.72, 1.13) #fs:   6  -- #Conts: 35 H(2)  G(16)  E(17) 
  35690538 1376.71 || noQ Q (Avg,Max,Min) (1.01, 1.18, 0.99) (0.94, 0.72, 1.13) #fs:   6  -- #Conts: 37 H(2)  G(16)  E(19) 
  35692361 1372.00 || noQ Q (Avg,Max,Min) (1.01, 1.18, 0.99) (0.95, 0.72, 1.13) #fs:   6  -- #Conts: 37 H(2)  G(15)  E(20) 
  38137712 1370.35 || noQ Q (Avg,Max,Min) (1.01, 1.05, 0.99) (0.94, 0.85, 1.00) #fs:   6  -- #Conts: 34 H(1)  G(16)  E(17) 
  38151137 1360.94 || noQ Q (Avg,Max,Min) (1.01, 1.05, 0.99) (0.94, 0.85, 1.00) #fs:   6  -- #Conts: 36 H(1)  G(16)  E(19) 
  38152960 1356.24 || noQ Q (Avg,Max,Min) (1.01, 1.05, 0.99) (0.95, 0.85, 1.00) #fs:   6  -- #Conts: 36 H(1)  G(15)  E(20) 
  43296823 1353.88 || noQ Q (Avg,Max,Min) (1.01, 1.09, 0.99) (0.95, 0.85, 1.06) #fs:   6  -- #Conts: 37 H(1)  G(15)  E(21) 
  46302380 1350.47 || noQ Q (Avg,Max,Min) (1.01, 1.16, 0.99) (0.95, 0.69, 0.99) #fs:   6  -- #Conts: 37 H(1)  G(10)  E(26) 
  46484964 1345.76 || noQ Q (Avg,Max,Min) (1.01, 1.16, 0.99) (0.96, 0.69, 0.99) #fs:   6  -- #Conts: 37 H(1)  G(9)  E(27) 
  46524023 1341.06 || noQ Q (Avg,Max,Min) (1.01, 1.16, 0.99) (0.96, 0.69, 0.99) #fs:   6  -- #Conts: 38 H(1)  G(9)  E(28) 
  48839933 1334.71 || noQ Q (Avg,Max,Min) (1.02, 1.27, 0.99) (0.96, 0.87, 1.04) #fs:   6  -- #Conts: 38 H(1)  G(11)  E(26) 
  49022517 1330.00 || noQ Q (Avg,Max,Min) (1.01, 1.27, 0.99) (0.96, 0.87, 1.04) #fs:   6  -- #Conts: 38 H(1)  G(10)  E(27) 
  49061576 1325.29 || noQ Q (Avg,Max,Min) (1.01, 1.27, 0.99) (0.96, 0.85, 1.04) #fs:   6  -- #Conts: 39 H(1)  G(10)  E(28) 
  51266261 1320.94 || noQ Q (Avg,Max,Min) (1.01, 1.11, 0.99) (0.96, 0.88, 0.99) #fs:   6  -- #Conts: 37 G(10)  E(27) 
  51305953 1316.24 || noQ Q (Avg,Max,Min) (1.01, 1.11, 0.99) (0.96, 0.85, 0.99) #fs:   7  -- #Conts: 38 G(10)  E(28) 
  56064824 1313.88 || noQ Q (Avg,Max,Min) (1.01, 1.20, 0.99) (0.97, 0.85, 1.04) #fs:   7  -- #Conts: 38 G(10)  E(28) 
  58721939 1311.53 || noQ Q (Avg,Max,Min) (1.00, 1.02, 0.99) (0.96, 0.85, 0.99) #fs:   7  -- #Conts: 37 G(9)  E(28) 
  61338804 1310.12 || noQ Q (Avg,Max,Min) (1.01, 1.11, 0.99) (0.96, 0.88, 0.99) #fs:   2  -- #Conts: 35 G(4)  E(31) 
  61378496 1305.41 || noQ Q (Avg,Max,Min) (1.01, 1.11, 0.99) (0.96, 0.85, 0.99) #fs:   3  -- #Conts: 36 G(4)  E(32) 
  66137367 1303.06 || noQ Q (Avg,Max,Min) (1.01, 1.20, 0.99) (0.97, 0.85, 1.04) #fs:   3  -- #Conts: 36 G(4)  E(32) 
  68794482 1300.71 || noQ Q (Avg,Max,Min) (1.00, 1.02, 0.99) (0.96, 0.85, 0.99) #fs:   3  -- #Conts: 35 G(3)  E(32) 
  72650874 1298.35 || noQ Q (Avg,Max,Min) (1.00, 1.02, 0.99) (0.97, 0.95, 0.99) #fs:   3  -- #Conts: 33 G(2)  E(31) 
  79340566 1297.18 || noQ Q (Avg,Max,Min) (1.01, 1.20, 1.00) (0.97, 0.85, 1.04) #fs:   5  -- #Conts: 39 G(2)  E(35)  C(2) 
  79387159 1297.06 || noQ Q (Avg,Max,Min) (1.01, 1.11, 1.00) (0.96, 0.85, 0.99) #fs:   1  -- #Conts: 37 G(2)  E(34)  C(1) 
  81997681 1294.82 || noQ Q (Avg,Max,Min) (1.00, 1.02, 1.00) (0.96, 0.85, 0.99) #fs:   5  -- #Conts: 38 G(1)  E(35)  C(2) 
  84146030 1294.71 || noQ Q (Avg,Max,Min) (1.01, 1.20, 1.00) (0.97, 0.85, 1.04) #fs:   1  -- #Conts: 37 G(2)  E(34)  C(1) 
  85854532 1292.47 || noQ Q (Avg,Max,Min) (1.00, 1.01, 1.00) (0.97, 0.94, 0.99) #fs:   5  -- #Conts: 36 E(34)  C(2) 
  86803145 1292.35 || noQ Q (Avg,Max,Min) (1.00, 1.02, 1.00) (0.96, 0.85, 0.99) #fs:   1  -- #Conts: 36 G(1)  E(34)  C(1) 
  90659996 1290.00 || noQ Q (Avg,Max,Min) (1.00, 1.01, 1.00) (0.97, 0.94, 0.99) #fs:   1  -- #Conts: 34 E(33)  C(1) 
 104771888 1289.88 || noQ Q (Avg,Max,Min) (1.00, 1.02, 1.00) (0.96, 0.85, 0.99) #fs:   1  -- #Conts: 30 G(1)  E(29) 
 108628739 1287.53 || noQ Q (Avg,Max,Min) (1.00, 1.01, 1.00) (0.97, 0.95, 0.99) #fs:   1  -- #Conts: 28 E(28) 
 109119086 1284.82 || noQ Q (Avg,Max,Min) (1.00, 1.01, 1.00) (0.94, 0.31, 1.01) #fs:   1  -- #Conts: 29 E(28)  C(1) 
 112914184 1282.82 || noQ Q (Avg,Max,Min) (1.00, 1.01, 1.00) (0.96, 0.68, 1.01) #fs:   1  -- #Conts: 29 A(1)  E(28) 
/////////////////size: 52
nodes 50 edges 108
 mulT: 10000 mulD: 500  sumData GB 468
pareto /MONTAGE.n.50.0.dax time -> 1738.0
moheft /MONTAGE.n.50.0.dax time -> 1228.0
distance from M to C 0.4996468965916951
distance from P to C 8.500365943195677
distance from C to M 2.1289548937800356
distance from C to P 20.41270521768899
toCompare: /MONTAGE.n.50.0.dax sumDataGB: 468 mulT: 10000 mulD: 500 paretoOptTime_MS: 1738.0 MoheftOptimizationTime_MS: 1228.0 MtoC 0.4996468965916951 PtoC 8.500365943195677 CtoM 2.1289548937800356 CtoP 20.41270521768899
