specify -Dflow d,b,mt,md,size
Running /home/vaggelis/jc/LIGO.n.50.0.dax mt 100 md: 100 size null
   4726118 693.65 || noQ Q (Avg,Max,Min) (0.84, 1.00, 0.44) (0.56, 0.30, 0.93) #fs:  13  -- #Conts: 13 H(13) 
   4759205 662.12 || noQ Q (Avg,Max,Min) (0.86, 1.00, 0.44) (0.58, 0.30, 0.93) #fs:  14  -- #Conts: 13 H(12)  G(1) 
   5592118 630.59 || noQ Q (Avg,Max,Min) (0.89, 1.00, 0.73) (0.60, 0.43, 0.92) #fs:   9  -- #Conts: 12 H(11)  G(1) 
   6347033 599.06 || noQ Q (Avg,Max,Min) (0.84, 1.00, 0.60) (0.61, 0.49, 0.88) #fs:  12  -- #Conts: 10 H(10) 
   6456159 583.29 || noQ Q (Avg,Max,Min) (0.86, 0.99, 0.75) (0.65, 0.56, 0.88) #fs:  13  -- #Conts: 10 H(9)  G(1) 
   7171582 567.53 || noQ Q (Avg,Max,Min) (0.83, 1.00, 0.60) (0.64, 0.49, 0.90) #fs:  12  -- #Conts: 10 H(10) 
   7280708 551.76 || noQ Q (Avg,Max,Min) (0.85, 0.99, 0.61) (0.67, 0.50, 0.90) #fs:  13  -- #Conts: 10 H(9)  G(1) 
   7382150 536.00 || noQ Q (Avg,Max,Min) (0.82, 1.00, 0.60) (0.66, 0.49, 0.89) #fs:  12  -- #Conts: 10 H(10) 
   7418258 504.47 || noQ Q (Avg,Max,Min) (0.94, 1.00, 0.72) (0.73, 0.54, 0.99) #fs:   9  -- #Conts: 17 H(5)  G(12) 
   7552365 488.71 || noQ Q (Avg,Max,Min) (0.93, 1.00, 0.71) (0.76, 0.54, 0.99) #fs:   8  -- #Conts: 17 H(4)  G(13) 
   7602784 472.94 || noQ Q (Avg,Max,Min) (0.93, 1.00, 0.70) (0.78, 0.54, 0.99) #fs:   8  -- #Conts: 17 H(3)  G(14) 
   7649508 457.18 || noQ Q (Avg,Max,Min) (0.93, 1.00, 0.69) (0.80, 0.54, 0.99) #fs:   8  -- #Conts: 17 H(2)  G(15) 
   7823538 441.41 || noQ Q (Avg,Max,Min) (0.92, 1.00, 0.67) (0.83, 0.54, 0.99) #fs:   8  -- #Conts: 17 H(1)  G(16) 
   8334546 425.65 || noQ Q (Avg,Max,Min) (0.91, 1.00, 0.63) (0.81, 0.56, 0.99) #fs:   8  -- #Conts: 17 H(1)  G(16) 
   8421668 409.88 || noQ Q (Avg,Max,Min) (0.91, 1.00, 0.62) (0.83, 0.56, 0.99) #fs:   7  -- #Conts: 17 G(17) 
   9188435 398.47 || noQ Q (Avg,Max,Min) (0.93, 1.00, 0.66) (0.85, 0.60, 0.99) #fs:   8  -- #Conts: 17 G(16)  E(1) 
   9856601 394.12 || noQ Q (Avg,Max,Min) (0.94, 1.00, 0.71) (0.86, 0.60, 0.99) #fs:   6  -- #Conts: 17 H(1)  G(16) 
  10318534 378.35 || noQ Q (Avg,Max,Min) (0.94, 1.00, 0.66) (0.87, 0.60, 0.99) #fs:   5  -- #Conts: 17 G(17) 
  18333465 362.12 || noQ Q (Avg,Max,Min) (0.94, 1.00, 0.69) (0.84, 0.63, 0.98) #fs:   9  -- #Conts: 16 E(16) 
  18609252 360.71 || noQ Q (Avg,Max,Min) (0.94, 1.00, 0.69) (0.85, 0.63, 0.98) #fs:  10  -- #Conts: 16 E(15)  C(1) 
  20759139 354.00 || noQ Q (Avg,Max,Min) (0.97, 1.00, 0.85) (0.87, 0.73, 0.97) #fs:   5  -- #Conts: 17 E(16)  C(1) 
  23958886 347.29 || noQ Q (Avg,Max,Min) (0.97, 1.00, 0.85) (0.88, 0.81, 0.97) #fs:   5  -- #Conts: 16 E(15)  C(1) 
  25866508 342.00 || noQ Q (Avg,Max,Min) (0.96, 1.00, 0.85) (0.90, 0.82, 0.98) #fs:   5  -- #Conts: 14 E(14) 
  44412621 340.00 || noQ Q (Avg,Max,Min) (0.99, 1.00, 0.88) (0.92, 0.84, 1.00) #fs:   2  -- #Conts: 18 C(18) 
  44881506 336.00 || noQ Q (Avg,Max,Min) (0.99, 1.00, 0.85) (0.93, 0.84, 1.00) #fs:   2  -- #Conts: 17 C(17) 
  51374465 332.00 || noQ Q (Avg,Max,Min) (1.00, 1.00, 0.97) (0.94, 0.84, 1.00) #fs:   1  -- #Conts: 16 C(16) 
  55070821 328.00 || noQ Q (Avg,Max,Min) (1.00, 1.00, 0.97) (0.95, 0.84, 1.00) #fs:   1  -- #Conts: 15 C(15) 
  55396732 324.00 || noQ Q (Avg,Max,Min) (1.00, 1.00, 0.97) (0.96, 0.91, 1.00) #fs:   1  -- #Conts: 14 C(14) 
/////////////////size: 28
   8099028 585.29 || noQ Q (Avg,Max,Min) (0.97, 1.00, 0.64) (0.63, 0.37, 0.99) #fs:   5  -- #Conts: 23 H(10)  A(2)  G(11) 
   8118221 569.53 || noQ Q (Avg,Max,Min) (0.99, 1.00, 0.88) (0.63, 0.36, 1.00) #fs:   2  -- #Conts: 25 H(12)  A(2)  G(11) 
   8171429 553.76 || noQ Q (Avg,Max,Min) (0.99, 1.00, 0.88) (0.64, 0.37, 1.00) #fs:   3  -- #Conts: 24 H(11)  A(2)  G(11) 
   8304536 538.00 || noQ Q (Avg,Max,Min) (1.00, 1.00, 0.98) (0.66, 0.38, 1.00) #fs:   1  -- #Conts: 24 H(11)  A(2)  G(11) 
   8560975 522.24 || noQ Q (Avg,Max,Min) (0.99, 1.00, 0.88) (0.67, 0.46, 1.00) #fs:   3  -- #Conts: 23 H(10)  A(2)  G(11) 
   8568248 506.47 || noQ Q (Avg,Max,Min) (1.00, 1.00, 0.94) (0.69, 0.47, 1.00) #fs:   2  -- #Conts: 23 H(10)  A(2)  G(11) 
   9450436 490.71 || noQ Q (Avg,Max,Min) (0.97, 1.00, 0.56) (0.70, 0.46, 0.99) #fs:   6  -- #Conts: 22 H(9)  A(2)  G(11) 
   9554049 459.18 || noQ Q (Avg,Max,Min) (0.96, 1.00, 0.51) (0.73, 0.47, 0.99) #fs:   7  -- #Conts: 21 H(8)  A(2)  G(11) 
   9860972 425.65 || noQ Q (Avg,Max,Min) (1.00, 1.02, 0.96) (0.77, 0.00, 0.99) #fs:   4  -- #Conts: 23 H(2)  G(21) 
   9873029 409.88 || noQ Q (Avg,Max,Min) (1.00, 1.00, 0.96) (0.79, 0.47, 0.99) #fs:   4  -- #Conts: 22 H(1)  G(21) 
   9873239 394.12 || noQ Q (Avg,Max,Min) (1.00, 1.00, 0.96) (0.80, 0.47, 0.99) #fs:   5  -- #Conts: 22 H(1)  G(21) 
  10092860 391.76 || noQ Q (Avg,Max,Min) (1.00, 1.00, 0.96) (0.80, 0.47, 0.99) #fs:   4  -- #Conts: 22 H(1)  G(20)  E(1) 
  11097157 389.41 || noQ Q (Avg,Max,Min) (1.00, 1.00, 0.96) (0.81, 0.47, 0.99) #fs:   4  -- #Conts: 22 H(1)  G(19)  E(2) 
  11274680 387.06 || noQ Q (Avg,Max,Min) (1.00, 1.00, 0.96) (0.81, 0.47, 0.99) #fs:   4  -- #Conts: 22 H(1)  G(18)  E(3) 
  11361578 384.71 || noQ Q (Avg,Max,Min) (1.00, 1.00, 0.96) (0.82, 0.47, 0.99) #fs:   4  -- #Conts: 22 H(1)  G(17)  E(4) 
  12461921 382.35 || noQ Q (Avg,Max,Min) (1.00, 1.00, 0.96) (0.82, 0.47, 0.99) #fs:   4  -- #Conts: 22 H(1)  G(16)  E(5) 
  12975826 376.94 || noQ Q (Avg,Max,Min) (0.99, 1.00, 0.93) (0.84, 0.47, 0.99) #fs:   5  -- #Conts: 22 H(1)  G(16)  E(4)  C(1) 
  13096226 374.59 || noQ Q (Avg,Max,Min) (1.00, 1.00, 0.96) (0.84, 0.47, 0.99) #fs:   4  -- #Conts: 22 H(1)  G(15)  E(5)  C(1) 
  14749002 373.18 || noQ Q (Avg,Max,Min) (1.00, 1.00, 0.96) (0.85, 0.47, 0.99) #fs:   4  -- #Conts: 22 H(1)  G(15)  E(4)  C(2) 
  15078325 371.76 || noQ Q (Avg,Max,Min) (1.00, 1.00, 0.96) (0.85, 0.47, 0.99) #fs:   4  -- #Conts: 22 H(1)  G(15)  E(3)  C(3) 
  15250337 370.35 || noQ Q (Avg,Max,Min) (1.00, 1.00, 0.96) (0.86, 0.47, 0.99) #fs:   4  -- #Conts: 22 H(1)  G(15)  E(2)  C(4) 
  16224933 366.59 || noQ Q (Avg,Max,Min) (1.00, 1.00, 0.96) (0.86, 0.47, 0.99) #fs:   4  -- #Conts: 20 H(1)  G(15)  E(4) 
  16311831 366.47 || noQ Q (Avg,Max,Min) (1.00, 1.00, 0.96) (0.87, 0.47, 0.99) #fs:   4  -- #Conts: 21 H(1)  G(15)  E(3)  C(2) 
  16421836 365.18 || noQ Q (Avg,Max,Min) (1.00, 1.00, 0.96) (0.87, 0.47, 0.99) #fs:   4  -- #Conts: 20 H(1)  G(15)  E(3)  C(1) 
  21305363 358.71 || noQ Q (Avg,Max,Min) (0.99, 1.00, 0.89) (0.88, 0.69, 0.99) #fs:   1  -- #Conts: 20 H(1)  G(7)  E(11)  C(1) 
  22526381 357.41 || noQ Q (Avg,Max,Min) (0.99, 1.00, 0.81) (0.88, 0.72, 0.99) #fs:   1  -- #Conts: 20 H(1)  G(7)  E(11)  C(1) 
  25297524 350.71 || noQ Q (Avg,Max,Min) (0.99, 1.00, 0.81) (0.90, 0.72, 0.99) #fs:   1  -- #Conts: 19 H(1)  G(7)  E(10)  C(1) 
  25557773 349.29 || noQ Q (Avg,Max,Min) (0.99, 1.00, 0.77) (0.90, 0.70, 0.99) #fs:   2  -- #Conts: 19 H(1)  G(7)  E(9)  C(2) 
  26301565 344.00 || noQ Q (Avg,Max,Min) (0.99, 1.00, 0.81) (0.91, 0.79, 0.99) #fs:   1  -- #Conts: 18 H(1)  G(7)  E(9)  C(1) 
  29157982 343.88 || noQ Q (Avg,Max,Min) (1.00, 1.00, 0.92) (0.92, 0.82, 0.99) #fs:   1  -- #Conts: 17 H(1)  G(7)  E(8)  C(1) 
  29297368 342.47 || noQ Q (Avg,Max,Min) (0.99, 1.00, 0.77) (0.92, 0.70, 0.99) #fs:   2  -- #Conts: 17 H(1)  G(7)  E(7)  C(2) 
  30684313 341.18 || noQ Q (Avg,Max,Min) (0.99, 1.00, 0.77) (0.92, 0.70, 1.00) #fs:   2  -- #Conts: 17 H(1)  G(7)  E(7)  C(2) 
  31384302 339.65 || noQ Q (Avg,Max,Min) (1.00, 1.00, 0.95) (0.92, 0.61, 0.99) #fs:   2  -- #Conts: 16 H(1)  G(8)  E(6)  C(1) 
  31507329 337.29 || noQ Q (Avg,Max,Min) (0.99, 1.00, 0.81) (0.93, 0.80, 0.99) #fs:   1  -- #Conts: 17 H(1)  G(7)  E(8)  C(1) 
  35896750 335.88 || noQ Q (Avg,Max,Min) (1.00, 1.00, 0.95) (0.93, 0.80, 0.99) #fs:   3  -- #Conts: 16 H(1)  G(7)  E(6)  C(2) 
  40411438 325.94 || noQ Q (Avg,Max,Min) (1.00, 1.00, 1.00) (0.94, 0.76, 0.99) #fs:   2  -- #Conts: 13 A(2)  G(6)  E(5) 
  45471093 323.59 || noQ Q (Avg,Max,Min) (1.00, 1.00, 1.00) (0.94, 0.76, 1.00) #fs:   2  -- #Conts: 13 A(2)  G(6)  E(5) 
  49842501 321.24 || noQ Q (Avg,Max,Min) (1.00, 1.00, 1.00) (0.92, 0.69, 0.99) #fs:   1  -- #Conts: 12 A(2)  G(5)  E(5) 
  53037802 319.06 || noQ Q (Avg,Max,Min) (1.00, 1.00, 1.00) (0.95, 0.76, 0.99) #fs:   1  -- #Conts: 11 A(1)  G(5)  E(4)  C(1) 
  59015631 318.35 || noQ Q (Avg,Max,Min) (1.00, 1.00, 1.00) (0.94, 0.76, 1.00) #fs:   1  -- #Conts: 13 A(1)  G(3)  E(7)  C(2) 
  62175225 318.12 || noQ Q (Avg,Max,Min) (1.00, 1.00, 1.00) (0.93, 0.76, 1.00) #fs:   1  -- #Conts: 13 A(1)  G(3)  E(5)  C(4) 
  66388011 314.12 || noQ Q (Avg,Max,Min) (1.00, 1.00, 1.00) (0.96, 0.76, 1.00) #fs:   1  -- #Conts: 12 A(1)  G(3)  E(5)  C(3) 
 105392495 314.00 || noQ Q (Avg,Max,Min) (1.00, 1.00, 1.00) (0.95, 0.76, 1.00) #fs:   2  -- #Conts: 9 A(2)  G(2)  E(4)  C(1) 
/////////////////size: 43
nodes 50 edges 60
 mulT: 100 mulD: 100  sumData GB 144
pareto /LIGO.n.50.0.dax time -> 849.0
moheft /LIGO.n.50.0.dax time -> 888.0
distance from M to C 2.0297008177828335
distance from P to C 3.3928431918280437
distance from C to M 5.498218595990055
distance from C to P 6.196626153895327
toCompare: /LIGO.n.50.0.dax sumDataGB: 144 mulT: 100 mulD: 100 paretoOptTime_MS: 849.0 MoheftOptimizationTime_MS: 888.0 MtoC 2.0297008177828335 PtoC 3.3928431918280437 CtoM 5.498218595990055 CtoP 6.196626153895327
