specify -Dflow d,b,mt,md,size
Running /home/vaggelis/jc/LIGO.n.50.0.dax mt 1000 md: 1000 size null
  48487329 4051.53 || noQ Q (Avg,Max,Min) (0.98, 1.00, 0.80) (0.92, 0.75, 1.00) #fs:   9  -- #Conts: 21 H(20)  G(1) 
  48493168 4020.00 || noQ Q (Avg,Max,Min) (0.98, 1.00, 0.89) (0.93, 0.81, 1.00) #fs:   9  -- #Conts: 20 H(19)  G(1) 
  50377048 3893.88 || noQ Q (Avg,Max,Min) (1.00, 1.00, 0.90) (0.93, 0.87, 1.00) #fs:   1  -- #Conts: 22 H(17)  G(5) 
  57566115 3846.59 || noQ Q (Avg,Max,Min) (1.00, 1.00, 1.00) (0.94, 0.87, 1.00) #fs:   0  -- #Conts: 22 H(17)  G(5) 
  60036521 3815.06 || noQ Q (Avg,Max,Min) (0.99, 1.00, 0.74) (0.92, 0.70, 1.00) #fs:   2  -- #Conts: 22 H(11)  G(11) 
  60367620 3799.29 || noQ Q (Avg,Max,Min) (0.99, 1.00, 0.74) (0.92, 0.70, 1.00) #fs:   3  -- #Conts: 22 H(10)  G(12) 
  65601455 3673.18 || noQ Q (Avg,Max,Min) (1.00, 1.00, 0.91) (0.93, 0.84, 1.00) #fs:   1  -- #Conts: 22 H(10)  G(12) 
  65932554 3657.41 || noQ Q (Avg,Max,Min) (1.00, 1.00, 0.91) (0.93, 0.84, 1.00) #fs:   2  -- #Conts: 22 H(9)  G(13) 
  66434385 3641.65 || noQ Q (Avg,Max,Min) (0.99, 1.00, 0.91) (0.93, 0.84, 1.00) #fs:   2  -- #Conts: 22 H(8)  G(14) 
  74023140 3625.88 || noQ Q (Avg,Max,Min) (0.98, 1.00, 0.73) (0.93, 0.71, 1.00) #fs:   2  -- #Conts: 22 H(6)  G(16) 
  76738480 3594.35 || noQ Q (Avg,Max,Min) (0.98, 1.00, 0.67) (0.93, 0.64, 1.00) #fs:   2  -- #Conts: 22 H(4)  G(18) 
  77100283 3562.82 || noQ Q (Avg,Max,Min) (0.98, 1.00, 0.67) (0.93, 0.64, 1.00) #fs:   2  -- #Conts: 22 H(3)  G(19) 
  81779550 3531.29 || noQ Q (Avg,Max,Min) (0.98, 1.00, 0.59) (0.93, 0.58, 1.00) #fs:   2  -- #Conts: 22 H(1)  G(21) 
  82032949 3352.82 || noQ Q (Avg,Max,Min) (1.00, 1.00, 0.91) (0.95, 0.86, 1.00) #fs:   1  -- #Conts: 22 G(21)  E(1) 
  84127781 3316.24 || noQ Q (Avg,Max,Min) (0.99, 1.00, 0.87) (0.96, 0.87, 1.00) #fs:   1  -- #Conts: 23 G(21)  E(2) 
  93247999 3279.06 || noQ Q (Avg,Max,Min) (1.00, 1.00, 1.00) (0.97, 0.91, 1.00) #fs:   2  -- #Conts: 21 G(21) 
  98545410 3258.24 || noQ Q (Avg,Max,Min) (1.00, 1.00, 1.00) (0.97, 0.93, 1.00) #fs:   3  -- #Conts: 20 G(19)  E(1) 
 180200260 3117.76 || noQ Q (Avg,Max,Min) (1.00, 1.00, 1.00) (0.98, 0.95, 1.00) #fs:   0  -- #Conts: 23 E(22)  C(1) 
 213944272 3111.53 || noQ Q (Avg,Max,Min) (1.00, 1.00, 1.00) (0.95, 0.66, 1.00) #fs:   7  -- #Conts: 23 E(23) 
 220118515 3104.82 || noQ Q (Avg,Max,Min) (1.00, 1.00, 1.00) (0.94, 0.66, 1.00) #fs:   5  -- #Conts: 23 E(23) 
 262563870 3098.12 || noQ Q (Avg,Max,Min) (1.00, 1.00, 1.00) (0.94, 0.66, 1.00) #fs:   5  -- #Conts: 22 E(22) 
 282302728 3091.41 || noQ Q (Avg,Max,Min) (1.00, 1.00, 1.00) (0.94, 0.66, 1.00) #fs:   5  -- #Conts: 21 E(21) 
 306713316 3078.00 || noQ Q (Avg,Max,Min) (1.00, 1.00, 1.00) (0.94, 0.66, 1.00) #fs:   5  -- #Conts: 20 E(20) 
/////////////////size: 23
 140010839 3547.29 || noQ Q (Avg,Max,Min) (1.00, 1.02, 0.97) (0.95, 0.86, 1.00) #fs:   3  -- #Conts: 19 H(10)  G(8)  A(1) 
 142266805 3531.53 || noQ Q (Avg,Max,Min) (1.00, 1.02, 0.98) (0.95, 0.86, 1.00) #fs:   3  -- #Conts: 18 H(9)  G(8)  A(1) 
 142791974 3500.00 || noQ Q (Avg,Max,Min) (1.00, 1.02, 0.98) (0.95, 0.86, 1.00) #fs:   3  -- #Conts: 17 H(8)  G(8)  A(1) 
 146165604 3486.24 || noQ Q (Avg,Max,Min) (1.00, 1.02, 0.97) (0.93, 0.73, 1.00) #fs:   3  -- #Conts: 20 H(8)  G(10)  A(2) 
 146408683 3484.24 || noQ Q (Avg,Max,Min) (1.00, 1.02, 0.98) (0.95, 0.86, 1.00) #fs:   3  -- #Conts: 18 H(8)  G(9)  A(1) 
 147885891 3470.47 || noQ Q (Avg,Max,Min) (1.00, 1.02, 0.98) (0.93, 0.73, 1.00) #fs:   3  -- #Conts: 19 H(7)  G(10)  A(2) 
 152299657 3454.71 || noQ Q (Avg,Max,Min) (1.00, 1.02, 0.98) (0.94, 0.73, 1.00) #fs:   3  -- #Conts: 19 H(7)  G(10)  A(2) 
 155401323 3391.65 || noQ Q (Avg,Max,Min) (1.00, 1.02, 0.97) (0.95, 0.73, 1.00) #fs:   3  -- #Conts: 17 H(5)  G(10)  A(2) 
 168932328 3390.59 || noQ Q (Avg,Max,Min) (1.00, 1.02, 0.97) (0.92, 0.32, 1.00) #fs:   3  -- #Conts: 19 H(5)  G(10)  A(2)  E(1)  C(1) 
 172874582 3388.59 || noQ Q (Avg,Max,Min) (1.00, 1.02, 0.97) (0.94, 0.71, 1.00) #fs:   3  -- #Conts: 19 H(5)  G(10)  A(3)  E(1) 
 177928231 3375.88 || noQ Q (Avg,Max,Min) (1.00, 1.02, 0.98) (0.94, 0.73, 1.00) #fs:   3  -- #Conts: 17 H(5)  G(10)  A(2) 
 188914875 3360.12 || noQ Q (Avg,Max,Min) (1.00, 1.02, 0.98) (0.95, 0.73, 1.00) #fs:   3  -- #Conts: 17 H(5)  G(10)  A(2) 
 196349592 3344.35 || noQ Q (Avg,Max,Min) (1.00, 1.02, 0.98) (0.94, 0.73, 1.00) #fs:   3  -- #Conts: 16 H(4)  G(10)  A(2) 
 201776803 3339.29 || noQ Q (Avg,Max,Min) (1.00, 1.02, 0.98) (0.90, 0.05, 1.00) #fs:   3  -- #Conts: 17 H(4)  G(10)  A(2)  E(1) 
 201897931 3323.53 || noQ Q (Avg,Max,Min) (1.00, 1.02, 0.98) (0.95, 0.73, 1.00) #fs:   3  -- #Conts: 16 H(3)  G(10)  A(2)  E(1) 
 202269184 3314.47 || noQ Q (Avg,Max,Min) (1.00, 1.02, 0.98) (0.90, 0.19, 1.00) #fs:   3  -- #Conts: 17 H(3)  G(10)  A(2)  E(2) 
 202752703 3311.76 || noQ Q (Avg,Max,Min) (1.00, 1.02, 0.98) (0.91, 0.32, 1.00) #fs:   3  -- #Conts: 17 H(3)  G(10)  A(2)  E(1)  C(1) 
 206694957 3309.76 || noQ Q (Avg,Max,Min) (1.00, 1.02, 0.98) (0.93, 0.71, 1.00) #fs:   3  -- #Conts: 17 H(3)  G(10)  A(3)  E(1) 
 207010646 3297.06 || noQ Q (Avg,Max,Min) (1.00, 1.02, 0.98) (0.95, 0.73, 1.00) #fs:   3  -- #Conts: 15 H(3)  G(10)  A(2) 
 207506415 3292.00 || noQ Q (Avg,Max,Min) (1.00, 1.02, 0.98) (0.90, 0.05, 1.00) #fs:   3  -- #Conts: 16 H(3)  G(10)  A(2)  E(1) 
 207625136 3260.47 || noQ Q (Avg,Max,Min) (1.00, 1.02, 0.98) (0.95, 0.73, 1.00) #fs:   3  -- #Conts: 15 H(2)  G(10)  A(2)  E(1) 
 229135058 3249.76 || noQ Q (Avg,Max,Min) (1.00, 1.02, 0.98) (0.95, 0.73, 1.00) #fs:   3  -- #Conts: 14 H(2)  G(10)  A(2) 
 234419703 3234.00 || noQ Q (Avg,Max,Min) (1.00, 1.02, 0.99) (0.95, 0.73, 1.00) #fs:   3  -- #Conts: 13 H(1)  G(10)  A(2) 
 235919337 3228.47 || noQ Q (Avg,Max,Min) (1.00, 1.02, 1.00) (0.92, 0.05, 1.00) #fs:   0  -- #Conts: 18 H(2)  G(10)  A(2)  E(3)  C(1) 
 236040202 3196.94 || noQ Q (Avg,Max,Min) (1.00, 1.02, 1.00) (0.97, 0.86, 1.00) #fs:   0  -- #Conts: 17 H(1)  G(10)  A(2)  E(3)  C(1) 
 263063958 3183.94 || noQ Q (Avg,Max,Min) (1.00, 1.02, 1.00) (0.98, 0.86, 1.00) #fs:   0  -- #Conts: 14 H(1)  G(7)  A(1)  E(5) 
 269670346 3168.41 || noQ Q (Avg,Max,Min) (1.00, 1.02, 1.00) (0.98, 0.86, 1.00) #fs:   0  -- #Conts: 17 H(1)  G(7)  A(1)  E(8) 
 278234413 3167.35 || noQ Q (Avg,Max,Min) (1.00, 1.02, 1.00) (0.98, 0.86, 1.00) #fs:   0  -- #Conts: 15 H(1)  G(7)  A(1)  E(6) 
 278238072 3160.65 || noQ Q (Avg,Max,Min) (1.00, 1.02, 1.00) (0.98, 0.86, 1.00) #fs:   1  -- #Conts: 15 H(1)  G(7)  A(1)  E(6) 
 296921860 3138.71 || noQ Q (Avg,Max,Min) (1.00, 1.00, 1.00) (0.99, 0.97, 1.00) #fs:   0  -- #Conts: 18 A(1)  G(7)  E(10) 
 324383166 3123.29 || noQ Q (Avg,Max,Min) (1.00, 1.00, 1.00) (0.99, 0.96, 1.00) #fs:   0  -- #Conts: 19 A(1)  G(5)  E(12)  C(1) 
 356006063 3120.59 || noQ Q (Avg,Max,Min) (1.00, 1.00, 1.00) (0.96, 0.32, 1.00) #fs:   0  -- #Conts: 20 A(1)  G(5)  E(12)  C(2) 
 358775584 3111.18 || noQ Q (Avg,Max,Min) (1.00, 1.00, 1.00) (0.99, 0.97, 1.00) #fs:   0  -- #Conts: 19 A(1)  G(5)  E(12)  C(1) 
 368426850 3106.12 || noQ Q (Avg,Max,Min) (1.00, 1.00, 1.00) (0.99, 0.97, 1.00) #fs:   0  -- #Conts: 18 A(1)  G(4)  E(12)  C(1) 
 389350425 3104.12 || noQ Q (Avg,Max,Min) (1.00, 1.00, 1.00) (0.99, 0.97, 1.00) #fs:   0  -- #Conts: 16 A(1)  G(4)  E(10)  C(1) 
 413919025 3103.65 || noQ Q (Avg,Max,Min) (1.00, 1.01, 1.00) (0.92, 0.08, 1.00) #fs:   0  -- #Conts: 16 A(2)  G(3)  E(10)  C(1) 
 414286088 3087.88 || noQ Q (Avg,Max,Min) (1.00, 1.00, 1.00) (0.97, 0.74, 1.00) #fs:   0  -- #Conts: 15 A(2)  G(2)  E(10)  C(1) 
 464488074 3085.88 || noQ Q (Avg,Max,Min) (1.00, 1.00, 1.00) (0.99, 0.97, 1.00) #fs:   0  -- #Conts: 14 A(1)  G(2)  E(10)  C(1) 
 508894939 3085.82 || noQ Q (Avg,Max,Min) (1.00, 1.00, 0.98) (0.96, 0.60, 1.00) #fs:   1  -- #Conts: 13 A(2)  G(1)  E(9)  C(1) 
 509380290 3083.12 || noQ Q (Avg,Max,Min) (1.00, 1.00, 0.98) (0.91, 0.32, 1.00) #fs:   1  -- #Conts: 14 A(2)  G(1)  E(9)  C(2) 
 513322544 3081.12 || noQ Q (Avg,Max,Min) (1.00, 1.00, 0.98) (0.94, 0.60, 1.00) #fs:   1  -- #Conts: 14 A(3)  G(1)  E(9)  C(1) 
 577351318 3079.47 || noQ Q (Avg,Max,Min) (1.00, 1.00, 0.97) (0.94, 0.32, 1.00) #fs:   1  -- #Conts: 13 A(1)  E(9)  C(3) 
 581293572 3077.47 || noQ Q (Avg,Max,Min) (1.00, 1.00, 0.97) (0.97, 0.71, 1.00) #fs:   1  -- #Conts: 13 A(2)  E(9)  C(2) 
 613253956 3075.94 || noQ Q (Avg,Max,Min) (1.00, 1.00, 1.00) (0.96, 0.71, 1.00) #fs:   0  -- #Conts: 13 A(3)  E(8)  C(2) 
/////////////////size: 44
nodes 50 edges 60
 mulT: 1000 mulD: 1000  sumData GB 1447
pareto /LIGO.n.50.0.dax time -> 1488.0
moheft /LIGO.n.50.0.dax time -> 539.0
distance from M to C 14.200795845860116
distance from P to C 0.0
distance from C to M 101.6057211254194
distance from C to P 4.320607847409171
toCompare: /LIGO.n.50.0.dax sumDataGB: 1447 mulT: 1000 mulD: 1000 paretoOptTime_MS: 1488.0 MoheftOptimizationTime_MS: 539.0 MtoC 14.200795845860116 PtoC 0.0 CtoM 101.6057211254194 CtoP 4.320607847409171
