specify -Dflow d,b,mt,md,size
Running /home/vaggelis/jc/SIPHT.n.100.0.dax mt 30 md: 1000 size null
   4755360 315.29 || noQ Q (Avg,Max,Min) (0.78, 0.91, 0.59) (0.58, 0.37, 0.84) #fs:  15  -- #Conts: 7 H(7) 
   4765076 283.76 || noQ Q (Avg,Max,Min) (0.82, 0.91, 0.64) (0.64, 0.37, 0.84) #fs:  14  -- #Conts: 7 H(7) 
   5728470 252.24 || noQ Q (Avg,Max,Min) (0.84, 1.00, 0.64) (0.72, 0.59, 0.84) #fs:  14  -- #Conts: 7 H(7) 
   7532554 220.71 || noQ Q (Avg,Max,Min) (1.02, 1.17, 0.84) (0.73, 0.39, 1.01) #fs:   5  -- #Conts: 9 H(2)  G(7) 
   8168256 204.94 || noQ Q (Avg,Max,Min) (1.00, 1.17, 0.79) (0.76, 0.40, 1.01) #fs:   6  -- #Conts: 9 H(1)  G(8) 
   8218246 189.18 || noQ Q (Avg,Max,Min) (1.02, 1.17, 0.79) (0.79, 0.63, 1.01) #fs:   5  -- #Conts: 9 G(9) 
  12579477 171.06 || noQ Q (Avg,Max,Min) (1.01, 1.11, 0.94) (0.87, 0.65, 1.03) #fs:   4  -- #Conts: 6 G(5)  E(1) 
  18110108 167.65 || noQ Q (Avg,Max,Min) (0.96, 1.08, 0.78) (0.83, 0.68, 1.03) #fs:   6  -- #Conts: 7 E(7) 
  18118647 160.94 || noQ Q (Avg,Max,Min) (0.96, 1.08, 0.78) (0.85, 0.68, 1.03) #fs:   5  -- #Conts: 7 E(7) 
  25085844 149.88 || noQ Q (Avg,Max,Min) (1.00, 1.07, 0.88) (0.92, 0.68, 1.03) #fs:   1  -- #Conts: 6 G(1)  E(5) 
  27319078 147.53 || noQ Q (Avg,Max,Min) (1.00, 1.07, 0.88) (0.93, 0.77, 1.03) #fs:   1  -- #Conts: 6 E(6) 
  27364517 140.82 || noQ Q (Avg,Max,Min) (1.03, 1.07, 1.00) (0.99, 0.95, 1.03) #fs:   0  -- #Conts: 5 E(5) 
/////////////////size: 12
   5057793 252.24 || noQ Q (Avg,Max,Min) (0.96, 1.15, 0.81) (0.71, 0.57, 0.81) #fs:   5  -- #Conts: 5 H(5) 
   5752345 236.47 || noQ Q (Avg,Max,Min) (0.98, 1.15, 0.81) (0.73, 0.67, 0.81) #fs:   4  -- #Conts: 6 H(5)  G(1) 
   5772469 220.71 || noQ Q (Avg,Max,Min) (0.94, 1.03, 0.81) (0.76, 0.62, 0.93) #fs:   4  -- #Conts: 7 H(5)  G(2) 
   6370417 204.94 || noQ Q (Avg,Max,Min) (0.95, 1.12, 0.81) (0.82, 0.69, 0.99) #fs:   3  -- #Conts: 6 H(5)  G(1) 
   7126872 173.41 || noQ Q (Avg,Max,Min) (1.02, 1.11, 0.84) (0.92, 0.70, 1.09) #fs:   2  -- #Conts: 6 H(3)  G(3) 
  15137362 166.94 || noQ Q (Avg,Max,Min) (1.04, 1.11, 0.98) (0.91, 0.65, 1.03) #fs:   2  -- #Conts: 9 H(1)  G(3)  E(3)  C(2) 
  15849046 164.59 || noQ Q (Avg,Max,Min) (1.01, 1.11, 0.73) (0.90, 0.62, 1.03) #fs:   2  -- #Conts: 9 H(1)  G(3)  E(3)  C(2) 
  17037597 163.65 || noQ Q (Avg,Max,Min) (1.03, 1.20, 0.89) (0.83, 0.62, 1.03) #fs:   1  -- #Conts: 9 G(4)  E(5) 
  17580559 160.94 || noQ Q (Avg,Max,Min) (1.02, 1.11, 0.94) (0.88, 0.62, 1.03) #fs:   3  -- #Conts: 9 G(4)  E(4)  C(1) 
  17813669 154.59 || noQ Q (Avg,Max,Min) (0.99, 1.11, 0.76) (0.91, 0.67, 1.03) #fs:   2  -- #Conts: 8 G(3)  E(5) 
  17971089 153.18 || noQ Q (Avg,Max,Min) (1.04, 1.11, 0.94) (0.95, 0.70, 1.03) #fs:   1  -- #Conts: 8 H(1)  G(1)  E(4)  C(2) 
  20022689 151.18 || noQ Q (Avg,Max,Min) (1.01, 1.11, 0.82) (0.95, 0.82, 1.03) #fs:   2  -- #Conts: 6 G(1)  E(4)  C(1) 
  20096523 143.18 || noQ Q (Avg,Max,Min) (1.04, 1.11, 1.01) (0.99, 0.94, 1.03) #fs:   1  -- #Conts: 6 G(1)  E(5) 
  24392516 140.47 || noQ Q (Avg,Max,Min) (1.05, 1.11, 1.00) (1.00, 0.97, 1.03) #fs:   1  -- #Conts: 6 G(1)  E(4)  C(1) 
  36529109 139.47 || noQ Q (Avg,Max,Min) (1.03, 1.11, 0.99) (0.98, 0.84, 1.03) #fs:   1  -- #Conts: 7 A(1)  E(3)  C(3) 
  47486479 139.06 || noQ Q (Avg,Max,Min) (1.07, 1.29, 0.98) (0.85, 0.02, 1.10) #fs:   2  -- #Conts: 7 A(2)  E(2)  C(3) 
  47499806 138.06 || noQ Q (Avg,Max,Min) (1.03, 1.12, 0.98) (0.99, 0.84, 1.10) #fs:   2  -- #Conts: 6 A(1)  E(2)  C(3) 
  56946063 137.76 || noQ Q (Avg,Max,Min) (1.01, 1.05, 0.97) (1.01, 0.95, 1.05) #fs:   1  -- #Conts: 5 E(2)  C(3) 
/////////////////size: 18
nodes 97 edges 109
 mulT: 30 mulD: 1000  sumData GB 2207
pareto /SIPHT.n.100.0.dax time -> 7731.0
moheft /SIPHT.n.100.0.dax time -> 382.0
distance from M to C 0.0
distance from P to C 1.6666666666666663
distance from C to M 1.857141640833801
distance from C to P 2.5908216883044393
toCompare: /SIPHT.n.100.0.dax sumDataGB: 2207 mulT: 30 mulD: 1000 paretoOptTime_MS: 7731.0 MoheftOptimizationTime_MS: 382.0 MtoC 0.0 PtoC 1.6666666666666663 CtoM 1.857141640833801 CtoP 2.5908216883044393
