specify -Dflow d,b,mt,md,size
Running /home/vaggelis/jc/CYBERSHAKE.n.50.0.dax mt 10 md: 500 size null
    227720 064.06 || noQ Q (Avg,Max,Min) (6.95, 11.19, 1.01) (0.42, 0.00, 0.71) #fs:   1  -- #Conts: 3 H(2)  A(1) 
    228095 063.06 || noQ Q (Avg,Max,Min) (9.92, 11.17, 8.66) (0.63, 0.55, 0.71) #fs:   1  -- #Conts: 2 H(2) 
    374602 048.29 || noQ Q (Avg,Max,Min) (4.50, 7.22, 1.01) (0.43, 0.00, 0.75) #fs:   1  -- #Conts: 3 H(1)  G(1)  A(1) 
    375311 047.29 || noQ Q (Avg,Max,Min) (7.93, 8.66, 7.20) (0.65, 0.55, 0.75) #fs:   0  -- #Conts: 2 H(1)  G(1) 
    390268 032.53 || noQ Q (Avg,Max,Min) (4.47, 6.93, 1.01) (0.45, 0.00, 0.75) #fs:   1  -- #Conts: 3 G(2)  A(1) 
    390747 031.53 || noQ Q (Avg,Max,Min) (6.20, 6.92, 5.47) (0.67, 0.59, 0.75) #fs:   1  -- #Conts: 2 G(2) 
    765522 015.76 || noQ Q (Avg,Max,Min) (6.32, 6.32, 6.32) (1.34, 1.34, 1.34) #fs:   0  -- #Conts: 1 G(1) 
    880962 013.41 || noQ Q (Avg,Max,Min) (3.29, 3.60, 2.98) (0.81, 0.73, 0.88) #fs:   1  -- #Conts: 2 E(2) 
   1462549 010.71 || noQ Q (Avg,Max,Min) (2.79, 2.98, 2.59) (0.89, 0.73, 1.05) #fs:   0  -- #Conts: 2 E(1)  C(1) 
   1522071 008.00 || noQ Q (Avg,Max,Min) (2.32, 2.49, 2.15) (0.98, 0.91, 1.05) #fs:   1  -- #Conts: 2 C(2) 
   1726468 006.71 || noQ Q (Avg,Max,Min) (3.36, 3.36, 3.36) (1.61, 1.61, 1.61) #fs:   0  -- #Conts: 1 E(1) 
   2983214 004.00 || noQ Q (Avg,Max,Min) (2.36, 2.36, 2.36) (1.96, 1.96, 1.96) #fs:   0  -- #Conts: 1 C(1) 
/////////////////size: 12
    360762 057.00 || noQ Q (Avg,Max,Min) (2.70, 7.45, 0.16) (0.23, 0.00, 0.75) #fs:   4  -- #Conts: 6 H(1)  G(1)  A(3)  E(1) 
    360844 050.29 || noQ Q (Avg,Max,Min) (2.99, 7.45, 0.16) (0.27, 0.01, 0.75) #fs:   5  -- #Conts: 5 H(1)  G(1)  A(3) 
    361716 049.29 || noQ Q (Avg,Max,Min) (3.69, 7.43, 0.84) (0.34, 0.01, 0.75) #fs:   2  -- #Conts: 4 H(1)  G(1)  A(2) 
    362602 048.29 || noQ Q (Avg,Max,Min) (4.57, 7.42, 0.84) (0.45, 0.04, 0.75) #fs:   2  -- #Conts: 3 H(1)  G(1)  A(1) 
    366021 047.29 || noQ Q (Avg,Max,Min) (6.38, 7.36, 5.41) (0.65, 0.55, 0.75) #fs:   2  -- #Conts: 2 H(1)  G(1) 
    438033 047.24 || noQ Q (Avg,Max,Min) (1.95, 10.30, 0.11) (0.16, 0.00, 1.25) #fs:   3  -- #Conts: 8 H(1)  A(5)  E(1)  C(1) 
    438057 040.53 || noQ Q (Avg,Max,Min) (2.09, 10.30, 0.11) (0.19, 0.00, 1.25) #fs:   3  -- #Conts: 7 H(1)  A(5)  C(1) 
    438503 036.53 || noQ Q (Avg,Max,Min) (2.26, 10.29, 0.11) (0.22, 0.00, 1.25) #fs:   3  -- #Conts: 6 H(1)  A(5) 
    438950 035.53 || noQ Q (Avg,Max,Min) (2.69, 10.28, 0.16) (0.26, 0.01, 1.25) #fs:   2  -- #Conts: 5 H(1)  A(4) 
    440204 034.53 || noQ Q (Avg,Max,Min) (3.32, 10.25, 1.01) (0.33, 0.01, 1.25) #fs:   0  -- #Conts: 4 H(1)  A(3) 
    441297 033.53 || noQ Q (Avg,Max,Min) (4.08, 10.23, 1.01) (0.43, 0.02, 1.25) #fs:   0  -- #Conts: 3 H(1)  A(2) 
    443111 032.53 || noQ Q (Avg,Max,Min) (5.60, 10.19, 1.01) (0.64, 0.03, 1.25) #fs:   0  -- #Conts: 2 H(1)  A(1) 
    446685 031.53 || noQ Q (Avg,Max,Min) (10.12, 10.12, 10.00) (1.26, 1.26, 1.26) #fs:   0  -- #Conts: 1 H(1) 
    750550 026.47 || noQ Q (Avg,Max,Min) (1.69, 6.43, 0.29) (0.24, 0.00, 1.34) #fs:   4  -- #Conts: 6 G(1)  A(4)  E(1) 
    750566 023.76 || noQ Q (Avg,Max,Min) (1.67, 6.43, 0.29) (0.24, 0.00, 1.34) #fs:   4  -- #Conts: 6 G(1)  A(4)  C(1) 
    750745 019.76 || noQ Q (Avg,Max,Min) (1.77, 6.42, 0.29) (0.28, 0.00, 1.34) #fs:   4  -- #Conts: 5 G(1)  A(4) 
    751093 018.76 || noQ Q (Avg,Max,Min) (1.96, 6.42, 0.29) (0.35, 0.01, 1.34) #fs:   4  -- #Conts: 4 G(1)  A(3) 
    752882 017.76 || noQ Q (Avg,Max,Min) (2.46, 6.41, 0.29) (0.47, 0.03, 1.34) #fs:   3  -- #Conts: 3 G(1)  A(2) 
    758377 016.76 || noQ Q (Avg,Max,Min) (3.53, 6.37, 0.68) (0.69, 0.03, 1.34) #fs:   1  -- #Conts: 2 G(1)  A(1) 
    765522 015.76 || noQ Q (Avg,Max,Min) (6.32, 6.32, 6.32) (1.34, 1.34, 1.34) #fs:   0  -- #Conts: 1 G(1) 
   1405521 012.71 || noQ Q (Avg,Max,Min) (1.21, 2.66, 0.10) (0.46, 0.03, 1.04) #fs:   7  -- #Conts: 4 A(2)  E(1)  C(1) 
   1412524 011.71 || noQ Q (Avg,Max,Min) (1.58, 2.65, 0.22) (0.61, 0.05, 1.04) #fs:   4  -- #Conts: 3 A(1)  E(1)  C(1) 
   1425875 010.71 || noQ Q (Avg,Max,Min) (2.24, 2.63, 1.86) (0.89, 0.74, 1.04) #fs:   1  -- #Conts: 2 E(1)  C(1) 
   1693154 008.71 || noQ Q (Avg,Max,Min) (1.29, 3.40, 0.13) (0.56, 0.04, 1.60) #fs:   5  -- #Conts: 3 A(2)  E(1) 
   1707280 007.71 || noQ Q (Avg,Max,Min) (1.87, 3.39, 0.36) (0.82, 0.04, 1.61) #fs:   2  -- #Conts: 2 A(1)  E(1) 
   1726468 006.71 || noQ Q (Avg,Max,Min) (3.36, 3.36, 3.36) (1.61, 1.61, 1.61) #fs:   0  -- #Conts: 1 E(1) 
   2924893 006.00 || noQ Q (Avg,Max,Min) (0.89, 2.39, 0.05) (0.67, 0.03, 1.94) #fs:   7  -- #Conts: 3 A(2)  C(1) 
   2944355 005.00 || noQ Q (Avg,Max,Min) (1.32, 2.38, 0.25) (1.00, 0.05, 1.95) #fs:   4  -- #Conts: 2 A(1)  C(1) 
   2983214 004.00 || noQ Q (Avg,Max,Min) (2.36, 2.36, 2.36) (1.96, 1.96, 1.96) #fs:   0  -- #Conts: 1 C(1) 
/////////////////size: 29
nodes 50 edges 92
 mulT: 10 mulD: 500  sumData GB 43151
pareto /CYBERSHAKE.n.50.0.dax time -> 319.0
moheft /CYBERSHAKE.n.50.0.dax time -> 186.0
distance from M to C 0.6771899967074408
distance from P to C 0.0
distance from C to M 0.15399624779750673
distance from C to P 1.0564107388997706
toCompare: /CYBERSHAKE.n.50.0.dax sumDataGB: 43151 mulT: 10 mulD: 500 paretoOptTime_MS: 319.0 MoheftOptimizationTime_MS: 186.0 MtoC 0.6771899967074408 PtoC 0.0 CtoM 0.15399624779750673 CtoP 1.0564107388997706
