specify -Dflow d,b,mt,md,size
Running /home/vaggelis/jc/CYBERSHAKE.n.50.0.dax mt 30 md: 100 size null
    683188 063.06 || noQ Q (Avg,Max,Min) (1.58, 1.64, 1.51) (0.30, 0.29, 0.31) #fs:   1  -- #Conts: 2 H(2) 
   1127108 047.29 || noQ Q (Avg,Max,Min) (1.18, 1.41, 0.95) (0.36, 0.29, 0.44) #fs:   1  -- #Conts: 2 H(1)  G(1) 
   1170830 031.53 || noQ Q (Avg,Max,Min) (1.33, 1.36, 1.30) (0.43, 0.42, 0.44) #fs:   1  -- #Conts: 2 G(2) 
   2229269 026.82 || noQ Q (Avg,Max,Min) (2.08, 2.90, 1.03) (0.71, 0.62, 0.92) #fs:   4  -- #Conts: 4 E(4) 
   2296520 015.76 || noQ Q (Avg,Max,Min) (1.35, 1.35, 1.35) (0.86, 0.86, 0.86) #fs:   0  -- #Conts: 1 G(1) 
   2923539 013.41 || noQ Q (Avg,Max,Min) (1.48, 1.76, 1.21) (1.20, 0.98, 1.42) #fs:   2  -- #Conts: 2 E(2) 
   4179865 012.00 || noQ Q (Avg,Max,Min) (1.56, 2.12, 1.24) (1.30, 1.21, 1.41) #fs:   1  -- #Conts: 3 C(3) 
/////////////////size: 7
   1081621 060.00 || noQ Q (Avg,Max,Min) (0.97, 1.43, 0.59) (0.15, 0.00, 0.43) #fs:   3  -- #Conts: 6 H(1)  G(1)  A(2)  E(1)  C(1) 
   1081846 058.00 || noQ Q (Avg,Max,Min) (0.87, 1.43, 0.49) (0.13, 0.00, 0.43) #fs:   6  -- #Conts: 7 H(1)  G(1)  A(4)  E(1) 
   1081911 051.29 || noQ Q (Avg,Max,Min) (0.85, 1.43, 0.49) (0.15, 0.01, 0.43) #fs:   6  -- #Conts: 6 H(1)  G(1)  A(4) 
   1082327 050.29 || noQ Q (Avg,Max,Min) (0.82, 1.43, 0.49) (0.18, 0.03, 0.43) #fs:   5  -- #Conts: 5 H(1)  G(1)  A(3) 
   1084407 049.29 || noQ Q (Avg,Max,Min) (0.87, 1.43, 0.49) (0.22, 0.07, 0.43) #fs:   4  -- #Conts: 4 H(1)  G(1)  A(2) 
   1090147 048.29 || noQ Q (Avg,Max,Min) (1.00, 1.43, 0.61) (0.27, 0.10, 0.43) #fs:   4  -- #Conts: 3 H(1)  G(1)  A(1) 
   1097680 047.29 || noQ Q (Avg,Max,Min) (1.19, 1.42, 0.96) (0.36, 0.29, 0.43) #fs:   1  -- #Conts: 2 H(1)  G(1) 
   1212906 044.94 || noQ Q (Avg,Max,Min) (2.19, 3.23, 1.67) (0.33, 0.15, 0.56) #fs:   5  -- #Conts: 3 H(1)  E(2) 
   1249297 041.24 || noQ Q (Avg,Max,Min) (1.12, 2.89, 0.11) (0.19, 0.01, 0.57) #fs:   6  -- #Conts: 5 H(1)  A(3)  E(1) 
   1250373 040.24 || noQ Q (Avg,Max,Min) (1.37, 2.89, 0.12) (0.23, 0.03, 0.57) #fs:   4  -- #Conts: 4 H(1)  A(2)  E(1) 
   1254092 039.24 || noQ Q (Avg,Max,Min) (1.55, 2.87, 0.12) (0.29, 0.03, 0.57) #fs:   2  -- #Conts: 3 H(1)  A(1)  E(1) 
   1256755 038.24 || noQ Q (Avg,Max,Min) (2.25, 2.86, 1.65) (0.43, 0.28, 0.58) #fs:   1  -- #Conts: 2 H(1)  E(1) 
   1280698 037.53 || noQ Q (Avg,Max,Min) (0.95, 1.78, 0.13) (0.21, 0.03, 0.58) #fs:   5  -- #Conts: 4 H(1)  A(2)  C(1) 
   1283789 036.53 || noQ Q (Avg,Max,Min) (1.23, 1.77, 0.27) (0.28, 0.06, 0.58) #fs:   3  -- #Conts: 3 H(1)  A(1)  C(1) 
   1289696 035.53 || noQ Q (Avg,Max,Min) (1.69, 1.76, 1.63) (0.39, 0.19, 0.58) #fs:   1  -- #Conts: 2 H(1)  C(1) 
   1320576 034.53 || noQ Q (Avg,Max,Min) (1.15, 1.62, 1.00) (0.19, 0.03, 0.59) #fs:   0  -- #Conts: 4 H(1)  A(3) 
   1323849 033.53 || noQ Q (Avg,Max,Min) (1.21, 1.62, 1.00) (0.24, 0.05, 0.59) #fs:   0  -- #Conts: 3 H(1)  A(2) 
   1329280 032.53 || noQ Q (Avg,Max,Min) (1.31, 1.61, 1.00) (0.34, 0.09, 0.60) #fs:   0  -- #Conts: 2 H(1)  A(1) 
   1340000 031.53 || noQ Q (Avg,Max,Min) (1.61, 1.61, 1.61) (0.60, 0.60, 0.60) #fs:   0  -- #Conts: 1 H(1) 
   1736003 030.76 || noQ Q (Avg,Max,Min) (1.58, 2.68, 0.17) (0.34, 0.03, 0.71) #fs:   7  -- #Conts: 7 G(1)  A(3)  C(3) 
   1740786 029.76 || noQ Q (Avg,Max,Min) (1.71, 2.67, 0.17) (0.39, 0.04, 0.71) #fs:   5  -- #Conts: 6 G(1)  A(2)  C(3) 
   1744596 028.76 || noQ Q (Avg,Max,Min) (2.01, 2.66, 0.77) (0.46, 0.08, 0.71) #fs:   5  -- #Conts: 5 G(1)  A(1)  C(3) 
   1754093 027.76 || noQ Q (Avg,Max,Min) (2.30, 2.64, 1.46) (0.56, 0.49, 0.71) #fs:   1  -- #Conts: 4 G(1)  C(3) 
   1872975 023.76 || noQ Q (Avg,Max,Min) (2.04, 2.41, 1.43) (0.61, 0.52, 0.75) #fs:   1  -- #Conts: 3 G(1)  C(2) 
   1981715 022.76 || noQ Q (Avg,Max,Min) (1.21, 2.61, 0.14) (0.39, 0.04, 0.77) #fs:   5  -- #Conts: 5 G(1)  A(3)  C(1) 
   1987381 021.76 || noQ Q (Avg,Max,Min) (1.48, 2.60, 0.53) (0.48, 0.09, 0.78) #fs:   4  -- #Conts: 4 G(1)  A(2)  C(1) 
   2002047 020.76 || noQ Q (Avg,Max,Min) (1.78, 2.58, 1.37) (0.61, 0.36, 0.78) #fs:   2  -- #Conts: 3 G(1)  A(1)  C(1) 
   2040756 019.76 || noQ Q (Avg,Max,Min) (1.96, 2.52, 1.40) (0.74, 0.70, 0.79) #fs:   1  -- #Conts: 2 G(1)  C(1) 
   2179966 018.76 || noQ Q (Avg,Max,Min) (1.34, 1.69, 1.00) (0.40, 0.06, 0.83) #fs:   0  -- #Conts: 4 G(1)  A(3) 
   2191079 017.76 || noQ Q (Avg,Max,Min) (1.45, 1.68, 1.31) (0.52, 0.32, 0.83) #fs:   0  -- #Conts: 3 G(1)  A(2) 
   2228434 016.76 || noQ Q (Avg,Max,Min) (1.33, 1.37, 1.30) (0.63, 0.42, 0.85) #fs:   0  -- #Conts: 2 G(1)  A(1) 
   2296520 015.76 || noQ Q (Avg,Max,Min) (1.35, 1.35, 1.35) (0.86, 0.86, 0.86) #fs:   0  -- #Conts: 1 G(1) 
   2977618 015.71 || noQ Q (Avg,Max,Min) (1.36, 1.95, 1.08) (0.69, 0.38, 1.62) #fs:   3  -- #Conts: 7 A(5)  E(1)  C(1) 
   3088840 014.71 || noQ Q (Avg,Max,Min) (1.33, 1.77, 1.08) (0.70, 0.39, 1.52) #fs:   3  -- #Conts: 6 A(4)  E(1)  C(1) 
   3168861 013.71 || noQ Q (Avg,Max,Min) (1.27, 1.74, 1.04) (0.81, 0.41, 1.53) #fs:   6  -- #Conts: 5 A(3)  E(1)  C(1) 
   3225631 012.71 || noQ Q (Avg,Max,Min) (1.36, 1.57, 1.15) (0.95, 0.56, 1.41) #fs:   5  -- #Conts: 4 A(2)  E(1)  C(1) 
   3318494 011.71 || noQ Q (Avg,Max,Min) (1.42, 1.58, 1.25) (1.11, 0.74, 1.45) #fs:   0  -- #Conts: 3 A(1)  E(1)  C(1) 
   3473877 010.71 || noQ Q (Avg,Max,Min) (1.51, 1.68, 1.33) (1.46, 1.29, 1.62) #fs:   1  -- #Conts: 2 E(1)  C(1) 
/////////////////size: 38
nodes 50 edges 92
 mulT: 30 mulD: 100  sumData GB 8630
pareto /CYBERSHAKE.n.50.0.dax time -> 705.0
moheft /CYBERSHAKE.n.50.0.dax time -> 301.0
distance from M to C 0.5756133553124126
distance from P to C 0.04201680672268918
distance from C to M 0.01359820733051053
distance from C to P 1.1024157251303544
toCompare: /CYBERSHAKE.n.50.0.dax sumDataGB: 8630 mulT: 30 mulD: 100 paretoOptTime_MS: 705.0 MoheftOptimizationTime_MS: 301.0 MtoC 0.5756133553124126 PtoC 0.04201680672268918 CtoM 0.01359820733051053 CtoP 1.1024157251303544
