specify -Dflow d,b,mt,md,size
Running /home/vaggelis/jc/CYBERSHAKE.n.100.0.dax mt 5000 md: 10000 size null
 155989155 3342.12 || noQ Q (Avg,Max,Min) (4.73, 6.55, 1.01) (4.60, 0.10, 6.43) #fs:   0  -- #Conts: 11 H(11) 
 183498290 2979.53 || noQ Q (Avg,Max,Min) (2.78, 5.10, 0.58) (2.44, 0.06, 5.07) #fs:   4  -- #Conts: 22 G(22) 
 266407304 2749.41 || noQ Q (Avg,Max,Min) (2.42, 3.37, 0.53) (2.37, 0.39, 3.34) #fs:   5  -- #Conts: 29 E(29) 
 266822604 2742.71 || noQ Q (Avg,Max,Min) (2.47, 3.37, 0.53) (2.44, 0.41, 3.34) #fs:   5  -- #Conts: 28 E(28) 
/////////////////size: 4
 172299967 3018.24 || noQ Q (Avg,Max,Min) (6.86, 14.99, 1.34) (6.05, 1.33, 9.14) #fs:   4  -- #Conts: 27 H(12)  G(4)  E(10)  C(1) 
 172905033 3009.18 || noQ Q (Avg,Max,Min) (6.67, 12.66, 1.34) (5.95, 1.34, 9.16) #fs:   3  -- #Conts: 27 H(11)  G(5)  E(10)  C(1) 
 173026504 3006.47 || noQ Q (Avg,Max,Min) (6.47, 12.66, 1.00) (5.75, 0.20, 9.16) #fs:   2  -- #Conts: 28 H(11)  G(5)  E(10)  C(2) 
 173090191 3002.47 || noQ Q (Avg,Max,Min) (6.66, 12.66, 1.34) (5.96, 1.34, 9.16) #fs:   2  -- #Conts: 27 H(11)  G(5)  E(10)  C(1) 
 173163854 2986.71 || noQ Q (Avg,Max,Min) (6.68, 12.66, 1.34) (6.07, 1.34, 9.16) #fs:   5  -- #Conts: 27 H(11)  G(5)  E(10)  C(1) 
 174374719 2974.47 || noQ Q (Avg,Max,Min) (5.80, 11.52, 1.00) (5.38, 0.44, 9.16) #fs:   6  -- #Conts: 29 H(8)  G(8)  E(9)  C(4) 
 174571448 2958.71 || noQ Q (Avg,Max,Min) (5.89, 11.52, 1.00) (5.48, 0.44, 9.16) #fs:   4  -- #Conts: 29 H(8)  G(8)  E(9)  C(4) 
 174594385 2954.71 || noQ Q (Avg,Max,Min) (6.03, 11.52, 1.33) (5.66, 1.31, 9.16) #fs:   4  -- #Conts: 28 H(8)  G(8)  E(9)  C(3) 
 174675599 2938.94 || noQ Q (Avg,Max,Min) (6.00, 11.52, 1.34) (5.66, 1.34, 9.16) #fs:   5  -- #Conts: 28 H(8)  G(8)  E(9)  C(3) 
 175022770 2934.12 || noQ Q (Avg,Max,Min) (6.20, 11.52, 1.34) (5.83, 1.34, 9.16) #fs:   4  -- #Conts: 27 H(8)  G(8)  E(10)  C(1) 
 175080630 2929.41 || noQ Q (Avg,Max,Min) (5.66, 10.84, 1.34) (5.42, 1.34, 9.16) #fs:   7  -- #Conts: 29 H(7)  G(9)  E(8)  C(5) 
 175716678 2901.88 || noQ Q (Avg,Max,Min) (5.24, 12.09, 1.34) (5.16, 1.34, 11.86) #fs:   8  -- #Conts: 27 H(5)  G(9)  E(8)  C(5) 
 175772197 2897.88 || noQ Q (Avg,Max,Min) (5.24, 12.09, 1.34) (5.16, 1.34, 11.86) #fs:   7  -- #Conts: 27 H(5)  G(9)  E(8)  C(5) 
 175897734 2887.12 || noQ Q (Avg,Max,Min) (4.91, 12.03, 1.00) (4.85, 0.82, 11.87) #fs:   4  -- #Conts: 27 H(4)  G(9)  A(1)  E(8)  C(5) 
 176537610 2884.94 || noQ Q (Avg,Max,Min) (5.16, 11.88, 1.34) (5.02, 1.34, 11.88) #fs:   6  -- #Conts: 27 H(3)  G(12)  E(8)  C(4) 
 176675636 2880.94 || noQ Q (Avg,Max,Min) (5.16, 11.88, 1.34) (5.03, 1.34, 11.88) #fs:   5  -- #Conts: 27 H(3)  G(12)  E(8)  C(4) 
 176909158 2880.35 || noQ Q (Avg,Max,Min) (5.10, 11.88, 1.34) (4.89, 1.34, 11.88) #fs:   3  -- #Conts: 27 H(2)  G(13)  E(8)  C(4) 
 177024782 2871.29 || noQ Q (Avg,Max,Min) (5.07, 11.88, 1.34) (4.94, 1.34, 11.88) #fs:   4  -- #Conts: 27 H(2)  G(13)  E(8)  C(4) 
 177380339 2868.94 || noQ Q (Avg,Max,Min) (4.81, 11.88, 1.00) (4.67, 0.26, 11.88) #fs:   4  -- #Conts: 29 H(2)  G(13)  E(10)  C(4) 
 177432707 2868.59 || noQ Q (Avg,Max,Min) (5.11, 11.88, 1.34) (4.95, 1.34, 11.88) #fs:   2  -- #Conts: 27 H(2)  G(13)  E(8)  C(4) 
 177465140 2864.59 || noQ Q (Avg,Max,Min) (5.12, 11.88, 1.34) (4.95, 1.34, 11.88) #fs:   1  -- #Conts: 27 H(2)  G(13)  E(8)  C(4) 
 177902324 2863.53 || noQ Q (Avg,Max,Min) (4.93, 11.88, 1.00) (4.82, 0.19, 11.88) #fs:   4  -- #Conts: 28 H(2)  G(13)  E(8)  C(5) 
 178032821 2860.82 || noQ Q (Avg,Max,Min) (4.81, 11.88, 1.00) (4.68, 0.19, 11.88) #fs:   3  -- #Conts: 29 H(2)  G(13)  E(8)  C(6) 
 178594315 2856.82 || noQ Q (Avg,Max,Min) (4.94, 11.88, 0.84) (4.85, 0.66, 11.88) #fs:   4  -- #Conts: 28 H(2)  G(13)  E(8)  C(5) 
 179429432 2852.94 || noQ Q (Avg,Max,Min) (5.01, 11.88, 1.00) (4.96, 0.74, 11.88) #fs:   4  -- #Conts: 27 H(2)  G(13)  E(8)  C(4) 
 179644463 2850.94 || noQ Q (Avg,Max,Min) (4.87, 11.88, 1.00) (4.82, 0.79, 11.88) #fs:   4  -- #Conts: 28 H(2)  G(13)  A(2)  E(8)  C(3) 
 179664005 2849.94 || noQ Q (Avg,Max,Min) (4.74, 11.88, 1.00) (4.68, 0.79, 11.88) #fs:   2  -- #Conts: 29 H(2)  G(13)  A(3)  E(8)  C(3) 
 179888958 2848.94 || noQ Q (Avg,Max,Min) (4.62, 11.88, 1.00) (4.54, 0.20, 11.88) #fs:   1  -- #Conts: 30 H(2)  G(13)  A(3)  E(8)  C(4) 
 180035920 2847.94 || noQ Q (Avg,Max,Min) (4.87, 11.88, 1.00) (4.82, 0.82, 11.88) #fs:   2  -- #Conts: 28 H(2)  G(13)  A(2)  E(8)  C(3) 
 180101169 2844.94 || noQ Q (Avg,Max,Min) (4.74, 11.88, 1.00) (4.69, 0.79, 11.88) #fs:   1  -- #Conts: 29 H(2)  G(13)  A(3)  E(8)  C(3) 
 180667932 2843.47 || noQ Q (Avg,Max,Min) (4.40, 9.25, 0.85) (4.32, 0.20, 9.16) #fs:   4  -- #Conts: 28 H(2)  G(11)  A(1)  E(9)  C(5) 
 180725402 2839.47 || noQ Q (Avg,Max,Min) (4.53, 9.25, 0.87) (4.48, 0.60, 9.16) #fs:   4  -- #Conts: 27 H(2)  G(11)  A(1)  E(9)  C(4) 
 181039847 2835.47 || noQ Q (Avg,Max,Min) (4.53, 9.25, 0.97) (4.49, 0.82, 9.16) #fs:   3  -- #Conts: 27 H(2)  G(11)  A(1)  E(9)  C(4) 
 181568840 2834.47 || noQ Q (Avg,Max,Min) (4.66, 9.25, 0.97) (4.63, 0.82, 9.16) #fs:   4  -- #Conts: 26 H(2)  G(11)  E(9)  C(4) 
 182938243 2832.94 || noQ Q (Avg,Max,Min) (4.15, 9.16, 0.96) (4.12, 0.64, 9.16) #fs:   1  -- #Conts: 29 H(2)  G(10)  A(3)  E(9)  C(5) 
 183100256 2831.94 || noQ Q (Avg,Max,Min) (4.15, 9.16, 1.00) (4.12, 0.64, 9.16) #fs:   0  -- #Conts: 29 H(2)  G(10)  A(3)  E(9)  C(5) 
 183106042 2830.94 || noQ Q (Avg,Max,Min) (4.15, 9.16, 1.00) (4.12, 0.64, 9.16) #fs:   0  -- #Conts: 29 H(2)  G(10)  A(3)  E(9)  C(5) 
 186224783 2822.59 || noQ Q (Avg,Max,Min) (3.55, 7.58, 0.94) (3.48, 0.36, 7.52) #fs:   4  -- #Conts: 27 G(9)  A(4)  E(9)  C(5) 
 186389689 2819.59 || noQ Q (Avg,Max,Min) (3.65, 7.58, 0.94) (3.60, 0.83, 7.52) #fs:   4  -- #Conts: 26 G(9)  A(4)  E(9)  C(4) 
 186409941 2818.59 || noQ Q (Avg,Max,Min) (3.55, 7.58, 0.94) (3.49, 0.36, 7.52) #fs:   3  -- #Conts: 27 G(9)  A(4)  E(9)  C(5) 
 186424752 2815.59 || noQ Q (Avg,Max,Min) (3.65, 7.58, 0.94) (3.61, 0.83, 7.52) #fs:   3  -- #Conts: 26 G(9)  A(4)  E(9)  C(4) 
 186554595 2814.59 || noQ Q (Avg,Max,Min) (3.65, 7.58, 0.94) (3.61, 0.83, 7.52) #fs:   3  -- #Conts: 26 G(9)  A(4)  E(9)  C(4) 
 186581636 2813.59 || noQ Q (Avg,Max,Min) (3.65, 7.58, 0.94) (3.61, 0.83, 7.52) #fs:   4  -- #Conts: 26 G(9)  A(4)  E(9)  C(4) 
 190135623 2812.59 || noQ Q (Avg,Max,Min) (3.75, 7.58, 0.89) (3.72, 0.87, 7.52) #fs:   3  -- #Conts: 25 G(9)  A(3)  E(9)  C(4) 
 195398521 2805.76 || noQ Q (Avg,Max,Min) (2.70, 9.19, 0.96) (2.64, 0.52, 9.15) #fs:   4  -- #Conts: 33 G(3)  A(9)  E(16)  C(5) 
 195730999 2803.06 || noQ Q (Avg,Max,Min) (2.75, 9.19, 0.96) (2.69, 0.52, 9.15) #fs:   4  -- #Conts: 32 G(3)  A(8)  E(16)  C(5) 
 195896880 2802.06 || noQ Q (Avg,Max,Min) (2.75, 9.19, 0.96) (2.70, 0.73, 9.15) #fs:   4  -- #Conts: 32 G(3)  A(8)  E(16)  C(5) 
 197057706 2801.06 || noQ Q (Avg,Max,Min) (2.75, 9.19, 0.96) (2.69, 0.42, 9.15) #fs:   3  -- #Conts: 32 G(3)  A(7)  E(16)  C(6) 
 198441762 2799.06 || noQ Q (Avg,Max,Min) (2.75, 9.19, 0.96) (2.71, 0.79, 9.15) #fs:   3  -- #Conts: 32 G(3)  A(8)  E(16)  C(5) 
 203286601 2797.59 || noQ Q (Avg,Max,Min) (2.71, 9.16, 0.97) (2.67, 0.80, 9.16) #fs:   2  -- #Conts: 31 G(3)  A(9)  E(16)  C(3) 
 203450201 2796.59 || noQ Q (Avg,Max,Min) (2.71, 9.16, 0.98) (2.68, 0.79, 9.16) #fs:   1  -- #Conts: 31 G(3)  A(9)  E(16)  C(3) 
 250910002 2786.06 || noQ Q (Avg,Max,Min) (3.10, 9.20, 1.00) (3.00, 0.44, 9.15) #fs:   5  -- #Conts: 32 G(6)  A(6)  E(15)  C(5) 
 251061676 2783.35 || noQ Q (Avg,Max,Min) (3.04, 9.20, 1.00) (2.92, 0.20, 9.15) #fs:   4  -- #Conts: 33 G(6)  A(6)  E(15)  C(6) 
 251069480 2781.35 || noQ Q (Avg,Max,Min) (3.10, 9.20, 1.00) (3.00, 0.20, 9.15) #fs:   3  -- #Conts: 32 G(6)  A(6)  E(15)  C(5) 
 251095160 2779.35 || noQ Q (Avg,Max,Min) (3.10, 9.20, 1.00) (3.01, 0.44, 9.15) #fs:   4  -- #Conts: 32 G(6)  A(6)  E(15)  C(5) 
 251108521 2777.35 || noQ Q (Avg,Max,Min) (3.17, 9.20, 1.00) (3.09, 0.44, 9.15) #fs:   3  -- #Conts: 31 G(6)  A(6)  E(15)  C(4) 
 251234386 2776.35 || noQ Q (Avg,Max,Min) (3.17, 9.20, 1.00) (3.09, 0.44, 9.15) #fs:   3  -- #Conts: 31 G(6)  A(6)  E(15)  C(4) 
 251243065 2773.94 || noQ Q (Avg,Max,Min) (2.98, 9.20, 0.82) (2.86, 0.20, 9.15) #fs:   3  -- #Conts: 34 G(6)  A(6)  E(15)  C(7) 
 251290756 2769.94 || noQ Q (Avg,Max,Min) (3.04, 9.20, 0.82) (2.95, 0.34, 9.15) #fs:   3  -- #Conts: 33 G(6)  A(6)  E(15)  C(6) 
 251407971 2768.94 || noQ Q (Avg,Max,Min) (3.10, 9.20, 0.82) (3.02, 0.34, 9.15) #fs:   3  -- #Conts: 32 G(6)  A(5)  E(15)  C(6) 
 251604701 2766.94 || noQ Q (Avg,Max,Min) (3.04, 9.20, 1.00) (2.96, 0.34, 9.15) #fs:   2  -- #Conts: 33 G(6)  A(7)  E(15)  C(5) 
 251626842 2765.94 || noQ Q (Avg,Max,Min) (3.10, 9.20, 1.00) (3.03, 0.54, 9.15) #fs:   2  -- #Conts: 32 G(6)  A(6)  E(15)  C(5) 
 251749355 2764.94 || noQ Q (Avg,Max,Min) (3.17, 9.20, 1.00) (3.10, 0.54, 9.15) #fs:   2  -- #Conts: 31 G(6)  A(5)  E(15)  C(5) 
 251935636 2763.94 || noQ Q (Avg,Max,Min) (3.17, 9.20, 1.00) (3.10, 0.52, 9.15) #fs:   3  -- #Conts: 31 G(6)  A(5)  E(15)  C(5) 
 251992375 2762.94 || noQ Q (Avg,Max,Min) (3.17, 9.20, 1.00) (3.11, 0.52, 9.15) #fs:   2  -- #Conts: 31 G(6)  A(5)  E(15)  C(5) 
 252136345 2761.94 || noQ Q (Avg,Max,Min) (3.24, 9.20, 1.00) (3.19, 0.52, 9.15) #fs:   2  -- #Conts: 30 G(6)  A(4)  E(15)  C(5) 
 252192717 2760.94 || noQ Q (Avg,Max,Min) (3.17, 9.20, 1.00) (3.11, 0.57, 9.15) #fs:   2  -- #Conts: 31 G(6)  A(5)  E(15)  C(5) 
 252508404 2758.88 || noQ Q (Avg,Max,Min) (3.23, 9.18, 0.75) (3.21, 0.65, 9.15) #fs:   3  -- #Conts: 30 G(6)  A(5)  E(15)  C(4) 
 252801389 2757.88 || noQ Q (Avg,Max,Min) (3.23, 9.18, 0.75) (3.21, 0.65, 9.15) #fs:   3  -- #Conts: 30 G(6)  A(5)  E(15)  C(4) 
 253303851 2756.88 || noQ Q (Avg,Max,Min) (3.23, 9.18, 0.75) (3.21, 0.65, 9.15) #fs:   4  -- #Conts: 30 G(6)  A(5)  E(15)  C(4) 
 253349475 2755.88 || noQ Q (Avg,Max,Min) (3.23, 9.18, 0.75) (3.21, 0.74, 9.15) #fs:   3  -- #Conts: 30 G(6)  A(5)  E(15)  C(4) 
 253646886 2753.88 || noQ Q (Avg,Max,Min) (3.17, 9.18, 1.00) (3.14, 0.79, 9.15) #fs:   3  -- #Conts: 31 G(6)  A(6)  E(15)  C(4) 
 258782291 2753.65 || noQ Q (Avg,Max,Min) (2.94, 7.13, 0.91) (2.87, 0.56, 7.12) #fs:   4  -- #Conts: 29 G(3)  A(5)  E(18)  C(3) 
 259180258 2750.65 || noQ Q (Avg,Max,Min) (2.87, 7.13, 0.91) (2.81, 0.66, 7.12) #fs:   5  -- #Conts: 30 G(3)  A(6)  E(18)  C(3) 
 259503860 2749.65 || noQ Q (Avg,Max,Min) (2.94, 7.13, 0.91) (2.88, 0.66, 7.12) #fs:   4  -- #Conts: 29 G(3)  A(5)  E(18)  C(3) 
 259862661 2748.65 || noQ Q (Avg,Max,Min) (2.88, 7.13, 0.97) (2.83, 0.76, 7.12) #fs:   3  -- #Conts: 30 G(3)  A(6)  E(18)  C(3) 
 259951771 2747.65 || noQ Q (Avg,Max,Min) (2.88, 7.13, 0.99) (2.83, 0.77, 7.12) #fs:   2  -- #Conts: 30 G(3)  A(6)  E(18)  C(3) 
 260673340 2746.65 || noQ Q (Avg,Max,Min) (2.88, 7.13, 1.00) (2.84, 0.77, 7.12) #fs:   1  -- #Conts: 30 G(3)  A(6)  E(18)  C(3) 
 261606715 2743.82 || noQ Q (Avg,Max,Min) (2.42, 4.85, 0.69) (2.37, 0.58, 4.79) #fs:   5  -- #Conts: 34 A(8)  E(20)  C(6) 
 264378678 2742.82 || noQ Q (Avg,Max,Min) (2.47, 4.85, 0.93) (2.43, 0.78, 4.79) #fs:   6  -- #Conts: 33 A(8)  E(20)  C(5) 
 264935192 2741.82 || noQ Q (Avg,Max,Min) (2.51, 4.85, 0.93) (2.48, 0.82, 4.79) #fs:   3  -- #Conts: 32 A(7)  E(20)  C(5) 
 270516381 2740.82 || noQ Q (Avg,Max,Min) (2.62, 4.85, 1.00) (2.59, 0.85, 4.79) #fs:   2  -- #Conts: 30 A(5)  E(20)  C(5) 
 273460300 2740.65 || noQ Q (Avg,Max,Min) (2.48, 4.53, 1.00) (2.43, 0.22, 4.52) #fs:   1  -- #Conts: 31 A(7)  E(19)  C(5) 
 274181869 2739.65 || noQ Q (Avg,Max,Min) (2.48, 4.53, 1.00) (2.44, 0.42, 4.52) #fs:   1  -- #Conts: 31 A(7)  E(19)  C(5) 
 276171063 2737.65 || noQ Q (Avg,Max,Min) (2.53, 4.53, 1.00) (2.51, 0.78, 4.52) #fs:   1  -- #Conts: 30 A(7)  E(19)  C(4) 
 280296588 2735.65 || noQ Q (Avg,Max,Min) (2.64, 4.53, 1.00) (2.63, 0.94, 4.52) #fs:   1  -- #Conts: 28 A(5)  E(19)  C(4) 
 284486027 2734.65 || noQ Q (Avg,Max,Min) (2.22, 3.77, 0.98) (2.18, 0.79, 3.76) #fs:   2  -- #Conts: 27 A(10)  E(15)  C(2) 
 286483724 2733.65 || noQ Q (Avg,Max,Min) (2.32, 3.77, 0.98) (2.29, 0.79, 3.76) #fs:   1  -- #Conts: 25 A(8)  E(15)  C(2) 
 289228425 2732.65 || noQ Q (Avg,Max,Min) (2.37, 3.77, 0.98) (2.36, 0.89, 3.76) #fs:   1  -- #Conts: 24 A(7)  E(15)  C(2) 
/////////////////size: 89
nodes 100 edges 192
 mulT: 5000 mulD: 10000  sumData GB 975992
pareto /CYBERSHAKE.n.100.0.dax time -> 2962.0
moheft /CYBERSHAKE.n.100.0.dax time -> 8543.0
distance from M to C 0.0
distance from P to C 11.352941176469926
distance from C to M 3.8987933959160483
distance from C to P 47.97217320028393
toCompare: /CYBERSHAKE.n.100.0.dax sumDataGB: 975992 mulT: 5000 mulD: 10000 paretoOptTime_MS: 2962.0 MoheftOptimizationTime_MS: 8543.0 MtoC 0.0 PtoC 11.352941176469926 CtoM 3.8987933959160483 CtoP 47.97217320028393
