specify -Dflow d,b,mt,md,size
Running /home/vaggelis/jc/CYBERSHAKE.n.100.0.dax mt 30 md: 5000 size null
   1160714 063.06 || noQ Q (Avg,Max,Min) (24.60, 26.30, 10.00) (7.93, 7.38, 8.48) #fs:   2  -- #Conts: 2 H(2) 
   1893439 047.29 || noQ Q (Avg,Max,Min) (15.60, 16.54, 10.00) (8.04, 7.38, 8.70) #fs:   1  -- #Conts: 2 H(1)  G(1) 
   1989164 031.53 || noQ Q (Avg,Max,Min) (14.76, 15.74, 10.00) (8.15, 7.61, 8.70) #fs:   2  -- #Conts: 2 G(2) 
   4491891 026.82 || noQ Q (Avg,Max,Min) (7.08, 7.51, 6.66) (4.42, 4.15, 4.68) #fs:   2  -- #Conts: 2 E(2) 
   7753560 026.71 || noQ Q (Avg,Max,Min) (3.15, 5.08, 0.08) (2.73, 0.04, 5.08) #fs:   4  -- #Conts: 3 E(1)  C(2) 
   7761569 024.00 || noQ Q (Avg,Max,Min) (3.16, 5.08, 0.13) (2.74, 0.06, 5.08) #fs:   4  -- #Conts: 3 C(3) 
   7932194 020.00 || noQ Q (Avg,Max,Min) (4.65, 5.09, 4.21) (4.09, 3.09, 5.08) #fs:   0  -- #Conts: 2 C(2) 
  34705804 019.00 || noQ Q (Avg,Max,Min) (1.82, 1.91, 1.73) (1.79, 1.67, 1.91) #fs:   0  -- #Conts: 2 A(2) 
/////////////////size: 8
   2216504 043.53 || noQ Q (Avg,Max,Min) (3.18, 25.72, 0.20) (1.62, 0.01, 15.84) #fs:   9  -- #Conts: 10 H(1)  A(8)  C(1) 
   2217295 039.53 || noQ Q (Avg,Max,Min) (3.41, 25.72, 0.28) (1.81, 0.01, 15.84) #fs:   9  -- #Conts: 9 H(1)  A(8) 
   2224583 038.53 || noQ Q (Avg,Max,Min) (3.78, 25.63, 0.28) (2.02, 0.01, 15.84) #fs:   7  -- #Conts: 8 H(1)  A(7) 
   2226873 037.53 || noQ Q (Avg,Max,Min) (4.17, 25.61, 0.28) (2.31, 0.01, 15.84) #fs:   7  -- #Conts: 7 H(1)  A(6) 
   2232486 036.53 || noQ Q (Avg,Max,Min) (4.76, 25.55, 0.30) (2.69, 0.01, 15.84) #fs:   6  -- #Conts: 6 H(1)  A(5) 
   2237877 035.53 || noQ Q (Avg,Max,Min) (5.50, 25.49, 0.30) (3.22, 0.02, 15.84) #fs:   6  -- #Conts: 5 H(1)  A(4) 
   2244108 034.53 || noQ Q (Avg,Max,Min) (6.77, 25.42, 0.30) (4.01, 0.02, 15.85) #fs:   5  -- #Conts: 4 H(1)  A(3) 
   2246226 033.53 || noQ Q (Avg,Max,Min) (8.68, 25.40, 0.31) (5.34, 0.06, 15.85) #fs:   5  -- #Conts: 3 H(1)  A(2) 
   2258232 032.53 || noQ Q (Avg,Max,Min) (12.79, 25.27, 0.31) (7.96, 0.06, 15.85) #fs:   2  -- #Conts: 2 H(1)  A(1) 
   2265384 031.53 || noQ Q (Avg,Max,Min) (25.19, 25.19, 10.00) (15.85, 10.00, 15.85) #fs:   0  -- #Conts: 1 H(1) 
  59103072 028.47 || noQ Q (Avg,Max,Min) (91.14, 315.57, 1.26) (10.65, 0.00, 18.21) #fs:   0  -- #Conts: 4 G(1)  A(1)  E(1)  C(1) 
  59105578 024.47 || noQ Q (Avg,Max,Min) (118.37, 307.36, 10.00) (14.20, 8.18, 18.21) #fs:   0  -- #Conts: 3 G(1)  A(1)  E(1) 
  59175341 021.76 || noQ Q (Avg,Max,Min) (75.35, 178.31, 10.00) (14.21, 8.20, 18.21) #fs:   0  -- #Conts: 3 G(1)  A(1)  C(1) 
  59303475 020.76 || noQ Q (Avg,Max,Min) (51.21, 101.06, 10.00) (20.24, 8.25, 36.26) #fs:   0  -- #Conts: 3 G(1)  A(1)  C(1) 
  59724937 019.76 || noQ Q (Avg,Max,Min) (24.59, 42.06, 10.00) (12.24, 8.36, 16.22) #fs:   1  -- #Conts: 3 G(1)  A(2) 
  59744137 018.76 || noQ Q (Avg,Max,Min) (29.57, 40.98, 10.00) (14.26, 8.36, 18.21) #fs:   0  -- #Conts: 3 G(1)  A(2) 
  60312332 017.76 || noQ Q (Avg,Max,Min) (25.37, 36.34, 10.00) (20.33, 8.53, 36.26) #fs:   0  -- #Conts: 3 G(1)  A(2) 
  62932003 017.41 || noQ Q (Avg,Max,Min) (23.67, 36.27, 8.59) (23.46, 8.51, 36.26) #fs:   2  -- #Conts: 5 A(4)  E(1) 
/////////////////size: 18
nodes 100 edges 192
 mulT: 30 mulD: 5000  sumData GB 487996
pareto /CYBERSHAKE.n.100.0.dax time -> 339.0
moheft /CYBERSHAKE.n.100.0.dax time -> 506.0
distance from M to C 1.2382015732872338
distance from P to C 0.0
distance from C to M 2.0333410962002607
distance from C to P 0.45147984813876557
toCompare: /CYBERSHAKE.n.100.0.dax sumDataGB: 487996 mulT: 30 mulD: 5000 paretoOptTime_MS: 339.0 MoheftOptimizationTime_MS: 506.0 MtoC 1.2382015732872338 PtoC 0.0 CtoM 2.0333410962002607 CtoP 0.45147984813876557
