specify -Dflow d,b,mt,md,size
Running /home/vaggelis/jc/SIPHT.n.50.0.dax mt 10000 md: 500 size null
1338050204 32948.24 || noQ Q (Avg,Max,Min) (1.00, 1.00, 0.96) (0.95, 0.69, 1.00) #fs:   2  -- #Conts: 9 H(9) 
1338051090 32822.12 || noQ Q (Avg,Max,Min) (1.00, 1.00, 0.96) (0.95, 0.69, 1.00) #fs:   1  -- #Conts: 9 H(9) 
2256995798 31040.71 || noQ Q (Avg,Max,Min) (0.96, 1.00, 0.61) (0.90, 0.61, 1.00) #fs:   3  -- #Conts: 15 H(1)  G(14) 
2293066012 28009.88 || noQ Q (Avg,Max,Min) (0.99, 1.00, 0.83) (0.93, 0.74, 1.00) #fs:   2  -- #Conts: 15 G(12)  E(2)  C(1) 
4518444964 23660.94 || noQ Q (Avg,Max,Min) (0.97, 1.00, 0.66) (0.86, 0.61, 1.00) #fs:   4  -- #Conts: 22 G(1)  E(21) 
4561704099 23524.24 || noQ Q (Avg,Max,Min) (0.97, 1.00, 0.66) (0.86, 0.61, 1.00) #fs:   4  -- #Conts: 22 E(22) 
4563922539 23517.53 || noQ Q (Avg,Max,Min) (0.97, 1.00, 0.66) (0.86, 0.61, 1.00) #fs:   4  -- #Conts: 22 E(22) 
5503134720 16912.00 || noQ Q (Avg,Max,Min) (1.00, 1.00, 0.90) (0.84, 0.62, 1.00) #fs:   3  -- #Conts: 29 C(29) 
6462386994 5544.00 || noQ Q (Avg,Max,Min) (1.00, 1.00, 0.99) (0.99, 0.93, 1.00) #fs:   3  -- #Conts: 20 A(20) 
6479386994 5543.00 || noQ Q (Avg,Max,Min) (1.00, 1.00, 0.99) (0.99, 0.93, 1.00) #fs:   3  -- #Conts: 20 A(20) 
/////////////////size: 10
1382403139 32110.59 || noQ Q (Avg,Max,Min) (1.00, 1.01, 1.00) (0.92, 0.19, 1.00) #fs:   0  -- #Conts: 12 H(5)  G(2)  A(1)  E(3)  C(1) 
1382425050 32094.82 || noQ Q (Avg,Max,Min) (1.00, 1.00, 1.00) (0.93, 0.32, 1.00) #fs:   0  -- #Conts: 12 H(4)  G(3)  A(1)  E(3)  C(1) 
1382739687 32091.82 || noQ Q (Avg,Max,Min) (1.00, 1.00, 1.00) (0.93, 0.32, 1.00) #fs:   0  -- #Conts: 12 H(4)  G(3)  A(1)  E(3)  C(1) 
1383060421 32089.82 || noQ Q (Avg,Max,Min) (1.00, 1.00, 1.00) (0.93, 0.32, 1.00) #fs:   0  -- #Conts: 12 H(4)  G(3)  A(1)  E(3)  C(1) 
1383069611 32079.06 || noQ Q (Avg,Max,Min) (1.00, 1.00, 1.00) (0.99, 0.90, 1.00) #fs:   0  -- #Conts: 11 H(4)  G(2)  A(1)  E(3)  C(1) 
1383410886 32076.06 || noQ Q (Avg,Max,Min) (1.00, 1.00, 1.00) (0.99, 0.90, 1.00) #fs:   0  -- #Conts: 11 H(4)  G(2)  A(1)  E(3)  C(1) 
1611863807 31528.88 || noQ Q (Avg,Max,Min) (1.00, 1.00, 1.00) (0.99, 0.94, 1.00) #fs:   0  -- #Conts: 13 H(4)  G(3)  A(2)  E(3)  C(1) 
1612847455 31523.88 || noQ Q (Avg,Max,Min) (1.00, 1.00, 1.00) (1.00, 0.99, 1.00) #fs:   0  -- #Conts: 12 H(4)  G(3)  A(1)  E(3)  C(1) 
1613380626 31521.88 || noQ Q (Avg,Max,Min) (1.00, 1.01, 1.00) (0.94, 0.20, 1.00) #fs:   0  -- #Conts: 13 H(4)  G(3)  A(2)  E(3)  C(1) 
1613424789 31520.88 || noQ Q (Avg,Max,Min) (1.00, 1.00, 1.00) (1.00, 0.99, 1.00) #fs:   0  -- #Conts: 12 H(4)  G(3)  A(1)  E(3)  C(1) 
1689579057 31021.41 || noQ Q (Avg,Max,Min) (1.00, 1.01, 1.00) (0.92, 0.16, 1.00) #fs:   0  -- #Conts: 12 H(4)  G(3)  A(2)  E(2)  C(1) 
1689987923 30989.88 || noQ Q (Avg,Max,Min) (1.00, 1.00, 1.00) (0.99, 0.92, 1.00) #fs:   0  -- #Conts: 11 H(3)  G(3)  A(2)  E(2)  C(1) 
1690565473 30986.88 || noQ Q (Avg,Max,Min) (1.00, 1.00, 1.00) (0.99, 0.92, 1.00) #fs:   0  -- #Conts: 11 H(3)  G(3)  A(2)  E(2)  C(1) 
1690739058 30985.88 || noQ Q (Avg,Max,Min) (1.00, 1.00, 1.00) (0.99, 0.92, 1.00) #fs:   0  -- #Conts: 11 H(3)  G(3)  A(2)  E(2)  C(1) 
1707861880 30984.88 || noQ Q (Avg,Max,Min) (1.00, 1.00, 1.00) (0.99, 0.92, 1.00) #fs:   0  -- #Conts: 12 H(3)  G(3)  A(3)  E(2)  C(1) 
1784243618 30448.24 || noQ Q (Avg,Max,Min) (1.00, 1.00, 1.00) (0.98, 0.72, 1.00) #fs:   0  -- #Conts: 12 H(3)  G(3)  A(1)  E(4)  C(1) 
1786647033 30447.94 || noQ Q (Avg,Max,Min) (1.00, 1.00, 1.00) (0.95, 0.62, 1.00) #fs:   0  -- #Conts: 13 H(3)  G(3)  A(1)  E(5)  C(1) 
1792465446 30447.24 || noQ Q (Avg,Max,Min) (1.00, 1.00, 1.00) (0.96, 0.62, 1.00) #fs:   0  -- #Conts: 13 H(3)  G(3)  A(2)  E(4)  C(1) 
1800673311 30446.53 || noQ Q (Avg,Max,Min) (1.00, 1.00, 1.00) (0.99, 0.94, 1.00) #fs:   0  -- #Conts: 12 H(3)  G(3)  A(2)  E(3)  C(1) 
1801428593 30445.53 || noQ Q (Avg,Max,Min) (1.00, 1.00, 1.00) (0.99, 0.92, 1.00) #fs:   0  -- #Conts: 13 H(3)  G(3)  A(3)  E(3)  C(1) 
1816585864 30441.18 || noQ Q (Avg,Max,Min) (1.00, 1.01, 1.00) (0.94, 0.27, 1.00) #fs:   0  -- #Conts: 14 H(3)  G(4)  A(2)  E(4)  C(1) 
1817817018 30432.12 || noQ Q (Avg,Max,Min) (1.00, 1.00, 1.00) (0.99, 0.95, 1.00) #fs:   0  -- #Conts: 13 H(3)  G(3)  A(2)  E(4)  C(1) 
1832602216 30430.41 || noQ Q (Avg,Max,Min) (1.00, 1.00, 1.00) (0.99, 0.94, 1.00) #fs:   0  -- #Conts: 14 H(3)  G(3)  A(3)  E(4)  C(1) 
2079731731 29915.06 || noQ Q (Avg,Max,Min) (1.00, 1.01, 1.00) (0.93, 0.16, 1.00) #fs:   0  -- #Conts: 14 H(3)  G(4)  A(2)  E(3)  C(2) 
2080140597 29899.29 || noQ Q (Avg,Max,Min) (1.00, 1.00, 1.00) (0.99, 0.92, 1.00) #fs:   0  -- #Conts: 13 H(2)  G(4)  A(2)  E(3)  C(2) 
2081376226 29890.24 || noQ Q (Avg,Max,Min) (1.00, 1.00, 1.00) (0.96, 0.62, 1.00) #fs:   0  -- #Conts: 14 H(2)  G(4)  A(2)  E(4)  C(2) 
2096157786 29888.53 || noQ Q (Avg,Max,Min) (1.00, 1.00, 1.00) (0.99, 0.92, 1.00) #fs:   0  -- #Conts: 14 H(2)  G(4)  A(3)  E(3)  C(2) 
2102983984 29888.29 || noQ Q (Avg,Max,Min) (1.00, 1.00, 1.00) (0.98, 0.92, 1.00) #fs:   0  -- #Conts: 14 H(2)  G(4)  A(3)  E(3)  C(2) 
2157538141 29029.71 || noQ Q (Avg,Max,Min) (1.00, 1.00, 1.00) (0.99, 0.92, 1.00) #fs:   0  -- #Conts: 12 H(2)  G(3)  A(2)  E(3)  C(2) 
2157874689 29026.71 || noQ Q (Avg,Max,Min) (1.00, 1.00, 1.00) (0.99, 0.92, 1.00) #fs:   0  -- #Conts: 12 H(2)  G(3)  A(2)  E(3)  C(2) 
2158195423 29024.71 || noQ Q (Avg,Max,Min) (1.00, 1.00, 1.00) (0.98, 0.92, 1.00) #fs:   0  -- #Conts: 12 H(2)  G(3)  A(2)  E(3)  C(2) 
2158204613 29023.71 || noQ Q (Avg,Max,Min) (1.00, 1.00, 1.00) (0.99, 0.96, 1.00) #fs:   0  -- #Conts: 11 H(2)  G(3)  A(1)  E(3)  C(2) 
2158516150 29021.71 || noQ Q (Avg,Max,Min) (1.00, 1.00, 1.00) (0.99, 0.92, 1.00) #fs:   0  -- #Conts: 12 H(2)  G(3)  A(2)  E(3)  C(2) 
2158545888 29020.71 || noQ Q (Avg,Max,Min) (1.00, 1.00, 1.00) (0.99, 0.96, 1.00) #fs:   0  -- #Conts: 11 H(2)  G(3)  A(1)  E(3)  C(2) 
2218811329 28472.12 || noQ Q (Avg,Max,Min) (1.00, 1.00, 1.00) (0.99, 0.94, 1.00) #fs:   0  -- #Conts: 12 H(1)  G(3)  A(2)  E(4)  C(2) 
2219256995 28470.12 || noQ Q (Avg,Max,Min) (1.00, 1.00, 1.00) (0.99, 0.94, 1.00) #fs:   0  -- #Conts: 12 H(1)  G(3)  A(2)  E(4)  C(2) 
2219794977 28467.12 || noQ Q (Avg,Max,Min) (1.00, 1.00, 1.00) (1.00, 0.98, 1.00) #fs:   0  -- #Conts: 11 H(1)  G(3)  A(1)  E(4)  C(2) 
2220240643 28465.12 || noQ Q (Avg,Max,Min) (1.00, 1.00, 1.00) (1.00, 0.97, 1.00) #fs:   0  -- #Conts: 11 H(1)  G(3)  A(1)  E(4)  C(2) 
2220372311 28464.12 || noQ Q (Avg,Max,Min) (1.00, 1.00, 1.00) (1.00, 0.99, 1.00) #fs:   0  -- #Conts: 11 H(1)  G(3)  A(1)  E(4)  C(2) 
2220545896 28463.12 || noQ Q (Avg,Max,Min) (1.00, 1.00, 1.00) (1.00, 0.98, 1.00) #fs:   0  -- #Conts: 11 H(1)  G(3)  A(1)  E(4)  C(2) 
2220822301 28462.12 || noQ Q (Avg,Max,Min) (1.00, 1.00, 1.00) (1.00, 0.99, 1.00) #fs:   0  -- #Conts: 11 H(1)  G(3)  A(1)  E(4)  C(2) 
2221039847 28461.12 || noQ Q (Avg,Max,Min) (1.00, 1.01, 1.00) (0.93, 0.20, 1.00) #fs:   0  -- #Conts: 12 H(1)  G(3)  A(2)  E(4)  C(2) 
2221084010 28460.12 || noQ Q (Avg,Max,Min) (1.00, 1.00, 1.00) (1.00, 0.99, 1.00) #fs:   0  -- #Conts: 11 H(1)  G(3)  A(1)  E(4)  C(2) 
2464714891 27955.00 || noQ Q (Avg,Max,Min) (1.00, 1.01, 1.00) (0.92, 0.16, 1.00) #fs:   0  -- #Conts: 12 H(1)  G(4)  A(2)  E(3)  C(2) 
2465123757 27939.24 || noQ Q (Avg,Max,Min) (1.00, 1.00, 1.00) (0.99, 0.92, 1.00) #fs:   0  -- #Conts: 11 G(4)  A(2)  E(3)  C(2) 
2466359386 27930.18 || noQ Q (Avg,Max,Min) (1.00, 1.00, 1.00) (0.96, 0.62, 1.00) #fs:   0  -- #Conts: 12 G(4)  A(2)  E(4)  C(2) 
2467187647 27928.88 || noQ Q (Avg,Max,Min) (1.00, 1.00, 1.00) (0.94, 0.62, 1.00) #fs:   0  -- #Conts: 12 G(4)  A(1)  E(5)  C(2) 
2481140946 27927.18 || noQ Q (Avg,Max,Min) (1.00, 1.00, 1.00) (0.97, 0.72, 1.00) #fs:   0  -- #Conts: 12 G(4)  A(2)  E(4)  C(2) 
2484490767 27926.47 || noQ Q (Avg,Max,Min) (1.00, 1.00, 1.00) (0.98, 0.92, 1.00) #fs:   0  -- #Conts: 12 G(4)  A(3)  E(3)  C(2) 
2606807703 27877.59 || noQ Q (Avg,Max,Min) (1.00, 1.00, 1.00) (0.99, 0.94, 1.00) #fs:   0  -- #Conts: 12 G(5)  A(2)  E(4)  C(1) 
2607791351 27872.59 || noQ Q (Avg,Max,Min) (1.00, 1.00, 1.00) (0.99, 0.95, 1.00) #fs:   0  -- #Conts: 11 G(5)  A(1)  E(4)  C(1) 
2608324522 27870.59 || noQ Q (Avg,Max,Min) (1.00, 1.01, 1.00) (0.93, 0.20, 1.00) #fs:   0  -- #Conts: 12 G(5)  A(2)  E(4)  C(1) 
2608368685 27869.59 || noQ Q (Avg,Max,Min) (1.00, 1.00, 1.00) (0.99, 0.95, 1.00) #fs:   0  -- #Conts: 11 G(5)  A(1)  E(4)  C(1) 
2818741879 12845.00 || noQ Q (Avg,Max,Min) (1.00, 1.00, 1.00) (0.98, 0.72, 1.00) #fs:   0  -- #Conts: 14 H(2)  A(4)  E(6)  C(2) 
2819078427 12843.00 || noQ Q (Avg,Max,Min) (1.00, 1.00, 1.00) (0.98, 0.72, 1.00) #fs:   0  -- #Conts: 14 H(2)  A(4)  E(6)  C(2) 
2819408351 12838.29 || noQ Q (Avg,Max,Min) (1.00, 1.00, 1.00) (1.00, 0.99, 1.00) #fs:   0  -- #Conts: 13 H(2)  A(4)  E(5)  C(2) 
2819598355 12838.00 || noQ Q (Avg,Max,Min) (1.00, 1.00, 1.00) (0.98, 0.72, 1.00) #fs:   0  -- #Conts: 14 H(2)  A(4)  E(6)  C(2) 
2819749626 12836.29 || noQ Q (Avg,Max,Min) (1.00, 1.00, 1.00) (1.00, 0.99, 1.00) #fs:   0  -- #Conts: 13 H(2)  A(4)  E(5)  C(2) 
2836842214 12835.29 || noQ Q (Avg,Max,Min) (1.00, 1.00, 1.00) (0.99, 0.94, 1.00) #fs:   0  -- #Conts: 14 H(2)  A(5)  E(5)  C(2) 
3089578724 12287.00 || noQ Q (Avg,Max,Min) (1.00, 1.00, 1.00) (0.99, 0.94, 1.00) #fs:   0  -- #Conts: 15 H(2)  A(5)  G(1)  E(5)  C(2) 
3090562372 12282.00 || noQ Q (Avg,Max,Min) (1.00, 1.00, 1.00) (1.00, 0.96, 1.00) #fs:   0  -- #Conts: 14 H(2)  A(4)  G(1)  E(5)  C(2) 
3091095543 12280.00 || noQ Q (Avg,Max,Min) (1.00, 1.01, 1.00) (0.94, 0.20, 1.00) #fs:   0  -- #Conts: 15 H(2)  A(5)  G(1)  E(5)  C(2) 
3091139706 12279.00 || noQ Q (Avg,Max,Min) (1.00, 1.00, 1.00) (1.00, 0.96, 1.00) #fs:   0  -- #Conts: 14 H(2)  A(4)  G(1)  E(5)  C(2) 
3125918629 11775.41 || noQ Q (Avg,Max,Min) (1.00, 1.01, 1.00) (0.92, 0.16, 1.00) #fs:   0  -- #Conts: 14 H(2)  A(4)  G(3)  E(4)  C(1) 
3126327495 11759.65 || noQ Q (Avg,Max,Min) (1.00, 1.00, 1.00) (0.98, 0.72, 1.00) #fs:   0  -- #Conts: 13 H(1)  A(4)  G(3)  E(4)  C(1) 
3127563124 11750.59 || noQ Q (Avg,Max,Min) (1.00, 1.00, 1.00) (0.95, 0.62, 1.00) #fs:   0  -- #Conts: 14 H(1)  A(4)  G(3)  E(5)  C(1) 
3128361889 11749.88 || noQ Q (Avg,Max,Min) (1.00, 1.00, 1.00) (0.97, 0.62, 1.00) #fs:   0  -- #Conts: 14 H(1)  A(5)  G(3)  E(4)  C(1) 
3134654121 11746.47 || noQ Q (Avg,Max,Min) (1.00, 1.00, 1.00) (0.99, 0.92, 1.00) #fs:   0  -- #Conts: 13 H(1)  A(5)  G(2)  E(4)  C(1) 
3149439319 11744.76 || noQ Q (Avg,Max,Min) (1.00, 1.00, 1.00) (0.99, 0.92, 1.00) #fs:   0  -- #Conts: 14 H(1)  A(6)  G(2)  E(4)  C(1) 
3218222275 11521.18 || noQ Q (Avg,Max,Min) (1.00, 1.00, 1.00) (0.99, 0.94, 1.00) #fs:   0  -- #Conts: 12 A(6)  G(2)  E(3)  C(1) 
3219205923 11516.18 || noQ Q (Avg,Max,Min) (1.00, 1.00, 1.00) (1.00, 0.99, 1.00) #fs:   0  -- #Conts: 11 A(5)  G(2)  E(3)  C(1) 
3219739094 11515.18 || noQ Q (Avg,Max,Min) (1.00, 1.01, 1.00) (0.93, 0.20, 1.00) #fs:   0  -- #Conts: 12 A(6)  G(2)  E(3)  C(1) 
3219783257 11514.18 || noQ Q (Avg,Max,Min) (1.00, 1.00, 1.00) (1.00, 0.99, 1.00) #fs:   0  -- #Conts: 11 A(5)  G(2)  E(3)  C(1) 
3220282994 11512.18 || noQ Q (Avg,Max,Min) (1.00, 1.00, 0.98) (0.94, 0.34, 1.00) #fs:   1  -- #Conts: 12 A(6)  G(2)  E(3)  C(1) 
3220360543 11511.18 || noQ Q (Avg,Max,Min) (1.00, 1.00, 1.00) (1.00, 0.99, 1.00) #fs:   0  -- #Conts: 11 A(5)  G(2)  E(3)  C(1) 
3236986636 11510.18 || noQ Q (Avg,Max,Min) (1.00, 1.00, 1.00) (1.00, 0.98, 1.00) #fs:   0  -- #Conts: 12 A(6)  G(2)  E(3)  C(1) 
3244064743 11509.53 || noQ Q (Avg,Max,Min) (1.00, 1.00, 1.00) (0.99, 0.92, 1.00) #fs:   0  -- #Conts: 13 A(7)  G(2)  E(3)  C(1) 
3870133329 11487.71 || noQ Q (Avg,Max,Min) (1.00, 1.01, 1.00) (0.93, 0.16, 1.00) #fs:   0  -- #Conts: 14 H(1)  A(7)  G(2)  E(4) 
3870542195 11471.94 || noQ Q (Avg,Max,Min) (1.00, 1.00, 1.00) (0.99, 0.92, 1.00) #fs:   0  -- #Conts: 13 A(7)  G(2)  E(4) 
3871777824 11462.88 || noQ Q (Avg,Max,Min) (1.00, 1.00, 1.00) (0.96, 0.62, 1.00) #fs:   0  -- #Conts: 14 A(7)  G(2)  E(5) 
3876082462 11460.35 || noQ Q (Avg,Max,Min) (1.00, 1.00, 1.00) (0.95, 0.62, 1.00) #fs:   0  -- #Conts: 13 A(5)  G(2)  E(6) 
3886559384 11458.65 || noQ Q (Avg,Max,Min) (1.00, 1.00, 1.00) (0.97, 0.72, 1.00) #fs:   0  -- #Conts: 13 A(6)  G(2)  E(5) 
3893385582 11457.94 || noQ Q (Avg,Max,Min) (1.00, 1.00, 1.00) (0.99, 0.92, 1.00) #fs:   0  -- #Conts: 13 A(7)  G(2)  E(4) 
4051706669 11409.71 || noQ Q (Avg,Max,Min) (1.00, 1.01, 1.00) (0.92, 0.16, 1.00) #fs:   0  -- #Conts: 12 H(1)  A(5)  G(1)  E(3)  C(2) 
4052116372 11393.94 || noQ Q (Avg,Max,Min) (1.00, 1.01, 1.00) (0.93, 0.27, 1.00) #fs:   0  -- #Conts: 12 A(5)  G(2)  E(3)  C(2) 
4053350327 11384.88 || noQ Q (Avg,Max,Min) (1.00, 1.00, 1.00) (0.99, 0.92, 1.00) #fs:   0  -- #Conts: 11 A(5)  G(1)  E(3)  C(2) 
4057956852 11383.59 || noQ Q (Avg,Max,Min) (1.00, 1.00, 1.00) (0.98, 0.92, 1.00) #fs:   0  -- #Conts: 11 A(5)  G(1)  E(3)  C(2) 
4068132724 11383.18 || noQ Q (Avg,Max,Min) (1.00, 1.00, 1.00) (0.98, 0.92, 1.00) #fs:   0  -- #Conts: 12 A(6)  G(1)  E(3)  C(2) 
4072742071 11381.88 || noQ Q (Avg,Max,Min) (1.00, 1.00, 1.00) (0.98, 0.92, 1.00) #fs:   0  -- #Conts: 12 A(6)  G(1)  E(3)  C(2) 
4219050042 11379.41 || noQ Q (Avg,Max,Min) (1.00, 1.00, 1.00) (0.99, 0.92, 1.00) #fs:   0  -- #Conts: 13 A(6)  G(2)  E(3)  C(2) 
4233835240 11377.71 || noQ Q (Avg,Max,Min) (1.00, 1.00, 1.00) (0.98, 0.92, 1.00) #fs:   0  -- #Conts: 14 A(7)  G(2)  E(3)  C(2) 
4379403265 11274.12 || noQ Q (Avg,Max,Min) (1.00, 1.01, 1.00) (0.93, 0.16, 1.00) #fs:   0  -- #Conts: 14 H(1)  A(7)  G(1)  E(3)  C(2) 
4379812968 11258.35 || noQ Q (Avg,Max,Min) (1.00, 1.01, 1.00) (0.94, 0.27, 1.00) #fs:   0  -- #Conts: 14 A(7)  G(2)  E(3)  C(2) 
4381046923 11249.29 || noQ Q (Avg,Max,Min) (1.00, 1.00, 1.00) (0.99, 0.92, 1.00) #fs:   0  -- #Conts: 13 A(7)  G(1)  E(3)  C(2) 
4382429879 11248.00 || noQ Q (Avg,Max,Min) (1.00, 1.00, 1.00) (0.97, 0.62, 1.00) #fs:   0  -- #Conts: 13 A(6)  G(1)  E(4)  C(2) 
4385653448 11246.00 || noQ Q (Avg,Max,Min) (1.00, 1.00, 1.00) (0.99, 0.92, 1.00) #fs:   0  -- #Conts: 12 A(6)  G(1)  E(3)  C(2) 
4400438667 11244.29 || noQ Q (Avg,Max,Min) (1.00, 1.00, 1.00) (0.99, 0.92, 1.00) #fs:   0  -- #Conts: 13 A(7)  G(1)  E(3)  C(2) 
4476154418 8902.41 || noQ Q (Avg,Max,Min) (1.00, 1.01, 1.00) (0.94, 0.19, 1.00) #fs:   0  -- #Conts: 14 H(2)  A(7)  E(4)  C(1) 
4476634011 8886.65 || noQ Q (Avg,Max,Min) (1.00, 1.00, 1.00) (0.95, 0.32, 1.00) #fs:   0  -- #Conts: 14 H(1)  A(7)  G(1)  E(4)  C(1) 
4477617659 8881.65 || noQ Q (Avg,Max,Min) (1.00, 1.00, 1.00) (0.97, 0.60, 1.00) #fs:   0  -- #Conts: 13 H(1)  A(6)  G(1)  E(4)  C(1) 
4478079444 8877.59 || noQ Q (Avg,Max,Min) (1.00, 1.00, 1.00) (0.98, 0.72, 1.00) #fs:   0  -- #Conts: 14 H(1)  A(7)  E(5)  C(1) 
4495381741 8876.88 || noQ Q (Avg,Max,Min) (1.00, 1.00, 1.00) (0.99, 0.94, 1.00) #fs:   0  -- #Conts: 13 H(1)  A(7)  E(4)  C(1) 
4512381741 8875.88 || noQ Q (Avg,Max,Min) (1.00, 1.00, 1.00) (1.00, 0.99, 1.00) #fs:   0  -- #Conts: 12 H(1)  A(6)  E(4)  C(1) 
4535909445 6399.88 || noQ Q (Avg,Max,Min) (1.00, 1.01, 1.00) (0.94, 0.16, 1.00) #fs:   0  -- #Conts: 15 H(2)  A(6)  E(5)  C(2) 
4536319148 6384.12 || noQ Q (Avg,Max,Min) (1.00, 1.01, 1.00) (0.95, 0.27, 1.00) #fs:   0  -- #Conts: 15 H(1)  A(6)  G(1)  E(5)  C(2) 
4537553940 6375.06 || noQ Q (Avg,Max,Min) (1.00, 1.00, 0.99) (0.99, 0.96, 1.00) #fs:   1  -- #Conts: 14 H(1)  A(6)  E(5)  C(2) 
4552334663 6373.35 || noQ Q (Avg,Max,Min) (1.00, 1.00, 1.00) (1.00, 0.96, 1.00) #fs:   0  -- #Conts: 14 H(1)  A(6)  E(5)  C(2) 
4863606041 6172.00 || noQ Q (Avg,Max,Min) (1.00, 1.01, 1.00) (0.94, 0.16, 1.00) #fs:   0  -- #Conts: 15 H(1)  A(7)  G(1)  E(4)  C(2) 
4864015744 6156.24 || noQ Q (Avg,Max,Min) (1.00, 1.01, 1.00) (0.95, 0.27, 1.00) #fs:   0  -- #Conts: 15 A(7)  G(2)  E(4)  C(2) 
4865250536 6147.18 || noQ Q (Avg,Max,Min) (1.00, 1.00, 1.00) (0.97, 0.62, 1.00) #fs:   0  -- #Conts: 15 A(7)  G(1)  E(5)  C(2) 
4880031259 6145.47 || noQ Q (Avg,Max,Min) (1.00, 1.00, 1.00) (0.99, 0.92, 1.00) #fs:   0  -- #Conts: 14 A(7)  G(1)  E(4)  C(2) 
5280124145 6117.71 || noQ Q (Avg,Max,Min) (1.00, 1.01, 1.00) (0.93, 0.16, 1.00) #fs:   0  -- #Conts: 13 H(1)  A(6)  E(6) 
5280533848 6101.94 || noQ Q (Avg,Max,Min) (1.00, 1.01, 1.00) (0.94, 0.27, 1.00) #fs:   0  -- #Conts: 13 A(6)  G(1)  E(6) 
5281768640 6092.88 || noQ Q (Avg,Max,Min) (1.00, 1.00, 1.00) (0.96, 0.62, 1.00) #fs:   0  -- #Conts: 13 A(6)  E(7) 
5296549363 6091.18 || noQ Q (Avg,Max,Min) (1.00, 1.00, 1.00) (0.99, 0.90, 1.00) #fs:   0  -- #Conts: 12 A(6)  E(6) 
6443158939 5416.29 || noQ Q (Avg,Max,Min) (1.00, 1.01, 1.00) (0.92, 0.19, 1.00) #fs:   1  -- #Conts: 13 H(1)  A(5)  E(5)  C(2) 
6443732884 5411.29 || noQ Q (Avg,Max,Min) (1.00, 1.01, 1.00) (0.93, 0.35, 1.00) #fs:   1  -- #Conts: 13 H(1)  A(5)  E(5)  C(2) 
6444622180 5395.53 || noQ Q (Avg,Max,Min) (1.00, 1.00, 1.00) (0.95, 0.60, 1.00) #fs:   1  -- #Conts: 13 A(5)  G(1)  E(5)  C(2) 
6445410523 5393.18 || noQ Q (Avg,Max,Min) (1.00, 1.00, 1.00) (0.94, 0.62, 1.00) #fs:   1  -- #Conts: 14 A(5)  E(7)  C(2) 
6460184978 5391.47 || noQ Q (Avg,Max,Min) (1.00, 1.00, 1.00) (0.96, 0.72, 1.00) #fs:   1  -- #Conts: 13 A(5)  E(6)  C(2) 
6462386262 5390.76 || noQ Q (Avg,Max,Min) (1.00, 1.00, 1.00) (0.98, 0.90, 1.00) #fs:   1  -- #Conts: 12 A(5)  E(5)  C(2) 
6479386262 5389.76 || noQ Q (Avg,Max,Min) (1.00, 1.00, 1.00) (0.98, 0.90, 1.00) #fs:   1  -- #Conts: 12 A(5)  E(5)  C(2) 
/////////////////size: 122
nodes 48 edges 56
 mulT: 10000 mulD: 500  sumData GB 674
pareto /SIPHT.n.50.0.dax time -> 860.0
moheft /SIPHT.n.50.0.dax time -> 1537.0
distance from M to C 0.0
distance from P to C 564.252391307612
distance from C to M 12.87102978116214
distance from C to P 490.44235294117715
toCompare: /SIPHT.n.50.0.dax sumDataGB: 674 mulT: 10000 mulD: 500 paretoOptTime_MS: 860.0 MoheftOptimizationTime_MS: 1537.0 MtoC 0.0 PtoC 564.252391307612 CtoM 12.87102978116214 CtoP 490.44235294117715
