specify -Dflow d,b,mt,md,size
Running /home/vaggelis/jc/CYBERSHAKE.n.100.0.dax mt 10 md: 500 size null
    386893 064.06 || noQ Q (Avg,Max,Min) (5.71, 8.56, 1.01) (0.58, 0.00, 0.92) #fs:   2  -- #Conts: 3 H(2)  A(1) 
    387390 063.06 || noQ Q (Avg,Max,Min) (8.06, 8.56, 7.56) (0.87, 0.81, 0.92) #fs:   2  -- #Conts: 2 H(2) 
    630278 047.29 || noQ Q (Avg,Max,Min) (5.16, 5.67, 4.65) (0.90, 0.81, 0.99) #fs:   2  -- #Conts: 2 H(1)  G(1) 
    663059 032.53 || noQ Q (Avg,Max,Min) (3.74, 5.39, 1.01) (0.63, 0.00, 0.99) #fs:   2  -- #Conts: 3 G(2)  A(1) 
    663910 031.53 || noQ Q (Avg,Max,Min) (5.11, 5.39, 4.83) (0.94, 0.89, 0.99) #fs:   2  -- #Conts: 2 G(2) 
   1294186 015.76 || noQ Q (Avg,Max,Min) (5.23, 5.23, 5.23) (1.88, 1.88, 1.88) #fs:   0  -- #Conts: 1 G(1) 
   1497066 013.41 || noQ Q (Avg,Max,Min) (2.81, 2.92, 2.70) (1.17, 1.12, 1.21) #fs:   2  -- #Conts: 2 E(2) 
   2461035 010.71 || noQ Q (Avg,Max,Min) (2.45, 2.70, 2.20) (1.31, 1.12, 1.50) #fs:   0  -- #Conts: 2 E(1)  C(1) 
   2586666 008.00 || noQ Q (Avg,Max,Min) (2.04, 2.09, 1.98) (1.46, 1.42, 1.50) #fs:   2  -- #Conts: 2 C(2) 
   2918741 006.71 || noQ Q (Avg,Max,Min) (2.88, 2.88, 2.88) (2.33, 2.33, 2.33) #fs:   0  -- #Conts: 1 E(1) 
/////////////////size: 10
    738634 059.29 || noQ Q (Avg,Max,Min) (1.38, 8.42, 0.15) (0.17, 0.00, 1.73) #fs:  10  -- #Conts: 11 H(1)  A(8)  G(1)  C(1) 
    738851 043.53 || noQ Q (Avg,Max,Min) (1.39, 8.42, 0.15) (0.19, 0.00, 1.73) #fs:  10  -- #Conts: 10 H(1)  A(8)  C(1) 
    739100 040.53 || noQ Q (Avg,Max,Min) (1.43, 8.41, 0.15) (0.19, 0.00, 1.73) #fs:  10  -- #Conts: 10 H(1)  A(9) 
    741744 039.53 || noQ Q (Avg,Max,Min) (1.52, 8.39, 0.15) (0.20, 0.00, 1.73) #fs:   7  -- #Conts: 9 H(1)  A(8) 
    741994 038.53 || noQ Q (Avg,Max,Min) (1.58, 8.39, 0.15) (0.23, 0.00, 1.73) #fs:   7  -- #Conts: 8 H(1)  A(7) 
    742586 037.53 || noQ Q (Avg,Max,Min) (1.66, 8.38, 0.15) (0.26, 0.00, 1.73) #fs:   7  -- #Conts: 7 H(1)  A(6) 
    744150 036.53 || noQ Q (Avg,Max,Min) (1.86, 8.36, 0.15) (0.30, 0.01, 1.73) #fs:   7  -- #Conts: 6 H(1)  A(5) 
    746141 035.53 || noQ Q (Avg,Max,Min) (2.20, 8.34, 0.30) (0.36, 0.01, 1.73) #fs:   5  -- #Conts: 5 H(1)  A(4) 
    748038 034.53 || noQ Q (Avg,Max,Min) (2.49, 8.33, 0.30) (0.45, 0.01, 1.73) #fs:   5  -- #Conts: 4 H(1)  A(3) 
    748745 033.53 || noQ Q (Avg,Max,Min) (2.98, 8.32, 0.30) (0.59, 0.02, 1.73) #fs:   5  -- #Conts: 3 H(1)  A(2) 
    752757 032.53 || noQ Q (Avg,Max,Min) (4.29, 8.28, 0.31) (0.88, 0.02, 1.73) #fs:   2  -- #Conts: 2 H(1)  A(1) 
    755162 031.53 || noQ Q (Avg,Max,Min) (8.26, 8.26, 8.26) (1.73, 1.73, 1.73) #fs:   0  -- #Conts: 1 H(1) 
   1265883 027.47 || noQ Q (Avg,Max,Min) (1.13, 5.33, 0.14) (0.29, 0.00, 1.87) #fs:  11  -- #Conts: 7 G(1)  A(5)  E(1) 
   1266250 020.76 || noQ Q (Avg,Max,Min) (1.12, 5.33, 0.14) (0.33, 0.02, 1.87) #fs:  11  -- #Conts: 6 G(1)  A(5) 
   1270767 019.76 || noQ Q (Avg,Max,Min) (1.26, 5.31, 0.15) (0.40, 0.02, 1.88) #fs:   9  -- #Conts: 5 G(1)  A(4) 
   1276148 018.76 || noQ Q (Avg,Max,Min) (1.54, 5.29, 0.24) (0.49, 0.03, 1.88) #fs:   6  -- #Conts: 4 G(1)  A(3) 
   1282030 017.76 || noQ Q (Avg,Max,Min) (1.95, 5.27, 0.24) (0.65, 0.03, 1.88) #fs:   5  -- #Conts: 3 G(1)  A(2) 
   1288150 016.76 || noQ Q (Avg,Max,Min) (2.76, 5.25, 0.26) (0.95, 0.03, 1.88) #fs:   2  -- #Conts: 2 G(1)  A(1) 
   1294186 015.76 || noQ Q (Avg,Max,Min) (5.23, 5.23, 5.23) (1.88, 1.88, 1.88) #fs:   0  -- #Conts: 1 G(1) 
   2854922 014.71 || noQ Q (Avg,Max,Min) (0.86, 2.92, 0.05) (0.41, 0.00, 2.32) #fs:   8  -- #Conts: 6 A(4)  E(1)  C(1) 
   2855758 010.71 || noQ Q (Avg,Max,Min) (0.82, 2.92, 0.05) (0.49, 0.02, 2.32) #fs:   8  -- #Conts: 5 A(4)  E(1) 
   2862456 009.71 || noQ Q (Avg,Max,Min) (0.97, 2.91, 0.06) (0.61, 0.02, 2.32) #fs:   6  -- #Conts: 4 A(3)  E(1) 
   2882886 008.71 || noQ Q (Avg,Max,Min) (1.06, 2.90, 0.07) (0.80, 0.03, 2.32) #fs:   3  -- #Conts: 3 A(2)  E(1) 
   2894698 007.71 || noQ Q (Avg,Max,Min) (1.55, 2.89, 0.21) (1.19, 0.05, 2.33) #fs:   2  -- #Conts: 2 A(1)  E(1) 
   2918741 006.71 || noQ Q (Avg,Max,Min) (2.88, 2.88, 2.88) (2.33, 2.33, 2.33) #fs:   0  -- #Conts: 1 E(1) 
   9286144 006.00 || noQ Q (Avg,Max,Min) (7.21, 9.87, 2.52) (6.70, 2.52, 9.24) #fs:   0  -- #Conts: 3 A(2)  C(1) 
/////////////////size: 26
nodes 100 edges 192
 mulT: 10 mulD: 500  sumData GB 48799
pareto /CYBERSHAKE.n.100.0.dax time -> 1360.0
moheft /CYBERSHAKE.n.100.0.dax time -> 579.0
distance from M to C 1.7981254353604126
distance from P to C 0.0
distance from C to M 0.2389944369775635
distance from C to P 0.9013354735708192
toCompare: /CYBERSHAKE.n.100.0.dax sumDataGB: 48799 mulT: 10 mulD: 500 paretoOptTime_MS: 1360.0 MoheftOptimizationTime_MS: 579.0 MtoC 1.7981254353604126 PtoC 0.0 CtoM 0.2389944369775635 CtoP 0.9013354735708192
