specify -Dflow d,b,mt,md,size
Running /home/vaggelis/jc/SIPHT.n.50.0.dax mt 50 md: 5000 size null
   8568208 283.76 || noQ Q (Avg,Max,Min) (0.97, 1.06, 0.73) (0.79, 0.58, 0.95) #fs:   5  -- #Conts: 5 H(5) 
   8577065 252.24 || noQ Q (Avg,Max,Min) (1.01, 1.06, 0.94) (0.85, 0.62, 0.95) #fs:   4  -- #Conts: 5 H(5) 
   8975764 220.71 || noQ Q (Avg,Max,Min) (1.02, 1.34, 0.82) (0.89, 0.62, 1.28) #fs:   4  -- #Conts: 4 H(4) 
  11807404 204.94 || noQ Q (Avg,Max,Min) (1.09, 1.57, 0.88) (0.90, 0.60, 1.40) #fs:   4  -- #Conts: 5 H(1)  G(4) 
  13349870 189.18 || noQ Q (Avg,Max,Min) (1.08, 1.57, 0.79) (0.98, 0.74, 1.40) #fs:   4  -- #Conts: 4 G(4) 
  13564234 173.41 || noQ Q (Avg,Max,Min) (1.16, 1.57, 0.97) (1.04, 0.91, 1.40) #fs:   3  -- #Conts: 4 G(4) 
  27726379 160.94 || noQ Q (Avg,Max,Min) (1.02, 1.24, 0.83) (0.92, 0.83, 0.99) #fs:   2  -- #Conts: 4 E(4) 
  28031911 154.24 || noQ Q (Avg,Max,Min) (1.05, 1.24, 0.83) (0.96, 0.83, 1.03) #fs:   1  -- #Conts: 4 E(4) 
  46564555 152.12 || noQ Q (Avg,Max,Min) (1.03, 1.15, 1.00) (0.94, 0.77, 1.02) #fs:   1  -- #Conts: 6 E(1)  C(5) 
  46573509 148.00 || noQ Q (Avg,Max,Min) (1.03, 1.15, 1.00) (0.98, 0.88, 1.02) #fs:   1  -- #Conts: 6 C(6) 
/////////////////size: 10
   7536791 252.24 || noQ Q (Avg,Max,Min) (1.07, 1.20, 0.92) (0.80, 0.64, 0.92) #fs:   3  -- #Conts: 4 H(3)  G(1) 
   7561668 220.71 || noQ Q (Avg,Max,Min) (1.09, 1.28, 0.92) (0.91, 0.64, 1.25) #fs:   2  -- #Conts: 4 H(3)  G(1) 
   8663224 189.18 || noQ Q (Avg,Max,Min) (1.20, 1.29, 1.05) (1.07, 0.92, 1.28) #fs:   0  -- #Conts: 3 H(3) 
  14844585 177.76 || noQ Q (Avg,Max,Min) (1.15, 1.33, 1.00) (1.04, 0.78, 1.29) #fs:   1  -- #Conts: 4 H(3)  E(1) 
  19595972 168.35 || noQ Q (Avg,Max,Min) (1.13, 1.49, 0.57) (1.03, 0.36, 1.49) #fs:   2  -- #Conts: 6 H(3)  A(1)  E(2) 
  19612229 167.35 || noQ Q (Avg,Max,Min) (1.21, 1.49, 1.01) (1.06, 0.55, 1.49) #fs:   0  -- #Conts: 6 H(3)  A(1)  E(2) 
  19776566 166.35 || noQ Q (Avg,Max,Min) (1.25, 1.49, 1.02) (1.17, 0.83, 1.49) #fs:   0  -- #Conts: 5 H(3)  E(2) 
  24149285 163.65 || noQ Q (Avg,Max,Min) (1.34, 1.69, 1.01) (1.26, 0.95, 1.49) #fs:   0  -- #Conts: 5 H(3)  E(1)  C(1) 
  24556491 161.29 || noQ Q (Avg,Max,Min) (1.26, 1.89, 1.00) (0.99, 0.77, 1.22) #fs:   0  -- #Conts: 6 G(3)  E(2)  C(1) 
  25797275 156.59 || noQ Q (Avg,Max,Min) (1.16, 1.29, 1.01) (1.05, 0.82, 1.29) #fs:   1  -- #Conts: 5 G(2)  E(2)  C(1) 
  29086678 153.88 || noQ Q (Avg,Max,Min) (1.26, 1.89, 1.00) (1.01, 0.78, 1.40) #fs:   1  -- #Conts: 6 G(1)  E(4)  C(1) 
  30610107 152.47 || noQ Q (Avg,Max,Min) (1.15, 1.27, 1.02) (1.06, 0.93, 1.21) #fs:   0  -- #Conts: 4 G(2)  E(1)  C(1) 
  30697949 147.53 || noQ Q (Avg,Max,Min) (1.09, 1.12, 1.04) (0.99, 0.95, 1.02) #fs:   0  -- #Conts: 4 E(4) 
  34277935 147.18 || noQ Q (Avg,Max,Min) (1.28, 1.76, 1.01) (1.10, 0.86, 1.40) #fs:   1  -- #Conts: 5 G(1)  E(3)  C(1) 
  35451755 144.41 || noQ Q (Avg,Max,Min) (1.17, 1.63, 1.00) (0.85, 0.04, 1.08) #fs:   0  -- #Conts: 6 A(1)  E(4)  C(1) 
  37328896 144.29 || noQ Q (Avg,Max,Min) (1.19, 1.63, 1.00) (0.92, 0.04, 1.43) #fs:   0  -- #Conts: 7 A(1)  E(4)  C(2) 
  37348063 143.29 || noQ Q (Avg,Max,Min) (1.12, 1.44, 1.00) (1.06, 0.86, 1.43) #fs:   0  -- #Conts: 6 E(4)  C(2) 
  39016851 141.82 || noQ Q (Avg,Max,Min) (1.08, 1.11, 1.04) (0.96, 0.68, 1.08) #fs:   0  -- #Conts: 5 A(1)  E(4) 
  39328596 140.82 || noQ Q (Avg,Max,Min) (1.08, 1.11, 1.04) (1.03, 1.00, 1.08) #fs:   0  -- #Conts: 4 E(4) 
  44537275 137.59 || noQ Q (Avg,Max,Min) (1.07, 1.12, 1.00) (0.97, 0.64, 1.09) #fs:   0  -- #Conts: 5 A(1)  E(2)  C(2) 
  45031551 136.59 || noQ Q (Avg,Max,Min) (1.07, 1.12, 1.00) (1.06, 1.00, 1.11) #fs:   0  -- #Conts: 4 E(2)  C(2) 
/////////////////size: 21
nodes 48 edges 56
 mulT: 50 mulD: 5000  sumData GB 6744
pareto /SIPHT.n.50.0.dax time -> 930.0
moheft /SIPHT.n.50.0.dax time -> 319.0
distance from M to C 0.09523809523809523
distance from P to C 4.860812982062088
distance from C to M 0.1818181818181818
distance from C to P 4.81620885613925
toCompare: /SIPHT.n.50.0.dax sumDataGB: 6744 mulT: 50 mulD: 5000 paretoOptTime_MS: 930.0 MoheftOptimizationTime_MS: 319.0 MtoC 0.09523809523809523 PtoC 4.860812982062088 CtoM 0.1818181818181818 CtoP 4.81620885613925
