specify -Dflow d,b,mt,md,size
Running /home/vaggelis/jc/MONTAGE.n.100.0.dax mt 10 md: 1000 size null
    309688 126.12 || noQ Q (Avg,Max,Min) (16.40, 24.12, 10.00) (0.34, 0.02, 1.31) #fs:   0  -- #Conts: 5 H(3)  G(2) 
    310818 110.35 || noQ Q (Avg,Max,Min) (16.12, 24.12, 10.00) (0.34, 0.02, 1.31) #fs:   1  -- #Conts: 5 H(2)  G(3) 
    312797 094.59 || noQ Q (Avg,Max,Min) (17.37, 24.08, 10.00) (0.57, 0.19, 1.30) #fs:   2  -- #Conts: 3 H(3) 
    323456 063.06 || noQ Q (Avg,Max,Min) (15.87, 17.15, 10.00) (0.82, 0.34, 1.31) #fs:   2  -- #Conts: 2 H(2) 
    354655 047.29 || noQ Q (Avg,Max,Min) (12.81, 13.30, 10.00) (0.83, 0.35, 1.31) #fs:   1  -- #Conts: 2 H(1)  G(1) 
    366530 031.53 || noQ Q (Avg,Max,Min) (13.16, 13.16, 10.00) (1.34, 1.34, 1.34) #fs:   0  -- #Conts: 1 H(1) 
    628129 015.76 || noQ Q (Avg,Max,Min) (8.09, 8.09, 8.09) (1.41, 1.41, 1.41) #fs:   0  -- #Conts: 1 G(1) 
    970294 013.41 || noQ Q (Avg,Max,Min) (5.57, 6.07, 5.07) (1.37, 1.10, 1.64) #fs:   3  -- #Conts: 2 E(2) 
   1201030 012.00 || noQ Q (Avg,Max,Min) (3.78, 4.16, 3.49) (1.03, 0.74, 1.39) #fs:   3  -- #Conts: 3 C(3) 
   1384359 010.71 || noQ Q (Avg,Max,Min) (4.03, 4.63, 3.42) (1.44, 1.10, 1.78) #fs:   1  -- #Conts: 2 E(1)  C(1) 
   1416590 006.71 || noQ Q (Avg,Max,Min) (4.15, 4.15, 4.15) (1.63, 1.63, 1.63) #fs:   0  -- #Conts: 1 E(1) 
   2447742 004.00 || noQ Q (Avg,Max,Min) (2.82, 2.82, 2.82) (1.92, 1.92, 1.92) #fs:   0  -- #Conts: 1 C(1) 
/////////////////size: 12
    548790 245.35 || noQ Q (Avg,Max,Min) (8.85, 45.85, 1.77) (0.11, 0.02, 0.77) #fs:   4  -- #Conts: 22 H(3)  G(5)  A(1)  E(7)  C(6) 
    549511 229.59 || noQ Q (Avg,Max,Min) (8.58, 45.85, 1.77) (0.12, 0.02, 0.77) #fs:   4  -- #Conts: 21 H(3)  G(4)  A(1)  E(7)  C(6) 
    549749 225.59 || noQ Q (Avg,Max,Min) (8.79, 45.85, 1.77) (0.12, 0.03, 0.77) #fs:   4  -- #Conts: 20 H(3)  G(4)  A(1)  E(7)  C(5) 
    549830 213.82 || noQ Q (Avg,Max,Min) (8.30, 45.85, 1.77) (0.12, 0.03, 0.77) #fs:   4  -- #Conts: 20 H(3)  G(3)  A(1)  E(7)  C(6) 
    551077 198.06 || noQ Q (Avg,Max,Min) (6.04, 14.43, 1.25) (0.12, 0.02, 0.77) #fs:   6  -- #Conts: 20 H(2)  G(4)  A(1)  E(7)  C(6) 
    551315 194.06 || noQ Q (Avg,Max,Min) (6.15, 14.46, 1.57) (0.13, 0.03, 0.77) #fs:   6  -- #Conts: 19 H(2)  G(4)  A(1)  E(7)  C(5) 
    551396 182.29 || noQ Q (Avg,Max,Min) (5.63, 14.34, 1.57) (0.13, 0.03, 0.77) #fs:   6  -- #Conts: 19 H(2)  G(3)  A(1)  E(7)  C(6) 
    554404 150.76 || noQ Q (Avg,Max,Min) (5.27, 7.74, 1.77) (0.13, 0.03, 0.77) #fs:   5  -- #Conts: 18 H(1)  G(3)  A(1)  E(7)  C(6) 
    556033 053.29 || noQ Q (Avg,Max,Min) (59.30, 282.80, 1.76) (0.36, 0.05, 0.90) #fs:   1  -- #Conts: 5 H(1)  G(1)  A(2)  C(1) 
    560345 021.76 || noQ Q (Avg,Max,Min) (4.18, 8.90, 1.76) (0.45, 0.05, 1.39) #fs:   1  -- #Conts: 4 G(1)  A(2)  C(1) 
    564416 020.76 || noQ Q (Avg,Max,Min) (4.97, 8.85, 1.78) (0.58, 0.05, 1.39) #fs:   1  -- #Conts: 3 G(1)  A(1)  C(1) 
    570195 019.76 || noQ Q (Avg,Max,Min) (6.53, 8.77, 4.29) (0.84, 0.29, 1.39) #fs:   0  -- #Conts: 2 G(1)  C(1) 
    599132 018.76 || noQ Q (Avg,Max,Min) (3.43, 8.41, 1.76) (0.43, 0.10, 1.40) #fs:   1  -- #Conts: 4 G(1)  A(3) 
    605469 017.76 || noQ Q (Avg,Max,Min) (3.96, 8.35, 1.76) (0.54, 0.10, 1.40) #fs:   0  -- #Conts: 3 G(1)  A(2) 
    617812 016.76 || noQ Q (Avg,Max,Min) (4.99, 8.21, 1.77) (0.76, 0.10, 1.41) #fs:   0  -- #Conts: 2 G(1)  A(1) 
    628129 015.76 || noQ Q (Avg,Max,Min) (8.09, 8.09, 8.09) (1.41, 1.41, 1.41) #fs:   0  -- #Conts: 1 G(1) 
    912707 015.71 || noQ Q (Avg,Max,Min) (3.64, 6.05, 1.77) (0.76, 0.16, 1.53) #fs:   5  -- #Conts: 4 A(1)  E(1)  C(2) 
    937227 014.71 || noQ Q (Avg,Max,Min) (4.20, 5.91, 3.06) (0.98, 0.63, 1.54) #fs:   5  -- #Conts: 3 E(1)  C(2) 
   1123478 013.71 || noQ Q (Avg,Max,Min) (2.47, 4.63, 1.32) (0.61, 0.23, 1.45) #fs:   7  -- #Conts: 5 A(3)  E(1)  C(1) 
   1195616 011.71 || noQ Q (Avg,Max,Min) (2.09, 4.60, 1.34) (0.51, 0.26, 1.53) #fs:   6  -- #Conts: 6 A(5)  E(1) 
   1245101 010.71 || noQ Q (Avg,Max,Min) (2.12, 4.47, 1.38) (0.57, 0.26, 1.55) #fs:   5  -- #Conts: 5 A(4)  E(1) 
   1286825 009.71 || noQ Q (Avg,Max,Min) (2.27, 4.49, 1.45) (0.69, 0.33, 1.60) #fs:   5  -- #Conts: 4 A(3)  E(1) 
   1355901 008.71 || noQ Q (Avg,Max,Min) (2.45, 4.39, 1.41) (0.82, 0.39, 1.65) #fs:   4  -- #Conts: 3 A(2)  E(1) 
   1370526 007.71 || noQ Q (Avg,Max,Min) (2.95, 4.41, 1.49) (1.08, 0.48, 1.68) #fs:   2  -- #Conts: 2 A(1)  E(1) 
   1416590 006.71 || noQ Q (Avg,Max,Min) (4.15, 4.15, 4.15) (1.63, 1.63, 1.63) #fs:   0  -- #Conts: 1 E(1) 
   1970242 006.00 || noQ Q (Avg,Max,Min) (2.25, 3.48, 1.63) (1.12, 0.67, 1.90) #fs:   3  -- #Conts: 3 A(2)  C(1) 
   2159609 005.00 || noQ Q (Avg,Max,Min) (2.61, 3.59, 1.63) (1.52, 0.88, 2.15) #fs:   2  -- #Conts: 2 A(1)  C(1) 
   2447742 004.00 || noQ Q (Avg,Max,Min) (2.82, 2.82, 2.82) (1.92, 1.92, 1.92) #fs:   0  -- #Conts: 1 C(1) 
/////////////////size: 28
nodes 100 edges 234
 mulT: 10 mulD: 1000  sumData GB 1848
pareto /MONTAGE.n.100.0.dax time -> 12372.0
moheft /MONTAGE.n.100.0.dax time -> 1600.0
distance from M to C 5.550492693760842
distance from P to C 0.10784313725490202
distance from C to M 0.5198423673753758
distance from C to P 1.0497999218559175
toCompare: /MONTAGE.n.100.0.dax sumDataGB: 1848 mulT: 10 mulD: 1000 paretoOptTime_MS: 12372.0 MoheftOptimizationTime_MS: 1600.0 MtoC 5.550492693760842 PtoC 0.10784313725490202 CtoM 0.5198423673753758 CtoP 1.0497999218559175
