specify -Dflow d,b,mt,md,size
Running /home/vaggelis/jc/LIGO.n.50.0.dax mt 1000 md: 5000 size null
  48602583 4020.00 || noQ Q (Avg,Max,Min) (0.98, 1.02, 0.80) (0.93, 0.75, 1.00) #fs:   9  -- #Conts: 20 H(19)  G(1) 
  50488592 3893.88 || noQ Q (Avg,Max,Min) (1.00, 1.02, 0.90) (0.94, 0.87, 1.00) #fs:   1  -- #Conts: 22 H(17)  G(5) 
  57677271 3846.59 || noQ Q (Avg,Max,Min) (1.00, 1.02, 1.00) (0.95, 0.87, 1.00) #fs:   0  -- #Conts: 22 H(17)  G(5) 
  60088411 3815.06 || noQ Q (Avg,Max,Min) (0.99, 1.00, 0.75) (0.93, 0.70, 1.00) #fs:   2  -- #Conts: 22 H(11)  G(11) 
  60434145 3799.29 || noQ Q (Avg,Max,Min) (0.99, 1.00, 0.75) (0.93, 0.70, 1.00) #fs:   3  -- #Conts: 22 H(10)  G(12) 
  65639245 3673.18 || noQ Q (Avg,Max,Min) (1.00, 1.00, 0.91) (0.93, 0.85, 1.00) #fs:   1  -- #Conts: 22 H(10)  G(12) 
  65984979 3657.41 || noQ Q (Avg,Max,Min) (1.00, 1.00, 0.91) (0.93, 0.85, 1.00) #fs:   2  -- #Conts: 22 H(9)  G(13) 
  66478235 3641.65 || noQ Q (Avg,Max,Min) (1.00, 1.00, 0.91) (0.93, 0.85, 1.00) #fs:   2  -- #Conts: 22 H(8)  G(14) 
  74070109 3625.88 || noQ Q (Avg,Max,Min) (0.99, 1.00, 0.73) (0.93, 0.71, 1.00) #fs:   2  -- #Conts: 22 H(6)  G(16) 
  76785019 3594.35 || noQ Q (Avg,Max,Min) (0.98, 1.00, 0.67) (0.93, 0.64, 1.00) #fs:   2  -- #Conts: 22 H(4)  G(18) 
  77154440 3562.82 || noQ Q (Avg,Max,Min) (0.98, 1.00, 0.67) (0.93, 0.64, 1.00) #fs:   2  -- #Conts: 22 H(3)  G(19) 
  81824433 3531.29 || noQ Q (Avg,Max,Min) (0.98, 1.00, 0.59) (0.93, 0.58, 1.00) #fs:   2  -- #Conts: 22 H(1)  G(21) 
  82070739 3352.82 || noQ Q (Avg,Max,Min) (1.00, 1.00, 0.91) (0.95, 0.87, 1.00) #fs:   1  -- #Conts: 22 G(21)  E(1) 
  84166523 3316.24 || noQ Q (Avg,Max,Min) (1.00, 1.00, 0.87) (0.96, 0.87, 1.00) #fs:   1  -- #Conts: 23 G(21)  E(2) 
  93361061 3279.06 || noQ Q (Avg,Max,Min) (1.00, 1.00, 1.00) (0.97, 0.91, 1.00) #fs:   3  -- #Conts: 21 G(21) 
  98654566 3258.24 || noQ Q (Avg,Max,Min) (1.00, 1.00, 1.00) (0.98, 0.94, 1.00) #fs:   4  -- #Conts: 20 G(19)  E(1) 
 180238050 3117.76 || noQ Q (Avg,Max,Min) (1.00, 1.00, 1.00) (0.98, 0.95, 1.00) #fs:   0  -- #Conts: 23 E(22)  C(1) 
 213983014 3111.53 || noQ Q (Avg,Max,Min) (1.00, 1.02, 1.00) (0.96, 0.68, 1.00) #fs:   8  -- #Conts: 24 E(24) 
 220232153 3104.82 || noQ Q (Avg,Max,Min) (1.00, 1.02, 1.00) (0.94, 0.67, 1.00) #fs:   6  -- #Conts: 23 E(23) 
 262672593 3098.12 || noQ Q (Avg,Max,Min) (1.00, 1.02, 1.00) (0.95, 0.67, 1.00) #fs:   6  -- #Conts: 22 E(22) 
 282416528 3091.41 || noQ Q (Avg,Max,Min) (1.00, 1.02, 1.00) (0.95, 0.67, 1.00) #fs:   6  -- #Conts: 21 E(21) 
 306826810 3078.00 || noQ Q (Avg,Max,Min) (1.00, 1.02, 1.00) (0.95, 0.67, 1.00) #fs:   6  -- #Conts: 20 E(20) 
/////////////////size: 22
 139764646 3547.29 || noQ Q (Avg,Max,Min) (1.00, 1.08, 0.97) (0.95, 0.89, 1.00) #fs:   3  -- #Conts: 19 H(10)  G(8)  A(1) 
 142020025 3531.53 || noQ Q (Avg,Max,Min) (1.00, 1.08, 0.98) (0.95, 0.89, 1.00) #fs:   3  -- #Conts: 18 H(9)  G(8)  A(1) 
 142901902 3500.00 || noQ Q (Avg,Max,Min) (1.00, 1.08, 0.98) (0.96, 0.90, 1.00) #fs:   3  -- #Conts: 17 H(8)  G(8)  A(1) 
 146161760 3484.24 || noQ Q (Avg,Max,Min) (1.00, 1.08, 0.98) (0.95, 0.90, 1.00) #fs:   3  -- #Conts: 18 H(8)  G(9)  A(1) 
 146671874 3468.47 || noQ Q (Avg,Max,Min) (1.00, 1.08, 0.98) (0.97, 0.92, 1.00) #fs:   4  -- #Conts: 16 H(6)  G(9)  A(1) 
 146800524 3452.71 || noQ Q (Avg,Max,Min) (1.00, 1.08, 0.98) (0.97, 0.92, 1.00) #fs:   4  -- #Conts: 16 H(6)  G(9)  A(1) 
 147170235 3443.65 || noQ Q (Avg,Max,Min) (1.01, 1.08, 0.98) (0.93, 0.19, 1.00) #fs:   3  -- #Conts: 17 H(6)  G(9)  A(1)  E(1) 
 147653754 3440.94 || noQ Q (Avg,Max,Min) (1.01, 1.08, 0.98) (0.93, 0.32, 1.00) #fs:   3  -- #Conts: 17 H(6)  G(9)  A(1)  C(1) 
 151596008 3438.94 || noQ Q (Avg,Max,Min) (1.00, 1.08, 0.98) (0.96, 0.71, 1.00) #fs:   3  -- #Conts: 17 H(6)  G(9)  A(2) 
 155428768 3405.41 || noQ Q (Avg,Max,Min) (1.01, 1.12, 0.96) (0.92, 0.05, 1.00) #fs:   3  -- #Conts: 19 H(5)  G(13)  A(1) 
 155538513 3373.88 || noQ Q (Avg,Max,Min) (1.00, 1.08, 0.96) (0.97, 0.90, 1.00) #fs:   3  -- #Conts: 18 H(4)  G(13)  A(1) 
 172227225 3368.88 || noQ Q (Avg,Max,Min) (1.00, 1.08, 0.99) (0.96, 0.87, 1.00) #fs:   3  -- #Conts: 18 H(6)  G(11)  A(1) 
 173736181 3364.12 || noQ Q (Avg,Max,Min) (1.00, 1.08, 0.96) (0.93, 0.19, 1.00) #fs:   3  -- #Conts: 19 H(4)  G(12)  A(1)  E(2) 
 174219700 3361.41 || noQ Q (Avg,Max,Min) (1.00, 1.08, 0.96) (0.93, 0.32, 1.00) #fs:   3  -- #Conts: 19 H(4)  G(12)  A(1)  E(1)  C(1) 
 174833373 3337.35 || noQ Q (Avg,Max,Min) (1.01, 1.08, 0.99) (0.97, 0.87, 1.00) #fs:   3  -- #Conts: 17 H(5)  G(11)  A(1) 
 177349611 3321.59 || noQ Q (Avg,Max,Min) (1.01, 1.08, 0.99) (0.97, 0.87, 1.00) #fs:   3  -- #Conts: 16 H(4)  G(11)  A(1) 
 185206165 3305.82 || noQ Q (Avg,Max,Min) (1.01, 1.08, 0.99) (0.97, 0.87, 1.00) #fs:   3  -- #Conts: 16 H(4)  G(11)  A(1) 
 192640871 3290.06 || noQ Q (Avg,Max,Min) (1.01, 1.08, 0.99) (0.97, 0.87, 1.00) #fs:   3  -- #Conts: 15 H(3)  G(11)  A(1) 
 206411774 3274.29 || noQ Q (Avg,Max,Min) (1.01, 1.08, 0.99) (0.98, 0.92, 1.00) #fs:   3  -- #Conts: 14 H(3)  G(10)  A(1) 
 212176169 3269.82 || noQ Q (Avg,Max,Min) (1.01, 1.12, 0.99) (0.92, 0.05, 1.00) #fs:   3  -- #Conts: 17 H(3)  G(10)  A(1)  E(3) 
 212298839 3254.06 || noQ Q (Avg,Max,Min) (1.01, 1.08, 0.99) (0.93, 0.09, 1.00) #fs:   3  -- #Conts: 17 H(2)  G(11)  A(1)  E(3) 
 212660975 3238.29 || noQ Q (Avg,Max,Min) (1.01, 1.08, 0.99) (0.98, 0.92, 1.00) #fs:   3  -- #Conts: 16 H(2)  G(10)  A(1)  E(3) 
 229293804 3237.24 || noQ Q (Avg,Max,Min) (1.01, 1.08, 0.99) (0.94, 0.32, 1.00) #fs:   3  -- #Conts: 18 H(2)  G(10)  A(1)  E(4)  C(1) 
 233236058 3235.24 || noQ Q (Avg,Max,Min) (1.01, 1.08, 0.99) (0.97, 0.71, 1.00) #fs:   3  -- #Conts: 18 H(2)  G(10)  A(2)  E(4) 
 236032132 3228.47 || noQ Q (Avg,Max,Min) (1.01, 1.12, 1.00) (0.93, 0.05, 1.00) #fs:   0  -- #Conts: 18 H(2)  G(10)  A(2)  E(3)  C(1) 
 236145776 3196.94 || noQ Q (Avg,Max,Min) (1.01, 1.08, 1.00) (0.98, 0.88, 1.00) #fs:   0  -- #Conts: 17 H(1)  G(10)  A(2)  E(3)  C(1) 
 263171237 3183.94 || noQ Q (Avg,Max,Min) (1.01, 1.08, 1.00) (0.98, 0.92, 1.00) #fs:   0  -- #Conts: 14 H(1)  G(7)  A(1)  E(5) 
 269778381 3168.41 || noQ Q (Avg,Max,Min) (1.01, 1.08, 1.00) (0.99, 0.92, 1.00) #fs:   0  -- #Conts: 17 H(1)  G(7)  A(1)  E(8) 
 278340884 3167.35 || noQ Q (Avg,Max,Min) (1.01, 1.08, 1.00) (0.98, 0.92, 1.00) #fs:   0  -- #Conts: 15 H(1)  G(7)  A(1)  E(6) 
 278359178 3160.65 || noQ Q (Avg,Max,Min) (1.01, 1.08, 1.00) (0.99, 0.92, 1.00) #fs:   1  -- #Conts: 15 H(1)  G(7)  A(1)  E(6) 
 297029283 3154.47 || noQ Q (Avg,Max,Min) (1.00, 1.00, 1.00) (0.99, 0.96, 1.00) #fs:   0  -- #Conts: 18 A(1)  G(7)  E(10) 
 297417288 3138.71 || noQ Q (Avg,Max,Min) (1.00, 1.00, 0.99) (0.99, 0.97, 1.00) #fs:   1  -- #Conts: 18 A(1)  G(7)  E(10) 
 324496514 3123.29 || noQ Q (Avg,Max,Min) (1.00, 1.00, 1.00) (0.99, 0.96, 1.00) #fs:   0  -- #Conts: 19 A(1)  G(5)  E(12)  C(1) 
 356125741 3120.59 || noQ Q (Avg,Max,Min) (1.00, 1.02, 1.00) (0.96, 0.32, 1.00) #fs:   0  -- #Conts: 20 A(1)  G(5)  E(12)  C(2) 
 358889094 3111.18 || noQ Q (Avg,Max,Min) (1.00, 1.00, 1.00) (0.99, 0.97, 1.00) #fs:   0  -- #Conts: 19 A(1)  G(5)  E(12)  C(1) 
 368535250 3106.12 || noQ Q (Avg,Max,Min) (1.00, 1.00, 1.00) (0.99, 0.97, 1.00) #fs:   0  -- #Conts: 18 A(1)  G(4)  E(12)  C(1) 
 389459733 3104.12 || noQ Q (Avg,Max,Min) (1.00, 1.00, 1.00) (0.99, 0.97, 1.00) #fs:   0  -- #Conts: 16 A(1)  G(4)  E(10)  C(1) 
 414042962 3103.65 || noQ Q (Avg,Max,Min) (1.01, 1.07, 1.00) (0.92, 0.09, 1.00) #fs:   0  -- #Conts: 16 A(2)  G(3)  E(10)  C(1) 
 414399436 3087.88 || noQ Q (Avg,Max,Min) (1.00, 1.00, 1.00) (0.97, 0.74, 1.00) #fs:   0  -- #Conts: 15 A(2)  G(2)  E(10)  C(1) 
 464601422 3085.88 || noQ Q (Avg,Max,Min) (1.00, 1.00, 1.00) (0.99, 0.97, 1.00) #fs:   0  -- #Conts: 14 A(1)  G(2)  E(10)  C(1) 
 509007702 3085.82 || noQ Q (Avg,Max,Min) (1.00, 1.00, 0.98) (0.96, 0.60, 1.00) #fs:   1  -- #Conts: 13 A(2)  G(1)  E(9)  C(1) 
 509500382 3083.12 || noQ Q (Avg,Max,Min) (1.00, 1.02, 0.98) (0.91, 0.32, 1.00) #fs:   1  -- #Conts: 14 A(2)  G(1)  E(9)  C(2) 
 513442636 3081.12 || noQ Q (Avg,Max,Min) (1.00, 1.00, 0.98) (0.94, 0.60, 1.00) #fs:   1  -- #Conts: 14 A(3)  G(1)  E(9)  C(1) 
 577475646 3079.47 || noQ Q (Avg,Max,Min) (1.00, 1.02, 0.97) (0.94, 0.32, 1.00) #fs:   1  -- #Conts: 13 A(1)  E(9)  C(3) 
 581417900 3077.47 || noQ Q (Avg,Max,Min) (1.00, 1.00, 0.97) (0.97, 0.71, 1.00) #fs:   1  -- #Conts: 13 A(2)  E(9)  C(2) 
 613374086 3075.94 || noQ Q (Avg,Max,Min) (1.00, 1.00, 1.00) (0.96, 0.71, 1.00) #fs:   0  -- #Conts: 13 A(3)  E(8)  C(2) 
/////////////////size: 46
nodes 50 edges 60
 mulT: 1000 mulD: 5000  sumData GB 7239
pareto /LIGO.n.50.0.dax time -> 1718.0
moheft /LIGO.n.50.0.dax time -> 512.0
distance from M to C 19.00833432512648
distance from P to C 0.0
distance from C to M 89.50758352486933
distance from C to P 4.500633174384543
toCompare: /LIGO.n.50.0.dax sumDataGB: 7239 mulT: 1000 mulD: 5000 paretoOptTime_MS: 1718.0 MoheftOptimizationTime_MS: 512.0 MtoC 19.00833432512648 PtoC 0.0 CtoM 89.50758352486933 CtoP 4.500633174384543
