specify -Dflow d,b,mt,md,size
Running /home/vaggelis/jc/MONTAGE.n.100.0.dax mt 10 md: 1 size null
     25966 1954.82 || noQ Q (Avg,Max,Min) (0.94, 1.02, 0.67) (0.00, 0.00, 0.01) #fs:  30  -- #Conts: 62 H(62) 
     28370 1939.06 || noQ Q (Avg,Max,Min) (0.91, 1.02, 0.59) (0.00, 0.00, 0.01) #fs:  31  -- #Conts: 62 H(61)  G(1) 
     28378 1923.29 || noQ Q (Avg,Max,Min) (0.91, 1.02, 0.59) (0.00, 0.00, 0.01) #fs:  31  -- #Conts: 62 H(60)  G(2) 
     28380 1907.53 || noQ Q (Avg,Max,Min) (0.91, 1.02, 0.59) (0.00, 0.00, 0.01) #fs:  31  -- #Conts: 62 H(59)  G(3) 
     28387 1891.76 || noQ Q (Avg,Max,Min) (0.91, 1.02, 0.59) (0.00, 0.00, 0.01) #fs:  31  -- #Conts: 62 H(58)  G(4) 
     28389 1876.00 || noQ Q (Avg,Max,Min) (0.91, 1.02, 0.59) (0.00, 0.00, 0.01) #fs:  31  -- #Conts: 62 H(57)  G(5) 
     28398 1860.24 || noQ Q (Avg,Max,Min) (0.91, 1.02, 0.59) (0.00, 0.00, 0.01) #fs:  31  -- #Conts: 62 H(56)  G(6) 
     28406 1844.47 || noQ Q (Avg,Max,Min) (0.91, 1.02, 0.59) (0.00, 0.00, 0.01) #fs:  31  -- #Conts: 62 H(55)  G(7) 
     28409 1812.94 || noQ Q (Avg,Max,Min) (0.91, 1.02, 0.59) (0.00, 0.00, 0.01) #fs:  31  -- #Conts: 62 H(53)  G(9) 
     28410 1765.65 || noQ Q (Avg,Max,Min) (0.91, 1.02, 0.59) (0.00, 0.00, 0.01) #fs:  31  -- #Conts: 62 H(50)  G(12) 
     28411 1734.12 || noQ Q (Avg,Max,Min) (0.91, 1.02, 0.59) (0.00, 0.00, 0.01) #fs:  31  -- #Conts: 62 H(48)  G(14) 
     28415 1718.35 || noQ Q (Avg,Max,Min) (0.91, 1.02, 0.59) (0.00, 0.00, 0.01) #fs:  31  -- #Conts: 62 H(47)  G(15) 
     28428 1686.82 || noQ Q (Avg,Max,Min) (0.91, 1.02, 0.59) (0.00, 0.00, 0.01) #fs:  31  -- #Conts: 62 H(45)  G(17) 
     28430 1671.06 || noQ Q (Avg,Max,Min) (0.91, 1.02, 0.59) (0.00, 0.00, 0.01) #fs:  31  -- #Conts: 62 H(44)  G(18) 
     28439 1639.53 || noQ Q (Avg,Max,Min) (0.91, 1.02, 0.59) (0.00, 0.00, 0.01) #fs:  31  -- #Conts: 62 H(42)  G(20) 
     28445 1623.76 || noQ Q (Avg,Max,Min) (0.91, 1.02, 0.59) (0.00, 0.00, 0.01) #fs:  31  -- #Conts: 62 H(41)  G(21) 
     28446 1608.00 || noQ Q (Avg,Max,Min) (0.91, 1.02, 0.59) (0.00, 0.00, 0.01) #fs:  31  -- #Conts: 62 H(40)  G(22) 
     28447 1592.24 || noQ Q (Avg,Max,Min) (0.91, 1.02, 0.59) (0.00, 0.00, 0.01) #fs:  31  -- #Conts: 62 H(39)  G(23) 
     28456 1576.47 || noQ Q (Avg,Max,Min) (0.91, 1.02, 0.59) (0.00, 0.00, 0.01) #fs:  31  -- #Conts: 62 H(38)  G(24) 
     28457 1544.94 || noQ Q (Avg,Max,Min) (0.91, 1.02, 0.59) (0.00, 0.00, 0.01) #fs:  31  -- #Conts: 62 H(36)  G(26) 
     28463 1529.18 || noQ Q (Avg,Max,Min) (0.91, 1.02, 0.59) (0.00, 0.00, 0.01) #fs:  31  -- #Conts: 62 H(35)  G(27) 
     28467 1513.41 || noQ Q (Avg,Max,Min) (0.91, 1.02, 0.59) (0.00, 0.00, 0.01) #fs:  31  -- #Conts: 62 H(34)  G(28) 
     28471 1497.65 || noQ Q (Avg,Max,Min) (0.91, 1.02, 0.59) (0.00, 0.00, 0.01) #fs:  31  -- #Conts: 62 H(33)  G(29) 
     28474 1481.88 || noQ Q (Avg,Max,Min) (0.91, 1.02, 0.59) (0.00, 0.00, 0.01) #fs:  31  -- #Conts: 62 H(32)  G(30) 
     28487 1466.12 || noQ Q (Avg,Max,Min) (0.91, 1.02, 0.58) (0.00, 0.00, 0.01) #fs:  31  -- #Conts: 62 H(31)  G(31) 
     28492 1450.35 || noQ Q (Avg,Max,Min) (0.91, 1.02, 0.58) (0.00, 0.00, 0.01) #fs:  31  -- #Conts: 62 H(30)  G(32) 
     28493 1418.82 || noQ Q (Avg,Max,Min) (0.91, 1.02, 0.58) (0.00, 0.00, 0.01) #fs:  31  -- #Conts: 62 H(28)  G(34) 
     28495 1403.06 || noQ Q (Avg,Max,Min) (0.91, 1.02, 0.58) (0.00, 0.00, 0.01) #fs:  31  -- #Conts: 62 H(27)  G(35) 
     28497 1387.29 || noQ Q (Avg,Max,Min) (0.91, 1.02, 0.58) (0.00, 0.00, 0.01) #fs:  31  -- #Conts: 62 H(26)  G(36) 
     28505 1371.53 || noQ Q (Avg,Max,Min) (0.91, 1.02, 0.58) (0.00, 0.00, 0.01) #fs:  31  -- #Conts: 62 H(25)  G(37) 
     28512 1355.76 || noQ Q (Avg,Max,Min) (0.90, 1.02, 0.58) (0.00, 0.00, 0.01) #fs:  31  -- #Conts: 62 H(24)  G(38) 
     28514 1340.00 || noQ Q (Avg,Max,Min) (0.90, 1.02, 0.58) (0.00, 0.00, 0.01) #fs:  31  -- #Conts: 62 H(23)  G(39) 
     28515 1324.24 || noQ Q (Avg,Max,Min) (0.90, 1.02, 0.58) (0.00, 0.00, 0.01) #fs:  31  -- #Conts: 62 H(22)  G(40) 
     28517 1308.47 || noQ Q (Avg,Max,Min) (0.90, 1.02, 0.58) (0.00, 0.00, 0.01) #fs:  31  -- #Conts: 62 H(21)  G(41) 
     28521 1292.71 || noQ Q (Avg,Max,Min) (0.90, 1.02, 0.58) (0.00, 0.00, 0.01) #fs:  31  -- #Conts: 62 H(20)  G(42) 
     28523 1276.94 || noQ Q (Avg,Max,Min) (0.90, 1.02, 0.58) (0.00, 0.00, 0.01) #fs:  31  -- #Conts: 62 H(19)  G(43) 
     28524 1261.18 || noQ Q (Avg,Max,Min) (0.90, 1.02, 0.58) (0.00, 0.00, 0.01) #fs:  31  -- #Conts: 62 H(18)  G(44) 
     28553 1245.41 || noQ Q (Avg,Max,Min) (0.90, 1.01, 0.58) (0.00, 0.00, 0.01) #fs:  31  -- #Conts: 62 H(17)  G(45) 
     29119 1213.88 || noQ Q (Avg,Max,Min) (0.91, 1.01, 0.57) (0.00, 0.00, 0.01) #fs:  29  -- #Conts: 61 H(16)  G(45) 
     29142 1198.12 || noQ Q (Avg,Max,Min) (0.91, 1.01, 0.57) (0.00, 0.00, 0.01) #fs:  29  -- #Conts: 60 H(16)  G(44) 
     29229 1182.35 || noQ Q (Avg,Max,Min) (0.91, 1.01, 0.57) (0.00, 0.00, 0.01) #fs:  29  -- #Conts: 59 H(16)  G(43) 
     29256 1166.59 || noQ Q (Avg,Max,Min) (0.91, 1.01, 0.56) (0.00, 0.00, 0.01) #fs:  29  -- #Conts: 58 H(16)  G(42) 
     29266 1150.82 || noQ Q (Avg,Max,Min) (0.91, 1.01, 0.56) (0.00, 0.00, 0.01) #fs:  29  -- #Conts: 57 H(16)  G(41) 
     29286 1135.06 || noQ Q (Avg,Max,Min) (0.91, 1.01, 0.57) (0.00, 0.00, 0.01) #fs:  29  -- #Conts: 56 H(16)  G(40) 
     29319 1119.29 || noQ Q (Avg,Max,Min) (0.91, 1.01, 0.57) (0.00, 0.00, 0.01) #fs:  30  -- #Conts: 55 H(16)  G(39) 
     29342 1087.76 || noQ Q (Avg,Max,Min) (0.92, 1.01, 0.57) (0.00, 0.00, 0.01) #fs:  30  -- #Conts: 53 H(16)  G(37) 
     29346 1072.00 || noQ Q (Avg,Max,Min) (0.92, 1.01, 0.57) (0.00, 0.00, 0.01) #fs:  29  -- #Conts: 52 H(16)  G(36) 
     29356 1040.47 || noQ Q (Avg,Max,Min) (0.91, 1.01, 0.57) (0.00, 0.00, 0.01) #fs:  31  -- #Conts: 49 H(17)  G(32) 
     29361 1008.94 || noQ Q (Avg,Max,Min) (0.92, 1.01, 0.57) (0.00, 0.00, 0.01) #fs:  30  -- #Conts: 48 H(16)  G(32) 
     29373 993.18 || noQ Q (Avg,Max,Min) (0.91, 1.01, 0.73) (0.00, 0.00, 0.01) #fs:  31  -- #Conts: 46 H(17)  G(29) 
     29406 977.41 || noQ Q (Avg,Max,Min) (0.92, 1.01, 0.73) (0.00, 0.00, 0.01) #fs:  30  -- #Conts: 45 H(17)  G(28) 
     32850 898.59 || noQ Q (Avg,Max,Min) (0.85, 1.02, 0.63) (0.00, 0.00, 0.01) #fs:  29  -- #Conts: 29 H(28)  G(1) 
     32892 867.06 || noQ Q (Avg,Max,Min) (0.85, 1.02, 0.63) (0.00, 0.00, 0.01) #fs:  29  -- #Conts: 28 H(27)  G(1) 
     32929 835.53 || noQ Q (Avg,Max,Min) (0.85, 1.06, 0.63) (0.00, 0.00, 0.01) #fs:  29  -- #Conts: 27 H(26)  G(1) 
     32944 804.00 || noQ Q (Avg,Max,Min) (0.86, 1.02, 0.63) (0.00, 0.00, 0.01) #fs:  30  -- #Conts: 26 H(25)  G(1) 
     32959 772.47 || noQ Q (Avg,Max,Min) (0.86, 1.02, 0.63) (0.00, 0.00, 0.01) #fs:  29  -- #Conts: 25 H(24)  G(1) 
     33033 725.18 || noQ Q (Avg,Max,Min) (0.87, 1.02, 0.77) (0.00, 0.00, 0.01) #fs:  29  -- #Conts: 23 H(23) 
     33125 677.88 || noQ Q (Avg,Max,Min) (0.85, 1.02, 0.77) (0.00, 0.00, 0.01) #fs:  30  -- #Conts: 22 H(21)  G(1) 
     33198 662.12 || noQ Q (Avg,Max,Min) (0.84, 1.02, 0.77) (0.00, 0.00, 0.01) #fs:  30  -- #Conts: 21 H(21) 
     34717 646.35 || noQ Q (Avg,Max,Min) (0.80, 1.02, 0.72) (0.01, 0.00, 0.01) #fs:  31  -- #Conts: 21 H(20)  G(1) 
     36389 630.59 || noQ Q (Avg,Max,Min) (0.78, 1.02, 0.68) (0.01, 0.00, 0.01) #fs:  29  -- #Conts: 20 H(20) 
     36515 567.53 || noQ Q (Avg,Max,Min) (0.79, 1.02, 0.68) (0.01, 0.00, 0.01) #fs:  29  -- #Conts: 18 H(18) 
     36542 536.00 || noQ Q (Avg,Max,Min) (0.80, 1.02, 0.68) (0.01, 0.00, 0.01) #fs:  29  -- #Conts: 17 H(17) 
     36693 504.47 || noQ Q (Avg,Max,Min) (0.81, 1.01, 0.68) (0.01, 0.01, 0.01) #fs:  29  -- #Conts: 16 H(16) 
     44887 472.94 || noQ Q (Avg,Max,Min) (0.83, 1.02, 0.76) (0.01, 0.01, 0.01) #fs:  15  -- #Conts: 15 H(15) 
     48094 441.41 || noQ Q (Avg,Max,Min) (0.78, 0.99, 0.68) (0.01, 0.01, 0.01) #fs:  15  -- #Conts: 14 H(14) 
     48248 409.88 || noQ Q (Avg,Max,Min) (0.82, 1.02, 0.67) (0.01, 0.01, 0.01) #fs:  14  -- #Conts: 13 H(13) 
     48352 378.35 || noQ Q (Avg,Max,Min) (0.86, 1.05, 0.80) (0.01, 0.01, 0.01) #fs:  13  -- #Conts: 12 H(12) 
     51787 346.82 || noQ Q (Avg,Max,Min) (0.84, 1.02, 0.72) (0.01, 0.01, 0.01) #fs:  13  -- #Conts: 11 H(11) 
     52003 315.29 || noQ Q (Avg,Max,Min) (0.89, 1.02, 0.83) (0.01, 0.01, 0.01) #fs:  11  -- #Conts: 10 H(10) 
     55511 283.76 || noQ Q (Avg,Max,Min) (0.89, 1.02, 0.83) (0.01, 0.01, 0.01) #fs:  10  -- #Conts: 9 H(9) 
     59142 252.24 || noQ Q (Avg,Max,Min) (0.91, 1.02, 0.84) (0.01, 0.01, 0.02) #fs:   8  -- #Conts: 8 H(8) 
     69563 220.71 || noQ Q (Avg,Max,Min) (0.90, 1.02, 0.86) (0.01, 0.01, 0.02) #fs:   8  -- #Conts: 7 H(7) 
     74251 189.18 || noQ Q (Avg,Max,Min) (0.95, 1.04, 0.91) (0.02, 0.02, 0.02) #fs:   6  -- #Conts: 6 H(6) 
     88557 157.65 || noQ Q (Avg,Max,Min) (0.95, 1.02, 0.90) (0.02, 0.02, 0.02) #fs:   4  -- #Conts: 5 H(5) 
     94956 141.88 || noQ Q (Avg,Max,Min) (0.88, 1.01, 0.82) (0.02, 0.02, 0.02) #fs:  10  -- #Conts: 9 G(9) 
    101194 126.12 || noQ Q (Avg,Max,Min) (0.90, 1.01, 0.83) (0.02, 0.02, 0.03) #fs:   8  -- #Conts: 8 G(8) 
    117290 110.35 || noQ Q (Avg,Max,Min) (0.90, 0.96, 0.66) (0.03, 0.02, 0.03) #fs:   7  -- #Conts: 6 H(1)  G(5) 
    127125 094.59 || noQ Q (Avg,Max,Min) (0.94, 1.02, 0.91) (0.03, 0.03, 0.04) #fs:   6  -- #Conts: 6 G(6) 
    151701 078.82 || noQ Q (Avg,Max,Min) (0.94, 1.01, 0.89) (0.04, 0.03, 0.04) #fs:   4  -- #Conts: 5 G(5) 
    177962 063.06 || noQ Q (Avg,Max,Min) (0.95, 1.01, 0.92) (0.04, 0.04, 0.05) #fs:   4  -- #Conts: 4 G(4) 
    210728 062.71 || noQ Q (Avg,Max,Min) (0.83, 1.01, 0.45) (0.05, 0.03, 0.05) #fs:   9  -- #Conts: 8 G(1)  E(7) 
    213915 060.35 || noQ Q (Avg,Max,Min) (0.89, 1.01, 0.81) (0.04, 0.04, 0.05) #fs:   9  -- #Conts: 9 E(9) 
    227906 053.65 || noQ Q (Avg,Max,Min) (0.89, 1.01, 0.82) (0.05, 0.04, 0.06) #fs:   8  -- #Conts: 8 E(8) 
    230187 047.29 || noQ Q (Avg,Max,Min) (0.98, 1.01, 0.96) (0.06, 0.06, 0.06) #fs:   2  -- #Conts: 3 G(3) 
    268412 046.94 || noQ Q (Avg,Max,Min) (0.88, 1.01, 0.85) (0.06, 0.05, 0.07) #fs:   6  -- #Conts: 7 E(7) 
    286522 040.24 || noQ Q (Avg,Max,Min) (0.93, 1.01, 0.90) (0.07, 0.06, 0.08) #fs:   5  -- #Conts: 6 E(6) 
    326296 031.53 || noQ Q (Avg,Max,Min) (1.00, 1.01, 0.98) (0.09, 0.09, 0.09) #fs:   1  -- #Conts: 2 G(2) 
    401181 026.82 || noQ Q (Avg,Max,Min) (0.94, 1.01, 0.91) (0.10, 0.09, 0.10) #fs:   3  -- #Conts: 4 E(4) 
    456138 026.71 || noQ Q (Avg,Max,Min) (0.89, 0.95, 0.63) (0.10, 0.08, 0.11) #fs:   7  -- #Conts: 6 E(1)  C(5) 
    495024 024.00 || noQ Q (Avg,Max,Min) (0.92, 1.01, 0.90) (0.11, 0.10, 0.14) #fs:   5  -- #Conts: 6 C(6) 
    519027 020.12 || noQ Q (Avg,Max,Min) (0.97, 1.01, 0.95) (0.13, 0.13, 0.14) #fs:   2  -- #Conts: 3 E(3) 
    590904 020.00 || noQ Q (Avg,Max,Min) (0.93, 1.00, 0.88) (0.14, 0.13, 0.15) #fs:   4  -- #Conts: 5 C(5) 
    628129 015.76 || noQ Q (Avg,Max,Min) (1.01, 1.01, 1.01) (0.18, 0.18, 0.18) #fs:   0  -- #Conts: 1 G(1) 
    735776 013.41 || noQ Q (Avg,Max,Min) (0.99, 1.00, 0.98) (0.20, 0.20, 0.20) #fs:   1  -- #Conts: 2 E(2) 
    896768 012.00 || noQ Q (Avg,Max,Min) (0.97, 1.00, 0.95) (0.23, 0.22, 0.24) #fs:   2  -- #Conts: 3 C(3) 
   1248205 010.71 || noQ Q (Avg,Max,Min) (0.79, 1.00, 0.57) (0.27, 0.20, 0.34) #fs:   3  -- #Conts: 2 E(1)  C(1) 
   1271289 008.00 || noQ Q (Avg,Max,Min) (0.99, 1.00, 0.97) (0.34, 0.34, 0.34) #fs:   1  -- #Conts: 2 C(2) 
   1416590 006.71 || noQ Q (Avg,Max,Min) (1.00, 1.00, 1.00) (0.39, 0.39, 0.39) #fs:   0  -- #Conts: 1 E(1) 
   2194880 006.00 || noQ Q (Avg,Max,Min) (0.92, 1.00, 0.89) (0.50, 0.46, 0.61) #fs:   5  -- #Conts: 6 A(6) 
   2447742 004.00 || noQ Q (Avg,Max,Min) (1.00, 1.00, 1.00) (0.68, 0.68, 0.68) #fs:   0  -- #Conts: 1 C(1) 
/////////////////size: 101
     29309 2049.41 || noQ Q (Avg,Max,Min) (0.93, 1.02, 0.56) (0.00, 0.00, 0.01) #fs:  21  -- #Conts: 73 H(57)  G(16) 
     29553 2017.88 || noQ Q (Avg,Max,Min) (0.93, 1.06, 0.55) (0.00, 0.00, 0.01) #fs:  21  -- #Conts: 72 H(56)  G(16) 
     31292 2002.12 || noQ Q (Avg,Max,Min) (0.91, 1.02, 0.49) (0.00, 0.00, 0.01) #fs:  22  -- #Conts: 71 H(56)  G(15) 
     31316 1986.35 || noQ Q (Avg,Max,Min) (0.91, 1.02, 0.49) (0.00, 0.00, 0.01) #fs:  22  -- #Conts: 70 H(56)  G(14) 
     31346 1970.59 || noQ Q (Avg,Max,Min) (0.91, 1.02, 0.49) (0.00, 0.00, 0.01) #fs:  22  -- #Conts: 69 H(56)  G(13) 
     31390 1954.82 || noQ Q (Avg,Max,Min) (0.91, 1.02, 0.49) (0.00, 0.00, 0.01) #fs:  22  -- #Conts: 68 H(56)  G(12) 
     31414 1939.06 || noQ Q (Avg,Max,Min) (0.90, 1.02, 0.49) (0.00, 0.00, 0.01) #fs:  22  -- #Conts: 67 H(56)  G(11) 
     31448 1891.76 || noQ Q (Avg,Max,Min) (0.90, 1.02, 0.49) (0.00, 0.00, 0.01) #fs:  22  -- #Conts: 66 H(54)  G(12) 
     31464 1844.47 || noQ Q (Avg,Max,Min) (0.90, 1.02, 0.48) (0.00, 0.00, 0.01) #fs:  22  -- #Conts: 65 H(52)  G(13) 
     31483 1828.71 || noQ Q (Avg,Max,Min) (0.90, 1.02, 0.48) (0.00, 0.00, 0.01) #fs:  22  -- #Conts: 64 H(52)  G(12) 
     31510 1797.18 || noQ Q (Avg,Max,Min) (0.90, 1.02, 0.48) (0.00, 0.00, 0.01) #fs:  22  -- #Conts: 63 H(51)  G(12) 
     31552 1781.41 || noQ Q (Avg,Max,Min) (0.89, 1.02, 0.48) (0.00, 0.00, 0.01) #fs:  24  -- #Conts: 62 H(51)  G(11) 
     31556 1734.12 || noQ Q (Avg,Max,Min) (0.89, 1.02, 0.48) (0.00, 0.00, 0.01) #fs:  22  -- #Conts: 62 H(48)  G(14) 
     31570 1718.35 || noQ Q (Avg,Max,Min) (0.89, 1.02, 0.48) (0.00, 0.00, 0.01) #fs:  22  -- #Conts: 61 H(48)  G(13) 
     31579 1702.59 || noQ Q (Avg,Max,Min) (0.89, 1.02, 0.48) (0.00, 0.00, 0.01) #fs:  23  -- #Conts: 61 H(47)  G(14) 
     31582 1686.82 || noQ Q (Avg,Max,Min) (0.89, 1.02, 0.48) (0.00, 0.00, 0.01) #fs:  22  -- #Conts: 61 H(46)  G(15) 
     31586 1671.06 || noQ Q (Avg,Max,Min) (0.89, 1.02, 0.48) (0.00, 0.00, 0.01) #fs:  22  -- #Conts: 61 H(45)  G(16) 
     31589 1655.29 || noQ Q (Avg,Max,Min) (0.89, 1.02, 0.48) (0.00, 0.00, 0.01) #fs:  22  -- #Conts: 61 H(44)  G(17) 
     31590 1639.53 || noQ Q (Avg,Max,Min) (0.89, 1.02, 0.48) (0.00, 0.00, 0.01) #fs:  22  -- #Conts: 61 H(43)  G(18) 
     31591 1623.76 || noQ Q (Avg,Max,Min) (0.89, 1.02, 0.48) (0.00, 0.00, 0.01) #fs:  22  -- #Conts: 61 H(42)  G(19) 
     31604 1608.00 || noQ Q (Avg,Max,Min) (0.89, 1.02, 0.48) (0.00, 0.00, 0.01) #fs:  22  -- #Conts: 61 H(41)  G(20) 
     31608 1592.24 || noQ Q (Avg,Max,Min) (0.89, 1.02, 0.48) (0.00, 0.00, 0.01) #fs:  22  -- #Conts: 61 H(40)  G(21) 
     31622 1576.47 || noQ Q (Avg,Max,Min) (0.89, 1.02, 0.48) (0.00, 0.00, 0.01) #fs:  22  -- #Conts: 61 H(39)  G(22) 
     31637 1560.71 || noQ Q (Avg,Max,Min) (0.89, 1.02, 0.48) (0.00, 0.00, 0.01) #fs:  22  -- #Conts: 61 H(38)  G(23) 
     31649 1544.94 || noQ Q (Avg,Max,Min) (0.89, 1.02, 0.48) (0.00, 0.00, 0.01) #fs:  22  -- #Conts: 61 H(37)  G(24) 
     31651 1529.18 || noQ Q (Avg,Max,Min) (0.89, 1.02, 0.48) (0.00, 0.00, 0.01) #fs:  23  -- #Conts: 61 H(36)  G(25) 
     31662 1513.41 || noQ Q (Avg,Max,Min) (0.89, 1.02, 0.48) (0.00, 0.00, 0.01) #fs:  22  -- #Conts: 61 H(35)  G(26) 
     31669 1481.88 || noQ Q (Avg,Max,Min) (0.89, 1.02, 0.48) (0.00, 0.00, 0.01) #fs:  24  -- #Conts: 61 H(33)  G(28) 
     31673 1434.59 || noQ Q (Avg,Max,Min) (0.89, 1.02, 0.48) (0.00, 0.00, 0.01) #fs:  24  -- #Conts: 61 H(30)  G(31) 
     31674 1418.82 || noQ Q (Avg,Max,Min) (0.89, 1.02, 0.48) (0.00, 0.00, 0.01) #fs:  24  -- #Conts: 61 H(29)  G(32) 
     31680 1387.29 || noQ Q (Avg,Max,Min) (0.89, 1.02, 0.48) (0.00, 0.00, 0.01) #fs:  24  -- #Conts: 61 H(27)  G(34) 
     31685 1355.76 || noQ Q (Avg,Max,Min) (0.89, 1.02, 0.48) (0.00, 0.00, 0.01) #fs:  24  -- #Conts: 61 H(25)  G(36) 
     31690 1340.00 || noQ Q (Avg,Max,Min) (0.89, 1.02, 0.48) (0.00, 0.00, 0.01) #fs:  24  -- #Conts: 61 H(24)  G(37) 
     31696 1324.24 || noQ Q (Avg,Max,Min) (0.89, 1.02, 0.48) (0.00, 0.00, 0.01) #fs:  24  -- #Conts: 61 H(23)  G(38) 
     31712 1308.47 || noQ Q (Avg,Max,Min) (0.88, 1.02, 0.48) (0.00, 0.00, 0.01) #fs:  24  -- #Conts: 61 H(22)  G(39) 
     31731 1292.71 || noQ Q (Avg,Max,Min) (0.88, 1.02, 0.48) (0.00, 0.00, 0.01) #fs:  24  -- #Conts: 61 H(21)  G(40) 
     31748 1261.18 || noQ Q (Avg,Max,Min) (0.88, 1.02, 0.48) (0.00, 0.00, 0.01) #fs:  24  -- #Conts: 61 H(19)  G(42) 
     31749 1245.41 || noQ Q (Avg,Max,Min) (0.88, 1.02, 0.48) (0.00, 0.00, 0.01) #fs:  27  -- #Conts: 61 H(18)  G(43) 
     31752 1229.65 || noQ Q (Avg,Max,Min) (0.88, 1.02, 0.48) (0.00, 0.00, 0.01) #fs:  27  -- #Conts: 61 H(17)  G(44) 
     31755 1213.88 || noQ Q (Avg,Max,Min) (0.88, 1.01, 0.48) (0.00, 0.00, 0.01) #fs:  27  -- #Conts: 61 H(16)  G(45) 
     34031 1198.12 || noQ Q (Avg,Max,Min) (0.89, 1.01, 0.48) (0.00, 0.00, 0.01) #fs:  26  -- #Conts: 61 H(15)  G(46) 
     34174 1182.35 || noQ Q (Avg,Max,Min) (0.89, 1.01, 0.48) (0.00, 0.00, 0.01) #fs:  26  -- #Conts: 61 H(14)  G(47) 
     34176 1166.59 || noQ Q (Avg,Max,Min) (0.90, 1.01, 0.48) (0.00, 0.00, 0.01) #fs:  26  -- #Conts: 61 H(13)  G(48) 
     34234 1150.82 || noQ Q (Avg,Max,Min) (0.92, 1.04, 0.48) (0.00, 0.00, 0.01) #fs:  27  -- #Conts: 62 H(11)  G(51) 
     34238 1135.06 || noQ Q (Avg,Max,Min) (0.91, 1.01, 0.48) (0.00, 0.00, 0.01) #fs:  28  -- #Conts: 61 H(11)  G(50) 
     34245 1119.29 || noQ Q (Avg,Max,Min) (0.91, 1.01, 0.48) (0.00, 0.00, 0.01) #fs:  28  -- #Conts: 61 H(10)  G(51) 
     34325 1103.53 || noQ Q (Avg,Max,Min) (0.95, 1.04, 0.52) (0.00, 0.00, 0.01) #fs:  26  -- #Conts: 64 H(6)  G(58) 
     34367 1056.24 || noQ Q (Avg,Max,Min) (0.94, 1.01, 0.48) (0.00, 0.00, 0.01) #fs:  28  -- #Conts: 62 H(5)  G(57) 
     34371 1040.47 || noQ Q (Avg,Max,Min) (0.94, 1.01, 0.52) (0.00, 0.00, 0.01) #fs:  28  -- #Conts: 62 H(4)  G(58) 
     34432 1008.94 || noQ Q (Avg,Max,Min) (0.95, 1.01, 0.48) (0.00, 0.00, 0.01) #fs:  30  -- #Conts: 62 H(2)  G(60) 
     34490 993.18 || noQ Q (Avg,Max,Min) (0.95, 1.01, 0.77) (0.00, 0.00, 0.01) #fs:  30  -- #Conts: 62 H(1)  G(61) 
     39522 960.24 || noQ Q (Avg,Max,Min) (1.02, 1.10, 0.99) (0.00, 0.00, 0.01) #fs:  14  -- #Conts: 61 H(16)  G(17)  E(28) 
     39545 957.88 || noQ Q (Avg,Max,Min) (1.02, 1.10, 0.99) (0.00, 0.00, 0.01) #fs:  14  -- #Conts: 62 H(16)  G(16)  E(30) 
     41789 928.71 || noQ Q (Avg,Max,Min) (1.01, 1.04, 0.78) (0.00, 0.00, 0.01) #fs:  15  -- #Conts: 60 H(15)  G(17)  E(28) 
     41812 926.35 || noQ Q (Avg,Max,Min) (1.01, 1.04, 0.78) (0.00, 0.00, 0.01) #fs:  15  -- #Conts: 61 H(15)  G(16)  E(30) 
     41847 897.18 || noQ Q (Avg,Max,Min) (1.01, 1.04, 0.78) (0.00, 0.00, 0.01) #fs:  16  -- #Conts: 59 H(14)  G(17)  E(28) 
     41865 865.65 || noQ Q (Avg,Max,Min) (1.00, 1.04, 0.78) (0.00, 0.00, 0.01) #fs:  17  -- #Conts: 58 H(13)  G(17)  E(28) 
     41888 863.29 || noQ Q (Avg,Max,Min) (1.00, 1.04, 0.78) (0.00, 0.00, 0.01) #fs:  17  -- #Conts: 59 H(13)  G(16)  E(30) 
     41894 834.12 || noQ Q (Avg,Max,Min) (1.00, 1.04, 0.78) (0.00, 0.00, 0.01) #fs:  18  -- #Conts: 57 H(12)  G(17)  E(28) 
     41905 802.59 || noQ Q (Avg,Max,Min) (0.99, 1.04, 0.78) (0.00, 0.00, 0.01) #fs:  19  -- #Conts: 56 H(11)  G(17)  E(28) 
     41928 771.06 || noQ Q (Avg,Max,Min) (0.99, 1.04, 0.78) (0.00, 0.00, 0.01) #fs:  20  -- #Conts: 55 H(10)  G(17)  E(28) 
     41951 708.00 || noQ Q (Avg,Max,Min) (0.98, 1.04, 0.79) (0.00, 0.00, 0.01) #fs:  22  -- #Conts: 53 H(8)  G(17)  E(28) 
     41957 676.47 || noQ Q (Avg,Max,Min) (0.97, 1.04, 0.79) (0.00, 0.00, 0.01) #fs:  23  -- #Conts: 52 H(7)  G(17)  E(28) 
     41963 644.94 || noQ Q (Avg,Max,Min) (0.97, 1.04, 0.79) (0.00, 0.00, 0.01) #fs:  24  -- #Conts: 51 H(6)  G(17)  E(28) 
     41969 613.41 || noQ Q (Avg,Max,Min) (0.96, 1.04, 0.79) (0.00, 0.00, 0.01) #fs:  25  -- #Conts: 50 H(5)  G(17)  E(28) 
     41980 581.88 || noQ Q (Avg,Max,Min) (0.95, 1.04, 0.79) (0.00, 0.00, 0.01) #fs:  26  -- #Conts: 49 H(4)  G(17)  E(28) 
     42003 579.53 || noQ Q (Avg,Max,Min) (0.95, 1.04, 0.79) (0.00, 0.00, 0.01) #fs:  26  -- #Conts: 50 H(4)  G(16)  E(30) 
     42009 550.35 || noQ Q (Avg,Max,Min) (0.95, 1.04, 0.79) (0.00, 0.00, 0.01) #fs:  27  -- #Conts: 48 H(3)  G(17)  E(28) 
     42032 548.00 || noQ Q (Avg,Max,Min) (0.95, 1.04, 0.79) (0.00, 0.00, 0.01) #fs:  27  -- #Conts: 49 H(3)  G(16)  E(30) 
     42044 518.82 || noQ Q (Avg,Max,Min) (0.94, 1.04, 0.78) (0.00, 0.00, 0.01) #fs:  28  -- #Conts: 47 H(2)  G(17)  E(28) 
     42067 516.47 || noQ Q (Avg,Max,Min) (0.94, 1.04, 0.78) (0.00, 0.00, 0.01) #fs:  28  -- #Conts: 48 H(2)  G(16)  E(30) 
     42096 487.29 || noQ Q (Avg,Max,Min) (0.93, 1.01, 0.78) (0.01, 0.00, 0.01) #fs:  29  -- #Conts: 46 H(1)  G(17)  E(28) 
     42119 484.94 || noQ Q (Avg,Max,Min) (0.94, 1.01, 0.78) (0.01, 0.00, 0.01) #fs:  29  -- #Conts: 47 H(1)  G(16)  E(30) 
     46533 481.29 || noQ Q (Avg,Max,Min) (0.95, 1.04, 0.70) (0.01, 0.00, 0.01) #fs:  26  -- #Conts: 34 H(4)  G(17)  E(13) 
     46544 474.59 || noQ Q (Avg,Max,Min) (0.95, 1.04, 0.85) (0.01, 0.00, 0.01) #fs:  26  -- #Conts: 33 H(4)  G(17)  E(12) 
     46554 469.88 || noQ Q (Avg,Max,Min) (0.94, 1.04, 0.70) (0.01, 0.00, 0.01) #fs:  27  -- #Conts: 36 H(3)  G(17)  E(16) 
     46558 463.18 || noQ Q (Avg,Max,Min) (0.94, 1.04, 0.70) (0.01, 0.00, 0.01) #fs:  27  -- #Conts: 35 H(3)  G(17)  E(15) 
     46562 449.76 || noQ Q (Avg,Max,Min) (0.94, 1.04, 0.70) (0.01, 0.00, 0.01) #fs:  27  -- #Conts: 33 H(3)  G(17)  E(13) 
     46573 443.06 || noQ Q (Avg,Max,Min) (0.95, 1.04, 0.85) (0.01, 0.00, 0.01) #fs:  27  -- #Conts: 32 H(3)  G(17)  E(12) 
     46589 438.35 || noQ Q (Avg,Max,Min) (0.93, 1.04, 0.69) (0.01, 0.00, 0.01) #fs:  28  -- #Conts: 35 H(2)  G(17)  E(16) 
     46593 431.65 || noQ Q (Avg,Max,Min) (0.93, 1.04, 0.69) (0.01, 0.00, 0.01) #fs:  28  -- #Conts: 34 H(2)  G(17)  E(15) 
     46597 418.24 || noQ Q (Avg,Max,Min) (0.93, 1.04, 0.69) (0.01, 0.00, 0.01) #fs:  28  -- #Conts: 32 H(2)  G(17)  E(13) 
     46608 411.53 || noQ Q (Avg,Max,Min) (0.93, 1.04, 0.69) (0.01, 0.00, 0.01) #fs:  28  -- #Conts: 31 H(2)  G(17)  E(12) 
     46641 406.82 || noQ Q (Avg,Max,Min) (0.92, 1.01, 0.69) (0.01, 0.00, 0.01) #fs:  29  -- #Conts: 34 H(1)  G(17)  E(16) 
     46645 400.12 || noQ Q (Avg,Max,Min) (0.92, 1.01, 0.69) (0.01, 0.00, 0.01) #fs:  29  -- #Conts: 33 H(1)  G(17)  E(15) 
     46649 386.71 || noQ Q (Avg,Max,Min) (0.92, 1.01, 0.69) (0.01, 0.00, 0.01) #fs:  29  -- #Conts: 31 H(1)  G(17)  E(13) 
     46660 380.00 || noQ Q (Avg,Max,Min) (0.92, 1.01, 0.69) (0.01, 0.00, 0.01) #fs:  29  -- #Conts: 30 H(1)  G(17)  E(12) 
     52667 371.06 || noQ Q (Avg,Max,Min) (0.92, 1.04, 0.74) (0.01, 0.00, 0.01) #fs:  27  -- #Conts: 28 H(3)  G(15)  C(10) 
     52673 367.06 || noQ Q (Avg,Max,Min) (0.92, 1.04, 0.74) (0.01, 0.00, 0.01) #fs:  27  -- #Conts: 27 H(3)  G(15)  C(9) 
     52683 363.06 || noQ Q (Avg,Max,Min) (0.92, 1.04, 0.74) (0.01, 0.00, 0.01) #fs:  27  -- #Conts: 26 H(3)  G(15)  C(8) 
     52702 339.53 || noQ Q (Avg,Max,Min) (0.90, 1.04, 0.74) (0.01, 0.00, 0.01) #fs:  28  -- #Conts: 27 H(2)  G(15)  C(10) 
     52708 335.53 || noQ Q (Avg,Max,Min) (0.91, 1.04, 0.74) (0.01, 0.00, 0.01) #fs:  28  -- #Conts: 26 H(2)  G(15)  C(9) 
     52718 331.53 || noQ Q (Avg,Max,Min) (0.91, 1.04, 0.74) (0.01, 0.00, 0.01) #fs:  28  -- #Conts: 25 H(2)  G(15)  C(8) 
     52752 327.53 || noQ Q (Avg,Max,Min) (0.91, 1.04, 0.74) (0.01, 0.00, 0.01) #fs:  28  -- #Conts: 24 H(2)  G(15)  C(7) 
     52754 308.00 || noQ Q (Avg,Max,Min) (0.89, 1.00, 0.74) (0.01, 0.01, 0.01) #fs:  29  -- #Conts: 26 H(1)  G(15)  C(10) 
     52760 304.00 || noQ Q (Avg,Max,Min) (0.90, 1.00, 0.74) (0.01, 0.01, 0.01) #fs:  29  -- #Conts: 25 H(1)  G(15)  C(9) 
     52770 300.00 || noQ Q (Avg,Max,Min) (0.90, 1.00, 0.74) (0.01, 0.01, 0.01) #fs:  29  -- #Conts: 24 H(1)  G(15)  C(8) 
     52804 296.00 || noQ Q (Avg,Max,Min) (0.90, 1.00, 0.74) (0.01, 0.01, 0.01) #fs:  29  -- #Conts: 23 H(1)  G(15)  C(7) 
     52827 292.00 || noQ Q (Avg,Max,Min) (0.90, 1.00, 0.74) (0.01, 0.01, 0.01) #fs:  29  -- #Conts: 22 H(1)  G(15)  C(6) 
     53812 288.00 || noQ Q (Avg,Max,Min) (0.89, 1.00, 0.73) (0.01, 0.01, 0.01) #fs:  29  -- #Conts: 21 H(1)  G(15)  C(5) 
     53875 284.00 || noQ Q (Avg,Max,Min) (0.89, 1.00, 0.72) (0.01, 0.01, 0.01) #fs:  29  -- #Conts: 20 H(1)  G(15)  C(4) 
     53883 280.00 || noQ Q (Avg,Max,Min) (0.89, 1.00, 0.85) (0.01, 0.01, 0.01) #fs:  29  -- #Conts: 19 H(1)  G(15)  C(3) 
     62569 276.24 || noQ Q (Avg,Max,Min) (0.87, 1.03, 0.68) (0.01, 0.00, 0.01) #fs:  28  -- #Conts: 22 G(16)  C(6) 
     63554 272.24 || noQ Q (Avg,Max,Min) (0.85, 1.03, 0.67) (0.01, 0.00, 0.01) #fs:  28  -- #Conts: 21 G(16)  C(5) 
     63617 268.24 || noQ Q (Avg,Max,Min) (0.85, 1.03, 0.76) (0.01, 0.00, 0.01) #fs:  28  -- #Conts: 20 G(16)  C(4) 
     63623 264.24 || noQ Q (Avg,Max,Min) (0.85, 1.03, 0.78) (0.01, 0.00, 0.02) #fs:  28  -- #Conts: 19 G(16)  C(3) 
     68350 260.24 || noQ Q (Avg,Max,Min) (0.79, 1.03, 0.72) (0.01, 0.00, 0.02) #fs:  28  -- #Conts: 18 G(16)  C(2) 
     68453 256.24 || noQ Q (Avg,Max,Min) (0.78, 1.03, 0.71) (0.01, 0.00, 0.02) #fs:  28  -- #Conts: 17 G(16)  C(1) 
     68481 252.24 || noQ Q (Avg,Max,Min) (0.78, 1.03, 0.71) (0.01, 0.00, 0.02) #fs:  28  -- #Conts: 16 G(16) 
     69437 248.47 || noQ Q (Avg,Max,Min) (0.84, 1.00, 0.78) (0.01, 0.01, 0.02) #fs:  27  -- #Conts: 18 G(15)  C(3) 
     73535 228.71 || noQ Q (Avg,Max,Min) (0.87, 1.03, 0.66) (0.01, 0.01, 0.02) #fs:  22  -- #Conts: 15 H(1)  G(12)  C(2) 
     73542 224.71 || noQ Q (Avg,Max,Min) (0.87, 1.03, 0.66) (0.01, 0.01, 0.01) #fs:  22  -- #Conts: 14 H(1)  G(12)  C(1) 
     73555 220.71 || noQ Q (Avg,Max,Min) (0.86, 1.03, 0.66) (0.01, 0.01, 0.01) #fs:  22  -- #Conts: 13 H(1)  G(12) 
     82183 216.94 || noQ Q (Avg,Max,Min) (0.85, 1.08, 0.63) (0.01, 0.01, 0.02) #fs:  20  -- #Conts: 16 G(13)  C(3) 
     82203 212.94 || noQ Q (Avg,Max,Min) (0.85, 1.08, 0.63) (0.01, 0.01, 0.02) #fs:  21  -- #Conts: 15 G(13)  C(2) 
     82210 208.94 || noQ Q (Avg,Max,Min) (0.84, 1.08, 0.63) (0.01, 0.01, 0.02) #fs:  21  -- #Conts: 14 G(13)  C(1) 
     82223 201.18 || noQ Q (Avg,Max,Min) (0.84, 1.01, 0.63) (0.01, 0.01, 0.02) #fs:  20  -- #Conts: 15 G(12)  C(3) 
     82243 197.18 || noQ Q (Avg,Max,Min) (0.84, 1.00, 0.63) (0.01, 0.01, 0.02) #fs:  21  -- #Conts: 14 G(12)  C(2) 
     82250 193.18 || noQ Q (Avg,Max,Min) (0.83, 1.00, 0.63) (0.01, 0.01, 0.02) #fs:  21  -- #Conts: 13 G(12)  C(1) 
     82263 189.18 || noQ Q (Avg,Max,Min) (0.83, 0.88, 0.63) (0.01, 0.01, 0.02) #fs:  21  -- #Conts: 12 G(12) 
     86976 185.41 || noQ Q (Avg,Max,Min) (0.84, 1.01, 0.68) (0.01, 0.01, 0.02) #fs:  19  -- #Conts: 14 G(11)  C(3) 
     87085 181.41 || noQ Q (Avg,Max,Min) (0.84, 1.01, 0.68) (0.01, 0.01, 0.02) #fs:  19  -- #Conts: 13 G(11)  C(2) 
     88263 177.41 || noQ Q (Avg,Max,Min) (0.82, 1.01, 0.67) (0.02, 0.01, 0.02) #fs:  19  -- #Conts: 12 G(11)  C(1) 
     88280 173.41 || noQ Q (Avg,Max,Min) (0.81, 1.01, 0.67) (0.02, 0.01, 0.02) #fs:  19  -- #Conts: 11 G(11) 
     88465 169.65 || noQ Q (Avg,Max,Min) (0.88, 1.00, 0.66) (0.01, 0.01, 0.02) #fs:  19  -- #Conts: 13 G(10)  C(3) 
     88471 165.65 || noQ Q (Avg,Max,Min) (0.88, 1.00, 0.75) (0.02, 0.01, 0.02) #fs:  19  -- #Conts: 12 G(10)  C(2) 
     88498 161.65 || noQ Q (Avg,Max,Min) (0.87, 1.03, 0.75) (0.02, 0.01, 0.03) #fs:  18  -- #Conts: 11 G(10)  C(1) 
     88511 157.65 || noQ Q (Avg,Max,Min) (0.87, 1.01, 0.75) (0.02, 0.01, 0.02) #fs:  19  -- #Conts: 10 G(10) 
    102673 154.12 || noQ Q (Avg,Max,Min) (0.92, 1.03, 0.82) (0.02, 0.00, 0.03) #fs:  18  -- #Conts: 20 G(4)  E(10)  C(6) 
    102726 138.35 || noQ Q (Avg,Max,Min) (0.89, 1.00, 0.82) (0.02, 0.01, 0.03) #fs:  20  -- #Conts: 19 G(3)  E(10)  C(6) 
    102890 134.35 || noQ Q (Avg,Max,Min) (0.89, 1.00, 0.82) (0.02, 0.01, 0.03) #fs:  20  -- #Conts: 18 G(3)  E(10)  C(5) 
    104055 130.35 || noQ Q (Avg,Max,Min) (0.88, 1.00, 0.81) (0.02, 0.01, 0.03) #fs:  19  -- #Conts: 17 G(3)  E(10)  C(4) 
    108835 126.35 || noQ Q (Avg,Max,Min) (0.85, 1.01, 0.77) (0.02, 0.01, 0.03) #fs:  19  -- #Conts: 16 G(3)  E(10)  C(3) 
    110132 122.35 || noQ Q (Avg,Max,Min) (0.84, 1.00, 0.76) (0.02, 0.01, 0.03) #fs:  19  -- #Conts: 15 G(3)  E(10)  C(2) 
    110444 118.35 || noQ Q (Avg,Max,Min) (0.84, 1.00, 0.76) (0.02, 0.01, 0.03) #fs:  20  -- #Conts: 14 G(3)  E(10)  C(1) 
    110485 114.35 || noQ Q (Avg,Max,Min) (0.85, 1.00, 0.76) (0.02, 0.02, 0.03) #fs:  20  -- #Conts: 13 G(3)  E(10) 
    115360 113.29 || noQ Q (Avg,Max,Min) (0.90, 1.00, 0.76) (0.02, 0.01, 0.03) #fs:  20  -- #Conts: 15 G(2)  E(11)  C(2) 
    115421 109.29 || noQ Q (Avg,Max,Min) (0.91, 1.00, 0.90) (0.02, 0.01, 0.03) #fs:  20  -- #Conts: 14 G(2)  E(11)  C(1) 
    120937 105.29 || noQ Q (Avg,Max,Min) (0.87, 1.03, 0.84) (0.03, 0.02, 0.03) #fs:  19  -- #Conts: 13 G(2)  E(11) 
    127170 102.59 || noQ Q (Avg,Max,Min) (0.85, 1.03, 0.80) (0.02, 0.01, 0.04) #fs:  20  -- #Conts: 13 G(2)  E(10)  C(1) 
    129146 098.59 || noQ Q (Avg,Max,Min) (0.84, 1.01, 0.79) (0.03, 0.02, 0.04) #fs:  21  -- #Conts: 12 G(2)  E(10) 
    140561 098.35 || noQ Q (Avg,Max,Min) (0.87, 1.00, 0.75) (0.03, 0.01, 0.04) #fs:  18  -- #Conts: 16 G(2)  E(4)  C(10) 
    148888 093.06 || noQ Q (Avg,Max,Min) (0.88, 1.01, 0.76) (0.03, 0.00, 0.04) #fs:  17  -- #Conts: 14 G(2)  E(5)  C(7) 
    148899 086.35 || noQ Q (Avg,Max,Min) (0.87, 1.00, 0.76) (0.03, 0.01, 0.04) #fs:  18  -- #Conts: 13 G(2)  E(4)  C(7) 
    149204 082.35 || noQ Q (Avg,Max,Min) (0.89, 0.96, 0.76) (0.03, 0.03, 0.04) #fs:  18  -- #Conts: 12 G(2)  E(4)  C(6) 
    151999 079.53 || noQ Q (Avg,Max,Min) (0.93, 1.00, 0.91) (0.03, 0.02, 0.04) #fs:  17  -- #Conts: 14 G(2)  C(12) 
    163708 075.53 || noQ Q (Avg,Max,Min) (0.87, 1.01, 0.84) (0.03, 0.02, 0.04) #fs:  17  -- #Conts: 13 G(2)  C(11) 
    170223 071.53 || noQ Q (Avg,Max,Min) (0.84, 0.99, 0.81) (0.04, 0.03, 0.05) #fs:  17  -- #Conts: 12 G(2)  C(10) 
    174219 067.76 || noQ Q (Avg,Max,Min) (0.89, 0.98, 0.75) (0.04, 0.03, 0.05) #fs:  22  -- #Conts: 14 G(1)  C(13) 
    175802 063.76 || noQ Q (Avg,Max,Min) (0.93, 1.00, 0.79) (0.04, 0.04, 0.05) #fs:  20  -- #Conts: 13 G(1)  C(12) 
    204490 061.76 || noQ Q (Avg,Max,Min) (0.86, 1.00, 0.79) (0.04, 0.03, 0.06) #fs:  18  -- #Conts: 14 G(1)  A(2)  C(11) 
    204547 060.76 || noQ Q (Avg,Max,Min) (0.86, 1.00, 0.79) (0.04, 0.03, 0.06) #fs:  18  -- #Conts: 13 G(1)  A(1)  C(11) 
    204895 059.76 || noQ Q (Avg,Max,Min) (0.86, 1.00, 0.79) (0.04, 0.03, 0.06) #fs:  18  -- #Conts: 12 G(1)  C(11) 
    211127 058.76 || noQ Q (Avg,Max,Min) (0.91, 1.00, 0.79) (0.04, 0.03, 0.06) #fs:  17  -- #Conts: 14 G(1)  A(3)  C(10) 
    211147 057.76 || noQ Q (Avg,Max,Min) (0.91, 1.00, 0.82) (0.04, 0.03, 0.06) #fs:  17  -- #Conts: 13 G(1)  A(2)  C(10) 
    212102 056.76 || noQ Q (Avg,Max,Min) (0.91, 1.00, 0.81) (0.04, 0.03, 0.06) #fs:  17  -- #Conts: 12 G(1)  A(1)  C(10) 
    212169 055.76 || noQ Q (Avg,Max,Min) (0.91, 1.00, 0.81) (0.05, 0.04, 0.06) #fs:  17  -- #Conts: 11 G(1)  C(10) 
    225819 054.76 || noQ Q (Avg,Max,Min) (0.92, 1.00, 0.78) (0.04, 0.03, 0.06) #fs:  16  -- #Conts: 13 G(1)  A(3)  C(9) 
    225844 053.76 || noQ Q (Avg,Max,Min) (0.92, 1.00, 0.78) (0.05, 0.03, 0.06) #fs:  16  -- #Conts: 12 G(1)  A(2)  C(9) 
    225876 052.76 || noQ Q (Avg,Max,Min) (0.91, 1.02, 0.78) (0.05, 0.03, 0.06) #fs:  15  -- #Conts: 11 G(1)  A(1)  C(9) 
    231924 051.76 || noQ Q (Avg,Max,Min) (0.88, 1.02, 0.76) (0.05, 0.04, 0.07) #fs:  15  -- #Conts: 10 G(1)  C(9) 
    245219 050.76 || noQ Q (Avg,Max,Min) (0.91, 1.00, 0.84) (0.05, 0.03, 0.07) #fs:  14  -- #Conts: 12 G(1)  A(3)  C(8) 
    245442 049.76 || noQ Q (Avg,Max,Min) (0.91, 1.00, 0.84) (0.05, 0.03, 0.07) #fs:  14  -- #Conts: 11 G(1)  A(2)  C(8) 
    245893 048.76 || noQ Q (Avg,Max,Min) (0.91, 1.00, 0.84) (0.05, 0.03, 0.07) #fs:  14  -- #Conts: 10 G(1)  A(1)  C(8) 
    246531 047.76 || noQ Q (Avg,Max,Min) (0.91, 0.98, 0.84) (0.05, 0.05, 0.07) #fs:  14  -- #Conts: 9 G(1)  C(8) 
    254352 046.76 || noQ Q (Avg,Max,Min) (0.94, 1.00, 0.81) (0.05, 0.03, 0.07) #fs:  12  -- #Conts: 11 G(1)  A(3)  C(7) 
    254492 045.76 || noQ Q (Avg,Max,Min) (0.95, 1.00, 0.92) (0.05, 0.03, 0.07) #fs:  13  -- #Conts: 10 G(1)  A(2)  C(7) 
    260452 044.76 || noQ Q (Avg,Max,Min) (0.92, 1.00, 0.89) (0.06, 0.03, 0.07) #fs:  12  -- #Conts: 9 G(1)  A(1)  C(7) 
    266492 043.76 || noQ Q (Avg,Max,Min) (0.89, 0.98, 0.87) (0.06, 0.06, 0.07) #fs:  12  -- #Conts: 8 G(1)  C(7) 
    274983 042.76 || noQ Q (Avg,Max,Min) (0.94, 1.00, 0.86) (0.05, 0.03, 0.07) #fs:  12  -- #Conts: 10 G(1)  A(3)  C(6) 
    275050 041.76 || noQ Q (Avg,Max,Min) (0.95, 1.00, 0.85) (0.06, 0.03, 0.07) #fs:  12  -- #Conts: 9 G(1)  A(2)  C(6) 
    275108 040.76 || noQ Q (Avg,Max,Min) (0.95, 1.00, 0.85) (0.06, 0.03, 0.07) #fs:  12  -- #Conts: 8 G(1)  A(1)  C(6) 
    278439 039.76 || noQ Q (Avg,Max,Min) (0.94, 0.96, 0.93) (0.07, 0.06, 0.07) #fs:  12  -- #Conts: 7 G(1)  C(6) 
    292414 038.76 || noQ Q (Avg,Max,Min) (0.95, 1.00, 0.89) (0.06, 0.03, 0.08) #fs:   7  -- #Conts: 9 G(1)  A(3)  C(5) 
    294320 037.76 || noQ Q (Avg,Max,Min) (0.95, 1.00, 0.89) (0.06, 0.03, 0.08) #fs:   8  -- #Conts: 8 G(1)  A(2)  C(5) 
    298560 036.76 || noQ Q (Avg,Max,Min) (0.93, 1.00, 0.88) (0.07, 0.06, 0.08) #fs:   7  -- #Conts: 7 G(1)  A(1)  C(5) 
    299191 035.76 || noQ Q (Avg,Max,Min) (0.94, 1.00, 0.89) (0.07, 0.07, 0.08) #fs:   8  -- #Conts: 6 G(1)  C(5) 
    349958 035.71 || noQ Q (Avg,Max,Min) (0.95, 1.00, 0.89) (0.07, 0.03, 0.10) #fs:   7  -- #Conts: 12 A(5)  E(1)  C(6) 
    350589 034.71 || noQ Q (Avg,Max,Min) (0.94, 1.00, 0.89) (0.07, 0.06, 0.10) #fs:   7  -- #Conts: 11 A(4)  E(1)  C(6) 
    359862 033.71 || noQ Q (Avg,Max,Min) (0.93, 1.01, 0.86) (0.07, 0.06, 0.10) #fs:   7  -- #Conts: 10 A(3)  E(1)  C(6) 
    360753 032.71 || noQ Q (Avg,Max,Min) (0.93, 1.01, 0.86) (0.08, 0.06, 0.10) #fs:   7  -- #Conts: 9 A(2)  E(1)  C(6) 
    361895 029.76 || noQ Q (Avg,Max,Min) (0.98, 1.01, 0.90) (0.08, 0.06, 0.10) #fs:   5  -- #Conts: 6 G(1)  A(2)  C(3) 
    371141 028.76 || noQ Q (Avg,Max,Min) (0.97, 1.00, 0.95) (0.09, 0.06, 0.10) #fs:   5  -- #Conts: 5 G(1)  A(1)  C(3) 
    378413 027.76 || noQ Q (Avg,Max,Min) (0.95, 1.01, 0.93) (0.09, 0.09, 0.11) #fs:   4  -- #Conts: 4 G(1)  C(3) 
    408585 026.76 || noQ Q (Avg,Max,Min) (0.99, 1.00, 0.95) (0.08, 0.06, 0.11) #fs:   4  -- #Conts: 6 G(1)  A(3)  C(2) 
    420494 025.76 || noQ Q (Avg,Max,Min) (0.98, 1.00, 0.93) (0.09, 0.06, 0.12) #fs:   5  -- #Conts: 5 G(1)  A(2)  C(2) 
    425172 024.76 || noQ Q (Avg,Max,Min) (0.99, 1.00, 0.97) (0.10, 0.06, 0.12) #fs:   5  -- #Conts: 4 G(1)  A(1)  C(2) 
    433118 023.76 || noQ Q (Avg,Max,Min) (0.97, 1.00, 0.95) (0.11, 0.11, 0.12) #fs:   4  -- #Conts: 3 G(1)  C(2) 
    471981 023.71 || noQ Q (Avg,Max,Min) (0.95, 1.00, 0.91) (0.11, 0.06, 0.13) #fs:   6  -- #Conts: 6 A(1)  E(1)  C(4) 
    478337 022.71 || noQ Q (Avg,Max,Min) (0.94, 1.00, 0.90) (0.12, 0.11, 0.13) #fs:   6  -- #Conts: 5 E(1)  C(4) 
    485291 021.76 || noQ Q (Avg,Max,Min) (1.00, 1.00, 0.98) (0.10, 0.06, 0.14) #fs:   3  -- #Conts: 4 G(1)  A(2)  C(1) 
    531872 021.71 || noQ Q (Avg,Max,Min) (0.97, 1.00, 0.95) (0.11, 0.06, 0.14) #fs:   5  -- #Conts: 7 A(3)  E(1)  C(3) 
    545694 020.71 || noQ Q (Avg,Max,Min) (0.96, 1.00, 0.92) (0.12, 0.09, 0.15) #fs:   4  -- #Conts: 6 A(2)  E(1)  C(3) 
    555572 019.71 || noQ Q (Avg,Max,Min) (0.97, 1.00, 0.95) (0.13, 0.09, 0.15) #fs:   5  -- #Conts: 5 A(1)  E(1)  C(3) 
    576114 018.71 || noQ Q (Avg,Max,Min) (0.95, 0.98, 0.92) (0.14, 0.13, 0.16) #fs:   5  -- #Conts: 4 E(1)  C(3) 
    585370 017.76 || noQ Q (Avg,Max,Min) (1.00, 1.01, 1.00) (0.12, 0.09, 0.16) #fs:   1  -- #Conts: 3 G(1)  A(2) 
    603528 016.76 || noQ Q (Avg,Max,Min) (1.00, 1.01, 1.00) (0.14, 0.12, 0.17) #fs:   1  -- #Conts: 2 G(1)  A(1) 
    642256 016.71 || noQ Q (Avg,Max,Min) (0.97, 1.00, 0.96) (0.15, 0.12, 0.17) #fs:   5  -- #Conts: 5 A(2)  E(1)  C(2) 
    662244 015.71 || noQ Q (Avg,Max,Min) (0.96, 0.99, 0.93) (0.17, 0.15, 0.18) #fs:   5  -- #Conts: 4 A(1)  E(1)  C(2) 
    693447 014.71 || noQ Q (Avg,Max,Min) (0.98, 1.01, 0.97) (0.18, 0.17, 0.19) #fs:   3  -- #Conts: 3 E(1)  C(2) 
    758567 013.71 || noQ Q (Avg,Max,Min) (0.95, 1.00, 0.93) (0.19, 0.18, 0.21) #fs:   6  -- #Conts: 5 A(3)  E(1)  C(1) 
    809710 012.71 || noQ Q (Avg,Max,Min) (0.93, 1.00, 0.88) (0.20, 0.18, 0.23) #fs:   6  -- #Conts: 4 A(2)  E(1)  C(1) 
    871769 011.71 || noQ Q (Avg,Max,Min) (0.93, 1.00, 0.82) (0.22, 0.18, 0.24) #fs:   4  -- #Conts: 3 A(1)  E(1)  C(1) 
    927537 010.71 || noQ Q (Avg,Max,Min) (0.98, 1.00, 0.96) (0.25, 0.24, 0.26) #fs:   2  -- #Conts: 2 E(1)  C(1) 
   1072426 009.71 || noQ Q (Avg,Max,Min) (0.93, 1.00, 0.91) (0.26, 0.24, 0.30) #fs:   4  -- #Conts: 4 A(3)  E(1) 
   1159483 008.71 || noQ Q (Avg,Max,Min) (0.97, 1.00, 0.95) (0.29, 0.27, 0.32) #fs:   2  -- #Conts: 3 A(2)  E(1) 
   1274220 007.71 || noQ Q (Avg,Max,Min) (0.98, 1.00, 0.96) (0.33, 0.30, 0.36) #fs:   1  -- #Conts: 2 A(1)  E(1) 
   1416590 006.71 || noQ Q (Avg,Max,Min) (1.00, 1.00, 1.00) (0.39, 0.39, 0.39) #fs:   0  -- #Conts: 1 E(1) 
   1750597 006.00 || noQ Q (Avg,Max,Min) (0.97, 1.00, 0.95) (0.45, 0.43, 0.49) #fs:   2  -- #Conts: 3 A(2)  C(1) 
   2026272 005.00 || noQ Q (Avg,Max,Min) (0.98, 1.00, 0.96) (0.54, 0.53, 0.56) #fs:   2  -- #Conts: 2 A(1)  C(1) 
   2447742 004.00 || noQ Q (Avg,Max,Min) (1.00, 1.00, 1.00) (0.68, 0.68, 0.68) #fs:   0  -- #Conts: 1 C(1) 
/////////////////size: 211
nodes 100 edges 234
 mulT: 10 mulD: 1  sumData GB 1
pareto /MONTAGE.n.100.0.dax time -> 198480.0
moheft /MONTAGE.n.100.0.dax time -> 19250.0
distance from M to C 5.177251495798211
distance from P to C 0.5154231943452465
distance from C to M 3.1029827999269246
distance from C to P 3.485474794524767
toCompare: /MONTAGE.n.100.0.dax sumDataGB: 1 mulT: 10 mulD: 1 paretoOptTime_MS: 198480.0 MoheftOptimizationTime_MS: 19250.0 MtoC 5.177251495798211 PtoC 0.5154231943452465 CtoM 3.1029827999269246 CtoP 3.485474794524767
