specify -Dflow d,b,mt,md,size
Running /home/vaggelis/jc/LIGO.n.100.0.dax mt 1000 md: 10000 size null
  44372746 6731.53 || noQ Q (Avg,Max,Min) (1.00, 1.02, 0.91) (0.90, 0.77, 1.00) #fs:  12  -- #Conts: 43 H(36)  G(7) 
  45706596 6700.00 || noQ Q (Avg,Max,Min) (1.00, 1.02, 0.91) (0.90, 0.77, 1.00) #fs:  13  -- #Conts: 43 H(35)  G(8) 
  54757259 6526.59 || noQ Q (Avg,Max,Min) (1.00, 1.04, 0.88) (0.95, 0.86, 1.02) #fs:   7  -- #Conts: 31 H(31) 
  62228243 6479.29 || noQ Q (Avg,Max,Min) (1.00, 1.04, 0.96) (0.95, 0.87, 1.02) #fs:   5  -- #Conts: 30 H(29)  G(1) 
  66246260 6400.47 || noQ Q (Avg,Max,Min) (1.00, 1.04, 0.96) (0.96, 0.87, 1.02) #fs:   5  -- #Conts: 28 H(26)  G(2) 
  68813693 6290.12 || noQ Q (Avg,Max,Min) (1.01, 1.04, 0.96) (0.97, 0.89, 1.02) #fs:   5  -- #Conts: 27 H(23)  G(4) 
  69812203 6274.35 || noQ Q (Avg,Max,Min) (1.01, 1.04, 0.96) (0.97, 0.89, 1.02) #fs:   5  -- #Conts: 26 H(23)  G(3) 
  74390155 5880.24 || noQ Q (Avg,Max,Min) (0.99, 1.01, 0.61) (0.92, 0.59, 1.00) #fs:   9  -- #Conts: 45 H(4)  G(41) 
  75679528 5769.88 || noQ Q (Avg,Max,Min) (0.99, 1.01, 0.61) (0.93, 0.59, 1.00) #fs:   9  -- #Conts: 45 H(1)  G(44) 
  76043037 5601.76 || noQ Q (Avg,Max,Min) (1.00, 1.01, 0.97) (0.93, 0.82, 1.00) #fs:   8  -- #Conts: 45 G(42)  E(3) 
  78455516 5511.18 || noQ Q (Avg,Max,Min) (1.00, 1.02, 0.91) (0.96, 0.89, 1.01) #fs:   5  -- #Conts: 42 G(38)  E(4) 
  82523520 5470.35 || noQ Q (Avg,Max,Min) (1.00, 1.02, 0.90) (0.97, 0.90, 1.01) #fs:   5  -- #Conts: 35 G(35) 
  86690856 5454.59 || noQ Q (Avg,Max,Min) (1.00, 1.02, 0.90) (0.97, 0.90, 1.01) #fs:   5  -- #Conts: 34 G(34) 
  89026901 5438.82 || noQ Q (Avg,Max,Min) (1.00, 1.02, 0.90) (0.97, 0.90, 1.01) #fs:   5  -- #Conts: 33 G(33) 
  98798398 5407.29 || noQ Q (Avg,Max,Min) (1.00, 1.02, 0.90) (0.98, 0.90, 1.01) #fs:   4  -- #Conts: 30 G(30) 
 118425636 5372.00 || noQ Q (Avg,Max,Min) (1.00, 1.02, 0.95) (0.98, 0.91, 1.01) #fs:   1  -- #Conts: 29 G(27)  E(2) 
 129310344 5341.53 || noQ Q (Avg,Max,Min) (1.00, 1.02, 0.98) (0.99, 0.94, 1.01) #fs:   1  -- #Conts: 27 G(26)  E(1) 
 171526577 5169.88 || noQ Q (Avg,Max,Min) (1.00, 1.04, 0.99) (0.97, 0.70, 1.00) #fs:  17  -- #Conts: 45 E(44)  C(1) 
 175423355 5156.82 || noQ Q (Avg,Max,Min) (1.00, 1.04, 0.98) (0.97, 0.70, 1.00) #fs:  17  -- #Conts: 46 E(46) 
 190016147 5130.00 || noQ Q (Avg,Max,Min) (1.00, 1.04, 1.00) (0.97, 0.70, 1.00) #fs:  15  -- #Conts: 45 E(45) 
 230862514 5123.29 || noQ Q (Avg,Max,Min) (1.00, 1.04, 1.00) (0.97, 0.70, 1.00) #fs:  15  -- #Conts: 43 E(43) 
 253405538 5116.59 || noQ Q (Avg,Max,Min) (1.00, 1.04, 1.00) (0.97, 0.70, 1.00) #fs:  15  -- #Conts: 42 E(42) 
/////////////////size: 22
 157395701 6099.18 || noQ Q (Avg,Max,Min) (0.99, 1.02, 0.91) (0.96, 0.83, 1.01) #fs:  10  -- #Conts: 34 H(17)  G(12)  A(2)  E(3) 
 157494299 6083.41 || noQ Q (Avg,Max,Min) (1.00, 1.02, 0.91) (0.95, 0.80, 1.01) #fs:   9  -- #Conts: 34 H(17)  G(12)  A(2)  E(3) 
 157704396 6074.35 || noQ Q (Avg,Max,Min) (1.00, 1.06, 0.91) (0.94, 0.21, 1.01) #fs:  10  -- #Conts: 35 H(17)  G(12)  A(2)  E(4) 
 158216413 6071.65 || noQ Q (Avg,Max,Min) (1.00, 1.03, 0.91) (0.94, 0.35, 1.01) #fs:  10  -- #Conts: 35 H(17)  G(12)  A(2)  E(3)  C(1) 
 162391020 6069.65 || noQ Q (Avg,Max,Min) (1.00, 1.02, 0.91) (0.95, 0.75, 1.01) #fs:  10  -- #Conts: 35 H(17)  G(12)  A(3)  E(3) 
 162899665 5988.82 || noQ Q (Avg,Max,Min) (1.00, 1.02, 0.95) (0.96, 0.82, 1.01) #fs:  11  -- #Conts: 33 H(18)  G(10)  A(2)  E(3) 
 163320065 5986.12 || noQ Q (Avg,Max,Min) (1.00, 1.02, 0.95) (0.96, 0.82, 1.01) #fs:  12  -- #Conts: 34 H(18)  G(10)  A(2)  E(4) 
 167084968 5807.29 || noQ Q (Avg,Max,Min) (1.00, 1.02, 0.95) (0.97, 0.82, 1.01) #fs:   9  -- #Conts: 36 H(13)  G(15)  A(2)  E(6) 
 176175071 5797.53 || noQ Q (Avg,Max,Min) (1.00, 1.11, 0.95) (0.95, 0.10, 1.01) #fs:   9  -- #Conts: 35 H(12)  G(14)  A(2)  E(7) 
 176544946 5781.76 || noQ Q (Avg,Max,Min) (1.00, 1.02, 0.95) (0.97, 0.88, 1.01) #fs:   9  -- #Conts: 34 H(12)  G(13)  A(2)  E(7) 
 196092169 5779.06 || noQ Q (Avg,Max,Min) (1.00, 1.02, 0.95) (0.97, 0.88, 1.01) #fs:   9  -- #Conts: 35 H(12)  G(13)  A(2)  E(8) 
 197375664 5646.00 || noQ Q (Avg,Max,Min) (1.00, 1.18, 0.94) (0.95, 0.06, 1.01) #fs:  10  -- #Conts: 35 H(9)  G(20)  A(2)  E(4) 
 197470718 5630.24 || noQ Q (Avg,Max,Min) (1.00, 1.02, 0.94) (0.97, 0.81, 1.01) #fs:  10  -- #Conts: 34 H(8)  G(20)  A(2)  E(4) 
 197609389 5621.18 || noQ Q (Avg,Max,Min) (1.00, 1.06, 0.94) (0.96, 0.21, 1.01) #fs:  11  -- #Conts: 35 H(8)  G(20)  A(2)  E(5) 
 198121406 5618.47 || noQ Q (Avg,Max,Min) (1.00, 1.03, 0.94) (0.96, 0.35, 1.01) #fs:  11  -- #Conts: 35 H(8)  G(20)  A(2)  E(4)  C(1) 
 202296013 5616.47 || noQ Q (Avg,Max,Min) (1.00, 1.02, 0.94) (0.97, 0.75, 1.01) #fs:  11  -- #Conts: 35 H(8)  G(20)  A(3)  E(4) 
 202530348 5610.47 || noQ Q (Avg,Max,Min) (1.00, 1.02, 0.94) (0.98, 0.92, 1.01) #fs:  11  -- #Conts: 33 H(8)  G(20)  A(2)  E(3) 
 214763046 5547.65 || noQ Q (Avg,Max,Min) (1.00, 1.02, 0.94) (0.98, 0.89, 1.01) #fs:   9  -- #Conts: 32 H(8)  G(15)  A(2)  E(7) 
 220224406 5543.29 || noQ Q (Avg,Max,Min) (1.00, 1.03, 0.94) (0.95, 0.35, 1.01) #fs:   9  -- #Conts: 31 H(7)  G(15)  A(2)  E(6)  C(1) 
 220505446 5539.29 || noQ Q (Avg,Max,Min) (1.00, 1.02, 0.94) (0.97, 0.83, 1.01) #fs:   9  -- #Conts: 30 H(7)  G(15)  A(2)  E(6) 
 221427591 5538.94 || noQ Q (Avg,Max,Min) (1.00, 1.02, 0.94) (0.98, 0.83, 1.01) #fs:  10  -- #Conts: 30 H(7)  G(15)  A(2)  E(5)  C(1) 
 229779242 5522.12 || noQ Q (Avg,Max,Min) (1.01, 1.18, 0.94) (0.95, 0.06, 1.01) #fs:  10  -- #Conts: 30 H(9)  G(11)  A(2)  E(7)  C(1) 
 230060424 5506.35 || noQ Q (Avg,Max,Min) (1.00, 1.02, 0.94) (0.95, 0.12, 1.01) #fs:  11  -- #Conts: 29 H(8)  G(11)  A(2)  E(7)  C(1) 
 230158332 5474.82 || noQ Q (Avg,Max,Min) (1.00, 1.02, 0.94) (0.98, 0.93, 1.01) #fs:  10  -- #Conts: 28 H(7)  G(11)  A(2)  E(7)  C(1) 
 233614282 5472.47 || noQ Q (Avg,Max,Min) (1.00, 1.03, 0.94) (0.96, 0.35, 1.01) #fs:  10  -- #Conts: 28 H(7)  G(11)  A(2)  E(7)  C(1) 
 234067876 5464.94 || noQ Q (Avg,Max,Min) (1.00, 1.02, 0.94) (0.98, 0.74, 1.01) #fs:  10  -- #Conts: 28 H(6)  G(11)  A(2)  E(8)  C(1) 
 234488187 5449.18 || noQ Q (Avg,Max,Min) (1.00, 1.02, 0.94) (0.98, 0.74, 1.01) #fs:  10  -- #Conts: 28 H(6)  G(11)  A(2)  E(8)  C(1) 
 235064743 5417.65 || noQ Q (Avg,Max,Min) (1.00, 1.02, 0.94) (0.98, 0.94, 1.01) #fs:  10  -- #Conts: 28 H(5)  G(12)  A(2)  E(8)  C(1) 
 245511251 5410.94 || noQ Q (Avg,Max,Min) (1.00, 1.02, 0.94) (0.99, 0.94, 1.01) #fs:  10  -- #Conts: 28 H(5)  G(12)  A(2)  E(8)  C(1) 
 252694635 5408.24 || noQ Q (Avg,Max,Min) (1.00, 1.02, 0.94) (0.99, 0.94, 1.01) #fs:  10  -- #Conts: 27 H(5)  G(11)  A(2)  E(8)  C(1) 
 262776684 5408.00 || noQ Q (Avg,Max,Min) (1.00, 1.02, 0.94) (0.98, 0.76, 1.01) #fs:  10  -- #Conts: 27 H(5)  G(12)  A(3)  E(7) 
 263050702 5406.00 || noQ Q (Avg,Max,Min) (1.00, 1.02, 0.94) (0.99, 0.94, 1.01) #fs:  10  -- #Conts: 26 H(5)  G(12)  A(2)  E(7) 
 271174626 5381.94 || noQ Q (Avg,Max,Min) (1.00, 1.02, 1.00) (0.98, 0.88, 1.01) #fs:   5  -- #Conts: 25 H(4)  G(13)  A(3)  E(5) 
 283470500 5350.41 || noQ Q (Avg,Max,Min) (1.00, 1.02, 1.00) (0.99, 0.94, 1.01) #fs:   5  -- #Conts: 23 H(3)  G(12)  A(3)  E(5) 
 290952793 5334.65 || noQ Q (Avg,Max,Min) (1.00, 1.02, 1.00) (0.99, 0.94, 1.01) #fs:   5  -- #Conts: 23 H(2)  G(13)  A(3)  E(5) 
 295207917 5297.06 || noQ Q (Avg,Max,Min) (1.01, 1.21, 0.90) (0.95, 0.06, 1.01) #fs:   4  -- #Conts: 24 H(1)  A(2)  G(15)  E(5)  C(1) 
 295309725 5281.29 || noQ Q (Avg,Max,Min) (1.00, 1.01, 0.90) (0.98, 0.84, 1.01) #fs:   4  -- #Conts: 23 A(2)  G(15)  E(5)  C(1) 
 295729318 5272.24 || noQ Q (Avg,Max,Min) (1.00, 1.06, 0.90) (0.95, 0.21, 1.01) #fs:   4  -- #Conts: 24 A(2)  G(15)  E(6)  C(1) 
 296241335 5269.53 || noQ Q (Avg,Max,Min) (1.00, 1.03, 0.90) (0.96, 0.35, 1.01) #fs:   4  -- #Conts: 24 A(2)  G(15)  E(5)  C(2) 
 300415942 5267.53 || noQ Q (Avg,Max,Min) (1.00, 1.01, 0.90) (0.98, 0.75, 1.01) #fs:   4  -- #Conts: 24 A(3)  G(15)  E(5)  C(1) 
 304502636 5258.47 || noQ Q (Avg,Max,Min) (1.00, 1.06, 0.98) (0.95, 0.21, 1.01) #fs:   3  -- #Conts: 24 A(3)  G(14)  E(6)  C(1) 
 305014653 5255.76 || noQ Q (Avg,Max,Min) (1.00, 1.03, 0.98) (0.96, 0.35, 1.01) #fs:   3  -- #Conts: 24 A(3)  G(14)  E(5)  C(2) 
 309189260 5253.76 || noQ Q (Avg,Max,Min) (1.00, 1.01, 0.98) (0.97, 0.75, 1.01) #fs:   3  -- #Conts: 24 A(4)  G(14)  E(5)  C(1) 
 309318342 5245.59 || noQ Q (Avg,Max,Min) (1.00, 1.01, 0.98) (0.98, 0.76, 1.01) #fs:   3  -- #Conts: 24 A(4)  G(11)  E(7)  C(2) 
 340113239 5228.35 || noQ Q (Avg,Max,Min) (1.00, 1.01, 1.00) (0.99, 0.94, 1.01) #fs:   1  -- #Conts: 21 A(2)  G(9)  E(9)  C(1) 
 354813539 5222.00 || noQ Q (Avg,Max,Min) (1.00, 1.03, 1.00) (0.97, 0.35, 1.01) #fs:   1  -- #Conts: 28 A(2)  G(10)  E(13)  C(3) 
 355087557 5218.00 || noQ Q (Avg,Max,Min) (1.00, 1.01, 1.00) (0.99, 0.94, 1.01) #fs:   1  -- #Conts: 27 A(2)  G(10)  E(13)  C(2) 
 356453856 5215.29 || noQ Q (Avg,Max,Min) (1.00, 1.01, 1.00) (0.99, 0.95, 1.01) #fs:   1  -- #Conts: 27 A(2)  G(10)  E(13)  C(2) 
 372975653 5214.59 || noQ Q (Avg,Max,Min) (1.00, 1.03, 1.00) (0.96, 0.35, 1.01) #fs:   1  -- #Conts: 28 A(3)  G(9)  E(13)  C(3) 
 374005236 5200.47 || noQ Q (Avg,Max,Min) (1.00, 1.01, 0.99) (0.99, 0.96, 1.01) #fs:   2  -- #Conts: 24 A(2)  G(7)  E(13)  C(2) 
 374883143 5192.82 || noQ Q (Avg,Max,Min) (1.00, 1.03, 1.00) (0.97, 0.35, 1.01) #fs:   1  -- #Conts: 24 A(2)  G(7)  E(13)  C(2) 
 379611963 5190.82 || noQ Q (Avg,Max,Min) (1.00, 1.01, 1.00) (0.98, 0.75, 1.01) #fs:   1  -- #Conts: 24 A(3)  G(7)  E(13)  C(1) 
 394880178 5190.47 || noQ Q (Avg,Max,Min) (1.00, 1.01, 1.00) (0.99, 0.75, 1.01) #fs:   1  -- #Conts: 24 A(3)  G(7)  E(12)  C(2) 
 428376103 5179.53 || noQ Q (Avg,Max,Min) (1.00, 1.01, 1.00) (0.99, 0.95, 1.01) #fs:   0  -- #Conts: 28 A(2)  G(8)  E(17)  C(1) 
 439362415 5176.82 || noQ Q (Avg,Max,Min) (1.00, 1.01, 1.00) (0.99, 0.95, 1.01) #fs:   0  -- #Conts: 29 A(2)  G(8)  E(18)  C(1) 
 458856587 5170.12 || noQ Q (Avg,Max,Min) (1.00, 1.01, 1.00) (0.99, 0.95, 1.01) #fs:   0  -- #Conts: 28 A(2)  G(8)  E(17)  C(1) 
 463217831 5169.76 || noQ Q (Avg,Max,Min) (1.00, 1.01, 1.00) (0.99, 0.96, 1.01) #fs:   0  -- #Conts: 29 A(2)  G(9)  E(17)  C(1) 
 466526000 5169.41 || noQ Q (Avg,Max,Min) (1.00, 1.01, 1.00) (0.99, 0.95, 1.01) #fs:   0  -- #Conts: 27 A(2)  G(7)  E(17)  C(1) 
 469137099 5167.06 || noQ Q (Avg,Max,Min) (1.00, 1.01, 1.00) (0.99, 0.95, 1.01) #fs:   0  -- #Conts: 28 A(2)  G(8)  E(17)  C(1) 
 469332605 5164.00 || noQ Q (Avg,Max,Min) (1.00, 1.01, 1.00) (0.99, 0.95, 1.01) #fs:   0  -- #Conts: 28 A(2)  G(7)  E(17)  C(2) 
 470201377 5159.29 || noQ Q (Avg,Max,Min) (1.00, 1.01, 1.00) (0.99, 0.76, 1.01) #fs:   0  -- #Conts: 28 A(3)  G(7)  E(16)  C(2) 
 507740910 5155.29 || noQ Q (Avg,Max,Min) (1.00, 1.03, 1.00) (0.96, 0.35, 1.00) #fs:   2  -- #Conts: 26 A(3)  G(6)  E(14)  C(3) 
 508014928 5151.29 || noQ Q (Avg,Max,Min) (1.00, 1.01, 1.00) (0.99, 0.90, 1.00) #fs:   2  -- #Conts: 25 A(3)  G(6)  E(14)  C(2) 
 521920483 5137.53 || noQ Q (Avg,Max,Min) (1.00, 1.01, 1.00) (0.98, 0.76, 1.00) #fs:   2  -- #Conts: 24 A(4)  G(4)  E(14)  C(2) 
 522194501 5135.53 || noQ Q (Avg,Max,Min) (1.00, 1.01, 1.00) (0.99, 0.92, 1.00) #fs:   2  -- #Conts: 23 A(3)  G(4)  E(14)  C(2) 
 524623303 5132.82 || noQ Q (Avg,Max,Min) (1.00, 1.01, 1.00) (0.99, 0.92, 1.00) #fs:   1  -- #Conts: 24 A(3)  G(5)  E(14)  C(2) 
 541178820 5130.00 || noQ Q (Avg,Max,Min) (1.00, 1.05, 1.00) (0.96, 0.21, 1.00) #fs:   2  -- #Conts: 26 A(3)  G(3)  E(17)  C(3) 
 541669439 5123.29 || noQ Q (Avg,Max,Min) (1.00, 1.01, 1.00) (0.99, 0.94, 1.00) #fs:   2  -- #Conts: 25 A(3)  G(3)  E(16)  C(3) 
 547793515 5119.29 || noQ Q (Avg,Max,Min) (1.00, 1.03, 1.00) (0.98, 0.70, 1.00) #fs:   2  -- #Conts: 24 A(3)  G(3)  E(14)  C(4) 
 556158220 5118.29 || noQ Q (Avg,Max,Min) (1.00, 1.01, 1.00) (0.99, 0.93, 1.01) #fs:   2  -- #Conts: 24 A(4)  G(3)  E(14)  C(3) 
 566199559 5111.12 || noQ Q (Avg,Max,Min) (1.01, 1.13, 0.99) (0.93, 0.10, 1.00) #fs:   1  -- #Conts: 24 A(3)  G(2)  E(15)  C(4) 
 566522664 5107.12 || noQ Q (Avg,Max,Min) (1.01, 1.13, 0.99) (0.95, 0.10, 1.00) #fs:   1  -- #Conts: 23 A(3)  G(2)  E(15)  C(3) 
 566559068 5095.35 || noQ Q (Avg,Max,Min) (1.00, 1.03, 0.99) (0.96, 0.35, 1.00) #fs:   1  -- #Conts: 23 A(3)  G(1)  E(15)  C(4) 
 567226040 5091.35 || noQ Q (Avg,Max,Min) (1.00, 1.01, 0.99) (0.99, 0.91, 1.00) #fs:   1  -- #Conts: 22 A(3)  G(1)  E(15)  C(3) 
 573611039 5088.65 || noQ Q (Avg,Max,Min) (1.00, 1.01, 0.99) (0.99, 0.91, 1.00) #fs:   1  -- #Conts: 21 A(3)  E(15)  C(3) 
 598065929 5085.94 || noQ Q (Avg,Max,Min) (1.00, 1.03, 0.99) (0.96, 0.35, 1.00) #fs:   1  -- #Conts: 22 A(3)  E(15)  C(4) 
 602240536 5083.94 || noQ Q (Avg,Max,Min) (1.00, 1.01, 0.99) (0.98, 0.75, 1.00) #fs:   1  -- #Conts: 22 A(4)  E(15)  C(3) 
 681566797 5083.71 || noQ Q (Avg,Max,Min) (1.00, 1.01, 0.99) (0.99, 0.92, 1.00) #fs:   1  -- #Conts: 20 A(3)  E(14)  C(3) 
 685761609 5081.71 || noQ Q (Avg,Max,Min) (1.00, 1.01, 0.99) (0.98, 0.75, 1.00) #fs:   1  -- #Conts: 21 A(4)  E(14)  C(3) 
/////////////////size: 79
nodes 100 edges 123
 mulT: 1000 mulD: 10000  sumData GB 28574
pareto /LIGO.n.100.0.dax time -> 5833.0
moheft /LIGO.n.100.0.dax time -> 2564.0
distance from M to C 44.2908689379956
distance from P to C 0.0
distance from C to M 109.69401198440084
distance from C to P 31.870880676555668
toCompare: /LIGO.n.100.0.dax sumDataGB: 28574 mulT: 1000 mulD: 10000 paretoOptTime_MS: 5833.0 MoheftOptimizationTime_MS: 2564.0 MtoC 44.2908689379956 PtoC 0.0 CtoM 109.69401198440084 CtoP 31.870880676555668
