specify -Dflow d,b,mt,md,size
Running /home/vaggelis/jc/SIPHT.n.100.0.dax mt 1 md: 100 size null
    184963 157.65 || noQ Q (Avg,Max,Min) (0.91, 1.21, 0.77) (0.05, 0.04, 0.06) #fs:  12  -- #Conts: 5 H(5) 
    209101 126.12 || noQ Q (Avg,Max,Min) (0.97, 1.24, 0.53) (0.06, 0.03, 0.07) #fs:   6  -- #Conts: 4 H(4) 
    257157 094.59 || noQ Q (Avg,Max,Min) (1.05, 1.08, 1.02) (0.07, 0.07, 0.07) #fs:   3  -- #Conts: 3 H(3) 
    297546 078.82 || noQ Q (Avg,Max,Min) (0.89, 1.25, 0.64) (0.07, 0.04, 0.10) #fs:  10  -- #Conts: 5 G(5) 
    354858 063.06 || noQ Q (Avg,Max,Min) (1.14, 1.20, 1.09) (0.11, 0.11, 0.12) #fs:   3  -- #Conts: 2 H(2) 
    429411 047.29 || noQ Q (Avg,Max,Min) (0.95, 0.98, 0.92) (0.11, 0.11, 0.12) #fs:   3  -- #Conts: 3 G(3) 
    598319 031.53 || noQ Q (Avg,Max,Min) (1.11, 1.16, 1.06) (0.17, 0.16, 0.19) #fs:   2  -- #Conts: 2 G(2) 
    802857 026.82 || noQ Q (Avg,Max,Min) (0.82, 1.05, 0.62) (0.18, 0.14, 0.23) #fs:   8  -- #Conts: 4 E(4) 
    949383 020.12 || noQ Q (Avg,Max,Min) (0.92, 0.97, 0.86) (0.24, 0.23, 0.25) #fs:   6  -- #Conts: 3 E(3) 
   1060632 015.76 || noQ Q (Avg,Max,Min) (1.14, 1.14, 1.14) (0.33, 0.33, 0.33) #fs:   0  -- #Conts: 1 G(1) 
   1330397 013.41 || noQ Q (Avg,Max,Min) (1.03, 1.05, 1.01) (0.36, 0.33, 0.39) #fs:   2  -- #Conts: 2 E(2) 
   1629694 012.00 || noQ Q (Avg,Max,Min) (0.89, 0.96, 0.82) (0.40, 0.37, 0.44) #fs:   8  -- #Conts: 3 C(3) 
   2004306 010.71 || noQ Q (Avg,Max,Min) (0.85, 1.01, 0.70) (0.47, 0.39, 0.56) #fs:   3  -- #Conts: 2 E(1)  C(1) 
   2287828 008.00 || noQ Q (Avg,Max,Min) (1.00, 1.01, 0.99) (0.60, 0.56, 0.64) #fs:   2  -- #Conts: 2 C(2) 
   2392015 006.71 || noQ Q (Avg,Max,Min) (1.06, 1.06, 1.06) (0.70, 0.70, 0.70) #fs:   0  -- #Conts: 1 E(1) 
/////////////////size: 15
    171458 157.65 || noQ Q (Avg,Max,Min) (1.09, 1.44, 0.84) (0.04, 0.02, 0.07) #fs:   5  -- #Conts: 5 H(5) 
    189615 126.12 || noQ Q (Avg,Max,Min) (1.06, 1.26, 0.74) (0.05, 0.04, 0.06) #fs:   6  -- #Conts: 5 H(3)  G(2) 
    239899 094.59 || noQ Q (Avg,Max,Min) (1.11, 1.19, 1.02) (0.06, 0.04, 0.08) #fs:   2  -- #Conts: 4 H(2)  G(2) 
    269892 078.82 || noQ Q (Avg,Max,Min) (1.06, 1.39, 0.81) (0.07, 0.06, 0.08) #fs:   5  -- #Conts: 4 H(1)  G(3) 
    329050 063.06 || noQ Q (Avg,Max,Min) (1.03, 1.27, 0.70) (0.09, 0.06, 0.12) #fs:   3  -- #Conts: 3 H(1)  G(2) 
    370251 047.29 || noQ Q (Avg,Max,Min) (1.11, 1.12, 1.11) (0.11, 0.11, 0.11) #fs:   1  -- #Conts: 3 G(3) 
    510856 042.24 || noQ Q (Avg,Max,Min) (1.08, 1.15, 1.01) (0.11, 0.07, 0.15) #fs:   1  -- #Conts: 4 G(2)  E(1)  C(1) 
    515228 038.24 || noQ Q (Avg,Max,Min) (1.10, 1.15, 1.04) (0.13, 0.08, 0.16) #fs:   1  -- #Conts: 3 G(2)  E(1) 
    539690 031.53 || noQ Q (Avg,Max,Min) (1.14, 1.18, 1.09) (0.17, 0.16, 0.18) #fs:   1  -- #Conts: 2 G(2) 
    638755 029.18 || noQ Q (Avg,Max,Min) (1.03, 1.04, 1.01) (0.17, 0.14, 0.18) #fs:   4  -- #Conts: 3 G(1)  E(2) 
    687414 026.47 || noQ Q (Avg,Max,Min) (1.02, 1.07, 0.94) (0.18, 0.14, 0.20) #fs:   2  -- #Conts: 3 G(1)  E(1)  C(1) 
    772497 023.47 || noQ Q (Avg,Max,Min) (1.07, 1.08, 1.05) (0.16, 0.03, 0.23) #fs:   2  -- #Conts: 3 G(1)  A(1)  E(1) 
    776466 022.47 || noQ Q (Avg,Max,Min) (1.07, 1.09, 1.06) (0.23, 0.23, 0.23) #fs:   3  -- #Conts: 2 G(1)  E(1) 
    886922 019.76 || noQ Q (Avg,Max,Min) (1.06, 1.06, 1.06) (0.26, 0.26, 0.26) #fs:   1  -- #Conts: 2 G(1)  C(1) 
   1034207 016.76 || noQ Q (Avg,Max,Min) (0.81, 1.12, 0.51) (0.23, 0.14, 0.32) #fs:   2  -- #Conts: 2 G(1)  A(1) 
   1060632 015.76 || noQ Q (Avg,Max,Min) (1.14, 1.14, 1.14) (0.33, 0.33, 0.33) #fs:   0  -- #Conts: 1 G(1) 
   1272817 014.71 || noQ Q (Avg,Max,Min) (0.91, 1.02, 0.69) (0.32, 0.24, 0.36) #fs:   3  -- #Conts: 3 E(1)  C(2) 
   1453364 011.71 || noQ Q (Avg,Max,Min) (1.00, 1.04, 0.94) (0.38, 0.31, 0.42) #fs:   3  -- #Conts: 3 A(1)  E(1)  C(1) 
   1528380 010.71 || noQ Q (Avg,Max,Min) (1.06, 1.08, 1.04) (0.45, 0.44, 0.46) #fs:   3  -- #Conts: 2 E(1)  C(1) 
   2163381 007.71 || noQ Q (Avg,Max,Min) (0.98, 1.04, 0.92) (0.57, 0.51, 0.63) #fs:   2  -- #Conts: 2 A(1)  E(1) 
   2392015 006.71 || noQ Q (Avg,Max,Min) (1.06, 1.06, 1.06) (0.70, 0.70, 0.70) #fs:   0  -- #Conts: 1 E(1) 
   3191982 006.00 || noQ Q (Avg,Max,Min) (0.96, 1.04, 0.81) (0.70, 0.54, 0.92) #fs:   4  -- #Conts: 3 A(2)  C(1) 
   3498980 005.00 || noQ Q (Avg,Max,Min) (0.96, 1.02, 0.90) (0.90, 0.80, 1.00) #fs:   2  -- #Conts: 2 A(1)  C(1) 
/////////////////size: 23
nodes 97 edges 109
 mulT: 1 mulD: 100  sumData GB 220
pareto /SIPHT.n.100.0.dax time -> 8919.0
moheft /SIPHT.n.100.0.dax time -> 479.0
distance from M to C 0.0
distance from P to C 0.3524182925805363
distance from C to M 0.005208333333333333
distance from C to P 0.4305767614737241
toCompare: /SIPHT.n.100.0.dax sumDataGB: 220 mulT: 1 mulD: 100 paretoOptTime_MS: 8919.0 MoheftOptimizationTime_MS: 479.0 MtoC 0.0 PtoC 0.3524182925805363 CtoM 0.005208333333333333 CtoP 0.4305767614737241
