specify -Dflow d,b,mt,md,size
Running /home/vaggelis/jc/SIPHT.n.50.0.dax mt 10000 md: 100 size null
1337899894 32948.24 || noQ Q (Avg,Max,Min) (0.99, 1.00, 0.96) (0.95, 0.69, 1.00) #fs:   2  -- #Conts: 9 H(9) 
1337900071 32822.12 || noQ Q (Avg,Max,Min) (1.00, 1.00, 0.96) (0.95, 0.69, 1.00) #fs:   1  -- #Conts: 9 H(9) 
2256983063 31040.71 || noQ Q (Avg,Max,Min) (0.96, 1.00, 0.61) (0.90, 0.61, 1.00) #fs:   3  -- #Conts: 15 H(1)  G(14) 
2292914993 28009.88 || noQ Q (Avg,Max,Min) (0.99, 1.00, 0.83) (0.93, 0.74, 1.00) #fs:   2  -- #Conts: 15 G(12)  E(2)  C(1) 
4518415773 23660.94 || noQ Q (Avg,Max,Min) (0.97, 1.00, 0.66) (0.86, 0.61, 1.00) #fs:   4  -- #Conts: 22 G(1)  E(21) 
4561675259 23524.24 || noQ Q (Avg,Max,Min) (0.97, 1.00, 0.66) (0.86, 0.61, 1.00) #fs:   4  -- #Conts: 22 E(22) 
4563893699 23517.53 || noQ Q (Avg,Max,Min) (0.97, 1.00, 0.66) (0.86, 0.61, 1.00) #fs:   4  -- #Conts: 22 E(22) 
5503105880 16916.00 || noQ Q (Avg,Max,Min) (1.00, 1.00, 0.90) (0.84, 0.62, 1.00) #fs:   3  -- #Conts: 29 C(29) 
6462358154 5544.00 || noQ Q (Avg,Max,Min) (1.00, 1.00, 0.99) (0.99, 0.93, 1.00) #fs:   3  -- #Conts: 20 A(20) 
6479358154 5543.00 || noQ Q (Avg,Max,Min) (1.00, 1.00, 0.99) (0.99, 0.93, 1.00) #fs:   3  -- #Conts: 20 A(20) 
/////////////////size: 10
1382228576 32085.06 || noQ Q (Avg,Max,Min) (1.00, 1.00, 1.00) (0.98, 0.90, 1.00) #fs:   0  -- #Conts: 12 H(4)  G(2)  A(2)  E(3)  C(1) 
1382565978 32082.06 || noQ Q (Avg,Max,Min) (1.00, 1.00, 1.00) (0.98, 0.90, 1.00) #fs:   0  -- #Conts: 12 H(4)  G(2)  A(2)  E(3)  C(1) 
1382886712 32080.06 || noQ Q (Avg,Max,Min) (1.00, 1.00, 1.00) (0.98, 0.90, 1.00) #fs:   0  -- #Conts: 12 H(4)  G(2)  A(2)  E(3)  C(1) 
1382899353 32079.06 || noQ Q (Avg,Max,Min) (1.00, 1.00, 1.00) (0.99, 0.90, 1.00) #fs:   0  -- #Conts: 11 H(4)  G(2)  A(1)  E(3)  C(1) 
1383207445 32077.06 || noQ Q (Avg,Max,Min) (1.00, 1.00, 1.00) (0.98, 0.90, 1.00) #fs:   0  -- #Conts: 12 H(4)  G(2)  A(2)  E(3)  C(1) 
1383237701 32076.06 || noQ Q (Avg,Max,Min) (1.00, 1.00, 1.00) (0.99, 0.90, 1.00) #fs:   0  -- #Conts: 11 H(4)  G(2)  A(1)  E(3)  C(1) 
1611847118 31528.88 || noQ Q (Avg,Max,Min) (1.00, 1.00, 1.00) (0.99, 0.94, 1.00) #fs:   0  -- #Conts: 13 H(4)  G(3)  A(2)  E(3)  C(1) 
1612830766 31523.88 || noQ Q (Avg,Max,Min) (1.00, 1.00, 1.00) (1.00, 0.99, 1.00) #fs:   0  -- #Conts: 12 H(4)  G(3)  A(1)  E(3)  C(1) 
1613367891 31521.88 || noQ Q (Avg,Max,Min) (1.00, 1.00, 1.00) (0.94, 0.19, 1.00) #fs:   0  -- #Conts: 13 H(4)  G(3)  A(2)  E(3)  C(1) 
1613409127 31520.88 || noQ Q (Avg,Max,Min) (1.00, 1.00, 1.00) (1.00, 0.99, 1.00) #fs:   0  -- #Conts: 12 H(4)  G(3)  A(1)  E(3)  C(1) 
1689404489 31021.41 || noQ Q (Avg,Max,Min) (1.00, 1.00, 1.00) (0.92, 0.16, 1.00) #fs:   0  -- #Conts: 12 H(4)  G(3)  A(2)  E(2)  C(1) 
1689814024 30989.88 || noQ Q (Avg,Max,Min) (1.00, 1.00, 1.00) (0.99, 0.92, 1.00) #fs:   0  -- #Conts: 11 H(3)  G(3)  A(2)  E(2)  C(1) 
1690392428 30986.88 || noQ Q (Avg,Max,Min) (1.00, 1.00, 1.00) (0.99, 0.92, 1.00) #fs:   0  -- #Conts: 11 H(3)  G(3)  A(2)  E(2)  C(1) 
1690566013 30985.88 || noQ Q (Avg,Max,Min) (1.00, 1.00, 1.00) (0.99, 0.92, 1.00) #fs:   0  -- #Conts: 11 H(3)  G(3)  A(2)  E(2)  C(1) 
1707683158 30984.88 || noQ Q (Avg,Max,Min) (1.00, 1.00, 1.00) (0.99, 0.92, 1.00) #fs:   0  -- #Conts: 12 H(3)  G(3)  A(3)  E(2)  C(1) 
1772997779 30448.41 || noQ Q (Avg,Max,Min) (1.00, 1.00, 1.00) (1.00, 1.00, 1.00) #fs:   0  -- #Conts: 11 H(3)  G(3)  A(1)  E(3)  C(1) 
1773168625 30446.41 || noQ Q (Avg,Max,Min) (1.00, 1.00, 1.00) (1.00, 1.00, 1.00) #fs:   0  -- #Conts: 11 H(3)  G(3)  A(1)  E(3)  C(1) 
1773246152 30443.41 || noQ Q (Avg,Max,Min) (1.00, 1.00, 1.00) (1.00, 1.00, 1.00) #fs:   0  -- #Conts: 11 H(3)  G(3)  A(1)  E(3)  C(1) 
1773502712 30440.41 || noQ Q (Avg,Max,Min) (1.00, 1.00, 1.00) (1.00, 1.00, 1.00) #fs:   0  -- #Conts: 11 H(3)  G(3)  A(1)  E(3)  C(1) 
1773612265 30438.41 || noQ Q (Avg,Max,Min) (1.00, 1.00, 1.00) (1.00, 0.99, 1.00) #fs:   0  -- #Conts: 11 H(3)  G(3)  A(1)  E(3)  C(1) 
1774462777 30435.41 || noQ Q (Avg,Max,Min) (1.00, 1.00, 1.00) (1.00, 0.99, 1.00) #fs:   1  -- #Conts: 11 H(3)  G(3)  A(1)  E(3)  C(1) 
1774550834 30432.41 || noQ Q (Avg,Max,Min) (1.00, 1.00, 1.00) (1.00, 0.99, 1.00) #fs:   0  -- #Conts: 11 H(3)  G(3)  A(1)  E(3)  C(1) 
1774745177 30431.00 || noQ Q (Avg,Max,Min) (1.00, 1.00, 1.00) (0.93, 0.19, 1.00) #fs:   1  -- #Conts: 12 H(3)  G(3)  A(2)  E(3)  C(1) 
1774769543 30430.00 || noQ Q (Avg,Max,Min) (1.00, 1.00, 1.00) (1.00, 0.99, 1.00) #fs:   1  -- #Conts: 11 H(3)  G(3)  A(1)  E(3)  C(1) 
2079578381 29915.06 || noQ Q (Avg,Max,Min) (1.00, 1.00, 1.00) (0.93, 0.16, 1.00) #fs:   0  -- #Conts: 14 H(3)  G(4)  A(2)  E(3)  C(2) 
2079987916 29899.29 || noQ Q (Avg,Max,Min) (1.00, 1.00, 1.00) (0.99, 0.92, 1.00) #fs:   0  -- #Conts: 13 H(2)  G(4)  A(2)  E(3)  C(2) 
2081222876 29890.24 || noQ Q (Avg,Max,Min) (1.00, 1.00, 1.00) (0.96, 0.62, 1.00) #fs:   0  -- #Conts: 14 H(2)  G(4)  A(2)  E(4)  C(2) 
2096004436 29888.53 || noQ Q (Avg,Max,Min) (1.00, 1.00, 1.00) (0.99, 0.92, 1.00) #fs:   0  -- #Conts: 14 H(2)  G(4)  A(3)  E(3)  C(2) 
2102828090 29888.29 || noQ Q (Avg,Max,Min) (1.00, 1.00, 1.00) (0.98, 0.92, 1.00) #fs:   0  -- #Conts: 14 H(2)  G(4)  A(3)  E(3)  C(2) 
2157509628 29029.71 || noQ Q (Avg,Max,Min) (1.00, 1.00, 1.00) (0.99, 0.92, 1.00) #fs:   0  -- #Conts: 12 H(2)  G(3)  A(2)  E(3)  C(2) 
2157847030 29026.71 || noQ Q (Avg,Max,Min) (1.00, 1.00, 1.00) (0.99, 0.92, 1.00) #fs:   0  -- #Conts: 12 H(2)  G(3)  A(2)  E(3)  C(2) 
2157948315 29025.71 || noQ Q (Avg,Max,Min) (1.00, 1.00, 1.00) (0.99, 0.92, 1.00) #fs:   0  -- #Conts: 12 H(2)  G(3)  A(2)  E(3)  C(2) 
2158167764 29024.71 || noQ Q (Avg,Max,Min) (1.00, 1.00, 1.00) (0.98, 0.92, 1.00) #fs:   0  -- #Conts: 12 H(2)  G(3)  A(2)  E(3)  C(2) 
2158180405 29023.71 || noQ Q (Avg,Max,Min) (1.00, 1.00, 1.00) (0.99, 0.96, 1.00) #fs:   0  -- #Conts: 11 H(2)  G(3)  A(1)  E(3)  C(2) 
2158262297 29022.71 || noQ Q (Avg,Max,Min) (1.00, 1.00, 1.00) (0.99, 0.92, 1.00) #fs:   0  -- #Conts: 12 H(2)  G(3)  A(2)  E(3)  C(2) 
2158488497 29021.71 || noQ Q (Avg,Max,Min) (1.00, 1.00, 1.00) (0.99, 0.92, 1.00) #fs:   0  -- #Conts: 12 H(2)  G(3)  A(2)  E(3)  C(2) 
2158518753 29020.71 || noQ Q (Avg,Max,Min) (1.00, 1.00, 1.00) (0.99, 0.96, 1.00) #fs:   0  -- #Conts: 11 H(2)  G(3)  A(1)  E(3)  C(2) 
2218795224 28472.12 || noQ Q (Avg,Max,Min) (1.00, 1.00, 1.00) (0.99, 0.94, 1.00) #fs:   0  -- #Conts: 12 H(1)  G(3)  A(2)  E(4)  C(2) 
2219240785 28470.12 || noQ Q (Avg,Max,Min) (1.00, 1.00, 1.00) (0.99, 0.94, 1.00) #fs:   0  -- #Conts: 12 H(1)  G(3)  A(2)  E(4)  C(2) 
2219778872 28467.12 || noQ Q (Avg,Max,Min) (1.00, 1.00, 1.00) (1.00, 0.98, 1.00) #fs:   0  -- #Conts: 11 H(1)  G(3)  A(1)  E(4)  C(2) 
2220224433 28465.12 || noQ Q (Avg,Max,Min) (1.00, 1.00, 1.00) (1.00, 0.97, 1.00) #fs:   0  -- #Conts: 11 H(1)  G(3)  A(1)  E(4)  C(2) 
2220357233 28464.12 || noQ Q (Avg,Max,Min) (1.00, 1.00, 1.00) (1.00, 0.99, 1.00) #fs:   0  -- #Conts: 11 H(1)  G(3)  A(1)  E(4)  C(2) 
2220530818 28463.12 || noQ Q (Avg,Max,Min) (1.00, 1.00, 1.00) (1.00, 0.98, 1.00) #fs:   0  -- #Conts: 11 H(1)  G(3)  A(1)  E(4)  C(2) 
2220803659 28462.12 || noQ Q (Avg,Max,Min) (1.00, 1.00, 1.00) (1.00, 0.99, 1.00) #fs:   0  -- #Conts: 11 H(1)  G(3)  A(1)  E(4)  C(2) 
2221027696 28461.12 || noQ Q (Avg,Max,Min) (1.00, 1.00, 1.00) (0.93, 0.19, 1.00) #fs:   0  -- #Conts: 12 H(1)  G(3)  A(2)  E(4)  C(2) 
2221068932 28460.12 || noQ Q (Avg,Max,Min) (1.00, 1.00, 1.00) (1.00, 0.99, 1.00) #fs:   0  -- #Conts: 11 H(1)  G(3)  A(1)  E(4)  C(2) 
2464685709 27955.00 || noQ Q (Avg,Max,Min) (1.00, 1.00, 1.00) (0.92, 0.16, 1.00) #fs:   0  -- #Conts: 12 H(1)  G(4)  A(2)  E(3)  C(2) 
2465095244 27939.24 || noQ Q (Avg,Max,Min) (1.00, 1.00, 1.00) (0.99, 0.92, 1.00) #fs:   0  -- #Conts: 11 G(4)  A(2)  E(3)  C(2) 
2466330204 27930.18 || noQ Q (Avg,Max,Min) (1.00, 1.00, 1.00) (0.96, 0.62, 1.00) #fs:   0  -- #Conts: 12 G(4)  A(2)  E(4)  C(2) 
2467155036 27928.88 || noQ Q (Avg,Max,Min) (1.00, 1.00, 1.00) (0.94, 0.62, 1.00) #fs:   0  -- #Conts: 12 G(4)  A(1)  E(5)  C(2) 
2481111764 27927.18 || noQ Q (Avg,Max,Min) (1.00, 1.00, 1.00) (0.97, 0.72, 1.00) #fs:   0  -- #Conts: 12 G(4)  A(2)  E(4)  C(2) 
2484458156 27926.47 || noQ Q (Avg,Max,Min) (1.00, 1.00, 1.00) (0.98, 0.92, 1.00) #fs:   0  -- #Conts: 12 G(4)  A(3)  E(3)  C(2) 
2606568421 27877.59 || noQ Q (Avg,Max,Min) (1.00, 1.00, 1.00) (0.99, 0.94, 1.00) #fs:   0  -- #Conts: 12 G(5)  A(2)  E(4)  C(1) 
2607552069 27872.59 || noQ Q (Avg,Max,Min) (1.00, 1.00, 1.00) (0.99, 0.95, 1.00) #fs:   0  -- #Conts: 11 G(5)  A(1)  E(4)  C(1) 
2608089194 27870.59 || noQ Q (Avg,Max,Min) (1.00, 1.00, 1.00) (0.93, 0.19, 1.00) #fs:   0  -- #Conts: 12 G(5)  A(2)  E(4)  C(1) 
2608130430 27869.59 || noQ Q (Avg,Max,Min) (1.00, 1.00, 1.00) (0.99, 0.95, 1.00) #fs:   0  -- #Conts: 11 G(5)  A(1)  E(4)  C(1) 
2818444810 12845.00 || noQ Q (Avg,Max,Min) (1.00, 1.00, 1.00) (0.98, 0.72, 1.00) #fs:   0  -- #Conts: 14 H(2)  A(4)  E(6)  C(2) 
2818782212 12843.00 || noQ Q (Avg,Max,Min) (1.00, 1.00, 1.00) (0.98, 0.72, 1.00) #fs:   0  -- #Conts: 14 H(2)  A(4)  E(6)  C(2) 
2819115587 12838.29 || noQ Q (Avg,Max,Min) (1.00, 1.00, 1.00) (1.00, 0.99, 1.00) #fs:   0  -- #Conts: 13 H(2)  A(4)  E(5)  C(2) 
2819302140 12838.00 || noQ Q (Avg,Max,Min) (1.00, 1.00, 1.00) (0.98, 0.72, 1.00) #fs:   0  -- #Conts: 14 H(2)  A(4)  E(6)  C(2) 
2819453935 12836.29 || noQ Q (Avg,Max,Min) (1.00, 1.00, 1.00) (1.00, 0.99, 1.00) #fs:   0  -- #Conts: 13 H(2)  A(4)  E(5)  C(2) 
2836537276 12835.29 || noQ Q (Avg,Max,Min) (1.00, 1.00, 1.00) (0.99, 0.94, 1.00) #fs:   0  -- #Conts: 14 H(2)  A(5)  E(5)  C(2) 
3089339442 12287.00 || noQ Q (Avg,Max,Min) (1.00, 1.00, 1.00) (0.99, 0.94, 1.00) #fs:   0  -- #Conts: 15 H(2)  A(5)  G(1)  E(5)  C(2) 
3090323090 12282.00 || noQ Q (Avg,Max,Min) (1.00, 1.00, 1.00) (1.00, 0.96, 1.00) #fs:   0  -- #Conts: 14 H(2)  A(4)  G(1)  E(5)  C(2) 
3090860215 12280.00 || noQ Q (Avg,Max,Min) (1.00, 1.00, 1.00) (0.94, 0.19, 1.00) #fs:   0  -- #Conts: 15 H(2)  A(5)  G(1)  E(5)  C(2) 
3090901451 12279.00 || noQ Q (Avg,Max,Min) (1.00, 1.00, 1.00) (1.00, 0.96, 1.00) #fs:   0  -- #Conts: 14 H(2)  A(4)  G(1)  E(5)  C(2) 
3125620891 11775.41 || noQ Q (Avg,Max,Min) (1.00, 1.00, 1.00) (0.92, 0.16, 1.00) #fs:   0  -- #Conts: 14 H(2)  A(4)  G(3)  E(4)  C(1) 
3126030426 11759.65 || noQ Q (Avg,Max,Min) (1.00, 1.00, 1.00) (0.98, 0.72, 1.00) #fs:   0  -- #Conts: 13 H(1)  A(4)  G(3)  E(4)  C(1) 
3127265386 11750.59 || noQ Q (Avg,Max,Min) (1.00, 1.00, 1.00) (0.95, 0.62, 1.00) #fs:   0  -- #Conts: 14 H(1)  A(4)  G(3)  E(5)  C(1) 
3128120277 11749.88 || noQ Q (Avg,Max,Min) (1.00, 1.00, 1.00) (0.97, 0.62, 1.00) #fs:   0  -- #Conts: 14 H(1)  A(5)  G(3)  E(4)  C(1) 
3134409068 11746.47 || noQ Q (Avg,Max,Min) (1.00, 1.00, 1.00) (0.99, 0.92, 1.00) #fs:   0  -- #Conts: 13 H(1)  A(5)  G(2)  E(4)  C(1) 
3149191356 11744.76 || noQ Q (Avg,Max,Min) (1.00, 1.00, 1.00) (0.99, 0.92, 1.00) #fs:   0  -- #Conts: 14 H(1)  A(6)  G(2)  E(4)  C(1) 
3217983577 11521.18 || noQ Q (Avg,Max,Min) (1.00, 1.00, 1.00) (0.99, 0.94, 1.00) #fs:   0  -- #Conts: 12 A(6)  G(2)  E(3)  C(1) 
3218967225 11516.18 || noQ Q (Avg,Max,Min) (1.00, 1.00, 1.00) (1.00, 0.99, 1.00) #fs:   0  -- #Conts: 11 A(5)  G(2)  E(3)  C(1) 
3219504350 11515.18 || noQ Q (Avg,Max,Min) (1.00, 1.00, 1.00) (0.93, 0.19, 1.00) #fs:   0  -- #Conts: 12 A(6)  G(2)  E(3)  C(1) 
3219545586 11514.18 || noQ Q (Avg,Max,Min) (1.00, 1.00, 1.00) (1.00, 0.99, 1.00) #fs:   0  -- #Conts: 11 A(5)  G(2)  E(3)  C(1) 
3220048250 11512.18 || noQ Q (Avg,Max,Min) (1.00, 1.00, 0.97) (0.94, 0.33, 1.00) #fs:   1  -- #Conts: 12 A(6)  G(2)  E(3)  C(1) 
3220119308 11511.18 || noQ Q (Avg,Max,Min) (1.00, 1.00, 1.00) (1.00, 0.99, 1.00) #fs:   0  -- #Conts: 11 A(5)  G(2)  E(3)  C(1) 
3236748174 11510.18 || noQ Q (Avg,Max,Min) (1.00, 1.00, 1.00) (1.00, 0.98, 1.00) #fs:   0  -- #Conts: 12 A(6)  G(2)  E(3)  C(1) 
3243825983 11509.53 || noQ Q (Avg,Max,Min) (1.00, 1.00, 1.00) (0.99, 0.92, 1.00) #fs:   0  -- #Conts: 13 A(7)  G(2)  E(3)  C(1) 
3869746897 11487.71 || noQ Q (Avg,Max,Min) (1.00, 1.00, 1.00) (0.93, 0.16, 1.00) #fs:   0  -- #Conts: 14 H(1)  A(7)  G(2)  E(4) 
3870156432 11471.94 || noQ Q (Avg,Max,Min) (1.00, 1.00, 1.00) (0.99, 0.92, 1.00) #fs:   0  -- #Conts: 13 A(7)  G(2)  E(4) 
3871391392 11462.88 || noQ Q (Avg,Max,Min) (1.00, 1.00, 1.00) (0.96, 0.62, 1.00) #fs:   0  -- #Conts: 14 A(7)  G(2)  E(5) 
3875693486 11460.35 || noQ Q (Avg,Max,Min) (1.00, 1.00, 1.00) (0.95, 0.62, 1.00) #fs:   0  -- #Conts: 13 A(5)  G(2)  E(6) 
3886172952 11458.65 || noQ Q (Avg,Max,Min) (1.00, 1.00, 1.00) (0.97, 0.72, 1.00) #fs:   0  -- #Conts: 13 A(6)  G(2)  E(5) 
3892996606 11457.94 || noQ Q (Avg,Max,Min) (1.00, 1.00, 1.00) (0.99, 0.92, 1.00) #fs:   0  -- #Conts: 13 A(7)  G(2)  E(4) 
4051409595 11409.71 || noQ Q (Avg,Max,Min) (1.00, 1.00, 1.00) (0.92, 0.16, 1.00) #fs:   0  -- #Conts: 12 H(1)  A(5)  G(1)  E(3)  C(2) 
4051819298 11393.94 || noQ Q (Avg,Max,Min) (1.00, 1.00, 1.00) (0.93, 0.27, 1.00) #fs:   0  -- #Conts: 12 A(5)  G(2)  E(3)  C(2) 
4053053922 11384.88 || noQ Q (Avg,Max,Min) (1.00, 1.00, 1.00) (0.99, 0.92, 1.00) #fs:   0  -- #Conts: 11 A(5)  G(1)  E(3)  C(2) 
4057660447 11383.59 || noQ Q (Avg,Max,Min) (1.00, 1.00, 1.00) (0.98, 0.92, 1.00) #fs:   0  -- #Conts: 11 A(5)  G(1)  E(3)  C(2) 
4067835650 11383.18 || noQ Q (Avg,Max,Min) (1.00, 1.00, 1.00) (0.98, 0.92, 1.00) #fs:   0  -- #Conts: 12 A(6)  G(1)  E(3)  C(2) 
4072442739 11381.88 || noQ Q (Avg,Max,Min) (1.00, 1.00, 1.00) (0.98, 0.92, 1.00) #fs:   0  -- #Conts: 12 A(6)  G(1)  E(3)  C(2) 
4218810077 11379.41 || noQ Q (Avg,Max,Min) (1.00, 1.00, 1.00) (0.99, 0.92, 1.00) #fs:   0  -- #Conts: 13 A(6)  G(2)  E(3)  C(2) 
4233592365 11377.71 || noQ Q (Avg,Max,Min) (1.00, 1.00, 1.00) (0.98, 0.92, 1.00) #fs:   0  -- #Conts: 14 A(7)  G(2)  E(3)  C(2) 
4379015835 11274.12 || noQ Q (Avg,Max,Min) (1.00, 1.00, 1.00) (0.93, 0.16, 1.00) #fs:   0  -- #Conts: 14 H(1)  A(7)  G(1)  E(3)  C(2) 
4379425538 11258.35 || noQ Q (Avg,Max,Min) (1.00, 1.00, 1.00) (0.94, 0.27, 1.00) #fs:   0  -- #Conts: 14 A(7)  G(2)  E(3)  C(2) 
4380660162 11249.29 || noQ Q (Avg,Max,Min) (1.00, 1.00, 1.00) (0.99, 0.92, 1.00) #fs:   0  -- #Conts: 13 A(7)  G(1)  E(3)  C(2) 
4382043364 11248.00 || noQ Q (Avg,Max,Min) (1.00, 1.00, 1.00) (0.97, 0.62, 1.00) #fs:   0  -- #Conts: 13 A(6)  G(1)  E(4)  C(2) 
4385266687 11246.00 || noQ Q (Avg,Max,Min) (1.00, 1.00, 1.00) (0.99, 0.92, 1.00) #fs:   0  -- #Conts: 12 A(6)  G(1)  E(3)  C(2) 
4400048979 11244.29 || noQ Q (Avg,Max,Min) (1.00, 1.00, 1.00) (0.99, 0.92, 1.00) #fs:   0  -- #Conts: 13 A(7)  G(1)  E(3)  C(2) 
4475914478 8902.41 || noQ Q (Avg,Max,Min) (1.00, 1.00, 1.00) (0.94, 0.19, 1.00) #fs:   0  -- #Conts: 14 H(2)  A(7)  E(4)  C(1) 
4476394071 8886.65 || noQ Q (Avg,Max,Min) (1.00, 1.00, 1.00) (0.95, 0.32, 1.00) #fs:   0  -- #Conts: 14 H(1)  A(7)  G(1)  E(4)  C(1) 
4477377719 8881.65 || noQ Q (Avg,Max,Min) (1.00, 1.00, 1.00) (0.97, 0.59, 1.00) #fs:   0  -- #Conts: 13 H(1)  A(6)  G(1)  E(4)  C(1) 
4477839504 8877.59 || noQ Q (Avg,Max,Min) (1.00, 1.00, 1.00) (0.97, 0.72, 1.00) #fs:   0  -- #Conts: 14 H(1)  A(7)  E(5)  C(1) 
4495142459 8876.88 || noQ Q (Avg,Max,Min) (1.00, 1.00, 1.00) (0.99, 0.94, 1.00) #fs:   0  -- #Conts: 13 H(1)  A(7)  E(4)  C(1) 
4512142459 8875.88 || noQ Q (Avg,Max,Min) (1.00, 1.00, 1.00) (1.00, 0.99, 1.00) #fs:   0  -- #Conts: 12 H(1)  A(6)  E(4)  C(1) 
4535611707 6399.88 || noQ Q (Avg,Max,Min) (1.00, 1.00, 1.00) (0.94, 0.16, 1.00) #fs:   0  -- #Conts: 15 H(2)  A(6)  E(5)  C(2) 
4536021410 6384.12 || noQ Q (Avg,Max,Min) (1.00, 1.00, 1.00) (0.95, 0.27, 1.00) #fs:   0  -- #Conts: 15 H(1)  A(6)  G(1)  E(5)  C(2) 
4537256202 6375.06 || noQ Q (Avg,Max,Min) (1.00, 1.00, 0.99) (0.99, 0.96, 1.00) #fs:   1  -- #Conts: 14 H(1)  A(6)  E(5)  C(2) 
4552037594 6373.35 || noQ Q (Avg,Max,Min) (1.00, 1.00, 1.00) (1.00, 0.96, 1.00) #fs:   0  -- #Conts: 14 H(1)  A(6)  E(5)  C(2) 
4863217947 6172.00 || noQ Q (Avg,Max,Min) (1.00, 1.00, 1.00) (0.94, 0.16, 1.00) #fs:   0  -- #Conts: 15 H(1)  A(7)  G(1)  E(4)  C(2) 
4863627650 6156.24 || noQ Q (Avg,Max,Min) (1.00, 1.00, 1.00) (0.95, 0.27, 1.00) #fs:   0  -- #Conts: 15 A(7)  G(2)  E(4)  C(2) 
4864862442 6147.18 || noQ Q (Avg,Max,Min) (1.00, 1.00, 1.00) (0.97, 0.62, 1.00) #fs:   0  -- #Conts: 15 A(7)  G(1)  E(5)  C(2) 
4879643834 6145.47 || noQ Q (Avg,Max,Min) (1.00, 1.00, 1.00) (0.99, 0.92, 1.00) #fs:   0  -- #Conts: 14 A(7)  G(1)  E(4)  C(2) 
5279737713 6118.29 || noQ Q (Avg,Max,Min) (1.00, 1.00, 1.00) (0.93, 0.16, 1.00) #fs:   0  -- #Conts: 12 H(1)  A(6)  E(5) 
5280147416 6102.53 || noQ Q (Avg,Max,Min) (1.00, 1.00, 1.00) (0.94, 0.27, 1.00) #fs:   0  -- #Conts: 12 A(6)  G(1)  E(5) 
5281382208 6093.47 || noQ Q (Avg,Max,Min) (1.00, 1.00, 1.00) (0.97, 0.62, 1.00) #fs:   0  -- #Conts: 12 A(6)  E(6) 
5296163600 6091.76 || noQ Q (Avg,Max,Min) (1.00, 1.00, 1.00) (1.00, 1.00, 1.00) #fs:   0  -- #Conts: 11 A(6)  E(5) 
6443130025 5416.29 || noQ Q (Avg,Max,Min) (1.00, 1.00, 1.00) (0.92, 0.19, 1.00) #fs:   1  -- #Conts: 13 H(1)  A(5)  E(5)  C(2) 
6443703970 5411.29 || noQ Q (Avg,Max,Min) (1.00, 1.00, 1.00) (0.93, 0.35, 1.00) #fs:   1  -- #Conts: 13 H(1)  A(5)  E(5)  C(2) 
6444593266 5395.53 || noQ Q (Avg,Max,Min) (1.00, 1.00, 1.00) (0.95, 0.59, 1.00) #fs:   1  -- #Conts: 13 A(5)  G(1)  E(5)  C(2) 
6445377611 5393.18 || noQ Q (Avg,Max,Min) (1.00, 1.00, 1.00) (0.94, 0.62, 1.00) #fs:   1  -- #Conts: 14 A(5)  E(7)  C(2) 
6460157749 5391.47 || noQ Q (Avg,Max,Min) (1.00, 1.00, 1.00) (0.96, 0.72, 1.00) #fs:   1  -- #Conts: 13 A(5)  E(6)  C(2) 
6462358006 5390.76 || noQ Q (Avg,Max,Min) (1.00, 1.00, 1.00) (0.98, 0.90, 1.00) #fs:   1  -- #Conts: 12 A(5)  E(5)  C(2) 
6479358006 5389.76 || noQ Q (Avg,Max,Min) (1.00, 1.00, 1.00) (0.98, 0.90, 1.00) #fs:   1  -- #Conts: 12 A(5)  E(5)  C(2) 
/////////////////size: 125
nodes 48 edges 56
 mulT: 10000 mulD: 100  sumData GB 134
pareto /SIPHT.n.50.0.dax time -> 817.0
moheft /SIPHT.n.50.0.dax time -> 1794.0
distance from M to C 0.0
distance from P to C 564.1523878507533
distance from C to M 12.975100456184236
distance from C to P 482.1038602941192
toCompare: /SIPHT.n.50.0.dax sumDataGB: 134 mulT: 10000 mulD: 100 paretoOptTime_MS: 817.0 MoheftOptimizationTime_MS: 1794.0 MtoC 0.0 PtoC 564.1523878507533 CtoM 12.975100456184236 CtoP 482.1038602941192
