specify -Dflow d,b,mt,md,size
Running /home/vaggelis/jc/CYBERSHAKE.n.50.0.dax mt 1000 md: 1000 size null
  15845067 536.00 || noQ Q (Avg,Max,Min) (2.48, 3.12, 1.23) (1.55, 1.03, 1.90) #fs:   5  -- #Conts: 9 H(9) 
  16546505 504.47 || noQ Q (Avg,Max,Min) (2.38, 3.06, 1.20) (1.60, 1.04, 1.92) #fs:   4  -- #Conts: 8 H(8) 
  17004959 472.94 || noQ Q (Avg,Max,Min) (2.23, 3.39, 1.22) (1.81, 1.06, 3.21) #fs:   2  -- #Conts: 7 H(7) 
  17711275 441.41 || noQ Q (Avg,Max,Min) (2.21, 3.28, 1.20) (1.91, 1.18, 3.25) #fs:   3  -- #Conts: 5 H(5) 
  17872993 409.88 || noQ Q (Avg,Max,Min) (2.54, 3.34, 1.11) (2.49, 1.10, 3.26) #fs:   3  -- #Conts: 5 H(5) 
  22176687 394.12 || noQ Q (Avg,Max,Min) (2.04, 2.49, 1.16) (1.71, 0.99, 2.22) #fs:   6  -- #Conts: 13 G(13) 
  22205040 378.35 || noQ Q (Avg,Max,Min) (2.04, 2.49, 1.16) (1.78, 1.00, 2.22) #fs:   6  -- #Conts: 13 G(13) 
  41261217 362.12 || noQ Q (Avg,Max,Min) (1.47, 1.68, 1.21) (1.32, 1.06, 1.67) #fs:   5  -- #Conts: 12 E(12) 
  42500090 355.41 || noQ Q (Avg,Max,Min) (1.45, 1.68, 1.21) (1.32, 1.09, 1.67) #fs:   4  -- #Conts: 11 E(11) 
  42564419 348.71 || noQ Q (Avg,Max,Min) (1.47, 1.68, 1.21) (1.35, 1.12, 1.67) #fs:   2  -- #Conts: 10 E(10) 
  46386660 342.00 || noQ Q (Avg,Max,Min) (1.46, 1.65, 1.21) (1.38, 1.17, 1.54) #fs:   2  -- #Conts: 8 E(8) 
  46855921 335.29 || noQ Q (Avg,Max,Min) (1.46, 1.61, 1.21) (1.43, 1.20, 1.60) #fs:   2  -- #Conts: 7 E(7) 
  47198577 328.59 || noQ Q (Avg,Max,Min) (1.49, 1.68, 1.21) (1.47, 1.20, 1.67) #fs:   1  -- #Conts: 7 E(7) 
/////////////////size: 13
  15288220 677.88 || noQ Q (Avg,Max,Min) (3.80, 5.48, 1.48) (1.45, 1.23, 1.70) #fs:   5  -- #Conts: 15 H(12)  G(3) 
  15360650 662.12 || noQ Q (Avg,Max,Min) (3.72, 5.48, 1.48) (1.46, 1.26, 1.70) #fs:   5  -- #Conts: 15 H(11)  G(4) 
  15431337 646.35 || noQ Q (Avg,Max,Min) (3.74, 6.09, 1.48) (1.55, 1.27, 3.09) #fs:   3  -- #Conts: 14 H(11)  G(3) 
  15442816 630.59 || noQ Q (Avg,Max,Min) (3.55, 6.05, 1.48) (1.56, 1.27, 3.10) #fs:   4  -- #Conts: 14 H(10)  G(4) 
  15658246 614.82 || noQ Q (Avg,Max,Min) (3.63, 5.17, 1.47) (1.57, 1.28, 2.80) #fs:   1  -- #Conts: 14 H(9)  G(5) 
  15707201 599.06 || noQ Q (Avg,Max,Min) (3.58, 5.65, 1.45) (1.68, 1.26, 3.14) #fs:   2  -- #Conts: 13 H(9)  G(4) 
  15758148 551.76 || noQ Q (Avg,Max,Min) (3.32, 5.32, 1.44) (1.85, 1.26, 3.18) #fs:   5  -- #Conts: 12 H(7)  G(5) 
  15821667 536.00 || noQ Q (Avg,Max,Min) (3.27, 5.21, 1.44) (1.87, 1.26, 3.20) #fs:   6  -- #Conts: 12 H(6)  G(6) 
  15941843 520.24 || noQ Q (Avg,Max,Min) (3.21, 4.99, 1.43) (1.89, 1.27, 3.23) #fs:   2  -- #Conts: 12 H(5)  G(7) 
  16005957 504.47 || noQ Q (Avg,Max,Min) (2.99, 4.56, 1.47) (1.82, 1.31, 2.90) #fs:   2  -- #Conts: 12 H(4)  G(8) 
  16058191 488.71 || noQ Q (Avg,Max,Min) (2.82, 4.48, 1.50) (1.73, 1.34, 2.91) #fs:   2  -- #Conts: 12 H(3)  G(9) 
  16483109 472.94 || noQ Q (Avg,Max,Min) (2.70, 4.28, 1.09) (1.74, 1.00, 3.37) #fs:   3  -- #Conts: 14 H(2)  G(12) 
  16516632 441.41 || noQ Q (Avg,Max,Min) (2.68, 4.19, 1.24) (1.76, 1.24, 3.39) #fs:   2  -- #Conts: 14 H(2)  G(12) 
  16844188 425.65 || noQ Q (Avg,Max,Min) (2.65, 3.88, 1.24) (1.90, 1.24, 3.48) #fs:   2  -- #Conts: 13 H(2)  G(11) 
  17061688 416.59 || noQ Q (Avg,Max,Min) (2.48, 3.84, 1.24) (1.93, 1.24, 3.49) #fs:   2  -- #Conts: 13 H(2)  G(10)  E(1) 
  17134654 409.88 || noQ Q (Avg,Max,Min) (2.52, 3.84, 1.24) (2.06, 1.24, 3.49) #fs:   3  -- #Conts: 12 H(2)  G(10) 
  17542797 407.53 || noQ Q (Avg,Max,Min) (2.35, 3.60, 1.24) (2.02, 1.02, 3.58) #fs:   3  -- #Conts: 12 H(2)  G(9)  E(1) 
  19708859 404.82 || noQ Q (Avg,Max,Min) (2.05, 3.09, 1.24) (1.63, 0.99, 2.62) #fs:   0  -- #Conts: 11 H(2)  G(3)  E(6) 
  19925321 398.12 || noQ Q (Avg,Max,Min) (2.01, 3.02, 1.24) (1.72, 1.11, 2.65) #fs:   2  -- #Conts: 11 H(2)  G(3)  E(6) 
  20093120 392.71 || noQ Q (Avg,Max,Min) (2.00, 2.96, 1.24) (1.75, 1.11, 2.66) #fs:   2  -- #Conts: 11 H(2)  G(3)  E(5)  C(1) 
  20755685 389.88 || noQ Q (Avg,Max,Min) (1.84, 2.52, 1.37) (1.60, 1.11, 2.26) #fs:   3  -- #Conts: 23 H(2)  G(5)  E(13)  C(3) 
  20824272 387.53 || noQ Q (Avg,Max,Min) (1.79, 2.52, 1.34) (1.58, 1.11, 2.24) #fs:   4  -- #Conts: 23 H(2)  G(4)  E(14)  C(3) 
  21777542 384.71 || noQ Q (Avg,Max,Min) (1.75, 2.40, 1.34) (1.56, 1.06, 2.22) #fs:   4  -- #Conts: 22 H(2)  G(4)  E(11)  C(5) 
  21976707 381.88 || noQ Q (Avg,Max,Min) (1.69, 2.39, 1.34) (1.54, 1.07, 2.22) #fs:   7  -- #Conts: 21 H(2)  G(4)  E(8)  C(7) 
  22066903 380.47 || noQ Q (Avg,Max,Min) (1.70, 2.52, 1.34) (1.55, 1.05, 2.24) #fs:   7  -- #Conts: 22 H(2)  G(4)  E(8)  C(8) 
  22220377 379.06 || noQ Q (Avg,Max,Min) (1.71, 2.52, 1.34) (1.56, 1.04, 2.24) #fs:   4  -- #Conts: 23 H(2)  G(4)  E(8)  C(9) 
  23030176 375.41 || noQ Q (Avg,Max,Min) (1.77, 2.39, 1.44) (1.62, 1.05, 2.22) #fs:   1  -- #Conts: 18 H(2)  G(4)  E(9)  C(3) 
  23082708 370.12 || noQ Q (Avg,Max,Min) (1.80, 2.40, 1.28) (1.69, 1.11, 2.22) #fs:   5  -- #Conts: 18 H(2)  G(4)  E(10)  C(2) 
  23167531 370.00 || noQ Q (Avg,Max,Min) (1.75, 2.39, 1.25) (1.65, 1.08, 2.22) #fs:   2  -- #Conts: 18 H(2)  G(4)  E(8)  C(4) 
  23454289 368.71 || noQ Q (Avg,Max,Min) (1.79, 2.52, 1.30) (1.68, 1.11, 2.24) #fs:   4  -- #Conts: 18 H(2)  G(4)  E(9)  C(3) 
  23770090 367.41 || noQ Q (Avg,Max,Min) (1.83, 2.52, 1.42) (1.72, 1.07, 2.24) #fs:   2  -- #Conts: 18 H(2)  G(4)  E(10)  C(2) 
  24004013 362.12 || noQ Q (Avg,Max,Min) (1.84, 2.52, 1.42) (1.75, 1.09, 2.24) #fs:   2  -- #Conts: 16 H(2)  G(4)  E(9)  C(1) 
  24268587 356.82 || noQ Q (Avg,Max,Min) (1.89, 2.52, 1.51) (1.82, 1.42, 2.24) #fs:   3  -- #Conts: 16 H(2)  G(4)  E(10) 
  27415037 355.71 || noQ Q (Avg,Max,Min) (1.73, 2.40, 0.64) (1.64, 0.28, 2.22) #fs:   3  -- #Conts: 17 H(2)  G(4)  A(2)  E(8)  C(1) 
  27466081 354.71 || noQ Q (Avg,Max,Min) (1.77, 2.40, 0.65) (1.73, 0.61, 2.22) #fs:   3  -- #Conts: 16 H(2)  G(4)  A(1)  E(8)  C(1) 
  27640947 353.71 || noQ Q (Avg,Max,Min) (1.79, 2.40, 1.00) (1.73, 0.64, 2.22) #fs:   2  -- #Conts: 16 H(2)  G(4)  A(1)  E(8)  C(1) 
  27839453 352.71 || noQ Q (Avg,Max,Min) (1.84, 2.40, 1.51) (1.81, 1.42, 2.22) #fs:   1  -- #Conts: 15 H(2)  G(4)  E(8)  C(1) 
  27934233 352.41 || noQ Q (Avg,Max,Min) (1.77, 2.39, 1.00) (1.74, 0.88, 2.22) #fs:   0  -- #Conts: 15 H(2)  G(4)  A(1)  E(7)  C(1) 
  35167412 349.41 || noQ Q (Avg,Max,Min) (1.65, 2.40, 1.14) (1.61, 1.14, 2.28) #fs:   4  -- #Conts: 15 H(1)  G(2)  E(5)  C(7) 
  36099099 349.12 || noQ Q (Avg,Max,Min) (1.59, 2.30, 1.00) (1.50, 0.09, 2.28) #fs:   4  -- #Conts: 14 H(1)  G(2)  A(1)  E(4)  C(6) 
  36143465 348.12 || noQ Q (Avg,Max,Min) (1.63, 2.30, 1.23) (1.60, 1.22, 2.28) #fs:   4  -- #Conts: 13 H(1)  G(2)  E(4)  C(6) 
  36230897 347.82 || noQ Q (Avg,Max,Min) (1.59, 2.30, 1.00) (1.50, 0.21, 2.28) #fs:   3  -- #Conts: 13 H(1)  G(2)  A(1)  E(4)  C(5) 
  36281794 346.82 || noQ Q (Avg,Max,Min) (1.64, 2.30, 1.13) (1.61, 1.13, 2.28) #fs:   3  -- #Conts: 12 H(1)  G(2)  E(4)  C(5) 
  36571497 346.53 || noQ Q (Avg,Max,Min) (1.60, 2.29, 0.62) (1.57, 0.52, 2.29) #fs:   2  -- #Conts: 13 H(1)  G(2)  A(1)  E(5)  C(4) 
  36688944 345.53 || noQ Q (Avg,Max,Min) (1.68, 2.29, 1.13) (1.66, 1.13, 2.29) #fs:   1  -- #Conts: 12 H(1)  G(2)  E(5)  C(4) 
  40301083 341.47 || noQ Q (Avg,Max,Min) (1.65, 2.32, 1.00) (1.62, 0.91, 2.27) #fs:   1  -- #Conts: 11 H(1)  G(2)  A(1)  E(5)  C(2) 
  42947693 339.41 || noQ Q (Avg,Max,Min) (1.84, 2.64, 1.19) (1.71, 1.17, 2.27) #fs:   0  -- #Conts: 13 G(3)  E(7)  C(3) 
  43317416 337.41 || noQ Q (Avg,Max,Min) (1.74, 2.64, 1.00) (1.53, 0.21, 2.25) #fs:   1  -- #Conts: 14 G(3)  A(2)  E(7)  C(2) 
  43344789 336.41 || noQ Q (Avg,Max,Min) (1.80, 2.64, 1.00) (1.64, 0.30, 2.25) #fs:   0  -- #Conts: 13 G(3)  A(1)  E(7)  C(2) 
  43383940 335.41 || noQ Q (Avg,Max,Min) (1.87, 2.64, 1.16) (1.75, 1.16, 2.25) #fs:   0  -- #Conts: 12 G(3)  E(7)  C(2) 
  46384053 335.12 || noQ Q (Avg,Max,Min) (1.75, 2.64, 1.00) (1.66, 0.98, 2.25) #fs:   1  -- #Conts: 12 G(3)  A(1)  E(6)  C(2) 
  46614646 334.12 || noQ Q (Avg,Max,Min) (1.81, 2.64, 1.16) (1.73, 1.16, 2.25) #fs:   1  -- #Conts: 11 G(3)  E(6)  C(2) 
  47495750 333.41 || noQ Q (Avg,Max,Min) (1.62, 2.40, 1.00) (1.48, 0.30, 2.23) #fs:   2  -- #Conts: 12 G(3)  A(2)  E(5)  C(2) 
  48158675 332.41 || noQ Q (Avg,Max,Min) (1.67, 2.40, 1.00) (1.61, 0.63, 2.23) #fs:   1  -- #Conts: 11 G(3)  A(1)  E(5)  C(2) 
  50377240 330.94 || noQ Q (Avg,Max,Min) (1.54, 2.40, 0.25) (1.51, 0.19, 2.22) #fs:   2  -- #Conts: 11 G(2)  A(1)  E(5)  C(3) 
  50422917 329.94 || noQ Q (Avg,Max,Min) (1.61, 2.40, 1.00) (1.51, 0.21, 2.22) #fs:   0  -- #Conts: 11 G(2)  A(1)  E(5)  C(3) 
  50454181 328.94 || noQ Q (Avg,Max,Min) (1.67, 2.40, 1.11) (1.64, 1.11, 2.22) #fs:   1  -- #Conts: 10 G(2)  E(5)  C(3) 
  50626492 328.65 || noQ Q (Avg,Max,Min) (1.54, 1.98, 1.00) (1.44, 0.21, 1.97) #fs:   0  -- #Conts: 9 G(2)  A(1)  E(4)  C(2) 
  50677417 327.65 || noQ Q (Avg,Max,Min) (1.61, 1.98, 1.11) (1.60, 1.11, 1.97) #fs:   1  -- #Conts: 8 G(2)  E(4)  C(2) 
  54399162 326.94 || noQ Q (Avg,Max,Min) (1.54, 1.98, 0.94) (1.52, 0.76, 1.97) #fs:   2  -- #Conts: 9 G(2)  A(1)  E(4)  C(2) 
/////////////////size: 60
nodes 50 edges 92
 mulT: 1000 mulD: 1000  sumData GB 86302
pareto /CYBERSHAKE.n.50.0.dax time -> 797.0
moheft /CYBERSHAKE.n.50.0.dax time -> 1703.0
distance from M to C 0.10373295526456454
distance from P to C 2.2304660912078065
distance from C to M 0.24981453310814555
distance from C to P 6.712324953104766
toCompare: /CYBERSHAKE.n.50.0.dax sumDataGB: 86302 mulT: 1000 mulD: 1000 paretoOptTime_MS: 797.0 MoheftOptimizationTime_MS: 1703.0 MtoC 0.10373295526456454 PtoC 2.2304660912078065 CtoM 0.24981453310814555 CtoP 6.712324953104766
