specify -Dflow d,b,mt,md,size
Running /home/vaggelis/jc/CYBERSHAKE.n.100.0.dax mt 1 md: 100 size null
     38703 063.06 || noQ Q (Avg,Max,Min) (15.14, 16.15, 10.00) (0.16, 0.15, 0.17) #fs:   2  -- #Conts: 2 H(2) 
     63062 047.29 || noQ Q (Avg,Max,Min) (9.50, 10.33, 8.68) (0.17, 0.15, 0.18) #fs:   2  -- #Conts: 2 H(1)  G(1) 
     66318 032.53 || noQ Q (Avg,Max,Min) (6.50, 9.83, 1.02) (0.11, 0.00, 0.18) #fs:   2  -- #Conts: 3 G(2)  A(1) 
     66404 031.53 || noQ Q (Avg,Max,Min) (9.24, 9.83, 8.65) (0.17, 0.16, 0.18) #fs:   2  -- #Conts: 2 G(2) 
    129465 015.76 || noQ Q (Avg,Max,Min) (9.47, 9.47, 9.47) (0.34, 0.34, 0.34) #fs:   0  -- #Conts: 1 G(1) 
    149743 013.41 || noQ Q (Avg,Max,Min) (4.64, 4.88, 4.40) (0.19, 0.18, 0.20) #fs:   2  -- #Conts: 2 E(2) 
    246136 010.71 || noQ Q (Avg,Max,Min) (3.90, 4.40, 3.39) (0.21, 0.18, 0.23) #fs:   0  -- #Conts: 2 E(1)  C(1) 
    258407 009.00 || noQ Q (Avg,Max,Min) (2.40, 3.23, 1.02) (0.15, 0.00, 0.23) #fs:   2  -- #Conts: 3 A(1)  C(2) 
    258704 008.00 || noQ Q (Avg,Max,Min) (3.10, 3.23, 2.97) (0.22, 0.21, 0.23) #fs:   2  -- #Conts: 2 C(2) 
    291917 006.71 || noQ Q (Avg,Max,Min) (4.75, 4.75, 4.75) (0.39, 0.39, 0.39) #fs:   0  -- #Conts: 1 E(1) 
    504383 004.00 || noQ Q (Avg,Max,Min) (3.17, 3.17, 3.17) (0.44, 0.44, 0.44) #fs:   0  -- #Conts: 1 C(1) 
   1145911 003.00 || noQ Q (Avg,Max,Min) (1.31, 1.47, 1.02) (0.31, 0.00, 0.47) #fs:   2  -- #Conts: 3 A(3) 
   1147067 002.00 || noQ Q (Avg,Max,Min) (1.45, 1.46, 1.44) (0.46, 0.46, 0.47) #fs:   2  -- #Conts: 2 A(2) 
   2236610 001.00 || noQ Q (Avg,Max,Min) (1.49, 1.49, 1.49) (0.93, 0.93, 0.93) #fs:   0  -- #Conts: 1 A(1) 
/////////////////size: 14
     73892 074.06 || noQ Q (Avg,Max,Min) (2.16, 15.83, 0.10) (0.03, 0.00, 0.32) #fs:  11  -- #Conts: 10 H(2)  A(7)  C(1) 
     73908 058.29 || noQ Q (Avg,Max,Min) (2.11, 15.83, 0.10) (0.03, 0.00, 0.32) #fs:  11  -- #Conts: 10 H(1)  A(7)  G(1)  C(1) 
     73910 042.53 || noQ Q (Avg,Max,Min) (2.17, 15.83, 0.10) (0.04, 0.00, 0.32) #fs:  11  -- #Conts: 9 H(1)  A(7)  C(1) 
     73937 038.53 || noQ Q (Avg,Max,Min) (2.31, 15.82, 0.10) (0.04, 0.00, 0.32) #fs:  11  -- #Conts: 8 H(1)  A(7) 
     74183 037.53 || noQ Q (Avg,Max,Min) (2.59, 15.77, 0.11) (0.05, 0.00, 0.33) #fs:   9  -- #Conts: 7 H(1)  A(6) 
     74289 036.53 || noQ Q (Avg,Max,Min) (3.00, 15.75, 0.19) (0.06, 0.00, 0.33) #fs:   8  -- #Conts: 6 H(1)  A(5) 
     74532 035.53 || noQ Q (Avg,Max,Min) (3.56, 15.71, 0.30) (0.07, 0.00, 0.33) #fs:   6  -- #Conts: 5 H(1)  A(4) 
     74844 034.53 || noQ Q (Avg,Max,Min) (4.32, 15.64, 0.30) (0.08, 0.00, 0.33) #fs:   5  -- #Conts: 4 H(1)  A(3) 
     74916 033.53 || noQ Q (Avg,Max,Min) (5.42, 15.63, 0.30) (0.11, 0.00, 0.33) #fs:   5  -- #Conts: 3 H(1)  A(2) 
     75319 032.53 || noQ Q (Avg,Max,Min) (7.93, 15.55, 0.31) (0.16, 0.00, 0.33) #fs:   2  -- #Conts: 2 H(1)  A(1) 
     75562 031.53 || noQ Q (Avg,Max,Min) (15.51, 15.51, 10.00) (0.33, 0.33, 0.33) #fs:   0  -- #Conts: 1 H(1) 
    126633 027.47 || noQ Q (Avg,Max,Min) (1.77, 9.66, 0.15) (0.05, 0.00, 0.34) #fs:  11  -- #Conts: 7 G(1)  A(5)  E(1) 
    126649 020.76 || noQ Q (Avg,Max,Min) (1.85, 9.65, 0.15) (0.06, 0.00, 0.34) #fs:  11  -- #Conts: 6 G(1)  A(5) 
    127107 019.76 || noQ Q (Avg,Max,Min) (2.12, 9.62, 0.15) (0.07, 0.00, 0.34) #fs:   9  -- #Conts: 5 G(1)  A(4) 
    127654 018.76 || noQ Q (Avg,Max,Min) (2.62, 9.59, 0.24) (0.09, 0.00, 0.34) #fs:   6  -- #Conts: 4 G(1)  A(3) 
    128242 017.76 || noQ Q (Avg,Max,Min) (3.38, 9.55, 0.24) (0.12, 0.00, 0.34) #fs:   5  -- #Conts: 3 G(1)  A(2) 
    128858 016.76 || noQ Q (Avg,Max,Min) (4.88, 9.51, 0.26) (0.17, 0.00, 0.34) #fs:   2  -- #Conts: 2 G(1)  A(1) 
    129465 015.76 || noQ Q (Avg,Max,Min) (9.47, 9.47, 9.47) (0.34, 0.34, 0.34) #fs:   0  -- #Conts: 1 G(1) 
    285516 014.71 || noQ Q (Avg,Max,Min) (1.20, 4.84, 0.05) (0.07, 0.00, 0.38) #fs:   8  -- #Conts: 6 A(4)  E(1)  C(1) 
    285600 010.71 || noQ Q (Avg,Max,Min) (1.21, 4.84, 0.05) (0.08, 0.00, 0.38) #fs:   8  -- #Conts: 5 A(4)  E(1) 
    286272 009.71 || noQ Q (Avg,Max,Min) (1.45, 4.83, 0.06) (0.10, 0.00, 0.38) #fs:   6  -- #Conts: 4 A(3)  E(1) 
    288331 008.71 || noQ Q (Avg,Max,Min) (1.69, 4.80, 0.08) (0.13, 0.00, 0.38) #fs:   3  -- #Conts: 3 A(2)  E(1) 
    289509 007.71 || noQ Q (Avg,Max,Min) (2.50, 4.79, 0.21) (0.20, 0.01, 0.38) #fs:   2  -- #Conts: 2 A(1)  E(1) 
    291917 006.71 || noQ Q (Avg,Max,Min) (4.75, 4.75, 4.75) (0.39, 0.39, 0.39) #fs:   0  -- #Conts: 1 E(1) 
    494153 006.00 || noQ Q (Avg,Max,Min) (1.15, 3.22, 0.06) (0.15, 0.01, 0.44) #fs:   6  -- #Conts: 3 A(2)  C(1) 
    498100 005.00 || noQ Q (Avg,Max,Min) (1.69, 3.20, 0.18) (0.23, 0.01, 0.44) #fs:   2  -- #Conts: 2 A(1)  C(1) 
    504383 004.00 || noQ Q (Avg,Max,Min) (3.17, 3.17, 3.17) (0.44, 0.44, 0.44) #fs:   0  -- #Conts: 1 C(1) 
   1131041 003.00 || noQ Q (Avg,Max,Min) (1.15, 1.91, 0.08) (0.36, 0.01, 0.60) #fs:   5  -- #Conts: 3 A(3) 
   1150661 002.00 || noQ Q (Avg,Max,Min) (1.67, 1.90, 1.44) (0.53, 0.46, 0.61) #fs:   0  -- #Conts: 2 A(2) 
   2236610 001.00 || noQ Q (Avg,Max,Min) (1.49, 1.49, 1.49) (0.93, 0.93, 0.93) #fs:   0  -- #Conts: 1 A(1) 
/////////////////size: 30
nodes 100 edges 192
 mulT: 1 mulD: 100  sumData GB 9759
pareto /CYBERSHAKE.n.100.0.dax time -> 524.0
moheft /CYBERSHAKE.n.100.0.dax time -> 655.0
distance from M to C 1.6460340788525136
distance from P to C 0.0
distance from C to M 0.1994858371436604
distance from C to P 0.7488712401858585
toCompare: /CYBERSHAKE.n.100.0.dax sumDataGB: 9759 mulT: 1 mulD: 100 paretoOptTime_MS: 524.0 MoheftOptimizationTime_MS: 655.0 MtoC 1.6460340788525136 PtoC 0.0 CtoM 0.1994858371436604 CtoP 0.7488712401858585
