specify -Dflow d,b,mt,md,size
Running /home/vaggelis/jc/LIGO.n.50.0.dax mt 100 md: 500 size null
   4737522 693.65 || noQ Q (Avg,Max,Min) (0.87, 1.00, 0.67) (0.55, 0.35, 0.93) #fs:  15  -- #Conts: 12 H(11)  G(1) 
   4772097 662.12 || noQ Q (Avg,Max,Min) (0.89, 1.00, 0.76) (0.57, 0.40, 0.93) #fs:  15  -- #Conts: 12 H(10)  G(2) 
   4996616 630.59 || noQ Q (Avg,Max,Min) (0.87, 1.00, 0.77) (0.59, 0.46, 0.93) #fs:  16  -- #Conts: 12 H(9)  G(3) 
   6350273 599.06 || noQ Q (Avg,Max,Min) (0.84, 1.01, 0.61) (0.61, 0.49, 0.89) #fs:  12  -- #Conts: 11 H(11) 
   6467603 583.29 || noQ Q (Avg,Max,Min) (0.86, 1.00, 0.61) (0.64, 0.51, 0.89) #fs:  13  -- #Conts: 11 H(10)  G(1) 
   7160463 567.53 || noQ Q (Avg,Max,Min) (0.83, 1.01, 0.61) (0.64, 0.49, 0.90) #fs:  12  -- #Conts: 10 H(10) 
   7277793 551.76 || noQ Q (Avg,Max,Min) (0.85, 0.99, 0.61) (0.67, 0.51, 0.90) #fs:  13  -- #Conts: 10 H(9)  G(1) 
   7402666 536.00 || noQ Q (Avg,Max,Min) (0.82, 1.01, 0.61) (0.67, 0.49, 0.89) #fs:  12  -- #Conts: 10 H(10) 
   7423499 504.47 || noQ Q (Avg,Max,Min) (0.94, 1.00, 0.72) (0.73, 0.54, 0.99) #fs:  10  -- #Conts: 17 H(5)  G(12) 
   7565858 488.71 || noQ Q (Avg,Max,Min) (0.94, 1.00, 0.70) (0.76, 0.54, 0.99) #fs:  10  -- #Conts: 17 H(4)  G(13) 
   7616146 472.94 || noQ Q (Avg,Max,Min) (0.93, 1.00, 0.70) (0.78, 0.54, 0.99) #fs:  10  -- #Conts: 17 H(3)  G(14) 
   7662986 457.18 || noQ Q (Avg,Max,Min) (0.93, 1.00, 0.69) (0.80, 0.54, 0.99) #fs:  10  -- #Conts: 17 H(2)  G(15) 
   7836483 441.41 || noQ Q (Avg,Max,Min) (0.92, 1.00, 0.67) (0.83, 0.54, 0.99) #fs:  10  -- #Conts: 17 H(1)  G(16) 
   8345700 425.65 || noQ Q (Avg,Max,Min) (0.91, 1.00, 0.63) (0.81, 0.56, 0.99) #fs:   9  -- #Conts: 17 H(1)  G(16) 
   8432822 409.88 || noQ Q (Avg,Max,Min) (0.91, 1.00, 0.62) (0.83, 0.56, 0.99) #fs:   9  -- #Conts: 17 G(17) 
   9200165 398.47 || noQ Q (Avg,Max,Min) (0.93, 1.00, 0.66) (0.85, 0.60, 0.99) #fs:  10  -- #Conts: 17 G(16)  E(1) 
   9868666 394.12 || noQ Q (Avg,Max,Min) (0.94, 1.00, 0.71) (0.87, 0.60, 0.99) #fs:   8  -- #Conts: 17 H(1)  G(16) 
  10329648 378.35 || noQ Q (Avg,Max,Min) (0.94, 1.00, 0.66) (0.87, 0.60, 0.99) #fs:   7  -- #Conts: 17 G(17) 
  18344989 362.12 || noQ Q (Avg,Max,Min) (0.94, 1.00, 0.69) (0.84, 0.63, 0.99) #fs:  10  -- #Conts: 16 E(16) 
  18621376 360.71 || noQ Q (Avg,Max,Min) (0.94, 1.00, 0.69) (0.85, 0.63, 0.99) #fs:  11  -- #Conts: 16 E(15)  C(1) 
  20770663 354.00 || noQ Q (Avg,Max,Min) (0.97, 1.01, 0.85) (0.87, 0.73, 0.98) #fs:   5  -- #Conts: 17 E(16)  C(1) 
  23970314 347.29 || noQ Q (Avg,Max,Min) (0.97, 1.01, 0.85) (0.88, 0.81, 0.98) #fs:   5  -- #Conts: 16 E(15)  C(1) 
  25878026 342.00 || noQ Q (Avg,Max,Min) (0.96, 1.01, 0.85) (0.90, 0.82, 0.98) #fs:   5  -- #Conts: 14 E(14) 
  44424604 340.00 || noQ Q (Avg,Max,Min) (0.99, 1.00, 0.88) (0.92, 0.84, 1.00) #fs:   2  -- #Conts: 18 C(18) 
  44892944 336.00 || noQ Q (Avg,Max,Min) (0.99, 1.00, 0.85) (0.93, 0.84, 1.00) #fs:   2  -- #Conts: 17 C(17) 
  51385779 332.00 || noQ Q (Avg,Max,Min) (1.00, 1.00, 0.97) (0.94, 0.84, 1.00) #fs:   1  -- #Conts: 16 C(16) 
  55081711 328.00 || noQ Q (Avg,Max,Min) (1.00, 1.00, 0.97) (0.95, 0.84, 1.00) #fs:   1  -- #Conts: 15 C(15) 
  55407928 324.00 || noQ Q (Avg,Max,Min) (1.00, 1.00, 0.97) (0.96, 0.91, 1.00) #fs:   1  -- #Conts: 14 C(14) 
/////////////////size: 28
   8111904 585.29 || noQ Q (Avg,Max,Min) (0.98, 1.00, 0.65) (0.63, 0.37, 1.00) #fs:   5  -- #Conts: 23 H(10)  A(2)  G(11) 
   8129333 569.53 || noQ Q (Avg,Max,Min) (1.00, 1.02, 0.88) (0.64, 0.36, 1.00) #fs:   2  -- #Conts: 25 H(12)  A(2)  G(11) 
   8183315 553.76 || noQ Q (Avg,Max,Min) (0.99, 1.02, 0.88) (0.64, 0.37, 1.00) #fs:   3  -- #Conts: 24 H(11)  A(2)  G(11) 
   8315998 538.00 || noQ Q (Avg,Max,Min) (1.00, 1.02, 0.98) (0.66, 0.38, 1.00) #fs:   1  -- #Conts: 24 H(11)  A(2)  G(11) 
   8572451 522.24 || noQ Q (Avg,Max,Min) (0.99, 1.02, 0.88) (0.67, 0.46, 1.00) #fs:   3  -- #Conts: 23 H(10)  A(2)  G(11) 
   8579736 506.47 || noQ Q (Avg,Max,Min) (1.00, 1.02, 0.94) (0.69, 0.47, 1.00) #fs:   2  -- #Conts: 23 H(10)  A(2)  G(11) 
   9462454 490.71 || noQ Q (Avg,Max,Min) (0.97, 1.02, 0.56) (0.70, 0.46, 0.99) #fs:   6  -- #Conts: 22 H(9)  A(2)  G(11) 
   9567065 459.18 || noQ Q (Avg,Max,Min) (0.96, 1.02, 0.51) (0.73, 0.47, 0.99) #fs:   7  -- #Conts: 21 H(8)  A(2)  G(11) 
   9872924 425.65 || noQ Q (Avg,Max,Min) (1.00, 1.12, 0.96) (0.77, 0.01, 1.00) #fs:   4  -- #Conts: 23 H(2)  G(21) 
   9884141 409.88 || noQ Q (Avg,Max,Min) (1.00, 1.02, 0.96) (0.79, 0.47, 1.00) #fs:   4  -- #Conts: 22 H(1)  G(21) 
   9885191 394.12 || noQ Q (Avg,Max,Min) (1.00, 1.02, 0.96) (0.80, 0.47, 1.00) #fs:   5  -- #Conts: 22 H(1)  G(21) 
  10142874 391.76 || noQ Q (Avg,Max,Min) (1.00, 1.02, 0.96) (0.81, 0.47, 1.00) #fs:   4  -- #Conts: 22 H(1)  G(20)  E(1) 
  11108229 389.41 || noQ Q (Avg,Max,Min) (1.00, 1.02, 0.96) (0.81, 0.47, 1.00) #fs:   4  -- #Conts: 22 H(1)  G(19)  E(2) 
  11285772 387.06 || noQ Q (Avg,Max,Min) (1.00, 1.02, 0.96) (0.81, 0.47, 1.00) #fs:   4  -- #Conts: 22 H(1)  G(18)  E(3) 
  11372684 384.71 || noQ Q (Avg,Max,Min) (1.00, 1.02, 0.96) (0.82, 0.47, 1.00) #fs:   4  -- #Conts: 22 H(1)  G(17)  E(4) 
  12473039 382.35 || noQ Q (Avg,Max,Min) (1.00, 1.02, 0.96) (0.82, 0.47, 1.00) #fs:   4  -- #Conts: 22 H(1)  G(16)  E(5) 
  13027360 376.94 || noQ Q (Avg,Max,Min) (0.99, 1.02, 0.92) (0.84, 0.47, 1.00) #fs:   5  -- #Conts: 22 H(1)  G(16)  E(4)  C(1) 
  13107724 374.59 || noQ Q (Avg,Max,Min) (1.00, 1.02, 0.96) (0.84, 0.47, 1.00) #fs:   4  -- #Conts: 22 H(1)  G(15)  E(5)  C(1) 
  14760074 373.18 || noQ Q (Avg,Max,Min) (1.00, 1.02, 0.96) (0.85, 0.47, 1.00) #fs:   4  -- #Conts: 22 H(1)  G(15)  E(4)  C(2) 
  15089417 371.76 || noQ Q (Avg,Max,Min) (1.00, 1.02, 0.96) (0.85, 0.47, 1.00) #fs:   4  -- #Conts: 22 H(1)  G(15)  E(3)  C(3) 
  15261443 370.35 || noQ Q (Avg,Max,Min) (1.00, 1.02, 0.96) (0.86, 0.47, 1.00) #fs:   4  -- #Conts: 22 H(1)  G(15)  E(2)  C(4) 
  16236025 366.59 || noQ Q (Avg,Max,Min) (1.00, 1.02, 0.96) (0.86, 0.47, 1.00) #fs:   4  -- #Conts: 20 H(1)  G(15)  E(4) 
  16322937 366.47 || noQ Q (Avg,Max,Min) (1.00, 1.02, 0.96) (0.87, 0.47, 1.00) #fs:   4  -- #Conts: 21 H(1)  G(15)  E(3)  C(2) 
  16432954 365.18 || noQ Q (Avg,Max,Min) (1.00, 1.02, 0.96) (0.87, 0.47, 1.00) #fs:   4  -- #Conts: 20 H(1)  G(15)  E(3)  C(1) 
  21316603 358.71 || noQ Q (Avg,Max,Min) (1.00, 1.02, 0.89) (0.88, 0.69, 0.99) #fs:   1  -- #Conts: 20 H(1)  G(7)  E(11)  C(1) 
  22537597 357.41 || noQ Q (Avg,Max,Min) (0.99, 1.02, 0.81) (0.88, 0.72, 0.99) #fs:   1  -- #Conts: 20 H(1)  G(7)  E(11)  C(1) 
  25308314 350.71 || noQ Q (Avg,Max,Min) (0.99, 1.02, 0.81) (0.90, 0.72, 0.99) #fs:   1  -- #Conts: 19 H(1)  G(7)  E(10)  C(1) 
  25568503 349.29 || noQ Q (Avg,Max,Min) (0.99, 1.02, 0.77) (0.90, 0.70, 0.99) #fs:   2  -- #Conts: 19 H(1)  G(7)  E(9)  C(2) 
  26312355 344.00 || noQ Q (Avg,Max,Min) (0.99, 1.02, 0.81) (0.92, 0.79, 0.99) #fs:   1  -- #Conts: 18 H(1)  G(7)  E(9)  C(1) 
  29169142 343.88 || noQ Q (Avg,Max,Min) (1.00, 1.02, 0.92) (0.92, 0.82, 0.99) #fs:   1  -- #Conts: 17 H(1)  G(7)  E(8)  C(1) 
  29308468 342.47 || noQ Q (Avg,Max,Min) (0.99, 1.02, 0.77) (0.92, 0.70, 0.99) #fs:   2  -- #Conts: 17 H(1)  G(7)  E(7)  C(2) 
  30695493 341.18 || noQ Q (Avg,Max,Min) (0.99, 1.02, 0.77) (0.92, 0.70, 1.00) #fs:   2  -- #Conts: 17 H(1)  G(7)  E(7)  C(2) 
  31395238 339.65 || noQ Q (Avg,Max,Min) (1.00, 1.02, 0.95) (0.92, 0.61, 0.99) #fs:   2  -- #Conts: 16 H(1)  G(8)  E(6)  C(1) 
  31518119 337.29 || noQ Q (Avg,Max,Min) (0.99, 1.02, 0.81) (0.93, 0.81, 0.99) #fs:   1  -- #Conts: 17 H(1)  G(7)  E(8)  C(1) 
  35908112 335.88 || noQ Q (Avg,Max,Min) (1.00, 1.02, 0.95) (0.93, 0.80, 0.99) #fs:   3  -- #Conts: 16 H(1)  G(7)  E(6)  C(2) 
  40430220 325.94 || noQ Q (Avg,Max,Min) (1.00, 1.00, 1.00) (0.94, 0.76, 1.00) #fs:   2  -- #Conts: 13 A(2)  G(6)  E(5) 
  45489785 323.59 || noQ Q (Avg,Max,Min) (1.00, 1.00, 1.00) (0.94, 0.76, 1.00) #fs:   2  -- #Conts: 13 A(2)  G(6)  E(5) 
  49860823 321.24 || noQ Q (Avg,Max,Min) (1.00, 1.00, 1.00) (0.92, 0.69, 1.00) #fs:   1  -- #Conts: 12 A(2)  G(5)  E(5) 
  53056494 319.06 || noQ Q (Avg,Max,Min) (1.00, 1.00, 1.00) (0.95, 0.76, 1.00) #fs:   1  -- #Conts: 11 A(1)  G(5)  E(4)  C(1) 
  59034379 318.35 || noQ Q (Avg,Max,Min) (1.00, 1.00, 1.00) (0.94, 0.76, 1.00) #fs:   1  -- #Conts: 13 A(1)  G(3)  E(7)  C(2) 
  62193997 318.12 || noQ Q (Avg,Max,Min) (1.00, 1.00, 1.00) (0.94, 0.76, 1.00) #fs:   1  -- #Conts: 13 A(1)  G(3)  E(5)  C(4) 
  69133684 314.12 || noQ Q (Avg,Max,Min) (1.00, 1.00, 1.00) (0.96, 0.76, 1.00) #fs:   1  -- #Conts: 11 A(1)  G(3)  E(5)  C(2) 
 105411187 314.00 || noQ Q (Avg,Max,Min) (1.00, 1.00, 1.00) (0.95, 0.76, 1.00) #fs:   2  -- #Conts: 9 A(2)  G(2)  E(4)  C(1) 
/////////////////size: 43
nodes 50 edges 60
 mulT: 100 mulD: 500  sumData GB 723
pareto /LIGO.n.50.0.dax time -> 907.0
moheft /LIGO.n.50.0.dax time -> 916.0
distance from M to C 2.0297008177828335
distance from P to C 3.3928431918280437
distance from C to M 5.407309608191074
distance from C to P 6.196626153895327
toCompare: /LIGO.n.50.0.dax sumDataGB: 723 mulT: 100 mulD: 500 paretoOptTime_MS: 907.0 MoheftOptimizationTime_MS: 916.0 MtoC 2.0297008177828335 PtoC 3.3928431918280437 CtoM 5.407309608191074 CtoP 6.196626153895327
