specify -Dflow d,b,mt,md,size
Running /home/vaggelis/jc/SIPHT.n.100.0.dax mt 5000 md: 5000 size null
 790646716 29259.29 || noQ Q (Avg,Max,Min) (0.98, 1.02, 0.71) (0.96, 0.71, 1.01) #fs:   1  -- #Conts: 14 H(14) 
 790681701 27209.88 || noQ Q (Avg,Max,Min) (1.01, 1.02, 1.00) (0.98, 0.87, 1.01) #fs:   0  -- #Conts: 14 H(14) 
1214759186 24577.18 || noQ Q (Avg,Max,Min) (0.98, 1.01, 0.75) (0.95, 0.75, 1.00) #fs:   3  -- #Conts: 17 H(2)  G(15) 
1303741461 23599.76 || noQ Q (Avg,Max,Min) (1.00, 1.01, 0.92) (0.97, 0.85, 1.00) #fs:   2  -- #Conts: 17 H(1)  G(16) 
1316117537 23234.94 || noQ Q (Avg,Max,Min) (1.00, 1.01, 0.92) (0.97, 0.85, 1.00) #fs:   2  -- #Conts: 17 G(14)  E(3) 
2960686131 22408.71 || noQ Q (Avg,Max,Min) (0.99, 1.01, 0.85) (0.90, 0.74, 1.00) #fs:   2  -- #Conts: 27 G(1)  E(26) 
2966184503 22337.29 || noQ Q (Avg,Max,Min) (0.99, 1.01, 0.85) (0.90, 0.74, 1.00) #fs:   2  -- #Conts: 27 E(27) 
2966924393 22330.59 || noQ Q (Avg,Max,Min) (1.00, 1.07, 0.85) (0.88, 0.39, 1.00) #fs:   2  -- #Conts: 28 E(28) 
4156694629 21227.18 || noQ Q (Avg,Max,Min) (0.99, 1.01, 0.65) (0.89, 0.65, 1.00) #fs:   2  -- #Conts: 38 E(1)  C(37) 
4281176917 18597.00 || noQ Q (Avg,Max,Min) (1.00, 1.01, 0.80) (0.90, 0.71, 1.00) #fs:   2  -- #Conts: 38 A(1)  C(37) 
6453075989 7650.00 || noQ Q (Avg,Max,Min) (1.00, 1.00, 1.00) (0.98, 0.91, 1.00) #fs:   4  -- #Conts: 37 A(37) 
/////////////////size: 11
 768717419 26799.41 || noQ Q (Avg,Max,Min) (1.01, 1.03, 1.00) (1.00, 0.96, 1.01) #fs:   1  -- #Conts: 13 H(8)  G(2)  A(1)  E(1)  C(1) 
 769019384 26797.41 || noQ Q (Avg,Max,Min) (1.01, 1.03, 1.00) (0.99, 0.90, 1.01) #fs:   2  -- #Conts: 13 H(8)  G(2)  A(1)  E(1)  C(1) 
 769020542 26795.41 || noQ Q (Avg,Max,Min) (1.01, 1.03, 1.00) (1.00, 0.98, 1.01) #fs:   1  -- #Conts: 13 H(8)  G(2)  A(1)  E(1)  C(1) 
 769108689 26787.41 || noQ Q (Avg,Max,Min) (1.01, 1.04, 1.00) (1.00, 0.99, 1.03) #fs:   1  -- #Conts: 13 H(8)  G(2)  A(1)  E(1)  C(1) 
 769427920 26784.41 || noQ Q (Avg,Max,Min) (1.01, 1.03, 1.00) (1.00, 0.98, 1.02) #fs:   0  -- #Conts: 13 H(8)  G(2)  A(1)  E(1)  C(1) 
 769448477 26783.41 || noQ Q (Avg,Max,Min) (1.01, 1.03, 1.00) (1.00, 0.98, 1.02) #fs:   2  -- #Conts: 13 H(8)  G(2)  A(1)  E(1)  C(1) 
 769576626 26780.41 || noQ Q (Avg,Max,Min) (1.01, 1.03, 1.00) (1.00, 0.98, 1.02) #fs:   2  -- #Conts: 13 H(8)  G(2)  A(1)  E(1)  C(1) 
 769589512 26779.41 || noQ Q (Avg,Max,Min) (1.01, 1.03, 1.00) (1.00, 0.99, 1.02) #fs:   2  -- #Conts: 13 H(8)  G(2)  A(1)  E(1)  C(1) 
 769693318 26778.41 || noQ Q (Avg,Max,Min) (1.01, 1.03, 1.00) (1.00, 0.98, 1.02) #fs:   0  -- #Conts: 13 H(8)  G(2)  A(1)  E(1)  C(1) 
 769728398 26777.41 || noQ Q (Avg,Max,Min) (1.01, 1.03, 1.00) (1.00, 0.98, 1.02) #fs:   1  -- #Conts: 13 H(8)  G(2)  A(1)  E(1)  C(1) 
 769758696 26776.41 || noQ Q (Avg,Max,Min) (1.01, 1.03, 1.00) (1.00, 0.98, 1.02) #fs:   0  -- #Conts: 13 H(8)  G(2)  A(1)  E(1)  C(1) 
 769861756 26775.41 || noQ Q (Avg,Max,Min) (1.01, 1.03, 1.00) (1.00, 0.97, 1.02) #fs:   0  -- #Conts: 13 H(8)  G(2)  A(1)  E(1)  C(1) 
 769897619 26774.41 || noQ Q (Avg,Max,Min) (1.01, 1.03, 1.00) (1.00, 0.97, 1.02) #fs:   0  -- #Conts: 13 H(8)  G(2)  A(1)  E(1)  C(1) 
 769987131 26772.41 || noQ Q (Avg,Max,Min) (1.01, 1.03, 1.00) (1.00, 1.00, 1.02) #fs:   0  -- #Conts: 13 H(8)  G(2)  A(1)  E(1)  C(1) 
 770166601 26769.41 || noQ Q (Avg,Max,Min) (1.01, 1.03, 1.00) (1.00, 1.00, 1.02) #fs:   0  -- #Conts: 13 H(8)  G(2)  A(1)  E(1)  C(1) 
 770219476 26768.41 || noQ Q (Avg,Max,Min) (1.01, 1.03, 1.00) (1.00, 0.99, 1.02) #fs:   0  -- #Conts: 13 H(8)  G(2)  A(1)  E(1)  C(1) 
 770312619 26767.41 || noQ Q (Avg,Max,Min) (1.01, 1.03, 1.00) (1.00, 0.99, 1.02) #fs:   0  -- #Conts: 13 H(8)  G(2)  A(1)  E(1)  C(1) 
 770354522 26766.41 || noQ Q (Avg,Max,Min) (1.01, 1.03, 1.00) (1.00, 0.98, 1.02) #fs:   0  -- #Conts: 13 H(8)  G(2)  A(1)  E(1)  C(1) 
 772126492 26765.24 || noQ Q (Avg,Max,Min) (1.02, 1.22, 1.00) (0.93, 0.13, 1.01) #fs:   0  -- #Conts: 13 H(6)  G(5)  A(1)  C(1) 
 772424331 26749.47 || noQ Q (Avg,Max,Min) (1.01, 1.02, 1.00) (1.00, 0.99, 1.01) #fs:   0  -- #Conts: 12 H(6)  G(4)  A(1)  C(1) 
 772786121 26742.71 || noQ Q (Avg,Max,Min) (1.01, 1.04, 1.00) (1.00, 0.96, 1.02) #fs:   0  -- #Conts: 13 H(6)  G(5)  A(1)  C(1) 
 779557342 26741.71 || noQ Q (Avg,Max,Min) (1.01, 1.04, 1.00) (0.96, 0.64, 1.01) #fs:   0  -- #Conts: 16 H(6)  G(5)  A(2)  C(3) 
 782659412 26740.71 || noQ Q (Avg,Max,Min) (1.01, 1.04, 1.00) (0.97, 0.66, 1.01) #fs:   0  -- #Conts: 16 H(6)  G(5)  A(3)  C(2) 
 782803401 26739.71 || noQ Q (Avg,Max,Min) (1.01, 1.03, 1.00) (0.99, 0.92, 1.01) #fs:   0  -- #Conts: 16 H(6)  G(5)  A(4)  C(1) 
 822268373 26581.59 || noQ Q (Avg,Max,Min) (1.00, 1.02, 1.00) (0.99, 0.92, 1.02) #fs:   0  -- #Conts: 19 H(8)  G(4)  A(3)  E(2)  C(2) 
 822359183 26580.59 || noQ Q (Avg,Max,Min) (1.00, 1.02, 1.00) (0.99, 0.92, 1.02) #fs:   0  -- #Conts: 19 H(8)  G(4)  A(3)  E(2)  C(2) 
 822396321 26579.59 || noQ Q (Avg,Max,Min) (1.00, 1.02, 1.00) (0.99, 0.92, 1.02) #fs:   0  -- #Conts: 19 H(8)  G(4)  A(3)  E(2)  C(2) 
 822511110 26578.59 || noQ Q (Avg,Max,Min) (1.00, 1.02, 1.00) (0.99, 0.92, 1.02) #fs:   0  -- #Conts: 19 H(8)  G(4)  A(3)  E(2)  C(2) 
 822685674 26577.59 || noQ Q (Avg,Max,Min) (1.00, 1.02, 1.00) (1.00, 0.94, 1.02) #fs:   0  -- #Conts: 18 H(8)  G(4)  A(2)  E(2)  C(2) 
 822722812 26576.59 || noQ Q (Avg,Max,Min) (1.00, 1.02, 1.00) (1.00, 0.94, 1.02) #fs:   0  -- #Conts: 18 H(8)  G(4)  A(2)  E(2)  C(2) 
 822837601 26575.59 || noQ Q (Avg,Max,Min) (1.00, 1.02, 1.00) (1.00, 0.94, 1.02) #fs:   0  -- #Conts: 18 H(8)  G(4)  A(2)  E(2)  C(2) 
 822989528 26574.59 || noQ Q (Avg,Max,Min) (1.00, 1.02, 1.00) (0.99, 0.92, 1.02) #fs:   0  -- #Conts: 18 H(8)  G(4)  A(2)  E(2)  C(2) 
 823063803 26573.59 || noQ Q (Avg,Max,Min) (1.00, 1.02, 1.00) (1.00, 0.94, 1.02) #fs:   0  -- #Conts: 17 H(8)  G(4)  A(1)  E(2)  C(2) 
 823178592 26572.59 || noQ Q (Avg,Max,Min) (1.00, 1.02, 1.00) (1.00, 0.94, 1.02) #fs:   0  -- #Conts: 17 H(8)  G(4)  A(1)  E(2)  C(2) 
 823322079 26571.59 || noQ Q (Avg,Max,Min) (1.00, 1.02, 1.00) (1.00, 0.94, 1.02) #fs:   0  -- #Conts: 17 H(8)  G(4)  A(1)  E(2)  C(2) 
 823450374 26570.59 || noQ Q (Avg,Max,Min) (1.00, 1.02, 1.00) (1.00, 0.94, 1.02) #fs:   0  -- #Conts: 18 H(8)  G(4)  A(2)  E(2)  C(2) 
 823565163 26569.59 || noQ Q (Avg,Max,Min) (1.00, 1.02, 1.00) (1.00, 0.94, 1.02) #fs:   0  -- #Conts: 18 H(8)  G(4)  A(2)  E(2)  C(2) 
 823669823 26568.59 || noQ Q (Avg,Max,Min) (1.00, 1.02, 1.00) (1.00, 0.94, 1.02) #fs:   0  -- #Conts: 17 H(8)  G(4)  A(1)  E(2)  C(2) 
 823791365 26567.59 || noQ Q (Avg,Max,Min) (1.00, 1.02, 1.00) (1.00, 0.94, 1.02) #fs:   0  -- #Conts: 17 H(8)  G(4)  A(1)  E(2)  C(2) 
 823906154 26566.59 || noQ Q (Avg,Max,Min) (1.00, 1.02, 1.00) (1.00, 0.94, 1.02) #fs:   0  -- #Conts: 17 H(8)  G(4)  A(1)  E(2)  C(2) 
 824049641 26565.59 || noQ Q (Avg,Max,Min) (1.00, 1.02, 1.00) (1.00, 0.94, 1.02) #fs:   0  -- #Conts: 17 H(8)  G(4)  A(1)  E(2)  C(2) 
 824207241 26564.59 || noQ Q (Avg,Max,Min) (1.00, 1.02, 1.00) (1.00, 0.94, 1.02) #fs:   0  -- #Conts: 17 H(8)  G(4)  A(1)  E(2)  C(2) 
 824277531 26563.59 || noQ Q (Avg,Max,Min) (1.00, 1.02, 1.00) (1.00, 0.94, 1.02) #fs:   0  -- #Conts: 17 H(8)  G(4)  A(1)  E(2)  C(2) 
 824444651 26562.59 || noQ Q (Avg,Max,Min) (1.00, 1.02, 1.00) (1.00, 0.94, 1.02) #fs:   0  -- #Conts: 17 H(8)  G(4)  A(1)  E(2)  C(2) 
 824540871 26561.59 || noQ Q (Avg,Max,Min) (1.00, 1.02, 1.00) (1.00, 0.94, 1.02) #fs:   0  -- #Conts: 18 H(8)  G(4)  A(2)  E(2)  C(2) 
 824647220 26560.59 || noQ Q (Avg,Max,Min) (1.00, 1.02, 1.00) (1.00, 0.94, 1.02) #fs:   0  -- #Conts: 17 H(8)  G(4)  A(1)  E(2)  C(2) 
 824807587 26559.59 || noQ Q (Avg,Max,Min) (1.00, 1.02, 1.00) (1.00, 0.92, 1.02) #fs:   0  -- #Conts: 18 H(8)  G(4)  A(2)  E(2)  C(2) 
 824881862 26558.59 || noQ Q (Avg,Max,Min) (1.00, 1.02, 1.00) (1.00, 0.94, 1.02) #fs:   0  -- #Conts: 17 H(8)  G(4)  A(1)  E(2)  C(2) 
 824996651 26557.59 || noQ Q (Avg,Max,Min) (1.00, 1.02, 1.00) (1.00, 0.94, 1.02) #fs:   0  -- #Conts: 17 H(8)  G(4)  A(1)  E(2)  C(2) 
 825140138 26556.59 || noQ Q (Avg,Max,Min) (1.00, 1.02, 1.00) (1.00, 0.94, 1.02) #fs:   0  -- #Conts: 17 H(8)  G(4)  A(1)  E(2)  C(2) 
 825266745 26555.59 || noQ Q (Avg,Max,Min) (1.00, 1.02, 1.00) (1.00, 0.94, 1.02) #fs:   0  -- #Conts: 18 H(8)  G(4)  A(2)  E(2)  C(2) 
 825366341 26554.59 || noQ Q (Avg,Max,Min) (1.00, 1.02, 1.00) (1.00, 0.94, 1.02) #fs:   0  -- #Conts: 17 H(8)  G(4)  A(1)  E(2)  C(2) 
 832275846 26553.59 || noQ Q (Avg,Max,Min) (1.00, 1.02, 1.00) (1.00, 0.94, 1.02) #fs:   0  -- #Conts: 18 H(8)  G(4)  A(2)  E(2)  C(2) 
 843632742 26353.65 || noQ Q (Avg,Max,Min) (1.00, 1.01, 1.00) (0.99, 0.92, 1.01) #fs:   0  -- #Conts: 18 H(7)  G(3)  A(3)  E(3)  C(2) 
 843723552 26352.65 || noQ Q (Avg,Max,Min) (1.00, 1.01, 1.00) (0.99, 0.92, 1.01) #fs:   0  -- #Conts: 18 H(7)  G(3)  A(3)  E(3)  C(2) 
 843760690 26351.65 || noQ Q (Avg,Max,Min) (1.00, 1.01, 1.00) (0.99, 0.92, 1.01) #fs:   0  -- #Conts: 18 H(7)  G(3)  A(3)  E(3)  C(2) 
 843875479 26350.65 || noQ Q (Avg,Max,Min) (1.00, 1.01, 1.00) (0.99, 0.92, 1.01) #fs:   0  -- #Conts: 18 H(7)  G(3)  A(3)  E(3)  C(2) 
 844050043 26349.65 || noQ Q (Avg,Max,Min) (1.00, 1.01, 1.00) (1.00, 0.94, 1.01) #fs:   0  -- #Conts: 17 H(7)  G(3)  A(2)  E(3)  C(2) 
 844087181 26348.65 || noQ Q (Avg,Max,Min) (1.00, 1.01, 1.00) (1.00, 0.94, 1.01) #fs:   0  -- #Conts: 17 H(7)  G(3)  A(2)  E(3)  C(2) 
 844201970 26347.65 || noQ Q (Avg,Max,Min) (1.00, 1.01, 1.00) (1.00, 0.94, 1.01) #fs:   0  -- #Conts: 17 H(7)  G(3)  A(2)  E(3)  C(2) 
 844373920 26346.65 || noQ Q (Avg,Max,Min) (1.02, 1.23, 1.00) (0.95, 0.14, 1.01) #fs:   0  -- #Conts: 17 H(7)  G(3)  A(2)  E(3)  C(2) 
 844428172 26345.65 || noQ Q (Avg,Max,Min) (1.00, 1.01, 1.00) (1.00, 0.99, 1.01) #fs:   0  -- #Conts: 16 H(7)  G(3)  A(1)  E(3)  C(2) 
 844542961 26344.65 || noQ Q (Avg,Max,Min) (1.00, 1.01, 1.00) (1.00, 0.99, 1.01) #fs:   0  -- #Conts: 16 H(7)  G(3)  A(1)  E(3)  C(2) 
 844686448 26343.65 || noQ Q (Avg,Max,Min) (1.00, 1.01, 1.00) (1.00, 0.99, 1.01) #fs:   0  -- #Conts: 16 H(7)  G(3)  A(1)  E(3)  C(2) 
 854958841 26312.82 || noQ Q (Avg,Max,Min) (1.02, 1.26, 1.00) (0.94, 0.12, 1.01) #fs:   0  -- #Conts: 17 H(8)  G(3)  A(2)  E(2)  C(2) 
 855053969 26310.82 || noQ Q (Avg,Max,Min) (1.02, 1.26, 1.00) (0.94, 0.12, 1.01) #fs:   0  -- #Conts: 16 H(8)  G(3)  A(1)  E(2)  C(2) 
 855196228 26295.06 || noQ Q (Avg,Max,Min) (1.01, 1.15, 1.00) (0.95, 0.18, 1.01) #fs:   0  -- #Conts: 16 H(7)  G(4)  A(1)  E(2)  C(2) 
 855695797 26294.06 || noQ Q (Avg,Max,Min) (1.01, 1.18, 1.00) (0.95, 0.31, 1.01) #fs:   0  -- #Conts: 16 H(7)  G(4)  A(1)  E(2)  C(2) 
 855832074 26293.06 || noQ Q (Avg,Max,Min) (1.01, 1.18, 1.00) (0.95, 0.31, 1.01) #fs:   0  -- #Conts: 16 H(7)  G(4)  A(1)  E(2)  C(2) 
 855911681 26286.00 || noQ Q (Avg,Max,Min) (1.01, 1.07, 1.00) (0.96, 0.38, 1.01) #fs:   0  -- #Conts: 16 H(7)  G(3)  A(1)  E(3)  C(2) 
 856847369 26283.29 || noQ Q (Avg,Max,Min) (1.01, 1.04, 1.00) (0.97, 0.64, 1.01) #fs:   0  -- #Conts: 16 H(7)  G(3)  A(1)  E(2)  C(3) 
 864727356 26282.29 || noQ Q (Avg,Max,Min) (1.00, 1.01, 1.00) (0.99, 0.92, 1.01) #fs:   0  -- #Conts: 17 H(7)  G(3)  A(3)  E(2)  C(2) 
 870592984 26050.82 || noQ Q (Avg,Max,Min) (1.01, 1.04, 1.00) (0.98, 0.64, 1.01) #fs:   0  -- #Conts: 18 H(6)  G(6)  A(2)  E(2)  C(2) 
 870817498 26048.82 || noQ Q (Avg,Max,Min) (1.01, 1.04, 1.00) (0.98, 0.64, 1.01) #fs:   0  -- #Conts: 17 H(6)  G(6)  A(1)  E(2)  C(2) 
 870925535 26046.82 || noQ Q (Avg,Max,Min) (1.01, 1.02, 1.00) (1.00, 0.94, 1.01) #fs:   0  -- #Conts: 17 H(6)  G(6)  A(2)  E(2)  C(1) 
 871060581 26045.82 || noQ Q (Avg,Max,Min) (1.01, 1.01, 1.00) (1.00, 0.94, 1.01) #fs:   0  -- #Conts: 17 H(6)  G(6)  A(2)  E(2)  C(1) 
 871150049 26044.82 || noQ Q (Avg,Max,Min) (1.01, 1.02, 1.00) (1.00, 1.00, 1.01) #fs:   0  -- #Conts: 16 H(6)  G(6)  A(1)  E(2)  C(1) 
 871285095 26043.82 || noQ Q (Avg,Max,Min) (1.00, 1.01, 1.00) (1.00, 1.00, 1.01) #fs:   0  -- #Conts: 16 H(6)  G(6)  A(1)  E(2)  C(1) 
 871491274 26042.82 || noQ Q (Avg,Max,Min) (1.00, 1.01, 1.00) (1.00, 0.99, 1.01) #fs:   0  -- #Conts: 16 H(6)  G(6)  A(1)  E(2)  C(1) 
 871658394 26041.82 || noQ Q (Avg,Max,Min) (1.00, 1.01, 1.00) (1.00, 0.99, 1.01) #fs:   0  -- #Conts: 16 H(6)  G(6)  A(1)  E(2)  C(1) 
 871687091 26040.82 || noQ Q (Avg,Max,Min) (1.00, 1.01, 1.00) (1.00, 1.00, 1.01) #fs:   0  -- #Conts: 16 H(6)  G(6)  A(1)  E(2)  C(1) 
 871839018 26039.82 || noQ Q (Avg,Max,Min) (1.00, 1.01, 1.00) (1.00, 1.00, 1.01) #fs:   0  -- #Conts: 16 H(6)  G(6)  A(1)  E(2)  C(1) 
 872024707 26038.82 || noQ Q (Avg,Max,Min) (1.00, 1.01, 1.00) (1.00, 0.99, 1.01) #fs:   0  -- #Conts: 16 H(6)  G(6)  A(1)  E(2)  C(1) 
 872051716 26037.82 || noQ Q (Avg,Max,Min) (1.00, 1.01, 1.00) (1.00, 1.00, 1.01) #fs:   0  -- #Conts: 16 H(6)  G(6)  A(1)  E(2)  C(1) 
 872218836 26036.82 || noQ Q (Avg,Max,Min) (1.00, 1.01, 1.00) (1.00, 0.99, 1.01) #fs:   0  -- #Conts: 16 H(6)  G(6)  A(1)  E(2)  C(1) 
 872363402 26035.82 || noQ Q (Avg,Max,Min) (1.02, 1.25, 1.00) (0.95, 0.14, 1.01) #fs:   0  -- #Conts: 17 H(6)  G(6)  A(2)  E(2)  C(1) 
 872412965 26034.82 || noQ Q (Avg,Max,Min) (1.00, 1.01, 1.00) (1.00, 1.00, 1.01) #fs:   0  -- #Conts: 16 H(6)  G(6)  A(1)  E(2)  C(1) 
 879332598 26033.82 || noQ Q (Avg,Max,Min) (1.01, 1.02, 1.00) (1.00, 0.94, 1.01) #fs:   0  -- #Conts: 17 H(6)  G(6)  A(2)  E(2)  C(1) 
 885194062 26033.65 || noQ Q (Avg,Max,Min) (1.01, 1.04, 1.00) (0.97, 0.66, 1.01) #fs:   0  -- #Conts: 18 H(6)  G(3)  A(3)  E(5)  C(1) 
 885946520 26032.65 || noQ Q (Avg,Max,Min) (1.00, 1.01, 1.00) (0.99, 0.92, 1.01) #fs:   0  -- #Conts: 18 H(6)  G(3)  A(4)  E(5) 
 905388626 25977.59 || noQ Q (Avg,Max,Min) (1.00, 1.01, 1.00) (0.99, 0.93, 1.01) #fs:   0  -- #Conts: 14 H(6)  G(3)  A(2)  E(2)  C(1) 
 905613140 25975.59 || noQ Q (Avg,Max,Min) (1.00, 1.01, 1.00) (0.99, 0.92, 1.01) #fs:   0  -- #Conts: 14 H(6)  G(3)  A(2)  E(2)  C(1) 
 959747917 25900.65 || noQ Q (Avg,Max,Min) (1.00, 1.01, 1.00) (0.99, 0.93, 1.01) #fs:   0  -- #Conts: 16 H(6)  G(3)  A(2)  E(3)  C(2) 
 959846910 25899.65 || noQ Q (Avg,Max,Min) (1.00, 1.01, 1.00) (0.99, 0.93, 1.01) #fs:   0  -- #Conts: 16 H(6)  G(3)  A(2)  E(3)  C(2) 
 959972431 25898.65 || noQ Q (Avg,Max,Min) (1.00, 1.01, 1.00) (0.99, 0.92, 1.01) #fs:   0  -- #Conts: 16 H(6)  G(3)  A(2)  E(3)  C(2) 
 960071424 25897.65 || noQ Q (Avg,Max,Min) (1.00, 1.01, 1.00) (0.99, 0.92, 1.01) #fs:   0  -- #Conts: 16 H(6)  G(3)  A(2)  E(3)  C(2) 
 960179461 25896.65 || noQ Q (Avg,Max,Min) (1.00, 1.01, 1.00) (0.99, 0.93, 1.01) #fs:   0  -- #Conts: 16 H(6)  G(3)  A(2)  E(3)  C(2) 
 960279139 25895.65 || noQ Q (Avg,Max,Min) (1.00, 1.01, 1.00) (0.99, 0.92, 1.01) #fs:   0  -- #Conts: 16 H(6)  G(3)  A(2)  E(3)  C(2) 
 960403975 25894.65 || noQ Q (Avg,Max,Min) (1.00, 1.01, 1.00) (0.99, 0.93, 1.01) #fs:   0  -- #Conts: 15 H(6)  G(3)  A(1)  E(3)  C(2) 
 960557438 25893.65 || noQ Q (Avg,Max,Min) (1.02, 1.23, 1.00) (0.94, 0.14, 1.01) #fs:   0  -- #Conts: 16 H(6)  G(3)  A(2)  E(3)  C(2) 
 960611690 25892.65 || noQ Q (Avg,Max,Min) (1.00, 1.01, 1.00) (0.99, 0.93, 1.01) #fs:   0  -- #Conts: 15 H(6)  G(3)  A(1)  E(3)  C(2) 
 960799676 25891.65 || noQ Q (Avg,Max,Min) (1.00, 1.01, 1.00) (0.99, 0.93, 1.01) #fs:   0  -- #Conts: 15 H(6)  G(3)  A(1)  E(3)  C(2) 
 960951603 25890.65 || noQ Q (Avg,Max,Min) (1.00, 1.01, 1.00) (0.99, 0.93, 1.01) #fs:   0  -- #Conts: 15 H(6)  G(3)  A(1)  E(3)  C(2) 
 960976315 25889.65 || noQ Q (Avg,Max,Min) (1.00, 1.01, 1.00) (0.99, 0.93, 1.01) #fs:   0  -- #Conts: 15 H(6)  G(3)  A(1)  E(3)  C(2) 
 961164301 25888.65 || noQ Q (Avg,Max,Min) (1.00, 1.01, 1.00) (0.99, 0.93, 1.01) #fs:   0  -- #Conts: 15 H(6)  G(3)  A(1)  E(3)  C(2) 
 961283312 25887.65 || noQ Q (Avg,Max,Min) (1.02, 1.23, 1.00) (0.94, 0.14, 1.01) #fs:   0  -- #Conts: 16 H(6)  G(3)  A(2)  E(3)  C(2) 
 961337564 25886.65 || noQ Q (Avg,Max,Min) (1.00, 1.01, 1.00) (0.99, 0.93, 1.01) #fs:   0  -- #Conts: 15 H(6)  G(3)  A(1)  E(3)  C(2) 
 961525550 25885.65 || noQ Q (Avg,Max,Min) (1.00, 1.01, 1.00) (0.99, 0.93, 1.01) #fs:   0  -- #Conts: 15 H(6)  G(3)  A(1)  E(3)  C(2) 
 961621161 25884.65 || noQ Q (Avg,Max,Min) (1.00, 1.01, 1.00) (0.99, 0.92, 1.01) #fs:   0  -- #Conts: 16 H(6)  G(3)  A(2)  E(3)  C(2) 
 993117589 25497.53 || noQ Q (Avg,Max,Min) (1.01, 1.03, 1.00) (0.99, 0.86, 1.01) #fs:   0  -- #Conts: 16 H(5)  G(5)  A(1)  E(4)  C(1) 
 993245537 25493.18 || noQ Q (Avg,Max,Min) (1.01, 1.07, 1.00) (0.93, 0.38, 1.02) #fs:   0  -- #Conts: 18 H(5)  G(5)  A(1)  E(6)  C(1) 
 993360326 25492.18 || noQ Q (Avg,Max,Min) (1.01, 1.07, 1.00) (0.93, 0.38, 1.02) #fs:   0  -- #Conts: 18 H(5)  G(5)  A(1)  E(6)  C(1) 
 993365849 25488.47 || noQ Q (Avg,Max,Min) (1.01, 1.07, 1.00) (0.96, 0.39, 1.02) #fs:   0  -- #Conts: 17 H(5)  G(5)  A(1)  E(5)  C(1) 
 993480638 25487.47 || noQ Q (Avg,Max,Min) (1.01, 1.04, 1.00) (0.97, 0.43, 1.02) #fs:   1  -- #Conts: 17 H(5)  G(5)  A(1)  E(5)  C(1) 
 993517776 25486.47 || noQ Q (Avg,Max,Min) (1.01, 1.02, 1.00) (0.97, 0.43, 1.02) #fs:   1  -- #Conts: 17 H(5)  G(5)  A(1)  E(5)  C(1) 
 993632565 25485.47 || noQ Q (Avg,Max,Min) (1.00, 1.02, 0.95) (0.97, 0.43, 1.02) #fs:   1  -- #Conts: 17 H(5)  G(5)  A(1)  E(5)  C(1) 
 993706840 25481.76 || noQ Q (Avg,Max,Min) (1.01, 1.02, 1.00) (1.00, 0.95, 1.02) #fs:   0  -- #Conts: 16 H(5)  G(5)  A(1)  E(4)  C(1) 
 993875881 25480.76 || noQ Q (Avg,Max,Min) (1.01, 1.02, 1.00) (1.00, 0.95, 1.02) #fs:   0  -- #Conts: 16 H(5)  G(5)  A(1)  E(4)  C(1) 
 993913019 25479.76 || noQ Q (Avg,Max,Min) (1.01, 1.02, 1.00) (1.00, 0.95, 1.02) #fs:   0  -- #Conts: 16 H(5)  G(5)  A(1)  E(4)  C(1) 
 994027808 25478.76 || noQ Q (Avg,Max,Min) (1.01, 1.02, 1.00) (1.00, 0.95, 1.02) #fs:   0  -- #Conts: 16 H(5)  G(5)  A(1)  E(4)  C(1) 
 994171295 25477.76 || noQ Q (Avg,Max,Min) (1.00, 1.02, 1.00) (1.00, 0.95, 1.02) #fs:   0  -- #Conts: 16 H(5)  G(5)  A(1)  E(4)  C(1) 
1012380669 25477.65 || noQ Q (Avg,Max,Min) (1.01, 1.04, 1.00) (0.97, 0.64, 1.01) #fs:   0  -- #Conts: 19 H(5)  G(3)  A(3)  E(6)  C(2) 
1012414105 25476.65 || noQ Q (Avg,Max,Min) (1.01, 1.01, 1.00) (0.99, 0.92, 1.01) #fs:   0  -- #Conts: 19 H(5)  G(3)  A(4)  E(6)  C(1) 
1053725069 25234.24 || noQ Q (Avg,Max,Min) (1.01, 1.04, 1.00) (0.98, 0.65, 1.02) #fs:   0  -- #Conts: 18 H(5)  G(6)  A(1)  E(4)  C(2) 
1053815879 25233.24 || noQ Q (Avg,Max,Min) (1.01, 1.04, 1.00) (0.98, 0.65, 1.02) #fs:   0  -- #Conts: 18 H(5)  G(6)  A(1)  E(4)  C(2) 
1053973329 25230.24 || noQ Q (Avg,Max,Min) (1.01, 1.04, 1.00) (0.98, 0.66, 1.02) #fs:   0  -- #Conts: 18 H(5)  G(6)  A(1)  E(4)  C(2) 
1054142370 25229.24 || noQ Q (Avg,Max,Min) (1.01, 1.04, 1.00) (0.98, 0.66, 1.02) #fs:   0  -- #Conts: 18 H(5)  G(6)  A(1)  E(4)  C(2) 
1054300592 25227.24 || noQ Q (Avg,Max,Min) (1.00, 1.02, 1.00) (0.99, 0.92, 1.02) #fs:   0  -- #Conts: 18 H(5)  G(6)  A(2)  E(4)  C(1) 
1054314320 25226.24 || noQ Q (Avg,Max,Min) (1.00, 1.02, 1.00) (1.00, 0.94, 1.02) #fs:   0  -- #Conts: 17 H(5)  G(6)  A(1)  E(4)  C(1) 
1054483361 25225.24 || noQ Q (Avg,Max,Min) (1.00, 1.02, 1.00) (1.00, 0.94, 1.02) #fs:   0  -- #Conts: 17 H(5)  G(6)  A(1)  E(4)  C(1) 
1054633143 25224.24 || noQ Q (Avg,Max,Min) (1.00, 1.02, 1.00) (1.00, 0.94, 1.02) #fs:   0  -- #Conts: 17 H(5)  G(6)  A(1)  E(4)  C(1) 
1054716316 25223.24 || noQ Q (Avg,Max,Min) (1.00, 1.02, 1.00) (1.00, 0.94, 1.02) #fs:   0  -- #Conts: 17 H(5)  G(6)  A(1)  E(4)  C(1) 
1054831105 25222.24 || noQ Q (Avg,Max,Min) (1.00, 1.02, 1.00) (1.00, 0.94, 1.02) #fs:   0  -- #Conts: 17 H(5)  G(6)  A(1)  E(4)  C(1) 
1054974592 25221.24 || noQ Q (Avg,Max,Min) (1.00, 1.02, 1.00) (1.00, 0.94, 1.02) #fs:   0  -- #Conts: 17 H(5)  G(6)  A(1)  E(4)  C(1) 
1055080941 25220.24 || noQ Q (Avg,Max,Min) (1.00, 1.02, 1.00) (1.00, 0.94, 1.02) #fs:   0  -- #Conts: 17 H(5)  G(6)  A(1)  E(4)  C(1) 
1055195730 25219.24 || noQ Q (Avg,Max,Min) (1.00, 1.02, 1.00) (1.00, 0.94, 1.02) #fs:   0  -- #Conts: 17 H(5)  G(6)  A(1)  E(4)  C(1) 
1055339217 25218.24 || noQ Q (Avg,Max,Min) (1.00, 1.02, 1.00) (1.00, 0.94, 1.02) #fs:   0  -- #Conts: 17 H(5)  G(6)  A(1)  E(4)  C(1) 
1055442190 25217.24 || noQ Q (Avg,Max,Min) (1.00, 1.02, 1.00) (1.00, 0.94, 1.02) #fs:   0  -- #Conts: 17 H(5)  G(6)  A(1)  E(4)  C(1) 
1055556979 25216.24 || noQ Q (Avg,Max,Min) (1.00, 1.02, 1.00) (1.00, 0.94, 1.02) #fs:   0  -- #Conts: 17 H(5)  G(6)  A(1)  E(4)  C(1) 
1055700466 25215.24 || noQ Q (Avg,Max,Min) (1.00, 1.02, 1.00) (1.00, 0.94, 1.02) #fs:   0  -- #Conts: 17 H(5)  G(6)  A(1)  E(4)  C(1) 
1055832136 25214.24 || noQ Q (Avg,Max,Min) (1.00, 1.02, 1.00) (1.00, 0.94, 1.02) #fs:   0  -- #Conts: 18 H(5)  G(6)  A(2)  E(4)  C(1) 
1055936796 25213.24 || noQ Q (Avg,Max,Min) (1.00, 1.02, 1.00) (1.00, 0.94, 1.02) #fs:   0  -- #Conts: 17 H(5)  G(6)  A(1)  E(4)  C(1) 
1056058338 25212.24 || noQ Q (Avg,Max,Min) (1.00, 1.02, 1.00) (1.00, 0.94, 1.02) #fs:   0  -- #Conts: 17 H(5)  G(6)  A(1)  E(4)  C(1) 
1056173127 25211.24 || noQ Q (Avg,Max,Min) (1.00, 1.02, 1.00) (1.00, 0.94, 1.02) #fs:   0  -- #Conts: 17 H(5)  G(6)  A(1)  E(4)  C(1) 
1056316614 25210.24 || noQ Q (Avg,Max,Min) (1.00, 1.02, 1.00) (1.00, 0.94, 1.02) #fs:   0  -- #Conts: 17 H(5)  G(6)  A(1)  E(4)  C(1) 
1056474214 25209.24 || noQ Q (Avg,Max,Min) (1.00, 1.02, 1.00) (1.00, 0.94, 1.02) #fs:   0  -- #Conts: 17 H(5)  G(6)  A(1)  E(4)  C(1) 
1056544504 25208.24 || noQ Q (Avg,Max,Min) (1.00, 1.02, 1.00) (1.00, 0.94, 1.02) #fs:   0  -- #Conts: 17 H(5)  G(6)  A(1)  E(4)  C(1) 
1056715609 25207.24 || noQ Q (Avg,Max,Min) (1.00, 1.02, 1.00) (1.00, 0.94, 1.02) #fs:   0  -- #Conts: 17 H(5)  G(6)  A(1)  E(4)  C(1) 
1056794340 25206.24 || noQ Q (Avg,Max,Min) (1.00, 1.02, 1.00) (1.00, 0.94, 1.02) #fs:   0  -- #Conts: 17 H(5)  G(6)  A(1)  E(4)  C(1) 
1063725790 25205.24 || noQ Q (Avg,Max,Min) (1.00, 1.02, 1.00) (0.99, 0.94, 1.02) #fs:   0  -- #Conts: 19 H(5)  G(6)  A(3)  E(4)  C(1) 
1136482685 24146.29 || noQ Q (Avg,Max,Min) (1.00, 1.01, 1.00) (0.99, 0.92, 1.01) #fs:   0  -- #Conts: 16 H(3)  G(6)  A(3)  E(3)  C(1) 
1136573495 24145.29 || noQ Q (Avg,Max,Min) (1.00, 1.01, 1.00) (0.99, 0.92, 1.01) #fs:   0  -- #Conts: 16 H(3)  G(6)  A(3)  E(3)  C(1) 
1136730945 24143.29 || noQ Q (Avg,Max,Min) (1.00, 1.01, 1.00) (1.00, 0.94, 1.01) #fs:   0  -- #Conts: 15 H(3)  G(6)  A(2)  E(3)  C(1) 
1136892542 24142.29 || noQ Q (Avg,Max,Min) (1.00, 1.01, 1.00) (0.99, 0.92, 1.01) #fs:   0  -- #Conts: 16 H(3)  G(6)  A(3)  E(3)  C(1) 
1137071936 24140.29 || noQ Q (Avg,Max,Min) (1.00, 1.01, 1.00) (1.00, 0.99, 1.01) #fs:   0  -- #Conts: 14 H(3)  G(6)  A(1)  E(3)  C(1) 
1137219033 24139.29 || noQ Q (Avg,Max,Min) (1.00, 1.01, 1.00) (1.00, 0.94, 1.01) #fs:   0  -- #Conts: 15 H(3)  G(6)  A(2)  E(3)  C(1) 
1137320469 24138.29 || noQ Q (Avg,Max,Min) (1.00, 1.01, 1.00) (1.00, 0.99, 1.01) #fs:   0  -- #Conts: 14 H(3)  G(6)  A(1)  E(3)  C(1) 
1137466101 24137.29 || noQ Q (Avg,Max,Min) (1.00, 1.01, 1.00) (1.00, 0.99, 1.01) #fs:   0  -- #Conts: 14 H(3)  G(6)  A(1)  E(3)  C(1) 
1137560024 24136.29 || noQ Q (Avg,Max,Min) (1.00, 1.01, 1.00) (1.00, 0.99, 1.01) #fs:   0  -- #Conts: 14 H(3)  G(6)  A(1)  E(3)  C(1) 
1137633221 24135.29 || noQ Q (Avg,Max,Min) (1.00, 1.01, 1.00) (1.00, 0.99, 1.01) #fs:   0  -- #Conts: 14 H(3)  G(6)  A(1)  E(3)  C(1) 
1137813845 24134.29 || noQ Q (Avg,Max,Min) (1.00, 1.01, 1.00) (1.00, 0.99, 1.01) #fs:   0  -- #Conts: 14 H(3)  G(6)  A(1)  E(3)  C(1) 
1137926337 24133.29 || noQ Q (Avg,Max,Min) (1.00, 1.01, 1.00) (1.00, 0.99, 1.01) #fs:   0  -- #Conts: 14 H(3)  G(6)  A(1)  E(3)  C(1) 
1137999534 24132.29 || noQ Q (Avg,Max,Min) (1.00, 1.01, 1.00) (1.00, 0.99, 1.01) #fs:   0  -- #Conts: 14 H(3)  G(6)  A(1)  E(3)  C(1) 
1138174485 24131.29 || noQ Q (Avg,Max,Min) (1.00, 1.01, 1.00) (1.00, 0.94, 1.01) #fs:   0  -- #Conts: 15 H(3)  G(6)  A(2)  E(3)  C(1) 
1138220672 24130.29 || noQ Q (Avg,Max,Min) (1.00, 1.01, 1.00) (1.00, 0.99, 1.01) #fs:   0  -- #Conts: 14 H(3)  G(6)  A(1)  E(3)  C(1) 
1138387792 24129.29 || noQ Q (Avg,Max,Min) (1.00, 1.01, 1.00) (1.00, 0.99, 1.01) #fs:   0  -- #Conts: 14 H(3)  G(6)  A(1)  E(3)  C(1) 
1138515476 24128.29 || noQ Q (Avg,Max,Min) (1.00, 1.01, 1.00) (1.00, 0.99, 1.01) #fs:   0  -- #Conts: 14 H(3)  G(6)  A(1)  E(3)  C(1) 
1138588673 24127.29 || noQ Q (Avg,Max,Min) (1.00, 1.01, 1.00) (1.00, 0.99, 1.01) #fs:   0  -- #Conts: 14 H(3)  G(6)  A(1)  E(3)  C(1) 
1138791242 24126.29 || noQ Q (Avg,Max,Min) (1.00, 1.01, 1.00) (1.00, 0.99, 1.01) #fs:   0  -- #Conts: 14 H(3)  G(6)  A(1)  E(3)  C(1) 
1138823316 24125.29 || noQ Q (Avg,Max,Min) (1.00, 1.01, 1.00) (1.00, 0.99, 1.01) #fs:   0  -- #Conts: 14 H(3)  G(6)  A(1)  E(3)  C(1) 
1139003940 24124.29 || noQ Q (Avg,Max,Min) (1.00, 1.01, 1.00) (1.00, 0.99, 1.01) #fs:   0  -- #Conts: 14 H(3)  G(6)  A(1)  E(3)  C(1) 
1139071463 24123.29 || noQ Q (Avg,Max,Min) (1.00, 1.01, 1.00) (1.00, 0.99, 1.01) #fs:   0  -- #Conts: 14 H(3)  G(6)  A(1)  E(3)  C(1) 
1139223390 24122.29 || noQ Q (Avg,Max,Min) (1.00, 1.01, 1.00) (1.00, 0.99, 1.01) #fs:   0  -- #Conts: 14 H(3)  G(6)  A(1)  E(3)  C(1) 
1139378083 24121.29 || noQ Q (Avg,Max,Min) (1.00, 1.01, 1.00) (1.00, 0.99, 1.01) #fs:   0  -- #Conts: 14 H(3)  G(6)  A(1)  E(3)  C(1) 
1139451280 24120.29 || noQ Q (Avg,Max,Min) (1.00, 1.01, 1.00) (1.00, 0.99, 1.01) #fs:   0  -- #Conts: 14 H(3)  G(6)  A(1)  E(3)  C(1) 
1139609350 24119.29 || noQ Q (Avg,Max,Min) (1.00, 1.01, 1.00) (1.00, 0.99, 1.01) #fs:   0  -- #Conts: 14 H(3)  G(6)  A(1)  E(3)  C(1) 
1139682547 24118.29 || noQ Q (Avg,Max,Min) (1.00, 1.01, 1.00) (1.00, 0.99, 1.01) #fs:   0  -- #Conts: 14 H(3)  G(6)  A(1)  E(3)  C(1) 
1146743971 24069.53 || noQ Q (Avg,Max,Min) (1.01, 1.04, 1.00) (0.97, 0.64, 1.01) #fs:   0  -- #Conts: 15 H(3)  G(6)  A(2)  E(2)  C(2) 
1146968485 24067.53 || noQ Q (Avg,Max,Min) (1.01, 1.04, 1.00) (0.97, 0.64, 1.01) #fs:   0  -- #Conts: 14 H(3)  G(6)  A(1)  E(2)  C(2) 
1153675051 24066.53 || noQ Q (Avg,Max,Min) (1.00, 1.01, 1.00) (0.99, 0.92, 1.01) #fs:   0  -- #Conts: 15 H(3)  G(6)  A(3)  E(2)  C(1) 
1157241426 24065.53 || noQ Q (Avg,Max,Min) (1.00, 1.01, 1.00) (0.98, 0.92, 1.01) #fs:   0  -- #Conts: 16 H(3)  G(6)  A(4)  E(2)  C(1) 
1208091456 24063.18 || noQ Q (Avg,Max,Min) (1.01, 1.07, 1.00) (0.95, 0.38, 1.02) #fs:   0  -- #Conts: 16 H(3)  G(6)  A(2)  E(4)  C(1) 
1208959258 24061.18 || noQ Q (Avg,Max,Min) (1.01, 1.08, 1.00) (0.97, 0.65, 1.02) #fs:   0  -- #Conts: 15 H(3)  G(6)  A(1)  E(4)  C(1) 
1209027144 24060.47 || noQ Q (Avg,Max,Min) (1.01, 1.04, 1.00) (0.97, 0.64, 1.02) #fs:   0  -- #Conts: 16 H(3)  G(6)  A(2)  E(3)  C(2) 
1216656065 24059.47 || noQ Q (Avg,Max,Min) (1.00, 1.02, 1.00) (0.98, 0.91, 1.02) #fs:   0  -- #Conts: 16 H(3)  G(6)  A(3)  E(3)  C(1) 
1224174353 24058.47 || noQ Q (Avg,Max,Min) (1.00, 1.02, 1.00) (0.99, 0.91, 1.02) #fs:   0  -- #Conts: 16 H(3)  G(6)  A(3)  E(3)  C(1) 
1257961900 23844.47 || noQ Q (Avg,Max,Min) (1.06, 1.38, 1.00) (0.84, 0.09, 1.00) #fs:   0  -- #Conts: 17 H(4)  G(6)  A(3)  E(3)  C(1) 
1257983001 23812.94 || noQ Q (Avg,Max,Min) (1.04, 1.26, 1.00) (0.89, 0.12, 1.00) #fs:   0  -- #Conts: 16 H(3)  G(6)  A(3)  E(3)  C(1) 
1258191209 23799.18 || noQ Q (Avg,Max,Min) (1.02, 1.25, 1.00) (0.94, 0.14, 1.00) #fs:   0  -- #Conts: 15 H(2)  G(6)  A(3)  E(3)  C(1) 
1258575989 23797.18 || noQ Q (Avg,Max,Min) (1.02, 1.25, 1.00) (0.94, 0.14, 1.00) #fs:   0  -- #Conts: 15 H(2)  G(6)  A(3)  E(3)  C(1) 
1258914740 23788.12 || noQ Q (Avg,Max,Min) (1.02, 1.25, 1.00) (0.90, 0.14, 1.00) #fs:   0  -- #Conts: 16 H(2)  G(6)  A(3)  E(4)  C(1) 
1259850428 23785.41 || noQ Q (Avg,Max,Min) (1.02, 1.25, 1.00) (0.92, 0.14, 1.00) #fs:   0  -- #Conts: 16 H(2)  G(6)  A(3)  E(3)  C(2) 
1268078970 23784.41 || noQ Q (Avg,Max,Min) (1.01, 1.08, 1.00) (0.97, 0.71, 1.00) #fs:   0  -- #Conts: 16 H(2)  G(6)  A(3)  E(3)  C(2) 
1274298192 23777.35 || noQ Q (Avg,Max,Min) (1.00, 1.02, 1.00) (0.99, 0.93, 1.02) #fs:   0  -- #Conts: 14 H(2)  G(6)  A(2)  E(3)  C(1) 
1281642418 23602.71 || noQ Q (Avg,Max,Min) (1.04, 1.38, 1.00) (0.89, 0.09, 1.03) #fs:   0  -- #Conts: 17 H(4)  G(7)  A(2)  E(4) 
1281674849 23571.18 || noQ Q (Avg,Max,Min) (1.02, 1.28, 1.00) (0.94, 0.12, 1.03) #fs:   0  -- #Conts: 16 H(3)  G(7)  A(2)  E(4) 
1281703078 23542.65 || noQ Q (Avg,Max,Min) (1.00, 1.03, 1.00) (1.00, 0.93, 1.03) #fs:   0  -- #Conts: 15 H(2)  G(7)  A(2)  E(4) 
1303580940 23285.94 || noQ Q (Avg,Max,Min) (1.03, 1.38, 1.00) (0.94, 0.09, 1.03) #fs:   1  -- #Conts: 16 H(2)  G(7)  A(2)  E(4)  C(1) 
1303732647 23254.41 || noQ Q (Avg,Max,Min) (1.00, 1.03, 1.00) (0.99, 0.93, 1.03) #fs:   1  -- #Conts: 15 H(1)  G(7)  A(2)  E(4)  C(1) 
1304218294 23251.41 || noQ Q (Avg,Max,Min) (1.00, 1.03, 1.00) (1.00, 0.94, 1.03) #fs:   0  -- #Conts: 15 H(1)  G(7)  A(2)  E(4)  C(1) 
1304398820 23251.06 || noQ Q (Avg,Max,Min) (1.00, 1.03, 1.00) (0.99, 0.94, 1.03) #fs:   1  -- #Conts: 16 H(1)  G(7)  A(2)  E(5)  C(1) 
1304478916 23250.06 || noQ Q (Avg,Max,Min) (1.00, 1.03, 1.00) (0.99, 0.94, 1.03) #fs:   0  -- #Conts: 16 H(1)  G(7)  A(2)  E(5)  C(1) 
1304802697 23248.06 || noQ Q (Avg,Max,Min) (1.00, 1.03, 1.00) (1.00, 0.94, 1.03) #fs:   0  -- #Conts: 15 H(1)  G(7)  A(1)  E(5)  C(1) 
1305063319 23247.06 || noQ Q (Avg,Max,Min) (1.00, 1.03, 1.00) (1.00, 0.94, 1.03) #fs:   0  -- #Conts: 15 H(1)  G(7)  A(1)  E(5)  C(1) 
1305138540 23246.06 || noQ Q (Avg,Max,Min) (1.00, 1.03, 1.00) (1.00, 0.94, 1.03) #fs:   0  -- #Conts: 16 H(1)  G(7)  A(2)  E(5)  C(1) 
1305315527 23245.06 || noQ Q (Avg,Max,Min) (1.00, 1.03, 1.00) (1.00, 0.94, 1.03) #fs:   0  -- #Conts: 15 H(1)  G(7)  A(1)  E(5)  C(1) 
1305569610 23244.06 || noQ Q (Avg,Max,Min) (1.00, 1.03, 1.00) (1.00, 0.94, 1.03) #fs:   0  -- #Conts: 15 H(1)  G(7)  A(1)  E(5)  C(1) 
1305722943 23243.06 || noQ Q (Avg,Max,Min) (1.00, 1.03, 1.00) (1.00, 0.94, 1.03) #fs:   0  -- #Conts: 15 H(1)  G(7)  A(1)  E(5)  C(1) 
1305919673 23242.06 || noQ Q (Avg,Max,Min) (1.00, 1.03, 1.00) (1.00, 0.94, 1.03) #fs:   0  -- #Conts: 15 H(1)  G(7)  A(1)  E(5)  C(1) 
1306165586 23241.06 || noQ Q (Avg,Max,Min) (1.00, 1.03, 1.00) (1.00, 0.94, 1.03) #fs:   0  -- #Conts: 15 H(1)  G(7)  A(1)  E(5)  C(1) 
1306373887 23240.06 || noQ Q (Avg,Max,Min) (1.00, 1.03, 1.00) (1.00, 0.94, 1.03) #fs:   0  -- #Conts: 15 H(1)  G(7)  A(1)  E(5)  C(1) 
1306570617 23239.06 || noQ Q (Avg,Max,Min) (1.00, 1.03, 1.00) (1.00, 0.94, 1.03) #fs:   0  -- #Conts: 15 H(1)  G(7)  A(1)  E(5)  C(1) 
1313577007 23238.06 || noQ Q (Avg,Max,Min) (1.01, 1.03, 1.00) (0.99, 0.94, 1.03) #fs:   0  -- #Conts: 16 H(1)  G(7)  A(2)  E(5)  C(1) 
1316093362 23235.47 || noQ Q (Avg,Max,Min) (1.02, 1.28, 1.00) (0.93, 0.12, 1.01) #fs:   0  -- #Conts: 16 H(1)  G(9)  A(1)  E(4)  C(1) 
1316160164 23219.71 || noQ Q (Avg,Max,Min) (1.03, 1.32, 1.00) (0.95, 0.21, 1.02) #fs:   0  -- #Conts: 16 H(1)  G(9)  A(1)  E(4)  C(1) 
1316162371 23208.94 || noQ Q (Avg,Max,Min) (1.01, 1.06, 1.00) (0.95, 0.44, 1.01) #fs:   2  -- #Conts: 16 G(9)  A(1)  E(4)  C(2) 
1316450740 23204.94 || noQ Q (Avg,Max,Min) (1.01, 1.03, 1.00) (0.98, 0.83, 1.01) #fs:   2  -- #Conts: 15 G(9)  A(1)  E(4)  C(1) 
1316627734 23203.94 || noQ Q (Avg,Max,Min) (1.01, 1.02, 1.00) (0.98, 0.80, 1.01) #fs:   1  -- #Conts: 15 G(9)  A(1)  E(4)  C(1) 
1316681916 23202.94 || noQ Q (Avg,Max,Min) (1.01, 1.02, 1.00) (0.98, 0.80, 1.01) #fs:   0  -- #Conts: 15 G(9)  A(1)  E(4)  C(1) 
1316749000 23194.88 || noQ Q (Avg,Max,Min) (1.01, 1.10, 1.00) (0.95, 0.26, 1.02) #fs:   1  -- #Conts: 16 G(9)  A(1)  E(5)  C(1) 
1316803182 23193.88 || noQ Q (Avg,Max,Min) (1.01, 1.10, 1.00) (0.95, 0.26, 1.02) #fs:   1  -- #Conts: 16 G(9)  A(1)  E(5)  C(1) 
1317133780 23188.18 || noQ Q (Avg,Max,Min) (1.01, 1.03, 1.00) (0.99, 0.93, 1.02) #fs:   1  -- #Conts: 15 G(9)  A(1)  E(4)  C(1) 
1317187962 23187.18 || noQ Q (Avg,Max,Min) (1.01, 1.02, 1.00) (0.99, 0.93, 1.02) #fs:   1  -- #Conts: 15 G(9)  A(1)  E(4)  C(1) 
1317460156 23186.18 || noQ Q (Avg,Max,Min) (1.01, 1.03, 1.00) (0.99, 0.93, 1.02) #fs:   1  -- #Conts: 15 G(9)  A(1)  E(4)  C(1) 
1317523804 23185.18 || noQ Q (Avg,Max,Min) (1.01, 1.03, 1.00) (1.00, 0.93, 1.02) #fs:   1  -- #Conts: 15 G(9)  A(1)  E(4)  C(1) 
1329132199 23184.71 || noQ Q (Avg,Max,Min) (1.01, 1.06, 0.98) (0.96, 0.44, 1.00) #fs:   1  -- #Conts: 15 G(6)  A(1)  E(7)  C(1) 
1332866354 23182.71 || noQ Q (Avg,Max,Min) (1.00, 1.01, 0.98) (0.99, 0.94, 1.00) #fs:   1  -- #Conts: 15 G(6)  A(2)  E(7) 
1336679582 23182.00 || noQ Q (Avg,Max,Min) (1.00, 1.01, 1.00) (0.99, 0.92, 1.01) #fs:   0  -- #Conts: 17 G(6)  A(4)  E(7) 
1675490654 23162.00 || noQ Q (Avg,Max,Min) (1.00, 1.01, 1.00) (1.00, 0.97, 1.00) #fs:   0  -- #Conts: 11 G(6)  A(2)  E(3) 
1675875434 23160.00 || noQ Q (Avg,Max,Min) (1.00, 1.01, 1.00) (1.00, 0.99, 1.00) #fs:   0  -- #Conts: 11 G(6)  A(2)  E(3) 
1675988115 23159.00 || noQ Q (Avg,Max,Min) (1.00, 1.03, 1.00) (1.00, 0.99, 1.00) #fs:   0  -- #Conts: 11 G(6)  A(2)  E(3) 
1724576144 23153.24 || noQ Q (Avg,Max,Min) (1.03, 1.26, 1.00) (0.89, 0.12, 1.01) #fs:   0  -- #Conts: 17 H(1)  G(8)  A(2)  E(5)  C(1) 
1724622668 23137.47 || noQ Q (Avg,Max,Min) (1.02, 1.31, 1.00) (0.94, 0.20, 1.01) #fs:   0  -- #Conts: 16 H(1)  G(7)  A(2)  E(5)  C(1) 
1724846123 23135.47 || noQ Q (Avg,Max,Min) (1.00, 1.01, 1.00) (0.94, 0.22, 1.01) #fs:   1  -- #Conts: 16 H(1)  G(7)  A(2)  E(5)  C(1) 
1725169439 23119.71 || noQ Q (Avg,Max,Min) (1.00, 1.02, 1.00) (0.95, 0.31, 1.01) #fs:   1  -- #Conts: 16 G(8)  A(2)  E(5)  C(1) 
1725342916 23114.65 || noQ Q (Avg,Max,Min) (1.00, 1.01, 1.00) (0.99, 0.93, 1.01) #fs:   0  -- #Conts: 16 G(7)  A(3)  E(5)  C(1) 
1726210718 23113.65 || noQ Q (Avg,Max,Min) (1.02, 1.23, 1.00) (0.94, 0.14, 1.01) #fs:   0  -- #Conts: 16 G(7)  A(3)  E(5)  C(1) 
1726218796 23110.65 || noQ Q (Avg,Max,Min) (1.01, 1.08, 1.00) (0.97, 0.65, 1.01) #fs:   0  -- #Conts: 16 G(7)  A(2)  E(6)  C(1) 
1731434659 23109.94 || noQ Q (Avg,Max,Min) (1.01, 1.04, 1.00) (0.97, 0.64, 1.01) #fs:   0  -- #Conts: 17 G(7)  A(3)  E(5)  C(2) 
1733915603 23108.94 || noQ Q (Avg,Max,Min) (1.00, 1.01, 1.00) (0.98, 0.92, 1.01) #fs:   0  -- #Conts: 17 G(7)  A(4)  E(5)  C(1) 
1808097864 23103.71 || noQ Q (Avg,Max,Min) (1.02, 1.19, 1.00) (0.92, 0.32, 1.00) #fs:   0  -- #Conts: 13 G(6)  A(1)  E(5)  C(1) 
1808433996 22997.00 || noQ Q (Avg,Max,Min) (1.04, 1.38, 1.00) (0.88, 0.09, 1.01) #fs:   0  -- #Conts: 19 H(1)  G(6)  A(3)  E(6)  C(3) 
1808585703 22965.47 || noQ Q (Avg,Max,Min) (1.02, 1.25, 1.00) (0.93, 0.14, 1.01) #fs:   0  -- #Conts: 18 G(6)  A(3)  E(6)  C(3) 
1810607804 22964.47 || noQ Q (Avg,Max,Min) (1.00, 1.04, 1.00) (0.97, 0.66, 1.01) #fs:   0  -- #Conts: 17 G(6)  A(2)  E(6)  C(3) 
2217518672 22929.71 || noQ Q (Avg,Max,Min) (1.02, 1.26, 1.00) (0.94, 0.12, 1.01) #fs:   0  -- #Conts: 19 H(1)  G(6)  A(3)  E(7)  C(2) 
2217743186 22927.71 || noQ Q (Avg,Max,Min) (1.02, 1.31, 1.00) (0.95, 0.20, 1.01) #fs:   0  -- #Conts: 18 H(1)  G(6)  A(2)  E(7)  C(2) 
2217756059 22913.94 || noQ Q (Avg,Max,Min) (1.01, 1.15, 1.00) (0.95, 0.18, 1.01) #fs:   0  -- #Conts: 19 G(7)  A(3)  E(7)  C(2) 
2218140839 22911.94 || noQ Q (Avg,Max,Min) (1.01, 1.18, 1.00) (0.96, 0.31, 1.01) #fs:   0  -- #Conts: 18 G(7)  A(2)  E(7)  C(2) 
2218463434 22904.88 || noQ Q (Avg,Max,Min) (1.00, 1.01, 1.00) (0.99, 0.94, 1.01) #fs:   0  -- #Conts: 18 G(6)  A(3)  E(7)  C(2) 
2219017493 22902.88 || noQ Q (Avg,Max,Min) (1.00, 1.01, 1.00) (0.99, 0.94, 1.01) #fs:   0  -- #Conts: 18 G(6)  A(3)  E(7)  C(2) 
2219407200 22902.18 || noQ Q (Avg,Max,Min) (1.01, 1.04, 1.00) (0.97, 0.64, 1.01) #fs:   0  -- #Conts: 19 G(6)  A(3)  E(7)  C(3) 
2219885295 22900.88 || noQ Q (Avg,Max,Min) (1.00, 1.01, 1.00) (0.99, 0.94, 1.01) #fs:   0  -- #Conts: 17 G(6)  A(2)  E(7)  C(2) 
2220047073 22900.18 || noQ Q (Avg,Max,Min) (1.01, 1.04, 1.00) (0.97, 0.64, 1.01) #fs:   0  -- #Conts: 19 G(6)  A(3)  E(7)  C(3) 
2227675994 22899.18 || noQ Q (Avg,Max,Min) (1.00, 1.01, 1.00) (0.99, 0.92, 1.01) #fs:   0  -- #Conts: 19 G(6)  A(4)  E(7)  C(2) 
2251448643 22719.53 || noQ Q (Avg,Max,Min) (1.02, 1.38, 1.00) (0.93, 0.09, 1.01) #fs:   0  -- #Conts: 17 H(1)  G(3)  A(3)  E(8)  C(2) 
2251600350 22688.00 || noQ Q (Avg,Max,Min) (1.00, 1.01, 1.00) (0.99, 0.92, 1.01) #fs:   0  -- #Conts: 16 G(3)  A(3)  E(8)  C(2) 
2261708780 22687.00 || noQ Q (Avg,Max,Min) (1.00, 1.01, 1.00) (0.99, 0.92, 1.01) #fs:   0  -- #Conts: 17 G(3)  A(4)  E(8)  C(2) 
2341826957 22670.24 || noQ Q (Avg,Max,Min) (1.02, 1.28, 1.00) (0.93, 0.12, 1.03) #fs:   0  -- #Conts: 15 H(2)  G(3)  A(2)  E(6)  C(2) 
2341952524 22669.24 || noQ Q (Avg,Max,Min) (1.02, 1.28, 1.00) (0.93, 0.12, 1.03) #fs:   0  -- #Conts: 15 H(2)  G(3)  A(2)  E(6)  C(2) 
2342051471 22667.24 || noQ Q (Avg,Max,Min) (1.03, 1.32, 1.00) (0.94, 0.21, 1.03) #fs:   0  -- #Conts: 14 H(2)  G(3)  A(1)  E(6)  C(2) 
2342062277 22640.71 || noQ Q (Avg,Max,Min) (1.00, 1.03, 1.00) (0.99, 0.93, 1.03) #fs:   0  -- #Conts: 14 H(1)  G(3)  A(2)  E(6)  C(2) 
2364885331 22625.35 || noQ Q (Avg,Max,Min) (1.02, 1.19, 1.00) (0.95, 0.32, 1.01) #fs:   0  -- #Conts: 14 G(4)  A(2)  E(7)  C(1) 
2365226071 22619.29 || noQ Q (Avg,Max,Min) (1.00, 1.01, 1.00) (0.99, 0.93, 1.01) #fs:   0  -- #Conts: 13 G(3)  A(2)  E(7)  C(1) 
2366093873 22617.29 || noQ Q (Avg,Max,Min) (1.00, 1.01, 1.00) (0.99, 0.92, 1.01) #fs:   0  -- #Conts: 13 G(3)  A(2)  E(7)  C(1) 
2366511462 22616.29 || noQ Q (Avg,Max,Min) (1.00, 1.01, 1.00) (1.00, 0.94, 1.01) #fs:   0  -- #Conts: 13 G(3)  A(2)  E(7)  C(1) 
2367379264 22614.29 || noQ Q (Avg,Max,Min) (1.00, 1.01, 1.00) (1.00, 0.99, 1.01) #fs:   0  -- #Conts: 12 G(3)  A(1)  E(7)  C(1) 
2367387356 22612.29 || noQ Q (Avg,Max,Min) (1.01, 1.08, 1.00) (1.00, 0.99, 1.04) #fs:   0  -- #Conts: 13 G(3)  A(1)  E(8)  C(1) 
2376588594 22606.41 || noQ Q (Avg,Max,Min) (1.02, 1.28, 1.00) (0.93, 0.12, 1.00) #fs:   0  -- #Conts: 15 H(1)  G(3)  A(2)  E(6)  C(3) 
2376813108 22604.41 || noQ Q (Avg,Max,Min) (1.02, 1.32, 1.00) (0.93, 0.21, 1.00) #fs:   0  -- #Conts: 15 H(1)  G(3)  A(2)  E(6)  C(3) 
2376823914 22590.65 || noQ Q (Avg,Max,Min) (1.00, 1.01, 1.00) (0.99, 0.93, 1.00) #fs:   0  -- #Conts: 14 G(3)  A(2)  E(6)  C(3) 
2377208694 22588.65 || noQ Q (Avg,Max,Min) (1.00, 1.01, 1.00) (0.99, 0.92, 1.00) #fs:   0  -- #Conts: 14 G(3)  A(2)  E(6)  C(3) 
2377393852 22587.65 || noQ Q (Avg,Max,Min) (1.00, 1.01, 1.00) (0.99, 0.93, 1.00) #fs:   0  -- #Conts: 14 G(3)  A(2)  E(6)  C(3) 
2377565618 22581.59 || noQ Q (Avg,Max,Min) (1.01, 1.07, 1.00) (0.95, 0.39, 1.00) #fs:   0  -- #Conts: 15 G(3)  A(2)  E(7)  C(3) 
2378433420 22579.59 || noQ Q (Avg,Max,Min) (1.01, 1.08, 1.00) (0.96, 0.66, 1.00) #fs:   0  -- #Conts: 15 G(3)  A(2)  E(7)  C(3) 
2378525054 22578.88 || noQ Q (Avg,Max,Min) (1.01, 1.04, 1.00) (0.96, 0.66, 1.00) #fs:   0  -- #Conts: 15 G(3)  A(2)  E(6)  C(4) 
2378851009 22578.59 || noQ Q (Avg,Max,Min) (1.01, 1.07, 1.00) (0.97, 0.77, 1.00) #fs:   0  -- #Conts: 15 G(3)  A(2)  E(7)  C(3) 
2379718811 22576.59 || noQ Q (Avg,Max,Min) (1.01, 1.08, 1.00) (0.99, 0.93, 1.04) #fs:   0  -- #Conts: 14 G(3)  A(1)  E(7)  C(3) 
2530737705 11874.82 || noQ Q (Avg,Max,Min) (1.00, 1.02, 1.00) (0.98, 0.91, 1.02) #fs:   0  -- #Conts: 20 H(3)  A(8)  G(3)  E(4)  C(2) 
2530828515 11873.82 || noQ Q (Avg,Max,Min) (1.00, 1.02, 1.00) (0.98, 0.91, 1.02) #fs:   0  -- #Conts: 20 H(3)  A(8)  G(3)  E(4)  C(2) 
2530985965 11871.82 || noQ Q (Avg,Max,Min) (1.00, 1.02, 1.00) (0.99, 0.91, 1.02) #fs:   0  -- #Conts: 19 H(3)  A(7)  G(3)  E(4)  C(2) 
2531155006 11870.82 || noQ Q (Avg,Max,Min) (1.00, 1.02, 1.00) (0.99, 0.91, 1.02) #fs:   0  -- #Conts: 19 H(3)  A(7)  G(3)  E(4)  C(2) 
2531378485 11869.82 || noQ Q (Avg,Max,Min) (1.00, 1.02, 1.00) (0.99, 0.91, 1.02) #fs:   0  -- #Conts: 19 H(3)  A(7)  G(3)  E(4)  C(2) 
2531415623 11868.82 || noQ Q (Avg,Max,Min) (1.00, 1.02, 1.00) (0.99, 0.91, 1.02) #fs:   0  -- #Conts: 19 H(3)  A(7)  G(3)  E(4)  C(2) 
2531530412 11867.82 || noQ Q (Avg,Max,Min) (1.00, 1.02, 1.00) (0.99, 0.91, 1.02) #fs:   0  -- #Conts: 19 H(3)  A(7)  G(3)  E(4)  C(2) 
2531622370 11866.82 || noQ Q (Avg,Max,Min) (1.02, 1.23, 1.00) (0.95, 0.14, 1.02) #fs:   0  -- #Conts: 19 H(3)  A(7)  G(3)  E(4)  C(2) 
2531676622 11865.82 || noQ Q (Avg,Max,Min) (1.00, 1.02, 1.00) (0.99, 0.91, 1.02) #fs:   0  -- #Conts: 18 H(3)  A(6)  G(3)  E(4)  C(2) 
2531791411 11864.82 || noQ Q (Avg,Max,Min) (1.00, 1.02, 1.00) (0.99, 0.91, 1.02) #fs:   0  -- #Conts: 18 H(3)  A(6)  G(3)  E(4)  C(2) 
2531958531 11863.82 || noQ Q (Avg,Max,Min) (1.00, 1.02, 1.00) (0.99, 0.91, 1.02) #fs:   0  -- #Conts: 18 H(3)  A(6)  G(3)  E(4)  C(2) 
2532042935 11862.82 || noQ Q (Avg,Max,Min) (1.00, 1.02, 1.00) (0.99, 0.91, 1.02) #fs:   0  -- #Conts: 18 H(3)  A(6)  G(3)  E(4)  C(2) 
2532157724 11861.82 || noQ Q (Avg,Max,Min) (1.00, 1.02, 1.00) (0.99, 0.91, 1.02) #fs:   0  -- #Conts: 18 H(3)  A(6)  G(3)  E(4)  C(2) 
2532314716 11860.82 || noQ Q (Avg,Max,Min) (1.00, 1.02, 1.00) (0.99, 0.91, 1.02) #fs:   0  -- #Conts: 19 H(3)  A(7)  G(3)  E(4)  C(2) 
2532404184 11859.82 || noQ Q (Avg,Max,Min) (1.00, 1.02, 1.00) (0.99, 0.91, 1.02) #fs:   0  -- #Conts: 18 H(3)  A(6)  G(3)  E(4)  C(2) 
2532527413 11858.82 || noQ Q (Avg,Max,Min) (1.00, 1.02, 1.00) (0.99, 0.91, 1.02) #fs:   0  -- #Conts: 18 H(3)  A(6)  G(3)  E(4)  C(2) 
2532655707 11857.82 || noQ Q (Avg,Max,Min) (1.00, 1.02, 1.00) (0.99, 0.91, 1.02) #fs:   0  -- #Conts: 18 H(3)  A(6)  G(3)  E(4)  C(2) 
2532770496 11856.82 || noQ Q (Avg,Max,Min) (1.00, 1.02, 1.00) (0.99, 0.91, 1.02) #fs:   0  -- #Conts: 18 H(3)  A(6)  G(3)  E(4)  C(2) 
2532913983 11855.82 || noQ Q (Avg,Max,Min) (1.00, 1.02, 1.00) (0.99, 0.91, 1.02) #fs:   0  -- #Conts: 18 H(3)  A(6)  G(3)  E(4)  C(2) 
2533013580 11854.82 || noQ Q (Avg,Max,Min) (1.00, 1.02, 1.00) (0.99, 0.91, 1.02) #fs:   0  -- #Conts: 18 H(3)  A(6)  G(3)  E(4)  C(2) 
2533128369 11853.82 || noQ Q (Avg,Max,Min) (1.00, 1.02, 1.00) (0.99, 0.91, 1.02) #fs:   0  -- #Conts: 18 H(3)  A(6)  G(3)  E(4)  C(2) 
2533266791 11852.82 || noQ Q (Avg,Max,Min) (1.00, 1.02, 1.00) (0.99, 0.91, 1.02) #fs:   0  -- #Conts: 18 H(3)  A(6)  G(3)  E(4)  C(2) 
2533381580 11851.82 || noQ Q (Avg,Max,Min) (1.00, 1.02, 1.00) (0.99, 0.91, 1.02) #fs:   0  -- #Conts: 18 H(3)  A(6)  G(3)  E(4)  C(2) 
2533509874 11850.82 || noQ Q (Avg,Max,Min) (1.00, 1.02, 1.00) (0.99, 0.91, 1.02) #fs:   0  -- #Conts: 18 H(3)  A(6)  G(3)  E(4)  C(2) 
2533616223 11849.82 || noQ Q (Avg,Max,Min) (1.00, 1.02, 1.00) (0.99, 0.91, 1.02) #fs:   0  -- #Conts: 19 H(3)  A(7)  G(3)  E(4)  C(2) 
2533731012 11848.82 || noQ Q (Avg,Max,Min) (1.00, 1.02, 1.00) (0.99, 0.91, 1.02) #fs:   0  -- #Conts: 19 H(3)  A(7)  G(3)  E(4)  C(2) 
2533864370 11847.82 || noQ Q (Avg,Max,Min) (1.00, 1.02, 1.00) (0.99, 0.91, 1.02) #fs:   0  -- #Conts: 18 H(3)  A(6)  G(3)  E(4)  C(2) 
2640575759 11588.35 || noQ Q (Avg,Max,Min) (1.02, 1.28, 1.00) (0.94, 0.12, 1.01) #fs:   0  -- #Conts: 18 H(3)  A(7)  G(3)  E(3)  C(2) 
2640800273 11586.35 || noQ Q (Avg,Max,Min) (1.02, 1.32, 1.00) (0.95, 0.21, 1.01) #fs:   0  -- #Conts: 18 H(3)  A(7)  G(3)  E(3)  C(2) 
2640912821 11585.35 || noQ Q (Avg,Max,Min) (1.01, 1.15, 1.00) (0.94, 0.18, 1.01) #fs:   0  -- #Conts: 18 H(2)  A(7)  G(4)  E(3)  C(2) 
2641132824 11584.35 || noQ Q (Avg,Max,Min) (1.04, 1.30, 1.00) (0.91, 0.23, 1.01) #fs:   0  -- #Conts: 18 H(3)  A(7)  G(3)  E(3)  C(2) 
2641168215 11583.35 || noQ Q (Avg,Max,Min) (1.01, 1.15, 1.00) (0.94, 0.18, 1.01) #fs:   0  -- #Conts: 17 H(2)  A(6)  G(4)  E(3)  C(2) 
2641353373 11569.59 || noQ Q (Avg,Max,Min) (1.00, 1.01, 1.00) (0.99, 0.91, 1.01) #fs:   0  -- #Conts: 17 H(2)  A(7)  G(3)  E(3)  C(2) 
2641552783 11563.53 || noQ Q (Avg,Max,Min) (1.01, 1.07, 1.00) (0.96, 0.39, 1.01) #fs:   0  -- #Conts: 18 H(2)  A(7)  G(3)  E(4)  C(2) 
2642420585 11561.53 || noQ Q (Avg,Max,Min) (1.01, 1.08, 1.00) (0.97, 0.66, 1.01) #fs:   0  -- #Conts: 18 H(2)  A(7)  G(3)  E(4)  C(2) 
2642512219 11560.82 || noQ Q (Avg,Max,Min) (1.01, 1.04, 1.00) (0.97, 0.66, 1.01) #fs:   0  -- #Conts: 18 H(2)  A(7)  G(3)  E(3)  C(3) 
2642948515 11560.53 || noQ Q (Avg,Max,Min) (1.01, 1.07, 1.00) (0.98, 0.77, 1.01) #fs:   0  -- #Conts: 18 H(2)  A(7)  G(3)  E(4)  C(2) 
2643816317 11558.53 || noQ Q (Avg,Max,Min) (1.01, 1.08, 1.00) (0.99, 0.91, 1.04) #fs:   0  -- #Conts: 17 H(2)  A(6)  G(3)  E(4)  C(2) 
2662229611 11337.76 || noQ Q (Avg,Max,Min) (1.04, 1.38, 1.00) (0.90, 0.09, 1.01) #fs:   0  -- #Conts: 20 H(3)  A(7)  G(3)  E(5)  C(2) 
2662250712 11306.24 || noQ Q (Avg,Max,Min) (1.02, 1.26, 1.00) (0.94, 0.12, 1.01) #fs:   0  -- #Conts: 19 H(2)  A(7)  G(3)  E(5)  C(2) 
2662458920 11292.47 || noQ Q (Avg,Max,Min) (1.00, 1.01, 1.00) (0.99, 0.91, 1.01) #fs:   0  -- #Conts: 18 H(1)  A(7)  G(3)  E(5)  C(2) 
2662704281 11291.47 || noQ Q (Avg,Max,Min) (1.00, 1.01, 1.00) (0.99, 0.91, 1.01) #fs:   0  -- #Conts: 18 H(1)  A(7)  G(3)  E(5)  C(2) 
2662843700 11290.47 || noQ Q (Avg,Max,Min) (1.00, 1.02, 1.00) (0.99, 0.91, 1.01) #fs:   0  -- #Conts: 18 H(1)  A(7)  G(3)  E(5)  C(2) 
2663089061 11289.47 || noQ Q (Avg,Max,Min) (1.00, 1.01, 1.00) (0.99, 0.91, 1.01) #fs:   0  -- #Conts: 18 H(1)  A(7)  G(3)  E(5)  C(2) 
2663182451 11281.41 || noQ Q (Avg,Max,Min) (1.01, 1.07, 1.00) (0.95, 0.38, 1.01) #fs:   0  -- #Conts: 19 H(1)  A(7)  G(3)  E(6)  C(2) 
2664118139 11278.71 || noQ Q (Avg,Max,Min) (1.01, 1.04, 1.00) (0.97, 0.64, 1.01) #fs:   0  -- #Conts: 19 H(1)  A(7)  G(3)  E(5)  C(3) 
2672268567 11277.71 || noQ Q (Avg,Max,Min) (1.00, 1.01, 1.00) (0.98, 0.91, 1.01) #fs:   0  -- #Conts: 20 H(1)  A(9)  G(3)  E(5)  C(2) 
2697835960 11006.88 || noQ Q (Avg,Max,Min) (1.02, 1.38, 1.00) (0.94, 0.09, 1.00) #fs:   0  -- #Conts: 20 H(1)  A(9)  G(3)  E(5)  C(2) 
2697987667 10975.35 || noQ Q (Avg,Max,Min) (1.00, 1.01, 1.00) (0.99, 0.91, 1.00) #fs:   0  -- #Conts: 19 A(9)  G(3)  E(5)  C(2) 
2880481394 10943.82 || noQ Q (Avg,Max,Min) (1.03, 1.38, 1.00) (0.94, 0.09, 1.01) #fs:   0  -- #Conts: 16 H(1)  A(7)  G(3)  E(4)  C(1) 
2880633101 10912.29 || noQ Q (Avg,Max,Min) (1.00, 1.01, 1.00) (1.00, 0.95, 1.01) #fs:   0  -- #Conts: 15 A(7)  G(3)  E(4)  C(1) 
2881118748 10909.29 || noQ Q (Avg,Max,Min) (1.00, 1.02, 1.00) (1.00, 0.98, 1.01) #fs:   0  -- #Conts: 15 A(7)  G(3)  E(4)  C(1) 
2881684003 10908.29 || noQ Q (Avg,Max,Min) (1.02, 1.23, 1.00) (0.94, 0.14, 1.01) #fs:   0  -- #Conts: 16 A(8)  G(3)  E(4)  C(1) 
2881717617 10906.29 || noQ Q (Avg,Max,Min) (1.00, 1.01, 1.00) (1.00, 1.00, 1.01) #fs:   0  -- #Conts: 14 A(6)  G(3)  E(4)  C(1) 
2882133452 10905.29 || noQ Q (Avg,Max,Min) (1.00, 1.01, 1.00) (1.00, 0.94, 1.01) #fs:   0  -- #Conts: 15 A(7)  G(3)  E(4)  C(1) 
3255106274 10864.65 || noQ Q (Avg,Max,Min) (1.04, 1.28, 1.00) (0.86, 0.12, 1.01) #fs:   0  -- #Conts: 15 H(1)  A(8)  G(1)  E(3)  C(2) 
3255330788 10862.65 || noQ Q (Avg,Max,Min) (1.04, 1.32, 1.00) (0.86, 0.14, 1.01) #fs:   0  -- #Conts: 14 H(1)  A(7)  G(1)  E(3)  C(2) 
3255349686 10848.88 || noQ Q (Avg,Max,Min) (1.02, 1.25, 1.00) (0.91, 0.14, 1.01) #fs:   1  -- #Conts: 14 A(8)  G(1)  E(3)  C(2) 
3255529705 10846.88 || noQ Q (Avg,Max,Min) (1.02, 1.25, 1.00) (0.91, 0.14, 1.01) #fs:   1  -- #Conts: 13 A(7)  G(1)  E(3)  C(2) 
3255873861 10844.88 || noQ Q (Avg,Max,Min) (1.00, 1.04, 1.00) (0.97, 0.64, 1.01) #fs:   1  -- #Conts: 12 A(6)  G(1)  E(3)  C(2) 
3255919624 10842.88 || noQ Q (Avg,Max,Min) (1.02, 1.25, 1.00) (0.93, 0.14, 1.01) #fs:   1  -- #Conts: 12 A(7)  G(1)  E(3)  C(1) 
3256075206 10839.82 || noQ Q (Avg,Max,Min) (1.02, 1.25, 1.00) (0.91, 0.14, 1.01) #fs:   0  -- #Conts: 14 A(8)  G(1)  E(3)  C(2) 
3256076616 10838.82 || noQ Q (Avg,Max,Min) (1.01, 1.04, 1.00) (0.97, 0.64, 1.01) #fs:   0  -- #Conts: 13 A(7)  G(1)  E(3)  C(2) 
3256943008 10837.82 || noQ Q (Avg,Max,Min) (1.02, 1.25, 1.00) (0.91, 0.14, 1.01) #fs:   0  -- #Conts: 13 A(7)  G(1)  E(3)  C(2) 
3256944418 10836.82 || noQ Q (Avg,Max,Min) (1.00, 1.04, 1.00) (0.97, 0.64, 1.01) #fs:   0  -- #Conts: 12 A(6)  G(1)  E(3)  C(2) 
3257090495 10835.82 || noQ Q (Avg,Max,Min) (1.01, 1.08, 1.00) (0.95, 0.64, 1.01) #fs:   0  -- #Conts: 13 A(6)  G(1)  E(4)  C(2) 
3257362007 10834.82 || noQ Q (Avg,Max,Min) (1.00, 1.01, 1.00) (1.00, 0.94, 1.01) #fs:   0  -- #Conts: 12 A(7)  G(1)  E(3)  C(1) 
3258229809 10832.82 || noQ Q (Avg,Max,Min) (1.00, 1.01, 1.00) (1.00, 1.00, 1.01) #fs:   0  -- #Conts: 11 A(6)  G(1)  E(3)  C(1) 
3258375886 10831.82 || noQ Q (Avg,Max,Min) (1.01, 1.08, 1.00) (1.00, 1.00, 1.04) #fs:   0  -- #Conts: 12 A(6)  G(1)  E(4)  C(1) 
3258884593 10830.82 || noQ Q (Avg,Max,Min) (1.01, 1.08, 1.00) (1.00, 1.00, 1.04) #fs:   0  -- #Conts: 12 A(6)  G(1)  E(4)  C(1) 
3303307718 10827.47 || noQ Q (Avg,Max,Min) (1.04, 1.38, 1.00) (0.89, 0.09, 1.01) #fs:   0  -- #Conts: 17 H(2)  A(7)  G(1)  E(6)  C(1) 
3303467984 10811.71 || noQ Q (Avg,Max,Min) (1.03, 1.26, 1.00) (0.89, 0.12, 1.01) #fs:   0  -- #Conts: 17 H(1)  A(7)  G(2)  E(6)  C(1) 
3303514508 10795.94 || noQ Q (Avg,Max,Min) (1.02, 1.31, 1.00) (0.94, 0.20, 1.01) #fs:   0  -- #Conts: 16 H(1)  A(7)  G(1)  E(6)  C(1) 
3303823171 10786.88 || noQ Q (Avg,Max,Min) (1.01, 1.15, 1.00) (0.94, 0.18, 1.01) #fs:   0  -- #Conts: 16 A(7)  G(2)  E(6)  C(1) 
3303912161 10780.18 || noQ Q (Avg,Max,Min) (1.01, 1.18, 1.00) (0.95, 0.31, 1.01) #fs:   0  -- #Conts: 16 A(7)  G(2)  E(6)  C(1) 
3304234756 10773.12 || noQ Q (Avg,Max,Min) (1.00, 1.01, 1.00) (0.99, 0.91, 1.01) #fs:   0  -- #Conts: 15 A(7)  G(1)  E(6)  C(1) 
3305102558 10771.12 || noQ Q (Avg,Max,Min) (1.00, 1.01, 1.00) (0.99, 0.91, 1.01) #fs:   0  -- #Conts: 15 A(7)  G(1)  E(6)  C(1) 
3309733204 10770.41 || noQ Q (Avg,Max,Min) (1.00, 1.04, 1.00) (0.97, 0.64, 1.01) #fs:   0  -- #Conts: 17 A(8)  G(1)  E(6)  C(2) 
3312807443 10769.41 || noQ Q (Avg,Max,Min) (1.00, 1.01, 1.00) (0.98, 0.91, 1.01) #fs:   0  -- #Conts: 17 A(9)  G(1)  E(6)  C(1) 
3384086096 10731.18 || noQ Q (Avg,Max,Min) (1.02, 1.38, 1.00) (0.94, 0.09, 1.00) #fs:   0  -- #Conts: 19 H(1)  A(10)  E(7)  C(1) 
3384246362 10715.41 || noQ Q (Avg,Max,Min) (1.01, 1.22, 1.00) (0.94, 0.13, 1.00) #fs:   0  -- #Conts: 19 A(10)  G(1)  E(7)  C(1) 
3384720825 10699.65 || noQ Q (Avg,Max,Min) (1.00, 1.01, 1.00) (0.98, 0.91, 1.00) #fs:   0  -- #Conts: 18 A(10)  E(7)  C(1) 
3385179228 10698.65 || noQ Q (Avg,Max,Min) (1.00, 1.01, 1.00) (0.98, 0.91, 1.00) #fs:   0  -- #Conts: 18 A(10)  E(7)  C(1) 
3392368592 10697.65 || noQ Q (Avg,Max,Min) (1.00, 1.01, 1.00) (0.98, 0.91, 1.00) #fs:   0  -- #Conts: 18 A(10)  E(7)  C(1) 
3707299678 10696.18 || noQ Q (Avg,Max,Min) (1.01, 1.25, 0.87) (0.90, 0.14, 1.00) #fs:   1  -- #Conts: 16 A(8)  E(6)  C(2) 
3712450168 10694.18 || noQ Q (Avg,Max,Min) (0.98, 1.01, 0.79) (0.96, 0.67, 1.00) #fs:   2  -- #Conts: 15 A(8)  E(6)  C(1) 
3713798453 10693.47 || noQ Q (Avg,Max,Min) (1.01, 1.04, 1.00) (0.97, 0.64, 1.00) #fs:   0  -- #Conts: 16 A(9)  E(5)  C(2) 
3715603271 10692.47 || noQ Q (Avg,Max,Min) (1.00, 1.01, 1.00) (0.99, 0.92, 1.00) #fs:   0  -- #Conts: 16 A(10)  E(5)  C(1) 
4382355627 9679.94 || noQ Q (Avg,Max,Min) (1.01, 1.08, 1.00) (0.95, 0.21, 1.02) #fs:   1  -- #Conts: 17 H(1)  A(8)  G(3)  E(4)  C(1) 
4382635094 9664.18 || noQ Q (Avg,Max,Min) (1.01, 1.19, 1.00) (0.95, 0.32, 1.02) #fs:   0  -- #Conts: 17 A(8)  G(4)  E(4)  C(1) 
4382998915 9661.82 || noQ Q (Avg,Max,Min) (1.01, 1.10, 1.00) (0.92, 0.26, 1.02) #fs:   0  -- #Conts: 18 A(8)  G(3)  E(6)  C(1) 
4383205032 9661.18 || noQ Q (Avg,Max,Min) (1.01, 1.17, 1.00) (0.97, 0.50, 1.02) #fs:   0  -- #Conts: 16 A(7)  G(4)  E(4)  C(1) 
4383630623 9659.12 || noQ Q (Avg,Max,Min) (1.01, 1.07, 1.00) (0.93, 0.39, 1.02) #fs:   0  -- #Conts: 18 A(8)  G(3)  E(5)  C(2) 
4383851728 9655.12 || noQ Q (Avg,Max,Min) (1.01, 1.08, 1.00) (0.97, 0.66, 1.02) #fs:   0  -- #Conts: 17 A(8)  G(3)  E(5)  C(1) 
4385137119 9652.12 || noQ Q (Avg,Max,Min) (1.01, 1.08, 1.00) (1.00, 0.91, 1.04) #fs:   0  -- #Conts: 16 A(7)  G(3)  E(5)  C(1) 
4438160008 8718.47 || noQ Q (Avg,Max,Min) (1.02, 1.26, 1.00) (0.94, 0.12, 1.02) #fs:   0  -- #Conts: 17 H(1)  A(8)  G(3)  E(4)  C(1) 
4438384522 8716.47 || noQ Q (Avg,Max,Min) (1.02, 1.31, 1.00) (0.95, 0.20, 1.02) #fs:   0  -- #Conts: 17 H(1)  A(8)  G(3)  E(4)  C(1) 
4438397395 8702.71 || noQ Q (Avg,Max,Min) (1.01, 1.15, 1.00) (0.95, 0.18, 1.02) #fs:   0  -- #Conts: 17 A(8)  G(4)  E(4)  C(1) 
4438782175 8700.71 || noQ Q (Avg,Max,Min) (1.01, 1.18, 1.00) (0.95, 0.31, 1.02) #fs:   0  -- #Conts: 17 A(8)  G(4)  E(4)  C(1) 
4439112848 8693.65 || noQ Q (Avg,Max,Min) (1.01, 1.07, 1.00) (0.96, 0.38, 1.02) #fs:   0  -- #Conts: 17 A(8)  G(3)  E(5)  C(1) 
4439980650 8691.65 || noQ Q (Avg,Max,Min) (1.01, 1.08, 1.00) (0.97, 0.65, 1.02) #fs:   0  -- #Conts: 17 A(8)  G(3)  E(5)  C(1) 
4440048536 8690.94 || noQ Q (Avg,Max,Min) (1.01, 1.04, 1.00) (0.97, 0.64, 1.02) #fs:   0  -- #Conts: 17 A(8)  G(3)  E(4)  C(2) 
4444144773 7627.59 || noQ Q (Avg,Max,Min) (1.00, 1.02, 0.88) (0.95, 0.20, 1.02) #fs:   1  -- #Conts: 16 H(1)  A(9)  G(3)  E(2)  C(1) 
4444305039 7611.82 || noQ Q (Avg,Max,Min) (1.01, 1.13, 1.00) (0.96, 0.31, 1.02) #fs:   0  -- #Conts: 16 A(9)  G(4)  E(2)  C(1) 
4444788061 7609.47 || noQ Q (Avg,Max,Min) (1.01, 1.10, 1.00) (0.92, 0.26, 1.02) #fs:   0  -- #Conts: 17 A(9)  G(3)  E(4)  C(1) 
4445419769 7606.76 || noQ Q (Avg,Max,Min) (1.01, 1.07, 1.00) (0.93, 0.38, 1.02) #fs:   0  -- #Conts: 17 A(9)  G(3)  E(3)  C(2) 
4445465912 7602.76 || noQ Q (Avg,Max,Min) (1.01, 1.08, 1.00) (0.98, 0.65, 1.02) #fs:   0  -- #Conts: 16 A(9)  G(3)  E(3)  C(1) 
4450561700 7602.06 || noQ Q (Avg,Max,Min) (1.01, 1.04, 1.00) (0.98, 0.64, 1.02) #fs:   0  -- #Conts: 16 A(9)  G(3)  E(2)  C(2) 
4450570259 7601.06 || noQ Q (Avg,Max,Min) (1.01, 1.04, 1.00) (0.98, 0.64, 1.02) #fs:   0  -- #Conts: 17 A(10)  G(3)  E(2)  C(2) 
4453068827 7600.06 || noQ Q (Avg,Max,Min) (1.00, 1.02, 1.00) (1.00, 1.00, 1.02) #fs:   0  -- #Conts: 15 A(9)  G(3)  E(2)  C(1) 
4626781393 7566.24 || noQ Q (Avg,Max,Min) (1.03, 1.38, 1.00) (0.92, 0.09, 1.01) #fs:   0  -- #Conts: 16 H(1)  A(9)  E(4)  C(2) 
4626941659 7550.47 || noQ Q (Avg,Max,Min) (1.02, 1.22, 1.00) (0.92, 0.13, 1.01) #fs:   0  -- #Conts: 16 A(9)  G(1)  E(4)  C(2) 
4627424681 7541.41 || noQ Q (Avg,Max,Min) (1.01, 1.10, 1.00) (0.93, 0.26, 1.01) #fs:   0  -- #Conts: 16 A(9)  E(5)  C(2) 
4627701090 7539.41 || noQ Q (Avg,Max,Min) (1.01, 1.10, 1.00) (0.95, 0.26, 1.01) #fs:   0  -- #Conts: 15 A(9)  E(5)  C(1) 
4628056389 7536.71 || noQ Q (Avg,Max,Min) (1.01, 1.06, 1.00) (0.96, 0.44, 1.01) #fs:   0  -- #Conts: 15 A(9)  E(4)  C(2) 
4633198320 7534.71 || noQ Q (Avg,Max,Min) (1.00, 1.01, 1.00) (1.00, 1.00, 1.01) #fs:   0  -- #Conts: 14 A(9)  E(4)  C(1) 
6443843095 7526.41 || noQ Q (Avg,Max,Min) (1.01, 1.10, 1.00) (0.94, 0.26, 1.00) #fs:   1  -- #Conts: 13 A(8)  E(4)  C(1) 
6444474803 7523.71 || noQ Q (Avg,Max,Min) (1.01, 1.06, 1.00) (0.96, 0.44, 1.00) #fs:   1  -- #Conts: 13 A(8)  E(3)  C(2) 
6449616734 7521.71 || noQ Q (Avg,Max,Min) (1.00, 1.01, 1.00) (1.00, 1.00, 1.00) #fs:   1  -- #Conts: 12 A(8)  E(3)  C(1) 
/////////////////size: 396
nodes 97 edges 109
 mulT: 5000 mulD: 5000  sumData GB 11037
pareto /SIPHT.n.100.0.dax time -> 6604.0
moheft /SIPHT.n.100.0.dax time -> 11788.0
distance from M to C 0.0
distance from P to C 743.5815381099264
distance from C to M 0.13798837203831923
distance from C to P 348.149284735878
toCompare: /SIPHT.n.100.0.dax sumDataGB: 11037 mulT: 5000 mulD: 5000 paretoOptTime_MS: 6604.0 MoheftOptimizationTime_MS: 11788.0 MtoC 0.0 PtoC 743.5815381099264 CtoM 0.13798837203831923 CtoP 348.149284735878
