specify -Dflow d,b,mt,md,size
Running /home/vaggelis/jc/MONTAGE.n.50.0.dax mt 5000 md: 100 size null
   9421193 1387.29 || noQ Q (Avg,Max,Min) (0.95, 1.00, 0.81) (0.53, 0.50, 0.86) #fs:  16  -- #Conts: 28 H(28) 
  11104283 1072.00 || noQ Q (Avg,Max,Min) (0.92, 1.00, 0.66) (0.78, 0.55, 0.87) #fs:  15  -- #Conts: 26 H(8)  G(18) 
  11143059 1056.24 || noQ Q (Avg,Max,Min) (0.93, 1.00, 0.66) (0.78, 0.55, 0.87) #fs:  14  -- #Conts: 25 H(8)  G(17) 
  11154846 1040.47 || noQ Q (Avg,Max,Min) (0.93, 1.00, 0.66) (0.79, 0.55, 0.87) #fs:  14  -- #Conts: 24 H(8)  G(16) 
  11158185 1024.71 || noQ Q (Avg,Max,Min) (0.94, 1.00, 0.66) (0.79, 0.55, 0.87) #fs:  15  -- #Conts: 23 H(8)  G(15) 
  11170289 993.18 || noQ Q (Avg,Max,Min) (0.94, 1.01, 0.66) (0.80, 0.55, 0.87) #fs:  16  -- #Conts: 21 H(8)  G(13) 
  11178531 977.41 || noQ Q (Avg,Max,Min) (0.95, 1.00, 0.85) (0.81, 0.70, 0.87) #fs:  15  -- #Conts: 20 H(8)  G(12) 
  13600102 961.65 || noQ Q (Avg,Max,Min) (0.92, 1.00, 0.75) (0.81, 0.70, 0.87) #fs:  15  -- #Conts: 21 H(7)  G(14) 
  16124192 756.71 || noQ Q (Avg,Max,Min) (1.00, 1.01, 0.87) (0.87, 0.51, 0.98) #fs:   4  -- #Conts: 34 H(1)  G(33) 
  16131359 740.94 || noQ Q (Avg,Max,Min) (1.00, 1.01, 0.87) (0.88, 0.77, 0.98) #fs:   5  -- #Conts: 34 G(34) 
  16140020 725.18 || noQ Q (Avg,Max,Min) (1.00, 1.01, 0.99) (0.88, 0.84, 0.98) #fs:   4  -- #Conts: 35 G(35) 
  31521962 724.35 || noQ Q (Avg,Max,Min) (0.99, 1.01, 0.65) (0.89, 0.64, 0.97) #fs:   6  -- #Conts: 35 G(18)  E(17) 
  31528399 722.00 || noQ Q (Avg,Max,Min) (0.99, 1.01, 0.65) (0.89, 0.64, 0.97) #fs:   6  -- #Conts: 35 G(17)  E(18) 
  31528455 719.65 || noQ Q (Avg,Max,Min) (0.99, 1.01, 0.65) (0.89, 0.64, 0.97) #fs:   6  -- #Conts: 35 G(16)  E(19) 
  31535034 717.29 || noQ Q (Avg,Max,Min) (0.99, 1.01, 0.65) (0.90, 0.64, 0.97) #fs:   6  -- #Conts: 35 G(15)  E(20) 
  31541410 714.94 || noQ Q (Avg,Max,Min) (0.99, 1.01, 0.65) (0.90, 0.64, 0.97) #fs:   6  -- #Conts: 35 G(14)  E(21) 
  31541569 712.59 || noQ Q (Avg,Max,Min) (0.99, 1.01, 0.65) (0.90, 0.64, 0.97) #fs:   6  -- #Conts: 35 G(13)  E(22) 
  31548087 710.24 || noQ Q (Avg,Max,Min) (0.99, 1.01, 0.65) (0.91, 0.64, 0.97) #fs:   6  -- #Conts: 35 G(12)  E(23) 
  31548113 707.88 || noQ Q (Avg,Max,Min) (0.99, 1.01, 0.65) (0.91, 0.64, 0.97) #fs:   6  -- #Conts: 35 G(11)  E(24) 
  31554405 705.53 || noQ Q (Avg,Max,Min) (0.99, 1.01, 0.65) (0.91, 0.64, 0.97) #fs:   6  -- #Conts: 35 G(10)  E(25) 
  31554634 703.18 || noQ Q (Avg,Max,Min) (0.99, 1.01, 0.65) (0.91, 0.64, 0.97) #fs:   6  -- #Conts: 35 G(9)  E(26) 
  31554686 700.82 || noQ Q (Avg,Max,Min) (0.99, 1.01, 0.65) (0.92, 0.64, 0.97) #fs:   6  -- #Conts: 35 G(8)  E(27) 
  31580581 698.47 || noQ Q (Avg,Max,Min) (0.99, 1.01, 0.65) (0.92, 0.64, 0.97) #fs:   6  -- #Conts: 35 G(7)  E(28) 
  31593673 696.12 || noQ Q (Avg,Max,Min) (0.99, 1.01, 0.65) (0.92, 0.64, 0.97) #fs:   6  -- #Conts: 35 G(6)  E(29) 
  31600100 693.76 || noQ Q (Avg,Max,Min) (0.99, 1.01, 0.65) (0.93, 0.64, 0.97) #fs:   6  -- #Conts: 35 G(5)  E(30) 
  31626504 691.41 || noQ Q (Avg,Max,Min) (0.99, 1.01, 0.65) (0.93, 0.64, 0.97) #fs:   6  -- #Conts: 35 G(4)  E(31) 
  31626509 689.06 || noQ Q (Avg,Max,Min) (0.99, 1.01, 0.65) (0.93, 0.64, 0.97) #fs:   6  -- #Conts: 35 G(3)  E(32) 
  31645861 686.71 || noQ Q (Avg,Max,Min) (0.99, 1.01, 0.65) (0.94, 0.64, 0.98) #fs:   6  -- #Conts: 35 G(2)  E(33) 
  31737187 684.35 || noQ Q (Avg,Max,Min) (0.99, 1.00, 0.65) (0.94, 0.64, 0.99) #fs:   6  -- #Conts: 35 G(1)  E(34) 
  36277689 682.35 || noQ Q (Avg,Max,Min) (1.00, 1.01, 0.99) (0.93, 0.86, 0.99) #fs:   5  -- #Conts: 35 G(5)  E(30) 
  36290781 680.00 || noQ Q (Avg,Max,Min) (1.00, 1.01, 0.99) (0.93, 0.86, 0.99) #fs:   5  -- #Conts: 35 G(4)  E(31) 
  36297208 677.65 || noQ Q (Avg,Max,Min) (1.00, 1.01, 0.99) (0.94, 0.86, 0.99) #fs:   5  -- #Conts: 35 G(3)  E(32) 
  36323612 675.29 || noQ Q (Avg,Max,Min) (1.00, 1.01, 0.99) (0.94, 0.86, 0.99) #fs:   5  -- #Conts: 35 G(2)  E(33) 
  36323617 672.94 || noQ Q (Avg,Max,Min) (1.00, 1.01, 0.99) (0.94, 0.86, 0.99) #fs:   5  -- #Conts: 35 G(1)  E(34) 
  36342969 670.59 || noQ Q (Avg,Max,Min) (1.00, 1.01, 0.99) (0.95, 0.86, 0.99) #fs:   5  -- #Conts: 35 E(35) 
  40636872 668.94 || noQ Q (Avg,Max,Min) (0.99, 1.01, 0.65) (0.95, 0.64, 0.99) #fs:   2  -- #Conts: 32 G(3)  E(29) 
  40649880 666.59 || noQ Q (Avg,Max,Min) (0.99, 1.01, 0.65) (0.95, 0.64, 0.99) #fs:   2  -- #Conts: 32 G(2)  E(30) 
  40741206 664.24 || noQ Q (Avg,Max,Min) (0.99, 1.00, 0.65) (0.95, 0.64, 0.99) #fs:   2  -- #Conts: 32 G(1)  E(31) 
  45079489 660.24 || noQ Q (Avg,Max,Min) (1.00, 1.01, 0.99) (0.94, 0.86, 0.99) #fs:   1  -- #Conts: 32 G(7)  E(25) 
  45152704 657.88 || noQ Q (Avg,Max,Min) (1.00, 1.01, 0.99) (0.95, 0.86, 0.99) #fs:   2  -- #Conts: 32 G(6)  E(26) 
  45159197 655.53 || noQ Q (Avg,Max,Min) (1.00, 1.01, 0.99) (0.95, 0.86, 0.99) #fs:   2  -- #Conts: 32 G(5)  E(27) 
  45204862 653.18 || noQ Q (Avg,Max,Min) (1.00, 1.01, 0.99) (0.95, 0.87, 0.99) #fs:   2  -- #Conts: 32 G(4)  E(28) 
  45231025 650.82 || noQ Q (Avg,Max,Min) (1.00, 1.01, 0.99) (0.96, 0.87, 0.99) #fs:   2  -- #Conts: 32 G(3)  E(29) 
  45244033 648.47 || noQ Q (Avg,Max,Min) (1.00, 1.01, 0.99) (0.96, 0.88, 0.99) #fs:   2  -- #Conts: 32 G(2)  E(30) 
  45335359 646.12 || noQ Q (Avg,Max,Min) (1.00, 1.01, 0.99) (0.96, 0.88, 0.99) #fs:   2  -- #Conts: 32 G(1)  E(31) 
  45354914 643.76 || noQ Q (Avg,Max,Min) (1.00, 1.00, 0.99) (0.97, 0.95, 0.99) #fs:   2  -- #Conts: 32 E(32) 
/////////////////size: 46
   9416581 1387.29 || noQ Q (Avg,Max,Min) (0.96, 1.00, 0.74) (0.53, 0.49, 0.77) #fs:  11  -- #Conts: 31 H(31) 
  10602218 1371.53 || noQ Q (Avg,Max,Min) (0.92, 1.00, 0.59) (0.54, 0.49, 0.85) #fs:  11  -- #Conts: 31 H(30)  G(1) 
  10608712 1355.76 || noQ Q (Avg,Max,Min) (0.92, 1.00, 0.59) (0.55, 0.49, 0.85) #fs:  11  -- #Conts: 31 H(29)  G(2) 
  10609836 1340.00 || noQ Q (Avg,Max,Min) (0.92, 1.00, 0.59) (0.56, 0.49, 0.85) #fs:  11  -- #Conts: 31 H(28)  G(3) 
  10621461 1324.24 || noQ Q (Avg,Max,Min) (0.92, 1.00, 0.59) (0.58, 0.49, 0.85) #fs:  11  -- #Conts: 31 H(27)  G(4) 
  10637758 1308.47 || noQ Q (Avg,Max,Min) (0.92, 1.00, 0.59) (0.59, 0.49, 0.85) #fs:  11  -- #Conts: 31 H(26)  G(5) 
  10641591 1292.71 || noQ Q (Avg,Max,Min) (0.92, 1.00, 0.59) (0.60, 0.50, 0.85) #fs:  11  -- #Conts: 31 H(25)  G(6) 
  10649362 1276.94 || noQ Q (Avg,Max,Min) (0.92, 1.00, 0.59) (0.61, 0.50, 0.85) #fs:  11  -- #Conts: 31 H(24)  G(7) 
  10650308 1261.18 || noQ Q (Avg,Max,Min) (0.92, 1.00, 0.59) (0.62, 0.50, 0.85) #fs:  11  -- #Conts: 31 H(23)  G(8) 
  10652312 1245.41 || noQ Q (Avg,Max,Min) (0.92, 1.00, 0.59) (0.63, 0.50, 0.85) #fs:  11  -- #Conts: 31 H(22)  G(9) 
  10653175 1229.65 || noQ Q (Avg,Max,Min) (0.92, 1.00, 0.59) (0.64, 0.50, 0.85) #fs:  11  -- #Conts: 31 H(21)  G(10) 
  10661916 1213.88 || noQ Q (Avg,Max,Min) (0.92, 1.00, 0.59) (0.66, 0.50, 0.85) #fs:  11  -- #Conts: 31 H(20)  G(11) 
  10664777 1182.35 || noQ Q (Avg,Max,Min) (0.92, 1.00, 0.59) (0.68, 0.50, 0.85) #fs:  11  -- #Conts: 31 H(18)  G(13) 
  10667575 1166.59 || noQ Q (Avg,Max,Min) (0.92, 1.00, 0.59) (0.69, 0.50, 0.86) #fs:  11  -- #Conts: 31 H(17)  G(14) 
  10667724 1150.82 || noQ Q (Avg,Max,Min) (0.92, 1.00, 0.59) (0.70, 0.50, 0.86) #fs:  11  -- #Conts: 31 H(16)  G(15) 
  10670627 1135.06 || noQ Q (Avg,Max,Min) (0.92, 1.00, 0.59) (0.71, 0.50, 0.86) #fs:  11  -- #Conts: 31 H(15)  G(16) 
  10673513 1119.29 || noQ Q (Avg,Max,Min) (0.92, 1.00, 0.59) (0.72, 0.50, 0.86) #fs:  11  -- #Conts: 31 H(14)  G(17) 
  10675287 1103.53 || noQ Q (Avg,Max,Min) (0.92, 1.00, 0.59) (0.74, 0.50, 0.86) #fs:  11  -- #Conts: 31 H(13)  G(18) 
  10676481 1072.00 || noQ Q (Avg,Max,Min) (0.92, 1.00, 0.59) (0.76, 0.50, 0.86) #fs:  11  -- #Conts: 31 H(11)  G(20) 
  10678358 1056.24 || noQ Q (Avg,Max,Min) (0.94, 1.01, 0.59) (0.76, 0.50, 0.86) #fs:  10  -- #Conts: 32 H(11)  G(21) 
  10687849 1040.47 || noQ Q (Avg,Max,Min) (0.95, 1.01, 0.59) (0.76, 0.50, 0.86) #fs:   9  -- #Conts: 33 H(11)  G(22) 
  10689455 1024.71 || noQ Q (Avg,Max,Min) (0.97, 1.01, 0.70) (0.77, 0.50, 0.86) #fs:   9  -- #Conts: 34 H(11)  G(23) 
  10713409 993.18 || noQ Q (Avg,Max,Min) (0.99, 1.01, 0.49) (0.76, 0.39, 0.88) #fs:   3  -- #Conts: 41 H(14)  G(27) 
  10716266 961.65 || noQ Q (Avg,Max,Min) (1.00, 1.01, 0.89) (0.76, 0.50, 0.89) #fs:   2  -- #Conts: 42 H(15)  G(27) 
  11947995 945.88 || noQ Q (Avg,Max,Min) (0.99, 1.01, 0.78) (0.78, 0.50, 0.87) #fs:   2  -- #Conts: 42 H(12)  G(30) 
  11968239 930.12 || noQ Q (Avg,Max,Min) (0.99, 1.01, 0.78) (0.79, 0.51, 0.87) #fs:   2  -- #Conts: 42 H(11)  G(31) 
  11979884 914.35 || noQ Q (Avg,Max,Min) (1.00, 1.01, 0.80) (0.80, 0.51, 0.87) #fs:   2  -- #Conts: 42 H(10)  G(32) 
  11985629 898.59 || noQ Q (Avg,Max,Min) (1.00, 1.01, 0.80) (0.81, 0.51, 0.87) #fs:   2  -- #Conts: 42 H(9)  G(33) 
  12026110 882.82 || noQ Q (Avg,Max,Min) (1.00, 1.01, 0.80) (0.82, 0.64, 0.88) #fs:   2  -- #Conts: 42 H(8)  G(34) 
  13256430 867.06 || noQ Q (Avg,Max,Min) (1.00, 1.01, 0.75) (0.82, 0.64, 0.87) #fs:   3  -- #Conts: 42 H(8)  G(34) 
  15604182 855.29 || noQ Q (Avg,Max,Min) (1.00, 1.04, 0.81) (0.82, 0.64, 0.88) #fs:   1  -- #Conts: 45 H(8)  G(36)  C(1) 
  15807032 838.12 || noQ Q (Avg,Max,Min) (1.00, 1.01, 0.78) (0.86, 0.57, 0.96) #fs:   1  -- #Conts: 44 H(10)  G(15)  E(19) 
  15813102 835.76 || noQ Q (Avg,Max,Min) (1.00, 1.01, 0.78) (0.86, 0.57, 0.96) #fs:   1  -- #Conts: 44 H(10)  G(14)  E(20) 
  15819805 833.41 || noQ Q (Avg,Max,Min) (1.00, 1.01, 0.78) (0.86, 0.57, 0.97) #fs:   1  -- #Conts: 44 H(10)  G(13)  E(21) 
  15832927 831.06 || noQ Q (Avg,Max,Min) (1.00, 1.01, 0.78) (0.86, 0.57, 0.97) #fs:   1  -- #Conts: 44 H(10)  G(12)  E(22) 
  16186525 828.71 || noQ Q (Avg,Max,Min) (1.00, 1.01, 0.73) (0.86, 0.54, 0.97) #fs:   1  -- #Conts: 43 H(9)  G(11)  E(23) 
  16198362 826.35 || noQ Q (Avg,Max,Min) (1.00, 1.01, 0.73) (0.86, 0.54, 0.97) #fs:   1  -- #Conts: 44 H(9)  G(11)  E(24) 
  16205420 824.00 || noQ Q (Avg,Max,Min) (1.00, 1.01, 0.73) (0.87, 0.54, 0.97) #fs:   1  -- #Conts: 44 H(9)  G(10)  E(25) 
  17037352 822.35 || noQ Q (Avg,Max,Min) (0.99, 1.01, 0.64) (0.86, 0.63, 0.96) #fs:   2  -- #Conts: 44 H(10)  G(15)  E(19) 
  17043422 820.00 || noQ Q (Avg,Max,Min) (0.99, 1.01, 0.64) (0.86, 0.63, 0.96) #fs:   2  -- #Conts: 44 H(10)  G(14)  E(20) 
  17050125 817.65 || noQ Q (Avg,Max,Min) (0.99, 1.01, 0.64) (0.86, 0.63, 0.97) #fs:   2  -- #Conts: 44 H(10)  G(13)  E(21) 
  17063247 815.29 || noQ Q (Avg,Max,Min) (0.99, 1.01, 0.64) (0.87, 0.63, 0.97) #fs:   2  -- #Conts: 44 H(10)  G(12)  E(22) 
  17416833 797.18 || noQ Q (Avg,Max,Min) (1.00, 1.02, 1.00) (0.88, 0.64, 0.97) #fs:   0  -- #Conts: 43 H(9)  G(11)  E(23) 
  17428670 794.82 || noQ Q (Avg,Max,Min) (1.00, 1.02, 1.00) (0.88, 0.64, 0.97) #fs:   0  -- #Conts: 44 H(9)  G(11)  E(24) 
  17435728 792.47 || noQ Q (Avg,Max,Min) (1.00, 1.02, 1.00) (0.88, 0.64, 0.97) #fs:   0  -- #Conts: 44 H(9)  G(10)  E(25) 
  18660343 791.53 || noQ Q (Avg,Max,Min) (1.00, 1.01, 0.78) (0.84, 0.57, 0.87) #fs:   1  -- #Conts: 44 H(2)  G(34)  E(8) 
  19890663 775.76 || noQ Q (Avg,Max,Min) (0.99, 1.01, 0.64) (0.84, 0.63, 0.87) #fs:   2  -- #Conts: 44 H(2)  G(34)  E(8) 
  22270235 764.00 || noQ Q (Avg,Max,Min) (1.00, 1.04, 1.00) (0.85, 0.77, 0.88) #fs:   0  -- #Conts: 46 H(1)  G(36)  E(8)  C(1) 
  22467160 746.82 || noQ Q (Avg,Max,Min) (0.99, 1.01, 0.78) (0.89, 0.57, 0.96) #fs:   4  -- #Conts: 33 H(2)  G(12)  E(19) 
  22468470 744.47 || noQ Q (Avg,Max,Min) (0.99, 1.01, 0.78) (0.89, 0.57, 0.96) #fs:   4  -- #Conts: 33 H(2)  G(11)  E(20) 
  22473803 742.12 || noQ Q (Avg,Max,Min) (1.00, 1.01, 0.78) (0.89, 0.57, 0.96) #fs:   4  -- #Conts: 34 H(2)  G(11)  E(21) 
  22481675 739.76 || noQ Q (Avg,Max,Min) (1.00, 1.01, 0.78) (0.90, 0.57, 0.96) #fs:   4  -- #Conts: 35 H(2)  G(11)  E(22) 
  22499664 737.41 || noQ Q (Avg,Max,Min) (1.00, 1.01, 0.78) (0.90, 0.57, 0.96) #fs:   5  -- #Conts: 36 H(2)  G(11)  E(23) 
  22853694 735.06 || noQ Q (Avg,Max,Min) (0.99, 1.01, 0.73) (0.89, 0.54, 0.96) #fs:   5  -- #Conts: 36 H(1)  G(11)  E(24) 
  22872148 732.71 || noQ Q (Avg,Max,Min) (0.99, 1.01, 0.73) (0.90, 0.54, 0.96) #fs:   5  -- #Conts: 36 H(1)  G(10)  E(25) 
  23697480 731.06 || noQ Q (Avg,Max,Min) (0.99, 1.01, 0.64) (0.89, 0.63, 0.96) #fs:   5  -- #Conts: 33 H(2)  G(12)  E(19) 
  23698790 728.71 || noQ Q (Avg,Max,Min) (0.99, 1.01, 0.64) (0.89, 0.63, 0.96) #fs:   5  -- #Conts: 33 H(2)  G(11)  E(20) 
  23704123 726.35 || noQ Q (Avg,Max,Min) (0.99, 1.01, 0.64) (0.89, 0.63, 0.96) #fs:   5  -- #Conts: 34 H(2)  G(11)  E(21) 
  23711995 724.00 || noQ Q (Avg,Max,Min) (0.99, 1.01, 0.64) (0.90, 0.63, 0.96) #fs:   5  -- #Conts: 35 H(2)  G(11)  E(22) 
  23729984 721.65 || noQ Q (Avg,Max,Min) (0.99, 1.01, 0.64) (0.90, 0.63, 0.96) #fs:   6  -- #Conts: 36 H(2)  G(11)  E(23) 
  24084002 703.53 || noQ Q (Avg,Max,Min) (1.00, 1.02, 0.99) (0.91, 0.85, 0.97) #fs:   4  -- #Conts: 36 H(1)  G(11)  E(24) 
  24102456 701.18 || noQ Q (Avg,Max,Min) (1.00, 1.02, 0.99) (0.91, 0.85, 0.97) #fs:   4  -- #Conts: 36 H(1)  G(10)  E(25) 
  31618128 693.76 || noQ Q (Avg,Max,Min) (1.00, 1.04, 0.99) (0.92, 0.53, 0.97) #fs:   4  -- #Conts: 36 G(6)  E(30) 
  31709454 691.41 || noQ Q (Avg,Max,Min) (1.00, 1.04, 0.99) (0.92, 0.53, 0.97) #fs:   4  -- #Conts: 36 G(5)  E(31) 
  31729009 689.06 || noQ Q (Avg,Max,Min) (1.00, 1.04, 0.99) (0.93, 0.53, 0.99) #fs:   4  -- #Conts: 36 G(4)  E(32) 
  31801059 684.71 || noQ Q (Avg,Max,Min) (1.00, 1.04, 0.89) (0.93, 0.86, 1.01) #fs:   5  -- #Conts: 36 G(6)  E(30) 
  31892385 682.35 || noQ Q (Avg,Max,Min) (1.00, 1.04, 0.89) (0.93, 0.86, 1.01) #fs:   5  -- #Conts: 36 G(5)  E(31) 
  31911940 680.00 || noQ Q (Avg,Max,Min) (1.00, 1.04, 0.89) (0.94, 0.86, 1.01) #fs:   5  -- #Conts: 36 G(4)  E(32) 
  32125119 679.65 || noQ Q (Avg,Max,Min) (1.00, 1.04, 0.99) (0.91, 0.15, 1.01) #fs:   4  -- #Conts: 37 G(5)  E(31)  C(1) 
  32144674 677.29 || noQ Q (Avg,Max,Min) (1.00, 1.04, 0.99) (0.92, 0.15, 1.01) #fs:   4  -- #Conts: 37 G(4)  E(32)  C(1) 
  34022668 676.65 || noQ Q (Avg,Max,Min) (1.00, 1.04, 0.99) (0.93, 0.68, 1.01) #fs:   4  -- #Conts: 37 G(5)  A(1)  E(31) 
  34042223 674.29 || noQ Q (Avg,Max,Min) (1.00, 1.04, 0.99) (0.93, 0.68, 1.01) #fs:   4  -- #Conts: 37 G(4)  A(1)  E(32) 
  38450495 671.94 || noQ Q (Avg,Max,Min) (1.00, 1.00, 0.99) (0.93, 0.68, 1.00) #fs:   4  -- #Conts: 36 G(3)  A(1)  E(32) 
  43479561 670.59 || noQ Q (Avg,Max,Min) (1.00, 1.02, 0.93) (0.92, 0.70, 0.99) #fs:   4  -- #Conts: 32 G(8)  E(22)  C(2) 
  43531811 670.35 || noQ Q (Avg,Max,Min) (1.00, 1.02, 1.00) (0.93, 0.70, 0.99) #fs:   0  -- #Conts: 39 G(8)  E(27)  C(4) 
  44736537 670.24 || noQ Q (Avg,Max,Min) (1.00, 1.02, 1.00) (0.93, 0.78, 0.99) #fs:   0  -- #Conts: 35 G(8)  E(25)  C(2) 
  45805272 668.94 || noQ Q (Avg,Max,Min) (1.00, 1.02, 1.00) (0.93, 0.77, 0.99) #fs:   0  -- #Conts: 37 G(8)  E(26)  C(3) 
  45895467 667.53 || noQ Q (Avg,Max,Min) (1.00, 1.02, 1.00) (0.93, 0.77, 0.99) #fs:   0  -- #Conts: 36 G(8)  E(25)  C(3) 
  46421977 666.24 || noQ Q (Avg,Max,Min) (1.00, 1.04, 1.00) (0.94, 0.53, 0.99) #fs:   0  -- #Conts: 35 G(3)  E(30)  C(2) 
  46512172 664.82 || noQ Q (Avg,Max,Min) (1.00, 1.04, 1.00) (0.95, 0.53, 1.00) #fs:   0  -- #Conts: 34 G(3)  E(29)  C(2) 
  46513303 663.88 || noQ Q (Avg,Max,Min) (1.00, 1.04, 1.00) (0.95, 0.53, 0.99) #fs:   0  -- #Conts: 35 G(2)  E(31)  C(2) 
  46532858 661.53 || noQ Q (Avg,Max,Min) (1.00, 1.04, 1.00) (0.95, 0.53, 0.99) #fs:   0  -- #Conts: 35 G(1)  E(32)  C(2) 
  46604908 657.18 || noQ Q (Avg,Max,Min) (1.00, 1.04, 1.00) (0.93, 0.09, 1.01) #fs:   0  -- #Conts: 36 G(3)  E(31)  C(2) 
  46695103 655.76 || noQ Q (Avg,Max,Min) (1.00, 1.04, 1.00) (0.94, 0.09, 1.01) #fs:   0  -- #Conts: 35 G(3)  E(30)  C(2) 
  46696234 654.82 || noQ Q (Avg,Max,Min) (1.00, 1.04, 1.00) (0.94, 0.09, 1.01) #fs:   0  -- #Conts: 36 G(2)  E(32)  C(2) 
  46715789 652.47 || noQ Q (Avg,Max,Min) (1.00, 1.04, 1.00) (0.94, 0.09, 1.01) #fs:   0  -- #Conts: 36 G(1)  E(33)  C(2) 
  46805984 651.06 || noQ Q (Avg,Max,Min) (1.00, 1.04, 1.00) (0.94, 0.09, 1.01) #fs:   0  -- #Conts: 35 G(1)  E(32)  C(2) 
  46948523 649.76 || noQ Q (Avg,Max,Min) (1.00, 1.04, 1.00) (0.94, 0.15, 1.01) #fs:   0  -- #Conts: 36 G(1)  E(32)  C(3) 
  47038718 648.35 || noQ Q (Avg,Max,Min) (1.00, 1.04, 1.00) (0.94, 0.15, 1.01) #fs:   0  -- #Conts: 35 G(1)  E(31)  C(3) 
  48846072 646.76 || noQ Q (Avg,Max,Min) (1.00, 1.04, 1.00) (0.96, 0.68, 1.01) #fs:   0  -- #Conts: 36 G(1)  A(1)  E(32)  C(2) 
  48936267 645.35 || noQ Q (Avg,Max,Min) (1.00, 1.04, 1.00) (0.96, 0.68, 1.01) #fs:   0  -- #Conts: 35 G(1)  A(1)  E(31)  C(2) 
/////////////////size: 91
nodes 50 edges 108
 mulT: 5000 mulD: 100  sumData GB 93
pareto /MONTAGE.n.50.0.dax time -> 2808.0
moheft /MONTAGE.n.50.0.dax time -> 2413.0
distance from M to C 2.4162782400381415
distance from P to C 1.112565616685772
distance from C to M 2.1652892353655755
distance from C to P 2.5733920589134898
toCompare: /MONTAGE.n.50.0.dax sumDataGB: 93 mulT: 5000 mulD: 100 paretoOptTime_MS: 2808.0 MoheftOptimizationTime_MS: 2413.0 MtoC 2.4162782400381415 PtoC 1.112565616685772 CtoM 2.1652892353655755 CtoP 2.5733920589134898
