specify -Dflow d,b,mt,md,size
Running /home/vaggelis/jc/SIPHT.n.100.0.dax mt 5000 md: 1 size null
 766969720 29353.88 || noQ Q (Avg,Max,Min) (0.97, 1.00, 0.68) (0.95, 0.68, 1.00) #fs:   2  -- #Conts: 11 H(11) 
 766969729 27178.35 || noQ Q (Avg,Max,Min) (1.00, 1.00, 1.00) (0.98, 0.92, 1.00) #fs:   1  -- #Conts: 11 H(11) 
1075864905 27146.82 || noQ Q (Avg,Max,Min) (1.00, 1.00, 1.00) (0.98, 0.93, 1.00) #fs:   0  -- #Conts: 8 H(8) 
1302538121 23599.76 || noQ Q (Avg,Max,Min) (0.99, 1.00, 0.89) (0.96, 0.82, 1.00) #fs:   4  -- #Conts: 17 H(1)  G(16) 
1314460461 23300.24 || noQ Q (Avg,Max,Min) (0.99, 1.00, 0.89) (0.96, 0.82, 1.00) #fs:   4  -- #Conts: 17 G(17) 
2973779625 22399.65 || noQ Q (Avg,Max,Min) (0.99, 1.00, 0.85) (0.91, 0.75, 1.00) #fs:   2  -- #Conts: 26 G(1)  E(25) 
3054987930 22323.88 || noQ Q (Avg,Max,Min) (0.99, 1.00, 0.85) (0.91, 0.75, 1.00) #fs:   2  -- #Conts: 26 E(26) 
3056273304 22317.18 || noQ Q (Avg,Max,Min) (0.99, 1.00, 0.85) (0.91, 0.75, 1.00) #fs:   2  -- #Conts: 26 E(26) 
4167064398 21209.76 || noQ Q (Avg,Max,Min) (0.99, 1.00, 0.65) (0.88, 0.65, 1.00) #fs:   2  -- #Conts: 38 E(1)  C(37) 
4279403612 18589.00 || noQ Q (Avg,Max,Min) (1.00, 1.00, 0.91) (0.89, 0.70, 1.00) #fs:   2  -- #Conts: 38 A(1)  C(37) 
6452301097 7650.00 || noQ Q (Avg,Max,Min) (1.00, 1.00, 0.97) (0.98, 0.89, 1.00) #fs:   6  -- #Conts: 41 A(41) 
7905601274 7649.00 || noQ Q (Avg,Max,Min) (1.00, 1.00, 0.97) (0.98, 0.89, 1.00) #fs:   3  -- #Conts: 35 A(35) 
/////////////////size: 12
 766969724 26829.71 || noQ Q (Avg,Max,Min) (1.00, 1.00, 0.99) (0.99, 0.92, 1.00) #fs:   1  -- #Conts: 14 H(6)  G(2)  A(2)  E(2)  C(2) 
 766969727 26739.12 || noQ Q (Avg,Max,Min) (1.00, 1.00, 0.97) (0.97, 0.62, 1.00) #fs:   1  -- #Conts: 15 H(6)  G(2)  A(2)  E(2)  C(3) 
 767133462 26738.12 || noQ Q (Avg,Max,Min) (1.00, 1.00, 1.00) (0.97, 0.62, 1.00) #fs:   0  -- #Conts: 15 H(6)  G(2)  A(2)  E(2)  C(3) 
 767357976 26736.12 || noQ Q (Avg,Max,Min) (1.00, 1.00, 1.00) (0.97, 0.62, 1.00) #fs:   0  -- #Conts: 14 H(6)  G(2)  A(1)  E(2)  C(3) 
 767376905 26722.35 || noQ Q (Avg,Max,Min) (1.00, 1.00, 1.00) (0.92, 0.16, 1.00) #fs:   0  -- #Conts: 16 H(6)  G(3)  A(2)  E(2)  C(3) 
 767761685 26720.35 || noQ Q (Avg,Max,Min) (1.00, 1.00, 1.00) (0.92, 0.27, 1.00) #fs:   0  -- #Conts: 15 H(6)  G(3)  A(1)  E(2)  C(3) 
 768110517 26713.29 || noQ Q (Avg,Max,Min) (1.00, 1.00, 1.00) (0.93, 0.37, 1.00) #fs:   0  -- #Conts: 16 H(6)  G(2)  A(2)  E(3)  C(3) 
 768978319 26711.29 || noQ Q (Avg,Max,Min) (1.00, 1.00, 1.00) (0.95, 0.61, 1.00) #fs:   0  -- #Conts: 15 H(6)  G(2)  A(1)  E(3)  C(3) 
 769069953 26710.59 || noQ Q (Avg,Max,Min) (1.00, 1.00, 1.00) (0.95, 0.62, 1.00) #fs:   0  -- #Conts: 16 H(6)  G(2)  A(2)  E(2)  C(4) 
 769395908 26709.29 || noQ Q (Avg,Max,Min) (1.00, 1.00, 1.00) (0.97, 0.72, 1.00) #fs:   0  -- #Conts: 15 H(6)  G(2)  A(2)  E(3)  C(2) 
 770099946 26708.29 || noQ Q (Avg,Max,Min) (1.00, 1.00, 1.00) (0.99, 0.96, 1.00) #fs:   0  -- #Conts: 14 H(6)  G(2)  A(1)  E(3)  C(2) 
 770263710 26707.29 || noQ Q (Avg,Max,Min) (1.00, 1.00, 1.00) (0.99, 0.96, 1.00) #fs:   0  -- #Conts: 14 H(6)  G(2)  A(1)  E(3)  C(2) 
 820279361 26581.59 || noQ Q (Avg,Max,Min) (1.00, 1.00, 1.00) (0.99, 0.91, 1.00) #fs:   0  -- #Conts: 19 H(8)  G(4)  A(3)  E(2)  C(2) 
 820407649 26580.59 || noQ Q (Avg,Max,Min) (1.00, 1.00, 1.00) (0.99, 0.91, 1.00) #fs:   0  -- #Conts: 19 H(8)  G(4)  A(3)  E(2)  C(2) 
 820444787 26579.59 || noQ Q (Avg,Max,Min) (1.00, 1.00, 1.00) (0.99, 0.91, 1.00) #fs:   0  -- #Conts: 19 H(8)  G(4)  A(3)  E(2)  C(2) 
 820559576 26578.59 || noQ Q (Avg,Max,Min) (1.00, 1.00, 1.00) (0.99, 0.91, 1.00) #fs:   0  -- #Conts: 19 H(8)  G(4)  A(3)  E(2)  C(2) 
 820740198 26577.59 || noQ Q (Avg,Max,Min) (1.00, 1.00, 1.00) (0.99, 0.94, 1.00) #fs:   0  -- #Conts: 18 H(8)  G(4)  A(2)  E(2)  C(2) 
 820777336 26576.59 || noQ Q (Avg,Max,Min) (1.00, 1.00, 1.00) (0.99, 0.94, 1.00) #fs:   0  -- #Conts: 18 H(8)  G(4)  A(2)  E(2)  C(2) 
 820892125 26575.59 || noQ Q (Avg,Max,Min) (1.00, 1.00, 1.00) (0.99, 0.94, 1.00) #fs:   0  -- #Conts: 18 H(8)  G(4)  A(2)  E(2)  C(2) 
 821044052 26574.59 || noQ Q (Avg,Max,Min) (1.00, 1.00, 1.00) (0.99, 0.91, 1.00) #fs:   0  -- #Conts: 18 H(8)  G(4)  A(2)  E(2)  C(2) 
 821118327 26573.59 || noQ Q (Avg,Max,Min) (1.00, 1.00, 1.00) (0.99, 0.94, 1.00) #fs:   0  -- #Conts: 17 H(8)  G(4)  A(1)  E(2)  C(2) 
 821233116 26572.59 || noQ Q (Avg,Max,Min) (1.00, 1.00, 1.00) (0.99, 0.94, 1.00) #fs:   0  -- #Conts: 17 H(8)  G(4)  A(1)  E(2)  C(2) 
 821376603 26571.59 || noQ Q (Avg,Max,Min) (1.00, 1.00, 1.00) (0.99, 0.94, 1.00) #fs:   0  -- #Conts: 17 H(8)  G(4)  A(1)  E(2)  C(2) 
 821504898 26570.59 || noQ Q (Avg,Max,Min) (1.00, 1.00, 1.00) (0.99, 0.94, 1.00) #fs:   0  -- #Conts: 18 H(8)  G(4)  A(2)  E(2)  C(2) 
 821609567 26569.59 || noQ Q (Avg,Max,Min) (1.00, 1.00, 1.00) (0.99, 0.94, 1.00) #fs:   0  -- #Conts: 17 H(8)  G(4)  A(1)  E(2)  C(2) 
 821724347 26568.59 || noQ Q (Avg,Max,Min) (1.00, 1.00, 1.00) (0.99, 0.94, 1.00) #fs:   0  -- #Conts: 17 H(8)  G(4)  A(1)  E(2)  C(2) 
 821845889 26567.59 || noQ Q (Avg,Max,Min) (1.00, 1.00, 1.00) (0.99, 0.94, 1.00) #fs:   0  -- #Conts: 17 H(8)  G(4)  A(1)  E(2)  C(2) 
 821960678 26566.59 || noQ Q (Avg,Max,Min) (1.00, 1.00, 1.00) (0.99, 0.94, 1.00) #fs:   0  -- #Conts: 17 H(8)  G(4)  A(1)  E(2)  C(2) 
 822104165 26565.59 || noQ Q (Avg,Max,Min) (1.00, 1.00, 1.00) (0.99, 0.94, 1.00) #fs:   0  -- #Conts: 17 H(8)  G(4)  A(1)  E(2)  C(2) 
 822217275 26564.59 || noQ Q (Avg,Max,Min) (1.00, 1.00, 1.00) (1.00, 0.94, 1.00) #fs:   0  -- #Conts: 17 H(8)  G(4)  A(1)  E(2)  C(2) 
 822332055 26563.59 || noQ Q (Avg,Max,Min) (1.00, 1.00, 1.00) (1.00, 0.94, 1.00) #fs:   0  -- #Conts: 17 H(8)  G(4)  A(1)  E(2)  C(2) 
 822492432 26562.59 || noQ Q (Avg,Max,Min) (1.00, 1.00, 1.00) (0.99, 0.91, 1.00) #fs:   0  -- #Conts: 18 H(8)  G(4)  A(2)  E(2)  C(2) 
 822586964 26561.59 || noQ Q (Avg,Max,Min) (1.00, 1.00, 1.00) (1.00, 0.94, 1.00) #fs:   0  -- #Conts: 17 H(8)  G(4)  A(1)  E(2)  C(2) 
 822701744 26560.59 || noQ Q (Avg,Max,Min) (1.00, 1.00, 1.00) (1.00, 0.94, 1.00) #fs:   0  -- #Conts: 17 H(8)  G(4)  A(1)  E(2)  C(2) 
 822824983 26559.59 || noQ Q (Avg,Max,Min) (1.00, 1.00, 1.00) (1.00, 0.94, 1.00) #fs:   0  -- #Conts: 17 H(8)  G(4)  A(1)  E(2)  C(2) 
 822936386 26558.59 || noQ Q (Avg,Max,Min) (1.00, 1.00, 1.00) (1.00, 0.94, 1.00) #fs:   0  -- #Conts: 17 H(8)  G(4)  A(1)  E(2)  C(2) 
 823051175 26557.59 || noQ Q (Avg,Max,Min) (1.00, 1.00, 1.00) (1.00, 0.94, 1.00) #fs:   0  -- #Conts: 17 H(8)  G(4)  A(1)  E(2)  C(2) 
 823194662 26556.59 || noQ Q (Avg,Max,Min) (1.00, 1.00, 1.00) (1.00, 0.94, 1.00) #fs:   0  -- #Conts: 17 H(8)  G(4)  A(1)  E(2)  C(2) 
 823311149 26555.59 || noQ Q (Avg,Max,Min) (1.00, 1.00, 1.00) (1.00, 0.94, 1.00) #fs:   0  -- #Conts: 17 H(8)  G(4)  A(1)  E(2)  C(2) 
 823420865 26554.59 || noQ Q (Avg,Max,Min) (1.00, 1.00, 1.00) (1.00, 0.94, 1.00) #fs:   0  -- #Conts: 17 H(8)  G(4)  A(1)  E(2)  C(2) 
 823535654 26553.59 || noQ Q (Avg,Max,Min) (1.00, 1.00, 1.00) (1.00, 0.94, 1.00) #fs:   0  -- #Conts: 17 H(8)  G(4)  A(1)  E(2)  C(2) 
 840188030 26354.71 || noQ Q (Avg,Max,Min) (1.00, 1.00, 1.00) (0.99, 0.91, 1.00) #fs:   0  -- #Conts: 18 H(7)  G(4)  A(3)  E(2)  C(2) 
 840353456 26351.65 || noQ Q (Avg,Max,Min) (1.00, 1.00, 1.00) (0.99, 0.91, 1.00) #fs:   0  -- #Conts: 18 H(7)  G(3)  A(3)  E(3)  C(2) 
 840468245 26350.65 || noQ Q (Avg,Max,Min) (1.00, 1.00, 1.00) (0.99, 0.91, 1.00) #fs:   0  -- #Conts: 18 H(7)  G(3)  A(3)  E(3)  C(2) 
 840686005 26348.65 || noQ Q (Avg,Max,Min) (1.00, 1.00, 1.00) (0.99, 0.94, 1.00) #fs:   0  -- #Conts: 17 H(7)  G(3)  A(2)  E(3)  C(2) 
 840800794 26347.65 || noQ Q (Avg,Max,Min) (1.00, 1.00, 1.00) (0.99, 0.94, 1.00) #fs:   0  -- #Conts: 17 H(7)  G(3)  A(2)  E(3)  C(2) 
 840944297 26346.65 || noQ Q (Avg,Max,Min) (1.00, 1.00, 1.00) (0.99, 0.94, 1.00) #fs:   0  -- #Conts: 17 H(7)  G(3)  A(2)  E(3)  C(2) 
 841026996 26345.65 || noQ Q (Avg,Max,Min) (1.00, 1.00, 1.00) (1.00, 0.99, 1.00) #fs:   0  -- #Conts: 16 H(7)  G(3)  A(1)  E(3)  C(2) 
 841141785 26344.65 || noQ Q (Avg,Max,Min) (1.00, 1.00, 1.00) (1.00, 0.99, 1.00) #fs:   0  -- #Conts: 16 H(7)  G(3)  A(1)  E(3)  C(2) 
 841285272 26343.65 || noQ Q (Avg,Max,Min) (1.00, 1.00, 1.00) (1.00, 0.99, 1.00) #fs:   0  -- #Conts: 16 H(7)  G(3)  A(1)  E(3)  C(2) 
 853209663 26276.29 || noQ Q (Avg,Max,Min) (1.00, 1.00, 1.00) (0.99, 0.92, 1.00) #fs:   0  -- #Conts: 16 H(7)  G(3)  A(3)  E(2)  C(1) 
 853434177 26274.29 || noQ Q (Avg,Max,Min) (1.00, 1.00, 1.00) (1.00, 0.97, 1.00) #fs:   0  -- #Conts: 15 H(7)  G(3)  A(2)  E(2)  C(1) 
 868961036 26051.82 || noQ Q (Avg,Max,Min) (1.00, 1.00, 1.00) (0.93, 0.11, 1.00) #fs:   0  -- #Conts: 19 H(6)  G(6)  A(3)  E(2)  C(2) 
 868974530 26050.82 || noQ Q (Avg,Max,Min) (1.00, 1.00, 1.00) (0.97, 0.62, 1.00) #fs:   0  -- #Conts: 18 H(6)  G(6)  A(2)  E(2)  C(2) 
 869185550 26049.82 || noQ Q (Avg,Max,Min) (1.00, 1.00, 1.00) (0.93, 0.11, 1.00) #fs:   0  -- #Conts: 18 H(6)  G(6)  A(2)  E(2)  C(2) 
 869199044 26048.82 || noQ Q (Avg,Max,Min) (1.00, 1.00, 1.00) (0.98, 0.62, 1.00) #fs:   0  -- #Conts: 17 H(6)  G(6)  A(1)  E(2)  C(2) 
 869293587 26047.82 || noQ Q (Avg,Max,Min) (1.00, 1.00, 1.00) (0.94, 0.11, 1.00) #fs:   0  -- #Conts: 18 H(6)  G(6)  A(3)  E(2)  C(1) 
 869307081 26046.82 || noQ Q (Avg,Max,Min) (1.00, 1.00, 1.00) (0.99, 0.92, 1.00) #fs:   0  -- #Conts: 17 H(6)  G(6)  A(2)  E(2)  C(1) 
 869450559 26045.82 || noQ Q (Avg,Max,Min) (1.00, 1.00, 1.00) (0.99, 0.92, 1.00) #fs:   0  -- #Conts: 17 H(6)  G(6)  A(2)  E(2)  C(1) 
 869531595 26044.82 || noQ Q (Avg,Max,Min) (1.00, 1.00, 1.00) (1.00, 0.99, 1.00) #fs:   0  -- #Conts: 16 H(6)  G(6)  A(1)  E(2)  C(1) 
 869675073 26043.82 || noQ Q (Avg,Max,Min) (1.00, 1.00, 1.00) (1.00, 0.99, 1.00) #fs:   0  -- #Conts: 16 H(6)  G(6)  A(1)  E(2)  C(1) 
 869840514 26042.82 || noQ Q (Avg,Max,Min) (1.00, 1.00, 1.00) (1.00, 0.99, 1.00) #fs:   0  -- #Conts: 16 H(6)  G(6)  A(1)  E(2)  C(1) 
 870007634 26041.82 || noQ Q (Avg,Max,Min) (1.00, 1.00, 1.00) (1.00, 0.99, 1.00) #fs:   0  -- #Conts: 16 H(6)  G(6)  A(1)  E(2)  C(1) 
 870036331 26040.82 || noQ Q (Avg,Max,Min) (1.00, 1.00, 1.00) (1.00, 0.99, 1.00) #fs:   0  -- #Conts: 16 H(6)  G(6)  A(1)  E(2)  C(1) 
 870188258 26039.82 || noQ Q (Avg,Max,Min) (1.00, 1.00, 1.00) (1.00, 0.99, 1.00) #fs:   0  -- #Conts: 16 H(6)  G(6)  A(1)  E(2)  C(1) 
 870373947 26038.82 || noQ Q (Avg,Max,Min) (1.00, 1.00, 1.00) (1.00, 0.98, 1.00) #fs:   0  -- #Conts: 16 H(6)  G(6)  A(1)  E(2)  C(1) 
 870400956 26037.82 || noQ Q (Avg,Max,Min) (1.00, 1.00, 1.00) (1.00, 0.99, 1.00) #fs:   0  -- #Conts: 16 H(6)  G(6)  A(1)  E(2)  C(1) 
 870568076 26036.82 || noQ Q (Avg,Max,Min) (1.00, 1.00, 1.00) (1.00, 0.99, 1.00) #fs:   0  -- #Conts: 16 H(6)  G(6)  A(1)  E(2)  C(1) 
 870748700 26035.82 || noQ Q (Avg,Max,Min) (1.00, 1.00, 1.00) (0.95, 0.11, 1.00) #fs:   0  -- #Conts: 17 H(6)  G(6)  A(2)  E(2)  C(1) 
 870762205 26034.82 || noQ Q (Avg,Max,Min) (1.00, 1.00, 1.00) (1.00, 0.99, 1.00) #fs:   0  -- #Conts: 16 H(6)  G(6)  A(1)  E(2)  C(1) 
 870963086 26033.82 || noQ Q (Avg,Max,Min) (1.00, 1.00, 1.00) (1.00, 0.99, 1.00) #fs:   0  -- #Conts: 16 H(6)  G(6)  A(1)  E(2)  C(1) 
 883182766 26033.65 || noQ Q (Avg,Max,Min) (1.00, 1.00, 1.00) (0.97, 0.63, 1.00) #fs:   0  -- #Conts: 18 H(6)  G(3)  A(3)  E(5)  C(1) 
 883983071 26032.65 || noQ Q (Avg,Max,Min) (1.00, 1.00, 1.00) (0.99, 0.91, 1.00) #fs:   0  -- #Conts: 18 H(6)  G(3)  A(4)  E(5) 
 903731550 25971.88 || noQ Q (Avg,Max,Min) (1.00, 1.00, 1.00) (0.99, 0.92, 1.00) #fs:   0  -- #Conts: 14 H(6)  G(3)  A(2)  E(2)  C(1) 
 903956064 25969.88 || noQ Q (Avg,Max,Min) (1.00, 1.00, 1.00) (0.99, 0.91, 1.00) #fs:   0  -- #Conts: 14 H(6)  G(3)  A(2)  E(2)  C(1) 
 910707373 25968.88 || noQ Q (Avg,Max,Min) (1.00, 1.00, 1.00) (0.98, 0.91, 1.00) #fs:   0  -- #Conts: 15 H(6)  G(3)  A(3)  E(2)  C(1) 
 958058232 25900.65 || noQ Q (Avg,Max,Min) (1.00, 1.00, 1.00) (0.98, 0.92, 1.00) #fs:   0  -- #Conts: 16 H(6)  G(3)  A(2)  E(3)  C(2) 
 958201710 25899.65 || noQ Q (Avg,Max,Min) (1.00, 1.00, 1.00) (0.98, 0.92, 1.00) #fs:   0  -- #Conts: 16 H(6)  G(3)  A(2)  E(3)  C(2) 
 958282746 25898.65 || noQ Q (Avg,Max,Min) (1.00, 1.00, 1.00) (0.98, 0.91, 1.00) #fs:   0  -- #Conts: 16 H(6)  G(3)  A(2)  E(3)  C(2) 
 958390783 25897.65 || noQ Q (Avg,Max,Min) (1.00, 1.00, 1.00) (0.99, 0.92, 1.00) #fs:   0  -- #Conts: 16 H(6)  G(3)  A(2)  E(3)  C(2) 
 958534261 25896.65 || noQ Q (Avg,Max,Min) (1.00, 1.00, 1.00) (0.99, 0.92, 1.00) #fs:   0  -- #Conts: 16 H(6)  G(3)  A(2)  E(3)  C(2) 
 958615297 25895.65 || noQ Q (Avg,Max,Min) (1.00, 1.00, 1.00) (0.99, 0.92, 1.00) #fs:   0  -- #Conts: 15 H(6)  G(3)  A(1)  E(3)  C(2) 
 958758775 25894.65 || noQ Q (Avg,Max,Min) (1.00, 1.00, 1.00) (0.99, 0.92, 1.00) #fs:   0  -- #Conts: 15 H(6)  G(3)  A(1)  E(3)  C(2) 
 958924214 25893.65 || noQ Q (Avg,Max,Min) (1.00, 1.00, 1.00) (0.99, 0.92, 1.00) #fs:   0  -- #Conts: 15 H(6)  G(3)  A(1)  E(3)  C(2) 
 958976535 25892.65 || noQ Q (Avg,Max,Min) (1.00, 1.00, 1.00) (0.99, 0.92, 1.00) #fs:   0  -- #Conts: 15 H(6)  G(3)  A(1)  E(3)  C(2) 
 959120031 25891.65 || noQ Q (Avg,Max,Min) (1.00, 1.00, 1.00) (0.99, 0.92, 1.00) #fs:   0  -- #Conts: 15 H(6)  G(3)  A(1)  E(3)  C(2) 
 959271958 25890.65 || noQ Q (Avg,Max,Min) (1.00, 1.00, 1.00) (0.99, 0.92, 1.00) #fs:   0  -- #Conts: 15 H(6)  G(3)  A(1)  E(3)  C(2) 
 959341160 25889.65 || noQ Q (Avg,Max,Min) (1.00, 1.00, 1.00) (0.99, 0.92, 1.00) #fs:   0  -- #Conts: 15 H(6)  G(3)  A(1)  E(3)  C(2) 
 959484656 25888.65 || noQ Q (Avg,Max,Min) (1.00, 1.00, 1.00) (0.99, 0.92, 1.00) #fs:   0  -- #Conts: 15 H(6)  G(3)  A(1)  E(3)  C(2) 
 959651776 25887.65 || noQ Q (Avg,Max,Min) (1.00, 1.00, 1.00) (0.99, 0.92, 1.00) #fs:   0  -- #Conts: 15 H(6)  G(3)  A(1)  E(3)  C(2) 
 959702409 25886.65 || noQ Q (Avg,Max,Min) (1.00, 1.00, 1.00) (0.99, 0.92, 1.00) #fs:   0  -- #Conts: 15 H(6)  G(3)  A(1)  E(3)  C(2) 
 959845905 25885.65 || noQ Q (Avg,Max,Min) (1.00, 1.00, 1.00) (0.99, 0.92, 1.00) #fs:   0  -- #Conts: 15 H(6)  G(3)  A(1)  E(3)  C(2) 
 959986006 25884.65 || noQ Q (Avg,Max,Min) (1.00, 1.00, 1.00) (0.98, 0.91, 1.00) #fs:   0  -- #Conts: 16 H(6)  G(3)  A(2)  E(3)  C(2) 
 991297429 25496.18 || noQ Q (Avg,Max,Min) (1.00, 1.00, 1.00) (0.88, 0.11, 1.00) #fs:   0  -- #Conts: 19 H(5)  G(5)  A(2)  E(6)  C(1) 
 991629963 25489.47 || noQ Q (Avg,Max,Min) (1.00, 1.00, 1.00) (0.91, 0.11, 1.00) #fs:   0  -- #Conts: 18 H(5)  G(5)  A(2)  E(5)  C(1) 
 991651917 25488.47 || noQ Q (Avg,Max,Min) (1.00, 1.00, 1.00) (0.96, 0.36, 1.00) #fs:   0  -- #Conts: 17 H(5)  G(5)  A(1)  E(5)  C(1) 
 991766697 25487.47 || noQ Q (Avg,Max,Min) (0.98, 1.00, 0.69) (0.96, 0.37, 1.00) #fs:   1  -- #Conts: 17 H(5)  G(5)  A(1)  E(5)  C(1) 
 991780211 25484.76 || noQ Q (Avg,Max,Min) (1.00, 1.00, 1.00) (0.97, 0.62, 1.00) #fs:   0  -- #Conts: 17 H(5)  G(5)  A(1)  E(4)  C(2) 
 991817358 25483.76 || noQ Q (Avg,Max,Min) (1.00, 1.00, 1.00) (0.97, 0.62, 1.00) #fs:   0  -- #Conts: 17 H(5)  G(5)  A(1)  E(4)  C(2) 
 991918624 25482.76 || noQ Q (Avg,Max,Min) (1.00, 1.00, 1.00) (0.97, 0.64, 1.00) #fs:   0  -- #Conts: 17 H(5)  G(5)  A(1)  E(4)  C(2) 
 991984468 25481.76 || noQ Q (Avg,Max,Min) (1.00, 1.00, 1.00) (0.99, 0.95, 1.00) #fs:   0  -- #Conts: 16 H(5)  G(5)  A(1)  E(4)  C(1) 
 992112762 25480.76 || noQ Q (Avg,Max,Min) (1.00, 1.00, 1.00) (0.99, 0.95, 1.00) #fs:   0  -- #Conts: 16 H(5)  G(5)  A(1)  E(4)  C(1) 
 992149909 25479.76 || noQ Q (Avg,Max,Min) (1.00, 1.00, 1.00) (1.00, 0.95, 1.00) #fs:   0  -- #Conts: 16 H(5)  G(5)  A(1)  E(4)  C(1) 
 992264689 25478.76 || noQ Q (Avg,Max,Min) (1.00, 1.00, 1.00) (1.00, 0.95, 1.00) #fs:   0  -- #Conts: 16 H(5)  G(5)  A(1)  E(4)  C(1) 
 992408176 25477.76 || noQ Q (Avg,Max,Min) (1.00, 1.00, 1.00) (1.00, 0.95, 1.00) #fs:   0  -- #Conts: 16 H(5)  G(5)  A(1)  E(4)  C(1) 
1009920484 25477.65 || noQ Q (Avg,Max,Min) (1.00, 1.00, 1.00) (0.97, 0.62, 1.00) #fs:   0  -- #Conts: 19 H(5)  G(3)  A(3)  E(6)  C(2) 
1010007084 25476.65 || noQ Q (Avg,Max,Min) (1.00, 1.00, 1.00) (0.98, 0.91, 1.00) #fs:   0  -- #Conts: 19 H(5)  G(3)  A(4)  E(6)  C(1) 
1051896097 25235.53 || noQ Q (Avg,Max,Min) (1.00, 1.00, 1.00) (0.97, 0.62, 1.00) #fs:   0  -- #Conts: 16 H(5)  G(5)  A(1)  E(3)  C(2) 
1052228631 25231.53 || noQ Q (Avg,Max,Min) (1.00, 1.00, 1.00) (0.97, 0.63, 1.00) #fs:   0  -- #Conts: 16 H(5)  G(5)  A(1)  E(3)  C(2) 
1052250585 25230.53 || noQ Q (Avg,Max,Min) (1.00, 1.00, 1.00) (0.99, 0.91, 1.00) #fs:   0  -- #Conts: 16 H(5)  G(5)  A(2)  E(3)  C(1) 
1052372136 25229.53 || noQ Q (Avg,Max,Min) (1.00, 1.00, 1.00) (0.97, 0.63, 1.00) #fs:   0  -- #Conts: 16 H(5)  G(5)  A(1)  E(3)  C(2) 
1052537575 25228.53 || noQ Q (Avg,Max,Min) (1.00, 1.00, 1.00) (0.97, 0.63, 1.00) #fs:   0  -- #Conts: 16 H(5)  G(5)  A(1)  E(3)  C(2) 
1052569622 25227.53 || noQ Q (Avg,Max,Min) (1.00, 1.00, 1.00) (0.99, 0.94, 1.00) #fs:   0  -- #Conts: 15 H(5)  G(5)  A(1)  E(3)  C(1) 
1052713111 25225.53 || noQ Q (Avg,Max,Min) (1.00, 1.00, 1.00) (0.99, 0.94, 1.00) #fs:   0  -- #Conts: 15 H(5)  G(5)  A(1)  E(3)  C(1) 
1052878550 25224.53 || noQ Q (Avg,Max,Min) (1.00, 1.00, 1.00) (0.99, 0.94, 1.00) #fs:   0  -- #Conts: 15 H(5)  G(5)  A(1)  E(3)  C(1) 
1053045670 25223.53 || noQ Q (Avg,Max,Min) (1.00, 1.00, 1.00) (0.99, 0.94, 1.00) #fs:   0  -- #Conts: 15 H(5)  G(5)  A(1)  E(3)  C(1) 
1053082807 25222.53 || noQ Q (Avg,Max,Min) (1.00, 1.00, 1.00) (0.99, 0.94, 1.00) #fs:   0  -- #Conts: 15 H(5)  G(5)  A(1)  E(3)  C(1) 
1053226294 25221.53 || noQ Q (Avg,Max,Min) (1.00, 1.00, 1.00) (0.99, 0.94, 1.00) #fs:   0  -- #Conts: 15 H(5)  G(5)  A(1)  E(3)  C(1) 
1053386664 25220.53 || noQ Q (Avg,Max,Min) (1.00, 1.00, 1.00) (0.99, 0.91, 1.00) #fs:   0  -- #Conts: 17 H(5)  G(5)  A(3)  E(3)  C(1) 
1053454185 25219.53 || noQ Q (Avg,Max,Min) (1.00, 1.00, 1.00) (0.99, 0.94, 1.00) #fs:   0  -- #Conts: 15 H(5)  G(5)  A(1)  E(3)  C(1) 
1053606112 25218.53 || noQ Q (Avg,Max,Min) (1.00, 1.00, 1.00) (0.99, 0.94, 1.00) #fs:   0  -- #Conts: 15 H(5)  G(5)  A(1)  E(3)  C(1) 
1053719213 25217.53 || noQ Q (Avg,Max,Min) (1.00, 1.00, 1.00) (0.99, 0.94, 1.00) #fs:   0  -- #Conts: 16 H(5)  G(5)  A(2)  E(3)  C(1) 
1053815433 25216.53 || noQ Q (Avg,Max,Min) (1.00, 1.00, 1.00) (1.00, 0.94, 1.00) #fs:   0  -- #Conts: 15 H(5)  G(5)  A(1)  E(3)  C(1) 
1054001122 25215.53 || noQ Q (Avg,Max,Min) (1.00, 1.00, 1.00) (0.99, 0.94, 1.00) #fs:   0  -- #Conts: 15 H(5)  G(5)  A(1)  E(3)  C(1) 
1054060204 25214.53 || noQ Q (Avg,Max,Min) (1.00, 1.00, 1.00) (1.00, 0.94, 1.00) #fs:   0  -- #Conts: 15 H(5)  G(5)  A(1)  E(3)  C(1) 
1054186809 25213.53 || noQ Q (Avg,Max,Min) (1.00, 1.00, 1.00) (1.00, 0.94, 1.00) #fs:   0  -- #Conts: 15 H(5)  G(5)  A(1)  E(3)  C(1) 
1054335371 25212.53 || noQ Q (Avg,Max,Min) (1.00, 1.00, 1.00) (0.99, 0.91, 1.00) #fs:   0  -- #Conts: 16 H(5)  G(5)  A(2)  E(3)  C(1) 
1054423141 25211.53 || noQ Q (Avg,Max,Min) (1.00, 1.00, 1.00) (1.00, 0.94, 1.00) #fs:   0  -- #Conts: 15 H(5)  G(5)  A(1)  E(3)  C(1) 
1054534553 25210.53 || noQ Q (Avg,Max,Min) (1.00, 1.00, 1.00) (1.00, 0.94, 1.00) #fs:   0  -- #Conts: 15 H(5)  G(5)  A(1)  E(3)  C(1) 
1054667922 25209.53 || noQ Q (Avg,Max,Min) (1.00, 1.00, 1.00) (1.00, 0.94, 1.00) #fs:   0  -- #Conts: 15 H(5)  G(5)  A(1)  E(3)  C(1) 
1054784389 25208.53 || noQ Q (Avg,Max,Min) (1.00, 1.00, 1.00) (1.00, 0.94, 1.00) #fs:   0  -- #Conts: 15 H(5)  G(5)  A(1)  E(3)  C(1) 
1054916069 25207.53 || noQ Q (Avg,Max,Min) (1.00, 1.00, 1.00) (1.00, 0.94, 1.00) #fs:   0  -- #Conts: 15 H(5)  G(5)  A(1)  E(3)  C(1) 
1055035922 25206.53 || noQ Q (Avg,Max,Min) (1.00, 1.00, 1.00) (1.00, 0.94, 1.00) #fs:   0  -- #Conts: 15 H(5)  G(5)  A(1)  E(3)  C(1) 
1134709380 24138.59 || noQ Q (Avg,Max,Min) (1.00, 1.00, 1.00) (0.99, 0.91, 1.00) #fs:   0  -- #Conts: 15 H(3)  G(6)  A(3)  E(2)  C(1) 
1135041914 24135.59 || noQ Q (Avg,Max,Min) (1.00, 1.00, 1.00) (1.00, 0.99, 1.00) #fs:   0  -- #Conts: 14 H(3)  G(6)  A(2)  E(2)  C(1) 
1135382905 24133.59 || noQ Q (Avg,Max,Min) (1.00, 1.00, 1.00) (0.94, 0.18, 1.00) #fs:   0  -- #Conts: 14 H(3)  G(6)  A(2)  E(2)  C(1) 
1135404860 24132.59 || noQ Q (Avg,Max,Min) (1.00, 1.00, 1.00) (1.00, 0.99, 1.00) #fs:   0  -- #Conts: 13 H(3)  G(6)  A(1)  E(2)  C(1) 
1135548349 24131.59 || noQ Q (Avg,Max,Min) (1.00, 1.00, 1.00) (1.00, 0.99, 1.00) #fs:   0  -- #Conts: 13 H(3)  G(6)  A(1)  E(2)  C(1) 
1135700274 24130.59 || noQ Q (Avg,Max,Min) (1.00, 1.00, 1.00) (1.00, 0.99, 1.00) #fs:   0  -- #Conts: 13 H(3)  G(6)  A(1)  E(2)  C(1) 
1135715467 24129.59 || noQ Q (Avg,Max,Min) (1.00, 1.00, 1.00) (1.00, 0.99, 1.00) #fs:   0  -- #Conts: 13 H(3)  G(6)  A(1)  E(2)  C(1) 
1135867394 24128.59 || noQ Q (Avg,Max,Min) (1.00, 1.00, 1.00) (1.00, 0.99, 1.00) #fs:   0  -- #Conts: 13 H(3)  G(6)  A(1)  E(2)  C(1) 
1135970383 24127.59 || noQ Q (Avg,Max,Min) (1.00, 1.00, 1.00) (0.99, 0.94, 1.00) #fs:   0  -- #Conts: 14 H(3)  G(6)  A(2)  E(2)  C(1) 
1136081780 24126.59 || noQ Q (Avg,Max,Min) (1.00, 1.00, 1.00) (1.00, 0.99, 1.00) #fs:   0  -- #Conts: 13 H(3)  G(6)  A(1)  E(2)  C(1) 
1136233707 24125.59 || noQ Q (Avg,Max,Min) (1.00, 1.00, 1.00) (1.00, 0.99, 1.00) #fs:   0  -- #Conts: 13 H(3)  G(6)  A(1)  E(2)  C(1) 
1136311358 24124.59 || noQ Q (Avg,Max,Min) (1.00, 1.00, 1.00) (1.00, 0.99, 1.00) #fs:   0  -- #Conts: 13 H(3)  G(6)  A(1)  E(2)  C(1) 
1136454845 24123.59 || noQ Q (Avg,Max,Min) (1.00, 1.00, 1.00) (1.00, 0.99, 1.00) #fs:   0  -- #Conts: 13 H(3)  G(6)  A(1)  E(2)  C(1) 
1136621965 24122.59 || noQ Q (Avg,Max,Min) (1.00, 1.00, 1.00) (1.00, 0.99, 1.00) #fs:   0  -- #Conts: 13 H(3)  G(6)  A(1)  E(2)  C(1) 
1136679359 24121.59 || noQ Q (Avg,Max,Min) (1.00, 1.00, 1.00) (1.00, 0.99, 1.00) #fs:   0  -- #Conts: 13 H(3)  G(6)  A(1)  E(2)  C(1) 
1136821174 24120.59 || noQ Q (Avg,Max,Min) (1.00, 1.00, 1.00) (0.99, 0.94, 1.00) #fs:   0  -- #Conts: 14 H(3)  G(6)  A(2)  E(2)  C(1) 
1137025415 24119.59 || noQ Q (Avg,Max,Min) (1.00, 1.00, 1.00) (1.00, 0.99, 1.00) #fs:   0  -- #Conts: 13 H(3)  G(6)  A(1)  E(2)  C(1) 
1137052424 24118.59 || noQ Q (Avg,Max,Min) (1.00, 1.00, 1.00) (1.00, 1.00, 1.00) #fs:   0  -- #Conts: 13 H(3)  G(6)  A(1)  E(2)  C(1) 
1137162149 24117.59 || noQ Q (Avg,Max,Min) (1.00, 1.00, 1.00) (1.00, 1.00, 1.00) #fs:   0  -- #Conts: 13 H(3)  G(6)  A(1)  E(2)  C(1) 
1137305636 24116.59 || noQ Q (Avg,Max,Min) (1.00, 1.00, 1.00) (1.00, 1.00, 1.00) #fs:   0  -- #Conts: 13 H(3)  G(6)  A(1)  E(2)  C(1) 
1137432258 24115.59 || noQ Q (Avg,Max,Min) (1.00, 1.00, 1.00) (0.99, 0.94, 1.00) #fs:   0  -- #Conts: 14 H(3)  G(6)  A(2)  E(2)  C(1) 
1137541966 24114.59 || noQ Q (Avg,Max,Min) (1.00, 1.00, 1.00) (1.00, 1.00, 1.00) #fs:   0  -- #Conts: 13 H(3)  G(6)  A(1)  E(2)  C(1) 
1137670277 24113.59 || noQ Q (Avg,Max,Min) (1.00, 1.00, 1.00) (1.00, 0.94, 1.00) #fs:   0  -- #Conts: 14 H(3)  G(6)  A(2)  E(2)  C(1) 
1137773233 24112.59 || noQ Q (Avg,Max,Min) (1.00, 1.00, 1.00) (1.00, 1.00, 1.00) #fs:   0  -- #Conts: 13 H(3)  G(6)  A(1)  E(2)  C(1) 
1137916720 24111.59 || noQ Q (Avg,Max,Min) (1.00, 1.00, 1.00) (1.00, 1.00, 1.00) #fs:   0  -- #Conts: 13 H(3)  G(6)  A(1)  E(2)  C(1) 
1145086892 24081.06 || noQ Q (Avg,Max,Min) (1.00, 1.00, 0.99) (0.99, 0.92, 1.00) #fs:   1  -- #Conts: 13 H(3)  G(6)  A(2)  E(2) 
1145086895 24054.53 || noQ Q (Avg,Max,Min) (1.00, 1.00, 1.00) (0.91, 0.07, 1.00) #fs:   0  -- #Conts: 15 H(3)  G(6)  A(3)  E(2)  C(1) 
1145230373 24052.53 || noQ Q (Avg,Max,Min) (1.00, 1.00, 1.00) (0.97, 0.62, 1.00) #fs:   0  -- #Conts: 14 H(3)  G(6)  A(2)  E(2)  C(1) 
1151744396 24051.53 || noQ Q (Avg,Max,Min) (0.98, 1.00, 0.66) (0.97, 0.64, 1.00) #fs:   1  -- #Conts: 14 H(3)  G(6)  A(2)  E(2)  C(1) 
1152008692 24050.53 || noQ Q (Avg,Max,Min) (1.00, 1.00, 1.00) (0.99, 0.91, 1.00) #fs:   0  -- #Conts: 14 H(3)  G(6)  A(3)  E(2) 
1256025470 23801.24 || noQ Q (Avg,Max,Min) (1.00, 1.00, 1.00) (0.92, 0.09, 1.00) #fs:   0  -- #Conts: 13 H(3)  G(6)  A(2)  E(2) 
1256077679 23799.24 || noQ Q (Avg,Max,Min) (1.00, 1.00, 1.00) (0.93, 0.09, 1.00) #fs:   0  -- #Conts: 13 H(3)  G(6)  A(2)  E(2) 
1256262855 23785.47 || noQ Q (Avg,Max,Min) (1.00, 1.00, 1.00) (0.99, 0.94, 1.00) #fs:   0  -- #Conts: 12 H(2)  G(6)  A(2)  E(2) 
1256508768 23783.47 || noQ Q (Avg,Max,Min) (1.00, 1.00, 1.00) (0.99, 0.93, 1.00) #fs:   0  -- #Conts: 12 H(2)  G(6)  A(2)  E(2) 
1256881983 23782.47 || noQ Q (Avg,Max,Min) (1.00, 1.00, 1.00) (0.99, 0.94, 1.00) #fs:   0  -- #Conts: 12 H(2)  G(6)  A(2)  E(2) 
1256893548 23781.47 || noQ Q (Avg,Max,Min) (1.00, 1.00, 1.00) (0.99, 0.94, 1.00) #fs:   0  -- #Conts: 12 H(2)  G(6)  A(2)  E(2) 
1256978310 23774.41 || noQ Q (Avg,Max,Min) (1.00, 1.00, 1.00) (0.95, 0.36, 1.00) #fs:   0  -- #Conts: 13 H(2)  G(6)  A(2)  E(3) 
1258057324 23773.41 || noQ Q (Avg,Max,Min) (1.00, 1.00, 1.00) (0.96, 0.60, 1.00) #fs:   0  -- #Conts: 13 H(2)  G(6)  A(2)  E(3) 
1258092043 23772.41 || noQ Q (Avg,Max,Min) (1.00, 1.00, 1.00) (0.96, 0.60, 1.00) #fs:   0  -- #Conts: 13 H(2)  G(6)  A(2)  E(3) 
1258159929 23771.71 || noQ Q (Avg,Max,Min) (1.00, 1.00, 1.00) (0.96, 0.62, 1.00) #fs:   0  -- #Conts: 13 H(2)  G(6)  A(2)  E(2)  C(1) 
1258288771 23771.41 || noQ Q (Avg,Max,Min) (1.00, 1.00, 1.00) (0.96, 0.60, 1.00) #fs:   0  -- #Conts: 13 H(2)  G(6)  A(2)  E(3) 
1262808721 23770.71 || noQ Q (Avg,Max,Min) (1.00, 1.00, 1.00) (0.96, 0.62, 1.00) #fs:   0  -- #Conts: 14 H(2)  G(6)  A(3)  E(2)  C(1) 
1265985578 23769.71 || noQ Q (Avg,Max,Min) (1.00, 1.00, 1.00) (0.98, 0.91, 1.00) #fs:   0  -- #Conts: 14 H(2)  G(6)  A(4)  E(2) 
1279550018 23595.00 || noQ Q (Avg,Max,Min) (1.00, 1.00, 1.00) (0.88, 0.06, 1.00) #fs:   0  -- #Conts: 16 H(4)  G(7)  A(2)  E(3) 
1279671120 23563.47 || noQ Q (Avg,Max,Min) (1.00, 1.00, 1.00) (0.94, 0.16, 1.00) #fs:   0  -- #Conts: 15 H(3)  G(7)  A(2)  E(3) 
1279690016 23534.94 || noQ Q (Avg,Max,Min) (1.00, 1.00, 1.00) (0.99, 0.92, 1.00) #fs:   0  -- #Conts: 14 H(2)  G(7)  A(2)  E(3) 
1301807890 23298.35 || noQ Q (Avg,Max,Min) (1.00, 1.00, 1.00) (0.89, 0.06, 1.00) #fs:   0  -- #Conts: 18 H(3)  G(7)  A(2)  E(5)  C(1) 
1301807963 23266.82 || noQ Q (Avg,Max,Min) (1.00, 1.00, 1.00) (0.94, 0.15, 1.00) #fs:   0  -- #Conts: 17 H(2)  G(7)  A(2)  E(5)  C(1) 
1302018118 23265.82 || noQ Q (Avg,Max,Min) (0.98, 1.00, 0.74) (0.94, 0.16, 1.00) #fs:   1  -- #Conts: 17 H(2)  G(7)  A(2)  E(5)  C(1) 
1302153295 23251.06 || noQ Q (Avg,Max,Min) (1.00, 1.00, 1.00) (0.94, 0.11, 1.00) #fs:   0  -- #Conts: 17 H(1)  G(8)  A(2)  E(5)  C(1) 
1302188023 23250.06 || noQ Q (Avg,Max,Min) (1.00, 1.00, 1.00) (0.94, 0.16, 1.00) #fs:   0  -- #Conts: 17 H(1)  G(8)  A(2)  E(5)  C(1) 
1302451178 23242.00 || noQ Q (Avg,Max,Min) (1.00, 1.00, 0.95) (0.99, 0.94, 1.00) #fs:   1  -- #Conts: 16 H(1)  G(7)  A(2)  E(5)  C(1) 
1302538075 23235.29 || noQ Q (Avg,Max,Min) (1.00, 1.00, 1.00) (0.99, 0.94, 1.00) #fs:   0  -- #Conts: 16 H(1)  G(7)  A(2)  E(5)  C(1) 
1302757959 23234.29 || noQ Q (Avg,Max,Min) (1.00, 1.00, 1.00) (0.99, 0.94, 1.00) #fs:   0  -- #Conts: 16 H(1)  G(7)  A(2)  E(5)  C(1) 
1303122478 23232.29 || noQ Q (Avg,Max,Min) (1.00, 1.00, 1.00) (0.99, 0.94, 1.00) #fs:   0  -- #Conts: 15 H(1)  G(7)  A(1)  E(5)  C(1) 
1314441867 23228.71 || noQ Q (Avg,Max,Min) (1.00, 1.00, 1.00) (0.89, 0.10, 1.00) #fs:   0  -- #Conts: 18 H(2)  G(9)  A(1)  E(4)  C(2) 
1314454720 23212.94 || noQ Q (Avg,Max,Min) (1.00, 1.00, 1.00) (0.92, 0.16, 1.00) #fs:   0  -- #Conts: 17 H(1)  G(9)  A(1)  E(4)  C(2) 
1314781483 23203.88 || noQ Q (Avg,Max,Min) (1.00, 1.00, 0.93) (0.92, 0.24, 1.00) #fs:   1  -- #Conts: 17 G(9)  A(1)  E(5)  C(2) 
1314845256 23197.18 || noQ Q (Avg,Max,Min) (1.00, 1.00, 0.93) (0.96, 0.79, 1.00) #fs:   1  -- #Conts: 16 G(9)  A(1)  E(4)  C(2) 
1315047797 23188.12 || noQ Q (Avg,Max,Min) (1.00, 1.00, 1.00) (0.93, 0.24, 1.00) #fs:   0  -- #Conts: 17 G(9)  A(1)  E(5)  C(2) 
1315211502 23185.76 || noQ Q (Avg,Max,Min) (1.00, 1.00, 1.00) (0.88, 0.24, 1.00) #fs:   0  -- #Conts: 19 G(9)  A(1)  E(7)  C(2) 
1315413191 23183.06 || noQ Q (Avg,Max,Min) (1.00, 1.00, 1.00) (0.89, 0.36, 1.00) #fs:   0  -- #Conts: 19 G(9)  A(1)  E(6)  C(3) 
1315432577 23181.41 || noQ Q (Avg,Max,Min) (1.00, 1.00, 1.00) (0.98, 0.85, 1.00) #fs:   0  -- #Conts: 16 G(9)  A(1)  E(4)  C(2) 
1316043731 23179.06 || noQ Q (Avg,Max,Min) (1.00, 1.00, 1.00) (0.93, 0.37, 1.00) #fs:   0  -- #Conts: 18 G(9)  A(1)  E(6)  C(2) 
1316111617 23176.35 || noQ Q (Avg,Max,Min) (1.00, 1.00, 1.00) (0.94, 0.61, 1.00) #fs:   0  -- #Conts: 18 G(9)  A(1)  E(5)  C(3) 
1317364695 23172.35 || noQ Q (Avg,Max,Min) (1.00, 1.00, 1.00) (0.98, 0.92, 1.00) #fs:   0  -- #Conts: 17 G(9)  A(1)  E(5)  C(2) 
1327275198 23172.18 || noQ Q (Avg,Max,Min) (1.00, 1.00, 1.00) (0.95, 0.42, 1.00) #fs:   0  -- #Conts: 17 G(6)  A(1)  E(7)  C(3) 
1328143000 23168.18 || noQ Q (Avg,Max,Min) (1.00, 1.00, 1.00) (0.99, 0.92, 1.00) #fs:   0  -- #Conts: 16 G(6)  A(1)  E(7)  C(2) 
1673714699 23143.94 || noQ Q (Avg,Max,Min) (1.00, 1.00, 1.00) (0.99, 0.94, 1.00) #fs:   0  -- #Conts: 13 G(6)  A(3)  E(4) 
1674099479 23142.94 || noQ Q (Avg,Max,Min) (1.00, 1.00, 1.00) (0.92, 0.11, 1.00) #fs:   0  -- #Conts: 13 G(6)  A(3)  E(4) 
1674122633 23141.94 || noQ Q (Avg,Max,Min) (1.00, 1.00, 1.00) (0.99, 0.94, 1.00) #fs:   0  -- #Conts: 12 G(6)  A(2)  E(4) 
1674359839 23140.94 || noQ Q (Avg,Max,Min) (1.00, 1.00, 1.00) (0.93, 0.11, 1.00) #fs:   0  -- #Conts: 13 G(6)  A(3)  E(4) 
1674382993 23139.94 || noQ Q (Avg,Max,Min) (1.00, 1.00, 1.00) (0.99, 0.94, 1.00) #fs:   0  -- #Conts: 12 G(6)  A(2)  E(4) 
1722678106 23129.71 || noQ Q (Avg,Max,Min) (1.00, 1.00, 1.00) (0.93, 0.15, 1.00) #fs:   0  -- #Conts: 16 H(1)  G(6)  A(2)  E(5)  C(2) 
1723041031 23120.65 || noQ Q (Avg,Max,Min) (1.00, 1.00, 1.00) (0.93, 0.16, 1.00) #fs:   0  -- #Conts: 16 G(7)  A(2)  E(5)  C(2) 
1723075759 23113.94 || noQ Q (Avg,Max,Min) (1.00, 1.00, 1.00) (0.94, 0.27, 1.00) #fs:   0  -- #Conts: 16 G(7)  A(2)  E(5)  C(2) 
1723406430 23106.88 || noQ Q (Avg,Max,Min) (1.00, 1.00, 1.00) (0.99, 0.92, 1.00) #fs:   0  -- #Conts: 16 G(6)  A(3)  E(5)  C(2) 
1724274232 23105.88 || noQ Q (Avg,Max,Min) (1.00, 1.00, 1.00) (0.93, 0.11, 1.00) #fs:   0  -- #Conts: 16 G(6)  A(3)  E(5)  C(2) 
1724326440 23104.88 || noQ Q (Avg,Max,Min) (1.00, 1.00, 1.00) (0.99, 0.92, 1.00) #fs:   0  -- #Conts: 15 G(6)  A(2)  E(5)  C(2) 
1728823254 23104.18 || noQ Q (Avg,Max,Min) (1.00, 1.00, 1.00) (0.96, 0.62, 1.00) #fs:   0  -- #Conts: 17 G(6)  A(3)  E(5)  C(3) 
1731971041 23103.18 || noQ Q (Avg,Max,Min) (1.00, 1.00, 1.00) (0.98, 0.91, 1.00) #fs:   0  -- #Conts: 17 G(6)  A(4)  E(5)  C(2) 
1736581269 23101.59 || noQ Q (Avg,Max,Min) (1.00, 1.00, 1.00) (0.96, 0.63, 1.00) #fs:   0  -- #Conts: 15 G(6)  A(3)  E(5)  C(1) 
1739979065 23100.59 || noQ Q (Avg,Max,Min) (1.00, 1.00, 1.00) (0.98, 0.91, 1.00) #fs:   0  -- #Conts: 15 G(6)  A(4)  E(5) 
1805581674 23093.65 || noQ Q (Avg,Max,Min) (1.00, 1.00, 1.00) (0.81, 0.11, 1.00) #fs:   0  -- #Conts: 15 G(6)  A(2)  E(6)  C(1) 
1805995246 23090.94 || noQ Q (Avg,Max,Min) (1.00, 1.00, 1.00) (0.83, 0.11, 1.00) #fs:   0  -- #Conts: 15 G(6)  A(2)  E(5)  C(2) 
1806064694 23075.18 || noQ Q (Avg,Max,Min) (1.00, 1.00, 1.00) (0.88, 0.11, 1.00) #fs:   0  -- #Conts: 14 G(5)  A(2)  E(5)  C(2) 
1806321201 23073.88 || noQ Q (Avg,Max,Min) (1.00, 1.00, 1.00) (0.91, 0.11, 1.00) #fs:   0  -- #Conts: 13 G(5)  A(2)  E(6) 
1806639706 22997.00 || noQ Q (Avg,Max,Min) (1.00, 1.00, 1.00) (0.88, 0.06, 1.00) #fs:   0  -- #Conts: 19 H(1)  G(6)  A(3)  E(6)  C(3) 
1806799970 22965.47 || noQ Q (Avg,Max,Min) (1.00, 1.00, 1.00) (0.92, 0.11, 1.00) #fs:   0  -- #Conts: 18 G(6)  A(3)  E(6)  C(3) 
1807966767 22964.47 || noQ Q (Avg,Max,Min) (1.00, 1.00, 1.00) (0.97, 0.63, 1.00) #fs:   0  -- #Conts: 17 G(6)  A(2)  E(6)  C(3) 
1808216776 22963.47 || noQ Q (Avg,Max,Min) (1.00, 1.00, 1.00) (0.99, 0.91, 1.00) #fs:   0  -- #Conts: 17 G(6)  A(3)  E(6)  C(2) 
2213773098 22929.71 || noQ Q (Avg,Max,Min) (1.00, 1.00, 1.00) (0.94, 0.09, 1.00) #fs:   0  -- #Conts: 19 H(1)  G(6)  A(3)  E(7)  C(2) 
2213997612 22927.71 || noQ Q (Avg,Max,Min) (1.00, 1.00, 1.00) (0.94, 0.15, 1.00) #fs:   0  -- #Conts: 18 H(1)  G(6)  A(2)  E(7)  C(2) 
2214010485 22913.94 || noQ Q (Avg,Max,Min) (1.00, 1.00, 1.00) (0.94, 0.16, 1.00) #fs:   0  -- #Conts: 19 G(7)  A(3)  E(7)  C(2) 
2214395265 22911.94 || noQ Q (Avg,Max,Min) (1.00, 1.00, 1.00) (0.95, 0.27, 1.00) #fs:   0  -- #Conts: 18 G(7)  A(2)  E(7)  C(2) 
2214725936 22904.88 || noQ Q (Avg,Max,Min) (1.00, 1.00, 1.00) (0.99, 0.92, 1.00) #fs:   0  -- #Conts: 18 G(6)  A(3)  E(7)  C(2) 
2215280547 22902.88 || noQ Q (Avg,Max,Min) (1.00, 1.00, 1.00) (0.99, 0.92, 1.00) #fs:   0  -- #Conts: 18 G(6)  A(3)  E(7)  C(2) 
2215661626 22902.18 || noQ Q (Avg,Max,Min) (1.00, 1.00, 1.00) (0.97, 0.62, 1.00) #fs:   0  -- #Conts: 19 G(6)  A(3)  E(7)  C(3) 
2216148349 22900.88 || noQ Q (Avg,Max,Min) (1.00, 1.00, 1.00) (0.99, 0.94, 1.00) #fs:   0  -- #Conts: 17 G(6)  A(2)  E(7)  C(2) 
2216216255 22900.18 || noQ Q (Avg,Max,Min) (1.00, 1.00, 1.00) (0.97, 0.62, 1.00) #fs:   0  -- #Conts: 19 G(6)  A(3)  E(7)  C(3) 
2223845176 22899.18 || noQ Q (Avg,Max,Min) (1.00, 1.00, 1.00) (0.98, 0.91, 1.00) #fs:   0  -- #Conts: 19 G(6)  A(4)  E(7)  C(2) 
2249459886 22714.24 || noQ Q (Avg,Max,Min) (1.00, 1.00, 1.00) (0.93, 0.06, 1.00) #fs:   0  -- #Conts: 14 H(1)  G(3)  A(3)  E(6)  C(1) 
2249620150 22682.71 || noQ Q (Avg,Max,Min) (1.00, 1.00, 1.00) (0.99, 0.91, 1.00) #fs:   0  -- #Conts: 13 G(3)  A(3)  E(6)  C(1) 
2340120304 22672.24 || noQ Q (Avg,Max,Min) (1.00, 1.00, 1.00) (0.93, 0.09, 1.00) #fs:   0  -- #Conts: 15 H(2)  G(3)  A(2)  E(6)  C(2) 
2340164071 22670.24 || noQ Q (Avg,Max,Min) (1.00, 1.00, 1.00) (0.93, 0.09, 1.00) #fs:   0  -- #Conts: 15 H(2)  G(3)  A(2)  E(6)  C(2) 
2340349229 22667.24 || noQ Q (Avg,Max,Min) (1.00, 1.00, 1.00) (0.93, 0.16, 1.00) #fs:   0  -- #Conts: 14 H(2)  G(3)  A(1)  E(6)  C(2) 
2340363714 22640.71 || noQ Q (Avg,Max,Min) (1.00, 1.00, 1.00) (0.99, 0.92, 1.00) #fs:   0  -- #Conts: 14 H(1)  G(3)  A(2)  E(6)  C(2) 
2364693471 22640.12 || noQ Q (Avg,Max,Min) (1.00, 1.00, 1.00) (0.87, 0.11, 1.00) #fs:   0  -- #Conts: 14 G(5)  A(2)  E(6)  C(1) 
2364781973 22624.35 || noQ Q (Avg,Max,Min) (1.00, 1.00, 1.00) (0.94, 0.27, 1.00) #fs:   0  -- #Conts: 13 G(4)  A(2)  E(6)  C(1) 
2364807940 22623.35 || noQ Q (Avg,Max,Min) (1.00, 1.00, 1.00) (0.94, 0.28, 1.00) #fs:   1  -- #Conts: 13 G(4)  A(2)  E(6)  C(1) 
2365130803 22611.59 || noQ Q (Avg,Max,Min) (1.00, 1.00, 1.00) (0.99, 0.91, 1.00) #fs:   0  -- #Conts: 13 G(3)  A(3)  E(6)  C(1) 
2374890819 22606.41 || noQ Q (Avg,Max,Min) (1.00, 1.00, 1.00) (0.92, 0.09, 1.00) #fs:   0  -- #Conts: 15 H(1)  G(3)  A(2)  E(6)  C(3) 
2375115333 22604.41 || noQ Q (Avg,Max,Min) (1.00, 1.00, 1.00) (0.93, 0.16, 1.00) #fs:   0  -- #Conts: 15 H(1)  G(3)  A(2)  E(6)  C(3) 
2375134229 22590.65 || noQ Q (Avg,Max,Min) (1.00, 1.00, 1.00) (0.98, 0.92, 1.00) #fs:   0  -- #Conts: 14 G(3)  A(2)  E(6)  C(3) 
2375519009 22588.65 || noQ Q (Avg,Max,Min) (1.00, 1.00, 1.00) (0.98, 0.91, 1.00) #fs:   0  -- #Conts: 14 G(3)  A(2)  E(6)  C(3) 
2375704167 22587.65 || noQ Q (Avg,Max,Min) (1.00, 1.00, 1.00) (0.98, 0.92, 1.00) #fs:   0  -- #Conts: 14 G(3)  A(2)  E(6)  C(3) 
2375867843 22581.59 || noQ Q (Avg,Max,Min) (1.00, 1.00, 1.00) (0.94, 0.37, 1.00) #fs:   0  -- #Conts: 15 G(3)  A(2)  E(7)  C(3) 
2376735645 22579.59 || noQ Q (Avg,Max,Min) (1.00, 1.00, 1.00) (0.96, 0.61, 1.00) #fs:   0  -- #Conts: 15 G(3)  A(2)  E(7)  C(3) 
2376827279 22578.88 || noQ Q (Avg,Max,Min) (1.00, 1.00, 1.00) (0.96, 0.63, 1.00) #fs:   0  -- #Conts: 15 G(3)  A(2)  E(6)  C(4) 
2377153234 22578.59 || noQ Q (Avg,Max,Min) (1.00, 1.00, 1.00) (0.97, 0.72, 1.00) #fs:   0  -- #Conts: 15 G(3)  A(2)  E(7)  C(3) 
2378021036 22576.59 || noQ Q (Avg,Max,Min) (1.00, 1.00, 1.00) (0.99, 0.92, 1.00) #fs:   0  -- #Conts: 14 G(3)  A(1)  E(7)  C(3) 
2527284181 11874.82 || noQ Q (Avg,Max,Min) (1.00, 1.00, 1.00) (0.98, 0.91, 1.00) #fs:   0  -- #Conts: 20 H(3)  A(8)  G(3)  E(4)  C(2) 
2527412469 11873.82 || noQ Q (Avg,Max,Min) (1.00, 1.00, 1.00) (0.98, 0.91, 1.00) #fs:   0  -- #Conts: 20 H(3)  A(8)  G(3)  E(4)  C(2) 
2527616715 11871.82 || noQ Q (Avg,Max,Min) (1.00, 1.00, 1.00) (0.98, 0.91, 1.00) #fs:   0  -- #Conts: 19 H(3)  A(7)  G(3)  E(4)  C(2) 
2527745018 11870.82 || noQ Q (Avg,Max,Min) (1.00, 1.00, 1.00) (0.98, 0.91, 1.00) #fs:   0  -- #Conts: 19 H(3)  A(7)  G(3)  E(4)  C(2) 
2527888521 11869.82 || noQ Q (Avg,Max,Min) (1.00, 1.00, 1.00) (0.98, 0.91, 1.00) #fs:   0  -- #Conts: 19 H(3)  A(7)  G(3)  E(4)  C(2) 
2527925659 11868.82 || noQ Q (Avg,Max,Min) (1.00, 1.00, 1.00) (0.98, 0.91, 1.00) #fs:   0  -- #Conts: 19 H(3)  A(7)  G(3)  E(4)  C(2) 
2528040448 11867.82 || noQ Q (Avg,Max,Min) (1.00, 1.00, 1.00) (0.98, 0.91, 1.00) #fs:   0  -- #Conts: 19 H(3)  A(7)  G(3)  E(4)  C(2) 
2528207568 11866.82 || noQ Q (Avg,Max,Min) (1.00, 1.00, 1.00) (0.98, 0.91, 1.00) #fs:   0  -- #Conts: 19 H(3)  A(7)  G(3)  E(4)  C(2) 
2528266634 11865.82 || noQ Q (Avg,Max,Min) (1.00, 1.00, 1.00) (0.99, 0.91, 1.00) #fs:   0  -- #Conts: 18 H(3)  A(6)  G(3)  E(4)  C(2) 
2528381423 11864.82 || noQ Q (Avg,Max,Min) (1.00, 1.00, 1.00) (0.99, 0.91, 1.00) #fs:   0  -- #Conts: 18 H(3)  A(6)  G(3)  E(4)  C(2) 
2528548543 11863.82 || noQ Q (Avg,Max,Min) (1.00, 1.00, 1.00) (0.99, 0.91, 1.00) #fs:   0  -- #Conts: 18 H(3)  A(6)  G(3)  E(4)  C(2) 
2528632947 11862.82 || noQ Q (Avg,Max,Min) (1.00, 1.00, 1.00) (0.99, 0.91, 1.00) #fs:   0  -- #Conts: 18 H(3)  A(6)  G(3)  E(4)  C(2) 
2528747736 11861.82 || noQ Q (Avg,Max,Min) (1.00, 1.00, 1.00) (0.99, 0.91, 1.00) #fs:   0  -- #Conts: 18 H(3)  A(6)  G(3)  E(4)  C(2) 
2528904728 11860.82 || noQ Q (Avg,Max,Min) (1.00, 1.00, 1.00) (0.98, 0.91, 1.00) #fs:   0  -- #Conts: 19 H(3)  A(7)  G(3)  E(4)  C(2) 
2528994196 11859.82 || noQ Q (Avg,Max,Min) (1.00, 1.00, 1.00) (0.99, 0.91, 1.00) #fs:   0  -- #Conts: 18 H(3)  A(6)  G(3)  E(4)  C(2) 
2529117425 11858.82 || noQ Q (Avg,Max,Min) (1.00, 1.00, 1.00) (0.99, 0.91, 1.00) #fs:   0  -- #Conts: 18 H(3)  A(6)  G(3)  E(4)  C(2) 
2529245719 11857.82 || noQ Q (Avg,Max,Min) (1.00, 1.00, 1.00) (0.99, 0.91, 1.00) #fs:   0  -- #Conts: 18 H(3)  A(6)  G(3)  E(4)  C(2) 
2529360508 11856.82 || noQ Q (Avg,Max,Min) (1.00, 1.00, 1.00) (0.99, 0.91, 1.00) #fs:   0  -- #Conts: 18 H(3)  A(6)  G(3)  E(4)  C(2) 
2529503995 11855.82 || noQ Q (Avg,Max,Min) (1.00, 1.00, 1.00) (0.99, 0.91, 1.00) #fs:   0  -- #Conts: 18 H(3)  A(6)  G(3)  E(4)  C(2) 
2529603592 11854.82 || noQ Q (Avg,Max,Min) (1.00, 1.00, 1.00) (0.99, 0.91, 1.00) #fs:   0  -- #Conts: 18 H(3)  A(6)  G(3)  E(4)  C(2) 
2529718381 11853.82 || noQ Q (Avg,Max,Min) (1.00, 1.00, 1.00) (0.99, 0.91, 1.00) #fs:   0  -- #Conts: 18 H(3)  A(6)  G(3)  E(4)  C(2) 
2529856803 11852.82 || noQ Q (Avg,Max,Min) (1.00, 1.00, 1.00) (0.99, 0.91, 1.00) #fs:   0  -- #Conts: 18 H(3)  A(6)  G(3)  E(4)  C(2) 
2529971592 11851.82 || noQ Q (Avg,Max,Min) (1.00, 1.00, 1.00) (0.99, 0.91, 1.00) #fs:   0  -- #Conts: 18 H(3)  A(6)  G(3)  E(4)  C(2) 
2530099886 11850.82 || noQ Q (Avg,Max,Min) (1.00, 1.00, 1.00) (0.99, 0.91, 1.00) #fs:   0  -- #Conts: 18 H(3)  A(6)  G(3)  E(4)  C(2) 
2530206235 11849.82 || noQ Q (Avg,Max,Min) (1.00, 1.00, 1.00) (0.98, 0.91, 1.00) #fs:   0  -- #Conts: 19 H(3)  A(7)  G(3)  E(4)  C(2) 
2530321024 11848.82 || noQ Q (Avg,Max,Min) (1.00, 1.00, 1.00) (0.98, 0.91, 1.00) #fs:   0  -- #Conts: 19 H(3)  A(7)  G(3)  E(4)  C(2) 
2530454382 11847.82 || noQ Q (Avg,Max,Min) (1.00, 1.00, 1.00) (0.99, 0.91, 1.00) #fs:   0  -- #Conts: 18 H(3)  A(6)  G(3)  E(4)  C(2) 
2530547226 11846.82 || noQ Q (Avg,Max,Min) (1.00, 1.00, 1.00) (0.99, 0.91, 1.00) #fs:   0  -- #Conts: 18 H(3)  A(6)  G(3)  E(4)  C(2) 
2637366541 11588.35 || noQ Q (Avg,Max,Min) (1.00, 1.00, 1.00) (0.94, 0.09, 1.00) #fs:   0  -- #Conts: 18 H(3)  A(7)  G(3)  E(3)  C(2) 
2637591055 11586.35 || noQ Q (Avg,Max,Min) (1.00, 1.00, 1.00) (0.94, 0.16, 1.00) #fs:   0  -- #Conts: 18 H(3)  A(7)  G(3)  E(3)  C(2) 
2637609951 11572.59 || noQ Q (Avg,Max,Min) (1.00, 1.00, 1.00) (0.99, 0.91, 1.00) #fs:   0  -- #Conts: 17 H(2)  A(7)  G(3)  E(3)  C(2) 
2637994731 11570.59 || noQ Q (Avg,Max,Min) (1.00, 1.00, 1.00) (0.99, 0.91, 1.00) #fs:   0  -- #Conts: 17 H(2)  A(7)  G(3)  E(3)  C(2) 
2638203054 11569.59 || noQ Q (Avg,Max,Min) (1.00, 1.00, 1.00) (0.95, 0.32, 1.00) #fs:   0  -- #Conts: 18 H(2)  A(7)  G(4)  E(3)  C(2) 
2638343565 11563.53 || noQ Q (Avg,Max,Min) (1.00, 1.00, 1.00) (0.95, 0.37, 1.00) #fs:   0  -- #Conts: 18 H(2)  A(7)  G(3)  E(4)  C(2) 
2639211367 11561.53 || noQ Q (Avg,Max,Min) (1.00, 1.00, 1.00) (0.97, 0.61, 1.00) #fs:   0  -- #Conts: 18 H(2)  A(7)  G(3)  E(4)  C(2) 
2639303001 11560.82 || noQ Q (Avg,Max,Min) (1.00, 1.00, 1.00) (0.97, 0.63, 1.00) #fs:   0  -- #Conts: 18 H(2)  A(7)  G(3)  E(3)  C(3) 
2639652119 11560.53 || noQ Q (Avg,Max,Min) (1.00, 1.00, 1.00) (0.97, 0.72, 1.00) #fs:   0  -- #Conts: 18 H(2)  A(7)  G(3)  E(4)  C(2) 
2640519921 11558.53 || noQ Q (Avg,Max,Min) (1.00, 1.00, 1.00) (0.99, 0.91, 1.00) #fs:   0  -- #Conts: 17 H(2)  A(6)  G(3)  E(4)  C(2) 
2658492169 11337.76 || noQ Q (Avg,Max,Min) (1.00, 1.00, 1.00) (0.89, 0.06, 1.00) #fs:   0  -- #Conts: 20 H(3)  A(7)  G(3)  E(5)  C(2) 
2658567532 11306.24 || noQ Q (Avg,Max,Min) (1.00, 1.00, 1.00) (0.94, 0.09, 1.00) #fs:   0  -- #Conts: 19 H(2)  A(7)  G(3)  E(5)  C(2) 
2658729554 11292.47 || noQ Q (Avg,Max,Min) (1.00, 1.00, 1.00) (0.98, 0.91, 1.00) #fs:   0  -- #Conts: 18 H(1)  A(7)  G(3)  E(5)  C(2) 
2658975467 11291.47 || noQ Q (Avg,Max,Min) (1.00, 1.00, 1.00) (0.98, 0.91, 1.00) #fs:   0  -- #Conts: 18 H(1)  A(7)  G(3)  E(5)  C(2) 
2659114334 11290.47 || noQ Q (Avg,Max,Min) (1.00, 1.00, 1.00) (0.98, 0.91, 1.00) #fs:   0  -- #Conts: 18 H(1)  A(7)  G(3)  E(5)  C(2) 
2659360247 11289.47 || noQ Q (Avg,Max,Min) (1.00, 1.00, 1.00) (0.98, 0.91, 1.00) #fs:   0  -- #Conts: 18 H(1)  A(7)  G(3)  E(5)  C(2) 
2659445009 11281.41 || noQ Q (Avg,Max,Min) (1.00, 1.00, 1.00) (0.95, 0.36, 1.00) #fs:   0  -- #Conts: 19 H(1)  A(7)  G(3)  E(6)  C(2) 
2660380697 11278.71 || noQ Q (Avg,Max,Min) (1.00, 1.00, 1.00) (0.96, 0.62, 1.00) #fs:   0  -- #Conts: 19 H(1)  A(7)  G(3)  E(5)  C(3) 
2668452277 11277.71 || noQ Q (Avg,Max,Min) (1.00, 1.00, 1.00) (0.98, 0.91, 1.00) #fs:   0  -- #Conts: 20 H(1)  A(9)  G(3)  E(5)  C(2) 
2694382691 11006.88 || noQ Q (Avg,Max,Min) (1.00, 1.00, 1.00) (0.94, 0.06, 1.00) #fs:   0  -- #Conts: 20 H(1)  A(9)  G(3)  E(5)  C(2) 
2694542955 10975.35 || noQ Q (Avg,Max,Min) (1.00, 1.00, 1.00) (0.98, 0.91, 1.00) #fs:   0  -- #Conts: 19 A(9)  G(3)  E(5)  C(2) 
3124920291 10939.59 || noQ Q (Avg,Max,Min) (1.00, 1.00, 1.00) (0.94, 0.09, 1.00) #fs:   0  -- #Conts: 21 H(1)  A(9)  G(3)  E(6)  C(2) 
3125144805 10937.59 || noQ Q (Avg,Max,Min) (1.00, 1.00, 1.00) (0.94, 0.15, 1.00) #fs:   0  -- #Conts: 20 H(1)  A(8)  G(3)  E(6)  C(2) 
3125269439 10936.59 || noQ Q (Avg,Max,Min) (0.99, 1.00, 0.84) (0.94, 0.16, 1.00) #fs:   1  -- #Conts: 20 H(1)  A(8)  G(3)  E(6)  C(2) 
3125542458 10920.82 || noQ Q (Avg,Max,Min) (1.00, 1.00, 1.00) (0.95, 0.27, 1.00) #fs:   0  -- #Conts: 20 A(8)  G(4)  E(6)  C(2) 
3125873129 10914.76 || noQ Q (Avg,Max,Min) (1.00, 1.00, 1.00) (0.98, 0.91, 1.00) #fs:   0  -- #Conts: 20 A(9)  G(3)  E(6)  C(2) 
3126740931 10912.76 || noQ Q (Avg,Max,Min) (1.00, 1.00, 1.00) (0.99, 0.91, 1.00) #fs:   0  -- #Conts: 19 A(8)  G(3)  E(6)  C(2) 
3126740933 10911.76 || noQ Q (Avg,Max,Min) (1.00, 1.00, 1.00) (0.97, 0.60, 1.00) #fs:   0  -- #Conts: 20 A(8)  G(3)  E(7)  C(2) 
3131733643 10911.06 || noQ Q (Avg,Max,Min) (1.00, 1.00, 1.00) (0.97, 0.62, 1.00) #fs:   0  -- #Conts: 21 A(9)  G(3)  E(6)  C(3) 
3134437740 10910.06 || noQ Q (Avg,Max,Min) (1.00, 1.00, 1.00) (0.98, 0.91, 1.00) #fs:   0  -- #Conts: 21 A(10)  G(3)  E(6)  C(2) 
3250509377 10905.35 || noQ Q (Avg,Max,Min) (1.00, 1.00, 1.00) (0.97, 0.60, 1.00) #fs:   0  -- #Conts: 15 A(6)  G(2)  E(6)  C(1) 
3255470304 10883.35 || noQ Q (Avg,Max,Min) (1.00, 1.00, 1.00) (0.92, 0.16, 1.00) #fs:   0  -- #Conts: 17 H(2)  A(6)  G(2)  E(5)  C(2) 
3255591846 10882.35 || noQ Q (Avg,Max,Min) (1.00, 1.00, 1.00) (0.92, 0.11, 1.00) #fs:   0  -- #Conts: 17 H(2)  A(6)  G(2)  E(5)  C(2) 
3255626654 10881.35 || noQ Q (Avg,Max,Min) (1.00, 1.00, 1.00) (0.92, 0.11, 1.00) #fs:   0  -- #Conts: 17 H(2)  A(6)  G(2)  E(5)  C(2) 
3255694818 10867.59 || noQ Q (Avg,Max,Min) (1.00, 1.00, 1.00) (0.97, 0.82, 1.00) #fs:   0  -- #Conts: 16 H(2)  A(6)  G(1)  E(5)  C(2) 
3255729617 10866.59 || noQ Q (Avg,Max,Min) (1.00, 1.00, 1.00) (0.97, 0.85, 1.00) #fs:   0  -- #Conts: 16 H(2)  A(6)  G(1)  E(5)  C(2) 
3255845057 10865.59 || noQ Q (Avg,Max,Min) (1.00, 1.00, 1.00) (0.97, 0.84, 1.00) #fs:   0  -- #Conts: 16 H(2)  A(6)  G(1)  E(5)  C(2) 
3255873100 10864.59 || noQ Q (Avg,Max,Min) (1.00, 1.00, 1.00) (0.97, 0.86, 1.00) #fs:   0  -- #Conts: 16 H(2)  A(6)  G(1)  E(5)  C(2) 
3255980113 10863.59 || noQ Q (Avg,Max,Min) (1.00, 1.00, 1.00) (0.97, 0.86, 1.00) #fs:   0  -- #Conts: 16 H(2)  A(6)  G(1)  E(5)  C(2) 
3256002047 10861.59 || noQ Q (Avg,Max,Min) (1.00, 1.00, 1.00) (0.98, 0.86, 1.00) #fs:   0  -- #Conts: 16 H(2)  A(6)  G(1)  E(5)  C(2) 
3256148909 10860.59 || noQ Q (Avg,Max,Min) (1.00, 1.00, 1.00) (0.98, 0.86, 1.00) #fs:   0  -- #Conts: 16 H(2)  A(6)  G(1)  E(5)  C(2) 
3256295132 10858.59 || noQ Q (Avg,Max,Min) (1.00, 1.00, 1.00) (0.98, 0.86, 1.00) #fs:   0  -- #Conts: 16 H(2)  A(6)  G(1)  E(5)  C(2) 
3256330569 10856.59 || noQ Q (Avg,Max,Min) (1.00, 1.00, 1.00) (0.98, 0.86, 1.00) #fs:   0  -- #Conts: 16 H(2)  A(6)  G(1)  E(5)  C(2) 
3256438600 10855.59 || noQ Q (Avg,Max,Min) (1.00, 1.00, 1.00) (0.98, 0.86, 1.00) #fs:   0  -- #Conts: 16 H(2)  A(6)  G(1)  E(5)  C(2) 
3256577032 10854.59 || noQ Q (Avg,Max,Min) (1.00, 1.00, 1.00) (0.98, 0.86, 1.00) #fs:   0  -- #Conts: 16 H(2)  A(6)  G(1)  E(5)  C(2) 
3259332552 10849.24 || noQ Q (Avg,Max,Min) (1.00, 1.00, 1.00) (0.96, 0.61, 1.00) #fs:   0  -- #Conts: 16 H(1)  A(6)  G(2)  E(6)  C(1) 
3259671031 10847.53 || noQ Q (Avg,Max,Min) (1.00, 1.00, 1.00) (0.95, 0.42, 1.00) #fs:   0  -- #Conts: 16 H(1)  A(6)  G(2)  E(5)  C(2) 
3260081828 10836.76 || noQ Q (Avg,Max,Min) (1.00, 1.00, 1.00) (0.99, 0.92, 1.00) #fs:   0  -- #Conts: 14 A(6)  G(2)  E(4)  C(2) 
3260304605 10835.76 || noQ Q (Avg,Max,Min) (1.00, 1.00, 1.00) (0.99, 0.92, 1.00) #fs:   0  -- #Conts: 14 A(6)  G(2)  E(4)  C(2) 
3277761896 10834.35 || noQ Q (Avg,Max,Min) (1.00, 1.00, 1.00) (0.94, 0.62, 1.00) #fs:   0  -- #Conts: 15 A(7)  G(1)  E(4)  C(3) 
3280351469 10833.35 || noQ Q (Avg,Max,Min) (1.00, 1.00, 1.00) (0.96, 0.63, 1.00) #fs:   0  -- #Conts: 15 A(8)  G(1)  E(4)  C(2) 
3280653674 10832.35 || noQ Q (Avg,Max,Min) (1.00, 1.00, 1.00) (0.98, 0.91, 1.00) #fs:   0  -- #Conts: 15 A(9)  G(1)  E(4)  C(1) 
3380632829 10795.18 || noQ Q (Avg,Max,Min) (1.00, 1.00, 1.00) (0.93, 0.06, 1.00) #fs:   0  -- #Conts: 14 H(1)  A(7)  G(1)  E(4)  C(1) 
3380793095 10779.41 || noQ Q (Avg,Max,Min) (1.00, 1.00, 1.00) (0.93, 0.11, 1.00) #fs:   0  -- #Conts: 14 A(7)  G(2)  E(4)  C(1) 
3381276115 10763.65 || noQ Q (Avg,Max,Min) (1.00, 1.00, 1.00) (0.99, 0.92, 1.00) #fs:   0  -- #Conts: 13 A(7)  G(1)  E(4)  C(1) 
3381771996 10762.65 || noQ Q (Avg,Max,Min) (1.00, 1.00, 1.00) (0.99, 0.92, 1.00) #fs:   0  -- #Conts: 13 A(7)  G(1)  E(4)  C(1) 
3382561489 10760.65 || noQ Q (Avg,Max,Min) (1.00, 1.00, 1.00) (0.99, 0.94, 1.00) #fs:   0  -- #Conts: 13 A(7)  G(1)  E(4)  C(1) 
3654516266 10756.35 || noQ Q (Avg,Max,Min) (1.00, 1.00, 1.00) (0.88, 0.06, 1.00) #fs:   0  -- #Conts: 17 H(2)  A(8)  E(6)  C(1) 
3654620708 10740.59 || noQ Q (Avg,Max,Min) (1.00, 1.00, 1.00) (0.89, 0.09, 1.00) #fs:   0  -- #Conts: 17 H(1)  A(8)  G(1)  E(6)  C(1) 
3654740780 10724.82 || noQ Q (Avg,Max,Min) (1.00, 1.00, 1.00) (0.94, 0.15, 1.00) #fs:   0  -- #Conts: 16 H(1)  A(8)  E(6)  C(1) 
3655103705 10709.06 || noQ Q (Avg,Max,Min) (1.00, 1.00, 1.00) (0.94, 0.16, 1.00) #fs:   0  -- #Conts: 16 A(8)  G(1)  E(6)  C(1) 
3655469104 10695.29 || noQ Q (Avg,Max,Min) (1.00, 1.00, 1.00) (0.99, 0.91, 1.00) #fs:   0  -- #Conts: 15 A(8)  E(6)  C(1) 
3711797446 10694.47 || noQ Q (Avg,Max,Min) (1.00, 1.00, 1.00) (0.96, 0.64, 1.00) #fs:   0  -- #Conts: 18 A(9)  E(7)  C(2) 
3718847455 10693.47 || noQ Q (Avg,Max,Min) (1.00, 1.00, 1.00) (0.98, 0.91, 1.00) #fs:   0  -- #Conts: 17 A(9)  E(7)  C(1) 
4378788806 9681.94 || noQ Q (Avg,Max,Min) (1.00, 1.00, 1.00) (0.94, 0.09, 1.00) #fs:   0  -- #Conts: 17 H(1)  A(8)  G(3)  E(4)  C(1) 
4379013320 9679.94 || noQ Q (Avg,Max,Min) (1.00, 1.00, 1.00) (0.94, 0.16, 1.00) #fs:   0  -- #Conts: 17 H(1)  A(8)  G(3)  E(4)  C(1) 
4379416998 9664.18 || noQ Q (Avg,Max,Min) (1.00, 1.00, 1.00) (0.95, 0.27, 1.00) #fs:   0  -- #Conts: 17 A(8)  G(4)  E(4)  C(1) 
4379765830 9661.82 || noQ Q (Avg,Max,Min) (1.00, 1.00, 1.00) (0.91, 0.24, 1.00) #fs:   0  -- #Conts: 18 A(8)  G(3)  E(6)  C(1) 
4379986936 9661.18 || noQ Q (Avg,Max,Min) (1.00, 1.00, 1.00) (0.96, 0.43, 1.00) #fs:   0  -- #Conts: 16 A(7)  G(4)  E(4)  C(1) 
4380347337 9659.12 || noQ Q (Avg,Max,Min) (1.00, 1.00, 1.00) (0.92, 0.37, 1.00) #fs:   0  -- #Conts: 18 A(8)  G(3)  E(5)  C(2) 
4380633632 9655.12 || noQ Q (Avg,Max,Min) (1.00, 1.00, 1.00) (0.97, 0.61, 1.00) #fs:   0  -- #Conts: 17 A(8)  G(3)  E(5)  C(1) 
4381919023 9652.12 || noQ Q (Avg,Max,Min) (1.00, 1.00, 1.00) (0.99, 0.91, 1.00) #fs:   0  -- #Conts: 16 A(7)  G(3)  E(5)  C(1) 
4434414434 8718.47 || noQ Q (Avg,Max,Min) (1.00, 1.00, 1.00) (0.94, 0.09, 1.00) #fs:   0  -- #Conts: 17 H(1)  A(8)  G(3)  E(4)  C(1) 
4434638948 8716.47 || noQ Q (Avg,Max,Min) (1.00, 1.00, 1.00) (0.94, 0.15, 1.00) #fs:   0  -- #Conts: 17 H(1)  A(8)  G(3)  E(4)  C(1) 
4434651821 8702.71 || noQ Q (Avg,Max,Min) (1.00, 1.00, 1.00) (0.94, 0.16, 1.00) #fs:   0  -- #Conts: 17 A(8)  G(4)  E(4)  C(1) 
4435036601 8700.71 || noQ Q (Avg,Max,Min) (1.00, 1.00, 1.00) (0.95, 0.27, 1.00) #fs:   0  -- #Conts: 17 A(8)  G(4)  E(4)  C(1) 
4435367274 8693.65 || noQ Q (Avg,Max,Min) (1.00, 1.00, 1.00) (0.95, 0.36, 1.00) #fs:   0  -- #Conts: 17 A(8)  G(3)  E(5)  C(1) 
4436235076 8691.65 || noQ Q (Avg,Max,Min) (1.00, 1.00, 1.00) (0.97, 0.60, 1.00) #fs:   0  -- #Conts: 17 A(8)  G(3)  E(5)  C(1) 
4436302962 8690.94 || noQ Q (Avg,Max,Min) (1.00, 1.00, 1.00) (0.97, 0.62, 1.00) #fs:   0  -- #Conts: 17 A(8)  G(3)  E(4)  C(2) 
4440682692 7643.35 || noQ Q (Avg,Max,Min) (1.00, 1.00, 1.00) (0.89, 0.06, 1.00) #fs:   0  -- #Conts: 17 H(1)  A(9)  G(4)  E(2)  C(1) 
4440767292 7634.29 || noQ Q (Avg,Max,Min) (1.00, 1.00, 1.00) (0.91, 0.06, 1.00) #fs:   0  -- #Conts: 17 H(1)  A(9)  G(3)  E(3)  C(1) 
4440842958 7611.82 || noQ Q (Avg,Max,Min) (0.98, 1.00, 0.70) (0.95, 0.27, 1.00) #fs:   1  -- #Conts: 16 A(9)  G(4)  E(2)  C(1) 
4441325980 7609.47 || noQ Q (Avg,Max,Min) (1.00, 1.00, 1.00) (0.92, 0.24, 1.00) #fs:   0  -- #Conts: 17 A(9)  G(3)  E(4)  C(1) 
4441635094 7602.76 || noQ Q (Avg,Max,Min) (1.00, 1.00, 1.00) (0.97, 0.60, 1.00) #fs:   0  -- #Conts: 16 A(9)  G(3)  E(3)  C(1) 
4447108176 7602.06 || noQ Q (Avg,Max,Min) (1.00, 1.00, 1.00) (0.98, 0.62, 1.00) #fs:   0  -- #Conts: 16 A(9)  G(3)  E(2)  C(2) 
4447108178 7601.06 || noQ Q (Avg,Max,Min) (1.00, 1.00, 1.00) (0.97, 0.62, 1.00) #fs:   0  -- #Conts: 17 A(10)  G(3)  E(2)  C(2) 
4449331881 7600.06 || noQ Q (Avg,Max,Min) (1.00, 1.00, 1.00) (1.00, 1.00, 1.00) #fs:   0  -- #Conts: 15 A(9)  G(3)  E(2)  C(1) 
4964010411 7563.76 || noQ Q (Avg,Max,Min) (1.00, 1.00, 1.00) (0.94, 0.09, 1.00) #fs:   0  -- #Conts: 15 H(1)  A(9)  E(4)  C(1) 
4964234925 7561.76 || noQ Q (Avg,Max,Min) (1.00, 1.00, 1.00) (0.94, 0.15, 1.00) #fs:   0  -- #Conts: 15 H(1)  A(9)  E(4)  C(1) 
4964247798 7548.00 || noQ Q (Avg,Max,Min) (1.00, 1.00, 1.00) (0.94, 0.16, 1.00) #fs:   0  -- #Conts: 15 A(9)  G(1)  E(4)  C(1) 
4964632578 7546.00 || noQ Q (Avg,Max,Min) (1.00, 1.00, 1.00) (0.95, 0.27, 1.00) #fs:   0  -- #Conts: 15 A(9)  G(1)  E(4)  C(1) 
4964963251 7538.94 || noQ Q (Avg,Max,Min) (1.00, 1.00, 1.00) (0.96, 0.36, 1.00) #fs:   0  -- #Conts: 15 A(9)  E(5)  C(1) 
4965831053 7536.94 || noQ Q (Avg,Max,Min) (1.00, 1.00, 1.00) (0.97, 0.60, 1.00) #fs:   0  -- #Conts: 15 A(9)  E(5)  C(1) 
4965898939 7536.24 || noQ Q (Avg,Max,Min) (1.00, 1.00, 1.00) (0.97, 0.62, 1.00) #fs:   0  -- #Conts: 15 A(9)  E(4)  C(2) 
4977839186 7535.24 || noQ Q (Avg,Max,Min) (1.00, 1.00, 1.00) (0.97, 0.64, 1.00) #fs:   0  -- #Conts: 16 A(10)  E(4)  C(2) 
4985777865 7534.24 || noQ Q (Avg,Max,Min) (1.00, 1.00, 1.00) (1.00, 1.00, 1.00) #fs:   0  -- #Conts: 14 A(9)  E(4)  C(1) 
6442835828 7534.06 || noQ Q (Avg,Max,Min) (1.00, 1.00, 1.00) (0.93, 0.11, 1.00) #fs:   1  -- #Conts: 12 A(8)  G(1)  E(2)  C(1) 
6443318850 7525.00 || noQ Q (Avg,Max,Min) (1.00, 1.00, 1.00) (0.94, 0.24, 1.00) #fs:   1  -- #Conts: 12 A(8)  E(3)  C(1) 
6443950558 7522.29 || noQ Q (Avg,Max,Min) (1.00, 1.00, 1.00) (0.95, 0.42, 1.00) #fs:   1  -- #Conts: 12 A(8)  E(2)  C(2) 
6449101046 7520.29 || noQ Q (Avg,Max,Min) (1.00, 1.00, 1.00) (1.00, 1.00, 1.00) #fs:   1  -- #Conts: 11 A(8)  E(2)  C(1) 
/////////////////size: 382
nodes 97 edges 109
 mulT: 5000 mulD: 1  sumData GB 2
pareto /SIPHT.n.100.0.dax time -> 5711.0
moheft /SIPHT.n.100.0.dax time -> 11000.0
distance from M to C 0.0
distance from P to C 565.5833318101895
distance from C to M 6.597023549882991
distance from C to P 417.2641786408027
toCompare: /SIPHT.n.100.0.dax sumDataGB: 2 mulT: 5000 mulD: 1 paretoOptTime_MS: 5711.0 MoheftOptimizationTime_MS: 11000.0 MtoC 0.0 PtoC 565.5833318101895 CtoM 6.597023549882991 CtoP 417.2641786408027
