specify -Dflow d,b,mt,md,size
Running /home/vaggelis/jc/SIPHT.n.100.0.dax mt 30 md: 5000 size null
   5705678 252.24 || noQ Q (Avg,Max,Min) (1.08, 1.80, 0.77) (0.90, 0.71, 1.41) #fs:   7  -- #Conts: 5 H(5) 
   6835739 220.71 || noQ Q (Avg,Max,Min) (1.10, 1.81, 0.77) (1.01, 0.76, 1.43) #fs:   5  -- #Conts: 5 H(5) 
  10776166 204.94 || noQ Q (Avg,Max,Min) (1.04, 1.87, 0.75) (0.89, 0.62, 1.21) #fs:  11  -- #Conts: 7 G(7) 
  12539098 189.18 || noQ Q (Avg,Max,Min) (1.15, 1.55, 0.72) (0.99, 0.43, 1.42) #fs:   4  -- #Conts: 7 H(1)  G(6) 
  13232503 173.41 || noQ Q (Avg,Max,Min) (1.18, 1.55, 0.72) (1.03, 0.67, 1.42) #fs:   3  -- #Conts: 7 G(7) 
  19800631 167.65 || noQ Q (Avg,Max,Min) (1.05, 1.39, 0.84) (0.93, 0.73, 1.21) #fs:   5  -- #Conts: 9 E(9) 
  23878536 160.94 || noQ Q (Avg,Max,Min) (1.08, 1.39, 0.84) (0.98, 0.81, 1.21) #fs:   4  -- #Conts: 8 E(8) 
  25582183 149.88 || noQ Q (Avg,Max,Min) (1.11, 1.35, 1.00) (1.02, 0.71, 1.29) #fs:   0  -- #Conts: 6 G(1)  E(5) 
  28645004 147.53 || noQ Q (Avg,Max,Min) (1.11, 1.35, 1.00) (1.03, 0.78, 1.29) #fs:   0  -- #Conts: 6 E(6) 
  28683339 140.82 || noQ Q (Avg,Max,Min) (1.13, 1.35, 1.02) (1.10, 0.97, 1.29) #fs:   0  -- #Conts: 5 E(5) 
/////////////////size: 10
   5353894 252.24 || noQ Q (Avg,Max,Min) (1.11, 1.68, 0.76) (0.90, 0.76, 1.24) #fs:   6  -- #Conts: 5 H(5) 
   6137885 236.47 || noQ Q (Avg,Max,Min) (1.11, 1.75, 0.76) (0.93, 0.65, 1.34) #fs:   5  -- #Conts: 6 H(5)  G(1) 
   6604275 220.71 || noQ Q (Avg,Max,Min) (1.12, 1.75, 0.76) (1.02, 0.76, 1.34) #fs:   5  -- #Conts: 5 H(5) 
   6783523 189.18 || noQ Q (Avg,Max,Min) (1.23, 1.34, 1.08) (1.10, 0.79, 1.20) #fs:   1  -- #Conts: 5 H(3)  G(2) 
   9694920 186.82 || noQ Q (Avg,Max,Min) (1.23, 1.56, 1.00) (1.07, 0.70, 1.47) #fs:   2  -- #Conts: 6 H(3)  G(2)  E(1) 
  12512968 184.12 || noQ Q (Avg,Max,Min) (1.37, 2.01, 1.01) (1.18, 0.65, 1.93) #fs:   0  -- #Conts: 10 H(3)  G(5)  E(1)  C(1) 
  13197929 177.76 || noQ Q (Avg,Max,Min) (1.44, 1.85, 1.02) (1.20, 0.73, 1.47) #fs:   0  -- #Conts: 8 H(3)  G(3)  E(2) 
  13578382 171.06 || noQ Q (Avg,Max,Min) (1.42, 1.61, 1.08) (1.27, 0.79, 1.47) #fs:   0  -- #Conts: 7 H(3)  G(3)  E(1) 
  16628674 167.29 || noQ Q (Avg,Max,Min) (1.24, 1.96, 1.01) (1.03, 0.62, 1.42) #fs:   1  -- #Conts: 9 G(4)  E(4)  C(1) 
  18040778 166.24 || noQ Q (Avg,Max,Min) (1.88, 7.52, 1.00) (0.93, 0.03, 1.42) #fs:   0  -- #Conts: 9 H(1)  G(2)  E(4)  C(2) 
  18086551 163.24 || noQ Q (Avg,Max,Min) (1.32, 2.47, 1.00) (0.93, 0.04, 1.42) #fs:   0  -- #Conts: 9 H(1)  G(2)  A(1)  E(4)  C(1) 
  18630208 151.53 || noQ Q (Avg,Max,Min) (1.25, 1.56, 1.04) (1.14, 0.89, 1.42) #fs:   0  -- #Conts: 8 G(3)  E(4)  C(1) 
  18804209 150.18 || noQ Q (Avg,Max,Min) (1.16, 1.56, 0.52) (1.03, 0.18, 1.42) #fs:   1  -- #Conts: 9 G(2)  A(1)  E(5)  C(1) 
  18821817 149.18 || noQ Q (Avg,Max,Min) (1.23, 1.55, 1.04) (1.13, 0.84, 1.42) #fs:   1  -- #Conts: 8 G(2)  E(5)  C(1) 
  22169611 147.76 || noQ Q (Avg,Max,Min) (1.23, 1.63, 1.00) (1.14, 0.81, 1.44) #fs:   0  -- #Conts: 8 G(2)  E(4)  C(2) 
  31136381 144.35 || noQ Q (Avg,Max,Min) (1.26, 1.59, 1.00) (1.20, 0.71, 1.59) #fs:   0  -- #Conts: 8 G(1)  E(4)  C(3) 
  32532022 142.94 || noQ Q (Avg,Max,Min) (1.23, 1.57, 1.00) (1.14, 0.70, 1.52) #fs:   0  -- #Conts: 7 G(1)  E(3)  C(3) 
  33618304 137.65 || noQ Q (Avg,Max,Min) (1.28, 1.57, 1.00) (1.24, 0.98, 1.52) #fs:   0  -- #Conts: 7 G(1)  E(3)  C(3) 
  41235980 137.53 || noQ Q (Avg,Max,Min) (1.26, 1.57, 1.02) (1.22, 1.01, 1.52) #fs:   0  -- #Conts: 6 G(1)  E(2)  C(3) 
/////////////////size: 19
nodes 97 edges 109
 mulT: 30 mulD: 5000  sumData GB 11037
pareto /SIPHT.n.100.0.dax time -> 9585.0
moheft /SIPHT.n.100.0.dax time -> 585.0
distance from M to C 0.05180268338165665
distance from P to C 1.056440737290208
distance from C to M 0.2954447128992237
distance from C to P 1.2188918789678058
toCompare: /SIPHT.n.100.0.dax sumDataGB: 11037 mulT: 30 mulD: 5000 paretoOptTime_MS: 9585.0 MoheftOptimizationTime_MS: 585.0 MtoC 0.05180268338165665 PtoC 1.056440737290208 CtoM 0.2954447128992237 CtoP 1.2188918789678058
