specify -Dflow d,b,mt,md,size
Running /home/vaggelis/jc/CYBERSHAKE.n.50.0.dax mt 10000 md: 1000 size null
  95679460 4051.53 || noQ Q (Avg,Max,Min) (1.21, 1.33, 1.03) (1.15, 1.02, 1.32) #fs:   4  -- #Conts: 17 H(16)  G(1) 
  95841058 4020.00 || noQ Q (Avg,Max,Min) (1.21, 1.30, 1.04) (1.16, 1.02, 1.29) #fs:   2  -- #Conts: 16 H(15)  G(1) 
  98717531 3988.47 || noQ Q (Avg,Max,Min) (1.20, 1.30, 1.04) (1.18, 1.02, 1.29) #fs:   2  -- #Conts: 15 H(14)  G(1) 
  99402893 3956.94 || noQ Q (Avg,Max,Min) (1.21, 1.30, 1.04) (1.19, 1.02, 1.29) #fs:   1  -- #Conts: 14 H(13)  G(1) 
 112997928 3941.18 || noQ Q (Avg,Max,Min) (1.17, 1.30, 1.00) (1.11, 0.55, 1.30) #fs:   0  -- #Conts: 9 H(9) 
 158999782 3405.18 || noQ Q (Avg,Max,Min) (1.10, 1.22, 0.68) (1.03, 0.25, 1.22) #fs:   1  -- #Conts: 17 G(17) 
 159283763 3389.41 || noQ Q (Avg,Max,Min) (1.10, 1.22, 0.75) (1.05, 0.25, 1.22) #fs:   1  -- #Conts: 17 G(17) 
 349840962 3256.35 || noQ Q (Avg,Max,Min) (0.99, 1.09, 0.58) (0.95, 0.42, 1.08) #fs:   4  -- #Conts: 24 E(23)  C(1) 
 350036708 3249.65 || noQ Q (Avg,Max,Min) (1.01, 1.09, 0.61) (0.97, 0.54, 1.08) #fs:   3  -- #Conts: 23 E(22)  C(1) 
 350088450 3242.94 || noQ Q (Avg,Max,Min) (1.02, 1.09, 0.61) (0.98, 0.54, 1.08) #fs:   3  -- #Conts: 23 E(22)  C(1) 
/////////////////size: 10
  95490714 3771.41 || noQ Q (Avg,Max,Min) (1.13, 1.26, 0.91) (1.11, 0.89, 1.25) #fs:   8  -- #Conts: 21 H(6)  G(13)  E(2) 
  95665956 3739.88 || noQ Q (Avg,Max,Min) (1.15, 1.26, 0.91) (1.11, 0.90, 1.25) #fs:   7  -- #Conts: 21 H(6)  G(13)  E(2) 
  95695110 3708.35 || noQ Q (Avg,Max,Min) (1.16, 1.26, 1.04) (1.12, 1.00, 1.25) #fs:   7  -- #Conts: 21 H(6)  G(13)  E(2) 
  95758759 3702.00 || noQ Q (Avg,Max,Min) (1.16, 1.26, 1.04) (1.13, 1.00, 1.25) #fs:   6  -- #Conts: 20 H(6)  G(13)  E(1) 
  98594484 3692.94 || noQ Q (Avg,Max,Min) (1.15, 1.29, 1.00) (1.09, 0.12, 1.25) #fs:   4  -- #Conts: 20 H(6)  G(12)  E(2) 
  98660137 3686.24 || noQ Q (Avg,Max,Min) (1.16, 1.29, 1.08) (1.15, 1.08, 1.25) #fs:   4  -- #Conts: 19 H(6)  G(12)  E(1) 
  99678978 3677.18 || noQ Q (Avg,Max,Min) (1.15, 1.23, 1.00) (1.08, 0.12, 1.20) #fs:   3  -- #Conts: 19 H(5)  G(12)  E(2) 
  99793764 3670.47 || noQ Q (Avg,Max,Min) (1.16, 1.23, 1.07) (1.14, 1.04, 1.20) #fs:   3  -- #Conts: 18 H(5)  G(12)  E(1) 
 100008221 3668.12 || noQ Q (Avg,Max,Min) (1.14, 1.23, 1.00) (1.07, 0.37, 1.20) #fs:   3  -- #Conts: 20 H(5)  G(12)  E(3) 
 100561353 3665.41 || noQ Q (Avg,Max,Min) (1.15, 1.23, 1.00) (1.07, 0.21, 1.20) #fs:   2  -- #Conts: 20 H(5)  G(12)  E(2)  C(1) 
 100638203 3661.41 || noQ Q (Avg,Max,Min) (1.15, 1.23, 1.00) (1.12, 0.81, 1.20) #fs:   1  -- #Conts: 19 H(5)  G(12)  E(2) 
 100977157 3658.71 || noQ Q (Avg,Max,Min) (1.15, 1.23, 1.00) (1.11, 0.64, 1.20) #fs:   3  -- #Conts: 19 H(5)  G(12)  E(1)  C(1) 
 101398810 3631.18 || noQ Q (Avg,Max,Min) (1.14, 1.20, 1.00) (1.10, 0.64, 1.20) #fs:   1  -- #Conts: 18 H(4)  G(11)  E(2)  C(1) 
 101890631 3627.18 || noQ Q (Avg,Max,Min) (1.15, 1.20, 1.03) (1.13, 1.03, 1.20) #fs:   2  -- #Conts: 17 H(4)  G(11)  E(2) 
 103288268 3619.41 || noQ Q (Avg,Max,Min) (1.13, 1.28, 1.00) (1.06, 0.38, 1.28) #fs:   2  -- #Conts: 19 H(4)  G(10)  A(1)  E(3)  C(1) 
 103635438 3615.41 || noQ Q (Avg,Max,Min) (1.14, 1.28, 1.00) (1.10, 0.49, 1.28) #fs:   2  -- #Conts: 18 H(4)  G(10)  A(1)  E(3) 
 103878457 3612.71 || noQ Q (Avg,Max,Min) (1.14, 1.28, 0.98) (1.11, 0.59, 1.28) #fs:   3  -- #Conts: 18 H(4)  G(10)  A(1)  E(2)  C(1) 
 104278131 3610.71 || noQ Q (Avg,Max,Min) (1.14, 1.28, 0.90) (1.12, 0.70, 1.28) #fs:   3  -- #Conts: 17 H(4)  G(10)  E(2)  C(1) 
 104422354 3608.71 || noQ Q (Avg,Max,Min) (1.15, 1.28, 1.00) (1.14, 1.00, 1.28) #fs:   2  -- #Conts: 17 H(4)  G(10)  A(1)  E(2) 
 104838958 3606.71 || noQ Q (Avg,Max,Min) (1.16, 1.28, 1.03) (1.15, 1.03, 1.28) #fs:   2  -- #Conts: 16 H(4)  G(10)  E(2) 
 106049958 3605.65 || noQ Q (Avg,Max,Min) (1.14, 1.28, 1.00) (1.11, 0.64, 1.28) #fs:   3  -- #Conts: 18 H(4)  G(10)  E(2)  C(2) 
 108946610 3599.88 || noQ Q (Avg,Max,Min) (1.13, 1.28, 0.92) (1.11, 0.91, 1.28) #fs:   2  -- #Conts: 18 H(4)  G(9)  E(3)  C(2) 
 114351742 3592.82 || noQ Q (Avg,Max,Min) (1.12, 1.32, 1.00) (1.02, 0.37, 1.32) #fs:   2  -- #Conts: 25 H(3)  G(13)  A(1)  E(5)  C(3) 
 114514225 3577.06 || noQ Q (Avg,Max,Min) (1.12, 1.32, 1.00) (1.02, 0.37, 1.32) #fs:   1  -- #Conts: 25 H(3)  G(13)  A(1)  E(5)  C(3) 
 114583659 3575.06 || noQ Q (Avg,Max,Min) (1.12, 1.32, 1.00) (1.02, 0.37, 1.32) #fs:   2  -- #Conts: 24 H(3)  G(13)  E(5)  C(3) 
 114757244 3568.35 || noQ Q (Avg,Max,Min) (1.12, 1.32, 0.92) (1.05, 0.22, 1.32) #fs:   2  -- #Conts: 23 H(3)  G(13)  E(4)  C(3) 
 114932440 3561.65 || noQ Q (Avg,Max,Min) (1.13, 1.32, 0.92) (1.08, 0.65, 1.32) #fs:   1  -- #Conts: 22 H(3)  G(13)  E(3)  C(3) 
 114982903 3543.29 || noQ Q (Avg,Max,Min) (1.13, 1.25, 0.99) (1.06, 0.37, 1.24) #fs:   4  -- #Conts: 21 H(2)  G(14)  E(5) 
 115097871 3538.24 || noQ Q (Avg,Max,Min) (1.13, 1.25, 0.99) (1.04, 0.37, 1.24) #fs:   2  -- #Conts: 22 H(2)  G(14)  E(5)  C(1) 
 115116478 3535.53 || noQ Q (Avg,Max,Min) (1.13, 1.25, 0.99) (1.05, 0.49, 1.24) #fs:   3  -- #Conts: 22 H(2)  G(14)  E(4)  C(2) 
 115192047 3532.82 || noQ Q (Avg,Max,Min) (1.13, 1.25, 0.95) (1.08, 0.65, 1.24) #fs:   3  -- #Conts: 21 H(2)  G(14)  E(3)  C(2) 
 115214885 3528.82 || noQ Q (Avg,Max,Min) (1.13, 1.25, 1.00) (1.06, 0.65, 1.25) #fs:   1  -- #Conts: 22 H(2)  G(14)  E(4)  C(2) 
 115354459 3526.12 || noQ Q (Avg,Max,Min) (1.13, 1.25, 0.95) (1.08, 0.65, 1.25) #fs:   1  -- #Conts: 21 H(2)  G(14)  E(3)  C(2) 
 116263465 3521.06 || noQ Q (Avg,Max,Min) (1.13, 1.29, 1.00) (1.06, 0.48, 1.29) #fs:   1  -- #Conts: 21 H(2)  G(13)  E(3)  C(3) 
 116356043 3520.06 || noQ Q (Avg,Max,Min) (1.13, 1.29, 1.00) (1.07, 0.48, 1.29) #fs:   1  -- #Conts: 21 H(2)  G(13)  A(1)  E(3)  C(2) 
 116604848 3514.35 || noQ Q (Avg,Max,Min) (1.13, 1.29, 1.00) (1.06, 0.48, 1.29) #fs:   0  -- #Conts: 21 H(2)  G(13)  E(3)  C(3) 
 116610635 3513.35 || noQ Q (Avg,Max,Min) (1.13, 1.29, 1.00) (1.07, 0.48, 1.29) #fs:   0  -- #Conts: 21 H(2)  G(13)  A(1)  E(3)  C(2) 
 116697427 3510.35 || noQ Q (Avg,Max,Min) (1.13, 1.29, 1.00) (1.09, 0.64, 1.29) #fs:   0  -- #Conts: 20 H(2)  G(13)  E(3)  C(2) 
 116971886 3490.59 || noQ Q (Avg,Max,Min) (1.14, 1.26, 1.00) (1.10, 0.56, 1.25) #fs:   0  -- #Conts: 20 H(1)  G(15)  E(3)  C(1) 
 117241326 3486.59 || noQ Q (Avg,Max,Min) (1.14, 1.26, 1.00) (1.10, 0.64, 1.25) #fs:   0  -- #Conts: 20 H(1)  G(15)  E(3)  C(1) 
 117385982 3482.59 || noQ Q (Avg,Max,Min) (1.14, 1.26, 1.04) (1.13, 1.04, 1.25) #fs:   0  -- #Conts: 19 H(1)  G(15)  E(3) 
 118262201 3480.24 || noQ Q (Avg,Max,Min) (1.14, 1.26, 1.00) (1.09, 0.45, 1.25) #fs:   1  -- #Conts: 19 H(1)  G(15)  E(2)  C(1) 
 118620944 3476.24 || noQ Q (Avg,Max,Min) (1.15, 1.26, 1.04) (1.13, 1.01, 1.25) #fs:   0  -- #Conts: 18 H(1)  G(15)  E(2) 
 120986574 3472.82 || noQ Q (Avg,Max,Min) (1.13, 1.26, 1.00) (1.10, 0.60, 1.26) #fs:   2  -- #Conts: 20 H(1)  G(14)  E(5) 
 122088620 3472.35 || noQ Q (Avg,Max,Min) (1.11, 1.26, 0.70) (1.09, 0.50, 1.25) #fs:   2  -- #Conts: 21 H(1)  G(13)  E(6)  C(1) 
 122285347 3468.35 || noQ Q (Avg,Max,Min) (1.11, 1.26, 0.66) (1.09, 0.64, 1.25) #fs:   2  -- #Conts: 21 H(1)  G(13)  E(6)  C(1) 
 123399588 3459.53 || noQ Q (Avg,Max,Min) (1.10, 1.26, 0.98) (1.03, 0.58, 1.25) #fs:   4  -- #Conts: 24 H(1)  G(11)  E(10)  C(2) 
 123844905 3458.24 || noQ Q (Avg,Max,Min) (1.10, 1.26, 1.00) (1.03, 0.58, 1.25) #fs:   2  -- #Conts: 24 H(1)  G(11)  E(11)  C(1) 
 124001500 3455.53 || noQ Q (Avg,Max,Min) (1.10, 1.26, 1.00) (1.04, 0.58, 1.25) #fs:   2  -- #Conts: 24 H(1)  G(11)  E(10)  C(2) 
 124068595 3452.82 || noQ Q (Avg,Max,Min) (1.10, 1.26, 1.00) (1.07, 0.69, 1.25) #fs:   2  -- #Conts: 23 H(1)  G(11)  E(9)  C(2) 
 124288593 3451.53 || noQ Q (Avg,Max,Min) (1.10, 1.26, 0.97) (1.08, 0.89, 1.25) #fs:   4  -- #Conts: 23 H(1)  G(11)  E(10)  C(1) 
 125138244 3448.53 || noQ Q (Avg,Max,Min) (1.10, 1.26, 1.00) (1.06, 0.25, 1.25) #fs:   2  -- #Conts: 23 H(1)  G(11)  A(1)  E(10) 
 127636200 3447.76 || noQ Q (Avg,Max,Min) (1.09, 1.26, 0.94) (1.04, 0.25, 1.25) #fs:   1  -- #Conts: 25 H(1)  G(11)  A(3)  E(8)  C(2) 
 127705803 3446.76 || noQ Q (Avg,Max,Min) (1.10, 1.26, 0.94) (1.08, 0.67, 1.25) #fs:   1  -- #Conts: 24 H(1)  G(11)  A(2)  E(8)  C(2) 
 135406432 3438.88 || noQ Q (Avg,Max,Min) (1.08, 1.18, 0.82) (1.02, 0.59, 1.18) #fs:   2  -- #Conts: 23 H(1)  G(9)  A(1)  E(8)  C(4) 
 138859738 3436.88 || noQ Q (Avg,Max,Min) (1.08, 1.18, 0.82) (1.04, 0.68, 1.18) #fs:   3  -- #Conts: 22 H(1)  G(9)  A(1)  E(8)  C(3) 
 139611155 3434.88 || noQ Q (Avg,Max,Min) (1.08, 1.18, 1.00) (1.02, 0.68, 1.18) #fs:   1  -- #Conts: 25 H(1)  G(9)  A(4)  E(8)  C(3) 
 139611158 3433.88 || noQ Q (Avg,Max,Min) (1.08, 1.18, 0.89) (1.03, 0.68, 1.18) #fs:   2  -- #Conts: 25 H(1)  G(9)  A(4)  E(8)  C(3) 
 144582634 3432.88 || noQ Q (Avg,Max,Min) (1.08, 1.18, 1.00) (1.05, 0.70, 1.18) #fs:   1  -- #Conts: 24 H(1)  G(9)  A(4)  E(8)  C(2) 
 150414434 3430.59 || noQ Q (Avg,Max,Min) (1.07, 1.19, 1.00) (1.01, 0.03, 1.18) #fs:   1  -- #Conts: 24 H(1)  G(6)  A(4)  E(10)  C(3) 
 150499926 3423.88 || noQ Q (Avg,Max,Min) (1.08, 1.19, 1.00) (1.05, 0.70, 1.18) #fs:   1  -- #Conts: 23 H(1)  G(6)  A(4)  E(9)  C(3) 
 151015830 3422.88 || noQ Q (Avg,Max,Min) (1.08, 1.19, 1.00) (1.06, 0.70, 1.18) #fs:   1  -- #Conts: 22 H(1)  G(6)  A(3)  E(9)  C(3) 
 152075638 3421.88 || noQ Q (Avg,Max,Min) (1.08, 1.19, 1.00) (1.05, 0.70, 1.18) #fs:   1  -- #Conts: 23 H(1)  G(6)  A(4)  E(9)  C(3) 
 152165834 3420.88 || noQ Q (Avg,Max,Min) (1.08, 1.19, 1.00) (1.07, 0.94, 1.18) #fs:   1  -- #Conts: 22 H(1)  G(6)  A(3)  E(9)  C(3) 
 152932498 3419.88 || noQ Q (Avg,Max,Min) (1.08, 1.19, 1.00) (1.07, 0.94, 1.18) #fs:   1  -- #Conts: 21 H(1)  G(6)  A(2)  E(9)  C(3) 
 152977599 3419.59 || noQ Q (Avg,Max,Min) (1.08, 1.19, 0.90) (1.08, 0.84, 1.18) #fs:   2  -- #Conts: 20 H(1)  G(6)  A(2)  E(9)  C(2) 
 158426621 3384.12 || noQ Q (Avg,Max,Min) (1.11, 1.28, 0.99) (1.03, 0.20, 1.28) #fs:   1  -- #Conts: 22 H(1)  G(13)  A(1)  E(6)  C(1) 
 158664410 3382.12 || noQ Q (Avg,Max,Min) (1.11, 1.28, 1.00) (1.03, 0.26, 1.28) #fs:   0  -- #Conts: 21 H(1)  G(13)  E(6)  C(1) 
 158730633 3377.06 || noQ Q (Avg,Max,Min) (1.11, 1.28, 1.00) (1.01, 0.28, 1.28) #fs:   2  -- #Conts: 22 G(13)  E(7)  C(2) 
 158883412 3370.35 || noQ Q (Avg,Max,Min) (1.11, 1.28, 1.00) (1.05, 0.65, 1.28) #fs:   2  -- #Conts: 21 G(13)  E(6)  C(2) 
 159231226 3366.35 || noQ Q (Avg,Max,Min) (1.11, 1.28, 0.93) (1.08, 0.75, 1.28) #fs:   2  -- #Conts: 20 G(13)  E(6)  C(1) 
 159747431 3364.82 || noQ Q (Avg,Max,Min) (1.09, 1.23, 0.77) (1.05, 0.64, 1.22) #fs:   3  -- #Conts: 22 G(11)  E(8)  C(3) 
 159849821 3360.82 || noQ Q (Avg,Max,Min) (1.10, 1.23, 1.00) (1.07, 0.80, 1.22) #fs:   1  -- #Conts: 22 G(11)  E(8)  C(3) 
 160238022 3356.82 || noQ Q (Avg,Max,Min) (1.10, 1.23, 1.00) (1.07, 0.80, 1.22) #fs:   0  -- #Conts: 21 G(11)  E(8)  C(2) 
 160390889 3355.76 || noQ Q (Avg,Max,Min) (1.10, 1.23, 1.00) (1.04, 0.48, 1.22) #fs:   0  -- #Conts: 23 G(11)  E(9)  C(3) 
 161222161 3351.76 || noQ Q (Avg,Max,Min) (1.10, 1.23, 1.00) (1.06, 0.73, 1.22) #fs:   0  -- #Conts: 22 G(11)  E(9)  C(2) 
 165312486 3349.71 || noQ Q (Avg,Max,Min) (1.09, 1.18, 0.99) (1.01, 0.12, 1.16) #fs:   3  -- #Conts: 22 G(11)  A(1)  E(7)  C(3) 
 165351201 3345.71 || noQ Q (Avg,Max,Min) (1.09, 1.18, 0.99) (1.04, 0.12, 1.16) #fs:   3  -- #Conts: 21 G(11)  A(1)  E(7)  C(2) 
 165402626 3343.00 || noQ Q (Avg,Max,Min) (1.09, 1.18, 0.99) (1.04, 0.21, 1.16) #fs:   3  -- #Conts: 21 G(11)  A(1)  E(6)  C(3) 
 165457137 3339.00 || noQ Q (Avg,Max,Min) (1.10, 1.18, 0.99) (1.08, 0.94, 1.16) #fs:   3  -- #Conts: 20 G(11)  A(1)  E(6)  C(2) 
 169051948 3331.53 || noQ Q (Avg,Max,Min) (1.09, 1.19, 0.99) (1.07, 0.83, 1.19) #fs:   2  -- #Conts: 21 G(10)  E(8)  C(3) 
 169266162 3331.18 || noQ Q (Avg,Max,Min) (1.08, 1.19, 0.96) (1.05, 0.42, 1.19) #fs:   5  -- #Conts: 21 G(9)  E(9)  C(3) 
 170200776 3329.18 || noQ Q (Avg,Max,Min) (1.09, 1.19, 0.97) (1.06, 0.70, 1.19) #fs:   4  -- #Conts: 21 G(9)  A(1)  E(9)  C(2) 
 171140351 3327.18 || noQ Q (Avg,Max,Min) (1.09, 1.19, 0.97) (1.08, 0.96, 1.19) #fs:   4  -- #Conts: 20 G(9)  E(9)  C(2) 
 172133969 3320.24 || noQ Q (Avg,Max,Min) (1.07, 1.19, 0.94) (1.02, 0.68, 1.19) #fs:   2  -- #Conts: 22 G(6)  E(10)  C(6) 
 172731948 3316.24 || noQ Q (Avg,Max,Min) (1.07, 1.19, 1.00) (1.03, 0.68, 1.19) #fs:   1  -- #Conts: 22 G(6)  E(10)  C(6) 
 178729211 3314.18 || noQ Q (Avg,Max,Min) (1.06, 1.16, 0.76) (1.02, 0.56, 1.15) #fs:   1  -- #Conts: 20 G(5)  A(1)  E(11)  C(3) 
 178781410 3312.18 || noQ Q (Avg,Max,Min) (1.06, 1.16, 1.00) (1.02, 0.64, 1.15) #fs:   0  -- #Conts: 21 G(5)  A(2)  E(11)  C(3) 
 179129506 3310.47 || noQ Q (Avg,Max,Min) (1.06, 1.16, 0.91) (1.02, 0.48, 1.15) #fs:   1  -- #Conts: 21 G(5)  A(1)  E(11)  C(4) 
 179163871 3310.18 || noQ Q (Avg,Max,Min) (1.07, 1.16, 1.00) (1.03, 0.64, 1.15) #fs:   1  -- #Conts: 20 G(5)  A(1)  E(11)  C(3) 
 179254067 3309.18 || noQ Q (Avg,Max,Min) (1.07, 1.16, 1.00) (1.04, 0.64, 1.15) #fs:   1  -- #Conts: 20 G(5)  A(1)  E(11)  C(3) 
 179642547 3308.47 || noQ Q (Avg,Max,Min) (1.06, 1.16, 0.90) (1.05, 0.84, 1.15) #fs:   1  -- #Conts: 20 G(5)  E(11)  C(4) 
 179720985 3307.18 || noQ Q (Avg,Max,Min) (1.07, 1.16, 1.00) (1.05, 0.64, 1.15) #fs:   0  -- #Conts: 19 G(5)  E(11)  C(3) 
 180112474 3305.18 || noQ Q (Avg,Max,Min) (1.07, 1.16, 1.00) (1.06, 0.95, 1.15) #fs:   0  -- #Conts: 19 G(5)  A(1)  E(11)  C(2) 
 212507268 3296.35 || noQ Q (Avg,Max,Min) (1.06, 1.09, 1.00) (1.02, 0.70, 1.09) #fs:   0  -- #Conts: 18 G(2)  A(2)  E(10)  C(4) 
 213315173 3293.65 || noQ Q (Avg,Max,Min) (1.05, 1.10, 0.81) (1.02, 0.62, 1.09) #fs:   1  -- #Conts: 18 G(2)  A(2)  E(10)  C(4) 
 216072982 3293.00 || noQ Q (Avg,Max,Min) (1.05, 1.16, 1.00) (0.96, 0.03, 1.15) #fs:   0  -- #Conts: 24 G(2)  A(6)  E(12)  C(4) 
 216088693 3291.29 || noQ Q (Avg,Max,Min) (1.04, 1.16, 0.92) (0.98, 0.52, 1.15) #fs:   1  -- #Conts: 23 G(2)  A(6)  E(11)  C(4) 
 216088696 3287.29 || noQ Q (Avg,Max,Min) (1.04, 1.16, 0.92) (1.00, 0.64, 1.15) #fs:   2  -- #Conts: 23 G(2)  A(6)  E(11)  C(4) 
 216158474 3286.29 || noQ Q (Avg,Max,Min) (1.05, 1.16, 1.00) (1.00, 0.64, 1.15) #fs:   0  -- #Conts: 23 G(2)  A(6)  E(11)  C(4) 
 218571653 3285.29 || noQ Q (Avg,Max,Min) (1.05, 1.16, 1.00) (1.02, 0.64, 1.15) #fs:   0  -- #Conts: 21 G(2)  A(4)  E(11)  C(4) 
 240906528 3281.94 || noQ Q (Avg,Max,Min) (1.05, 1.09, 1.00) (0.99, 0.21, 1.09) #fs:   0  -- #Conts: 18 G(2)  A(2)  E(10)  C(4) 
 241127112 3278.94 || noQ Q (Avg,Max,Min) (1.05, 1.09, 1.00) (1.03, 0.88, 1.09) #fs:   0  -- #Conts: 18 G(2)  A(3)  E(10)  C(3) 
 284380069 3278.59 || noQ Q (Avg,Max,Min) (1.05, 1.26, 0.99) (0.99, 0.03, 1.26) #fs:   1  -- #Conts: 21 G(3)  A(4)  E(11)  C(3) 
 284465564 3275.88 || noQ Q (Avg,Max,Min) (1.05, 1.26, 0.99) (0.99, 0.06, 1.26) #fs:   1  -- #Conts: 21 G(3)  A(4)  E(10)  C(4) 
 285162619 3272.88 || noQ Q (Avg,Max,Min) (1.06, 1.26, 0.99) (1.03, 0.87, 1.26) #fs:   1  -- #Conts: 20 G(3)  A(4)  E(10)  C(3) 
 285747102 3268.71 || noQ Q (Avg,Max,Min) (1.05, 1.26, 0.75) (1.00, 0.52, 1.26) #fs:   1  -- #Conts: 20 G(2)  A(2)  E(13)  C(3) 
 285950669 3264.71 || noQ Q (Avg,Max,Min) (1.06, 1.26, 1.00) (1.02, 0.70, 1.26) #fs:   0  -- #Conts: 20 G(2)  A(2)  E(13)  C(3) 
 286564006 3262.71 || noQ Q (Avg,Max,Min) (1.06, 1.26, 1.00) (1.02, 0.70, 1.26) #fs:   0  -- #Conts: 19 G(2)  A(1)  E(13)  C(3) 
 286942443 3260.71 || noQ Q (Avg,Max,Min) (1.06, 1.26, 1.00) (1.03, 0.70, 1.26) #fs:   0  -- #Conts: 19 G(2)  A(1)  E(13)  C(3) 
 287673226 3260.00 || noQ Q (Avg,Max,Min) (1.06, 1.26, 0.96) (1.04, 0.70, 1.26) #fs:   1  -- #Conts: 18 G(2)  A(1)  E(12)  C(3) 
 297311782 3258.88 || noQ Q (Avg,Max,Min) (1.04, 1.10, 0.99) (1.00, 0.67, 1.10) #fs:   1  -- #Conts: 19 G(1)  A(4)  E(10)  C(4) 
 297487268 3255.88 || noQ Q (Avg,Max,Min) (1.04, 1.10, 0.98) (1.01, 0.83, 1.10) #fs:   2  -- #Conts: 19 G(1)  A(4)  E(10)  C(4) 
 376083341 3245.76 || noQ Q (Avg,Max,Min) (1.04, 1.09, 1.00) (0.99, 0.38, 1.09) #fs:   1  -- #Conts: 17 A(4)  E(10)  C(3) 
 376409579 3241.76 || noQ Q (Avg,Max,Min) (1.05, 1.09, 1.00) (1.03, 0.94, 1.09) #fs:   1  -- #Conts: 16 A(4)  E(10)  C(2) 
 377055014 3235.06 || noQ Q (Avg,Max,Min) (1.05, 1.09, 1.00) (1.02, 0.59, 1.09) #fs:   1  -- #Conts: 16 A(3)  E(10)  C(3) 
 380746704 3234.06 || noQ Q (Avg,Max,Min) (1.04, 1.09, 1.00) (1.03, 0.94, 1.09) #fs:   1  -- #Conts: 17 A(5)  E(10)  C(2) 
 388831600 3233.71 || noQ Q (Avg,Max,Min) (1.04, 1.09, 1.00) (1.02, 0.83, 1.09) #fs:   2  -- #Conts: 16 A(4)  E(10)  C(2) 
 406202238 3232.82 || noQ Q (Avg,Max,Min) (1.04, 1.11, 1.00) (1.02, 0.84, 1.10) #fs:   1  -- #Conts: 15 A(2)  E(9)  C(4) 
 406202241 3231.82 || noQ Q (Avg,Max,Min) (1.04, 1.11, 1.00) (1.03, 0.84, 1.10) #fs:   2  -- #Conts: 15 A(2)  E(9)  C(4) 
/////////////////size: 120
nodes 50 edges 92
 mulT: 10000 mulD: 1000  sumData GB 86302
pareto /CYBERSHAKE.n.50.0.dax time -> 900.0
moheft /CYBERSHAKE.n.50.0.dax time -> 2338.0
distance from M to C 0.03435921354681384
distance from P to C 125.0770273132269
distance from C to M 0.05542051531356565
distance from C to P 60.16330578255158
toCompare: /CYBERSHAKE.n.50.0.dax sumDataGB: 86302 mulT: 10000 mulD: 1000 paretoOptTime_MS: 900.0 MoheftOptimizationTime_MS: 2338.0 MtoC 0.03435921354681384 PtoC 125.0770273132269 CtoM 0.05542051531356565 CtoP 60.16330578255158
