specify -Dflow d,b,mt,md,size
Running /home/vaggelis/jc/CYBERSHAKE.n.50.0.dax mt 100 md: 1000 size null
   2277574 063.06 || noQ Q (Avg,Max,Min) (2.77, 3.01, 2.53) (1.75, 1.60, 1.90) #fs:   1  -- #Conts: 2 H(2) 
   4055484 047.29 || noQ Q (Avg,Max,Min) (2.08, 2.29, 1.86) (1.67, 1.05, 2.29) #fs:   0  -- #Conts: 2 G(2) 
   8802059 040.24 || noQ Q (Avg,Max,Min) (1.44, 1.49, 1.40) (1.18, 1.14, 1.22) #fs:   1  -- #Conts: 2 E(2) 
   9146382 035.88 || noQ Q (Avg,Max,Min) (1.84, 2.29, 1.38) (1.73, 1.17, 2.29) #fs:   0  -- #Conts: 2 G(1)  E(1) 
  15804399 035.76 || noQ Q (Avg,Max,Min) (1.76, 2.29, 1.22) (1.68, 1.07, 2.29) #fs:   0  -- #Conts: 2 G(1)  C(1) 
/////////////////size: 5
   3605689 091.53 || noQ Q (Avg,Max,Min) (1.26, 2.29, 0.75) (0.61, 0.00, 2.29) #fs:   3  -- #Conts: 6 H(1)  G(1)  A(2)  E(1)  C(1) 
   3606440 089.53 || noQ Q (Avg,Max,Min) (1.03, 2.29, 0.16) (0.54, 0.00, 2.29) #fs:   7  -- #Conts: 7 H(1)  G(1)  A(4)  E(1) 
   3606834 082.82 || noQ Q (Avg,Max,Min) (1.03, 2.29, 0.16) (0.63, 0.02, 2.29) #fs:   6  -- #Conts: 6 H(1)  G(1)  A(4) 
   3608860 081.82 || noQ Q (Avg,Max,Min) (1.03, 2.29, 0.16) (0.76, 0.12, 2.29) #fs:   6  -- #Conts: 5 H(1)  G(1)  A(3) 
   3609304 067.06 || noQ Q (Avg,Max,Min) (1.66, 2.29, 1.03) (0.93, 0.00, 1.63) #fs:   3  -- #Conts: 3 H(1)  G(1)  C(1) 
   3611269 063.06 || noQ Q (Avg,Max,Min) (1.97, 2.29, 1.66) (1.39, 1.15, 1.63) #fs:   3  -- #Conts: 2 H(1)  G(1) 
   3622038 058.00 || noQ Q (Avg,Max,Min) (1.50, 2.29, 1.01) (0.98, 0.00, 2.29) #fs:   3  -- #Conts: 4 H(1)  G(1)  E(1)  C(1) 
   3626472 054.00 || noQ Q (Avg,Max,Min) (1.66, 2.29, 1.02) (1.31, 0.01, 2.29) #fs:   3  -- #Conts: 3 H(1)  G(1)  E(1) 
   3638092 052.29 || noQ Q (Avg,Max,Min) (1.49, 2.29, 1.01) (0.98, 0.01, 2.29) #fs:   3  -- #Conts: 4 H(1)  G(1)  A(1)  C(1) 
   3645756 051.29 || noQ Q (Avg,Max,Min) (1.65, 2.29, 1.01) (1.31, 0.01, 2.29) #fs:   3  -- #Conts: 3 H(1)  G(1)  C(1) 
   3768983 049.29 || noQ Q (Avg,Max,Min) (1.49, 2.29, 1.00) (0.99, 0.01, 2.29) #fs:   3  -- #Conts: 4 H(1)  G(1)  A(2) 
   3802980 048.29 || noQ Q (Avg,Max,Min) (1.65, 2.29, 1.00) (1.32, 0.06, 2.29) #fs:   3  -- #Conts: 3 H(1)  G(1)  A(1) 
  11509312 047.24 || noQ Q (Avg,Max,Min) (5.06, 9.43, 2.25) (2.90, 1.59, 5.01) #fs:   1  -- #Conts: 5 H(1)  A(1)  E(1)  C(2) 
  11627919 046.53 || noQ Q (Avg,Max,Min) (4.55, 8.65, 1.00) (2.35, 0.08, 3.90) #fs:   0  -- #Conts: 6 H(1)  A(2)  C(3) 
  11658587 045.53 || noQ Q (Avg,Max,Min) (5.18, 8.44, 1.88) (2.81, 1.04, 3.90) #fs:   0  -- #Conts: 5 H(1)  A(1)  C(3) 
  11703232 044.53 || noQ Q (Avg,Max,Min) (5.10, 8.18, 1.97) (3.00, 1.96, 3.90) #fs:   0  -- #Conts: 5 H(1)  A(1)  C(3) 
  12187135 044.24 || noQ Q (Avg,Max,Min) (4.72, 8.84, 1.77) (3.44, 1.11, 5.00) #fs:   1  -- #Conts: 4 H(1)  A(1)  E(1)  C(1) 
  12398195 043.24 || noQ Q (Avg,Max,Min) (4.57, 8.01, 1.98) (3.66, 1.95, 5.00) #fs:   0  -- #Conts: 4 H(1)  A(1)  E(1)  C(1) 
  12649543 042.53 || noQ Q (Avg,Max,Min) (3.80, 7.05, 1.63) (2.92, 1.13, 4.39) #fs:   2  -- #Conts: 5 H(1)  A(2)  C(2) 
  12833998 041.53 || noQ Q (Avg,Max,Min) (3.73, 6.59, 1.97) (3.11, 1.96, 4.45) #fs:   1  -- #Conts: 5 H(1)  A(2)  C(2) 
  12998226 040.53 || noQ Q (Avg,Max,Min) (4.33, 8.18, 1.97) (3.75, 1.96, 5.89) #fs:   0  -- #Conts: 4 H(1)  A(1)  C(2) 
  13912458 039.53 || noQ Q (Avg,Max,Min) (2.47, 3.26, 2.30) (2.30, 2.00, 3.26) #fs:   0  -- #Conts: 6 H(1)  A(5) 
  14287265 038.47 || noQ Q (Avg,Max,Min) (3.11, 8.14, 1.30) (2.67, 1.10, 7.00) #fs:   4  -- #Conts: 10 G(1)  A(7)  E(1)  C(1) 
  14336015 037.47 || noQ Q (Avg,Max,Min) (3.14, 8.03, 1.34) (2.75, 1.15, 7.01) #fs:   3  -- #Conts: 10 G(1)  A(7)  E(1)  C(1) 
  14508368 036.47 || noQ Q (Avg,Max,Min) (3.21, 9.07, 1.38) (2.89, 1.22, 8.35) #fs:   3  -- #Conts: 10 G(1)  A(7)  E(1)  C(1) 
  14703806 035.47 || noQ Q (Avg,Max,Min) (3.20, 8.57, 1.40) (3.06, 1.28, 8.36) #fs:   3  -- #Conts: 10 G(1)  A(7)  E(1)  C(1) 
  15022109 034.47 || noQ Q (Avg,Max,Min) (3.24, 8.42, 1.98) (3.13, 1.74, 8.42) #fs:   1  -- #Conts: 10 G(1)  A(7)  E(1)  C(1) 
/////////////////size: 27
nodes 50 edges 92
 mulT: 100 mulD: 1000  sumData GB 86302
pareto /CYBERSHAKE.n.50.0.dax time -> 311.0
moheft /CYBERSHAKE.n.50.0.dax time -> 301.0
distance from M to C 1.742817741942656
distance from P to C 0.0235294117647058
distance from C to M 0.44607843137254893
distance from C to P 1.6806711540155552
toCompare: /CYBERSHAKE.n.50.0.dax sumDataGB: 86302 mulT: 100 mulD: 1000 paretoOptTime_MS: 311.0 MoheftOptimizationTime_MS: 301.0 MtoC 1.742817741942656 PtoC 0.0235294117647058 CtoM 0.44607843137254893 CtoP 1.6806711540155552
