specify -Dflow d,b,mt,md,size
Running /home/vaggelis/jc/LIGO.n.50.0.dax mt 10000 md: 1000 size null
 466191177 36999.76 || noQ Q (Avg,Max,Min) (1.00, 1.00, 1.00) (0.99, 0.98, 1.00) #fs:   0  -- #Conts: 23 H(20)  G(3) 
 469469241 36857.88 || noQ Q (Avg,Max,Min) (1.00, 1.00, 0.99) (0.99, 0.98, 1.00) #fs:   1  -- #Conts: 23 H(19)  G(4) 
 469874793 36794.82 || noQ Q (Avg,Max,Min) (1.00, 1.00, 1.00) (0.99, 0.98, 1.00) #fs:   0  -- #Conts: 23 H(19)  G(4) 
 474506845 36731.76 || noQ Q (Avg,Max,Min) (1.00, 1.00, 0.97) (0.99, 0.95, 1.00) #fs:   1  -- #Conts: 23 H(18)  G(5) 
 614618603 35990.82 || noQ Q (Avg,Max,Min) (1.00, 1.00, 0.98) (0.98, 0.85, 1.00) #fs:   2  -- #Conts: 23 H(17)  G(6) 
 617863829 35848.94 || noQ Q (Avg,Max,Min) (1.00, 1.00, 0.98) (0.98, 0.85, 1.00) #fs:   3  -- #Conts: 23 H(16)  G(7) 
 809489712 31907.76 || noQ Q (Avg,Max,Min) (1.00, 1.00, 1.00) (0.99, 0.98, 1.00) #fs:   1  -- #Conts: 25 G(25) 
 971756883 31812.12 || noQ Q (Avg,Max,Min) (1.00, 1.00, 1.00) (0.99, 0.91, 1.00) #fs:   4  -- #Conts: 25 G(23)  E(2) 
1115467826 31739.88 || noQ Q (Avg,Max,Min) (1.00, 1.00, 1.00) (0.99, 0.91, 1.00) #fs:   3  -- #Conts: 25 G(21)  E(4) 
1123087175 31714.24 || noQ Q (Avg,Max,Min) (1.00, 1.00, 0.99) (0.99, 0.91, 1.00) #fs:   4  -- #Conts: 25 G(20)  E(5) 
1809348864 30538.59 || noQ Q (Avg,Max,Min) (1.00, 1.00, 1.00) (1.00, 0.97, 1.00) #fs:   3  -- #Conts: 24 E(24) 
2209881340 30531.88 || noQ Q (Avg,Max,Min) (1.00, 1.00, 1.00) (1.00, 0.97, 1.00) #fs:   3  -- #Conts: 22 E(22) 
2325579786 30525.18 || noQ Q (Avg,Max,Min) (1.00, 1.00, 1.00) (1.00, 0.97, 1.00) #fs:   3  -- #Conts: 22 E(22) 
2835996610 30518.47 || noQ Q (Avg,Max,Min) (1.00, 1.00, 1.00) (1.00, 0.97, 1.00) #fs:   4  -- #Conts: 18 E(18) 
2943212463 30511.76 || noQ Q (Avg,Max,Min) (1.00, 1.00, 1.00) (1.00, 0.97, 1.00) #fs:   4  -- #Conts: 18 E(18) 
3284748743 30505.06 || noQ Q (Avg,Max,Min) (1.00, 1.00, 1.00) (1.00, 0.97, 1.00) #fs:   4  -- #Conts: 18 E(18) 
4768156293 20993.00 || noQ Q (Avg,Max,Min) (0.98, 1.00, 0.51) (0.98, 0.51, 1.00) #fs:   6  -- #Conts: 23 A(16)  C(7) 
4770655708 20588.00 || noQ Q (Avg,Max,Min) (0.98, 1.00, 0.51) (0.98, 0.51, 1.00) #fs:   5  -- #Conts: 23 A(17)  C(6) 
4770658042 20147.00 || noQ Q (Avg,Max,Min) (0.98, 1.00, 0.51) (0.98, 0.51, 1.00) #fs:   6  -- #Conts: 23 A(18)  C(5) 
4771257368 19195.00 || noQ Q (Avg,Max,Min) (0.98, 1.00, 0.51) (0.98, 0.51, 1.00) #fs:   6  -- #Conts: 23 A(19)  C(4) 
4772355735 18843.00 || noQ Q (Avg,Max,Min) (0.98, 1.00, 0.51) (0.98, 0.51, 1.00) #fs:   6  -- #Conts: 23 A(20)  C(3) 
4773656367 18043.00 || noQ Q (Avg,Max,Min) (0.98, 1.00, 0.51) (0.98, 0.51, 1.00) #fs:   6  -- #Conts: 23 A(21)  C(2) 
4775355967 16968.00 || noQ Q (Avg,Max,Min) (0.98, 1.00, 0.51) (0.98, 0.51, 1.00) #fs:   6  -- #Conts: 23 A(22)  C(1) 
4814976742 15131.00 || noQ Q (Avg,Max,Min) (1.00, 1.00, 1.00) (1.00, 1.00, 1.00) #fs:   5  -- #Conts: 23 A(23) 
6894660390 15129.00 || noQ Q (Avg,Max,Min) (1.00, 1.00, 1.00) (1.00, 1.00, 1.00) #fs:   1  -- #Conts: 21 A(21) 
8977343747 15128.00 || noQ Q (Avg,Max,Min) (1.00, 1.00, 1.00) (1.00, 1.00, 1.00) #fs:   1  -- #Conts: 19 A(19) 
9042144037 15127.00 || noQ Q (Avg,Max,Min) (1.00, 1.00, 1.00) (1.00, 1.00, 1.00) #fs:   1  -- #Conts: 19 A(19) 
/////////////////size: 27
 957055698 31990.82 || noQ Q (Avg,Max,Min) (1.00, 1.00, 1.00) (0.99, 0.94, 1.00) #fs:   0  -- #Conts: 31 H(1)  G(18)  E(11)  C(1) 
 967413808 31969.06 || noQ Q (Avg,Max,Min) (1.00, 1.00, 1.00) (0.99, 0.94, 1.00) #fs:   0  -- #Conts: 32 H(2)  G(18)  E(11)  C(1) 
1075797515 31886.24 || noQ Q (Avg,Max,Min) (1.00, 1.00, 1.00) (0.99, 0.94, 1.00) #fs:   1  -- #Conts: 32 H(2)  G(18)  E(11)  C(1) 
1148933275 31775.88 || noQ Q (Avg,Max,Min) (1.00, 1.00, 1.00) (0.97, 0.48, 1.00) #fs:   1  -- #Conts: 33 H(2)  G(19)  E(11)  C(1) 
1150156172 31760.12 || noQ Q (Avg,Max,Min) (1.00, 1.00, 1.00) (0.99, 0.94, 1.00) #fs:   1  -- #Conts: 32 H(1)  G(19)  E(11)  C(1) 
1153857086 31757.76 || noQ Q (Avg,Max,Min) (1.00, 1.00, 1.00) (0.99, 0.92, 1.00) #fs:   1  -- #Conts: 33 H(1)  G(19)  E(12)  C(1) 
1262799719 31754.71 || noQ Q (Avg,Max,Min) (1.00, 1.00, 1.00) (0.97, 0.48, 1.00) #fs:   0  -- #Conts: 31 H(2)  G(18)  E(10)  C(1) 
1264022759 31738.94 || noQ Q (Avg,Max,Min) (1.00, 1.00, 1.00) (0.99, 0.95, 1.00) #fs:   0  -- #Conts: 30 H(1)  G(18)  E(10)  C(1) 
1264105948 31710.82 || noQ Q (Avg,Max,Min) (1.00, 1.00, 1.00) (0.97, 0.48, 1.00) #fs:   0  -- #Conts: 32 H(1)  G(18)  E(12)  C(1) 
1265328988 31695.06 || noQ Q (Avg,Max,Min) (1.00, 1.00, 1.00) (0.99, 0.94, 1.00) #fs:   0  -- #Conts: 31 G(18)  E(12)  C(1) 
1269029759 31692.71 || noQ Q (Avg,Max,Min) (1.00, 1.00, 1.00) (0.99, 0.92, 1.00) #fs:   0  -- #Conts: 32 G(18)  E(13)  C(1) 
1416783100 31624.47 || noQ Q (Avg,Max,Min) (1.00, 1.00, 1.00) (0.98, 0.48, 1.00) #fs:   0  -- #Conts: 30 H(2)  G(18)  E(9)  C(1) 
1418008257 31608.71 || noQ Q (Avg,Max,Min) (1.00, 1.00, 1.00) (0.99, 0.95, 1.00) #fs:   0  -- #Conts: 29 H(1)  G(18)  E(9)  C(1) 
1418089329 31580.59 || noQ Q (Avg,Max,Min) (1.00, 1.00, 1.00) (0.97, 0.48, 1.00) #fs:   0  -- #Conts: 30 H(1)  G(17)  E(11)  C(1) 
1419314486 31564.82 || noQ Q (Avg,Max,Min) (1.00, 1.00, 1.00) (0.99, 0.95, 1.00) #fs:   0  -- #Conts: 29 G(17)  E(11)  C(1) 
1423013140 31562.47 || noQ Q (Avg,Max,Min) (1.00, 1.00, 1.00) (0.99, 0.92, 1.00) #fs:   0  -- #Conts: 30 G(17)  E(12)  C(1) 
1425440321 31558.12 || noQ Q (Avg,Max,Min) (1.00, 1.00, 1.00) (0.99, 0.95, 1.00) #fs:   0  -- #Conts: 29 G(17)  E(11)  C(1) 
1429141092 31555.76 || noQ Q (Avg,Max,Min) (1.00, 1.00, 1.00) (0.99, 0.92, 1.00) #fs:   0  -- #Conts: 30 G(17)  E(12)  C(1) 
1655810563 31513.76 || noQ Q (Avg,Max,Min) (1.00, 1.00, 1.00) (0.99, 0.95, 1.00) #fs:   0  -- #Conts: 23 H(1)  G(9)  E(12)  C(1) 
1728946323 31403.41 || noQ Q (Avg,Max,Min) (1.00, 1.00, 1.00) (0.97, 0.48, 1.00) #fs:   0  -- #Conts: 24 H(1)  G(10)  E(12)  C(1) 
1730169220 31387.65 || noQ Q (Avg,Max,Min) (1.00, 1.00, 1.00) (0.99, 0.95, 1.00) #fs:   0  -- #Conts: 23 G(10)  E(12)  C(1) 
1733870134 31385.29 || noQ Q (Avg,Max,Min) (1.00, 1.00, 1.00) (0.99, 0.92, 1.00) #fs:   0  -- #Conts: 24 G(10)  E(13)  C(1) 
1777042966 31384.82 || noQ Q (Avg,Max,Min) (1.00, 1.00, 1.00) (1.00, 0.95, 1.00) #fs:   0  -- #Conts: 23 H(1)  G(11)  E(10)  C(1) 
1777124038 31382.47 || noQ Q (Avg,Max,Min) (1.00, 1.00, 1.00) (0.97, 0.48, 1.00) #fs:   0  -- #Conts: 23 H(1)  G(10)  E(11)  C(1) 
1778349195 31366.71 || noQ Q (Avg,Max,Min) (1.00, 1.00, 1.00) (0.99, 0.95, 1.00) #fs:   0  -- #Conts: 22 G(10)  E(11)  C(1) 
1782047849 31364.35 || noQ Q (Avg,Max,Min) (1.00, 1.00, 1.00) (0.99, 0.92, 1.00) #fs:   0  -- #Conts: 23 G(10)  E(12)  C(1) 
1783251990 31346.24 || noQ Q (Avg,Max,Min) (1.00, 1.00, 1.00) (0.97, 0.48, 1.00) #fs:   0  -- #Conts: 23 H(1)  G(9)  E(12)  C(1) 
1784475030 31330.47 || noQ Q (Avg,Max,Min) (1.00, 1.00, 1.00) (0.99, 0.95, 1.00) #fs:   0  -- #Conts: 22 G(9)  E(12)  C(1) 
1788175801 31328.12 || noQ Q (Avg,Max,Min) (1.00, 1.00, 1.00) (0.99, 0.92, 1.00) #fs:   0  -- #Conts: 23 G(9)  E(13)  C(1) 
1973732564 31310.00 || noQ Q (Avg,Max,Min) (1.00, 1.00, 1.00) (0.97, 0.48, 1.00) #fs:   0  -- #Conts: 21 H(1)  G(8)  E(11)  C(1) 
1974959263 31294.24 || noQ Q (Avg,Max,Min) (1.00, 1.00, 1.00) (0.98, 0.82, 1.00) #fs:   0  -- #Conts: 21 G(9)  E(11)  C(1) 
1978654833 31291.88 || noQ Q (Avg,Max,Min) (1.00, 1.00, 1.00) (0.99, 0.95, 1.00) #fs:   0  -- #Conts: 20 G(8)  E(11)  C(1) 
1995592869 31288.59 || noQ Q (Avg,Max,Min) (1.00, 1.00, 1.00) (0.99, 0.82, 1.00) #fs:   0  -- #Conts: 21 G(9)  E(11)  C(1) 
1999286322 31279.53 || noQ Q (Avg,Max,Min) (1.00, 1.00, 1.00) (0.99, 0.95, 1.00) #fs:   0  -- #Conts: 20 G(8)  E(11)  C(1) 
2089770747 31203.18 || noQ Q (Avg,Max,Min) (1.00, 1.00, 1.00) (0.97, 0.48, 1.00) #fs:   1  -- #Conts: 22 H(2)  G(7)  E(12)  C(1) 
2090997446 31187.41 || noQ Q (Avg,Max,Min) (1.00, 1.00, 1.00) (0.99, 0.82, 1.00) #fs:   1  -- #Conts: 22 H(1)  G(8)  E(12)  C(1) 
2094692726 31185.06 || noQ Q (Avg,Max,Min) (1.00, 1.00, 1.00) (0.99, 0.95, 1.00) #fs:   1  -- #Conts: 21 H(1)  G(7)  E(12)  C(1) 
2115546059 31183.65 || noQ Q (Avg,Max,Min) (1.00, 1.00, 1.00) (0.99, 0.95, 1.00) #fs:   1  -- #Conts: 21 H(1)  G(7)  E(12)  C(1) 
2123625054 31181.29 || noQ Q (Avg,Max,Min) (1.00, 1.00, 1.00) (0.99, 0.95, 1.00) #fs:   1  -- #Conts: 22 G(7)  E(14)  C(1) 
2127413513 31178.94 || noQ Q (Avg,Max,Min) (1.00, 1.00, 1.00) (0.99, 0.82, 1.00) #fs:   1  -- #Conts: 20 G(8)  E(11)  C(1) 
2131106676 31169.88 || noQ Q (Avg,Max,Min) (1.00, 1.00, 1.00) (0.99, 0.95, 1.00) #fs:   1  -- #Conts: 19 G(7)  E(11)  C(1) 
2208357385 31083.76 || noQ Q (Avg,Max,Min) (1.00, 1.00, 1.00) (0.97, 0.48, 1.00) #fs:   1  -- #Conts: 22 H(2)  G(6)  E(13)  C(1) 
2209580282 31068.00 || noQ Q (Avg,Max,Min) (1.00, 1.00, 1.00) (1.00, 0.95, 1.00) #fs:   1  -- #Conts: 21 H(1)  G(6)  E(13)  C(1) 
2213281196 31065.65 || noQ Q (Avg,Max,Min) (1.00, 1.00, 1.00) (0.99, 0.92, 1.00) #fs:   1  -- #Conts: 22 H(1)  G(6)  E(14)  C(1) 
2233655040 31025.65 || noQ Q (Avg,Max,Min) (1.00, 1.00, 1.00) (0.97, 0.48, 1.00) #fs:   0  -- #Conts: 21 H(1)  G(6)  E(13)  C(1) 
2234877937 31009.88 || noQ Q (Avg,Max,Min) (1.00, 1.00, 1.00) (1.00, 0.95, 1.00) #fs:   0  -- #Conts: 20 G(6)  E(13)  C(1) 
2238578851 31007.53 || noQ Q (Avg,Max,Min) (1.00, 1.00, 1.00) (0.99, 0.92, 1.00) #fs:   0  -- #Conts: 21 G(6)  E(14)  C(1) 
2454065165 30990.82 || noQ Q (Avg,Max,Min) (1.00, 1.00, 1.00) (0.97, 0.48, 1.00) #fs:   0  -- #Conts: 20 H(1)  G(5)  E(13)  C(1) 
2455291864 30975.06 || noQ Q (Avg,Max,Min) (1.00, 1.00, 1.00) (0.99, 0.82, 1.00) #fs:   0  -- #Conts: 20 G(6)  E(13)  C(1) 
2458985174 30972.71 || noQ Q (Avg,Max,Min) (1.00, 1.00, 1.00) (1.00, 0.95, 1.00) #fs:   0  -- #Conts: 19 G(5)  E(13)  C(1) 
2601026911 30803.82 || noQ Q (Avg,Max,Min) (1.00, 1.00, 1.00) (0.97, 0.48, 1.00) #fs:   0  -- #Conts: 28 H(1)  G(16)  A(1)  E(9)  C(1) 
2602253610 30788.06 || noQ Q (Avg,Max,Min) (1.00, 1.00, 1.00) (0.98, 0.82, 1.00) #fs:   0  -- #Conts: 28 G(17)  A(1)  E(9)  C(1) 
2605950722 30785.71 || noQ Q (Avg,Max,Min) (1.00, 1.00, 1.00) (0.99, 0.92, 1.00) #fs:   0  -- #Conts: 28 G(16)  A(1)  E(10)  C(1) 
2606821986 30174.71 || noQ Q (Avg,Max,Min) (1.00, 1.00, 1.00) (0.97, 0.48, 1.00) #fs:   1  -- #Conts: 30 H(2)  G(15)  A(2)  E(10)  C(1) 
2608048685 30158.94 || noQ Q (Avg,Max,Min) (1.00, 1.00, 1.00) (0.98, 0.82, 1.00) #fs:   1  -- #Conts: 30 H(1)  G(16)  A(2)  E(10)  C(1) 
2609353165 30155.18 || noQ Q (Avg,Max,Min) (1.00, 1.00, 1.00) (0.98, 0.82, 1.00) #fs:   0  -- #Conts: 29 G(16)  A(2)  E(10)  C(1) 
2613050277 30152.82 || noQ Q (Avg,Max,Min) (1.00, 1.00, 1.00) (0.99, 0.92, 1.00) #fs:   0  -- #Conts: 29 G(15)  A(2)  E(11)  C(1) 
2613595697 29806.06 || noQ Q (Avg,Max,Min) (1.00, 1.00, 1.00) (0.97, 0.48, 1.00) #fs:   1  -- #Conts: 30 H(2)  G(15)  A(3)  E(9)  C(1) 
2614822396 29790.29 || noQ Q (Avg,Max,Min) (1.00, 1.00, 1.00) (0.98, 0.82, 1.00) #fs:   1  -- #Conts: 30 H(1)  G(16)  A(3)  E(9)  C(1) 
2616126876 29786.53 || noQ Q (Avg,Max,Min) (1.00, 1.00, 1.00) (0.98, 0.82, 1.00) #fs:   0  -- #Conts: 28 G(16)  A(3)  E(8)  C(1) 
2619823988 29784.18 || noQ Q (Avg,Max,Min) (1.00, 1.00, 1.00) (0.99, 0.92, 1.00) #fs:   0  -- #Conts: 28 G(15)  A(3)  E(9)  C(1) 
2620588142 29484.35 || noQ Q (Avg,Max,Min) (1.00, 1.00, 1.00) (0.97, 0.48, 1.00) #fs:   1  -- #Conts: 31 H(2)  G(15)  A(4)  E(9)  C(1) 
2621814841 29468.59 || noQ Q (Avg,Max,Min) (1.00, 1.00, 1.00) (0.98, 0.82, 1.00) #fs:   1  -- #Conts: 31 H(1)  G(16)  A(4)  E(9)  C(1) 
2623119321 29464.82 || noQ Q (Avg,Max,Min) (1.00, 1.00, 1.00) (0.98, 0.82, 1.00) #fs:   0  -- #Conts: 29 G(16)  A(4)  E(8)  C(1) 
2623181423 29343.71 || noQ Q (Avg,Max,Min) (1.00, 1.00, 1.00) (0.97, 0.48, 1.00) #fs:   1  -- #Conts: 31 H(2)  G(15)  A(5)  E(8)  C(1) 
2624408122 29327.94 || noQ Q (Avg,Max,Min) (1.00, 1.00, 1.00) (0.98, 0.82, 1.00) #fs:   1  -- #Conts: 31 H(1)  G(16)  A(5)  E(8)  C(1) 
2628105234 29325.59 || noQ Q (Avg,Max,Min) (1.00, 1.00, 1.00) (0.99, 0.92, 1.00) #fs:   1  -- #Conts: 31 H(1)  G(15)  A(5)  E(9)  C(1) 
2636648877 29324.18 || noQ Q (Avg,Max,Min) (1.00, 1.00, 1.00) (0.98, 0.82, 1.00) #fs:   0  -- #Conts: 30 G(16)  A(5)  E(8)  C(1) 
2640345989 29321.82 || noQ Q (Avg,Max,Min) (1.00, 1.00, 1.00) (0.99, 0.92, 1.00) #fs:   0  -- #Conts: 30 G(15)  A(5)  E(9)  C(1) 
2827249639 23784.82 || noQ Q (Avg,Max,Min) (1.00, 1.00, 1.00) (0.99, 0.94, 1.00) #fs:   0  -- #Conts: 30 H(2)  A(12)  G(8)  E(7)  C(1) 
3015102890 23691.18 || noQ Q (Avg,Max,Min) (1.00, 1.00, 1.00) (1.00, 0.97, 1.00) #fs:   0  -- #Conts: 25 H(1)  A(12)  G(6)  E(5)  C(1) 
3016331131 23675.41 || noQ Q (Avg,Max,Min) (1.00, 1.00, 1.00) (0.99, 0.82, 1.00) #fs:   0  -- #Conts: 26 H(1)  A(12)  G(7)  E(5)  C(1) 
3020028243 23673.06 || noQ Q (Avg,Max,Min) (1.00, 1.00, 1.00) (0.99, 0.92, 1.00) #fs:   0  -- #Conts: 26 H(1)  A(12)  G(6)  E(6)  C(1) 
3106526006 23517.76 || noQ Q (Avg,Max,Min) (1.00, 1.00, 1.00) (0.98, 0.48, 1.00) #fs:   0  -- #Conts: 26 H(1)  A(12)  G(7)  E(5)  C(1) 
3107751163 23502.00 || noQ Q (Avg,Max,Min) (1.00, 1.00, 1.00) (1.00, 0.98, 1.00) #fs:   0  -- #Conts: 25 A(12)  G(7)  E(5)  C(1) 
3111449817 23499.65 || noQ Q (Avg,Max,Min) (1.00, 1.00, 1.00) (0.99, 0.92, 1.00) #fs:   0  -- #Conts: 26 A(12)  G(7)  E(6)  C(1) 
3122635550 23436.71 || noQ Q (Avg,Max,Min) (1.00, 1.00, 1.00) (0.98, 0.48, 1.00) #fs:   0  -- #Conts: 28 H(2)  A(12)  G(6)  E(7)  C(1) 
3123858590 23420.94 || noQ Q (Avg,Max,Min) (1.00, 1.00, 1.00) (1.00, 0.97, 1.00) #fs:   0  -- #Conts: 27 H(1)  A(12)  G(6)  E(7)  C(1) 
3127559361 23418.59 || noQ Q (Avg,Max,Min) (1.00, 1.00, 1.00) (0.99, 0.92, 1.00) #fs:   0  -- #Conts: 28 H(1)  A(12)  G(6)  E(8)  C(1) 
3295512774 23401.88 || noQ Q (Avg,Max,Min) (1.00, 1.00, 1.00) (0.98, 0.48, 1.00) #fs:   0  -- #Conts: 27 H(2)  A(12)  G(5)  E(7)  C(1) 
3296739473 23386.12 || noQ Q (Avg,Max,Min) (1.00, 1.00, 1.00) (0.99, 0.82, 1.00) #fs:   0  -- #Conts: 27 H(1)  A(12)  G(6)  E(7)  C(1) 
3300432783 23383.76 || noQ Q (Avg,Max,Min) (1.00, 1.00, 1.00) (1.00, 0.97, 1.00) #fs:   0  -- #Conts: 26 H(1)  A(12)  G(5)  E(7)  C(1) 
3349599648 23371.29 || noQ Q (Avg,Max,Min) (1.00, 1.00, 1.00) (1.00, 0.98, 1.00) #fs:   0  -- #Conts: 26 H(1)  A(12)  G(6)  E(6)  C(1) 
3350501338 23368.94 || noQ Q (Avg,Max,Min) (1.00, 1.00, 1.00) (1.00, 0.98, 1.00) #fs:   0  -- #Conts: 26 A(12)  G(6)  E(7)  C(1) 
3354201098 23366.59 || noQ Q (Avg,Max,Min) (1.00, 1.00, 1.00) (1.00, 0.92, 1.00) #fs:   0  -- #Conts: 27 A(12)  G(6)  E(8)  C(1) 
3368987573 23364.24 || noQ Q (Avg,Max,Min) (1.00, 1.00, 1.00) (1.00, 0.98, 1.00) #fs:   0  -- #Conts: 25 A(12)  G(6)  E(6)  C(1) 
3372687333 23361.88 || noQ Q (Avg,Max,Min) (1.00, 1.00, 1.00) (1.00, 0.92, 1.00) #fs:   0  -- #Conts: 26 A(12)  G(6)  E(7)  C(1) 
3499522310 23352.24 || noQ Q (Avg,Max,Min) (1.00, 1.00, 1.00) (0.98, 0.48, 1.00) #fs:   0  -- #Conts: 26 H(2)  A(12)  G(5)  E(6)  C(1) 
3500749009 23336.47 || noQ Q (Avg,Max,Min) (1.00, 1.00, 1.00) (0.99, 0.82, 1.00) #fs:   0  -- #Conts: 26 H(1)  A(12)  G(6)  E(6)  C(1) 
3502055238 23334.12 || noQ Q (Avg,Max,Min) (1.00, 1.00, 1.00) (0.99, 0.82, 1.00) #fs:   0  -- #Conts: 26 A(12)  G(6)  E(7)  C(1) 
3505748548 23331.76 || noQ Q (Avg,Max,Min) (1.00, 1.00, 1.00) (1.00, 0.98, 1.00) #fs:   0  -- #Conts: 25 A(12)  G(5)  E(7)  C(1) 
3505992045 23329.41 || noQ Q (Avg,Max,Min) (1.00, 1.00, 1.00) (0.99, 0.82, 1.00) #fs:   0  -- #Conts: 25 A(12)  G(6)  E(6)  C(1) 
3509685355 23327.06 || noQ Q (Avg,Max,Min) (1.00, 1.00, 1.00) (1.00, 0.98, 1.00) #fs:   0  -- #Conts: 24 A(12)  G(5)  E(6)  C(1) 
3562472343 23316.00 || noQ Q (Avg,Max,Min) (1.00, 1.00, 1.00) (0.98, 0.48, 1.00) #fs:   0  -- #Conts: 25 H(2)  A(12)  G(4)  E(6)  C(1) 
3563699042 23300.24 || noQ Q (Avg,Max,Min) (1.00, 1.00, 1.00) (0.99, 0.82, 1.00) #fs:   0  -- #Conts: 25 H(1)  A(12)  G(5)  E(6)  C(1) 
3565005271 23297.88 || noQ Q (Avg,Max,Min) (1.00, 1.00, 1.00) (0.99, 0.82, 1.00) #fs:   0  -- #Conts: 25 A(12)  G(5)  E(7)  C(1) 
3568700841 23295.53 || noQ Q (Avg,Max,Min) (1.00, 1.00, 1.00) (1.00, 0.98, 1.00) #fs:   0  -- #Conts: 24 A(12)  G(4)  E(7)  C(1) 
3576333183 23272.71 || noQ Q (Avg,Max,Min) (1.00, 1.00, 1.00) (0.98, 0.48, 1.00) #fs:   0  -- #Conts: 26 H(2)  A(12)  G(3)  E(8)  C(1) 
3577559882 23256.94 || noQ Q (Avg,Max,Min) (1.00, 1.00, 1.00) (0.99, 0.82, 1.00) #fs:   0  -- #Conts: 26 H(1)  A(12)  G(4)  E(8)  C(1) 
3578866111 23254.59 || noQ Q (Avg,Max,Min) (1.00, 1.00, 1.00) (0.99, 0.82, 1.00) #fs:   0  -- #Conts: 26 A(12)  G(4)  E(9)  C(1) 
3581250755 23227.06 || noQ Q (Avg,Max,Min) (1.00, 1.00, 1.00) (0.98, 0.48, 1.00) #fs:   0  -- #Conts: 28 H(2)  A(12)  G(3)  E(10)  C(1) 
3582477454 23211.29 || noQ Q (Avg,Max,Min) (1.00, 1.00, 1.00) (0.99, 0.82, 1.00) #fs:   0  -- #Conts: 28 H(1)  A(12)  G(4)  E(10)  C(1) 
3586173051 23208.94 || noQ Q (Avg,Max,Min) (1.00, 1.00, 1.00) (1.00, 0.94, 1.00) #fs:   0  -- #Conts: 27 H(1)  A(12)  G(3)  E(10)  C(1) 
3592870422 23206.59 || noQ Q (Avg,Max,Min) (1.00, 1.00, 1.00) (1.00, 0.97, 1.00) #fs:   0  -- #Conts: 26 A(12)  G(3)  E(10)  C(1) 
3593104797 23202.24 || noQ Q (Avg,Max,Min) (1.00, 1.00, 1.00) (0.99, 0.82, 1.00) #fs:   0  -- #Conts: 25 A(12)  G(4)  E(8)  C(1) 
3596800077 23199.88 || noQ Q (Avg,Max,Min) (1.00, 1.00, 1.00) (1.00, 0.97, 1.00) #fs:   0  -- #Conts: 24 A(12)  G(3)  E(8)  C(1) 
3607663204 23197.53 || noQ Q (Avg,Max,Min) (1.00, 1.00, 1.00) (0.99, 0.82, 1.00) #fs:   0  -- #Conts: 24 A(12)  G(4)  E(7)  C(1) 
3611356657 23195.18 || noQ Q (Avg,Max,Min) (1.00, 1.00, 1.00) (1.00, 0.98, 1.00) #fs:   0  -- #Conts: 23 A(12)  G(3)  E(7)  C(1) 
3633282699 23193.76 || noQ Q (Avg,Max,Min) (1.00, 1.00, 1.00) (1.00, 0.96, 1.00) #fs:   0  -- #Conts: 22 A(12)  G(3)  E(6)  C(1) 
3717296592 23135.65 || noQ Q (Avg,Max,Min) (1.00, 1.00, 1.00) (0.97, 0.48, 1.00) #fs:   0  -- #Conts: 25 H(2)  A(12)  G(3)  E(7)  C(1) 
3718523291 23119.88 || noQ Q (Avg,Max,Min) (1.00, 1.00, 1.00) (0.99, 0.82, 1.00) #fs:   0  -- #Conts: 25 H(1)  A(12)  G(4)  E(7)  C(1) 
3722216744 23117.53 || noQ Q (Avg,Max,Min) (1.00, 1.00, 1.00) (0.99, 0.91, 1.00) #fs:   0  -- #Conts: 24 H(1)  A(12)  G(3)  E(7)  C(1) 
3732548310 23112.82 || noQ Q (Avg,Max,Min) (1.00, 1.00, 1.00) (0.99, 0.82, 1.00) #fs:   0  -- #Conts: 23 A(12)  G(3)  E(7)  C(1) 
3736241763 23110.47 || noQ Q (Avg,Max,Min) (1.00, 1.00, 1.00) (1.00, 0.97, 1.00) #fs:   0  -- #Conts: 22 A(12)  G(2)  E(7)  C(1) 
3779289669 23108.12 || noQ Q (Avg,Max,Min) (1.00, 1.00, 1.00) (0.99, 0.92, 1.00) #fs:   0  -- #Conts: 24 A(12)  G(2)  E(9)  C(1) 
3989505861 23098.82 || noQ Q (Avg,Max,Min) (1.00, 1.00, 1.00) (0.98, 0.48, 1.00) #fs:   0  -- #Conts: 26 H(1)  A(12)  G(3)  E(9)  C(1) 
3990728758 23083.06 || noQ Q (Avg,Max,Min) (1.00, 1.00, 1.00) (1.00, 0.94, 1.00) #fs:   0  -- #Conts: 25 A(12)  G(3)  E(9)  C(1) 
3994429672 23080.71 || noQ Q (Avg,Max,Min) (1.00, 1.00, 1.00) (0.99, 0.92, 1.00) #fs:   0  -- #Conts: 26 A(12)  G(3)  E(10)  C(1) 
4130205675 23046.94 || noQ Q (Avg,Max,Min) (1.00, 1.00, 1.00) (0.98, 0.48, 1.00) #fs:   0  -- #Conts: 24 H(1)  A(12)  G(2)  E(8)  C(1) 
4131430832 23031.18 || noQ Q (Avg,Max,Min) (1.00, 1.00, 1.00) (1.00, 0.98, 1.00) #fs:   0  -- #Conts: 23 A(12)  G(2)  E(8)  C(1) 
4135129486 23028.82 || noQ Q (Avg,Max,Min) (1.00, 1.00, 1.00) (0.99, 0.92, 1.00) #fs:   0  -- #Conts: 24 A(12)  G(2)  E(9)  C(1) 
4238259069 23027.76 || noQ Q (Avg,Max,Min) (1.00, 1.00, 1.00) (0.98, 0.48, 1.00) #fs:   0  -- #Conts: 25 H(1)  A(12)  G(1)  E(10)  C(1) 
4239485768 23012.00 || noQ Q (Avg,Max,Min) (1.00, 1.00, 1.00) (0.99, 0.82, 1.00) #fs:   0  -- #Conts: 25 A(12)  G(2)  E(10)  C(1) 
4243181338 23009.65 || noQ Q (Avg,Max,Min) (1.00, 1.00, 1.00) (1.00, 0.94, 1.00) #fs:   0  -- #Conts: 24 A(12)  G(1)  E(10)  C(1) 
4266304874 23003.65 || noQ Q (Avg,Max,Min) (1.00, 1.00, 1.00) (0.97, 0.48, 1.00) #fs:   0  -- #Conts: 22 H(1)  A(12)  G(1)  E(7)  C(1) 
4267531573 22987.88 || noQ Q (Avg,Max,Min) (1.00, 1.00, 1.00) (0.99, 0.82, 1.00) #fs:   0  -- #Conts: 22 A(12)  G(2)  E(7)  C(1) 
4271225026 22978.82 || noQ Q (Avg,Max,Min) (1.00, 1.00, 1.00) (1.00, 0.98, 1.00) #fs:   0  -- #Conts: 21 A(12)  G(1)  E(7)  C(1) 
4405738455 22954.00 || noQ Q (Avg,Max,Min) (1.00, 1.00, 1.00) (0.97, 0.48, 1.00) #fs:   0  -- #Conts: 21 H(1)  A(12)  E(7)  C(1) 
4406965154 22938.24 || noQ Q (Avg,Max,Min) (1.00, 1.00, 1.00) (0.99, 0.82, 1.00) #fs:   0  -- #Conts: 21 A(12)  G(1)  E(7)  C(1) 
4410660724 22935.88 || noQ Q (Avg,Max,Min) (1.00, 1.00, 1.00) (1.00, 0.98, 1.00) #fs:   0  -- #Conts: 20 A(12)  E(7)  C(1) 
4443894021 21566.29 || noQ Q (Avg,Max,Min) (1.00, 1.00, 1.00) (0.97, 0.48, 1.00) #fs:   0  -- #Conts: 25 H(2)  G(3)  A(13)  E(6)  C(1) 
4445120720 21550.53 || noQ Q (Avg,Max,Min) (1.00, 1.00, 1.00) (0.98, 0.82, 1.00) #fs:   0  -- #Conts: 25 H(1)  G(4)  A(13)  E(6)  C(1) 
4448817832 21548.18 || noQ Q (Avg,Max,Min) (1.00, 1.00, 1.00) (0.99, 0.91, 1.00) #fs:   0  -- #Conts: 25 H(1)  G(3)  A(13)  E(7)  C(1) 
4451219482 19736.71 || noQ Q (Avg,Max,Min) (1.00, 1.00, 1.00) (0.97, 0.48, 1.00) #fs:   0  -- #Conts: 29 H(3)  G(3)  A(16)  E(6)  C(1) 
4452446181 19720.94 || noQ Q (Avg,Max,Min) (1.00, 1.00, 1.00) (0.98, 0.82, 1.00) #fs:   0  -- #Conts: 29 H(2)  G(4)  A(16)  E(6)  C(1) 
4456143293 19718.59 || noQ Q (Avg,Max,Min) (1.00, 1.00, 1.00) (0.99, 0.91, 1.00) #fs:   0  -- #Conts: 29 H(2)  G(3)  A(16)  E(7)  C(1) 
4461409011 19368.06 || noQ Q (Avg,Max,Min) (1.00, 1.00, 1.00) (0.97, 0.48, 1.00) #fs:   0  -- #Conts: 29 H(3)  G(3)  A(17)  E(5)  C(1) 
4461522354 17906.35 || noQ Q (Avg,Max,Min) (1.00, 1.00, 1.00) (0.97, 0.48, 1.00) #fs:   0  -- #Conts: 29 H(2)  G(4)  A(18)  E(4)  C(1) 
4462749053 17890.59 || noQ Q (Avg,Max,Min) (1.00, 1.00, 1.00) (0.99, 0.82, 1.00) #fs:   0  -- #Conts: 29 H(1)  G(5)  A(18)  E(4)  C(1) 
4466446165 17888.24 || noQ Q (Avg,Max,Min) (1.00, 1.00, 1.00) (0.99, 0.91, 1.00) #fs:   0  -- #Conts: 29 H(1)  G(4)  A(18)  E(5)  C(1) 
4470113445 17598.24 || noQ Q (Avg,Max,Min) (1.00, 1.00, 1.00) (0.97, 0.48, 1.00) #fs:   0  -- #Conts: 27 H(1)  G(2)  A(18)  E(5)  C(1) 
4471340144 17582.47 || noQ Q (Avg,Max,Min) (1.00, 1.00, 1.00) (0.99, 0.82, 1.00) #fs:   0  -- #Conts: 27 G(3)  A(18)  E(5)  C(1) 
4472458868 16572.12 || noQ Q (Avg,Max,Min) (1.00, 1.00, 1.00) (0.98, 0.48, 1.00) #fs:   0  -- #Conts: 30 H(2)  G(2)  A(20)  E(5)  C(1) 
4473685567 16556.35 || noQ Q (Avg,Max,Min) (1.00, 1.00, 1.00) (0.99, 0.82, 1.00) #fs:   0  -- #Conts: 30 H(1)  G(3)  A(20)  E(5)  C(1) 
4476887156 16530.94 || noQ Q (Avg,Max,Min) (1.00, 1.00, 1.00) (0.97, 0.48, 1.00) #fs:   0  -- #Conts: 28 H(1)  G(2)  A(20)  E(4)  C(1) 
4478113855 16515.18 || noQ Q (Avg,Max,Min) (1.00, 1.00, 1.00) (0.99, 0.82, 1.00) #fs:   0  -- #Conts: 28 G(3)  A(20)  E(4)  C(1) 
4481810967 16512.82 || noQ Q (Avg,Max,Min) (1.00, 1.00, 1.00) (0.99, 0.89, 1.00) #fs:   0  -- #Conts: 28 G(2)  A(20)  E(5)  C(1) 
4483597252 15821.41 || noQ Q (Avg,Max,Min) (1.00, 1.00, 1.00) (0.98, 0.48, 1.00) #fs:   0  -- #Conts: 31 H(2)  G(2)  A(22)  E(4)  C(1) 
4484823951 15805.65 || noQ Q (Avg,Max,Min) (1.00, 1.00, 1.00) (0.99, 0.82, 1.00) #fs:   0  -- #Conts: 31 H(1)  G(3)  A(22)  E(4)  C(1) 
4486130180 15803.29 || noQ Q (Avg,Max,Min) (1.00, 1.00, 1.00) (0.99, 0.82, 1.00) #fs:   0  -- #Conts: 30 G(3)  A(22)  E(4)  C(1) 
4489827292 15800.94 || noQ Q (Avg,Max,Min) (1.00, 1.00, 1.00) (0.99, 0.89, 1.00) #fs:   0  -- #Conts: 30 G(2)  A(22)  E(5)  C(1) 
4493318171 15680.76 || noQ Q (Avg,Max,Min) (1.00, 1.00, 1.00) (0.98, 0.48, 1.00) #fs:   0  -- #Conts: 31 H(2)  G(2)  A(23)  E(3)  C(1) 
4494544870 15665.00 || noQ Q (Avg,Max,Min) (1.00, 1.00, 1.00) (0.99, 0.82, 1.00) #fs:   0  -- #Conts: 31 H(1)  G(3)  A(23)  E(3)  C(1) 
4495851099 15662.65 || noQ Q (Avg,Max,Min) (1.00, 1.00, 1.00) (0.99, 0.82, 1.00) #fs:   0  -- #Conts: 30 G(3)  A(23)  E(3)  C(1) 
4499548211 15660.29 || noQ Q (Avg,Max,Min) (1.00, 1.00, 1.00) (0.99, 0.89, 1.00) #fs:   0  -- #Conts: 30 G(2)  A(23)  E(4)  C(1) 
4499787906 15657.94 || noQ Q (Avg,Max,Min) (1.00, 1.00, 1.00) (0.99, 0.82, 1.00) #fs:   0  -- #Conts: 29 G(2)  A(23)  E(3)  C(1) 
4503485018 15655.59 || noQ Q (Avg,Max,Min) (1.00, 1.00, 1.00) (0.99, 0.92, 1.00) #fs:   0  -- #Conts: 29 G(1)  A(23)  E(4)  C(1) 
4507034416 15204.29 || noQ Q (Avg,Max,Min) (1.00, 1.00, 1.00) (0.98, 0.48, 1.00) #fs:   0  -- #Conts: 31 H(2)  A(23)  G(1)  E(4)  C(1) 
4508261115 15188.53 || noQ Q (Avg,Max,Min) (1.00, 1.00, 1.00) (0.99, 0.82, 1.00) #fs:   0  -- #Conts: 31 H(1)  A(23)  G(2)  E(4)  C(1) 
4509567344 15186.18 || noQ Q (Avg,Max,Min) (1.00, 1.00, 1.00) (0.99, 0.82, 1.00) #fs:   0  -- #Conts: 30 A(23)  G(2)  E(4)  C(1) 
4513264456 15183.82 || noQ Q (Avg,Max,Min) (1.00, 1.00, 1.00) (0.99, 0.89, 1.00) #fs:   0  -- #Conts: 30 A(23)  G(1)  E(5)  C(1) 
4516755335 15063.65 || noQ Q (Avg,Max,Min) (1.00, 1.00, 1.00) (0.98, 0.48, 1.00) #fs:   0  -- #Conts: 31 H(2)  A(24)  G(1)  E(3)  C(1) 
4517982034 15047.88 || noQ Q (Avg,Max,Min) (1.00, 1.00, 1.00) (0.99, 0.82, 1.00) #fs:   0  -- #Conts: 31 H(1)  A(24)  G(2)  E(3)  C(1) 
4519288263 15045.53 || noQ Q (Avg,Max,Min) (1.00, 1.00, 1.00) (0.99, 0.82, 1.00) #fs:   0  -- #Conts: 30 A(24)  G(2)  E(3)  C(1) 
4522985375 15043.18 || noQ Q (Avg,Max,Min) (1.00, 1.00, 1.00) (0.99, 0.89, 1.00) #fs:   0  -- #Conts: 30 A(24)  G(1)  E(4)  C(1) 
4523225070 15040.82 || noQ Q (Avg,Max,Min) (1.00, 1.00, 1.00) (0.99, 0.82, 1.00) #fs:   0  -- #Conts: 29 A(24)  G(1)  E(3)  C(1) 
4526922182 15038.47 || noQ Q (Avg,Max,Min) (1.00, 1.00, 1.00) (1.00, 0.92, 1.00) #fs:   0  -- #Conts: 29 A(24)  E(4)  C(1) 
/////////////////size: 167
nodes 50 edges 60
 mulT: 10000 mulD: 1000  sumData GB 1447
pareto /LIGO.n.50.0.dax time -> 1322.0
moheft /LIGO.n.50.0.dax time -> 2070.0
distance from M to C 45.16331629949088
distance from P to C 238.5185139959098
distance from C to M 208.5307067539463
distance from C to P 1392.8581692345006
toCompare: /LIGO.n.50.0.dax sumDataGB: 1447 mulT: 10000 mulD: 1000 paretoOptTime_MS: 1322.0 MoheftOptimizationTime_MS: 2070.0 MtoC 45.16331629949088 PtoC 238.5185139959098 CtoM 208.5307067539463 CtoP 1392.8581692345006
