specify -Dflow d,b,mt,md,size
Running /home/vaggelis/jc/SIPHT.n.100.0.dax mt 10000 md: 1000 size null
1534261735 67244.12 || noQ Q (Avg,Max,Min) (0.94, 1.00, 0.00) (0.91, 0.00, 1.00) #fs:   3  -- #Conts: 16 H(14)  G(1)  E(1) 
1534270274 53844.12 || noQ Q (Avg,Max,Min) (0.99, 1.04, 0.87) (0.92, 0.13, 1.00) #fs:   2  -- #Conts: 17 H(15)  G(1)  E(1) 
1534700244 53812.59 || noQ Q (Avg,Max,Min) (0.99, 1.00, 0.87) (0.97, 0.84, 1.00) #fs:   2  -- #Conts: 16 H(14)  G(1)  E(1) 
2563795211 47735.53 || noQ Q (Avg,Max,Min) (0.98, 1.00, 0.77) (0.92, 0.74, 1.00) #fs:   2  -- #Conts: 25 H(2)  G(23) 
2604333485 47136.47 || noQ Q (Avg,Max,Min) (0.98, 1.00, 0.77) (0.92, 0.74, 1.00) #fs:   2  -- #Conts: 25 H(1)  G(24) 
2629251737 46526.94 || noQ Q (Avg,Max,Min) (0.98, 1.00, 0.77) (0.92, 0.74, 1.00) #fs:   2  -- #Conts: 25 G(24)  E(1) 
4453680648 36839.41 || noQ Q (Avg,Max,Min) (0.98, 1.00, 0.61) (0.83, 0.55, 1.00) #fs:   5  -- #Conts: 48 G(1)  E(47) 
4615172120 36685.18 || noQ Q (Avg,Max,Min) (0.99, 1.01, 0.61) (0.83, 0.55, 1.00) #fs:   4  -- #Conts: 48 E(47)  C(1) 
5432031890 31968.00 || noQ Q (Avg,Max,Min) (0.97, 1.00, 0.00) (0.87, 0.00, 1.00) #fs:   7  -- #Conts: 46 C(46) 
5432038887 25944.00 || noQ Q (Avg,Max,Min) (0.99, 1.00, 0.78) (0.89, 0.67, 1.00) #fs:   6  -- #Conts: 46 C(46) 
5436593789 25940.00 || noQ Q (Avg,Max,Min) (0.99, 1.00, 0.78) (0.89, 0.67, 1.00) #fs:   6  -- #Conts: 46 C(46) 
5529993777 25929.41 || noQ Q (Avg,Max,Min) (0.99, 1.00, 0.80) (0.90, 0.67, 1.00) #fs:   3  -- #Conts: 39 E(2)  C(37) 
6462805660 10205.00 || noQ Q (Avg,Max,Min) (0.97, 1.00, 0.06) (0.97, 0.06, 1.00) #fs:   5  -- #Conts: 36 A(36) 
6462814199 8522.00 || noQ Q (Avg,Max,Min) (1.00, 1.00, 1.00) (0.99, 0.97, 1.00) #fs:   4  -- #Conts: 36 A(36) 
6462815818 8521.00 || noQ Q (Avg,Max,Min) (1.00, 1.00, 1.00) (0.99, 0.97, 1.00) #fs:   5  -- #Conts: 36 A(36) 
6476055866 8520.00 || noQ Q (Avg,Max,Min) (1.00, 1.00, 1.00) (0.99, 0.97, 1.00) #fs:   4  -- #Conts: 36 A(36) 
/////////////////size: 16
1534259959 53459.88 || noQ Q (Avg,Max,Min) (1.00, 1.04, 1.00) (0.90, 0.13, 1.00) #fs:   1  -- #Conts: 17 H(9)  G(2)  A(1)  E(3)  C(2) 
1534397746 53444.12 || noQ Q (Avg,Max,Min) (1.00, 1.03, 1.00) (0.90, 0.19, 1.00) #fs:   1  -- #Conts: 17 H(8)  G(3)  A(1)  E(3)  C(2) 
1534538538 53428.35 || noQ Q (Avg,Max,Min) (1.00, 1.03, 1.00) (0.95, 0.32, 1.00) #fs:   1  -- #Conts: 16 H(8)  G(2)  A(1)  E(3)  C(2) 
1534708987 53412.59 || noQ Q (Avg,Max,Min) (1.00, 1.02, 1.00) (0.95, 0.32, 1.00) #fs:   1  -- #Conts: 16 H(7)  G(3)  A(1)  E(3)  C(2) 
1535333844 53396.82 || noQ Q (Avg,Max,Min) (1.00, 1.02, 1.00) (0.93, 0.33, 1.00) #fs:   0  -- #Conts: 17 H(7)  G(4)  A(1)  E(3)  C(2) 
1535896816 53387.76 || noQ Q (Avg,Max,Min) (1.00, 1.02, 1.00) (0.95, 0.49, 1.00) #fs:   0  -- #Conts: 17 H(7)  G(3)  A(1)  E(4)  C(2) 
1536224164 53385.41 || noQ Q (Avg,Max,Min) (1.00, 1.01, 1.00) (0.94, 0.49, 1.00) #fs:   0  -- #Conts: 18 H(7)  G(2)  A(1)  E(6)  C(2) 
1536627206 53382.71 || noQ Q (Avg,Max,Min) (1.00, 1.01, 1.00) (0.96, 0.72, 1.00) #fs:   0  -- #Conts: 18 H(7)  G(2)  A(1)  E(5)  C(3) 
1536666376 53381.06 || noQ Q (Avg,Max,Min) (1.00, 1.02, 1.00) (0.99, 0.87, 1.00) #fs:   0  -- #Conts: 16 H(7)  G(3)  A(1)  E(3)  C(2) 
1565055728 53367.94 || noQ Q (Avg,Max,Min) (1.00, 1.02, 1.00) (0.97, 0.65, 1.00) #fs:   0  -- #Conts: 18 H(7)  G(3)  A(2)  E(4)  C(2) 
1565375353 53364.88 || noQ Q (Avg,Max,Min) (1.00, 1.00, 1.00) (0.99, 0.93, 1.00) #fs:   0  -- #Conts: 17 H(7)  G(2)  A(2)  E(4)  C(2) 
1565825288 53363.94 || noQ Q (Avg,Max,Min) (1.00, 1.02, 1.00) (0.99, 0.87, 1.00) #fs:   0  -- #Conts: 17 H(7)  G(3)  A(1)  E(4)  C(2) 
1640955807 53079.00 || noQ Q (Avg,Max,Min) (1.00, 1.00, 1.00) (0.98, 0.91, 1.00) #fs:   0  -- #Conts: 22 H(8)  G(5)  A(3)  E(4)  C(2) 
1641204898 53077.00 || noQ Q (Avg,Max,Min) (1.00, 1.00, 1.00) (0.98, 0.91, 1.00) #fs:   0  -- #Conts: 22 H(8)  G(5)  A(3)  E(4)  C(2) 
1641508752 53074.00 || noQ Q (Avg,Max,Min) (1.00, 1.00, 1.00) (0.98, 0.91, 1.00) #fs:   0  -- #Conts: 22 H(8)  G(5)  A(3)  E(4)  C(2) 
1641604049 53073.00 || noQ Q (Avg,Max,Min) (1.00, 1.00, 1.00) (0.99, 0.91, 1.00) #fs:   0  -- #Conts: 21 H(8)  G(5)  A(2)  E(4)  C(2) 
1641842991 53071.00 || noQ Q (Avg,Max,Min) (1.00, 1.00, 1.00) (0.98, 0.91, 1.00) #fs:   0  -- #Conts: 22 H(8)  G(5)  A(3)  E(4)  C(2) 
1641975943 53070.00 || noQ Q (Avg,Max,Min) (1.00, 1.00, 1.00) (0.99, 0.91, 1.00) #fs:   0  -- #Conts: 21 H(8)  G(5)  A(2)  E(4)  C(2) 
1642172641 53068.00 || noQ Q (Avg,Max,Min) (1.00, 1.00, 1.00) (0.99, 0.91, 1.00) #fs:   0  -- #Conts: 21 H(8)  G(5)  A(2)  E(4)  C(2) 
1642310182 53067.00 || noQ Q (Avg,Max,Min) (1.00, 1.00, 1.00) (0.99, 0.91, 1.00) #fs:   0  -- #Conts: 21 H(8)  G(5)  A(2)  E(4)  C(2) 
1642506880 53065.00 || noQ Q (Avg,Max,Min) (1.00, 1.00, 1.00) (0.99, 0.91, 1.00) #fs:   0  -- #Conts: 21 H(8)  G(5)  A(2)  E(4)  C(2) 
1642641926 53064.00 || noQ Q (Avg,Max,Min) (1.00, 1.00, 1.00) (0.99, 0.91, 1.00) #fs:   0  -- #Conts: 20 H(8)  G(5)  A(1)  E(4)  C(2) 
1642836344 53063.00 || noQ Q (Avg,Max,Min) (1.00, 1.02, 1.00) (0.95, 0.23, 1.00) #fs:   0  -- #Conts: 21 H(8)  G(5)  A(2)  E(4)  C(2) 
1642871504 53062.00 || noQ Q (Avg,Max,Min) (1.00, 1.00, 1.00) (0.99, 0.91, 1.00) #fs:   0  -- #Conts: 20 H(8)  G(5)  A(1)  E(4)  C(2) 
1642976165 53061.00 || noQ Q (Avg,Max,Min) (1.00, 1.00, 1.00) (0.99, 0.91, 1.00) #fs:   0  -- #Conts: 20 H(8)  G(5)  A(1)  E(4)  C(2) 
1643170583 53060.00 || noQ Q (Avg,Max,Min) (1.00, 1.02, 1.00) (0.95, 0.23, 1.00) #fs:   0  -- #Conts: 21 H(8)  G(5)  A(2)  E(4)  C(2) 
1643205743 53059.00 || noQ Q (Avg,Max,Min) (1.00, 1.00, 1.00) (0.99, 0.91, 1.00) #fs:   0  -- #Conts: 20 H(8)  G(5)  A(1)  E(4)  C(2) 
1643337413 53058.00 || noQ Q (Avg,Max,Min) (1.00, 1.00, 1.00) (0.99, 0.91, 1.00) #fs:   0  -- #Conts: 20 H(8)  G(5)  A(1)  E(4)  C(2) 
1643506222 53057.00 || noQ Q (Avg,Max,Min) (1.00, 1.00, 1.00) (0.99, 0.91, 1.00) #fs:   0  -- #Conts: 20 H(8)  G(5)  A(1)  E(4)  C(2) 
1643566991 53056.00 || noQ Q (Avg,Max,Min) (1.00, 1.00, 1.00) (0.99, 0.91, 1.00) #fs:   0  -- #Conts: 20 H(8)  G(5)  A(1)  E(4)  C(2) 
1643708790 53055.00 || noQ Q (Avg,Max,Min) (1.00, 1.00, 1.00) (0.99, 0.91, 1.00) #fs:   0  -- #Conts: 20 H(8)  G(5)  A(1)  E(4)  C(2) 
1643840461 53054.00 || noQ Q (Avg,Max,Min) (1.00, 1.00, 1.00) (0.99, 0.91, 1.00) #fs:   0  -- #Conts: 20 H(8)  G(5)  A(1)  E(4)  C(2) 
1648724548 53046.53 || noQ Q (Avg,Max,Min) (1.00, 1.01, 1.00) (0.97, 0.72, 1.00) #fs:   0  -- #Conts: 22 H(8)  G(4)  A(2)  E(6)  C(2) 
1649996115 53043.82 || noQ Q (Avg,Max,Min) (1.00, 1.01, 1.00) (0.97, 0.72, 1.00) #fs:   0  -- #Conts: 23 H(8)  G(4)  A(2)  E(6)  C(3) 
1663619009 53043.12 || noQ Q (Avg,Max,Min) (1.00, 1.00, 1.00) (0.98, 0.91, 1.00) #fs:   0  -- #Conts: 23 H(8)  G(4)  A(4)  E(5)  C(2) 
1694048236 51953.18 || noQ Q (Avg,Max,Min) (1.00, 1.00, 1.00) (0.98, 0.88, 1.00) #fs:   0  -- #Conts: 18 H(7)  G(5)  A(1)  E(4)  C(1) 
1694245279 51948.18 || noQ Q (Avg,Max,Min) (1.00, 1.00, 1.00) (0.98, 0.89, 1.00) #fs:   0  -- #Conts: 18 H(7)  G(5)  A(1)  E(4)  C(1) 
1694779146 51945.18 || noQ Q (Avg,Max,Min) (1.00, 1.00, 1.00) (0.99, 0.93, 1.00) #fs:   0  -- #Conts: 18 H(7)  G(5)  A(1)  E(4)  C(1) 
1694999492 51943.41 || noQ Q (Avg,Max,Min) (1.00, 1.02, 1.00) (0.95, 0.22, 1.00) #fs:   1  -- #Conts: 18 H(6)  G(6)  A(1)  E(4)  C(1) 
1695012100 51943.18 || noQ Q (Avg,Max,Min) (1.00, 1.00, 1.00) (0.99, 0.93, 1.00) #fs:   1  -- #Conts: 18 H(7)  G(5)  A(1)  E(4)  C(1) 
1695965535 51934.35 || noQ Q (Avg,Max,Min) (1.00, 1.01, 1.00) (0.96, 0.49, 1.00) #fs:   1  -- #Conts: 18 H(6)  G(5)  A(1)  E(5)  C(1) 
1697228952 51931.65 || noQ Q (Avg,Max,Min) (1.00, 1.01, 1.00) (0.98, 0.84, 1.00) #fs:   1  -- #Conts: 18 H(6)  G(5)  A(1)  E(4)  C(2) 
1725578262 51920.94 || noQ Q (Avg,Max,Min) (1.00, 1.00, 1.00) (0.95, 0.32, 1.00) #fs:   1  -- #Conts: 21 H(7)  G(5)  A(2)  E(6)  C(1) 
1726341979 51905.18 || noQ Q (Avg,Max,Min) (1.00, 1.02, 1.00) (0.97, 0.54, 1.00) #fs:   0  -- #Conts: 21 H(6)  G(6)  A(2)  E(6)  C(1) 
1726987326 51902.82 || noQ Q (Avg,Max,Min) (1.00, 1.00, 1.00) (0.98, 0.93, 1.00) #fs:   0  -- #Conts: 20 H(6)  G(5)  A(2)  E(6)  C(1) 
1728128254 51900.12 || noQ Q (Avg,Max,Min) (1.00, 1.01, 1.00) (0.98, 0.84, 1.00) #fs:   0  -- #Conts: 21 H(6)  G(5)  A(2)  E(6)  C(2) 
1744132544 51899.41 || noQ Q (Avg,Max,Min) (1.00, 1.00, 1.00) (0.98, 0.91, 1.00) #fs:   0  -- #Conts: 22 H(6)  G(5)  A(4)  E(6)  C(1) 
1865014294 51708.06 || noQ Q (Avg,Max,Min) (1.00, 1.00, 1.00) (0.99, 0.94, 1.00) #fs:   0  -- #Conts: 17 H(6)  G(3)  A(2)  E(4)  C(2) 
1867232796 51705.76 || noQ Q (Avg,Max,Min) (1.00, 1.01, 1.00) (0.97, 0.72, 1.00) #fs:   0  -- #Conts: 18 H(6)  G(3)  A(2)  E(5)  C(2) 
1884362015 51705.06 || noQ Q (Avg,Max,Min) (1.00, 1.00, 1.00) (0.98, 0.91, 1.00) #fs:   0  -- #Conts: 18 H(6)  G(3)  A(3)  E(4)  C(2) 
1916453789 51505.41 || noQ Q (Avg,Max,Min) (1.00, 1.00, 1.00) (0.99, 0.91, 1.00) #fs:   0  -- #Conts: 17 H(6)  G(2)  A(3)  E(4)  C(2) 
1918534916 51505.12 || noQ Q (Avg,Max,Min) (1.00, 1.01, 1.00) (0.96, 0.49, 1.00) #fs:   0  -- #Conts: 17 H(6)  G(2)  A(2)  E(5)  C(2) 
1918619319 51504.12 || noQ Q (Avg,Max,Min) (1.00, 1.01, 1.00) (0.96, 0.49, 1.00) #fs:   0  -- #Conts: 17 H(6)  G(2)  A(2)  E(5)  C(2) 
1919724057 51503.41 || noQ Q (Avg,Max,Min) (1.00, 1.01, 1.00) (0.98, 0.84, 1.00) #fs:   0  -- #Conts: 17 H(6)  G(2)  A(2)  E(4)  C(3) 
1919798333 51502.41 || noQ Q (Avg,Max,Min) (1.00, 1.01, 1.00) (0.98, 0.84, 1.00) #fs:   0  -- #Conts: 17 H(6)  G(2)  A(2)  E(4)  C(3) 
1919882736 51501.41 || noQ Q (Avg,Max,Min) (1.00, 1.01, 1.00) (0.98, 0.84, 1.00) #fs:   0  -- #Conts: 17 H(6)  G(2)  A(2)  E(4)  C(3) 
1985996598 51388.06 || noQ Q (Avg,Max,Min) (1.00, 1.00, 0.94) (0.99, 0.87, 1.00) #fs:   1  -- #Conts: 17 H(6)  G(3)  A(2)  E(4)  C(2) 
1986445626 51384.06 || noQ Q (Avg,Max,Min) (0.99, 1.00, 0.90) (0.99, 0.84, 1.00) #fs:   1  -- #Conts: 17 H(6)  G(3)  A(2)  E(4)  C(2) 
1989452556 51383.76 || noQ Q (Avg,Max,Min) (1.00, 1.01, 1.00) (0.97, 0.72, 1.00) #fs:   0  -- #Conts: 18 H(6)  G(3)  A(1)  E(5)  C(3) 
1989571980 51382.76 || noQ Q (Avg,Max,Min) (1.00, 1.01, 1.00) (0.97, 0.72, 1.00) #fs:   0  -- #Conts: 18 H(6)  G(3)  A(1)  E(5)  C(3) 
1989644997 51381.76 || noQ Q (Avg,Max,Min) (1.00, 1.01, 1.00) (0.97, 0.72, 1.00) #fs:   0  -- #Conts: 18 H(6)  G(3)  A(1)  E(5)  C(3) 
2003492596 51219.12 || noQ Q (Avg,Max,Min) (1.00, 1.03, 1.00) (0.88, 0.19, 1.00) #fs:   1  -- #Conts: 19 H(8)  G(3)  A(2)  E(4)  C(2) 
2003702022 51203.35 || noQ Q (Avg,Max,Min) (1.00, 1.03, 1.00) (0.89, 0.23, 1.00) #fs:   0  -- #Conts: 19 H(7)  G(4)  A(2)  E(4)  C(2) 
2003737694 51177.82 || noQ Q (Avg,Max,Min) (1.00, 1.03, 1.00) (0.91, 0.23, 1.00) #fs:   0  -- #Conts: 19 H(6)  G(4)  A(2)  E(4)  C(3) 
2003792884 51176.82 || noQ Q (Avg,Max,Min) (1.00, 1.02, 1.00) (0.95, 0.32, 1.00) #fs:   0  -- #Conts: 18 H(6)  G(4)  A(1)  E(4)  C(3) 
2004497328 51172.82 || noQ Q (Avg,Max,Min) (1.00, 1.02, 1.00) (0.97, 0.54, 1.00) #fs:   0  -- #Conts: 17 H(6)  G(4)  A(1)  E(4)  C(2) 
2004551768 51169.82 || noQ Q (Avg,Max,Min) (1.00, 1.02, 1.00) (0.97, 0.56, 1.00) #fs:   0  -- #Conts: 17 H(6)  G(4)  A(1)  E(4)  C(2) 
2006129250 51167.47 || noQ Q (Avg,Max,Min) (1.00, 1.01, 1.00) (0.95, 0.49, 1.00) #fs:   0  -- #Conts: 18 H(6)  G(3)  A(1)  E(6)  C(2) 
2007199608 51167.18 || noQ Q (Avg,Max,Min) (1.00, 1.01, 1.00) (0.94, 0.49, 1.00) #fs:   0  -- #Conts: 19 H(6)  G(3)  A(1)  E(7)  C(2) 
2007392667 51164.76 || noQ Q (Avg,Max,Min) (1.00, 1.01, 1.00) (0.97, 0.72, 1.00) #fs:   0  -- #Conts: 18 H(6)  G(3)  A(1)  E(5)  C(3) 
2007673077 51164.47 || noQ Q (Avg,Max,Min) (1.00, 1.01, 1.00) (0.96, 0.72, 1.00) #fs:   0  -- #Conts: 19 H(6)  G(3)  A(1)  E(6)  C(3) 
2022287893 51164.06 || noQ Q (Avg,Max,Min) (1.00, 1.00, 1.00) (0.99, 0.91, 1.00) #fs:   0  -- #Conts: 18 H(6)  G(3)  A(3)  E(4)  C(2) 
2024328827 51163.76 || noQ Q (Avg,Max,Min) (1.00, 1.01, 1.00) (0.98, 0.74, 1.00) #fs:   0  -- #Conts: 19 H(6)  G(3)  A(3)  E(5)  C(2) 
2024409774 51163.06 || noQ Q (Avg,Max,Min) (1.00, 1.00, 1.00) (0.99, 0.91, 1.00) #fs:   0  -- #Conts: 19 H(6)  G(3)  A(4)  E(4)  C(2) 
2040220313 50808.76 || noQ Q (Avg,Max,Min) (1.00, 1.00, 1.00) (0.99, 0.92, 1.00) #fs:   0  -- #Conts: 16 H(5)  G(3)  A(2)  E(4)  C(2) 
2040669341 50804.76 || noQ Q (Avg,Max,Min) (1.00, 1.00, 1.00) (0.99, 0.96, 1.00) #fs:   0  -- #Conts: 15 H(5)  G(3)  A(1)  E(4)  C(2) 
2040884906 50802.06 || noQ Q (Avg,Max,Min) (1.00, 1.00, 1.00) (0.99, 0.92, 1.00) #fs:   0  -- #Conts: 16 H(5)  G(3)  A(2)  E(4)  C(2) 
2040990966 50801.76 || noQ Q (Avg,Max,Min) (1.00, 1.00, 1.00) (0.99, 0.96, 1.00) #fs:   0  -- #Conts: 15 H(5)  G(3)  A(1)  E(4)  C(2) 
2041075369 50800.76 || noQ Q (Avg,Max,Min) (1.00, 1.00, 1.00) (0.99, 0.96, 1.00) #fs:   0  -- #Conts: 15 H(5)  G(3)  A(1)  E(4)  C(2) 
2043676323 50800.06 || noQ Q (Avg,Max,Min) (1.00, 1.02, 1.00) (0.94, 0.23, 1.00) #fs:   0  -- #Conts: 17 H(5)  G(3)  A(2)  E(4)  C(3) 
2053951735 50799.06 || noQ Q (Avg,Max,Min) (1.00, 1.00, 1.00) (0.99, 0.96, 1.00) #fs:   0  -- #Conts: 16 H(5)  G(3)  A(2)  E(4)  C(2) 
2135892189 50366.59 || noQ Q (Avg,Max,Min) (0.99, 1.04, 0.89) (0.89, 0.14, 1.00) #fs:   2  -- #Conts: 19 H(6)  G(4)  A(2)  E(5)  C(2) 
2136187153 50335.06 || noQ Q (Avg,Max,Min) (1.00, 1.04, 0.89) (0.90, 0.14, 1.00) #fs:   1  -- #Conts: 19 H(6)  G(4)  A(2)  E(5)  C(2) 
2136370004 50332.06 || noQ Q (Avg,Max,Min) (1.00, 1.04, 0.89) (0.90, 0.14, 1.00) #fs:   2  -- #Conts: 19 H(6)  G(4)  A(2)  E(5)  C(2) 
2136709120 50300.53 || noQ Q (Avg,Max,Min) (0.99, 1.04, 0.81) (0.93, 0.14, 1.00) #fs:   1  -- #Conts: 19 H(6)  G(4)  A(2)  E(5)  C(2) 
2137700765 50293.47 || noQ Q (Avg,Max,Min) (1.00, 1.01, 1.00) (0.96, 0.49, 1.00) #fs:   0  -- #Conts: 18 H(6)  G(3)  A(1)  E(6)  C(2) 
2137838273 50290.47 || noQ Q (Avg,Max,Min) (1.00, 1.01, 1.00) (0.98, 0.77, 1.00) #fs:   0  -- #Conts: 18 H(6)  G(3)  A(1)  E(6)  C(2) 
2138366174 50288.47 || noQ Q (Avg,Max,Min) (0.98, 1.01, 0.51) (0.94, 0.37, 1.00) #fs:   1  -- #Conts: 19 H(6)  G(3)  A(2)  E(6)  C(2) 
2139944551 50282.41 || noQ Q (Avg,Max,Min) (1.00, 1.01, 1.00) (0.94, 0.49, 1.00) #fs:   1  -- #Conts: 19 H(5)  G(4)  A(1)  E(7)  C(2) 
2140073153 50275.71 || noQ Q (Avg,Max,Min) (1.00, 1.01, 1.00) (0.97, 0.74, 1.00) #fs:   1  -- #Conts: 18 H(5)  G(4)  A(1)  E(6)  C(2) 
2140248283 50271.59 || noQ Q (Avg,Max,Min) (1.00, 1.02, 1.00) (0.95, 0.32, 1.00) #fs:   0  -- #Conts: 18 H(4)  G(7)  A(1)  E(4)  C(2) 
2141095658 50262.53 || noQ Q (Avg,Max,Min) (1.00, 1.01, 1.00) (0.96, 0.49, 1.00) #fs:   0  -- #Conts: 18 H(4)  G(6)  A(1)  E(5)  C(2) 
2141244481 50255.82 || noQ Q (Avg,Max,Min) (1.00, 1.00, 1.00) (0.99, 0.91, 1.00) #fs:   0  -- #Conts: 17 H(4)  G(6)  A(1)  E(4)  C(2) 
2143602146 50253.53 || noQ Q (Avg,Max,Min) (1.00, 1.01, 0.99) (0.97, 0.74, 1.00) #fs:   1  -- #Conts: 19 H(4)  G(6)  A(1)  E(5)  C(3) 
2160045368 50252.82 || noQ Q (Avg,Max,Min) (1.00, 1.00, 1.00) (0.98, 0.91, 1.00) #fs:   0  -- #Conts: 19 H(4)  G(6)  A(3)  E(4)  C(2) 
2166342093 50252.76 || noQ Q (Avg,Max,Min) (1.00, 1.01, 1.00) (0.96, 0.73, 1.00) #fs:   0  -- #Conts: 19 H(4)  G(4)  A(1)  E(7)  C(3) 
2176107494 50252.06 || noQ Q (Avg,Max,Min) (1.00, 1.01, 1.00) (0.96, 0.74, 1.00) #fs:   0  -- #Conts: 20 H(4)  G(4)  A(2)  E(7)  C(3) 
2176581901 50251.35 || noQ Q (Avg,Max,Min) (1.00, 1.01, 1.00) (0.97, 0.84, 1.00) #fs:   0  -- #Conts: 20 H(4)  G(4)  A(3)  E(6)  C(3) 
2269772782 48196.29 || noQ Q (Avg,Max,Min) (1.00, 1.00, 1.00) (0.99, 0.92, 1.00) #fs:   0  -- #Conts: 16 H(3)  G(7)  A(2)  E(3)  C(1) 
2270021873 48194.29 || noQ Q (Avg,Max,Min) (1.00, 1.00, 1.00) (0.99, 0.92, 1.00) #fs:   0  -- #Conts: 16 H(3)  G(7)  A(2)  E(3)  C(1) 
2270421024 48190.29 || noQ Q (Avg,Max,Min) (1.00, 1.00, 1.00) (0.99, 0.94, 1.00) #fs:   0  -- #Conts: 16 H(3)  G(7)  A(2)  E(3)  C(1) 
2270467526 48189.29 || noQ Q (Avg,Max,Min) (1.00, 1.00, 1.00) (0.99, 0.92, 1.00) #fs:   0  -- #Conts: 16 H(3)  G(7)  A(2)  E(3)  C(1) 
2270685762 48188.29 || noQ Q (Avg,Max,Min) (1.00, 1.00, 1.00) (0.99, 0.94, 1.00) #fs:   0  -- #Conts: 16 H(3)  G(7)  A(2)  E(3)  C(1) 
2270697104 48187.29 || noQ Q (Avg,Max,Min) (1.00, 1.00, 1.00) (0.99, 0.92, 1.00) #fs:   0  -- #Conts: 16 H(3)  G(7)  A(2)  E(3)  C(1) 
2270735038 48186.29 || noQ Q (Avg,Max,Min) (1.00, 1.00, 1.00) (0.99, 0.91, 1.00) #fs:   0  -- #Conts: 16 H(3)  G(7)  A(2)  E(3)  C(1) 
2270990876 48185.29 || noQ Q (Avg,Max,Min) (1.00, 1.00, 1.00) (0.99, 0.91, 1.00) #fs:   0  -- #Conts: 16 H(3)  G(7)  A(2)  E(3)  C(1) 
2271031343 48184.29 || noQ Q (Avg,Max,Min) (1.00, 1.00, 1.00) (0.99, 0.92, 1.00) #fs:   0  -- #Conts: 16 H(3)  G(7)  A(2)  E(3)  C(1) 
2271131415 48183.29 || noQ Q (Avg,Max,Min) (1.00, 1.00, 1.00) (0.99, 0.94, 1.00) #fs:   0  -- #Conts: 16 H(3)  G(7)  A(2)  E(3)  C(1) 
2271293471 48182.29 || noQ Q (Avg,Max,Min) (1.00, 1.00, 1.00) (0.99, 0.91, 1.00) #fs:   0  -- #Conts: 16 H(3)  G(7)  A(2)  E(3)  C(1) 
2271360993 48181.29 || noQ Q (Avg,Max,Min) (1.00, 1.00, 1.00) (0.99, 0.94, 1.00) #fs:   0  -- #Conts: 16 H(3)  G(7)  A(2)  E(3)  C(1) 
2271400139 48180.29 || noQ Q (Avg,Max,Min) (1.00, 1.00, 1.00) (1.00, 0.97, 1.00) #fs:   0  -- #Conts: 15 H(3)  G(7)  A(1)  E(3)  C(1) 
2271627710 48179.29 || noQ Q (Avg,Max,Min) (1.00, 1.00, 1.00) (0.99, 0.91, 1.00) #fs:   0  -- #Conts: 16 H(3)  G(7)  A(2)  E(3)  C(1) 
2271695232 48178.29 || noQ Q (Avg,Max,Min) (1.00, 1.00, 1.00) (0.99, 0.94, 1.00) #fs:   0  -- #Conts: 16 H(3)  G(7)  A(2)  E(3)  C(1) 
2271813397 48177.29 || noQ Q (Avg,Max,Min) (1.00, 1.00, 1.00) (1.00, 0.97, 1.00) #fs:   0  -- #Conts: 15 H(3)  G(7)  A(1)  E(3)  C(1) 
2271958572 48176.29 || noQ Q (Avg,Max,Min) (1.00, 1.00, 1.00) (1.00, 0.97, 1.00) #fs:   0  -- #Conts: 15 H(3)  G(7)  A(1)  E(3)  C(1) 
2272042975 48175.29 || noQ Q (Avg,Max,Min) (1.00, 1.00, 1.00) (1.00, 0.97, 1.00) #fs:   0  -- #Conts: 15 H(3)  G(7)  A(1)  E(3)  C(1) 
2272147636 48174.29 || noQ Q (Avg,Max,Min) (1.00, 1.00, 1.00) (1.00, 0.97, 1.00) #fs:   0  -- #Conts: 15 H(3)  G(7)  A(1)  E(3)  C(1) 
2272292811 48173.29 || noQ Q (Avg,Max,Min) (1.00, 1.00, 1.00) (1.00, 0.97, 1.00) #fs:   0  -- #Conts: 15 H(3)  G(7)  A(1)  E(3)  C(1) 
2272377214 48172.29 || noQ Q (Avg,Max,Min) (1.00, 1.00, 1.00) (1.00, 0.97, 1.00) #fs:   0  -- #Conts: 15 H(3)  G(7)  A(1)  E(3)  C(1) 
2272508884 48171.29 || noQ Q (Avg,Max,Min) (1.00, 1.00, 1.00) (1.00, 0.97, 1.00) #fs:   0  -- #Conts: 15 H(3)  G(7)  A(1)  E(3)  C(1) 
2272654059 48170.29 || noQ Q (Avg,Max,Min) (1.00, 1.00, 1.00) (1.00, 0.97, 1.00) #fs:   0  -- #Conts: 15 H(3)  G(7)  A(1)  E(3)  C(1) 
2290504604 48058.88 || noQ Q (Avg,Max,Min) (1.00, 1.01, 1.00) (0.97, 0.72, 1.00) #fs:   0  -- #Conts: 16 H(3)  G(6)  A(2)  E(4)  C(1) 
2290953632 48054.88 || noQ Q (Avg,Max,Min) (1.00, 1.03, 1.00) (0.94, 0.37, 1.00) #fs:   0  -- #Conts: 16 H(3)  G(6)  A(2)  E(4)  C(1) 
2293016832 48054.59 || noQ Q (Avg,Max,Min) (1.00, 1.01, 1.00) (0.95, 0.49, 1.00) #fs:   0  -- #Conts: 16 H(3)  G(6)  A(1)  E(5)  C(1) 
2294063105 48052.18 || noQ Q (Avg,Max,Min) (1.00, 1.01, 1.00) (0.98, 0.84, 1.00) #fs:   0  -- #Conts: 16 H(3)  G(6)  A(2)  E(3)  C(2) 
2294153003 48051.88 || noQ Q (Avg,Max,Min) (1.00, 1.01, 1.00) (0.97, 0.72, 1.00) #fs:   0  -- #Conts: 16 H(3)  G(6)  A(1)  E(4)  C(2) 
2310146051 48051.18 || noQ Q (Avg,Max,Min) (1.00, 1.00, 1.00) (0.99, 0.91, 1.00) #fs:   0  -- #Conts: 16 H(3)  G(6)  A(3)  E(3)  C(1) 
2512437521 47564.47 || noQ Q (Avg,Max,Min) (1.00, 1.04, 1.00) (0.89, 0.13, 1.00) #fs:   0  -- #Conts: 16 H(4)  G(6)  A(2)  E(3)  C(1) 
2512577415 47532.94 || noQ Q (Avg,Max,Min) (1.00, 1.03, 1.00) (0.95, 0.19, 1.00) #fs:   0  -- #Conts: 15 H(3)  G(6)  A(2)  E(3)  C(1) 
2512910679 47521.18 || noQ Q (Avg,Max,Min) (1.00, 1.00, 1.00) (1.00, 0.97, 1.00) #fs:   0  -- #Conts: 14 H(2)  G(6)  A(2)  E(3)  C(1) 
2513680239 47517.18 || noQ Q (Avg,Max,Min) (1.00, 1.00, 1.00) (1.00, 1.00, 1.00) #fs:   0  -- #Conts: 14 H(2)  G(6)  A(2)  E(3)  C(1) 
2513681855 47513.18 || noQ Q (Avg,Max,Min) (1.00, 1.02, 1.00) (0.97, 0.54, 1.00) #fs:   0  -- #Conts: 15 H(2)  G(7)  A(2)  E(3)  C(1) 
2514484453 47510.82 || noQ Q (Avg,Max,Min) (1.00, 1.01, 1.00) (0.95, 0.49, 1.00) #fs:   0  -- #Conts: 16 H(2)  G(6)  A(2)  E(5)  C(1) 
2515747870 47508.12 || noQ Q (Avg,Max,Min) (1.00, 1.01, 1.00) (0.97, 0.72, 1.00) #fs:   0  -- #Conts: 16 H(2)  G(6)  A(2)  E(4)  C(2) 
2531472420 47507.41 || noQ Q (Avg,Max,Min) (1.00, 1.00, 1.00) (0.99, 0.91, 1.00) #fs:   0  -- #Conts: 16 H(2)  G(6)  A(4)  E(3)  C(1) 
2559298169 47121.76 || noQ Q (Avg,Max,Min) (1.00, 1.04, 1.00) (0.90, 0.13, 1.00) #fs:   0  -- #Conts: 17 H(5)  G(7)  A(1)  E(3)  C(1) 
2559337667 47120.76 || noQ Q (Avg,Max,Min) (1.00, 1.04, 1.00) (0.90, 0.13, 1.00) #fs:   1  -- #Conts: 17 H(5)  G(7)  A(1)  E(3)  C(1) 
2559418052 47090.24 || noQ Q (Avg,Max,Min) (1.00, 1.03, 1.00) (0.95, 0.19, 1.00) #fs:   0  -- #Conts: 16 H(4)  G(7)  A(1)  E(3)  C(1) 
2559481593 47089.24 || noQ Q (Avg,Max,Min) (1.00, 1.03, 1.00) (0.95, 0.19, 1.00) #fs:   1  -- #Conts: 16 H(4)  G(7)  A(1)  E(3)  C(1) 
2560126999 47074.47 || noQ Q (Avg,Max,Min) (1.00, 1.02, 1.00) (0.95, 0.22, 1.00) #fs:   1  -- #Conts: 16 H(3)  G(8)  A(1)  E(3)  C(1) 
2560602857 47073.47 || noQ Q (Avg,Max,Min) (1.00, 1.00, 1.00) (1.00, 0.99, 1.00) #fs:   0  -- #Conts: 15 H(3)  G(7)  A(1)  E(3)  C(1) 
2561093042 47065.41 || noQ Q (Avg,Max,Min) (1.00, 1.01, 1.00) (0.97, 0.49, 1.00) #fs:   1  -- #Conts: 16 H(3)  G(7)  A(1)  E(4)  C(1) 
2561594468 47064.41 || noQ Q (Avg,Max,Min) (1.00, 1.01, 1.00) (0.97, 0.49, 1.00) #fs:   0  -- #Conts: 16 H(3)  G(7)  A(1)  E(4)  C(1) 
2562356459 47062.71 || noQ Q (Avg,Max,Min) (1.00, 1.01, 1.00) (0.99, 0.84, 1.00) #fs:   1  -- #Conts: 16 H(3)  G(7)  A(1)  E(3)  C(2) 
2562857885 47061.71 || noQ Q (Avg,Max,Min) (1.00, 1.01, 1.00) (0.99, 0.84, 1.00) #fs:   0  -- #Conts: 16 H(3)  G(7)  A(1)  E(3)  C(2) 
2565206124 47049.29 || noQ Q (Avg,Max,Min) (1.00, 1.03, 1.00) (0.94, 0.37, 1.00) #fs:   0  -- #Conts: 17 H(2)  G(7)  A(3)  E(4)  C(1) 
2565975684 47045.29 || noQ Q (Avg,Max,Min) (1.00, 1.03, 1.00) (0.94, 0.37, 1.00) #fs:   0  -- #Conts: 16 H(2)  G(7)  A(2)  E(4)  C(1) 
2566345999 47042.59 || noQ Q (Avg,Max,Min) (1.00, 1.03, 1.00) (0.95, 0.37, 1.00) #fs:   0  -- #Conts: 16 H(2)  G(7)  A(3)  E(3)  C(1) 
2566402162 47041.59 || noQ Q (Avg,Max,Min) (1.00, 1.00, 1.00) (0.99, 0.92, 1.00) #fs:   0  -- #Conts: 15 H(2)  G(7)  A(2)  E(3)  C(1) 
2569799429 47040.59 || noQ Q (Avg,Max,Min) (1.00, 1.03, 1.00) (0.95, 0.37, 1.00) #fs:   0  -- #Conts: 16 H(2)  G(7)  A(2)  E(3)  C(2) 
2603969750 46494.00 || noQ Q (Avg,Max,Min) (1.00, 1.04, 1.00) (0.93, 0.13, 1.00) #fs:   0  -- #Conts: 16 H(2)  G(7)  A(1)  E(5)  C(1) 
2604288570 46462.47 || noQ Q (Avg,Max,Min) (1.00, 1.01, 1.00) (0.98, 0.72, 1.00) #fs:   0  -- #Conts: 15 H(1)  G(7)  A(1)  E(5)  C(1) 
2604720823 46459.76 || noQ Q (Avg,Max,Min) (1.00, 1.00, 1.00) (0.99, 0.91, 1.00) #fs:   0  -- #Conts: 15 H(1)  G(7)  A(2)  E(4)  C(1) 
2605411586 46455.76 || noQ Q (Avg,Max,Min) (1.00, 1.00, 1.00) (1.00, 0.98, 1.00) #fs:   0  -- #Conts: 14 H(1)  G(7)  A(1)  E(4)  C(1) 
2605440517 46455.06 || noQ Q (Avg,Max,Min) (1.00, 1.00, 1.00) (0.99, 0.91, 1.00) #fs:   0  -- #Conts: 15 H(1)  G(7)  A(2)  E(4)  C(1) 
2605805046 46454.76 || noQ Q (Avg,Max,Min) (1.00, 1.02, 1.00) (0.95, 0.23, 1.00) #fs:   0  -- #Conts: 15 H(1)  G(7)  A(2)  E(4)  C(1) 
2605833977 46453.06 || noQ Q (Avg,Max,Min) (1.00, 1.00, 1.00) (1.00, 0.95, 1.00) #fs:   0  -- #Conts: 15 H(1)  G(7)  A(2)  E(4)  C(1) 
2606327061 46451.06 || noQ Q (Avg,Max,Min) (1.00, 1.00, 0.98) (1.00, 0.95, 1.00) #fs:   1  -- #Conts: 15 H(1)  G(7)  A(2)  E(4)  C(1) 
2607821675 46450.76 || noQ Q (Avg,Max,Min) (1.00, 1.01, 1.00) (0.97, 0.72, 1.00) #fs:   0  -- #Conts: 16 H(1)  G(7)  A(1)  E(5)  C(2) 
2624950894 46450.06 || noQ Q (Avg,Max,Min) (1.00, 1.00, 1.00) (0.99, 0.91, 1.00) #fs:   0  -- #Conts: 16 H(1)  G(7)  A(3)  E(4)  C(1) 
2629184367 46410.53 || noQ Q (Avg,Max,Min) (1.01, 1.04, 1.00) (0.84, 0.13, 1.00) #fs:   0  -- #Conts: 16 H(3)  G(7)  A(1)  E(4)  C(1) 
2629213784 46379.00 || noQ Q (Avg,Max,Min) (1.00, 1.03, 1.00) (0.90, 0.19, 1.00) #fs:   0  -- #Conts: 15 H(2)  G(7)  A(1)  E(4)  C(1) 
2629249961 46328.65 || noQ Q (Avg,Max,Min) (1.00, 1.00, 1.00) (0.99, 0.96, 1.00) #fs:   1  -- #Conts: 14 G(7)  A(2)  E(4)  C(1) 
2629732887 46325.65 || noQ Q (Avg,Max,Min) (1.00, 1.04, 1.00) (0.93, 0.14, 1.00) #fs:   1  -- #Conts: 15 G(7)  A(2)  E(4)  C(2) 
2630393923 46324.65 || noQ Q (Avg,Max,Min) (1.00, 1.04, 1.00) (0.89, 0.14, 1.00) #fs:   1  -- #Conts: 15 G(7)  A(3)  E(4)  C(1) 
2630399709 46321.94 || noQ Q (Avg,Max,Min) (1.00, 1.00, 1.00) (0.99, 0.92, 1.00) #fs:   0  -- #Conts: 14 G(7)  A(2)  E(4)  C(1) 
2630502447 46321.65 || noQ Q (Avg,Max,Min) (1.00, 1.04, 1.00) (0.94, 0.14, 1.00) #fs:   1  -- #Conts: 14 G(7)  A(2)  E(4)  C(1) 
2630872762 46318.94 || noQ Q (Avg,Max,Min) (1.00, 1.00, 1.00) (0.98, 0.81, 1.00) #fs:   0  -- #Conts: 14 G(7)  A(2)  E(4)  C(1) 
2631076383 46318.65 || noQ Q (Avg,Max,Min) (1.00, 1.04, 1.00) (0.94, 0.14, 1.00) #fs:   1  -- #Conts: 14 G(7)  A(2)  E(4)  C(1) 
2631169269 46317.94 || noQ Q (Avg,Max,Min) (1.00, 1.00, 1.00) (1.00, 0.97, 1.00) #fs:   0  -- #Conts: 13 G(7)  A(1)  E(4)  C(1) 
2631562729 46316.94 || noQ Q (Avg,Max,Min) (1.00, 1.02, 1.00) (0.94, 0.23, 1.00) #fs:   0  -- #Conts: 14 G(7)  A(2)  E(4)  C(1) 
2632863033 46315.94 || noQ Q (Avg,Max,Min) (1.00, 1.02, 1.00) (0.94, 0.23, 1.00) #fs:   0  -- #Conts: 15 G(7)  A(2)  E(4)  C(2) 
2634491317 46314.94 || noQ Q (Avg,Max,Min) (1.00, 1.01, 1.00) (0.99, 0.84, 1.00) #fs:   0  -- #Conts: 14 G(7)  A(1)  E(4)  C(2) 
2636130832 46314.65 || noQ Q (Avg,Max,Min) (1.00, 1.01, 1.00) (0.97, 0.75, 1.00) #fs:   0  -- #Conts: 15 G(7)  A(1)  E(5)  C(2) 
2653955653 46313.94 || noQ Q (Avg,Max,Min) (1.00, 1.01, 1.00) (0.99, 0.84, 1.00) #fs:   0  -- #Conts: 15 G(7)  A(2)  E(4)  C(2) 
2907774176 20107.94 || noQ Q (Avg,Max,Min) (1.00, 1.00, 1.00) (0.99, 0.91, 1.00) #fs:   0  -- #Conts: 19 H(3)  A(7)  G(3)  E(4)  C(2) 
2908023267 20105.94 || noQ Q (Avg,Max,Min) (1.00, 1.00, 1.00) (0.99, 0.91, 1.00) #fs:   0  -- #Conts: 19 H(3)  A(7)  G(3)  E(4)  C(2) 
2908431782 20101.94 || noQ Q (Avg,Max,Min) (1.00, 1.00, 1.00) (0.99, 0.91, 1.00) #fs:   0  -- #Conts: 19 H(3)  A(7)  G(3)  E(4)  C(2) 
2908661360 20099.94 || noQ Q (Avg,Max,Min) (1.00, 1.00, 1.00) (0.99, 0.91, 1.00) #fs:   0  -- #Conts: 19 H(3)  A(7)  G(3)  E(4)  C(2) 
2908726670 20098.94 || noQ Q (Avg,Max,Min) (1.00, 1.00, 1.00) (0.99, 0.91, 1.00) #fs:   0  -- #Conts: 19 H(3)  A(7)  G(3)  E(4)  C(2) 
2908990128 20096.94 || noQ Q (Avg,Max,Min) (1.00, 1.00, 1.00) (0.99, 0.91, 1.00) #fs:   0  -- #Conts: 19 H(3)  A(7)  G(3)  E(4)  C(2) 
2909095671 20095.94 || noQ Q (Avg,Max,Min) (1.00, 1.00, 1.00) (0.99, 0.91, 1.00) #fs:   0  -- #Conts: 19 H(3)  A(7)  G(3)  E(4)  C(2) 
2909293982 20094.94 || noQ Q (Avg,Max,Min) (1.00, 1.00, 1.00) (0.99, 0.91, 1.00) #fs:   0  -- #Conts: 19 H(3)  A(7)  G(3)  E(4)  C(2) 
2909325249 20093.94 || noQ Q (Avg,Max,Min) (1.00, 1.00, 1.00) (0.99, 0.91, 1.00) #fs:   0  -- #Conts: 19 H(3)  A(7)  G(3)  E(4)  C(2) 
2909392653 20092.94 || noQ Q (Avg,Max,Min) (1.00, 1.00, 1.00) (0.99, 0.91, 1.00) #fs:   0  -- #Conts: 18 H(3)  A(6)  G(3)  E(4)  C(2) 
2909628221 20091.94 || noQ Q (Avg,Max,Min) (1.00, 1.00, 1.00) (0.99, 0.91, 1.00) #fs:   0  -- #Conts: 19 H(3)  A(7)  G(3)  E(4)  C(2) 
2909656111 20090.94 || noQ Q (Avg,Max,Min) (1.00, 1.00, 1.00) (0.99, 0.91, 1.00) #fs:   0  -- #Conts: 18 H(3)  A(6)  G(3)  E(4)  C(2) 
2909777653 20089.94 || noQ Q (Avg,Max,Min) (1.00, 1.00, 1.00) (0.99, 0.91, 1.00) #fs:   0  -- #Conts: 18 H(3)  A(6)  G(3)  E(4)  C(2) 
2909959965 20088.94 || noQ Q (Avg,Max,Min) (1.00, 1.00, 1.00) (0.99, 0.91, 1.00) #fs:   0  -- #Conts: 18 H(3)  A(6)  G(3)  E(4)  C(2) 
2910007231 20087.94 || noQ Q (Avg,Max,Min) (1.00, 1.00, 1.00) (0.99, 0.91, 1.00) #fs:   0  -- #Conts: 18 H(3)  A(6)  G(3)  E(4)  C(2) 
2910138901 20086.94 || noQ Q (Avg,Max,Min) (1.00, 1.00, 1.00) (0.99, 0.91, 1.00) #fs:   0  -- #Conts: 18 H(3)  A(6)  G(3)  E(4)  C(2) 
2910294204 20085.94 || noQ Q (Avg,Max,Min) (1.00, 1.00, 1.00) (0.99, 0.91, 1.00) #fs:   0  -- #Conts: 18 H(3)  A(6)  G(3)  E(4)  C(2) 
2910368479 20084.94 || noQ Q (Avg,Max,Min) (1.00, 1.00, 1.00) (0.99, 0.91, 1.00) #fs:   0  -- #Conts: 18 H(3)  A(6)  G(3)  E(4)  C(2) 
2910510278 20083.94 || noQ Q (Avg,Max,Min) (1.00, 1.00, 1.00) (0.99, 0.91, 1.00) #fs:   0  -- #Conts: 18 H(3)  A(6)  G(3)  E(4)  C(2) 
2910655452 20082.94 || noQ Q (Avg,Max,Min) (1.00, 1.00, 1.00) (0.99, 0.91, 1.00) #fs:   0  -- #Conts: 18 H(3)  A(6)  G(3)  E(4)  C(2) 
3127890121 19516.88 || noQ Q (Avg,Max,Min) (1.00, 1.03, 1.00) (0.95, 0.19, 1.00) #fs:   0  -- #Conts: 19 H(3)  A(7)  G(3)  E(4)  C(2) 
3128339149 19512.88 || noQ Q (Avg,Max,Min) (1.00, 1.03, 1.00) (0.95, 0.32, 1.00) #fs:   0  -- #Conts: 19 H(3)  A(7)  G(3)  E(4)  C(2) 
3128375326 19501.12 || noQ Q (Avg,Max,Min) (1.00, 1.00, 1.00) (0.99, 0.91, 1.00) #fs:   0  -- #Conts: 18 H(2)  A(7)  G(3)  E(4)  C(2) 
3129144886 19497.12 || noQ Q (Avg,Max,Min) (1.00, 1.00, 1.00) (0.99, 0.91, 1.00) #fs:   0  -- #Conts: 18 H(2)  A(7)  G(3)  E(4)  C(2) 
3129515201 19495.12 || noQ Q (Avg,Max,Min) (1.00, 1.00, 1.00) (0.99, 0.91, 1.00) #fs:   0  -- #Conts: 18 H(2)  A(7)  G(3)  E(4)  C(2) 
3129844168 19492.06 || noQ Q (Avg,Max,Min) (1.00, 1.01, 1.00) (0.97, 0.74, 1.00) #fs:   0  -- #Conts: 19 H(2)  A(7)  G(3)  E(5)  C(2) 
3130284761 19491.12 || noQ Q (Avg,Max,Min) (1.00, 1.00, 1.00) (0.99, 0.91, 1.00) #fs:   0  -- #Conts: 17 H(2)  A(6)  G(3)  E(4)  C(2) 
3170486432 19001.41 || noQ Q (Avg,Max,Min) (1.00, 1.04, 1.00) (0.90, 0.13, 1.00) #fs:   0  -- #Conts: 20 H(3)  A(7)  G(4)  E(4)  C(2) 
3170695858 18969.88 || noQ Q (Avg,Max,Min) (1.00, 1.03, 1.00) (0.95, 0.32, 1.00) #fs:   0  -- #Conts: 19 H(2)  A(7)  G(4)  E(4)  C(2) 
3170719988 18960.12 || noQ Q (Avg,Max,Min) (1.00, 1.00, 1.00) (0.98, 0.91, 1.00) #fs:   0  -- #Conts: 18 H(1)  A(7)  G(4)  E(4)  C(2) 
3171489548 18956.12 || noQ Q (Avg,Max,Min) (1.00, 1.00, 1.00) (0.98, 0.91, 1.00) #fs:   0  -- #Conts: 18 H(1)  A(7)  G(4)  E(4)  C(2) 
3171491164 18954.12 || noQ Q (Avg,Max,Min) (1.00, 1.02, 1.00) (0.96, 0.54, 1.00) #fs:   0  -- #Conts: 19 H(1)  A(7)  G(5)  E(4)  C(2) 
3172152510 18951.76 || noQ Q (Avg,Max,Min) (1.00, 1.01, 1.00) (0.94, 0.49, 1.00) #fs:   0  -- #Conts: 20 H(1)  A(7)  G(4)  E(6)  C(2) 
3172729953 18950.47 || noQ Q (Avg,Max,Min) (1.00, 1.01, 1.00) (0.93, 0.49, 1.00) #fs:   0  -- #Conts: 20 H(1)  A(6)  G(4)  E(7)  C(2) 
3173036424 18949.06 || noQ Q (Avg,Max,Min) (1.00, 1.01, 1.00) (0.96, 0.72, 1.00) #fs:   0  -- #Conts: 20 H(1)  A(7)  G(4)  E(5)  C(3) 
3173529508 18947.76 || noQ Q (Avg,Max,Min) (1.00, 1.01, 1.00) (0.95, 0.72, 1.00) #fs:   0  -- #Conts: 20 H(1)  A(6)  G(4)  E(6)  C(3) 
3175289646 18946.76 || noQ Q (Avg,Max,Min) (1.00, 1.01, 1.00) (0.95, 0.74, 1.00) #fs:   0  -- #Conts: 20 H(1)  A(6)  G(4)  E(6)  C(3) 
3189281729 18946.06 || noQ Q (Avg,Max,Min) (1.00, 1.01, 1.00) (0.97, 0.77, 1.00) #fs:   0  -- #Conts: 20 H(1)  A(8)  G(4)  E(5)  C(2) 
3193114467 18945.35 || noQ Q (Avg,Max,Min) (1.00, 1.01, 1.00) (0.97, 0.84, 1.00) #fs:   0  -- #Conts: 20 H(1)  A(8)  G(4)  E(4)  C(3) 
3241971144 18387.06 || noQ Q (Avg,Max,Min) (1.00, 1.04, 1.00) (0.94, 0.13, 1.00) #fs:   0  -- #Conts: 19 H(1)  A(9)  G(3)  E(4)  C(2) 
3242289964 18355.53 || noQ Q (Avg,Max,Min) (1.00, 1.00, 1.00) (0.98, 0.91, 1.00) #fs:   0  -- #Conts: 18 A(9)  G(3)  E(4)  C(2) 
3607246148 18251.18 || noQ Q (Avg,Max,Min) (1.00, 1.04, 1.00) (0.95, 0.13, 1.00) #fs:   0  -- #Conts: 20 H(1)  A(7)  G(3)  E(7)  C(2) 
3607564968 18235.41 || noQ Q (Avg,Max,Min) (1.00, 1.00, 1.00) (0.99, 0.92, 1.00) #fs:   0  -- #Conts: 19 A(7)  G(3)  E(7)  C(2) 
3608532723 18226.35 || noQ Q (Avg,Max,Min) (1.00, 1.01, 1.00) (0.97, 0.49, 1.00) #fs:   0  -- #Conts: 20 A(7)  G(3)  E(8)  C(2) 
3609796140 18223.65 || noQ Q (Avg,Max,Min) (1.00, 1.01, 1.00) (0.99, 0.84, 1.00) #fs:   0  -- #Conts: 20 A(7)  G(3)  E(7)  C(3) 
3970487159 18223.35 || noQ Q (Avg,Max,Min) (1.00, 1.02, 1.00) (0.94, 0.46, 1.00) #fs:   0  -- #Conts: 21 A(9)  G(3)  E(6)  C(3) 
3986354421 18222.35 || noQ Q (Avg,Max,Min) (1.00, 1.01, 1.00) (0.98, 0.77, 1.00) #fs:   0  -- #Conts: 20 A(9)  G(3)  E(6)  C(2) 
3986863321 18221.65 || noQ Q (Avg,Max,Min) (1.00, 1.00, 1.00) (0.99, 0.91, 1.00) #fs:   0  -- #Conts: 19 A(9)  G(3)  E(5)  C(2) 
4147365681 18109.06 || noQ Q (Avg,Max,Min) (1.00, 1.03, 1.00) (0.95, 0.21, 1.00) #fs:   0  -- #Conts: 19 H(1)  A(8)  G(3)  E(5)  C(2) 
4147814709 18105.06 || noQ Q (Avg,Max,Min) (1.00, 1.03, 1.00) (0.95, 0.33, 1.00) #fs:   0  -- #Conts: 19 H(1)  A(8)  G(3)  E(5)  C(2) 
4147871785 18093.29 || noQ Q (Avg,Max,Min) (1.00, 1.02, 1.00) (0.95, 0.35, 1.00) #fs:   0  -- #Conts: 19 A(8)  G(4)  E(5)  C(2) 
4148641345 18089.29 || noQ Q (Avg,Max,Min) (1.00, 1.02, 1.00) (0.96, 0.56, 1.00) #fs:   0  -- #Conts: 19 A(8)  G(4)  E(5)  C(2) 
4149011660 18087.29 || noQ Q (Avg,Max,Min) (1.00, 1.02, 1.00) (0.97, 0.67, 1.00) #fs:   0  -- #Conts: 19 A(8)  G(4)  E(5)  C(2) 
4149396427 18084.24 || noQ Q (Avg,Max,Min) (1.00, 1.00, 1.00) (0.99, 0.91, 1.00) #fs:   0  -- #Conts: 18 A(8)  G(3)  E(5)  C(2) 
4149781220 18083.29 || noQ Q (Avg,Max,Min) (1.00, 1.02, 1.00) (0.98, 0.89, 1.00) #fs:   0  -- #Conts: 18 A(7)  G(4)  E(5)  C(2) 
4249199939 17983.06 || noQ Q (Avg,Max,Min) (1.00, 1.04, 1.00) (0.88, 0.13, 1.00) #fs:   0  -- #Conts: 20 H(1)  A(7)  G(5)  E(5)  C(2) 
4249520471 17951.53 || noQ Q (Avg,Max,Min) (1.00, 1.02, 0.96) (0.93, 0.32, 1.00) #fs:   1  -- #Conts: 19 A(7)  G(5)  E(5)  C(2) 
4250445745 17949.53 || noQ Q (Avg,Max,Min) (0.98, 1.02, 0.68) (0.93, 0.32, 1.00) #fs:   1  -- #Conts: 19 A(7)  G(5)  E(5)  C(2) 
4250548220 17933.76 || noQ Q (Avg,Max,Min) (1.00, 1.02, 1.00) (0.98, 0.87, 1.00) #fs:   0  -- #Conts: 18 A(7)  G(4)  E(5)  C(2) 
4252429621 17930.41 || noQ Q (Avg,Max,Min) (1.00, 1.00, 1.00) (0.99, 0.91, 1.00) #fs:   0  -- #Conts: 17 A(7)  G(3)  E(5)  C(2) 
4463252776 15140.24 || noQ Q (Avg,Max,Min) (1.00, 1.03, 1.00) (0.95, 0.19, 1.00) #fs:   0  -- #Conts: 18 H(1)  A(9)  G(3)  E(3)  C(2) 
4463701804 15136.24 || noQ Q (Avg,Max,Min) (1.00, 1.03, 1.00) (0.96, 0.32, 1.00) #fs:   0  -- #Conts: 18 H(1)  A(9)  G(3)  E(3)  C(2) 
4463739600 15124.47 || noQ Q (Avg,Max,Min) (1.00, 1.02, 1.00) (0.96, 0.33, 1.00) #fs:   0  -- #Conts: 18 A(9)  G(4)  E(3)  C(2) 
4464509160 15120.47 || noQ Q (Avg,Max,Min) (1.00, 1.02, 1.00) (0.97, 0.55, 1.00) #fs:   0  -- #Conts: 18 A(9)  G(4)  E(3)  C(2) 
4464879475 15118.47 || noQ Q (Avg,Max,Min) (1.00, 1.02, 1.00) (0.98, 0.65, 1.00) #fs:   0  -- #Conts: 18 A(9)  G(4)  E(3)  C(2) 
4465206823 15115.41 || noQ Q (Avg,Max,Min) (1.00, 1.01, 1.00) (0.98, 0.74, 1.00) #fs:   0  -- #Conts: 18 A(9)  G(3)  E(4)  C(2) 
4483559017 15114.71 || noQ Q (Avg,Max,Min) (1.00, 1.00, 1.00) (0.99, 0.92, 1.00) #fs:   0  -- #Conts: 17 A(9)  G(3)  E(3)  C(2) 
4503259017 15113.71 || noQ Q (Avg,Max,Min) (1.00, 1.00, 1.00) (0.99, 0.92, 1.00) #fs:   0  -- #Conts: 17 A(9)  G(3)  E(3)  C(2) 
4574609337 12616.29 || noQ Q (Avg,Max,Min) (1.00, 1.03, 1.00) (0.95, 0.19, 1.00) #fs:   0  -- #Conts: 17 H(1)  A(8)  G(3)  E(3)  C(2) 
4575058365 12612.29 || noQ Q (Avg,Max,Min) (1.00, 1.03, 1.00) (0.96, 0.32, 1.00) #fs:   0  -- #Conts: 17 H(1)  A(8)  G(3)  E(3)  C(2) 
4575084111 12600.53 || noQ Q (Avg,Max,Min) (1.00, 1.02, 1.00) (0.96, 0.32, 1.00) #fs:   0  -- #Conts: 17 A(8)  G(4)  E(3)  C(2) 
4575853671 12596.53 || noQ Q (Avg,Max,Min) (1.00, 1.02, 1.00) (0.97, 0.54, 1.00) #fs:   0  -- #Conts: 17 A(8)  G(4)  E(3)  C(2) 
4576515017 12591.47 || noQ Q (Avg,Max,Min) (1.00, 1.01, 1.00) (0.98, 0.72, 1.00) #fs:   0  -- #Conts: 17 A(8)  G(3)  E(4)  C(2) 
4587089259 9872.18 || noQ Q (Avg,Max,Min) (1.00, 1.04, 1.00) (0.90, 0.13, 1.00) #fs:   0  -- #Conts: 20 H(2)  A(9)  G(3)  E(4)  C(2) 
4587395616 9840.65 || noQ Q (Avg,Max,Min) (1.00, 1.03, 1.00) (0.95, 0.32, 1.00) #fs:   0  -- #Conts: 19 H(1)  A(9)  G(3)  E(4)  C(2) 
4588202972 9824.88 || noQ Q (Avg,Max,Min) (1.00, 1.02, 1.00) (0.96, 0.55, 1.00) #fs:   0  -- #Conts: 19 A(9)  G(4)  E(4)  C(2) 
4588900635 9822.53 || noQ Q (Avg,Max,Min) (1.00, 1.01, 1.00) (0.95, 0.49, 1.00) #fs:   0  -- #Conts: 20 A(9)  G(3)  E(6)  C(2) 
4589342847 9818.18 || noQ Q (Avg,Max,Min) (1.00, 1.02, 1.00) (0.99, 0.87, 1.00) #fs:   0  -- #Conts: 18 A(9)  G(4)  E(3)  C(2) 
4606321660 9818.12 || noQ Q (Avg,Max,Min) (1.00, 1.01, 1.00) (0.98, 0.74, 1.00) #fs:   1  -- #Conts: 18 A(9)  G(3)  E(4)  C(2) 
4606435390 9817.41 || noQ Q (Avg,Max,Min) (1.00, 1.00, 1.00) (0.99, 0.92, 1.00) #fs:   0  -- #Conts: 18 A(10)  G(3)  E(3)  C(2) 
6443271043 8543.71 || noQ Q (Avg,Max,Min) (1.00, 1.04, 1.00) (0.90, 0.13, 1.00) #fs:   2  -- #Conts: 18 H(2)  A(9)  G(1)  E(4)  C(2) 
6443296024 8463.47 || noQ Q (Avg,Max,Min) (1.01, 1.04, 1.00) (0.86, 0.13, 1.00) #fs:   3  -- #Conts: 19 H(3)  A(7)  G(1)  E(6)  C(2) 
6443325374 8447.71 || noQ Q (Avg,Max,Min) (1.00, 1.03, 1.00) (0.86, 0.19, 1.00) #fs:   3  -- #Conts: 19 H(2)  A(7)  G(2)  E(6)  C(2) 
6443720071 8431.94 || noQ Q (Avg,Max,Min) (1.00, 1.03, 1.00) (0.91, 0.19, 1.00) #fs:   3  -- #Conts: 18 H(2)  A(7)  G(1)  E(6)  C(2) 
6443745817 8416.18 || noQ Q (Avg,Max,Min) (1.00, 1.03, 1.00) (0.91, 0.32, 1.00) #fs:   3  -- #Conts: 18 H(1)  A(7)  G(2)  E(6)  C(2) 
6444291417 8407.12 || noQ Q (Avg,Max,Min) (1.00, 1.02, 1.00) (0.89, 0.32, 1.00) #fs:   3  -- #Conts: 19 A(7)  G(3)  E(7)  C(2) 
6444515377 8400.41 || noQ Q (Avg,Max,Min) (1.00, 1.02, 1.00) (0.92, 0.33, 1.00) #fs:   3  -- #Conts: 18 A(7)  G(3)  E(6)  C(2) 
6444922723 8391.35 || noQ Q (Avg,Max,Min) (1.00, 1.02, 1.00) (0.94, 0.49, 1.00) #fs:   3  -- #Conts: 18 A(7)  G(2)  E(7)  C(2) 
6445250071 8389.00 || noQ Q (Avg,Max,Min) (1.00, 1.01, 1.00) (0.93, 0.49, 1.00) #fs:   3  -- #Conts: 19 A(7)  G(1)  E(9)  C(2) 
6445554834 8386.29 || noQ Q (Avg,Max,Min) (1.00, 1.01, 1.00) (0.95, 0.72, 1.00) #fs:   3  -- #Conts: 19 A(7)  G(1)  E(8)  C(3) 
6445692283 8384.65 || noQ Q (Avg,Max,Min) (1.00, 1.02, 1.00) (0.98, 0.87, 1.00) #fs:   3  -- #Conts: 17 A(7)  G(2)  E(6)  C(2) 
6475604326 8384.59 || noQ Q (Avg,Max,Min) (1.00, 1.01, 1.00) (0.97, 0.74, 1.00) #fs:   3  -- #Conts: 17 A(7)  G(1)  E(7)  C(2) 
6475605942 8383.88 || noQ Q (Avg,Max,Min) (1.00, 1.00, 1.00) (0.99, 0.91, 1.00) #fs:   4  -- #Conts: 16 A(7)  G(1)  E(6)  C(2) 
/////////////////size: 268
nodes 97 edges 109
 mulT: 10000 mulD: 1000  sumData GB 2207
pareto /SIPHT.n.100.0.dax time -> 6105.0
moheft /SIPHT.n.100.0.dax time -> 7997.0
distance from M to C 0.0
distance from P to C 1248.7743779317877
distance from C to M 0.0
distance from C to P 766.3884462052135
toCompare: /SIPHT.n.100.0.dax sumDataGB: 2207 mulT: 10000 mulD: 1000 paretoOptTime_MS: 6105.0 MoheftOptimizationTime_MS: 7997.0 MtoC 0.0 PtoC 1248.7743779317877 CtoM 0.0 CtoP 766.3884462052135
