specify -Dflow d,b,mt,md,size
Running /home/vaggelis/jc/MONTAGE.n.100.0.dax mt 500 md: 100 size null
   1313932 1954.82 || noQ Q (Avg,Max,Min) (0.96, 1.05, 0.67) (0.09, 0.05, 0.33) #fs:  31  -- #Conts: 62 H(62) 
   1434194 1939.06 || noQ Q (Avg,Max,Min) (0.93, 1.05, 0.59) (0.09, 0.05, 0.33) #fs:  32  -- #Conts: 62 H(61)  G(1) 
   1434666 1923.29 || noQ Q (Avg,Max,Min) (0.93, 1.05, 0.59) (0.09, 0.05, 0.33) #fs:  32  -- #Conts: 62 H(60)  G(2) 
   1434743 1907.53 || noQ Q (Avg,Max,Min) (0.93, 1.05, 0.59) (0.09, 0.05, 0.33) #fs:  32  -- #Conts: 62 H(59)  G(3) 
   1435099 1891.76 || noQ Q (Avg,Max,Min) (0.93, 1.05, 0.59) (0.09, 0.05, 0.33) #fs:  32  -- #Conts: 62 H(58)  G(4) 
   1435261 1876.00 || noQ Q (Avg,Max,Min) (0.93, 1.05, 0.59) (0.09, 0.05, 0.33) #fs:  32  -- #Conts: 62 H(57)  G(5) 
   1435672 1860.24 || noQ Q (Avg,Max,Min) (0.93, 1.05, 0.59) (0.09, 0.05, 0.33) #fs:  32  -- #Conts: 62 H(56)  G(6) 
   1436094 1844.47 || noQ Q (Avg,Max,Min) (0.93, 1.05, 0.59) (0.09, 0.05, 0.33) #fs:  32  -- #Conts: 62 H(55)  G(7) 
   1436206 1828.71 || noQ Q (Avg,Max,Min) (0.93, 1.05, 0.59) (0.09, 0.05, 0.33) #fs:  32  -- #Conts: 62 H(54)  G(8) 
   1436245 1812.94 || noQ Q (Avg,Max,Min) (0.93, 1.05, 0.59) (0.09, 0.05, 0.33) #fs:  32  -- #Conts: 62 H(53)  G(9) 
   1436253 1797.18 || noQ Q (Avg,Max,Min) (0.93, 1.05, 0.59) (0.09, 0.05, 0.33) #fs:  32  -- #Conts: 62 H(52)  G(10) 
   1436283 1781.41 || noQ Q (Avg,Max,Min) (0.93, 1.05, 0.59) (0.09, 0.05, 0.33) #fs:  32  -- #Conts: 62 H(51)  G(11) 
   1436365 1765.65 || noQ Q (Avg,Max,Min) (0.93, 1.05, 0.59) (0.09, 0.05, 0.33) #fs:  32  -- #Conts: 62 H(50)  G(12) 
   1436412 1749.88 || noQ Q (Avg,Max,Min) (0.93, 1.05, 0.59) (0.09, 0.05, 0.33) #fs:  32  -- #Conts: 62 H(49)  G(13) 
   1436423 1734.12 || noQ Q (Avg,Max,Min) (0.93, 1.05, 0.59) (0.09, 0.05, 0.33) #fs:  32  -- #Conts: 62 H(48)  G(14) 
   1436489 1718.35 || noQ Q (Avg,Max,Min) (0.93, 1.05, 0.59) (0.09, 0.05, 0.33) #fs:  32  -- #Conts: 62 H(47)  G(15) 
   1437160 1702.59 || noQ Q (Avg,Max,Min) (0.93, 1.05, 0.59) (0.10, 0.05, 0.33) #fs:  32  -- #Conts: 62 H(46)  G(16) 
   1437190 1686.82 || noQ Q (Avg,Max,Min) (0.93, 1.05, 0.59) (0.10, 0.05, 0.33) #fs:  32  -- #Conts: 62 H(45)  G(17) 
   1437255 1671.06 || noQ Q (Avg,Max,Min) (0.93, 1.05, 0.59) (0.10, 0.05, 0.33) #fs:  32  -- #Conts: 62 H(44)  G(18) 
   1437670 1655.29 || noQ Q (Avg,Max,Min) (0.92, 1.05, 0.59) (0.10, 0.05, 0.33) #fs:  32  -- #Conts: 62 H(43)  G(19) 
   1437767 1639.53 || noQ Q (Avg,Max,Min) (0.92, 1.05, 0.59) (0.10, 0.05, 0.33) #fs:  32  -- #Conts: 62 H(42)  G(20) 
   1438005 1623.76 || noQ Q (Avg,Max,Min) (0.92, 1.05, 0.59) (0.10, 0.05, 0.33) #fs:  32  -- #Conts: 62 H(41)  G(21) 
   1438015 1608.00 || noQ Q (Avg,Max,Min) (0.92, 1.05, 0.59) (0.10, 0.05, 0.33) #fs:  32  -- #Conts: 62 H(40)  G(22) 
   1438069 1592.24 || noQ Q (Avg,Max,Min) (0.92, 1.05, 0.59) (0.10, 0.05, 0.33) #fs:  32  -- #Conts: 62 H(39)  G(23) 
   1438598 1576.47 || noQ Q (Avg,Max,Min) (0.92, 1.05, 0.59) (0.10, 0.05, 0.33) #fs:  32  -- #Conts: 62 H(38)  G(24) 
   1438623 1560.71 || noQ Q (Avg,Max,Min) (0.92, 1.05, 0.59) (0.10, 0.05, 0.33) #fs:  32  -- #Conts: 62 H(37)  G(25) 
   1438693 1544.94 || noQ Q (Avg,Max,Min) (0.92, 1.05, 0.59) (0.10, 0.05, 0.33) #fs:  32  -- #Conts: 62 H(36)  G(26) 
   1438948 1529.18 || noQ Q (Avg,Max,Min) (0.92, 1.05, 0.59) (0.10, 0.05, 0.33) #fs:  32  -- #Conts: 62 H(35)  G(27) 
   1439111 1513.41 || noQ Q (Avg,Max,Min) (0.92, 1.05, 0.59) (0.10, 0.05, 0.33) #fs:  32  -- #Conts: 62 H(34)  G(28) 
   1439248 1497.65 || noQ Q (Avg,Max,Min) (0.92, 1.05, 0.59) (0.10, 0.05, 0.33) #fs:  32  -- #Conts: 62 H(33)  G(29) 
   1439502 1481.88 || noQ Q (Avg,Max,Min) (0.92, 1.05, 0.59) (0.10, 0.05, 0.33) #fs:  32  -- #Conts: 62 H(32)  G(30) 
   1440023 1466.12 || noQ Q (Avg,Max,Min) (0.92, 1.05, 0.59) (0.10, 0.05, 0.33) #fs:  32  -- #Conts: 62 H(31)  G(31) 
   1440324 1450.35 || noQ Q (Avg,Max,Min) (0.92, 1.05, 0.59) (0.10, 0.05, 0.33) #fs:  32  -- #Conts: 62 H(30)  G(32) 
   1440391 1434.59 || noQ Q (Avg,Max,Min) (0.92, 1.05, 0.59) (0.11, 0.05, 0.33) #fs:  32  -- #Conts: 62 H(29)  G(33) 
   1440407 1418.82 || noQ Q (Avg,Max,Min) (0.92, 1.05, 0.59) (0.11, 0.05, 0.33) #fs:  32  -- #Conts: 62 H(28)  G(34) 
   1440416 1403.06 || noQ Q (Avg,Max,Min) (0.92, 1.05, 0.59) (0.11, 0.05, 0.33) #fs:  32  -- #Conts: 62 H(27)  G(35) 
   1440648 1387.29 || noQ Q (Avg,Max,Min) (0.92, 1.05, 0.59) (0.11, 0.05, 0.33) #fs:  32  -- #Conts: 62 H(26)  G(36) 
   1441054 1371.53 || noQ Q (Avg,Max,Min) (0.92, 1.05, 0.59) (0.11, 0.05, 0.33) #fs:  32  -- #Conts: 62 H(25)  G(37) 
   1441354 1355.76 || noQ Q (Avg,Max,Min) (0.92, 1.05, 0.59) (0.11, 0.05, 0.33) #fs:  32  -- #Conts: 62 H(24)  G(38) 
   1441492 1340.00 || noQ Q (Avg,Max,Min) (0.92, 1.05, 0.59) (0.11, 0.05, 0.33) #fs:  32  -- #Conts: 62 H(23)  G(39) 
   1441568 1324.24 || noQ Q (Avg,Max,Min) (0.92, 1.05, 0.59) (0.11, 0.05, 0.33) #fs:  32  -- #Conts: 62 H(22)  G(40) 
   1441678 1308.47 || noQ Q (Avg,Max,Min) (0.92, 1.05, 0.59) (0.11, 0.05, 0.33) #fs:  32  -- #Conts: 62 H(21)  G(41) 
   1441819 1292.71 || noQ Q (Avg,Max,Min) (0.92, 1.05, 0.59) (0.11, 0.05, 0.33) #fs:  32  -- #Conts: 62 H(20)  G(42) 
   1441890 1276.94 || noQ Q (Avg,Max,Min) (0.92, 1.04, 0.59) (0.11, 0.05, 0.33) #fs:  32  -- #Conts: 62 H(19)  G(43) 
   1441930 1261.18 || noQ Q (Avg,Max,Min) (0.92, 1.04, 0.59) (0.11, 0.05, 0.33) #fs:  32  -- #Conts: 62 H(18)  G(44) 
   1443373 1245.41 || noQ Q (Avg,Max,Min) (0.92, 1.03, 0.59) (0.11, 0.09, 0.33) #fs:  32  -- #Conts: 62 H(17)  G(45) 
   1463681 1213.88 || noQ Q (Avg,Max,Min) (0.92, 1.03, 0.57) (0.11, 0.09, 0.33) #fs:  30  -- #Conts: 61 H(16)  G(45) 
   1464863 1198.12 || noQ Q (Avg,Max,Min) (0.92, 1.03, 0.58) (0.12, 0.09, 0.33) #fs:  30  -- #Conts: 60 H(16)  G(44) 
   1476018 1182.35 || noQ Q (Avg,Max,Min) (0.92, 1.03, 0.57) (0.12, 0.09, 0.33) #fs:  30  -- #Conts: 59 H(16)  G(43) 
   1477369 1166.59 || noQ Q (Avg,Max,Min) (0.92, 1.03, 0.57) (0.12, 0.09, 0.33) #fs:  30  -- #Conts: 58 H(16)  G(42) 
   1478573 1150.82 || noQ Q (Avg,Max,Min) (0.92, 1.03, 0.57) (0.12, 0.09, 0.33) #fs:  30  -- #Conts: 57 H(16)  G(41) 
   1479926 1135.06 || noQ Q (Avg,Max,Min) (0.93, 1.03, 0.58) (0.12, 0.09, 0.33) #fs:  30  -- #Conts: 56 H(16)  G(40) 
   1481720 1119.29 || noQ Q (Avg,Max,Min) (0.93, 1.03, 0.58) (0.12, 0.09, 0.39) #fs:  31  -- #Conts: 55 H(16)  G(39) 
   1482802 1087.76 || noQ Q (Avg,Max,Min) (0.93, 1.03, 0.57) (0.13, 0.09, 0.39) #fs:  31  -- #Conts: 53 H(16)  G(37) 
   1482964 1072.00 || noQ Q (Avg,Max,Min) (0.93, 1.03, 0.57) (0.13, 0.09, 0.39) #fs:  30  -- #Conts: 52 H(16)  G(36) 
   1483535 1024.71 || noQ Q (Avg,Max,Min) (0.93, 1.03, 0.57) (0.13, 0.09, 0.39) #fs:  31  -- #Conts: 49 H(16)  G(33) 
   1483977 1008.94 || noQ Q (Avg,Max,Min) (0.94, 1.03, 0.58) (0.14, 0.09, 0.39) #fs:  31  -- #Conts: 48 H(16)  G(32) 
   1484421 977.41 || noQ Q (Avg,Max,Min) (0.94, 1.03, 0.74) (0.14, 0.09, 0.39) #fs:  31  -- #Conts: 46 H(16)  G(30) 
   1650213 945.88 || noQ Q (Avg,Max,Min) (0.86, 1.05, 0.64) (0.18, 0.10, 0.39) #fs:  30  -- #Conts: 30 H(30) 
   1657863 898.59 || noQ Q (Avg,Max,Min) (0.86, 1.05, 0.64) (0.19, 0.09, 0.39) #fs:  31  -- #Conts: 29 H(28)  G(1) 
   1660003 867.06 || noQ Q (Avg,Max,Min) (0.87, 1.05, 0.64) (0.19, 0.09, 0.39) #fs:  30  -- #Conts: 28 H(27)  G(1) 
   1661563 835.53 || noQ Q (Avg,Max,Min) (0.87, 1.05, 0.64) (0.20, 0.09, 0.39) #fs:  30  -- #Conts: 27 H(26)  G(1) 
   1662916 804.00 || noQ Q (Avg,Max,Min) (0.87, 1.05, 0.64) (0.21, 0.09, 0.44) #fs:  31  -- #Conts: 26 H(25)  G(1) 
   1663758 772.47 || noQ Q (Avg,Max,Min) (0.88, 1.05, 0.64) (0.22, 0.09, 0.44) #fs:  30  -- #Conts: 25 H(24)  G(1) 
   1667322 725.18 || noQ Q (Avg,Max,Min) (0.88, 1.05, 0.78) (0.23, 0.10, 0.44) #fs:  30  -- #Conts: 23 H(23) 
   1671881 677.88 || noQ Q (Avg,Max,Min) (0.86, 1.05, 0.78) (0.24, 0.09, 0.44) #fs:  31  -- #Conts: 22 H(21)  G(1) 
   1675550 662.12 || noQ Q (Avg,Max,Min) (0.85, 1.05, 0.77) (0.25, 0.11, 0.44) #fs:  31  -- #Conts: 21 H(21) 
   1751503 646.35 || noQ Q (Avg,Max,Min) (0.81, 1.05, 0.73) (0.26, 0.16, 0.44) #fs:  32  -- #Conts: 21 H(20)  G(1) 
   1827124 630.59 || noQ Q (Avg,Max,Min) (0.80, 1.05, 0.70) (0.27, 0.16, 0.44) #fs:  30  -- #Conts: 20 H(20) 
   1841150 599.06 || noQ Q (Avg,Max,Min) (0.80, 1.05, 0.69) (0.28, 0.16, 0.44) #fs:  30  -- #Conts: 19 H(19) 
   1841343 567.53 || noQ Q (Avg,Max,Min) (0.81, 1.11, 0.69) (0.30, 0.16, 0.57) #fs:  30  -- #Conts: 18 H(18) 
   1842926 536.00 || noQ Q (Avg,Max,Min) (0.82, 1.05, 0.69) (0.31, 0.16, 0.49) #fs:  31  -- #Conts: 17 H(17) 
   1850121 504.47 || noQ Q (Avg,Max,Min) (0.82, 1.02, 0.69) (0.33, 0.27, 0.49) #fs:  30  -- #Conts: 16 H(16) 
   2256232 472.94 || noQ Q (Avg,Max,Min) (0.84, 1.03, 0.79) (0.36, 0.26, 0.60) #fs:  17  -- #Conts: 15 H(15) 
   2416450 425.65 || noQ Q (Avg,Max,Min) (0.80, 1.03, 0.44) (0.39, 0.18, 0.66) #fs:  17  -- #Conts: 14 H(13)  G(1) 
   2429302 409.88 || noQ Q (Avg,Max,Min) (0.83, 1.03, 0.69) (0.41, 0.26, 0.65) #fs:  16  -- #Conts: 13 H(13) 
   2439071 378.35 || noQ Q (Avg,Max,Min) (0.88, 1.04, 0.82) (0.45, 0.32, 0.66) #fs:  15  -- #Conts: 12 H(12) 
   2600262 346.82 || noQ Q (Avg,Max,Min) (0.85, 1.04, 0.74) (0.49, 0.31, 0.66) #fs:  14  -- #Conts: 11 H(11) 
   2618893 315.29 || noQ Q (Avg,Max,Min) (0.91, 1.01, 0.84) (0.54, 0.42, 0.72) #fs:  13  -- #Conts: 10 H(10) 
   2790718 283.76 || noQ Q (Avg,Max,Min) (0.91, 1.04, 0.82) (0.60, 0.50, 0.69) #fs:  11  -- #Conts: 9 H(9) 
   2973523 252.24 || noQ Q (Avg,Max,Min) (0.93, 1.04, 0.85) (0.67, 0.60, 0.82) #fs:   9  -- #Conts: 8 H(8) 
   3490931 220.71 || noQ Q (Avg,Max,Min) (0.92, 1.04, 0.88) (0.77, 0.71, 0.94) #fs:   9  -- #Conts: 7 H(7) 
   3655701 204.94 || noQ Q (Avg,Max,Min) (0.88, 0.94, 0.67) (0.72, 0.44, 0.84) #fs:  16  -- #Conts: 12 H(1)  G(11) 
   6473120 203.53 || noQ Q (Avg,Max,Min) (0.94, 1.01, 0.56) (0.71, 0.39, 0.85) #fs:  17  -- #Conts: 21 G(1)  E(20) 
   6931441 199.18 || noQ Q (Avg,Max,Min) (0.93, 1.01, 0.47) (0.75, 0.39, 0.90) #fs:  15  -- #Conts: 21 G(1)  E(20) 
   7096516 194.47 || noQ Q (Avg,Max,Min) (0.92, 1.01, 0.62) (0.73, 0.39, 0.90) #fs:  16  -- #Conts: 21 E(21) 
   7166953 190.12 || noQ Q (Avg,Max,Min) (0.95, 1.01, 0.56) (0.75, 0.40, 0.84) #fs:  16  -- #Conts: 21 G(1)  E(20) 
   7773916 187.76 || noQ Q (Avg,Max,Min) (0.93, 1.01, 0.77) (0.75, 0.49, 0.90) #fs:  15  -- #Conts: 21 E(21) 
   7790349 181.06 || noQ Q (Avg,Max,Min) (0.95, 1.01, 0.67) (0.77, 0.49, 0.90) #fs:  15  -- #Conts: 21 E(21) 
   7872175 176.71 || noQ Q (Avg,Max,Min) (0.97, 1.01, 0.56) (0.78, 0.40, 0.94) #fs:  13  -- #Conts: 21 G(1)  E(20) 
   8495571 174.35 || noQ Q (Avg,Max,Min) (0.97, 1.01, 0.71) (0.79, 0.59, 0.90) #fs:  12  -- #Conts: 21 E(21) 
  13408310 172.00 || noQ Q (Avg,Max,Min) (0.92, 1.01, 0.60) (0.80, 0.59, 0.96) #fs:  14  -- #Conts: 19 C(19) 
  17410452 161.41 || noQ Q (Avg,Max,Min) (0.95, 1.01, 0.70) (0.87, 0.64, 1.00) #fs:   6  -- #Conts: 20 E(1)  C(19) 
  18576527 160.00 || noQ Q (Avg,Max,Min) (0.96, 1.03, 0.70) (0.88, 0.67, 1.00) #fs:   5  -- #Conts: 20 C(20) 
  48679267 159.00 || noQ Q (Avg,Max,Min) (1.00, 1.00, 1.00) (0.93, 0.75, 1.00) #fs:   4  -- #Conts: 42 A(42) 
  48694223 158.00 || noQ Q (Avg,Max,Min) (1.00, 1.00, 1.00) (0.94, 0.75, 1.00) #fs:   4  -- #Conts: 41 A(41) 
  48719272 157.00 || noQ Q (Avg,Max,Min) (1.00, 1.00, 1.00) (0.96, 0.76, 1.00) #fs:   4  -- #Conts: 40 A(40) 
  54396310 155.00 || noQ Q (Avg,Max,Min) (1.00, 1.01, 1.00) (0.98, 0.95, 1.00) #fs:   3  -- #Conts: 37 A(37) 
/////////////////size: 98
   1485109 2049.41 || noQ Q (Avg,Max,Min) (0.95, 1.05, 0.58) (0.08, 0.05, 0.42) #fs:  21  -- #Conts: 73 H(57)  G(16) 
   1497254 2017.88 || noQ Q (Avg,Max,Min) (0.94, 1.12, 0.57) (0.08, 0.05, 0.47) #fs:  21  -- #Conts: 72 H(56)  G(16) 
   1576455 2002.12 || noQ Q (Avg,Max,Min) (0.93, 1.07, 0.51) (0.09, 0.05, 0.35) #fs:  22  -- #Conts: 71 H(56)  G(15) 
   1577667 1986.35 || noQ Q (Avg,Max,Min) (0.93, 1.07, 0.51) (0.09, 0.05, 0.35) #fs:  22  -- #Conts: 70 H(56)  G(14) 
   1579218 1970.59 || noQ Q (Avg,Max,Min) (0.93, 1.07, 0.51) (0.09, 0.05, 0.35) #fs:  22  -- #Conts: 69 H(56)  G(13) 
   1581373 1954.82 || noQ Q (Avg,Max,Min) (0.93, 1.07, 0.51) (0.09, 0.05, 0.35) #fs:  22  -- #Conts: 68 H(56)  G(12) 
   1582585 1939.06 || noQ Q (Avg,Max,Min) (0.93, 1.07, 0.50) (0.09, 0.05, 0.35) #fs:  22  -- #Conts: 67 H(56)  G(11) 
   1584293 1907.53 || noQ Q (Avg,Max,Min) (0.92, 1.07, 0.50) (0.09, 0.05, 0.35) #fs:  22  -- #Conts: 66 H(55)  G(11) 
   1588109 1891.76 || noQ Q (Avg,Max,Min) (0.92, 1.06, 0.50) (0.09, 0.05, 0.35) #fs:  22  -- #Conts: 66 H(54)  G(12) 
   1591306 1860.24 || noQ Q (Avg,Max,Min) (0.92, 1.06, 0.50) (0.09, 0.05, 0.35) #fs:  22  -- #Conts: 65 H(53)  G(12) 
   1591461 1812.94 || noQ Q (Avg,Max,Min) (0.92, 1.06, 0.50) (0.10, 0.05, 0.35) #fs:  22  -- #Conts: 63 H(52)  G(11) 
   1592915 1781.41 || noQ Q (Avg,Max,Min) (0.92, 1.06, 0.50) (0.10, 0.05, 0.35) #fs:  22  -- #Conts: 62 H(51)  G(11) 
   1593014 1749.88 || noQ Q (Avg,Max,Min) (0.91, 1.06, 0.50) (0.10, 0.05, 0.35) #fs:  23  -- #Conts: 61 H(50)  G(11) 
   1593639 1734.12 || noQ Q (Avg,Max,Min) (0.91, 1.06, 0.50) (0.10, 0.05, 0.35) #fs:  23  -- #Conts: 61 H(49)  G(12) 
   1595501 1718.35 || noQ Q (Avg,Max,Min) (0.91, 1.06, 0.49) (0.10, 0.05, 0.35) #fs:  23  -- #Conts: 61 H(48)  G(13) 
   1596285 1702.59 || noQ Q (Avg,Max,Min) (0.91, 1.06, 0.50) (0.10, 0.05, 0.35) #fs:  23  -- #Conts: 61 H(47)  G(14) 
   1597376 1686.82 || noQ Q (Avg,Max,Min) (0.91, 1.05, 0.50) (0.11, 0.05, 0.35) #fs:  23  -- #Conts: 61 H(46)  G(15) 
   1597660 1671.06 || noQ Q (Avg,Max,Min) (0.91, 1.05, 0.50) (0.11, 0.05, 0.35) #fs:  23  -- #Conts: 61 H(45)  G(16) 
   1598407 1655.29 || noQ Q (Avg,Max,Min) (0.91, 1.05, 0.49) (0.11, 0.05, 0.35) #fs:  23  -- #Conts: 61 H(44)  G(17) 
   1598730 1639.53 || noQ Q (Avg,Max,Min) (0.91, 1.05, 0.49) (0.11, 0.05, 0.35) #fs:  23  -- #Conts: 61 H(43)  G(18) 
   1599134 1623.76 || noQ Q (Avg,Max,Min) (0.91, 1.05, 0.49) (0.11, 0.05, 0.35) #fs:  23  -- #Conts: 61 H(42)  G(19) 
   1599299 1592.24 || noQ Q (Avg,Max,Min) (0.91, 1.05, 0.49) (0.11, 0.05, 0.35) #fs:  23  -- #Conts: 61 H(40)  G(21) 
   1600060 1576.47 || noQ Q (Avg,Max,Min) (0.91, 1.05, 0.49) (0.11, 0.05, 0.35) #fs:  23  -- #Conts: 61 H(39)  G(22) 
   1600198 1544.94 || noQ Q (Avg,Max,Min) (0.91, 1.05, 0.49) (0.11, 0.05, 0.35) #fs:  24  -- #Conts: 61 H(37)  G(24) 
   1600960 1529.18 || noQ Q (Avg,Max,Min) (0.91, 1.05, 0.49) (0.11, 0.05, 0.35) #fs:  24  -- #Conts: 61 H(36)  G(25) 
   1601587 1513.41 || noQ Q (Avg,Max,Min) (0.91, 1.05, 0.49) (0.11, 0.05, 0.35) #fs:  24  -- #Conts: 61 H(35)  G(26) 
   1602199 1497.65 || noQ Q (Avg,Max,Min) (0.91, 1.05, 0.49) (0.11, 0.05, 0.35) #fs:  24  -- #Conts: 61 H(34)  G(27) 
   1602943 1481.88 || noQ Q (Avg,Max,Min) (0.91, 1.05, 0.49) (0.11, 0.05, 0.35) #fs:  24  -- #Conts: 61 H(33)  G(28) 
   1603272 1450.35 || noQ Q (Avg,Max,Min) (0.90, 1.05, 0.49) (0.11, 0.05, 0.35) #fs:  25  -- #Conts: 61 H(31)  G(30) 
   1603344 1434.59 || noQ Q (Avg,Max,Min) (0.90, 1.05, 0.49) (0.11, 0.05, 0.35) #fs:  25  -- #Conts: 61 H(30)  G(31) 
   1603445 1418.82 || noQ Q (Avg,Max,Min) (0.90, 1.05, 0.49) (0.11, 0.05, 0.35) #fs:  25  -- #Conts: 61 H(29)  G(32) 
   1603520 1387.29 || noQ Q (Avg,Max,Min) (0.90, 1.05, 0.49) (0.12, 0.05, 0.35) #fs:  25  -- #Conts: 61 H(27)  G(34) 
   1603660 1371.53 || noQ Q (Avg,Max,Min) (0.90, 1.05, 0.49) (0.12, 0.05, 0.35) #fs:  25  -- #Conts: 61 H(26)  G(35) 
   1603875 1355.76 || noQ Q (Avg,Max,Min) (0.90, 1.05, 0.49) (0.12, 0.05, 0.47) #fs:  25  -- #Conts: 61 H(25)  G(36) 
   1603914 1340.00 || noQ Q (Avg,Max,Min) (0.90, 1.05, 0.49) (0.12, 0.05, 0.47) #fs:  25  -- #Conts: 61 H(24)  G(37) 
   1604109 1324.24 || noQ Q (Avg,Max,Min) (0.90, 1.05, 0.49) (0.12, 0.05, 0.47) #fs:  25  -- #Conts: 61 H(23)  G(38) 
   1604234 1308.47 || noQ Q (Avg,Max,Min) (0.90, 1.05, 0.49) (0.12, 0.05, 0.47) #fs:  25  -- #Conts: 61 H(22)  G(39) 
   1604499 1292.71 || noQ Q (Avg,Max,Min) (0.90, 1.05, 0.49) (0.12, 0.05, 0.47) #fs:  25  -- #Conts: 61 H(21)  G(40) 
   1605290 1276.94 || noQ Q (Avg,Max,Min) (0.90, 1.05, 0.49) (0.12, 0.05, 0.47) #fs:  25  -- #Conts: 61 H(20)  G(41) 
   1606346 1261.18 || noQ Q (Avg,Max,Min) (0.90, 1.05, 0.49) (0.12, 0.05, 0.47) #fs:  25  -- #Conts: 61 H(19)  G(42) 
   1607282 1229.65 || noQ Q (Avg,Max,Min) (0.90, 1.05, 0.49) (0.12, 0.05, 0.47) #fs:  25  -- #Conts: 61 H(17)  G(44) 
   1607359 1213.88 || noQ Q (Avg,Max,Min) (0.90, 1.05, 0.49) (0.12, 0.09, 0.47) #fs:  25  -- #Conts: 61 H(16)  G(45) 
   1716924 1198.12 || noQ Q (Avg,Max,Min) (0.90, 1.03, 0.49) (0.12, 0.09, 0.34) #fs:  25  -- #Conts: 61 H(15)  G(46) 
   1728591 1166.59 || noQ Q (Avg,Max,Min) (0.91, 1.03, 0.49) (0.13, 0.09, 0.34) #fs:  25  -- #Conts: 61 H(13)  G(48) 
   1730984 1150.82 || noQ Q (Avg,Max,Min) (0.92, 1.03, 0.49) (0.13, 0.09, 0.34) #fs:  30  -- #Conts: 61 H(12)  G(49) 
   1731985 1119.29 || noQ Q (Avg,Max,Min) (0.93, 1.03, 0.49) (0.13, 0.09, 0.34) #fs:  30  -- #Conts: 61 H(10)  G(51) 
   1735588 1056.24 || noQ Q (Avg,Max,Min) (0.96, 1.09, 0.50) (0.14, 0.05, 0.42) #fs:  30  -- #Conts: 63 H(4)  G(59) 
   1737436 1040.47 || noQ Q (Avg,Max,Min) (0.97, 1.09, 0.50) (0.14, 0.05, 0.42) #fs:  30  -- #Conts: 63 H(3)  G(60) 
   1740372 1024.71 || noQ Q (Avg,Max,Min) (0.97, 1.09, 0.78) (0.14, 0.05, 0.42) #fs:  30  -- #Conts: 63 H(2)  G(61) 
   1740720 1008.94 || noQ Q (Avg,Max,Min) (0.96, 1.03, 0.50) (0.14, 0.09, 0.42) #fs:  31  -- #Conts: 62 H(2)  G(60) 
   1741042 993.18 || noQ Q (Avg,Max,Min) (0.97, 1.03, 0.78) (0.14, 0.09, 0.42) #fs:  31  -- #Conts: 62 H(1)  G(61) 
   1997004 957.88 || noQ Q (Avg,Max,Min) (1.03, 1.20, 0.99) (0.19, 0.05, 0.30) #fs:  15  -- #Conts: 62 H(16)  G(16)  E(30) 
   2106351 926.35 || noQ Q (Avg,Max,Min) (1.02, 1.10, 0.79) (0.19, 0.05, 0.37) #fs:  16  -- #Conts: 61 H(15)  G(16)  E(30) 
   2109271 894.82 || noQ Q (Avg,Max,Min) (1.02, 1.10, 0.79) (0.19, 0.05, 0.38) #fs:  17  -- #Conts: 60 H(14)  G(16)  E(30) 
   2110124 863.29 || noQ Q (Avg,Max,Min) (1.02, 1.09, 0.79) (0.20, 0.05, 0.38) #fs:  18  -- #Conts: 59 H(13)  G(16)  E(30) 
   2111579 831.76 || noQ Q (Avg,Max,Min) (1.01, 1.09, 0.79) (0.20, 0.05, 0.38) #fs:  19  -- #Conts: 58 H(12)  G(16)  E(30) 
   2112169 800.24 || noQ Q (Avg,Max,Min) (1.01, 1.09, 0.79) (0.20, 0.05, 0.38) #fs:  20  -- #Conts: 57 H(11)  G(16)  E(30) 
   2113306 768.71 || noQ Q (Avg,Max,Min) (1.00, 1.09, 0.79) (0.21, 0.05, 0.38) #fs:  21  -- #Conts: 56 H(10)  G(16)  E(30) 
   2114466 705.65 || noQ Q (Avg,Max,Min) (0.99, 1.09, 0.79) (0.22, 0.05, 0.38) #fs:  23  -- #Conts: 54 H(8)  G(16)  E(30) 
   2114761 674.12 || noQ Q (Avg,Max,Min) (0.98, 1.09, 0.79) (0.22, 0.05, 0.38) #fs:  24  -- #Conts: 53 H(7)  G(16)  E(30) 
   2115051 642.59 || noQ Q (Avg,Max,Min) (0.98, 1.09, 0.79) (0.23, 0.06, 0.38) #fs:  25  -- #Conts: 52 H(6)  G(16)  E(30) 
   2115345 611.06 || noQ Q (Avg,Max,Min) (0.97, 1.09, 0.79) (0.23, 0.06, 0.38) #fs:  26  -- #Conts: 51 H(5)  G(16)  E(30) 
   2115934 579.53 || noQ Q (Avg,Max,Min) (0.96, 1.09, 0.79) (0.24, 0.06, 0.38) #fs:  27  -- #Conts: 50 H(4)  G(16)  E(30) 
   2117394 548.00 || noQ Q (Avg,Max,Min) (0.96, 1.09, 0.79) (0.24, 0.06, 0.38) #fs:  28  -- #Conts: 49 H(3)  G(16)  E(30) 
   2119109 516.47 || noQ Q (Avg,Max,Min) (0.95, 1.09, 0.79) (0.25, 0.06, 0.38) #fs:  29  -- #Conts: 48 H(2)  G(16)  E(30) 
   2121723 484.94 || noQ Q (Avg,Max,Min) (0.94, 1.05, 0.79) (0.26, 0.19, 0.38) #fs:  30  -- #Conts: 47 H(1)  G(16)  E(30) 
   2342307 483.65 || noQ Q (Avg,Max,Min) (0.96, 1.09, 0.70) (0.30, 0.06, 0.47) #fs:  27  -- #Conts: 33 H(4)  G(18)  E(11) 
   2342371 476.94 || noQ Q (Avg,Max,Min) (0.96, 1.09, 0.70) (0.31, 0.06, 0.47) #fs:  27  -- #Conts: 32 H(4)  G(18)  E(10) 
   2342984 470.24 || noQ Q (Avg,Max,Min) (0.96, 1.09, 0.86) (0.31, 0.06, 0.47) #fs:  27  -- #Conts: 31 H(4)  G(18)  E(9) 
   2342987 463.53 || noQ Q (Avg,Max,Min) (0.96, 1.09, 0.86) (0.32, 0.06, 0.47) #fs:  27  -- #Conts: 30 H(4)  G(18)  E(8) 
   2343668 458.82 || noQ Q (Avg,Max,Min) (0.94, 1.09, 0.70) (0.30, 0.06, 0.47) #fs:  28  -- #Conts: 33 H(3)  G(18)  E(12) 
   2343767 452.12 || noQ Q (Avg,Max,Min) (0.95, 1.09, 0.70) (0.31, 0.06, 0.47) #fs:  28  -- #Conts: 32 H(3)  G(18)  E(11) 
   2343831 445.41 || noQ Q (Avg,Max,Min) (0.95, 1.09, 0.70) (0.32, 0.06, 0.47) #fs:  28  -- #Conts: 31 H(3)  G(18)  E(10) 
   2344444 438.71 || noQ Q (Avg,Max,Min) (0.95, 1.09, 0.86) (0.32, 0.06, 0.47) #fs:  28  -- #Conts: 30 H(3)  G(18)  E(9) 
   2344447 432.00 || noQ Q (Avg,Max,Min) (0.95, 1.09, 0.86) (0.33, 0.06, 0.47) #fs:  28  -- #Conts: 29 H(3)  G(18)  E(8) 
   2345383 427.29 || noQ Q (Avg,Max,Min) (0.93, 1.09, 0.70) (0.31, 0.06, 0.47) #fs:  29  -- #Conts: 32 H(2)  G(18)  E(12) 
   2345482 420.59 || noQ Q (Avg,Max,Min) (0.93, 1.09, 0.70) (0.32, 0.06, 0.47) #fs:  29  -- #Conts: 31 H(2)  G(18)  E(11) 
   2345546 413.88 || noQ Q (Avg,Max,Min) (0.94, 1.09, 0.70) (0.33, 0.06, 0.47) #fs:  29  -- #Conts: 30 H(2)  G(18)  E(10) 
   2346159 407.18 || noQ Q (Avg,Max,Min) (0.94, 1.09, 0.70) (0.34, 0.06, 0.47) #fs:  29  -- #Conts: 29 H(2)  G(18)  E(9) 
   2346162 400.47 || noQ Q (Avg,Max,Min) (0.94, 1.09, 0.86) (0.34, 0.06, 0.47) #fs:  29  -- #Conts: 28 H(2)  G(18)  E(8) 
   2347997 395.76 || noQ Q (Avg,Max,Min) (0.92, 1.05, 0.70) (0.33, 0.19, 0.47) #fs:  30  -- #Conts: 31 H(1)  G(18)  E(12) 
   2348096 389.06 || noQ Q (Avg,Max,Min) (0.92, 1.05, 0.70) (0.33, 0.19, 0.47) #fs:  30  -- #Conts: 30 H(1)  G(18)  E(11) 
   2348160 382.35 || noQ Q (Avg,Max,Min) (0.93, 1.05, 0.70) (0.34, 0.19, 0.47) #fs:  30  -- #Conts: 29 H(1)  G(18)  E(10) 
   2348773 375.65 || noQ Q (Avg,Max,Min) (0.93, 1.05, 0.70) (0.35, 0.19, 0.47) #fs:  30  -- #Conts: 28 H(1)  G(18)  E(9) 
   2348776 368.94 || noQ Q (Avg,Max,Min) (0.93, 1.05, 0.86) (0.36, 0.19, 0.47) #fs:  30  -- #Conts: 27 H(1)  G(18)  E(8) 
   2649176 367.06 || noQ Q (Avg,Max,Min) (0.93, 1.09, 0.75) (0.41, 0.06, 0.55) #fs:  28  -- #Conts: 27 H(3)  G(15)  C(9) 
   2650021 363.06 || noQ Q (Avg,Max,Min) (0.93, 1.09, 0.75) (0.41, 0.06, 0.55) #fs:  28  -- #Conts: 26 H(3)  G(15)  C(8) 
   2650851 339.53 || noQ Q (Avg,Max,Min) (0.91, 1.09, 0.74) (0.42, 0.06, 0.55) #fs:  29  -- #Conts: 27 H(2)  G(15)  C(10) 
   2650891 335.53 || noQ Q (Avg,Max,Min) (0.92, 1.09, 0.74) (0.42, 0.06, 0.55) #fs:  29  -- #Conts: 26 H(2)  G(15)  C(9) 
   2651736 331.53 || noQ Q (Avg,Max,Min) (0.92, 1.09, 0.74) (0.43, 0.06, 0.55) #fs:  29  -- #Conts: 25 H(2)  G(15)  C(8) 
   2653326 327.53 || noQ Q (Avg,Max,Min) (0.92, 1.09, 0.74) (0.44, 0.06, 0.55) #fs:  29  -- #Conts: 24 H(2)  G(15)  C(7) 
   2653465 308.00 || noQ Q (Avg,Max,Min) (0.90, 1.05, 0.74) (0.43, 0.30, 0.55) #fs:  30  -- #Conts: 26 H(1)  G(15)  C(10) 
   2653505 304.00 || noQ Q (Avg,Max,Min) (0.90, 1.05, 0.75) (0.44, 0.30, 0.55) #fs:  30  -- #Conts: 25 H(1)  G(15)  C(9) 
   2654350 300.00 || noQ Q (Avg,Max,Min) (0.91, 1.05, 0.74) (0.45, 0.30, 0.55) #fs:  30  -- #Conts: 24 H(1)  G(15)  C(8) 
   2655940 296.00 || noQ Q (Avg,Max,Min) (0.91, 1.05, 0.74) (0.46, 0.30, 0.55) #fs:  30  -- #Conts: 23 H(1)  G(15)  C(7) 
   2657047 292.00 || noQ Q (Avg,Max,Min) (0.91, 1.05, 0.74) (0.47, 0.30, 0.55) #fs:  30  -- #Conts: 22 H(1)  G(15)  C(6) 
   2702396 288.00 || noQ Q (Avg,Max,Min) (0.90, 1.05, 0.73) (0.48, 0.30, 0.57) #fs:  30  -- #Conts: 21 H(1)  G(15)  C(5) 
   2709463 284.00 || noQ Q (Avg,Max,Min) (0.90, 1.05, 0.73) (0.49, 0.30, 0.57) #fs:  30  -- #Conts: 20 H(1)  G(15)  C(4) 
   2709882 280.00 || noQ Q (Avg,Max,Min) (0.90, 1.05, 0.86) (0.50, 0.30, 0.57) #fs:  30  -- #Conts: 19 H(1)  G(15)  C(3) 
   3144658 276.24 || noQ Q (Avg,Max,Min) (0.87, 1.05, 0.68) (0.48, 0.09, 0.71) #fs:  29  -- #Conts: 22 G(16)  C(6) 
   3190007 272.24 || noQ Q (Avg,Max,Min) (0.86, 1.05, 0.67) (0.49, 0.09, 0.71) #fs:  29  -- #Conts: 21 G(16)  C(5) 
   3329572 251.53 || noQ Q (Avg,Max,Min) (0.93, 1.05, 0.76) (0.54, 0.09, 0.73) #fs:  20  -- #Conts: 18 H(1)  G(12)  E(4)  C(1) 
   3332492 235.76 || noQ Q (Avg,Max,Min) (0.92, 1.02, 0.76) (0.57, 0.33, 0.73) #fs:  20  -- #Conts: 17 H(1)  G(11)  E(4)  C(1) 
   3359695 231.76 || noQ Q (Avg,Max,Min) (0.92, 1.08, 0.75) (0.59, 0.39, 0.77) #fs:  19  -- #Conts: 16 H(1)  G(11)  E(4) 
   4855032 225.76 || noQ Q (Avg,Max,Min) (0.98, 1.09, 0.68) (0.58, 0.27, 0.93) #fs:  14  -- #Conts: 26 H(1)  G(4)  E(10)  C(11) 
   4861572 223.06 || noQ Q (Avg,Max,Min) (0.97, 1.08, 0.68) (0.59, 0.27, 0.93) #fs:  14  -- #Conts: 27 H(1)  G(4)  E(10)  C(12) 
   4864978 216.35 || noQ Q (Avg,Max,Min) (0.96, 1.08, 0.68) (0.62, 0.27, 0.93) #fs:  14  -- #Conts: 27 H(1)  G(4)  E(10)  C(12) 
   4869702 212.35 || noQ Q (Avg,Max,Min) (0.96, 1.08, 0.68) (0.64, 0.27, 0.93) #fs:  14  -- #Conts: 26 H(1)  G(4)  E(10)  C(11) 
   4870596 209.65 || noQ Q (Avg,Max,Min) (0.95, 1.08, 0.68) (0.64, 0.27, 0.93) #fs:  14  -- #Conts: 27 H(1)  G(4)  E(10)  C(12) 
   4875320 205.65 || noQ Q (Avg,Max,Min) (0.95, 1.08, 0.68) (0.66, 0.27, 0.93) #fs:  14  -- #Conts: 26 H(1)  G(4)  E(10)  C(11) 
   4877363 200.59 || noQ Q (Avg,Max,Min) (0.92, 1.07, 0.68) (0.67, 0.33, 0.93) #fs:  17  -- #Conts: 26 H(1)  G(3)  E(10)  C(12) 
   4881892 193.88 || noQ Q (Avg,Max,Min) (0.91, 1.07, 0.67) (0.69, 0.33, 0.93) #fs:  17  -- #Conts: 26 H(1)  G(3)  E(10)  C(12) 
   4886616 189.88 || noQ Q (Avg,Max,Min) (0.91, 1.07, 0.67) (0.72, 0.33, 0.93) #fs:  17  -- #Conts: 25 H(1)  G(3)  E(10)  C(11) 
   6081501 185.88 || noQ Q (Avg,Max,Min) (0.98, 1.11, 0.79) (0.71, 0.34, 0.93) #fs:  11  -- #Conts: 20 G(4)  E(10)  C(6) 
   6379658 181.88 || noQ Q (Avg,Max,Min) (0.98, 1.05, 0.79) (0.73, 0.34, 0.93) #fs:  10  -- #Conts: 19 G(4)  E(10)  C(5) 
   6389883 177.88 || noQ Q (Avg,Max,Min) (0.98, 1.05, 0.79) (0.76, 0.50, 0.93) #fs:  11  -- #Conts: 18 G(4)  E(10)  C(4) 
   6688641 173.88 || noQ Q (Avg,Max,Min) (0.99, 1.10, 0.79) (0.78, 0.50, 0.93) #fs:   9  -- #Conts: 18 G(4)  E(10)  C(4) 
   6698886 169.88 || noQ Q (Avg,Max,Min) (0.99, 1.10, 0.79) (0.79, 0.50, 0.93) #fs:   9  -- #Conts: 18 G(4)  E(10)  C(4) 
   6914756 165.88 || noQ Q (Avg,Max,Min) (1.00, 1.05, 0.90) (0.80, 0.64, 0.97) #fs:   8  -- #Conts: 18 G(4)  E(10)  C(4) 
   6937360 164.82 || noQ Q (Avg,Max,Min) (0.98, 1.03, 0.83) (0.80, 0.66, 0.97) #fs:  11  -- #Conts: 17 G(3)  E(10)  C(4) 
   7010182 161.88 || noQ Q (Avg,Max,Min) (1.01, 1.09, 1.00) (0.81, 0.66, 0.97) #fs:   7  -- #Conts: 18 G(4)  E(10)  C(4) 
  16281287 159.82 || noQ Q (Avg,Max,Min) (1.00, 1.03, 0.88) (0.81, 0.66, 1.01) #fs:   8  -- #Conts: 18 G(3)  A(1)  E(10)  C(4) 
  21217919 154.06 || noQ Q (Avg,Max,Min) (1.01, 1.07, 0.95) (0.89, 0.73, 1.01) #fs:   7  -- #Conts: 24 G(3)  A(7)  E(11)  C(3) 
/////////////////size: 123
nodes 100 edges 234
 mulT: 500 mulD: 100  sumData GB 184
pareto /MONTAGE.n.100.0.dax time -> 195737.0
moheft /MONTAGE.n.100.0.dax time -> 18729.0
distance from M to C 4.912961561885163
distance from P to C 5.7081694704433055
distance from C to M 3.682450828567432
distance from C to P 4.111288179452979
toCompare: /MONTAGE.n.100.0.dax sumDataGB: 184 mulT: 500 mulD: 100 paretoOptTime_MS: 195737.0 MoheftOptimizationTime_MS: 18729.0 MtoC 4.912961561885163 PtoC 5.7081694704433055 CtoM 3.682450828567432 CtoP 4.111288179452979
