specify -Dflow d,b,mt,md,size
Running /home/vaggelis/jc/MONTAGE.n.100.0.dax mt 50 md: 10000 size null
   1832453 031.53 || noQ Q (Avg,Max,Min) (25.31, 25.31, 10.00) (12.89, 10.00, 12.89) #fs:   0  -- #Conts: 1 H(1) 
   3140488 015.76 || noQ Q (Avg,Max,Min) (15.19, 15.19, 10.00) (13.25, 10.00, 13.25) #fs:   0  -- #Conts: 1 G(1) 
   7082747 013.41 || noQ Q (Avg,Max,Min) (7.29, 7.29, 7.29) (7.17, 7.17, 7.17) #fs:   0  -- #Conts: 1 E(1) 
/////////////////size: 3
   2776352 097.88 || noQ Q (Avg,Max,Min) (15.13, 30.98, 7.75) (1.78, 0.24, 8.21) #fs:   3  -- #Conts: 9 H(1)  G(2)  E(4)  C(2) 
   2776386 091.18 || noQ Q (Avg,Max,Min) (15.42, 30.98, 7.75) (2.01, 0.47, 8.21) #fs:   3  -- #Conts: 8 H(1)  G(2)  E(3)  C(2) 
   2808927 066.35 || noQ Q (Avg,Max,Min) (13.90, 27.66, 7.75) (2.01, 0.24, 13.09) #fs:   1  -- #Conts: 8 G(2)  E(4)  C(2) 
   2808961 059.65 || noQ Q (Avg,Max,Min) (14.06, 27.66, 7.75) (2.30, 0.47, 13.09) #fs:   1  -- #Conts: 7 G(2)  E(3)  C(2) 
   2838393 043.88 || noQ Q (Avg,Max,Min) (11.66, 16.62, 7.75) (2.64, 0.49, 13.11) #fs:   1  -- #Conts: 6 G(1)  E(3)  C(2) 
   2854470 041.18 || noQ Q (Avg,Max,Min) (10.92, 16.55, 7.75) (2.61, 0.24, 13.12) #fs:   0  -- #Conts: 6 G(1)  E(2)  C(3) 
   2854788 034.47 || noQ Q (Avg,Max,Min) (10.55, 16.54, 7.75) (3.13, 0.52, 13.12) #fs:   0  -- #Conts: 5 G(1)  E(1)  C(3) 
   2886236 031.76 || noQ Q (Avg,Max,Min) (9.23, 16.38, 6.83) (3.09, 0.26, 13.13) #fs:   0  -- #Conts: 5 G(1)  C(4) 
   2911803 027.76 || noQ Q (Avg,Max,Min) (9.54, 16.24, 6.83) (3.87, 0.52, 13.13) #fs:   1  -- #Conts: 4 G(1)  C(3) 
   2947136 023.76 || noQ Q (Avg,Max,Min) (10.38, 16.07, 7.24) (4.99, 0.78, 13.16) #fs:   0  -- #Conts: 3 G(1)  C(2) 
   3006201 022.47 || noQ Q (Avg,Max,Min) (13.92, 15.79, 10.00) (7.21, 1.22, 13.19) #fs:   0  -- #Conts: 2 G(1)  E(1) 
   3037922 019.76 || noQ Q (Avg,Max,Min) (11.72, 15.64, 7.80) (7.12, 1.04, 13.20) #fs:   0  -- #Conts: 2 G(1)  C(1) 
   3129824 016.76 || noQ Q (Avg,Max,Min) (8.89, 15.23, 2.55) (6.81, 0.37, 13.24) #fs:   0  -- #Conts: 2 G(1)  A(1) 
   3140488 015.76 || noQ Q (Avg,Max,Min) (15.19, 15.19, 10.00) (13.25, 10.00, 13.25) #fs:   0  -- #Conts: 1 G(1) 
/////////////////size: 14
nodes 100 edges 234
 mulT: 50 mulD: 10000  sumData GB 18485
pareto /MONTAGE.n.100.0.dax time -> 3757.0
moheft /MONTAGE.n.100.0.dax time -> 358.0
distance from M to C 2.5162269601821037
distance from P to C 0.0
distance from C to M 0.2941176470588236
distance from C to P 0.4052695927061527
toCompare: /MONTAGE.n.100.0.dax sumDataGB: 18485 mulT: 50 mulD: 10000 paretoOptTime_MS: 3757.0 MoheftOptimizationTime_MS: 358.0 MtoC 2.5162269601821037 PtoC 0.0 CtoM 0.2941176470588236 CtoP 0.4052695927061527
