specify -Dflow d,b,mt,md,size
Running /home/vaggelis/jc/LIGO.n.100.0.dax mt 100 md: 1 size null
   4343393 1119.29 || noQ Q (Avg,Max,Min) (0.84, 1.00, 0.46) (0.59, 0.24, 0.85) #fs:  27  -- #Conts: 26 H(23)  G(3) 
   5084413 1040.47 || noQ Q (Avg,Max,Min) (0.88, 1.00, 0.42) (0.60, 0.28, 0.95) #fs:  24  -- #Conts: 28 H(28) 
   5564811 1008.94 || noQ Q (Avg,Max,Min) (0.87, 1.00, 0.42) (0.62, 0.28, 0.89) #fs:  25  -- #Conts: 22 H(22) 
   6270324 977.41 || noQ Q (Avg,Max,Min) (0.84, 1.00, 0.42) (0.61, 0.28, 0.81) #fs:  24  -- #Conts: 18 H(18) 
   6754661 945.88 || noQ Q (Avg,Max,Min) (0.84, 1.00, 0.42) (0.63, 0.28, 0.84) #fs:  25  -- #Conts: 18 H(18) 
   7136231 914.35 || noQ Q (Avg,Max,Min) (0.82, 1.00, 0.42) (0.65, 0.28, 0.87) #fs:  24  -- #Conts: 17 H(17) 
   7183752 835.53 || noQ Q (Avg,Max,Min) (0.78, 1.00, 0.45) (0.66, 0.32, 0.91) #fs:  40  -- #Conts: 26 H(2)  G(24) 
   7251759 804.00 || noQ Q (Avg,Max,Min) (0.80, 1.00, 0.45) (0.67, 0.32, 0.91) #fs:  39  -- #Conts: 26 H(1)  G(25) 
   7443857 772.47 || noQ Q (Avg,Max,Min) (0.81, 1.00, 0.45) (0.68, 0.42, 0.91) #fs:  38  -- #Conts: 26 G(26) 
   8642231 756.71 || noQ Q (Avg,Max,Min) (0.81, 1.00, 0.45) (0.69, 0.44, 0.91) #fs:  38  -- #Conts: 25 G(25) 
   8862568 740.94 || noQ Q (Avg,Max,Min) (0.81, 1.00, 0.45) (0.70, 0.44, 0.91) #fs:  38  -- #Conts: 24 G(24) 
  10496491 690.94 || noQ Q (Avg,Max,Min) (0.87, 1.00, 0.68) (0.80, 0.60, 0.99) #fs:  21  -- #Conts: 24 G(21)  E(3) 
  10601163 686.59 || noQ Q (Avg,Max,Min) (0.86, 1.00, 0.67) (0.80, 0.60, 0.99) #fs:  20  -- #Conts: 24 G(22)  E(2) 
  10696924 682.24 || noQ Q (Avg,Max,Min) (0.87, 1.00, 0.68) (0.80, 0.60, 0.99) #fs:  18  -- #Conts: 24 G(23)  E(1) 
  11779581 677.88 || noQ Q (Avg,Max,Min) (0.87, 1.00, 0.63) (0.81, 0.63, 0.99) #fs:  16  -- #Conts: 23 G(23) 
  17593550 650.47 || noQ Q (Avg,Max,Min) (0.87, 1.00, 0.67) (0.81, 0.55, 0.99) #fs:  21  -- #Conts: 30 E(30) 
  17870592 643.76 || noQ Q (Avg,Max,Min) (0.87, 1.00, 0.68) (0.82, 0.55, 0.99) #fs:  21  -- #Conts: 29 E(29) 
  19941989 616.94 || noQ Q (Avg,Max,Min) (0.93, 1.00, 0.65) (0.84, 0.56, 0.99) #fs:  15  -- #Conts: 32 E(32) 
  20141107 603.53 || noQ Q (Avg,Max,Min) (0.94, 1.00, 0.70) (0.86, 0.69, 0.99) #fs:  13  -- #Conts: 32 E(32) 
  21104971 590.12 || noQ Q (Avg,Max,Min) (0.96, 1.00, 0.73) (0.87, 0.70, 0.99) #fs:  11  -- #Conts: 34 E(34) 
  21362544 583.41 || noQ Q (Avg,Max,Min) (0.97, 1.00, 0.74) (0.87, 0.73, 0.99) #fs:  10  -- #Conts: 33 E(33) 
  25182855 576.71 || noQ Q (Avg,Max,Min) (0.98, 1.00, 0.75) (0.88, 0.61, 1.00) #fs:   4  -- #Conts: 34 E(34) 
  26675081 570.00 || noQ Q (Avg,Max,Min) (0.98, 1.00, 0.78) (0.89, 0.61, 1.00) #fs:   4  -- #Conts: 33 E(33) 
  27118769 563.29 || noQ Q (Avg,Max,Min) (0.99, 1.00, 0.78) (0.90, 0.75, 1.00) #fs:   4  -- #Conts: 29 E(29) 
  31053242 556.59 || noQ Q (Avg,Max,Min) (0.99, 1.00, 0.90) (0.91, 0.79, 1.00) #fs:   3  -- #Conts: 26 E(26) 
  31879670 549.88 || noQ Q (Avg,Max,Min) (0.99, 1.00, 0.90) (0.92, 0.79, 1.00) #fs:   3  -- #Conts: 26 E(26) 
  32732863 543.18 || noQ Q (Avg,Max,Min) (0.99, 1.00, 0.90) (0.93, 0.82, 1.00) #fs:   4  -- #Conts: 23 E(23) 
  37247251 536.47 || noQ Q (Avg,Max,Min) (0.99, 1.00, 0.90) (0.94, 0.85, 1.00) #fs:   3  -- #Conts: 22 E(22) 
  39309359 529.76 || noQ Q (Avg,Max,Min) (0.99, 1.00, 0.90) (0.95, 0.85, 1.00) #fs:   3  -- #Conts: 22 E(22) 
/////////////////size: 29
  12224051 947.88 || noQ Q (Avg,Max,Min) (1.00, 1.00, 0.91) (0.63, 0.38, 1.00) #fs:   3  -- #Conts: 34 H(24)  G(8)  A(2) 
  12589713 932.12 || noQ Q (Avg,Max,Min) (1.00, 1.00, 0.91) (0.64, 0.39, 1.00) #fs:   3  -- #Conts: 33 H(24)  G(7)  A(2) 
  12611522 916.35 || noQ Q (Avg,Max,Min) (0.99, 1.00, 0.85) (0.66, 0.39, 1.00) #fs:   4  -- #Conts: 32 H(24)  G(6)  A(2) 
  12621629 900.59 || noQ Q (Avg,Max,Min) (0.99, 1.00, 0.84) (0.67, 0.40, 1.00) #fs:   4  -- #Conts: 31 H(24)  G(5)  A(2) 
  12651766 884.82 || noQ Q (Avg,Max,Min) (1.00, 1.00, 0.91) (0.69, 0.39, 1.00) #fs:   3  -- #Conts: 30 H(24)  G(4)  A(2) 
  12736575 869.06 || noQ Q (Avg,Max,Min) (0.99, 1.00, 0.83) (0.71, 0.48, 1.00) #fs:   4  -- #Conts: 29 H(24)  G(3)  A(2) 
  13152900 837.53 || noQ Q (Avg,Max,Min) (1.00, 1.00, 0.91) (0.73, 0.40, 1.00) #fs:   3  -- #Conts: 28 H(23)  G(3)  A(2) 
  13201851 806.00 || noQ Q (Avg,Max,Min) (1.00, 1.00, 0.91) (0.76, 0.41, 1.00) #fs:   3  -- #Conts: 27 H(22)  G(3)  A(2) 
  13364481 742.94 || noQ Q (Avg,Max,Min) (0.99, 1.00, 0.91) (0.79, 0.51, 1.00) #fs:   4  -- #Conts: 29 H(16)  G(11)  A(2) 
  13373332 711.41 || noQ Q (Avg,Max,Min) (0.99, 1.00, 0.91) (0.82, 0.51, 1.00) #fs:   4  -- #Conts: 28 H(15)  G(11)  A(2) 
  13412023 695.65 || noQ Q (Avg,Max,Min) (0.99, 1.00, 0.91) (0.84, 0.51, 1.00) #fs:   4  -- #Conts: 27 H(15)  G(10)  A(2) 
  13450983 679.88 || noQ Q (Avg,Max,Min) (0.99, 1.00, 0.91) (0.86, 0.58, 1.00) #fs:   4  -- #Conts: 26 H(15)  G(9)  A(2) 
  13518214 664.12 || noQ Q (Avg,Max,Min) (0.99, 1.00, 0.91) (0.89, 0.68, 1.00) #fs:   4  -- #Conts: 25 H(15)  G(8)  A(2) 
  13705656 655.06 || noQ Q (Avg,Max,Min) (0.99, 1.00, 0.91) (0.90, 0.68, 1.00) #fs:   5  -- #Conts: 25 H(15)  G(7)  A(2)  E(1) 
  13783032 639.29 || noQ Q (Avg,Max,Min) (0.99, 1.00, 0.91) (0.92, 0.68, 1.00) #fs:   4  -- #Conts: 24 H(15)  G(6)  A(2)  E(1) 
  17967110 636.94 || noQ Q (Avg,Max,Min) (1.00, 1.00, 0.91) (0.91, 0.61, 1.00) #fs:   4  -- #Conts: 25 H(13)  G(7)  A(2)  E(3) 
  24075205 632.24 || noQ Q (Avg,Max,Min) (0.99, 1.00, 0.89) (0.88, 0.63, 1.00) #fs:   6  -- #Conts: 24 H(7)  G(12)  A(2)  E(3) 
  24198643 625.53 || noQ Q (Avg,Max,Min) (1.00, 1.00, 0.94) (0.89, 0.63, 1.00) #fs:   6  -- #Conts: 25 H(7)  G(12)  A(2)  E(4) 
  24925515 624.18 || noQ Q (Avg,Max,Min) (1.00, 1.00, 0.95) (0.84, 0.01, 0.99) #fs:   3  -- #Conts: 27 H(3)  G(16)  A(1)  E(7) 
  24938503 592.65 || noQ Q (Avg,Max,Min) (1.00, 1.00, 0.95) (0.88, 0.61, 0.99) #fs:   3  -- #Conts: 26 H(2)  G(16)  A(1)  E(7) 
  25976606 585.94 || noQ Q (Avg,Max,Min) (1.00, 1.00, 0.95) (0.88, 0.61, 0.99) #fs:   3  -- #Conts: 25 H(2)  G(16)  A(1)  E(6) 
  26340377 579.24 || noQ Q (Avg,Max,Min) (1.00, 1.00, 0.95) (0.89, 0.61, 0.99) #fs:   4  -- #Conts: 24 H(2)  G(16)  A(1)  E(5) 
  28016049 574.76 || noQ Q (Avg,Max,Min) (1.00, 1.00, 0.95) (0.89, 0.64, 0.99) #fs:   3  -- #Conts: 25 H(2)  G(10)  A(1)  E(11)  C(1) 
  32844349 572.06 || noQ Q (Avg,Max,Min) (1.00, 1.00, 0.95) (0.90, 0.64, 0.99) #fs:   3  -- #Conts: 25 H(2)  G(10)  A(1)  E(11)  C(1) 
  42197453 559.12 || noQ Q (Avg,Max,Min) (0.98, 1.00, 0.76) (0.91, 0.64, 1.00) #fs:   7  -- #Conts: 23 G(11)  A(1)  E(4)  C(7) 
  45562105 550.06 || noQ Q (Avg,Max,Min) (0.99, 1.00, 0.95) (0.92, 0.64, 1.00) #fs:   6  -- #Conts: 23 G(11)  A(1)  E(4)  C(7) 
  46412509 548.35 || noQ Q (Avg,Max,Min) (1.00, 1.00, 0.95) (0.89, 0.15, 1.00) #fs:   6  -- #Conts: 24 G(11)  A(2)  E(4)  C(7) 
  52358563 539.59 || noQ Q (Avg,Max,Min) (0.99, 1.00, 0.95) (0.93, 0.64, 1.00) #fs:   6  -- #Conts: 19 G(6)  A(1)  E(5)  C(7) 
  69842894 538.59 || noQ Q (Avg,Max,Min) (0.99, 1.00, 0.91) (0.94, 0.82, 1.00) #fs:   4  -- #Conts: 20 G(5)  A(2)  E(6)  C(7) 
  70909930 535.88 || noQ Q (Avg,Max,Min) (0.99, 1.00, 0.91) (0.95, 0.82, 1.00) #fs:   5  -- #Conts: 19 G(5)  A(2)  E(5)  C(7) 
  73327672 530.00 || noQ Q (Avg,Max,Min) (0.99, 1.00, 0.91) (0.96, 0.82, 1.00) #fs:   4  -- #Conts: 17 G(5)  A(1)  E(5)  C(6) 
  80687596 528.12 || noQ Q (Avg,Max,Min) (0.99, 1.00, 0.91) (0.95, 0.86, 1.00) #fs:   3  -- #Conts: 19 G(4)  A(2)  E(5)  C(8) 
  84404802 526.12 || noQ Q (Avg,Max,Min) (0.99, 1.00, 0.91) (0.96, 0.89, 1.00) #fs:   3  -- #Conts: 18 G(4)  A(1)  E(5)  C(8) 
/////////////////size: 33
nodes 100 edges 123
 mulT: 100 mulD: 1  sumData GB 2
pareto /LIGO.n.100.0.dax time -> 3533.0
moheft /LIGO.n.100.0.dax time -> 1278.0
distance from M to C 10.319343636285469
distance from P to C 1.000017959458324
distance from C to M 11.525495958735966
distance from C to P 2.502243976263569
toCompare: /LIGO.n.100.0.dax sumDataGB: 2 mulT: 100 mulD: 1 paretoOptTime_MS: 3533.0 MoheftOptimizationTime_MS: 1278.0 MtoC 10.319343636285469 PtoC 1.000017959458324 CtoM 11.525495958735966 CtoP 2.502243976263569
