specify -Dflow d,b,mt,md,size
Running /home/vaggelis/jc/CYBERSHAKE.n.100.0.dax mt 5000 md: 1000 size null
  50282245 3531.29 || noQ Q (Avg,Max,Min) (1.61, 1.93, 1.14) (1.56, 1.12, 1.92) #fs:  15  -- #Conts: 26 H(26) 
  53590412 3499.76 || noQ Q (Avg,Max,Min) (1.56, 1.95, 0.10) (1.52, 0.08, 1.93) #fs:  11  -- #Conts: 25 H(25) 
  53963476 3468.24 || noQ Q (Avg,Max,Min) (1.63, 1.95, 1.14) (1.58, 1.12, 1.93) #fs:   9  -- #Conts: 23 H(23) 
  53963479 3436.71 || noQ Q (Avg,Max,Min) (1.63, 1.95, 1.14) (1.59, 1.12, 1.93) #fs:  10  -- #Conts: 23 H(23) 
  56762301 3405.18 || noQ Q (Avg,Max,Min) (1.64, 1.94, 1.14) (1.60, 1.12, 1.94) #fs:   5  -- #Conts: 19 H(19) 
  77791380 2932.24 || noQ Q (Avg,Max,Min) (1.40, 1.60, 1.00) (1.34, 0.17, 1.56) #fs:   6  -- #Conts: 28 G(28) 
  78702383 2916.47 || noQ Q (Avg,Max,Min) (1.39, 1.60, 1.00) (1.33, 0.12, 1.56) #fs:   7  -- #Conts: 25 G(25) 
  79029760 2900.71 || noQ Q (Avg,Max,Min) (1.41, 1.60, 1.14) (1.38, 1.14, 1.56) #fs:   7  -- #Conts: 24 G(24) 
  81454019 2884.94 || noQ Q (Avg,Max,Min) (1.37, 1.62, 0.48) (1.34, 0.27, 1.62) #fs:   5  -- #Conts: 23 G(23) 
  82889694 2869.18 || noQ Q (Avg,Max,Min) (1.35, 1.63, 0.28) (1.34, 0.27, 1.62) #fs:   6  -- #Conts: 22 G(22) 
  86377725 2853.41 || noQ Q (Avg,Max,Min) (1.37, 1.62, 0.63) (1.36, 0.62, 1.62) #fs:   3  -- #Conts: 21 G(21) 
 160700394 2769.53 || noQ Q (Avg,Max,Min) (1.13, 1.27, 0.52) (1.10, 0.39, 1.27) #fs:   6  -- #Conts: 30 E(30) 
 161117754 2762.82 || noQ Q (Avg,Max,Min) (1.14, 1.27, 0.52) (1.12, 0.41, 1.27) #fs:   6  -- #Conts: 29 E(29) 
 171146636 2756.12 || noQ Q (Avg,Max,Min) (1.13, 1.28, 0.40) (1.11, 0.36, 1.27) #fs:   5  -- #Conts: 24 E(24) 
 171987878 2749.41 || noQ Q (Avg,Max,Min) (1.13, 1.28, 0.55) (1.10, 0.27, 1.27) #fs:   3  -- #Conts: 25 E(25) 
 172947030 2742.71 || noQ Q (Avg,Max,Min) (1.14, 1.28, 0.55) (1.13, 0.53, 1.27) #fs:   3  -- #Conts: 24 E(24) 
/////////////////size: 16
  49438656 3499.76 || noQ Q (Avg,Max,Min) (1.63, 1.99, 1.08) (1.45, 1.08, 1.75) #fs:   9  -- #Conts: 42 H(23)  G(19) 
  49714595 3484.00 || noQ Q (Avg,Max,Min) (1.63, 2.22, 1.10) (1.48, 1.10, 1.98) #fs:  11  -- #Conts: 39 H(23)  G(16) 
  49903659 3452.47 || noQ Q (Avg,Max,Min) (1.63, 2.19, 1.10) (1.49, 1.10, 2.01) #fs:  12  -- #Conts: 38 H(22)  G(16) 
  50117759 3420.94 || noQ Q (Avg,Max,Min) (1.61, 2.19, 1.10) (1.47, 1.10, 2.03) #fs:  14  -- #Conts: 38 H(20)  G(18) 
  50360348 3405.18 || noQ Q (Avg,Max,Min) (1.59, 2.13, 1.08) (1.47, 1.08, 2.05) #fs:  14  -- #Conts: 37 H(19)  G(18) 
  50568836 3389.41 || noQ Q (Avg,Max,Min) (1.59, 2.19, 1.08) (1.46, 1.08, 2.00) #fs:  12  -- #Conts: 37 H(18)  G(19) 
  50748602 3357.88 || noQ Q (Avg,Max,Min) (1.57, 2.09, 1.09) (1.46, 1.09, 2.08) #fs:  15  -- #Conts: 37 H(17)  G(20) 
  51197737 3348.82 || noQ Q (Avg,Max,Min) (1.57, 2.09, 1.00) (1.41, 0.13, 2.00) #fs:   9  -- #Conts: 39 H(16)  G(22)  E(1) 
  51530215 3346.12 || noQ Q (Avg,Max,Min) (1.57, 2.09, 1.00) (1.42, 0.22, 2.00) #fs:   9  -- #Conts: 39 H(16)  G(22)  C(1) 
  51688225 3343.41 || noQ Q (Avg,Max,Min) (1.55, 2.08, 1.00) (1.41, 0.20, 2.00) #fs:   9  -- #Conts: 40 H(16)  G(21)  E(2)  C(1) 
  51866177 3339.41 || noQ Q (Avg,Max,Min) (1.57, 2.08, 1.09) (1.44, 1.09, 2.00) #fs:   9  -- #Conts: 39 H(16)  G(21)  E(2) 
  52015144 3336.71 || noQ Q (Avg,Max,Min) (1.55, 2.08, 1.00) (1.41, 0.20, 2.00) #fs:   8  -- #Conts: 40 H(16)  G(21)  E(2)  C(1) 
  52200302 3332.71 || noQ Q (Avg,Max,Min) (1.57, 2.08, 1.09) (1.44, 1.09, 2.00) #fs:   8  -- #Conts: 39 H(16)  G(21)  E(2) 
  52212943 3328.94 || noQ Q (Avg,Max,Min) (1.52, 1.92, 1.00) (1.37, 0.19, 1.76) #fs:   6  -- #Conts: 39 H(16)  G(18)  E(2)  C(3) 
  52249072 3324.94 || noQ Q (Avg,Max,Min) (1.54, 1.92, 1.00) (1.40, 0.24, 1.76) #fs:   7  -- #Conts: 38 H(16)  G(18)  E(2)  C(2) 
  52293974 3320.94 || noQ Q (Avg,Max,Min) (1.55, 1.92, 1.00) (1.43, 0.27, 1.76) #fs:   7  -- #Conts: 37 H(16)  G(18)  E(2)  C(1) 
  52315916 3316.94 || noQ Q (Avg,Max,Min) (1.57, 1.92, 1.11) (1.46, 1.08, 1.76) #fs:   7  -- #Conts: 36 H(16)  G(18)  E(2) 
  52319292 3309.18 || noQ Q (Avg,Max,Min) (1.54, 1.92, 1.00) (1.40, 0.24, 1.76) #fs:   6  -- #Conts: 38 H(16)  G(18)  E(2)  C(2) 
  52322671 3305.18 || noQ Q (Avg,Max,Min) (1.55, 1.92, 1.00) (1.44, 0.27, 1.76) #fs:   6  -- #Conts: 37 H(16)  G(18)  E(2)  C(1) 
  52418063 3301.18 || noQ Q (Avg,Max,Min) (1.57, 1.92, 1.11) (1.47, 1.08, 1.76) #fs:   5  -- #Conts: 36 H(16)  G(18)  E(2) 
  52780999 3287.06 || noQ Q (Avg,Max,Min) (1.56, 1.92, 1.00) (1.45, 0.46, 1.76) #fs:   8  -- #Conts: 35 H(16)  G(16)  E(2)  C(1) 
  52816448 3280.35 || noQ Q (Avg,Max,Min) (1.56, 1.92, 1.00) (1.46, 0.27, 1.76) #fs:   7  -- #Conts: 35 H(16)  G(16)  E(2)  C(1) 
  52856100 3273.65 || noQ Q (Avg,Max,Min) (1.56, 1.92, 1.00) (1.47, 0.46, 1.76) #fs:   5  -- #Conts: 35 H(16)  G(16)  E(2)  C(1) 
  52941366 3269.65 || noQ Q (Avg,Max,Min) (1.58, 1.92, 1.11) (1.50, 1.09, 1.76) #fs:   6  -- #Conts: 34 H(16)  G(16)  E(2) 
  53335105 3253.88 || noQ Q (Avg,Max,Min) (1.50, 1.87, 1.09) (1.41, 1.09, 1.76) #fs:  10  -- #Conts: 36 H(9)  G(25)  E(2) 
  53339703 3222.35 || noQ Q (Avg,Max,Min) (1.51, 1.87, 1.09) (1.42, 1.09, 1.76) #fs:  12  -- #Conts: 36 H(9)  G(25)  E(2) 
  53530195 3190.82 || noQ Q (Avg,Max,Min) (1.51, 1.85, 1.10) (1.41, 1.08, 1.77) #fs:   5  -- #Conts: 36 H(8)  G(26)  E(2) 
  53700422 3175.06 || noQ Q (Avg,Max,Min) (1.49, 1.84, 1.09) (1.41, 1.09, 1.79) #fs:   8  -- #Conts: 35 H(8)  G(25)  E(2) 
  53830980 3143.53 || noQ Q (Avg,Max,Min) (1.49, 1.83, 1.16) (1.42, 1.12, 1.80) #fs:   8  -- #Conts: 35 H(7)  G(26)  E(2) 
  54084328 3138.82 || noQ Q (Avg,Max,Min) (1.49, 1.85, 1.14) (1.42, 1.11, 1.82) #fs:   7  -- #Conts: 36 H(7)  G(26)  E(3) 
  54335758 3132.76 || noQ Q (Avg,Max,Min) (1.44, 1.79, 1.00) (1.37, 0.82, 1.76) #fs:  11  -- #Conts: 38 H(6)  G(27)  A(1)  E(4) 
  54343066 3131.76 || noQ Q (Avg,Max,Min) (1.46, 1.79, 1.09) (1.39, 1.09, 1.76) #fs:  12  -- #Conts: 37 H(6)  G(27)  E(4) 
  54375456 3122.71 || noQ Q (Avg,Max,Min) (1.45, 1.79, 1.09) (1.39, 1.09, 1.76) #fs:  13  -- #Conts: 37 H(6)  G(27)  E(4) 
  54378241 3117.00 || noQ Q (Avg,Max,Min) (1.44, 1.79, 1.00) (1.38, 0.82, 1.76) #fs:  12  -- #Conts: 38 H(6)  G(27)  A(1)  E(4) 
  54401254 3116.00 || noQ Q (Avg,Max,Min) (1.46, 1.79, 1.09) (1.40, 1.09, 1.76) #fs:  12  -- #Conts: 37 H(6)  G(27)  E(4) 
  54407040 3110.29 || noQ Q (Avg,Max,Min) (1.45, 1.79, 1.00) (1.39, 0.82, 1.76) #fs:  11  -- #Conts: 38 H(6)  G(27)  A(1)  E(4) 
  56500871 3100.24 || noQ Q (Avg,Max,Min) (1.46, 1.82, 1.09) (1.40, 1.09, 1.81) #fs:   8  -- #Conts: 34 H(6)  G(24)  E(4) 
  56694259 3084.47 || noQ Q (Avg,Max,Min) (1.45, 1.82, 1.18) (1.38, 1.14, 1.81) #fs:  10  -- #Conts: 34 H(3)  G(27)  E(4) 
  56834011 3079.41 || noQ Q (Avg,Max,Min) (1.42, 1.85, 1.12) (1.37, 1.11, 1.78) #fs:   9  -- #Conts: 35 H(3)  G(26)  E(6) 
  56934386 3061.65 || noQ Q (Avg,Max,Min) (1.43, 1.74, 1.19) (1.37, 1.12, 1.57) #fs:   9  -- #Conts: 33 H(3)  G(25)  E(5) 
  57212121 3036.82 || noQ Q (Avg,Max,Min) (1.42, 1.68, 1.17) (1.38, 1.12, 1.63) #fs:   8  -- #Conts: 32 H(3)  G(24)  E(5) 
  57473900 3032.12 || noQ Q (Avg,Max,Min) (1.42, 1.69, 1.19) (1.38, 1.12, 1.61) #fs:   7  -- #Conts: 33 H(3)  G(24)  E(6) 
  57809427 3027.76 || noQ Q (Avg,Max,Min) (1.42, 1.68, 1.19) (1.39, 1.12, 1.65) #fs:   9  -- #Conts: 32 H(3)  G(24)  E(5) 
  57809885 3012.00 || noQ Q (Avg,Max,Min) (1.42, 1.68, 1.19) (1.40, 1.12, 1.65) #fs:   9  -- #Conts: 32 H(3)  G(24)  E(5) 
  58378757 3005.29 || noQ Q (Avg,Max,Min) (1.41, 1.68, 1.00) (1.36, 0.13, 1.65) #fs:   8  -- #Conts: 33 H(3)  G(24)  E(6) 
  58711235 3002.59 || noQ Q (Avg,Max,Min) (1.41, 1.68, 1.00) (1.36, 0.22, 1.65) #fs:   8  -- #Conts: 33 H(3)  G(24)  E(5)  C(1) 
  61165402 2987.41 || noQ Q (Avg,Max,Min) (1.39, 1.78, 1.19) (1.35, 1.12, 1.64) #fs:   4  -- #Conts: 35 H(3)  G(20)  E(12) 
  61165405 2971.65 || noQ Q (Avg,Max,Min) (1.39, 1.78, 1.19) (1.35, 1.12, 1.64) #fs:   5  -- #Conts: 35 H(3)  G(20)  E(12) 
  61575794 2960.94 || noQ Q (Avg,Max,Min) (1.39, 1.57, 1.19) (1.37, 1.17, 1.56) #fs:   8  -- #Conts: 32 H(3)  G(19)  E(10) 
  61919705 2960.59 || noQ Q (Avg,Max,Min) (1.37, 1.57, 0.96) (1.33, 0.24, 1.56) #fs:   7  -- #Conts: 33 H(3)  G(18)  E(12) 
  62331179 2957.88 || noQ Q (Avg,Max,Min) (1.37, 1.57, 1.00) (1.33, 0.22, 1.56) #fs:   6  -- #Conts: 33 H(3)  G(18)  E(11)  C(1) 
  63898443 2953.00 || noQ Q (Avg,Max,Min) (1.36, 1.57, 1.00) (1.34, 0.82, 1.56) #fs:   3  -- #Conts: 33 H(3)  G(17)  A(1)  E(11)  C(1) 
  63936974 2950.00 || noQ Q (Avg,Max,Min) (1.35, 1.57, 1.00) (1.33, 0.79, 1.56) #fs:   2  -- #Conts: 34 H(3)  G(17)  A(2)  E(11)  C(1) 
  64041127 2949.00 || noQ Q (Avg,Max,Min) (1.36, 1.57, 1.00) (1.34, 0.82, 1.56) #fs:   2  -- #Conts: 33 H(3)  G(17)  A(1)  E(11)  C(1) 
  64067164 2948.00 || noQ Q (Avg,Max,Min) (1.37, 1.57, 1.17) (1.36, 1.15, 1.56) #fs:   2  -- #Conts: 32 H(3)  G(17)  E(11)  C(1) 
  64084522 2947.24 || noQ Q (Avg,Max,Min) (1.33, 1.57, 1.00) (1.31, 0.98, 1.56) #fs:   3  -- #Conts: 34 H(3)  G(15)  A(2)  E(13)  C(1) 
  64096094 2944.24 || noQ Q (Avg,Max,Min) (1.32, 1.57, 1.00) (1.30, 0.79, 1.56) #fs:   2  -- #Conts: 35 H(3)  G(15)  A(3)  E(13)  C(1) 
  64104773 2943.24 || noQ Q (Avg,Max,Min) (1.33, 1.57, 1.00) (1.32, 0.98, 1.56) #fs:   2  -- #Conts: 34 H(3)  G(15)  A(2)  E(13)  C(1) 
  64125025 2942.24 || noQ Q (Avg,Max,Min) (1.33, 1.57, 1.00) (1.31, 0.92, 1.56) #fs:   2  -- #Conts: 34 H(3)  G(15)  A(2)  E(13)  C(1) 
  64210936 2941.24 || noQ Q (Avg,Max,Min) (1.33, 1.57, 1.00) (1.32, 0.99, 1.56) #fs:   3  -- #Conts: 34 H(3)  G(15)  A(2)  E(13)  C(1) 
  64223393 2940.24 || noQ Q (Avg,Max,Min) (1.33, 1.57, 1.00) (1.32, 0.99, 1.56) #fs:   2  -- #Conts: 34 H(3)  G(15)  A(2)  E(13)  C(1) 
  64289931 2939.24 || noQ Q (Avg,Max,Min) (1.34, 1.57, 1.00) (1.33, 1.00, 1.56) #fs:   2  -- #Conts: 33 H(3)  G(15)  A(1)  E(13)  C(1) 
  64297727 2938.24 || noQ Q (Avg,Max,Min) (1.35, 1.57, 1.09) (1.34, 1.09, 1.56) #fs:   2  -- #Conts: 32 H(3)  G(15)  E(13)  C(1) 
  64518302 2937.88 || noQ Q (Avg,Max,Min) (1.35, 1.57, 1.09) (1.33, 1.09, 1.56) #fs:   6  -- #Conts: 33 H(3)  G(15)  E(14)  C(1) 
  64631772 2937.53 || noQ Q (Avg,Max,Min) (1.34, 1.57, 1.09) (1.32, 1.09, 1.56) #fs:   6  -- #Conts: 33 H(3)  G(14)  E(15)  C(1) 
  64760670 2932.12 || noQ Q (Avg,Max,Min) (1.33, 1.71, 1.08) (1.31, 1.07, 1.70) #fs:   6  -- #Conts: 34 H(3)  G(14)  E(16)  C(1) 
  64816613 2925.41 || noQ Q (Avg,Max,Min) (1.33, 1.71, 1.08) (1.32, 1.08, 1.70) #fs:   4  -- #Conts: 34 H(3)  G(14)  E(16)  C(1) 
  64891694 2922.41 || noQ Q (Avg,Max,Min) (1.32, 1.71, 1.00) (1.30, 0.85, 1.70) #fs:   3  -- #Conts: 35 H(3)  G(14)  A(1)  E(16)  C(1) 
  64894587 2921.41 || noQ Q (Avg,Max,Min) (1.33, 1.71, 1.08) (1.32, 1.08, 1.70) #fs:   3  -- #Conts: 34 H(3)  G(14)  E(16)  C(1) 
  66156242 2920.41 || noQ Q (Avg,Max,Min) (1.33, 1.71, 1.00) (1.31, 0.85, 1.70) #fs:   8  -- #Conts: 34 H(3)  G(14)  A(1)  E(15)  C(1) 
  66357711 2919.41 || noQ Q (Avg,Max,Min) (1.34, 1.71, 1.17) (1.33, 1.12, 1.70) #fs:   8  -- #Conts: 33 H(3)  G(14)  E(15)  C(1) 
  67075873 2919.00 || noQ Q (Avg,Max,Min) (1.31, 1.71, 1.00) (1.26, 0.49, 1.70) #fs:   4  -- #Conts: 37 H(3)  G(14)  A(1)  E(15)  C(4) 
  67472535 2918.00 || noQ Q (Avg,Max,Min) (1.31, 1.71, 1.00) (1.28, 0.57, 1.70) #fs:   4  -- #Conts: 36 H(3)  G(14)  E(15)  C(4) 
  67763619 2917.00 || noQ Q (Avg,Max,Min) (1.31, 1.71, 1.00) (1.27, 0.54, 1.70) #fs:   4  -- #Conts: 37 H(3)  G(14)  A(2)  E(15)  C(3) 
  67955285 2916.00 || noQ Q (Avg,Max,Min) (1.31, 1.71, 1.00) (1.29, 0.82, 1.70) #fs:   4  -- #Conts: 36 H(3)  G(14)  A(1)  E(15)  C(3) 
  68291065 2911.18 || noQ Q (Avg,Max,Min) (1.28, 1.71, 1.00) (1.25, 0.90, 1.70) #fs:   5  -- #Conts: 38 H(3)  G(10)  E(22)  C(3) 
  68305531 2904.47 || noQ Q (Avg,Max,Min) (1.28, 1.71, 1.00) (1.26, 0.88, 1.70) #fs:   4  -- #Conts: 38 H(3)  G(10)  E(22)  C(3) 
  68458596 2901.47 || noQ Q (Avg,Max,Min) (1.28, 1.71, 1.00) (1.26, 0.97, 1.70) #fs:   4  -- #Conts: 38 H(3)  G(10)  A(1)  E(22)  C(2) 
  68524520 2900.47 || noQ Q (Avg,Max,Min) (1.29, 1.71, 1.00) (1.27, 0.97, 1.70) #fs:   3  -- #Conts: 37 H(3)  G(10)  E(22)  C(2) 
  68770431 2897.47 || noQ Q (Avg,Max,Min) (1.29, 1.71, 1.00) (1.27, 0.97, 1.70) #fs:   3  -- #Conts: 37 H(3)  G(10)  A(1)  E(22)  C(1) 
  68802258 2896.47 || noQ Q (Avg,Max,Min) (1.30, 1.71, 1.15) (1.28, 1.12, 1.70) #fs:   4  -- #Conts: 36 H(3)  G(10)  E(22)  C(1) 
  73423786 2893.06 || noQ Q (Avg,Max,Min) (1.23, 1.47, 1.00) (1.19, 0.42, 1.47) #fs:   7  -- #Conts: 40 H(3)  G(6)  A(2)  E(26)  C(3) 
  74304638 2889.06 || noQ Q (Avg,Max,Min) (1.23, 1.47, 1.00) (1.18, 0.52, 1.47) #fs:   6  -- #Conts: 40 H(3)  G(6)  A(2)  E(26)  C(3) 
  74794000 2887.06 || noQ Q (Avg,Max,Min) (1.24, 1.47, 1.00) (1.21, 0.66, 1.47) #fs:   6  -- #Conts: 39 H(3)  G(6)  A(1)  E(26)  C(3) 
  75126562 2886.06 || noQ Q (Avg,Max,Min) (1.22, 1.47, 0.98) (1.18, 0.66, 1.47) #fs:   6  -- #Conts: 42 H(3)  G(6)  A(4)  E(26)  C(3) 
  75433434 2885.06 || noQ Q (Avg,Max,Min) (1.23, 1.47, 1.00) (1.19, 0.66, 1.47) #fs:   5  -- #Conts: 41 H(3)  G(6)  A(3)  E(26)  C(3) 
  75434081 2879.65 || noQ Q (Avg,Max,Min) (1.24, 1.47, 1.00) (1.21, 0.58, 1.47) #fs:   4  -- #Conts: 36 H(3)  G(6)  A(1)  E(23)  C(3) 
  75485581 2876.65 || noQ Q (Avg,Max,Min) (1.23, 1.47, 1.00) (1.20, 0.58, 1.47) #fs:   3  -- #Conts: 37 H(3)  G(6)  A(2)  E(23)  C(3) 
  75683296 2875.65 || noQ Q (Avg,Max,Min) (1.24, 1.47, 1.00) (1.22, 0.58, 1.47) #fs:   4  -- #Conts: 36 H(3)  G(6)  A(1)  E(23)  C(3) 
  75818590 2874.65 || noQ Q (Avg,Max,Min) (1.24, 1.47, 1.00) (1.22, 0.82, 1.47) #fs:   4  -- #Conts: 36 H(3)  G(6)  A(1)  E(23)  C(3) 
  75825573 2873.65 || noQ Q (Avg,Max,Min) (1.25, 1.47, 1.13) (1.23, 1.11, 1.47) #fs:   4  -- #Conts: 35 H(3)  G(6)  E(23)  C(3) 
  75923446 2872.65 || noQ Q (Avg,Max,Min) (1.23, 1.47, 1.00) (1.21, 0.58, 1.47) #fs:   4  -- #Conts: 37 H(3)  G(6)  A(2)  E(23)  C(3) 
  75975644 2870.71 || noQ Q (Avg,Max,Min) (1.23, 1.47, 1.00) (1.22, 0.82, 1.47) #fs:   6  -- #Conts: 38 H(3)  G(6)  A(2)  E(23)  C(4) 
  76601041 2869.71 || noQ Q (Avg,Max,Min) (1.23, 1.47, 1.00) (1.20, 0.22, 1.47) #fs:   4  -- #Conts: 38 H(3)  G(6)  A(1)  E(23)  C(5) 
  77472681 2868.71 || noQ Q (Avg,Max,Min) (1.24, 1.47, 1.00) (1.22, 0.42, 1.47) #fs:   4  -- #Conts: 37 H(3)  G(6)  E(23)  C(5) 
  79076931 2867.71 || noQ Q (Avg,Max,Min) (1.23, 1.47, 1.00) (1.21, 0.82, 1.47) #fs:   4  -- #Conts: 39 H(3)  G(6)  A(3)  E(23)  C(4) 
  79217780 2862.76 || noQ Q (Avg,Max,Min) (1.24, 1.47, 1.00) (1.22, 0.59, 1.47) #fs:   4  -- #Conts: 37 H(3)  G(6)  A(2)  E(23)  C(3) 
  80565389 2854.71 || noQ Q (Avg,Max,Min) (1.28, 1.66, 1.00) (1.21, 0.27, 1.64) #fs:   3  -- #Conts: 39 G(15)  E(17)  C(7) 
  80608785 2850.71 || noQ Q (Avg,Max,Min) (1.29, 1.66, 1.00) (1.23, 0.33, 1.64) #fs:   3  -- #Conts: 38 G(15)  E(17)  C(6) 
  80660859 2848.00 || noQ Q (Avg,Max,Min) (1.28, 1.66, 1.00) (1.21, 0.27, 1.64) #fs:   3  -- #Conts: 39 G(15)  E(17)  C(7) 
  80719196 2841.29 || noQ Q (Avg,Max,Min) (1.28, 1.66, 1.00) (1.21, 0.27, 1.64) #fs:   3  -- #Conts: 39 G(15)  E(17)  C(7) 
  80905704 2836.12 || noQ Q (Avg,Max,Min) (1.29, 1.66, 0.91) (1.23, 0.22, 1.64) #fs:   3  -- #Conts: 37 G(15)  E(17)  C(5) 
  80976206 2832.12 || noQ Q (Avg,Max,Min) (1.30, 1.66, 0.91) (1.26, 0.70, 1.64) #fs:   3  -- #Conts: 36 G(15)  E(17)  C(4) 
  81847283 2831.88 || noQ Q (Avg,Max,Min) (1.29, 1.85, 1.00) (1.25, 0.20, 1.78) #fs:   5  -- #Conts: 34 G(14)  E(15)  C(5) 
  81860333 2828.12 || noQ Q (Avg,Max,Min) (1.31, 1.66, 1.13) (1.28, 1.04, 1.64) #fs:   1  -- #Conts: 35 G(15)  E(17)  C(3) 
  82025081 2827.88 || noQ Q (Avg,Max,Min) (1.30, 1.85, 1.11) (1.28, 1.04, 1.78) #fs:   5  -- #Conts: 33 G(14)  E(15)  C(4) 
  82742121 2827.53 || noQ Q (Avg,Max,Min) (1.29, 1.85, 1.11) (1.27, 1.04, 1.78) #fs:   7  -- #Conts: 33 G(13)  E(16)  C(4) 
  83049702 2824.82 || noQ Q (Avg,Max,Min) (1.28, 1.85, 1.00) (1.25, 0.56, 1.78) #fs:   8  -- #Conts: 34 G(13)  E(16)  C(5) 
  83667424 2824.12 || noQ Q (Avg,Max,Min) (1.26, 1.55, 0.99) (1.22, 0.30, 1.54) #fs:   5  -- #Conts: 35 G(12)  E(17)  C(6) 
  84546268 2814.47 || noQ Q (Avg,Max,Min) (1.28, 1.55, 1.00) (1.25, 0.51, 1.54) #fs:   2  -- #Conts: 30 G(12)  E(15)  C(3) 
  84580985 2813.47 || noQ Q (Avg,Max,Min) (1.27, 1.55, 1.00) (1.24, 0.54, 1.54) #fs:   3  -- #Conts: 31 G(12)  A(2)  E(15)  C(2) 
  84594483 2812.47 || noQ Q (Avg,Max,Min) (1.28, 1.55, 1.00) (1.25, 0.54, 1.54) #fs:   4  -- #Conts: 30 G(12)  A(1)  E(15)  C(2) 
  84982758 2807.47 || noQ Q (Avg,Max,Min) (1.28, 1.54, 1.00) (1.27, 0.99, 1.54) #fs:   7  -- #Conts: 30 G(12)  A(1)  E(15)  C(2) 
  85181468 2804.76 || noQ Q (Avg,Max,Min) (1.28, 1.54, 1.00) (1.27, 0.99, 1.54) #fs:   6  -- #Conts: 30 G(12)  A(1)  E(15)  C(2) 
  85599057 2800.76 || noQ Q (Avg,Max,Min) (1.28, 1.54, 1.00) (1.27, 0.99, 1.54) #fs:   5  -- #Conts: 30 G(12)  A(1)  E(15)  C(2) 
  86055795 2799.76 || noQ Q (Avg,Max,Min) (1.29, 1.54, 1.11) (1.28, 1.11, 1.54) #fs:   5  -- #Conts: 29 G(12)  E(15)  C(2) 
  86081890 2799.35 || noQ Q (Avg,Max,Min) (1.23, 1.47, 0.88) (1.20, 0.70, 1.47) #fs:   5  -- #Conts: 33 G(9)  A(2)  E(18)  C(4) 
  86196486 2798.35 || noQ Q (Avg,Max,Min) (1.22, 1.47, 0.88) (1.19, 0.70, 1.47) #fs:   4  -- #Conts: 34 G(9)  A(4)  E(18)  C(3) 
  86238738 2797.35 || noQ Q (Avg,Max,Min) (1.23, 1.47, 0.88) (1.20, 0.70, 1.47) #fs:   5  -- #Conts: 33 G(9)  A(3)  E(18)  C(3) 
  86251787 2796.35 || noQ Q (Avg,Max,Min) (1.24, 1.47, 0.88) (1.21, 0.70, 1.47) #fs:   5  -- #Conts: 32 G(9)  A(2)  E(18)  C(3) 
  86263027 2795.35 || noQ Q (Avg,Max,Min) (1.23, 1.47, 0.88) (1.21, 0.78, 1.47) #fs:   4  -- #Conts: 33 G(9)  A(3)  E(18)  C(3) 
  86343135 2794.35 || noQ Q (Avg,Max,Min) (1.24, 1.47, 0.88) (1.22, 0.78, 1.47) #fs:   5  -- #Conts: 32 G(9)  A(2)  E(18)  C(3) 
  86466855 2793.35 || noQ Q (Avg,Max,Min) (1.24, 1.47, 0.88) (1.22, 0.78, 1.47) #fs:   5  -- #Conts: 32 G(9)  A(2)  E(18)  C(3) 
  86682158 2792.35 || noQ Q (Avg,Max,Min) (1.24, 1.47, 0.88) (1.23, 0.78, 1.47) #fs:   5  -- #Conts: 31 G(9)  A(1)  E(18)  C(3) 
  86716875 2791.35 || noQ Q (Avg,Max,Min) (1.25, 1.47, 1.00) (1.23, 0.85, 1.47) #fs:   4  -- #Conts: 31 G(9)  A(2)  E(18)  C(2) 
  90071258 2790.35 || noQ Q (Avg,Max,Min) (1.24, 1.47, 0.93) (1.24, 0.91, 1.47) #fs:   4  -- #Conts: 31 G(9)  A(2)  E(18)  C(2) 
  90103882 2789.35 || noQ Q (Avg,Max,Min) (1.24, 1.47, 0.92) (1.24, 0.91, 1.47) #fs:   4  -- #Conts: 31 G(9)  A(2)  E(18)  C(2) 
  91408287 2785.29 || noQ Q (Avg,Max,Min) (1.20, 1.47, 0.76) (1.17, 0.72, 1.47) #fs:   2  -- #Conts: 34 G(8)  A(4)  E(19)  C(3) 
  94722562 2784.29 || noQ Q (Avg,Max,Min) (1.21, 1.47, 0.91) (1.20, 0.79, 1.47) #fs:   2  -- #Conts: 33 G(8)  A(4)  E(19)  C(2) 
 116751944 2784.06 || noQ Q (Avg,Max,Min) (1.14, 1.36, 0.88) (1.09, 0.22, 1.36) #fs:   3  -- #Conts: 32 G(4)  A(8)  E(15)  C(5) 
 117473513 2783.06 || noQ Q (Avg,Max,Min) (1.15, 1.36, 0.88) (1.11, 0.42, 1.36) #fs:   3  -- #Conts: 31 G(4)  A(7)  E(15)  C(5) 
 119462725 2781.06 || noQ Q (Avg,Max,Min) (1.15, 1.36, 0.88) (1.13, 0.79, 1.36) #fs:   3  -- #Conts: 30 G(4)  A(7)  E(15)  C(4) 
 122312724 2780.06 || noQ Q (Avg,Max,Min) (1.16, 1.36, 0.88) (1.15, 0.82, 1.36) #fs:   3  -- #Conts: 29 G(4)  A(6)  E(15)  C(4) 
 156361358 2777.53 || noQ Q (Avg,Max,Min) (1.13, 1.34, 0.97) (1.08, 0.69, 1.34) #fs:   3  -- #Conts: 23 G(3)  A(9)  E(10)  C(1) 
 159197050 2776.53 || noQ Q (Avg,Max,Min) (1.13, 1.34, 0.98) (1.08, 0.69, 1.34) #fs:   3  -- #Conts: 23 G(3)  A(9)  E(10)  C(1) 
 164347051 2775.53 || noQ Q (Avg,Max,Min) (1.14, 1.34, 0.98) (1.10, 0.69, 1.34) #fs:   2  -- #Conts: 21 G(3)  A(7)  E(10)  C(1) 
 172947051 2774.53 || noQ Q (Avg,Max,Min) (1.14, 1.34, 0.98) (1.10, 0.69, 1.34) #fs:   2  -- #Conts: 21 G(3)  A(7)  E(10)  C(1) 
 184421378 2772.59 || noQ Q (Avg,Max,Min) (1.13, 1.47, 0.92) (1.07, 0.11, 1.47) #fs:   5  -- #Conts: 25 G(3)  A(7)  E(11)  C(4) 
 184490439 2756.82 || noQ Q (Avg,Max,Min) (1.14, 1.47, 0.92) (1.11, 0.77, 1.47) #fs:   5  -- #Conts: 24 G(2)  A(7)  E(11)  C(4) 
 186218873 2752.94 || noQ Q (Avg,Max,Min) (1.12, 1.47, 0.92) (1.08, 0.80, 1.47) #fs:   4  -- #Conts: 28 G(2)  A(10)  E(11)  C(5) 
 186827986 2751.94 || noQ Q (Avg,Max,Min) (1.12, 1.47, 0.92) (1.09, 0.80, 1.47) #fs:   4  -- #Conts: 28 G(2)  A(10)  E(11)  C(5) 
 186861520 2750.94 || noQ Q (Avg,Max,Min) (1.12, 1.47, 0.93) (1.09, 0.80, 1.47) #fs:   4  -- #Conts: 28 G(2)  A(10)  E(11)  C(5) 
 190739760 2749.94 || noQ Q (Avg,Max,Min) (1.13, 1.47, 0.99) (1.11, 0.84, 1.47) #fs:   3  -- #Conts: 26 G(2)  A(8)  E(11)  C(5) 
/////////////////size: 143
nodes 100 edges 192
 mulT: 5000 mulD: 1000  sumData GB 97599
pareto /CYBERSHAKE.n.100.0.dax time -> 4161.0
moheft /CYBERSHAKE.n.100.0.dax time -> 20046.0
distance from M to C 1.3096794378239272
distance from P to C 29.291350524659656
distance from C to M 0.588235294117635
distance from C to P 49.66539522862691
toCompare: /CYBERSHAKE.n.100.0.dax sumDataGB: 97599 mulT: 5000 mulD: 1000 paretoOptTime_MS: 4161.0 MoheftOptimizationTime_MS: 20046.0 MtoC 1.3096794378239272 PtoC 29.291350524659656 CtoM 0.588235294117635 CtoP 49.66539522862691
