specify -Dflow d,b,mt,md,size
Running /home/vaggelis/jc/MONTAGE.n.50.0.dax mt 500 md: 5000 size null
   2566582 851.29 || noQ Q (Avg,Max,Min) (2.70, 3.41, 1.15) (0.34, 0.16, 2.43) #fs:  18  -- #Conts: 27 H(27) 
   2677613 835.53 || noQ Q (Avg,Max,Min) (2.62, 3.33, 1.07) (0.34, 0.16, 2.43) #fs:  18  -- #Conts: 27 H(26)  G(1) 
   2678898 819.76 || noQ Q (Avg,Max,Min) (2.58, 3.33, 1.07) (0.34, 0.16, 2.43) #fs:  18  -- #Conts: 27 H(25)  G(2) 
   2679760 804.00 || noQ Q (Avg,Max,Min) (2.55, 3.33, 1.07) (0.34, 0.16, 2.43) #fs:  18  -- #Conts: 27 H(24)  G(3) 
   2679865 788.24 || noQ Q (Avg,Max,Min) (2.51, 3.33, 1.07) (0.34, 0.16, 2.43) #fs:  18  -- #Conts: 27 H(23)  G(4) 
   2681184 772.47 || noQ Q (Avg,Max,Min) (2.48, 3.33, 1.07) (0.34, 0.16, 2.43) #fs:  18  -- #Conts: 27 H(22)  G(5) 
   2682544 756.71 || noQ Q (Avg,Max,Min) (2.44, 3.33, 1.07) (0.35, 0.16, 2.43) #fs:  18  -- #Conts: 27 H(21)  G(6) 
   2683887 740.94 || noQ Q (Avg,Max,Min) (2.41, 3.33, 1.07) (0.35, 0.16, 2.43) #fs:  18  -- #Conts: 27 H(20)  G(7) 
   2684841 725.18 || noQ Q (Avg,Max,Min) (2.37, 3.33, 1.07) (0.35, 0.16, 2.43) #fs:  18  -- #Conts: 27 H(19)  G(8) 
   2685037 709.41 || noQ Q (Avg,Max,Min) (2.34, 3.32, 1.07) (0.35, 0.16, 2.43) #fs:  18  -- #Conts: 27 H(18)  G(9) 
   2685542 693.65 || noQ Q (Avg,Max,Min) (2.30, 3.32, 1.07) (0.35, 0.16, 2.43) #fs:  18  -- #Conts: 27 H(17)  G(10) 
   2686239 677.88 || noQ Q (Avg,Max,Min) (2.27, 3.32, 1.07) (0.35, 0.16, 2.43) #fs:  18  -- #Conts: 27 H(16)  G(11) 
   2686272 662.12 || noQ Q (Avg,Max,Min) (2.23, 3.32, 1.07) (0.35, 0.16, 2.43) #fs:  18  -- #Conts: 27 H(15)  G(12) 
   2686324 646.35 || noQ Q (Avg,Max,Min) (2.19, 3.32, 1.07) (0.35, 0.16, 2.43) #fs:  18  -- #Conts: 27 H(14)  G(13) 
   2687701 630.59 || noQ Q (Avg,Max,Min) (2.16, 3.32, 1.07) (0.36, 0.17, 2.43) #fs:  18  -- #Conts: 27 H(13)  G(14) 
   2688098 614.82 || noQ Q (Avg,Max,Min) (2.12, 3.32, 1.07) (0.36, 0.17, 2.43) #fs:  18  -- #Conts: 27 H(12)  G(15) 
   2690328 599.06 || noQ Q (Avg,Max,Min) (2.09, 3.32, 1.06) (0.36, 0.17, 2.43) #fs:  18  -- #Conts: 27 H(11)  G(16) 
   2690356 583.29 || noQ Q (Avg,Max,Min) (2.05, 3.30, 1.06) (0.36, 0.17, 2.43) #fs:  18  -- #Conts: 27 H(10)  G(17) 
   2695759 567.53 || noQ Q (Avg,Max,Min) (2.01, 3.25, 1.06) (0.36, 0.20, 2.43) #fs:  18  -- #Conts: 27 H(9)  G(18) 
   2713882 536.00 || noQ Q (Avg,Max,Min) (2.04, 3.22, 1.05) (0.38, 0.20, 2.43) #fs:  16  -- #Conts: 26 H(8)  G(18) 
   2722633 520.24 || noQ Q (Avg,Max,Min) (2.04, 3.49, 1.04) (0.39, 0.20, 2.64) #fs:  17  -- #Conts: 25 H(8)  G(17) 
   2730762 504.47 || noQ Q (Avg,Max,Min) (2.06, 3.47, 1.04) (0.42, 0.20, 2.64) #fs:  17  -- #Conts: 23 H(9)  G(14) 
   2735866 457.18 || noQ Q (Avg,Max,Min) (2.11, 3.41, 1.04) (0.52, 0.20, 2.59) #fs:  18  -- #Conts: 18 H(11)  G(7) 
   2737527 425.65 || noQ Q (Avg,Max,Min) (2.08, 3.41, 1.38) (0.55, 0.20, 2.59) #fs:  18  -- #Conts: 17 H(10)  G(7) 
   2906638 394.12 || noQ Q (Avg,Max,Min) (2.16, 3.42, 1.25) (0.70, 0.20, 2.76) #fs:  17  -- #Conts: 13 H(12)  G(1) 
   2907756 378.35 || noQ Q (Avg,Max,Min) (2.17, 3.42, 1.25) (0.76, 0.33, 2.76) #fs:  17  -- #Conts: 12 H(12) 
   2914489 346.82 || noQ Q (Avg,Max,Min) (2.13, 3.41, 1.25) (0.83, 0.33, 2.76) #fs:  17  -- #Conts: 11 H(11) 
   2922701 315.29 || noQ Q (Avg,Max,Min) (2.04, 3.40, 1.24) (0.91, 0.33, 2.76) #fs:  17  -- #Conts: 10 H(10) 
   2924623 283.76 || noQ Q (Avg,Max,Min) (1.90, 3.40, 1.55) (1.01, 0.53, 2.76) #fs:  18  -- #Conts: 9 H(9) 
   3093500 252.24 || noQ Q (Avg,Max,Min) (1.76, 3.40, 1.42) (1.14, 0.82, 2.92) #fs:  17  -- #Conts: 8 H(8) 
   3421131 236.47 || noQ Q (Avg,Max,Min) (1.63, 3.08, 1.29) (1.17, 0.82, 2.92) #fs:  16  -- #Conts: 8 H(7)  G(1) 
   3543686 220.71 || noQ Q (Avg,Max,Min) (1.79, 2.83, 1.23) (0.77, 0.20, 2.79) #fs:  18  -- #Conts: 14 G(14) 
   3633990 173.41 || noQ Q (Avg,Max,Min) (1.56, 3.24, 1.19) (1.15, 0.83, 2.34) #fs:  19  -- #Conts: 9 H(2)  G(7) 
   3634682 157.65 || noQ Q (Avg,Max,Min) (1.61, 3.45, 1.19) (1.17, 0.91, 2.34) #fs:  19  -- #Conts: 9 H(1)  G(8) 
   3848694 141.88 || noQ Q (Avg,Max,Min) (1.56, 3.40, 1.16) (1.19, 0.91, 2.51) #fs:  19  -- #Conts: 9 G(9) 
   4465193 126.12 || noQ Q (Avg,Max,Min) (2.68, 3.85, 2.15) (2.20, 1.25, 3.18) #fs:   4  -- #Conts: 4 H(4) 
   4976866 094.59 || noQ Q (Avg,Max,Min) (2.98, 4.46, 2.21) (2.93, 2.21, 4.33) #fs:   2  -- #Conts: 3 H(3) 
   8713094 093.88 || noQ Q (Avg,Max,Min) (1.29, 2.19, 0.95) (1.14, 0.85, 2.13) #fs:  11  -- #Conts: 11 E(11) 
   9099018 092.00 || noQ Q (Avg,Max,Min) (1.17, 1.64, 0.92) (0.96, 0.87, 1.38) #fs:  17  -- #Conts: 14 C(14) 
  10550402 087.18 || noQ Q (Avg,Max,Min) (1.42, 1.98, 1.16) (1.24, 0.85, 1.94) #fs:   5  -- #Conts: 6 E(6) 
  34649214 087.00 || noQ Q (Avg,Max,Min) (1.01, 1.08, 0.87) (0.89, 0.79, 1.06) #fs:  16  -- #Conts: 17 A(17) 
  34703863 086.00 || noQ Q (Avg,Max,Min) (1.00, 1.08, 0.86) (0.91, 0.80, 1.06) #fs:  16  -- #Conts: 16 A(16) 
  34758811 085.00 || noQ Q (Avg,Max,Min) (1.00, 1.08, 0.86) (0.93, 0.80, 1.07) #fs:  16  -- #Conts: 15 A(15) 
  34795691 084.00 || noQ Q (Avg,Max,Min) (0.99, 1.08, 0.86) (0.96, 0.82, 1.07) #fs:  16  -- #Conts: 14 A(14) 
  35191139 083.00 || noQ Q (Avg,Max,Min) (1.02, 1.54, 0.88) (0.99, 0.85, 1.34) #fs:  15  -- #Conts: 15 A(15) 
  40415806 082.00 || noQ Q (Avg,Max,Min) (1.11, 1.54, 1.00) (0.95, 0.85, 1.34) #fs:   9  -- #Conts: 18 A(18) 
  45520680 080.00 || noQ Q (Avg,Max,Min) (1.12, 1.66, 1.00) (0.99, 0.86, 1.41) #fs:   9  -- #Conts: 15 A(14)  C(1) 
  45614249 079.00 || noQ Q (Avg,Max,Min) (1.09, 1.43, 1.00) (0.99, 0.86, 1.41) #fs:   9  -- #Conts: 15 A(15) 
/////////////////size: 48
   3612435 565.18 || noQ Q (Avg,Max,Min) (2.55, 4.50, 1.26) (0.48, 0.16, 2.41) #fs:   9  -- #Conts: 22 H(15)  G(5)  E(2) 
   3621909 549.41 || noQ Q (Avg,Max,Min) (2.52, 3.82, 1.26) (0.51, 0.16, 2.58) #fs:   9  -- #Conts: 21 H(15)  G(4)  E(2) 
   3633844 517.88 || noQ Q (Avg,Max,Min) (2.42, 3.80, 1.26) (0.50, 0.16, 2.58) #fs:   9  -- #Conts: 21 H(13)  G(6)  E(2) 
   3642762 436.71 || noQ Q (Avg,Max,Min) (2.14, 3.79, 1.26) (0.51, 0.16, 2.58) #fs:   9  -- #Conts: 22 H(8)  G(10)  E(4) 
   3673412 420.94 || noQ Q (Avg,Max,Min) (2.15, 4.44, 1.26) (0.54, 0.16, 2.57) #fs:   8  -- #Conts: 21 H(8)  G(9)  E(4) 
   3674424 405.18 || noQ Q (Avg,Max,Min) (2.10, 4.44, 1.26) (0.54, 0.16, 2.57) #fs:   8  -- #Conts: 21 H(7)  G(10)  E(4) 
   3719103 389.41 || noQ Q (Avg,Max,Min) (2.03, 3.67, 1.26) (0.54, 0.16, 2.58) #fs:   9  -- #Conts: 21 H(6)  G(11)  E(4) 
   3809404 364.59 || noQ Q (Avg,Max,Min) (2.20, 5.47, 1.21) (0.50, 0.20, 2.74) #fs:   6  -- #Conts: 23 H(3)  G(15)  E(5) 
   3824770 348.82 || noQ Q (Avg,Max,Min) (2.23, 5.47, 1.20) (0.52, 0.20, 2.57) #fs:   7  -- #Conts: 22 H(3)  G(14)  E(5) 
   3871463 333.06 || noQ Q (Avg,Max,Min) (2.04, 3.68, 1.21) (0.52, 0.20, 2.74) #fs:   7  -- #Conts: 22 H(2)  G(15)  E(5) 
   3886829 317.29 || noQ Q (Avg,Max,Min) (2.06, 4.21, 1.20) (0.54, 0.20, 2.57) #fs:   8  -- #Conts: 21 H(2)  G(14)  E(5) 
   3945528 310.59 || noQ Q (Avg,Max,Min) (2.58, 5.47, 1.21) (0.67, 0.20, 2.74) #fs:   7  -- #Conts: 17 H(5)  G(8)  E(4) 
   3948484 301.53 || noQ Q (Avg,Max,Min) (2.55, 5.47, 1.21) (0.68, 0.20, 2.90) #fs:   7  -- #Conts: 17 H(5)  G(7)  E(5) 
   3978820 294.82 || noQ Q (Avg,Max,Min) (2.37, 5.47, 1.21) (0.66, 0.20, 2.62) #fs:   8  -- #Conts: 16 H(4)  G(8)  E(4) 
   3984181 285.76 || noQ Q (Avg,Max,Min) (2.34, 5.47, 1.21) (0.67, 0.20, 2.74) #fs:   7  -- #Conts: 17 H(4)  G(8)  E(5) 
   3985917 279.06 || noQ Q (Avg,Max,Min) (2.40, 5.47, 1.21) (0.71, 0.20, 2.74) #fs:   7  -- #Conts: 16 H(4)  G(8)  E(4) 
   3988599 254.24 || noQ Q (Avg,Max,Min) (2.16, 5.47, 1.21) (0.71, 0.20, 2.74) #fs:   7  -- #Conts: 16 H(3)  G(8)  E(5) 
   3990335 247.53 || noQ Q (Avg,Max,Min) (2.20, 5.47, 1.21) (0.75, 0.20, 2.74) #fs:   7  -- #Conts: 15 H(3)  G(8)  E(4) 
   3993291 238.47 || noQ Q (Avg,Max,Min) (2.16, 5.47, 1.21) (0.76, 0.20, 2.90) #fs:   7  -- #Conts: 15 H(3)  G(7)  E(5) 
   4050658 222.71 || noQ Q (Avg,Max,Min) (1.92, 3.45, 1.14) (0.75, 0.20, 2.74) #fs:   8  -- #Conts: 15 H(2)  G(8)  E(5) 
   4052394 216.00 || noQ Q (Avg,Max,Min) (1.95, 3.45, 1.14) (0.81, 0.20, 2.74) #fs:   8  -- #Conts: 14 H(2)  G(8)  E(4) 
   4055350 206.94 || noQ Q (Avg,Max,Min) (1.91, 3.65, 1.14) (0.81, 0.20, 2.90) #fs:   8  -- #Conts: 14 H(2)  G(7)  E(5) 
   4119137 188.82 || noQ Q (Avg,Max,Min) (1.82, 3.57, 1.11) (0.83, 0.30, 2.90) #fs:   8  -- #Conts: 14 H(2)  G(5)  E(7) 
   4396137 186.47 || noQ Q (Avg,Max,Min) (1.79, 3.24, 1.08) (0.71, 0.30, 2.44) #fs:   7  -- #Conts: 17 G(8)  E(9) 
   4476227 179.41 || noQ Q (Avg,Max,Min) (1.64, 3.06, 1.05) (0.63, 0.30, 2.37) #fs:   7  -- #Conts: 20 G(5)  E(15) 
   4519473 172.94 || noQ Q (Avg,Max,Min) (2.30, 19.41, 1.04) (0.62, 0.30, 1.97) #fs:   5  -- #Conts: 22 G(4)  E(14)  C(4) 
   4685652 166.24 || noQ Q (Avg,Max,Min) (2.53, 22.47, 0.92) (0.64, 0.30, 1.84) #fs:   7  -- #Conts: 20 G(4)  E(12)  C(4) 
   4702418 159.53 || noQ Q (Avg,Max,Min) (2.49, 22.47, 0.59) (0.67, 0.30, 1.84) #fs:   7  -- #Conts: 20 G(4)  E(12)  C(4) 
   4844862 152.82 || noQ Q (Avg,Max,Min) (2.65, 22.47, 1.13) (0.70, 0.30, 1.84) #fs:   7  -- #Conts: 18 G(4)  E(10)  C(4) 
   5056190 150.47 || noQ Q (Avg,Max,Min) (1.55, 2.19, 1.01) (0.63, 0.30, 1.67) #fs:   7  -- #Conts: 19 G(3)  E(12)  C(4) 
   5072956 143.76 || noQ Q (Avg,Max,Min) (1.54, 2.49, 1.01) (0.71, 0.30, 2.41) #fs:   7  -- #Conts: 19 G(3)  E(12)  C(4) 
   5107069 125.88 || noQ Q (Avg,Max,Min) (1.49, 2.97, 1.21) (0.75, 0.44, 2.11) #fs:   6  -- #Conts: 14 G(3)  E(2)  C(9) 
   5592110 119.18 || noQ Q (Avg,Max,Min) (1.48, 2.63, 1.25) (0.79, 0.44, 2.04) #fs:   7  -- #Conts: 14 G(3)  E(2)  C(9) 
   5872923 112.47 || noQ Q (Avg,Max,Min) (2.51, 19.41, 1.02) (1.02, 0.44, 1.97) #fs:   9  -- #Conts: 15 G(4)  E(2)  C(9) 
   6268756 106.12 || noQ Q (Avg,Max,Min) (1.40, 2.18, 1.04) (0.92, 0.44, 1.89) #fs:   9  -- #Conts: 14 G(3)  E(3)  C(8) 
   6317186 103.41 || noQ Q (Avg,Max,Min) (1.40, 2.16, 1.03) (0.94, 0.44, 1.89) #fs:   9  -- #Conts: 14 G(3)  E(2)  C(9) 
   6498076 099.41 || noQ Q (Avg,Max,Min) (1.87, 9.16, 1.09) (1.08, 0.44, 2.10) #fs:   8  -- #Conts: 14 G(3)  E(3)  C(8) 
   6747689 091.18 || noQ Q (Avg,Max,Min) (1.61, 2.56, 0.95) (1.44, 0.50, 2.40) #fs:   6  -- #Conts: 7 G(3)  E(3)  C(1) 
   6811723 087.18 || noQ Q (Avg,Max,Min) (1.73, 2.76, 1.34) (1.44, 0.44, 2.61) #fs:   4  -- #Conts: 7 G(3)  E(3)  C(1) 
   7037453 080.47 || noQ Q (Avg,Max,Min) (1.72, 2.93, 0.90) (1.60, 0.61, 2.86) #fs:   4  -- #Conts: 6 G(3)  E(2)  C(1) 
  14170672 080.12 || noQ Q (Avg,Max,Min) (1.72, 2.14, 1.34) (1.49, 0.44, 1.83) #fs:   2  -- #Conts: 9 G(3)  A(1)  E(4)  C(1) 
  16227336 079.41 || noQ Q (Avg,Max,Min) (1.60, 1.87, 1.22) (1.49, 1.05, 1.83) #fs:   3  -- #Conts: 8 G(3)  A(1)  E(3)  C(1) 
  19159922 078.24 || noQ Q (Avg,Max,Min) (1.37, 1.88, 1.15) (1.18, 0.84, 1.84) #fs:   3  -- #Conts: 13 G(2)  A(5)  E(1)  C(5) 
  22213000 077.24 || noQ Q (Avg,Max,Min) (1.36, 1.88, 1.13) (1.17, 0.84, 1.84) #fs:   2  -- #Conts: 15 G(2)  A(6)  E(1)  C(6) 
  27435138 075.24 || noQ Q (Avg,Max,Min) (1.39, 1.88, 1.04) (1.26, 0.85, 1.84) #fs:   2  -- #Conts: 13 G(2)  A(4)  E(1)  C(6) 
  32791082 074.24 || noQ Q (Avg,Max,Min) (1.38, 1.88, 1.13) (1.31, 0.98, 1.84) #fs:   2  -- #Conts: 11 G(2)  A(3)  E(1)  C(5) 
  36103191 072.76 || noQ Q (Avg,Max,Min) (1.15, 1.91, 1.08) (1.11, 0.79, 1.85) #fs:   1  -- #Conts: 18 G(1)  A(17) 
/////////////////size: 47
nodes 50 edges 108
 mulT: 500 mulD: 5000  sumData GB 4689
pareto /MONTAGE.n.50.0.dax time -> 6840.0
moheft /MONTAGE.n.50.0.dax time -> 935.0
distance from M to C 5.594615054669311
distance from P to C 4.635150696441564
distance from C to M 14.421481314223461
distance from C to P 1.8942374869693401
toCompare: /MONTAGE.n.50.0.dax sumDataGB: 4689 mulT: 500 mulD: 5000 paretoOptTime_MS: 6840.0 MoheftOptimizationTime_MS: 935.0 MtoC 5.594615054669311 PtoC 4.635150696441564 CtoM 14.421481314223461 CtoP 1.8942374869693401
