specify -Dflow d,b,mt,md,size
Running /home/vaggelis/jc/CYBERSHAKE.n.50.0.dax mt 10000 md: 500 size null
  92192173 4051.53 || noQ Q (Avg,Max,Min) (1.08, 1.16, 0.95) (1.06, 0.94, 1.14) #fs:   5  -- #Conts: 15 H(14)  G(1) 
 101627925 4004.24 || noQ Q (Avg,Max,Min) (1.07, 1.15, 1.00) (0.91, 0.12, 1.15) #fs:   1  -- #Conts: 11 H(11) 
 154883488 3688.94 || noQ Q (Avg,Max,Min) (1.02, 1.09, 0.64) (0.96, 0.25, 1.09) #fs:   2  -- #Conts: 17 H(2)  G(15) 
 155142406 3578.59 || noQ Q (Avg,Max,Min) (1.04, 1.09, 0.64) (0.98, 0.25, 1.09) #fs:   1  -- #Conts: 17 H(1)  G(16) 
 155512723 3399.76 || noQ Q (Avg,Max,Min) (1.06, 1.09, 1.00) (1.00, 0.25, 1.09) #fs:   0  -- #Conts: 17 G(16)  E(1) 
 155796246 3384.00 || noQ Q (Avg,Max,Min) (1.06, 1.09, 1.00) (1.01, 0.25, 1.09) #fs:   0  -- #Conts: 17 G(16)  E(1) 
 346353675 3249.65 || noQ Q (Avg,Max,Min) (0.99, 1.04, 0.61) (0.96, 0.54, 1.04) #fs:   4  -- #Conts: 22 E(21)  C(1) 
/////////////////size: 7
  92003427 3828.12 || noQ Q (Avg,Max,Min) (1.05, 1.13, 0.80) (1.02, 0.78, 1.12) #fs:   8  -- #Conts: 19 H(6)  G(12)  E(1) 
  92040252 3812.35 || noQ Q (Avg,Max,Min) (1.05, 1.13, 0.79) (1.02, 0.78, 1.12) #fs:   7  -- #Conts: 19 H(6)  G(12)  E(1) 
  92065167 3780.82 || noQ Q (Avg,Max,Min) (1.07, 1.13, 0.87) (1.03, 0.85, 1.12) #fs:   6  -- #Conts: 19 H(6)  G(12)  E(1) 
  92178669 3749.29 || noQ Q (Avg,Max,Min) (1.08, 1.13, 1.00) (1.04, 0.91, 1.12) #fs:   4  -- #Conts: 19 H(6)  G(12)  E(1) 
  92208050 3717.76 || noQ Q (Avg,Max,Min) (1.08, 1.13, 1.01) (1.04, 0.91, 1.12) #fs:   6  -- #Conts: 19 H(6)  G(12)  E(1) 
  96022903 3706.35 || noQ Q (Avg,Max,Min) (1.06, 1.13, 0.96) (0.93, 0.01, 1.12) #fs:   4  -- #Conts: 22 H(6)  G(12)  E(4) 
  96044591 3674.82 || noQ Q (Avg,Max,Min) (1.06, 1.13, 0.96) (0.97, 0.37, 1.12) #fs:   4  -- #Conts: 21 H(5)  G(12)  E(4) 
  96325453 3672.12 || noQ Q (Avg,Max,Min) (1.06, 1.13, 0.99) (0.98, 0.39, 1.12) #fs:   4  -- #Conts: 21 H(5)  G(12)  E(3)  C(1) 
  96634780 3668.12 || noQ Q (Avg,Max,Min) (1.06, 1.13, 0.99) (1.00, 0.39, 1.12) #fs:   3  -- #Conts: 20 H(5)  G(12)  E(3) 
  96669497 3665.41 || noQ Q (Avg,Max,Min) (1.06, 1.13, 0.99) (1.01, 0.64, 1.12) #fs:   3  -- #Conts: 20 H(5)  G(12)  E(2)  C(1) 
  97040040 3662.71 || noQ Q (Avg,Max,Min) (1.06, 1.13, 0.99) (1.02, 0.68, 1.12) #fs:   3  -- #Conts: 20 H(5)  G(12)  E(1)  C(2) 
  97305973 3661.41 || noQ Q (Avg,Max,Min) (1.07, 1.13, 0.99) (1.05, 0.98, 1.12) #fs:   2  -- #Conts: 19 H(5)  G(12)  E(2) 
  97560567 3658.71 || noQ Q (Avg,Max,Min) (1.07, 1.13, 0.99) (1.05, 0.89, 1.12) #fs:   3  -- #Conts: 19 H(5)  G(12)  E(1)  C(1) 
  97714488 3654.00 || noQ Q (Avg,Max,Min) (1.07, 1.11, 1.04) (1.05, 0.99, 1.10) #fs:   3  -- #Conts: 18 H(4)  G(12)  E(2) 
  97911751 3638.24 || noQ Q (Avg,Max,Min) (1.07, 1.11, 1.02) (1.04, 0.94, 1.10) #fs:   2  -- #Conts: 18 H(4)  G(12)  E(2) 
  97942455 3622.47 || noQ Q (Avg,Max,Min) (1.08, 1.11, 1.04) (1.05, 0.99, 1.10) #fs:   1  -- #Conts: 18 H(4)  G(12)  E(2) 
  98636793 3613.41 || noQ Q (Avg,Max,Min) (1.07, 1.13, 1.00) (1.02, 0.37, 1.12) #fs:   2  -- #Conts: 18 H(4)  G(11)  E(3) 
  98637023 3603.65 || noQ Q (Avg,Max,Min) (1.06, 1.13, 1.00) (0.99, 0.37, 1.12) #fs:   4  -- #Conts: 20 H(4)  G(11)  A(1)  E(3)  C(1) 
  98984193 3599.65 || noQ Q (Avg,Max,Min) (1.07, 1.13, 1.00) (1.03, 0.37, 1.12) #fs:   4  -- #Conts: 19 H(4)  G(11)  A(1)  E(3) 
  99053627 3597.65 || noQ Q (Avg,Max,Min) (1.07, 1.13, 1.00) (1.04, 0.59, 1.12) #fs:   4  -- #Conts: 18 H(4)  G(11)  E(3) 
  99227212 3596.94 || noQ Q (Avg,Max,Min) (1.07, 1.13, 1.00) (1.03, 0.38, 1.12) #fs:   4  -- #Conts: 19 H(4)  G(11)  A(1)  E(2)  C(1) 
  99476017 3594.94 || noQ Q (Avg,Max,Min) (1.07, 1.13, 1.00) (1.04, 0.64, 1.12) #fs:   3  -- #Conts: 18 H(4)  G(11)  E(2)  C(1) 
  99574382 3592.94 || noQ Q (Avg,Max,Min) (1.07, 1.13, 1.00) (1.06, 1.00, 1.12) #fs:   4  -- #Conts: 18 H(4)  G(11)  A(1)  E(2) 
 104257005 3591.18 || noQ Q (Avg,Max,Min) (1.07, 1.13, 1.00) (1.03, 0.68, 1.12) #fs:   2  -- #Conts: 19 H(4)  G(10)  A(1)  E(2)  C(2) 
 104307956 3589.88 || noQ Q (Avg,Max,Min) (1.07, 1.13, 1.00) (1.05, 0.83, 1.12) #fs:   1  -- #Conts: 19 H(4)  G(10)  A(1)  E(3)  C(1) 
 110023173 3585.18 || noQ Q (Avg,Max,Min) (1.05, 1.11, 0.87) (0.99, 0.25, 1.10) #fs:   5  -- #Conts: 22 H(3)  G(15)  E(3)  C(1) 
 110052580 3573.41 || noQ Q (Avg,Max,Min) (1.05, 1.11, 0.84) (0.98, 0.25, 1.10) #fs:   5  -- #Conts: 23 H(3)  G(15)  E(3)  C(2) 
 110105998 3557.65 || noQ Q (Avg,Max,Min) (1.05, 1.11, 0.80) (0.99, 0.25, 1.10) #fs:   4  -- #Conts: 23 H(3)  G(15)  E(3)  C(2) 
 110175202 3553.65 || noQ Q (Avg,Max,Min) (1.05, 1.11, 0.76) (1.00, 0.25, 1.10) #fs:   4  -- #Conts: 22 H(3)  G(15)  E(3)  C(1) 
 110186775 3549.65 || noQ Q (Avg,Max,Min) (1.05, 1.11, 0.75) (1.00, 0.25, 1.10) #fs:   4  -- #Conts: 22 H(3)  G(15)  E(3)  C(1) 
 110353115 3541.88 || noQ Q (Avg,Max,Min) (1.06, 1.11, 0.98) (1.02, 0.65, 1.10) #fs:   2  -- #Conts: 22 H(2)  G(15)  E(3)  C(2) 
 110382295 3537.88 || noQ Q (Avg,Max,Min) (1.07, 1.11, 0.98) (1.03, 0.72, 1.10) #fs:   3  -- #Conts: 21 H(2)  G(15)  E(3)  C(1) 
 110537391 3522.12 || noQ Q (Avg,Max,Min) (1.07, 1.11, 1.00) (1.04, 0.72, 1.10) #fs:   1  -- #Conts: 21 H(2)  G(15)  E(3)  C(1) 
 110826085 3517.06 || noQ Q (Avg,Max,Min) (1.06, 1.11, 1.00) (1.00, 0.40, 1.10) #fs:   2  -- #Conts: 23 H(2)  G(15)  E(4)  C(2) 
 111877313 3514.35 || noQ Q (Avg,Max,Min) (1.06, 1.11, 0.95) (1.02, 0.67, 1.10) #fs:   2  -- #Conts: 22 H(2)  G(15)  E(3)  C(2) 
 112320411 3505.29 || noQ Q (Avg,Max,Min) (1.06, 1.13, 1.00) (0.98, 0.41, 1.12) #fs:   0  -- #Conts: 22 H(1)  G(15)  E(4)  C(2) 
 112573890 3498.59 || noQ Q (Avg,Max,Min) (1.07, 1.13, 1.00) (1.01, 0.48, 1.12) #fs:   0  -- #Conts: 21 H(1)  G(15)  E(3)  C(2) 
 112667579 3494.59 || noQ Q (Avg,Max,Min) (1.07, 1.13, 1.00) (1.04, 0.69, 1.12) #fs:   0  -- #Conts: 20 H(1)  G(15)  E(3)  C(1) 
 112939531 3490.59 || noQ Q (Avg,Max,Min) (1.07, 1.13, 1.00) (1.04, 0.71, 1.12) #fs:   0  -- #Conts: 20 H(1)  G(15)  E(3)  C(1) 
 113175652 3486.59 || noQ Q (Avg,Max,Min) (1.07, 1.13, 1.00) (1.04, 0.77, 1.12) #fs:   0  -- #Conts: 20 H(1)  G(15)  E(3)  C(1) 
 113292485 3482.59 || noQ Q (Avg,Max,Min) (1.07, 1.13, 1.02) (1.06, 0.97, 1.12) #fs:   0  -- #Conts: 19 H(1)  G(15)  E(3) 
 113697517 3480.24 || noQ Q (Avg,Max,Min) (1.07, 1.13, 1.00) (1.05, 0.93, 1.12) #fs:   4  -- #Conts: 19 H(1)  G(15)  E(2)  C(1) 
 113969469 3476.24 || noQ Q (Avg,Max,Min) (1.07, 1.13, 1.02) (1.06, 0.99, 1.12) #fs:   3  -- #Conts: 18 H(1)  G(15)  E(2) 
 117186203 3475.76 || noQ Q (Avg,Max,Min) (1.06, 1.10, 0.88) (1.04, 0.78, 1.09) #fs:   6  -- #Conts: 21 H(1)  G(14)  E(5)  C(1) 
 117525493 3471.76 || noQ Q (Avg,Max,Min) (1.06, 1.10, 1.00) (1.04, 0.71, 1.09) #fs:   4  -- #Conts: 21 H(1)  G(14)  E(5)  C(1) 
 117632109 3464.06 || noQ Q (Avg,Max,Min) (1.06, 1.12, 1.00) (1.04, 0.64, 1.10) #fs:   2  -- #Conts: 21 H(1)  G(14)  A(1)  E(4)  C(1) 
 119757104 3462.24 || noQ Q (Avg,Max,Min) (1.05, 1.13, 1.00) (0.97, 0.43, 1.12) #fs:   2  -- #Conts: 24 H(1)  G(11)  E(11)  C(1) 
 119912300 3459.53 || noQ Q (Avg,Max,Min) (1.05, 1.13, 1.00) (0.98, 0.53, 1.12) #fs:   3  -- #Conts: 24 H(1)  G(11)  E(10)  C(2) 
 120514213 3455.53 || noQ Q (Avg,Max,Min) (1.05, 1.13, 1.00) (1.01, 0.58, 1.12) #fs:   2  -- #Conts: 23 H(1)  G(11)  E(10)  C(1) 
 120581308 3452.82 || noQ Q (Avg,Max,Min) (1.05, 1.13, 1.00) (1.02, 0.69, 1.12) #fs:   2  -- #Conts: 23 H(1)  G(11)  E(9)  C(2) 
 120868403 3451.53 || noQ Q (Avg,Max,Min) (1.05, 1.13, 1.00) (1.01, 0.21, 1.12) #fs:   3  -- #Conts: 23 H(1)  G(11)  E(10)  C(1) 
 121650956 3448.53 || noQ Q (Avg,Max,Min) (1.05, 1.13, 1.00) (1.01, 0.25, 1.12) #fs:   2  -- #Conts: 23 H(1)  G(11)  A(1)  E(10) 
 133117815 3443.53 || noQ Q (Avg,Max,Min) (1.04, 1.09, 0.87) (0.97, 0.51, 1.09) #fs:   1  -- #Conts: 23 H(1)  G(9)  E(8)  C(5) 
 133425484 3441.53 || noQ Q (Avg,Max,Min) (1.04, 1.09, 0.86) (0.97, 0.51, 1.09) #fs:   1  -- #Conts: 24 H(1)  G(9)  A(1)  E(8)  C(5) 
 133900794 3439.53 || noQ Q (Avg,Max,Min) (1.04, 1.09, 1.00) (0.98, 0.64, 1.09) #fs:   0  -- #Conts: 23 H(1)  G(9)  E(8)  C(5) 
 134109589 3435.53 || noQ Q (Avg,Max,Min) (1.04, 1.09, 1.00) (0.99, 0.64, 1.09) #fs:   0  -- #Conts: 23 H(1)  G(9)  E(8)  C(5) 
 134448879 3433.53 || noQ Q (Avg,Max,Min) (1.04, 1.09, 1.00) (1.00, 0.67, 1.09) #fs:   0  -- #Conts: 23 H(1)  G(9)  A(1)  E(8)  C(4) 
 135036774 3432.53 || noQ Q (Avg,Max,Min) (1.04, 1.09, 1.00) (1.01, 0.70, 1.09) #fs:   0  -- #Conts: 23 H(1)  G(9)  A(2)  E(8)  C(3) 
 145762730 3430.59 || noQ Q (Avg,Max,Min) (1.03, 1.09, 0.99) (0.97, 0.03, 1.09) #fs:   2  -- #Conts: 25 H(1)  G(6)  A(4)  E(10)  C(4) 
 145848223 3423.88 || noQ Q (Avg,Max,Min) (1.04, 1.09, 0.99) (1.01, 0.70, 1.09) #fs:   2  -- #Conts: 24 H(1)  G(6)  A(4)  E(9)  C(4) 
 146364128 3422.88 || noQ Q (Avg,Max,Min) (1.04, 1.09, 0.99) (1.02, 0.70, 1.09) #fs:   2  -- #Conts: 23 H(1)  G(6)  A(3)  E(9)  C(4) 
 148240031 3421.12 || noQ Q (Avg,Max,Min) (1.02, 1.09, 0.93) (0.98, 0.55, 1.09) #fs:   4  -- #Conts: 25 H(1)  G(5)  A(5)  E(10)  C(4) 
 148511983 3419.12 || noQ Q (Avg,Max,Min) (1.03, 1.09, 0.93) (0.98, 0.63, 1.09) #fs:   3  -- #Conts: 24 H(1)  G(5)  A(4)  E(10)  C(4) 
 148535128 3417.12 || noQ Q (Avg,Max,Min) (1.03, 1.09, 0.99) (1.00, 0.63, 1.09) #fs:   2  -- #Conts: 24 H(1)  G(5)  A(4)  E(10)  C(4) 
 148743430 3416.12 || noQ Q (Avg,Max,Min) (1.03, 1.09, 0.93) (0.99, 0.69, 1.09) #fs:   4  -- #Conts: 23 H(1)  G(5)  A(3)  E(10)  C(4) 
 148951732 3415.12 || noQ Q (Avg,Max,Min) (1.03, 1.09, 0.99) (1.00, 0.75, 1.09) #fs:   2  -- #Conts: 23 H(1)  G(5)  A(3)  E(10)  C(4) 
 149119529 3413.12 || noQ Q (Avg,Max,Min) (1.03, 1.09, 0.99) (1.00, 0.79, 1.09) #fs:   2  -- #Conts: 23 H(1)  G(5)  A(3)  E(10)  C(4) 
 149304686 3411.12 || noQ Q (Avg,Max,Min) (1.03, 1.09, 0.97) (1.00, 0.80, 1.09) #fs:   4  -- #Conts: 22 H(1)  G(5)  A(2)  E(10)  C(4) 
 149327831 3410.12 || noQ Q (Avg,Max,Min) (1.03, 1.09, 1.00) (1.01, 0.80, 1.09) #fs:   2  -- #Conts: 23 H(1)  G(5)  A(3)  E(10)  C(4) 
 149599783 3408.12 || noQ Q (Avg,Max,Min) (1.03, 1.09, 1.00) (1.01, 0.80, 1.09) #fs:   1  -- #Conts: 22 H(1)  G(5)  A(2)  E(10)  C(4) 
 149960251 3407.12 || noQ Q (Avg,Max,Min) (1.03, 1.09, 1.00) (1.00, 0.70, 1.09) #fs:   2  -- #Conts: 23 H(1)  G(5)  A(3)  E(10)  C(4) 
 151346446 3406.12 || noQ Q (Avg,Max,Min) (1.03, 1.09, 1.00) (1.02, 0.80, 1.09) #fs:   1  -- #Conts: 22 H(1)  G(5)  A(2)  E(10)  C(4) 
 154677452 3382.00 || noQ Q (Avg,Max,Min) (1.05, 1.14, 1.00) (0.95, 0.12, 1.14) #fs:   0  -- #Conts: 23 H(1)  G(12)  E(7)  C(3) 
 154792239 3378.00 || noQ Q (Avg,Max,Min) (1.05, 1.14, 1.00) (0.96, 0.16, 1.14) #fs:   0  -- #Conts: 22 H(1)  G(12)  E(7)  C(2) 
 154920535 3374.00 || noQ Q (Avg,Max,Min) (1.05, 1.14, 1.00) (0.98, 0.19, 1.14) #fs:   0  -- #Conts: 21 H(1)  G(12)  E(7)  C(1) 
 155343925 3368.94 || noQ Q (Avg,Max,Min) (1.05, 1.14, 1.00) (0.97, 0.28, 1.14) #fs:   1  -- #Conts: 22 G(12)  E(8)  C(2) 
 155414358 3366.24 || noQ Q (Avg,Max,Min) (1.05, 1.14, 0.86) (1.00, 0.43, 1.14) #fs:   1  -- #Conts: 21 G(12)  E(7)  C(2) 
 155559010 3362.24 || noQ Q (Avg,Max,Min) (1.05, 1.14, 0.99) (1.01, 0.65, 1.14) #fs:   1  -- #Conts: 21 G(12)  E(7)  C(2) 
 155964027 3361.18 || noQ Q (Avg,Max,Min) (1.05, 1.14, 0.95) (0.98, 0.40, 1.14) #fs:   2  -- #Conts: 22 G(12)  E(7)  C(3) 
 156057050 3359.53 || noQ Q (Avg,Max,Min) (1.05, 1.14, 0.90) (1.01, 0.65, 1.14) #fs:   1  -- #Conts: 21 G(12)  E(6)  C(3) 
 156287360 3357.18 || noQ Q (Avg,Max,Min) (1.05, 1.14, 1.00) (1.00, 0.54, 1.14) #fs:   2  -- #Conts: 22 G(12)  E(7)  C(3) 
 156903602 3354.47 || noQ Q (Avg,Max,Min) (1.05, 1.14, 0.89) (1.02, 0.56, 1.14) #fs:   2  -- #Conts: 21 G(12)  E(6)  C(3) 
 161915340 3349.35 || noQ Q (Avg,Max,Min) (1.04, 1.09, 0.84) (0.95, 0.21, 1.07) #fs:   2  -- #Conts: 24 G(11)  A(1)  E(8)  C(4) 
 161970079 3345.35 || noQ Q (Avg,Max,Min) (1.03, 1.09, 0.83) (0.98, 0.31, 1.08) #fs:   3  -- #Conts: 23 G(11)  A(1)  E(8)  C(3) 
 162475200 3342.65 || noQ Q (Avg,Max,Min) (1.04, 1.09, 0.84) (0.99, 0.53, 1.08) #fs:   2  -- #Conts: 23 G(11)  A(1)  E(7)  C(4) 
 165553716 3331.47 || noQ Q (Avg,Max,Min) (1.03, 1.09, 0.84) (1.02, 0.79, 1.09) #fs:   4  -- #Conts: 22 G(9)  A(2)  E(8)  C(3) 
 167907190 3324.71 || noQ Q (Avg,Max,Min) (1.02, 1.09, 0.85) (0.96, 0.58, 1.09) #fs:   4  -- #Conts: 24 G(6)  A(3)  E(12)  C(3) 
 168596189 3323.29 || noQ Q (Avg,Max,Min) (1.00, 1.09, 0.67) (0.97, 0.59, 1.09) #fs:   6  -- #Conts: 24 G(6)  A(3)  E(10)  C(5) 
 168718579 3322.71 || noQ Q (Avg,Max,Min) (1.02, 1.09, 0.88) (0.96, 0.64, 1.09) #fs:   3  -- #Conts: 24 G(6)  A(3)  E(12)  C(3) 
 168770778 3319.71 || noQ Q (Avg,Max,Min) (1.02, 1.09, 0.88) (0.98, 0.64, 1.09) #fs:   3  -- #Conts: 23 G(6)  A(2)  E(12)  C(3) 
 168888224 3317.71 || noQ Q (Avg,Max,Min) (1.02, 1.09, 0.88) (1.00, 0.84, 1.09) #fs:   3  -- #Conts: 23 G(6)  A(3)  E(12)  C(2) 
 169110068 3316.71 || noQ Q (Avg,Max,Min) (1.03, 1.09, 0.97) (0.99, 0.70, 1.09) #fs:   2  -- #Conts: 23 G(6)  A(3)  E(12)  C(2) 
 183628423 3315.71 || noQ Q (Avg,Max,Min) (1.03, 1.09, 0.97) (1.01, 0.84, 1.09) #fs:   2  -- #Conts: 22 G(6)  A(2)  E(12)  C(2) 
 197137566 3314.41 || noQ Q (Avg,Max,Min) (1.03, 1.08, 1.00) (0.97, 0.06, 1.07) #fs:   0  -- #Conts: 24 G(6)  A(4)  E(9)  C(5) 
 197834622 3311.41 || noQ Q (Avg,Max,Min) (1.03, 1.08, 1.00) (1.01, 0.85, 1.07) #fs:   0  -- #Conts: 23 G(6)  A(4)  E(9)  C(4) 
 204513756 3307.65 || noQ Q (Avg,Max,Min) (1.02, 1.08, 0.78) (0.96, 0.19, 1.07) #fs:   1  -- #Conts: 19 G(3)  A(1)  E(11)  C(4) 
 204759954 3305.65 || noQ Q (Avg,Max,Min) (1.00, 1.08, 0.74) (0.96, 0.19, 1.07) #fs:   2  -- #Conts: 19 G(3)  A(1)  E(11)  C(4) 
 204974697 3301.65 || noQ Q (Avg,Max,Min) (1.00, 1.08, 0.72) (0.97, 0.25, 1.07) #fs:   2  -- #Conts: 19 G(3)  A(1)  E(11)  C(4) 
 205196541 3300.65 || noQ Q (Avg,Max,Min) (1.03, 1.08, 0.94) (0.98, 0.36, 1.07) #fs:   1  -- #Conts: 19 G(3)  A(1)  E(11)  C(4) 
 205196660 3297.65 || noQ Q (Avg,Max,Min) (1.03, 1.08, 1.00) (0.98, 0.36, 1.07) #fs:   0  -- #Conts: 19 G(3)  A(1)  E(11)  C(4) 
 205261910 3296.65 || noQ Q (Avg,Max,Min) (1.03, 1.08, 1.00) (0.98, 0.40, 1.07) #fs:   0  -- #Conts: 19 G(3)  A(1)  E(11)  C(4) 
 205477904 3291.88 || noQ Q (Avg,Max,Min) (1.01, 1.08, 0.72) (1.01, 0.71, 1.07) #fs:   2  -- #Conts: 18 G(2)  A(1)  E(11)  C(4) 
 207213627 3289.88 || noQ Q (Avg,Max,Min) (1.01, 1.08, 0.72) (0.97, 0.25, 1.07) #fs:   1  -- #Conts: 20 G(2)  A(3)  E(11)  C(4) 
 210851637 3285.00 || noQ Q (Avg,Max,Min) (1.03, 1.08, 1.00) (1.01, 0.83, 1.07) #fs:   0  -- #Conts: 19 G(2)  A(4)  E(11)  C(2) 
 211489153 3283.00 || noQ Q (Avg,Max,Min) (1.03, 1.08, 1.00) (1.02, 0.89, 1.07) #fs:   1  -- #Conts: 18 G(2)  A(3)  E(11)  C(2) 
 275157579 3271.06 || noQ Q (Avg,Max,Min) (1.02, 1.05, 0.96) (0.99, 0.69, 1.05) #fs:   1  -- #Conts: 19 G(1)  A(2)  E(12)  C(4) 
 275599500 3269.06 || noQ Q (Avg,Max,Min) (1.02, 1.05, 0.96) (1.00, 0.69, 1.05) #fs:   1  -- #Conts: 19 G(1)  A(2)  E(12)  C(4) 
 275724052 3268.06 || noQ Q (Avg,Max,Min) (1.02, 1.05, 0.96) (0.99, 0.70, 1.05) #fs:   2  -- #Conts: 20 G(1)  A(3)  E(12)  C(4) 
 275808295 3267.06 || noQ Q (Avg,Max,Min) (1.02, 1.05, 0.96) (1.00, 0.80, 1.05) #fs:   1  -- #Conts: 19 G(1)  A(2)  E(12)  C(4) 
 276134534 3265.06 || noQ Q (Avg,Max,Min) (1.02, 1.05, 0.96) (1.01, 0.88, 1.05) #fs:   1  -- #Conts: 19 G(1)  A(2)  E(12)  C(4) 
 276369427 3264.06 || noQ Q (Avg,Max,Min) (1.02, 1.05, 0.96) (1.01, 0.92, 1.05) #fs:   1  -- #Conts: 19 G(1)  A(2)  E(12)  C(4) 
 276917513 3263.06 || noQ Q (Avg,Max,Min) (1.02, 1.05, 0.95) (1.01, 0.88, 1.05) #fs:   2  -- #Conts: 18 G(1)  A(1)  E(12)  C(4) 
 277152406 3262.06 || noQ Q (Avg,Max,Min) (1.02, 1.05, 0.96) (1.01, 0.93, 1.05) #fs:   1  -- #Conts: 19 G(1)  A(2)  E(12)  C(4) 
 294444666 3261.71 || noQ Q (Avg,Max,Min) (1.02, 1.05, 1.00) (0.97, 0.64, 1.05) #fs:   0  -- #Conts: 20 G(1)  A(6)  E(10)  C(3) 
 302937242 3260.71 || noQ Q (Avg,Max,Min) (1.02, 1.05, 0.97) (1.00, 0.84, 1.05) #fs:   1  -- #Conts: 18 G(1)  A(5)  E(10)  C(2) 
 310505468 3258.71 || noQ Q (Avg,Max,Min) (1.02, 1.05, 1.00) (1.00, 0.83, 1.05) #fs:   0  -- #Conts: 18 G(1)  A(5)  E(10)  C(2) 
 370615846 3257.88 || noQ Q (Avg,Max,Min) (1.02, 1.05, 0.89) (0.96, 0.23, 1.05) #fs:   3  -- #Conts: 16 G(1)  A(3)  E(10)  C(2) 
 370681215 3253.88 || noQ Q (Avg,Max,Min) (1.02, 1.05, 1.00) (0.96, 0.27, 1.05) #fs:   1  -- #Conts: 16 G(1)  A(3)  E(10)  C(2) 
 371002882 3249.88 || noQ Q (Avg,Max,Min) (1.02, 1.05, 1.00) (0.98, 0.37, 1.05) #fs:   2  -- #Conts: 15 G(1)  A(2)  E(10)  C(2) 
 371274834 3247.88 || noQ Q (Avg,Max,Min) (1.02, 1.05, 1.00) (0.98, 0.44, 1.05) #fs:   1  -- #Conts: 15 G(1)  A(2)  E(10)  C(2) 
 371398825 3245.88 || noQ Q (Avg,Max,Min) (1.02, 1.05, 0.98) (0.98, 0.46, 1.05) #fs:   2  -- #Conts: 15 G(1)  A(2)  E(10)  C(2) 
 371737430 3243.82 || noQ Q (Avg,Max,Min) (1.02, 1.05, 1.00) (1.01, 0.93, 1.05) #fs:   1  -- #Conts: 15 A(3)  E(10)  C(2) 
 372332487 3240.82 || noQ Q (Avg,Max,Min) (1.03, 1.05, 1.00) (1.02, 0.98, 1.05) #fs:   1  -- #Conts: 14 A(2)  E(10)  C(2) 
 373212193 3239.82 || noQ Q (Avg,Max,Min) (1.02, 1.05, 0.93) (1.01, 0.91, 1.05) #fs:   2  -- #Conts: 14 A(2)  E(10)  C(2) 
 375398923 3237.82 || noQ Q (Avg,Max,Min) (1.02, 1.05, 1.00) (1.01, 0.95, 1.05) #fs:   0  -- #Conts: 15 A(3)  E(10)  C(2) 
 377276634 3234.82 || noQ Q (Avg,Max,Min) (1.02, 1.05, 0.94) (0.96, 0.21, 1.04) #fs:   2  -- #Conts: 15 A(2)  E(10)  C(3) 
 377497219 3231.82 || noQ Q (Avg,Max,Min) (1.02, 1.05, 0.94) (1.00, 0.88, 1.04) #fs:   2  -- #Conts: 15 A(3)  E(10)  C(2) 
 492148602 3230.53 || noQ Q (Avg,Max,Min) (1.02, 1.05, 1.00) (1.00, 0.83, 1.05) #fs:   0  -- #Conts: 13 A(4)  E(7)  C(2) 
 492402275 3229.53 || noQ Q (Avg,Max,Min) (1.02, 1.05, 1.00) (1.00, 0.83, 1.05) #fs:   0  -- #Conts: 12 A(3)  E(7)  C(2) 
 492741568 3228.53 || noQ Q (Avg,Max,Min) (1.02, 1.05, 1.00) (1.01, 0.94, 1.05) #fs:   0  -- #Conts: 12 A(3)  E(7)  C(2) 
 493185254 3227.53 || noQ Q (Avg,Max,Min) (1.02, 1.05, 1.00) (1.02, 0.99, 1.05) #fs:   0  -- #Conts: 11 A(2)  E(7)  C(2) 
/////////////////size: 131
nodes 50 edges 92
 mulT: 10000 mulD: 500  sumData GB 43151
pareto /CYBERSHAKE.n.50.0.dax time -> 1092.0
moheft /CYBERSHAKE.n.50.0.dax time -> 2103.0
distance from M to C 0.17954400087571348
distance from P to C 79.79454122335815
distance from C to M 0.06383948928409112
distance from C to P 42.54482787498901
toCompare: /CYBERSHAKE.n.50.0.dax sumDataGB: 43151 mulT: 10000 mulD: 500 paretoOptTime_MS: 1092.0 MoheftOptimizationTime_MS: 2103.0 MtoC 0.17954400087571348 PtoC 79.79454122335815 CtoM 0.06383948928409112 CtoP 42.54482787498901
