specify -Dflow d,b,mt,md,size
Running /home/vaggelis/jc/MONTAGE.n.100.0.dax mt 1000 md: 500 size null
   2724369 1954.82 || noQ Q (Avg,Max,Min) (1.01, 1.12, 0.68) (0.19, 0.11, 0.84) #fs:  31  -- #Conts: 62 H(62) 
   2976311 1481.88 || noQ Q (Avg,Max,Min) (0.98, 1.12, 0.60) (0.22, 0.11, 0.84) #fs:  30  -- #Conts: 61 H(33)  G(28) 
   2976695 1466.12 || noQ Q (Avg,Max,Min) (0.98, 1.12, 0.60) (0.22, 0.11, 0.84) #fs:  31  -- #Conts: 61 H(32)  G(29) 
   2977047 1450.35 || noQ Q (Avg,Max,Min) (0.97, 1.12, 0.60) (0.22, 0.11, 0.84) #fs:  31  -- #Conts: 61 H(31)  G(30) 
   2977789 1434.59 || noQ Q (Avg,Max,Min) (0.97, 1.12, 0.60) (0.22, 0.11, 0.84) #fs:  31  -- #Conts: 61 H(30)  G(31) 
   2977830 1418.82 || noQ Q (Avg,Max,Min) (0.97, 1.12, 0.60) (0.23, 0.11, 0.84) #fs:  31  -- #Conts: 61 H(29)  G(32) 
   2978307 1403.06 || noQ Q (Avg,Max,Min) (0.97, 1.12, 0.60) (0.23, 0.11, 0.84) #fs:  31  -- #Conts: 61 H(28)  G(33) 
   2978388 1387.29 || noQ Q (Avg,Max,Min) (0.97, 1.12, 0.60) (0.23, 0.11, 0.84) #fs:  31  -- #Conts: 61 H(27)  G(34) 
   2978521 1371.53 || noQ Q (Avg,Max,Min) (0.97, 1.12, 0.60) (0.23, 0.11, 0.84) #fs:  31  -- #Conts: 61 H(26)  G(35) 
   2978674 1355.76 || noQ Q (Avg,Max,Min) (0.97, 1.12, 0.61) (0.23, 0.11, 0.84) #fs:  30  -- #Conts: 60 H(26)  G(34) 
   2979600 1340.00 || noQ Q (Avg,Max,Min) (0.97, 1.12, 0.61) (0.23, 0.11, 0.84) #fs:  31  -- #Conts: 60 H(25)  G(35) 
   2979871 1324.24 || noQ Q (Avg,Max,Min) (0.97, 1.12, 0.61) (0.23, 0.11, 0.84) #fs:  31  -- #Conts: 60 H(24)  G(36) 
   2980565 1308.47 || noQ Q (Avg,Max,Min) (0.97, 1.12, 0.61) (0.23, 0.11, 0.84) #fs:  31  -- #Conts: 60 H(23)  G(37) 
   2980729 1292.71 || noQ Q (Avg,Max,Min) (0.97, 1.12, 0.61) (0.24, 0.11, 0.84) #fs:  31  -- #Conts: 60 H(22)  G(38) 
   2980824 1276.94 || noQ Q (Avg,Max,Min) (0.97, 1.12, 0.61) (0.24, 0.11, 0.84) #fs:  31  -- #Conts: 60 H(21)  G(39) 
   2981024 1261.18 || noQ Q (Avg,Max,Min) (0.97, 1.12, 0.61) (0.24, 0.11, 0.84) #fs:  31  -- #Conts: 60 H(20)  G(40) 
   2981134 1245.41 || noQ Q (Avg,Max,Min) (0.97, 1.12, 0.61) (0.24, 0.11, 0.84) #fs:  31  -- #Conts: 60 H(19)  G(41) 
   2981474 1229.65 || noQ Q (Avg,Max,Min) (0.97, 1.11, 0.61) (0.24, 0.11, 0.84) #fs:  31  -- #Conts: 60 H(18)  G(42) 
   2983892 1213.88 || noQ Q (Avg,Max,Min) (0.96, 1.11, 0.61) (0.24, 0.11, 0.84) #fs:  31  -- #Conts: 60 H(17)  G(43) 
   2986730 1198.12 || noQ Q (Avg,Max,Min) (0.96, 1.07, 0.61) (0.24, 0.18, 0.84) #fs:  31  -- #Conts: 60 H(16)  G(44) 
   3048625 1182.35 || noQ Q (Avg,Max,Min) (0.96, 1.07, 0.59) (0.25, 0.18, 0.84) #fs:  30  -- #Conts: 59 H(16)  G(43) 
   3052145 1166.59 || noQ Q (Avg,Max,Min) (0.96, 1.07, 0.59) (0.25, 0.18, 0.84) #fs:  31  -- #Conts: 58 H(16)  G(42) 
   3053810 1150.82 || noQ Q (Avg,Max,Min) (0.96, 1.07, 0.59) (0.25, 0.18, 0.84) #fs:  30  -- #Conts: 57 H(16)  G(41) 
   3056520 1135.06 || noQ Q (Avg,Max,Min) (0.96, 1.07, 0.60) (0.26, 0.18, 0.84) #fs:  30  -- #Conts: 56 H(16)  G(40) 
   3060600 1119.29 || noQ Q (Avg,Max,Min) (0.96, 1.07, 0.60) (0.26, 0.18, 0.84) #fs:  31  -- #Conts: 55 H(16)  G(39) 
   3061922 1103.53 || noQ Q (Avg,Max,Min) (0.97, 1.07, 0.60) (0.26, 0.18, 0.84) #fs:  30  -- #Conts: 54 H(16)  G(38) 
   3062793 1087.76 || noQ Q (Avg,Max,Min) (0.96, 1.30, 0.59) (0.27, 0.18, 1.11) #fs:  31  -- #Conts: 53 H(16)  G(37) 
   3063734 1072.00 || noQ Q (Avg,Max,Min) (0.97, 1.12, 0.59) (0.27, 0.18, 0.95) #fs:  31  -- #Conts: 52 H(16)  G(36) 
   3064206 1040.47 || noQ Q (Avg,Max,Min) (0.97, 1.12, 0.59) (0.28, 0.18, 0.95) #fs:  31  -- #Conts: 50 H(16)  G(34) 
   3064664 1024.71 || noQ Q (Avg,Max,Min) (0.97, 1.12, 0.59) (0.28, 0.18, 0.95) #fs:  31  -- #Conts: 49 H(16)  G(33) 
   3065164 1008.94 || noQ Q (Avg,Max,Min) (0.97, 1.12, 0.60) (0.29, 0.18, 0.95) #fs:  31  -- #Conts: 48 H(16)  G(32) 
   3066335 977.41 || noQ Q (Avg,Max,Min) (0.98, 1.12, 0.75) (0.30, 0.18, 0.95) #fs:  31  -- #Conts: 46 H(16)  G(30) 
   3349375 945.88 || noQ Q (Avg,Max,Min) (0.92, 1.12, 0.68) (0.38, 0.22, 0.95) #fs:  30  -- #Conts: 30 H(30) 
   3413444 898.59 || noQ Q (Avg,Max,Min) (0.91, 1.12, 0.67) (0.40, 0.19, 0.95) #fs:  31  -- #Conts: 29 H(28)  G(1) 
   3416553 867.06 || noQ Q (Avg,Max,Min) (0.92, 1.12, 0.67) (0.41, 0.19, 0.95) #fs:  30  -- #Conts: 28 H(27)  G(1) 
   3419794 835.53 || noQ Q (Avg,Max,Min) (0.92, 1.12, 0.67) (0.43, 0.19, 0.95) #fs:  30  -- #Conts: 27 H(26)  G(1) 
   3423012 804.00 || noQ Q (Avg,Max,Min) (0.92, 1.12, 0.67) (0.44, 0.19, 1.06) #fs:  31  -- #Conts: 26 H(25)  G(1) 
   3424189 772.47 || noQ Q (Avg,Max,Min) (0.93, 1.12, 0.67) (0.46, 0.19, 1.06) #fs:  30  -- #Conts: 25 H(24)  G(1) 
   3431375 725.18 || noQ Q (Avg,Max,Min) (0.93, 1.11, 0.80) (0.50, 0.22, 1.06) #fs:  30  -- #Conts: 23 H(23) 
   3441090 677.88 || noQ Q (Avg,Max,Min) (0.91, 1.11, 0.80) (0.52, 0.19, 1.06) #fs:  32  -- #Conts: 22 H(21)  G(1) 
   3447698 662.12 || noQ Q (Avg,Max,Min) (0.90, 1.11, 0.80) (0.55, 0.22, 1.06) #fs:  31  -- #Conts: 21 H(21) 
   3778887 630.59 || noQ Q (Avg,Max,Min) (0.85, 1.11, 0.72) (0.58, 0.33, 0.85) #fs:  30  -- #Conts: 19 H(19) 
   3779924 599.06 || noQ Q (Avg,Max,Min) (0.85, 1.27, 0.72) (0.60, 0.33, 0.69) #fs:  31  -- #Conts: 18 H(18) 
   3783212 567.53 || noQ Q (Avg,Max,Min) (0.86, 1.11, 0.72) (0.64, 0.34, 0.85) #fs:  31  -- #Conts: 17 H(17) 
   3796916 536.00 || noQ Q (Avg,Max,Min) (0.87, 1.11, 0.72) (0.68, 0.58, 0.86) #fs:  30  -- #Conts: 16 H(16) 
   4613652 504.47 || noQ Q (Avg,Max,Min) (0.88, 1.07, 0.68) (0.74, 0.46, 1.02) #fs:  21  -- #Conts: 15 H(15) 
   5833690 488.71 || noQ Q (Avg,Max,Min) (0.88, 1.05, 0.58) (0.67, 0.48, 1.01) #fs:  27  -- #Conts: 21 H(1)  G(20) 
   5873259 457.18 || noQ Q (Avg,Max,Min) (0.91, 1.05, 0.58) (0.71, 0.48, 1.01) #fs:  25  -- #Conts: 21 H(1)  G(20) 
   6443229 425.65 || noQ Q (Avg,Max,Min) (0.92, 1.05, 0.58) (0.72, 0.48, 1.01) #fs:  25  -- #Conts: 21 G(21) 
   7020552 409.88 || noQ Q (Avg,Max,Min) (0.90, 1.04, 0.75) (0.78, 0.57, 1.04) #fs:  26  -- #Conts: 17 G(17) 
   7030868 394.12 || noQ Q (Avg,Max,Min) (0.92, 1.04, 0.75) (0.80, 0.58, 1.04) #fs:  25  -- #Conts: 17 G(17) 
   7647816 378.35 || noQ Q (Avg,Max,Min) (0.95, 1.05, 0.71) (0.84, 0.49, 1.04) #fs:  23  -- #Conts: 17 G(17) 
  57563375 327.00 || noQ Q (Avg,Max,Min) (1.00, 1.03, 0.55) (0.95, 0.49, 1.00) #fs:   7  -- #Conts: 77 A(69)  C(8) 
  57573205 326.00 || noQ Q (Avg,Max,Min) (1.00, 1.03, 0.54) (0.95, 0.49, 1.00) #fs:   7  -- #Conts: 77 A(70)  C(7) 
  57583451 325.00 || noQ Q (Avg,Max,Min) (1.00, 1.03, 0.54) (0.96, 0.49, 1.01) #fs:   7  -- #Conts: 77 A(71)  C(6) 
  57593401 324.00 || noQ Q (Avg,Max,Min) (1.00, 1.03, 0.54) (0.96, 0.49, 1.01) #fs:   7  -- #Conts: 77 A(72)  C(5) 
  76090857 323.00 || noQ Q (Avg,Max,Min) (1.00, 1.01, 0.67) (0.97, 0.65, 1.01) #fs:   9  -- #Conts: 75 A(75) 
  76120678 318.00 || noQ Q (Avg,Max,Min) (1.00, 1.03, 0.67) (0.97, 0.65, 1.01) #fs:   8  -- #Conts: 76 A(76) 
  76120915 314.00 || noQ Q (Avg,Max,Min) (1.00, 1.03, 1.00) (0.97, 0.71, 1.01) #fs:   6  -- #Conts: 77 A(76)  C(1) 
  86520633 313.00 || noQ Q (Avg,Max,Min) (1.00, 1.02, 1.00) (0.97, 0.76, 1.01) #fs:   6  -- #Conts: 75 A(75) 
  86610858 312.00 || noQ Q (Avg,Max,Min) (1.00, 1.02, 1.00) (0.98, 0.77, 1.01) #fs:   6  -- #Conts: 74 A(74) 
  87130862 310.00 || noQ Q (Avg,Max,Min) (1.00, 1.02, 1.00) (0.98, 0.95, 1.01) #fs:   6  -- #Conts: 73 A(73) 
/////////////////size: 62
   3090697 2049.41 || noQ Q (Avg,Max,Min) (1.00, 1.18, 0.61) (0.18, 0.11, 1.01) #fs:  21  -- #Conts: 73 H(57)  G(16) 
   3114797 2017.88 || noQ Q (Avg,Max,Min) (1.00, 1.29, 0.61) (0.18, 0.11, 1.12) #fs:  21  -- #Conts: 72 H(56)  G(16) 
   3226303 2002.12 || noQ Q (Avg,Max,Min) (0.99, 1.33, 0.56) (0.18, 0.11, 0.87) #fs:  22  -- #Conts: 71 H(56)  G(15) 
   3228894 1986.35 || noQ Q (Avg,Max,Min) (0.99, 1.32, 0.56) (0.19, 0.11, 0.87) #fs:  22  -- #Conts: 70 H(56)  G(14) 
   3232304 1970.59 || noQ Q (Avg,Max,Min) (0.99, 1.32, 0.56) (0.19, 0.11, 0.87) #fs:  22  -- #Conts: 69 H(56)  G(13) 
   3236139 1954.82 || noQ Q (Avg,Max,Min) (0.99, 1.32, 0.56) (0.19, 0.11, 0.87) #fs:  22  -- #Conts: 68 H(56)  G(12) 
   3238730 1939.06 || noQ Q (Avg,Max,Min) (0.99, 1.32, 0.56) (0.19, 0.11, 0.87) #fs:  22  -- #Conts: 67 H(56)  G(11) 
   3242060 1907.53 || noQ Q (Avg,Max,Min) (0.99, 1.32, 0.56) (0.20, 0.11, 0.87) #fs:  22  -- #Conts: 66 H(55)  G(11) 
   3273288 1891.76 || noQ Q (Avg,Max,Min) (0.98, 1.30, 0.55) (0.20, 0.11, 0.87) #fs:  22  -- #Conts: 66 H(54)  G(12) 
   3279721 1860.24 || noQ Q (Avg,Max,Min) (0.98, 1.30, 0.54) (0.20, 0.11, 0.87) #fs:  22  -- #Conts: 65 H(53)  G(12) 
   3280500 1812.94 || noQ Q (Avg,Max,Min) (0.98, 1.30, 0.54) (0.21, 0.11, 0.87) #fs:  22  -- #Conts: 63 H(52)  G(11) 
   3284442 1781.41 || noQ Q (Avg,Max,Min) (0.97, 1.29, 0.54) (0.22, 0.11, 0.87) #fs:  22  -- #Conts: 62 H(51)  G(11) 
   3288552 1749.88 || noQ Q (Avg,Max,Min) (0.97, 1.29, 0.54) (0.22, 0.11, 0.87) #fs:  22  -- #Conts: 61 H(50)  G(11) 
   3290828 1734.12 || noQ Q (Avg,Max,Min) (0.97, 1.29, 0.54) (0.22, 0.11, 0.87) #fs:  22  -- #Conts: 61 H(49)  G(12) 
   3291847 1718.35 || noQ Q (Avg,Max,Min) (0.97, 1.29, 0.54) (0.22, 0.11, 0.87) #fs:  22  -- #Conts: 61 H(48)  G(13) 
   3294401 1702.59 || noQ Q (Avg,Max,Min) (0.97, 1.29, 0.54) (0.22, 0.11, 0.87) #fs:  22  -- #Conts: 61 H(47)  G(14) 
   3306863 1686.82 || noQ Q (Avg,Max,Min) (0.96, 1.28, 0.54) (0.22, 0.11, 0.87) #fs:  22  -- #Conts: 61 H(46)  G(15) 
   3307357 1671.06 || noQ Q (Avg,Max,Min) (0.96, 1.28, 0.54) (0.23, 0.11, 0.87) #fs:  22  -- #Conts: 61 H(45)  G(16) 
   3313121 1655.29 || noQ Q (Avg,Max,Min) (0.96, 1.28, 0.53) (0.23, 0.11, 0.87) #fs:  22  -- #Conts: 61 H(44)  G(17) 
   3313758 1639.53 || noQ Q (Avg,Max,Min) (0.96, 1.28, 0.53) (0.23, 0.11, 0.87) #fs:  22  -- #Conts: 61 H(43)  G(18) 
   3316705 1623.76 || noQ Q (Avg,Max,Min) (0.96, 1.28, 0.53) (0.23, 0.11, 0.87) #fs:  22  -- #Conts: 61 H(42)  G(19) 
   3318579 1608.00 || noQ Q (Avg,Max,Min) (0.96, 1.28, 0.53) (0.23, 0.11, 0.87) #fs:  22  -- #Conts: 61 H(41)  G(20) 
   3319732 1560.71 || noQ Q (Avg,Max,Min) (0.96, 1.27, 0.53) (0.23, 0.11, 0.87) #fs:  22  -- #Conts: 61 H(38)  G(23) 
   3321757 1529.18 || noQ Q (Avg,Max,Min) (0.95, 1.27, 0.53) (0.24, 0.11, 0.87) #fs:  22  -- #Conts: 61 H(36)  G(25) 
   3323651 1513.41 || noQ Q (Avg,Max,Min) (0.95, 1.27, 0.53) (0.24, 0.11, 0.87) #fs:  22  -- #Conts: 61 H(35)  G(26) 
   3324182 1497.65 || noQ Q (Avg,Max,Min) (0.95, 1.27, 0.53) (0.24, 0.11, 0.87) #fs:  22  -- #Conts: 61 H(34)  G(27) 
   3325510 1481.88 || noQ Q (Avg,Max,Min) (0.95, 1.27, 0.53) (0.24, 0.11, 0.87) #fs:  22  -- #Conts: 61 H(33)  G(28) 
   3327494 1450.35 || noQ Q (Avg,Max,Min) (0.95, 1.27, 0.53) (0.24, 0.11, 0.87) #fs:  25  -- #Conts: 61 H(31)  G(30) 
   3328274 1403.06 || noQ Q (Avg,Max,Min) (0.95, 1.27, 0.53) (0.25, 0.11, 0.87) #fs:  25  -- #Conts: 61 H(28)  G(33) 
   3328645 1355.76 || noQ Q (Avg,Max,Min) (0.94, 1.27, 0.53) (0.25, 0.11, 0.87) #fs:  25  -- #Conts: 61 H(25)  G(36) 
   3329551 1324.24 || noQ Q (Avg,Max,Min) (0.94, 1.21, 0.53) (0.25, 0.11, 1.12) #fs:  25  -- #Conts: 61 H(23)  G(38) 
   3329854 1292.71 || noQ Q (Avg,Max,Min) (0.94, 1.21, 0.53) (0.25, 0.11, 1.12) #fs:  25  -- #Conts: 61 H(21)  G(40) 
   3330064 1276.94 || noQ Q (Avg,Max,Min) (0.93, 1.21, 0.53) (0.26, 0.11, 1.12) #fs:  25  -- #Conts: 61 H(20)  G(41) 
   3331412 1261.18 || noQ Q (Avg,Max,Min) (0.93, 1.21, 0.53) (0.26, 0.11, 1.12) #fs:  25  -- #Conts: 61 H(19)  G(42) 
   3334088 1245.41 || noQ Q (Avg,Max,Min) (0.93, 1.21, 0.53) (0.26, 0.11, 1.12) #fs:  25  -- #Conts: 61 H(18)  G(43) 
   3336165 1229.65 || noQ Q (Avg,Max,Min) (0.94, 1.22, 0.53) (0.26, 0.12, 1.12) #fs:  24  -- #Conts: 62 H(16)  G(46) 
   3530892 1198.12 || noQ Q (Avg,Max,Min) (0.94, 1.07, 0.53) (0.26, 0.18, 0.85) #fs:  25  -- #Conts: 61 H(15)  G(46) 
   3568395 1056.24 || noQ Q (Avg,Max,Min) (1.00, 1.22, 0.53) (0.28, 0.12, 1.01) #fs:  32  -- #Conts: 63 H(4)  G(59) 
   3572433 1040.47 || noQ Q (Avg,Max,Min) (1.00, 1.22, 0.53) (0.29, 0.12, 1.01) #fs:  32  -- #Conts: 63 H(3)  G(60) 
   3578436 1024.71 || noQ Q (Avg,Max,Min) (1.01, 1.22, 0.79) (0.29, 0.12, 1.01) #fs:  32  -- #Conts: 63 H(2)  G(61) 
   3637027 1008.94 || noQ Q (Avg,Max,Min) (0.99, 1.07, 0.34) (0.29, 0.18, 0.99) #fs:  34  -- #Conts: 62 H(2)  G(60) 
   3683563 993.18 || noQ Q (Avg,Max,Min) (0.99, 1.07, 0.28) (0.30, 0.18, 0.99) #fs:  34  -- #Conts: 62 H(1)  G(61) 
   4115146 957.88 || noQ Q (Avg,Max,Min) (1.08, 1.47, 1.00) (0.39, 0.12, 0.76) #fs:  17  -- #Conts: 62 H(16)  G(16)  E(30) 
   4309873 926.35 || noQ Q (Avg,Max,Min) (1.07, 1.49, 0.81) (0.39, 0.12, 0.77) #fs:  18  -- #Conts: 61 H(15)  G(16)  E(30) 
   4315790 894.82 || noQ Q (Avg,Max,Min) (1.07, 1.49, 0.81) (0.40, 0.12, 0.78) #fs:  19  -- #Conts: 60 H(14)  G(16)  E(30) 
   4317454 863.29 || noQ Q (Avg,Max,Min) (1.06, 1.49, 0.81) (0.41, 0.12, 0.78) #fs:  20  -- #Conts: 59 H(13)  G(16)  E(30) 
   4320391 831.76 || noQ Q (Avg,Max,Min) (1.05, 1.48, 0.81) (0.42, 0.12, 0.78) #fs:  21  -- #Conts: 58 H(12)  G(16)  E(30) 
   4321600 800.24 || noQ Q (Avg,Max,Min) (1.05, 1.48, 0.81) (0.42, 0.12, 0.78) #fs:  22  -- #Conts: 57 H(11)  G(16)  E(30) 
   4323813 768.71 || noQ Q (Avg,Max,Min) (1.04, 1.48, 0.81) (0.43, 0.12, 0.78) #fs:  23  -- #Conts: 56 H(10)  G(16)  E(30) 
   4326144 705.65 || noQ Q (Avg,Max,Min) (1.02, 1.48, 0.81) (0.45, 0.12, 0.78) #fs:  25  -- #Conts: 54 H(8)  G(16)  E(30) 
   4326753 674.12 || noQ Q (Avg,Max,Min) (1.02, 1.48, 0.81) (0.46, 0.12, 0.78) #fs:  26  -- #Conts: 53 H(7)  G(16)  E(30) 
   4327334 642.59 || noQ Q (Avg,Max,Min) (1.01, 1.48, 0.81) (0.47, 0.12, 0.78) #fs:  27  -- #Conts: 52 H(6)  G(16)  E(30) 
   4327937 611.06 || noQ Q (Avg,Max,Min) (1.00, 1.48, 0.81) (0.48, 0.12, 0.78) #fs:  28  -- #Conts: 51 H(5)  G(16)  E(30) 
   4329143 579.53 || noQ Q (Avg,Max,Min) (0.99, 1.47, 0.81) (0.49, 0.12, 0.78) #fs:  29  -- #Conts: 50 H(4)  G(16)  E(30) 
   4332102 548.00 || noQ Q (Avg,Max,Min) (0.98, 1.32, 0.81) (0.50, 0.12, 0.78) #fs:  30  -- #Conts: 49 H(3)  G(16)  E(30) 
   4335469 516.47 || noQ Q (Avg,Max,Min) (0.98, 1.32, 0.81) (0.52, 0.13, 0.78) #fs:  31  -- #Conts: 48 H(2)  G(16)  E(30) 
   4340727 484.94 || noQ Q (Avg,Max,Min) (0.97, 1.31, 0.81) (0.53, 0.39, 0.78) #fs:  32  -- #Conts: 47 H(1)  G(16)  E(30) 
   5997331 481.18 || noQ Q (Avg,Max,Min) (0.96, 1.35, 0.76) (0.66, 0.48, 1.00) #fs:  29  -- #Conts: 22 H(1)  G(15)  C(6) 
   6004405 465.41 || noQ Q (Avg,Max,Min) (0.97, 1.35, 0.76) (0.68, 0.48, 1.00) #fs:  28  -- #Conts: 22 H(1)  G(15)  C(6) 
   6009034 449.65 || noQ Q (Avg,Max,Min) (0.98, 1.35, 0.76) (0.70, 0.48, 1.00) #fs:  27  -- #Conts: 22 H(1)  G(15)  C(6) 
   6013635 433.88 || noQ Q (Avg,Max,Min) (0.98, 1.35, 0.76) (0.72, 0.48, 1.00) #fs:  26  -- #Conts: 22 H(1)  G(15)  C(6) 
   6014844 418.12 || noQ Q (Avg,Max,Min) (0.99, 1.35, 0.76) (0.75, 0.48, 1.00) #fs:  25  -- #Conts: 22 H(1)  G(15)  C(6) 
   6017635 402.35 || noQ Q (Avg,Max,Min) (1.00, 1.35, 0.79) (0.77, 0.50, 1.01) #fs:  24  -- #Conts: 22 H(1)  G(15)  C(6) 
   6126523 398.35 || noQ Q (Avg,Max,Min) (1.00, 1.33, 0.80) (0.78, 0.58, 1.01) #fs:  24  -- #Conts: 21 H(1)  G(15)  C(5) 
   6164461 394.35 || noQ Q (Avg,Max,Min) (1.00, 1.33, 0.79) (0.79, 0.58, 1.01) #fs:  24  -- #Conts: 20 H(1)  G(15)  C(4) 
   6165687 390.35 || noQ Q (Avg,Max,Min) (1.00, 1.33, 0.89) (0.80, 0.58, 1.01) #fs:  24  -- #Conts: 19 H(1)  G(15)  C(3) 
   6227776 386.59 || noQ Q (Avg,Max,Min) (1.01, 1.40, 0.81) (0.79, 0.58, 1.13) #fs:  22  -- #Conts: 22 H(1)  G(15)  C(6) 
   6286428 385.29 || noQ Q (Avg,Max,Min) (1.00, 1.27, 0.79) (0.79, 0.40, 1.01) #fs:  23  -- #Conts: 21 H(1)  G(15)  E(1)  C(4) 
   6287654 381.29 || noQ Q (Avg,Max,Min) (1.01, 1.27, 0.91) (0.80, 0.40, 1.01) #fs:  23  -- #Conts: 20 H(1)  G(15)  E(1)  C(3) 
   6304685 378.94 || noQ Q (Avg,Max,Min) (1.02, 1.26, 0.91) (0.78, 0.40, 1.01) #fs:  22  -- #Conts: 22 H(1)  G(15)  E(3)  C(3) 
   6313811 376.59 || noQ Q (Avg,Max,Min) (1.03, 1.26, 0.91) (0.76, 0.40, 1.01) #fs:  21  -- #Conts: 24 H(1)  G(15)  E(5)  C(3) 
   6324268 374.24 || noQ Q (Avg,Max,Min) (1.03, 1.25, 0.91) (0.74, 0.40, 1.01) #fs:  20  -- #Conts: 26 H(1)  G(15)  E(7)  C(3) 
   6325403 371.88 || noQ Q (Avg,Max,Min) (1.04, 1.25, 0.91) (0.73, 0.40, 1.01) #fs:  19  -- #Conts: 28 H(1)  G(15)  E(9)  C(3) 
   6328230 369.53 || noQ Q (Avg,Max,Min) (1.04, 1.25, 0.91) (0.72, 0.40, 1.01) #fs:  18  -- #Conts: 30 H(1)  G(15)  E(11)  C(3) 
   6337420 367.18 || noQ Q (Avg,Max,Min) (1.05, 1.25, 1.00) (0.71, 0.40, 1.01) #fs:  17  -- #Conts: 32 H(1)  G(15)  E(13)  C(3) 
   6338667 365.18 || noQ Q (Avg,Max,Min) (1.04, 1.40, 0.91) (0.75, 0.41, 1.13) #fs:  18  -- #Conts: 27 H(1)  G(15)  E(8)  C(3) 
   6342402 362.82 || noQ Q (Avg,Max,Min) (1.05, 1.40, 0.91) (0.74, 0.41, 1.13) #fs:  17  -- #Conts: 29 H(1)  G(15)  E(10)  C(3) 
   6347499 360.47 || noQ Q (Avg,Max,Min) (1.05, 1.40, 1.00) (0.72, 0.41, 1.13) #fs:  16  -- #Conts: 31 H(1)  G(15)  E(12)  C(3) 
   6695864 358.47 || noQ Q (Avg,Max,Min) (1.04, 1.38, 0.91) (0.77, 0.41, 1.25) #fs:  18  -- #Conts: 26 H(1)  G(15)  E(7)  C(3) 
   6699599 356.12 || noQ Q (Avg,Max,Min) (1.05, 1.38, 0.91) (0.75, 0.41, 1.25) #fs:  17  -- #Conts: 28 H(1)  G(15)  E(9)  C(3) 
   6742868 351.76 || noQ Q (Avg,Max,Min) (1.04, 1.36, 0.91) (0.78, 0.41, 1.25) #fs:  19  -- #Conts: 25 H(1)  G(15)  E(6)  C(3) 
   6748785 345.06 || noQ Q (Avg,Max,Min) (1.04, 1.36, 0.94) (0.80, 0.41, 1.25) #fs:  19  -- #Conts: 24 H(1)  G(15)  E(5)  C(3) 
   7139217 338.35 || noQ Q (Avg,Max,Min) (1.04, 1.37, 0.79) (0.83, 0.41, 1.35) #fs:  19  -- #Conts: 23 H(1)  G(15)  E(4)  C(3) 
   9107275 338.24 || noQ Q (Avg,Max,Min) (1.04, 1.41, 0.88) (0.85, 0.04, 1.08) #fs:  20  -- #Conts: 23 H(1)  G(16)  E(1)  C(5) 
   9128068 326.71 || noQ Q (Avg,Max,Min) (1.03, 1.36, 0.88) (0.86, 0.68, 0.99) #fs:  20  -- #Conts: 27 H(1)  G(15)  E(1)  C(10) 
   9149504 326.47 || noQ Q (Avg,Max,Min) (1.03, 1.36, 0.88) (0.88, 0.68, 0.99) #fs:  21  -- #Conts: 23 H(1)  G(15)  E(1)  C(6) 
   9210993 322.47 || noQ Q (Avg,Max,Min) (1.03, 1.36, 0.88) (0.89, 0.68, 1.08) #fs:  20  -- #Conts: 22 H(1)  G(15)  E(1)  C(5) 
   9984282 321.41 || noQ Q (Avg,Max,Min) (1.02, 1.17, 0.88) (0.88, 0.68, 1.03) #fs:  19  -- #Conts: 24 H(1)  G(15)  E(1)  C(7) 
  10277046 314.47 || noQ Q (Avg,Max,Min) (1.03, 1.30, 0.88) (0.93, 0.68, 1.14) #fs:  20  -- #Conts: 20 H(1)  G(15)  E(1)  C(3) 
  18380965 308.65 || noQ Q (Avg,Max,Min) (1.03, 1.30, 0.82) (0.94, 0.67, 1.11) #fs:  18  -- #Conts: 29 G(15)  A(9)  E(2)  C(3) 
  18391211 307.65 || noQ Q (Avg,Max,Min) (1.03, 1.30, 1.00) (0.94, 0.67, 1.11) #fs:  17  -- #Conts: 30 G(15)  A(10)  E(2)  C(3) 
  31325563 306.71 || noQ Q (Avg,Max,Min) (1.01, 1.17, 0.99) (0.95, 0.70, 1.05) #fs:  10  -- #Conts: 62 G(2)  A(40)  E(11)  C(9) 
  31335809 305.71 || noQ Q (Avg,Max,Min) (1.01, 1.17, 0.99) (0.95, 0.70, 1.05) #fs:  10  -- #Conts: 62 G(2)  A(41)  E(11)  C(8) 
  31345759 304.71 || noQ Q (Avg,Max,Min) (1.01, 1.17, 0.99) (0.96, 0.70, 1.05) #fs:  10  -- #Conts: 62 G(2)  A(42)  E(11)  C(7) 
  39882851 303.71 || noQ Q (Avg,Max,Min) (1.01, 1.27, 0.99) (0.96, 0.70, 1.18) #fs:  10  -- #Conts: 63 G(2)  A(43)  E(11)  C(7) 
/////////////////size: 95
nodes 100 edges 234
 mulT: 1000 mulD: 500  sumData GB 924
pareto /MONTAGE.n.100.0.dax time -> 95653.0
moheft /MONTAGE.n.100.0.dax time -> 17159.0
distance from M to C 7.809677238170939
distance from P to C 24.605092480119772
distance from C to M 6.3972209704086715
distance from C to P 3.4503986335924153
toCompare: /MONTAGE.n.100.0.dax sumDataGB: 924 mulT: 1000 mulD: 500 paretoOptTime_MS: 95653.0 MoheftOptimizationTime_MS: 17159.0 MtoC 7.809677238170939 PtoC 24.605092480119772 CtoM 6.3972209704086715 CtoP 3.4503986335924153
