specify -Dflow d,b,mt,md,size
Running /home/vaggelis/jc/CYBERSHAKE.n.50.0.dax mt 5000 md: 20000 size null
 113864690 2147.00 || noQ Q (Avg,Max,Min) (1.08, 1.86, 0.06) (0.56, 0.05, 1.86) #fs:   1  -- #Conts: 8 H(7)  A(1) 
 113993915 2144.00 || noQ Q (Avg,Max,Min) (1.05, 1.86, 0.08) (0.54, 0.05, 1.86) #fs:   2  -- #Conts: 7 H(7) 
 114184710 2112.47 || noQ Q (Avg,Max,Min) (1.10, 1.86, 0.08) (0.62, 0.06, 1.86) #fs:   1  -- #Conts: 6 H(6) 
 114392344 2080.94 || noQ Q (Avg,Max,Min) (1.12, 1.86, 0.08) (0.73, 0.06, 1.86) #fs:   1  -- #Conts: 5 H(5) 
 114601666 2049.41 || noQ Q (Avg,Max,Min) (1.14, 1.86, 0.08) (0.90, 0.07, 1.86) #fs:   1  -- #Conts: 4 H(4) 
 114829556 1989.35 || noQ Q (Avg,Max,Min) (1.37, 1.86, 1.00) (1.07, 0.07, 1.86) #fs:   0  -- #Conts: 4 H(3)  A(1) 
 115094584 1957.82 || noQ Q (Avg,Max,Min) (1.49, 1.86, 1.00) (1.40, 0.74, 1.86) #fs:   0  -- #Conts: 3 H(2)  A(1) 
 195002723 1749.88 || noQ Q (Avg,Max,Min) (1.00, 1.50, 0.12) (0.75, 0.05, 1.49) #fs:   1  -- #Conts: 4 H(1)  G(3) 
 195138889 1707.59 || noQ Q (Avg,Max,Min) (1.22, 1.50, 1.00) (0.93, 0.09, 1.49) #fs:   0  -- #Conts: 4 G(3)  A(1) 
 195232676 1691.82 || noQ Q (Avg,Max,Min) (1.29, 1.50, 1.00) (1.21, 0.81, 1.49) #fs:   0  -- #Conts: 3 G(2)  A(1) 
 311492199 1660.35 || noQ Q (Avg,Max,Min) (1.77, 3.61, 0.59) (1.44, 0.14, 3.58) #fs:   2  -- #Conts: 19 A(2)  E(17) 
 311698526 1653.65 || noQ Q (Avg,Max,Min) (1.81, 3.61, 0.59) (1.51, 0.16, 3.58) #fs:   2  -- #Conts: 18 A(2)  E(16) 
 311835549 1646.94 || noQ Q (Avg,Max,Min) (1.86, 3.61, 0.59) (1.59, 0.19, 3.58) #fs:   2  -- #Conts: 17 A(2)  E(15) 
 311988086 1640.24 || noQ Q (Avg,Max,Min) (1.91, 3.61, 0.59) (1.68, 0.19, 3.58) #fs:   2  -- #Conts: 16 A(2)  E(14) 
 312403207 1638.24 || noQ Q (Avg,Max,Min) (1.97, 3.61, 0.59) (1.74, 0.19, 3.58) #fs:   2  -- #Conts: 15 A(1)  E(14) 
 312709876 1636.24 || noQ Q (Avg,Max,Min) (2.04, 3.61, 0.59) (1.80, 0.19, 3.58) #fs:   2  -- #Conts: 14 E(14) 
/////////////////size: 16
 195009475 1740.59 || noQ Q (Avg,Max,Min) (1.09, 1.52, 1.00) (0.85, 0.03, 1.52) #fs:   0  -- #Conts: 11 H(1)  G(3)  A(7) 
 195033772 1731.53 || noQ Q (Avg,Max,Min) (1.08, 1.52, 1.00) (0.85, 0.05, 1.52) #fs:   1  -- #Conts: 11 H(1)  G(2)  A(7)  E(1) 
 195051635 1724.82 || noQ Q (Avg,Max,Min) (1.09, 1.52, 1.00) (0.93, 0.07, 1.52) #fs:   1  -- #Conts: 10 H(1)  G(2)  A(7) 
 195110760 1723.82 || noQ Q (Avg,Max,Min) (1.09, 1.52, 1.00) (0.93, 0.09, 1.52) #fs:   0  -- #Conts: 10 H(1)  G(2)  A(7) 
 195141305 1701.00 || noQ Q (Avg,Max,Min) (1.09, 1.52, 1.00) (0.93, 0.06, 1.52) #fs:   0  -- #Conts: 10 G(2)  A(7)  E(1) 
 195195262 1698.29 || noQ Q (Avg,Max,Min) (1.09, 1.52, 1.00) (0.93, 0.11, 1.52) #fs:   0  -- #Conts: 10 G(2)  A(7)  C(1) 
 195239628 1694.29 || noQ Q (Avg,Max,Min) (1.10, 1.52, 1.00) (1.03, 0.82, 1.52) #fs:   0  -- #Conts: 9 G(2)  A(7) 
 195413213 1693.29 || noQ Q (Avg,Max,Min) (1.10, 1.52, 1.00) (1.03, 0.82, 1.52) #fs:   0  -- #Conts: 9 G(2)  A(7) 
 195621515 1692.29 || noQ Q (Avg,Max,Min) (1.10, 1.52, 1.00) (1.03, 0.82, 1.52) #fs:   0  -- #Conts: 9 G(2)  A(7) 
 195841390 1691.29 || noQ Q (Avg,Max,Min) (1.10, 1.52, 1.00) (1.02, 0.82, 1.52) #fs:   0  -- #Conts: 9 G(2)  A(7) 
 195988938 1690.29 || noQ Q (Avg,Max,Min) (1.11, 1.52, 1.00) (1.04, 0.82, 1.52) #fs:   0  -- #Conts: 8 G(2)  A(6) 
 196162523 1689.29 || noQ Q (Avg,Max,Min) (1.11, 1.52, 1.00) (1.05, 0.82, 1.52) #fs:   0  -- #Conts: 8 G(2)  A(6) 
 196370825 1688.29 || noQ Q (Avg,Max,Min) (1.11, 1.52, 1.00) (1.05, 0.82, 1.52) #fs:   0  -- #Conts: 8 G(2)  A(6) 
 196399755 1687.29 || noQ Q (Avg,Max,Min) (1.13, 1.52, 1.00) (1.09, 0.89, 1.52) #fs:   0  -- #Conts: 7 G(2)  A(5) 
 196573340 1686.29 || noQ Q (Avg,Max,Min) (1.13, 1.52, 1.00) (1.09, 0.90, 1.52) #fs:   0  -- #Conts: 7 G(2)  A(5) 
 196767219 1685.29 || noQ Q (Avg,Max,Min) (1.12, 1.52, 0.97) (1.09, 0.90, 1.52) #fs:   1  -- #Conts: 7 G(2)  A(5) 
 196865542 1684.29 || noQ Q (Avg,Max,Min) (1.13, 1.52, 1.00) (1.10, 0.90, 1.52) #fs:   0  -- #Conts: 7 G(2)  A(5) 
 197039127 1683.29 || noQ Q (Avg,Max,Min) (1.13, 1.52, 1.00) (1.11, 0.90, 1.52) #fs:   0  -- #Conts: 7 G(2)  A(5) 
 197247429 1682.29 || noQ Q (Avg,Max,Min) (1.12, 1.52, 1.00) (1.10, 0.85, 1.52) #fs:   0  -- #Conts: 7 G(2)  A(5) 
 197467304 1681.29 || noQ Q (Avg,Max,Min) (1.12, 1.52, 1.00) (1.10, 0.85, 1.52) #fs:   0  -- #Conts: 7 G(2)  A(5) 
 197690072 1680.29 || noQ Q (Avg,Max,Min) (1.15, 1.52, 1.00) (1.12, 0.90, 1.52) #fs:   0  -- #Conts: 6 G(2)  A(4) 
 197863657 1679.29 || noQ Q (Avg,Max,Min) (1.15, 1.52, 1.00) (1.13, 0.90, 1.52) #fs:   0  -- #Conts: 6 G(2)  A(4) 
 246504492 1677.88 || noQ Q (Avg,Max,Min) (2.50, 7.56, 1.00) (2.42, 0.66, 7.45) #fs:   1  -- #Conts: 13 G(2)  A(4)  E(4)  C(3) 
 246547197 1671.18 || noQ Q (Avg,Max,Min) (2.51, 7.56, 1.00) (2.44, 0.66, 7.45) #fs:   0  -- #Conts: 13 G(2)  A(4)  E(4)  C(3) 
 247010790 1670.18 || noQ Q (Avg,Max,Min) (2.50, 7.56, 0.86) (2.46, 0.80, 7.45) #fs:   1  -- #Conts: 13 G(2)  A(4)  E(4)  C(3) 
 247223668 1669.18 || noQ Q (Avg,Max,Min) (2.51, 7.56, 1.00) (2.48, 0.91, 7.45) #fs:   0  -- #Conts: 13 G(2)  A(4)  E(4)  C(3) 
 250846326 1668.82 || noQ Q (Avg,Max,Min) (3.60, 13.97, 1.00) (3.54, 0.68, 13.92) #fs:   1  -- #Conts: 14 G(3)  A(4)  E(5)  C(2) 
 255502660 1666.76 || noQ Q (Avg,Max,Min) (2.73, 7.56, 1.00) (2.64, 0.27, 7.45) #fs:   0  -- #Conts: 15 G(2)  A(5)  E(6)  C(2) 
 256179131 1665.76 || noQ Q (Avg,Max,Min) (2.73, 7.56, 1.00) (2.66, 0.46, 7.45) #fs:   0  -- #Conts: 15 G(2)  A(5)  E(6)  C(2) 
 258794326 1664.76 || noQ Q (Avg,Max,Min) (2.85, 7.56, 0.96) (2.81, 0.85, 7.45) #fs:   1  -- #Conts: 14 G(2)  A(5)  E(6)  C(1) 
 259086878 1663.76 || noQ Q (Avg,Max,Min) (2.85, 7.56, 1.00) (2.82, 0.85, 7.45) #fs:   0  -- #Conts: 14 G(2)  A(5)  E(6)  C(1) 
 290382853 1647.41 || noQ Q (Avg,Max,Min) (5.42, 10.05, 0.83) (5.27, 0.19, 10.04) #fs:   2  -- #Conts: 15 G(7)  A(1)  E(6)  C(1) 
 290456152 1646.41 || noQ Q (Avg,Max,Min) (5.14, 10.05, 1.00) (4.99, 0.19, 10.04) #fs:   2  -- #Conts: 16 G(7)  A(2)  E(6)  C(1) 
 290459434 1640.71 || noQ Q (Avg,Max,Min) (5.72, 10.05, 0.84) (5.64, 0.72, 10.04) #fs:   2  -- #Conts: 14 G(7)  A(1)  E(5)  C(1) 
 290560549 1639.71 || noQ Q (Avg,Max,Min) (5.42, 10.05, 1.00) (5.31, 0.53, 10.04) #fs:   2  -- #Conts: 15 G(7)  A(2)  E(5)  C(1) 
 290591155 1638.71 || noQ Q (Avg,Max,Min) (5.41, 10.05, 1.00) (5.31, 0.53, 10.04) #fs:   1  -- #Conts: 15 G(7)  A(2)  E(5)  C(1) 
 290602728 1637.71 || noQ Q (Avg,Max,Min) (5.73, 10.05, 1.00) (5.65, 0.82, 10.04) #fs:   1  -- #Conts: 14 G(7)  A(1)  E(5)  C(1) 
 290615631 1636.71 || noQ Q (Avg,Max,Min) (5.72, 10.05, 1.00) (5.65, 0.72, 10.04) #fs:   2  -- #Conts: 14 G(7)  A(1)  E(5)  C(1) 
 290745807 1634.71 || noQ Q (Avg,Max,Min) (6.08, 10.05, 1.00) (6.03, 0.88, 10.04) #fs:   2  -- #Conts: 13 G(7)  E(5)  C(1) 
 290819667 1632.71 || noQ Q (Avg,Max,Min) (6.08, 10.05, 1.00) (6.02, 0.72, 10.04) #fs:   1  -- #Conts: 13 G(7)  A(1)  E(5) 
 290999038 1630.71 || noQ Q (Avg,Max,Min) (6.49, 10.05, 1.25) (6.46, 1.25, 10.04) #fs:   1  -- #Conts: 12 G(7)  E(5) 
 294251109 1630.00 || noQ Q (Avg,Max,Min) (5.88, 10.10, 1.25) (5.84, 1.25, 10.04) #fs:   1  -- #Conts: 12 G(5)  E(7) 
 294629590 1625.24 || noQ Q (Avg,Max,Min) (4.47, 9.63, 1.00) (4.42, 0.83, 9.61) #fs:   2  -- #Conts: 13 G(2)  A(1)  E(10) 
 294830685 1624.24 || noQ Q (Avg,Max,Min) (4.75, 9.63, 1.32) (4.72, 1.32, 9.61) #fs:   2  -- #Conts: 12 G(2)  E(10) 
 297545013 1623.53 || noQ Q (Avg,Max,Min) (4.84, 14.70, 1.00) (4.74, 0.71, 13.86) #fs:   2  -- #Conts: 14 G(2)  A(1)  E(11) 
 297819055 1622.53 || noQ Q (Avg,Max,Min) (4.84, 14.70, 1.00) (4.75, 0.83, 13.86) #fs:   2  -- #Conts: 14 G(2)  A(1)  E(11) 
 298125678 1620.12 || noQ Q (Avg,Max,Min) (4.45, 14.70, 1.00) (4.30, 0.59, 13.86) #fs:   1  -- #Conts: 16 G(1)  A(1)  E(13)  C(1) 
 298543309 1616.59 || noQ Q (Avg,Max,Min) (4.52, 14.70, 0.99) (4.43, 0.91, 13.86) #fs:   3  -- #Conts: 15 G(1)  E(12)  C(2) 
 308808030 1616.18 || noQ Q (Avg,Max,Min) (2.94, 5.17, 1.00) (2.87, 0.75, 5.10) #fs:   0  -- #Conts: 16 A(5)  E(10)  C(1) 
 308905903 1615.18 || noQ Q (Avg,Max,Min) (2.94, 5.16, 1.00) (2.87, 0.71, 5.11) #fs:   0  -- #Conts: 16 A(5)  E(10)  C(1) 
 309024137 1614.18 || noQ Q (Avg,Max,Min) (2.93, 5.14, 1.00) (2.89, 0.79, 5.11) #fs:   1  -- #Conts: 16 A(5)  E(10)  C(1) 
 309199520 1613.18 || noQ Q (Avg,Max,Min) (3.06, 5.14, 1.00) (3.02, 0.79, 5.11) #fs:   0  -- #Conts: 15 A(4)  E(10)  C(1) 
 312700762 1612.18 || noQ Q (Avg,Max,Min) (3.06, 5.12, 1.00) (3.04, 0.79, 5.11) #fs:   0  -- #Conts: 15 A(4)  E(10)  C(1) 
/////////////////size: 53
nodes 50 edges 92
 mulT: 5000 mulD: 20000  sumData GB 1726048
pareto /CYBERSHAKE.n.50.0.dax time -> 662.0
moheft /CYBERSHAKE.n.50.0.dax time -> 1068.0
distance from M to C 0.05549389567146858
distance from P to C 1.874705923180524
distance from C to M 23.17218537103988
distance from C to P 17.525011805925764
toCompare: /CYBERSHAKE.n.50.0.dax sumDataGB: 1726048 mulT: 5000 mulD: 20000 paretoOptTime_MS: 662.0 MoheftOptimizationTime_MS: 1068.0 MtoC 0.05549389567146858 PtoC 1.874705923180524 CtoM 23.17218537103988 CtoP 17.525011805925764
