specify -Dflow d,b,mt,md,size
Running /home/vaggelis/jc/CYBERSHAKE.n.50.0.dax mt 10000 md: 100 size null
  89402342 4051.53 || noQ Q (Avg,Max,Min) (1.00, 1.03, 0.90) (0.98, 0.89, 1.03) #fs:   7  -- #Conts: 14 H(13)  G(1) 
  95881122 3972.71 || noQ Q (Avg,Max,Min) (1.00, 1.04, 0.84) (0.98, 0.81, 1.03) #fs:   5  -- #Conts: 12 H(10)  G(2) 
  96252498 3941.18 || noQ Q (Avg,Max,Min) (1.01, 1.04, 0.96) (0.99, 0.92, 1.03) #fs:   3  -- #Conts: 12 H(10)  G(2) 
 152626149 3578.59 || noQ Q (Avg,Max,Min) (0.96, 1.03, 0.60) (0.94, 0.45, 1.02) #fs:   4  -- #Conts: 16 H(1)  G(15) 
 152723076 3399.76 || noQ Q (Avg,Max,Min) (0.99, 1.03, 0.64) (0.97, 0.45, 1.02) #fs:   4  -- #Conts: 16 G(15)  E(1) 
 153279988 3389.41 || noQ Q (Avg,Max,Min) (0.99, 1.03, 0.64) (0.97, 0.45, 1.02) #fs:   3  -- #Conts: 16 G(16) 
 343563798 3246.94 || noQ Q (Avg,Max,Min) (0.99, 1.01, 0.88) (0.92, 0.45, 1.01) #fs:   5  -- #Conts: 20 E(18)  C(2) 
/////////////////size: 7
  89213596 3780.82 || noQ Q (Avg,Max,Min) (1.00, 1.03, 0.79) (0.96, 0.77, 1.02) #fs:   8  -- #Conts: 19 H(6)  G(12)  E(1) 
  89233246 3765.06 || noQ Q (Avg,Max,Min) (1.00, 1.03, 0.79) (0.97, 0.77, 1.02) #fs:   8  -- #Conts: 19 H(6)  G(12)  E(1) 
  89312591 3749.29 || noQ Q (Avg,Max,Min) (1.00, 1.03, 0.79) (0.97, 0.78, 1.02) #fs:   5  -- #Conts: 19 H(6)  G(12)  E(1) 
  89418402 3717.76 || noQ Q (Avg,Max,Min) (1.01, 1.03, 0.97) (0.98, 0.82, 1.02) #fs:   5  -- #Conts: 19 H(6)  G(12)  E(1) 
  92231740 3715.41 || noQ Q (Avg,Max,Min) (1.01, 1.03, 0.96) (0.93, 0.39, 1.02) #fs:   5  -- #Conts: 21 H(6)  G(12)  E(3) 
  92903117 3712.71 || noQ Q (Avg,Max,Min) (1.00, 1.03, 0.77) (0.95, 0.61, 1.02) #fs:   6  -- #Conts: 21 H(6)  G(12)  E(2)  C(1) 
  93253173 3699.29 || noQ Q (Avg,Max,Min) (1.01, 1.03, 0.90) (0.95, 0.28, 1.02) #fs:   5  -- #Conts: 19 H(5)  G(11)  E(3) 
  93253174 3683.53 || noQ Q (Avg,Max,Min) (1.01, 1.03, 0.90) (0.95, 0.28, 1.02) #fs:   6  -- #Conts: 19 H(5)  G(11)  E(3) 
  93283961 3676.82 || noQ Q (Avg,Max,Min) (1.01, 1.03, 0.90) (0.99, 0.88, 1.02) #fs:   5  -- #Conts: 18 H(5)  G(11)  E(2) 
  93480644 3661.06 || noQ Q (Avg,Max,Min) (1.01, 1.03, 0.96) (0.99, 0.93, 1.02) #fs:   5  -- #Conts: 18 H(5)  G(11)  E(2) 
  93810456 3644.59 || noQ Q (Avg,Max,Min) (1.01, 1.03, 0.98) (1.00, 0.94, 1.02) #fs:   3  -- #Conts: 19 H(5)  G(11)  E(3) 
  94924657 3642.24 || noQ Q (Avg,Max,Min) (1.00, 1.03, 0.83) (0.96, 0.36, 1.01) #fs:   3  -- #Conts: 19 H(5)  G(11)  E(3) 
  94967333 3634.47 || noQ Q (Avg,Max,Min) (1.00, 1.03, 0.81) (0.90, 0.21, 1.01) #fs:   4  -- #Conts: 21 H(5)  G(11)  E(3)  C(2) 
  95009059 3630.47 || noQ Q (Avg,Max,Min) (1.00, 1.03, 0.84) (0.94, 0.39, 1.01) #fs:   3  -- #Conts: 20 H(5)  G(11)  E(3)  C(1) 
  95122104 3625.41 || noQ Q (Avg,Max,Min) (1.01, 1.03, 0.96) (0.91, 0.37, 1.02) #fs:   4  -- #Conts: 21 H(4)  G(11)  E(4)  C(2) 
  95262828 3621.41 || noQ Q (Avg,Max,Min) (1.01, 1.03, 0.96) (0.94, 0.48, 1.02) #fs:   4  -- #Conts: 20 H(4)  G(11)  E(4)  C(1) 
  95355407 3617.41 || noQ Q (Avg,Max,Min) (1.01, 1.03, 0.96) (0.97, 0.59, 1.02) #fs:   4  -- #Conts: 19 H(4)  G(11)  E(4) 
  95505847 3614.71 || noQ Q (Avg,Max,Min) (1.01, 1.03, 0.96) (0.98, 0.69, 1.02) #fs:   4  -- #Conts: 19 H(4)  G(11)  E(3)  C(1) 
  95853017 3610.71 || noQ Q (Avg,Max,Min) (1.01, 1.03, 0.96) (0.99, 0.93, 1.02) #fs:   4  -- #Conts: 18 H(4)  G(11)  E(3) 
  95897450 3606.94 || noQ Q (Avg,Max,Min) (1.01, 1.03, 0.98) (0.94, 0.21, 1.02) #fs:   4  -- #Conts: 21 H(4)  G(11)  E(3)  C(3) 
  96048317 3602.94 || noQ Q (Avg,Max,Min) (1.00, 1.03, 0.86) (0.98, 0.70, 1.02) #fs:   5  -- #Conts: 20 H(4)  G(11)  E(3)  C(2) 
  96684369 3598.94 || noQ Q (Avg,Max,Min) (1.01, 1.03, 0.98) (0.99, 0.85, 1.02) #fs:   4  -- #Conts: 19 H(4)  G(11)  E(3)  C(1) 
  99177229 3594.59 || noQ Q (Avg,Max,Min) (1.01, 1.03, 1.00) (0.95, 0.39, 1.02) #fs:   0  -- #Conts: 19 H(4)  G(10)  E(4)  C(1) 
  99453054 3591.88 || noQ Q (Avg,Max,Min) (1.01, 1.03, 0.87) (0.98, 0.52, 1.02) #fs:   2  -- #Conts: 18 H(4)  G(10)  E(3)  C(1) 
 100535640 3589.18 || noQ Q (Avg,Max,Min) (1.01, 1.03, 1.00) (0.99, 0.68, 1.02) #fs:   1  -- #Conts: 18 H(4)  G(10)  E(2)  C(2) 
 100586591 3587.88 || noQ Q (Avg,Max,Min) (1.01, 1.03, 1.00) (1.00, 0.91, 1.02) #fs:   0  -- #Conts: 18 H(4)  G(10)  E(3)  C(1) 
 105875136 3587.53 || noQ Q (Avg,Max,Min) (1.01, 1.03, 0.98) (0.95, 0.50, 1.03) #fs:   5  -- #Conts: 26 H(3)  G(16)  A(1)  E(4)  C(2) 
 106048854 3585.53 || noQ Q (Avg,Max,Min) (1.01, 1.03, 0.98) (0.94, 0.38, 1.03) #fs:   4  -- #Conts: 25 H(3)  G(16)  E(4)  C(2) 
 106303446 3580.82 || noQ Q (Avg,Max,Min) (1.01, 1.03, 0.98) (0.96, 0.71, 1.03) #fs:   3  -- #Conts: 25 H(3)  G(16)  A(1)  E(3)  C(2) 
 106413338 3580.12 || noQ Q (Avg,Max,Min) (1.01, 1.03, 0.98) (0.96, 0.52, 1.03) #fs:   3  -- #Conts: 25 H(3)  G(16)  A(2)  E(2)  C(2) 
 106471243 3576.12 || noQ Q (Avg,Max,Min) (1.01, 1.03, 0.98) (0.97, 0.77, 1.03) #fs:   3  -- #Conts: 25 H(3)  G(16)  A(2)  E(2)  C(2) 
 106552205 3567.06 || noQ Q (Avg,Max,Min) (1.01, 1.03, 0.98) (0.95, 0.51, 1.03) #fs:   3  -- #Conts: 26 H(3)  G(16)  A(2)  E(3)  C(2) 
 106658161 3565.06 || noQ Q (Avg,Max,Min) (1.01, 1.03, 0.98) (0.96, 0.61, 1.03) #fs:   4  -- #Conts: 25 H(3)  G(16)  A(1)  E(3)  C(2) 
 106880741 3563.06 || noQ Q (Avg,Max,Min) (1.01, 1.03, 0.98) (0.96, 0.65, 1.03) #fs:   3  -- #Conts: 24 H(3)  G(16)  E(3)  C(2) 
 106901115 3562.35 || noQ Q (Avg,Max,Min) (1.01, 1.03, 0.98) (0.96, 0.65, 1.03) #fs:   4  -- #Conts: 25 H(3)  G(16)  A(1)  E(2)  C(3) 
 106922106 3559.65 || noQ Q (Avg,Max,Min) (1.01, 1.03, 0.98) (0.96, 0.65, 1.03) #fs:   3  -- #Conts: 26 H(3)  G(16)  A(1)  E(3)  C(3) 
 106984891 3557.65 || noQ Q (Avg,Max,Min) (1.01, 1.03, 0.98) (0.96, 0.65, 1.03) #fs:   2  -- #Conts: 25 H(3)  G(16)  E(3)  C(3) 
 107504495 3547.88 || noQ Q (Avg,Max,Min) (1.01, 1.03, 0.97) (0.97, 0.65, 1.02) #fs:   3  -- #Conts: 23 H(3)  G(13)  A(1)  E(3)  C(3) 
 107570986 3545.88 || noQ Q (Avg,Max,Min) (1.01, 1.03, 0.97) (0.97, 0.65, 1.02) #fs:   4  -- #Conts: 22 H(3)  G(13)  E(3)  C(3) 
 107668934 3530.12 || noQ Q (Avg,Max,Min) (1.01, 1.02, 0.94) (0.96, 0.65, 1.02) #fs:   3  -- #Conts: 23 H(2)  G(15)  E(3)  C(3) 
 107842519 3518.35 || noQ Q (Avg,Max,Min) (1.01, 1.02, 0.98) (0.94, 0.48, 1.02) #fs:   3  -- #Conts: 24 H(2)  G(15)  E(3)  C(4) 
 109017453 3514.35 || noQ Q (Avg,Max,Min) (1.01, 1.02, 0.98) (0.97, 0.65, 1.02) #fs:   3  -- #Conts: 23 H(2)  G(15)  E(3)  C(3) 
 109889545 3508.00 || noQ Q (Avg,Max,Min) (1.01, 1.03, 0.95) (0.96, 0.48, 1.02) #fs:   3  -- #Conts: 22 H(2)  G(15)  E(2)  C(3) 
 110329294 3504.00 || noQ Q (Avg,Max,Min) (1.01, 1.03, 0.95) (0.98, 0.65, 1.02) #fs:   3  -- #Conts: 21 H(2)  G(15)  E(2)  C(2) 
 111233211 3480.24 || noQ Q (Avg,Max,Min) (1.01, 1.03, 0.98) (0.93, 0.12, 1.02) #fs:   2  -- #Conts: 20 H(1)  G(15)  E(3)  C(1) 
 111294010 3473.53 || noQ Q (Avg,Max,Min) (1.00, 1.03, 0.76) (0.99, 0.66, 1.02) #fs:   3  -- #Conts: 19 H(1)  G(15)  E(2)  C(1) 
 113927343 3471.53 || noQ Q (Avg,Max,Min) (1.01, 1.03, 0.98) (0.97, 0.25, 1.02) #fs:   2  -- #Conts: 20 H(1)  G(15)  A(2)  E(2) 
 114951960 3469.06 || noQ Q (Avg,Max,Min) (0.99, 1.02, 0.59) (0.97, 0.35, 1.02) #fs:   3  -- #Conts: 20 H(1)  G(13)  E(5)  C(1) 
 115649018 3466.06 || noQ Q (Avg,Max,Min) (1.01, 1.02, 0.99) (0.95, 0.25, 1.02) #fs:   2  -- #Conts: 21 H(1)  G(13)  A(1)  E(5)  C(1) 
 116967457 3462.24 || noQ Q (Avg,Max,Min) (1.01, 1.03, 0.93) (0.93, 0.31, 1.02) #fs:   3  -- #Conts: 24 H(1)  G(11)  E(11)  C(1) 
 117122468 3459.53 || noQ Q (Avg,Max,Min) (1.01, 1.03, 0.92) (0.94, 0.53, 1.02) #fs:   4  -- #Conts: 24 H(1)  G(11)  E(10)  C(2) 
 117724382 3455.53 || noQ Q (Avg,Max,Min) (1.01, 1.03, 0.92) (0.97, 0.58, 1.02) #fs:   3  -- #Conts: 23 H(1)  G(11)  E(10)  C(1) 
 117791477 3452.82 || noQ Q (Avg,Max,Min) (1.01, 1.03, 0.92) (0.98, 0.69, 1.02) #fs:   3  -- #Conts: 23 H(1)  G(11)  E(9)  C(2) 
 118078571 3451.53 || noQ Q (Avg,Max,Min) (1.01, 1.03, 1.00) (0.97, 0.21, 1.02) #fs:   3  -- #Conts: 23 H(1)  G(11)  E(10)  C(1) 
 118861124 3448.53 || noQ Q (Avg,Max,Min) (1.01, 1.03, 1.00) (0.97, 0.25, 1.02) #fs:   2  -- #Conts: 23 H(1)  G(11)  A(1)  E(10) 
 129396450 3443.53 || noQ Q (Avg,Max,Min) (0.99, 1.02, 0.48) (0.94, 0.43, 1.02) #fs:   1  -- #Conts: 23 H(1)  G(9)  E(8)  C(5) 
 129722690 3439.53 || noQ Q (Avg,Max,Min) (1.01, 1.02, 1.00) (0.95, 0.60, 1.02) #fs:   1  -- #Conts: 23 H(1)  G(9)  E(8)  C(5) 
 130388224 3435.53 || noQ Q (Avg,Max,Min) (1.01, 1.02, 1.00) (0.96, 0.64, 1.02) #fs:   0  -- #Conts: 23 H(1)  G(9)  E(8)  C(5) 
 130941635 3431.53 || noQ Q (Avg,Max,Min) (1.01, 1.02, 0.94) (0.99, 0.88, 1.02) #fs:   1  -- #Conts: 22 H(1)  G(9)  E(8)  C(4) 
 142041364 3430.59 || noQ Q (Avg,Max,Min) (1.01, 1.02, 0.98) (0.94, 0.03, 1.01) #fs:   2  -- #Conts: 25 H(1)  G(6)  A(4)  E(10)  C(4) 
 142126858 3423.88 || noQ Q (Avg,Max,Min) (1.01, 1.02, 0.98) (0.99, 0.70, 1.01) #fs:   2  -- #Conts: 24 H(1)  G(6)  A(4)  E(9)  C(4) 
 142642764 3422.88 || noQ Q (Avg,Max,Min) (1.01, 1.02, 0.98) (0.99, 0.70, 1.01) #fs:   2  -- #Conts: 23 H(1)  G(6)  A(3)  E(9)  C(4) 
 144489825 3421.88 || noQ Q (Avg,Max,Min) (1.00, 1.02, 0.90) (0.99, 0.87, 1.01) #fs:   3  -- #Conts: 23 H(1)  G(6)  A(3)  E(9)  C(4) 
 144988043 3418.41 || noQ Q (Avg,Max,Min) (1.01, 1.02, 0.99) (0.97, 0.70, 1.02) #fs:   1  -- #Conts: 25 H(1)  G(4)  A(5)  E(11)  C(4) 
 145431730 3414.41 || noQ Q (Avg,Max,Min) (1.01, 1.02, 0.99) (0.97, 0.70, 1.02) #fs:   1  -- #Conts: 25 H(1)  G(4)  A(5)  E(11)  C(4) 
 146371305 3412.41 || noQ Q (Avg,Max,Min) (1.01, 1.02, 0.99) (0.97, 0.70, 1.02) #fs:   1  -- #Conts: 24 H(1)  G(4)  A(4)  E(11)  C(4) 
 146423504 3411.41 || noQ Q (Avg,Max,Min) (1.01, 1.02, 0.99) (0.98, 0.70, 1.02) #fs:   1  -- #Conts: 24 H(1)  G(4)  A(4)  E(11)  C(4) 
 146616177 3408.41 || noQ Q (Avg,Max,Min) (1.01, 1.02, 0.98) (0.97, 0.69, 1.01) #fs:   2  -- #Conts: 23 H(1)  G(5)  A(4)  E(11)  C(2) 
 146734730 3404.41 || noQ Q (Avg,Max,Min) (1.01, 1.02, 1.00) (0.98, 0.70, 1.01) #fs:   1  -- #Conts: 23 H(1)  G(5)  A(4)  E(11)  C(2) 
 148440286 3402.41 || noQ Q (Avg,Max,Min) (1.01, 1.02, 1.00) (1.00, 0.93, 1.01) #fs:   1  -- #Conts: 23 H(1)  G(5)  A(4)  E(11)  C(2) 
 152003975 3382.00 || noQ Q (Avg,Max,Min) (0.99, 1.03, 0.75) (0.94, 0.12, 1.03) #fs:   2  -- #Conts: 21 H(1)  G(12)  E(6)  C(2) 
 152064909 3378.00 || noQ Q (Avg,Max,Min) (1.01, 1.03, 0.90) (0.95, 0.16, 1.03) #fs:   1  -- #Conts: 21 H(1)  G(12)  E(6)  C(2) 
 152208153 3362.24 || noQ Q (Avg,Max,Min) (1.01, 1.03, 1.00) (0.94, 0.22, 1.03) #fs:   2  -- #Conts: 21 G(13)  E(6)  C(2) 
 152442314 3358.24 || noQ Q (Avg,Max,Min) (1.01, 1.03, 1.00) (0.97, 0.30, 1.03) #fs:   2  -- #Conts: 20 G(13)  E(6)  C(1) 
 152737363 3355.53 || noQ Q (Avg,Max,Min) (1.01, 1.03, 1.00) (0.98, 0.66, 1.03) #fs:   0  -- #Conts: 20 G(12)  E(6)  C(2) 
 152781113 3353.18 || noQ Q (Avg,Max,Min) (1.01, 1.03, 1.00) (0.95, 0.38, 1.03) #fs:   2  -- #Conts: 21 G(12)  E(7)  C(2) 
 152782941 3350.47 || noQ Q (Avg,Max,Min) (1.01, 1.03, 0.99) (0.97, 0.66, 1.03) #fs:   3  -- #Conts: 21 G(12)  E(6)  C(3) 
 152809915 3343.76 || noQ Q (Avg,Max,Min) (1.01, 1.03, 1.00) (0.98, 0.66, 1.03) #fs:   2  -- #Conts: 21 G(12)  E(6)  C(3) 
 153377386 3339.76 || noQ Q (Avg,Max,Min) (1.00, 1.03, 0.87) (1.00, 0.83, 1.03) #fs:   3  -- #Conts: 20 G(12)  E(6)  C(2) 
 154134947 3335.76 || noQ Q (Avg,Max,Min) (1.01, 1.03, 1.00) (1.00, 0.98, 1.03) #fs:   2  -- #Conts: 19 G(12)  E(6)  C(1) 
 164033812 3334.18 || noQ Q (Avg,Max,Min) (1.00, 1.02, 0.76) (0.96, 0.60, 1.02) #fs:   2  -- #Conts: 22 G(9)  A(2)  E(8)  C(3) 
 164730871 3331.18 || noQ Q (Avg,Max,Min) (0.99, 1.02, 0.81) (0.97, 0.73, 1.02) #fs:   2  -- #Conts: 22 G(9)  A(2)  E(8)  C(3) 
 164800478 3330.18 || noQ Q (Avg,Max,Min) (1.00, 1.02, 0.81) (0.98, 0.73, 1.02) #fs:   1  -- #Conts: 22 G(9)  A(2)  E(8)  C(3) 
 164852560 3327.47 || noQ Q (Avg,Max,Min) (1.01, 1.02, 0.97) (0.97, 0.67, 1.01) #fs:   2  -- #Conts: 23 G(7)  A(4)  E(9)  C(3) 
 165620065 3325.47 || noQ Q (Avg,Max,Min) (1.01, 1.02, 0.97) (0.97, 0.67, 1.01) #fs:   1  -- #Conts: 22 G(7)  A(3)  E(9)  C(3) 
 165856851 3323.71 || noQ Q (Avg,Max,Min) (1.01, 1.02, 1.00) (0.94, 0.58, 1.02) #fs:   0  -- #Conts: 25 G(6)  A(4)  E(12)  C(3) 
 165928748 3321.71 || noQ Q (Avg,Max,Min) (1.01, 1.02, 1.00) (0.95, 0.64, 1.02) #fs:   0  -- #Conts: 25 G(6)  A(4)  E(12)  C(3) 
 166098393 3317.71 || noQ Q (Avg,Max,Min) (1.01, 1.02, 1.00) (0.97, 0.85, 1.02) #fs:   0  -- #Conts: 24 G(6)  A(4)  E(12)  C(2) 
 166468291 3315.71 || noQ Q (Avg,Max,Min) (1.01, 1.02, 1.00) (0.98, 0.85, 1.02) #fs:   0  -- #Conts: 23 G(6)  A(4)  E(12)  C(1) 
 174547911 3315.18 || noQ Q (Avg,Max,Min) (1.01, 1.02, 1.00) (0.93, 0.06, 1.01) #fs:   0  -- #Conts: 24 G(6)  A(2)  E(11)  C(5) 
 175244968 3312.18 || noQ Q (Avg,Max,Min) (1.01, 1.02, 1.00) (0.96, 0.68, 1.01) #fs:   0  -- #Conts: 23 G(6)  A(2)  E(11)  C(4) 
 181652680 3310.41 || noQ Q (Avg,Max,Min) (1.00, 1.02, 0.90) (0.97, 0.68, 1.01) #fs:   1  -- #Conts: 21 G(5)  A(4)  E(9)  C(3) 
 181652681 3309.41 || noQ Q (Avg,Max,Min) (1.00, 1.02, 0.90) (0.98, 0.68, 1.01) #fs:   2  -- #Conts: 21 G(5)  A(4)  E(9)  C(3) 
 186790784 3308.41 || noQ Q (Avg,Max,Min) (1.01, 1.02, 1.00) (0.97, 0.70, 1.01) #fs:   0  -- #Conts: 22 G(5)  A(6)  E(9)  C(2) 
 191357334 3307.41 || noQ Q (Avg,Max,Min) (1.01, 1.02, 1.00) (0.99, 0.70, 1.01) #fs:   0  -- #Conts: 20 G(5)  A(4)  E(9)  C(2) 
 198957334 3306.41 || noQ Q (Avg,Max,Min) (1.01, 1.02, 1.00) (1.00, 0.96, 1.01) #fs:   0  -- #Conts: 19 G(5)  A(3)  E(9)  C(2) 
 204932990 3299.06 || noQ Q (Avg,Max,Min) (0.98, 1.02, 0.66) (0.93, 0.27, 1.01) #fs:   2  -- #Conts: 20 G(3)  A(2)  E(11)  C(4) 
 205235343 3297.06 || noQ Q (Avg,Max,Min) (0.98, 1.02, 0.66) (0.93, 0.32, 1.01) #fs:   2  -- #Conts: 21 G(3)  A(3)  E(11)  C(4) 
 205476889 3295.06 || noQ Q (Avg,Max,Min) (0.99, 1.02, 0.66) (0.94, 0.42, 1.01) #fs:   1  -- #Conts: 20 G(3)  A(2)  E(11)  C(4) 
 205916638 3293.06 || noQ Q (Avg,Max,Min) (0.99, 1.02, 0.66) (0.95, 0.54, 1.01) #fs:   1  -- #Conts: 19 G(3)  A(2)  E(11)  C(3) 
 206159657 3291.06 || noQ Q (Avg,Max,Min) (1.01, 1.02, 1.00) (0.95, 0.61, 1.01) #fs:   0  -- #Conts: 20 G(3)  A(3)  E(11)  C(3) 
 206506827 3289.06 || noQ Q (Avg,Max,Min) (1.01, 1.02, 1.00) (0.96, 0.65, 1.01) #fs:   0  -- #Conts: 19 G(3)  A(2)  E(11)  C(3) 
 206582369 3289.00 || noQ Q (Avg,Max,Min) (0.99, 1.02, 0.66) (0.95, 0.65, 1.01) #fs:   1  -- #Conts: 20 G(2)  A(4)  E(11)  C(3) 
 207365348 3287.00 || noQ Q (Avg,Max,Min) (0.99, 1.02, 0.66) (0.96, 0.65, 1.01) #fs:   1  -- #Conts: 19 G(2)  A(3)  E(11)  C(3) 
 207469746 3286.00 || noQ Q (Avg,Max,Min) (1.01, 1.02, 1.00) (0.95, 0.65, 1.01) #fs:   0  -- #Conts: 21 G(2)  A(5)  E(11)  C(3) 
 207743799 3284.00 || noQ Q (Avg,Max,Min) (1.01, 1.02, 1.00) (0.97, 0.70, 1.01) #fs:   1  -- #Conts: 20 G(2)  A(5)  E(11)  C(2) 
 207767971 3283.00 || noQ Q (Avg,Max,Min) (1.01, 1.02, 1.00) (0.98, 0.70, 1.01) #fs:   1  -- #Conts: 20 G(2)  A(5)  E(11)  C(2) 
 210198585 3282.00 || noQ Q (Avg,Max,Min) (1.01, 1.02, 1.00) (1.00, 0.94, 1.01) #fs:   0  -- #Conts: 19 G(2)  A(4)  E(11)  C(2) 
 261910158 3276.12 || noQ Q (Avg,Max,Min) (1.01, 1.03, 1.00) (0.94, 0.21, 1.02) #fs:   0  -- #Conts: 23 G(2)  A(4)  E(13)  C(4) 
 261949305 3272.12 || noQ Q (Avg,Max,Min) (1.01, 1.03, 1.00) (0.97, 0.78, 1.02) #fs:   0  -- #Conts: 22 G(2)  A(4)  E(13)  C(3) 
 262406044 3270.12 || noQ Q (Avg,Max,Min) (1.01, 1.03, 1.00) (0.98, 0.78, 1.02) #fs:   0  -- #Conts: 22 G(2)  A(4)  E(13)  C(3) 
 262888880 3268.12 || noQ Q (Avg,Max,Min) (1.01, 1.03, 1.00) (0.98, 0.78, 1.02) #fs:   0  -- #Conts: 21 G(2)  A(3)  E(13)  C(3) 
 263058525 3267.12 || noQ Q (Avg,Max,Min) (1.01, 1.03, 1.00) (0.98, 0.78, 1.02) #fs:   0  -- #Conts: 21 G(2)  A(3)  E(13)  C(3) 
 263345618 3265.12 || noQ Q (Avg,Max,Min) (1.01, 1.03, 1.00) (0.99, 0.89, 1.02) #fs:   0  -- #Conts: 21 G(2)  A(3)  E(13)  C(3) 
 263684911 3264.12 || noQ Q (Avg,Max,Min) (1.01, 1.03, 1.00) (0.98, 0.78, 1.02) #fs:   0  -- #Conts: 21 G(2)  A(3)  E(13)  C(3) 
 263945903 3263.12 || noQ Q (Avg,Max,Min) (1.01, 1.03, 1.00) (0.98, 0.78, 1.02) #fs:   0  -- #Conts: 21 G(2)  A(3)  E(13)  C(3) 
 264037250 3262.12 || noQ Q (Avg,Max,Min) (1.01, 1.03, 1.00) (0.98, 0.83, 1.02) #fs:   0  -- #Conts: 21 G(2)  A(3)  E(13)  C(3) 
 264232996 3261.12 || noQ Q (Avg,Max,Min) (1.01, 1.03, 1.00) (0.99, 0.89, 1.02) #fs:   0  -- #Conts: 20 G(2)  A(2)  E(13)  C(3) 
 273720087 3260.00 || noQ Q (Avg,Max,Min) (1.01, 1.02, 1.00) (0.98, 0.85, 1.01) #fs:   0  -- #Conts: 21 G(1)  A(2)  E(14)  C(4) 
 274503066 3258.00 || noQ Q (Avg,Max,Min) (1.01, 1.02, 1.00) (0.98, 0.85, 1.01) #fs:   0  -- #Conts: 21 G(1)  A(2)  E(14)  C(4) 
 274829307 3257.00 || noQ Q (Avg,Max,Min) (1.01, 1.02, 1.00) (0.98, 0.85, 1.01) #fs:   0  -- #Conts: 21 G(1)  A(2)  E(14)  C(4) 
 375235287 3243.06 || noQ Q (Avg,Max,Min) (1.00, 1.01, 0.99) (0.92, 0.21, 1.01) #fs:   2  -- #Conts: 16 A(3)  E(9)  C(4) 
 375561527 3239.06 || noQ Q (Avg,Max,Min) (1.00, 1.01, 0.99) (0.97, 0.78, 1.01) #fs:   3  -- #Conts: 15 A(3)  E(9)  C(3) 
 375913869 3236.35 || noQ Q (Avg,Max,Min) (1.00, 1.01, 1.00) (0.92, 0.51, 1.01) #fs:   1  -- #Conts: 16 A(3)  E(9)  C(4) 
 377010084 3232.35 || noQ Q (Avg,Max,Min) (1.00, 1.01, 1.00) (0.97, 0.78, 1.01) #fs:   1  -- #Conts: 15 A(3)  E(9)  C(3) 
 377277297 3231.35 || noQ Q (Avg,Max,Min) (1.00, 1.01, 0.94) (0.98, 0.78, 1.01) #fs:   2  -- #Conts: 15 A(3)  E(9)  C(3) 
 406522557 3230.53 || noQ Q (Avg,Max,Min) (1.00, 1.01, 1.00) (0.98, 0.87, 1.01) #fs:   0  -- #Conts: 12 A(3)  E(7)  C(2) 
/////////////////size: 127
nodes 50 edges 92
 mulT: 10000 mulD: 100  sumData GB 8630
pareto /CYBERSHAKE.n.50.0.dax time -> 698.0
moheft /CYBERSHAKE.n.50.0.dax time -> 2070.0
distance from M to C 0.0
distance from P to C 109.74460256439372
distance from C to M 0.0303308823529348
distance from C to P 44.296701071474715
toCompare: /CYBERSHAKE.n.50.0.dax sumDataGB: 8630 mulT: 10000 mulD: 100 paretoOptTime_MS: 698.0 MoheftOptimizationTime_MS: 2070.0 MtoC 0.0 PtoC 109.74460256439372 CtoM 0.0303308823529348 CtoP 44.296701071474715
