specify -Dflow d,b,mt,md,size
Running /home/vaggelis/jc/SIPHT.n.50.0.dax mt 100 md: 500 size null
  13566517 472.94 || noQ Q (Avg,Max,Min) (0.78, 1.01, 0.65) (0.72, 0.61, 0.88) #fs:   4  -- #Conts: 4 H(4) 
  13567403 441.41 || noQ Q (Avg,Max,Min) (0.86, 1.01, 0.70) (0.77, 0.63, 0.88) #fs:   3  -- #Conts: 4 H(4) 
  13583959 409.88 || noQ Q (Avg,Max,Min) (0.91, 1.00, 0.70) (0.82, 0.63, 0.95) #fs:   2  -- #Conts: 4 H(4) 
  13813186 378.35 || noQ Q (Avg,Max,Min) (1.00, 1.05, 0.96) (0.85, 0.65, 0.96) #fs:   1  -- #Conts: 4 H(4) 
  22797192 346.82 || noQ Q (Avg,Max,Min) (0.97, 1.03, 0.87) (0.87, 0.78, 0.95) #fs:   2  -- #Conts: 4 H(1)  G(3) 
  23145634 331.06 || noQ Q (Avg,Max,Min) (0.96, 1.03, 0.85) (0.87, 0.78, 0.92) #fs:   4  -- #Conts: 4 G(4) 
  23541737 315.29 || noQ Q (Avg,Max,Min) (1.00, 1.03, 0.96) (0.90, 0.84, 0.93) #fs:   2  -- #Conts: 4 G(4) 
  35164938 299.53 || noQ Q (Avg,Max,Min) (1.00, 1.01, 0.99) (0.89, 0.68, 1.01) #fs:   1  -- #Conts: 3 G(3) 
  35624224 283.76 || noQ Q (Avg,Max,Min) (1.01, 1.01, 1.00) (1.00, 0.99, 1.01) #fs:   0  -- #Conts: 2 G(2) 
  51900479 281.65 || noQ Q (Avg,Max,Min) (0.99, 1.01, 0.94) (0.96, 0.93, 0.99) #fs:   1  -- #Conts: 6 E(6) 
  67256698 274.94 || noQ Q (Avg,Max,Min) (1.00, 1.01, 1.00) (0.98, 0.95, 1.00) #fs:   0  -- #Conts: 5 E(5) 
/////////////////size: 11
  13796296 346.82 || noQ Q (Avg,Max,Min) (1.01, 1.03, 1.00) (0.93, 0.88, 0.97) #fs:   1  -- #Conts: 4 H(3)  G(1) 
  25187089 322.00 || noQ Q (Avg,Max,Min) (0.99, 1.08, 0.83) (0.84, 0.72, 1.01) #fs:   2  -- #Conts: 5 G(4)  E(1) 
  33024867 308.24 || noQ Q (Avg,Max,Min) (1.01, 1.08, 0.94) (0.88, 0.72, 0.96) #fs:   1  -- #Conts: 4 G(2)  A(1)  E(1) 
  34259966 302.53 || noQ Q (Avg,Max,Min) (1.01, 1.01, 1.00) (0.86, 0.72, 1.01) #fs:   0  -- #Conts: 4 G(3)  A(1) 
  34283959 301.53 || noQ Q (Avg,Max,Min) (1.01, 1.01, 1.00) (0.92, 0.73, 1.01) #fs:   0  -- #Conts: 4 G(3)  A(1) 
  34676179 300.53 || noQ Q (Avg,Max,Min) (1.00, 1.01, 1.00) (0.93, 0.73, 1.01) #fs:   0  -- #Conts: 4 G(3)  A(1) 
  34874993 299.53 || noQ Q (Avg,Max,Min) (1.01, 1.01, 1.00) (0.90, 0.73, 1.01) #fs:   0  -- #Conts: 3 G(3) 
  36901758 296.47 || noQ Q (Avg,Max,Min) (1.01, 1.01, 1.00) (0.93, 0.68, 1.01) #fs:   0  -- #Conts: 5 G(3)  E(2) 
  40309705 294.47 || noQ Q (Avg,Max,Min) (1.01, 1.01, 1.00) (0.95, 0.89, 1.01) #fs:   0  -- #Conts: 4 G(2)  A(1)  E(1) 
  40477506 293.47 || noQ Q (Avg,Max,Min) (1.02, 1.07, 1.00) (0.97, 0.94, 1.01) #fs:   0  -- #Conts: 5 G(2)  A(2)  E(1) 
  40678461 292.47 || noQ Q (Avg,Max,Min) (1.02, 1.07, 1.00) (0.97, 0.95, 1.01) #fs:   0  -- #Conts: 4 G(2)  A(1)  E(1) 
  41462691 290.76 || noQ Q (Avg,Max,Min) (0.99, 1.01, 0.92) (0.86, 0.70, 1.01) #fs:   1  -- #Conts: 4 G(2)  A(2) 
  41468824 289.76 || noQ Q (Avg,Max,Min) (0.99, 1.01, 0.92) (0.91, 0.75, 1.01) #fs:   1  -- #Conts: 4 G(2)  A(2) 
  41529771 288.76 || noQ Q (Avg,Max,Min) (0.99, 1.01, 0.92) (0.97, 0.92, 1.01) #fs:   1  -- #Conts: 4 G(2)  A(2) 
  41740158 287.76 || noQ Q (Avg,Max,Min) (0.97, 1.01, 0.88) (0.96, 0.87, 1.01) #fs:   1  -- #Conts: 4 G(2)  A(2) 
  41945222 286.76 || noQ Q (Avg,Max,Min) (0.94, 1.01, 0.76) (0.93, 0.76, 1.01) #fs:   1  -- #Conts: 4 G(2)  A(2) 
  42093454 285.76 || noQ Q (Avg,Max,Min) (1.01, 1.01, 1.00) (1.00, 0.98, 1.01) #fs:   0  -- #Conts: 3 G(2)  A(1) 
  42480616 284.76 || noQ Q (Avg,Max,Min) (1.01, 1.01, 1.00) (1.00, 0.99, 1.01) #fs:   0  -- #Conts: 3 G(2)  A(1) 
  42688862 283.76 || noQ Q (Avg,Max,Min) (1.01, 1.01, 1.01) (1.00, 0.99, 1.01) #fs:   0  -- #Conts: 2 G(2) 
  46039444 279.00 || noQ Q (Avg,Max,Min) (1.01, 1.02, 1.00) (0.94, 0.71, 1.01) #fs:   0  -- #Conts: 5 G(2)  A(1)  E(2) 
  46106097 278.00 || noQ Q (Avg,Max,Min) (1.01, 1.02, 1.00) (1.00, 0.98, 1.01) #fs:   0  -- #Conts: 5 G(2)  A(1)  E(2) 
  46601332 277.00 || noQ Q (Avg,Max,Min) (1.01, 1.02, 1.00) (0.98, 0.92, 1.01) #fs:   0  -- #Conts: 5 G(2)  A(1)  E(2) 
  69352751 276.29 || noQ Q (Avg,Max,Min) (1.01, 1.02, 1.00) (1.00, 0.97, 1.02) #fs:   0  -- #Conts: 4 G(1)  A(1)  E(2) 
  69816372 275.29 || noQ Q (Avg,Max,Min) (1.01, 1.02, 1.00) (1.00, 0.97, 1.02) #fs:   0  -- #Conts: 3 G(1)  E(2) 
  96833493 273.71 || noQ Q (Avg,Max,Min) (1.01, 1.02, 1.00) (0.79, 0.06, 1.00) #fs:   0  -- #Conts: 5 A(2)  E(2)  C(1) 
/////////////////size: 25
nodes 48 edges 56
 mulT: 100 mulD: 500  sumData GB 674
pareto /SIPHT.n.50.0.dax time -> 1205.0
moheft /SIPHT.n.50.0.dax time -> 376.0
distance from M to C 1.6221568015088519
distance from P to C 1.161821253220342
distance from C to M 7.013815644344292
distance from C to P 1.4138815666165694
toCompare: /SIPHT.n.50.0.dax sumDataGB: 674 mulT: 100 mulD: 500 paretoOptTime_MS: 1205.0 MoheftOptimizationTime_MS: 376.0 MtoC 1.6221568015088519 PtoC 1.161821253220342 CtoM 7.013815644344292 CtoP 1.4138815666165694
