specify -Dflow d,b,mt,md,size
Running /home/vaggelis/jc/LIGO.n.50.0.dax mt 500 md: 1000 size null
  23644965 2238.59 || noQ Q (Avg,Max,Min) (0.91, 1.00, 0.63) (0.84, 0.53, 0.97) #fs:  14  -- #Conts: 15 H(13)  G(2) 
  24589362 2144.00 || noQ Q (Avg,Max,Min) (0.96, 1.00, 0.76) (0.88, 0.73, 0.98) #fs:   8  -- #Conts: 18 H(18) 
  25887212 2112.47 || noQ Q (Avg,Max,Min) (0.97, 1.01, 0.77) (0.89, 0.77, 0.97) #fs:   4  -- #Conts: 18 H(18) 
  25889312 2080.94 || noQ Q (Avg,Max,Min) (0.97, 1.01, 0.77) (0.90, 0.77, 1.00) #fs:   5  -- #Conts: 18 H(18) 
  31857307 2049.41 || noQ Q (Avg,Max,Min) (0.98, 1.01, 0.77) (0.90, 0.77, 1.00) #fs:   3  -- #Conts: 18 H(18) 
  37128741 1907.53 || noQ Q (Avg,Max,Min) (0.94, 1.00, 0.71) (0.88, 0.63, 1.00) #fs:  12  -- #Conts: 20 H(5)  G(15) 
  37876327 1891.76 || noQ Q (Avg,Max,Min) (0.94, 1.00, 0.67) (0.88, 0.63, 1.00) #fs:  11  -- #Conts: 20 H(4)  G(16) 
  38066281 1876.00 || noQ Q (Avg,Max,Min) (0.94, 1.00, 0.67) (0.88, 0.63, 1.00) #fs:  10  -- #Conts: 20 H(3)  G(17) 
  38901196 1860.24 || noQ Q (Avg,Max,Min) (0.94, 1.00, 0.64) (0.88, 0.63, 1.00) #fs:  10  -- #Conts: 20 H(2)  G(18) 
  40503032 1758.59 || noQ Q (Avg,Max,Min) (0.96, 1.00, 0.83) (0.91, 0.80, 1.00) #fs:   9  -- #Conts: 20 G(19)  E(1) 
  42122235 1718.35 || noQ Q (Avg,Max,Min) (0.99, 1.00, 0.89) (0.93, 0.84, 1.00) #fs:   3  -- #Conts: 20 G(20) 
  49882979 1702.59 || noQ Q (Avg,Max,Min) (0.99, 1.00, 0.89) (0.93, 0.84, 1.00) #fs:   3  -- #Conts: 19 G(19) 
  57412405 1686.82 || noQ Q (Avg,Max,Min) (0.99, 1.00, 0.89) (0.94, 0.84, 1.00) #fs:   3  -- #Conts: 17 G(17) 
  61481933 1671.06 || noQ Q (Avg,Max,Min) (1.00, 1.00, 1.00) (0.95, 0.86, 0.99) #fs:   1  -- #Conts: 17 G(17) 
  70393297 1655.29 || noQ Q (Avg,Max,Min) (1.00, 1.00, 1.00) (0.96, 0.90, 0.99) #fs:   1  -- #Conts: 16 G(16) 
  78314767 1626.71 || noQ Q (Avg,Max,Min) (1.00, 1.00, 1.00) (0.97, 0.94, 0.99) #fs:   1  -- #Conts: 15 G(12)  E(3) 
  91291722 1596.00 || noQ Q (Avg,Max,Min) (1.00, 1.00, 1.00) (0.95, 0.90, 1.00) #fs:   0  -- #Conts: 23 E(23) 
  97124331 1582.59 || noQ Q (Avg,Max,Min) (1.00, 1.00, 0.97) (0.96, 0.92, 1.00) #fs:   1  -- #Conts: 20 E(20) 
 128905609 1569.18 || noQ Q (Avg,Max,Min) (1.00, 1.00, 1.00) (0.97, 0.92, 1.00) #fs:   0  -- #Conts: 19 E(19) 
 139461837 1562.47 || noQ Q (Avg,Max,Min) (1.00, 1.00, 1.00) (0.97, 0.93, 1.00) #fs:   0  -- #Conts: 18 E(18) 
 151149522 1555.76 || noQ Q (Avg,Max,Min) (1.00, 1.00, 1.00) (0.98, 0.93, 1.00) #fs:   0  -- #Conts: 17 E(17) 
 162257769 1551.76 || noQ Q (Avg,Max,Min) (1.00, 1.00, 1.00) (0.98, 0.88, 1.00) #fs:   0  -- #Conts: 15 G(1)  E(14) 
 162807977 1542.35 || noQ Q (Avg,Max,Min) (1.00, 1.00, 1.00) (0.99, 0.96, 1.00) #fs:   0  -- #Conts: 15 E(15) 
/////////////////size: 23
  46002996 1976.59 || noQ Q (Avg,Max,Min) (1.00, 1.00, 0.89) (0.89, 0.77, 1.00) #fs:   1  -- #Conts: 24 H(14)  A(2)  G(8) 
  49004795 1960.82 || noQ Q (Avg,Max,Min) (1.00, 1.00, 0.89) (0.90, 0.77, 1.00) #fs:   1  -- #Conts: 23 H(14)  A(2)  G(7) 
  49730847 1945.06 || noQ Q (Avg,Max,Min) (1.00, 1.00, 1.00) (0.90, 0.77, 1.00) #fs:   0  -- #Conts: 22 H(13)  A(2)  G(7) 
  52732646 1929.29 || noQ Q (Avg,Max,Min) (1.00, 1.00, 1.00) (0.91, 0.78, 1.00) #fs:   0  -- #Conts: 22 H(13)  A(2)  G(7) 
  54809109 1913.53 || noQ Q (Avg,Max,Min) (1.00, 1.00, 1.00) (0.91, 0.77, 1.00) #fs:   0  -- #Conts: 21 H(12)  A(2)  G(7) 
  56017432 1897.76 || noQ Q (Avg,Max,Min) (1.00, 1.00, 1.00) (0.92, 0.77, 1.00) #fs:   0  -- #Conts: 21 H(12)  A(2)  G(7) 
  56302419 1882.00 || noQ Q (Avg,Max,Min) (1.00, 1.00, 0.92) (0.91, 0.77, 1.00) #fs:   1  -- #Conts: 20 H(11)  A(2)  G(7) 
  63117132 1866.24 || noQ Q (Avg,Max,Min) (1.00, 1.00, 1.00) (0.92, 0.78, 1.00) #fs:   0  -- #Conts: 20 H(11)  A(2)  G(7) 
  65630936 1850.47 || noQ Q (Avg,Max,Min) (1.00, 1.00, 0.92) (0.93, 0.83, 1.00) #fs:   1  -- #Conts: 17 H(9)  A(2)  G(6) 
  67574061 1834.71 || noQ Q (Avg,Max,Min) (1.00, 1.00, 0.92) (0.93, 0.83, 1.00) #fs:   1  -- #Conts: 18 H(9)  A(2)  G(7) 
  78779435 1827.65 || noQ Q (Avg,Max,Min) (1.00, 1.00, 0.92) (0.93, 0.83, 1.00) #fs:   1  -- #Conts: 18 H(9)  A(2)  G(6)  E(1) 
  80572703 1803.18 || noQ Q (Avg,Max,Min) (1.00, 1.00, 0.92) (0.94, 0.83, 1.00) #fs:   1  -- #Conts: 15 H(7)  A(2)  G(6) 
  83756159 1788.41 || noQ Q (Avg,Max,Min) (0.99, 1.00, 0.82) (0.91, 0.73, 1.00) #fs:   2  -- #Conts: 19 H(8)  A(3)  G(8) 
  86994458 1772.65 || noQ Q (Avg,Max,Min) (1.00, 1.00, 0.99) (0.92, 0.73, 1.00) #fs:   1  -- #Conts: 18 H(7)  A(3)  G(8) 
  95159519 1763.59 || noQ Q (Avg,Max,Min) (1.00, 1.01, 0.99) (0.86, 0.09, 1.00) #fs:   1  -- #Conts: 18 H(6)  A(3)  G(8)  E(1) 
  95401278 1760.88 || noQ Q (Avg,Max,Min) (1.00, 1.01, 0.99) (0.87, 0.16, 1.00) #fs:   1  -- #Conts: 18 H(6)  A(3)  G(8)  C(1) 
  95763623 1729.59 || noQ Q (Avg,Max,Min) (1.00, 1.05, 0.99) (0.89, 0.03, 1.00) #fs:   1  -- #Conts: 21 H(5)  A(3)  G(6)  E(7) 
  95822310 1698.06 || noQ Q (Avg,Max,Min) (1.00, 1.01, 0.99) (0.94, 0.73, 1.00) #fs:   1  -- #Conts: 20 H(4)  A(3)  G(6)  E(7) 
 103926230 1697.82 || noQ Q (Avg,Max,Min) (1.00, 1.01, 0.99) (0.94, 0.73, 1.00) #fs:   1  -- #Conts: 20 H(4)  A(3)  G(6)  E(6)  C(1) 
 106251239 1677.00 || noQ Q (Avg,Max,Min) (1.00, 1.01, 1.00) (0.94, 0.73, 1.00) #fs:   0  -- #Conts: 18 H(4)  A(3)  G(8)  E(3) 
 109741504 1660.18 || noQ Q (Avg,Max,Min) (1.00, 1.01, 1.00) (0.95, 0.73, 1.00) #fs:   0  -- #Conts: 20 H(3)  A(3)  G(8)  E(6) 
 110073879 1659.94 || noQ Q (Avg,Max,Min) (1.00, 1.01, 1.00) (0.95, 0.73, 1.00) #fs:   1  -- #Conts: 20 H(3)  A(3)  G(8)  E(5)  C(1) 
 122057321 1653.47 || noQ Q (Avg,Max,Min) (1.00, 1.01, 1.00) (0.95, 0.73, 1.00) #fs:   0  -- #Conts: 19 H(3)  A(3)  G(8)  E(5) 
 124138636 1646.12 || noQ Q (Avg,Max,Min) (1.00, 1.01, 1.00) (0.95, 0.74, 1.00) #fs:   0  -- #Conts: 16 H(2)  A(3)  G(7)  E(4) 
 130803789 1639.06 || noQ Q (Avg,Max,Min) (1.00, 1.01, 1.00) (0.95, 0.74, 1.00) #fs:   0  -- #Conts: 17 H(2)  A(3)  G(7)  E(5) 
 133599836 1629.35 || noQ Q (Avg,Max,Min) (1.00, 1.00, 1.00) (0.93, 0.73, 1.00) #fs:   1  -- #Conts: 13 G(8)  A(2)  E(2)  C(1) 
 136337551 1625.29 || noQ Q (Avg,Max,Min) (1.00, 1.00, 1.00) (0.95, 0.81, 1.00) #fs:   2  -- #Conts: 13 H(1)  G(6)  A(2)  E(3)  C(1) 
 140635160 1613.59 || noQ Q (Avg,Max,Min) (1.00, 1.00, 1.00) (0.95, 0.73, 1.00) #fs:   1  -- #Conts: 12 G(7)  A(2)  E(2)  C(1) 
 144574453 1606.53 || noQ Q (Avg,Max,Min) (1.00, 1.00, 1.00) (0.95, 0.73, 1.00) #fs:   1  -- #Conts: 12 G(6)  A(2)  E(3)  C(1) 
 145036767 1602.24 || noQ Q (Avg,Max,Min) (1.00, 1.00, 1.00) (0.97, 0.89, 1.00) #fs:   1  -- #Conts: 12 G(6)  A(2)  E(3)  C(1) 
 145186918 1601.24 || noQ Q (Avg,Max,Min) (1.00, 1.00, 1.00) (0.96, 0.74, 1.00) #fs:   1  -- #Conts: 12 G(6)  A(2)  E(3)  C(1) 
 151337281 1599.06 || noQ Q (Avg,Max,Min) (1.00, 1.00, 1.00) (0.97, 0.89, 1.00) #fs:   2  -- #Conts: 14 G(5)  A(2)  E(6)  C(1) 
 160277414 1598.82 || noQ Q (Avg,Max,Min) (1.00, 1.00, 1.00) (0.97, 0.89, 1.00) #fs:   2  -- #Conts: 14 G(5)  A(2)  E(5)  C(2) 
 168838227 1581.53 || noQ Q (Avg,Max,Min) (1.00, 1.00, 1.00) (0.99, 0.95, 1.00) #fs:   2  -- #Conts: 12 A(1)  G(6)  E(5) 
 175491766 1581.18 || noQ Q (Avg,Max,Min) (1.00, 1.00, 1.00) (0.99, 0.95, 1.00) #fs:   2  -- #Conts: 13 A(1)  G(6)  E(6) 
 183044955 1572.71 || noQ Q (Avg,Max,Min) (1.00, 1.00, 1.00) (0.96, 0.69, 1.00) #fs:   2  -- #Conts: 14 A(2)  G(6)  E(6) 
 185714593 1565.65 || noQ Q (Avg,Max,Min) (1.00, 1.00, 1.00) (0.97, 0.69, 1.00) #fs:   2  -- #Conts: 13 A(2)  G(5)  E(6) 
 200369942 1565.41 || noQ Q (Avg,Max,Min) (1.00, 1.00, 1.00) (0.97, 0.69, 1.00) #fs:   2  -- #Conts: 14 A(2)  G(5)  E(6)  C(1) 
 201107246 1564.65 || noQ Q (Avg,Max,Min) (1.00, 1.00, 1.00) (0.97, 0.63, 1.00) #fs:   2  -- #Conts: 14 A(2)  G(5)  E(7) 
 201258169 1559.24 || noQ Q (Avg,Max,Min) (1.00, 1.00, 1.00) (0.96, 0.63, 1.00) #fs:   1  -- #Conts: 13 A(2)  G(4)  E(7) 
 206921818 1559.00 || noQ Q (Avg,Max,Min) (1.00, 1.00, 1.00) (0.97, 0.63, 1.00) #fs:   1  -- #Conts: 14 A(2)  G(4)  E(7)  C(1) 
 227819210 1558.65 || noQ Q (Avg,Max,Min) (1.00, 1.00, 1.00) (0.96, 0.63, 1.00) #fs:   1  -- #Conts: 15 A(2)  G(4)  E(7)  C(2) 
 228512146 1553.82 || noQ Q (Avg,Max,Min) (1.00, 1.00, 1.00) (0.96, 0.63, 1.00) #fs:   1  -- #Conts: 13 A(2)  G(4)  E(7) 
 236341291 1553.59 || noQ Q (Avg,Max,Min) (1.00, 1.00, 1.00) (0.97, 0.63, 1.00) #fs:   1  -- #Conts: 14 A(2)  G(4)  E(7)  C(1) 
 264328137 1552.59 || noQ Q (Avg,Max,Min) (1.00, 1.00, 1.00) (0.97, 0.69, 1.00) #fs:   0  -- #Conts: 14 A(2)  G(3)  E(8)  C(1) 
 278983486 1552.35 || noQ Q (Avg,Max,Min) (1.00, 1.00, 1.00) (0.97, 0.69, 1.00) #fs:   0  -- #Conts: 15 A(2)  G(3)  E(8)  C(2) 
 283198344 1549.88 || noQ Q (Avg,Max,Min) (1.00, 1.01, 1.00) (0.92, 0.16, 1.00) #fs:   0  -- #Conts: 15 A(2)  G(3)  E(8)  C(2) 
 285169471 1546.88 || noQ Q (Avg,Max,Min) (1.00, 1.00, 1.00) (0.95, 0.69, 1.00) #fs:   0  -- #Conts: 15 A(3)  G(3)  E(8)  C(1) 
/////////////////size: 48
nodes 50 edges 60
 mulT: 500 mulD: 1000  sumData GB 1447
pareto /LIGO.n.50.0.dax time -> 1092.0
moheft /LIGO.n.50.0.dax time -> 591.0
distance from M to C 15.667292595201234
distance from P to C 0.0
distance from C to M 35.693692457735416
distance from C to P 0.0
toCompare: /LIGO.n.50.0.dax sumDataGB: 1447 mulT: 500 mulD: 1000 paretoOptTime_MS: 1092.0 MoheftOptimizationTime_MS: 591.0 MtoC 15.667292595201234 PtoC 0.0 CtoM 35.693692457735416 CtoP 0.0
