specify -Dflow d,b,mt,md,size
Running /home/vaggelis/jc/CYBERSHAKE.n.100.0.dax mt 1 md: 10000 size null
     40954 063.06 || noQ Q (Avg,Max,Min) (1360.99, 1479.89, 10.00) (15.24, 10.00, 16.35) #fs:   0  -- #Conts: 2 H(2) 
     64885 047.29 || noQ Q (Avg,Max,Min) (858.39, 932.78, 10.00) (15.24, 10.00, 16.36) #fs:   1  -- #Conts: 2 H(1)  G(1) 
     68545 031.53 || noQ Q (Avg,Max,Min) (814.78, 887.03, 10.00) (15.25, 10.00, 16.36) #fs:   1  -- #Conts: 2 G(2) 
    129465 015.76 || noQ Q (Avg,Max,Min) (847.58, 847.58, 10.00) (30.48, 10.00, 30.48) #fs:   0  -- #Conts: 1 G(1) 
    151701 013.41 || noQ Q (Avg,Max,Min) (365.14, 394.23, 10.00) (15.27, 10.00, 16.38) #fs:   2  -- #Conts: 2 E(2) 
    246011 010.71 || noQ Q (Avg,Max,Min) (226.47, 240.15, 10.00) (15.29, 10.00, 16.41) #fs:   1  -- #Conts: 2 E(1)  C(1) 
    260456 008.00 || noQ Q (Avg,Max,Min) (212.37, 228.59, 10.00) (15.30, 10.00, 16.41) #fs:   2  -- #Conts: 2 C(2) 
    291917 006.71 || noQ Q (Avg,Max,Min) (376.46, 376.46, 10.00) (30.53, 10.00, 30.53) #fs:   0  -- #Conts: 1 E(1) 
    504383 004.00 || noQ Q (Avg,Max,Min) (218.30, 218.30, 10.00) (30.59, 10.00, 30.59) #fs:   0  -- #Conts: 1 C(1) 
   1147139 002.00 || noQ Q (Avg,Max,Min) (48.80, 52.29, 10.00) (15.54, 10.00, 16.65) #fs:   2  -- #Conts: 2 A(2) 
   2236610 001.00 || noQ Q (Avg,Max,Min) (50.00, 50.00, 10.00) (31.07, 10.00, 31.07) #fs:   0  -- #Conts: 1 A(1) 
/////////////////size: 11
     74154 046.24 || noQ Q (Avg,Max,Min) (216.27, 1479.04, 0.42) (4.36, 0.00, 30.47) #fs:   8  -- #Conts: 7 H(1)  A(4)  E(1)  C(1) 
     74172 039.53 || noQ Q (Avg,Max,Min) (249.29, 1478.68, 0.42) (5.08, 0.00, 30.47) #fs:   7  -- #Conts: 6 H(1)  A(4)  C(1) 
     74216 036.53 || noQ Q (Avg,Max,Min) (248.16, 1477.80, 0.42) (5.08, 0.00, 30.47) #fs:   6  -- #Conts: 6 H(1)  A(5) 
     74667 035.53 || noQ Q (Avg,Max,Min) (295.51, 1468.89, 0.47) (6.10, 0.00, 30.47) #fs:   4  -- #Conts: 5 H(1)  A(4) 
     74842 034.53 || noQ Q (Avg,Max,Min) (367.70, 1465.46, 0.47) (7.62, 0.00, 30.47) #fs:   4  -- #Conts: 4 H(1)  A(3) 
     74907 033.53 || noQ Q (Avg,Max,Min) (488.74, 1464.19, 0.47) (10.16, 0.01, 30.47) #fs:   4  -- #Conts: 3 H(1)  A(2) 
     75203 032.53 || noQ Q (Avg,Max,Min) (729.99, 1458.43, 1.56) (15.24, 0.01, 30.47) #fs:   1  -- #Conts: 2 H(1)  A(1) 
     75562 031.53 || noQ Q (Avg,Max,Min) (1451.51, 1451.51, 10.00) (30.47, 10.00, 30.47) #fs:   0  -- #Conts: 1 H(1) 
    126867 024.76 || noQ Q (Avg,Max,Min) (125.53, 864.91, 0.28) (4.36, 0.00, 30.48) #fs:  10  -- #Conts: 7 G(1)  A(5)  C(1) 
    126938 020.76 || noQ Q (Avg,Max,Min) (144.67, 864.43, 0.35) (5.09, 0.00, 30.48) #fs:   9  -- #Conts: 6 G(1)  A(5) 
    127470 019.76 || noQ Q (Avg,Max,Min) (172.66, 860.83, 0.35) (6.10, 0.00, 30.48) #fs:   7  -- #Conts: 5 G(1)  A(4) 
    127684 018.76 || noQ Q (Avg,Max,Min) (215.40, 859.39, 0.43) (7.63, 0.01, 30.48) #fs:   6  -- #Conts: 4 G(1)  A(3) 
    128186 017.76 || noQ Q (Avg,Max,Min) (285.84, 856.03, 0.43) (10.17, 0.01, 30.48) #fs:   4  -- #Conts: 3 G(1)  A(2) 
    128671 016.76 || noQ Q (Avg,Max,Min) (426.93, 852.81, 1.04) (15.25, 0.01, 30.48) #fs:   2  -- #Conts: 2 G(1)  A(1) 
    129465 015.76 || noQ Q (Avg,Max,Min) (847.58, 847.58, 10.00) (30.48, 10.00, 30.48) #fs:   0  -- #Conts: 1 G(1) 
    285738 014.71 || noQ Q (Avg,Max,Min) (66.29, 384.58, 0.17) (5.09, 0.00, 30.52) #fs:   8  -- #Conts: 6 A(4)  E(1)  C(1) 
    285908 010.71 || noQ Q (Avg,Max,Min) (77.72, 384.35, 0.21) (6.11, 0.01, 30.52) #fs:   7  -- #Conts: 5 A(4)  E(1) 
    286573 009.71 || noQ Q (Avg,Max,Min) (96.91, 383.46, 0.35) (7.64, 0.01, 30.52) #fs:   4  -- #Conts: 4 A(3)  E(1) 
    288258 008.71 || noQ Q (Avg,Max,Min) (127.56, 381.22, 0.42) (10.18, 0.01, 30.53) #fs:   4  -- #Conts: 3 A(2)  E(1) 
    290072 007.71 || noQ Q (Avg,Max,Min) (189.65, 378.85, 0.46) (15.27, 0.01, 30.53) #fs:   2  -- #Conts: 2 A(1)  E(1) 
    291917 006.71 || noQ Q (Avg,Max,Min) (376.46, 376.46, 10.00) (30.53, 10.00, 30.53) #fs:   0  -- #Conts: 1 E(1) 
    495013 006.00 || noQ Q (Avg,Max,Min) (75.00, 222.41, 0.37) (10.21, 0.02, 30.58) #fs:   4  -- #Conts: 3 A(2)  C(1) 
    498976 005.00 || noQ Q (Avg,Max,Min) (110.55, 220.66, 0.45) (15.30, 0.02, 30.58) #fs:   2  -- #Conts: 2 A(1)  C(1) 
    504383 004.00 || noQ Q (Avg,Max,Min) (218.30, 218.30, 10.00) (30.59, 10.00, 30.59) #fs:   0  -- #Conts: 1 C(1) 
   1147139 002.00 || noQ Q (Avg,Max,Min) (49.01, 52.71, 10.00) (15.54, 10.00, 16.65) #fs:   2  -- #Conts: 2 A(2) 
   2236610 001.00 || noQ Q (Avg,Max,Min) (50.00, 50.00, 10.00) (31.07, 10.00, 31.07) #fs:   0  -- #Conts: 1 A(1) 
/////////////////size: 26
nodes 100 edges 192
 mulT: 1 mulD: 10000  sumData GB 975992
pareto /CYBERSHAKE.n.100.0.dax time -> 550.0
moheft /CYBERSHAKE.n.100.0.dax time -> 1087.0
distance from M to C 1.106288842481377
distance from P to C 0.0
distance from C to M 0.21470283036226823
distance from C to P 0.8612019262137374
toCompare: /CYBERSHAKE.n.100.0.dax sumDataGB: 975992 mulT: 1 mulD: 10000 paretoOptTime_MS: 550.0 MoheftOptimizationTime_MS: 1087.0 MtoC 1.106288842481377 PtoC 0.0 CtoM 0.21470283036226823 CtoP 0.8612019262137374
