specify -Dflow d,b,mt,md,size
Running /home/vaggelis/jc/MONTAGE.n.50.0.dax mt 5000 md: 10000 size null
  12641339 1418.82 || noQ Q (Avg,Max,Min) (1.33, 1.90, 0.84) (0.78, 0.69, 1.66) #fs:  17  -- #Conts: 28 H(28) 
  12684902 1387.29 || noQ Q (Avg,Max,Min) (1.35, 1.89, 0.93) (0.78, 0.72, 1.66) #fs:  15  -- #Conts: 27 H(27) 
  13857632 1371.53 || noQ Q (Avg,Max,Min) (1.31, 1.73, 0.82) (0.80, 0.72, 1.66) #fs:  16  -- #Conts: 27 H(26)  G(1) 
  13866625 1355.76 || noQ Q (Avg,Max,Min) (1.30, 1.73, 0.82) (0.81, 0.72, 1.66) #fs:  16  -- #Conts: 27 H(25)  G(2) 
  13872192 1340.00 || noQ Q (Avg,Max,Min) (1.29, 1.73, 0.82) (0.82, 0.72, 1.66) #fs:  16  -- #Conts: 27 H(24)  G(3) 
  13872563 1324.24 || noQ Q (Avg,Max,Min) (1.28, 1.73, 0.82) (0.84, 0.72, 1.66) #fs:  16  -- #Conts: 27 H(23)  G(4) 
  13873386 1308.47 || noQ Q (Avg,Max,Min) (1.28, 1.73, 0.82) (0.85, 0.72, 1.66) #fs:  16  -- #Conts: 27 H(22)  G(5) 
  13880502 1292.71 || noQ Q (Avg,Max,Min) (1.27, 1.73, 0.82) (0.86, 0.72, 1.66) #fs:  16  -- #Conts: 27 H(21)  G(6) 
  13882191 1276.94 || noQ Q (Avg,Max,Min) (1.26, 1.73, 0.82) (0.87, 0.72, 1.66) #fs:  16  -- #Conts: 27 H(20)  G(7) 
  13884381 1261.18 || noQ Q (Avg,Max,Min) (1.26, 1.73, 0.82) (0.89, 0.72, 1.66) #fs:  16  -- #Conts: 27 H(19)  G(8) 
  13886592 1245.41 || noQ Q (Avg,Max,Min) (1.25, 1.73, 0.82) (0.90, 0.72, 1.66) #fs:  16  -- #Conts: 27 H(18)  G(9) 
  13887988 1229.65 || noQ Q (Avg,Max,Min) (1.24, 1.73, 0.82) (0.91, 0.73, 1.66) #fs:  16  -- #Conts: 27 H(17)  G(10) 
  13889936 1213.88 || noQ Q (Avg,Max,Min) (1.23, 1.72, 0.82) (0.93, 0.73, 1.66) #fs:  16  -- #Conts: 27 H(16)  G(11) 
  13891766 1198.12 || noQ Q (Avg,Max,Min) (1.23, 1.72, 0.82) (0.94, 0.73, 1.66) #fs:  16  -- #Conts: 27 H(15)  G(12) 
  13894101 1182.35 || noQ Q (Avg,Max,Min) (1.22, 1.72, 0.82) (0.95, 0.73, 1.66) #fs:  16  -- #Conts: 27 H(14)  G(13) 
  13896150 1166.59 || noQ Q (Avg,Max,Min) (1.21, 1.72, 0.82) (0.97, 0.73, 1.66) #fs:  16  -- #Conts: 27 H(13)  G(14) 
  13897019 1150.82 || noQ Q (Avg,Max,Min) (1.21, 1.72, 0.82) (0.98, 0.73, 1.66) #fs:  16  -- #Conts: 27 H(12)  G(15) 
  13906680 1135.06 || noQ Q (Avg,Max,Min) (1.20, 1.72, 0.82) (0.99, 0.73, 1.66) #fs:  16  -- #Conts: 27 H(11)  G(16) 
  13925099 1119.29 || noQ Q (Avg,Max,Min) (1.19, 1.72, 0.82) (1.01, 0.73, 1.66) #fs:  16  -- #Conts: 27 H(10)  G(17) 
  13933338 1103.53 || noQ Q (Avg,Max,Min) (1.18, 1.72, 0.81) (1.02, 0.73, 1.66) #fs:  16  -- #Conts: 27 H(9)  G(18) 
  13933774 1087.76 || noQ Q (Avg,Max,Min) (1.18, 1.72, 0.81) (1.03, 0.77, 1.66) #fs:  16  -- #Conts: 27 H(8)  G(19) 
  14377257 993.18 || noQ Q (Avg,Max,Min) (1.21, 1.85, 0.78) (1.11, 0.77, 1.84) #fs:  16  -- #Conts: 20 H(9)  G(11) 
  14384318 977.41 || noQ Q (Avg,Max,Min) (1.23, 1.85, 0.94) (1.14, 0.93, 1.84) #fs:  16  -- #Conts: 18 H(10)  G(8) 
  18395107 930.12 || noQ Q (Avg,Max,Min) (1.20, 1.62, 0.89) (0.99, 0.55, 1.38) #fs:  17  -- #Conts: 28 H(3)  G(25) 
  18417141 914.35 || noQ Q (Avg,Max,Min) (1.19, 1.61, 0.89) (1.00, 0.55, 1.38) #fs:  17  -- #Conts: 28 H(2)  G(26) 
  18430199 898.59 || noQ Q (Avg,Max,Min) (1.18, 1.61, 0.89) (1.02, 0.55, 1.38) #fs:  17  -- #Conts: 28 H(1)  G(27) 
  19312328 867.06 || noQ Q (Avg,Max,Min) (1.21, 2.03, 0.89) (1.03, 0.73, 1.94) #fs:  16  -- #Conts: 28 H(2)  G(26) 
  19334362 851.29 || noQ Q (Avg,Max,Min) (1.20, 2.03, 0.89) (1.05, 0.73, 1.94) #fs:  16  -- #Conts: 28 H(1)  G(27) 
  19347420 835.53 || noQ Q (Avg,Max,Min) (1.19, 2.03, 0.89) (1.06, 0.87, 1.94) #fs:  16  -- #Conts: 28 G(28) 
  24110188 819.76 || noQ Q (Avg,Max,Min) (1.28, 2.61, 0.91) (1.10, 0.73, 2.03) #fs:  11  -- #Conts: 27 H(1)  G(26) 
  24111674 804.00 || noQ Q (Avg,Max,Min) (1.27, 2.61, 0.91) (1.12, 0.91, 2.03) #fs:  11  -- #Conts: 27 G(27) 
  28027123 770.12 || noQ Q (Avg,Max,Min) (1.34, 2.61, 1.10) (1.16, 1.00, 2.03) #fs:   4  -- #Conts: 27 G(26)  E(1) 
  40031226 762.47 || noQ Q (Avg,Max,Min) (1.09, 1.81, 0.85) (1.02, 0.78, 1.68) #fs:  14  -- #Conts: 29 G(2)  E(27) 
  40067930 760.12 || noQ Q (Avg,Max,Min) (1.08, 1.81, 0.85) (1.02, 0.78, 1.68) #fs:  15  -- #Conts: 29 G(1)  E(28) 
  40070093 757.76 || noQ Q (Avg,Max,Min) (1.08, 1.81, 0.85) (1.02, 0.78, 1.68) #fs:  15  -- #Conts: 29 E(29) 
  40102060 749.06 || noQ Q (Avg,Max,Min) (1.10, 1.80, 0.85) (1.04, 0.78, 1.68) #fs:  13  -- #Conts: 30 G(2)  E(28) 
  40105471 735.65 || noQ Q (Avg,Max,Min) (1.11, 1.81, 0.85) (1.05, 0.78, 1.68) #fs:  12  -- #Conts: 31 G(2)  E(29) 
  40142175 733.29 || noQ Q (Avg,Max,Min) (1.10, 1.81, 0.85) (1.05, 0.78, 1.68) #fs:  13  -- #Conts: 31 G(1)  E(30) 
  40144338 730.94 || noQ Q (Avg,Max,Min) (1.10, 1.81, 0.85) (1.05, 0.78, 1.68) #fs:  13  -- #Conts: 31 E(31) 
  40149312 722.24 || noQ Q (Avg,Max,Min) (1.12, 1.80, 0.85) (1.06, 0.78, 1.68) #fs:  11  -- #Conts: 32 G(2)  E(30) 
  40182617 708.82 || noQ Q (Avg,Max,Min) (1.12, 1.80, 0.85) (1.07, 0.78, 1.68) #fs:  10  -- #Conts: 33 G(2)  E(31) 
  40191658 695.41 || noQ Q (Avg,Max,Min) (1.13, 1.81, 0.86) (1.08, 0.78, 1.69) #fs:   9  -- #Conts: 34 G(2)  E(32) 
  40228362 693.06 || noQ Q (Avg,Max,Min) (1.13, 1.81, 0.85) (1.08, 0.78, 1.69) #fs:  10  -- #Conts: 34 G(1)  E(33) 
  40230525 690.71 || noQ Q (Avg,Max,Min) (1.12, 1.81, 0.85) (1.08, 0.78, 1.69) #fs:  10  -- #Conts: 34 E(34) 
  40280775 682.00 || noQ Q (Avg,Max,Min) (1.14, 1.80, 1.00) (1.08, 0.92, 1.69) #fs:   8  -- #Conts: 35 G(2)  E(33) 
  40317479 679.65 || noQ Q (Avg,Max,Min) (1.13, 1.80, 1.00) (1.08, 0.92, 1.69) #fs:   9  -- #Conts: 35 G(1)  E(34) 
  40319642 677.29 || noQ Q (Avg,Max,Min) (1.13, 1.80, 1.00) (1.08, 0.92, 1.69) #fs:   9  -- #Conts: 35 E(35) 
  49209175 666.24 || noQ Q (Avg,Max,Min) (1.15, 1.81, 0.89) (1.10, 0.87, 1.69) #fs:   2  -- #Conts: 32 G(1)  E(31) 
  49209348 663.88 || noQ Q (Avg,Max,Min) (1.14, 1.81, 0.89) (1.10, 0.87, 1.69) #fs:   3  -- #Conts: 32 E(32) 
  49298292 652.82 || noQ Q (Avg,Max,Min) (1.16, 1.80, 1.06) (1.11, 0.98, 1.69) #fs:   1  -- #Conts: 33 G(1)  E(32) 
  49298465 650.47 || noQ Q (Avg,Max,Min) (1.15, 1.80, 1.06) (1.11, 0.98, 1.69) #fs:   2  -- #Conts: 33 E(33) 
/////////////////size: 51
  12639757 1544.94 || noQ Q (Avg,Max,Min) (1.33, 1.69, 0.64) (0.74, 0.52, 1.48) #fs:  12  -- #Conts: 32 H(32) 
  12755800 1513.41 || noQ Q (Avg,Max,Min) (1.33, 1.67, 0.63) (0.74, 0.52, 1.48) #fs:  11  -- #Conts: 31 H(31) 
  12759623 1481.88 || noQ Q (Avg,Max,Min) (1.35, 2.43, 0.63) (0.77, 0.53, 2.00) #fs:  11  -- #Conts: 31 H(31) 
  13525842 1418.82 || noQ Q (Avg,Max,Min) (1.35, 2.06, 0.64) (0.79, 0.53, 1.93) #fs:  11  -- #Conts: 31 H(31) 
  13546612 1387.29 || noQ Q (Avg,Max,Min) (1.35, 2.06, 0.93) (0.81, 0.72, 1.94) #fs:  11  -- #Conts: 31 H(31) 
  13866920 1355.76 || noQ Q (Avg,Max,Min) (1.24, 1.54, 0.56) (0.86, 0.52, 1.48) #fs:  12  -- #Conts: 31 H(21)  G(10) 
  13872333 1308.47 || noQ Q (Avg,Max,Min) (1.22, 1.54, 0.56) (0.89, 0.52, 1.48) #fs:  12  -- #Conts: 31 H(18)  G(13) 
  13889936 1276.94 || noQ Q (Avg,Max,Min) (1.18, 1.54, 0.56) (0.93, 0.52, 1.48) #fs:  13  -- #Conts: 31 H(14)  G(17) 
  13894101 1245.41 || noQ Q (Avg,Max,Min) (1.16, 1.54, 0.56) (0.95, 0.52, 1.48) #fs:  13  -- #Conts: 31 H(12)  G(19) 
  13896789 1166.59 || noQ Q (Avg,Max,Min) (1.16, 1.54, 0.56) (1.00, 0.52, 1.48) #fs:  11  -- #Conts: 32 H(8)  G(24) 
  13900612 1135.06 || noQ Q (Avg,Max,Min) (1.24, 3.98, 0.56) (1.03, 0.53, 2.63) #fs:  10  -- #Conts: 33 H(9)  G(24) 
  14680634 1087.76 || noQ Q (Avg,Max,Min) (1.29, 3.45, 0.56) (1.04, 0.53, 2.64) #fs:   7  -- #Conts: 36 H(11)  G(25) 
  14689193 1056.24 || noQ Q (Avg,Max,Min) (1.33, 3.44, 0.56) (1.05, 0.53, 2.64) #fs:   6  -- #Conts: 37 H(12)  G(25) 
  14703816 1040.47 || noQ Q (Avg,Max,Min) (1.38, 2.68, 0.56) (1.03, 0.53, 1.88) #fs:   2  -- #Conts: 43 H(15)  G(28) 
  14723920 1024.71 || noQ Q (Avg,Max,Min) (1.40, 1.90, 1.01) (1.03, 0.80, 1.55) #fs:   3  -- #Conts: 40 H(15)  G(25) 
  14724586 1008.94 || noQ Q (Avg,Max,Min) (1.41, 2.67, 1.26) (1.04, 0.86, 1.88) #fs:   1  -- #Conts: 44 H(16)  G(28) 
  15996158 882.82 || noQ Q (Avg,Max,Min) (1.35, 2.67, 1.26) (1.10, 0.86, 2.20) #fs:   1  -- #Conts: 43 H(9)  G(34) 
  19812680 835.76 || noQ Q (Avg,Max,Min) (1.28, 2.67, 1.12) (1.09, 0.86, 2.20) #fs:   1  -- #Conts: 43 H(9)  G(14)  E(20) 
  19820658 831.06 || noQ Q (Avg,Max,Min) (1.27, 2.67, 1.12) (1.09, 0.86, 2.20) #fs:   1  -- #Conts: 43 H(9)  G(12)  E(22) 
  19837801 828.71 || noQ Q (Avg,Max,Min) (1.27, 2.67, 1.12) (1.09, 0.86, 2.20) #fs:   1  -- #Conts: 42 H(9)  G(10)  E(23) 
  19851760 826.35 || noQ Q (Avg,Max,Min) (1.27, 2.67, 1.12) (1.09, 0.86, 2.20) #fs:   1  -- #Conts: 43 H(9)  G(10)  E(24) 
  19888948 824.00 || noQ Q (Avg,Max,Min) (1.26, 2.67, 1.12) (1.09, 0.86, 2.20) #fs:   1  -- #Conts: 43 H(9)  G(9)  E(25) 
  24376570 798.82 || noQ Q (Avg,Max,Min) (1.33, 5.29, 1.12) (1.14, 0.86, 4.34) #fs:   0  -- #Conts: 46 H(8)  G(13)  E(24)  C(1) 
  24413758 796.47 || noQ Q (Avg,Max,Min) (1.32, 5.29, 1.12) (1.14, 0.86, 4.34) #fs:   0  -- #Conts: 46 H(8)  G(12)  E(25)  C(1) 
  24465586 775.76 || noQ Q (Avg,Max,Min) (1.28, 1.91, 1.09) (1.10, 0.89, 1.84) #fs:   3  -- #Conts: 43 H(1)  G(34)  E(8) 
  26451679 746.82 || noQ Q (Avg,Max,Min) (1.24, 2.67, 0.99) (1.12, 0.93, 2.20) #fs:   8  -- #Conts: 31 H(1)  G(11)  E(19) 
  26459982 744.47 || noQ Q (Avg,Max,Min) (1.24, 2.67, 0.99) (1.12, 0.93, 2.20) #fs:   8  -- #Conts: 31 H(1)  G(10)  E(20) 
  26467493 742.12 || noQ Q (Avg,Max,Min) (1.23, 2.67, 0.99) (1.12, 0.93, 2.20) #fs:   8  -- #Conts: 32 H(1)  G(10)  E(21) 
  26473336 739.76 || noQ Q (Avg,Max,Min) (1.23, 2.67, 0.99) (1.12, 0.93, 2.20) #fs:   8  -- #Conts: 33 H(1)  G(10)  E(22) 
  26480252 737.41 || noQ Q (Avg,Max,Min) (1.23, 2.67, 0.99) (1.12, 0.93, 2.20) #fs:   8  -- #Conts: 34 H(1)  G(10)  E(23) 
  26487394 735.06 || noQ Q (Avg,Max,Min) (1.22, 2.67, 0.99) (1.12, 0.93, 2.20) #fs:   8  -- #Conts: 35 H(1)  G(10)  E(24) 
  26503558 732.71 || noQ Q (Avg,Max,Min) (1.22, 2.67, 0.99) (1.12, 0.93, 2.20) #fs:   8  -- #Conts: 35 H(1)  G(9)  E(25) 
  31012204 707.53 || noQ Q (Avg,Max,Min) (1.30, 5.29, 0.99) (1.17, 0.93, 4.34) #fs:   7  -- #Conts: 38 G(13)  E(24)  C(1) 
  31028368 705.18 || noQ Q (Avg,Max,Min) (1.29, 5.29, 0.99) (1.17, 0.93, 4.34) #fs:   7  -- #Conts: 38 G(12)  E(25)  C(1) 
  34736376 702.82 || noQ Q (Avg,Max,Min) (1.23, 2.90, 0.99) (1.13, 0.93, 2.69) #fs:   7  -- #Conts: 38 G(11)  E(26)  C(1) 
  36641550 697.76 || noQ Q (Avg,Max,Min) (1.23, 4.68, 0.99) (1.10, 0.71, 2.38) #fs:   7  -- #Conts: 39 G(6)  E(32)  C(1) 
  36730667 695.41 || noQ Q (Avg,Max,Min) (1.22, 4.68, 0.99) (1.10, 0.71, 2.38) #fs:   7  -- #Conts: 39 G(5)  E(33)  C(1) 
  37317053 688.71 || noQ Q (Avg,Max,Min) (1.25, 4.83, 0.99) (1.14, 0.16, 4.72) #fs:   7  -- #Conts: 40 G(6)  E(33)  C(1) 
  37406170 686.35 || noQ Q (Avg,Max,Min) (1.24, 4.83, 0.99) (1.13, 0.16, 4.72) #fs:   7  -- #Conts: 40 G(5)  E(34)  C(1) 
  37549787 686.00 || noQ Q (Avg,Max,Min) (1.24, 4.83, 0.99) (1.14, 0.22, 4.72) #fs:   7  -- #Conts: 40 G(6)  E(32)  C(2) 
  37638904 683.65 || noQ Q (Avg,Max,Min) (1.23, 4.83, 0.99) (1.14, 0.22, 4.72) #fs:   7  -- #Conts: 40 G(5)  E(33)  C(2) 
  39447336 683.00 || noQ Q (Avg,Max,Min) (1.23, 4.83, 0.99) (1.15, 0.71, 4.72) #fs:   7  -- #Conts: 40 G(6)  A(1)  E(32)  C(1) 
  39536453 680.65 || noQ Q (Avg,Max,Min) (1.22, 4.83, 0.99) (1.15, 0.71, 4.72) #fs:   7  -- #Conts: 40 G(5)  A(1)  E(33)  C(1) 
  42456858 678.35 || noQ Q (Avg,Max,Min) (1.25, 2.63, 1.03) (1.15, 0.97, 2.01) #fs:   2  -- #Conts: 30 G(8)  E(22) 
  42510840 678.12 || noQ Q (Avg,Max,Min) (1.23, 2.63, 1.05) (1.13, 0.90, 2.01) #fs:   0  -- #Conts: 36 G(8)  E(26)  C(2) 
  43607993 678.00 || noQ Q (Avg,Max,Min) (1.27, 2.90, 1.03) (1.16, 0.97, 2.69) #fs:   2  -- #Conts: 31 G(9)  E(21)  C(1) 
  43616304 675.65 || noQ Q (Avg,Max,Min) (1.26, 2.90, 1.03) (1.16, 0.97, 2.69) #fs:   2  -- #Conts: 31 G(8)  E(22)  C(1) 
  43670286 675.41 || noQ Q (Avg,Max,Min) (1.24, 2.90, 1.05) (1.14, 0.90, 2.69) #fs:   0  -- #Conts: 37 G(8)  E(26)  C(3) 
  46112012 674.35 || noQ Q (Avg,Max,Min) (1.24, 2.63, 0.99) (1.14, 0.89, 2.01) #fs:   1  -- #Conts: 36 G(8)  E(26)  C(2) 
  46160790 672.94 || noQ Q (Avg,Max,Min) (1.24, 2.63, 0.99) (1.14, 0.89, 2.01) #fs:   1  -- #Conts: 36 G(8)  E(26)  C(2) 
  47156363 671.65 || noQ Q (Avg,Max,Min) (1.24, 2.63, 1.00) (1.14, 0.91, 2.01) #fs:   0  -- #Conts: 37 G(8)  E(27)  C(2) 
  47210888 670.24 || noQ Q (Avg,Max,Min) (1.24, 2.63, 1.00) (1.14, 0.96, 2.01) #fs:   1  -- #Conts: 37 G(8)  E(27)  C(2) 
  48315809 668.94 || noQ Q (Avg,Max,Min) (1.24, 2.90, 1.00) (1.15, 0.91, 2.69) #fs:   0  -- #Conts: 38 G(8)  E(27)  C(3) 
  48370334 667.53 || noQ Q (Avg,Max,Min) (1.24, 2.90, 1.00) (1.15, 0.96, 2.69) #fs:   1  -- #Conts: 38 G(8)  E(27)  C(3) 
  48934888 666.24 || noQ Q (Avg,Max,Min) (1.25, 4.68, 1.04) (1.14, 0.91, 2.38) #fs:   0  -- #Conts: 36 G(3)  E(31)  C(2) 
  48989413 664.82 || noQ Q (Avg,Max,Min) (1.25, 4.68, 1.04) (1.14, 1.01, 2.38) #fs:   1  -- #Conts: 36 G(3)  E(31)  C(2) 
  49024005 663.88 || noQ Q (Avg,Max,Min) (1.24, 4.68, 1.04) (1.13, 0.91, 2.38) #fs:   0  -- #Conts: 36 G(2)  E(32)  C(2) 
  49041769 661.53 || noQ Q (Avg,Max,Min) (1.24, 4.68, 1.04) (1.13, 0.91, 2.38) #fs:   0  -- #Conts: 36 G(1)  E(33)  C(2) 
  49096294 660.12 || noQ Q (Avg,Max,Min) (1.24, 4.68, 1.04) (1.13, 1.01, 2.38) #fs:   1  -- #Conts: 36 G(1)  E(33)  C(2) 
  49610391 657.18 || noQ Q (Avg,Max,Min) (1.27, 4.83, 1.04) (1.17, 0.16, 4.72) #fs:   0  -- #Conts: 37 G(3)  E(32)  C(2) 
  49664916 655.76 || noQ Q (Avg,Max,Min) (1.27, 4.83, 1.04) (1.17, 0.16, 4.72) #fs:   1  -- #Conts: 37 G(3)  E(32)  C(2) 
  49699508 654.82 || noQ Q (Avg,Max,Min) (1.26, 4.83, 1.04) (1.17, 0.16, 4.72) #fs:   0  -- #Conts: 37 G(2)  E(33)  C(2) 
  49717272 652.47 || noQ Q (Avg,Max,Min) (1.25, 4.83, 1.04) (1.17, 0.16, 4.72) #fs:   0  -- #Conts: 37 G(1)  E(34)  C(2) 
  49771797 651.06 || noQ Q (Avg,Max,Min) (1.25, 4.83, 1.04) (1.17, 0.16, 4.72) #fs:   1  -- #Conts: 37 G(1)  E(34)  C(2) 
  49950006 649.76 || noQ Q (Avg,Max,Min) (1.25, 4.83, 1.04) (1.17, 0.22, 4.72) #fs:   0  -- #Conts: 37 G(1)  E(33)  C(3) 
  50004531 648.35 || noQ Q (Avg,Max,Min) (1.25, 4.83, 1.04) (1.17, 0.22, 4.72) #fs:   1  -- #Conts: 37 G(1)  E(33)  C(3) 
  51847555 646.76 || noQ Q (Avg,Max,Min) (1.24, 4.83, 1.04) (1.18, 0.75, 4.72) #fs:   0  -- #Conts: 37 G(1)  A(1)  E(33)  C(2) 
  51902080 645.35 || noQ Q (Avg,Max,Min) (1.24, 4.83, 1.04) (1.18, 0.75, 4.72) #fs:   1  -- #Conts: 37 G(1)  A(1)  E(33)  C(2) 
/////////////////size: 68
nodes 50 edges 108
 mulT: 5000 mulD: 10000  sumData GB 9378
pareto /MONTAGE.n.50.0.dax time -> 3262.0
moheft /MONTAGE.n.50.0.dax time -> 3553.0
distance from M to C 0.7781899892942913
distance from P to C 2.497780424248879
distance from C to M 1.98233282686609
distance from C to P 4.952317287543689
toCompare: /MONTAGE.n.50.0.dax sumDataGB: 9378 mulT: 5000 mulD: 10000 paretoOptTime_MS: 3262.0 MoheftOptimizationTime_MS: 3553.0 MtoC 0.7781899892942913 PtoC 2.497780424248879 CtoM 1.98233282686609 CtoP 4.952317287543689
