specify -Dflow d,b,mt,md,size
Running /home/vaggelis/jc/MONTAGE.n.50.0.dax mt 100 md: 1000 size null
    513325 851.29 || noQ Q (Avg,Max,Min) (2.70, 3.41, 1.15) (0.07, 0.03, 0.49) #fs:  18  -- #Conts: 27 H(27) 
    535531 835.53 || noQ Q (Avg,Max,Min) (2.62, 3.33, 1.07) (0.07, 0.03, 0.49) #fs:  18  -- #Conts: 27 H(26)  G(1) 
    535788 819.76 || noQ Q (Avg,Max,Min) (2.58, 3.33, 1.07) (0.07, 0.03, 0.49) #fs:  18  -- #Conts: 27 H(25)  G(2) 
    535959 804.00 || noQ Q (Avg,Max,Min) (2.55, 3.33, 1.07) (0.07, 0.03, 0.49) #fs:  18  -- #Conts: 27 H(24)  G(3) 
    535980 788.24 || noQ Q (Avg,Max,Min) (2.51, 3.33, 1.07) (0.07, 0.03, 0.49) #fs:  18  -- #Conts: 27 H(23)  G(4) 
    536244 772.47 || noQ Q (Avg,Max,Min) (2.48, 3.33, 1.07) (0.07, 0.03, 0.49) #fs:  18  -- #Conts: 27 H(22)  G(5) 
    536516 756.71 || noQ Q (Avg,Max,Min) (2.44, 3.33, 1.07) (0.07, 0.03, 0.49) #fs:  18  -- #Conts: 27 H(21)  G(6) 
    536786 740.94 || noQ Q (Avg,Max,Min) (2.41, 3.33, 1.07) (0.07, 0.03, 0.49) #fs:  18  -- #Conts: 27 H(20)  G(7) 
    536976 725.18 || noQ Q (Avg,Max,Min) (2.37, 3.33, 1.07) (0.07, 0.03, 0.49) #fs:  18  -- #Conts: 27 H(19)  G(8) 
    537016 709.41 || noQ Q (Avg,Max,Min) (2.34, 3.32, 1.07) (0.07, 0.03, 0.49) #fs:  18  -- #Conts: 27 H(18)  G(9) 
    537116 693.65 || noQ Q (Avg,Max,Min) (2.30, 3.32, 1.07) (0.07, 0.03, 0.49) #fs:  18  -- #Conts: 27 H(17)  G(10) 
    537255 677.88 || noQ Q (Avg,Max,Min) (2.27, 3.32, 1.07) (0.07, 0.03, 0.49) #fs:  18  -- #Conts: 27 H(16)  G(11) 
    537263 662.12 || noQ Q (Avg,Max,Min) (2.23, 3.32, 1.07) (0.07, 0.03, 0.49) #fs:  18  -- #Conts: 27 H(15)  G(12) 
    537272 646.35 || noQ Q (Avg,Max,Min) (2.19, 3.32, 1.07) (0.07, 0.03, 0.49) #fs:  18  -- #Conts: 27 H(14)  G(13) 
    537548 630.59 || noQ Q (Avg,Max,Min) (2.16, 3.32, 1.07) (0.07, 0.03, 0.49) #fs:  18  -- #Conts: 27 H(13)  G(14) 
    537628 614.82 || noQ Q (Avg,Max,Min) (2.12, 3.32, 1.07) (0.07, 0.03, 0.49) #fs:  18  -- #Conts: 27 H(12)  G(15) 
    538073 599.06 || noQ Q (Avg,Max,Min) (2.09, 3.32, 1.06) (0.07, 0.03, 0.49) #fs:  18  -- #Conts: 27 H(11)  G(16) 
    538079 583.29 || noQ Q (Avg,Max,Min) (2.05, 3.30, 1.06) (0.07, 0.03, 0.49) #fs:  18  -- #Conts: 27 H(10)  G(17) 
    539160 567.53 || noQ Q (Avg,Max,Min) (2.01, 3.25, 1.06) (0.07, 0.04, 0.49) #fs:  18  -- #Conts: 27 H(9)  G(18) 
    542785 536.00 || noQ Q (Avg,Max,Min) (2.04, 3.22, 1.05) (0.08, 0.04, 0.49) #fs:  16  -- #Conts: 26 H(8)  G(18) 
    544535 520.24 || noQ Q (Avg,Max,Min) (2.04, 3.49, 1.04) (0.08, 0.04, 0.53) #fs:  17  -- #Conts: 25 H(8)  G(17) 
    546161 504.47 || noQ Q (Avg,Max,Min) (2.06, 3.47, 1.04) (0.08, 0.04, 0.53) #fs:  17  -- #Conts: 23 H(9)  G(14) 
    547181 457.18 || noQ Q (Avg,Max,Min) (2.11, 3.41, 1.04) (0.10, 0.04, 0.52) #fs:  18  -- #Conts: 18 H(11)  G(7) 
    547513 425.65 || noQ Q (Avg,Max,Min) (2.08, 3.41, 1.38) (0.11, 0.04, 0.52) #fs:  18  -- #Conts: 17 H(10)  G(7) 
    581337 394.12 || noQ Q (Avg,Max,Min) (2.16, 3.42, 1.25) (0.14, 0.04, 0.55) #fs:  17  -- #Conts: 13 H(12)  G(1) 
    581560 378.35 || noQ Q (Avg,Max,Min) (2.17, 3.42, 1.25) (0.15, 0.07, 0.55) #fs:  17  -- #Conts: 12 H(12) 
    582905 346.82 || noQ Q (Avg,Max,Min) (2.13, 3.41, 1.25) (0.17, 0.07, 0.55) #fs:  17  -- #Conts: 11 H(11) 
    584548 315.29 || noQ Q (Avg,Max,Min) (2.04, 3.40, 1.24) (0.18, 0.07, 0.55) #fs:  17  -- #Conts: 10 H(10) 
    584934 283.76 || noQ Q (Avg,Max,Min) (1.90, 3.40, 1.55) (0.20, 0.11, 0.55) #fs:  18  -- #Conts: 9 H(9) 
    618710 252.24 || noQ Q (Avg,Max,Min) (1.76, 3.40, 1.42) (0.23, 0.16, 0.58) #fs:  17  -- #Conts: 8 H(8) 
    684236 236.47 || noQ Q (Avg,Max,Min) (1.63, 3.08, 1.29) (0.23, 0.16, 0.58) #fs:  16  -- #Conts: 8 H(7)  G(1) 
    685699 220.71 || noQ Q (Avg,Max,Min) (1.66, 3.07, 1.29) (0.24, 0.16, 0.58) #fs:  16  -- #Conts: 8 H(6)  G(2) 
    686770 204.94 || noQ Q (Avg,Max,Min) (1.68, 3.07, 1.29) (0.24, 0.16, 0.58) #fs:  16  -- #Conts: 8 H(5)  G(3) 
    718937 189.18 || noQ Q (Avg,Max,Min) (1.61, 2.93, 1.21) (0.25, 0.16, 0.58) #fs:  16  -- #Conts: 8 H(4)  G(4) 
    719469 173.41 || noQ Q (Avg,Max,Min) (1.63, 2.93, 1.41) (0.25, 0.20, 0.58) #fs:  17  -- #Conts: 8 H(3)  G(5) 
    769265 157.65 || noQ Q (Avg,Max,Min) (1.67, 2.80, 0.94) (0.21, 0.08, 0.60) #fs:  17  -- #Conts: 10 G(10) 
    769696 141.88 || noQ Q (Avg,Max,Min) (1.59, 2.80, 1.21) (0.24, 0.13, 0.60) #fs:  18  -- #Conts: 9 G(9) 
    828651 126.12 || noQ Q (Avg,Max,Min) (1.48, 2.77, 1.09) (0.27, 0.18, 0.64) #fs:  17  -- #Conts: 8 G(8) 
    965092 094.59 || noQ Q (Avg,Max,Min) (2.72, 3.41, 2.30) (0.57, 0.32, 0.91) #fs:   3  -- #Conts: 3 H(3) 
   1128775 078.82 || noQ Q (Avg,Max,Min) (1.94, 2.79, 1.51) (0.44, 0.26, 0.88) #fs:   7  -- #Conts: 5 G(5) 
   1136621 063.06 || noQ Q (Avg,Max,Min) (2.93, 3.41, 2.45) (0.86, 0.64, 1.08) #fs:   2  -- #Conts: 2 H(2) 
   1327302 060.35 || noQ Q (Avg,Max,Min) (1.28, 2.00, 1.06) (0.35, 0.21, 0.74) #fs:  16  -- #Conts: 9 E(9) 
   1394188 047.29 || noQ Q (Avg,Max,Min) (2.14, 2.79, 1.76) (0.74, 0.57, 1.08) #fs:   4  -- #Conts: 3 G(3) 
   1718166 046.94 || noQ Q (Avg,Max,Min) (1.32, 2.13, 1.06) (0.47, 0.27, 1.02) #fs:  10  -- #Conts: 7 E(7) 
   1721672 031.53 || noQ Q (Avg,Max,Min) (2.28, 2.62, 1.94) (1.03, 0.80, 1.25) #fs:   2  -- #Conts: 2 G(2) 
   2195559 026.82 || noQ Q (Avg,Max,Min) (1.49, 1.86, 1.26) (0.82, 0.65, 1.14) #fs:   6  -- #Conts: 4 E(4) 
   2744039 020.12 || noQ Q (Avg,Max,Min) (1.56, 1.80, 1.32) (1.08, 0.89, 1.37) #fs:   4  -- #Conts: 3 E(3) 
   2962657 015.76 || noQ Q (Avg,Max,Min) (1.88, 1.88, 1.88) (1.55, 1.55, 1.55) #fs:   0  -- #Conts: 1 G(1) 
   6681708 013.41 || noQ Q (Avg,Max,Min) (1.39, 1.39, 1.39) (1.29, 1.29, 1.29) #fs:   0  -- #Conts: 1 E(1) 
/////////////////size: 49
    722495 565.18 || noQ Q (Avg,Max,Min) (2.55, 4.50, 1.26) (0.10, 0.03, 0.48) #fs:   9  -- #Conts: 22 H(15)  G(5)  E(2) 
    724392 549.41 || noQ Q (Avg,Max,Min) (2.52, 3.82, 1.26) (0.10, 0.03, 0.52) #fs:   9  -- #Conts: 21 H(15)  G(4)  E(2) 
    726778 517.88 || noQ Q (Avg,Max,Min) (2.42, 3.80, 1.26) (0.10, 0.03, 0.52) #fs:   9  -- #Conts: 21 H(13)  G(6)  E(2) 
    728562 436.71 || noQ Q (Avg,Max,Min) (2.14, 3.79, 1.26) (0.10, 0.03, 0.52) #fs:   9  -- #Conts: 22 H(8)  G(10)  E(4) 
    734692 420.94 || noQ Q (Avg,Max,Min) (2.15, 4.44, 1.26) (0.11, 0.03, 0.51) #fs:   8  -- #Conts: 21 H(8)  G(9)  E(4) 
    734894 405.18 || noQ Q (Avg,Max,Min) (2.10, 4.44, 1.26) (0.11, 0.03, 0.51) #fs:   8  -- #Conts: 21 H(7)  G(10)  E(4) 
    743828 389.41 || noQ Q (Avg,Max,Min) (2.03, 3.67, 1.26) (0.11, 0.03, 0.52) #fs:   9  -- #Conts: 21 H(6)  G(11)  E(4) 
    761890 364.59 || noQ Q (Avg,Max,Min) (2.20, 5.47, 1.21) (0.10, 0.04, 0.55) #fs:   6  -- #Conts: 23 H(3)  G(15)  E(5) 
    764964 348.82 || noQ Q (Avg,Max,Min) (2.23, 5.47, 1.20) (0.10, 0.04, 0.51) #fs:   7  -- #Conts: 22 H(3)  G(14)  E(5) 
    774301 333.06 || noQ Q (Avg,Max,Min) (2.04, 3.68, 1.21) (0.10, 0.04, 0.55) #fs:   7  -- #Conts: 22 H(2)  G(15)  E(5) 
    777375 317.29 || noQ Q (Avg,Max,Min) (2.06, 4.21, 1.20) (0.11, 0.04, 0.51) #fs:   8  -- #Conts: 21 H(2)  G(14)  E(5) 
    789114 310.59 || noQ Q (Avg,Max,Min) (2.58, 5.47, 1.21) (0.13, 0.04, 0.55) #fs:   7  -- #Conts: 17 H(5)  G(8)  E(4) 
    789706 301.53 || noQ Q (Avg,Max,Min) (2.55, 5.47, 1.21) (0.14, 0.04, 0.58) #fs:   7  -- #Conts: 17 H(5)  G(7)  E(5) 
    795425 285.76 || noQ Q (Avg,Max,Min) (2.32, 5.47, 1.21) (0.13, 0.04, 0.52) #fs:   8  -- #Conts: 17 H(4)  G(8)  E(5) 
    795772 279.06 || noQ Q (Avg,Max,Min) (2.37, 5.47, 1.21) (0.14, 0.04, 0.52) #fs:   8  -- #Conts: 16 H(4)  G(8)  E(4) 
    797729 254.24 || noQ Q (Avg,Max,Min) (2.16, 5.47, 1.21) (0.14, 0.04, 0.55) #fs:   7  -- #Conts: 16 H(3)  G(8)  E(5) 
    798076 247.53 || noQ Q (Avg,Max,Min) (2.20, 5.47, 1.21) (0.15, 0.04, 0.55) #fs:   7  -- #Conts: 15 H(3)  G(8)  E(4) 
    798668 238.47 || noQ Q (Avg,Max,Min) (2.16, 5.47, 1.21) (0.15, 0.04, 0.58) #fs:   7  -- #Conts: 15 H(3)  G(7)  E(5) 
    810140 222.71 || noQ Q (Avg,Max,Min) (1.92, 3.45, 1.14) (0.15, 0.04, 0.55) #fs:   8  -- #Conts: 15 H(2)  G(8)  E(5) 
    810487 216.00 || noQ Q (Avg,Max,Min) (1.95, 3.45, 1.14) (0.16, 0.04, 0.55) #fs:   8  -- #Conts: 14 H(2)  G(8)  E(4) 
    811079 206.94 || noQ Q (Avg,Max,Min) (1.91, 3.65, 1.14) (0.16, 0.04, 0.58) #fs:   8  -- #Conts: 14 H(2)  G(7)  E(5) 
    823837 188.82 || noQ Q (Avg,Max,Min) (1.82, 3.57, 1.11) (0.17, 0.06, 0.58) #fs:   8  -- #Conts: 14 H(2)  G(5)  E(7) 
    879236 186.47 || noQ Q (Avg,Max,Min) (1.79, 2.70, 1.08) (0.14, 0.06, 0.66) #fs:   7  -- #Conts: 17 G(8)  E(9) 
    895253 179.41 || noQ Q (Avg,Max,Min) (1.66, 2.71, 1.05) (0.13, 0.06, 0.67) #fs:   7  -- #Conts: 20 G(5)  E(15) 
    896873 174.71 || noQ Q (Avg,Max,Min) (1.59, 2.70, 1.05) (0.12, 0.06, 0.67) #fs:   7  -- #Conts: 22 G(3)  E(19) 
    897734 172.00 || noQ Q (Avg,Max,Min) (1.57, 2.70, 1.05) (0.12, 0.06, 0.67) #fs:   7  -- #Conts: 22 G(3)  E(18)  C(1) 
    899004 169.29 || noQ Q (Avg,Max,Min) (1.56, 2.70, 1.05) (0.12, 0.06, 0.67) #fs:   7  -- #Conts: 22 G(3)  E(17)  C(2) 
    899669 166.59 || noQ Q (Avg,Max,Min) (1.55, 2.69, 1.05) (0.12, 0.06, 0.67) #fs:   7  -- #Conts: 22 G(3)  E(16)  C(3) 
    900151 163.88 || noQ Q (Avg,Max,Min) (1.54, 2.69, 1.04) (0.12, 0.06, 0.67) #fs:   7  -- #Conts: 22 G(3)  E(15)  C(4) 
    903904 157.18 || noQ Q (Avg,Max,Min) (1.54, 2.84, 1.04) (0.13, 0.06, 0.71) #fs:   6  -- #Conts: 21 G(3)  E(14)  C(4) 
    919571 150.47 || noQ Q (Avg,Max,Min) (1.54, 2.74, 1.02) (0.13, 0.06, 0.70) #fs:   6  -- #Conts: 20 G(3)  E(13)  C(4) 
    922718 143.76 || noQ Q (Avg,Max,Min) (1.55, 2.73, 1.01) (0.14, 0.06, 0.70) #fs:   7  -- #Conts: 19 G(3)  E(12)  C(4) 
    953512 137.06 || noQ Q (Avg,Max,Min) (1.54, 2.69, 0.97) (0.15, 0.06, 0.71) #fs:   7  -- #Conts: 18 G(3)  E(11)  C(4) 
    954559 130.35 || noQ Q (Avg,Max,Min) (1.56, 2.69, 1.27) (0.16, 0.06, 0.71) #fs:   7  -- #Conts: 17 G(3)  E(10)  C(4) 
    964891 123.65 || noQ Q (Avg,Max,Min) (1.56, 2.81, 1.25) (0.17, 0.06, 0.75) #fs:   6  -- #Conts: 16 G(3)  E(9)  C(4) 
    974009 120.94 || noQ Q (Avg,Max,Min) (1.53, 2.78, 1.24) (0.17, 0.06, 0.75) #fs:   7  -- #Conts: 16 G(3)  E(8)  C(5) 
    974856 118.24 || noQ Q (Avg,Max,Min) (1.51, 2.70, 1.23) (0.17, 0.06, 0.73) #fs:   7  -- #Conts: 16 G(3)  E(7)  C(6) 
    976126 115.53 || noQ Q (Avg,Max,Min) (1.50, 2.77, 1.23) (0.17, 0.06, 0.75) #fs:   7  -- #Conts: 16 G(3)  E(6)  C(7) 
    976947 112.82 || noQ Q (Avg,Max,Min) (1.49, 2.77, 1.23) (0.17, 0.06, 0.75) #fs:   7  -- #Conts: 16 G(3)  E(5)  C(8) 
    980558 111.53 || noQ Q (Avg,Max,Min) (1.52, 2.71, 1.23) (0.18, 0.06, 0.74) #fs:   6  -- #Conts: 15 G(3)  E(6)  C(6) 
    980847 108.82 || noQ Q (Avg,Max,Min) (1.51, 2.71, 1.23) (0.18, 0.06, 0.74) #fs:   6  -- #Conts: 15 G(3)  E(5)  C(7) 
    981194 106.12 || noQ Q (Avg,Max,Min) (1.49, 2.71, 1.23) (0.18, 0.06, 0.74) #fs:   6  -- #Conts: 15 G(3)  E(4)  C(8) 
    983564 099.41 || noQ Q (Avg,Max,Min) (1.50, 2.71, 1.22) (0.19, 0.06, 0.74) #fs:   7  -- #Conts: 14 G(3)  E(3)  C(8) 
    993247 096.71 || noQ Q (Avg,Max,Min) (1.47, 2.73, 1.21) (0.20, 0.09, 0.75) #fs:   7  -- #Conts: 14 G(3)  E(2)  C(9) 
   1026398 092.71 || noQ Q (Avg,Max,Min) (1.46, 2.78, 1.16) (0.21, 0.09, 0.79) #fs:   6  -- #Conts: 13 G(3)  E(2)  C(8) 
   1041776 088.71 || noQ Q (Avg,Max,Min) (1.48, 2.69, 1.13) (0.22, 0.09, 0.78) #fs:   6  -- #Conts: 12 G(3)  E(2)  C(7) 
   1044923 084.71 || noQ Q (Avg,Max,Min) (1.50, 2.68, 1.13) (0.24, 0.09, 0.78) #fs:   7  -- #Conts: 11 G(3)  E(2)  C(6) 
   1087153 080.71 || noQ Q (Avg,Max,Min) (1.49, 2.75, 1.07) (0.26, 0.09, 0.83) #fs:   6  -- #Conts: 10 G(3)  E(2)  C(5) 
   1091430 076.71 || noQ Q (Avg,Max,Min) (1.53, 2.74, 1.07) (0.28, 0.09, 0.83) #fs:   7  -- #Conts: 9 G(3)  E(2)  C(4) 
   1092477 072.71 || noQ Q (Avg,Max,Min) (1.58, 2.67, 1.32) (0.31, 0.09, 0.81) #fs:   7  -- #Conts: 8 G(3)  E(2)  C(3) 
   1102878 068.71 || noQ Q (Avg,Max,Min) (1.63, 2.67, 1.31) (0.35, 0.09, 0.82) #fs:   6  -- #Conts: 7 G(3)  E(2)  C(2) 
   1106025 064.71 || noQ Q (Avg,Max,Min) (1.70, 2.66, 1.30) (0.40, 0.09, 0.82) #fs:   7  -- #Conts: 6 G(3)  E(2)  C(1) 
   1148486 060.71 || noQ Q (Avg,Max,Min) (1.70, 2.73, 1.15) (0.47, 0.29, 0.87) #fs:   6  -- #Conts: 5 G(3)  E(2) 
   1378941 058.24 || noQ Q (Avg,Max,Min) (1.50, 2.41, 1.17) (0.36, 0.09, 0.92) #fs:   6  -- #Conts: 8 G(2)  E(1)  C(5) 
   1407127 054.24 || noQ Q (Avg,Max,Min) (1.53, 2.50, 1.14) (0.40, 0.09, 0.98) #fs:   5  -- #Conts: 7 G(2)  E(1)  C(4) 
   1463157 050.24 || noQ Q (Avg,Max,Min) (1.54, 2.43, 1.09) (0.46, 0.18, 0.99) #fs:   5  -- #Conts: 6 G(2)  E(1)  C(3) 
   1469021 047.53 || noQ Q (Avg,Max,Min) (1.55, 2.64, 1.08) (0.44, 0.18, 1.08) #fs:   5  -- #Conts: 6 G(2)  C(4) 
   1529487 043.53 || noQ Q (Avg,Max,Min) (1.59, 2.58, 1.03) (0.51, 0.18, 1.10) #fs:   5  -- #Conts: 5 G(2)  C(3) 
   1585981 039.53 || noQ Q (Avg,Max,Min) (1.69, 2.66, 1.18) (0.64, 0.29, 1.17) #fs:   5  -- #Conts: 4 G(2)  C(2) 
   1739970 038.47 || noQ Q (Avg,Max,Min) (1.37, 2.36, 1.11) (0.55, 0.38, 1.14) #fs:   7  -- #Conts: 6 G(1)  E(1)  C(4) 
   1863250 034.47 || noQ Q (Avg,Max,Min) (1.38, 2.31, 1.02) (0.63, 0.45, 1.20) #fs:   7  -- #Conts: 5 G(1)  E(1)  C(3) 
   1993829 031.76 || noQ Q (Avg,Max,Min) (1.32, 2.30, 0.99) (0.61, 0.38, 1.27) #fs:   6  -- #Conts: 5 G(1)  C(4) 
   2055858 027.76 || noQ Q (Avg,Max,Min) (1.46, 2.33, 1.13) (0.73, 0.47, 1.33) #fs:   5  -- #Conts: 4 G(1)  C(3) 
   2172328 025.76 || noQ Q (Avg,Max,Min) (1.37, 2.30, 1.08) (0.65, 0.31, 1.39) #fs:   4  -- #Conts: 5 G(1)  A(2)  C(2) 
   2229547 024.76 || noQ Q (Avg,Max,Min) (1.41, 2.27, 1.06) (0.73, 0.31, 1.40) #fs:   3  -- #Conts: 4 G(1)  A(1)  C(2) 
   2290244 023.76 || noQ Q (Avg,Max,Min) (1.50, 2.27, 1.03) (0.89, 0.58, 1.44) #fs:   3  -- #Conts: 3 G(1)  C(2) 
   2463760 022.76 || noQ Q (Avg,Max,Min) (1.31, 2.07, 1.08) (0.62, 0.31, 1.42) #fs:   2  -- #Conts: 5 G(1)  A(3)  C(1) 
   2494286 021.76 || noQ Q (Avg,Max,Min) (1.37, 2.10, 1.08) (0.70, 0.31, 1.46) #fs:   1  -- #Conts: 4 G(1)  A(2)  C(1) 
   2554752 020.76 || noQ Q (Avg,Max,Min) (1.45, 2.08, 1.08) (0.84, 0.32, 1.47) #fs:   1  -- #Conts: 3 G(1)  A(1)  C(1) 
   2615565 019.76 || noQ Q (Avg,Max,Min) (1.61, 2.05, 1.16) (1.11, 0.73, 1.49) #fs:   1  -- #Conts: 2 G(1)  C(1) 
   2781824 018.76 || noQ Q (Avg,Max,Min) (1.29, 1.94, 1.08) (0.61, 0.32, 1.50) #fs:   0  -- #Conts: 4 G(1)  A(3) 
   2842984 017.76 || noQ Q (Avg,Max,Min) (1.36, 1.92, 1.08) (0.72, 0.32, 1.51) #fs:   0  -- #Conts: 3 G(1)  A(2) 
   2904007 016.76 || noQ Q (Avg,Max,Min) (1.49, 1.90, 1.08) (0.92, 0.32, 1.53) #fs:   0  -- #Conts: 2 G(1)  A(1) 
   2962657 015.76 || noQ Q (Avg,Max,Min) (1.88, 1.88, 1.88) (1.55, 1.55, 1.55) #fs:   0  -- #Conts: 1 G(1) 
   3500531 015.71 || noQ Q (Avg,Max,Min) (1.32, 1.80, 1.08) (1.04, 0.31, 1.75) #fs:   3  -- #Conts: 4 A(1)  E(1)  C(2) 
   3516006 014.71 || noQ Q (Avg,Max,Min) (1.42, 1.79, 1.18) (1.31, 1.02, 1.75) #fs:   4  -- #Conts: 3 E(1)  C(2) 
/////////////////size: 76
nodes 50 edges 108
 mulT: 100 mulD: 1000  sumData GB 937
pareto /MONTAGE.n.50.0.dax time -> 6612.0
moheft /MONTAGE.n.50.0.dax time -> 1003.0
distance from M to C 3.9364630631875555
distance from P to C 0.06837420160287844
distance from C to M 7.599529359235131
distance from C to P 0.794408530411646
toCompare: /MONTAGE.n.50.0.dax sumDataGB: 937 mulT: 100 mulD: 1000 paretoOptTime_MS: 6612.0 MoheftOptimizationTime_MS: 1003.0 MtoC 3.9364630631875555 PtoC 0.06837420160287844 CtoM 7.599529359235131 CtoP 0.794408530411646
