specify -Dflow d,b,mt,md,size
Running /home/vaggelis/jc/LIGO.n.100.0.dax mt 500 md: 10000 size null
  22151594 3625.88 || noQ Q (Avg,Max,Min) (0.99, 1.03, 0.62) (0.85, 0.58, 1.01) #fs:   9  -- #Conts: 42 H(38)  G(4) 
  24213866 3531.29 || noQ Q (Avg,Max,Min) (0.99, 1.14, 0.80) (0.89, 0.75, 1.05) #fs:  14  -- #Conts: 32 H(32) 
  28224236 3499.76 || noQ Q (Avg,Max,Min) (0.98, 1.14, 0.80) (0.89, 0.75, 1.05) #fs:  14  -- #Conts: 30 H(30) 
  28580307 3468.24 || noQ Q (Avg,Max,Min) (0.99, 1.14, 0.86) (0.90, 0.77, 1.05) #fs:  13  -- #Conts: 29 H(29) 
  32397233 3420.94 || noQ Q (Avg,Max,Min) (0.99, 1.14, 0.86) (0.91, 0.77, 1.05) #fs:  14  -- #Conts: 27 H(26)  G(1) 
  32454665 3405.18 || noQ Q (Avg,Max,Min) (0.99, 1.14, 0.86) (0.91, 0.77, 1.05) #fs:  13  -- #Conts: 27 H(27) 
  32771766 3373.65 || noQ Q (Avg,Max,Min) (0.99, 1.14, 0.88) (0.92, 0.77, 1.05) #fs:  12  -- #Conts: 27 H(27) 
  37771327 3058.35 || noQ Q (Avg,Max,Min) (0.98, 1.02, 0.69) (0.86, 0.69, 0.99) #fs:  16  -- #Conts: 40 G(40) 
  40878964 2900.71 || noQ Q (Avg,Max,Min) (1.00, 1.06, 0.91) (0.91, 0.80, 1.06) #fs:   9  -- #Conts: 37 G(37) 
  44048690 2884.94 || noQ Q (Avg,Max,Min) (0.98, 1.02, 0.87) (0.92, 0.84, 1.02) #fs:  14  -- #Conts: 28 G(28) 
  46346227 2869.18 || noQ Q (Avg,Max,Min) (0.98, 1.02, 0.87) (0.93, 0.85, 1.02) #fs:  14  -- #Conts: 26 G(26) 
  53690634 2853.41 || noQ Q (Avg,Max,Min) (0.98, 1.02, 0.87) (0.93, 0.86, 1.02) #fs:  13  -- #Conts: 24 G(24) 
  55757383 2837.65 || noQ Q (Avg,Max,Min) (0.98, 1.02, 0.87) (0.93, 0.86, 1.02) #fs:  13  -- #Conts: 23 G(23) 
  57511332 2821.88 || noQ Q (Avg,Max,Min) (0.98, 1.02, 0.87) (0.94, 0.86, 1.02) #fs:  13  -- #Conts: 22 G(22) 
  62224297 2790.35 || noQ Q (Avg,Max,Min) (0.98, 1.02, 0.87) (0.95, 0.86, 1.02) #fs:  13  -- #Conts: 20 G(20) 
  63468540 2774.59 || noQ Q (Avg,Max,Min) (0.98, 1.02, 0.87) (0.95, 0.86, 1.02) #fs:  12  -- #Conts: 20 G(20) 
  70941945 2758.82 || noQ Q (Avg,Max,Min) (0.99, 1.02, 0.91) (0.96, 0.89, 1.02) #fs:  12  -- #Conts: 16 G(16) 
  71960069 2743.06 || noQ Q (Avg,Max,Min) (0.99, 1.02, 0.91) (0.97, 0.91, 1.02) #fs:  12  -- #Conts: 16 G(16) 
  87283334 2650.94 || noQ Q (Avg,Max,Min) (1.00, 1.02, 0.98) (0.95, 0.85, 1.01) #fs:   6  -- #Conts: 41 E(38)  C(3) 
  92632215 2648.82 || noQ Q (Avg,Max,Min) (1.00, 1.02, 0.94) (0.96, 0.89, 1.01) #fs:   9  -- #Conts: 39 E(39) 
 100845178 2635.41 || noQ Q (Avg,Max,Min) (1.00, 1.02, 0.94) (0.96, 0.89, 1.01) #fs:   8  -- #Conts: 37 E(37) 
 101197919 2601.88 || noQ Q (Avg,Max,Min) (1.00, 1.02, 1.00) (0.97, 0.91, 1.01) #fs:   2  -- #Conts: 34 E(34) 
 114805182 2586.82 || noQ Q (Avg,Max,Min) (1.00, 1.02, 1.00) (0.98, 0.92, 1.01) #fs:   2  -- #Conts: 32 E(31)  C(1) 
 118350912 2581.76 || noQ Q (Avg,Max,Min) (1.00, 1.02, 1.00) (0.98, 0.93, 1.01) #fs:   2  -- #Conts: 31 E(31) 
 130018424 2568.35 || noQ Q (Avg,Max,Min) (1.00, 1.02, 1.00) (0.98, 0.95, 1.01) #fs:   2  -- #Conts: 29 E(29) 
 141491425 2561.65 || noQ Q (Avg,Max,Min) (1.00, 1.02, 1.00) (0.99, 0.95, 1.01) #fs:   2  -- #Conts: 28 E(28) 
/////////////////size: 26
  76838126 3184.71 || noQ Q (Avg,Max,Min) (0.99, 1.03, 0.86) (0.94, 0.77, 1.02) #fs:   8  -- #Conts: 26 H(19)  G(5)  A(2) 
  76861423 3153.18 || noQ Q (Avg,Max,Min) (0.99, 1.03, 0.86) (0.95, 0.80, 1.02) #fs:   9  -- #Conts: 26 H(19)  G(5)  A(2) 
  83262622 3137.41 || noQ Q (Avg,Max,Min) (0.99, 1.03, 0.86) (0.93, 0.66, 1.02) #fs:   9  -- #Conts: 25 H(17)  G(6)  A(2) 
  87350185 3121.65 || noQ Q (Avg,Max,Min) (1.01, 1.37, 0.86) (0.92, 0.03, 1.02) #fs:  10  -- #Conts: 24 H(16)  G(6)  A(2) 
  87392297 3090.12 || noQ Q (Avg,Max,Min) (0.99, 1.03, 0.86) (0.96, 0.83, 1.02) #fs:  10  -- #Conts: 23 H(15)  G(6)  A(2) 
  88950854 3074.35 || noQ Q (Avg,Max,Min) (0.99, 1.03, 0.84) (0.94, 0.70, 1.02) #fs:  11  -- #Conts: 28 H(15)  G(11)  A(2) 
  91401031 3042.82 || noQ Q (Avg,Max,Min) (1.00, 1.03, 0.86) (0.95, 0.69, 1.02) #fs:  10  -- #Conts: 26 H(14)  G(10)  A(2) 
  97805847 3028.06 || noQ Q (Avg,Max,Min) (1.00, 1.03, 0.86) (0.95, 0.69, 1.02) #fs:   9  -- #Conts: 27 H(13)  G(11)  A(3) 
  97961785 3027.06 || noQ Q (Avg,Max,Min) (1.00, 1.03, 0.86) (0.95, 0.69, 1.02) #fs:   9  -- #Conts: 26 H(13)  G(11)  A(2) 
 104769380 3022.00 || noQ Q (Avg,Max,Min) (1.01, 1.37, 0.86) (0.92, 0.03, 1.02) #fs:   8  -- #Conts: 27 H(13)  G(10)  A(2)  E(2) 
 104821691 2990.47 || noQ Q (Avg,Max,Min) (0.99, 1.03, 0.86) (0.95, 0.78, 1.02) #fs:   8  -- #Conts: 26 H(12)  G(10)  A(2)  E(2) 
 107692327 2958.94 || noQ Q (Avg,Max,Min) (1.00, 1.03, 0.86) (0.96, 0.85, 1.02) #fs:   7  -- #Conts: 26 H(12)  G(10)  A(2)  E(2) 
 116944967 2897.88 || noQ Q (Avg,Max,Min) (1.01, 1.03, 0.95) (0.95, 0.80, 1.02) #fs:   3  -- #Conts: 26 H(11)  G(11)  A(2)  E(2) 
 123966490 2893.18 || noQ Q (Avg,Max,Min) (1.01, 1.03, 0.97) (0.95, 0.69, 1.02) #fs:   2  -- #Conts: 26 H(11)  G(11)  A(2)  E(2) 
 127330917 2850.82 || noQ Q (Avg,Max,Min) (1.00, 1.03, 0.90) (0.95, 0.66, 1.02) #fs:   4  -- #Conts: 28 H(10)  G(11)  A(2)  E(5) 
 134564659 2823.29 || noQ Q (Avg,Max,Min) (1.01, 1.06, 0.97) (0.94, 0.18, 1.02) #fs:   3  -- #Conts: 28 H(9)  G(11)  A(2)  E(5)  C(1) 
 134616970 2819.29 || noQ Q (Avg,Max,Min) (1.01, 1.03, 0.97) (0.97, 0.79, 1.02) #fs:   3  -- #Conts: 27 H(9)  G(11)  A(2)  E(5) 
 135006564 2798.82 || noQ Q (Avg,Max,Min) (1.00, 1.03, 0.80) (0.95, 0.65, 1.02) #fs:   6  -- #Conts: 31 H(5)  G(15)  A(2)  E(8)  C(1) 
 135068332 2767.29 || noQ Q (Avg,Max,Min) (1.00, 1.03, 0.93) (0.96, 0.71, 1.02) #fs:   5  -- #Conts: 31 H(5)  G(15)  A(2)  E(8)  C(1) 
 141554269 2758.24 || noQ Q (Avg,Max,Min) (1.01, 1.11, 0.97) (0.94, 0.11, 1.02) #fs:   4  -- #Conts: 31 H(5)  G(14)  A(2)  E(9)  C(1) 
 141810278 2755.53 || noQ Q (Avg,Max,Min) (1.01, 1.06, 0.97) (0.95, 0.18, 1.02) #fs:   4  -- #Conts: 31 H(5)  G(14)  A(2)  E(8)  C(2) 
 143795625 2746.82 || noQ Q (Avg,Max,Min) (1.00, 1.03, 0.91) (0.98, 0.84, 1.02) #fs:   7  -- #Conts: 29 H(5)  G(13)  A(2)  E(8)  C(1) 
 145128396 2736.82 || noQ Q (Avg,Max,Min) (1.01, 1.03, 0.97) (0.98, 0.84, 1.02) #fs:   4  -- #Conts: 25 H(4)  G(13)  A(2)  E(5)  C(1) 
 148118656 2735.29 || noQ Q (Avg,Max,Min) (1.00, 1.03, 0.78) (0.97, 0.71, 1.02) #fs:   5  -- #Conts: 29 H(4)  G(13)  A(2)  E(9)  C(1) 
 148912653 2728.59 || noQ Q (Avg,Max,Min) (1.00, 1.03, 0.72) (0.98, 0.71, 1.02) #fs:   4  -- #Conts: 28 H(4)  G(13)  A(2)  E(8)  C(1) 
 153007278 2724.24 || noQ Q (Avg,Max,Min) (1.01, 1.11, 0.97) (0.95, 0.11, 1.02) #fs:   3  -- #Conts: 29 H(4)  G(13)  A(2)  E(9)  C(1) 
 153263287 2721.53 || noQ Q (Avg,Max,Min) (1.01, 1.06, 0.97) (0.96, 0.18, 1.02) #fs:   3  -- #Conts: 29 H(4)  G(13)  A(2)  E(8)  C(2) 
 155350590 2718.53 || noQ Q (Avg,Max,Min) (1.01, 1.03, 0.97) (0.98, 0.76, 1.02) #fs:   3  -- #Conts: 29 H(4)  G(13)  A(3)  E(8)  C(1) 
 156420512 2714.82 || noQ Q (Avg,Max,Min) (1.01, 1.03, 0.97) (0.98, 0.84, 1.02) #fs:   4  -- #Conts: 27 H(4)  G(12)  A(2)  E(8)  C(1) 
 162121460 2700.94 || noQ Q (Avg,Max,Min) (1.00, 1.02, 0.98) (0.97, 0.79, 1.02) #fs:   6  -- #Conts: 24 H(1)  A(3)  G(13)  E(6)  C(1) 
 162341234 2691.88 || noQ Q (Avg,Max,Min) (1.01, 1.10, 0.98) (0.93, 0.11, 1.02) #fs:   6  -- #Conts: 25 H(1)  A(3)  G(13)  E(7)  C(1) 
 162598192 2689.18 || noQ Q (Avg,Max,Min) (1.01, 1.06, 0.98) (0.94, 0.18, 1.02) #fs:   6  -- #Conts: 25 H(1)  A(3)  G(13)  E(6)  C(2) 
 164693241 2686.18 || noQ Q (Avg,Max,Min) (1.01, 1.02, 0.98) (0.96, 0.76, 1.02) #fs:   6  -- #Conts: 25 H(1)  A(4)  G(13)  E(6)  C(1) 
 168501363 2684.24 || noQ Q (Avg,Max,Min) (0.99, 1.03, 0.60) (0.96, 0.58, 1.03) #fs:   3  -- #Conts: 29 H(1)  A(1)  G(14)  E(12)  C(1) 
 168637875 2652.71 || noQ Q (Avg,Max,Min) (1.01, 1.03, 1.00) (0.97, 0.69, 1.03) #fs:   2  -- #Conts: 29 A(1)  G(15)  E(12)  C(1) 
 168754054 2633.65 || noQ Q (Avg,Max,Min) (1.01, 1.03, 1.00) (0.99, 0.88, 1.03) #fs:   3  -- #Conts: 27 A(1)  G(15)  E(10)  C(1) 
 168889929 2624.24 || noQ Q (Avg,Max,Min) (1.01, 1.03, 1.00) (0.99, 0.96, 1.03) #fs:   3  -- #Conts: 25 A(1)  G(13)  E(10)  C(1) 
 171812922 2622.18 || noQ Q (Avg,Max,Min) (1.01, 1.03, 1.00) (0.98, 0.76, 1.03) #fs:   2  -- #Conts: 28 A(2)  G(13)  E(12)  C(1) 
 171832657 2621.18 || noQ Q (Avg,Max,Min) (1.01, 1.03, 1.00) (0.99, 0.94, 1.03) #fs:   2  -- #Conts: 27 A(1)  G(13)  E(12)  C(1) 
 174913566 2618.88 || noQ Q (Avg,Max,Min) (1.01, 1.03, 1.00) (0.98, 0.76, 1.03) #fs:   2  -- #Conts: 27 A(2)  G(14)  E(10)  C(1) 
 175163134 2615.82 || noQ Q (Avg,Max,Min) (1.01, 1.03, 1.00) (0.98, 0.76, 1.03) #fs:   2  -- #Conts: 28 A(2)  G(13)  E(12)  C(1) 
 175280636 2614.82 || noQ Q (Avg,Max,Min) (1.01, 1.03, 1.00) (0.99, 0.94, 1.03) #fs:   2  -- #Conts: 27 A(1)  G(13)  E(12)  C(1) 
 177451716 2610.12 || noQ Q (Avg,Max,Min) (1.01, 1.03, 1.00) (0.99, 0.94, 1.03) #fs:   2  -- #Conts: 26 A(1)  G(12)  E(12)  C(1) 
 177919693 2609.41 || noQ Q (Avg,Max,Min) (1.01, 1.06, 1.00) (0.96, 0.18, 1.03) #fs:   2  -- #Conts: 26 A(1)  G(11)  E(12)  C(2) 
 178233672 2605.41 || noQ Q (Avg,Max,Min) (1.01, 1.03, 1.00) (1.00, 0.96, 1.03) #fs:   2  -- #Conts: 25 A(1)  G(11)  E(12)  C(1) 
 179232177 2604.71 || noQ Q (Avg,Max,Min) (1.01, 1.06, 1.00) (0.97, 0.36, 1.03) #fs:   2  -- #Conts: 26 A(1)  G(11)  E(12)  C(2) 
 180719529 2602.71 || noQ Q (Avg,Max,Min) (1.01, 1.03, 1.00) (0.98, 0.76, 1.03) #fs:   2  -- #Conts: 27 A(3)  G(11)  E(12)  C(1) 
 236721980 2592.47 || noQ Q (Avg,Max,Min) (1.01, 1.03, 1.00) (0.97, 0.70, 1.03) #fs:   2  -- #Conts: 27 A(4)  G(9)  E(12)  C(2) 
 237039141 2591.47 || noQ Q (Avg,Max,Min) (1.01, 1.03, 1.00) (0.97, 0.70, 1.03) #fs:   2  -- #Conts: 26 A(3)  G(9)  E(12)  C(2) 
 238336556 2586.88 || noQ Q (Avg,Max,Min) (1.00, 1.03, 0.87) (0.98, 0.72, 1.03) #fs:   3  -- #Conts: 25 A(3)  G(8)  E(12)  C(2) 
 238688244 2585.88 || noQ Q (Avg,Max,Min) (1.00, 1.03, 0.87) (0.99, 0.72, 1.03) #fs:   3  -- #Conts: 24 A(2)  G(8)  E(12)  C(2) 
 252892400 2584.88 || noQ Q (Avg,Max,Min) (1.01, 1.03, 1.00) (0.98, 0.71, 1.03) #fs:   2  -- #Conts: 27 A(3)  G(10)  E(12)  C(2) 
 253009902 2583.88 || noQ Q (Avg,Max,Min) (1.01, 1.03, 1.00) (0.99, 0.71, 1.03) #fs:   2  -- #Conts: 26 A(2)  G(10)  E(12)  C(2) 
 277745143 2583.76 || noQ Q (Avg,Max,Min) (1.01, 1.03, 0.99) (0.98, 0.73, 1.03) #fs:   3  -- #Conts: 29 A(2)  G(9)  E(14)  C(4) 
 279985820 2572.94 || noQ Q (Avg,Max,Min) (1.01, 1.03, 0.99) (0.99, 0.76, 1.03) #fs:   3  -- #Conts: 25 A(3)  G(6)  E(14)  C(2) 
 314904797 2570.88 || noQ Q (Avg,Max,Min) (1.01, 1.03, 0.99) (0.98, 0.73, 1.03) #fs:   3  -- #Conts: 26 A(3)  G(8)  E(14)  C(1) 
 315221958 2569.88 || noQ Q (Avg,Max,Min) (1.01, 1.03, 0.99) (0.98, 0.73, 1.03) #fs:   3  -- #Conts: 25 A(2)  G(8)  E(14)  C(1) 
 330392117 2566.18 || noQ Q (Avg,Max,Min) (1.01, 1.03, 0.99) (0.98, 0.73, 1.03) #fs:   3  -- #Conts: 26 A(3)  G(8)  E(14)  C(1) 
 427388147 2560.71 || noQ Q (Avg,Max,Min) (1.01, 1.02, 1.00) (0.98, 0.76, 1.02) #fs:   2  -- #Conts: 20 A(3)  G(3)  E(9)  C(5) 
 427739835 2559.71 || noQ Q (Avg,Max,Min) (1.01, 1.02, 1.00) (0.99, 0.96, 1.02) #fs:   2  -- #Conts: 19 A(2)  G(3)  E(9)  C(5) 
 435187453 2557.71 || noQ Q (Avg,Max,Min) (1.01, 1.02, 1.00) (0.99, 0.95, 1.02) #fs:   2  -- #Conts: 21 A(2)  G(5)  E(9)  C(5) 
 439041668 2557.12 || noQ Q (Avg,Max,Min) (1.01, 1.02, 1.00) (0.99, 0.95, 1.02) #fs:   2  -- #Conts: 18 A(2)  G(3)  E(9)  C(4) 
 445243137 2557.00 || noQ Q (Avg,Max,Min) (1.01, 1.02, 1.00) (0.97, 0.76, 1.02) #fs:   2  -- #Conts: 21 A(4)  G(3)  E(9)  C(5) 
/////////////////size: 63
nodes 100 edges 123
 mulT: 500 mulD: 10000  sumData GB 28574
pareto /LIGO.n.100.0.dax time -> 4069.0
moheft /LIGO.n.100.0.dax time -> 2311.0
distance from M to C 34.236510485555115
distance from P to C 0.0
distance from C to M 75.70521266644383
distance from C to P 8.328350333278067
toCompare: /LIGO.n.100.0.dax sumDataGB: 28574 mulT: 500 mulD: 10000 paretoOptTime_MS: 4069.0 MoheftOptimizationTime_MS: 2311.0 MtoC 34.236510485555115 PtoC 0.0 CtoM 75.70521266644383 CtoP 8.328350333278067
