specify -Dflow d,b,mt,md,size
Running /home/vaggelis/jc/SIPHT.n.50.0.dax mt 100 md: 20000 size null
  18454205 472.94 || noQ Q (Avg,Max,Min) (1.16, 1.60, 0.92) (1.02, 0.65, 1.55) #fs:   4  -- #Conts: 4 H(4) 
  20382504 441.41 || noQ Q (Avg,Max,Min) (1.21, 1.60, 0.95) (1.18, 0.89, 1.55) #fs:   4  -- #Conts: 3 H(3) 
  24910469 409.88 || noQ Q (Avg,Max,Min) (1.93, 3.91, 1.01) (1.46, 0.65, 2.49) #fs:   0  -- #Conts: 5 H(5) 
  25038122 378.35 || noQ Q (Avg,Max,Min) (1.67, 1.97, 1.19) (1.49, 0.93, 1.81) #fs:   0  -- #Conts: 4 H(4) 
  26711238 362.59 || noQ Q (Avg,Max,Min) (1.19, 1.71, 1.01) (0.95, 0.65, 1.53) #fs:   0  -- #Conts: 5 H(1)  G(4) 
  29802849 346.82 || noQ Q (Avg,Max,Min) (1.28, 1.51, 1.01) (1.08, 0.73, 1.31) #fs:   0  -- #Conts: 3 H(1)  G(2) 
  30004103 331.06 || noQ Q (Avg,Max,Min) (1.21, 1.53, 1.08) (1.01, 0.79, 1.41) #fs:   0  -- #Conts: 4 G(4) 
  34462220 315.29 || noQ Q (Avg,Max,Min) (1.21, 1.32, 1.01) (1.05, 0.73, 1.21) #fs:   0  -- #Conts: 3 G(3) 
  34510900 299.53 || noQ Q (Avg,Max,Min) (1.28, 1.33, 1.23) (1.20, 1.18, 1.23) #fs:   0  -- #Conts: 2 G(2) 
  59262704 295.06 || noQ Q (Avg,Max,Min) (1.13, 1.48, 1.00) (1.08, 0.94, 1.41) #fs:   0  -- #Conts: 6 E(6) 
  68070287 288.35 || noQ Q (Avg,Max,Min) (1.59, 3.61, 1.00) (1.22, 0.19, 3.00) #fs:   0  -- #Conts: 6 E(6) 
  68130084 281.65 || noQ Q (Avg,Max,Min) (1.58, 3.61, 1.02) (1.43, 0.95, 3.00) #fs:   0  -- #Conts: 5 E(5) 
/////////////////size: 12
  16325297 441.41 || noQ Q (Avg,Max,Min) (1.18, 1.37, 0.89) (1.03, 0.81, 1.25) #fs:   3  -- #Conts: 4 H(3)  G(1) 
  16424808 409.88 || noQ Q (Avg,Max,Min) (1.23, 1.56, 0.90) (1.11, 0.82, 1.55) #fs:   2  -- #Conts: 4 H(3)  G(1) 
  19467414 378.35 || noQ Q (Avg,Max,Min) (1.26, 1.56, 1.10) (1.14, 0.94, 1.55) #fs:   1  -- #Conts: 4 H(3)  G(1) 
  26712458 362.59 || noQ Q (Avg,Max,Min) (1.32, 1.45, 1.18) (1.21, 1.10, 1.32) #fs:   1  -- #Conts: 2 H(1)  G(1) 
  29755064 333.06 || noQ Q (Avg,Max,Min) (1.27, 1.42, 1.11) (1.07, 0.70, 1.32) #fs:   0  -- #Conts: 3 H(1)  G(1)  A(1) 
  29817787 332.06 || noQ Q (Avg,Max,Min) (1.27, 1.42, 1.09) (1.19, 1.05, 1.32) #fs:   0  -- #Conts: 3 H(1)  G(1)  A(1) 
  30018105 331.06 || noQ Q (Avg,Max,Min) (1.36, 1.42, 1.30) (1.26, 1.21, 1.32) #fs:   0  -- #Conts: 2 H(1)  G(1) 
  30429359 319.29 || noQ Q (Avg,Max,Min) (2.76, 6.62, 1.31) (1.09, 0.07, 1.54) #fs:   1  -- #Conts: 4 H(1)  G(2)  C(1) 
  30439196 315.29 || noQ Q (Avg,Max,Min) (1.48, 1.57, 1.32) (1.43, 1.24, 1.54) #fs:   1  -- #Conts: 3 H(1)  G(2) 
  42462653 310.88 || noQ Q (Avg,Max,Min) (1.16, 1.41, 1.01) (1.10, 0.84, 1.40) #fs:   0  -- #Conts: 5 H(1)  G(1)  A(1)  E(2) 
  44549080 304.18 || noQ Q (Avg,Max,Min) (1.26, 1.85, 1.03) (1.13, 0.74, 1.55) #fs:   0  -- #Conts: 6 G(3)  A(1)  E(2) 
  48705801 295.12 || noQ Q (Avg,Max,Min) (1.16, 1.41, 1.02) (1.11, 0.86, 1.40) #fs:   0  -- #Conts: 5 G(2)  A(1)  E(2) 
  50180411 294.41 || noQ Q (Avg,Max,Min) (1.10, 1.21, 0.99) (1.04, 0.86, 1.20) #fs:   1  -- #Conts: 5 G(1)  A(1)  E(3) 
  50365330 293.41 || noQ Q (Avg,Max,Min) (1.11, 1.21, 0.99) (1.06, 0.89, 1.20) #fs:   1  -- #Conts: 4 G(1)  E(3) 
  51757673 290.41 || noQ Q (Avg,Max,Min) (1.21, 1.47, 1.03) (1.09, 0.70, 1.40) #fs:   0  -- #Conts: 6 G(2)  A(2)  E(2) 
  51820396 289.41 || noQ Q (Avg,Max,Min) (1.21, 1.48, 1.03) (1.15, 0.92, 1.40) #fs:   0  -- #Conts: 6 G(2)  A(2)  E(2) 
  52020714 288.41 || noQ Q (Avg,Max,Min) (1.23, 1.49, 1.03) (1.17, 0.92, 1.40) #fs:   0  -- #Conts: 5 G(2)  A(1)  E(2) 
  54759445 284.35 || noQ Q (Avg,Max,Min) (1.14, 1.41, 1.03) (1.10, 0.92, 1.41) #fs:   0  -- #Conts: 6 G(1)  A(2)  E(3) 
  55198513 283.35 || noQ Q (Avg,Max,Min) (1.15, 1.41, 1.03) (1.12, 0.92, 1.41) #fs:   0  -- #Conts: 5 G(1)  A(1)  E(3) 
  59310856 281.65 || noQ Q (Avg,Max,Min) (1.11, 1.19, 1.01) (1.10, 1.01, 1.19) #fs:   1  -- #Conts: 3 E(3) 
  71633104 281.12 || noQ Q (Avg,Max,Min) (1.33, 2.27, 1.00) (0.89, 0.11, 1.19) #fs:   1  -- #Conts: 5 A(1)  E(3)  C(1) 
  74798881 281.06 || noQ Q (Avg,Max,Min) (1.00, 1.19, 0.63) (0.99, 0.62, 1.17) #fs:   1  -- #Conts: 6 A(1)  E(3)  C(2) 
  74821066 280.06 || noQ Q (Avg,Max,Min) (1.08, 1.19, 1.02) (1.02, 0.79, 1.17) #fs:   0  -- #Conts: 6 A(1)  E(3)  C(2) 
  74837159 274.94 || noQ Q (Avg,Max,Min) (1.12, 1.16, 1.09) (1.10, 1.08, 1.13) #fs:   0  -- #Conts: 2 E(2) 
/////////////////size: 24
nodes 48 edges 56
 mulT: 100 mulD: 20000  sumData GB 26976
pareto /SIPHT.n.50.0.dax time -> 908.0
moheft /SIPHT.n.50.0.dax time -> 271.0
distance from M to C 0.8750922318676112
distance from P to C 3.750216919780506
distance from C to M 0.8805231437665625
distance from C to P 3.402081142239271
toCompare: /SIPHT.n.50.0.dax sumDataGB: 26976 mulT: 100 mulD: 20000 paretoOptTime_MS: 908.0 MoheftOptimizationTime_MS: 271.0 MtoC 0.8750922318676112 PtoC 3.750216919780506 CtoM 0.8805231437665625 CtoP 3.402081142239271
