specify -Dflow d,b,mt,md,size
Running /home/vaggelis/jc/CYBERSHAKE.n.100.0.dax mt 1 md: 20000 size null
     44359 063.06 || noQ Q (Avg,Max,Min) (2537.78, 2782.92, 10.00) (30.47, 10.00, 32.69) #fs:   1  -- #Conts: 2 H(2) 
     69463 047.29 || noQ Q (Avg,Max,Min) (1664.54, 1865.00, 10.00) (30.47, 10.00, 32.70) #fs:   1  -- #Conts: 2 H(1)  G(1) 
     70834 031.53 || noQ Q (Avg,Max,Min) (1603.51, 1770.90, 10.00) (30.48, 10.00, 32.70) #fs:   1  -- #Conts: 2 G(2) 
    129465 015.76 || noQ Q (Avg,Max,Min) (1694.17, 1694.17, 10.00) (60.93, 10.00, 60.93) #fs:   0  -- #Conts: 1 G(1) 
    153990 013.41 || noQ Q (Avg,Max,Min) (724.00, 786.86, 10.00) (30.50, 10.00, 32.72) #fs:   1  -- #Conts: 2 E(2) 
    245898 010.71 || noQ Q (Avg,Max,Min) (448.25, 479.49, 10.00) (30.52, 10.00, 32.75) #fs:   1  -- #Conts: 2 E(1)  C(1) 
    262745 008.00 || noQ Q (Avg,Max,Min) (421.90, 455.90, 10.00) (30.53, 10.00, 32.75) #fs:   1  -- #Conts: 2 C(2) 
    291917 006.71 || noQ Q (Avg,Max,Min) (751.92, 751.92, 10.00) (60.97, 10.00, 60.97) #fs:   0  -- #Conts: 1 E(1) 
    504383 004.00 || noQ Q (Avg,Max,Min) (435.60, 435.60, 10.00) (61.03, 10.00, 61.03) #fs:   0  -- #Conts: 1 C(1) 
   1149428 002.00 || noQ Q (Avg,Max,Min) (96.53, 103.63, 10.00) (30.77, 10.00, 32.99) #fs:   2  -- #Conts: 2 A(2) 
   2236610 001.00 || noQ Q (Avg,Max,Min) (99.01, 99.01, 10.00) (61.51, 10.00, 61.51) #fs:   0  -- #Conts: 1 A(1) 
/////////////////size: 11
     74336 040.53 || noQ Q (Avg,Max,Min) (428.01, 2949.84, 0.53) (8.71, 0.00, 60.91) #fs:   6  -- #Conts: 7 H(1)  A(5)  C(1) 
     74356 036.53 || noQ Q (Avg,Max,Min) (493.08, 2949.04, 0.53) (10.16, 0.01, 60.91) #fs:   6  -- #Conts: 6 H(1)  A(5) 
     74510 035.53 || noQ Q (Avg,Max,Min) (590.22, 2942.95, 0.53) (12.19, 0.01, 60.91) #fs:   5  -- #Conts: 5 H(1)  A(4) 
     74805 034.53 || noQ Q (Avg,Max,Min) (734.11, 2931.36, 0.64) (15.24, 0.01, 60.91) #fs:   5  -- #Conts: 4 H(1)  A(3) 
     75149 033.53 || noQ Q (Avg,Max,Min) (973.55, 2917.95, 0.64) (20.31, 0.01, 60.91) #fs:   3  -- #Conts: 3 H(1)  A(2) 
     75376 032.53 || noQ Q (Avg,Max,Min) (1455.61, 2909.17, 2.05) (30.46, 0.01, 60.91) #fs:   1  -- #Conts: 2 H(1)  A(1) 
     75562 031.53 || noQ Q (Avg,Max,Min) (2902.01, 2902.01, 10.00) (60.91, 10.00, 60.91) #fs:   0  -- #Conts: 1 H(1) 
    127134 027.47 || noQ Q (Avg,Max,Min) (253.65, 1725.20, 0.21) (8.71, 0.00, 60.93) #fs:   5  -- #Conts: 7 G(1)  A(5)  E(1) 
    127191 020.76 || noQ Q (Avg,Max,Min) (289.95, 1724.43, 0.22) (10.16, 0.00, 60.93) #fs:   5  -- #Conts: 6 G(1)  A(5) 
    127695 019.76 || noQ Q (Avg,Max,Min) (346.32, 1717.63, 0.22) (12.19, 0.00, 60.93) #fs:   2  -- #Conts: 5 G(1)  A(4) 
    128097 018.76 || noQ Q (Avg,Max,Min) (430.08, 1712.25, 0.28) (15.24, 0.01, 60.93) #fs:   2  -- #Conts: 4 G(1)  A(3) 
    128310 017.76 || noQ Q (Avg,Max,Min) (572.38, 1709.41, 2.32) (20.32, 0.01, 60.93) #fs:   1  -- #Conts: 3 G(1)  A(2) 
    128548 016.76 || noQ Q (Avg,Max,Min) (854.28, 1706.24, 2.32) (30.47, 0.02, 60.93) #fs:   1  -- #Conts: 2 G(1)  A(1) 
    129465 015.76 || noQ Q (Avg,Max,Min) (1694.17, 1694.17, 10.00) (60.93, 10.00, 60.93) #fs:   0  -- #Conts: 1 G(1) 
    286056 011.71 || noQ Q (Avg,Max,Min) (130.02, 767.30, 0.31) (10.17, 0.01, 60.97) #fs:   9  -- #Conts: 6 A(5)  E(1) 
    286614 010.71 || noQ Q (Avg,Max,Min) (155.71, 765.81, 0.38) (12.21, 0.01, 60.97) #fs:   5  -- #Conts: 5 A(4)  E(1) 
    287470 009.71 || noQ Q (Avg,Max,Min) (192.45, 763.53, 0.44) (15.25, 0.01, 60.97) #fs:   5  -- #Conts: 4 A(3)  E(1) 
    288821 008.71 || noQ Q (Avg,Max,Min) (253.67, 759.97, 0.51) (20.33, 0.01, 60.97) #fs:   5  -- #Conts: 3 A(2)  E(1) 
    290575 007.71 || noQ Q (Avg,Max,Min) (378.01, 755.39, 0.63) (30.49, 0.01, 60.97) #fs:   2  -- #Conts: 2 A(1)  E(1) 
    291917 006.71 || noQ Q (Avg,Max,Min) (751.92, 751.92, 10.00) (60.97, 10.00, 60.97) #fs:   0  -- #Conts: 1 E(1) 
    494967 006.00 || noQ Q (Avg,Max,Min) (148.34, 443.87, 0.46) (20.36, 0.02, 61.03) #fs:   5  -- #Conts: 3 A(2)  C(1) 
    499885 005.00 || noQ Q (Avg,Max,Min) (220.08, 439.51, 0.64) (30.53, 0.03, 61.03) #fs:   2  -- #Conts: 2 A(1)  C(1) 
    504383 004.00 || noQ Q (Avg,Max,Min) (435.60, 435.60, 10.00) (61.03, 10.00, 61.03) #fs:   0  -- #Conts: 1 C(1) 
   1149428 002.00 || noQ Q (Avg,Max,Min) (96.74, 104.04, 10.00) (30.77, 10.00, 32.99) #fs:   2  -- #Conts: 2 A(2) 
   2236610 001.00 || noQ Q (Avg,Max,Min) (99.01, 99.01, 10.00) (61.51, 10.00, 61.51) #fs:   0  -- #Conts: 1 A(1) 
/////////////////size: 25
nodes 100 edges 192
 mulT: 1 mulD: 20000  sumData GB 1951984
pareto /CYBERSHAKE.n.100.0.dax time -> 485.0
moheft /CYBERSHAKE.n.100.0.dax time -> 785.0
distance from M to C 1.0050000000000003
distance from P to C 0.0
distance from C to M 0.21470283036226817
distance from C to P 0.8612019262137374
toCompare: /CYBERSHAKE.n.100.0.dax sumDataGB: 1951984 mulT: 1 mulD: 20000 paretoOptTime_MS: 485.0 MoheftOptimizationTime_MS: 785.0 MtoC 1.0050000000000003 PtoC 0.0 CtoM 0.21470283036226817 CtoP 0.8612019262137374
