specify -Dflow d,b,mt,md,size
Running /home/vaggelis/jc/CYBERSHAKE.n.50.0.dax mt 100 md: 500 size null
   2277346 063.06 || noQ Q (Avg,Max,Min) (1.88, 1.99, 1.77) (1.19, 1.12, 1.26) #fs:   1  -- #Conts: 2 H(2) 
   4055484 047.29 || noQ Q (Avg,Max,Min) (1.54, 1.65, 1.43) (1.23, 0.81, 1.65) #fs:   0  -- #Conts: 2 G(2) 
   8559818 046.94 || noQ Q (Avg,Max,Min) (2.78, 3.93, 1.05) (2.00, 1.03, 2.60) #fs:   3  -- #Conts: 5 E(5) 
   9146382 035.88 || noQ Q (Avg,Max,Min) (1.42, 1.65, 1.19) (1.33, 1.01, 1.65) #fs:   0  -- #Conts: 2 G(1)  E(1) 
  15804399 035.76 || noQ Q (Avg,Max,Min) (1.38, 1.65, 1.11) (1.31, 0.98, 1.65) #fs:   0  -- #Conts: 2 G(1)  C(1) 
/////////////////size: 5
   3605460 091.53 || noQ Q (Avg,Max,Min) (1.06, 1.65, 0.75) (0.47, 0.00, 1.65) #fs:   3  -- #Conts: 6 H(1)  G(1)  A(2)  E(1)  C(1) 
   3606210 089.53 || noQ Q (Avg,Max,Min) (0.86, 1.65, 0.16) (0.42, 0.00, 1.65) #fs:   7  -- #Conts: 7 H(1)  G(1)  A(4)  E(1) 
   3606606 082.82 || noQ Q (Avg,Max,Min) (0.84, 1.65, 0.16) (0.49, 0.02, 1.65) #fs:   6  -- #Conts: 6 H(1)  G(1)  A(4) 
   3608632 081.82 || noQ Q (Avg,Max,Min) (0.80, 1.65, 0.16) (0.58, 0.12, 1.65) #fs:   6  -- #Conts: 5 H(1)  G(1)  A(3) 
   3609303 067.06 || noQ Q (Avg,Max,Min) (1.27, 1.64, 1.01) (0.66, 0.00, 1.14) #fs:   3  -- #Conts: 3 H(1)  G(1)  C(1) 
   3611269 063.06 || noQ Q (Avg,Max,Min) (1.40, 1.64, 1.16) (0.98, 0.82, 1.14) #fs:   3  -- #Conts: 2 H(1)  G(1) 
   3621809 058.00 || noQ Q (Avg,Max,Min) (1.21, 1.65, 1.01) (0.70, 0.00, 1.65) #fs:   3  -- #Conts: 4 H(1)  G(1)  E(1)  C(1) 
   3626244 054.00 || noQ Q (Avg,Max,Min) (1.27, 1.65, 1.01) (0.93, 0.01, 1.65) #fs:   3  -- #Conts: 3 H(1)  G(1)  E(1) 
   3637863 052.29 || noQ Q (Avg,Max,Min) (1.20, 1.65, 1.00) (0.70, 0.01, 1.65) #fs:   3  -- #Conts: 4 H(1)  G(1)  A(1)  C(1) 
   3645528 051.29 || noQ Q (Avg,Max,Min) (1.27, 1.65, 1.01) (0.93, 0.01, 1.65) #fs:   3  -- #Conts: 3 H(1)  G(1)  C(1) 
   3768754 049.29 || noQ Q (Avg,Max,Min) (1.20, 1.65, 1.00) (0.71, 0.01, 1.65) #fs:   3  -- #Conts: 4 H(1)  G(1)  A(2) 
   3802752 048.29 || noQ Q (Avg,Max,Min) (1.27, 1.65, 1.00) (0.95, 0.06, 1.65) #fs:   3  -- #Conts: 3 H(1)  G(1)  A(1) 
   6772610 046.24 || noQ Q (Avg,Max,Min) (3.08, 4.74, 2.13) (2.01, 0.93, 3.44) #fs:   2  -- #Conts: 4 H(1)  E(1)  C(2) 
   6976444 045.53 || noQ Q (Avg,Max,Min) (2.59, 4.81, 0.10) (1.69, 0.07, 2.34) #fs:   3  -- #Conts: 5 H(1)  A(1)  C(3) 
   6992460 044.53 || noQ Q (Avg,Max,Min) (2.59, 4.77, 0.15) (1.70, 0.09, 2.34) #fs:   2  -- #Conts: 5 H(1)  A(1)  C(3) 
   7018384 043.53 || noQ Q (Avg,Max,Min) (3.17, 4.68, 2.13) (2.11, 1.64, 2.35) #fs:   1  -- #Conts: 4 H(1)  C(3) 
   7206904 043.24 || noQ Q (Avg,Max,Min) (2.87, 4.78, 0.35) (2.05, 0.35, 4.05) #fs:   2  -- #Conts: 4 H(1)  A(1)  E(1)  C(1) 
   7310131 042.24 || noQ Q (Avg,Max,Min) (3.60, 4.66, 2.13) (2.64, 1.72, 4.07) #fs:   0  -- #Conts: 3 H(1)  E(1)  C(1) 
   7434414 041.53 || noQ Q (Avg,Max,Min) (2.50, 5.15, 0.19) (1.85, 0.18, 3.16) #fs:   1  -- #Conts: 5 H(1)  A(2)  C(2) 
   7501431 040.53 || noQ Q (Avg,Max,Min) (3.02, 5.00, 1.52) (2.29, 1.41, 3.18) #fs:   1  -- #Conts: 4 H(1)  A(1)  C(2) 
   8530734 040.24 || noQ Q (Avg,Max,Min) (2.26, 4.85, 0.21) (2.14, 0.18, 4.84) #fs:   1  -- #Conts: 4 H(1)  A(2)  E(1) 
   8592735 039.53 || noQ Q (Avg,Max,Min) (2.22, 3.90, 1.41) (1.94, 0.83, 3.90) #fs:   0  -- #Conts: 5 H(1)  A(3)  C(1) 
   8919736 038.53 || noQ Q (Avg,Max,Min) (2.20, 3.90, 1.48) (2.11, 1.48, 3.90) #fs:   0  -- #Conts: 5 H(1)  A(3)  C(1) 
   9439882 037.47 || noQ Q (Avg,Max,Min) (2.23, 4.61, 1.39) (1.92, 1.37, 3.71) #fs:   4  -- #Conts: 11 G(1)  A(7)  E(1)  C(2) 
   9687424 036.47 || noQ Q (Avg,Max,Min) (2.33, 5.07, 1.49) (2.01, 1.26, 4.43) #fs:   0  -- #Conts: 10 G(1)  A(6)  E(1)  C(2) 
   9895839 035.47 || noQ Q (Avg,Max,Min) (2.35, 4.76, 1.49) (2.19, 1.28, 4.43) #fs:   4  -- #Conts: 9 G(1)  A(5)  E(1)  C(2) 
  10034952 034.47 || noQ Q (Avg,Max,Min) (2.45, 4.61, 1.39) (2.40, 1.38, 4.47) #fs:   5  -- #Conts: 8 G(1)  A(4)  E(1)  C(2) 
  10138230 033.47 || noQ Q (Avg,Max,Min) (2.64, 5.04, 1.48) (2.64, 1.48, 5.04) #fs:   1  -- #Conts: 7 G(1)  A(3)  E(1)  C(2) 
/////////////////size: 28
nodes 50 edges 92
 mulT: 100 mulD: 500  sumData GB 43151
pareto /CYBERSHAKE.n.50.0.dax time -> 679.0
moheft /CYBERSHAKE.n.50.0.dax time -> 273.0
distance from M to C 0.33437144521909234
distance from P to C 0.05882352941176509
distance from C to M 0.12507957101556932
distance from C to P 1.299208177653481
toCompare: /CYBERSHAKE.n.50.0.dax sumDataGB: 43151 mulT: 100 mulD: 500 paretoOptTime_MS: 679.0 MoheftOptimizationTime_MS: 273.0 MtoC 0.33437144521909234 PtoC 0.05882352941176509 CtoM 0.12507957101556932 CtoP 1.299208177653481
