specify -Dflow d,b,mt,md,size
Running /home/vaggelis/jc/CYBERSHAKE.n.100.0.dax mt 10 md: 10000 size null
    388822 063.06 || noQ Q (Avg,Max,Min) (142.36, 153.00, 10.00) (15.34, 10.00, 16.44) #fs:   2  -- #Conts: 2 H(2) 
    631185 047.29 || noQ Q (Avg,Max,Min) (89.26, 94.21, 10.00) (15.37, 10.00, 16.52) #fs:   1  -- #Conts: 2 H(1)  G(1) 
    664732 031.53 || noQ Q (Avg,Max,Min) (83.57, 89.68, 10.00) (15.41, 10.00, 16.52) #fs:   2  -- #Conts: 2 G(2) 
   1294186 015.76 || noQ Q (Avg,Max,Min) (85.69, 85.69, 10.00) (30.80, 10.00, 30.80) #fs:   0  -- #Conts: 1 G(1) 
   1496290 013.41 || noQ Q (Avg,Max,Min) (37.63, 40.29, 10.00) (15.64, 10.00, 16.74) #fs:   2  -- #Conts: 2 E(2) 
   2459610 010.71 || noQ Q (Avg,Max,Min) (23.57, 24.92, 10.00) (15.78, 10.00, 17.03) #fs:   1  -- #Conts: 2 E(1)  C(1) 
   2583972 008.00 || noQ Q (Avg,Max,Min) (22.20, 23.72, 10.00) (15.93, 10.00, 17.03) #fs:   2  -- #Conts: 2 C(2) 
   2918741 006.71 || noQ Q (Avg,Max,Min) (38.55, 38.55, 10.00) (31.26, 10.00, 31.26) #fs:   0  -- #Conts: 1 E(1) 
/////////////////size: 8
    738870 045.53 || noQ Q (Avg,Max,Min) (17.23, 149.34, 0.11) (3.42, 0.00, 30.65) #fs:  11  -- #Conts: 9 H(1)  A(6)  C(2) 
    739143 041.53 || noQ Q (Avg,Max,Min) (19.10, 149.28, 0.11) (3.85, 0.01, 30.65) #fs:  12  -- #Conts: 8 H(1)  A(6)  C(1) 
    739614 038.53 || noQ Q (Avg,Max,Min) (19.03, 149.19, 0.11) (3.85, 0.01, 30.65) #fs:  11  -- #Conts: 8 H(1)  A(7) 
    742312 037.53 || noQ Q (Avg,Max,Min) (21.63, 148.65, 0.11) (4.40, 0.01, 30.65) #fs:   8  -- #Conts: 7 H(1)  A(6) 
    743125 036.53 || noQ Q (Avg,Max,Min) (25.19, 148.49, 0.30) (5.13, 0.02, 30.65) #fs:   7  -- #Conts: 6 H(1)  A(5) 
    744562 035.53 || noQ Q (Avg,Max,Min) (29.92, 148.20, 0.30) (6.15, 0.02, 30.65) #fs:   7  -- #Conts: 5 H(1)  A(4) 
    746861 034.53 || noQ Q (Avg,Max,Min) (37.21, 147.75, 0.33) (7.68, 0.02, 30.65) #fs:   6  -- #Conts: 4 H(1)  A(3) 
    749129 033.53 || noQ Q (Avg,Max,Min) (49.33, 147.31, 0.34) (10.24, 0.02, 30.65) #fs:   5  -- #Conts: 3 H(1)  A(2) 
    752850 032.53 || noQ Q (Avg,Max,Min) (73.47, 146.58, 0.35) (15.34, 0.02, 30.65) #fs:   2  -- #Conts: 2 H(1)  A(1) 
    755162 031.53 || noQ Q (Avg,Max,Min) (146.14, 146.14, 10.00) (30.66, 10.00, 30.66) #fs:   0  -- #Conts: 1 H(1) 
   1266269 021.76 || noQ Q (Avg,Max,Min) (12.96, 87.56, 0.24) (4.42, 0.00, 30.80) #fs:  10  -- #Conts: 7 G(1)  A(6) 
   1270451 020.76 || noQ Q (Avg,Max,Min) (14.98, 87.27, 0.24) (5.16, 0.00, 30.80) #fs:   8  -- #Conts: 6 G(1)  A(5) 
   1270655 019.76 || noQ Q (Avg,Max,Min) (17.72, 87.26, 0.25) (6.19, 0.03, 30.80) #fs:   9  -- #Conts: 5 G(1)  A(4) 
   1276906 018.76 || noQ Q (Avg,Max,Min) (21.96, 86.83, 0.26) (7.72, 0.03, 30.80) #fs:   7  -- #Conts: 4 G(1)  A(3) 
   1282645 017.76 || noQ Q (Avg,Max,Min) (29.03, 86.45, 0.28) (10.29, 0.03, 30.80) #fs:   5  -- #Conts: 3 G(1)  A(2) 
   1288626 016.76 || noQ Q (Avg,Max,Min) (43.17, 86.05, 0.28) (15.42, 0.03, 30.80) #fs:   2  -- #Conts: 2 G(1)  A(1) 
   1294186 015.76 || noQ Q (Avg,Max,Min) (85.69, 85.69, 10.00) (30.80, 10.00, 30.80) #fs:   0  -- #Conts: 1 G(1) 
   2855777 010.71 || noQ Q (Avg,Max,Min) (7.97, 39.38, 0.06) (6.28, 0.02, 31.24) #fs:  10  -- #Conts: 5 A(4)  E(1) 
   2862449 009.71 || noQ Q (Avg,Max,Min) (9.93, 39.29, 0.06) (7.85, 0.02, 31.24) #fs:   7  -- #Conts: 4 A(3)  E(1) 
   2884341 008.71 || noQ Q (Avg,Max,Min) (13.10, 39.00, 0.08) (10.44, 0.03, 31.25) #fs:   3  -- #Conts: 3 A(2)  E(1) 
   2895044 007.71 || noQ Q (Avg,Max,Min) (19.55, 38.86, 0.24) (15.65, 0.06, 31.25) #fs:   2  -- #Conts: 2 A(1)  E(1) 
   2918741 006.71 || noQ Q (Avg,Max,Min) (38.55, 38.55, 10.00) (31.26, 10.00, 31.26) #fs:   0  -- #Conts: 1 E(1) 
 120625514 006.00 || noQ Q (Avg,Max,Min) (130.34, 189.33, 10.00) (116.43, 10.00, 170.25) #fs:   0  -- #Conts: 3 A(2)  C(1) 
/////////////////size: 23
nodes 100 edges 192
 mulT: 10 mulD: 10000  sumData GB 975992
pareto /CYBERSHAKE.n.100.0.dax time -> 356.0
moheft /CYBERSHAKE.n.100.0.dax time -> 544.0
distance from M to C 1.303797311770133
distance from P to C 0.0
distance from C to M 0.2063687415997589
distance from C to P 1.0140024077671717
toCompare: /CYBERSHAKE.n.100.0.dax sumDataGB: 975992 mulT: 10 mulD: 10000 paretoOptTime_MS: 356.0 MoheftOptimizationTime_MS: 544.0 MtoC 1.303797311770133 PtoC 0.0 CtoM 0.2063687415997589 CtoP 1.0140024077671717
