specify -Dflow d,b,mt,md,size
Running /home/vaggelis/jc/SIPHT.n.50.0.dax mt 5000 md: 1000 size null
 669306938 18215.88 || noQ Q (Avg,Max,Min) (0.97, 1.00, 0.65) (0.93, 0.65, 1.00) #fs:   1  -- #Conts: 11 H(6)  G(2)  E(3) 
 669308709 16166.47 || noQ Q (Avg,Max,Min) (1.00, 1.00, 1.00) (0.96, 0.72, 1.00) #fs:   0  -- #Conts: 11 H(6)  G(2)  E(3) 
 954815251 14975.41 || noQ Q (Avg,Max,Min) (1.00, 1.00, 1.00) (0.95, 0.72, 1.00) #fs:   0  -- #Conts: 11 H(3)  G(6)  E(2) 
 993023362 14629.65 || noQ Q (Avg,Max,Min) (1.00, 1.00, 0.97) (0.96, 0.80, 1.00) #fs:   1  -- #Conts: 11 H(2)  G(9) 
1109437325 14345.88 || noQ Q (Avg,Max,Min) (1.00, 1.00, 0.97) (0.96, 0.80, 1.00) #fs:   1  -- #Conts: 11 H(1)  G(10) 
1146816170 14022.35 || noQ Q (Avg,Max,Min) (1.00, 1.00, 0.97) (0.96, 0.80, 1.00) #fs:   1  -- #Conts: 11 G(9)  E(2) 
2024069489 13903.29 || noQ Q (Avg,Max,Min) (0.98, 1.00, 0.81) (0.89, 0.66, 1.00) #fs:   2  -- #Conts: 17 H(1)  G(1)  E(15) 
2024084786 13721.53 || noQ Q (Avg,Max,Min) (1.00, 1.00, 1.00) (0.96, 0.83, 1.00) #fs:   0  -- #Conts: 11 G(4)  E(7) 
2122450687 13635.29 || noQ Q (Avg,Max,Min) (0.98, 1.00, 0.81) (0.89, 0.66, 1.00) #fs:   2  -- #Conts: 17 G(2)  E(15) 
2502082862 13566.94 || noQ Q (Avg,Max,Min) (0.98, 1.00, 0.81) (0.89, 0.66, 1.00) #fs:   2  -- #Conts: 17 G(1)  E(16) 
2585962519 13498.94 || noQ Q (Avg,Max,Min) (0.98, 1.00, 0.81) (0.89, 0.66, 1.00) #fs:   2  -- #Conts: 17 E(17) 
2616784905 13492.24 || noQ Q (Avg,Max,Min) (0.98, 1.00, 0.81) (0.90, 0.67, 1.00) #fs:   2  -- #Conts: 15 E(15) 
4197762035 13002.71 || noQ Q (Avg,Max,Min) (0.97, 1.00, 0.70) (0.90, 0.55, 1.00) #fs:   2  -- #Conts: 19 E(1)  C(18) 
6452442666 6613.00 || noQ Q (Avg,Max,Min) (1.00, 1.00, 1.00) (0.98, 0.86, 1.00) #fs:   1  -- #Conts: 21 A(20)  C(1) 
6452473043 4862.00 || noQ Q (Avg,Max,Min) (1.00, 1.00, 1.00) (0.98, 0.86, 1.00) #fs:   2  -- #Conts: 21 A(21) 
6460973043 4861.00 || noQ Q (Avg,Max,Min) (1.00, 1.00, 1.00) (0.98, 0.86, 1.00) #fs:   2  -- #Conts: 21 A(21) 
/////////////////size: 16
 696935009 16440.59 || noQ Q (Avg,Max,Min) (1.00, 1.01, 0.94) (0.98, 0.90, 1.01) #fs:   1  -- #Conts: 12 H(4)  G(2)  A(3)  E(3) 
 696936780 16062.24 || noQ Q (Avg,Max,Min) (1.00, 1.01, 1.00) (0.98, 0.90, 1.01) #fs:   0  -- #Conts: 12 H(4)  G(2)  A(3)  E(3) 
 697261944 16059.24 || noQ Q (Avg,Max,Min) (1.00, 1.01, 1.00) (0.99, 0.90, 1.01) #fs:   0  -- #Conts: 11 H(4)  G(2)  A(2)  E(3) 
 697402075 16058.24 || noQ Q (Avg,Max,Min) (1.00, 1.01, 1.00) (0.99, 0.90, 1.01) #fs:   0  -- #Conts: 11 H(4)  G(2)  A(2)  E(3) 
 763728128 15941.41 || noQ Q (Avg,Max,Min) (1.00, 1.00, 1.00) (0.98, 0.90, 1.00) #fs:   1  -- #Conts: 13 H(5)  G(2)  A(3)  E(3) 
 763894800 15939.41 || noQ Q (Avg,Max,Min) (1.00, 1.00, 1.00) (0.98, 0.90, 1.00) #fs:   0  -- #Conts: 13 H(5)  G(2)  A(3)  E(3) 
 764053292 15938.41 || noQ Q (Avg,Max,Min) (1.00, 1.00, 1.00) (0.99, 0.90, 1.00) #fs:   1  -- #Conts: 12 H(5)  G(2)  A(2)  E(3) 
 764193423 15937.41 || noQ Q (Avg,Max,Min) (1.00, 1.00, 1.00) (0.99, 0.90, 1.00) #fs:   0  -- #Conts: 12 H(5)  G(2)  A(2)  E(3) 
 764229418 15936.41 || noQ Q (Avg,Max,Min) (1.00, 1.00, 1.00) (0.99, 0.90, 1.00) #fs:   0  -- #Conts: 12 H(5)  G(2)  A(2)  E(3) 
 811883139 15843.82 || noQ Q (Avg,Max,Min) (1.01, 1.04, 1.00) (0.86, 0.08, 1.01) #fs:   0  -- #Conts: 13 H(6)  G(3)  A(1)  E(3) 
 812055074 15812.29 || noQ Q (Avg,Max,Min) (1.00, 1.03, 1.00) (0.92, 0.10, 1.01) #fs:   0  -- #Conts: 12 H(5)  G(3)  A(1)  E(3) 
 812121290 15783.76 || noQ Q (Avg,Max,Min) (1.00, 1.01, 1.00) (0.98, 0.79, 1.01) #fs:   0  -- #Conts: 12 H(4)  G(3)  A(2)  E(3) 
 812344320 15782.76 || noQ Q (Avg,Max,Min) (1.00, 1.01, 1.00) (0.98, 0.79, 1.01) #fs:   0  -- #Conts: 12 H(4)  G(3)  A(2)  E(3) 
 812613114 15780.76 || noQ Q (Avg,Max,Min) (1.00, 1.01, 1.00) (1.00, 0.99, 1.01) #fs:   0  -- #Conts: 11 H(4)  G(3)  A(1)  E(3) 
 812836144 15779.76 || noQ Q (Avg,Max,Min) (1.00, 1.01, 1.00) (1.00, 0.99, 1.01) #fs:   0  -- #Conts: 11 H(4)  G(3)  A(1)  E(3) 
 850524747 15551.00 || noQ Q (Avg,Max,Min) (1.00, 1.04, 1.00) (0.91, 0.08, 1.00) #fs:   0  -- #Conts: 12 H(4)  G(3)  A(2)  E(3) 
 850727924 15519.47 || noQ Q (Avg,Max,Min) (1.00, 1.00, 1.00) (0.99, 0.92, 1.00) #fs:   0  -- #Conts: 11 H(3)  G(3)  A(2)  E(3) 
 851292885 15516.47 || noQ Q (Avg,Max,Min) (1.00, 1.00, 1.00) (1.00, 0.98, 1.00) #fs:   0  -- #Conts: 10 H(3)  G(3)  A(1)  E(3) 
 851525801 15515.47 || noQ Q (Avg,Max,Min) (1.00, 1.00, 1.00) (1.00, 0.98, 1.00) #fs:   0  -- #Conts: 10 H(3)  G(3)  A(1)  E(3) 
 851821190 15514.47 || noQ Q (Avg,Max,Min) (1.00, 1.00, 1.00) (1.00, 0.98, 1.00) #fs:   0  -- #Conts: 10 H(3)  G(3)  A(1)  E(3) 
 852096033 15513.47 || noQ Q (Avg,Max,Min) (1.00, 1.00, 1.00) (1.00, 0.98, 1.00) #fs:   0  -- #Conts: 10 H(3)  G(3)  A(1)  E(3) 
 852139198 15512.47 || noQ Q (Avg,Max,Min) (1.00, 1.00, 1.00) (1.00, 0.98, 1.00) #fs:   0  -- #Conts: 10 H(3)  G(3)  A(1)  E(3) 
 852370876 15511.47 || noQ Q (Avg,Max,Min) (1.00, 1.00, 1.00) (1.00, 0.98, 1.00) #fs:   0  -- #Conts: 10 H(3)  G(3)  A(1)  E(3) 
 852657292 15510.47 || noQ Q (Avg,Max,Min) (1.00, 1.00, 1.00) (1.00, 0.98, 1.00) #fs:   0  -- #Conts: 10 H(3)  G(3)  A(1)  E(3) 
 852752764 15509.47 || noQ Q (Avg,Max,Min) (1.00, 1.00, 1.00) (1.00, 0.98, 1.00) #fs:   0  -- #Conts: 10 H(3)  G(3)  A(1)  E(3) 
 852961066 15508.47 || noQ Q (Avg,Max,Min) (1.00, 1.00, 1.00) (1.00, 0.98, 1.00) #fs:   0  -- #Conts: 10 H(3)  G(3)  A(1)  E(3) 
 887065799 15227.35 || noQ Q (Avg,Max,Min) (1.00, 1.00, 1.00) (0.97, 0.79, 1.00) #fs:   0  -- #Conts: 13 H(3)  G(3)  A(2)  E(5) 
 887352772 15224.35 || noQ Q (Avg,Max,Min) (1.00, 1.00, 1.00) (0.99, 0.90, 1.00) #fs:   0  -- #Conts: 12 H(3)  G(3)  A(1)  E(5) 
 887519012 15223.35 || noQ Q (Avg,Max,Min) (1.00, 1.00, 1.00) (0.99, 0.90, 1.00) #fs:   0  -- #Conts: 12 H(3)  G(3)  A(1)  E(5) 
 887679379 15221.35 || noQ Q (Avg,Max,Min) (1.00, 1.00, 1.00) (0.99, 0.90, 1.00) #fs:   0  -- #Conts: 12 H(3)  G(3)  A(1)  E(5) 
 887839746 15220.35 || noQ Q (Avg,Max,Min) (1.00, 1.00, 1.00) (0.99, 0.90, 1.00) #fs:   0  -- #Conts: 12 H(3)  G(3)  A(1)  E(5) 
 917317759 14989.18 || noQ Q (Avg,Max,Min) (1.00, 1.04, 1.00) (0.91, 0.08, 1.00) #fs:   0  -- #Conts: 14 H(3)  G(4)  A(1)  E(5)  C(1) 
 917520936 14957.65 || noQ Q (Avg,Max,Min) (1.00, 1.00, 1.00) (0.97, 0.63, 1.00) #fs:   0  -- #Conts: 13 H(2)  G(4)  A(1)  E(5)  C(1) 
 917808109 14956.65 || noQ Q (Avg,Max,Min) (1.00, 1.00, 1.00) (0.97, 0.63, 1.00) #fs:   0  -- #Conts: 13 H(2)  G(4)  A(1)  E(5)  C(1) 
 918085897 14953.65 || noQ Q (Avg,Max,Min) (1.00, 1.00, 1.00) (1.00, 0.98, 1.00) #fs:   0  -- #Conts: 12 H(2)  G(4)  A(1)  E(5) 
 918382524 14952.65 || noQ Q (Avg,Max,Min) (1.00, 1.00, 1.00) (1.00, 0.97, 1.00) #fs:   0  -- #Conts: 12 H(2)  G(4)  A(1)  E(5) 
 918629593 14951.65 || noQ Q (Avg,Max,Min) (1.00, 1.01, 1.00) (0.94, 0.17, 1.00) #fs:   1  -- #Conts: 13 H(2)  G(4)  A(2)  E(5) 
 918677850 14950.65 || noQ Q (Avg,Max,Min) (1.00, 1.00, 1.00) (1.00, 1.00, 1.00) #fs:   0  -- #Conts: 12 H(2)  G(4)  A(1)  E(5) 
 918952693 14949.65 || noQ Q (Avg,Max,Min) (1.00, 1.00, 1.00) (1.00, 0.99, 1.00) #fs:   0  -- #Conts: 12 H(2)  G(4)  A(1)  E(5) 
 993023362 14530.12 || noQ Q (Avg,Max,Min) (1.00, 1.00, 1.00) (0.99, 0.96, 1.00) #fs:   0  -- #Conts: 12 H(2)  G(3)  A(2)  E(5) 
 993190034 14529.12 || noQ Q (Avg,Max,Min) (1.00, 1.00, 1.00) (0.99, 0.92, 1.00) #fs:   0  -- #Conts: 12 H(2)  G(3)  A(2)  E(5) 
 993348526 14528.12 || noQ Q (Avg,Max,Min) (1.00, 1.03, 1.00) (0.92, 0.10, 1.00) #fs:   0  -- #Conts: 12 H(2)  G(3)  A(2)  E(5) 
 993367661 14527.12 || noQ Q (Avg,Max,Min) (1.00, 1.00, 1.00) (1.00, 0.99, 1.00) #fs:   0  -- #Conts: 11 H(2)  G(3)  A(1)  E(5) 
 993524652 14526.12 || noQ Q (Avg,Max,Min) (1.00, 1.00, 1.00) (1.00, 0.98, 1.00) #fs:   0  -- #Conts: 11 H(2)  G(3)  A(1)  E(5) 
1109435863 14261.06 || noQ Q (Avg,Max,Min) (1.00, 1.00, 1.00) (0.97, 0.79, 1.00) #fs:   0  -- #Conts: 11 H(1)  G(3)  A(2)  E(5) 
1109658893 14260.06 || noQ Q (Avg,Max,Min) (1.00, 1.00, 1.00) (0.97, 0.79, 1.00) #fs:   0  -- #Conts: 11 H(1)  G(3)  A(2)  E(5) 
1109927687 14258.06 || noQ Q (Avg,Max,Min) (1.00, 1.00, 1.00) (0.99, 0.90, 1.00) #fs:   0  -- #Conts: 10 H(1)  G(3)  A(1)  E(5) 
1110150717 14257.06 || noQ Q (Avg,Max,Min) (1.00, 1.00, 1.00) (0.99, 0.90, 1.00) #fs:   0  -- #Conts: 10 H(1)  G(3)  A(1)  E(5) 
1110214428 14256.06 || noQ Q (Avg,Max,Min) (1.00, 1.00, 1.00) (0.99, 0.90, 1.00) #fs:   0  -- #Conts: 10 H(1)  G(3)  A(1)  E(5) 
1110446106 14255.06 || noQ Q (Avg,Max,Min) (1.00, 1.00, 1.00) (0.99, 0.90, 1.00) #fs:   0  -- #Conts: 10 H(1)  G(3)  A(1)  E(5) 
1110718056 14254.06 || noQ Q (Avg,Max,Min) (1.00, 1.00, 1.00) (0.99, 0.90, 1.00) #fs:   0  -- #Conts: 10 H(1)  G(3)  A(1)  E(5) 
1110992899 14253.06 || noQ Q (Avg,Max,Min) (1.00, 1.00, 1.00) (0.99, 0.90, 1.00) #fs:   0  -- #Conts: 10 H(1)  G(3)  A(1)  E(5) 
1111059440 14252.06 || noQ Q (Avg,Max,Min) (1.00, 1.00, 1.00) (0.99, 0.90, 1.00) #fs:   0  -- #Conts: 10 H(1)  G(3)  A(1)  E(5) 
1111267742 14251.06 || noQ Q (Avg,Max,Min) (1.00, 1.00, 1.00) (0.99, 0.90, 1.00) #fs:   0  -- #Conts: 10 H(1)  G(3)  A(1)  E(5) 
1111554158 14250.06 || noQ Q (Avg,Max,Min) (1.00, 1.00, 1.00) (0.99, 0.90, 1.00) #fs:   0  -- #Conts: 10 H(1)  G(3)  A(1)  E(5) 
1111649630 14249.06 || noQ Q (Avg,Max,Min) (1.00, 1.00, 1.00) (0.99, 0.90, 1.00) #fs:   0  -- #Conts: 10 H(1)  G(3)  A(1)  E(5) 
1111857932 14248.06 || noQ Q (Avg,Max,Min) (1.00, 1.00, 1.00) (0.99, 0.90, 1.00) #fs:   0  -- #Conts: 10 H(1)  G(3)  A(1)  E(5) 
1112164599 14247.06 || noQ Q (Avg,Max,Min) (1.00, 1.00, 1.00) (0.99, 0.90, 1.00) #fs:   0  -- #Conts: 10 H(1)  G(3)  A(1)  E(5) 
1112268750 14246.06 || noQ Q (Avg,Max,Min) (1.00, 1.00, 1.00) (0.99, 0.90, 1.00) #fs:   0  -- #Conts: 10 H(1)  G(3)  A(1)  E(5) 
1146611329 14016.88 || noQ Q (Avg,Max,Min) (1.00, 1.04, 1.00) (0.90, 0.08, 1.00) #fs:   0  -- #Conts: 10 H(1)  G(3)  A(2)  E(4) 
1146814506 13985.35 || noQ Q (Avg,Max,Min) (1.00, 1.00, 1.00) (0.99, 0.92, 1.00) #fs:   0  -- #Conts: 9 G(3)  A(2)  E(4) 
1147101679 13983.35 || noQ Q (Avg,Max,Min) (1.00, 1.00, 1.00) (0.99, 0.92, 1.00) #fs:   0  -- #Conts: 9 G(3)  A(2)  E(4) 
1147379467 13982.35 || noQ Q (Avg,Max,Min) (1.00, 1.00, 1.00) (0.99, 0.99, 1.00) #fs:   0  -- #Conts: 8 G(3)  A(1)  E(4) 
1147648524 13981.35 || noQ Q (Avg,Max,Min) (1.00, 1.03, 1.00) (0.90, 0.10, 1.00) #fs:   0  -- #Conts: 9 G(3)  A(2)  E(4) 
1147676094 13980.35 || noQ Q (Avg,Max,Min) (1.00, 1.00, 1.00) (1.00, 0.98, 1.00) #fs:   0  -- #Conts: 8 G(3)  A(1)  E(4) 
1147971420 13979.35 || noQ Q (Avg,Max,Min) (1.00, 1.00, 1.00) (1.00, 0.98, 1.00) #fs:   0  -- #Conts: 8 G(3)  A(1)  E(4) 
1148246263 13978.35 || noQ Q (Avg,Max,Min) (1.00, 1.00, 1.00) (0.99, 0.98, 1.00) #fs:   0  -- #Conts: 8 G(3)  A(1)  E(4) 
1303852509 13940.24 || noQ Q (Avg,Max,Min) (1.00, 1.00, 1.00) (0.98, 0.79, 1.00) #fs:   0  -- #Conts: 11 G(5)  A(2)  E(4) 
1304139187 13938.24 || noQ Q (Avg,Max,Min) (1.00, 1.00, 1.00) (0.98, 0.79, 1.00) #fs:   0  -- #Conts: 11 G(5)  A(2)  E(4) 
1304344333 13937.24 || noQ Q (Avg,Max,Min) (1.00, 1.00, 1.00) (1.00, 0.98, 1.00) #fs:   0  -- #Conts: 10 G(5)  A(1)  E(4) 
1304631011 13935.24 || noQ Q (Avg,Max,Min) (1.00, 1.00, 1.00) (1.00, 0.99, 1.00) #fs:   0  -- #Conts: 10 G(5)  A(1)  E(4) 
1586729628 13927.47 || noQ Q (Avg,Max,Min) (1.00, 1.02, 1.00) (0.90, 0.16, 1.00) #fs:   0  -- #Conts: 12 G(4)  A(2)  E(6) 
1587221452 13924.47 || noQ Q (Avg,Max,Min) (1.00, 1.02, 1.00) (0.93, 0.30, 1.00) #fs:   0  -- #Conts: 11 G(4)  A(1)  E(6) 
1587450698 13911.71 || noQ Q (Avg,Max,Min) (1.00, 1.00, 1.00) (0.97, 0.79, 1.00) #fs:   0  -- #Conts: 11 G(3)  A(2)  E(6) 
1587953373 13910.71 || noQ Q (Avg,Max,Min) (1.00, 1.00, 1.00) (0.97, 0.79, 1.00) #fs:   0  -- #Conts: 11 G(3)  A(2)  E(6) 
1588559918 13908.71 || noQ Q (Avg,Max,Min) (1.00, 1.00, 1.00) (0.99, 0.90, 1.00) #fs:   0  -- #Conts: 10 G(3)  A(1)  E(6) 
1609507429 13879.53 || noQ Q (Avg,Max,Min) (0.99, 1.00, 0.89) (0.92, 0.18, 1.00) #fs:   1  -- #Conts: 11 H(1)  G(3)  A(1)  E(6) 
1609851254 13863.76 || noQ Q (Avg,Max,Min) (1.00, 1.02, 1.00) (0.93, 0.30, 1.00) #fs:   0  -- #Conts: 11 G(4)  A(1)  E(6) 
1610327964 13861.76 || noQ Q (Avg,Max,Min) (1.00, 1.02, 1.00) (0.93, 0.30, 1.00) #fs:   0  -- #Conts: 11 G(4)  A(1)  E(6) 
1610370231 13848.00 || noQ Q (Avg,Max,Min) (1.00, 1.00, 1.00) (1.00, 0.99, 1.00) #fs:   0  -- #Conts: 10 G(3)  A(1)  E(6) 
1610547994 13846.00 || noQ Q (Avg,Max,Min) (1.00, 1.00, 1.00) (1.00, 0.99, 1.00) #fs:   0  -- #Conts: 10 G(3)  A(1)  E(6) 
1612222488 13845.00 || noQ Q (Avg,Max,Min) (1.00, 1.00, 1.00) (1.00, 0.99, 1.00) #fs:   1  -- #Conts: 10 G(3)  A(1)  E(6) 
1612271786 13844.00 || noQ Q (Avg,Max,Min) (1.00, 1.00, 1.00) (1.00, 0.99, 1.00) #fs:   0  -- #Conts: 10 G(3)  A(1)  E(6) 
1622531553 13843.00 || noQ Q (Avg,Max,Min) (1.00, 1.00, 1.00) (0.97, 0.79, 1.00) #fs:   0  -- #Conts: 12 G(3)  A(3)  E(6) 
1623948278 13842.71 || noQ Q (Avg,Max,Min) (1.00, 1.00, 1.00) (0.97, 0.79, 1.00) #fs:   0  -- #Conts: 12 G(3)  A(3)  E(6) 
1780903553 13833.00 || noQ Q (Avg,Max,Min) (1.00, 1.03, 1.00) (0.88, 0.10, 1.00) #fs:   0  -- #Conts: 10 H(1)  G(3)  A(3)  E(3) 
1781143350 13817.24 || noQ Q (Avg,Max,Min) (1.00, 1.02, 1.00) (0.89, 0.16, 1.00) #fs:   0  -- #Conts: 10 G(4)  A(3)  E(3) 
1781635174 13814.24 || noQ Q (Avg,Max,Min) (1.00, 1.02, 1.00) (0.92, 0.30, 1.00) #fs:   0  -- #Conts: 9 G(4)  A(2)  E(3) 
1781864420 13808.18 || noQ Q (Avg,Max,Min) (1.00, 1.00, 1.00) (0.97, 0.79, 1.00) #fs:   0  -- #Conts: 9 G(3)  A(3)  E(3) 
1782811254 13805.47 || noQ Q (Avg,Max,Min) (1.00, 1.00, 1.00) (0.94, 0.63, 1.00) #fs:   0  -- #Conts: 10 G(3)  A(3)  E(3)  C(1) 
1782973640 13805.18 || noQ Q (Avg,Max,Min) (1.00, 1.00, 1.00) (0.99, 0.98, 1.00) #fs:   0  -- #Conts: 8 G(3)  A(2)  E(3) 
1790517626 13804.47 || noQ Q (Avg,Max,Min) (1.00, 1.00, 1.00) (0.97, 0.79, 1.00) #fs:   0  -- #Conts: 10 G(3)  A(4)  E(3) 
1830699597 13801.06 || noQ Q (Avg,Max,Min) (1.00, 1.03, 1.00) (0.90, 0.10, 1.00) #fs:   0  -- #Conts: 9 H(1)  G(3)  A(1)  E(4) 
1830765813 13772.53 || noQ Q (Avg,Max,Min) (1.00, 1.00, 1.00) (0.98, 0.79, 1.00) #fs:   0  -- #Conts: 9 G(3)  A(2)  E(4) 
1830988843 13771.53 || noQ Q (Avg,Max,Min) (1.00, 1.00, 1.00) (0.98, 0.79, 1.00) #fs:   0  -- #Conts: 9 G(3)  A(2)  E(4) 
1831257637 13769.53 || noQ Q (Avg,Max,Min) (1.00, 1.00, 1.00) (1.00, 0.99, 1.00) #fs:   0  -- #Conts: 8 G(3)  A(1)  E(4) 
1831480667 13768.53 || noQ Q (Avg,Max,Min) (1.00, 1.00, 1.00) (1.00, 0.99, 1.00) #fs:   0  -- #Conts: 8 G(3)  A(1)  E(4) 
1831776056 13767.53 || noQ Q (Avg,Max,Min) (1.00, 1.00, 1.00) (1.00, 0.99, 1.00) #fs:   0  -- #Conts: 8 G(3)  A(1)  E(4) 
2055513360 13685.65 || noQ Q (Avg,Max,Min) (1.00, 1.04, 1.00) (0.90, 0.08, 1.00) #fs:   0  -- #Conts: 10 H(1)  G(2)  A(2)  E(5) 
2055716537 13654.12 || noQ Q (Avg,Max,Min) (1.00, 1.00, 1.00) (0.99, 0.92, 1.00) #fs:   0  -- #Conts: 9 G(2)  A(2)  E(5) 
2056003710 13653.12 || noQ Q (Avg,Max,Min) (1.00, 1.00, 1.00) (0.99, 0.92, 1.00) #fs:   0  -- #Conts: 9 G(2)  A(2)  E(5) 
2056281498 13651.12 || noQ Q (Avg,Max,Min) (1.00, 1.00, 1.00) (1.00, 0.99, 1.00) #fs:   0  -- #Conts: 8 G(2)  A(1)  E(5) 
2056578125 13650.12 || noQ Q (Avg,Max,Min) (1.00, 1.00, 1.00) (1.00, 0.98, 1.00) #fs:   0  -- #Conts: 8 G(2)  A(1)  E(5) 
2056825194 13649.12 || noQ Q (Avg,Max,Min) (1.00, 1.01, 1.00) (0.91, 0.17, 1.00) #fs:   1  -- #Conts: 9 G(2)  A(2)  E(5) 
2056873451 13648.12 || noQ Q (Avg,Max,Min) (1.00, 1.00, 1.00) (1.00, 1.00, 1.00) #fs:   0  -- #Conts: 8 G(2)  A(1)  E(5) 
2057148294 13647.12 || noQ Q (Avg,Max,Min) (1.00, 1.00, 1.00) (1.00, 0.99, 1.00) #fs:   0  -- #Conts: 8 G(2)  A(1)  E(5) 
2057423137 13646.12 || noQ Q (Avg,Max,Min) (1.00, 1.00, 1.00) (1.00, 0.98, 1.00) #fs:   0  -- #Conts: 8 G(2)  A(1)  E(5) 
2057658607 13645.12 || noQ Q (Avg,Max,Min) (0.94, 1.00, 0.43) (0.91, 0.17, 1.00) #fs:   1  -- #Conts: 9 G(2)  A(2)  E(5) 
2057709553 13644.12 || noQ Q (Avg,Max,Min) (1.00, 1.00, 1.00) (1.00, 1.00, 1.00) #fs:   0  -- #Conts: 8 G(2)  A(1)  E(5) 
2058013327 13643.12 || noQ Q (Avg,Max,Min) (1.00, 1.00, 1.00) (1.00, 0.98, 1.00) #fs:   0  -- #Conts: 8 G(2)  A(1)  E(5) 
2146214092 13613.24 || noQ Q (Avg,Max,Min) (1.00, 1.00, 1.00) (0.99, 0.92, 1.00) #fs:   0  -- #Conts: 9 G(2)  A(2)  E(5) 
2146501265 13612.24 || noQ Q (Avg,Max,Min) (1.00, 1.00, 1.00) (0.99, 0.92, 1.00) #fs:   0  -- #Conts: 9 G(2)  A(2)  E(5) 
2146779053 13610.24 || noQ Q (Avg,Max,Min) (1.00, 1.00, 1.00) (1.00, 1.00, 1.00) #fs:   0  -- #Conts: 8 G(2)  A(1)  E(5) 
2147075680 13609.24 || noQ Q (Avg,Max,Min) (1.00, 1.00, 1.00) (1.00, 0.99, 1.00) #fs:   0  -- #Conts: 8 G(2)  A(1)  E(5) 
2147371006 13608.24 || noQ Q (Avg,Max,Min) (1.00, 1.00, 1.00) (1.00, 0.99, 1.00) #fs:   0  -- #Conts: 8 G(2)  A(1)  E(5) 
2147645849 13607.24 || noQ Q (Avg,Max,Min) (1.00, 1.00, 1.00) (1.00, 0.98, 1.00) #fs:   0  -- #Conts: 8 G(2)  A(1)  E(5) 
2358189837 13595.82 || noQ Q (Avg,Max,Min) (1.00, 1.02, 1.00) (0.93, 0.30, 1.00) #fs:   0  -- #Conts: 10 G(3)  A(1)  E(6) 
2358419083 13583.06 || noQ Q (Avg,Max,Min) (1.00, 1.00, 1.00) (0.98, 0.79, 1.00) #fs:   0  -- #Conts: 10 G(2)  A(2)  E(6) 
2358921758 13582.06 || noQ Q (Avg,Max,Min) (1.00, 1.00, 1.00) (0.98, 0.79, 1.00) #fs:   0  -- #Conts: 10 G(2)  A(2)  E(6) 
2359528303 13580.06 || noQ Q (Avg,Max,Min) (1.00, 1.00, 1.00) (1.00, 0.99, 1.00) #fs:   0  -- #Conts: 9 G(2)  A(1)  E(6) 
2370391325 13579.47 || noQ Q (Avg,Max,Min) (1.00, 1.00, 1.00) (0.94, 0.63, 1.00) #fs:   0  -- #Conts: 11 G(2)  A(2)  E(6)  C(1) 
2377025599 13578.47 || noQ Q (Avg,Max,Min) (1.00, 1.00, 1.00) (0.97, 0.79, 1.00) #fs:   0  -- #Conts: 11 G(2)  A(3)  E(6) 
2483669771 7617.41 || noQ Q (Avg,Max,Min) (1.00, 1.00, 1.00) (0.99, 0.91, 1.00) #fs:   0  -- #Conts: 10 H(2)  A(4)  E(4) 
2483836443 7615.41 || noQ Q (Avg,Max,Min) (1.00, 1.00, 1.00) (0.99, 0.91, 1.00) #fs:   0  -- #Conts: 10 H(2)  A(4)  E(4) 
2483994935 7610.71 || noQ Q (Avg,Max,Min) (1.00, 1.00, 1.00) (1.00, 1.00, 1.00) #fs:   0  -- #Conts: 10 H(2)  A(4)  E(4) 
2484135066 7609.71 || noQ Q (Avg,Max,Min) (1.00, 1.00, 1.00) (1.00, 1.00, 1.00) #fs:   0  -- #Conts: 10 H(2)  A(4)  E(4) 
2484171061 7608.71 || noQ Q (Avg,Max,Min) (1.00, 1.00, 1.00) (1.00, 1.00, 1.00) #fs:   0  -- #Conts: 10 H(2)  A(4)  E(4) 
2524697578 7506.65 || noQ Q (Avg,Max,Min) (1.00, 1.00, 1.00) (0.98, 0.79, 1.00) #fs:   0  -- #Conts: 12 H(2)  A(6)  G(1)  E(3) 
2524827823 7505.65 || noQ Q (Avg,Max,Min) (1.00, 1.00, 1.00) (0.98, 0.79, 1.00) #fs:   0  -- #Conts: 12 H(2)  A(6)  G(1)  E(3) 
2524984551 7503.65 || noQ Q (Avg,Max,Min) (1.00, 1.00, 1.00) (1.00, 0.98, 1.00) #fs:   0  -- #Conts: 11 H(2)  A(5)  G(1)  E(3) 
2525114796 7502.65 || noQ Q (Avg,Max,Min) (1.00, 1.00, 1.00) (1.00, 0.98, 1.00) #fs:   0  -- #Conts: 11 H(2)  A(5)  G(1)  E(3) 
2525150791 7501.65 || noQ Q (Avg,Max,Min) (1.00, 1.00, 1.00) (1.00, 0.98, 1.00) #fs:   0  -- #Conts: 11 H(2)  A(5)  G(1)  E(3) 
2525289684 7500.65 || noQ Q (Avg,Max,Min) (1.00, 1.00, 1.00) (1.00, 0.98, 1.00) #fs:   0  -- #Conts: 11 H(2)  A(5)  G(1)  E(3) 
2525448363 7499.65 || noQ Q (Avg,Max,Min) (1.00, 1.00, 1.00) (1.00, 0.98, 1.00) #fs:   0  -- #Conts: 11 H(2)  A(5)  G(1)  E(3) 
2525608730 7498.65 || noQ Q (Avg,Max,Min) (1.00, 1.00, 1.00) (1.00, 0.98, 1.00) #fs:   0  -- #Conts: 11 H(2)  A(5)  G(1)  E(3) 
2525647555 7497.65 || noQ Q (Avg,Max,Min) (1.00, 1.00, 1.00) (1.00, 0.98, 1.00) #fs:   0  -- #Conts: 11 H(2)  A(5)  G(1)  E(3) 
2618741692 7416.18 || noQ Q (Avg,Max,Min) (1.01, 1.04, 1.00) (0.87, 0.08, 1.01) #fs:   0  -- #Conts: 14 H(4)  A(5)  G(2)  E(3) 
2618913627 7384.65 || noQ Q (Avg,Max,Min) (1.00, 1.03, 1.00) (0.93, 0.10, 1.01) #fs:   0  -- #Conts: 13 H(3)  A(5)  G(2)  E(3) 
2618979843 7356.12 || noQ Q (Avg,Max,Min) (1.00, 1.01, 1.00) (0.98, 0.79, 1.01) #fs:   0  -- #Conts: 13 H(2)  A(6)  G(2)  E(3) 
2619202873 7355.12 || noQ Q (Avg,Max,Min) (1.00, 1.01, 1.00) (0.98, 0.79, 1.01) #fs:   0  -- #Conts: 13 H(2)  A(6)  G(2)  E(3) 
2619471667 7353.12 || noQ Q (Avg,Max,Min) (1.00, 1.01, 1.00) (1.00, 1.00, 1.01) #fs:   0  -- #Conts: 12 H(2)  A(5)  G(2)  E(3) 
2619694697 7352.12 || noQ Q (Avg,Max,Min) (1.00, 1.01, 1.00) (1.00, 1.00, 1.01) #fs:   0  -- #Conts: 12 H(2)  A(5)  G(2)  E(3) 
2637259402 7265.47 || noQ Q (Avg,Max,Min) (1.00, 1.04, 1.00) (0.92, 0.08, 1.00) #fs:   0  -- #Conts: 13 H(2)  A(6)  G(2)  E(3) 
2637462579 7233.94 || noQ Q (Avg,Max,Min) (1.00, 1.00, 1.00) (0.99, 0.92, 1.00) #fs:   0  -- #Conts: 12 H(1)  A(6)  G(2)  E(3) 
2638027540 7230.94 || noQ Q (Avg,Max,Min) (1.00, 1.00, 1.00) (1.00, 0.99, 1.00) #fs:   0  -- #Conts: 11 H(1)  A(5)  G(2)  E(3) 
2638260456 7229.94 || noQ Q (Avg,Max,Min) (1.00, 1.00, 1.00) (1.00, 0.99, 1.00) #fs:   0  -- #Conts: 11 H(1)  A(5)  G(2)  E(3) 
2638555845 7228.94 || noQ Q (Avg,Max,Min) (1.00, 1.00, 1.00) (1.00, 0.99, 1.00) #fs:   0  -- #Conts: 11 H(1)  A(5)  G(2)  E(3) 
2638827795 7227.94 || noQ Q (Avg,Max,Min) (1.00, 1.00, 1.00) (1.00, 0.99, 1.00) #fs:   0  -- #Conts: 11 H(1)  A(5)  G(2)  E(3) 
2666954095 7124.35 || noQ Q (Avg,Max,Min) (1.00, 1.04, 1.00) (0.92, 0.08, 1.00) #fs:   0  -- #Conts: 13 H(2)  A(6)  G(2)  E(3) 
2667157272 7092.82 || noQ Q (Avg,Max,Min) (1.00, 1.00, 1.00) (0.99, 0.92, 1.00) #fs:   0  -- #Conts: 12 H(1)  A(6)  G(2)  E(3) 
2667444445 7090.82 || noQ Q (Avg,Max,Min) (1.00, 1.00, 1.00) (0.99, 0.92, 1.00) #fs:   0  -- #Conts: 12 H(1)  A(6)  G(2)  E(3) 
2667722233 7089.82 || noQ Q (Avg,Max,Min) (1.00, 1.00, 1.00) (1.00, 0.98, 1.00) #fs:   0  -- #Conts: 11 H(1)  A(5)  G(2)  E(3) 
2667955149 7088.82 || noQ Q (Avg,Max,Min) (1.00, 1.00, 1.00) (1.00, 0.98, 1.00) #fs:   0  -- #Conts: 11 H(1)  A(5)  G(2)  E(3) 
2668018860 7087.82 || noQ Q (Avg,Max,Min) (1.00, 1.00, 1.00) (1.00, 0.98, 1.00) #fs:   0  -- #Conts: 11 H(1)  A(5)  G(2)  E(3) 
2668250538 7086.82 || noQ Q (Avg,Max,Min) (1.00, 1.00, 1.00) (1.00, 0.98, 1.00) #fs:   0  -- #Conts: 11 H(1)  A(5)  G(2)  E(3) 
2668522488 7085.82 || noQ Q (Avg,Max,Min) (1.00, 1.00, 1.00) (1.00, 0.98, 1.00) #fs:   0  -- #Conts: 11 H(1)  A(5)  G(2)  E(3) 
2668797331 7084.82 || noQ Q (Avg,Max,Min) (1.00, 1.00, 1.00) (1.00, 0.98, 1.00) #fs:   0  -- #Conts: 11 H(1)  A(5)  G(2)  E(3) 
2668863872 7083.82 || noQ Q (Avg,Max,Min) (1.00, 1.00, 1.00) (1.00, 0.98, 1.00) #fs:   0  -- #Conts: 11 H(1)  A(5)  G(2)  E(3) 
2669072174 7082.82 || noQ Q (Avg,Max,Min) (1.00, 1.00, 1.00) (1.00, 0.98, 1.00) #fs:   0  -- #Conts: 11 H(1)  A(5)  G(2)  E(3) 
2669358590 7081.82 || noQ Q (Avg,Max,Min) (1.00, 1.00, 1.00) (1.00, 0.98, 1.00) #fs:   0  -- #Conts: 11 H(1)  A(5)  G(2)  E(3) 
2669462741 7080.82 || noQ Q (Avg,Max,Min) (1.00, 1.00, 1.00) (1.00, 0.98, 1.00) #fs:   0  -- #Conts: 11 H(1)  A(5)  G(2)  E(3) 
2683300523 6954.18 || noQ Q (Avg,Max,Min) (1.00, 1.00, 1.00) (0.98, 0.79, 1.00) #fs:   0  -- #Conts: 11 A(6)  G(2)  E(3) 
2683523553 6953.18 || noQ Q (Avg,Max,Min) (1.00, 1.00, 1.00) (0.98, 0.79, 1.00) #fs:   0  -- #Conts: 11 A(6)  G(2)  E(3) 
2683792347 6951.18 || noQ Q (Avg,Max,Min) (1.00, 1.00, 1.00) (1.00, 1.00, 1.00) #fs:   0  -- #Conts: 10 A(5)  G(2)  E(3) 
2684015377 6950.18 || noQ Q (Avg,Max,Min) (1.00, 1.00, 1.00) (1.00, 1.00, 1.00) #fs:   0  -- #Conts: 10 A(5)  G(2)  E(3) 
2684079088 6949.18 || noQ Q (Avg,Max,Min) (1.00, 1.00, 1.00) (1.00, 1.00, 1.00) #fs:   0  -- #Conts: 10 A(5)  G(2)  E(3) 
2684310766 6948.18 || noQ Q (Avg,Max,Min) (1.00, 1.00, 1.00) (1.00, 1.00, 1.00) #fs:   0  -- #Conts: 10 A(5)  G(2)  E(3) 
2877160684 6923.47 || noQ Q (Avg,Max,Min) (1.00, 1.00, 1.00) (0.98, 0.79, 1.00) #fs:   0  -- #Conts: 12 A(6)  G(2)  E(4) 
2877383714 6922.47 || noQ Q (Avg,Max,Min) (1.00, 1.00, 1.00) (0.98, 0.79, 1.00) #fs:   0  -- #Conts: 12 A(6)  G(2)  E(4) 
2877652508 6920.47 || noQ Q (Avg,Max,Min) (1.00, 1.00, 1.00) (1.00, 0.98, 1.00) #fs:   0  -- #Conts: 11 A(5)  G(2)  E(4) 
2877875538 6919.47 || noQ Q (Avg,Max,Min) (1.00, 1.00, 1.00) (1.00, 0.98, 1.00) #fs:   0  -- #Conts: 11 A(5)  G(2)  E(4) 
3100152174 6889.29 || noQ Q (Avg,Max,Min) (1.00, 1.04, 1.00) (0.92, 0.08, 1.00) #fs:   0  -- #Conts: 12 H(1)  A(6)  G(1)  E(4) 
3100357025 6873.53 || noQ Q (Avg,Max,Min) (1.00, 1.02, 1.00) (0.92, 0.14, 1.00) #fs:   0  -- #Conts: 12 A(6)  G(2)  E(4) 
3100972747 6857.76 || noQ Q (Avg,Max,Min) (1.00, 1.00, 1.00) (0.99, 0.92, 1.00) #fs:   0  -- #Conts: 11 A(6)  G(1)  E(4) 
3101623094 6855.76 || noQ Q (Avg,Max,Min) (1.00, 1.00, 1.00) (0.99, 0.92, 1.00) #fs:   0  -- #Conts: 11 A(6)  G(1)  E(4) 
3160354491 6850.65 || noQ Q (Avg,Max,Min) (1.00, 1.03, 1.00) (0.91, 0.10, 1.00) #fs:   0  -- #Conts: 12 H(1)  A(6)  G(1)  E(4) 
3160594288 6834.88 || noQ Q (Avg,Max,Min) (1.00, 1.02, 1.00) (0.91, 0.16, 1.00) #fs:   0  -- #Conts: 12 A(6)  G(2)  E(4) 
3161086112 6831.88 || noQ Q (Avg,Max,Min) (1.00, 1.02, 1.00) (0.93, 0.30, 1.00) #fs:   0  -- #Conts: 11 A(5)  G(2)  E(4) 
3161315358 6819.12 || noQ Q (Avg,Max,Min) (1.00, 1.00, 1.00) (0.98, 0.79, 1.00) #fs:   0  -- #Conts: 11 A(6)  G(1)  E(4) 
3161818033 6818.12 || noQ Q (Avg,Max,Min) (1.00, 1.00, 1.00) (0.98, 0.79, 1.00) #fs:   0  -- #Conts: 11 A(6)  G(1)  E(4) 
3162424578 6816.12 || noQ Q (Avg,Max,Min) (1.00, 1.00, 1.00) (1.00, 0.98, 1.00) #fs:   0  -- #Conts: 10 A(5)  G(1)  E(4) 
3172189403 6815.53 || noQ Q (Avg,Max,Min) (1.00, 1.01, 1.00) (0.93, 0.54, 1.00) #fs:   0  -- #Conts: 12 A(5)  G(1)  E(4)  C(2) 
3173287600 6814.53 || noQ Q (Avg,Max,Min) (1.00, 1.00, 1.00) (0.95, 0.63, 1.00) #fs:   0  -- #Conts: 12 A(6)  G(1)  E(4)  C(1) 
3179895775 6813.53 || noQ Q (Avg,Max,Min) (1.00, 1.00, 1.00) (0.97, 0.79, 1.00) #fs:   0  -- #Conts: 12 A(7)  G(1)  E(4) 
3354451525 6801.76 || noQ Q (Avg,Max,Min) (1.00, 1.02, 1.00) (0.90, 0.16, 1.00) #fs:   0  -- #Conts: 11 A(7)  G(1)  E(3) 
3354943349 6798.76 || noQ Q (Avg,Max,Min) (1.00, 1.02, 1.00) (0.93, 0.30, 1.00) #fs:   0  -- #Conts: 10 A(6)  G(1)  E(3) 
3355172595 6792.71 || noQ Q (Avg,Max,Min) (1.00, 1.00, 1.00) (0.98, 0.79, 1.00) #fs:   0  -- #Conts: 10 A(7)  E(3) 
3356119429 6790.00 || noQ Q (Avg,Max,Min) (1.00, 1.00, 1.00) (0.94, 0.63, 1.00) #fs:   0  -- #Conts: 11 A(7)  E(3)  C(1) 
3356281815 6789.71 || noQ Q (Avg,Max,Min) (1.00, 1.00, 1.00) (1.00, 0.98, 1.00) #fs:   0  -- #Conts: 9 A(6)  E(3) 
3363825801 6789.00 || noQ Q (Avg,Max,Min) (1.00, 1.00, 1.00) (0.97, 0.79, 1.00) #fs:   0  -- #Conts: 11 A(8)  E(3) 
4386010747 5977.59 || noQ Q (Avg,Max,Min) (1.00, 1.03, 1.00) (0.91, 0.10, 1.01) #fs:   0  -- #Conts: 12 H(2)  A(7)  G(1)  E(2) 
4386297720 5974.59 || noQ Q (Avg,Max,Min) (1.00, 1.03, 1.00) (0.93, 0.18, 1.01) #fs:   0  -- #Conts: 11 H(2)  A(6)  G(1)  E(2) 
4386742368 5958.82 || noQ Q (Avg,Max,Min) (1.00, 1.02, 1.00) (0.94, 0.30, 1.01) #fs:   0  -- #Conts: 11 H(1)  A(6)  G(2)  E(2) 
4387144034 5956.47 || noQ Q (Avg,Max,Min) (1.00, 1.01, 1.00) (0.89, 0.31, 1.01) #fs:   0  -- #Conts: 12 H(1)  A(6)  G(1)  E(4) 
4387918448 5953.76 || noQ Q (Avg,Max,Min) (1.00, 1.01, 1.00) (0.91, 0.31, 1.01) #fs:   0  -- #Conts: 12 H(1)  A(6)  G(1)  E(3)  C(1) 
4387951481 5951.06 || noQ Q (Avg,Max,Min) (1.00, 1.01, 1.00) (0.93, 0.54, 1.01) #fs:   0  -- #Conts: 12 H(1)  A(6)  G(1)  E(2)  C(2) 
4388082480 5949.76 || noQ Q (Avg,Max,Min) (1.00, 1.01, 1.00) (0.97, 0.67, 1.01) #fs:   0  -- #Conts: 11 H(1)  A(6)  G(1)  E(3) 
4394520606 5949.06 || noQ Q (Avg,Max,Min) (1.00, 1.01, 1.00) (0.97, 0.63, 1.01) #fs:   0  -- #Conts: 11 H(1)  A(6)  G(1)  E(2)  C(1) 
4404123174 5948.06 || noQ Q (Avg,Max,Min) (1.00, 1.01, 1.00) (1.00, 0.99, 1.01) #fs:   0  -- #Conts: 10 H(1)  A(6)  G(1)  E(2) 
4415996633 5864.18 || noQ Q (Avg,Max,Min) (1.00, 1.04, 1.00) (0.91, 0.08, 1.00) #fs:   0  -- #Conts: 11 H(1)  A(7)  E(3) 
4416201484 5848.41 || noQ Q (Avg,Max,Min) (1.00, 1.02, 1.00) (0.92, 0.14, 1.00) #fs:   0  -- #Conts: 11 A(7)  G(1)  E(3) 
4416818880 5839.35 || noQ Q (Avg,Max,Min) (1.00, 1.01, 1.00) (0.93, 0.31, 1.00) #fs:   0  -- #Conts: 11 A(7)  E(4) 
4417626327 5836.65 || noQ Q (Avg,Max,Min) (1.00, 1.01, 1.00) (0.95, 0.54, 1.00) #fs:   0  -- #Conts: 11 A(7)  E(3)  C(1) 
4424207986 5834.65 || noQ Q (Avg,Max,Min) (1.00, 1.00, 1.00) (0.99, 0.95, 1.00) #fs:   0  -- #Conts: 10 A(7)  E(3) 
4445689545 5022.53 || noQ Q (Avg,Max,Min) (0.99, 1.01, 0.82) (0.93, 0.18, 1.01) #fs:   1  -- #Conts: 13 H(2)  A(7)  G(1)  E(3) 
4445950608 5007.76 || noQ Q (Avg,Max,Min) (1.00, 1.02, 1.00) (0.94, 0.30, 1.01) #fs:   0  -- #Conts: 13 H(1)  A(7)  G(2)  E(3) 
4445978178 5006.76 || noQ Q (Avg,Max,Min) (1.00, 1.02, 1.00) (0.94, 0.31, 1.01) #fs:   0  -- #Conts: 13 H(1)  A(7)  G(2)  E(3) 
4446874326 5004.41 || noQ Q (Avg,Max,Min) (1.00, 1.01, 1.00) (0.90, 0.31, 1.01) #fs:   0  -- #Conts: 14 H(1)  A(7)  G(1)  E(5) 
4447126688 5001.71 || noQ Q (Avg,Max,Min) (1.00, 1.01, 1.00) (0.92, 0.31, 1.01) #fs:   0  -- #Conts: 14 H(1)  A(7)  G(1)  E(4)  C(1) 
4447290720 4997.71 || noQ Q (Avg,Max,Min) (1.00, 1.01, 1.00) (0.97, 0.67, 1.01) #fs:   0  -- #Conts: 13 H(1)  A(7)  G(1)  E(4) 
4450332889 4892.59 || noQ Q (Avg,Max,Min) (1.00, 1.03, 1.00) (0.89, 0.10, 1.00) #fs:   0  -- #Conts: 13 H(1)  A(7)  G(1)  E(3)  C(1) 
4450515304 4891.59 || noQ Q (Avg,Max,Min) (1.00, 1.03, 1.00) (0.91, 0.10, 1.00) #fs:   0  -- #Conts: 13 H(1)  A(8)  G(1)  E(3) 
4450572686 4875.82 || noQ Q (Avg,Max,Min) (1.00, 1.02, 1.00) (0.92, 0.16, 1.00) #fs:   0  -- #Conts: 13 A(8)  G(2)  E(3) 
4451064510 4872.82 || noQ Q (Avg,Max,Min) (1.00, 1.02, 1.00) (0.94, 0.30, 1.00) #fs:   0  -- #Conts: 12 A(7)  G(2)  E(3) 
4451295402 4866.76 || noQ Q (Avg,Max,Min) (1.00, 1.00, 0.97) (0.99, 0.91, 1.00) #fs:   1  -- #Conts: 11 A(7)  G(1)  E(3) 
4452240590 4864.06 || noQ Q (Avg,Max,Min) (1.00, 1.00, 1.00) (0.97, 0.63, 1.00) #fs:   0  -- #Conts: 12 A(7)  G(1)  E(3)  C(1) 
4452404622 4863.76 || noQ Q (Avg,Max,Min) (1.00, 1.00, 0.97) (0.99, 0.94, 1.00) #fs:   1  -- #Conts: 11 A(7)  G(1)  E(3) 
4458485430 4863.06 || noQ Q (Avg,Max,Min) (1.00, 1.00, 1.00) (0.97, 0.63, 1.00) #fs:   0  -- #Conts: 12 A(7)  G(1)  E(3)  C(1) 
4468445316 4862.06 || noQ Q (Avg,Max,Min) (1.00, 1.00, 1.00) (1.00, 0.98, 1.00) #fs:   0  -- #Conts: 11 A(7)  G(1)  E(3) 
4644191588 4861.88 || noQ Q (Avg,Max,Min) (1.00, 1.03, 1.00) (0.92, 0.10, 1.00) #fs:   0  -- #Conts: 11 H(1)  A(6)  E(4) 
4644431385 4846.12 || noQ Q (Avg,Max,Min) (1.00, 1.02, 1.00) (0.92, 0.16, 1.00) #fs:   0  -- #Conts: 11 A(6)  G(1)  E(4) 
4644923209 4843.12 || noQ Q (Avg,Max,Min) (1.00, 1.02, 1.00) (0.94, 0.30, 1.00) #fs:   0  -- #Conts: 11 A(6)  G(1)  E(4) 
4645154101 4837.06 || noQ Q (Avg,Max,Min) (1.00, 1.01, 1.00) (0.94, 0.36, 1.00) #fs:   0  -- #Conts: 11 A(6)  E(5) 
4646099289 4834.35 || noQ Q (Avg,Max,Min) (1.00, 1.00, 1.00) (0.97, 0.63, 1.00) #fs:   0  -- #Conts: 11 A(6)  E(4)  C(1) 
4646263321 4834.06 || noQ Q (Avg,Max,Min) (1.00, 1.01, 1.00) (0.97, 0.67, 1.00) #fs:   0  -- #Conts: 11 A(6)  E(5) 
4652344129 4833.35 || noQ Q (Avg,Max,Min) (1.00, 1.00, 1.00) (0.97, 0.63, 1.00) #fs:   0  -- #Conts: 11 A(6)  E(4)  C(1) 
4662304015 4832.35 || noQ Q (Avg,Max,Min) (1.00, 1.00, 1.00) (1.00, 1.00, 1.00) #fs:   0  -- #Conts: 10 A(6)  E(4) 
6442859154 4811.71 || noQ Q (Avg,Max,Min) (1.00, 1.03, 1.00) (0.90, 0.10, 1.00) #fs:   1  -- #Conts: 9 H(1)  A(5)  E(3) 
6443146127 4809.71 || noQ Q (Avg,Max,Min) (1.00, 1.03, 1.00) (0.91, 0.18, 1.00) #fs:   1  -- #Conts: 9 H(1)  A(5)  E(3) 
6443590775 4793.94 || noQ Q (Avg,Max,Min) (1.00, 1.02, 1.00) (0.92, 0.30, 1.00) #fs:   1  -- #Conts: 9 A(5)  G(1)  E(3) 
6443849015 4792.94 || noQ Q (Avg,Max,Min) (1.00, 1.02, 1.00) (0.92, 0.30, 1.00) #fs:   1  -- #Conts: 9 A(5)  G(1)  E(3) 
6443992441 4791.59 || noQ Q (Avg,Max,Min) (1.00, 1.01, 1.00) (0.87, 0.31, 1.00) #fs:   1  -- #Conts: 10 A(5)  E(5) 
6444242441 4790.59 || noQ Q (Avg,Max,Min) (1.00, 1.01, 1.00) (0.87, 0.31, 1.00) #fs:   1  -- #Conts: 10 A(5)  E(5) 
6444766855 4788.88 || noQ Q (Avg,Max,Min) (1.00, 1.01, 1.00) (0.89, 0.31, 1.00) #fs:   1  -- #Conts: 10 A(5)  E(4)  C(1) 
6444799888 4786.18 || noQ Q (Avg,Max,Min) (1.00, 1.01, 1.00) (0.91, 0.54, 1.00) #fs:   1  -- #Conts: 10 A(5)  E(3)  C(2) 
6444930887 4784.88 || noQ Q (Avg,Max,Min) (1.00, 1.01, 1.00) (0.96, 0.67, 1.00) #fs:   1  -- #Conts: 9 A(5)  E(4) 
6445189127 4783.88 || noQ Q (Avg,Max,Min) (1.00, 1.01, 1.00) (0.96, 0.67, 1.00) #fs:   1  -- #Conts: 9 A(5)  E(4) 
6461577923 4782.18 || noQ Q (Avg,Max,Min) (1.00, 1.00, 1.00) (1.00, 0.98, 1.00) #fs:   1  -- #Conts: 8 A(5)  E(3) 
/////////////////size: 238
nodes 48 edges 56
 mulT: 5000 mulD: 1000  sumData GB 1348
pareto /SIPHT.n.50.0.dax time -> 1197.0
moheft /SIPHT.n.50.0.dax time -> 1623.0
distance from M to C 0.03361344537815126
distance from P to C 225.26756901728103
distance from C to M 7.843299992651499
distance from C to P 291.0799740381866
toCompare: /SIPHT.n.50.0.dax sumDataGB: 1348 mulT: 5000 mulD: 1000 paretoOptTime_MS: 1197.0 MoheftOptimizationTime_MS: 1623.0 MtoC 0.03361344537815126 PtoC 225.26756901728103 CtoM 7.843299992651499 CtoP 291.0799740381866
