specify -Dflow d,b,mt,md,size
Running /home/vaggelis/jc/CYBERSHAKE.n.100.0.dax mt 10000 md: 10000 size null
 194526182 6747.29 || noQ Q (Avg,Max,Min) (3.42, 5.10, 0.35) (3.37, 0.29, 5.07) #fs:   7  -- #Conts: 20 H(20) 
 194676930 6715.76 || noQ Q (Avg,Max,Min) (3.59, 5.10, 0.83) (3.52, 0.20, 5.07) #fs:   2  -- #Conts: 19 H(19) 
 248844657 6037.88 || noQ Q (Avg,Max,Min) (2.35, 3.75, 0.05) (2.26, 0.04, 3.72) #fs:   3  -- #Conts: 25 H(2)  G(23) 
 249013358 5959.06 || noQ Q (Avg,Max,Min) (2.35, 3.75, 0.08) (2.26, 0.07, 3.72) #fs:   3  -- #Conts: 25 H(1)  G(24) 
 249021480 5754.12 || noQ Q (Avg,Max,Min) (2.40, 3.75, 1.00) (2.28, 0.11, 3.72) #fs:   1  -- #Conts: 25 H(1)  G(24) 
 249544454 5738.35 || noQ Q (Avg,Max,Min) (2.40, 3.75, 1.00) (2.29, 0.11, 3.72) #fs:   1  -- #Conts: 25 G(25) 
 415362482 5469.29 || noQ Q (Avg,Max,Min) (1.55, 2.36, 0.88) (1.49, 0.50, 2.36) #fs:   2  -- #Conts: 40 E(39)  C(1) 
/////////////////size: 7
 230469944 6066.24 || noQ Q (Avg,Max,Min) (3.49, 6.83, 1.00) (3.28, 0.50, 6.39) #fs:   6  -- #Conts: 38 H(14)  G(7)  E(15)  C(2) 
 230483449 6050.47 || noQ Q (Avg,Max,Min) (3.51, 6.83, 1.00) (3.31, 0.50, 6.39) #fs:   5  -- #Conts: 38 H(14)  G(7)  E(15)  C(2) 
 230600881 6018.94 || noQ Q (Avg,Max,Min) (3.53, 6.83, 1.00) (3.34, 0.50, 6.39) #fs:   5  -- #Conts: 38 H(14)  G(7)  E(15)  C(2) 
 230906001 6003.18 || noQ Q (Avg,Max,Min) (3.49, 6.26, 1.22) (3.30, 1.22, 5.08) #fs:   5  -- #Conts: 37 H(12)  G(9)  E(14)  C(2) 
 231074723 5987.41 || noQ Q (Avg,Max,Min) (3.49, 6.26, 1.22) (3.30, 1.22, 5.08) #fs:   6  -- #Conts: 37 H(12)  G(9)  E(14)  C(2) 
 231169547 5978.35 || noQ Q (Avg,Max,Min) (3.49, 6.26, 1.22) (3.32, 1.22, 5.08) #fs:   7  -- #Conts: 37 H(12)  G(9)  E(14)  C(2) 
 231250368 5971.65 || noQ Q (Avg,Max,Min) (3.49, 6.26, 1.22) (3.32, 1.22, 5.08) #fs:   6  -- #Conts: 37 H(12)  G(9)  E(14)  C(2) 
 231583167 5962.59 || noQ Q (Avg,Max,Min) (3.49, 6.26, 1.22) (3.32, 1.22, 5.08) #fs:   7  -- #Conts: 37 H(12)  G(9)  E(14)  C(2) 
 231777507 5959.88 || noQ Q (Avg,Max,Min) (3.42, 6.26, 1.00) (3.25, 0.40, 5.08) #fs:   6  -- #Conts: 38 H(12)  G(9)  E(14)  C(3) 
 232418345 5955.88 || noQ Q (Avg,Max,Min) (3.49, 6.26, 1.22) (3.32, 1.22, 5.08) #fs:   6  -- #Conts: 37 H(12)  G(9)  E(14)  C(2) 
 232713712 5950.82 || noQ Q (Avg,Max,Min) (3.39, 5.94, 1.00) (3.21, 0.36, 5.08) #fs:   5  -- #Conts: 38 H(11)  G(10)  E(14)  C(3) 
 232743383 5935.06 || noQ Q (Avg,Max,Min) (3.39, 5.94, 1.00) (3.21, 0.36, 5.08) #fs:   5  -- #Conts: 38 H(11)  G(10)  E(14)  C(3) 
 232996520 5931.06 || noQ Q (Avg,Max,Min) (3.45, 5.94, 1.22) (3.29, 1.22, 5.08) #fs:   5  -- #Conts: 37 H(11)  G(10)  E(14)  C(2) 
 233166166 5928.35 || noQ Q (Avg,Max,Min) (3.39, 5.94, 1.00) (3.22, 0.53, 5.08) #fs:   3  -- #Conts: 38 H(11)  G(10)  E(14)  C(3) 
 233772581 5925.65 || noQ Q (Avg,Max,Min) (3.33, 5.94, 1.00) (3.16, 0.40, 5.08) #fs:   2  -- #Conts: 39 H(11)  G(10)  E(14)  C(4) 
 233850207 5924.35 || noQ Q (Avg,Max,Min) (3.45, 5.94, 1.22) (3.29, 1.22, 5.08) #fs:   4  -- #Conts: 37 H(11)  G(10)  E(14)  C(2) 
 233899825 5890.12 || noQ Q (Avg,Max,Min) (3.19, 6.66, 1.00) (3.11, 0.44, 6.40) #fs:   4  -- #Conts: 36 H(9)  G(10)  E(14)  C(3) 
 233985787 5858.59 || noQ Q (Avg,Max,Min) (3.20, 6.55, 1.00) (3.13, 0.44, 6.42) #fs:   4  -- #Conts: 36 H(9)  G(10)  E(14)  C(3) 
 233987890 5854.59 || noQ Q (Avg,Max,Min) (3.26, 6.55, 1.22) (3.21, 1.22, 6.42) #fs:   3  -- #Conts: 35 H(9)  G(10)  E(14)  C(2) 
 235007923 5849.53 || noQ Q (Avg,Max,Min) (3.03, 6.48, 1.00) (2.94, 0.23, 6.43) #fs:   6  -- #Conts: 35 H(7)  G(11)  E(14)  C(3) 
 235059000 5842.82 || noQ Q (Avg,Max,Min) (3.09, 6.48, 1.00) (3.02, 0.44, 6.43) #fs:   6  -- #Conts: 34 H(7)  G(11)  E(13)  C(3) 
 235305914 5824.71 || noQ Q (Avg,Max,Min) (2.98, 6.48, 1.00) (2.89, 0.22, 6.44) #fs:   3  -- #Conts: 36 H(7)  G(11)  E(15)  C(3) 
 235321551 5818.00 || noQ Q (Avg,Max,Min) (3.03, 6.48, 1.00) (2.97, 0.44, 6.44) #fs:   3  -- #Conts: 35 H(7)  G(11)  E(14)  C(3) 
 235532727 5815.29 || noQ Q (Avg,Max,Min) (3.03, 6.48, 0.94) (2.98, 0.40, 6.44) #fs:   5  -- #Conts: 35 H(7)  G(11)  E(13)  C(4) 
 235724113 5811.29 || noQ Q (Avg,Max,Min) (3.09, 6.48, 0.94) (3.06, 0.82, 6.44) #fs:   5  -- #Conts: 34 H(7)  G(11)  E(13)  C(3) 
 235860178 5795.53 || noQ Q (Avg,Max,Min) (3.06, 6.45, 1.00) (2.96, 0.38, 6.43) #fs:   3  -- #Conts: 36 H(5)  G(15)  E(13)  C(3) 
 235930819 5791.53 || noQ Q (Avg,Max,Min) (3.11, 6.45, 1.22) (3.04, 1.22, 6.43) #fs:   3  -- #Conts: 35 H(5)  G(15)  E(13)  C(2) 
 235994468 5779.76 || noQ Q (Avg,Max,Min) (3.06, 6.45, 0.94) (2.99, 0.82, 6.43) #fs:   3  -- #Conts: 36 H(5)  G(15)  E(13)  C(3) 
 236191197 5775.76 || noQ Q (Avg,Max,Min) (3.12, 6.45, 1.22) (3.05, 1.22, 6.43) #fs:   2  -- #Conts: 35 H(5)  G(15)  E(13)  C(2) 
 236497163 5771.06 || noQ Q (Avg,Max,Min) (2.97, 6.45, 1.00) (2.88, 0.35, 6.43) #fs:   4  -- #Conts: 38 H(5)  G(15)  E(16)  C(2) 
 236572874 5769.06 || noQ Q (Avg,Max,Min) (2.97, 6.45, 1.00) (2.89, 0.35, 6.43) #fs:   5  -- #Conts: 38 H(5)  G(15)  A(1)  E(16)  C(1) 
 236573085 5767.06 || noQ Q (Avg,Max,Min) (3.02, 6.45, 1.00) (2.94, 0.35, 6.43) #fs:   4  -- #Conts: 37 H(5)  G(15)  E(16)  C(1) 
 236792959 5764.35 || noQ Q (Avg,Max,Min) (3.02, 6.45, 1.00) (2.95, 0.38, 6.43) #fs:   4  -- #Conts: 37 H(5)  G(15)  E(15)  C(2) 
 236857034 5761.65 || noQ Q (Avg,Max,Min) (3.02, 6.45, 1.00) (2.95, 0.44, 6.43) #fs:   5  -- #Conts: 37 H(5)  G(15)  E(14)  C(3) 
 236873959 5749.53 || noQ Q (Avg,Max,Min) (2.72, 5.87, 1.00) (2.65, 0.38, 5.62) #fs:   3  -- #Conts: 41 H(4)  G(15)  A(3)  E(15)  C(4) 
 236896228 5747.53 || noQ Q (Avg,Max,Min) (2.76, 5.87, 1.00) (2.70, 0.38, 5.62) #fs:   3  -- #Conts: 40 H(4)  G(15)  A(2)  E(15)  C(4) 
 236939208 5743.53 || noQ Q (Avg,Max,Min) (2.80, 5.86, 1.00) (2.75, 0.24, 5.62) #fs:   3  -- #Conts: 39 H(4)  G(15)  A(2)  E(15)  C(3) 
 236942517 5738.82 || noQ Q (Avg,Max,Min) (2.80, 5.86, 1.00) (2.76, 0.73, 5.62) #fs:   3  -- #Conts: 39 H(4)  G(15)  A(3)  E(14)  C(3) 
 237053431 5736.82 || noQ Q (Avg,Max,Min) (2.85, 5.84, 1.00) (2.81, 0.73, 5.62) #fs:   2  -- #Conts: 38 H(4)  G(15)  A(2)  E(14)  C(3) 
 237104530 5734.82 || noQ Q (Avg,Max,Min) (2.90, 5.82, 1.00) (2.86, 0.75, 5.63) #fs:   3  -- #Conts: 37 H(4)  G(15)  A(1)  E(14)  C(3) 
 237156119 5732.82 || noQ Q (Avg,Max,Min) (2.95, 5.81, 1.00) (2.92, 0.77, 5.63) #fs:   3  -- #Conts: 36 H(4)  G(15)  E(14)  C(3) 
 237376853 5732.12 || noQ Q (Avg,Max,Min) (2.90, 5.79, 1.00) (2.87, 0.80, 5.63) #fs:   4  -- #Conts: 37 H(4)  G(15)  A(1)  E(13)  C(4) 
 237461945 5730.12 || noQ Q (Avg,Max,Min) (2.90, 5.76, 1.00) (2.87, 0.79, 5.64) #fs:   3  -- #Conts: 37 H(4)  G(15)  A(2)  E(13)  C(3) 
 237617248 5727.29 || noQ Q (Avg,Max,Min) (2.91, 5.73, 1.25) (2.88, 1.25, 5.65) #fs:   3  -- #Conts: 38 H(4)  G(15)  E(16)  C(3) 
 237684007 5720.59 || noQ Q (Avg,Max,Min) (2.91, 5.73, 1.25) (2.88, 1.25, 5.65) #fs:   3  -- #Conts: 38 H(4)  G(15)  E(16)  C(3) 
 237947937 5717.88 || noQ Q (Avg,Max,Min) (2.86, 5.66, 1.00) (2.81, 0.37, 5.65) #fs:   3  -- #Conts: 39 H(4)  G(15)  E(16)  C(4) 
 237949310 5713.88 || noQ Q (Avg,Max,Min) (2.91, 5.66, 1.25) (2.88, 1.25, 5.65) #fs:   3  -- #Conts: 38 H(4)  G(15)  E(16)  C(3) 
 240887512 5706.94 || noQ Q (Avg,Max,Min) (2.57, 5.68, 0.81) (2.50, 0.31, 5.66) #fs:   7  -- #Conts: 41 H(2)  G(16)  A(2)  E(16)  C(5) 
 240963200 5702.94 || noQ Q (Avg,Max,Min) (2.61, 5.68, 0.81) (2.56, 0.31, 5.66) #fs:   8  -- #Conts: 40 H(2)  G(16)  A(2)  E(16)  C(4) 
 241106962 5700.94 || noQ Q (Avg,Max,Min) (2.69, 5.68, 0.81) (2.66, 0.68, 5.66) #fs:   7  -- #Conts: 38 H(2)  G(16)  A(1)  E(15)  C(4) 
 241108714 5696.94 || noQ Q (Avg,Max,Min) (2.65, 5.68, 1.00) (2.61, 0.31, 5.66) #fs:   6  -- #Conts: 39 H(2)  G(16)  A(1)  E(16)  C(4) 
 241190421 5694.24 || noQ Q (Avg,Max,Min) (2.69, 5.68, 0.81) (2.66, 0.68, 5.66) #fs:   7  -- #Conts: 38 H(2)  G(16)  A(1)  E(15)  C(4) 
 241312907 5690.24 || noQ Q (Avg,Max,Min) (2.70, 5.68, 1.00) (2.67, 0.85, 5.66) #fs:   6  -- #Conts: 38 H(2)  G(16)  A(1)  E(15)  C(4) 
 241543378 5688.24 || noQ Q (Avg,Max,Min) (2.74, 5.68, 1.00) (2.72, 0.89, 5.66) #fs:   7  -- #Conts: 37 H(2)  G(16)  E(15)  C(4) 
 241959302 5683.88 || noQ Q (Avg,Max,Min) (2.76, 5.68, 1.00) (2.70, 0.38, 5.66) #fs:   2  -- #Conts: 39 H(2)  G(17)  E(15)  C(5) 
 242280517 5678.82 || noQ Q (Avg,Max,Min) (2.75, 5.68, 0.59) (2.70, 0.37, 5.66) #fs:   4  -- #Conts: 39 H(2)  G(17)  E(15)  C(5) 
 242327255 5674.82 || noQ Q (Avg,Max,Min) (2.80, 5.68, 0.59) (2.77, 0.40, 5.66) #fs:   3  -- #Conts: 38 H(2)  G(17)  E(15)  C(4) 
 242353354 5670.82 || noQ Q (Avg,Max,Min) (2.81, 5.68, 1.00) (2.78, 0.78, 5.66) #fs:   2  -- #Conts: 38 H(2)  G(17)  E(15)  C(4) 
 242467767 5668.12 || noQ Q (Avg,Max,Min) (2.76, 5.68, 1.00) (2.72, 0.53, 5.66) #fs:   3  -- #Conts: 39 H(2)  G(17)  E(15)  C(5) 
 242883197 5664.12 || noQ Q (Avg,Max,Min) (2.81, 5.68, 1.00) (2.78, 0.93, 5.66) #fs:   2  -- #Conts: 38 H(2)  G(17)  E(15)  C(4) 
 243076175 5659.41 || noQ Q (Avg,Max,Min) (2.58, 5.08, 1.00) (2.51, 0.53, 5.08) #fs:   6  -- #Conts: 39 H(1)  G(16)  A(1)  E(17)  C(4) 
 243110747 5652.71 || noQ Q (Avg,Max,Min) (2.58, 5.08, 1.00) (2.52, 0.53, 5.08) #fs:   5  -- #Conts: 39 H(1)  G(16)  A(1)  E(17)  C(4) 
 243123796 5648.00 || noQ Q (Avg,Max,Min) (2.55, 5.08, 1.00) (2.49, 0.53, 5.08) #fs:   4  -- #Conts: 40 H(1)  G(16)  A(2)  E(17)  C(4) 
 243244959 5646.59 || noQ Q (Avg,Max,Min) (2.44, 5.09, 1.00) (2.37, 0.40, 5.08) #fs:   3  -- #Conts: 43 H(1)  G(16)  A(2)  E(17)  C(7) 
 243290480 5642.59 || noQ Q (Avg,Max,Min) (2.48, 5.09, 1.00) (2.43, 0.44, 5.08) #fs:   3  -- #Conts: 42 H(1)  G(16)  A(2)  E(17)  C(6) 
 243541384 5620.12 || noQ Q (Avg,Max,Min) (2.49, 5.09, 1.00) (2.44, 0.53, 5.08) #fs:   4  -- #Conts: 41 G(18)  E(16)  C(7) 
 243561561 5618.12 || noQ Q (Avg,Max,Min) (2.49, 5.09, 1.00) (2.44, 0.53, 5.08) #fs:   2  -- #Conts: 41 G(18)  A(1)  E(16)  C(6) 
 243691339 5617.06 || noQ Q (Avg,Max,Min) (2.46, 5.09, 0.97) (2.40, 0.45, 5.08) #fs:   4  -- #Conts: 42 G(18)  A(1)  E(16)  C(7) 
 243881008 5616.12 || noQ Q (Avg,Max,Min) (2.53, 5.09, 1.00) (2.48, 0.53, 5.08) #fs:   3  -- #Conts: 40 G(18)  E(16)  C(6) 
 243919290 5613.06 || noQ Q (Avg,Max,Min) (2.49, 5.09, 1.00) (2.43, 0.45, 5.08) #fs:   2  -- #Conts: 41 G(18)  A(1)  E(16)  C(6) 
 243950442 5611.06 || noQ Q (Avg,Max,Min) (2.49, 5.09, 1.00) (2.44, 0.51, 5.08) #fs:   2  -- #Conts: 41 G(18)  A(2)  E(16)  C(5) 
 243990945 5607.06 || noQ Q (Avg,Max,Min) (2.49, 5.09, 1.00) (2.46, 0.82, 5.08) #fs:   2  -- #Conts: 41 G(18)  A(2)  E(16)  C(5) 
 244259116 5605.06 || noQ Q (Avg,Max,Min) (2.53, 5.09, 1.00) (2.50, 0.90, 5.08) #fs:   3  -- #Conts: 40 G(18)  A(1)  E(16)  C(5) 
 244343902 5604.35 || noQ Q (Avg,Max,Min) (2.57, 5.09, 1.00) (2.52, 0.51, 5.08) #fs:   1  -- #Conts: 39 G(18)  E(16)  C(5) 
 244453839 5602.35 || noQ Q (Avg,Max,Min) (2.53, 5.09, 1.00) (2.49, 0.65, 5.08) #fs:   2  -- #Conts: 40 G(18)  A(1)  E(16)  C(5) 
 244642021 5600.35 || noQ Q (Avg,Max,Min) (2.57, 5.09, 1.00) (2.53, 0.71, 5.08) #fs:   1  -- #Conts: 39 G(18)  E(16)  C(5) 
 244824154 5598.35 || noQ Q (Avg,Max,Min) (2.53, 5.09, 1.00) (2.50, 0.82, 5.08) #fs:   2  -- #Conts: 40 G(18)  A(1)  E(16)  C(5) 
 245165538 5596.35 || noQ Q (Avg,Max,Min) (2.57, 5.09, 1.00) (2.54, 0.90, 5.08) #fs:   2  -- #Conts: 39 G(18)  E(16)  C(5) 
 253867199 5594.53 || noQ Q (Avg,Max,Min) (2.35, 4.38, 0.85) (2.33, 0.79, 4.38) #fs:   3  -- #Conts: 42 G(17)  A(7)  E(15)  C(3) 
 255709148 5593.53 || noQ Q (Avg,Max,Min) (2.42, 4.38, 0.87) (2.41, 0.81, 4.38) #fs:   3  -- #Conts: 40 G(17)  A(6)  E(15)  C(2) 
 259639058 5592.53 || noQ Q (Avg,Max,Min) (2.36, 4.38, 1.00) (2.34, 0.79, 4.38) #fs:   1  -- #Conts: 42 G(17)  A(7)  E(15)  C(3) 
 261130695 5591.53 || noQ Q (Avg,Max,Min) (2.43, 4.38, 1.00) (2.41, 0.95, 4.38) #fs:   1  -- #Conts: 40 G(17)  A(6)  E(15)  C(2) 
 262666092 5585.18 || noQ Q (Avg,Max,Min) (1.93, 3.75, 0.88) (1.88, 0.38, 3.72) #fs:   3  -- #Conts: 42 G(8)  A(8)  E(19)  C(7) 
 262728305 5584.18 || noQ Q (Avg,Max,Min) (1.95, 3.75, 0.88) (1.90, 0.38, 3.72) #fs:   2  -- #Conts: 41 G(8)  A(7)  E(19)  C(7) 
 263093702 5580.18 || noQ Q (Avg,Max,Min) (1.95, 3.75, 0.85) (1.92, 0.71, 3.72) #fs:   2  -- #Conts: 41 G(8)  A(7)  E(19)  C(7) 
 266977914 5578.18 || noQ Q (Avg,Max,Min) (2.00, 3.75, 0.99) (1.97, 0.79, 3.72) #fs:   2  -- #Conts: 39 G(8)  A(7)  E(19)  C(5) 
 267532905 5576.00 || noQ Q (Avg,Max,Min) (1.94, 3.75, 0.98) (1.89, 0.68, 3.72) #fs:   1  -- #Conts: 40 G(8)  A(8)  E(18)  C(6) 
 268358477 5574.00 || noQ Q (Avg,Max,Min) (1.92, 3.75, 0.98) (1.87, 0.68, 3.72) #fs:   2  -- #Conts: 41 G(8)  A(9)  E(18)  C(6) 
 268976064 5572.00 || noQ Q (Avg,Max,Min) (1.94, 3.75, 0.98) (1.90, 0.68, 3.72) #fs:   2  -- #Conts: 40 G(8)  A(8)  E(18)  C(6) 
 272824790 5570.41 || noQ Q (Avg,Max,Min) (1.81, 3.18, 0.97) (1.74, 0.11, 3.18) #fs:   1  -- #Conts: 38 G(5)  A(6)  E(20)  C(7) 
 273215766 5564.65 || noQ Q (Avg,Max,Min) (1.84, 3.18, 0.77) (1.81, 0.73, 3.18) #fs:   3  -- #Conts: 36 G(4)  A(5)  E(20)  C(7) 
 273333213 5561.35 || noQ Q (Avg,Max,Min) (1.83, 3.18, 0.97) (1.79, 0.71, 3.18) #fs:   1  -- #Conts: 37 G(4)  A(6)  E(20)  C(7) 
 273791011 5559.35 || noQ Q (Avg,Max,Min) (1.83, 3.18, 0.97) (1.79, 0.71, 3.18) #fs:   1  -- #Conts: 37 G(4)  A(6)  E(20)  C(7) 
 274024289 5556.65 || noQ Q (Avg,Max,Min) (1.83, 3.18, 0.97) (1.79, 0.71, 3.18) #fs:   2  -- #Conts: 37 G(4)  A(6)  E(20)  C(7) 
 275597924 5555.65 || noQ Q (Avg,Max,Min) (1.83, 3.18, 0.97) (1.79, 0.74, 3.18) #fs:   2  -- #Conts: 37 G(4)  A(7)  E(20)  C(6) 
 275614080 5554.65 || noQ Q (Avg,Max,Min) (1.85, 3.18, 0.97) (1.82, 0.81, 3.18) #fs:   2  -- #Conts: 36 G(4)  A(6)  E(20)  C(6) 
 276812601 5553.65 || noQ Q (Avg,Max,Min) (1.85, 3.18, 0.97) (1.82, 0.74, 3.18) #fs:   1  -- #Conts: 36 G(4)  A(6)  E(20)  C(6) 
 276835150 5552.65 || noQ Q (Avg,Max,Min) (1.85, 3.18, 0.97) (1.82, 0.82, 3.18) #fs:   1  -- #Conts: 36 G(4)  A(6)  E(20)  C(6) 
 282593174 5546.71 || noQ Q (Avg,Max,Min) (1.75, 3.05, 1.00) (1.71, 0.70, 3.03) #fs:   1  -- #Conts: 36 G(4)  A(7)  E(20)  C(5) 
 282665181 5544.71 || noQ Q (Avg,Max,Min) (1.75, 3.05, 0.97) (1.71, 0.70, 3.03) #fs:   1  -- #Conts: 36 G(4)  A(7)  E(20)  C(5) 
 282922986 5542.71 || noQ Q (Avg,Max,Min) (1.75, 3.05, 1.00) (1.71, 0.77, 3.03) #fs:   0  -- #Conts: 36 G(4)  A(7)  E(20)  C(5) 
 283071940 5538.71 || noQ Q (Avg,Max,Min) (1.75, 3.05, 1.00) (1.72, 0.79, 3.03) #fs:   0  -- #Conts: 36 G(4)  A(7)  E(20)  C(5) 
 283252798 5536.71 || noQ Q (Avg,Max,Min) (1.75, 3.05, 1.00) (1.72, 0.85, 3.03) #fs:   0  -- #Conts: 36 G(4)  A(7)  E(20)  C(5) 
 287449107 5534.71 || noQ Q (Avg,Max,Min) (1.79, 3.05, 0.99) (1.77, 0.89, 3.03) #fs:   1  -- #Conts: 34 G(4)  A(5)  E(20)  C(5) 
 296726575 5534.35 || noQ Q (Avg,Max,Min) (1.79, 3.05, 1.00) (1.76, 0.79, 3.03) #fs:   0  -- #Conts: 34 G(3)  A(6)  E(20)  C(5) 
 300562752 5533.35 || noQ Q (Avg,Max,Min) (1.79, 3.05, 1.00) (1.76, 0.79, 3.03) #fs:   0  -- #Conts: 34 G(3)  A(6)  E(20)  C(5) 
 312286404 5532.94 || noQ Q (Avg,Max,Min) (1.62, 2.47, 1.00) (1.57, 0.76, 2.47) #fs:   0  -- #Conts: 33 G(2)  A(9)  E(17)  C(5) 
 312307598 5531.94 || noQ Q (Avg,Max,Min) (1.62, 2.47, 1.00) (1.57, 0.76, 2.47) #fs:   1  -- #Conts: 33 G(2)  A(9)  E(17)  C(5) 
 314893513 5529.94 || noQ Q (Avg,Max,Min) (1.62, 2.47, 0.99) (1.58, 0.79, 2.47) #fs:   2  -- #Conts: 33 G(2)  A(9)  E(17)  C(5) 
 320653249 5528.94 || noQ Q (Avg,Max,Min) (1.63, 2.47, 1.00) (1.60, 0.84, 2.47) #fs:   0  -- #Conts: 32 G(2)  A(8)  E(17)  C(5) 
 324094100 5527.94 || noQ Q (Avg,Max,Min) (1.63, 2.47, 0.99) (1.61, 0.84, 2.47) #fs:   1  -- #Conts: 32 G(2)  A(8)  E(17)  C(5) 
 331795624 5523.65 || noQ Q (Avg,Max,Min) (1.68, 2.77, 0.98) (1.65, 0.68, 2.76) #fs:   2  -- #Conts: 31 G(2)  A(5)  E(16)  C(8) 
 332030951 5521.65 || noQ Q (Avg,Max,Min) (1.68, 2.77, 0.86) (1.65, 0.64, 2.76) #fs:   3  -- #Conts: 31 G(2)  A(5)  E(16)  C(8) 
 332539454 5519.65 || noQ Q (Avg,Max,Min) (1.71, 2.77, 0.98) (1.69, 0.83, 2.76) #fs:   1  -- #Conts: 30 G(2)  A(4)  E(16)  C(8) 
 332866129 5517.65 || noQ Q (Avg,Max,Min) (1.68, 2.77, 0.98) (1.66, 0.82, 2.76) #fs:   2  -- #Conts: 31 G(2)  A(5)  E(16)  C(8) 
 333374632 5515.65 || noQ Q (Avg,Max,Min) (1.71, 2.77, 0.98) (1.69, 0.87, 2.76) #fs:   1  -- #Conts: 30 G(2)  A(4)  E(16)  C(8) 
 407006398 5508.65 || noQ Q (Avg,Max,Min) (1.73, 4.26, 0.89) (1.68, 0.19, 4.26) #fs:   5  -- #Conts: 37 H(1)  G(1)  A(6)  E(23)  C(6) 
 407073647 5492.88 || noQ Q (Avg,Max,Min) (1.74, 4.26, 0.97) (1.69, 0.22, 4.26) #fs:   4  -- #Conts: 37 G(2)  A(6)  E(23)  C(6) 
 407076471 5490.88 || noQ Q (Avg,Max,Min) (1.74, 4.26, 0.94) (1.69, 0.22, 4.26) #fs:   5  -- #Conts: 37 G(2)  A(6)  E(23)  C(6) 
 407090747 5486.88 || noQ Q (Avg,Max,Min) (1.76, 4.26, 0.97) (1.72, 0.46, 4.26) #fs:   4  -- #Conts: 36 G(2)  A(5)  E(23)  C(6) 
 407357510 5485.47 || noQ Q (Avg,Max,Min) (1.68, 4.26, 1.00) (1.63, 0.31, 4.26) #fs:   1  -- #Conts: 40 G(2)  A(6)  E(23)  C(9) 
 407385084 5483.47 || noQ Q (Avg,Max,Min) (1.68, 4.26, 0.98) (1.63, 0.31, 4.26) #fs:   2  -- #Conts: 40 G(2)  A(6)  E(23)  C(9) 
 407846747 5482.88 || noQ Q (Avg,Max,Min) (1.74, 4.26, 0.93) (1.70, 0.41, 4.26) #fs:   5  -- #Conts: 37 G(2)  A(6)  E(23)  C(6) 
 408010954 5471.12 || noQ Q (Avg,Max,Min) (1.76, 4.26, 0.97) (1.73, 0.85, 4.26) #fs:   4  -- #Conts: 36 G(1)  A(6)  E(23)  C(6) 
 409015778 5470.71 || noQ Q (Avg,Max,Min) (1.70, 4.26, 1.00) (1.66, 0.71, 4.26) #fs:   0  -- #Conts: 39 G(1)  A(6)  E(23)  C(9) 
 409576357 5470.00 || noQ Q (Avg,Max,Min) (1.69, 4.26, 0.75) (1.65, 0.65, 4.26) #fs:   2  -- #Conts: 39 G(1)  A(6)  E(23)  C(9) 
 409589407 5469.00 || noQ Q (Avg,Max,Min) (1.69, 4.26, 0.75) (1.65, 0.65, 4.26) #fs:   2  -- #Conts: 39 G(1)  A(6)  E(23)  C(9) 
 409759608 5467.71 || noQ Q (Avg,Max,Min) (1.70, 4.26, 1.00) (1.66, 0.71, 4.26) #fs:   0  -- #Conts: 39 G(1)  A(6)  E(23)  C(9) 
 412640758 5467.00 || noQ Q (Avg,Max,Min) (1.69, 4.26, 0.75) (1.66, 0.70, 4.26) #fs:   2  -- #Conts: 39 G(1)  A(6)  E(23)  C(9) 
 414997925 5466.00 || noQ Q (Avg,Max,Min) (1.70, 4.26, 0.92) (1.67, 0.71, 4.26) #fs:   1  -- #Conts: 39 G(1)  A(6)  E(23)  C(9) 
 415010975 5465.00 || noQ Q (Avg,Max,Min) (1.68, 4.26, 0.92) (1.65, 0.71, 4.26) #fs:   1  -- #Conts: 40 G(1)  A(7)  E(23)  C(9) 
 427418852 5463.00 || noQ Q (Avg,Max,Min) (1.78, 4.26, 1.00) (1.76, 0.90, 4.26) #fs:   0  -- #Conts: 35 G(1)  A(6)  E(23)  C(5) 
 460976645 5462.24 || noQ Q (Avg,Max,Min) (1.60, 2.36, 0.96) (1.57, 0.85, 2.36) #fs:   1  -- #Conts: 27 A(8)  E(16)  C(3) 
 461234531 5460.24 || noQ Q (Avg,Max,Min) (1.62, 2.36, 0.96) (1.60, 0.85, 2.36) #fs:   1  -- #Conts: 26 A(7)  E(16)  C(3) 
 463800633 5459.24 || noQ Q (Avg,Max,Min) (1.62, 2.36, 1.00) (1.60, 0.84, 2.36) #fs:   0  -- #Conts: 26 A(6)  E(16)  C(4) 
 466424773 5458.24 || noQ Q (Avg,Max,Min) (1.62, 2.36, 1.00) (1.60, 0.84, 2.36) #fs:   0  -- #Conts: 26 A(6)  E(16)  C(4) 
 470403182 5457.24 || noQ Q (Avg,Max,Min) (1.64, 2.36, 1.00) (1.64, 0.96, 2.36) #fs:   0  -- #Conts: 25 A(6)  E(16)  C(3) 
/////////////////size: 137
nodes 100 edges 192
 mulT: 10000 mulD: 10000  sumData GB 975992
pareto /CYBERSHAKE.n.100.0.dax time -> 3328.0
moheft /CYBERSHAKE.n.100.0.dax time -> 18012.0
distance from M to C 0.0
distance from P to C 63.718561720257426
distance from C to M 9.546762674574197
distance from C to P 114.03614979264033
toCompare: /CYBERSHAKE.n.100.0.dax sumDataGB: 975992 mulT: 10000 mulD: 10000 paretoOptTime_MS: 3328.0 MoheftOptimizationTime_MS: 18012.0 MtoC 0.0 PtoC 63.718561720257426 CtoM 9.546762674574197 CtoP 114.03614979264033
