specify -Dflow d,b,mt,md,size
Running /home/vaggelis/jc/SIPHT.n.100.0.dax mt 50 md: 1 size null
   7670020 409.88 || noQ Q (Avg,Max,Min) (0.90, 1.00, 0.64) (0.70, 0.49, 0.89) #fs:   6  -- #Conts: 8 H(8) 
   7670029 378.35 || noQ Q (Avg,Max,Min) (0.91, 1.00, 0.64) (0.73, 0.61, 0.89) #fs:   5  -- #Conts: 8 H(8) 
   9208001 346.82 || noQ Q (Avg,Max,Min) (0.91, 1.00, 0.68) (0.77, 0.60, 1.00) #fs:   3  -- #Conts: 8 H(8) 
  12923426 315.29 || noQ Q (Avg,Max,Min) (0.97, 1.00, 0.84) (0.83, 0.63, 0.99) #fs:   1  -- #Conts: 6 H(6) 
  13842111 265.65 || noQ Q (Avg,Max,Min) (0.95, 1.00, 0.69) (0.88, 0.66, 0.96) #fs:   4  -- #Conts: 6 G(5)  E(1) 
  17578073 249.88 || noQ Q (Avg,Max,Min) (1.00, 1.00, 1.00) (0.90, 0.76, 0.98) #fs:   1  -- #Conts: 6 G(5)  E(1) 
  29645607 248.12 || noQ Q (Avg,Max,Min) (0.98, 1.00, 0.91) (0.90, 0.84, 0.98) #fs:   4  -- #Conts: 9 E(9) 
  35908436 241.41 || noQ Q (Avg,Max,Min) (0.98, 1.00, 0.91) (0.92, 0.86, 0.97) #fs:   4  -- #Conts: 7 E(7) 
  51225619 240.00 || noQ Q (Avg,Max,Min) (0.98, 1.00, 0.83) (0.93, 0.78, 1.00) #fs:   3  -- #Conts: 9 C(9) 
  53316967 229.00 || noQ Q (Avg,Max,Min) (0.99, 1.00, 0.97) (0.96, 0.92, 0.99) #fs:   2  -- #Conts: 4 A(1)  E(3) 
  53532287 228.00 || noQ Q (Avg,Max,Min) (0.99, 1.00, 0.97) (0.98, 0.96, 0.99) #fs:   2  -- #Conts: 3 E(3) 
/////////////////size: 11
   7998633 362.59 || noQ Q (Avg,Max,Min) (0.98, 1.00, 0.88) (0.78, 0.65, 0.89) #fs:   2  -- #Conts: 6 H(5)  G(1) 
   8498889 346.82 || noQ Q (Avg,Max,Min) (0.95, 1.00, 0.72) (0.78, 0.60, 0.89) #fs:   2  -- #Conts: 6 H(6) 
   9893775 331.06 || noQ Q (Avg,Max,Min) (0.95, 1.00, 0.83) (0.81, 0.66, 0.92) #fs:   2  -- #Conts: 6 H(5)  G(1) 
  10298873 315.29 || noQ Q (Avg,Max,Min) (0.98, 1.00, 0.91) (0.86, 0.79, 0.95) #fs:   2  -- #Conts: 5 H(5) 
  12025470 312.94 || noQ Q (Avg,Max,Min) (0.96, 1.00, 0.70) (0.77, 0.60, 0.95) #fs:   2  -- #Conts: 9 H(3)  G(5)  E(1) 
  12211875 306.24 || noQ Q (Avg,Max,Min) (0.97, 1.00, 0.76) (0.79, 0.60, 0.98) #fs:   2  -- #Conts: 9 H(4)  G(4)  E(1) 
  12545470 297.18 || noQ Q (Avg,Max,Min) (0.97, 1.00, 0.77) (0.80, 0.60, 0.99) #fs:   2  -- #Conts: 9 H(3)  G(5)  E(1) 
  13658289 290.47 || noQ Q (Avg,Max,Min) (1.00, 1.00, 0.99) (0.84, 0.65, 1.00) #fs:   1  -- #Conts: 8 H(3)  G(4)  E(1) 
  13804303 281.41 || noQ Q (Avg,Max,Min) (1.00, 1.00, 1.00) (0.82, 0.65, 1.00) #fs:   0  -- #Conts: 8 H(2)  G(5)  E(1) 
  14125681 272.35 || noQ Q (Avg,Max,Min) (1.00, 1.00, 1.00) (0.76, 0.06, 0.98) #fs:   0  -- #Conts: 8 H(1)  G(5)  E(2) 
  14199989 265.65 || noQ Q (Avg,Max,Min) (1.00, 1.00, 1.00) (0.86, 0.66, 0.99) #fs:   0  -- #Conts: 7 H(1)  G(5)  E(1) 
  17816140 256.88 || noQ Q (Avg,Max,Min) (1.00, 1.00, 1.00) (0.65, 0.01, 1.00) #fs:   0  -- #Conts: 10 G(5)  A(3)  E(1)  C(1) 
  17819988 255.88 || noQ Q (Avg,Max,Min) (1.00, 1.00, 1.00) (0.72, 0.01, 1.00) #fs:   0  -- #Conts: 9 G(5)  A(2)  E(1)  C(1) 
  17821967 252.88 || noQ Q (Avg,Max,Min) (1.00, 1.00, 1.00) (0.72, 0.02, 1.00) #fs:   0  -- #Conts: 9 G(5)  A(3)  E(1) 
  17825815 251.88 || noQ Q (Avg,Max,Min) (1.00, 1.00, 1.00) (0.81, 0.13, 1.00) #fs:   0  -- #Conts: 8 G(5)  A(2)  E(1) 
  17852490 250.88 || noQ Q (Avg,Max,Min) (1.00, 1.00, 1.00) (0.91, 0.72, 1.00) #fs:   0  -- #Conts: 7 G(5)  A(1)  E(1) 
  20475709 245.18 || noQ Q (Avg,Max,Min) (0.99, 1.00, 0.97) (0.91, 0.78, 1.00) #fs:   1  -- #Conts: 6 G(4)  E(2) 
  20699684 240.82 || noQ Q (Avg,Max,Min) (0.99, 1.00, 0.97) (0.95, 0.89, 1.00) #fs:   1  -- #Conts: 5 G(4)  E(1) 
  24711521 239.47 || noQ Q (Avg,Max,Min) (0.90, 1.00, 0.53) (0.87, 0.44, 1.00) #fs:   3  -- #Conts: 5 G(4)  A(1) 
  24715369 238.47 || noQ Q (Avg,Max,Min) (0.97, 1.00, 0.86) (0.91, 0.65, 1.00) #fs:   2  -- #Conts: 5 G(4)  A(1) 
  24831241 237.47 || noQ Q (Avg,Max,Min) (0.95, 1.00, 0.79) (0.93, 0.74, 1.00) #fs:   2  -- #Conts: 5 G(4)  A(1) 
  24985416 236.47 || noQ Q (Avg,Max,Min) (0.99, 1.00, 0.97) (0.98, 0.94, 1.00) #fs:   1  -- #Conts: 4 G(4) 
  41113462 235.88 || noQ Q (Avg,Max,Min) (1.00, 1.00, 1.00) (0.92, 0.79, 0.99) #fs:   0  -- #Conts: 7 G(1)  A(1)  E(3)  C(2) 
  42683729 235.76 || noQ Q (Avg,Max,Min) (0.98, 1.00, 0.88) (0.91, 0.79, 1.00) #fs:   2  -- #Conts: 8 G(1)  A(1)  E(3)  C(3) 
  46205374 231.76 || noQ Q (Avg,Max,Min) (1.00, 1.00, 1.00) (0.94, 0.79, 1.00) #fs:   0  -- #Conts: 7 G(1)  A(1)  E(3)  C(2) 
  49253930 229.18 || noQ Q (Avg,Max,Min) (1.00, 1.00, 1.00) (0.95, 0.79, 1.00) #fs:   0  -- #Conts: 7 G(1)  A(1)  E(3)  C(2) 
  49497536 229.06 || noQ Q (Avg,Max,Min) (1.00, 1.00, 1.00) (0.98, 0.90, 1.00) #fs:   0  -- #Conts: 7 G(1)  A(1)  E(3)  C(2) 
  77701941 228.53 || noQ Q (Avg,Max,Min) (1.00, 1.00, 1.00) (0.93, 0.52, 1.00) #fs:   0  -- #Conts: 7 G(1)  A(2)  E(2)  C(2) 
  78124623 227.53 || noQ Q (Avg,Max,Min) (1.00, 1.00, 1.00) (0.99, 0.98, 1.00) #fs:   0  -- #Conts: 6 G(1)  A(1)  E(2)  C(2) 
/////////////////size: 29
nodes 97 edges 109
 mulT: 50 mulD: 1  sumData GB 2
pareto /SIPHT.n.100.0.dax time -> 6380.0
moheft /SIPHT.n.100.0.dax time -> 753.0
distance from M to C 0.3448275862068966
distance from P to C 2.54549192543286
distance from C to M 1.7788777729176621
distance from C to P 3.486452389332403
toCompare: /SIPHT.n.100.0.dax sumDataGB: 2 mulT: 50 mulD: 1 paretoOptTime_MS: 6380.0 MoheftOptimizationTime_MS: 753.0 MtoC 0.3448275862068966 PtoC 2.54549192543286 CtoM 1.7788777729176621 CtoP 3.486452389332403
