specify -Dflow d,b,mt,md,size
Running /home/vaggelis/jc/SIPHT.n.50.0.dax mt 5000 md: 100 size null
 668968738 16261.06 || noQ Q (Avg,Max,Min) (1.00, 1.00, 0.98) (0.96, 0.72, 1.00) #fs:   1  -- #Conts: 10 H(5)  G(2)  E(3) 
 668968915 16166.47 || noQ Q (Avg,Max,Min) (1.00, 1.00, 1.00) (0.96, 0.72, 1.00) #fs:   0  -- #Conts: 10 H(5)  G(2)  E(3) 
 992683568 14629.65 || noQ Q (Avg,Max,Min) (1.00, 1.00, 0.96) (0.96, 0.80, 1.00) #fs:   1  -- #Conts: 11 H(2)  G(9) 
1109416989 14345.88 || noQ Q (Avg,Max,Min) (1.00, 1.00, 0.96) (0.96, 0.80, 1.00) #fs:   1  -- #Conts: 11 H(1)  G(10) 
1146476376 14022.35 || noQ Q (Avg,Max,Min) (1.00, 1.00, 0.96) (0.96, 0.80, 1.00) #fs:   1  -- #Conts: 11 G(9)  E(2) 
2024031939 13903.29 || noQ Q (Avg,Max,Min) (0.98, 1.00, 0.81) (0.89, 0.66, 1.00) #fs:   2  -- #Conts: 17 H(1)  G(1)  E(15) 
2024074575 13721.53 || noQ Q (Avg,Max,Min) (1.00, 1.00, 1.00) (0.96, 0.83, 1.00) #fs:   0  -- #Conts: 11 G(4)  E(7) 
2122110893 13635.29 || noQ Q (Avg,Max,Min) (0.98, 1.00, 0.81) (0.89, 0.66, 1.00) #fs:   2  -- #Conts: 17 G(2)  E(15) 
2502045312 13566.94 || noQ Q (Avg,Max,Min) (0.98, 1.00, 0.81) (0.89, 0.66, 1.00) #fs:   2  -- #Conts: 17 G(1)  E(16) 
2585622725 13498.94 || noQ Q (Avg,Max,Min) (0.98, 1.00, 0.81) (0.89, 0.66, 1.00) #fs:   2  -- #Conts: 17 E(17) 
2616445900 13492.24 || noQ Q (Avg,Max,Min) (0.98, 1.00, 0.81) (0.90, 0.67, 1.00) #fs:   2  -- #Conts: 15 E(15) 
4197723696 13002.71 || noQ Q (Avg,Max,Min) (0.97, 1.00, 0.69) (0.90, 0.55, 1.00) #fs:   2  -- #Conts: 19 E(1)  C(18) 
6452408154 4862.00 || noQ Q (Avg,Max,Min) (1.00, 1.00, 1.00) (0.98, 0.86, 1.00) #fs:   3  -- #Conts: 21 A(21) 
6460908154 4861.00 || noQ Q (Avg,Max,Min) (1.00, 1.00, 1.00) (0.98, 0.86, 1.00) #fs:   3  -- #Conts: 21 A(21) 
/////////////////size: 14
 696593246 16062.24 || noQ Q (Avg,Max,Min) (1.00, 1.00, 1.00) (0.99, 0.92, 1.00) #fs:   0  -- #Conts: 12 H(4)  G(2)  A(3)  E(3) 
 696928096 16059.24 || noQ Q (Avg,Max,Min) (1.00, 1.00, 1.00) (1.00, 0.98, 1.00) #fs:   0  -- #Conts: 11 H(4)  G(2)  A(2)  E(3) 
 697059094 16058.24 || noQ Q (Avg,Max,Min) (1.00, 1.00, 1.00) (1.00, 0.98, 1.00) #fs:   0  -- #Conts: 11 H(4)  G(2)  A(2)  E(3) 
 763384594 15941.41 || noQ Q (Avg,Max,Min) (1.00, 1.00, 1.00) (0.98, 0.90, 1.00) #fs:   1  -- #Conts: 13 H(5)  G(2)  A(3)  E(3) 
 763553188 15939.41 || noQ Q (Avg,Max,Min) (1.00, 1.00, 1.00) (0.98, 0.90, 1.00) #fs:   0  -- #Conts: 13 H(5)  G(2)  A(3)  E(3) 
 763719444 15938.41 || noQ Q (Avg,Max,Min) (1.00, 1.00, 1.00) (0.99, 0.90, 1.00) #fs:   1  -- #Conts: 12 H(5)  G(2)  A(2)  E(3) 
 763850442 15937.41 || noQ Q (Avg,Max,Min) (1.00, 1.00, 1.00) (0.99, 0.90, 1.00) #fs:   0  -- #Conts: 12 H(5)  G(2)  A(2)  E(3) 
 763888984 15936.41 || noQ Q (Avg,Max,Min) (1.00, 1.00, 1.00) (0.99, 0.90, 1.00) #fs:   0  -- #Conts: 12 H(5)  G(2)  A(2)  E(3) 
 812083740 15782.76 || noQ Q (Avg,Max,Min) (1.00, 1.00, 1.00) (0.98, 0.79, 1.00) #fs:   0  -- #Conts: 12 H(4)  G(3)  A(2)  E(3) 
 812575564 15779.76 || noQ Q (Avg,Max,Min) (1.00, 1.00, 1.00) (1.00, 0.99, 1.00) #fs:   0  -- #Conts: 11 H(4)  G(3)  A(1)  E(3) 
 812864616 15778.76 || noQ Q (Avg,Max,Min) (1.00, 1.00, 1.00) (1.00, 0.99, 1.00) #fs:   0  -- #Conts: 11 H(4)  G(3)  A(1)  E(3) 
 850181203 15550.00 || noQ Q (Avg,Max,Min) (1.00, 1.00, 1.00) (0.91, 0.08, 1.00) #fs:   0  -- #Conts: 12 H(4)  G(3)  A(2)  E(3) 
 850385886 15518.47 || noQ Q (Avg,Max,Min) (1.00, 1.00, 1.00) (0.99, 0.92, 1.00) #fs:   0  -- #Conts: 11 H(3)  G(3)  A(2)  E(3) 
 850674981 15517.47 || noQ Q (Avg,Max,Min) (1.00, 1.00, 1.00) (0.99, 0.92, 1.00) #fs:   0  -- #Conts: 11 H(3)  G(3)  A(2)  E(3) 
 850949824 15516.47 || noQ Q (Avg,Max,Min) (1.00, 1.00, 1.00) (0.99, 0.92, 1.00) #fs:   0  -- #Conts: 11 H(3)  G(3)  A(2)  E(3) 
 850960533 15515.47 || noQ Q (Avg,Max,Min) (1.00, 1.00, 1.00) (1.00, 0.98, 1.00) #fs:   0  -- #Conts: 10 H(3)  G(3)  A(1)  E(3) 
 851224666 15514.47 || noQ Q (Avg,Max,Min) (1.00, 1.00, 1.00) (0.99, 0.92, 1.00) #fs:   0  -- #Conts: 11 H(3)  G(3)  A(2)  E(3) 
 851511082 15513.47 || noQ Q (Avg,Max,Min) (1.00, 1.00, 1.00) (0.99, 0.92, 1.00) #fs:   0  -- #Conts: 11 H(3)  G(3)  A(2)  E(3) 
 851779276 15512.47 || noQ Q (Avg,Max,Min) (1.00, 1.00, 1.00) (0.92, 0.10, 1.00) #fs:   0  -- #Conts: 11 H(3)  G(3)  A(2)  E(3) 
 851800260 15511.47 || noQ Q (Avg,Max,Min) (1.00, 1.00, 1.00) (1.00, 0.98, 1.00) #fs:   0  -- #Conts: 10 H(3)  G(3)  A(1)  E(3) 
 852086676 15510.47 || noQ Q (Avg,Max,Min) (1.00, 1.00, 1.00) (1.00, 0.98, 1.00) #fs:   0  -- #Conts: 10 H(3)  G(3)  A(1)  E(3) 
 852369466 15509.47 || noQ Q (Avg,Max,Min) (0.95, 1.00, 0.41) (0.92, 0.17, 1.00) #fs:   1  -- #Conts: 11 H(3)  G(3)  A(2)  E(3) 
 852405807 15508.47 || noQ Q (Avg,Max,Min) (1.00, 1.00, 1.00) (1.00, 0.98, 1.00) #fs:   0  -- #Conts: 10 H(3)  G(3)  A(1)  E(3) 
 852712474 15507.47 || noQ Q (Avg,Max,Min) (1.00, 1.00, 1.00) (1.00, 0.98, 1.00) #fs:   0  -- #Conts: 10 H(3)  G(3)  A(1)  E(3) 
 886528728 15227.35 || noQ Q (Avg,Max,Min) (1.00, 1.00, 1.00) (0.97, 0.79, 1.00) #fs:   0  -- #Conts: 13 H(3)  G(3)  A(2)  E(5) 
 886815701 15224.35 || noQ Q (Avg,Max,Min) (1.00, 1.00, 1.00) (0.99, 0.90, 1.00) #fs:   0  -- #Conts: 12 H(3)  G(3)  A(1)  E(5) 
 886984252 15223.35 || noQ Q (Avg,Max,Min) (1.00, 1.00, 1.00) (0.99, 0.90, 1.00) #fs:   0  -- #Conts: 12 H(3)  G(3)  A(1)  E(5) 
 887144619 15221.35 || noQ Q (Avg,Max,Min) (1.00, 1.00, 1.00) (0.99, 0.90, 1.00) #fs:   0  -- #Conts: 12 H(3)  G(3)  A(1)  E(5) 
 887304986 15220.35 || noQ Q (Avg,Max,Min) (1.00, 1.00, 1.00) (0.99, 0.90, 1.00) #fs:   0  -- #Conts: 12 H(3)  G(3)  A(1)  E(5) 
 916972719 14989.18 || noQ Q (Avg,Max,Min) (1.00, 1.00, 1.00) (0.90, 0.08, 1.00) #fs:   0  -- #Conts: 14 H(3)  G(4)  A(1)  E(5)  C(1) 
 917177402 14957.65 || noQ Q (Avg,Max,Min) (1.00, 1.00, 1.00) (0.97, 0.62, 1.00) #fs:   0  -- #Conts: 13 H(2)  G(4)  A(1)  E(5)  C(1) 
 917466497 14956.65 || noQ Q (Avg,Max,Min) (1.00, 1.00, 1.00) (0.97, 0.62, 1.00) #fs:   0  -- #Conts: 13 H(2)  G(4)  A(1)  E(5)  C(1) 
 917752049 14953.65 || noQ Q (Avg,Max,Min) (1.00, 1.00, 1.00) (1.00, 0.98, 1.00) #fs:   0  -- #Conts: 12 H(2)  G(4)  A(1)  E(5) 
 918042090 14952.65 || noQ Q (Avg,Max,Min) (1.00, 1.00, 1.00) (1.00, 0.97, 1.00) #fs:   0  -- #Conts: 12 H(2)  G(4)  A(1)  E(5) 
 918293056 14951.65 || noQ Q (Avg,Max,Min) (1.00, 1.00, 0.97) (0.93, 0.17, 1.00) #fs:   1  -- #Conts: 13 H(2)  G(4)  A(2)  E(5) 
 918329397 14950.65 || noQ Q (Avg,Max,Min) (1.00, 1.00, 1.00) (1.00, 1.00, 1.00) #fs:   0  -- #Conts: 12 H(2)  G(4)  A(1)  E(5) 
 918604240 14949.65 || noQ Q (Avg,Max,Min) (1.00, 1.00, 1.00) (1.00, 0.99, 1.00) #fs:   0  -- #Conts: 12 H(2)  G(4)  A(1)  E(5) 
 992683568 14528.12 || noQ Q (Avg,Max,Min) (1.00, 1.00, 1.00) (0.99, 0.92, 1.00) #fs:   0  -- #Conts: 12 H(2)  G(3)  A(2)  E(5) 
 992852162 14527.12 || noQ Q (Avg,Max,Min) (1.00, 1.00, 1.00) (0.99, 0.92, 1.00) #fs:   0  -- #Conts: 12 H(2)  G(3)  A(2)  E(5) 
 993018418 14525.12 || noQ Q (Avg,Max,Min) (1.00, 1.00, 1.00) (1.00, 0.98, 1.00) #fs:   0  -- #Conts: 11 H(2)  G(3)  A(1)  E(5) 
 993187958 14524.12 || noQ Q (Avg,Max,Min) (1.00, 1.00, 1.00) (1.00, 0.98, 1.00) #fs:   0  -- #Conts: 11 H(2)  G(3)  A(1)  E(5) 
1109159995 14319.12 || noQ Q (Avg,Max,Min) (1.00, 1.00, 1.00) (0.84, 0.08, 1.00) #fs:   0  -- #Conts: 12 H(3)  G(3)  A(1)  E(5) 
1109335722 14287.59 || noQ Q (Avg,Max,Min) (1.00, 1.00, 1.00) (0.91, 0.09, 1.00) #fs:   0  -- #Conts: 11 H(2)  G(3)  A(1)  E(5) 
1109399627 14259.06 || noQ Q (Avg,Max,Min) (1.00, 1.00, 1.00) (0.97, 0.79, 1.00) #fs:   0  -- #Conts: 11 H(1)  G(3)  A(2)  E(5) 
1109622421 14258.06 || noQ Q (Avg,Max,Min) (1.00, 1.00, 1.00) (0.97, 0.79, 1.00) #fs:   0  -- #Conts: 11 H(1)  G(3)  A(2)  E(5) 
1109891451 14256.06 || noQ Q (Avg,Max,Min) (1.00, 1.00, 1.00) (0.99, 0.90, 1.00) #fs:   0  -- #Conts: 10 H(1)  G(3)  A(1)  E(5) 
1110114245 14255.06 || noQ Q (Avg,Max,Min) (1.00, 1.00, 1.00) (0.99, 0.90, 1.00) #fs:   0  -- #Conts: 10 H(1)  G(3)  A(1)  E(5) 
1110404162 14254.06 || noQ Q (Avg,Max,Min) (1.00, 1.00, 1.00) (0.99, 0.90, 1.00) #fs:   0  -- #Conts: 10 H(1)  G(3)  A(1)  E(5) 
1110455346 14253.06 || noQ Q (Avg,Max,Min) (1.00, 1.00, 1.00) (0.99, 0.90, 1.00) #fs:   0  -- #Conts: 10 H(1)  G(3)  A(1)  E(5) 
1110676112 14252.06 || noQ Q (Avg,Max,Min) (1.00, 1.00, 1.00) (0.99, 0.90, 1.00) #fs:   0  -- #Conts: 10 H(1)  G(3)  A(1)  E(5) 
1110950955 14251.06 || noQ Q (Avg,Max,Min) (1.00, 1.00, 1.00) (0.99, 0.90, 1.00) #fs:   0  -- #Conts: 10 H(1)  G(3)  A(1)  E(5) 
1111225798 14250.06 || noQ Q (Avg,Max,Min) (1.00, 1.00, 1.00) (0.99, 0.90, 1.00) #fs:   0  -- #Conts: 10 H(1)  G(3)  A(1)  E(5) 
1111303912 14249.06 || noQ Q (Avg,Max,Min) (1.00, 1.00, 1.00) (0.99, 0.90, 1.00) #fs:   0  -- #Conts: 10 H(1)  G(3)  A(1)  E(5) 
1111512214 14248.06 || noQ Q (Avg,Max,Min) (1.00, 1.00, 1.00) (0.99, 0.90, 1.00) #fs:   0  -- #Conts: 10 H(1)  G(3)  A(1)  E(5) 
1111815988 14247.06 || noQ Q (Avg,Max,Min) (1.00, 1.00, 1.00) (0.99, 0.90, 1.00) #fs:   0  -- #Conts: 10 H(1)  G(3)  A(1)  E(5) 
1111914353 14246.06 || noQ Q (Avg,Max,Min) (1.00, 1.00, 1.00) (0.99, 0.90, 1.00) #fs:   0  -- #Conts: 10 H(1)  G(3)  A(1)  E(5) 
1112122655 14245.06 || noQ Q (Avg,Max,Min) (1.00, 1.00, 1.00) (0.99, 0.90, 1.00) #fs:   0  -- #Conts: 10 H(1)  G(3)  A(1)  E(5) 
1112325172 14244.06 || noQ Q (Avg,Max,Min) (1.00, 1.00, 1.00) (0.99, 0.90, 1.00) #fs:   0  -- #Conts: 10 H(1)  G(3)  A(1)  E(5) 
1146271525 14016.88 || noQ Q (Avg,Max,Min) (1.00, 1.00, 1.00) (0.90, 0.08, 1.00) #fs:   0  -- #Conts: 10 H(1)  G(3)  A(2)  E(4) 
1146476208 13985.35 || noQ Q (Avg,Max,Min) (1.00, 1.00, 1.00) (0.99, 0.92, 1.00) #fs:   0  -- #Conts: 9 G(3)  A(2)  E(4) 
1146765303 13983.35 || noQ Q (Avg,Max,Min) (1.00, 1.00, 1.00) (0.99, 0.92, 1.00) #fs:   0  -- #Conts: 9 G(3)  A(2)  E(4) 
1147050855 13982.35 || noQ Q (Avg,Max,Min) (1.00, 1.00, 1.00) (0.99, 0.98, 1.00) #fs:   0  -- #Conts: 8 G(3)  A(1)  E(4) 
1147319912 13981.35 || noQ Q (Avg,Max,Min) (1.00, 1.00, 1.00) (0.90, 0.10, 1.00) #fs:   0  -- #Conts: 9 G(3)  A(2)  E(4) 
1147340896 13980.35 || noQ Q (Avg,Max,Min) (1.00, 1.00, 1.00) (1.00, 0.98, 1.00) #fs:   0  -- #Conts: 8 G(3)  A(1)  E(4) 
1147628203 13979.35 || noQ Q (Avg,Max,Min) (1.00, 1.00, 1.00) (1.00, 0.98, 1.00) #fs:   0  -- #Conts: 8 G(3)  A(1)  E(4) 
1147903046 13978.35 || noQ Q (Avg,Max,Min) (1.00, 1.00, 1.00) (0.99, 0.98, 1.00) #fs:   0  -- #Conts: 8 G(3)  A(1)  E(4) 
1148153121 13977.35 || noQ Q (Avg,Max,Min) (0.95, 1.00, 0.51) (0.90, 0.17, 1.00) #fs:   1  -- #Conts: 9 G(3)  A(2)  E(4) 
1148189462 13976.35 || noQ Q (Avg,Max,Min) (1.00, 1.00, 1.00) (1.00, 0.98, 1.00) #fs:   0  -- #Conts: 8 G(3)  A(1)  E(4) 
1303314124 13938.24 || noQ Q (Avg,Max,Min) (1.00, 1.00, 1.00) (0.98, 0.79, 1.00) #fs:   0  -- #Conts: 11 G(5)  A(2)  E(4) 
1303805948 13935.24 || noQ Q (Avg,Max,Min) (1.00, 1.00, 1.00) (1.00, 1.00, 1.00) #fs:   0  -- #Conts: 10 G(5)  A(1)  E(4) 
1304095000 13934.24 || noQ Q (Avg,Max,Min) (1.00, 1.00, 1.00) (1.00, 0.99, 1.00) #fs:   0  -- #Conts: 10 G(5)  A(1)  E(4) 
1587182421 13921.76 || noQ Q (Avg,Max,Min) (1.00, 1.00, 1.00) (0.93, 0.30, 1.00) #fs:   0  -- #Conts: 10 G(4)  A(1)  E(5) 
1587233517 13920.76 || noQ Q (Avg,Max,Min) (1.00, 1.00, 0.98) (0.93, 0.30, 1.00) #fs:   1  -- #Conts: 10 G(4)  A(1)  E(5) 
1587413148 13909.00 || noQ Q (Avg,Max,Min) (1.00, 1.00, 1.00) (0.98, 0.79, 1.00) #fs:   0  -- #Conts: 10 G(3)  A(2)  E(5) 
1588522368 13906.00 || noQ Q (Avg,Max,Min) (1.00, 1.00, 1.00) (1.00, 0.98, 1.00) #fs:   0  -- #Conts: 9 G(3)  A(1)  E(5) 
1609312983 13893.29 || noQ Q (Avg,Max,Min) (1.00, 1.00, 1.00) (0.85, 0.08, 1.00) #fs:   0  -- #Conts: 12 H(1)  G(4)  A(1)  E(6) 
1609360159 13877.53 || noQ Q (Avg,Max,Min) (1.00, 1.00, 1.00) (0.92, 0.17, 1.00) #fs:   0  -- #Conts: 11 H(1)  G(3)  A(1)  E(6) 
1609804807 13861.76 || noQ Q (Avg,Max,Min) (1.00, 1.00, 1.00) (0.93, 0.30, 1.00) #fs:   0  -- #Conts: 11 G(4)  A(1)  E(6) 
1609980062 13860.76 || noQ Q (Avg,Max,Min) (1.00, 1.00, 1.00) (0.93, 0.30, 1.00) #fs:   0  -- #Conts: 11 G(4)  A(1)  E(6) 
1610034612 13846.00 || noQ Q (Avg,Max,Min) (1.00, 1.00, 1.00) (1.00, 0.98, 1.00) #fs:   0  -- #Conts: 10 G(3)  A(1)  E(6) 
1610465222 13845.00 || noQ Q (Avg,Max,Min) (1.00, 1.00, 1.00) (1.00, 0.98, 1.00) #fs:   0  -- #Conts: 10 G(3)  A(1)  E(6) 
1611892380 13843.00 || noQ Q (Avg,Max,Min) (1.00, 1.00, 1.00) (1.00, 0.98, 1.00) #fs:   1  -- #Conts: 10 G(3)  A(1)  E(6) 
1611932545 13842.00 || noQ Q (Avg,Max,Min) (1.00, 1.00, 1.00) (1.00, 0.98, 1.00) #fs:   0  -- #Conts: 10 G(3)  A(1)  E(6) 
1620707726 13841.00 || noQ Q (Avg,Max,Min) (1.00, 1.00, 1.00) (0.98, 0.79, 1.00) #fs:   0  -- #Conts: 11 G(3)  A(2)  E(6) 
1780365001 13833.00 || noQ Q (Avg,Max,Min) (1.00, 1.00, 1.00) (0.88, 0.09, 1.00) #fs:   0  -- #Conts: 10 H(1)  G(3)  A(3)  E(3) 
1780604798 13817.24 || noQ Q (Avg,Max,Min) (1.00, 1.00, 1.00) (0.89, 0.16, 1.00) #fs:   0  -- #Conts: 10 G(4)  A(3)  E(3) 
1781096622 13814.24 || noQ Q (Avg,Max,Min) (1.00, 1.00, 1.00) (0.92, 0.30, 1.00) #fs:   0  -- #Conts: 9 G(4)  A(2)  E(3) 
1781327349 13808.18 || noQ Q (Avg,Max,Min) (1.00, 1.00, 1.00) (0.97, 0.79, 1.00) #fs:   0  -- #Conts: 9 G(3)  A(3)  E(3) 
1782272702 13805.47 || noQ Q (Avg,Max,Min) (1.00, 1.00, 1.00) (0.94, 0.62, 1.00) #fs:   0  -- #Conts: 10 G(3)  A(3)  E(3)  C(1) 
1782436569 13805.18 || noQ Q (Avg,Max,Min) (1.00, 1.00, 1.00) (0.99, 0.97, 1.00) #fs:   0  -- #Conts: 8 G(3)  A(2)  E(3) 
1789979074 13804.47 || noQ Q (Avg,Max,Min) (1.00, 1.00, 1.00) (0.97, 0.79, 1.00) #fs:   0  -- #Conts: 10 G(3)  A(4)  E(3) 
1830228742 13771.53 || noQ Q (Avg,Max,Min) (1.00, 1.00, 1.00) (0.98, 0.79, 1.00) #fs:   0  -- #Conts: 9 G(3)  A(2)  E(4) 
1830720566 13768.53 || noQ Q (Avg,Max,Min) (1.00, 1.00, 1.00) (1.00, 0.99, 1.00) #fs:   0  -- #Conts: 8 G(3)  A(1)  E(4) 
1831009618 13767.53 || noQ Q (Avg,Max,Min) (1.00, 1.00, 1.00) (1.00, 0.99, 1.00) #fs:   0  -- #Conts: 8 G(3)  A(1)  E(4) 
1831296925 13766.53 || noQ Q (Avg,Max,Min) (1.00, 1.00, 1.00) (1.00, 0.98, 1.00) #fs:   0  -- #Conts: 8 G(3)  A(1)  E(4) 
2055120581 13685.65 || noQ Q (Avg,Max,Min) (1.00, 1.00, 1.00) (0.90, 0.08, 1.00) #fs:   0  -- #Conts: 10 H(1)  G(2)  A(2)  E(5) 
2055325264 13654.12 || noQ Q (Avg,Max,Min) (1.00, 1.00, 1.00) (0.99, 0.92, 1.00) #fs:   0  -- #Conts: 9 G(2)  A(2)  E(5) 
2055614359 13653.12 || noQ Q (Avg,Max,Min) (1.00, 1.00, 1.00) (0.99, 0.92, 1.00) #fs:   0  -- #Conts: 9 G(2)  A(2)  E(5) 
2055899911 13651.12 || noQ Q (Avg,Max,Min) (1.00, 1.00, 1.00) (1.00, 0.99, 1.00) #fs:   0  -- #Conts: 8 G(2)  A(1)  E(5) 
2056189952 13650.12 || noQ Q (Avg,Max,Min) (1.00, 1.00, 1.00) (1.00, 0.98, 1.00) #fs:   0  -- #Conts: 8 G(2)  A(1)  E(5) 
2056440918 13649.12 || noQ Q (Avg,Max,Min) (1.00, 1.00, 0.97) (0.91, 0.17, 1.00) #fs:   1  -- #Conts: 9 G(2)  A(2)  E(5) 
2056477259 13648.12 || noQ Q (Avg,Max,Min) (1.00, 1.00, 1.00) (1.00, 1.00, 1.00) #fs:   0  -- #Conts: 8 G(2)  A(1)  E(5) 
2056752102 13647.12 || noQ Q (Avg,Max,Min) (1.00, 1.00, 1.00) (1.00, 0.99, 1.00) #fs:   0  -- #Conts: 8 G(2)  A(1)  E(5) 
2057026945 13646.12 || noQ Q (Avg,Max,Min) (1.00, 1.00, 1.00) (1.00, 0.98, 1.00) #fs:   0  -- #Conts: 8 G(2)  A(1)  E(5) 
2057277020 13645.12 || noQ Q (Avg,Max,Min) (0.93, 1.00, 0.41) (0.91, 0.17, 1.00) #fs:   1  -- #Conts: 9 G(2)  A(2)  E(5) 
2057313361 13644.12 || noQ Q (Avg,Max,Min) (1.00, 1.00, 1.00) (1.00, 1.00, 1.00) #fs:   0  -- #Conts: 8 G(2)  A(1)  E(5) 
2057617135 13643.12 || noQ Q (Avg,Max,Min) (1.00, 1.00, 1.00) (1.00, 0.98, 1.00) #fs:   0  -- #Conts: 8 G(2)  A(1)  E(5) 
2145874298 13613.24 || noQ Q (Avg,Max,Min) (1.00, 1.00, 1.00) (0.99, 0.92, 1.00) #fs:   0  -- #Conts: 9 G(2)  A(2)  E(5) 
2146163393 13612.24 || noQ Q (Avg,Max,Min) (1.00, 1.00, 1.00) (0.99, 0.92, 1.00) #fs:   0  -- #Conts: 9 G(2)  A(2)  E(5) 
2146448945 13610.24 || noQ Q (Avg,Max,Min) (1.00, 1.00, 1.00) (1.00, 0.98, 1.00) #fs:   0  -- #Conts: 8 G(2)  A(1)  E(5) 
2146738986 13609.24 || noQ Q (Avg,Max,Min) (1.00, 1.00, 1.00) (1.00, 0.98, 1.00) #fs:   0  -- #Conts: 8 G(2)  A(1)  E(5) 
2146989952 13608.24 || noQ Q (Avg,Max,Min) (1.00, 1.00, 0.97) (0.91, 0.17, 1.00) #fs:   1  -- #Conts: 9 G(2)  A(2)  E(5) 
2147026293 13607.24 || noQ Q (Avg,Max,Min) (1.00, 1.00, 1.00) (1.00, 0.99, 1.00) #fs:   0  -- #Conts: 8 G(2)  A(1)  E(5) 
2147301136 13606.24 || noQ Q (Avg,Max,Min) (1.00, 1.00, 1.00) (1.00, 0.99, 1.00) #fs:   0  -- #Conts: 8 G(2)  A(1)  E(5) 
2357910529 13595.82 || noQ Q (Avg,Max,Min) (1.00, 1.00, 1.00) (0.93, 0.30, 1.00) #fs:   0  -- #Conts: 10 G(3)  A(1)  E(6) 
2358141256 13583.06 || noQ Q (Avg,Max,Min) (1.00, 1.00, 1.00) (0.98, 0.79, 1.00) #fs:   0  -- #Conts: 10 G(2)  A(2)  E(6) 
2358643695 13582.06 || noQ Q (Avg,Max,Min) (1.00, 1.00, 1.00) (0.98, 0.79, 1.00) #fs:   0  -- #Conts: 10 G(2)  A(2)  E(6) 
2359250476 13580.06 || noQ Q (Avg,Max,Min) (1.00, 1.00, 1.00) (1.00, 0.98, 1.00) #fs:   0  -- #Conts: 9 G(2)  A(1)  E(6) 
2370112566 13579.47 || noQ Q (Avg,Max,Min) (1.00, 1.00, 1.00) (0.94, 0.62, 1.00) #fs:   0  -- #Conts: 11 G(2)  A(2)  E(6)  C(1) 
2376737761 13578.47 || noQ Q (Avg,Max,Min) (1.00, 1.00, 1.00) (0.97, 0.79, 1.00) #fs:   0  -- #Conts: 11 G(2)  A(3)  E(6) 
2483001365 7617.41 || noQ Q (Avg,Max,Min) (1.00, 1.00, 1.00) (0.99, 0.91, 1.00) #fs:   0  -- #Conts: 10 H(2)  A(4)  E(4) 
2483169959 7615.41 || noQ Q (Avg,Max,Min) (1.00, 1.00, 1.00) (0.99, 0.91, 1.00) #fs:   0  -- #Conts: 10 H(2)  A(4)  E(4) 
2483336215 7610.71 || noQ Q (Avg,Max,Min) (1.00, 1.00, 1.00) (1.00, 1.00, 1.00) #fs:   0  -- #Conts: 10 H(2)  A(4)  E(4) 
2483467213 7609.71 || noQ Q (Avg,Max,Min) (1.00, 1.00, 1.00) (1.00, 1.00, 1.00) #fs:   0  -- #Conts: 10 H(2)  A(4)  E(4) 
2483505755 7608.71 || noQ Q (Avg,Max,Min) (1.00, 1.00, 1.00) (1.00, 1.00, 1.00) #fs:   0  -- #Conts: 10 H(2)  A(4)  E(4) 
2524159193 7506.65 || noQ Q (Avg,Max,Min) (1.00, 1.00, 1.00) (0.98, 0.79, 1.00) #fs:   0  -- #Conts: 12 H(2)  A(6)  G(1)  E(3) 
2524289202 7505.65 || noQ Q (Avg,Max,Min) (1.00, 1.00, 1.00) (0.98, 0.79, 1.00) #fs:   0  -- #Conts: 12 H(2)  A(6)  G(1)  E(3) 
2524446166 7503.65 || noQ Q (Avg,Max,Min) (1.00, 1.00, 1.00) (1.00, 0.98, 1.00) #fs:   0  -- #Conts: 11 H(2)  A(5)  G(1)  E(3) 
2524576175 7502.65 || noQ Q (Avg,Max,Min) (1.00, 1.00, 1.00) (1.00, 0.98, 1.00) #fs:   0  -- #Conts: 11 H(2)  A(5)  G(1)  E(3) 
2524614717 7501.65 || noQ Q (Avg,Max,Min) (1.00, 1.00, 1.00) (1.00, 0.98, 1.00) #fs:   0  -- #Conts: 11 H(2)  A(5)  G(1)  E(3) 
2524745591 7500.65 || noQ Q (Avg,Max,Min) (1.00, 1.00, 1.00) (1.00, 0.98, 1.00) #fs:   0  -- #Conts: 11 H(2)  A(5)  G(1)  E(3) 
2524904270 7499.65 || noQ Q (Avg,Max,Min) (1.00, 1.00, 1.00) (1.00, 0.98, 1.00) #fs:   0  -- #Conts: 11 H(2)  A(5)  G(1)  E(3) 
2525064637 7498.65 || noQ Q (Avg,Max,Min) (1.00, 1.00, 1.00) (1.00, 0.98, 1.00) #fs:   0  -- #Conts: 11 H(2)  A(5)  G(1)  E(3) 
2525103462 7497.65 || noQ Q (Avg,Max,Min) (1.00, 1.00, 1.00) (1.00, 0.98, 1.00) #fs:   0  -- #Conts: 11 H(2)  A(5)  G(1)  E(3) 
2618201826 7416.18 || noQ Q (Avg,Max,Min) (1.00, 1.00, 1.00) (0.87, 0.08, 1.00) #fs:   0  -- #Conts: 14 H(4)  A(5)  G(2)  E(3) 
2618377553 7384.65 || noQ Q (Avg,Max,Min) (1.00, 1.00, 1.00) (0.93, 0.09, 1.00) #fs:   0  -- #Conts: 13 H(3)  A(5)  G(2)  E(3) 
2618441458 7356.12 || noQ Q (Avg,Max,Min) (1.00, 1.00, 1.00) (0.98, 0.79, 1.00) #fs:   0  -- #Conts: 13 H(2)  A(6)  G(2)  E(3) 
2618664252 7355.12 || noQ Q (Avg,Max,Min) (1.00, 1.00, 1.00) (0.98, 0.79, 1.00) #fs:   0  -- #Conts: 13 H(2)  A(6)  G(2)  E(3) 
2618933282 7353.12 || noQ Q (Avg,Max,Min) (1.00, 1.00, 1.00) (1.00, 1.00, 1.00) #fs:   0  -- #Conts: 12 H(2)  A(5)  G(2)  E(3) 
2619156076 7352.12 || noQ Q (Avg,Max,Min) (1.00, 1.00, 1.00) (1.00, 1.00, 1.00) #fs:   0  -- #Conts: 12 H(2)  A(5)  G(2)  E(3) 
2636589490 7265.47 || noQ Q (Avg,Max,Min) (1.00, 1.00, 1.00) (0.92, 0.08, 1.00) #fs:   0  -- #Conts: 13 H(2)  A(6)  G(2)  E(3) 
2636794173 7233.94 || noQ Q (Avg,Max,Min) (1.00, 1.00, 1.00) (0.99, 0.92, 1.00) #fs:   0  -- #Conts: 12 H(1)  A(6)  G(2)  E(3) 
2637368820 7230.94 || noQ Q (Avg,Max,Min) (1.00, 1.00, 1.00) (1.00, 0.99, 1.00) #fs:   0  -- #Conts: 11 H(1)  A(5)  G(2)  E(3) 
2637592603 7229.94 || noQ Q (Avg,Max,Min) (1.00, 1.00, 1.00) (1.00, 0.99, 1.00) #fs:   0  -- #Conts: 11 H(1)  A(5)  G(2)  E(3) 
2637882520 7228.94 || noQ Q (Avg,Max,Min) (1.00, 1.00, 1.00) (1.00, 0.99, 1.00) #fs:   0  -- #Conts: 11 H(1)  A(5)  G(2)  E(3) 
2638154470 7227.94 || noQ Q (Avg,Max,Min) (1.00, 1.00, 1.00) (1.00, 0.99, 1.00) #fs:   0  -- #Conts: 11 H(1)  A(5)  G(2)  E(3) 
2666076817 7124.35 || noQ Q (Avg,Max,Min) (1.00, 1.00, 1.00) (0.92, 0.08, 1.00) #fs:   0  -- #Conts: 13 H(2)  A(6)  G(2)  E(3) 
2666281500 7092.82 || noQ Q (Avg,Max,Min) (1.00, 1.00, 1.00) (0.99, 0.92, 1.00) #fs:   0  -- #Conts: 12 H(1)  A(6)  G(2)  E(3) 
2666570595 7090.82 || noQ Q (Avg,Max,Min) (1.00, 1.00, 1.00) (0.99, 0.92, 1.00) #fs:   0  -- #Conts: 12 H(1)  A(6)  G(2)  E(3) 
2666856147 7089.82 || noQ Q (Avg,Max,Min) (1.00, 1.00, 1.00) (1.00, 0.98, 1.00) #fs:   0  -- #Conts: 11 H(1)  A(5)  G(2)  E(3) 
2667079930 7088.82 || noQ Q (Avg,Max,Min) (1.00, 1.00, 1.00) (1.00, 0.98, 1.00) #fs:   0  -- #Conts: 11 H(1)  A(5)  G(2)  E(3) 
2667146188 7087.82 || noQ Q (Avg,Max,Min) (1.00, 1.00, 1.00) (1.00, 0.98, 1.00) #fs:   0  -- #Conts: 11 H(1)  A(5)  G(2)  E(3) 
2667369847 7086.82 || noQ Q (Avg,Max,Min) (1.00, 1.00, 1.00) (1.00, 0.98, 1.00) #fs:   0  -- #Conts: 11 H(1)  A(5)  G(2)  E(3) 
2667641797 7085.82 || noQ Q (Avg,Max,Min) (1.00, 1.00, 1.00) (1.00, 0.98, 1.00) #fs:   0  -- #Conts: 11 H(1)  A(5)  G(2)  E(3) 
2667916640 7084.82 || noQ Q (Avg,Max,Min) (1.00, 1.00, 1.00) (1.00, 0.98, 1.00) #fs:   0  -- #Conts: 11 H(1)  A(5)  G(2)  E(3) 
2667983181 7083.82 || noQ Q (Avg,Max,Min) (1.00, 1.00, 1.00) (1.00, 0.98, 1.00) #fs:   0  -- #Conts: 11 H(1)  A(5)  G(2)  E(3) 
2668191483 7082.82 || noQ Q (Avg,Max,Min) (1.00, 1.00, 1.00) (1.00, 0.98, 1.00) #fs:   0  -- #Conts: 11 H(1)  A(5)  G(2)  E(3) 
2668477899 7081.82 || noQ Q (Avg,Max,Min) (1.00, 1.00, 1.00) (1.00, 0.98, 1.00) #fs:   0  -- #Conts: 11 H(1)  A(5)  G(2)  E(3) 
2668582050 7080.82 || noQ Q (Avg,Max,Min) (1.00, 1.00, 1.00) (1.00, 0.98, 1.00) #fs:   0  -- #Conts: 11 H(1)  A(5)  G(2)  E(3) 
2682763452 6954.18 || noQ Q (Avg,Max,Min) (1.00, 1.00, 1.00) (0.98, 0.79, 1.00) #fs:   0  -- #Conts: 11 A(6)  G(2)  E(3) 
2682986246 6953.18 || noQ Q (Avg,Max,Min) (1.00, 1.00, 1.00) (0.98, 0.79, 1.00) #fs:   0  -- #Conts: 11 A(6)  G(2)  E(3) 
2683255276 6951.18 || noQ Q (Avg,Max,Min) (1.00, 1.00, 1.00) (1.00, 1.00, 1.00) #fs:   0  -- #Conts: 10 A(5)  G(2)  E(3) 
2683478070 6950.18 || noQ Q (Avg,Max,Min) (1.00, 1.00, 1.00) (1.00, 1.00, 1.00) #fs:   0  -- #Conts: 10 A(5)  G(2)  E(3) 
2683544328 6949.18 || noQ Q (Avg,Max,Min) (1.00, 1.00, 1.00) (1.00, 1.00, 1.00) #fs:   0  -- #Conts: 10 A(5)  G(2)  E(3) 
2683767987 6948.18 || noQ Q (Avg,Max,Min) (1.00, 1.00, 1.00) (1.00, 1.00, 1.00) #fs:   0  -- #Conts: 10 A(5)  G(2)  E(3) 
2876622299 6923.47 || noQ Q (Avg,Max,Min) (1.00, 1.00, 1.00) (0.98, 0.79, 1.00) #fs:   0  -- #Conts: 12 A(6)  G(2)  E(4) 
2876845093 6922.47 || noQ Q (Avg,Max,Min) (1.00, 1.00, 1.00) (0.98, 0.79, 1.00) #fs:   0  -- #Conts: 12 A(6)  G(2)  E(4) 
2877114123 6920.47 || noQ Q (Avg,Max,Min) (1.00, 1.00, 1.00) (1.00, 0.98, 1.00) #fs:   0  -- #Conts: 11 A(5)  G(2)  E(4) 
2877336917 6919.47 || noQ Q (Avg,Max,Min) (1.00, 1.00, 1.00) (1.00, 0.98, 1.00) #fs:   0  -- #Conts: 11 A(5)  G(2)  E(4) 
3099483758 6889.29 || noQ Q (Avg,Max,Min) (1.00, 1.00, 1.00) (0.92, 0.08, 1.00) #fs:   0  -- #Conts: 12 H(1)  A(6)  G(1)  E(4) 
3099688609 6873.53 || noQ Q (Avg,Max,Min) (1.00, 1.00, 1.00) (0.92, 0.14, 1.00) #fs:   0  -- #Conts: 12 A(6)  G(2)  E(4) 
3100305837 6857.76 || noQ Q (Avg,Max,Min) (1.00, 1.00, 1.00) (0.99, 0.92, 1.00) #fs:   0  -- #Conts: 11 A(6)  G(1)  E(4) 
3100958106 6855.76 || noQ Q (Avg,Max,Min) (1.00, 1.00, 1.00) (0.99, 0.92, 1.00) #fs:   0  -- #Conts: 11 A(6)  G(1)  E(4) 
3159814625 6850.65 || noQ Q (Avg,Max,Min) (1.00, 1.00, 1.00) (0.90, 0.09, 1.00) #fs:   0  -- #Conts: 12 H(1)  A(6)  G(1)  E(4) 
3160054422 6834.88 || noQ Q (Avg,Max,Min) (1.00, 1.00, 1.00) (0.91, 0.16, 1.00) #fs:   0  -- #Conts: 12 A(6)  G(2)  E(4) 
3160546246 6831.88 || noQ Q (Avg,Max,Min) (1.00, 1.00, 1.00) (0.93, 0.30, 1.00) #fs:   0  -- #Conts: 11 A(5)  G(2)  E(4) 
3160776973 6819.12 || noQ Q (Avg,Max,Min) (1.00, 1.00, 1.00) (0.98, 0.79, 1.00) #fs:   0  -- #Conts: 11 A(6)  G(1)  E(4) 
3161279412 6818.12 || noQ Q (Avg,Max,Min) (1.00, 1.00, 1.00) (0.98, 0.79, 1.00) #fs:   0  -- #Conts: 11 A(6)  G(1)  E(4) 
3161886193 6816.12 || noQ Q (Avg,Max,Min) (1.00, 1.00, 1.00) (1.00, 0.98, 1.00) #fs:   0  -- #Conts: 10 A(5)  G(1)  E(4) 
3171641007 6815.53 || noQ Q (Avg,Max,Min) (1.00, 1.00, 1.00) (0.93, 0.53, 1.00) #fs:   0  -- #Conts: 12 A(5)  G(1)  E(4)  C(2) 
3172748283 6814.53 || noQ Q (Avg,Max,Min) (1.00, 1.00, 1.00) (0.95, 0.62, 1.00) #fs:   0  -- #Conts: 12 A(6)  G(1)  E(4)  C(1) 
3179347379 6813.53 || noQ Q (Avg,Max,Min) (1.00, 1.00, 1.00) (0.97, 0.79, 1.00) #fs:   0  -- #Conts: 12 A(7)  G(1)  E(4) 
3353912973 6801.76 || noQ Q (Avg,Max,Min) (1.00, 1.00, 1.00) (0.90, 0.16, 1.00) #fs:   0  -- #Conts: 11 A(7)  G(1)  E(3) 
3354404797 6798.76 || noQ Q (Avg,Max,Min) (1.00, 1.00, 1.00) (0.93, 0.30, 1.00) #fs:   0  -- #Conts: 10 A(6)  G(1)  E(3) 
3354635524 6792.71 || noQ Q (Avg,Max,Min) (1.00, 1.00, 1.00) (0.98, 0.79, 1.00) #fs:   0  -- #Conts: 10 A(7)  E(3) 
3355580877 6790.00 || noQ Q (Avg,Max,Min) (1.00, 1.00, 1.00) (0.94, 0.62, 1.00) #fs:   0  -- #Conts: 11 A(7)  E(3)  C(1) 
3355744744 6789.71 || noQ Q (Avg,Max,Min) (1.00, 1.00, 1.00) (1.00, 0.98, 1.00) #fs:   0  -- #Conts: 9 A(6)  E(3) 
3363287249 6789.00 || noQ Q (Avg,Max,Min) (1.00, 1.00, 1.00) (0.97, 0.79, 1.00) #fs:   0  -- #Conts: 11 A(8)  E(3) 
4385470881 5977.59 || noQ Q (Avg,Max,Min) (1.00, 1.00, 1.00) (0.91, 0.09, 1.00) #fs:   0  -- #Conts: 12 H(2)  A(7)  G(1)  E(2) 
4385757854 5974.59 || noQ Q (Avg,Max,Min) (1.00, 1.00, 1.00) (0.92, 0.17, 1.00) #fs:   0  -- #Conts: 11 H(2)  A(6)  G(1)  E(2) 
4386202502 5958.82 || noQ Q (Avg,Max,Min) (1.00, 1.00, 1.00) (0.94, 0.30, 1.00) #fs:   0  -- #Conts: 11 H(1)  A(6)  G(2)  E(2) 
4386595174 5956.47 || noQ Q (Avg,Max,Min) (1.00, 1.00, 1.00) (0.89, 0.31, 1.00) #fs:   0  -- #Conts: 12 H(1)  A(6)  G(1)  E(4) 
4387378582 5953.76 || noQ Q (Avg,Max,Min) (1.00, 1.00, 1.00) (0.91, 0.31, 1.00) #fs:   0  -- #Conts: 12 H(1)  A(6)  G(1)  E(3)  C(1) 
4387402621 5951.06 || noQ Q (Avg,Max,Min) (1.00, 1.00, 1.00) (0.93, 0.53, 1.00) #fs:   0  -- #Conts: 12 H(1)  A(6)  G(1)  E(2)  C(2) 
4387542614 5949.76 || noQ Q (Avg,Max,Min) (1.00, 1.00, 1.00) (0.97, 0.67, 1.00) #fs:   0  -- #Conts: 11 H(1)  A(6)  G(1)  E(3) 
4393984532 5949.06 || noQ Q (Avg,Max,Min) (1.00, 1.00, 1.00) (0.96, 0.62, 1.00) #fs:   0  -- #Conts: 11 H(1)  A(6)  G(1)  E(2)  C(1) 
4403584789 5948.06 || noQ Q (Avg,Max,Min) (1.00, 1.00, 1.00) (1.00, 0.99, 1.00) #fs:   0  -- #Conts: 10 H(1)  A(6)  G(1)  E(2) 
4415326721 5864.18 || noQ Q (Avg,Max,Min) (1.00, 1.00, 1.00) (0.91, 0.08, 1.00) #fs:   0  -- #Conts: 11 H(1)  A(7)  E(3) 
4415531572 5848.41 || noQ Q (Avg,Max,Min) (1.00, 1.00, 1.00) (0.91, 0.14, 1.00) #fs:   0  -- #Conts: 11 A(7)  G(1)  E(3) 
4416148968 5839.35 || noQ Q (Avg,Max,Min) (1.00, 1.00, 1.00) (0.93, 0.31, 1.00) #fs:   0  -- #Conts: 11 A(7)  E(4) 
4416956415 5836.65 || noQ Q (Avg,Max,Min) (1.00, 1.00, 1.00) (0.95, 0.53, 1.00) #fs:   0  -- #Conts: 11 A(7)  E(3)  C(1) 
4423539580 5834.65 || noQ Q (Avg,Max,Min) (1.00, 1.00, 1.00) (0.99, 0.94, 1.00) #fs:   0  -- #Conts: 10 A(7)  E(3) 
4444814216 5055.06 || noQ Q (Avg,Max,Min) (1.00, 1.00, 1.00) (0.81, 0.08, 1.00) #fs:   0  -- #Conts: 15 H(3)  A(8)  G(1)  E(3) 
4444958678 5023.53 || noQ Q (Avg,Max,Min) (1.00, 1.00, 1.00) (0.87, 0.10, 1.00) #fs:   0  -- #Conts: 14 H(2)  A(8)  G(1)  E(3) 
4444971227 5022.53 || noQ Q (Avg,Max,Min) (1.00, 1.00, 1.00) (0.93, 0.18, 1.00) #fs:   0  -- #Conts: 13 H(2)  A(7)  G(1)  E(3) 
4445403326 5006.76 || noQ Q (Avg,Max,Min) (1.00, 1.00, 1.00) (0.94, 0.30, 1.00) #fs:   0  -- #Conts: 13 H(1)  A(7)  G(2)  E(3) 
4445987372 5004.41 || noQ Q (Avg,Max,Min) (1.00, 1.00, 1.00) (0.90, 0.31, 1.00) #fs:   0  -- #Conts: 14 H(1)  A(7)  G(1)  E(5) 
4446579406 5001.71 || noQ Q (Avg,Max,Min) (1.00, 1.00, 1.00) (0.92, 0.31, 1.00) #fs:   0  -- #Conts: 14 H(1)  A(7)  G(1)  E(4)  C(1) 
4446743438 4997.71 || noQ Q (Avg,Max,Min) (1.00, 1.00, 1.00) (0.97, 0.67, 1.00) #fs:   0  -- #Conts: 13 H(1)  A(7)  G(1)  E(4) 
4449793023 4892.59 || noQ Q (Avg,Max,Min) (1.00, 1.00, 1.00) (0.89, 0.09, 1.00) #fs:   0  -- #Conts: 13 H(1)  A(7)  G(1)  E(3)  C(1) 
4449840312 4891.59 || noQ Q (Avg,Max,Min) (1.00, 1.00, 1.00) (0.91, 0.09, 1.00) #fs:   0  -- #Conts: 13 H(1)  A(8)  G(1)  E(3) 
4450032820 4875.82 || noQ Q (Avg,Max,Min) (1.00, 1.00, 1.00) (0.92, 0.16, 1.00) #fs:   0  -- #Conts: 13 A(8)  G(2)  E(3) 
4450524644 4872.82 || noQ Q (Avg,Max,Min) (1.00, 1.00, 1.00) (0.94, 0.30, 1.00) #fs:   0  -- #Conts: 12 A(7)  G(2)  E(3) 
4450755536 4866.76 || noQ Q (Avg,Max,Min) (1.00, 1.00, 0.96) (0.99, 0.90, 1.00) #fs:   1  -- #Conts: 11 A(7)  G(1)  E(3) 
4451700724 4864.06 || noQ Q (Avg,Max,Min) (1.00, 1.00, 1.00) (0.97, 0.62, 1.00) #fs:   0  -- #Conts: 12 A(7)  G(1)  E(3)  C(1) 
4451864756 4863.76 || noQ Q (Avg,Max,Min) (1.00, 1.00, 0.96) (0.99, 0.94, 1.00) #fs:   1  -- #Conts: 11 A(7)  G(1)  E(3) 
4457955942 4863.06 || noQ Q (Avg,Max,Min) (1.00, 1.00, 1.00) (0.97, 0.62, 1.00) #fs:   0  -- #Conts: 12 A(7)  G(1)  E(3)  C(1) 
4467906931 4862.06 || noQ Q (Avg,Max,Min) (1.00, 1.00, 1.00) (1.00, 0.98, 1.00) #fs:   0  -- #Conts: 11 A(7)  G(1)  E(3) 
4643651722 4861.88 || noQ Q (Avg,Max,Min) (1.00, 1.00, 1.00) (0.92, 0.09, 1.00) #fs:   0  -- #Conts: 11 H(1)  A(6)  E(4) 
4643891519 4846.12 || noQ Q (Avg,Max,Min) (1.00, 1.00, 1.00) (0.92, 0.16, 1.00) #fs:   0  -- #Conts: 11 A(6)  G(1)  E(4) 
4644383343 4843.12 || noQ Q (Avg,Max,Min) (1.00, 1.00, 1.00) (0.94, 0.30, 1.00) #fs:   0  -- #Conts: 11 A(6)  G(1)  E(4) 
4644614235 4837.06 || noQ Q (Avg,Max,Min) (1.00, 1.00, 1.00) (0.94, 0.36, 1.00) #fs:   0  -- #Conts: 11 A(6)  E(5) 
4645559423 4834.35 || noQ Q (Avg,Max,Min) (1.00, 1.00, 1.00) (0.96, 0.62, 1.00) #fs:   0  -- #Conts: 11 A(6)  E(4)  C(1) 
4645723455 4834.06 || noQ Q (Avg,Max,Min) (1.00, 1.00, 1.00) (0.97, 0.67, 1.00) #fs:   0  -- #Conts: 11 A(6)  E(5) 
4651814641 4833.35 || noQ Q (Avg,Max,Min) (1.00, 1.00, 1.00) (0.97, 0.62, 1.00) #fs:   0  -- #Conts: 11 A(6)  E(4)  C(1) 
4661765630 4832.35 || noQ Q (Avg,Max,Min) (1.00, 1.00, 1.00) (1.00, 1.00, 1.00) #fs:   0  -- #Conts: 10 A(6)  E(4) 
6442794098 4811.71 || noQ Q (Avg,Max,Min) (1.00, 1.00, 1.00) (0.90, 0.09, 1.00) #fs:   1  -- #Conts: 9 H(1)  A(5)  E(3) 
6443081071 4809.71 || noQ Q (Avg,Max,Min) (1.00, 1.00, 1.00) (0.91, 0.17, 1.00) #fs:   1  -- #Conts: 9 H(1)  A(5)  E(3) 
6443525719 4793.94 || noQ Q (Avg,Max,Min) (1.00, 1.00, 1.00) (0.92, 0.30, 1.00) #fs:   1  -- #Conts: 9 A(5)  G(1)  E(3) 
6443776543 4792.94 || noQ Q (Avg,Max,Min) (1.00, 1.00, 1.00) (0.92, 0.30, 1.00) #fs:   1  -- #Conts: 9 A(5)  G(1)  E(3) 
6443918391 4791.59 || noQ Q (Avg,Max,Min) (1.00, 1.00, 1.00) (0.86, 0.31, 1.00) #fs:   1  -- #Conts: 10 A(5)  E(5) 
6444168391 4790.59 || noQ Q (Avg,Max,Min) (1.00, 1.00, 1.00) (0.86, 0.31, 1.00) #fs:   1  -- #Conts: 10 A(5)  E(5) 
6444701799 4788.88 || noQ Q (Avg,Max,Min) (1.00, 1.00, 1.00) (0.89, 0.31, 1.00) #fs:   1  -- #Conts: 10 A(5)  E(4)  C(1) 
6444725838 4786.18 || noQ Q (Avg,Max,Min) (1.00, 1.00, 1.00) (0.91, 0.53, 1.00) #fs:   1  -- #Conts: 10 A(5)  E(3)  C(2) 
6444865831 4784.88 || noQ Q (Avg,Max,Min) (1.00, 1.00, 1.00) (0.96, 0.67, 1.00) #fs:   1  -- #Conts: 9 A(5)  E(4) 
6445116655 4783.88 || noQ Q (Avg,Max,Min) (1.00, 1.00, 1.00) (0.96, 0.67, 1.00) #fs:   1  -- #Conts: 9 A(5)  E(4) 
6461508640 4782.18 || noQ Q (Avg,Max,Min) (1.00, 1.00, 1.00) (1.00, 0.98, 1.00) #fs:   1  -- #Conts: 8 A(5)  E(3) 
/////////////////size: 237
nodes 48 edges 56
 mulT: 5000 mulD: 100  sumData GB 134
pareto /SIPHT.n.50.0.dax time -> 954.0
moheft /SIPHT.n.50.0.dax time -> 1780.0
distance from M to C 0.0
distance from P to C 218.17974246996087
distance from C to M 1.5547157967383174
distance from C to P 154.9891324844637
toCompare: /SIPHT.n.50.0.dax sumDataGB: 134 mulT: 5000 mulD: 100 paretoOptTime_MS: 954.0 MoheftOptimizationTime_MS: 1780.0 MtoC 0.0 PtoC 218.17974246996087 CtoM 1.5547157967383174 CtoP 154.9891324844637
