specify -Dflow d,b,mt,md,size
Running /home/vaggelis/jc/LIGO.n.50.0.dax mt 5000 md: 100 size null
 235748841 18555.06 || noQ Q (Avg,Max,Min) (1.00, 1.00, 1.00) (0.98, 0.96, 1.00) #fs:   0  -- #Conts: 23 H(19)  G(4) 
 237529902 18507.76 || noQ Q (Avg,Max,Min) (1.00, 1.00, 0.99) (0.98, 0.96, 1.00) #fs:   1  -- #Conts: 23 H(18)  G(5) 
 306472579 18129.41 || noQ Q (Avg,Max,Min) (1.00, 1.00, 0.98) (0.97, 0.85, 1.00) #fs:   3  -- #Conts: 23 H(17)  G(6) 
 306547864 18034.82 || noQ Q (Avg,Max,Min) (1.00, 1.00, 0.98) (0.97, 0.85, 1.00) #fs:   4  -- #Conts: 23 H(16)  G(7) 
 309973764 17987.53 || noQ Q (Avg,Max,Min) (1.00, 1.00, 0.97) (0.97, 0.85, 1.00) #fs:   4  -- #Conts: 23 H(15)  G(8) 
 322762097 17309.65 || noQ Q (Avg,Max,Min) (1.00, 1.00, 1.00) (0.99, 0.96, 1.00) #fs:   0  -- #Conts: 23 H(10)  G(13) 
 324399666 17262.35 || noQ Q (Avg,Max,Min) (1.00, 1.00, 0.99) (0.98, 0.96, 1.00) #fs:   1  -- #Conts: 23 H(9)  G(14) 
 326919326 17183.53 || noQ Q (Avg,Max,Min) (1.00, 1.00, 0.97) (0.98, 0.94, 1.00) #fs:   1  -- #Conts: 23 H(8)  G(15) 
 378436500 17120.47 || noQ Q (Avg,Max,Min) (0.99, 1.00, 0.67) (0.97, 0.67, 1.00) #fs:   1  -- #Conts: 23 H(4)  G(19) 
 380236188 16994.35 || noQ Q (Avg,Max,Min) (0.99, 1.00, 0.67) (0.97, 0.67, 1.00) #fs:   1  -- #Conts: 23 H(3)  G(20) 
 388869051 16947.06 || noQ Q (Avg,Max,Min) (0.98, 1.00, 0.64) (0.97, 0.63, 1.00) #fs:   1  -- #Conts: 23 H(2)  G(21) 
 403643880 16931.29 || noQ Q (Avg,Max,Min) (0.98, 1.00, 0.59) (0.97, 0.58, 1.00) #fs:   1  -- #Conts: 23 H(1)  G(22) 
 404919567 16048.00 || noQ Q (Avg,Max,Min) (1.00, 1.00, 1.00) (0.99, 0.98, 1.00) #fs:   0  -- #Conts: 23 G(22)  E(1) 
 406562838 16032.24 || noQ Q (Avg,Max,Min) (1.00, 1.00, 1.00) (0.99, 0.98, 1.00) #fs:   0  -- #Conts: 23 G(22)  E(1) 
 435102057 15991.65 || noQ Q (Avg,Max,Min) (1.00, 1.00, 1.00) (0.99, 0.98, 1.00) #fs:   0  -- #Conts: 21 G(20)  E(1) 
 549622838 15985.41 || noQ Q (Avg,Max,Min) (1.00, 1.00, 1.00) (0.99, 0.98, 1.00) #fs:   0  -- #Conts: 19 G(19) 
 580465998 15969.65 || noQ Q (Avg,Max,Min) (1.00, 1.00, 1.00) (0.99, 0.98, 1.00) #fs:   1  -- #Conts: 18 G(18) 
 584663751 15953.88 || noQ Q (Avg,Max,Min) (1.00, 1.00, 1.00) (0.99, 0.98, 1.00) #fs:   1  -- #Conts: 17 G(17) 
 639976646 15938.12 || noQ Q (Avg,Max,Min) (1.00, 1.00, 1.00) (1.00, 0.98, 1.00) #fs:   1  -- #Conts: 16 G(16) 
 916529745 15309.53 || noQ Q (Avg,Max,Min) (1.00, 1.00, 1.00) (1.00, 0.99, 1.00) #fs:   1  -- #Conts: 23 E(23) 
 928528918 15289.41 || noQ Q (Avg,Max,Min) (1.00, 1.00, 1.00) (1.00, 0.99, 1.00) #fs:   0  -- #Conts: 23 E(23) 
1136463831 15282.71 || noQ Q (Avg,Max,Min) (1.00, 1.00, 1.00) (1.00, 0.99, 1.00) #fs:   1  -- #Conts: 20 E(20) 
1214564072 15276.00 || noQ Q (Avg,Max,Min) (1.00, 1.00, 1.00) (1.00, 0.99, 1.00) #fs:   1  -- #Conts: 19 E(19) 
1456804654 15269.29 || noQ Q (Avg,Max,Min) (1.00, 1.00, 1.00) (1.00, 1.00, 1.00) #fs:   1  -- #Conts: 19 E(19) 
4675870124 14072.00 || noQ Q (Avg,Max,Min) (1.00, 1.00, 1.00) (1.00, 1.00, 1.00) #fs:   0  -- #Conts: 23 A(23) 
6798403742 14071.00 || noQ Q (Avg,Max,Min) (1.00, 1.00, 1.00) (1.00, 1.00, 1.00) #fs:   1  -- #Conts: 20 A(20) 
6816253676 14070.00 || noQ Q (Avg,Max,Min) (1.00, 1.00, 1.00) (1.00, 1.00, 1.00) #fs:   1  -- #Conts: 20 A(20) 
6820203771 14069.00 || noQ Q (Avg,Max,Min) (1.00, 1.00, 1.00) (1.00, 1.00, 1.00) #fs:   1  -- #Conts: 20 A(20) 
6823353771 14067.00 || noQ Q (Avg,Max,Min) (1.00, 1.00, 1.00) (1.00, 0.99, 1.00) #fs:   1  -- #Conts: 20 A(20) 
10637935747 14066.00 || noQ Q (Avg,Max,Min) (1.00, 1.00, 1.00) (1.00, 1.00, 1.00) #fs:   2  -- #Conts: 15 A(15) 
/////////////////size: 30
 576155061 17712.47 || noQ Q (Avg,Max,Min) (1.00, 1.00, 1.00) (0.99, 0.88, 1.00) #fs:   2  -- #Conts: 22 H(10)  G(6)  A(1)  E(4)  C(1) 
 597684751 17593.88 || noQ Q (Avg,Max,Min) (1.00, 1.00, 1.00) (0.98, 0.88, 1.00) #fs:   2  -- #Conts: 23 H(10)  G(6)  A(1)  E(5)  C(1) 
 598298255 17578.12 || noQ Q (Avg,Max,Min) (1.00, 1.00, 1.00) (0.96, 0.41, 1.00) #fs:   2  -- #Conts: 24 H(10)  G(7)  A(1)  E(5)  C(1) 
 600146811 17569.06 || noQ Q (Avg,Max,Min) (1.00, 1.00, 1.00) (0.98, 0.88, 1.00) #fs:   2  -- #Conts: 24 H(10)  G(6)  A(1)  E(6)  C(1) 
 643395693 17515.06 || noQ Q (Avg,Max,Min) (1.00, 1.00, 1.00) (0.95, 0.24, 1.00) #fs:   2  -- #Conts: 24 H(10)  G(7)  A(1)  E(5)  C(1) 
 644008887 17483.53 || noQ Q (Avg,Max,Min) (1.00, 1.00, 1.00) (0.98, 0.88, 1.00) #fs:   2  -- #Conts: 23 H(9)  G(7)  A(1)  E(5)  C(1) 
 703500040 16850.82 || noQ Q (Avg,Max,Min) (1.00, 1.00, 0.99) (0.97, 0.84, 1.00) #fs:   3  -- #Conts: 20 H(7)  G(9)  E(3)  C(1) 
 704113544 16835.06 || noQ Q (Avg,Max,Min) (1.00, 1.00, 0.99) (0.95, 0.41, 1.00) #fs:   3  -- #Conts: 21 H(7)  G(10)  E(3)  C(1) 
 705962100 16826.00 || noQ Q (Avg,Max,Min) (1.00, 1.00, 0.99) (0.97, 0.84, 1.00) #fs:   3  -- #Conts: 21 H(7)  G(9)  E(4)  C(1) 
 710154145 16276.24 || noQ Q (Avg,Max,Min) (1.00, 1.00, 0.99) (0.98, 0.84, 1.00) #fs:   1  -- #Conts: 23 H(4)  G(13)  A(1)  E(4)  C(1) 
 710767860 16260.47 || noQ Q (Avg,Max,Min) (1.00, 1.00, 0.99) (0.96, 0.41, 1.00) #fs:   1  -- #Conts: 24 H(4)  G(14)  A(1)  E(4)  C(1) 
 712616416 16251.41 || noQ Q (Avg,Max,Min) (1.00, 1.00, 0.99) (0.98, 0.84, 1.00) #fs:   1  -- #Conts: 24 H(4)  G(13)  A(1)  E(5)  C(1) 
 754756988 16220.24 || noQ Q (Avg,Max,Min) (1.00, 1.00, 0.99) (0.98, 0.84, 1.00) #fs:   1  -- #Conts: 23 H(4)  G(15)  E(3)  C(1) 
 762313028 16181.65 || noQ Q (Avg,Max,Min) (1.00, 1.00, 1.00) (0.95, 0.24, 1.00) #fs:   0  -- #Conts: 27 H(4)  G(14)  A(1)  E(7)  C(1) 
 762926225 16150.12 || noQ Q (Avg,Max,Min) (1.00, 1.00, 1.00) (0.97, 0.84, 1.00) #fs:   0  -- #Conts: 26 H(3)  G(14)  A(1)  E(7)  C(1) 
 829510644 16107.29 || noQ Q (Avg,Max,Min) (1.00, 1.00, 1.00) (0.95, 0.24, 1.00) #fs:   0  -- #Conts: 25 H(5)  G(12)  A(1)  E(6)  C(1) 
 830123598 16091.53 || noQ Q (Avg,Max,Min) (1.00, 1.00, 1.00) (0.98, 0.84, 1.00) #fs:   0  -- #Conts: 24 H(4)  G(12)  A(1)  E(6)  C(1) 
 831972549 16082.47 || noQ Q (Avg,Max,Min) (1.00, 1.00, 1.00) (0.98, 0.84, 1.00) #fs:   0  -- #Conts: 25 H(4)  G(12)  A(1)  E(7)  C(1) 
 866299326 16027.65 || noQ Q (Avg,Max,Min) (1.00, 1.00, 0.98) (0.99, 0.88, 1.00) #fs:   2  -- #Conts: 24 H(2)  G(9)  A(1)  E(11)  C(1) 
 866913041 16011.88 || noQ Q (Avg,Max,Min) (1.00, 1.00, 0.98) (0.97, 0.41, 1.00) #fs:   2  -- #Conts: 25 H(2)  G(10)  A(1)  E(11)  C(1) 
 868761597 16002.82 || noQ Q (Avg,Max,Min) (1.00, 1.00, 0.98) (0.99, 0.88, 1.00) #fs:   2  -- #Conts: 25 H(2)  G(9)  A(1)  E(12)  C(1) 
 910902169 15971.65 || noQ Q (Avg,Max,Min) (1.00, 1.00, 0.98) (0.99, 0.88, 1.00) #fs:   2  -- #Conts: 24 H(2)  G(11)  E(10)  C(1) 
 999808275 15962.12 || noQ Q (Avg,Max,Min) (1.00, 1.00, 0.98) (0.96, 0.41, 1.00) #fs:   2  -- #Conts: 25 H(2)  G(11)  E(11)  C(1) 
1001656450 15953.06 || noQ Q (Avg,Max,Min) (1.00, 1.00, 0.98) (0.99, 0.88, 1.00) #fs:   2  -- #Conts: 24 H(2)  G(10)  E(11)  C(1) 
1007012686 15944.59 || noQ Q (Avg,Max,Min) (1.00, 1.00, 0.98) (0.99, 0.88, 1.00) #fs:   2  -- #Conts: 24 H(2)  G(11)  E(10)  C(1) 
1014256893 15769.29 || noQ Q (Avg,Max,Min) (1.00, 1.00, 1.00) (0.95, 0.24, 1.00) #fs:   2  -- #Conts: 24 H(3)  G(9)  E(11)  C(1) 
1014869994 15737.76 || noQ Q (Avg,Max,Min) (1.00, 1.00, 1.00) (0.99, 0.90, 1.00) #fs:   2  -- #Conts: 23 H(2)  G(9)  E(11)  C(1) 
1028990114 15690.47 || noQ Q (Avg,Max,Min) (1.00, 1.00, 1.00) (0.95, 0.24, 1.00) #fs:   2  -- #Conts: 24 H(2)  G(10)  E(11)  C(1) 
1029603082 15658.94 || noQ Q (Avg,Max,Min) (1.00, 1.00, 1.00) (0.99, 0.90, 1.00) #fs:   2  -- #Conts: 23 H(1)  G(10)  E(11)  C(1) 
1046703860 15643.88 || noQ Q (Avg,Max,Min) (1.00, 1.00, 1.00) (0.96, 0.24, 1.00) #fs:   0  -- #Conts: 23 H(1)  G(9)  A(1)  E(11)  C(1) 
1047317209 15628.12 || noQ Q (Avg,Max,Min) (1.00, 1.00, 1.00) (0.97, 0.41, 1.00) #fs:   0  -- #Conts: 23 G(10)  A(1)  E(11)  C(1) 
1049165535 15619.06 || noQ Q (Avg,Max,Min) (1.00, 1.00, 1.00) (0.99, 0.94, 1.00) #fs:   0  -- #Conts: 22 G(9)  A(1)  E(11)  C(1) 
1141816443 15618.59 || noQ Q (Avg,Max,Min) (1.00, 1.00, 1.00) (0.96, 0.24, 1.00) #fs:   0  -- #Conts: 22 H(1)  G(8)  A(1)  E(11)  C(1) 
1142429792 15602.82 || noQ Q (Avg,Max,Min) (1.00, 1.00, 1.00) (0.96, 0.41, 1.00) #fs:   0  -- #Conts: 22 G(9)  A(1)  E(11)  C(1) 
1144277967 15593.76 || noQ Q (Avg,Max,Min) (1.00, 1.00, 1.00) (0.99, 0.94, 1.00) #fs:   0  -- #Conts: 21 G(8)  A(1)  E(11)  C(1) 
1190982647 15593.06 || noQ Q (Avg,Max,Min) (1.00, 1.00, 1.00) (0.99, 0.94, 1.00) #fs:   0  -- #Conts: 21 G(8)  A(1)  E(11)  C(1) 
1465744706 15589.76 || noQ Q (Avg,Max,Min) (1.00, 1.00, 1.00) (0.98, 0.88, 1.00) #fs:   1  -- #Conts: 20 G(6)  A(1)  E(12)  C(1) 
1476769352 15577.18 || noQ Q (Avg,Max,Min) (1.00, 1.00, 1.00) (0.95, 0.41, 1.00) #fs:   1  -- #Conts: 19 G(6)  A(1)  E(11)  C(1) 
1478617542 15568.12 || noQ Q (Avg,Max,Min) (1.00, 1.00, 1.00) (0.99, 0.88, 1.00) #fs:   1  -- #Conts: 18 G(5)  A(1)  E(11)  C(1) 
1580617204 15492.59 || noQ Q (Avg,Max,Min) (1.00, 1.00, 1.00) (0.95, 0.24, 1.00) #fs:   0  -- #Conts: 20 H(2)  G(4)  A(1)  E(12)  C(1) 
1581230323 15476.82 || noQ Q (Avg,Max,Min) (1.00, 1.00, 1.00) (0.99, 0.96, 1.00) #fs:   0  -- #Conts: 19 H(1)  G(4)  A(1)  E(12)  C(1) 
1583079109 15467.76 || noQ Q (Avg,Max,Min) (1.00, 1.00, 1.00) (0.99, 0.92, 1.00) #fs:   0  -- #Conts: 20 H(1)  G(4)  A(1)  E(13)  C(1) 
1642590659 15435.06 || noQ Q (Avg,Max,Min) (1.00, 1.00, 1.00) (0.95, 0.24, 1.00) #fs:   0  -- #Conts: 20 H(2)  G(3)  A(1)  E(13)  C(1) 
1643204008 15419.29 || noQ Q (Avg,Max,Min) (1.00, 1.00, 1.00) (0.96, 0.41, 1.00) #fs:   0  -- #Conts: 20 H(1)  G(4)  A(1)  E(13)  C(1) 
1645052334 15410.24 || noQ Q (Avg,Max,Min) (1.00, 1.00, 1.00) (0.99, 0.96, 1.00) #fs:   0  -- #Conts: 19 H(1)  G(3)  A(1)  E(13)  C(1) 
2175231450 15402.82 || noQ Q (Avg,Max,Min) (1.00, 1.00, 1.00) (0.95, 0.41, 1.00) #fs:   0  -- #Conts: 15 H(1)  G(4)  E(9)  C(1) 
2177079851 15393.76 || noQ Q (Avg,Max,Min) (1.00, 1.00, 1.00) (0.99, 0.96, 1.00) #fs:   0  -- #Conts: 14 H(1)  G(3)  E(9)  C(1) 
2212068776 15393.06 || noQ Q (Avg,Max,Min) (1.00, 1.00, 1.00) (0.99, 0.96, 1.00) #fs:   0  -- #Conts: 14 H(1)  G(3)  A(1)  E(8)  C(1) 
2213717680 15380.47 || noQ Q (Avg,Max,Min) (1.00, 1.00, 1.00) (0.95, 0.41, 1.00) #fs:   0  -- #Conts: 14 H(1)  G(3)  A(1)  E(8)  C(1) 
2215566081 15371.41 || noQ Q (Avg,Max,Min) (1.00, 1.00, 1.00) (0.99, 0.96, 1.00) #fs:   0  -- #Conts: 13 H(1)  G(2)  A(1)  E(8)  C(1) 
2515714835 15368.12 || noQ Q (Avg,Max,Min) (1.00, 1.00, 1.00) (1.00, 0.99, 1.00) #fs:   0  -- #Conts: 12 G(4)  A(1)  E(7) 
2531464938 15096.29 || noQ Q (Avg,Max,Min) (1.00, 1.00, 1.00) (0.99, 0.88, 1.00) #fs:   1  -- #Conts: 24 H(2)  A(5)  G(6)  E(10)  C(1) 
2551973051 15053.29 || noQ Q (Avg,Max,Min) (1.00, 1.00, 1.00) (0.99, 0.88, 1.00) #fs:   1  -- #Conts: 27 H(2)  A(6)  G(6)  E(12)  C(1) 
2572289690 15013.24 || noQ Q (Avg,Max,Min) (1.00, 1.00, 1.00) (0.99, 0.88, 1.00) #fs:   1  -- #Conts: 26 H(2)  A(7)  G(6)  E(10)  C(1) 
2621346390 15000.59 || noQ Q (Avg,Max,Min) (1.00, 1.00, 1.00) (0.99, 0.88, 1.00) #fs:   1  -- #Conts: 25 H(3)  A(6)  G(5)  E(10)  C(1) 
2648475014 14980.53 || noQ Q (Avg,Max,Min) (1.00, 1.00, 1.00) (0.95, 0.24, 1.00) #fs:   1  -- #Conts: 22 H(3)  A(5)  G(5)  E(8)  C(1) 
2649087968 14964.76 || noQ Q (Avg,Max,Min) (1.00, 1.00, 1.00) (0.99, 0.88, 1.00) #fs:   1  -- #Conts: 21 H(2)  A(5)  G(5)  E(8)  C(1) 
2650936919 14955.71 || noQ Q (Avg,Max,Min) (1.00, 1.00, 1.00) (0.99, 0.88, 1.00) #fs:   1  -- #Conts: 22 H(2)  A(5)  G(5)  E(9)  C(1) 
2723981184 14941.06 || noQ Q (Avg,Max,Min) (1.00, 1.00, 1.00) (0.97, 0.41, 1.00) #fs:   1  -- #Conts: 24 H(2)  A(6)  G(7)  E(8)  C(1) 
2725829740 14932.00 || noQ Q (Avg,Max,Min) (1.00, 1.00, 1.00) (0.99, 0.88, 1.00) #fs:   1  -- #Conts: 24 H(2)  A(6)  G(6)  E(9)  C(1) 
2743684319 14916.76 || noQ Q (Avg,Max,Min) (1.00, 1.00, 1.00) (0.99, 0.88, 1.00) #fs:   1  -- #Conts: 22 H(2)  A(7)  G(6)  E(6)  C(1) 
2744297823 14901.00 || noQ Q (Avg,Max,Min) (1.00, 1.00, 1.00) (0.97, 0.41, 1.00) #fs:   1  -- #Conts: 23 H(2)  A(7)  G(7)  E(6)  C(1) 
2746146379 14891.94 || noQ Q (Avg,Max,Min) (1.00, 1.00, 1.00) (0.99, 0.88, 1.00) #fs:   1  -- #Conts: 23 H(2)  A(7)  G(6)  E(7)  C(1) 
2769078606 14878.00 || noQ Q (Avg,Max,Min) (1.00, 1.00, 1.00) (0.96, 0.24, 1.00) #fs:   1  -- #Conts: 23 H(2)  A(6)  G(6)  E(8)  C(1) 
2769691800 14846.47 || noQ Q (Avg,Max,Min) (1.00, 1.00, 1.00) (0.99, 0.88, 1.00) #fs:   1  -- #Conts: 22 H(1)  A(6)  G(6)  E(8)  C(1) 
2789395245 14837.94 || noQ Q (Avg,Max,Min) (1.00, 1.00, 1.00) (0.96, 0.24, 1.00) #fs:   1  -- #Conts: 22 H(2)  A(7)  G(6)  E(6)  C(1) 
2790008439 14806.41 || noQ Q (Avg,Max,Min) (1.00, 1.00, 1.00) (0.99, 0.88, 1.00) #fs:   1  -- #Conts: 21 H(1)  A(7)  G(6)  E(6)  C(1) 
2848404246 14761.82 || noQ Q (Avg,Max,Min) (1.00, 1.00, 1.00) (0.96, 0.24, 1.00) #fs:   2  -- #Conts: 23 H(1)  A(7)  G(6)  E(8)  C(1) 
2849017443 14746.06 || noQ Q (Avg,Max,Min) (1.00, 1.00, 1.00) (0.99, 0.88, 1.00) #fs:   2  -- #Conts: 22 A(7)  G(6)  E(8)  C(1) 
2850866151 14737.00 || noQ Q (Avg,Max,Min) (1.00, 1.00, 1.00) (0.99, 0.88, 1.00) #fs:   2  -- #Conts: 23 A(7)  G(6)  E(9)  C(1) 
2861264094 14716.53 || noQ Q (Avg,Max,Min) (1.00, 1.00, 1.00) (0.96, 0.24, 1.00) #fs:   1  -- #Conts: 24 H(1)  A(8)  G(5)  E(9)  C(1) 
2861877443 14700.76 || noQ Q (Avg,Max,Min) (1.00, 1.00, 1.00) (0.97, 0.41, 1.00) #fs:   1  -- #Conts: 24 A(8)  G(6)  E(9)  C(1) 
2863725844 14691.71 || noQ Q (Avg,Max,Min) (1.00, 1.00, 1.00) (0.99, 0.88, 1.00) #fs:   1  -- #Conts: 23 A(8)  G(5)  E(9)  C(1) 
2875272997 14679.12 || noQ Q (Avg,Max,Min) (1.00, 1.00, 1.00) (0.97, 0.41, 1.00) #fs:   1  -- #Conts: 23 A(8)  G(5)  E(9)  C(1) 
2877121369 14670.06 || noQ Q (Avg,Max,Min) (1.00, 1.00, 1.00) (0.99, 0.88, 1.00) #fs:   1  -- #Conts: 22 A(8)  G(4)  E(9)  C(1) 
3057204848 14627.12 || noQ Q (Avg,Max,Min) (1.00, 1.00, 1.00) (0.96, 0.24, 1.00) #fs:   1  -- #Conts: 20 H(2)  A(7)  G(3)  E(7)  C(1) 
3057817831 14611.35 || noQ Q (Avg,Max,Min) (1.00, 1.00, 1.00) (0.99, 0.98, 1.00) #fs:   1  -- #Conts: 19 H(1)  A(7)  G(3)  E(7)  C(1) 
3059666753 14602.29 || noQ Q (Avg,Max,Min) (1.00, 1.00, 1.00) (0.99, 0.92, 1.00) #fs:   1  -- #Conts: 20 H(1)  A(7)  G(3)  E(8)  C(1) 
3193845237 14601.12 || noQ Q (Avg,Max,Min) (1.00, 1.00, 1.00) (0.96, 0.24, 1.00) #fs:   1  -- #Conts: 19 H(2)  A(7)  G(2)  E(7)  C(1) 
3194458586 14585.35 || noQ Q (Avg,Max,Min) (1.00, 1.00, 1.00) (0.97, 0.41, 1.00) #fs:   1  -- #Conts: 19 H(1)  A(7)  G(3)  E(7)  C(1) 
3196306987 14569.59 || noQ Q (Avg,Max,Min) (1.00, 1.00, 1.00) (1.00, 0.98, 1.00) #fs:   1  -- #Conts: 18 H(1)  A(7)  G(2)  E(7)  C(1) 
3277366685 14557.00 || noQ Q (Avg,Max,Min) (1.00, 1.00, 1.00) (0.96, 0.41, 1.00) #fs:   1  -- #Conts: 18 H(1)  A(7)  G(2)  E(7)  C(1) 
3279215086 14547.94 || noQ Q (Avg,Max,Min) (1.00, 1.00, 1.00) (1.00, 0.98, 1.00) #fs:   1  -- #Conts: 17 H(1)  A(7)  G(1)  E(7)  C(1) 
3385359085 14540.65 || noQ Q (Avg,Max,Min) (1.00, 1.00, 1.00) (0.96, 0.24, 1.00) #fs:   1  -- #Conts: 21 H(2)  A(7)  E(11)  C(1) 
3385972434 14524.88 || noQ Q (Avg,Max,Min) (1.00, 1.00, 1.00) (0.97, 0.41, 1.00) #fs:   1  -- #Conts: 21 H(1)  A(7)  G(1)  E(11)  C(1) 
3387820760 14515.82 || noQ Q (Avg,Max,Min) (1.00, 1.00, 1.00) (0.99, 0.94, 1.00) #fs:   1  -- #Conts: 20 H(1)  A(7)  E(11)  C(1) 
3396529842 14511.12 || noQ Q (Avg,Max,Min) (1.00, 1.00, 1.00) (0.99, 0.94, 1.00) #fs:   0  -- #Conts: 20 A(8)  E(11)  C(1) 
4334285028 14416.12 || noQ Q (Avg,Max,Min) (1.00, 1.00, 1.00) (0.96, 0.24, 1.00) #fs:   1  -- #Conts: 19 H(3)  A(6)  G(2)  E(7)  C(1) 
4334898377 14400.35 || noQ Q (Avg,Max,Min) (1.00, 1.00, 1.00) (0.97, 0.41, 1.00) #fs:   1  -- #Conts: 19 H(2)  A(6)  G(3)  E(7)  C(1) 
4335078661 14144.06 || noQ Q (Avg,Max,Min) (1.00, 1.00, 1.00) (0.96, 0.24, 1.00) #fs:   1  -- #Conts: 21 H(2)  A(7)  E(11)  C(1) 
4335692010 14128.29 || noQ Q (Avg,Max,Min) (1.00, 1.00, 1.00) (0.97, 0.41, 1.00) #fs:   1  -- #Conts: 21 H(1)  A(7)  G(1)  E(11)  C(1) 
4335880931 13876.18 || noQ Q (Avg,Max,Min) (1.00, 1.00, 1.00) (0.95, 0.24, 1.00) #fs:   2  -- #Conts: 24 H(2)  A(9)  E(12)  C(1) 
4336037415 13742.41 || noQ Q (Avg,Max,Min) (1.00, 1.00, 1.00) (0.95, 0.24, 1.00) #fs:   1  -- #Conts: 24 H(2)  A(11)  E(10)  C(1) 
4336650764 13726.65 || noQ Q (Avg,Max,Min) (1.00, 1.00, 1.00) (0.96, 0.41, 1.00) #fs:   1  -- #Conts: 24 H(1)  A(11)  G(1)  E(10)  C(1) 
4338499320 13717.59 || noQ Q (Avg,Max,Min) (1.00, 1.00, 1.00) (0.98, 0.83, 1.00) #fs:   1  -- #Conts: 24 H(1)  A(11)  E(11)  C(1) 
4340791292 13666.00 || noQ Q (Avg,Max,Min) (1.00, 1.00, 1.00) (0.95, 0.24, 1.00) #fs:   1  -- #Conts: 25 H(2)  A(12)  E(10)  C(1) 
4341404641 13650.24 || noQ Q (Avg,Max,Min) (1.00, 1.00, 1.00) (0.96, 0.41, 1.00) #fs:   1  -- #Conts: 25 H(1)  A(12)  G(1)  E(10)  C(1) 
4343253197 13641.18 || noQ Q (Avg,Max,Min) (1.00, 1.00, 1.00) (0.98, 0.83, 1.00) #fs:   1  -- #Conts: 25 H(1)  A(12)  E(11)  C(1) 
4352791046 13636.47 || noQ Q (Avg,Max,Min) (1.00, 1.00, 1.00) (0.98, 0.83, 1.00) #fs:   0  -- #Conts: 26 A(13)  E(12)  C(1) 
4370837254 13618.29 || noQ Q (Avg,Max,Min) (1.00, 1.00, 1.00) (0.96, 0.24, 1.00) #fs:   0  -- #Conts: 29 H(1)  A(14)  E(13)  C(1) 
4371450603 13602.53 || noQ Q (Avg,Max,Min) (1.00, 1.00, 1.00) (0.96, 0.41, 1.00) #fs:   0  -- #Conts: 29 A(14)  G(1)  E(13)  C(1) 
4373299159 13593.47 || noQ Q (Avg,Max,Min) (1.00, 1.00, 1.00) (0.98, 0.83, 1.00) #fs:   0  -- #Conts: 29 A(14)  E(14)  C(1) 
4388023420 13582.94 || noQ Q (Avg,Max,Min) (1.00, 1.00, 1.00) (0.96, 0.24, 1.00) #fs:   1  -- #Conts: 26 H(2)  A(14)  E(9)  C(1) 
4388161071 13581.88 || noQ Q (Avg,Max,Min) (1.00, 1.00, 1.00) (0.95, 0.24, 1.00) #fs:   1  -- #Conts: 28 H(1)  A(14)  G(1)  E(10)  C(2) 
4388636769 13567.18 || noQ Q (Avg,Max,Min) (1.00, 1.00, 1.00) (0.97, 0.41, 1.00) #fs:   1  -- #Conts: 26 H(1)  A(14)  G(1)  E(9)  C(1) 
4388774420 13566.12 || noQ Q (Avg,Max,Min) (1.00, 1.00, 1.00) (0.96, 0.41, 1.00) #fs:   1  -- #Conts: 28 A(14)  G(2)  E(10)  C(2) 
4390485325 13558.12 || noQ Q (Avg,Max,Min) (1.00, 1.00, 1.00) (0.99, 0.88, 1.00) #fs:   1  -- #Conts: 26 H(1)  A(14)  E(10)  C(1) 
4390622976 13557.06 || noQ Q (Avg,Max,Min) (1.00, 1.00, 1.00) (0.98, 0.85, 1.00) #fs:   1  -- #Conts: 28 A(14)  G(1)  E(11)  C(2) 
/////////////////size: 108
nodes 50 edges 60
 mulT: 5000 mulD: 100  sumData GB 144
pareto /LIGO.n.50.0.dax time -> 1483.0
moheft /LIGO.n.50.0.dax time -> 1206.0
distance from M to C 90.69810753122984
distance from P to C 897.1784314046375
distance from C to M 62.29286948955373
distance from C to P 408.1706608569346
toCompare: /LIGO.n.50.0.dax sumDataGB: 144 mulT: 5000 mulD: 100 paretoOptTime_MS: 1483.0 MoheftOptimizationTime_MS: 1206.0 MtoC 90.69810753122984 PtoC 897.1784314046375 CtoM 62.29286948955373 CtoP 408.1706608569346
