specify -Dflow d,b,mt,md,size
Running /home/vaggelis/jc/SIPHT.n.100.0.dax mt 500 md: 100 size null
  76729119 3026.82 || noQ Q (Avg,Max,Min) (0.97, 1.00, 0.69) (0.92, 0.67, 1.00) #fs:   4  -- #Conts: 10 H(9)  G(1) 
  76730090 2806.12 || noQ Q (Avg,Max,Min) (1.00, 1.00, 0.96) (0.95, 0.88, 1.00) #fs:   3  -- #Conts: 10 H(9)  G(1) 
  80768803 2774.59 || noQ Q (Avg,Max,Min) (1.00, 1.00, 1.00) (0.96, 0.90, 1.00) #fs:   1  -- #Conts: 9 H(8)  G(1) 
  81325868 2743.06 || noQ Q (Avg,Max,Min) (1.00, 1.00, 1.00) (0.97, 0.90, 1.00) #fs:   1  -- #Conts: 9 H(8)  G(1) 
 136645447 2648.47 || noQ Q (Avg,Max,Min) (0.96, 1.00, 0.55) (0.92, 0.55, 1.00) #fs:   2  -- #Conts: 11 G(11) 
 136646146 2380.47 || noQ Q (Avg,Max,Min) (1.00, 1.00, 0.96) (0.96, 0.91, 1.00) #fs:   1  -- #Conts: 11 G(11) 
 159311693 2364.71 || noQ Q (Avg,Max,Min) (1.00, 1.00, 1.00) (0.97, 0.91, 1.00) #fs:   0  -- #Conts: 10 G(10) 
 161956961 2333.18 || noQ Q (Avg,Max,Min) (1.00, 1.00, 1.00) (0.99, 0.96, 1.00) #fs:   1  -- #Conts: 5 G(5) 
 289420561 2296.24 || noQ Q (Avg,Max,Min) (1.00, 1.00, 0.98) (0.93, 0.72, 1.00) #fs:   2  -- #Conts: 11 G(2)  E(9) 
 296492982 2281.41 || noQ Q (Avg,Max,Min) (1.00, 1.00, 0.98) (0.94, 0.72, 1.00) #fs:   2  -- #Conts: 11 G(1)  E(10) 
 298833862 2266.59 || noQ Q (Avg,Max,Min) (1.00, 1.00, 0.98) (0.94, 0.72, 1.00) #fs:   2  -- #Conts: 11 E(11) 
 301117170 2259.88 || noQ Q (Avg,Max,Min) (1.00, 1.00, 0.98) (0.94, 0.72, 1.00) #fs:   2  -- #Conts: 11 E(11) 
/////////////////size: 12
  79293167 2972.76 || noQ Q (Avg,Max,Min) (0.97, 1.00, 0.78) (0.90, 0.66, 1.00) #fs:   3  -- #Conts: 10 H(7)  G(1)  A(2) 
  79293410 2942.24 || noQ Q (Avg,Max,Min) (0.98, 1.00, 0.78) (0.84, 0.19, 1.00) #fs:   2  -- #Conts: 11 H(7)  G(1)  A(3) 
  79297610 2941.24 || noQ Q (Avg,Max,Min) (0.97, 1.00, 0.78) (0.91, 0.66, 1.00) #fs:   2  -- #Conts: 10 H(7)  G(1)  A(2) 
  79340096 2940.24 || noQ Q (Avg,Max,Min) (0.97, 1.00, 0.78) (0.91, 0.70, 1.00) #fs:   2  -- #Conts: 10 H(7)  G(1)  A(2) 
  79383532 2939.24 || noQ Q (Avg,Max,Min) (0.97, 1.00, 0.78) (0.94, 0.78, 1.00) #fs:   2  -- #Conts: 9 H(7)  G(1)  A(1) 
  79475506 2938.24 || noQ Q (Avg,Max,Min) (0.97, 1.00, 0.78) (0.93, 0.78, 1.00) #fs:   2  -- #Conts: 9 H(7)  G(1)  A(1) 
  79528149 2937.24 || noQ Q (Avg,Max,Min) (0.97, 1.00, 0.78) (0.93, 0.78, 1.00) #fs:   2  -- #Conts: 9 H(7)  G(1)  A(1) 
  79696548 2916.47 || noQ Q (Avg,Max,Min) (0.98, 1.00, 0.78) (0.87, 0.28, 1.00) #fs:   1  -- #Conts: 9 H(7)  G(2) 
  79717279 2900.71 || noQ Q (Avg,Max,Min) (0.98, 1.00, 0.78) (0.82, 0.28, 1.00) #fs:   2  -- #Conts: 10 H(7)  G(3) 
  80212911 2790.35 || noQ Q (Avg,Max,Min) (0.99, 1.00, 0.90) (0.95, 0.83, 1.00) #fs:   2  -- #Conts: 9 H(7)  G(2) 
  80214264 2758.82 || noQ Q (Avg,Max,Min) (0.99, 1.00, 0.90) (0.95, 0.83, 1.00) #fs:   1  -- #Conts: 9 H(7)  G(2) 
  84723748 2705.76 || noQ Q (Avg,Max,Min) (1.00, 1.00, 1.00) (0.89, 0.16, 1.00) #fs:   1  -- #Conts: 12 H(7)  G(3)  A(2) 
  84731966 2674.24 || noQ Q (Avg,Max,Min) (1.00, 1.00, 1.00) (0.96, 0.92, 1.00) #fs:   1  -- #Conts: 11 H(6)  G(3)  A(2) 
  85269956 2669.24 || noQ Q (Avg,Max,Min) (1.00, 1.00, 1.00) (0.97, 0.92, 1.00) #fs:   1  -- #Conts: 10 H(6)  G(3)  A(1) 
  85280813 2668.24 || noQ Q (Avg,Max,Min) (1.00, 1.01, 1.00) (0.89, 0.06, 1.00) #fs:   1  -- #Conts: 10 H(6)  G(3)  C(1) 
  85302370 2664.24 || noQ Q (Avg,Max,Min) (1.00, 1.00, 1.00) (0.98, 0.94, 1.00) #fs:   1  -- #Conts: 9 H(6)  G(3) 
  93282735 2658.82 || noQ Q (Avg,Max,Min) (1.00, 1.00, 0.99) (0.97, 0.86, 1.00) #fs:   2  -- #Conts: 9 H(6)  G(2)  E(1) 
 100223693 2628.65 || noQ Q (Avg,Max,Min) (1.00, 1.00, 1.00) (0.94, 0.60, 1.00) #fs:   1  -- #Conts: 11 H(5)  G(4)  A(1)  E(1) 
 100946410 2626.94 || noQ Q (Avg,Max,Min) (1.00, 1.00, 0.98) (0.97, 0.92, 1.00) #fs:   2  -- #Conts: 11 H(5)  G(4)  A(2) 
 101159841 2625.94 || noQ Q (Avg,Max,Min) (1.00, 1.01, 1.00) (0.89, 0.06, 1.00) #fs:   1  -- #Conts: 11 H(5)  G(4)  A(1)  C(1) 
 101215149 2621.94 || noQ Q (Avg,Max,Min) (1.00, 1.00, 1.00) (0.98, 0.92, 1.00) #fs:   1  -- #Conts: 10 H(5)  G(4)  A(1) 
 102114558 2617.94 || noQ Q (Avg,Max,Min) (1.00, 1.00, 1.00) (0.91, 0.27, 1.00) #fs:   1  -- #Conts: 10 H(5)  G(4)  A(1) 
 102169866 2616.94 || noQ Q (Avg,Max,Min) (1.00, 1.00, 1.00) (0.99, 0.94, 1.00) #fs:   1  -- #Conts: 9 H(5)  G(4) 
 103653675 2580.00 || noQ Q (Avg,Max,Min) (1.00, 1.00, 1.00) (0.97, 0.86, 1.00) #fs:   0  -- #Conts: 9 H(5)  G(3)  E(1) 
 106794805 2548.47 || noQ Q (Avg,Max,Min) (0.99, 1.00, 0.90) (0.97, 0.88, 1.00) #fs:   1  -- #Conts: 9 H(4)  G(4)  E(1) 
 111071699 2457.76 || noQ Q (Avg,Max,Min) (1.00, 1.00, 1.00) (0.93, 0.60, 1.00) #fs:   0  -- #Conts: 13 H(3)  G(6)  A(1)  E(3) 
 119142967 2447.00 || noQ Q (Avg,Max,Min) (1.00, 1.05, 1.00) (0.86, 0.01, 1.00) #fs:   0  -- #Conts: 14 H(3)  G(6)  A(2)  E(3) 
 119160092 2415.47 || noQ Q (Avg,Max,Min) (1.00, 1.00, 1.00) (0.93, 0.60, 1.00) #fs:   0  -- #Conts: 13 H(2)  G(6)  A(2)  E(3) 
 120096240 2412.76 || noQ Q (Avg,Max,Min) (1.00, 1.01, 1.00) (0.89, 0.06, 1.00) #fs:   0  -- #Conts: 13 H(2)  G(6)  A(2)  E(2)  C(1) 
 120097273 2409.76 || noQ Q (Avg,Max,Min) (1.00, 1.00, 1.00) (0.90, 0.27, 1.00) #fs:   0  -- #Conts: 13 H(2)  G(6)  A(3)  E(2) 
 120151548 2408.76 || noQ Q (Avg,Max,Min) (1.00, 1.00, 1.00) (0.96, 0.60, 1.00) #fs:   0  -- #Conts: 12 H(2)  G(6)  A(2)  E(2) 
 121050957 2406.06 || noQ Q (Avg,Max,Min) (1.00, 1.01, 1.00) (0.92, 0.13, 1.00) #fs:   0  -- #Conts: 12 H(2)  G(6)  A(2)  E(1)  C(1) 
 121106265 2403.06 || noQ Q (Avg,Max,Min) (1.00, 1.00, 1.00) (0.93, 0.28, 1.00) #fs:   0  -- #Conts: 12 H(2)  G(6)  A(3)  E(1) 
 121164706 2402.06 || noQ Q (Avg,Max,Min) (1.00, 1.00, 1.00) (0.99, 0.92, 1.00) #fs:   0  -- #Conts: 11 H(2)  G(6)  A(2)  E(1) 
 122006707 2399.06 || noQ Q (Avg,Max,Min) (1.00, 1.00, 1.00) (0.88, 0.27, 1.00) #fs:   0  -- #Conts: 12 H(2)  G(6)  A(3)  E(1) 
 122633011 2398.06 || noQ Q (Avg,Max,Min) (0.97, 1.00, 0.65) (0.95, 0.47, 1.00) #fs:   1  -- #Conts: 11 H(2)  G(6)  A(2)  E(1) 
 124176707 2391.06 || noQ Q (Avg,Max,Min) (1.00, 1.00, 0.99) (0.99, 0.97, 1.00) #fs:   1  -- #Conts: 9 H(1)  G(6)  A(1)  E(1) 
 129555600 2378.94 || noQ Q (Avg,Max,Min) (1.00, 1.00, 0.99) (0.92, 0.60, 1.00) #fs:   1  -- #Conts: 12 H(1)  G(7)  A(1)  E(3) 
 130255987 2372.94 || noQ Q (Avg,Max,Min) (1.00, 1.00, 0.99) (0.93, 0.60, 1.00) #fs:   1  -- #Conts: 12 H(1)  G(7)  A(1)  E(3) 
 130546889 2372.24 || noQ Q (Avg,Max,Min) (1.00, 1.00, 0.99) (0.95, 0.64, 1.00) #fs:   1  -- #Conts: 11 H(1)  G(7)  A(1)  E(2) 
 131190521 2370.24 || noQ Q (Avg,Max,Min) (1.00, 1.01, 0.99) (0.88, 0.06, 1.00) #fs:   1  -- #Conts: 12 H(1)  G(7)  A(1)  E(2)  C(1) 
 131245829 2367.24 || noQ Q (Avg,Max,Min) (1.00, 1.00, 0.99) (0.90, 0.28, 1.00) #fs:   1  -- #Conts: 12 H(1)  G(7)  A(2)  E(2) 
 131247276 2366.24 || noQ Q (Avg,Max,Min) (1.00, 1.00, 0.99) (0.96, 0.64, 1.00) #fs:   1  -- #Conts: 11 H(1)  G(7)  A(1)  E(2) 
 131558600 2365.53 || noQ Q (Avg,Max,Min) (1.00, 1.00, 0.99) (0.98, 0.95, 1.00) #fs:   1  -- #Conts: 10 H(1)  G(7)  A(1)  E(1) 
 132145238 2361.53 || noQ Q (Avg,Max,Min) (1.00, 1.00, 0.99) (0.87, 0.27, 1.00) #fs:   1  -- #Conts: 12 H(1)  G(7)  A(3)  E(1) 
 132200546 2360.53 || noQ Q (Avg,Max,Min) (1.00, 1.00, 0.99) (0.93, 0.28, 1.00) #fs:   1  -- #Conts: 11 H(1)  G(7)  A(2)  E(1) 
 132258987 2359.53 || noQ Q (Avg,Max,Min) (1.00, 1.00, 0.99) (0.99, 0.95, 1.00) #fs:   1  -- #Conts: 10 H(1)  G(7)  A(1)  E(1) 
 141408385 2338.76 || noQ Q (Avg,Max,Min) (1.00, 1.00, 1.00) (0.98, 0.94, 1.00) #fs:   0  -- #Conts: 8 G(6)  A(1)  E(1) 
 158902486 2332.06 || noQ Q (Avg,Max,Min) (1.00, 1.00, 1.00) (0.99, 0.94, 1.00) #fs:   0  -- #Conts: 10 G(7)  A(1)  E(2) 
 165954595 2331.29 || noQ Q (Avg,Max,Min) (1.00, 1.00, 1.00) (0.98, 0.93, 1.00) #fs:   0  -- #Conts: 10 G(6)  A(2)  E(2) 
 167406965 2329.00 || noQ Q (Avg,Max,Min) (1.00, 1.00, 1.00) (0.98, 0.94, 1.00) #fs:   0  -- #Conts: 9 G(6)  A(2)  E(1) 
 167573604 2328.00 || noQ Q (Avg,Max,Min) (1.00, 1.00, 1.00) (0.99, 0.94, 1.00) #fs:   0  -- #Conts: 9 G(6)  A(2)  E(1) 
 168106048 2327.29 || noQ Q (Avg,Max,Min) (1.00, 1.00, 1.00) (0.91, 0.28, 1.00) #fs:   0  -- #Conts: 10 G(6)  A(2)  E(2) 
 168237850 2326.29 || noQ Q (Avg,Max,Min) (1.00, 1.00, 1.00) (0.99, 0.93, 1.00) #fs:   0  -- #Conts: 9 G(6)  A(1)  E(2) 
 168343113 2326.00 || noQ Q (Avg,Max,Min) (1.00, 1.00, 1.00) (0.83, 0.27, 1.00) #fs:   0  -- #Conts: 11 G(6)  A(4)  E(1) 
 168398421 2325.00 || noQ Q (Avg,Max,Min) (1.00, 1.00, 1.00) (0.88, 0.28, 1.00) #fs:   0  -- #Conts: 10 G(6)  A(3)  E(1) 
 168456862 2324.00 || noQ Q (Avg,Max,Min) (1.00, 1.00, 1.00) (0.95, 0.62, 1.00) #fs:   0  -- #Conts: 9 G(6)  A(2)  E(1) 
 168586762 2323.00 || noQ Q (Avg,Max,Min) (1.00, 1.00, 1.00) (0.99, 0.94, 1.00) #fs:   0  -- #Conts: 8 G(6)  A(1)  E(1) 
 171779338 2322.29 || noQ Q (Avg,Max,Min) (1.00, 1.01, 1.00) (0.91, 0.06, 1.00) #fs:   0  -- #Conts: 11 G(6)  A(2)  E(2)  C(1) 
 171780299 2319.29 || noQ Q (Avg,Max,Min) (1.00, 1.00, 1.00) (0.93, 0.27, 1.00) #fs:   0  -- #Conts: 11 G(6)  A(3)  E(2) 
 171834646 2318.29 || noQ Q (Avg,Max,Min) (1.00, 1.00, 1.00) (1.00, 0.99, 1.00) #fs:   0  -- #Conts: 10 G(6)  A(2)  E(2) 
 172101389 2317.29 || noQ Q (Avg,Max,Min) (1.00, 1.00, 1.00) (0.97, 0.70, 1.00) #fs:   0  -- #Conts: 10 G(6)  A(2)  E(2) 
 172305353 2316.29 || noQ Q (Avg,Max,Min) (1.00, 1.00, 1.00) (1.00, 1.00, 1.00) #fs:   0  -- #Conts: 9 G(6)  A(1)  E(2) 
 183337840 2305.76 || noQ Q (Avg,Max,Min) (1.00, 1.00, 1.00) (0.97, 0.62, 1.00) #fs:   0  -- #Conts: 12 G(6)  A(2)  E(4) 
 183436767 2304.76 || noQ Q (Avg,Max,Min) (1.00, 1.00, 1.00) (1.00, 0.97, 1.00) #fs:   0  -- #Conts: 11 G(6)  A(1)  E(4) 
 214547056 2304.53 || noQ Q (Avg,Max,Min) (1.00, 1.00, 1.00) (1.00, 0.99, 1.00) #fs:   0  -- #Conts: 10 G(5)  A(2)  E(3) 
 214758544 2303.53 || noQ Q (Avg,Max,Min) (1.00, 1.00, 1.00) (1.00, 0.99, 1.00) #fs:   0  -- #Conts: 10 G(5)  A(2)  E(3) 
 214981894 2302.53 || noQ Q (Avg,Max,Min) (1.00, 1.00, 1.00) (1.00, 0.99, 1.00) #fs:   0  -- #Conts: 10 G(5)  A(2)  E(3) 
 215176890 2301.53 || noQ Q (Avg,Max,Min) (1.00, 1.00, 1.00) (1.00, 0.99, 1.00) #fs:   0  -- #Conts: 10 G(5)  A(2)  E(3) 
 215373621 2300.53 || noQ Q (Avg,Max,Min) (1.00, 1.00, 1.00) (1.00, 1.00, 1.00) #fs:   0  -- #Conts: 10 G(5)  A(2)  E(3) 
 228022673 2285.88 || noQ Q (Avg,Max,Min) (1.00, 1.00, 1.00) (0.99, 0.97, 1.00) #fs:   1  -- #Conts: 10 G(4)  A(1)  E(5) 
 228117188 2284.88 || noQ Q (Avg,Max,Min) (1.00, 1.00, 1.00) (1.00, 0.97, 1.00) #fs:   0  -- #Conts: 10 G(4)  A(1)  E(5) 
 228271874 2283.88 || noQ Q (Avg,Max,Min) (1.00, 1.00, 1.00) (1.00, 0.97, 1.00) #fs:   0  -- #Conts: 10 G(4)  A(1)  E(5) 
 228408244 2282.88 || noQ Q (Avg,Max,Min) (1.00, 1.00, 1.00) (1.00, 0.98, 1.00) #fs:   0  -- #Conts: 10 G(4)  A(1)  E(5) 
 236194098 2271.35 || noQ Q (Avg,Max,Min) (1.00, 1.00, 0.95) (0.94, 0.46, 1.00) #fs:   1  -- #Conts: 11 A(2)  G(3)  E(6) 
 236289570 2270.35 || noQ Q (Avg,Max,Min) (1.00, 1.00, 1.00) (0.99, 0.95, 1.00) #fs:   0  -- #Conts: 10 A(1)  G(3)  E(6) 
 237372270 2265.35 || noQ Q (Avg,Max,Min) (1.00, 1.00, 1.00) (1.00, 0.95, 1.00) #fs:   0  -- #Conts: 10 A(1)  G(3)  E(6) 
 265190599 2264.59 || noQ Q (Avg,Max,Min) (1.00, 1.00, 1.00) (0.98, 0.92, 1.00) #fs:   0  -- #Conts: 12 A(4)  G(2)  E(6) 
 265450220 2263.59 || noQ Q (Avg,Max,Min) (1.00, 1.00, 1.00) (0.93, 0.27, 1.00) #fs:   0  -- #Conts: 12 A(4)  G(2)  E(6) 
 265504495 2262.59 || noQ Q (Avg,Max,Min) (1.00, 1.00, 1.00) (0.99, 0.92, 1.00) #fs:   0  -- #Conts: 11 A(3)  G(2)  E(6) 
 265692836 2261.59 || noQ Q (Avg,Max,Min) (1.00, 1.00, 1.00) (0.99, 0.92, 1.00) #fs:   0  -- #Conts: 11 A(3)  G(2)  E(6) 
 265975202 2260.59 || noQ Q (Avg,Max,Min) (1.00, 1.00, 1.00) (0.98, 0.90, 1.00) #fs:   0  -- #Conts: 11 A(3)  G(2)  E(6) 
 266145316 2259.59 || noQ Q (Avg,Max,Min) (1.00, 1.00, 1.00) (0.98, 0.92, 1.00) #fs:   0  -- #Conts: 11 A(3)  G(2)  E(6) 
 267062362 2258.59 || noQ Q (Avg,Max,Min) (1.00, 1.00, 0.99) (0.99, 0.90, 1.00) #fs:   1  -- #Conts: 10 A(2)  G(2)  E(6) 
 276292280 2256.41 || noQ Q (Avg,Max,Min) (1.00, 1.00, 1.00) (0.96, 0.56, 1.00) #fs:   0  -- #Conts: 11 A(4)  G(1)  E(6) 
 276406029 2255.41 || noQ Q (Avg,Max,Min) (1.00, 1.00, 1.00) (1.00, 0.99, 1.00) #fs:   0  -- #Conts: 10 A(3)  G(1)  E(6) 
 276579563 2254.41 || noQ Q (Avg,Max,Min) (1.00, 1.00, 1.00) (1.00, 0.99, 1.00) #fs:   0  -- #Conts: 10 A(3)  G(1)  E(6) 
 276795100 2253.41 || noQ Q (Avg,Max,Min) (1.00, 1.00, 1.00) (1.00, 0.99, 1.00) #fs:   0  -- #Conts: 10 A(3)  G(1)  E(6) 
 277005429 2252.41 || noQ Q (Avg,Max,Min) (1.00, 1.00, 1.00) (1.00, 0.99, 1.00) #fs:   0  -- #Conts: 10 A(3)  G(1)  E(6) 
 278419292 2252.35 || noQ Q (Avg,Max,Min) (1.00, 1.00, 1.00) (0.99, 0.96, 1.00) #fs:   1  -- #Conts: 10 A(3)  G(1)  E(6) 
 278679517 2251.35 || noQ Q (Avg,Max,Min) (1.00, 1.00, 1.00) (1.00, 0.99, 1.00) #fs:   1  -- #Conts: 10 A(3)  G(1)  E(6) 
 279157790 2250.35 || noQ Q (Avg,Max,Min) (1.00, 1.00, 1.00) (1.00, 0.99, 1.00) #fs:   1  -- #Conts: 10 A(3)  G(1)  E(6) 
 279626274 2249.35 || noQ Q (Avg,Max,Min) (1.00, 1.00, 1.00) (1.00, 0.99, 1.00) #fs:   1  -- #Conts: 10 A(3)  G(1)  E(6) 
 280087579 2248.35 || noQ Q (Avg,Max,Min) (1.00, 1.00, 1.00) (1.00, 0.99, 1.00) #fs:   1  -- #Conts: 10 A(3)  G(1)  E(6) 
 280580205 2247.35 || noQ Q (Avg,Max,Min) (1.00, 1.00, 1.00) (1.00, 0.99, 1.00) #fs:   1  -- #Conts: 10 A(3)  G(1)  E(6) 
 305500413 2235.24 || noQ Q (Avg,Max,Min) (1.00, 1.00, 1.00) (0.93, 0.56, 1.00) #fs:   0  -- #Conts: 11 A(2)  E(9) 
 305759069 2234.24 || noQ Q (Avg,Max,Min) (1.00, 1.00, 1.00) (0.97, 0.67, 1.00) #fs:   0  -- #Conts: 10 A(1)  E(9) 
 313979212 2233.53 || noQ Q (Avg,Max,Min) (1.00, 1.00, 1.00) (0.94, 0.48, 1.00) #fs:   0  -- #Conts: 11 A(3)  E(8) 
/////////////////size: 98
nodes 97 edges 109
 mulT: 500 mulD: 100  sumData GB 220
pareto /SIPHT.n.100.0.dax time -> 6846.0
moheft /SIPHT.n.100.0.dax time -> 2262.0
distance from M to C 0.40816326530612823
distance from P to C 13.88786653884668
distance from C to M 0.6577190165906653
distance from C to P 14.61158137800448
toCompare: /SIPHT.n.100.0.dax sumDataGB: 220 mulT: 500 mulD: 100 paretoOptTime_MS: 6846.0 MoheftOptimizationTime_MS: 2262.0 MtoC 0.40816326530612823 PtoC 13.88786653884668 CtoM 0.6577190165906653 CtoP 14.61158137800448
