specify -Dflow d,b,mt,md,size
Running /home/vaggelis/jc/MONTAGE.n.50.0.dax mt 10000 md: 1000 size null
  19099351 2017.88 || noQ Q (Avg,Max,Min) (0.97, 1.02, 0.75) (0.85, 0.51, 1.02) #fs:  15  -- #Conts: 28 H(28) 
  19110812 1954.82 || noQ Q (Avg,Max,Min) (0.97, 1.02, 0.75) (0.88, 0.51, 1.02) #fs:  15  -- #Conts: 28 H(28) 
  19125037 1923.29 || noQ Q (Avg,Max,Min) (0.96, 1.02, 0.75) (0.89, 0.67, 1.02) #fs:  15  -- #Conts: 28 H(28) 
  22734171 1860.24 || noQ Q (Avg,Max,Min) (0.99, 1.04, 0.86) (0.94, 0.73, 1.04) #fs:  13  -- #Conts: 24 H(24) 
  26128966 1828.71 || noQ Q (Avg,Max,Min) (1.00, 1.06, 0.86) (0.94, 0.73, 1.04) #fs:  11  -- #Conts: 24 H(24) 
  26256040 1765.65 || noQ Q (Avg,Max,Min) (1.01, 1.04, 0.86) (0.95, 0.73, 1.04) #fs:  10  -- #Conts: 24 H(24) 
  27244970 1734.12 || noQ Q (Avg,Max,Min) (1.01, 1.17, 0.82) (0.95, 0.53, 1.04) #fs:   7  -- #Conts: 24 H(24) 
  30718715 1702.59 || noQ Q (Avg,Max,Min) (1.01, 1.13, 0.82) (0.97, 0.81, 1.04) #fs:   7  -- #Conts: 22 H(22) 
  30845587 1639.53 || noQ Q (Avg,Max,Min) (1.01, 1.04, 0.82) (0.99, 0.82, 1.04) #fs:   5  -- #Conts: 22 H(22) 
  32503865 1481.88 || noQ Q (Avg,Max,Min) (1.00, 1.03, 0.82) (0.89, 0.81, 0.99) #fs:  10  -- #Conts: 33 G(33) 
  32521100 1450.35 || noQ Q (Avg,Max,Min) (1.01, 1.10, 0.82) (0.90, 0.82, 1.05) #fs:   9  -- #Conts: 34 G(34) 
  32582946 1434.59 || noQ Q (Avg,Max,Min) (1.01, 1.10, 0.99) (0.90, 0.86, 1.05) #fs:   8  -- #Conts: 35 G(35) 
  72903351 1327.76 || noQ Q (Avg,Max,Min) (1.00, 1.01, 0.82) (0.96, 0.80, 0.98) #fs:   8  -- #Conts: 33 E(33) 
  72942376 1307.65 || noQ Q (Avg,Max,Min) (1.00, 1.05, 0.82) (0.97, 0.80, 0.99) #fs:   7  -- #Conts: 34 E(34) 
  72982432 1287.53 || noQ Q (Avg,Max,Min) (1.01, 1.04, 0.99) (0.97, 0.96, 1.00) #fs:   6  -- #Conts: 35 E(35) 
/////////////////size: 15
  22310992 1797.18 || noQ Q (Avg,Max,Min) (0.98, 1.10, 0.68) (0.87, 0.67, 1.08) #fs:  10  -- #Conts: 33 H(15)  G(18) 
  24887693 1781.41 || noQ Q (Avg,Max,Min) (0.98, 1.03, 0.68) (0.86, 0.66, 1.02) #fs:  10  -- #Conts: 34 H(12)  G(22) 
  24911460 1765.65 || noQ Q (Avg,Max,Min) (0.99, 1.03, 0.68) (0.86, 0.67, 1.02) #fs:   9  -- #Conts: 35 H(12)  G(23) 
  24922631 1734.12 || noQ Q (Avg,Max,Min) (1.00, 1.03, 0.68) (0.87, 0.68, 1.02) #fs:   8  -- #Conts: 36 H(12)  G(24) 
  25003415 1702.59 || noQ Q (Avg,Max,Min) (1.02, 1.32, 0.83) (0.87, 0.73, 1.02) #fs:   6  -- #Conts: 38 H(13)  G(25) 
  25055640 1639.53 || noQ Q (Avg,Max,Min) (1.00, 1.04, 0.60) (0.87, 0.52, 1.04) #fs:   8  -- #Conts: 34 H(8)  G(26) 
  25056677 1608.00 || noQ Q (Avg,Max,Min) (1.01, 1.05, 0.82) (0.87, 0.52, 1.04) #fs:  10  -- #Conts: 35 H(8)  G(27) 
  25622038 1592.24 || noQ Q (Avg,Max,Min) (1.02, 1.05, 0.99) (0.87, 0.52, 1.04) #fs:  10  -- #Conts: 36 H(8)  G(28) 
  27584356 1544.94 || noQ Q (Avg,Max,Min) (1.00, 1.04, 0.81) (0.88, 0.53, 1.00) #fs:   9  -- #Conts: 35 H(3)  G(32) 
  27595527 1513.41 || noQ Q (Avg,Max,Min) (1.00, 1.03, 0.81) (0.89, 0.70, 1.00) #fs:   9  -- #Conts: 35 H(2)  G(33) 
  28185026 1497.65 || noQ Q (Avg,Max,Min) (1.02, 1.37, 0.81) (0.90, 0.70, 1.31) #fs:   8  -- #Conts: 36 H(2)  G(34) 
  28750387 1481.88 || noQ Q (Avg,Max,Min) (1.02, 1.37, 0.93) (0.90, 0.78, 1.31) #fs:   9  -- #Conts: 36 H(2)  G(34) 
  29538450 1466.12 || noQ Q (Avg,Max,Min) (1.02, 1.32, 0.99) (0.89, 0.78, 1.00) #fs:   8  -- #Conts: 36 H(1)  G(35) 
  33319375 1450.35 || noQ Q (Avg,Max,Min) (1.04, 1.54, 0.99) (0.91, 0.85, 1.22) #fs:   8  -- #Conts: 37 H(1)  G(36) 
  34359465 1441.29 || noQ Q (Avg,Max,Min) (1.02, 1.21, 0.99) (0.90, 0.85, 1.00) #fs:   8  -- #Conts: 37 G(36)  E(1) 
  35223635 1416.00 || noQ Q (Avg,Max,Min) (1.01, 1.03, 0.89) (0.93, 0.86, 1.00) #fs:   8  -- #Conts: 36 H(2)  G(20)  E(14) 
  35236298 1411.29 || noQ Q (Avg,Max,Min) (1.01, 1.03, 0.89) (0.94, 0.86, 1.00) #fs:   8  -- #Conts: 33 H(2)  G(16)  E(15) 
  35236783 1406.59 || noQ Q (Avg,Max,Min) (1.01, 1.03, 0.89) (0.94, 0.86, 1.00) #fs:   8  -- #Conts: 33 H(2)  G(15)  E(16) 
  35249766 1401.88 || noQ Q (Avg,Max,Min) (1.01, 1.03, 0.89) (0.94, 0.86, 1.00) #fs:   8  -- #Conts: 34 H(2)  G(15)  E(17) 
  35263567 1392.47 || noQ Q (Avg,Max,Min) (1.00, 1.03, 0.89) (0.95, 0.86, 1.00) #fs:   8  -- #Conts: 36 H(2)  G(15)  E(19) 
  35264258 1387.76 || noQ Q (Avg,Max,Min) (1.00, 1.03, 0.89) (0.95, 0.86, 1.00) #fs:   8  -- #Conts: 36 H(2)  G(14)  E(20) 
  35839265 1386.12 || noQ Q (Avg,Max,Min) (1.02, 1.37, 0.99) (0.95, 0.74, 1.31) #fs:   7  -- #Conts: 35 H(2)  G(16)  E(17) 
  35853066 1376.71 || noQ Q (Avg,Max,Min) (1.02, 1.37, 0.99) (0.95, 0.74, 1.31) #fs:   7  -- #Conts: 37 H(2)  G(16)  E(19) 
  35853757 1372.00 || noQ Q (Avg,Max,Min) (1.02, 1.37, 0.99) (0.96, 0.74, 1.31) #fs:   7  -- #Conts: 37 H(2)  G(15)  E(20) 
  38299838 1370.35 || noQ Q (Avg,Max,Min) (1.01, 1.10, 0.99) (0.95, 0.86, 1.05) #fs:   7  -- #Conts: 34 H(1)  G(16)  E(17) 
  38313639 1360.94 || noQ Q (Avg,Max,Min) (1.01, 1.10, 0.99) (0.95, 0.86, 1.05) #fs:   7  -- #Conts: 36 H(1)  G(16)  E(19) 
  38314330 1356.24 || noQ Q (Avg,Max,Min) (1.01, 1.10, 0.99) (0.95, 0.86, 1.05) #fs:   7  -- #Conts: 36 H(1)  G(15)  E(20) 
  43629236 1353.88 || noQ Q (Avg,Max,Min) (1.01, 1.21, 0.99) (0.95, 0.86, 1.00) #fs:   8  -- #Conts: 38 G(17)  E(21) 
  46503980 1350.47 || noQ Q (Avg,Max,Min) (1.01, 1.32, 0.99) (0.96, 0.78, 1.00) #fs:   8  -- #Conts: 37 H(1)  G(10)  E(26) 
  46686453 1345.76 || noQ Q (Avg,Max,Min) (1.01, 1.32, 0.99) (0.96, 0.78, 1.00) #fs:   8  -- #Conts: 37 H(1)  G(9)  E(27) 
  46725421 1341.06 || noQ Q (Avg,Max,Min) (1.01, 1.32, 0.99) (0.96, 0.78, 1.00) #fs:   8  -- #Conts: 38 H(1)  G(9)  E(28) 
  50284905 1334.71 || noQ Q (Avg,Max,Min) (1.03, 1.54, 0.99) (0.97, 0.88, 1.22) #fs:   8  -- #Conts: 38 H(1)  G(11)  E(26) 
  50467378 1330.00 || noQ Q (Avg,Max,Min) (1.03, 1.54, 0.99) (0.98, 0.88, 1.22) #fs:   8  -- #Conts: 38 H(1)  G(10)  E(27) 
  50506346 1325.29 || noQ Q (Avg,Max,Min) (1.03, 1.54, 0.99) (0.98, 0.85, 1.22) #fs:   8  -- #Conts: 39 H(1)  G(10)  E(28) 
  51428085 1320.94 || noQ Q (Avg,Max,Min) (1.01, 1.21, 0.99) (0.97, 0.88, 1.00) #fs:   8  -- #Conts: 37 G(10)  E(27) 
  51507468 1316.24 || noQ Q (Avg,Max,Min) (1.01, 1.21, 0.99) (0.97, 0.85, 1.00) #fs:   9  -- #Conts: 38 G(10)  E(28) 
  57509685 1313.88 || noQ Q (Avg,Max,Min) (1.02, 1.41, 0.99) (0.97, 0.85, 1.22) #fs:   9  -- #Conts: 38 G(10)  E(28) 
  58923428 1311.53 || noQ Q (Avg,Max,Min) (1.01, 1.04, 0.99) (0.97, 0.85, 1.00) #fs:   9  -- #Conts: 37 G(9)  E(28) 
  61459739 1310.12 || noQ Q (Avg,Max,Min) (1.01, 1.21, 0.99) (0.97, 0.88, 1.00) #fs:   2  -- #Conts: 35 G(4)  E(31) 
  61539122 1305.41 || noQ Q (Avg,Max,Min) (1.01, 1.21, 0.99) (0.97, 0.85, 1.00) #fs:   3  -- #Conts: 36 G(4)  E(32) 
  67541339 1303.06 || noQ Q (Avg,Max,Min) (1.02, 1.41, 0.99) (0.97, 0.85, 1.22) #fs:   3  -- #Conts: 36 G(4)  E(32) 
  68955082 1300.71 || noQ Q (Avg,Max,Min) (1.01, 1.04, 0.99) (0.97, 0.85, 1.00) #fs:   3  -- #Conts: 35 G(3)  E(32) 
  72771811 1298.35 || noQ Q (Avg,Max,Min) (1.01, 1.05, 0.99) (0.97, 0.95, 1.00) #fs:   3  -- #Conts: 33 G(2)  E(31) 
  79547938 1297.06 || noQ Q (Avg,Max,Min) (1.01, 1.21, 1.00) (0.97, 0.85, 1.00) #fs:   1  -- #Conts: 37 G(2)  E(34)  C(1) 
  82200144 1294.82 || noQ Q (Avg,Max,Min) (1.01, 1.04, 1.00) (0.97, 0.85, 1.00) #fs:   5  -- #Conts: 38 G(1)  E(35)  C(2) 
  85550155 1294.71 || noQ Q (Avg,Max,Min) (1.02, 1.41, 1.00) (0.97, 0.85, 1.22) #fs:   1  -- #Conts: 37 G(2)  E(34)  C(1) 
  86056939 1292.47 || noQ Q (Avg,Max,Min) (1.01, 1.03, 1.00) (0.97, 0.95, 1.00) #fs:   5  -- #Conts: 36 E(34)  C(2) 
  86963898 1292.35 || noQ Q (Avg,Max,Min) (1.01, 1.04, 1.00) (0.97, 0.85, 1.00) #fs:   1  -- #Conts: 36 G(1)  E(34)  C(1) 
  90820693 1290.00 || noQ Q (Avg,Max,Min) (1.01, 1.02, 1.00) (0.97, 0.95, 1.00) #fs:   1  -- #Conts: 34 E(33)  C(1) 
 104960394 1289.88 || noQ Q (Avg,Max,Min) (1.01, 1.04, 1.00) (0.97, 0.85, 1.00) #fs:   1  -- #Conts: 30 G(1)  E(29) 
 108817189 1287.53 || noQ Q (Avg,Max,Min) (1.01, 1.03, 1.00) (0.97, 0.95, 1.00) #fs:   1  -- #Conts: 28 E(28) 
/////////////////size: 51
nodes 50 edges 108
 mulT: 10000 mulD: 1000  sumData GB 937
pareto /MONTAGE.n.50.0.dax time -> 1770.0
moheft /MONTAGE.n.50.0.dax time -> 1612.0
distance from M to C 0.5097053679886049
distance from P to C 7.999913109609957
distance from C to M 8.234179099475458
distance from C to P 19.939932461680982
toCompare: /MONTAGE.n.50.0.dax sumDataGB: 937 mulT: 10000 mulD: 1000 paretoOptTime_MS: 1770.0 MoheftOptimizationTime_MS: 1612.0 MtoC 0.5097053679886049 PtoC 7.999913109609957 CtoM 8.234179099475458 CtoP 19.939932461680982
