specify -Dflow d,b,mt,md,size
Running /home/vaggelis/jc/SIPHT.n.100.0.dax mt 1000 md: 1 size null
 153394203 5517.65 || noQ Q (Avg,Max,Min) (1.00, 1.00, 0.99) (0.93, 0.72, 1.00) #fs:   2  -- #Conts: 9 H(9) 
 239764329 4855.53 || noQ Q (Avg,Max,Min) (1.00, 1.00, 1.00) (0.94, 0.64, 1.00) #fs:   0  -- #Conts: 11 H(2)  G(9) 
 262892360 4776.71 || noQ Q (Avg,Max,Min) (1.00, 1.00, 1.00) (0.95, 0.64, 1.00) #fs:   0  -- #Conts: 11 H(1)  G(10) 
 273216084 4694.12 || noQ Q (Avg,Max,Min) (1.00, 1.00, 1.00) (0.97, 0.83, 1.00) #fs:   0  -- #Conts: 11 G(10)  C(1) 
 275125518 4678.35 || noQ Q (Avg,Max,Min) (1.00, 1.00, 1.00) (0.97, 0.83, 1.00) #fs:   0  -- #Conts: 11 G(10)  C(1) 
 606151153 4466.00 || noQ Q (Avg,Max,Min) (1.00, 1.00, 1.00) (0.99, 0.95, 1.00) #fs:   1  -- #Conts: 11 E(10)  C(1) 
/////////////////size: 6
 154530717 5639.12 || noQ Q (Avg,Max,Min) (0.98, 1.00, 0.81) (0.93, 0.62, 1.00) #fs:   2  -- #Conts: 9 H(5)  G(1)  A(1)  E(1)  C(1) 
 154536777 5634.71 || noQ Q (Avg,Max,Min) (0.98, 1.00, 0.81) (0.98, 0.81, 1.00) #fs:   2  -- #Conts: 9 H(5)  G(1)  A(2)  C(1) 
 154593744 5633.71 || noQ Q (Avg,Max,Min) (0.98, 1.00, 0.81) (0.98, 0.81, 1.00) #fs:   2  -- #Conts: 9 H(5)  G(1)  A(2)  C(1) 
 154651905 5632.71 || noQ Q (Avg,Max,Min) (0.98, 1.00, 0.81) (0.98, 0.81, 1.00) #fs:   2  -- #Conts: 9 H(5)  G(1)  A(2)  C(1) 
 154715287 5631.71 || noQ Q (Avg,Max,Min) (0.98, 1.00, 0.81) (0.98, 0.81, 1.00) #fs:   2  -- #Conts: 9 H(5)  G(1)  A(2)  C(1) 
 154776823 5630.71 || noQ Q (Avg,Max,Min) (0.98, 1.00, 0.81) (0.98, 0.81, 1.00) #fs:   2  -- #Conts: 9 H(5)  G(1)  A(2)  C(1) 
 156712665 5403.00 || noQ Q (Avg,Max,Min) (1.00, 1.00, 0.99) (0.82, 0.02, 1.00) #fs:   1  -- #Conts: 14 H(6)  G(1)  A(5)  C(2) 
 156779176 5399.00 || noQ Q (Avg,Max,Min) (1.00, 1.00, 0.99) (0.87, 0.02, 1.00) #fs:   1  -- #Conts: 13 H(6)  G(1)  A(5)  C(1) 
 156783546 5398.00 || noQ Q (Avg,Max,Min) (1.00, 1.00, 0.99) (0.94, 0.37, 1.00) #fs:   1  -- #Conts: 12 H(6)  G(1)  A(4)  C(1) 
 156828449 5397.00 || noQ Q (Avg,Max,Min) (1.00, 1.00, 0.99) (1.00, 0.99, 1.00) #fs:   1  -- #Conts: 11 H(6)  G(1)  A(3)  C(1) 
 156937846 5396.00 || noQ Q (Avg,Max,Min) (1.00, 1.00, 0.99) (1.00, 0.99, 1.00) #fs:   1  -- #Conts: 11 H(6)  G(1)  A(3)  C(1) 
 157056011 5395.00 || noQ Q (Avg,Max,Min) (1.00, 1.00, 0.99) (1.00, 0.99, 1.00) #fs:   1  -- #Conts: 11 H(6)  G(1)  A(3)  C(1) 
 157175864 5394.00 || noQ Q (Avg,Max,Min) (1.00, 1.00, 0.99) (1.00, 0.99, 1.00) #fs:   1  -- #Conts: 11 H(6)  G(1)  A(3)  C(1) 
 157312261 5393.00 || noQ Q (Avg,Max,Min) (1.00, 1.00, 0.99) (1.00, 0.99, 1.00) #fs:   1  -- #Conts: 10 H(6)  G(1)  A(2)  C(1) 
 157418948 5392.00 || noQ Q (Avg,Max,Min) (1.00, 1.00, 0.99) (1.00, 0.99, 1.00) #fs:   1  -- #Conts: 10 H(6)  G(1)  A(2)  C(1) 
 171412629 5239.12 || noQ Q (Avg,Max,Min) (1.00, 1.00, 1.00) (0.92, 0.53, 1.00) #fs:   0  -- #Conts: 12 H(6)  G(5)  A(1) 
 172628317 5234.41 || noQ Q (Avg,Max,Min) (1.00, 1.00, 1.00) (0.93, 0.62, 1.00) #fs:   0  -- #Conts: 12 H(6)  G(3)  A(1)  E(2) 
 175950248 5231.59 || noQ Q (Avg,Max,Min) (1.00, 1.00, 1.00) (0.95, 0.72, 1.00) #fs:   0  -- #Conts: 12 H(6)  G(3)  A(1)  C(2) 
 176851181 5228.71 || noQ Q (Avg,Max,Min) (1.00, 1.00, 1.00) (0.94, 0.55, 1.00) #fs:   0  -- #Conts: 12 H(6)  G(3)  A(2)  E(1) 
 177108243 5227.71 || noQ Q (Avg,Max,Min) (1.00, 1.00, 1.00) (0.98, 0.84, 1.00) #fs:   0  -- #Conts: 11 H(6)  G(3)  A(1)  E(1) 
 183691309 5227.59 || noQ Q (Avg,Max,Min) (1.00, 1.00, 1.00) (0.98, 0.87, 1.00) #fs:   0  -- #Conts: 11 H(6)  G(3)  A(1)  C(1) 
 186438038 5201.53 || noQ Q (Avg,Max,Min) (1.00, 1.00, 1.00) (0.99, 0.97, 1.00) #fs:   0  -- #Conts: 10 H(6)  G(2)  A(1)  E(1) 
 200251126 5197.76 || noQ Q (Avg,Max,Min) (1.00, 1.00, 1.00) (0.89, 0.02, 1.00) #fs:   0  -- #Conts: 13 H(7)  G(3)  A(1)  E(1)  C(1) 
 200298601 5166.24 || noQ Q (Avg,Max,Min) (1.00, 1.00, 1.00) (0.97, 0.73, 1.00) #fs:   0  -- #Conts: 12 H(6)  G(3)  A(1)  E(1)  C(1) 
 201457866 5163.53 || noQ Q (Avg,Max,Min) (1.00, 1.00, 1.00) (0.92, 0.01, 1.00) #fs:   0  -- #Conts: 14 H(7)  G(5)  A(2) 
 201489917 5132.00 || noQ Q (Avg,Max,Min) (1.00, 1.00, 1.00) (0.99, 0.96, 1.00) #fs:   0  -- #Conts: 13 H(6)  G(5)  A(2) 
 203399351 5123.00 || noQ Q (Avg,Max,Min) (1.00, 1.00, 1.00) (0.99, 0.92, 1.00) #fs:   0  -- #Conts: 13 H(6)  G(5)  A(2) 
 208606657 5092.65 || noQ Q (Avg,Max,Min) (1.00, 1.00, 1.00) (0.99, 0.94, 1.00) #fs:   0  -- #Conts: 10 H(5)  G(3)  A(1)  E(1) 
 219017076 5047.35 || noQ Q (Avg,Max,Min) (1.00, 1.00, 1.00) (0.88, 0.01, 1.00) #fs:   0  -- #Conts: 12 H(5)  G(4)  A(2)  E(1) 
 219049127 5015.82 || noQ Q (Avg,Max,Min) (1.00, 1.00, 1.00) (0.96, 0.55, 1.00) #fs:   0  -- #Conts: 11 H(4)  G(4)  A(2)  E(1) 
 219163098 5014.82 || noQ Q (Avg,Max,Min) (1.00, 1.00, 1.00) (0.96, 0.56, 1.00) #fs:   0  -- #Conts: 11 H(4)  G(4)  A(2)  E(1) 
 219279979 5013.82 || noQ Q (Avg,Max,Min) (1.00, 1.00, 1.00) (1.00, 0.97, 1.00) #fs:   0  -- #Conts: 10 H(4)  G(4)  A(1)  E(1) 
 226942156 4931.24 || noQ Q (Avg,Max,Min) (0.99, 1.00, 0.93) (0.98, 0.89, 1.00) #fs:   1  -- #Conts: 12 H(3)  G(6)  A(2)  E(1) 
 226942162 4868.18 || noQ Q (Avg,Max,Min) (1.00, 1.00, 1.00) (0.99, 0.93, 1.00) #fs:   0  -- #Conts: 12 H(3)  G(6)  A(2)  E(1) 
 253641946 4852.41 || noQ Q (Avg,Max,Min) (1.00, 1.00, 1.00) (0.85, 0.01, 1.00) #fs:   0  -- #Conts: 13 H(4)  G(6)  A(2)  E(1) 
 253657009 4820.88 || noQ Q (Avg,Max,Min) (1.00, 1.00, 1.00) (0.91, 0.02, 1.00) #fs:   0  -- #Conts: 12 H(3)  G(6)  A(2)  E(1) 
 253689421 4789.35 || noQ Q (Avg,Max,Min) (1.00, 1.00, 1.00) (1.00, 0.98, 1.00) #fs:   0  -- #Conts: 11 H(2)  G(6)  A(2)  E(1) 
 254506495 4784.59 || noQ Q (Avg,Max,Min) (1.00, 1.00, 0.98) (0.99, 0.93, 1.00) #fs:   2  -- #Conts: 13 H(2)  G(6)  A(4)  E(1) 
 254627417 4783.59 || noQ Q (Avg,Max,Min) (1.00, 1.00, 0.98) (0.96, 0.56, 1.00) #fs:   2  -- #Conts: 13 H(2)  G(6)  A(4)  E(1) 
 254744298 4782.59 || noQ Q (Avg,Max,Min) (1.00, 1.00, 0.98) (0.99, 0.97, 1.00) #fs:   2  -- #Conts: 12 H(2)  G(6)  A(3)  E(1) 
 254931771 4781.59 || noQ Q (Avg,Max,Min) (1.00, 1.00, 0.98) (1.00, 0.97, 1.00) #fs:   2  -- #Conts: 12 H(2)  G(6)  A(3)  E(1) 
 255149332 4780.59 || noQ Q (Avg,Max,Min) (1.00, 1.00, 0.98) (1.00, 0.97, 1.00) #fs:   2  -- #Conts: 12 H(2)  G(6)  A(3)  E(1) 
 255348378 4779.59 || noQ Q (Avg,Max,Min) (1.00, 1.00, 0.98) (1.00, 0.97, 1.00) #fs:   2  -- #Conts: 12 H(2)  G(6)  A(3)  E(1) 
 255575775 4778.59 || noQ Q (Avg,Max,Min) (1.00, 1.00, 0.98) (1.00, 0.97, 1.00) #fs:   2  -- #Conts: 12 H(2)  G(6)  A(3)  E(1) 
 258599628 4757.82 || noQ Q (Avg,Max,Min) (1.00, 1.00, 1.00) (0.95, 0.53, 1.00) #fs:   0  -- #Conts: 13 H(2)  G(8)  A(2)  E(1) 
 259175347 4755.47 || noQ Q (Avg,Max,Min) (1.00, 1.00, 1.00) (0.96, 0.62, 1.00) #fs:   0  -- #Conts: 13 H(2)  G(7)  A(2)  E(2) 
 260361864 4708.00 || noQ Q (Avg,Max,Min) (1.00, 1.00, 0.98) (0.92, 0.01, 1.00) #fs:   1  -- #Conts: 15 H(2)  G(8)  A(4)  E(1) 
 260393909 4692.24 || noQ Q (Avg,Max,Min) (1.00, 1.00, 0.97) (0.98, 0.92, 1.00) #fs:   2  -- #Conts: 14 H(1)  G(8)  A(4)  E(1) 
 260393915 4676.47 || noQ Q (Avg,Max,Min) (1.00, 1.00, 0.98) (0.99, 0.92, 1.00) #fs:   1  -- #Conts: 14 H(1)  G(8)  A(4)  E(1) 
 262303349 4666.47 || noQ Q (Avg,Max,Min) (1.00, 1.00, 0.98) (0.99, 0.96, 1.00) #fs:   1  -- #Conts: 13 H(1)  G(8)  A(3)  E(1) 
 262897007 4666.24 || noQ Q (Avg,Max,Min) (1.00, 1.00, 0.99) (0.94, 0.64, 1.00) #fs:   3  -- #Conts: 11 G(8)  A(2)  E(1) 
 262947352 4651.47 || noQ Q (Avg,Max,Min) (1.00, 1.00, 0.99) (0.94, 0.66, 1.00) #fs:   1  -- #Conts: 11 G(8)  A(2)  E(1) 
 262973960 4650.47 || noQ Q (Avg,Max,Min) (1.00, 1.00, 0.99) (0.94, 0.66, 1.00) #fs:   3  -- #Conts: 11 G(8)  A(2)  E(1) 
 263018527 4649.47 || noQ Q (Avg,Max,Min) (1.00, 1.00, 1.00) (0.94, 0.68, 1.00) #fs:   0  -- #Conts: 11 G(8)  A(2)  E(1) 
 263142361 4648.47 || noQ Q (Avg,Max,Min) (1.00, 1.00, 1.00) (0.95, 0.69, 1.00) #fs:   0  -- #Conts: 11 G(8)  A(2)  E(1) 
 263229723 4647.47 || noQ Q (Avg,Max,Min) (1.00, 1.00, 1.00) (0.95, 0.74, 1.00) #fs:   0  -- #Conts: 11 G(8)  A(2)  E(1) 
 265716919 4646.76 || noQ Q (Avg,Max,Min) (1.00, 1.00, 1.00) (0.95, 0.69, 1.00) #fs:   0  -- #Conts: 11 G(6)  A(2)  E(3) 
 265925714 4645.76 || noQ Q (Avg,Max,Min) (1.00, 1.00, 1.00) (0.95, 0.73, 1.00) #fs:   0  -- #Conts: 11 G(6)  A(2)  E(3) 
 266254566 4644.76 || noQ Q (Avg,Max,Min) (1.00, 1.00, 1.00) (0.93, 0.56, 1.00) #fs:   0  -- #Conts: 12 G(6)  A(3)  E(3) 
 266445091 4643.76 || noQ Q (Avg,Max,Min) (1.00, 1.00, 1.00) (0.97, 0.79, 1.00) #fs:   0  -- #Conts: 11 G(6)  A(2)  E(3) 
 266666348 4642.76 || noQ Q (Avg,Max,Min) (1.00, 1.00, 1.00) (0.97, 0.84, 1.00) #fs:   0  -- #Conts: 11 G(6)  A(2)  E(3) 
 269039048 4642.35 || noQ Q (Avg,Max,Min) (1.00, 1.00, 1.00) (0.93, 0.37, 1.00) #fs:   0  -- #Conts: 12 G(6)  A(3)  E(2)  C(1) 
 269080417 4641.35 || noQ Q (Avg,Max,Min) (1.00, 1.00, 1.00) (0.98, 0.80, 1.00) #fs:   0  -- #Conts: 11 G(6)  A(2)  E(2)  C(1) 
 270232094 4641.06 || noQ Q (Avg,Max,Min) (1.00, 1.00, 1.00) (0.99, 0.91, 1.00) #fs:   0  -- #Conts: 10 G(6)  A(2)  E(2) 
 270691442 4640.06 || noQ Q (Avg,Max,Min) (1.00, 1.00, 1.00) (0.99, 0.95, 1.00) #fs:   0  -- #Conts: 10 G(6)  A(2)  E(2) 
 271165146 4639.06 || noQ Q (Avg,Max,Min) (1.00, 1.00, 1.00) (1.00, 0.99, 1.00) #fs:   0  -- #Conts: 10 G(6)  A(2)  E(2) 
 347118138 4632.06 || noQ Q (Avg,Max,Min) (1.00, 1.00, 1.00) (1.00, 0.98, 1.00) #fs:   0  -- #Conts: 11 G(6)  A(3)  E(2) 
 347555284 4631.06 || noQ Q (Avg,Max,Min) (1.00, 1.00, 1.00) (1.00, 0.98, 1.00) #fs:   0  -- #Conts: 11 G(6)  A(3)  E(2) 
 347952004 4630.06 || noQ Q (Avg,Max,Min) (1.00, 1.00, 1.00) (1.00, 0.98, 1.00) #fs:   0  -- #Conts: 11 G(6)  A(3)  E(2) 
 348395693 4629.06 || noQ Q (Avg,Max,Min) (1.00, 1.00, 1.00) (1.00, 0.98, 1.00) #fs:   0  -- #Conts: 11 G(6)  A(3)  E(2) 
 355173843 4628.76 || noQ Q (Avg,Max,Min) (1.00, 1.00, 1.00) (0.96, 0.55, 1.00) #fs:   0  -- #Conts: 13 G(6)  A(5)  E(2) 
 355647385 4628.47 || noQ Q (Avg,Max,Min) (1.00, 1.00, 1.00) (0.93, 0.55, 1.00) #fs:   0  -- #Conts: 13 G(6)  A(5)  E(2) 
 361213225 4623.65 || noQ Q (Avg,Max,Min) (1.00, 1.00, 0.99) (0.93, 0.55, 1.00) #fs:   1  -- #Conts: 14 G(6)  A(5)  E(3) 
 361470287 4622.65 || noQ Q (Avg,Max,Min) (1.00, 1.00, 0.99) (0.96, 0.56, 1.00) #fs:   1  -- #Conts: 13 G(6)  A(4)  E(3) 
 361733890 4621.65 || noQ Q (Avg,Max,Min) (1.00, 1.00, 0.99) (1.00, 0.98, 1.00) #fs:   1  -- #Conts: 12 G(6)  A(3)  E(3) 
 362219348 4620.65 || noQ Q (Avg,Max,Min) (1.00, 1.00, 0.99) (1.00, 0.98, 1.00) #fs:   1  -- #Conts: 12 G(6)  A(3)  E(3) 
 362689136 4619.65 || noQ Q (Avg,Max,Min) (1.00, 1.00, 0.99) (1.00, 0.98, 1.00) #fs:   1  -- #Conts: 12 G(6)  A(3)  E(3) 
 363152400 4618.65 || noQ Q (Avg,Max,Min) (1.00, 1.00, 0.99) (1.00, 0.98, 1.00) #fs:   1  -- #Conts: 12 G(6)  A(3)  E(3) 
 363663948 4617.65 || noQ Q (Avg,Max,Min) (1.00, 1.00, 0.99) (1.00, 0.98, 1.00) #fs:   1  -- #Conts: 12 G(6)  A(3)  E(3) 
 382044588 4613.88 || noQ Q (Avg,Max,Min) (1.00, 1.00, 1.00) (0.87, 0.06, 1.00) #fs:   0  -- #Conts: 13 G(6)  A(2)  E(4)  C(1) 
 382231727 4611.18 || noQ Q (Avg,Max,Min) (0.99, 1.00, 0.91) (0.81, 0.04, 1.00) #fs:   1  -- #Conts: 14 G(6)  A(2)  E(4)  C(2) 
 382531629 4607.18 || noQ Q (Avg,Max,Min) (0.99, 1.00, 0.93) (0.87, 0.04, 1.00) #fs:   1  -- #Conts: 13 G(6)  A(2)  E(4)  C(1) 
 382997580 4606.18 || noQ Q (Avg,Max,Min) (1.00, 1.00, 1.00) (0.94, 0.33, 1.00) #fs:   0  -- #Conts: 12 G(6)  A(1)  E(4)  C(1) 
 383757509 4605.18 || noQ Q (Avg,Max,Min) (0.99, 1.00, 0.81) (0.89, 0.37, 1.00) #fs:   1  -- #Conts: 14 G(6)  A(4)  E(4) 
 384594758 4604.18 || noQ Q (Avg,Max,Min) (0.99, 1.00, 0.81) (0.96, 0.58, 1.00) #fs:   1  -- #Conts: 13 G(6)  A(3)  E(4) 
 388978921 4586.41 || noQ Q (Avg,Max,Min) (1.00, 1.00, 1.00) (0.92, 0.08, 1.00) #fs:   1  -- #Conts: 13 G(5)  A(2)  E(4)  C(2) 
 389020216 4582.41 || noQ Q (Avg,Max,Min) (1.00, 1.00, 1.00) (0.99, 0.95, 1.00) #fs:   1  -- #Conts: 12 G(5)  A(2)  E(4)  C(1) 
 389095784 4579.71 || noQ Q (Avg,Max,Min) (1.00, 1.00, 1.00) (0.92, 0.08, 1.00) #fs:   0  -- #Conts: 13 G(5)  A(2)  E(4)  C(2) 
 389172740 4575.71 || noQ Q (Avg,Max,Min) (1.00, 1.00, 1.00) (0.99, 0.95, 1.00) #fs:   0  -- #Conts: 12 G(5)  A(2)  E(4)  C(1) 
 389348650 4574.71 || noQ Q (Avg,Max,Min) (1.00, 1.00, 1.00) (0.99, 0.95, 1.00) #fs:   0  -- #Conts: 12 G(5)  A(2)  E(4)  C(1) 
 389545380 4573.71 || noQ Q (Avg,Max,Min) (1.00, 1.00, 1.00) (0.99, 0.95, 1.00) #fs:   0  -- #Conts: 12 G(5)  A(2)  E(4)  C(1) 
 389756576 4572.71 || noQ Q (Avg,Max,Min) (1.00, 1.00, 1.00) (0.99, 0.95, 1.00) #fs:   0  -- #Conts: 12 G(5)  A(2)  E(4)  C(1) 
 389989182 4571.71 || noQ Q (Avg,Max,Min) (1.00, 1.00, 1.00) (0.99, 0.95, 1.00) #fs:   0  -- #Conts: 12 G(5)  A(2)  E(4)  C(1) 
 441732326 4569.18 || noQ Q (Avg,Max,Min) (1.00, 1.00, 1.00) (0.98, 0.89, 1.00) #fs:   0  -- #Conts: 12 G(5)  A(2)  E(4)  C(1) 
 441865976 4568.18 || noQ Q (Avg,Max,Min) (1.00, 1.00, 1.00) (0.96, 0.55, 1.00) #fs:   0  -- #Conts: 12 G(5)  A(2)  E(4)  C(1) 
 441979964 4567.18 || noQ Q (Avg,Max,Min) (1.00, 1.00, 1.00) (1.00, 0.99, 1.00) #fs:   0  -- #Conts: 11 G(5)  A(1)  E(4)  C(1) 
 442229349 4566.18 || noQ Q (Avg,Max,Min) (1.00, 1.00, 1.00) (0.99, 0.96, 1.00) #fs:   0  -- #Conts: 11 G(5)  A(1)  E(4)  C(1) 
 442434180 4565.18 || noQ Q (Avg,Max,Min) (1.00, 1.00, 1.00) (0.99, 0.95, 1.00) #fs:   0  -- #Conts: 11 G(5)  A(1)  E(4)  C(1) 
 442608345 4564.18 || noQ Q (Avg,Max,Min) (1.00, 1.00, 1.00) (1.00, 0.99, 1.00) #fs:   0  -- #Conts: 11 G(5)  A(1)  E(4)  C(1) 
 442821277 4563.18 || noQ Q (Avg,Max,Min) (1.00, 1.00, 1.00) (1.00, 0.98, 1.00) #fs:   0  -- #Conts: 11 G(5)  A(1)  E(4)  C(1) 
 443052727 4562.18 || noQ Q (Avg,Max,Min) (1.00, 1.00, 1.00) (0.99, 0.88, 1.00) #fs:   0  -- #Conts: 11 G(5)  A(1)  E(4)  C(1) 
 470002776 4560.18 || noQ Q (Avg,Max,Min) (1.00, 1.00, 1.00) (0.80, 0.04, 1.00) #fs:   0  -- #Conts: 15 G(4)  A(2)  E(7)  C(2) 
 470007280 4553.47 || noQ Q (Avg,Max,Min) (1.00, 1.00, 1.00) (0.86, 0.04, 1.00) #fs:   0  -- #Conts: 14 G(4)  A(2)  E(6)  C(2) 
 470024609 4550.76 || noQ Q (Avg,Max,Min) (1.00, 1.00, 1.00) (0.86, 0.04, 1.00) #fs:   0  -- #Conts: 14 G(4)  A(2)  E(5)  C(3) 
 470129088 4545.76 || noQ Q (Avg,Max,Min) (1.00, 1.00, 1.00) (0.99, 0.94, 1.00) #fs:   0  -- #Conts: 12 G(4)  A(1)  E(5)  C(2) 
 470584581 4544.76 || noQ Q (Avg,Max,Min) (1.00, 1.00, 1.00) (1.00, 0.96, 1.00) #fs:   0  -- #Conts: 12 G(4)  A(1)  E(5)  C(2) 
 515358933 4543.47 || noQ Q (Avg,Max,Min) (1.00, 1.00, 1.00) (0.91, 0.03, 1.00) #fs:   0  -- #Conts: 12 H(1)  G(3)  A(1)  E(6)  C(1) 
 515360926 4527.71 || noQ Q (Avg,Max,Min) (1.00, 1.00, 1.00) (0.91, 0.03, 1.00) #fs:   0  -- #Conts: 12 G(4)  A(1)  E(6)  C(1) 
 515443404 4511.94 || noQ Q (Avg,Max,Min) (1.00, 1.00, 1.00) (0.99, 0.90, 1.00) #fs:   0  -- #Conts: 11 G(3)  A(1)  E(6)  C(1) 
 515485064 4510.94 || noQ Q (Avg,Max,Min) (1.00, 1.00, 1.00) (1.00, 0.97, 1.00) #fs:   0  -- #Conts: 11 G(3)  A(1)  E(6)  C(1) 
 515584264 4509.94 || noQ Q (Avg,Max,Min) (1.00, 1.00, 1.00) (1.00, 0.97, 1.00) #fs:   0  -- #Conts: 11 G(3)  A(1)  E(6)  C(1) 
 515782153 4508.94 || noQ Q (Avg,Max,Min) (1.00, 1.00, 1.00) (1.00, 0.98, 1.00) #fs:   0  -- #Conts: 11 G(3)  A(1)  E(6)  C(1) 
 515971370 4507.94 || noQ Q (Avg,Max,Min) (1.00, 1.00, 1.00) (1.00, 0.98, 1.00) #fs:   0  -- #Conts: 11 G(3)  A(1)  E(6)  C(1) 
 516186617 4506.94 || noQ Q (Avg,Max,Min) (1.00, 1.00, 1.00) (0.99, 0.95, 1.00) #fs:   0  -- #Conts: 11 G(3)  A(1)  E(6)  C(1) 
 516360790 4505.94 || noQ Q (Avg,Max,Min) (1.00, 1.00, 1.00) (1.00, 0.98, 1.00) #fs:   0  -- #Conts: 11 G(3)  A(1)  E(6)  C(1) 
 516596280 4504.94 || noQ Q (Avg,Max,Min) (1.00, 1.00, 1.00) (0.99, 0.92, 1.00) #fs:   0  -- #Conts: 11 G(3)  A(1)  E(6)  C(1) 
 516822520 4503.94 || noQ Q (Avg,Max,Min) (1.00, 1.00, 1.00) (0.98, 0.76, 1.00) #fs:   0  -- #Conts: 11 G(3)  A(1)  E(6)  C(1) 
 516981642 4502.94 || noQ Q (Avg,Max,Min) (1.00, 1.00, 1.00) (1.00, 0.99, 1.00) #fs:   0  -- #Conts: 10 G(3)  E(6)  C(1) 
 517496591 4502.24 || noQ Q (Avg,Max,Min) (1.00, 1.00, 1.00) (0.99, 0.89, 1.00) #fs:   0  -- #Conts: 11 G(3)  A(1)  E(6)  C(1) 
 517610585 4501.24 || noQ Q (Avg,Max,Min) (1.00, 1.00, 1.00) (1.00, 0.96, 1.00) #fs:   0  -- #Conts: 11 G(3)  A(1)  E(6)  C(1) 
 517802686 4500.24 || noQ Q (Avg,Max,Min) (1.00, 1.00, 1.00) (1.00, 0.97, 1.00) #fs:   0  -- #Conts: 11 G(3)  A(1)  E(6)  C(1) 
 592905822 4491.59 || noQ Q (Avg,Max,Min) (1.00, 1.00, 1.00) (0.96, 0.58, 1.00) #fs:   0  -- #Conts: 10 G(1)  A(2)  E(6)  C(1) 
 593179846 4490.59 || noQ Q (Avg,Max,Min) (1.00, 1.00, 1.00) (1.00, 0.99, 1.00) #fs:   0  -- #Conts: 9 G(1)  A(1)  E(6)  C(1) 
 593493048 4489.59 || noQ Q (Avg,Max,Min) (1.00, 1.00, 1.00) (1.00, 0.99, 1.00) #fs:   0  -- #Conts: 9 G(1)  A(1)  E(6)  C(1) 
 594043745 4488.59 || noQ Q (Avg,Max,Min) (1.00, 1.00, 1.00) (1.00, 0.99, 1.00) #fs:   0  -- #Conts: 9 G(1)  A(1)  E(6)  C(1) 
 594505703 4487.59 || noQ Q (Avg,Max,Min) (1.00, 1.00, 1.00) (1.00, 0.99, 1.00) #fs:   0  -- #Conts: 9 G(1)  A(1)  E(6)  C(1) 
 595015946 4486.59 || noQ Q (Avg,Max,Min) (1.00, 1.00, 1.00) (1.00, 0.99, 1.00) #fs:   0  -- #Conts: 9 G(1)  A(1)  E(6)  C(1) 
 607799364 4476.06 || noQ Q (Avg,Max,Min) (1.00, 1.00, 1.00) (0.99, 0.93, 1.00) #fs:   0  -- #Conts: 11 G(1)  A(3)  E(6)  C(1) 
 608100803 4475.06 || noQ Q (Avg,Max,Min) (1.00, 1.00, 1.00) (0.96, 0.56, 1.00) #fs:   0  -- #Conts: 11 G(1)  A(3)  E(6)  C(1) 
 608364406 4474.06 || noQ Q (Avg,Max,Min) (1.00, 1.00, 1.00) (1.00, 0.99, 1.00) #fs:   0  -- #Conts: 10 G(1)  A(2)  E(6)  C(1) 
 620481994 4466.76 || noQ Q (Avg,Max,Min) (1.00, 1.00, 1.00) (0.97, 0.81, 1.00) #fs:   0  -- #Conts: 10 A(1)  E(6)  C(3) 
 621002659 4462.76 || noQ Q (Avg,Max,Min) (1.00, 1.00, 1.00) (0.99, 0.97, 1.00) #fs:   0  -- #Conts: 10 A(1)  E(6)  C(3) 
 621281927 4461.76 || noQ Q (Avg,Max,Min) (1.00, 1.00, 1.00) (1.00, 0.98, 1.00) #fs:   0  -- #Conts: 10 A(1)  E(6)  C(3) 
 621843063 4460.76 || noQ Q (Avg,Max,Min) (1.00, 1.00, 1.00) (0.99, 0.98, 1.00) #fs:   0  -- #Conts: 10 A(1)  E(6)  C(3) 
 622319376 4459.76 || noQ Q (Avg,Max,Min) (1.00, 1.00, 1.00) (0.99, 0.98, 1.00) #fs:   0  -- #Conts: 10 A(1)  E(6)  C(3) 
 622687378 4458.76 || noQ Q (Avg,Max,Min) (1.00, 1.00, 1.00) (1.00, 0.98, 1.00) #fs:   0  -- #Conts: 10 A(1)  E(6)  C(3) 
2256863718 4415.06 || noQ Q (Avg,Max,Min) (1.00, 1.00, 1.00) (0.72, 0.01, 1.00) #fs:   0  -- #Conts: 11 H(1)  A(4)  G(2)  E(1)  C(3) 
2256895769 4383.53 || noQ Q (Avg,Max,Min) (1.00, 1.00, 1.00) (0.79, 0.01, 1.00) #fs:   0  -- #Conts: 10 A(4)  G(2)  E(1)  C(3) 
2257009740 4379.53 || noQ Q (Avg,Max,Min) (1.00, 1.00, 1.00) (0.86, 0.01, 1.00) #fs:   0  -- #Conts: 9 A(4)  G(2)  E(1)  C(2) 
2257012650 4378.53 || noQ Q (Avg,Max,Min) (1.00, 1.00, 1.00) (0.97, 0.78, 1.00) #fs:   0  -- #Conts: 8 A(3)  G(2)  E(1)  C(2) 
2257064726 4377.53 || noQ Q (Avg,Max,Min) (1.00, 1.00, 0.99) (0.97, 0.78, 1.00) #fs:   1  -- #Conts: 8 A(3)  G(2)  E(1)  C(2) 
2257126621 4375.53 || noQ Q (Avg,Max,Min) (1.00, 1.00, 1.00) (0.89, 0.01, 1.00) #fs:   0  -- #Conts: 9 A(4)  G(2)  E(1)  C(2) 
2257129515 4374.53 || noQ Q (Avg,Max,Min) (1.00, 1.00, 1.00) (1.00, 0.98, 1.00) #fs:   0  -- #Conts: 8 A(3)  G(2)  E(1)  C(2) 
2257186229 4373.53 || noQ Q (Avg,Max,Min) (1.00, 1.00, 1.00) (1.00, 0.98, 1.00) #fs:   0  -- #Conts: 8 A(3)  G(2)  E(1)  C(2) 
2257383538 4372.53 || noQ Q (Avg,Max,Min) (1.00, 1.00, 1.00) (1.00, 0.98, 1.00) #fs:   0  -- #Conts: 8 A(3)  G(2)  E(1)  C(2) 
2257640445 4371.53 || noQ Q (Avg,Max,Min) (1.00, 1.00, 1.00) (1.00, 0.99, 1.00) #fs:   0  -- #Conts: 8 A(3)  G(2)  E(1)  C(2) 
2257797252 4370.53 || noQ Q (Avg,Max,Min) (1.00, 1.00, 1.00) (1.00, 0.99, 1.00) #fs:   0  -- #Conts: 8 A(3)  G(2)  E(1)  C(2) 
2258027542 4369.53 || noQ Q (Avg,Max,Min) (1.00, 1.00, 1.00) (1.00, 0.99, 1.00) #fs:   0  -- #Conts: 8 A(3)  G(2)  E(1)  C(2) 
2258256098 4368.53 || noQ Q (Avg,Max,Min) (1.00, 1.00, 1.00) (1.00, 0.99, 1.00) #fs:   0  -- #Conts: 8 A(3)  G(2)  E(1)  C(2) 
2258439520 4367.53 || noQ Q (Avg,Max,Min) (1.00, 1.00, 1.00) (1.00, 0.99, 1.00) #fs:   0  -- #Conts: 8 A(3)  G(2)  E(1)  C(2) 
2258662868 4366.53 || noQ Q (Avg,Max,Min) (1.00, 1.00, 1.00) (1.00, 1.00, 1.00) #fs:   0  -- #Conts: 8 A(3)  G(2)  E(1)  C(2) 
2258870593 4365.53 || noQ Q (Avg,Max,Min) (1.00, 1.00, 1.00) (1.00, 1.00, 1.00) #fs:   0  -- #Conts: 8 A(3)  G(2)  E(1)  C(2) 
2259057487 4364.53 || noQ Q (Avg,Max,Min) (1.00, 1.00, 1.00) (1.00, 1.00, 1.00) #fs:   0  -- #Conts: 8 A(3)  G(2)  E(1)  C(2) 
2357715079 4358.94 || noQ Q (Avg,Max,Min) (1.00, 1.00, 1.00) (0.99, 0.96, 1.00) #fs:   0  -- #Conts: 9 A(4)  G(2)  E(2)  C(1) 
2357842960 4357.94 || noQ Q (Avg,Max,Min) (1.00, 1.00, 1.00) (0.99, 0.96, 1.00) #fs:   0  -- #Conts: 9 A(4)  G(2)  E(2)  C(1) 
2358100037 4356.94 || noQ Q (Avg,Max,Min) (1.00, 1.00, 1.00) (1.00, 0.98, 1.00) #fs:   0  -- #Conts: 9 A(4)  G(2)  E(2)  C(1) 
2358363640 4355.94 || noQ Q (Avg,Max,Min) (1.00, 1.00, 1.00) (1.00, 0.99, 1.00) #fs:   0  -- #Conts: 9 A(4)  G(2)  E(2)  C(1) 
2358926082 4354.94 || noQ Q (Avg,Max,Min) (1.00, 1.00, 1.00) (1.00, 0.99, 1.00) #fs:   0  -- #Conts: 9 A(4)  G(2)  E(2)  C(1) 
2359388040 4353.94 || noQ Q (Avg,Max,Min) (1.00, 1.00, 1.00) (1.00, 1.00, 1.00) #fs:   0  -- #Conts: 9 A(4)  G(2)  E(2)  C(1) 
2359780836 4352.94 || noQ Q (Avg,Max,Min) (1.00, 1.00, 1.00) (1.00, 1.00, 1.00) #fs:   0  -- #Conts: 9 A(4)  G(2)  E(2)  C(1) 
2365724896 4352.65 || noQ Q (Avg,Max,Min) (1.00, 1.00, 1.00) (0.87, 0.37, 1.00) #fs:   0  -- #Conts: 12 A(7)  G(2)  E(2)  C(1) 
2367011417 4351.65 || noQ Q (Avg,Max,Min) (1.00, 1.00, 1.00) (0.95, 0.56, 1.00) #fs:   0  -- #Conts: 11 A(6)  G(2)  E(2)  C(1) 
2370641826 4351.35 || noQ Q (Avg,Max,Min) (1.00, 1.00, 1.00) (0.95, 0.56, 1.00) #fs:   0  -- #Conts: 11 A(6)  G(2)  E(2)  C(1) 
2376701269 4337.76 || noQ Q (Avg,Max,Min) (1.00, 1.00, 1.00) (0.93, 0.37, 1.00) #fs:   0  -- #Conts: 9 A(4)  G(1)  E(3)  C(1) 
2376874830 4336.76 || noQ Q (Avg,Max,Min) (1.00, 1.00, 1.00) (1.00, 0.99, 1.00) #fs:   0  -- #Conts: 8 A(3)  G(1)  E(3)  C(1) 
2453840516 4334.00 || noQ Q (Avg,Max,Min) (1.00, 1.00, 1.00) (0.97, 0.77, 1.00) #fs:   1  -- #Conts: 8 A(2)  E(5)  C(1) 
2453961506 4333.00 || noQ Q (Avg,Max,Min) (1.00, 1.00, 1.00) (0.97, 0.77, 1.00) #fs:   0  -- #Conts: 8 A(2)  E(5)  C(1) 
2454140656 4332.00 || noQ Q (Avg,Max,Min) (1.00, 1.00, 1.00) (0.98, 0.82, 1.00) #fs:   0  -- #Conts: 8 A(2)  E(5)  C(1) 
2454419549 4331.00 || noQ Q (Avg,Max,Min) (1.00, 1.00, 1.00) (0.98, 0.83, 1.00) #fs:   0  -- #Conts: 8 A(2)  E(5)  C(1) 
2454611381 4330.00 || noQ Q (Avg,Max,Min) (1.00, 1.00, 1.00) (0.98, 0.87, 1.00) #fs:   0  -- #Conts: 8 A(2)  E(5)  C(1) 
2454871070 4329.00 || noQ Q (Avg,Max,Min) (1.00, 1.00, 1.00) (0.99, 0.90, 1.00) #fs:   0  -- #Conts: 8 A(2)  E(5)  C(1) 
2455185926 4328.00 || noQ Q (Avg,Max,Min) (1.00, 1.00, 1.00) (0.99, 0.96, 1.00) #fs:   0  -- #Conts: 8 A(2)  E(5)  C(1) 
/////////////////size: 172
nodes 97 edges 109
 mulT: 1000 mulD: 1  sumData GB 2
pareto /SIPHT.n.100.0.dax time -> 5783.0
moheft /SIPHT.n.100.0.dax time -> 3799.0
distance from M to C 4.232931029873886
distance from P to C 30.535095926420453
distance from C to M 0.6288770053475946
distance from C to P 273.5336535243286
toCompare: /SIPHT.n.100.0.dax sumDataGB: 2 mulT: 1000 mulD: 1 paretoOptTime_MS: 5783.0 MoheftOptimizationTime_MS: 3799.0 MtoC 4.232931029873886 PtoC 30.535095926420453 CtoM 0.6288770053475946 CtoP 273.5336535243286
