specify -Dflow d,b,mt,md,size
Running /home/vaggelis/jc/CYBERSHAKE.n.100.0.dax mt 50 md: 100 size null
   1559895 599.06 || noQ Q (Avg,Max,Min) (6.56, 8.50, 1.47) (0.27, 0.18, 0.69) #fs:  12  -- #Conts: 19 H(19) 
   1566113 567.53 || noQ Q (Avg,Max,Min) (6.39, 8.22, 1.47) (0.29, 0.18, 0.70) #fs:  12  -- #Conts: 18 H(18) 
   1567041 504.47 || noQ Q (Avg,Max,Min) (6.16, 7.83, 1.47) (0.32, 0.19, 0.87) #fs:   9  -- #Conts: 16 H(16) 
   1580866 472.94 || noQ Q (Avg,Max,Min) (6.05, 10.15, 1.47) (0.34, 0.19, 0.87) #fs:   9  -- #Conts: 15 H(15) 
   1586690 441.41 || noQ Q (Avg,Max,Min) (6.04, 9.84, 1.47) (0.37, 0.19, 0.87) #fs:   7  -- #Conts: 14 H(14) 
   1606708 409.88 || noQ Q (Avg,Max,Min) (5.74, 9.30, 1.44) (0.38, 0.19, 0.87) #fs:   7  -- #Conts: 13 H(13) 
   1616839 378.35 || noQ Q (Avg,Max,Min) (5.63, 8.93, 1.44) (0.41, 0.19, 0.87) #fs:   8  -- #Conts: 12 H(12) 
   1628558 362.59 || noQ Q (Avg,Max,Min) (5.38, 8.84, 1.44) (0.42, 0.19, 0.87) #fs:   9  -- #Conts: 12 H(11)  G(1) 
   1629146 346.82 || noQ Q (Avg,Max,Min) (5.26, 8.26, 1.45) (0.45, 0.19, 0.88) #fs:   8  -- #Conts: 11 H(11) 
   1634800 315.29 || noQ Q (Avg,Max,Min) (5.25, 7.98, 1.45) (0.50, 0.20, 0.88) #fs:   7  -- #Conts: 10 H(10) 
   1649841 283.76 || noQ Q (Avg,Max,Min) (5.56, 7.52, 1.45) (0.55, 0.20, 0.88) #fs:   6  -- #Conts: 9 H(9) 
   1672153 252.24 || noQ Q (Avg,Max,Min) (5.60, 7.25, 1.45) (0.62, 0.38, 1.06) #fs:   4  -- #Conts: 8 H(8) 
   1705374 220.71 || noQ Q (Avg,Max,Min) (5.19, 8.04, 1.42) (0.69, 0.38, 1.06) #fs:   5  -- #Conts: 7 H(7) 
   1731978 189.18 || noQ Q (Avg,Max,Min) (5.18, 7.40, 1.42) (0.80, 0.57, 1.07) #fs:   5  -- #Conts: 6 H(6) 
   1779090 157.65 || noQ Q (Avg,Max,Min) (4.73, 6.68, 1.40) (0.93, 0.58, 1.24) #fs:   4  -- #Conts: 5 H(5) 
   1825498 126.12 || noQ Q (Avg,Max,Min) (4.51, 6.93, 1.39) (1.16, 0.70, 1.43) #fs:   3  -- #Conts: 4 H(4) 
   1999033 094.59 || noQ Q (Avg,Max,Min) (4.23, 7.81, 1.58) (1.50, 0.88, 1.83) #fs:   2  -- #Conts: 3 H(3) 
   2282825 078.82 || noQ Q (Avg,Max,Min) (3.74, 4.92, 1.56) (1.32, 0.96, 1.56) #fs:   5  -- #Conts: 5 G(5) 
   2334579 063.06 || noQ Q (Avg,Max,Min) (2.86, 3.99, 1.74) (1.86, 1.13, 2.58) #fs:   1  -- #Conts: 2 H(2) 
   2882903 047.29 || noQ Q (Avg,Max,Min) (3.27, 5.21, 1.78) (1.99, 1.42, 2.31) #fs:   2  -- #Conts: 3 G(3) 
   3486138 046.94 || noQ Q (Avg,Max,Min) (2.38, 2.96, 1.47) (1.36, 1.18, 1.60) #fs:   7  -- #Conts: 7 E(7) 
   3770202 040.24 || noQ Q (Avg,Max,Min) (2.42, 3.07, 1.57) (1.65, 1.46, 1.84) #fs:   7  -- #Conts: 6 E(6) 
   4415639 033.53 || noQ Q (Avg,Max,Min) (2.26, 3.01, 1.40) (1.88, 1.40, 2.34) #fs:   6  -- #Conts: 5 E(5) 
   5330628 032.00 || noQ Q (Avg,Max,Min) (1.85, 2.18, 1.27) (1.68, 1.26, 1.99) #fs:   6  -- #Conts: 8 C(8) 
/////////////////size: 24
   1541078 993.18 || noQ Q (Avg,Max,Min) (8.90, 12.66, 1.71) (0.19, 0.16, 0.73) #fs:   4  -- #Conts: 37 H(26)  G(11) 
   1543260 945.88 || noQ Q (Avg,Max,Min) (8.25, 11.52, 1.70) (0.19, 0.16, 0.73) #fs:   9  -- #Conts: 38 H(22)  G(16) 
   1546560 930.12 || noQ Q (Avg,Max,Min) (8.36, 11.96, 1.70) (0.19, 0.16, 0.73) #fs:   6  -- #Conts: 37 H(22)  G(15) 
   1548641 898.59 || noQ Q (Avg,Max,Min) (8.39, 13.23, 1.70) (0.20, 0.16, 0.73) #fs:   7  -- #Conts: 35 H(22)  G(13) 
   1552304 882.82 || noQ Q (Avg,Max,Min) (8.44, 12.78, 1.69) (0.21, 0.16, 0.73) #fs:   6  -- #Conts: 34 H(22)  G(12) 
   1553688 835.53 || noQ Q (Avg,Max,Min) (8.37, 12.22, 1.69) (0.22, 0.16, 0.73) #fs:   7  -- #Conts: 32 H(21)  G(11) 
   1554853 819.76 || noQ Q (Avg,Max,Min) (8.34, 13.02, 1.69) (0.23, 0.16, 0.73) #fs:   7  -- #Conts: 31 H(21)  G(10) 
   1556254 788.24 || noQ Q (Avg,Max,Min) (8.22, 12.88, 1.69) (0.24, 0.16, 0.73) #fs:   8  -- #Conts: 30 H(20)  G(10) 
   1559653 756.71 || noQ Q (Avg,Max,Min) (7.63, 12.59, 1.70) (0.22, 0.16, 0.74) #fs:  10  -- #Conts: 31 H(17)  G(14) 
   1561656 709.41 || noQ Q (Avg,Max,Min) (7.64, 12.46, 1.70) (0.24, 0.16, 0.74) #fs:  12  -- #Conts: 29 H(16)  G(13) 
   1563138 693.65 || noQ Q (Avg,Max,Min) (7.54, 11.86, 1.70) (0.24, 0.16, 0.74) #fs:   9  -- #Conts: 29 H(15)  G(14) 
   1568724 677.88 || noQ Q (Avg,Max,Min) (7.19, 11.40, 1.70) (0.23, 0.16, 0.74) #fs:   7  -- #Conts: 31 H(12)  G(19) 
   1570924 646.35 || noQ Q (Avg,Max,Min) (7.37, 10.92, 1.70) (0.24, 0.16, 0.74) #fs:   6  -- #Conts: 29 H(12)  G(17) 
   1571308 630.59 || noQ Q (Avg,Max,Min) (7.26, 11.01, 1.70) (0.24, 0.16, 0.74) #fs:   6  -- #Conts: 29 H(11)  G(18) 
   1576393 614.82 || noQ Q (Avg,Max,Min) (7.47, 10.49, 1.70) (0.25, 0.16, 0.74) #fs:   4  -- #Conts: 28 H(11)  G(17) 
   1578159 583.29 || noQ Q (Avg,Max,Min) (7.24, 10.44, 1.69) (0.26, 0.17, 0.74) #fs:   8  -- #Conts: 27 H(10)  G(17) 
   1579162 567.53 || noQ Q (Avg,Max,Min) (7.27, 10.39, 1.69) (0.27, 0.17, 0.74) #fs:   8  -- #Conts: 26 H(10)  G(16) 
   1592679 558.47 || noQ Q (Avg,Max,Min) (7.26, 9.87, 1.68) (0.27, 0.17, 0.74) #fs:   3  -- #Conts: 26 H(10)  G(15)  E(1) 
   1594642 556.12 || noQ Q (Avg,Max,Min) (7.01, 10.56, 1.68) (0.26, 0.17, 0.74) #fs:   5  -- #Conts: 27 H(10)  G(14)  E(3) 
   1597917 553.76 || noQ Q (Avg,Max,Min) (6.75, 10.92, 1.68) (0.25, 0.17, 0.74) #fs:   6  -- #Conts: 28 H(10)  G(13)  E(5) 
   1600519 544.71 || noQ Q (Avg,Max,Min) (6.51, 9.85, 1.68) (0.25, 0.17, 0.75) #fs:   6  -- #Conts: 29 H(9)  G(14)  E(6) 
   1605094 538.00 || noQ Q (Avg,Max,Min) (6.60, 9.85, 1.67) (0.26, 0.17, 0.75) #fs:   6  -- #Conts: 28 H(9)  G(14)  E(5) 
   1611190 522.24 || noQ Q (Avg,Max,Min) (6.40, 10.14, 1.68) (0.25, 0.17, 0.75) #fs:   4  -- #Conts: 28 H(8)  G(15)  E(5) 
   1614523 515.53 || noQ Q (Avg,Max,Min) (6.43, 11.02, 1.68) (0.26, 0.17, 0.75) #fs:   5  -- #Conts: 27 H(8)  G(15)  E(4) 
   1617633 488.71 || noQ Q (Avg,Max,Min) (6.82, 10.71, 1.68) (0.30, 0.17, 0.75) #fs:   6  -- #Conts: 23 H(8)  G(15) 
   1621191 472.94 || noQ Q (Avg,Max,Min) (6.86, 10.71, 1.68) (0.31, 0.17, 0.75) #fs:   6  -- #Conts: 22 H(8)  G(14) 
   1624154 457.18 || noQ Q (Avg,Max,Min) (6.90, 10.92, 1.67) (0.33, 0.17, 0.76) #fs:   9  -- #Conts: 21 H(8)  G(13) 
   1626220 448.12 || noQ Q (Avg,Max,Min) (6.55, 10.79, 1.67) (0.31, 0.17, 0.76) #fs:   8  -- #Conts: 22 H(7)  G(14)  E(1) 
   1629552 441.41 || noQ Q (Avg,Max,Min) (6.53, 10.62, 1.67) (0.33, 0.17, 0.76) #fs:   8  -- #Conts: 21 H(7)  G(14) 
   1632032 425.65 || noQ Q (Avg,Max,Min) (6.77, 10.82, 1.67) (0.34, 0.17, 0.76) #fs:   9  -- #Conts: 20 H(7)  G(13) 
   1636929 409.88 || noQ Q (Avg,Max,Min) (6.45, 10.62, 1.67) (0.33, 0.17, 0.76) #fs:  10  -- #Conts: 21 H(5)  G(16) 
   1639610 394.12 || noQ Q (Avg,Max,Min) (6.48, 10.10, 1.67) (0.35, 0.17, 0.76) #fs:  12  -- #Conts: 20 H(5)  G(15) 
   1641261 378.35 || noQ Q (Avg,Max,Min) (6.33, 9.55, 1.67) (0.35, 0.18, 0.76) #fs:  10  -- #Conts: 20 H(4)  G(16) 
   1644115 362.59 || noQ Q (Avg,Max,Min) (6.37, 9.86, 1.67) (0.37, 0.18, 0.76) #fs:   9  -- #Conts: 19 H(4)  G(15) 
   1646742 353.53 || noQ Q (Avg,Max,Min) (5.95, 9.72, 1.67) (0.35, 0.18, 0.76) #fs:  10  -- #Conts: 20 H(3)  G(16)  E(1) 
   1649364 351.18 || noQ Q (Avg,Max,Min) (5.64, 9.55, 1.66) (0.32, 0.18, 0.76) #fs:  12  -- #Conts: 22 H(2)  G(17)  E(3) 
   1652898 344.47 || noQ Q (Avg,Max,Min) (5.67, 9.40, 1.66) (0.34, 0.18, 0.76) #fs:   8  -- #Conts: 21 H(2)  G(17)  E(2) 
   1654756 331.06 || noQ Q (Avg,Max,Min) (6.05, 9.33, 1.66) (0.37, 0.19, 0.76) #fs:   7  -- #Conts: 19 H(2)  G(17) 
   1658660 319.65 || noQ Q (Avg,Max,Min) (5.61, 9.17, 1.66) (0.36, 0.18, 0.76) #fs:   8  -- #Conts: 20 H(2)  G(15)  E(3) 
   1662272 312.94 || noQ Q (Avg,Max,Min) (5.94, 9.01, 1.66) (0.37, 0.18, 0.77) #fs:   6  -- #Conts: 19 H(2)  G(15)  E(2) 
   1664106 310.59 || noQ Q (Avg,Max,Min) (5.64, 8.95, 1.66) (0.36, 0.18, 0.77) #fs:   6  -- #Conts: 20 H(2)  G(14)  E(4) 
   1666288 308.24 || noQ Q (Avg,Max,Min) (5.37, 8.91, 1.65) (0.34, 0.18, 0.77) #fs:   7  -- #Conts: 21 H(2)  G(13)  E(6) 
   1668990 299.18 || noQ Q (Avg,Max,Min) (4.97, 6.48, 1.66) (0.33, 0.18, 0.77) #fs:  10  -- #Conts: 22 H(1)  G(14)  E(7) 
   1676262 296.82 || noQ Q (Avg,Max,Min) (4.85, 6.29, 1.65) (0.32, 0.18, 0.77) #fs:   8  -- #Conts: 23 H(1)  G(13)  E(9) 
   1679359 294.47 || noQ Q (Avg,Max,Min) (4.77, 6.23, 1.65) (0.31, 0.18, 0.77) #fs:   8  -- #Conts: 24 H(1)  G(12)  E(11) 
   1684308 292.12 || noQ Q (Avg,Max,Min) (4.47, 6.12, 1.64) (0.30, 0.18, 0.77) #fs:  10  -- #Conts: 25 H(1)  G(11)  E(13) 
   1687575 289.76 || noQ Q (Avg,Max,Min) (4.48, 6.05, 1.64) (0.29, 0.18, 0.77) #fs:   8  -- #Conts: 26 H(1)  G(10)  E(15) 
   1693852 287.41 || noQ Q (Avg,Max,Min) (4.28, 5.89, 1.63) (0.28, 0.18, 0.77) #fs:   9  -- #Conts: 27 H(1)  G(9)  E(17) 
   1696175 284.71 || noQ Q (Avg,Max,Min) (4.38, 5.85, 1.63) (0.28, 0.18, 0.77) #fs:   5  -- #Conts: 27 H(1)  G(9)  E(16)  C(1) 
   1698865 279.65 || noQ Q (Avg,Max,Min) (4.07, 5.80, 1.63) (0.28, 0.18, 0.77) #fs:  10  -- #Conts: 28 H(1)  G(8)  E(17)  C(2) 
   1701453 274.24 || noQ Q (Avg,Max,Min) (4.01, 5.75, 1.63) (0.28, 0.18, 0.77) #fs:  12  -- #Conts: 28 H(1)  G(8)  E(15)  C(4) 
   1704286 269.18 || noQ Q (Avg,Max,Min) (3.87, 5.70, 1.63) (0.27, 0.18, 0.77) #fs:  10  -- #Conts: 29 H(1)  G(7)  E(16)  C(5) 
   1707714 267.18 || noQ Q (Avg,Max,Min) (4.12, 5.65, 1.64) (0.29, 0.19, 0.78) #fs:   5  -- #Conts: 26 H(1)  G(9)  E(11)  C(5) 
   1709857 264.47 || noQ Q (Avg,Max,Min) (4.05, 5.72, 1.64) (0.29, 0.19, 0.78) #fs:   5  -- #Conts: 26 H(1)  G(9)  E(10)  C(6) 
   1714113 259.76 || noQ Q (Avg,Max,Min) (3.82, 5.51, 1.64) (0.27, 0.19, 0.78) #fs:   4  -- #Conts: 28 H(1)  G(7)  E(14)  C(6) 
   1716376 257.41 || noQ Q (Avg,Max,Min) (3.69, 5.47, 1.64) (0.27, 0.19, 0.78) #fs:   9  -- #Conts: 29 H(1)  G(6)  E(16)  C(6) 
   1720727 255.06 || noQ Q (Avg,Max,Min) (3.58, 5.38, 1.64) (0.26, 0.19, 0.78) #fs:   9  -- #Conts: 30 H(1)  G(5)  E(18)  C(6) 
   1724639 252.35 || noQ Q (Avg,Max,Min) (3.57, 5.35, 1.63) (0.26, 0.19, 0.78) #fs:   5  -- #Conts: 30 H(1)  G(5)  E(17)  C(7) 
   1731584 250.00 || noQ Q (Avg,Max,Min) (3.46, 4.95, 1.63) (0.26, 0.19, 0.79) #fs:   8  -- #Conts: 31 H(1)  G(4)  E(19)  C(7) 
   1736956 247.29 || noQ Q (Avg,Max,Min) (3.46, 4.87, 1.63) (0.26, 0.19, 0.79) #fs:   5  -- #Conts: 31 H(1)  G(4)  E(18)  C(8) 
   1738598 244.94 || noQ Q (Avg,Max,Min) (3.34, 4.85, 1.63) (0.25, 0.19, 0.79) #fs:   6  -- #Conts: 32 H(1)  G(3)  E(20)  C(8) 
   1751503 242.59 || noQ Q (Avg,Max,Min) (3.31, 4.95, 1.63) (0.25, 0.19, 0.79) #fs:   1  -- #Conts: 33 H(1)  G(2)  E(22)  C(8) 
   1754615 239.88 || noQ Q (Avg,Max,Min) (3.27, 4.91, 1.62) (0.25, 0.19, 0.79) #fs:   7  -- #Conts: 33 H(1)  G(2)  E(21)  C(9) 
   1761523 237.18 || noQ Q (Avg,Max,Min) (3.26, 4.81, 1.62) (0.25, 0.19, 0.79) #fs:   2  -- #Conts: 33 H(1)  G(2)  E(20)  C(10) 
   1765145 234.82 || noQ Q (Avg,Max,Min) (3.18, 4.51, 1.62) (0.24, 0.19, 0.79) #fs:   3  -- #Conts: 34 H(1)  G(1)  E(22)  C(10) 
   1776640 232.47 || noQ Q (Avg,Max,Min) (3.09, 4.02, 1.62) (0.24, 0.19, 0.80) #fs:   5  -- #Conts: 35 H(1)  E(24)  C(10) 
   1781919 229.76 || noQ Q (Avg,Max,Min) (3.08, 4.02, 1.61) (0.24, 0.20, 0.80) #fs:   4  -- #Conts: 35 H(1)  E(23)  C(11) 
   1784667 228.47 || noQ Q (Avg,Max,Min) (3.09, 4.24, 1.61) (0.25, 0.20, 0.80) #fs:   6  -- #Conts: 34 H(1)  E(24)  C(9) 
   1791192 224.47 || noQ Q (Avg,Max,Min) (3.14, 4.18, 1.61) (0.25, 0.20, 0.80) #fs:   6  -- #Conts: 33 H(1)  E(24)  C(8) 
   1793952 219.06 || noQ Q (Avg,Max,Min) (3.02, 4.49, 1.61) (0.26, 0.20, 0.80) #fs:   6  -- #Conts: 33 H(1)  E(22)  C(10) 
   1797197 216.35 || noQ Q (Avg,Max,Min) (3.02, 4.46, 1.60) (0.26, 0.20, 0.80) #fs:   7  -- #Conts: 33 H(1)  E(21)  C(11) 
   1798218 215.06 || noQ Q (Avg,Max,Min) (3.04, 4.49, 1.60) (0.26, 0.20, 0.80) #fs:   5  -- #Conts: 32 H(1)  E(22)  C(9) 
   1801306 212.35 || noQ Q (Avg,Max,Min) (3.05, 4.46, 1.60) (0.26, 0.21, 0.80) #fs:   3  -- #Conts: 32 H(1)  E(21)  C(10) 
   1807167 208.94 || noQ Q (Avg,Max,Min) (3.10, 5.75, 1.61) (0.27, 0.21, 0.81) #fs:   6  -- #Conts: 30 H(1)  G(2)  E(14)  C(13) 
   1810294 206.24 || noQ Q (Avg,Max,Min) (3.03, 5.94, 1.60) (0.27, 0.21, 0.81) #fs:  11  -- #Conts: 30 H(1)  G(2)  E(13)  C(14) 
   1814265 204.94 || noQ Q (Avg,Max,Min) (3.09, 5.67, 1.60) (0.28, 0.21, 0.81) #fs:   6  -- #Conts: 29 H(1)  G(2)  E(14)  C(12) 
   1823164 200.94 || noQ Q (Avg,Max,Min) (3.14, 5.56, 1.60) (0.29, 0.21, 0.81) #fs:   5  -- #Conts: 28 H(1)  G(2)  E(14)  C(11) 
   1824841 199.53 || noQ Q (Avg,Max,Min) (3.04, 5.75, 1.60) (0.28, 0.21, 0.81) #fs:   7  -- #Conts: 29 H(1)  G(2)  E(12)  C(14) 
   1827627 195.53 || noQ Q (Avg,Max,Min) (3.04, 5.71, 1.60) (0.29, 0.21, 0.81) #fs:   8  -- #Conts: 28 H(1)  G(2)  E(12)  C(13) 
   1830190 191.53 || noQ Q (Avg,Max,Min) (3.09, 5.68, 1.60) (0.30, 0.21, 0.81) #fs:   4  -- #Conts: 27 H(1)  G(2)  E(12)  C(12) 
   1832190 188.82 || noQ Q (Avg,Max,Min) (3.02, 5.43, 1.59) (0.30, 0.21, 0.81) #fs:   9  -- #Conts: 27 H(1)  G(2)  E(11)  C(13) 
   1838864 184.82 || noQ Q (Avg,Max,Min) (3.06, 5.38, 1.59) (0.31, 0.21, 0.81) #fs:   7  -- #Conts: 26 H(1)  G(2)  E(11)  C(12) 
   1840535 180.82 || noQ Q (Avg,Max,Min) (3.07, 5.34, 1.59) (0.32, 0.21, 0.81) #fs:   8  -- #Conts: 25 H(1)  G(2)  E(11)  C(11) 
   1848964 176.82 || noQ Q (Avg,Max,Min) (3.04, 5.24, 1.58) (0.33, 0.22, 0.81) #fs:   9  -- #Conts: 24 H(1)  G(2)  E(11)  C(10) 
   1850830 174.12 || noQ Q (Avg,Max,Min) (2.96, 5.43, 1.59) (0.33, 0.21, 0.82) #fs:  12  -- #Conts: 24 H(1)  G(2)  E(10)  C(11) 
   1859138 170.12 || noQ Q (Avg,Max,Min) (3.06, 5.34, 1.59) (0.34, 0.22, 0.82) #fs:   7  -- #Conts: 23 H(1)  G(2)  E(10)  C(10) 
   1870715 167.41 || noQ Q (Avg,Max,Min) (3.04, 5.20, 1.59) (0.34, 0.21, 0.82) #fs:   6  -- #Conts: 23 H(1)  G(2)  E(9)  C(11) 
   1875749 163.41 || noQ Q (Avg,Max,Min) (3.06, 5.13, 1.58) (0.36, 0.23, 0.83) #fs:   6  -- #Conts: 22 H(1)  G(2)  E(9)  C(10) 
   1877153 162.00 || noQ Q (Avg,Max,Min) (2.98, 5.13, 1.58) (0.34, 0.21, 0.83) #fs:   2  -- #Conts: 23 H(1)  G(2)  E(7)  C(13) 
   1878609 160.71 || noQ Q (Avg,Max,Min) (3.04, 5.08, 1.58) (0.36, 0.23, 0.83) #fs:   4  -- #Conts: 22 H(1)  G(2)  E(8)  C(11) 
   1888068 158.00 || noQ Q (Avg,Max,Min) (3.02, 5.05, 1.58) (0.36, 0.23, 0.83) #fs:   2  -- #Conts: 22 H(1)  G(2)  E(7)  C(12) 
   1893619 155.29 || noQ Q (Avg,Max,Min) (2.92, 4.96, 1.58) (0.35, 0.23, 0.83) #fs:   5  -- #Conts: 22 H(1)  G(2)  E(6)  C(13) 
   1908361 155.18 || noQ Q (Avg,Max,Min) (2.81, 5.76, 1.57) (0.33, 0.21, 0.83) #fs:   4  -- #Conts: 24 H(1)  G(2)  E(3)  C(18) 
   1911171 151.18 || noQ Q (Avg,Max,Min) (2.83, 5.95, 1.57) (0.35, 0.21, 0.83) #fs:   3  -- #Conts: 23 H(1)  G(2)  E(3)  C(17) 
   1943271 147.18 || noQ Q (Avg,Max,Min) (2.82, 5.63, 1.56) (0.35, 0.23, 0.84) #fs:   1  -- #Conts: 22 H(1)  G(2)  E(3)  C(16) 
   1958103 144.47 || noQ Q (Avg,Max,Min) (2.78, 5.34, 1.56) (0.35, 0.23, 0.85) #fs:   2  -- #Conts: 22 H(1)  G(2)  E(2)  C(17) 
   1977115 140.47 || noQ Q (Avg,Max,Min) (2.84, 6.15, 1.55) (0.37, 0.23, 0.90) #fs:   4  -- #Conts: 21 H(1)  G(2)  E(2)  C(16) 
   2000668 137.76 || noQ Q (Avg,Max,Min) (2.80, 6.22, 1.55) (0.37, 0.23, 0.95) #fs:   3  -- #Conts: 21 H(1)  G(2)  E(1)  C(17) 
   2008826 133.76 || noQ Q (Avg,Max,Min) (2.78, 6.15, 1.55) (0.38, 0.23, 0.95) #fs:   3  -- #Conts: 20 H(1)  G(2)  E(1)  C(16) 
   2039748 132.47 || noQ Q (Avg,Max,Min) (2.74, 6.02, 1.01) (0.39, 0.00, 0.98) #fs:   3  -- #Conts: 19 H(1)  G(2)  E(2)  C(14) 
   2039842 125.76 || noQ Q (Avg,Max,Min) (2.83, 6.00, 1.53) (0.42, 0.24, 0.98) #fs:   3  -- #Conts: 18 H(1)  G(2)  E(1)  C(14) 
   2055349 121.76 || noQ Q (Avg,Max,Min) (2.86, 5.85, 1.53) (0.44, 0.25, 0.98) #fs:   3  -- #Conts: 17 H(1)  G(2)  E(1)  C(13) 
   2071212 117.76 || noQ Q (Avg,Max,Min) (2.85, 6.58, 1.53) (0.45, 0.25, 1.13) #fs:   5  -- #Conts: 16 H(1)  G(2)  E(1)  C(12) 
   2082619 115.06 || noQ Q (Avg,Max,Min) (2.65, 6.04, 1.53) (0.46, 0.25, 1.07) #fs:   7  -- #Conts: 16 H(1)  G(2)  C(13) 
   2095723 111.06 || noQ Q (Avg,Max,Min) (2.62, 6.11, 1.52) (0.48, 0.25, 1.09) #fs:   8  -- #Conts: 15 H(1)  G(2)  C(12) 
   2107770 107.06 || noQ Q (Avg,Max,Min) (2.80, 6.01, 1.52) (0.51, 0.21, 1.10) #fs:   7  -- #Conts: 14 H(1)  G(2)  C(11) 
   2112370 105.06 || noQ Q (Avg,Max,Min) (2.40, 5.98, 0.06) (0.48, 0.02, 1.10) #fs:  11  -- #Conts: 15 H(1)  G(2)  A(2)  C(10) 
   2113351 104.06 || noQ Q (Avg,Max,Min) (2.56, 5.98, 0.15) (0.51, 0.04, 1.10) #fs:  10  -- #Conts: 14 H(1)  G(2)  A(1)  C(10) 
   2114800 103.06 || noQ Q (Avg,Max,Min) (2.74, 5.97, 1.52) (0.55, 0.28, 1.10) #fs:   8  -- #Conts: 13 H(1)  G(2)  C(10) 
   2123326 102.06 || noQ Q (Avg,Max,Min) (2.42, 6.03, 0.23) (0.49, 0.03, 1.12) #fs:   9  -- #Conts: 15 H(1)  G(2)  A(3)  C(9) 
   2125170 101.06 || noQ Q (Avg,Max,Min) (2.57, 6.01, 0.53) (0.52, 0.03, 1.12) #fs:   7  -- #Conts: 14 H(1)  G(2)  A(2)  C(9) 
   2126798 100.06 || noQ Q (Avg,Max,Min) (2.73, 6.00, 0.53) (0.56, 0.10, 1.12) #fs:   7  -- #Conts: 13 H(1)  G(2)  A(1)  C(9) 
   2130287 099.06 || noQ Q (Avg,Max,Min) (2.90, 5.97, 1.51) (0.60, 0.29, 1.12) #fs:   5  -- #Conts: 12 H(1)  G(2)  C(9) 
   2139837 098.06 || noQ Q (Avg,Max,Min) (2.61, 5.90, 0.61) (0.52, 0.02, 1.13) #fs:   5  -- #Conts: 14 H(1)  G(2)  A(3)  C(8) 
   2140965 097.06 || noQ Q (Avg,Max,Min) (2.73, 5.90, 0.61) (0.56, 0.07, 1.13) #fs:   4  -- #Conts: 13 H(1)  G(2)  A(2)  C(8) 
   2143667 096.06 || noQ Q (Avg,Max,Min) (2.90, 5.88, 1.00) (0.60, 0.07, 1.13) #fs:   3  -- #Conts: 12 H(1)  G(2)  A(1)  C(8) 
   2146436 095.06 || noQ Q (Avg,Max,Min) (3.06, 5.85, 1.51) (0.65, 0.48, 1.13) #fs:   3  -- #Conts: 11 H(1)  G(2)  C(8) 
   2190838 091.06 || noQ Q (Avg,Max,Min) (3.04, 5.56, 1.50) (0.66, 0.46, 1.14) #fs:   2  -- #Conts: 10 H(1)  G(2)  C(7) 
   2202146 090.00 || noQ Q (Avg,Max,Min) (2.63, 5.28, 1.25) (0.60, 0.25, 1.10) #fs:   3  -- #Conts: 12 H(1)  G(1)  E(1)  C(9) 
   2230235 086.00 || noQ Q (Avg,Max,Min) (2.74, 5.77, 1.49) (0.64, 0.45, 1.25) #fs:   3  -- #Conts: 11 H(1)  G(1)  E(1)  C(8) 
   2275487 082.00 || noQ Q (Avg,Max,Min) (2.75, 5.51, 1.48) (0.67, 0.49, 1.26) #fs:   3  -- #Conts: 10 H(1)  G(1)  E(1)  C(7) 
   2329501 078.00 || noQ Q (Avg,Max,Min) (2.79, 5.90, 1.47) (0.71, 0.51, 1.44) #fs:   3  -- #Conts: 9 H(1)  G(1)  E(1)  C(6) 
   2369105 074.00 || noQ Q (Avg,Max,Min) (2.81, 6.33, 1.46) (0.77, 0.52, 1.61) #fs:   7  -- #Conts: 8 H(1)  G(1)  E(1)  C(5) 
   2451210 070.00 || noQ Q (Avg,Max,Min) (2.90, 6.48, 1.45) (0.83, 0.52, 1.80) #fs:   3  -- #Conts: 7 H(1)  G(1)  E(1)  C(4) 
   2472166 066.24 || noQ Q (Avg,Max,Min) (2.39, 3.12, 1.44) (0.74, 0.57, 0.99) #fs:   4  -- #Conts: 9 H(1)  E(1)  C(7) 
   2543943 063.24 || noQ Q (Avg,Max,Min) (2.17, 3.01, 1.00) (0.69, 0.01, 1.01) #fs:   2  -- #Conts: 9 H(1)  A(1)  E(1)  C(6) 
   2543993 062.24 || noQ Q (Avg,Max,Min) (2.32, 3.01, 1.43) (0.77, 0.56, 1.01) #fs:   4  -- #Conts: 8 H(1)  E(1)  C(6) 
   2583748 061.29 || noQ Q (Avg,Max,Min) (2.04, 5.84, 1.00) (0.67, 0.05, 1.84) #fs:   2  -- #Conts: 10 H(1)  G(1)  A(6)  C(2) 
   2586671 060.29 || noQ Q (Avg,Max,Min) (2.16, 5.83, 1.42) (0.74, 0.45, 1.84) #fs:   2  -- #Conts: 9 H(1)  G(1)  A(5)  C(2) 
   2603809 059.29 || noQ Q (Avg,Max,Min) (2.22, 5.76, 1.42) (0.78, 0.46, 1.84) #fs:   0  -- #Conts: 8 H(1)  G(1)  A(4)  C(2) 
   2626483 058.29 || noQ Q (Avg,Max,Min) (2.37, 6.17, 1.41) (0.85, 0.46, 2.01) #fs:   2  -- #Conts: 7 H(1)  G(1)  A(3)  C(2) 
   2634655 058.24 || noQ Q (Avg,Max,Min) (1.89, 3.34, 0.44) (0.67, 0.07, 1.10) #fs:   2  -- #Conts: 10 H(1)  A(4)  E(1)  C(4) 
   2637590 057.24 || noQ Q (Avg,Max,Min) (2.04, 3.33, 1.42) (0.74, 0.46, 1.10) #fs:   0  -- #Conts: 9 H(1)  A(3)  E(1)  C(4) 
   2669348 056.24 || noQ Q (Avg,Max,Min) (1.83, 3.21, 1.41) (0.67, 0.47, 1.09) #fs:   1  -- #Conts: 11 H(1)  A(6)  E(1)  C(3) 
   2690340 055.24 || noQ Q (Avg,Max,Min) (1.85, 3.18, 1.41) (0.69, 0.48, 1.09) #fs:   1  -- #Conts: 10 H(1)  A(5)  E(1)  C(3) 
   2724440 054.24 || noQ Q (Avg,Max,Min) (1.70, 3.11, 1.37) (0.65, 0.48, 1.10) #fs:   3  -- #Conts: 12 H(1)  A(8)  E(1)  C(2) 
   2751066 053.24 || noQ Q (Avg,Max,Min) (1.69, 3.07, 1.31) (0.66, 0.47, 1.11) #fs:   4  -- #Conts: 11 H(1)  A(7)  E(1)  C(2) 
   2776714 052.24 || noQ Q (Avg,Max,Min) (1.73, 3.02, 1.38) (0.69, 0.50, 1.11) #fs:   3  -- #Conts: 10 H(1)  A(6)  E(1)  C(2) 
   2810171 051.24 || noQ Q (Avg,Max,Min) (1.74, 2.97, 1.37) (0.72, 0.51, 1.12) #fs:   3  -- #Conts: 9 H(1)  A(5)  E(1)  C(2) 
   2836326 050.24 || noQ Q (Avg,Max,Min) (1.84, 3.37, 1.35) (0.76, 0.45, 1.30) #fs:   3  -- #Conts: 8 H(1)  A(4)  E(1)  C(2) 
   2869381 049.24 || noQ Q (Avg,Max,Min) (1.85, 3.31, 1.31) (0.81, 0.51, 1.31) #fs:   5  -- #Conts: 7 H(1)  A(3)  E(1)  C(2) 
   2890914 048.24 || noQ Q (Avg,Max,Min) (1.93, 3.28, 1.33) (0.86, 0.53, 1.31) #fs:   4  -- #Conts: 6 H(1)  A(2)  E(1)  C(2) 
   2924668 047.24 || noQ Q (Avg,Max,Min) (2.07, 3.17, 1.35) (0.96, 0.54, 1.30) #fs:   4  -- #Conts: 5 H(1)  A(1)  E(1)  C(2) 
   2942748 046.24 || noQ Q (Avg,Max,Min) (2.34, 3.15, 1.37) (1.11, 0.98, 1.31) #fs:   0  -- #Conts: 4 H(1)  E(1)  C(2) 
   3000545 045.24 || noQ Q (Avg,Max,Min) (1.79, 3.05, 1.22) (0.86, 0.52, 1.32) #fs:   3  -- #Conts: 6 H(1)  A(3)  E(1)  C(1) 
   3027317 044.24 || noQ Q (Avg,Max,Min) (1.97, 3.35, 1.32) (0.97, 0.58, 1.47) #fs:   2  -- #Conts: 5 H(1)  A(2)  E(1)  C(1) 
   3062667 043.24 || noQ Q (Avg,Max,Min) (2.11, 3.40, 1.31) (1.08, 0.58, 1.52) #fs:   1  -- #Conts: 4 H(1)  A(1)  E(1)  C(1) 
   3100861 042.24 || noQ Q (Avg,Max,Min) (2.34, 3.35, 1.35) (1.26, 1.07, 1.53) #fs:   0  -- #Conts: 3 H(1)  E(1)  C(1) 
   3176093 041.24 || noQ Q (Avg,Max,Min) (1.60, 3.15, 1.12) (0.88, 0.53, 1.51) #fs:   3  -- #Conts: 5 H(1)  A(3)  E(1) 
   3204568 040.24 || noQ Q (Avg,Max,Min) (1.76, 3.12, 1.28) (0.99, 0.62, 1.52) #fs:   2  -- #Conts: 4 H(1)  A(2)  E(1) 
   3251740 039.24 || noQ Q (Avg,Max,Min) (1.97, 3.34, 1.24) (1.17, 0.62, 1.67) #fs:   2  -- #Conts: 3 H(1)  A(1)  E(1) 
   3296950 038.24 || noQ Q (Avg,Max,Min) (2.33, 3.32, 1.33) (1.46, 1.22, 1.71) #fs:   0  -- #Conts: 2 H(1)  E(1) 
   3410766 037.53 || noQ Q (Avg,Max,Min) (1.23, 1.32, 1.11) (0.74, 0.60, 1.25) #fs:   6  -- #Conts: 7 H(1)  A(6) 
   3465175 036.53 || noQ Q (Avg,Max,Min) (1.22, 1.32, 1.09) (0.77, 0.61, 1.27) #fs:   5  -- #Conts: 6 H(1)  A(5) 
   3524413 035.53 || noQ Q (Avg,Max,Min) (1.20, 1.31, 1.06) (0.80, 0.61, 1.28) #fs:   3  -- #Conts: 5 H(1)  A(4) 
   3577910 034.53 || noQ Q (Avg,Max,Min) (1.22, 1.31, 1.15) (0.85, 0.68, 1.30) #fs:   4  -- #Conts: 4 H(1)  A(3) 
   4221870 033.53 || noQ Q (Avg,Max,Min) (1.19, 1.30, 1.10) (1.02, 0.85, 1.30) #fs:   3  -- #Conts: 3 H(1)  A(2) 
   4396041 033.47 || noQ Q (Avg,Max,Min) (1.68, 3.21, 0.20) (1.31, 0.08, 2.45) #fs:   4  -- #Conts: 7 G(1)  A(3)  E(1)  C(2) 
   4412275 032.47 || noQ Q (Avg,Max,Min) (1.93, 3.20, 0.92) (1.52, 0.70, 2.45) #fs:   2  -- #Conts: 6 G(1)  A(2)  E(1)  C(2) 
   4484566 031.47 || noQ Q (Avg,Max,Min) (2.14, 3.35, 1.30) (1.74, 1.09, 2.63) #fs:   1  -- #Conts: 5 G(1)  A(1)  E(1)  C(2) 
   4750346 030.47 || noQ Q (Avg,Max,Min) (1.75, 3.26, 1.30) (1.52, 1.11, 2.80) #fs:   2  -- #Conts: 7 G(1)  A(4)  E(1)  C(1) 
   4954490 029.47 || noQ Q (Avg,Max,Min) (1.82, 3.30, 1.30) (1.68, 1.16, 3.02) #fs:   1  -- #Conts: 6 G(1)  A(3)  E(1)  C(1) 
/////////////////size: 162
nodes 100 edges 192
 mulT: 50 mulD: 100  sumData GB 9759
pareto /CYBERSHAKE.n.100.0.dax time -> 4695.0
moheft /CYBERSHAKE.n.100.0.dax time -> 15229.0
distance from M to C 9.318285660101074
distance from P to C 0.0684149368334706
distance from C to M 1.2677408460045825
distance from C to P 4.354718468436232
toCompare: /CYBERSHAKE.n.100.0.dax sumDataGB: 9759 mulT: 50 mulD: 100 paretoOptTime_MS: 4695.0 MoheftOptimizationTime_MS: 15229.0 MtoC 9.318285660101074 PtoC 0.0684149368334706 CtoM 1.2677408460045825 CtoP 4.354718468436232
