specify -Dflow d,b,mt,md,size
Running /home/vaggelis/jc/LIGO.n.100.0.dax mt 1000 md: 20000 size null
  44405109 6700.00 || noQ Q (Avg,Max,Min) (1.00, 1.03, 0.92) (0.91, 0.78, 1.01) #fs:   7  -- #Conts: 44 H(36)  G(8) 
  54314357 6589.65 || noQ Q (Avg,Max,Min) (1.01, 1.06, 1.00) (0.94, 0.82, 1.05) #fs:   1  -- #Conts: 36 H(36) 
  54672724 6558.12 || noQ Q (Avg,Max,Min) (1.01, 1.06, 0.96) (0.95, 0.83, 1.05) #fs:   3  -- #Conts: 35 H(35) 
  58944220 6526.59 || noQ Q (Avg,Max,Min) (1.01, 1.06, 0.96) (0.96, 0.85, 1.05) #fs:   3  -- #Conts: 34 H(34) 
  65664766 6479.29 || noQ Q (Avg,Max,Min) (1.01, 1.06, 0.92) (0.96, 0.87, 1.05) #fs:   3  -- #Conts: 32 H(31)  G(1) 
  65779630 6400.47 || noQ Q (Avg,Max,Min) (1.01, 1.06, 1.00) (0.96, 0.87, 1.05) #fs:   2  -- #Conts: 32 H(28)  G(4) 
  66506393 6384.71 || noQ Q (Avg,Max,Min) (1.02, 1.06, 1.00) (0.96, 0.87, 1.05) #fs:   2  -- #Conts: 31 H(28)  G(3) 
  68921853 6305.88 || noQ Q (Avg,Max,Min) (1.02, 1.06, 1.00) (0.98, 0.88, 1.05) #fs:   2  -- #Conts: 29 H(26)  G(3) 
  74074326 6211.29 || noQ Q (Avg,Max,Min) (1.02, 1.06, 1.00) (0.99, 0.92, 1.05) #fs:   2  -- #Conts: 28 H(24)  G(4) 
  75542644 5620.24 || noQ Q (Avg,Max,Min) (1.00, 1.02, 0.96) (0.94, 0.83, 1.01) #fs:   9  -- #Conts: 45 G(43)  E(2) 
  75580498 5604.47 || noQ Q (Avg,Max,Min) (1.00, 1.02, 0.94) (0.94, 0.83, 1.01) #fs:  10  -- #Conts: 45 G(43)  E(2) 
  79235465 5536.00 || noQ Q (Avg,Max,Min) (1.00, 1.05, 0.91) (0.96, 0.89, 1.03) #fs:   6  -- #Conts: 42 G(38)  E(4) 
  82797870 5464.94 || noQ Q (Avg,Max,Min) (1.00, 1.04, 0.91) (0.97, 0.90, 1.03) #fs:   7  -- #Conts: 36 G(34)  E(2) 
  94873670 5433.41 || noQ Q (Avg,Max,Min) (1.00, 1.04, 0.91) (0.98, 0.90, 1.03) #fs:   7  -- #Conts: 35 G(33)  E(2) 
  99069414 5417.65 || noQ Q (Avg,Max,Min) (1.00, 1.04, 0.91) (0.98, 0.90, 1.03) #fs:   7  -- #Conts: 34 G(32)  E(2) 
 118240989 5385.06 || noQ Q (Avg,Max,Min) (1.01, 1.03, 0.95) (0.98, 0.91, 1.03) #fs:   2  -- #Conts: 30 G(27)  E(3) 
 126274782 5369.29 || noQ Q (Avg,Max,Min) (1.01, 1.03, 0.95) (0.98, 0.91, 1.03) #fs:   2  -- #Conts: 29 G(26)  E(3) 
 129396554 5338.82 || noQ Q (Avg,Max,Min) (1.01, 1.03, 0.98) (0.99, 0.94, 1.03) #fs:   2  -- #Conts: 28 G(26)  E(2) 
 171803953 5170.24 || noQ Q (Avg,Max,Min) (1.00, 1.08, 0.99) (0.97, 0.73, 1.00) #fs:  16  -- #Conts: 44 E(44) 
 197389979 5136.71 || noQ Q (Avg,Max,Min) (1.01, 1.08, 1.00) (0.96, 0.72, 1.00) #fs:  11  -- #Conts: 47 E(47) 
 232155973 5123.29 || noQ Q (Avg,Max,Min) (1.01, 1.08, 1.00) (0.96, 0.72, 1.00) #fs:  11  -- #Conts: 45 E(45) 
 276443164 5116.59 || noQ Q (Avg,Max,Min) (1.01, 1.08, 1.00) (0.96, 0.72, 1.00) #fs:  11  -- #Conts: 43 E(43) 
/////////////////size: 22
 194757679 5644.29 || noQ Q (Avg,Max,Min) (1.01, 1.05, 0.93) (0.96, 0.77, 1.03) #fs:   4  -- #Conts: 34 H(8)  G(22)  A(2)  E(1)  C(1) 
 198303576 5628.53 || noQ Q (Avg,Max,Min) (1.01, 1.05, 0.93) (0.96, 0.77, 1.03) #fs:   4  -- #Conts: 33 H(7)  G(22)  A(2)  E(1)  C(1) 
 199639823 5612.76 || noQ Q (Avg,Max,Min) (1.01, 1.05, 0.93) (0.97, 0.77, 1.03) #fs:   4  -- #Conts: 33 H(7)  G(22)  A(2)  E(1)  C(1) 
 201203266 5610.06 || noQ Q (Avg,Max,Min) (1.01, 1.05, 0.93) (0.97, 0.77, 1.03) #fs:   4  -- #Conts: 34 H(7)  G(22)  A(2)  E(2)  C(1) 
 202200026 5581.24 || noQ Q (Avg,Max,Min) (1.02, 1.37, 0.93) (0.95, 0.07, 1.03) #fs:   3  -- #Conts: 34 H(6)  G(24)  A(2)  E(1)  C(1) 
 202284250 5565.47 || noQ Q (Avg,Max,Min) (1.01, 1.05, 0.93) (0.98, 0.89, 1.03) #fs:   3  -- #Conts: 33 H(5)  G(24)  A(2)  E(1)  C(1) 
 202330408 5549.71 || noQ Q (Avg,Max,Min) (1.01, 1.05, 0.93) (0.98, 0.89, 1.03) #fs:   4  -- #Conts: 33 H(5)  G(24)  A(2)  E(1)  C(1) 
 203542692 5547.00 || noQ Q (Avg,Max,Min) (1.01, 1.05, 0.93) (0.98, 0.89, 1.03) #fs:   4  -- #Conts: 33 H(5)  G(23)  A(2)  E(2)  C(1) 
 204152446 5545.59 || noQ Q (Avg,Max,Min) (1.01, 1.06, 0.93) (0.96, 0.36, 1.03) #fs:   4  -- #Conts: 35 H(5)  G(22)  A(2)  E(4)  C(2) 
 206546513 5533.47 || noQ Q (Avg,Max,Min) (1.02, 1.43, 0.93) (0.96, 0.07, 1.03) #fs:   3  -- #Conts: 33 H(6)  G(18)  A(2)  E(6)  C(1) 
 206612429 5517.71 || noQ Q (Avg,Max,Min) (1.01, 1.21, 0.93) (0.96, 0.11, 1.03) #fs:   3  -- #Conts: 33 H(5)  G(19)  A(2)  E(6)  C(1) 
 206847434 5501.94 || noQ Q (Avg,Max,Min) (1.01, 1.05, 0.93) (0.98, 0.89, 1.03) #fs:   3  -- #Conts: 32 H(5)  G(18)  A(2)  E(6)  C(1) 
 209986989 5489.94 || noQ Q (Avg,Max,Min) (1.00, 1.05, 0.90) (0.98, 0.77, 1.03) #fs:   5  -- #Conts: 29 H(5)  G(18)  A(2)  E(3)  C(1) 
 214834676 5458.41 || noQ Q (Avg,Max,Min) (1.01, 1.05, 0.93) (0.99, 0.90, 1.03) #fs:   4  -- #Conts: 28 H(4)  G(18)  A(2)  E(3)  C(1) 
 224069286 5457.71 || noQ Q (Avg,Max,Min) (1.01, 1.05, 0.93) (0.98, 0.76, 1.03) #fs:   4  -- #Conts: 30 H(4)  G(18)  A(3)  E(4)  C(1) 
 224304291 5455.71 || noQ Q (Avg,Max,Min) (1.01, 1.05, 0.93) (0.99, 0.90, 1.03) #fs:   4  -- #Conts: 29 H(4)  G(18)  A(2)  E(4)  C(1) 
 241705808 5455.00 || noQ Q (Avg,Max,Min) (1.01, 1.05, 0.93) (0.98, 0.76, 1.03) #fs:   4  -- #Conts: 31 H(4)  G(18)  A(3)  E(5)  C(1) 
 242333767 5453.00 || noQ Q (Avg,Max,Min) (1.01, 1.05, 0.93) (0.99, 0.90, 1.03) #fs:   4  -- #Conts: 30 H(4)  G(18)  A(2)  E(5)  C(1) 
 251575168 5443.47 || noQ Q (Avg,Max,Min) (1.01, 1.05, 0.93) (0.99, 0.90, 1.03) #fs:   3  -- #Conts: 30 H(4)  G(16)  A(2)  E(7)  C(1) 
 274384838 5440.76 || noQ Q (Avg,Max,Min) (1.01, 1.05, 0.93) (0.99, 0.90, 1.03) #fs:   3  -- #Conts: 31 H(4)  G(16)  A(2)  E(8)  C(1) 
 281213880 5422.65 || noQ Q (Avg,Max,Min) (1.00, 1.05, 0.75) (0.98, 0.66, 1.03) #fs:   7  -- #Conts: 31 H(4)  G(16)  A(2)  E(8)  C(1) 
 281303371 5391.12 || noQ Q (Avg,Max,Min) (1.00, 1.05, 0.92) (0.98, 0.79, 1.03) #fs:   6  -- #Conts: 31 H(4)  G(16)  A(2)  E(8)  C(1) 
 282409818 5375.35 || noQ Q (Avg,Max,Min) (1.00, 1.05, 0.92) (0.98, 0.79, 1.03) #fs:   7  -- #Conts: 31 H(3)  G(17)  A(2)  E(8)  C(1) 
 285456114 5363.59 || noQ Q (Avg,Max,Min) (1.01, 1.06, 0.92) (0.97, 0.36, 1.03) #fs:   6  -- #Conts: 31 H(3)  G(16)  A(2)  E(8)  C(2) 
 285567100 5359.59 || noQ Q (Avg,Max,Min) (1.00, 1.05, 0.92) (0.99, 0.91, 1.03) #fs:   6  -- #Conts: 30 H(3)  G(16)  A(2)  E(8)  C(1) 
 299617465 5356.88 || noQ Q (Avg,Max,Min) (1.00, 1.05, 0.92) (0.99, 0.91, 1.03) #fs:   6  -- #Conts: 29 H(3)  G(15)  A(2)  E(8)  C(1) 
 299768380 5352.29 || noQ Q (Avg,Max,Min) (1.01, 1.37, 0.92) (0.96, 0.07, 1.03) #fs:   5  -- #Conts: 34 H(3)  G(17)  A(2)  E(10)  C(2) 
 299807513 5351.47 || noQ Q (Avg,Max,Min) (1.00, 1.05, 0.92) (0.99, 0.91, 1.03) #fs:   6  -- #Conts: 29 H(3)  G(13)  A(2)  E(10)  C(1) 
 299898762 5336.53 || noQ Q (Avg,Max,Min) (1.01, 1.21, 0.92) (0.96, 0.11, 1.03) #fs:   5  -- #Conts: 34 H(2)  G(18)  A(2)  E(10)  C(2) 
 300245558 5320.76 || noQ Q (Avg,Max,Min) (1.00, 1.05, 0.92) (0.99, 0.85, 1.03) #fs:   5  -- #Conts: 33 H(2)  G(17)  A(2)  E(10)  C(2) 
 304206528 5311.71 || noQ Q (Avg,Max,Min) (1.01, 1.11, 0.92) (0.97, 0.22, 1.03) #fs:   4  -- #Conts: 33 H(2)  G(16)  A(2)  E(11)  C(2) 
 304718545 5309.00 || noQ Q (Avg,Max,Min) (1.01, 1.06, 0.92) (0.97, 0.36, 1.03) #fs:   4  -- #Conts: 33 H(2)  G(16)  A(2)  E(10)  C(3) 
 308893152 5307.00 || noQ Q (Avg,Max,Min) (1.00, 1.05, 0.92) (0.98, 0.76, 1.03) #fs:   4  -- #Conts: 33 H(2)  G(16)  A(3)  E(10)  C(2) 
 308991010 5303.59 || noQ Q (Avg,Max,Min) (1.00, 1.05, 0.92) (0.99, 0.91, 1.03) #fs:   4  -- #Conts: 31 H(2)  G(14)  A(2)  E(11)  C(2) 
 309147027 5300.88 || noQ Q (Avg,Max,Min) (1.00, 1.05, 0.92) (0.99, 0.91, 1.03) #fs:   4  -- #Conts: 31 H(2)  G(13)  A(2)  E(12)  C(2) 
 319753827 5298.18 || noQ Q (Avg,Max,Min) (1.01, 1.06, 0.92) (0.97, 0.36, 1.03) #fs:   5  -- #Conts: 31 H(2)  G(13)  A(2)  E(11)  C(3) 
 323928434 5296.18 || noQ Q (Avg,Max,Min) (1.00, 1.05, 0.92) (0.98, 0.76, 1.03) #fs:   5  -- #Conts: 31 H(2)  G(13)  A(3)  E(11)  C(2) 
 340874227 5293.47 || noQ Q (Avg,Max,Min) (1.01, 1.06, 0.92) (0.97, 0.36, 1.03) #fs:   4  -- #Conts: 32 H(2)  G(13)  A(3)  E(11)  C(3) 
 345048834 5291.47 || noQ Q (Avg,Max,Min) (1.00, 1.05, 0.92) (0.98, 0.76, 1.03) #fs:   4  -- #Conts: 32 H(2)  G(13)  A(4)  E(11)  C(2) 
 352759909 5284.88 || noQ Q (Avg,Max,Min) (1.00, 1.10, 0.90) (0.95, 0.21, 1.01) #fs:   2  -- #Conts: 28 H(2)  A(3)  G(9)  E(13)  C(1) 
 352848561 5282.18 || noQ Q (Avg,Max,Min) (0.99, 1.06, 0.63) (0.95, 0.36, 1.01) #fs:   2  -- #Conts: 28 H(1)  A(3)  G(10)  E(12)  C(2) 
 352915376 5262.41 || noQ Q (Avg,Max,Min) (1.00, 1.03, 1.00) (0.98, 0.77, 1.01) #fs:   1  -- #Conts: 27 H(1)  A(3)  G(10)  E(12)  C(1) 
 353371897 5253.35 || noQ Q (Avg,Max,Min) (1.01, 1.10, 1.00) (0.96, 0.21, 1.01) #fs:   1  -- #Conts: 28 H(1)  A(3)  G(10)  E(13)  C(1) 
 353707232 5246.65 || noQ Q (Avg,Max,Min) (1.02, 1.43, 1.00) (0.96, 0.07, 1.01) #fs:   1  -- #Conts: 28 H(1)  A(3)  G(11)  E(12)  C(1) 
 353784102 5221.82 || noQ Q (Avg,Max,Min) (1.01, 1.10, 1.00) (0.96, 0.21, 1.01) #fs:   1  -- #Conts: 28 A(3)  G(11)  E(13)  C(1) 
 354019107 5215.12 || noQ Q (Avg,Max,Min) (1.01, 1.03, 1.00) (0.99, 0.95, 1.01) #fs:   1  -- #Conts: 27 A(3)  G(11)  E(12)  C(1) 
 360920874 5211.71 || noQ Q (Avg,Max,Min) (1.00, 1.03, 1.00) (0.98, 0.76, 1.01) #fs:   1  -- #Conts: 28 A(4)  G(10)  E(13)  C(1) 
 361555196 5209.71 || noQ Q (Avg,Max,Min) (1.00, 1.03, 1.00) (0.99, 0.95, 1.01) #fs:   1  -- #Conts: 27 A(3)  G(10)  E(13)  C(1) 
 369457156 5207.00 || noQ Q (Avg,Max,Min) (1.00, 1.03, 1.00) (0.99, 0.95, 1.01) #fs:   1  -- #Conts: 26 A(3)  G(9)  E(13)  C(1) 
 370009582 5204.29 || noQ Q (Avg,Max,Min) (1.01, 1.06, 1.00) (0.97, 0.36, 1.01) #fs:   1  -- #Conts: 27 A(3)  G(9)  E(13)  C(2) 
 372290854 5197.59 || noQ Q (Avg,Max,Min) (1.00, 1.03, 1.00) (1.00, 0.95, 1.01) #fs:   1  -- #Conts: 24 A(3)  G(8)  E(12)  C(1) 
 392454302 5194.88 || noQ Q (Avg,Max,Min) (1.01, 1.06, 1.00) (0.97, 0.36, 1.01) #fs:   1  -- #Conts: 25 A(3)  G(8)  E(12)  C(2) 
 396628909 5192.88 || noQ Q (Avg,Max,Min) (1.01, 1.03, 1.00) (0.99, 0.76, 1.01) #fs:   1  -- #Conts: 25 A(4)  G(8)  E(12)  C(1) 
 413006469 5189.18 || noQ Q (Avg,Max,Min) (1.01, 1.11, 1.00) (0.97, 0.22, 1.02) #fs:   0  -- #Conts: 32 A(3)  G(12)  E(16)  C(1) 
 413518486 5186.47 || noQ Q (Avg,Max,Min) (1.01, 1.06, 1.00) (0.98, 0.36, 1.02) #fs:   0  -- #Conts: 32 A(3)  G(12)  E(15)  C(2) 
 416645580 5183.76 || noQ Q (Avg,Max,Min) (1.01, 1.06, 0.97) (0.97, 0.36, 1.02) #fs:   2  -- #Conts: 31 A(3)  G(11)  E(15)  C(2) 
 420820187 5181.76 || noQ Q (Avg,Max,Min) (1.01, 1.06, 0.97) (0.99, 0.76, 1.02) #fs:   2  -- #Conts: 31 A(4)  G(11)  E(15)  C(1) 
 421692826 5179.06 || noQ Q (Avg,Max,Min) (1.01, 1.06, 0.97) (0.99, 0.76, 1.02) #fs:   1  -- #Conts: 31 A(4)  G(10)  E(16)  C(1) 
 428633447 5176.35 || noQ Q (Avg,Max,Min) (1.02, 1.43, 1.00) (0.97, 0.07, 1.02) #fs:   0  -- #Conts: 29 H(1)  A(3)  G(8)  E(15)  C(2) 
 428699363 5160.59 || noQ Q (Avg,Max,Min) (1.01, 1.06, 1.00) (1.00, 0.94, 1.02) #fs:   0  -- #Conts: 28 A(3)  G(8)  E(15)  C(2) 
 429154848 5151.53 || noQ Q (Avg,Max,Min) (1.01, 1.06, 0.99) (1.00, 0.97, 1.02) #fs:   1  -- #Conts: 28 A(3)  G(8)  E(15)  C(2) 
 429666865 5148.82 || noQ Q (Avg,Max,Min) (1.01, 1.06, 1.00) (0.98, 0.36, 1.02) #fs:   0  -- #Conts: 29 A(3)  G(8)  E(15)  C(3) 
 433841472 5146.82 || noQ Q (Avg,Max,Min) (1.01, 1.06, 1.00) (0.99, 0.76, 1.02) #fs:   0  -- #Conts: 29 A(4)  G(8)  E(15)  C(2) 
 442541578 5144.12 || noQ Q (Avg,Max,Min) (1.01, 1.06, 1.00) (0.99, 0.76, 1.02) #fs:   0  -- #Conts: 28 A(4)  G(7)  E(15)  C(2) 
 443169537 5142.12 || noQ Q (Avg,Max,Min) (1.01, 1.06, 1.00) (1.00, 0.97, 1.02) #fs:   0  -- #Conts: 27 A(3)  G(7)  E(15)  C(2) 
 499219848 5140.88 || noQ Q (Avg,Max,Min) (1.01, 1.06, 0.98) (0.99, 0.92, 1.02) #fs:   1  -- #Conts: 28 A(3)  G(7)  E(17)  C(1) 
 499816255 5138.18 || noQ Q (Avg,Max,Min) (1.01, 1.06, 0.98) (0.97, 0.36, 1.02) #fs:   1  -- #Conts: 29 A(3)  G(7)  E(17)  C(2) 
 503053876 5135.76 || noQ Q (Avg,Max,Min) (1.01, 1.06, 1.00) (0.97, 0.36, 1.02) #fs:   0  -- #Conts: 28 A(4)  G(6)  E(15)  C(3) 
 504269269 5133.76 || noQ Q (Avg,Max,Min) (1.01, 1.06, 1.00) (0.99, 0.72, 1.02) #fs:   0  -- #Conts: 27 A(3)  G(6)  E(15)  C(3) 
 512633974 5132.76 || noQ Q (Avg,Max,Min) (1.01, 1.06, 1.00) (1.00, 0.97, 1.02) #fs:   0  -- #Conts: 27 A(4)  G(6)  E(15)  C(2) 
 544594673 5121.76 || noQ Q (Avg,Max,Min) (1.01, 1.25, 0.99) (0.96, 0.11, 1.01) #fs:   1  -- #Conts: 25 A(4)  G(4)  E(16)  C(1) 
 544922190 5112.71 || noQ Q (Avg,Max,Min) (1.00, 1.01, 0.99) (1.00, 0.98, 1.01) #fs:   1  -- #Conts: 24 A(4)  G(3)  E(16)  C(1) 
 545498191 5110.00 || noQ Q (Avg,Max,Min) (1.01, 1.06, 0.99) (0.97, 0.36, 1.01) #fs:   1  -- #Conts: 25 A(4)  G(3)  E(16)  C(2) 
 549672798 5108.00 || noQ Q (Avg,Max,Min) (1.00, 1.01, 0.99) (0.99, 0.76, 1.01) #fs:   1  -- #Conts: 25 A(5)  G(3)  E(16)  C(1) 
 648798443 5102.24 || noQ Q (Avg,Max,Min) (1.00, 1.01, 1.00) (1.00, 0.98, 1.01) #fs:   0  -- #Conts: 22 A(4)  G(2)  E(14)  C(2) 
 660176945 5099.88 || noQ Q (Avg,Max,Min) (1.00, 1.01, 0.99) (0.99, 0.76, 1.01) #fs:   1  -- #Conts: 23 A(5)  G(2)  E(15)  C(1) 
 660278225 5097.88 || noQ Q (Avg,Max,Min) (1.00, 1.01, 1.00) (1.00, 0.94, 1.01) #fs:   0  -- #Conts: 22 A(4)  G(2)  E(15)  C(1) 
 679555527 5095.88 || noQ Q (Avg,Max,Min) (1.00, 1.01, 1.00) (1.00, 0.98, 1.01) #fs:   0  -- #Conts: 21 A(4)  G(2)  E(14)  C(1) 
 724009371 5094.65 || noQ Q (Avg,Max,Min) (1.00, 1.01, 1.00) (0.99, 0.76, 1.01) #fs:   0  -- #Conts: 22 A(5)  G(2)  E(14)  C(1) 
 734995774 5088.82 || noQ Q (Avg,Max,Min) (1.00, 1.01, 1.00) (0.99, 0.76, 1.01) #fs:   0  -- #Conts: 26 A(5)  E(18)  C(3) 
 735555848 5086.12 || noQ Q (Avg,Max,Min) (1.01, 1.06, 1.00) (0.97, 0.36, 1.01) #fs:   0  -- #Conts: 27 A(5)  E(18)  C(4) 
 736771241 5084.12 || noQ Q (Avg,Max,Min) (1.01, 1.06, 1.00) (0.99, 0.72, 1.01) #fs:   0  -- #Conts: 26 A(4)  E(18)  C(4) 
 745135946 5083.12 || noQ Q (Avg,Max,Min) (1.00, 1.01, 1.00) (1.00, 0.97, 1.01) #fs:   0  -- #Conts: 26 A(5)  E(18)  C(3) 
 807328092 5077.53 || noQ Q (Avg,Max,Min) (1.00, 1.01, 1.00) (0.99, 0.76, 1.01) #fs:   0  -- #Conts: 24 A(5)  E(17)  C(2) 
 808031468 5075.53 || noQ Q (Avg,Max,Min) (1.00, 1.01, 1.00) (1.00, 0.96, 1.01) #fs:   0  -- #Conts: 23 A(4)  E(17)  C(2) 
 839581039 5074.88 || noQ Q (Avg,Max,Min) (1.00, 1.01, 1.00) (1.00, 0.91, 1.01) #fs:   0  -- #Conts: 23 A(4)  E(17)  C(2) 
 840509427 5074.53 || noQ Q (Avg,Max,Min) (1.00, 1.01, 1.00) (0.99, 0.76, 1.01) #fs:   0  -- #Conts: 23 A(5)  E(16)  C(2) 
 840703199 5073.88 || noQ Q (Avg,Max,Min) (1.00, 1.01, 1.00) (0.99, 0.76, 1.01) #fs:   0  -- #Conts: 24 A(5)  E(17)  C(2) 
 872954203 5071.24 || noQ Q (Avg,Max,Min) (1.00, 1.01, 1.00) (1.00, 0.91, 1.01) #fs:   0  -- #Conts: 23 A(4)  E(17)  C(2) 
 905610941 5069.24 || noQ Q (Avg,Max,Min) (1.00, 1.01, 1.00) (1.00, 0.97, 1.01) #fs:   0  -- #Conts: 22 A(4)  E(16)  C(2) 
/////////////////size: 90
nodes 100 edges 123
 mulT: 1000 mulD: 20000  sumData GB 57148
pareto /LIGO.n.100.0.dax time -> 5215.0
moheft /LIGO.n.100.0.dax time -> 2200.0
distance from M to C 40.87684354919336
distance from P to C 0.0
distance from C to M 150.06525530612276
distance from C to P 43.37761775805334
toCompare: /LIGO.n.100.0.dax sumDataGB: 57148 mulT: 1000 mulD: 20000 paretoOptTime_MS: 5215.0 MoheftOptimizationTime_MS: 2200.0 MtoC 40.87684354919336 PtoC 0.0 CtoM 150.06525530612276 CtoP 43.37761775805334
