specify -Dflow d,b,mt,md,size
Running /home/vaggelis/jc/SIPHT.n.100.0.dax mt 10 md: 10000 size null
   3379859 094.59 || noQ Q (Avg,Max,Min) (2.37, 2.62, 2.22) (2.08, 1.93, 2.18) #fs:   4  -- #Conts: 3 H(3) 
   4974197 078.82 || noQ Q (Avg,Max,Min) (2.08, 2.24, 1.96) (1.62, 1.34, 2.16) #fs:   4  -- #Conts: 3 G(3) 
   6331177 063.06 || noQ Q (Avg,Max,Min) (2.13, 2.37, 1.81) (1.99, 1.59, 2.26) #fs:   5  -- #Conts: 3 G(3) 
   9533118 060.35 || noQ Q (Avg,Max,Min) (1.37, 1.58, 1.13) (1.20, 1.07, 1.35) #fs:   4  -- #Conts: 4 E(4) 
  13836358 052.00 || noQ Q (Avg,Max,Min) (1.22, 1.72, 1.01) (1.13, 0.86, 1.71) #fs:   2  -- #Conts: 7 C(7) 
/////////////////size: 5
   3266415 157.65 || noQ Q (Avg,Max,Min) (1.93, 3.06, 0.77) (1.27, 0.36, 2.73) #fs:   4  -- #Conts: 5 H(5) 
   3942098 126.12 || noQ Q (Avg,Max,Min) (1.82, 3.00, 1.05) (0.99, 0.14, 1.82) #fs:   3  -- #Conts: 5 H(1)  G(4) 
   4111792 110.35 || noQ Q (Avg,Max,Min) (1.91, 3.35, 0.99) (1.01, 0.54, 1.91) #fs:   3  -- #Conts: 4 G(4) 
   4829325 101.29 || noQ Q (Avg,Max,Min) (1.72, 2.69, 1.12) (0.97, 0.56, 1.80) #fs:   3  -- #Conts: 5 G(4)  E(1) 
   4859571 094.59 || noQ Q (Avg,Max,Min) (1.85, 2.61, 1.49) (1.20, 0.57, 1.76) #fs:   3  -- #Conts: 4 G(4) 
   4970128 085.53 || noQ Q (Avg,Max,Min) (1.95, 3.83, 1.11) (1.35, 0.57, 3.59) #fs:   2  -- #Conts: 5 G(4)  E(1) 
   5282426 083.18 || noQ Q (Avg,Max,Min) (1.72, 3.83, 1.01) (1.21, 0.47, 3.59) #fs:   3  -- #Conts: 7 G(4)  E(3) 
   5772496 079.82 || noQ Q (Avg,Max,Min) (4.45, 13.68, 1.50) (1.26, 0.05, 3.59) #fs:   2  -- #Conts: 5 G(4)  A(1) 
   5773266 078.82 || noQ Q (Avg,Max,Min) (2.15, 3.83, 1.50) (1.57, 0.57, 3.59) #fs:   2  -- #Conts: 4 G(4) 
   6229644 077.76 || noQ Q (Avg,Max,Min) (1.68, 3.83, 0.76) (1.31, 0.57, 3.59) #fs:   3  -- #Conts: 7 G(4)  E(1)  C(2) 
   6556638 076.47 || noQ Q (Avg,Max,Min) (1.78, 3.83, 0.67) (1.41, 0.57, 3.59) #fs:   3  -- #Conts: 6 G(4)  E(2) 
   6617638 075.06 || noQ Q (Avg,Max,Min) (1.72, 3.83, 1.01) (1.36, 0.57, 3.59) #fs:   3  -- #Conts: 7 G(4)  C(3) 
   6974930 074.76 || noQ Q (Avg,Max,Min) (2.99, 9.83, 1.06) (1.26, 0.05, 3.59) #fs:   2  -- #Conts: 7 G(4)  A(1)  E(1)  C(1) 
   8082439 070.71 || noQ Q (Avg,Max,Min) (1.28, 1.51, 1.09) (1.02, 0.61, 1.20) #fs:   5  -- #Conts: 6 G(1)  E(4)  C(1) 
   8217811 064.00 || noQ Q (Avg,Max,Min) (1.28, 1.70, 1.01) (1.11, 0.57, 1.70) #fs:   4  -- #Conts: 6 G(1)  E(4)  C(1) 
   9535265 061.29 || noQ Q (Avg,Max,Min) (1.33, 1.70, 1.06) (1.21, 0.94, 1.70) #fs:   4  -- #Conts: 5 G(1)  E(3)  C(1) 
  10509885 053.65 || noQ Q (Avg,Max,Min) (1.40, 1.82, 1.01) (1.21, 0.47, 1.76) #fs:   2  -- #Conts: 4 E(4) 
  10751242 050.94 || noQ Q (Avg,Max,Min) (1.42, 1.94, 1.01) (1.29, 0.81, 1.93) #fs:   2  -- #Conts: 4 E(3)  C(1) 
  19511076 050.53 || noQ Q (Avg,Max,Min) (1.66, 2.09, 1.12) (1.48, 0.98, 2.07) #fs:   1  -- #Conts: 6 A(1)  E(3)  C(2) 
  22697056 049.53 || noQ Q (Avg,Max,Min) (1.56, 2.07, 1.01) (1.42, 0.88, 2.07) #fs:   1  -- #Conts: 7 A(2)  E(3)  C(2) 
  26784481 048.82 || noQ Q (Avg,Max,Min) (1.40, 2.09, 1.01) (1.20, 0.81, 1.68) #fs:   0  -- #Conts: 7 A(3)  E(1)  C(3) 
  31544432 047.82 || noQ Q (Avg,Max,Min) (1.34, 1.80, 1.01) (1.26, 0.88, 1.73) #fs:   1  -- #Conts: 6 A(2)  E(1)  C(3) 
/////////////////size: 22
nodes 97 edges 109
 mulT: 10 mulD: 10000  sumData GB 22075
pareto /SIPHT.n.100.0.dax time -> 10160.0
moheft /SIPHT.n.100.0.dax time -> 648.0
distance from M to C 0.6791443869425039
distance from P to C 0.5330593298451395
distance from C to M 0.6153846153846154
distance from C to P 2.280590695451164
toCompare: /SIPHT.n.100.0.dax sumDataGB: 22075 mulT: 10 mulD: 10000 paretoOptTime_MS: 10160.0 MoheftOptimizationTime_MS: 648.0 MtoC 0.6791443869425039 PtoC 0.5330593298451395 CtoM 0.6153846153846154 CtoP 2.280590695451164
