specify -Dflow d,b,mt,md,size
Running /home/vaggelis/jc/CYBERSHAKE.n.100.0.dax mt 500 md: 100 size null
   5028228 725.18 || noQ Q (Avg,Max,Min) (1.47, 1.76, 1.10) (0.73, 0.42, 1.17) #fs:  18  -- #Conts: 21 H(21) 
   5063801 693.65 || noQ Q (Avg,Max,Min) (1.47, 1.79, 1.08) (0.76, 0.43, 1.25) #fs:  17  -- #Conts: 20 H(20) 
   5183228 662.12 || noQ Q (Avg,Max,Min) (1.55, 1.89, 1.12) (0.81, 0.43, 1.34) #fs:  15  -- #Conts: 19 H(19) 
   5320637 599.06 || noQ Q (Avg,Max,Min) (1.53, 1.87, 1.10) (0.90, 0.45, 1.36) #fs:  13  -- #Conts: 17 H(17) 
   5511726 567.53 || noQ Q (Avg,Max,Min) (1.52, 1.87, 1.08) (0.95, 0.46, 1.36) #fs:  10  -- #Conts: 16 H(16) 
   5613181 536.00 || noQ Q (Avg,Max,Min) (1.51, 1.85, 1.09) (1.02, 0.48, 1.46) #fs:  10  -- #Conts: 15 H(15) 
   5765364 504.47 || noQ Q (Avg,Max,Min) (1.50, 1.84, 1.06) (1.07, 0.48, 1.61) #fs:   9  -- #Conts: 15 H(15) 
   5866649 472.94 || noQ Q (Avg,Max,Min) (1.51, 1.81, 1.13) (1.14, 0.53, 1.60) #fs:   9  -- #Conts: 14 H(14) 
   5888167 441.41 || noQ Q (Avg,Max,Min) (1.50, 1.84, 1.04) (1.23, 0.53, 1.68) #fs:  10  -- #Conts: 13 H(13) 
   6024698 409.88 || noQ Q (Avg,Max,Min) (1.54, 1.84, 1.13) (1.33, 0.89, 1.67) #fs:  11  -- #Conts: 12 H(12) 
   6117409 378.35 || noQ Q (Avg,Max,Min) (1.54, 1.82, 1.13) (1.45, 0.93, 1.76) #fs:   7  -- #Conts: 11 H(11) 
   9898628 362.59 || noQ Q (Avg,Max,Min) (1.22, 1.50, 1.06) (1.08, 0.96, 1.49) #fs:  14  -- #Conts: 15 G(15) 
  10366394 346.82 || noQ Q (Avg,Max,Min) (1.22, 1.49, 1.09) (1.12, 0.96, 1.49) #fs:  16  -- #Conts: 15 G(15) 
  10716214 331.06 || noQ Q (Avg,Max,Min) (1.23, 1.49, 0.98) (1.16, 0.97, 1.49) #fs:  16  -- #Conts: 15 G(15) 
  16841222 328.59 || noQ Q (Avg,Max,Min) (1.07, 1.23, 0.79) (0.97, 0.77, 1.19) #fs:  24  -- #Conts: 27 E(27) 
  17476242 321.88 || noQ Q (Avg,Max,Min) (1.08, 1.29, 0.79) (0.99, 0.77, 1.27) #fs:  21  -- #Conts: 27 E(27) 
  26913104 317.41 || noQ Q (Avg,Max,Min) (1.04, 1.18, 0.79) (0.97, 0.78, 1.16) #fs:  17  -- #Conts: 26 E(2)  C(24) 
  27846588 316.00 || noQ Q (Avg,Max,Min) (1.04, 1.16, 0.85) (0.96, 0.82, 1.10) #fs:  18  -- #Conts: 23 C(23) 
  27894933 312.00 || noQ Q (Avg,Max,Min) (1.05, 1.17, 0.87) (0.98, 0.83, 1.15) #fs:  18  -- #Conts: 23 C(23) 
  28215264 308.00 || noQ Q (Avg,Max,Min) (1.06, 1.17, 0.88) (1.00, 0.87, 1.15) #fs:  20  -- #Conts: 22 C(22) 
  28347175 304.00 || noQ Q (Avg,Max,Min) (1.07, 1.16, 0.93) (1.02, 0.89, 1.16) #fs:  18  -- #Conts: 22 C(22) 
  28914148 296.00 || noQ Q (Avg,Max,Min) (1.08, 1.16, 0.94) (1.05, 0.93, 1.16) #fs:  12  -- #Conts: 20 C(20) 
  32217581 292.00 || noQ Q (Avg,Max,Min) (1.07, 1.16, 0.92) (1.05, 0.90, 1.15) #fs:   9  -- #Conts: 15 C(15) 
/////////////////size: 23
   5028182 977.41 || noQ Q (Avg,Max,Min) (1.60, 2.19, 1.01) (0.50, 0.35, 0.71) #fs:  12  -- #Conts: 38 H(21)  G(17) 
   5036037 961.65 || noQ Q (Avg,Max,Min) (1.58, 2.13, 1.00) (0.50, 0.32, 0.71) #fs:  17  -- #Conts: 38 H(20)  G(18) 
   5084452 930.12 || noQ Q (Avg,Max,Min) (1.58, 2.08, 0.98) (0.51, 0.36, 0.70) #fs:   9  -- #Conts: 38 H(18)  G(20) 
   5110389 896.24 || noQ Q (Avg,Max,Min) (1.54, 2.03, 0.99) (0.51, 0.38, 0.74) #fs:  11  -- #Conts: 39 H(16)  G(21)  E(2) 
   5130570 887.18 || noQ Q (Avg,Max,Min) (1.53, 1.97, 0.99) (0.52, 0.38, 0.82) #fs:   9  -- #Conts: 39 H(16)  G(20)  E(3) 
   5142297 864.71 || noQ Q (Avg,Max,Min) (1.53, 1.97, 1.14) (0.53, 0.39, 0.86) #fs:  12  -- #Conts: 37 H(16)  G(19)  E(2) 
   5161203 848.94 || noQ Q (Avg,Max,Min) (1.50, 1.94, 1.05) (0.52, 0.40, 0.79) #fs:  13  -- #Conts: 39 H(13)  G(24)  E(2) 
   5193614 839.88 || noQ Q (Avg,Max,Min) (1.50, 1.99, 1.05) (0.52, 0.40, 0.79) #fs:  10  -- #Conts: 39 H(13)  G(23)  E(3) 
   5217584 824.12 || noQ Q (Avg,Max,Min) (1.53, 1.99, 1.10) (0.54, 0.40, 0.83) #fs:   6  -- #Conts: 38 H(13)  G(22)  E(3) 
   5234972 799.29 || noQ Q (Avg,Max,Min) (1.50, 1.94, 1.14) (0.56, 0.43, 0.88) #fs:  13  -- #Conts: 37 H(13)  G(20)  E(4) 
   5291353 790.24 || noQ Q (Avg,Max,Min) (1.50, 1.93, 1.04) (0.56, 0.43, 0.88) #fs:   7  -- #Conts: 37 H(13)  G(19)  E(5) 
   5312623 783.53 || noQ Q (Avg,Max,Min) (1.51, 1.93, 1.04) (0.56, 0.43, 0.89) #fs:   7  -- #Conts: 36 H(13)  G(19)  E(4) 
   5327471 767.76 || noQ Q (Avg,Max,Min) (1.51, 1.92, 1.04) (0.58, 0.43, 0.81) #fs:   8  -- #Conts: 35 H(13)  G(18)  E(4) 
   5341936 761.06 || noQ Q (Avg,Max,Min) (1.51, 1.92, 1.04) (0.59, 0.45, 0.81) #fs:   8  -- #Conts: 34 H(13)  G(18)  E(3) 
   5354318 745.29 || noQ Q (Avg,Max,Min) (1.52, 1.91, 1.04) (0.60, 0.45, 0.81) #fs:  10  -- #Conts: 33 H(13)  G(17)  E(3) 
   5393988 729.53 || noQ Q (Avg,Max,Min) (1.54, 1.91, 1.09) (0.62, 0.45, 0.85) #fs:   5  -- #Conts: 32 H(13)  G(16)  E(3) 
   5408436 720.47 || noQ Q (Avg,Max,Min) (1.53, 1.91, 1.09) (0.63, 0.45, 0.85) #fs:   5  -- #Conts: 32 H(13)  G(15)  E(4) 
   5428726 711.41 || noQ Q (Avg,Max,Min) (1.52, 1.87, 1.04) (0.63, 0.45, 0.90) #fs:   7  -- #Conts: 32 H(13)  G(14)  E(5) 
   5439433 704.71 || noQ Q (Avg,Max,Min) (1.53, 1.87, 1.04) (0.65, 0.45, 0.91) #fs:   8  -- #Conts: 31 H(13)  G(14)  E(4) 
   5450371 695.65 || noQ Q (Avg,Max,Min) (1.50, 1.83, 1.03) (0.63, 0.45, 0.91) #fs:  10  -- #Conts: 33 H(11)  G(17)  E(5) 
   5476366 693.29 || noQ Q (Avg,Max,Min) (1.48, 1.80, 1.03) (0.61, 0.45, 0.91) #fs:   7  -- #Conts: 35 H(10)  G(18)  E(7) 
   5502702 673.18 || noQ Q (Avg,Max,Min) (1.42, 1.79, 1.00) (0.60, 0.00, 0.92) #fs:  12  -- #Conts: 37 H(5)  G(28)  E(4) 
   5503464 641.65 || noQ Q (Avg,Max,Min) (1.42, 1.79, 1.00) (0.61, 0.45, 0.92) #fs:  13  -- #Conts: 36 H(4)  G(28)  E(4) 
   5534615 634.94 || noQ Q (Avg,Max,Min) (1.44, 1.73, 1.06) (0.63, 0.45, 0.92) #fs:  12  -- #Conts: 35 H(4)  G(28)  E(3) 
   5558628 625.88 || noQ Q (Avg,Max,Min) (1.45, 1.76, 1.10) (0.63, 0.45, 0.92) #fs:  11  -- #Conts: 35 H(4)  G(27)  E(4) 
   5565282 616.82 || noQ Q (Avg,Max,Min) (1.43, 1.76, 1.09) (0.64, 0.45, 0.92) #fs:  10  -- #Conts: 35 H(4)  G(26)  E(5) 
   5614175 607.76 || noQ Q (Avg,Max,Min) (1.42, 1.66, 1.12) (0.65, 0.45, 0.93) #fs:  11  -- #Conts: 35 H(4)  G(25)  E(6) 
   5642929 594.35 || noQ Q (Avg,Max,Min) (1.43, 1.71, 1.14) (0.67, 0.45, 0.93) #fs:  11  -- #Conts: 33 H(4)  G(25)  E(4) 
   5664838 569.53 || noQ Q (Avg,Max,Min) (1.42, 1.66, 1.03) (0.70, 0.48, 0.94) #fs:  11  -- #Conts: 32 H(4)  G(23)  E(5) 
   5707332 562.82 || noQ Q (Avg,Max,Min) (1.43, 1.67, 1.11) (0.71, 0.48, 0.94) #fs:  12  -- #Conts: 31 H(4)  G(23)  E(4) 
   5745810 556.12 || noQ Q (Avg,Max,Min) (1.45, 1.76, 1.16) (0.73, 0.48, 0.95) #fs:  10  -- #Conts: 30 H(4)  G(23)  E(3) 
   5767508 549.41 || noQ Q (Avg,Max,Min) (1.44, 1.65, 1.07) (0.74, 0.48, 0.95) #fs:  14  -- #Conts: 29 H(4)  G(23)  E(2) 
   5797669 535.65 || noQ Q (Avg,Max,Min) (1.38, 1.61, 1.07) (0.74, 0.53, 0.95) #fs:  15  -- #Conts: 31 H(4)  G(20)  E(7) 
   5848166 528.94 || noQ Q (Avg,Max,Min) (1.39, 1.61, 1.04) (0.75, 0.53, 0.96) #fs:  11  -- #Conts: 30 H(4)  G(20)  E(6) 
   5913409 522.24 || noQ Q (Avg,Max,Min) (1.41, 1.90, 1.04) (0.76, 0.53, 1.04) #fs:   7  -- #Conts: 29 H(4)  G(20)  E(5) 
   5916786 515.53 || noQ Q (Avg,Max,Min) (1.39, 1.86, 0.99) (0.78, 0.53, 1.01) #fs:  10  -- #Conts: 28 H(4)  G(20)  E(4) 
   5935692 508.82 || noQ Q (Avg,Max,Min) (1.41, 1.90, 1.01) (0.79, 0.53, 1.04) #fs:   9  -- #Conts: 27 H(4)  G(20)  E(3) 
   5959142 493.06 || noQ Q (Avg,Max,Min) (1.41, 1.88, 1.03) (0.83, 0.54, 1.05) #fs:  11  -- #Conts: 26 H(4)  G(19)  E(3) 
   5969862 488.35 || noQ Q (Avg,Max,Min) (1.36, 1.84, 0.99) (0.81, 0.55, 1.02) #fs:  10  -- #Conts: 28 H(4)  G(17)  E(7) 
   5981304 474.94 || noQ Q (Avg,Max,Min) (1.39, 1.84, 1.04) (0.85, 0.59, 1.03) #fs:  14  -- #Conts: 26 H(4)  G(17)  E(5) 
   6028029 470.24 || noQ Q (Avg,Max,Min) (1.35, 1.85, 1.03) (0.80, 0.54, 1.07) #fs:  11  -- #Conts: 30 H(2)  G(19)  E(9) 
   6051987 463.53 || noQ Q (Avg,Max,Min) (1.35, 1.81, 1.01) (0.82, 0.54, 1.06) #fs:  10  -- #Conts: 29 H(2)  G(19)  E(8) 
   6069053 461.18 || noQ Q (Avg,Max,Min) (1.32, 1.80, 1.00) (0.81, 0.54, 1.05) #fs:  12  -- #Conts: 30 H(2)  G(18)  E(10) 
   6093069 454.47 || noQ Q (Avg,Max,Min) (1.34, 1.82, 1.00) (0.82, 0.54, 1.08) #fs:   8  -- #Conts: 29 H(2)  G(18)  E(9) 
   6117282 447.76 || noQ Q (Avg,Max,Min) (1.36, 1.82, 0.98) (0.85, 0.54, 1.09) #fs:   9  -- #Conts: 28 H(2)  G(18)  E(8) 
   6130301 441.06 || noQ Q (Avg,Max,Min) (1.38, 1.78, 1.02) (0.87, 0.54, 1.07) #fs:  10  -- #Conts: 27 H(2)  G(18)  E(7) 
   6156772 438.35 || noQ Q (Avg,Max,Min) (1.38, 1.77, 1.02) (0.88, 0.55, 1.08) #fs:   8  -- #Conts: 27 H(2)  G(18)  E(6)  C(1) 
   6178962 435.65 || noQ Q (Avg,Max,Min) (1.36, 1.76, 1.01) (0.89, 0.63, 1.08) #fs:   8  -- #Conts: 27 H(2)  G(18)  E(5)  C(2) 
   6207221 432.94 || noQ Q (Avg,Max,Min) (1.36, 1.79, 1.00) (0.89, 0.55, 1.11) #fs:   9  -- #Conts: 27 H(2)  G(18)  E(4)  C(3) 
   6212261 427.88 || noQ Q (Avg,Max,Min) (1.32, 1.54, 1.01) (0.87, 0.56, 1.09) #fs:   9  -- #Conts: 29 H(1)  G(19)  E(5)  C(4) 
   6219497 421.18 || noQ Q (Avg,Max,Min) (1.34, 1.54, 1.02) (0.90, 0.64, 1.08) #fs:  15  -- #Conts: 28 H(1)  G(19)  E(4)  C(4) 
   6256174 417.18 || noQ Q (Avg,Max,Min) (1.37, 1.54, 1.09) (0.91, 0.64, 1.09) #fs:   7  -- #Conts: 27 H(1)  G(19)  E(4)  C(3) 
   6273016 414.47 || noQ Q (Avg,Max,Min) (1.36, 1.54, 1.06) (0.92, 0.68, 1.09) #fs:   6  -- #Conts: 27 H(1)  G(19)  E(3)  C(4) 
   6312953 405.41 || noQ Q (Avg,Max,Min) (1.35, 1.50, 1.09) (0.93, 0.67, 1.11) #fs:   8  -- #Conts: 27 H(1)  G(18)  E(4)  C(4) 
   6334163 400.35 || noQ Q (Avg,Max,Min) (1.33, 1.50, 1.01) (0.93, 0.70, 1.10) #fs:   9  -- #Conts: 28 H(1)  G(17)  E(5)  C(5) 
   6370818 396.35 || noQ Q (Avg,Max,Min) (1.35, 1.52, 1.17) (0.94, 0.70, 1.11) #fs:   4  -- #Conts: 27 H(1)  G(17)  E(5)  C(4) 
   6394831 391.29 || noQ Q (Avg,Max,Min) (1.33, 1.49, 1.17) (0.93, 0.67, 1.11) #fs:   7  -- #Conts: 28 H(1)  G(16)  E(6)  C(5) 
   6411812 388.94 || noQ Q (Avg,Max,Min) (1.31, 1.48, 1.06) (0.93, 0.63, 1.11) #fs:   9  -- #Conts: 29 H(1)  G(15)  E(8)  C(5) 
   6467444 386.24 || noQ Q (Avg,Max,Min) (1.32, 1.47, 1.17) (0.93, 0.67, 1.12) #fs:   8  -- #Conts: 29 H(1)  G(15)  E(7)  C(6) 
   6482545 384.24 || noQ Q (Avg,Max,Min) (1.30, 1.47, 1.06) (0.91, 0.60, 1.19) #fs:   5  -- #Conts: 31 H(1)  G(13)  E(12)  C(5) 
   6513054 381.88 || noQ Q (Avg,Max,Min) (1.26, 1.46, 0.96) (0.91, 0.60, 1.19) #fs:  14  -- #Conts: 32 H(1)  G(12)  E(14)  C(5) 
   6534443 381.53 || noQ Q (Avg,Max,Min) (1.31, 1.49, 1.18) (0.92, 0.63, 1.20) #fs:   3  -- #Conts: 31 H(1)  G(13)  E(11)  C(6) 
   6537915 379.18 || noQ Q (Avg,Max,Min) (1.29, 1.46, 1.09) (0.92, 0.61, 1.19) #fs:   6  -- #Conts: 32 H(1)  G(12)  E(13)  C(6) 
   6633872 376.82 || noQ Q (Avg,Max,Min) (1.28, 1.44, 1.05) (0.90, 0.60, 1.13) #fs:   4  -- #Conts: 33 H(1)  G(11)  E(15)  C(6) 
   6663960 374.47 || noQ Q (Avg,Max,Min) (1.28, 1.44, 1.15) (0.90, 0.60, 1.21) #fs:   6  -- #Conts: 34 H(1)  G(10)  E(17)  C(6) 
   6687111 371.76 || noQ Q (Avg,Max,Min) (1.27, 1.43, 1.16) (0.91, 0.63, 1.21) #fs:   3  -- #Conts: 34 H(1)  G(10)  E(16)  C(7) 
   6721306 371.41 || noQ Q (Avg,Max,Min) (1.28, 1.46, 1.08) (0.91, 0.61, 1.16) #fs:   4  -- #Conts: 33 H(1)  G(11)  E(13)  C(8) 
   6741011 369.06 || noQ Q (Avg,Max,Min) (1.27, 1.43, 1.16) (0.91, 0.61, 1.22) #fs:   5  -- #Conts: 34 H(1)  G(10)  E(15)  C(8) 
   6789070 368.71 || noQ Q (Avg,Max,Min) (1.27, 1.46, 1.07) (0.92, 0.61, 1.18) #fs:   3  -- #Conts: 33 H(1)  G(11)  E(12)  C(9) 
   6803410 363.65 || noQ Q (Avg,Max,Min) (1.26, 1.45, 1.16) (0.93, 0.69, 1.23) #fs:   7  -- #Conts: 34 H(1)  G(10)  E(13)  C(10) 
   6835134 361.29 || noQ Q (Avg,Max,Min) (1.24, 1.41, 1.07) (0.92, 0.67, 1.17) #fs:   8  -- #Conts: 35 H(1)  G(9)  E(15)  C(10) 
   6858372 358.94 || noQ Q (Avg,Max,Min) (1.24, 1.41, 1.04) (0.92, 0.67, 1.20) #fs:   9  -- #Conts: 36 H(1)  G(8)  E(17)  C(10) 
   6901356 357.29 || noQ Q (Avg,Max,Min) (1.25, 1.40, 1.07) (0.92, 0.67, 1.20) #fs:   2  -- #Conts: 34 H(1)  G(9)  E(15)  C(9) 
   6986434 354.94 || noQ Q (Avg,Max,Min) (1.25, 1.42, 1.07) (0.92, 0.67, 1.23) #fs:   1  -- #Conts: 35 H(1)  G(8)  E(17)  C(9) 
   6989811 352.24 || noQ Q (Avg,Max,Min) (1.24, 1.41, 1.07) (0.93, 0.70, 1.26) #fs:   3  -- #Conts: 35 H(1)  G(8)  E(16)  C(10) 
   7014777 350.94 || noQ Q (Avg,Max,Min) (1.25, 1.42, 1.06) (0.94, 0.70, 1.27) #fs:   4  -- #Conts: 34 H(1)  G(8)  E(17)  C(8) 
   7109482 349.18 || noQ Q (Avg,Max,Min) (1.25, 1.42, 1.13) (0.95, 0.70, 1.28) #fs:   5  -- #Conts: 34 H(1)  G(9)  E(12)  C(12) 
   7133285 346.47 || noQ Q (Avg,Max,Min) (1.22, 1.33, 1.10) (0.93, 0.70, 1.27) #fs:   5  -- #Conts: 39 H(1)  G(5)  E(21)  C(12) 
   7163513 342.47 || noQ Q (Avg,Max,Min) (1.21, 1.32, 0.98) (0.94, 0.70, 1.28) #fs:   7  -- #Conts: 38 H(1)  G(5)  E(21)  C(11) 
   7185223 338.47 || noQ Q (Avg,Max,Min) (1.20, 1.32, 0.96) (0.96, 0.70, 1.29) #fs:  12  -- #Conts: 37 H(1)  G(5)  E(21)  C(10) 
   7457938 327.06 || noQ Q (Avg,Max,Min) (1.19, 1.34, 0.97) (0.99, 0.71, 1.30) #fs:  10  -- #Conts: 38 H(1)  G(3)  E(24)  C(10) 
   7491213 324.35 || noQ Q (Avg,Max,Min) (1.19, 1.33, 0.95) (1.00, 0.76, 1.31) #fs:   7  -- #Conts: 38 H(1)  G(3)  E(23)  C(11) 
   8590407 322.35 || noQ Q (Avg,Max,Min) (1.19, 1.33, 1.00) (0.97, 0.09, 1.32) #fs:   4  -- #Conts: 39 H(1)  G(3)  A(2)  E(23)  C(10) 
   8910407 321.35 || noQ Q (Avg,Max,Min) (1.19, 1.33, 1.00) (1.00, 0.38, 1.32) #fs:   4  -- #Conts: 38 H(1)  G(3)  A(1)  E(23)  C(10) 
  14153130 318.82 || noQ Q (Avg,Max,Min) (1.12, 1.25, 0.86) (1.01, 0.03, 1.21) #fs:   7  -- #Conts: 24 H(1)  G(1)  E(9)  C(13) 
  14184350 303.06 || noQ Q (Avg,Max,Min) (1.13, 1.25, 0.96) (1.05, 0.83, 1.21) #fs:   5  -- #Conts: 23 H(1)  E(9)  C(13) 
  14494520 299.06 || noQ Q (Avg,Max,Min) (1.13, 1.25, 1.02) (1.06, 0.83, 1.20) #fs:   6  -- #Conts: 23 H(1)  E(9)  C(13) 
  14575954 297.65 || noQ Q (Avg,Max,Min) (1.13, 1.22, 1.00) (1.06, 0.83, 1.22) #fs:  10  -- #Conts: 23 H(1)  E(8)  C(14) 
  18561585 297.53 || noQ Q (Avg,Max,Min) (1.11, 1.22, 0.95) (1.05, 0.82, 1.22) #fs:   7  -- #Conts: 21 H(1)  A(3)  E(7)  C(10) 
  19039329 295.53 || noQ Q (Avg,Max,Min) (1.11, 1.22, 0.94) (1.02, 0.18, 1.22) #fs:   5  -- #Conts: 22 H(1)  A(4)  E(7)  C(10) 
  19171648 294.53 || noQ Q (Avg,Max,Min) (1.11, 1.22, 0.94) (1.06, 0.79, 1.22) #fs:   5  -- #Conts: 21 H(1)  A(3)  E(7)  C(10) 
  19459380 293.53 || noQ Q (Avg,Max,Min) (1.11, 1.22, 0.95) (1.07, 0.88, 1.22) #fs:   4  -- #Conts: 21 H(1)  A(3)  E(7)  C(10) 
  22569440 290.82 || noQ Q (Avg,Max,Min) (1.11, 1.23, 0.98) (0.96, 0.05, 1.23) #fs:   6  -- #Conts: 20 A(2)  E(7)  C(11) 
  22578460 289.82 || noQ Q (Avg,Max,Min) (1.11, 1.23, 0.93) (1.01, 0.05, 1.23) #fs:   6  -- #Conts: 19 A(1)  E(7)  C(11) 
  22616207 288.12 || noQ Q (Avg,Max,Min) (1.11, 1.23, 1.00) (1.01, 0.14, 1.23) #fs:   7  -- #Conts: 19 A(2)  E(6)  C(11) 
  22666998 287.12 || noQ Q (Avg,Max,Min) (1.12, 1.23, 1.00) (1.05, 0.14, 1.23) #fs:   7  -- #Conts: 18 A(1)  E(6)  C(11) 
  22668080 284.12 || noQ Q (Avg,Max,Min) (1.12, 1.23, 1.00) (1.01, 0.14, 1.23) #fs:   6  -- #Conts: 19 A(2)  E(6)  C(11) 
  22680472 283.12 || noQ Q (Avg,Max,Min) (1.12, 1.23, 1.00) (1.06, 0.14, 1.23) #fs:   6  -- #Conts: 18 A(1)  E(6)  C(11) 
  22691757 282.12 || noQ Q (Avg,Max,Min) (1.13, 1.23, 1.05) (1.11, 0.94, 1.23) #fs:   5  -- #Conts: 17 E(6)  C(11) 
/////////////////size: 99
nodes 100 edges 192
 mulT: 500 mulD: 100  sumData GB 9759
pareto /CYBERSHAKE.n.100.0.dax time -> 4303.0
moheft /CYBERSHAKE.n.100.0.dax time -> 15521.0
distance from M to C 6.660103628912125
distance from P to C 7.0306042811888405
distance from C to M 3.405683033658652
distance from C to P 10.229016823822297
toCompare: /CYBERSHAKE.n.100.0.dax sumDataGB: 9759 mulT: 500 mulD: 100 paretoOptTime_MS: 4303.0 MoheftOptimizationTime_MS: 15521.0 MtoC 6.660103628912125 PtoC 7.0306042811888405 CtoM 3.405683033658652 CtoP 10.229016823822297
