specify -Dflow d,b,mt,md,size
Running /home/vaggelis/jc/MONTAGE.n.50.0.dax mt 5000 md: 20000 size null
  15898673 1450.35 || noQ Q (Avg,Max,Min) (1.68, 2.62, 0.69) (1.00, 0.67, 2.32) #fs:  10  -- #Conts: 28 H(28) 
  15901254 1387.29 || noQ Q (Avg,Max,Min) (1.74, 3.74, 0.69) (1.05, 0.68, 3.60) #fs:   9  -- #Conts: 28 H(28) 
  17440909 1355.76 || noQ Q (Avg,Max,Min) (1.75, 3.14, 0.69) (1.07, 0.68, 2.60) #fs:   9  -- #Conts: 28 H(28) 
  17444604 1324.24 || noQ Q (Avg,Max,Min) (1.76, 3.14, 1.18) (1.09, 0.94, 2.60) #fs:   9  -- #Conts: 28 H(28) 
  19213149 1056.24 || noQ Q (Avg,Max,Min) (1.94, 4.78, 1.02) (1.60, 0.98, 4.73) #fs:   5  -- #Conts: 22 H(19)  G(3) 
  19218629 1040.47 || noQ Q (Avg,Max,Min) (1.97, 4.78, 1.27) (1.62, 1.08, 4.73) #fs:   5  -- #Conts: 21 H(19)  G(2) 
  22562519 993.18 || noQ Q (Avg,Max,Min) (1.41, 2.02, 0.95) (1.18, 0.83, 1.81) #fs:  17  -- #Conts: 27 H(1)  G(26) 
  22568716 977.41 || noQ Q (Avg,Max,Min) (1.44, 2.85, 0.95) (1.21, 0.83, 2.44) #fs:  16  -- #Conts: 27 H(1)  G(26) 
  22603512 961.65 || noQ Q (Avg,Max,Min) (1.42, 2.84, 0.95) (1.22, 0.83, 2.44) #fs:  16  -- #Conts: 27 G(27) 
  24067762 945.88 || noQ Q (Avg,Max,Min) (1.49, 3.72, 0.95) (1.27, 0.83, 3.41) #fs:  14  -- #Conts: 29 H(1)  G(28) 
  24071097 930.12 || noQ Q (Avg,Max,Min) (1.51, 3.72, 0.95) (1.29, 0.83, 3.41) #fs:  13  -- #Conts: 30 H(1)  G(29) 
  24084350 914.35 || noQ Q (Avg,Max,Min) (1.53, 3.72, 0.95) (1.31, 0.83, 3.42) #fs:  12  -- #Conts: 31 H(1)  G(30) 
  24106129 898.59 || noQ Q (Avg,Max,Min) (1.54, 3.71, 0.95) (1.33, 0.83, 3.42) #fs:  11  -- #Conts: 32 H(1)  G(31) 
  24110331 882.82 || noQ Q (Avg,Max,Min) (1.56, 3.71, 0.95) (1.34, 0.83, 3.42) #fs:  10  -- #Conts: 33 H(1)  G(32) 
  24144142 867.06 || noQ Q (Avg,Max,Min) (1.57, 3.70, 1.00) (1.36, 0.94, 3.42) #fs:   9  -- #Conts: 34 H(1)  G(33) 
  24178938 851.29 || noQ Q (Avg,Max,Min) (1.56, 3.70, 1.00) (1.37, 0.94, 3.42) #fs:   9  -- #Conts: 34 G(34) 
  28067234 835.53 || noQ Q (Avg,Max,Min) (1.64, 3.71, 1.11) (1.40, 0.96, 3.42) #fs:   5  -- #Conts: 28 H(2)  G(26) 
  28102784 819.76 || noQ Q (Avg,Max,Min) (1.63, 3.71, 1.11) (1.41, 0.97, 3.42) #fs:   5  -- #Conts: 28 H(1)  G(27) 
  28126008 804.00 || noQ Q (Avg,Max,Min) (1.61, 3.71, 1.11) (1.43, 1.09, 3.42) #fs:   5  -- #Conts: 28 G(28) 
  28159819 788.24 || noQ Q (Avg,Max,Min) (1.63, 3.70, 1.11) (1.45, 1.09, 3.42) #fs:   4  -- #Conts: 29 G(29) 
  32043622 770.12 || noQ Q (Avg,Max,Min) (1.67, 3.71, 1.23) (1.47, 1.18, 3.42) #fs:   3  -- #Conts: 25 G(24)  E(1) 
  32077433 754.35 || noQ Q (Avg,Max,Min) (1.69, 3.70, 1.23) (1.48, 1.18, 3.42) #fs:   2  -- #Conts: 26 G(25)  E(1) 
  44193350 751.06 || noQ Q (Avg,Max,Min) (1.22, 2.47, 0.61) (1.15, 0.59, 2.10) #fs:   6  -- #Conts: 35 E(35) 
  44235359 724.24 || noQ Q (Avg,Max,Min) (1.24, 2.47, 0.84) (1.17, 0.81, 2.10) #fs:   5  -- #Conts: 36 E(36) 
  44275868 710.82 || noQ Q (Avg,Max,Min) (1.26, 2.46, 0.84) (1.18, 0.81, 2.10) #fs:   4  -- #Conts: 37 E(37) 
  44280900 697.41 || noQ Q (Avg,Max,Min) (1.27, 2.47, 0.84) (1.19, 0.81, 2.11) #fs:   3  -- #Conts: 38 E(38) 
  44367787 684.00 || noQ Q (Avg,Max,Min) (1.28, 2.46, 1.10) (1.20, 0.96, 2.11) #fs:   2  -- #Conts: 39 E(39) 
  44383741 677.29 || noQ Q (Avg,Max,Min) (1.33, 4.27, 1.10) (1.23, 0.96, 3.26) #fs:   1  -- #Conts: 40 E(40) 
  47198722 666.59 || noQ Q (Avg,Max,Min) (1.65, 13.62, 1.13) (1.43, 1.10, 8.08) #fs:   0  -- #Conts: 34 H(1)  G(2)  E(31) 
  47243869 664.24 || noQ Q (Avg,Max,Min) (1.64, 13.62, 1.13) (1.43, 1.10, 8.08) #fs:   1  -- #Conts: 34 H(1)  G(1)  E(32) 
  47244742 661.88 || noQ Q (Avg,Max,Min) (1.63, 13.62, 1.13) (1.43, 1.10, 8.08) #fs:   1  -- #Conts: 34 H(1)  E(33) 
  53317211 655.18 || noQ Q (Avg,Max,Min) (1.38, 4.27, 1.13) (1.29, 1.10, 3.26) #fs:   0  -- #Conts: 34 G(2)  E(32) 
  53362358 652.82 || noQ Q (Avg,Max,Min) (1.37, 4.27, 1.13) (1.29, 1.10, 3.26) #fs:   1  -- #Conts: 34 G(1)  E(33) 
  53363231 650.47 || noQ Q (Avg,Max,Min) (1.36, 4.27, 1.13) (1.29, 1.10, 3.26) #fs:   1  -- #Conts: 34 E(34) 
/////////////////size: 34
  15898673 1576.47 || noQ Q (Avg,Max,Min) (1.68, 2.29, 0.69) (0.97, 0.67, 2.02) #fs:  10  -- #Conts: 32 H(32) 
  16196320 1560.71 || noQ Q (Avg,Max,Min) (2.09, 15.72, 0.69) (1.11, 0.64, 7.52) #fs:   9  -- #Conts: 34 H(33)  G(1) 
  17146691 1466.12 || noQ Q (Avg,Max,Min) (1.57, 6.11, 0.62) (1.19, 0.51, 4.73) #fs:   9  -- #Conts: 33 H(16)  G(17) 
  18658456 1403.06 || noQ Q (Avg,Max,Min) (1.60, 4.81, 0.62) (1.21, 0.51, 4.73) #fs:   8  -- #Conts: 34 H(17)  G(17) 
  18681888 1340.00 || noQ Q (Avg,Max,Min) (1.66, 4.80, 0.62) (1.23, 0.51, 4.73) #fs:   7  -- #Conts: 35 H(18)  G(17) 
  18686428 1276.94 || noQ Q (Avg,Max,Min) (1.72, 4.80, 0.62) (1.25, 0.51, 4.73) #fs:   6  -- #Conts: 36 H(19)  G(17) 
  18690041 1213.88 || noQ Q (Avg,Max,Min) (1.78, 4.80, 0.62) (1.27, 0.51, 4.73) #fs:   5  -- #Conts: 37 H(20)  G(17) 
  18737706 1198.12 || noQ Q (Avg,Max,Min) (1.66, 3.55, 0.62) (1.28, 0.51, 3.28) #fs:   4  -- #Conts: 41 H(13)  G(28) 
  18752173 1135.06 || noQ Q (Avg,Max,Min) (1.70, 4.79, 0.62) (1.32, 0.51, 4.73) #fs:   3  -- #Conts: 42 H(14)  G(28) 
  18758867 1072.00 || noQ Q (Avg,Max,Min) (1.76, 3.55, 0.62) (1.31, 0.51, 3.28) #fs:   2  -- #Conts: 43 H(15)  G(28) 
  18772789 1008.94 || noQ Q (Avg,Max,Min) (1.80, 4.78, 1.35) (1.34, 0.88, 4.73) #fs:   1  -- #Conts: 44 H(16)  G(28) 
  20049431 914.35 || noQ Q (Avg,Max,Min) (1.68, 3.59, 1.52) (1.36, 1.08, 2.81) #fs:   1  -- #Conts: 43 H(9)  G(34) 
  22136515 882.82 || noQ Q (Avg,Max,Min) (1.79, 8.37, 1.52) (1.40, 1.08, 4.25) #fs:   0  -- #Conts: 44 H(9)  G(35) 
  23309566 873.76 || noQ Q (Avg,Max,Min) (1.81, 8.66, 1.52) (1.47, 0.23, 8.46) #fs:   0  -- #Conts: 45 H(9)  G(35)  E(1) 
  23408194 858.00 || noQ Q (Avg,Max,Min) (1.82, 9.59, 1.31) (1.47, 0.88, 7.87) #fs:   1  -- #Conts: 45 H(8)  G(36)  E(1) 
  23874161 857.88 || noQ Q (Avg,Max,Min) (1.51, 3.59, 1.23) (1.29, 1.08, 2.81) #fs:   1  -- #Conts: 43 H(9)  G(10)  E(24) 
  23941784 853.18 || noQ Q (Avg,Max,Min) (1.50, 3.59, 1.23) (1.29, 1.08, 2.81) #fs:   1  -- #Conts: 43 H(9)  G(8)  E(26) 
  25951239 828.71 || noQ Q (Avg,Max,Min) (1.64, 8.37, 1.23) (1.34, 1.08, 4.25) #fs:   0  -- #Conts: 43 H(9)  G(11)  E(23) 
  25961245 826.35 || noQ Q (Avg,Max,Min) (1.63, 8.37, 1.23) (1.33, 1.08, 4.25) #fs:   0  -- #Conts: 44 H(9)  G(11)  E(24) 
  26028868 821.65 || noQ Q (Avg,Max,Min) (1.61, 8.37, 1.23) (1.33, 1.08, 4.25) #fs:   0  -- #Conts: 44 H(9)  G(9)  E(26) 
  27124290 819.65 || noQ Q (Avg,Max,Min) (1.66, 8.66, 1.23) (1.41, 0.23, 8.46) #fs:   0  -- #Conts: 44 H(9)  G(11)  E(24) 
  27134296 817.29 || noQ Q (Avg,Max,Min) (1.65, 8.66, 1.23) (1.40, 0.23, 8.46) #fs:   0  -- #Conts: 45 H(9)  G(11)  E(25) 
  27201919 812.59 || noQ Q (Avg,Max,Min) (1.64, 8.66, 1.23) (1.40, 0.23, 8.46) #fs:   0  -- #Conts: 45 H(9)  G(9)  E(27) 
  27224251 803.88 || noQ Q (Avg,Max,Min) (1.67, 9.59, 1.23) (1.41, 0.88, 7.87) #fs:   1  -- #Conts: 44 H(8)  G(12)  E(24) 
  27234257 801.53 || noQ Q (Avg,Max,Min) (1.66, 9.59, 1.23) (1.40, 0.88, 7.87) #fs:   0  -- #Conts: 46 H(8)  G(13)  E(25) 
  27301880 796.82 || noQ Q (Avg,Max,Min) (1.65, 9.59, 1.23) (1.40, 0.88, 7.87) #fs:   0  -- #Conts: 46 H(8)  G(11)  E(27) 
  28310518 766.35 || noQ Q (Avg,Max,Min) (1.86, 13.62, 1.10) (1.50, 0.96, 8.08) #fs:   1  -- #Conts: 39 H(2)  G(29)  E(8) 
  30518853 764.35 || noQ Q (Avg,Max,Min) (1.75, 9.59, 1.10) (1.47, 0.88, 7.87) #fs:   1  -- #Conts: 43 H(1)  G(33)  E(9) 
  30657932 762.00 || noQ Q (Avg,Max,Min) (1.75, 9.59, 1.10) (1.47, 0.88, 7.87) #fs:   1  -- #Conts: 42 H(1)  G(32)  E(9) 
  30676336 759.65 || noQ Q (Avg,Max,Min) (1.75, 9.59, 1.10) (1.48, 0.88, 7.87) #fs:   1  -- #Conts: 41 H(1)  G(31)  E(9) 
  30722043 757.29 || noQ Q (Avg,Max,Min) (1.76, 9.59, 1.10) (1.48, 0.88, 7.87) #fs:   1  -- #Conts: 40 H(1)  G(30)  E(9) 
  32606607 744.47 || noQ Q (Avg,Max,Min) (1.60, 8.37, 1.10) (1.36, 0.96, 4.25) #fs:   0  -- #Conts: 37 H(2)  G(11)  E(24) 
  32622819 735.06 || noQ Q (Avg,Max,Min) (1.57, 8.37, 1.10) (1.34, 0.96, 4.25) #fs:   0  -- #Conts: 39 H(2)  G(9)  E(28) 
  32703582 732.71 || noQ Q (Avg,Max,Min) (1.56, 8.37, 1.10) (1.34, 0.96, 4.25) #fs:   0  -- #Conts: 39 H(2)  G(8)  E(29) 
  33795870 726.00 || noQ Q (Avg,Max,Min) (1.60, 8.66, 1.10) (1.42, 0.23, 8.46) #fs:   0  -- #Conts: 40 H(2)  G(9)  E(29) 
  33876633 723.65 || noQ Q (Avg,Max,Min) (1.59, 8.66, 1.10) (1.42, 0.23, 8.46) #fs:   0  -- #Conts: 40 H(2)  G(8)  E(30) 
  33895831 710.24 || noQ Q (Avg,Max,Min) (1.61, 9.59, 1.10) (1.42, 0.88, 7.87) #fs:   0  -- #Conts: 41 H(1)  G(11)  E(29) 
  33976594 707.88 || noQ Q (Avg,Max,Min) (1.60, 9.59, 1.10) (1.42, 0.88, 7.87) #fs:   0  -- #Conts: 41 H(1)  G(10)  E(30) 
  35054755 707.53 || noQ Q (Avg,Max,Min) (1.60, 9.59, 1.10) (1.43, 0.96, 7.87) #fs:   0  -- #Conts: 41 H(1)  G(11)  E(28)  C(1) 
  35135518 705.18 || noQ Q (Avg,Max,Min) (1.59, 9.59, 1.10) (1.42, 0.96, 7.87) #fs:   0  -- #Conts: 41 H(1)  G(10)  E(29)  C(1) 
  38843526 702.82 || noQ Q (Avg,Max,Min) (1.47, 4.81, 1.10) (1.34, 0.96, 4.45) #fs:   0  -- #Conts: 41 H(1)  G(9)  E(30)  C(1) 
  40753381 697.76 || noQ Q (Avg,Max,Min) (1.47, 8.37, 1.00) (1.28, 0.72, 4.25) #fs:   0  -- #Conts: 42 H(1)  G(4)  E(36)  C(1) 
  40840268 695.41 || noQ Q (Avg,Max,Min) (1.46, 8.37, 1.00) (1.27, 0.72, 4.25) #fs:   0  -- #Conts: 42 H(1)  G(3)  E(37)  C(1) 
  41926432 688.71 || noQ Q (Avg,Max,Min) (1.50, 8.66, 1.00) (1.35, 0.23, 8.46) #fs:   0  -- #Conts: 43 H(1)  G(4)  E(37)  C(1) 
  42013319 686.35 || noQ Q (Avg,Max,Min) (1.49, 8.66, 1.00) (1.35, 0.23, 8.46) #fs:   0  -- #Conts: 43 H(1)  G(3)  E(38)  C(1) 
  42159166 686.00 || noQ Q (Avg,Max,Min) (1.49, 8.66, 1.00) (1.36, 0.29, 8.46) #fs:   0  -- #Conts: 43 H(1)  G(4)  E(36)  C(2) 
  42246053 683.65 || noQ Q (Avg,Max,Min) (1.47, 8.66, 1.00) (1.35, 0.29, 8.46) #fs:   0  -- #Conts: 43 H(1)  G(3)  E(37)  C(2) 
  42820781 676.35 || noQ Q (Avg,Max,Min) (1.67, 9.59, 1.13) (1.49, 0.88, 7.87) #fs:   0  -- #Conts: 34 G(10)  E(24) 
  42857776 674.00 || noQ Q (Avg,Max,Min) (1.66, 9.59, 1.13) (1.48, 0.88, 7.87) #fs:   0  -- #Conts: 34 G(9)  E(25) 
  43979705 673.65 || noQ Q (Avg,Max,Min) (1.66, 9.59, 1.13) (1.50, 1.12, 7.87) #fs:   0  -- #Conts: 34 G(10)  E(23)  C(1) 
  44016700 671.29 || noQ Q (Avg,Max,Min) (1.65, 9.59, 1.13) (1.49, 1.12, 7.87) #fs:   0  -- #Conts: 34 G(9)  E(24)  C(1) 
  47724708 668.94 || noQ Q (Avg,Max,Min) (1.51, 4.81, 1.13) (1.39, 1.12, 4.45) #fs:   0  -- #Conts: 34 G(8)  E(25)  C(1) 
  49634563 663.88 || noQ Q (Avg,Max,Min) (1.50, 8.37, 1.00) (1.32, 0.72, 4.25) #fs:   0  -- #Conts: 35 G(3)  E(31)  C(1) 
  49721450 661.53 || noQ Q (Avg,Max,Min) (1.49, 8.37, 1.00) (1.31, 0.72, 4.25) #fs:   0  -- #Conts: 35 G(2)  E(32)  C(1) 
  49737404 659.18 || noQ Q (Avg,Max,Min) (1.47, 8.37, 1.00) (1.30, 0.72, 4.25) #fs:   0  -- #Conts: 35 G(1)  E(33)  C(1) 
  50807614 654.82 || noQ Q (Avg,Max,Min) (1.54, 8.66, 1.00) (1.41, 0.23, 8.46) #fs:   0  -- #Conts: 36 G(3)  E(32)  C(1) 
  50894501 652.47 || noQ Q (Avg,Max,Min) (1.52, 8.66, 1.00) (1.40, 0.23, 8.46) #fs:   0  -- #Conts: 36 G(2)  E(33)  C(1) 
  50910455 650.12 || noQ Q (Avg,Max,Min) (1.51, 8.66, 1.00) (1.39, 0.23, 8.46) #fs:   0  -- #Conts: 36 G(1)  E(34)  C(1) 
  51127235 649.76 || noQ Q (Avg,Max,Min) (1.51, 8.66, 1.00) (1.40, 0.29, 8.46) #fs:   0  -- #Conts: 36 G(2)  E(32)  C(2) 
  51143189 647.41 || noQ Q (Avg,Max,Min) (1.49, 8.66, 1.00) (1.39, 0.29, 8.46) #fs:   0  -- #Conts: 36 G(1)  E(33)  C(2) 
  53024784 646.76 || noQ Q (Avg,Max,Min) (1.49, 8.66, 1.00) (1.41, 0.72, 8.46) #fs:   0  -- #Conts: 36 G(2)  A(1)  E(32)  C(1) 
  53040738 644.41 || noQ Q (Avg,Max,Min) (1.47, 8.66, 1.00) (1.40, 0.72, 8.46) #fs:   0  -- #Conts: 36 G(1)  A(1)  E(33)  C(1) 
/////////////////size: 62
nodes 50 edges 108
 mulT: 5000 mulD: 20000  sumData GB 18756
pareto /MONTAGE.n.50.0.dax time -> 2885.0
moheft /MONTAGE.n.50.0.dax time -> 3627.0
distance from M to C 1.9962049047067214
distance from P to C 6.545047344641967
distance from C to M 1.316847969950074
distance from C to P 8.00377101329353
toCompare: /MONTAGE.n.50.0.dax sumDataGB: 18756 mulT: 5000 mulD: 20000 paretoOptTime_MS: 2885.0 MoheftOptimizationTime_MS: 3627.0 MtoC 1.9962049047067214 PtoC 6.545047344641967 CtoM 1.316847969950074 CtoP 8.00377101329353
