specify -Dflow d,b,mt,md,size
Running /home/vaggelis/jc/CYBERSHAKE.n.100.0.dax mt 1 md: 1000 size null
     38894 063.06 || noQ Q (Avg,Max,Min) (142.32, 152.95, 10.00) (1.53, 1.42, 1.64) #fs:   2  -- #Conts: 2 H(2) 
     63154 047.29 || noQ Q (Avg,Max,Min) (89.22, 94.16, 10.00) (1.54, 1.42, 1.65) #fs:   1  -- #Conts: 2 H(1)  G(1) 
     66485 031.53 || noQ Q (Avg,Max,Min) (83.55, 89.66, 10.00) (1.54, 1.43, 1.65) #fs:   2  -- #Conts: 2 G(2) 
    129465 015.76 || noQ Q (Avg,Max,Min) (85.66, 85.66, 10.00) (3.08, 3.08, 3.08) #fs:   0  -- #Conts: 1 G(1) 
    149641 013.41 || noQ Q (Avg,Max,Min) (37.63, 40.29, 10.00) (1.56, 1.45, 1.67) #fs:   2  -- #Conts: 2 E(2) 
    245993 010.71 || noQ Q (Avg,Max,Min) (23.57, 24.92, 10.00) (1.58, 1.45, 1.70) #fs:   1  -- #Conts: 2 E(1)  C(1) 
    258412 008.00 || noQ Q (Avg,Max,Min) (22.20, 23.72, 10.00) (1.59, 1.48, 1.70) #fs:   2  -- #Conts: 2 C(2) 
    291917 006.71 || noQ Q (Avg,Max,Min) (38.55, 38.55, 10.00) (3.13, 3.13, 3.13) #fs:   0  -- #Conts: 1 E(1) 
    504383 004.00 || noQ Q (Avg,Max,Min) (22.73, 22.73, 10.00) (3.18, 3.18, 3.18) #fs:   0  -- #Conts: 1 C(1) 
   1145913 003.00 || noQ Q (Avg,Max,Min) (4.23, 6.09, 1.16) (1.22, 0.00, 1.94) #fs:   2  -- #Conts: 3 A(3) 
   1147383 002.00 || noQ Q (Avg,Max,Min) (5.76, 6.09, 5.43) (1.83, 1.73, 1.94) #fs:   2  -- #Conts: 2 A(2) 
   2236610 001.00 || noQ Q (Avg,Max,Min) (5.90, 5.90, 5.90) (3.67, 3.67, 3.67) #fs:   0  -- #Conts: 1 A(1) 
/////////////////size: 12
     73912 045.53 || noQ Q (Avg,Max,Min) (17.23, 149.29, 0.11) (0.34, 0.00, 3.07) #fs:  11  -- #Conts: 9 H(1)  A(6)  C(2) 
     73942 041.53 || noQ Q (Avg,Max,Min) (19.09, 149.23, 0.11) (0.39, 0.00, 3.07) #fs:  12  -- #Conts: 8 H(1)  A(6)  C(1) 
     73987 038.53 || noQ Q (Avg,Max,Min) (19.03, 149.14, 0.11) (0.39, 0.00, 3.07) #fs:  11  -- #Conts: 8 H(1)  A(7) 
     74261 037.53 || noQ Q (Avg,Max,Min) (21.62, 148.59, 0.11) (0.44, 0.00, 3.07) #fs:   8  -- #Conts: 7 H(1)  A(6) 
     74343 036.53 || noQ Q (Avg,Max,Min) (25.18, 148.43, 0.30) (0.51, 0.00, 3.07) #fs:   7  -- #Conts: 6 H(1)  A(5) 
     74491 035.53 || noQ Q (Avg,Max,Min) (29.91, 148.14, 0.30) (0.62, 0.00, 3.07) #fs:   7  -- #Conts: 5 H(1)  A(4) 
     74725 034.53 || noQ Q (Avg,Max,Min) (37.19, 147.68, 0.33) (0.77, 0.00, 3.07) #fs:   6  -- #Conts: 4 H(1)  A(3) 
     74953 033.53 || noQ Q (Avg,Max,Min) (49.31, 147.23, 0.34) (1.02, 0.00, 3.07) #fs:   5  -- #Conts: 3 H(1)  A(2) 
     75329 032.53 || noQ Q (Avg,Max,Min) (73.42, 146.50, 0.35) (1.53, 0.00, 3.07) #fs:   2  -- #Conts: 2 H(1)  A(1) 
     75562 031.53 || noQ Q (Avg,Max,Min) (146.05, 146.05, 10.00) (3.07, 3.07, 3.07) #fs:   0  -- #Conts: 1 H(1) 
    126651 021.76 || noQ Q (Avg,Max,Min) (12.96, 87.54, 0.24) (0.44, 0.00, 3.08) #fs:  10  -- #Conts: 7 G(1)  A(6) 
    127075 020.76 || noQ Q (Avg,Max,Min) (14.98, 87.25, 0.24) (0.52, 0.00, 3.08) #fs:   8  -- #Conts: 6 G(1)  A(5) 
    127089 019.76 || noQ Q (Avg,Max,Min) (17.72, 87.24, 0.25) (0.62, 0.00, 3.08) #fs:   9  -- #Conts: 5 G(1)  A(4) 
    127717 018.76 || noQ Q (Avg,Max,Min) (21.95, 86.82, 0.26) (0.77, 0.00, 3.08) #fs:   6  -- #Conts: 4 G(1)  A(3) 
    128304 017.76 || noQ Q (Avg,Max,Min) (29.03, 86.42, 0.28) (1.03, 0.00, 3.08) #fs:   5  -- #Conts: 3 G(1)  A(2) 
    128906 016.76 || noQ Q (Avg,Max,Min) (43.15, 86.03, 0.28) (1.54, 0.00, 3.08) #fs:   2  -- #Conts: 2 G(1)  A(1) 
    129465 015.76 || noQ Q (Avg,Max,Min) (85.66, 85.66, 10.00) (3.08, 3.08, 3.08) #fs:   0  -- #Conts: 1 G(1) 
    285602 010.71 || noQ Q (Avg,Max,Min) (7.97, 39.38, 0.06) (0.63, 0.00, 3.12) #fs:  10  -- #Conts: 5 A(4)  E(1) 
    286272 009.71 || noQ Q (Avg,Max,Min) (9.93, 39.29, 0.06) (0.78, 0.00, 3.12) #fs:   7  -- #Conts: 4 A(3)  E(1) 
    288466 008.71 || noQ Q (Avg,Max,Min) (13.10, 39.00, 0.08) (1.04, 0.00, 3.12) #fs:   3  -- #Conts: 3 A(2)  E(1) 
    289542 007.71 || noQ Q (Avg,Max,Min) (19.55, 38.85, 0.24) (1.57, 0.01, 3.12) #fs:   2  -- #Conts: 2 A(1)  E(1) 
    291917 006.71 || noQ Q (Avg,Max,Min) (38.55, 38.55, 10.00) (3.13, 3.13, 3.13) #fs:   0  -- #Conts: 1 E(1) 
    494382 006.00 || noQ Q (Avg,Max,Min) (7.84, 23.17, 0.15) (1.07, 0.01, 3.18) #fs:   7  -- #Conts: 3 A(2)  C(1) 
    498181 005.00 || noQ Q (Avg,Max,Min) (11.61, 23.00, 0.21) (1.60, 0.01, 3.18) #fs:   3  -- #Conts: 2 A(1)  C(1) 
    504383 004.00 || noQ Q (Avg,Max,Min) (22.73, 22.73, 10.00) (3.18, 3.18, 3.18) #fs:   0  -- #Conts: 1 C(1) 
   1146043 002.00 || noQ Q (Avg,Max,Min) (5.76, 6.09, 5.44) (1.83, 1.73, 1.94) #fs:   3  -- #Conts: 2 A(2) 
   2236610 001.00 || noQ Q (Avg,Max,Min) (5.90, 5.90, 5.90) (3.67, 3.67, 3.67) #fs:   0  -- #Conts: 1 A(1) 
/////////////////size: 27
nodes 100 edges 192
 mulT: 1 mulD: 1000  sumData GB 97599
pareto /CYBERSHAKE.n.100.0.dax time -> 453.0
moheft /CYBERSHAKE.n.100.0.dax time -> 745.0
distance from M to C 1.4861111111111116
distance from P to C 0.0
distance from C to M 0.22420334141040282
distance from C to P 0.8201923106797498
toCompare: /CYBERSHAKE.n.100.0.dax sumDataGB: 97599 mulT: 1 mulD: 1000 paretoOptTime_MS: 453.0 MoheftOptimizationTime_MS: 745.0 MtoC 1.4861111111111116 PtoC 0.0 CtoM 0.22420334141040282 CtoP 0.8201923106797498
