specify -Dflow d,b,mt,md,size
Running /home/vaggelis/jc/LIGO.n.50.0.dax mt 50 md: 500 size null
   2375908 362.59 || noQ Q (Avg,Max,Min) (0.87, 1.00, 0.67) (0.51, 0.35, 0.60) #fs:  15  -- #Conts: 12 H(11)  G(1) 
   2394111 346.82 || noQ Q (Avg,Max,Min) (0.89, 1.00, 0.76) (0.53, 0.40, 0.60) #fs:  15  -- #Conts: 12 H(10)  G(2) 
   2501848 331.06 || noQ Q (Avg,Max,Min) (0.88, 1.00, 0.77) (0.56, 0.46, 0.69) #fs:  16  -- #Conts: 12 H(9)  G(3) 
   2826836 315.29 || noQ Q (Avg,Max,Min) (0.86, 1.00, 0.79) (0.58, 0.47, 0.78) #fs:  15  -- #Conts: 12 H(8)  G(4) 
   3123510 299.53 || noQ Q (Avg,Max,Min) (0.83, 1.00, 0.71) (0.61, 0.47, 0.87) #fs:  16  -- #Conts: 12 H(7)  G(5) 
   3441311 283.76 || noQ Q (Avg,Max,Min) (0.86, 1.00, 0.65) (0.66, 0.44, 0.86) #fs:  11  -- #Conts: 11 H(7)  G(4) 
   3539243 268.00 || noQ Q (Avg,Max,Min) (0.85, 1.00, 0.62) (0.69, 0.44, 0.90) #fs:  11  -- #Conts: 11 H(6)  G(5) 
   5941673 252.24 || noQ Q (Avg,Max,Min) (0.81, 1.00, 0.59) (0.61, 0.42, 0.73) #fs:  13  -- #Conts: 11 G(11) 
   7244636 236.47 || noQ Q (Avg,Max,Min) (0.85, 1.00, 0.54) (0.65, 0.50, 0.94) #fs:   6  -- #Conts: 9 G(9) 
   7438212 220.71 || noQ Q (Avg,Max,Min) (0.84, 1.00, 0.54) (0.70, 0.50, 0.94) #fs:   6  -- #Conts: 8 G(8) 
   7828202 204.94 || noQ Q (Avg,Max,Min) (0.82, 1.00, 0.54) (0.76, 0.50, 0.94) #fs:   6  -- #Conts: 7 G(7) 
   9179700 201.18 || noQ Q (Avg,Max,Min) (0.92, 1.00, 0.69) (0.81, 0.56, 0.99) #fs:  12  -- #Conts: 15 E(15) 
  10803109 194.47 || noQ Q (Avg,Max,Min) (0.92, 1.00, 0.70) (0.82, 0.59, 0.99) #fs:  12  -- #Conts: 15 E(15) 
  11760849 187.76 || noQ Q (Avg,Max,Min) (0.95, 1.00, 0.70) (0.84, 0.59, 0.99) #fs:  10  -- #Conts: 15 E(15) 
  12808818 181.06 || noQ Q (Avg,Max,Min) (0.97, 1.00, 0.88) (0.85, 0.57, 0.99) #fs:   9  -- #Conts: 15 E(15) 
  14475369 174.35 || noQ Q (Avg,Max,Min) (0.97, 1.00, 0.84) (0.90, 0.75, 0.98) #fs:   5  -- #Conts: 12 E(12) 
  15560270 167.65 || noQ Q (Avg,Max,Min) (0.98, 1.00, 0.89) (0.92, 0.84, 0.98) #fs:   5  -- #Conts: 12 E(12) 
  20560026 163.29 || noQ Q (Avg,Max,Min) (1.00, 1.02, 1.00) (0.93, 0.88, 0.99) #fs:   0  -- #Conts: 13 G(1)  E(12) 
  20692077 160.94 || noQ Q (Avg,Max,Min) (1.00, 1.01, 1.00) (0.94, 0.88, 1.01) #fs:   0  -- #Conts: 13 E(13) 
/////////////////size: 19
   6385785 270.00 || noQ Q (Avg,Max,Min) (0.97, 1.01, 0.81) (0.59, 0.31, 0.85) #fs:   4  -- #Conts: 12 H(3)  A(2)  G(7) 
   6905236 254.24 || noQ Q (Avg,Max,Min) (0.97, 1.01, 0.81) (0.63, 0.33, 0.92) #fs:   4  -- #Conts: 11 H(3)  A(2)  G(6) 
   7035188 238.47 || noQ Q (Avg,Max,Min) (0.96, 1.01, 0.81) (0.67, 0.39, 0.94) #fs:   4  -- #Conts: 10 H(3)  A(2)  G(5) 
   7547758 222.71 || noQ Q (Avg,Max,Min) (0.96, 1.01, 0.81) (0.72, 0.43, 0.94) #fs:   4  -- #Conts: 9 H(3)  A(2)  G(4) 
   7865505 195.53 || noQ Q (Avg,Max,Min) (0.99, 1.01, 0.91) (0.78, 0.26, 1.01) #fs:   4  -- #Conts: 13 H(3)  A(2)  G(5)  E(3) 
   7907349 192.82 || noQ Q (Avg,Max,Min) (0.99, 1.01, 0.91) (0.81, 0.26, 1.01) #fs:   5  -- #Conts: 13 H(3)  A(2)  G(5)  E(2)  C(1) 
   7943295 190.47 || noQ Q (Avg,Max,Min) (0.99, 1.01, 0.91) (0.82, 0.26, 1.01) #fs:   4  -- #Conts: 14 H(3)  A(2)  G(4)  E(4)  C(1) 
   8338446 189.82 || noQ Q (Avg,Max,Min) (0.99, 1.01, 0.91) (0.76, 0.07, 1.01) #fs:   4  -- #Conts: 13 H(3)  A(3)  G(5)  E(2) 
  11766109 184.76 || noQ Q (Avg,Max,Min) (0.98, 1.02, 0.86) (0.86, 0.60, 0.97) #fs:   5  -- #Conts: 15 H(1)  A(1)  G(6)  E(6)  C(1) 
  12122736 182.41 || noQ Q (Avg,Max,Min) (0.99, 1.02, 0.86) (0.86, 0.60, 0.97) #fs:   5  -- #Conts: 14 H(1)  A(1)  G(5)  E(6)  C(1) 
  12644015 178.06 || noQ Q (Avg,Max,Min) (0.98, 1.02, 0.86) (0.88, 0.60, 0.97) #fs:   5  -- #Conts: 15 H(1)  A(1)  G(6)  E(6)  C(1) 
  16612795 173.35 || noQ Q (Avg,Max,Min) (0.98, 1.02, 0.86) (0.89, 0.60, 0.99) #fs:   5  -- #Conts: 13 H(1)  A(1)  G(4)  E(6)  C(1) 
  27118404 173.00 || noQ Q (Avg,Max,Min) (1.00, 1.01, 0.96) (0.86, 0.55, 1.00) #fs:   1  -- #Conts: 10 A(1)  G(3)  E(5)  C(1) 
  27636577 163.94 || noQ Q (Avg,Max,Min) (1.00, 1.01, 0.97) (0.91, 0.77, 1.00) #fs:   1  -- #Conts: 9 A(1)  G(2)  E(5)  C(1) 
  33966641 163.53 || noQ Q (Avg,Max,Min) (1.00, 1.01, 1.00) (0.85, 0.07, 0.99) #fs:   0  -- #Conts: 12 A(2)  G(2)  E(5)  C(3) 
  47588854 162.82 || noQ Q (Avg,Max,Min) (1.00, 1.01, 1.00) (0.86, 0.07, 0.99) #fs:   0  -- #Conts: 13 A(3)  G(2)  E(5)  C(3) 
  54875619 162.29 || noQ Q (Avg,Max,Min) (1.00, 1.01, 1.00) (0.93, 0.77, 1.00) #fs:   0  -- #Conts: 14 A(3)  G(2)  E(6)  C(3) 
  66694994 161.29 || noQ Q (Avg,Max,Min) (1.00, 1.01, 1.00) (0.94, 0.77, 1.00) #fs:   0  -- #Conts: 13 A(2)  G(2)  E(6)  C(3) 
/////////////////size: 18
nodes 50 edges 60
 mulT: 50 mulD: 500  sumData GB 723
pareto /LIGO.n.50.0.dax time -> 1067.0
moheft /LIGO.n.50.0.dax time -> 275.0
distance from M to C 2.194257837136618
distance from P to C 0.7369243292597705
distance from C to M 6.80125900569799
distance from C to P 2.483597187289537
toCompare: /LIGO.n.50.0.dax sumDataGB: 723 mulT: 50 mulD: 500 paretoOptTime_MS: 1067.0 MoheftOptimizationTime_MS: 275.0 MtoC 2.194257837136618 PtoC 0.7369243292597705 CtoM 6.80125900569799 CtoP 2.483597187289537
