specify -Dflow d,b,mt,md,size
Running /home/vaggelis/jc/SIPHT.n.50.0.dax mt 5000 md: 10000 size null
 678740164 18380.59 || noQ Q (Avg,Max,Min) (0.99, 1.10, 0.64) (0.94, 0.63, 1.05) #fs:   1  -- #Conts: 13 H(8)  G(3)  E(2) 
 678757878 16173.53 || noQ Q (Avg,Max,Min) (1.02, 1.10, 1.00) (0.97, 0.73, 1.05) #fs:   0  -- #Conts: 13 H(8)  G(3)  E(2) 
 999224712 14645.41 || noQ Q (Avg,Max,Min) (1.01, 1.03, 1.00) (0.97, 0.86, 1.01) #fs:   0  -- #Conts: 11 H(2)  G(9) 
1109812827 14361.65 || noQ Q (Avg,Max,Min) (1.01, 1.03, 1.00) (0.97, 0.86, 1.01) #fs:   0  -- #Conts: 11 H(1)  G(10) 
1153017520 14038.12 || noQ Q (Avg,Max,Min) (1.01, 1.03, 1.00) (0.97, 0.86, 1.00) #fs:   0  -- #Conts: 11 G(9)  E(2) 
2024444991 13903.29 || noQ Q (Avg,Max,Min) (1.00, 1.01, 0.97) (0.95, 0.66, 1.00) #fs:   1  -- #Conts: 16 H(1)  G(1)  E(14) 
2125848637 13635.29 || noQ Q (Avg,Max,Min) (1.00, 1.01, 0.97) (0.95, 0.66, 1.00) #fs:   1  -- #Conts: 16 G(2)  E(14) 
2502458364 13566.94 || noQ Q (Avg,Max,Min) (1.00, 1.01, 0.97) (0.95, 0.66, 1.00) #fs:   1  -- #Conts: 16 G(1)  E(15) 
2589360469 13498.94 || noQ Q (Avg,Max,Min) (1.00, 1.01, 0.97) (0.95, 0.66, 1.00) #fs:   1  -- #Conts: 16 E(16) 
2620174962 13492.24 || noQ Q (Avg,Max,Min) (1.00, 1.01, 0.97) (0.96, 0.88, 1.00) #fs:   1  -- #Conts: 14 E(14) 
4198145430 13002.71 || noQ Q (Avg,Max,Min) (0.98, 1.02, 0.77) (0.91, 0.58, 1.02) #fs:   2  -- #Conts: 20 E(1)  C(19) 
6452818168 6613.00 || noQ Q (Avg,Max,Min) (1.00, 1.00, 0.96) (0.98, 0.93, 1.00) #fs:   2  -- #Conts: 18 A(17)  C(1) 
6453121935 4862.00 || noQ Q (Avg,Max,Min) (1.00, 1.00, 0.96) (0.98, 0.93, 1.00) #fs:   3  -- #Conts: 18 A(18) 
6461621935 4861.00 || noQ Q (Avg,Max,Min) (1.00, 1.00, 0.96) (0.98, 0.93, 1.00) #fs:   3  -- #Conts: 18 A(18) 
/////////////////size: 14
 700354419 16472.12 || noQ Q (Avg,Max,Min) (1.00, 1.07, 0.94) (0.99, 0.90, 1.07) #fs:   1  -- #Conts: 10 H(4)  G(2)  A(1)  E(3) 
 700372133 16065.24 || noQ Q (Avg,Max,Min) (1.01, 1.07, 1.00) (0.99, 0.90, 1.07) #fs:   0  -- #Conts: 11 H(4)  G(2)  A(2)  E(3) 
 700519579 16063.24 || noQ Q (Avg,Max,Min) (1.01, 1.07, 1.00) (0.99, 0.90, 1.07) #fs:   0  -- #Conts: 11 H(4)  G(2)  A(2)  E(3) 
 700600432 16062.24 || noQ Q (Avg,Max,Min) (1.01, 1.07, 1.00) (1.00, 0.90, 1.07) #fs:   0  -- #Conts: 10 H(4)  G(2)  A(1)  E(3) 
 710891635 16061.24 || noQ Q (Avg,Max,Min) (1.01, 1.07, 1.00) (0.98, 0.80, 1.07) #fs:   0  -- #Conts: 12 H(4)  G(2)  A(3)  E(3) 
 767163481 15940.41 || noQ Q (Avg,Max,Min) (1.01, 1.03, 1.00) (0.99, 0.90, 1.02) #fs:   0  -- #Conts: 13 H(5)  G(2)  A(3)  E(3) 
 767391780 15937.41 || noQ Q (Avg,Max,Min) (1.01, 1.03, 1.00) (1.00, 0.90, 1.02) #fs:   0  -- #Conts: 12 H(5)  G(2)  A(2)  E(3) 
 776309605 15936.41 || noQ Q (Avg,Max,Min) (1.01, 1.02, 1.00) (0.98, 0.80, 1.02) #fs:   0  -- #Conts: 13 H(5)  G(2)  A(3)  E(3) 
 812344691 15845.82 || noQ Q (Avg,Max,Min) (1.06, 1.38, 1.00) (0.87, 0.11, 1.07) #fs:   0  -- #Conts: 13 H(6)  G(3)  A(1)  E(3) 
 812407464 15814.29 || noQ Q (Avg,Max,Min) (1.03, 1.29, 1.00) (0.93, 0.12, 1.07) #fs:   0  -- #Conts: 12 H(5)  G(3)  A(1)  E(3) 
 812496792 15785.76 || noQ Q (Avg,Max,Min) (1.01, 1.07, 1.00) (0.99, 0.80, 1.07) #fs:   0  -- #Conts: 12 H(4)  G(3)  A(2)  E(3) 
 812722178 15784.76 || noQ Q (Avg,Max,Min) (1.01, 1.07, 1.00) (0.99, 0.80, 1.07) #fs:   0  -- #Conts: 12 H(4)  G(3)  A(2)  E(3) 
 812988616 15782.76 || noQ Q (Avg,Max,Min) (1.01, 1.07, 1.00) (1.01, 1.00, 1.07) #fs:   0  -- #Conts: 11 H(4)  G(3)  A(1)  E(3) 
 853960200 15554.00 || noQ Q (Avg,Max,Min) (1.04, 1.38, 1.00) (0.92, 0.11, 1.01) #fs:   0  -- #Conts: 12 H(4)  G(3)  A(2)  E(3) 
 854148315 15522.47 || noQ Q (Avg,Max,Min) (1.01, 1.01, 1.00) (0.99, 0.93, 1.01) #fs:   0  -- #Conts: 11 H(3)  G(3)  A(2)  E(3) 
 854691105 15519.47 || noQ Q (Avg,Max,Min) (1.01, 1.01, 1.00) (1.00, 0.93, 1.01) #fs:   0  -- #Conts: 11 H(3)  G(3)  A(2)  E(3) 
 854940655 15518.47 || noQ Q (Avg,Max,Min) (1.00, 1.01, 1.00) (1.00, 0.99, 1.01) #fs:   0  -- #Conts: 10 H(3)  G(3)  A(1)  E(3) 
 855167896 15517.47 || noQ Q (Avg,Max,Min) (1.04, 1.34, 1.00) (0.92, 0.13, 1.01) #fs:   0  -- #Conts: 11 H(3)  G(3)  A(2)  E(3) 
 855253741 15516.47 || noQ Q (Avg,Max,Min) (1.00, 1.01, 1.00) (1.00, 0.99, 1.01) #fs:   0  -- #Conts: 10 H(3)  G(3)  A(1)  E(3) 
 855562716 15515.47 || noQ Q (Avg,Max,Min) (1.00, 1.01, 1.00) (1.00, 0.99, 1.01) #fs:   0  -- #Conts: 10 H(3)  G(3)  A(1)  E(3) 
 855837559 15514.47 || noQ Q (Avg,Max,Min) (1.00, 1.01, 1.00) (1.00, 0.99, 1.01) #fs:   0  -- #Conts: 10 H(3)  G(3)  A(1)  E(3) 
 856112402 15513.47 || noQ Q (Avg,Max,Min) (1.00, 1.01, 1.00) (1.00, 0.99, 1.01) #fs:   0  -- #Conts: 10 H(3)  G(3)  A(1)  E(3) 
 856190516 15512.47 || noQ Q (Avg,Max,Min) (1.00, 1.01, 1.00) (1.00, 0.99, 1.01) #fs:   0  -- #Conts: 10 H(3)  G(3)  A(1)  E(3) 
 875460767 15511.47 || noQ Q (Avg,Max,Min) (1.01, 1.01, 1.00) (0.99, 0.88, 1.01) #fs:   0  -- #Conts: 11 H(3)  G(3)  A(2)  E(3) 
 892436513 15225.35 || noQ Q (Avg,Max,Min) (1.01, 1.03, 1.00) (0.98, 0.80, 1.03) #fs:   0  -- #Conts: 13 H(3)  G(3)  A(2)  E(5) 
 892723486 15222.35 || noQ Q (Avg,Max,Min) (1.01, 1.03, 1.00) (1.00, 0.90, 1.03) #fs:   0  -- #Conts: 12 H(3)  G(3)  A(1)  E(5) 
 892866614 15221.35 || noQ Q (Avg,Max,Min) (1.01, 1.03, 1.00) (0.99, 0.90, 1.03) #fs:   0  -- #Conts: 12 H(3)  G(3)  A(1)  E(5) 
 893026981 15220.35 || noQ Q (Avg,Max,Min) (1.01, 1.03, 1.00) (0.99, 0.90, 1.03) #fs:   0  -- #Conts: 12 H(3)  G(3)  A(1)  E(5) 
 893030357 15219.35 || noQ Q (Avg,Max,Min) (1.01, 1.03, 1.00) (1.00, 0.90, 1.03) #fs:   0  -- #Conts: 12 H(3)  G(3)  A(1)  E(5) 
 893187348 15218.35 || noQ Q (Avg,Max,Min) (1.01, 1.03, 1.00) (1.00, 0.90, 1.03) #fs:   0  -- #Conts: 12 H(3)  G(3)  A(1)  E(5) 
 920733724 15208.88 || noQ Q (Avg,Max,Min) (1.00, 1.04, 0.93) (0.97, 0.65, 1.03) #fs:   1  -- #Conts: 13 H(2)  G(4)  A(1)  E(5)  C(1) 
 920768174 14988.18 || noQ Q (Avg,Max,Min) (1.04, 1.38, 1.00) (0.91, 0.11, 1.03) #fs:   0  -- #Conts: 14 H(3)  G(4)  A(1)  E(5)  C(1) 
 920932561 14984.18 || noQ Q (Avg,Max,Min) (1.04, 1.38, 1.00) (0.93, 0.11, 1.03) #fs:   0  -- #Conts: 13 H(3)  G(4)  A(1)  E(5) 
 920956289 14956.65 || noQ Q (Avg,Max,Min) (1.01, 1.04, 1.00) (0.98, 0.65, 1.03) #fs:   0  -- #Conts: 13 H(2)  G(4)  A(1)  E(5)  C(1) 
 921224236 14954.65 || noQ Q (Avg,Max,Min) (1.01, 1.04, 1.00) (0.98, 0.65, 1.03) #fs:   0  -- #Conts: 13 H(2)  G(4)  A(1)  E(5)  C(1) 
 921424385 14952.65 || noQ Q (Avg,Max,Min) (1.01, 1.03, 1.00) (1.00, 0.97, 1.03) #fs:   0  -- #Conts: 12 H(2)  G(4)  A(1)  E(5) 
 921701027 14951.65 || noQ Q (Avg,Max,Min) (1.03, 1.34, 1.00) (0.94, 0.13, 1.03) #fs:   0  -- #Conts: 13 H(2)  G(4)  A(2)  E(5) 
 921786872 14950.65 || noQ Q (Avg,Max,Min) (1.01, 1.03, 1.00) (1.01, 0.99, 1.03) #fs:   0  -- #Conts: 12 H(2)  G(4)  A(1)  E(5) 
 922162388 14949.65 || noQ Q (Avg,Max,Min) (1.01, 1.03, 1.00) (1.00, 0.98, 1.03) #fs:   0  -- #Conts: 12 H(2)  G(4)  A(1)  E(5) 
 932506569 14948.65 || noQ Q (Avg,Max,Min) (1.01, 1.03, 1.00) (0.98, 0.80, 1.03) #fs:   0  -- #Conts: 14 H(2)  G(4)  A(3)  E(5) 
1060738638 14523.12 || noQ Q (Avg,Max,Min) (1.00, 1.01, 1.00) (0.99, 0.93, 1.00) #fs:   1  -- #Conts: 11 H(2)  G(3)  A(2)  E(4) 
1060886084 14521.12 || noQ Q (Avg,Max,Min) (1.00, 1.01, 1.00) (0.99, 0.93, 1.00) #fs:   1  -- #Conts: 11 H(2)  G(3)  A(2)  E(4) 
1061046451 14520.12 || noQ Q (Avg,Max,Min) (1.00, 1.01, 1.00) (0.99, 0.93, 1.00) #fs:   1  -- #Conts: 11 H(2)  G(3)  A(2)  E(4) 
1069884762 14519.12 || noQ Q (Avg,Max,Min) (1.00, 1.01, 1.00) (0.98, 0.80, 1.00) #fs:   1  -- #Conts: 11 H(2)  G(3)  A(2)  E(4) 
1109798225 14254.06 || noQ Q (Avg,Max,Min) (1.01, 1.06, 1.00) (0.95, 0.56, 1.00) #fs:   1  -- #Conts: 11 H(1)  G(3)  A(1)  E(5)  C(1) 
1110290049 14250.06 || noQ Q (Avg,Max,Min) (1.00, 1.01, 1.00) (0.99, 0.90, 1.00) #fs:   1  -- #Conts: 10 H(1)  G(3)  A(1)  E(5) 
1110553678 14249.06 || noQ Q (Avg,Max,Min) (1.00, 1.01, 1.00) (0.99, 0.90, 1.00) #fs:   1  -- #Conts: 10 H(1)  G(3)  A(1)  E(5) 
1110929194 14248.06 || noQ Q (Avg,Max,Min) (1.00, 1.01, 1.00) (0.99, 0.90, 1.00) #fs:   1  -- #Conts: 10 H(1)  G(3)  A(1)  E(5) 
1111014626 14247.06 || noQ Q (Avg,Max,Min) (1.00, 1.01, 0.93) (0.92, 0.23, 1.00) #fs:   2  -- #Conts: 11 H(1)  G(3)  A(2)  E(5) 
1111204037 14246.06 || noQ Q (Avg,Max,Min) (1.00, 1.01, 1.00) (0.99, 0.90, 1.00) #fs:   1  -- #Conts: 10 H(1)  G(3)  A(1)  E(5) 
1111478880 14245.06 || noQ Q (Avg,Max,Min) (1.00, 1.01, 1.00) (0.99, 0.90, 1.00) #fs:   1  -- #Conts: 10 H(1)  G(3)  A(1)  E(5) 
1111765296 14244.06 || noQ Q (Avg,Max,Min) (1.00, 1.01, 1.00) (0.99, 0.90, 1.00) #fs:   1  -- #Conts: 10 H(1)  G(3)  A(1)  E(5) 
1111794227 14243.06 || noQ Q (Avg,Max,Min) (1.00, 1.01, 1.00) (0.99, 0.90, 1.00) #fs:   1  -- #Conts: 10 H(1)  G(3)  A(1)  E(5) 
1112069070 14242.06 || noQ Q (Avg,Max,Min) (1.00, 1.01, 1.00) (0.99, 0.90, 1.00) #fs:   1  -- #Conts: 10 H(1)  G(3)  A(1)  E(5) 
1112375737 14241.06 || noQ Q (Avg,Max,Min) (1.00, 1.01, 1.00) (0.99, 0.90, 1.00) #fs:   1  -- #Conts: 10 H(1)  G(3)  A(1)  E(5) 
1214343331 14008.59 || noQ Q (Avg,Max,Min) (1.03, 1.38, 1.00) (0.91, 0.11, 1.00) #fs:   1  -- #Conts: 12 H(1)  G(4)  A(2)  E(5) 
1214507718 14005.59 || noQ Q (Avg,Max,Min) (1.04, 1.38, 1.00) (0.91, 0.11, 1.00) #fs:   1  -- #Conts: 11 H(1)  G(4)  A(1)  E(5) 
1214531446 13977.06 || noQ Q (Avg,Max,Min) (1.00, 1.01, 1.00) (0.98, 0.90, 1.00) #fs:   1  -- #Conts: 11 G(4)  A(2)  E(5) 
1214799393 13975.06 || noQ Q (Avg,Max,Min) (1.00, 1.01, 1.00) (0.98, 0.90, 1.00) #fs:   1  -- #Conts: 11 G(4)  A(2)  E(5) 
1214999542 13974.06 || noQ Q (Avg,Max,Min) (1.00, 1.01, 1.00) (0.99, 0.90, 1.00) #fs:   1  -- #Conts: 10 G(4)  A(1)  E(5) 
1215276184 13973.06 || noQ Q (Avg,Max,Min) (1.03, 1.34, 1.00) (0.91, 0.13, 1.00) #fs:   1  -- #Conts: 11 G(4)  A(2)  E(5) 
1215362029 13972.06 || noQ Q (Avg,Max,Min) (1.00, 1.01, 1.00) (0.99, 0.90, 1.00) #fs:   1  -- #Conts: 10 G(4)  A(1)  E(5) 
1215737545 13971.06 || noQ Q (Avg,Max,Min) (1.00, 1.01, 1.00) (0.99, 0.90, 1.00) #fs:   1  -- #Conts: 10 G(4)  A(1)  E(5) 
1226081726 13970.06 || noQ Q (Avg,Max,Min) (1.00, 1.01, 1.00) (0.97, 0.80, 1.00) #fs:   1  -- #Conts: 12 G(4)  A(3)  E(5) 
1309236363 13940.94 || noQ Q (Avg,Max,Min) (1.00, 1.01, 1.00) (0.98, 0.80, 1.01) #fs:   0  -- #Conts: 11 G(5)  A(2)  E(4) 
1309461749 13939.94 || noQ Q (Avg,Max,Min) (1.00, 1.01, 1.00) (0.98, 0.80, 1.01) #fs:   0  -- #Conts: 11 G(5)  A(2)  E(4) 
1309728187 13937.94 || noQ Q (Avg,Max,Min) (1.00, 1.01, 1.00) (1.00, 0.99, 1.01) #fs:   0  -- #Conts: 10 G(5)  A(1)  E(4) 
1587167119 13932.53 || noQ Q (Avg,Max,Min) (1.03, 1.33, 1.00) (0.93, 0.23, 1.00) #fs:   1  -- #Conts: 11 H(1)  G(4)  A(1)  E(5) 
1587425732 13931.53 || noQ Q (Avg,Max,Min) (1.01, 1.05, 1.00) (0.93, 0.26, 1.00) #fs:   2  -- #Conts: 11 H(1)  G(4)  A(1)  E(5) 
1587801553 13915.76 || noQ Q (Avg,Max,Min) (1.00, 1.01, 1.00) (0.94, 0.35, 1.00) #fs:   2  -- #Conts: 11 G(5)  A(1)  E(5) 
1587826200 13904.00 || noQ Q (Avg,Max,Min) (1.00, 1.01, 1.00) (0.98, 0.80, 1.00) #fs:   1  -- #Conts: 11 G(4)  A(2)  E(5) 
1588935420 13901.00 || noQ Q (Avg,Max,Min) (1.00, 1.01, 1.00) (1.00, 1.00, 1.00) #fs:   1  -- #Conts: 10 G(4)  A(1)  E(5) 
1677221141 13865.53 || noQ Q (Avg,Max,Min) (1.03, 1.38, 1.00) (0.92, 0.11, 1.00) #fs:   1  -- #Conts: 12 H(1)  G(3)  A(3)  E(5) 
1677425992 13849.76 || noQ Q (Avg,Max,Min) (1.02, 1.22, 1.00) (0.92, 0.17, 1.00) #fs:   1  -- #Conts: 12 G(4)  A(3)  E(5) 
1678026652 13840.71 || noQ Q (Avg,Max,Min) (1.00, 1.01, 1.00) (0.99, 0.93, 1.00) #fs:   1  -- #Conts: 11 G(3)  A(3)  E(5) 
1678657773 13839.71 || noQ Q (Avg,Max,Min) (1.00, 1.01, 1.00) (0.99, 0.93, 1.00) #fs:   1  -- #Conts: 11 G(3)  A(3)  E(5) 
1678850835 13838.00 || noQ Q (Avg,Max,Min) (1.01, 1.06, 1.00) (0.96, 0.56, 1.00) #fs:   1  -- #Conts: 12 G(3)  A(3)  E(5)  C(1) 
1679607298 13837.00 || noQ Q (Avg,Max,Min) (1.01, 1.06, 1.00) (0.95, 0.56, 1.00) #fs:   1  -- #Conts: 12 G(3)  A(3)  E(5)  C(1) 
1686190631 13836.00 || noQ Q (Avg,Max,Min) (1.00, 1.01, 1.00) (0.97, 0.80, 1.00) #fs:   1  -- #Conts: 12 G(3)  A(4)  E(5) 
1786576053 13830.71 || noQ Q (Avg,Max,Min) (1.09, 1.44, 1.00) (0.81, 0.10, 1.01) #fs:   0  -- #Conts: 9 H(1)  G(3)  A(2)  E(3) 
1786643901 13829.71 || noQ Q (Avg,Max,Min) (1.05, 1.22, 1.00) (0.82, 0.17, 1.01) #fs:   0  -- #Conts: 9 G(5)  A(1)  E(3) 
1787020701 13814.94 || noQ Q (Avg,Max,Min) (1.07, 1.44, 1.00) (0.83, 0.10, 1.01) #fs:   0  -- #Conts: 9 G(4)  A(2)  E(3) 
1787135725 13813.94 || noQ Q (Avg,Max,Min) (1.03, 1.19, 1.00) (0.92, 0.35, 1.01) #fs:   0  -- #Conts: 8 G(4)  A(1)  E(3) 
1787235134 13807.88 || noQ Q (Avg,Max,Min) (1.01, 1.03, 1.00) (0.98, 0.83, 1.01) #fs:   0  -- #Conts: 8 G(3)  A(2)  E(3) 
1788196781 13807.18 || noQ Q (Avg,Max,Min) (1.06, 1.44, 1.00) (0.83, 0.10, 1.01) #fs:   0  -- #Conts: 10 G(3)  A(2)  E(3)  C(2) 
1788311805 13806.18 || noQ Q (Avg,Max,Min) (1.01, 1.06, 1.00) (0.91, 0.56, 1.01) #fs:   0  -- #Conts: 9 G(3)  A(1)  E(3)  C(2) 
1788344354 13805.88 || noQ Q (Avg,Max,Min) (1.06, 1.44, 1.00) (0.89, 0.10, 1.01) #fs:   0  -- #Conts: 8 G(3)  A(2)  E(3) 
1788367221 13804.88 || noQ Q (Avg,Max,Min) (1.00, 1.01, 1.00) (1.00, 0.98, 1.01) #fs:   0  -- #Conts: 7 G(3)  A(1)  E(3) 
1796018177 13804.18 || noQ Q (Avg,Max,Min) (1.00, 1.01, 1.00) (0.97, 0.80, 1.01) #fs:   0  -- #Conts: 9 G(3)  A(3)  E(3) 
1836136527 13778.24 || noQ Q (Avg,Max,Min) (1.00, 1.01, 1.00) (0.98, 0.80, 1.00) #fs:   0  -- #Conts: 9 G(3)  A(2)  E(4) 
1836628351 13775.24 || noQ Q (Avg,Max,Min) (1.00, 1.01, 1.00) (1.00, 1.00, 1.00) #fs:   0  -- #Conts: 8 G(3)  A(1)  E(4) 
1836891980 13774.24 || noQ Q (Avg,Max,Min) (1.00, 1.01, 1.00) (1.00, 0.99, 1.01) #fs:   0  -- #Conts: 8 G(3)  A(1)  E(4) 
1847305010 13773.24 || noQ Q (Avg,Max,Min) (1.00, 1.01, 1.00) (0.97, 0.80, 1.01) #fs:   0  -- #Conts: 10 G(3)  A(3)  E(4) 
2059441161 13685.65 || noQ Q (Avg,Max,Min) (1.04, 1.38, 1.00) (0.90, 0.11, 1.01) #fs:   0  -- #Conts: 10 H(1)  G(2)  A(2)  E(5) 
2059605548 13682.65 || noQ Q (Avg,Max,Min) (1.05, 1.38, 1.00) (0.90, 0.11, 1.01) #fs:   0  -- #Conts: 9 H(1)  G(2)  A(1)  E(5) 
2059629276 13654.12 || noQ Q (Avg,Max,Min) (1.00, 1.01, 1.00) (0.99, 0.93, 1.01) #fs:   0  -- #Conts: 9 G(2)  A(2)  E(5) 
2059897223 13653.12 || noQ Q (Avg,Max,Min) (1.00, 1.01, 1.00) (0.99, 0.93, 1.01) #fs:   0  -- #Conts: 9 G(2)  A(2)  E(5) 
2060097372 13651.12 || noQ Q (Avg,Max,Min) (1.00, 1.01, 1.00) (1.00, 0.99, 1.01) #fs:   0  -- #Conts: 8 G(2)  A(1)  E(5) 
2060459859 13650.12 || noQ Q (Avg,Max,Min) (1.00, 1.01, 1.00) (1.00, 0.98, 1.01) #fs:   0  -- #Conts: 8 G(2)  A(1)  E(5) 
2060741945 13649.12 || noQ Q (Avg,Max,Min) (1.04, 1.34, 1.00) (0.91, 0.13, 1.01) #fs:   0  -- #Conts: 9 G(2)  A(2)  E(5) 
2060835375 13648.12 || noQ Q (Avg,Max,Min) (1.00, 1.01, 1.00) (1.00, 1.00, 1.01) #fs:   0  -- #Conts: 8 G(2)  A(1)  E(5) 
2061110218 13647.12 || noQ Q (Avg,Max,Min) (1.00, 1.01, 1.00) (1.00, 0.99, 1.01) #fs:   0  -- #Conts: 8 G(2)  A(1)  E(5) 
2061385061 13646.12 || noQ Q (Avg,Max,Min) (1.00, 1.01, 1.00) (1.00, 0.98, 1.01) #fs:   0  -- #Conts: 8 G(2)  A(1)  E(5) 
2061482066 13645.12 || noQ Q (Avg,Max,Min) (0.96, 1.01, 0.57) (0.92, 0.23, 1.01) #fs:   1  -- #Conts: 9 G(2)  A(2)  E(5) 
2061671477 13644.12 || noQ Q (Avg,Max,Min) (1.00, 1.01, 1.00) (1.00, 1.00, 1.01) #fs:   0  -- #Conts: 8 G(2)  A(1)  E(5) 
2182805940 13642.76 || noQ Q (Avg,Max,Min) (1.04, 1.38, 1.00) (0.90, 0.11, 1.00) #fs:   0  -- #Conts: 10 H(1)  G(2)  A(1)  E(6) 
2182829668 13614.24 || noQ Q (Avg,Max,Min) (1.00, 1.01, 1.00) (0.98, 0.90, 1.00) #fs:   0  -- #Conts: 10 G(2)  A(2)  E(6) 
2183297764 13611.24 || noQ Q (Avg,Max,Min) (1.00, 1.01, 1.00) (0.99, 0.90, 1.00) #fs:   0  -- #Conts: 9 G(2)  A(1)  E(6) 
2183647171 13610.24 || noQ Q (Avg,Max,Min) (1.00, 1.01, 1.00) (0.98, 0.90, 1.00) #fs:   0  -- #Conts: 10 G(2)  A(2)  E(6) 
2183972119 13609.24 || noQ Q (Avg,Max,Min) (1.00, 1.01, 1.00) (0.99, 0.90, 1.00) #fs:   0  -- #Conts: 9 G(2)  A(1)  E(6) 
2184124092 13608.24 || noQ Q (Avg,Max,Min) (1.04, 1.34, 1.00) (0.90, 0.13, 1.00) #fs:   0  -- #Conts: 10 G(2)  A(2)  E(6) 
2184209937 13607.24 || noQ Q (Avg,Max,Min) (1.00, 1.01, 1.00) (0.99, 0.90, 1.00) #fs:   0  -- #Conts: 9 G(2)  A(1)  E(6) 
2360982931 13595.82 || noQ Q (Avg,Max,Min) (1.02, 1.19, 1.00) (0.94, 0.35, 1.02) #fs:   0  -- #Conts: 10 G(3)  A(1)  E(6) 
2361197364 13583.06 || noQ Q (Avg,Max,Min) (1.01, 1.02, 1.00) (0.98, 0.80, 1.02) #fs:   0  -- #Conts: 10 G(2)  A(2)  E(6) 
2361702395 13582.06 || noQ Q (Avg,Max,Min) (1.01, 1.02, 1.00) (0.98, 0.80, 1.02) #fs:   0  -- #Conts: 10 G(2)  A(2)  E(6) 
2362306584 13580.06 || noQ Q (Avg,Max,Min) (1.01, 1.02, 1.00) (1.00, 0.99, 1.02) #fs:   0  -- #Conts: 9 G(2)  A(1)  E(6) 
2373178925 13579.47 || noQ Q (Avg,Max,Min) (1.01, 1.04, 1.00) (0.95, 0.65, 1.02) #fs:   0  -- #Conts: 11 G(2)  A(2)  E(6)  C(1) 
2379877891 13578.47 || noQ Q (Avg,Max,Min) (1.01, 1.02, 1.00) (0.98, 0.80, 1.02) #fs:   0  -- #Conts: 11 G(2)  A(3)  E(6) 
2490353844 7614.71 || noQ Q (Avg,Max,Min) (1.01, 1.04, 1.00) (0.97, 0.65, 1.03) #fs:   0  -- #Conts: 11 H(2)  A(4)  E(4)  C(1) 
2490501290 7612.71 || noQ Q (Avg,Max,Min) (1.01, 1.04, 1.00) (0.97, 0.65, 1.03) #fs:   0  -- #Conts: 11 H(2)  A(4)  E(4)  C(1) 
2490582143 7610.71 || noQ Q (Avg,Max,Min) (1.01, 1.03, 1.00) (1.00, 1.00, 1.03) #fs:   0  -- #Conts: 10 H(2)  A(4)  E(4) 
2500873346 7609.71 || noQ Q (Avg,Max,Min) (1.01, 1.03, 1.00) (0.98, 0.80, 1.03) #fs:   0  -- #Conts: 12 H(2)  A(6)  E(4) 
2530081432 7506.65 || noQ Q (Avg,Max,Min) (1.01, 1.03, 1.00) (0.99, 0.80, 1.02) #fs:   0  -- #Conts: 12 H(2)  A(6)  G(1)  E(3) 
2530368405 7503.65 || noQ Q (Avg,Max,Min) (1.01, 1.03, 1.00) (1.00, 0.99, 1.02) #fs:   0  -- #Conts: 11 H(2)  A(5)  G(1)  E(3) 
2530511533 7501.65 || noQ Q (Avg,Max,Min) (1.01, 1.03, 1.00) (1.00, 0.99, 1.02) #fs:   0  -- #Conts: 11 H(2)  A(5)  G(1)  E(3) 
2530730616 7500.65 || noQ Q (Avg,Max,Min) (1.01, 1.03, 1.00) (1.00, 0.99, 1.02) #fs:   0  -- #Conts: 11 H(2)  A(5)  G(1)  E(3) 
2530889295 7499.65 || noQ Q (Avg,Max,Min) (1.01, 1.03, 1.00) (1.00, 0.99, 1.02) #fs:   0  -- #Conts: 11 H(2)  A(5)  G(1)  E(3) 
2541084054 7498.65 || noQ Q (Avg,Max,Min) (1.01, 1.03, 1.00) (0.98, 0.80, 1.02) #fs:   0  -- #Conts: 13 H(2)  A(7)  G(1)  E(3) 
2624140359 7388.65 || noQ Q (Avg,Max,Min) (1.03, 1.29, 1.00) (0.93, 0.12, 1.07) #fs:   0  -- #Conts: 14 H(3)  A(6)  G(2)  E(3) 
2624180939 7385.65 || noQ Q (Avg,Max,Min) (1.03, 1.29, 1.00) (0.94, 0.12, 1.07) #fs:   0  -- #Conts: 13 H(3)  A(5)  G(2)  E(3) 
2624237224 7384.65 || noQ Q (Avg,Max,Min) (1.03, 1.29, 1.00) (0.94, 0.12, 1.07) #fs:   0  -- #Conts: 13 H(3)  A(5)  G(2)  E(3) 
2624363697 7357.12 || noQ Q (Avg,Max,Min) (1.01, 1.07, 1.00) (0.99, 0.80, 1.07) #fs:   0  -- #Conts: 13 H(2)  A(6)  G(2)  E(3) 
2624368405 7356.12 || noQ Q (Avg,Max,Min) (1.01, 1.07, 1.00) (0.99, 0.80, 1.07) #fs:   0  -- #Conts: 13 H(2)  A(6)  G(2)  E(3) 
2624589083 7355.12 || noQ Q (Avg,Max,Min) (1.01, 1.07, 1.00) (0.99, 0.80, 1.07) #fs:   0  -- #Conts: 13 H(2)  A(6)  G(2)  E(3) 
2624855521 7354.12 || noQ Q (Avg,Max,Min) (1.01, 1.07, 1.00) (1.01, 0.97, 1.07) #fs:   0  -- #Conts: 12 H(2)  A(5)  G(2)  E(3) 
2624860229 7353.12 || noQ Q (Avg,Max,Min) (1.01, 1.07, 1.00) (1.01, 1.00, 1.07) #fs:   0  -- #Conts: 12 H(2)  A(5)  G(2)  E(3) 
2635187902 7352.12 || noQ Q (Avg,Max,Min) (1.01, 1.07, 1.00) (0.99, 0.80, 1.07) #fs:   0  -- #Conts: 14 H(2)  A(7)  G(2)  E(3) 
2643958537 7265.47 || noQ Q (Avg,Max,Min) (1.03, 1.38, 1.00) (0.93, 0.11, 1.03) #fs:   0  -- #Conts: 13 H(2)  A(6)  G(2)  E(3) 
2644122924 7262.47 || noQ Q (Avg,Max,Min) (1.04, 1.38, 1.00) (0.93, 0.11, 1.03) #fs:   0  -- #Conts: 12 H(2)  A(5)  G(2)  E(3) 
2644146652 7233.94 || noQ Q (Avg,Max,Min) (1.01, 1.03, 1.00) (1.00, 0.93, 1.03) #fs:   0  -- #Conts: 12 H(1)  A(6)  G(2)  E(3) 
2644614748 7230.94 || noQ Q (Avg,Max,Min) (1.01, 1.03, 1.00) (1.00, 1.00, 1.03) #fs:   0  -- #Conts: 11 H(1)  A(5)  G(2)  E(3) 
2644938992 7229.94 || noQ Q (Avg,Max,Min) (1.01, 1.03, 1.00) (1.00, 1.00, 1.03) #fs:   0  -- #Conts: 11 H(1)  A(5)  G(2)  E(3) 
2645289103 7228.94 || noQ Q (Avg,Max,Min) (1.01, 1.03, 1.00) (1.00, 1.00, 1.02) #fs:   0  -- #Conts: 11 H(1)  A(5)  G(2)  E(3) 
2645561053 7227.94 || noQ Q (Avg,Max,Min) (1.01, 1.03, 1.00) (1.00, 1.00, 1.02) #fs:   0  -- #Conts: 11 H(1)  A(5)  G(2)  E(3) 
2675726891 7124.35 || noQ Q (Avg,Max,Min) (1.03, 1.38, 1.00) (0.93, 0.11, 1.03) #fs:   0  -- #Conts: 13 H(2)  A(6)  G(2)  E(3) 
2675891278 7121.35 || noQ Q (Avg,Max,Min) (1.04, 1.38, 1.00) (0.93, 0.11, 1.03) #fs:   0  -- #Conts: 12 H(2)  A(5)  G(2)  E(3) 
2675915006 7092.82 || noQ Q (Avg,Max,Min) (1.01, 1.03, 1.00) (1.00, 0.93, 1.03) #fs:   0  -- #Conts: 12 H(1)  A(6)  G(2)  E(3) 
2676182953 7090.82 || noQ Q (Avg,Max,Min) (1.01, 1.03, 1.00) (1.00, 0.93, 1.03) #fs:   0  -- #Conts: 12 H(1)  A(6)  G(2)  E(3) 
2676383102 7089.82 || noQ Q (Avg,Max,Min) (1.01, 1.03, 1.00) (1.00, 0.99, 1.03) #fs:   0  -- #Conts: 11 H(1)  A(5)  G(2)  E(3) 
2676659744 7088.82 || noQ Q (Avg,Max,Min) (1.03, 1.34, 1.00) (0.93, 0.13, 1.03) #fs:   0  -- #Conts: 12 H(1)  A(6)  G(2)  E(3) 
2676745589 7087.82 || noQ Q (Avg,Max,Min) (1.01, 1.03, 1.00) (1.00, 0.99, 1.03) #fs:   0  -- #Conts: 11 H(1)  A(5)  G(2)  E(3) 
2677057457 7086.82 || noQ Q (Avg,Max,Min) (1.01, 1.03, 1.00) (1.00, 0.99, 1.03) #fs:   0  -- #Conts: 11 H(1)  A(5)  G(2)  E(3) 
2677329407 7085.82 || noQ Q (Avg,Max,Min) (1.01, 1.03, 1.00) (1.00, 0.99, 1.03) #fs:   0  -- #Conts: 11 H(1)  A(5)  G(2)  E(3) 
2677604250 7084.82 || noQ Q (Avg,Max,Min) (1.01, 1.03, 1.00) (1.00, 0.99, 1.03) #fs:   0  -- #Conts: 11 H(1)  A(5)  G(2)  E(3) 
2677670791 7083.82 || noQ Q (Avg,Max,Min) (1.01, 1.03, 1.00) (1.00, 0.99, 1.03) #fs:   0  -- #Conts: 11 H(1)  A(5)  G(2)  E(3) 
2677879093 7082.82 || noQ Q (Avg,Max,Min) (1.01, 1.03, 1.00) (1.00, 0.99, 1.03) #fs:   0  -- #Conts: 11 H(1)  A(5)  G(2)  E(3) 
2686839412 7081.82 || noQ Q (Avg,Max,Min) (1.01, 1.03, 1.00) (0.99, 0.80, 1.03) #fs:   0  -- #Conts: 12 H(1)  A(6)  G(2)  E(3) 
2688671237 6954.18 || noQ Q (Avg,Max,Min) (1.01, 1.03, 1.00) (0.98, 0.80, 1.02) #fs:   0  -- #Conts: 11 A(6)  G(2)  E(3) 
2689163061 6951.18 || noQ Q (Avg,Max,Min) (1.00, 1.03, 1.00) (1.00, 1.00, 1.02) #fs:   0  -- #Conts: 10 A(5)  G(2)  E(3) 
2689340845 6950.18 || noQ Q (Avg,Max,Min) (1.04, 1.34, 1.00) (0.92, 0.13, 1.02) #fs:   0  -- #Conts: 11 A(6)  G(2)  E(3) 
2689426690 6949.18 || noQ Q (Avg,Max,Min) (1.00, 1.03, 1.00) (1.00, 1.00, 1.02) #fs:   0  -- #Conts: 10 A(5)  G(2)  E(3) 
2689738558 6948.18 || noQ Q (Avg,Max,Min) (1.00, 1.03, 1.00) (1.00, 1.00, 1.02) #fs:   0  -- #Conts: 10 A(5)  G(2)  E(3) 
2882544538 6923.47 || noQ Q (Avg,Max,Min) (1.01, 1.03, 1.00) (0.99, 0.80, 1.03) #fs:   0  -- #Conts: 12 A(6)  G(2)  E(4) 
2882769924 6922.47 || noQ Q (Avg,Max,Min) (1.01, 1.03, 1.00) (0.99, 0.80, 1.03) #fs:   0  -- #Conts: 12 A(6)  G(2)  E(4) 
2883036362 6920.47 || noQ Q (Avg,Max,Min) (1.01, 1.03, 1.00) (1.00, 0.99, 1.03) #fs:   0  -- #Conts: 11 A(5)  G(2)  E(4) 
3106836347 6889.29 || noQ Q (Avg,Max,Min) (1.03, 1.38, 1.00) (0.92, 0.11, 1.01) #fs:   0  -- #Conts: 12 H(1)  A(6)  G(1)  E(4) 
3107041198 6873.53 || noQ Q (Avg,Max,Min) (1.02, 1.22, 1.00) (0.93, 0.17, 1.01) #fs:   0  -- #Conts: 12 A(6)  G(2)  E(4) 
3107641858 6857.76 || noQ Q (Avg,Max,Min) (1.00, 1.01, 1.00) (1.00, 0.93, 1.01) #fs:   0  -- #Conts: 11 A(6)  G(1)  E(4) 
3108272979 6855.76 || noQ Q (Avg,Max,Min) (1.00, 1.01, 1.00) (1.00, 0.93, 1.01) #fs:   0  -- #Conts: 11 A(6)  G(1)  E(4) 
3165753158 6850.65 || noQ Q (Avg,Max,Min) (1.03, 1.29, 1.00) (0.91, 0.12, 1.02) #fs:   0  -- #Conts: 12 H(1)  A(6)  G(1)  E(4) 
3165992955 6834.88 || noQ Q (Avg,Max,Min) (1.02, 1.17, 1.00) (0.92, 0.19, 1.02) #fs:   0  -- #Conts: 12 A(6)  G(2)  E(4) 
3166411134 6831.88 || noQ Q (Avg,Max,Min) (1.02, 1.17, 1.00) (0.93, 0.19, 1.02) #fs:   0  -- #Conts: 11 A(5)  G(2)  E(4) 
3166699212 6819.12 || noQ Q (Avg,Max,Min) (1.00, 1.02, 1.00) (0.98, 0.80, 1.02) #fs:   0  -- #Conts: 11 A(6)  G(1)  E(4) 
3167204243 6818.12 || noQ Q (Avg,Max,Min) (1.00, 1.02, 1.00) (0.98, 0.80, 1.02) #fs:   0  -- #Conts: 11 A(6)  G(1)  E(4) 
3167808432 6816.12 || noQ Q (Avg,Max,Min) (1.00, 1.02, 1.00) (1.00, 0.99, 1.02) #fs:   0  -- #Conts: 10 A(5)  G(1)  E(4) 
3177673367 6815.53 || noQ Q (Avg,Max,Min) (1.01, 1.06, 1.00) (0.94, 0.56, 1.02) #fs:   0  -- #Conts: 12 A(5)  G(1)  E(4)  C(2) 
3178680773 6814.53 || noQ Q (Avg,Max,Min) (1.01, 1.04, 1.00) (0.96, 0.65, 1.02) #fs:   0  -- #Conts: 12 A(6)  G(1)  E(4)  C(1) 
3185379739 6813.53 || noQ Q (Avg,Max,Min) (1.01, 1.02, 1.00) (0.98, 0.80, 1.02) #fs:   0  -- #Conts: 12 A(7)  G(1)  E(4) 
3359837052 6801.76 || noQ Q (Avg,Max,Min) (1.02, 1.17, 1.00) (0.91, 0.19, 1.00) #fs:   0  -- #Conts: 11 A(7)  G(1)  E(3) 
3360328876 6798.76 || noQ Q (Avg,Max,Min) (1.02, 1.19, 1.00) (0.93, 0.35, 1.00) #fs:   0  -- #Conts: 10 A(6)  G(1)  E(3) 
3360543309 6792.71 || noQ Q (Avg,Max,Min) (1.00, 1.01, 1.00) (0.98, 0.80, 1.00) #fs:   0  -- #Conts: 10 A(7)  E(3) 
3361504956 6790.00 || noQ Q (Avg,Max,Min) (1.01, 1.04, 1.00) (0.95, 0.65, 1.00) #fs:   0  -- #Conts: 11 A(7)  E(3)  C(1) 
3361652529 6789.71 || noQ Q (Avg,Max,Min) (1.00, 1.00, 1.00) (1.00, 0.99, 1.00) #fs:   0  -- #Conts: 9 A(6)  E(3) 
3369211328 6789.00 || noQ Q (Avg,Max,Min) (1.00, 1.01, 1.00) (0.97, 0.80, 1.00) #fs:   0  -- #Conts: 11 A(8)  E(3) 
4391409414 5977.59 || noQ Q (Avg,Max,Min) (1.03, 1.29, 1.00) (0.92, 0.12, 1.07) #fs:   0  -- #Conts: 12 H(2)  A(7)  G(1)  E(2) 
4391649211 5961.82 || noQ Q (Avg,Max,Min) (1.02, 1.17, 1.00) (0.92, 0.19, 1.07) #fs:   0  -- #Conts: 12 H(1)  A(7)  G(2)  E(2) 
4392141035 5958.82 || noQ Q (Avg,Max,Min) (1.03, 1.19, 1.00) (0.95, 0.35, 1.07) #fs:   0  -- #Conts: 11 H(1)  A(6)  G(2)  E(2) 
4392371927 5952.76 || noQ Q (Avg,Max,Min) (1.02, 1.08, 1.00) (0.94, 0.39, 1.07) #fs:   0  -- #Conts: 12 H(1)  A(7)  G(1)  E(3) 
4393317115 5950.06 || noQ Q (Avg,Max,Min) (1.01, 1.07, 1.00) (0.96, 0.65, 1.07) #fs:   0  -- #Conts: 12 H(1)  A(7)  G(1)  E(2)  C(1) 
4393481147 5949.76 || noQ Q (Avg,Max,Min) (1.02, 1.09, 1.00) (0.98, 0.73, 1.07) #fs:   0  -- #Conts: 11 H(1)  A(6)  G(1)  E(3) 
4399458170 5949.06 || noQ Q (Avg,Max,Min) (1.01, 1.07, 1.00) (0.98, 0.65, 1.07) #fs:   0  -- #Conts: 11 H(1)  A(6)  G(1)  E(2)  C(1) 
4409507028 5948.06 || noQ Q (Avg,Max,Min) (1.01, 1.07, 1.00) (1.01, 1.00, 1.07) #fs:   0  -- #Conts: 10 H(1)  A(6)  G(1)  E(2) 
4422695768 5864.18 || noQ Q (Avg,Max,Min) (1.04, 1.38, 1.00) (0.92, 0.11, 1.03) #fs:   0  -- #Conts: 11 H(1)  A(7)  E(3) 
4422900619 5848.41 || noQ Q (Avg,Max,Min) (1.02, 1.22, 1.00) (0.92, 0.17, 1.03) #fs:   0  -- #Conts: 11 A(7)  G(1)  E(3) 
4423518015 5839.35 || noQ Q (Avg,Max,Min) (1.01, 1.10, 1.00) (0.94, 0.34, 1.03) #fs:   0  -- #Conts: 11 A(7)  E(4) 
4424325462 5836.65 || noQ Q (Avg,Max,Min) (1.01, 1.06, 1.00) (0.96, 0.56, 1.03) #fs:   0  -- #Conts: 11 A(7)  E(3)  C(1) 
4430892059 5834.65 || noQ Q (Avg,Max,Min) (1.01, 1.03, 1.00) (1.00, 0.96, 1.03) #fs:   0  -- #Conts: 10 A(7)  E(3) 
4454480748 5026.53 || noQ Q (Avg,Max,Min) (1.04, 1.38, 1.00) (0.92, 0.11, 1.07) #fs:   0  -- #Conts: 14 H(2)  A(7)  G(1)  E(3)  C(1) 
4454685599 5010.76 || noQ Q (Avg,Max,Min) (1.03, 1.22, 1.00) (0.93, 0.17, 1.07) #fs:   0  -- #Conts: 14 H(1)  A(7)  G(2)  E(3)  C(1) 
4455302995 5001.71 || noQ Q (Avg,Max,Min) (1.02, 1.10, 1.00) (0.94, 0.34, 1.07) #fs:   0  -- #Conts: 14 H(1)  A(7)  G(1)  E(4)  C(1) 
4455731556 4892.59 || noQ Q (Avg,Max,Min) (1.03, 1.29, 1.00) (0.90, 0.12, 1.02) #fs:   0  -- #Conts: 14 H(1)  A(7)  G(1)  E(4)  C(1) 
4455971353 4876.82 || noQ Q (Avg,Max,Min) (1.02, 1.17, 1.00) (0.91, 0.19, 1.02) #fs:   0  -- #Conts: 14 A(7)  G(2)  E(4)  C(1) 
4456463177 4872.82 || noQ Q (Avg,Max,Min) (1.02, 1.19, 1.00) (0.95, 0.35, 1.02) #fs:   0  -- #Conts: 13 A(7)  G(2)  E(4) 
4456694069 4867.76 || noQ Q (Avg,Max,Min) (1.01, 1.08, 1.00) (0.92, 0.39, 1.02) #fs:   0  -- #Conts: 14 A(7)  G(1)  E(5)  C(1) 
4457265237 4866.76 || noQ Q (Avg,Max,Min) (1.01, 1.08, 1.00) (0.94, 0.39, 1.02) #fs:   0  -- #Conts: 14 A(8)  G(1)  E(5) 
4457639257 4864.06 || noQ Q (Avg,Max,Min) (1.01, 1.04, 1.00) (0.97, 0.65, 1.02) #fs:   0  -- #Conts: 13 A(7)  G(1)  E(4)  C(1) 
4457803289 4863.76 || noQ Q (Avg,Max,Min) (1.01, 1.09, 1.00) (0.97, 0.73, 1.02) #fs:   0  -- #Conts: 13 A(7)  G(1)  E(5) 
4463780312 4863.06 || noQ Q (Avg,Max,Min) (1.01, 1.04, 1.00) (0.97, 0.65, 1.02) #fs:   0  -- #Conts: 13 A(7)  G(1)  E(4)  C(1) 
4473829170 4862.06 || noQ Q (Avg,Max,Min) (1.01, 1.03, 1.00) (1.00, 0.90, 1.02) #fs:   0  -- #Conts: 12 A(7)  G(1)  E(4) 
4649590255 4861.88 || noQ Q (Avg,Max,Min) (1.03, 1.29, 1.00) (0.92, 0.12, 1.03) #fs:   0  -- #Conts: 11 H(1)  A(6)  E(4) 
4649830052 4846.12 || noQ Q (Avg,Max,Min) (1.02, 1.17, 1.00) (0.93, 0.19, 1.03) #fs:   0  -- #Conts: 11 A(6)  G(1)  E(4) 
4650321876 4843.12 || noQ Q (Avg,Max,Min) (1.02, 1.19, 1.00) (0.95, 0.35, 1.03) #fs:   0  -- #Conts: 11 A(6)  G(1)  E(4) 
4650552768 4837.06 || noQ Q (Avg,Max,Min) (1.01, 1.08, 1.00) (0.95, 0.39, 1.03) #fs:   0  -- #Conts: 11 A(6)  E(5) 
4651497956 4834.35 || noQ Q (Avg,Max,Min) (1.01, 1.04, 1.00) (0.97, 0.65, 1.03) #fs:   0  -- #Conts: 11 A(6)  E(4)  C(1) 
4651661988 4834.06 || noQ Q (Avg,Max,Min) (1.01, 1.09, 1.00) (0.98, 0.73, 1.03) #fs:   0  -- #Conts: 11 A(6)  E(5) 
4657639011 4833.35 || noQ Q (Avg,Max,Min) (1.01, 1.04, 1.00) (0.97, 0.65, 1.03) #fs:   0  -- #Conts: 11 A(6)  E(4)  C(1) 
4667687869 4832.35 || noQ Q (Avg,Max,Min) (1.01, 1.03, 1.00) (1.00, 1.00, 1.03) #fs:   0  -- #Conts: 10 A(6)  E(4) 
6443910704 4809.71 || noQ Q (Avg,Max,Min) (1.02, 1.13, 1.00) (0.92, 0.23, 1.02) #fs:   2  -- #Conts: 9 H(1)  A(5)  E(3) 
6444241340 4793.94 || noQ Q (Avg,Max,Min) (1.03, 1.19, 1.00) (0.93, 0.35, 1.02) #fs:   1  -- #Conts: 9 A(5)  G(1)  E(3) 
6444573739 4792.94 || noQ Q (Avg,Max,Min) (1.03, 1.19, 1.00) (0.93, 0.35, 1.02) #fs:   1  -- #Conts: 9 A(5)  G(1)  E(3) 
6444732951 4791.59 || noQ Q (Avg,Max,Min) (1.02, 1.10, 1.00) (0.87, 0.34, 1.02) #fs:   1  -- #Conts: 10 A(5)  E(5) 
6444982951 4790.59 || noQ Q (Avg,Max,Min) (1.02, 1.10, 1.00) (0.87, 0.34, 1.02) #fs:   1  -- #Conts: 10 A(5)  E(5) 
6445417420 4788.88 || noQ Q (Avg,Max,Min) (1.02, 1.10, 1.00) (0.90, 0.34, 1.02) #fs:   1  -- #Conts: 10 A(5)  E(4)  C(1) 
6445540398 4786.18 || noQ Q (Avg,Max,Min) (1.01, 1.06, 1.00) (0.92, 0.56, 1.02) #fs:   1  -- #Conts: 10 A(5)  E(3)  C(2) 
6445581452 4784.88 || noQ Q (Avg,Max,Min) (1.01, 1.09, 1.00) (0.97, 0.73, 1.02) #fs:   1  -- #Conts: 9 A(5)  E(4) 
6445913851 4783.88 || noQ Q (Avg,Max,Min) (1.01, 1.09, 1.00) (0.97, 0.73, 1.02) #fs:   1  -- #Conts: 9 A(5)  E(4) 
6462270753 4783.18 || noQ Q (Avg,Max,Min) (1.00, 1.03, 1.00) (1.00, 0.99, 1.02) #fs:   1  -- #Conts: 8 A(5)  E(3) 
/////////////////size: 227
nodes 48 edges 56
 mulT: 5000 mulD: 10000  sumData GB 13488
pareto /SIPHT.n.50.0.dax time -> 938.0
moheft /SIPHT.n.50.0.dax time -> 1573.0
distance from M to C 0.16092251878725247
distance from P to C 255.50977201751908
distance from C to M 8.673657286970233
distance from C to P 287.03136038772806
toCompare: /SIPHT.n.50.0.dax sumDataGB: 13488 mulT: 5000 mulD: 10000 paretoOptTime_MS: 938.0 MoheftOptimizationTime_MS: 1573.0 MtoC 0.16092251878725247 PtoC 255.50977201751908 CtoM 8.673657286970233 CtoP 287.03136038772806
