specify -Dflow d,b,mt,md,size
Running /home/vaggelis/jc/CYBERSHAKE.n.50.0.dax mt 5000 md: 10000 size null
 113860091 2080.94 || noQ Q (Avg,Max,Min) (0.91, 1.37, 0.06) (0.90, 0.05, 1.35) #fs:   2  -- #Conts: 3 H(3) 
 113915197 2049.41 || noQ Q (Avg,Max,Min) (0.93, 1.43, 0.06) (0.91, 0.05, 1.39) #fs:   1  -- #Conts: 3 H(3) 
 114829535 1989.35 || noQ Q (Avg,Max,Min) (1.19, 1.43, 1.00) (0.89, 0.07, 1.43) #fs:   0  -- #Conts: 4 H(3)  A(1) 
 115094563 1957.82 || noQ Q (Avg,Max,Min) (1.24, 1.43, 1.00) (1.16, 0.74, 1.43) #fs:   0  -- #Conts: 3 H(2)  A(1) 
 147883085 1781.41 || noQ Q (Avg,Max,Min) (2.60, 3.59, 1.24) (2.52, 1.24, 3.58) #fs:   5  -- #Conts: 7 H(1)  G(6) 
 148646109 1718.35 || noQ Q (Avg,Max,Min) (2.24, 3.59, 0.73) (2.03, 0.03, 3.58) #fs:   2  -- #Conts: 9 G(9) 
 148744453 1702.59 || noQ Q (Avg,Max,Min) (2.39, 3.59, 0.73) (2.28, 0.28, 3.58) #fs:   2  -- #Conts: 8 G(8) 
 149759948 1686.82 || noQ Q (Avg,Max,Min) (2.61, 3.59, 1.24) (2.57, 1.24, 3.58) #fs:   1  -- #Conts: 7 G(7) 
 241178948 1642.94 || noQ Q (Avg,Max,Min) (1.73, 2.44, 0.87) (1.54, 0.19, 2.43) #fs:   2  -- #Conts: 18 E(18) 
 241343975 1638.59 || noQ Q (Avg,Max,Min) (1.79, 2.44, 0.49) (1.70, 0.22, 2.43) #fs:   3  -- #Conts: 16 G(1)  E(15) 
 241376640 1636.24 || noQ Q (Avg,Max,Min) (1.78, 2.44, 0.87) (1.62, 0.19, 2.43) #fs:   1  -- #Conts: 17 E(17) 
 241498666 1629.53 || noQ Q (Avg,Max,Min) (1.83, 2.44, 0.87) (1.72, 0.43, 2.43) #fs:   1  -- #Conts: 16 E(16) 
 242277066 1622.82 || noQ Q (Avg,Max,Min) (1.88, 2.44, 0.87) (1.80, 0.43, 2.43) #fs:   1  -- #Conts: 15 E(15) 
/////////////////size: 13
 136452323 1891.76 || noQ Q (Avg,Max,Min) (6.99, 12.74, 1.26) (5.60, 1.25, 7.37) #fs:   4  -- #Conts: 14 H(10)  G(4) 
 136905560 1860.24 || noQ Q (Avg,Max,Min) (6.73, 11.81, 1.25) (5.63, 1.25, 7.41) #fs:   7  -- #Conts: 14 H(9)  G(5) 
 137602921 1844.47 || noQ Q (Avg,Max,Min) (6.24, 9.96, 1.26) (5.41, 1.25, 8.47) #fs:   3  -- #Conts: 12 H(8)  G(4) 
 137813247 1812.94 || noQ Q (Avg,Max,Min) (5.84, 9.96, 1.26) (5.16, 1.25, 8.49) #fs:   4  -- #Conts: 12 H(6)  G(6) 
 138112802 1797.18 || noQ Q (Avg,Max,Min) (5.44, 9.96, 1.25) (4.90, 1.25, 8.52) #fs:   4  -- #Conts: 12 H(4)  G(8) 
 138166204 1765.65 || noQ Q (Avg,Max,Min) (5.51, 9.96, 1.25) (5.11, 1.25, 8.52) #fs:   5  -- #Conts: 12 H(4)  G(8) 
 138393486 1756.59 || noQ Q (Avg,Max,Min) (5.02, 9.96, 1.01) (4.61, 0.06, 7.45) #fs:   4  -- #Conts: 14 H(3)  G(10)  E(1) 
 138468940 1753.88 || noQ Q (Avg,Max,Min) (5.02, 9.96, 1.00) (4.61, 0.03, 7.45) #fs:   4  -- #Conts: 14 H(3)  G(10)  C(1) 
 138491830 1749.88 || noQ Q (Avg,Max,Min) (5.33, 9.96, 1.25) (4.96, 1.25, 7.45) #fs:   4  -- #Conts: 13 H(3)  G(10) 
 139182839 1729.06 || noQ Q (Avg,Max,Min) (4.49, 8.16, 1.00) (4.13, 0.06, 7.46) #fs:   2  -- #Conts: 15 H(1)  G(12)  E(1)  C(1) 
 139185711 1722.35 || noQ Q (Avg,Max,Min) (4.73, 8.16, 1.00) (4.42, 0.24, 7.46) #fs:   3  -- #Conts: 14 H(1)  G(12)  C(1) 
 139333280 1718.35 || noQ Q (Avg,Max,Min) (5.01, 8.16, 1.25) (4.75, 1.25, 7.46) #fs:   2  -- #Conts: 13 H(1)  G(12) 
 140650046 1702.59 || noQ Q (Avg,Max,Min) (5.05, 9.63, 1.25) (4.90, 1.25, 9.61) #fs:   4  -- #Conts: 12 H(1)  G(11) 
 144582311 1700.82 || noQ Q (Avg,Max,Min) (3.68, 9.64, 0.79) (3.57, 0.49, 9.61) #fs:   1  -- #Conts: 14 H(1)  G(9)  A(3)  C(1) 
 144680655 1696.82 || noQ Q (Avg,Max,Min) (3.70, 9.64, 1.00) (3.60, 0.71, 9.61) #fs:   0  -- #Conts: 14 H(1)  G(9)  A(3)  C(1) 
 144975750 1694.82 || noQ Q (Avg,Max,Min) (3.90, 9.64, 1.00) (3.83, 0.72, 9.61) #fs:   0  -- #Conts: 13 H(1)  G(9)  A(2)  C(1) 
 145276631 1692.82 || noQ Q (Avg,Max,Min) (4.13, 9.64, 1.00) (4.09, 0.79, 9.61) #fs:   0  -- #Conts: 12 H(1)  G(9)  A(1)  C(1) 
 150589357 1686.71 || noQ Q (Avg,Max,Min) (2.82, 5.55, 1.00) (2.69, 0.11, 5.52) #fs:   1  -- #Conts: 13 G(6)  A(3)  E(3)  C(1) 
 150661663 1682.71 || noQ Q (Avg,Max,Min) (2.97, 5.55, 1.00) (2.90, 0.71, 5.52) #fs:   2  -- #Conts: 12 G(6)  A(3)  E(3) 
 150809232 1681.71 || noQ Q (Avg,Max,Min) (2.82, 5.55, 1.00) (2.75, 0.71, 5.52) #fs:   1  -- #Conts: 13 G(6)  A(4)  E(3) 
 150899471 1680.71 || noQ Q (Avg,Max,Min) (2.97, 5.55, 1.00) (2.91, 0.71, 5.52) #fs:   2  -- #Conts: 12 G(6)  A(3)  E(3) 
 150977769 1679.71 || noQ Q (Avg,Max,Min) (3.15, 5.55, 1.00) (3.08, 0.71, 5.52) #fs:   2  -- #Conts: 11 G(6)  A(2)  E(3) 
 151127450 1677.71 || noQ Q (Avg,Max,Min) (3.36, 5.55, 1.00) (3.32, 0.98, 5.52) #fs:   2  -- #Conts: 10 G(6)  A(1)  E(3) 
 151328156 1676.71 || noQ Q (Avg,Max,Min) (3.14, 5.55, 1.00) (3.10, 0.83, 5.52) #fs:   1  -- #Conts: 11 G(6)  A(2)  E(3) 
 151569575 1674.29 || noQ Q (Avg,Max,Min) (2.84, 5.53, 1.00) (2.80, 0.85, 5.52) #fs:   0  -- #Conts: 12 G(5)  A(2)  E(5) 
 151902363 1673.29 || noQ Q (Avg,Max,Min) (2.84, 5.53, 1.00) (2.80, 0.85, 5.52) #fs:   0  -- #Conts: 12 G(5)  A(2)  E(5) 
 151934988 1672.29 || noQ Q (Avg,Max,Min) (3.00, 5.53, 1.00) (2.98, 0.99, 5.52) #fs:   0  -- #Conts: 11 G(5)  A(1)  E(5) 
 152098087 1671.29 || noQ Q (Avg,Max,Min) (3.00, 5.53, 1.00) (2.98, 0.98, 5.52) #fs:   0  -- #Conts: 11 G(5)  A(1)  E(5) 
 152574399 1668.53 || noQ Q (Avg,Max,Min) (2.52, 7.48, 1.00) (2.47, 0.83, 7.46) #fs:   1  -- #Conts: 13 G(3)  A(3)  E(7) 
 159904342 1664.94 || noQ Q (Avg,Max,Min) (2.68, 7.85, 0.96) (2.61, 0.83, 7.40) #fs:   2  -- #Conts: 16 G(3)  A(2)  E(10)  C(1) 
 160580813 1663.94 || noQ Q (Avg,Max,Min) (2.78, 7.85, 0.90) (2.73, 0.87, 7.40) #fs:   2  -- #Conts: 15 G(3)  A(1)  E(10)  C(1) 
 161472439 1662.94 || noQ Q (Avg,Max,Min) (2.79, 7.85, 1.00) (2.72, 0.71, 7.40) #fs:   0  -- #Conts: 15 G(3)  A(1)  E(10)  C(1) 
 166850711 1662.71 || noQ Q (Avg,Max,Min) (2.53, 7.53, 0.79) (2.50, 0.71, 7.45) #fs:   1  -- #Conts: 15 G(3)  A(2)  E(8)  C(2) 
 167902015 1661.71 || noQ Q (Avg,Max,Min) (2.64, 7.53, 0.81) (2.63, 0.80, 7.45) #fs:   1  -- #Conts: 14 G(3)  A(1)  E(8)  C(2) 
 201862931 1658.29 || noQ Q (Avg,Max,Min) (2.48, 5.32, 1.00) (2.37, 0.11, 5.30) #fs:   1  -- #Conts: 17 G(4)  A(3)  E(7)  C(3) 
 201935581 1655.59 || noQ Q (Avg,Max,Min) (2.40, 5.32, 1.00) (2.26, 0.11, 5.30) #fs:   1  -- #Conts: 18 G(4)  A(3)  E(7)  C(4) 
 202077981 1653.59 || noQ Q (Avg,Max,Min) (2.40, 5.32, 1.00) (2.27, 0.11, 5.30) #fs:   1  -- #Conts: 18 G(4)  A(4)  E(7)  C(3) 
 202084754 1649.59 || noQ Q (Avg,Max,Min) (2.48, 5.32, 1.00) (2.40, 0.53, 5.30) #fs:   0  -- #Conts: 17 G(4)  A(4)  E(7)  C(2) 
 202402549 1647.59 || noQ Q (Avg,Max,Min) (2.58, 5.32, 1.00) (2.52, 0.78, 5.30) #fs:   0  -- #Conts: 16 G(4)  A(3)  E(7)  C(2) 
 202828606 1646.59 || noQ Q (Avg,Max,Min) (2.58, 5.32, 1.00) (2.51, 0.78, 5.30) #fs:   0  -- #Conts: 16 G(4)  A(3)  E(7)  C(2) 
 202957394 1645.59 || noQ Q (Avg,Max,Min) (2.58, 5.32, 1.00) (2.53, 0.78, 5.30) #fs:   1  -- #Conts: 16 G(4)  A(3)  E(7)  C(2) 
 203281962 1644.59 || noQ Q (Avg,Max,Min) (2.58, 5.32, 1.00) (2.53, 0.78, 5.30) #fs:   0  -- #Conts: 16 G(4)  A(3)  E(7)  C(2) 
 211696456 1643.65 || noQ Q (Avg,Max,Min) (2.22, 7.48, 1.00) (2.17, 0.71, 7.46) #fs:   1  -- #Conts: 19 G(2)  A(3)  E(9)  C(5) 
 211960013 1642.65 || noQ Q (Avg,Max,Min) (2.22, 7.48, 1.00) (2.17, 0.71, 7.46) #fs:   1  -- #Conts: 19 G(2)  A(3)  E(9)  C(5) 
 211970498 1641.65 || noQ Q (Avg,Max,Min) (2.29, 7.48, 1.00) (2.26, 0.72, 7.46) #fs:   1  -- #Conts: 18 G(2)  A(2)  E(9)  C(5) 
 211983548 1640.65 || noQ Q (Avg,Max,Min) (2.29, 7.48, 1.00) (2.27, 0.88, 7.46) #fs:   1  -- #Conts: 18 G(2)  A(2)  E(9)  C(5) 
 212035747 1635.94 || noQ Q (Avg,Max,Min) (2.30, 7.48, 1.00) (2.27, 0.81, 7.46) #fs:   0  -- #Conts: 18 G(2)  A(2)  E(9)  C(5) 
 226436281 1635.24 || noQ Q (Avg,Max,Min) (2.08, 3.60, 0.98) (2.05, 0.85, 3.58) #fs:   1  -- #Conts: 16 G(1)  A(3)  E(9)  C(3) 
 243469813 1632.94 || noQ Q (Avg,Max,Min) (1.92, 4.59, 0.89) (1.87, 0.71, 4.59) #fs:   1  -- #Conts: 17 G(1)  A(4)  E(6)  C(6) 
 248107133 1631.94 || noQ Q (Avg,Max,Min) (1.99, 4.59, 1.00) (1.96, 0.83, 4.59) #fs:   0  -- #Conts: 16 G(1)  A(3)  E(6)  C(6) 
 250294411 1626.71 || noQ Q (Avg,Max,Min) (1.70, 3.51, 0.95) (1.66, 0.85, 3.51) #fs:   1  -- #Conts: 18 G(1)  A(7)  E(6)  C(4) 
 250372874 1625.71 || noQ Q (Avg,Max,Min) (1.71, 3.51, 1.00) (1.67, 0.85, 3.51) #fs:   0  -- #Conts: 18 G(1)  A(7)  E(6)  C(4) 
 265924915 1623.65 || noQ Q (Avg,Max,Min) (2.09, 7.48, 0.88) (2.03, 0.53, 7.46) #fs:   4  -- #Conts: 14 G(1)  A(4)  E(6)  C(3) 
 269096607 1622.65 || noQ Q (Avg,Max,Min) (2.18, 7.48, 0.88) (2.14, 0.82, 7.46) #fs:   3  -- #Conts: 13 G(1)  A(3)  E(6)  C(3) 
 274196607 1621.65 || noQ Q (Avg,Max,Min) (2.18, 7.48, 0.88) (2.15, 0.82, 7.46) #fs:   3  -- #Conts: 13 G(1)  A(3)  E(6)  C(3) 
/////////////////size: 55
nodes 50 edges 92
 mulT: 5000 mulD: 10000  sumData GB 863024
pareto /CYBERSHAKE.n.50.0.dax time -> 663.0
moheft /CYBERSHAKE.n.50.0.dax time -> 1045.0
distance from M to C 0.20852958217489012
distance from P to C 2.289308773041631
distance from C to M 9.567054227011164
distance from C to P 10.95677231741207
toCompare: /CYBERSHAKE.n.50.0.dax sumDataGB: 863024 mulT: 5000 mulD: 10000 paretoOptTime_MS: 663.0 MoheftOptimizationTime_MS: 1045.0 MtoC 0.20852958217489012 PtoC 2.289308773041631 CtoM 9.567054227011164 CtoP 10.95677231741207
