specify -Dflow d,b,mt,md,size
Running /home/vaggelis/jc/LIGO.n.100.0.dax mt 100 md: 10000 size null
   5267008 1324.24 || noQ Q (Avg,Max,Min) (0.79, 1.05, 0.36) (0.52, 0.29, 0.90) #fs:  44  -- #Conts: 26 H(26) 
   5318898 1040.47 || noQ Q (Avg,Max,Min) (0.91, 1.07, 0.54) (0.65, 0.34, 1.01) #fs:  26  -- #Conts: 27 H(27) 
   6540936 1008.94 || noQ Q (Avg,Max,Min) (0.95, 1.38, 0.74) (0.65, 0.49, 1.10) #fs:  18  -- #Conts: 24 H(24) 
   6954685 977.41 || noQ Q (Avg,Max,Min) (0.95, 1.38, 0.63) (0.66, 0.49, 1.10) #fs:  19  -- #Conts: 22 H(22) 
   7114901 945.88 || noQ Q (Avg,Max,Min) (0.94, 1.38, 0.63) (0.68, 0.49, 1.10) #fs:  18  -- #Conts: 21 H(21) 
   7421954 914.35 || noQ Q (Avg,Max,Min) (0.94, 1.38, 0.63) (0.70, 0.49, 1.10) #fs:  18  -- #Conts: 20 H(20) 
   7773654 835.53 || noQ Q (Avg,Max,Min) (0.81, 1.02, 0.59) (0.66, 0.45, 1.01) #fs:  34  -- #Conts: 26 G(26) 
   8919693 819.76 || noQ Q (Avg,Max,Min) (0.82, 1.02, 0.59) (0.67, 0.45, 1.01) #fs:  34  -- #Conts: 26 G(26) 
   8936224 776.82 || noQ Q (Avg,Max,Min) (0.83, 1.02, 0.55) (0.71, 0.49, 0.95) #fs:  24  -- #Conts: 23 G(22)  E(1) 
   8939668 761.06 || noQ Q (Avg,Max,Min) (0.83, 1.02, 0.55) (0.72, 0.49, 1.02) #fs:  24  -- #Conts: 23 G(22)  E(1) 
   9420125 749.65 || noQ Q (Avg,Max,Min) (0.85, 1.02, 0.62) (0.73, 0.54, 1.02) #fs:  25  -- #Conts: 23 G(21)  E(2) 
   9880768 738.24 || noQ Q (Avg,Max,Min) (0.85, 1.02, 0.63) (0.75, 0.54, 1.02) #fs:  25  -- #Conts: 23 G(20)  E(3) 
  10038541 726.82 || noQ Q (Avg,Max,Min) (0.86, 1.02, 0.66) (0.76, 0.54, 1.02) #fs:  25  -- #Conts: 23 G(19)  E(4) 
  10519172 715.41 || noQ Q (Avg,Max,Min) (0.87, 1.02, 0.67) (0.77, 0.54, 1.02) #fs:  25  -- #Conts: 23 G(18)  E(5) 
  11262476 713.76 || noQ Q (Avg,Max,Min) (0.88, 1.22, 0.62) (0.80, 0.53, 1.19) #fs:  18  -- #Conts: 24 G(23)  E(1) 
  11389521 709.41 || noQ Q (Avg,Max,Min) (0.96, 1.11, 0.74) (0.84, 0.67, 1.06) #fs:  14  -- #Conts: 24 H(1)  G(23) 
  11423090 704.00 || noQ Q (Avg,Max,Min) (0.88, 1.02, 0.58) (0.78, 0.54, 1.02) #fs:  25  -- #Conts: 23 G(17)  E(6) 
  11565453 693.65 || noQ Q (Avg,Max,Min) (0.90, 1.22, 0.67) (0.83, 0.61, 1.19) #fs:  14  -- #Conts: 24 G(24) 
  12171245 677.88 || noQ Q (Avg,Max,Min) (0.92, 1.22, 0.67) (0.84, 0.65, 1.19) #fs:  14  -- #Conts: 24 G(24) 
  12568239 662.12 || noQ Q (Avg,Max,Min) (0.94, 1.22, 0.70) (0.86, 0.67, 1.19) #fs:  13  -- #Conts: 24 G(24) 
  17679188 650.47 || noQ Q (Avg,Max,Min) (0.88, 1.04, 0.68) (0.83, 0.56, 1.02) #fs:  19  -- #Conts: 30 E(30) 
  17966945 643.76 || noQ Q (Avg,Max,Min) (0.88, 1.04, 0.69) (0.84, 0.56, 1.02) #fs:  19  -- #Conts: 29 E(29) 
  20219337 616.94 || noQ Q (Avg,Max,Min) (0.95, 1.19, 0.65) (0.86, 0.57, 1.09) #fs:  15  -- #Conts: 32 E(32) 
  20300430 603.53 || noQ Q (Avg,Max,Min) (0.96, 1.19, 0.71) (0.88, 0.70, 1.09) #fs:  14  -- #Conts: 31 E(31) 
  21312267 590.12 || noQ Q (Avg,Max,Min) (0.98, 1.08, 0.74) (0.88, 0.71, 1.05) #fs:  13  -- #Conts: 32 E(32) 
  21455138 583.41 || noQ Q (Avg,Max,Min) (0.99, 1.08, 0.75) (0.89, 0.73, 1.05) #fs:  12  -- #Conts: 32 E(32) 
  24861089 576.71 || noQ Q (Avg,Max,Min) (0.99, 1.05, 0.79) (0.89, 0.73, 1.04) #fs:  10  -- #Conts: 29 E(29) 
  25569133 570.00 || noQ Q (Avg,Max,Min) (1.00, 1.05, 0.85) (0.90, 0.75, 1.04) #fs:  10  -- #Conts: 29 E(29) 
  25904747 561.88 || noQ Q (Avg,Max,Min) (1.00, 1.05, 0.87) (0.91, 0.75, 1.04) #fs:  10  -- #Conts: 28 E(27)  C(1) 
  26065359 556.59 || noQ Q (Avg,Max,Min) (1.00, 1.05, 0.87) (0.92, 0.75, 1.04) #fs:   9  -- #Conts: 29 E(29) 
  26301027 549.88 || noQ Q (Avg,Max,Min) (1.00, 1.05, 0.88) (0.93, 0.75, 1.04) #fs:   9  -- #Conts: 28 E(28) 
  31980829 543.18 || noQ Q (Avg,Max,Min) (1.01, 1.12, 0.88) (0.95, 0.80, 1.12) #fs:   3  -- #Conts: 29 E(29) 
  32659554 536.47 || noQ Q (Avg,Max,Min) (1.01, 1.12, 0.88) (0.96, 0.83, 1.12) #fs:   3  -- #Conts: 28 E(28) 
/////////////////size: 33
  13540800 1032.06 || noQ Q (Avg,Max,Min) (1.04, 1.27, 0.94) (0.67, 0.23, 1.25) #fs:   3  -- #Conts: 41 H(27)  G(8)  A(1)  E(5) 
  13809611 1016.29 || noQ Q (Avg,Max,Min) (1.04, 1.27, 0.81) (0.68, 0.23, 1.25) #fs:   3  -- #Conts: 40 H(26)  G(8)  A(1)  E(5) 
  13811003 1000.53 || noQ Q (Avg,Max,Min) (1.03, 1.27, 0.81) (0.68, 0.23, 1.25) #fs:   3  -- #Conts: 39 H(25)  G(8)  A(1)  E(5) 
  13874095 984.76 || noQ Q (Avg,Max,Min) (1.02, 1.27, 0.77) (0.68, 0.23, 1.25) #fs:   4  -- #Conts: 38 H(24)  G(8)  A(1)  E(5) 
  13906991 953.24 || noQ Q (Avg,Max,Min) (1.01, 1.27, 0.78) (0.69, 0.32, 1.25) #fs:   6  -- #Conts: 37 H(22)  G(9)  A(1)  E(5) 
  14053008 937.47 || noQ Q (Avg,Max,Min) (1.01, 1.27, 0.78) (0.71, 0.32, 1.25) #fs:   6  -- #Conts: 36 H(22)  G(8)  A(1)  E(5) 
  14079674 921.71 || noQ Q (Avg,Max,Min) (1.02, 1.27, 0.78) (0.72, 0.32, 1.25) #fs:   4  -- #Conts: 36 H(22)  G(8)  A(1)  E(5) 
  14107169 905.94 || noQ Q (Avg,Max,Min) (1.03, 1.27, 0.82) (0.73, 0.32, 1.25) #fs:   5  -- #Conts: 36 H(22)  G(8)  A(1)  E(5) 
  14130774 890.18 || noQ Q (Avg,Max,Min) (1.04, 1.27, 0.82) (0.75, 0.32, 1.25) #fs:   4  -- #Conts: 36 H(22)  G(8)  A(1)  E(5) 
  14148541 874.41 || noQ Q (Avg,Max,Min) (1.03, 1.27, 0.83) (0.76, 0.38, 1.25) #fs:   4  -- #Conts: 35 H(21)  G(8)  A(1)  E(5) 
  14196432 858.65 || noQ Q (Avg,Max,Min) (1.04, 1.27, 0.84) (0.77, 0.38, 1.25) #fs:   2  -- #Conts: 35 H(21)  G(8)  A(1)  E(5) 
  14385839 842.88 || noQ Q (Avg,Max,Min) (1.05, 1.27, 1.01) (0.79, 0.38, 1.25) #fs:   1  -- #Conts: 35 H(21)  G(8)  A(1)  E(5) 
  14493624 764.06 || noQ Q (Avg,Max,Min) (1.02, 1.27, 0.85) (0.83, 0.49, 1.25) #fs:   6  -- #Conts: 31 H(16)  G(9)  A(1)  E(5) 
  14653994 748.29 || noQ Q (Avg,Max,Min) (1.02, 1.27, 0.85) (0.84, 0.49, 1.25) #fs:   6  -- #Conts: 30 H(16)  G(8)  A(1)  E(5) 
  14689895 732.53 || noQ Q (Avg,Max,Min) (1.02, 1.27, 0.86) (0.85, 0.49, 1.25) #fs:   6  -- #Conts: 30 H(15)  G(9)  A(1)  E(5) 
  14703827 716.76 || noQ Q (Avg,Max,Min) (1.03, 1.27, 0.88) (0.86, 0.49, 1.25) #fs:   6  -- #Conts: 30 H(14)  G(10)  A(1)  E(5) 
  14732653 701.00 || noQ Q (Avg,Max,Min) (1.03, 1.27, 0.88) (0.87, 0.49, 1.25) #fs:   5  -- #Conts: 30 H(13)  G(11)  A(1)  E(5) 
  14765886 685.24 || noQ Q (Avg,Max,Min) (1.03, 1.27, 0.88) (0.89, 0.50, 1.25) #fs:   5  -- #Conts: 30 H(12)  G(12)  A(1)  E(5) 
  14805576 669.47 || noQ Q (Avg,Max,Min) (1.02, 1.27, 0.85) (0.92, 0.44, 1.25) #fs:   6  -- #Conts: 29 H(10)  G(13)  A(1)  E(5) 
  14808758 637.94 || noQ Q (Avg,Max,Min) (1.02, 1.27, 0.85) (0.93, 0.66, 1.25) #fs:   6  -- #Conts: 29 H(10)  G(13)  A(1)  E(5) 
  15210561 635.59 || noQ Q (Avg,Max,Min) (1.02, 1.27, 0.76) (0.92, 0.66, 1.25) #fs:   7  -- #Conts: 33 H(8)  G(17)  A(1)  E(7) 
  15626320 628.88 || noQ Q (Avg,Max,Min) (1.02, 1.27, 0.79) (0.95, 0.62, 1.25) #fs:   7  -- #Conts: 28 H(9)  G(13)  A(1)  E(5) 
  15667991 619.82 || noQ Q (Avg,Max,Min) (1.02, 1.27, 0.79) (0.95, 0.66, 1.25) #fs:   6  -- #Conts: 28 H(9)  G(13)  A(1)  E(5) 
  15682629 610.76 || noQ Q (Avg,Max,Min) (1.03, 1.27, 0.86) (0.97, 0.74, 1.25) #fs:   6  -- #Conts: 28 H(9)  G(13)  A(1)  E(5) 
  15958718 608.41 || noQ Q (Avg,Max,Min) (1.04, 1.27, 0.84) (0.95, 0.69, 1.25) #fs:   4  -- #Conts: 33 H(8)  G(17)  A(1)  E(7) 
  17919018 606.06 || noQ Q (Avg,Max,Min) (1.04, 1.27, 0.93) (0.96, 0.66, 1.25) #fs:   6  -- #Conts: 32 H(8)  G(16)  A(1)  E(7) 
  29938043 605.47 || noQ Q (Avg,Max,Min) (1.04, 1.27, 0.80) (0.94, 0.54, 1.25) #fs:  10  -- #Conts: 26 H(4)  G(12)  A(1)  E(6)  C(3) 
  30212797 596.41 || noQ Q (Avg,Max,Min) (1.04, 1.27, 0.78) (0.95, 0.64, 1.25) #fs:  10  -- #Conts: 26 H(4)  G(12)  A(1)  E(6)  C(3) 
  30399231 594.06 || noQ Q (Avg,Max,Min) (1.03, 1.27, 0.76) (0.95, 0.64, 1.25) #fs:  10  -- #Conts: 26 H(4)  G(12)  A(1)  E(6)  C(3) 
  33566320 591.71 || noQ Q (Avg,Max,Min) (1.04, 1.27, 0.76) (0.95, 0.64, 1.25) #fs:   9  -- #Conts: 25 H(4)  G(11)  A(1)  E(6)  C(3) 
  33788970 582.65 || noQ Q (Avg,Max,Min) (1.04, 1.27, 0.97) (0.96, 0.64, 1.25) #fs:   8  -- #Conts: 26 H(4)  G(11)  A(1)  E(7)  C(3) 
  34321309 580.29 || noQ Q (Avg,Max,Min) (1.05, 1.27, 0.98) (0.97, 0.64, 1.25) #fs:   8  -- #Conts: 24 H(4)  G(10)  A(1)  E(6)  C(3) 
  35873989 575.00 || noQ Q (Avg,Max,Min) (1.03, 1.27, 0.47) (0.96, 0.47, 1.25) #fs:   5  -- #Conts: 30 H(2)  G(14)  A(1)  E(7)  C(6) 
  35884020 559.24 || noQ Q (Avg,Max,Min) (1.04, 1.27, 0.96) (0.98, 0.84, 1.25) #fs:   4  -- #Conts: 30 H(2)  G(14)  A(1)  E(7)  C(6) 
  41173235 552.65 || noQ Q (Avg,Max,Min) (1.05, 1.27, 0.98) (0.98, 0.85, 1.25) #fs:   4  -- #Conts: 29 H(2)  G(14)  A(1)  E(8)  C(4) 
  47561233 543.71 || noQ Q (Avg,Max,Min) (1.05, 1.27, 0.98) (1.00, 0.84, 1.25) #fs:   5  -- #Conts: 25 H(2)  G(8)  A(1)  E(8)  C(6) 
  48814134 542.12 || noQ Q (Avg,Max,Min) (1.05, 1.27, 0.97) (0.97, 0.16, 1.25) #fs:   5  -- #Conts: 25 H(2)  G(8)  A(2)  E(8)  C(5) 
  63866910 532.82 || noQ Q (Avg,Max,Min) (1.03, 1.28, 0.91) (0.98, 0.84, 1.26) #fs:   2  -- #Conts: 22 G(4)  A(2)  E(9)  C(7) 
  63900493 527.76 || noQ Q (Avg,Max,Min) (1.03, 1.28, 1.00) (0.99, 0.85, 1.26) #fs:   2  -- #Conts: 21 G(3)  A(2)  E(9)  C(7) 
  67414087 522.71 || noQ Q (Avg,Max,Min) (1.03, 1.28, 1.00) (1.00, 0.93, 1.26) #fs:   1  -- #Conts: 21 G(2)  A(2)  E(10)  C(7) 
/////////////////size: 40
nodes 100 edges 123
 mulT: 100 mulD: 10000  sumData GB 28574
pareto /LIGO.n.100.0.dax time -> 4680.0
moheft /LIGO.n.100.0.dax time -> 2434.0
distance from M to C 8.676365113133343
distance from P to C 0.9090693863574995
distance from C to M 7.464959863032834
distance from C to P 5.775177722215681
toCompare: /LIGO.n.100.0.dax sumDataGB: 28574 mulT: 100 mulD: 10000 paretoOptTime_MS: 4680.0 MoheftOptimizationTime_MS: 2434.0 MtoC 8.676365113133343 PtoC 0.9090693863574995 CtoM 7.464959863032834 CtoP 5.775177722215681
