specify -Dflow d,b,mt,md,size
Running /home/vaggelis/jc/SIPHT.n.50.0.dax mt 1000 md: 20000 size null
 142479030 3846.59 || noQ Q (Avg,Max,Min) (1.14, 2.16, 0.65) (1.04, 0.64, 1.99) #fs:   2  -- #Conts: 9 H(9) 
 142514460 3373.65 || noQ Q (Avg,Max,Min) (1.18, 2.16, 1.00) (1.08, 0.74, 1.99) #fs:   1  -- #Conts: 9 H(9) 
 222999991 2932.24 || noQ Q (Avg,Max,Min) (1.11, 1.53, 1.00) (1.05, 0.93, 1.29) #fs:   1  -- #Conts: 8 H(1)  G(7) 
 238015953 2853.41 || noQ Q (Avg,Max,Min) (1.11, 1.53, 1.00) (1.06, 0.95, 1.29) #fs:   1  -- #Conts: 8 G(8) 
 243781177 2844.59 || noQ Q (Avg,Max,Min) (1.10, 1.53, 1.00) (1.05, 0.95, 1.29) #fs:   1  -- #Conts: 8 G(7)  E(1) 
 505549065 2731.76 || noQ Q (Avg,Max,Min) (1.05, 1.31, 1.00) (0.99, 0.77, 1.28) #fs:   0  -- #Conts: 11 G(1)  E(10) 
 525845221 2715.76 || noQ Q (Avg,Max,Min) (1.05, 1.31, 1.00) (0.99, 0.77, 1.28) #fs:   0  -- #Conts: 11 E(10)  C(1) 
 531105534 2709.06 || noQ Q (Avg,Max,Min) (1.05, 1.31, 1.00) (1.02, 0.88, 1.28) #fs:   0  -- #Conts: 10 E(9)  C(1) 
/////////////////size: 8
 142740253 3248.00 || noQ Q (Avg,Max,Min) (1.06, 1.15, 1.00) (1.02, 0.89, 1.13) #fs:   0  -- #Conts: 7 H(4)  G(1)  C(2) 
 144164337 3244.71 || noQ Q (Avg,Max,Min) (1.16, 1.97, 1.00) (0.90, 0.12, 1.15) #fs:   1  -- #Conts: 9 H(4)  G(1)  A(2)  E(1)  C(1) 
 144325827 3242.00 || noQ Q (Avg,Max,Min) (1.11, 1.56, 1.00) (0.91, 0.17, 1.15) #fs:   1  -- #Conts: 9 H(4)  G(1)  A(2)  C(2) 
 145573592 3241.00 || noQ Q (Avg,Max,Min) (0.97, 1.15, 0.35) (0.95, 0.30, 1.15) #fs:   2  -- #Conts: 8 H(4)  G(1)  A(2)  C(1) 
 145642493 3239.00 || noQ Q (Avg,Max,Min) (1.07, 1.15, 1.00) (0.95, 0.53, 1.15) #fs:   1  -- #Conts: 9 H(4)  G(1)  A(3)  C(1) 
 149222806 3224.47 || noQ Q (Avg,Max,Min) (1.57, 5.45, 1.00) (0.97, 0.08, 1.69) #fs:   0  -- #Conts: 10 H(4)  G(3)  A(2)  C(1) 
 149303788 3223.47 || noQ Q (Avg,Max,Min) (1.15, 1.70, 1.00) (1.08, 0.84, 1.69) #fs:   0  -- #Conts: 9 H(4)  G(3)  A(1)  C(1) 
 149508040 3222.47 || noQ Q (Avg,Max,Min) (1.15, 1.70, 1.00) (1.09, 0.92, 1.69) #fs:   0  -- #Conts: 9 H(4)  G(3)  A(1)  C(1) 
 151743234 3222.12 || noQ Q (Avg,Max,Min) (1.12, 1.70, 1.00) (1.03, 0.68, 1.69) #fs:   0  -- #Conts: 10 H(4)  G(2)  A(2)  E(1)  C(1) 
 151972390 3221.12 || noQ Q (Avg,Max,Min) (1.13, 1.70, 1.00) (1.07, 0.79, 1.69) #fs:   0  -- #Conts: 9 H(4)  G(2)  A(1)  E(1)  C(1) 
 152433043 3220.12 || noQ Q (Avg,Max,Min) (1.13, 1.70, 1.00) (1.08, 0.88, 1.69) #fs:   0  -- #Conts: 9 H(4)  G(2)  A(1)  E(1)  C(1) 
 155462462 3219.71 || noQ Q (Avg,Max,Min) (1.12, 1.70, 1.00) (1.08, 0.85, 1.69) #fs:   0  -- #Conts: 9 H(4)  G(2)  A(1)  C(2) 
 156258443 3218.71 || noQ Q (Avg,Max,Min) (1.12, 1.70, 1.00) (1.09, 0.92, 1.69) #fs:   0  -- #Conts: 9 H(4)  G(2)  A(1)  C(2) 
 173532065 3198.71 || noQ Q (Avg,Max,Min) (1.18, 2.19, 1.00) (1.13, 0.96, 1.92) #fs:   0  -- #Conts: 8 H(4)  G(2)  A(1)  C(1) 
 177672346 3165.82 || noQ Q (Avg,Max,Min) (1.12, 1.70, 1.00) (1.08, 0.87, 1.69) #fs:   0  -- #Conts: 10 H(4)  G(3)  A(1)  E(1)  C(1) 
 177781614 3164.82 || noQ Q (Avg,Max,Min) (1.11, 1.70, 1.00) (1.07, 0.88, 1.69) #fs:   0  -- #Conts: 10 H(4)  G(3)  A(1)  E(1)  C(1) 
 178648946 3157.41 || noQ Q (Avg,Max,Min) (1.11, 1.70, 1.00) (1.06, 0.69, 1.69) #fs:   0  -- #Conts: 10 H(4)  G(3)  A(2)  C(1) 
 178689139 3156.41 || noQ Q (Avg,Max,Min) (1.11, 1.70, 1.00) (1.10, 0.96, 1.69) #fs:   0  -- #Conts: 10 H(4)  G(3)  A(2)  C(1) 
 178877849 3154.41 || noQ Q (Avg,Max,Min) (1.12, 1.70, 1.00) (1.10, 0.96, 1.69) #fs:   0  -- #Conts: 9 H(4)  G(3)  A(1)  C(1) 
 179005468 3153.41 || noQ Q (Avg,Max,Min) (1.12, 1.70, 1.00) (1.10, 0.96, 1.69) #fs:   0  -- #Conts: 9 H(4)  G(3)  A(1)  C(1) 
 179124646 3152.41 || noQ Q (Avg,Max,Min) (1.12, 1.70, 1.00) (1.10, 0.96, 1.69) #fs:   0  -- #Conts: 9 H(4)  G(3)  A(1)  C(1) 
 179291766 3151.41 || noQ Q (Avg,Max,Min) (1.12, 1.70, 1.00) (1.10, 0.92, 1.69) #fs:   0  -- #Conts: 9 H(4)  G(3)  A(1)  C(1) 
 181432008 3149.41 || noQ Q (Avg,Max,Min) (1.12, 1.70, 1.00) (1.04, 0.53, 1.69) #fs:   0  -- #Conts: 10 H(4)  G(3)  A(2)  C(1) 
 181729192 3148.41 || noQ Q (Avg,Max,Min) (1.12, 1.70, 1.00) (1.01, 0.53, 1.69) #fs:   0  -- #Conts: 11 H(4)  G(3)  A(3)  C(1) 
 184013821 3148.18 || noQ Q (Avg,Max,Min) (1.18, 1.70, 1.01) (1.01, 0.17, 1.69) #fs:   0  -- #Conts: 9 H(4)  G(3)  A(1)  C(1) 
 185330487 3145.18 || noQ Q (Avg,Max,Min) (1.13, 1.70, 1.01) (1.05, 0.53, 1.69) #fs:   0  -- #Conts: 9 H(4)  G(3)  A(2) 
 185627671 3144.18 || noQ Q (Avg,Max,Min) (1.13, 1.70, 1.01) (1.02, 0.53, 1.69) #fs:   0  -- #Conts: 10 H(4)  G(3)  A(3) 
 191315097 3136.35 || noQ Q (Avg,Max,Min) (1.41, 4.75, 1.00) (0.90, 0.08, 1.30) #fs:   0  -- #Conts: 11 H(4)  G(3)  E(3)  C(1) 
 191322596 3104.82 || noQ Q (Avg,Max,Min) (1.07, 1.30, 1.00) (0.99, 0.64, 1.30) #fs:   0  -- #Conts: 10 H(3)  G(3)  E(3)  C(1) 
 194175376 3102.00 || noQ Q (Avg,Max,Min) (1.07, 1.30, 1.00) (1.01, 0.77, 1.30) #fs:   0  -- #Conts: 10 H(3)  G(3)  E(1)  C(3) 
 195124269 3098.12 || noQ Q (Avg,Max,Min) (1.07, 1.30, 1.00) (1.05, 0.89, 1.30) #fs:   0  -- #Conts: 9 H(3)  G(3)  E(2)  C(1) 
 201788817 3098.00 || noQ Q (Avg,Max,Min) (1.07, 1.30, 1.00) (1.05, 0.93, 1.30) #fs:   0  -- #Conts: 9 H(3)  G(3)  E(1)  C(2) 
 217175983 2945.53 || noQ Q (Avg,Max,Min) (1.02, 1.05, 1.00) (1.01, 0.93, 1.05) #fs:   1  -- #Conts: 6 H(2)  G(3)  E(1) 
 217250424 2929.76 || noQ Q (Avg,Max,Min) (1.33, 3.19, 1.00) (0.89, 0.09, 1.05) #fs:   1  -- #Conts: 7 H(2)  G(4)  E(1) 
 217373903 2920.71 || noQ Q (Avg,Max,Min) (1.16, 1.97, 1.00) (0.89, 0.12, 1.05) #fs:   1  -- #Conts: 7 H(2)  G(3)  E(2) 
 217535393 2918.00 || noQ Q (Avg,Max,Min) (1.10, 1.56, 1.00) (0.90, 0.17, 1.05) #fs:   1  -- #Conts: 7 H(2)  G(3)  E(1)  C(1) 
 218852059 2915.00 || noQ Q (Avg,Max,Min) (1.04, 1.13, 1.00) (0.95, 0.53, 1.05) #fs:   1  -- #Conts: 7 H(2)  G(3)  A(1)  E(1) 
 222092659 2912.65 || noQ Q (Avg,Max,Min) (1.03, 1.05, 1.00) (1.02, 0.95, 1.05) #fs:   1  -- #Conts: 7 H(2)  G(3)  A(1)  E(1) 
 222326942 2911.65 || noQ Q (Avg,Max,Min) (1.03, 1.05, 1.01) (1.03, 1.01, 1.05) #fs:   1  -- #Conts: 6 H(2)  G(3)  E(1) 
 222825418 2856.59 || noQ Q (Avg,Max,Min) (1.03, 1.13, 1.01) (0.94, 0.53, 1.04) #fs:   1  -- #Conts: 7 H(1)  G(3)  A(2)  E(1) 
 222923783 2855.59 || noQ Q (Avg,Max,Min) (1.02, 1.04, 1.01) (1.01, 0.94, 1.04) #fs:   1  -- #Conts: 6 H(1)  G(3)  A(1)  E(1) 
 223032564 2854.59 || noQ Q (Avg,Max,Min) (1.02, 1.04, 1.01) (1.02, 1.01, 1.04) #fs:   1  -- #Conts: 6 H(1)  G(3)  A(1)  E(1) 
 247927046 2838.12 || noQ Q (Avg,Max,Min) (1.56, 4.75, 1.00) (0.89, 0.08, 1.06) #fs:   1  -- #Conts: 7 H(1)  G(4)  E(1)  C(1) 
 247934545 2806.59 || noQ Q (Avg,Max,Min) (1.03, 1.09, 1.00) (1.02, 0.98, 1.06) #fs:   1  -- #Conts: 6 G(4)  E(1)  C(1) 
 257809158 2804.59 || noQ Q (Avg,Max,Min) (1.02, 1.04, 1.01) (1.01, 0.98, 1.04) #fs:   1  -- #Conts: 6 G(4)  A(1)  E(1) 
 260232215 2802.82 || noQ Q (Avg,Max,Min) (1.03, 1.05, 1.01) (0.95, 0.77, 1.05) #fs:   0  -- #Conts: 7 G(4)  E(1)  C(2) 
 261181108 2799.94 || noQ Q (Avg,Max,Min) (1.04, 1.10, 1.01) (0.95, 0.61, 1.05) #fs:   0  -- #Conts: 7 G(4)  A(1)  E(2) 
 261225540 2798.94 || noQ Q (Avg,Max,Min) (1.04, 1.11, 1.01) (1.01, 0.93, 1.05) #fs:   0  -- #Conts: 6 G(4)  E(2) 
 267845656 2798.82 || noQ Q (Avg,Max,Min) (1.03, 1.06, 1.01) (1.01, 0.93, 1.05) #fs:   0  -- #Conts: 6 G(4)  E(1)  C(1) 
 318473919 2792.12 || noQ Q (Avg,Max,Min) (1.02, 1.05, 1.00) (1.02, 0.99, 1.05) #fs:   1  -- #Conts: 6 G(4)  E(2) 
 320841971 2790.35 || noQ Q (Avg,Max,Min) (1.09, 1.44, 1.01) (0.91, 0.18, 1.09) #fs:   1  -- #Conts: 7 G(4)  A(1)  E(1)  C(1) 
 322383245 2787.35 || noQ Q (Avg,Max,Min) (1.04, 1.10, 1.01) (0.97, 0.61, 1.09) #fs:   1  -- #Conts: 7 G(4)  A(2)  E(1) 
 336483543 2778.47 || noQ Q (Avg,Max,Min) (1.11, 1.69, 1.00) (1.10, 0.99, 1.68) #fs:   1  -- #Conts: 8 G(4)  A(1)  E(2)  C(1) 
 340603661 2775.82 || noQ Q (Avg,Max,Min) (1.04, 1.10, 1.00) (0.96, 0.61, 1.05) #fs:   1  -- #Conts: 7 G(3)  A(1)  E(2)  C(1) 
 340648093 2774.82 || noQ Q (Avg,Max,Min) (1.03, 1.07, 1.00) (1.02, 1.00, 1.05) #fs:   1  -- #Conts: 6 G(3)  E(2)  C(1) 
 341788288 2774.18 || noQ Q (Avg,Max,Min) (1.11, 1.69, 1.00) (1.11, 1.00, 1.68) #fs:   1  -- #Conts: 7 G(4)  A(1)  E(2) 
 342248941 2773.18 || noQ Q (Avg,Max,Min) (1.11, 1.69, 1.01) (1.11, 1.00, 1.68) #fs:   1  -- #Conts: 7 G(4)  A(1)  E(2) 
 345415129 2772.53 || noQ Q (Avg,Max,Min) (1.02, 1.04, 1.01) (1.01, 0.95, 1.04) #fs:   1  -- #Conts: 6 G(3)  A(1)  E(2) 
 351958443 2771.76 || noQ Q (Avg,Max,Min) (1.03, 1.10, 1.00) (0.96, 0.61, 1.05) #fs:   0  -- #Conts: 7 G(3)  A(2)  E(2) 
 352046215 2770.76 || noQ Q (Avg,Max,Min) (1.03, 1.10, 1.00) (0.96, 0.61, 1.05) #fs:   0  -- #Conts: 7 G(3)  A(2)  E(2) 
 435004711 2767.53 || noQ Q (Avg,Max,Min) (1.03, 1.06, 1.01) (1.02, 0.96, 1.06) #fs:   0  -- #Conts: 7 G(3)  A(2)  E(2) 
 435013846 2766.53 || noQ Q (Avg,Max,Min) (1.03, 1.06, 1.01) (1.02, 0.96, 1.06) #fs:   0  -- #Conts: 7 G(3)  A(2)  E(2) 
 435161384 2765.53 || noQ Q (Avg,Max,Min) (1.03, 1.06, 1.01) (1.03, 1.00, 1.06) #fs:   0  -- #Conts: 7 G(3)  A(2)  E(2) 
 435538259 2764.53 || noQ Q (Avg,Max,Min) (1.03, 1.06, 1.00) (1.03, 1.00, 1.06) #fs:   0  -- #Conts: 7 G(3)  A(2)  E(2) 
 439605135 2763.00 || noQ Q (Avg,Max,Min) (1.46, 4.75, 1.00) (0.93, 0.08, 1.26) #fs:   0  -- #Conts: 9 H(1)  A(1)  G(2)  E(5) 
 439612634 2732.47 || noQ Q (Avg,Max,Min) (1.05, 1.27, 1.00) (1.00, 0.68, 1.26) #fs:   0  -- #Conts: 9 A(2)  G(2)  E(5) 
 439693616 2731.47 || noQ Q (Avg,Max,Min) (1.05, 1.27, 1.00) (1.04, 0.95, 1.26) #fs:   0  -- #Conts: 8 A(1)  G(2)  E(5) 
 439747428 2730.47 || noQ Q (Avg,Max,Min) (1.05, 1.27, 1.00) (1.04, 0.99, 1.26) #fs:   0  -- #Conts: 8 A(1)  G(2)  E(5) 
 439956311 2729.47 || noQ Q (Avg,Max,Min) (1.05, 1.27, 1.00) (1.04, 0.99, 1.26) #fs:   0  -- #Conts: 8 A(1)  G(2)  E(5) 
 440143205 2728.47 || noQ Q (Avg,Max,Min) (1.05, 1.27, 1.00) (1.04, 1.00, 1.26) #fs:   0  -- #Conts: 8 A(1)  G(2)  E(5) 
 440348037 2727.47 || noQ Q (Avg,Max,Min) (1.05, 1.27, 1.00) (1.04, 1.00, 1.26) #fs:   0  -- #Conts: 8 A(1)  G(2)  E(5) 
 479878962 2727.41 || noQ Q (Avg,Max,Min) (1.04, 1.27, 1.00) (1.03, 0.97, 1.26) #fs:   0  -- #Conts: 9 A(3)  G(1)  E(5) 
 480083794 2726.41 || noQ Q (Avg,Max,Min) (1.04, 1.27, 1.00) (1.03, 0.97, 1.26) #fs:   0  -- #Conts: 9 A(3)  G(1)  E(5) 
 480271267 2725.41 || noQ Q (Avg,Max,Min) (1.04, 1.27, 1.00) (1.04, 0.97, 1.26) #fs:   0  -- #Conts: 9 A(3)  G(1)  E(5) 
 480475519 2724.41 || noQ Q (Avg,Max,Min) (1.04, 1.27, 1.00) (1.04, 0.97, 1.26) #fs:   0  -- #Conts: 9 A(3)  G(1)  E(5) 
 501213478 2721.47 || noQ Q (Avg,Max,Min) (1.03, 1.09, 1.00) (1.02, 0.98, 1.09) #fs:   0  -- #Conts: 7 A(2)  G(1)  E(4) 
 501435322 2720.47 || noQ Q (Avg,Max,Min) (1.03, 1.09, 1.00) (1.02, 0.99, 1.09) #fs:   0  -- #Conts: 7 A(2)  G(1)  E(4) 
 501761622 2719.47 || noQ Q (Avg,Max,Min) (1.03, 1.09, 1.00) (1.02, 1.00, 1.09) #fs:   0  -- #Conts: 7 A(2)  G(1)  E(4) 
 502153113 2718.47 || noQ Q (Avg,Max,Min) (1.03, 1.09, 1.00) (1.02, 1.00, 1.09) #fs:   0  -- #Conts: 7 A(2)  G(1)  E(4) 
 502612462 2717.47 || noQ Q (Avg,Max,Min) (1.03, 1.09, 1.00) (1.02, 1.00, 1.09) #fs:   0  -- #Conts: 7 A(2)  G(1)  E(4) 
 503086166 2716.47 || noQ Q (Avg,Max,Min) (1.03, 1.09, 1.00) (1.02, 1.00, 1.09) #fs:   0  -- #Conts: 7 A(2)  G(1)  E(4) 
 503549430 2715.47 || noQ Q (Avg,Max,Min) (1.03, 1.09, 1.00) (1.02, 1.00, 1.09) #fs:   0  -- #Conts: 7 A(2)  G(1)  E(4) 
 509775907 2715.18 || noQ Q (Avg,Max,Min) (1.05, 1.13, 1.00) (0.93, 0.53, 1.09) #fs:   0  -- #Conts: 10 A(5)  G(1)  E(4) 
 515615711 2706.00 || noQ Q (Avg,Max,Min) (1.10, 1.69, 1.00) (1.03, 0.61, 1.69) #fs:   0  -- #Conts: 9 A(3)  G(1)  E(5) 
 515660143 2705.00 || noQ Q (Avg,Max,Min) (1.10, 1.69, 1.00) (1.09, 0.96, 1.69) #fs:   0  -- #Conts: 8 A(2)  G(1)  E(5) 
 515940788 2704.00 || noQ Q (Avg,Max,Min) (1.10, 1.69, 1.00) (1.09, 0.96, 1.69) #fs:   0  -- #Conts: 8 A(2)  G(1)  E(5) 
 516328957 2703.00 || noQ Q (Avg,Max,Min) (1.10, 1.69, 1.00) (1.10, 0.99, 1.69) #fs:   0  -- #Conts: 8 A(2)  G(1)  E(5) 
 516926686 2702.00 || noQ Q (Avg,Max,Min) (1.10, 1.69, 1.00) (1.10, 1.00, 1.69) #fs:   0  -- #Conts: 8 A(2)  G(1)  E(5) 
 517370376 2701.00 || noQ Q (Avg,Max,Min) (1.10, 1.69, 1.00) (1.10, 1.00, 1.69) #fs:   0  -- #Conts: 8 A(2)  G(1)  E(5) 
 517924987 2700.00 || noQ Q (Avg,Max,Min) (1.10, 1.69, 1.00) (1.09, 0.94, 1.69) #fs:   0  -- #Conts: 8 A(2)  G(1)  E(5) 
2333403223 2693.65 || noQ Q (Avg,Max,Min) (1.11, 1.70, 1.00) (1.10, 0.99, 1.70) #fs:   0  -- #Conts: 7 A(3)  G(1)  E(2)  C(1) 
2333447655 2692.65 || noQ Q (Avg,Max,Min) (1.11, 1.70, 1.00) (1.10, 0.99, 1.70) #fs:   0  -- #Conts: 7 A(3)  G(1)  E(2)  C(1) 
2333728300 2691.65 || noQ Q (Avg,Max,Min) (1.11, 1.70, 1.00) (1.10, 0.99, 1.70) #fs:   0  -- #Conts: 7 A(3)  G(1)  E(2)  C(1) 
2334116469 2690.65 || noQ Q (Avg,Max,Min) (1.11, 1.70, 1.00) (1.10, 0.99, 1.70) #fs:   0  -- #Conts: 7 A(3)  G(1)  E(2)  C(1) 
2334808156 2689.65 || noQ Q (Avg,Max,Min) (1.11, 1.70, 1.00) (1.10, 1.00, 1.70) #fs:   0  -- #Conts: 7 A(3)  G(1)  E(2)  C(1) 
2335246626 2688.65 || noQ Q (Avg,Max,Min) (1.11, 1.70, 1.00) (1.10, 1.00, 1.70) #fs:   0  -- #Conts: 7 A(3)  G(1)  E(2)  C(1) 
2335708586 2687.65 || noQ Q (Avg,Max,Min) (1.11, 1.70, 1.00) (1.10, 1.00, 1.70) #fs:   0  -- #Conts: 7 A(3)  G(1)  E(2)  C(1) 
2341640185 2687.35 || noQ Q (Avg,Max,Min) (1.11, 1.70, 1.00) (0.99, 0.53, 1.70) #fs:   0  -- #Conts: 9 A(5)  G(1)  E(2)  C(1) 
/////////////////size: 98
nodes 48 edges 56
 mulT: 1000 mulD: 20000  sumData GB 26976
pareto /SIPHT.n.50.0.dax time -> 1070.0
moheft /SIPHT.n.50.0.dax time -> 1208.0
distance from M to C 0.0
distance from P to C 3.48388714740204
distance from C to M 7.1903388866979725
distance from C to P 59.41521133186683
toCompare: /SIPHT.n.50.0.dax sumDataGB: 26976 mulT: 1000 mulD: 20000 paretoOptTime_MS: 1070.0 MoheftOptimizationTime_MS: 1208.0 MtoC 0.0 PtoC 3.48388714740204 CtoM 7.1903388866979725 CtoP 59.41521133186683
