specify -Dflow d,b,mt,md,size
Running /home/vaggelis/jc/LIGO.n.50.0.dax mt 50 md: 1 size null
   2361651 362.59 || noQ Q (Avg,Max,Min) (0.87, 1.00, 0.67) (0.51, 0.35, 0.60) #fs:  11  -- #Conts: 12 H(11)  G(1) 
   2378028 346.82 || noQ Q (Avg,Max,Min) (0.88, 1.00, 0.76) (0.53, 0.40, 0.60) #fs:  12  -- #Conts: 12 H(10)  G(2) 
   2494791 331.06 || noQ Q (Avg,Max,Min) (0.87, 1.00, 0.76) (0.55, 0.45, 0.69) #fs:  13  -- #Conts: 12 H(9)  G(3) 
   2819712 315.29 || noQ Q (Avg,Max,Min) (0.86, 1.00, 0.79) (0.58, 0.46, 0.78) #fs:  13  -- #Conts: 12 H(8)  G(4) 
   3116774 299.53 || noQ Q (Avg,Max,Min) (0.82, 1.00, 0.71) (0.61, 0.46, 0.86) #fs:  14  -- #Conts: 12 H(7)  G(5) 
   3426219 283.76 || noQ Q (Avg,Max,Min) (0.86, 1.00, 0.63) (0.65, 0.43, 0.86) #fs:  11  -- #Conts: 11 H(7)  G(4) 
   3523055 268.00 || noQ Q (Avg,Max,Min) (0.85, 1.00, 0.61) (0.69, 0.43, 0.90) #fs:  11  -- #Conts: 11 H(6)  G(5) 
   3839377 252.24 || noQ Q (Avg,Max,Min) (0.85, 1.00, 0.75) (0.73, 0.60, 0.87) #fs:   9  -- #Conts: 9 H(7)  G(2) 
   7232079 236.47 || noQ Q (Avg,Max,Min) (0.85, 1.00, 0.53) (0.65, 0.50, 0.94) #fs:   6  -- #Conts: 9 G(9) 
   7424151 220.71 || noQ Q (Avg,Max,Min) (0.83, 1.00, 0.53) (0.69, 0.50, 0.94) #fs:   6  -- #Conts: 8 G(8) 
   7813997 204.94 || noQ Q (Avg,Max,Min) (0.82, 1.00, 0.53) (0.76, 0.50, 0.94) #fs:   6  -- #Conts: 7 G(7) 
   9192775 201.18 || noQ Q (Avg,Max,Min) (0.91, 1.00, 0.69) (0.80, 0.56, 0.97) #fs:   8  -- #Conts: 15 E(15) 
  10792659 194.47 || noQ Q (Avg,Max,Min) (0.93, 1.00, 0.70) (0.82, 0.59, 0.97) #fs:   7  -- #Conts: 15 E(15) 
  11746460 187.76 || noQ Q (Avg,Max,Min) (0.95, 1.00, 0.70) (0.84, 0.59, 0.98) #fs:   6  -- #Conts: 15 E(15) 
  12795651 181.06 || noQ Q (Avg,Max,Min) (0.97, 1.00, 0.84) (0.84, 0.56, 0.97) #fs:   5  -- #Conts: 15 E(15) 
  14461200 174.35 || noQ Q (Avg,Max,Min) (0.97, 1.00, 0.84) (0.90, 0.75, 0.98) #fs:   5  -- #Conts: 12 E(12) 
  15546213 167.65 || noQ Q (Avg,Max,Min) (0.98, 1.00, 0.89) (0.92, 0.84, 0.98) #fs:   5  -- #Conts: 12 E(12) 
  20546389 163.29 || noQ Q (Avg,Max,Min) (1.00, 1.00, 1.00) (0.93, 0.88, 0.99) #fs:   0  -- #Conts: 13 G(1)  E(12) 
  20678440 160.94 || noQ Q (Avg,Max,Min) (1.00, 1.00, 1.00) (0.94, 0.88, 1.00) #fs:   0  -- #Conts: 13 E(13) 
/////////////////size: 19
   6372081 270.00 || noQ Q (Avg,Max,Min) (0.97, 1.00, 0.80) (0.59, 0.30, 0.84) #fs:   4  -- #Conts: 12 H(3)  A(2)  G(7) 
   6891603 254.24 || noQ Q (Avg,Max,Min) (0.96, 1.00, 0.80) (0.63, 0.32, 0.91) #fs:   4  -- #Conts: 11 H(3)  A(2)  G(6) 
   7021484 238.47 || noQ Q (Avg,Max,Min) (0.96, 1.00, 0.80) (0.67, 0.39, 0.93) #fs:   4  -- #Conts: 10 H(3)  A(2)  G(5) 
   7534372 222.71 || noQ Q (Avg,Max,Min) (0.96, 1.00, 0.80) (0.72, 0.43, 0.93) #fs:   4  -- #Conts: 9 H(3)  A(2)  G(4) 
   7851756 195.53 || noQ Q (Avg,Max,Min) (0.99, 1.00, 0.91) (0.78, 0.26, 1.00) #fs:   4  -- #Conts: 13 H(3)  A(2)  G(5)  E(3) 
   7882663 192.82 || noQ Q (Avg,Max,Min) (0.99, 1.00, 0.91) (0.81, 0.26, 1.00) #fs:   5  -- #Conts: 13 H(3)  A(2)  G(5)  E(2)  C(1) 
   7929138 190.47 || noQ Q (Avg,Max,Min) (0.99, 1.00, 0.91) (0.82, 0.26, 1.00) #fs:   4  -- #Conts: 14 H(3)  A(2)  G(4)  E(4)  C(1) 
   8322816 189.82 || noQ Q (Avg,Max,Min) (0.99, 1.00, 0.91) (0.76, 0.07, 1.00) #fs:   4  -- #Conts: 13 H(3)  A(3)  G(5)  E(2) 
  11819027 184.76 || noQ Q (Avg,Max,Min) (0.99, 1.00, 0.94) (0.85, 0.60, 0.97) #fs:   5  -- #Conts: 15 H(1)  A(1)  G(6)  E(6)  C(1) 
  12175748 182.41 || noQ Q (Avg,Max,Min) (0.98, 1.00, 0.86) (0.86, 0.60, 0.97) #fs:   6  -- #Conts: 14 H(1)  A(1)  G(5)  E(6)  C(1) 
  12696933 178.06 || noQ Q (Avg,Max,Min) (0.99, 1.00, 0.94) (0.88, 0.60, 0.97) #fs:   5  -- #Conts: 15 H(1)  A(1)  G(6)  E(6)  C(1) 
  16665807 173.35 || noQ Q (Avg,Max,Min) (0.99, 1.00, 0.94) (0.88, 0.60, 0.99) #fs:   5  -- #Conts: 13 H(1)  A(1)  G(4)  E(6)  C(1) 
  27113621 173.00 || noQ Q (Avg,Max,Min) (1.00, 1.00, 0.96) (0.86, 0.55, 1.00) #fs:   1  -- #Conts: 10 A(1)  G(3)  E(5)  C(1) 
  27631864 163.94 || noQ Q (Avg,Max,Min) (1.00, 1.00, 0.96) (0.91, 0.76, 1.00) #fs:   1  -- #Conts: 9 A(1)  G(2)  E(5)  C(1) 
  33962176 163.53 || noQ Q (Avg,Max,Min) (1.00, 1.00, 1.00) (0.85, 0.07, 0.99) #fs:   0  -- #Conts: 12 A(2)  G(2)  E(5)  C(3) 
  47584533 162.82 || noQ Q (Avg,Max,Min) (1.00, 1.00, 1.00) (0.86, 0.07, 0.99) #fs:   0  -- #Conts: 13 A(3)  G(2)  E(5)  C(3) 
  54871144 162.29 || noQ Q (Avg,Max,Min) (1.00, 1.00, 1.00) (0.93, 0.76, 1.00) #fs:   0  -- #Conts: 14 A(3)  G(2)  E(6)  C(3) 
  66690549 161.29 || noQ Q (Avg,Max,Min) (1.00, 1.00, 1.00) (0.93, 0.76, 1.00) #fs:   0  -- #Conts: 13 A(2)  G(2)  E(6)  C(3) 
/////////////////size: 18
nodes 50 edges 60
 mulT: 50 mulD: 1  sumData GB 1
pareto /LIGO.n.50.0.dax time -> 1013.0
moheft /LIGO.n.50.0.dax time -> 384.0
distance from M to C 2.194257837136621
distance from P to C 0.7369243292597705
distance from C to M 6.8500745421669
distance from C to P 2.4166992174785396
toCompare: /LIGO.n.50.0.dax sumDataGB: 1 mulT: 50 mulD: 1 paretoOptTime_MS: 1013.0 MoheftOptimizationTime_MS: 384.0 MtoC 2.194257837136621 PtoC 0.7369243292597705 CtoM 6.8500745421669 CtoP 2.4166992174785396
