specify -Dflow d,b,mt,md,size
Running /home/vaggelis/jc/SIPHT.n.50.0.dax mt 10000 md: 5000 size null
1339741208 32885.18 || noQ Q (Avg,Max,Min) (1.00, 1.01, 0.99) (0.95, 0.69, 1.00) #fs:   2  -- #Conts: 9 H(9) 
1339750065 32822.12 || noQ Q (Avg,Max,Min) (1.00, 1.01, 0.99) (0.96, 0.69, 1.00) #fs:   1  -- #Conts: 9 H(9) 
2257139063 31024.94 || noQ Q (Avg,Max,Min) (0.97, 1.01, 0.62) (0.90, 0.59, 1.00) #fs:   2  -- #Conts: 15 H(1)  G(14) 
2297386122 28025.65 || noQ Q (Avg,Max,Min) (0.99, 1.01, 0.85) (0.92, 0.59, 1.00) #fs:   1  -- #Conts: 15 G(12)  E(2)  C(1) 
4518773356 23667.65 || noQ Q (Avg,Max,Min) (0.97, 1.00, 0.67) (0.86, 0.61, 1.00) #fs:   4  -- #Conts: 22 G(1)  E(21) 
4562028545 23530.94 || noQ Q (Avg,Max,Min) (0.97, 1.00, 0.67) (0.86, 0.61, 1.00) #fs:   4  -- #Conts: 22 E(22) 
4564246985 23524.24 || noQ Q (Avg,Max,Min) (0.97, 1.00, 0.67) (0.86, 0.61, 1.00) #fs:   4  -- #Conts: 22 E(22) 
5503459166 16920.00 || noQ Q (Avg,Max,Min) (1.00, 1.00, 0.91) (0.84, 0.62, 1.00) #fs:   3  -- #Conts: 29 C(29) 
5529477820 16916.00 || noQ Q (Avg,Max,Min) (1.00, 1.00, 0.91) (0.84, 0.62, 1.00) #fs:   3  -- #Conts: 29 C(29) 
5924187376 16909.41 || noQ Q (Avg,Max,Min) (1.00, 1.01, 1.00) (0.88, 0.66, 1.00) #fs:   0  -- #Conts: 26 E(2)  C(24) 
6462711440 5544.00 || noQ Q (Avg,Max,Min) (1.00, 1.00, 0.99) (0.99, 0.93, 1.00) #fs:   3  -- #Conts: 20 A(20) 
6479711440 5543.00 || noQ Q (Avg,Max,Min) (1.00, 1.00, 0.99) (0.99, 0.93, 1.00) #fs:   3  -- #Conts: 20 A(20) 
/////////////////size: 12
1384358133 32873.29 || noQ Q (Avg,Max,Min) (1.00, 1.02, 0.94) (0.98, 0.90, 1.02) #fs:   1  -- #Conts: 12 H(4)  G(2)  A(2)  E(3)  C(1) 
1384366990 32085.06 || noQ Q (Avg,Max,Min) (1.00, 1.02, 1.00) (0.99, 0.90, 1.02) #fs:   0  -- #Conts: 12 H(4)  G(2)  A(2)  E(3)  C(1) 
1384693925 32082.06 || noQ Q (Avg,Max,Min) (1.00, 1.02, 1.00) (0.99, 0.90, 1.02) #fs:   0  -- #Conts: 12 H(4)  G(2)  A(2)  E(3)  C(1) 
1384985030 32079.06 || noQ Q (Avg,Max,Min) (1.00, 1.02, 1.00) (0.99, 0.90, 1.02) #fs:   0  -- #Conts: 11 H(4)  G(2)  A(1)  E(3)  C(1) 
1385335328 32077.06 || noQ Q (Avg,Max,Min) (1.00, 1.02, 1.00) (0.99, 0.90, 1.02) #fs:   0  -- #Conts: 12 H(4)  G(2)  A(2)  E(3)  C(1) 
1385359235 32076.06 || noQ Q (Avg,Max,Min) (1.00, 1.02, 1.00) (0.99, 0.90, 1.02) #fs:   0  -- #Conts: 11 H(4)  G(2)  A(1)  E(3)  C(1) 
1612051558 31531.88 || noQ Q (Avg,Max,Min) (1.00, 1.02, 1.00) (1.00, 0.98, 1.02) #fs:   0  -- #Conts: 13 H(4)  G(3)  A(2)  E(3)  C(1) 
1613035206 31527.88 || noQ Q (Avg,Max,Min) (1.01, 1.09, 1.00) (0.94, 0.21, 1.02) #fs:   0  -- #Conts: 13 H(4)  G(3)  A(2)  E(3)  C(1) 
1613112299 31526.88 || noQ Q (Avg,Max,Min) (1.00, 1.02, 1.00) (1.00, 0.98, 1.02) #fs:   0  -- #Conts: 12 H(4)  G(3)  A(1)  E(3)  C(1) 
1613523891 31524.88 || noQ Q (Avg,Max,Min) (1.01, 1.09, 1.00) (0.94, 0.21, 1.02) #fs:   0  -- #Conts: 13 H(4)  G(3)  A(2)  E(3)  C(1) 
1613600984 31523.88 || noQ Q (Avg,Max,Min) (1.00, 1.02, 1.00) (1.00, 0.99, 1.02) #fs:   0  -- #Conts: 12 H(4)  G(3)  A(1)  E(3)  C(1) 
1691542957 31023.00 || noQ Q (Avg,Max,Min) (1.01, 1.09, 1.00) (0.93, 0.17, 1.00) #fs:   0  -- #Conts: 13 H(4)  G(3)  A(3)  E(2)  C(1) 
1691944292 30991.47 || noQ Q (Avg,Max,Min) (1.00, 1.00, 1.00) (0.99, 0.92, 1.00) #fs:   0  -- #Conts: 12 H(3)  G(3)  A(3)  E(2)  C(1) 
1692512229 30988.47 || noQ Q (Avg,Max,Min) (1.00, 1.00, 1.00) (0.99, 0.92, 1.00) #fs:   0  -- #Conts: 12 H(3)  G(3)  A(3)  E(2)  C(1) 
1709744523 30987.47 || noQ Q (Avg,Max,Min) (1.00, 1.00, 1.00) (0.99, 0.95, 1.00) #fs:   0  -- #Conts: 12 H(3)  G(3)  A(3)  E(2)  C(1) 
1786594125 30511.71 || noQ Q (Avg,Max,Min) (1.00, 1.01, 1.00) (0.99, 0.86, 1.00) #fs:   0  -- #Conts: 11 H(4)  G(3)  A(1)  E(2)  C(1) 
1786837208 30509.71 || noQ Q (Avg,Max,Min) (1.00, 1.01, 1.00) (0.99, 0.88, 1.00) #fs:   0  -- #Conts: 11 H(4)  G(3)  A(1)  E(2)  C(1) 
1787013689 30497.76 || noQ Q (Avg,Max,Min) (1.00, 1.01, 1.00) (1.00, 0.97, 1.01) #fs:   1  -- #Conts: 11 H(3)  G(3)  A(1)  E(2)  C(2) 
1787036261 30493.94 || noQ Q (Avg,Max,Min) (1.01, 1.05, 1.00) (0.93, 0.29, 1.00) #fs:   0  -- #Conts: 12 H(4)  G(4)  A(1)  E(2)  C(1) 
1787168070 30480.18 || noQ Q (Avg,Max,Min) (1.00, 1.01, 1.00) (0.99, 0.91, 1.00) #fs:   0  -- #Conts: 11 H(4)  G(3)  A(1)  E(2)  C(1) 
1787411153 30478.18 || noQ Q (Avg,Max,Min) (1.00, 1.01, 1.00) (0.99, 0.92, 1.00) #fs:   0  -- #Conts: 11 H(4)  G(3)  A(1)  E(2)  C(1) 
1787474656 30477.18 || noQ Q (Avg,Max,Min) (1.00, 1.01, 1.00) (0.99, 0.93, 1.00) #fs:   0  -- #Conts: 11 H(4)  G(3)  A(1)  E(2)  C(1) 
1787575941 30476.18 || noQ Q (Avg,Max,Min) (1.00, 1.01, 1.00) (0.99, 0.93, 1.00) #fs:   0  -- #Conts: 11 H(4)  G(3)  A(1)  E(2)  C(1) 
1787587634 30466.24 || noQ Q (Avg,Max,Min) (1.00, 1.01, 1.00) (1.00, 0.97, 1.01) #fs:   0  -- #Conts: 11 H(3)  G(3)  A(1)  E(2)  C(2) 
1787898336 30464.24 || noQ Q (Avg,Max,Min) (1.00, 1.01, 1.00) (1.00, 0.96, 1.01) #fs:   0  -- #Conts: 11 H(3)  G(3)  A(1)  E(2)  C(2) 
1787961839 30463.24 || noQ Q (Avg,Max,Min) (1.00, 1.01, 1.00) (1.00, 0.98, 1.01) #fs:   0  -- #Conts: 11 H(3)  G(3)  A(1)  E(2)  C(2) 
1788266353 30461.24 || noQ Q (Avg,Max,Min) (1.00, 1.01, 1.00) (1.00, 0.98, 1.01) #fs:   0  -- #Conts: 11 H(3)  G(3)  A(1)  E(2)  C(2) 
1788282573 30460.24 || noQ Q (Avg,Max,Min) (1.00, 1.01, 1.00) (1.00, 0.99, 1.01) #fs:   0  -- #Conts: 11 H(3)  G(3)  A(1)  E(2)  C(2) 
1818598682 30453.88 || noQ Q (Avg,Max,Min) (1.00, 1.04, 1.00) (0.95, 0.33, 1.01) #fs:   0  -- #Conts: 14 H(3)  G(4)  A(2)  E(3)  C(2) 
1818778589 30449.94 || noQ Q (Avg,Max,Min) (1.01, 1.08, 1.00) (0.95, 0.37, 1.00) #fs:   0  -- #Conts: 13 H(4)  G(3)  A(1)  E(4)  C(1) 
1819582330 30448.88 || noQ Q (Avg,Max,Min) (1.01, 1.05, 1.00) (0.97, 0.62, 1.01) #fs:   0  -- #Conts: 13 H(3)  G(4)  A(1)  E(3)  C(2) 
1819667885 30434.18 || noQ Q (Avg,Max,Min) (1.01, 1.05, 1.00) (0.97, 0.62, 1.00) #fs:   0  -- #Conts: 13 H(3)  G(4)  A(1)  E(4)  C(1) 
1820253864 30431.82 || noQ Q (Avg,Max,Min) (1.00, 1.01, 1.00) (1.00, 0.97, 1.00) #fs:   0  -- #Conts: 12 H(3)  G(3)  A(1)  E(4)  C(1) 
1835106463 30430.12 || noQ Q (Avg,Max,Min) (1.00, 1.01, 1.00) (0.99, 0.95, 1.00) #fs:   0  -- #Conts: 13 H(3)  G(3)  A(2)  E(4)  C(1) 
1837432790 30429.41 || noQ Q (Avg,Max,Min) (1.00, 1.01, 1.00) (0.99, 0.92, 1.00) #fs:   0  -- #Conts: 14 H(3)  G(3)  A(3)  E(4)  C(1) 
2081456939 29915.06 || noQ Q (Avg,Max,Min) (1.01, 1.09, 1.00) (0.93, 0.17, 1.01) #fs:   0  -- #Conts: 14 H(3)  G(4)  A(2)  E(3)  C(2) 
2081858274 29899.29 || noQ Q (Avg,Max,Min) (1.00, 1.01, 1.00) (0.99, 0.92, 1.01) #fs:   0  -- #Conts: 13 H(2)  G(4)  A(2)  E(3)  C(2) 
2083101434 29890.24 || noQ Q (Avg,Max,Min) (1.00, 1.02, 1.00) (0.97, 0.63, 1.01) #fs:   0  -- #Conts: 14 H(2)  G(4)  A(2)  E(4)  C(2) 
2097882994 29888.53 || noQ Q (Avg,Max,Min) (1.00, 1.01, 1.00) (0.99, 0.92, 1.01) #fs:   0  -- #Conts: 14 H(2)  G(4)  A(3)  E(3)  C(2) 
2104737810 29888.29 || noQ Q (Avg,Max,Min) (1.00, 1.01, 1.00) (0.99, 0.92, 1.01) #fs:   0  -- #Conts: 14 H(2)  G(4)  A(3)  E(3)  C(2) 
2157858931 29032.71 || noQ Q (Avg,Max,Min) (1.00, 1.00, 1.00) (0.99, 0.92, 1.00) #fs:   0  -- #Conts: 12 H(2)  G(3)  A(2)  E(3)  C(2) 
2158185866 29029.71 || noQ Q (Avg,Max,Min) (1.00, 1.00, 1.00) (0.99, 0.92, 1.00) #fs:   0  -- #Conts: 12 H(2)  G(3)  A(2)  E(3)  C(2) 
2158287151 29028.71 || noQ Q (Avg,Max,Min) (1.00, 1.00, 1.00) (0.99, 0.92, 1.00) #fs:   0  -- #Conts: 12 H(2)  G(3)  A(2)  E(3)  C(2) 
2158476971 29026.71 || noQ Q (Avg,Max,Min) (1.00, 1.00, 1.00) (0.99, 0.96, 1.00) #fs:   0  -- #Conts: 11 H(2)  G(3)  A(1)  E(3)  C(2) 
2158601133 29025.71 || noQ Q (Avg,Max,Min) (1.00, 1.00, 1.00) (0.99, 0.92, 1.00) #fs:   0  -- #Conts: 12 H(2)  G(3)  A(2)  E(3)  C(2) 
2158827269 29024.71 || noQ Q (Avg,Max,Min) (1.00, 1.00, 1.00) (0.99, 0.92, 1.00) #fs:   0  -- #Conts: 12 H(2)  G(3)  A(2)  E(3)  C(2) 
2158851176 29023.71 || noQ Q (Avg,Max,Min) (1.00, 1.00, 1.00) (1.00, 0.96, 1.00) #fs:   0  -- #Conts: 11 H(2)  G(3)  A(1)  E(3)  C(2) 
2218992510 28472.12 || noQ Q (Avg,Max,Min) (1.00, 1.00, 1.00) (0.99, 0.95, 1.00) #fs:   0  -- #Conts: 12 H(1)  G(3)  A(2)  E(4)  C(2) 
2219439354 28470.12 || noQ Q (Avg,Max,Min) (1.00, 1.00, 1.00) (0.99, 0.95, 1.00) #fs:   0  -- #Conts: 12 H(1)  G(3)  A(2)  E(4)  C(2) 
2219976158 28467.12 || noQ Q (Avg,Max,Min) (1.00, 1.00, 1.00) (1.00, 0.98, 1.00) #fs:   0  -- #Conts: 11 H(1)  G(3)  A(1)  E(4)  C(2) 
2220423002 28465.12 || noQ Q (Avg,Max,Min) (1.00, 1.00, 1.00) (1.00, 0.98, 1.00) #fs:   0  -- #Conts: 11 H(1)  G(3)  A(1)  E(4)  C(2) 
2220541936 28464.12 || noQ Q (Avg,Max,Min) (1.00, 1.00, 1.00) (1.00, 0.99, 1.00) #fs:   0  -- #Conts: 11 H(1)  G(3)  A(1)  E(4)  C(2) 
2220715521 28463.12 || noQ Q (Avg,Max,Min) (1.00, 1.00, 1.00) (1.00, 0.98, 1.00) #fs:   0  -- #Conts: 11 H(1)  G(3)  A(1)  E(4)  C(2) 
2221032021 28462.12 || noQ Q (Avg,Max,Min) (1.00, 1.00, 1.00) (1.00, 0.99, 1.00) #fs:   0  -- #Conts: 11 H(1)  G(3)  A(1)  E(4)  C(2) 
2221176542 28461.12 || noQ Q (Avg,Max,Min) (1.01, 1.09, 1.00) (0.93, 0.21, 1.00) #fs:   0  -- #Conts: 12 H(1)  G(3)  A(2)  E(4)  C(2) 
2465043212 27955.00 || noQ Q (Avg,Max,Min) (1.01, 1.09, 1.00) (0.92, 0.17, 1.00) #fs:   0  -- #Conts: 12 H(1)  G(4)  A(2)  E(3)  C(2) 
2465444547 27939.24 || noQ Q (Avg,Max,Min) (1.00, 1.00, 1.00) (0.99, 0.92, 1.00) #fs:   0  -- #Conts: 11 G(4)  A(2)  E(3)  C(2) 
2466687707 27930.18 || noQ Q (Avg,Max,Min) (1.00, 1.02, 1.00) (0.96, 0.63, 1.00) #fs:   0  -- #Conts: 12 G(4)  A(2)  E(4)  C(2) 
2467554546 27928.88 || noQ Q (Avg,Max,Min) (1.00, 1.02, 1.00) (0.94, 0.63, 1.00) #fs:   0  -- #Conts: 12 G(4)  A(1)  E(5)  C(2) 
2481469267 27927.18 || noQ Q (Avg,Max,Min) (1.00, 1.02, 1.00) (0.97, 0.74, 1.00) #fs:   0  -- #Conts: 12 G(4)  A(2)  E(4)  C(2) 
2484857666 27926.47 || noQ Q (Avg,Max,Min) (1.00, 1.00, 1.00) (0.98, 0.92, 1.00) #fs:   0  -- #Conts: 12 G(4)  A(3)  E(3)  C(2) 
2609499629 27877.59 || noQ Q (Avg,Max,Min) (1.00, 1.00, 1.00) (0.99, 0.95, 1.00) #fs:   0  -- #Conts: 12 G(5)  A(2)  E(4)  C(1) 
2610483277 27872.59 || noQ Q (Avg,Max,Min) (1.00, 1.00, 1.00) (0.99, 0.95, 1.00) #fs:   0  -- #Conts: 11 G(5)  A(1)  E(4)  C(1) 
2610971962 27870.59 || noQ Q (Avg,Max,Min) (1.01, 1.09, 1.00) (0.93, 0.21, 1.00) #fs:   0  -- #Conts: 12 G(5)  A(2)  E(4)  C(1) 
2611049055 27869.59 || noQ Q (Avg,Max,Min) (1.00, 1.00, 1.00) (1.00, 0.95, 1.00) #fs:   0  -- #Conts: 11 G(5)  A(1)  E(4)  C(1) 
2822083915 12845.00 || noQ Q (Avg,Max,Min) (1.00, 1.02, 1.00) (0.98, 0.74, 1.00) #fs:   0  -- #Conts: 14 H(2)  A(4)  E(6)  C(2) 
2822410850 12843.00 || noQ Q (Avg,Max,Min) (1.00, 1.02, 1.00) (0.98, 0.74, 1.00) #fs:   0  -- #Conts: 14 H(2)  A(4)  E(6)  C(2) 
2822701955 12838.29 || noQ Q (Avg,Max,Min) (1.00, 1.01, 1.00) (1.00, 1.00, 1.00) #fs:   0  -- #Conts: 13 H(2)  A(4)  E(5)  C(2) 
2822930778 12838.00 || noQ Q (Avg,Max,Min) (1.00, 1.02, 1.00) (0.98, 0.74, 1.00) #fs:   0  -- #Conts: 14 H(2)  A(4)  E(6)  C(2) 
2823076160 12836.29 || noQ Q (Avg,Max,Min) (1.00, 1.01, 1.00) (1.00, 1.00, 1.00) #fs:   0  -- #Conts: 13 H(2)  A(4)  E(5)  C(2) 
3092270650 12287.00 || noQ Q (Avg,Max,Min) (1.00, 1.01, 1.00) (0.99, 0.95, 1.01) #fs:   0  -- #Conts: 15 H(2)  A(5)  G(1)  E(5)  C(2) 
3093254298 12282.00 || noQ Q (Avg,Max,Min) (1.00, 1.01, 1.00) (1.00, 0.96, 1.01) #fs:   0  -- #Conts: 14 H(2)  A(4)  G(1)  E(5)  C(2) 
3093742983 12280.00 || noQ Q (Avg,Max,Min) (1.01, 1.09, 1.00) (0.95, 0.21, 1.01) #fs:   0  -- #Conts: 15 H(2)  A(5)  G(1)  E(5)  C(2) 
3093820076 12279.00 || noQ Q (Avg,Max,Min) (1.00, 1.01, 1.00) (1.00, 0.96, 1.01) #fs:   0  -- #Conts: 14 H(2)  A(4)  G(1)  E(5)  C(2) 
3129268196 11775.41 || noQ Q (Avg,Max,Min) (1.01, 1.09, 1.00) (0.92, 0.17, 1.01) #fs:   0  -- #Conts: 14 H(2)  A(4)  G(3)  E(4)  C(1) 
3129669531 11759.65 || noQ Q (Avg,Max,Min) (1.00, 1.02, 1.00) (0.98, 0.74, 1.01) #fs:   0  -- #Conts: 13 H(1)  A(4)  G(3)  E(4)  C(1) 
3130912691 11750.59 || noQ Q (Avg,Max,Min) (1.00, 1.02, 1.00) (0.95, 0.63, 1.01) #fs:   0  -- #Conts: 14 H(1)  A(4)  G(3)  E(5)  C(1) 
3131080025 11749.88 || noQ Q (Avg,Max,Min) (1.00, 1.02, 1.00) (0.97, 0.63, 1.01) #fs:   0  -- #Conts: 14 H(1)  A(5)  G(3)  E(4)  C(1) 
3137410965 11746.47 || noQ Q (Avg,Max,Min) (1.00, 1.01, 1.00) (0.99, 0.92, 1.01) #fs:   0  -- #Conts: 13 H(1)  A(5)  G(2)  E(4)  C(1) 
3152228902 11744.76 || noQ Q (Avg,Max,Min) (1.00, 1.01, 1.00) (0.99, 0.92, 1.01) #fs:   0  -- #Conts: 14 H(1)  A(6)  G(2)  E(4)  C(1) 
3220907631 11521.18 || noQ Q (Avg,Max,Min) (1.00, 1.01, 1.00) (0.99, 0.95, 1.01) #fs:   0  -- #Conts: 12 A(6)  G(2)  E(3)  C(1) 
3221891279 11516.18 || noQ Q (Avg,Max,Min) (1.00, 1.01, 1.00) (1.00, 0.99, 1.01) #fs:   0  -- #Conts: 11 A(5)  G(2)  E(3)  C(1) 
3222379964 11515.18 || noQ Q (Avg,Max,Min) (1.01, 1.09, 1.00) (0.93, 0.21, 1.01) #fs:   0  -- #Conts: 12 A(6)  G(2)  E(3)  C(1) 
3222457057 11514.18 || noQ Q (Avg,Max,Min) (1.00, 1.01, 1.00) (1.00, 0.99, 1.01) #fs:   0  -- #Conts: 11 A(5)  G(2)  E(3)  C(1) 
3222994472 11512.18 || noQ Q (Avg,Max,Min) (1.01, 1.06, 1.00) (0.95, 0.37, 1.01) #fs:   2  -- #Conts: 12 A(6)  G(2)  E(3)  C(1) 
3223074438 11511.18 || noQ Q (Avg,Max,Min) (1.00, 1.01, 1.00) (1.00, 0.99, 1.01) #fs:   0  -- #Conts: 11 A(5)  G(2)  E(3)  C(1) 
3239669323 11510.18 || noQ Q (Avg,Max,Min) (1.00, 1.01, 1.00) (1.00, 0.99, 1.01) #fs:   0  -- #Conts: 12 A(6)  G(2)  E(3)  C(1) 
3246750799 11509.53 || noQ Q (Avg,Max,Min) (1.00, 1.01, 1.00) (0.99, 0.92, 1.01) #fs:   0  -- #Conts: 13 A(7)  G(2)  E(3)  C(1) 
3874480705 11486.06 || noQ Q (Avg,Max,Min) (1.01, 1.09, 1.00) (0.93, 0.17, 1.00) #fs:   0  -- #Conts: 13 H(1)  A(6)  G(2)  E(4) 
3874882040 11470.29 || noQ Q (Avg,Max,Min) (1.00, 1.00, 1.00) (0.99, 0.92, 1.00) #fs:   0  -- #Conts: 12 A(6)  G(2)  E(4) 
3876125200 11461.24 || noQ Q (Avg,Max,Min) (1.00, 1.02, 1.00) (0.97, 0.63, 1.00) #fs:   0  -- #Conts: 13 A(6)  G(2)  E(5) 
3880458456 11458.71 || noQ Q (Avg,Max,Min) (1.00, 1.02, 1.00) (0.95, 0.63, 1.00) #fs:   0  -- #Conts: 12 A(4)  G(2)  E(6) 
3890906760 11457.00 || noQ Q (Avg,Max,Min) (1.00, 1.02, 1.00) (0.97, 0.74, 1.00) #fs:   0  -- #Conts: 12 A(5)  G(2)  E(5) 
3897761576 11456.29 || noQ Q (Avg,Max,Min) (1.00, 1.00, 1.00) (0.99, 0.92, 1.00) #fs:   0  -- #Conts: 12 A(6)  G(2)  E(4) 
4055048754 11409.71 || noQ Q (Avg,Max,Min) (1.01, 1.09, 1.00) (0.92, 0.17, 1.00) #fs:   0  -- #Conts: 12 H(1)  A(5)  G(1)  E(3)  C(2) 
4055458457 11393.94 || noQ Q (Avg,Max,Min) (1.01, 1.05, 1.00) (0.93, 0.29, 1.00) #fs:   0  -- #Conts: 12 A(5)  G(2)  E(3)  C(2) 
4056684881 11384.88 || noQ Q (Avg,Max,Min) (1.00, 1.00, 1.00) (0.99, 0.92, 1.00) #fs:   0  -- #Conts: 11 A(5)  G(1)  E(3)  C(2) 
4061291406 11383.59 || noQ Q (Avg,Max,Min) (1.00, 1.00, 1.00) (0.98, 0.92, 1.00) #fs:   0  -- #Conts: 11 A(5)  G(1)  E(3)  C(2) 
4071474809 11383.18 || noQ Q (Avg,Max,Min) (1.00, 1.00, 1.00) (0.99, 0.92, 1.00) #fs:   0  -- #Conts: 12 A(6)  G(1)  E(3)  C(2) 
4076109555 11381.88 || noQ Q (Avg,Max,Min) (1.00, 1.00, 1.00) (0.98, 0.92, 1.00) #fs:   0  -- #Conts: 12 A(6)  G(1)  E(3)  C(2) 
4221749655 11379.41 || noQ Q (Avg,Max,Min) (1.00, 1.01, 1.00) (0.99, 0.92, 1.01) #fs:   0  -- #Conts: 13 A(6)  G(2)  E(3)  C(2) 
4236567592 11377.71 || noQ Q (Avg,Max,Min) (1.00, 1.01, 1.00) (0.99, 0.92, 1.01) #fs:   0  -- #Conts: 14 A(7)  G(2)  E(3)  C(2) 
4383761861 11274.12 || noQ Q (Avg,Max,Min) (1.01, 1.09, 1.00) (0.93, 0.17, 1.00) #fs:   0  -- #Conts: 14 H(1)  A(7)  G(1)  E(3)  C(2) 
4384171564 11258.35 || noQ Q (Avg,Max,Min) (1.01, 1.05, 1.00) (0.94, 0.29, 1.00) #fs:   0  -- #Conts: 14 A(7)  G(2)  E(3)  C(2) 
4385397988 11249.29 || noQ Q (Avg,Max,Min) (1.00, 1.00, 1.00) (0.99, 0.92, 1.00) #fs:   0  -- #Conts: 13 A(7)  G(1)  E(3)  C(2) 
4386778176 11248.00 || noQ Q (Avg,Max,Min) (1.00, 1.02, 1.00) (0.97, 0.63, 1.00) #fs:   0  -- #Conts: 13 A(6)  G(1)  E(4)  C(2) 
4390004513 11246.00 || noQ Q (Avg,Max,Min) (1.00, 1.00, 1.00) (0.99, 0.92, 1.00) #fs:   0  -- #Conts: 12 A(6)  G(1)  E(3)  C(2) 
4404822662 11244.29 || noQ Q (Avg,Max,Min) (1.00, 1.00, 1.00) (0.99, 0.92, 1.00) #fs:   0  -- #Conts: 13 A(7)  G(1)  E(3)  C(2) 
4478853751 8902.41 || noQ Q (Avg,Max,Min) (1.01, 1.07, 1.00) (0.94, 0.20, 1.01) #fs:   0  -- #Conts: 14 H(2)  A(7)  E(4)  C(1) 
4479333344 8886.65 || noQ Q (Avg,Max,Min) (1.00, 1.04, 1.00) (0.95, 0.33, 1.01) #fs:   0  -- #Conts: 14 H(1)  A(7)  G(1)  E(4)  C(1) 
4480316992 8881.65 || noQ Q (Avg,Max,Min) (1.00, 1.05, 1.00) (0.97, 0.62, 1.01) #fs:   0  -- #Conts: 13 H(1)  A(6)  G(1)  E(4)  C(1) 
4480778777 8877.59 || noQ Q (Avg,Max,Min) (1.00, 1.02, 1.00) (0.98, 0.74, 1.01) #fs:   0  -- #Conts: 14 H(1)  A(7)  E(5)  C(1) 
4498073667 8876.88 || noQ Q (Avg,Max,Min) (1.00, 1.01, 1.00) (1.00, 0.95, 1.01) #fs:   0  -- #Conts: 13 H(1)  A(7)  E(4)  C(1) 
4515073667 8875.88 || noQ Q (Avg,Max,Min) (1.00, 1.01, 1.00) (1.00, 0.99, 1.01) #fs:   0  -- #Conts: 12 H(1)  A(6)  E(4)  C(1) 
4539259012 6399.88 || noQ Q (Avg,Max,Min) (1.01, 1.09, 1.00) (0.94, 0.17, 1.01) #fs:   0  -- #Conts: 15 H(2)  A(6)  E(5)  C(2) 
4539668715 6384.12 || noQ Q (Avg,Max,Min) (1.01, 1.05, 1.00) (0.95, 0.29, 1.01) #fs:   0  -- #Conts: 15 H(1)  A(6)  G(1)  E(5)  C(2) 
4540903507 6375.06 || noQ Q (Avg,Max,Min) (1.00, 1.01, 0.98) (1.00, 0.96, 1.01) #fs:   1  -- #Conts: 14 H(1)  A(6)  E(5)  C(2) 
4555676699 6373.35 || noQ Q (Avg,Max,Min) (1.00, 1.01, 1.00) (1.00, 0.96, 1.01) #fs:   0  -- #Conts: 14 H(1)  A(6)  E(5)  C(2) 
4867972119 6172.00 || noQ Q (Avg,Max,Min) (1.01, 1.09, 1.00) (0.94, 0.17, 1.01) #fs:   0  -- #Conts: 15 H(1)  A(7)  G(1)  E(4)  C(2) 
4868381822 6156.24 || noQ Q (Avg,Max,Min) (1.01, 1.05, 1.00) (0.95, 0.29, 1.01) #fs:   0  -- #Conts: 15 A(7)  G(2)  E(4)  C(2) 
4869616614 6147.18 || noQ Q (Avg,Max,Min) (1.00, 1.02, 1.00) (0.97, 0.63, 1.01) #fs:   0  -- #Conts: 15 A(7)  G(1)  E(5)  C(2) 
4884389806 6145.47 || noQ Q (Avg,Max,Min) (1.00, 1.01, 1.00) (0.99, 0.92, 1.01) #fs:   0  -- #Conts: 14 A(7)  G(1)  E(4)  C(2) 
5284471521 6116.29 || noQ Q (Avg,Max,Min) (1.01, 1.09, 1.00) (0.94, 0.17, 1.00) #fs:   0  -- #Conts: 13 H(1)  A(6)  E(5)  C(1) 
5284881224 6100.53 || noQ Q (Avg,Max,Min) (1.00, 1.05, 1.00) (0.95, 0.29, 1.00) #fs:   0  -- #Conts: 13 A(6)  G(1)  E(5)  C(1) 
5286116016 6091.47 || noQ Q (Avg,Max,Min) (1.00, 1.02, 1.00) (0.97, 0.63, 1.00) #fs:   0  -- #Conts: 13 A(6)  E(6)  C(1) 
5300889208 6089.76 || noQ Q (Avg,Max,Min) (1.00, 1.00, 1.00) (1.00, 1.00, 1.00) #fs:   0  -- #Conts: 12 A(6)  E(5)  C(1) 
6444136282 5411.29 || noQ Q (Avg,Max,Min) (1.00, 1.02, 1.00) (0.94, 0.37, 1.01) #fs:   2  -- #Conts: 13 H(1)  A(5)  E(5)  C(2) 
6444947463 5395.53 || noQ Q (Avg,Max,Min) (1.00, 1.05, 1.00) (0.96, 0.62, 1.01) #fs:   1  -- #Conts: 13 A(5)  G(1)  E(5)  C(2) 
6445780777 5393.18 || noQ Q (Avg,Max,Min) (1.00, 1.02, 1.00) (0.94, 0.63, 1.01) #fs:   1  -- #Conts: 14 A(5)  E(7)  C(2) 
6460491298 5391.47 || noQ Q (Avg,Max,Min) (1.00, 1.02, 1.00) (0.97, 0.74, 1.01) #fs:   1  -- #Conts: 13 A(5)  E(6)  C(2) 
6462704138 5390.76 || noQ Q (Avg,Max,Min) (1.00, 1.01, 1.00) (0.98, 0.90, 1.01) #fs:   1  -- #Conts: 12 A(5)  E(5)  C(2) 
6479704138 5389.76 || noQ Q (Avg,Max,Min) (1.00, 1.01, 1.00) (0.98, 0.90, 1.01) #fs:   1  -- #Conts: 12 A(5)  E(5)  C(2) 
/////////////////size: 132
nodes 48 edges 56
 mulT: 10000 mulD: 5000  sumData GB 6744
pareto /SIPHT.n.50.0.dax time -> 939.0
moheft /SIPHT.n.50.0.dax time -> 1498.0
distance from M to C 0.09001194792389608
distance from P to C 506.50045617300884
distance from C to M 3.4799311875821437
distance from C to P 469.4354697102722
toCompare: /SIPHT.n.50.0.dax sumDataGB: 6744 mulT: 10000 mulD: 5000 paretoOptTime_MS: 939.0 MoheftOptimizationTime_MS: 1498.0 MtoC 0.09001194792389608 PtoC 506.50045617300884 CtoM 3.4799311875821437 CtoP 469.4354697102722
