specify -Dflow d,b,mt,md,size
Running /home/vaggelis/jc/LIGO.n.50.0.dax mt 500 md: 20000 size null
  24496267 2222.82 || noQ Q (Avg,Max,Min) (0.94, 1.07, 0.81) (0.87, 0.78, 0.95) #fs:  12  -- #Conts: 14 H(13)  G(1) 
  25423042 2144.00 || noQ Q (Avg,Max,Min) (0.99, 1.08, 0.78) (0.90, 0.78, 1.00) #fs:   4  -- #Conts: 19 H(19) 
  26409388 2112.47 || noQ Q (Avg,Max,Min) (1.00, 1.21, 0.80) (0.92, 0.80, 1.14) #fs:   4  -- #Conts: 18 H(18) 
  32345751 2080.94 || noQ Q (Avg,Max,Min) (1.00, 1.21, 0.80) (0.93, 0.79, 1.14) #fs:   4  -- #Conts: 18 H(18) 
  35626165 2049.41 || noQ Q (Avg,Max,Min) (1.02, 1.21, 0.82) (0.94, 0.79, 1.14) #fs:   3  -- #Conts: 18 H(18) 
  37085562 2002.12 || noQ Q (Avg,Max,Min) (0.94, 1.03, 0.70) (0.88, 0.64, 1.01) #fs:  16  -- #Conts: 20 H(6)  G(14) 
  37703988 1986.35 || noQ Q (Avg,Max,Min) (0.94, 1.03, 0.70) (0.88, 0.64, 1.01) #fs:  15  -- #Conts: 20 H(5)  G(15) 
  38472673 1970.59 || noQ Q (Avg,Max,Min) (0.94, 1.03, 0.68) (0.89, 0.64, 1.01) #fs:  14  -- #Conts: 20 H(4)  G(16) 
  38664635 1954.82 || noQ Q (Avg,Max,Min) (0.94, 1.03, 0.67) (0.89, 0.64, 1.01) #fs:  14  -- #Conts: 20 H(3)  G(17) 
  40957640 1860.24 || noQ Q (Avg,Max,Min) (0.95, 1.03, 0.59) (0.90, 0.53, 1.01) #fs:  15  -- #Conts: 20 H(1)  G(19) 
  41050480 1758.59 || noQ Q (Avg,Max,Min) (0.97, 1.02, 0.80) (0.92, 0.80, 1.01) #fs:  14  -- #Conts: 20 G(19)  E(1) 
  42647301 1734.12 || noQ Q (Avg,Max,Min) (1.00, 1.04, 0.90) (0.93, 0.80, 1.03) #fs:   5  -- #Conts: 21 G(21) 
  44216699 1718.35 || noQ Q (Avg,Max,Min) (1.00, 1.04, 0.92) (0.94, 0.86, 1.03) #fs:   6  -- #Conts: 20 G(20) 
  50408283 1702.59 || noQ Q (Avg,Max,Min) (1.00, 1.04, 0.92) (0.95, 0.86, 1.03) #fs:   5  -- #Conts: 19 G(19) 
  57941151 1684.12 || noQ Q (Avg,Max,Min) (1.00, 1.04, 0.92) (0.96, 0.86, 1.03) #fs:   5  -- #Conts: 18 G(17)  E(1) 
  62029445 1671.06 || noQ Q (Avg,Max,Min) (1.01, 1.08, 1.00) (0.96, 0.86, 1.05) #fs:   1  -- #Conts: 17 G(17) 
  70942513 1655.29 || noQ Q (Avg,Max,Min) (1.01, 1.08, 0.99) (0.97, 0.90, 1.05) #fs:   1  -- #Conts: 16 G(16) 
  78862525 1631.76 || noQ Q (Avg,Max,Min) (1.02, 1.08, 0.99) (0.99, 0.92, 1.05) #fs:   1  -- #Conts: 15 G(13)  E(2) 
  92683534 1589.06 || noQ Q (Avg,Max,Min) (1.01, 1.02, 1.00) (0.96, 0.91, 1.01) #fs:   0  -- #Conts: 23 E(22)  C(1) 
 116615935 1582.59 || noQ Q (Avg,Max,Min) (1.01, 1.02, 1.00) (0.97, 0.90, 1.01) #fs:   0  -- #Conts: 21 E(21) 
 128099978 1569.18 || noQ Q (Avg,Max,Min) (1.01, 1.02, 1.00) (0.97, 0.90, 1.01) #fs:   0  -- #Conts: 20 E(20) 
 131656646 1562.47 || noQ Q (Avg,Max,Min) (1.01, 1.02, 1.00) (0.98, 0.90, 1.01) #fs:   0  -- #Conts: 19 E(19) 
 152351869 1555.76 || noQ Q (Avg,Max,Min) (1.01, 1.02, 1.00) (0.99, 0.94, 1.01) #fs:   1  -- #Conts: 16 E(16) 
 163363959 1542.35 || noQ Q (Avg,Max,Min) (1.01, 1.02, 1.00) (0.99, 0.96, 1.01) #fs:   1  -- #Conts: 15 E(15) 
/////////////////size: 24
  46891623 1976.59 || noQ Q (Avg,Max,Min) (1.01, 1.06, 0.90) (0.90, 0.77, 1.06) #fs:   1  -- #Conts: 24 H(14)  A(2)  G(8) 
  49894430 1960.82 || noQ Q (Avg,Max,Min) (1.01, 1.06, 0.90) (0.91, 0.79, 1.06) #fs:   1  -- #Conts: 23 H(14)  A(2)  G(7) 
  50250086 1945.06 || noQ Q (Avg,Max,Min) (1.02, 1.06, 1.00) (0.91, 0.77, 1.06) #fs:   0  -- #Conts: 22 H(13)  A(2)  G(7) 
  53252893 1929.29 || noQ Q (Avg,Max,Min) (1.02, 1.06, 1.00) (0.92, 0.79, 1.06) #fs:   0  -- #Conts: 22 H(13)  A(2)  G(7) 
  55329032 1913.53 || noQ Q (Avg,Max,Min) (1.02, 1.06, 1.00) (0.92, 0.77, 1.06) #fs:   0  -- #Conts: 21 H(12)  A(2)  G(7) 
  56537355 1897.76 || noQ Q (Avg,Max,Min) (1.02, 1.06, 1.00) (0.93, 0.77, 1.06) #fs:   0  -- #Conts: 21 H(12)  A(2)  G(7) 
  57144442 1888.71 || noQ Q (Avg,Max,Min) (1.02, 1.25, 0.93) (0.89, 0.11, 1.06) #fs:   1  -- #Conts: 21 H(11)  A(2)  G(7)  E(1) 
  57386201 1886.00 || noQ Q (Avg,Max,Min) (1.02, 1.14, 0.93) (0.89, 0.18, 1.06) #fs:   1  -- #Conts: 21 H(11)  A(2)  G(7)  C(1) 
  59357328 1883.00 || noQ Q (Avg,Max,Min) (1.01, 1.06, 0.93) (0.92, 0.73, 1.06) #fs:   1  -- #Conts: 21 H(11)  A(3)  G(7) 
  63637055 1866.24 || noQ Q (Avg,Max,Min) (1.02, 1.06, 1.00) (0.93, 0.79, 1.06) #fs:   0  -- #Conts: 20 H(11)  A(2)  G(7) 
  68106380 1850.47 || noQ Q (Avg,Max,Min) (1.01, 1.06, 0.93) (0.95, 0.85, 1.06) #fs:   1  -- #Conts: 17 H(9)  A(2)  G(6) 
  70871790 1834.71 || noQ Q (Avg,Max,Min) (1.01, 1.06, 0.93) (0.95, 0.84, 1.06) #fs:   1  -- #Conts: 18 H(9)  A(2)  G(7) 
  73228839 1818.94 || noQ Q (Avg,Max,Min) (1.01, 1.06, 0.93) (0.96, 0.85, 1.06) #fs:   1  -- #Conts: 17 H(9)  A(2)  G(6) 
  73658285 1815.88 || noQ Q (Avg,Max,Min) (1.01, 1.06, 0.95) (0.95, 0.85, 1.06) #fs:   2  -- #Conts: 16 H(6)  A(2)  G(6)  E(2) 
  77380852 1800.12 || noQ Q (Avg,Max,Min) (1.01, 1.06, 0.95) (0.95, 0.84, 1.06) #fs:   2  -- #Conts: 17 H(6)  A(2)  G(7)  E(2) 
  80653096 1784.35 || noQ Q (Avg,Max,Min) (1.01, 1.06, 0.96) (0.96, 0.85, 1.06) #fs:   2  -- #Conts: 16 H(6)  A(2)  G(6)  E(2) 
  82848656 1777.29 || noQ Q (Avg,Max,Min) (1.01, 1.06, 0.96) (0.96, 0.85, 1.06) #fs:   2  -- #Conts: 17 H(6)  A(2)  G(6)  E(3) 
  88087649 1770.59 || noQ Q (Avg,Max,Min) (1.02, 1.06, 0.96) (0.96, 0.85, 1.06) #fs:   2  -- #Conts: 16 H(6)  A(2)  G(6)  E(2) 
  94101484 1769.59 || noQ Q (Avg,Max,Min) (1.02, 1.06, 0.97) (0.95, 0.73, 1.06) #fs:   2  -- #Conts: 17 H(6)  A(3)  G(6)  E(2) 
  96025244 1756.88 || noQ Q (Avg,Max,Min) (1.02, 1.06, 0.99) (0.93, 0.73, 1.06) #fs:   1  -- #Conts: 17 H(6)  A(3)  G(8) 
  96374742 1729.59 || noQ Q (Avg,Max,Min) (1.06, 1.95, 0.99) (0.91, 0.05, 1.10) #fs:   1  -- #Conts: 21 H(5)  A(3)  G(6)  E(7) 
  96383130 1698.06 || noQ Q (Avg,Max,Min) (1.02, 1.12, 0.99) (0.95, 0.73, 1.10) #fs:   1  -- #Conts: 20 H(4)  A(3)  G(6)  E(7) 
 104514956 1697.82 || noQ Q (Avg,Max,Min) (1.02, 1.12, 0.99) (0.96, 0.73, 1.10) #fs:   1  -- #Conts: 20 H(4)  A(3)  G(6)  E(6)  C(1) 
 106816581 1677.00 || noQ Q (Avg,Max,Min) (1.02, 1.12, 1.00) (0.96, 0.73, 1.10) #fs:   0  -- #Conts: 18 H(4)  A(3)  G(8)  E(3) 
 110302324 1660.18 || noQ Q (Avg,Max,Min) (1.02, 1.12, 1.00) (0.96, 0.73, 1.10) #fs:   0  -- #Conts: 20 H(3)  A(3)  G(8)  E(6) 
 110716514 1659.94 || noQ Q (Avg,Max,Min) (1.02, 1.12, 1.00) (0.96, 0.73, 1.10) #fs:   1  -- #Conts: 20 H(3)  A(3)  G(8)  E(5)  C(1) 
 122627637 1653.47 || noQ Q (Avg,Max,Min) (1.02, 1.12, 1.00) (0.97, 0.73, 1.10) #fs:   0  -- #Conts: 19 H(3)  A(3)  G(8)  E(5) 
 124693941 1646.12 || noQ Q (Avg,Max,Min) (1.02, 1.12, 1.00) (0.96, 0.74, 1.10) #fs:   0  -- #Conts: 16 H(2)  A(3)  G(7)  E(4) 
 131373533 1639.06 || noQ Q (Avg,Max,Min) (1.02, 1.12, 1.00) (0.96, 0.74, 1.10) #fs:   0  -- #Conts: 17 H(2)  A(3)  G(7)  E(5) 
 134112649 1629.35 || noQ Q (Avg,Max,Min) (1.01, 1.02, 1.00) (0.94, 0.73, 1.01) #fs:   1  -- #Conts: 13 G(8)  A(2)  E(2)  C(1) 
 141177380 1613.59 || noQ Q (Avg,Max,Min) (1.01, 1.02, 1.00) (0.96, 0.73, 1.01) #fs:   1  -- #Conts: 12 G(7)  A(2)  E(2)  C(1) 
 142824245 1608.82 || noQ Q (Avg,Max,Min) (1.03, 1.25, 1.00) (0.91, 0.11, 1.01) #fs:   2  -- #Conts: 12 G(5)  A(2)  E(5) 
 143066004 1606.12 || noQ Q (Avg,Max,Min) (1.02, 1.14, 1.00) (0.92, 0.18, 1.01) #fs:   2  -- #Conts: 12 G(5)  A(2)  E(4)  C(1) 
 145037131 1603.12 || noQ Q (Avg,Max,Min) (1.01, 1.03, 1.00) (0.96, 0.73, 1.01) #fs:   2  -- #Conts: 12 G(5)  A(3)  E(4) 
 145699731 1601.24 || noQ Q (Avg,Max,Min) (1.01, 1.02, 1.00) (0.97, 0.74, 1.01) #fs:   1  -- #Conts: 12 G(6)  A(2)  E(3)  C(1) 
 160835834 1598.29 || noQ Q (Avg,Max,Min) (1.01, 1.02, 1.00) (0.96, 0.66, 1.01) #fs:   2  -- #Conts: 15 H(1)  A(2)  G(7)  E(5) 
 169727043 1582.53 || noQ Q (Avg,Max,Min) (1.01, 1.02, 1.00) (0.97, 0.66, 1.01) #fs:   2  -- #Conts: 13 A(2)  G(6)  E(5) 
 176069427 1575.12 || noQ Q (Avg,Max,Min) (1.01, 1.02, 1.00) (0.97, 0.66, 1.01) #fs:   2  -- #Conts: 15 A(2)  G(6)  E(7) 
 185898929 1574.88 || noQ Q (Avg,Max,Min) (1.01, 1.02, 1.00) (0.97, 0.66, 1.01) #fs:   2  -- #Conts: 15 A(2)  G(6)  E(6)  C(1) 
 203551498 1561.29 || noQ Q (Avg,Max,Min) (1.01, 1.02, 1.00) (0.99, 0.95, 1.01) #fs:   1  -- #Conts: 16 A(2)  G(4)  E(9)  C(1) 
 204592660 1559.65 || noQ Q (Avg,Max,Min) (1.01, 1.02, 1.00) (0.99, 0.95, 1.01) #fs:   2  -- #Conts: 17 A(2)  G(4)  E(9)  C(2) 
 214405344 1558.82 || noQ Q (Avg,Max,Min) (1.02, 1.14, 1.00) (0.94, 0.18, 1.01) #fs:   1  -- #Conts: 16 A(2)  G(4)  E(9)  C(1) 
 216376471 1555.82 || noQ Q (Avg,Max,Min) (1.01, 1.03, 1.00) (0.98, 0.73, 1.01) #fs:   1  -- #Conts: 16 A(3)  G(4)  E(9) 
 239840606 1554.59 || noQ Q (Avg,Max,Min) (1.01, 1.02, 1.00) (1.00, 0.95, 1.01) #fs:   1  -- #Conts: 15 A(2)  G(4)  E(8)  C(1) 
 264852035 1552.59 || noQ Q (Avg,Max,Min) (1.01, 1.02, 1.00) (0.98, 0.69, 1.01) #fs:   0  -- #Conts: 14 A(2)  G(3)  E(8)  C(1) 
 279520014 1552.35 || noQ Q (Avg,Max,Min) (1.01, 1.02, 1.00) (0.98, 0.69, 1.01) #fs:   0  -- #Conts: 15 A(2)  G(3)  E(8)  C(2) 
 283810349 1549.88 || noQ Q (Avg,Max,Min) (1.02, 1.14, 1.00) (0.93, 0.18, 1.01) #fs:   0  -- #Conts: 15 A(2)  G(3)  E(8)  C(2) 
 285781476 1546.88 || noQ Q (Avg,Max,Min) (1.01, 1.03, 1.00) (0.96, 0.69, 1.01) #fs:   0  -- #Conts: 15 A(3)  G(3)  E(8)  C(1) 
 326322471 1546.12 || noQ Q (Avg,Max,Min) (1.00, 1.03, 0.96) (0.94, 0.73, 1.01) #fs:   1  -- #Conts: 15 A(4)  E(9)  C(2) 
 362299409 1544.24 || noQ Q (Avg,Max,Min) (1.00, 1.03, 0.96) (0.95, 0.73, 1.01) #fs:   1  -- #Conts: 14 A(4)  E(8)  C(2) 
/////////////////size: 50
nodes 50 edges 60
 mulT: 500 mulD: 20000  sumData GB 28958
pareto /LIGO.n.50.0.dax time -> 1535.0
moheft /LIGO.n.50.0.dax time -> 568.0
distance from M to C 16.341520558596326
distance from P to C 0.0
distance from C to M 39.68270016099426
distance from C to P 0.0
toCompare: /LIGO.n.50.0.dax sumDataGB: 28958 mulT: 500 mulD: 20000 paretoOptTime_MS: 1535.0 MoheftOptimizationTime_MS: 568.0 MtoC 16.341520558596326 PtoC 0.0 CtoM 39.68270016099426 CtoP 0.0
