specify -Dflow d,b,mt,md,size
Running /home/vaggelis/jc/MONTAGE.n.100.0.dax mt 500 md: 10000 size null
   6389008 788.24 || noQ Q (Avg,Max,Min) (5.20, 6.21, 3.23) (0.97, 0.28, 3.16) #fs:   6  -- #Conts: 21 H(21) 
   6391122 725.18 || noQ Q (Avg,Max,Min) (5.16, 6.24, 3.50) (1.17, 0.28, 5.96) #fs:   6  -- #Conts: 20 H(20) 
   6409823 693.65 || noQ Q (Avg,Max,Min) (5.14, 6.20, 3.44) (1.23, 0.28, 5.96) #fs:   6  -- #Conts: 19 H(19) 
   6453820 662.12 || noQ Q (Avg,Max,Min) (5.10, 6.26, 3.41) (1.17, 0.28, 3.44) #fs:   6  -- #Conts: 17 H(17) 
   6473879 630.59 || noQ Q (Avg,Max,Min) (5.07, 6.24, 3.39) (1.24, 0.28, 3.45) #fs:   6  -- #Conts: 16 H(16) 
   6483131 599.06 || noQ Q (Avg,Max,Min) (5.06, 6.21, 3.39) (1.33, 0.55, 3.44) #fs:   5  -- #Conts: 15 H(15) 
   6521587 567.53 || noQ Q (Avg,Max,Min) (5.00, 6.27, 3.36) (1.43, 0.56, 3.30) #fs:   6  -- #Conts: 14 H(14) 
   6522743 536.00 || noQ Q (Avg,Max,Min) (4.78, 5.63, 1.72) (1.49, 0.56, 4.94) #fs:   7  -- #Conts: 14 H(14) 
   6538619 504.47 || noQ Q (Avg,Max,Min) (4.80, 5.62, 1.68) (1.59, 0.84, 4.94) #fs:   7  -- #Conts: 13 H(13) 
   6687079 472.94 || noQ Q (Avg,Max,Min) (4.92, 5.64, 3.23) (1.69, 0.83, 4.85) #fs:   5  -- #Conts: 12 H(12) 
   6742778 441.41 || noQ Q (Avg,Max,Min) (4.98, 5.97, 3.41) (1.91, 1.11, 3.72) #fs:   6  -- #Conts: 10 H(10) 
   6811924 409.88 || noQ Q (Avg,Max,Min) (4.87, 5.61, 3.16) (2.02, 1.11, 4.85) #fs:   6  -- #Conts: 10 H(10) 
   6897983 378.35 || noQ Q (Avg,Max,Min) (4.74, 5.60, 3.36) (2.20, 1.11, 4.87) #fs:   6  -- #Conts: 9 H(9) 
   7072882 346.82 || noQ Q (Avg,Max,Min) (4.65, 5.61, 3.47) (2.48, 1.39, 4.99) #fs:   6  -- #Conts: 8 H(8) 
   7936085 331.06 || noQ Q (Avg,Max,Min) (3.01, 4.84, 1.67) (1.52, 0.93, 3.21) #fs:   9  -- #Conts: 16 G(16) 
   8004448 315.29 || noQ Q (Avg,Max,Min) (3.01, 4.77, 1.62) (1.62, 1.16, 3.21) #fs:   9  -- #Conts: 15 G(15) 
   8031073 299.53 || noQ Q (Avg,Max,Min) (2.98, 4.80, 2.04) (1.72, 1.25, 3.53) #fs:   9  -- #Conts: 14 G(14) 
   8230612 283.76 || noQ Q (Avg,Max,Min) (4.08, 4.99, 3.01) (3.57, 2.61, 4.26) #fs:   6  -- #Conts: 6 H(6) 
   8332998 268.00 || noQ Q (Avg,Max,Min) (2.90, 4.91, 1.83) (1.99, 1.47, 3.53) #fs:   9  -- #Conts: 12 G(12) 
   8952280 252.24 || noQ Q (Avg,Max,Min) (2.89, 4.15, 2.02) (2.09, 1.20, 3.44) #fs:   8  -- #Conts: 10 G(10) 
   8958682 236.47 || noQ Q (Avg,Max,Min) (3.04, 4.15, 2.02) (2.18, 1.79, 3.44) #fs:   7  -- #Conts: 10 G(10) 
   9241796 220.71 || noQ Q (Avg,Max,Min) (3.22, 3.69, 2.12) (2.39, 2.05, 3.15) #fs:   4  -- #Conts: 9 G(9) 
  11259735 216.94 || noQ Q (Avg,Max,Min) (1.88, 3.00, 1.43) (1.47, 1.07, 2.34) #fs:  14  -- #Conts: 14 G(1)  E(13) 
  11869142 214.59 || noQ Q (Avg,Max,Min) (1.83, 2.84, 1.33) (1.44, 1.00, 2.34) #fs:  14  -- #Conts: 14 E(14) 
  12544731 201.18 || noQ Q (Avg,Max,Min) (1.87, 2.87, 1.33) (1.55, 1.15, 2.50) #fs:  12  -- #Conts: 13 E(13) 
  13140953 194.47 || noQ Q (Avg,Max,Min) (1.90, 2.63, 1.33) (1.60, 1.15, 2.40) #fs:  11  -- #Conts: 13 E(13) 
  13155308 187.76 || noQ Q (Avg,Max,Min) (1.93, 2.62, 1.47) (1.65, 1.36, 2.40) #fs:  10  -- #Conts: 13 E(13) 
  16941439 182.94 || noQ Q (Avg,Max,Min) (1.74, 4.37, 1.24) (1.52, 1.12, 3.39) #fs:  10  -- #Conts: 26 E(3)  C(23) 
  17738436 181.41 || noQ Q (Avg,Max,Min) (1.74, 4.37, 1.19) (1.52, 0.95, 3.39) #fs:   8  -- #Conts: 26 E(1)  C(25) 
  18064740 177.53 || noQ Q (Avg,Max,Min) (1.73, 3.97, 1.24) (1.54, 1.12, 3.70) #fs:  10  -- #Conts: 26 E(2)  C(24) 
  18861737 176.00 || noQ Q (Avg,Max,Min) (1.73, 3.97, 1.19) (1.53, 0.95, 3.70) #fs:   8  -- #Conts: 26 C(26) 
  21267933 168.00 || noQ Q (Avg,Max,Min) (1.63, 2.33, 1.24) (1.50, 1.12, 1.96) #fs:   8  -- #Conts: 23 C(23) 
  63051938 167.00 || noQ Q (Avg,Max,Min) (1.17, 1.83, 1.00) (1.07, 0.94, 1.75) #fs:  15  -- #Conts: 35 A(35) 
  63115359 166.00 || noQ Q (Avg,Max,Min) (1.17, 1.82, 1.00) (1.08, 0.94, 1.75) #fs:  15  -- #Conts: 34 A(34) 
  63125971 165.00 || noQ Q (Avg,Max,Min) (1.16, 1.82, 1.00) (1.09, 0.94, 1.75) #fs:  15  -- #Conts: 33 A(33) 
  68356893 163.00 || noQ Q (Avg,Max,Min) (1.15, 1.75, 1.00) (1.11, 0.94, 1.58) #fs:  15  -- #Conts: 30 A(30) 
/////////////////size: 36
   6594046 1150.00 || noQ Q (Avg,Max,Min) (2.94, 5.68, 1.00) (0.59, 0.28, 3.12) #fs:  23  -- #Conts: 60 H(24)  G(12)  E(20)  C(4) 
   6594228 1118.47 || noQ Q (Avg,Max,Min) (2.95, 6.10, 1.00) (0.64, 0.28, 5.96) #fs:  23  -- #Conts: 60 H(24)  G(12)  E(20)  C(4) 
   6672206 1111.76 || noQ Q (Avg,Max,Min) (2.95, 5.96, 1.00) (0.65, 0.28, 5.96) #fs:  23  -- #Conts: 59 H(24)  G(12)  E(19)  C(4) 
   6696719 1096.00 || noQ Q (Avg,Max,Min) (2.85, 5.92, 1.00) (0.60, 0.28, 2.98) #fs:  23  -- #Conts: 59 H(21)  G(15)  E(19)  C(4) 
   6698308 1089.29 || noQ Q (Avg,Max,Min) (2.86, 5.92, 1.00) (0.61, 0.28, 2.98) #fs:  23  -- #Conts: 58 H(21)  G(15)  E(18)  C(4) 
   6711557 1044.35 || noQ Q (Avg,Max,Min) (2.81, 5.90, 1.00) (0.63, 0.28, 2.98) #fs:  23  -- #Conts: 56 H(19)  G(17)  E(16)  C(4) 
   6712388 1021.88 || noQ Q (Avg,Max,Min) (2.79, 5.90, 1.00) (0.64, 0.28, 2.98) #fs:  23  -- #Conts: 55 H(18)  G(18)  E(15)  C(4) 
   6712669 927.29 || noQ Q (Avg,Max,Min) (2.62, 5.90, 1.00) (0.68, 0.28, 2.98) #fs:  23  -- #Conts: 52 H(15)  G(18)  E(15)  C(4) 
   6714736 861.88 || noQ Q (Avg,Max,Min) (2.46, 5.89, 1.00) (0.69, 0.28, 2.98) #fs:  23  -- #Conts: 51 H(13)  G(17)  E(17)  C(4) 
   6719699 846.12 || noQ Q (Avg,Max,Min) (2.43, 5.89, 1.00) (0.69, 0.31, 2.98) #fs:  23  -- #Conts: 51 H(12)  G(18)  E(17)  C(4) 
   6723219 809.88 || noQ Q (Avg,Max,Min) (3.21, 9.97, 1.04) (0.58, 0.31, 2.98) #fs:  18  -- #Conts: 53 H(5)  G(27)  E(17)  C(4) 
   6741476 794.12 || noQ Q (Avg,Max,Min) (3.21, 9.97, 1.04) (0.59, 0.31, 3.16) #fs:  18  -- #Conts: 52 H(5)  G(26)  E(17)  C(4) 
   6741607 785.06 || noQ Q (Avg,Max,Min) (3.18, 9.97, 1.04) (0.59, 0.31, 3.12) #fs:  18  -- #Conts: 52 H(5)  G(25)  E(18)  C(4) 
   6788124 759.88 || noQ Q (Avg,Max,Min) (2.98, 9.97, 1.03) (0.58, 0.31, 3.12) #fs:  18  -- #Conts: 55 H(5)  G(20)  E(26)  C(4) 
   6854113 712.59 || noQ Q (Avg,Max,Min) (2.72, 9.87, 1.03) (0.64, 0.31, 5.43) #fs:  20  -- #Conts: 54 H(4)  G(20)  E(26)  C(4) 
   6900586 712.24 || noQ Q (Avg,Max,Min) (2.89, 9.97, 1.01) (0.67, 0.31, 5.43) #fs:  20  -- #Conts: 53 H(5)  G(20)  E(23)  C(5) 
   6901937 703.18 || noQ Q (Avg,Max,Min) (2.86, 9.97, 1.01) (0.67, 0.31, 5.43) #fs:  20  -- #Conts: 53 H(5)  G(19)  E(24)  C(5) 
   6907252 696.82 || noQ Q (Avg,Max,Min) (2.71, 9.87, 1.03) (0.65, 0.31, 5.43) #fs:  20  -- #Conts: 54 H(4)  G(20)  E(26)  C(4) 
   6912335 665.29 || noQ Q (Avg,Max,Min) (2.53, 8.51, 1.03) (0.67, 0.31, 5.43) #fs:  21  -- #Conts: 53 H(3)  G(20)  E(26)  C(4) 
   6913025 649.53 || noQ Q (Avg,Max,Min) (2.35, 5.85, 1.03) (0.66, 0.31, 3.12) #fs:  23  -- #Conts: 52 H(2)  G(20)  E(26)  C(4) 
   7013547 612.94 || noQ Q (Avg,Max,Min) (2.73, 9.97, 0.99) (0.70, 0.31, 3.26) #fs:  20  -- #Conts: 47 H(5)  G(13)  E(11)  C(18) 
   7014103 599.88 || noQ Q (Avg,Max,Min) (2.72, 9.97, 0.99) (0.71, 0.31, 3.26) #fs:  20  -- #Conts: 46 H(5)  G(12)  E(12)  C(17) 
   7014756 581.41 || noQ Q (Avg,Max,Min) (2.65, 9.97, 0.99) (0.77, 0.31, 5.68) #fs:  20  -- #Conts: 47 H(5)  G(13)  E(11)  C(18) 
   7015312 568.35 || noQ Q (Avg,Max,Min) (2.64, 9.97, 0.99) (0.78, 0.31, 5.68) #fs:  20  -- #Conts: 46 H(5)  G(12)  E(12)  C(17) 
   7018667 553.88 || noQ Q (Avg,Max,Min) (2.58, 9.97, 0.99) (0.79, 0.42, 5.68) #fs:  20  -- #Conts: 46 H(5)  G(11)  E(11)  C(19) 
   7077870 551.53 || noQ Q (Avg,Max,Min) (2.54, 9.97, 0.97) (0.78, 0.42, 5.68) #fs:  20  -- #Conts: 47 H(5)  G(10)  E(13)  C(19) 
   7098687 530.00 || noQ Q (Avg,Max,Min) (2.38, 9.97, 0.92) (0.75, 0.42, 5.68) #fs:  20  -- #Conts: 50 H(5)  G(6)  E(18)  C(21) 
   7104602 511.88 || noQ Q (Avg,Max,Min) (2.34, 9.97, 0.92) (0.75, 0.42, 5.68) #fs:  20  -- #Conts: 50 H(5)  G(4)  E(20)  C(21) 
   7198095 502.47 || noQ Q (Avg,Max,Min) (2.34, 9.97, 0.92) (0.77, 0.42, 5.68) #fs:  20  -- #Conts: 48 H(5)  G(4)  E(18)  C(21) 
   7215632 498.47 || noQ Q (Avg,Max,Min) (2.18, 9.87, 0.92) (0.76, 0.42, 5.68) #fs:  21  -- #Conts: 49 H(4)  G(6)  E(18)  C(21) 
   7220715 466.94 || noQ Q (Avg,Max,Min) (1.98, 8.90, 0.92) (0.78, 0.42, 5.68) #fs:  22  -- #Conts: 48 H(3)  G(6)  E(18)  C(21) 
   7272518 451.18 || noQ Q (Avg,Max,Min) (1.85, 6.01, 0.92) (0.76, 0.42, 3.51) #fs:  23  -- #Conts: 47 H(2)  G(6)  E(18)  C(21) 
   7278433 448.82 || noQ Q (Avg,Max,Min) (1.87, 6.24, 0.92) (0.73, 0.42, 3.64) #fs:  22  -- #Conts: 47 H(2)  G(4)  E(20)  C(21) 
   7369676 433.06 || noQ Q (Avg,Max,Min) (1.86, 5.45, 0.92) (0.75, 0.42, 3.71) #fs:  23  -- #Conts: 47 H(2)  G(4)  E(20)  C(21) 
   7576905 413.88 || noQ Q (Avg,Max,Min) (1.80, 5.43, 0.92) (0.80, 0.42, 3.85) #fs:  23  -- #Conts: 42 H(2)  G(4)  E(13)  C(23) 
   7581237 411.18 || noQ Q (Avg,Max,Min) (1.79, 5.42, 0.92) (0.80, 0.42, 3.85) #fs:  23  -- #Conts: 42 H(2)  G(4)  E(12)  C(24) 
   7586874 404.47 || noQ Q (Avg,Max,Min) (1.79, 5.42, 0.92) (0.82, 0.42, 3.85) #fs:  23  -- #Conts: 41 H(2)  G(4)  E(11)  C(24) 
   7774277 386.35 || noQ Q (Avg,Max,Min) (1.79, 3.86, 0.92) (0.80, 0.42, 2.78) #fs:  22  -- #Conts: 43 H(2)  G(4)  E(13)  C(24) 
   7797109 382.35 || noQ Q (Avg,Max,Min) (1.80, 3.85, 0.92) (0.81, 0.42, 2.78) #fs:  22  -- #Conts: 42 H(2)  G(4)  E(13)  C(23) 
   7801441 379.65 || noQ Q (Avg,Max,Min) (1.79, 3.85, 0.92) (0.82, 0.42, 2.78) #fs:  22  -- #Conts: 42 H(2)  G(4)  E(12)  C(24) 
   7807078 372.94 || noQ Q (Avg,Max,Min) (1.79, 3.85, 0.92) (0.83, 0.42, 2.78) #fs:  22  -- #Conts: 41 H(2)  G(4)  E(11)  C(24) 
   7923876 366.24 || noQ Q (Avg,Max,Min) (1.77, 3.79, 0.91) (0.85, 0.42, 3.03) #fs:  21  -- #Conts: 40 H(2)  G(4)  E(10)  C(24) 
   7941285 362.24 || noQ Q (Avg,Max,Min) (1.78, 3.85, 0.90) (0.87, 0.42, 2.94) #fs:  22  -- #Conts: 39 H(2)  G(4)  E(10)  C(23) 
   7943131 359.53 || noQ Q (Avg,Max,Min) (1.76, 3.78, 0.90) (0.87, 0.42, 3.04) #fs:  22  -- #Conts: 39 H(2)  G(4)  E(9)  C(24) 
   7948455 352.82 || noQ Q (Avg,Max,Min) (1.75, 3.84, 0.90) (0.89, 0.42, 2.95) #fs:  22  -- #Conts: 38 H(2)  G(4)  E(8)  C(24) 
   8107343 346.12 || noQ Q (Avg,Max,Min) (1.76, 4.23, 0.92) (0.93, 0.42, 3.44) #fs:  22  -- #Conts: 38 H(2)  G(4)  E(8)  C(24) 
   8109409 339.41 || noQ Q (Avg,Max,Min) (1.80, 5.19, 0.92) (0.96, 0.42, 3.63) #fs:  21  -- #Conts: 38 H(2)  G(4)  E(8)  C(24) 
   8151106 320.59 || noQ Q (Avg,Max,Min) (1.79, 6.61, 0.92) (1.01, 0.55, 4.66) #fs:  18  -- #Conts: 38 H(2)  G(4)  E(6)  C(26) 
   8158839 316.59 || noQ Q (Avg,Max,Min) (1.80, 6.80, 0.92) (1.03, 0.55, 4.80) #fs:  18  -- #Conts: 37 H(2)  G(4)  E(6)  C(25) 
   8426661 315.53 || noQ Q (Avg,Max,Min) (1.78, 5.10, 0.92) (1.00, 0.55, 3.81) #fs:  19  -- #Conts: 38 H(2)  G(4)  E(6)  C(26) 
   8443167 314.24 || noQ Q (Avg,Max,Min) (1.87, 5.08, 0.92) (1.01, 0.55, 3.81) #fs:  18  -- #Conts: 39 H(2)  G(4)  E(8)  C(25) 
   8465492 311.53 || noQ Q (Avg,Max,Min) (1.80, 5.06, 0.92) (1.02, 0.55, 3.81) #fs:  18  -- #Conts: 38 H(2)  G(4)  E(6)  C(26) 
   8473563 307.53 || noQ Q (Avg,Max,Min) (1.84, 5.06, 0.92) (1.03, 0.55, 3.92) #fs:  18  -- #Conts: 38 H(2)  G(4)  E(7)  C(25) 
   8662595 298.12 || noQ Q (Avg,Max,Min) (1.75, 4.18, 0.79) (1.29, 0.55, 3.49) #fs:  24  -- #Conts: 23 H(2)  G(4)  E(6)  C(11) 
   8744140 296.47 || noQ Q (Avg,Max,Min) (4.18, 57.37, 0.92) (1.52, 0.56, 4.94) #fs:  20  -- #Conts: 23 H(3)  G(4)  E(6)  C(10) 
   8886890 280.71 || noQ Q (Avg,Max,Min) (1.84, 4.89, 0.79) (1.43, 0.56, 4.25) #fs:  22  -- #Conts: 22 H(2)  G(4)  E(6)  C(10) 
   8958530 271.65 || noQ Q (Avg,Max,Min) (1.86, 4.83, 0.79) (1.46, 0.56, 4.25) #fs:  22  -- #Conts: 22 H(2)  G(4)  E(6)  C(10) 
   8964344 264.94 || noQ Q (Avg,Max,Min) (1.90, 4.83, 0.92) (1.48, 0.56, 4.25) #fs:  20  -- #Conts: 22 H(2)  G(4)  E(6)  C(10) 
   9812675 262.59 || noQ Q (Avg,Max,Min) (1.84, 4.41, 0.79) (1.46, 0.56, 4.25) #fs:  22  -- #Conts: 22 H(2)  G(4)  E(6)  C(10) 
   9822479 255.88 || noQ Q (Avg,Max,Min) (1.87, 4.41, 0.92) (1.49, 0.56, 4.25) #fs:  20  -- #Conts: 22 H(2)  G(4)  E(6)  C(10) 
  10967698 244.24 || noQ Q (Avg,Max,Min) (3.17, 27.71, 1.04) (1.51, 0.77, 5.27) #fs:  19  -- #Conts: 21 H(1)  G(4)  E(4)  C(12) 
  10979917 242.82 || noQ Q (Avg,Max,Min) (3.07, 27.71, 1.04) (1.44, 0.77, 5.27) #fs:  18  -- #Conts: 24 H(1)  G(4)  E(4)  C(15) 
  10998533 240.12 || noQ Q (Avg,Max,Min) (2.97, 27.71, 1.04) (1.37, 0.77, 5.27) #fs:  14  -- #Conts: 28 H(1)  G(4)  E(4)  C(19) 
  11172829 238.82 || noQ Q (Avg,Max,Min) (3.37, 33.89, 1.04) (1.47, 0.77, 5.11) #fs:  19  -- #Conts: 23 H(1)  G(4)  E(4)  C(14) 
  11823659 237.88 || noQ Q (Avg,Max,Min) (2.06, 5.13, 1.04) (1.38, 0.64, 5.11) #fs:  20  -- #Conts: 20 H(1)  G(3)  E(5)  C(11) 
  11825950 235.18 || noQ Q (Avg,Max,Min) (2.02, 5.13, 1.04) (1.38, 0.77, 5.11) #fs:  20  -- #Conts: 20 H(1)  G(3)  E(4)  C(12) 
  11838825 229.76 || noQ Q (Avg,Max,Min) (2.05, 5.13, 1.04) (1.35, 0.77, 5.11) #fs:  19  -- #Conts: 22 H(1)  G(3)  E(4)  C(14) 
  12010173 216.71 || noQ Q (Avg,Max,Min) (1.72, 6.22, 0.94) (1.35, 0.85, 4.00) #fs:  15  -- #Conts: 27 G(2)  E(2)  C(23) 
  12200831 215.41 || noQ Q (Avg,Max,Min) (1.74, 5.98, 0.94) (1.36, 0.85, 4.00) #fs:  14  -- #Conts: 27 G(2)  E(2)  C(23) 
  12402721 207.41 || noQ Q (Avg,Max,Min) (2.62, 27.71, 0.94) (1.48, 0.85, 5.27) #fs:  11  -- #Conts: 28 G(3)  E(2)  C(23) 
  12416585 203.41 || noQ Q (Avg,Max,Min) (2.64, 27.71, 0.94) (1.50, 0.85, 5.27) #fs:  10  -- #Conts: 28 G(3)  E(2)  C(23) 
  12423350 199.41 || noQ Q (Avg,Max,Min) (1.81, 6.09, 0.94) (1.42, 0.85, 4.27) #fs:  10  -- #Conts: 27 G(2)  E(2)  C(23) 
  12428349 192.71 || noQ Q (Avg,Max,Min) (1.83, 6.46, 0.94) (1.45, 0.85, 4.53) #fs:   9  -- #Conts: 27 G(2)  E(2)  C(23) 
  12849855 188.71 || noQ Q (Avg,Max,Min) (1.82, 6.45, 1.10) (1.53, 0.95, 4.53) #fs:  10  -- #Conts: 25 G(2)  E(2)  C(21) 
  13528623 187.65 || noQ Q (Avg,Max,Min) (2.12, 12.84, 0.94) (1.54, 0.85, 5.51) #fs:   9  -- #Conts: 28 G(2)  E(3)  C(23) 
  13834712 183.65 || noQ Q (Avg,Max,Min) (2.14, 12.84, 0.94) (1.57, 0.85, 5.51) #fs:   8  -- #Conts: 28 G(2)  E(3)  C(23) 
  14250032 179.65 || noQ Q (Avg,Max,Min) (2.16, 12.84, 1.10) (1.65, 0.95, 5.51) #fs:   9  -- #Conts: 26 G(2)  E(3)  C(21) 
  16010719 173.65 || noQ Q (Avg,Max,Min) (2.80, 27.71, 1.15) (1.70, 0.77, 5.27) #fs:   2  -- #Conts: 28 G(2)  A(1)  E(3)  C(22) 
  16869627 164.59 || noQ Q (Avg,Max,Min) (1.94, 4.81, 1.15) (1.63, 0.77, 3.71) #fs:   3  -- #Conts: 27 G(1)  A(1)  E(3)  C(22) 
  16880264 160.59 || noQ Q (Avg,Max,Min) (1.94, 5.21, 1.15) (1.68, 0.84, 4.03) #fs:   3  -- #Conts: 26 G(1)  A(1)  E(3)  C(21) 
  18378854 157.88 || noQ Q (Avg,Max,Min) (1.92, 3.76, 1.15) (1.70, 0.84, 3.69) #fs:   3  -- #Conts: 26 G(1)  A(1)  E(3)  C(21) 
  22060478 156.88 || noQ Q (Avg,Max,Min) (2.10, 9.44, 1.15) (1.76, 0.84, 5.43) #fs:   2  -- #Conts: 27 G(1)  A(2)  E(3)  C(21) 
  26329157 151.88 || noQ Q (Avg,Max,Min) (1.90, 7.85, 1.15) (1.74, 0.84, 5.82) #fs:   2  -- #Conts: 27 G(1)  A(6)  E(3)  C(17) 
/////////////////size: 83
nodes 100 edges 234
 mulT: 500 mulD: 10000  sumData GB 18485
pareto /MONTAGE.n.100.0.dax time -> 12487.0
moheft /MONTAGE.n.100.0.dax time -> 19926.0
distance from M to C 8.00584835145115
distance from P to C 14.029373022905753
distance from C to M 14.279562757317303
distance from C to P 2.6350571945763495
toCompare: /MONTAGE.n.100.0.dax sumDataGB: 18485 mulT: 500 mulD: 10000 paretoOptTime_MS: 12487.0 MoheftOptimizationTime_MS: 19926.0 MtoC 8.00584835145115 PtoC 14.029373022905753 CtoM 14.279562757317303 CtoP 2.6350571945763495
