specify -Dflow d,b,mt,md,size
Running /home/vaggelis/jc/CYBERSHAKE.n.100.0.dax mt 100 md: 10000 size null
   3868818 126.12 || noQ Q (Avg,Max,Min) (10.60, 17.35, 0.32) (8.33, 0.04, 17.34) #fs:   2  -- #Conts: 3 H(3) 
   3870505 110.35 || noQ Q (Avg,Max,Min) (10.65, 17.35, 0.46) (8.33, 0.06, 17.34) #fs:   2  -- #Conts: 3 H(2)  G(1) 
   3952165 094.59 || noQ Q (Avg,Max,Min) (15.61, 17.35, 10.00) (12.48, 7.62, 17.34) #fs:   0  -- #Conts: 2 H(2) 
   6630459 078.82 || noQ Q (Avg,Max,Min) (6.59, 9.83, 1.27) (5.68, 0.00, 9.05) #fs:   2  -- #Conts: 3 G(3) 
   6638965 063.06 || noQ Q (Avg,Max,Min) (9.24, 9.83, 8.66) (8.51, 7.98, 9.05) #fs:   2  -- #Conts: 2 G(2) 
  14981291 060.35 || noQ Q (Avg,Max,Min) (4.73, 5.08, 4.39) (4.36, 3.66, 5.07) #fs:   1  -- #Conts: 2 E(2) 
  25853595 060.00 || noQ Q (Avg,Max,Min) (3.16, 3.35, 2.97) (2.99, 2.66, 3.31) #fs:   1  -- #Conts: 2 C(2) 
/////////////////size: 7
   7386651 138.12 || noQ Q (Avg,Max,Min) (2.28, 15.84, 0.24) (1.20, 0.00, 10.83) #fs:  10  -- #Conts: 10 H(2)  A(7)  C(1) 
   7388194 122.35 || noQ Q (Avg,Max,Min) (2.24, 15.84, 0.24) (1.20, 0.00, 10.83) #fs:  10  -- #Conts: 10 H(1)  A(7)  G(1)  C(1) 
   7388274 106.59 || noQ Q (Avg,Max,Min) (2.31, 15.83, 0.24) (1.33, 0.02, 10.83) #fs:  10  -- #Conts: 9 H(1)  A(7)  C(1) 
   7390908 103.59 || noQ Q (Avg,Max,Min) (2.45, 15.83, 0.27) (1.48, 0.04, 10.83) #fs:  10  -- #Conts: 8 H(1)  A(7) 
   7396750 102.59 || noQ Q (Avg,Max,Min) (2.45, 15.82, 0.24) (1.50, 0.04, 10.83) #fs:  10  -- #Conts: 8 H(1)  A(7) 
   7422516 101.59 || noQ Q (Avg,Max,Min) (2.76, 15.77, 0.27) (1.68, 0.04, 10.84) #fs:   7  -- #Conts: 7 H(1)  A(6) 
   7425352 100.59 || noQ Q (Avg,Max,Min) (2.76, 15.76, 0.27) (1.70, 0.04, 10.84) #fs:   7  -- #Conts: 7 H(1)  A(6) 
   7442505 099.59 || noQ Q (Avg,Max,Min) (3.12, 15.73, 0.29) (1.96, 0.06, 10.84) #fs:   6  -- #Conts: 6 H(1)  A(5) 
   7462360 098.59 || noQ Q (Avg,Max,Min) (3.53, 15.69, 0.29) (2.32, 0.06, 10.84) #fs:   6  -- #Conts: 5 H(1)  A(4) 
   7485624 097.59 || noQ Q (Avg,Max,Min) (4.31, 15.64, 0.29) (2.85, 0.06, 10.84) #fs:   5  -- #Conts: 4 H(1)  A(3) 
   7492918 096.59 || noQ Q (Avg,Max,Min) (5.41, 15.63, 0.29) (3.78, 0.20, 10.84) #fs:   5  -- #Conts: 3 H(1)  A(2) 
   7527155 095.59 || noQ Q (Avg,Max,Min) (7.93, 15.56, 0.31) (5.52, 0.20, 10.85) #fs:   2  -- #Conts: 2 H(1)  A(1) 
   7551175 094.59 || noQ Q (Avg,Max,Min) (15.51, 15.51, 10.00) (10.85, 10.00, 10.85) #fs:   0  -- #Conts: 1 H(1) 
 118142319 088.53 || noQ Q (Avg,Max,Min) (114.47, 426.66, 1.27) (10.68, 0.00, 16.35) #fs:   0  -- #Conts: 4 H(1)  G(1)  A(1)  E(1) 
 118145382 081.82 || noQ Q (Avg,Max,Min) (148.49, 415.55, 10.00) (14.24, 10.00, 16.35) #fs:   0  -- #Conts: 3 H(1)  G(1)  A(1) 
 118194225 080.82 || noQ Q (Avg,Max,Min) (113.62, 309.42, 10.00) (15.90, 10.00, 16.37) #fs:   0  -- #Conts: 3 H(1)  G(1)  A(1) 
 118314839 076.76 || noQ Q (Avg,Max,Min) (55.21, 189.75, 1.16) (10.69, 0.00, 16.40) #fs:   0  -- #Conts: 4 H(1)  A(1)  E(1)  C(1) 
 118323191 072.76 || noQ Q (Avg,Max,Min) (71.59, 184.83, 10.00) (14.26, 10.00, 16.40) #fs:   0  -- #Conts: 3 H(1)  A(1)  E(1) 
 118433338 071.76 || noQ Q (Avg,Max,Min) (56.40, 137.77, 10.00) (15.92, 10.00, 16.44) #fs:   0  -- #Conts: 3 H(1)  A(1)  E(1) 
 118555736 070.06 || noQ Q (Avg,Max,Min) (45.77, 107.39, 10.00) (14.28, 10.00, 16.47) #fs:   0  -- #Conts: 3 H(1)  A(1)  C(1) 
 118746053 069.06 || noQ Q (Avg,Max,Min) (37.19, 80.15, 10.00) (15.95, 10.00, 16.53) #fs:   0  -- #Conts: 3 H(1)  A(1)  C(1) 
 119548131 068.06 || noQ Q (Avg,Max,Min) (34.43, 71.94, 10.00) (20.73, 10.00, 30.86) #fs:   0  -- #Conts: 3 H(1)  A(1)  C(1) 
 120359000 067.06 || noQ Q (Avg,Max,Min) (42.65, 69.08, 10.00) (30.71, 10.00, 45.20) #fs:   0  -- #Conts: 2 H(1)  C(1) 
 121295732 066.06 || noQ Q (Avg,Max,Min) (16.76, 18.85, 10.00) (16.19, 10.00, 17.24) #fs:   0  -- #Conts: 3 H(1)  A(2) 
 121412618 065.29 || noQ Q (Avg,Max,Min) (64.39, 286.87, 10.00) (60.23, 10.00, 271.64) #fs:   1  -- #Conts: 6 H(1)  A(4)  G(1) 
 121556233 064.29 || noQ Q (Avg,Max,Min) (65.21, 291.84, 10.00) (62.89, 10.00, 288.00) #fs:   1  -- #Conts: 6 H(1)  A(4)  G(1) 
 121873797 061.47 || noQ Q (Avg,Max,Min) (36.94, 95.58, 10.00) (34.31, 10.00, 92.21) #fs:   1  -- #Conts: 14 G(1)  A(8)  E(1)  C(4) 
 121914789 060.47 || noQ Q (Avg,Max,Min) (37.61, 94.53, 10.00) (35.50, 10.00, 92.22) #fs:   1  -- #Conts: 14 G(1)  A(8)  E(1)  C(4) 
/////////////////size: 28
nodes 100 edges 192
 mulT: 100 mulD: 10000  sumData GB 975992
pareto /CYBERSHAKE.n.100.0.dax time -> 513.0
moheft /CYBERSHAKE.n.100.0.dax time -> 852.0
distance from M to C 3.0712008143179435
distance from P to C 0.0
distance from C to M 4.213324816505588
distance from C to P 0.0
toCompare: /CYBERSHAKE.n.100.0.dax sumDataGB: 975992 mulT: 100 mulD: 10000 paretoOptTime_MS: 513.0 MoheftOptimizationTime_MS: 852.0 MtoC 3.0712008143179435 PtoC 0.0 CtoM 4.213324816505588 CtoP 0.0
