specify -Dflow d,b,mt,md,size
Running /home/vaggelis/jc/MONTAGE.n.100.0.dax mt 500 md: 5000 size null
   3989843 1103.53 || noQ Q (Avg,Max,Min) (2.96, 4.85, 1.37) (0.52, 0.16, 3.09) #fs:  10  -- #Conts: 35 H(35) 
   4028711 1072.00 || noQ Q (Avg,Max,Min) (2.92, 4.78, 1.37) (0.54, 0.16, 3.09) #fs:   9  -- #Conts: 34 H(34) 
   4043283 1040.47 || noQ Q (Avg,Max,Min) (2.91, 4.75, 1.36) (0.56, 0.16, 3.09) #fs:  10  -- #Conts: 33 H(33) 
   4059096 1008.94 || noQ Q (Avg,Max,Min) (2.90, 4.72, 1.34) (0.57, 0.16, 3.09) #fs:   9  -- #Conts: 32 H(32) 
   4084911 977.41 || noQ Q (Avg,Max,Min) (2.90, 4.68, 1.32) (0.59, 0.16, 3.09) #fs:   9  -- #Conts: 31 H(31) 
   4093616 945.88 || noQ Q (Avg,Max,Min) (2.89, 4.65, 1.30) (0.61, 0.16, 3.09) #fs:  10  -- #Conts: 30 H(30) 
   4104580 914.35 || noQ Q (Avg,Max,Min) (2.87, 4.63, 1.29) (0.63, 0.16, 3.09) #fs:  10  -- #Conts: 29 H(29) 
   4110485 835.53 || noQ Q (Avg,Max,Min) (2.84, 4.60, 1.29) (0.68, 0.16, 3.08) #fs:   9  -- #Conts: 27 H(26)  G(1) 
   4111196 804.00 || noQ Q (Avg,Max,Min) (2.82, 4.60, 1.30) (0.71, 0.16, 3.08) #fs:   9  -- #Conts: 26 H(25)  G(1) 
   4134350 772.47 || noQ Q (Avg,Max,Min) (2.79, 4.58, 1.27) (0.74, 0.16, 3.09) #fs:   8  -- #Conts: 25 H(24)  G(1) 
   4144987 740.94 || noQ Q (Avg,Max,Min) (2.79, 4.56, 1.26) (0.77, 0.16, 3.09) #fs:   9  -- #Conts: 24 H(23)  G(1) 
   4153352 709.41 || noQ Q (Avg,Max,Min) (2.78, 4.54, 1.26) (0.80, 0.16, 3.09) #fs:   9  -- #Conts: 23 H(22)  G(1) 
   4159129 677.88 || noQ Q (Avg,Max,Min) (2.76, 4.53, 1.24) (0.84, 0.17, 3.09) #fs:   9  -- #Conts: 22 H(21)  G(1) 
   4161085 646.35 || noQ Q (Avg,Max,Min) (2.74, 4.52, 1.25) (0.88, 0.33, 3.09) #fs:   9  -- #Conts: 21 H(20)  G(1) 
   4162886 614.82 || noQ Q (Avg,Max,Min) (2.74, 4.53, 1.25) (0.92, 0.33, 3.09) #fs:   9  -- #Conts: 20 H(19)  G(1) 
   4164911 583.29 || noQ Q (Avg,Max,Min) (2.72, 4.74, 1.25) (0.97, 0.40, 3.25) #fs:   9  -- #Conts: 19 H(18)  G(1) 
   4212712 567.53 || noQ Q (Avg,Max,Min) (2.70, 4.68, 1.65) (1.02, 0.49, 3.25) #fs:   9  -- #Conts: 18 H(18) 
   4267561 536.00 || noQ Q (Avg,Max,Min) (2.69, 4.58, 1.58) (1.07, 0.49, 3.25) #fs:   9  -- #Conts: 17 H(17) 
   4288429 504.47 || noQ Q (Avg,Max,Min) (2.67, 4.54, 1.56) (1.15, 0.49, 3.25) #fs:  10  -- #Conts: 16 H(16) 
   4333798 472.94 || noQ Q (Avg,Max,Min) (2.64, 4.30, 1.51) (1.22, 0.49, 3.41) #fs:  10  -- #Conts: 15 H(15) 
   4343430 441.41 || noQ Q (Avg,Max,Min) (2.69, 4.66, 1.09) (1.31, 0.44, 3.41) #fs:  10  -- #Conts: 14 H(14) 
   4393168 409.88 || noQ Q (Avg,Max,Min) (2.60, 4.40, 1.85) (1.41, 0.65, 3.58) #fs:   9  -- #Conts: 13 H(13) 
   4445822 378.35 || noQ Q (Avg,Max,Min) (2.58, 4.35, 1.88) (1.51, 0.66, 3.58) #fs:   9  -- #Conts: 12 H(12) 
   4517757 346.82 || noQ Q (Avg,Max,Min) (2.58, 4.43, 1.80) (1.67, 0.66, 3.75) #fs:  10  -- #Conts: 11 H(11) 
   4583750 315.29 || noQ Q (Avg,Max,Min) (2.56, 4.33, 2.04) (1.82, 0.82, 3.75) #fs:  10  -- #Conts: 10 H(10) 
   4697608 283.76 || noQ Q (Avg,Max,Min) (2.53, 4.07, 2.11) (2.01, 0.82, 3.90) #fs:  10  -- #Conts: 9 H(9) 
   4811356 252.24 || noQ Q (Avg,Max,Min) (2.53, 4.11, 1.74) (2.24, 1.26, 4.07) #fs:   9  -- #Conts: 8 H(8) 
   6427900 236.47 || noQ Q (Avg,Max,Min) (1.82, 3.07, 1.48) (1.47, 1.01, 2.74) #fs:  11  -- #Conts: 10 G(10) 
   6825696 220.71 || noQ Q (Avg,Max,Min) (1.96, 3.03, 1.69) (1.64, 1.26, 2.37) #fs:   9  -- #Conts: 9 G(9) 
   6924247 189.18 || noQ Q (Avg,Max,Min) (3.09, 4.19, 2.59) (2.97, 2.39, 4.03) #fs:   2  -- #Conts: 5 H(5) 
  11872095 187.76 || noQ Q (Avg,Max,Min) (1.34, 2.05, 1.13) (1.18, 1.02, 1.69) #fs:  12  -- #Conts: 12 E(12) 
  12722468 174.35 || noQ Q (Avg,Max,Min) (1.35, 1.97, 1.13) (1.24, 1.02, 1.74) #fs:  12  -- #Conts: 12 E(12) 
  45290914 174.00 || noQ Q (Avg,Max,Min) (1.08, 1.50, 0.75) (0.95, 0.74, 1.26) #fs:  17  -- #Conts: 46 A(46) 
  45332288 173.00 || noQ Q (Avg,Max,Min) (1.08, 1.51, 0.76) (0.96, 0.76, 1.26) #fs:  17  -- #Conts: 45 A(45) 
  45378451 172.00 || noQ Q (Avg,Max,Min) (1.09, 1.50, 1.02) (0.96, 0.84, 1.26) #fs:  16  -- #Conts: 46 A(46) 
  50360685 171.00 || noQ Q (Avg,Max,Min) (1.10, 1.64, 1.01) (0.96, 0.57, 1.26) #fs:  15  -- #Conts: 43 A(42)  C(1) 
  50388919 170.00 || noQ Q (Avg,Max,Min) (1.09, 1.50, 1.01) (0.96, 0.84, 1.26) #fs:  16  -- #Conts: 43 A(43) 
  50406848 169.00 || noQ Q (Avg,Max,Min) (1.09, 1.50, 1.01) (0.96, 0.84, 1.26) #fs:  15  -- #Conts: 43 A(43) 
  55708381 167.00 || noQ Q (Avg,Max,Min) (1.09, 1.50, 1.01) (0.97, 0.84, 1.26) #fs:  16  -- #Conts: 43 A(43) 
  55839976 166.00 || noQ Q (Avg,Max,Min) (1.10, 1.50, 1.00) (0.95, 0.84, 1.26) #fs:  15  -- #Conts: 36 A(36) 
  60904301 165.00 || noQ Q (Avg,Max,Min) (1.10, 1.66, 1.00) (0.97, 0.86, 1.32) #fs:  15  -- #Conts: 33 A(32)  C(1) 
  60927070 164.00 || noQ Q (Avg,Max,Min) (1.09, 1.43, 1.00) (0.97, 0.86, 1.32) #fs:  15  -- #Conts: 33 A(33) 
  61032882 163.00 || noQ Q (Avg,Max,Min) (1.09, 1.43, 1.00) (0.99, 0.86, 1.32) #fs:  15  -- #Conts: 32 A(32) 
  61094593 162.00 || noQ Q (Avg,Max,Min) (1.08, 1.43, 1.00) (1.00, 0.86, 1.32) #fs:  15  -- #Conts: 31 A(31) 
  61107399 161.00 || noQ Q (Avg,Max,Min) (1.08, 1.43, 1.00) (1.01, 0.86, 1.32) #fs:  15  -- #Conts: 30 A(30) 
  65936931 160.00 || noQ Q (Avg,Max,Min) (1.07, 1.21, 1.00) (1.02, 0.87, 1.16) #fs:  14  -- #Conts: 28 A(28) 
  66421757 158.00 || noQ Q (Avg,Max,Min) (1.07, 1.39, 1.00) (1.04, 0.89, 1.38) #fs:  14  -- #Conts: 27 A(27) 
/////////////////size: 47
   4570915 1150.00 || noQ Q (Avg,Max,Min) (1.98, 5.02, 1.00) (0.42, 0.16, 3.17) #fs:  24  -- #Conts: 62 H(26)  G(11)  E(21)  C(4) 
   4653204 1143.29 || noQ Q (Avg,Max,Min) (1.95, 4.03, 1.00) (0.43, 0.16, 3.34) #fs:  24  -- #Conts: 61 H(26)  G(11)  E(20)  C(4) 
   4675238 1096.00 || noQ Q (Avg,Max,Min) (1.90, 4.00, 1.00) (0.43, 0.16, 3.34) #fs:  24  -- #Conts: 61 H(23)  G(14)  E(20)  C(4) 
   4676806 1089.29 || noQ Q (Avg,Max,Min) (1.90, 4.00, 1.00) (0.43, 0.16, 3.34) #fs:  24  -- #Conts: 60 H(23)  G(14)  E(19)  C(4) 
   4683575 1066.82 || noQ Q (Avg,Max,Min) (1.89, 3.99, 1.00) (0.44, 0.16, 3.34) #fs:  24  -- #Conts: 59 H(22)  G(15)  E(18)  C(4) 
   4684229 1037.65 || noQ Q (Avg,Max,Min) (1.88, 3.99, 1.00) (0.45, 0.16, 3.34) #fs:  24  -- #Conts: 57 H(21)  G(16)  E(16)  C(4) 
   4684443 974.59 || noQ Q (Avg,Max,Min) (1.82, 3.99, 1.00) (0.46, 0.16, 3.34) #fs:  24  -- #Conts: 56 H(18)  G(18)  E(16)  C(4) 
   4685473 952.12 || noQ Q (Avg,Max,Min) (1.82, 3.99, 1.00) (0.48, 0.16, 3.34) #fs:  24  -- #Conts: 54 H(18)  G(17)  E(15)  C(4) 
   4686463 880.00 || noQ Q (Avg,Max,Min) (1.74, 3.99, 1.00) (0.48, 0.20, 3.34) #fs:  23  -- #Conts: 54 H(14)  G(20)  E(16)  C(4) 
   4687509 864.24 || noQ Q (Avg,Max,Min) (1.72, 3.99, 1.00) (0.49, 0.20, 3.34) #fs:  23  -- #Conts: 53 H(14)  G(19)  E(16)  C(4) 
   4725706 846.12 || noQ Q (Avg,Max,Min) (1.82, 5.49, 1.00) (0.49, 0.20, 3.08) #fs:  21  -- #Conts: 54 H(13)  G(19)  E(18)  C(4) 
   4754952 839.41 || noQ Q (Avg,Max,Min) (1.70, 3.74, 1.00) (0.49, 0.20, 3.20) #fs:  24  -- #Conts: 53 H(13)  G(19)  E(17)  C(4) 
   4790236 814.59 || noQ Q (Avg,Max,Min) (1.71, 3.70, 1.00) (0.50, 0.20, 3.20) #fs:  23  -- #Conts: 53 H(12)  G(19)  E(18)  C(4) 
   4814290 789.76 || noQ Q (Avg,Max,Min) (1.79, 5.43, 1.00) (0.50, 0.20, 3.08) #fs:  21  -- #Conts: 53 H(11)  G(19)  E(19)  C(4) 
   4816371 758.24 || noQ Q (Avg,Max,Min) (1.70, 4.39, 1.00) (0.51, 0.20, 3.08) #fs:  22  -- #Conts: 52 H(10)  G(19)  E(19)  C(4) 
   4819058 755.88 || noQ Q (Avg,Max,Min) (1.94, 5.38, 0.96) (0.47, 0.20, 3.09) #fs:  19  -- #Conts: 54 H(7)  G(24)  E(19)  C(4) 
   4821374 724.35 || noQ Q (Avg,Max,Min) (1.85, 5.37, 0.96) (0.48, 0.20, 3.09) #fs:  20  -- #Conts: 53 H(6)  G(24)  E(19)  C(4) 
   4822585 706.24 || noQ Q (Avg,Max,Min) (1.89, 5.37, 0.96) (0.47, 0.20, 3.09) #fs:  20  -- #Conts: 53 H(4)  G(26)  E(19)  C(4) 
   4823281 699.53 || noQ Q (Avg,Max,Min) (1.87, 5.37, 0.96) (0.48, 0.20, 3.09) #fs:  20  -- #Conts: 53 H(4)  G(26)  E(19)  C(4) 
   4823490 692.82 || noQ Q (Avg,Max,Min) (1.77, 4.40, 0.96) (0.49, 0.20, 3.09) #fs:  21  -- #Conts: 52 H(5)  G(24)  E(19)  C(4) 
   4824701 668.00 || noQ Q (Avg,Max,Min) (1.79, 4.40, 0.96) (0.49, 0.20, 3.09) #fs:  21  -- #Conts: 52 H(3)  G(26)  E(19)  C(4) 
   4825829 661.29 || noQ Q (Avg,Max,Min) (1.77, 4.39, 0.96) (0.50, 0.20, 3.09) #fs:  21  -- #Conts: 52 H(3)  G(26)  E(19)  C(4) 
   4826034 654.59 || noQ Q (Avg,Max,Min) (1.75, 4.39, 0.96) (0.51, 0.20, 3.09) #fs:  21  -- #Conts: 52 H(3)  G(26)  E(19)  C(4) 
   4827279 647.88 || noQ Q (Avg,Max,Min) (1.74, 4.39, 1.00) (0.52, 0.20, 3.09) #fs:  21  -- #Conts: 52 H(3)  G(26)  E(19)  C(4) 
   4831562 616.35 || noQ Q (Avg,Max,Min) (1.73, 3.80, 1.00) (0.52, 0.20, 3.34) #fs:  21  -- #Conts: 52 H(1)  G(28)  E(19)  C(4) 
   4847089 609.65 || noQ Q (Avg,Max,Min) (1.73, 3.97, 1.00) (0.53, 0.20, 3.50) #fs:  20  -- #Conts: 51 H(1)  G(28)  E(18)  C(4) 
   4848440 600.59 || noQ Q (Avg,Max,Min) (1.72, 3.97, 1.00) (0.53, 0.20, 3.50) #fs:  20  -- #Conts: 51 H(1)  G(27)  E(19)  C(4) 
   4885503 593.88 || noQ Q (Avg,Max,Min) (1.69, 3.92, 1.00) (0.54, 0.20, 3.50) #fs:  22  -- #Conts: 50 H(1)  G(27)  E(18)  C(4) 
   4916610 591.18 || noQ Q (Avg,Max,Min) (1.59, 3.89, 0.89) (0.51, 0.20, 3.50) #fs:  23  -- #Conts: 55 H(1)  G(23)  E(27)  C(4) 
   5120365 555.41 || noQ Q (Avg,Max,Min) (1.96, 6.99, 0.89) (0.64, 0.27, 2.92) #fs:  17  -- #Conts: 45 H(6)  G(14)  E(11)  C(14) 
   5121785 539.65 || noQ Q (Avg,Max,Min) (1.94, 6.98, 0.89) (0.66, 0.27, 2.92) #fs:  18  -- #Conts: 45 H(6)  G(14)  E(11)  C(14) 
   5122913 483.29 || noQ Q (Avg,Max,Min) (1.76, 6.98, 0.89) (0.68, 0.27, 2.92) #fs:  20  -- #Conts: 43 H(4)  G(14)  E(11)  C(14) 
   5123118 476.59 || noQ Q (Avg,Max,Min) (1.74, 6.98, 0.89) (0.69, 0.27, 2.92) #fs:  20  -- #Conts: 43 H(4)  G(14)  E(11)  C(14) 
   5124363 445.06 || noQ Q (Avg,Max,Min) (1.64, 6.97, 0.89) (0.71, 0.27, 2.92) #fs:  21  -- #Conts: 42 H(3)  G(14)  E(11)  C(14) 
   5125478 413.53 || noQ Q (Avg,Max,Min) (1.54, 5.31, 0.89) (0.73, 0.27, 3.67) #fs:  22  -- #Conts: 41 H(2)  G(14)  E(11)  C(14) 
   5126473 382.00 || noQ Q (Avg,Max,Min) (1.45, 4.10, 0.89) (0.75, 0.30, 3.94) #fs:  22  -- #Conts: 40 H(1)  G(14)  E(11)  C(14) 
   5131696 378.00 || noQ Q (Avg,Max,Min) (1.46, 4.10, 0.89) (0.76, 0.30, 3.94) #fs:  22  -- #Conts: 39 H(1)  G(14)  E(11)  C(13) 
   5133501 371.29 || noQ Q (Avg,Max,Min) (1.47, 4.10, 0.89) (0.78, 0.30, 3.94) #fs:  22  -- #Conts: 38 H(1)  G(14)  E(10)  C(13) 
   5702334 361.18 || noQ Q (Avg,Max,Min) (1.47, 3.95, 0.89) (0.76, 0.30, 3.74) #fs:  20  -- #Conts: 40 H(1)  G(12)  E(12)  C(15) 
   5740745 358.12 || noQ Q (Avg,Max,Min) (1.50, 3.63, 0.89) (0.69, 0.30, 1.90) #fs:  16  -- #Conts: 42 H(1)  G(8)  E(17)  C(16) 
   5963815 311.88 || noQ Q (Avg,Max,Min) (1.44, 3.94, 1.04) (0.79, 0.30, 2.35) #fs:  19  -- #Conts: 34 H(1)  G(5)  E(14)  C(14) 
   5965947 305.18 || noQ Q (Avg,Max,Min) (1.42, 3.94, 1.04) (0.82, 0.30, 2.35) #fs:  19  -- #Conts: 34 H(1)  G(5)  E(14)  C(14) 
   5967779 298.47 || noQ Q (Avg,Max,Min) (1.41, 3.94, 1.04) (0.84, 0.30, 2.35) #fs:  19  -- #Conts: 34 H(1)  G(5)  E(14)  C(14) 
   5971348 291.76 || noQ Q (Avg,Max,Min) (2.00, 23.89, 1.04) (0.91, 0.31, 2.65) #fs:  18  -- #Conts: 35 H(2)  G(5)  E(14)  C(14) 
   6250603 289.41 || noQ Q (Avg,Max,Min) (1.43, 3.58, 1.04) (0.83, 0.30, 2.05) #fs:  19  -- #Conts: 34 H(1)  G(5)  E(14)  C(14) 
   6252435 282.71 || noQ Q (Avg,Max,Min) (1.42, 3.58, 1.04) (0.85, 0.30, 2.05) #fs:  19  -- #Conts: 34 H(1)  G(5)  E(14)  C(14) 
   6256004 276.00 || noQ Q (Avg,Max,Min) (1.40, 3.58, 1.04) (0.88, 0.31, 2.05) #fs:  19  -- #Conts: 34 H(1)  G(5)  E(14)  C(14) 
   6918333 273.65 || noQ Q (Avg,Max,Min) (1.40, 2.50, 1.04) (0.85, 0.30, 2.05) #fs:  20  -- #Conts: 34 H(1)  G(5)  E(14)  C(14) 
   6920165 266.94 || noQ Q (Avg,Max,Min) (1.38, 2.50, 1.04) (0.87, 0.30, 2.17) #fs:  20  -- #Conts: 34 H(1)  G(5)  E(14)  C(14) 
   7146021 259.06 || noQ Q (Avg,Max,Min) (1.44, 5.14, 0.80) (0.84, 0.44, 4.36) #fs:  12  -- #Conts: 40 H(1)  G(3)  E(4)  C(32) 
   7165731 254.00 || noQ Q (Avg,Max,Min) (1.39, 5.42, 0.86) (0.84, 0.44, 4.63) #fs:  14  -- #Conts: 39 H(1)  G(2)  E(4)  C(32) 
   7178343 248.59 || noQ Q (Avg,Max,Min) (1.39, 5.72, 0.80) (0.84, 0.44, 4.90) #fs:  14  -- #Conts: 39 H(1)  G(2)  E(4)  C(32) 
   7206630 244.59 || noQ Q (Avg,Max,Min) (1.40, 5.98, 0.80) (0.85, 0.44, 5.17) #fs:  12  -- #Conts: 39 H(1)  G(2)  E(4)  C(32) 
   7662713 240.59 || noQ Q (Avg,Max,Min) (1.39, 5.21, 0.80) (0.86, 0.44, 5.17) #fs:  12  -- #Conts: 39 H(1)  G(2)  E(4)  C(32) 
   7670533 236.59 || noQ Q (Avg,Max,Min) (1.41, 5.47, 0.80) (0.87, 0.44, 5.44) #fs:  11  -- #Conts: 39 H(1)  G(2)  E(4)  C(32) 
   7671784 232.59 || noQ Q (Avg,Max,Min) (1.42, 5.74, 0.80) (0.89, 0.44, 5.72) #fs:  10  -- #Conts: 39 H(1)  G(2)  E(4)  C(32) 
   8283598 230.24 || noQ Q (Avg,Max,Min) (1.26, 3.82, 0.62) (0.98, 0.50, 3.80) #fs:  20  -- #Conts: 31 G(3)  E(4)  C(24) 
   8284180 227.53 || noQ Q (Avg,Max,Min) (1.26, 3.82, 0.79) (0.98, 0.50, 3.80) #fs:  20  -- #Conts: 31 G(3)  E(4)  C(24) 
   8287189 220.82 || noQ Q (Avg,Max,Min) (1.28, 4.12, 0.79) (1.00, 0.50, 4.10) #fs:  19  -- #Conts: 31 G(3)  E(4)  C(24) 
   8287494 218.12 || noQ Q (Avg,Max,Min) (1.28, 4.12, 0.80) (1.00, 0.50, 4.10) #fs:  19  -- #Conts: 31 G(3)  E(4)  C(24) 
  10443866 201.88 || noQ Q (Avg,Max,Min) (1.35, 3.88, 0.80) (1.08, 0.66, 2.49) #fs:  13  -- #Conts: 28 G(3)  E(4)  C(21) 
  10454881 197.88 || noQ Q (Avg,Max,Min) (1.37, 4.11, 0.80) (1.10, 0.66, 2.64) #fs:  12  -- #Conts: 28 G(3)  E(4)  C(21) 
  11291500 196.82 || noQ Q (Avg,Max,Min) (1.49, 6.92, 0.80) (1.13, 0.66, 2.97) #fs:  13  -- #Conts: 29 G(3)  E(5)  C(21) 
  11303102 192.82 || noQ Q (Avg,Max,Min) (1.50, 6.92, 0.80) (1.14, 0.66, 2.97) #fs:  12  -- #Conts: 29 G(3)  E(5)  C(21) 
  11403895 188.82 || noQ Q (Avg,Max,Min) (1.52, 6.92, 0.80) (1.16, 0.66, 2.97) #fs:  11  -- #Conts: 29 G(3)  E(5)  C(21) 
  11984767 184.82 || noQ Q (Avg,Max,Min) (1.58, 8.29, 0.80) (1.17, 0.66, 2.86) #fs:  10  -- #Conts: 29 G(3)  E(5)  C(21) 
  12856706 182.12 || noQ Q (Avg,Max,Min) (1.36, 2.90, 0.80) (1.13, 0.66, 2.86) #fs:  10  -- #Conts: 28 G(3)  E(4)  C(21) 
  14603245 176.59 || noQ Q (Avg,Max,Min) (1.55, 6.92, 0.92) (1.20, 0.56, 2.97) #fs:   9  -- #Conts: 26 G(1)  A(3)  E(4)  C(18) 
  14604176 172.59 || noQ Q (Avg,Max,Min) (1.55, 6.92, 0.92) (1.23, 0.78, 2.97) #fs:   9  -- #Conts: 26 G(1)  A(3)  E(4)  C(18) 
  16516358 165.88 || noQ Q (Avg,Max,Min) (1.37, 2.67, 0.92) (1.22, 0.78, 2.47) #fs:   9  -- #Conts: 24 G(1)  A(3)  E(3)  C(17) 
  17549481 164.59 || noQ Q (Avg,Max,Min) (1.50, 6.92, 0.87) (1.23, 0.82, 2.97) #fs:  10  -- #Conts: 26 G(1)  A(6)  E(4)  C(15) 
  17570440 162.59 || noQ Q (Avg,Max,Min) (1.50, 6.92, 0.87) (1.23, 0.82, 2.97) #fs:   9  -- #Conts: 27 G(1)  A(7)  E(4)  C(15) 
  17596571 160.59 || noQ Q (Avg,Max,Min) (1.44, 6.92, 0.87) (1.18, 0.82, 2.97) #fs:   8  -- #Conts: 30 G(1)  A(12)  E(4)  C(13) 
  20754284 158.88 || noQ Q (Avg,Max,Min) (1.38, 5.22, 0.87) (1.18, 0.82, 3.00) #fs:   9  -- #Conts: 30 G(1)  A(12)  E(3)  C(14) 
  23983032 153.88 || noQ Q (Avg,Max,Min) (1.39, 4.43, 0.87) (1.29, 0.82, 3.28) #fs:   8  -- #Conts: 26 G(1)  A(8)  E(3)  C(14) 
  35750084 149.88 || noQ Q (Avg,Max,Min) (1.39, 4.43, 1.05) (1.29, 0.86, 3.28) #fs:   3  -- #Conts: 29 G(1)  A(11)  E(3)  C(14) 
  35769741 148.88 || noQ Q (Avg,Max,Min) (1.40, 4.43, 1.05) (1.31, 0.86, 3.28) #fs:   3  -- #Conts: 28 G(1)  A(10)  E(3)  C(14) 
/////////////////size: 77
nodes 100 edges 234
 mulT: 500 mulD: 5000  sumData GB 9242
pareto /MONTAGE.n.100.0.dax time -> 19120.0
moheft /MONTAGE.n.100.0.dax time -> 21314.0
distance from M to C 8.1787082601433
distance from P to C 34.55887713168649
distance from C to M 19.780439180650614
distance from C to P 3.2863934959804877
toCompare: /MONTAGE.n.100.0.dax sumDataGB: 9242 mulT: 500 mulD: 5000 paretoOptTime_MS: 19120.0 MoheftOptimizationTime_MS: 21314.0 MtoC 8.1787082601433 PtoC 34.55887713168649 CtoM 19.780439180650614 CtoP 3.2863934959804877
