specify -Dflow d,b,mt,md,size
Running /home/vaggelis/jc/MONTAGE.n.50.0.dax mt 5000 md: 1 size null
   9394377 1355.76 || noQ Q (Avg,Max,Min) (0.95, 1.00, 0.81) (0.54, 0.49, 0.86) #fs:  12  -- #Conts: 28 H(28) 
  11116212 1056.24 || noQ Q (Avg,Max,Min) (0.92, 1.00, 0.66) (0.78, 0.55, 0.87) #fs:  12  -- #Conts: 25 H(8)  G(17) 
  11128029 1040.47 || noQ Q (Avg,Max,Min) (0.93, 1.00, 0.66) (0.79, 0.55, 0.87) #fs:  12  -- #Conts: 24 H(8)  G(16) 
  11131405 1024.71 || noQ Q (Avg,Max,Min) (0.93, 1.00, 0.66) (0.79, 0.55, 0.87) #fs:  12  -- #Conts: 23 H(8)  G(15) 
  11146598 1008.94 || noQ Q (Avg,Max,Min) (0.94, 1.00, 0.66) (0.79, 0.55, 0.87) #fs:  12  -- #Conts: 22 H(8)  G(14) 
  11149811 993.18 || noQ Q (Avg,Max,Min) (0.94, 1.00, 0.66) (0.80, 0.55, 0.87) #fs:  12  -- #Conts: 21 H(8)  G(13) 
  11153350 977.41 || noQ Q (Avg,Max,Min) (0.95, 1.00, 0.85) (0.80, 0.69, 0.87) #fs:  12  -- #Conts: 20 H(8)  G(12) 
  13591075 819.76 || noQ Q (Avg,Max,Min) (0.99, 1.00, 0.73) (0.84, 0.50, 0.98) #fs:   6  -- #Conts: 35 H(5)  G(30) 
  13602647 804.00 || noQ Q (Avg,Max,Min) (0.99, 1.00, 0.73) (0.85, 0.50, 0.98) #fs:   6  -- #Conts: 35 H(4)  G(31) 
  16033869 788.24 || noQ Q (Avg,Max,Min) (1.00, 1.00, 0.99) (0.84, 0.50, 0.98) #fs:   5  -- #Conts: 35 H(4)  G(31) 
  16045441 772.47 || noQ Q (Avg,Max,Min) (1.00, 1.00, 0.99) (0.85, 0.50, 0.98) #fs:   5  -- #Conts: 35 H(3)  G(32) 
  16051227 756.71 || noQ Q (Avg,Max,Min) (1.00, 1.00, 0.99) (0.86, 0.51, 0.98) #fs:   5  -- #Conts: 35 H(2)  G(33) 
  16091730 740.94 || noQ Q (Avg,Max,Min) (1.00, 1.00, 0.99) (0.87, 0.51, 0.98) #fs:   5  -- #Conts: 35 H(1)  G(34) 
  16100410 725.18 || noQ Q (Avg,Max,Min) (1.00, 1.00, 0.99) (0.88, 0.83, 0.98) #fs:   5  -- #Conts: 35 G(35) 
  33974920 685.41 || noQ Q (Avg,Max,Min) (0.99, 1.00, 0.75) (0.93, 0.67, 0.99) #fs:   3  -- #Conts: 32 G(8)  E(24) 
  36291318 679.65 || noQ Q (Avg,Max,Min) (1.00, 1.00, 0.86) (0.94, 0.79, 0.99) #fs:   6  -- #Conts: 34 G(1)  E(33) 
  36310892 677.29 || noQ Q (Avg,Max,Min) (1.00, 1.00, 0.86) (0.94, 0.79, 0.99) #fs:   6  -- #Conts: 34 E(34) 
  40518882 676.00 || noQ Q (Avg,Max,Min) (0.99, 1.00, 0.64) (0.94, 0.63, 0.99) #fs:   2  -- #Conts: 32 G(6)  E(26) 
  40525407 673.65 || noQ Q (Avg,Max,Min) (0.99, 1.00, 0.64) (0.94, 0.63, 0.99) #fs:   2  -- #Conts: 32 G(5)  E(27) 
  40571080 671.29 || noQ Q (Avg,Max,Min) (0.99, 1.00, 0.64) (0.94, 0.63, 0.99) #fs:   2  -- #Conts: 32 G(4)  E(28) 
  40597180 668.94 || noQ Q (Avg,Max,Min) (0.99, 1.00, 0.64) (0.95, 0.63, 0.99) #fs:   2  -- #Conts: 32 G(3)  E(29) 
  40610229 666.59 || noQ Q (Avg,Max,Min) (0.99, 1.00, 0.64) (0.95, 0.63, 0.99) #fs:   2  -- #Conts: 32 G(2)  E(30) 
  40701577 664.24 || noQ Q (Avg,Max,Min) (0.99, 1.00, 0.63) (0.95, 0.63, 0.99) #fs:   2  -- #Conts: 32 G(1)  E(31) 
  45047706 660.24 || noQ Q (Avg,Max,Min) (1.00, 1.00, 0.99) (0.94, 0.85, 0.99) #fs:   1  -- #Conts: 32 G(7)  E(25) 
  45113035 657.88 || noQ Q (Avg,Max,Min) (1.00, 1.00, 0.99) (0.94, 0.85, 0.99) #fs:   2  -- #Conts: 32 G(6)  E(26) 
  45119560 655.53 || noQ Q (Avg,Max,Min) (1.00, 1.00, 0.99) (0.95, 0.86, 0.99) #fs:   2  -- #Conts: 32 G(5)  E(27) 
  45165233 653.18 || noQ Q (Avg,Max,Min) (1.00, 1.00, 0.99) (0.95, 0.86, 0.99) #fs:   2  -- #Conts: 32 G(4)  E(28) 
  45191333 650.82 || noQ Q (Avg,Max,Min) (1.00, 1.00, 0.99) (0.96, 0.86, 0.99) #fs:   2  -- #Conts: 32 G(3)  E(29) 
  45204382 648.47 || noQ Q (Avg,Max,Min) (1.00, 1.00, 0.99) (0.96, 0.87, 0.99) #fs:   2  -- #Conts: 32 G(2)  E(30) 
  45295730 646.12 || noQ Q (Avg,Max,Min) (1.00, 1.00, 0.99) (0.96, 0.88, 0.99) #fs:   2  -- #Conts: 32 G(1)  E(31) 
  45315304 643.76 || noQ Q (Avg,Max,Min) (1.00, 1.00, 0.99) (0.97, 0.94, 0.99) #fs:   2  -- #Conts: 32 E(32) 
/////////////////size: 31
   9394297 1387.29 || noQ Q (Avg,Max,Min) (0.95, 1.00, 0.57) (0.53, 0.49, 0.75) #fs:  10  -- #Conts: 31 H(31) 
  10575234 1371.53 || noQ Q (Avg,Max,Min) (0.92, 1.00, 0.59) (0.54, 0.49, 0.84) #fs:  11  -- #Conts: 31 H(30)  G(1) 
  10581511 1355.76 || noQ Q (Avg,Max,Min) (0.92, 1.00, 0.59) (0.55, 0.49, 0.84) #fs:  11  -- #Conts: 31 H(29)  G(2) 
  10582720 1340.00 || noQ Q (Avg,Max,Min) (0.92, 1.00, 0.59) (0.56, 0.49, 0.84) #fs:  11  -- #Conts: 31 H(28)  G(3) 
  10594293 1324.24 || noQ Q (Avg,Max,Min) (0.92, 1.00, 0.59) (0.57, 0.49, 0.84) #fs:  11  -- #Conts: 31 H(27)  G(4) 
  10610684 1308.47 || noQ Q (Avg,Max,Min) (0.92, 1.00, 0.59) (0.58, 0.49, 0.84) #fs:  11  -- #Conts: 31 H(26)  G(5) 
  10614543 1292.71 || noQ Q (Avg,Max,Min) (0.92, 1.00, 0.59) (0.60, 0.49, 0.84) #fs:  11  -- #Conts: 31 H(25)  G(6) 
  10622257 1276.94 || noQ Q (Avg,Max,Min) (0.92, 1.00, 0.59) (0.61, 0.49, 0.85) #fs:  11  -- #Conts: 31 H(24)  G(7) 
  10623224 1261.18 || noQ Q (Avg,Max,Min) (0.92, 1.00, 0.59) (0.62, 0.49, 0.85) #fs:  11  -- #Conts: 31 H(23)  G(8) 
  10625151 1245.41 || noQ Q (Avg,Max,Min) (0.92, 1.00, 0.59) (0.63, 0.49, 0.85) #fs:  11  -- #Conts: 31 H(22)  G(9) 
  10626116 1229.65 || noQ Q (Avg,Max,Min) (0.92, 1.00, 0.58) (0.64, 0.50, 0.85) #fs:  11  -- #Conts: 31 H(21)  G(10) 
  10634796 1213.88 || noQ Q (Avg,Max,Min) (0.92, 1.00, 0.58) (0.65, 0.50, 0.85) #fs:  11  -- #Conts: 31 H(20)  G(11) 
  10637689 1182.35 || noQ Q (Avg,Max,Min) (0.92, 1.00, 0.58) (0.68, 0.50, 0.85) #fs:  11  -- #Conts: 31 H(18)  G(13) 
  10640338 1166.59 || noQ Q (Avg,Max,Min) (0.92, 1.00, 0.58) (0.69, 0.50, 0.85) #fs:  11  -- #Conts: 31 H(17)  G(14) 
  10640582 1150.82 || noQ Q (Avg,Max,Min) (0.92, 1.00, 0.58) (0.70, 0.50, 0.85) #fs:  11  -- #Conts: 31 H(16)  G(15) 
  10643475 1135.06 || noQ Q (Avg,Max,Min) (0.92, 1.00, 0.58) (0.71, 0.50, 0.85) #fs:  11  -- #Conts: 31 H(15)  G(16) 
  10646368 1119.29 || noQ Q (Avg,Max,Min) (0.92, 1.00, 0.58) (0.72, 0.50, 0.85) #fs:  11  -- #Conts: 31 H(14)  G(17) 
  10648294 1103.53 || noQ Q (Avg,Max,Min) (0.92, 1.00, 0.58) (0.73, 0.50, 0.85) #fs:  11  -- #Conts: 31 H(13)  G(18) 
  10649262 1072.00 || noQ Q (Avg,Max,Min) (0.92, 1.00, 0.58) (0.76, 0.50, 0.85) #fs:  11  -- #Conts: 31 H(11)  G(20) 
  10651188 1056.24 || noQ Q (Avg,Max,Min) (0.93, 1.00, 0.58) (0.76, 0.49, 0.86) #fs:  10  -- #Conts: 32 H(11)  G(21) 
  10660833 1040.47 || noQ Q (Avg,Max,Min) (0.95, 1.00, 0.58) (0.76, 0.49, 0.86) #fs:   9  -- #Conts: 33 H(11)  G(22) 
  10662515 1024.71 || noQ Q (Avg,Max,Min) (0.96, 1.00, 0.70) (0.76, 0.49, 0.86) #fs:   8  -- #Conts: 34 H(11)  G(23) 
  10674409 1008.94 || noQ Q (Avg,Max,Min) (0.99, 1.00, 0.70) (0.75, 0.49, 0.87) #fs:   4  -- #Conts: 38 H(14)  G(24) 
  10675131 993.18 || noQ Q (Avg,Max,Min) (0.98, 1.00, 0.70) (0.76, 0.49, 0.87) #fs:   4  -- #Conts: 38 H(13)  G(25) 
  10681164 961.65 || noQ Q (Avg,Max,Min) (1.00, 1.00, 0.88) (0.76, 0.49, 0.87) #fs:   1  -- #Conts: 42 H(15)  G(27) 
  11907912 945.88 || noQ Q (Avg,Max,Min) (1.00, 1.00, 0.79) (0.78, 0.50, 0.86) #fs:   2  -- #Conts: 42 H(12)  G(30) 
  11928164 930.12 || noQ Q (Avg,Max,Min) (0.99, 1.00, 0.79) (0.79, 0.50, 0.86) #fs:   2  -- #Conts: 42 H(11)  G(31) 
  11939736 914.35 || noQ Q (Avg,Max,Min) (0.99, 1.00, 0.79) (0.80, 0.50, 0.86) #fs:   2  -- #Conts: 42 H(10)  G(32) 
  11945522 898.59 || noQ Q (Avg,Max,Min) (0.99, 1.00, 0.79) (0.80, 0.51, 0.86) #fs:   2  -- #Conts: 42 H(9)  G(33) 
  11986025 882.82 || noQ Q (Avg,Max,Min) (0.99, 1.00, 0.78) (0.81, 0.64, 0.87) #fs:   2  -- #Conts: 42 H(8)  G(34) 
  13216341 867.06 || noQ Q (Avg,Max,Min) (0.99, 1.00, 0.75) (0.81, 0.64, 0.86) #fs:   3  -- #Conts: 42 H(8)  G(34) 
  15564112 855.29 || noQ Q (Avg,Max,Min) (1.00, 1.00, 0.81) (0.82, 0.64, 0.88) #fs:   1  -- #Conts: 45 H(8)  G(36)  C(1) 
  15766975 838.12 || noQ Q (Avg,Max,Min) (0.99, 1.00, 0.76) (0.85, 0.55, 0.96) #fs:   1  -- #Conts: 44 H(10)  G(15)  E(19) 
  15773271 835.76 || noQ Q (Avg,Max,Min) (0.99, 1.00, 0.76) (0.86, 0.55, 0.96) #fs:   1  -- #Conts: 44 H(10)  G(14)  E(20) 
  15779797 833.41 || noQ Q (Avg,Max,Min) (0.99, 1.00, 0.76) (0.86, 0.55, 0.96) #fs:   1  -- #Conts: 44 H(10)  G(13)  E(21) 
  15793073 831.06 || noQ Q (Avg,Max,Min) (0.99, 1.00, 0.76) (0.86, 0.55, 0.97) #fs:   1  -- #Conts: 44 H(10)  G(12)  E(22) 
  16154624 828.71 || noQ Q (Avg,Max,Min) (0.99, 1.00, 0.71) (0.86, 0.53, 0.97) #fs:   1  -- #Conts: 44 H(9)  G(12)  E(23) 
  16166440 826.35 || noQ Q (Avg,Max,Min) (0.99, 1.00, 0.71) (0.86, 0.53, 0.97) #fs:   1  -- #Conts: 44 H(9)  G(11)  E(24) 
  16173195 824.00 || noQ Q (Avg,Max,Min) (0.99, 1.00, 0.71) (0.86, 0.53, 0.97) #fs:   1  -- #Conts: 44 H(9)  G(10)  E(25) 
  16997291 822.35 || noQ Q (Avg,Max,Min) (0.99, 1.00, 0.64) (0.86, 0.62, 0.96) #fs:   2  -- #Conts: 44 H(10)  G(15)  E(19) 
  17003587 820.00 || noQ Q (Avg,Max,Min) (0.99, 1.00, 0.64) (0.86, 0.62, 0.96) #fs:   2  -- #Conts: 44 H(10)  G(14)  E(20) 
  17010113 817.65 || noQ Q (Avg,Max,Min) (0.99, 1.00, 0.64) (0.86, 0.62, 0.96) #fs:   2  -- #Conts: 44 H(10)  G(13)  E(21) 
  17023389 815.29 || noQ Q (Avg,Max,Min) (0.99, 1.00, 0.64) (0.86, 0.62, 0.97) #fs:   2  -- #Conts: 44 H(10)  G(12)  E(22) 
  17384936 797.18 || noQ Q (Avg,Max,Min) (1.00, 1.00, 1.00) (0.87, 0.64, 0.97) #fs:   0  -- #Conts: 44 H(9)  G(12)  E(23) 
  17396752 794.82 || noQ Q (Avg,Max,Min) (1.00, 1.00, 1.00) (0.88, 0.64, 0.97) #fs:   0  -- #Conts: 44 H(9)  G(11)  E(24) 
  17403507 792.47 || noQ Q (Avg,Max,Min) (1.00, 1.00, 1.00) (0.88, 0.64, 0.97) #fs:   0  -- #Conts: 44 H(9)  G(10)  E(25) 
  18620236 791.53 || noQ Q (Avg,Max,Min) (0.99, 1.00, 0.76) (0.84, 0.55, 0.87) #fs:   1  -- #Conts: 44 H(2)  G(34)  E(8) 
  19850552 775.76 || noQ Q (Avg,Max,Min) (0.99, 1.00, 0.64) (0.84, 0.62, 0.87) #fs:   2  -- #Conts: 44 H(2)  G(34)  E(8) 
  22230146 764.00 || noQ Q (Avg,Max,Min) (1.00, 1.00, 1.00) (0.85, 0.76, 0.87) #fs:   0  -- #Conts: 46 H(1)  G(36)  E(8)  C(1) 
  22435085 746.82 || noQ Q (Avg,Max,Min) (0.99, 1.00, 0.76) (0.88, 0.55, 0.96) #fs:   6  -- #Conts: 34 H(2)  G(13)  E(19) 
  22441527 744.47 || noQ Q (Avg,Max,Min) (0.99, 1.00, 0.76) (0.89, 0.55, 0.96) #fs:   6  -- #Conts: 33 H(2)  G(11)  E(20) 
  22441608 742.12 || noQ Q (Avg,Max,Min) (0.99, 1.00, 0.76) (0.89, 0.55, 0.96) #fs:   4  -- #Conts: 34 H(2)  G(11)  E(21) 
  22441688 739.76 || noQ Q (Avg,Max,Min) (0.99, 1.00, 0.76) (0.89, 0.55, 0.96) #fs:   5  -- #Conts: 35 H(2)  G(11)  E(22) 
  22467707 737.41 || noQ Q (Avg,Max,Min) (0.99, 1.00, 0.76) (0.89, 0.55, 0.96) #fs:   5  -- #Conts: 36 H(2)  G(11)  E(23) 
  22821808 735.06 || noQ Q (Avg,Max,Min) (0.99, 1.00, 0.71) (0.89, 0.53, 0.96) #fs:   4  -- #Conts: 36 H(1)  G(11)  E(24) 
  22847829 732.71 || noQ Q (Avg,Max,Min) (0.99, 1.00, 0.71) (0.89, 0.53, 0.96) #fs:   6  -- #Conts: 36 H(1)  G(10)  E(25) 
  23665401 731.06 || noQ Q (Avg,Max,Min) (0.99, 1.00, 0.64) (0.89, 0.62, 0.96) #fs:   7  -- #Conts: 34 H(2)  G(13)  E(19) 
  23671843 728.71 || noQ Q (Avg,Max,Min) (0.99, 1.00, 0.64) (0.89, 0.62, 0.96) #fs:   7  -- #Conts: 33 H(2)  G(11)  E(20) 
  23671924 726.35 || noQ Q (Avg,Max,Min) (0.99, 1.00, 0.64) (0.89, 0.62, 0.96) #fs:   5  -- #Conts: 34 H(2)  G(11)  E(21) 
  23672004 724.00 || noQ Q (Avg,Max,Min) (0.99, 1.00, 0.64) (0.89, 0.62, 0.96) #fs:   6  -- #Conts: 35 H(2)  G(11)  E(22) 
  23698023 721.65 || noQ Q (Avg,Max,Min) (0.99, 1.00, 0.64) (0.90, 0.62, 0.96) #fs:   6  -- #Conts: 36 H(2)  G(11)  E(23) 
  24052120 703.53 || noQ Q (Avg,Max,Min) (1.00, 1.00, 0.99) (0.91, 0.84, 0.96) #fs:   3  -- #Conts: 36 H(1)  G(11)  E(24) 
  24078141 701.18 || noQ Q (Avg,Max,Min) (1.00, 1.00, 0.99) (0.91, 0.84, 0.96) #fs:   5  -- #Conts: 36 H(1)  G(10)  E(25) 
  31586317 693.76 || noQ Q (Avg,Max,Min) (1.00, 1.00, 0.99) (0.92, 0.51, 0.97) #fs:   5  -- #Conts: 36 G(6)  E(30) 
  31677665 691.41 || noQ Q (Avg,Max,Min) (1.00, 1.00, 0.99) (0.92, 0.51, 0.97) #fs:   5  -- #Conts: 36 G(5)  E(31) 
  31697239 689.06 || noQ Q (Avg,Max,Min) (1.00, 1.00, 0.99) (0.92, 0.51, 0.99) #fs:   5  -- #Conts: 36 G(4)  E(32) 
  31764322 684.71 || noQ Q (Avg,Max,Min) (1.00, 1.00, 0.89) (0.93, 0.86, 0.98) #fs:   6  -- #Conts: 36 G(6)  E(30) 
  31855670 682.35 || noQ Q (Avg,Max,Min) (1.00, 1.00, 0.89) (0.93, 0.86, 0.98) #fs:   6  -- #Conts: 36 G(5)  E(31) 
  31875244 680.00 || noQ Q (Avg,Max,Min) (1.00, 1.00, 0.89) (0.93, 0.86, 0.99) #fs:   6  -- #Conts: 36 G(4)  E(32) 
  32088404 679.65 || noQ Q (Avg,Max,Min) (1.00, 1.00, 0.99) (0.91, 0.15, 0.98) #fs:   5  -- #Conts: 37 G(5)  E(31)  C(1) 
  32107978 677.29 || noQ Q (Avg,Max,Min) (1.00, 1.00, 0.99) (0.92, 0.15, 0.99) #fs:   5  -- #Conts: 37 G(4)  E(32)  C(1) 
  33985953 676.65 || noQ Q (Avg,Max,Min) (1.00, 1.00, 0.99) (0.93, 0.68, 0.98) #fs:   5  -- #Conts: 37 G(5)  A(1)  E(31) 
  34005527 674.29 || noQ Q (Avg,Max,Min) (1.00, 1.00, 0.99) (0.93, 0.68, 0.99) #fs:   5  -- #Conts: 37 G(4)  A(1)  E(32) 
  38421645 671.94 || noQ Q (Avg,Max,Min) (1.00, 1.00, 0.99) (0.93, 0.68, 1.00) #fs:   5  -- #Conts: 36 G(3)  A(1)  E(32) 
  43455435 670.59 || noQ Q (Avg,Max,Min) (1.00, 1.00, 0.92) (0.92, 0.70, 0.99) #fs:   4  -- #Conts: 32 G(8)  E(22)  C(2) 
  43507635 670.35 || noQ Q (Avg,Max,Min) (1.00, 1.00, 1.00) (0.92, 0.70, 0.99) #fs:   0  -- #Conts: 39 G(8)  E(27)  C(4) 
  44704725 670.24 || noQ Q (Avg,Max,Min) (1.00, 1.00, 1.00) (0.93, 0.76, 0.99) #fs:   0  -- #Conts: 35 G(8)  E(25)  C(2) 
  45773456 668.94 || noQ Q (Avg,Max,Min) (1.00, 1.00, 1.00) (0.93, 0.76, 0.99) #fs:   0  -- #Conts: 37 G(8)  E(26)  C(3) 
  45863651 667.53 || noQ Q (Avg,Max,Min) (1.00, 1.00, 1.00) (0.93, 0.76, 0.99) #fs:   0  -- #Conts: 36 G(8)  E(25)  C(3) 
  46390134 666.24 || noQ Q (Avg,Max,Min) (1.00, 1.00, 1.00) (0.94, 0.51, 0.99) #fs:   0  -- #Conts: 35 G(3)  E(30)  C(2) 
  46480329 664.82 || noQ Q (Avg,Max,Min) (1.00, 1.00, 1.00) (0.95, 0.51, 0.99) #fs:   0  -- #Conts: 34 G(3)  E(29)  C(2) 
  46481482 663.88 || noQ Q (Avg,Max,Min) (1.00, 1.00, 1.00) (0.95, 0.51, 0.99) #fs:   0  -- #Conts: 35 G(2)  E(31)  C(2) 
  46501056 661.53 || noQ Q (Avg,Max,Min) (1.00, 1.00, 1.00) (0.95, 0.51, 0.99) #fs:   0  -- #Conts: 35 G(1)  E(32)  C(2) 
  46568139 657.18 || noQ Q (Avg,Max,Min) (1.00, 1.00, 1.00) (0.93, 0.09, 0.99) #fs:   0  -- #Conts: 36 G(3)  E(31)  C(2) 
  46658334 655.76 || noQ Q (Avg,Max,Min) (1.00, 1.00, 1.00) (0.93, 0.09, 0.99) #fs:   0  -- #Conts: 35 G(3)  E(30)  C(2) 
  46659487 654.82 || noQ Q (Avg,Max,Min) (1.00, 1.00, 1.00) (0.94, 0.09, 0.99) #fs:   0  -- #Conts: 36 G(2)  E(32)  C(2) 
  46679061 652.47 || noQ Q (Avg,Max,Min) (1.00, 1.00, 1.00) (0.94, 0.09, 0.99) #fs:   0  -- #Conts: 36 G(1)  E(33)  C(2) 
  46769256 651.06 || noQ Q (Avg,Max,Min) (1.00, 1.00, 1.00) (0.94, 0.09, 0.99) #fs:   0  -- #Conts: 35 G(1)  E(32)  C(2) 
  46911795 649.76 || noQ Q (Avg,Max,Min) (1.00, 1.00, 1.00) (0.94, 0.15, 0.99) #fs:   0  -- #Conts: 36 G(1)  E(32)  C(3) 
  47001990 648.35 || noQ Q (Avg,Max,Min) (1.00, 1.00, 1.00) (0.94, 0.15, 0.99) #fs:   0  -- #Conts: 35 G(1)  E(31)  C(3) 
  48809344 646.76 || noQ Q (Avg,Max,Min) (1.00, 1.00, 1.00) (0.95, 0.68, 0.99) #fs:   0  -- #Conts: 36 G(1)  A(1)  E(32)  C(2) 
  48899539 645.35 || noQ Q (Avg,Max,Min) (1.00, 1.00, 1.00) (0.96, 0.68, 0.99) #fs:   0  -- #Conts: 35 G(1)  A(1)  E(31)  C(2) 
/////////////////size: 92
nodes 50 edges 108
 mulT: 5000 mulD: 1  sumData GB 0
pareto /MONTAGE.n.50.0.dax time -> 2489.0
moheft /MONTAGE.n.50.0.dax time -> 2726.0
distance from M to C 5.833699323180802
distance from P to C 1.6641195691673816
distance from C to M 3.1466960077581962
distance from C to P 2.6743023371287187
toCompare: /MONTAGE.n.50.0.dax sumDataGB: 0 mulT: 5000 mulD: 1 paretoOptTime_MS: 2489.0 MoheftOptimizationTime_MS: 2726.0 MtoC 5.833699323180802 PtoC 1.6641195691673816 CtoM 3.1466960077581962 CtoP 2.6743023371287187
