specify -Dflow d,b,mt,md,size
Running /home/vaggelis/jc/SIPHT.n.50.0.dax mt 10000 md: 10000 size null
1341620101 33011.29 || noQ Q (Avg,Max,Min) (1.00, 1.02, 0.99) (0.96, 0.69, 1.01) #fs:   2  -- #Conts: 9 H(9) 
1341637815 32853.65 || noQ Q (Avg,Max,Min) (1.01, 1.02, 1.00) (0.96, 0.69, 1.01) #fs:   1  -- #Conts: 9 H(9) 
2225980992 28676.00 || noQ Q (Avg,Max,Min) (1.00, 1.05, 0.87) (0.95, 0.79, 1.03) #fs:   1  -- #Conts: 16 H(1)  G(15) 
2299844771 28309.41 || noQ Q (Avg,Max,Min) (1.00, 1.05, 0.87) (0.95, 0.79, 1.03) #fs:   2  -- #Conts: 16 G(13)  E(2)  C(1) 
2299862485 28009.88 || noQ Q (Avg,Max,Min) (1.00, 1.05, 0.87) (0.95, 0.79, 1.03) #fs:   1  -- #Conts: 16 G(13)  E(2)  C(1) 
4073587167 23660.94 || noQ Q (Avg,Max,Min) (0.98, 1.01, 0.69) (0.87, 0.61, 1.00) #fs:   3  -- #Conts: 23 G(1)  E(22) 
4562389040 23524.24 || noQ Q (Avg,Max,Min) (0.98, 1.01, 0.69) (0.87, 0.61, 1.00) #fs:   3  -- #Conts: 23 E(23) 
4571091602 23517.53 || noQ Q (Avg,Max,Min) (0.98, 1.01, 0.69) (0.86, 0.61, 1.00) #fs:   3  -- #Conts: 22 E(22) 
5503819661 16916.00 || noQ Q (Avg,Max,Min) (1.00, 1.01, 0.92) (0.84, 0.62, 1.00) #fs:   3  -- #Conts: 29 C(29) 
6463071935 5544.00 || noQ Q (Avg,Max,Min) (1.00, 1.00, 0.99) (0.99, 0.93, 1.00) #fs:   3  -- #Conts: 20 A(20) 
6480071935 5543.00 || noQ Q (Avg,Max,Min) (1.00, 1.00, 0.99) (0.99, 0.93, 1.00) #fs:   3  -- #Conts: 20 A(20) 
/////////////////size: 11
1386549046 32085.06 || noQ Q (Avg,Max,Min) (1.00, 1.03, 1.00) (0.99, 0.90, 1.03) #fs:   0  -- #Conts: 12 H(4)  G(2)  A(2)  E(3)  C(1) 
1386865300 32082.06 || noQ Q (Avg,Max,Min) (1.00, 1.03, 1.00) (0.99, 0.90, 1.03) #fs:   0  -- #Conts: 12 H(4)  G(2)  A(2)  E(3)  C(1) 
1387113272 32079.06 || noQ Q (Avg,Max,Min) (1.00, 1.03, 1.00) (0.99, 0.90, 1.03) #fs:   0  -- #Conts: 11 H(4)  G(2)  A(1)  E(3)  C(1) 
1387506638 32077.06 || noQ Q (Avg,Max,Min) (1.00, 1.03, 1.00) (0.99, 0.90, 1.03) #fs:   0  -- #Conts: 12 H(4)  G(2)  A(2)  E(3)  C(1) 
1387524066 32076.06 || noQ Q (Avg,Max,Min) (1.00, 1.03, 1.00) (0.99, 0.90, 1.03) #fs:   0  -- #Conts: 11 H(4)  G(2)  A(1)  E(3)  C(1) 
1612260170 31530.88 || noQ Q (Avg,Max,Min) (1.00, 1.03, 1.00) (1.00, 0.95, 1.03) #fs:   0  -- #Conts: 13 H(4)  G(3)  A(2)  E(3)  C(1) 
1613243818 31525.88 || noQ Q (Avg,Max,Min) (1.00, 1.03, 1.00) (1.00, 0.98, 1.03) #fs:   0  -- #Conts: 12 H(4)  G(3)  A(1)  E(3)  C(1) 
1613683074 31523.88 || noQ Q (Avg,Max,Min) (1.02, 1.17, 1.00) (0.94, 0.23, 1.03) #fs:   0  -- #Conts: 13 H(4)  G(3)  A(2)  E(3)  C(1) 
1693725069 31024.00 || noQ Q (Avg,Max,Min) (1.02, 1.19, 1.00) (0.93, 0.19, 1.01) #fs:   0  -- #Conts: 13 H(4)  G(3)  A(3)  E(2)  C(1) 
1694118036 30992.47 || noQ Q (Avg,Max,Min) (1.00, 1.01, 1.00) (0.99, 0.93, 1.01) #fs:   0  -- #Conts: 12 H(3)  G(3)  A(3)  E(2)  C(1) 
1694675292 30989.47 || noQ Q (Avg,Max,Min) (1.00, 1.01, 1.00) (0.99, 0.93, 1.01) #fs:   0  -- #Conts: 12 H(3)  G(3)  A(3)  E(2)  C(1) 
1694848877 30988.47 || noQ Q (Avg,Max,Min) (1.00, 1.01, 1.00) (0.99, 0.93, 1.01) #fs:   0  -- #Conts: 12 H(3)  G(3)  A(3)  E(2)  C(1) 
1712106549 30987.47 || noQ Q (Avg,Max,Min) (1.00, 1.01, 1.00) (0.99, 0.93, 1.01) #fs:   0  -- #Conts: 13 H(3)  G(3)  A(4)  E(2)  C(1) 
1788561952 30511.71 || noQ Q (Avg,Max,Min) (1.00, 1.02, 1.00) (0.99, 0.87, 1.01) #fs:   0  -- #Conts: 11 H(4)  G(3)  A(1)  E(2)  C(1) 
1789002760 30495.94 || noQ Q (Avg,Max,Min) (1.01, 1.11, 1.00) (0.93, 0.30, 1.01) #fs:   0  -- #Conts: 12 H(4)  G(4)  A(1)  E(2)  C(1) 
1789135897 30480.18 || noQ Q (Avg,Max,Min) (1.01, 1.03, 1.00) (0.99, 0.92, 1.01) #fs:   0  -- #Conts: 11 H(4)  G(3)  A(1)  E(2)  C(1) 
1789428334 30477.18 || noQ Q (Avg,Max,Min) (1.01, 1.03, 1.00) (1.00, 0.94, 1.01) #fs:   1  -- #Conts: 11 H(4)  G(3)  A(1)  E(2)  C(1) 
1789529619 30476.18 || noQ Q (Avg,Max,Min) (1.01, 1.03, 1.00) (1.00, 0.95, 1.01) #fs:   1  -- #Conts: 11 H(4)  G(3)  A(1)  E(2)  C(1) 
1789749068 30474.18 || noQ Q (Avg,Max,Min) (1.01, 1.03, 1.00) (1.00, 0.96, 1.01) #fs:   1  -- #Conts: 11 H(4)  G(3)  A(1)  E(2)  C(1) 
1789843601 30473.18 || noQ Q (Avg,Max,Min) (1.01, 1.03, 1.00) (1.00, 0.97, 1.01) #fs:   1  -- #Conts: 11 H(4)  G(3)  A(1)  E(2)  C(1) 
1790098132 30472.18 || noQ Q (Avg,Max,Min) (1.01, 1.03, 1.00) (1.00, 0.99, 1.01) #fs:   0  -- #Conts: 11 H(4)  G(3)  A(1)  E(2)  C(1) 
1790266940 30470.18 || noQ Q (Avg,Max,Min) (1.01, 1.03, 1.00) (1.00, 1.00, 1.01) #fs:   0  -- #Conts: 11 H(4)  G(3)  A(1)  E(2)  C(1) 
1790436471 30469.88 || noQ Q (Avg,Max,Min) (1.01, 1.05, 1.00) (0.97, 0.65, 1.01) #fs:   0  -- #Conts: 12 H(4)  G(3)  A(1)  E(3)  C(1) 
1790493141 30469.18 || noQ Q (Avg,Max,Min) (1.01, 1.03, 1.00) (1.00, 0.99, 1.02) #fs:   0  -- #Conts: 11 H(4)  G(3)  A(1)  E(2)  C(1) 
1790587674 30468.18 || noQ Q (Avg,Max,Min) (1.01, 1.03, 1.00) (1.00, 0.98, 1.02) #fs:   0  -- #Conts: 11 H(4)  G(3)  A(1)  E(2)  C(1) 
1794007516 30464.65 || noQ Q (Avg,Max,Min) (1.01, 1.05, 1.00) (0.95, 0.65, 1.01) #fs:   0  -- #Conts: 13 H(3)  G(3)  A(1)  E(4)  C(2) 
1806456518 30462.94 || noQ Q (Avg,Max,Min) (1.01, 1.04, 1.00) (0.98, 0.75, 1.01) #fs:   0  -- #Conts: 13 H(3)  G(3)  A(2)  E(3)  C(2) 
1811310636 30462.24 || noQ Q (Avg,Max,Min) (1.00, 1.02, 1.00) (0.99, 0.93, 1.01) #fs:   0  -- #Conts: 13 H(3)  G(3)  A(3)  E(2)  C(2) 
1820607827 30453.88 || noQ Q (Avg,Max,Min) (1.01, 1.09, 1.00) (0.95, 0.35, 1.01) #fs:   0  -- #Conts: 14 H(3)  G(4)  A(2)  E(3)  C(2) 
1820808040 30449.94 || noQ Q (Avg,Max,Min) (1.02, 1.17, 1.00) (0.96, 0.40, 1.01) #fs:   0  -- #Conts: 13 H(4)  G(3)  A(1)  E(4)  C(1) 
1821591475 30448.88 || noQ Q (Avg,Max,Min) (1.01, 1.10, 1.00) (0.97, 0.65, 1.01) #fs:   0  -- #Conts: 13 H(3)  G(4)  A(1)  E(3)  C(2) 
1821697336 30434.18 || noQ Q (Avg,Max,Min) (1.01, 1.10, 1.00) (0.97, 0.65, 1.01) #fs:   0  -- #Conts: 13 H(3)  G(4)  A(1)  E(4)  C(1) 
1822212914 30431.82 || noQ Q (Avg,Max,Min) (1.00, 1.02, 1.00) (1.00, 0.98, 1.01) #fs:   0  -- #Conts: 12 H(3)  G(3)  A(1)  E(4)  C(1) 
1837136552 30430.12 || noQ Q (Avg,Max,Min) (1.00, 1.02, 1.00) (1.00, 0.95, 1.01) #fs:   0  -- #Conts: 13 H(3)  G(3)  A(2)  E(4)  C(1) 
1839462241 30429.41 || noQ Q (Avg,Max,Min) (1.00, 1.02, 1.00) (0.99, 0.93, 1.01) #fs:   0  -- #Conts: 14 H(3)  G(3)  A(3)  E(4)  C(1) 
2083373836 29915.06 || noQ Q (Avg,Max,Min) (1.02, 1.19, 1.00) (0.94, 0.19, 1.01) #fs:   0  -- #Conts: 14 H(3)  G(4)  A(2)  E(3)  C(2) 
2083766803 29899.29 || noQ Q (Avg,Max,Min) (1.00, 1.02, 1.00) (0.99, 0.93, 1.01) #fs:   0  -- #Conts: 13 H(2)  G(4)  A(2)  E(3)  C(2) 
2085018331 29890.24 || noQ Q (Avg,Max,Min) (1.01, 1.05, 1.00) (0.97, 0.65, 1.01) #fs:   0  -- #Conts: 14 H(2)  G(4)  A(2)  E(4)  C(2) 
2099799891 29888.53 || noQ Q (Avg,Max,Min) (1.00, 1.02, 1.00) (0.99, 0.93, 1.01) #fs:   0  -- #Conts: 14 H(2)  G(4)  A(3)  E(3)  C(2) 
2106686504 29888.29 || noQ Q (Avg,Max,Min) (1.00, 1.02, 1.00) (0.99, 0.93, 1.01) #fs:   0  -- #Conts: 14 H(2)  G(4)  A(3)  E(3)  C(2) 
2158215363 29034.71 || noQ Q (Avg,Max,Min) (1.00, 1.00, 1.00) (0.99, 0.93, 1.00) #fs:   0  -- #Conts: 12 H(2)  G(3)  A(2)  E(3)  C(2) 
2158531617 29031.71 || noQ Q (Avg,Max,Min) (1.00, 1.00, 1.00) (0.99, 0.93, 1.00) #fs:   0  -- #Conts: 12 H(2)  G(3)  A(2)  E(3)  C(2) 
2158632902 29030.71 || noQ Q (Avg,Max,Min) (1.00, 1.00, 1.00) (0.99, 0.93, 1.00) #fs:   0  -- #Conts: 12 H(2)  G(3)  A(2)  E(3)  C(2) 
2158779589 29028.71 || noQ Q (Avg,Max,Min) (1.00, 1.00, 1.00) (0.99, 0.96, 1.00) #fs:   0  -- #Conts: 11 H(2)  G(3)  A(1)  E(3)  C(2) 
2158946884 29027.71 || noQ Q (Avg,Max,Min) (1.00, 1.00, 1.00) (0.99, 0.93, 1.00) #fs:   0  -- #Conts: 12 H(2)  G(3)  A(2)  E(3)  C(2) 
2159172955 29026.71 || noQ Q (Avg,Max,Min) (1.00, 1.00, 1.00) (0.99, 0.93, 1.00) #fs:   0  -- #Conts: 12 H(2)  G(3)  A(2)  E(3)  C(2) 
2159190383 29025.71 || noQ Q (Avg,Max,Min) (1.00, 1.00, 1.00) (1.00, 0.96, 1.00) #fs:   0  -- #Conts: 11 H(2)  G(3)  A(1)  E(3)  C(2) 
2219193822 28475.41 || noQ Q (Avg,Max,Min) (1.00, 1.01, 1.00) (1.00, 0.95, 1.01) #fs:   0  -- #Conts: 12 H(1)  G(3)  A(2)  E(4)  C(2) 
2219641975 28473.41 || noQ Q (Avg,Max,Min) (1.00, 1.01, 1.00) (1.00, 0.95, 1.00) #fs:   0  -- #Conts: 12 H(1)  G(3)  A(2)  E(4)  C(2) 
2220177470 28470.41 || noQ Q (Avg,Max,Min) (1.00, 1.01, 1.00) (1.00, 0.99, 1.01) #fs:   0  -- #Conts: 11 H(1)  G(3)  A(1)  E(4)  C(2) 
2220625623 28468.41 || noQ Q (Avg,Max,Min) (1.00, 1.01, 1.00) (1.00, 0.99, 1.00) #fs:   0  -- #Conts: 11 H(1)  G(3)  A(1)  E(4)  C(2) 
2220790311 28467.41 || noQ Q (Avg,Max,Min) (1.02, 1.17, 1.00) (0.94, 0.23, 1.00) #fs:   0  -- #Conts: 12 H(1)  G(3)  A(2)  E(4)  C(2) 
2220903993 28466.41 || noQ Q (Avg,Max,Min) (1.00, 1.01, 1.00) (1.00, 1.00, 1.00) #fs:   0  -- #Conts: 11 H(1)  G(3)  A(1)  E(4)  C(2) 
2465408012 27958.53 || noQ Q (Avg,Max,Min) (1.02, 1.19, 1.00) (0.93, 0.19, 1.00) #fs:   0  -- #Conts: 12 H(1)  G(4)  A(2)  E(3)  C(2) 
2465800979 27942.76 || noQ Q (Avg,Max,Min) (1.00, 1.00, 1.00) (0.99, 0.93, 1.00) #fs:   0  -- #Conts: 11 G(4)  A(2)  E(3)  C(2) 
2467052507 27933.71 || noQ Q (Avg,Max,Min) (1.01, 1.05, 1.00) (0.96, 0.65, 1.00) #fs:   0  -- #Conts: 12 G(4)  A(2)  E(4)  C(2) 
2467962210 27932.41 || noQ Q (Avg,Max,Min) (1.01, 1.05, 1.00) (0.95, 0.65, 1.00) #fs:   0  -- #Conts: 12 G(4)  A(1)  E(5)  C(2) 
2471417560 27932.18 || noQ Q (Avg,Max,Min) (1.01, 1.05, 1.00) (0.95, 0.65, 1.00) #fs:   0  -- #Conts: 12 G(4)  A(1)  E(5)  C(2) 
2481834067 27930.47 || noQ Q (Avg,Max,Min) (1.00, 1.04, 1.00) (0.97, 0.75, 1.00) #fs:   0  -- #Conts: 12 G(4)  A(2)  E(4)  C(2) 
2485265330 27930.00 || noQ Q (Avg,Max,Min) (1.00, 1.01, 1.00) (0.99, 0.93, 1.00) #fs:   0  -- #Conts: 12 G(4)  A(3)  E(3)  C(2) 
2488720680 27929.76 || noQ Q (Avg,Max,Min) (1.00, 1.01, 1.00) (0.99, 0.93, 1.00) #fs:   0  -- #Conts: 12 G(4)  A(3)  E(3)  C(2) 
2612490660 27878.88 || noQ Q (Avg,Max,Min) (1.00, 1.01, 1.00) (0.99, 0.95, 1.00) #fs:   0  -- #Conts: 12 G(5)  A(2)  E(4)  C(1) 
2613474308 27873.88 || noQ Q (Avg,Max,Min) (1.00, 1.00, 1.00) (1.00, 0.99, 1.00) #fs:   0  -- #Conts: 11 G(5)  A(1)  E(4)  C(1) 
2613913564 27871.88 || noQ Q (Avg,Max,Min) (1.02, 1.17, 1.00) (0.93, 0.23, 1.00) #fs:   0  -- #Conts: 12 G(5)  A(2)  E(4)  C(1) 
2825797289 12845.00 || noQ Q (Avg,Max,Min) (1.01, 1.04, 1.00) (0.98, 0.75, 1.01) #fs:   0  -- #Conts: 14 H(2)  A(4)  E(6)  C(2) 
2826113543 12843.00 || noQ Q (Avg,Max,Min) (1.01, 1.04, 1.00) (0.98, 0.75, 1.01) #fs:   0  -- #Conts: 14 H(2)  A(4)  E(6)  C(2) 
2826361515 12838.29 || noQ Q (Avg,Max,Min) (1.00, 1.02, 1.00) (1.00, 1.00, 1.01) #fs:   0  -- #Conts: 13 H(2)  A(4)  E(5)  C(2) 
2826633471 12838.00 || noQ Q (Avg,Max,Min) (1.01, 1.04, 1.00) (0.98, 0.75, 1.01) #fs:   0  -- #Conts: 14 H(2)  A(4)  E(6)  C(2) 
2826772309 12836.29 || noQ Q (Avg,Max,Min) (1.00, 1.02, 1.00) (1.00, 1.00, 1.01) #fs:   0  -- #Conts: 13 H(2)  A(4)  E(5)  C(2) 
3095261681 12287.00 || noQ Q (Avg,Max,Min) (1.00, 1.02, 1.00) (1.00, 0.95, 1.02) #fs:   0  -- #Conts: 15 H(2)  A(5)  G(1)  E(5)  C(2) 
3096245329 12282.00 || noQ Q (Avg,Max,Min) (1.00, 1.02, 1.00) (1.00, 0.96, 1.02) #fs:   0  -- #Conts: 14 H(2)  A(4)  G(1)  E(5)  C(2) 
3096684585 12280.00 || noQ Q (Avg,Max,Min) (1.01, 1.17, 1.00) (0.95, 0.23, 1.02) #fs:   0  -- #Conts: 15 H(2)  A(5)  G(1)  E(5)  C(2) 
3113301647 12279.00 || noQ Q (Avg,Max,Min) (1.00, 1.02, 1.00) (1.00, 0.96, 1.02) #fs:   0  -- #Conts: 15 H(2)  A(5)  G(1)  E(5)  C(2) 
3132989938 11775.41 || noQ Q (Avg,Max,Min) (1.02, 1.19, 1.00) (0.93, 0.19, 1.02) #fs:   0  -- #Conts: 14 H(2)  A(4)  G(3)  E(4)  C(1) 
3133382905 11759.65 || noQ Q (Avg,Max,Min) (1.01, 1.04, 1.00) (0.98, 0.75, 1.02) #fs:   0  -- #Conts: 13 H(1)  A(4)  G(3)  E(4)  C(1) 
3134100179 11758.94 || noQ Q (Avg,Max,Min) (1.00, 1.02, 1.00) (1.00, 0.93, 1.02) #fs:   0  -- #Conts: 13 H(1)  A(5)  G(3)  E(3)  C(1) 
3134634433 11749.88 || noQ Q (Avg,Max,Min) (1.01, 1.05, 1.00) (0.97, 0.65, 1.02) #fs:   0  -- #Conts: 14 H(1)  A(5)  G(3)  E(4)  C(1) 
3140474127 11746.47 || noQ Q (Avg,Max,Min) (1.00, 1.02, 1.00) (0.99, 0.93, 1.02) #fs:   0  -- #Conts: 13 H(1)  A(5)  G(2)  E(4)  C(1) 
3155328440 11744.76 || noQ Q (Avg,Max,Min) (1.00, 1.02, 1.00) (0.99, 0.93, 1.02) #fs:   0  -- #Conts: 14 H(1)  A(6)  G(2)  E(4)  C(1) 
3223891362 11521.18 || noQ Q (Avg,Max,Min) (1.00, 1.02, 1.00) (1.00, 0.95, 1.01) #fs:   0  -- #Conts: 12 A(6)  G(2)  E(3)  C(1) 
3224875010 11516.18 || noQ Q (Avg,Max,Min) (1.00, 1.02, 1.00) (1.00, 0.99, 1.01) #fs:   0  -- #Conts: 11 A(5)  G(2)  E(3)  C(1) 
3225314266 11515.18 || noQ Q (Avg,Max,Min) (1.02, 1.17, 1.00) (0.94, 0.23, 1.01) #fs:   0  -- #Conts: 12 A(6)  G(2)  E(3)  C(1) 
3225427948 11514.18 || noQ Q (Avg,Max,Min) (1.00, 1.02, 1.00) (1.00, 0.99, 1.01) #fs:   0  -- #Conts: 11 A(5)  G(2)  E(3)  C(1) 
3225976197 11512.18 || noQ Q (Avg,Max,Min) (1.02, 1.17, 1.00) (0.94, 0.23, 1.01) #fs:   0  -- #Conts: 12 A(6)  G(2)  E(3)  C(1) 
3226089879 11511.18 || noQ Q (Avg,Max,Min) (1.00, 1.02, 1.00) (1.00, 0.99, 1.01) #fs:   0  -- #Conts: 11 A(5)  G(2)  E(3)  C(1) 
3242650089 11510.18 || noQ Q (Avg,Max,Min) (1.00, 1.02, 1.00) (1.00, 0.99, 1.01) #fs:   0  -- #Conts: 12 A(6)  G(2)  E(3)  C(1) 
3249735307 11509.53 || noQ Q (Avg,Max,Min) (1.00, 1.02, 1.00) (0.99, 0.93, 1.01) #fs:   0  -- #Conts: 13 A(7)  G(2)  E(3)  C(1) 
3879414463 11482.06 || noQ Q (Avg,Max,Min) (1.02, 1.19, 1.00) (0.94, 0.19, 1.01) #fs:   0  -- #Conts: 14 H(1)  A(6)  G(2)  E(5) 
3879807430 11466.29 || noQ Q (Avg,Max,Min) (1.00, 1.02, 1.00) (1.00, 0.93, 1.01) #fs:   0  -- #Conts: 13 A(6)  G(2)  E(5) 
3881058958 11457.24 || noQ Q (Avg,Max,Min) (1.01, 1.05, 1.00) (0.97, 0.65, 1.01) #fs:   0  -- #Conts: 14 A(6)  G(2)  E(6) 
3885424011 11454.71 || noQ Q (Avg,Max,Min) (1.01, 1.05, 1.00) (0.96, 0.65, 1.01) #fs:   0  -- #Conts: 13 A(4)  G(2)  E(7) 
3895840518 11453.00 || noQ Q (Avg,Max,Min) (1.01, 1.04, 1.00) (0.98, 0.75, 1.01) #fs:   0  -- #Conts: 13 A(5)  G(2)  E(6) 
3902727131 11452.29 || noQ Q (Avg,Max,Min) (1.00, 1.02, 1.00) (0.99, 0.93, 1.01) #fs:   0  -- #Conts: 13 A(6)  G(2)  E(5) 
4058762184 11409.71 || noQ Q (Avg,Max,Min) (1.02, 1.19, 1.00) (0.92, 0.19, 1.00) #fs:   0  -- #Conts: 12 H(1)  A(5)  G(1)  E(3)  C(2) 
4059171887 11393.94 || noQ Q (Avg,Max,Min) (1.01, 1.11, 1.00) (0.93, 0.30, 1.00) #fs:   0  -- #Conts: 12 A(5)  G(2)  E(3)  C(2) 
4060389943 11384.88 || noQ Q (Avg,Max,Min) (1.00, 1.00, 1.00) (0.99, 0.93, 1.00) #fs:   0  -- #Conts: 11 A(5)  G(1)  E(3)  C(2) 
4064996468 11383.59 || noQ Q (Avg,Max,Min) (1.00, 1.00, 1.00) (0.98, 0.92, 1.00) #fs:   0  -- #Conts: 11 A(5)  G(1)  E(3)  C(2) 
4075188239 11383.18 || noQ Q (Avg,Max,Min) (1.00, 1.01, 1.00) (0.99, 0.93, 1.00) #fs:   0  -- #Conts: 12 A(6)  G(1)  E(3)  C(2) 
4079851206 11381.88 || noQ Q (Avg,Max,Min) (1.00, 1.01, 1.00) (0.98, 0.92, 1.00) #fs:   0  -- #Conts: 12 A(6)  G(1)  E(3)  C(2) 
4224749227 11379.41 || noQ Q (Avg,Max,Min) (1.00, 1.01, 1.00) (0.99, 0.93, 1.01) #fs:   0  -- #Conts: 13 A(6)  G(2)  E(3)  C(2) 
4239603540 11377.71 || noQ Q (Avg,Max,Min) (1.00, 1.01, 1.00) (0.99, 0.93, 1.01) #fs:   0  -- #Conts: 14 A(7)  G(2)  E(3)  C(2) 
4388604748 11274.12 || noQ Q (Avg,Max,Min) (1.02, 1.19, 1.00) (0.93, 0.19, 1.01) #fs:   0  -- #Conts: 14 H(1)  A(7)  G(1)  E(3)  C(2) 
4389014451 11258.35 || noQ Q (Avg,Max,Min) (1.01, 1.11, 1.00) (0.94, 0.30, 1.01) #fs:   0  -- #Conts: 14 A(7)  G(2)  E(3)  C(2) 
4390232507 11249.29 || noQ Q (Avg,Max,Min) (1.00, 1.01, 1.00) (0.99, 0.93, 1.01) #fs:   0  -- #Conts: 13 A(7)  G(1)  E(3)  C(2) 
4391609619 11248.00 || noQ Q (Avg,Max,Min) (1.01, 1.05, 1.00) (0.97, 0.65, 1.01) #fs:   0  -- #Conts: 13 A(6)  G(1)  E(4)  C(2) 
4394839032 11246.00 || noQ Q (Avg,Max,Min) (1.00, 1.01, 1.00) (0.99, 0.93, 1.01) #fs:   0  -- #Conts: 12 A(6)  G(1)  E(3)  C(2) 
4409693770 11244.29 || noQ Q (Avg,Max,Min) (1.00, 1.01, 1.00) (0.99, 0.93, 1.01) #fs:   0  -- #Conts: 13 A(7)  G(1)  E(3)  C(2) 
4481853011 8902.41 || noQ Q (Avg,Max,Min) (1.01, 1.15, 1.00) (0.94, 0.21, 1.02) #fs:   0  -- #Conts: 14 H(2)  A(7)  E(4)  C(1) 
4482332604 8886.65 || noQ Q (Avg,Max,Min) (1.01, 1.09, 1.00) (0.95, 0.35, 1.02) #fs:   0  -- #Conts: 14 H(1)  A(7)  G(1)  E(4)  C(1) 
4483316252 8881.65 || noQ Q (Avg,Max,Min) (1.01, 1.10, 1.00) (0.97, 0.65, 1.02) #fs:   0  -- #Conts: 13 H(1)  A(6)  G(1)  E(4)  C(1) 
4483778037 8877.59 || noQ Q (Avg,Max,Min) (1.01, 1.04, 1.00) (0.98, 0.75, 1.02) #fs:   0  -- #Conts: 14 H(1)  A(7)  E(5)  C(1) 
4501064698 8876.88 || noQ Q (Avg,Max,Min) (1.00, 1.02, 1.00) (1.00, 0.95, 1.02) #fs:   0  -- #Conts: 13 H(1)  A(7)  E(4)  C(1) 
4518064698 8875.88 || noQ Q (Avg,Max,Min) (1.00, 1.02, 1.00) (1.00, 0.99, 1.02) #fs:   0  -- #Conts: 12 H(1)  A(6)  E(4)  C(1) 
4542980754 6399.88 || noQ Q (Avg,Max,Min) (1.02, 1.19, 1.00) (0.95, 0.19, 1.02) #fs:   0  -- #Conts: 15 H(2)  A(6)  E(5)  C(2) 
4543390457 6384.12 || noQ Q (Avg,Max,Min) (1.01, 1.11, 1.00) (0.95, 0.30, 1.02) #fs:   0  -- #Conts: 15 H(1)  A(6)  G(1)  E(5)  C(2) 
4544625249 6375.06 || noQ Q (Avg,Max,Min) (1.01, 1.05, 1.00) (0.98, 0.65, 1.02) #fs:   0  -- #Conts: 15 H(1)  A(6)  E(6)  C(2) 
4559390073 6373.35 || noQ Q (Avg,Max,Min) (1.00, 1.02, 1.00) (1.00, 0.96, 1.02) #fs:   0  -- #Conts: 14 H(1)  A(6)  E(5)  C(2) 
4872823318 6172.00 || noQ Q (Avg,Max,Min) (1.02, 1.19, 1.00) (0.94, 0.19, 1.01) #fs:   0  -- #Conts: 15 H(1)  A(7)  G(1)  E(4)  C(2) 
4873233021 6156.24 || noQ Q (Avg,Max,Min) (1.01, 1.11, 1.00) (0.95, 0.30, 1.01) #fs:   0  -- #Conts: 15 A(7)  G(2)  E(4)  C(2) 
4874467813 6147.18 || noQ Q (Avg,Max,Min) (1.01, 1.05, 1.00) (0.97, 0.65, 1.01) #fs:   0  -- #Conts: 15 A(7)  G(1)  E(5)  C(2) 
4889232637 6145.47 || noQ Q (Avg,Max,Min) (1.00, 1.02, 1.00) (1.00, 0.93, 1.01) #fs:   0  -- #Conts: 14 A(7)  G(1)  E(4)  C(2) 
5289405279 6113.00 || noQ Q (Avg,Max,Min) (1.02, 1.19, 1.00) (0.94, 0.19, 1.01) #fs:   0  -- #Conts: 15 H(1)  A(7)  E(6)  C(1) 
5289814982 6097.24 || noQ Q (Avg,Max,Min) (1.01, 1.11, 1.00) (0.95, 0.30, 1.01) #fs:   0  -- #Conts: 15 A(7)  G(1)  E(6)  C(1) 
5291049774 6088.18 || noQ Q (Avg,Max,Min) (1.01, 1.05, 1.00) (0.97, 0.65, 1.01) #fs:   0  -- #Conts: 15 A(7)  E(7)  C(1) 
5305814598 6086.47 || noQ Q (Avg,Max,Min) (1.00, 1.02, 1.00) (1.00, 0.93, 1.01) #fs:   0  -- #Conts: 14 A(7)  E(6)  C(1) 
6444547676 5411.29 || noQ Q (Avg,Max,Min) (1.01, 1.06, 1.00) (0.94, 0.40, 1.01) #fs:   2  -- #Conts: 13 H(1)  A(5)  E(5)  C(2) 
6445308887 5395.53 || noQ Q (Avg,Max,Min) (1.01, 1.10, 1.00) (0.96, 0.65, 1.01) #fs:   1  -- #Conts: 13 A(5)  G(1)  E(5)  C(2) 
6446192171 5393.18 || noQ Q (Avg,Max,Min) (1.01, 1.05, 1.00) (0.94, 0.65, 1.01) #fs:   1  -- #Conts: 14 A(5)  E(7)  C(2) 
6460831653 5391.47 || noQ Q (Avg,Max,Min) (1.01, 1.04, 1.00) (0.97, 0.75, 1.01) #fs:   1  -- #Conts: 13 A(5)  E(6)  C(2) 
6463057333 5390.76 || noQ Q (Avg,Max,Min) (1.00, 1.02, 1.00) (0.99, 0.90, 1.01) #fs:   1  -- #Conts: 12 A(5)  E(5)  C(2) 
/////////////////size: 130
nodes 48 edges 56
 mulT: 10000 mulD: 10000  sumData GB 13488
pareto /SIPHT.n.50.0.dax time -> 1000.0
moheft /SIPHT.n.50.0.dax time -> 1720.0
distance from M to C 0.0
distance from P to C 503.9999976204301
distance from C to M 13.276914595305936
distance from C to P 544.1349910775372
toCompare: /SIPHT.n.50.0.dax sumDataGB: 13488 mulT: 10000 mulD: 10000 paretoOptTime_MS: 1000.0 MoheftOptimizationTime_MS: 1720.0 MtoC 0.0 PtoC 503.9999976204301 CtoM 13.276914595305936 CtoP 544.1349910775372
