specify -Dflow d,b,mt,md,size
Running /home/vaggelis/jc/SIPHT.n.100.0.dax mt 10000 md: 100 size null
1533971086 67244.12 || noQ Q (Avg,Max,Min) (0.93, 1.00, 0.00) (0.90, 0.00, 1.00) #fs:   4  -- #Conts: 15 H(13)  G(1)  E(1) 
1533971940 53844.12 || noQ Q (Avg,Max,Min) (0.99, 1.00, 0.87) (0.96, 0.84, 1.00) #fs:   3  -- #Conts: 15 H(13)  G(1)  E(1) 
1534419062 53812.59 || noQ Q (Avg,Max,Min) (0.99, 1.00, 0.87) (0.96, 0.84, 1.00) #fs:   3  -- #Conts: 15 H(13)  G(1)  E(1) 
2563499977 47735.53 || noQ Q (Avg,Max,Min) (0.98, 1.00, 0.76) (0.92, 0.74, 1.00) #fs:   2  -- #Conts: 25 H(2)  G(23) 
2603975391 47136.47 || noQ Q (Avg,Max,Min) (0.98, 1.00, 0.76) (0.92, 0.74, 1.00) #fs:   2  -- #Conts: 25 H(1)  G(24) 
2628953403 46526.94 || noQ Q (Avg,Max,Min) (0.98, 1.00, 0.76) (0.92, 0.74, 1.00) #fs:   2  -- #Conts: 25 G(24)  E(1) 
4456177167 36832.71 || noQ Q (Avg,Max,Min) (0.98, 1.00, 0.61) (0.82, 0.55, 1.00) #fs:   5  -- #Conts: 48 G(1)  E(47) 
4615077691 36678.47 || noQ Q (Avg,Max,Min) (0.99, 1.00, 0.61) (0.83, 0.55, 1.00) #fs:   4  -- #Conts: 48 E(47)  C(1) 
5431943759 31964.00 || noQ Q (Avg,Max,Min) (0.97, 1.00, 0.00) (0.87, 0.00, 1.00) #fs:   7  -- #Conts: 46 C(46) 
5431944458 25940.00 || noQ Q (Avg,Max,Min) (0.99, 1.00, 0.78) (0.89, 0.67, 1.00) #fs:   6  -- #Conts: 46 C(46) 
5529938183 25929.41 || noQ Q (Avg,Max,Min) (0.99, 1.00, 0.80) (0.90, 0.67, 1.00) #fs:   3  -- #Conts: 40 E(2)  C(38) 
6462666415 10205.00 || noQ Q (Avg,Max,Min) (0.97, 1.00, 0.06) (0.97, 0.06, 1.00) #fs:   6  -- #Conts: 37 A(37) 
6462667269 8521.00 || noQ Q (Avg,Max,Min) (1.00, 1.00, 1.00) (0.99, 0.97, 1.00) #fs:   5  -- #Conts: 37 A(37) 
6475961437 8520.00 || noQ Q (Avg,Max,Min) (1.00, 1.00, 1.00) (0.99, 0.97, 1.00) #fs:   5  -- #Conts: 37 A(37) 
/////////////////size: 14
1533971762 53403.53 || noQ Q (Avg,Max,Min) (1.00, 1.00, 1.00) (0.97, 0.71, 1.00) #fs:   0  -- #Conts: 17 H(6)  G(3)  A(2)  E(4)  C(2) 
1534257846 53400.53 || noQ Q (Avg,Max,Min) (1.00, 1.00, 1.00) (0.97, 0.74, 1.00) #fs:   0  -- #Conts: 17 H(6)  G(3)  A(1)  E(4)  C(3) 
1534420790 53399.53 || noQ Q (Avg,Max,Min) (1.00, 1.00, 1.00) (0.98, 0.71, 1.00) #fs:   0  -- #Conts: 16 H(6)  G(3)  A(1)  E(4)  C(2) 
1534420952 53398.53 || noQ Q (Avg,Max,Min) (1.00, 1.00, 1.00) (0.94, 0.32, 1.00) #fs:   0  -- #Conts: 17 H(7)  G(3)  A(1)  E(4)  C(2) 
1534706874 53396.53 || noQ Q (Avg,Max,Min) (1.00, 1.00, 1.00) (0.98, 0.74, 1.00) #fs:   0  -- #Conts: 16 H(6)  G(3)  A(1)  E(4)  C(2) 
1534747592 53384.76 || noQ Q (Avg,Max,Min) (1.00, 1.00, 1.00) (0.93, 0.33, 1.00) #fs:   0  -- #Conts: 18 H(6)  G(4)  A(1)  E(4)  C(3) 
1535228308 53382.76 || noQ Q (Avg,Max,Min) (1.00, 1.00, 1.00) (0.95, 0.54, 1.00) #fs:   0  -- #Conts: 17 H(6)  G(4)  A(1)  E(4)  C(2) 
1535517152 53380.76 || noQ Q (Avg,Max,Min) (1.00, 1.00, 1.00) (0.95, 0.54, 1.00) #fs:   0  -- #Conts: 17 H(6)  G(4)  A(1)  E(4)  C(2) 
1535887467 53378.06 || noQ Q (Avg,Max,Min) (1.00, 1.00, 1.00) (0.97, 0.64, 1.00) #fs:   0  -- #Conts: 17 H(6)  G(4)  A(2)  E(3)  C(2) 
1536214815 53375.71 || noQ Q (Avg,Max,Min) (1.00, 1.00, 1.00) (0.96, 0.73, 1.00) #fs:   0  -- #Conts: 18 H(6)  G(3)  A(2)  E(5)  C(2) 
1536657027 53375.06 || noQ Q (Avg,Max,Min) (1.00, 1.00, 1.00) (0.94, 0.22, 1.00) #fs:   0  -- #Conts: 17 H(6)  G(4)  A(2)  E(3)  C(2) 
1539321605 53375.00 || noQ Q (Avg,Max,Min) (1.00, 1.00, 1.00) (0.97, 0.76, 1.00) #fs:   0  -- #Conts: 18 H(6)  G(3)  A(2)  E(4)  C(3) 
1550035591 53364.94 || noQ Q (Avg,Max,Min) (1.00, 1.00, 1.00) (0.95, 0.33, 1.00) #fs:   0  -- #Conts: 19 H(6)  G(4)  A(2)  E(4)  C(3) 
1550699620 53361.94 || noQ Q (Avg,Max,Min) (1.00, 1.00, 1.00) (0.92, 0.22, 1.00) #fs:   0  -- #Conts: 19 H(6)  G(4)  A(3)  E(4)  C(2) 
1550805151 53360.94 || noQ Q (Avg,Max,Min) (1.00, 1.00, 1.00) (0.96, 0.54, 1.00) #fs:   0  -- #Conts: 18 H(6)  G(4)  A(2)  E(4)  C(2) 
1551396510 53356.88 || noQ Q (Avg,Max,Min) (1.00, 1.00, 1.00) (0.98, 0.83, 1.00) #fs:   0  -- #Conts: 18 H(6)  G(3)  A(3)  E(4)  C(2) 
1551499892 53355.88 || noQ Q (Avg,Max,Min) (1.00, 1.00, 1.00) (0.98, 0.83, 1.00) #fs:   0  -- #Conts: 18 H(6)  G(3)  A(2)  E(4)  C(3) 
1551992131 53354.94 || noQ Q (Avg,Max,Min) (1.00, 1.00, 1.00) (0.98, 0.87, 1.00) #fs:   0  -- #Conts: 17 H(6)  G(4)  A(1)  E(4)  C(2) 
1640597713 53079.00 || noQ Q (Avg,Max,Min) (1.00, 1.00, 1.00) (0.98, 0.91, 1.00) #fs:   0  -- #Conts: 22 H(8)  G(5)  A(3)  E(4)  C(2) 
1640853552 53077.00 || noQ Q (Avg,Max,Min) (1.00, 1.00, 1.00) (0.98, 0.91, 1.00) #fs:   0  -- #Conts: 22 H(8)  G(5)  A(3)  E(4)  C(2) 
1641157406 53074.00 || noQ Q (Avg,Max,Min) (1.00, 1.00, 1.00) (0.98, 0.91, 1.00) #fs:   0  -- #Conts: 22 H(8)  G(5)  A(3)  E(4)  C(2) 
1641261128 53073.00 || noQ Q (Avg,Max,Min) (1.00, 1.00, 1.00) (0.99, 0.91, 1.00) #fs:   0  -- #Conts: 21 H(8)  G(5)  A(2)  E(4)  C(2) 
1641491645 53071.00 || noQ Q (Avg,Max,Min) (1.00, 1.00, 1.00) (0.98, 0.91, 1.00) #fs:   0  -- #Conts: 22 H(8)  G(5)  A(3)  E(4)  C(2) 
1641611288 53070.00 || noQ Q (Avg,Max,Min) (1.00, 1.00, 1.00) (0.99, 0.91, 1.00) #fs:   0  -- #Conts: 21 H(8)  G(5)  A(2)  E(4)  C(2) 
1641822385 53068.00 || noQ Q (Avg,Max,Min) (1.00, 1.00, 1.00) (0.99, 0.91, 1.00) #fs:   0  -- #Conts: 21 H(8)  G(5)  A(2)  E(4)  C(2) 
1641945527 53067.00 || noQ Q (Avg,Max,Min) (1.00, 1.00, 1.00) (0.99, 0.91, 1.00) #fs:   0  -- #Conts: 21 H(8)  G(5)  A(2)  E(4)  C(2) 
1642156624 53065.00 || noQ Q (Avg,Max,Min) (1.00, 1.00, 1.00) (0.99, 0.91, 1.00) #fs:   0  -- #Conts: 21 H(8)  G(5)  A(2)  E(4)  C(2) 
1642291670 53064.00 || noQ Q (Avg,Max,Min) (1.00, 1.00, 1.00) (0.99, 0.91, 1.00) #fs:   0  -- #Conts: 20 H(8)  G(5)  A(1)  E(4)  C(2) 
1642493423 53063.00 || noQ Q (Avg,Max,Min) (1.00, 1.00, 1.00) (0.95, 0.22, 1.00) #fs:   0  -- #Conts: 21 H(8)  G(5)  A(2)  E(4)  C(2) 
1642521248 53062.00 || noQ Q (Avg,Max,Min) (1.00, 1.00, 1.00) (0.99, 0.91, 1.00) #fs:   0  -- #Conts: 20 H(8)  G(5)  A(1)  E(4)  C(2) 
1642625909 53061.00 || noQ Q (Avg,Max,Min) (1.00, 1.00, 1.00) (0.99, 0.91, 1.00) #fs:   0  -- #Conts: 20 H(8)  G(5)  A(1)  E(4)  C(2) 
1642827662 53060.00 || noQ Q (Avg,Max,Min) (1.00, 1.00, 1.00) (0.95, 0.22, 1.00) #fs:   0  -- #Conts: 21 H(8)  G(5)  A(2)  E(4)  C(2) 
1642855487 53059.00 || noQ Q (Avg,Max,Min) (1.00, 1.00, 1.00) (0.99, 0.91, 1.00) #fs:   0  -- #Conts: 20 H(8)  G(5)  A(1)  E(4)  C(2) 
1642987157 53058.00 || noQ Q (Avg,Max,Min) (1.00, 1.00, 1.00) (0.99, 0.91, 1.00) #fs:   0  -- #Conts: 20 H(8)  G(5)  A(1)  E(4)  C(2) 
1643155966 53057.00 || noQ Q (Avg,Max,Min) (1.00, 1.00, 1.00) (0.99, 0.91, 1.00) #fs:   0  -- #Conts: 20 H(8)  G(5)  A(1)  E(4)  C(2) 
1643216735 53056.00 || noQ Q (Avg,Max,Min) (1.00, 1.00, 1.00) (0.99, 0.91, 1.00) #fs:   0  -- #Conts: 20 H(8)  G(5)  A(1)  E(4)  C(2) 
1643358534 53055.00 || noQ Q (Avg,Max,Min) (1.00, 1.00, 1.00) (0.99, 0.91, 1.00) #fs:   0  -- #Conts: 20 H(8)  G(5)  A(1)  E(4)  C(2) 
1643490205 53054.00 || noQ Q (Avg,Max,Min) (1.00, 1.00, 1.00) (0.99, 0.91, 1.00) #fs:   0  -- #Conts: 20 H(8)  G(5)  A(1)  E(4)  C(2) 
1648351135 53046.53 || noQ Q (Avg,Max,Min) (1.00, 1.00, 1.00) (0.97, 0.71, 1.00) #fs:   0  -- #Conts: 22 H(8)  G(4)  A(2)  E(6)  C(2) 
1649615367 53043.82 || noQ Q (Avg,Max,Min) (1.00, 1.00, 1.00) (0.97, 0.71, 1.00) #fs:   0  -- #Conts: 23 H(8)  G(4)  A(2)  E(6)  C(3) 
1663243636 53043.12 || noQ Q (Avg,Max,Min) (1.00, 1.00, 1.00) (0.98, 0.91, 1.00) #fs:   0  -- #Conts: 23 H(8)  G(4)  A(4)  E(5)  C(2) 
1693288143 51956.18 || noQ Q (Avg,Max,Min) (1.00, 1.00, 1.00) (0.98, 0.87, 1.00) #fs:   0  -- #Conts: 18 H(7)  G(5)  A(1)  E(4)  C(1) 
1693609313 51948.18 || noQ Q (Avg,Max,Min) (1.00, 1.00, 1.00) (0.98, 0.89, 1.00) #fs:   1  -- #Conts: 18 H(7)  G(5)  A(1)  E(4)  C(1) 
1693676943 51947.18 || noQ Q (Avg,Max,Min) (1.00, 1.00, 1.00) (0.98, 0.89, 1.00) #fs:   0  -- #Conts: 18 H(7)  G(5)  A(1)  E(4)  C(1) 
1694137729 51945.18 || noQ Q (Avg,Max,Min) (1.00, 1.00, 1.00) (0.99, 0.93, 1.00) #fs:   0  -- #Conts: 18 H(7)  G(5)  A(1)  E(4)  C(1) 
1694380812 51943.18 || noQ Q (Avg,Max,Min) (1.00, 1.00, 1.00) (0.99, 0.93, 1.00) #fs:   2  -- #Conts: 18 H(7)  G(5)  A(1)  E(4)  C(1) 
1694384187 51942.18 || noQ Q (Avg,Max,Min) (1.00, 1.00, 1.00) (0.99, 0.93, 1.00) #fs:   1  -- #Conts: 18 H(7)  G(5)  A(1)  E(4)  C(1) 
1694397693 51940.18 || noQ Q (Avg,Max,Min) (1.00, 1.00, 1.00) (0.99, 0.93, 1.00) #fs:   1  -- #Conts: 18 H(7)  G(5)  A(1)  E(4)  C(1) 
1694471969 51939.18 || noQ Q (Avg,Max,Min) (1.00, 1.00, 1.00) (0.99, 0.93, 1.00) #fs:   1  -- #Conts: 18 H(7)  G(5)  A(1)  E(4)  C(1) 
1694774628 51937.18 || noQ Q (Avg,Max,Min) (1.00, 1.00, 0.99) (0.99, 0.93, 1.00) #fs:   2  -- #Conts: 18 H(7)  G(5)  A(1)  E(4)  C(1) 
1694890610 51935.18 || noQ Q (Avg,Max,Min) (1.00, 1.00, 1.00) (0.99, 0.93, 1.00) #fs:   2  -- #Conts: 18 H(7)  G(5)  A(1)  E(4)  C(1) 
1696956303 51933.18 || noQ Q (Avg,Max,Min) (1.00, 1.00, 1.00) (0.98, 0.83, 1.00) #fs:   0  -- #Conts: 19 H(7)  G(5)  A(1)  E(4)  C(2) 
1699631459 51932.35 || noQ Q (Avg,Max,Min) (1.00, 1.00, 1.00) (0.97, 0.74, 1.00) #fs:   0  -- #Conts: 19 H(6)  G(5)  A(1)  E(5)  C(2) 
1717456280 51931.65 || noQ Q (Avg,Max,Min) (1.00, 1.00, 1.00) (0.98, 0.83, 1.00) #fs:   0  -- #Conts: 19 H(6)  G(5)  A(2)  E(4)  C(2) 
1724937786 51920.94 || noQ Q (Avg,Max,Min) (1.00, 1.00, 0.96) (0.95, 0.31, 1.00) #fs:   1  -- #Conts: 21 H(7)  G(5)  A(2)  E(6)  C(1) 
1725687394 51905.18 || noQ Q (Avg,Max,Min) (1.00, 1.00, 1.00) (0.96, 0.53, 1.00) #fs:   0  -- #Conts: 21 H(6)  G(6)  A(2)  E(6)  C(1) 
1726347140 51902.82 || noQ Q (Avg,Max,Min) (1.00, 1.00, 1.00) (0.98, 0.93, 1.00) #fs:   0  -- #Conts: 20 H(6)  G(5)  A(2)  E(6)  C(1) 
1727487778 51900.12 || noQ Q (Avg,Max,Min) (1.00, 1.00, 1.00) (0.98, 0.83, 1.00) #fs:   0  -- #Conts: 21 H(6)  G(5)  A(2)  E(6)  C(2) 
1743477959 51899.41 || noQ Q (Avg,Max,Min) (1.00, 1.00, 1.00) (0.98, 0.91, 1.00) #fs:   0  -- #Conts: 22 H(6)  G(5)  A(4)  E(6)  C(1) 
1864437974 51708.06 || noQ Q (Avg,Max,Min) (1.00, 1.00, 1.00) (0.99, 0.94, 1.00) #fs:   0  -- #Conts: 17 H(6)  G(3)  A(2)  E(4)  C(2) 
1866642328 51705.76 || noQ Q (Avg,Max,Min) (1.00, 1.00, 1.00) (0.97, 0.71, 1.00) #fs:   0  -- #Conts: 18 H(6)  G(3)  A(2)  E(5)  C(2) 
1883771547 51705.06 || noQ Q (Avg,Max,Min) (1.00, 1.00, 1.00) (0.98, 0.91, 1.00) #fs:   0  -- #Conts: 18 H(6)  G(3)  A(3)  E(4)  C(2) 
1916149583 51507.12 || noQ Q (Avg,Max,Min) (1.00, 1.00, 1.00) (0.94, 0.14, 1.00) #fs:   1  -- #Conts: 17 H(6)  G(2)  A(3)  E(4)  C(2) 
1916815953 51506.12 || noQ Q (Avg,Max,Min) (1.00, 1.00, 1.00) (0.99, 0.96, 1.00) #fs:   1  -- #Conts: 16 H(6)  G(2)  A(2)  E(4)  C(2) 
1918327055 51503.12 || noQ Q (Avg,Max,Min) (1.00, 1.00, 1.00) (0.97, 0.71, 1.00) #fs:   0  -- #Conts: 17 H(6)  G(2)  A(2)  E(5)  C(2) 
1919565337 51502.12 || noQ Q (Avg,Max,Min) (1.00, 1.00, 1.00) (0.97, 0.71, 1.00) #fs:   0  -- #Conts: 17 H(6)  G(2)  A(1)  E(5)  C(3) 
1935557431 51501.41 || noQ Q (Avg,Max,Min) (1.00, 1.00, 1.00) (0.99, 0.91, 1.00) #fs:   0  -- #Conts: 17 H(6)  G(2)  A(3)  E(4)  C(2) 
1985690794 51387.06 || noQ Q (Avg,Max,Min) (1.00, 1.00, 0.94) (0.99, 0.87, 1.00) #fs:   1  -- #Conts: 17 H(6)  G(3)  A(2)  E(4)  C(2) 
1986139822 51383.06 || noQ Q (Avg,Max,Min) (0.99, 1.00, 0.90) (0.99, 0.83, 1.00) #fs:   1  -- #Conts: 17 H(6)  G(3)  A(2)  E(4)  C(2) 
1989251849 51382.76 || noQ Q (Avg,Max,Min) (1.00, 1.00, 1.00) (0.97, 0.71, 1.00) #fs:   0  -- #Conts: 18 H(6)  G(3)  A(1)  E(5)  C(3) 
1989295613 51381.76 || noQ Q (Avg,Max,Min) (1.00, 1.00, 1.00) (0.97, 0.71, 1.00) #fs:   0  -- #Conts: 18 H(6)  G(3)  A(1)  E(5)  C(3) 
1992018160 51381.47 || noQ Q (Avg,Max,Min) (1.00, 1.00, 1.00) (0.96, 0.73, 1.00) #fs:   0  -- #Conts: 19 H(6)  G(3)  A(1)  E(6)  C(3) 
2002803924 51250.65 || noQ Q (Avg,Max,Min) (1.00, 1.00, 1.00) (0.83, 0.13, 1.00) #fs:   0  -- #Conts: 20 H(9)  G(3)  A(2)  E(4)  C(2) 
2002839497 51219.12 || noQ Q (Avg,Max,Min) (1.00, 1.00, 1.00) (0.88, 0.19, 1.00) #fs:   0  -- #Conts: 19 H(8)  G(3)  A(2)  E(4)  C(2) 
2003027682 51203.35 || noQ Q (Avg,Max,Min) (1.00, 1.00, 1.00) (0.88, 0.22, 1.00) #fs:   0  -- #Conts: 19 H(7)  G(4)  A(2)  E(4)  C(2) 
2003080458 51177.82 || noQ Q (Avg,Max,Min) (1.00, 1.00, 1.00) (0.91, 0.22, 1.00) #fs:   0  -- #Conts: 19 H(6)  G(4)  A(2)  E(4)  C(3) 
2003127638 51176.82 || noQ Q (Avg,Max,Min) (1.00, 1.00, 1.00) (0.95, 0.32, 1.00) #fs:   0  -- #Conts: 18 H(6)  G(4)  A(1)  E(4)  C(3) 
2003822988 51172.82 || noQ Q (Avg,Max,Min) (1.00, 1.00, 1.00) (0.97, 0.53, 1.00) #fs:   0  -- #Conts: 17 H(6)  G(4)  A(1)  E(4)  C(2) 
2003870093 51169.82 || noQ Q (Avg,Max,Min) (1.00, 1.00, 1.00) (0.97, 0.54, 1.00) #fs:   0  -- #Conts: 17 H(6)  G(4)  A(1)  E(4)  C(2) 
2005433658 51167.47 || noQ Q (Avg,Max,Min) (1.00, 1.00, 0.99) (0.97, 0.48, 1.00) #fs:   1  -- #Conts: 17 H(6)  G(3)  A(1)  E(5)  C(2) 
2006511072 51167.18 || noQ Q (Avg,Max,Min) (1.00, 1.00, 1.00) (0.94, 0.48, 1.00) #fs:   0  -- #Conts: 19 H(6)  G(3)  A(1)  E(7)  C(2) 
2006697075 51164.76 || noQ Q (Avg,Max,Min) (1.00, 1.00, 0.99) (0.99, 0.83, 1.00) #fs:   1  -- #Conts: 17 H(6)  G(3)  A(1)  E(4)  C(3) 
2006985495 51164.47 || noQ Q (Avg,Max,Min) (1.00, 1.00, 1.00) (0.96, 0.71, 1.00) #fs:   0  -- #Conts: 19 H(6)  G(3)  A(1)  E(6)  C(3) 
2021613553 51164.06 || noQ Q (Avg,Max,Min) (1.00, 1.00, 1.00) (0.99, 0.91, 1.00) #fs:   0  -- #Conts: 18 H(6)  G(3)  A(3)  E(4)  C(2) 
2023640291 51163.76 || noQ Q (Avg,Max,Min) (1.00, 1.00, 1.00) (0.97, 0.73, 1.00) #fs:   0  -- #Conts: 19 H(6)  G(3)  A(3)  E(5)  C(2) 
2023718234 51163.06 || noQ Q (Avg,Max,Min) (1.00, 1.00, 1.00) (0.99, 0.91, 1.00) #fs:   0  -- #Conts: 19 H(6)  G(3)  A(4)  E(4)  C(2) 
2039873139 50808.76 || noQ Q (Avg,Max,Min) (1.00, 1.00, 1.00) (0.99, 0.92, 1.00) #fs:   0  -- #Conts: 16 H(5)  G(3)  A(2)  E(4)  C(2) 
2040322167 50804.76 || noQ Q (Avg,Max,Min) (1.00, 1.00, 1.00) (0.99, 0.96, 1.00) #fs:   0  -- #Conts: 15 H(5)  G(3)  A(1)  E(4)  C(2) 
2040553382 50802.06 || noQ Q (Avg,Max,Min) (1.00, 1.00, 1.00) (0.99, 0.92, 1.00) #fs:   0  -- #Conts: 16 H(5)  G(3)  A(2)  E(4)  C(2) 
2040652107 50801.76 || noQ Q (Avg,Max,Min) (1.00, 1.00, 1.00) (0.99, 0.96, 1.00) #fs:   0  -- #Conts: 15 H(5)  G(3)  A(1)  E(4)  C(2) 
2040736510 50800.76 || noQ Q (Avg,Max,Min) (1.00, 1.00, 1.00) (0.99, 0.96, 1.00) #fs:   0  -- #Conts: 15 H(5)  G(3)  A(1)  E(4)  C(2) 
2043312737 50800.06 || noQ Q (Avg,Max,Min) (1.00, 1.00, 1.00) (0.94, 0.22, 1.00) #fs:   0  -- #Conts: 17 H(5)  G(3)  A(2)  E(4)  C(3) 
2053611160 50799.06 || noQ Q (Avg,Max,Min) (1.00, 1.00, 1.00) (0.99, 0.96, 1.00) #fs:   0  -- #Conts: 16 H(5)  G(3)  A(2)  E(4)  C(2) 
2135823008 50366.59 || noQ Q (Avg,Max,Min) (0.99, 1.00, 0.89) (0.89, 0.14, 1.00) #fs:   2  -- #Conts: 19 H(6)  G(4)  A(2)  E(5)  C(2) 
2136140983 50335.06 || noQ Q (Avg,Max,Min) (0.99, 1.00, 0.89) (0.90, 0.14, 1.00) #fs:   1  -- #Conts: 19 H(6)  G(4)  A(2)  E(5)  C(2) 
2136322118 50332.06 || noQ Q (Avg,Max,Min) (0.99, 1.00, 0.88) (0.90, 0.14, 1.00) #fs:   2  -- #Conts: 19 H(6)  G(4)  A(2)  E(5)  C(2) 
2136661860 50300.53 || noQ Q (Avg,Max,Min) (0.99, 1.00, 0.80) (0.92, 0.14, 1.00) #fs:   1  -- #Conts: 19 H(6)  G(4)  A(2)  E(5)  C(2) 
2137661930 50293.47 || noQ Q (Avg,Max,Min) (1.00, 1.00, 1.00) (0.96, 0.48, 1.00) #fs:   0  -- #Conts: 18 H(6)  G(3)  A(1)  E(6)  C(2) 
2137785039 50290.47 || noQ Q (Avg,Max,Min) (1.00, 1.00, 1.00) (0.97, 0.76, 1.00) #fs:   0  -- #Conts: 18 H(6)  G(3)  A(1)  E(6)  C(2) 
2138327339 50288.47 || noQ Q (Avg,Max,Min) (0.97, 1.00, 0.49) (0.94, 0.36, 1.00) #fs:   1  -- #Conts: 19 H(6)  G(3)  A(2)  E(6)  C(2) 
2138357870 50287.47 || noQ Q (Avg,Max,Min) (0.99, 1.00, 0.85) (0.97, 0.76, 1.00) #fs:   1  -- #Conts: 18 H(6)  G(3)  A(1)  E(6)  C(2) 
2139996101 50283.35 || noQ Q (Avg,Max,Min) (1.00, 1.00, 0.99) (0.96, 0.53, 1.00) #fs:   1  -- #Conts: 17 H(5)  G(5)  A(1)  E(4)  C(2) 
2140160550 50271.59 || noQ Q (Avg,Max,Min) (1.00, 1.00, 1.00) (0.95, 0.32, 1.00) #fs:   0  -- #Conts: 18 H(4)  G(7)  A(1)  E(4)  C(2) 
2141011159 50262.53 || noQ Q (Avg,Max,Min) (1.00, 1.00, 1.00) (0.96, 0.48, 1.00) #fs:   0  -- #Conts: 18 H(4)  G(6)  A(1)  E(5)  C(2) 
2141182490 50255.82 || noQ Q (Avg,Max,Min) (1.00, 1.00, 1.00) (0.98, 0.91, 1.00) #fs:   0  -- #Conts: 17 H(4)  G(6)  A(1)  E(4)  C(2) 
2143508093 50253.53 || noQ Q (Avg,Max,Min) (1.00, 1.00, 0.99) (0.97, 0.73, 1.00) #fs:   1  -- #Conts: 19 H(4)  G(6)  A(1)  E(5)  C(3) 
2145000733 50252.53 || noQ Q (Avg,Max,Min) (1.00, 1.00, 1.00) (0.96, 0.71, 1.00) #fs:   1  -- #Conts: 19 H(4)  G(6)  A(1)  E(5)  C(3) 
2159995143 50251.82 || noQ Q (Avg,Max,Min) (1.00, 1.00, 1.00) (0.98, 0.91, 1.00) #fs:   1  -- #Conts: 19 H(4)  G(6)  A(3)  E(4)  C(2) 
2176508762 50251.35 || noQ Q (Avg,Max,Min) (1.00, 1.00, 1.00) (0.97, 0.83, 1.00) #fs:   0  -- #Conts: 20 H(4)  G(4)  A(3)  E(6)  C(3) 
2269453523 48196.29 || noQ Q (Avg,Max,Min) (1.00, 1.00, 1.00) (0.99, 0.92, 1.00) #fs:   0  -- #Conts: 16 H(3)  G(7)  A(2)  E(3)  C(1) 
2269709362 48194.29 || noQ Q (Avg,Max,Min) (1.00, 1.00, 1.00) (0.99, 0.92, 1.00) #fs:   0  -- #Conts: 16 H(3)  G(7)  A(2)  E(3)  C(1) 
2270116938 48190.29 || noQ Q (Avg,Max,Min) (1.00, 1.00, 1.00) (0.99, 0.94, 1.00) #fs:   0  -- #Conts: 16 H(3)  G(7)  A(2)  E(3)  C(1) 
2270155015 48189.29 || noQ Q (Avg,Max,Min) (1.00, 1.00, 1.00) (0.99, 0.92, 1.00) #fs:   0  -- #Conts: 16 H(3)  G(7)  A(2)  E(3)  C(1) 
2270374341 48188.29 || noQ Q (Avg,Max,Min) (1.00, 1.00, 1.00) (0.99, 0.94, 1.00) #fs:   0  -- #Conts: 16 H(3)  G(7)  A(2)  E(3)  C(1) 
2270384593 48187.29 || noQ Q (Avg,Max,Min) (1.00, 1.00, 1.00) (0.99, 0.92, 1.00) #fs:   0  -- #Conts: 16 H(3)  G(7)  A(2)  E(3)  C(1) 
2270421809 48186.29 || noQ Q (Avg,Max,Min) (1.00, 1.00, 1.00) (0.99, 0.91, 1.00) #fs:   0  -- #Conts: 16 H(3)  G(7)  A(2)  E(3)  C(1) 
2270678322 48185.29 || noQ Q (Avg,Max,Min) (1.00, 1.00, 1.00) (0.99, 0.91, 1.00) #fs:   0  -- #Conts: 16 H(3)  G(7)  A(2)  E(3)  C(1) 
2270718832 48184.29 || noQ Q (Avg,Max,Min) (1.00, 1.00, 1.00) (0.99, 0.92, 1.00) #fs:   0  -- #Conts: 16 H(3)  G(7)  A(2)  E(3)  C(1) 
2270819994 48183.29 || noQ Q (Avg,Max,Min) (1.00, 1.00, 1.00) (0.99, 0.94, 1.00) #fs:   0  -- #Conts: 16 H(3)  G(7)  A(2)  E(3)  C(1) 
2270982050 48182.29 || noQ Q (Avg,Max,Min) (1.00, 1.00, 1.00) (0.99, 0.91, 1.00) #fs:   0  -- #Conts: 16 H(3)  G(7)  A(2)  E(3)  C(1) 
2271049572 48181.29 || noQ Q (Avg,Max,Min) (1.00, 1.00, 1.00) (0.99, 0.94, 1.00) #fs:   0  -- #Conts: 16 H(3)  G(7)  A(2)  E(3)  C(1) 
2271086910 48180.29 || noQ Q (Avg,Max,Min) (1.00, 1.00, 1.00) (1.00, 0.97, 1.00) #fs:   0  -- #Conts: 15 H(3)  G(7)  A(1)  E(3)  C(1) 
2271316289 48179.29 || noQ Q (Avg,Max,Min) (1.00, 1.00, 1.00) (0.99, 0.91, 1.00) #fs:   0  -- #Conts: 16 H(3)  G(7)  A(2)  E(3)  C(1) 
2271383811 48178.29 || noQ Q (Avg,Max,Min) (1.00, 1.00, 1.00) (0.99, 0.94, 1.00) #fs:   0  -- #Conts: 16 H(3)  G(7)  A(2)  E(3)  C(1) 
2271501976 48177.29 || noQ Q (Avg,Max,Min) (1.00, 1.00, 1.00) (1.00, 0.97, 1.00) #fs:   0  -- #Conts: 15 H(3)  G(7)  A(1)  E(3)  C(1) 
2271647151 48176.29 || noQ Q (Avg,Max,Min) (1.00, 1.00, 1.00) (1.00, 0.97, 1.00) #fs:   0  -- #Conts: 15 H(3)  G(7)  A(1)  E(3)  C(1) 
2271731554 48175.29 || noQ Q (Avg,Max,Min) (1.00, 1.00, 1.00) (1.00, 0.97, 1.00) #fs:   0  -- #Conts: 15 H(3)  G(7)  A(1)  E(3)  C(1) 
2271836215 48174.29 || noQ Q (Avg,Max,Min) (1.00, 1.00, 1.00) (1.00, 0.97, 1.00) #fs:   0  -- #Conts: 15 H(3)  G(7)  A(1)  E(3)  C(1) 
2271981390 48173.29 || noQ Q (Avg,Max,Min) (1.00, 1.00, 1.00) (1.00, 0.97, 1.00) #fs:   0  -- #Conts: 15 H(3)  G(7)  A(1)  E(3)  C(1) 
2272065793 48172.29 || noQ Q (Avg,Max,Min) (1.00, 1.00, 1.00) (1.00, 0.97, 1.00) #fs:   0  -- #Conts: 15 H(3)  G(7)  A(1)  E(3)  C(1) 
2272197463 48171.29 || noQ Q (Avg,Max,Min) (1.00, 1.00, 1.00) (1.00, 0.97, 1.00) #fs:   0  -- #Conts: 15 H(3)  G(7)  A(1)  E(3)  C(1) 
2272342638 48170.29 || noQ Q (Avg,Max,Min) (1.00, 1.00, 1.00) (1.00, 0.97, 1.00) #fs:   0  -- #Conts: 15 H(3)  G(7)  A(1)  E(3)  C(1) 
2272427041 48169.29 || noQ Q (Avg,Max,Min) (1.00, 1.00, 1.00) (1.00, 0.97, 1.00) #fs:   0  -- #Conts: 15 H(3)  G(7)  A(1)  E(3)  C(1) 
2290206270 48053.88 || noQ Q (Avg,Max,Min) (1.00, 1.00, 1.00) (0.97, 0.71, 1.00) #fs:   0  -- #Conts: 16 H(3)  G(6)  A(2)  E(4)  C(1) 
2290655298 48049.88 || noQ Q (Avg,Max,Min) (1.00, 1.00, 1.00) (0.95, 0.58, 1.00) #fs:   0  -- #Conts: 16 H(3)  G(6)  A(2)  E(4)  C(1) 
2293963059 48047.18 || noQ Q (Avg,Max,Min) (1.00, 1.00, 1.00) (0.94, 0.22, 1.00) #fs:   0  -- #Conts: 17 H(3)  G(6)  A(3)  E(3)  C(2) 
2304261482 48046.18 || noQ Q (Avg,Max,Min) (1.00, 1.00, 1.00) (1.00, 0.97, 1.00) #fs:   0  -- #Conts: 16 H(3)  G(6)  A(3)  E(3)  C(1) 
2512441458 47558.47 || noQ Q (Avg,Max,Min) (1.00, 1.00, 1.00) (0.84, 0.13, 1.00) #fs:   0  -- #Conts: 17 H(4)  G(6)  A(3)  E(3)  C(1) 
2512537921 47526.94 || noQ Q (Avg,Max,Min) (1.00, 1.00, 1.00) (0.90, 0.14, 1.00) #fs:   0  -- #Conts: 16 H(3)  G(6)  A(3)  E(3)  C(1) 
2512563505 47518.18 || noQ Q (Avg,Max,Min) (1.00, 1.00, 1.00) (0.94, 0.14, 1.00) #fs:   0  -- #Conts: 15 H(2)  G(6)  A(3)  E(3)  C(1) 
2513333065 47514.18 || noQ Q (Avg,Max,Min) (1.00, 1.00, 1.00) (0.94, 0.14, 1.00) #fs:   0  -- #Conts: 15 H(2)  G(6)  A(3)  E(3)  C(1) 
2513333227 47511.18 || noQ Q (Avg,Max,Min) (1.00, 1.00, 1.00) (0.91, 0.14, 1.00) #fs:   0  -- #Conts: 16 H(2)  G(7)  A(3)  E(3)  C(1) 
2513929717 47510.18 || noQ Q (Avg,Max,Min) (1.00, 1.00, 1.00) (0.99, 0.94, 1.00) #fs:   0  -- #Conts: 14 H(2)  G(6)  A(2)  E(3)  C(1) 
2513994573 47508.82 || noQ Q (Avg,Max,Min) (1.00, 1.00, 1.00) (0.90, 0.14, 1.00) #fs:   0  -- #Conts: 17 H(2)  G(6)  A(3)  E(5)  C(1) 
2514545836 47507.82 || noQ Q (Avg,Max,Min) (1.00, 1.00, 1.00) (0.94, 0.48, 1.00) #fs:   0  -- #Conts: 16 H(2)  G(6)  A(2)  E(5)  C(1) 
2514991450 47506.12 || noQ Q (Avg,Max,Min) (1.00, 1.00, 1.00) (0.92, 0.14, 1.00) #fs:   0  -- #Conts: 17 H(2)  G(6)  A(3)  E(4)  C(2) 
2515020259 47505.12 || noQ Q (Avg,Max,Min) (1.00, 1.00, 1.00) (0.97, 0.71, 1.00) #fs:   0  -- #Conts: 16 H(2)  G(6)  A(2)  E(4)  C(2) 
2531675055 47504.41 || noQ Q (Avg,Max,Min) (1.00, 1.00, 1.00) (0.98, 0.91, 1.00) #fs:   0  -- #Conts: 16 H(2)  G(6)  A(4)  E(3)  C(1) 
2548132234 47503.71 || noQ Q (Avg,Max,Min) (1.00, 1.00, 1.00) (0.95, 0.71, 1.00) #fs:   0  -- #Conts: 18 H(2)  G(7)  A(1)  E(6)  C(2) 
2558932830 47123.76 || noQ Q (Avg,Max,Min) (1.00, 1.00, 0.99) (0.90, 0.13, 1.00) #fs:   1  -- #Conts: 17 H(5)  G(7)  A(1)  E(3)  C(1) 
2558968771 47122.76 || noQ Q (Avg,Max,Min) (1.00, 1.00, 1.00) (0.90, 0.13, 1.00) #fs:   1  -- #Conts: 17 H(5)  G(7)  A(1)  E(3)  C(1) 
2559043047 47121.76 || noQ Q (Avg,Max,Min) (1.00, 1.00, 1.00) (0.90, 0.13, 1.00) #fs:   1  -- #Conts: 17 H(5)  G(7)  A(1)  E(3)  C(1) 
2559065445 47092.24 || noQ Q (Avg,Max,Min) (1.00, 1.00, 0.99) (0.94, 0.19, 1.00) #fs:   1  -- #Conts: 16 H(4)  G(7)  A(1)  E(3)  C(1) 
2559103658 47091.24 || noQ Q (Avg,Max,Min) (1.00, 1.00, 1.00) (0.94, 0.19, 1.00) #fs:   1  -- #Conts: 16 H(4)  G(7)  A(1)  E(3)  C(1) 
2559177922 47090.24 || noQ Q (Avg,Max,Min) (1.00, 1.00, 1.00) (0.94, 0.19, 1.00) #fs:   1  -- #Conts: 16 H(4)  G(7)  A(1)  E(3)  C(1) 
2559199652 47076.47 || noQ Q (Avg,Max,Min) (1.00, 1.00, 0.99) (0.95, 0.32, 1.00) #fs:   1  -- #Conts: 16 H(3)  G(8)  A(1)  E(3)  C(1) 
2559388655 47060.71 || noQ Q (Avg,Max,Min) (1.00, 1.00, 0.99) (1.00, 0.97, 1.00) #fs:   1  -- #Conts: 15 H(3)  G(7)  A(1)  E(3)  C(1) 
2565417826 47046.29 || noQ Q (Avg,Max,Min) (1.00, 1.00, 1.00) (0.94, 0.36, 1.00) #fs:   0  -- #Conts: 17 H(2)  G(7)  A(3)  E(4)  C(1) 
2566187386 47042.29 || noQ Q (Avg,Max,Min) (1.00, 1.00, 1.00) (0.94, 0.36, 1.00) #fs:   0  -- #Conts: 16 H(2)  G(7)  A(2)  E(4)  C(1) 
2566579107 47041.29 || noQ Q (Avg,Max,Min) (0.96, 1.00, 0.37) (0.94, 0.29, 1.00) #fs:   1  -- #Conts: 16 H(2)  G(7)  A(2)  E(4)  C(1) 
2566584893 47039.59 || noQ Q (Avg,Max,Min) (1.00, 1.00, 1.00) (0.95, 0.36, 1.00) #fs:   0  -- #Conts: 16 H(2)  G(7)  A(3)  E(3)  C(1) 
2566660114 47038.59 || noQ Q (Avg,Max,Min) (1.00, 1.00, 1.00) (0.99, 0.92, 1.00) #fs:   0  -- #Conts: 15 H(2)  G(7)  A(2)  E(3)  C(1) 
2590820312 47035.76 || noQ Q (Avg,Max,Min) (1.00, 1.00, 1.00) (0.93, 0.22, 1.00) #fs:   0  -- #Conts: 18 H(2)  G(6)  A(3)  E(6)  C(1) 
2590989109 47034.76 || noQ Q (Avg,Max,Min) (1.00, 1.00, 1.00) (0.98, 0.71, 1.00) #fs:   0  -- #Conts: 17 H(2)  G(6)  A(2)  E(6)  C(1) 
2601868487 47034.06 || noQ Q (Avg,Max,Min) (1.00, 1.00, 1.00) (0.99, 0.92, 1.00) #fs:   0  -- #Conts: 17 H(2)  G(6)  A(3)  E(5)  C(1) 
2603650537 46494.00 || noQ Q (Avg,Max,Min) (1.00, 1.00, 1.00) (0.93, 0.13, 1.00) #fs:   0  -- #Conts: 16 H(2)  G(7)  A(1)  E(5)  C(1) 
2603970897 46462.47 || noQ Q (Avg,Max,Min) (1.00, 1.00, 1.00) (0.98, 0.71, 1.00) #fs:   0  -- #Conts: 15 H(1)  G(7)  A(1)  E(5)  C(1) 
2604409898 46459.76 || noQ Q (Avg,Max,Min) (1.00, 1.00, 1.00) (0.99, 0.91, 1.00) #fs:   0  -- #Conts: 15 H(1)  G(7)  A(2)  E(4)  C(1) 
2605109086 46455.76 || noQ Q (Avg,Max,Min) (1.00, 1.00, 1.00) (1.00, 0.98, 1.00) #fs:   0  -- #Conts: 14 H(1)  G(7)  A(1)  E(4)  C(1) 
2605138017 46455.06 || noQ Q (Avg,Max,Min) (1.00, 1.00, 1.00) (0.99, 0.91, 1.00) #fs:   0  -- #Conts: 15 H(1)  G(7)  A(2)  E(4)  C(1) 
2605502546 46454.76 || noQ Q (Avg,Max,Min) (1.00, 1.00, 1.00) (0.95, 0.22, 1.00) #fs:   0  -- #Conts: 15 H(1)  G(7)  A(2)  E(4)  C(1) 
2605531477 46453.06 || noQ Q (Avg,Max,Min) (1.00, 1.00, 1.00) (1.00, 0.95, 1.00) #fs:   0  -- #Conts: 15 H(1)  G(7)  A(2)  E(4)  C(1) 
2606023428 46451.06 || noQ Q (Avg,Max,Min) (1.00, 1.00, 0.98) (1.00, 0.95, 1.00) #fs:   1  -- #Conts: 15 H(1)  G(7)  A(2)  E(4)  C(1) 
2606151487 46450.06 || noQ Q (Avg,Max,Min) (1.00, 1.00, 0.97) (1.00, 0.95, 1.00) #fs:   1  -- #Conts: 15 H(1)  G(7)  A(2)  E(4)  C(1) 
2606277892 46449.06 || noQ Q (Avg,Max,Min) (1.00, 1.00, 1.00) (1.00, 0.98, 1.00) #fs:   0  -- #Conts: 14 H(1)  G(7)  A(1)  E(4)  C(1) 
2628474198 46415.12 || noQ Q (Avg,Max,Min) (1.00, 1.00, 1.00) (0.85, 0.13, 1.00) #fs:   0  -- #Conts: 18 H(3)  G(9)  A(1)  E(4)  C(1) 
2628599178 46399.35 || noQ Q (Avg,Max,Min) (1.00, 1.00, 1.00) (0.89, 0.19, 1.00) #fs:   0  -- #Conts: 17 H(2)  G(9)  A(1)  E(4)  C(1) 
2628601735 46383.59 || noQ Q (Avg,Max,Min) (1.00, 1.00, 1.00) (0.89, 0.19, 1.00) #fs:   1  -- #Conts: 17 H(2)  G(9)  A(1)  E(4)  C(1) 
2628928414 46367.82 || noQ Q (Avg,Max,Min) (1.00, 1.00, 1.00) (0.93, 0.20, 1.00) #fs:   1  -- #Conts: 16 H(1)  G(9)  A(1)  E(4)  C(1) 
2628930292 46352.06 || noQ Q (Avg,Max,Min) (1.00, 1.00, 1.00) (0.94, 0.32, 1.00) #fs:   1  -- #Conts: 16 H(1)  G(9)  A(1)  E(4)  C(1) 
2629425619 46349.06 || noQ Q (Avg,Max,Min) (1.00, 1.00, 0.97) (0.97, 0.89, 1.00) #fs:   2  -- #Conts: 15 G(9)  A(1)  E(4)  C(1) 
2629567778 46343.00 || noQ Q (Avg,Max,Min) (1.00, 1.00, 1.00) (0.95, 0.48, 1.00) #fs:   0  -- #Conts: 16 G(9)  A(1)  E(5)  C(1) 
2629596709 46340.00 || noQ Q (Avg,Max,Min) (1.00, 1.00, 1.00) (0.95, 0.48, 1.00) #fs:   1  -- #Conts: 16 G(9)  A(1)  E(5)  C(1) 
2629697974 46336.29 || noQ Q (Avg,Max,Min) (1.00, 1.00, 1.00) (0.98, 0.91, 1.00) #fs:   0  -- #Conts: 15 G(9)  A(1)  E(4)  C(1) 
2629724357 46333.29 || noQ Q (Avg,Max,Min) (1.00, 1.00, 1.00) (0.98, 0.91, 1.00) #fs:   1  -- #Conts: 15 G(9)  A(1)  E(4)  C(1) 
2630385703 46330.94 || noQ Q (Avg,Max,Min) (1.00, 1.00, 1.00) (0.94, 0.48, 1.00) #fs:   0  -- #Conts: 17 G(9)  A(1)  E(6)  C(1) 
2630860126 46328.24 || noQ Q (Avg,Max,Min) (1.00, 1.00, 1.00) (0.96, 0.71, 1.00) #fs:   0  -- #Conts: 17 G(9)  A(1)  E(5)  C(2) 
2647514922 46327.53 || noQ Q (Avg,Max,Min) (1.00, 1.00, 1.00) (0.98, 0.91, 1.00) #fs:   0  -- #Conts: 17 G(9)  A(3)  E(4)  C(1) 
2652016249 46320.59 || noQ Q (Avg,Max,Min) (1.00, 1.00, 1.00) (0.97, 0.83, 1.00) #fs:   0  -- #Conts: 17 G(7)  A(1)  E(7)  C(2) 
2667195659 46319.88 || noQ Q (Avg,Max,Min) (1.00, 1.00, 1.00) (0.98, 0.91, 1.00) #fs:   0  -- #Conts: 18 G(7)  A(3)  E(7)  C(1) 
2669580993 46319.18 || noQ Q (Avg,Max,Min) (1.00, 1.00, 1.00) (0.98, 0.91, 1.00) #fs:   0  -- #Conts: 19 G(7)  A(4)  E(7)  C(1) 
2907152417 20107.94 || noQ Q (Avg,Max,Min) (1.00, 1.00, 1.00) (0.99, 0.91, 1.00) #fs:   0  -- #Conts: 19 H(3)  A(7)  G(3)  E(4)  C(2) 
2907408256 20105.94 || noQ Q (Avg,Max,Min) (1.00, 1.00, 1.00) (0.99, 0.91, 1.00) #fs:   0  -- #Conts: 19 H(3)  A(7)  G(3)  E(4)  C(2) 
2907816771 20101.94 || noQ Q (Avg,Max,Min) (1.00, 1.00, 1.00) (0.99, 0.91, 1.00) #fs:   0  -- #Conts: 19 H(3)  A(7)  G(3)  E(4)  C(2) 
2908046349 20099.94 || noQ Q (Avg,Max,Min) (1.00, 1.00, 1.00) (0.99, 0.91, 1.00) #fs:   0  -- #Conts: 19 H(3)  A(7)  G(3)  E(4)  C(2) 
2908104533 20098.94 || noQ Q (Avg,Max,Min) (1.00, 1.00, 1.00) (0.99, 0.91, 1.00) #fs:   0  -- #Conts: 19 H(3)  A(7)  G(3)  E(4)  C(2) 
2908361808 20096.94 || noQ Q (Avg,Max,Min) (1.00, 1.00, 1.00) (0.99, 0.91, 1.00) #fs:   0  -- #Conts: 19 H(3)  A(7)  G(3)  E(4)  C(2) 
2908481750 20095.94 || noQ Q (Avg,Max,Min) (1.00, 1.00, 1.00) (0.99, 0.91, 1.00) #fs:   0  -- #Conts: 19 H(3)  A(7)  G(3)  E(4)  C(2) 
2908665662 20094.94 || noQ Q (Avg,Max,Min) (1.00, 1.00, 1.00) (0.99, 0.91, 1.00) #fs:   0  -- #Conts: 19 H(3)  A(7)  G(3)  E(4)  C(2) 
2908711328 20093.94 || noQ Q (Avg,Max,Min) (1.00, 1.00, 1.00) (0.99, 0.91, 1.00) #fs:   0  -- #Conts: 19 H(3)  A(7)  G(3)  E(4)  C(2) 
2908784915 20092.94 || noQ Q (Avg,Max,Min) (1.00, 1.00, 1.00) (0.99, 0.91, 1.00) #fs:   0  -- #Conts: 18 H(3)  A(6)  G(3)  E(4)  C(2) 
2908999901 20091.94 || noQ Q (Avg,Max,Min) (1.00, 1.00, 1.00) (0.99, 0.91, 1.00) #fs:   0  -- #Conts: 19 H(3)  A(7)  G(3)  E(4)  C(2) 
2909042190 20090.94 || noQ Q (Avg,Max,Min) (1.00, 1.00, 1.00) (0.99, 0.91, 1.00) #fs:   0  -- #Conts: 18 H(3)  A(6)  G(3)  E(4)  C(2) 
2909163732 20089.94 || noQ Q (Avg,Max,Min) (1.00, 1.00, 1.00) (0.99, 0.91, 1.00) #fs:   0  -- #Conts: 18 H(3)  A(6)  G(3)  E(4)  C(2) 
2909346044 20088.94 || noQ Q (Avg,Max,Min) (1.00, 1.00, 1.00) (0.99, 0.91, 1.00) #fs:   0  -- #Conts: 18 H(3)  A(6)  G(3)  E(4)  C(2) 
2909393310 20087.94 || noQ Q (Avg,Max,Min) (1.00, 1.00, 1.00) (0.99, 0.91, 1.00) #fs:   0  -- #Conts: 18 H(3)  A(6)  G(3)  E(4)  C(2) 
2909524980 20086.94 || noQ Q (Avg,Max,Min) (1.00, 1.00, 1.00) (0.99, 0.91, 1.00) #fs:   0  -- #Conts: 18 H(3)  A(6)  G(3)  E(4)  C(2) 
2909680283 20085.94 || noQ Q (Avg,Max,Min) (1.00, 1.00, 1.00) (0.99, 0.91, 1.00) #fs:   0  -- #Conts: 18 H(3)  A(6)  G(3)  E(4)  C(2) 
2909754558 20084.94 || noQ Q (Avg,Max,Min) (1.00, 1.00, 1.00) (0.99, 0.91, 1.00) #fs:   0  -- #Conts: 18 H(3)  A(6)  G(3)  E(4)  C(2) 
2909896357 20083.94 || noQ Q (Avg,Max,Min) (1.00, 1.00, 1.00) (0.99, 0.91, 1.00) #fs:   0  -- #Conts: 18 H(3)  A(6)  G(3)  E(4)  C(2) 
2910041531 20082.94 || noQ Q (Avg,Max,Min) (1.00, 1.00, 1.00) (0.99, 0.91, 1.00) #fs:   0  -- #Conts: 18 H(3)  A(6)  G(3)  E(4)  C(2) 
2910125935 20081.94 || noQ Q (Avg,Max,Min) (1.00, 1.00, 1.00) (0.99, 0.91, 1.00) #fs:   0  -- #Conts: 18 H(3)  A(6)  G(3)  E(4)  C(2) 
3127312344 19516.88 || noQ Q (Avg,Max,Min) (1.00, 1.00, 1.00) (0.95, 0.19, 1.00) #fs:   0  -- #Conts: 19 H(3)  A(7)  G(3)  E(4)  C(2) 
3127761372 19512.88 || noQ Q (Avg,Max,Min) (1.00, 1.00, 1.00) (0.95, 0.32, 1.00) #fs:   0  -- #Conts: 19 H(3)  A(7)  G(3)  E(4)  C(2) 
3127799006 19501.12 || noQ Q (Avg,Max,Min) (1.00, 1.00, 1.00) (0.99, 0.91, 1.00) #fs:   0  -- #Conts: 18 H(2)  A(7)  G(3)  E(4)  C(2) 
3128568566 19497.12 || noQ Q (Avg,Max,Min) (1.00, 1.00, 1.00) (0.99, 0.91, 1.00) #fs:   0  -- #Conts: 18 H(2)  A(7)  G(3)  E(4)  C(2) 
3128938881 19495.12 || noQ Q (Avg,Max,Min) (1.00, 1.00, 1.00) (0.99, 0.91, 1.00) #fs:   0  -- #Conts: 18 H(2)  A(7)  G(3)  E(4)  C(2) 
3129266391 19492.06 || noQ Q (Avg,Max,Min) (1.00, 1.00, 1.00) (0.97, 0.73, 1.00) #fs:   0  -- #Conts: 19 H(2)  A(7)  G(3)  E(5)  C(2) 
3129708441 19491.12 || noQ Q (Avg,Max,Min) (1.00, 1.00, 1.00) (0.99, 0.91, 1.00) #fs:   0  -- #Conts: 17 H(2)  A(6)  G(3)  E(4)  C(2) 
3169799224 19001.41 || noQ Q (Avg,Max,Min) (1.00, 1.00, 1.00) (0.90, 0.13, 1.00) #fs:   0  -- #Conts: 20 H(3)  A(7)  G(4)  E(4)  C(2) 
3170022982 18969.88 || noQ Q (Avg,Max,Min) (1.00, 1.00, 1.00) (0.95, 0.31, 1.00) #fs:   0  -- #Conts: 19 H(2)  A(7)  G(4)  E(4)  C(2) 
3170048566 18960.12 || noQ Q (Avg,Max,Min) (1.00, 1.00, 1.00) (0.98, 0.91, 1.00) #fs:   0  -- #Conts: 18 H(1)  A(7)  G(4)  E(4)  C(2) 
3170818126 18956.12 || noQ Q (Avg,Max,Min) (1.00, 1.00, 1.00) (0.98, 0.91, 1.00) #fs:   0  -- #Conts: 18 H(1)  A(7)  G(4)  E(4)  C(2) 
3170818288 18954.12 || noQ Q (Avg,Max,Min) (1.00, 1.00, 1.00) (0.96, 0.53, 1.00) #fs:   0  -- #Conts: 19 H(1)  A(7)  G(5)  E(4)  C(2) 
3171479634 18951.76 || noQ Q (Avg,Max,Min) (1.00, 1.00, 1.00) (0.94, 0.48, 1.00) #fs:   0  -- #Conts: 20 H(1)  A(7)  G(4)  E(6)  C(2) 
3172038744 18950.47 || noQ Q (Avg,Max,Min) (1.00, 1.00, 1.00) (0.93, 0.48, 1.00) #fs:   0  -- #Conts: 20 H(1)  A(6)  G(4)  E(7)  C(2) 
3172349216 18949.06 || noQ Q (Avg,Max,Min) (1.00, 1.00, 1.00) (0.96, 0.71, 1.00) #fs:   0  -- #Conts: 20 H(1)  A(7)  G(4)  E(5)  C(3) 
3172841167 18947.76 || noQ Q (Avg,Max,Min) (1.00, 1.00, 1.00) (0.95, 0.71, 1.00) #fs:   0  -- #Conts: 20 H(1)  A(6)  G(4)  E(6)  C(3) 
3174586424 18946.76 || noQ Q (Avg,Max,Min) (1.00, 1.00, 1.00) (0.95, 0.73, 1.00) #fs:   0  -- #Conts: 20 H(1)  A(6)  G(4)  E(6)  C(3) 
3188608853 18946.06 || noQ Q (Avg,Max,Min) (1.00, 1.00, 1.00) (0.97, 0.76, 1.00) #fs:   0  -- #Conts: 20 H(1)  A(8)  G(4)  E(5)  C(2) 
3192411245 18945.35 || noQ Q (Avg,Max,Min) (1.00, 1.00, 1.00) (0.97, 0.83, 1.00) #fs:   0  -- #Conts: 20 H(1)  A(8)  G(4)  E(4)  C(3) 
3241349431 18387.06 || noQ Q (Avg,Max,Min) (1.00, 1.00, 1.00) (0.94, 0.13, 1.00) #fs:   0  -- #Conts: 19 H(1)  A(9)  G(3)  E(4)  C(2) 
3241669791 18355.53 || noQ Q (Avg,Max,Min) (1.00, 1.00, 1.00) (0.98, 0.91, 1.00) #fs:   0  -- #Conts: 18 A(9)  G(3)  E(4)  C(2) 
3606622849 18251.18 || noQ Q (Avg,Max,Min) (1.00, 1.00, 1.00) (0.95, 0.13, 1.00) #fs:   0  -- #Conts: 20 H(1)  A(7)  G(3)  E(7)  C(2) 
3606943209 18235.41 || noQ Q (Avg,Max,Min) (1.00, 1.00, 1.00) (0.99, 0.92, 1.00) #fs:   0  -- #Conts: 19 A(7)  G(3)  E(7)  C(2) 
3607909424 18226.35 || noQ Q (Avg,Max,Min) (1.00, 1.00, 1.00) (0.97, 0.48, 1.00) #fs:   0  -- #Conts: 20 A(7)  G(3)  E(8)  C(2) 
3609172841 18223.65 || noQ Q (Avg,Max,Min) (1.00, 1.00, 1.00) (0.98, 0.83, 1.00) #fs:   0  -- #Conts: 20 A(7)  G(3)  E(7)  C(3) 
3969797279 18223.35 || noQ Q (Avg,Max,Min) (1.00, 1.00, 1.00) (0.94, 0.45, 1.00) #fs:   0  -- #Conts: 21 A(9)  G(3)  E(6)  C(3) 
3985694887 18222.35 || noQ Q (Avg,Max,Min) (1.00, 1.00, 1.00) (0.97, 0.76, 1.00) #fs:   0  -- #Conts: 20 A(9)  G(3)  E(6)  C(2) 
3986195777 18221.65 || noQ Q (Avg,Max,Min) (1.00, 1.00, 1.00) (0.99, 0.91, 1.00) #fs:   0  -- #Conts: 19 A(9)  G(3)  E(5)  C(2) 
4146790051 18109.06 || noQ Q (Avg,Max,Min) (1.00, 1.00, 1.00) (0.94, 0.20, 1.00) #fs:   0  -- #Conts: 19 H(1)  A(8)  G(3)  E(5)  C(2) 
4147239079 18105.06 || noQ Q (Avg,Max,Min) (1.00, 1.00, 1.00) (0.95, 0.32, 1.00) #fs:   0  -- #Conts: 19 H(1)  A(8)  G(3)  E(5)  C(2) 
4147296155 18093.29 || noQ Q (Avg,Max,Min) (1.00, 1.00, 1.00) (0.95, 0.34, 1.00) #fs:   0  -- #Conts: 19 A(8)  G(4)  E(5)  C(2) 
4148065715 18089.29 || noQ Q (Avg,Max,Min) (1.00, 1.00, 1.00) (0.96, 0.55, 1.00) #fs:   0  -- #Conts: 19 A(8)  G(4)  E(5)  C(2) 
4148436030 18087.29 || noQ Q (Avg,Max,Min) (1.00, 1.00, 1.00) (0.97, 0.66, 1.00) #fs:   0  -- #Conts: 19 A(8)  G(4)  E(5)  C(2) 
4148821395 18084.24 || noQ Q (Avg,Max,Min) (1.00, 1.00, 1.00) (0.99, 0.91, 1.00) #fs:   0  -- #Conts: 18 A(8)  G(3)  E(5)  C(2) 
4149205590 18083.29 || noQ Q (Avg,Max,Min) (1.00, 1.00, 1.00) (0.98, 0.87, 1.00) #fs:   0  -- #Conts: 18 A(7)  G(4)  E(5)  C(2) 
4248576640 17983.06 || noQ Q (Avg,Max,Min) (1.00, 1.00, 1.00) (0.88, 0.13, 1.00) #fs:   0  -- #Conts: 20 H(1)  A(7)  G(5)  E(5)  C(2) 
4248897172 17951.53 || noQ Q (Avg,Max,Min) (1.00, 1.00, 0.96) (0.93, 0.32, 1.00) #fs:   1  -- #Conts: 19 A(7)  G(5)  E(5)  C(2) 
4249829999 17949.53 || noQ Q (Avg,Max,Min) (0.98, 1.00, 0.67) (0.93, 0.32, 1.00) #fs:   1  -- #Conts: 19 A(7)  G(5)  E(5)  C(2) 
4249953150 17933.76 || noQ Q (Avg,Max,Min) (1.00, 1.00, 1.00) (0.98, 0.86, 1.00) #fs:   0  -- #Conts: 18 A(7)  G(4)  E(5)  C(2) 
4251807484 17930.41 || noQ Q (Avg,Max,Min) (1.00, 1.00, 1.00) (0.99, 0.91, 1.00) #fs:   0  -- #Conts: 17 A(7)  G(3)  E(5)  C(2) 
4462673401 15140.24 || noQ Q (Avg,Max,Min) (1.00, 1.00, 1.00) (0.95, 0.19, 1.00) #fs:   0  -- #Conts: 18 H(1)  A(9)  G(3)  E(3)  C(2) 
4463122429 15136.24 || noQ Q (Avg,Max,Min) (1.00, 1.00, 1.00) (0.96, 0.32, 1.00) #fs:   0  -- #Conts: 18 H(1)  A(9)  G(3)  E(3)  C(2) 
4463160225 15124.47 || noQ Q (Avg,Max,Min) (1.00, 1.00, 1.00) (0.96, 0.33, 1.00) #fs:   0  -- #Conts: 18 A(9)  G(4)  E(3)  C(2) 
4463929785 15120.47 || noQ Q (Avg,Max,Min) (1.00, 1.00, 1.00) (0.97, 0.54, 1.00) #fs:   0  -- #Conts: 18 A(9)  G(4)  E(3)  C(2) 
4464300100 15118.47 || noQ Q (Avg,Max,Min) (1.00, 1.00, 1.00) (0.98, 0.64, 1.00) #fs:   0  -- #Conts: 18 A(9)  G(4)  E(3)  C(2) 
4464627448 15115.41 || noQ Q (Avg,Max,Min) (1.00, 1.00, 1.00) (0.98, 0.73, 1.00) #fs:   0  -- #Conts: 18 A(9)  G(3)  E(4)  C(2) 
4482990241 15114.71 || noQ Q (Avg,Max,Min) (1.00, 1.00, 1.00) (0.99, 0.92, 1.00) #fs:   0  -- #Conts: 17 A(9)  G(3)  E(3)  C(2) 
4502690241 15113.71 || noQ Q (Avg,Max,Min) (1.00, 1.00, 1.00) (0.99, 0.92, 1.00) #fs:   0  -- #Conts: 17 A(9)  G(3)  E(3)  C(2) 
4573934997 12616.29 || noQ Q (Avg,Max,Min) (1.00, 1.00, 1.00) (0.95, 0.19, 1.00) #fs:   0  -- #Conts: 17 H(1)  A(8)  G(3)  E(3)  C(2) 
4574384025 12612.29 || noQ Q (Avg,Max,Min) (1.00, 1.00, 1.00) (0.96, 0.31, 1.00) #fs:   0  -- #Conts: 17 H(1)  A(8)  G(3)  E(3)  C(2) 
4574409771 12600.53 || noQ Q (Avg,Max,Min) (1.00, 1.00, 1.00) (0.96, 0.32, 1.00) #fs:   0  -- #Conts: 17 A(8)  G(4)  E(3)  C(2) 
4575179331 12596.53 || noQ Q (Avg,Max,Min) (1.00, 1.00, 1.00) (0.97, 0.53, 1.00) #fs:   0  -- #Conts: 17 A(8)  G(4)  E(3)  C(2) 
4575840677 12591.47 || noQ Q (Avg,Max,Min) (1.00, 1.00, 1.00) (0.98, 0.71, 1.00) #fs:   0  -- #Conts: 17 A(8)  G(3)  E(4)  C(2) 
4586465960 9872.18 || noQ Q (Avg,Max,Min) (1.00, 1.00, 1.00) (0.90, 0.13, 1.00) #fs:   0  -- #Conts: 20 H(2)  A(9)  G(3)  E(4)  C(2) 
4586702943 9840.65 || noQ Q (Avg,Max,Min) (1.00, 1.00, 1.00) (0.95, 0.32, 1.00) #fs:   0  -- #Conts: 19 H(1)  A(9)  G(3)  E(4)  C(2) 
4587510299 9824.88 || noQ Q (Avg,Max,Min) (1.00, 1.00, 1.00) (0.96, 0.54, 1.00) #fs:   0  -- #Conts: 19 A(9)  G(4)  E(4)  C(2) 
4588207962 9822.53 || noQ Q (Avg,Max,Min) (1.00, 1.00, 1.00) (0.95, 0.48, 1.00) #fs:   0  -- #Conts: 20 A(9)  G(3)  E(6)  C(2) 
4588650174 9818.18 || noQ Q (Avg,Max,Min) (1.00, 1.00, 1.00) (0.99, 0.86, 1.00) #fs:   0  -- #Conts: 18 A(9)  G(4)  E(3)  C(2) 
4605715074 9818.12 || noQ Q (Avg,Max,Min) (1.00, 1.00, 1.00) (0.98, 0.73, 1.00) #fs:   1  -- #Conts: 18 A(9)  G(3)  E(4)  C(2) 
4605769011 9817.41 || noQ Q (Avg,Max,Min) (1.00, 1.00, 1.00) (0.99, 0.92, 1.00) #fs:   0  -- #Conts: 18 A(10)  G(3)  E(3)  C(2) 
6443131543 8543.71 || noQ Q (Avg,Max,Min) (1.00, 1.00, 1.00) (0.90, 0.13, 1.00) #fs:   2  -- #Conts: 18 H(2)  A(9)  G(1)  E(4)  C(2) 
6443149235 8463.47 || noQ Q (Avg,Max,Min) (1.00, 1.00, 1.00) (0.86, 0.13, 1.00) #fs:   3  -- #Conts: 19 H(3)  A(7)  G(1)  E(6)  C(2) 
6443230991 8447.71 || noQ Q (Avg,Max,Min) (1.00, 1.00, 1.00) (0.86, 0.19, 1.00) #fs:   3  -- #Conts: 19 H(2)  A(7)  G(2)  E(6)  C(2) 
6443580571 8431.94 || noQ Q (Avg,Max,Min) (1.00, 1.00, 1.00) (0.90, 0.19, 1.00) #fs:   3  -- #Conts: 18 H(2)  A(7)  G(1)  E(6)  C(2) 
6443606317 8416.18 || noQ Q (Avg,Max,Min) (1.00, 1.00, 1.00) (0.91, 0.32, 1.00) #fs:   3  -- #Conts: 18 H(1)  A(7)  G(2)  E(6)  C(2) 
6444197034 8407.12 || noQ Q (Avg,Max,Min) (1.00, 1.00, 1.00) (0.89, 0.32, 1.00) #fs:   3  -- #Conts: 19 A(7)  G(3)  E(7)  C(2) 
6444375877 8400.41 || noQ Q (Avg,Max,Min) (1.00, 1.00, 1.00) (0.92, 0.33, 1.00) #fs:   3  -- #Conts: 18 A(7)  G(3)  E(6)  C(2) 
6444775934 8391.35 || noQ Q (Avg,Max,Min) (1.00, 1.00, 1.00) (0.94, 0.48, 1.00) #fs:   3  -- #Conts: 18 A(7)  G(2)  E(7)  C(2) 
6445103282 8389.00 || noQ Q (Avg,Max,Min) (1.00, 1.00, 1.00) (0.93, 0.48, 1.00) #fs:   3  -- #Conts: 19 A(7)  G(1)  E(9)  C(2) 
6445460451 8386.29 || noQ Q (Avg,Max,Min) (1.00, 1.00, 1.00) (0.95, 0.71, 1.00) #fs:   3  -- #Conts: 19 A(7)  G(1)  E(8)  C(3) 
6445545494 8384.65 || noQ Q (Avg,Max,Min) (1.00, 1.00, 1.00) (0.98, 0.86, 1.00) #fs:   3  -- #Conts: 17 A(7)  G(2)  E(6)  C(2) 
6475466280 8384.59 || noQ Q (Avg,Max,Min) (1.00, 1.00, 1.00) (0.97, 0.73, 1.00) #fs:   3  -- #Conts: 17 A(7)  G(1)  E(7)  C(2) 
6475466442 8383.88 || noQ Q (Avg,Max,Min) (1.00, 1.00, 1.00) (0.99, 0.91, 1.00) #fs:   4  -- #Conts: 16 A(7)  G(1)  E(6)  C(2) 
/////////////////size: 285
nodes 97 edges 109
 mulT: 10000 mulD: 100  sumData GB 220
pareto /SIPHT.n.100.0.dax time -> 6086.0
moheft /SIPHT.n.100.0.dax time -> 8393.0
distance from M to C 0.0
distance from P to C 905.6428589826191
distance from C to M 18.503496508658337
distance from C to P 738.3155104723036
toCompare: /SIPHT.n.100.0.dax sumDataGB: 220 mulT: 10000 mulD: 100 paretoOptTime_MS: 6086.0 MoheftOptimizationTime_MS: 8393.0 MtoC 0.0 PtoC 905.6428589826191 CtoM 18.503496508658337 CtoP 738.3155104723036
