specify -Dflow d,b,mt,md,size
Running /home/vaggelis/jc/LIGO.n.100.0.dax mt 10 md: 20000 size null
    730660 740.94 || noQ Q (Avg,Max,Min) (1.25, 2.24, 0.96) (0.17, 0.07, 0.29) #fs:  30  -- #Conts: 24 H(23)  G(1) 
    748514 709.41 || noQ Q (Avg,Max,Min) (1.25, 2.24, 0.96) (0.18, 0.07, 0.29) #fs:  29  -- #Conts: 23 H(22)  G(1) 
    757232 693.65 || noQ Q (Avg,Max,Min) (1.26, 2.24, 0.96) (0.18, 0.07, 0.29) #fs:  30  -- #Conts: 23 H(21)  G(2) 
    774906 677.88 || noQ Q (Avg,Max,Min) (1.26, 2.24, 0.96) (0.18, 0.07, 0.29) #fs:  30  -- #Conts: 23 H(20)  G(3) 
    779899 662.12 || noQ Q (Avg,Max,Min) (1.26, 2.24, 0.96) (0.18, 0.07, 0.29) #fs:  30  -- #Conts: 23 H(19)  G(4) 
    797413 599.06 || noQ Q (Avg,Max,Min) (1.23, 1.93, 0.96) (0.20, 0.07, 0.36) #fs:  31  -- #Conts: 21 H(17)  G(4) 
    804032 583.29 || noQ Q (Avg,Max,Min) (1.23, 1.93, 0.96) (0.21, 0.16, 0.36) #fs:  31  -- #Conts: 20 H(17)  G(3) 
    805333 567.53 || noQ Q (Avg,Max,Min) (1.23, 1.93, 0.96) (0.21, 0.16, 0.36) #fs:  31  -- #Conts: 20 H(16)  G(4) 
    813857 551.76 || noQ Q (Avg,Max,Min) (1.24, 1.93, 0.96) (0.21, 0.16, 0.36) #fs:  31  -- #Conts: 20 H(15)  G(5) 
    821640 536.00 || noQ Q (Avg,Max,Min) (1.24, 1.93, 0.96) (0.22, 0.16, 0.36) #fs:  31  -- #Conts: 20 H(14)  G(6) 
    826388 520.24 || noQ Q (Avg,Max,Min) (1.25, 1.93, 0.96) (0.22, 0.16, 0.36) #fs:  31  -- #Conts: 20 H(13)  G(7) 
    832498 504.47 || noQ Q (Avg,Max,Min) (1.25, 1.93, 0.96) (0.22, 0.16, 0.36) #fs:  31  -- #Conts: 20 H(12)  G(8) 
    847188 488.71 || noQ Q (Avg,Max,Min) (1.26, 1.93, 0.96) (0.23, 0.16, 0.36) #fs:  31  -- #Conts: 20 H(11)  G(9) 
    862877 472.94 || noQ Q (Avg,Max,Min) (1.26, 1.93, 0.96) (0.23, 0.16, 0.36) #fs:  31  -- #Conts: 20 H(10)  G(10) 
    873543 457.18 || noQ Q (Avg,Max,Min) (1.27, 1.93, 1.05) (0.23, 0.18, 0.36) #fs:  31  -- #Conts: 20 H(9)  G(11) 
    919090 441.41 || noQ Q (Avg,Max,Min) (1.22, 1.78, 0.91) (0.26, 0.17, 0.38) #fs:  23  -- #Conts: 17 H(11)  G(6) 
    922478 425.65 || noQ Q (Avg,Max,Min) (1.22, 1.78, 0.96) (0.26, 0.20, 0.38) #fs:  24  -- #Conts: 17 H(10)  G(7) 
    928319 409.88 || noQ Q (Avg,Max,Min) (1.22, 1.78, 0.96) (0.27, 0.20, 0.38) #fs:  23  -- #Conts: 17 H(9)  G(8) 
    930676 394.12 || noQ Q (Avg,Max,Min) (1.22, 1.75, 0.95) (0.27, 0.20, 0.38) #fs:  23  -- #Conts: 17 H(8)  G(9) 
   1085613 369.29 || noQ Q (Avg,Max,Min) (1.08, 1.60, 0.85) (0.23, 0.12, 0.38) #fs:  30  -- #Conts: 24 G(23)  E(1) 
   1089187 360.24 || noQ Q (Avg,Max,Min) (1.09, 1.60, 0.85) (0.24, 0.12, 0.38) #fs:  30  -- #Conts: 24 G(22)  E(2) 
   1115923 353.53 || noQ Q (Avg,Max,Min) (1.11, 1.86, 0.86) (0.24, 0.12, 0.36) #fs:  28  -- #Conts: 23 G(22)  E(1) 
   1167206 346.82 || noQ Q (Avg,Max,Min) (1.09, 1.62, 0.86) (0.25, 0.12, 0.36) #fs:  29  -- #Conts: 21 H(1)  G(20) 
   1178973 331.06 || noQ Q (Avg,Max,Min) (1.09, 1.62, 0.86) (0.26, 0.12, 0.47) #fs:  31  -- #Conts: 21 G(21) 
   1183860 315.29 || noQ Q (Avg,Max,Min) (1.08, 1.61, 0.86) (0.27, 0.21, 0.47) #fs:  31  -- #Conts: 20 G(20) 
   1272220 306.24 || noQ Q (Avg,Max,Min) (1.04, 1.55, 0.82) (0.28, 0.21, 0.47) #fs:  31  -- #Conts: 20 G(19)  E(1) 
   1309206 283.76 || noQ Q (Avg,Max,Min) (1.66, 2.11, 1.18) (0.45, 0.14, 0.64) #fs:  10  -- #Conts: 9 H(9) 
   1358197 252.24 || noQ Q (Avg,Max,Min) (1.70, 2.11, 1.18) (0.50, 0.14, 0.67) #fs:  10  -- #Conts: 8 H(8) 
   1398045 220.71 || noQ Q (Avg,Max,Min) (1.72, 1.95, 1.28) (0.57, 0.21, 0.73) #fs:  11  -- #Conts: 7 H(7) 
   1540614 189.18 || noQ Q (Avg,Max,Min) (1.77, 1.99, 1.42) (0.67, 0.61, 0.72) #fs:  10  -- #Conts: 6 H(6) 
   1698581 157.65 || noQ Q (Avg,Max,Min) (1.89, 2.10, 1.64) (0.84, 0.77, 0.91) #fs:   5  -- #Conts: 5 H(5) 
   1940397 141.88 || noQ Q (Avg,Max,Min) (1.37, 1.67, 1.11) (0.61, 0.23, 0.82) #fs:  11  -- #Conts: 9 G(9) 
   1982239 126.12 || noQ Q (Avg,Max,Min) (1.39, 1.67, 1.27) (0.69, 0.59, 0.81) #fs:  11  -- #Conts: 8 G(8) 
   2231056 110.35 || noQ Q (Avg,Max,Min) (1.47, 1.62, 1.14) (0.80, 0.33, 0.97) #fs:   6  -- #Conts: 7 G(7) 
   2534462 094.59 || noQ Q (Avg,Max,Min) (1.48, 1.59, 1.35) (0.93, 0.81, 1.03) #fs:   6  -- #Conts: 6 G(6) 
   2781944 078.82 || noQ Q (Avg,Max,Min) (1.55, 1.67, 1.42) (1.14, 1.08, 1.20) #fs:   6  -- #Conts: 5 G(5) 
   3474177 063.06 || noQ Q (Avg,Max,Min) (1.58, 1.63, 1.52) (1.45, 1.41, 1.49) #fs:   7  -- #Conts: 4 G(4) 
/////////////////size: 37
   2284758 441.41 || noQ Q (Avg,Max,Min) (1.45, 2.50, 1.03) (0.33, 0.06, 1.44) #fs:  11  -- #Conts: 15 H(13)  G(2) 
   2291574 409.88 || noQ Q (Avg,Max,Min) (1.41, 2.51, 0.92) (0.36, 0.06, 1.45) #fs:  12  -- #Conts: 14 H(12)  G(2) 
   2570895 378.35 || noQ Q (Avg,Max,Min) (1.42, 2.42, 0.63) (0.39, 0.06, 1.51) #fs:   8  -- #Conts: 13 H(11)  G(2) 
   2592044 315.29 || noQ Q (Avg,Max,Min) (1.44, 2.24, 0.96) (0.46, 0.06, 1.60) #fs:  10  -- #Conts: 11 H(9)  G(2) 
   2753478 220.71 || noQ Q (Avg,Max,Min) (1.37, 2.27, 0.55) (0.63, 0.07, 1.60) #fs:  12  -- #Conts: 8 H(6)  G(2) 
   2766403 157.65 || noQ Q (Avg,Max,Min) (1.54, 2.25, 0.99) (0.86, 0.05, 1.60) #fs:  13  -- #Conts: 6 H(4)  G(2) 
   2912738 126.12 || noQ Q (Avg,Max,Min) (1.53, 2.23, 0.86) (1.02, 0.23, 1.63) #fs:  12  -- #Conts: 5 H(3)  G(2) 
   3226400 094.59 || noQ Q (Avg,Max,Min) (1.59, 2.11, 0.92) (1.28, 0.61, 1.74) #fs:  12  -- #Conts: 4 H(2)  G(2) 
   4244563 086.82 || noQ Q (Avg,Max,Min) (1.30, 2.16, 0.71) (0.92, 0.17, 2.12) #fs:   9  -- #Conts: 6 H(1)  G(3)  C(2) 
   4256807 085.53 || noQ Q (Avg,Max,Min) (1.35, 2.16, 0.69) (1.08, 0.23, 2.12) #fs:   9  -- #Conts: 5 H(1)  G(3)  E(1) 
   4385630 082.82 || noQ Q (Avg,Max,Min) (1.30, 2.16, 0.72) (1.08, 0.19, 2.12) #fs:  10  -- #Conts: 5 H(1)  G(3)  C(1) 
   4527426 078.82 || noQ Q (Avg,Max,Min) (1.41, 2.16, 0.77) (1.32, 0.73, 2.12) #fs:   9  -- #Conts: 4 H(1)  G(3) 
   5458170 074.00 || noQ Q (Avg,Max,Min) (1.30, 1.97, 1.04) (0.88, 0.16, 1.95) #fs:   6  -- #Conts: 9 G(3)  E(1)  C(5) 
   5689235 070.00 || noQ Q (Avg,Max,Min) (1.33, 1.97, 1.07) (0.99, 0.48, 1.95) #fs:   6  -- #Conts: 8 G(3)  E(1)  C(4) 
   5981786 066.00 || noQ Q (Avg,Max,Min) (1.37, 1.97, 1.06) (1.13, 0.56, 1.95) #fs:   5  -- #Conts: 7 G(3)  E(1)  C(3) 
   6316212 063.00 || noQ Q (Avg,Max,Min) (1.36, 1.97, 1.03) (1.19, 0.73, 1.95) #fs:   6  -- #Conts: 7 G(3)  A(1)  E(1)  C(2) 
   6544877 062.00 || noQ Q (Avg,Max,Min) (1.42, 1.97, 1.06) (1.29, 0.76, 1.95) #fs:   6  -- #Conts: 6 G(3)  E(1)  C(2) 
   6863244 061.00 || noQ Q (Avg,Max,Min) (1.31, 1.97, 1.02) (1.17, 0.70, 1.95) #fs:   6  -- #Conts: 8 G(3)  A(3)  E(1)  C(1) 
   7066124 060.00 || noQ Q (Avg,Max,Min) (1.35, 1.97, 1.02) (1.26, 0.73, 1.95) #fs:   5  -- #Conts: 7 G(3)  A(2)  E(1)  C(1) 
  23798593 058.47 || noQ Q (Avg,Max,Min) (1.25, 2.31, 0.93) (1.19, 0.73, 2.31) #fs:   3  -- #Conts: 9 G(1)  A(6)  E(1)  C(1) 
  24988729 057.47 || noQ Q (Avg,Max,Min) (1.25, 2.31, 0.93) (1.21, 0.73, 2.31) #fs:   3  -- #Conts: 9 G(1)  A(6)  E(1)  C(1) 
/////////////////size: 21
nodes 100 edges 123
 mulT: 10 mulD: 20000  sumData GB 57148
pareto /LIGO.n.100.0.dax time -> 6903.0
moheft /LIGO.n.100.0.dax time -> 374.0
distance from M to C 1.6666666706806532
distance from P to C 0.0
distance from C to M 5.3086081672851915
distance from C to P 1.5053781204008183
toCompare: /LIGO.n.100.0.dax sumDataGB: 57148 mulT: 10 mulD: 20000 paretoOptTime_MS: 6903.0 MoheftOptimizationTime_MS: 374.0 MtoC 1.6666666706806532 PtoC 0.0 CtoM 5.3086081672851915 CtoP 1.5053781204008183
