specify -Dflow d,b,mt,md,size
Running /home/vaggelis/jc/MONTAGE.n.100.0.dax mt 100 md: 10000 size null
   3096517 157.65 || noQ Q (Avg,Max,Min) (18.62, 24.12, 10.00) (3.43, 0.24, 13.07) #fs:   0  -- #Conts: 5 H(5) 
   3127587 094.59 || noQ Q (Avg,Max,Min) (17.38, 24.08, 10.00) (5.72, 1.92, 13.04) #fs:   2  -- #Conts: 3 H(3) 
   3234153 063.06 || noQ Q (Avg,Max,Min) (15.87, 17.16, 10.00) (8.25, 3.40, 13.10) #fs:   2  -- #Conts: 2 H(2) 
   6887019 060.35 || noQ Q (Avg,Max,Min) (4.24, 5.75, 3.60) (2.97, 2.13, 5.50) #fs:   8  -- #Conts: 7 E(7) 
   7157601 053.65 || noQ Q (Avg,Max,Min) (4.25, 5.42, 3.42) (3.43, 2.50, 5.39) #fs:   8  -- #Conts: 6 E(6) 
   8137829 046.94 || noQ Q (Avg,Max,Min) (5.08, 5.88, 3.93) (4.56, 3.82, 5.88) #fs:   5  -- #Conts: 5 E(5) 
   9853187 046.71 || noQ Q (Avg,Max,Min) (3.44, 4.42, 2.80) (2.69, 1.93, 4.03) #fs:   8  -- #Conts: 6 E(1)  C(5) 
   9965470 044.00 || noQ Q (Avg,Max,Min) (3.43, 4.37, 2.94) (2.73, 1.95, 4.03) #fs:   8  -- #Conts: 6 C(6) 
  10260133 042.71 || noQ Q (Avg,Max,Min) (3.61, 5.58, 2.80) (3.13, 1.93, 5.08) #fs:   7  -- #Conts: 6 E(1)  C(5) 
  10372416 040.00 || noQ Q (Avg,Max,Min) (3.61, 5.48, 2.94) (3.17, 2.15, 5.08) #fs:   7  -- #Conts: 6 C(6) 
  19052303 038.00 || noQ Q (Avg,Max,Min) (1.79, 2.59, 1.24) (1.56, 1.11, 2.31) #fs:   6  -- #Conts: 26 A(26) 
/////////////////size: 11
   5487778 245.00 || noQ Q (Avg,Max,Min) (8.84, 45.86, 1.77) (1.01, 0.24, 5.79) #fs:   4  -- #Conts: 20 H(3)  G(5)  A(1)  E(4)  C(7) 
   5494995 229.24 || noQ Q (Avg,Max,Min) (8.55, 45.86, 1.77) (1.06, 0.24, 5.79) #fs:   4  -- #Conts: 19 H(3)  G(4)  A(1)  E(4)  C(7) 
   5497371 225.24 || noQ Q (Avg,Max,Min) (8.79, 45.86, 1.77) (1.11, 0.26, 5.79) #fs:   4  -- #Conts: 18 H(3)  G(4)  A(1)  E(4)  C(6) 
   5497854 222.53 || noQ Q (Avg,Max,Min) (8.66, 45.86, 1.77) (1.12, 0.24, 5.79) #fs:   4  -- #Conts: 18 H(3)  G(4)  A(1)  E(3)  C(7) 
   5503418 213.47 || noQ Q (Avg,Max,Min) (6.48, 14.42, 1.77) (1.06, 0.24, 5.59) #fs:   6  -- #Conts: 19 H(2)  G(5)  A(1)  E(4)  C(7) 
   5510635 197.71 || noQ Q (Avg,Max,Min) (6.05, 14.24, 1.77) (1.12, 0.24, 5.59) #fs:   6  -- #Conts: 18 H(2)  G(4)  A(1)  E(4)  C(7) 
   5513011 193.71 || noQ Q (Avg,Max,Min) (6.15, 14.33, 1.77) (1.18, 0.26, 5.59) #fs:   6  -- #Conts: 17 H(2)  G(4)  A(1)  E(4)  C(6) 
   5513494 191.00 || noQ Q (Avg,Max,Min) (6.02, 14.42, 1.77) (1.18, 0.24, 5.59) #fs:   6  -- #Conts: 17 H(2)  G(4)  A(1)  E(3)  C(7) 
   5532220 188.65 || noQ Q (Avg,Max,Min) (8.02, 45.35, 1.77) (1.12, 0.26, 5.59) #fs:   5  -- #Conts: 18 H(2)  G(3)  A(1)  E(5)  C(7) 
   5543911 157.12 || noQ Q (Avg,Max,Min) (5.36, 7.74, 1.77) (1.19, 0.26, 5.81) #fs:   5  -- #Conts: 17 H(1)  G(3)  A(1)  E(5)  C(7) 
   5606780 147.71 || noQ Q (Avg,Max,Min) (22.14, 282.84, 1.77) (1.22, 0.26, 4.87) #fs:   4  -- #Conts: 16 H(1)  G(3)  A(1)  E(3)  C(8) 
   5631908 132.29 || noQ Q (Avg,Max,Min) (5.31, 8.35, 1.77) (1.01, 0.26, 6.53) #fs:   4  -- #Conts: 17 G(3)  A(1)  E(6)  C(7) 
   5634875 125.59 || noQ Q (Avg,Max,Min) (5.28, 8.34, 1.77) (1.07, 0.26, 6.53) #fs:   4  -- #Conts: 16 G(3)  A(1)  E(5)  C(7) 
   5649896 116.18 || noQ Q (Avg,Max,Min) (4.96, 8.32, 1.77) (1.14, 0.26, 6.53) #fs:   4  -- #Conts: 15 G(3)  A(1)  E(3)  C(8) 
   5660245 109.47 || noQ Q (Avg,Max,Min) (4.87, 8.31, 1.77) (1.22, 0.26, 6.53) #fs:   4  -- #Conts: 14 G(3)  A(1)  E(2)  C(8) 
   5661458 105.47 || noQ Q (Avg,Max,Min) (4.91, 8.30, 1.77) (1.32, 0.26, 6.53) #fs:   4  -- #Conts: 13 G(3)  A(1)  E(2)  C(7) 
   5677188 098.76 || noQ Q (Avg,Max,Min) (4.66, 8.26, 1.77) (1.43, 0.29, 6.51) #fs:   3  -- #Conts: 12 G(3)  A(1)  E(1)  C(7) 
   5783127 093.71 || noQ Q (Avg,Max,Min) (4.52, 8.66, 1.77) (1.79, 0.29, 7.46) #fs:   6  -- #Conts: 14 G(3)  A(1)  E(2)  C(8) 
   5784340 089.71 || noQ Q (Avg,Max,Min) (4.52, 8.66, 1.77) (1.92, 0.29, 7.46) #fs:   6  -- #Conts: 13 G(3)  A(1)  E(2)  C(7) 
   5852343 083.00 || noQ Q (Avg,Max,Min) (4.51, 8.48, 1.77) (2.09, 0.29, 7.46) #fs:   5  -- #Conts: 12 G(3)  A(1)  E(1)  C(7) 
   5935126 077.29 || noQ Q (Avg,Max,Min) (3.09, 7.56, 1.77) (1.82, 0.51, 5.60) #fs:  10  -- #Conts: 11 G(2)  A(2)  C(7) 
   6082266 072.24 || noQ Q (Avg,Max,Min) (3.55, 7.26, 1.75) (1.97, 0.29, 6.30) #fs:   9  -- #Conts: 13 G(2)  A(2)  E(1)  C(8) 
   6097656 068.24 || noQ Q (Avg,Max,Min) (3.54, 7.60, 1.77) (2.15, 0.29, 6.17) #fs:  10  -- #Conts: 12 G(2)  A(2)  E(1)  C(7) 
   6153109 067.24 || noQ Q (Avg,Max,Min) (8.33, 60.22, 1.77) (2.31, 0.52, 6.05) #fs:   8  -- #Conts: 11 G(2)  A(1)  E(1)  C(7) 
   6180000 059.24 || noQ Q (Avg,Max,Min) (3.87, 8.25, 1.77) (2.80, 0.52, 6.92) #fs:   9  -- #Conts: 9 G(2)  A(1)  E(1)  C(5) 
   6484934 055.24 || noQ Q (Avg,Max,Min) (11.08, 60.22, 1.77) (3.14, 0.52, 7.12) #fs:   6  -- #Conts: 8 G(2)  A(1)  E(1)  C(4) 
   6572994 048.88 || noQ Q (Avg,Max,Min) (4.13, 7.22, 1.77) (3.00, 0.52, 5.44) #fs:   7  -- #Conts: 7 G(1)  A(1)  E(2)  C(3) 
   6583390 047.88 || noQ Q (Avg,Max,Min) (4.51, 7.20, 3.01) (3.42, 2.19, 5.47) #fs:   6  -- #Conts: 6 G(1)  E(2)  C(3) 
   6871137 046.18 || noQ Q (Avg,Max,Min) (4.21, 5.74, 1.77) (3.14, 0.52, 5.44) #fs:   7  -- #Conts: 7 G(1)  A(1)  E(2)  C(3) 
   6881533 045.18 || noQ Q (Avg,Max,Min) (4.60, 5.73, 3.01) (3.58, 2.19, 5.47) #fs:   6  -- #Conts: 6 G(1)  E(2)  C(3) 
   6942559 043.88 || noQ Q (Avg,Max,Min) (4.89, 7.35, 3.05) (4.00, 2.19, 5.03) #fs:   5  -- #Conts: 5 G(1)  E(2)  C(2) 
   7137689 043.18 || noQ Q (Avg,Max,Min) (4.06, 5.69, 1.77) (3.10, 0.52, 5.01) #fs:   6  -- #Conts: 7 G(1)  A(2)  E(2)  C(2) 
   7141532 042.18 || noQ Q (Avg,Max,Min) (4.49, 5.85, 1.77) (3.57, 0.52, 5.01) #fs:   6  -- #Conts: 6 G(1)  A(1)  E(2)  C(2) 
   7151892 041.18 || noQ Q (Avg,Max,Min) (5.03, 5.83, 3.05) (4.18, 2.19, 5.03) #fs:   5  -- #Conts: 5 G(1)  E(2)  C(2) 
   7350911 040.18 || noQ Q (Avg,Max,Min) (4.02, 6.12, 1.76) (3.04, 0.52, 5.28) #fs:   4  -- #Conts: 7 G(1)  A(3)  E(2)  C(1) 
   7503717 039.18 || noQ Q (Avg,Max,Min) (4.32, 5.94, 1.76) (3.51, 0.52, 5.58) #fs:   5  -- #Conts: 6 G(1)  A(2)  E(2)  C(1) 
   7507361 038.18 || noQ Q (Avg,Max,Min) (4.84, 5.94, 1.78) (4.11, 0.52, 5.58) #fs:   5  -- #Conts: 5 G(1)  A(1)  E(2)  C(1) 
   7516955 037.18 || noQ Q (Avg,Max,Min) (5.66, 5.99, 4.83) (5.08, 4.36, 5.58) #fs:   5  -- #Conts: 4 G(1)  E(2)  C(1) 
   8573447 036.47 || noQ Q (Avg,Max,Min) (3.97, 6.05, 1.92) (3.56, 0.73, 5.88) #fs:   4  -- #Conts: 6 G(1)  A(2)  E(1)  C(2) 
   9454901 036.18 || noQ Q (Avg,Max,Min) (4.68, 5.91, 3.11) (4.25, 2.08, 5.58) #fs:   5  -- #Conts: 5 G(1)  A(1)  E(2)  C(1) 
   9464495 034.18 || noQ Q (Avg,Max,Min) (5.85, 8.73, 3.83) (5.04, 3.50, 5.73) #fs:   4  -- #Conts: 5 G(1)  A(1)  E(2)  C(1) 
   9995064 033.47 || noQ Q (Avg,Max,Min) (4.30, 6.05, 2.51) (3.74, 0.73, 5.88) #fs:   3  -- #Conts: 6 G(1)  A(2)  E(1)  C(2) 
  12405511 031.47 || noQ Q (Avg,Max,Min) (3.57, 5.52, 2.48) (3.44, 2.20, 5.50) #fs:   2  -- #Conts: 7 G(1)  A(4)  E(1)  C(1) 
  13621182 030.47 || noQ Q (Avg,Max,Min) (3.35, 6.44, 2.46) (2.76, 0.74, 6.44) #fs:   1  -- #Conts: 9 G(1)  A(7)  E(1) 
  13632732 029.47 || noQ Q (Avg,Max,Min) (3.46, 6.44, 2.46) (3.11, 1.49, 6.44) #fs:   1  -- #Conts: 8 G(1)  A(6)  E(1) 
/////////////////size: 45
nodes 100 edges 234
 mulT: 100 mulD: 10000  sumData GB 18485
pareto /MONTAGE.n.100.0.dax time -> 11711.0
moheft /MONTAGE.n.100.0.dax time -> 1399.0
distance from M to C 3.633952811025634
distance from P to C 3.181331997241688
distance from C to M 0.7083333333333334
distance from C to P 2.9861988176258727
toCompare: /MONTAGE.n.100.0.dax sumDataGB: 18485 mulT: 100 mulD: 10000 paretoOptTime_MS: 11711.0 MoheftOptimizationTime_MS: 1399.0 MtoC 3.633952811025634 PtoC 3.181331997241688 CtoM 0.7083333333333334 CtoP 2.9861988176258727
