specify -Dflow d,b,mt,md,size
Running /home/vaggelis/jc/SIPHT.n.100.0.dax mt 1 md: 10000 size null
    618889 031.53 || noQ Q (Avg,Max,Min) (24.24, 24.24, 10.00) (4.17, 4.17, 4.17) #fs:   0  -- #Conts: 1 H(1) 
   1060632 015.76 || noQ Q (Avg,Max,Min) (14.56, 14.56, 10.00) (4.29, 4.29, 4.29) #fs:   0  -- #Conts: 1 G(1) 
   1642774 013.41 || noQ Q (Avg,Max,Min) (5.44, 5.94, 4.95) (2.47, 2.26, 2.68) #fs:   3  -- #Conts: 2 E(2) 
   2213815 010.71 || noQ Q (Avg,Max,Min) (4.24, 4.70, 3.79) (2.57, 2.26, 2.89) #fs:   2  -- #Conts: 2 E(1)  C(1) 
   2392015 006.71 || noQ Q (Avg,Max,Min) (7.01, 7.01, 7.01) (4.66, 4.66, 4.66) #fs:   0  -- #Conts: 1 E(1) 
/////////////////size: 5
    918615 078.82 || noQ Q (Avg,Max,Min) (5.18, 16.56, 1.32) (1.08, 0.02, 4.22) #fs:   1  -- #Conts: 4 H(1)  G(3) 
    972387 031.53 || noQ Q (Avg,Max,Min) (8.52, 15.72, 1.32) (2.15, 0.06, 4.25) #fs:   1  -- #Conts: 2 G(2) 
   1060632 015.76 || noQ Q (Avg,Max,Min) (14.56, 14.56, 10.00) (4.29, 4.29, 4.29) #fs:   0  -- #Conts: 1 G(1) 
   2130351 013.41 || noQ Q (Avg,Max,Min) (4.43, 7.71, 1.14) (2.34, 0.11, 4.56) #fs:   1  -- #Conts: 2 E(2) 
   2241341 010.71 || noQ Q (Avg,Max,Min) (5.88, 6.73, 5.04) (2.38, 0.69, 4.08) #fs:   1  -- #Conts: 2 E(1)  C(1) 
   2392015 006.71 || noQ Q (Avg,Max,Min) (7.01, 7.01, 7.01) (4.66, 4.66, 4.66) #fs:   0  -- #Conts: 1 E(1) 
   4576648 006.00 || noQ Q (Avg,Max,Min) (2.37, 5.06, 1.02) (1.94, 0.41, 4.97) #fs:   0  -- #Conts: 3 A(2)  C(1) 
   5857609 005.00 || noQ Q (Avg,Max,Min) (3.07, 5.06, 1.08) (2.91, 0.85, 4.97) #fs:   0  -- #Conts: 2 A(1)  C(1) 
/////////////////size: 8
nodes 97 edges 109
 mulT: 1 mulD: 10000  sumData GB 22075
pareto /SIPHT.n.100.0.dax time -> 9188.0
moheft /SIPHT.n.100.0.dax time -> 279.0
distance from M to C 0.25
distance from P to C 0.0
distance from C to M 0.14285714285714285
distance from C to P 0.4185601012326453
toCompare: /SIPHT.n.100.0.dax sumDataGB: 22075 mulT: 1 mulD: 10000 paretoOptTime_MS: 9188.0 MoheftOptimizationTime_MS: 279.0 MtoC 0.25 PtoC 0.0 CtoM 0.14285714285714285 CtoP 0.4185601012326453
