specify -Dflow d,b,mt,md,size
Running /home/vaggelis/jc/CYBERSHAKE.n.100.0.dax mt 500 md: 1 size null
   3865452 725.18 || noQ Q (Avg,Max,Min) (0.92, 1.01, 0.74) (0.46, 0.25, 0.94) #fs:  26  -- #Conts: 23 H(23) 
   3917615 693.65 || noQ Q (Avg,Max,Min) (0.92, 1.01, 0.77) (0.48, 0.26, 0.95) #fs:  26  -- #Conts: 22 H(22) 
   4043134 662.12 || noQ Q (Avg,Max,Min) (0.92, 1.01, 0.73) (0.50, 0.27, 0.94) #fs:  26  -- #Conts: 21 H(21) 
   4115457 630.59 || noQ Q (Avg,Max,Min) (0.92, 1.01, 0.78) (0.53, 0.28, 0.95) #fs:  26  -- #Conts: 20 H(20) 
   4164580 599.06 || noQ Q (Avg,Max,Min) (0.92, 1.01, 0.78) (0.56, 0.30, 0.95) #fs:  21  -- #Conts: 19 H(19) 
   4235984 567.53 || noQ Q (Avg,Max,Min) (0.92, 1.01, 0.81) (0.59, 0.31, 0.95) #fs:  21  -- #Conts: 18 H(18) 
   4407758 536.00 || noQ Q (Avg,Max,Min) (0.90, 1.01, 0.79) (0.62, 0.37, 0.80) #fs:  20  -- #Conts: 15 H(15) 
   4485916 504.47 || noQ Q (Avg,Max,Min) (0.91, 1.01, 0.75) (0.67, 0.58, 0.82) #fs:  17  -- #Conts: 14 H(14) 
   4534196 472.94 || noQ Q (Avg,Max,Min) (0.91, 1.01, 0.73) (0.71, 0.59, 0.89) #fs:  19  -- #Conts: 14 H(14) 
   4691863 441.41 || noQ Q (Avg,Max,Min) (0.91, 1.01, 0.79) (0.75, 0.59, 0.95) #fs:  20  -- #Conts: 14 H(14) 
   4974783 409.88 || noQ Q (Avg,Max,Min) (0.94, 1.01, 0.83) (0.83, 0.60, 0.96) #fs:  13  -- #Conts: 12 H(12) 
   7020645 394.12 || noQ Q (Avg,Max,Min) (0.92, 1.00, 0.74) (0.72, 0.51, 1.00) #fs:  23  -- #Conts: 20 G(20) 
   7900894 378.35 || noQ Q (Avg,Max,Min) (0.91, 1.00, 0.74) (0.76, 0.56, 1.00) #fs:  23  -- #Conts: 16 G(16) 
   8361328 362.59 || noQ Q (Avg,Max,Min) (0.91, 1.00, 0.74) (0.79, 0.56, 1.00) #fs:  23  -- #Conts: 16 G(16) 
   8625466 346.82 || noQ Q (Avg,Max,Min) (0.91, 1.00, 0.71) (0.83, 0.56, 1.00) #fs:  22  -- #Conts: 16 G(16) 
   8767953 331.06 || noQ Q (Avg,Max,Min) (0.93, 1.00, 0.74) (0.86, 0.67, 1.00) #fs:  21  -- #Conts: 16 G(16) 
  15362413 328.59 || noQ Q (Avg,Max,Min) (0.92, 1.00, 0.74) (0.83, 0.55, 0.96) #fs:  29  -- #Conts: 25 E(25) 
  15957110 321.88 || noQ Q (Avg,Max,Min) (0.92, 1.00, 0.72) (0.85, 0.57, 0.96) #fs:  28  -- #Conts: 24 E(24) 
  16253337 315.18 || noQ Q (Avg,Max,Min) (0.92, 1.00, 0.72) (0.87, 0.69, 0.96) #fs:  28  -- #Conts: 23 E(23) 
  16482727 308.47 || noQ Q (Avg,Max,Min) (0.93, 1.00, 0.74) (0.88, 0.73, 0.97) #fs:  27  -- #Conts: 23 E(23) 
  27319740 308.00 || noQ Q (Avg,Max,Min) (0.94, 1.00, 0.81) (0.92, 0.77, 1.00) #fs:  17  -- #Conts: 20 C(20) 
  27782657 304.00 || noQ Q (Avg,Max,Min) (0.95, 1.00, 0.81) (0.93, 0.78, 1.00) #fs:  15  -- #Conts: 19 C(19) 
  30705474 300.00 || noQ Q (Avg,Max,Min) (0.95, 1.00, 0.80) (0.94, 0.79, 1.00) #fs:  14  -- #Conts: 17 C(17) 
  36047342 292.00 || noQ Q (Avg,Max,Min) (0.97, 1.00, 0.79) (0.96, 0.77, 1.00) #fs:   9  -- #Conts: 17 C(17) 
/////////////////size: 24
   3853706 1087.76 || noQ Q (Avg,Max,Min) (0.99, 1.01, 0.88) (0.28, 0.18, 0.54) #fs:  10  -- #Conts: 40 H(26)  G(14) 
   3877207 1040.47 || noQ Q (Avg,Max,Min) (0.99, 1.01, 0.86) (0.30, 0.22, 0.54) #fs:  11  -- #Conts: 38 H(25)  G(13) 
   3894764 1024.71 || noQ Q (Avg,Max,Min) (0.98, 1.01, 0.79) (0.30, 0.18, 0.54) #fs:  16  -- #Conts: 39 H(23)  G(16) 
   3976190 993.18 || noQ Q (Avg,Max,Min) (1.00, 1.01, 0.89) (0.31, 0.22, 0.55) #fs:   8  -- #Conts: 38 H(22)  G(16) 
   3979567 961.65 || noQ Q (Avg,Max,Min) (0.98, 1.01, 0.79) (0.31, 0.23, 0.55) #fs:  10  -- #Conts: 38 H(20)  G(18) 
   4011409 945.88 || noQ Q (Avg,Max,Min) (0.99, 1.01, 0.86) (0.32, 0.23, 0.56) #fs:   9  -- #Conts: 37 H(20)  G(17) 
   4030821 930.12 || noQ Q (Avg,Max,Min) (0.98, 1.01, 0.84) (0.32, 0.23, 0.56) #fs:  13  -- #Conts: 39 H(17)  G(22) 
   4053335 914.35 || noQ Q (Avg,Max,Min) (0.99, 1.01, 0.79) (0.32, 0.24, 0.56) #fs:  12  -- #Conts: 38 H(17)  G(21) 
   4058568 898.59 || noQ Q (Avg,Max,Min) (0.98, 1.01, 0.79) (0.33, 0.24, 0.56) #fs:  11  -- #Conts: 37 H(17)  G(20) 
   4095475 882.82 || noQ Q (Avg,Max,Min) (0.98, 1.01, 0.78) (0.34, 0.25, 0.56) #fs:   9  -- #Conts: 36 H(17)  G(19) 
   4118432 848.94 || noQ Q (Avg,Max,Min) (0.99, 1.01, 0.74) (0.35, 0.26, 0.57) #fs:  10  -- #Conts: 35 H(17)  G(16)  E(2) 
   4128623 833.18 || noQ Q (Avg,Max,Min) (0.99, 1.01, 0.84) (0.36, 0.27, 0.57) #fs:  10  -- #Conts: 34 H(17)  G(15)  E(2) 
   4149893 817.41 || noQ Q (Avg,Max,Min) (1.00, 1.01, 0.80) (0.37, 0.28, 0.58) #fs:   9  -- #Conts: 33 H(17)  G(14)  E(2) 
   4191588 792.59 || noQ Q (Avg,Max,Min) (1.00, 1.01, 0.94) (0.38, 0.28, 0.58) #fs:   5  -- #Conts: 34 H(15)  G(16)  E(3) 
   4219512 776.82 || noQ Q (Avg,Max,Min) (1.00, 1.01, 0.99) (0.38, 0.27, 0.59) #fs:   3  -- #Conts: 35 H(13)  G(19)  E(3) 
   4248040 749.65 || noQ Q (Avg,Max,Min) (1.00, 1.01, 0.86) (0.39, 0.29, 0.59) #fs:   9  -- #Conts: 36 H(12)  G(18)  E(6) 
   4322211 742.94 || noQ Q (Avg,Max,Min) (1.00, 1.01, 0.99) (0.39, 0.29, 0.60) #fs:   2  -- #Conts: 35 H(12)  G(18)  E(5) 
   4336676 736.24 || noQ Q (Avg,Max,Min) (1.00, 1.01, 0.98) (0.40, 0.29, 0.60) #fs:   4  -- #Conts: 34 H(12)  G(18)  E(4) 
   4376767 727.18 || noQ Q (Avg,Max,Min) (1.00, 1.01, 0.94) (0.40, 0.29, 0.61) #fs:   4  -- #Conts: 34 H(12)  G(17)  E(5) 
   4412548 718.12 || noQ Q (Avg,Max,Min) (1.00, 1.01, 0.92) (0.41, 0.29, 0.61) #fs:   4  -- #Conts: 34 H(12)  G(16)  E(6) 
   4427013 715.76 || noQ Q (Avg,Max,Min) (1.00, 1.01, 0.90) (0.41, 0.29, 0.62) #fs:   5  -- #Conts: 35 H(12)  G(15)  E(8) 
   4434173 709.06 || noQ Q (Avg,Max,Min) (1.00, 1.01, 0.94) (0.42, 0.29, 0.62) #fs:   7  -- #Conts: 34 H(12)  G(15)  E(7) 
   4479264 686.59 || noQ Q (Avg,Max,Min) (1.00, 1.01, 0.89) (0.43, 0.30, 0.62) #fs:   7  -- #Conts: 33 H(11)  G(16)  E(6) 
   4522949 679.88 || noQ Q (Avg,Max,Min) (1.00, 1.01, 0.90) (0.44, 0.32, 0.62) #fs:   9  -- #Conts: 32 H(11)  G(16)  E(5) 
   4529355 673.18 || noQ Q (Avg,Max,Min) (0.99, 1.01, 0.87) (0.44, 0.32, 0.62) #fs:   7  -- #Conts: 31 H(11)  G(16)  E(4) 
   4560913 657.41 || noQ Q (Avg,Max,Min) (0.99, 1.01, 0.87) (0.46, 0.32, 0.62) #fs:   9  -- #Conts: 30 H(11)  G(15)  E(4) 
   4591316 630.24 || noQ Q (Avg,Max,Min) (0.99, 1.01, 0.89) (0.47, 0.37, 0.63) #fs:   9  -- #Conts: 32 H(9)  G(16)  E(7) 
   4615321 599.06 || noQ Q (Avg,Max,Min) (0.98, 1.01, 0.79) (0.48, 0.29, 0.64) #fs:  12  -- #Conts: 34 H(1)  G(33) 
   4631235 567.53 || noQ Q (Avg,Max,Min) (0.98, 1.01, 0.80) (0.49, 0.29, 1.00) #fs:  10  -- #Conts: 34 H(1)  G(33) 
   4675541 551.76 || noQ Q (Avg,Max,Min) (0.99, 1.01, 0.87) (0.51, 0.29, 1.00) #fs:   9  -- #Conts: 33 H(1)  G(32) 
   4713109 542.71 || noQ Q (Avg,Max,Min) (0.99, 1.01, 0.83) (0.52, 0.37, 1.00) #fs:  11  -- #Conts: 33 H(1)  G(31)  E(1) 
   4726749 540.35 || noQ Q (Avg,Max,Min) (0.99, 1.01, 0.83) (0.52, 0.37, 1.00) #fs:  12  -- #Conts: 34 H(1)  G(30)  E(3) 
   4771880 533.65 || noQ Q (Avg,Max,Min) (0.98, 1.01, 0.83) (0.52, 0.37, 1.00) #fs:  14  -- #Conts: 33 H(1)  G(30)  E(2) 
   4787792 524.59 || noQ Q (Avg,Max,Min) (0.97, 1.01, 0.79) (0.53, 0.37, 1.00) #fs:  16  -- #Conts: 33 H(1)  G(29)  E(3) 
   4821889 511.18 || noQ Q (Avg,Max,Min) (0.97, 1.01, 0.80) (0.55, 0.40, 1.00) #fs:  11  -- #Conts: 31 H(1)  G(29)  E(1) 
   4852598 508.82 || noQ Q (Avg,Max,Min) (0.97, 1.01, 0.78) (0.54, 0.40, 1.00) #fs:  13  -- #Conts: 32 H(1)  G(28)  E(3) 
   4914757 502.12 || noQ Q (Avg,Max,Min) (0.97, 1.01, 0.80) (0.55, 0.40, 1.00) #fs:  12  -- #Conts: 31 H(1)  G(28)  E(2) 
   4935629 493.06 || noQ Q (Avg,Max,Min) (0.96, 1.01, 0.79) (0.56, 0.40, 1.00) #fs:  11  -- #Conts: 31 H(1)  G(27)  E(3) 
   4955839 481.65 || noQ Q (Avg,Max,Min) (0.96, 1.01, 0.75) (0.57, 0.40, 1.00) #fs:  10  -- #Conts: 32 H(1)  G(25)  E(6) 
   4993490 472.59 || noQ Q (Avg,Max,Min) (0.96, 1.01, 0.76) (0.58, 0.40, 1.00) #fs:  13  -- #Conts: 32 H(1)  G(24)  E(7) 
   5026762 463.53 || noQ Q (Avg,Max,Min) (0.97, 1.01, 0.78) (0.59, 0.40, 1.00) #fs:  13  -- #Conts: 32 H(1)  G(23)  E(8) 
   5032548 461.18 || noQ Q (Avg,Max,Min) (0.96, 1.01, 0.77) (0.59, 0.40, 1.00) #fs:  14  -- #Conts: 33 H(1)  G(22)  E(10) 
   5082267 454.47 || noQ Q (Avg,Max,Min) (0.97, 1.01, 0.77) (0.61, 0.40, 1.00) #fs:   8  -- #Conts: 32 H(1)  G(22)  E(9) 
   5118720 447.76 || noQ Q (Avg,Max,Min) (0.98, 1.01, 0.79) (0.61, 0.40, 1.00) #fs:   8  -- #Conts: 31 H(1)  G(22)  E(8) 
   5147981 434.35 || noQ Q (Avg,Max,Min) (0.99, 1.01, 0.78) (0.64, 0.41, 1.00) #fs:   5  -- #Conts: 29 H(1)  G(22)  E(6) 
   5166758 422.59 || noQ Q (Avg,Max,Min) (0.99, 1.01, 0.80) (0.66, 0.41, 1.00) #fs:   8  -- #Conts: 29 H(1)  G(21)  E(6)  C(1) 
   5204947 410.82 || noQ Q (Avg,Max,Min) (0.99, 1.00, 0.80) (0.68, 0.53, 1.00) #fs:   8  -- #Conts: 29 H(1)  G(20)  E(6)  C(2) 
   5258166 401.76 || noQ Q (Avg,Max,Min) (1.00, 1.00, 0.96) (0.69, 0.49, 1.00) #fs:   5  -- #Conts: 29 H(1)  G(19)  E(7)  C(2) 
   5331374 391.29 || noQ Q (Avg,Max,Min) (1.00, 1.00, 0.97) (0.71, 0.64, 1.00) #fs:   9  -- #Conts: 30 H(1)  G(18)  E(6)  C(5) 
   5348141 388.59 || noQ Q (Avg,Max,Min) (1.00, 1.00, 0.98) (0.72, 0.64, 1.00) #fs:   6  -- #Conts: 30 H(1)  G(18)  E(5)  C(6) 
   5396168 386.24 || noQ Q (Avg,Max,Min) (0.98, 1.00, 0.80) (0.71, 0.43, 1.00) #fs:   9  -- #Conts: 31 H(1)  G(17)  E(7)  C(6) 
   5454317 383.88 || noQ Q (Avg,Max,Min) (0.98, 1.00, 0.73) (0.71, 0.43, 1.00) #fs:   7  -- #Conts: 32 H(1)  G(16)  E(9)  C(6) 
   5532772 378.82 || noQ Q (Avg,Max,Min) (1.00, 1.00, 0.98) (0.71, 0.45, 1.00) #fs:   5  -- #Conts: 33 H(1)  G(15)  E(10)  C(7) 
   5605378 376.47 || noQ Q (Avg,Max,Min) (0.98, 1.00, 0.71) (0.71, 0.45, 1.00) #fs:   8  -- #Conts: 34 H(1)  G(14)  E(12)  C(7) 
   5656296 371.41 || noQ Q (Avg,Max,Min) (1.00, 1.00, 0.85) (0.72, 0.49, 1.00) #fs:   5  -- #Conts: 35 H(1)  G(13)  E(13)  C(8) 
   5727425 366.35 || noQ Q (Avg,Max,Min) (0.99, 1.00, 0.86) (0.73, 0.50, 1.00) #fs:   7  -- #Conts: 36 H(1)  G(12)  E(14)  C(9) 
   5798637 364.00 || noQ Q (Avg,Max,Min) (1.00, 1.00, 0.94) (0.73, 0.50, 1.00) #fs:   3  -- #Conts: 37 H(1)  G(11)  E(16)  C(9) 
   5806584 361.29 || noQ Q (Avg,Max,Min) (1.00, 1.00, 0.91) (0.74, 0.53, 1.00) #fs:   4  -- #Conts: 37 H(1)  G(11)  E(15)  C(10) 
   5891502 358.94 || noQ Q (Avg,Max,Min) (0.98, 1.00, 0.81) (0.74, 0.53, 1.00) #fs:   5  -- #Conts: 38 H(1)  G(10)  E(17)  C(10) 
   5921303 356.59 || noQ Q (Avg,Max,Min) (1.00, 1.00, 0.82) (0.74, 0.53, 1.00) #fs:   2  -- #Conts: 39 H(1)  G(9)  E(19)  C(10) 
   5993051 351.53 || noQ Q (Avg,Max,Min) (1.00, 1.00, 0.88) (0.76, 0.54, 1.00) #fs:   4  -- #Conts: 40 H(1)  G(8)  E(20)  C(11) 
   6035063 350.24 || noQ Q (Avg,Max,Min) (0.99, 1.00, 0.88) (0.76, 0.54, 1.00) #fs:   6  -- #Conts: 39 H(1)  G(8)  E(21)  C(9) 
   6100312 346.24 || noQ Q (Avg,Max,Min) (1.00, 1.00, 0.95) (0.77, 0.54, 1.00) #fs:   3  -- #Conts: 38 H(1)  G(8)  E(21)  C(8) 
   6145476 344.12 || noQ Q (Avg,Max,Min) (0.99, 1.00, 0.87) (0.78, 0.54, 1.00) #fs:   7  -- #Conts: 42 H(1)  G(6)  E(23)  C(12) 
   6188397 340.12 || noQ Q (Avg,Max,Min) (0.99, 1.00, 0.84) (0.79, 0.54, 1.00) #fs:   6  -- #Conts: 41 H(1)  G(6)  E(23)  C(11) 
   6223528 332.12 || noQ Q (Avg,Max,Min) (0.99, 1.00, 0.84) (0.81, 0.55, 1.00) #fs:   8  -- #Conts: 39 H(1)  G(6)  E(23)  C(9) 
   6251492 328.35 || noQ Q (Avg,Max,Min) (0.99, 1.00, 0.83) (0.83, 0.60, 1.00) #fs:   9  -- #Conts: 41 H(1)  G(5)  E(23)  C(12) 
   6447483 324.35 || noQ Q (Avg,Max,Min) (1.00, 1.00, 0.92) (0.84, 0.64, 1.00) #fs:   5  -- #Conts: 40 H(1)  G(5)  E(23)  C(11) 
   6860080 320.35 || noQ Q (Avg,Max,Min) (1.00, 1.00, 0.92) (0.84, 0.64, 1.00) #fs:   3  -- #Conts: 39 H(1)  G(5)  E(23)  C(10) 
  17659463 311.41 || noQ Q (Avg,Max,Min) (0.98, 1.00, 0.71) (0.88, 0.01, 1.00) #fs:   6  -- #Conts: 27 G(1)  E(11)  C(15) 
  17697279 295.65 || noQ Q (Avg,Max,Min) (0.99, 1.00, 0.87) (0.92, 0.69, 1.00) #fs:   7  -- #Conts: 26 E(11)  C(15) 
  17929529 294.24 || noQ Q (Avg,Max,Min) (0.99, 1.00, 0.86) (0.93, 0.69, 1.00) #fs:   9  -- #Conts: 26 E(10)  C(16) 
  20516237 292.24 || noQ Q (Avg,Max,Min) (0.98, 1.00, 0.85) (0.88, 0.11, 1.00) #fs:   7  -- #Conts: 26 A(2)  E(10)  C(14) 
  20524129 291.24 || noQ Q (Avg,Max,Min) (0.98, 1.00, 0.85) (0.91, 0.11, 1.00) #fs:   9  -- #Conts: 25 A(1)  E(10)  C(14) 
  20595152 290.24 || noQ Q (Avg,Max,Min) (0.98, 1.00, 0.85) (0.95, 0.81, 1.00) #fs:   9  -- #Conts: 24 E(10)  C(14) 
  21591817 290.12 || noQ Q (Avg,Max,Min) (0.98, 1.00, 0.87) (0.94, 0.76, 1.00) #fs:  12  -- #Conts: 21 A(2)  E(8)  C(11) 
  21594420 287.12 || noQ Q (Avg,Max,Min) (0.98, 1.00, 0.87) (0.91, 0.10, 1.00) #fs:  11  -- #Conts: 22 A(3)  E(8)  C(11) 
  21881283 286.12 || noQ Q (Avg,Max,Min) (0.98, 1.00, 0.87) (0.95, 0.76, 1.00) #fs:  11  -- #Conts: 21 A(2)  E(8)  C(11) 
  33931773 285.12 || noQ Q (Avg,Max,Min) (0.98, 1.00, 0.87) (0.97, 0.85, 1.00) #fs:   8  -- #Conts: 20 A(1)  E(8)  C(11) 
/////////////////size: 79
nodes 100 edges 192
 mulT: 500 mulD: 1  sumData GB 97
pareto /CYBERSHAKE.n.100.0.dax time -> 3765.0
moheft /CYBERSHAKE.n.100.0.dax time -> 9275.0
distance from M to C 6.125232572159112
distance from P to C 5.177824133004662
distance from C to M 3.899828303754873
distance from C to P 8.390998725601397
toCompare: /CYBERSHAKE.n.100.0.dax sumDataGB: 97 mulT: 500 mulD: 1 paretoOptTime_MS: 3765.0 MoheftOptimizationTime_MS: 9275.0 MtoC 6.125232572159112 PtoC 5.177824133004662 CtoM 3.899828303754873 CtoP 8.390998725601397
