specify -Dflow d,b,mt,md,size
Running /home/vaggelis/jc/LIGO.n.100.0.dax mt 100 md: 5000 size null
   4478548 1150.82 || noQ Q (Avg,Max,Min) (0.83, 1.03, 0.52) (0.58, 0.30, 0.84) #fs:  32  -- #Conts: 27 H(26)  G(1) 
   5255440 1040.47 || noQ Q (Avg,Max,Min) (0.90, 1.04, 0.45) (0.63, 0.30, 0.99) #fs:  24  -- #Conts: 27 H(27) 
   5723989 1008.94 || noQ Q (Avg,Max,Min) (0.89, 1.03, 0.45) (0.64, 0.30, 0.94) #fs:  24  -- #Conts: 23 H(23) 
   6446794 977.41 || noQ Q (Avg,Max,Min) (0.87, 1.03, 0.45) (0.64, 0.30, 0.87) #fs:  23  -- #Conts: 18 H(18) 
   6889811 945.88 || noQ Q (Avg,Max,Min) (0.87, 1.03, 0.45) (0.65, 0.30, 0.88) #fs:  24  -- #Conts: 18 H(18) 
   7104401 914.35 || noQ Q (Avg,Max,Min) (0.86, 1.03, 0.45) (0.67, 0.30, 0.97) #fs:  24  -- #Conts: 17 H(17) 
   7237971 804.00 || noQ Q (Avg,Max,Min) (0.78, 1.01, 0.46) (0.69, 0.32, 0.91) #fs:  36  -- #Conts: 25 H(2)  G(23) 
   7302055 772.47 || noQ Q (Avg,Max,Min) (0.80, 1.01, 0.46) (0.70, 0.32, 0.91) #fs:  35  -- #Conts: 25 H(1)  G(24) 
   7485784 740.94 || noQ Q (Avg,Max,Min) (0.81, 1.01, 0.46) (0.71, 0.45, 0.91) #fs:  34  -- #Conts: 25 G(25) 
   9738901 725.18 || noQ Q (Avg,Max,Min) (0.81, 1.01, 0.46) (0.72, 0.45, 0.91) #fs:  34  -- #Conts: 24 G(24) 
   9806898 709.41 || noQ Q (Avg,Max,Min) (0.80, 1.01, 0.46) (0.73, 0.45, 0.91) #fs:  34  -- #Conts: 23 G(23) 
  10924047 693.65 || noQ Q (Avg,Max,Min) (0.93, 1.04, 0.70) (0.82, 0.61, 1.03) #fs:  14  -- #Conts: 23 H(1)  G(22) 
  11925821 677.88 || noQ Q (Avg,Max,Min) (0.89, 1.11, 0.61) (0.82, 0.61, 1.07) #fs:  16  -- #Conts: 23 G(23) 
  17423790 650.47 || noQ Q (Avg,Max,Min) (0.88, 1.02, 0.65) (0.82, 0.63, 1.00) #fs:  25  -- #Conts: 30 E(30) 
  17840629 643.76 || noQ Q (Avg,Max,Min) (0.89, 1.02, 0.68) (0.83, 0.66, 1.00) #fs:  25  -- #Conts: 29 E(29) 
  20185398 603.53 || noQ Q (Avg,Max,Min) (0.95, 1.10, 0.71) (0.87, 0.69, 1.01) #fs:  14  -- #Conts: 31 E(31) 
  22293123 576.71 || noQ Q (Avg,Max,Min) (0.99, 1.03, 0.82) (0.88, 0.73, 1.01) #fs:   9  -- #Conts: 31 E(31) 
  26167698 568.35 || noQ Q (Avg,Max,Min) (0.97, 1.03, 0.70) (0.93, 0.69, 1.01) #fs:   9  -- #Conts: 25 G(1)  E(24) 
  26567964 563.29 || noQ Q (Avg,Max,Min) (0.99, 1.03, 0.82) (0.91, 0.77, 1.01) #fs:   8  -- #Conts: 28 E(28) 
  26900849 556.59 || noQ Q (Avg,Max,Min) (0.99, 1.03, 0.82) (0.92, 0.80, 1.01) #fs:   8  -- #Conts: 27 E(27) 
  27066621 549.88 || noQ Q (Avg,Max,Min) (0.99, 1.03, 0.82) (0.93, 0.80, 1.01) #fs:   8  -- #Conts: 26 E(26) 
  27333050 543.18 || noQ Q (Avg,Max,Min) (0.99, 1.03, 0.82) (0.94, 0.82, 1.01) #fs:   9  -- #Conts: 25 E(25) 
  33827147 529.76 || noQ Q (Avg,Max,Min) (1.00, 1.06, 0.91) (0.96, 0.86, 1.06) #fs:   4  -- #Conts: 24 E(24) 
/////////////////size: 23
  14698724 865.35 || noQ Q (Avg,Max,Min) (1.01, 1.06, 0.91) (0.75, 0.39, 1.06) #fs:   8  -- #Conts: 34 H(21)  G(9)  A(2)  E(2) 
  14729160 849.59 || noQ Q (Avg,Max,Min) (1.01, 1.06, 0.91) (0.76, 0.39, 1.06) #fs:   8  -- #Conts: 34 H(21)  G(9)  A(2)  E(2) 
  15071064 833.82 || noQ Q (Avg,Max,Min) (0.99, 1.06, 0.77) (0.77, 0.39, 1.06) #fs:  10  -- #Conts: 33 H(20)  G(9)  A(2)  E(2) 
  15135692 818.06 || noQ Q (Avg,Max,Min) (0.98, 1.06, 0.76) (0.78, 0.40, 1.06) #fs:  11  -- #Conts: 33 H(20)  G(9)  A(2)  E(2) 
  15173417 802.29 || noQ Q (Avg,Max,Min) (0.98, 1.06, 0.75) (0.79, 0.40, 1.06) #fs:  12  -- #Conts: 32 H(19)  G(9)  A(2)  E(2) 
  16214673 786.53 || noQ Q (Avg,Max,Min) (0.99, 1.06, 0.54) (0.80, 0.41, 1.06) #fs:  12  -- #Conts: 31 H(18)  G(9)  A(2)  E(2) 
  16635163 755.00 || noQ Q (Avg,Max,Min) (0.99, 1.06, 0.86) (0.83, 0.42, 1.06) #fs:  13  -- #Conts: 30 H(17)  G(9)  A(2)  E(2) 
  18785192 653.35 || noQ Q (Avg,Max,Min) (1.05, 2.07, 0.95) (0.87, 0.01, 1.06) #fs:   5  -- #Conts: 33 H(5)  G(19)  A(2)  E(7) 
  18788818 637.59 || noQ Q (Avg,Max,Min) (1.01, 1.06, 0.95) (0.89, 0.61, 1.06) #fs:   6  -- #Conts: 32 H(4)  G(19)  A(2)  E(7) 
  18798182 621.82 || noQ Q (Avg,Max,Min) (1.01, 1.06, 0.95) (0.90, 0.61, 1.06) #fs:   6  -- #Conts: 32 H(4)  G(19)  A(2)  E(7) 
  20064343 615.12 || noQ Q (Avg,Max,Min) (1.01, 1.06, 0.95) (0.91, 0.61, 1.06) #fs:   5  -- #Conts: 31 H(4)  G(19)  A(2)  E(6) 
  20189653 601.71 || noQ Q (Avg,Max,Min) (1.02, 1.06, 0.95) (0.92, 0.61, 1.06) #fs:   5  -- #Conts: 29 H(4)  G(19)  A(2)  E(4) 
  20764558 592.65 || noQ Q (Avg,Max,Min) (1.02, 1.06, 0.95) (0.93, 0.63, 1.06) #fs:   5  -- #Conts: 29 H(4)  G(18)  A(2)  E(5) 
  21109075 585.94 || noQ Q (Avg,Max,Min) (1.02, 1.06, 0.95) (0.94, 0.63, 1.06) #fs:   5  -- #Conts: 29 H(4)  G(18)  A(2)  E(5) 
  24427036 582.53 || noQ Q (Avg,Max,Min) (1.01, 1.06, 0.95) (0.94, 0.63, 1.06) #fs:   5  -- #Conts: 29 H(4)  G(12)  A(2)  E(6)  C(5) 
  26873007 579.82 || noQ Q (Avg,Max,Min) (1.02, 1.06, 0.95) (0.95, 0.63, 1.06) #fs:   5  -- #Conts: 28 H(4)  G(12)  A(2)  E(5)  C(5) 
  32390931 579.53 || noQ Q (Avg,Max,Min) (1.01, 1.06, 0.93) (0.90, 0.29, 1.06) #fs:   7  -- #Conts: 31 H(2)  G(17)  A(3)  E(9) 
  35243313 561.00 || noQ Q (Avg,Max,Min) (1.02, 1.06, 0.96) (0.93, 0.16, 1.06) #fs:   5  -- #Conts: 28 H(2)  G(12)  A(4)  E(5)  C(5) 
  35274501 560.00 || noQ Q (Avg,Max,Min) (1.02, 1.06, 0.96) (0.96, 0.80, 1.06) #fs:   5  -- #Conts: 27 H(2)  G(12)  A(3)  E(5)  C(5) 
  41449110 558.59 || noQ Q (Avg,Max,Min) (1.01, 1.06, 0.96) (0.96, 0.84, 1.06) #fs:   5  -- #Conts: 29 H(2)  G(12)  A(3)  E(7)  C(5) 
  49928847 549.59 || noQ Q (Avg,Max,Min) (1.01, 1.13, 0.90) (0.94, 0.82, 1.11) #fs:   5  -- #Conts: 25 G(10)  A(1)  E(5)  C(9) 
  51821641 547.24 || noQ Q (Avg,Max,Min) (1.01, 1.13, 0.97) (0.95, 0.85, 1.11) #fs:   4  -- #Conts: 25 G(9)  A(1)  E(6)  C(9) 
  54226041 541.94 || noQ Q (Avg,Max,Min) (1.01, 1.13, 0.98) (0.95, 0.85, 1.11) #fs:   4  -- #Conts: 24 G(9)  A(1)  E(6)  C(8) 
  54380039 539.24 || noQ Q (Avg,Max,Min) (1.01, 1.13, 0.97) (0.96, 0.85, 1.11) #fs:   5  -- #Conts: 24 G(9)  A(1)  E(6)  C(8) 
  56729453 535.47 || noQ Q (Avg,Max,Min) (1.01, 1.13, 0.98) (0.97, 0.83, 1.11) #fs:   4  -- #Conts: 19 G(4)  A(1)  E(6)  C(8) 
  57324948 529.35 || noQ Q (Avg,Max,Min) (1.01, 1.13, 1.00) (0.96, 0.84, 1.11) #fs:   3  -- #Conts: 22 G(3)  A(1)  E(7)  C(11) 
  58219428 526.65 || noQ Q (Avg,Max,Min) (1.01, 1.13, 0.96) (0.97, 0.86, 1.11) #fs:   4  -- #Conts: 22 G(3)  A(1)  E(7)  C(11) 
/////////////////size: 27
nodes 100 edges 123
 mulT: 100 mulD: 5000  sumData GB 14287
pareto /LIGO.n.100.0.dax time -> 4421.0
moheft /LIGO.n.100.0.dax time -> 1981.0
distance from M to C 5.444444444444442
distance from P to C 0.0
distance from C to M 13.677664936577655
distance from C to P 6.4830762479405735
toCompare: /LIGO.n.100.0.dax sumDataGB: 14287 mulT: 100 mulD: 5000 paretoOptTime_MS: 4421.0 MoheftOptimizationTime_MS: 1981.0 MtoC 5.444444444444442 PtoC 0.0 CtoM 13.677664936577655 CtoP 6.4830762479405735
