specify -Dflow d,b,mt,md,size
Running /home/vaggelis/jc/LIGO.n.100.0.dax mt 10 md: 10000 size null
    668822 709.41 || noQ Q (Avg,Max,Min) (0.92, 1.36, 0.70) (0.13, 0.07, 0.22) #fs:  29  -- #Conts: 23 H(22)  G(1) 
    671063 693.65 || noQ Q (Avg,Max,Min) (0.93, 1.36, 0.77) (0.13, 0.07, 0.22) #fs:  29  -- #Conts: 23 H(21)  G(2) 
    685306 677.88 || noQ Q (Avg,Max,Min) (0.94, 1.36, 0.77) (0.14, 0.07, 0.22) #fs:  29  -- #Conts: 23 H(20)  G(3) 
    695269 662.12 || noQ Q (Avg,Max,Min) (0.94, 1.36, 0.77) (0.14, 0.07, 0.22) #fs:  29  -- #Conts: 23 H(19)  G(4) 
    703113 646.35 || noQ Q (Avg,Max,Min) (0.95, 1.36, 0.77) (0.14, 0.07, 0.22) #fs:  29  -- #Conts: 23 H(18)  G(5) 
    703978 630.59 || noQ Q (Avg,Max,Min) (0.96, 1.36, 0.77) (0.14, 0.07, 0.22) #fs:  29  -- #Conts: 23 H(17)  G(6) 
    704501 614.82 || noQ Q (Avg,Max,Min) (0.97, 1.36, 0.80) (0.14, 0.07, 0.22) #fs:  28  -- #Conts: 23 H(16)  G(7) 
    730338 583.29 || noQ Q (Avg,Max,Min) (0.95, 1.26, 0.80) (0.15, 0.07, 0.26) #fs:  29  -- #Conts: 21 H(16)  G(5) 
    732642 551.76 || noQ Q (Avg,Max,Min) (0.96, 1.44, 0.80) (0.16, 0.12, 0.29) #fs:  28  -- #Conts: 20 H(15)  G(5) 
    745160 536.00 || noQ Q (Avg,Max,Min) (0.97, 1.44, 0.80) (0.16, 0.12, 0.29) #fs:  29  -- #Conts: 20 H(14)  G(6) 
    753969 520.24 || noQ Q (Avg,Max,Min) (0.97, 1.44, 0.82) (0.17, 0.13, 0.29) #fs:  29  -- #Conts: 20 H(13)  G(7) 
    763894 504.47 || noQ Q (Avg,Max,Min) (0.98, 1.44, 0.82) (0.17, 0.13, 0.29) #fs:  29  -- #Conts: 20 H(12)  G(8) 
    770676 488.71 || noQ Q (Avg,Max,Min) (0.99, 1.44, 0.82) (0.17, 0.13, 0.29) #fs:  29  -- #Conts: 20 H(11)  G(9) 
    771777 472.94 || noQ Q (Avg,Max,Min) (1.00, 1.44, 0.86) (0.18, 0.15, 0.29) #fs:  29  -- #Conts: 20 H(10)  G(10) 
    800143 457.18 || noQ Q (Avg,Max,Min) (0.99, 1.44, 0.83) (0.18, 0.15, 0.29) #fs:  25  -- #Conts: 20 H(9)  G(11) 
    825824 441.41 || noQ Q (Avg,Max,Min) (0.99, 1.42, 0.83) (0.19, 0.15, 0.29) #fs:  28  -- #Conts: 20 H(8)  G(12) 
    834547 425.65 || noQ Q (Avg,Max,Min) (0.98, 1.38, 0.79) (0.19, 0.15, 0.29) #fs:  26  -- #Conts: 20 H(7)  G(13) 
    839476 409.88 || noQ Q (Avg,Max,Min) (0.99, 1.37, 0.78) (0.19, 0.15, 0.29) #fs:  26  -- #Conts: 20 H(6)  G(14) 
    865529 394.12 || noQ Q (Avg,Max,Min) (0.99, 1.37, 0.78) (0.20, 0.15, 0.29) #fs:  26  -- #Conts: 20 H(5)  G(15) 
    924713 378.35 || noQ Q (Avg,Max,Min) (1.21, 1.63, 1.02) (0.23, 0.11, 0.36) #fs:  18  -- #Conts: 15 H(9)  G(6) 
    991388 346.82 || noQ Q (Avg,Max,Min) (1.26, 1.63, 1.04) (0.28, 0.14, 0.38) #fs:  17  -- #Conts: 11 H(11) 
   1009371 315.29 || noQ Q (Avg,Max,Min) (1.27, 1.63, 1.04) (0.31, 0.23, 0.40) #fs:  16  -- #Conts: 10 H(10) 
   1045062 299.53 || noQ Q (Avg,Max,Min) (1.25, 1.58, 1.01) (0.32, 0.24, 0.40) #fs:  15  -- #Conts: 10 H(9)  G(1) 
   1093842 283.76 || noQ Q (Avg,Max,Min) (1.26, 1.58, 1.01) (0.33, 0.26, 0.40) #fs:  15  -- #Conts: 10 H(8)  G(2) 
   1217010 252.24 || noQ Q (Avg,Max,Min) (1.39, 1.74, 1.05) (0.39, 0.25, 0.47) #fs:  11  -- #Conts: 8 H(8) 
   1302387 220.71 || noQ Q (Avg,Max,Min) (1.13, 1.52, 0.89) (0.33, 0.12, 0.46) #fs:  20  -- #Conts: 14 G(14) 
   1341161 204.94 || noQ Q (Avg,Max,Min) (1.14, 1.52, 0.89) (0.35, 0.21, 0.47) #fs:  19  -- #Conts: 13 G(13) 
   1539364 189.18 || noQ Q (Avg,Max,Min) (1.44, 1.61, 1.14) (0.52, 0.27, 0.61) #fs:   6  -- #Conts: 6 H(6) 
   1611896 157.65 || noQ Q (Avg,Max,Min) (1.46, 1.54, 1.34) (0.62, 0.59, 0.68) #fs:   6  -- #Conts: 5 H(5) 
   1835913 141.88 || noQ Q (Avg,Max,Min) (1.17, 1.46, 0.94) (0.51, 0.35, 0.68) #fs:  10  -- #Conts: 9 G(9) 
   2010705 126.12 || noQ Q (Avg,Max,Min) (1.50, 1.64, 1.43) (0.79, 0.74, 0.86) #fs:   7  -- #Conts: 4 H(4) 
   2149884 110.35 || noQ Q (Avg,Max,Min) (1.24, 1.33, 1.07) (0.65, 0.23, 0.80) #fs:  10  -- #Conts: 7 G(7) 
   2451379 094.59 || noQ Q (Avg,Max,Min) (1.24, 1.34, 1.14) (0.76, 0.70, 0.86) #fs:  10  -- #Conts: 6 G(6) 
   2731871 078.82 || noQ Q (Avg,Max,Min) (1.32, 1.44, 1.13) (0.94, 0.77, 1.02) #fs:   7  -- #Conts: 5 G(5) 
   3391091 063.06 || noQ Q (Avg,Max,Min) (1.29, 1.37, 1.23) (1.15, 1.10, 1.22) #fs:   6  -- #Conts: 4 G(4) 
/////////////////size: 35
   2126326 409.88 || noQ Q (Avg,Max,Min) (1.02, 1.92, 0.43) (0.26, 0.05, 1.13) #fs:  19  -- #Conts: 14 H(12)  G(2) 
   2382811 378.35 || noQ Q (Avg,Max,Min) (1.01, 1.84, 0.43) (0.27, 0.05, 1.22) #fs:  17  -- #Conts: 13 H(11)  G(2) 
   2461070 315.29 || noQ Q (Avg,Max,Min) (0.93, 1.84, 0.43) (0.33, 0.06, 1.23) #fs:  19  -- #Conts: 11 H(9)  G(2) 
   2551138 220.71 || noQ Q (Avg,Max,Min) (0.81, 1.83, 0.38) (0.45, 0.13, 1.24) #fs:  20  -- #Conts: 8 H(6)  G(2) 
   2624767 189.18 || noQ Q (Avg,Max,Min) (1.03, 1.72, 0.48) (0.52, 0.06, 1.25) #fs:  12  -- #Conts: 7 H(5)  G(2) 
   2685280 157.65 || noQ Q (Avg,Max,Min) (1.00, 1.69, 0.53) (0.61, 0.12, 1.26) #fs:  17  -- #Conts: 6 H(4)  G(2) 
   2898452 126.12 || noQ Q (Avg,Max,Min) (1.03, 1.67, 0.54) (0.73, 0.28, 1.35) #fs:  14  -- #Conts: 5 H(3)  G(2) 
   3205687 110.35 || noQ Q (Avg,Max,Min) (1.35, 1.81, 0.96) (0.74, 0.17, 1.38) #fs:  12  -- #Conts: 5 H(2)  G(3) 
   3828217 094.59 || noQ Q (Avg,Max,Min) (1.05, 1.58, 0.45) (0.80, 0.36, 1.55) #fs:   8  -- #Conts: 4 H(1)  G(3) 
   3891599 085.53 || noQ Q (Avg,Max,Min) (1.06, 1.58, 0.45) (0.79, 0.10, 1.55) #fs:   7  -- #Conts: 5 H(1)  G(3)  E(1) 
   3969284 078.82 || noQ Q (Avg,Max,Min) (1.07, 1.58, 0.49) (0.97, 0.42, 1.55) #fs:   7  -- #Conts: 4 H(1)  G(3) 
   4514953 077.76 || noQ Q (Avg,Max,Min) (1.15, 1.62, 0.83) (0.71, 0.16, 1.60) #fs:   8  -- #Conts: 6 H(1)  G(2)  E(1)  C(2) 
   4705695 073.76 || noQ Q (Avg,Max,Min) (1.18, 1.62, 0.83) (0.85, 0.32, 1.60) #fs:   7  -- #Conts: 5 H(1)  G(2)  E(1)  C(1) 
   5152899 069.76 || noQ Q (Avg,Max,Min) (1.22, 1.62, 0.83) (1.04, 0.52, 1.60) #fs:   7  -- #Conts: 4 H(1)  G(2)  E(1) 
   5564103 067.00 || noQ Q (Avg,Max,Min) (1.05, 1.59, 0.04) (0.77, 0.04, 1.55) #fs:   4  -- #Conts: 8 G(3)  A(1)  E(1)  C(3) 
   5894653 063.00 || noQ Q (Avg,Max,Min) (1.19, 1.59, 0.98) (0.87, 0.02, 1.55) #fs:   4  -- #Conts: 7 G(3)  A(1)  E(1)  C(2) 
   6055968 062.00 || noQ Q (Avg,Max,Min) (1.12, 1.59, 0.65) (0.91, 0.35, 1.55) #fs:   4  -- #Conts: 8 G(3)  A(3)  E(1)  C(1) 
   6365145 061.00 || noQ Q (Avg,Max,Min) (1.13, 1.59, 0.64) (0.95, 0.37, 1.55) #fs:   5  -- #Conts: 7 G(3)  A(2)  E(1)  C(1) 
   6596604 060.00 || noQ Q (Avg,Max,Min) (1.15, 1.59, 0.59) (1.03, 0.37, 1.55) #fs:   5  -- #Conts: 6 G(3)  A(1)  E(1)  C(1) 
   6684940 059.00 || noQ Q (Avg,Max,Min) (1.22, 1.59, 1.04) (0.99, 0.02, 1.55) #fs:   3  -- #Conts: 6 G(3)  A(1)  E(1)  C(1) 
  13983744 056.18 || noQ Q (Avg,Max,Min) (1.12, 1.62, 1.01) (1.04, 0.68, 1.60) #fs:   1  -- #Conts: 11 G(1)  A(5)  E(2)  C(3) 
/////////////////size: 21
nodes 100 edges 123
 mulT: 10 mulD: 10000  sumData GB 28574
pareto /LIGO.n.100.0.dax time -> 7463.0
moheft /LIGO.n.100.0.dax time -> 359.0
distance from M to C 0.7619047647430817
distance from P to C 0.0
distance from C to M 1.2955527980061852
distance from C to P 0.8543757691181697
toCompare: /LIGO.n.100.0.dax sumDataGB: 28574 mulT: 10 mulD: 10000 paretoOptTime_MS: 7463.0 MoheftOptimizationTime_MS: 359.0 MtoC 0.7619047647430817 PtoC 0.0 CtoM 1.2955527980061852 CtoP 0.8543757691181697
