specify -Dflow d,b,mt,md,size
Running /home/vaggelis/jc/LIGO.n.50.0.dax mt 5000 md: 10000 size null
 233187721 18712.71 || noQ Q (Avg,Max,Min) (1.00, 1.00, 1.00) (0.98, 0.96, 1.00) #fs:   0  -- #Conts: 23 H(20)  G(3) 
 234859131 18665.41 || noQ Q (Avg,Max,Min) (1.00, 1.00, 0.99) (0.98, 0.96, 1.00) #fs:   1  -- #Conts: 23 H(19)  G(4) 
 235842370 18555.06 || noQ Q (Avg,Max,Min) (1.00, 1.00, 1.00) (0.98, 0.96, 1.00) #fs:   0  -- #Conts: 23 H(19)  G(4) 
 237640675 18507.76 || noQ Q (Avg,Max,Min) (1.00, 1.00, 0.99) (0.98, 0.96, 1.00) #fs:   1  -- #Conts: 23 H(18)  G(5) 
 322855626 17309.65 || noQ Q (Avg,Max,Min) (1.00, 1.00, 1.00) (0.99, 0.96, 1.00) #fs:   0  -- #Conts: 23 H(10)  G(13) 
 324529416 17262.35 || noQ Q (Avg,Max,Min) (1.00, 1.00, 0.99) (0.98, 0.96, 1.00) #fs:   1  -- #Conts: 23 H(9)  G(14) 
 327027853 17183.53 || noQ Q (Avg,Max,Min) (1.00, 1.00, 0.97) (0.98, 0.94, 1.00) #fs:   1  -- #Conts: 23 H(8)  G(15) 
 378551683 17120.47 || noQ Q (Avg,Max,Min) (0.99, 1.00, 0.67) (0.97, 0.67, 1.00) #fs:   1  -- #Conts: 23 H(4)  G(19) 
 380370224 16994.35 || noQ Q (Avg,Max,Min) (0.99, 1.00, 0.67) (0.97, 0.67, 1.00) #fs:   1  -- #Conts: 23 H(3)  G(20) 
 388994007 16947.06 || noQ Q (Avg,Max,Min) (0.98, 1.00, 0.64) (0.97, 0.63, 1.00) #fs:   1  -- #Conts: 23 H(2)  G(21) 
 403754964 16931.29 || noQ Q (Avg,Max,Min) (0.98, 1.00, 0.59) (0.97, 0.58, 1.00) #fs:   1  -- #Conts: 23 H(1)  G(22) 
 405013096 16048.00 || noQ Q (Avg,Max,Min) (1.00, 1.00, 1.00) (0.99, 0.98, 1.00) #fs:   0  -- #Conts: 23 G(22)  E(1) 
 406656367 16032.24 || noQ Q (Avg,Max,Min) (1.00, 1.00, 1.00) (0.99, 0.98, 1.00) #fs:   0  -- #Conts: 23 G(22)  E(1) 
 435011596 16016.94 || noQ Q (Avg,Max,Min) (1.00, 1.00, 0.99) (0.99, 0.97, 1.00) #fs:   5  -- #Conts: 20 G(20) 
 522680155 16001.18 || noQ Q (Avg,Max,Min) (1.00, 1.00, 0.99) (0.99, 0.97, 1.00) #fs:   5  -- #Conts: 19 G(19) 
 549718747 15985.41 || noQ Q (Avg,Max,Min) (1.00, 1.02, 0.99) (0.99, 0.98, 1.00) #fs:   4  -- #Conts: 19 G(19) 
 580560921 15953.88 || noQ Q (Avg,Max,Min) (1.00, 1.02, 0.99) (0.99, 0.98, 1.00) #fs:   4  -- #Conts: 18 G(18) 
 586282028 15938.12 || noQ Q (Avg,Max,Min) (1.00, 1.02, 1.00) (1.00, 0.99, 1.00) #fs:   3  -- #Conts: 17 G(17) 
 916623274 15309.53 || noQ Q (Avg,Max,Min) (1.00, 1.00, 1.00) (1.00, 0.99, 1.00) #fs:   1  -- #Conts: 23 E(23) 
 928622423 15296.12 || noQ Q (Avg,Max,Min) (1.00, 1.00, 1.00) (1.00, 0.99, 1.00) #fs:   2  -- #Conts: 23 E(23) 
1136744232 15282.71 || noQ Q (Avg,Max,Min) (1.00, 1.00, 1.00) (1.00, 0.99, 1.00) #fs:   3  -- #Conts: 20 E(20) 
1214751847 15276.00 || noQ Q (Avg,Max,Min) (1.00, 1.00, 1.00) (1.00, 0.99, 1.00) #fs:   3  -- #Conts: 19 E(19) 
1456993823 15269.29 || noQ Q (Avg,Max,Min) (1.00, 1.00, 1.00) (1.00, 1.00, 1.00) #fs:   3  -- #Conts: 19 E(19) 
4676150021 14072.00 || noQ Q (Avg,Max,Min) (1.00, 1.00, 1.00) (1.00, 1.00, 1.00) #fs:   0  -- #Conts: 23 A(23) 
6798680766 14071.00 || noQ Q (Avg,Max,Min) (1.00, 1.00, 1.00) (1.00, 1.00, 1.00) #fs:   1  -- #Conts: 22 A(22) 
6820033668 14069.00 || noQ Q (Avg,Max,Min) (1.00, 1.00, 1.00) (1.00, 1.00, 1.00) #fs:   1  -- #Conts: 21 A(21) 
6823633668 14067.00 || noQ Q (Avg,Max,Min) (1.00, 1.00, 1.00) (1.00, 0.99, 1.00) #fs:   1  -- #Conts: 20 A(20) 
10638050255 14066.00 || noQ Q (Avg,Max,Min) (1.00, 1.00, 1.00) (1.00, 1.00, 1.00) #fs:   2  -- #Conts: 16 A(16) 
/////////////////size: 28
 576472261 17712.47 || noQ Q (Avg,Max,Min) (1.00, 1.01, 1.00) (0.99, 0.88, 1.00) #fs:   2  -- #Conts: 22 H(10)  G(6)  A(1)  E(4)  C(1) 
 597998059 17593.88 || noQ Q (Avg,Max,Min) (1.00, 1.01, 1.00) (0.98, 0.88, 1.00) #fs:   2  -- #Conts: 23 H(10)  G(6)  A(1)  E(5)  C(1) 
 598626827 17578.12 || noQ Q (Avg,Max,Min) (1.00, 1.03, 1.00) (0.96, 0.42, 1.00) #fs:   2  -- #Conts: 24 H(10)  G(7)  A(1)  E(5)  C(1) 
 600475383 17569.06 || noQ Q (Avg,Max,Min) (1.00, 1.01, 1.00) (0.98, 0.88, 1.00) #fs:   2  -- #Conts: 24 H(10)  G(6)  A(1)  E(6)  C(1) 
 643724265 17515.06 || noQ Q (Avg,Max,Min) (1.00, 1.05, 1.00) (0.95, 0.25, 1.00) #fs:   2  -- #Conts: 24 H(10)  G(7)  A(1)  E(5)  C(1) 
 644322195 17483.53 || noQ Q (Avg,Max,Min) (1.00, 1.01, 1.00) (0.99, 0.88, 1.00) #fs:   2  -- #Conts: 23 H(9)  G(7)  A(1)  E(5)  C(1) 
 703826570 16831.53 || noQ Q (Avg,Max,Min) (1.00, 1.03, 0.99) (0.98, 0.87, 1.00) #fs:   3  -- #Conts: 22 H(7)  G(9)  A(1)  E(4)  C(1) 
 704455338 16815.76 || noQ Q (Avg,Max,Min) (1.00, 1.03, 0.99) (0.96, 0.42, 1.00) #fs:   3  -- #Conts: 23 H(7)  G(10)  A(1)  E(4)  C(1) 
 706303894 16806.71 || noQ Q (Avg,Max,Min) (1.00, 1.03, 0.99) (0.98, 0.87, 1.00) #fs:   3  -- #Conts: 23 H(7)  G(9)  A(1)  E(5)  C(1) 
 710471737 16276.24 || noQ Q (Avg,Max,Min) (1.00, 1.03, 0.99) (0.98, 0.87, 1.00) #fs:   1  -- #Conts: 23 H(4)  G(13)  A(1)  E(4)  C(1) 
 711121673 16260.47 || noQ Q (Avg,Max,Min) (1.00, 1.03, 0.99) (0.96, 0.42, 1.00) #fs:   1  -- #Conts: 24 H(4)  G(14)  A(1)  E(4)  C(1) 
 712970229 16251.41 || noQ Q (Avg,Max,Min) (1.00, 1.03, 0.99) (0.98, 0.87, 1.00) #fs:   1  -- #Conts: 24 H(4)  G(13)  A(1)  E(5)  C(1) 
 755082124 16220.24 || noQ Q (Avg,Max,Min) (1.00, 1.03, 0.99) (0.98, 0.87, 1.00) #fs:   1  -- #Conts: 23 H(4)  G(15)  E(3)  C(1) 
 762617329 16181.65 || noQ Q (Avg,Max,Min) (1.00, 1.05, 1.00) (0.95, 0.25, 1.00) #fs:   0  -- #Conts: 27 H(4)  G(14)  A(1)  E(7)  C(1) 
 763215528 16150.12 || noQ Q (Avg,Max,Min) (1.00, 1.03, 1.00) (0.98, 0.85, 1.00) #fs:   0  -- #Conts: 26 H(3)  G(14)  A(1)  E(7)  C(1) 
 829862995 16107.29 || noQ Q (Avg,Max,Min) (1.00, 1.05, 1.00) (0.95, 0.25, 1.00) #fs:   0  -- #Conts: 25 H(5)  G(12)  A(1)  E(6)  C(1) 
 830436855 16091.53 || noQ Q (Avg,Max,Min) (1.00, 1.03, 1.00) (0.98, 0.87, 1.00) #fs:   0  -- #Conts: 24 H(4)  G(12)  A(1)  E(6)  C(1) 
 832324900 16082.47 || noQ Q (Avg,Max,Min) (1.00, 1.03, 1.00) (0.98, 0.87, 1.00) #fs:   0  -- #Conts: 25 H(4)  G(12)  A(1)  E(7)  C(1) 
 866784724 16027.65 || noQ Q (Avg,Max,Min) (1.00, 1.01, 0.98) (0.99, 0.88, 1.00) #fs:   2  -- #Conts: 24 H(2)  G(9)  A(1)  E(11)  C(1) 
 867434660 16011.88 || noQ Q (Avg,Max,Min) (1.00, 1.03, 0.98) (0.97, 0.42, 1.00) #fs:   2  -- #Conts: 25 H(2)  G(10)  A(1)  E(11)  C(1) 
 869283216 16002.82 || noQ Q (Avg,Max,Min) (1.00, 1.01, 0.98) (0.99, 0.88, 1.00) #fs:   2  -- #Conts: 25 H(2)  G(9)  A(1)  E(12)  C(1) 
 911395111 15971.65 || noQ Q (Avg,Max,Min) (1.00, 1.01, 0.98) (0.99, 0.88, 1.00) #fs:   2  -- #Conts: 24 H(2)  G(11)  E(10)  C(1) 
1000333601 15962.12 || noQ Q (Avg,Max,Min) (1.00, 1.03, 0.98) (0.97, 0.42, 1.00) #fs:   2  -- #Conts: 25 H(2)  G(11)  E(11)  C(1) 
1002144142 15953.06 || noQ Q (Avg,Max,Min) (1.00, 1.01, 0.98) (0.99, 0.88, 1.00) #fs:   2  -- #Conts: 24 H(2)  G(10)  E(11)  C(1) 
1007500330 15944.59 || noQ Q (Avg,Max,Min) (1.00, 1.01, 0.98) (0.99, 0.88, 1.00) #fs:   2  -- #Conts: 24 H(2)  G(11)  E(10)  C(1) 
1014582477 15769.29 || noQ Q (Avg,Max,Min) (1.00, 1.05, 1.00) (0.96, 0.25, 1.00) #fs:   2  -- #Conts: 24 H(3)  G(9)  E(11)  C(1) 
1015171051 15737.76 || noQ Q (Avg,Max,Min) (1.00, 1.01, 1.00) (0.99, 0.90, 1.00) #fs:   2  -- #Conts: 23 H(2)  G(9)  E(11)  C(1) 
1029342698 15690.47 || noQ Q (Avg,Max,Min) (1.00, 1.05, 1.00) (0.96, 0.25, 1.00) #fs:   2  -- #Conts: 24 H(2)  G(10)  E(11)  C(1) 
1029918032 15658.94 || noQ Q (Avg,Max,Min) (1.00, 1.01, 1.00) (0.99, 0.90, 1.00) #fs:   2  -- #Conts: 23 H(1)  G(10)  E(11)  C(1) 
1046996292 15643.88 || noQ Q (Avg,Max,Min) (1.00, 1.05, 1.00) (0.96, 0.25, 1.00) #fs:   0  -- #Conts: 23 H(1)  G(9)  A(1)  E(11)  C(1) 
1047609641 15628.12 || noQ Q (Avg,Max,Min) (1.00, 1.03, 1.00) (0.97, 0.42, 1.00) #fs:   0  -- #Conts: 23 G(10)  A(1)  E(11)  C(1) 
1049435250 15619.06 || noQ Q (Avg,Max,Min) (1.00, 1.00, 1.00) (0.99, 0.94, 1.00) #fs:   0  -- #Conts: 22 G(9)  A(1)  E(11)  C(1) 
1142132974 15618.59 || noQ Q (Avg,Max,Min) (1.00, 1.05, 1.00) (0.96, 0.25, 1.00) #fs:   0  -- #Conts: 22 H(1)  G(8)  A(1)  E(11)  C(1) 
1142746323 15602.82 || noQ Q (Avg,Max,Min) (1.00, 1.03, 1.00) (0.97, 0.42, 1.00) #fs:   0  -- #Conts: 22 G(9)  A(1)  E(11)  C(1) 
1144556864 15593.76 || noQ Q (Avg,Max,Min) (1.00, 1.00, 1.00) (0.99, 0.94, 1.00) #fs:   0  -- #Conts: 21 G(8)  A(1)  E(11)  C(1) 
1191261544 15593.06 || noQ Q (Avg,Max,Min) (1.00, 1.00, 1.00) (0.99, 0.94, 1.00) #fs:   0  -- #Conts: 21 G(8)  A(1)  E(11)  C(1) 
1466227625 15589.76 || noQ Q (Avg,Max,Min) (1.00, 1.01, 1.00) (0.98, 0.88, 1.00) #fs:   1  -- #Conts: 20 G(6)  A(1)  E(12)  C(1) 
1477268208 15577.18 || noQ Q (Avg,Max,Min) (1.00, 1.03, 1.00) (0.96, 0.42, 1.00) #fs:   1  -- #Conts: 19 G(6)  A(1)  E(11)  C(1) 
1479080177 15568.12 || noQ Q (Avg,Max,Min) (1.00, 1.00, 1.00) (0.99, 0.88, 1.00) #fs:   1  -- #Conts: 18 G(5)  A(1)  E(11)  C(1) 
1581125655 15492.59 || noQ Q (Avg,Max,Min) (1.00, 1.05, 1.00) (0.96, 0.25, 1.00) #fs:   0  -- #Conts: 20 H(2)  G(4)  A(1)  E(12)  C(1) 
1581716057 15476.82 || noQ Q (Avg,Max,Min) (1.00, 1.01, 1.00) (0.99, 0.96, 1.00) #fs:   0  -- #Conts: 19 H(1)  G(4)  A(1)  E(12)  C(1) 
1583587560 15467.76 || noQ Q (Avg,Max,Min) (1.00, 1.01, 1.00) (0.99, 0.93, 1.00) #fs:   0  -- #Conts: 20 H(1)  G(4)  A(1)  E(13)  C(1) 
1643090822 15435.06 || noQ Q (Avg,Max,Min) (1.00, 1.05, 1.00) (0.96, 0.25, 1.00) #fs:   0  -- #Conts: 20 H(2)  G(3)  A(1)  E(13)  C(1) 
1643704171 15419.29 || noQ Q (Avg,Max,Min) (1.00, 1.03, 1.00) (0.97, 0.42, 1.00) #fs:   0  -- #Conts: 20 H(1)  G(4)  A(1)  E(13)  C(1) 
1645529780 15410.24 || noQ Q (Avg,Max,Min) (1.00, 1.01, 1.00) (0.99, 0.96, 1.00) #fs:   0  -- #Conts: 19 H(1)  G(3)  A(1)  E(13)  C(1) 
2175724160 15402.82 || noQ Q (Avg,Max,Min) (1.00, 1.03, 1.00) (0.96, 0.42, 1.00) #fs:   0  -- #Conts: 15 H(1)  G(4)  E(9)  C(1) 
2177557297 15393.76 || noQ Q (Avg,Max,Min) (1.00, 1.01, 1.00) (0.99, 0.96, 1.00) #fs:   0  -- #Conts: 14 H(1)  G(3)  E(9)  C(1) 
2212545864 15393.06 || noQ Q (Avg,Max,Min) (1.00, 1.01, 1.00) (0.99, 0.96, 1.00) #fs:   0  -- #Conts: 14 H(1)  G(3)  A(1)  E(8)  C(1) 
2214210032 15380.47 || noQ Q (Avg,Max,Min) (1.00, 1.03, 1.00) (0.95, 0.42, 1.00) #fs:   0  -- #Conts: 14 H(1)  G(3)  A(1)  E(8)  C(1) 
2216043169 15371.41 || noQ Q (Avg,Max,Min) (1.00, 1.01, 1.00) (0.99, 0.96, 1.00) #fs:   0  -- #Conts: 13 H(1)  G(2)  A(1)  E(8)  C(1) 
2334571160 15343.53 || noQ Q (Avg,Max,Min) (1.00, 1.05, 1.00) (0.94, 0.25, 1.00) #fs:   0  -- #Conts: 19 H(1)  G(2)  A(1)  E(15) 
2335184509 15327.76 || noQ Q (Avg,Max,Min) (1.00, 1.03, 1.00) (0.95, 0.42, 1.00) #fs:   0  -- #Conts: 19 G(3)  A(1)  E(15) 
2337010118 15318.71 || noQ Q (Avg,Max,Min) (1.00, 1.00, 1.00) (0.98, 0.83, 1.00) #fs:   0  -- #Conts: 18 G(2)  A(1)  E(15) 
2342482764 15316.35 || noQ Q (Avg,Max,Min) (1.00, 1.00, 1.00) (0.99, 0.94, 1.00) #fs:   0  -- #Conts: 16 G(2)  A(1)  E(13) 
2531781079 15096.29 || noQ Q (Avg,Max,Min) (1.00, 1.01, 1.00) (0.99, 0.88, 1.00) #fs:   1  -- #Conts: 24 H(2)  A(5)  G(6)  E(10)  C(1) 
2552267507 15053.29 || noQ Q (Avg,Max,Min) (1.00, 1.01, 1.00) (0.99, 0.88, 1.00) #fs:   1  -- #Conts: 27 H(2)  A(6)  G(6)  E(12)  C(1) 
2572581242 15013.24 || noQ Q (Avg,Max,Min) (1.00, 1.01, 1.00) (0.99, 0.88, 1.00) #fs:   1  -- #Conts: 26 H(2)  A(7)  G(6)  E(10)  C(1) 
2621641256 15000.59 || noQ Q (Avg,Max,Min) (1.00, 1.01, 1.00) (0.99, 0.88, 1.00) #fs:   1  -- #Conts: 25 H(3)  A(6)  G(5)  E(10)  C(1) 
2648825914 14980.53 || noQ Q (Avg,Max,Min) (1.00, 1.05, 1.00) (0.96, 0.25, 1.00) #fs:   1  -- #Conts: 22 H(3)  A(5)  G(5)  E(8)  C(1) 
2649399774 14964.76 || noQ Q (Avg,Max,Min) (1.00, 1.01, 1.00) (0.99, 0.88, 1.00) #fs:   1  -- #Conts: 21 H(2)  A(5)  G(5)  E(8)  C(1) 
2651287819 14955.71 || noQ Q (Avg,Max,Min) (1.00, 1.01, 1.00) (0.99, 0.88, 1.00) #fs:   1  -- #Conts: 22 H(2)  A(5)  G(5)  E(9)  C(1) 
2724299562 14941.06 || noQ Q (Avg,Max,Min) (1.00, 1.03, 1.00) (0.97, 0.42, 1.00) #fs:   1  -- #Conts: 24 H(2)  A(6)  G(7)  E(8)  C(1) 
2726148118 14932.00 || noQ Q (Avg,Max,Min) (1.00, 1.01, 1.00) (0.99, 0.88, 1.00) #fs:   1  -- #Conts: 24 H(2)  A(6)  G(6)  E(9)  C(1) 
2743984529 14916.76 || noQ Q (Avg,Max,Min) (1.00, 1.01, 1.00) (0.99, 0.88, 1.00) #fs:   1  -- #Conts: 22 H(2)  A(7)  G(6)  E(6)  C(1) 
2744613297 14901.00 || noQ Q (Avg,Max,Min) (1.00, 1.03, 1.00) (0.97, 0.42, 1.00) #fs:   1  -- #Conts: 23 H(2)  A(7)  G(7)  E(6)  C(1) 
2746461853 14891.94 || noQ Q (Avg,Max,Min) (1.00, 1.01, 1.00) (0.99, 0.88, 1.00) #fs:   1  -- #Conts: 23 H(2)  A(7)  G(6)  E(7)  C(1) 
2769395590 14878.00 || noQ Q (Avg,Max,Min) (1.00, 1.05, 1.00) (0.96, 0.25, 1.00) #fs:   1  -- #Conts: 23 H(2)  A(6)  G(6)  E(8)  C(1) 
2769993520 14846.47 || noQ Q (Avg,Max,Min) (1.00, 1.01, 1.00) (0.99, 0.88, 1.00) #fs:   1  -- #Conts: 22 H(1)  A(6)  G(6)  E(8)  C(1) 
2789709325 14837.94 || noQ Q (Avg,Max,Min) (1.00, 1.05, 1.00) (0.96, 0.25, 1.00) #fs:   1  -- #Conts: 22 H(2)  A(7)  G(6)  E(6)  C(1) 
2790307255 14806.41 || noQ Q (Avg,Max,Min) (1.00, 1.01, 1.00) (0.99, 0.88, 1.00) #fs:   1  -- #Conts: 21 H(1)  A(7)  G(6)  E(6)  C(1) 
2848721100 14761.82 || noQ Q (Avg,Max,Min) (1.00, 1.05, 1.00) (0.96, 0.25, 1.00) #fs:   2  -- #Conts: 23 H(1)  A(7)  G(6)  E(8)  C(1) 
2849319299 14746.06 || noQ Q (Avg,Max,Min) (1.00, 1.01, 1.00) (0.99, 0.88, 1.00) #fs:   2  -- #Conts: 22 A(7)  G(6)  E(8)  C(1) 
2851183005 14737.00 || noQ Q (Avg,Max,Min) (1.00, 1.01, 1.00) (0.99, 0.88, 1.00) #fs:   2  -- #Conts: 23 A(7)  G(6)  E(9)  C(1) 
2861566746 14716.53 || noQ Q (Avg,Max,Min) (1.00, 1.05, 1.00) (0.96, 0.25, 1.00) #fs:   1  -- #Conts: 24 H(1)  A(8)  G(5)  E(9)  C(1) 
2862180095 14700.76 || noQ Q (Avg,Max,Min) (1.00, 1.03, 1.00) (0.97, 0.42, 1.00) #fs:   1  -- #Conts: 24 A(8)  G(6)  E(9)  C(1) 
2864013232 14691.71 || noQ Q (Avg,Max,Min) (1.00, 1.01, 1.00) (0.99, 0.88, 1.00) #fs:   1  -- #Conts: 23 A(8)  G(5)  E(9)  C(1) 
2875584831 14679.12 || noQ Q (Avg,Max,Min) (1.00, 1.03, 1.00) (0.97, 0.42, 1.00) #fs:   1  -- #Conts: 23 A(8)  G(5)  E(9)  C(1) 
2877415066 14670.06 || noQ Q (Avg,Max,Min) (1.00, 1.01, 1.00) (0.99, 0.88, 1.00) #fs:   1  -- #Conts: 22 A(8)  G(4)  E(9)  C(1) 
3057532327 14627.12 || noQ Q (Avg,Max,Min) (1.00, 1.05, 1.00) (0.96, 0.25, 1.00) #fs:   1  -- #Conts: 20 H(2)  A(7)  G(3)  E(7)  C(1) 
3058109089 14611.35 || noQ Q (Avg,Max,Min) (1.00, 1.01, 1.00) (1.00, 0.98, 1.00) #fs:   1  -- #Conts: 19 H(1)  A(7)  G(3)  E(7)  C(1) 
3059994232 14602.29 || noQ Q (Avg,Max,Min) (1.00, 1.01, 1.00) (0.99, 0.93, 1.00) #fs:   1  -- #Conts: 20 H(1)  A(7)  G(3)  E(8)  C(1) 
3194149887 14601.12 || noQ Q (Avg,Max,Min) (1.00, 1.05, 1.00) (0.96, 0.25, 1.00) #fs:   1  -- #Conts: 19 H(2)  A(7)  G(2)  E(7)  C(1) 
3194763236 14585.35 || noQ Q (Avg,Max,Min) (1.00, 1.03, 1.00) (0.97, 0.42, 1.00) #fs:   1  -- #Conts: 19 H(1)  A(7)  G(3)  E(7)  C(1) 
3196596373 14576.29 || noQ Q (Avg,Max,Min) (1.00, 1.01, 1.00) (1.00, 0.99, 1.00) #fs:   1  -- #Conts: 18 H(1)  A(7)  G(2)  E(7)  C(1) 
3277058344 14572.76 || noQ Q (Avg,Max,Min) (1.00, 1.05, 1.00) (0.96, 0.25, 1.00) #fs:   1  -- #Conts: 18 H(2)  A(7)  G(1)  E(7)  C(1) 
3277671693 14557.00 || noQ Q (Avg,Max,Min) (1.00, 1.03, 1.00) (0.97, 0.42, 1.00) #fs:   1  -- #Conts: 18 H(1)  A(7)  G(2)  E(7)  C(1) 
3279504830 14547.94 || noQ Q (Avg,Max,Min) (1.00, 1.01, 1.00) (1.00, 0.99, 1.00) #fs:   1  -- #Conts: 17 H(1)  A(7)  G(1)  E(7)  C(1) 
3385671546 14540.65 || noQ Q (Avg,Max,Min) (1.00, 1.05, 1.00) (0.96, 0.25, 1.00) #fs:   1  -- #Conts: 21 H(2)  A(7)  E(11)  C(1) 
3386284895 14524.88 || noQ Q (Avg,Max,Min) (1.00, 1.03, 1.00) (0.97, 0.42, 1.00) #fs:   1  -- #Conts: 21 H(1)  A(7)  G(1)  E(11)  C(1) 
3388110504 14515.82 || noQ Q (Avg,Max,Min) (1.00, 1.01, 1.00) (0.99, 0.94, 1.00) #fs:   1  -- #Conts: 20 H(1)  A(7)  E(11)  C(1) 
3396819586 14511.12 || noQ Q (Avg,Max,Min) (1.00, 1.01, 1.00) (0.99, 0.94, 1.00) #fs:   0  -- #Conts: 20 A(8)  E(11)  C(1) 
4334615013 14416.12 || noQ Q (Avg,Max,Min) (1.00, 1.05, 1.00) (0.96, 0.25, 1.00) #fs:   1  -- #Conts: 19 H(3)  A(6)  G(2)  E(7)  C(1) 
4335228362 14400.35 || noQ Q (Avg,Max,Min) (1.00, 1.03, 1.00) (0.97, 0.42, 1.00) #fs:   1  -- #Conts: 19 H(2)  A(6)  G(3)  E(7)  C(1) 
4335432302 14144.06 || noQ Q (Avg,Max,Min) (1.00, 1.05, 1.00) (0.96, 0.25, 1.00) #fs:   1  -- #Conts: 21 H(2)  A(7)  E(11)  C(1) 
4336045651 14128.29 || noQ Q (Avg,Max,Min) (1.00, 1.03, 1.00) (0.97, 0.42, 1.00) #fs:   1  -- #Conts: 21 H(1)  A(7)  G(1)  E(11)  C(1) 
4336235036 13876.18 || noQ Q (Avg,Max,Min) (1.00, 1.05, 1.00) (0.95, 0.25, 1.00) #fs:   2  -- #Conts: 24 H(2)  A(9)  E(12)  C(1) 
4336380335 13742.41 || noQ Q (Avg,Max,Min) (1.00, 1.05, 1.00) (0.95, 0.25, 1.00) #fs:   1  -- #Conts: 24 H(2)  A(11)  E(10)  C(1) 
4336993684 13726.65 || noQ Q (Avg,Max,Min) (1.00, 1.03, 1.00) (0.96, 0.42, 1.00) #fs:   1  -- #Conts: 24 H(1)  A(11)  G(1)  E(10)  C(1) 
4338842240 13717.59 || noQ Q (Avg,Max,Min) (1.00, 1.01, 1.00) (0.98, 0.83, 1.00) #fs:   1  -- #Conts: 24 H(1)  A(11)  E(11)  C(1) 
4341135757 13666.00 || noQ Q (Avg,Max,Min) (1.00, 1.05, 1.00) (0.96, 0.25, 1.00) #fs:   1  -- #Conts: 25 H(2)  A(12)  E(10)  C(1) 
4341749106 13650.24 || noQ Q (Avg,Max,Min) (1.00, 1.03, 1.00) (0.96, 0.42, 1.00) #fs:   1  -- #Conts: 25 H(1)  A(12)  G(1)  E(10)  C(1) 
4343597662 13641.18 || noQ Q (Avg,Max,Min) (1.00, 1.01, 1.00) (0.98, 0.83, 1.00) #fs:   1  -- #Conts: 25 H(1)  A(12)  E(11)  C(1) 
4353137514 13636.47 || noQ Q (Avg,Max,Min) (1.00, 1.01, 1.00) (0.98, 0.83, 1.00) #fs:   0  -- #Conts: 26 A(13)  E(12)  C(1) 
4371162037 13618.29 || noQ Q (Avg,Max,Min) (1.00, 1.05, 1.00) (0.96, 0.25, 1.00) #fs:   0  -- #Conts: 29 H(1)  A(14)  E(13)  C(1) 
4371775386 13602.53 || noQ Q (Avg,Max,Min) (1.00, 1.03, 1.00) (0.96, 0.42, 1.00) #fs:   0  -- #Conts: 29 A(14)  G(1)  E(13)  C(1) 
4373623942 13593.47 || noQ Q (Avg,Max,Min) (1.00, 1.01, 1.00) (0.98, 0.83, 1.00) #fs:   0  -- #Conts: 29 A(14)  E(14)  C(1) 
4388343296 13582.94 || noQ Q (Avg,Max,Min) (1.00, 1.05, 1.00) (0.96, 0.25, 1.00) #fs:   1  -- #Conts: 26 H(2)  A(14)  E(9)  C(1) 
4388480757 13581.88 || noQ Q (Avg,Max,Min) (1.00, 1.05, 1.00) (0.95, 0.25, 1.00) #fs:   1  -- #Conts: 28 H(1)  A(14)  G(1)  E(10)  C(2) 
4388956645 13567.18 || noQ Q (Avg,Max,Min) (1.00, 1.03, 1.00) (0.97, 0.42, 1.00) #fs:   1  -- #Conts: 26 H(1)  A(14)  G(1)  E(9)  C(1) 
4389094106 13566.12 || noQ Q (Avg,Max,Min) (1.00, 1.03, 1.00) (0.96, 0.42, 1.00) #fs:   1  -- #Conts: 28 A(14)  G(2)  E(10)  C(2) 
4390805201 13558.12 || noQ Q (Avg,Max,Min) (1.00, 1.01, 1.00) (0.99, 0.88, 1.00) #fs:   1  -- #Conts: 26 H(1)  A(14)  E(10)  C(1) 
4390942662 13557.06 || noQ Q (Avg,Max,Min) (1.00, 1.02, 1.00) (0.98, 0.87, 1.00) #fs:   1  -- #Conts: 28 A(14)  G(1)  E(11)  C(2) 
/////////////////size: 112
nodes 50 edges 60
 mulT: 5000 mulD: 10000  sumData GB 14479
pareto /LIGO.n.50.0.dax time -> 1389.0
moheft /LIGO.n.50.0.dax time -> 1292.0
distance from M to C 89.91721791226432
distance from P to C 829.2331932788204
distance from C to M 68.54383815331782
distance from C to P 414.4357298474937
toCompare: /LIGO.n.50.0.dax sumDataGB: 14479 mulT: 5000 mulD: 10000 paretoOptTime_MS: 1389.0 MoheftOptimizationTime_MS: 1292.0 MtoC 89.91721791226432 PtoC 829.2331932788204 CtoM 68.54383815331782 CtoP 414.4357298474937
