specify -Dflow d,b,mt,md,size
Running /home/vaggelis/jc/CYBERSHAKE.n.50.0.dax mt 50 md: 1000 size null
   1138564 064.06 || noQ Q (Avg,Max,Min) (3.37, 5.05, 1.00) (0.97, 0.02, 1.60) #fs:   1  -- #Conts: 3 H(2)  A(1) 
   1139748 063.06 || noQ Q (Avg,Max,Min) (4.56, 5.05, 4.07) (1.44, 1.29, 1.60) #fs:   1  -- #Conts: 2 H(2) 
   1872940 048.29 || noQ Q (Avg,Max,Min) (2.32, 3.49, 1.00) (1.04, 0.02, 1.81) #fs:   1  -- #Conts: 3 H(1)  A(1)  G(1) 
   1876474 047.29 || noQ Q (Avg,Max,Min) (3.77, 4.07, 3.48) (1.55, 1.29, 1.81) #fs:   0  -- #Conts: 2 H(1)  G(1) 
   1953010 031.53 || noQ Q (Avg,Max,Min) (3.07, 3.35, 2.79) (1.66, 1.51, 1.81) #fs:   1  -- #Conts: 2 G(2) 
   4232017 029.18 || noQ Q (Avg,Max,Min) (2.44, 2.79, 2.10) (1.37, 1.23, 1.51) #fs:   0  -- #Conts: 2 G(1)  E(1) 
   4404071 026.82 || noQ Q (Avg,Max,Min) (1.91, 2.02, 1.79) (1.17, 1.10, 1.23) #fs:   1  -- #Conts: 2 E(2) 
   7195097 021.41 || noQ Q (Avg,Max,Min) (1.38, 1.65, 1.11) (1.38, 1.11, 1.65) #fs:   6  -- #Conts: 2 E(1)  C(1) 
   7721474 020.00 || noQ Q (Avg,Max,Min) (1.55, 1.65, 1.45) (1.34, 1.04, 1.65) #fs:   0  -- #Conts: 2 C(2) 
/////////////////size: 9
   1803078 060.00 || noQ Q (Avg,Max,Min) (1.55, 3.58, 0.19) (0.56, 0.00, 1.79) #fs:   3  -- #Conts: 6 H(1)  G(1)  A(2)  E(1)  C(1) 
   1803455 058.00 || noQ Q (Avg,Max,Min) (1.35, 3.58, 0.16) (0.49, 0.00, 1.79) #fs:   7  -- #Conts: 7 H(1)  G(1)  A(4)  E(1) 
   1803564 051.29 || noQ Q (Avg,Max,Min) (1.39, 3.58, 0.16) (0.57, 0.01, 1.79) #fs:   7  -- #Conts: 6 H(1)  G(1)  A(4) 
   1804091 050.29 || noQ Q (Avg,Max,Min) (1.47, 3.58, 0.16) (0.68, 0.06, 1.79) #fs:   6  -- #Conts: 5 H(1)  G(1)  A(3) 
   1808832 049.29 || noQ Q (Avg,Max,Min) (1.79, 3.57, 0.43) (0.84, 0.11, 1.80) #fs:   5  -- #Conts: 4 H(1)  G(1)  A(2) 
   1817196 048.29 || noQ Q (Avg,Max,Min) (2.24, 3.56, 0.61) (1.08, 0.16, 1.80) #fs:   4  -- #Conts: 3 H(1)  G(1)  A(1) 
   1829696 047.29 || noQ Q (Avg,Max,Min) (3.04, 3.54, 2.55) (1.55, 1.29, 1.80) #fs:   2  -- #Conts: 2 H(1)  G(1) 
   2189650 047.24 || noQ Q (Avg,Max,Min) (1.26, 4.72, 0.11) (0.40, 0.00, 2.87) #fs:   3  -- #Conts: 8 H(1)  A(5)  E(1)  C(1) 
   2190221 040.53 || noQ Q (Avg,Max,Min) (1.28, 4.72, 0.11) (0.46, 0.01, 2.87) #fs:   3  -- #Conts: 7 H(1)  A(5)  C(1) 
   2192450 036.53 || noQ Q (Avg,Max,Min) (1.33, 4.71, 0.11) (0.53, 0.02, 2.87) #fs:   3  -- #Conts: 6 H(1)  A(5) 
   2193666 035.53 || noQ Q (Avg,Max,Min) (1.58, 4.71, 0.16) (0.64, 0.05, 2.87) #fs:   2  -- #Conts: 5 H(1)  A(4) 
   2200942 034.53 || noQ Q (Avg,Max,Min) (1.93, 4.70, 1.00) (0.79, 0.05, 2.87) #fs:   0  -- #Conts: 4 H(1)  A(3) 
   2206397 033.53 || noQ Q (Avg,Max,Min) (2.23, 4.69, 1.00) (1.03, 0.08, 2.88) #fs:   0  -- #Conts: 3 H(1)  A(2) 
   2215451 032.53 || noQ Q (Avg,Max,Min) (2.84, 4.68, 1.00) (1.51, 0.15, 2.88) #fs:   0  -- #Conts: 2 H(1)  A(1) 
   2233312 031.53 || noQ Q (Avg,Max,Min) (4.65, 4.65, 4.65) (2.88, 2.88, 2.88) #fs:   0  -- #Conts: 1 H(1) 
   9947372 031.47 || noQ Q (Avg,Max,Min) (11.55, 18.04, 1.01) (1.47, 0.02, 3.26) #fs:   3  -- #Conts: 5 G(1)  A(1)  E(1)  C(2) 
   9952010 030.47 || noQ Q (Avg,Max,Min) (13.96, 17.69, 3.26) (1.84, 1.35, 3.26) #fs:   3  -- #Conts: 4 G(1)  E(1)  C(2) 
   9968218 028.76 || noQ Q (Avg,Max,Min) (10.86, 16.91, 0.76) (1.48, 0.03, 3.26) #fs:   2  -- #Conts: 5 G(1)  A(1)  C(3) 
   9975326 027.76 || noQ Q (Avg,Max,Min) (13.08, 16.48, 3.26) (1.85, 1.37, 3.26) #fs:   1  -- #Conts: 4 G(1)  C(3) 
   9992183 027.47 || noQ Q (Avg,Max,Min) (12.22, 30.00, 0.07) (1.83, 0.02, 3.26) #fs:   2  -- #Conts: 4 G(1)  A(1)  E(1)  C(1) 
   9996970 026.47 || noQ Q (Avg,Max,Min) (16.04, 29.58, 3.26) (2.44, 1.38, 3.26) #fs:   0  -- #Conts: 3 G(1)  E(1)  C(1) 
  10145974 025.47 || noQ Q (Avg,Max,Min) (8.67, 30.40, 0.02) (1.83, 0.02, 4.01) #fs:   1  -- #Conts: 4 G(1)  A(2)  E(1) 
  10146864 024.47 || noQ Q (Avg,Max,Min) (8.90, 30.35, 1.00) (1.84, 0.04, 4.01) #fs:   1  -- #Conts: 4 G(1)  A(2)  E(1) 
  10163270 023.47 || noQ Q (Avg,Max,Min) (11.22, 29.39, 1.01) (2.44, 0.05, 4.01) #fs:   0  -- #Conts: 3 G(1)  A(1)  E(1) 
  10185321 022.47 || noQ Q (Avg,Max,Min) (15.71, 28.15, 3.26) (3.64, 3.26, 4.02) #fs:   0  -- #Conts: 2 G(1)  E(1) 
  10487636 021.76 || noQ Q (Avg,Max,Min) (5.60, 18.10, 0.07) (1.86, 0.02, 4.10) #fs:   2  -- #Conts: 4 G(1)  A(2)  C(1) 
  10499242 020.76 || noQ Q (Avg,Max,Min) (7.37, 17.87, 0.99) (2.48, 0.08, 4.11) #fs:   1  -- #Conts: 3 G(1)  A(1)  C(1) 
  10559455 019.76 || noQ Q (Avg,Max,Min) (9.99, 16.72, 3.26) (3.69, 3.26, 4.12) #fs:   0  -- #Conts: 2 G(1)  C(1) 
  11017859 018.76 || noQ Q (Avg,Max,Min) (4.15, 4.49, 3.26) (2.06, 1.64, 3.26) #fs:   1  -- #Conts: 4 G(1)  A(3) 
  12017359 017.76 || noQ Q (Avg,Max,Min) (3.66, 4.97, 2.74) (2.74, 1.73, 3.26) #fs:   1  -- #Conts: 3 G(1)  A(2) 
/////////////////size: 30
nodes 50 edges 92
 mulT: 50 mulD: 1000  sumData GB 86302
pareto /CYBERSHAKE.n.50.0.dax time -> 270.0
moheft /CYBERSHAKE.n.50.0.dax time -> 230.0
distance from M to C 0.7743100888550938
distance from P to C 0.0
distance from C to M 0.1406859248241077
distance from C to P 0.6283637762848381
toCompare: /CYBERSHAKE.n.50.0.dax sumDataGB: 86302 mulT: 50 mulD: 1000 paretoOptTime_MS: 270.0 MoheftOptimizationTime_MS: 230.0 MtoC 0.7743100888550938 PtoC 0.0 CtoM 0.1406859248241077 CtoP 0.6283637762848381
