specify -Dflow d,b,mt,md,size
Running /home/vaggelis/jc/SIPHT.n.100.0.dax mt 100 md: 5000 size null
  17302068 662.12 || noQ Q (Avg,Max,Min) (1.12, 1.46, 0.87) (1.03, 0.84, 1.36) #fs:   3  -- #Conts: 6 H(6) 
  17963188 630.59 || noQ Q (Avg,Max,Min) (1.17, 1.46, 0.82) (1.09, 0.82, 1.36) #fs:   2  -- #Conts: 6 H(6) 
  29546644 562.82 || noQ Q (Avg,Max,Min) (1.01, 1.16, 0.80) (0.93, 0.73, 1.12) #fs:   4  -- #Conts: 7 G(6)  E(1) 
  29595227 515.53 || noQ Q (Avg,Max,Min) (1.05, 1.16, 0.90) (0.98, 0.76, 1.12) #fs:   3  -- #Conts: 7 G(6)  E(1) 
  35949236 499.76 || noQ Q (Avg,Max,Min) (1.07, 1.16, 0.92) (1.03, 0.92, 1.12) #fs:   3  -- #Conts: 6 G(5)  E(1) 
  60959720 483.18 || noQ Q (Avg,Max,Min) (1.03, 1.15, 0.82) (0.95, 0.76, 1.05) #fs:   2  -- #Conts: 9 G(1)  E(8) 
  64506282 476.12 || noQ Q (Avg,Max,Min) (1.05, 1.15, 0.96) (0.96, 0.80, 1.05) #fs:   1  -- #Conts: 9 E(9) 
  64519072 469.41 || noQ Q (Avg,Max,Min) (1.06, 1.15, 1.01) (0.97, 0.80, 1.05) #fs:   0  -- #Conts: 9 E(9) 
  82657058 462.71 || noQ Q (Avg,Max,Min) (1.05, 1.15, 1.01) (0.92, 0.59, 1.05) #fs:   0  -- #Conts: 7 E(7) 
  82683419 456.00 || noQ Q (Avg,Max,Min) (1.05, 1.15, 1.01) (0.93, 0.59, 1.05) #fs:   0  -- #Conts: 7 E(7) 
/////////////////size: 10
  17750594 630.59 || noQ Q (Avg,Max,Min) (1.12, 1.28, 1.00) (0.96, 0.65, 1.21) #fs:   0  -- #Conts: 6 H(6) 
  19245740 614.82 || noQ Q (Avg,Max,Min) (1.11, 1.28, 1.03) (0.97, 0.77, 1.16) #fs:   1  -- #Conts: 6 H(5)  G(1) 
  21625989 607.76 || noQ Q (Avg,Max,Min) (1.70, 5.86, 1.03) (0.80, 0.03, 1.18) #fs:   0  -- #Conts: 8 H(5)  A(2)  E(1) 
  21638623 605.06 || noQ Q (Avg,Max,Min) (1.44, 3.81, 1.03) (0.80, 0.03, 1.18) #fs:   0  -- #Conts: 8 H(5)  A(2)  C(1) 
  21662604 604.06 || noQ Q (Avg,Max,Min) (1.50, 3.81, 1.04) (0.88, 0.03, 1.18) #fs:   0  -- #Conts: 7 H(5)  A(1)  C(1) 
  21741632 602.06 || noQ Q (Avg,Max,Min) (1.10, 1.28, 1.03) (0.85, 0.26, 1.17) #fs:   1  -- #Conts: 7 H(5)  A(2) 
  21765613 601.06 || noQ Q (Avg,Max,Min) (1.11, 1.28, 0.98) (0.94, 0.55, 1.18) #fs:   1  -- #Conts: 6 H(5)  A(1) 
  22006668 585.29 || noQ Q (Avg,Max,Min) (1.04, 1.10, 0.94) (0.91, 0.66, 1.10) #fs:   2  -- #Conts: 8 H(4)  G(3)  E(1) 
  24589939 553.76 || noQ Q (Avg,Max,Min) (1.05, 1.10, 0.95) (0.96, 0.75, 1.10) #fs:   1  -- #Conts: 7 H(3)  G(3)  E(1) 
  28055092 547.06 || noQ Q (Avg,Max,Min) (1.22, 2.11, 1.00) (1.11, 0.85, 2.11) #fs:   0  -- #Conts: 9 H(3)  G(5)  E(1) 
  29350249 531.29 || noQ Q (Avg,Max,Min) (1.22, 2.07, 1.01) (1.11, 0.88, 1.91) #fs:   1  -- #Conts: 8 H(2)  G(5)  E(1) 
  32035295 515.53 || noQ Q (Avg,Max,Min) (0.98, 1.11, 0.64) (0.91, 0.60, 1.10) #fs:   1  -- #Conts: 6 H(1)  G(4)  E(1) 
  32039548 502.12 || noQ Q (Avg,Max,Min) (1.04, 1.27, 0.70) (1.01, 0.67, 1.18) #fs:   1  -- #Conts: 6 H(1)  G(4)  E(1) 
  38734560 486.35 || noQ Q (Avg,Max,Min) (1.10, 1.26, 1.04) (1.05, 1.00, 1.15) #fs:   1  -- #Conts: 5 G(4)  E(1) 
  39320651 471.59 || noQ Q (Avg,Max,Min) (1.09, 1.26, 1.04) (1.07, 1.00, 1.20) #fs:   0  -- #Conts: 6 G(4)  A(1)  E(1) 
  39511595 470.59 || noQ Q (Avg,Max,Min) (1.10, 1.26, 1.04) (1.08, 1.00, 1.20) #fs:   0  -- #Conts: 5 G(4)  E(1) 
  49499149 469.18 || noQ Q (Avg,Max,Min) (1.01, 1.16, 0.53) (0.96, 0.26, 1.15) #fs:   1  -- #Conts: 8 G(4)  E(3)  C(1) 
  49929788 465.18 || noQ Q (Avg,Max,Min) (1.08, 1.16, 1.02) (1.07, 0.97, 1.15) #fs:   0  -- #Conts: 7 G(4)  E(3) 
  59975554 463.35 || noQ Q (Avg,Max,Min) (1.11, 1.46, 1.00) (0.91, 0.16, 1.15) #fs:   1  -- #Conts: 11 G(1)  A(1)  E(7)  C(2) 
  59981235 462.35 || noQ Q (Avg,Max,Min) (1.10, 1.27, 1.00) (0.99, 0.57, 1.15) #fs:   1  -- #Conts: 10 G(1)  E(7)  C(2) 
  61970324 461.35 || noQ Q (Avg,Max,Min) (1.12, 1.63, 1.00) (0.96, 0.06, 1.15) #fs:   1  -- #Conts: 12 G(1)  A(3)  E(7)  C(1) 
  62246804 459.06 || noQ Q (Avg,Max,Min) (1.06, 1.12, 1.00) (1.03, 0.94, 1.11) #fs:   0  -- #Conts: 10 G(1)  A(2)  E(7) 
  63824347 457.00 || noQ Q (Avg,Max,Min) (1.04, 1.08, 1.02) (0.93, 0.40, 1.06) #fs:   0  -- #Conts: 7 A(1)  E(6) 
  63943767 456.00 || noQ Q (Avg,Max,Min) (1.05, 1.08, 1.01) (1.02, 0.98, 1.06) #fs:   1  -- #Conts: 6 E(6) 
  78550543 454.76 || noQ Q (Avg,Max,Min) (1.04, 1.07, 1.00) (1.01, 0.97, 1.05) #fs:   0  -- #Conts: 7 A(1)  E(5)  C(1) 
  79733862 452.29 || noQ Q (Avg,Max,Min) (1.04, 1.07, 1.01) (1.01, 0.87, 1.06) #fs:   0  -- #Conts: 7 A(1)  E(6) 
  79987247 451.29 || noQ Q (Avg,Max,Min) (1.04, 1.07, 1.01) (1.03, 0.98, 1.06) #fs:   0  -- #Conts: 7 A(1)  E(6) 
  83632257 449.94 || noQ Q (Avg,Max,Min) (1.07, 1.26, 1.01) (1.04, 0.94, 1.15) #fs:   0  -- #Conts: 8 A(1)  E(6)  C(1) 
 104572472 449.24 || noQ Q (Avg,Max,Min) (1.12, 1.63, 1.01) (0.92, 0.06, 1.10) #fs:   0  -- #Conts: 8 A(3)  E(4)  C(1) 
/////////////////size: 29
nodes 97 edges 109
 mulT: 100 mulD: 5000  sumData GB 11037
pareto /SIPHT.n.100.0.dax time -> 8414.0
moheft /SIPHT.n.100.0.dax time -> 897.0
distance from M to C 0.0
distance from P to C 4.170572445986534
distance from C to M 1.1640685557964887
distance from C to P 5.5849049490082
toCompare: /SIPHT.n.100.0.dax sumDataGB: 11037 mulT: 100 mulD: 5000 paretoOptTime_MS: 8414.0 MoheftOptimizationTime_MS: 897.0 MtoC 0.0 PtoC 4.170572445986534 CtoM 1.1640685557964887 CtoP 5.5849049490082
