specify -Dflow d,b,mt,md,size
Running /home/vaggelis/jc/SIPHT.n.50.0.dax mt 5000 md: 500 size null
 669119048 16261.06 || noQ Q (Avg,Max,Min) (1.00, 1.00, 0.98) (0.96, 0.72, 1.00) #fs:   1  -- #Conts: 10 H(5)  G(2)  E(3) 
 669119934 16166.47 || noQ Q (Avg,Max,Min) (1.00, 1.00, 1.00) (0.96, 0.72, 1.00) #fs:   0  -- #Conts: 10 H(5)  G(2)  E(3) 
 992834587 14629.65 || noQ Q (Avg,Max,Min) (1.00, 1.00, 0.96) (0.96, 0.80, 1.00) #fs:   1  -- #Conts: 11 H(2)  G(9) 
1109421527 14345.88 || noQ Q (Avg,Max,Min) (1.00, 1.00, 0.96) (0.96, 0.80, 1.00) #fs:   1  -- #Conts: 11 H(1)  G(10) 
1146627395 14022.35 || noQ Q (Avg,Max,Min) (1.00, 1.00, 0.96) (0.96, 0.80, 1.00) #fs:   1  -- #Conts: 11 G(9)  E(2) 
2024048628 13903.29 || noQ Q (Avg,Max,Min) (0.98, 1.00, 0.81) (0.89, 0.66, 1.00) #fs:   2  -- #Conts: 17 H(1)  G(1)  E(15) 
2024079113 13721.53 || noQ Q (Avg,Max,Min) (1.00, 1.00, 1.00) (0.96, 0.83, 1.00) #fs:   0  -- #Conts: 11 G(4)  E(7) 
2122261912 13635.29 || noQ Q (Avg,Max,Min) (0.98, 1.00, 0.81) (0.89, 0.66, 1.00) #fs:   2  -- #Conts: 17 G(2)  E(15) 
2502062001 13566.94 || noQ Q (Avg,Max,Min) (0.98, 1.00, 0.81) (0.89, 0.66, 1.00) #fs:   2  -- #Conts: 17 G(1)  E(16) 
2585773744 13498.94 || noQ Q (Avg,Max,Min) (0.98, 1.00, 0.81) (0.89, 0.66, 1.00) #fs:   2  -- #Conts: 17 E(17) 
2616596568 13492.24 || noQ Q (Avg,Max,Min) (0.98, 1.00, 0.81) (0.90, 0.67, 1.00) #fs:   2  -- #Conts: 15 E(15) 
4197740736 13002.71 || noQ Q (Avg,Max,Min) (0.97, 1.00, 0.70) (0.90, 0.55, 1.00) #fs:   2  -- #Conts: 19 E(1)  C(18) 
6452421805 6613.00 || noQ Q (Avg,Max,Min) (1.00, 1.00, 1.00) (0.98, 0.86, 1.00) #fs:   1  -- #Conts: 21 A(20)  C(1) 
6452436994 4862.00 || noQ Q (Avg,Max,Min) (1.00, 1.00, 1.00) (0.98, 0.86, 1.00) #fs:   2  -- #Conts: 21 A(21) 
6460936994 4861.00 || noQ Q (Avg,Max,Min) (1.00, 1.00, 1.00) (0.98, 0.86, 1.00) #fs:   2  -- #Conts: 21 A(21) 
/////////////////size: 15
 696745927 16062.24 || noQ Q (Avg,Max,Min) (1.00, 1.00, 1.00) (0.99, 0.92, 1.00) #fs:   0  -- #Conts: 12 H(4)  G(2)  A(3)  E(3) 
 697076472 16059.24 || noQ Q (Avg,Max,Min) (1.00, 1.00, 1.00) (1.00, 0.98, 1.00) #fs:   0  -- #Conts: 11 H(4)  G(2)  A(2)  E(3) 
 697211529 16058.24 || noQ Q (Avg,Max,Min) (1.00, 1.00, 1.00) (1.00, 0.98, 1.00) #fs:   0  -- #Conts: 11 H(4)  G(2)  A(2)  E(3) 
 763537275 15941.41 || noQ Q (Avg,Max,Min) (1.00, 1.00, 1.00) (0.98, 0.90, 1.00) #fs:   1  -- #Conts: 13 H(5)  G(2)  A(3)  E(3) 
 763705015 15939.41 || noQ Q (Avg,Max,Min) (1.00, 1.00, 1.00) (0.98, 0.90, 1.00) #fs:   0  -- #Conts: 13 H(5)  G(2)  A(3)  E(3) 
 763867820 15938.41 || noQ Q (Avg,Max,Min) (1.00, 1.00, 1.00) (0.99, 0.90, 1.00) #fs:   1  -- #Conts: 12 H(5)  G(2)  A(2)  E(3) 
 764002877 15937.41 || noQ Q (Avg,Max,Min) (1.00, 1.00, 1.00) (0.99, 0.90, 1.00) #fs:   0  -- #Conts: 12 H(5)  G(2)  A(2)  E(3) 
 764040287 15936.41 || noQ Q (Avg,Max,Min) (1.00, 1.00, 1.00) (0.99, 0.90, 1.00) #fs:   0  -- #Conts: 12 H(5)  G(2)  A(2)  E(3) 
 812100429 15782.76 || noQ Q (Avg,Max,Min) (1.00, 1.00, 1.00) (0.98, 0.79, 1.00) #fs:   0  -- #Conts: 12 H(4)  G(3)  A(2)  E(3) 
 812592253 15779.76 || noQ Q (Avg,Max,Min) (1.00, 1.00, 1.00) (1.00, 0.99, 1.00) #fs:   0  -- #Conts: 11 H(4)  G(3)  A(1)  E(3) 
 812880278 15778.76 || noQ Q (Avg,Max,Min) (1.00, 1.00, 1.00) (1.00, 0.99, 1.00) #fs:   0  -- #Conts: 11 H(4)  G(3)  A(1)  E(3) 
 850333889 15550.00 || noQ Q (Avg,Max,Min) (1.00, 1.02, 1.00) (0.91, 0.08, 1.00) #fs:   0  -- #Conts: 12 H(4)  G(3)  A(2)  E(3) 
 850537903 15518.47 || noQ Q (Avg,Max,Min) (1.00, 1.00, 1.00) (0.99, 0.92, 1.00) #fs:   0  -- #Conts: 11 H(3)  G(3)  A(2)  E(3) 
 850826144 15517.47 || noQ Q (Avg,Max,Min) (1.00, 1.00, 1.00) (0.99, 0.92, 1.00) #fs:   0  -- #Conts: 11 H(3)  G(3)  A(2)  E(3) 
 851100987 15516.47 || noQ Q (Avg,Max,Min) (1.00, 1.00, 1.00) (0.99, 0.92, 1.00) #fs:   0  -- #Conts: 11 H(3)  G(3)  A(2)  E(3) 
 851108245 15515.47 || noQ Q (Avg,Max,Min) (1.00, 1.00, 1.00) (1.00, 0.98, 1.00) #fs:   0  -- #Conts: 10 H(3)  G(3)  A(1)  E(3) 
 851375823 15514.47 || noQ Q (Avg,Max,Min) (1.00, 1.00, 1.00) (0.99, 0.92, 1.00) #fs:   0  -- #Conts: 11 H(3)  G(3)  A(2)  E(3) 
 851662239 15513.47 || noQ Q (Avg,Max,Min) (1.00, 1.00, 1.00) (0.99, 0.92, 1.00) #fs:   0  -- #Conts: 11 H(3)  G(3)  A(2)  E(3) 
 851926988 15512.47 || noQ Q (Avg,Max,Min) (1.00, 1.02, 1.00) (0.92, 0.10, 1.00) #fs:   0  -- #Conts: 11 H(3)  G(3)  A(2)  E(3) 
 851950899 15511.47 || noQ Q (Avg,Max,Min) (1.00, 1.00, 1.00) (1.00, 0.98, 1.00) #fs:   0  -- #Conts: 10 H(3)  G(3)  A(1)  E(3) 
 852237315 15510.47 || noQ Q (Avg,Max,Min) (1.00, 1.00, 1.00) (1.00, 0.98, 1.00) #fs:   0  -- #Conts: 10 H(3)  G(3)  A(1)  E(3) 
 852517178 15509.47 || noQ Q (Avg,Max,Min) (0.95, 1.00, 0.42) (0.92, 0.17, 1.00) #fs:   1  -- #Conts: 11 H(3)  G(3)  A(2)  E(3) 
 852560010 15508.47 || noQ Q (Avg,Max,Min) (1.00, 1.00, 1.00) (1.00, 0.98, 1.00) #fs:   0  -- #Conts: 10 H(3)  G(3)  A(1)  E(3) 
 852866677 15507.47 || noQ Q (Avg,Max,Min) (1.00, 1.00, 1.00) (1.00, 0.98, 1.00) #fs:   0  -- #Conts: 10 H(3)  G(3)  A(1)  E(3) 
 886767426 15227.35 || noQ Q (Avg,Max,Min) (1.00, 1.00, 1.00) (0.97, 0.79, 1.00) #fs:   0  -- #Conts: 13 H(3)  G(3)  A(2)  E(5) 
 887054399 15224.35 || noQ Q (Avg,Max,Min) (1.00, 1.00, 1.00) (0.99, 0.90, 1.00) #fs:   0  -- #Conts: 12 H(3)  G(3)  A(1)  E(5) 
 887221923 15223.35 || noQ Q (Avg,Max,Min) (1.00, 1.00, 1.00) (0.99, 0.90, 1.00) #fs:   0  -- #Conts: 12 H(3)  G(3)  A(1)  E(5) 
 887382290 15221.35 || noQ Q (Avg,Max,Min) (1.00, 1.00, 1.00) (0.99, 0.90, 1.00) #fs:   0  -- #Conts: 12 H(3)  G(3)  A(1)  E(5) 
 887542657 15220.35 || noQ Q (Avg,Max,Min) (1.00, 1.00, 1.00) (0.99, 0.90, 1.00) #fs:   0  -- #Conts: 12 H(3)  G(3)  A(1)  E(5) 
 917126069 14989.18 || noQ Q (Avg,Max,Min) (1.00, 1.02, 1.00) (0.91, 0.08, 1.00) #fs:   0  -- #Conts: 14 H(3)  G(4)  A(1)  E(5)  C(1) 
 917330083 14957.65 || noQ Q (Avg,Max,Min) (1.00, 1.00, 1.00) (0.97, 0.62, 1.00) #fs:   0  -- #Conts: 13 H(2)  G(4)  A(1)  E(5)  C(1) 
 917618324 14956.65 || noQ Q (Avg,Max,Min) (1.00, 1.00, 1.00) (0.97, 0.62, 1.00) #fs:   0  -- #Conts: 13 H(2)  G(4)  A(1)  E(5)  C(1) 
 917900425 14953.65 || noQ Q (Avg,Max,Min) (1.00, 1.00, 1.00) (1.00, 0.98, 1.00) #fs:   0  -- #Conts: 12 H(2)  G(4)  A(1)  E(5) 
 918193393 14952.65 || noQ Q (Avg,Max,Min) (1.00, 1.00, 1.00) (1.00, 0.97, 1.00) #fs:   0  -- #Conts: 12 H(2)  G(4)  A(1)  E(5) 
 918441432 14951.65 || noQ Q (Avg,Max,Min) (1.00, 1.00, 0.99) (0.94, 0.17, 1.00) #fs:   1  -- #Conts: 13 H(2)  G(4)  A(2)  E(5) 
 918484264 14950.65 || noQ Q (Avg,Max,Min) (1.00, 1.00, 1.00) (1.00, 1.00, 1.00) #fs:   0  -- #Conts: 12 H(2)  G(4)  A(1)  E(5) 
 918759107 14949.65 || noQ Q (Avg,Max,Min) (1.00, 1.00, 1.00) (1.00, 0.99, 1.00) #fs:   0  -- #Conts: 12 H(2)  G(4)  A(1)  E(5) 
 992834587 14530.12 || noQ Q (Avg,Max,Min) (1.00, 1.00, 1.00) (0.99, 0.95, 1.00) #fs:   0  -- #Conts: 12 H(2)  G(3)  A(2)  E(5) 
 993002327 14529.12 || noQ Q (Avg,Max,Min) (1.00, 1.00, 1.00) (0.99, 0.92, 1.00) #fs:   0  -- #Conts: 12 H(2)  G(3)  A(2)  E(5) 
 993165132 14528.12 || noQ Q (Avg,Max,Min) (1.00, 1.02, 1.00) (0.92, 0.10, 1.00) #fs:   0  -- #Conts: 12 H(2)  G(3)  A(2)  E(5) 
 993180608 14527.12 || noQ Q (Avg,Max,Min) (1.00, 1.00, 1.00) (1.00, 0.99, 1.00) #fs:   0  -- #Conts: 11 H(2)  G(3)  A(1)  E(5) 
 993337599 14526.12 || noQ Q (Avg,Max,Min) (1.00, 1.00, 1.00) (1.00, 0.98, 1.00) #fs:   0  -- #Conts: 11 H(2)  G(3)  A(1)  E(5) 
1109415732 14260.06 || noQ Q (Avg,Max,Min) (1.00, 1.00, 1.00) (0.97, 0.79, 1.00) #fs:   0  -- #Conts: 11 H(1)  G(3)  A(2)  E(5) 
1109907556 14257.06 || noQ Q (Avg,Max,Min) (1.00, 1.00, 1.00) (0.99, 0.90, 1.00) #fs:   0  -- #Conts: 10 H(1)  G(3)  A(1)  E(5) 
1110171670 14256.06 || noQ Q (Avg,Max,Min) (1.00, 1.02, 1.00) (0.91, 0.10, 1.00) #fs:   0  -- #Conts: 11 H(1)  G(3)  A(2)  E(5) 
1110195581 14255.06 || noQ Q (Avg,Max,Min) (1.00, 1.00, 1.00) (0.99, 0.90, 1.00) #fs:   0  -- #Conts: 10 H(1)  G(3)  A(1)  E(5) 
1110486452 14254.06 || noQ Q (Avg,Max,Min) (1.00, 1.00, 1.00) (0.99, 0.90, 1.00) #fs:   0  -- #Conts: 10 H(1)  G(3)  A(1)  E(5) 
1110761295 14253.06 || noQ Q (Avg,Max,Min) (1.00, 1.00, 1.00) (0.99, 0.90, 1.00) #fs:   0  -- #Conts: 10 H(1)  G(3)  A(1)  E(5) 
1110993306 14252.06 || noQ Q (Avg,Max,Min) (0.96, 1.00, 0.52) (0.91, 0.17, 1.00) #fs:   1  -- #Conts: 11 H(1)  G(3)  A(2)  E(5) 
1111036138 14251.06 || noQ Q (Avg,Max,Min) (1.00, 1.00, 1.00) (0.99, 0.90, 1.00) #fs:   0  -- #Conts: 10 H(1)  G(3)  A(1)  E(5) 
1111322554 14250.06 || noQ Q (Avg,Max,Min) (1.00, 1.00, 1.00) (0.99, 0.90, 1.00) #fs:   0  -- #Conts: 10 H(1)  G(3)  A(1)  E(5) 
1111583496 14249.06 || noQ Q (Avg,Max,Min) (0.95, 1.00, 0.42) (0.91, 0.17, 1.00) #fs:   1  -- #Conts: 11 H(1)  G(3)  A(2)  E(5) 
1111626328 14248.06 || noQ Q (Avg,Max,Min) (1.00, 1.00, 1.00) (0.99, 0.90, 1.00) #fs:   0  -- #Conts: 10 H(1)  G(3)  A(1)  E(5) 
1111932995 14247.06 || noQ Q (Avg,Max,Min) (1.00, 1.00, 1.00) (0.99, 0.90, 1.00) #fs:   0  -- #Conts: 10 H(1)  G(3)  A(1)  E(5) 
1112202616 14246.06 || noQ Q (Avg,Max,Min) (0.95, 1.00, 0.42) (0.91, 0.17, 1.00) #fs:   1  -- #Conts: 11 H(1)  G(3)  A(2)  E(5) 
1112245448 14245.06 || noQ Q (Avg,Max,Min) (1.00, 1.00, 1.00) (0.99, 0.90, 1.00) #fs:   0  -- #Conts: 10 H(1)  G(3)  A(1)  E(5) 
1146422549 14016.88 || noQ Q (Avg,Max,Min) (1.00, 1.02, 1.00) (0.90, 0.08, 1.00) #fs:   0  -- #Conts: 10 H(1)  G(3)  A(2)  E(4) 
1146626563 13985.35 || noQ Q (Avg,Max,Min) (1.00, 1.00, 1.00) (0.99, 0.92, 1.00) #fs:   0  -- #Conts: 9 G(3)  A(2)  E(4) 
1146914804 13983.35 || noQ Q (Avg,Max,Min) (1.00, 1.00, 1.00) (0.99, 0.92, 1.00) #fs:   0  -- #Conts: 9 G(3)  A(2)  E(4) 
1147196905 13982.35 || noQ Q (Avg,Max,Min) (1.00, 1.00, 1.00) (0.99, 0.98, 1.00) #fs:   0  -- #Conts: 8 G(3)  A(1)  E(4) 
1147465962 13981.35 || noQ Q (Avg,Max,Min) (1.00, 1.02, 1.00) (0.90, 0.10, 1.00) #fs:   0  -- #Conts: 9 G(3)  A(2)  E(4) 
1147489873 13980.35 || noQ Q (Avg,Max,Min) (1.00, 1.00, 1.00) (1.00, 0.98, 1.00) #fs:   0  -- #Conts: 8 G(3)  A(1)  E(4) 
1147780744 13979.35 || noQ Q (Avg,Max,Min) (1.00, 1.00, 1.00) (1.00, 0.98, 1.00) #fs:   0  -- #Conts: 8 G(3)  A(1)  E(4) 
1148055587 13978.35 || noQ Q (Avg,Max,Min) (1.00, 1.00, 1.00) (0.99, 0.98, 1.00) #fs:   0  -- #Conts: 8 G(3)  A(1)  E(4) 
1148299171 13977.35 || noQ Q (Avg,Max,Min) (0.95, 1.00, 0.52) (0.90, 0.17, 1.00) #fs:   1  -- #Conts: 9 G(3)  A(2)  E(4) 
1148342003 13976.35 || noQ Q (Avg,Max,Min) (1.00, 1.00, 1.00) (1.00, 0.98, 1.00) #fs:   0  -- #Conts: 8 G(3)  A(1)  E(4) 
1303553406 13938.24 || noQ Q (Avg,Max,Min) (1.00, 1.00, 1.00) (0.98, 0.79, 1.00) #fs:   0  -- #Conts: 11 G(5)  A(2)  E(4) 
1304045230 13935.24 || noQ Q (Avg,Max,Min) (1.00, 1.00, 1.00) (1.00, 1.00, 1.00) #fs:   0  -- #Conts: 10 G(5)  A(1)  E(4) 
1304333255 13934.24 || noQ Q (Avg,Max,Min) (1.00, 1.00, 1.00) (1.00, 0.99, 1.00) #fs:   0  -- #Conts: 10 G(5)  A(1)  E(4) 
1587199768 13922.47 || noQ Q (Avg,Max,Min) (1.00, 1.01, 1.00) (0.92, 0.30, 1.00) #fs:   0  -- #Conts: 11 G(4)  A(1)  E(6) 
1587249902 13921.47 || noQ Q (Avg,Max,Min) (1.00, 1.00, 0.99) (0.92, 0.31, 1.00) #fs:   1  -- #Conts: 11 G(4)  A(1)  E(6) 
1587429837 13909.71 || noQ Q (Avg,Max,Min) (1.00, 1.00, 1.00) (0.97, 0.79, 1.00) #fs:   0  -- #Conts: 11 G(3)  A(2)  E(6) 
1588539057 13906.71 || noQ Q (Avg,Max,Min) (1.00, 1.00, 1.00) (0.99, 0.90, 1.00) #fs:   0  -- #Conts: 10 G(3)  A(1)  E(6) 
1609333626 13895.29 || noQ Q (Avg,Max,Min) (1.00, 1.02, 1.00) (0.85, 0.08, 1.00) #fs:   0  -- #Conts: 12 H(1)  G(4)  A(1)  E(6) 
1609380802 13879.53 || noQ Q (Avg,Max,Min) (1.00, 1.02, 1.00) (0.92, 0.18, 1.00) #fs:   0  -- #Conts: 11 H(1)  G(3)  A(1)  E(6) 
1609825450 13863.76 || noQ Q (Avg,Max,Min) (1.00, 1.01, 1.00) (0.93, 0.30, 1.00) #fs:   0  -- #Conts: 11 G(4)  A(1)  E(6) 
1610134684 13861.76 || noQ Q (Avg,Max,Min) (1.00, 1.01, 1.00) (0.93, 0.30, 1.00) #fs:   0  -- #Conts: 11 G(4)  A(1)  E(6) 
1610183178 13848.00 || noQ Q (Avg,Max,Min) (1.00, 1.00, 1.00) (1.00, 0.99, 1.00) #fs:   0  -- #Conts: 10 G(3)  A(1)  E(6) 
1610481408 13846.00 || noQ Q (Avg,Max,Min) (1.00, 1.00, 1.00) (1.00, 0.99, 1.00) #fs:   0  -- #Conts: 10 G(3)  A(1)  E(6) 
1612039094 13845.00 || noQ Q (Avg,Max,Min) (1.00, 1.00, 1.00) (1.00, 0.99, 1.00) #fs:   1  -- #Conts: 10 G(3)  A(1)  E(6) 
1612083318 13844.00 || noQ Q (Avg,Max,Min) (1.00, 1.00, 1.00) (1.00, 0.99, 1.00) #fs:   0  -- #Conts: 10 G(3)  A(1)  E(6) 
1622338273 13843.00 || noQ Q (Avg,Max,Min) (1.00, 1.00, 1.00) (0.97, 0.79, 1.00) #fs:   0  -- #Conts: 12 G(3)  A(3)  E(6) 
1623921855 13842.71 || noQ Q (Avg,Max,Min) (1.00, 1.00, 1.00) (0.97, 0.79, 1.00) #fs:   0  -- #Conts: 12 G(3)  A(3)  E(6) 
1780604357 13833.00 || noQ Q (Avg,Max,Min) (1.00, 1.01, 1.00) (0.88, 0.09, 1.00) #fs:   0  -- #Conts: 10 H(1)  G(3)  A(3)  E(3) 
1780844154 13817.24 || noQ Q (Avg,Max,Min) (1.00, 1.01, 1.00) (0.89, 0.16, 1.00) #fs:   0  -- #Conts: 10 G(4)  A(3)  E(3) 
1781335978 13814.24 || noQ Q (Avg,Max,Min) (1.00, 1.01, 1.00) (0.92, 0.30, 1.00) #fs:   0  -- #Conts: 9 G(4)  A(2)  E(3) 
1781566047 13808.18 || noQ Q (Avg,Max,Min) (1.00, 1.00, 1.00) (0.97, 0.79, 1.00) #fs:   0  -- #Conts: 9 G(3)  A(3)  E(3) 
1782512058 13805.47 || noQ Q (Avg,Max,Min) (1.00, 1.00, 1.00) (0.94, 0.62, 1.00) #fs:   0  -- #Conts: 10 G(3)  A(3)  E(3)  C(1) 
1782675267 13805.18 || noQ Q (Avg,Max,Min) (1.00, 1.00, 1.00) (0.99, 0.97, 1.00) #fs:   0  -- #Conts: 8 G(3)  A(2)  E(3) 
1790218430 13804.47 || noQ Q (Avg,Max,Min) (1.00, 1.00, 1.00) (0.97, 0.79, 1.00) #fs:   0  -- #Conts: 10 G(3)  A(4)  E(3) 
1830402508 13801.06 || noQ Q (Avg,Max,Min) (1.00, 1.01, 1.00) (0.90, 0.09, 1.00) #fs:   0  -- #Conts: 9 H(1)  G(3)  A(1)  E(4) 
1830467440 13772.53 || noQ Q (Avg,Max,Min) (1.00, 1.00, 1.00) (0.98, 0.79, 1.00) #fs:   0  -- #Conts: 9 G(3)  A(2)  E(4) 
1830690339 13771.53 || noQ Q (Avg,Max,Min) (1.00, 1.00, 1.00) (0.98, 0.79, 1.00) #fs:   0  -- #Conts: 9 G(3)  A(2)  E(4) 
1830959264 13769.53 || noQ Q (Avg,Max,Min) (1.00, 1.00, 1.00) (1.00, 0.99, 1.00) #fs:   0  -- #Conts: 8 G(3)  A(1)  E(4) 
1831182163 13768.53 || noQ Q (Avg,Max,Min) (1.00, 1.00, 1.00) (1.00, 0.99, 1.00) #fs:   0  -- #Conts: 8 G(3)  A(1)  E(4) 
1831474512 13767.53 || noQ Q (Avg,Max,Min) (1.00, 1.00, 1.00) (1.00, 0.99, 1.00) #fs:   0  -- #Conts: 8 G(3)  A(1)  E(4) 
2055295149 13685.65 || noQ Q (Avg,Max,Min) (1.00, 1.02, 1.00) (0.90, 0.08, 1.00) #fs:   0  -- #Conts: 10 H(1)  G(2)  A(2)  E(5) 
2055499163 13654.12 || noQ Q (Avg,Max,Min) (1.00, 1.00, 1.00) (0.99, 0.92, 1.00) #fs:   0  -- #Conts: 9 G(2)  A(2)  E(5) 
2055787404 13653.12 || noQ Q (Avg,Max,Min) (1.00, 1.00, 1.00) (0.99, 0.92, 1.00) #fs:   0  -- #Conts: 9 G(2)  A(2)  E(5) 
2056069505 13651.12 || noQ Q (Avg,Max,Min) (1.00, 1.00, 1.00) (1.00, 0.99, 1.00) #fs:   0  -- #Conts: 8 G(2)  A(1)  E(5) 
2056362473 13650.12 || noQ Q (Avg,Max,Min) (1.00, 1.00, 1.00) (1.00, 0.98, 1.00) #fs:   0  -- #Conts: 8 G(2)  A(1)  E(5) 
2056610512 13649.12 || noQ Q (Avg,Max,Min) (1.00, 1.00, 0.99) (0.91, 0.17, 1.00) #fs:   1  -- #Conts: 9 G(2)  A(2)  E(5) 
2056653344 13648.12 || noQ Q (Avg,Max,Min) (1.00, 1.00, 1.00) (1.00, 1.00, 1.00) #fs:   0  -- #Conts: 8 G(2)  A(1)  E(5) 
2056928187 13647.12 || noQ Q (Avg,Max,Min) (1.00, 1.00, 1.00) (1.00, 0.99, 1.00) #fs:   0  -- #Conts: 8 G(2)  A(1)  E(5) 
2057203030 13646.12 || noQ Q (Avg,Max,Min) (1.00, 1.00, 1.00) (1.00, 0.98, 1.00) #fs:   0  -- #Conts: 8 G(2)  A(1)  E(5) 
2057446614 13645.12 || noQ Q (Avg,Max,Min) (0.94, 1.00, 0.42) (0.91, 0.17, 1.00) #fs:   1  -- #Conts: 9 G(2)  A(2)  E(5) 
2057489446 13644.12 || noQ Q (Avg,Max,Min) (1.00, 1.00, 1.00) (1.00, 1.00, 1.00) #fs:   0  -- #Conts: 8 G(2)  A(1)  E(5) 
2057793220 13643.12 || noQ Q (Avg,Max,Min) (1.00, 1.00, 1.00) (1.00, 0.98, 1.00) #fs:   0  -- #Conts: 8 G(2)  A(1)  E(5) 
2146025317 13613.24 || noQ Q (Avg,Max,Min) (1.00, 1.00, 1.00) (0.99, 0.92, 1.00) #fs:   0  -- #Conts: 9 G(2)  A(2)  E(5) 
2146313558 13612.24 || noQ Q (Avg,Max,Min) (1.00, 1.00, 1.00) (0.99, 0.92, 1.00) #fs:   0  -- #Conts: 9 G(2)  A(2)  E(5) 
2146595659 13610.24 || noQ Q (Avg,Max,Min) (1.00, 1.00, 1.00) (1.00, 0.99, 1.00) #fs:   0  -- #Conts: 8 G(2)  A(1)  E(5) 
2146888627 13609.24 || noQ Q (Avg,Max,Min) (1.00, 1.00, 1.00) (1.00, 0.98, 1.00) #fs:   0  -- #Conts: 8 G(2)  A(1)  E(5) 
2147136666 13608.24 || noQ Q (Avg,Max,Min) (1.00, 1.00, 0.99) (0.91, 0.17, 1.00) #fs:   1  -- #Conts: 9 G(2)  A(2)  E(5) 
2147179498 13607.24 || noQ Q (Avg,Max,Min) (1.00, 1.00, 1.00) (1.00, 1.00, 1.00) #fs:   0  -- #Conts: 8 G(2)  A(1)  E(5) 
2147454341 13606.24 || noQ Q (Avg,Max,Min) (1.00, 1.00, 1.00) (1.00, 0.99, 1.00) #fs:   0  -- #Conts: 8 G(2)  A(1)  E(5) 
2358034665 13595.82 || noQ Q (Avg,Max,Min) (1.00, 1.01, 1.00) (0.93, 0.30, 1.00) #fs:   0  -- #Conts: 10 G(3)  A(1)  E(6) 
2358264734 13583.06 || noQ Q (Avg,Max,Min) (1.00, 1.00, 1.00) (0.98, 0.79, 1.00) #fs:   0  -- #Conts: 10 G(2)  A(2)  E(6) 
2358767278 13582.06 || noQ Q (Avg,Max,Min) (1.00, 1.00, 1.00) (0.98, 0.79, 1.00) #fs:   0  -- #Conts: 10 G(2)  A(2)  E(6) 
2359373954 13580.06 || noQ Q (Avg,Max,Min) (1.00, 1.00, 1.00) (1.00, 0.98, 1.00) #fs:   0  -- #Conts: 9 G(2)  A(1)  E(6) 
2370236459 13579.47 || noQ Q (Avg,Max,Min) (1.00, 1.00, 1.00) (0.94, 0.62, 1.00) #fs:   0  -- #Conts: 11 G(2)  A(2)  E(6)  C(1) 
2376865688 13578.47 || noQ Q (Avg,Max,Min) (1.00, 1.00, 1.00) (0.97, 0.79, 1.00) #fs:   0  -- #Conts: 11 G(2)  A(3)  E(6) 
2483298434 7617.41 || noQ Q (Avg,Max,Min) (1.00, 1.00, 1.00) (0.99, 0.91, 1.00) #fs:   0  -- #Conts: 10 H(2)  A(4)  E(4) 
2483466174 7615.41 || noQ Q (Avg,Max,Min) (1.00, 1.00, 1.00) (0.99, 0.91, 1.00) #fs:   0  -- #Conts: 10 H(2)  A(4)  E(4) 
2483628979 7610.71 || noQ Q (Avg,Max,Min) (1.00, 1.00, 1.00) (1.00, 1.00, 1.00) #fs:   0  -- #Conts: 10 H(2)  A(4)  E(4) 
2483764036 7609.71 || noQ Q (Avg,Max,Min) (1.00, 1.00, 1.00) (1.00, 1.00, 1.00) #fs:   0  -- #Conts: 10 H(2)  A(4)  E(4) 
2483801446 7608.71 || noQ Q (Avg,Max,Min) (1.00, 1.00, 1.00) (1.00, 1.00, 1.00) #fs:   0  -- #Conts: 10 H(2)  A(4)  E(4) 
2524398475 7506.65 || noQ Q (Avg,Max,Min) (1.00, 1.00, 1.00) (0.98, 0.79, 1.00) #fs:   0  -- #Conts: 12 H(2)  A(6)  G(1)  E(3) 
2524528589 7505.65 || noQ Q (Avg,Max,Min) (1.00, 1.00, 1.00) (0.98, 0.79, 1.00) #fs:   0  -- #Conts: 12 H(2)  A(6)  G(1)  E(3) 
2524685448 7503.65 || noQ Q (Avg,Max,Min) (1.00, 1.00, 1.00) (1.00, 0.98, 1.00) #fs:   0  -- #Conts: 11 H(2)  A(5)  G(1)  E(3) 
2524815562 7502.65 || noQ Q (Avg,Max,Min) (1.00, 1.00, 1.00) (1.00, 0.98, 1.00) #fs:   0  -- #Conts: 11 H(2)  A(5)  G(1)  E(3) 
2524852972 7501.65 || noQ Q (Avg,Max,Min) (1.00, 1.00, 1.00) (1.00, 0.98, 1.00) #fs:   0  -- #Conts: 11 H(2)  A(5)  G(1)  E(3) 
2524987410 7500.65 || noQ Q (Avg,Max,Min) (1.00, 1.00, 1.00) (1.00, 0.98, 1.00) #fs:   0  -- #Conts: 11 H(2)  A(5)  G(1)  E(3) 
2525146089 7499.65 || noQ Q (Avg,Max,Min) (1.00, 1.00, 1.00) (1.00, 0.98, 1.00) #fs:   0  -- #Conts: 11 H(2)  A(5)  G(1)  E(3) 
2525306456 7498.65 || noQ Q (Avg,Max,Min) (1.00, 1.00, 1.00) (1.00, 0.98, 1.00) #fs:   0  -- #Conts: 11 H(2)  A(5)  G(1)  E(3) 
2525345281 7497.65 || noQ Q (Avg,Max,Min) (1.00, 1.00, 1.00) (1.00, 0.98, 1.00) #fs:   0  -- #Conts: 11 H(2)  A(5)  G(1)  E(3) 
2618441766 7416.18 || noQ Q (Avg,Max,Min) (1.00, 1.02, 1.00) (0.87, 0.08, 1.00) #fs:   0  -- #Conts: 14 H(4)  A(5)  G(2)  E(3) 
2618615808 7384.65 || noQ Q (Avg,Max,Min) (1.00, 1.01, 1.00) (0.93, 0.09, 1.00) #fs:   0  -- #Conts: 13 H(3)  A(5)  G(2)  E(3) 
2618680740 7356.12 || noQ Q (Avg,Max,Min) (1.00, 1.00, 1.00) (0.98, 0.79, 1.00) #fs:   0  -- #Conts: 13 H(2)  A(6)  G(2)  E(3) 
2618903639 7355.12 || noQ Q (Avg,Max,Min) (1.00, 1.00, 1.00) (0.98, 0.79, 1.00) #fs:   0  -- #Conts: 13 H(2)  A(6)  G(2)  E(3) 
2619172564 7353.12 || noQ Q (Avg,Max,Min) (1.00, 1.00, 1.00) (1.00, 1.00, 1.00) #fs:   0  -- #Conts: 12 H(2)  A(5)  G(2)  E(3) 
2619395463 7352.12 || noQ Q (Avg,Max,Min) (1.00, 1.00, 1.00) (1.00, 1.00, 1.00) #fs:   0  -- #Conts: 12 H(2)  A(5)  G(2)  E(3) 
2636887228 7265.47 || noQ Q (Avg,Max,Min) (1.00, 1.02, 1.00) (0.92, 0.08, 1.00) #fs:   0  -- #Conts: 13 H(2)  A(6)  G(2)  E(3) 
2637091242 7233.94 || noQ Q (Avg,Max,Min) (1.00, 1.00, 1.00) (0.99, 0.92, 1.00) #fs:   0  -- #Conts: 12 H(1)  A(6)  G(2)  E(3) 
2637661584 7230.94 || noQ Q (Avg,Max,Min) (1.00, 1.00, 1.00) (1.00, 0.99, 1.00) #fs:   0  -- #Conts: 11 H(1)  A(5)  G(2)  E(3) 
2637889426 7229.94 || noQ Q (Avg,Max,Min) (1.00, 1.00, 1.00) (1.00, 0.99, 1.00) #fs:   0  -- #Conts: 11 H(1)  A(5)  G(2)  E(3) 
2638181775 7228.94 || noQ Q (Avg,Max,Min) (1.00, 1.00, 1.00) (1.00, 0.99, 1.00) #fs:   0  -- #Conts: 11 H(1)  A(5)  G(2)  E(3) 
2638453725 7227.94 || noQ Q (Avg,Max,Min) (1.00, 1.00, 1.00) (1.00, 0.99, 1.00) #fs:   0  -- #Conts: 11 H(1)  A(5)  G(2)  E(3) 
2666466718 7124.35 || noQ Q (Avg,Max,Min) (1.00, 1.02, 1.00) (0.92, 0.08, 1.00) #fs:   0  -- #Conts: 13 H(2)  A(6)  G(2)  E(3) 
2666670732 7092.82 || noQ Q (Avg,Max,Min) (1.00, 1.00, 1.00) (0.99, 0.92, 1.00) #fs:   0  -- #Conts: 12 H(1)  A(6)  G(2)  E(3) 
2666958973 7090.82 || noQ Q (Avg,Max,Min) (1.00, 1.00, 1.00) (0.99, 0.92, 1.00) #fs:   0  -- #Conts: 12 H(1)  A(6)  G(2)  E(3) 
2667241074 7089.82 || noQ Q (Avg,Max,Min) (1.00, 1.00, 1.00) (1.00, 0.98, 1.00) #fs:   0  -- #Conts: 11 H(1)  A(5)  G(2)  E(3) 
2667468916 7088.82 || noQ Q (Avg,Max,Min) (1.00, 1.00, 1.00) (1.00, 0.98, 1.00) #fs:   0  -- #Conts: 11 H(1)  A(5)  G(2)  E(3) 
2667534042 7087.82 || noQ Q (Avg,Max,Min) (1.00, 1.00, 1.00) (1.00, 0.98, 1.00) #fs:   0  -- #Conts: 11 H(1)  A(5)  G(2)  E(3) 
2667761265 7086.82 || noQ Q (Avg,Max,Min) (1.00, 1.00, 1.00) (1.00, 0.98, 1.00) #fs:   0  -- #Conts: 11 H(1)  A(5)  G(2)  E(3) 
2668033215 7085.82 || noQ Q (Avg,Max,Min) (1.00, 1.00, 1.00) (1.00, 0.98, 1.00) #fs:   0  -- #Conts: 11 H(1)  A(5)  G(2)  E(3) 
2668308058 7084.82 || noQ Q (Avg,Max,Min) (1.00, 1.00, 1.00) (1.00, 0.98, 1.00) #fs:   0  -- #Conts: 11 H(1)  A(5)  G(2)  E(3) 
2668374599 7083.82 || noQ Q (Avg,Max,Min) (1.00, 1.00, 1.00) (1.00, 0.98, 1.00) #fs:   0  -- #Conts: 11 H(1)  A(5)  G(2)  E(3) 
2668582901 7082.82 || noQ Q (Avg,Max,Min) (1.00, 1.00, 1.00) (1.00, 0.98, 1.00) #fs:   0  -- #Conts: 11 H(1)  A(5)  G(2)  E(3) 
2668869317 7081.82 || noQ Q (Avg,Max,Min) (1.00, 1.00, 1.00) (1.00, 0.98, 1.00) #fs:   0  -- #Conts: 11 H(1)  A(5)  G(2)  E(3) 
2668973468 7080.82 || noQ Q (Avg,Max,Min) (1.00, 1.00, 1.00) (1.00, 0.98, 1.00) #fs:   0  -- #Conts: 11 H(1)  A(5)  G(2)  E(3) 
2683002150 6954.18 || noQ Q (Avg,Max,Min) (1.00, 1.00, 1.00) (0.98, 0.79, 1.00) #fs:   0  -- #Conts: 11 A(6)  G(2)  E(3) 
2683225049 6953.18 || noQ Q (Avg,Max,Min) (1.00, 1.00, 1.00) (0.98, 0.79, 1.00) #fs:   0  -- #Conts: 11 A(6)  G(2)  E(3) 
2683493974 6951.18 || noQ Q (Avg,Max,Min) (1.00, 1.00, 1.00) (1.00, 1.00, 1.00) #fs:   0  -- #Conts: 10 A(5)  G(2)  E(3) 
2683716873 6950.18 || noQ Q (Avg,Max,Min) (1.00, 1.00, 1.00) (1.00, 1.00, 1.00) #fs:   0  -- #Conts: 10 A(5)  G(2)  E(3) 
2683781999 6949.18 || noQ Q (Avg,Max,Min) (1.00, 1.00, 1.00) (1.00, 1.00, 1.00) #fs:   0  -- #Conts: 10 A(5)  G(2)  E(3) 
2684009222 6948.18 || noQ Q (Avg,Max,Min) (1.00, 1.00, 1.00) (1.00, 1.00, 1.00) #fs:   0  -- #Conts: 10 A(5)  G(2)  E(3) 
2876861581 6923.47 || noQ Q (Avg,Max,Min) (1.00, 1.00, 1.00) (0.98, 0.79, 1.00) #fs:   0  -- #Conts: 12 A(6)  G(2)  E(4) 
2877084480 6922.47 || noQ Q (Avg,Max,Min) (1.00, 1.00, 1.00) (0.98, 0.79, 1.00) #fs:   0  -- #Conts: 12 A(6)  G(2)  E(4) 
2877353405 6920.47 || noQ Q (Avg,Max,Min) (1.00, 1.00, 1.00) (1.00, 0.98, 1.00) #fs:   0  -- #Conts: 11 A(5)  G(2)  E(4) 
2877576304 6919.47 || noQ Q (Avg,Max,Min) (1.00, 1.00, 1.00) (1.00, 0.98, 1.00) #fs:   0  -- #Conts: 11 A(5)  G(2)  E(4) 
3099780832 6889.29 || noQ Q (Avg,Max,Min) (1.00, 1.02, 1.00) (0.92, 0.08, 1.00) #fs:   0  -- #Conts: 12 H(1)  A(6)  G(1)  E(4) 
3099985683 6873.53 || noQ Q (Avg,Max,Min) (1.00, 1.01, 1.00) (0.92, 0.14, 1.00) #fs:   0  -- #Conts: 12 A(6)  G(2)  E(4) 
3100602242 6857.76 || noQ Q (Avg,Max,Min) (1.00, 1.00, 1.00) (0.99, 0.92, 1.00) #fs:   0  -- #Conts: 11 A(6)  G(1)  E(4) 
3101253657 6855.76 || noQ Q (Avg,Max,Min) (1.00, 1.00, 1.00) (0.99, 0.92, 1.00) #fs:   0  -- #Conts: 11 A(6)  G(1)  E(4) 
3160054565 6850.65 || noQ Q (Avg,Max,Min) (1.00, 1.01, 1.00) (0.90, 0.09, 1.00) #fs:   0  -- #Conts: 12 H(1)  A(6)  G(1)  E(4) 
3160294362 6834.88 || noQ Q (Avg,Max,Min) (1.00, 1.01, 1.00) (0.91, 0.16, 1.00) #fs:   0  -- #Conts: 12 A(6)  G(2)  E(4) 
3160786186 6831.88 || noQ Q (Avg,Max,Min) (1.00, 1.01, 1.00) (0.93, 0.30, 1.00) #fs:   0  -- #Conts: 11 A(5)  G(2)  E(4) 
3161016255 6819.12 || noQ Q (Avg,Max,Min) (1.00, 1.00, 1.00) (0.98, 0.79, 1.00) #fs:   0  -- #Conts: 11 A(6)  G(1)  E(4) 
3161518799 6818.12 || noQ Q (Avg,Max,Min) (1.00, 1.00, 1.00) (0.98, 0.79, 1.00) #fs:   0  -- #Conts: 11 A(6)  G(1)  E(4) 
3162125475 6816.12 || noQ Q (Avg,Max,Min) (1.00, 1.00, 1.00) (1.00, 0.98, 1.00) #fs:   0  -- #Conts: 10 A(5)  G(1)  E(4) 
3171884738 6815.53 || noQ Q (Avg,Max,Min) (1.00, 1.00, 1.00) (0.93, 0.53, 1.00) #fs:   0  -- #Conts: 12 A(5)  G(1)  E(4)  C(2) 
3172987980 6814.53 || noQ Q (Avg,Max,Min) (1.00, 1.00, 1.00) (0.95, 0.62, 1.00) #fs:   0  -- #Conts: 12 A(6)  G(1)  E(4)  C(1) 
3179591110 6813.53 || noQ Q (Avg,Max,Min) (1.00, 1.00, 1.00) (0.97, 0.79, 1.00) #fs:   0  -- #Conts: 12 A(7)  G(1)  E(4) 
3354152329 6801.76 || noQ Q (Avg,Max,Min) (1.00, 1.01, 1.00) (0.90, 0.16, 1.00) #fs:   0  -- #Conts: 11 A(7)  G(1)  E(3) 
3354644153 6798.76 || noQ Q (Avg,Max,Min) (1.00, 1.01, 1.00) (0.93, 0.30, 1.00) #fs:   0  -- #Conts: 10 A(6)  G(1)  E(3) 
3354874222 6792.71 || noQ Q (Avg,Max,Min) (1.00, 1.00, 1.00) (0.98, 0.79, 1.00) #fs:   0  -- #Conts: 10 A(7)  E(3) 
3355820233 6790.00 || noQ Q (Avg,Max,Min) (1.00, 1.00, 1.00) (0.94, 0.62, 1.00) #fs:   0  -- #Conts: 11 A(7)  E(3)  C(1) 
3355983442 6789.71 || noQ Q (Avg,Max,Min) (1.00, 1.00, 1.00) (1.00, 0.98, 1.00) #fs:   0  -- #Conts: 9 A(6)  E(3) 
3363526605 6789.00 || noQ Q (Avg,Max,Min) (1.00, 1.00, 1.00) (0.97, 0.79, 1.00) #fs:   0  -- #Conts: 11 A(8)  E(3) 
4385710821 5977.59 || noQ Q (Avg,Max,Min) (1.00, 1.01, 1.00) (0.91, 0.09, 1.00) #fs:   0  -- #Conts: 12 H(2)  A(7)  G(1)  E(2) 
4385997794 5974.59 || noQ Q (Avg,Max,Min) (1.00, 1.02, 1.00) (0.92, 0.18, 1.00) #fs:   0  -- #Conts: 11 H(2)  A(6)  G(1)  E(2) 
4386442442 5958.82 || noQ Q (Avg,Max,Min) (1.00, 1.01, 1.00) (0.94, 0.30, 1.00) #fs:   0  -- #Conts: 11 H(1)  A(6)  G(2)  E(2) 
4386839112 5956.47 || noQ Q (Avg,Max,Min) (1.00, 1.00, 1.00) (0.89, 0.31, 1.00) #fs:   0  -- #Conts: 12 H(1)  A(6)  G(1)  E(4) 
4387618522 5953.76 || noQ Q (Avg,Max,Min) (1.00, 1.00, 1.00) (0.91, 0.31, 1.00) #fs:   0  -- #Conts: 12 H(1)  A(6)  G(1)  E(3)  C(1) 
4387646559 5951.06 || noQ Q (Avg,Max,Min) (1.00, 1.00, 1.00) (0.93, 0.53, 1.00) #fs:   0  -- #Conts: 12 H(1)  A(6)  G(1)  E(2)  C(2) 
4387782554 5949.76 || noQ Q (Avg,Max,Min) (1.00, 1.00, 1.00) (0.97, 0.67, 1.00) #fs:   0  -- #Conts: 11 H(1)  A(6)  G(1)  E(3) 
4394222787 5949.06 || noQ Q (Avg,Max,Min) (1.00, 1.00, 1.00) (0.97, 0.62, 1.00) #fs:   0  -- #Conts: 11 H(1)  A(6)  G(1)  E(2)  C(1) 
4403824071 5948.06 || noQ Q (Avg,Max,Min) (1.00, 1.00, 1.00) (1.00, 0.99, 1.00) #fs:   0  -- #Conts: 10 H(1)  A(6)  G(1)  E(2) 
4415624459 5864.18 || noQ Q (Avg,Max,Min) (1.00, 1.02, 1.00) (0.91, 0.08, 1.00) #fs:   0  -- #Conts: 11 H(1)  A(7)  E(3) 
4415829310 5848.41 || noQ Q (Avg,Max,Min) (1.00, 1.01, 1.00) (0.91, 0.14, 1.00) #fs:   0  -- #Conts: 11 A(7)  G(1)  E(3) 
4416446706 5839.35 || noQ Q (Avg,Max,Min) (1.00, 1.00, 1.00) (0.93, 0.31, 1.00) #fs:   0  -- #Conts: 11 A(7)  E(4) 
4417254153 5836.65 || noQ Q (Avg,Max,Min) (1.00, 1.00, 1.00) (0.95, 0.53, 1.00) #fs:   0  -- #Conts: 11 A(7)  E(3)  C(1) 
4423836649 5834.65 || noQ Q (Avg,Max,Min) (1.00, 1.00, 1.00) (0.99, 0.95, 1.00) #fs:   0  -- #Conts: 10 A(7)  E(3) 
4445204781 5023.53 || noQ Q (Avg,Max,Min) (1.00, 1.02, 1.00) (0.87, 0.10, 1.00) #fs:   0  -- #Conts: 14 H(2)  A(8)  G(1)  E(3) 
4445217390 5022.53 || noQ Q (Avg,Max,Min) (1.00, 1.02, 1.00) (0.93, 0.18, 1.00) #fs:   0  -- #Conts: 13 H(2)  A(7)  G(1)  E(3) 
4445646562 5007.76 || noQ Q (Avg,Max,Min) (1.00, 1.01, 1.00) (0.94, 0.30, 1.00) #fs:   0  -- #Conts: 13 H(1)  A(7)  G(2)  E(3) 
4445670473 5006.76 || noQ Q (Avg,Max,Min) (1.00, 1.01, 1.00) (0.94, 0.31, 1.00) #fs:   0  -- #Conts: 13 H(1)  A(7)  G(2)  E(3) 
4446381573 5004.41 || noQ Q (Avg,Max,Min) (1.00, 1.00, 1.00) (0.90, 0.31, 1.00) #fs:   0  -- #Conts: 14 H(1)  A(7)  G(1)  E(5) 
4446822642 5001.71 || noQ Q (Avg,Max,Min) (1.00, 1.00, 1.00) (0.92, 0.31, 1.00) #fs:   0  -- #Conts: 14 H(1)  A(7)  G(1)  E(4)  C(1) 
4446986674 4997.71 || noQ Q (Avg,Max,Min) (1.00, 1.00, 1.00) (0.97, 0.67, 1.00) #fs:   0  -- #Conts: 13 H(1)  A(7)  G(1)  E(4) 
4450032963 4892.59 || noQ Q (Avg,Max,Min) (1.00, 1.01, 1.00) (0.89, 0.09, 1.00) #fs:   0  -- #Conts: 13 H(1)  A(7)  G(1)  E(3)  C(1) 
4450140308 4891.59 || noQ Q (Avg,Max,Min) (1.00, 1.01, 1.00) (0.91, 0.09, 1.00) #fs:   0  -- #Conts: 13 H(1)  A(8)  G(1)  E(3) 
4450272760 4875.82 || noQ Q (Avg,Max,Min) (1.00, 1.01, 1.00) (0.92, 0.16, 1.00) #fs:   0  -- #Conts: 13 A(8)  G(2)  E(3) 
4450764584 4872.82 || noQ Q (Avg,Max,Min) (1.00, 1.01, 1.00) (0.94, 0.30, 1.00) #fs:   0  -- #Conts: 12 A(7)  G(2)  E(3) 
4450995476 4866.76 || noQ Q (Avg,Max,Min) (1.00, 1.00, 0.97) (0.99, 0.91, 1.00) #fs:   1  -- #Conts: 11 A(7)  G(1)  E(3) 
4451940664 4864.06 || noQ Q (Avg,Max,Min) (1.00, 1.00, 1.00) (0.97, 0.62, 1.00) #fs:   0  -- #Conts: 12 A(7)  G(1)  E(3)  C(1) 
4452104696 4863.76 || noQ Q (Avg,Max,Min) (1.00, 1.00, 0.97) (0.99, 0.94, 1.00) #fs:   1  -- #Conts: 11 A(7)  G(1)  E(3) 
4458191270 4863.06 || noQ Q (Avg,Max,Min) (1.00, 1.00, 1.00) (0.97, 0.62, 1.00) #fs:   0  -- #Conts: 12 A(7)  G(1)  E(3)  C(1) 
4468146213 4862.06 || noQ Q (Avg,Max,Min) (1.00, 1.00, 1.00) (1.00, 0.98, 1.00) #fs:   0  -- #Conts: 11 A(7)  G(1)  E(3) 
4643891662 4861.88 || noQ Q (Avg,Max,Min) (1.00, 1.01, 1.00) (0.92, 0.09, 1.00) #fs:   0  -- #Conts: 11 H(1)  A(6)  E(4) 
4644131459 4846.12 || noQ Q (Avg,Max,Min) (1.00, 1.01, 1.00) (0.92, 0.16, 1.00) #fs:   0  -- #Conts: 11 A(6)  G(1)  E(4) 
4644623283 4843.12 || noQ Q (Avg,Max,Min) (1.00, 1.01, 1.00) (0.94, 0.30, 1.00) #fs:   0  -- #Conts: 11 A(6)  G(1)  E(4) 
4644854175 4837.06 || noQ Q (Avg,Max,Min) (1.00, 1.00, 1.00) (0.94, 0.36, 1.00) #fs:   0  -- #Conts: 11 A(6)  E(5) 
4645799363 4834.35 || noQ Q (Avg,Max,Min) (1.00, 1.00, 1.00) (0.97, 0.62, 1.00) #fs:   0  -- #Conts: 11 A(6)  E(4)  C(1) 
4645963395 4834.06 || noQ Q (Avg,Max,Min) (1.00, 1.00, 1.00) (0.97, 0.67, 1.00) #fs:   0  -- #Conts: 11 A(6)  E(5) 
4652049969 4833.35 || noQ Q (Avg,Max,Min) (1.00, 1.00, 1.00) (0.97, 0.62, 1.00) #fs:   0  -- #Conts: 11 A(6)  E(4)  C(1) 
4662004912 4832.35 || noQ Q (Avg,Max,Min) (1.00, 1.00, 1.00) (1.00, 1.00, 1.00) #fs:   0  -- #Conts: 10 A(6)  E(4) 
6442823012 4811.71 || noQ Q (Avg,Max,Min) (1.00, 1.01, 1.00) (0.90, 0.09, 1.00) #fs:   1  -- #Conts: 9 H(1)  A(5)  E(3) 
6443109985 4809.71 || noQ Q (Avg,Max,Min) (1.00, 1.02, 1.00) (0.91, 0.18, 1.00) #fs:   1  -- #Conts: 9 H(1)  A(5)  E(3) 
6443554633 4793.94 || noQ Q (Avg,Max,Min) (1.00, 1.01, 1.00) (0.92, 0.30, 1.00) #fs:   1  -- #Conts: 9 A(5)  G(1)  E(3) 
6443808753 4792.94 || noQ Q (Avg,Max,Min) (1.00, 1.01, 1.00) (0.92, 0.30, 1.00) #fs:   1  -- #Conts: 9 A(5)  G(1)  E(3) 
6443951303 4791.59 || noQ Q (Avg,Max,Min) (1.00, 1.00, 1.00) (0.86, 0.31, 1.00) #fs:   1  -- #Conts: 10 A(5)  E(5) 
6444201303 4790.59 || noQ Q (Avg,Max,Min) (1.00, 1.00, 1.00) (0.87, 0.31, 1.00) #fs:   1  -- #Conts: 10 A(5)  E(5) 
6444730713 4788.88 || noQ Q (Avg,Max,Min) (1.00, 1.00, 1.00) (0.89, 0.31, 1.00) #fs:   1  -- #Conts: 10 A(5)  E(4)  C(1) 
6444758750 4786.18 || noQ Q (Avg,Max,Min) (1.00, 1.00, 1.00) (0.91, 0.53, 1.00) #fs:   1  -- #Conts: 10 A(5)  E(3)  C(2) 
6444894745 4784.88 || noQ Q (Avg,Max,Min) (1.00, 1.00, 1.00) (0.96, 0.67, 1.00) #fs:   1  -- #Conts: 9 A(5)  E(4) 
6445148865 4783.88 || noQ Q (Avg,Max,Min) (1.00, 1.00, 1.00) (0.96, 0.67, 1.00) #fs:   1  -- #Conts: 9 A(5)  E(4) 
6461539433 4782.18 || noQ Q (Avg,Max,Min) (1.00, 1.00, 1.00) (1.00, 0.98, 1.00) #fs:   1  -- #Conts: 8 A(5)  E(3) 
/////////////////size: 238
nodes 48 edges 56
 mulT: 5000 mulD: 500  sumData GB 674
pareto /SIPHT.n.50.0.dax time -> 1010.0
moheft /SIPHT.n.50.0.dax time -> 2421.0
distance from M to C 0.0
distance from P to C 239.30109322627655
distance from C to M 1.54829135129725
distance from C to P 300.2674494117151
toCompare: /SIPHT.n.50.0.dax sumDataGB: 674 mulT: 5000 mulD: 500 paretoOptTime_MS: 1010.0 MoheftOptimizationTime_MS: 2421.0 MtoC 0.0 PtoC 239.30109322627655 CtoM 1.54829135129725 CtoP 300.2674494117151
