specify -Dflow d,b,mt,md,size
Running /home/vaggelis/jc/MONTAGE.n.50.0.dax mt 10000 md: 100 size null
  18818166 1891.76 || noQ Q (Avg,Max,Min) (0.94, 1.00, 0.74) (0.87, 0.67, 1.00) #fs:  11  -- #Conts: 28 H(28) 
  22331595 1860.24 || noQ Q (Avg,Max,Min) (0.93, 1.00, 0.55) (0.89, 0.51, 1.00) #fs:  11  -- #Conts: 23 H(23) 
  24604133 1797.18 || noQ Q (Avg,Max,Min) (1.00, 1.02, 0.80) (0.84, 0.50, 1.00) #fs:   5  -- #Conts: 35 H(26)  G(9) 
  24656063 1765.65 || noQ Q (Avg,Max,Min) (1.00, 1.02, 0.80) (0.81, 0.50, 1.00) #fs:   5  -- #Conts: 35 H(15)  G(20) 
  24690899 1734.12 || noQ Q (Avg,Max,Min) (1.00, 1.02, 0.79) (0.81, 0.50, 1.00) #fs:   5  -- #Conts: 35 H(11)  G(24) 
  24696588 1702.59 || noQ Q (Avg,Max,Min) (1.00, 1.02, 0.79) (0.82, 0.50, 1.00) #fs:   5  -- #Conts: 35 H(10)  G(25) 
  24720037 1671.06 || noQ Q (Avg,Max,Min) (1.00, 1.02, 0.79) (0.83, 0.50, 1.00) #fs:   5  -- #Conts: 35 H(9)  G(26) 
  24720042 1639.53 || noQ Q (Avg,Max,Min) (1.00, 1.02, 0.79) (0.84, 0.50, 1.00) #fs:   5  -- #Conts: 35 H(8)  G(27) 
  28954118 1592.24 || noQ Q (Avg,Max,Min) (1.00, 1.00, 0.78) (0.85, 0.50, 1.00) #fs:   5  -- #Conts: 35 H(7)  G(28) 
  29058286 1560.71 || noQ Q (Avg,Max,Min) (0.99, 1.00, 0.77) (0.85, 0.50, 0.98) #fs:   5  -- #Conts: 35 H(4)  G(31) 
  29081494 1529.18 || noQ Q (Avg,Max,Min) (0.99, 1.00, 0.77) (0.86, 0.51, 0.98) #fs:   5  -- #Conts: 35 H(3)  G(32) 
  29093025 1497.65 || noQ Q (Avg,Max,Min) (0.99, 1.00, 0.77) (0.87, 0.51, 0.98) #fs:   5  -- #Conts: 35 H(2)  G(33) 
  29174009 1466.12 || noQ Q (Avg,Max,Min) (0.99, 1.00, 0.77) (0.88, 0.75, 0.98) #fs:   5  -- #Conts: 35 H(1)  G(34) 
  32224192 1450.35 || noQ Q (Avg,Max,Min) (1.00, 1.00, 0.86) (0.88, 0.85, 0.98) #fs:   5  -- #Conts: 34 G(34) 
  32232094 1434.59 || noQ Q (Avg,Max,Min) (1.00, 1.01, 0.99) (0.89, 0.85, 0.98) #fs:   4  -- #Conts: 35 G(35) 
  46797404 1433.65 || noQ Q (Avg,Max,Min) (0.99, 1.00, 0.69) (0.90, 0.66, 0.98) #fs:   5  -- #Conts: 35 H(1)  G(17)  E(17) 
  46810447 1428.94 || noQ Q (Avg,Max,Min) (0.99, 1.00, 0.69) (0.91, 0.66, 0.98) #fs:   5  -- #Conts: 35 H(1)  G(16)  E(18) 
  46810473 1424.24 || noQ Q (Avg,Max,Min) (0.99, 1.00, 0.69) (0.91, 0.66, 0.98) #fs:   5  -- #Conts: 35 H(1)  G(15)  E(19) 
  46823290 1419.53 || noQ Q (Avg,Max,Min) (0.99, 1.00, 0.69) (0.91, 0.66, 0.98) #fs:   5  -- #Conts: 35 H(1)  G(14)  E(20) 
  46823519 1414.82 || noQ Q (Avg,Max,Min) (0.99, 1.00, 0.69) (0.92, 0.66, 0.98) #fs:   5  -- #Conts: 35 H(1)  G(13)  E(21) 
  46823571 1410.12 || noQ Q (Avg,Max,Min) (0.99, 1.00, 0.69) (0.92, 0.66, 0.98) #fs:   5  -- #Conts: 35 H(1)  G(12)  E(22) 
  46875565 1405.41 || noQ Q (Avg,Max,Min) (0.98, 1.00, 0.68) (0.92, 0.66, 0.98) #fs:   5  -- #Conts: 35 H(1)  G(11)  E(23) 
  46901708 1400.71 || noQ Q (Avg,Max,Min) (0.98, 1.00, 0.68) (0.92, 0.66, 0.98) #fs:   5  -- #Conts: 35 H(1)  G(10)  E(24) 
  46914659 1396.00 || noQ Q (Avg,Max,Min) (0.98, 1.00, 0.68) (0.93, 0.66, 0.98) #fs:   5  -- #Conts: 35 H(1)  G(9)  E(25) 
  46967162 1391.29 || noQ Q (Avg,Max,Min) (0.98, 1.00, 0.68) (0.93, 0.66, 0.98) #fs:   5  -- #Conts: 35 H(1)  G(8)  E(26) 
  49881375 1388.00 || noQ Q (Avg,Max,Min) (0.99, 1.01, 0.69) (0.92, 0.66, 0.98) #fs:   4  -- #Conts: 35 G(15)  E(20) 
  49881604 1383.29 || noQ Q (Avg,Max,Min) (0.99, 1.01, 0.69) (0.92, 0.66, 0.98) #fs:   4  -- #Conts: 35 G(14)  E(21) 
  49881656 1378.59 || noQ Q (Avg,Max,Min) (0.99, 1.01, 0.69) (0.92, 0.66, 0.98) #fs:   4  -- #Conts: 35 G(13)  E(22) 
  49933650 1373.88 || noQ Q (Avg,Max,Min) (0.99, 1.01, 0.68) (0.93, 0.66, 0.98) #fs:   4  -- #Conts: 35 G(12)  E(23) 
  49959793 1369.18 || noQ Q (Avg,Max,Min) (0.99, 1.01, 0.68) (0.93, 0.66, 0.98) #fs:   4  -- #Conts: 35 G(11)  E(24) 
  49972744 1364.47 || noQ Q (Avg,Max,Min) (0.99, 1.01, 0.68) (0.93, 0.66, 0.98) #fs:   4  -- #Conts: 35 G(10)  E(25) 
  50025247 1359.76 || noQ Q (Avg,Max,Min) (0.99, 1.01, 0.68) (0.94, 0.66, 0.98) #fs:   4  -- #Conts: 35 G(9)  E(26) 
  50025252 1355.06 || noQ Q (Avg,Max,Min) (0.99, 1.01, 0.68) (0.94, 0.66, 0.98) #fs:   4  -- #Conts: 35 G(8)  E(27) 
  62937959 1350.00 || noQ Q (Avg,Max,Min) (0.99, 1.00, 0.66) (0.94, 0.64, 0.98) #fs:   4  -- #Conts: 35 G(7)  E(28) 
  63068512 1345.29 || noQ Q (Avg,Max,Min) (0.99, 1.00, 0.65) (0.94, 0.64, 0.98) #fs:   4  -- #Conts: 35 G(6)  E(29) 
  63081530 1340.59 || noQ Q (Avg,Max,Min) (0.99, 1.00, 0.65) (0.95, 0.64, 0.98) #fs:   4  -- #Conts: 35 G(5)  E(30) 
  63172869 1335.88 || noQ Q (Avg,Max,Min) (0.99, 1.00, 0.65) (0.95, 0.64, 0.98) #fs:   4  -- #Conts: 35 G(4)  E(31) 
  63225131 1331.18 || noQ Q (Avg,Max,Min) (0.99, 1.00, 0.65) (0.95, 0.64, 0.98) #fs:   4  -- #Conts: 35 G(3)  E(32) 
  63251189 1326.47 || noQ Q (Avg,Max,Min) (0.99, 1.00, 0.65) (0.95, 0.64, 0.98) #fs:   4  -- #Conts: 35 G(2)  E(33) 
  63433862 1321.76 || noQ Q (Avg,Max,Min) (0.99, 1.00, 0.64) (0.96, 0.64, 0.99) #fs:   4  -- #Conts: 35 G(1)  E(34) 
  72645468 1307.65 || noQ Q (Avg,Max,Min) (1.00, 1.00, 0.86) (0.96, 0.83, 0.99) #fs:   4  -- #Conts: 34 E(34) 
  72653370 1287.53 || noQ Q (Avg,Max,Min) (1.00, 1.00, 0.99) (0.97, 0.95, 0.99) #fs:   3  -- #Conts: 35 E(35) 
/////////////////size: 42
  22019175 1828.71 || noQ Q (Avg,Max,Min) (0.96, 1.00, 0.67) (0.85, 0.65, 1.00) #fs:   8  -- #Conts: 33 H(15)  G(18) 
  23436512 1812.94 || noQ Q (Avg,Max,Min) (0.97, 1.07, 0.67) (0.84, 0.54, 1.00) #fs:   8  -- #Conts: 35 H(16)  G(19) 
  24482015 1797.18 || noQ Q (Avg,Max,Min) (0.96, 1.02, 0.67) (0.85, 0.66, 1.00) #fs:   8  -- #Conts: 34 H(15)  G(19) 
  24546348 1765.65 || noQ Q (Avg,Max,Min) (0.98, 1.00, 0.67) (0.84, 0.65, 1.00) #fs:   6  -- #Conts: 35 H(12)  G(23) 
  24558235 1734.12 || noQ Q (Avg,Max,Min) (0.99, 1.00, 0.67) (0.85, 0.66, 1.00) #fs:   6  -- #Conts: 36 H(12)  G(24) 
  24639219 1702.59 || noQ Q (Avg,Max,Min) (1.00, 1.03, 0.82) (0.85, 0.61, 1.00) #fs:   4  -- #Conts: 38 H(13)  G(25) 
  24712047 1639.53 || noQ Q (Avg,Max,Min) (0.98, 1.00, 0.59) (0.85, 0.50, 1.00) #fs:   5  -- #Conts: 34 H(8)  G(26) 
  24720042 1608.00 || noQ Q (Avg,Max,Min) (0.99, 1.00, 0.81) (0.85, 0.50, 1.00) #fs:   8  -- #Conts: 35 H(8)  G(27) 
  25268869 1592.24 || noQ Q (Avg,Max,Min) (1.00, 1.00, 0.91) (0.85, 0.50, 1.00) #fs:   5  -- #Conts: 36 H(8)  G(28) 
  26811724 1576.47 || noQ Q (Avg,Max,Min) (1.00, 1.04, 0.89) (0.86, 0.50, 1.00) #fs:   5  -- #Conts: 37 H(8)  G(29) 
  27245027 1544.94 || noQ Q (Avg,Max,Min) (0.99, 1.00, 0.77) (0.86, 0.51, 0.99) #fs:   8  -- #Conts: 35 H(3)  G(32) 
  27256558 1513.41 || noQ Q (Avg,Max,Min) (0.99, 1.00, 0.77) (0.87, 0.69, 0.99) #fs:   8  -- #Conts: 35 H(2)  G(33) 
  27886369 1497.65 || noQ Q (Avg,Max,Min) (0.99, 1.00, 0.80) (0.87, 0.69, 0.99) #fs:   6  -- #Conts: 35 H(1)  G(34) 
  29429224 1481.88 || noQ Q (Avg,Max,Min) (0.99, 1.04, 0.76) (0.87, 0.75, 0.99) #fs:   6  -- #Conts: 36 H(1)  G(35) 
  30927101 1466.12 || noQ Q (Avg,Max,Min) (1.00, 1.00, 0.95) (0.88, 0.76, 0.99) #fs:   5  -- #Conts: 35 H(1)  G(34) 
  32224160 1434.59 || noQ Q (Avg,Max,Min) (1.00, 1.00, 0.99) (0.88, 0.84, 1.00) #fs:   4  -- #Conts: 35 G(35) 
  34860192 1416.00 || noQ Q (Avg,Max,Min) (0.99, 1.00, 0.77) (0.92, 0.75, 0.99) #fs:   5  -- #Conts: 36 H(2)  G(20)  E(14) 
  34871984 1411.29 || noQ Q (Avg,Max,Min) (0.99, 1.00, 0.77) (0.93, 0.75, 0.99) #fs:   5  -- #Conts: 33 H(2)  G(16)  E(15) 
  34873252 1406.59 || noQ Q (Avg,Max,Min) (0.99, 1.00, 0.77) (0.93, 0.75, 0.99) #fs:   5  -- #Conts: 33 H(2)  G(15)  E(16) 
  34886295 1401.88 || noQ Q (Avg,Max,Min) (0.99, 1.00, 0.77) (0.93, 0.75, 0.99) #fs:   5  -- #Conts: 34 H(2)  G(15)  E(17) 
  34899419 1392.47 || noQ Q (Avg,Max,Min) (0.99, 1.00, 0.77) (0.93, 0.75, 0.99) #fs:   5  -- #Conts: 36 H(2)  G(15)  E(19) 
  34902148 1387.76 || noQ Q (Avg,Max,Min) (0.99, 1.00, 0.77) (0.94, 0.75, 0.99) #fs:   5  -- #Conts: 36 H(2)  G(14)  E(20) 
  35547390 1386.12 || noQ Q (Avg,Max,Min) (1.00, 1.04, 0.99) (0.93, 0.72, 0.99) #fs:   4  -- #Conts: 35 H(2)  G(16)  E(17) 
  35560514 1376.71 || noQ Q (Avg,Max,Min) (1.00, 1.04, 0.99) (0.93, 0.72, 0.99) #fs:   4  -- #Conts: 37 H(2)  G(16)  E(19) 
  35563243 1372.00 || noQ Q (Avg,Max,Min) (1.00, 1.04, 0.99) (0.94, 0.72, 0.99) #fs:   4  -- #Conts: 37 H(2)  G(15)  E(20) 
  38008011 1370.35 || noQ Q (Avg,Max,Min) (1.00, 1.01, 0.99) (0.94, 0.85, 0.99) #fs:   4  -- #Conts: 34 H(1)  G(16)  E(17) 
  38021135 1360.94 || noQ Q (Avg,Max,Min) (1.00, 1.01, 0.99) (0.94, 0.85, 0.99) #fs:   4  -- #Conts: 36 H(1)  G(16)  E(19) 
  38023864 1356.24 || noQ Q (Avg,Max,Min) (1.00, 1.01, 0.99) (0.94, 0.85, 0.99) #fs:   4  -- #Conts: 36 H(1)  G(15)  E(20) 
  42173029 1353.88 || noQ Q (Avg,Max,Min) (1.00, 1.02, 0.99) (0.94, 0.85, 0.99) #fs:   4  -- #Conts: 37 H(1)  G(15)  E(21) 
  46142246 1350.47 || noQ Q (Avg,Max,Min) (1.00, 1.03, 0.99) (0.95, 0.61, 0.99) #fs:   4  -- #Conts: 37 H(1)  G(10)  E(26) 
  46324919 1345.76 || noQ Q (Avg,Max,Min) (1.00, 1.03, 0.99) (0.95, 0.61, 0.99) #fs:   4  -- #Conts: 37 H(1)  G(9)  E(27) 
  46364049 1341.06 || noQ Q (Avg,Max,Min) (1.00, 1.03, 0.99) (0.95, 0.61, 0.99) #fs:   4  -- #Conts: 38 H(1)  G(9)  E(28) 
  47685101 1334.71 || noQ Q (Avg,Max,Min) (1.00, 1.05, 0.99) (0.95, 0.72, 0.99) #fs:   4  -- #Conts: 38 H(1)  G(11)  E(26) 
  47867774 1330.00 || noQ Q (Avg,Max,Min) (1.00, 1.05, 0.99) (0.95, 0.72, 0.99) #fs:   4  -- #Conts: 38 H(1)  G(10)  E(27) 
  47906904 1325.29 || noQ Q (Avg,Max,Min) (1.00, 1.05, 0.99) (0.95, 0.72, 0.99) #fs:   4  -- #Conts: 39 H(1)  G(10)  E(28) 
  51137947 1320.94 || noQ Q (Avg,Max,Min) (1.00, 1.02, 0.99) (0.96, 0.84, 0.99) #fs:   4  -- #Conts: 37 G(10)  E(27) 
  51177090 1316.24 || noQ Q (Avg,Max,Min) (1.00, 1.02, 0.99) (0.96, 0.84, 0.99) #fs:   4  -- #Conts: 38 G(10)  E(28) 
  54941285 1313.88 || noQ Q (Avg,Max,Min) (1.00, 1.04, 0.99) (0.96, 0.85, 0.99) #fs:   4  -- #Conts: 38 G(10)  E(28) 
  58593098 1311.53 || noQ Q (Avg,Max,Min) (1.00, 1.00, 0.99) (0.96, 0.85, 0.99) #fs:   4  -- #Conts: 37 G(9)  E(28) 
  61242053 1310.12 || noQ Q (Avg,Max,Min) (1.00, 1.02, 0.99) (0.96, 0.84, 0.99) #fs:   2  -- #Conts: 35 G(4)  E(31) 
  61281196 1305.41 || noQ Q (Avg,Max,Min) (1.00, 1.02, 0.99) (0.96, 0.84, 0.99) #fs:   2  -- #Conts: 36 G(4)  E(32) 
  65045391 1303.06 || noQ Q (Avg,Max,Min) (1.00, 1.04, 0.99) (0.96, 0.85, 0.99) #fs:   2  -- #Conts: 36 G(4)  E(32) 
  68697204 1300.71 || noQ Q (Avg,Max,Min) (1.00, 1.00, 0.99) (0.96, 0.85, 0.99) #fs:   2  -- #Conts: 35 G(3)  E(32) 
  72546197 1298.35 || noQ Q (Avg,Max,Min) (1.00, 1.00, 0.99) (0.96, 0.94, 0.99) #fs:   2  -- #Conts: 33 G(2)  E(31) 
  73016642 1295.65 || noQ Q (Avg,Max,Min) (1.00, 1.00, 0.99) (0.94, 0.31, 1.00) #fs:   2  -- #Conts: 34 G(2)  E(31)  C(1) 
  76811740 1293.65 || noQ Q (Avg,Max,Min) (1.00, 1.00, 0.99) (0.96, 0.68, 1.00) #fs:   2  -- #Conts: 34 G(2)  A(1)  E(31) 
  85723808 1292.47 || noQ Q (Avg,Max,Min) (1.00, 1.00, 1.00) (0.96, 0.94, 0.99) #fs:   4  -- #Conts: 36 E(34)  C(2) 
  86194253 1289.76 || noQ Q (Avg,Max,Min) (1.00, 1.00, 1.00) (0.95, 0.31, 1.00) #fs:   4  -- #Conts: 37 E(34)  C(3) 
  89989351 1287.76 || noQ Q (Avg,Max,Min) (1.00, 1.00, 1.00) (0.96, 0.68, 1.00) #fs:   4  -- #Conts: 37 A(1)  E(34)  C(2) 
  91033086 1287.29 || noQ Q (Avg,Max,Min) (1.00, 1.00, 1.00) (0.95, 0.31, 1.00) #fs:   0  -- #Conts: 35 E(33)  C(2) 
  94828184 1285.29 || noQ Q (Avg,Max,Min) (1.00, 1.00, 1.00) (0.96, 0.68, 1.00) #fs:   0  -- #Conts: 35 A(1)  E(33)  C(1) 
 109033643 1284.82 || noQ Q (Avg,Max,Min) (1.00, 1.00, 1.00) (0.94, 0.31, 1.00) #fs:   0  -- #Conts: 29 E(28)  C(1) 
 112828741 1282.82 || noQ Q (Avg,Max,Min) (1.00, 1.00, 1.00) (0.95, 0.68, 1.00) #fs:   0  -- #Conts: 29 A(1)  E(28) 
/////////////////size: 53
nodes 50 edges 108
 mulT: 10000 mulD: 100  sumData GB 93
pareto /MONTAGE.n.50.0.dax time -> 2361.0
moheft /MONTAGE.n.50.0.dax time -> 933.0
distance from M to C 0.3197130297637913
distance from P to C 15.663913605886943
distance from C to M 1.3736764574747202
distance from C to P 17.88760230607847
toCompare: /MONTAGE.n.50.0.dax sumDataGB: 93 mulT: 10000 mulD: 100 paretoOptTime_MS: 2361.0 MoheftOptimizationTime_MS: 933.0 MtoC 0.3197130297637913 PtoC 15.663913605886943 CtoM 1.3736764574747202 CtoP 17.88760230607847
