specify -Dflow d,b,mt,md,size
Running /home/vaggelis/jc/LIGO.n.50.0.dax mt 50 md: 1000 size null
   2390196 362.59 || noQ Q (Avg,Max,Min) (0.87, 1.01, 0.67) (0.52, 0.36, 0.61) #fs:  15  -- #Conts: 12 H(11)  G(1) 
   2410228 346.82 || noQ Q (Avg,Max,Min) (0.89, 1.01, 0.76) (0.54, 0.41, 0.61) #fs:  16  -- #Conts: 12 H(10)  G(2) 
   2508921 331.06 || noQ Q (Avg,Max,Min) (0.88, 1.00, 0.77) (0.56, 0.46, 0.69) #fs:  17  -- #Conts: 12 H(9)  G(3) 
   2833977 315.29 || noQ Q (Avg,Max,Min) (0.87, 1.00, 0.79) (0.59, 0.47, 0.79) #fs:  16  -- #Conts: 12 H(8)  G(4) 
   3130261 299.53 || noQ Q (Avg,Max,Min) (0.83, 1.01, 0.72) (0.62, 0.47, 0.87) #fs:  16  -- #Conts: 12 H(7)  G(5) 
   3456437 283.76 || noQ Q (Avg,Max,Min) (0.86, 1.00, 0.67) (0.66, 0.45, 0.87) #fs:  11  -- #Conts: 11 H(7)  G(4) 
   3555463 268.00 || noQ Q (Avg,Max,Min) (0.86, 1.00, 0.64) (0.69, 0.45, 0.90) #fs:  11  -- #Conts: 11 H(6)  G(5) 
   5955961 252.24 || noQ Q (Avg,Max,Min) (0.82, 1.00, 0.61) (0.63, 0.42, 0.88) #fs:  12  -- #Conts: 11 G(11) 
   6537759 236.47 || noQ Q (Avg,Max,Min) (0.82, 1.00, 0.61) (0.66, 0.42, 0.88) #fs:  12  -- #Conts: 11 G(11) 
   7453894 220.71 || noQ Q (Avg,Max,Min) (0.84, 1.00, 0.54) (0.70, 0.50, 0.94) #fs:   6  -- #Conts: 8 G(8) 
   7842438 204.94 || noQ Q (Avg,Max,Min) (0.83, 1.00, 0.54) (0.76, 0.50, 0.94) #fs:   6  -- #Conts: 7 G(7) 
   9194106 201.18 || noQ Q (Avg,Max,Min) (0.92, 1.01, 0.69) (0.81, 0.56, 0.99) #fs:  13  -- #Conts: 15 E(15) 
  10818984 194.47 || noQ Q (Avg,Max,Min) (0.92, 1.01, 0.70) (0.82, 0.59, 0.99) #fs:  13  -- #Conts: 15 E(15) 
  11775251 187.76 || noQ Q (Avg,Max,Min) (0.95, 1.01, 0.70) (0.84, 0.60, 0.99) #fs:  11  -- #Conts: 15 E(15) 
  12823106 181.06 || noQ Q (Avg,Max,Min) (0.97, 1.01, 0.88) (0.85, 0.57, 0.99) #fs:  10  -- #Conts: 15 E(15) 
  14489569 174.35 || noQ Q (Avg,Max,Min) (0.97, 1.00, 0.84) (0.90, 0.76, 0.98) #fs:   5  -- #Conts: 12 E(12) 
  15574356 167.65 || noQ Q (Avg,Max,Min) (0.98, 1.00, 0.89) (0.93, 0.84, 0.98) #fs:   5  -- #Conts: 12 E(12) 
  20573692 163.29 || noQ Q (Avg,Max,Min) (1.00, 1.04, 1.00) (0.94, 0.88, 0.99) #fs:   0  -- #Conts: 13 G(1)  E(12) 
  20705743 160.94 || noQ Q (Avg,Max,Min) (1.00, 1.02, 1.00) (0.94, 0.88, 1.01) #fs:   0  -- #Conts: 13 E(13) 
/////////////////size: 19
   6911769 270.00 || noQ Q (Avg,Max,Min) (0.97, 1.01, 0.81) (0.58, 0.31, 0.85) #fs:   4  -- #Conts: 12 H(3)  A(2)  G(7) 
   6918897 254.24 || noQ Q (Avg,Max,Min) (0.97, 1.01, 0.81) (0.63, 0.33, 0.92) #fs:   4  -- #Conts: 11 H(3)  A(2)  G(6) 
   7048921 238.47 || noQ Q (Avg,Max,Min) (0.97, 1.01, 0.81) (0.68, 0.40, 0.94) #fs:   4  -- #Conts: 10 H(3)  A(2)  G(5) 
   7561172 222.71 || noQ Q (Avg,Max,Min) (0.96, 1.01, 0.81) (0.73, 0.43, 0.94) #fs:   4  -- #Conts: 9 H(3)  A(2)  G(4) 
   7881080 195.53 || noQ Q (Avg,Max,Min) (0.99, 1.03, 0.92) (0.79, 0.26, 1.01) #fs:   6  -- #Conts: 13 H(3)  A(2)  G(5)  E(3) 
   7924307 192.82 || noQ Q (Avg,Max,Min) (0.99, 1.03, 0.92) (0.82, 0.26, 1.01) #fs:   6  -- #Conts: 13 H(3)  A(2)  G(5)  E(2)  C(1) 
   7958481 190.47 || noQ Q (Avg,Max,Min) (0.99, 1.03, 0.92) (0.82, 0.26, 1.01) #fs:   5  -- #Conts: 14 H(3)  A(2)  G(4)  E(4)  C(1) 
   8355109 189.82 || noQ Q (Avg,Max,Min) (0.99, 1.03, 0.92) (0.77, 0.07, 1.01) #fs:   5  -- #Conts: 13 H(3)  A(3)  G(5)  E(2) 
  11784330 184.76 || noQ Q (Avg,Max,Min) (0.99, 1.03, 0.87) (0.86, 0.60, 0.98) #fs:   6  -- #Conts: 15 H(1)  A(1)  G(6)  E(6)  C(1) 
  12140863 182.41 || noQ Q (Avg,Max,Min) (0.99, 1.03, 0.87) (0.86, 0.60, 0.98) #fs:   7  -- #Conts: 14 H(1)  A(1)  G(5)  E(6)  C(1) 
  12662236 178.06 || noQ Q (Avg,Max,Min) (0.99, 1.03, 0.87) (0.88, 0.60, 0.98) #fs:   6  -- #Conts: 15 H(1)  A(1)  G(6)  E(6)  C(1) 
  16698162 173.35 || noQ Q (Avg,Max,Min) (1.00, 1.03, 0.97) (0.90, 0.60, 1.00) #fs:   5  -- #Conts: 13 H(1)  A(1)  G(4)  E(6)  C(1) 
  27123198 173.00 || noQ Q (Avg,Max,Min) (1.00, 1.02, 0.96) (0.86, 0.56, 1.00) #fs:   1  -- #Conts: 10 A(1)  G(3)  E(5)  C(1) 
  27641301 163.94 || noQ Q (Avg,Max,Min) (1.00, 1.02, 0.97) (0.91, 0.77, 1.00) #fs:   1  -- #Conts: 9 A(1)  G(2)  E(5)  C(1) 
  33971117 163.53 || noQ Q (Avg,Max,Min) (1.01, 1.02, 1.00) (0.86, 0.07, 1.00) #fs:   0  -- #Conts: 12 A(2)  G(2)  E(5)  C(3) 
  47593184 162.82 || noQ Q (Avg,Max,Min) (1.00, 1.02, 1.00) (0.86, 0.07, 1.00) #fs:   0  -- #Conts: 13 A(3)  G(2)  E(5)  C(3) 
  54880103 162.29 || noQ Q (Avg,Max,Min) (1.00, 1.02, 1.00) (0.93, 0.77, 1.00) #fs:   0  -- #Conts: 14 A(3)  G(2)  E(6)  C(3) 
  70066584 161.29 || noQ Q (Avg,Max,Min) (1.00, 1.02, 1.00) (0.94, 0.77, 1.00) #fs:   0  -- #Conts: 13 A(2)  G(2)  E(6)  C(3) 
/////////////////size: 18
nodes 50 edges 60
 mulT: 50 mulD: 1000  sumData GB 1447
pareto /LIGO.n.50.0.dax time -> 1035.0
moheft /LIGO.n.50.0.dax time -> 447.0
distance from M to C 2.3945662413290627
distance from P to C 0.7369243292597705
distance from C to M 7.096965918989206
distance from C to P 2.434816574760213
toCompare: /LIGO.n.50.0.dax sumDataGB: 1447 mulT: 50 mulD: 1000 paretoOptTime_MS: 1035.0 MoheftOptimizationTime_MS: 447.0 MtoC 2.3945662413290627 PtoC 0.7369243292597705 CtoM 7.096965918989206 CtoP 2.434816574760213
