specify -Dflow d,b,mt,md,size
Running /home/vaggelis/jc/MONTAGE.n.50.0.dax mt 30 md: 10000 size null
    518621 031.53 || noQ Q (Avg,Max,Min) (51.33, 51.33, 10.00) (7.39, 7.39, 7.39) #fs:   0  -- #Conts: 1 H(1) 
    888816 015.76 || noQ Q (Avg,Max,Min) (30.37, 30.37, 10.00) (7.50, 7.50, 7.50) #fs:   0  -- #Conts: 1 G(1) 
   2004524 006.71 || noQ Q (Avg,Max,Min) (14.02, 14.02, 10.00) (7.81, 7.81, 7.81) #fs:   0  -- #Conts: 1 E(1) 
   3463684 004.00 || noQ Q (Avg,Max,Min) (8.54, 8.54, 8.54) (8.21, 8.21, 8.21) #fs:   0  -- #Conts: 1 C(1) 
/////////////////size: 4
    879322 047.29 || noQ Q (Avg,Max,Min) (45.77, 75.10, 10.00) (3.75, 3.53, 3.97) #fs:   2  -- #Conts: 2 H(1)  G(1) 
    888816 015.76 || noQ Q (Avg,Max,Min) (30.37, 30.37, 10.00) (7.50, 7.50, 7.50) #fs:   0  -- #Conts: 1 G(1) 
   2004524 006.71 || noQ Q (Avg,Max,Min) (14.02, 14.02, 10.00) (7.81, 7.81, 7.81) #fs:   0  -- #Conts: 1 E(1) 
   3268474 006.00 || noQ Q (Avg,Max,Min) (5.37, 8.97, 3.56) (3.03, 0.31, 8.14) #fs:   0  -- #Conts: 3 A(2)  C(1) 
   3343809 005.00 || noQ Q (Avg,Max,Min) (6.18, 8.79, 3.57) (4.40, 0.63, 8.17) #fs:   1  -- #Conts: 2 A(1)  C(1) 
   3463684 004.00 || noQ Q (Avg,Max,Min) (8.54, 8.54, 8.54) (8.21, 8.21, 8.21) #fs:   0  -- #Conts: 1 C(1) 
/////////////////size: 6
nodes 50 edges 108
 mulT: 30 mulD: 10000  sumData GB 9378
pareto /MONTAGE.n.50.0.dax time -> 341.0
moheft /MONTAGE.n.50.0.dax time -> 87.0
distance from M to C 0.16535945694153692
distance from P to C 0.0
distance from C to M 0.0
distance from C to P 0.5
toCompare: /MONTAGE.n.50.0.dax sumDataGB: 9378 mulT: 30 mulD: 10000 paretoOptTime_MS: 341.0 MoheftOptimizationTime_MS: 87.0 MtoC 0.16535945694153692 PtoC 0.0 CtoM 0.0 CtoP 0.5
