specify -Dflow d,b,mt,md,size
Running /home/vaggelis/jc/CYBERSHAKE.n.50.0.dax mt 1000 md: 500 size null
  12357550 536.00 || noQ Q (Avg,Max,Min) (1.88, 2.29, 1.16) (1.47, 0.95, 2.08) #fs:   6  -- #Conts: 11 H(11) 
  13244127 504.47 || noQ Q (Avg,Max,Min) (1.83, 2.21, 1.14) (1.55, 0.95, 2.06) #fs:   7  -- #Conts: 10 H(10) 
  13800839 472.94 || noQ Q (Avg,Max,Min) (1.83, 2.25, 1.13) (1.64, 1.09, 2.06) #fs:   5  -- #Conts: 8 H(8) 
  15756756 441.41 || noQ Q (Avg,Max,Min) (1.93, 2.25, 1.13) (1.80, 1.08, 2.06) #fs:   2  -- #Conts: 7 H(7) 
  18689628 409.88 || noQ Q (Avg,Max,Min) (1.44, 1.65, 1.14) (1.27, 0.75, 1.65) #fs:   8  -- #Conts: 12 G(12) 
  18689858 394.12 || noQ Q (Avg,Max,Min) (1.42, 1.65, 1.14) (1.33, 1.07, 1.65) #fs:   9  -- #Conts: 12 G(12) 
  18794359 378.35 || noQ Q (Avg,Max,Min) (1.45, 1.73, 1.12) (1.39, 1.07, 1.65) #fs:   8  -- #Conts: 11 G(11) 
  37773930 368.82 || noQ Q (Avg,Max,Min) (1.19, 1.34, 1.07) (1.07, 0.91, 1.25) #fs:   8  -- #Conts: 12 E(12) 
  38403806 362.12 || noQ Q (Avg,Max,Min) (1.21, 1.32, 1.07) (1.07, 0.90, 1.32) #fs:   7  -- #Conts: 13 E(13) 
  38752814 355.41 || noQ Q (Avg,Max,Min) (1.20, 1.37, 1.07) (1.09, 0.88, 1.33) #fs:   6  -- #Conts: 12 E(12) 
  38918545 348.71 || noQ Q (Avg,Max,Min) (1.20, 1.37, 1.04) (1.12, 0.88, 1.33) #fs:   6  -- #Conts: 11 E(11) 
  39612433 342.00 || noQ Q (Avg,Max,Min) (1.18, 1.36, 1.01) (1.14, 0.94, 1.35) #fs:   6  -- #Conts: 10 E(10) 
  43550778 335.29 || noQ Q (Avg,Max,Min) (1.19, 1.36, 0.86) (1.18, 0.83, 1.35) #fs:   4  -- #Conts: 8 E(8) 
  43755656 328.59 || noQ Q (Avg,Max,Min) (1.23, 1.36, 1.10) (1.21, 1.07, 1.35) #fs:   2  -- #Conts: 8 E(8) 
/////////////////size: 14
  12269377 536.00 || noQ Q (Avg,Max,Min) (2.02, 3.00, 1.32) (1.28, 0.82, 2.20) #fs:   5  -- #Conts: 15 H(7)  G(8) 
  12338906 495.41 || noQ Q (Avg,Max,Min) (1.81, 2.48, 1.30) (1.30, 0.89, 2.20) #fs:   9  -- #Conts: 16 H(4)  G(11)  E(1) 
  12384704 470.59 || noQ Q (Avg,Max,Min) (1.79, 2.42, 1.14) (1.34, 0.98, 2.20) #fs:   8  -- #Conts: 16 H(3)  G(11)  E(2) 
  12437991 463.88 || noQ Q (Avg,Max,Min) (1.79, 2.42, 1.14) (1.40, 0.98, 2.26) #fs:   6  -- #Conts: 15 H(3)  G(11)  E(1) 
  12543066 457.18 || noQ Q (Avg,Max,Min) (1.81, 2.42, 1.14) (1.40, 0.99, 2.27) #fs:   3  -- #Conts: 14 H(3)  G(11) 
  12732468 454.82 || noQ Q (Avg,Max,Min) (1.77, 2.32, 1.14) (1.38, 1.01, 2.29) #fs:   4  -- #Conts: 15 H(3)  G(10)  E(2) 
  12944655 439.06 || noQ Q (Avg,Max,Min) (1.75, 2.30, 1.13) (1.35, 1.02, 2.29) #fs:   3  -- #Conts: 18 H(2)  G(14)  E(2) 
  13613844 432.35 || noQ Q (Avg,Max,Min) (1.76, 2.30, 1.11) (1.39, 1.04, 2.29) #fs:   4  -- #Conts: 17 H(2)  G(14)  E(1) 
  13728748 425.65 || noQ Q (Avg,Max,Min) (1.78, 2.30, 1.30) (1.40, 1.04, 2.29) #fs:   2  -- #Conts: 16 H(2)  G(14) 
  13856081 416.59 || noQ Q (Avg,Max,Min) (1.72, 2.32, 1.00) (1.38, 0.01, 2.29) #fs:   2  -- #Conts: 17 H(2)  G(14)  E(1) 
  13862463 409.88 || noQ Q (Avg,Max,Min) (1.77, 2.32, 1.13) (1.47, 1.04, 2.29) #fs:   2  -- #Conts: 16 H(2)  G(14) 
  14867019 405.18 || noQ Q (Avg,Max,Min) (1.68, 2.21, 1.26) (1.41, 0.88, 2.12) #fs:   2  -- #Conts: 18 H(2)  G(14)  E(2) 
  15262792 400.47 || noQ Q (Avg,Max,Min) (1.58, 2.14, 1.07) (1.37, 0.75, 2.12) #fs:   5  -- #Conts: 18 H(2)  G(12)  E(4) 
  15452000 398.12 || noQ Q (Avg,Max,Min) (1.58, 1.89, 1.26) (1.35, 0.86, 1.71) #fs:   4  -- #Conts: 19 H(2)  G(11)  E(6) 
  15952477 392.71 || noQ Q (Avg,Max,Min) (1.56, 1.90, 1.26) (1.36, 0.75, 1.85) #fs:   5  -- #Conts: 19 H(2)  G(11)  E(5)  C(1) 
  16023357 387.29 || noQ Q (Avg,Max,Min) (1.55, 1.82, 1.26) (1.39, 0.75, 1.79) #fs:   5  -- #Conts: 19 H(2)  G(11)  E(4)  C(2) 
  16660027 381.88 || noQ Q (Avg,Max,Min) (1.54, 1.82, 1.00) (1.41, 0.89, 1.81) #fs:   3  -- #Conts: 19 H(2)  G(11)  E(3)  C(3) 
  17106748 380.59 || noQ Q (Avg,Max,Min) (1.54, 1.82, 0.97) (1.42, 0.91, 1.81) #fs:   4  -- #Conts: 18 H(2)  G(11)  E(3)  C(2) 
  18362899 380.47 || noQ Q (Avg,Max,Min) (1.55, 1.82, 1.21) (1.41, 0.92, 1.81) #fs:   2  -- #Conts: 19 H(2)  G(11)  E(2)  C(4) 
  18505431 378.00 || noQ Q (Avg,Max,Min) (1.44, 1.77, 1.21) (1.31, 0.90, 1.72) #fs:   4  -- #Conts: 19 H(2)  G(7)  E(5)  C(5) 
  18643579 376.59 || noQ Q (Avg,Max,Min) (1.42, 1.77, 1.02) (1.32, 0.91, 1.72) #fs:   5  -- #Conts: 20 H(2)  G(7)  E(5)  C(6) 
  18767915 372.59 || noQ Q (Avg,Max,Min) (1.44, 1.77, 1.20) (1.34, 0.94, 1.72) #fs:   3  -- #Conts: 20 H(2)  G(7)  E(5)  C(6) 
  18983235 371.29 || noQ Q (Avg,Max,Min) (1.45, 1.77, 1.17) (1.35, 0.94, 1.72) #fs:   1  -- #Conts: 18 H(2)  G(7)  E(4)  C(5) 
  19352538 370.00 || noQ Q (Avg,Max,Min) (1.46, 1.77, 1.11) (1.37, 0.89, 1.72) #fs:   2  -- #Conts: 18 H(2)  G(7)  E(5)  C(4) 
  19987106 366.00 || noQ Q (Avg,Max,Min) (1.45, 1.77, 1.04) (1.38, 0.94, 1.72) #fs:   3  -- #Conts: 18 H(2)  G(7)  E(5)  C(4) 
  20781528 356.71 || noQ Q (Avg,Max,Min) (1.42, 1.76, 1.00) (1.37, 0.97, 1.58) #fs:   2  -- #Conts: 17 H(2)  G(4)  E(9)  C(2) 
  22928140 356.41 || noQ Q (Avg,Max,Min) (1.38, 1.70, 0.95) (1.34, 0.81, 1.58) #fs:   1  -- #Conts: 16 H(2)  G(4)  A(1)  E(8)  C(1) 
  23131717 355.41 || noQ Q (Avg,Max,Min) (1.40, 1.70, 0.95) (1.38, 0.94, 1.58) #fs:   1  -- #Conts: 15 H(2)  G(4)  E(8)  C(1) 
  23431818 354.41 || noQ Q (Avg,Max,Min) (1.37, 1.76, 0.49) (1.34, 0.45, 1.58) #fs:   3  -- #Conts: 16 H(2)  G(4)  A(1)  E(8)  C(1) 
  24804365 354.12 || noQ Q (Avg,Max,Min) (1.34, 1.69, 0.91) (1.20, 0.09, 1.58) #fs:   2  -- #Conts: 16 H(2)  G(4)  A(3)  E(7) 
  24907078 353.12 || noQ Q (Avg,Max,Min) (1.36, 1.69, 0.94) (1.28, 0.17, 1.58) #fs:   1  -- #Conts: 15 H(2)  G(4)  A(2)  E(7) 
  25507078 352.12 || noQ Q (Avg,Max,Min) (1.39, 1.69, 0.95) (1.36, 0.76, 1.58) #fs:   1  -- #Conts: 14 H(2)  G(4)  A(1)  E(7) 
  31038799 350.65 || noQ Q (Avg,Max,Min) (1.31, 1.70, 0.49) (1.25, 0.38, 1.64) #fs:   1  -- #Conts: 16 H(1)  G(2)  A(1)  E(7)  C(5) 
  31070488 349.65 || noQ Q (Avg,Max,Min) (1.37, 1.70, 1.14) (1.31, 1.12, 1.64) #fs:   0  -- #Conts: 15 H(1)  G(2)  E(7)  C(5) 
  31537665 346.94 || noQ Q (Avg,Max,Min) (1.35, 1.70, 1.14) (1.32, 1.14, 1.64) #fs:   2  -- #Conts: 15 H(1)  G(2)  E(7)  C(5) 
  31760158 345.65 || noQ Q (Avg,Max,Min) (1.36, 1.65, 1.14) (1.33, 1.14, 1.63) #fs:   3  -- #Conts: 14 H(1)  G(2)  E(7)  C(4) 
  31906314 345.35 || noQ Q (Avg,Max,Min) (1.34, 1.76, 0.67) (1.30, 0.60, 1.63) #fs:   2  -- #Conts: 15 H(1)  G(2)  A(1)  E(8)  C(3) 
  31967646 344.35 || noQ Q (Avg,Max,Min) (1.39, 1.76, 1.14) (1.35, 1.14, 1.63) #fs:   2  -- #Conts: 14 H(1)  G(2)  E(8)  C(3) 
  35532162 344.06 || noQ Q (Avg,Max,Min) (1.37, 1.82, 1.00) (1.31, 0.77, 1.64) #fs:   1  -- #Conts: 15 H(1)  G(2)  A(1)  E(8)  C(3) 
  42785877 339.29 || noQ Q (Avg,Max,Min) (1.26, 1.49, 1.03) (1.24, 1.03, 1.48) #fs:   4  -- #Conts: 11 G(3)  E(4)  C(4) 
  42813491 335.29 || noQ Q (Avg,Max,Min) (1.27, 1.49, 1.06) (1.26, 1.06, 1.48) #fs:   3  -- #Conts: 11 G(3)  E(4)  C(4) 
  43191247 334.59 || noQ Q (Avg,Max,Min) (1.20, 1.49, 0.34) (1.18, 0.19, 1.48) #fs:   4  -- #Conts: 12 G(3)  A(1)  E(4)  C(4) 
  43191314 333.59 || noQ Q (Avg,Max,Min) (1.26, 1.49, 1.00) (1.19, 0.28, 1.48) #fs:   2  -- #Conts: 12 G(3)  A(1)  E(4)  C(4) 
  43407980 332.59 || noQ Q (Avg,Max,Min) (1.28, 1.49, 1.06) (1.27, 1.06, 1.48) #fs:   2  -- #Conts: 11 G(3)  E(4)  C(4) 
  45653864 331.35 || noQ Q (Avg,Max,Min) (1.25, 1.49, 0.90) (1.22, 0.82, 1.48) #fs:   4  -- #Conts: 15 G(3)  A(2)  E(4)  C(6) 
  46224354 330.35 || noQ Q (Avg,Max,Min) (1.26, 1.49, 1.00) (1.23, 0.92, 1.48) #fs:   2  -- #Conts: 15 G(3)  A(2)  E(4)  C(6) 
  47015825 329.35 || noQ Q (Avg,Max,Min) (1.27, 1.49, 1.00) (1.26, 0.92, 1.48) #fs:   2  -- #Conts: 14 G(3)  A(1)  E(4)  C(6) 
  62114689 329.00 || noQ Q (Avg,Max,Min) (1.16, 1.82, 0.95) (0.90, 0.09, 1.43) #fs:   1  -- #Conts: 10 A(4)  E(3)  C(3) 
  62120401 328.00 || noQ Q (Avg,Max,Min) (1.18, 1.82, 0.95) (1.00, 0.33, 1.43) #fs:   1  -- #Conts: 9 A(3)  E(3)  C(3) 
  63230403 327.00 || noQ Q (Avg,Max,Min) (1.18, 1.82, 1.00) (1.09, 0.61, 1.43) #fs:   0  -- #Conts: 9 A(3)  E(3)  C(3) 
/////////////////size: 50
nodes 50 edges 92
 mulT: 1000 mulD: 500  sumData GB 43151
pareto /CYBERSHAKE.n.50.0.dax time -> 824.0
moheft /CYBERSHAKE.n.50.0.dax time -> 2074.0
distance from M to C 0.16234981234769297
distance from P to C 4.2091022300286225
distance from C to M 0.14136539649215726
distance from C to P 5.108024539711185
toCompare: /CYBERSHAKE.n.50.0.dax sumDataGB: 43151 mulT: 1000 mulD: 500 paretoOptTime_MS: 824.0 MoheftOptimizationTime_MS: 2074.0 MtoC 0.16234981234769297 PtoC 4.2091022300286225 CtoM 0.14136539649215726 CtoP 5.108024539711185
