specify -Dflow d,b,mt,md,size
Running /home/vaggelis/jc/MONTAGE.n.100.0.dax mt 1000 md: 1 size null
   2564772 1954.82 || noQ Q (Avg,Max,Min) (0.92, 1.00, 0.66) (0.16, 0.10, 0.55) #fs:  17  -- #Conts: 62 H(62) 
   2804948 1939.06 || noQ Q (Avg,Max,Min) (0.89, 1.00, 0.58) (0.17, 0.10, 0.55) #fs:  18  -- #Conts: 62 H(61)  G(1) 
   2805478 1923.29 || noQ Q (Avg,Max,Min) (0.89, 1.00, 0.58) (0.17, 0.10, 0.55) #fs:  18  -- #Conts: 62 H(60)  G(2) 
   2805865 1907.53 || noQ Q (Avg,Max,Min) (0.89, 1.00, 0.58) (0.17, 0.10, 0.55) #fs:  18  -- #Conts: 62 H(59)  G(3) 
   2806445 1891.76 || noQ Q (Avg,Max,Min) (0.89, 1.00, 0.58) (0.17, 0.10, 0.55) #fs:  18  -- #Conts: 62 H(58)  G(4) 
   2806589 1876.00 || noQ Q (Avg,Max,Min) (0.89, 1.00, 0.58) (0.17, 0.10, 0.55) #fs:  18  -- #Conts: 62 H(57)  G(5) 
   2807841 1860.24 || noQ Q (Avg,Max,Min) (0.89, 1.00, 0.58) (0.17, 0.10, 0.55) #fs:  18  -- #Conts: 62 H(56)  G(6) 
   2808325 1844.47 || noQ Q (Avg,Max,Min) (0.89, 1.00, 0.58) (0.17, 0.10, 0.55) #fs:  18  -- #Conts: 62 H(55)  G(7) 
   2808759 1828.71 || noQ Q (Avg,Max,Min) (0.89, 1.00, 0.58) (0.17, 0.10, 0.55) #fs:  18  -- #Conts: 62 H(54)  G(8) 
   2808760 1812.94 || noQ Q (Avg,Max,Min) (0.89, 1.00, 0.58) (0.17, 0.10, 0.55) #fs:  18  -- #Conts: 62 H(53)  G(9) 
   2808902 1781.41 || noQ Q (Avg,Max,Min) (0.89, 1.00, 0.58) (0.18, 0.10, 0.55) #fs:  18  -- #Conts: 62 H(51)  G(11) 
   2808903 1749.88 || noQ Q (Avg,Max,Min) (0.89, 1.00, 0.58) (0.18, 0.10, 0.55) #fs:  18  -- #Conts: 62 H(49)  G(13) 
   2809047 1734.12 || noQ Q (Avg,Max,Min) (0.89, 1.00, 0.58) (0.18, 0.10, 0.55) #fs:  18  -- #Conts: 62 H(48)  G(14) 
   2809480 1718.35 || noQ Q (Avg,Max,Min) (0.89, 1.00, 0.58) (0.18, 0.10, 0.55) #fs:  18  -- #Conts: 62 H(47)  G(15) 
   2810495 1702.59 || noQ Q (Avg,Max,Min) (0.89, 1.00, 0.58) (0.18, 0.10, 0.55) #fs:  18  -- #Conts: 62 H(46)  G(16) 
   2810639 1686.82 || noQ Q (Avg,Max,Min) (0.89, 1.00, 0.58) (0.18, 0.10, 0.55) #fs:  18  -- #Conts: 62 H(45)  G(17) 
   2810833 1671.06 || noQ Q (Avg,Max,Min) (0.89, 1.00, 0.58) (0.18, 0.10, 0.55) #fs:  18  -- #Conts: 62 H(44)  G(18) 
   2811653 1655.29 || noQ Q (Avg,Max,Min) (0.89, 1.00, 0.58) (0.19, 0.10, 0.55) #fs:  18  -- #Conts: 62 H(43)  G(19) 
   2811891 1639.53 || noQ Q (Avg,Max,Min) (0.89, 1.00, 0.58) (0.19, 0.10, 0.55) #fs:  18  -- #Conts: 62 H(42)  G(20) 
   2812231 1623.76 || noQ Q (Avg,Max,Min) (0.89, 1.00, 0.58) (0.19, 0.10, 0.55) #fs:  18  -- #Conts: 62 H(41)  G(21) 
   2812517 1608.00 || noQ Q (Avg,Max,Min) (0.89, 1.00, 0.58) (0.19, 0.10, 0.55) #fs:  18  -- #Conts: 62 H(40)  G(22) 
   2812569 1592.24 || noQ Q (Avg,Max,Min) (0.89, 1.00, 0.58) (0.19, 0.10, 0.55) #fs:  18  -- #Conts: 62 H(39)  G(23) 
   2813481 1576.47 || noQ Q (Avg,Max,Min) (0.89, 1.00, 0.58) (0.19, 0.10, 0.55) #fs:  18  -- #Conts: 62 H(38)  G(24) 
   2813482 1560.71 || noQ Q (Avg,Max,Min) (0.89, 1.00, 0.58) (0.19, 0.10, 0.55) #fs:  18  -- #Conts: 62 H(37)  G(25) 
   2813532 1544.94 || noQ Q (Avg,Max,Min) (0.89, 1.00, 0.58) (0.19, 0.10, 0.55) #fs:  18  -- #Conts: 62 H(36)  G(26) 
   2814254 1529.18 || noQ Q (Avg,Max,Min) (0.89, 1.00, 0.58) (0.20, 0.10, 0.55) #fs:  18  -- #Conts: 62 H(35)  G(27) 
   2814545 1513.41 || noQ Q (Avg,Max,Min) (0.89, 1.00, 0.58) (0.20, 0.10, 0.55) #fs:  18  -- #Conts: 62 H(34)  G(28) 
   2814883 1497.65 || noQ Q (Avg,Max,Min) (0.89, 1.00, 0.58) (0.20, 0.10, 0.55) #fs:  18  -- #Conts: 62 H(33)  G(29) 
   2815124 1481.88 || noQ Q (Avg,Max,Min) (0.89, 1.00, 0.58) (0.20, 0.10, 0.55) #fs:  18  -- #Conts: 62 H(32)  G(30) 
   2816618 1466.12 || noQ Q (Avg,Max,Min) (0.89, 1.00, 0.58) (0.20, 0.10, 0.55) #fs:  18  -- #Conts: 62 H(31)  G(31) 
   2817004 1434.59 || noQ Q (Avg,Max,Min) (0.89, 1.00, 0.58) (0.20, 0.10, 0.55) #fs:  18  -- #Conts: 62 H(29)  G(33) 
   2817100 1418.82 || noQ Q (Avg,Max,Min) (0.89, 1.00, 0.58) (0.20, 0.10, 0.55) #fs:  18  -- #Conts: 62 H(28)  G(34) 
   2817437 1403.06 || noQ Q (Avg,Max,Min) (0.89, 1.00, 0.58) (0.20, 0.10, 0.55) #fs:  18  -- #Conts: 62 H(27)  G(35) 
   2817725 1387.29 || noQ Q (Avg,Max,Min) (0.89, 1.00, 0.58) (0.21, 0.10, 0.55) #fs:  18  -- #Conts: 62 H(26)  G(36) 
   2818355 1371.53 || noQ Q (Avg,Max,Min) (0.89, 1.00, 0.58) (0.21, 0.10, 0.55) #fs:  18  -- #Conts: 62 H(25)  G(37) 
   2819173 1355.76 || noQ Q (Avg,Max,Min) (0.89, 1.00, 0.58) (0.21, 0.10, 0.55) #fs:  18  -- #Conts: 62 H(24)  G(38) 
   2819175 1340.00 || noQ Q (Avg,Max,Min) (0.89, 1.00, 0.58) (0.21, 0.10, 0.55) #fs:  18  -- #Conts: 62 H(23)  G(39) 
   2819319 1324.24 || noQ Q (Avg,Max,Min) (0.89, 1.00, 0.58) (0.21, 0.10, 0.55) #fs:  18  -- #Conts: 62 H(22)  G(40) 
   2819416 1308.47 || noQ Q (Avg,Max,Min) (0.89, 1.00, 0.58) (0.21, 0.10, 0.55) #fs:  18  -- #Conts: 62 H(21)  G(41) 
   2819898 1292.71 || noQ Q (Avg,Max,Min) (0.89, 1.00, 0.58) (0.21, 0.10, 0.55) #fs:  18  -- #Conts: 62 H(20)  G(42) 
   2820091 1276.94 || noQ Q (Avg,Max,Min) (0.89, 1.00, 0.58) (0.21, 0.10, 0.55) #fs:  18  -- #Conts: 62 H(19)  G(43) 
   2820330 1261.18 || noQ Q (Avg,Max,Min) (0.89, 1.00, 0.58) (0.21, 0.10, 0.55) #fs:  18  -- #Conts: 62 H(18)  G(44) 
   2823223 1245.41 || noQ Q (Avg,Max,Min) (0.89, 1.00, 0.58) (0.22, 0.17, 0.55) #fs:  18  -- #Conts: 62 H(17)  G(45) 
   2891165 1213.88 || noQ Q (Avg,Max,Min) (0.89, 1.00, 0.56) (0.22, 0.17, 0.58) #fs:  16  -- #Conts: 61 H(16)  G(45) 
   2895554 1198.12 || noQ Q (Avg,Max,Min) (0.90, 1.00, 0.56) (0.22, 0.17, 0.58) #fs:  16  -- #Conts: 60 H(16)  G(44) 
   2898255 1182.35 || noQ Q (Avg,Max,Min) (0.90, 1.00, 0.56) (0.22, 0.17, 0.58) #fs:  16  -- #Conts: 59 H(16)  G(43) 
   2898850 1166.59 || noQ Q (Avg,Max,Min) (0.90, 1.00, 0.56) (0.23, 0.17, 0.58) #fs:  16  -- #Conts: 58 H(16)  G(42) 
   2899348 1150.82 || noQ Q (Avg,Max,Min) (0.90, 1.00, 0.56) (0.23, 0.17, 0.58) #fs:  16  -- #Conts: 57 H(16)  G(41) 
   2900698 1135.06 || noQ Q (Avg,Max,Min) (0.90, 1.00, 0.56) (0.23, 0.17, 0.58) #fs:  16  -- #Conts: 56 H(16)  G(40) 
   2902307 1119.29 || noQ Q (Avg,Max,Min) (0.90, 1.00, 0.56) (0.24, 0.17, 0.58) #fs:  16  -- #Conts: 55 H(16)  G(39) 
   2903577 1103.53 || noQ Q (Avg,Max,Min) (0.90, 1.00, 0.56) (0.24, 0.17, 0.58) #fs:  16  -- #Conts: 54 H(16)  G(38) 
   2903915 1087.76 || noQ Q (Avg,Max,Min) (0.90, 1.00, 0.56) (0.24, 0.17, 0.58) #fs:  16  -- #Conts: 53 H(16)  G(37) 
   2905943 1072.00 || noQ Q (Avg,Max,Min) (0.90, 1.00, 0.56) (0.25, 0.17, 0.58) #fs:  17  -- #Conts: 51 H(17)  G(34) 
   2907629 1056.24 || noQ Q (Avg,Max,Min) (0.90, 1.00, 0.56) (0.25, 0.17, 0.58) #fs:  16  -- #Conts: 50 H(17)  G(33) 
   2907966 1040.47 || noQ Q (Avg,Max,Min) (0.91, 1.00, 0.56) (0.25, 0.17, 0.58) #fs:  16  -- #Conts: 49 H(17)  G(32) 
   2909992 1008.94 || noQ Q (Avg,Max,Min) (0.90, 1.00, 0.56) (0.27, 0.17, 0.58) #fs:  16  -- #Conts: 45 H(19)  G(26) 
   2911005 993.18 || noQ Q (Avg,Max,Min) (0.91, 1.00, 0.68) (0.27, 0.17, 0.58) #fs:  16  -- #Conts: 44 H(19)  G(25) 
   2912355 977.41 || noQ Q (Avg,Max,Min) (0.90, 1.00, 0.72) (0.28, 0.17, 0.65) #fs:  16  -- #Conts: 41 H(21)  G(20) 
   3254856 930.12 || noQ Q (Avg,Max,Min) (0.83, 1.00, 0.62) (0.34, 0.17, 0.68) #fs:  16  -- #Conts: 30 H(29)  G(1) 
   3257815 898.59 || noQ Q (Avg,Max,Min) (0.83, 1.00, 0.62) (0.35, 0.17, 0.68) #fs:  16  -- #Conts: 29 H(28)  G(1) 
   3259842 867.06 || noQ Q (Avg,Max,Min) (0.83, 1.00, 0.62) (0.37, 0.17, 0.68) #fs:  16  -- #Conts: 28 H(27)  G(1) 
   3261787 835.53 || noQ Q (Avg,Max,Min) (0.84, 1.00, 0.62) (0.38, 0.17, 0.68) #fs:  16  -- #Conts: 27 H(26)  G(1) 
   3269890 788.24 || noQ Q (Avg,Max,Min) (0.84, 1.00, 0.63) (0.41, 0.20, 0.68) #fs:  16  -- #Conts: 25 H(25) 
   3271913 756.71 || noQ Q (Avg,Max,Min) (0.84, 1.00, 0.63) (0.42, 0.20, 0.91) #fs:  16  -- #Conts: 24 H(24) 
   3275291 725.18 || noQ Q (Avg,Max,Min) (0.85, 1.00, 0.76) (0.44, 0.20, 0.75) #fs:  16  -- #Conts: 23 H(23) 
   3277317 693.65 || noQ Q (Avg,Max,Min) (0.84, 1.00, 0.76) (0.46, 0.20, 0.75) #fs:  16  -- #Conts: 22 H(22) 
   3287944 662.12 || noQ Q (Avg,Max,Min) (0.82, 1.00, 0.76) (0.48, 0.20, 0.75) #fs:  17  -- #Conts: 21 H(21) 
   3618378 630.59 || noQ Q (Avg,Max,Min) (0.73, 1.00, 0.36) (0.51, 0.30, 0.78) #fs:  17  -- #Conts: 20 H(20) 
   3622697 599.06 || noQ Q (Avg,Max,Min) (0.78, 1.00, 0.67) (0.54, 0.30, 0.78) #fs:  16  -- #Conts: 18 H(18) 
   3622767 567.53 || noQ Q (Avg,Max,Min) (0.74, 1.00, 0.36) (0.57, 0.30, 0.78) #fs:  17  -- #Conts: 18 H(18) 
   3632558 536.00 || noQ Q (Avg,Max,Min) (0.75, 1.00, 0.14) (0.60, 0.12, 0.79) #fs:  17  -- #Conts: 17 H(17) 
   3678349 520.24 || noQ Q (Avg,Max,Min) (0.76, 1.00, 0.23) (0.60, 0.20, 0.79) #fs:  17  -- #Conts: 17 H(16)  G(1) 
   3816355 511.18 || noQ Q (Avg,Max,Min) (0.77, 1.00, 0.49) (0.62, 0.46, 0.79) #fs:  17  -- #Conts: 17 H(16)  E(1) 
   4451961 472.94 || noQ Q (Avg,Max,Min) (0.79, 0.90, 0.64) (0.68, 0.50, 0.89) #fs:  18  -- #Conts: 15 H(15) 
   6121596 457.18 || noQ Q (Avg,Max,Min) (0.82, 1.00, 0.56) (0.62, 0.45, 0.73) #fs:  15  -- #Conts: 23 H(1)  G(22) 
   6243445 441.41 || noQ Q (Avg,Max,Min) (0.82, 1.00, 0.54) (0.64, 0.45, 0.81) #fs:  13  -- #Conts: 23 G(23) 
   6599456 409.88 || noQ Q (Avg,Max,Min) (0.95, 1.00, 0.86) (0.83, 0.58, 0.95) #fs:   5  -- #Conts: 9 H(9) 
   6637010 378.35 || noQ Q (Avg,Max,Min) (0.96, 1.00, 0.84) (0.88, 0.68, 0.95) #fs:   4  -- #Conts: 9 H(9) 
   7808998 362.59 || noQ Q (Avg,Max,Min) (0.93, 1.00, 0.47) (0.81, 0.41, 0.98) #fs:   6  -- #Conts: 17 H(1)  G(16) 
   8093862 346.82 || noQ Q (Avg,Max,Min) (0.94, 1.00, 0.74) (0.83, 0.60, 0.98) #fs:   6  -- #Conts: 17 G(17) 
  16844821 342.00 || noQ Q (Avg,Max,Min) (0.96, 1.00, 0.66) (0.79, 0.40, 0.99) #fs:   7  -- #Conts: 25 E(25) 
  18201983 328.59 || noQ Q (Avg,Max,Min) (0.96, 1.00, 0.66) (0.82, 0.65, 0.92) #fs:   6  -- #Conts: 23 E(23) 
  57363252 327.00 || noQ Q (Avg,Max,Min) (0.99, 1.00, 0.49) (0.94, 0.43, 1.00) #fs:   8  -- #Conts: 77 A(69)  C(8) 
  57373252 326.00 || noQ Q (Avg,Max,Min) (0.99, 1.00, 0.49) (0.95, 0.43, 1.00) #fs:   8  -- #Conts: 77 A(70)  C(7) 
  57383252 325.00 || noQ Q (Avg,Max,Min) (0.99, 1.00, 0.49) (0.95, 0.43, 1.00) #fs:   8  -- #Conts: 77 A(71)  C(6) 
  57393252 324.00 || noQ Q (Avg,Max,Min) (0.99, 1.00, 0.49) (0.96, 0.43, 1.00) #fs:   8  -- #Conts: 77 A(72)  C(5) 
  75960247 319.00 || noQ Q (Avg,Max,Min) (1.00, 1.00, 0.77) (0.96, 0.74, 1.00) #fs:   8  -- #Conts: 76 A(76) 
  75960326 314.00 || noQ Q (Avg,Max,Min) (1.00, 1.00, 1.00) (0.97, 0.75, 1.00) #fs:   7  -- #Conts: 77 A(77) 
  86360326 313.00 || noQ Q (Avg,Max,Min) (1.00, 1.00, 1.00) (0.97, 0.76, 1.00) #fs:   7  -- #Conts: 75 A(75) 
  86970326 310.00 || noQ Q (Avg,Max,Min) (1.00, 1.00, 1.00) (0.98, 0.94, 1.00) #fs:   7  -- #Conts: 73 A(73) 
/////////////////size: 90
   2891212 2049.41 || noQ Q (Avg,Max,Min) (0.91, 1.00, 0.55) (0.16, 0.10, 0.71) #fs:  19  -- #Conts: 73 H(57)  G(16) 
   2915890 2017.88 || noQ Q (Avg,Max,Min) (0.91, 1.00, 0.54) (0.16, 0.10, 0.81) #fs:  19  -- #Conts: 72 H(56)  G(16) 
   3105144 2002.12 || noQ Q (Avg,Max,Min) (0.89, 1.00, 0.47) (0.16, 0.10, 0.81) #fs:  20  -- #Conts: 71 H(56)  G(15) 
   3106380 1970.59 || noQ Q (Avg,Max,Min) (0.89, 1.00, 0.47) (0.17, 0.10, 0.81) #fs:  20  -- #Conts: 70 H(55)  G(15) 
   3106382 1954.82 || noQ Q (Avg,Max,Min) (0.89, 1.00, 0.47) (0.17, 0.10, 0.81) #fs:  20  -- #Conts: 70 H(54)  G(16) 
   3109773 1939.06 || noQ Q (Avg,Max,Min) (0.89, 1.00, 0.47) (0.17, 0.10, 0.81) #fs:  20  -- #Conts: 69 H(54)  G(15) 
   3112745 1923.29 || noQ Q (Avg,Max,Min) (0.89, 1.00, 0.47) (0.17, 0.10, 0.81) #fs:  20  -- #Conts: 69 H(53)  G(16) 
   3112825 1907.53 || noQ Q (Avg,Max,Min) (0.89, 1.00, 0.47) (0.17, 0.10, 0.81) #fs:  21  -- #Conts: 69 H(52)  G(17) 
   3114980 1891.76 || noQ Q (Avg,Max,Min) (0.89, 1.00, 0.47) (0.17, 0.10, 0.81) #fs:  21  -- #Conts: 68 H(52)  G(16) 
   3115639 1876.00 || noQ Q (Avg,Max,Min) (0.89, 1.00, 0.47) (0.17, 0.10, 0.81) #fs:  21  -- #Conts: 68 H(51)  G(17) 
   3116137 1860.24 || noQ Q (Avg,Max,Min) (0.88, 1.00, 0.47) (0.18, 0.10, 0.81) #fs:  21  -- #Conts: 67 H(51)  G(16) 
   3117954 1844.47 || noQ Q (Avg,Max,Min) (0.88, 1.00, 0.47) (0.18, 0.10, 0.81) #fs:  21  -- #Conts: 67 H(50)  G(17) 
   3118534 1828.71 || noQ Q (Avg,Max,Min) (0.88, 1.00, 0.47) (0.18, 0.10, 0.81) #fs:  21  -- #Conts: 67 H(49)  G(18) 
   3119110 1781.41 || noQ Q (Avg,Max,Min) (0.88, 1.00, 0.47) (0.18, 0.10, 0.81) #fs:  21  -- #Conts: 66 H(47)  G(19) 
   3119190 1765.65 || noQ Q (Avg,Max,Min) (0.88, 1.00, 0.47) (0.19, 0.10, 0.81) #fs:  20  -- #Conts: 66 H(46)  G(20) 
   3119609 1749.88 || noQ Q (Avg,Max,Min) (0.88, 1.00, 0.47) (0.19, 0.10, 0.81) #fs:  20  -- #Conts: 65 H(46)  G(19) 
   3120269 1734.12 || noQ Q (Avg,Max,Min) (0.88, 1.00, 0.47) (0.19, 0.10, 0.81) #fs:  20  -- #Conts: 65 H(45)  G(20) 
   3120767 1718.35 || noQ Q (Avg,Max,Min) (0.88, 1.00, 0.47) (0.19, 0.10, 0.81) #fs:  20  -- #Conts: 65 H(44)  G(21) 
   3121923 1702.59 || noQ Q (Avg,Max,Min) (0.88, 1.00, 0.47) (0.19, 0.10, 0.81) #fs:  20  -- #Conts: 64 H(44)  G(20) 
   3122006 1686.82 || noQ Q (Avg,Max,Min) (0.88, 1.00, 0.47) (0.19, 0.10, 0.81) #fs:  20  -- #Conts: 64 H(43)  G(21) 
   3123740 1639.53 || noQ Q (Avg,Max,Min) (0.88, 1.00, 0.47) (0.20, 0.10, 0.81) #fs:  20  -- #Conts: 63 H(41)  G(22) 
   3124897 1623.76 || noQ Q (Avg,Max,Min) (0.88, 1.00, 0.47) (0.20, 0.10, 0.81) #fs:  20  -- #Conts: 63 H(40)  G(23) 
   3126055 1592.24 || noQ Q (Avg,Max,Min) (0.88, 1.00, 0.47) (0.20, 0.10, 0.81) #fs:  20  -- #Conts: 63 H(38)  G(25) 
   3126635 1560.71 || noQ Q (Avg,Max,Min) (0.88, 1.00, 0.47) (0.21, 0.10, 0.81) #fs:  21  -- #Conts: 63 H(36)  G(27) 
   3127213 1466.12 || noQ Q (Avg,Max,Min) (0.87, 1.00, 0.47) (0.21, 0.10, 0.81) #fs:  21  -- #Conts: 62 H(31)  G(31) 
   3127792 1434.59 || noQ Q (Avg,Max,Min) (0.87, 1.00, 0.47) (0.22, 0.10, 0.81) #fs:  21  -- #Conts: 62 H(29)  G(33) 
   3128369 1418.82 || noQ Q (Avg,Max,Min) (0.87, 1.00, 0.47) (0.22, 0.10, 0.81) #fs:  21  -- #Conts: 62 H(28)  G(34) 
   3128449 1403.06 || noQ Q (Avg,Max,Min) (0.87, 1.00, 0.47) (0.22, 0.10, 0.81) #fs:  21  -- #Conts: 62 H(27)  G(35) 
   3128868 1387.29 || noQ Q (Avg,Max,Min) (0.87, 1.00, 0.47) (0.22, 0.10, 0.81) #fs:  21  -- #Conts: 61 H(27)  G(34) 
   3128948 1371.53 || noQ Q (Avg,Max,Min) (0.87, 1.00, 0.47) (0.22, 0.10, 0.81) #fs:  21  -- #Conts: 61 H(26)  G(35) 
   3129526 1355.76 || noQ Q (Avg,Max,Min) (0.87, 1.00, 0.47) (0.22, 0.10, 0.81) #fs:  21  -- #Conts: 61 H(25)  G(36) 
   3130105 1340.00 || noQ Q (Avg,Max,Min) (0.87, 1.00, 0.47) (0.23, 0.10, 0.81) #fs:  21  -- #Conts: 61 H(24)  G(37) 
   3131261 1324.24 || noQ Q (Avg,Max,Min) (0.87, 1.00, 0.47) (0.23, 0.10, 0.81) #fs:  21  -- #Conts: 61 H(23)  G(38) 
   3132999 1308.47 || noQ Q (Avg,Max,Min) (0.87, 1.00, 0.46) (0.23, 0.10, 0.81) #fs:  21  -- #Conts: 61 H(22)  G(39) 
   3134734 1292.71 || noQ Q (Avg,Max,Min) (0.87, 1.00, 0.46) (0.23, 0.10, 0.81) #fs:  21  -- #Conts: 61 H(21)  G(40) 
   3134814 1276.94 || noQ Q (Avg,Max,Min) (0.87, 1.00, 0.46) (0.23, 0.10, 0.81) #fs:  21  -- #Conts: 61 H(20)  G(41) 
   3135313 1245.41 || noQ Q (Avg,Max,Min) (0.87, 1.00, 0.46) (0.23, 0.10, 0.81) #fs:  21  -- #Conts: 61 H(18)  G(43) 
   3136471 1213.88 || noQ Q (Avg,Max,Min) (0.87, 1.00, 0.46) (0.24, 0.17, 0.81) #fs:  24  -- #Conts: 61 H(16)  G(45) 
   3376580 1182.35 || noQ Q (Avg,Max,Min) (0.88, 1.00, 0.47) (0.24, 0.17, 0.81) #fs:  25  -- #Conts: 61 H(14)  G(47) 
   3378813 1166.59 || noQ Q (Avg,Max,Min) (0.89, 1.00, 0.47) (0.24, 0.17, 0.81) #fs:  25  -- #Conts: 61 H(13)  G(48) 
   3381866 1150.82 || noQ Q (Avg,Max,Min) (0.89, 1.00, 0.47) (0.24, 0.17, 0.81) #fs:  25  -- #Conts: 61 H(12)  G(49) 
   3383522 1135.06 || noQ Q (Avg,Max,Min) (0.90, 1.00, 0.47) (0.25, 0.17, 0.81) #fs:  25  -- #Conts: 61 H(11)  G(50) 
   3389807 1119.29 || noQ Q (Avg,Max,Min) (0.90, 1.00, 0.47) (0.25, 0.17, 0.81) #fs:  25  -- #Conts: 61 H(10)  G(51) 
   3392781 1103.53 || noQ Q (Avg,Max,Min) (0.90, 1.00, 0.47) (0.25, 0.17, 0.81) #fs:  25  -- #Conts: 61 H(9)  G(52) 
   3395095 1087.76 || noQ Q (Avg,Max,Min) (0.91, 1.00, 0.47) (0.25, 0.17, 0.81) #fs:  26  -- #Conts: 61 H(8)  G(53) 
   3396752 1056.24 || noQ Q (Avg,Max,Min) (0.92, 1.00, 0.47) (0.26, 0.17, 0.81) #fs:  27  -- #Conts: 61 H(6)  G(55) 
   3397411 1040.47 || noQ Q (Avg,Max,Min) (0.93, 1.00, 0.51) (0.26, 0.17, 0.81) #fs:  27  -- #Conts: 61 H(5)  G(56) 
   3410640 1008.94 || noQ Q (Avg,Max,Min) (0.94, 1.00, 0.47) (0.27, 0.17, 0.71) #fs:  26  -- #Conts: 62 H(2)  G(60) 
   3417002 993.18 || noQ Q (Avg,Max,Min) (0.94, 1.00, 0.75) (0.27, 0.17, 0.71) #fs:  28  -- #Conts: 62 H(1)  G(61) 
   3912253 960.24 || noQ Q (Avg,Max,Min) (1.00, 1.00, 0.98) (0.36, 0.10, 0.56) #fs:  10  -- #Conts: 61 H(16)  G(17)  E(28) 
   3914567 957.88 || noQ Q (Avg,Max,Min) (1.00, 1.00, 0.98) (0.36, 0.10, 0.56) #fs:  10  -- #Conts: 62 H(16)  G(16)  E(30) 
   4145918 928.71 || noQ Q (Avg,Max,Min) (0.99, 1.00, 0.78) (0.37, 0.10, 0.72) #fs:  12  -- #Conts: 60 H(15)  G(17)  E(28) 
   4148232 926.35 || noQ Q (Avg,Max,Min) (0.99, 1.00, 0.78) (0.37, 0.10, 0.72) #fs:  12  -- #Conts: 61 H(15)  G(16)  E(30) 
   4151705 897.18 || noQ Q (Avg,Max,Min) (0.99, 1.00, 0.79) (0.37, 0.10, 0.73) #fs:  13  -- #Conts: 59 H(14)  G(17)  E(28) 
   4153440 865.65 || noQ Q (Avg,Max,Min) (0.99, 1.00, 0.78) (0.38, 0.10, 0.73) #fs:  14  -- #Conts: 58 H(13)  G(17)  E(28) 
   4155754 863.29 || noQ Q (Avg,Max,Min) (0.99, 1.00, 0.78) (0.38, 0.10, 0.73) #fs:  14  -- #Conts: 59 H(13)  G(16)  E(30) 
   4156334 834.12 || noQ Q (Avg,Max,Min) (0.98, 1.00, 0.79) (0.39, 0.10, 0.74) #fs:  15  -- #Conts: 57 H(12)  G(17)  E(28) 
   4157491 802.59 || noQ Q (Avg,Max,Min) (0.98, 1.00, 0.79) (0.40, 0.10, 0.74) #fs:  16  -- #Conts: 56 H(11)  G(17)  E(28) 
   4159805 771.06 || noQ Q (Avg,Max,Min) (0.97, 1.00, 0.78) (0.41, 0.10, 0.74) #fs:  17  -- #Conts: 55 H(10)  G(17)  E(28) 
   4162119 768.71 || noQ Q (Avg,Max,Min) (0.97, 1.00, 0.78) (0.41, 0.10, 0.74) #fs:  17  -- #Conts: 56 H(10)  G(16)  E(30) 
   4162120 708.00 || noQ Q (Avg,Max,Min) (0.96, 1.00, 0.78) (0.43, 0.10, 0.74) #fs:  19  -- #Conts: 53 H(8)  G(17)  E(28) 
   4162698 676.47 || noQ Q (Avg,Max,Min) (0.96, 1.00, 0.78) (0.43, 0.10, 0.74) #fs:  20  -- #Conts: 52 H(7)  G(17)  E(28) 
   4163277 644.94 || noQ Q (Avg,Max,Min) (0.95, 1.00, 0.78) (0.44, 0.10, 0.74) #fs:  21  -- #Conts: 51 H(6)  G(17)  E(28) 
   4163856 613.41 || noQ Q (Avg,Max,Min) (0.95, 1.00, 0.78) (0.46, 0.10, 0.74) #fs:  22  -- #Conts: 50 H(5)  G(17)  E(28) 
   4165013 581.88 || noQ Q (Avg,Max,Min) (0.94, 1.00, 0.78) (0.47, 0.10, 0.74) #fs:  23  -- #Conts: 49 H(4)  G(17)  E(28) 
   4167327 579.53 || noQ Q (Avg,Max,Min) (0.95, 1.00, 0.78) (0.46, 0.10, 0.74) #fs:  23  -- #Conts: 50 H(4)  G(16)  E(30) 
   4167906 550.35 || noQ Q (Avg,Max,Min) (0.94, 1.00, 0.78) (0.48, 0.10, 0.74) #fs:  24  -- #Conts: 48 H(3)  G(17)  E(28) 
   4170220 548.00 || noQ Q (Avg,Max,Min) (0.94, 1.00, 0.78) (0.48, 0.10, 0.74) #fs:  24  -- #Conts: 49 H(3)  G(16)  E(30) 
   4171378 518.82 || noQ Q (Avg,Max,Min) (0.93, 1.00, 0.78) (0.49, 0.10, 0.74) #fs:  25  -- #Conts: 47 H(2)  G(17)  E(28) 
   4173692 516.47 || noQ Q (Avg,Max,Min) (0.93, 1.00, 0.78) (0.49, 0.10, 0.74) #fs:  25  -- #Conts: 48 H(2)  G(16)  E(30) 
   4176585 487.29 || noQ Q (Avg,Max,Min) (0.93, 1.00, 0.78) (0.50, 0.34, 0.74) #fs:  26  -- #Conts: 46 H(1)  G(17)  E(28) 
   4178899 484.94 || noQ Q (Avg,Max,Min) (0.93, 1.00, 0.78) (0.50, 0.38, 0.74) #fs:  26  -- #Conts: 47 H(1)  G(16)  E(30) 
   5240961 481.29 || noQ Q (Avg,Max,Min) (0.97, 1.00, 0.81) (0.53, 0.38, 0.73) #fs:  18  -- #Conts: 31 H(1)  G(17)  E(13) 
   5241381 474.59 || noQ Q (Avg,Max,Min) (0.96, 1.00, 0.81) (0.54, 0.38, 0.73) #fs:  18  -- #Conts: 30 H(1)  G(17)  E(12) 
   5378587 472.24 || noQ Q (Avg,Max,Min) (0.97, 1.00, 0.81) (0.54, 0.38, 0.73) #fs:  17  -- #Conts: 32 H(1)  G(17)  E(14) 
   5389027 469.88 || noQ Q (Avg,Max,Min) (0.97, 1.00, 0.81) (0.54, 0.38, 0.73) #fs:  16  -- #Conts: 34 H(1)  G(17)  E(16) 
   5451287 465.53 || noQ Q (Avg,Max,Min) (0.97, 1.00, 0.81) (0.55, 0.38, 0.78) #fs:  16  -- #Conts: 31 H(1)  G(17)  E(13) 
   5451962 463.18 || noQ Q (Avg,Max,Min) (0.98, 1.00, 0.81) (0.54, 0.38, 0.78) #fs:  15  -- #Conts: 33 H(1)  G(17)  E(15) 
   5808484 458.82 || noQ Q (Avg,Max,Min) (0.97, 1.00, 0.81) (0.56, 0.38, 0.88) #fs:  16  -- #Conts: 30 H(1)  G(17)  E(12) 
   5809159 456.47 || noQ Q (Avg,Max,Min) (0.98, 1.00, 0.81) (0.55, 0.38, 0.88) #fs:  15  -- #Conts: 32 H(1)  G(17)  E(14) 
   5851244 449.76 || noQ Q (Avg,Max,Min) (0.98, 1.00, 0.81) (0.56, 0.38, 0.88) #fs:  16  -- #Conts: 31 H(1)  G(17)  E(13) 
   5852980 433.88 || noQ Q (Avg,Max,Min) (0.99, 1.00, 0.87) (0.65, 0.17, 0.90) #fs:  14  -- #Conts: 30 H(1)  G(23)  C(6) 
   5856452 418.12 || noQ Q (Avg,Max,Min) (0.99, 1.00, 0.87) (0.67, 0.17, 0.90) #fs:  14  -- #Conts: 29 H(1)  G(22)  C(6) 
   5859344 402.35 || noQ Q (Avg,Max,Min) (0.99, 1.00, 0.88) (0.69, 0.18, 0.90) #fs:  14  -- #Conts: 28 H(1)  G(21)  C(6) 
   5978042 398.35 || noQ Q (Avg,Max,Min) (0.99, 1.00, 0.87) (0.70, 0.17, 0.90) #fs:  14  -- #Conts: 27 H(1)  G(21)  C(5) 
   5978622 394.35 || noQ Q (Avg,Max,Min) (0.99, 1.00, 0.87) (0.70, 0.17, 0.90) #fs:  14  -- #Conts: 26 H(1)  G(21)  C(4) 
   5979697 390.35 || noQ Q (Avg,Max,Min) (0.99, 1.00, 0.87) (0.71, 0.17, 0.93) #fs:  14  -- #Conts: 25 H(1)  G(21)  C(3) 
   6069250 386.59 || noQ Q (Avg,Max,Min) (0.99, 1.00, 0.88) (0.71, 0.34, 0.90) #fs:  13  -- #Conts: 27 H(1)  G(20)  C(6) 
   6085498 385.29 || noQ Q (Avg,Max,Min) (0.99, 1.00, 0.87) (0.71, 0.34, 0.90) #fs:  14  -- #Conts: 26 H(1)  G(20)  E(1)  C(4) 
   6086573 381.29 || noQ Q (Avg,Max,Min) (0.99, 1.00, 0.87) (0.72, 0.34, 0.93) #fs:  14  -- #Conts: 25 H(1)  G(20)  E(1)  C(3) 
   6103538 378.94 || noQ Q (Avg,Max,Min) (0.99, 1.00, 0.87) (0.71, 0.34, 0.93) #fs:  14  -- #Conts: 26 H(1)  G(19)  E(3)  C(3) 
   6112673 376.59 || noQ Q (Avg,Max,Min) (0.99, 1.00, 0.87) (0.70, 0.35, 0.93) #fs:  14  -- #Conts: 27 H(1)  G(18)  E(5)  C(3) 
   6123112 374.24 || noQ Q (Avg,Max,Min) (0.99, 1.00, 0.87) (0.69, 0.35, 0.93) #fs:  14  -- #Conts: 28 H(1)  G(17)  E(7)  C(3) 
   6124417 371.88 || noQ Q (Avg,Max,Min) (0.99, 1.00, 0.87) (0.68, 0.35, 0.93) #fs:  14  -- #Conts: 29 H(1)  G(16)  E(9)  C(3) 
   6127027 369.53 || noQ Q (Avg,Max,Min) (0.99, 1.00, 0.87) (0.67, 0.38, 0.93) #fs:  14  -- #Conts: 30 H(1)  G(15)  E(11)  C(3) 
   6136162 367.18 || noQ Q (Avg,Max,Min) (0.99, 1.00, 0.89) (0.66, 0.38, 0.93) #fs:  13  -- #Conts: 32 H(1)  G(15)  E(13)  C(3) 
   6177049 365.18 || noQ Q (Avg,Max,Min) (0.99, 1.00, 0.87) (0.70, 0.35, 0.93) #fs:  13  -- #Conts: 28 H(1)  G(16)  E(8)  C(3) 
   6180763 362.82 || noQ Q (Avg,Max,Min) (0.99, 1.00, 0.87) (0.69, 0.38, 0.93) #fs:  13  -- #Conts: 29 H(1)  G(15)  E(10)  C(3) 
   6185827 360.47 || noQ Q (Avg,Max,Min) (1.00, 1.00, 0.97) (0.68, 0.38, 0.93) #fs:  12  -- #Conts: 31 H(1)  G(15)  E(12)  C(3) 
   6534246 358.47 || noQ Q (Avg,Max,Min) (0.99, 1.00, 0.87) (0.71, 0.35, 0.93) #fs:  13  -- #Conts: 27 H(1)  G(16)  E(7)  C(3) 
   6537960 356.12 || noQ Q (Avg,Max,Min) (0.99, 1.00, 0.87) (0.70, 0.38, 0.93) #fs:  13  -- #Conts: 28 H(1)  G(15)  E(9)  C(3) 
   6543024 353.76 || noQ Q (Avg,Max,Min) (1.00, 1.00, 0.97) (0.69, 0.38, 0.93) #fs:  12  -- #Conts: 30 H(1)  G(15)  E(11)  C(3) 
   6581538 351.76 || noQ Q (Avg,Max,Min) (0.99, 1.00, 0.87) (0.73, 0.39, 0.93) #fs:  14  -- #Conts: 26 H(1)  G(16)  E(6)  C(3) 
   6587325 345.06 || noQ Q (Avg,Max,Min) (0.99, 1.00, 0.88) (0.75, 0.39, 0.93) #fs:  14  -- #Conts: 25 H(1)  G(16)  E(5)  C(3) 
   6897520 338.35 || noQ Q (Avg,Max,Min) (0.99, 1.00, 0.88) (0.77, 0.39, 0.99) #fs:  13  -- #Conts: 24 H(1)  G(16)  E(4)  C(3) 
   7297929 335.65 || noQ Q (Avg,Max,Min) (0.96, 1.00, 0.59) (0.78, 0.39, 0.93) #fs:  17  -- #Conts: 23 H(1)  G(16)  E(3)  C(3) 
   7320408 332.94 || noQ Q (Avg,Max,Min) (0.96, 1.00, 0.70) (0.80, 0.39, 0.93) #fs:  17  -- #Conts: 22 H(1)  G(16)  E(2)  C(3) 
   7327172 330.24 || noQ Q (Avg,Max,Min) (0.95, 1.00, 0.70) (0.82, 0.39, 0.93) #fs:  18  -- #Conts: 21 H(1)  G(16)  E(1)  C(3) 
   7338447 327.53 || noQ Q (Avg,Max,Min) (0.95, 1.00, 0.70) (0.84, 0.66, 0.93) #fs:  18  -- #Conts: 21 H(1)  G(16)  C(4) 
   8005419 326.71 || noQ Q (Avg,Max,Min) (0.98, 1.00, 0.86) (0.79, 0.32, 0.93) #fs:  16  -- #Conts: 27 H(1)  G(15)  E(1)  C(10) 
   8066657 326.47 || noQ Q (Avg,Max,Min) (0.97, 1.00, 0.86) (0.81, 0.32, 0.93) #fs:  17  -- #Conts: 23 H(1)  G(15)  E(1)  C(6) 
   8842314 324.00 || noQ Q (Avg,Max,Min) (0.98, 1.00, 0.84) (0.81, 0.63, 0.93) #fs:  17  -- #Conts: 26 H(1)  G(15)  C(10) 
   8903552 323.76 || noQ Q (Avg,Max,Min) (0.97, 1.00, 0.84) (0.83, 0.63, 0.93) #fs:  18  -- #Conts: 22 H(1)  G(15)  C(6) 
   9533824 318.47 || noQ Q (Avg,Max,Min) (0.97, 1.00, 0.85) (0.85, 0.66, 0.97) #fs:  17  -- #Conts: 21 H(1)  G(15)  E(1)  C(4) 
  11278859 315.76 || noQ Q (Avg,Max,Min) (0.97, 1.00, 0.85) (0.86, 0.66, 0.97) #fs:  18  -- #Conts: 20 H(1)  G(15)  C(4) 
  19029889 315.47 || noQ Q (Avg,Max,Min) (0.99, 1.00, 0.90) (0.86, 0.32, 0.98) #fs:  13  -- #Conts: 24 H(1)  G(15)  A(3)  E(1)  C(4) 
  19139889 315.41 || noQ Q (Avg,Max,Min) (1.00, 1.00, 0.97) (0.87, 0.32, 0.99) #fs:  12  -- #Conts: 28 H(1)  G(15)  A(6)  E(2)  C(4) 
  19179889 314.71 || noQ Q (Avg,Max,Min) (1.00, 1.00, 0.97) (0.88, 0.32, 1.00) #fs:  12  -- #Conts: 29 H(1)  G(15)  A(8)  E(1)  C(4) 
  19863356 312.76 || noQ Q (Avg,Max,Min) (0.99, 1.00, 0.90) (0.88, 0.66, 0.98) #fs:  13  -- #Conts: 23 H(1)  G(15)  A(3)  C(4) 
  19973356 312.71 || noQ Q (Avg,Max,Min) (1.00, 1.00, 0.97) (0.89, 0.66, 0.99) #fs:  12  -- #Conts: 27 H(1)  G(15)  A(6)  E(1)  C(4) 
  20013356 312.00 || noQ Q (Avg,Max,Min) (1.00, 1.00, 0.97) (0.90, 0.66, 1.00) #fs:  12  -- #Conts: 28 H(1)  G(15)  A(8)  C(4) 
  21656570 311.88 || noQ Q (Avg,Max,Min) (0.99, 1.00, 0.67) (0.89, 0.66, 1.00) #fs:  13  -- #Conts: 32 G(15)  A(10)  E(1)  C(6) 
  21666570 310.88 || noQ Q (Avg,Max,Min) (1.00, 1.00, 0.97) (0.89, 0.66, 1.00) #fs:  12  -- #Conts: 33 G(15)  A(11)  E(1)  C(6) 
  28493428 309.88 || noQ Q (Avg,Max,Min) (1.00, 1.00, 0.97) (0.89, 0.66, 1.00) #fs:  12  -- #Conts: 34 G(15)  A(12)  E(1)  C(6) 
  32193039 308.76 || noQ Q (Avg,Max,Min) (1.00, 1.00, 0.94) (0.92, 0.68, 1.00) #fs:   6  -- #Conts: 56 G(3)  A(31)  E(12)  C(10) 
  32203039 307.76 || noQ Q (Avg,Max,Min) (1.00, 1.00, 0.94) (0.92, 0.68, 1.00) #fs:   6  -- #Conts: 56 G(3)  A(32)  E(12)  C(9) 
  32213039 306.76 || noQ Q (Avg,Max,Min) (1.00, 1.00, 0.94) (0.93, 0.68, 1.00) #fs:   6  -- #Conts: 56 G(3)  A(33)  E(12)  C(8) 
  39039897 305.76 || noQ Q (Avg,Max,Min) (1.00, 1.00, 0.94) (0.93, 0.68, 1.00) #fs:   6  -- #Conts: 57 G(3)  A(34)  E(12)  C(8) 
/////////////////size: 128
nodes 100 edges 234
 mulT: 1000 mulD: 1  sumData GB 1
pareto /MONTAGE.n.100.0.dax time -> 138825.0
moheft /MONTAGE.n.100.0.dax time -> 17607.0
distance from M to C 7.397478024421093
distance from P to C 15.977716001585426
distance from C to M 5.474073422167209
distance from C to P 5.807792165561099
toCompare: /MONTAGE.n.100.0.dax sumDataGB: 1 mulT: 1000 mulD: 1 paretoOptTime_MS: 138825.0 MoheftOptimizationTime_MS: 17607.0 MtoC 7.397478024421093 PtoC 15.977716001585426 CtoM 5.474073422167209 CtoP 5.807792165561099
