specify -Dflow d,b,mt,md,size
Running /home/vaggelis/jc/CYBERSHAKE.n.100.0.dax mt 10000 md: 1000 size null
  88819272 6810.35 || noQ Q (Avg,Max,Min) (1.34, 1.55, 1.14) (1.32, 1.12, 1.53) #fs:  11  -- #Conts: 28 H(28) 
  90594668 6778.82 || noQ Q (Avg,Max,Min) (1.33, 1.53, 1.14) (1.31, 1.13, 1.51) #fs:   7  -- #Conts: 24 H(24) 
  91867042 6747.29 || noQ Q (Avg,Max,Min) (1.33, 1.54, 1.12) (1.31, 1.09, 1.53) #fs:   5  -- #Conts: 22 H(22) 
  99365897 6715.76 || noQ Q (Avg,Max,Min) (1.30, 1.54, 0.77) (1.27, 0.16, 1.53) #fs:   3  -- #Conts: 20 H(20) 
 142754175 6037.88 || noQ Q (Avg,Max,Min) (1.10, 1.35, 0.05) (1.09, 0.04, 1.35) #fs:  11  -- #Conts: 29 H(2)  G(27) 
 142922876 5959.06 || noQ Q (Avg,Max,Min) (1.10, 1.35, 0.08) (1.09, 0.07, 1.35) #fs:  11  -- #Conts: 29 H(1)  G(28) 
 143314570 5754.12 || noQ Q (Avg,Max,Min) (1.15, 1.35, 0.36) (1.11, 0.20, 1.35) #fs:   9  -- #Conts: 29 H(1)  G(28) 
 143837544 5738.35 || noQ Q (Avg,Max,Min) (1.15, 1.35, 0.36) (1.11, 0.34, 1.35) #fs:   9  -- #Conts: 29 G(29) 
 309655572 5493.41 || noQ Q (Avg,Max,Min) (1.03, 1.15, 0.66) (0.98, 0.34, 1.15) #fs:   8  -- #Conts: 42 E(40)  C(2) 
 429922104 5480.00 || noQ Q (Avg,Max,Min) (1.02, 1.13, 0.68) (0.92, 0.21, 1.12) #fs:   4  -- #Conts: 32 E(30)  C(2) 
 430757053 5473.29 || noQ Q (Avg,Max,Min) (1.02, 1.13, 0.68) (0.92, 0.21, 1.12) #fs:   4  -- #Conts: 31 E(29)  C(2) 
/////////////////size: 11
  87970732 6731.53 || noQ Q (Avg,Max,Min) (1.33, 1.58, 1.06) (1.27, 1.03, 1.48) #fs:  11  -- #Conts: 37 H(26)  G(11) 
  87970735 6700.00 || noQ Q (Avg,Max,Min) (1.33, 1.58, 1.06) (1.28, 1.03, 1.48) #fs:  12  -- #Conts: 37 H(26)  G(11) 
  88490300 6589.65 || noQ Q (Avg,Max,Min) (1.30, 1.53, 1.06) (1.25, 1.04, 1.47) #fs:  14  -- #Conts: 39 H(22)  G(17) 
  88974978 6558.12 || noQ Q (Avg,Max,Min) (1.31, 1.59, 1.06) (1.25, 1.04, 1.50) #fs:   7  -- #Conts: 39 H(21)  G(18) 
  89650207 6510.82 || noQ Q (Avg,Max,Min) (1.28, 1.51, 1.02) (1.22, 0.95, 1.51) #fs:  12  -- #Conts: 41 H(17)  G(24) 
  89819014 6479.29 || noQ Q (Avg,Max,Min) (1.29, 1.51, 1.06) (1.23, 1.00, 1.50) #fs:  10  -- #Conts: 41 H(17)  G(24) 
  89903720 6447.76 || noQ Q (Avg,Max,Min) (1.29, 1.51, 1.06) (1.23, 1.05, 1.50) #fs:  11  -- #Conts: 41 H(17)  G(24) 
  90355835 6432.00 || noQ Q (Avg,Max,Min) (1.28, 1.54, 1.06) (1.24, 1.02, 1.54) #fs:  10  -- #Conts: 40 H(17)  G(23) 
  90356293 6416.24 || noQ Q (Avg,Max,Min) (1.28, 1.55, 1.06) (1.24, 1.06, 1.54) #fs:  13  -- #Conts: 40 H(17)  G(23) 
  90624384 6400.47 || noQ Q (Avg,Max,Min) (1.28, 1.47, 1.06) (1.24, 1.06, 1.41) #fs:   9  -- #Conts: 41 H(16)  G(25) 
  91377264 6384.71 || noQ Q (Avg,Max,Min) (1.28, 1.49, 1.06) (1.25, 1.06, 1.43) #fs:   7  -- #Conts: 38 H(16)  G(22) 
  91468763 6353.18 || noQ Q (Avg,Max,Min) (1.28, 1.46, 1.06) (1.24, 1.06, 1.39) #fs:  10  -- #Conts: 38 H(15)  G(23) 
  92037372 6350.12 || noQ Q (Avg,Max,Min) (1.27, 1.43, 1.05) (1.24, 1.03, 1.39) #fs:   9  -- #Conts: 39 H(15)  G(22)  E(2) 
  92158585 6325.29 || noQ Q (Avg,Max,Min) (1.26, 1.42, 1.00) (1.22, 0.25, 1.40) #fs:   8  -- #Conts: 40 H(15)  G(22)  E(3) 
  92176170 6318.59 || noQ Q (Avg,Max,Min) (1.27, 1.42, 1.06) (1.24, 1.06, 1.40) #fs:   7  -- #Conts: 39 H(15)  G(22)  E(2) 
  92721643 6310.82 || noQ Q (Avg,Max,Min) (1.25, 1.44, 1.06) (1.21, 1.05, 1.43) #fs:   9  -- #Conts: 41 H(12)  G(25)  E(4) 
  92721691 6304.12 || noQ Q (Avg,Max,Min) (1.25, 1.44, 1.06) (1.21, 1.05, 1.43) #fs:   7  -- #Conts: 41 H(12)  G(25)  E(4) 
  92727352 6295.06 || noQ Q (Avg,Max,Min) (1.25, 1.44, 1.06) (1.21, 1.05, 1.43) #fs:   9  -- #Conts: 41 H(12)  G(25)  E(4) 
  92757057 6288.35 || noQ Q (Avg,Max,Min) (1.25, 1.44, 1.06) (1.21, 1.05, 1.43) #fs:   8  -- #Conts: 41 H(12)  G(25)  E(4) 
  92779038 6281.65 || noQ Q (Avg,Max,Min) (1.25, 1.44, 1.06) (1.21, 1.05, 1.43) #fs:   7  -- #Conts: 41 H(12)  G(25)  E(4) 
  92908190 6265.88 || noQ Q (Avg,Max,Min) (1.26, 1.44, 1.06) (1.22, 1.06, 1.43) #fs:   5  -- #Conts: 41 H(12)  G(25)  E(4) 
  93022236 6254.12 || noQ Q (Avg,Max,Min) (1.25, 1.44, 1.00) (1.20, 0.38, 1.43) #fs:   5  -- #Conts: 42 H(12)  G(25)  E(4)  C(1) 
  93156214 6250.12 || noQ Q (Avg,Max,Min) (1.26, 1.44, 1.06) (1.22, 1.06, 1.43) #fs:   5  -- #Conts: 41 H(12)  G(25)  E(4) 
  94234461 6247.41 || noQ Q (Avg,Max,Min) (1.25, 1.44, 1.06) (1.22, 1.06, 1.43) #fs:   7  -- #Conts: 42 H(12)  G(25)  E(5) 
  94851563 6231.65 || noQ Q (Avg,Max,Min) (1.25, 1.44, 1.06) (1.22, 1.06, 1.43) #fs:   7  -- #Conts: 42 H(12)  G(25)  E(5) 
  95017052 6212.24 || noQ Q (Avg,Max,Min) (1.25, 1.43, 1.06) (1.22, 1.03, 1.37) #fs:   9  -- #Conts: 39 H(10)  G(26)  E(3) 
  95122613 6180.71 || noQ Q (Avg,Max,Min) (1.25, 1.42, 1.06) (1.22, 1.05, 1.37) #fs:   8  -- #Conts: 39 H(10)  G(26)  E(3) 
  96026677 6175.29 || noQ Q (Avg,Max,Min) (1.25, 1.41, 1.06) (1.22, 1.03, 1.40) #fs:   7  -- #Conts: 40 H(10)  G(25)  E(5) 
  96047146 6168.59 || noQ Q (Avg,Max,Min) (1.25, 1.41, 1.06) (1.22, 1.05, 1.40) #fs:   6  -- #Conts: 40 H(10)  G(25)  E(5) 
  96089246 6166.24 || noQ Q (Avg,Max,Min) (1.24, 1.47, 1.06) (1.22, 1.01, 1.47) #fs:  10  -- #Conts: 39 H(9)  G(25)  E(5) 
  96212581 6159.53 || noQ Q (Avg,Max,Min) (1.24, 1.47, 1.06) (1.22, 1.04, 1.47) #fs:   9  -- #Conts: 39 H(9)  G(25)  E(5) 
  96320404 6152.82 || noQ Q (Avg,Max,Min) (1.24, 1.47, 1.06) (1.22, 1.05, 1.47) #fs:   8  -- #Conts: 39 H(9)  G(25)  E(5) 
  97027763 6145.06 || noQ Q (Avg,Max,Min) (1.23, 1.41, 1.00) (1.19, 0.44, 1.41) #fs:  10  -- #Conts: 40 H(8)  G(25)  E(6)  C(1) 
  97178224 6138.35 || noQ Q (Avg,Max,Min) (1.23, 1.41, 1.00) (1.19, 0.44, 1.41) #fs:  10  -- #Conts: 40 H(8)  G(25)  E(6)  C(1) 
  97271761 6131.65 || noQ Q (Avg,Max,Min) (1.23, 1.41, 1.00) (1.19, 0.44, 1.41) #fs:   9  -- #Conts: 40 H(8)  G(25)  E(6)  C(1) 
  97537458 6127.65 || noQ Q (Avg,Max,Min) (1.24, 1.41, 1.06) (1.21, 1.05, 1.41) #fs:   9  -- #Conts: 39 H(8)  G(25)  E(6) 
  97698358 6110.82 || noQ Q (Avg,Max,Min) (1.22, 1.41, 1.00) (1.16, 0.44, 1.41) #fs:   8  -- #Conts: 42 H(7)  G(27)  E(6)  C(2) 
  97843009 6101.76 || noQ Q (Avg,Max,Min) (1.22, 1.41, 1.00) (1.17, 0.44, 1.41) #fs:   7  -- #Conts: 42 H(7)  G(27)  E(6)  C(2) 
  97927078 6099.41 || noQ Q (Avg,Max,Min) (1.21, 1.41, 1.00) (1.16, 0.44, 1.41) #fs:  10  -- #Conts: 42 H(6)  G(28)  E(6)  C(2) 
  98017170 6096.71 || noQ Q (Avg,Max,Min) (1.21, 1.41, 1.00) (1.14, 0.44, 1.41) #fs:  10  -- #Conts: 43 H(6)  G(28)  E(6)  C(3) 
  98161249 6095.06 || noQ Q (Avg,Max,Min) (1.22, 1.41, 1.00) (1.17, 0.44, 1.41) #fs:   6  -- #Conts: 42 H(7)  G(27)  E(6)  C(2) 
  98248041 6091.06 || noQ Q (Avg,Max,Min) (1.23, 1.41, 1.00) (1.19, 0.44, 1.41) #fs:   6  -- #Conts: 41 H(7)  G(27)  E(6)  C(1) 
  98307804 6088.71 || noQ Q (Avg,Max,Min) (1.22, 1.41, 1.00) (1.18, 0.44, 1.41) #fs:   9  -- #Conts: 41 H(6)  G(28)  E(6)  C(1) 
  98332110 6084.71 || noQ Q (Avg,Max,Min) (1.22, 1.41, 1.03) (1.20, 0.99, 1.41) #fs:   9  -- #Conts: 40 H(6)  G(28)  E(6) 
  98476764 6082.00 || noQ Q (Avg,Max,Min) (1.22, 1.41, 1.00) (1.19, 0.89, 1.41) #fs:   8  -- #Conts: 41 H(6)  G(28)  E(6)  C(1) 
  98533465 6075.29 || noQ Q (Avg,Max,Min) (1.22, 1.41, 1.00) (1.19, 0.89, 1.41) #fs:   7  -- #Conts: 41 H(6)  G(28)  E(6)  C(1) 
  98586701 6072.59 || noQ Q (Avg,Max,Min) (1.22, 1.41, 1.00) (1.18, 0.44, 1.41) #fs:   6  -- #Conts: 42 H(6)  G(28)  E(6)  C(2) 
  98991736 6068.59 || noQ Q (Avg,Max,Min) (1.22, 1.41, 1.00) (1.18, 0.40, 1.41) #fs:   7  -- #Conts: 41 H(6)  G(28)  E(6)  C(1) 
  99362051 6064.59 || noQ Q (Avg,Max,Min) (1.23, 1.41, 1.06) (1.20, 1.05, 1.41) #fs:   7  -- #Conts: 40 H(6)  G(28)  E(6) 
  99595602 6061.18 || noQ Q (Avg,Max,Min) (1.22, 1.41, 1.00) (1.18, 0.66, 1.41) #fs:   6  -- #Conts: 42 H(6)  G(28)  E(6)  C(2) 
 100780059 6044.35 || noQ Q (Avg,Max,Min) (1.20, 1.36, 1.00) (1.16, 0.53, 1.36) #fs:   5  -- #Conts: 42 H(5)  G(27)  E(7)  C(3) 
 101001866 6037.65 || noQ Q (Avg,Max,Min) (1.20, 1.36, 1.00) (1.16, 0.53, 1.36) #fs:   4  -- #Conts: 42 H(5)  G(27)  E(7)  C(3) 
 101073604 6036.59 || noQ Q (Avg,Max,Min) (1.19, 1.36, 1.00) (1.13, 0.40, 1.36) #fs:   5  -- #Conts: 44 H(5)  G(27)  E(7)  C(5) 
 101120436 6032.59 || noQ Q (Avg,Max,Min) (1.20, 1.36, 1.00) (1.15, 0.53, 1.36) #fs:   5  -- #Conts: 43 H(5)  G(27)  E(7)  C(4) 
 101616821 6028.59 || noQ Q (Avg,Max,Min) (1.20, 1.36, 1.00) (1.16, 0.53, 1.36) #fs:   5  -- #Conts: 42 H(5)  G(27)  E(7)  C(3) 
 101718237 6025.88 || noQ Q (Avg,Max,Min) (1.20, 1.36, 1.00) (1.15, 0.50, 1.36) #fs:   3  -- #Conts: 43 H(5)  G(27)  E(7)  C(4) 
 101968544 6020.82 || noQ Q (Avg,Max,Min) (1.20, 1.36, 1.00) (1.13, 0.44, 1.36) #fs:   5  -- #Conts: 44 H(4)  G(28)  E(8)  C(4) 
 101976232 6016.82 || noQ Q (Avg,Max,Min) (1.20, 1.36, 1.00) (1.14, 0.44, 1.36) #fs:   5  -- #Conts: 43 H(4)  G(28)  E(8)  C(3) 
 102016735 6014.12 || noQ Q (Avg,Max,Min) (1.19, 1.36, 0.55) (1.14, 0.43, 1.36) #fs:   5  -- #Conts: 43 H(4)  G(28)  E(8)  C(3) 
 102282354 5998.35 || noQ Q (Avg,Max,Min) (1.19, 1.36, 0.55) (1.15, 0.43, 1.36) #fs:   5  -- #Conts: 43 H(4)  G(28)  E(8)  C(3) 
 102347602 5994.35 || noQ Q (Avg,Max,Min) (1.20, 1.36, 1.00) (1.15, 0.44, 1.36) #fs:   4  -- #Conts: 43 H(4)  G(28)  E(8)  C(3) 
 102379365 5990.35 || noQ Q (Avg,Max,Min) (1.21, 1.36, 1.00) (1.16, 0.60, 1.36) #fs:   4  -- #Conts: 42 H(4)  G(28)  E(8)  C(2) 
 102676358 5988.00 || noQ Q (Avg,Max,Min) (1.21, 1.36, 1.00) (1.16, 0.50, 1.36) #fs:   3  -- #Conts: 41 H(4)  G(28)  E(7)  C(2) 
 102856664 5985.29 || noQ Q (Avg,Max,Min) (1.21, 1.36, 1.00) (1.15, 0.40, 1.36) #fs:   2  -- #Conts: 42 H(4)  G(28)  E(7)  C(3) 
 102913590 5957.53 || noQ Q (Avg,Max,Min) (1.21, 1.34, 1.00) (1.17, 0.38, 1.30) #fs:   4  -- #Conts: 41 H(3)  G(30)  E(7)  C(1) 
 103081390 5950.82 || noQ Q (Avg,Max,Min) (1.21, 1.34, 1.00) (1.17, 0.38, 1.30) #fs:   3  -- #Conts: 41 H(3)  G(30)  E(7)  C(1) 
 103168183 5946.82 || noQ Q (Avg,Max,Min) (1.21, 1.34, 1.06) (1.19, 1.06, 1.32) #fs:   3  -- #Conts: 40 H(3)  G(30)  E(7) 
 103475307 5942.00 || noQ Q (Avg,Max,Min) (1.19, 1.32, 1.00) (1.15, 0.60, 1.32) #fs:   6  -- #Conts: 41 H(3)  G(28)  E(7)  C(3) 
 103591798 5939.29 || noQ Q (Avg,Max,Min) (1.19, 1.32, 0.90) (1.13, 0.36, 1.32) #fs:   8  -- #Conts: 42 H(3)  G(28)  E(7)  C(4) 
 103689871 5935.29 || noQ Q (Avg,Max,Min) (1.19, 1.32, 0.90) (1.16, 0.66, 1.30) #fs:   8  -- #Conts: 41 H(3)  G(28)  E(7)  C(3) 
 103983754 5926.24 || noQ Q (Avg,Max,Min) (1.19, 1.32, 1.00) (1.15, 0.60, 1.32) #fs:   7  -- #Conts: 41 H(3)  G(28)  E(7)  C(3) 
 104242229 5922.24 || noQ Q (Avg,Max,Min) (1.19, 1.32, 1.00) (1.15, 0.36, 1.32) #fs:   7  -- #Conts: 41 H(3)  G(28)  E(7)  C(3) 
 104383276 5909.18 || noQ Q (Avg,Max,Min) (1.19, 1.34, 0.66) (1.16, 0.49, 1.30) #fs:   8  -- #Conts: 41 H(3)  G(29)  E(7)  C(2) 
 104539961 5905.18 || noQ Q (Avg,Max,Min) (1.20, 1.34, 1.00) (1.17, 0.65, 1.30) #fs:   7  -- #Conts: 40 H(3)  G(29)  E(7)  C(1) 
 104585792 5900.47 || noQ Q (Avg,Max,Min) (1.19, 1.34, 1.00) (1.15, 0.36, 1.33) #fs:   5  -- #Conts: 42 H(3)  G(29)  A(1)  E(7)  C(2) 
 104711187 5896.47 || noQ Q (Avg,Max,Min) (1.19, 1.34, 1.00) (1.17, 0.44, 1.33) #fs:   5  -- #Conts: 41 H(3)  G(29)  A(1)  E(7)  C(1) 
 104776704 5891.06 || noQ Q (Avg,Max,Min) (1.18, 1.34, 0.66) (1.13, 0.28, 1.33) #fs:   9  -- #Conts: 42 H(3)  G(29)  E(8)  C(2) 
 105072289 5887.06 || noQ Q (Avg,Max,Min) (1.19, 1.34, 0.66) (1.15, 0.28, 1.33) #fs:   8  -- #Conts: 41 H(3)  G(29)  E(8)  C(1) 
 105147509 5883.06 || noQ Q (Avg,Max,Min) (1.20, 1.34, 1.00) (1.15, 0.28, 1.33) #fs:   7  -- #Conts: 41 H(3)  G(29)  E(8)  C(1) 
 105193798 5880.35 || noQ Q (Avg,Max,Min) (1.19, 1.34, 0.66) (1.17, 0.49, 1.33) #fs:   8  -- #Conts: 40 H(3)  G(29)  E(7)  C(1) 
 105356250 5877.65 || noQ Q (Avg,Max,Min) (1.19, 1.34, 0.73) (1.16, 0.36, 1.33) #fs:   8  -- #Conts: 41 H(3)  G(29)  E(7)  C(2) 
 105488892 5876.29 || noQ Q (Avg,Max,Min) (1.18, 1.34, 1.00) (1.13, 0.36, 1.33) #fs:   6  -- #Conts: 43 H(3)  G(29)  A(2)  E(6)  C(3) 
 105515497 5872.29 || noQ Q (Avg,Max,Min) (1.19, 1.34, 1.00) (1.16, 0.66, 1.33) #fs:   7  -- #Conts: 42 H(3)  G(29)  A(2)  E(6)  C(2) 
 105517655 5869.59 || noQ Q (Avg,Max,Min) (1.19, 1.34, 1.00) (1.15, 0.49, 1.33) #fs:   6  -- #Conts: 43 H(3)  G(29)  A(2)  E(6)  C(3) 
 105818704 5865.59 || noQ Q (Avg,Max,Min) (1.19, 1.34, 1.00) (1.15, 0.49, 1.33) #fs:   5  -- #Conts: 42 H(3)  G(29)  A(2)  E(6)  C(2) 
 107365847 5864.24 || noQ Q (Avg,Max,Min) (1.19, 1.33, 0.83) (1.17, 0.55, 1.33) #fs:   9  -- #Conts: 40 H(3)  G(29)  A(1)  E(5)  C(2) 
 107536069 5862.94 || noQ Q (Avg,Max,Min) (1.19, 1.33, 1.00) (1.16, 0.49, 1.33) #fs:   8  -- #Conts: 41 H(3)  G(29)  A(1)  E(6)  C(2) 
 108808985 5860.24 || noQ Q (Avg,Max,Min) (1.19, 1.33, 0.87) (1.18, 0.75, 1.33) #fs:   9  -- #Conts: 40 H(3)  G(29)  A(1)  E(5)  C(2) 
 109826948 5856.12 || noQ Q (Avg,Max,Min) (1.16, 1.30, 0.81) (1.13, 0.60, 1.29) #fs:   3  -- #Conts: 43 H(3)  G(25)  A(2)  E(11)  C(2) 
 110214341 5852.12 || noQ Q (Avg,Max,Min) (1.17, 1.30, 1.00) (1.14, 0.68, 1.29) #fs:   2  -- #Conts: 43 H(3)  G(25)  A(2)  E(11)  C(2) 
 110288311 5847.65 || noQ Q (Avg,Max,Min) (1.16, 1.30, 0.69) (1.12, 0.52, 1.29) #fs:   5  -- #Conts: 44 H(3)  G(25)  A(3)  E(8)  C(5) 
 112015194 5846.35 || noQ Q (Avg,Max,Min) (1.16, 1.30, 0.67) (1.13, 0.61, 1.29) #fs:   3  -- #Conts: 42 H(3)  G(25)  A(1)  E(8)  C(5) 
 112963415 5845.24 || noQ Q (Avg,Max,Min) (1.16, 1.30, 0.97) (1.11, 0.61, 1.29) #fs:   4  -- #Conts: 46 H(3)  G(25)  A(3)  E(7)  C(8) 
 113476450 5839.82 || noQ Q (Avg,Max,Min) (1.15, 1.30, 1.00) (1.10, 0.55, 1.30) #fs:   1  -- #Conts: 45 H(3)  G(22)  A(4)  E(11)  C(5) 
 113509197 5838.82 || noQ Q (Avg,Max,Min) (1.15, 1.30, 1.00) (1.11, 0.58, 1.30) #fs:   1  -- #Conts: 45 H(3)  G(22)  A(5)  E(11)  C(4) 
 114141409 5833.12 || noQ Q (Avg,Max,Min) (1.15, 1.30, 0.88) (1.11, 0.75, 1.30) #fs:   2  -- #Conts: 45 H(3)  G(22)  A(4)  E(11)  C(5) 
 115617294 5832.12 || noQ Q (Avg,Max,Min) (1.15, 1.30, 0.98) (1.12, 0.80, 1.30) #fs:   2  -- #Conts: 45 H(3)  G(22)  A(5)  E(11)  C(4) 
 119636062 5820.47 || noQ Q (Avg,Max,Min) (1.12, 1.25, 0.81) (1.06, 0.57, 1.25) #fs:   6  -- #Conts: 47 H(3)  G(15)  A(3)  E(15)  C(11) 
 119664370 5818.47 || noQ Q (Avg,Max,Min) (1.12, 1.25, 0.81) (1.06, 0.57, 1.25) #fs:   7  -- #Conts: 48 H(3)  G(15)  A(4)  E(15)  C(11) 
 119666209 5817.47 || noQ Q (Avg,Max,Min) (1.12, 1.25, 0.81) (1.07, 0.57, 1.25) #fs:   8  -- #Conts: 48 H(3)  G(15)  A(5)  E(15)  C(10) 
 119900621 5815.47 || noQ Q (Avg,Max,Min) (1.12, 1.25, 0.81) (1.08, 0.57, 1.25) #fs:   8  -- #Conts: 47 H(3)  G(15)  A(4)  E(15)  C(10) 
 119965874 5813.47 || noQ Q (Avg,Max,Min) (1.12, 1.25, 0.81) (1.08, 0.57, 1.25) #fs:   7  -- #Conts: 47 H(3)  G(15)  A(4)  E(15)  C(10) 
 120201035 5811.47 || noQ Q (Avg,Max,Min) (1.12, 1.25, 0.85) (1.08, 0.60, 1.25) #fs:   8  -- #Conts: 47 H(3)  G(15)  A(4)  E(15)  C(10) 
 120214311 5809.47 || noQ Q (Avg,Max,Min) (1.12, 1.25, 0.85) (1.09, 0.74, 1.25) #fs:   8  -- #Conts: 47 H(3)  G(15)  A(4)  E(15)  C(10) 
 121753247 5807.47 || noQ Q (Avg,Max,Min) (1.12, 1.25, 0.85) (1.10, 0.75, 1.25) #fs:   7  -- #Conts: 46 H(3)  G(15)  A(3)  E(15)  C(10) 
 123396728 5805.47 || noQ Q (Avg,Max,Min) (1.12, 1.25, 0.85) (1.10, 0.76, 1.25) #fs:   7  -- #Conts: 46 H(3)  G(15)  A(4)  E(15)  C(9) 
 123421876 5804.47 || noQ Q (Avg,Max,Min) (1.12, 1.25, 0.84) (1.10, 0.79, 1.25) #fs:   7  -- #Conts: 45 H(3)  G(15)  A(5)  E(15)  C(7) 
 123658231 5804.18 || noQ Q (Avg,Max,Min) (1.13, 1.25, 1.00) (1.12, 0.88, 1.25) #fs:   7  -- #Conts: 44 H(3)  G(15)  A(4)  E(15)  C(7) 
 123793528 5801.47 || noQ Q (Avg,Max,Min) (1.13, 1.25, 1.00) (1.12, 0.88, 1.25) #fs:   6  -- #Conts: 44 H(3)  G(15)  A(4)  E(15)  C(7) 
 124149768 5799.47 || noQ Q (Avg,Max,Min) (1.13, 1.25, 0.95) (1.12, 0.88, 1.25) #fs:   7  -- #Conts: 44 H(3)  G(15)  A(4)  E(15)  C(7) 
 124398938 5789.53 || noQ Q (Avg,Max,Min) (1.11, 1.24, 0.99) (1.07, 0.27, 1.23) #fs:   5  -- #Conts: 46 H(3)  G(11)  A(4)  E(20)  C(8) 
 124588559 5785.53 || noQ Q (Avg,Max,Min) (1.11, 1.24, 0.99) (1.07, 0.27, 1.23) #fs:   4  -- #Conts: 46 H(3)  G(11)  A(4)  E(20)  C(8) 
 124661472 5783.53 || noQ Q (Avg,Max,Min) (1.12, 1.24, 0.92) (1.08, 0.27, 1.23) #fs:   6  -- #Conts: 45 H(3)  G(11)  A(4)  E(20)  C(7) 
 124669566 5782.53 || noQ Q (Avg,Max,Min) (1.12, 1.24, 0.99) (1.08, 0.27, 1.23) #fs:   4  -- #Conts: 45 H(3)  G(11)  A(4)  E(20)  C(7) 
 124681138 5779.82 || noQ Q (Avg,Max,Min) (1.12, 1.24, 0.99) (1.09, 0.79, 1.23) #fs:   4  -- #Conts: 44 H(3)  G(11)  A(4)  E(19)  C(7) 
 124696594 5777.82 || noQ Q (Avg,Max,Min) (1.12, 1.24, 0.99) (1.10, 0.79, 1.23) #fs:   4  -- #Conts: 43 H(3)  G(11)  A(3)  E(19)  C(7) 
 124733213 5768.76 || noQ Q (Avg,Max,Min) (1.12, 1.24, 0.99) (1.08, 0.27, 1.23) #fs:   4  -- #Conts: 44 H(3)  G(11)  A(3)  E(20)  C(7) 
 125666127 5766.76 || noQ Q (Avg,Max,Min) (1.12, 1.24, 0.74) (1.09, 0.53, 1.23) #fs:   5  -- #Conts: 43 H(3)  G(11)  A(2)  E(20)  C(7) 
 125681410 5765.76 || noQ Q (Avg,Max,Min) (1.12, 1.24, 0.99) (1.09, 0.25, 1.23) #fs:   4  -- #Conts: 44 H(3)  G(11)  A(3)  E(20)  C(7) 
 126208653 5763.76 || noQ Q (Avg,Max,Min) (1.12, 1.24, 0.99) (1.10, 0.25, 1.23) #fs:   4  -- #Conts: 43 H(3)  G(11)  A(2)  E(20)  C(7) 
 126346366 5763.06 || noQ Q (Avg,Max,Min) (1.12, 1.24, 0.99) (1.10, 0.81, 1.23) #fs:   5  -- #Conts: 43 H(3)  G(11)  A(3)  E(19)  C(7) 
 126873609 5761.06 || noQ Q (Avg,Max,Min) (1.12, 1.24, 0.99) (1.11, 0.90, 1.23) #fs:   5  -- #Conts: 42 H(3)  G(11)  A(2)  E(19)  C(7) 
 129864595 5759.06 || noQ Q (Avg,Max,Min) (1.12, 1.24, 0.99) (1.11, 0.89, 1.23) #fs:   5  -- #Conts: 43 H(3)  G(11)  A(3)  E(19)  C(7) 
 132289352 5754.47 || noQ Q (Avg,Max,Min) (1.11, 1.25, 0.99) (1.09, 0.79, 1.25) #fs:   5  -- #Conts: 46 H(3)  G(10)  A(7)  E(20)  C(6) 
 133183990 5752.47 || noQ Q (Avg,Max,Min) (1.11, 1.25, 0.99) (1.09, 0.79, 1.25) #fs:   4  -- #Conts: 46 H(3)  G(10)  A(7)  E(20)  C(6) 
 134717325 5750.47 || noQ Q (Avg,Max,Min) (1.11, 1.25, 0.99) (1.09, 0.79, 1.25) #fs:   4  -- #Conts: 45 H(3)  G(10)  A(6)  E(20)  C(6) 
 140609741 5739.29 || noQ Q (Avg,Max,Min) (1.10, 1.33, 0.92) (1.07, 0.51, 1.30) #fs:   4  -- #Conts: 49 H(3)  G(8)  A(9)  E(24)  C(5) 
 140635225 5736.29 || noQ Q (Avg,Max,Min) (1.10, 1.33, 0.84) (1.08, 0.74, 1.30) #fs:   4  -- #Conts: 48 H(3)  G(8)  A(8)  E(24)  C(5) 
 141471018 5734.29 || noQ Q (Avg,Max,Min) (1.10, 1.33, 0.84) (1.08, 0.74, 1.30) #fs:   4  -- #Conts: 47 H(3)  G(8)  A(7)  E(24)  C(5) 
 141650969 5708.47 || noQ Q (Avg,Max,Min) (1.16, 1.34, 1.00) (1.11, 0.12, 1.30) #fs:   4  -- #Conts: 44 H(1)  G(22)  E(16)  C(5) 
 141763982 5704.47 || noQ Q (Avg,Max,Min) (1.15, 1.34, 0.79) (1.11, 0.12, 1.30) #fs:   4  -- #Conts: 44 H(1)  G(22)  E(16)  C(5) 
 141955684 5700.47 || noQ Q (Avg,Max,Min) (1.16, 1.34, 1.00) (1.11, 0.07, 1.30) #fs:   2  -- #Conts: 44 H(1)  G(22)  E(16)  C(5) 
 141956583 5672.94 || noQ Q (Avg,Max,Min) (1.16, 1.34, 1.00) (1.13, 0.64, 1.30) #fs:   3  -- #Conts: 43 G(22)  E(16)  C(5) 
 142124382 5668.94 || noQ Q (Avg,Max,Min) (1.16, 1.34, 1.00) (1.13, 0.64, 1.30) #fs:   2  -- #Conts: 43 G(22)  E(16)  C(5) 
 142371062 5663.88 || noQ Q (Avg,Max,Min) (1.16, 1.34, 1.00) (1.11, 0.21, 1.30) #fs:   3  -- #Conts: 44 G(22)  E(17)  C(5) 
 142506269 5657.18 || noQ Q (Avg,Max,Min) (1.16, 1.34, 1.00) (1.13, 0.64, 1.30) #fs:   2  -- #Conts: 43 G(22)  E(16)  C(5) 
 142558347 5653.18 || noQ Q (Avg,Max,Min) (1.16, 1.34, 1.00) (1.13, 0.64, 1.30) #fs:   2  -- #Conts: 43 G(22)  E(16)  C(5) 
 142616205 5650.12 || noQ Q (Avg,Max,Min) (1.17, 1.34, 1.00) (1.14, 0.71, 1.33) #fs:   6  -- #Conts: 42 G(22)  E(16)  C(4) 
 142761578 5643.41 || noQ Q (Avg,Max,Min) (1.17, 1.34, 1.00) (1.14, 0.71, 1.33) #fs:   6  -- #Conts: 42 G(22)  E(16)  C(4) 
 142928659 5641.41 || noQ Q (Avg,Max,Min) (1.16, 1.34, 1.00) (1.14, 0.71, 1.33) #fs:   5  -- #Conts: 43 G(22)  A(1)  E(16)  C(4) 
 142985927 5637.41 || noQ Q (Avg,Max,Min) (1.16, 1.34, 1.00) (1.14, 0.71, 1.33) #fs:   3  -- #Conts: 43 G(22)  A(1)  E(16)  C(4) 
 143009665 5635.41 || noQ Q (Avg,Max,Min) (1.17, 1.34, 1.00) (1.15, 0.71, 1.33) #fs:   4  -- #Conts: 42 G(22)  E(16)  C(4) 
 148350752 5629.65 || noQ Q (Avg,Max,Min) (1.12, 1.33, 0.55) (1.09, 0.52, 1.33) #fs:   4  -- #Conts: 46 G(18)  A(3)  E(18)  C(7) 
 149152989 5622.53 || noQ Q (Avg,Max,Min) (1.12, 1.30, 0.68) (1.09, 0.59, 1.30) #fs:   7  -- #Conts: 41 G(15)  A(5)  E(18)  C(3) 
 149449667 5616.53 || noQ Q (Avg,Max,Min) (1.12, 1.30, 1.00) (1.09, 0.40, 1.30) #fs:   4  -- #Conts: 42 G(15)  A(5)  E(18)  C(4) 
 149583129 5612.53 || noQ Q (Avg,Max,Min) (1.13, 1.30, 1.00) (1.10, 0.66, 1.30) #fs:   4  -- #Conts: 41 G(15)  A(5)  E(18)  C(3) 
 149791051 5610.53 || noQ Q (Avg,Max,Min) (1.13, 1.30, 1.00) (1.11, 0.66, 1.30) #fs:   4  -- #Conts: 41 G(15)  A(5)  E(18)  C(3) 
 153089028 5601.65 || noQ Q (Avg,Max,Min) (1.11, 1.30, 1.00) (1.06, 0.25, 1.29) #fs:   1  -- #Conts: 46 G(15)  A(6)  E(18)  C(7) 
 153753981 5598.94 || noQ Q (Avg,Max,Min) (1.11, 1.30, 1.00) (1.07, 0.68, 1.29) #fs:   1  -- #Conts: 45 G(15)  A(6)  E(17)  C(7) 
 155502949 5596.94 || noQ Q (Avg,Max,Min) (1.11, 1.30, 0.87) (1.08, 0.68, 1.29) #fs:   3  -- #Conts: 45 G(15)  A(6)  E(17)  C(7) 
 158284967 5593.00 || noQ Q (Avg,Max,Min) (1.11, 1.28, 0.84) (1.10, 0.71, 1.27) #fs:   2  -- #Conts: 40 G(13)  A(6)  E(17)  C(4) 
 160201462 5591.41 || noQ Q (Avg,Max,Min) (1.10, 1.23, 1.00) (1.07, 0.71, 1.23) #fs:   4  -- #Conts: 45 G(9)  A(8)  E(22)  C(6) 
 160248384 5588.35 || noQ Q (Avg,Max,Min) (1.10, 1.23, 1.00) (1.05, 0.52, 1.23) #fs:   3  -- #Conts: 45 G(9)  A(8)  E(22)  C(6) 
 160420074 5586.35 || noQ Q (Avg,Max,Min) (1.09, 1.23, 1.00) (1.05, 0.38, 1.23) #fs:   3  -- #Conts: 46 G(9)  A(8)  E(22)  C(7) 
 160425367 5584.35 || noQ Q (Avg,Max,Min) (1.09, 1.23, 1.00) (1.05, 0.38, 1.23) #fs:   3  -- #Conts: 46 G(9)  A(8)  E(22)  C(7) 
 160477566 5582.35 || noQ Q (Avg,Max,Min) (1.10, 1.23, 1.00) (1.07, 0.71, 1.23) #fs:   3  -- #Conts: 45 G(9)  A(8)  E(22)  C(6) 
 160913343 5581.65 || noQ Q (Avg,Max,Min) (1.10, 1.23, 1.00) (1.06, 0.52, 1.23) #fs:   4  -- #Conts: 45 G(9)  A(8)  E(22)  C(6) 
 160957100 5580.35 || noQ Q (Avg,Max,Min) (1.10, 1.23, 1.00) (1.07, 0.79, 1.23) #fs:   4  -- #Conts: 45 G(9)  A(8)  E(22)  C(6) 
 161085033 5579.65 || noQ Q (Avg,Max,Min) (1.09, 1.23, 0.98) (1.05, 0.38, 1.23) #fs:   4  -- #Conts: 46 G(9)  A(8)  E(22)  C(7) 
 161090326 5577.65 || noQ Q (Avg,Max,Min) (1.09, 1.23, 0.98) (1.06, 0.38, 1.23) #fs:   4  -- #Conts: 46 G(9)  A(8)  E(22)  C(7) 
 161142525 5575.65 || noQ Q (Avg,Max,Min) (1.10, 1.23, 0.97) (1.07, 0.79, 1.23) #fs:   4  -- #Conts: 45 G(9)  A(8)  E(22)  C(6) 
 163852383 5573.65 || noQ Q (Avg,Max,Min) (1.10, 1.23, 0.98) (1.08, 0.86, 1.23) #fs:   4  -- #Conts: 44 G(9)  A(7)  E(22)  C(6) 
 169357931 5572.71 || noQ Q (Avg,Max,Min) (1.09, 1.23, 0.96) (1.05, 0.66, 1.23) #fs:   2  -- #Conts: 43 G(8)  A(10)  E(21)  C(4) 
 169528156 5571.41 || noQ Q (Avg,Max,Min) (1.09, 1.23, 0.96) (1.05, 0.66, 1.23) #fs:   3  -- #Conts: 43 G(8)  A(10)  E(21)  C(4) 
 169873962 5570.41 || noQ Q (Avg,Max,Min) (1.09, 1.23, 1.00) (1.06, 0.66, 1.23) #fs:   1  -- #Conts: 42 G(8)  A(9)  E(21)  C(4) 
 170785575 5569.71 || noQ Q (Avg,Max,Min) (1.09, 1.23, 1.00) (1.05, 0.66, 1.23) #fs:   2  -- #Conts: 43 G(8)  A(10)  E(21)  C(4) 
 170801069 5568.71 || noQ Q (Avg,Max,Min) (1.09, 1.23, 0.96) (1.05, 0.66, 1.23) #fs:   2  -- #Conts: 43 G(8)  A(10)  E(21)  C(4) 
 171483916 5567.71 || noQ Q (Avg,Max,Min) (1.09, 1.23, 0.96) (1.08, 0.85, 1.23) #fs:   2  -- #Conts: 40 G(8)  A(8)  E(21)  C(3) 
 172927054 5565.71 || noQ Q (Avg,Max,Min) (1.09, 1.23, 0.96) (1.08, 0.85, 1.23) #fs:   2  -- #Conts: 40 G(8)  A(8)  E(21)  C(3) 
 173656003 5563.59 || noQ Q (Avg,Max,Min) (1.08, 1.18, 1.00) (1.05, 0.60, 1.18) #fs:   3  -- #Conts: 38 G(4)  A(4)  E(23)  C(7) 
 173754763 5561.59 || noQ Q (Avg,Max,Min) (1.08, 1.18, 1.00) (1.05, 0.60, 1.18) #fs:   3  -- #Conts: 38 G(4)  A(4)  E(23)  C(7) 
 174002710 5550.12 || noQ Q (Avg,Max,Min) (1.07, 1.18, 0.73) (1.03, 0.51, 1.18) #fs:   2  -- #Conts: 39 G(4)  A(5)  E(23)  C(7) 
 174091257 5548.12 || noQ Q (Avg,Max,Min) (1.08, 1.18, 0.73) (1.04, 0.51, 1.18) #fs:   3  -- #Conts: 38 G(4)  A(4)  E(23)  C(7) 
 174164447 5547.82 || noQ Q (Avg,Max,Min) (1.08, 1.18, 1.00) (1.06, 0.60, 1.18) #fs:   3  -- #Conts: 38 G(4)  A(4)  E(23)  C(7) 
 174259099 5545.82 || noQ Q (Avg,Max,Min) (1.08, 1.18, 1.00) (1.06, 0.60, 1.18) #fs:   2  -- #Conts: 38 G(4)  A(4)  E(23)  C(7) 
 174916186 5543.82 || noQ Q (Avg,Max,Min) (1.08, 1.18, 1.00) (1.07, 0.93, 1.18) #fs:   1  -- #Conts: 38 G(4)  A(4)  E(23)  C(7) 
 175046682 5541.82 || noQ Q (Avg,Max,Min) (1.08, 1.18, 1.00) (1.07, 0.93, 1.18) #fs:   1  -- #Conts: 38 G(4)  A(4)  E(23)  C(7) 
 175711641 5539.12 || noQ Q (Avg,Max,Min) (1.08, 1.18, 1.00) (1.07, 0.93, 1.18) #fs:   2  -- #Conts: 38 G(4)  A(4)  E(23)  C(7) 
 177525349 5537.12 || noQ Q (Avg,Max,Min) (1.08, 1.18, 1.00) (1.07, 0.92, 1.18) #fs:   1  -- #Conts: 38 G(4)  A(4)  E(23)  C(7) 
 185212850 5535.00 || noQ Q (Avg,Max,Min) (1.06, 1.16, 0.90) (0.99, 0.11, 1.16) #fs:   1  -- #Conts: 43 G(3)  A(8)  E(24)  C(8) 
 185350840 5524.65 || noQ Q (Avg,Max,Min) (1.07, 1.16, 1.00) (1.01, 0.62, 1.16) #fs:   0  -- #Conts: 41 G(2)  A(8)  E(24)  C(7) 
 185852346 5523.94 || noQ Q (Avg,Max,Min) (1.07, 1.16, 0.90) (1.02, 0.75, 1.16) #fs:   2  -- #Conts: 41 G(2)  A(7)  E(24)  C(8) 
 186200559 5521.94 || noQ Q (Avg,Max,Min) (1.06, 1.16, 0.90) (1.02, 0.79, 1.16) #fs:   3  -- #Conts: 41 G(2)  A(8)  E(24)  C(7) 
 186386250 5519.24 || noQ Q (Avg,Max,Min) (1.06, 1.16, 0.88) (1.02, 0.75, 1.16) #fs:   2  -- #Conts: 42 G(2)  A(8)  E(24)  C(8) 
 188984769 5518.24 || noQ Q (Avg,Max,Min) (1.07, 1.16, 0.90) (1.03, 0.75, 1.16) #fs:   2  -- #Conts: 39 G(2)  A(5)  E(24)  C(8) 
 189641730 5516.24 || noQ Q (Avg,Max,Min) (1.07, 1.16, 0.90) (1.04, 0.75, 1.16) #fs:   1  -- #Conts: 39 G(2)  A(5)  E(24)  C(8) 
 192563790 5515.24 || noQ Q (Avg,Max,Min) (1.07, 1.16, 0.90) (1.04, 0.75, 1.16) #fs:   1  -- #Conts: 40 G(2)  A(6)  E(24)  C(8) 
 220009448 5510.82 || noQ Q (Avg,Max,Min) (1.07, 1.15, 0.97) (1.05, 0.82, 1.15) #fs:   1  -- #Conts: 29 G(2)  A(4)  E(19)  C(4) 
 220113235 5508.82 || noQ Q (Avg,Max,Min) (1.07, 1.15, 0.97) (1.05, 0.85, 1.15) #fs:   1  -- #Conts: 30 G(2)  A(5)  E(19)  C(4) 
 263570414 5497.65 || noQ Q (Avg,Max,Min) (1.06, 1.18, 1.00) (1.04, 0.81, 1.18) #fs:   0  -- #Conts: 29 G(1)  A(4)  E(17)  C(7) 
 264098997 5495.65 || noQ Q (Avg,Max,Min) (1.06, 1.18, 1.00) (1.04, 0.79, 1.18) #fs:   1  -- #Conts: 29 G(1)  A(4)  E(17)  C(7) 
 264855500 5494.65 || noQ Q (Avg,Max,Min) (1.06, 1.18, 1.00) (1.04, 0.73, 1.18) #fs:   1  -- #Conts: 29 G(1)  A(4)  E(17)  C(7) 
 265149422 5492.65 || noQ Q (Avg,Max,Min) (1.06, 1.18, 1.00) (1.04, 0.73, 1.18) #fs:   0  -- #Conts: 29 G(1)  A(4)  E(17)  C(7) 
 288381959 5491.94 || noQ Q (Avg,Max,Min) (1.07, 1.18, 1.00) (1.05, 0.82, 1.18) #fs:   0  -- #Conts: 27 G(1)  A(5)  E(17)  C(4) 
 344276319 5489.24 || noQ Q (Avg,Max,Min) (1.06, 1.16, 1.00) (1.00, 0.11, 1.16) #fs:   1  -- #Conts: 31 A(8)  G(1)  E(16)  C(6) 
 344420323 5488.53 || noQ Q (Avg,Max,Min) (1.06, 1.16, 1.00) (0.99, 0.11, 1.16) #fs:   1  -- #Conts: 30 A(6)  G(1)  E(16)  C(7) 
 344485175 5478.76 || noQ Q (Avg,Max,Min) (1.06, 1.16, 1.00) (1.02, 0.78, 1.16) #fs:   2  -- #Conts: 31 A(8)  E(16)  C(7) 
 344508916 5476.76 || noQ Q (Avg,Max,Min) (1.06, 1.16, 1.00) (1.03, 0.79, 1.16) #fs:   2  -- #Conts: 31 A(8)  E(16)  C(7) 
 344759121 5474.76 || noQ Q (Avg,Max,Min) (1.06, 1.16, 1.00) (1.04, 0.85, 1.16) #fs:   2  -- #Conts: 30 A(7)  E(16)  C(7) 
 344784760 5473.47 || noQ Q (Avg,Max,Min) (1.06, 1.16, 1.00) (1.03, 0.79, 1.16) #fs:   1  -- #Conts: 30 A(8)  E(16)  C(6) 
 344928767 5472.76 || noQ Q (Avg,Max,Min) (1.06, 1.16, 1.00) (1.02, 0.40, 1.16) #fs:   2  -- #Conts: 29 A(6)  E(16)  C(7) 
 345445206 5468.76 || noQ Q (Avg,Max,Min) (1.06, 1.16, 1.00) (1.04, 0.85, 1.16) #fs:   2  -- #Conts: 28 A(6)  E(16)  C(6) 
 350593872 5468.47 || noQ Q (Avg,Max,Min) (1.06, 1.16, 1.00) (1.03, 0.79, 1.16) #fs:   2  -- #Conts: 28 A(8)  E(16)  C(4) 
 352215400 5466.47 || noQ Q (Avg,Max,Min) (1.06, 1.16, 0.96) (1.03, 0.79, 1.16) #fs:   2  -- #Conts: 28 A(8)  E(16)  C(4) 
/////////////////size: 204
nodes 100 edges 192
 mulT: 10000 mulD: 1000  sumData GB 97599
pareto /CYBERSHAKE.n.100.0.dax time -> 4298.0
moheft /CYBERSHAKE.n.100.0.dax time -> 30351.0
distance from M to C 0.0
distance from P to C 40.31400499403845
distance from C to M 0.0
distance from C to P 77.6191395406693
toCompare: /CYBERSHAKE.n.100.0.dax sumDataGB: 97599 mulT: 10000 mulD: 1000 paretoOptTime_MS: 4298.0 MoheftOptimizationTime_MS: 30351.0 MtoC 0.0 PtoC 40.31400499403845 CtoM 0.0 CtoP 77.6191395406693
