specify -Dflow d,b,mt,md,size
Running /home/vaggelis/jc/LIGO.n.100.0.dax mt 1 md: 5000 size null
    125667 662.12 || noQ Q (Avg,Max,Min) (1.74, 2.67, 1.21) (0.03, 0.01, 0.06) #fs:  26  -- #Conts: 22 H(20)  G(2) 
    125947 646.35 || noQ Q (Avg,Max,Min) (1.72, 2.67, 1.21) (0.03, 0.01, 0.06) #fs:  26  -- #Conts: 22 H(19)  G(3) 
    126826 630.59 || noQ Q (Avg,Max,Min) (1.72, 2.67, 1.19) (0.03, 0.01, 0.07) #fs:  26  -- #Conts: 21 H(19)  G(2) 
    127010 614.82 || noQ Q (Avg,Max,Min) (1.73, 2.67, 1.21) (0.03, 0.01, 0.07) #fs:  26  -- #Conts: 21 H(18)  G(3) 
    127543 551.76 || noQ Q (Avg,Max,Min) (1.80, 2.67, 1.21) (0.04, 0.01, 0.07) #fs:  25  -- #Conts: 18 H(17)  G(1) 
    128101 536.00 || noQ Q (Avg,Max,Min) (1.79, 2.67, 1.17) (0.04, 0.01, 0.07) #fs:  25  -- #Conts: 18 H(16)  G(2) 
    131741 520.24 || noQ Q (Avg,Max,Min) (1.81, 2.67, 1.14) (0.04, 0.01, 0.07) #fs:  26  -- #Conts: 17 H(16)  G(1) 
    134548 472.94 || noQ Q (Avg,Max,Min) (1.81, 2.51, 1.21) (0.05, 0.01, 0.08) #fs:  26  -- #Conts: 15 H(15) 
    136552 441.41 || noQ Q (Avg,Max,Min) (1.82, 2.51, 1.21) (0.05, 0.03, 0.08) #fs:  26  -- #Conts: 14 H(14) 
    138624 425.65 || noQ Q (Avg,Max,Min) (1.80, 2.50, 1.25) (0.05, 0.04, 0.08) #fs:  25  -- #Conts: 14 H(13)  G(1) 
    140313 409.88 || noQ Q (Avg,Max,Min) (1.75, 2.41, 1.20) (0.05, 0.04, 0.08) #fs:  25  -- #Conts: 14 H(12)  G(2) 
    142165 394.12 || noQ Q (Avg,Max,Min) (1.74, 2.37, 1.18) (0.05, 0.04, 0.08) #fs:  25  -- #Conts: 14 H(11)  G(3) 
    143439 378.35 || noQ Q (Avg,Max,Min) (1.72, 2.34, 1.17) (0.05, 0.04, 0.08) #fs:  26  -- #Conts: 14 H(10)  G(4) 
    145711 362.59 || noQ Q (Avg,Max,Min) (1.72, 2.34, 1.17) (0.05, 0.04, 0.08) #fs:  25  -- #Conts: 14 H(9)  G(5) 
    149877 346.82 || noQ Q (Avg,Max,Min) (1.72, 2.34, 1.17) (0.05, 0.04, 0.08) #fs:  25  -- #Conts: 14 H(8)  G(6) 
    156171 331.06 || noQ Q (Avg,Max,Min) (1.71, 2.34, 1.17) (0.06, 0.04, 0.08) #fs:  25  -- #Conts: 14 H(7)  G(7) 
    161186 315.29 || noQ Q (Avg,Max,Min) (1.66, 2.30, 1.16) (0.06, 0.04, 0.08) #fs:  21  -- #Conts: 14 H(6)  G(8) 
    166036 299.53 || noQ Q (Avg,Max,Min) (1.65, 2.30, 1.16) (0.06, 0.04, 0.08) #fs:  21  -- #Conts: 14 H(5)  G(9) 
    167913 268.00 || noQ Q (Avg,Max,Min) (1.66, 2.34, 1.19) (0.06, 0.01, 0.08) #fs:  21  -- #Conts: 15 H(2)  G(13) 
    170561 252.24 || noQ Q (Avg,Max,Min) (1.66, 2.34, 1.19) (0.06, 0.03, 0.08) #fs:  21  -- #Conts: 14 H(2)  G(12) 
    179445 236.47 || noQ Q (Avg,Max,Min) (1.55, 2.19, 1.09) (0.06, 0.03, 0.08) #fs:  22  -- #Conts: 14 H(1)  G(13) 
    182074 220.71 || noQ Q (Avg,Max,Min) (1.53, 2.17, 1.07) (0.06, 0.03, 0.08) #fs:  24  -- #Conts: 14 G(14) 
    186373 211.65 || noQ Q (Avg,Max,Min) (1.54, 2.17, 1.11) (0.06, 0.04, 0.08) #fs:  25  -- #Conts: 14 G(13)  E(1) 
    196757 189.18 || noQ Q (Avg,Max,Min) (2.65, 3.34, 1.53) (0.12, 0.03, 0.14) #fs:   7  -- #Conts: 6 H(6) 
    209529 157.65 || noQ Q (Avg,Max,Min) (2.75, 3.13, 2.51) (0.14, 0.13, 0.15) #fs:   7  -- #Conts: 5 H(5) 
    237934 126.12 || noQ Q (Avg,Max,Min) (2.92, 3.38, 2.68) (0.18, 0.16, 0.19) #fs:   5  -- #Conts: 4 H(4) 
    284147 110.35 || noQ Q (Avg,Max,Min) (1.93, 2.50, 0.89) (0.12, 0.03, 0.16) #fs:  11  -- #Conts: 7 G(7) 
    285962 094.59 || noQ Q (Avg,Max,Min) (3.24, 3.54, 2.82) (0.24, 0.22, 0.25) #fs:   2  -- #Conts: 3 H(3) 
    312595 078.82 || noQ Q (Avg,Max,Min) (2.13, 2.35, 1.87) (0.17, 0.16, 0.18) #fs:  10  -- #Conts: 5 G(5) 
    370987 063.06 || noQ Q (Avg,Max,Min) (2.26, 2.43, 2.07) (0.22, 0.21, 0.22) #fs:   5  -- #Conts: 4 G(4) 
    451795 060.35 || noQ Q (Avg,Max,Min) (1.46, 1.86, 1.12) (0.15, 0.05, 0.20) #fs:  13  -- #Conts: 9 E(9) 
    464534 047.29 || noQ Q (Avg,Max,Min) (2.41, 2.55, 2.27) (0.30, 0.28, 0.31) #fs:   3  -- #Conts: 3 G(3) 
    514353 046.94 || noQ Q (Avg,Max,Min) (1.52, 1.67, 1.17) (0.19, 0.07, 0.22) #fs:  10  -- #Conts: 7 E(7) 
    574968 040.24 || noQ Q (Avg,Max,Min) (1.53, 1.66, 1.44) (0.22, 0.19, 0.25) #fs:  10  -- #Conts: 6 E(6) 
    654311 040.00 || noQ Q (Avg,Max,Min) (1.25, 1.50, 1.03) (0.19, 0.12, 0.25) #fs:  13  -- #Conts: 10 C(10) 
    661725 031.53 || noQ Q (Avg,Max,Min) (2.68, 2.69, 2.67) (0.48, 0.47, 0.49) #fs:   2  -- #Conts: 2 G(2) 
    775295 026.82 || noQ Q (Avg,Max,Min) (1.67, 1.76, 1.51) (0.34, 0.33, 0.35) #fs:   5  -- #Conts: 4 E(4) 
   1005588 020.12 || noQ Q (Avg,Max,Min) (1.71, 1.76, 1.67) (0.46, 0.43, 0.49) #fs:   4  -- #Conts: 3 E(3) 
   1066787 020.00 || noQ Q (Avg,Max,Min) (1.41, 1.52, 1.29) (0.40, 0.36, 0.42) #fs:   5  -- #Conts: 5 C(5) 
   1201275 015.76 || noQ Q (Avg,Max,Min) (2.48, 2.48, 2.48) (0.83, 0.83, 0.83) #fs:   0  -- #Conts: 1 G(1) 
   1448779 013.41 || noQ Q (Avg,Max,Min) (1.89, 1.93, 1.86) (0.75, 0.75, 0.75) #fs:   1  -- #Conts: 2 E(2) 
   1718206 012.00 || noQ Q (Avg,Max,Min) (1.44, 1.53, 1.36) (0.66, 0.65, 0.68) #fs:   4  -- #Conts: 3 C(3) 
   2368106 010.71 || noQ Q (Avg,Max,Min) (1.38, 1.55, 1.21) (0.88, 0.75, 1.02) #fs:   3  -- #Conts: 2 E(1)  C(1) 
   2475416 008.00 || noQ Q (Avg,Max,Min) (1.51, 1.53, 1.49) (1.02, 0.99, 1.05) #fs:   1  -- #Conts: 2 C(2) 
   2709183 006.71 || noQ Q (Avg,Max,Min) (1.65, 1.65, 1.65) (1.25, 1.25, 1.25) #fs:   0  -- #Conts: 1 E(1) 
/////////////////size: 45
    284735 394.12 || noQ Q (Avg,Max,Min) (1.64, 4.60, 1.06) (0.05, 0.01, 0.32) #fs:  17  -- #Conts: 15 H(10)  G(5) 
    312430 362.59 || noQ Q (Avg,Max,Min) (1.57, 4.12, 0.84) (0.06, 0.01, 0.36) #fs:  15  -- #Conts: 14 H(9)  G(5) 
    315601 268.00 || noQ Q (Avg,Max,Min) (1.37, 4.28, 0.73) (0.08, 0.01, 0.34) #fs:  19  -- #Conts: 11 H(6)  G(5) 
    331442 204.94 || noQ Q (Avg,Max,Min) (1.47, 3.88, 0.77) (0.09, 0.02, 0.36) #fs:  20  -- #Conts: 9 H(4)  G(5) 
    342987 173.41 || noQ Q (Avg,Max,Min) (1.56, 4.10, 0.82) (0.10, 0.03, 0.36) #fs:  17  -- #Conts: 8 H(3)  G(5) 
    382894 141.88 || noQ Q (Avg,Max,Min) (1.66, 3.78, 1.12) (0.12, 0.05, 0.39) #fs:  13  -- #Conts: 7 H(2)  G(5) 
    416174 110.35 || noQ Q (Avg,Max,Min) (2.00, 2.88, 1.13) (0.18, 0.04, 0.33) #fs:  14  -- #Conts: 5 H(2)  G(3) 
    445977 078.82 || noQ Q (Avg,Max,Min) (2.20, 2.95, 1.26) (0.22, 0.08, 0.34) #fs:  11  -- #Conts: 4 H(1)  G(3) 
    516786 047.29 || noQ Q (Avg,Max,Min) (2.18, 2.60, 1.73) (0.31, 0.23, 0.37) #fs:   8  -- #Conts: 3 G(3) 
    620656 045.94 || noQ Q (Avg,Max,Min) (2.72, 3.61, 2.31) (0.20, 0.05, 0.43) #fs:   3  -- #Conts: 5 G(2)  A(1)  E(2) 
    626133 039.24 || noQ Q (Avg,Max,Min) (2.69, 3.61, 2.11) (0.25, 0.05, 0.46) #fs:   3  -- #Conts: 4 G(2)  A(1)  E(1) 
    640909 031.53 || noQ Q (Avg,Max,Min) (2.64, 2.76, 2.51) (0.47, 0.45, 0.49) #fs:   2  -- #Conts: 2 G(2) 
    776019 030.47 || noQ Q (Avg,Max,Min) (1.67, 2.57, 0.81) (0.33, 0.11, 0.55) #fs:   7  -- #Conts: 4 G(1)  E(1)  C(2) 
    820894 026.47 || noQ Q (Avg,Max,Min) (1.90, 2.60, 1.39) (0.41, 0.26, 0.59) #fs:   5  -- #Conts: 3 G(1)  E(1)  C(1) 
    900820 023.76 || noQ Q (Avg,Max,Min) (1.83, 2.54, 1.07) (0.43, 0.21, 0.64) #fs:   4  -- #Conts: 3 G(1)  C(2) 
    969072 021.76 || noQ Q (Avg,Max,Min) (1.58, 2.45, 1.04) (0.34, 0.08, 0.66) #fs:   1  -- #Conts: 4 G(1)  A(2)  C(1) 
    992672 020.76 || noQ Q (Avg,Max,Min) (1.76, 2.47, 1.08) (0.41, 0.08, 0.66) #fs:   0  -- #Conts: 3 G(1)  A(1)  C(1) 
    997395 019.76 || noQ Q (Avg,Max,Min) (2.08, 2.44, 1.73) (0.58, 0.48, 0.67) #fs:   2  -- #Conts: 2 G(1)  C(1) 
   1155415 017.76 || noQ Q (Avg,Max,Min) (1.95, 2.43, 1.41) (0.47, 0.22, 0.78) #fs:   1  -- #Conts: 3 G(1)  A(2) 
   1159007 016.76 || noQ Q (Avg,Max,Min) (1.97, 2.48, 1.47) (0.61, 0.42, 0.80) #fs:   1  -- #Conts: 2 G(1)  A(1) 
   1201275 015.76 || noQ Q (Avg,Max,Min) (2.48, 2.48, 2.48) (0.83, 0.83, 0.83) #fs:   0  -- #Conts: 1 G(1) 
   1492359 014.71 || noQ Q (Avg,Max,Min) (1.39, 1.72, 0.88) (0.56, 0.33, 0.71) #fs:   5  -- #Conts: 3 E(1)  C(2) 
   1652322 012.71 || noQ Q (Avg,Max,Min) (1.31, 1.78, 0.97) (0.50, 0.16, 0.80) #fs:   3  -- #Conts: 4 A(2)  E(1)  C(1) 
   1750429 011.71 || noQ Q (Avg,Max,Min) (1.49, 1.70, 1.23) (0.55, 0.08, 0.83) #fs:   3  -- #Conts: 3 A(1)  E(1)  C(1) 
   1779023 010.71 || noQ Q (Avg,Max,Min) (1.63, 1.73, 1.52) (0.80, 0.75, 0.85) #fs:   2  -- #Conts: 2 E(1)  C(1) 
   2266508 009.71 || noQ Q (Avg,Max,Min) (1.29, 1.60, 0.99) (0.60, 0.18, 0.99) #fs:   3  -- #Conts: 4 A(3)  E(1) 
   2302124 008.71 || noQ Q (Avg,Max,Min) (1.32, 1.65, 0.96) (0.76, 0.36, 1.05) #fs:   2  -- #Conts: 3 A(2)  E(1) 
   2453331 007.71 || noQ Q (Avg,Max,Min) (1.50, 1.66, 1.34) (1.00, 0.88, 1.13) #fs:   1  -- #Conts: 2 A(1)  E(1) 
   2709183 006.71 || noQ Q (Avg,Max,Min) (1.65, 1.65, 1.65) (1.25, 1.25, 1.25) #fs:   0  -- #Conts: 1 E(1) 
/////////////////size: 29
nodes 100 edges 123
 mulT: 1 mulD: 5000  sumData GB 14287
pareto /LIGO.n.100.0.dax time -> 5290.0
moheft /LIGO.n.100.0.dax time -> 564.0
distance from M to C 0.5694905411892105
distance from P to C 0.10138242720097694
distance from C to M 4.083871599819651
distance from C to P 0.21813816238203593
toCompare: /LIGO.n.100.0.dax sumDataGB: 14287 mulT: 1 mulD: 5000 paretoOptTime_MS: 5290.0 MoheftOptimizationTime_MS: 564.0 MtoC 0.5694905411892105 PtoC 0.10138242720097694 CtoM 4.083871599819651 CtoP 0.21813816238203593
