specify -Dflow d,b,mt,md,size
Running /home/vaggelis/jc/CYBERSHAKE.n.50.0.dax mt 30 md: 5000 size null
    683486 063.06 || noQ Q (Avg,Max,Min) (30.79, 35.04, 10.00) (5.84, 5.04, 6.65) #fs:   1  -- #Conts: 2 H(2) 
   1125313 047.29 || noQ Q (Avg,Max,Min) (19.22, 21.69, 10.00) (5.91, 5.04, 6.78) #fs:   1  -- #Conts: 2 H(1)  G(1) 
   1171218 031.53 || noQ Q (Avg,Max,Min) (18.37, 20.85, 10.00) (5.98, 5.17, 6.78) #fs:   1  -- #Conts: 2 G(2) 
   2296520 015.76 || noQ Q (Avg,Max,Min) (18.73, 18.73, 10.00) (11.95, 10.00, 11.95) #fs:   0  -- #Conts: 1 G(1) 
   2644471 013.41 || noQ Q (Avg,Max,Min) (8.69, 9.76, 7.61) (6.38, 5.58, 7.17) #fs:   1  -- #Conts: 2 E(2) 
  20234108 013.00 || noQ Q (Avg,Max,Min) (1.67, 2.11, 1.03) (1.24, 0.01, 1.98) #fs:   1  -- #Conts: 3 A(3) 
  20249298 012.00 || noQ Q (Avg,Max,Min) (1.99, 2.11, 1.86) (1.86, 1.74, 1.98) #fs:   1  -- #Conts: 2 A(2) 
/////////////////size: 7
   1082753 047.29 || noQ Q (Avg,Max,Min) (19.64, 22.49, 10.00) (5.91, 5.05, 6.76) #fs:   5  -- #Conts: 2 H(1)  G(1) 
   1314080 047.24 || noQ Q (Avg,Max,Min) (4.81, 31.99, 0.16) (1.48, 0.00, 11.68) #fs:   2  -- #Conts: 8 H(1)  A(5)  E(1)  C(1) 
   1314142 040.53 || noQ Q (Avg,Max,Min) (5.35, 31.99, 0.16) (1.70, 0.01, 11.68) #fs:   2  -- #Conts: 7 H(1)  A(5)  C(1) 
   1314750 039.53 || noQ Q (Avg,Max,Min) (6.06, 31.97, 0.16) (1.98, 0.01, 11.68) #fs:   2  -- #Conts: 6 H(1)  A(4)  C(1) 
   1315479 036.53 || noQ Q (Avg,Max,Min) (5.89, 31.95, 0.12) (1.98, 0.01, 11.68) #fs:   3  -- #Conts: 6 H(1)  A(5) 
   1316817 035.53 || noQ Q (Avg,Max,Min) (7.04, 31.92, 0.16) (2.37, 0.03, 11.68) #fs:   2  -- #Conts: 5 H(1)  A(4) 
   1320698 034.53 || noQ Q (Avg,Max,Min) (8.73, 31.83, 1.03) (2.96, 0.03, 11.68) #fs:   0  -- #Conts: 4 H(1)  A(3) 
   1323889 033.53 || noQ Q (Avg,Max,Min) (11.27, 31.76, 1.03) (3.94, 0.05, 11.68) #fs:   0  -- #Conts: 3 H(1)  A(2) 
   1329290 032.53 || noQ Q (Avg,Max,Min) (16.33, 31.63, 1.03) (5.89, 0.09, 11.68) #fs:   0  -- #Conts: 2 H(1)  A(1) 
   1340000 031.53 || noQ Q (Avg,Max,Min) (31.39, 31.39, 10.00) (11.68, 10.00, 11.68) #fs:   0  -- #Conts: 1 H(1) 
   2252051 029.47 || noQ Q (Avg,Max,Min) (4.07, 19.08, 1.03) (2.02, 0.00, 11.94) #fs:   0  -- #Conts: 6 G(1)  A(3)  E(1)  C(1) 
   2252091 022.76 || noQ Q (Avg,Max,Min) (4.66, 19.08, 1.03) (2.42, 0.01, 11.94) #fs:   1  -- #Conts: 5 G(1)  A(3)  C(1) 
   2253133 021.76 || noQ Q (Avg,Max,Min) (5.55, 19.07, 1.03) (3.03, 0.01, 11.94) #fs:   1  -- #Conts: 4 G(1)  A(2)  C(1) 
   2253528 018.76 || noQ Q (Avg,Max,Min) (5.27, 19.07, 0.29) (3.04, 0.03, 11.94) #fs:   3  -- #Conts: 4 G(1)  A(3) 
   2258911 017.76 || noQ Q (Avg,Max,Min) (6.67, 19.03, 0.29) (4.04, 0.09, 11.94) #fs:   3  -- #Conts: 3 G(1)  A(2) 
   2275094 016.76 || noQ Q (Avg,Max,Min) (9.80, 18.90, 0.70) (6.02, 0.11, 11.94) #fs:   1  -- #Conts: 2 G(1)  A(1) 
   2296520 015.76 || noQ Q (Avg,Max,Min) (18.73, 18.73, 10.00) (11.95, 10.00, 11.95) #fs:   0  -- #Conts: 1 G(1) 
   4220752 015.71 || noQ Q (Avg,Max,Min) (4.31, 6.51, 0.70) (3.15, 0.03, 5.61) #fs:   4  -- #Conts: 3 A(1)  E(1)  C(1) 
   4243644 014.71 || noQ Q (Avg,Max,Min) (6.09, 6.48, 5.70) (4.71, 3.82, 5.61) #fs:   3  -- #Conts: 2 E(1)  C(1) 
  48420875 013.71 || noQ Q (Avg,Max,Min) (22.12, 34.05, 10.00) (10.22, 6.67, 15.41) #fs:   1  -- #Conts: 7 A(6)  E(1) 
  48638674 012.71 || noQ Q (Avg,Max,Min) (20.47, 32.67, 10.00) (11.92, 6.76, 15.41) #fs:   1  -- #Conts: 6 A(5)  E(1) 
  49353275 011.71 || noQ Q (Avg,Max,Min) (19.44, 30.82, 10.00) (14.31, 10.00, 20.03) #fs:   1  -- #Conts: 5 A(4)  E(1) 
  49593875 010.71 || noQ Q (Avg,Max,Min) (19.45, 28.04, 10.00) (16.38, 10.00, 20.10) #fs:   1  -- #Conts: 5 A(4)  E(1) 
/////////////////size: 23
nodes 50 edges 92
 mulT: 30 mulD: 5000  sumData GB 431512
pareto /CYBERSHAKE.n.50.0.dax time -> 160.0
moheft /CYBERSHAKE.n.50.0.dax time -> 243.0
distance from M to C 0.5911142966913224
distance from P to C 0.0
distance from C to M 0.8739577101722575
distance from C to P 1.03921569751367
toCompare: /CYBERSHAKE.n.50.0.dax sumDataGB: 431512 mulT: 30 mulD: 5000 paretoOptTime_MS: 160.0 MoheftOptimizationTime_MS: 243.0 MtoC 0.5911142966913224 PtoC 0.0 CtoM 0.8739577101722575 CtoP 1.03921569751367
