specify -Dflow d,b,mt,md,size
Running /home/vaggelis/jc/LIGO.n.100.0.dax mt 50 md: 5000 size null
   2631785 693.65 || noQ Q (Avg,Max,Min) (0.80, 1.08, 0.65) (0.46, 0.31, 0.71) #fs:  42  -- #Conts: 25 H(19)  G(6) 
   2672760 677.88 || noQ Q (Avg,Max,Min) (0.84, 1.08, 0.73) (0.48, 0.31, 0.72) #fs:  42  -- #Conts: 24 H(19)  G(5) 
   2687514 662.12 || noQ Q (Avg,Max,Min) (0.85, 1.08, 0.73) (0.49, 0.31, 0.73) #fs:  43  -- #Conts: 24 H(18)  G(6) 
   2708254 646.35 || noQ Q (Avg,Max,Min) (0.86, 1.08, 0.73) (0.50, 0.31, 0.73) #fs:  43  -- #Conts: 24 H(17)  G(7) 
   2758977 630.59 || noQ Q (Avg,Max,Min) (0.86, 1.08, 0.73) (0.51, 0.31, 0.74) #fs:  42  -- #Conts: 24 H(16)  G(8) 
   2780371 614.82 || noQ Q (Avg,Max,Min) (0.87, 1.08, 0.73) (0.53, 0.31, 0.75) #fs:  42  -- #Conts: 24 H(15)  G(9) 
   2792863 599.06 || noQ Q (Avg,Max,Min) (0.88, 1.08, 0.73) (0.54, 0.31, 0.75) #fs:  42  -- #Conts: 24 H(14)  G(10) 
   2816728 583.29 || noQ Q (Avg,Max,Min) (0.89, 1.08, 0.73) (0.55, 0.31, 0.76) #fs:  41  -- #Conts: 24 H(13)  G(11) 
   2925960 567.53 || noQ Q (Avg,Max,Min) (0.87, 1.08, 0.72) (0.56, 0.31, 0.76) #fs:  41  -- #Conts: 24 H(12)  G(12) 
   3033495 551.76 || noQ Q (Avg,Max,Min) (0.86, 1.08, 0.69) (0.57, 0.31, 0.76) #fs:  41  -- #Conts: 24 H(11)  G(13) 
   3053994 536.00 || noQ Q (Avg,Max,Min) (0.87, 1.08, 0.69) (0.59, 0.31, 0.76) #fs:  42  -- #Conts: 24 H(10)  G(14) 
   3202442 520.24 || noQ Q (Avg,Max,Min) (0.87, 1.08, 0.69) (0.60, 0.31, 0.76) #fs:  42  -- #Conts: 24 H(9)  G(15) 
   3309420 504.47 || noQ Q (Avg,Max,Min) (0.88, 1.08, 0.69) (0.61, 0.31, 0.80) #fs:  41  -- #Conts: 24 H(8)  G(16) 
   3314063 488.71 || noQ Q (Avg,Max,Min) (0.88, 1.08, 0.69) (0.62, 0.31, 0.80) #fs:  41  -- #Conts: 24 H(7)  G(17) 
   3336666 472.94 || noQ Q (Avg,Max,Min) (0.88, 1.08, 0.68) (0.63, 0.44, 0.80) #fs:  41  -- #Conts: 24 H(6)  G(18) 
   3488173 457.18 || noQ Q (Avg,Max,Min) (0.86, 1.08, 0.65) (0.64, 0.44, 0.80) #fs:  39  -- #Conts: 24 H(5)  G(19) 
   3857089 416.59 || noQ Q (Avg,Max,Min) (0.82, 1.03, 0.52) (0.67, 0.26, 0.98) #fs:  31  -- #Conts: 26 G(25)  E(1) 
   4526142 407.53 || noQ Q (Avg,Max,Min) (0.93, 1.05, 0.62) (0.68, 0.45, 0.93) #fs:  21  -- #Conts: 25 G(24)  E(1) 
   4612792 405.18 || noQ Q (Avg,Max,Min) (0.93, 1.02, 0.66) (0.68, 0.45, 0.93) #fs:  22  -- #Conts: 25 G(23)  E(2) 
   5524062 394.12 || noQ Q (Avg,Max,Min) (0.86, 1.03, 0.53) (0.71, 0.46, 0.93) #fs:  20  -- #Conts: 18 H(1)  G(17) 
   5664619 389.41 || noQ Q (Avg,Max,Min) (0.90, 1.02, 0.53) (0.71, 0.47, 0.93) #fs:  21  -- #Conts: 18 G(16)  E(2) 
   5902163 376.00 || noQ Q (Avg,Max,Min) (0.90, 1.03, 0.62) (0.74, 0.49, 0.97) #fs:  20  -- #Conts: 18 G(17)  E(1) 
   6257886 357.88 || noQ Q (Avg,Max,Min) (0.91, 1.02, 0.66) (0.77, 0.49, 0.96) #fs:  21  -- #Conts: 18 G(16)  E(2) 
   6958296 344.47 || noQ Q (Avg,Max,Min) (0.90, 1.03, 0.62) (0.79, 0.49, 0.96) #fs:  20  -- #Conts: 18 G(17)  E(1) 
   7064861 342.12 || noQ Q (Avg,Max,Min) (0.91, 1.02, 0.66) (0.79, 0.49, 0.96) #fs:  21  -- #Conts: 18 G(16)  E(2) 
  11379374 342.00 || noQ Q (Avg,Max,Min) (0.89, 1.03, 0.61) (0.78, 0.61, 1.01) #fs:  13  -- #Conts: 28 E(28) 
  13449249 335.29 || noQ Q (Avg,Max,Min) (0.91, 1.03, 0.66) (0.79, 0.61, 1.01) #fs:  11  -- #Conts: 28 E(28) 
  13663932 328.59 || noQ Q (Avg,Max,Min) (0.92, 1.03, 0.66) (0.79, 0.62, 1.01) #fs:  10  -- #Conts: 28 E(28) 
  13865024 321.88 || noQ Q (Avg,Max,Min) (0.93, 1.03, 0.66) (0.80, 0.61, 1.01) #fs:  10  -- #Conts: 28 E(28) 
  17031964 320.00 || noQ Q (Avg,Max,Min) (0.96, 1.02, 0.72) (0.84, 0.68, 1.00) #fs:  14  -- #Conts: 34 C(34) 
  18706520 316.00 || noQ Q (Avg,Max,Min) (0.96, 1.02, 0.72) (0.85, 0.68, 1.00) #fs:  14  -- #Conts: 32 C(32) 
  19603434 312.00 || noQ Q (Avg,Max,Min) (0.96, 1.02, 0.81) (0.85, 0.70, 1.00) #fs:  14  -- #Conts: 31 C(31) 
  19733339 308.00 || noQ Q (Avg,Max,Min) (0.96, 1.02, 0.84) (0.86, 0.70, 1.00) #fs:  14  -- #Conts: 30 C(30) 
  21906014 304.00 || noQ Q (Avg,Max,Min) (0.98, 1.03, 0.76) (0.86, 0.69, 1.01) #fs:   7  -- #Conts: 32 C(32) 
  22243028 300.00 || noQ Q (Avg,Max,Min) (0.98, 1.03, 0.76) (0.87, 0.70, 1.01) #fs:   7  -- #Conts: 32 C(32) 
  23830370 296.00 || noQ Q (Avg,Max,Min) (0.99, 1.03, 0.76) (0.88, 0.69, 1.01) #fs:   6  -- #Conts: 32 C(32) 
  24459423 292.00 || noQ Q (Avg,Max,Min) (0.99, 1.03, 0.76) (0.89, 0.69, 1.01) #fs:   5  -- #Conts: 31 C(31) 
  27071556 288.00 || noQ Q (Avg,Max,Min) (0.99, 1.02, 0.76) (0.90, 0.75, 1.02) #fs:   6  -- #Conts: 25 C(25) 
  28330658 284.00 || noQ Q (Avg,Max,Min) (0.99, 1.02, 0.76) (0.91, 0.75, 1.02) #fs:   5  -- #Conts: 25 C(25) 
/////////////////size: 39
   7002358 837.53 || noQ Q (Avg,Max,Min) (1.03, 1.17, 0.91) (0.42, 0.16, 1.11) #fs:  10  -- #Conts: 31 H(22)  A(2)  G(7) 
   7484743 806.00 || noQ Q (Avg,Max,Min) (1.01, 1.17, 0.49) (0.44, 0.19, 1.11) #fs:  10  -- #Conts: 30 H(21)  A(2)  G(7) 
   7591961 774.47 || noQ Q (Avg,Max,Min) (0.97, 1.17, 0.46) (0.46, 0.20, 1.11) #fs:  12  -- #Conts: 29 H(20)  A(2)  G(7) 
   7730139 742.94 || noQ Q (Avg,Max,Min) (0.96, 1.17, 0.46) (0.47, 0.20, 1.11) #fs:  11  -- #Conts: 28 H(19)  A(2)  G(7) 
   7844606 711.41 || noQ Q (Avg,Max,Min) (0.96, 1.17, 0.46) (0.49, 0.21, 1.11) #fs:  12  -- #Conts: 27 H(18)  A(2)  G(7) 
   7974954 679.88 || noQ Q (Avg,Max,Min) (0.95, 1.17, 0.46) (0.51, 0.21, 1.11) #fs:  12  -- #Conts: 26 H(17)  A(2)  G(7) 
   8016328 648.35 || noQ Q (Avg,Max,Min) (0.95, 1.17, 0.46) (0.53, 0.24, 1.11) #fs:  12  -- #Conts: 25 H(16)  A(2)  G(7) 
   8045413 616.82 || noQ Q (Avg,Max,Min) (0.91, 1.17, 0.42) (0.55, 0.25, 1.11) #fs:  15  -- #Conts: 24 H(15)  A(2)  G(7) 
   8180544 585.29 || noQ Q (Avg,Max,Min) (0.90, 1.17, 0.43) (0.58, 0.26, 1.11) #fs:  16  -- #Conts: 23 H(14)  A(2)  G(7) 
   8218762 553.76 || noQ Q (Avg,Max,Min) (0.88, 1.17, 0.44) (0.61, 0.26, 1.11) #fs:  17  -- #Conts: 22 H(13)  A(2)  G(7) 
   8369861 459.18 || noQ Q (Avg,Max,Min) (0.86, 1.17, 0.42) (0.70, 0.41, 1.11) #fs:  17  -- #Conts: 19 H(10)  A(2)  G(7) 
   8386405 427.65 || noQ Q (Avg,Max,Min) (0.89, 1.17, 0.41) (0.75, 0.41, 1.11) #fs:  17  -- #Conts: 18 H(9)  A(2)  G(7) 
   9131335 396.12 || noQ Q (Avg,Max,Min) (0.87, 1.17, 0.42) (0.79, 0.41, 1.11) #fs:  16  -- #Conts: 17 H(8)  A(2)  G(7) 
   9952387 380.35 || noQ Q (Avg,Max,Min) (1.00, 1.17, 0.41) (0.81, 0.22, 1.11) #fs:  13  -- #Conts: 17 H(7)  A(2)  G(8) 
  10734036 364.59 || noQ Q (Avg,Max,Min) (0.97, 1.17, 0.42) (0.81, 0.21, 1.11) #fs:  14  -- #Conts: 17 H(6)  A(2)  G(9) 
  11465562 361.88 || noQ Q (Avg,Max,Min) (1.02, 1.17, 0.83) (0.83, 0.58, 1.11) #fs:   9  -- #Conts: 20 H(3)  A(2)  G(7)  E(8) 
  12036240 346.12 || noQ Q (Avg,Max,Min) (1.02, 1.17, 0.83) (0.85, 0.59, 1.11) #fs:   8  -- #Conts: 20 H(3)  A(2)  G(7)  E(8) 
  12057151 343.76 || noQ Q (Avg,Max,Min) (1.02, 1.17, 0.86) (0.87, 0.38, 1.11) #fs:   6  -- #Conts: 22 H(4)  A(2)  G(6)  E(10) 
  12166498 330.35 || noQ Q (Avg,Max,Min) (1.02, 1.17, 0.83) (0.87, 0.62, 1.11) #fs:   8  -- #Conts: 20 H(3)  A(2)  G(7)  E(8) 
  12213223 328.00 || noQ Q (Avg,Max,Min) (1.02, 1.17, 0.86) (0.89, 0.39, 1.11) #fs:   5  -- #Conts: 22 H(4)  A(2)  G(6)  E(10) 
  12356319 321.29 || noQ Q (Avg,Max,Min) (1.02, 1.17, 0.83) (0.87, 0.45, 1.11) #fs:   9  -- #Conts: 21 H(3)  A(2)  G(7)  E(9) 
  12362341 318.94 || noQ Q (Avg,Max,Min) (1.02, 1.17, 0.83) (0.84, 0.43, 1.11) #fs:   7  -- #Conts: 23 H(3)  A(2)  G(7)  E(11) 
  12608177 314.24 || noQ Q (Avg,Max,Min) (1.02, 1.17, 0.86) (0.85, 0.43, 1.11) #fs:   8  -- #Conts: 23 H(3)  A(2)  G(6)  E(12) 
  12844201 312.24 || noQ Q (Avg,Max,Min) (1.02, 1.17, 0.83) (0.87, 0.45, 1.11) #fs:   7  -- #Conts: 22 H(3)  A(2)  G(7)  E(10) 
  13457538 309.53 || noQ Q (Avg,Max,Min) (1.02, 1.17, 0.83) (0.88, 0.45, 1.11) #fs:   7  -- #Conts: 22 H(3)  A(2)  G(7)  E(9)  C(1) 
  13549535 305.53 || noQ Q (Avg,Max,Min) (1.01, 1.17, 0.76) (0.89, 0.46, 1.11) #fs:   7  -- #Conts: 21 H(3)  A(2)  G(7)  E(9) 
  13553180 302.82 || noQ Q (Avg,Max,Min) (1.02, 1.17, 0.83) (0.91, 0.62, 1.11) #fs:   6  -- #Conts: 21 H(3)  A(2)  G(7)  E(8)  C(1) 
  13898179 300.47 || noQ Q (Avg,Max,Min) (1.02, 1.17, 0.86) (0.92, 0.62, 1.11) #fs:   6  -- #Conts: 22 H(3)  A(2)  G(6)  E(10)  C(1) 
  14198929 299.41 || noQ Q (Avg,Max,Min) (1.02, 1.17, 0.86) (0.91, 0.62, 1.11) #fs:   6  -- #Conts: 24 H(3)  A(2)  G(6)  E(10)  C(3) 
  14409593 296.47 || noQ Q (Avg,Max,Min) (1.02, 1.17, 0.86) (0.93, 0.62, 1.11) #fs:   5  -- #Conts: 21 H(3)  A(2)  G(6)  E(10) 
  18425280 293.88 || noQ Q (Avg,Max,Min) (1.03, 1.17, 0.99) (0.96, 0.73, 1.11) #fs:   8  -- #Conts: 16 H(3)  A(2)  G(2)  E(6)  C(3) 
  21985561 289.88 || noQ Q (Avg,Max,Min) (1.04, 1.17, 0.99) (0.98, 0.76, 1.11) #fs:   7  -- #Conts: 14 H(3)  A(3)  G(2)  E(4)  C(2) 
  31292170 288.88 || noQ Q (Avg,Max,Min) (1.04, 1.17, 0.99) (0.99, 0.77, 1.11) #fs:   7  -- #Conts: 14 H(3)  A(3)  G(2)  E(4)  C(2) 
  31757325 285.71 || noQ Q (Avg,Max,Min) (1.02, 1.10, 0.86) (0.91, 0.66, 1.09) #fs:   4  -- #Conts: 22 H(1)  A(1)  G(3)  E(8)  C(9) 
  31771481 279.00 || noQ Q (Avg,Max,Min) (1.02, 1.10, 0.92) (0.92, 0.66, 1.09) #fs:   4  -- #Conts: 22 H(1)  A(1)  G(3)  E(8)  C(9) 
  35128736 277.71 || noQ Q (Avg,Max,Min) (1.03, 1.10, 0.96) (0.93, 0.66, 1.09) #fs:   2  -- #Conts: 19 H(1)  A(1)  G(3)  E(8)  C(6) 
  44498285 275.47 || noQ Q (Avg,Max,Min) (1.00, 1.10, 0.59) (0.92, 0.45, 1.09) #fs:   3  -- #Conts: 15 H(1)  A(1)  G(2)  E(6)  C(5) 
  44543156 272.76 || noQ Q (Avg,Max,Min) (1.03, 1.10, 0.96) (0.94, 0.66, 1.09) #fs:   1  -- #Conts: 15 H(1)  A(1)  G(2)  E(5)  C(6) 
  44875749 271.47 || noQ Q (Avg,Max,Min) (1.03, 1.10, 0.96) (0.96, 0.66, 1.09) #fs:   2  -- #Conts: 14 H(1)  A(1)  G(2)  E(6)  C(4) 
  56051466 269.65 || noQ Q (Avg,Max,Min) (1.01, 1.07, 0.99) (0.94, 0.75, 1.07) #fs:   3  -- #Conts: 18 A(3)  E(4)  C(11) 
  57600198 265.65 || noQ Q (Avg,Max,Min) (1.01, 1.07, 0.99) (0.95, 0.79, 1.07) #fs:   3  -- #Conts: 17 A(3)  E(4)  C(10) 
/////////////////size: 41
nodes 100 edges 123
 mulT: 50 mulD: 5000  sumData GB 14287
pareto /LIGO.n.100.0.dax time -> 5826.0
moheft /LIGO.n.100.0.dax time -> 1181.0
distance from M to C 4.676411425302693
distance from P to C 2.836002044999034
distance from C to M 2.155513212956213
distance from C to P 11.459839872237739
toCompare: /LIGO.n.100.0.dax sumDataGB: 14287 mulT: 50 mulD: 5000 paretoOptTime_MS: 5826.0 MoheftOptimizationTime_MS: 1181.0 MtoC 4.676411425302693 PtoC 2.836002044999034 CtoM 2.155513212956213 CtoP 11.459839872237739
