specify -Dflow d,b,mt,md,size
Running /home/vaggelis/jc/CYBERSHAKE.n.50.0.dax mt 50 md: 1 size null
    450505 409.88 || noQ Q (Avg,Max,Min) (0.92, 1.06, 0.78) (0.05, 0.02, 0.13) #fs:  14  -- #Conts: 13 H(13) 
    451985 378.35 || noQ Q (Avg,Max,Min) (0.92, 1.04, 0.74) (0.05, 0.03, 0.13) #fs:  14  -- #Conts: 12 H(12) 
    458200 346.82 || noQ Q (Avg,Max,Min) (0.97, 1.05, 0.86) (0.06, 0.03, 0.13) #fs:   9  -- #Conts: 11 H(11) 
    486746 315.29 || noQ Q (Avg,Max,Min) (0.98, 1.06, 0.75) (0.06, 0.03, 0.13) #fs:   8  -- #Conts: 10 H(10) 
    505248 283.76 || noQ Q (Avg,Max,Min) (0.97, 1.06, 0.74) (0.07, 0.03, 0.13) #fs:   6  -- #Conts: 9 H(9) 
    537147 268.00 || noQ Q (Avg,Max,Min) (0.93, 1.06, 0.66) (0.07, 0.03, 0.13) #fs:   7  -- #Conts: 9 H(8)  G(1) 
    540726 252.24 || noQ Q (Avg,Max,Min) (0.97, 1.06, 0.66) (0.08, 0.03, 0.13) #fs:   6  -- #Conts: 9 H(7)  G(2) 
    543195 236.47 || noQ Q (Avg,Max,Min) (1.01, 1.06, 0.93) (0.08, 0.05, 0.13) #fs:   5  -- #Conts: 9 H(6)  G(3) 
    553613 220.71 || noQ Q (Avg,Max,Min) (0.94, 1.06, 0.83) (0.09, 0.06, 0.15) #fs:   7  -- #Conts: 7 H(7) 
    557783 189.18 || noQ Q (Avg,Max,Min) (0.94, 1.02, 0.84) (0.11, 0.08, 0.16) #fs:   6  -- #Conts: 6 H(6) 
    613959 157.65 || noQ Q (Avg,Max,Min) (0.98, 1.02, 0.93) (0.13, 0.10, 0.17) #fs:   3  -- #Conts: 5 H(5) 
    712240 126.12 || noQ Q (Avg,Max,Min) (0.99, 1.05, 0.92) (0.16, 0.12, 0.20) #fs:   2  -- #Conts: 4 H(4) 
    828581 094.59 || noQ Q (Avg,Max,Min) (1.02, 1.02, 1.02) (0.21, 0.17, 0.23) #fs:   2  -- #Conts: 3 H(3) 
   1031784 078.82 || noQ Q (Avg,Max,Min) (0.99, 1.04, 0.96) (0.22, 0.17, 0.28) #fs:   3  -- #Conts: 5 G(5) 
   1127508 063.06 || noQ Q (Avg,Max,Min) (1.01, 1.02, 1.00) (0.32, 0.31, 0.32) #fs:   1  -- #Conts: 2 H(2) 
   1417838 047.29 || noQ Q (Avg,Max,Min) (1.01, 1.03, 0.98) (0.36, 0.30, 0.40) #fs:   1  -- #Conts: 3 G(3) 
   1932358 031.53 || noQ Q (Avg,Max,Min) (1.00, 1.01, 0.99) (0.54, 0.53, 0.54) #fs:   1  -- #Conts: 2 G(2) 
   2721380 026.82 || noQ Q (Avg,Max,Min) (0.97, 1.01, 0.92) (0.60, 0.49, 0.76) #fs:   3  -- #Conts: 4 E(4) 
   3185987 020.12 || noQ Q (Avg,Max,Min) (1.00, 1.01, 0.98) (0.81, 0.66, 0.89) #fs:   1  -- #Conts: 3 E(3) 
   4441095 020.00 || noQ Q (Avg,Max,Min) (0.96, 1.01, 0.92) (0.83, 0.77, 0.90) #fs:   6  -- #Conts: 5 C(5) 
/////////////////size: 20
    449561 328.71 || noQ Q (Avg,Max,Min) (0.98, 1.04, 0.78) (0.05, 0.02, 0.13) #fs:  13  -- #Conts: 17 H(5)  G(10)  E(2) 
    455365 322.00 || noQ Q (Avg,Max,Min) (1.01, 1.07, 0.79) (0.06, 0.02, 0.13) #fs:   7  -- #Conts: 16 H(5)  G(10)  E(1) 
    458801 315.29 || noQ Q (Avg,Max,Min) (1.01, 1.07, 0.73) (0.06, 0.02, 0.12) #fs:   5  -- #Conts: 15 H(5)  G(10) 
    464205 306.24 || noQ Q (Avg,Max,Min) (1.02, 1.07, 0.94) (0.06, 0.02, 0.13) #fs:   7  -- #Conts: 15 H(5)  G(9)  E(1) 
    466726 299.53 || noQ Q (Avg,Max,Min) (1.02, 1.07, 0.89) (0.06, 0.03, 0.13) #fs:   7  -- #Conts: 14 H(5)  G(9) 
    467764 290.47 || noQ Q (Avg,Max,Min) (1.02, 1.07, 0.88) (0.06, 0.03, 0.13) #fs:   8  -- #Conts: 14 H(5)  G(8)  E(1) 
    468823 281.41 || noQ Q (Avg,Max,Min) (1.01, 1.04, 0.90) (0.06, 0.03, 0.13) #fs:   7  -- #Conts: 15 H(4)  G(9)  E(2) 
    472341 278.71 || noQ Q (Avg,Max,Min) (1.02, 1.07, 0.93) (0.06, 0.03, 0.12) #fs:   7  -- #Conts: 15 H(4)  G(9)  E(1)  C(1) 
    477513 269.65 || noQ Q (Avg,Max,Min) (1.01, 1.06, 0.83) (0.06, 0.03, 0.13) #fs:   7  -- #Conts: 15 H(4)  G(8)  E(2)  C(1) 
    480265 260.59 || noQ Q (Avg,Max,Min) (1.00, 1.05, 0.82) (0.07, 0.03, 0.13) #fs:   6  -- #Conts: 15 H(4)  G(7)  E(3)  C(1) 
    481188 256.59 || noQ Q (Avg,Max,Min) (1.00, 1.05, 0.77) (0.07, 0.03, 0.14) #fs:   7  -- #Conts: 14 H(4)  G(7)  E(3) 
    483636 249.88 || noQ Q (Avg,Max,Min) (1.02, 1.06, 0.93) (0.07, 0.04, 0.14) #fs:   6  -- #Conts: 13 H(4)  G(7)  E(2) 
    486324 243.18 || noQ Q (Avg,Max,Min) (1.02, 1.06, 0.97) (0.07, 0.04, 0.14) #fs:   6  -- #Conts: 12 H(4)  G(7)  E(1) 
    490659 240.47 || noQ Q (Avg,Max,Min) (1.02, 1.06, 0.97) (0.07, 0.04, 0.14) #fs:   5  -- #Conts: 12 H(4)  G(7)  C(1) 
    493628 238.12 || noQ Q (Avg,Max,Min) (1.02, 1.05, 0.96) (0.07, 0.03, 0.14) #fs:   4  -- #Conts: 14 H(3)  G(8)  E(2)  C(1) 
    495554 235.41 || noQ Q (Avg,Max,Min) (1.02, 1.05, 0.97) (0.07, 0.03, 0.14) #fs:   2  -- #Conts: 14 H(3)  G(8)  E(1)  C(2) 
    503341 219.65 || noQ Q (Avg,Max,Min) (1.00, 1.05, 0.76) (0.08, 0.03, 0.14) #fs:   4  -- #Conts: 13 H(3)  G(7)  E(1)  C(2) 
    507139 210.59 || noQ Q (Avg,Max,Min) (1.02, 1.05, 0.97) (0.08, 0.05, 0.14) #fs:   3  -- #Conts: 13 H(3)  G(6)  E(2)  C(2) 
    527538 205.53 || noQ Q (Avg,Max,Min) (1.02, 1.04, 0.98) (0.08, 0.05, 0.15) #fs:   2  -- #Conts: 14 H(3)  G(5)  E(3)  C(3) 
    540630 201.53 || noQ Q (Avg,Max,Min) (1.02, 1.06, 0.93) (0.08, 0.05, 0.15) #fs:   3  -- #Conts: 13 H(3)  G(5)  E(3)  C(2) 
    543078 197.53 || noQ Q (Avg,Max,Min) (1.02, 1.06, 0.98) (0.08, 0.05, 0.15) #fs:   1  -- #Conts: 12 H(3)  G(5)  E(3)  C(1) 
    545510 193.53 || noQ Q (Avg,Max,Min) (1.01, 1.06, 0.91) (0.08, 0.05, 0.15) #fs:   3  -- #Conts: 11 H(3)  G(5)  E(3) 
    550101 186.82 || noQ Q (Avg,Max,Min) (1.01, 1.05, 0.92) (0.09, 0.06, 0.15) #fs:   3  -- #Conts: 10 H(3)  G(5)  E(2) 
    556485 177.41 || noQ Q (Avg,Max,Min) (1.03, 1.05, 0.99) (0.10, 0.06, 0.16) #fs:   3  -- #Conts: 9 H(3)  G(5)  C(1) 
    559296 173.41 || noQ Q (Avg,Max,Min) (1.02, 1.05, 0.93) (0.10, 0.06, 0.16) #fs:   4  -- #Conts: 8 H(3)  G(5) 
    570127 172.71 || noQ Q (Avg,Max,Min) (1.00, 1.04, 0.80) (0.09, 0.05, 0.16) #fs:   5  -- #Conts: 12 H(2)  G(5)  E(4)  C(1) 
    571300 168.71 || noQ Q (Avg,Max,Min) (1.02, 1.04, 0.97) (0.09, 0.05, 0.16) #fs:   4  -- #Conts: 11 H(2)  G(5)  E(4) 
    573037 166.00 || noQ Q (Avg,Max,Min) (0.96, 1.04, 0.70) (0.09, 0.05, 0.16) #fs:   8  -- #Conts: 11 H(2)  G(5)  E(3)  C(1) 
    578559 161.59 || noQ Q (Avg,Max,Min) (0.97, 1.04, 0.70) (0.09, 0.00, 0.16) #fs:   5  -- #Conts: 12 H(2)  G(5)  A(1)  E(1)  C(3) 
    578823 157.59 || noQ Q (Avg,Max,Min) (0.97, 1.04, 0.73) (0.10, 0.05, 0.16) #fs:   7  -- #Conts: 11 H(2)  G(5)  A(1)  E(1)  C(2) 
    579674 156.59 || noQ Q (Avg,Max,Min) (1.00, 1.04, 0.81) (0.10, 0.05, 0.16) #fs:   4  -- #Conts: 10 H(2)  G(5)  E(1)  C(2) 
    586038 152.59 || noQ Q (Avg,Max,Min) (1.02, 1.04, 0.98) (0.11, 0.06, 0.16) #fs:   4  -- #Conts: 9 H(2)  G(5)  E(1)  C(1) 
    596889 149.88 || noQ Q (Avg,Max,Min) (1.02, 1.04, 0.96) (0.11, 0.07, 0.17) #fs:   4  -- #Conts: 9 H(2)  G(5)  C(2) 
    604962 145.88 || noQ Q (Avg,Max,Min) (1.02, 1.04, 0.99) (0.11, 0.07, 0.17) #fs:   3  -- #Conts: 8 H(2)  G(5)  C(1) 
    607410 141.88 || noQ Q (Avg,Max,Min) (1.02, 1.04, 0.99) (0.12, 0.07, 0.17) #fs:   3  -- #Conts: 7 H(2)  G(5) 
    660801 141.76 || noQ Q (Avg,Max,Min) (0.98, 1.02, 0.84) (0.10, 0.07, 0.18) #fs:   6  -- #Conts: 14 H(2)  G(1)  E(7)  C(4) 
    664905 137.76 || noQ Q (Avg,Max,Min) (0.99, 1.04, 0.84) (0.11, 0.07, 0.18) #fs:   7  -- #Conts: 13 H(2)  G(1)  E(7)  C(3) 
    680661 133.76 || noQ Q (Avg,Max,Min) (1.00, 1.04, 0.90) (0.11, 0.07, 0.19) #fs:   5  -- #Conts: 12 H(2)  G(1)  E(7)  C(2) 
    691477 129.76 || noQ Q (Avg,Max,Min) (0.99, 1.04, 0.81) (0.12, 0.07, 0.19) #fs:   6  -- #Conts: 11 H(2)  G(1)  E(7)  C(1) 
    701006 125.76 || noQ Q (Avg,Max,Min) (0.95, 1.02, 0.77) (0.12, 0.07, 0.20) #fs:   7  -- #Conts: 10 H(2)  G(1)  E(7) 
    704498 124.35 || noQ Q (Avg,Max,Min) (1.00, 1.02, 0.92) (0.12, 0.07, 0.20) #fs:   5  -- #Conts: 11 H(2)  G(1)  E(5)  C(3) 
    712224 120.35 || noQ Q (Avg,Max,Min) (0.98, 1.02, 0.82) (0.13, 0.07, 0.20) #fs:   9  -- #Conts: 10 H(2)  G(1)  E(5)  C(2) 
    717119 116.35 || noQ Q (Avg,Max,Min) (1.00, 1.02, 0.88) (0.13, 0.07, 0.20) #fs:   5  -- #Conts: 9 H(2)  G(1)  E(5)  C(1) 
    724870 112.35 || noQ Q (Avg,Max,Min) (0.98, 1.02, 0.73) (0.14, 0.08, 0.20) #fs:   5  -- #Conts: 8 H(2)  G(1)  E(5) 
    725131 110.65 || noQ Q (Avg,Max,Min) (1.00, 1.03, 0.86) (0.14, 0.02, 0.20) #fs:   3  -- #Conts: 9 H(2)  G(1)  A(1)  E(4)  C(1) 
    725641 109.65 || noQ Q (Avg,Max,Min) (1.00, 1.03, 0.86) (0.15, 0.11, 0.20) #fs:   3  -- #Conts: 8 H(2)  G(1)  E(4)  C(1) 
    740209 109.59 || noQ Q (Avg,Max,Min) (0.96, 1.02, 0.42) (0.13, 0.00, 0.21) #fs:   2  -- #Conts: 11 H(2)  A(1)  E(5)  C(3) 
    741186 105.59 || noQ Q (Avg,Max,Min) (1.01, 1.02, 0.99) (0.14, 0.02, 0.21) #fs:   2  -- #Conts: 10 H(2)  A(1)  E(5)  C(2) 
    741816 104.59 || noQ Q (Avg,Max,Min) (1.01, 1.02, 0.99) (0.15, 0.11, 0.21) #fs:   2  -- #Conts: 9 H(2)  E(5)  C(2) 
    775105 101.88 || noQ Q (Avg,Max,Min) (1.01, 1.02, 0.98) (0.15, 0.10, 0.22) #fs:   3  -- #Conts: 9 H(2)  E(4)  C(3) 
    777553 097.88 || noQ Q (Avg,Max,Min) (0.99, 1.02, 0.84) (0.16, 0.11, 0.22) #fs:   3  -- #Conts: 8 H(2)  E(4)  C(2) 
    826976 095.18 || noQ Q (Avg,Max,Min) (1.01, 1.03, 1.00) (0.16, 0.11, 0.24) #fs:   2  -- #Conts: 8 H(2)  E(3)  C(3) 
    836160 091.18 || noQ Q (Avg,Max,Min) (1.00, 1.02, 0.95) (0.17, 0.11, 0.24) #fs:   3  -- #Conts: 7 H(2)  E(3)  C(2) 
    903446 089.76 || noQ Q (Avg,Max,Min) (0.99, 1.02, 0.87) (0.15, 0.11, 0.26) #fs:   3  -- #Conts: 8 H(2)  E(1)  C(5) 
    913085 085.76 || noQ Q (Avg,Max,Min) (0.95, 1.02, 0.78) (0.17, 0.11, 0.26) #fs:   4  -- #Conts: 7 H(2)  E(1)  C(4) 
    947787 081.76 || noQ Q (Avg,Max,Min) (0.92, 1.02, 0.73) (0.18, 0.12, 0.26) #fs:   6  -- #Conts: 6 H(2)  E(1)  C(3) 
    968948 077.76 || noQ Q (Avg,Max,Min) (0.97, 1.02, 0.82) (0.20, 0.12, 0.27) #fs:   3  -- #Conts: 5 H(2)  E(1)  C(2) 
    982454 075.76 || noQ Q (Avg,Max,Min) (0.87, 1.02, 0.26) (0.16, 0.02, 0.28) #fs:   4  -- #Conts: 6 H(2)  A(2)  E(1)  C(1) 
    983467 074.76 || noQ Q (Avg,Max,Min) (0.99, 1.02, 0.92) (0.19, 0.04, 0.28) #fs:   3  -- #Conts: 5 H(2)  A(1)  E(1)  C(1) 
    985573 073.76 || noQ Q (Avg,Max,Min) (0.99, 1.02, 0.92) (0.23, 0.16, 0.28) #fs:   3  -- #Conts: 4 H(2)  E(1)  C(1) 
   1027115 069.76 || noQ Q (Avg,Max,Min) (1.00, 1.02, 0.98) (0.27, 0.22, 0.29) #fs:   2  -- #Conts: 3 H(2)  E(1) 
   1064664 069.06 || noQ Q (Avg,Max,Min) (0.99, 1.03, 0.92) (0.19, 0.06, 0.30) #fs:   2  -- #Conts: 5 H(2)  A(2)  C(1) 
   1069814 068.06 || noQ Q (Avg,Max,Min) (1.01, 1.03, 1.00) (0.22, 0.06, 0.31) #fs:   1  -- #Conts: 4 H(2)  A(1)  C(1) 
   1072938 067.06 || noQ Q (Avg,Max,Min) (1.01, 1.03, 1.00) (0.27, 0.20, 0.31) #fs:   1  -- #Conts: 3 H(2)  C(1) 
   1114479 066.06 || noQ Q (Avg,Max,Min) (0.89, 1.03, 0.41) (0.17, 0.06, 0.32) #fs:   3  -- #Conts: 5 H(2)  A(3) 
   1118950 065.06 || noQ Q (Avg,Max,Min) (1.01, 1.03, 1.00) (0.19, 0.06, 0.32) #fs:   1  -- #Conts: 4 H(2)  A(2) 
   1121736 064.06 || noQ Q (Avg,Max,Min) (1.01, 1.03, 1.00) (0.24, 0.09, 0.32) #fs:   1  -- #Conts: 3 H(2)  A(1) 
   1127478 063.06 || noQ Q (Avg,Max,Min) (1.02, 1.03, 1.00) (0.32, 0.31, 0.32) #fs:   1  -- #Conts: 2 H(2) 
   1200467 059.29 || noQ Q (Avg,Max,Min) (1.01, 1.01, 0.99) (0.27, 0.23, 0.34) #fs:   3  -- #Conts: 5 H(1)  G(1)  C(3) 
   1259534 058.29 || noQ Q (Avg,Max,Min) (0.94, 1.01, 0.63) (0.19, 0.02, 0.35) #fs:   3  -- #Conts: 7 H(1)  G(1)  A(3)  C(2) 
   1260851 057.29 || noQ Q (Avg,Max,Min) (0.93, 1.01, 0.63) (0.22, 0.04, 0.35) #fs:   4  -- #Conts: 6 H(1)  G(1)  A(2)  C(2) 
   1263484 056.29 || noQ Q (Avg,Max,Min) (0.92, 1.01, 0.63) (0.26, 0.08, 0.36) #fs:   4  -- #Conts: 5 H(1)  G(1)  A(1)  C(2) 
   1269445 055.29 || noQ Q (Avg,Max,Min) (0.99, 1.01, 0.97) (0.30, 0.25, 0.36) #fs:   3  -- #Conts: 4 H(1)  G(1)  C(2) 
   1338793 054.29 || noQ Q (Avg,Max,Min) (0.83, 1.02, 0.32) (0.20, 0.02, 0.38) #fs:   6  -- #Conts: 6 H(1)  G(1)  A(3)  C(1) 
   1339790 053.29 || noQ Q (Avg,Max,Min) (0.79, 1.02, 0.32) (0.23, 0.07, 0.38) #fs:   5  -- #Conts: 5 H(1)  G(1)  A(2)  C(1) 
   1344569 052.29 || noQ Q (Avg,Max,Min) (0.91, 1.02, 0.62) (0.27, 0.08, 0.38) #fs:   3  -- #Conts: 4 H(1)  G(1)  A(1)  C(1) 
   1350421 051.29 || noQ Q (Avg,Max,Min) (1.01, 1.02, 0.99) (0.34, 0.27, 0.38) #fs:   3  -- #Conts: 3 H(1)  G(1)  C(1) 
   1431474 050.29 || noQ Q (Avg,Max,Min) (0.80, 1.01, 0.35) (0.21, 0.08, 0.40) #fs:   6  -- #Conts: 5 H(1)  G(1)  A(3) 
   1437384 049.29 || noQ Q (Avg,Max,Min) (0.91, 1.01, 0.65) (0.24, 0.09, 0.40) #fs:   4  -- #Conts: 4 H(1)  G(1)  A(2) 
   1443969 048.29 || noQ Q (Avg,Max,Min) (1.00, 1.01, 0.98) (0.30, 0.10, 0.41) #fs:   2  -- #Conts: 3 H(1)  G(1)  A(1) 
   1451602 047.29 || noQ Q (Avg,Max,Min) (1.00, 1.01, 0.98) (0.40, 0.40, 0.41) #fs:   2  -- #Conts: 2 H(1)  G(1) 
   1599089 044.94 || noQ Q (Avg,Max,Min) (0.99, 1.01, 0.97) (0.38, 0.34, 0.45) #fs:   2  -- #Conts: 3 H(1)  E(2) 
   1694191 044.24 || noQ Q (Avg,Max,Min) (1.00, 1.02, 0.97) (0.30, 0.01, 0.47) #fs:   3  -- #Conts: 5 H(1)  A(2)  E(1)  C(1) 
   1695204 043.24 || noQ Q (Avg,Max,Min) (1.00, 1.02, 0.97) (0.37, 0.30, 0.47) #fs:   3  -- #Conts: 4 H(1)  A(1)  E(1)  C(1) 
   1708597 042.24 || noQ Q (Avg,Max,Min) (1.01, 1.02, 1.00) (0.39, 0.32, 0.48) #fs:   0  -- #Conts: 3 H(1)  E(1)  C(1) 
   1752143 041.24 || noQ Q (Avg,Max,Min) (1.00, 1.01, 1.00) (0.39, 0.33, 0.49) #fs:   2  -- #Conts: 5 H(1)  A(3)  E(1) 
   1774133 040.24 || noQ Q (Avg,Max,Min) (1.01, 1.01, 1.00) (0.41, 0.34, 0.50) #fs:   0  -- #Conts: 4 H(1)  A(2)  E(1) 
   1806135 039.24 || noQ Q (Avg,Max,Min) (1.01, 1.01, 1.00) (0.44, 0.40, 0.50) #fs:   1  -- #Conts: 3 H(1)  A(1)  E(1) 
   1845169 038.24 || noQ Q (Avg,Max,Min) (1.01, 1.01, 1.00) (0.47, 0.42, 0.51) #fs:   1  -- #Conts: 2 H(1)  E(1) 
   1935905 037.53 || noQ Q (Avg,Max,Min) (1.00, 1.01, 1.00) (0.42, 0.38, 0.54) #fs:   1  -- #Conts: 4 H(1)  A(2)  C(1) 
   1974692 036.53 || noQ Q (Avg,Max,Min) (1.01, 1.01, 1.00) (0.45, 0.39, 0.55) #fs:   0  -- #Conts: 3 H(1)  A(1)  C(1) 
   2015618 035.53 || noQ Q (Avg,Max,Min) (1.01, 1.01, 1.00) (0.48, 0.41, 0.56) #fs:   1  -- #Conts: 2 H(1)  C(1) 
   2074152 034.53 || noQ Q (Avg,Max,Min) (1.00, 1.00, 0.99) (0.47, 0.41, 0.58) #fs:   1  -- #Conts: 4 H(1)  A(3) 
   2121268 033.53 || noQ Q (Avg,Max,Min) (1.00, 1.00, 1.00) (0.51, 0.43, 0.59) #fs:   0  -- #Conts: 3 H(1)  A(2) 
   2171963 032.53 || noQ Q (Avg,Max,Min) (1.00, 1.00, 1.00) (0.56, 0.51, 0.61) #fs:   0  -- #Conts: 2 H(1)  A(1) 
   2233312 031.53 || noQ Q (Avg,Max,Min) (1.00, 1.00, 1.00) (0.62, 0.62, 0.62) #fs:   0  -- #Conts: 1 H(1) 
   2322286 030.76 || noQ Q (Avg,Max,Min) (0.99, 1.01, 0.96) (0.45, 0.33, 0.65) #fs:   3  -- #Conts: 7 G(1)  A(3)  C(3) 
   2382755 029.76 || noQ Q (Avg,Max,Min) (0.99, 1.01, 0.95) (0.48, 0.36, 0.65) #fs:   4  -- #Conts: 6 G(1)  A(2)  C(3) 
   2400197 028.76 || noQ Q (Avg,Max,Min) (0.98, 1.01, 0.88) (0.51, 0.42, 0.67) #fs:   2  -- #Conts: 5 G(1)  A(1)  C(3) 
   2433240 027.76 || noQ Q (Avg,Max,Min) (0.99, 1.01, 0.94) (0.55, 0.49, 0.68) #fs:   1  -- #Conts: 4 G(1)  C(3) 
   2514735 026.76 || noQ Q (Avg,Max,Min) (0.99, 1.01, 0.91) (0.56, 0.49, 0.70) #fs:   3  -- #Conts: 6 G(1)  A(3)  C(2) 
   2582759 025.76 || noQ Q (Avg,Max,Min) (0.99, 1.01, 0.91) (0.58, 0.50, 0.72) #fs:   2  -- #Conts: 5 G(1)  A(2)  C(2) 
   2666569 024.76 || noQ Q (Avg,Max,Min) (0.98, 1.01, 0.93) (0.61, 0.54, 0.74) #fs:   3  -- #Conts: 4 G(1)  A(1)  C(2) 
   2823141 023.76 || noQ Q (Avg,Max,Min) (0.98, 1.00, 0.91) (0.58, 0.48, 0.79) #fs:   4  -- #Conts: 6 G(1)  A(4)  C(1) 
   2899644 022.76 || noQ Q (Avg,Max,Min) (0.97, 1.01, 0.87) (0.65, 0.55, 0.80) #fs:   6  -- #Conts: 5 G(1)  A(3)  C(1) 
   2961111 021.76 || noQ Q (Avg,Max,Min) (0.97, 1.01, 0.87) (0.68, 0.57, 0.82) #fs:   2  -- #Conts: 4 G(1)  A(2)  C(1) 
   3064949 020.76 || noQ Q (Avg,Max,Min) (0.96, 1.01, 0.88) (0.72, 0.61, 0.85) #fs:   3  -- #Conts: 3 G(1)  A(1)  C(1) 
   3165431 019.76 || noQ Q (Avg,Max,Min) (1.01, 1.01, 1.00) (0.80, 0.72, 0.88) #fs:   1  -- #Conts: 2 G(1)  C(1) 
   3445037 018.76 || noQ Q (Avg,Max,Min) (0.83, 1.00, 0.69) (0.70, 0.55, 0.96) #fs:   7  -- #Conts: 4 G(1)  A(3) 
   3517601 017.76 || noQ Q (Avg,Max,Min) (0.95, 1.00, 0.83) (0.82, 0.68, 0.98) #fs:   1  -- #Conts: 3 G(1)  A(2) 
/////////////////size: 110
nodes 50 edges 92
 mulT: 50 mulD: 1  sumData GB 86
pareto /CYBERSHAKE.n.50.0.dax time -> 860.0
moheft /CYBERSHAKE.n.50.0.dax time -> 946.0
distance from M to C 0.05951814346282194
distance from P to C 3.166358902158189
distance from C to M 0.0
distance from C to P 2.7932136497503413
toCompare: /CYBERSHAKE.n.50.0.dax sumDataGB: 86 mulT: 50 mulD: 1 paretoOptTime_MS: 860.0 MoheftOptimizationTime_MS: 946.0 MtoC 0.05951814346282194 PtoC 3.166358902158189 CtoM 0.0 CtoP 2.7932136497503413
