specify -Dflow d,b,mt,md,size
Running /home/vaggelis/jc/CYBERSHAKE.n.50.0.dax mt 5000 md: 5000 size null
  79225321 1986.35 || noQ Q (Avg,Max,Min) (2.50, 3.20, 1.23) (2.46, 1.23, 3.15) #fs:   4  -- #Conts: 9 H(9) 
 110883421 1749.88 || noQ Q (Avg,Max,Min) (2.17, 2.63, 1.18) (2.07, 1.17, 2.61) #fs:   3  -- #Conts: 15 G(15) 
 111025183 1734.12 || noQ Q (Avg,Max,Min) (2.17, 2.63, 1.18) (2.09, 1.17, 2.61) #fs:   3  -- #Conts: 15 G(15) 
 111149085 1718.35 || noQ Q (Avg,Max,Min) (2.04, 2.63, 0.59) (1.97, 0.09, 2.61) #fs:   2  -- #Conts: 14 G(14) 
 111415260 1702.59 || noQ Q (Avg,Max,Min) (2.15, 2.63, 1.18) (2.11, 1.17, 2.61) #fs:   1  -- #Conts: 13 G(13) 
 205789454 1661.06 || noQ Q (Avg,Max,Min) (1.42, 1.93, 0.24) (1.37, 0.17, 1.91) #fs:   3  -- #Conts: 15 H(1)  E(14) 
 205895685 1645.29 || noQ Q (Avg,Max,Min) (1.43, 1.93, 0.39) (1.38, 0.29, 1.91) #fs:   3  -- #Conts: 15 G(1)  E(14) 
 206306072 1642.94 || noQ Q (Avg,Max,Min) (1.42, 1.93, 0.65) (1.32, 0.21, 1.91) #fs:   2  -- #Conts: 16 E(16) 
 206403946 1636.24 || noQ Q (Avg,Max,Min) (1.46, 1.93, 0.73) (1.41, 0.48, 1.91) #fs:   2  -- #Conts: 15 E(15) 
 208137259 1629.53 || noQ Q (Avg,Max,Min) (1.51, 1.93, 1.00) (1.46, 0.48, 1.91) #fs:   1  -- #Conts: 14 E(14) 
/////////////////size: 10
  92536623 1946.00 || noQ Q (Avg,Max,Min) (2.74, 4.70, 1.24) (2.39, 1.24, 4.17) #fs:   4  -- #Conts: 17 H(5)  G(6)  E(6) 
  92599149 1914.47 || noQ Q (Avg,Max,Min) (2.78, 4.70, 1.24) (2.47, 1.24, 4.17) #fs:   2  -- #Conts: 17 H(5)  G(6)  E(6) 
  94418631 1898.71 || noQ Q (Avg,Max,Min) (2.57, 5.37, 1.24) (2.42, 1.21, 5.29) #fs:   2  -- #Conts: 15 H(5)  G(4)  E(6) 
  95973609 1896.71 || noQ Q (Avg,Max,Min) (2.71, 5.32, 1.24) (2.51, 1.24, 5.30) #fs:   2  -- #Conts: 13 H(5)  G(3)  E(5) 
  95997230 1890.00 || noQ Q (Avg,Max,Min) (2.72, 5.32, 1.24) (2.53, 1.24, 5.30) #fs:   2  -- #Conts: 13 H(5)  G(3)  E(5) 
  96570395 1880.59 || noQ Q (Avg,Max,Min) (2.61, 4.54, 1.24) (2.38, 1.24, 4.15) #fs:   4  -- #Conts: 14 H(4)  G(4)  E(6) 
  96762541 1868.82 || noQ Q (Avg,Max,Min) (2.52, 4.70, 1.00) (2.27, 0.19, 4.16) #fs:   3  -- #Conts: 15 H(4)  G(4)  E(6)  C(1) 
  96821021 1864.82 || noQ Q (Avg,Max,Min) (2.63, 4.70, 1.24) (2.42, 1.23, 4.16) #fs:   1  -- #Conts: 14 H(4)  G(4)  E(6) 
  96898673 1849.06 || noQ Q (Avg,Max,Min) (2.52, 4.50, 1.24) (2.40, 1.24, 4.17) #fs:   2  -- #Conts: 13 H(4)  G(3)  E(6) 
  97438246 1844.00 || noQ Q (Avg,Max,Min) (2.30, 4.42, 1.00) (2.12, 0.14, 4.20) #fs:   3  -- #Conts: 16 H(3)  G(6)  E(6)  C(1) 
  97450181 1840.00 || noQ Q (Avg,Max,Min) (2.39, 4.42, 1.00) (2.25, 0.15, 4.21) #fs:   4  -- #Conts: 15 H(3)  G(6)  E(6) 
  97479042 1833.29 || noQ Q (Avg,Max,Min) (2.40, 4.42, 1.00) (2.26, 0.15, 4.21) #fs:   2  -- #Conts: 15 H(3)  G(6)  E(6) 
  97489170 1829.24 || noQ Q (Avg,Max,Min) (2.30, 4.42, 1.00) (2.17, 0.24, 4.21) #fs:   4  -- #Conts: 16 H(3)  G(5)  A(1)  E(6)  C(1) 
  97491599 1825.24 || noQ Q (Avg,Max,Min) (2.38, 4.42, 1.00) (2.29, 0.83, 4.21) #fs:   5  -- #Conts: 15 H(3)  G(5)  A(1)  E(6) 
  97532098 1824.24 || noQ Q (Avg,Max,Min) (2.48, 4.42, 1.24) (2.40, 1.24, 4.21) #fs:   5  -- #Conts: 14 H(3)  G(5)  E(6) 
  97566819 1821.53 || noQ Q (Avg,Max,Min) (2.40, 4.42, 1.00) (2.27, 0.24, 4.21) #fs:   3  -- #Conts: 15 H(3)  G(5)  E(6)  C(1) 
  97578388 1818.53 || noQ Q (Avg,Max,Min) (2.40, 4.42, 1.00) (2.31, 0.83, 4.22) #fs:   3  -- #Conts: 15 H(3)  G(5)  A(1)  E(6) 
  97590455 1817.53 || noQ Q (Avg,Max,Min) (2.49, 4.42, 1.24) (2.41, 1.24, 4.22) #fs:   2  -- #Conts: 14 H(3)  G(5)  E(6) 
  97882706 1814.82 || noQ Q (Avg,Max,Min) (2.39, 4.42, 1.00) (2.29, 0.35, 4.23) #fs:   1  -- #Conts: 15 H(3)  G(5)  E(6)  C(1) 
  98483755 1814.47 || noQ Q (Avg,Max,Min) (2.29, 4.70, 1.00) (2.14, 0.51, 4.23) #fs:   2  -- #Conts: 16 H(2)  G(6)  E(7)  C(1) 
  98568203 1812.12 || noQ Q (Avg,Max,Min) (2.22, 4.70, 1.00) (2.05, 0.24, 4.23) #fs:   2  -- #Conts: 17 H(2)  G(6)  E(8)  C(1) 
  98665448 1811.47 || noQ Q (Avg,Max,Min) (2.29, 4.70, 1.00) (2.16, 0.83, 4.23) #fs:   1  -- #Conts: 16 H(2)  G(6)  A(1)  E(7) 
  98839033 1810.47 || noQ Q (Avg,Max,Min) (2.37, 4.70, 1.24) (2.25, 1.24, 4.23) #fs:   1  -- #Conts: 15 H(2)  G(6)  E(7) 
  99069047 1809.41 || noQ Q (Avg,Max,Min) (2.22, 4.70, 1.00) (2.05, 0.32, 4.23) #fs:   3  -- #Conts: 17 H(2)  G(6)  E(7)  C(2) 
  99086747 1808.71 || noQ Q (Avg,Max,Min) (2.06, 4.24, 1.00) (1.90, 0.32, 4.23) #fs:   2  -- #Conts: 18 H(2)  G(5)  E(9)  C(2) 
  99107609 1808.12 || noQ Q (Avg,Max,Min) (2.29, 4.70, 1.00) (2.16, 0.44, 4.23) #fs:   2  -- #Conts: 16 H(2)  G(6)  E(8) 
  99233735 1804.71 || noQ Q (Avg,Max,Min) (2.12, 4.24, 1.00) (2.00, 0.41, 4.23) #fs:   2  -- #Conts: 17 H(2)  G(5)  E(9)  C(1) 
  99314975 1803.00 || noQ Q (Avg,Max,Min) (2.01, 4.24, 1.00) (1.86, 0.41, 4.23) #fs:   1  -- #Conts: 19 H(2)  G(5)  A(1)  E(9)  C(2) 
  99429480 1801.71 || noQ Q (Avg,Max,Min) (2.12, 4.24, 1.00) (2.02, 0.83, 4.23) #fs:   2  -- #Conts: 17 H(2)  G(5)  A(1)  E(9) 
  99478237 1800.71 || noQ Q (Avg,Max,Min) (2.19, 4.24, 1.24) (2.10, 1.24, 4.23) #fs:   2  -- #Conts: 16 H(2)  G(5)  E(9) 
  99752279 1799.00 || noQ Q (Avg,Max,Min) (2.06, 4.24, 1.00) (1.95, 0.47, 4.23) #fs:   1  -- #Conts: 18 H(2)  G(5)  A(1)  E(9)  C(1) 
  99902210 1798.00 || noQ Q (Avg,Max,Min) (2.12, 4.24, 1.00) (2.02, 0.58, 4.23) #fs:   1  -- #Conts: 17 H(2)  G(5)  E(9)  C(1) 
 100293699 1795.00 || noQ Q (Avg,Max,Min) (2.12, 4.24, 1.00) (2.04, 0.83, 4.23) #fs:   1  -- #Conts: 17 H(2)  G(5)  A(1)  E(9) 
 100456808 1794.00 || noQ Q (Avg,Max,Min) (2.19, 4.24, 1.24) (2.11, 1.24, 4.23) #fs:   1  -- #Conts: 16 H(2)  G(5)  E(9) 
 100789726 1791.06 || noQ Q (Avg,Max,Min) (2.04, 4.24, 0.92) (1.96, 0.60, 4.23) #fs:   2  -- #Conts: 18 H(2)  G(5)  E(8)  C(3) 
 100994378 1786.71 || noQ Q (Avg,Max,Min) (2.06, 4.24, 1.00) (1.97, 0.32, 4.23) #fs:   1  -- #Conts: 17 H(2)  G(5)  E(7)  C(3) 
 101214556 1784.00 || noQ Q (Avg,Max,Min) (2.07, 4.24, 0.93) (1.98, 0.32, 4.23) #fs:   2  -- #Conts: 17 H(2)  G(5)  E(7)  C(3) 
 101571830 1780.00 || noQ Q (Avg,Max,Min) (2.14, 4.24, 1.00) (2.09, 0.95, 4.23) #fs:   0  -- #Conts: 16 H(2)  G(5)  E(7)  C(2) 
 102992833 1778.00 || noQ Q (Avg,Max,Min) (2.07, 4.24, 0.93) (2.01, 0.77, 4.23) #fs:   1  -- #Conts: 17 H(2)  G(5)  A(1)  E(7)  C(2) 
 104790102 1768.94 || noQ Q (Avg,Max,Min) (1.97, 3.18, 1.23) (1.90, 1.23, 3.15) #fs:   2  -- #Conts: 16 H(1)  G(4)  E(10)  C(1) 
 105170323 1741.76 || noQ Q (Avg,Max,Min) (2.40, 4.42, 1.00) (2.25, 0.14, 4.17) #fs:   3  -- #Conts: 18 H(2)  G(11)  E(4)  C(1) 
 105253473 1735.06 || noQ Q (Avg,Max,Min) (2.48, 4.42, 1.00) (2.37, 0.32, 4.17) #fs:   2  -- #Conts: 17 H(2)  G(11)  E(3)  C(1) 
 105465418 1731.06 || noQ Q (Avg,Max,Min) (2.57, 4.42, 1.23) (2.50, 1.23, 4.17) #fs:   3  -- #Conts: 16 H(2)  G(11)  E(3) 
 106144543 1728.00 || noQ Q (Avg,Max,Min) (2.37, 4.42, 1.00) (2.24, 0.24, 4.17) #fs:   6  -- #Conts: 18 H(1)  G(12)  E(4)  C(1) 
 106292102 1724.00 || noQ Q (Avg,Max,Min) (2.45, 4.42, 1.23) (2.36, 1.23, 4.17) #fs:   5  -- #Conts: 17 H(1)  G(12)  E(4) 
 106384680 1721.29 || noQ Q (Avg,Max,Min) (2.38, 4.42, 1.00) (2.26, 0.35, 4.17) #fs:   3  -- #Conts: 18 H(1)  G(12)  E(4)  C(1) 
 106581409 1717.29 || noQ Q (Avg,Max,Min) (2.46, 4.42, 1.23) (2.37, 1.23, 4.17) #fs:   3  -- #Conts: 17 H(1)  G(12)  E(4) 
 106961144 1715.29 || noQ Q (Avg,Max,Min) (2.54, 4.42, 1.23) (2.46, 1.23, 4.17) #fs:   2  -- #Conts: 16 H(1)  G(12)  E(3) 
 108154756 1714.59 || noQ Q (Avg,Max,Min) (2.28, 3.83, 1.00) (2.19, 0.24, 3.82) #fs:   3  -- #Conts: 15 H(1)  G(10)  E(3)  C(1) 
 108260456 1707.88 || noQ Q (Avg,Max,Min) (2.26, 3.83, 0.38) (2.22, 0.35, 3.82) #fs:   4  -- #Conts: 15 H(1)  G(10)  E(3)  C(1) 
 108446947 1703.88 || noQ Q (Avg,Max,Min) (2.40, 3.83, 1.17) (2.36, 1.17, 3.82) #fs:   3  -- #Conts: 14 H(1)  G(10)  E(3) 
 111189826 1697.12 || noQ Q (Avg,Max,Min) (2.09, 3.27, 1.00) (1.96, 0.24, 3.26) #fs:   2  -- #Conts: 17 G(10)  A(2)  E(4)  C(1) 
 111236948 1694.41 || noQ Q (Avg,Max,Min) (2.04, 3.27, 1.00) (1.87, 0.11, 3.26) #fs:   1  -- #Conts: 18 G(10)  A(2)  E(4)  C(2) 
 111265270 1690.41 || noQ Q (Avg,Max,Min) (2.09, 3.27, 0.96) (1.97, 0.27, 3.26) #fs:   2  -- #Conts: 17 G(10)  A(2)  E(4)  C(1) 
 111438855 1689.41 || noQ Q (Avg,Max,Min) (2.15, 3.27, 0.82) (2.04, 0.27, 3.26) #fs:   2  -- #Conts: 16 G(10)  A(1)  E(4)  C(1) 
 111508055 1686.41 || noQ Q (Avg,Max,Min) (2.16, 3.27, 1.00) (2.08, 0.53, 3.26) #fs:   1  -- #Conts: 16 G(10)  A(2)  E(4) 
 114962864 1683.41 || noQ Q (Avg,Max,Min) (2.22, 3.27, 1.00) (2.12, 0.35, 3.26) #fs:   2  -- #Conts: 15 G(10)  A(1)  E(4) 
 115022691 1682.71 || noQ Q (Avg,Max,Min) (2.14, 3.27, 1.00) (2.02, 0.37, 3.26) #fs:   2  -- #Conts: 16 G(10)  A(2)  E(3)  C(1) 
 115458751 1681.41 || noQ Q (Avg,Max,Min) (2.30, 3.27, 1.00) (2.24, 0.49, 3.26) #fs:   2  -- #Conts: 14 G(10)  E(4) 
 115879554 1680.71 || noQ Q (Avg,Max,Min) (2.22, 3.27, 1.00) (2.14, 0.53, 3.26) #fs:   2  -- #Conts: 15 G(10)  A(1)  E(3)  C(1) 
 116300995 1680.24 || noQ Q (Avg,Max,Min) (1.80, 3.26, 1.00) (1.65, 0.24, 3.26) #fs:   0  -- #Conts: 18 G(6)  A(2)  E(7)  C(3) 
 116405392 1676.24 || noQ Q (Avg,Max,Min) (1.84, 3.26, 1.00) (1.73, 0.24, 3.26) #fs:   0  -- #Conts: 17 G(6)  A(2)  E(7)  C(2) 
 116483690 1673.24 || noQ Q (Avg,Max,Min) (1.89, 3.26, 0.93) (1.83, 0.67, 3.26) #fs:   1  -- #Conts: 16 G(6)  A(2)  E(7)  C(1) 
 116651944 1672.24 || noQ Q (Avg,Max,Min) (1.89, 3.26, 1.00) (1.84, 0.59, 3.26) #fs:   1  -- #Conts: 16 G(6)  A(2)  E(7)  C(1) 
 116832336 1671.24 || noQ Q (Avg,Max,Min) (1.89, 3.26, 1.00) (1.86, 0.83, 3.26) #fs:   1  -- #Conts: 16 G(6)  A(2)  E(7)  C(1) 
 116855605 1670.24 || noQ Q (Avg,Max,Min) (1.95, 3.26, 1.00) (1.93, 0.85, 3.26) #fs:   0  -- #Conts: 15 G(6)  A(1)  E(7)  C(1) 
 117103549 1668.24 || noQ Q (Avg,Max,Min) (2.02, 3.26, 1.00) (2.00, 1.00, 3.26) #fs:   0  -- #Conts: 14 G(6)  E(7)  C(1) 
 117468939 1666.82 || noQ Q (Avg,Max,Min) (1.94, 4.27, 1.00) (1.87, 0.24, 4.22) #fs:   1  -- #Conts: 17 G(5)  A(1)  E(10)  C(1) 
 117560670 1662.82 || noQ Q (Avg,Max,Min) (2.00, 4.27, 1.00) (1.98, 0.85, 4.22) #fs:   1  -- #Conts: 16 G(5)  A(1)  E(10) 
 118198717 1661.47 || noQ Q (Avg,Max,Min) (1.94, 4.27, 1.00) (1.87, 0.13, 4.22) #fs:   0  -- #Conts: 16 G(4)  A(1)  E(11) 
 120324843 1659.76 || noQ Q (Avg,Max,Min) (1.75, 2.62, 1.00) (1.71, 0.44, 2.61) #fs:   1  -- #Conts: 14 G(3)  E(10)  C(1) 
 122491445 1658.94 || noQ Q (Avg,Max,Min) (1.74, 2.64, 1.15) (1.73, 1.15, 2.60) #fs:   1  -- #Conts: 15 G(3)  E(10)  C(2) 
 132169351 1656.53 || noQ Q (Avg,Max,Min) (1.61, 2.39, 0.91) (1.58, 0.74, 2.38) #fs:   1  -- #Conts: 17 G(3)  A(3)  E(9)  C(2) 
 139370090 1656.06 || noQ Q (Avg,Max,Min) (1.59, 2.39, 1.00) (1.55, 0.72, 2.38) #fs:   0  -- #Conts: 17 G(3)  A(3)  E(9)  C(2) 
 166121280 1649.41 || noQ Q (Avg,Max,Min) (1.60, 2.64, 0.79) (1.54, 0.62, 2.60) #fs:   1  -- #Conts: 17 G(2)  A(2)  E(9)  C(4) 
 166422907 1648.41 || noQ Q (Avg,Max,Min) (1.59, 2.64, 0.73) (1.54, 0.62, 2.60) #fs:   2  -- #Conts: 17 G(2)  A(2)  E(9)  C(4) 
 166468005 1647.41 || noQ Q (Avg,Max,Min) (1.61, 2.64, 1.00) (1.55, 0.62, 2.60) #fs:   1  -- #Conts: 17 G(2)  A(2)  E(9)  C(4) 
 166591068 1646.41 || noQ Q (Avg,Max,Min) (1.61, 2.64, 1.00) (1.55, 0.62, 2.60) #fs:   0  -- #Conts: 17 G(2)  A(2)  E(9)  C(4) 
 166617167 1645.41 || noQ Q (Avg,Max,Min) (1.61, 2.64, 1.00) (1.57, 0.67, 2.60) #fs:   0  -- #Conts: 17 G(2)  A(2)  E(9)  C(4) 
 166793276 1642.71 || noQ Q (Avg,Max,Min) (1.61, 2.64, 1.00) (1.57, 0.69, 2.60) #fs:   1  -- #Conts: 17 G(2)  A(3)  E(9)  C(3) 
 167106275 1641.71 || noQ Q (Avg,Max,Min) (1.61, 2.64, 1.00) (1.58, 0.85, 2.60) #fs:   1  -- #Conts: 17 G(2)  A(3)  E(9)  C(3) 
 167605041 1640.71 || noQ Q (Avg,Max,Min) (1.61, 2.64, 1.00) (1.58, 0.83, 2.60) #fs:   1  -- #Conts: 17 G(2)  A(3)  E(9)  C(3) 
 192892631 1637.06 || noQ Q (Avg,Max,Min) (1.43, 1.95, 1.00) (1.38, 0.65, 1.95) #fs:   0  -- #Conts: 16 G(1)  A(4)  E(7)  C(4) 
 193136074 1635.06 || noQ Q (Avg,Max,Min) (1.46, 1.95, 0.98) (1.43, 0.85, 1.95) #fs:   2  -- #Conts: 15 G(1)  A(4)  E(7)  C(3) 
 193447230 1634.06 || noQ Q (Avg,Max,Min) (1.46, 1.95, 1.00) (1.43, 0.85, 1.95) #fs:   1  -- #Conts: 15 G(1)  A(4)  E(7)  C(3) 
 193975741 1633.06 || noQ Q (Avg,Max,Min) (1.43, 1.95, 1.00) (1.38, 0.53, 1.95) #fs:   0  -- #Conts: 16 G(1)  A(5)  E(7)  C(3) 
 194060574 1632.06 || noQ Q (Avg,Max,Min) (1.43, 1.95, 1.00) (1.40, 0.83, 1.95) #fs:   0  -- #Conts: 16 G(1)  A(5)  E(7)  C(3) 
 194223683 1631.06 || noQ Q (Avg,Max,Min) (1.46, 1.95, 1.00) (1.43, 0.85, 1.95) #fs:   0  -- #Conts: 15 G(1)  A(4)  E(7)  C(3) 
 218634524 1629.24 || noQ Q (Avg,Max,Min) (1.46, 2.98, 0.90) (1.42, 0.67, 2.97) #fs:   1  -- #Conts: 18 G(1)  A(5)  E(8)  C(4) 
 219001088 1628.24 || noQ Q (Avg,Max,Min) (1.47, 2.98, 1.00) (1.42, 0.67, 2.97) #fs:   0  -- #Conts: 18 G(1)  A(5)  E(8)  C(4) 
 219180695 1627.24 || noQ Q (Avg,Max,Min) (1.47, 2.98, 1.00) (1.44, 0.85, 2.97) #fs:   0  -- #Conts: 18 G(1)  A(5)  E(8)  C(4) 
/////////////////size: 91
nodes 50 edges 92
 mulT: 5000 mulD: 5000  sumData GB 431512
pareto /CYBERSHAKE.n.50.0.dax time -> 793.0
moheft /CYBERSHAKE.n.50.0.dax time -> 1523.0
distance from M to C 0.0
distance from P to C 6.045686856770282
distance from C to M 0.7077490795318502
distance from C to P 26.705970682143708
toCompare: /CYBERSHAKE.n.50.0.dax sumDataGB: 431512 mulT: 5000 mulD: 5000 paretoOptTime_MS: 793.0 MoheftOptimizationTime_MS: 1523.0 MtoC 0.0 PtoC 6.045686856770282 CtoM 0.7077490795318502 CtoP 26.705970682143708
