specify -Dflow d,b,mt,md,size
Running /home/vaggelis/jc/SIPHT.n.50.0.dax mt 1000 md: 10000 size null
 138132634 3815.06 || noQ Q (Avg,Max,Min) (1.05, 1.58, 0.65) (0.96, 0.63, 1.45) #fs:   2  -- #Conts: 9 H(9) 
 138150348 3342.12 || noQ Q (Avg,Max,Min) (1.09, 1.58, 1.00) (1.00, 0.73, 1.45) #fs:   1  -- #Conts: 9 H(9) 
 223019954 2900.71 || noQ Q (Avg,Max,Min) (1.02, 1.07, 1.00) (1.00, 0.93, 1.06) #fs:   0  -- #Conts: 7 H(1)  G(6) 
 233063228 2853.41 || noQ Q (Avg,Max,Min) (1.02, 1.07, 1.00) (1.00, 0.93, 1.06) #fs:   0  -- #Conts: 7 G(7) 
 505131839 2731.76 || noQ Q (Avg,Max,Min) (1.01, 1.03, 1.00) (0.99, 0.93, 1.03) #fs:   0  -- #Conts: 8 G(1)  E(7) 
 520892496 2715.76 || noQ Q (Avg,Max,Min) (1.01, 1.03, 1.00) (1.00, 0.96, 1.03) #fs:   0  -- #Conts: 8 E(7)  C(1) 
 525198879 2709.06 || noQ Q (Avg,Max,Min) (1.01, 1.03, 1.00) (1.00, 0.96, 1.03) #fs:   0  -- #Conts: 8 E(7)  C(1) 
/////////////////size: 7
 143326928 3232.24 || noQ Q (Avg,Max,Min) (1.06, 1.35, 1.00) (1.02, 0.77, 1.33) #fs:   0  -- #Conts: 8 H(4)  G(2)  C(2) 
 147045649 3222.47 || noQ Q (Avg,Max,Min) (1.07, 1.36, 1.00) (1.05, 0.92, 1.35) #fs:   0  -- #Conts: 9 H(4)  G(3)  A(1)  C(1) 
 147520328 3222.12 || noQ Q (Avg,Max,Min) (1.06, 1.36, 1.00) (1.01, 0.62, 1.35) #fs:   0  -- #Conts: 9 H(4)  G(2)  A(1)  E(1)  C(1) 
 147724261 3221.12 || noQ Q (Avg,Max,Min) (1.06, 1.35, 1.00) (1.02, 0.74, 1.34) #fs:   0  -- #Conts: 9 H(4)  G(2)  A(1)  E(1)  C(1) 
 148104370 3220.12 || noQ Q (Avg,Max,Min) (1.06, 1.36, 1.00) (1.02, 0.79, 1.35) #fs:   1  -- #Conts: 9 H(4)  G(2)  A(1)  E(1)  C(1) 
 150999848 3219.71 || noQ Q (Avg,Max,Min) (1.06, 1.35, 1.00) (1.02, 0.80, 1.34) #fs:   0  -- #Conts: 9 H(4)  G(2)  A(1)  C(2) 
 151569991 3218.82 || noQ Q (Avg,Max,Min) (1.06, 1.35, 1.00) (0.99, 0.58, 1.34) #fs:   0  -- #Conts: 10 H(4)  G(2)  A(2)  E(1)  C(1) 
 151696971 3218.71 || noQ Q (Avg,Max,Min) (1.06, 1.35, 1.00) (1.03, 0.88, 1.34) #fs:   0  -- #Conts: 9 H(4)  G(2)  A(1)  C(2) 
 151722051 3217.82 || noQ Q (Avg,Max,Min) (1.06, 1.35, 1.00) (1.04, 0.89, 1.34) #fs:   0  -- #Conts: 9 H(4)  G(2)  A(1)  E(1)  C(1) 
 152182704 3216.82 || noQ Q (Avg,Max,Min) (1.07, 1.35, 1.00) (1.05, 0.94, 1.34) #fs:   0  -- #Conts: 8 H(4)  G(2)  E(1)  C(1) 
 159138148 3216.71 || noQ Q (Avg,Max,Min) (1.07, 1.35, 1.00) (1.05, 0.95, 1.34) #fs:   0  -- #Conts: 8 H(4)  G(2)  C(2) 
 162833142 3201.71 || noQ Q (Avg,Max,Min) (1.05, 1.35, 0.94) (1.03, 0.90, 1.34) #fs:   1  -- #Conts: 9 H(4)  G(3)  A(1)  C(1) 
 162931507 3200.71 || noQ Q (Avg,Max,Min) (1.05, 1.35, 1.00) (1.03, 0.94, 1.34) #fs:   0  -- #Conts: 9 H(4)  G(3)  A(1)  C(1) 
 163255618 3198.71 || noQ Q (Avg,Max,Min) (1.05, 1.35, 1.00) (1.03, 0.92, 1.34) #fs:   0  -- #Conts: 9 H(4)  G(3)  A(1)  C(1) 
 164734566 3195.71 || noQ Q (Avg,Max,Min) (1.07, 1.35, 1.00) (0.92, 0.15, 1.34) #fs:   0  -- #Conts: 10 H(4)  G(3)  A(1)  C(2) 
 164742083 3191.71 || noQ Q (Avg,Max,Min) (1.05, 1.35, 1.00) (1.01, 0.68, 1.34) #fs:   0  -- #Conts: 9 H(4)  G(3)  A(1)  C(1) 
 165157535 3189.71 || noQ Q (Avg,Max,Min) (1.06, 1.35, 1.00) (0.99, 0.58, 1.34) #fs:   0  -- #Conts: 9 H(4)  G(3)  A(1)  C(1) 
 165165052 3188.71 || noQ Q (Avg,Max,Min) (1.06, 1.35, 1.00) (1.05, 0.96, 1.34) #fs:   0  -- #Conts: 8 H(4)  G(3)  C(1) 
 173324546 3169.41 || noQ Q (Avg,Max,Min) (1.03, 1.06, 1.00) (1.01, 0.93, 1.06) #fs:   0  -- #Conts: 7 H(3)  G(2)  C(2) 
 174068864 3141.41 || noQ Q (Avg,Max,Min) (1.02, 1.06, 1.00) (1.01, 0.96, 1.04) #fs:   0  -- #Conts: 7 H(3)  G(3)  C(1) 
 185777745 3056.24 || noQ Q (Avg,Max,Min) (1.03, 1.15, 1.00) (1.02, 0.88, 1.14) #fs:   0  -- #Conts: 9 H(3)  G(3)  A(2)  E(1) 
 216463119 2914.00 || noQ Q (Avg,Max,Min) (1.01, 1.02, 1.00) (1.01, 1.00, 1.02) #fs:   1  -- #Conts: 6 H(2)  G(3)  E(1) 
 221713466 2913.65 || noQ Q (Avg,Max,Min) (1.01, 1.03, 1.00) (1.01, 0.99, 1.03) #fs:   0  -- #Conts: 7 H(2)  G(3)  A(1)  E(1) 
 221821167 2912.65 || noQ Q (Avg,Max,Min) (1.02, 1.03, 1.00) (1.01, 1.00, 1.03) #fs:   0  -- #Conts: 7 H(2)  G(3)  A(1)  E(1) 
 221940345 2911.65 || noQ Q (Avg,Max,Min) (1.01, 1.03, 1.00) (1.01, 1.00, 1.03) #fs:   0  -- #Conts: 6 H(2)  G(3)  E(1) 
 222318378 2887.12 || noQ Q (Avg,Max,Min) (1.47, 3.22, 1.00) (0.75, 0.04, 1.02) #fs:   1  -- #Conts: 8 H(2)  G(3)  A(2)  E(1) 
 222343014 2855.59 || noQ Q (Avg,Max,Min) (1.02, 1.06, 1.00) (0.92, 0.50, 1.02) #fs:   1  -- #Conts: 7 H(1)  G(3)  A(2)  E(1) 
 222441379 2854.59 || noQ Q (Avg,Max,Min) (1.01, 1.02, 1.00) (0.99, 0.88, 1.02) #fs:   1  -- #Conts: 6 H(1)  G(3)  A(1)  E(1) 
 222495191 2853.59 || noQ Q (Avg,Max,Min) (1.01, 1.02, 1.00) (1.01, 1.00, 1.02) #fs:   1  -- #Conts: 6 H(1)  G(3)  A(1)  E(1) 
 222723747 2852.59 || noQ Q (Avg,Max,Min) (1.01, 1.02, 1.00) (1.00, 0.98, 1.02) #fs:   1  -- #Conts: 6 H(1)  G(3)  A(1)  E(1) 
 222921056 2851.59 || noQ Q (Avg,Max,Min) (1.01, 1.02, 1.00) (1.01, 0.99, 1.02) #fs:   1  -- #Conts: 6 H(1)  G(3)  A(1)  E(1) 
 223123574 2850.59 || noQ Q (Avg,Max,Min) (1.01, 1.02, 1.00) (1.01, 1.00, 1.02) #fs:   1  -- #Conts: 6 H(1)  G(3)  A(1)  E(1) 
 247197447 2838.12 || noQ Q (Avg,Max,Min) (1.28, 2.88, 1.00) (0.83, 0.05, 1.02) #fs:   1  -- #Conts: 7 H(1)  G(4)  E(1)  C(1) 
 247221681 2806.59 || noQ Q (Avg,Max,Min) (1.02, 1.05, 1.00) (0.97, 0.78, 1.02) #fs:   1  -- #Conts: 6 G(4)  E(1)  C(1) 
 252010863 2802.24 || noQ Q (Avg,Max,Min) (1.01, 1.03, 1.00) (1.01, 0.98, 1.03) #fs:   0  -- #Conts: 6 G(4)  A(1)  E(1) 
 252308388 2801.24 || noQ Q (Avg,Max,Min) (1.01, 1.03, 1.00) (1.01, 0.99, 1.03) #fs:   1  -- #Conts: 6 G(4)  A(1)  E(1) 
 252401546 2800.24 || noQ Q (Avg,Max,Min) (1.01, 1.03, 1.00) (1.01, 0.99, 1.03) #fs:   1  -- #Conts: 6 G(4)  A(1)  E(1) 
 252484557 2799.24 || noQ Q (Avg,Max,Min) (1.01, 1.03, 1.00) (1.01, 0.99, 1.03) #fs:   0  -- #Conts: 6 G(4)  A(1)  E(1) 
 252774583 2798.24 || noQ Q (Avg,Max,Min) (1.01, 1.03, 1.00) (1.01, 0.99, 1.03) #fs:   0  -- #Conts: 6 G(4)  A(1)  E(1) 
 253014710 2797.24 || noQ Q (Avg,Max,Min) (1.01, 1.03, 1.00) (1.01, 0.97, 1.03) #fs:   0  -- #Conts: 6 G(4)  A(1)  E(1) 
 253202183 2796.24 || noQ Q (Avg,Max,Min) (1.01, 1.03, 1.00) (1.01, 0.99, 1.03) #fs:   0  -- #Conts: 6 G(4)  A(1)  E(1) 
 253376158 2795.24 || noQ Q (Avg,Max,Min) (1.01, 1.03, 1.00) (1.01, 0.98, 1.03) #fs:   0  -- #Conts: 6 G(4)  A(1)  E(1) 
 317967154 2792.12 || noQ Q (Avg,Max,Min) (1.01, 1.02, 1.00) (1.00, 0.98, 1.02) #fs:   1  -- #Conts: 6 G(4)  E(2) 
 320521158 2792.06 || noQ Q (Avg,Max,Min) (1.02, 1.05, 1.00) (1.01, 0.98, 1.05) #fs:   1  -- #Conts: 6 G(4)  A(1)  E(1) 
 320726655 2789.35 || noQ Q (Avg,Max,Min) (1.05, 1.22, 1.00) (0.88, 0.15, 1.05) #fs:   1  -- #Conts: 7 G(4)  A(1)  E(1)  C(1) 
 322267929 2786.35 || noQ Q (Avg,Max,Min) (1.02, 1.05, 1.00) (0.94, 0.58, 1.05) #fs:   1  -- #Conts: 7 G(4)  A(2)  E(1) 
 329669972 2780.47 || noQ Q (Avg,Max,Min) (1.05, 1.35, 1.00) (1.02, 0.83, 1.33) #fs:   1  -- #Conts: 8 G(4)  A(1)  E(2)  C(1) 
 329930079 2779.47 || noQ Q (Avg,Max,Min) (1.05, 1.35, 1.00) (1.02, 0.86, 1.33) #fs:   2  -- #Conts: 8 G(4)  A(1)  E(2)  C(1) 
 330130625 2778.47 || noQ Q (Avg,Max,Min) (1.05, 1.35, 1.00) (1.02, 0.91, 1.33) #fs:   1  -- #Conts: 8 G(4)  A(1)  E(2)  C(1) 
 333976355 2777.18 || noQ Q (Avg,Max,Min) (1.06, 1.35, 1.00) (0.99, 0.58, 1.33) #fs:   1  -- #Conts: 8 G(4)  A(2)  E(2) 
 334128415 2776.18 || noQ Q (Avg,Max,Min) (1.06, 1.35, 1.00) (1.04, 0.94, 1.33) #fs:   1  -- #Conts: 7 G(4)  A(1)  E(2) 
 334589068 2775.18 || noQ Q (Avg,Max,Min) (1.06, 1.35, 1.00) (1.04, 0.94, 1.33) #fs:   1  -- #Conts: 7 G(4)  A(1)  E(2) 
 335082345 2774.18 || noQ Q (Avg,Max,Min) (1.06, 1.35, 1.00) (1.04, 0.93, 1.33) #fs:   1  -- #Conts: 7 G(4)  A(1)  E(2) 
 335542998 2773.18 || noQ Q (Avg,Max,Min) (1.06, 1.35, 1.00) (1.04, 0.92, 1.33) #fs:   1  -- #Conts: 7 G(4)  A(1)  E(2) 
 338895451 2772.88 || noQ Q (Avg,Max,Min) (1.06, 1.35, 1.00) (1.01, 0.68, 1.33) #fs:   1  -- #Conts: 7 G(4)  A(1)  E(2) 
 339236668 2771.88 || noQ Q (Avg,Max,Min) (1.06, 1.35, 1.00) (0.99, 0.58, 1.33) #fs:   1  -- #Conts: 8 G(4)  A(2)  E(2) 
 339388728 2770.88 || noQ Q (Avg,Max,Min) (1.06, 1.35, 1.00) (1.05, 1.00, 1.33) #fs:   1  -- #Conts: 7 G(4)  A(1)  E(2) 
 347179721 2770.53 || noQ Q (Avg,Max,Min) (1.02, 1.06, 1.00) (0.92, 0.50, 1.02) #fs:   1  -- #Conts: 6 G(3)  A(1)  E(2) 
 350728799 2769.76 || noQ Q (Avg,Max,Min) (1.02, 1.06, 1.00) (0.94, 0.50, 1.03) #fs:   0  -- #Conts: 7 G(3)  A(2)  E(2) 
 353769157 2769.47 || noQ Q (Avg,Max,Min) (0.99, 1.03, 0.88) (0.94, 0.54, 1.03) #fs:   1  -- #Conts: 7 G(3)  A(2)  E(2) 
 435405797 2763.00 || noQ Q (Avg,Max,Min) (1.21, 2.88, 1.00) (0.88, 0.05, 1.13) #fs:   1  -- #Conts: 10 H(1)  A(2)  G(2)  E(5) 
 435430031 2731.47 || noQ Q (Avg,Max,Min) (1.03, 1.13, 1.00) (0.97, 0.63, 1.13) #fs:   1  -- #Conts: 9 A(2)  G(2)  E(5) 
 435441599 2730.47 || noQ Q (Avg,Max,Min) (1.02, 1.13, 1.00) (1.02, 0.97, 1.13) #fs:   0  -- #Conts: 8 A(1)  G(2)  E(5) 
 435563468 2729.47 || noQ Q (Avg,Max,Min) (1.02, 1.13, 1.00) (1.02, 0.98, 1.13) #fs:   0  -- #Conts: 8 A(1)  G(2)  E(5) 
 435735394 2728.47 || noQ Q (Avg,Max,Min) (1.02, 1.13, 1.00) (1.02, 0.99, 1.13) #fs:   0  -- #Conts: 8 A(1)  G(2)  E(5) 
 436009219 2727.47 || noQ Q (Avg,Max,Min) (1.02, 1.13, 1.00) (1.02, 0.99, 1.13) #fs:   0  -- #Conts: 8 A(1)  G(2)  E(5) 
 479209616 2727.41 || noQ Q (Avg,Max,Min) (1.02, 1.13, 1.00) (1.01, 0.96, 1.13) #fs:   0  -- #Conts: 9 A(3)  G(1)  E(5) 
 479471495 2726.41 || noQ Q (Avg,Max,Min) (1.02, 1.13, 1.00) (1.01, 0.96, 1.13) #fs:   0  -- #Conts: 9 A(3)  G(1)  E(5) 
 479676327 2725.41 || noQ Q (Avg,Max,Min) (1.02, 1.13, 1.00) (1.01, 0.96, 1.13) #fs:   0  -- #Conts: 9 A(3)  G(1)  E(5) 
 479880579 2724.41 || noQ Q (Avg,Max,Min) (1.02, 1.13, 1.00) (1.01, 0.96, 1.13) #fs:   0  -- #Conts: 9 A(3)  G(1)  E(5) 
 480037775 2723.41 || noQ Q (Avg,Max,Min) (1.02, 1.13, 1.00) (1.02, 1.00, 1.13) #fs:   0  -- #Conts: 8 A(2)  G(1)  E(5) 
 500810854 2721.47 || noQ Q (Avg,Max,Min) (1.01, 1.05, 1.00) (1.00, 0.97, 1.05) #fs:   0  -- #Conts: 7 A(2)  G(1)  E(4) 
 501032698 2720.47 || noQ Q (Avg,Max,Min) (1.01, 1.05, 1.00) (1.01, 0.99, 1.05) #fs:   0  -- #Conts: 7 A(2)  G(1)  E(4) 
 501203877 2719.47 || noQ Q (Avg,Max,Min) (1.01, 1.05, 1.00) (1.01, 1.00, 1.05) #fs:   0  -- #Conts: 7 A(2)  G(1)  E(4) 
 501760248 2718.47 || noQ Q (Avg,Max,Min) (1.01, 1.05, 1.00) (1.01, 1.00, 1.05) #fs:   0  -- #Conts: 7 A(2)  G(1)  E(4) 
 502245696 2717.47 || noQ Q (Avg,Max,Min) (1.01, 1.05, 1.00) (1.01, 1.00, 1.05) #fs:   0  -- #Conts: 7 A(2)  G(1)  E(4) 
 502690691 2716.47 || noQ Q (Avg,Max,Min) (1.01, 1.05, 1.00) (1.01, 1.00, 1.05) #fs:   0  -- #Conts: 7 A(2)  G(1)  E(4) 
 503156565 2715.47 || noQ Q (Avg,Max,Min) (1.01, 1.05, 1.00) (1.01, 1.00, 1.05) #fs:   0  -- #Conts: 7 A(2)  G(1)  E(4) 
 503617218 2714.47 || noQ Q (Avg,Max,Min) (1.01, 1.05, 1.00) (1.01, 1.00, 1.05) #fs:   0  -- #Conts: 7 A(2)  G(1)  E(4) 
 509540682 2714.18 || noQ Q (Avg,Max,Min) (1.02, 1.06, 1.00) (0.91, 0.50, 1.05) #fs:   0  -- #Conts: 10 A(5)  G(1)  E(4) 
 511780938 2710.71 || noQ Q (Avg,Max,Min) (1.05, 1.34, 1.00) (1.04, 0.98, 1.34) #fs:   1  -- #Conts: 9 A(3)  G(1)  E(5) 
 511950712 2704.00 || noQ Q (Avg,Max,Min) (1.05, 1.34, 1.00) (1.04, 0.99, 1.34) #fs:   0  -- #Conts: 9 A(3)  G(1)  E(5) 
 512342111 2703.00 || noQ Q (Avg,Max,Min) (1.05, 1.34, 1.00) (1.04, 0.99, 1.34) #fs:   0  -- #Conts: 9 A(3)  G(1)  E(5) 
 512768610 2702.00 || noQ Q (Avg,Max,Min) (1.05, 1.34, 1.00) (1.04, 0.99, 1.34) #fs:   0  -- #Conts: 9 A(3)  G(1)  E(5) 
 513291277 2701.00 || noQ Q (Avg,Max,Min) (1.05, 1.34, 1.00) (1.04, 0.99, 1.34) #fs:   0  -- #Conts: 9 A(3)  G(1)  E(5) 
 513746712 2700.00 || noQ Q (Avg,Max,Min) (1.05, 1.34, 1.00) (1.04, 0.99, 1.34) #fs:   0  -- #Conts: 9 A(3)  G(1)  E(5) 
 514207365 2699.00 || noQ Q (Avg,Max,Min) (1.05, 1.34, 1.00) (1.05, 0.99, 1.34) #fs:   0  -- #Conts: 8 A(2)  G(1)  E(5) 
2329039111 2693.65 || noQ Q (Avg,Max,Min) (1.05, 1.35, 1.00) (1.05, 0.98, 1.35) #fs:   0  -- #Conts: 7 A(3)  G(1)  E(2)  C(1) 
2329191171 2692.65 || noQ Q (Avg,Max,Min) (1.05, 1.35, 1.00) (1.05, 0.99, 1.35) #fs:   0  -- #Conts: 7 A(3)  G(1)  E(2)  C(1) 
2329458728 2691.65 || noQ Q (Avg,Max,Min) (1.05, 1.35, 1.00) (1.05, 0.99, 1.35) #fs:   0  -- #Conts: 7 A(3)  G(1)  E(2)  C(1) 
2329848558 2690.65 || noQ Q (Avg,Max,Min) (1.05, 1.35, 1.00) (1.05, 0.99, 1.35) #fs:   0  -- #Conts: 7 A(3)  G(1)  E(2)  C(1) 
2330462573 2689.65 || noQ Q (Avg,Max,Min) (1.05, 1.35, 1.00) (1.05, 1.00, 1.35) #fs:   0  -- #Conts: 7 A(3)  G(1)  E(2)  C(1) 
2330901043 2688.65 || noQ Q (Avg,Max,Min) (1.05, 1.35, 1.00) (1.05, 1.00, 1.35) #fs:   0  -- #Conts: 7 A(3)  G(1)  E(2)  C(1) 
2331363003 2687.65 || noQ Q (Avg,Max,Min) (1.05, 1.35, 1.00) (1.05, 1.00, 1.35) #fs:   0  -- #Conts: 7 A(3)  G(1)  E(2)  C(1) 
2336664314 2687.35 || noQ Q (Avg,Max,Min) (1.06, 1.35, 1.00) (0.98, 0.50, 1.35) #fs:   0  -- #Conts: 8 A(4)  G(1)  E(2)  C(1) 
/////////////////size: 95
nodes 48 edges 56
 mulT: 1000 mulD: 10000  sumData GB 13488
pareto /SIPHT.n.50.0.dax time -> 743.0
moheft /SIPHT.n.50.0.dax time -> 1137.0
distance from M to C 0.0
distance from P to C 6.5239978067523845
distance from C to M 7.150455336956913
distance from C to P 64.90611015123123
toCompare: /SIPHT.n.50.0.dax sumDataGB: 13488 mulT: 1000 mulD: 10000 paretoOptTime_MS: 743.0 MoheftOptimizationTime_MS: 1137.0 MtoC 0.0 PtoC 6.5239978067523845 CtoM 7.150455336956913 CtoP 64.90611015123123
