specify -Dflow d,b,mt,md,size
Running /home/vaggelis/jc/MONTAGE.n.50.0.dax mt 1 md: 5000 size null
     17309 031.53 || noQ Q (Avg,Max,Min) (755.01, 755.01, 10.00) (3.63, 3.63, 3.63) #fs:   0  -- #Conts: 1 H(1) 
     29653 015.76 || noQ Q (Avg,Max,Min) (441.13, 441.13, 10.00) (3.63, 3.63, 3.63) #fs:   0  -- #Conts: 1 G(1) 
     66838 006.71 || noQ Q (Avg,Max,Min) (196.27, 196.27, 10.00) (3.64, 3.64, 3.64) #fs:   0  -- #Conts: 1 E(1) 
    115480 004.00 || noQ Q (Avg,Max,Min) (114.02, 114.02, 10.00) (3.66, 3.66, 3.66) #fs:   0  -- #Conts: 1 C(1) 
    512020 001.00 || noQ Q (Avg,Max,Min) (26.49, 26.49, 10.00) (3.77, 3.77, 3.77) #fs:   0  -- #Conts: 1 A(1) 
/////////////////size: 5
     29653 015.76 || noQ Q (Avg,Max,Min) (441.13, 441.13, 10.00) (3.63, 3.63, 3.63) #fs:   0  -- #Conts: 1 G(1) 
     66838 006.71 || noQ Q (Avg,Max,Min) (196.27, 196.27, 10.00) (3.64, 3.64, 3.64) #fs:   0  -- #Conts: 1 E(1) 
    115480 004.00 || noQ Q (Avg,Max,Min) (114.02, 114.02, 10.00) (3.66, 3.66, 3.66) #fs:   0  -- #Conts: 1 C(1) 
    512020 001.00 || noQ Q (Avg,Max,Min) (26.49, 26.49, 10.00) (3.77, 3.77, 3.77) #fs:   0  -- #Conts: 1 A(1) 
/////////////////size: 4
nodes 50 edges 108
 mulT: 1 mulD: 5000  sumData GB 4689
pareto /MONTAGE.n.50.0.dax time -> 167.0
moheft /MONTAGE.n.50.0.dax time -> 103.0
distance from M to C 0.0
distance from P to C 0.0
distance from C to M 0.025
distance from C to P 0.0
toCompare: /MONTAGE.n.50.0.dax sumDataGB: 4689 mulT: 1 mulD: 5000 paretoOptTime_MS: 167.0 MoheftOptimizationTime_MS: 103.0 MtoC 0.0 PtoC 0.0 CtoM 0.025 CtoP 0.0
