specify -Dflow d,b,mt,md,size
Running /home/vaggelis/jc/MONTAGE.n.100.0.dax mt 100 md: 1000 size null
    797976 1103.53 || noQ Q (Avg,Max,Min) (2.96, 4.85, 1.37) (0.10, 0.03, 0.62) #fs:  10  -- #Conts: 35 H(35) 
    805751 1072.00 || noQ Q (Avg,Max,Min) (2.92, 4.78, 1.37) (0.11, 0.03, 0.62) #fs:   9  -- #Conts: 34 H(34) 
    808667 1040.47 || noQ Q (Avg,Max,Min) (2.91, 4.75, 1.36) (0.11, 0.03, 0.62) #fs:  10  -- #Conts: 33 H(33) 
    811830 1008.94 || noQ Q (Avg,Max,Min) (2.90, 4.72, 1.34) (0.11, 0.03, 0.62) #fs:   9  -- #Conts: 32 H(32) 
    816992 977.41 || noQ Q (Avg,Max,Min) (2.90, 4.68, 1.32) (0.12, 0.03, 0.62) #fs:   9  -- #Conts: 31 H(31) 
    818596 961.65 || noQ Q (Avg,Max,Min) (2.87, 4.66, 1.31) (0.12, 0.03, 0.62) #fs:  10  -- #Conts: 31 H(30)  G(1) 
    818733 930.12 || noQ Q (Avg,Max,Min) (2.86, 4.65, 1.30) (0.12, 0.03, 0.62) #fs:  10  -- #Conts: 30 H(29)  G(1) 
    819357 914.35 || noQ Q (Avg,Max,Min) (2.82, 4.65, 1.30) (0.12, 0.03, 0.62) #fs:  10  -- #Conts: 30 H(28)  G(2) 
    820835 898.59 || noQ Q (Avg,Max,Min) (2.79, 4.63, 1.29) (0.12, 0.03, 0.62) #fs:  10  -- #Conts: 30 H(27)  G(3) 
    820926 882.82 || noQ Q (Avg,Max,Min) (2.81, 4.63, 1.29) (0.13, 0.03, 0.62) #fs:  10  -- #Conts: 29 H(27)  G(2) 
    821343 867.06 || noQ Q (Avg,Max,Min) (2.77, 4.63, 1.29) (0.13, 0.03, 0.62) #fs:  10  -- #Conts: 29 H(26)  G(3) 
    821994 851.29 || noQ Q (Avg,Max,Min) (2.78, 4.62, 1.28) (0.13, 0.03, 0.62) #fs:   9  -- #Conts: 29 H(25)  G(4) 
    822041 835.53 || noQ Q (Avg,Max,Min) (2.74, 4.62, 1.28) (0.13, 0.03, 0.62) #fs:   9  -- #Conts: 29 H(24)  G(5) 
    822106 788.24 || noQ Q (Avg,Max,Min) (2.74, 4.60, 1.29) (0.14, 0.03, 0.62) #fs:   9  -- #Conts: 27 H(23)  G(4) 
    822182 772.47 || noQ Q (Avg,Max,Min) (2.70, 4.60, 1.29) (0.14, 0.03, 0.62) #fs:   9  -- #Conts: 27 H(22)  G(5) 
    822250 740.94 || noQ Q (Avg,Max,Min) (2.68, 4.60, 1.30) (0.14, 0.03, 0.62) #fs:   9  -- #Conts: 26 H(21)  G(5) 
    822574 725.18 || noQ Q (Avg,Max,Min) (2.64, 4.60, 1.30) (0.14, 0.03, 0.62) #fs:   9  -- #Conts: 26 H(20)  G(6) 
    824053 709.41 || noQ Q (Avg,Max,Min) (2.60, 4.58, 1.29) (0.14, 0.04, 0.62) #fs:   9  -- #Conts: 26 H(19)  G(7) 
    829008 693.65 || noQ Q (Avg,Max,Min) (2.67, 4.56, 1.26) (0.15, 0.04, 0.62) #fs:   9  -- #Conts: 24 H(20)  G(4) 
    830679 677.88 || noQ Q (Avg,Max,Min) (2.69, 4.54, 1.26) (0.16, 0.04, 0.62) #fs:   9  -- #Conts: 23 H(20)  G(3) 
    831837 662.12 || noQ Q (Avg,Max,Min) (2.72, 4.53, 1.24) (0.17, 0.04, 0.62) #fs:   9  -- #Conts: 22 H(20)  G(2) 
    832228 646.35 || noQ Q (Avg,Max,Min) (2.74, 4.52, 1.25) (0.18, 0.07, 0.62) #fs:   9  -- #Conts: 21 H(20)  G(1) 
    832588 614.82 || noQ Q (Avg,Max,Min) (2.74, 4.53, 1.25) (0.18, 0.07, 0.62) #fs:   9  -- #Conts: 20 H(19)  G(1) 
    832991 583.29 || noQ Q (Avg,Max,Min) (2.72, 4.74, 1.25) (0.19, 0.08, 0.65) #fs:   9  -- #Conts: 19 H(18)  G(1) 
    842552 567.53 || noQ Q (Avg,Max,Min) (2.70, 4.68, 1.65) (0.20, 0.10, 0.65) #fs:   9  -- #Conts: 18 H(18) 
    853522 536.00 || noQ Q (Avg,Max,Min) (2.69, 4.58, 1.58) (0.21, 0.10, 0.65) #fs:   9  -- #Conts: 17 H(17) 
    857697 504.47 || noQ Q (Avg,Max,Min) (2.67, 4.54, 1.56) (0.23, 0.10, 0.65) #fs:  10  -- #Conts: 16 H(16) 
    866770 472.94 || noQ Q (Avg,Max,Min) (2.64, 4.30, 1.51) (0.24, 0.10, 0.68) #fs:  10  -- #Conts: 15 H(15) 
    868695 441.41 || noQ Q (Avg,Max,Min) (2.69, 4.66, 1.09) (0.26, 0.09, 0.68) #fs:  10  -- #Conts: 14 H(14) 
    878644 409.88 || noQ Q (Avg,Max,Min) (2.60, 4.40, 1.85) (0.28, 0.13, 0.72) #fs:   9  -- #Conts: 13 H(13) 
    889175 378.35 || noQ Q (Avg,Max,Min) (2.58, 4.34, 1.88) (0.30, 0.13, 0.72) #fs:   9  -- #Conts: 12 H(12) 
    903564 346.82 || noQ Q (Avg,Max,Min) (2.58, 4.43, 1.80) (0.33, 0.13, 0.75) #fs:  10  -- #Conts: 11 H(11) 
    916762 315.29 || noQ Q (Avg,Max,Min) (2.56, 4.33, 2.04) (0.36, 0.16, 0.75) #fs:  10  -- #Conts: 10 H(10) 
    939534 283.76 || noQ Q (Avg,Max,Min) (2.53, 4.07, 2.11) (0.40, 0.16, 0.78) #fs:  10  -- #Conts: 9 H(9) 
    962283 252.24 || noQ Q (Avg,Max,Min) (2.53, 4.11, 1.74) (0.45, 0.25, 0.81) #fs:   9  -- #Conts: 8 H(8) 
    991784 220.71 || noQ Q (Avg,Max,Min) (2.60, 3.92, 2.19) (0.51, 0.28, 1.08) #fs:   8  -- #Conts: 7 H(7) 
   1071707 189.18 || noQ Q (Avg,Max,Min) (2.71, 3.67, 2.27) (0.60, 0.35, 1.09) #fs:   6  -- #Conts: 6 H(6) 
   1128343 157.65 || noQ Q (Avg,Max,Min) (2.88, 3.69, 2.45) (0.72, 0.41, 1.16) #fs:   5  -- #Conts: 5 H(5) 
   1233841 126.12 || noQ Q (Avg,Max,Min) (3.01, 3.79, 2.47) (0.90, 0.68, 1.30) #fs:   5  -- #Conts: 4 H(4) 
   1427775 110.35 || noQ Q (Avg,Max,Min) (2.03, 2.71, 1.84) (0.63, 0.48, 1.07) #fs:   9  -- #Conts: 7 G(7) 
   1490287 094.59 || noQ Q (Avg,Max,Min) (3.24, 3.88, 2.90) (1.21, 1.00, 1.61) #fs:   4  -- #Conts: 3 H(3) 
   1755673 078.82 || noQ Q (Avg,Max,Min) (2.21, 2.92, 1.96) (0.89, 0.60, 1.42) #fs:   5  -- #Conts: 5 G(5) 
   1959656 063.06 || noQ Q (Avg,Max,Min) (2.29, 2.84, 1.97) (1.11, 0.91, 1.54) #fs:   5  -- #Conts: 4 G(4) 
   2401446 047.29 || noQ Q (Avg,Max,Min) (2.35, 2.72, 2.14) (1.45, 1.25, 1.82) #fs:   3  -- #Conts: 3 G(3) 
   2886491 046.94 || noQ Q (Avg,Max,Min) (1.47, 2.06, 1.29) (0.97, 0.72, 1.65) #fs:  10  -- #Conts: 7 E(7) 
   3140721 040.24 || noQ Q (Avg,Max,Min) (1.47, 1.84, 1.34) (1.12, 0.94, 1.60) #fs:   8  -- #Conts: 6 E(6) 
   3422251 031.53 || noQ Q (Avg,Max,Min) (2.25, 2.49, 2.01) (2.05, 1.75, 2.36) #fs:   3  -- #Conts: 2 G(2) 
/////////////////size: 47
    914192 1150.00 || noQ Q (Avg,Max,Min) (1.98, 5.02, 1.00) (0.08, 0.03, 0.63) #fs:  24  -- #Conts: 62 H(26)  G(11)  E(21)  C(4) 
    930648 1143.29 || noQ Q (Avg,Max,Min) (1.95, 4.03, 1.00) (0.09, 0.03, 0.67) #fs:  24  -- #Conts: 61 H(26)  G(11)  E(20)  C(4) 
    935057 1096.00 || noQ Q (Avg,Max,Min) (1.90, 4.00, 1.00) (0.09, 0.03, 0.67) #fs:  24  -- #Conts: 61 H(23)  G(14)  E(20)  C(4) 
    935372 1089.29 || noQ Q (Avg,Max,Min) (1.90, 4.00, 1.00) (0.09, 0.03, 0.67) #fs:  24  -- #Conts: 60 H(23)  G(14)  E(19)  C(4) 
    936725 1066.82 || noQ Q (Avg,Max,Min) (1.89, 3.99, 1.00) (0.09, 0.03, 0.67) #fs:  24  -- #Conts: 59 H(22)  G(15)  E(18)  C(4) 
    936855 1037.65 || noQ Q (Avg,Max,Min) (1.88, 3.99, 1.00) (0.09, 0.03, 0.67) #fs:  24  -- #Conts: 57 H(21)  G(16)  E(16)  C(4) 
    936899 974.59 || noQ Q (Avg,Max,Min) (1.82, 3.99, 1.00) (0.09, 0.03, 0.67) #fs:  24  -- #Conts: 56 H(18)  G(18)  E(16)  C(4) 
    937101 952.12 || noQ Q (Avg,Max,Min) (1.82, 3.99, 1.00) (0.10, 0.03, 0.67) #fs:  24  -- #Conts: 54 H(18)  G(17)  E(15)  C(4) 
    937300 880.00 || noQ Q (Avg,Max,Min) (1.74, 3.99, 1.00) (0.10, 0.04, 0.67) #fs:  23  -- #Conts: 54 H(14)  G(20)  E(16)  C(4) 
    937509 864.24 || noQ Q (Avg,Max,Min) (1.72, 3.99, 1.00) (0.10, 0.04, 0.67) #fs:  23  -- #Conts: 53 H(14)  G(19)  E(16)  C(4) 
    945148 846.12 || noQ Q (Avg,Max,Min) (1.82, 5.49, 1.00) (0.10, 0.04, 0.62) #fs:  21  -- #Conts: 54 H(13)  G(19)  E(18)  C(4) 
    950996 839.41 || noQ Q (Avg,Max,Min) (1.72, 3.74, 1.00) (0.10, 0.04, 0.64) #fs:  23  -- #Conts: 53 H(13)  G(19)  E(17)  C(4) 
    958054 814.59 || noQ Q (Avg,Max,Min) (1.73, 3.70, 1.00) (0.10, 0.04, 0.64) #fs:  22  -- #Conts: 53 H(12)  G(19)  E(18)  C(4) 
    962865 789.76 || noQ Q (Avg,Max,Min) (1.81, 5.43, 1.00) (0.10, 0.04, 0.62) #fs:  20  -- #Conts: 53 H(11)  G(19)  E(19)  C(4) 
    963282 758.24 || noQ Q (Avg,Max,Min) (1.73, 4.39, 1.00) (0.10, 0.04, 0.62) #fs:  21  -- #Conts: 52 H(10)  G(19)  E(19)  C(4) 
    963819 742.47 || noQ Q (Avg,Max,Min) (1.94, 5.38, 0.96) (0.10, 0.04, 0.62) #fs:  19  -- #Conts: 54 H(7)  G(24)  E(19)  C(4) 
    964452 710.94 || noQ Q (Avg,Max,Min) (1.97, 5.38, 0.96) (0.10, 0.04, 0.62) #fs:  19  -- #Conts: 54 H(5)  G(26)  E(19)  C(4) 
    964526 679.41 || noQ Q (Avg,Max,Min) (1.87, 5.37, 0.96) (0.10, 0.04, 0.62) #fs:  21  -- #Conts: 53 H(4)  G(26)  E(19)  C(4) 
    964949 647.88 || noQ Q (Avg,Max,Min) (1.79, 4.40, 0.96) (0.10, 0.04, 0.62) #fs:  22  -- #Conts: 52 H(3)  G(26)  E(19)  C(4) 
    966321 616.35 || noQ Q (Avg,Max,Min) (1.78, 3.80, 0.96) (0.11, 0.04, 0.67) #fs:  22  -- #Conts: 52 H(1)  G(28)  E(19)  C(4) 
    969426 609.65 || noQ Q (Avg,Max,Min) (1.78, 3.97, 0.95) (0.11, 0.04, 0.70) #fs:  21  -- #Conts: 51 H(1)  G(28)  E(18)  C(4) 
    969697 600.59 || noQ Q (Avg,Max,Min) (1.77, 3.97, 0.95) (0.11, 0.04, 0.70) #fs:  21  -- #Conts: 51 H(1)  G(27)  E(19)  C(4) 
    977108 593.88 || noQ Q (Avg,Max,Min) (1.76, 3.92, 0.94) (0.11, 0.04, 0.70) #fs:  22  -- #Conts: 50 H(1)  G(27)  E(18)  C(4) 
    983330 591.18 || noQ Q (Avg,Max,Min) (1.69, 3.89, 0.94) (0.10, 0.04, 0.70) #fs:  22  -- #Conts: 55 H(1)  G(23)  E(27)  C(4) 
   1024364 571.18 || noQ Q (Avg,Max,Min) (2.05, 6.98, 0.89) (0.13, 0.05, 0.58) #fs:  16  -- #Conts: 46 H(7)  G(14)  E(11)  C(14) 
   1025410 567.18 || noQ Q (Avg,Max,Min) (2.07, 6.98, 0.89) (0.13, 0.05, 0.58) #fs:  16  -- #Conts: 45 H(7)  G(14)  E(11)  C(13) 
   1036630 550.35 || noQ Q (Avg,Max,Min) (2.02, 6.98, 0.89) (0.13, 0.05, 0.58) #fs:  16  -- #Conts: 46 H(7)  G(12)  E(12)  C(15) 
   1039660 509.06 || noQ Q (Avg,Max,Min) (1.91, 7.00, 0.87) (0.13, 0.05, 0.58) #fs:  16  -- #Conts: 48 H(6)  G(9)  E(17)  C(16) 
   1040018 477.53 || noQ Q (Avg,Max,Min) (1.84, 6.99, 0.87) (0.13, 0.05, 0.58) #fs:  17  -- #Conts: 47 H(5)  G(9)  E(17)  C(16) 
   1040092 446.00 || noQ Q (Avg,Max,Min) (1.72, 6.99, 0.87) (0.13, 0.05, 0.58) #fs:  19  -- #Conts: 46 H(4)  G(9)  E(17)  C(16) 
   1040803 382.94 || noQ Q (Avg,Max,Min) (1.53, 5.31, 0.87) (0.14, 0.05, 0.73) #fs:  21  -- #Conts: 44 H(2)  G(9)  E(17)  C(16) 
   1041453 351.41 || noQ Q (Avg,Max,Min) (1.45, 4.01, 0.87) (0.14, 0.06, 0.79) #fs:  21  -- #Conts: 43 H(1)  G(9)  E(17)  C(16) 
   1054419 347.41 || noQ Q (Avg,Max,Min) (1.51, 4.10, 0.86) (0.15, 0.06, 0.82) #fs:  20  -- #Conts: 42 H(1)  G(9)  E(17)  C(15) 
   1054458 344.71 || noQ Q (Avg,Max,Min) (1.50, 4.10, 0.86) (0.15, 0.06, 0.82) #fs:  20  -- #Conts: 42 H(1)  G(9)  E(16)  C(16) 
   1084444 341.29 || noQ Q (Avg,Max,Min) (1.56, 5.31, 0.83) (0.16, 0.05, 0.80) #fs:  20  -- #Conts: 39 H(2)  G(9)  E(9)  C(19) 
   1084823 337.29 || noQ Q (Avg,Max,Min) (1.58, 5.31, 0.83) (0.16, 0.05, 0.80) #fs:  20  -- #Conts: 38 H(2)  G(9)  E(9)  C(18) 
   1085094 325.53 || noQ Q (Avg,Max,Min) (1.52, 3.83, 0.83) (0.16, 0.06, 0.80) #fs:  20  -- #Conts: 39 H(1)  G(10)  E(9)  C(19) 
   1085473 321.53 || noQ Q (Avg,Max,Min) (1.53, 3.83, 0.83) (0.16, 0.06, 0.80) #fs:  20  -- #Conts: 38 H(1)  G(10)  E(9)  C(18) 
   1086826 301.76 || noQ Q (Avg,Max,Min) (1.49, 4.08, 0.82) (0.17, 0.06, 0.85) #fs:  20  -- #Conts: 36 H(1)  G(9)  E(9)  C(17) 
   1087151 293.76 || noQ Q (Avg,Max,Min) (1.52, 4.08, 0.82) (0.18, 0.06, 0.85) #fs:  20  -- #Conts: 34 H(1)  G(9)  E(9)  C(15) 
   1087508 291.06 || noQ Q (Avg,Max,Min) (1.51, 4.08, 0.82) (0.18, 0.06, 0.85) #fs:  20  -- #Conts: 34 H(1)  G(9)  E(8)  C(16) 
   1087696 287.06 || noQ Q (Avg,Max,Min) (1.53, 4.08, 0.82) (0.18, 0.06, 0.85) #fs:  20  -- #Conts: 33 H(1)  G(9)  E(8)  C(15) 
   1114377 279.06 || noQ Q (Avg,Max,Min) (1.51, 4.09, 0.80) (0.19, 0.06, 0.89) #fs:  20  -- #Conts: 31 H(1)  G(9)  E(8)  C(13) 
   1115874 255.29 || noQ Q (Avg,Max,Min) (1.48, 4.33, 1.05) (0.21, 0.06, 0.94) #fs:  20  -- #Conts: 28 H(1)  G(8)  E(8)  C(11) 
   1116479 251.29 || noQ Q (Avg,Max,Min) (1.48, 4.32, 1.04) (0.22, 0.06, 0.94) #fs:  20  -- #Conts: 27 H(1)  G(8)  E(8)  C(10) 
   1144996 243.29 || noQ Q (Avg,Max,Min) (1.47, 4.17, 1.01) (0.23, 0.06, 0.94) #fs:  20  -- #Conts: 25 H(1)  G(8)  E(8)  C(8) 
   1342156 240.12 || noQ Q (Avg,Max,Min) (1.54, 5.11, 0.89) (0.19, 0.08, 0.70) #fs:  14  -- #Conts: 38 H(1)  G(4)  E(5)  C(28) 
   1343304 236.12 || noQ Q (Avg,Max,Min) (1.55, 5.11, 0.89) (0.20, 0.08, 0.70) #fs:  14  -- #Conts: 37 H(1)  G(4)  E(5)  C(27) 
   1344053 228.71 || noQ Q (Avg,Max,Min) (1.49, 5.48, 0.89) (0.19, 0.08, 0.76) #fs:  14  -- #Conts: 39 H(1)  G(2)  E(8)  C(28) 
   1344407 227.06 || noQ Q (Avg,Max,Min) (1.52, 5.49, 0.89) (0.20, 0.08, 0.76) #fs:  14  -- #Conts: 37 H(1)  G(3)  E(6)  C(27) 
   1345201 224.71 || noQ Q (Avg,Max,Min) (1.50, 5.48, 0.89) (0.19, 0.08, 0.76) #fs:  14  -- #Conts: 38 H(1)  G(2)  E(8)  C(27) 
   1361012 222.00 || noQ Q (Avg,Max,Min) (1.47, 5.30, 0.89) (0.19, 0.08, 0.76) #fs:  15  -- #Conts: 38 H(1)  G(2)  E(7)  C(28) 
   1362160 218.00 || noQ Q (Avg,Max,Min) (1.47, 5.30, 0.89) (0.20, 0.08, 0.76) #fs:  15  -- #Conts: 37 H(1)  G(2)  E(7)  C(27) 
   1364062 215.29 || noQ Q (Avg,Max,Min) (1.44, 5.27, 0.89) (0.20, 0.08, 0.76) #fs:  16  -- #Conts: 37 H(1)  G(2)  E(6)  C(28) 
   1365210 204.59 || noQ Q (Avg,Max,Min) (1.44, 5.64, 0.89) (0.21, 0.08, 0.81) #fs:  16  -- #Conts: 35 H(1)  G(2)  E(5)  C(27) 
   1392162 197.88 || noQ Q (Avg,Max,Min) (1.41, 5.37, 0.89) (0.21, 0.09, 0.81) #fs:  16  -- #Conts: 34 H(1)  G(2)  E(4)  C(27) 
   1405950 193.88 || noQ Q (Avg,Max,Min) (1.42, 5.37, 0.88) (0.22, 0.09, 0.81) #fs:  15  -- #Conts: 33 H(1)  G(2)  E(4)  C(26) 
   1545556 189.41 || noQ Q (Avg,Max,Min) (1.66, 3.56, 0.97) (0.26, 0.09, 1.14) #fs:  13  -- #Conts: 27 G(6)  E(4)  C(17) 
   1547250 185.41 || noQ Q (Avg,Max,Min) (1.68, 3.59, 0.97) (0.27, 0.09, 1.17) #fs:  13  -- #Conts: 26 G(6)  E(4)  C(16) 
   1548280 184.71 || noQ Q (Avg,Max,Min) (1.60, 3.55, 0.97) (0.24, 0.08, 1.17) #fs:  13  -- #Conts: 29 G(4)  E(8)  C(17) 
   1549079 183.06 || noQ Q (Avg,Max,Min) (1.64, 3.57, 0.97) (0.26, 0.08, 1.17) #fs:  13  -- #Conts: 27 G(5)  E(6)  C(16) 
   1549361 182.35 || noQ Q (Avg,Max,Min) (1.57, 3.53, 0.97) (0.24, 0.08, 1.17) #fs:  13  -- #Conts: 30 G(3)  E(10)  C(17) 
   1549974 180.71 || noQ Q (Avg,Max,Min) (1.61, 3.55, 0.97) (0.25, 0.08, 1.17) #fs:  13  -- #Conts: 28 G(4)  E(8)  C(16) 
   1550173 180.00 || noQ Q (Avg,Max,Min) (1.54, 2.71, 0.97) (0.23, 0.08, 1.17) #fs:  13  -- #Conts: 31 G(2)  E(12)  C(17) 
   1551055 178.35 || noQ Q (Avg,Max,Min) (1.58, 3.53, 0.97) (0.25, 0.08, 1.17) #fs:  13  -- #Conts: 29 G(3)  E(10)  C(16) 
   1551867 176.00 || noQ Q (Avg,Max,Min) (1.55, 2.71, 0.97) (0.24, 0.08, 1.17) #fs:  13  -- #Conts: 30 G(2)  E(12)  C(16) 
   1563444 174.35 || noQ Q (Avg,Max,Min) (1.59, 3.53, 0.96) (0.25, 0.08, 1.21) #fs:  12  -- #Conts: 28 G(3)  E(10)  C(15) 
   1564256 172.00 || noQ Q (Avg,Max,Min) (1.56, 2.78, 0.96) (0.25, 0.08, 1.21) #fs:  12  -- #Conts: 29 G(2)  E(12)  C(15) 
   1567235 169.29 || noQ Q (Avg,Max,Min) (1.52, 2.68, 0.97) (0.25, 0.08, 1.17) #fs:  14  -- #Conts: 29 G(2)  E(11)  C(16) 
   1568971 168.00 || noQ Q (Avg,Max,Min) (1.58, 2.73, 0.96) (0.25, 0.08, 1.19) #fs:  13  -- #Conts: 28 G(2)  E(12)  C(14) 
   1579624 165.29 || noQ Q (Avg,Max,Min) (1.53, 2.75, 0.96) (0.26, 0.08, 1.21) #fs:  13  -- #Conts: 28 G(2)  E(11)  C(15) 
   1582674 158.59 || noQ Q (Avg,Max,Min) (1.50, 2.74, 0.96) (0.27, 0.08, 1.21) #fs:  14  -- #Conts: 27 G(2)  E(10)  C(15) 
   1585141 151.88 || noQ Q (Avg,Max,Min) (1.47, 2.74, 0.96) (0.28, 0.08, 1.21) #fs:  15  -- #Conts: 26 G(2)  E(9)  C(15) 
   1589856 147.88 || noQ Q (Avg,Max,Min) (1.48, 2.69, 0.96) (0.29, 0.08, 1.19) #fs:  16  -- #Conts: 25 G(2)  E(9)  C(14) 
   1610364 145.18 || noQ Q (Avg,Max,Min) (1.45, 2.78, 0.96) (0.29, 0.08, 1.25) #fs:  14  -- #Conts: 25 G(2)  E(8)  C(15) 
   1611609 138.47 || noQ Q (Avg,Max,Min) (1.42, 2.78, 0.96) (0.30, 0.08, 1.25) #fs:  15  -- #Conts: 24 G(2)  E(7)  C(15) 
   1616736 134.47 || noQ Q (Avg,Max,Min) (1.43, 2.73, 0.96) (0.31, 0.08, 1.23) #fs:  16  -- #Conts: 23 G(2)  E(7)  C(14) 
   1661271 131.76 || noQ Q (Avg,Max,Min) (1.37, 2.70, 0.96) (0.31, 0.08, 1.25) #fs:  16  -- #Conts: 23 G(2)  E(6)  C(15) 
   1663134 125.06 || noQ Q (Avg,Max,Min) (1.33, 2.74, 0.96) (0.33, 0.08, 1.27) #fs:  17  -- #Conts: 22 G(2)  E(5)  C(15) 
   1663750 118.35 || noQ Q (Avg,Max,Min) (1.28, 2.74, 0.96) (0.35, 0.18, 1.27) #fs:  18  -- #Conts: 21 G(2)  E(4)  C(15) 
   1668465 114.35 || noQ Q (Avg,Max,Min) (1.29, 2.65, 0.96) (0.36, 0.18, 1.23) #fs:  19  -- #Conts: 20 G(2)  E(4)  C(14) 
   1737515 110.47 || noQ Q (Avg,Max,Min) (1.47, 2.71, 0.95) (0.40, 0.08, 1.31) #fs:  15  -- #Conts: 17 G(2)  E(7)  C(8) 
   1764124 107.76 || noQ Q (Avg,Max,Min) (1.40, 2.62, 0.97) (0.41, 0.08, 1.29) #fs:  17  -- #Conts: 17 G(2)  E(6)  C(9) 
   1765987 101.06 || noQ Q (Avg,Max,Min) (1.34, 2.67, 0.97) (0.44, 0.08, 1.31) #fs:  18  -- #Conts: 16 G(2)  E(5)  C(9) 
   1766603 094.35 || noQ Q (Avg,Max,Min) (1.28, 2.67, 0.97) (0.47, 0.27, 1.31) #fs:  19  -- #Conts: 15 G(2)  E(4)  C(9) 
   1789244 090.35 || noQ Q (Avg,Max,Min) (1.29, 2.63, 0.95) (0.49, 0.27, 1.31) #fs:  18  -- #Conts: 14 G(2)  E(4)  C(8) 
   1828263 086.35 || noQ Q (Avg,Max,Min) (1.31, 2.65, 1.00) (0.53, 0.18, 1.35) #fs:  19  -- #Conts: 13 G(2)  E(4)  C(7) 
   1850346 082.35 || noQ Q (Avg,Max,Min) (1.30, 2.62, 0.99) (0.57, 0.40, 1.35) #fs:  18  -- #Conts: 12 G(2)  E(4)  C(6) 
   1978543 078.47 || noQ Q (Avg,Max,Min) (1.20, 2.68, 1.03) (0.51, 0.27, 1.47) #fs:  25  -- #Conts: 16 G(1)  E(1)  C(14) 
   2133121 078.18 || noQ Q (Avg,Max,Min) (1.20, 2.54, 0.95) (0.50, 0.08, 1.51) #fs:  25  -- #Conts: 16 G(1)  A(1)  E(2)  C(12) 
   2133991 077.18 || noQ Q (Avg,Max,Min) (1.22, 2.54, 0.95) (0.52, 0.08, 1.51) #fs:  25  -- #Conts: 15 G(1)  E(2)  C(12) 
   2135578 071.47 || noQ Q (Avg,Max,Min) (1.13, 2.54, 0.95) (0.54, 0.31, 1.51) #fs:  26  -- #Conts: 15 G(1)  A(1)  E(1)  C(12) 
   2136448 070.47 || noQ Q (Avg,Max,Min) (1.14, 2.54, 0.95) (0.57, 0.45, 1.51) #fs:  26  -- #Conts: 14 G(1)  E(1)  C(12) 
   2139915 067.47 || noQ Q (Avg,Max,Min) (1.17, 2.60, 0.95) (0.58, 0.31, 1.55) #fs:  25  -- #Conts: 14 G(1)  A(1)  E(1)  C(11) 
   2140141 066.47 || noQ Q (Avg,Max,Min) (1.19, 2.60, 0.95) (0.60, 0.45, 1.55) #fs:  25  -- #Conts: 13 G(1)  E(1)  C(11) 
   2237254 065.76 || noQ Q (Avg,Max,Min) (1.22, 2.64, 1.05) (0.57, 0.31, 1.64) #fs:  17  -- #Conts: 15 G(1)  A(2)  C(12) 
   2277221 064.76 || noQ Q (Avg,Max,Min) (1.21, 2.56, 1.03) (0.60, 0.31, 1.62) #fs:  17  -- #Conts: 14 G(1)  A(1)  C(12) 
   2278275 063.76 || noQ Q (Avg,Max,Min) (1.23, 2.56, 1.05) (0.62, 0.47, 1.62) #fs:  17  -- #Conts: 13 G(1)  C(12) 
   2279474 062.76 || noQ Q (Avg,Max,Min) (1.22, 2.65, 1.05) (0.58, 0.31, 1.68) #fs:  16  -- #Conts: 15 G(1)  A(3)  C(11) 
   2337454 061.76 || noQ Q (Avg,Max,Min) (1.20, 2.64, 1.02) (0.60, 0.31, 1.72) #fs:  15  -- #Conts: 14 G(1)  A(2)  C(11) 
   2357584 060.76 || noQ Q (Avg,Max,Min) (1.20, 2.59, 1.01) (0.63, 0.31, 1.69) #fs:  16  -- #Conts: 13 G(1)  A(1)  C(11) 
   2373863 059.76 || noQ Q (Avg,Max,Min) (1.22, 2.57, 1.00) (0.66, 0.47, 1.69) #fs:  16  -- #Conts: 12 G(1)  C(11) 
   2434897 058.76 || noQ Q (Avg,Max,Min) (1.21, 2.60, 0.99) (0.61, 0.31, 1.76) #fs:  14  -- #Conts: 14 G(1)  A(3)  C(10) 
   2439710 057.76 || noQ Q (Avg,Max,Min) (1.23, 2.59, 0.99) (0.64, 0.31, 1.76) #fs:  14  -- #Conts: 13 G(1)  A(2)  C(10) 
   2449119 056.76 || noQ Q (Avg,Max,Min) (1.25, 2.64, 0.99) (0.67, 0.31, 1.80) #fs:  13  -- #Conts: 12 G(1)  A(1)  C(10) 
   2481482 055.76 || noQ Q (Avg,Max,Min) (1.26, 2.64, 0.97) (0.71, 0.47, 1.82) #fs:  14  -- #Conts: 11 G(1)  C(10) 
   2591549 054.76 || noQ Q (Avg,Max,Min) (1.24, 2.50, 1.08) (0.65, 0.31, 1.80) #fs:  14  -- #Conts: 13 G(1)  A(3)  C(9) 
   2615406 053.76 || noQ Q (Avg,Max,Min) (1.25, 2.53, 1.08) (0.68, 0.31, 1.84) #fs:  13  -- #Conts: 12 G(1)  A(2)  C(9) 
   2630150 052.76 || noQ Q (Avg,Max,Min) (1.27, 2.51, 1.08) (0.73, 0.31, 1.84) #fs:  14  -- #Conts: 11 G(1)  A(1)  C(9) 
   2675832 051.76 || noQ Q (Avg,Max,Min) (1.25, 2.53, 1.08) (0.67, 0.31, 1.88) #fs:  13  -- #Conts: 13 G(1)  A(4)  C(8) 
   2679960 050.76 || noQ Q (Avg,Max,Min) (1.26, 2.55, 1.08) (0.70, 0.31, 1.90) #fs:  12  -- #Conts: 12 G(1)  A(3)  C(8) 
   2740252 049.76 || noQ Q (Avg,Max,Min) (1.25, 2.55, 1.05) (0.74, 0.32, 1.94) #fs:  12  -- #Conts: 11 G(1)  A(2)  C(8) 
   2752968 048.76 || noQ Q (Avg,Max,Min) (1.28, 2.53, 1.04) (0.79, 0.32, 1.94) #fs:  13  -- #Conts: 10 G(1)  A(1)  C(8) 
   2804802 047.76 || noQ Q (Avg,Max,Min) (1.24, 2.53, 1.07) (0.70, 0.31, 1.97) #fs:  11  -- #Conts: 12 G(1)  A(4)  C(7) 
   2835565 046.76 || noQ Q (Avg,Max,Min) (1.25, 2.51, 1.07) (0.74, 0.31, 1.97) #fs:  12  -- #Conts: 11 G(1)  A(3)  C(7) 
   2836918 045.76 || noQ Q (Avg,Max,Min) (1.28, 2.48, 1.08) (0.79, 0.31, 1.95) #fs:  12  -- #Conts: 10 G(1)  A(2)  C(7) 
   2865499 044.76 || noQ Q (Avg,Max,Min) (1.29, 2.50, 1.08) (0.85, 0.32, 1.99) #fs:  11  -- #Conts: 9 G(1)  A(1)  C(7) 
   2989090 043.76 || noQ Q (Avg,Max,Min) (1.26, 2.40, 1.08) (0.76, 0.31, 1.99) #fs:  11  -- #Conts: 11 G(1)  A(4)  C(6) 
   3001584 042.76 || noQ Q (Avg,Max,Min) (1.28, 2.43, 1.08) (0.81, 0.31, 2.03) #fs:  10  -- #Conts: 10 G(1)  A(3)  C(6) 
   3061876 041.76 || noQ Q (Avg,Max,Min) (1.29, 2.43, 1.07) (0.87, 0.31, 2.07) #fs:  10  -- #Conts: 9 G(1)  A(2)  C(6) 
   3066901 040.76 || noQ Q (Avg,Max,Min) (1.33, 2.43, 1.07) (0.95, 0.32, 2.07) #fs:  11  -- #Conts: 8 G(1)  A(1)  C(6) 
   3117071 038.76 || noQ Q (Avg,Max,Min) (1.32, 2.61, 1.08) (0.88, 0.31, 2.26) #fs:   7  -- #Conts: 9 G(1)  A(3)  C(5) 
   3154556 037.76 || noQ Q (Avg,Max,Min) (1.35, 2.55, 1.08) (0.96, 0.31, 2.23) #fs:   7  -- #Conts: 8 G(1)  A(2)  C(5) 
   3159066 035.76 || noQ Q (Avg,Max,Min) (1.48, 2.57, 1.19) (1.20, 0.93, 2.26) #fs:   7  -- #Conts: 6 G(1)  C(5) 
   3427736 034.76 || noQ Q (Avg,Max,Min) (1.32, 2.42, 1.08) (0.97, 0.31, 2.30) #fs:   6  -- #Conts: 8 G(1)  A(3)  C(4) 
   3474255 033.76 || noQ Q (Avg,Max,Min) (1.35, 2.39, 1.08) (1.08, 0.31, 2.30) #fs:   7  -- #Conts: 7 G(1)  A(2)  C(4) 
   3488375 032.76 || noQ Q (Avg,Max,Min) (1.41, 2.40, 1.08) (1.17, 0.31, 2.32) #fs:   6  -- #Conts: 6 G(1)  A(1)  C(4) 
   3500203 031.76 || noQ Q (Avg,Max,Min) (1.49, 2.39, 1.19) (1.36, 1.06, 2.32) #fs:   7  -- #Conts: 5 G(1)  C(4) 
/////////////////size: 128
nodes 100 edges 234
 mulT: 100 mulD: 1000  sumData GB 1848
pareto /MONTAGE.n.100.0.dax time -> 26805.0
moheft /MONTAGE.n.100.0.dax time -> 21749.0
distance from M to C 16.988873930125553
distance from P to C 0.046307884856069945
distance from C to M 10.622588558297336
distance from C to P 0.993866922645931
toCompare: /MONTAGE.n.100.0.dax sumDataGB: 1848 mulT: 100 mulD: 1000 paretoOptTime_MS: 26805.0 MoheftOptimizationTime_MS: 21749.0 MtoC 16.988873930125553 PtoC 0.046307884856069945 CtoM 10.622588558297336 CtoP 0.993866922645931
