specify -Dflow d,b,mt,md,size
Running /home/vaggelis/jc/CYBERSHAKE.n.100.0.dax mt 500 md: 5000 size null
  19343827 394.12 || noQ Q (Avg,Max,Min) (1.58, 2.63, 0.32) (1.23, 0.01, 2.63) #fs:   2  -- #Conts: 4 H(3)  G(1) 
  19364855 378.35 || noQ Q (Avg,Max,Min) (1.72, 2.63, 0.21) (1.61, 0.13, 2.63) #fs:   2  -- #Conts: 3 H(3) 
  19760625 346.82 || noQ Q (Avg,Max,Min) (2.46, 2.63, 2.29) (2.36, 2.09, 2.63) #fs:   0  -- #Conts: 2 H(2) 
  33152138 315.29 || noQ Q (Avg,Max,Min) (1.58, 1.91, 1.06) (1.17, 0.01, 1.88) #fs:   1  -- #Conts: 3 G(3) 
  33170643 299.53 || noQ Q (Avg,Max,Min) (1.84, 1.91, 1.77) (1.75, 1.63, 1.88) #fs:   1  -- #Conts: 2 G(2) 
  68111673 274.94 || noQ Q (Avg,Max,Min) (2.83, 5.71, 1.36) (2.83, 1.35, 5.70) #fs:   1  -- #Conts: 3 E(3) 
/////////////////size: 6
  33136138 368.59 || noQ Q (Avg,Max,Min) (1.20, 2.63, 0.42) (0.79, 0.01, 2.63) #fs:   3  -- #Conts: 8 H(2)  G(2)  A(4) 
  33142291 352.82 || noQ Q (Avg,Max,Min) (1.22, 2.63, 0.42) (0.90, 0.01, 2.63) #fs:   3  -- #Conts: 7 H(2)  G(1)  A(4) 
  33155899 328.00 || noQ Q (Avg,Max,Min) (1.22, 2.63, 0.42) (0.91, 0.01, 2.63) #fs:   3  -- #Conts: 7 H(1)  G(1)  A(4)  E(1) 
  33174415 321.29 || noQ Q (Avg,Max,Min) (1.26, 2.63, 0.42) (1.06, 0.23, 2.63) #fs:   3  -- #Conts: 6 H(1)  G(1)  A(4) 
  33279438 320.29 || noQ Q (Avg,Max,Min) (1.28, 2.63, 0.42) (1.11, 0.31, 2.63) #fs:   2  -- #Conts: 6 H(1)  G(1)  A(4) 
  33343087 319.29 || noQ Q (Avg,Max,Min) (1.36, 2.63, 0.42) (1.27, 0.38, 2.63) #fs:   1  -- #Conts: 5 H(1)  G(1)  A(3) 
  33420332 318.29 || noQ Q (Avg,Max,Min) (1.51, 2.63, 0.82) (1.40, 0.55, 2.63) #fs:   4  -- #Conts: 4 H(1)  G(1)  A(2) 
  33533744 317.29 || noQ Q (Avg,Max,Min) (1.74, 2.63, 0.83) (1.69, 0.78, 2.63) #fs:   3  -- #Conts: 3 H(1)  G(1)  A(1) 
  33710516 316.29 || noQ Q (Avg,Max,Min) (1.70, 2.63, 0.72) (1.66, 0.72, 2.63) #fs:   2  -- #Conts: 3 H(1)  G(1)  A(1) 
  33859801 315.29 || noQ Q (Avg,Max,Min) (2.19, 2.63, 1.75) (2.14, 1.65, 2.63) #fs:   0  -- #Conts: 2 H(1)  G(1) 
  54944908 313.94 || noQ Q (Avg,Max,Min) (8.04, 17.42, 1.00) (3.97, 0.49, 7.48) #fs:   0  -- #Conts: 5 H(1)  G(1)  A(1)  E(2) 
  55060399 312.94 || noQ Q (Avg,Max,Min) (9.23, 16.28, 1.78) (4.86, 1.78, 7.52) #fs:   0  -- #Conts: 4 H(1)  G(1)  E(2) 
  56024217 312.24 || noQ Q (Avg,Max,Min) (4.57, 10.72, 1.00) (3.36, 0.16, 7.78) #fs:   1  -- #Conts: 6 H(1)  G(1)  A(2)  E(1)  C(1) 
  56073910 308.53 || noQ Q (Avg,Max,Min) (5.28, 10.50, 1.00) (4.10, 0.49, 7.80) #fs:   0  -- #Conts: 5 H(1)  G(1)  A(1)  C(2) 
  56273470 307.53 || noQ Q (Avg,Max,Min) (6.02, 9.85, 1.78) (5.03, 1.78, 7.85) #fs:   0  -- #Conts: 4 H(1)  G(1)  C(2) 
  56518074 307.24 || noQ Q (Avg,Max,Min) (5.67, 17.25, 1.00) (4.96, 0.44, 14.97) #fs:   1  -- #Conts: 4 H(1)  G(1)  A(1)  E(1) 
  56721622 306.24 || noQ Q (Avg,Max,Min) (6.89, 16.26, 1.78) (6.48, 1.78, 15.03) #fs:   0  -- #Conts: 3 H(1)  G(1)  E(1) 
  64963148 305.29 || noQ Q (Avg,Max,Min) (11.53, 34.92, 1.82) (10.93, 1.82, 33.55) #fs:   7  -- #Conts: 8 H(1)  G(1)  E(2)  C(4) 
  67026235 301.29 || noQ Q (Avg,Max,Min) (11.75, 33.59, 1.82) (11.24, 1.82, 33.59) #fs:   2  -- #Conts: 8 H(1)  G(1)  E(2)  C(4) 
  68106121 289.06 || noQ Q (Avg,Max,Min) (8.41, 12.01, 1.37) (7.03, 1.37, 8.05) #fs:   2  -- #Conts: 15 E(9)  C(6) 
  71663941 283.35 || noQ Q (Avg,Max,Min) (7.61, 14.10, 1.00) (6.82, 0.32, 11.58) #fs:   2  -- #Conts: 11 A(1)  E(6)  C(4) 
  71706262 282.35 || noQ Q (Avg,Max,Min) (8.23, 13.86, 1.35) (7.48, 1.35, 11.58) #fs:   2  -- #Conts: 10 E(6)  C(4) 
  71727791 279.35 || noQ Q (Avg,Max,Min) (7.60, 13.96, 0.86) (7.02, 0.74, 11.58) #fs:   4  -- #Conts: 10 A(1)  E(6)  C(3) 
  71870497 278.35 || noQ Q (Avg,Max,Min) (8.25, 13.20, 1.35) (7.73, 1.35, 11.58) #fs:   3  -- #Conts: 9 E(6)  C(3) 
  72232770 277.65 || noQ Q (Avg,Max,Min) (7.31, 11.64, 0.46) (7.00, 0.25, 11.58) #fs:   1  -- #Conts: 10 A(1)  E(5)  C(4) 
  72297035 276.65 || noQ Q (Avg,Max,Min) (7.28, 11.61, 0.42) (7.02, 0.41, 11.58) #fs:   1  -- #Conts: 10 A(1)  E(5)  C(4) 
  72630763 275.65 || noQ Q (Avg,Max,Min) (7.92, 11.61, 1.35) (7.77, 1.35, 11.58) #fs:   0  -- #Conts: 9 E(5)  C(4) 
/////////////////size: 27
nodes 100 edges 192
 mulT: 500 mulD: 5000  sumData GB 487996
pareto /CYBERSHAKE.n.100.0.dax time -> 1680.0
moheft /CYBERSHAKE.n.100.0.dax time -> 753.0
distance from M to C 3.61098074528964
distance from P to C 0.0
distance from C to M 10.391808160360203
distance from C to P 1.8571428571428572
toCompare: /CYBERSHAKE.n.100.0.dax sumDataGB: 487996 mulT: 500 mulD: 5000 paretoOptTime_MS: 1680.0 MoheftOptimizationTime_MS: 753.0 MtoC 3.61098074528964 PtoC 0.0 CtoM 10.391808160360203 CtoP 1.8571428571428572
