specify -Dflow d,b,mt,md,size
Running /home/vaggelis/jc/SIPHT.n.100.0.dax mt 1 md: 500 size null
    228878 126.12 || noQ Q (Avg,Max,Min) (1.61, 2.85, 0.58) (0.10, 0.04, 0.18) #fs:   5  -- #Conts: 4 H(4) 
    272581 110.35 || noQ Q (Avg,Max,Min) (1.39, 2.39, 0.71) (0.10, 0.05, 0.18) #fs:   7  -- #Conts: 4 H(3)  G(1) 
    301595 094.59 || noQ Q (Avg,Max,Min) (1.39, 2.19, 0.64) (0.11, 0.05, 0.18) #fs:   6  -- #Conts: 4 H(2)  G(2) 
    338667 078.82 || noQ Q (Avg,Max,Min) (1.36, 2.31, 0.60) (0.12, 0.05, 0.22) #fs:   5  -- #Conts: 4 H(1)  G(3) 
    361813 063.06 || noQ Q (Avg,Max,Min) (1.35, 2.32, 0.58) (0.13, 0.06, 0.22) #fs:   6  -- #Conts: 4 G(4) 
    465990 047.29 || noQ Q (Avg,Max,Min) (1.72, 2.07, 1.38) (0.22, 0.17, 0.27) #fs:   1  -- #Conts: 2 H(1)  G(1) 
    596998 031.53 || noQ Q (Avg,Max,Min) (1.54, 1.62, 1.46) (0.26, 0.24, 0.27) #fs:   2  -- #Conts: 2 G(2) 
    808845 029.18 || noQ Q (Avg,Max,Min) (1.20, 1.58, 0.69) (0.25, 0.14, 0.32) #fs:   1  -- #Conts: 3 G(1)  E(2) 
    810643 026.82 || noQ Q (Avg,Max,Min) (1.04, 1.35, 0.75) (0.23, 0.17, 0.30) #fs:   7  -- #Conts: 4 E(4) 
   1011317 020.12 || noQ Q (Avg,Max,Min) (1.10, 1.13, 1.07) (0.30, 0.27, 0.32) #fs:   2  -- #Conts: 3 E(3) 
   1060632 015.76 || noQ Q (Avg,Max,Min) (1.68, 1.68, 1.68) (0.49, 0.49, 0.49) #fs:   0  -- #Conts: 1 G(1) 
   1388326 013.41 || noQ Q (Avg,Max,Min) (1.27, 1.29, 1.25) (0.49, 0.48, 0.50) #fs:   2  -- #Conts: 2 E(2) 
   1690182 012.00 || noQ Q (Avg,Max,Min) (0.98, 0.99, 0.97) (0.46, 0.45, 0.46) #fs:   3  -- #Conts: 3 C(3) 
   1907479 010.71 || noQ Q (Avg,Max,Min) (1.12, 1.31, 0.94) (0.59, 0.50, 0.69) #fs:   3  -- #Conts: 2 E(1)  C(1) 
   2345279 008.00 || noQ Q (Avg,Max,Min) (1.12, 1.18, 1.06) (0.73, 0.69, 0.77) #fs:   3  -- #Conts: 2 C(2) 
   2392015 006.71 || noQ Q (Avg,Max,Min) (1.30, 1.30, 1.30) (0.86, 0.86, 0.86) #fs:   0  -- #Conts: 1 E(1) 
/////////////////size: 16
    227481 126.12 || noQ Q (Avg,Max,Min) (1.59, 2.03, 0.70) (0.09, 0.04, 0.11) #fs:   6  -- #Conts: 5 H(3)  G(2) 
    320171 078.82 || noQ Q (Avg,Max,Min) (1.45, 2.32, 0.80) (0.12, 0.07, 0.17) #fs:   6  -- #Conts: 4 H(1)  G(3) 
    352568 063.06 || noQ Q (Avg,Max,Min) (1.58, 2.42, 0.74) (0.15, 0.07, 0.24) #fs:   3  -- #Conts: 3 H(1)  G(2) 
    422159 054.00 || noQ Q (Avg,Max,Min) (1.47, 1.60, 1.25) (0.14, 0.05, 0.19) #fs:   2  -- #Conts: 4 G(3)  E(1) 
    506310 047.29 || noQ Q (Avg,Max,Min) (1.48, 1.95, 1.02) (0.17, 0.02, 0.27) #fs:   1  -- #Conts: 3 G(3) 
    566636 031.53 || noQ Q (Avg,Max,Min) (1.61, 1.70, 1.52) (0.25, 0.24, 0.27) #fs:   1  -- #Conts: 2 G(2) 
    692708 029.18 || noQ Q (Avg,Max,Min) (1.20, 1.53, 0.82) (0.23, 0.15, 0.29) #fs:   4  -- #Conts: 3 G(1)  E(2) 
    769925 022.47 || noQ Q (Avg,Max,Min) (1.48, 1.63, 1.33) (0.32, 0.28, 0.35) #fs:   3  -- #Conts: 2 G(1)  E(1) 
    899718 019.76 || noQ Q (Avg,Max,Min) (1.29, 1.70, 0.89) (0.32, 0.22, 0.42) #fs:   4  -- #Conts: 2 G(1)  C(1) 
   1037225 016.76 || noQ Q (Avg,Max,Min) (1.10, 1.61, 0.59) (0.32, 0.17, 0.46) #fs:   3  -- #Conts: 2 G(1)  A(1) 
   1060632 015.76 || noQ Q (Avg,Max,Min) (1.68, 1.68, 1.68) (0.49, 0.49, 0.49) #fs:   0  -- #Conts: 1 G(1) 
   1248825 013.41 || noQ Q (Avg,Max,Min) (1.26, 1.32, 1.21) (0.44, 0.42, 0.46) #fs:   1  -- #Conts: 2 E(2) 
   1640820 010.71 || noQ Q (Avg,Max,Min) (1.16, 1.32, 1.01) (0.53, 0.46, 0.60) #fs:   2  -- #Conts: 2 E(1)  C(1) 
   2166255 007.71 || noQ Q (Avg,Max,Min) (1.09, 1.22, 0.96) (0.65, 0.58, 0.73) #fs:   2  -- #Conts: 2 A(1)  E(1) 
   2392015 006.71 || noQ Q (Avg,Max,Min) (1.30, 1.30, 1.30) (0.86, 0.86, 0.86) #fs:   0  -- #Conts: 1 E(1) 
   3333546 006.00 || noQ Q (Avg,Max,Min) (0.84, 1.14, 0.61) (0.73, 0.41, 1.05) #fs:   4  -- #Conts: 3 A(2)  C(1) 
   3543494 005.00 || noQ Q (Avg,Max,Min) (0.98, 1.13, 0.83) (0.96, 0.82, 1.11) #fs:   4  -- #Conts: 2 A(1)  C(1) 
/////////////////size: 17
nodes 97 edges 109
 mulT: 1 mulD: 500  sumData GB 1103
pareto /SIPHT.n.100.0.dax time -> 9641.0
moheft /SIPHT.n.100.0.dax time -> 329.0
distance from M to C 0.0
distance from P to C 0.24999999999999997
distance from C to M 0.11184210526316538
distance from C to P 0.36431987467711224
toCompare: /SIPHT.n.100.0.dax sumDataGB: 1103 mulT: 1 mulD: 500 paretoOptTime_MS: 9641.0 MoheftOptimizationTime_MS: 329.0 MtoC 0.0 PtoC 0.24999999999999997 CtoM 0.11184210526316538 CtoP 0.36431987467711224
