specify -Dflow d,b,mt,md,size
Running /home/vaggelis/jc/CYBERSHAKE.n.100.0.dax mt 50 md: 20000 size null
   1937183 063.06 || noQ Q (Avg,Max,Min) (57.63, 61.78, 10.00) (30.99, 10.00, 33.20) #fs:   2  -- #Conts: 2 H(2) 
   3155736 047.29 || noQ Q (Avg,Max,Min) (36.27, 38.29, 10.00) (31.17, 10.00, 33.56) #fs:   1  -- #Conts: 2 H(1)  G(1) 
   3316737 031.53 || noQ Q (Avg,Max,Min) (34.05, 36.44, 10.00) (31.36, 10.00, 33.56) #fs:   2  -- #Conts: 2 G(2) 
/////////////////size: 3
   3694179 077.06 || noQ Q (Avg,Max,Min) (7.23, 60.34, 0.09) (3.51, 0.00, 30.96) #fs:  11  -- #Conts: 9 H(1)  A(6)  C(2) 
   3695496 073.06 || noQ Q (Avg,Max,Min) (8.00, 60.32, 0.09) (3.95, 0.02, 30.96) #fs:  10  -- #Conts: 8 H(1)  A(6)  C(1) 
   3697894 070.06 || noQ Q (Avg,Max,Min) (7.92, 60.28, 0.09) (3.96, 0.04, 30.96) #fs:  10  -- #Conts: 8 H(1)  A(7) 
   3709851 069.06 || noQ Q (Avg,Max,Min) (8.98, 60.09, 0.11) (4.51, 0.05, 30.96) #fs:   8  -- #Conts: 7 H(1)  A(6) 
   3715001 068.06 || noQ Q (Avg,Max,Min) (10.45, 60.01, 0.28) (5.25, 0.09, 30.96) #fs:   7  -- #Conts: 6 H(1)  A(5) 
   3723444 067.06 || noQ Q (Avg,Max,Min) (12.39, 59.87, 0.31) (6.28, 0.09, 30.96) #fs:   6  -- #Conts: 5 H(1)  A(4) 
   3733323 066.06 || noQ Q (Avg,Max,Min) (15.18, 59.72, 0.31) (7.83, 0.10, 30.96) #fs:   6  -- #Conts: 4 H(1)  A(3) 
   3743894 065.06 || noQ Q (Avg,Max,Min) (20.07, 59.55, 0.32) (10.41, 0.10, 30.97) #fs:   5  -- #Conts: 3 H(1)  A(2) 
   3763750 064.06 || noQ Q (Avg,Max,Min) (29.78, 59.24, 0.32) (15.54, 0.10, 30.97) #fs:   2  -- #Conts: 2 H(1)  A(1) 
   3775611 063.06 || noQ Q (Avg,Max,Min) (59.06, 59.06, 10.00) (30.97, 10.00, 30.97) #fs:   0  -- #Conts: 1 H(1) 
 235244011 049.29 || noQ Q (Avg,Max,Min) (590.72, 1658.42, 10.00) (41.11, 10.00, 61.89) #fs:   0  -- #Conts: 3 H(1)  G(1)  A(1) 
 235268434 048.29 || noQ Q (Avg,Max,Min) (451.32, 1234.25, 10.00) (50.66, 10.00, 61.89) #fs:   0  -- #Conts: 3 H(1)  G(1)  A(1) 
 235328740 046.94 || noQ Q (Avg,Max,Min) (217.92, 755.85, 2.10) (30.84, 0.00, 61.89) #fs:   0  -- #Conts: 4 H(1)  A(1)  E(2) 
 235331236 044.24 || noQ Q (Avg,Max,Min) (217.80, 755.85, 1.63) (30.84, 0.00, 61.89) #fs:   0  -- #Conts: 4 H(1)  A(1)  E(1)  C(1) 
 235332916 040.24 || noQ Q (Avg,Max,Min) (283.29, 736.15, 10.00) (41.11, 10.00, 61.89) #fs:   0  -- #Conts: 3 H(1)  A(1)  E(1) 
 235387993 039.24 || noQ Q (Avg,Max,Min) (222.56, 547.97, 10.00) (50.68, 10.00, 61.89) #fs:   0  -- #Conts: 3 H(1)  A(1)  E(1) 
 235449188 037.53 || noQ Q (Avg,Max,Min) (180.08, 426.50, 10.00) (41.12, 10.00, 61.89) #fs:   0  -- #Conts: 3 H(1)  A(1)  C(1) 
 235544350 036.53 || noQ Q (Avg,Max,Min) (145.76, 317.58, 10.00) (50.69, 10.00, 61.89) #fs:   0  -- #Conts: 3 H(1)  A(1)  C(1) 
 236365186 035.53 || noQ Q (Avg,Max,Min) (53.60, 99.53, 1.14) (30.91, 0.01, 61.89) #fs:   0  -- #Conts: 4 H(1)  A(3) 
 236397186 034.53 || noQ Q (Avg,Max,Min) (70.23, 96.96, 10.00) (41.21, 10.00, 61.89) #fs:   0  -- #Conts: 3 H(1)  A(2) 
 236819184 033.53 || noQ Q (Avg,Max,Min) (64.04, 72.39, 10.00) (50.81, 10.00, 61.89) #fs:   0  -- #Conts: 3 H(1)  A(2) 
 237642803 033.47 || noQ Q (Avg,Max,Min) (169.65, 548.85, 10.00) (118.08, 10.00, 346.26) #fs:   0  -- #Conts: 7 G(1)  A(4)  E(1)  C(1) 
 237792528 032.47 || noQ Q (Avg,Max,Min) (167.14, 515.54, 10.00) (123.16, 10.00, 346.32) #fs:   1  -- #Conts: 7 G(1)  A(4)  E(1)  C(1) 
 237988261 031.47 || noQ Q (Avg,Max,Min) (182.99, 554.38, 10.00) (143.60, 10.00, 402.78) #fs:   0  -- #Conts: 6 G(1)  A(3)  E(1)  C(1) 
 238288157 030.47 || noQ Q (Avg,Max,Min) (134.67, 553.91, 10.00) (115.16, 10.00, 448.74) #fs:   0  -- #Conts: 7 G(1)  A(5)  E(1) 
 238623754 029.47 || noQ Q (Avg,Max,Min) (144.80, 564.18, 10.00) (134.24, 10.00, 509.66) #fs:   0  -- #Conts: 6 G(1)  A(4)  E(1) 
/////////////////size: 26
nodes 100 edges 192
 mulT: 50 mulD: 20000  sumData GB 1951984
pareto /CYBERSHAKE.n.100.0.dax time -> 284.0
moheft /CYBERSHAKE.n.100.0.dax time -> 799.0
distance from M to C 1.355315910210391
distance from P to C 0.0
distance from C to M 0.5306021802602076
distance from C to P 3.561090421439463
toCompare: /CYBERSHAKE.n.100.0.dax sumDataGB: 1951984 mulT: 50 mulD: 20000 paretoOptTime_MS: 284.0 MoheftOptimizationTime_MS: 799.0 MtoC 1.355315910210391 PtoC 0.0 CtoM 0.5306021802602076 CtoP 3.561090421439463
