specify -Dflow d,b,mt,md,size
Running /home/vaggelis/jc/LIGO.n.100.0.dax mt 30 md: 20000 size null
   1928120 788.24 || noQ Q (Avg,Max,Min) (1.14, 1.78, 0.88) (0.33, 0.16, 0.67) #fs:  24  -- #Conts: 25 H(25) 
   1994707 725.18 || noQ Q (Avg,Max,Min) (1.13, 1.55, 0.88) (0.36, 0.17, 0.86) #fs:  22  -- #Conts: 23 H(23) 
   2054151 630.59 || noQ Q (Avg,Max,Min) (1.14, 1.58, 0.88) (0.41, 0.19, 0.84) #fs:  23  -- #Conts: 20 H(20) 
   2096826 614.82 || noQ Q (Avg,Max,Min) (1.13, 1.54, 0.86) (0.42, 0.19, 0.84) #fs:  24  -- #Conts: 20 H(19)  G(1) 
   2168227 599.06 || noQ Q (Avg,Max,Min) (1.11, 1.49, 0.82) (0.43, 0.19, 0.84) #fs:  24  -- #Conts: 20 H(18)  G(2) 
   2235603 567.53 || noQ Q (Avg,Max,Min) (1.14, 1.58, 0.88) (0.46, 0.19, 0.84) #fs:  22  -- #Conts: 18 H(18) 
   2272145 536.00 || noQ Q (Avg,Max,Min) (1.14, 1.58, 0.88) (0.48, 0.20, 0.84) #fs:  22  -- #Conts: 17 H(17) 
   2304404 504.47 || noQ Q (Avg,Max,Min) (1.14, 1.58, 0.88) (0.52, 0.20, 0.84) #fs:  23  -- #Conts: 16 H(16) 
   2333658 441.41 || noQ Q (Avg,Max,Min) (1.14, 1.58, 0.88) (0.59, 0.20, 0.84) #fs:  23  -- #Conts: 14 H(14) 
   2383436 409.88 || noQ Q (Avg,Max,Min) (1.16, 1.58, 0.95) (0.63, 0.49, 0.84) #fs:  22  -- #Conts: 13 H(13) 
   2491690 394.12 || noQ Q (Avg,Max,Min) (1.11, 1.49, 0.91) (0.65, 0.55, 0.84) #fs:  23  -- #Conts: 13 H(12)  G(1) 
   2759883 378.35 || noQ Q (Avg,Max,Min) (1.25, 1.59, 1.03) (0.70, 0.42, 0.92) #fs:  16  -- #Conts: 12 H(12) 
   2809125 346.82 || noQ Q (Avg,Max,Min) (1.25, 1.59, 1.03) (0.76, 0.50, 1.10) #fs:  16  -- #Conts: 11 H(11) 
   3070952 315.29 || noQ Q (Avg,Max,Min) (1.20, 1.49, 0.93) (0.83, 0.41, 1.27) #fs:  11  -- #Conts: 10 H(10) 
   3232370 283.76 || noQ Q (Avg,Max,Min) (1.21, 1.52, 0.97) (0.93, 0.63, 1.25) #fs:  10  -- #Conts: 9 H(9) 
   3692334 252.24 || noQ Q (Avg,Max,Min) (1.18, 1.46, 0.94) (1.04, 0.72, 1.22) #fs:  14  -- #Conts: 8 H(8) 
   3834686 236.47 || noQ Q (Avg,Max,Min) (1.10, 1.60, 0.87) (0.87, 0.50, 1.44) #fs:  25  -- #Conts: 15 G(15) 
   3957757 220.71 || noQ Q (Avg,Max,Min) (1.10, 1.51, 0.92) (0.94, 0.57, 1.41) #fs:  24  -- #Conts: 14 G(14) 
   9680799 214.59 || noQ Q (Avg,Max,Min) (0.92, 1.13, 0.59) (0.74, 0.43, 1.02) #fs:  18  -- #Conts: 18 E(18) 
  10387586 207.88 || noQ Q (Avg,Max,Min) (0.91, 1.13, 0.59) (0.76, 0.43, 1.03) #fs:  19  -- #Conts: 18 E(18) 
  14149245 206.71 || noQ Q (Avg,Max,Min) (0.97, 1.13, 0.64) (0.81, 0.61, 1.01) #fs:  20  -- #Conts: 28 E(1)  C(27) 
  14202736 204.00 || noQ Q (Avg,Max,Min) (0.97, 1.13, 0.64) (0.82, 0.61, 1.02) #fs:  20  -- #Conts: 28 C(28) 
  14297239 200.00 || noQ Q (Avg,Max,Min) (0.98, 1.13, 0.64) (0.83, 0.61, 1.02) #fs:  18  -- #Conts: 28 C(28) 
  39675739 195.00 || noQ Q (Avg,Max,Min) (1.01, 1.03, 0.93) (0.89, 0.73, 1.01) #fs:   6  -- #Conts: 44 A(44) 
  42736985 190.00 || noQ Q (Avg,Max,Min) (1.00, 1.04, 0.85) (0.92, 0.78, 1.02) #fs:  11  -- #Conts: 34 A(34) 
  48983674 189.00 || noQ Q (Avg,Max,Min) (1.00, 1.04, 0.85) (0.93, 0.84, 1.02) #fs:  12  -- #Conts: 32 A(32) 
  50095992 186.00 || noQ Q (Avg,Max,Min) (1.00, 1.05, 0.91) (0.94, 0.86, 1.04) #fs:  11  -- #Conts: 31 A(31) 
  50459394 185.00 || noQ Q (Avg,Max,Min) (1.00, 1.04, 0.91) (0.95, 0.87, 1.04) #fs:  12  -- #Conts: 30 A(30) 
  56743985 184.00 || noQ Q (Avg,Max,Min) (1.00, 1.04, 0.91) (0.95, 0.87, 1.04) #fs:  11  -- #Conts: 27 A(27) 
  59189832 182.00 || noQ Q (Avg,Max,Min) (1.00, 1.04, 0.91) (0.96, 0.91, 1.04) #fs:  11  -- #Conts: 25 A(25) 
  62924216 181.00 || noQ Q (Avg,Max,Min) (1.00, 1.04, 0.91) (0.96, 0.91, 1.04) #fs:   9  -- #Conts: 25 A(25) 
  64371597 180.00 || noQ Q (Avg,Max,Min) (1.00, 1.04, 0.91) (0.97, 0.91, 1.04) #fs:  10  -- #Conts: 23 A(23) 
  70324169 179.00 || noQ Q (Avg,Max,Min) (1.00, 1.04, 0.91) (0.98, 0.91, 1.04) #fs:  10  -- #Conts: 21 A(21) 
  77136416 178.00 || noQ Q (Avg,Max,Min) (1.00, 1.04, 0.91) (0.98, 0.91, 1.04) #fs:   8  -- #Conts: 22 A(22) 
/////////////////size: 34
   7223996 340.41 || noQ Q (Avg,Max,Min) (1.14, 1.91, 0.93) (0.68, 0.08, 1.91) #fs:   4  -- #Conts: 24 H(6)  A(1)  G(4)  E(13) 
   7284293 293.12 || noQ Q (Avg,Max,Min) (1.11, 1.91, 0.75) (0.72, 0.09, 1.91) #fs:   6  -- #Conts: 23 H(4)  A(1)  G(5)  E(13) 
   7333876 261.59 || noQ Q (Avg,Max,Min) (1.14, 1.91, 0.94) (0.75, 0.14, 1.91) #fs:   4  -- #Conts: 22 H(3)  A(1)  G(5)  E(13) 
   7580808 245.82 || noQ Q (Avg,Max,Min) (1.13, 1.91, 0.91) (0.78, 0.28, 1.91) #fs:   5  -- #Conts: 21 H(3)  A(1)  G(4)  E(13) 
   7730531 243.12 || noQ Q (Avg,Max,Min) (1.13, 1.91, 0.94) (0.77, 0.14, 1.91) #fs:   5  -- #Conts: 22 H(2)  A(1)  G(6)  E(12)  C(1) 
   7796234 240.41 || noQ Q (Avg,Max,Min) (1.12, 1.91, 0.80) (0.78, 0.13, 1.91) #fs:   5  -- #Conts: 22 H(2)  A(1)  G(6)  E(11)  C(2) 
   7868612 200.18 || noQ Q (Avg,Max,Min) (1.16, 1.91, 1.00) (0.94, 0.50, 1.91) #fs:   5  -- #Conts: 15 H(2)  A(1)  G(5)  E(5)  C(2) 
   8142015 197.47 || noQ Q (Avg,Max,Min) (1.16, 1.91, 0.89) (0.99, 0.46, 1.91) #fs:   7  -- #Conts: 14 H(2)  A(1)  G(5)  E(3)  C(3) 
   8170679 190.76 || noQ Q (Avg,Max,Min) (1.16, 1.91, 0.89) (1.02, 0.59, 1.91) #fs:   8  -- #Conts: 14 H(2)  A(1)  G(5)  E(3)  C(3) 
   8314201 189.35 || noQ Q (Avg,Max,Min) (1.16, 1.91, 1.00) (1.01, 0.31, 1.91) #fs:   5  -- #Conts: 15 H(2)  A(1)  G(5)  E(1)  C(6) 
   8544168 185.35 || noQ Q (Avg,Max,Min) (1.17, 1.91, 1.00) (1.04, 0.61, 1.91) #fs:   4  -- #Conts: 14 H(2)  A(1)  G(5)  E(1)  C(5) 
   8737402 183.65 || noQ Q (Avg,Max,Min) (1.18, 1.91, 1.00) (1.00, 0.07, 1.91) #fs:   5  -- #Conts: 15 H(2)  A(2)  G(5)  C(6) 
   8746759 182.65 || noQ Q (Avg,Max,Min) (1.16, 1.91, 1.00) (1.07, 0.77, 1.91) #fs:   5  -- #Conts: 14 H(2)  A(1)  G(5)  C(6) 
   8813171 182.35 || noQ Q (Avg,Max,Min) (1.19, 1.91, 0.89) (1.01, 0.07, 1.91) #fs:   5  -- #Conts: 14 H(2)  A(2)  G(5)  E(1)  C(4) 
   8822528 181.35 || noQ Q (Avg,Max,Min) (1.17, 1.91, 0.89) (1.09, 0.79, 1.91) #fs:   5  -- #Conts: 13 H(2)  A(1)  G(5)  E(1)  C(4) 
   9481836 179.65 || noQ Q (Avg,Max,Min) (1.19, 1.91, 1.00) (1.02, 0.06, 1.91) #fs:   5  -- #Conts: 14 H(2)  A(2)  G(5)  C(5) 
  16026912 175.12 || noQ Q (Avg,Max,Min) (1.14, 1.91, 0.99) (1.04, 0.73, 1.89) #fs:   4  -- #Conts: 20 H(1)  A(3)  E(9)  C(7) 
  16986252 171.12 || noQ Q (Avg,Max,Min) (1.14, 1.91, 0.83) (1.06, 0.82, 1.89) #fs:   4  -- #Conts: 19 H(1)  A(3)  E(9)  C(6) 
/////////////////size: 18
nodes 100 edges 123
 mulT: 30 mulD: 20000  sumData GB 57148
pareto /LIGO.n.100.0.dax time -> 4237.0
moheft /LIGO.n.100.0.dax time -> 668.0
distance from M to C 1.8887917229780105
distance from P to C 52.60749284886618
distance from C to M 6.54993099348269
distance from C to P 10.420858576872483
toCompare: /LIGO.n.100.0.dax sumDataGB: 57148 mulT: 30 mulD: 20000 paretoOptTime_MS: 4237.0 MoheftOptimizationTime_MS: 668.0 MtoC 1.8887917229780105 PtoC 52.60749284886618 CtoM 6.54993099348269 CtoP 10.420858576872483
