specify -Dflow d,b,mt,md,size
Running /home/vaggelis/jc/SIPHT.n.50.0.dax mt 50 md: 1 size null
   6689691 252.24 || noQ Q (Avg,Max,Min) (0.71, 0.79, 0.64) (0.65, 0.60, 0.74) #fs:   5  -- #Conts: 4 H(4) 
   6698383 220.71 || noQ Q (Avg,Max,Min) (0.84, 1.00, 0.66) (0.76, 0.61, 0.93) #fs:   4  -- #Conts: 4 H(4) 
   6813443 189.18 || noQ Q (Avg,Max,Min) (0.99, 1.00, 0.96) (0.84, 0.62, 0.94) #fs:   1  -- #Conts: 4 H(4) 
  11676861 173.41 || noQ Q (Avg,Max,Min) (0.99, 1.00, 0.96) (0.83, 0.78, 0.89) #fs:   2  -- #Conts: 4 G(4) 
  17082528 157.65 || noQ Q (Avg,Max,Min) (1.00, 1.00, 1.00) (0.87, 0.80, 0.95) #fs:   0  -- #Conts: 4 G(4) 
  25856231 154.24 || noQ Q (Avg,Max,Min) (0.95, 1.00, 0.86) (0.86, 0.77, 1.00) #fs:   3  -- #Conts: 5 E(5) 
  32878515 147.53 || noQ Q (Avg,Max,Min) (1.00, 1.00, 1.00) (0.89, 0.77, 0.99) #fs:   0  -- #Conts: 5 E(5) 
  41206007 140.82 || noQ Q (Avg,Max,Min) (1.00, 1.00, 1.00) (0.95, 0.90, 0.99) #fs:   0  -- #Conts: 4 E(4) 
/////////////////size: 8
   6806116 174.41 || noQ Q (Avg,Max,Min) (1.00, 1.00, 1.00) (0.76, 0.12, 0.95) #fs:   0  -- #Conts: 5 H(3)  G(1)  A(1) 
   6813178 173.41 || noQ Q (Avg,Max,Min) (1.00, 1.00, 1.00) (0.92, 0.89, 0.95) #fs:   1  -- #Conts: 4 H(3)  G(1) 
  14674162 172.35 || noQ Q (Avg,Max,Min) (0.93, 1.00, 0.59) (0.76, 0.35, 1.00) #fs:   1  -- #Conts: 6 H(1)  G(3)  E(1)  C(1) 
  14726520 169.35 || noQ Q (Avg,Max,Min) (1.00, 1.00, 1.00) (0.69, 0.03, 1.00) #fs:   0  -- #Conts: 7 H(1)  G(3)  A(1)  E(1)  C(1) 
  14729963 168.35 || noQ Q (Avg,Max,Min) (1.00, 1.00, 1.00) (0.80, 0.59, 1.00) #fs:   0  -- #Conts: 6 H(1)  G(3)  E(1)  C(1) 
  17936658 153.59 || noQ Q (Avg,Max,Min) (1.00, 1.00, 1.00) (0.75, 0.03, 1.00) #fs:   0  -- #Conts: 6 G(3)  A(1)  E(1)  C(1) 
  17942405 152.59 || noQ Q (Avg,Max,Min) (1.00, 1.00, 1.00) (0.89, 0.75, 1.00) #fs:   0  -- #Conts: 5 G(3)  E(1)  C(1) 
  24280999 149.88 || noQ Q (Avg,Max,Min) (1.00, 1.00, 1.00) (0.86, 0.72, 1.00) #fs:   0  -- #Conts: 5 G(2)  E(2)  C(1) 
  26905788 145.76 || noQ Q (Avg,Max,Min) (1.00, 1.00, 1.00) (0.93, 0.83, 1.00) #fs:   0  -- #Conts: 4 G(2)  E(1)  C(1) 
  35021191 143.41 || noQ Q (Avg,Max,Min) (1.00, 1.00, 1.00) (0.95, 0.92, 1.00) #fs:   0  -- #Conts: 4 E(3)  C(1) 
  35388491 143.29 || noQ Q (Avg,Max,Min) (1.00, 1.00, 1.00) (0.94, 0.82, 1.00) #fs:   1  -- #Conts: 5 E(3)  C(2) 
  37451421 141.82 || noQ Q (Avg,Max,Min) (1.00, 1.00, 1.00) (0.73, 0.03, 0.98) #fs:   0  -- #Conts: 4 A(1)  E(3) 
  37464395 140.82 || noQ Q (Avg,Max,Min) (1.00, 1.00, 1.00) (0.96, 0.94, 0.98) #fs:   0  -- #Conts: 3 E(3) 
  45544722 138.12 || noQ Q (Avg,Max,Min) (1.00, 1.00, 1.00) (0.98, 0.96, 0.99) #fs:   0  -- #Conts: 3 A(1)  E(2) 
  45988336 137.12 || noQ Q (Avg,Max,Min) (1.00, 1.00, 1.00) (0.98, 0.97, 0.99) #fs:   0  -- #Conts: 3 A(1)  E(2) 
/////////////////size: 15
nodes 48 edges 56
 mulT: 50 mulD: 1  sumData GB 1
pareto /SIPHT.n.50.0.dax time -> 731.0
moheft /SIPHT.n.50.0.dax time -> 138.0
distance from M to C 0.0
distance from P to C 0.3823529411764851
distance from C to M 1.777779585310588
distance from C to P 1.3806795621285124
toCompare: /SIPHT.n.50.0.dax sumDataGB: 1 mulT: 50 mulD: 1 paretoOptTime_MS: 731.0 MoheftOptimizationTime_MS: 138.0 MtoC 0.0 PtoC 0.3823529411764851 CtoM 1.777779585310588 CtoP 1.3806795621285124
