specify -Dflow d,b,mt,md,size
Running /home/vaggelis/jc/LIGO.n.100.0.dax mt 30 md: 1000 size null
   1330053 693.65 || noQ Q (Avg,Max,Min) (0.86, 1.00, 0.68) (0.27, 0.19, 0.35) #fs:  33  -- #Conts: 25 H(19)  G(6) 
   1341077 677.88 || noQ Q (Avg,Max,Min) (0.87, 1.00, 0.67) (0.27, 0.19, 0.35) #fs:  33  -- #Conts: 25 H(18)  G(7) 
   1361522 662.12 || noQ Q (Avg,Max,Min) (0.88, 1.01, 0.66) (0.28, 0.19, 0.38) #fs:  33  -- #Conts: 25 H(17)  G(8) 
   1384257 646.35 || noQ Q (Avg,Max,Min) (0.88, 1.01, 0.65) (0.28, 0.19, 0.38) #fs:  32  -- #Conts: 25 H(16)  G(9) 
   1419476 630.59 || noQ Q (Avg,Max,Min) (0.88, 1.00, 0.63) (0.29, 0.19, 0.39) #fs:  32  -- #Conts: 25 H(15)  G(10) 
   1535821 614.82 || noQ Q (Avg,Max,Min) (0.89, 1.00, 0.58) (0.30, 0.19, 0.42) #fs:  33  -- #Conts: 25 H(14)  G(11) 
   1544165 599.06 || noQ Q (Avg,Max,Min) (0.89, 1.01, 0.58) (0.31, 0.19, 0.43) #fs:  32  -- #Conts: 24 H(14)  G(10) 
   1561962 583.29 || noQ Q (Avg,Max,Min) (0.90, 1.02, 0.76) (0.32, 0.23, 0.43) #fs:  31  -- #Conts: 23 H(14)  G(9) 
   1583025 567.53 || noQ Q (Avg,Max,Min) (0.90, 1.02, 0.75) (0.32, 0.24, 0.43) #fs:  31  -- #Conts: 23 H(13)  G(10) 
   1610016 551.76 || noQ Q (Avg,Max,Min) (0.91, 1.02, 0.75) (0.33, 0.24, 0.43) #fs:  33  -- #Conts: 23 H(12)  G(11) 
   1642368 536.00 || noQ Q (Avg,Max,Min) (0.90, 1.02, 0.73) (0.34, 0.24, 0.45) #fs:  31  -- #Conts: 23 H(11)  G(12) 
   1716321 520.24 || noQ Q (Avg,Max,Min) (0.88, 1.02, 0.69) (0.35, 0.24, 0.47) #fs:  31  -- #Conts: 23 H(10)  G(13) 
   1753956 504.47 || noQ Q (Avg,Max,Min) (0.82, 1.01, 0.62) (0.35, 0.26, 0.47) #fs:  34  -- #Conts: 23 H(9)  G(14) 
   1756405 488.71 || noQ Q (Avg,Max,Min) (0.82, 1.01, 0.62) (0.36, 0.26, 0.49) #fs:  34  -- #Conts: 23 H(8)  G(15) 
   1908602 472.94 || noQ Q (Avg,Max,Min) (0.83, 1.01, 0.62) (0.37, 0.26, 0.49) #fs:  34  -- #Conts: 23 H(7)  G(16) 
   2005903 457.18 || noQ Q (Avg,Max,Min) (0.80, 1.01, 0.62) (0.38, 0.26, 0.53) #fs:  33  -- #Conts: 23 H(6)  G(17) 
   2045291 441.41 || noQ Q (Avg,Max,Min) (0.81, 1.01, 0.61) (0.39, 0.26, 0.53) #fs:  34  -- #Conts: 23 H(5)  G(18) 
   2153456 425.65 || noQ Q (Avg,Max,Min) (0.78, 1.01, 0.57) (0.40, 0.26, 0.58) #fs:  34  -- #Conts: 23 H(4)  G(19) 
   2184706 409.88 || noQ Q (Avg,Max,Min) (0.79, 1.01, 0.57) (0.41, 0.26, 0.58) #fs:  34  -- #Conts: 23 H(3)  G(20) 
   2240175 394.12 || noQ Q (Avg,Max,Min) (0.79, 1.01, 0.55) (0.42, 0.26, 0.58) #fs:  34  -- #Conts: 23 H(2)  G(21) 
   2256774 385.06 || noQ Q (Avg,Max,Min) (0.79, 1.01, 0.55) (0.43, 0.26, 0.61) #fs:  33  -- #Conts: 23 H(2)  G(20)  E(1) 
   2280268 376.00 || noQ Q (Avg,Max,Min) (0.81, 1.00, 0.62) (0.43, 0.26, 0.60) #fs:  25  -- #Conts: 25 G(23)  E(2) 
   2282210 366.94 || noQ Q (Avg,Max,Min) (0.83, 1.00, 0.63) (0.44, 0.27, 0.60) #fs:  25  -- #Conts: 25 G(22)  E(3) 
   2297267 357.88 || noQ Q (Avg,Max,Min) (0.84, 1.00, 0.66) (0.46, 0.30, 0.61) #fs:  25  -- #Conts: 25 G(21)  E(4) 
   2455797 348.82 || noQ Q (Avg,Max,Min) (0.84, 1.01, 0.65) (0.47, 0.32, 0.68) #fs:  25  -- #Conts: 25 G(20)  E(5) 
   2711810 344.47 || noQ Q (Avg,Max,Min) (0.82, 1.00, 0.66) (0.47, 0.30, 0.61) #fs:  24  -- #Conts: 23 G(21)  E(2) 
   2749810 335.41 || noQ Q (Avg,Max,Min) (0.82, 1.01, 0.68) (0.48, 0.34, 0.68) #fs:  23  -- #Conts: 23 G(20)  E(3) 
   2805710 326.35 || noQ Q (Avg,Max,Min) (0.82, 1.01, 0.67) (0.50, 0.35, 0.77) #fs:  23  -- #Conts: 23 G(19)  E(4) 
   2849941 315.29 || noQ Q (Avg,Max,Min) (0.90, 1.02, 0.78) (0.60, 0.43, 0.77) #fs:  15  -- #Conts: 10 H(10) 
   3063869 299.53 || noQ Q (Avg,Max,Min) (0.90, 1.02, 0.72) (0.63, 0.46, 0.77) #fs:  13  -- #Conts: 10 H(9)  G(1) 
   3117849 283.76 || noQ Q (Avg,Max,Min) (0.89, 1.02, 0.73) (0.67, 0.53, 0.78) #fs:  14  -- #Conts: 9 H(9) 
   3229358 268.00 || noQ Q (Avg,Max,Min) (0.86, 1.01, 0.63) (0.62, 0.37, 0.85) #fs:  20  -- #Conts: 16 H(1)  G(15) 
   3298397 252.24 || noQ Q (Avg,Max,Min) (0.87, 1.01, 0.62) (0.64, 0.39, 0.85) #fs:  20  -- #Conts: 16 G(16) 
   3407654 243.18 || noQ Q (Avg,Max,Min) (0.88, 1.01, 0.60) (0.67, 0.53, 0.88) #fs:  20  -- #Conts: 16 G(15)  E(1) 
   3604279 236.47 || noQ Q (Avg,Max,Min) (0.86, 1.01, 0.63) (0.68, 0.32, 0.96) #fs:  17  -- #Conts: 15 G(15) 
   3629974 220.71 || noQ Q (Avg,Max,Min) (0.92, 1.07, 0.75) (0.86, 0.70, 1.05) #fs:  10  -- #Conts: 7 H(7) 
   7109960 214.59 || noQ Q (Avg,Max,Min) (0.87, 1.00, 0.39) (0.70, 0.38, 0.82) #fs:  16  -- #Conts: 20 E(20) 
  13015070 212.00 || noQ Q (Avg,Max,Min) (0.86, 1.00, 0.63) (0.76, 0.62, 0.99) #fs:  25  -- #Conts: 25 C(25) 
  13192850 208.00 || noQ Q (Avg,Max,Min) (0.88, 1.01, 0.66) (0.76, 0.63, 0.99) #fs:  23  -- #Conts: 25 C(25) 
  13559813 204.00 || noQ Q (Avg,Max,Min) (0.89, 1.01, 0.66) (0.77, 0.63, 0.99) #fs:  23  -- #Conts: 25 C(25) 
  14252160 196.00 || noQ Q (Avg,Max,Min) (0.90, 1.01, 0.66) (0.77, 0.62, 0.99) #fs:  21  -- #Conts: 25 C(25) 
  39522848 195.00 || noQ Q (Avg,Max,Min) (1.00, 1.00, 0.93) (0.88, 0.70, 0.99) #fs:   9  -- #Conts: 44 A(44) 
  42592060 190.00 || noQ Q (Avg,Max,Min) (0.99, 1.00, 0.88) (0.91, 0.78, 0.99) #fs:  12  -- #Conts: 34 A(34) 
  48461460 189.00 || noQ Q (Avg,Max,Min) (0.98, 1.00, 0.88) (0.91, 0.82, 0.99) #fs:  12  -- #Conts: 33 A(33) 
  49406051 186.00 || noQ Q (Avg,Max,Min) (0.99, 1.00, 0.91) (0.92, 0.84, 0.99) #fs:  11  -- #Conts: 29 A(29) 
  50329501 185.00 || noQ Q (Avg,Max,Min) (0.98, 1.00, 0.90) (0.93, 0.84, 1.00) #fs:  12  -- #Conts: 27 A(27) 
  56602202 184.00 || noQ Q (Avg,Max,Min) (0.99, 1.00, 0.91) (0.94, 0.86, 1.00) #fs:  11  -- #Conts: 23 A(23) 
  56669827 183.00 || noQ Q (Avg,Max,Min) (0.99, 1.00, 0.91) (0.94, 0.89, 1.00) #fs:  11  -- #Conts: 22 A(22) 
  60122402 181.00 || noQ Q (Avg,Max,Min) (0.98, 1.00, 0.91) (0.95, 0.89, 1.00) #fs:  11  -- #Conts: 20 A(20) 
  61898348 180.00 || noQ Q (Avg,Max,Min) (0.98, 1.00, 0.91) (0.95, 0.89, 1.00) #fs:   9  -- #Conts: 20 A(20) 
  67275435 179.00 || noQ Q (Avg,Max,Min) (0.98, 1.00, 0.91) (0.96, 0.89, 1.00) #fs:   9  -- #Conts: 19 A(19) 
  69968024 178.00 || noQ Q (Avg,Max,Min) (0.98, 1.00, 0.91) (0.96, 0.89, 1.00) #fs:   9  -- #Conts: 18 A(18) 
/////////////////size: 52
   4283288 411.88 || noQ Q (Avg,Max,Min) (0.99, 1.02, 0.83) (0.38, 0.12, 1.00) #fs:   9  -- #Conts: 25 H(3)  A(2)  G(20) 
   4328399 396.12 || noQ Q (Avg,Max,Min) (0.99, 1.02, 0.83) (0.40, 0.12, 1.00) #fs:   9  -- #Conts: 24 H(3)  A(2)  G(19) 
   4345070 380.35 || noQ Q (Avg,Max,Min) (0.99, 1.02, 0.83) (0.42, 0.12, 1.00) #fs:   9  -- #Conts: 23 H(3)  A(2)  G(18) 
   4360196 364.59 || noQ Q (Avg,Max,Min) (0.99, 1.02, 0.83) (0.44, 0.12, 1.00) #fs:   9  -- #Conts: 22 H(3)  A(2)  G(17) 
   4470862 348.82 || noQ Q (Avg,Max,Min) (0.99, 1.02, 0.83) (0.46, 0.25, 1.00) #fs:  10  -- #Conts: 21 H(3)  A(2)  G(16) 
   4498660 333.06 || noQ Q (Avg,Max,Min) (0.98, 1.02, 0.78) (0.48, 0.25, 1.00) #fs:   9  -- #Conts: 20 H(3)  A(2)  G(15) 
   4627508 317.29 || noQ Q (Avg,Max,Min) (0.99, 1.02, 0.83) (0.50, 0.21, 1.00) #fs:  10  -- #Conts: 19 H(3)  A(2)  G(14) 
   4663432 301.53 || noQ Q (Avg,Max,Min) (0.99, 1.02, 0.83) (0.53, 0.25, 1.01) #fs:   8  -- #Conts: 18 H(3)  A(2)  G(13) 
   4797714 292.47 || noQ Q (Avg,Max,Min) (0.99, 1.02, 0.86) (0.54, 0.25, 1.01) #fs:   8  -- #Conts: 18 H(3)  A(2)  G(12)  E(1) 
   4801099 285.76 || noQ Q (Avg,Max,Min) (0.99, 1.02, 0.86) (0.56, 0.26, 1.01) #fs:   8  -- #Conts: 17 H(3)  A(2)  G(12) 
   4867254 270.00 || noQ Q (Avg,Max,Min) (0.99, 1.02, 0.85) (0.60, 0.27, 1.00) #fs:   9  -- #Conts: 16 H(3)  A(2)  G(11) 
   5014054 254.24 || noQ Q (Avg,Max,Min) (0.99, 1.02, 0.87) (0.63, 0.27, 1.00) #fs:   8  -- #Conts: 15 H(3)  A(2)  G(10) 
   5047819 238.47 || noQ Q (Avg,Max,Min) (0.99, 1.02, 0.87) (0.68, 0.38, 1.00) #fs:   9  -- #Conts: 14 H(3)  A(2)  G(9) 
   5086896 236.12 || noQ Q (Avg,Max,Min) (0.99, 1.02, 0.87) (0.65, 0.27, 1.01) #fs:   8  -- #Conts: 15 H(3)  A(2)  G(8)  E(2) 
   5201539 233.41 || noQ Q (Avg,Max,Min) (0.98, 1.02, 0.87) (0.67, 0.27, 1.00) #fs:  10  -- #Conts: 15 H(3)  A(2)  G(8)  E(1)  C(1) 
   5231806 233.06 || noQ Q (Avg,Max,Min) (0.99, 1.02, 0.88) (0.61, 0.27, 1.01) #fs:   8  -- #Conts: 19 H(3)  A(2)  G(5)  E(8)  C(1) 
   5241022 230.35 || noQ Q (Avg,Max,Min) (0.99, 1.02, 0.88) (0.62, 0.27, 1.01) #fs:  10  -- #Conts: 19 H(3)  A(2)  G(5)  E(7)  C(2) 
   5244404 227.65 || noQ Q (Avg,Max,Min) (0.99, 1.02, 0.88) (0.63, 0.28, 1.01) #fs:  10  -- #Conts: 19 H(3)  A(2)  G(5)  E(6)  C(3) 
   5312512 224.94 || noQ Q (Avg,Max,Min) (0.99, 1.02, 0.88) (0.64, 0.44, 1.01) #fs:  10  -- #Conts: 19 H(3)  A(2)  G(5)  E(5)  C(4) 
   5474838 220.24 || noQ Q (Avg,Max,Min) (0.99, 1.02, 0.88) (0.65, 0.44, 1.02) #fs:  10  -- #Conts: 21 H(3)  A(2)  G(3)  E(9)  C(4) 
   5723704 216.24 || noQ Q (Avg,Max,Min) (0.98, 1.02, 0.86) (0.67, 0.45, 1.02) #fs:  10  -- #Conts: 20 H(3)  A(2)  G(3)  E(9)  C(3) 
   5763470 212.24 || noQ Q (Avg,Max,Min) (0.98, 1.02, 0.85) (0.69, 0.46, 1.02) #fs:  10  -- #Conts: 19 H(3)  A(2)  G(3)  E(9)  C(2) 
   5777361 208.24 || noQ Q (Avg,Max,Min) (0.98, 1.02, 0.84) (0.71, 0.46, 1.02) #fs:   9  -- #Conts: 18 H(3)  A(2)  G(3)  E(9)  C(1) 
   5841656 204.24 || noQ Q (Avg,Max,Min) (0.98, 1.02, 0.85) (0.74, 0.48, 1.02) #fs:   9  -- #Conts: 17 H(3)  A(2)  G(3)  E(9) 
   5923917 199.88 || noQ Q (Avg,Max,Min) (0.98, 1.02, 0.88) (0.78, 0.56, 1.02) #fs:   9  -- #Conts: 15 H(3)  A(2)  G(4)  E(6) 
   6123375 197.18 || noQ Q (Avg,Max,Min) (0.98, 1.02, 0.88) (0.79, 0.53, 1.02) #fs:   9  -- #Conts: 15 H(3)  A(2)  G(4)  E(5)  C(1) 
   6182411 193.18 || noQ Q (Avg,Max,Min) (0.98, 1.02, 0.88) (0.83, 0.59, 1.02) #fs:  10  -- #Conts: 14 H(3)  A(2)  G(4)  E(5) 
   6245195 190.47 || noQ Q (Avg,Max,Min) (0.98, 1.02, 0.88) (0.85, 0.75, 1.02) #fs:  10  -- #Conts: 14 H(3)  A(2)  G(4)  E(4)  C(1) 
   6407240 189.06 || noQ Q (Avg,Max,Min) (0.98, 1.02, 0.88) (0.84, 0.53, 1.02) #fs:   9  -- #Conts: 15 H(3)  A(2)  G(4)  E(2)  C(4) 
   6524331 185.06 || noQ Q (Avg,Max,Min) (0.99, 1.02, 0.88) (0.87, 0.75, 1.02) #fs:   8  -- #Conts: 14 H(3)  A(2)  G(4)  E(2)  C(3) 
  12943886 181.88 || noQ Q (Avg,Max,Min) (1.01, 1.04, 1.00) (0.85, 0.45, 1.02) #fs:   3  -- #Conts: 18 H(2)  A(2)  G(2)  E(5)  C(7) 
  16984259 180.88 || noQ Q (Avg,Max,Min) (1.01, 1.04, 1.00) (0.86, 0.67, 1.02) #fs:   4  -- #Conts: 18 H(2)  A(3)  G(2)  E(5)  C(6) 
  20300366 178.06 || noQ Q (Avg,Max,Min) (1.00, 1.04, 0.95) (0.88, 0.68, 1.02) #fs:   4  -- #Conts: 15 H(2)  A(6)  G(2)  E(1)  C(4) 
  24511374 177.06 || noQ Q (Avg,Max,Min) (1.01, 1.04, 1.00) (0.91, 0.71, 1.02) #fs:   3  -- #Conts: 14 H(2)  A(5)  G(2)  E(1)  C(4) 
  32174624 176.06 || noQ Q (Avg,Max,Min) (1.01, 1.04, 1.00) (0.93, 0.75, 1.02) #fs:   3  -- #Conts: 13 H(2)  A(4)  G(2)  E(1)  C(4) 
  34077762 171.94 || noQ Q (Avg,Max,Min) (1.01, 1.18, 0.92) (0.89, 0.01, 1.03) #fs:   3  -- #Conts: 13 H(1)  A(3)  G(1)  E(5)  C(3) 
  34089538 169.24 || noQ Q (Avg,Max,Min) (1.00, 1.03, 0.92) (0.96, 0.88, 1.03) #fs:   3  -- #Conts: 12 H(1)  A(3)  G(1)  E(4)  C(3) 
  34218360 166.24 || noQ Q (Avg,Max,Min) (1.00, 1.03, 0.92) (0.90, 0.05, 1.03) #fs:   3  -- #Conts: 13 H(1)  A(4)  G(1)  E(4)  C(3) 
/////////////////size: 38
nodes 100 edges 123
 mulT: 30 mulD: 1000  sumData GB 2857
pareto /LIGO.n.100.0.dax time -> 6857.0
moheft /LIGO.n.100.0.dax time -> 806.0
distance from M to C 1.5526315790860064
distance from P to C 33.480603299979116
distance from C to M 4.1335426491363725
distance from C to P 7.077655110120367
toCompare: /LIGO.n.100.0.dax sumDataGB: 2857 mulT: 30 mulD: 1000 paretoOptTime_MS: 6857.0 MoheftOptimizationTime_MS: 806.0 MtoC 1.5526315790860064 PtoC 33.480603299979116 CtoM 4.1335426491363725 CtoP 7.077655110120367
