specify -Dflow d,b,mt,md,size
Running /home/vaggelis/jc/SIPHT.n.50.0.dax mt 10000 md: 1000 size null
1338238094 32948.24 || noQ Q (Avg,Max,Min) (1.00, 1.00, 0.97) (0.95, 0.69, 1.00) #fs:   2  -- #Conts: 9 H(9) 
1338239865 32822.12 || noQ Q (Avg,Max,Min) (1.00, 1.00, 0.97) (0.95, 0.69, 1.00) #fs:   1  -- #Conts: 9 H(9) 
2257011716 31040.71 || noQ Q (Avg,Max,Min) (0.96, 1.00, 0.61) (0.90, 0.61, 1.00) #fs:   3  -- #Conts: 15 H(1)  G(14) 
2293254787 28009.88 || noQ Q (Avg,Max,Min) (0.99, 1.00, 0.83) (0.93, 0.74, 1.00) #fs:   2  -- #Conts: 15 G(12)  E(2)  C(1) 
4518481451 23660.94 || noQ Q (Avg,Max,Min) (0.97, 1.00, 0.66) (0.86, 0.61, 1.00) #fs:   4  -- #Conts: 22 G(1)  E(21) 
4561740148 23524.24 || noQ Q (Avg,Max,Min) (0.97, 1.00, 0.66) (0.86, 0.61, 1.00) #fs:   4  -- #Conts: 22 E(22) 
4563958588 23517.53 || noQ Q (Avg,Max,Min) (0.97, 1.00, 0.66) (0.86, 0.61, 1.00) #fs:   4  -- #Conts: 22 E(22) 
5503170769 16916.00 || noQ Q (Avg,Max,Min) (1.00, 1.00, 0.90) (0.84, 0.62, 1.00) #fs:   3  -- #Conts: 29 C(29) 
6462423043 5544.00 || noQ Q (Avg,Max,Min) (1.00, 1.00, 0.99) (0.99, 0.93, 1.00) #fs:   3  -- #Conts: 20 A(20) 
6479423043 5543.00 || noQ Q (Avg,Max,Min) (1.00, 1.00, 0.99) (0.99, 0.93, 1.00) #fs:   3  -- #Conts: 20 A(20) 
/////////////////size: 10
1382619574 32873.29 || noQ Q (Avg,Max,Min) (1.00, 1.00, 0.94) (0.98, 0.90, 1.00) #fs:   1  -- #Conts: 12 H(4)  G(2)  A(2)  E(3)  C(1) 
1382621345 32085.06 || noQ Q (Avg,Max,Min) (1.00, 1.00, 1.00) (0.98, 0.90, 1.00) #fs:   0  -- #Conts: 12 H(4)  G(2)  A(2)  E(3)  C(1) 
1382956825 32082.06 || noQ Q (Avg,Max,Min) (1.00, 1.00, 1.00) (0.98, 0.90, 1.00) #fs:   0  -- #Conts: 12 H(4)  G(2)  A(2)  E(3)  C(1) 
1383277559 32080.06 || noQ Q (Avg,Max,Min) (1.00, 1.00, 1.00) (0.98, 0.90, 1.00) #fs:   0  -- #Conts: 12 H(4)  G(2)  A(2)  E(3)  C(1) 
1383282436 32079.06 || noQ Q (Avg,Max,Min) (1.00, 1.00, 1.00) (0.99, 0.90, 1.00) #fs:   0  -- #Conts: 11 H(4)  G(2)  A(1)  E(3)  C(1) 
1383598280 32077.06 || noQ Q (Avg,Max,Min) (1.00, 1.00, 1.00) (0.98, 0.90, 1.00) #fs:   0  -- #Conts: 12 H(4)  G(2)  A(2)  E(3)  C(1) 
1383627370 32076.06 || noQ Q (Avg,Max,Min) (1.00, 1.00, 1.00) (0.99, 0.90, 1.00) #fs:   0  -- #Conts: 11 H(4)  G(2)  A(1)  E(3)  C(1) 
1611884668 31528.88 || noQ Q (Avg,Max,Min) (1.00, 1.00, 1.00) (0.99, 0.95, 1.00) #fs:   0  -- #Conts: 13 H(4)  G(3)  A(2)  E(3)  C(1) 
1612868316 31523.88 || noQ Q (Avg,Max,Min) (1.00, 1.00, 1.00) (1.00, 0.99, 1.00) #fs:   0  -- #Conts: 12 H(4)  G(3)  A(1)  E(3)  C(1) 
1613396544 31521.88 || noQ Q (Avg,Max,Min) (1.00, 1.02, 1.00) (0.94, 0.20, 1.00) #fs:   0  -- #Conts: 13 H(4)  G(3)  A(2)  E(3)  C(1) 
1613444366 31520.88 || noQ Q (Avg,Max,Min) (1.00, 1.00, 1.00) (1.00, 0.99, 1.00) #fs:   0  -- #Conts: 12 H(4)  G(3)  A(1)  E(3)  C(1) 
1689797268 31021.41 || noQ Q (Avg,Max,Min) (1.00, 1.02, 1.00) (0.92, 0.16, 1.00) #fs:   0  -- #Conts: 12 H(4)  G(3)  A(2)  E(2)  C(1) 
1690205297 30989.88 || noQ Q (Avg,Max,Min) (1.00, 1.00, 1.00) (0.99, 0.92, 1.00) #fs:   0  -- #Conts: 11 H(3)  G(3)  A(2)  E(2)  C(1) 
1690781779 30986.88 || noQ Q (Avg,Max,Min) (1.00, 1.00, 1.00) (0.99, 0.92, 1.00) #fs:   0  -- #Conts: 11 H(3)  G(3)  A(2)  E(2)  C(1) 
1690955364 30985.88 || noQ Q (Avg,Max,Min) (1.00, 1.00, 1.00) (0.99, 0.92, 1.00) #fs:   0  -- #Conts: 11 H(3)  G(3)  A(2)  E(2)  C(1) 
1708085283 30984.88 || noQ Q (Avg,Max,Min) (1.00, 1.00, 1.00) (0.99, 0.92, 1.00) #fs:   0  -- #Conts: 12 H(3)  G(3)  A(3)  E(2)  C(1) 
1784568956 30447.24 || noQ Q (Avg,Max,Min) (1.00, 1.00, 1.00) (0.97, 0.62, 1.00) #fs:   0  -- #Conts: 12 H(3)  G(3)  A(1)  E(4)  C(1) 
1792331996 30445.53 || noQ Q (Avg,Max,Min) (1.00, 1.00, 1.00) (0.99, 0.95, 1.00) #fs:   0  -- #Conts: 12 H(3)  G(3)  A(2)  E(3)  C(1) 
1818044322 30434.18 || noQ Q (Avg,Max,Min) (1.00, 1.01, 1.00) (0.97, 0.60, 1.00) #fs:   0  -- #Conts: 13 H(3)  G(4)  A(1)  E(4)  C(1) 
1818686622 30431.82 || noQ Q (Avg,Max,Min) (1.00, 1.00, 1.00) (0.99, 0.97, 1.00) #fs:   0  -- #Conts: 12 H(3)  G(3)  A(1)  E(4)  C(1) 
1833482390 30430.12 || noQ Q (Avg,Max,Min) (1.00, 1.00, 1.00) (0.99, 0.95, 1.00) #fs:   0  -- #Conts: 13 H(3)  G(3)  A(2)  E(4)  C(1) 
1835809227 30429.41 || noQ Q (Avg,Max,Min) (1.00, 1.00, 1.00) (0.99, 0.92, 1.00) #fs:   0  -- #Conts: 14 H(3)  G(3)  A(3)  E(4)  C(1) 
2079923421 29915.06 || noQ Q (Avg,Max,Min) (1.00, 1.02, 1.00) (0.93, 0.16, 1.00) #fs:   0  -- #Conts: 14 H(3)  G(4)  A(2)  E(3)  C(2) 
2080331450 29899.29 || noQ Q (Avg,Max,Min) (1.00, 1.00, 1.00) (0.99, 0.92, 1.00) #fs:   0  -- #Conts: 13 H(2)  G(4)  A(2)  E(3)  C(2) 
2081567916 29890.24 || noQ Q (Avg,Max,Min) (1.00, 1.00, 1.00) (0.96, 0.62, 1.00) #fs:   0  -- #Conts: 14 H(2)  G(4)  A(2)  E(4)  C(2) 
2096349476 29888.53 || noQ Q (Avg,Max,Min) (1.00, 1.00, 1.00) (0.99, 0.92, 1.00) #fs:   0  -- #Conts: 14 H(2)  G(4)  A(3)  E(3)  C(2) 
2103178854 29888.29 || noQ Q (Avg,Max,Min) (1.00, 1.00, 1.00) (0.98, 0.92, 1.00) #fs:   0  -- #Conts: 14 H(2)  G(4)  A(3)  E(3)  C(2) 
2157573785 29029.71 || noQ Q (Avg,Max,Min) (1.00, 1.00, 1.00) (0.99, 0.92, 1.00) #fs:   0  -- #Conts: 12 H(2)  G(3)  A(2)  E(3)  C(2) 
2157909265 29026.71 || noQ Q (Avg,Max,Min) (1.00, 1.00, 1.00) (0.99, 0.92, 1.00) #fs:   0  -- #Conts: 12 H(2)  G(3)  A(2)  E(3)  C(2) 
2158229999 29024.71 || noQ Q (Avg,Max,Min) (1.00, 1.00, 1.00) (0.98, 0.92, 1.00) #fs:   0  -- #Conts: 12 H(2)  G(3)  A(2)  E(3)  C(2) 
2158234876 29023.71 || noQ Q (Avg,Max,Min) (1.00, 1.00, 1.00) (0.99, 0.96, 1.00) #fs:   0  -- #Conts: 11 H(2)  G(3)  A(1)  E(3)  C(2) 
2158550720 29021.71 || noQ Q (Avg,Max,Min) (1.00, 1.00, 1.00) (0.99, 0.92, 1.00) #fs:   0  -- #Conts: 12 H(2)  G(3)  A(2)  E(3)  C(2) 
2158579810 29020.71 || noQ Q (Avg,Max,Min) (1.00, 1.00, 1.00) (0.99, 0.96, 1.00) #fs:   0  -- #Conts: 11 H(2)  G(3)  A(1)  E(3)  C(2) 
2218831460 28472.12 || noQ Q (Avg,Max,Min) (1.00, 1.00, 1.00) (0.99, 0.95, 1.00) #fs:   0  -- #Conts: 12 H(1)  G(3)  A(2)  E(4)  C(2) 
2219277257 28470.12 || noQ Q (Avg,Max,Min) (1.00, 1.00, 1.00) (0.99, 0.95, 1.00) #fs:   0  -- #Conts: 12 H(1)  G(3)  A(2)  E(4)  C(2) 
2219815108 28467.12 || noQ Q (Avg,Max,Min) (1.00, 1.00, 1.00) (1.00, 0.98, 1.00) #fs:   0  -- #Conts: 11 H(1)  G(3)  A(1)  E(4)  C(2) 
2220260905 28465.12 || noQ Q (Avg,Max,Min) (1.00, 1.00, 1.00) (1.00, 0.97, 1.00) #fs:   0  -- #Conts: 11 H(1)  G(3)  A(1)  E(4)  C(2) 
2220391158 28464.12 || noQ Q (Avg,Max,Min) (1.00, 1.00, 1.00) (1.00, 0.99, 1.00) #fs:   0  -- #Conts: 11 H(1)  G(3)  A(1)  E(4)  C(2) 
2220564743 28463.12 || noQ Q (Avg,Max,Min) (1.00, 1.00, 1.00) (1.00, 0.98, 1.00) #fs:   0  -- #Conts: 11 H(1)  G(3)  A(1)  E(4)  C(2) 
2220845603 28462.12 || noQ Q (Avg,Max,Min) (1.00, 1.00, 1.00) (1.00, 0.99, 1.00) #fs:   0  -- #Conts: 11 H(1)  G(3)  A(1)  E(4)  C(2) 
2221055035 28461.12 || noQ Q (Avg,Max,Min) (1.00, 1.02, 1.00) (0.93, 0.20, 1.00) #fs:   0  -- #Conts: 12 H(1)  G(3)  A(2)  E(4)  C(2) 
2221102857 28460.12 || noQ Q (Avg,Max,Min) (1.00, 1.00, 1.00) (1.00, 0.99, 1.00) #fs:   0  -- #Conts: 11 H(1)  G(3)  A(1)  E(4)  C(2) 
2464751372 27955.00 || noQ Q (Avg,Max,Min) (1.00, 1.02, 1.00) (0.92, 0.16, 1.00) #fs:   0  -- #Conts: 12 H(1)  G(4)  A(2)  E(3)  C(2) 
2465159401 27939.24 || noQ Q (Avg,Max,Min) (1.00, 1.00, 1.00) (0.99, 0.92, 1.00) #fs:   0  -- #Conts: 11 G(4)  A(2)  E(3)  C(2) 
2466395867 27930.18 || noQ Q (Avg,Max,Min) (1.00, 1.00, 1.00) (0.96, 0.62, 1.00) #fs:   0  -- #Conts: 12 G(4)  A(2)  E(4)  C(2) 
2467228415 27928.88 || noQ Q (Avg,Max,Min) (1.00, 1.00, 1.00) (0.94, 0.62, 1.00) #fs:   0  -- #Conts: 12 G(4)  A(1)  E(5)  C(2) 
2481177427 27927.18 || noQ Q (Avg,Max,Min) (1.00, 1.00, 1.00) (0.97, 0.72, 1.00) #fs:   0  -- #Conts: 12 G(4)  A(2)  E(4)  C(2) 
2484531535 27926.47 || noQ Q (Avg,Max,Min) (1.00, 1.00, 1.00) (0.98, 0.92, 1.00) #fs:   0  -- #Conts: 12 G(4)  A(3)  E(3)  C(2) 
2607106806 27877.59 || noQ Q (Avg,Max,Min) (1.00, 1.00, 1.00) (0.99, 0.95, 1.00) #fs:   0  -- #Conts: 12 G(5)  A(2)  E(4)  C(1) 
2608090454 27872.59 || noQ Q (Avg,Max,Min) (1.00, 1.00, 1.00) (0.99, 0.95, 1.00) #fs:   0  -- #Conts: 11 G(5)  A(1)  E(4)  C(1) 
2608618682 27870.59 || noQ Q (Avg,Max,Min) (1.00, 1.02, 1.00) (0.93, 0.20, 1.00) #fs:   0  -- #Conts: 12 G(5)  A(2)  E(4)  C(1) 
2608666504 27869.59 || noQ Q (Avg,Max,Min) (1.00, 1.00, 1.00) (0.99, 0.95, 1.00) #fs:   0  -- #Conts: 11 G(5)  A(1)  E(4)  C(1) 
2819113216 12845.00 || noQ Q (Avg,Max,Min) (1.00, 1.00, 1.00) (0.98, 0.72, 1.00) #fs:   0  -- #Conts: 14 H(2)  A(4)  E(6)  C(2) 
2819448696 12843.00 || noQ Q (Avg,Max,Min) (1.00, 1.00, 1.00) (0.98, 0.72, 1.00) #fs:   0  -- #Conts: 14 H(2)  A(4)  E(6)  C(2) 
2819774307 12838.29 || noQ Q (Avg,Max,Min) (1.00, 1.00, 1.00) (1.00, 0.99, 1.00) #fs:   0  -- #Conts: 13 H(2)  A(4)  E(5)  C(2) 
2819968624 12838.00 || noQ Q (Avg,Max,Min) (1.00, 1.00, 1.00) (0.98, 0.72, 1.00) #fs:   0  -- #Conts: 14 H(2)  A(4)  E(6)  C(2) 
2820119241 12836.29 || noQ Q (Avg,Max,Min) (1.00, 1.00, 1.00) (1.00, 0.99, 1.00) #fs:   0  -- #Conts: 13 H(2)  A(4)  E(5)  C(2) 
2837223387 12835.29 || noQ Q (Avg,Max,Min) (1.00, 1.00, 1.00) (0.99, 0.95, 1.00) #fs:   0  -- #Conts: 14 H(2)  A(5)  E(5)  C(2) 
3089877827 12287.00 || noQ Q (Avg,Max,Min) (1.00, 1.00, 1.00) (0.99, 0.95, 1.00) #fs:   0  -- #Conts: 15 H(2)  A(5)  G(1)  E(5)  C(2) 
3090861475 12282.00 || noQ Q (Avg,Max,Min) (1.00, 1.00, 1.00) (1.00, 0.96, 1.00) #fs:   0  -- #Conts: 14 H(2)  A(4)  G(1)  E(5)  C(2) 
3091389703 12280.00 || noQ Q (Avg,Max,Min) (1.00, 1.02, 1.00) (0.94, 0.20, 1.00) #fs:   0  -- #Conts: 15 H(2)  A(5)  G(1)  E(5)  C(2) 
3091437525 12279.00 || noQ Q (Avg,Max,Min) (1.00, 1.00, 1.00) (1.00, 0.96, 1.00) #fs:   0  -- #Conts: 14 H(2)  A(4)  G(1)  E(5)  C(2) 
3126290803 11775.41 || noQ Q (Avg,Max,Min) (1.00, 1.02, 1.00) (0.92, 0.16, 1.00) #fs:   0  -- #Conts: 14 H(2)  A(4)  G(3)  E(4)  C(1) 
3126698832 11759.65 || noQ Q (Avg,Max,Min) (1.00, 1.00, 1.00) (0.98, 0.72, 1.00) #fs:   0  -- #Conts: 13 H(1)  A(4)  G(3)  E(4)  C(1) 
3127935298 11750.59 || noQ Q (Avg,Max,Min) (1.00, 1.00, 1.00) (0.95, 0.62, 1.00) #fs:   0  -- #Conts: 14 H(1)  A(4)  G(3)  E(5)  C(1) 
3128663904 11749.88 || noQ Q (Avg,Max,Min) (1.00, 1.00, 1.00) (0.97, 0.62, 1.00) #fs:   0  -- #Conts: 14 H(1)  A(5)  G(3)  E(4)  C(1) 
3134960436 11746.47 || noQ Q (Avg,Max,Min) (1.00, 1.00, 1.00) (0.99, 0.92, 1.00) #fs:   0  -- #Conts: 13 H(1)  A(5)  G(2)  E(4)  C(1) 
3149749272 11744.76 || noQ Q (Avg,Max,Min) (1.00, 1.00, 1.00) (0.99, 0.92, 1.00) #fs:   0  -- #Conts: 14 H(1)  A(6)  G(2)  E(4)  C(1) 
3218520648 11521.18 || noQ Q (Avg,Max,Min) (1.00, 1.00, 1.00) (0.99, 0.95, 1.00) #fs:   0  -- #Conts: 12 A(6)  G(2)  E(3)  C(1) 
3219504296 11516.18 || noQ Q (Avg,Max,Min) (1.00, 1.00, 1.00) (1.00, 0.99, 1.00) #fs:   0  -- #Conts: 11 A(5)  G(2)  E(3)  C(1) 
3220032524 11515.18 || noQ Q (Avg,Max,Min) (1.00, 1.02, 1.00) (0.93, 0.20, 1.00) #fs:   0  -- #Conts: 12 A(6)  G(2)  E(3)  C(1) 
3220080346 11514.18 || noQ Q (Avg,Max,Min) (1.00, 1.00, 1.00) (1.00, 0.99, 1.00) #fs:   0  -- #Conts: 11 A(5)  G(2)  E(3)  C(1) 
3220576424 11512.18 || noQ Q (Avg,Max,Min) (1.00, 1.00, 0.99) (0.94, 0.34, 1.00) #fs:   1  -- #Conts: 12 A(6)  G(2)  E(3)  C(1) 
3220662087 11511.18 || noQ Q (Avg,Max,Min) (1.00, 1.00, 1.00) (1.00, 0.99, 1.00) #fs:   0  -- #Conts: 11 A(5)  G(2)  E(3)  C(1) 
3237284712 11510.18 || noQ Q (Avg,Max,Min) (1.00, 1.00, 1.00) (1.00, 0.98, 1.00) #fs:   0  -- #Conts: 12 A(6)  G(2)  E(3)  C(1) 
3244363194 11509.53 || noQ Q (Avg,Max,Min) (1.00, 1.00, 1.00) (0.99, 0.92, 1.00) #fs:   0  -- #Conts: 13 A(7)  G(2)  E(3)  C(1) 
3870616371 11480.47 || noQ Q (Avg,Max,Min) (1.00, 1.02, 1.00) (0.92, 0.16, 1.00) #fs:   0  -- #Conts: 12 H(1)  A(5)  G(2)  E(4) 
3871024400 11464.71 || noQ Q (Avg,Max,Min) (1.00, 1.00, 1.00) (0.99, 0.92, 1.00) #fs:   0  -- #Conts: 11 A(5)  G(2)  E(4) 
3872260866 11455.65 || noQ Q (Avg,Max,Min) (1.00, 1.00, 1.00) (0.96, 0.62, 1.00) #fs:   0  -- #Conts: 12 A(5)  G(2)  E(5) 
3887042426 11453.94 || noQ Q (Avg,Max,Min) (1.00, 1.00, 1.00) (0.99, 0.92, 1.00) #fs:   0  -- #Conts: 12 A(6)  G(2)  E(4) 
4052078011 11409.71 || noQ Q (Avg,Max,Min) (1.00, 1.02, 1.00) (0.92, 0.16, 1.00) #fs:   0  -- #Conts: 12 H(1)  A(5)  G(1)  E(3)  C(2) 
4052487714 11393.94 || noQ Q (Avg,Max,Min) (1.00, 1.01, 1.00) (0.93, 0.28, 1.00) #fs:   0  -- #Conts: 12 A(5)  G(2)  E(3)  C(2) 
4053720832 11384.88 || noQ Q (Avg,Max,Min) (1.00, 1.00, 1.00) (0.99, 0.92, 1.00) #fs:   0  -- #Conts: 11 A(5)  G(1)  E(3)  C(2) 
4058327357 11383.59 || noQ Q (Avg,Max,Min) (1.00, 1.00, 1.00) (0.98, 0.92, 1.00) #fs:   0  -- #Conts: 11 A(5)  G(1)  E(3)  C(2) 
4068504066 11383.18 || noQ Q (Avg,Max,Min) (1.00, 1.00, 1.00) (0.98, 0.92, 1.00) #fs:   0  -- #Conts: 12 A(6)  G(1)  E(3)  C(2) 
4073116235 11381.88 || noQ Q (Avg,Max,Min) (1.00, 1.00, 1.00) (0.98, 0.92, 1.00) #fs:   0  -- #Conts: 12 A(6)  G(1)  E(3)  C(2) 
4219349999 11379.41 || noQ Q (Avg,Max,Min) (1.00, 1.00, 1.00) (0.99, 0.92, 1.00) #fs:   0  -- #Conts: 13 A(6)  G(2)  E(3)  C(2) 
4234138835 11377.71 || noQ Q (Avg,Max,Min) (1.00, 1.00, 1.00) (0.98, 0.92, 1.00) #fs:   0  -- #Conts: 14 A(7)  G(2)  E(3)  C(2) 
4379887553 11274.12 || noQ Q (Avg,Max,Min) (1.00, 1.02, 1.00) (0.93, 0.16, 1.00) #fs:   0  -- #Conts: 14 H(1)  A(7)  G(1)  E(3)  C(2) 
4380297256 11258.35 || noQ Q (Avg,Max,Min) (1.00, 1.01, 1.00) (0.94, 0.28, 1.00) #fs:   0  -- #Conts: 14 A(7)  G(2)  E(3)  C(2) 
4381530374 11249.29 || noQ Q (Avg,Max,Min) (1.00, 1.00, 1.00) (0.99, 0.92, 1.00) #fs:   0  -- #Conts: 13 A(7)  G(1)  E(3)  C(2) 
4382913023 11248.00 || noQ Q (Avg,Max,Min) (1.00, 1.00, 1.00) (0.97, 0.62, 1.00) #fs:   0  -- #Conts: 13 A(6)  G(1)  E(4)  C(2) 
4386136899 11246.00 || noQ Q (Avg,Max,Min) (1.00, 1.00, 1.00) (0.99, 0.92, 1.00) #fs:   0  -- #Conts: 12 A(6)  G(1)  E(3)  C(2) 
4400925777 11244.29 || noQ Q (Avg,Max,Min) (1.00, 1.00, 1.00) (0.99, 0.92, 1.00) #fs:   0  -- #Conts: 13 A(7)  G(1)  E(3)  C(2) 
4476454344 8902.41 || noQ Q (Avg,Max,Min) (1.00, 1.01, 1.00) (0.94, 0.19, 1.00) #fs:   0  -- #Conts: 14 H(2)  A(7)  E(4)  C(1) 
4476933937 8886.65 || noQ Q (Avg,Max,Min) (1.00, 1.01, 1.00) (0.95, 0.32, 1.00) #fs:   0  -- #Conts: 14 H(1)  A(7)  G(1)  E(4)  C(1) 
4477917585 8881.65 || noQ Q (Avg,Max,Min) (1.00, 1.01, 1.00) (0.97, 0.60, 1.00) #fs:   0  -- #Conts: 13 H(1)  A(6)  G(1)  E(4)  C(1) 
4478379370 8877.59 || noQ Q (Avg,Max,Min) (1.00, 1.00, 1.00) (0.98, 0.72, 1.00) #fs:   0  -- #Conts: 14 H(1)  A(7)  E(5)  C(1) 
4495680844 8876.88 || noQ Q (Avg,Max,Min) (1.00, 1.00, 1.00) (0.99, 0.95, 1.00) #fs:   0  -- #Conts: 13 H(1)  A(7)  E(4)  C(1) 
4512680844 8875.88 || noQ Q (Avg,Max,Min) (1.00, 1.00, 1.00) (1.00, 0.99, 1.00) #fs:   0  -- #Conts: 12 H(1)  A(6)  E(4)  C(1) 
4536281619 6399.88 || noQ Q (Avg,Max,Min) (1.00, 1.02, 1.00) (0.94, 0.16, 1.00) #fs:   0  -- #Conts: 15 H(2)  A(6)  E(5)  C(2) 
4536691322 6384.12 || noQ Q (Avg,Max,Min) (1.00, 1.01, 1.00) (0.95, 0.28, 1.00) #fs:   0  -- #Conts: 15 H(1)  A(6)  G(1)  E(5)  C(2) 
4537926114 6375.06 || noQ Q (Avg,Max,Min) (1.00, 1.00, 0.99) (0.99, 0.96, 1.00) #fs:   1  -- #Conts: 14 H(1)  A(6)  E(5)  C(2) 
4552706000 6373.35 || noQ Q (Avg,Max,Min) (1.00, 1.00, 1.00) (1.00, 0.96, 1.00) #fs:   0  -- #Conts: 14 H(1)  A(6)  E(5)  C(2) 
4864091161 6172.00 || noQ Q (Avg,Max,Min) (1.00, 1.02, 1.00) (0.94, 0.16, 1.00) #fs:   0  -- #Conts: 15 H(1)  A(7)  G(1)  E(4)  C(2) 
4864500864 6156.24 || noQ Q (Avg,Max,Min) (1.00, 1.01, 1.00) (0.95, 0.28, 1.00) #fs:   0  -- #Conts: 15 A(7)  G(2)  E(4)  C(2) 
4865735656 6147.18 || noQ Q (Avg,Max,Min) (1.00, 1.00, 1.00) (0.97, 0.62, 1.00) #fs:   0  -- #Conts: 15 A(7)  G(1)  E(5)  C(2) 
4880515542 6145.47 || noQ Q (Avg,Max,Min) (1.00, 1.00, 1.00) (0.99, 0.92, 1.00) #fs:   0  -- #Conts: 14 A(7)  G(1)  E(4)  C(2) 
5280607187 6111.71 || noQ Q (Avg,Max,Min) (1.00, 1.02, 1.00) (0.93, 0.16, 1.00) #fs:   0  -- #Conts: 14 H(1)  A(7)  E(5)  C(1) 
5281016890 6095.94 || noQ Q (Avg,Max,Min) (1.00, 1.01, 1.00) (0.94, 0.28, 1.00) #fs:   0  -- #Conts: 14 A(7)  G(1)  E(5)  C(1) 
5282251682 6086.88 || noQ Q (Avg,Max,Min) (1.00, 1.00, 1.00) (0.97, 0.62, 1.00) #fs:   0  -- #Conts: 14 A(7)  E(6)  C(1) 
5297031568 6085.18 || noQ Q (Avg,Max,Min) (1.00, 1.00, 1.00) (0.99, 0.92, 1.00) #fs:   0  -- #Conts: 13 A(7)  E(5)  C(1) 
6443195081 5416.29 || noQ Q (Avg,Max,Min) (1.00, 1.01, 1.00) (0.92, 0.19, 1.00) #fs:   1  -- #Conts: 13 H(1)  A(5)  E(5)  C(2) 
6443769026 5411.29 || noQ Q (Avg,Max,Min) (1.00, 1.02, 1.00) (0.94, 0.35, 1.00) #fs:   1  -- #Conts: 13 H(1)  A(5)  E(5)  C(2) 
6444658322 5395.53 || noQ Q (Avg,Max,Min) (1.00, 1.01, 1.00) (0.95, 0.60, 1.00) #fs:   1  -- #Conts: 13 A(5)  G(1)  E(5)  C(2) 
6445451661 5393.18 || noQ Q (Avg,Max,Min) (1.00, 1.00, 1.00) (0.94, 0.62, 1.00) #fs:   1  -- #Conts: 14 A(5)  E(7)  C(2) 
6460219013 5391.47 || noQ Q (Avg,Max,Min) (1.00, 1.00, 1.00) (0.96, 0.72, 1.00) #fs:   1  -- #Conts: 13 A(5)  E(6)  C(2) 
6462421581 5390.76 || noQ Q (Avg,Max,Min) (1.00, 1.00, 1.00) (0.98, 0.90, 1.00) #fs:   1  -- #Conts: 12 A(5)  E(5)  C(2) 
6479421581 5389.76 || noQ Q (Avg,Max,Min) (1.00, 1.00, 1.00) (0.98, 0.90, 1.00) #fs:   1  -- #Conts: 12 A(5)  E(5)  C(2) 
/////////////////size: 119
nodes 48 edges 56
 mulT: 10000 mulD: 1000  sumData GB 1348
pareto /SIPHT.n.50.0.dax time -> 717.0
moheft /SIPHT.n.50.0.dax time -> 1677.0
distance from M to C 0.6297582098448811
distance from P to C 564.1523878507533
distance from C to M 3.9351423921085145
distance from C to P 489.29995138551374
toCompare: /SIPHT.n.50.0.dax sumDataGB: 1348 mulT: 10000 mulD: 1000 paretoOptTime_MS: 717.0 MoheftOptimizationTime_MS: 1677.0 MtoC 0.6297582098448811 PtoC 564.1523878507533 CtoM 3.9351423921085145 CtoP 489.29995138551374
