specify -Dflow d,b,mt,md,size
Running /home/vaggelis/jc/MONTAGE.n.50.0.dax mt 100 md: 1 size null
    188132 882.82 || noQ Q (Avg,Max,Min) (0.95, 1.00, 0.81) (0.02, 0.01, 0.05) #fs:  11  -- #Conts: 28 H(28) 
    212712 867.06 || noQ Q (Avg,Max,Min) (0.91, 1.00, 0.69) (0.02, 0.01, 0.05) #fs:  12  -- #Conts: 28 H(27)  G(1) 
    212769 851.29 || noQ Q (Avg,Max,Min) (0.91, 1.00, 0.69) (0.02, 0.01, 0.05) #fs:  12  -- #Conts: 28 H(26)  G(2) 
    212943 835.53 || noQ Q (Avg,Max,Min) (0.91, 1.00, 0.69) (0.02, 0.01, 0.05) #fs:  12  -- #Conts: 28 H(25)  G(3) 
    213000 819.76 || noQ Q (Avg,Max,Min) (0.91, 1.00, 0.69) (0.02, 0.01, 0.05) #fs:  12  -- #Conts: 28 H(24)  G(4) 
    213001 804.00 || noQ Q (Avg,Max,Min) (0.91, 1.00, 0.69) (0.02, 0.01, 0.05) #fs:  12  -- #Conts: 28 H(23)  G(5) 
    213056 788.24 || noQ Q (Avg,Max,Min) (0.91, 1.00, 0.69) (0.02, 0.01, 0.05) #fs:  12  -- #Conts: 28 H(22)  G(6) 
    213059 772.47 || noQ Q (Avg,Max,Min) (0.91, 1.00, 0.69) (0.02, 0.01, 0.05) #fs:  12  -- #Conts: 28 H(21)  G(7) 
    213117 756.71 || noQ Q (Avg,Max,Min) (0.91, 1.00, 0.69) (0.02, 0.01, 0.05) #fs:  12  -- #Conts: 28 H(20)  G(8) 
    213175 740.94 || noQ Q (Avg,Max,Min) (0.91, 1.00, 0.69) (0.02, 0.01, 0.05) #fs:  12  -- #Conts: 28 H(19)  G(9) 
    213213 725.18 || noQ Q (Avg,Max,Min) (0.91, 1.00, 0.69) (0.02, 0.01, 0.05) #fs:  12  -- #Conts: 28 H(18)  G(10) 
    213233 709.41 || noQ Q (Avg,Max,Min) (0.91, 1.00, 0.69) (0.02, 0.01, 0.05) #fs:  12  -- #Conts: 28 H(17)  G(11) 
    213234 693.65 || noQ Q (Avg,Max,Min) (0.91, 1.00, 0.69) (0.02, 0.01, 0.05) #fs:  12  -- #Conts: 28 H(16)  G(12) 
    213272 677.88 || noQ Q (Avg,Max,Min) (0.91, 1.00, 0.69) (0.02, 0.01, 0.05) #fs:  12  -- #Conts: 28 H(15)  G(13) 
    213463 662.12 || noQ Q (Avg,Max,Min) (0.91, 1.00, 0.69) (0.02, 0.01, 0.05) #fs:  12  -- #Conts: 28 H(14)  G(14) 
    213497 646.35 || noQ Q (Avg,Max,Min) (0.91, 1.00, 0.69) (0.02, 0.01, 0.05) #fs:  12  -- #Conts: 28 H(13)  G(15) 
    213733 630.59 || noQ Q (Avg,Max,Min) (0.91, 1.00, 0.69) (0.02, 0.01, 0.05) #fs:  12  -- #Conts: 28 H(12)  G(16) 
    213748 614.82 || noQ Q (Avg,Max,Min) (0.91, 1.00, 0.69) (0.02, 0.01, 0.05) #fs:  12  -- #Conts: 28 H(11)  G(17) 
    213870 583.29 || noQ Q (Avg,Max,Min) (0.91, 1.00, 0.69) (0.02, 0.02, 0.05) #fs:  12  -- #Conts: 28 H(9)  G(19) 
    221802 551.76 || noQ Q (Avg,Max,Min) (0.92, 1.00, 0.66) (0.02, 0.02, 0.05) #fs:  10  -- #Conts: 27 H(8)  G(19) 
    222185 536.00 || noQ Q (Avg,Max,Min) (0.92, 1.00, 0.66) (0.02, 0.02, 0.05) #fs:  10  -- #Conts: 26 H(8)  G(18) 
    222456 520.24 || noQ Q (Avg,Max,Min) (0.92, 1.00, 0.66) (0.02, 0.02, 0.05) #fs:  10  -- #Conts: 25 H(8)  G(17) 
    222671 504.47 || noQ Q (Avg,Max,Min) (0.93, 1.00, 0.66) (0.02, 0.02, 0.05) #fs:  10  -- #Conts: 24 H(8)  G(16) 
    222759 488.71 || noQ Q (Avg,Max,Min) (0.93, 1.00, 0.66) (0.03, 0.02, 0.05) #fs:  10  -- #Conts: 23 H(8)  G(15) 
    222940 472.94 || noQ Q (Avg,Max,Min) (0.94, 1.00, 0.66) (0.03, 0.02, 0.05) #fs:  10  -- #Conts: 22 H(8)  G(14) 
    223006 457.18 || noQ Q (Avg,Max,Min) (0.94, 1.01, 0.66) (0.03, 0.02, 0.06) #fs:  10  -- #Conts: 21 H(8)  G(13) 
    223076 441.41 || noQ Q (Avg,Max,Min) (0.95, 1.00, 0.85) (0.03, 0.02, 0.06) #fs:  10  -- #Conts: 20 H(8)  G(12) 
    258492 378.35 || noQ Q (Avg,Max,Min) (0.88, 1.00, 0.72) (0.04, 0.02, 0.06) #fs:  10  -- #Conts: 12 H(12) 
    258896 331.06 || noQ Q (Avg,Max,Min) (0.91, 1.00, 0.72) (0.04, 0.02, 0.07) #fs:  10  -- #Conts: 11 H(10)  G(1) 
    259640 315.29 || noQ Q (Avg,Max,Min) (0.92, 1.00, 0.87) (0.05, 0.02, 0.07) #fs:  10  -- #Conts: 10 H(10) 
    275776 299.53 || noQ Q (Avg,Max,Min) (0.87, 1.00, 0.81) (0.05, 0.02, 0.07) #fs:  11  -- #Conts: 10 H(9)  G(1) 
    275898 283.76 || noQ Q (Avg,Max,Min) (0.87, 1.00, 0.81) (0.05, 0.03, 0.07) #fs:  11  -- #Conts: 10 H(8)  G(2) 
    295010 252.24 || noQ Q (Avg,Max,Min) (0.84, 1.00, 0.75) (0.06, 0.05, 0.07) #fs:  10  -- #Conts: 8 H(8) 
    365728 220.71 || noQ Q (Avg,Max,Min) (0.83, 1.00, 0.79) (0.07, 0.06, 0.09) #fs:  11  -- #Conts: 7 H(7) 
    393945 204.94 || noQ Q (Avg,Max,Min) (0.85, 1.00, 0.58) (0.07, 0.03, 0.09) #fs:  13  -- #Conts: 10 H(3)  G(7) 
    394755 189.18 || noQ Q (Avg,Max,Min) (0.88, 1.00, 0.59) (0.07, 0.03, 0.09) #fs:  12  -- #Conts: 10 H(2)  G(8) 
    414294 173.41 || noQ Q (Avg,Max,Min) (0.88, 1.00, 0.57) (0.08, 0.03, 0.10) #fs:  11  -- #Conts: 10 H(1)  G(9) 
    443531 164.35 || noQ Q (Avg,Max,Min) (0.91, 1.00, 0.72) (0.08, 0.03, 0.11) #fs:  10  -- #Conts: 11 G(10)  E(1) 
    444876 157.65 || noQ Q (Avg,Max,Min) (0.92, 1.00, 0.87) (0.08, 0.03, 0.11) #fs:  10  -- #Conts: 10 G(10) 
    485620 126.12 || noQ Q (Avg,Max,Min) (0.96, 1.00, 0.94) (0.12, 0.12, 0.13) #fs:   4  -- #Conts: 4 H(4) 
    626678 110.35 || noQ Q (Avg,Max,Min) (0.83, 1.00, 0.79) (0.12, 0.11, 0.15) #fs:  11  -- #Conts: 7 G(7) 
    638366 094.59 || noQ Q (Avg,Max,Min) (0.97, 1.00, 0.94) (0.16, 0.15, 0.18) #fs:   2  -- #Conts: 3 H(3) 
    767768 078.82 || noQ Q (Avg,Max,Min) (0.89, 1.00, 0.78) (0.16, 0.12, 0.18) #fs:   6  -- #Conts: 5 G(5) 
    832038 063.06 || noQ Q (Avg,Max,Min) (0.96, 1.00, 0.94) (0.21, 0.20, 0.22) #fs:   4  -- #Conts: 4 G(4) 
   1093934 047.29 || noQ Q (Avg,Max,Min) (0.96, 1.00, 0.94) (0.27, 0.25, 0.30) #fs:   2  -- #Conts: 3 G(3) 
   1413240 046.94 || noQ Q (Avg,Max,Min) (0.83, 1.00, 0.79) (0.27, 0.24, 0.34) #fs:  11  -- #Conts: 7 E(7) 
   1542250 031.53 || noQ Q (Avg,Max,Min) (0.99, 1.00, 0.97) (0.41, 0.40, 0.43) #fs:   1  -- #Conts: 2 G(2) 
   1876092 026.82 || noQ Q (Avg,Max,Min) (0.96, 1.00, 0.94) (0.46, 0.44, 0.49) #fs:   4  -- #Conts: 4 E(4) 
   2466950 020.12 || noQ Q (Avg,Max,Min) (0.96, 1.00, 0.94) (0.62, 0.56, 0.69) #fs:   2  -- #Conts: 3 E(3) 
   2962657 015.76 || noQ Q (Avg,Max,Min) (1.00, 1.00, 1.00) (0.82, 0.82, 0.82) #fs:   0  -- #Conts: 1 G(1) 
   3478041 013.41 || noQ Q (Avg,Max,Min) (0.98, 1.00, 0.97) (0.93, 0.89, 0.97) #fs:   1  -- #Conts: 2 E(2) 
/////////////////size: 51
    220199 662.12 || noQ Q (Avg,Max,Min) (0.93, 1.00, 0.67) (0.02, 0.01, 0.05) #fs:  11  -- #Conts: 30 H(12)  G(18) 
    222763 646.35 || noQ Q (Avg,Max,Min) (0.93, 1.00, 0.66) (0.02, 0.01, 0.05) #fs:  11  -- #Conts: 29 H(12)  G(17) 
    222965 630.59 || noQ Q (Avg,Max,Min) (0.93, 1.00, 0.66) (0.02, 0.01, 0.05) #fs:  11  -- #Conts: 29 H(11)  G(18) 
    222999 614.82 || noQ Q (Avg,Max,Min) (0.93, 1.01, 0.66) (0.02, 0.01, 0.06) #fs:  11  -- #Conts: 28 H(11)  G(17) 
    223134 599.06 || noQ Q (Avg,Max,Min) (0.93, 1.01, 0.66) (0.02, 0.01, 0.06) #fs:  11  -- #Conts: 27 H(11)  G(16) 
    223201 567.53 || noQ Q (Avg,Max,Min) (0.94, 1.01, 0.66) (0.02, 0.01, 0.06) #fs:  11  -- #Conts: 26 H(10)  G(16) 
    223370 551.76 || noQ Q (Avg,Max,Min) (0.94, 1.01, 0.66) (0.02, 0.01, 0.06) #fs:  11  -- #Conts: 25 H(10)  G(15) 
    223404 536.00 || noQ Q (Avg,Max,Min) (0.94, 1.01, 0.66) (0.02, 0.01, 0.06) #fs:  11  -- #Conts: 25 H(9)  G(16) 
    223559 520.24 || noQ Q (Avg,Max,Min) (0.94, 1.00, 0.66) (0.02, 0.02, 0.06) #fs:  11  -- #Conts: 25 H(8)  G(17) 
    243611 504.47 || noQ Q (Avg,Max,Min) (0.91, 1.00, 0.59) (0.03, 0.02, 0.06) #fs:  12  -- #Conts: 24 H(8)  G(16) 
    244247 488.71 || noQ Q (Avg,Max,Min) (0.91, 1.00, 0.59) (0.03, 0.02, 0.06) #fs:  12  -- #Conts: 23 H(8)  G(15) 
    268595 472.94 || noQ Q (Avg,Max,Min) (0.91, 1.00, 0.59) (0.03, 0.02, 0.06) #fs:  12  -- #Conts: 23 H(7)  G(16) 
    269772 457.18 || noQ Q (Avg,Max,Min) (0.93, 1.00, 0.59) (0.03, 0.02, 0.06) #fs:  12  -- #Conts: 23 H(6)  G(17) 
    322172 441.41 || noQ Q (Avg,Max,Min) (0.96, 1.00, 0.81) (0.03, 0.02, 0.08) #fs:  12  -- #Conts: 28 G(28) 
    332035 425.65 || noQ Q (Avg,Max,Min) (0.97, 1.00, 0.70) (0.04, 0.01, 0.07) #fs:   8  -- #Conts: 21 H(6)  G(15) 
    332093 394.12 || noQ Q (Avg,Max,Min) (0.97, 1.00, 0.70) (0.04, 0.01, 0.07) #fs:   9  -- #Conts: 20 H(5)  G(15) 
    332394 378.35 || noQ Q (Avg,Max,Min) (0.98, 1.00, 0.82) (0.04, 0.01, 0.07) #fs:   9  -- #Conts: 19 H(5)  G(14) 
    332498 362.59 || noQ Q (Avg,Max,Min) (0.95, 1.00, 0.70) (0.04, 0.01, 0.07) #fs:  10  -- #Conts: 19 H(4)  G(15) 
    332729 331.06 || noQ Q (Avg,Max,Min) (0.94, 1.00, 0.70) (0.04, 0.01, 0.07) #fs:  11  -- #Conts: 18 H(3)  G(15) 
    332845 299.53 || noQ Q (Avg,Max,Min) (0.93, 1.00, 0.70) (0.05, 0.01, 0.07) #fs:  12  -- #Conts: 17 H(2)  G(15) 
    333146 283.76 || noQ Q (Avg,Max,Min) (0.96, 1.00, 0.82) (0.05, 0.01, 0.07) #fs:  12  -- #Conts: 16 H(2)  G(14) 
    333655 268.00 || noQ Q (Avg,Max,Min) (0.92, 1.00, 0.70) (0.05, 0.03, 0.07) #fs:  13  -- #Conts: 16 H(1)  G(15) 
    333956 252.24 || noQ Q (Avg,Max,Min) (0.95, 1.00, 0.81) (0.05, 0.03, 0.07) #fs:  13  -- #Conts: 15 H(1)  G(14) 
    382432 236.47 || noQ Q (Avg,Max,Min) (0.91, 1.00, 0.66) (0.05, 0.03, 0.09) #fs:  13  -- #Conts: 15 G(15) 
    382732 220.71 || noQ Q (Avg,Max,Min) (0.93, 1.00, 0.85) (0.06, 0.03, 0.09) #fs:  12  -- #Conts: 14 G(14) 
    394698 202.59 || noQ Q (Avg,Max,Min) (0.89, 1.00, 0.75) (0.07, 0.03, 0.09) #fs:  13  -- #Conts: 13 H(1)  G(10)  E(2) 
    394711 195.88 || noQ Q (Avg,Max,Min) (0.90, 1.00, 0.75) (0.07, 0.03, 0.09) #fs:  13  -- #Conts: 12 H(1)  G(10)  E(1) 
    394814 189.18 || noQ Q (Avg,Max,Min) (0.91, 1.00, 0.75) (0.07, 0.03, 0.09) #fs:  13  -- #Conts: 11 H(1)  G(10) 
    395044 186.82 || noQ Q (Avg,Max,Min) (0.93, 1.00, 0.75) (0.07, 0.03, 0.09) #fs:  13  -- #Conts: 12 H(1)  G(9)  E(2) 
    395160 180.12 || noQ Q (Avg,Max,Min) (0.94, 1.00, 0.81) (0.07, 0.03, 0.09) #fs:  13  -- #Conts: 11 H(1)  G(9)  E(1) 
    443415 177.76 || noQ Q (Avg,Max,Min) (0.89, 1.00, 0.72) (0.07, 0.03, 0.12) #fs:  13  -- #Conts: 13 G(10)  E(3) 
    443475 171.06 || noQ Q (Avg,Max,Min) (0.88, 1.00, 0.72) (0.07, 0.04, 0.11) #fs:  13  -- #Conts: 12 G(10)  E(2) 
    443487 164.35 || noQ Q (Avg,Max,Min) (0.88, 1.00, 0.72) (0.08, 0.04, 0.11) #fs:  12  -- #Conts: 11 G(10)  E(1) 
    443591 157.65 || noQ Q (Avg,Max,Min) (0.89, 1.00, 0.72) (0.08, 0.05, 0.10) #fs:  13  -- #Conts: 10 G(10) 
    443818 155.29 || noQ Q (Avg,Max,Min) (0.91, 1.00, 0.72) (0.08, 0.04, 0.12) #fs:  12  -- #Conts: 11 G(9)  E(2) 
    443936 148.59 || noQ Q (Avg,Max,Min) (0.92, 1.00, 0.88) (0.08, 0.04, 0.11) #fs:  12  -- #Conts: 10 G(9)  E(1) 
    494113 145.88 || noQ Q (Avg,Max,Min) (0.83, 1.00, 0.77) (0.09, 0.05, 0.11) #fs:  13  -- #Conts: 10 G(9)  C(1) 
    503592 141.88 || noQ Q (Avg,Max,Min) (0.82, 1.00, 0.76) (0.09, 0.05, 0.12) #fs:  12  -- #Conts: 9 G(9) 
    505169 140.82 || noQ Q (Avg,Max,Min) (0.92, 1.00, 0.76) (0.09, 0.02, 0.13) #fs:   9  -- #Conts: 11 G(8)  E(1)  C(2) 
    505226 138.12 || noQ Q (Avg,Max,Min) (0.92, 1.00, 0.76) (0.09, 0.02, 0.13) #fs:   9  -- #Conts: 11 G(8)  C(3) 
    505400 136.82 || noQ Q (Avg,Max,Min) (0.93, 1.00, 0.79) (0.09, 0.02, 0.13) #fs:   9  -- #Conts: 10 G(8)  E(1)  C(1) 
    505457 134.12 || noQ Q (Avg,Max,Min) (0.93, 1.00, 0.80) (0.09, 0.02, 0.13) #fs:   9  -- #Conts: 10 G(8)  C(2) 
    520639 130.12 || noQ Q (Avg,Max,Min) (0.91, 1.00, 0.87) (0.10, 0.02, 0.13) #fs:   9  -- #Conts: 9 G(8)  C(1) 
    563905 126.35 || noQ Q (Avg,Max,Min) (0.91, 1.00, 0.76) (0.09, 0.07, 0.13) #fs:   9  -- #Conts: 11 G(7)  C(4) 
    564151 125.06 || noQ Q (Avg,Max,Min) (0.92, 1.00, 0.76) (0.09, 0.04, 0.13) #fs:   9  -- #Conts: 10 G(7)  E(1)  C(2) 
    564208 122.35 || noQ Q (Avg,Max,Min) (0.92, 1.00, 0.76) (0.10, 0.07, 0.13) #fs:   9  -- #Conts: 10 G(7)  C(3) 
    564382 121.06 || noQ Q (Avg,Max,Min) (0.93, 1.00, 0.85) (0.10, 0.04, 0.13) #fs:   9  -- #Conts: 9 G(7)  E(1)  C(1) 
    564439 118.35 || noQ Q (Avg,Max,Min) (0.93, 1.00, 0.85) (0.10, 0.07, 0.13) #fs:   9  -- #Conts: 9 G(7)  C(2) 
    579620 114.35 || noQ Q (Avg,Max,Min) (0.90, 1.00, 0.87) (0.11, 0.07, 0.16) #fs:   9  -- #Conts: 8 G(7)  C(1) 
    623749 110.35 || noQ Q (Avg,Max,Min) (0.83, 1.00, 0.79) (0.12, 0.11, 0.15) #fs:   9  -- #Conts: 7 G(7) 
    626295 106.59 || noQ Q (Avg,Max,Min) (0.92, 1.00, 0.82) (0.11, 0.07, 0.15) #fs:   8  -- #Conts: 9 G(6)  C(3) 
    641613 102.59 || noQ Q (Avg,Max,Min) (0.91, 1.00, 0.80) (0.12, 0.07, 0.17) #fs:   8  -- #Conts: 8 G(6)  C(2) 
    641960 098.59 || noQ Q (Avg,Max,Min) (0.91, 1.00, 0.82) (0.12, 0.07, 0.17) #fs:   8  -- #Conts: 7 G(6)  C(1) 
    642134 094.59 || noQ Q (Avg,Max,Min) (0.91, 0.98, 0.88) (0.14, 0.12, 0.17) #fs:   8  -- #Conts: 6 G(6) 
    704025 090.82 || noQ Q (Avg,Max,Min) (0.93, 1.00, 0.82) (0.12, 0.07, 0.18) #fs:   4  -- #Conts: 8 G(5)  C(3) 
    704430 086.82 || noQ Q (Avg,Max,Min) (0.94, 1.00, 0.84) (0.13, 0.07, 0.18) #fs:   4  -- #Conts: 7 G(5)  C(2) 
    704639 082.82 || noQ Q (Avg,Max,Min) (0.95, 1.00, 0.90) (0.15, 0.07, 0.18) #fs:   4  -- #Conts: 6 G(5)  C(1) 
    748382 078.82 || noQ Q (Avg,Max,Min) (0.89, 1.00, 0.86) (0.16, 0.15, 0.18) #fs:   4  -- #Conts: 5 G(5) 
    767479 077.76 || noQ Q (Avg,Max,Min) (0.96, 1.00, 0.85) (0.14, 0.07, 0.21) #fs:   4  -- #Conts: 7 G(4)  E(1)  C(2) 
    767824 073.76 || noQ Q (Avg,Max,Min) (0.97, 1.00, 0.94) (0.16, 0.07, 0.21) #fs:   3  -- #Conts: 6 G(4)  E(1)  C(1) 
    827654 069.76 || noQ Q (Avg,Max,Min) (0.92, 1.00, 0.86) (0.18, 0.12, 0.21) #fs:   3  -- #Conts: 5 G(4)  E(1) 
    843669 068.71 || noQ Q (Avg,Max,Min) (0.92, 1.00, 0.77) (0.16, 0.07, 0.22) #fs:   5  -- #Conts: 7 G(3)  E(2)  C(2) 
    845828 064.71 || noQ Q (Avg,Max,Min) (0.96, 1.00, 0.94) (0.18, 0.07, 0.23) #fs:   6  -- #Conts: 6 G(3)  E(2)  C(1) 
    904308 060.71 || noQ Q (Avg,Max,Min) (0.90, 1.00, 0.87) (0.21, 0.20, 0.23) #fs:   5  -- #Conts: 5 G(3)  E(2) 
    925274 058.35 || noQ Q (Avg,Max,Min) (0.89, 0.97, 0.86) (0.21, 0.20, 0.25) #fs:   8  -- #Conts: 6 G(2)  E(4) 
   1028666 055.65 || noQ Q (Avg,Max,Min) (0.90, 1.00, 0.81) (0.21, 0.13, 0.27) #fs:   4  -- #Conts: 6 G(2)  E(3)  C(1) 
   1033175 051.65 || noQ Q (Avg,Max,Min) (0.93, 0.98, 0.80) (0.24, 0.20, 0.27) #fs:   5  -- #Conts: 5 G(2)  E(3) 
   1092698 048.94 || noQ Q (Avg,Max,Min) (0.95, 1.00, 0.90) (0.24, 0.13, 0.29) #fs:   3  -- #Conts: 5 G(2)  E(2)  C(1) 
   1153628 044.94 || noQ Q (Avg,Max,Min) (0.91, 1.00, 0.84) (0.27, 0.24, 0.31) #fs:   3  -- #Conts: 4 G(2)  E(2) 
   1273169 043.53 || noQ Q (Avg,Max,Min) (0.92, 1.00, 0.85) (0.27, 0.13, 0.34) #fs:   6  -- #Conts: 5 G(2)  C(3) 
   1334271 039.53 || noQ Q (Avg,Max,Min) (0.89, 0.96, 0.81) (0.31, 0.28, 0.36) #fs:   6  -- #Conts: 4 G(2)  C(2) 
   1473034 035.76 || noQ Q (Avg,Max,Min) (0.91, 0.97, 0.88) (0.34, 0.26, 0.40) #fs:   8  -- #Conts: 6 G(1)  C(5) 
   1625778 031.76 || noQ Q (Avg,Max,Min) (0.88, 0.99, 0.82) (0.38, 0.35, 0.45) #fs:   7  -- #Conts: 5 G(1)  C(4) 
   1775512 028.76 || noQ Q (Avg,Max,Min) (0.95, 1.00, 0.92) (0.41, 0.29, 0.49) #fs:   4  -- #Conts: 5 G(1)  A(1)  C(3) 
   1804017 027.76 || noQ Q (Avg,Max,Min) (0.93, 1.00, 0.91) (0.44, 0.42, 0.50) #fs:   3  -- #Conts: 4 G(1)  C(3) 
   1990855 026.76 || noQ Q (Avg,Max,Min) (0.97, 1.00, 0.84) (0.39, 0.29, 0.54) #fs:   3  -- #Conts: 6 G(1)  A(3)  C(2) 
   1991757 025.76 || noQ Q (Avg,Max,Min) (0.99, 1.00, 0.98) (0.42, 0.29, 0.54) #fs:   3  -- #Conts: 5 G(1)  A(2)  C(2) 
   2006592 024.76 || noQ Q (Avg,Max,Min) (0.98, 1.00, 0.97) (0.46, 0.29, 0.56) #fs:   2  -- #Conts: 4 G(1)  A(1)  C(2) 
   2067058 023.76 || noQ Q (Avg,Max,Min) (0.96, 1.00, 0.94) (0.52, 0.48, 0.57) #fs:   2  -- #Conts: 3 G(1)  C(2) 
   2302510 022.76 || noQ Q (Avg,Max,Min) (0.99, 1.00, 0.97) (0.41, 0.29, 0.63) #fs:   3  -- #Conts: 5 G(1)  A(3)  C(1) 
   2330679 021.76 || noQ Q (Avg,Max,Min) (0.99, 1.00, 0.96) (0.45, 0.29, 0.65) #fs:   2  -- #Conts: 4 G(1)  A(2)  C(1) 
   2391607 020.76 || noQ Q (Avg,Max,Min) (0.98, 1.00, 0.93) (0.50, 0.29, 0.67) #fs:   2  -- #Conts: 3 G(1)  A(1)  C(1) 
   2452420 019.76 || noQ Q (Avg,Max,Min) (0.96, 1.00, 0.91) (0.62, 0.55, 0.68) #fs:   2  -- #Conts: 2 G(1)  C(1) 
   2778832 018.76 || noQ Q (Avg,Max,Min) (1.00, 1.00, 1.00) (0.41, 0.29, 0.77) #fs:   0  -- #Conts: 4 G(1)  A(3) 
   2840050 017.76 || noQ Q (Avg,Max,Min) (1.00, 1.00, 1.00) (0.46, 0.29, 0.79) #fs:   0  -- #Conts: 3 G(1)  A(2) 
   2901326 016.76 || noQ Q (Avg,Max,Min) (1.00, 1.00, 1.00) (0.55, 0.29, 0.81) #fs:   0  -- #Conts: 2 G(1)  A(1) 
   2962657 015.76 || noQ Q (Avg,Max,Min) (1.00, 1.00, 1.00) (0.82, 0.82, 0.82) #fs:   0  -- #Conts: 1 G(1) 
   3231246 015.71 || noQ Q (Avg,Max,Min) (0.96, 1.00, 0.93) (0.75, 0.58, 0.89) #fs:   3  -- #Conts: 4 A(1)  E(1)  C(2) 
   3350110 014.71 || noQ Q (Avg,Max,Min) (0.95, 1.00, 0.89) (0.84, 0.77, 0.93) #fs:   3  -- #Conts: 3 E(1)  C(2) 
/////////////////size: 89
nodes 50 edges 108
 mulT: 100 mulD: 1  sumData GB 0
pareto /MONTAGE.n.50.0.dax time -> 5647.0
moheft /MONTAGE.n.50.0.dax time -> 743.0
distance from M to C 0.9178842278957579
distance from P to C 0.039821629761550355
distance from C to M 4.45061516686941
distance from C to P 0.7796801876851222
toCompare: /MONTAGE.n.50.0.dax sumDataGB: 0 mulT: 100 mulD: 1 paretoOptTime_MS: 5647.0 MoheftOptimizationTime_MS: 743.0 MtoC 0.9178842278957579 PtoC 0.039821629761550355 CtoM 4.45061516686941 CtoP 0.7796801876851222
