specify -Dflow d,b,mt,md,size
Running /home/vaggelis/jc/MONTAGE.n.100.0.dax mt 30 md: 500 size null
    347126 662.12 || noQ Q (Avg,Max,Min) (4.09, 5.81, 1.73) (0.08, 0.03, 0.30) #fs:   8  -- #Conts: 21 H(21) 
    347201 630.59 || noQ Q (Avg,Max,Min) (4.00, 5.67, 1.73) (0.08, 0.03, 0.31) #fs:   8  -- #Conts: 20 H(20) 
    350195 599.06 || noQ Q (Avg,Max,Min) (3.99, 5.72, 1.67) (0.08, 0.03, 0.30) #fs:   7  -- #Conts: 19 H(19) 
    351081 567.53 || noQ Q (Avg,Max,Min) (3.93, 5.56, 1.65) (0.09, 0.03, 0.31) #fs:   8  -- #Conts: 18 H(18) 
    354282 536.00 || noQ Q (Avg,Max,Min) (3.86, 5.60, 1.59) (0.09, 0.03, 0.30) #fs:   8  -- #Conts: 17 H(17) 
    354550 504.47 || noQ Q (Avg,Max,Min) (3.84, 5.72, 1.59) (0.10, 0.03, 0.33) #fs:   8  -- #Conts: 16 H(16) 
    355010 472.94 || noQ Q (Avg,Max,Min) (3.86, 5.47, 1.58) (0.11, 0.03, 0.31) #fs:   8  -- #Conts: 15 H(15) 
    355091 441.41 || noQ Q (Avg,Max,Min) (3.89, 5.70, 1.88) (0.11, 0.03, 0.33) #fs:   8  -- #Conts: 14 H(14) 
    357711 409.88 || noQ Q (Avg,Max,Min) (3.81, 5.63, 2.31) (0.12, 0.04, 0.33) #fs:   8  -- #Conts: 13 H(13) 
    361681 378.35 || noQ Q (Avg,Max,Min) (3.73, 5.53, 2.21) (0.13, 0.06, 0.33) #fs:   7  -- #Conts: 12 H(12) 
    365358 346.82 || noQ Q (Avg,Max,Min) (3.77, 5.44, 2.16) (0.14, 0.07, 0.33) #fs:   8  -- #Conts: 11 H(11) 
    368697 315.29 || noQ Q (Avg,Max,Min) (3.69, 5.58, 2.53) (0.16, 0.07, 0.34) #fs:   8  -- #Conts: 10 H(10) 
    376094 283.76 || noQ Q (Avg,Max,Min) (3.65, 5.41, 2.39) (0.18, 0.08, 0.34) #fs:   8  -- #Conts: 9 H(9) 
    379424 252.24 || noQ Q (Avg,Max,Min) (3.56, 5.45, 2.74) (0.20, 0.10, 0.37) #fs:   8  -- #Conts: 8 H(8) 
    388889 220.71 || noQ Q (Avg,Max,Min) (3.53, 5.37, 2.93) (0.23, 0.11, 0.40) #fs:   7  -- #Conts: 7 H(7) 
    402128 189.18 || noQ Q (Avg,Max,Min) (3.59, 5.17, 3.02) (0.26, 0.13, 0.58) #fs:   7  -- #Conts: 6 H(6) 
    425835 157.65 || noQ Q (Avg,Max,Min) (3.75, 5.17, 3.26) (0.31, 0.15, 0.61) #fs:   6  -- #Conts: 5 H(5) 
    452177 126.12 || noQ Q (Avg,Max,Min) (3.96, 5.09, 3.40) (0.39, 0.21, 0.64) #fs:   4  -- #Conts: 4 H(4) 
    495371 094.59 || noQ Q (Avg,Max,Min) (4.24, 5.14, 3.71) (0.51, 0.40, 0.71) #fs:   3  -- #Conts: 3 H(3) 
    573715 078.82 || noQ Q (Avg,Max,Min) (2.89, 3.93, 2.41) (0.37, 0.19, 0.63) #fs:   5  -- #Conts: 5 G(5) 
    622518 063.06 || noQ Q (Avg,Max,Min) (2.99, 3.78, 2.59) (0.45, 0.36, 0.65) #fs:   4  -- #Conts: 4 G(4) 
    760984 047.29 || noQ Q (Avg,Max,Min) (3.06, 3.82, 2.64) (0.59, 0.47, 0.81) #fs:   4  -- #Conts: 3 G(3) 
    925642 046.94 || noQ Q (Avg,Max,Min) (1.81, 2.53, 1.59) (0.37, 0.25, 0.65) #fs:   7  -- #Conts: 7 E(7) 
   1007204 040.24 || noQ Q (Avg,Max,Min) (1.84, 2.57, 1.57) (0.43, 0.30, 0.72) #fs:   6  -- #Conts: 6 E(6) 
   1060118 031.53 || noQ Q (Avg,Max,Min) (3.11, 3.44, 2.78) (0.87, 0.73, 1.01) #fs:   3  -- #Conts: 2 G(2) 
   1284696 026.82 || noQ Q (Avg,Max,Min) (1.99, 2.38, 1.78) (0.64, 0.55, 0.85) #fs:   5  -- #Conts: 4 E(4) 
   1599366 020.12 || noQ Q (Avg,Max,Min) (2.01, 2.31, 1.86) (0.83, 0.73, 1.03) #fs:   2  -- #Conts: 3 E(3) 
   1821569 020.00 || noQ Q (Avg,Max,Min) (1.52, 1.84, 1.39) (0.69, 0.59, 0.93) #fs:   5  -- #Conts: 5 C(5) 
   1884312 015.76 || noQ Q (Avg,Max,Min) (2.18, 2.18, 2.18) (1.14, 1.14, 1.14) #fs:   0  -- #Conts: 1 G(1) 
   2286221 013.41 || noQ Q (Avg,Max,Min) (1.97, 2.15, 1.79) (1.21, 1.05, 1.36) #fs:   3  -- #Conts: 2 E(2) 
   2733165 012.00 || noQ Q (Avg,Max,Min) (1.57, 1.75, 1.47) (1.12, 1.01, 1.32) #fs:   2  -- #Conts: 3 C(3) 
/////////////////size: 31
    355036 1096.00 || noQ Q (Avg,Max,Min) (2.95, 5.93, 1.05) (0.04, 0.01, 0.31) #fs:  23  -- #Conts: 60 H(24)  G(12)  E(20)  C(4) 
    359813 1089.29 || noQ Q (Avg,Max,Min) (2.95, 5.06, 1.03) (0.04, 0.01, 0.32) #fs:  23  -- #Conts: 59 H(24)  G(12)  E(19)  C(4) 
    361067 1073.53 || noQ Q (Avg,Max,Min) (2.92, 5.04, 1.03) (0.04, 0.01, 0.32) #fs:  23  -- #Conts: 59 H(23)  G(13)  E(19)  C(4) 
    361234 1042.00 || noQ Q (Avg,Max,Min) (2.87, 5.03, 1.03) (0.04, 0.01, 0.32) #fs:  23  -- #Conts: 59 H(21)  G(15)  E(19)  C(4) 
    361340 1035.29 || noQ Q (Avg,Max,Min) (2.88, 5.03, 1.03) (0.04, 0.01, 0.32) #fs:  23  -- #Conts: 58 H(21)  G(15)  E(18)  C(4) 
    362006 990.35 || noQ Q (Avg,Max,Min) (2.85, 5.02, 1.03) (0.04, 0.01, 0.32) #fs:  23  -- #Conts: 56 H(19)  G(17)  E(16)  C(4) 
    362040 952.12 || noQ Q (Avg,Max,Min) (2.81, 5.01, 1.03) (0.04, 0.01, 0.32) #fs:  23  -- #Conts: 55 H(17)  G(19)  E(15)  C(4) 
    362098 864.24 || noQ Q (Avg,Max,Min) (2.70, 5.01, 1.03) (0.04, 0.01, 0.32) #fs:  23  -- #Conts: 52 H(15)  G(17)  E(16)  C(4) 
    362215 826.00 || noQ Q (Avg,Max,Min) (2.65, 5.01, 1.03) (0.04, 0.01, 0.32) #fs:  23  -- #Conts: 51 H(13)  G(19)  E(15)  C(4) 
    362281 801.18 || noQ Q (Avg,Max,Min) (2.61, 5.01, 1.03) (0.04, 0.01, 0.32) #fs:  23  -- #Conts: 50 H(13)  G(17)  E(16)  C(4) 
    362364 783.06 || noQ Q (Avg,Max,Min) (2.55, 5.01, 1.03) (0.04, 0.01, 0.32) #fs:  23  -- #Conts: 51 H(12)  G(17)  E(18)  C(4) 
    362600 720.00 || noQ Q (Avg,Max,Min) (2.45, 5.00, 1.02) (0.04, 0.01, 0.32) #fs:  23  -- #Conts: 50 H(9)  G(19)  E(18)  C(4) 
    364005 706.59 || noQ Q (Avg,Max,Min) (2.97, 8.48, 1.02) (0.04, 0.02, 0.32) #fs:  19  -- #Conts: 51 H(6)  G(25)  E(16)  C(4) 
    364338 697.53 || noQ Q (Avg,Max,Min) (2.94, 8.48, 1.02) (0.04, 0.02, 0.32) #fs:  19  -- #Conts: 51 H(6)  G(24)  E(17)  C(4) 
    365798 695.18 || noQ Q (Avg,Max,Min) (2.89, 8.48, 1.01) (0.04, 0.02, 0.33) #fs:  19  -- #Conts: 52 H(6)  G(23)  E(19)  C(4) 
    366150 692.82 || noQ Q (Avg,Max,Min) (2.85, 8.48, 1.01) (0.04, 0.02, 0.33) #fs:  19  -- #Conts: 53 H(6)  G(22)  E(21)  C(4) 
    367060 690.82 || noQ Q (Avg,Max,Min) (2.84, 8.48, 1.02) (0.04, 0.02, 0.32) #fs:  19  -- #Conts: 51 H(5)  G(26)  E(16)  C(4) 
    368012 675.06 || noQ Q (Avg,Max,Min) (2.84, 8.48, 1.02) (0.04, 0.02, 0.32) #fs:  20  -- #Conts: 50 H(5)  G(25)  E(16)  C(4) 
    368345 666.00 || noQ Q (Avg,Max,Min) (2.82, 8.48, 1.02) (0.04, 0.02, 0.32) #fs:  20  -- #Conts: 50 H(5)  G(24)  E(17)  C(4) 
    370271 659.29 || noQ Q (Avg,Max,Min) (2.74, 8.39, 1.02) (0.04, 0.02, 0.33) #fs:  18  -- #Conts: 50 H(4)  G(26)  E(16)  C(4) 
    370563 627.76 || noQ Q (Avg,Max,Min) (2.60, 8.31, 1.02) (0.04, 0.02, 0.33) #fs:  19  -- #Conts: 49 H(3)  G(26)  E(16)  C(4) 
    370675 596.24 || noQ Q (Avg,Max,Min) (2.37, 5.05, 1.02) (0.05, 0.02, 0.33) #fs:  22  -- #Conts: 48 H(2)  G(26)  E(16)  C(4) 
    371627 580.47 || noQ Q (Avg,Max,Min) (2.37, 4.95, 1.02) (0.05, 0.02, 0.33) #fs:  23  -- #Conts: 47 H(2)  G(25)  E(16)  C(4) 
    371960 571.41 || noQ Q (Avg,Max,Min) (2.34, 4.94, 1.02) (0.05, 0.02, 0.33) #fs:  23  -- #Conts: 47 H(2)  G(24)  E(17)  C(4) 
    373420 569.06 || noQ Q (Avg,Max,Min) (2.30, 4.99, 1.01) (0.05, 0.02, 0.33) #fs:  23  -- #Conts: 48 H(2)  G(23)  E(19)  C(4) 
    373772 566.71 || noQ Q (Avg,Max,Min) (2.27, 4.99, 1.01) (0.05, 0.02, 0.33) #fs:  23  -- #Conts: 49 H(2)  G(22)  E(21)  C(4) 
    380214 563.53 || noQ Q (Avg,Max,Min) (2.71, 8.48, 0.96) (0.05, 0.02, 0.35) #fs:  20  -- #Conts: 46 H(6)  G(15)  E(14)  C(11) 
    380295 533.29 || noQ Q (Avg,Max,Min) (2.66, 8.48, 0.96) (0.05, 0.02, 0.35) #fs:  20  -- #Conts: 45 H(6)  G(13)  E(13)  C(13) 
    380332 513.53 || noQ Q (Avg,Max,Min) (2.67, 8.48, 0.96) (0.05, 0.02, 0.35) #fs:  20  -- #Conts: 43 H(6)  G(12)  E(13)  C(12) 
    380568 495.29 || noQ Q (Avg,Max,Min) (2.54, 8.48, 0.95) (0.05, 0.02, 0.35) #fs:  22  -- #Conts: 45 H(6)  G(10)  E(12)  C(17) 
    380606 487.53 || noQ Q (Avg,Max,Min) (2.48, 8.48, 0.95) (0.05, 0.02, 0.35) #fs:  22  -- #Conts: 46 H(6)  G(9)  E(12)  C(19) 
    383762 475.76 || noQ Q (Avg,Max,Min) (2.45, 8.48, 0.95) (0.05, 0.02, 0.35) #fs:  22  -- #Conts: 46 H(6)  G(8)  E(12)  C(20) 
    384235 473.41 || noQ Q (Avg,Max,Min) (2.41, 8.48, 0.94) (0.05, 0.02, 0.35) #fs:  22  -- #Conts: 47 H(6)  G(7)  E(14)  C(20) 
    384397 471.06 || noQ Q (Avg,Max,Min) (2.37, 8.48, 0.94) (0.05, 0.02, 0.35) #fs:  22  -- #Conts: 48 H(6)  G(6)  E(16)  C(20) 
    384575 463.76 || noQ Q (Avg,Max,Min) (2.39, 8.48, 0.95) (0.05, 0.02, 0.34) #fs:  23  -- #Conts: 44 H(5)  G(10)  E(12)  C(17) 
    384613 456.00 || noQ Q (Avg,Max,Min) (2.34, 8.48, 0.95) (0.05, 0.02, 0.34) #fs:  23  -- #Conts: 45 H(5)  G(9)  E(12)  C(19) 
    385622 453.29 || noQ Q (Avg,Max,Min) (2.32, 8.48, 0.94) (0.05, 0.02, 0.35) #fs:  22  -- #Conts: 49 H(6)  G(3)  E(21)  C(19) 
    386325 450.59 || noQ Q (Avg,Max,Min) (2.30, 8.48, 0.94) (0.05, 0.02, 0.36) #fs:  22  -- #Conts: 49 H(6)  G(3)  E(20)  C(20) 
    387786 432.24 || noQ Q (Avg,Max,Min) (2.27, 8.39, 0.95) (0.05, 0.02, 0.35) #fs:  22  -- #Conts: 43 H(4)  G(10)  E(12)  C(17) 
    387824 424.47 || noQ Q (Avg,Max,Min) (2.21, 8.39, 0.95) (0.05, 0.02, 0.35) #fs:  22  -- #Conts: 44 H(4)  G(9)  E(12)  C(19) 
    389629 421.76 || noQ Q (Avg,Max,Min) (2.17, 8.48, 0.94) (0.05, 0.02, 0.35) #fs:  23  -- #Conts: 48 H(5)  G(3)  E(21)  C(19) 
    390980 412.71 || noQ Q (Avg,Max,Min) (2.18, 8.39, 0.95) (0.05, 0.02, 0.35) #fs:  22  -- #Conts: 44 H(4)  G(8)  E(12)  C(20) 
    391453 410.35 || noQ Q (Avg,Max,Min) (2.14, 8.39, 0.94) (0.05, 0.02, 0.35) #fs:  22  -- #Conts: 45 H(4)  G(7)  E(14)  C(20) 
    391615 408.00 || noQ Q (Avg,Max,Min) (2.11, 8.39, 0.94) (0.05, 0.02, 0.35) #fs:  22  -- #Conts: 46 H(4)  G(6)  E(16)  C(20) 
    391745 378.82 || noQ Q (Avg,Max,Min) (1.98, 8.31, 0.94) (0.05, 0.02, 0.35) #fs:  23  -- #Conts: 44 H(3)  G(7)  E(14)  C(20) 
    391857 347.29 || noQ Q (Avg,Max,Min) (1.72, 4.84, 0.94) (0.06, 0.02, 0.35) #fs:  26  -- #Conts: 43 H(2)  G(7)  E(14)  C(20) 
    392019 344.94 || noQ Q (Avg,Max,Min) (1.70, 4.84, 0.94) (0.06, 0.02, 0.35) #fs:  26  -- #Conts: 44 H(2)  G(6)  E(16)  C(20) 
    392916 342.59 || noQ Q (Avg,Max,Min) (1.72, 5.68, 0.94) (0.05, 0.02, 0.35) #fs:  25  -- #Conts: 45 H(2)  G(5)  E(18)  C(20) 
    397113 340.24 || noQ Q (Avg,Max,Min) (1.82, 5.36, 0.94) (0.05, 0.02, 0.39) #fs:  23  -- #Conts: 46 H(2)  G(4)  E(20)  C(20) 
    399594 333.53 || noQ Q (Avg,Max,Min) (1.82, 5.36, 0.93) (0.05, 0.02, 0.39) #fs:  23  -- #Conts: 45 H(2)  G(4)  E(19)  C(20) 
    405699 307.65 || noQ Q (Avg,Max,Min) (1.85, 8.31, 0.90) (0.06, 0.02, 0.38) #fs:  23  -- #Conts: 40 H(3)  G(3)  E(11)  C(23) 
    408832 291.88 || noQ Q (Avg,Max,Min) (1.78, 5.73, 0.90) (0.06, 0.02, 0.38) #fs:  23  -- #Conts: 40 H(2)  G(4)  E(11)  C(23) 
    412905 281.18 || noQ Q (Avg,Max,Min) (1.79, 5.36, 0.89) (0.06, 0.02, 0.40) #fs:  23  -- #Conts: 38 H(2)  G(4)  E(10)  C(22) 
    417969 270.47 || noQ Q (Avg,Max,Min) (1.78, 5.36, 0.87) (0.07, 0.02, 0.40) #fs:  23  -- #Conts: 36 H(2)  G(4)  E(9)  C(21) 
    418646 255.76 || noQ Q (Avg,Max,Min) (1.81, 5.36, 1.15) (0.07, 0.02, 0.42) #fs:  23  -- #Conts: 33 H(2)  G(4)  E(8)  C(19) 
    424282 253.06 || noQ Q (Avg,Max,Min) (1.79, 5.36, 1.12) (0.07, 0.02, 0.42) #fs:  23  -- #Conts: 33 H(2)  G(4)  E(7)  C(20) 
    427675 238.35 || noQ Q (Avg,Max,Min) (1.81, 5.36, 1.11) (0.08, 0.03, 0.42) #fs:  23  -- #Conts: 30 H(2)  G(4)  E(6)  C(18) 
    428192 234.35 || noQ Q (Avg,Max,Min) (1.82, 5.36, 1.11) (0.08, 0.03, 0.43) #fs:  23  -- #Conts: 29 H(2)  G(4)  E(6)  C(17) 
    429016 230.35 || noQ Q (Avg,Max,Min) (1.84, 5.36, 1.11) (0.08, 0.03, 0.43) #fs:  23  -- #Conts: 28 H(2)  G(4)  E(6)  C(16) 
    436775 226.35 || noQ Q (Avg,Max,Min) (1.83, 5.36, 1.08) (0.09, 0.03, 0.43) #fs:  23  -- #Conts: 27 H(2)  G(4)  E(6)  C(15) 
    437057 222.59 || noQ Q (Avg,Max,Min) (1.67, 4.93, 1.06) (0.08, 0.03, 0.42) #fs:  24  -- #Conts: 29 H(2)  G(3)  E(6)  C(18) 
    437574 218.59 || noQ Q (Avg,Max,Min) (1.68, 5.09, 1.06) (0.08, 0.03, 0.43) #fs:  24  -- #Conts: 28 H(2)  G(3)  E(6)  C(17) 
    438398 214.59 || noQ Q (Avg,Max,Min) (1.69, 5.08, 1.05) (0.09, 0.03, 0.43) #fs:  24  -- #Conts: 27 H(2)  G(3)  E(6)  C(16) 
    441041 214.35 || noQ Q (Avg,Max,Min) (1.88, 5.70, 1.07) (0.10, 0.03, 0.43) #fs:  23  -- #Conts: 24 H(2)  G(4)  E(6)  C(12) 
    445288 210.35 || noQ Q (Avg,Max,Min) (1.88, 5.36, 1.05) (0.10, 0.03, 0.45) #fs:  23  -- #Conts: 23 H(2)  G(4)  E(6)  C(11) 
    445954 202.35 || noQ Q (Avg,Max,Min) (1.93, 5.36, 1.05) (0.11, 0.03, 0.45) #fs:  23  -- #Conts: 21 H(2)  G(4)  E(6)  C(9) 
    448989 198.35 || noQ Q (Avg,Max,Min) (1.96, 5.72, 1.04) (0.11, 0.03, 0.45) #fs:  22  -- #Conts: 20 H(2)  G(4)  E(6)  C(8) 
    449793 194.35 || noQ Q (Avg,Max,Min) (1.99, 5.70, 1.04) (0.12, 0.03, 0.45) #fs:  23  -- #Conts: 19 H(2)  G(4)  E(6)  C(7) 
    453520 190.35 || noQ Q (Avg,Max,Min) (2.00, 5.36, 1.03) (0.12, 0.03, 0.46) #fs:  23  -- #Conts: 18 H(2)  G(4)  E(6)  C(6) 
    453954 186.35 || noQ Q (Avg,Max,Min) (2.04, 5.36, 1.02) (0.13, 0.03, 0.46) #fs:  23  -- #Conts: 17 H(2)  G(4)  E(6)  C(5) 
    458371 182.59 || noQ Q (Avg,Max,Min) (1.76, 4.86, 0.99) (0.12, 0.03, 0.44) #fs:  23  -- #Conts: 19 H(2)  G(3)  E(6)  C(8) 
    458601 182.35 || noQ Q (Avg,Max,Min) (2.06, 5.36, 1.01) (0.14, 0.03, 0.46) #fs:  23  -- #Conts: 16 H(2)  G(4)  E(6)  C(4) 
    459175 178.59 || noQ Q (Avg,Max,Min) (1.77, 5.00, 0.99) (0.12, 0.03, 0.45) #fs:  24  -- #Conts: 18 H(2)  G(3)  E(6)  C(7) 
    462902 174.59 || noQ Q (Avg,Max,Min) (1.78, 5.01, 0.98) (0.13, 0.03, 0.46) #fs:  24  -- #Conts: 17 H(2)  G(3)  E(6)  C(6) 
    463336 170.59 || noQ Q (Avg,Max,Min) (1.81, 5.00, 0.98) (0.14, 0.03, 0.46) #fs:  24  -- #Conts: 16 H(2)  G(3)  E(6)  C(5) 
    467983 166.59 || noQ Q (Avg,Max,Min) (1.81, 4.93, 0.97) (0.15, 0.07, 0.46) #fs:  24  -- #Conts: 15 H(2)  G(3)  E(6)  C(4) 
    512506 162.47 || noQ Q (Avg,Max,Min) (1.61, 3.30, 1.12) (0.09, 0.03, 0.47) #fs:  20  -- #Conts: 30 G(2)  E(7)  C(21) 
    512858 155.76 || noQ Q (Avg,Max,Min) (1.58, 3.30, 1.18) (0.10, 0.03, 0.47) #fs:  20  -- #Conts: 29 G(2)  E(6)  C(21) 
    512922 149.06 || noQ Q (Avg,Max,Min) (1.53, 3.30, 1.12) (0.10, 0.03, 0.47) #fs:  21  -- #Conts: 28 G(2)  E(5)  C(21) 
    515145 145.06 || noQ Q (Avg,Max,Min) (1.53, 3.40, 1.12) (0.10, 0.03, 0.49) #fs:  20  -- #Conts: 27 G(2)  E(5)  C(20) 
    516616 141.06 || noQ Q (Avg,Max,Min) (1.53, 3.33, 1.11) (0.11, 0.03, 0.48) #fs:  21  -- #Conts: 26 G(2)  E(5)  C(19) 
    533291 139.76 || noQ Q (Avg,Max,Min) (1.58, 3.39, 1.14) (0.11, 0.03, 0.50) #fs:  19  -- #Conts: 25 G(2)  E(6)  C(17) 
    533355 133.06 || noQ Q (Avg,Max,Min) (1.51, 3.39, 1.07) (0.11, 0.03, 0.50) #fs:  20  -- #Conts: 24 G(2)  E(5)  C(17) 
    535337 129.06 || noQ Q (Avg,Max,Min) (1.51, 3.38, 1.06) (0.12, 0.03, 0.50) #fs:  21  -- #Conts: 23 G(2)  E(5)  C(16) 
    536029 125.06 || noQ Q (Avg,Max,Min) (1.51, 3.38, 1.06) (0.12, 0.06, 0.50) #fs:  21  -- #Conts: 22 G(2)  E(5)  C(15) 
    540607 121.06 || noQ Q (Avg,Max,Min) (1.53, 3.35, 1.14) (0.13, 0.06, 0.50) #fs:  21  -- #Conts: 21 G(2)  E(5)  C(14) 
    552628 117.06 || noQ Q (Avg,Max,Min) (1.52, 3.38, 1.11) (0.13, 0.06, 0.52) #fs:  21  -- #Conts: 20 G(2)  E(5)  C(13) 
    553148 113.06 || noQ Q (Avg,Max,Min) (1.53, 3.32, 1.11) (0.14, 0.06, 0.51) #fs:  21  -- #Conts: 19 G(2)  E(5)  C(12) 
    571757 111.76 || noQ Q (Avg,Max,Min) (1.61, 3.32, 1.06) (0.14, 0.03, 0.53) #fs:  20  -- #Conts: 18 G(2)  E(6)  C(10) 
    571821 105.06 || noQ Q (Avg,Max,Min) (1.53, 3.32, 1.06) (0.15, 0.06, 0.53) #fs:  21  -- #Conts: 17 G(2)  E(5)  C(10) 
    576808 101.06 || noQ Q (Avg,Max,Min) (1.53, 3.27, 1.05) (0.16, 0.06, 0.52) #fs:  21  -- #Conts: 16 G(2)  E(5)  C(9) 
    582004 097.06 || noQ Q (Avg,Max,Min) (1.54, 3.31, 1.04) (0.17, 0.06, 0.54) #fs:  21  -- #Conts: 15 G(2)  E(5)  C(8) 
    583225 093.06 || noQ Q (Avg,Max,Min) (1.55, 3.25, 1.20) (0.18, 0.09, 0.53) #fs:  21  -- #Conts: 14 G(2)  E(5)  C(7) 
    589352 089.06 || noQ Q (Avg,Max,Min) (1.56, 3.32, 1.18) (0.20, 0.13, 0.54) #fs:  21  -- #Conts: 13 G(2)  E(5)  C(6) 
    607466 086.35 || noQ Q (Avg,Max,Min) (1.55, 3.32, 0.99) (0.20, 0.09, 0.56) #fs:  20  -- #Conts: 13 G(2)  E(4)  C(7) 
    618723 082.35 || noQ Q (Avg,Max,Min) (1.56, 3.35, 0.96) (0.21, 0.13, 0.58) #fs:  21  -- #Conts: 12 G(2)  E(4)  C(6) 
    726255 079.47 || noQ Q (Avg,Max,Min) (1.49, 3.31, 1.13) (0.18, 0.03, 0.67) #fs:  16  -- #Conts: 17 G(1)  A(1)  E(1)  C(14) 
    726358 072.76 || noQ Q (Avg,Max,Min) (1.37, 3.31, 1.09) (0.19, 0.10, 0.67) #fs:  17  -- #Conts: 16 G(1)  A(1)  C(14) 
    738248 071.76 || noQ Q (Avg,Max,Min) (1.37, 3.25, 1.05) (0.20, 0.10, 0.67) #fs:  18  -- #Conts: 15 G(1)  C(14) 
    738549 068.76 || noQ Q (Avg,Max,Min) (1.38, 3.20, 1.10) (0.20, 0.10, 0.66) #fs:  18  -- #Conts: 15 G(1)  A(1)  C(13) 
    738856 067.76 || noQ Q (Avg,Max,Min) (1.41, 3.14, 1.19) (0.21, 0.14, 0.64) #fs:  18  -- #Conts: 14 G(1)  C(13) 
    748944 066.76 || noQ Q (Avg,Max,Min) (1.36, 3.42, 1.13) (0.20, 0.10, 0.71) #fs:  17  -- #Conts: 16 G(1)  A(3)  C(12) 
    762898 065.76 || noQ Q (Avg,Max,Min) (1.35, 3.43, 1.13) (0.21, 0.10, 0.73) #fs:  16  -- #Conts: 15 G(1)  A(2)  C(12) 
    771045 064.76 || noQ Q (Avg,Max,Min) (1.36, 3.39, 1.13) (0.22, 0.10, 0.73) #fs:  17  -- #Conts: 14 G(1)  A(1)  C(12) 
    771382 063.76 || noQ Q (Avg,Max,Min) (1.39, 3.39, 1.13) (0.23, 0.14, 0.73) #fs:  17  -- #Conts: 13 G(1)  C(12) 
    771914 062.76 || noQ Q (Avg,Max,Min) (1.36, 3.31, 1.13) (0.21, 0.10, 0.71) #fs:  16  -- #Conts: 15 G(1)  A(3)  C(11) 
    772012 061.76 || noQ Q (Avg,Max,Min) (1.39, 3.31, 1.13) (0.22, 0.10, 0.71) #fs:  16  -- #Conts: 14 G(1)  A(2)  C(11) 
    774364 060.76 || noQ Q (Avg,Max,Min) (1.42, 3.30, 1.13) (0.23, 0.10, 0.71) #fs:  16  -- #Conts: 13 G(1)  A(1)  C(11) 
    814076 059.76 || noQ Q (Avg,Max,Min) (1.33, 3.36, 1.11) (0.19, 0.10, 0.76) #fs:  13  -- #Conts: 18 G(1)  A(8)  C(9) 
    825656 058.76 || noQ Q (Avg,Max,Min) (1.33, 3.31, 1.09) (0.20, 0.10, 0.76) #fs:  14  -- #Conts: 17 G(1)  A(7)  C(9) 
    828296 057.76 || noQ Q (Avg,Max,Min) (1.35, 3.25, 1.13) (0.21, 0.10, 0.75) #fs:  14  -- #Conts: 16 G(1)  A(6)  C(9) 
    832147 056.76 || noQ Q (Avg,Max,Min) (1.36, 3.31, 1.13) (0.22, 0.10, 0.76) #fs:  13  -- #Conts: 15 G(1)  A(5)  C(9) 
    843040 055.76 || noQ Q (Avg,Max,Min) (1.33, 3.27, 1.13) (0.20, 0.10, 0.77) #fs:  13  -- #Conts: 17 G(1)  A(8)  C(8) 
    843976 054.76 || noQ Q (Avg,Max,Min) (1.35, 3.26, 1.13) (0.21, 0.10, 0.77) #fs:  13  -- #Conts: 16 G(1)  A(7)  C(8) 
    850433 053.76 || noQ Q (Avg,Max,Min) (1.37, 3.31, 1.13) (0.22, 0.10, 0.78) #fs:  12  -- #Conts: 15 G(1)  A(6)  C(8) 
    875225 049.76 || noQ Q (Avg,Max,Min) (1.45, 3.24, 1.13) (0.27, 0.10, 0.79) #fs:  13  -- #Conts: 11 G(1)  A(2)  C(8) 
    877743 048.76 || noQ Q (Avg,Max,Min) (1.49, 3.23, 1.13) (0.29, 0.10, 0.79) #fs:  13  -- #Conts: 10 G(1)  A(1)  C(8) 
    886943 047.76 || noQ Q (Avg,Max,Min) (1.52, 3.26, 1.16) (0.31, 0.20, 0.80) #fs:  12  -- #Conts: 9 G(1)  C(8) 
    898746 046.76 || noQ Q (Avg,Max,Min) (1.46, 3.26, 1.13) (0.28, 0.10, 0.81) #fs:  12  -- #Conts: 11 G(1)  A(3)  C(7) 
    924263 045.76 || noQ Q (Avg,Max,Min) (1.38, 3.37, 1.13) (0.24, 0.10, 0.86) #fs:  10  -- #Conts: 13 G(1)  A(6)  C(6) 
    948101 041.76 || noQ Q (Avg,Max,Min) (1.50, 3.30, 1.13) (0.32, 0.10, 0.87) #fs:  11  -- #Conts: 9 G(1)  A(2)  C(6) 
    951299 040.76 || noQ Q (Avg,Max,Min) (1.56, 3.29, 1.13) (0.35, 0.10, 0.87) #fs:  11  -- #Conts: 8 G(1)  A(1)  C(6) 
    960636 039.76 || noQ Q (Avg,Max,Min) (1.62, 3.32, 1.19) (0.39, 0.27, 0.89) #fs:  10  -- #Conts: 7 G(1)  C(6) 
   1026756 038.76 || noQ Q (Avg,Max,Min) (1.51, 3.09, 1.13) (0.32, 0.10, 0.88) #fs:   7  -- #Conts: 9 G(1)  A(3)  C(5) 
   1037547 037.76 || noQ Q (Avg,Max,Min) (1.55, 3.08, 1.13) (0.34, 0.10, 0.89) #fs:   6  -- #Conts: 8 G(1)  A(2)  C(5) 
   1055652 036.76 || noQ Q (Avg,Max,Min) (1.59, 3.08, 1.13) (0.38, 0.10, 0.90) #fs:   6  -- #Conts: 7 G(1)  A(1)  C(5) 
   1093013 035.76 || noQ Q (Avg,Max,Min) (1.49, 3.19, 1.13) (0.32, 0.10, 0.97) #fs:   6  -- #Conts: 9 G(1)  A(4)  C(4) 
   1093126 034.76 || noQ Q (Avg,Max,Min) (1.54, 3.21, 1.13) (0.35, 0.10, 0.97) #fs:   5  -- #Conts: 8 G(1)  A(3)  C(4) 
   1099074 033.76 || noQ Q (Avg,Max,Min) (1.61, 3.19, 1.13) (0.39, 0.10, 0.97) #fs:   6  -- #Conts: 7 G(1)  A(2)  C(4) 
   1111405 032.76 || noQ Q (Avg,Max,Min) (1.67, 3.17, 1.13) (0.44, 0.10, 0.98) #fs:   5  -- #Conts: 6 G(1)  A(1)  C(4) 
   1129821 031.76 || noQ Q (Avg,Max,Min) (1.78, 3.16, 1.35) (0.51, 0.37, 0.99) #fs:   6  -- #Conts: 5 G(1)  C(4) 
   1216122 030.76 || noQ Q (Avg,Max,Min) (1.53, 3.00, 1.13) (0.40, 0.10, 1.01) #fs:   6  -- #Conts: 7 G(1)  A(3)  C(3) 
   1218838 029.76 || noQ Q (Avg,Max,Min) (1.60, 3.04, 1.13) (0.45, 0.20, 1.03) #fs:   5  -- #Conts: 6 G(1)  A(2)  C(3) 
   1236926 028.76 || noQ Q (Avg,Max,Min) (1.70, 3.01, 1.13) (0.51, 0.20, 1.04) #fs:   5  -- #Conts: 5 G(1)  A(1)  C(3) 
   1269230 027.76 || noQ Q (Avg,Max,Min) (1.82, 2.99, 1.32) (0.60, 0.40, 1.05) #fs:   6  -- #Conts: 4 G(1)  C(3) 
   1326848 026.76 || noQ Q (Avg,Max,Min) (1.54, 2.92, 1.13) (0.44, 0.20, 1.07) #fs:   3  -- #Conts: 6 G(1)  A(3)  C(2) 
   1345127 025.76 || noQ Q (Avg,Max,Min) (1.64, 2.95, 1.13) (0.50, 0.20, 1.10) #fs:   3  -- #Conts: 5 G(1)  A(2)  C(2) 
   1363511 024.76 || noQ Q (Avg,Max,Min) (1.78, 2.95, 1.13) (0.59, 0.20, 1.12) #fs:   3  -- #Conts: 4 G(1)  A(1)  C(2) 
   1399753 023.76 || noQ Q (Avg,Max,Min) (1.96, 2.93, 1.45) (0.73, 0.52, 1.14) #fs:   3  -- #Conts: 3 G(1)  C(2) 
   1483720 022.76 || noQ Q (Avg,Max,Min) (1.50, 2.66, 1.13) (0.47, 0.20, 1.10) #fs:   2  -- #Conts: 5 G(1)  A(3)  C(1) 
   1520712 021.76 || noQ Q (Avg,Max,Min) (1.61, 2.68, 1.13) (0.53, 0.20, 1.13) #fs:   2  -- #Conts: 4 G(1)  A(2)  C(1) 
   1557095 020.76 || noQ Q (Avg,Max,Min) (1.75, 2.66, 1.13) (0.64, 0.20, 1.15) #fs:   2  -- #Conts: 3 G(1)  A(1)  C(1) 
   1575687 019.76 || noQ Q (Avg,Max,Min) (2.08, 2.65, 1.51) (0.88, 0.61, 1.16) #fs:   2  -- #Conts: 2 G(1)  C(1) 
   1775894 017.76 || noQ Q (Avg,Max,Min) (1.50, 2.25, 1.13) (0.57, 0.30, 1.11) #fs:   0  -- #Conts: 3 G(1)  A(2) 
   1831060 016.76 || noQ Q (Avg,Max,Min) (1.67, 2.21, 1.13) (0.71, 0.30, 1.13) #fs:   0  -- #Conts: 2 G(1)  A(1) 
   1884312 015.76 || noQ Q (Avg,Max,Min) (2.18, 2.18, 2.18) (1.14, 1.14, 1.14) #fs:   0  -- #Conts: 1 G(1) 
   2125680 015.71 || noQ Q (Avg,Max,Min) (1.51, 2.11, 0.97) (0.84, 0.53, 1.25) #fs:   5  -- #Conts: 4 A(1)  E(1)  C(2) 
   2186012 014.71 || noQ Q (Avg,Max,Min) (1.72, 2.10, 1.51) (1.00, 0.85, 1.28) #fs:   5  -- #Conts: 3 E(1)  C(2) 
   2401401 013.71 || noQ Q (Avg,Max,Min) (1.29, 2.05, 0.95) (0.80, 0.51, 1.37) #fs:   5  -- #Conts: 5 A(3)  E(1)  C(1) 
   2527468 012.71 || noQ Q (Avg,Max,Min) (1.35, 1.96, 0.98) (0.91, 0.62, 1.38) #fs:   6  -- #Conts: 4 A(2)  E(1)  C(1) 
   2663868 011.71 || noQ Q (Avg,Max,Min) (1.53, 2.01, 1.07) (1.09, 0.73, 1.49) #fs:   3  -- #Conts: 3 A(1)  E(1)  C(1) 
   2862620 010.71 || noQ Q (Avg,Max,Min) (1.75, 2.00, 1.49) (1.35, 1.12, 1.59) #fs:   2  -- #Conts: 2 E(1)  C(1) 
   3260545 009.71 || noQ Q (Avg,Max,Min) (1.22, 1.81, 1.02) (1.03, 0.82, 1.64) #fs:   3  -- #Conts: 4 A(3)  E(1) 
   3519621 008.71 || noQ Q (Avg,Max,Min) (1.30, 1.76, 1.06) (1.19, 0.92, 1.72) #fs:   2  -- #Conts: 3 A(2)  E(1) 
/////////////////size: 154
nodes 100 edges 234
 mulT: 30 mulD: 500  sumData GB 924
pareto /MONTAGE.n.100.0.dax time -> 16616.0
moheft /MONTAGE.n.100.0.dax time -> 20390.0
distance from M to C 17.67473130565816
distance from P to C 0.08195299580092687
distance from C to M 3.1998918960504525
distance from C to P 0.7180077324987854
toCompare: /MONTAGE.n.100.0.dax sumDataGB: 924 mulT: 30 mulD: 500 paretoOptTime_MS: 16616.0 MoheftOptimizationTime_MS: 20390.0 MtoC 17.67473130565816 PtoC 0.08195299580092687 CtoM 3.1998918960504525 CtoP 0.7180077324987854
