specify -Dflow d,b,mt,md,size
Running /home/vaggelis/jc/LIGO.n.50.0.dax mt 5000 md: 20000 size null
 233279814 18681.18 || noQ Q (Avg,Max,Min) (1.00, 1.00, 1.00) (0.98, 0.96, 1.00) #fs:   0  -- #Conts: 23 H(20)  G(3) 
 234990190 18633.88 || noQ Q (Avg,Max,Min) (1.00, 1.00, 0.99) (0.98, 0.96, 1.00) #fs:   1  -- #Conts: 23 H(19)  G(4) 
 235855511 18555.06 || noQ Q (Avg,Max,Min) (1.00, 1.00, 1.00) (0.98, 0.96, 1.00) #fs:   1  -- #Conts: 23 H(19)  G(4) 
 237781263 18507.76 || noQ Q (Avg,Max,Min) (1.00, 1.00, 0.98) (0.98, 0.96, 1.00) #fs:   2  -- #Conts: 23 H(18)  G(5) 
 322950099 17309.65 || noQ Q (Avg,Max,Min) (1.00, 1.00, 1.00) (0.99, 0.96, 1.00) #fs:   0  -- #Conts: 23 H(10)  G(13) 
 324660475 17262.35 || noQ Q (Avg,Max,Min) (1.00, 1.00, 0.99) (0.98, 0.96, 1.00) #fs:   1  -- #Conts: 23 H(9)  G(14) 
 327137476 17183.53 || noQ Q (Avg,Max,Min) (1.00, 1.00, 0.97) (0.99, 0.94, 1.00) #fs:   1  -- #Conts: 23 H(8)  G(15) 
 378668029 17120.47 || noQ Q (Avg,Max,Min) (0.99, 1.00, 0.67) (0.98, 0.67, 1.00) #fs:   1  -- #Conts: 23 H(4)  G(19) 
 380505614 16994.35 || noQ Q (Avg,Max,Min) (0.99, 1.00, 0.67) (0.98, 0.67, 1.00) #fs:   1  -- #Conts: 23 H(3)  G(20) 
 389120224 16947.06 || noQ Q (Avg,Max,Min) (0.99, 1.00, 0.64) (0.97, 0.63, 1.00) #fs:   1  -- #Conts: 23 H(2)  G(21) 
 403867170 16931.29 || noQ Q (Avg,Max,Min) (0.98, 1.00, 0.59) (0.97, 0.58, 1.00) #fs:   1  -- #Conts: 23 H(1)  G(22) 
 405107569 16048.00 || noQ Q (Avg,Max,Min) (1.00, 1.00, 1.00) (0.99, 0.98, 1.00) #fs:   0  -- #Conts: 23 G(22)  E(1) 
 406750840 16032.24 || noQ Q (Avg,Max,Min) (1.00, 1.00, 1.00) (0.99, 0.98, 1.00) #fs:   0  -- #Conts: 23 G(22)  E(1) 
 435294253 16016.94 || noQ Q (Avg,Max,Min) (1.00, 1.00, 0.99) (0.99, 0.98, 1.00) #fs:   5  -- #Conts: 20 G(20) 
 499961443 15985.41 || noQ Q (Avg,Max,Min) (1.00, 1.00, 1.00) (0.99, 0.99, 1.00) #fs:   4  -- #Conts: 20 G(20) 
 642759772 15969.65 || noQ Q (Avg,Max,Min) (1.00, 1.00, 1.00) (1.00, 0.99, 1.00) #fs:   4  -- #Conts: 17 G(17) 
 684295401 15953.88 || noQ Q (Avg,Max,Min) (1.00, 1.00, 1.00) (1.00, 0.99, 1.00) #fs:   4  -- #Conts: 16 G(16) 
 929223422 15296.12 || noQ Q (Avg,Max,Min) (1.00, 1.00, 1.00) (0.99, 0.94, 1.00) #fs:   2  -- #Conts: 24 E(24) 
1137027465 15282.71 || noQ Q (Avg,Max,Min) (1.00, 1.00, 1.00) (1.00, 0.99, 1.00) #fs:   3  -- #Conts: 20 E(20) 
1215031912 15276.00 || noQ Q (Avg,Max,Min) (1.00, 1.00, 1.00) (1.00, 0.99, 1.00) #fs:   3  -- #Conts: 19 E(19) 
1457275298 15269.29 || noQ Q (Avg,Max,Min) (1.00, 1.00, 1.00) (1.00, 1.00, 1.00) #fs:   3  -- #Conts: 19 E(19) 
4676432746 14072.00 || noQ Q (Avg,Max,Min) (1.00, 1.00, 1.00) (1.00, 1.00, 1.00) #fs:   0  -- #Conts: 23 A(23) 
6798960588 14071.00 || noQ Q (Avg,Max,Min) (1.00, 1.00, 1.00) (1.00, 1.00, 1.00) #fs:   1  -- #Conts: 22 A(22) 
6820316393 14069.00 || noQ Q (Avg,Max,Min) (1.00, 1.00, 1.00) (1.00, 1.00, 1.00) #fs:   1  -- #Conts: 21 A(21) 
6823916393 14067.00 || noQ Q (Avg,Max,Min) (1.00, 1.00, 1.00) (1.00, 0.99, 1.00) #fs:   1  -- #Conts: 20 A(20) 
/////////////////size: 25
 576792663 17712.47 || noQ Q (Avg,Max,Min) (1.00, 1.02, 1.00) (0.99, 0.88, 1.01) #fs:   2  -- #Conts: 22 H(10)  G(6)  A(1)  E(4)  C(1) 
 598314533 17593.88 || noQ Q (Avg,Max,Min) (1.00, 1.02, 1.00) (0.99, 0.88, 1.01) #fs:   2  -- #Conts: 23 H(10)  G(6)  A(1)  E(5)  C(1) 
 598958720 17578.12 || noQ Q (Avg,Max,Min) (1.00, 1.06, 1.00) (0.96, 0.43, 1.01) #fs:   2  -- #Conts: 24 H(10)  G(7)  A(1)  E(5)  C(1) 
 600807276 17569.06 || noQ Q (Avg,Max,Min) (1.00, 1.02, 1.00) (0.99, 0.88, 1.01) #fs:   2  -- #Conts: 24 H(10)  G(6)  A(1)  E(6)  C(1) 
 644056158 17515.06 || noQ Q (Avg,Max,Min) (1.01, 1.10, 1.00) (0.96, 0.26, 1.01) #fs:   2  -- #Conts: 24 H(10)  G(7)  A(1)  E(5)  C(1) 
 644638669 17483.53 || noQ Q (Avg,Max,Min) (1.00, 1.02, 1.00) (0.99, 0.88, 1.01) #fs:   2  -- #Conts: 23 H(9)  G(7)  A(1)  E(5)  C(1) 
 704156397 16831.53 || noQ Q (Avg,Max,Min) (1.00, 1.06, 0.99) (0.98, 0.88, 1.00) #fs:   3  -- #Conts: 22 H(7)  G(9)  A(1)  E(4)  C(1) 
 704800584 16815.76 || noQ Q (Avg,Max,Min) (1.01, 1.06, 0.99) (0.96, 0.43, 1.00) #fs:   3  -- #Conts: 23 H(7)  G(10)  A(1)  E(4)  C(1) 
 706649140 16806.71 || noQ Q (Avg,Max,Min) (1.00, 1.06, 0.99) (0.98, 0.88, 1.00) #fs:   3  -- #Conts: 23 H(7)  G(9)  A(1)  E(5)  C(1) 
 710792536 16276.24 || noQ Q (Avg,Max,Min) (1.01, 1.06, 0.99) (0.98, 0.88, 1.01) #fs:   1  -- #Conts: 23 H(4)  G(13)  A(1)  E(4)  C(1) 
 711479058 16260.47 || noQ Q (Avg,Max,Min) (1.01, 1.06, 0.99) (0.96, 0.43, 1.01) #fs:   1  -- #Conts: 24 H(4)  G(14)  A(1)  E(4)  C(1) 
 713327614 16251.41 || noQ Q (Avg,Max,Min) (1.01, 1.06, 0.99) (0.98, 0.88, 1.01) #fs:   1  -- #Conts: 24 H(4)  G(13)  A(1)  E(5)  C(1) 
 755410541 16220.24 || noQ Q (Avg,Max,Min) (1.01, 1.06, 0.99) (0.98, 0.88, 1.01) #fs:   1  -- #Conts: 23 H(4)  G(15)  E(3)  C(1) 
 762924702 16181.65 || noQ Q (Avg,Max,Min) (1.01, 1.10, 1.00) (0.95, 0.26, 1.00) #fs:   0  -- #Conts: 27 H(4)  G(14)  A(1)  E(7)  C(1) 
 763507751 16150.12 || noQ Q (Avg,Max,Min) (1.00, 1.06, 1.00) (0.98, 0.86, 1.00) #fs:   0  -- #Conts: 26 H(3)  G(14)  A(1)  E(7)  C(1) 
 830218904 16107.29 || noQ Q (Avg,Max,Min) (1.01, 1.10, 1.00) (0.96, 0.26, 1.01) #fs:   0  -- #Conts: 25 H(5)  G(12)  A(1)  E(6)  C(1) 
 830753275 16091.53 || noQ Q (Avg,Max,Min) (1.01, 1.06, 1.00) (0.99, 0.88, 1.01) #fs:   0  -- #Conts: 24 H(4)  G(12)  A(1)  E(6)  C(1) 
 832680809 16082.47 || noQ Q (Avg,Max,Min) (1.01, 1.06, 1.00) (0.98, 0.88, 1.01) #fs:   0  -- #Conts: 25 H(4)  G(12)  A(1)  E(7)  C(1) 
 867275025 16027.65 || noQ Q (Avg,Max,Min) (1.00, 1.03, 0.98) (0.99, 0.88, 1.01) #fs:   2  -- #Conts: 24 H(2)  G(9)  A(1)  E(11)  C(1) 
 867961547 16011.88 || noQ Q (Avg,Max,Min) (1.00, 1.06, 0.98) (0.97, 0.43, 1.01) #fs:   2  -- #Conts: 25 H(2)  G(10)  A(1)  E(11)  C(1) 
 869810103 16002.82 || noQ Q (Avg,Max,Min) (1.00, 1.03, 0.98) (0.99, 0.88, 1.01) #fs:   2  -- #Conts: 25 H(2)  G(9)  A(1)  E(12)  C(1) 
 911893030 15971.65 || noQ Q (Avg,Max,Min) (1.00, 1.03, 0.98) (0.99, 0.88, 1.01) #fs:   2  -- #Conts: 24 H(2)  G(11)  E(10)  C(1) 
1000864232 15962.12 || noQ Q (Avg,Max,Min) (1.00, 1.06, 0.98) (0.97, 0.43, 1.01) #fs:   2  -- #Conts: 25 H(2)  G(11)  E(11)  C(1) 
1002636759 15953.06 || noQ Q (Avg,Max,Min) (1.00, 1.03, 0.98) (0.99, 0.88, 1.01) #fs:   2  -- #Conts: 24 H(2)  G(10)  E(11)  C(1) 
1007992899 15944.59 || noQ Q (Avg,Max,Min) (1.00, 1.03, 0.98) (0.99, 0.88, 1.01) #fs:   2  -- #Conts: 24 H(2)  G(11)  E(10)  C(1) 
1014911350 15769.29 || noQ Q (Avg,Max,Min) (1.01, 1.10, 1.00) (0.96, 0.26, 1.01) #fs:   2  -- #Conts: 24 H(3)  G(9)  E(11)  C(1) 
1015475148 15737.76 || noQ Q (Avg,Max,Min) (1.00, 1.03, 1.00) (0.99, 0.90, 1.01) #fs:   2  -- #Conts: 23 H(2)  G(9)  E(11)  C(1) 
1029698840 15690.47 || noQ Q (Avg,Max,Min) (1.01, 1.10, 1.00) (0.96, 0.26, 1.01) #fs:   2  -- #Conts: 24 H(2)  G(10)  E(11)  C(1) 
1030236160 15658.94 || noQ Q (Avg,Max,Min) (1.00, 1.03, 1.00) (0.99, 0.90, 1.01) #fs:   2  -- #Conts: 23 H(1)  G(10)  E(11)  C(1) 
1047291677 15643.88 || noQ Q (Avg,Max,Min) (1.01, 1.10, 1.00) (0.96, 0.26, 1.00) #fs:   0  -- #Conts: 23 H(1)  G(9)  A(1)  E(11)  C(1) 
1047905026 15628.12 || noQ Q (Avg,Max,Min) (1.00, 1.06, 1.00) (0.97, 0.43, 1.00) #fs:   0  -- #Conts: 23 G(10)  A(1)  E(11)  C(1) 
1049707689 15619.06 || noQ Q (Avg,Max,Min) (1.00, 1.01, 1.00) (0.99, 0.94, 1.00) #fs:   0  -- #Conts: 22 G(9)  A(1)  E(11)  C(1) 
1142452701 15618.59 || noQ Q (Avg,Max,Min) (1.01, 1.10, 1.00) (0.96, 0.26, 1.00) #fs:   0  -- #Conts: 22 H(1)  G(8)  A(1)  E(11)  C(1) 
1143066050 15602.82 || noQ Q (Avg,Max,Min) (1.00, 1.06, 1.00) (0.97, 0.43, 1.00) #fs:   0  -- #Conts: 22 G(9)  A(1)  E(11)  C(1) 
1144838577 15593.76 || noQ Q (Avg,Max,Min) (1.00, 1.01, 1.00) (0.99, 0.94, 1.00) #fs:   0  -- #Conts: 21 G(8)  A(1)  E(11)  C(1) 
1191543257 15593.06 || noQ Q (Avg,Max,Min) (1.00, 1.01, 1.00) (0.99, 0.94, 1.00) #fs:   0  -- #Conts: 21 G(8)  A(1)  E(11)  C(1) 
1466715418 15589.76 || noQ Q (Avg,Max,Min) (1.00, 1.02, 1.00) (0.99, 0.88, 1.00) #fs:   1  -- #Conts: 20 G(6)  A(1)  E(12)  C(1) 
1477772099 15577.18 || noQ Q (Avg,Max,Min) (1.00, 1.06, 1.00) (0.96, 0.43, 1.00) #fs:   1  -- #Conts: 19 G(6)  A(1)  E(11)  C(1) 
1479547482 15568.12 || noQ Q (Avg,Max,Min) (1.00, 1.01, 1.00) (0.99, 0.88, 1.00) #fs:   1  -- #Conts: 18 G(5)  A(1)  E(11)  C(1) 
1581639238 15492.59 || noQ Q (Avg,Max,Min) (1.01, 1.10, 1.00) (0.96, 0.26, 1.01) #fs:   0  -- #Conts: 20 H(2)  G(4)  A(1)  E(12)  C(1) 
1582206694 15476.82 || noQ Q (Avg,Max,Min) (1.00, 1.03, 1.00) (0.99, 0.97, 1.01) #fs:   0  -- #Conts: 19 H(1)  G(4)  A(1)  E(12)  C(1) 
1584101143 15467.76 || noQ Q (Avg,Max,Min) (1.00, 1.03, 1.00) (0.99, 0.95, 1.01) #fs:   0  -- #Conts: 20 H(1)  G(4)  A(1)  E(13)  C(1) 
1643596035 15435.06 || noQ Q (Avg,Max,Min) (1.01, 1.10, 1.00) (0.96, 0.26, 1.01) #fs:   0  -- #Conts: 20 H(2)  G(3)  A(1)  E(13)  C(1) 
1644209384 15419.29 || noQ Q (Avg,Max,Min) (1.01, 1.06, 1.00) (0.97, 0.43, 1.01) #fs:   0  -- #Conts: 20 H(1)  G(4)  A(1)  E(13)  C(1) 
1646012047 15410.24 || noQ Q (Avg,Max,Min) (1.00, 1.03, 1.00) (1.00, 0.97, 1.01) #fs:   0  -- #Conts: 19 H(1)  G(3)  A(1)  E(13)  C(1) 
2176221846 15402.82 || noQ Q (Avg,Max,Min) (1.01, 1.06, 1.00) (0.96, 0.43, 1.01) #fs:   0  -- #Conts: 15 H(1)  G(4)  E(9)  C(1) 
2178039564 15393.76 || noQ Q (Avg,Max,Min) (1.00, 1.03, 1.00) (1.00, 0.97, 1.01) #fs:   0  -- #Conts: 14 H(1)  G(3)  E(9)  C(1) 
2213027771 15393.06 || noQ Q (Avg,Max,Min) (1.00, 1.03, 1.00) (1.00, 0.97, 1.01) #fs:   0  -- #Conts: 14 H(1)  G(3)  A(1)  E(8)  C(1) 
2214707358 15380.47 || noQ Q (Avg,Max,Min) (1.01, 1.06, 1.00) (0.96, 0.43, 1.01) #fs:   0  -- #Conts: 14 H(1)  G(3)  A(1)  E(8)  C(1) 
2216525076 15371.41 || noQ Q (Avg,Max,Min) (1.00, 1.03, 1.00) (1.00, 0.97, 1.01) #fs:   0  -- #Conts: 13 H(1)  G(2)  A(1)  E(8)  C(1) 
2335054741 15343.53 || noQ Q (Avg,Max,Min) (1.01, 1.10, 1.00) (0.94, 0.26, 1.00) #fs:   0  -- #Conts: 19 H(1)  G(2)  A(1)  E(15) 
2335668090 15327.76 || noQ Q (Avg,Max,Min) (1.00, 1.06, 1.00) (0.95, 0.43, 1.00) #fs:   0  -- #Conts: 19 G(3)  A(1)  E(15) 
2337470753 15318.71 || noQ Q (Avg,Max,Min) (1.00, 1.00, 1.00) (0.98, 0.83, 1.00) #fs:   0  -- #Conts: 18 G(2)  A(1)  E(15) 
2342952673 15316.35 || noQ Q (Avg,Max,Min) (1.00, 1.00, 1.00) (0.99, 0.94, 1.00) #fs:   0  -- #Conts: 16 G(2)  A(1)  E(13) 
2532100413 15096.29 || noQ Q (Avg,Max,Min) (1.00, 1.03, 1.00) (0.99, 0.88, 1.01) #fs:   1  -- #Conts: 24 H(2)  A(5)  G(6)  E(10)  C(1) 
2552564936 15053.29 || noQ Q (Avg,Max,Min) (1.00, 1.03, 1.00) (0.99, 0.88, 1.01) #fs:   1  -- #Conts: 27 H(2)  A(6)  G(6)  E(12)  C(1) 
2572875741 15013.24 || noQ Q (Avg,Max,Min) (1.00, 1.03, 1.00) (0.99, 0.88, 1.01) #fs:   1  -- #Conts: 26 H(2)  A(7)  G(6)  E(10)  C(1) 
2621939099 15000.59 || noQ Q (Avg,Max,Min) (1.00, 1.03, 1.00) (0.99, 0.88, 1.01) #fs:   1  -- #Conts: 25 H(3)  A(6)  G(5)  E(10)  C(1) 
2649180358 14980.53 || noQ Q (Avg,Max,Min) (1.01, 1.10, 1.00) (0.96, 0.26, 1.01) #fs:   1  -- #Conts: 22 H(3)  A(5)  G(5)  E(8)  C(1) 
2649714729 14964.76 || noQ Q (Avg,Max,Min) (1.00, 1.03, 1.00) (0.99, 0.88, 1.01) #fs:   1  -- #Conts: 21 H(2)  A(5)  G(5)  E(8)  C(1) 
2651642263 14955.71 || noQ Q (Avg,Max,Min) (1.00, 1.03, 1.00) (0.99, 0.88, 1.01) #fs:   1  -- #Conts: 22 H(2)  A(5)  G(5)  E(9)  C(1) 
2724621156 14941.06 || noQ Q (Avg,Max,Min) (1.01, 1.06, 1.00) (0.97, 0.43, 1.01) #fs:   1  -- #Conts: 24 H(2)  A(6)  G(7)  E(8)  C(1) 
2726469712 14932.00 || noQ Q (Avg,Max,Min) (1.00, 1.03, 1.00) (0.99, 0.88, 1.01) #fs:   1  -- #Conts: 24 H(2)  A(6)  G(6)  E(9)  C(1) 
2744287774 14916.76 || noQ Q (Avg,Max,Min) (1.00, 1.03, 1.00) (0.99, 0.88, 1.01) #fs:   1  -- #Conts: 22 H(2)  A(7)  G(6)  E(6)  C(1) 
2744931961 14901.00 || noQ Q (Avg,Max,Min) (1.01, 1.06, 1.00) (0.97, 0.43, 1.01) #fs:   1  -- #Conts: 23 H(2)  A(7)  G(7)  E(6)  C(1) 
2746780517 14891.94 || noQ Q (Avg,Max,Min) (1.00, 1.03, 1.00) (0.99, 0.88, 1.01) #fs:   1  -- #Conts: 23 H(2)  A(7)  G(6)  E(7)  C(1) 
2769715774 14878.00 || noQ Q (Avg,Max,Min) (1.01, 1.10, 1.00) (0.96, 0.26, 1.01) #fs:   1  -- #Conts: 23 H(2)  A(6)  G(6)  E(8)  C(1) 
2770298285 14846.47 || noQ Q (Avg,Max,Min) (1.00, 1.03, 1.00) (0.99, 0.88, 1.01) #fs:   1  -- #Conts: 22 H(1)  A(6)  G(6)  E(8)  C(1) 
2790026579 14837.94 || noQ Q (Avg,Max,Min) (1.01, 1.10, 1.00) (0.96, 0.26, 1.01) #fs:   1  -- #Conts: 22 H(2)  A(7)  G(6)  E(6)  C(1) 
2790609090 14806.41 || noQ Q (Avg,Max,Min) (1.00, 1.03, 1.00) (0.99, 0.88, 1.01) #fs:   1  -- #Conts: 21 H(1)  A(7)  G(6)  E(6)  C(1) 
2849041155 14761.82 || noQ Q (Avg,Max,Min) (1.01, 1.10, 1.00) (0.96, 0.26, 1.01) #fs:   2  -- #Conts: 23 H(1)  A(7)  G(6)  E(8)  C(1) 
2849624204 14746.06 || noQ Q (Avg,Max,Min) (1.00, 1.02, 1.00) (0.99, 0.88, 1.01) #fs:   2  -- #Conts: 22 A(7)  G(6)  E(8)  C(1) 
2851503060 14737.00 || noQ Q (Avg,Max,Min) (1.00, 1.02, 1.00) (0.99, 0.88, 1.01) #fs:   2  -- #Conts: 23 A(7)  G(6)  E(9)  C(1) 
2861872458 14716.53 || noQ Q (Avg,Max,Min) (1.01, 1.10, 1.00) (0.96, 0.26, 1.01) #fs:   1  -- #Conts: 24 H(1)  A(8)  G(5)  E(9)  C(1) 
2862485807 14700.76 || noQ Q (Avg,Max,Min) (1.00, 1.06, 1.00) (0.97, 0.43, 1.01) #fs:   1  -- #Conts: 24 A(8)  G(6)  E(9)  C(1) 
2864303525 14691.71 || noQ Q (Avg,Max,Min) (1.00, 1.02, 1.00) (0.99, 0.88, 1.01) #fs:   1  -- #Conts: 23 A(8)  G(5)  E(9)  C(1) 
2875899817 14679.12 || noQ Q (Avg,Max,Min) (1.00, 1.06, 1.00) (0.97, 0.43, 1.01) #fs:   1  -- #Conts: 23 A(8)  G(5)  E(9)  C(1) 
2877711730 14670.06 || noQ Q (Avg,Max,Min) (1.00, 1.02, 1.00) (0.99, 0.88, 1.01) #fs:   1  -- #Conts: 22 A(8)  G(4)  E(9)  C(1) 
3057863116 14627.12 || noQ Q (Avg,Max,Min) (1.01, 1.10, 1.00) (0.96, 0.26, 1.01) #fs:   1  -- #Conts: 20 H(2)  A(7)  G(3)  E(7)  C(1) 
3058403292 14611.35 || noQ Q (Avg,Max,Min) (1.00, 1.03, 1.00) (1.00, 0.98, 1.01) #fs:   1  -- #Conts: 19 H(1)  A(7)  G(3)  E(7)  C(1) 
3060325021 14602.29 || noQ Q (Avg,Max,Min) (1.00, 1.03, 1.00) (1.00, 0.95, 1.01) #fs:   1  -- #Conts: 20 H(1)  A(7)  G(3)  E(8)  C(1) 
3194457619 14601.12 || noQ Q (Avg,Max,Min) (1.01, 1.10, 1.00) (0.96, 0.26, 1.01) #fs:   1  -- #Conts: 19 H(2)  A(7)  G(2)  E(7)  C(1) 
3195070968 14585.35 || noQ Q (Avg,Max,Min) (1.01, 1.06, 1.00) (0.97, 0.43, 1.01) #fs:   1  -- #Conts: 19 H(1)  A(7)  G(3)  E(7)  C(1) 
3196888686 14576.29 || noQ Q (Avg,Max,Min) (1.00, 1.03, 1.00) (1.00, 0.99, 1.01) #fs:   1  -- #Conts: 18 H(1)  A(7)  G(2)  E(7)  C(1) 
3277366436 14572.76 || noQ Q (Avg,Max,Min) (1.01, 1.10, 1.00) (0.96, 0.26, 1.01) #fs:   1  -- #Conts: 18 H(2)  A(7)  G(1)  E(7)  C(1) 
3277979785 14557.00 || noQ Q (Avg,Max,Min) (1.01, 1.06, 1.00) (0.97, 0.43, 1.01) #fs:   1  -- #Conts: 18 H(1)  A(7)  G(2)  E(7)  C(1) 
3279797503 14547.94 || noQ Q (Avg,Max,Min) (1.00, 1.03, 1.00) (1.00, 0.99, 1.01) #fs:   1  -- #Conts: 17 H(1)  A(7)  G(1)  E(7)  C(1) 
3385987165 14540.65 || noQ Q (Avg,Max,Min) (1.01, 1.10, 1.00) (0.96, 0.26, 1.01) #fs:   1  -- #Conts: 21 H(2)  A(7)  E(11)  C(1) 
3386600514 14524.88 || noQ Q (Avg,Max,Min) (1.01, 1.06, 1.00) (0.97, 0.43, 1.01) #fs:   1  -- #Conts: 21 H(1)  A(7)  G(1)  E(11)  C(1) 
3388403177 14515.82 || noQ Q (Avg,Max,Min) (1.00, 1.03, 1.00) (1.00, 0.94, 1.01) #fs:   1  -- #Conts: 20 H(1)  A(7)  E(11)  C(1) 
3397112259 14511.12 || noQ Q (Avg,Max,Min) (1.00, 1.02, 1.00) (1.00, 0.94, 1.01) #fs:   0  -- #Conts: 20 A(8)  E(11)  C(1) 
4334948335 14416.12 || noQ Q (Avg,Max,Min) (1.01, 1.10, 1.00) (0.96, 0.26, 1.01) #fs:   1  -- #Conts: 19 H(3)  A(6)  G(2)  E(7)  C(1) 
4335561684 14400.35 || noQ Q (Avg,Max,Min) (1.01, 1.06, 1.00) (0.97, 0.43, 1.01) #fs:   1  -- #Conts: 19 H(2)  A(6)  G(3)  E(7)  C(1) 
4335789518 14144.06 || noQ Q (Avg,Max,Min) (1.01, 1.10, 1.00) (0.96, 0.26, 1.01) #fs:   1  -- #Conts: 21 H(2)  A(7)  E(11)  C(1) 
4336402867 14128.29 || noQ Q (Avg,Max,Min) (1.01, 1.06, 1.00) (0.97, 0.43, 1.01) #fs:   1  -- #Conts: 21 H(1)  A(7)  G(1)  E(11)  C(1) 
4336592719 13876.18 || noQ Q (Avg,Max,Min) (1.01, 1.10, 1.00) (0.95, 0.26, 1.01) #fs:   2  -- #Conts: 24 H(2)  A(9)  E(12)  C(1) 
4336726722 13742.41 || noQ Q (Avg,Max,Min) (1.01, 1.10, 1.00) (0.96, 0.26, 1.01) #fs:   1  -- #Conts: 24 H(2)  A(11)  E(10)  C(1) 
4337340071 13726.65 || noQ Q (Avg,Max,Min) (1.01, 1.06, 1.00) (0.96, 0.43, 1.01) #fs:   1  -- #Conts: 24 H(1)  A(11)  G(1)  E(10)  C(1) 
4339188627 13717.59 || noQ Q (Avg,Max,Min) (1.00, 1.03, 1.00) (0.98, 0.83, 1.01) #fs:   1  -- #Conts: 24 H(1)  A(11)  E(11)  C(1) 
4341483703 13666.00 || noQ Q (Avg,Max,Min) (1.01, 1.10, 1.00) (0.96, 0.26, 1.01) #fs:   1  -- #Conts: 25 H(2)  A(12)  E(10)  C(1) 
4342097052 13650.24 || noQ Q (Avg,Max,Min) (1.01, 1.06, 1.00) (0.96, 0.43, 1.01) #fs:   1  -- #Conts: 25 H(1)  A(12)  G(1)  E(10)  C(1) 
4343945608 13641.18 || noQ Q (Avg,Max,Min) (1.00, 1.03, 1.00) (0.98, 0.83, 1.01) #fs:   1  -- #Conts: 25 H(1)  A(12)  E(11)  C(1) 
4353487482 13636.47 || noQ Q (Avg,Max,Min) (1.00, 1.02, 1.00) (0.98, 0.83, 1.01) #fs:   0  -- #Conts: 26 A(13)  E(12)  C(1) 
4371490100 13618.29 || noQ Q (Avg,Max,Min) (1.00, 1.10, 1.00) (0.96, 0.26, 1.01) #fs:   0  -- #Conts: 29 H(1)  A(14)  E(13)  C(1) 
4372103449 13602.53 || noQ Q (Avg,Max,Min) (1.00, 1.06, 1.00) (0.96, 0.43, 1.01) #fs:   0  -- #Conts: 29 A(14)  G(1)  E(13)  C(1) 
4373952005 13593.47 || noQ Q (Avg,Max,Min) (1.00, 1.02, 1.00) (0.98, 0.83, 1.01) #fs:   0  -- #Conts: 29 A(14)  E(14)  C(1) 
4388666407 13582.94 || noQ Q (Avg,Max,Min) (1.01, 1.10, 1.00) (0.96, 0.26, 1.01) #fs:   1  -- #Conts: 26 H(2)  A(14)  E(9)  C(1) 
4388803673 13581.88 || noQ Q (Avg,Max,Min) (1.01, 1.10, 1.00) (0.96, 0.26, 1.01) #fs:   1  -- #Conts: 28 H(1)  A(14)  G(1)  E(10)  C(2) 
4389279756 13567.18 || noQ Q (Avg,Max,Min) (1.00, 1.06, 1.00) (0.97, 0.43, 1.01) #fs:   1  -- #Conts: 26 H(1)  A(14)  G(1)  E(9)  C(1) 
4389417022 13566.12 || noQ Q (Avg,Max,Min) (1.00, 1.06, 1.00) (0.96, 0.43, 1.01) #fs:   1  -- #Conts: 28 A(14)  G(2)  E(10)  C(2) 
4391128312 13558.12 || noQ Q (Avg,Max,Min) (1.00, 1.03, 1.00) (0.99, 0.88, 1.01) #fs:   1  -- #Conts: 26 H(1)  A(14)  E(10)  C(1) 
4391265578 13557.06 || noQ Q (Avg,Max,Min) (1.00, 1.03, 1.00) (0.98, 0.88, 1.01) #fs:   1  -- #Conts: 28 A(14)  G(1)  E(11)  C(2) 
/////////////////size: 112
nodes 50 edges 60
 mulT: 5000 mulD: 20000  sumData GB 28958
pareto /LIGO.n.50.0.dax time -> 1438.0
moheft /LIGO.n.50.0.dax time -> 1502.0
distance from M to C 93.38990698789381
distance from P to C 737.8282352959961
distance from C to M 66.24622302214487
distance from C to P 424.92777364110117
toCompare: /LIGO.n.50.0.dax sumDataGB: 28958 mulT: 5000 mulD: 20000 paretoOptTime_MS: 1438.0 MoheftOptimizationTime_MS: 1502.0 MtoC 93.38990698789381 PtoC 737.8282352959961 CtoM 66.24622302214487 CtoP 424.92777364110117
