specify -Dflow d,b,mt,md,size
Running /home/vaggelis/jc/SIPHT.n.100.0.dax mt 100 md: 1000 size null
  15660715 693.65 || noQ Q (Avg,Max,Min) (0.91, 1.09, 0.77) (0.83, 0.74, 1.02) #fs:   6  -- #Conts: 6 H(6) 
  18531469 662.12 || noQ Q (Avg,Max,Min) (0.98, 1.09, 0.76) (0.87, 0.66, 1.05) #fs:   3  -- #Conts: 7 H(7) 
  20133872 630.59 || noQ Q (Avg,Max,Min) (1.02, 1.09, 0.89) (0.90, 0.67, 1.05) #fs:   1  -- #Conts: 7 H(7) 
  24877025 599.06 || noQ Q (Avg,Max,Min) (1.03, 1.09, 0.91) (0.95, 0.89, 1.05) #fs:   1  -- #Conts: 6 H(6) 
  26452463 583.29 || noQ Q (Avg,Max,Min) (0.91, 1.03, 0.43) (0.82, 0.36, 1.00) #fs:   5  -- #Conts: 7 G(7) 
  26553211 567.53 || noQ Q (Avg,Max,Min) (0.90, 1.03, 0.43) (0.84, 0.36, 1.00) #fs:   5  -- #Conts: 6 G(6) 
  26610530 515.53 || noQ Q (Avg,Max,Min) (1.02, 1.04, 1.00) (0.92, 0.80, 1.00) #fs:   2  -- #Conts: 7 G(6)  E(1) 
  26801474 499.76 || noQ Q (Avg,Max,Min) (1.02, 1.04, 1.00) (0.95, 0.92, 1.02) #fs:   1  -- #Conts: 7 G(6)  E(1) 
  35072442 484.00 || noQ Q (Avg,Max,Min) (1.02, 1.04, 1.00) (0.97, 0.92, 1.02) #fs:   0  -- #Conts: 7 G(6)  E(1) 
  59081796 483.18 || noQ Q (Avg,Max,Min) (1.00, 1.03, 0.94) (0.91, 0.72, 1.00) #fs:   1  -- #Conts: 9 G(1)  E(8) 
  63078504 476.12 || noQ Q (Avg,Max,Min) (1.00, 1.03, 0.94) (0.92, 0.72, 1.00) #fs:   1  -- #Conts: 9 E(9) 
  63142031 469.41 || noQ Q (Avg,Max,Min) (1.01, 1.03, 1.00) (0.93, 0.72, 1.00) #fs:   0  -- #Conts: 9 E(9) 
  72430142 462.71 || noQ Q (Avg,Max,Min) (1.01, 1.03, 1.00) (0.94, 0.72, 1.00) #fs:   0  -- #Conts: 8 E(8) 
/////////////////size: 13
  16326094 725.18 || noQ Q (Avg,Max,Min) (0.93, 1.07, 0.66) (0.79, 0.60, 0.93) #fs:   2  -- #Conts: 6 H(6) 
  16334633 662.12 || noQ Q (Avg,Max,Min) (0.99, 1.07, 0.80) (0.86, 0.71, 0.99) #fs:   1  -- #Conts: 6 H(6) 
  17274915 630.59 || noQ Q (Avg,Max,Min) (1.03, 1.07, 1.00) (0.86, 0.60, 0.99) #fs:   1  -- #Conts: 6 H(6) 
  19325356 614.82 || noQ Q (Avg,Max,Min) (1.03, 1.07, 1.00) (0.88, 0.69, 0.99) #fs:   0  -- #Conts: 6 H(5)  G(1) 
  20013919 594.35 || noQ Q (Avg,Max,Min) (1.01, 1.06, 0.98) (0.86, 0.65, 1.02) #fs:   2  -- #Conts: 10 H(5)  G(4)  E(1) 
  22048487 578.59 || noQ Q (Avg,Max,Min) (1.00, 1.19, 0.68) (0.86, 0.55, 1.02) #fs:   2  -- #Conts: 9 H(4)  G(4)  E(1) 
  23115502 547.06 || noQ Q (Avg,Max,Min) (1.02, 1.06, 0.98) (0.93, 0.82, 1.02) #fs:   2  -- #Conts: 8 H(3)  G(4)  E(1) 
  24752544 531.29 || noQ Q (Avg,Max,Min) (1.02, 1.04, 0.98) (0.97, 0.82, 1.03) #fs:   1  -- #Conts: 8 H(3)  G(4)  E(1) 
  27977275 504.47 || noQ Q (Avg,Max,Min) (1.03, 1.06, 1.00) (0.95, 0.84, 1.00) #fs:   1  -- #Conts: 6 H(1)  G(5) 
  31936530 502.12 || noQ Q (Avg,Max,Min) (1.02, 1.08, 0.99) (0.84, 0.06, 1.01) #fs:   2  -- #Conts: 8 G(7)  E(1) 
  32069866 486.35 || noQ Q (Avg,Max,Min) (1.01, 1.05, 0.98) (0.95, 0.76, 1.01) #fs:   3  -- #Conts: 7 G(6)  E(1) 
  38700825 473.59 || noQ Q (Avg,Max,Min) (1.02, 1.05, 1.00) (0.98, 0.92, 1.02) #fs:   1  -- #Conts: 9 G(5)  A(3)  E(1) 
  38887536 472.59 || noQ Q (Avg,Max,Min) (1.02, 1.05, 1.00) (0.98, 0.92, 1.02) #fs:   1  -- #Conts: 8 G(5)  A(2)  E(1) 
  39084709 471.59 || noQ Q (Avg,Max,Min) (1.02, 1.05, 1.01) (0.99, 0.92, 1.02) #fs:   0  -- #Conts: 7 G(5)  A(1)  E(1) 
  39275653 470.59 || noQ Q (Avg,Max,Min) (1.02, 1.05, 1.01) (1.00, 0.95, 1.02) #fs:   0  -- #Conts: 6 G(5)  E(1) 
  46956669 470.18 || noQ Q (Avg,Max,Min) (1.01, 1.04, 0.96) (0.86, 0.27, 1.02) #fs:   1  -- #Conts: 9 G(4)  A(1)  E(3)  C(1) 
  47125821 469.18 || noQ Q (Avg,Max,Min) (1.01, 1.03, 0.96) (0.91, 0.31, 1.02) #fs:   1  -- #Conts: 8 G(4)  E(3)  C(1) 
  49427640 466.18 || noQ Q (Avg,Max,Min) (1.01, 1.03, 0.96) (0.99, 0.95, 1.02) #fs:   1  -- #Conts: 8 G(4)  A(1)  E(3) 
  53964342 463.76 || noQ Q (Avg,Max,Min) (1.01, 1.02, 1.00) (0.89, 0.23, 1.01) #fs:   0  -- #Conts: 8 G(2)  E(5)  C(1) 
  53989546 459.76 || noQ Q (Avg,Max,Min) (1.01, 1.02, 1.00) (0.99, 0.92, 1.01) #fs:   0  -- #Conts: 7 G(2)  E(5) 
  60653530 459.06 || noQ Q (Avg,Max,Min) (1.01, 1.02, 1.00) (0.98, 0.92, 1.02) #fs:   1  -- #Conts: 9 G(1)  A(2)  E(6) 
  61082468 458.06 || noQ Q (Avg,Max,Min) (1.01, 1.02, 1.00) (0.98, 0.92, 1.02) #fs:   1  -- #Conts: 8 G(1)  A(1)  E(6) 
  62489215 456.00 || noQ Q (Avg,Max,Min) (1.01, 1.02, 1.00) (0.99, 0.97, 1.01) #fs:   0  -- #Conts: 6 E(6) 
  77740591 453.06 || noQ Q (Avg,Max,Min) (1.01, 1.02, 1.00) (0.99, 0.95, 1.01) #fs:   0  -- #Conts: 7 E(6)  C(1) 
  78400678 452.29 || noQ Q (Avg,Max,Min) (1.01, 1.06, 1.00) (0.99, 0.96, 1.01) #fs:   0  -- #Conts: 7 A(1)  E(6) 
  78831285 451.29 || noQ Q (Avg,Max,Min) (1.01, 1.06, 1.00) (0.99, 0.95, 1.01) #fs:   0  -- #Conts: 7 A(1)  E(6) 
  81826771 449.94 || noQ Q (Avg,Max,Min) (1.01, 1.02, 1.00) (0.99, 0.92, 1.01) #fs:   0  -- #Conts: 7 A(1)  E(5)  C(1) 
/////////////////size: 27
nodes 97 edges 109
 mulT: 100 mulD: 1000  sumData GB 2207
pareto /SIPHT.n.100.0.dax time -> 6732.0
moheft /SIPHT.n.100.0.dax time -> 740.0
distance from M to C 1.4270185213083808
distance from P to C 2.769380972953511
distance from C to M 0.3928571428571428
distance from C to P 8.313864906989094
toCompare: /SIPHT.n.100.0.dax sumDataGB: 2207 mulT: 100 mulD: 1000 paretoOptTime_MS: 6732.0 MoheftOptimizationTime_MS: 740.0 MtoC 1.4270185213083808 PtoC 2.769380972953511 CtoM 0.3928571428571428 CtoP 8.313864906989094
