specify -Dflow d,b,mt,md,size
Running /home/vaggelis/jc/CYBERSHAKE.n.100.0.dax mt 30 md: 10000 size null
   1161858 063.06 || noQ Q (Avg,Max,Min) (48.19, 51.64, 10.00) (15.55, 10.00, 16.65) #fs:   2  -- #Conts: 2 H(2) 
   1893449 047.29 || noQ Q (Avg,Max,Min) (30.37, 32.07, 10.00) (15.66, 10.00, 16.87) #fs:   1  -- #Conts: 2 H(1)  G(1) 
   1989590 031.53 || noQ Q (Avg,Max,Min) (28.54, 30.53, 10.00) (15.77, 10.00, 16.87) #fs:   2  -- #Conts: 2 G(2) 
   4486167 026.82 || noQ Q (Avg,Max,Min) (13.20, 14.07, 10.00) (8.22, 7.68, 8.76) #fs:   2  -- #Conts: 2 E(2) 
   7378722 025.41 || noQ Q (Avg,Max,Min) (8.41, 8.97, 7.84) (6.91, 6.13, 7.68) #fs:   1  -- #Conts: 2 E(1)  C(1) 
   7761724 024.00 || noQ Q (Avg,Max,Min) (5.62, 9.17, 0.13) (4.89, 0.06, 9.17) #fs:   4  -- #Conts: 3 C(3) 
   7932204 020.00 || noQ Q (Avg,Max,Min) (8.29, 9.17, 7.41) (7.31, 5.45, 9.17) #fs:   0  -- #Conts: 2 C(2) 
  34705814 019.00 || noQ Q (Avg,Max,Min) (2.64, 2.82, 2.47) (2.60, 2.38, 2.82) #fs:   0  -- #Conts: 2 A(2) 
/////////////////size: 8
   2216523 045.53 || noQ Q (Avg,Max,Min) (6.11, 50.45, 0.09) (3.49, 0.01, 31.06) #fs:  11  -- #Conts: 9 H(1)  A(6)  C(2) 
   2217305 041.53 || noQ Q (Avg,Max,Min) (6.75, 50.43, 0.09) (3.93, 0.01, 31.06) #fs:  10  -- #Conts: 8 H(1)  A(6)  C(1) 
   2218744 038.53 || noQ Q (Avg,Max,Min) (6.81, 50.40, 0.28) (3.93, 0.02, 31.06) #fs:   9  -- #Conts: 8 H(1)  A(7) 
   2226042 037.53 || noQ Q (Avg,Max,Min) (7.71, 50.24, 0.28) (4.49, 0.02, 31.06) #fs:   7  -- #Conts: 7 H(1)  A(6) 
   2228353 036.53 || noQ Q (Avg,Max,Min) (8.81, 50.19, 0.28) (5.23, 0.05, 31.06) #fs:   7  -- #Conts: 6 H(1)  A(5) 
   2233985 035.53 || noQ Q (Avg,Max,Min) (10.42, 50.06, 0.31) (6.27, 0.06, 31.07) #fs:   6  -- #Conts: 5 H(1)  A(4) 
   2239964 034.53 || noQ Q (Avg,Max,Min) (12.73, 49.93, 0.31) (7.82, 0.06, 31.07) #fs:   6  -- #Conts: 4 H(1)  A(3) 
   2246317 033.53 || noQ Q (Avg,Max,Min) (16.81, 49.79, 0.31) (10.41, 0.06, 31.07) #fs:   5  -- #Conts: 3 H(1)  A(2) 
   2258253 032.53 || noQ Q (Avg,Max,Min) (24.93, 49.53, 0.32) (15.57, 0.06, 31.07) #fs:   2  -- #Conts: 2 H(1)  A(1) 
   2265384 031.53 || noQ Q (Avg,Max,Min) (49.38, 49.38, 10.00) (31.07, 10.00, 31.07) #fs:   0  -- #Conts: 1 H(1) 
 117826844 031.18 || noQ Q (Avg,Max,Min) (181.37, 630.07, 1.91) (20.91, 0.00, 35.84) #fs:   0  -- #Conts: 4 G(1)  A(1)  E(2) 
 117827430 028.47 || noQ Q (Avg,Max,Min) (181.27, 630.07, 1.53) (20.91, 0.00, 35.84) #fs:   0  -- #Conts: 4 G(1)  A(1)  E(1)  C(1) 
 117829350 024.47 || noQ Q (Avg,Max,Min) (235.71, 613.65, 10.00) (27.88, 10.00, 35.84) #fs:   0  -- #Conts: 3 G(1)  A(1)  E(1) 
 117899113 021.76 || noQ Q (Avg,Max,Min) (149.69, 355.59, 10.00) (27.88, 10.00, 35.84) #fs:   0  -- #Conts: 3 G(1)  A(1)  C(1) 
 118027247 020.76 || noQ Q (Avg,Max,Min) (101.41, 201.12, 10.00) (39.79, 10.00, 71.52) #fs:   0  -- #Conts: 3 G(1)  A(1)  C(1) 
 118448709 019.76 || noQ Q (Avg,Max,Min) (44.43, 83.11, 1.12) (20.95, 0.01, 35.84) #fs:   0  -- #Conts: 4 G(1)  A(3) 
 118467909 018.76 || noQ Q (Avg,Max,Min) (58.15, 80.97, 10.00) (27.93, 10.00, 35.84) #fs:   0  -- #Conts: 3 G(1)  A(2) 
 119036104 017.76 || noQ Q (Avg,Max,Min) (49.75, 71.67, 10.00) (39.88, 10.00, 71.52) #fs:   0  -- #Conts: 3 G(1)  A(2) 
 121658063 017.41 || noQ Q (Avg,Max,Min) (46.48, 71.54, 10.00) (46.05, 10.00, 71.52) #fs:   2  -- #Conts: 5 A(4)  E(1) 
/////////////////size: 19
nodes 100 edges 192
 mulT: 30 mulD: 10000  sumData GB 975992
pareto /CYBERSHAKE.n.100.0.dax time -> 278.0
moheft /CYBERSHAKE.n.100.0.dax time -> 423.0
distance from M to C 1.0649807557842228
distance from P to C 0.0
distance from C to M 2.021977459836624
distance from C to P 0.45147984813876557
toCompare: /CYBERSHAKE.n.100.0.dax sumDataGB: 975992 mulT: 30 mulD: 10000 paretoOptTime_MS: 278.0 MoheftOptimizationTime_MS: 423.0 MtoC 1.0649807557842228 PtoC 0.0 CtoM 2.021977459836624 CtoP 0.45147984813876557
