specify -Dflow d,b,mt,md,size
Running /home/vaggelis/jc/CYBERSHAKE.n.50.0.dax mt 100 md: 20000 size null
   2279026 063.06 || noQ Q (Avg,Max,Min) (36.74, 41.86, 10.00) (23.25, 10.00, 26.48) #fs:   1  -- #Conts: 2 H(2) 
   4055484 047.29 || noQ Q (Avg,Max,Min) (22.54, 26.86, 10.00) (18.56, 10.00, 26.86) #fs:   0  -- #Conts: 2 G(2) 
   8801643 046.94 || noQ Q (Avg,Max,Min) (7.26, 11.54, 1.31) (5.56, 0.01, 9.41) #fs:   1  -- #Conts: 3 E(3) 
   8816389 040.24 || noQ Q (Avg,Max,Min) (10.23, 11.54, 8.92) (8.34, 7.28, 9.41) #fs:   1  -- #Conts: 2 E(2) 
   9146382 035.88 || noQ Q (Avg,Max,Min) (17.75, 26.86, 8.64) (17.09, 7.31, 26.86) #fs:   0  -- #Conts: 2 G(1)  E(1) 
  15804399 035.76 || noQ Q (Avg,Max,Min) (16.14, 26.86, 5.42) (15.81, 4.76, 26.86) #fs:   0  -- #Conts: 2 G(1)  C(1) 
/////////////////size: 6
   3609826 094.59 || noQ Q (Avg,Max,Min) (23.40, 26.79, 10.00) (11.73, 10.00, 13.43) #fs:   4  -- #Conts: 2 H(1)  G(1) 
   3610646 078.82 || noQ Q (Avg,Max,Min) (16.85, 26.79, 3.33) (11.16, 0.00, 20.06) #fs:   3  -- #Conts: 3 H(1)  G(2) 
   3610748 069.76 || noQ Q (Avg,Max,Min) (16.08, 26.78, 1.04) (11.16, 0.00, 20.06) #fs:   3  -- #Conts: 3 H(1)  G(1)  E(1) 
   3610894 067.06 || noQ Q (Avg,Max,Min) (16.08, 26.78, 1.02) (11.16, 0.00, 20.06) #fs:   3  -- #Conts: 3 H(1)  G(1)  C(1) 
   3611269 063.06 || noQ Q (Avg,Max,Min) (23.60, 26.78, 10.00) (16.74, 10.00, 20.06) #fs:   3  -- #Conts: 2 H(1)  G(1) 
   3630775 058.00 || noQ Q (Avg,Max,Min) (12.52, 26.86, 1.21) (11.73, 0.00, 26.86) #fs:   3  -- #Conts: 4 H(1)  G(1)  E(1)  C(1) 
   3635170 054.00 || noQ Q (Avg,Max,Min) (16.21, 26.86, 1.35) (15.64, 0.01, 26.86) #fs:   3  -- #Conts: 3 H(1)  G(1)  E(1) 
   3646829 052.29 || noQ Q (Avg,Max,Min) (12.39, 26.86, 1.12) (11.73, 0.01, 26.86) #fs:   3  -- #Conts: 4 H(1)  G(1)  A(1)  C(1) 
   3654454 051.29 || noQ Q (Avg,Max,Min) (16.16, 26.86, 1.20) (15.64, 0.02, 26.86) #fs:   3  -- #Conts: 3 H(1)  G(1)  C(1) 
   3777720 049.29 || noQ Q (Avg,Max,Min) (12.36, 26.86, 1.03) (11.74, 0.01, 26.86) #fs:   3  -- #Conts: 4 H(1)  G(1)  A(2) 
   3811678 048.29 || noQ Q (Avg,Max,Min) (16.11, 26.86, 1.05) (15.66, 0.06, 26.86) #fs:   3  -- #Conts: 3 H(1)  G(1)  A(1) 
 187706955 047.24 || noQ Q (Avg,Max,Min) (78.30, 230.02, 1.05) (35.04, 0.08, 77.83) #fs:   2  -- #Conts: 6 H(1)  A(3)  E(1)  C(1) 
 187731489 046.24 || noQ Q (Avg,Max,Min) (92.25, 225.50, 10.00) (42.03, 10.00, 77.84) #fs:   2  -- #Conts: 5 H(1)  A(2)  E(1)  C(1) 
 187821984 045.24 || noQ Q (Avg,Max,Min) (87.69, 210.55, 10.00) (43.38, 10.00, 77.87) #fs:   1  -- #Conts: 5 H(1)  A(2)  E(1)  C(1) 
 188244846 044.24 || noQ Q (Avg,Max,Min) (58.78, 265.91, 0.74) (35.02, 0.07, 129.70) #fs:   1  -- #Conts: 6 H(1)  A(4)  E(1) 
 188278296 043.24 || noQ Q (Avg,Max,Min) (69.38, 260.96, 0.97) (42.01, 0.09, 129.71) #fs:   1  -- #Conts: 5 H(1)  A(3)  E(1) 
 188387614 042.24 || noQ Q (Avg,Max,Min) (66.87, 246.01, 1.04) (43.37, 0.12, 129.75) #fs:   0  -- #Conts: 5 H(1)  A(3)  E(1) 
 188443468 041.24 || noQ Q (Avg,Max,Min) (81.58, 239.02, 10.00) (54.19, 10.00, 129.77) #fs:   0  -- #Conts: 4 H(1)  A(2)  E(1) 
 188904776 040.24 || noQ Q (Avg,Max,Min) (77.37, 222.45, 10.00) (59.06, 10.00, 149.28) #fs:   0  -- #Conts: 4 H(1)  A(2)  E(1) 
 189245996 039.53 || noQ Q (Avg,Max,Min) (51.61, 135.99, 10.00) (43.55, 10.00, 104.15) #fs:   1  -- #Conts: 5 H(1)  A(3)  C(1) 
 189417778 039.47 || noQ Q (Avg,Max,Min) (68.27, 134.13, 0.49) (52.00, 0.13, 97.63) #fs:   2  -- #Conts: 7 G(1)  A(3)  E(1)  C(2) 
 189447381 038.47 || noQ Q (Avg,Max,Min) (78.95, 133.16, 10.00) (60.65, 10.00, 97.64) #fs:   1  -- #Conts: 6 G(1)  A(2)  E(1)  C(2) 
 189628115 037.47 || noQ Q (Avg,Max,Min) (89.25, 157.01, 10.00) (72.66, 10.00, 123.53) #fs:   2  -- #Conts: 5 G(1)  A(1)  E(1)  C(2) 
 189945222 036.47 || noQ Q (Avg,Max,Min) (50.47, 133.91, 10.00) (43.20, 10.00, 117.15) #fs:   1  -- #Conts: 9 G(1)  A(6)  E(1)  C(1) 
 190187639 035.47 || noQ Q (Avg,Max,Min) (53.91, 151.92, 10.00) (48.53, 10.00, 143.06) #fs:   1  -- #Conts: 8 G(1)  A(5)  E(1)  C(1) 
/////////////////size: 25
nodes 50 edges 92
 mulT: 100 mulD: 20000  sumData GB 1726048
pareto /CYBERSHAKE.n.50.0.dax time -> 193.0
moheft /CYBERSHAKE.n.50.0.dax time -> 341.0
distance from M to C 1.4861815663609264
distance from P to C 0.0
distance from C to M 0.7194570135746605
distance from C to P 1.1540995667971488
toCompare: /CYBERSHAKE.n.50.0.dax sumDataGB: 1726048 mulT: 100 mulD: 20000 paretoOptTime_MS: 193.0 MoheftOptimizationTime_MS: 341.0 MtoC 1.4861815663609264 PtoC 0.0 CtoM 0.7194570135746605 CtoP 1.1540995667971488
