specify -Dflow d,b,mt,md,size
Running /home/vaggelis/jc/SIPHT.n.100.0.dax mt 100 md: 20000 size null
  21798228 914.35 || noQ Q (Avg,Max,Min) (1.24, 2.86, 0.62) (1.11, 0.54, 2.65) #fs:   7  -- #Conts: 8 H(8) 
  21803432 882.82 || noQ Q (Avg,Max,Min) (1.29, 2.86, 0.62) (1.19, 0.54, 2.65) #fs:   7  -- #Conts: 7 H(7) 
  21969017 788.24 || noQ Q (Avg,Max,Min) (1.35, 2.86, 0.86) (1.21, 0.71, 2.65) #fs:   6  -- #Conts: 8 H(8) 
  23452941 725.18 || noQ Q (Avg,Max,Min) (1.53, 2.86, 1.08) (1.34, 0.71, 2.65) #fs:   4  -- #Conts: 8 H(8) 
  27358341 693.65 || noQ Q (Avg,Max,Min) (1.94, 5.59, 1.01) (1.69, 0.70, 4.99) #fs:   1  -- #Conts: 9 H(9) 
  30517538 662.12 || noQ Q (Avg,Max,Min) (1.93, 5.59, 1.01) (1.69, 0.70, 4.99) #fs:   1  -- #Conts: 9 H(7)  G(2) 
  32407399 630.59 || noQ Q (Avg,Max,Min) (1.64, 2.14, 1.07) (1.46, 0.78, 2.13) #fs:   1  -- #Conts: 7 H(7) 
  34343061 583.29 || noQ Q (Avg,Max,Min) (1.48, 3.65, 0.87) (1.25, 0.72, 2.87) #fs:   5  -- #Conts: 9 G(9) 
  34377330 567.53 || noQ Q (Avg,Max,Min) (1.30, 2.08, 0.87) (1.16, 0.76, 1.66) #fs:   4  -- #Conts: 8 G(8) 
  35177754 536.00 || noQ Q (Avg,Max,Min) (1.73, 3.28, 1.01) (1.54, 0.79, 3.24) #fs:   3  -- #Conts: 9 G(9) 
  39727494 504.47 || noQ Q (Avg,Max,Min) (1.61, 3.24, 1.01) (1.50, 0.78, 3.02) #fs:   1  -- #Conts: 8 G(8) 
  68113771 469.41 || noQ Q (Avg,Max,Min) (1.25, 1.62, 1.02) (1.14, 0.89, 1.33) #fs:   0  -- #Conts: 10 E(10) 
/////////////////size: 12
  18309399 725.18 || noQ Q (Avg,Max,Min) (1.29, 1.77, 1.13) (1.10, 0.86, 1.49) #fs:   4  -- #Conts: 5 H(5) 
  18647691 700.35 || noQ Q (Avg,Max,Min) (4.48, 20.43, 1.13) (0.97, 0.10, 1.53) #fs:   4  -- #Conts: 6 H(5)  E(1) 
  18650093 697.65 || noQ Q (Avg,Max,Min) (3.12, 12.24, 1.13) (0.97, 0.10, 1.53) #fs:   4  -- #Conts: 6 H(5)  C(1) 
  18652182 693.65 || noQ Q (Avg,Max,Min) (1.30, 1.79, 1.13) (1.15, 0.86, 1.54) #fs:   4  -- #Conts: 5 H(5) 
  20763115 677.88 || noQ Q (Avg,Max,Min) (1.29, 1.85, 1.01) (1.12, 0.73, 1.63) #fs:   2  -- #Conts: 6 H(5)  G(1) 
  22134946 647.35 || noQ Q (Avg,Max,Min) (1.29, 1.86, 1.09) (1.18, 0.86, 1.86) #fs:   2  -- #Conts: 7 H(5)  G(1)  A(1) 
  22325890 646.35 || noQ Q (Avg,Max,Min) (1.32, 1.86, 1.13) (1.19, 0.86, 1.86) #fs:   2  -- #Conts: 6 H(5)  G(1) 
  23823251 623.53 || noQ Q (Avg,Max,Min) (1.21, 1.48, 1.01) (1.04, 0.66, 1.46) #fs:   2  -- #Conts: 8 H(4)  G(3)  E(1) 
  26890672 576.24 || noQ Q (Avg,Max,Min) (1.22, 1.48, 1.01) (1.11, 0.79, 1.46) #fs:   2  -- #Conts: 7 H(2)  G(4)  E(1) 
  31798515 567.53 || noQ Q (Avg,Max,Min) (1.19, 1.63, 1.01) (1.03, 0.66, 1.54) #fs:   1  -- #Conts: 7 H(3)  G(4) 
  32395259 551.76 || noQ Q (Avg,Max,Min) (1.17, 1.44, 1.01) (1.04, 0.61, 1.44) #fs:   1  -- #Conts: 6 H(2)  G(4) 
  32693501 536.00 || noQ Q (Avg,Max,Min) (1.18, 1.68, 0.85) (1.08, 0.66, 1.62) #fs:   1  -- #Conts: 6 H(2)  G(4) 
  33482299 520.24 || noQ Q (Avg,Max,Min) (1.20, 1.62, 0.94) (1.12, 0.80, 1.53) #fs:   2  -- #Conts: 6 H(1)  G(5) 
  34022131 504.47 || noQ Q (Avg,Max,Min) (1.28, 1.62, 1.14) (1.23, 1.10, 1.53) #fs:   0  -- #Conts: 5 H(1)  G(4) 
  34634186 488.71 || noQ Q (Avg,Max,Min) (1.23, 1.49, 1.11) (1.20, 1.06, 1.42) #fs:   2  -- #Conts: 5 G(5) 
  42843460 476.94 || noQ Q (Avg,Max,Min) (1.20, 1.40, 1.09) (1.16, 1.00, 1.38) #fs:   1  -- #Conts: 6 G(4)  A(2) 
  43063313 475.94 || noQ Q (Avg,Max,Min) (1.21, 1.40, 1.09) (1.18, 1.00, 1.40) #fs:   0  -- #Conts: 6 G(4)  A(2) 
  44037501 474.94 || noQ Q (Avg,Max,Min) (1.54, 3.00, 1.14) (1.09, 0.44, 1.40) #fs:   0  -- #Conts: 6 G(4)  A(2) 
  60507673 473.82 || noQ Q (Avg,Max,Min) (1.58, 2.77, 1.09) (1.21, 0.15, 2.02) #fs:   0  -- #Conts: 9 G(3)  A(1)  E(4)  C(1) 
  60519072 472.82 || noQ Q (Avg,Max,Min) (1.43, 2.18, 1.10) (1.35, 0.99, 2.02) #fs:   0  -- #Conts: 8 G(3)  E(4)  C(1) 
  63066638 471.76 || noQ Q (Avg,Max,Min) (1.33, 2.18, 0.98) (1.16, 0.64, 2.02) #fs:   2  -- #Conts: 8 G(1)  E(6)  C(1) 
  63257582 467.76 || noQ Q (Avg,Max,Min) (1.29, 2.18, 0.98) (1.25, 0.98, 2.02) #fs:   1  -- #Conts: 7 G(1)  E(6) 
  68948467 461.06 || noQ Q (Avg,Max,Min) (1.18, 1.34, 1.05) (1.15, 1.00, 1.34) #fs:   0  -- #Conts: 7 G(1)  E(6) 
  70265665 456.00 || noQ Q (Avg,Max,Min) (1.15, 1.30, 1.00) (1.12, 0.95, 1.28) #fs:   0  -- #Conts: 7 E(7) 
  74657575 451.76 || noQ Q (Avg,Max,Min) (1.15, 1.34, 1.03) (1.14, 1.00, 1.34) #fs:   0  -- #Conts: 8 E(7)  C(1) 
  82240786 451.29 || noQ Q (Avg,Max,Min) (1.16, 1.36, 1.05) (1.15, 1.00, 1.36) #fs:   0  -- #Conts: 7 A(1)  E(6) 
  82774531 450.29 || noQ Q (Avg,Max,Min) (1.16, 1.36, 1.05) (1.14, 1.00, 1.36) #fs:   0  -- #Conts: 7 A(1)  E(6) 
/////////////////size: 27
nodes 97 edges 109
 mulT: 100 mulD: 20000  sumData GB 44150
pareto /SIPHT.n.100.0.dax time -> 9715.0
moheft /SIPHT.n.100.0.dax time -> 725.0
distance from M to C 0.0
distance from P to C 11.582944243350118
distance from C to M 0.0
distance from C to P 4.9792620492700514
toCompare: /SIPHT.n.100.0.dax sumDataGB: 44150 mulT: 100 mulD: 20000 paretoOptTime_MS: 9715.0 MoheftOptimizationTime_MS: 725.0 MtoC 0.0 PtoC 11.582944243350118 CtoM 0.0 CtoP 4.9792620492700514
