specify -Dflow d,b,mt,md,size
Running /home/vaggelis/jc/LIGO.n.100.0.dax mt 5000 md: 1 size null
 219819243 30898.82 || noQ Q (Avg,Max,Min) (1.00, 1.00, 0.97) (0.98, 0.87, 1.00) #fs:  10  -- #Conts: 46 H(42)  G(4) 
 224138214 30851.53 || noQ Q (Avg,Max,Min) (1.00, 1.00, 0.96) (0.98, 0.87, 1.00) #fs:  11  -- #Conts: 46 H(41)  G(5) 
 310426586 30536.24 || noQ Q (Avg,Max,Min) (1.00, 1.00, 1.00) (0.97, 0.87, 1.00) #fs:   6  -- #Conts: 40 H(36)  G(4) 
 314056551 30425.88 || noQ Q (Avg,Max,Min) (1.00, 1.00, 0.98) (0.97, 0.87, 1.00) #fs:   7  -- #Conts: 40 H(35)  G(5) 
 315196417 30284.00 || noQ Q (Avg,Max,Min) (1.00, 1.00, 0.98) (0.97, 0.87, 1.00) #fs:   7  -- #Conts: 40 H(34)  G(6) 
 317923377 30189.41 || noQ Q (Avg,Max,Min) (1.00, 1.00, 0.96) (0.97, 0.87, 1.00) #fs:   7  -- #Conts: 40 H(33)  G(7) 
 323838331 30110.59 || noQ Q (Avg,Max,Min) (1.00, 1.00, 1.00) (0.97, 0.87, 1.00) #fs:   6  -- #Conts: 38 H(31)  G(7) 
 323838333 30079.06 || noQ Q (Avg,Max,Min) (1.00, 1.00, 1.00) (0.97, 0.87, 1.00) #fs:   7  -- #Conts: 38 H(31)  G(7) 
 359360336 27872.00 || noQ Q (Avg,Max,Min) (0.99, 1.00, 0.65) (0.98, 0.64, 1.00) #fs:   6  -- #Conts: 43 H(5)  G(38) 
 364456495 27761.65 || noQ Q (Avg,Max,Min) (0.99, 1.00, 0.63) (0.98, 0.63, 1.00) #fs:   5  -- #Conts: 43 H(4)  G(39) 
 366224170 27651.29 || noQ Q (Avg,Max,Min) (0.99, 1.00, 0.62) (0.98, 0.61, 1.00) #fs:   5  -- #Conts: 43 H(3)  G(40) 
 370934100 27556.71 || noQ Q (Avg,Max,Min) (0.99, 1.00, 0.61) (0.98, 0.60, 1.00) #fs:   5  -- #Conts: 43 H(2)  G(41) 
 374384110 27430.59 || noQ Q (Avg,Max,Min) (0.99, 1.00, 0.60) (0.98, 0.59, 1.00) #fs:   6  -- #Conts: 43 H(1)  G(42) 
 377011992 26520.35 || noQ Q (Avg,Max,Min) (1.00, 1.00, 0.98) (0.99, 0.97, 1.00) #fs:   5  -- #Conts: 43 G(38)  E(5) 
 378577150 26504.59 || noQ Q (Avg,Max,Min) (1.00, 1.00, 0.99) (0.99, 0.97, 1.00) #fs:   4  -- #Conts: 43 G(38)  E(5) 
 451207964 26479.76 || noQ Q (Avg,Max,Min) (1.00, 1.00, 0.99) (0.99, 0.97, 1.00) #fs:   3  -- #Conts: 36 G(34)  E(2) 
 452773122 26464.00 || noQ Q (Avg,Max,Min) (1.00, 1.00, 0.99) (0.99, 0.98, 1.00) #fs:   2  -- #Conts: 36 G(34)  E(2) 
 474630350 26448.24 || noQ Q (Avg,Max,Min) (1.00, 1.00, 0.99) (0.99, 0.98, 1.00) #fs:   2  -- #Conts: 35 G(33)  E(2) 
 484897901 26432.59 || noQ Q (Avg,Max,Min) (1.00, 1.00, 0.99) (0.99, 0.98, 1.00) #fs:   2  -- #Conts: 33 G(32)  E(1) 
 747502932 26324.24 || noQ Q (Avg,Max,Min) (1.00, 1.00, 0.99) (1.00, 0.99, 1.00) #fs:   3  -- #Conts: 27 G(23)  E(4) 
 849890797 25368.35 || noQ Q (Avg,Max,Min) (1.00, 1.00, 1.00) (0.99, 0.84, 1.00) #fs:   4  -- #Conts: 47 E(47) 
 862614223 25354.94 || noQ Q (Avg,Max,Min) (1.00, 1.00, 0.99) (0.99, 0.99, 1.00) #fs:   3  -- #Conts: 42 E(42) 
 915706685 25328.12 || noQ Q (Avg,Max,Min) (1.00, 1.00, 1.00) (1.00, 0.99, 1.00) #fs:   1  -- #Conts: 38 E(38) 
 940363990 25321.41 || noQ Q (Avg,Max,Min) (1.00, 1.00, 1.00) (1.00, 0.99, 1.00) #fs:   1  -- #Conts: 35 E(35) 
1105552946 25301.29 || noQ Q (Avg,Max,Min) (1.00, 1.00, 1.00) (1.00, 0.99, 1.00) #fs:   0  -- #Conts: 33 E(33) 
1105826986 25294.59 || noQ Q (Avg,Max,Min) (1.00, 1.00, 1.00) (1.00, 0.99, 1.00) #fs:   0  -- #Conts: 32 E(32) 
1290760011 25287.88 || noQ Q (Avg,Max,Min) (1.00, 1.00, 1.00) (1.00, 0.99, 1.00) #fs:   0  -- #Conts: 31 E(31) 
1350814505 25281.18 || noQ Q (Avg,Max,Min) (1.00, 1.00, 1.00) (1.00, 0.99, 1.00) #fs:   0  -- #Conts: 30 E(30) 
1361965426 25274.47 || noQ Q (Avg,Max,Min) (1.00, 1.00, 1.00) (1.00, 0.99, 1.00) #fs:   0  -- #Conts: 29 E(29) 
4471067325 24963.00 || noQ Q (Avg,Max,Min) (1.00, 1.00, 1.00) (1.00, 0.94, 1.00) #fs:  12  -- #Conts: 48 A(46)  C(2) 
4517917320 24962.00 || noQ Q (Avg,Max,Min) (1.00, 1.00, 1.00) (1.00, 0.94, 1.00) #fs:   5  -- #Conts: 50 A(48)  C(2) 
4696067310 24959.00 || noQ Q (Avg,Max,Min) (1.00, 1.00, 1.00) (1.00, 1.00, 1.00) #fs:   3  -- #Conts: 47 A(46)  C(1) 
4722317321 24958.00 || noQ Q (Avg,Max,Min) (1.00, 1.00, 1.00) (1.00, 1.00, 1.00) #fs:   2  -- #Conts: 47 A(46)  C(1) 
5830033658 24957.00 || noQ Q (Avg,Max,Min) (1.00, 1.00, 1.00) (1.00, 1.00, 1.00) #fs:   1  -- #Conts: 46 A(45)  C(1) 
8415950952 24956.00 || noQ Q (Avg,Max,Min) (1.00, 1.00, 1.00) (1.00, 1.00, 1.00) #fs:   1  -- #Conts: 33 A(33) 
8442850955 24955.00 || noQ Q (Avg,Max,Min) (1.00, 1.00, 1.00) (1.00, 1.00, 1.00) #fs:   1  -- #Conts: 33 A(33) 
/////////////////size: 36
 885232574 27772.82 || noQ Q (Avg,Max,Min) (1.00, 1.00, 0.98) (0.99, 0.76, 1.00) #fs:   1  -- #Conts: 44 H(13)  G(18)  E(12)  C(1) 
 886142446 27766.12 || noQ Q (Avg,Max,Min) (1.00, 1.00, 0.98) (0.99, 0.76, 1.00) #fs:   1  -- #Conts: 43 H(13)  G(18)  E(11)  C(1) 
 887609168 27696.24 || noQ Q (Avg,Max,Min) (1.00, 1.00, 0.98) (0.98, 0.76, 1.00) #fs:   2  -- #Conts: 43 H(12)  G(18)  E(12)  C(1) 
 888522412 27689.53 || noQ Q (Avg,Max,Min) (1.00, 1.00, 0.98) (0.98, 0.76, 1.00) #fs:   2  -- #Conts: 42 H(12)  G(18)  E(11)  C(1) 
 916211247 27664.71 || noQ Q (Avg,Max,Min) (1.00, 1.00, 0.98) (0.97, 0.25, 1.00) #fs:   2  -- #Conts: 43 H(12)  G(18)  E(12)  C(1) 
 916860744 27633.18 || noQ Q (Avg,Max,Min) (1.00, 1.00, 0.98) (0.99, 0.76, 1.00) #fs:   2  -- #Conts: 42 H(11)  G(18)  E(12)  C(1) 
 917578259 27552.24 || noQ Q (Avg,Max,Min) (1.00, 1.00, 0.99) (0.98, 0.76, 1.00) #fs:   1  -- #Conts: 41 H(12)  G(18)  E(10)  C(1) 
 920155478 27536.47 || noQ Q (Avg,Max,Min) (1.00, 1.00, 0.94) (0.98, 0.76, 1.00) #fs:   3  -- #Conts: 42 H(12)  G(19)  E(10)  C(1) 
 920804974 27504.94 || noQ Q (Avg,Max,Min) (1.00, 1.00, 0.98) (0.98, 0.76, 1.00) #fs:   2  -- #Conts: 42 H(12)  G(19)  E(10)  C(1) 
 946180338 27426.12 || noQ Q (Avg,Max,Min) (1.00, 1.00, 0.99) (0.95, 0.25, 1.00) #fs:   1  -- #Conts: 42 H(12)  G(19)  E(10)  C(1) 
 946623463 27338.24 || noQ Q (Avg,Max,Min) (1.00, 1.00, 0.99) (0.97, 0.25, 1.00) #fs:   1  -- #Conts: 41 H(10)  G(19)  E(11)  C(1) 
 947269579 27331.53 || noQ Q (Avg,Max,Min) (1.00, 1.00, 0.99) (0.97, 0.25, 1.00) #fs:   1  -- #Conts: 40 H(10)  G(19)  E(10)  C(1) 
 947275369 27306.71 || noQ Q (Avg,Max,Min) (1.00, 1.00, 0.99) (0.98, 0.76, 1.00) #fs:   1  -- #Conts: 40 H(9)  G(19)  E(11)  C(1) 
 948834741 27300.00 || noQ Q (Avg,Max,Min) (1.00, 1.00, 0.99) (0.99, 0.76, 1.00) #fs:   1  -- #Conts: 39 H(9)  G(19)  E(10)  C(1) 
 949196374 27299.88 || noQ Q (Avg,Max,Min) (1.00, 1.00, 0.99) (0.98, 0.76, 1.00) #fs:   1  -- #Conts: 40 H(9)  G(18)  E(12)  C(1) 
 949196378 27293.18 || noQ Q (Avg,Max,Min) (1.00, 1.00, 0.99) (0.99, 0.76, 1.00) #fs:   2  -- #Conts: 39 H(9)  G(18)  E(11)  C(1) 
 951153886 27290.82 || noQ Q (Avg,Max,Min) (1.00, 1.00, 0.99) (0.98, 0.76, 1.00) #fs:   1  -- #Conts: 41 H(9)  G(18)  E(13)  C(1) 
 984645707 27182.94 || noQ Q (Avg,Max,Min) (1.00, 1.00, 1.00) (0.99, 0.76, 1.00) #fs:   1  -- #Conts: 34 H(7)  G(17)  E(9)  C(1) 
 985297620 27167.18 || noQ Q (Avg,Max,Min) (1.00, 1.00, 0.99) (0.97, 0.43, 1.00) #fs:   2  -- #Conts: 35 H(7)  G(18)  E(9)  C(1) 
 985942976 27158.12 || noQ Q (Avg,Max,Min) (1.00, 1.00, 0.99) (0.99, 0.76, 1.00) #fs:   2  -- #Conts: 35 H(7)  G(17)  E(10)  C(1) 
 986856992 27151.41 || noQ Q (Avg,Max,Min) (1.00, 1.00, 0.99) (0.99, 0.76, 1.00) #fs:   2  -- #Conts: 34 H(7)  G(17)  E(9)  C(1) 
 987262392 27149.06 || noQ Q (Avg,Max,Min) (1.00, 1.00, 1.00) (0.99, 0.76, 1.00) #fs:   1  -- #Conts: 36 H(7)  G(17)  E(11)  C(1) 
1017026151 26922.59 || noQ Q (Avg,Max,Min) (1.00, 1.00, 1.00) (0.97, 0.25, 1.00) #fs:   1  -- #Conts: 36 H(8)  G(15)  E(12)  C(1) 
1017675648 26906.82 || noQ Q (Avg,Max,Min) (1.00, 1.00, 1.00) (0.99, 0.86, 1.00) #fs:   1  -- #Conts: 35 H(7)  G(15)  E(12)  C(1) 
1019633159 26897.76 || noQ Q (Avg,Max,Min) (1.00, 1.00, 1.00) (0.99, 0.86, 1.00) #fs:   1  -- #Conts: 36 H(7)  G(15)  E(13)  C(1) 
1029815046 26866.24 || noQ Q (Avg,Max,Min) (1.00, 1.00, 1.00) (0.97, 0.25, 1.00) #fs:   1  -- #Conts: 37 H(7)  G(16)  E(13)  C(1) 
1030464543 26834.71 || noQ Q (Avg,Max,Min) (1.00, 1.00, 1.00) (0.99, 0.86, 1.00) #fs:   1  -- #Conts: 36 H(6)  G(16)  E(13)  C(1) 
1032029697 26828.00 || noQ Q (Avg,Max,Min) (1.00, 1.00, 1.00) (0.99, 0.86, 1.00) #fs:   1  -- #Conts: 35 H(6)  G(16)  E(12)  C(1) 
1088303348 26825.65 || noQ Q (Avg,Max,Min) (1.00, 1.00, 1.00) (0.99, 0.86, 1.00) #fs:   1  -- #Conts: 36 H(6)  G(15)  E(14)  C(1) 
1113130879 26784.12 || noQ Q (Avg,Max,Min) (1.00, 1.00, 1.00) (0.97, 0.25, 1.00) #fs:   2  -- #Conts: 34 H(6)  G(16)  E(11)  C(1) 
1113780376 26752.59 || noQ Q (Avg,Max,Min) (1.00, 1.00, 1.00) (0.99, 0.95, 1.00) #fs:   2  -- #Conts: 33 H(5)  G(16)  E(11)  C(1) 
1115484075 26739.06 || noQ Q (Avg,Max,Min) (1.00, 1.00, 1.00) (0.99, 0.95, 1.00) #fs:   3  -- #Conts: 35 H(5)  G(17)  E(12)  C(1) 
1118107053 26734.59 || noQ Q (Avg,Max,Min) (1.00, 1.00, 0.96) (0.99, 0.95, 1.00) #fs:   3  -- #Conts: 34 H(5)  G(16)  E(12)  C(1) 
1118512449 26725.53 || noQ Q (Avg,Max,Min) (1.00, 1.00, 1.00) (0.99, 0.95, 1.00) #fs:   2  -- #Conts: 34 H(5)  G(16)  E(12)  C(1) 
1120926139 26621.18 || noQ Q (Avg,Max,Min) (1.00, 1.00, 1.00) (0.99, 0.92, 1.00) #fs:   2  -- #Conts: 38 H(5)  G(15)  A(1)  E(16)  C(1) 
1121575641 26605.41 || noQ Q (Avg,Max,Min) (1.00, 1.00, 1.00) (0.98, 0.43, 1.00) #fs:   2  -- #Conts: 39 H(5)  G(16)  A(1)  E(16)  C(1) 
1123533149 26596.35 || noQ Q (Avg,Max,Min) (1.00, 1.00, 1.00) (0.99, 0.92, 1.00) #fs:   2  -- #Conts: 39 H(5)  G(15)  A(1)  E(17)  C(1) 
1153829266 26558.12 || noQ Q (Avg,Max,Min) (1.00, 1.00, 1.00) (0.97, 0.25, 1.00) #fs:   2  -- #Conts: 39 H(5)  G(16)  A(1)  E(16)  C(1) 
1154475383 26551.41 || noQ Q (Avg,Max,Min) (1.00, 1.00, 1.00) (0.97, 0.25, 1.00) #fs:   2  -- #Conts: 38 H(5)  G(16)  A(1)  E(15)  C(1) 
1154481173 26526.59 || noQ Q (Avg,Max,Min) (1.00, 1.00, 1.00) (0.99, 0.92, 1.00) #fs:   2  -- #Conts: 38 H(4)  G(16)  A(1)  E(16)  C(1) 
1156040545 26519.88 || noQ Q (Avg,Max,Min) (1.00, 1.00, 1.00) (0.99, 0.92, 1.00) #fs:   2  -- #Conts: 37 H(4)  G(16)  A(1)  E(15)  C(1) 
1181094721 26472.35 || noQ Q (Avg,Max,Min) (1.00, 1.00, 1.00) (0.97, 0.25, 1.00) #fs:   1  -- #Conts: 38 H(5)  G(14)  A(1)  E(17)  C(1) 
1181744218 26456.59 || noQ Q (Avg,Max,Min) (1.00, 1.00, 1.00) (0.99, 0.90, 1.00) #fs:   1  -- #Conts: 37 H(4)  G(14)  A(1)  E(17)  C(1) 
1183701729 26447.53 || noQ Q (Avg,Max,Min) (1.00, 1.00, 1.00) (0.99, 0.90, 1.00) #fs:   1  -- #Conts: 38 H(4)  G(14)  A(1)  E(18)  C(1) 
1188225642 26409.29 || noQ Q (Avg,Max,Min) (1.00, 1.00, 1.00) (0.97, 0.25, 1.00) #fs:   1  -- #Conts: 38 H(4)  G(15)  A(1)  E(17)  C(1) 
1188871759 26402.59 || noQ Q (Avg,Max,Min) (1.00, 1.00, 1.00) (0.97, 0.25, 1.00) #fs:   1  -- #Conts: 37 H(4)  G(15)  A(1)  E(16)  C(1) 
1188877549 26377.76 || noQ Q (Avg,Max,Min) (1.00, 1.00, 1.00) (0.99, 0.90, 1.00) #fs:   1  -- #Conts: 37 H(3)  G(15)  A(1)  E(17)  C(1) 
1190436921 26371.06 || noQ Q (Avg,Max,Min) (1.00, 1.00, 1.00) (0.99, 0.90, 1.00) #fs:   1  -- #Conts: 36 H(3)  G(15)  A(1)  E(16)  C(1) 
1301321502 26314.71 || noQ Q (Avg,Max,Min) (1.00, 1.00, 1.00) (0.97, 0.25, 1.00) #fs:   1  -- #Conts: 36 H(3)  G(15)  A(1)  E(16)  C(1) 
1301967619 26308.00 || noQ Q (Avg,Max,Min) (1.00, 1.00, 1.00) (0.97, 0.25, 1.00) #fs:   1  -- #Conts: 35 H(3)  G(15)  A(1)  E(15)  C(1) 
1301973409 26283.18 || noQ Q (Avg,Max,Min) (1.00, 1.00, 1.00) (0.99, 0.90, 1.00) #fs:   1  -- #Conts: 35 H(2)  G(15)  A(1)  E(16)  C(1) 
1483524331 26240.00 || noQ Q (Avg,Max,Min) (1.00, 1.00, 0.98) (0.99, 0.89, 1.00) #fs:   3  -- #Conts: 34 H(4)  G(13)  E(16)  C(1) 
1511406515 26102.59 || noQ Q (Avg,Max,Min) (1.00, 1.00, 0.98) (0.96, 0.25, 1.00) #fs:   3  -- #Conts: 34 H(3)  G(13)  E(17)  C(1) 
1512058421 26086.82 || noQ Q (Avg,Max,Min) (1.00, 1.00, 0.98) (0.98, 0.89, 1.00) #fs:   3  -- #Conts: 33 H(2)  G(13)  E(17)  C(1) 
1513617793 26080.12 || noQ Q (Avg,Max,Min) (1.00, 1.00, 0.98) (0.98, 0.89, 1.00) #fs:   3  -- #Conts: 33 H(2)  G(13)  E(17)  C(1) 
1514023197 26077.76 || noQ Q (Avg,Max,Min) (1.00, 1.00, 0.98) (0.98, 0.89, 1.00) #fs:   3  -- #Conts: 34 H(2)  G(13)  E(18)  C(1) 
1552191761 26076.94 || noQ Q (Avg,Max,Min) (1.00, 1.00, 0.98) (0.99, 0.89, 1.00) #fs:   3  -- #Conts: 32 H(2)  G(12)  E(17)  C(1) 
1553751133 26070.24 || noQ Q (Avg,Max,Min) (1.00, 1.00, 0.98) (0.99, 0.89, 1.00) #fs:   3  -- #Conts: 32 H(2)  G(12)  E(17)  C(1) 
1554156537 26067.88 || noQ Q (Avg,Max,Min) (1.00, 1.00, 0.98) (0.99, 0.89, 1.00) #fs:   3  -- #Conts: 33 H(2)  G(12)  E(18)  C(1) 
1629699366 26065.06 || noQ Q (Avg,Max,Min) (1.00, 1.00, 0.98) (0.99, 0.89, 1.00) #fs:   3  -- #Conts: 36 H(2)  G(13)  E(20)  C(1) 
1631656877 26056.00 || noQ Q (Avg,Max,Min) (1.00, 1.00, 0.98) (0.99, 0.89, 1.00) #fs:   3  -- #Conts: 37 H(2)  G(13)  E(21)  C(1) 
1651999176 26044.82 || noQ Q (Avg,Max,Min) (1.00, 1.00, 0.98) (0.99, 0.89, 1.00) #fs:   3  -- #Conts: 35 H(2)  G(13)  E(19)  C(1) 
1664354390 26033.65 || noQ Q (Avg,Max,Min) (1.00, 1.00, 0.98) (0.97, 0.43, 1.00) #fs:   3  -- #Conts: 35 H(2)  G(13)  E(19)  C(1) 
1666311895 26024.59 || noQ Q (Avg,Max,Min) (1.00, 1.00, 0.98) (0.99, 0.89, 1.00) #fs:   3  -- #Conts: 34 H(2)  G(12)  E(19)  C(1) 
1683545161 26003.65 || noQ Q (Avg,Max,Min) (1.00, 1.00, 1.00) (0.98, 0.76, 1.00) #fs:   1  -- #Conts: 29 H(1)  G(13)  E(14)  C(1) 
1685110315 25996.94 || noQ Q (Avg,Max,Min) (1.00, 1.00, 1.00) (0.98, 0.76, 1.00) #fs:   1  -- #Conts: 28 H(1)  G(13)  E(13)  C(1) 
1709174860 25994.59 || noQ Q (Avg,Max,Min) (1.00, 1.00, 1.00) (0.98, 0.76, 1.00) #fs:   1  -- #Conts: 28 H(1)  G(13)  E(13)  C(1) 
1737776939 25963.06 || noQ Q (Avg,Max,Min) (1.00, 1.00, 1.00) (0.95, 0.25, 1.00) #fs:   1  -- #Conts: 28 H(1)  G(13)  E(13)  C(1) 
1738426436 25931.53 || noQ Q (Avg,Max,Min) (1.00, 1.00, 1.00) (0.98, 0.76, 1.00) #fs:   1  -- #Conts: 27 G(13)  E(13)  C(1) 
1754942358 25922.47 || noQ Q (Avg,Max,Min) (1.00, 1.00, 1.00) (0.98, 0.76, 1.00) #fs:   1  -- #Conts: 28 G(13)  E(14)  C(1) 
1756811289 25918.00 || noQ Q (Avg,Max,Min) (1.00, 1.00, 1.00) (0.97, 0.76, 1.00) #fs:   1  -- #Conts: 27 G(12)  E(14)  C(1) 
1758370661 25911.29 || noQ Q (Avg,Max,Min) (1.00, 1.00, 1.00) (0.97, 0.76, 1.00) #fs:   1  -- #Conts: 27 G(12)  E(14)  C(1) 
1758776065 25908.94 || noQ Q (Avg,Max,Min) (1.00, 1.00, 1.00) (0.97, 0.76, 1.00) #fs:   1  -- #Conts: 28 G(12)  E(15)  C(1) 
1816531726 25879.41 || noQ Q (Avg,Max,Min) (1.00, 1.00, 1.00) (0.96, 0.25, 1.00) #fs:   3  -- #Conts: 28 H(1)  G(11)  A(1)  E(14)  C(1) 
1817181223 25863.65 || noQ Q (Avg,Max,Min) (1.00, 1.00, 1.00) (0.99, 0.92, 1.00) #fs:   3  -- #Conts: 27 G(11)  A(1)  E(14)  C(1) 
1819138734 25854.59 || noQ Q (Avg,Max,Min) (1.00, 1.00, 1.00) (0.99, 0.92, 1.00) #fs:   3  -- #Conts: 28 G(11)  A(1)  E(15)  C(1) 
1822793802 25845.53 || noQ Q (Avg,Max,Min) (1.00, 1.00, 1.00) (0.99, 0.92, 1.00) #fs:   3  -- #Conts: 29 G(11)  A(1)  E(16)  C(1) 
1827704919 25820.00 || noQ Q (Avg,Max,Min) (1.00, 1.00, 1.00) (0.97, 0.25, 1.00) #fs:   3  -- #Conts: 29 H(1)  G(10)  A(1)  E(16)  C(1) 
1828356825 25804.24 || noQ Q (Avg,Max,Min) (1.00, 1.00, 1.00) (0.99, 0.92, 1.00) #fs:   3  -- #Conts: 27 G(10)  A(1)  E(15)  C(1) 
1829916197 25797.53 || noQ Q (Avg,Max,Min) (1.00, 1.00, 1.00) (0.99, 0.92, 1.00) #fs:   3  -- #Conts: 27 G(10)  A(1)  E(15)  C(1) 
1830321601 25795.18 || noQ Q (Avg,Max,Min) (1.00, 1.00, 1.00) (0.99, 0.92, 1.00) #fs:   3  -- #Conts: 29 G(10)  A(1)  E(17)  C(1) 
1919563205 25790.59 || noQ Q (Avg,Max,Min) (1.00, 1.00, 1.00) (0.97, 0.43, 1.00) #fs:   3  -- #Conts: 29 G(11)  A(1)  E(16)  C(1) 
1921122577 25783.88 || noQ Q (Avg,Max,Min) (1.00, 1.00, 1.00) (0.99, 0.87, 1.00) #fs:   3  -- #Conts: 29 G(11)  A(1)  E(16)  C(1) 
1921527973 25781.53 || noQ Q (Avg,Max,Min) (1.00, 1.00, 1.00) (0.99, 0.92, 1.00) #fs:   3  -- #Conts: 28 G(10)  A(1)  E(16)  C(1) 
1990919410 25763.41 || noQ Q (Avg,Max,Min) (1.00, 1.00, 1.00) (0.99, 0.89, 1.00) #fs:   2  -- #Conts: 28 H(1)  G(11)  A(2)  E(13)  C(1) 
1991832654 25756.71 || noQ Q (Avg,Max,Min) (1.00, 1.00, 1.00) (0.99, 0.89, 1.00) #fs:   2  -- #Conts: 27 H(1)  G(11)  A(2)  E(12)  C(1) 
2001226168 25754.35 || noQ Q (Avg,Max,Min) (1.00, 1.00, 1.00) (0.99, 0.89, 1.00) #fs:   2  -- #Conts: 27 H(1)  G(10)  A(2)  E(13)  C(1) 
2019521489 25731.88 || noQ Q (Avg,Max,Min) (1.00, 1.00, 1.00) (0.96, 0.25, 1.00) #fs:   2  -- #Conts: 28 H(1)  G(11)  A(2)  E(13)  C(1) 
2020170986 25700.35 || noQ Q (Avg,Max,Min) (1.00, 1.00, 1.00) (0.99, 0.89, 1.00) #fs:   2  -- #Conts: 27 G(11)  A(2)  E(13)  C(1) 
2021736140 25693.65 || noQ Q (Avg,Max,Min) (1.00, 1.00, 1.00) (0.99, 0.89, 1.00) #fs:   2  -- #Conts: 26 G(11)  A(2)  E(12)  C(1) 
2024082251 25691.29 || noQ Q (Avg,Max,Min) (1.00, 1.00, 1.00) (0.99, 0.89, 1.00) #fs:   2  -- #Conts: 28 G(11)  A(2)  E(14)  C(1) 
2040580568 25680.12 || noQ Q (Avg,Max,Min) (1.00, 1.00, 1.00) (0.99, 0.89, 1.00) #fs:   2  -- #Conts: 25 G(10)  A(2)  E(12)  C(1) 
2042306045 25668.82 || noQ Q (Avg,Max,Min) (1.00, 1.00, 1.00) (0.96, 0.25, 1.00) #fs:   2  -- #Conts: 26 H(1)  G(9)  A(2)  E(13)  C(1) 
2042955545 25653.06 || noQ Q (Avg,Max,Min) (1.00, 1.00, 1.00) (0.97, 0.43, 1.00) #fs:   2  -- #Conts: 26 G(10)  A(2)  E(13)  C(1) 
2044913049 25644.00 || noQ Q (Avg,Max,Min) (1.00, 1.00, 1.00) (0.99, 0.92, 1.00) #fs:   2  -- #Conts: 25 G(9)  A(2)  E(13)  C(1) 
2117647638 25602.59 || noQ Q (Avg,Max,Min) (1.00, 1.00, 1.00) (0.96, 0.25, 1.00) #fs:   2  -- #Conts: 30 H(1)  G(9)  A(1)  E(18)  C(1) 
2118260779 25580.12 || noQ Q (Avg,Max,Min) (1.00, 1.00, 1.00) (0.96, 0.25, 1.00) #fs:   2  -- #Conts: 27 H(1)  G(7)  A(1)  E(17)  C(1) 
2118297135 25571.06 || noQ Q (Avg,Max,Min) (1.00, 1.00, 1.00) (0.99, 0.92, 1.00) #fs:   2  -- #Conts: 29 G(9)  A(1)  E(18)  C(1) 
2118912685 25564.35 || noQ Q (Avg,Max,Min) (1.00, 1.00, 1.00) (0.99, 0.92, 1.00) #fs:   2  -- #Conts: 26 G(7)  A(1)  E(17)  C(1) 
2120152342 25555.29 || noQ Q (Avg,Max,Min) (1.00, 1.00, 1.00) (0.99, 0.92, 1.00) #fs:   2  -- #Conts: 27 G(7)  A(1)  E(18)  C(1) 
2120472057 25548.59 || noQ Q (Avg,Max,Min) (1.00, 1.00, 1.00) (0.99, 0.92, 1.00) #fs:   2  -- #Conts: 26 G(7)  A(1)  E(17)  C(1) 
2120877461 25546.24 || noQ Q (Avg,Max,Min) (1.00, 1.00, 1.00) (0.99, 0.92, 1.00) #fs:   2  -- #Conts: 28 G(7)  A(1)  E(19)  C(1) 
2187647096 25535.06 || noQ Q (Avg,Max,Min) (1.00, 1.00, 1.00) (0.99, 0.92, 1.00) #fs:   2  -- #Conts: 26 G(7)  A(1)  E(17)  C(1) 
2206457648 25530.59 || noQ Q (Avg,Max,Min) (1.00, 1.00, 1.00) (0.99, 0.92, 1.00) #fs:   2  -- #Conts: 27 G(7)  A(1)  E(18)  C(1) 
2211378412 25526.12 || noQ Q (Avg,Max,Min) (1.00, 1.00, 1.00) (0.99, 0.92, 1.00) #fs:   2  -- #Conts: 29 G(7)  A(1)  E(20)  C(1) 
2264834052 25522.00 || noQ Q (Avg,Max,Min) (1.00, 1.00, 1.00) (0.96, 0.25, 1.00) #fs:   2  -- #Conts: 27 H(1)  G(6)  A(1)  E(18)  C(1) 
2265483548 25490.47 || noQ Q (Avg,Max,Min) (1.00, 1.00, 1.00) (0.99, 0.95, 1.00) #fs:   2  -- #Conts: 26 G(6)  A(1)  E(18)  C(1) 
2338839548 25475.41 || noQ Q (Avg,Max,Min) (1.00, 1.00, 1.00) (0.99, 0.97, 1.00) #fs:   1  -- #Conts: 25 G(5)  A(1)  E(18)  C(1) 
2340404702 25468.71 || noQ Q (Avg,Max,Min) (1.00, 1.00, 1.00) (0.99, 0.97, 1.00) #fs:   1  -- #Conts: 25 G(5)  A(1)  E(18)  C(1) 
2365883279 25456.35 || noQ Q (Avg,Max,Min) (1.00, 1.00, 1.00) (0.99, 0.95, 1.00) #fs:   1  -- #Conts: 25 H(1)  G(4)  A(1)  E(18)  C(1) 
2366796523 25449.65 || noQ Q (Avg,Max,Min) (1.00, 1.00, 1.00) (0.99, 0.97, 1.00) #fs:   1  -- #Conts: 25 H(1)  G(4)  A(1)  E(18)  C(1) 
2376353295 25344.82 || noQ Q (Avg,Max,Min) (1.00, 1.00, 1.00) (0.96, 0.25, 1.00) #fs:   1  -- #Conts: 24 H(1)  G(2)  A(1)  E(19)  C(1) 
2377005205 25329.06 || noQ Q (Avg,Max,Min) (1.00, 1.00, 1.00) (0.97, 0.43, 1.00) #fs:   1  -- #Conts: 24 G(3)  A(1)  E(19)  C(1) 
2378564577 25322.35 || noQ Q (Avg,Max,Min) (1.00, 1.00, 1.00) (0.99, 0.87, 1.00) #fs:   1  -- #Conts: 23 G(3)  A(1)  E(18)  C(1) 
2378969974 25320.00 || noQ Q (Avg,Max,Min) (1.00, 1.00, 1.00) (0.99, 0.95, 1.00) #fs:   1  -- #Conts: 23 G(2)  A(1)  E(19)  C(1) 
2788137499 25312.35 || noQ Q (Avg,Max,Min) (1.00, 1.00, 1.00) (0.95, 0.25, 1.00) #fs:   1  -- #Conts: 20 H(1)  G(1)  E(17)  C(1) 
2788789409 25296.59 || noQ Q (Avg,Max,Min) (1.00, 1.00, 1.00) (0.96, 0.43, 1.00) #fs:   1  -- #Conts: 20 G(2)  E(17)  C(1) 
2790348781 25289.88 || noQ Q (Avg,Max,Min) (1.00, 1.00, 1.00) (0.98, 0.87, 1.00) #fs:   1  -- #Conts: 20 G(2)  E(17)  C(1) 
2790754177 25287.53 || noQ Q (Avg,Max,Min) (1.00, 1.00, 1.00) (0.98, 0.88, 1.00) #fs:   1  -- #Conts: 19 G(1)  E(17)  C(1) 
2897000759 25287.06 || noQ Q (Avg,Max,Min) (1.00, 1.00, 1.00) (0.95, 0.25, 1.00) #fs:   1  -- #Conts: 18 H(1)  A(1)  E(15)  C(1) 
2897652669 25271.29 || noQ Q (Avg,Max,Min) (1.00, 1.00, 1.00) (0.96, 0.43, 1.00) #fs:   1  -- #Conts: 18 A(1)  G(1)  E(15)  C(1) 
2899160685 25264.59 || noQ Q (Avg,Max,Min) (1.00, 1.00, 1.00) (0.96, 0.43, 1.00) #fs:   1  -- #Conts: 18 A(1)  G(1)  E(15)  C(1) 
2899617437 25262.24 || noQ Q (Avg,Max,Min) (1.00, 1.00, 1.00) (0.99, 0.94, 1.00) #fs:   1  -- #Conts: 17 A(1)  E(15)  C(1) 
2900720057 25257.88 || noQ Q (Avg,Max,Min) (1.00, 1.00, 1.00) (0.98, 0.87, 1.00) #fs:   1  -- #Conts: 17 A(1)  G(1)  E(14)  C(1) 
2901125453 25255.53 || noQ Q (Avg,Max,Min) (1.00, 1.00, 1.00) (0.99, 0.94, 1.00) #fs:   1  -- #Conts: 17 A(1)  E(15)  C(1) 
3167623066 25255.12 || noQ Q (Avg,Max,Min) (1.00, 1.00, 1.00) (0.96, 0.25, 1.00) #fs:   2  -- #Conts: 30 H(1)  A(4)  G(4)  E(20)  C(1) 
3168272566 25239.35 || noQ Q (Avg,Max,Min) (1.00, 1.00, 1.00) (0.97, 0.43, 1.00) #fs:   2  -- #Conts: 30 A(4)  G(5)  E(20)  C(1) 
3170230072 25230.29 || noQ Q (Avg,Max,Min) (1.00, 1.00, 1.00) (0.99, 0.92, 1.00) #fs:   2  -- #Conts: 29 A(4)  G(4)  E(20)  C(1) 
3297259563 24293.76 || noQ Q (Avg,Max,Min) (1.00, 1.00, 1.00) (0.98, 0.88, 1.00) #fs:   0  -- #Conts: 36 H(2)  G(4)  A(10)  E(19)  C(1) 
3297909067 24278.00 || noQ Q (Avg,Max,Min) (1.00, 1.00, 1.00) (0.97, 0.43, 1.00) #fs:   0  -- #Conts: 37 H(2)  G(5)  A(10)  E(19)  C(1) 
3299866575 24268.94 || noQ Q (Avg,Max,Min) (1.00, 1.00, 1.00) (0.98, 0.88, 1.00) #fs:   0  -- #Conts: 37 H(2)  G(4)  A(10)  E(20)  C(1) 
3318776114 24237.41 || noQ Q (Avg,Max,Min) (1.00, 1.00, 1.00) (0.96, 0.25, 1.00) #fs:   0  -- #Conts: 37 H(2)  G(4)  A(10)  E(20)  C(1) 
3319425611 24205.88 || noQ Q (Avg,Max,Min) (1.00, 1.00, 1.00) (0.98, 0.88, 1.00) #fs:   0  -- #Conts: 36 H(1)  G(4)  A(10)  E(20)  C(1) 
3320990765 24199.18 || noQ Q (Avg,Max,Min) (1.00, 1.00, 1.00) (0.99, 0.88, 1.00) #fs:   0  -- #Conts: 35 H(1)  G(4)  A(10)  E(19)  C(1) 
3338686731 23578.12 || noQ Q (Avg,Max,Min) (1.00, 1.00, 1.00) (0.98, 0.87, 1.00) #fs:   0  -- #Conts: 36 H(1)  G(1)  A(14)  E(19)  C(1) 
3339338644 23562.35 || noQ Q (Avg,Max,Min) (1.00, 1.00, 1.00) (0.97, 0.43, 1.00) #fs:   0  -- #Conts: 37 H(1)  G(2)  A(14)  E(19)  C(1) 
3340898016 23555.65 || noQ Q (Avg,Max,Min) (1.00, 1.00, 1.00) (0.98, 0.87, 1.00) #fs:   0  -- #Conts: 36 H(1)  G(2)  A(14)  E(18)  C(1) 
3341303416 23553.29 || noQ Q (Avg,Max,Min) (1.00, 1.00, 1.00) (0.98, 0.87, 1.00) #fs:   0  -- #Conts: 37 H(1)  G(1)  A(14)  E(20)  C(1) 
3378629325 23458.82 || noQ Q (Avg,Max,Min) (1.00, 1.00, 1.00) (0.96, 0.25, 1.00) #fs:   0  -- #Conts: 33 H(1)  A(14)  E(17)  C(1) 
3379278825 23443.06 || noQ Q (Avg,Max,Min) (1.00, 1.00, 1.00) (0.96, 0.43, 1.00) #fs:   0  -- #Conts: 33 A(14)  G(1)  E(17)  C(1) 
3381236333 23434.00 || noQ Q (Avg,Max,Min) (1.00, 1.00, 1.00) (0.98, 0.88, 1.00) #fs:   0  -- #Conts: 33 A(14)  E(18)  C(1) 
4332748981 23327.06 || noQ Q (Avg,Max,Min) (1.00, 1.00, 1.00) (0.95, 0.25, 1.00) #fs:   1  -- #Conts: 34 H(1)  A(15)  G(2)  E(15)  C(1) 
4333398481 23311.29 || noQ Q (Avg,Max,Min) (1.00, 1.00, 1.00) (0.96, 0.43, 1.00) #fs:   1  -- #Conts: 34 A(15)  G(3)  E(15)  C(1) 
4335355989 23302.24 || noQ Q (Avg,Max,Min) (1.00, 1.00, 1.00) (0.97, 0.77, 1.00) #fs:   1  -- #Conts: 34 A(15)  G(2)  E(16)  C(1) 
4476947488 23295.35 || noQ Q (Avg,Max,Min) (1.00, 1.00, 1.00) (0.98, 0.88, 1.00) #fs:   0  -- #Conts: 36 A(17)  G(2)  E(16)  C(1) 
4478506860 23288.65 || noQ Q (Avg,Max,Min) (1.00, 1.00, 1.00) (0.98, 0.88, 1.00) #fs:   0  -- #Conts: 35 A(17)  G(2)  E(15)  C(1) 
4609466249 23273.12 || noQ Q (Avg,Max,Min) (1.00, 1.00, 1.00) (0.98, 0.87, 1.00) #fs:   0  -- #Conts: 33 A(17)  G(1)  E(14)  C(1) 
4611025621 23266.41 || noQ Q (Avg,Max,Min) (1.00, 1.00, 1.00) (0.98, 0.87, 1.00) #fs:   0  -- #Conts: 32 A(17)  G(1)  E(13)  C(1) 
4648727420 23258.41 || noQ Q (Avg,Max,Min) (1.00, 1.00, 1.00) (0.96, 0.25, 1.00) #fs:   0  -- #Conts: 35 H(1)  A(17)  E(16)  C(1) 
4649379330 23242.65 || noQ Q (Avg,Max,Min) (1.00, 1.00, 1.00) (0.96, 0.43, 1.00) #fs:   0  -- #Conts: 35 A(17)  G(1)  E(16)  C(1) 
4650938702 23235.94 || noQ Q (Avg,Max,Min) (1.00, 1.00, 1.00) (0.97, 0.87, 1.00) #fs:   0  -- #Conts: 34 A(17)  G(1)  E(15)  C(1) 
4651344099 23233.59 || noQ Q (Avg,Max,Min) (1.00, 1.00, 1.00) (0.98, 0.87, 1.00) #fs:   0  -- #Conts: 34 A(17)  E(16)  C(1) 
6555825831 23226.59 || noQ Q (Avg,Max,Min) (1.00, 1.00, 1.00) (0.98, 0.87, 1.00) #fs:   0  -- #Conts: 31 A(16)  E(14)  C(1) 
/////////////////size: 153
nodes 100 edges 123
 mulT: 5000 mulD: 1  sumData GB 2
pareto /LIGO.n.100.0.dax time -> 5731.0
moheft /LIGO.n.100.0.dax time -> 4413.0
distance from M to C 246.82266691949846
distance from P to C 1155.0490196310939
distance from C to M 393.07938296377023
distance from C to P 575.1824558752185
toCompare: /LIGO.n.100.0.dax sumDataGB: 2 mulT: 5000 mulD: 1 paretoOptTime_MS: 5731.0 MoheftOptimizationTime_MS: 4413.0 MtoC 246.82266691949846 PtoC 1155.0490196310939 CtoM 393.07938296377023 CtoP 575.1824558752185
