specify -Dflow d,b,mt,md,size
Running /home/vaggelis/jc/SIPHT.n.50.0.dax mt 5000 md: 5000 size null
 670810052 18326.24 || noQ Q (Avg,Max,Min) (0.98, 1.02, 0.64) (0.94, 0.64, 1.01) #fs:   1  -- #Conts: 13 H(7)  G(3)  E(3) 
 670818909 16182.24 || noQ Q (Avg,Max,Min) (1.01, 1.02, 1.00) (0.96, 0.73, 1.01) #fs:   0  -- #Conts: 13 H(7)  G(3)  E(3) 
 997391931 14645.41 || noQ Q (Avg,Max,Min) (1.00, 1.01, 1.00) (0.94, 0.59, 1.01) #fs:   0  -- #Conts: 11 H(2)  G(9) 
1109604215 14361.65 || noQ Q (Avg,Max,Min) (1.00, 1.01, 1.00) (0.94, 0.59, 1.01) #fs:   0  -- #Conts: 11 H(1)  G(10) 
1151184739 14033.35 || noQ Q (Avg,Max,Min) (1.00, 1.01, 1.00) (0.97, 0.83, 1.00) #fs:   0  -- #Conts: 11 G(8)  A(1)  E(2) 
2024236379 13729.47 || noQ Q (Avg,Max,Min) (1.00, 1.00, 1.00) (0.97, 0.92, 1.00) #fs:   0  -- #Conts: 11 G(2)  A(1)  E(8) 
2123960887 13635.29 || noQ Q (Avg,Max,Min) (0.99, 1.01, 0.82) (0.91, 0.69, 1.00) #fs:   2  -- #Conts: 16 G(2)  E(14) 
2502249752 13566.94 || noQ Q (Avg,Max,Min) (0.99, 1.01, 0.82) (0.91, 0.69, 1.00) #fs:   2  -- #Conts: 16 G(1)  E(15) 
2587472719 13498.94 || noQ Q (Avg,Max,Min) (0.99, 1.01, 0.82) (0.91, 0.69, 1.00) #fs:   2  -- #Conts: 16 E(16) 
2595594336 13492.24 || noQ Q (Avg,Max,Min) (0.99, 1.01, 0.82) (0.91, 0.69, 1.00) #fs:   2  -- #Conts: 15 E(15) 
3809703773 13002.71 || noQ Q (Avg,Max,Min) (0.97, 1.00, 0.71) (0.89, 0.56, 1.00) #fs:   2  -- #Conts: 18 E(1)  C(17) 
4538981773 7311.41 || noQ Q (Avg,Max,Min) (1.00, 1.00, 0.96) (0.99, 0.94, 1.00) #fs:   1  -- #Conts: 17 H(1)  A(15)  C(1) 
4687114341 6933.06 || noQ Q (Avg,Max,Min) (1.00, 1.00, 1.00) (0.99, 0.94, 1.00) #fs:   0  -- #Conts: 17 A(15)  G(1)  C(1) 
5165127714 6864.71 || noQ Q (Avg,Max,Min) (1.00, 1.00, 1.00) (0.99, 0.94, 1.00) #fs:   0  -- #Conts: 17 A(15)  E(1)  C(1) 
5235773729 5863.71 || noQ Q (Avg,Max,Min) (1.00, 1.00, 1.00) (0.99, 0.94, 1.00) #fs:   0  -- #Conts: 17 A(16)  E(1) 
6452761440 4864.00 || noQ Q (Avg,Max,Min) (1.00, 1.00, 1.00) (0.98, 0.86, 1.00) #fs:   2  -- #Conts: 21 A(21) 
6461261440 4863.00 || noQ Q (Avg,Max,Min) (1.00, 1.00, 1.00) (0.98, 0.86, 1.00) #fs:   2  -- #Conts: 21 A(21) 
6463757672 4861.00 || noQ Q (Avg,Max,Min) (1.00, 1.00, 1.00) (0.99, 0.94, 1.00) #fs:   0  -- #Conts: 17 A(17) 
/////////////////size: 18
 698454747 16474.12 || noQ Q (Avg,Max,Min) (1.00, 1.03, 0.94) (0.98, 0.90, 1.03) #fs:   1  -- #Conts: 12 H(4)  G(2)  A(3)  E(3) 
 698463604 16064.24 || noQ Q (Avg,Max,Min) (1.00, 1.03, 1.00) (0.99, 0.90, 1.03) #fs:   0  -- #Conts: 12 H(4)  G(2)  A(3)  E(3) 
 698782098 16061.24 || noQ Q (Avg,Max,Min) (1.00, 1.03, 1.00) (0.99, 0.90, 1.03) #fs:   0  -- #Conts: 12 H(4)  G(2)  A(3)  E(3) 
 698926438 16060.24 || noQ Q (Avg,Max,Min) (1.00, 1.03, 1.00) (0.99, 0.90, 1.03) #fs:   0  -- #Conts: 11 H(4)  G(2)  A(2)  E(3) 
 765254952 15941.41 || noQ Q (Avg,Max,Min) (1.00, 1.01, 1.00) (0.98, 0.90, 1.01) #fs:   0  -- #Conts: 13 H(5)  G(2)  A(3)  E(3) 
 765413079 15939.41 || noQ Q (Avg,Max,Min) (1.00, 1.01, 1.00) (0.99, 0.90, 1.01) #fs:   0  -- #Conts: 13 H(5)  G(2)  A(3)  E(3) 
 765537065 15938.41 || noQ Q (Avg,Max,Min) (1.00, 1.01, 1.00) (0.99, 0.90, 1.01) #fs:   0  -- #Conts: 12 H(5)  G(2)  A(2)  E(3) 
 765742462 15936.41 || noQ Q (Avg,Max,Min) (1.00, 1.01, 1.00) (0.99, 0.90, 1.01) #fs:   0  -- #Conts: 12 H(5)  G(2)  A(2)  E(3) 
 812077880 15843.82 || noQ Q (Avg,Max,Min) (1.03, 1.19, 1.00) (0.86, 0.09, 1.03) #fs:   0  -- #Conts: 13 H(6)  G(3)  A(1)  E(3) 
 812211692 15812.29 || noQ Q (Avg,Max,Min) (1.02, 1.15, 1.00) (0.93, 0.11, 1.03) #fs:   0  -- #Conts: 12 H(5)  G(3)  A(1)  E(3) 
 812288180 15783.76 || noQ Q (Avg,Max,Min) (1.01, 1.03, 1.00) (0.99, 0.79, 1.03) #fs:   0  -- #Conts: 12 H(4)  G(3)  A(2)  E(3) 
 812512257 15782.76 || noQ Q (Avg,Max,Min) (1.01, 1.03, 1.00) (0.99, 0.79, 1.03) #fs:   0  -- #Conts: 12 H(4)  G(3)  A(2)  E(3) 
 812780004 15780.76 || noQ Q (Avg,Max,Min) (1.00, 1.03, 1.00) (1.00, 1.00, 1.03) #fs:   0  -- #Conts: 11 H(4)  G(3)  A(1)  E(3) 
 813004081 15779.76 || noQ Q (Avg,Max,Min) (1.00, 1.03, 1.00) (1.00, 0.99, 1.03) #fs:   0  -- #Conts: 11 H(4)  G(3)  A(1)  E(3) 
 852051615 15551.00 || noQ Q (Avg,Max,Min) (1.02, 1.19, 1.00) (0.92, 0.09, 1.01) #fs:   0  -- #Conts: 12 H(4)  G(3)  A(2)  E(3) 
 852248098 15519.47 || noQ Q (Avg,Max,Min) (1.00, 1.01, 1.00) (0.99, 0.93, 1.01) #fs:   0  -- #Conts: 11 H(3)  G(3)  A(2)  E(3) 
 852770008 15516.47 || noQ Q (Avg,Max,Min) (1.00, 1.01, 1.00) (1.00, 0.99, 1.01) #fs:   0  -- #Conts: 10 H(3)  G(3)  A(1)  E(3) 
 853076347 15515.47 || noQ Q (Avg,Max,Min) (1.00, 1.01, 1.00) (0.99, 0.93, 1.01) #fs:   0  -- #Conts: 11 H(3)  G(3)  A(2)  E(3) 
 853363224 15514.47 || noQ Q (Avg,Max,Min) (1.00, 1.01, 1.00) (1.00, 0.99, 1.01) #fs:   0  -- #Conts: 10 H(3)  G(3)  A(1)  E(3) 
 853588751 15513.47 || noQ Q (Avg,Max,Min) (1.02, 1.17, 1.00) (0.92, 0.11, 1.01) #fs:   0  -- #Conts: 11 H(3)  G(3)  A(2)  E(3) 
 853645592 15512.47 || noQ Q (Avg,Max,Min) (1.00, 1.01, 1.00) (1.00, 0.99, 1.01) #fs:   0  -- #Conts: 10 H(3)  G(3)  A(1)  E(3) 
 853912910 15511.47 || noQ Q (Avg,Max,Min) (1.00, 1.01, 1.00) (1.00, 0.99, 1.01) #fs:   0  -- #Conts: 10 H(3)  G(3)  A(1)  E(3) 
 854199326 15510.47 || noQ Q (Avg,Max,Min) (1.00, 1.01, 1.00) (1.00, 0.99, 1.01) #fs:   0  -- #Conts: 10 H(3)  G(3)  A(1)  E(3) 
 854294798 15509.47 || noQ Q (Avg,Max,Min) (1.00, 1.01, 1.00) (1.00, 0.99, 1.01) #fs:   0  -- #Conts: 10 H(3)  G(3)  A(1)  E(3) 
 854503100 15508.47 || noQ Q (Avg,Max,Min) (1.00, 1.01, 1.00) (1.00, 0.99, 1.01) #fs:   0  -- #Conts: 10 H(3)  G(3)  A(1)  E(3) 
 889452782 15227.35 || noQ Q (Avg,Max,Min) (1.00, 1.01, 1.00) (0.98, 0.79, 1.01) #fs:   0  -- #Conts: 13 H(3)  G(3)  A(2)  E(5) 
 889739755 15224.35 || noQ Q (Avg,Max,Min) (1.00, 1.01, 1.00) (0.99, 0.90, 1.01) #fs:   0  -- #Conts: 12 H(3)  G(3)  A(1)  E(5) 
 889895723 15223.35 || noQ Q (Avg,Max,Min) (1.00, 1.01, 1.00) (0.99, 0.90, 1.01) #fs:   0  -- #Conts: 12 H(3)  G(3)  A(1)  E(5) 
 890056090 15221.35 || noQ Q (Avg,Max,Min) (1.00, 1.01, 1.00) (0.99, 0.90, 1.01) #fs:   0  -- #Conts: 12 H(3)  G(3)  A(1)  E(5) 
 890216457 15220.35 || noQ Q (Avg,Max,Min) (1.00, 1.01, 1.00) (0.99, 0.90, 1.01) #fs:   0  -- #Conts: 12 H(3)  G(3)  A(1)  E(5) 
 918834052 15209.88 || noQ Q (Avg,Max,Min) (1.00, 1.02, 0.92) (0.97, 0.64, 1.01) #fs:   1  -- #Conts: 13 H(2)  G(4)  A(1)  E(5)  C(1) 
 918851277 14989.18 || noQ Q (Avg,Max,Min) (1.02, 1.19, 1.00) (0.91, 0.09, 1.01) #fs:   0  -- #Conts: 14 H(3)  G(4)  A(1)  E(5)  C(1) 
 919047760 14957.65 || noQ Q (Avg,Max,Min) (1.00, 1.02, 1.00) (0.97, 0.64, 1.01) #fs:   0  -- #Conts: 13 H(2)  G(4)  A(1)  E(5)  C(1) 
 919326388 14956.65 || noQ Q (Avg,Max,Min) (1.00, 1.02, 1.00) (0.97, 0.64, 1.01) #fs:   0  -- #Conts: 13 H(2)  G(4)  A(1)  E(5)  C(1) 
 919569670 14953.65 || noQ Q (Avg,Max,Min) (1.00, 1.01, 1.00) (1.00, 0.99, 1.01) #fs:   0  -- #Conts: 12 H(2)  G(4)  A(1)  E(5) 
 919895568 14952.65 || noQ Q (Avg,Max,Min) (1.00, 1.01, 1.00) (1.00, 0.97, 1.01) #fs:   0  -- #Conts: 12 H(2)  G(4)  A(1)  E(5) 
 920169693 14951.65 || noQ Q (Avg,Max,Min) (1.02, 1.17, 1.00) (0.93, 0.11, 1.01) #fs:   0  -- #Conts: 13 H(2)  G(4)  A(2)  E(5) 
 920226534 14950.65 || noQ Q (Avg,Max,Min) (1.00, 1.01, 1.00) (1.00, 1.00, 1.01) #fs:   0  -- #Conts: 12 H(2)  G(4)  A(1)  E(5) 
 920501377 14949.65 || noQ Q (Avg,Max,Min) (1.00, 1.01, 1.00) (1.00, 0.99, 1.01) #fs:   0  -- #Conts: 12 H(2)  G(4)  A(1)  E(5) 
1060087900 14523.41 || noQ Q (Avg,Max,Min) (1.00, 1.00, 1.00) (0.99, 0.93, 1.00) #fs:   1  -- #Conts: 11 H(2)  G(3)  A(3)  E(3) 
1060246027 14522.41 || noQ Q (Avg,Max,Min) (1.00, 1.00, 1.00) (0.99, 0.93, 1.00) #fs:   1  -- #Conts: 11 H(2)  G(3)  A(3)  E(3) 
1060370013 14520.41 || noQ Q (Avg,Max,Min) (1.00, 1.00, 1.00) (1.00, 0.98, 1.00) #fs:   1  -- #Conts: 10 H(2)  G(3)  A(2)  E(3) 
1060575410 14519.41 || noQ Q (Avg,Max,Min) (1.00, 1.00, 1.00) (1.00, 0.97, 1.00) #fs:   1  -- #Conts: 10 H(2)  G(3)  A(2)  E(3) 
1109596913 14251.35 || noQ Q (Avg,Max,Min) (1.00, 1.01, 1.00) (0.98, 0.79, 1.00) #fs:   1  -- #Conts: 10 H(1)  G(3)  A(2)  E(4) 
1110088737 14248.35 || noQ Q (Avg,Max,Min) (1.00, 1.00, 1.00) (1.00, 0.99, 1.00) #fs:   1  -- #Conts: 9 H(1)  G(3)  A(1)  E(4) 
1110365206 14247.35 || noQ Q (Avg,Max,Min) (1.00, 1.00, 1.00) (1.00, 0.99, 1.00) #fs:   1  -- #Conts: 9 H(1)  G(3)  A(1)  E(4) 
1110696172 14246.35 || noQ Q (Avg,Max,Min) (1.00, 1.00, 1.00) (1.00, 0.98, 1.00) #fs:   1  -- #Conts: 9 H(1)  G(3)  A(1)  E(4) 
1110855158 14245.35 || noQ Q (Avg,Max,Min) (0.98, 1.00, 0.80) (0.92, 0.20, 1.00) #fs:   2  -- #Conts: 10 H(1)  G(3)  A(2)  E(4) 
1110971015 14244.35 || noQ Q (Avg,Max,Min) (1.00, 1.00, 1.00) (1.00, 1.00, 1.00) #fs:   1  -- #Conts: 9 H(1)  G(3)  A(1)  E(4) 
1111245858 14243.35 || noQ Q (Avg,Max,Min) (1.00, 1.00, 1.00) (1.00, 0.99, 1.00) #fs:   1  -- #Conts: 9 H(1)  G(3)  A(1)  E(4) 
1111532274 14242.35 || noQ Q (Avg,Max,Min) (1.00, 1.00, 1.00) (1.00, 0.97, 1.00) #fs:   1  -- #Conts: 9 H(1)  G(3)  A(1)  E(4) 
1111564098 14241.35 || noQ Q (Avg,Max,Min) (1.00, 1.00, 1.00) (1.00, 1.00, 1.00) #fs:   1  -- #Conts: 9 H(1)  G(3)  A(1)  E(4) 
1111838941 14240.35 || noQ Q (Avg,Max,Min) (1.00, 1.00, 1.00) (1.00, 0.99, 1.00) #fs:   1  -- #Conts: 9 H(1)  G(3)  A(1)  E(4) 
1112078934 14239.35 || noQ Q (Avg,Max,Min) (0.94, 1.00, 0.41) (0.92, 0.20, 1.00) #fs:   2  -- #Conts: 10 H(1)  G(3)  A(2)  E(4) 
1112194791 14238.35 || noQ Q (Avg,Max,Min) (1.00, 1.00, 1.00) (1.00, 1.00, 1.00) #fs:   1  -- #Conts: 9 H(1)  G(3)  A(1)  E(4) 
1213684225 14008.88 || noQ Q (Avg,Max,Min) (1.02, 1.19, 1.00) (0.91, 0.09, 1.00) #fs:   1  -- #Conts: 12 H(1)  G(4)  A(3)  E(4) 
1213880708 13977.35 || noQ Q (Avg,Max,Min) (1.00, 1.00, 1.00) (0.99, 0.93, 1.00) #fs:   1  -- #Conts: 11 G(4)  A(3)  E(4) 
1214434179 13974.35 || noQ Q (Avg,Max,Min) (1.00, 1.00, 1.00) (0.99, 0.93, 1.00) #fs:   1  -- #Conts: 11 G(4)  A(3)  E(4) 
1214676124 13973.35 || noQ Q (Avg,Max,Min) (1.00, 1.00, 1.00) (0.99, 0.98, 1.00) #fs:   1  -- #Conts: 10 G(4)  A(2)  E(4) 
1214946518 13972.35 || noQ Q (Avg,Max,Min) (1.02, 1.17, 1.00) (0.92, 0.11, 1.00) #fs:   1  -- #Conts: 11 G(4)  A(3)  E(4) 
1215003359 13971.35 || noQ Q (Avg,Max,Min) (1.00, 1.00, 1.00) (1.00, 0.98, 1.00) #fs:   1  -- #Conts: 10 G(4)  A(2)  E(4) 
1215267784 13970.35 || noQ Q (Avg,Max,Min) (1.00, 1.00, 1.00) (1.00, 0.98, 1.00) #fs:   1  -- #Conts: 10 G(4)  A(2)  E(4) 
1306245332 13940.24 || noQ Q (Avg,Max,Min) (1.00, 1.01, 1.00) (0.98, 0.79, 1.00) #fs:   0  -- #Conts: 11 G(5)  A(2)  E(4) 
1306533057 13938.24 || noQ Q (Avg,Max,Min) (1.00, 1.01, 1.00) (0.98, 0.79, 1.00) #fs:   0  -- #Conts: 11 G(5)  A(2)  E(4) 
1306737156 13937.24 || noQ Q (Avg,Max,Min) (1.00, 1.00, 1.00) (1.00, 0.98, 1.00) #fs:   0  -- #Conts: 10 G(5)  A(1)  E(4) 
1586950278 13932.82 || noQ Q (Avg,Max,Min) (1.02, 1.17, 1.00) (0.92, 0.20, 1.00) #fs:   1  -- #Conts: 10 H(1)  G(4)  A(1)  E(4) 
1587220934 13930.82 || noQ Q (Avg,Max,Min) (0.99, 1.00, 0.87) (0.92, 0.22, 1.00) #fs:   2  -- #Conts: 10 H(1)  G(4)  A(1)  E(4) 
1587451767 13915.06 || noQ Q (Avg,Max,Min) (1.01, 1.10, 1.00) (0.93, 0.34, 1.00) #fs:   1  -- #Conts: 10 G(5)  A(1)  E(4) 
1587617588 13904.29 || noQ Q (Avg,Max,Min) (1.00, 1.01, 1.00) (0.98, 0.79, 1.00) #fs:   1  -- #Conts: 10 G(4)  A(2)  E(4) 
1588726808 13901.29 || noQ Q (Avg,Max,Min) (1.00, 1.00, 1.00) (1.00, 0.98, 1.00) #fs:   1  -- #Conts: 9 G(4)  A(1)  E(4) 
1676570347 13866.82 || noQ Q (Avg,Max,Min) (1.02, 1.19, 1.00) (0.91, 0.09, 1.01) #fs:   1  -- #Conts: 12 H(1)  G(3)  A(3)  E(5) 
1676775198 13851.06 || noQ Q (Avg,Max,Min) (1.01, 1.11, 1.00) (0.92, 0.15, 1.01) #fs:   1  -- #Conts: 12 G(4)  A(3)  E(5) 
1677384226 13835.29 || noQ Q (Avg,Max,Min) (1.00, 1.01, 1.00) (0.99, 0.93, 1.01) #fs:   1  -- #Conts: 11 G(3)  A(3)  E(5) 
1783548660 13829.00 || noQ Q (Avg,Max,Min) (1.02, 1.11, 1.00) (0.83, 0.15, 1.00) #fs:   0  -- #Conts: 10 G(5)  A(2)  E(3) 
1784028741 13813.24 || noQ Q (Avg,Max,Min) (1.01, 1.10, 1.00) (0.92, 0.33, 1.00) #fs:   0  -- #Conts: 9 G(4)  A(2)  E(3) 
1784251403 13807.18 || noQ Q (Avg,Max,Min) (1.00, 1.01, 1.00) (0.98, 0.79, 1.00) #fs:   0  -- #Conts: 9 G(3)  A(3)  E(3) 
1785204821 13805.47 || noQ Q (Avg,Max,Min) (1.01, 1.03, 1.00) (0.92, 0.55, 1.00) #fs:   0  -- #Conts: 10 G(3)  A(2)  E(3)  C(2) 
1785360623 13804.18 || noQ Q (Avg,Max,Min) (1.00, 1.00, 1.00) (1.00, 0.98, 1.00) #fs:   0  -- #Conts: 8 G(3)  A(2)  E(3) 
1792911193 13803.47 || noQ Q (Avg,Max,Min) (1.00, 1.01, 1.00) (0.97, 0.79, 1.00) #fs:   0  -- #Conts: 10 G(3)  A(4)  E(3) 
1833152796 13773.65 || noQ Q (Avg,Max,Min) (1.00, 1.01, 1.00) (0.97, 0.79, 1.00) #fs:   0  -- #Conts: 9 G(3)  A(2)  E(4) 
1833644620 13770.65 || noQ Q (Avg,Max,Min) (1.00, 1.00, 1.00) (1.00, 0.98, 1.00) #fs:   0  -- #Conts: 8 G(3)  A(1)  E(4) 
1833864248 13769.65 || noQ Q (Avg,Max,Min) (1.02, 1.17, 1.00) (0.90, 0.11, 1.00) #fs:   0  -- #Conts: 9 G(3)  A(2)  E(4) 
1833921089 13768.65 || noQ Q (Avg,Max,Min) (1.00, 1.00, 1.00) (1.00, 1.00, 1.00) #fs:   0  -- #Conts: 8 G(3)  A(1)  E(4) 
1834188407 13767.65 || noQ Q (Avg,Max,Min) (1.00, 1.00, 1.00) (1.00, 1.00, 1.00) #fs:   0  -- #Conts: 8 G(3)  A(1)  E(4) 
2057259049 13685.65 || noQ Q (Avg,Max,Min) (1.02, 1.19, 1.00) (0.90, 0.09, 1.00) #fs:   0  -- #Conts: 10 H(1)  G(2)  A(2)  E(5) 
2057455532 13654.12 || noQ Q (Avg,Max,Min) (1.00, 1.00, 1.00) (0.99, 0.93, 1.00) #fs:   0  -- #Conts: 9 G(2)  A(2)  E(5) 
2057734160 13653.12 || noQ Q (Avg,Max,Min) (1.00, 1.00, 1.00) (0.99, 0.93, 1.00) #fs:   0  -- #Conts: 9 G(2)  A(2)  E(5) 
2057977442 13651.12 || noQ Q (Avg,Max,Min) (1.00, 1.00, 1.00) (1.00, 0.99, 1.00) #fs:   0  -- #Conts: 8 G(2)  A(1)  E(5) 
2058303340 13650.12 || noQ Q (Avg,Max,Min) (1.00, 1.00, 1.00) (1.00, 0.98, 1.00) #fs:   0  -- #Conts: 8 G(2)  A(1)  E(5) 
2058577465 13649.12 || noQ Q (Avg,Max,Min) (1.02, 1.17, 1.00) (0.90, 0.11, 1.00) #fs:   0  -- #Conts: 9 G(2)  A(2)  E(5) 
2058634306 13648.12 || noQ Q (Avg,Max,Min) (1.00, 1.00, 1.00) (1.00, 1.00, 1.00) #fs:   0  -- #Conts: 8 G(2)  A(1)  E(5) 
2058909149 13647.12 || noQ Q (Avg,Max,Min) (1.00, 1.00, 1.00) (1.00, 0.99, 1.00) #fs:   0  -- #Conts: 8 G(2)  A(1)  E(5) 
2059183992 13646.12 || noQ Q (Avg,Max,Min) (1.00, 1.00, 1.00) (1.00, 0.98, 1.00) #fs:   0  -- #Conts: 8 G(2)  A(1)  E(5) 
2059354551 13645.12 || noQ Q (Avg,Max,Min) (0.95, 1.00, 0.49) (0.91, 0.20, 1.00) #fs:   1  -- #Conts: 9 G(2)  A(2)  E(5) 
2059470408 13644.12 || noQ Q (Avg,Max,Min) (1.00, 1.00, 1.00) (1.00, 1.00, 1.00) #fs:   0  -- #Conts: 8 G(2)  A(1)  E(5) 
2182615659 13614.53 || noQ Q (Avg,Max,Min) (1.00, 1.01, 1.00) (0.99, 0.93, 1.00) #fs:   0  -- #Conts: 9 G(2)  A(2)  E(5) 
2183137569 13611.53 || noQ Q (Avg,Max,Min) (1.00, 1.01, 1.00) (1.00, 0.99, 1.00) #fs:   0  -- #Conts: 8 G(2)  A(1)  E(5) 
2183443908 13610.53 || noQ Q (Avg,Max,Min) (1.00, 1.01, 1.00) (0.99, 0.93, 1.00) #fs:   0  -- #Conts: 9 G(2)  A(2)  E(5) 
2183730785 13609.53 || noQ Q (Avg,Max,Min) (1.00, 1.00, 1.00) (1.00, 0.99, 1.00) #fs:   0  -- #Conts: 8 G(2)  A(1)  E(5) 
2183956312 13608.53 || noQ Q (Avg,Max,Min) (1.02, 1.17, 1.00) (0.90, 0.11, 1.00) #fs:   0  -- #Conts: 9 G(2)  A(2)  E(5) 
2184013153 13607.53 || noQ Q (Avg,Max,Min) (1.00, 1.01, 1.00) (1.00, 0.99, 1.00) #fs:   0  -- #Conts: 8 G(2)  A(1)  E(5) 
2359431212 13595.82 || noQ Q (Avg,Max,Min) (1.01, 1.10, 1.00) (0.93, 0.33, 1.01) #fs:   0  -- #Conts: 10 G(3)  A(1)  E(6) 
2359653874 13583.06 || noQ Q (Avg,Max,Min) (1.00, 1.01, 1.00) (0.98, 0.79, 1.01) #fs:   0  -- #Conts: 10 G(2)  A(2)  E(6) 
2360157596 13582.06 || noQ Q (Avg,Max,Min) (1.00, 1.01, 1.00) (0.98, 0.79, 1.01) #fs:   0  -- #Conts: 10 G(2)  A(2)  E(6) 
2360763094 13580.06 || noQ Q (Avg,Max,Min) (1.00, 1.01, 1.00) (1.00, 0.99, 1.01) #fs:   0  -- #Conts: 9 G(2)  A(1)  E(6) 
2371630258 13579.47 || noQ Q (Avg,Max,Min) (1.00, 1.02, 1.00) (0.95, 0.64, 1.01) #fs:   0  -- #Conts: 11 G(2)  A(2)  E(6)  C(1) 
2378304883 13578.47 || noQ Q (Avg,Max,Min) (1.00, 1.01, 1.00) (0.97, 0.79, 1.01) #fs:   0  -- #Conts: 11 G(2)  A(3)  E(6) 
2486640470 7617.41 || noQ Q (Avg,Max,Min) (1.00, 1.01, 1.00) (0.99, 0.91, 1.01) #fs:   0  -- #Conts: 10 H(2)  A(4)  E(4) 
2486798597 7612.71 || noQ Q (Avg,Max,Min) (1.00, 1.02, 1.00) (0.97, 0.64, 1.01) #fs:   0  -- #Conts: 11 H(2)  A(4)  E(4)  C(1) 
2486922583 7610.71 || noQ Q (Avg,Max,Min) (1.00, 1.01, 1.00) (1.00, 1.00, 1.01) #fs:   0  -- #Conts: 10 H(2)  A(4)  E(4) 
2487127980 7608.71 || noQ Q (Avg,Max,Min) (1.00, 1.01, 1.00) (1.00, 1.00, 1.01) #fs:   0  -- #Conts: 10 H(2)  A(4)  E(4) 
2527090401 7506.65 || noQ Q (Avg,Max,Min) (1.00, 1.01, 1.00) (0.98, 0.79, 1.01) #fs:   0  -- #Conts: 12 H(2)  A(6)  G(1)  E(3) 
2527377374 7503.65 || noQ Q (Avg,Max,Min) (1.00, 1.01, 1.00) (1.00, 0.99, 1.01) #fs:   0  -- #Conts: 11 H(2)  A(5)  G(1)  E(3) 
2527533342 7501.65 || noQ Q (Avg,Max,Min) (1.00, 1.01, 1.00) (1.00, 0.99, 1.01) #fs:   0  -- #Conts: 11 H(2)  A(5)  G(1)  E(3) 
2527707875 7500.65 || noQ Q (Avg,Max,Min) (1.00, 1.01, 1.00) (1.00, 0.99, 1.01) #fs:   0  -- #Conts: 11 H(2)  A(5)  G(1)  E(3) 
2527866554 7499.65 || noQ Q (Avg,Max,Min) (1.00, 1.01, 1.00) (1.00, 0.99, 1.01) #fs:   0  -- #Conts: 11 H(2)  A(5)  G(1)  E(3) 
2528026921 7498.65 || noQ Q (Avg,Max,Min) (1.00, 1.01, 1.00) (1.00, 0.99, 1.01) #fs:   0  -- #Conts: 11 H(2)  A(5)  G(1)  E(3) 
2621162366 7416.18 || noQ Q (Avg,Max,Min) (1.03, 1.19, 1.00) (0.87, 0.09, 1.03) #fs:   0  -- #Conts: 14 H(4)  A(5)  G(2)  E(3) 
2621296178 7384.65 || noQ Q (Avg,Max,Min) (1.02, 1.15, 1.00) (0.93, 0.11, 1.03) #fs:   0  -- #Conts: 13 H(3)  A(5)  G(2)  E(3) 
2621372666 7356.12 || noQ Q (Avg,Max,Min) (1.01, 1.03, 1.00) (0.99, 0.79, 1.03) #fs:   0  -- #Conts: 13 H(2)  A(6)  G(2)  E(3) 
2621596743 7355.12 || noQ Q (Avg,Max,Min) (1.01, 1.03, 1.00) (0.99, 0.79, 1.03) #fs:   0  -- #Conts: 13 H(2)  A(6)  G(2)  E(3) 
2621864490 7353.12 || noQ Q (Avg,Max,Min) (1.01, 1.03, 1.00) (1.00, 1.00, 1.03) #fs:   0  -- #Conts: 12 H(2)  A(5)  G(2)  E(3) 
2622088567 7352.12 || noQ Q (Avg,Max,Min) (1.01, 1.03, 1.00) (1.00, 1.00, 1.03) #fs:   0  -- #Conts: 12 H(2)  A(5)  G(2)  E(3) 
2640236795 7265.47 || noQ Q (Avg,Max,Min) (1.02, 1.19, 1.00) (0.93, 0.09, 1.01) #fs:   0  -- #Conts: 13 H(2)  A(6)  G(2)  E(3) 
2640433278 7233.94 || noQ Q (Avg,Max,Min) (1.00, 1.01, 1.00) (0.99, 0.93, 1.01) #fs:   0  -- #Conts: 12 H(1)  A(6)  G(2)  E(3) 
2640955188 7230.94 || noQ Q (Avg,Max,Min) (1.00, 1.01, 1.00) (1.00, 0.99, 1.01) #fs:   0  -- #Conts: 11 H(1)  A(5)  G(2)  E(3) 
2641228694 7229.94 || noQ Q (Avg,Max,Min) (1.00, 1.01, 1.00) (1.00, 0.99, 1.01) #fs:   0  -- #Conts: 11 H(1)  A(5)  G(2)  E(3) 
2641548404 7228.94 || noQ Q (Avg,Max,Min) (1.00, 1.01, 1.00) (1.00, 0.99, 1.01) #fs:   0  -- #Conts: 11 H(1)  A(5)  G(2)  E(3) 
2641820354 7227.94 || noQ Q (Avg,Max,Min) (1.00, 1.01, 1.00) (1.00, 0.99, 1.01) #fs:   0  -- #Conts: 11 H(1)  A(5)  G(2)  E(3) 
2670853114 7124.35 || noQ Q (Avg,Max,Min) (1.02, 1.19, 1.00) (0.92, 0.09, 1.02) #fs:   0  -- #Conts: 13 H(2)  A(6)  G(2)  E(3) 
2671049597 7092.82 || noQ Q (Avg,Max,Min) (1.00, 1.02, 1.00) (0.99, 0.93, 1.02) #fs:   0  -- #Conts: 12 H(1)  A(6)  G(2)  E(3) 
2671328225 7090.82 || noQ Q (Avg,Max,Min) (1.00, 1.02, 1.00) (0.99, 0.93, 1.02) #fs:   0  -- #Conts: 12 H(1)  A(6)  G(2)  E(3) 
2671571507 7089.82 || noQ Q (Avg,Max,Min) (1.00, 1.02, 1.00) (1.00, 0.99, 1.02) #fs:   0  -- #Conts: 11 H(1)  A(5)  G(2)  E(3) 
2671840564 7088.82 || noQ Q (Avg,Max,Min) (1.02, 1.17, 1.00) (0.93, 0.11, 1.02) #fs:   0  -- #Conts: 12 H(1)  A(6)  G(2)  E(3) 
2671897405 7087.82 || noQ Q (Avg,Max,Min) (1.00, 1.02, 1.00) (1.00, 0.99, 1.02) #fs:   0  -- #Conts: 11 H(1)  A(5)  G(2)  E(3) 
2672164723 7086.82 || noQ Q (Avg,Max,Min) (1.00, 1.02, 1.00) (1.00, 0.99, 1.02) #fs:   0  -- #Conts: 11 H(1)  A(5)  G(2)  E(3) 
2672436673 7085.82 || noQ Q (Avg,Max,Min) (1.00, 1.02, 1.00) (1.00, 0.99, 1.02) #fs:   0  -- #Conts: 11 H(1)  A(5)  G(2)  E(3) 
2672711516 7084.82 || noQ Q (Avg,Max,Min) (1.00, 1.02, 1.00) (1.00, 0.99, 1.02) #fs:   0  -- #Conts: 11 H(1)  A(5)  G(2)  E(3) 
2672778057 7083.82 || noQ Q (Avg,Max,Min) (1.00, 1.02, 1.00) (1.00, 0.99, 1.02) #fs:   0  -- #Conts: 11 H(1)  A(5)  G(2)  E(3) 
2672986359 7082.82 || noQ Q (Avg,Max,Min) (1.00, 1.02, 1.00) (1.00, 0.99, 1.02) #fs:   0  -- #Conts: 11 H(1)  A(5)  G(2)  E(3) 
2673272775 7081.82 || noQ Q (Avg,Max,Min) (1.00, 1.02, 1.00) (1.00, 0.99, 1.02) #fs:   0  -- #Conts: 11 H(1)  A(5)  G(2)  E(3) 
2685687506 6954.18 || noQ Q (Avg,Max,Min) (1.00, 1.01, 1.00) (0.98, 0.79, 1.01) #fs:   0  -- #Conts: 11 A(6)  G(2)  E(3) 
2686179330 6951.18 || noQ Q (Avg,Max,Min) (1.00, 1.01, 1.00) (1.00, 1.00, 1.01) #fs:   0  -- #Conts: 10 A(5)  G(2)  E(3) 
2686398958 6950.18 || noQ Q (Avg,Max,Min) (1.02, 1.17, 1.00) (0.92, 0.11, 1.01) #fs:   0  -- #Conts: 11 A(6)  G(2)  E(3) 
2686455799 6949.18 || noQ Q (Avg,Max,Min) (1.00, 1.01, 1.00) (1.00, 1.00, 1.01) #fs:   0  -- #Conts: 10 A(5)  G(2)  E(3) 
2686723117 6948.18 || noQ Q (Avg,Max,Min) (1.00, 1.01, 1.00) (1.00, 1.00, 1.01) #fs:   0  -- #Conts: 10 A(5)  G(2)  E(3) 
2879553507 6923.47 || noQ Q (Avg,Max,Min) (1.00, 1.01, 1.00) (0.98, 0.79, 1.01) #fs:   0  -- #Conts: 12 A(6)  G(2)  E(4) 
2879777584 6922.47 || noQ Q (Avg,Max,Min) (1.00, 1.01, 1.00) (0.98, 0.79, 1.01) #fs:   0  -- #Conts: 12 A(6)  G(2)  E(4) 
2880045331 6920.47 || noQ Q (Avg,Max,Min) (1.00, 1.01, 1.00) (1.00, 0.98, 1.01) #fs:   0  -- #Conts: 11 A(5)  G(2)  E(4) 
2880269408 6919.47 || noQ Q (Avg,Max,Min) (1.00, 1.01, 1.00) (1.00, 0.98, 1.01) #fs:   0  -- #Conts: 11 A(5)  G(2)  E(4) 
3103122917 6889.29 || noQ Q (Avg,Max,Min) (1.02, 1.19, 1.00) (0.92, 0.09, 1.00) #fs:   0  -- #Conts: 12 H(1)  A(6)  G(1)  E(4) 
3103327768 6873.53 || noQ Q (Avg,Max,Min) (1.01, 1.11, 1.00) (0.92, 0.15, 1.00) #fs:   0  -- #Conts: 12 A(6)  G(2)  E(4) 
3103936796 6857.76 || noQ Q (Avg,Max,Min) (1.00, 1.00, 1.00) (0.99, 0.93, 1.00) #fs:   0  -- #Conts: 11 A(6)  G(1)  E(4) 
3104578598 6855.76 || noQ Q (Avg,Max,Min) (1.00, 1.00, 1.00) (0.99, 0.93, 1.00) #fs:   0  -- #Conts: 11 A(6)  G(1)  E(4) 
3162753898 6850.65 || noQ Q (Avg,Max,Min) (1.01, 1.15, 1.00) (0.91, 0.11, 1.01) #fs:   0  -- #Conts: 12 H(1)  A(6)  G(1)  E(4) 
3162993695 6834.88 || noQ Q (Avg,Max,Min) (1.01, 1.09, 1.00) (0.91, 0.17, 1.01) #fs:   0  -- #Conts: 12 A(6)  G(2)  E(4) 
3163469532 6831.88 || noQ Q (Avg,Max,Min) (1.01, 1.09, 1.00) (0.92, 0.17, 1.01) #fs:   0  -- #Conts: 11 A(5)  G(2)  E(4) 
3163708181 6819.12 || noQ Q (Avg,Max,Min) (1.00, 1.01, 1.00) (0.98, 0.79, 1.01) #fs:   0  -- #Conts: 11 A(6)  G(1)  E(4) 
3164211903 6818.12 || noQ Q (Avg,Max,Min) (1.00, 1.01, 1.00) (0.98, 0.79, 1.01) #fs:   0  -- #Conts: 11 A(6)  G(1)  E(4) 
3164817401 6816.12 || noQ Q (Avg,Max,Min) (1.00, 1.01, 1.00) (1.00, 0.99, 1.01) #fs:   0  -- #Conts: 10 A(5)  G(1)  E(4) 
3174626719 6815.53 || noQ Q (Avg,Max,Min) (1.01, 1.03, 1.00) (0.93, 0.55, 1.01) #fs:   0  -- #Conts: 12 A(5)  G(1)  E(4)  C(2) 
3175684565 6814.53 || noQ Q (Avg,Max,Min) (1.00, 1.02, 1.00) (0.95, 0.64, 1.01) #fs:   0  -- #Conts: 12 A(6)  G(1)  E(4)  C(1) 
3182333091 6813.53 || noQ Q (Avg,Max,Min) (1.00, 1.01, 1.00) (0.98, 0.79, 1.01) #fs:   0  -- #Conts: 12 A(7)  G(1)  E(4) 
3356845092 6801.76 || noQ Q (Avg,Max,Min) (1.01, 1.09, 1.00) (0.90, 0.17, 1.00) #fs:   0  -- #Conts: 11 A(7)  G(1)  E(3) 
3357336916 6798.76 || noQ Q (Avg,Max,Min) (1.01, 1.10, 1.00) (0.93, 0.33, 1.00) #fs:   0  -- #Conts: 10 A(6)  G(1)  E(3) 
3357559578 6792.71 || noQ Q (Avg,Max,Min) (1.00, 1.01, 1.00) (0.98, 0.79, 1.00) #fs:   0  -- #Conts: 10 A(7)  E(3) 
3358512996 6790.00 || noQ Q (Avg,Max,Min) (1.00, 1.02, 1.00) (0.95, 0.64, 1.00) #fs:   0  -- #Conts: 11 A(7)  E(3)  C(1) 
3358668798 6789.71 || noQ Q (Avg,Max,Min) (1.00, 1.00, 1.00) (1.00, 0.99, 1.00) #fs:   0  -- #Conts: 9 A(6)  E(3) 
3366219368 6789.00 || noQ Q (Avg,Max,Min) (1.00, 1.01, 1.00) (0.97, 0.79, 1.00) #fs:   0  -- #Conts: 11 A(8)  E(3) 
4388761169 5974.59 || noQ Q (Avg,Max,Min) (1.01, 1.06, 1.00) (0.93, 0.20, 1.03) #fs:   1  -- #Conts: 11 H(2)  A(6)  G(1)  E(2) 
4389141775 5958.82 || noQ Q (Avg,Max,Min) (1.01, 1.10, 1.00) (0.94, 0.33, 1.03) #fs:   0  -- #Conts: 11 H(1)  A(6)  G(2)  E(2) 
4389583416 5956.47 || noQ Q (Avg,Max,Min) (1.01, 1.05, 1.00) (0.89, 0.32, 1.03) #fs:   0  -- #Conts: 12 H(1)  A(6)  G(1)  E(4) 
4390317855 5953.76 || noQ Q (Avg,Max,Min) (1.01, 1.05, 1.00) (0.92, 0.32, 1.03) #fs:   0  -- #Conts: 12 H(1)  A(6)  G(1)  E(3)  C(1) 
4390390863 5951.06 || noQ Q (Avg,Max,Min) (1.01, 1.03, 1.00) (0.94, 0.55, 1.03) #fs:   0  -- #Conts: 12 H(1)  A(6)  G(1)  E(2)  C(2) 
4390481887 5949.76 || noQ Q (Avg,Max,Min) (1.01, 1.04, 1.00) (0.98, 0.70, 1.03) #fs:   0  -- #Conts: 11 H(1)  A(6)  G(1)  E(3) 
4396903157 5949.06 || noQ Q (Avg,Max,Min) (1.01, 1.03, 1.00) (0.97, 0.64, 1.03) #fs:   0  -- #Conts: 11 H(1)  A(6)  G(1)  E(2)  C(1) 
4406515997 5948.06 || noQ Q (Avg,Max,Min) (1.01, 1.03, 1.00) (1.00, 0.99, 1.03) #fs:   0  -- #Conts: 10 H(1)  A(6)  G(1)  E(2) 
4418974026 5864.18 || noQ Q (Avg,Max,Min) (1.02, 1.19, 1.00) (0.91, 0.09, 1.01) #fs:   0  -- #Conts: 11 H(1)  A(7)  E(3) 
4419178877 5848.41 || noQ Q (Avg,Max,Min) (1.01, 1.11, 1.00) (0.92, 0.15, 1.01) #fs:   0  -- #Conts: 11 A(7)  G(1)  E(3) 
4419796273 5839.35 || noQ Q (Avg,Max,Min) (1.01, 1.05, 1.00) (0.93, 0.32, 1.01) #fs:   0  -- #Conts: 11 A(7)  E(4) 
4420603720 5836.65 || noQ Q (Avg,Max,Min) (1.00, 1.03, 1.00) (0.95, 0.55, 1.01) #fs:   0  -- #Conts: 11 A(7)  E(3)  C(1) 
4427178685 5834.65 || noQ Q (Avg,Max,Min) (1.00, 1.01, 1.00) (1.00, 0.95, 1.01) #fs:   0  -- #Conts: 10 A(7)  E(3) 
4449598659 5027.53 || noQ Q (Avg,Max,Min) (1.02, 1.19, 1.00) (0.91, 0.09, 1.03) #fs:   0  -- #Conts: 14 H(2)  A(7)  G(1)  E(3)  C(1) 
4449803510 5011.76 || noQ Q (Avg,Max,Min) (1.01, 1.11, 1.00) (0.91, 0.15, 1.03) #fs:   0  -- #Conts: 14 H(1)  A(7)  G(2)  E(3)  C(1) 
4450198956 5010.76 || noQ Q (Avg,Max,Min) (1.01, 1.11, 1.00) (0.91, 0.15, 1.03) #fs:   0  -- #Conts: 14 H(1)  A(7)  G(2)  E(3)  C(1) 
4450403681 4997.71 || noQ Q (Avg,Max,Min) (0.99, 1.03, 0.84) (0.98, 0.72, 1.03) #fs:   1  -- #Conts: 13 H(1)  A(7)  G(1)  E(4) 
4452732296 4892.59 || noQ Q (Avg,Max,Min) (1.02, 1.15, 1.00) (0.90, 0.11, 1.01) #fs:   0  -- #Conts: 13 H(1)  A(7)  G(1)  E(3)  C(1) 
4452972093 4876.82 || noQ Q (Avg,Max,Min) (1.01, 1.09, 1.00) (0.90, 0.17, 1.01) #fs:   0  -- #Conts: 13 A(7)  G(2)  E(3)  C(1) 
4453463917 4872.82 || noQ Q (Avg,Max,Min) (1.01, 1.10, 1.00) (0.94, 0.33, 1.01) #fs:   0  -- #Conts: 12 A(7)  G(2)  E(3) 
4453694809 4866.76 || noQ Q (Avg,Max,Min) (1.00, 1.01, 0.99) (0.99, 0.91, 1.01) #fs:   1  -- #Conts: 11 A(7)  G(1)  E(3) 
4454639997 4864.06 || noQ Q (Avg,Max,Min) (1.00, 1.02, 1.00) (0.97, 0.64, 1.01) #fs:   0  -- #Conts: 12 A(7)  G(1)  E(3)  C(1) 
4454804029 4863.76 || noQ Q (Avg,Max,Min) (1.00, 1.01, 1.00) (1.00, 0.95, 1.01) #fs:   1  -- #Conts: 11 A(7)  G(1)  E(3) 
4460838710 4863.06 || noQ Q (Avg,Max,Min) (1.00, 1.02, 1.00) (0.97, 0.64, 1.01) #fs:   0  -- #Conts: 12 A(7)  G(1)  E(3)  C(1) 
4470838139 4862.06 || noQ Q (Avg,Max,Min) (1.00, 1.01, 1.00) (1.00, 0.99, 1.01) #fs:   0  -- #Conts: 11 A(7)  G(1)  E(3) 
4646590995 4861.88 || noQ Q (Avg,Max,Min) (1.02, 1.15, 1.00) (0.92, 0.11, 1.01) #fs:   0  -- #Conts: 11 H(1)  A(6)  E(4) 
4646830792 4846.12 || noQ Q (Avg,Max,Min) (1.01, 1.09, 1.00) (0.93, 0.17, 1.01) #fs:   0  -- #Conts: 11 A(6)  G(1)  E(4) 
4647322616 4843.12 || noQ Q (Avg,Max,Min) (1.01, 1.10, 1.00) (0.94, 0.33, 1.01) #fs:   0  -- #Conts: 11 A(6)  G(1)  E(4) 
4647553508 4837.06 || noQ Q (Avg,Max,Min) (1.01, 1.04, 1.00) (0.94, 0.37, 1.01) #fs:   0  -- #Conts: 11 A(6)  E(5) 
4648498696 4834.35 || noQ Q (Avg,Max,Min) (1.00, 1.02, 1.00) (0.97, 0.64, 1.01) #fs:   0  -- #Conts: 11 A(6)  E(4)  C(1) 
4648662728 4834.06 || noQ Q (Avg,Max,Min) (1.01, 1.04, 1.00) (0.97, 0.70, 1.01) #fs:   0  -- #Conts: 11 A(6)  E(5) 
4654697409 4833.35 || noQ Q (Avg,Max,Min) (1.00, 1.02, 1.00) (0.97, 0.64, 1.01) #fs:   0  -- #Conts: 11 A(6)  E(4)  C(1) 
4664696838 4832.35 || noQ Q (Avg,Max,Min) (1.00, 1.01, 1.00) (1.00, 1.00, 1.01) #fs:   0  -- #Conts: 10 A(6)  E(4) 
6443499310 4809.71 || noQ Q (Avg,Max,Min) (1.01, 1.06, 1.00) (0.91, 0.20, 1.01) #fs:   2  -- #Conts: 9 H(1)  A(5)  E(3) 
6443879916 4793.94 || noQ Q (Avg,Max,Min) (1.01, 1.10, 1.00) (0.92, 0.33, 1.01) #fs:   1  -- #Conts: 9 A(5)  G(1)  E(3) 
6444171115 4792.94 || noQ Q (Avg,Max,Min) (1.01, 1.10, 1.00) (0.92, 0.33, 1.01) #fs:   1  -- #Conts: 9 A(5)  G(1)  E(3) 
6444321557 4791.59 || noQ Q (Avg,Max,Min) (1.01, 1.05, 1.00) (0.87, 0.32, 1.01) #fs:   1  -- #Conts: 10 A(5)  E(5) 
6444571557 4790.59 || noQ Q (Avg,Max,Min) (1.01, 1.05, 1.00) (0.87, 0.32, 1.01) #fs:   1  -- #Conts: 10 A(5)  E(5) 
6445055996 4788.88 || noQ Q (Avg,Max,Min) (1.01, 1.05, 1.00) (0.90, 0.32, 1.01) #fs:   1  -- #Conts: 10 A(5)  E(4)  C(1) 
6445129004 4786.18 || noQ Q (Avg,Max,Min) (1.01, 1.03, 1.00) (0.92, 0.55, 1.01) #fs:   1  -- #Conts: 10 A(5)  E(3)  C(2) 
6445220028 4784.88 || noQ Q (Avg,Max,Min) (1.01, 1.04, 1.00) (0.97, 0.70, 1.01) #fs:   1  -- #Conts: 9 A(5)  E(4) 
6445511227 4783.88 || noQ Q (Avg,Max,Min) (1.01, 1.04, 1.00) (0.97, 0.70, 1.01) #fs:   1  -- #Conts: 9 A(5)  E(4) 
6461885848 4782.18 || noQ Q (Avg,Max,Min) (1.00, 1.01, 1.00) (1.00, 0.99, 1.01) #fs:   1  -- #Conts: 8 A(5)  E(3) 
/////////////////size: 212
nodes 48 edges 56
 mulT: 5000 mulD: 5000  sumData GB 6744
pareto /SIPHT.n.50.0.dax time -> 1112.0
moheft /SIPHT.n.50.0.dax time -> 1767.0
distance from M to C 0.04245283018867924
distance from P to C 218.0272276781592
distance from C to M 9.146110060289022
distance from C to P 310.70163507002076
toCompare: /SIPHT.n.50.0.dax sumDataGB: 6744 mulT: 5000 mulD: 5000 paretoOptTime_MS: 1112.0 MoheftOptimizationTime_MS: 1767.0 MtoC 0.04245283018867924 PtoC 218.0272276781592 CtoM 9.146110060289022 CtoP 310.70163507002076
