specify -Dflow d,b,mt,md,size
Running /home/vaggelis/jc/LIGO.n.50.0.dax mt 30 md: 1000 size null
   1463780 362.59 || noQ Q (Avg,Max,Min) (0.87, 1.02, 0.68) (0.31, 0.22, 0.37) #fs:  11  -- #Conts: 12 H(11)  G(1) 
   1477262 346.82 || noQ Q (Avg,Max,Min) (0.90, 1.02, 0.77) (0.32, 0.25, 0.38) #fs:  12  -- #Conts: 12 H(10)  G(2) 
   1543647 331.06 || noQ Q (Avg,Max,Min) (0.88, 1.01, 0.79) (0.34, 0.28, 0.43) #fs:  13  -- #Conts: 12 H(9)  G(3) 
   1766701 315.29 || noQ Q (Avg,Max,Min) (0.86, 1.01, 0.79) (0.36, 0.28, 0.49) #fs:  13  -- #Conts: 12 H(8)  G(4) 
   1915516 299.53 || noQ Q (Avg,Max,Min) (0.84, 1.01, 0.73) (0.37, 0.28, 0.53) #fs:  13  -- #Conts: 12 H(7)  G(5) 
   1978863 283.76 || noQ Q (Avg,Max,Min) (0.85, 1.00, 0.71) (0.39, 0.28, 0.53) #fs:  13  -- #Conts: 12 H(6)  G(6) 
   2049574 268.00 || noQ Q (Avg,Max,Min) (0.85, 1.00, 0.68) (0.41, 0.28, 0.54) #fs:  13  -- #Conts: 12 H(5)  G(7) 
   2104478 252.24 || noQ Q (Avg,Max,Min) (0.85, 1.00, 0.66) (0.43, 0.28, 0.56) #fs:  13  -- #Conts: 12 H(4)  G(8) 
   2201156 236.47 || noQ Q (Avg,Max,Min) (0.85, 1.00, 0.63) (0.45, 0.28, 0.59) #fs:  13  -- #Conts: 12 H(3)  G(9) 
   2302996 220.71 || noQ Q (Avg,Max,Min) (0.86, 1.00, 0.60) (0.47, 0.28, 0.61) #fs:  13  -- #Conts: 12 H(2)  G(10) 
   2358283 204.94 || noQ Q (Avg,Max,Min) (0.88, 1.00, 0.69) (0.49, 0.28, 0.62) #fs:  12  -- #Conts: 12 H(1)  G(11) 
   2457033 189.18 || noQ Q (Avg,Max,Min) (0.85, 1.01, 0.63) (0.51, 0.34, 0.62) #fs:  15  -- #Conts: 12 G(12) 
   2789968 180.12 || noQ Q (Avg,Max,Min) (0.87, 1.01, 0.67) (0.55, 0.37, 0.76) #fs:  16  -- #Conts: 12 G(11)  E(1) 
   2962266 171.06 || noQ Q (Avg,Max,Min) (0.86, 1.00, 0.72) (0.58, 0.42, 0.82) #fs:  17  -- #Conts: 12 G(10)  E(2) 
   3319270 157.65 || noQ Q (Avg,Max,Min) (0.91, 1.05, 0.80) (0.72, 0.57, 0.82) #fs:   4  -- #Conts: 5 H(5) 
   3608816 141.88 || noQ Q (Avg,Max,Min) (0.90, 1.01, 0.79) (0.80, 0.63, 0.97) #fs:   6  -- #Conts: 5 H(4)  G(1) 
   6734066 140.82 || noQ Q (Avg,Max,Min) (0.84, 1.00, 0.55) (0.65, 0.50, 0.82) #fs:  14  -- #Conts: 13 E(13) 
   7863696 134.12 || noQ Q (Avg,Max,Min) (0.82, 1.00, 0.55) (0.67, 0.50, 0.93) #fs:  14  -- #Conts: 12 E(12) 
   8786204 132.24 || noQ Q (Avg,Max,Min) (0.91, 1.01, 0.72) (0.74, 0.58, 1.01) #fs:  14  -- #Conts: 15 E(3)  C(12) 
   8800627 130.82 || noQ Q (Avg,Max,Min) (0.93, 1.01, 0.75) (0.75, 0.58, 1.01) #fs:  15  -- #Conts: 15 E(2)  C(13) 
   9018894 129.41 || noQ Q (Avg,Max,Min) (0.94, 1.01, 0.73) (0.76, 0.58, 1.01) #fs:  13  -- #Conts: 15 E(1)  C(14) 
   9529780 128.00 || noQ Q (Avg,Max,Min) (0.92, 1.01, 0.69) (0.76, 0.58, 1.01) #fs:  12  -- #Conts: 15 C(15) 
  10097500 127.41 || noQ Q (Avg,Max,Min) (0.79, 1.00, 0.55) (0.67, 0.50, 0.93) #fs:  12  -- #Conts: 12 E(12) 
  10773583 121.41 || noQ Q (Avg,Max,Min) (0.92, 1.00, 0.66) (0.80, 0.66, 0.98) #fs:   9  -- #Conts: 15 E(1)  C(14) 
  10789702 120.00 || noQ Q (Avg,Max,Min) (0.94, 1.00, 0.71) (0.81, 0.66, 0.98) #fs:   7  -- #Conts: 15 C(15) 
  13299786 116.00 || noQ Q (Avg,Max,Min) (0.95, 1.03, 0.72) (0.84, 0.69, 0.99) #fs:   6  -- #Conts: 15 C(15) 
  14403780 112.00 || noQ Q (Avg,Max,Min) (0.98, 1.03, 0.86) (0.86, 0.74, 0.99) #fs:   5  -- #Conts: 15 C(15) 
  15810916 108.00 || noQ Q (Avg,Max,Min) (0.96, 1.00, 0.79) (0.88, 0.74, 0.98) #fs:   7  -- #Conts: 10 C(10) 
/////////////////size: 28
   4020247 254.24 || noQ Q (Avg,Max,Min) (0.92, 1.02, 0.52) (0.42, 0.15, 0.92) #fs:   6  -- #Conts: 11 H(5)  A(2)  G(4) 
   4065548 238.47 || noQ Q (Avg,Max,Min) (0.92, 1.02, 0.52) (0.45, 0.15, 0.92) #fs:   6  -- #Conts: 10 H(5)  A(2)  G(3) 
   4331818 222.71 || noQ Q (Avg,Max,Min) (0.90, 1.02, 0.50) (0.48, 0.15, 0.92) #fs:   6  -- #Conts: 9 H(5)  A(2)  G(2) 
   4404460 206.94 || noQ Q (Avg,Max,Min) (0.97, 1.02, 0.80) (0.43, 0.15, 0.98) #fs:   6  -- #Conts: 12 H(3)  A(2)  G(7) 
   4649753 191.18 || noQ Q (Avg,Max,Min) (0.97, 1.02, 0.80) (0.47, 0.19, 0.98) #fs:   6  -- #Conts: 11 H(3)  A(2)  G(6) 
   4803844 175.41 || noQ Q (Avg,Max,Min) (0.96, 1.02, 0.80) (0.51, 0.24, 0.98) #fs:   6  -- #Conts: 10 H(3)  A(2)  G(5) 
   4951150 166.35 || noQ Q (Avg,Max,Min) (0.96, 1.02, 0.80) (0.54, 0.24, 0.98) #fs:   7  -- #Conts: 10 H(3)  A(2)  G(4)  E(1) 
   4959371 159.65 || noQ Q (Avg,Max,Min) (0.96, 1.02, 0.80) (0.57, 0.26, 0.98) #fs:   6  -- #Conts: 9 H(3)  A(2)  G(4) 
   5010446 157.29 || noQ Q (Avg,Max,Min) (0.96, 1.02, 0.80) (0.56, 0.26, 0.98) #fs:   7  -- #Conts: 10 H(3)  A(2)  G(3)  E(2) 
   5031269 150.59 || noQ Q (Avg,Max,Min) (0.96, 1.02, 0.80) (0.60, 0.31, 0.98) #fs:   6  -- #Conts: 9 H(3)  A(2)  G(3)  E(1) 
   5224730 148.24 || noQ Q (Avg,Max,Min) (0.96, 1.02, 0.80) (0.58, 0.31, 0.98) #fs:   6  -- #Conts: 10 H(3)  A(2)  G(2)  E(3) 
   5372995 145.88 || noQ Q (Avg,Max,Min) (0.96, 1.02, 0.80) (0.58, 0.31, 0.98) #fs:   7  -- #Conts: 11 H(3)  A(2)  G(1)  E(5) 
   5525540 143.18 || noQ Q (Avg,Max,Min) (0.96, 1.02, 0.80) (0.60, 0.31, 0.98) #fs:   7  -- #Conts: 11 H(3)  A(2)  G(1)  E(4)  C(1) 
   5628494 140.82 || noQ Q (Avg,Max,Min) (0.97, 1.02, 0.80) (0.60, 0.31, 0.98) #fs:   6  -- #Conts: 12 H(3)  A(2)  E(6)  C(1) 
   5764707 134.82 || noQ Q (Avg,Max,Min) (0.95, 1.02, 0.80) (0.67, 0.31, 0.98) #fs:   6  -- #Conts: 8 H(3)  A(2)  G(2)  E(1) 
   5883207 132.12 || noQ Q (Avg,Max,Min) (0.95, 1.02, 0.80) (0.70, 0.31, 0.98) #fs:   6  -- #Conts: 8 H(3)  A(2)  G(2)  C(1) 
   6137034 131.06 || noQ Q (Avg,Max,Min) (0.96, 1.02, 0.80) (0.69, 0.31, 0.98) #fs:   7  -- #Conts: 10 H(3)  A(2)  G(1)  E(1)  C(3) 
   6190283 128.35 || noQ Q (Avg,Max,Min) (0.96, 1.02, 0.80) (0.72, 0.31, 0.98) #fs:   7  -- #Conts: 10 H(3)  A(2)  G(1)  C(4) 
   6319190 128.12 || noQ Q (Avg,Max,Min) (0.95, 1.02, 0.80) (0.73, 0.31, 0.98) #fs:   6  -- #Conts: 7 H(3)  A(2)  G(2) 
   6540136 123.65 || noQ Q (Avg,Max,Min) (1.00, 1.02, 0.86) (0.71, 0.15, 0.96) #fs:   3  -- #Conts: 12 H(2)  A(2)  G(1)  E(4)  C(3) 
   6647099 120.94 || noQ Q (Avg,Max,Min) (0.99, 1.02, 0.88) (0.74, 0.15, 0.96) #fs:   4  -- #Conts: 12 H(2)  A(2)  G(1)  E(3)  C(4) 
   6732410 119.65 || noQ Q (Avg,Max,Min) (0.99, 1.02, 0.86) (0.75, 0.15, 0.96) #fs:   4  -- #Conts: 11 H(2)  A(2)  G(1)  E(4)  C(2) 
   6927352 115.65 || noQ Q (Avg,Max,Min) (0.98, 1.02, 0.75) (0.79, 0.15, 1.00) #fs:   4  -- #Conts: 10 H(2)  A(2)  G(1)  E(4)  C(1) 
  10771763 114.94 || noQ Q (Avg,Max,Min) (0.95, 1.03, 0.66) (0.80, 0.58, 1.01) #fs:   3  -- #Conts: 10 H(1)  G(2)  E(3)  C(4) 
  11036818 110.94 || noQ Q (Avg,Max,Min) (0.95, 1.03, 0.76) (0.86, 0.61, 1.01) #fs:   3  -- #Conts: 9 H(1)  G(2)  E(3)  C(3) 
  11086472 109.65 || noQ Q (Avg,Max,Min) (0.98, 1.03, 0.79) (0.89, 0.76, 1.01) #fs:   2  -- #Conts: 7 H(1)  G(2)  E(3)  C(1) 
  56071919 108.59 || noQ Q (Avg,Max,Min) (1.00, 1.03, 1.00) (0.90, 0.73, 1.01) #fs:   0  -- #Conts: 12 G(1)  A(7)  E(3)  C(1) 
 102557083 106.88 || noQ Q (Avg,Max,Min) (1.01, 1.03, 1.00) (0.89, 0.73, 1.01) #fs:   0  -- #Conts: 9 G(1)  A(3)  E(2)  C(3) 
/////////////////size: 28
nodes 50 edges 60
 mulT: 30 mulD: 1000  sumData GB 1447
pareto /LIGO.n.50.0.dax time -> 1207.0
moheft /LIGO.n.50.0.dax time -> 216.0
distance from M to C 1.0271712789352427
distance from P to C 4.8728891853727045
distance from C to M 9.618585324737102
distance from C to P 4.692783330661347
toCompare: /LIGO.n.50.0.dax sumDataGB: 1447 mulT: 30 mulD: 1000 paretoOptTime_MS: 1207.0 MoheftOptimizationTime_MS: 216.0 MtoC 1.0271712789352427 PtoC 4.8728891853727045 CtoM 9.618585324737102 CtoP 4.692783330661347
