specify -Dflow d,b,mt,md,size
Running /home/vaggelis/jc/CYBERSHAKE.n.100.0.dax mt 1000 md: 1000 size null
  19452623 882.82 || noQ Q (Avg,Max,Min) (3.04, 3.84, 1.28) (2.32, 1.12, 3.07) #fs:   8  -- #Conts: 12 H(12) 
  19626567 851.29 || noQ Q (Avg,Max,Min) (2.91, 3.63, 1.29) (2.35, 1.18, 3.07) #fs:   6  -- #Conts: 11 H(11) 
  20176133 819.76 || noQ Q (Avg,Max,Min) (2.77, 4.15, 1.30) (2.51, 1.18, 4.01) #fs:   5  -- #Conts: 9 H(9) 
  21223145 788.24 || noQ Q (Avg,Max,Min) (2.73, 4.05, 1.28) (2.51, 1.25, 4.04) #fs:   4  -- #Conts: 9 H(9) 
  24953992 693.65 || noQ Q (Avg,Max,Min) (2.51, 2.99, 1.24) (2.18, 1.22, 2.58) #fs:  21  -- #Conts: 27 G(27) 
  24954450 677.88 || noQ Q (Avg,Max,Min) (2.50, 2.99, 1.24) (2.23, 1.22, 2.62) #fs:  22  -- #Conts: 27 G(27) 
  25622294 662.12 || noQ Q (Avg,Max,Min) (2.52, 3.10, 1.24) (2.26, 1.22, 2.93) #fs:  19  -- #Conts: 26 G(26) 
  25689992 646.35 || noQ Q (Avg,Max,Min) (2.54, 3.10, 1.24) (2.28, 1.22, 2.95) #fs:  17  -- #Conts: 25 G(25) 
  41536252 630.35 || noQ Q (Avg,Max,Min) (1.82, 2.19, 1.22) (1.59, 1.17, 2.18) #fs:  15  -- #Conts: 27 E(27) 
  41701525 623.65 || noQ Q (Avg,Max,Min) (1.81, 2.19, 1.35) (1.60, 1.23, 2.18) #fs:  14  -- #Conts: 26 E(26) 
  42541618 616.94 || noQ Q (Avg,Max,Min) (1.80, 2.19, 1.23) (1.61, 1.18, 2.18) #fs:  13  -- #Conts: 25 E(25) 
  42737667 610.24 || noQ Q (Avg,Max,Min) (1.78, 2.19, 1.34) (1.62, 1.22, 2.18) #fs:  12  -- #Conts: 24 E(24) 
  43043028 603.53 || noQ Q (Avg,Max,Min) (1.78, 2.20, 1.35) (1.65, 1.24, 2.18) #fs:  13  -- #Conts: 23 E(23) 
  43268483 596.82 || noQ Q (Avg,Max,Min) (1.77, 2.20, 1.35) (1.66, 1.23, 2.18) #fs:  13  -- #Conts: 22 E(22) 
  43465533 590.12 || noQ Q (Avg,Max,Min) (1.76, 2.19, 1.33) (1.68, 1.24, 2.18) #fs:  12  -- #Conts: 21 E(21) 
  45975281 583.41 || noQ Q (Avg,Max,Min) (1.78, 2.19, 1.35) (1.71, 1.26, 2.18) #fs:  11  -- #Conts: 20 E(20) 
  46033703 576.71 || noQ Q (Avg,Max,Min) (1.80, 2.19, 1.35) (1.74, 1.30, 2.18) #fs:  11  -- #Conts: 19 E(19) 
  47149751 570.00 || noQ Q (Avg,Max,Min) (1.82, 2.19, 1.35) (1.77, 1.32, 2.18) #fs:  11  -- #Conts: 18 E(18) 
  47589983 563.29 || noQ Q (Avg,Max,Min) (1.83, 2.19, 1.35) (1.80, 1.32, 2.18) #fs:   9  -- #Conts: 17 E(17) 
  53557358 556.59 || noQ Q (Avg,Max,Min) (1.80, 2.05, 1.41) (1.79, 1.40, 2.01) #fs:   2  -- #Conts: 13 E(13) 
/////////////////size: 20
  23047002 939.29 || noQ Q (Avg,Max,Min) (3.45, 6.83, 1.26) (1.86, 1.15, 2.38) #fs:  16  -- #Conts: 37 H(14)  G(8)  E(12)  C(3) 
  23090163 907.76 || noQ Q (Avg,Max,Min) (3.37, 6.26, 1.25) (1.87, 1.15, 2.38) #fs:  14  -- #Conts: 37 H(12)  G(10)  E(12)  C(3) 
  23198251 892.00 || noQ Q (Avg,Max,Min) (3.43, 7.11, 1.25) (1.93, 1.15, 3.80) #fs:   6  -- #Conts: 37 H(12)  G(10)  E(12)  C(3) 
  23271514 876.24 || noQ Q (Avg,Max,Min) (3.36, 6.89, 1.25) (1.93, 1.16, 3.82) #fs:   7  -- #Conts: 37 H(11)  G(11)  E(12)  C(3) 
  23302237 862.82 || noQ Q (Avg,Max,Min) (3.43, 6.80, 1.25) (2.01, 1.16, 3.83) #fs:   7  -- #Conts: 36 H(11)  G(11)  E(11)  C(3) 
  23325532 849.41 || noQ Q (Avg,Max,Min) (3.45, 6.73, 1.25) (2.09, 1.16, 3.83) #fs:   8  -- #Conts: 36 H(11)  G(11)  E(11)  C(3) 
  23350515 833.65 || noQ Q (Avg,Max,Min) (3.35, 6.94, 1.25) (2.14, 1.16, 3.82) #fs:   9  -- #Conts: 35 H(11)  G(10)  E(11)  C(3) 
  23429180 799.76 || noQ Q (Avg,Max,Min) (3.21, 6.73, 1.25) (2.14, 1.16, 3.86) #fs:   9  -- #Conts: 34 H(9)  G(11)  E(11)  C(3) 
  23480202 789.29 || noQ Q (Avg,Max,Min) (2.98, 6.55, 1.25) (2.04, 1.16, 3.86) #fs:   9  -- #Conts: 35 H(7)  G(13)  E(11)  C(4) 
  23491084 780.24 || noQ Q (Avg,Max,Min) (2.90, 6.37, 1.24) (2.01, 1.15, 3.87) #fs:   9  -- #Conts: 35 H(6)  G(14)  E(11)  C(4) 
  23536301 778.82 || noQ Q (Avg,Max,Min) (2.87, 6.26, 1.24) (1.96, 1.15, 3.88) #fs:  13  -- #Conts: 37 H(5)  G(16)  E(11)  C(5) 
  23643903 763.06 || noQ Q (Avg,Max,Min) (2.94, 6.32, 1.23) (2.01, 1.15, 3.92) #fs:   7  -- #Conts: 37 H(5)  G(16)  E(11)  C(5) 
  23650655 756.35 || noQ Q (Avg,Max,Min) (3.00, 6.03, 1.23) (2.05, 1.15, 3.91) #fs:   7  -- #Conts: 36 H(5)  G(16)  E(10)  C(5) 
  23748901 747.29 || noQ Q (Avg,Max,Min) (2.84, 5.80, 1.23) (2.01, 1.16, 3.95) #fs:   9  -- #Conts: 36 H(4)  G(16)  E(11)  C(5) 
  23753290 731.53 || noQ Q (Avg,Max,Min) (2.91, 5.82, 1.23) (2.07, 1.16, 3.95) #fs:   6  -- #Conts: 36 H(4)  G(16)  E(11)  C(5) 
  23801231 724.82 || noQ Q (Avg,Max,Min) (2.97, 5.73, 1.23) (2.11, 1.16, 3.96) #fs:   4  -- #Conts: 35 H(4)  G(16)  E(10)  C(5) 
  23907598 715.76 || noQ Q (Avg,Max,Min) (2.84, 5.51, 1.23) (2.13, 1.16, 3.99) #fs:   6  -- #Conts: 33 H(4)  G(14)  E(10)  C(5) 
  24153226 693.29 || noQ Q (Avg,Max,Min) (2.89, 5.30, 1.21) (2.20, 1.16, 4.06) #fs:   7  -- #Conts: 33 H(3)  G(16)  E(9)  C(5) 
  24192600 689.65 || noQ Q (Avg,Max,Min) (2.80, 5.16, 1.22) (2.18, 1.17, 4.05) #fs:   8  -- #Conts: 32 H(3)  G(15)  E(10)  C(4) 
  24300443 682.94 || noQ Q (Avg,Max,Min) (2.86, 5.16, 1.24) (2.19, 1.20, 4.10) #fs:   5  -- #Conts: 31 H(3)  G(15)  E(9)  C(4) 
  24407203 662.71 || noQ Q (Avg,Max,Min) (2.72, 5.16, 1.28) (2.16, 1.21, 4.11) #fs:   8  -- #Conts: 35 G(21)  E(8)  C(6) 
  24569791 653.65 || noQ Q (Avg,Max,Min) (2.70, 4.78, 1.24) (2.17, 1.21, 4.18) #fs:   5  -- #Conts: 34 G(20)  E(8)  C(6) 
  24695351 645.65 || noQ Q (Avg,Max,Min) (2.75, 4.78, 1.28) (2.27, 1.21, 4.21) #fs:   3  -- #Conts: 32 G(20)  E(7)  C(5) 
  24748005 632.24 || noQ Q (Avg,Max,Min) (2.75, 4.78, 1.28) (2.36, 1.21, 4.23) #fs:   6  -- #Conts: 32 G(20)  E(7)  C(5) 
  24830747 608.47 || noQ Q (Avg,Max,Min) (2.70, 4.50, 1.24) (2.51, 1.21, 4.21) #fs:   8  -- #Conts: 30 G(19)  E(7)  C(4) 
  24974248 599.41 || noQ Q (Avg,Max,Min) (2.68, 4.56, 1.24) (2.55, 1.21, 4.26) #fs:   7  -- #Conts: 29 G(18)  E(7)  C(4) 
  25257165 598.00 || noQ Q (Avg,Max,Min) (2.65, 4.56, 1.23) (2.54, 1.22, 4.26) #fs:   8  -- #Conts: 29 G(18)  E(6)  C(5) 
  25336629 595.65 || noQ Q (Avg,Max,Min) (2.61, 4.56, 1.23) (2.51, 1.22, 4.25) #fs:   8  -- #Conts: 28 G(17)  E(6)  C(5) 
  25789553 593.18 || noQ Q (Avg,Max,Min) (2.55, 4.34, 1.23) (2.41, 1.21, 4.25) #fs:   8  -- #Conts: 29 G(16)  E(6)  C(7) 
  27058421 589.65 || noQ Q (Avg,Max,Min) (2.51, 4.30, 1.23) (2.35, 1.23, 4.25) #fs:   5  -- #Conts: 27 G(14)  E(8)  C(5) 
  27376660 588.35 || noQ Q (Avg,Max,Min) (2.52, 4.30, 1.23) (2.37, 1.23, 4.25) #fs:   6  -- #Conts: 26 G(14)  E(8)  C(4) 
  28333226 587.94 || noQ Q (Avg,Max,Min) (2.43, 4.30, 1.00) (2.29, 0.24, 4.25) #fs:   6  -- #Conts: 27 G(14)  A(1)  E(7)  C(5) 
  28348157 583.94 || noQ Q (Avg,Max,Min) (2.45, 4.30, 1.00) (2.30, 0.24, 4.25) #fs:   5  -- #Conts: 27 G(14)  A(1)  E(7)  C(5) 
  28397340 582.94 || noQ Q (Avg,Max,Min) (2.50, 4.30, 1.23) (2.38, 1.23, 4.25) #fs:   5  -- #Conts: 26 G(14)  E(7)  C(5) 
  29745822 580.24 || noQ Q (Avg,Max,Min) (2.52, 4.30, 1.23) (2.40, 1.23, 4.25) #fs:   3  -- #Conts: 26 G(14)  E(7)  C(5) 
  32263840 578.76 || noQ Q (Avg,Max,Min) (1.90, 2.64, 1.00) (1.81, 0.54, 2.48) #fs:   6  -- #Conts: 22 G(5)  A(1)  E(9)  C(7) 
  32292192 577.76 || noQ Q (Avg,Max,Min) (1.94, 2.64, 1.23) (1.87, 1.23, 2.48) #fs:   6  -- #Conts: 21 G(5)  E(9)  C(7) 
  32477330 576.35 || noQ Q (Avg,Max,Min) (1.89, 2.49, 1.23) (1.84, 1.23, 2.48) #fs:   6  -- #Conts: 21 G(5)  E(8)  C(8) 
  32628742 576.06 || noQ Q (Avg,Max,Min) (1.90, 2.73, 1.00) (1.80, 0.16, 2.51) #fs:   7  -- #Conts: 22 G(5)  A(1)  E(9)  C(7) 
  32633251 575.06 || noQ Q (Avg,Max,Min) (1.94, 2.73, 1.23) (1.88, 1.23, 2.51) #fs:   7  -- #Conts: 21 G(5)  E(9)  C(7) 
  33219193 569.65 || noQ Q (Avg,Max,Min) (1.93, 2.85, 1.23) (1.87, 1.23, 2.51) #fs:   5  -- #Conts: 21 G(5)  E(8)  C(8) 
  33381584 568.06 || noQ Q (Avg,Max,Min) (1.90, 2.78, 1.00) (1.82, 0.17, 2.40) #fs:   7  -- #Conts: 21 G(5)  A(1)  E(8)  C(7) 
  33384135 567.06 || noQ Q (Avg,Max,Min) (1.94, 2.78, 1.23) (1.90, 1.23, 2.40) #fs:   8  -- #Conts: 20 G(5)  E(8)  C(7) 
  34386556 566.65 || noQ Q (Avg,Max,Min) (1.87, 2.75, 0.51) (1.82, 0.36, 2.74) #fs:  10  -- #Conts: 21 G(5)  A(1)  E(8)  C(7) 
  34675185 565.65 || noQ Q (Avg,Max,Min) (1.94, 2.75, 1.23) (1.89, 1.23, 2.74) #fs:   9  -- #Conts: 20 G(5)  E(8)  C(7) 
  35883742 564.65 || noQ Q (Avg,Max,Min) (1.83, 2.75, 0.47) (1.78, 0.44, 2.74) #fs:  10  -- #Conts: 22 G(5)  A(2)  E(8)  C(7) 
/////////////////size: 46
nodes 100 edges 192
 mulT: 1000 mulD: 1000  sumData GB 97599
pareto /CYBERSHAKE.n.100.0.dax time -> 4615.0
moheft /CYBERSHAKE.n.100.0.dax time -> 8058.0
distance from M to C 3.203336272539498
distance from P to C 7.001340024214881
distance from C to M 3.5173578998336903
distance from C to P 13.559503395309303
toCompare: /CYBERSHAKE.n.100.0.dax sumDataGB: 97599 mulT: 1000 mulD: 1000 paretoOptTime_MS: 4615.0 MoheftOptimizationTime_MS: 8058.0 MtoC 3.203336272539498 PtoC 7.001340024214881 CtoM 3.5173578998336903 CtoP 13.559503395309303
