specify -Dflow d,b,mt,md,size
Running /home/vaggelis/jc/MONTAGE.n.50.0.dax mt 1000 md: 5000 size null
   3505374 851.29 || noQ Q (Avg,Max,Min) (1.87, 2.72, 1.04) (0.43, 0.21, 2.65) #fs:  18  -- #Conts: 27 H(27) 
   3824614 551.76 || noQ Q (Avg,Max,Min) (1.50, 2.90, 0.82) (0.49, 0.28, 2.07) #fs:  17  -- #Conts: 26 H(9)  G(17) 
   3837375 536.00 || noQ Q (Avg,Max,Min) (1.50, 2.89, 0.91) (0.51, 0.28, 2.07) #fs:  18  -- #Conts: 25 H(9)  G(16) 
   3843936 520.24 || noQ Q (Avg,Max,Min) (1.50, 2.88, 0.91) (0.52, 0.28, 2.07) #fs:  18  -- #Conts: 24 H(9)  G(15) 
   3844364 504.47 || noQ Q (Avg,Max,Min) (1.51, 2.88, 0.91) (0.54, 0.28, 2.07) #fs:  18  -- #Conts: 23 H(9)  G(14) 
   3844731 488.71 || noQ Q (Avg,Max,Min) (1.52, 2.88, 0.91) (0.57, 0.28, 2.07) #fs:  18  -- #Conts: 22 H(9)  G(13) 
   3850533 472.94 || noQ Q (Avg,Max,Min) (1.58, 2.88, 0.91) (0.66, 0.28, 2.07) #fs:  18  -- #Conts: 18 H(12)  G(6) 
   3851049 457.18 || noQ Q (Avg,Max,Min) (1.63, 2.68, 1.20) (0.65, 0.28, 1.43) #fs:  17  -- #Conts: 16 H(11)  G(5) 
   3851311 441.41 || noQ Q (Avg,Max,Min) (1.60, 2.88, 1.03) (0.74, 0.28, 2.07) #fs:  18  -- #Conts: 16 H(12)  G(4) 
   4193320 409.88 || noQ Q (Avg,Max,Min) (1.58, 2.71, 1.06) (0.89, 0.43, 2.21) #fs:  17  -- #Conts: 13 H(13) 
   4200805 378.35 || noQ Q (Avg,Max,Min) (1.57, 2.70, 1.06) (0.96, 0.43, 2.21) #fs:  17  -- #Conts: 12 H(12) 
   4210578 346.82 || noQ Q (Avg,Max,Min) (1.60, 2.63, 1.06) (1.00, 0.43, 1.54) #fs:  17  -- #Conts: 10 H(10) 
   4211071 315.29 || noQ Q (Avg,Max,Min) (1.55, 2.95, 1.06) (1.15, 0.43, 2.42) #fs:  17  -- #Conts: 10 H(10) 
   4222961 283.76 || noQ Q (Avg,Max,Min) (1.54, 3.29, 1.31) (1.28, 1.09, 2.71) #fs:  18  -- #Conts: 9 H(9) 
   5544296 268.00 || noQ Q (Avg,Max,Min) (1.27, 2.07, 0.89) (0.98, 0.68, 1.59) #fs:  15  -- #Conts: 14 H(1)  G(13) 
   5849164 236.47 || noQ Q (Avg,Max,Min) (1.28, 2.25, 0.89) (0.99, 0.68, 1.83) #fs:  15  -- #Conts: 14 G(14) 
   6770200 234.12 || noQ Q (Avg,Max,Min) (1.25, 1.94, 1.09) (0.98, 0.55, 1.83) #fs:  15  -- #Conts: 14 G(13)  E(1) 
   6783799 220.71 || noQ Q (Avg,Max,Min) (1.39, 1.97, 1.24) (1.24, 0.98, 1.86) #fs:  12  -- #Conts: 9 H(1)  G(8) 
   7079895 204.94 || noQ Q (Avg,Max,Min) (1.37, 2.06, 1.15) (1.21, 0.79, 2.02) #fs:  13  -- #Conts: 9 G(9) 
   7092617 189.18 || noQ Q (Avg,Max,Min) (1.39, 2.19, 1.24) (1.28, 0.98, 2.16) #fs:  12  -- #Conts: 9 G(9) 
  11607298 187.76 || noQ Q (Avg,Max,Min) (1.11, 1.53, 0.83) (0.91, 0.70, 1.23) #fs:  16  -- #Conts: 11 E(11) 
  11637918 181.06 || noQ Q (Avg,Max,Min) (1.13, 1.53, 0.97) (0.94, 0.82, 1.23) #fs:  16  -- #Conts: 10 E(10) 
  12971417 167.65 || noQ Q (Avg,Max,Min) (1.09, 1.62, 0.83) (1.01, 0.80, 1.45) #fs:  14  -- #Conts: 10 E(10) 
  57240683 167.00 || noQ Q (Avg,Max,Min) (0.99, 1.04, 0.83) (0.96, 0.77, 1.03) #fs:  15  -- #Conts: 28 A(28) 
  57255460 165.00 || noQ Q (Avg,Max,Min) (1.00, 1.29, 0.83) (0.97, 0.77, 1.22) #fs:  14  -- #Conts: 29 A(29) 
  57343477 162.00 || noQ Q (Avg,Max,Min) (1.01, 1.28, 0.83) (0.98, 0.77, 1.22) #fs:  13  -- #Conts: 30 A(30) 
  57351920 159.00 || noQ Q (Avg,Max,Min) (1.02, 1.28, 0.83) (0.99, 0.77, 1.22) #fs:  12  -- #Conts: 31 A(31) 
  57421004 156.00 || noQ Q (Avg,Max,Min) (1.02, 1.28, 0.83) (1.00, 0.77, 1.23) #fs:  11  -- #Conts: 32 A(32) 
  57464606 153.00 || noQ Q (Avg,Max,Min) (1.03, 1.28, 0.83) (1.01, 0.77, 1.23) #fs:  10  -- #Conts: 33 A(33) 
  57482602 150.00 || noQ Q (Avg,Max,Min) (1.04, 1.28, 0.83) (1.02, 0.78, 1.23) #fs:   9  -- #Conts: 34 A(34) 
  57621487 148.00 || noQ Q (Avg,Max,Min) (1.04, 1.28, 1.00) (1.02, 0.81, 1.23) #fs:   8  -- #Conts: 35 A(35) 
  67715196 147.00 || noQ Q (Avg,Max,Min) (1.04, 1.15, 1.00) (1.02, 0.81, 1.13) #fs:   7  -- #Conts: 34 A(34) 
/////////////////size: 32
   4090616 709.41 || noQ Q (Avg,Max,Min) (1.75, 3.29, 0.92) (0.46, 0.21, 2.28) #fs:  17  -- #Conts: 28 H(17)  G(11) 
   4092161 693.65 || noQ Q (Avg,Max,Min) (1.76, 3.17, 0.92) (0.48, 0.21, 2.21) #fs:  15  -- #Conts: 27 H(17)  G(10) 
   4093511 677.88 || noQ Q (Avg,Max,Min) (1.74, 3.17, 0.92) (0.48, 0.21, 2.21) #fs:  15  -- #Conts: 27 H(16)  G(11) 
   4107972 662.12 || noQ Q (Avg,Max,Min) (1.75, 3.15, 0.91) (0.50, 0.21, 2.21) #fs:  16  -- #Conts: 26 H(16)  G(10) 
   4112201 646.35 || noQ Q (Avg,Max,Min) (1.73, 3.15, 0.91) (0.50, 0.21, 2.21) #fs:  16  -- #Conts: 26 H(15)  G(11) 
   4153269 630.59 || noQ Q (Avg,Max,Min) (1.74, 3.10, 0.89) (0.52, 0.21, 2.21) #fs:  16  -- #Conts: 25 H(15)  G(10) 
   4156230 614.82 || noQ Q (Avg,Max,Min) (1.72, 3.09, 0.89) (0.52, 0.21, 2.21) #fs:  16  -- #Conts: 25 H(14)  G(11) 
   4317067 599.06 || noQ Q (Avg,Max,Min) (1.68, 2.91, 0.84) (0.52, 0.21, 2.21) #fs:  16  -- #Conts: 25 H(13)  G(12) 
   4325515 583.29 || noQ Q (Avg,Max,Min) (1.66, 2.90, 0.84) (0.53, 0.21, 2.21) #fs:  16  -- #Conts: 25 H(12)  G(13) 
   4327555 567.53 || noQ Q (Avg,Max,Min) (1.64, 2.90, 0.84) (0.53, 0.21, 2.21) #fs:  16  -- #Conts: 25 H(11)  G(14) 
   4333538 520.24 || noQ Q (Avg,Max,Min) (1.58, 2.89, 0.84) (0.54, 0.21, 2.21) #fs:  16  -- #Conts: 25 H(8)  G(17) 
   4333623 504.47 || noQ Q (Avg,Max,Min) (1.56, 2.89, 0.84) (0.54, 0.21, 2.21) #fs:  16  -- #Conts: 25 H(7)  G(18) 
   4337137 488.71 || noQ Q (Avg,Max,Min) (1.54, 2.88, 0.84) (0.54, 0.21, 2.20) #fs:  16  -- #Conts: 25 H(6)  G(19) 
   4450708 441.41 || noQ Q (Avg,Max,Min) (2.13, 16.78, 1.00) (0.59, 0.28, 1.99) #fs:  14  -- #Conts: 23 H(5)  G(18) 
   4466519 425.65 || noQ Q (Avg,Max,Min) (2.16, 16.78, 1.00) (0.61, 0.28, 1.99) #fs:  15  -- #Conts: 22 H(5)  G(17) 
   4614056 378.35 || noQ Q (Avg,Max,Min) (2.22, 16.78, 0.95) (0.71, 0.28, 1.99) #fs:  15  -- #Conts: 19 H(5)  G(14) 
   4618767 362.59 || noQ Q (Avg,Max,Min) (2.25, 16.78, 0.95) (0.75, 0.28, 1.99) #fs:  15  -- #Conts: 18 H(5)  G(13) 
   4621627 346.82 || noQ Q (Avg,Max,Min) (2.28, 16.78, 0.95) (0.79, 0.28, 1.99) #fs:  15  -- #Conts: 17 H(5)  G(12) 
   4623287 331.06 || noQ Q (Avg,Max,Min) (2.35, 16.78, 0.88) (0.83, 0.28, 1.99) #fs:  15  -- #Conts: 16 H(5)  G(11) 
   4809255 290.47 || noQ Q (Avg,Max,Min) (2.46, 16.78, 0.90) (0.96, 0.28, 1.99) #fs:  14  -- #Conts: 14 H(5)  G(8)  E(1) 
   5079664 283.76 || noQ Q (Avg,Max,Min) (1.44, 2.43, 0.91) (0.96, 0.28, 2.36) #fs:  15  -- #Conts: 14 H(4)  G(10) 
   5081812 274.71 || noQ Q (Avg,Max,Min) (1.41, 2.43, 0.91) (0.98, 0.28, 2.36) #fs:  16  -- #Conts: 14 H(4)  G(9)  E(1) 
   5094318 268.00 || noQ Q (Avg,Max,Min) (1.43, 2.42, 0.91) (1.03, 0.28, 2.36) #fs:  16  -- #Conts: 13 H(4)  G(9) 
   5114123 258.94 || noQ Q (Avg,Max,Min) (1.42, 2.41, 0.90) (1.04, 0.28, 2.36) #fs:  15  -- #Conts: 13 H(4)  G(8)  E(1) 
   5634517 243.18 || noQ Q (Avg,Max,Min) (1.38, 2.33, 1.13) (1.09, 0.49, 1.82) #fs:  15  -- #Conts: 11 H(4)  G(6)  E(1) 
   5961512 236.47 || noQ Q (Avg,Max,Min) (1.53, 3.11, 1.10) (1.18, 0.73, 1.89) #fs:   9  -- #Conts: 9 H(1)  G(8) 
   6116057 227.41 || noQ Q (Avg,Max,Min) (1.49, 2.73, 1.10) (1.16, 0.49, 1.72) #fs:  10  -- #Conts: 10 H(1)  G(8)  E(1) 
   6122008 220.71 || noQ Q (Avg,Max,Min) (1.52, 2.90, 1.10) (1.25, 0.84, 1.82) #fs:   9  -- #Conts: 9 H(1)  G(8) 
   6356818 211.65 || noQ Q (Avg,Max,Min) (1.45, 2.19, 1.10) (1.16, 0.49, 1.94) #fs:  10  -- #Conts: 10 H(1)  G(8)  E(1) 
   6361858 195.88 || noQ Q (Avg,Max,Min) (1.49, 2.35, 1.10) (1.24, 0.49, 2.08) #fs:   9  -- #Conts: 10 H(1)  G(8)  E(1) 
   6367809 189.18 || noQ Q (Avg,Max,Min) (1.53, 2.22, 1.10) (1.35, 0.84, 1.97) #fs:   8  -- #Conts: 9 H(1)  G(8) 
   6701660 173.41 || noQ Q (Avg,Max,Min) (1.55, 2.32, 1.10) (1.42, 0.96, 2.16) #fs:   6  -- #Conts: 9 H(1)  G(8) 
   9922473 172.35 || noQ Q (Avg,Max,Min) (1.48, 2.04, 1.10) (1.35, 0.96, 1.79) #fs:   7  -- #Conts: 11 H(1)  G(8)  E(1)  C(1) 
  10430780 161.18 || noQ Q (Avg,Max,Min) (1.44, 2.03, 1.24) (1.18, 0.88, 1.99) #fs:   4  -- #Conts: 14 H(1)  G(5)  E(2)  C(6) 
  11632452 159.76 || noQ Q (Avg,Max,Min) (1.44, 2.11, 1.24) (1.17, 0.88, 1.99) #fs:   3  -- #Conts: 16 H(1)  G(5)  E(2)  C(8) 
  11970490 158.47 || noQ Q (Avg,Max,Min) (1.44, 2.03, 1.18) (1.21, 0.88, 1.99) #fs:   4  -- #Conts: 14 H(1)  G(5)  E(2)  C(6) 
  18473326 150.88 || noQ Q (Avg,Max,Min) (1.34, 2.62, 1.04) (1.15, 0.88, 1.77) #fs:   3  -- #Conts: 16 G(4)  A(3)  E(3)  C(6) 
  19443475 148.18 || noQ Q (Avg,Max,Min) (1.28, 1.59, 1.04) (1.14, 0.88, 1.52) #fs:   4  -- #Conts: 16 G(4)  A(3)  E(3)  C(6) 
  27351218 147.18 || noQ Q (Avg,Max,Min) (1.29, 1.62, 1.04) (1.15, 0.88, 1.53) #fs:   3  -- #Conts: 17 G(4)  A(4)  E(3)  C(6) 
  27501018 143.47 || noQ Q (Avg,Max,Min) (1.41, 5.08, 1.04) (1.20, 0.90, 2.33) #fs:   1  -- #Conts: 19 G(4)  A(9)  E(2)  C(4) 
  28641585 142.76 || noQ Q (Avg,Max,Min) (1.33, 3.36, 1.00) (1.21, 0.89, 2.66) #fs:   2  -- #Conts: 18 G(4)  A(7)  E(1)  C(6) 
  28684694 141.76 || noQ Q (Avg,Max,Min) (1.32, 3.36, 1.00) (1.22, 0.90, 2.66) #fs:   2  -- #Conts: 18 G(4)  A(8)  E(1)  C(5) 
  28702690 140.76 || noQ Q (Avg,Max,Min) (1.32, 3.36, 1.04) (1.22, 0.90, 2.66) #fs:   1  -- #Conts: 19 G(4)  A(9)  E(1)  C(5) 
/////////////////size: 43
nodes 50 edges 108
 mulT: 1000 mulD: 5000  sumData GB 4689
pareto /MONTAGE.n.50.0.dax time -> 3497.0
moheft /MONTAGE.n.50.0.dax time -> 1150.0
distance from M to C 1.3488372536596094
distance from P to C 33.25265017701751
distance from C to M 2.2222222222222223
distance from C to P 6.450641439194362
toCompare: /MONTAGE.n.50.0.dax sumDataGB: 4689 mulT: 1000 mulD: 5000 paretoOptTime_MS: 3497.0 MoheftOptimizationTime_MS: 1150.0 MtoC 1.3488372536596094 PtoC 33.25265017701751 CtoM 2.2222222222222223 CtoP 6.450641439194362
