specify -Dflow d,b,mt,md,size
Running /home/vaggelis/jc/SIPHT.n.100.0.dax mt 10000 md: 10000 size null
1537168211 67299.53 || noQ Q (Avg,Max,Min) (0.95, 1.02, 0.00) (0.92, 0.00, 1.00) #fs:   4  -- #Conts: 17 H(14)  G(3) 
1537253606 53899.53 || noQ Q (Avg,Max,Min) (1.00, 1.02, 0.94) (0.98, 0.87, 1.00) #fs:   3  -- #Conts: 17 H(14)  G(3) 
1537512058 53868.00 || noQ Q (Avg,Max,Min) (1.00, 1.02, 0.94) (0.98, 0.87, 1.00) #fs:   3  -- #Conts: 17 H(14)  G(3) 
2567459652 47735.53 || noQ Q (Avg,Max,Min) (0.99, 1.01, 0.82) (0.93, 0.76, 1.01) #fs:   2  -- #Conts: 26 H(2)  G(24) 
2607914419 47136.47 || noQ Q (Avg,Max,Min) (0.99, 1.01, 0.82) (0.93, 0.76, 1.01) #fs:   2  -- #Conts: 26 H(1)  G(25) 
2632947184 46526.94 || noQ Q (Avg,Max,Min) (0.99, 1.01, 0.82) (0.93, 0.76, 1.01) #fs:   2  -- #Conts: 26 G(25)  E(1) 
4616046433 45282.12 || noQ Q (Avg,Max,Min) (0.98, 1.05, 0.00) (0.82, 0.00, 1.03) #fs:   4  -- #Conts: 47 E(46)  C(1) 
4616116404 36691.88 || noQ Q (Avg,Max,Min) (1.00, 1.06, 0.66) (0.84, 0.55, 1.01) #fs:   3  -- #Conts: 47 E(46)  C(1) 
5019059384 36681.18 || noQ Q (Avg,Max,Min) (0.99, 1.01, 0.66) (0.81, 0.55, 1.00) #fs:   4  -- #Conts: 41 E(41) 
5432913200 31972.00 || noQ Q (Avg,Max,Min) (0.97, 1.00, 0.00) (0.88, 0.00, 1.00) #fs:   5  -- #Conts: 43 C(43) 
5432983171 25944.00 || noQ Q (Avg,Max,Min) (1.00, 1.00, 0.81) (0.89, 0.67, 1.00) #fs:   4  -- #Conts: 43 C(43) 
5530549711 25929.41 || noQ Q (Avg,Max,Min) (1.00, 1.04, 0.83) (0.90, 0.67, 1.00) #fs:   1  -- #Conts: 40 E(2)  C(38) 
6464198110 10208.00 || noQ Q (Avg,Max,Min) (0.98, 1.00, 0.06) (0.97, 0.06, 1.00) #fs:   5  -- #Conts: 37 A(37) 
6464283505 8524.00 || noQ Q (Avg,Max,Min) (1.00, 1.00, 1.00) (0.99, 0.97, 1.00) #fs:   4  -- #Conts: 37 A(37) 
6477000150 8523.00 || noQ Q (Avg,Max,Min) (1.00, 1.00, 1.00) (0.99, 0.97, 1.00) #fs:   4  -- #Conts: 37 A(37) 
8639352296 8521.00 || noQ Q (Avg,Max,Min) (1.00, 1.00, 1.00) (0.99, 0.97, 1.00) #fs:   0  -- #Conts: 32 A(32) 
8659552296 8520.00 || noQ Q (Avg,Max,Min) (1.00, 1.00, 1.00) (0.99, 0.97, 1.00) #fs:   0  -- #Conts: 32 A(32) 
8749956665 8519.00 || noQ Q (Avg,Max,Min) (1.00, 1.00, 1.00) (0.99, 0.97, 1.00) #fs:   0  -- #Conts: 30 A(30) 
/////////////////size: 18
1537718067 53490.41 || noQ Q (Avg,Max,Min) (1.00, 1.01, 1.00) (1.00, 0.96, 1.01) #fs:   0  -- #Conts: 14 H(6)  G(2)  A(1)  E(3)  C(2) 
1537894079 53443.12 || noQ Q (Avg,Max,Min) (1.01, 1.15, 1.00) (0.96, 0.36, 1.01) #fs:   0  -- #Conts: 15 H(6)  G(3)  A(1)  E(3)  C(2) 
1539324985 53434.06 || noQ Q (Avg,Max,Min) (1.01, 1.07, 1.00) (0.98, 0.76, 1.01) #fs:   0  -- #Conts: 15 H(6)  G(2)  A(1)  E(4)  C(2) 
1543302072 53423.29 || noQ Q (Avg,Max,Min) (1.01, 1.07, 1.00) (0.98, 0.76, 1.01) #fs:   0  -- #Conts: 17 H(6)  G(3)  A(1)  E(4)  C(3) 
1544071632 53419.29 || noQ Q (Avg,Max,Min) (1.01, 1.07, 1.00) (0.98, 0.76, 1.01) #fs:   0  -- #Conts: 16 H(6)  G(3)  A(1)  E(4)  C(2) 
1544402299 53418.29 || noQ Q (Avg,Max,Min) (1.01, 1.07, 1.00) (0.99, 0.76, 1.02) #fs:   0  -- #Conts: 16 H(6)  G(3)  A(1)  E(4)  C(2) 
1547064240 53416.59 || noQ Q (Avg,Max,Min) (1.01, 1.06, 1.00) (0.99, 0.88, 1.01) #fs:   1  -- #Conts: 17 H(6)  G(3)  A(2)  E(3)  C(3) 
1547575982 53416.29 || noQ Q (Avg,Max,Min) (1.01, 1.07, 1.00) (0.98, 0.79, 1.02) #fs:   0  -- #Conts: 18 H(6)  G(3)  A(2)  E(4)  C(3) 
1563494279 53415.59 || noQ Q (Avg,Max,Min) (1.00, 1.02, 0.96) (1.00, 0.93, 1.01) #fs:   1  -- #Conts: 17 H(6)  G(3)  A(3)  E(3)  C(2) 
1568738785 53415.18 || noQ Q (Avg,Max,Min) (1.00, 1.01, 1.00) (0.99, 0.92, 1.01) #fs:   0  -- #Conts: 17 H(6)  G(2)  A(3)  E(4)  C(2) 
1586379981 53414.47 || noQ Q (Avg,Max,Min) (1.00, 1.01, 1.00) (0.99, 0.93, 1.01) #fs:   0  -- #Conts: 17 H(6)  G(2)  A(3)  E(4)  C(2) 
1600546565 53370.65 || noQ Q (Avg,Max,Min) (1.02, 1.37, 1.00) (0.95, 0.19, 1.01) #fs:   0  -- #Conts: 18 H(7)  G(2)  A(3)  E(4)  C(2) 
1600728185 53368.65 || noQ Q (Avg,Max,Min) (1.02, 1.37, 1.00) (0.95, 0.19, 1.01) #fs:   0  -- #Conts: 18 H(7)  G(2)  A(3)  E(4)  C(2) 
1601043085 53364.65 || noQ Q (Avg,Max,Min) (1.03, 1.37, 1.00) (0.95, 0.19, 1.01) #fs:   0  -- #Conts: 17 H(7)  G(2)  A(2)  E(4)  C(2) 
1601219949 53363.65 || noQ Q (Avg,Max,Min) (1.00, 1.01, 1.00) (1.00, 0.98, 1.01) #fs:   0  -- #Conts: 16 H(7)  G(2)  A(1)  E(4)  C(2) 
1601381166 53362.65 || noQ Q (Avg,Max,Min) (1.03, 1.37, 1.00) (0.95, 0.19, 1.01) #fs:   0  -- #Conts: 17 H(7)  G(2)  A(2)  E(4)  C(2) 
1601558030 53361.65 || noQ Q (Avg,Max,Min) (1.00, 1.01, 1.00) (1.00, 0.98, 1.01) #fs:   0  -- #Conts: 16 H(7)  G(2)  A(1)  E(4)  C(2) 
1601632306 53360.65 || noQ Q (Avg,Max,Min) (1.00, 1.01, 1.00) (1.00, 0.99, 1.01) #fs:   0  -- #Conts: 16 H(7)  G(2)  A(1)  E(4)  C(2) 
1601697610 53358.94 || noQ Q (Avg,Max,Min) (1.00, 1.01, 1.00) (1.00, 0.92, 1.01) #fs:   0  -- #Conts: 17 H(7)  G(2)  A(2)  E(4)  C(2) 
1601741948 53356.94 || noQ Q (Avg,Max,Min) (1.00, 1.01, 1.00) (1.00, 0.98, 1.01) #fs:   0  -- #Conts: 16 H(7)  G(2)  A(1)  E(4)  C(2) 
1601988875 53355.94 || noQ Q (Avg,Max,Min) (1.00, 1.01, 1.00) (1.00, 0.92, 1.01) #fs:   0  -- #Conts: 17 H(7)  G(2)  A(2)  E(4)  C(2) 
1605294205 53354.94 || noQ Q (Avg,Max,Min) (1.01, 1.06, 1.00) (0.99, 0.88, 1.01) #fs:   0  -- #Conts: 17 H(7)  G(2)  A(1)  E(4)  C(3) 
1644536741 53079.00 || noQ Q (Avg,Max,Min) (1.01, 1.02, 1.00) (0.99, 0.91, 1.02) #fs:   0  -- #Conts: 22 H(8)  G(5)  A(3)  E(4)  C(2) 
1644718361 53077.00 || noQ Q (Avg,Max,Min) (1.01, 1.02, 1.00) (0.99, 0.91, 1.02) #fs:   0  -- #Conts: 22 H(8)  G(5)  A(3)  E(4)  C(2) 
1645022215 53074.00 || noQ Q (Avg,Max,Min) (1.01, 1.02, 1.00) (0.99, 0.91, 1.02) #fs:   0  -- #Conts: 22 H(8)  G(5)  A(3)  E(4)  C(2) 
1645033261 53073.00 || noQ Q (Avg,Max,Min) (1.01, 1.02, 1.00) (0.99, 0.91, 1.02) #fs:   0  -- #Conts: 21 H(8)  G(5)  A(2)  E(4)  C(2) 
1645356454 53071.00 || noQ Q (Avg,Max,Min) (1.01, 1.02, 1.00) (0.99, 0.91, 1.02) #fs:   0  -- #Conts: 22 H(8)  G(5)  A(3)  E(4)  C(2) 
1645622482 53070.00 || noQ Q (Avg,Max,Min) (1.01, 1.02, 1.00) (0.99, 0.91, 1.02) #fs:   0  -- #Conts: 21 H(8)  G(5)  A(2)  E(4)  C(2) 
1645675196 53068.00 || noQ Q (Avg,Max,Min) (1.01, 1.02, 1.00) (0.99, 0.91, 1.02) #fs:   0  -- #Conts: 21 H(8)  G(5)  A(2)  E(4)  C(2) 
1645956721 53067.00 || noQ Q (Avg,Max,Min) (1.01, 1.02, 1.00) (0.99, 0.91, 1.02) #fs:   0  -- #Conts: 21 H(8)  G(5)  A(2)  E(4)  C(2) 
1646009435 53065.00 || noQ Q (Avg,Max,Min) (1.01, 1.02, 1.00) (0.99, 0.91, 1.02) #fs:   0  -- #Conts: 21 H(8)  G(5)  A(2)  E(4)  C(2) 
1646144481 53064.00 || noQ Q (Avg,Max,Min) (1.00, 1.02, 1.00) (0.99, 0.91, 1.02) #fs:   0  -- #Conts: 20 H(8)  G(5)  A(1)  E(4)  C(2) 
1646265556 53063.00 || noQ Q (Avg,Max,Min) (1.02, 1.23, 1.00) (0.96, 0.27, 1.02) #fs:   0  -- #Conts: 21 H(8)  G(5)  A(2)  E(4)  C(2) 
1646374059 53062.00 || noQ Q (Avg,Max,Min) (1.00, 1.02, 1.00) (0.99, 0.91, 1.02) #fs:   0  -- #Conts: 20 H(8)  G(5)  A(1)  E(4)  C(2) 
1646478720 53061.00 || noQ Q (Avg,Max,Min) (1.00, 1.02, 1.00) (0.99, 0.91, 1.02) #fs:   0  -- #Conts: 20 H(8)  G(5)  A(1)  E(4)  C(2) 
1646599795 53060.00 || noQ Q (Avg,Max,Min) (1.02, 1.23, 1.00) (0.96, 0.27, 1.02) #fs:   0  -- #Conts: 21 H(8)  G(5)  A(2)  E(4)  C(2) 
1646708298 53059.00 || noQ Q (Avg,Max,Min) (1.00, 1.02, 1.00) (0.99, 0.91, 1.02) #fs:   0  -- #Conts: 20 H(8)  G(5)  A(1)  E(4)  C(2) 
1646839968 53058.00 || noQ Q (Avg,Max,Min) (1.00, 1.02, 1.00) (0.99, 0.91, 1.02) #fs:   0  -- #Conts: 20 H(8)  G(5)  A(1)  E(4)  C(2) 
1647008777 53057.00 || noQ Q (Avg,Max,Min) (1.00, 1.02, 1.00) (0.99, 0.91, 1.02) #fs:   0  -- #Conts: 20 H(8)  G(5)  A(1)  E(4)  C(2) 
1647069546 53056.00 || noQ Q (Avg,Max,Min) (1.00, 1.02, 1.00) (0.99, 0.91, 1.02) #fs:   0  -- #Conts: 20 H(8)  G(5)  A(1)  E(4)  C(2) 
1647211345 53055.00 || noQ Q (Avg,Max,Min) (1.00, 1.02, 1.00) (0.99, 0.91, 1.02) #fs:   0  -- #Conts: 20 H(8)  G(5)  A(1)  E(4)  C(2) 
1647343016 53054.00 || noQ Q (Avg,Max,Min) (1.00, 1.02, 1.00) (0.99, 0.91, 1.02) #fs:   0  -- #Conts: 20 H(8)  G(5)  A(1)  E(4)  C(2) 
1652458675 53046.53 || noQ Q (Avg,Max,Min) (1.01, 1.07, 1.00) (0.98, 0.76, 1.02) #fs:   0  -- #Conts: 22 H(8)  G(4)  A(2)  E(6)  C(2) 
1653803585 53043.82 || noQ Q (Avg,Max,Min) (1.01, 1.07, 1.00) (0.98, 0.76, 1.02) #fs:   0  -- #Conts: 23 H(8)  G(4)  A(2)  E(6)  C(3) 
1667372724 53043.12 || noQ Q (Avg,Max,Min) (1.01, 1.02, 1.00) (0.98, 0.91, 1.02) #fs:   0  -- #Conts: 23 H(8)  G(4)  A(4)  E(5)  C(2) 
1700906127 51985.71 || noQ Q (Avg,Max,Min) (1.00, 1.03, 0.98) (0.99, 0.87, 1.01) #fs:   2  -- #Conts: 18 H(7)  G(5)  A(1)  E(4)  C(1) 
1701004632 51981.71 || noQ Q (Avg,Max,Min) (1.00, 1.03, 0.99) (0.99, 0.88, 1.01) #fs:   2  -- #Conts: 18 H(7)  G(5)  A(1)  E(4)  C(1) 
1701024270 51954.18 || noQ Q (Avg,Max,Min) (1.00, 1.03, 0.98) (0.99, 0.87, 1.01) #fs:   2  -- #Conts: 18 H(7)  G(5)  A(1)  E(4)  C(1) 
1701194891 51950.18 || noQ Q (Avg,Max,Min) (1.00, 1.03, 0.99) (0.99, 0.88, 1.01) #fs:   2  -- #Conts: 18 H(7)  G(5)  A(1)  E(4)  C(1) 
1701685195 51947.18 || noQ Q (Avg,Max,Min) (1.00, 1.03, 0.99) (0.99, 0.93, 1.01) #fs:   3  -- #Conts: 18 H(7)  G(5)  A(1)  E(4)  C(1) 
1701857403 51944.18 || noQ Q (Avg,Max,Min) (1.00, 1.03, 1.00) (0.99, 0.94, 1.01) #fs:   2  -- #Conts: 18 H(7)  G(5)  A(1)  E(4)  C(1) 
1702028369 51939.18 || noQ Q (Avg,Max,Min) (1.01, 1.03, 1.00) (0.99, 0.94, 1.01) #fs:   2  -- #Conts: 18 H(7)  G(5)  A(1)  E(4)  C(1) 
1704262357 51937.18 || noQ Q (Avg,Max,Min) (1.01, 1.06, 1.00) (0.99, 0.88, 1.02) #fs:   0  -- #Conts: 19 H(7)  G(5)  A(1)  E(4)  C(2) 
1705898141 51934.88 || noQ Q (Avg,Max,Min) (1.01, 1.07, 1.00) (0.98, 0.76, 1.04) #fs:   0  -- #Conts: 20 H(7)  G(5)  A(1)  E(5)  C(2) 
1708252564 51927.06 || noQ Q (Avg,Max,Min) (1.01, 1.07, 1.00) (0.98, 0.77, 1.01) #fs:   0  -- #Conts: 19 H(6)  G(6)  A(1)  E(5)  C(1) 
1708576233 51925.06 || noQ Q (Avg,Max,Min) (1.01, 1.07, 1.00) (0.98, 0.77, 1.01) #fs:   0  -- #Conts: 19 H(6)  G(6)  A(1)  E(5)  C(1) 
1708703528 51924.06 || noQ Q (Avg,Max,Min) (1.01, 1.07, 1.00) (0.98, 0.77, 1.01) #fs:   0  -- #Conts: 19 H(6)  G(6)  A(1)  E(5)  C(1) 
1709096988 51922.06 || noQ Q (Avg,Max,Min) (1.01, 1.07, 1.00) (0.98, 0.77, 1.01) #fs:   0  -- #Conts: 19 H(6)  G(6)  A(1)  E(5)  C(1) 
1709223858 51920.35 || noQ Q (Avg,Max,Min) (1.01, 1.07, 1.00) (0.98, 0.79, 1.01) #fs:   0  -- #Conts: 19 H(6)  G(6)  A(1)  E(5)  C(1) 
1709634892 51919.35 || noQ Q (Avg,Max,Min) (1.02, 1.23, 1.00) (0.95, 0.27, 1.01) #fs:   0  -- #Conts: 20 H(6)  G(6)  A(2)  E(5)  C(1) 
1709669819 51919.06 || noQ Q (Avg,Max,Min) (1.01, 1.07, 1.00) (0.98, 0.77, 1.01) #fs:   0  -- #Conts: 19 H(6)  G(6)  A(1)  E(5)  C(1) 
1709703988 51918.35 || noQ Q (Avg,Max,Min) (1.01, 1.07, 1.00) (0.98, 0.79, 1.02) #fs:   0  -- #Conts: 19 H(6)  G(6)  A(1)  E(5)  C(1) 
1710563517 51917.65 || noQ Q (Avg,Max,Min) (1.01, 1.06, 1.00) (0.99, 0.88, 1.01) #fs:   0  -- #Conts: 19 H(6)  G(6)  A(1)  E(4)  C(2) 
1732887813 51905.18 || noQ Q (Avg,Max,Min) (1.01, 1.18, 1.00) (0.97, 0.63, 1.01) #fs:   0  -- #Conts: 21 H(6)  G(6)  A(2)  E(6)  C(1) 
1733389176 51902.82 || noQ Q (Avg,Max,Min) (1.01, 1.03, 1.00) (0.99, 0.94, 1.01) #fs:   0  -- #Conts: 20 H(6)  G(5)  A(2)  E(6)  C(1) 
1734533007 51900.12 || noQ Q (Avg,Max,Min) (1.01, 1.06, 1.00) (0.98, 0.88, 1.01) #fs:   0  -- #Conts: 21 H(6)  G(5)  A(2)  E(6)  C(2) 
1750678378 51899.41 || noQ Q (Avg,Max,Min) (1.01, 1.03, 1.00) (0.99, 0.92, 1.01) #fs:   0  -- #Conts: 22 H(6)  G(5)  A(4)  E(6)  C(1) 
1870702907 51708.06 || noQ Q (Avg,Max,Min) (1.00, 1.03, 1.00) (0.99, 0.92, 1.01) #fs:   0  -- #Conts: 18 H(6)  G(3)  A(3)  E(4)  C(2) 
1873137448 51705.76 || noQ Q (Avg,Max,Min) (1.01, 1.07, 1.00) (0.98, 0.76, 1.01) #fs:   0  -- #Conts: 18 H(6)  G(3)  A(2)  E(5)  C(2) 
1890266667 51705.06 || noQ Q (Avg,Max,Min) (1.00, 1.03, 1.00) (0.99, 0.92, 1.01) #fs:   0  -- #Conts: 18 H(6)  G(3)  A(3)  E(4)  C(2) 
1919839720 51542.06 || noQ Q (Avg,Max,Min) (1.08, 2.00, 1.00) (0.90, 0.10, 1.01) #fs:   0  -- #Conts: 18 H(7)  G(2)  A(2)  E(4)  C(3) 
1920092363 51538.06 || noQ Q (Avg,Max,Min) (1.00, 1.02, 1.00) (1.00, 0.96, 1.00) #fs:   0  -- #Conts: 16 H(6)  G(2)  A(2)  E(4)  C(2) 
1920160252 51526.29 || noQ Q (Avg,Max,Min) (1.07, 2.00, 1.00) (0.91, 0.10, 1.01) #fs:   0  -- #Conts: 18 H(6)  G(3)  A(2)  E(4)  C(3) 
1920668564 51522.29 || noQ Q (Avg,Max,Min) (1.02, 1.22, 1.00) (0.95, 0.26, 1.01) #fs:   0  -- #Conts: 17 H(6)  G(3)  A(2)  E(4)  C(2) 
1921126295 51517.24 || noQ Q (Avg,Max,Min) (1.06, 2.00, 1.00) (0.92, 0.10, 1.01) #fs:   0  -- #Conts: 18 H(6)  G(2)  A(2)  E(5)  C(3) 
1921634607 51513.24 || noQ Q (Avg,Max,Min) (1.01, 1.10, 1.00) (0.97, 0.53, 1.01) #fs:   0  -- #Conts: 17 H(6)  G(2)  A(2)  E(5)  C(2) 
1922134043 51510.53 || noQ Q (Avg,Max,Min) (1.01, 1.06, 1.00) (1.00, 0.96, 1.01) #fs:   0  -- #Conts: 17 H(6)  G(2)  A(2)  E(4)  C(3) 
1925330144 51510.24 || noQ Q (Avg,Max,Min) (1.01, 1.13, 1.00) (0.98, 0.84, 1.01) #fs:   0  -- #Conts: 17 H(6)  G(2)  A(1)  E(5)  C(3) 
1943154965 51509.53 || noQ Q (Avg,Max,Min) (1.01, 1.06, 1.00) (0.99, 0.88, 1.01) #fs:   0  -- #Conts: 17 H(6)  G(2)  A(2)  E(4)  C(3) 
1989398511 51429.06 || noQ Q (Avg,Max,Min) (1.07, 2.00, 0.91) (0.90, 0.10, 1.02) #fs:   1  -- #Conts: 20 H(7)  G(3)  A(2)  E(5)  C(3) 
1989651154 51425.06 || noQ Q (Avg,Max,Min) (1.00, 1.02, 0.91) (0.98, 0.86, 1.02) #fs:   1  -- #Conts: 18 H(6)  G(3)  A(2)  E(5)  C(2) 
1989719043 51413.29 || noQ Q (Avg,Max,Min) (1.06, 2.00, 0.91) (0.90, 0.10, 1.02) #fs:   1  -- #Conts: 20 H(6)  G(4)  A(2)  E(5)  C(3) 
1990227355 51409.29 || noQ Q (Avg,Max,Min) (1.01, 1.22, 0.91) (0.94, 0.26, 1.02) #fs:   1  -- #Conts: 19 H(6)  G(4)  A(2)  E(5)  C(2) 
1990685086 51404.24 || noQ Q (Avg,Max,Min) (1.05, 2.00, 0.91) (0.92, 0.10, 1.02) #fs:   1  -- #Conts: 20 H(6)  G(3)  A(2)  E(6)  C(3) 
1991193398 51400.24 || noQ Q (Avg,Max,Min) (1.00, 1.10, 0.91) (0.96, 0.53, 1.02) #fs:   1  -- #Conts: 19 H(6)  G(3)  A(2)  E(6)  C(2) 
1991374079 51399.94 || noQ Q (Avg,Max,Min) (1.01, 1.10, 1.00) (0.95, 0.53, 1.02) #fs:   0  -- #Conts: 19 H(6)  G(3)  A(1)  E(7)  C(2) 
1991400378 51395.24 || noQ Q (Avg,Max,Min) (1.01, 1.07, 1.00) (0.98, 0.76, 1.02) #fs:   0  -- #Conts: 19 H(6)  G(3)  A(2)  E(6)  C(2) 
1992804560 51394.24 || noQ Q (Avg,Max,Min) (1.01, 1.07, 1.00) (0.97, 0.76, 1.02) #fs:   0  -- #Conts: 19 H(6)  G(3)  A(1)  E(6)  C(3) 
1992828194 51393.94 || noQ Q (Avg,Max,Min) (1.01, 1.07, 1.00) (0.96, 0.76, 1.02) #fs:   0  -- #Conts: 20 H(6)  G(3)  A(1)  E(7)  C(3) 
2008807152 51393.53 || noQ Q (Avg,Max,Min) (1.00, 1.02, 1.00) (0.98, 0.91, 1.02) #fs:   0  -- #Conts: 19 H(6)  G(3)  A(3)  E(5)  C(2) 
2009512768 51393.24 || noQ Q (Avg,Max,Min) (1.01, 1.07, 1.00) (0.97, 0.79, 1.02) #fs:   0  -- #Conts: 20 H(6)  G(3)  A(3)  E(6)  C(2) 
2009799695 51392.53 || noQ Q (Avg,Max,Min) (1.00, 1.02, 1.00) (0.98, 0.91, 1.02) #fs:   0  -- #Conts: 20 H(6)  G(3)  A(4)  E(5)  C(2) 
2010320262 51193.59 || noQ Q (Avg,Max,Min) (1.03, 1.26, 1.00) (0.91, 0.23, 1.02) #fs:   0  -- #Conts: 19 H(7)  G(3)  A(2)  E(4)  C(3) 
2010445327 51192.59 || noQ Q (Avg,Max,Min) (1.02, 1.26, 1.00) (0.95, 0.23, 1.02) #fs:   0  -- #Conts: 18 H(7)  G(3)  A(1)  E(4)  C(3) 
2010445401 51188.59 || noQ Q (Avg,Max,Min) (1.02, 1.31, 1.00) (0.96, 0.40, 1.02) #fs:   0  -- #Conts: 17 H(7)  G(3)  A(1)  E(4)  C(2) 
2010471147 51176.82 || noQ Q (Avg,Max,Min) (1.01, 1.15, 1.00) (0.96, 0.36, 1.02) #fs:   0  -- #Conts: 18 H(6)  G(4)  A(1)  E(4)  C(3) 
2011214887 51172.82 || noQ Q (Avg,Max,Min) (1.01, 1.15, 1.00) (0.96, 0.36, 1.02) #fs:   0  -- #Conts: 17 H(6)  G(4)  A(1)  E(4)  C(2) 
2011368490 51169.82 || noQ Q (Avg,Max,Min) (1.01, 1.17, 1.00) (0.98, 0.66, 1.02) #fs:   0  -- #Conts: 17 H(6)  G(4)  A(1)  E(4)  C(2) 
2013085137 51167.47 || noQ Q (Avg,Max,Min) (1.01, 1.10, 1.00) (0.96, 0.53, 1.02) #fs:   0  -- #Conts: 18 H(6)  G(3)  A(1)  E(6)  C(2) 
2014084942 51167.18 || noQ Q (Avg,Max,Min) (1.02, 1.10, 1.00) (0.95, 0.53, 1.02) #fs:   0  -- #Conts: 19 H(6)  G(3)  A(1)  E(7)  C(2) 
2014348554 51164.76 || noQ Q (Avg,Max,Min) (1.01, 1.07, 1.00) (0.98, 0.76, 1.02) #fs:   0  -- #Conts: 18 H(6)  G(3)  A(1)  E(5)  C(3) 
2014548867 51164.47 || noQ Q (Avg,Max,Min) (1.01, 1.07, 1.00) (0.97, 0.76, 1.02) #fs:   0  -- #Conts: 19 H(6)  G(3)  A(1)  E(6)  C(3) 
2029031272 51164.06 || noQ Q (Avg,Max,Min) (1.00, 1.02, 1.00) (0.99, 0.92, 1.02) #fs:   0  -- #Conts: 18 H(6)  G(3)  A(3)  E(4)  C(2) 
2031214161 51163.76 || noQ Q (Avg,Max,Min) (1.01, 1.07, 1.00) (0.98, 0.79, 1.02) #fs:   0  -- #Conts: 19 H(6)  G(3)  A(3)  E(5)  C(2) 
2031325156 51163.06 || noQ Q (Avg,Max,Min) (1.00, 1.02, 1.00) (0.99, 0.92, 1.02) #fs:   0  -- #Conts: 19 H(6)  G(3)  A(4)  E(4)  C(2) 
2043692044 50808.76 || noQ Q (Avg,Max,Min) (1.00, 1.02, 1.00) (0.99, 0.94, 1.01) #fs:   0  -- #Conts: 16 H(5)  G(3)  A(2)  E(4)  C(2) 
2044141072 50804.76 || noQ Q (Avg,Max,Min) (1.00, 1.02, 1.00) (1.00, 0.96, 1.01) #fs:   0  -- #Conts: 15 H(5)  G(3)  A(1)  E(4)  C(2) 
2044200143 50802.06 || noQ Q (Avg,Max,Min) (1.00, 1.02, 1.00) (0.99, 0.94, 1.01) #fs:   0  -- #Conts: 16 H(5)  G(3)  A(2)  E(4)  C(2) 
2044379546 50801.76 || noQ Q (Avg,Max,Min) (1.00, 1.02, 1.00) (1.00, 0.96, 1.01) #fs:   0  -- #Conts: 15 H(5)  G(3)  A(1)  E(4)  C(2) 
2044463949 50800.76 || noQ Q (Avg,Max,Min) (1.00, 1.02, 1.00) (1.00, 0.96, 1.01) #fs:   0  -- #Conts: 15 H(5)  G(3)  A(1)  E(4)  C(2) 
2047312174 50800.06 || noQ Q (Avg,Max,Min) (1.02, 1.23, 1.00) (0.95, 0.27, 1.01) #fs:   0  -- #Conts: 17 H(5)  G(3)  A(2)  E(4)  C(3) 
2057357485 50799.06 || noQ Q (Avg,Max,Min) (1.00, 1.02, 1.00) (1.00, 0.96, 1.01) #fs:   0  -- #Conts: 16 H(5)  G(3)  A(2)  E(4)  C(2) 
2149924036 50766.94 || noQ Q (Avg,Max,Min) (1.00, 1.01, 1.00) (0.99, 0.92, 1.01) #fs:   0  -- #Conts: 17 H(5)  G(3)  A(3)  E(4)  C(2) 
2150373064 50762.94 || noQ Q (Avg,Max,Min) (1.00, 1.01, 1.00) (0.99, 0.92, 1.01) #fs:   0  -- #Conts: 16 H(5)  G(3)  A(2)  E(4)  C(2) 
2153844831 50761.94 || noQ Q (Avg,Max,Min) (1.02, 1.23, 1.00) (0.95, 0.27, 1.01) #fs:   0  -- #Conts: 18 H(5)  G(3)  A(3)  E(4)  C(3) 
2163890142 50760.94 || noQ Q (Avg,Max,Min) (1.00, 1.01, 1.00) (0.99, 0.92, 1.01) #fs:   0  -- #Conts: 17 H(5)  G(3)  A(3)  E(4)  C(2) 
2173497858 50693.12 || noQ Q (Avg,Max,Min) (1.01, 1.03, 1.00) (0.99, 0.94, 1.01) #fs:   0  -- #Conts: 17 H(5)  G(5)  A(2)  E(3)  C(2) 
2173770411 50690.12 || noQ Q (Avg,Max,Min) (1.01, 1.03, 1.00) (0.99, 0.94, 1.01) #fs:   0  -- #Conts: 17 H(5)  G(5)  A(2)  E(3)  C(2) 
2177123079 50689.41 || noQ Q (Avg,Max,Min) (1.01, 1.03, 1.00) (0.99, 0.92, 1.01) #fs:   0  -- #Conts: 18 H(5)  G(5)  A(3)  E(3)  C(2) 
2273326896 48637.71 || noQ Q (Avg,Max,Min) (1.00, 1.01, 0.93) (0.99, 0.92, 1.01) #fs:   1  -- #Conts: 16 H(3)  G(7)  A(2)  E(3)  C(1) 
2273396867 48196.29 || noQ Q (Avg,Max,Min) (1.00, 1.01, 1.00) (0.99, 0.92, 1.01) #fs:   0  -- #Conts: 16 H(3)  G(7)  A(2)  E(3)  C(1) 
2273578487 48194.29 || noQ Q (Avg,Max,Min) (1.00, 1.01, 1.00) (1.00, 0.92, 1.01) #fs:   0  -- #Conts: 16 H(3)  G(7)  A(2)  E(3)  C(1) 
2273652763 48193.29 || noQ Q (Avg,Max,Min) (1.00, 1.01, 1.00) (1.00, 0.92, 1.01) #fs:   0  -- #Conts: 16 H(3)  G(7)  A(2)  E(3)  C(1) 
2273882341 48191.29 || noQ Q (Avg,Max,Min) (1.00, 1.01, 1.00) (1.00, 0.92, 1.01) #fs:   0  -- #Conts: 16 H(3)  G(7)  A(2)  E(3)  C(1) 
2273910268 48189.59 || noQ Q (Avg,Max,Min) (1.00, 1.01, 1.00) (1.00, 0.92, 1.01) #fs:   0  -- #Conts: 16 H(3)  G(7)  A(2)  E(3)  C(1) 
2274216580 48188.29 || noQ Q (Avg,Max,Min) (1.00, 1.01, 1.00) (1.00, 0.92, 1.01) #fs:   0  -- #Conts: 16 H(3)  G(7)  A(2)  E(3)  C(1) 
2274248349 48187.59 || noQ Q (Avg,Max,Min) (1.00, 1.01, 1.00) (1.00, 0.92, 1.01) #fs:   0  -- #Conts: 16 H(3)  G(7)  A(2)  E(3)  C(1) 
2274305744 48187.29 || noQ Q (Avg,Max,Min) (1.00, 1.01, 1.00) (1.00, 0.98, 1.01) #fs:   0  -- #Conts: 15 H(3)  G(7)  A(1)  E(3)  C(1) 
2274322625 48186.59 || noQ Q (Avg,Max,Min) (1.00, 1.01, 1.00) (1.00, 0.92, 1.01) #fs:   0  -- #Conts: 16 H(3)  G(7)  A(2)  E(3)  C(1) 
2274469791 48186.29 || noQ Q (Avg,Max,Min) (1.00, 1.01, 1.00) (1.00, 0.92, 1.01) #fs:   0  -- #Conts: 16 H(3)  G(7)  A(2)  E(3)  C(1) 
2274535322 48185.29 || noQ Q (Avg,Max,Min) (1.00, 1.01, 1.00) (1.00, 0.98, 1.01) #fs:   0  -- #Conts: 15 H(3)  G(7)  A(1)  E(3)  C(1) 
2274552203 48184.59 || noQ Q (Avg,Max,Min) (1.00, 1.01, 1.00) (1.00, 0.92, 1.01) #fs:   0  -- #Conts: 16 H(3)  G(7)  A(2)  E(3)  C(1) 
2274639983 48184.29 || noQ Q (Avg,Max,Min) (1.00, 1.01, 1.00) (1.00, 0.98, 1.01) #fs:   0  -- #Conts: 15 H(3)  G(7)  A(1)  E(3)  C(1) 
2274656864 48183.59 || noQ Q (Avg,Max,Min) (1.00, 1.01, 1.00) (1.00, 0.92, 1.01) #fs:   0  -- #Conts: 16 H(3)  G(7)  A(2)  E(3)  C(1) 
2274773645 48183.29 || noQ Q (Avg,Max,Min) (1.00, 1.01, 1.00) (1.00, 0.92, 1.01) #fs:   0  -- #Conts: 16 H(3)  G(7)  A(2)  E(3)  C(1) 
2274839177 48182.59 || noQ Q (Avg,Max,Min) (1.00, 1.01, 1.00) (1.00, 0.92, 1.01) #fs:   0  -- #Conts: 16 H(3)  G(7)  A(2)  E(3)  C(1) 
2274869561 48182.29 || noQ Q (Avg,Max,Min) (1.00, 1.01, 1.00) (1.00, 0.98, 1.01) #fs:   0  -- #Conts: 15 H(3)  G(7)  A(1)  E(3)  C(1) 
2274886442 48181.59 || noQ Q (Avg,Max,Min) (1.00, 1.01, 1.00) (1.00, 0.92, 1.01) #fs:   0  -- #Conts: 16 H(3)  G(7)  A(2)  E(3)  C(1) 
2274987726 48180.59 || noQ Q (Avg,Max,Min) (1.00, 1.01, 1.00) (1.00, 0.99, 1.01) #fs:   0  -- #Conts: 15 H(3)  G(7)  A(1)  E(3)  C(1) 
2275122772 48180.29 || noQ Q (Avg,Max,Min) (1.00, 1.01, 1.00) (1.00, 0.98, 1.01) #fs:   0  -- #Conts: 15 H(3)  G(7)  A(1)  E(3)  C(1) 
2275139653 48179.59 || noQ Q (Avg,Max,Min) (1.00, 1.01, 1.00) (1.00, 0.92, 1.01) #fs:   0  -- #Conts: 16 H(3)  G(7)  A(2)  E(3)  C(1) 
2275217304 48178.59 || noQ Q (Avg,Max,Min) (1.00, 1.01, 1.00) (1.00, 0.99, 1.01) #fs:   0  -- #Conts: 15 H(3)  G(7)  A(1)  E(3)  C(1) 
2275321965 48177.59 || noQ Q (Avg,Max,Min) (1.00, 1.01, 1.00) (1.00, 1.00, 1.01) #fs:   0  -- #Conts: 15 H(3)  G(7)  A(1)  E(3)  C(1) 
2275426626 48177.29 || noQ Q (Avg,Max,Min) (1.00, 1.01, 1.00) (1.00, 0.98, 1.01) #fs:   0  -- #Conts: 15 H(3)  G(7)  A(1)  E(3)  C(1) 
2275443507 48176.59 || noQ Q (Avg,Max,Min) (1.00, 1.01, 1.00) (1.00, 0.92, 1.01) #fs:   0  -- #Conts: 16 H(3)  G(7)  A(2)  E(3)  C(1) 
2275551543 48175.59 || noQ Q (Avg,Max,Min) (1.00, 1.01, 1.00) (1.00, 1.00, 1.01) #fs:   0  -- #Conts: 15 H(3)  G(7)  A(1)  E(3)  C(1) 
2275656204 48175.29 || noQ Q (Avg,Max,Min) (1.00, 1.01, 1.00) (1.00, 0.98, 1.01) #fs:   0  -- #Conts: 15 H(3)  G(7)  A(1)  E(3)  C(1) 
2275673085 48174.59 || noQ Q (Avg,Max,Min) (1.00, 1.01, 1.00) (1.00, 0.92, 1.01) #fs:   0  -- #Conts: 16 H(3)  G(7)  A(2)  E(3)  C(1) 
2275804754 48173.59 || noQ Q (Avg,Max,Min) (1.00, 1.01, 1.00) (1.00, 0.98, 1.01) #fs:   0  -- #Conts: 15 H(3)  G(7)  A(1)  E(3)  C(1) 
2275912791 48172.59 || noQ Q (Avg,Max,Min) (1.00, 1.01, 1.00) (1.00, 1.00, 1.01) #fs:   0  -- #Conts: 15 H(3)  G(7)  A(1)  E(3)  C(1) 
2276034332 48171.59 || noQ Q (Avg,Max,Min) (1.00, 1.01, 1.00) (1.00, 0.98, 1.01) #fs:   0  -- #Conts: 15 H(3)  G(7)  A(1)  E(3)  C(1) 
2276108608 48170.59 || noQ Q (Avg,Max,Min) (1.00, 1.01, 1.00) (1.00, 1.00, 1.01) #fs:   0  -- #Conts: 15 H(3)  G(7)  A(1)  E(3)  C(1) 
2293487936 48085.06 || noQ Q (Avg,Max,Min) (1.01, 1.07, 1.00) (0.98, 0.76, 1.01) #fs:   0  -- #Conts: 16 H(3)  G(7)  A(1)  E(3)  C(2) 
2293685920 48081.06 || noQ Q (Avg,Max,Min) (1.01, 1.07, 1.00) (0.98, 0.76, 1.01) #fs:   0  -- #Conts: 16 H(3)  G(7)  A(1)  E(3)  C(2) 
2294937540 48070.29 || noQ Q (Avg,Max,Min) (1.09, 2.00, 1.00) (0.88, 0.10, 1.02) #fs:   0  -- #Conts: 19 H(3)  G(9)  A(2)  E(3)  C(2) 
2295447061 48066.29 || noQ Q (Avg,Max,Min) (1.04, 1.30, 1.00) (0.92, 0.26, 1.02) #fs:   0  -- #Conts: 18 H(3)  G(9)  A(2)  E(3)  C(1) 
2295771172 48064.29 || noQ Q (Avg,Max,Min) (1.02, 1.22, 1.00) (0.94, 0.26, 1.02) #fs:   0  -- #Conts: 17 H(3)  G(9)  A(1)  E(3)  C(1) 
2295903583 48061.24 || noQ Q (Avg,Max,Min) (1.08, 2.00, 1.00) (0.89, 0.10, 1.02) #fs:   0  -- #Conts: 19 H(3)  G(8)  A(2)  E(4)  C(2) 
2296413104 48057.24 || noQ Q (Avg,Max,Min) (1.03, 1.30, 1.00) (0.93, 0.47, 1.02) #fs:   0  -- #Conts: 18 H(3)  G(8)  A(2)  E(4)  C(1) 
2296737215 48055.24 || noQ Q (Avg,Max,Min) (1.01, 1.10, 1.00) (0.96, 0.53, 1.02) #fs:   0  -- #Conts: 17 H(3)  G(8)  A(1)  E(4)  C(1) 
2296911331 48054.53 || noQ Q (Avg,Max,Min) (1.03, 1.30, 1.00) (0.96, 0.47, 1.02) #fs:   0  -- #Conts: 18 H(3)  G(8)  A(2)  E(3)  C(2) 
2297384269 48053.53 || noQ Q (Avg,Max,Min) (1.02, 1.23, 1.00) (0.94, 0.27, 1.02) #fs:   0  -- #Conts: 18 H(3)  G(8)  A(3)  E(3)  C(1) 
2298000632 48052.53 || noQ Q (Avg,Max,Min) (1.01, 1.07, 1.00) (0.98, 0.76, 1.02) #fs:   0  -- #Conts: 17 H(3)  G(8)  A(1)  E(3)  C(2) 
2298120846 48050.82 || noQ Q (Avg,Max,Min) (1.02, 1.23, 1.00) (0.96, 0.27, 1.02) #fs:   0  -- #Conts: 18 H(3)  G(8)  A(3)  E(2)  C(2) 
2308166157 48049.82 || noQ Q (Avg,Max,Min) (1.01, 1.02, 1.00) (1.00, 1.00, 1.02) #fs:   0  -- #Conts: 17 H(3)  G(8)  A(3)  E(2)  C(1) 
2556203169 47562.76 || noQ Q (Avg,Max,Min) (1.04, 1.38, 1.00) (0.91, 0.17, 1.02) #fs:   0  -- #Conts: 19 H(4)  G(9)  A(2)  E(3)  C(1) 
2556268032 47547.00 || noQ Q (Avg,Max,Min) (1.02, 1.26, 1.00) (0.95, 0.23, 1.02) #fs:   0  -- #Conts: 18 H(3)  G(9)  A(2)  E(3)  C(1) 
2556269276 47531.24 || noQ Q (Avg,Max,Min) (1.02, 1.31, 1.00) (0.96, 0.40, 1.02) #fs:   0  -- #Conts: 18 H(3)  G(9)  A(2)  E(3)  C(1) 
2556278867 47521.47 || noQ Q (Avg,Max,Min) (1.01, 1.03, 1.00) (0.99, 0.94, 1.02) #fs:   0  -- #Conts: 18 H(2)  G(9)  A(3)  E(3)  C(1) 
2557048427 47517.47 || noQ Q (Avg,Max,Min) (1.01, 1.03, 1.00) (1.00, 0.94, 1.02) #fs:   0  -- #Conts: 17 H(2)  G(9)  A(2)  E(3)  C(1) 
2557064582 47512.47 || noQ Q (Avg,Max,Min) (1.02, 1.18, 1.00) (0.98, 0.63, 1.02) #fs:   0  -- #Conts: 18 H(2)  G(10)  A(2)  E(3)  C(1) 
2558010499 47510.12 || noQ Q (Avg,Max,Min) (1.01, 1.10, 1.00) (0.96, 0.53, 1.02) #fs:   0  -- #Conts: 19 H(2)  G(9)  A(2)  E(5)  C(1) 
2559273916 47507.41 || noQ Q (Avg,Max,Min) (1.01, 1.07, 1.00) (0.98, 0.76, 1.02) #fs:   0  -- #Conts: 19 H(2)  G(9)  A(2)  E(4)  C(2) 
2561166508 47506.12 || noQ Q (Avg,Max,Min) (1.02, 1.13, 1.00) (0.97, 0.79, 1.02) #fs:   0  -- #Conts: 19 H(2)  G(9)  A(1)  E(5)  C(2) 
2568422313 47067.76 || noQ Q (Avg,Max,Min) (1.01, 1.06, 1.00) (1.00, 0.93, 1.03) #fs:   0  -- #Conts: 16 H(3)  G(8)  A(2)  E(2)  C(1) 
2568728326 47065.47 || noQ Q (Avg,Max,Min) (1.03, 1.30, 1.00) (0.96, 0.47, 1.03) #fs:   0  -- #Conts: 17 H(3)  G(8)  A(2)  E(3)  C(1) 
2568871341 47064.76 || noQ Q (Avg,Max,Min) (1.02, 1.23, 1.00) (0.95, 0.27, 1.03) #fs:   0  -- #Conts: 16 H(3)  G(8)  A(2)  E(2)  C(1) 
2568979844 47063.76 || noQ Q (Avg,Max,Min) (1.01, 1.07, 1.00) (1.00, 0.97, 1.03) #fs:   0  -- #Conts: 15 H(3)  G(8)  A(1)  E(2)  C(1) 
2569059188 47062.76 || noQ Q (Avg,Max,Min) (0.98, 1.05, 0.59) (0.96, 0.37, 1.03) #fs:   1  -- #Conts: 16 H(3)  G(8)  A(2)  E(2)  C(1) 
2569167691 47061.76 || noQ Q (Avg,Max,Min) (1.03, 1.30, 1.00) (0.97, 0.47, 1.03) #fs:   0  -- #Conts: 16 H(3)  G(8)  A(2)  E(2)  C(1) 
2569283698 47060.76 || noQ Q (Avg,Max,Min) (1.01, 1.07, 1.00) (1.00, 0.99, 1.03) #fs:   0  -- #Conts: 15 H(3)  G(8)  A(1)  E(2)  C(1) 
2569393427 47059.76 || noQ Q (Avg,Max,Min) (0.98, 1.05, 0.55) (0.96, 0.37, 1.03) #fs:   1  -- #Conts: 16 H(3)  G(8)  A(2)  E(2)  C(1) 
2569501930 47058.76 || noQ Q (Avg,Max,Min) (1.03, 1.30, 1.00) (0.97, 0.47, 1.03) #fs:   0  -- #Conts: 16 H(3)  G(8)  A(2)  E(2)  C(1) 
2569617937 47057.76 || noQ Q (Avg,Max,Min) (1.01, 1.07, 1.00) (1.01, 1.00, 1.03) #fs:   0  -- #Conts: 15 H(3)  G(8)  A(1)  E(2)  C(1) 
2569782903 47056.76 || noQ Q (Avg,Max,Min) (1.02, 1.23, 1.00) (0.96, 0.27, 1.03) #fs:   0  -- #Conts: 16 H(3)  G(8)  A(2)  E(2)  C(1) 
2569891406 47055.76 || noQ Q (Avg,Max,Min) (1.01, 1.07, 1.00) (1.01, 0.98, 1.04) #fs:   0  -- #Conts: 15 H(3)  G(8)  A(1)  E(2)  C(1) 
2569979185 47054.76 || noQ Q (Avg,Max,Min) (1.01, 1.07, 1.00) (1.01, 1.00, 1.05) #fs:   0  -- #Conts: 15 H(3)  G(8)  A(1)  E(2)  C(1) 
2570117142 47053.76 || noQ Q (Avg,Max,Min) (1.02, 1.23, 1.00) (0.96, 0.27, 1.06) #fs:   0  -- #Conts: 16 H(3)  G(8)  A(2)  E(2)  C(1) 
2577177705 47039.24 || noQ Q (Avg,Max,Min) (1.01, 1.03, 1.00) (1.00, 0.97, 1.03) #fs:   0  -- #Conts: 16 H(2)  G(9)  A(2)  E(2)  C(1) 
2577547038 47038.24 || noQ Q (Avg,Max,Min) (1.02, 1.24, 1.00) (0.97, 0.55, 1.03) #fs:   0  -- #Conts: 17 H(2)  G(9)  A(2)  E(2)  C(2) 
2582724565 47037.94 || noQ Q (Avg,Max,Min) (1.02, 1.13, 1.00) (0.99, 0.84, 1.03) #fs:   0  -- #Conts: 17 H(2)  G(9)  A(1)  E(3)  C(2) 
2600549386 47037.24 || noQ Q (Avg,Max,Min) (1.01, 1.06, 1.00) (0.99, 0.88, 1.03) #fs:   0  -- #Conts: 17 H(2)  G(9)  A(2)  E(2)  C(2) 
2608196712 46482.94 || noQ Q (Avg,Max,Min) (1.01, 1.11, 1.00) (0.95, 0.40, 1.03) #fs:   1  -- #Conts: 17 H(2)  G(8)  A(1)  E(5)  C(1) 
2608797631 46467.18 || noQ Q (Avg,Max,Min) (1.02, 1.18, 1.00) (0.97, 0.63, 1.03) #fs:   0  -- #Conts: 17 H(1)  G(9)  A(1)  E(5)  C(1) 
2609483287 46464.82 || noQ Q (Avg,Max,Min) (1.01, 1.07, 0.97) (0.98, 0.79, 1.03) #fs:   1  -- #Conts: 16 H(1)  G(8)  A(1)  E(5)  C(1) 
2610480247 46462.82 || noQ Q (Avg,Max,Min) (1.01, 1.07, 0.97) (0.98, 0.79, 1.03) #fs:   2  -- #Conts: 16 H(1)  G(8)  A(1)  E(5)  C(1) 
2610746704 46462.12 || noQ Q (Avg,Max,Min) (1.01, 1.07, 1.00) (0.98, 0.79, 1.03) #fs:   0  -- #Conts: 17 H(1)  G(8)  A(1)  E(5)  C(2) 
2611251118 46460.12 || noQ Q (Avg,Max,Min) (1.01, 1.07, 0.98) (0.98, 0.79, 1.03) #fs:   1  -- #Conts: 17 H(1)  G(8)  A(1)  E(5)  C(2) 
2626588196 46459.41 || noQ Q (Avg,Max,Min) (1.01, 1.07, 1.00) (0.98, 0.79, 1.03) #fs:   0  -- #Conts: 18 H(1)  G(8)  A(3)  E(5)  C(1) 
2628044218 46458.71 || noQ Q (Avg,Max,Min) (1.01, 1.03, 1.00) (0.99, 0.92, 1.03) #fs:   0  -- #Conts: 18 H(1)  G(8)  A(4)  E(4)  C(1) 
2631899727 46422.53 || noQ Q (Avg,Max,Min) (1.04, 1.26, 1.00) (0.89, 0.23, 1.01) #fs:   0  -- #Conts: 13 H(2)  G(7)  A(1)  E(2)  C(1) 
2632039872 46406.76 || noQ Q (Avg,Max,Min) (1.04, 1.26, 1.00) (0.89, 0.23, 1.01) #fs:   1  -- #Conts: 13 H(2)  G(7)  A(1)  E(2)  C(1) 
2632157925 46404.76 || noQ Q (Avg,Max,Min) (1.05, 1.38, 1.00) (0.88, 0.17, 1.01) #fs:   0  -- #Conts: 13 H(2)  G(7)  A(1)  E(2)  C(1) 
2632160852 46389.00 || noQ Q (Avg,Max,Min) (1.02, 1.26, 1.00) (0.94, 0.23, 1.01) #fs:   0  -- #Conts: 12 H(1)  G(7)  A(1)  E(2)  C(1) 
2632390948 46373.24 || noQ Q (Avg,Max,Min) (1.03, 1.31, 1.00) (0.95, 0.40, 1.01) #fs:   0  -- #Conts: 12 H(1)  G(7)  A(1)  E(2)  C(1) 
2632844031 46345.41 || noQ Q (Avg,Max,Min) (1.01, 1.07, 1.00) (0.98, 0.76, 1.01) #fs:   1  -- #Conts: 15 G(9)  A(1)  E(3)  C(2) 
2634412833 46336.35 || noQ Q (Avg,Max,Min) (1.02, 1.07, 1.00) (0.96, 0.76, 1.01) #fs:   0  -- #Conts: 16 G(9)  A(1)  E(4)  C(2) 
2649587123 46335.65 || noQ Q (Avg,Max,Min) (1.01, 1.07, 1.00) (0.98, 0.79, 1.01) #fs:   0  -- #Conts: 16 G(9)  A(3)  E(3)  C(1) 
2651976804 46334.94 || noQ Q (Avg,Max,Min) (1.01, 1.03, 1.00) (0.99, 0.92, 1.01) #fs:   0  -- #Conts: 16 G(9)  A(4)  E(2)  C(1) 
2653701916 46332.53 || noQ Q (Avg,Max,Min) (1.00, 1.01, 1.00) (0.99, 0.93, 1.01) #fs:   0  -- #Conts: 14 G(8)  A(2)  E(3)  C(1) 
2671343112 46331.82 || noQ Q (Avg,Max,Min) (1.00, 1.01, 1.00) (0.99, 0.93, 1.01) #fs:   0  -- #Conts: 15 G(8)  A(3)  E(3)  C(1) 
2913991760 20107.94 || noQ Q (Avg,Max,Min) (1.00, 1.02, 1.00) (0.99, 0.91, 1.02) #fs:   0  -- #Conts: 19 H(3)  A(7)  G(3)  E(4)  C(2) 
2914173380 20105.94 || noQ Q (Avg,Max,Min) (1.00, 1.02, 1.00) (0.99, 0.91, 1.02) #fs:   0  -- #Conts: 19 H(3)  A(7)  G(3)  E(4)  C(2) 
2914581895 20101.94 || noQ Q (Avg,Max,Min) (1.00, 1.02, 1.00) (0.99, 0.91, 1.02) #fs:   0  -- #Conts: 19 H(3)  A(7)  G(3)  E(4)  C(2) 
2914811473 20099.94 || noQ Q (Avg,Max,Min) (1.00, 1.02, 1.00) (0.99, 0.91, 1.02) #fs:   0  -- #Conts: 19 H(3)  A(7)  G(3)  E(4)  C(2) 
2914948031 20098.94 || noQ Q (Avg,Max,Min) (1.00, 1.02, 1.00) (0.99, 0.91, 1.02) #fs:   0  -- #Conts: 19 H(3)  A(7)  G(3)  E(4)  C(2) 
2915234876 20095.94 || noQ Q (Avg,Max,Min) (1.00, 1.02, 1.00) (0.99, 0.91, 1.02) #fs:   0  -- #Conts: 19 H(3)  A(7)  G(3)  E(4)  C(2) 
2915464454 20093.94 || noQ Q (Avg,Max,Min) (1.00, 1.02, 1.00) (0.99, 0.91, 1.02) #fs:   0  -- #Conts: 19 H(3)  A(7)  G(3)  E(4)  C(2) 
2915470030 20092.94 || noQ Q (Avg,Max,Min) (1.00, 1.02, 1.00) (1.00, 0.91, 1.02) #fs:   0  -- #Conts: 18 H(3)  A(6)  G(3)  E(4)  C(2) 
2915686813 20091.94 || noQ Q (Avg,Max,Min) (1.02, 1.23, 1.00) (0.96, 0.27, 1.02) #fs:   0  -- #Conts: 19 H(3)  A(7)  G(3)  E(4)  C(2) 
2915795316 20090.94 || noQ Q (Avg,Max,Min) (1.00, 1.02, 1.00) (1.00, 0.91, 1.02) #fs:   0  -- #Conts: 18 H(3)  A(6)  G(3)  E(4)  C(2) 
2915916858 20089.94 || noQ Q (Avg,Max,Min) (1.00, 1.02, 1.00) (1.00, 0.91, 1.02) #fs:   0  -- #Conts: 18 H(3)  A(6)  G(3)  E(4)  C(2) 
2916099170 20088.94 || noQ Q (Avg,Max,Min) (1.00, 1.02, 1.00) (1.00, 0.91, 1.02) #fs:   0  -- #Conts: 18 H(3)  A(6)  G(3)  E(4)  C(2) 
2916146436 20087.94 || noQ Q (Avg,Max,Min) (1.00, 1.02, 1.00) (1.00, 0.91, 1.02) #fs:   0  -- #Conts: 18 H(3)  A(6)  G(3)  E(4)  C(2) 
2916278106 20086.94 || noQ Q (Avg,Max,Min) (1.00, 1.02, 1.00) (1.00, 0.91, 1.02) #fs:   0  -- #Conts: 18 H(3)  A(6)  G(3)  E(4)  C(2) 
2916433409 20085.94 || noQ Q (Avg,Max,Min) (1.00, 1.02, 1.00) (1.00, 0.91, 1.02) #fs:   0  -- #Conts: 18 H(3)  A(6)  G(3)  E(4)  C(2) 
2916507684 20084.94 || noQ Q (Avg,Max,Min) (1.00, 1.02, 1.00) (1.00, 0.91, 1.02) #fs:   0  -- #Conts: 18 H(3)  A(6)  G(3)  E(4)  C(2) 
2916649483 20083.94 || noQ Q (Avg,Max,Min) (1.00, 1.02, 1.00) (1.00, 0.91, 1.02) #fs:   0  -- #Conts: 18 H(3)  A(6)  G(3)  E(4)  C(2) 
2916794657 20082.94 || noQ Q (Avg,Max,Min) (1.00, 1.02, 1.00) (1.00, 0.91, 1.02) #fs:   0  -- #Conts: 18 H(3)  A(6)  G(3)  E(4)  C(2) 
3133667868 19516.88 || noQ Q (Avg,Max,Min) (1.02, 1.28, 1.00) (0.95, 0.24, 1.01) #fs:   0  -- #Conts: 19 H(3)  A(7)  G(3)  E(4)  C(2) 
3134116896 19512.88 || noQ Q (Avg,Max,Min) (1.02, 1.32, 1.00) (0.96, 0.41, 1.01) #fs:   0  -- #Conts: 19 H(3)  A(7)  G(3)  E(4)  C(2) 
3134138508 19501.12 || noQ Q (Avg,Max,Min) (1.00, 1.01, 1.00) (0.99, 0.91, 1.01) #fs:   0  -- #Conts: 18 H(2)  A(7)  G(3)  E(4)  C(2) 
3134908068 19497.12 || noQ Q (Avg,Max,Min) (1.00, 1.01, 1.00) (0.99, 0.91, 1.01) #fs:   0  -- #Conts: 18 H(2)  A(7)  G(3)  E(4)  C(2) 
3135278383 19495.12 || noQ Q (Avg,Max,Min) (1.00, 1.01, 1.00) (0.99, 0.91, 1.01) #fs:   0  -- #Conts: 18 H(2)  A(7)  G(3)  E(4)  C(2) 
3135621915 19492.06 || noQ Q (Avg,Max,Min) (1.01, 1.07, 1.00) (0.98, 0.79, 1.01) #fs:   0  -- #Conts: 19 H(2)  A(7)  G(3)  E(5)  C(2) 
3136047943 19491.12 || noQ Q (Avg,Max,Min) (1.00, 1.01, 1.00) (0.99, 0.91, 1.01) #fs:   0  -- #Conts: 17 H(2)  A(6)  G(3)  E(4)  C(2) 
3177358490 19001.41 || noQ Q (Avg,Max,Min) (1.04, 1.38, 1.00) (0.91, 0.17, 1.01) #fs:   0  -- #Conts: 20 H(3)  A(7)  G(4)  E(4)  C(2) 
3177423353 18985.65 || noQ Q (Avg,Max,Min) (1.02, 1.26, 1.00) (0.95, 0.23, 1.01) #fs:   0  -- #Conts: 19 H(2)  A(7)  G(4)  E(4)  C(2) 
3177424597 18969.88 || noQ Q (Avg,Max,Min) (1.02, 1.31, 1.00) (0.95, 0.40, 1.01) #fs:   0  -- #Conts: 19 H(2)  A(7)  G(4)  E(4)  C(2) 
3177434188 18960.12 || noQ Q (Avg,Max,Min) (1.00, 1.03, 1.00) (0.98, 0.91, 1.01) #fs:   0  -- #Conts: 18 H(1)  A(7)  G(4)  E(4)  C(2) 
3178203748 18956.12 || noQ Q (Avg,Max,Min) (1.00, 1.03, 1.00) (0.98, 0.91, 1.01) #fs:   0  -- #Conts: 18 H(1)  A(7)  G(4)  E(4)  C(2) 
3178219903 18954.12 || noQ Q (Avg,Max,Min) (1.01, 1.18, 1.00) (0.97, 0.63, 1.01) #fs:   0  -- #Conts: 19 H(1)  A(7)  G(5)  E(4)  C(2) 
3178881249 18951.76 || noQ Q (Avg,Max,Min) (1.01, 1.10, 1.00) (0.95, 0.53, 1.01) #fs:   0  -- #Conts: 20 H(1)  A(7)  G(4)  E(6)  C(2) 
3179642025 18950.47 || noQ Q (Avg,Max,Min) (1.02, 1.10, 1.00) (0.94, 0.53, 1.01) #fs:   0  -- #Conts: 20 H(1)  A(6)  G(4)  E(7)  C(2) 
3179908482 18949.06 || noQ Q (Avg,Max,Min) (1.01, 1.07, 1.00) (0.97, 0.76, 1.01) #fs:   0  -- #Conts: 20 H(1)  A(7)  G(4)  E(5)  C(3) 
3180412896 18947.76 || noQ Q (Avg,Max,Min) (1.01, 1.07, 1.00) (0.96, 0.76, 1.01) #fs:   0  -- #Conts: 20 H(1)  A(6)  G(4)  E(6)  C(3) 
3182321829 18946.76 || noQ Q (Avg,Max,Min) (1.02, 1.13, 1.00) (0.96, 0.79, 1.01) #fs:   0  -- #Conts: 20 H(1)  A(6)  G(4)  E(6)  C(3) 
3196010468 18946.06 || noQ Q (Avg,Max,Min) (1.01, 1.14, 1.00) (0.98, 0.86, 1.01) #fs:   0  -- #Conts: 20 H(1)  A(8)  G(4)  E(5)  C(2) 
3200146650 18945.35 || noQ Q (Avg,Max,Min) (1.01, 1.06, 1.00) (0.98, 0.88, 1.01) #fs:   0  -- #Conts: 20 H(1)  A(8)  G(4)  E(4)  C(3) 
3248188271 18387.06 || noQ Q (Avg,Max,Min) (1.02, 1.38, 1.00) (0.94, 0.17, 1.00) #fs:   0  -- #Conts: 19 H(1)  A(9)  G(3)  E(4)  C(2) 
3248491686 18355.53 || noQ Q (Avg,Max,Min) (1.00, 1.01, 1.00) (0.99, 0.91, 1.00) #fs:   0  -- #Conts: 18 A(9)  G(3)  E(4)  C(2) 
3613479137 18251.18 || noQ Q (Avg,Max,Min) (1.02, 1.38, 1.00) (0.95, 0.17, 1.01) #fs:   0  -- #Conts: 20 H(1)  A(7)  G(3)  E(7)  C(2) 
3613782552 18235.41 || noQ Q (Avg,Max,Min) (1.00, 1.01, 1.00) (1.00, 0.93, 1.01) #fs:   0  -- #Conts: 19 A(7)  G(3)  E(7)  C(2) 
3614765712 18226.35 || noQ Q (Avg,Max,Min) (1.01, 1.10, 1.00) (0.97, 0.53, 1.01) #fs:   0  -- #Conts: 20 A(7)  G(3)  E(8)  C(2) 
3616029129 18223.65 || noQ Q (Avg,Max,Min) (1.01, 1.06, 1.00) (0.99, 0.88, 1.01) #fs:   0  -- #Conts: 20 A(7)  G(3)  E(7)  C(3) 
3976266926 18223.35 || noQ Q (Avg,Max,Min) (1.02, 1.25, 1.00) (0.94, 0.28, 1.01) #fs:   0  -- #Conts: 20 A(9)  G(3)  E(6)  C(2) 
3986549745 18222.35 || noQ Q (Avg,Max,Min) (1.01, 1.07, 1.00) (0.98, 0.79, 1.01) #fs:   0  -- #Conts: 20 A(9)  G(3)  E(6)  C(2) 
3993538742 18221.65 || noQ Q (Avg,Max,Min) (1.00, 1.01, 1.00) (0.99, 0.91, 1.01) #fs:   0  -- #Conts: 19 A(9)  G(3)  E(5)  C(2) 
4153224300 18138.59 || noQ Q (Avg,Max,Min) (1.04, 1.38, 1.00) (0.91, 0.17, 1.02) #fs:   0  -- #Conts: 20 H(2)  A(8)  G(3)  E(5)  C(2) 
4153481265 18122.82 || noQ Q (Avg,Max,Min) (1.03, 1.28, 1.00) (0.92, 0.24, 1.02) #fs:   0  -- #Conts: 20 H(1)  A(8)  G(4)  E(5)  C(2) 
4153673328 18107.06 || noQ Q (Avg,Max,Min) (1.02, 1.32, 1.00) (0.96, 0.41, 1.02) #fs:   0  -- #Conts: 19 H(1)  A(8)  G(3)  E(5)  C(2) 
4154191639 18098.00 || noQ Q (Avg,Max,Min) (1.01, 1.16, 1.00) (0.96, 0.38, 1.02) #fs:   0  -- #Conts: 19 A(8)  G(4)  E(5)  C(2) 
4154480684 18091.29 || noQ Q (Avg,Max,Min) (1.01, 1.19, 1.00) (0.97, 0.64, 1.02) #fs:   0  -- #Conts: 19 A(8)  G(4)  E(5)  C(2) 
4155011355 18088.94 || noQ Q (Avg,Max,Min) (1.01, 1.10, 1.00) (0.97, 0.53, 1.02) #fs:   1  -- #Conts: 19 A(8)  G(3)  E(6)  C(2) 
4155620559 18085.29 || noQ Q (Avg,Max,Min) (1.01, 1.17, 1.00) (0.99, 0.91, 1.02) #fs:   0  -- #Conts: 18 A(7)  G(4)  E(5)  C(2) 
4155903604 18084.24 || noQ Q (Avg,Max,Min) (1.01, 1.06, 1.00) (0.98, 0.88, 1.02) #fs:   0  -- #Conts: 19 A(8)  G(3)  E(5)  C(3) 
4156746958 18082.24 || noQ Q (Avg,Max,Min) (1.00, 1.02, 1.00) (0.99, 0.91, 1.02) #fs:   1  -- #Conts: 18 A(8)  G(3)  E(5)  C(2) 
4255432928 17983.06 || noQ Q (Avg,Max,Min) (1.04, 1.38, 1.00) (0.89, 0.17, 1.02) #fs:   0  -- #Conts: 20 H(1)  A(7)  G(5)  E(5)  C(2) 
4255679775 17974.00 || noQ Q (Avg,Max,Min) (1.03, 1.38, 1.00) (0.92, 0.17, 1.02) #fs:   0  -- #Conts: 19 H(1)  A(7)  G(4)  E(5)  C(2) 
4255753460 17942.47 || noQ Q (Avg,Max,Min) (1.00, 1.02, 0.98) (0.97, 0.64, 1.02) #fs:   1  -- #Conts: 18 A(7)  G(4)  E(5)  C(2) 
4256603208 17940.47 || noQ Q (Avg,Max,Min) (0.99, 1.02, 0.77) (0.98, 0.68, 1.02) #fs:   1  -- #Conts: 18 A(7)  G(4)  E(5)  C(2) 
4256626685 17933.76 || noQ Q (Avg,Max,Min) (1.01, 1.17, 1.00) (1.00, 0.91, 1.04) #fs:   0  -- #Conts: 18 A(7)  G(4)  E(5)  C(2) 
4273620661 17933.71 || noQ Q (Avg,Max,Min) (1.01, 1.07, 1.00) (0.98, 0.76, 1.02) #fs:   0  -- #Conts: 20 A(9)  G(3)  E(6)  C(2) 
4275967984 17933.00 || noQ Q (Avg,Max,Min) (1.00, 1.02, 1.00) (0.99, 0.91, 1.02) #fs:   0  -- #Conts: 20 A(10)  G(3)  E(5)  C(2) 
4469046505 15140.24 || noQ Q (Avg,Max,Min) (1.02, 1.28, 1.00) (0.96, 0.24, 1.02) #fs:   0  -- #Conts: 18 H(1)  A(9)  G(3)  E(3)  C(2) 
4469495533 15136.24 || noQ Q (Avg,Max,Min) (1.02, 1.32, 1.00) (0.97, 0.41, 1.02) #fs:   0  -- #Conts: 18 H(1)  A(9)  G(3)  E(3)  C(2) 
4469533329 15124.47 || noQ Q (Avg,Max,Min) (1.01, 1.16, 1.00) (0.96, 0.38, 1.02) #fs:   0  -- #Conts: 18 A(9)  G(4)  E(3)  C(2) 
4470302889 15120.47 || noQ Q (Avg,Max,Min) (1.01, 1.19, 1.00) (0.98, 0.64, 1.02) #fs:   0  -- #Conts: 18 A(9)  G(4)  E(3)  C(2) 
4470673204 15118.47 || noQ Q (Avg,Max,Min) (1.01, 1.16, 1.00) (0.99, 0.74, 1.02) #fs:   0  -- #Conts: 18 A(9)  G(4)  E(3)  C(2) 
4471000552 15115.41 || noQ Q (Avg,Max,Min) (1.01, 1.07, 1.00) (0.99, 0.79, 1.02) #fs:   0  -- #Conts: 18 A(9)  G(3)  E(4)  C(2) 
4489246760 15114.71 || noQ Q (Avg,Max,Min) (1.00, 1.02, 1.00) (1.00, 0.93, 1.02) #fs:   0  -- #Conts: 17 A(9)  G(3)  E(3)  C(2) 
4508946760 15113.71 || noQ Q (Avg,Max,Min) (1.00, 1.02, 1.00) (1.00, 0.94, 1.02) #fs:   0  -- #Conts: 17 A(9)  G(3)  E(3)  C(2) 
4581352716 12616.29 || noQ Q (Avg,Max,Min) (1.02, 1.26, 1.00) (0.96, 0.23, 1.02) #fs:   0  -- #Conts: 17 H(1)  A(8)  G(3)  E(3)  C(2) 
4581801744 12612.29 || noQ Q (Avg,Max,Min) (1.02, 1.31, 1.00) (0.97, 0.40, 1.02) #fs:   0  -- #Conts: 17 H(1)  A(8)  G(3)  E(3)  C(2) 
4581827490 12600.53 || noQ Q (Avg,Max,Min) (1.01, 1.15, 1.00) (0.97, 0.36, 1.02) #fs:   0  -- #Conts: 17 A(8)  G(4)  E(3)  C(2) 
4582597050 12596.53 || noQ Q (Avg,Max,Min) (1.01, 1.18, 1.00) (0.98, 0.63, 1.02) #fs:   0  -- #Conts: 17 A(8)  G(4)  E(3)  C(2) 
4583258396 12591.47 || noQ Q (Avg,Max,Min) (1.01, 1.07, 1.00) (0.99, 0.76, 1.02) #fs:   0  -- #Conts: 17 A(8)  G(3)  E(4)  C(2) 
4593322248 9876.18 || noQ Q (Avg,Max,Min) (1.09, 2.13, 1.00) (0.87, 0.11, 1.02) #fs:   0  -- #Conts: 21 H(2)  A(9)  G(3)  E(4)  C(3) 
4593642780 9860.41 || noQ Q (Avg,Max,Min) (1.08, 2.13, 1.00) (0.88, 0.11, 1.02) #fs:   0  -- #Conts: 21 H(1)  A(9)  G(4)  E(4)  C(3) 
4593708002 9844.65 || noQ Q (Avg,Max,Min) (1.08, 2.13, 1.00) (0.92, 0.11, 1.02) #fs:   0  -- #Conts: 20 H(1)  A(9)  G(3)  E(4)  C(3) 
4594360124 9840.65 || noQ Q (Avg,Max,Min) (1.03, 1.22, 1.00) (0.92, 0.26, 1.02) #fs:   0  -- #Conts: 20 A(9)  G(5)  E(4)  C(2) 
4594515358 9828.88 || noQ Q (Avg,Max,Min) (1.07, 2.13, 1.00) (0.93, 0.11, 1.02) #fs:   0  -- #Conts: 20 A(9)  G(4)  E(4)  C(3) 
4595129684 9824.88 || noQ Q (Avg,Max,Min) (1.02, 1.19, 1.00) (0.97, 0.64, 1.02) #fs:   0  -- #Conts: 19 A(9)  G(4)  E(4)  C(2) 
4595655233 9822.18 || noQ Q (Avg,Max,Min) (1.07, 2.13, 1.00) (0.96, 0.11, 1.02) #fs:   0  -- #Conts: 19 A(9)  G(4)  E(3)  C(3) 
4595872240 9819.82 || noQ Q (Avg,Max,Min) (1.01, 1.07, 1.00) (0.97, 0.76, 1.02) #fs:   0  -- #Conts: 20 A(9)  G(3)  E(5)  C(3) 
4596269559 9818.18 || noQ Q (Avg,Max,Min) (1.01, 1.17, 1.00) (1.00, 0.99, 1.02) #fs:   0  -- #Conts: 18 A(9)  G(4)  E(3)  C(2) 
4612387522 9818.12 || noQ Q (Avg,Max,Min) (1.01, 1.07, 1.00) (0.99, 0.79, 1.02) #fs:   0  -- #Conts: 18 A(9)  G(3)  E(4)  C(2) 
4613099163 9817.41 || noQ Q (Avg,Max,Min) (1.00, 1.02, 1.00) (1.00, 0.94, 1.02) #fs:   0  -- #Conts: 18 A(10)  G(3)  E(3)  C(2) 
6444666022 8527.94 || noQ Q (Avg,Max,Min) (1.03, 1.26, 1.00) (0.91, 0.23, 1.01) #fs:   2  -- #Conts: 18 H(1)  A(9)  G(2)  E(4)  C(2) 
6444826810 8447.71 || noQ Q (Avg,Max,Min) (1.04, 1.28, 1.00) (0.87, 0.23, 1.01) #fs:   3  -- #Conts: 19 H(2)  A(7)  G(2)  E(6)  C(2) 
6445212941 8431.94 || noQ Q (Avg,Max,Min) (1.04, 1.32, 1.00) (0.92, 0.23, 1.01) #fs:   3  -- #Conts: 18 H(2)  A(7)  G(1)  E(6)  C(2) 
6445250737 8422.88 || noQ Q (Avg,Max,Min) (1.03, 1.26, 1.00) (0.89, 0.23, 1.01) #fs:   3  -- #Conts: 19 H(1)  A(7)  G(2)  E(7)  C(2) 
6445275838 8416.18 || noQ Q (Avg,Max,Min) (1.03, 1.31, 1.00) (0.92, 0.38, 1.01) #fs:   3  -- #Conts: 18 H(1)  A(7)  G(2)  E(6)  C(2) 
6445301584 8407.12 || noQ Q (Avg,Max,Min) (1.02, 1.16, 1.00) (0.90, 0.36, 1.01) #fs:   3  -- #Conts: 19 A(7)  G(3)  E(7)  C(2) 
6446020297 8400.41 || noQ Q (Avg,Max,Min) (1.02, 1.19, 1.00) (0.94, 0.36, 1.01) #fs:   3  -- #Conts: 18 A(7)  G(3)  E(6)  C(2) 
6446390612 8391.35 || noQ Q (Avg,Max,Min) (1.02, 1.16, 1.00) (0.95, 0.53, 1.01) #fs:   3  -- #Conts: 18 A(7)  G(2)  E(7)  C(2) 
6446498661 8388.65 || noQ Q (Avg,Max,Min) (1.02, 1.16, 1.00) (0.97, 0.74, 1.01) #fs:   3  -- #Conts: 18 A(7)  G(2)  E(6)  C(3) 
6446732490 8386.29 || noQ Q (Avg,Max,Min) (1.01, 1.07, 1.00) (0.96, 0.76, 1.01) #fs:   3  -- #Conts: 19 A(7)  G(1)  E(8)  C(3) 
6447160172 8384.65 || noQ Q (Avg,Max,Min) (1.01, 1.17, 1.00) (0.99, 0.91, 1.01) #fs:   3  -- #Conts: 17 A(7)  G(2)  E(6)  C(2) 
/////////////////size: 309
nodes 97 edges 109
 mulT: 10000 mulD: 10000  sumData GB 22075
pareto /SIPHT.n.100.0.dax time -> 6006.0
moheft /SIPHT.n.100.0.dax time -> 8637.0
distance from M to C 0.0
distance from P to C 874.1111092133781
distance from C to M 19.754789614143448
distance from C to P 710.8624378530927
toCompare: /SIPHT.n.100.0.dax sumDataGB: 22075 mulT: 10000 mulD: 10000 paretoOptTime_MS: 6006.0 MoheftOptimizationTime_MS: 8637.0 MtoC 0.0 PtoC 874.1111092133781 CtoM 19.754789614143448 CtoP 710.8624378530927
