specify -Dflow d,b,mt,md,size
Running /home/vaggelis/jc/CYBERSHAKE.n.50.0.dax mt 1 md: 10000 size null
     25599 063.06 || noQ Q (Avg,Max,Min) (1664.84, 1965.53, 10.00) (11.32, 9.70, 12.94) #fs:   1  -- #Conts: 2 H(2) 
     40591 047.29 || noQ Q (Avg,Max,Min) (1051.90, 1243.48, 10.00) (11.32, 9.70, 12.94) #fs:   1  -- #Conts: 2 H(1)  G(1) 
     41276 031.53 || noQ Q (Avg,Max,Min) (1018.40, 1190.37, 10.00) (11.32, 9.70, 12.94) #fs:   1  -- #Conts: 2 G(2) 
     76575 015.76 || noQ Q (Avg,Max,Min) (1064.51, 1064.51, 10.00) (22.64, 10.00, 22.64) #fs:   0  -- #Conts: 1 G(1) 
     90209 013.41 || noQ Q (Avg,Max,Min) (458.78, 529.72, 10.00) (11.34, 9.72, 12.96) #fs:   1  -- #Conts: 2 E(2) 
    146215 010.71 || noQ Q (Avg,Max,Min) (280.46, 319.47, 10.00) (11.35, 9.72, 12.98) #fs:   1  -- #Conts: 2 E(1)  C(1) 
    154204 008.00 || noQ Q (Avg,Max,Min) (267.17, 307.04, 10.00) (11.36, 9.74, 12.98) #fs:   1  -- #Conts: 2 C(2) 
    172670 006.71 || noQ Q (Avg,Max,Min) (472.64, 472.64, 10.00) (22.67, 10.00, 22.67) #fs:   0  -- #Conts: 1 E(1) 
    298344 004.00 || noQ Q (Avg,Max,Min) (273.97, 273.97, 10.00) (22.70, 10.00, 22.70) #fs:   0  -- #Conts: 1 C(1) 
    675969 002.00 || noQ Q (Avg,Max,Min) (61.31, 70.00, 10.00) (11.50, 9.88, 13.11) #fs:   1  -- #Conts: 2 A(2) 
   1322980 001.00 || noQ Q (Avg,Max,Min) (62.56, 62.56, 10.00) (22.99, 10.00, 22.99) #fs:   0  -- #Conts: 1 A(1) 
/////////////////size: 11
     38310 047.29 || noQ Q (Avg,Max,Min) (1088.84, 1215.89, 10.00) (11.32, 9.70, 12.94) #fs:   4  -- #Conts: 2 H(1)  G(1) 
     44009 038.53 || noQ Q (Avg,Max,Min) (373.22, 1851.49, 0.53) (4.53, 0.00, 22.63) #fs:   2  -- #Conts: 5 H(1)  A(3)  C(1) 
     44055 034.53 || noQ Q (Avg,Max,Min) (463.67, 1849.56, 1.03) (5.66, 0.00, 22.63) #fs:   2  -- #Conts: 4 H(1)  A(3) 
     44242 033.53 || noQ Q (Avg,Max,Min) (615.27, 1841.75, 1.47) (7.55, 0.00, 22.63) #fs:   1  -- #Conts: 3 H(1)  A(2) 
     44500 032.53 || noQ Q (Avg,Max,Min) (916.82, 1831.08, 2.57) (11.32, 0.00, 22.63) #fs:   0  -- #Conts: 2 H(1)  A(1) 
     44692 031.53 || noQ Q (Avg,Max,Min) (1823.22, 1823.22, 10.00) (22.63, 10.00, 22.63) #fs:   0  -- #Conts: 1 H(1) 
     75272 019.76 || noQ Q (Avg,Max,Min) (217.73, 1082.92, 0.28) (4.53, 0.00, 22.64) #fs:   2  -- #Conts: 5 G(1)  A(4) 
     75338 018.76 || noQ Q (Avg,Max,Min) (271.90, 1081.97, 0.28) (5.67, 0.00, 22.64) #fs:   2  -- #Conts: 4 G(1)  A(3) 
     75591 017.76 || noQ Q (Avg,Max,Min) (360.45, 1078.35, 0.28) (7.55, 0.00, 22.64) #fs:   1  -- #Conts: 3 G(1)  A(2) 
     75785 016.76 || noQ Q (Avg,Max,Min) (539.15, 1075.60, 2.70) (11.33, 0.01, 22.64) #fs:   0  -- #Conts: 2 G(1)  A(1) 
     76575 015.76 || noQ Q (Avg,Max,Min) (1064.51, 1064.51, 10.00) (22.64, 10.00, 22.64) #fs:   0  -- #Conts: 1 G(1) 
    142647 010.71 || noQ Q (Avg,Max,Min) (287.33, 327.30, 10.00) (11.35, 9.72, 12.97) #fs:   4  -- #Conts: 2 E(1)  C(1) 
    169502 008.71 || noQ Q (Avg,Max,Min) (162.45, 481.45, 1.73) (7.56, 0.00, 22.67) #fs:   2  -- #Conts: 3 A(2)  E(1) 
    169875 007.71 || noQ Q (Avg,Max,Min) (241.06, 480.40, 1.73) (11.34, 0.02, 22.67) #fs:   2  -- #Conts: 2 A(1)  E(1) 
    172670 006.71 || noQ Q (Avg,Max,Min) (472.64, 472.64, 10.00) (22.67, 10.00, 22.67) #fs:   0  -- #Conts: 1 E(1) 
    292876 005.00 || noQ Q (Avg,Max,Min) (140.13, 279.06, 1.20) (11.36, 0.02, 22.70) #fs:   3  -- #Conts: 2 A(1)  C(1) 
    298344 004.00 || noQ Q (Avg,Max,Min) (273.97, 273.97, 10.00) (22.70, 10.00, 22.70) #fs:   0  -- #Conts: 1 C(1) 
    675969 002.00 || noQ Q (Avg,Max,Min) (61.31, 69.99, 10.00) (11.50, 9.88, 13.11) #fs:   2  -- #Conts: 2 A(2) 
   1322980 001.00 || noQ Q (Avg,Max,Min) (62.56, 62.56, 10.00) (22.99, 10.00, 22.99) #fs:   0  -- #Conts: 1 A(1) 
/////////////////size: 19
nodes 50 edges 92
 mulT: 1 mulD: 10000  sumData GB 863024
pareto /CYBERSHAKE.n.50.0.dax time -> 186.0
moheft /CYBERSHAKE.n.50.0.dax time -> 208.0
distance from M to C 0.3750000000000004
distance from P to C 0.0
distance from C to M 0.1344867287475321
distance from C to P 0.4117647157992589
toCompare: /CYBERSHAKE.n.50.0.dax sumDataGB: 863024 mulT: 1 mulD: 10000 paretoOptTime_MS: 186.0 MoheftOptimizationTime_MS: 208.0 MtoC 0.3750000000000004 PtoC 0.0 CtoM 0.1344867287475321 CtoP 0.4117647157992589
