specify -Dflow d,b,mt,md,size
Running /home/vaggelis/jc/MONTAGE.n.50.0.dax mt 100 md: 100 size null
    220262 882.82 || noQ Q (Avg,Max,Min) (1.14, 1.45, 0.83) (0.02, 0.01, 0.09) #fs:  17  -- #Conts: 28 H(28) 
    237899 851.29 || noQ Q (Avg,Max,Min) (1.13, 1.35, 0.79) (0.02, 0.01, 0.09) #fs:  15  -- #Conts: 27 H(27) 
    244794 835.53 || noQ Q (Avg,Max,Min) (1.12, 1.31, 0.76) (0.02, 0.01, 0.09) #fs:  16  -- #Conts: 27 H(26)  G(1) 
    244999 819.76 || noQ Q (Avg,Max,Min) (1.12, 1.31, 0.76) (0.02, 0.01, 0.09) #fs:  16  -- #Conts: 27 H(25)  G(2) 
    245029 804.00 || noQ Q (Avg,Max,Min) (1.11, 1.31, 0.76) (0.02, 0.01, 0.09) #fs:  16  -- #Conts: 27 H(24)  G(3) 
    245055 788.24 || noQ Q (Avg,Max,Min) (1.11, 1.31, 0.76) (0.02, 0.01, 0.09) #fs:  16  -- #Conts: 27 H(23)  G(4) 
    245167 772.47 || noQ Q (Avg,Max,Min) (1.11, 1.31, 0.76) (0.02, 0.01, 0.09) #fs:  16  -- #Conts: 27 H(22)  G(5) 
    245172 756.71 || noQ Q (Avg,Max,Min) (1.10, 1.31, 0.76) (0.02, 0.01, 0.09) #fs:  16  -- #Conts: 27 H(21)  G(6) 
    245235 740.94 || noQ Q (Avg,Max,Min) (1.10, 1.31, 0.76) (0.02, 0.01, 0.09) #fs:  16  -- #Conts: 27 H(20)  G(7) 
    245259 725.18 || noQ Q (Avg,Max,Min) (1.09, 1.31, 0.76) (0.02, 0.01, 0.09) #fs:  16  -- #Conts: 27 H(19)  G(8) 
    245286 709.41 || noQ Q (Avg,Max,Min) (1.09, 1.31, 0.76) (0.03, 0.01, 0.09) #fs:  16  -- #Conts: 27 H(18)  G(9) 
    245367 693.65 || noQ Q (Avg,Max,Min) (1.09, 1.31, 0.76) (0.03, 0.01, 0.09) #fs:  16  -- #Conts: 27 H(17)  G(10) 
    245403 677.88 || noQ Q (Avg,Max,Min) (1.08, 1.31, 0.76) (0.03, 0.01, 0.09) #fs:  16  -- #Conts: 27 H(16)  G(11) 
    245408 662.12 || noQ Q (Avg,Max,Min) (1.08, 1.31, 0.76) (0.03, 0.01, 0.09) #fs:  16  -- #Conts: 27 H(15)  G(12) 
    245419 646.35 || noQ Q (Avg,Max,Min) (1.08, 1.31, 0.76) (0.03, 0.01, 0.09) #fs:  16  -- #Conts: 27 H(14)  G(13) 
    245445 630.59 || noQ Q (Avg,Max,Min) (1.07, 1.31, 0.76) (0.03, 0.01, 0.09) #fs:  16  -- #Conts: 27 H(13)  G(14) 
    245660 614.82 || noQ Q (Avg,Max,Min) (1.07, 1.30, 0.76) (0.03, 0.01, 0.09) #fs:  16  -- #Conts: 27 H(12)  G(15) 
    245773 599.06 || noQ Q (Avg,Max,Min) (1.07, 1.30, 0.76) (0.03, 0.01, 0.09) #fs:  16  -- #Conts: 27 H(11)  G(16) 
    246100 583.29 || noQ Q (Avg,Max,Min) (1.06, 1.30, 0.76) (0.03, 0.01, 0.09) #fs:  16  -- #Conts: 27 H(10)  G(17) 
    246105 567.53 || noQ Q (Avg,Max,Min) (1.06, 1.30, 0.76) (0.03, 0.01, 0.09) #fs:  16  -- #Conts: 27 H(9)  G(18) 
    246152 551.76 || noQ Q (Avg,Max,Min) (1.05, 1.30, 0.76) (0.03, 0.02, 0.09) #fs:  16  -- #Conts: 27 H(8)  G(19) 
    254020 536.00 || noQ Q (Avg,Max,Min) (1.05, 1.26, 0.73) (0.03, 0.02, 0.09) #fs:  15  -- #Conts: 26 H(8)  G(18) 
    254205 520.24 || noQ Q (Avg,Max,Min) (1.06, 1.26, 0.73) (0.03, 0.02, 0.09) #fs:  16  -- #Conts: 25 H(8)  G(17) 
    254700 504.47 || noQ Q (Avg,Max,Min) (1.06, 1.26, 0.73) (0.03, 0.02, 0.09) #fs:  16  -- #Conts: 24 H(8)  G(16) 
    254760 472.94 || noQ Q (Avg,Max,Min) (1.07, 1.26, 0.73) (0.03, 0.02, 0.09) #fs:  16  -- #Conts: 22 H(8)  G(14) 
    254985 457.18 || noQ Q (Avg,Max,Min) (1.08, 1.53, 0.72) (0.03, 0.02, 0.11) #fs:  16  -- #Conts: 21 H(8)  G(13) 
    255076 441.41 || noQ Q (Avg,Max,Min) (1.09, 1.43, 0.90) (0.04, 0.02, 0.10) #fs:  16  -- #Conts: 20 H(8)  G(12) 
    290449 409.88 || noQ Q (Avg,Max,Min) (1.04, 1.25, 0.80) (0.05, 0.02, 0.10) #fs:  15  -- #Conts: 13 H(13) 
    290693 362.59 || noQ Q (Avg,Max,Min) (1.02, 1.25, 0.80) (0.05, 0.02, 0.10) #fs:  17  -- #Conts: 12 H(11)  G(1) 
    290867 331.06 || noQ Q (Avg,Max,Min) (1.07, 1.49, 0.80) (0.06, 0.02, 0.12) #fs:  16  -- #Conts: 11 H(10)  G(1) 
    291417 315.29 || noQ Q (Avg,Max,Min) (1.08, 1.40, 0.95) (0.06, 0.02, 0.11) #fs:  15  -- #Conts: 10 H(10) 
    307765 299.53 || noQ Q (Avg,Max,Min) (1.02, 1.33, 0.89) (0.06, 0.02, 0.11) #fs:  16  -- #Conts: 10 H(9)  G(1) 
    308133 283.76 || noQ Q (Avg,Max,Min) (1.01, 1.33, 0.89) (0.06, 0.04, 0.11) #fs:  16  -- #Conts: 10 H(8)  G(2) 
    326964 252.24 || noQ Q (Avg,Max,Min) (0.99, 1.25, 0.83) (0.08, 0.06, 0.11) #fs:  15  -- #Conts: 8 H(8) 
    400310 220.71 || noQ Q (Avg,Max,Min) (1.06, 1.37, 0.88) (0.09, 0.06, 0.15) #fs:   9  -- #Conts: 7 H(7) 
    443361 189.18 || noQ Q (Avg,Max,Min) (1.05, 1.32, 0.92) (0.10, 0.06, 0.16) #fs:   9  -- #Conts: 6 H(6) 
    464303 157.65 || noQ Q (Avg,Max,Min) (1.12, 1.28, 0.99) (0.12, 0.09, 0.17) #fs:   8  -- #Conts: 5 H(5) 
    517490 126.12 || noQ Q (Avg,Max,Min) (1.18, 1.35, 1.08) (0.16, 0.14, 0.19) #fs:   5  -- #Conts: 4 H(4) 
    649855 110.35 || noQ Q (Avg,Max,Min) (0.93, 1.13, 0.84) (0.14, 0.12, 0.20) #fs:  14  -- #Conts: 7 G(7) 
    669823 094.59 || noQ Q (Avg,Max,Min) (1.20, 1.36, 1.09) (0.21, 0.18, 0.25) #fs:   3  -- #Conts: 3 H(3) 
    784115 078.82 || noQ Q (Avg,Max,Min) (1.02, 1.12, 0.91) (0.19, 0.14, 0.24) #fs:   8  -- #Conts: 5 G(5) 
    863908 063.06 || noQ Q (Avg,Max,Min) (1.09, 1.19, 1.02) (0.24, 0.22, 0.29) #fs:   5  -- #Conts: 4 G(4) 
   1124981 047.29 || noQ Q (Avg,Max,Min) (1.11, 1.21, 1.03) (0.32, 0.28, 0.38) #fs:   3  -- #Conts: 3 G(3) 
   1435255 046.94 || noQ Q (Avg,Max,Min) (0.87, 1.04, 0.81) (0.29, 0.26, 0.39) #fs:  14  -- #Conts: 7 E(7) 
   1558383 031.53 || noQ Q (Avg,Max,Min) (1.13, 1.18, 1.09) (0.48, 0.44, 0.51) #fs:   1  -- #Conts: 2 G(2) 
   1907962 026.82 || noQ Q (Avg,Max,Min) (1.01, 1.05, 0.97) (0.50, 0.47, 0.56) #fs:   5  -- #Conts: 4 E(4) 
   2496763 020.12 || noQ Q (Avg,Max,Min) (1.03, 1.10, 0.98) (0.67, 0.59, 0.76) #fs:   3  -- #Conts: 3 E(3) 
   2962657 015.76 || noQ Q (Avg,Max,Min) (1.09, 1.09, 1.09) (0.90, 0.90, 0.90) #fs:   0  -- #Conts: 1 G(1) 
   3494174 013.41 || noQ Q (Avg,Max,Min) (1.05, 1.08, 1.02) (0.99, 0.94, 1.05) #fs:   1  -- #Conts: 2 E(2) 
/////////////////size: 49
    259486 630.59 || noQ Q (Avg,Max,Min) (1.09, 1.82, 0.74) (0.03, 0.01, 0.08) #fs:  13  -- #Conts: 28 H(12)  G(16) 
    261885 614.82 || noQ Q (Avg,Max,Min) (1.09, 1.25, 0.74) (0.03, 0.01, 0.09) #fs:  12  -- #Conts: 27 H(12)  G(15) 
    262159 599.06 || noQ Q (Avg,Max,Min) (1.09, 1.42, 0.74) (0.03, 0.01, 0.10) #fs:  13  -- #Conts: 26 H(12)  G(14) 
    262346 583.29 || noQ Q (Avg,Max,Min) (1.08, 1.42, 0.74) (0.03, 0.01, 0.10) #fs:  13  -- #Conts: 26 H(11)  G(15) 
    262362 567.53 || noQ Q (Avg,Max,Min) (1.09, 1.42, 0.74) (0.03, 0.01, 0.10) #fs:  13  -- #Conts: 25 H(11)  G(14) 
    262458 551.76 || noQ Q (Avg,Max,Min) (1.09, 1.52, 0.74) (0.03, 0.01, 0.11) #fs:  13  -- #Conts: 25 H(10)  G(15) 
    262687 536.00 || noQ Q (Avg,Max,Min) (1.08, 1.42, 0.74) (0.03, 0.01, 0.10) #fs:  13  -- #Conts: 25 H(9)  G(16) 
    267108 520.24 || noQ Q (Avg,Max,Min) (1.07, 1.49, 0.72) (0.03, 0.01, 0.11) #fs:  13  -- #Conts: 24 H(9)  G(15) 
    267744 504.47 || noQ Q (Avg,Max,Min) (1.07, 1.49, 0.72) (0.03, 0.01, 0.11) #fs:  13  -- #Conts: 23 H(9)  G(14) 
    276123 488.71 || noQ Q (Avg,Max,Min) (1.05, 1.44, 0.69) (0.03, 0.02, 0.11) #fs:  13  -- #Conts: 23 H(8)  G(15) 
    281990 472.94 || noQ Q (Avg,Max,Min) (1.04, 1.32, 0.68) (0.03, 0.02, 0.10) #fs:  12  -- #Conts: 22 H(8)  G(14) 
    282298 457.18 || noQ Q (Avg,Max,Min) (1.05, 1.32, 0.67) (0.03, 0.02, 0.10) #fs:  13  -- #Conts: 21 H(8)  G(13) 
    297980 441.41 || noQ Q (Avg,Max,Min) (1.12, 1.48, 0.81) (0.04, 0.01, 0.12) #fs:  11  -- #Conts: 20 H(8)  G(12) 
    298183 425.65 || noQ Q (Avg,Max,Min) (1.13, 1.48, 0.81) (0.04, 0.01, 0.12) #fs:  11  -- #Conts: 19 H(8)  G(11) 
    311789 409.88 || noQ Q (Avg,Max,Min) (1.12, 1.45, 0.77) (0.04, 0.01, 0.12) #fs:  11  -- #Conts: 18 H(8)  G(10) 
    312342 394.12 || noQ Q (Avg,Max,Min) (1.11, 1.45, 0.77) (0.04, 0.01, 0.12) #fs:  11  -- #Conts: 17 H(8)  G(9) 
    312812 378.35 || noQ Q (Avg,Max,Min) (1.11, 1.45, 0.77) (0.04, 0.01, 0.12) #fs:  11  -- #Conts: 16 H(8)  G(8) 
    312950 362.59 || noQ Q (Avg,Max,Min) (1.11, 1.45, 0.76) (0.05, 0.01, 0.12) #fs:  11  -- #Conts: 15 H(8)  G(7) 
    317643 346.82 || noQ Q (Avg,Max,Min) (1.11, 1.45, 0.75) (0.05, 0.01, 0.12) #fs:  10  -- #Conts: 14 H(8)  G(6) 
    326599 337.76 || noQ Q (Avg,Max,Min) (1.11, 1.45, 0.73) (0.05, 0.01, 0.12) #fs:  11  -- #Conts: 14 H(8)  G(5)  E(1) 
    328326 331.06 || noQ Q (Avg,Max,Min) (1.11, 1.45, 0.72) (0.05, 0.01, 0.12) #fs:  11  -- #Conts: 13 H(8)  G(5) 
    328854 328.71 || noQ Q (Avg,Max,Min) (1.10, 1.45, 0.72) (0.05, 0.01, 0.12) #fs:  11  -- #Conts: 14 H(8)  G(4)  E(2) 
    328962 322.00 || noQ Q (Avg,Max,Min) (1.10, 1.45, 0.72) (0.06, 0.01, 0.12) #fs:  11  -- #Conts: 13 H(8)  G(4)  E(1) 
    329577 315.29 || noQ Q (Avg,Max,Min) (1.12, 1.45, 0.88) (0.06, 0.01, 0.12) #fs:  10  -- #Conts: 12 H(8)  G(4) 
    333427 310.59 || noQ Q (Avg,Max,Min) (1.10, 1.45, 0.87) (0.06, 0.01, 0.12) #fs:  10  -- #Conts: 14 H(8)  G(2)  E(4) 
    333700 303.88 || noQ Q (Avg,Max,Min) (1.11, 1.45, 0.87) (0.06, 0.01, 0.13) #fs:  11  -- #Conts: 13 H(8)  G(2)  E(3) 
    333887 297.18 || noQ Q (Avg,Max,Min) (1.13, 1.45, 0.87) (0.06, 0.01, 0.13) #fs:  11  -- #Conts: 12 H(8)  G(2)  E(2) 
    337079 290.47 || noQ Q (Avg,Max,Min) (1.13, 1.45, 0.86) (0.06, 0.01, 0.13) #fs:  11  -- #Conts: 11 H(8)  G(2)  E(1) 
    344300 283.76 || noQ Q (Avg,Max,Min) (1.07, 1.44, 0.88) (0.06, 0.01, 0.11) #fs:  11  -- #Conts: 11 H(7)  G(4) 
    348150 279.06 || noQ Q (Avg,Max,Min) (1.06, 1.44, 0.87) (0.06, 0.01, 0.11) #fs:  11  -- #Conts: 13 H(7)  G(2)  E(4) 
    348423 272.35 || noQ Q (Avg,Max,Min) (1.07, 1.44, 0.87) (0.06, 0.01, 0.12) #fs:  12  -- #Conts: 12 H(7)  G(2)  E(3) 
    348610 265.65 || noQ Q (Avg,Max,Min) (1.08, 1.44, 0.87) (0.07, 0.01, 0.12) #fs:  12  -- #Conts: 11 H(7)  G(2)  E(2) 
    351802 258.94 || noQ Q (Avg,Max,Min) (1.08, 1.44, 0.86) (0.07, 0.01, 0.12) #fs:  12  -- #Conts: 10 H(7)  G(2)  E(1) 
    356682 247.53 || noQ Q (Avg,Max,Min) (1.00, 1.12, 0.79) (0.07, 0.04, 0.11) #fs:  12  -- #Conts: 12 H(6)  G(2)  E(4) 
    356955 240.82 || noQ Q (Avg,Max,Min) (1.00, 1.24, 0.79) (0.07, 0.04, 0.12) #fs:  13  -- #Conts: 11 H(6)  G(2)  E(3) 
    357142 234.12 || noQ Q (Avg,Max,Min) (1.01, 1.24, 0.79) (0.07, 0.04, 0.12) #fs:  13  -- #Conts: 10 H(6)  G(2)  E(2) 
    360334 227.41 || noQ Q (Avg,Max,Min) (1.02, 1.23, 0.86) (0.08, 0.04, 0.12) #fs:  13  -- #Conts: 9 H(6)  G(2)  E(1) 
    376584 220.71 || noQ Q (Avg,Max,Min) (0.99, 1.18, 0.81) (0.09, 0.07, 0.12) #fs:  12  -- #Conts: 8 H(6)  G(2) 
    392395 220.35 || noQ Q (Avg,Max,Min) (1.00, 1.13, 0.89) (0.06, 0.04, 0.12) #fs:  14  -- #Conts: 16 H(2)  G(7)  E(7) 
    392463 218.00 || noQ Q (Avg,Max,Min) (1.00, 1.06, 0.89) (0.06, 0.04, 0.12) #fs:  14  -- #Conts: 17 H(2)  G(6)  E(9) 
    392754 216.00 || noQ Q (Avg,Max,Min) (1.00, 1.24, 0.89) (0.07, 0.04, 0.14) #fs:  15  -- #Conts: 14 H(2)  G(8)  E(4) 
    392822 213.65 || noQ Q (Avg,Max,Min) (1.00, 1.24, 0.89) (0.07, 0.04, 0.14) #fs:  15  -- #Conts: 15 H(2)  G(7)  E(6) 
    392890 211.29 || noQ Q (Avg,Max,Min) (1.00, 1.24, 0.89) (0.06, 0.04, 0.14) #fs:  15  -- #Conts: 16 H(2)  G(6)  E(8) 
    400294 209.29 || noQ Q (Avg,Max,Min) (0.99, 1.22, 0.87) (0.07, 0.04, 0.14) #fs:  15  -- #Conts: 13 H(2)  G(8)  E(3) 
    400352 206.94 || noQ Q (Avg,Max,Min) (0.99, 1.22, 0.87) (0.07, 0.04, 0.14) #fs:  15  -- #Conts: 14 H(2)  G(7)  E(5) 
    427845 186.82 || noQ Q (Avg,Max,Min) (0.97, 1.13, 0.82) (0.08, 0.04, 0.13) #fs:  14  -- #Conts: 11 H(2)  G(7)  E(2) 
    428297 180.12 || noQ Q (Avg,Max,Min) (0.97, 1.18, 0.82) (0.09, 0.04, 0.14) #fs:  15  -- #Conts: 10 H(2)  G(7)  E(1) 
    432241 177.76 || noQ Q (Avg,Max,Min) (0.98, 1.23, 0.79) (0.08, 0.04, 0.15) #fs:  15  -- #Conts: 11 H(2)  G(6)  E(3) 
    432281 171.06 || noQ Q (Avg,Max,Min) (0.99, 1.23, 0.79) (0.09, 0.04, 0.15) #fs:  15  -- #Conts: 10 H(2)  G(6)  E(2) 
    432588 164.35 || noQ Q (Avg,Max,Min) (1.00, 1.23, 0.79) (0.10, 0.04, 0.15) #fs:  15  -- #Conts: 9 H(2)  G(6)  E(1) 
    433023 157.65 || noQ Q (Avg,Max,Min) (1.01, 1.23, 0.94) (0.11, 0.09, 0.15) #fs:  15  -- #Conts: 8 H(2)  G(6) 
    477513 155.29 || noQ Q (Avg,Max,Min) (0.98, 1.25, 0.89) (0.09, 0.04, 0.13) #fs:  15  -- #Conts: 10 H(1)  G(7)  E(2) 
    483128 152.59 || noQ Q (Avg,Max,Min) (0.96, 1.23, 0.86) (0.10, 0.04, 0.13) #fs:  15  -- #Conts: 10 H(1)  G(7)  E(1)  C(1) 
    484082 149.88 || noQ Q (Avg,Max,Min) (0.96, 1.23, 0.87) (0.10, 0.07, 0.13) #fs:  15  -- #Conts: 10 H(1)  G(7)  C(2) 
    492463 148.59 || noQ Q (Avg,Max,Min) (0.95, 1.20, 0.86) (0.10, 0.04, 0.13) #fs:  15  -- #Conts: 9 H(1)  G(7)  E(1) 
    492520 145.88 || noQ Q (Avg,Max,Min) (0.95, 1.20, 0.86) (0.11, 0.07, 0.13) #fs:  15  -- #Conts: 9 H(1)  G(7)  C(1) 
    492868 141.88 || noQ Q (Avg,Max,Min) (0.96, 1.20, 0.85) (0.11, 0.10, 0.13) #fs:  15  -- #Conts: 8 H(1)  G(7) 
    590454 141.06 || noQ Q (Avg,Max,Min) (1.06, 1.26, 0.97) (0.09, 0.02, 0.20) #fs:   8  -- #Conts: 14 G(7)  E(1)  C(6) 
    598069 134.71 || noQ Q (Avg,Max,Min) (1.03, 1.21, 0.84) (0.09, 0.04, 0.20) #fs:   9  -- #Conts: 14 G(6)  E(3)  C(5) 
    598562 130.71 || noQ Q (Avg,Max,Min) (1.05, 1.22, 0.97) (0.09, 0.04, 0.20) #fs:   9  -- #Conts: 13 G(6)  E(3)  C(4) 
    598780 128.00 || noQ Q (Avg,Max,Min) (1.04, 1.22, 0.97) (0.10, 0.04, 0.20) #fs:   9  -- #Conts: 13 G(6)  E(2)  C(5) 
    598967 125.29 || noQ Q (Avg,Max,Min) (1.04, 1.22, 0.97) (0.10, 0.04, 0.20) #fs:   9  -- #Conts: 13 G(6)  E(1)  C(6) 
    650674 122.35 || noQ Q (Avg,Max,Min) (1.05, 1.26, 0.87) (0.11, 0.02, 0.20) #fs:   8  -- #Conts: 10 G(7)  C(3) 
    650742 118.35 || noQ Q (Avg,Max,Min) (1.06, 1.26, 0.89) (0.12, 0.02, 0.22) #fs:   8  -- #Conts: 9 G(7)  C(2) 
    651036 114.35 || noQ Q (Avg,Max,Min) (1.08, 1.26, 0.99) (0.13, 0.02, 0.22) #fs:   8  -- #Conts: 8 G(7)  C(1) 
    658713 110.59 || noQ Q (Avg,Max,Min) (1.01, 1.11, 0.88) (0.12, 0.07, 0.20) #fs:   8  -- #Conts: 10 G(6)  C(4) 
    658883 102.59 || noQ Q (Avg,Max,Min) (1.04, 1.20, 0.93) (0.13, 0.07, 0.22) #fs:   9  -- #Conts: 8 G(6)  C(2) 
    659549 098.59 || noQ Q (Avg,Max,Min) (1.06, 1.21, 0.99) (0.15, 0.07, 0.22) #fs:   9  -- #Conts: 7 G(6)  C(1) 
    718454 094.59 || noQ Q (Avg,Max,Min) (0.98, 1.12, 0.89) (0.16, 0.14, 0.22) #fs:   8  -- #Conts: 6 G(6) 
    720698 086.82 || noQ Q (Avg,Max,Min) (1.05, 1.11, 1.01) (0.15, 0.07, 0.22) #fs:   8  -- #Conts: 7 G(5)  C(2) 
    721498 082.82 || noQ Q (Avg,Max,Min) (1.07, 1.27, 1.02) (0.17, 0.07, 0.25) #fs:   8  -- #Conts: 6 G(5)  C(1) 
    780833 078.82 || noQ Q (Avg,Max,Min) (1.01, 1.11, 0.93) (0.19, 0.16, 0.24) #fs:   7  -- #Conts: 5 G(5) 
    791140 077.76 || noQ Q (Avg,Max,Min) (1.06, 1.24, 0.95) (0.16, 0.07, 0.27) #fs:   6  -- #Conts: 7 G(4)  E(1)  C(2) 
    805278 073.76 || noQ Q (Avg,Max,Min) (1.07, 1.18, 1.03) (0.18, 0.07, 0.26) #fs:   5  -- #Conts: 6 G(4)  E(1)  C(1) 
    866554 063.06 || noQ Q (Avg,Max,Min) (1.09, 1.17, 1.04) (0.24, 0.22, 0.28) #fs:   5  -- #Conts: 4 G(4) 
    928285 060.71 || noQ Q (Avg,Max,Min) (1.00, 1.21, 0.92) (0.24, 0.21, 0.31) #fs:   5  -- #Conts: 5 G(3)  E(2) 
    964955 058.35 || noQ Q (Avg,Max,Min) (0.96, 1.18, 0.89) (0.24, 0.21, 0.32) #fs:   8  -- #Conts: 6 G(2)  E(4) 
   1051270 052.94 || noQ Q (Avg,Max,Min) (1.06, 1.23, 1.00) (0.24, 0.14, 0.36) #fs:   5  -- #Conts: 6 G(2)  E(2)  C(2) 
   1108891 048.94 || noQ Q (Avg,Max,Min) (1.05, 1.22, 0.95) (0.27, 0.14, 0.38) #fs:   5  -- #Conts: 5 G(2)  E(2)  C(1) 
   1170045 044.94 || noQ Q (Avg,Max,Min) (1.02, 1.23, 0.89) (0.31, 0.26, 0.40) #fs:   5  -- #Conts: 4 G(2)  E(2) 
   1293419 043.53 || noQ Q (Avg,Max,Min) (1.00, 1.16, 0.88) (0.31, 0.21, 0.42) #fs:   6  -- #Conts: 5 G(2)  C(3) 
   1373927 039.53 || noQ Q (Avg,Max,Min) (0.96, 1.10, 0.83) (0.35, 0.29, 0.42) #fs:   5  -- #Conts: 4 G(2)  C(2) 
   1502837 035.76 || noQ Q (Avg,Max,Min) (0.95, 1.13, 0.86) (0.37, 0.28, 0.47) #fs:   8  -- #Conts: 6 G(1)  C(5) 
   1643512 031.76 || noQ Q (Avg,Max,Min) (0.94, 1.17, 0.84) (0.41, 0.36, 0.53) #fs:   7  -- #Conts: 5 G(1)  C(4) 
   1807528 028.76 || noQ Q (Avg,Max,Min) (0.99, 1.14, 0.94) (0.43, 0.29, 0.57) #fs:   6  -- #Conts: 5 G(1)  A(1)  C(3) 
   1820099 027.76 || noQ Q (Avg,Max,Min) (0.99, 1.17, 0.94) (0.47, 0.43, 0.59) #fs:   5  -- #Conts: 4 G(1)  C(3) 
   2007174 026.76 || noQ Q (Avg,Max,Min) (1.00, 1.12, 0.87) (0.41, 0.29, 0.62) #fs:   3  -- #Conts: 6 G(1)  A(3)  C(2) 
   2008128 025.76 || noQ Q (Avg,Max,Min) (1.03, 1.12, 1.00) (0.44, 0.29, 0.62) #fs:   3  -- #Conts: 5 G(1)  A(2)  C(2) 
   2022674 024.76 || noQ Q (Avg,Max,Min) (1.04, 1.15, 0.99) (0.49, 0.29, 0.64) #fs:   2  -- #Conts: 4 G(1)  A(1)  C(2) 
   2083140 023.76 || noQ Q (Avg,Max,Min) (1.02, 1.14, 0.96) (0.55, 0.50, 0.66) #fs:   2  -- #Conts: 3 G(1)  C(2) 
   2334268 022.76 || noQ Q (Avg,Max,Min) (1.02, 1.09, 1.00) (0.43, 0.29, 0.71) #fs:   3  -- #Conts: 5 G(1)  A(3)  C(1) 
   2346986 021.76 || noQ Q (Avg,Max,Min) (1.03, 1.11, 0.99) (0.47, 0.30, 0.73) #fs:   2  -- #Conts: 4 G(1)  A(2)  C(1) 
   2407832 020.76 || noQ Q (Avg,Max,Min) (1.03, 1.11, 0.96) (0.54, 0.30, 0.75) #fs:   2  -- #Conts: 3 G(1)  A(1)  C(1) 
   2468581 019.76 || noQ Q (Avg,Max,Min) (1.03, 1.11, 0.94) (0.67, 0.57, 0.76) #fs:   2  -- #Conts: 2 G(1)  C(1) 
   2779127 018.76 || noQ Q (Avg,Max,Min) (1.03, 1.09, 1.01) (0.43, 0.30, 0.84) #fs:   0  -- #Conts: 4 G(1)  A(3) 
   2840345 017.76 || noQ Q (Avg,Max,Min) (1.04, 1.09, 1.01) (0.48, 0.30, 0.86) #fs:   0  -- #Conts: 3 G(1)  A(2) 
   2885838 016.76 || noQ Q (Avg,Max,Min) (1.04, 1.07, 1.01) (0.72, 0.59, 0.86) #fs:   1  -- #Conts: 2 G(1)  A(1) 
   2962657 015.76 || noQ Q (Avg,Max,Min) (1.09, 1.09, 1.09) (0.90, 0.90, 0.90) #fs:   0  -- #Conts: 1 G(1) 
   3311776 015.71 || noQ Q (Avg,Max,Min) (0.98, 1.05, 0.94) (0.79, 0.59, 0.97) #fs:   3  -- #Conts: 4 A(1)  E(1)  C(2) 
   3366419 014.71 || noQ Q (Avg,Max,Min) (1.00, 1.08, 0.92) (0.89, 0.80, 1.01) #fs:   3  -- #Conts: 3 E(1)  C(2) 
/////////////////size: 100
nodes 50 edges 108
 mulT: 100 mulD: 100  sumData GB 93
pareto /MONTAGE.n.50.0.dax time -> 5995.0
moheft /MONTAGE.n.50.0.dax time -> 763.0
distance from M to C 0.7918501330688993
distance from P to C 0.20469898914908263
distance from C to M 3.8936292682687004
distance from C to P 1.599400705507697
toCompare: /MONTAGE.n.50.0.dax sumDataGB: 93 mulT: 100 mulD: 100 paretoOptTime_MS: 5995.0 MoheftOptimizationTime_MS: 763.0 MtoC 0.7918501330688993 PtoC 0.20469898914908263 CtoM 3.8936292682687004 CtoP 1.599400705507697
