specify -Dflow d,b,mt,md,size
Running /home/vaggelis/jc/MONTAGE.n.100.0.dax mt 1000 md: 5000 size null
   5485542 1198.12 || noQ Q (Avg,Max,Min) (1.82, 3.56, 1.10) (0.61, 0.21, 3.29) #fs:  16  -- #Conts: 35 H(35) 
   5486932 1166.59 || noQ Q (Avg,Max,Min) (1.79, 3.57, 1.10) (0.64, 0.21, 3.30) #fs:  17  -- #Conts: 35 H(35) 
   5489246 1135.06 || noQ Q (Avg,Max,Min) (1.76, 3.56, 1.10) (0.67, 0.21, 3.30) #fs:  18  -- #Conts: 35 H(35) 
   5493199 1103.53 || noQ Q (Avg,Max,Min) (1.73, 3.56, 1.10) (0.69, 0.21, 3.30) #fs:  19  -- #Conts: 35 H(35) 
   5742151 1072.00 || noQ Q (Avg,Max,Min) (1.81, 3.31, 0.97) (0.66, 0.21, 3.30) #fs:  14  -- #Conts: 28 H(28) 
   5747309 1040.47 || noQ Q (Avg,Max,Min) (1.78, 3.30, 0.97) (0.69, 0.21, 3.30) #fs:  14  -- #Conts: 28 H(28) 
   5749606 1008.94 || noQ Q (Avg,Max,Min) (1.77, 3.31, 0.97) (0.71, 0.21, 3.30) #fs:  14  -- #Conts: 27 H(27) 
   5823615 977.41 || noQ Q (Avg,Max,Min) (1.73, 3.24, 0.93) (0.70, 0.43, 1.65) #fs:  14  -- #Conts: 25 H(25) 
   5823870 945.88 || noQ Q (Avg,Max,Min) (1.76, 3.25, 0.93) (0.74, 0.43, 1.65) #fs:  14  -- #Conts: 23 H(23) 
   5836960 851.29 || noQ Q (Avg,Max,Min) (1.65, 2.83, 0.92) (0.82, 0.53, 2.29) #fs:  16  -- #Conts: 22 H(22) 
   5840091 819.76 || noQ Q (Avg,Max,Min) (1.78, 3.25, 1.24) (0.87, 0.64, 1.86) #fs:  14  -- #Conts: 19 H(19) 
   5840669 788.24 || noQ Q (Avg,Max,Min) (1.73, 2.82, 1.16) (0.90, 0.64, 2.29) #fs:  15  -- #Conts: 19 H(19) 
   5845827 756.71 || noQ Q (Avg,Max,Min) (1.69, 2.82, 1.15) (0.94, 0.64, 2.29) #fs:  15  -- #Conts: 19 H(19) 
   6092566 725.18 || noQ Q (Avg,Max,Min) (1.65, 2.80, 1.15) (0.98, 0.64, 2.37) #fs:  14  -- #Conts: 18 H(18) 
   6109736 693.65 || noQ Q (Avg,Max,Min) (1.65, 2.95, 1.23) (1.02, 0.85, 2.51) #fs:  15  -- #Conts: 17 H(17) 
   6170940 662.12 || noQ Q (Avg,Max,Min) (1.67, 2.89, 1.12) (1.08, 0.75, 2.48) #fs:  13  -- #Conts: 16 H(16) 
   6191585 630.59 || noQ Q (Avg,Max,Min) (1.66, 2.88, 0.96) (1.15, 0.65, 2.48) #fs:  15  -- #Conts: 15 H(15) 
   6342155 599.06 || noQ Q (Avg,Max,Min) (1.65, 2.81, 1.34) (1.23, 0.85, 2.48) #fs:  13  -- #Conts: 14 H(14) 
   6464619 567.53 || noQ Q (Avg,Max,Min) (1.70, 2.88, 1.34) (1.30, 0.98, 2.58) #fs:  13  -- #Conts: 13 H(13) 
   6851326 536.00 || noQ Q (Avg,Max,Min) (1.77, 2.89, 1.45) (1.38, 0.99, 2.75) #fs:  11  -- #Conts: 12 H(12) 
   7133714 504.47 || noQ Q (Avg,Max,Min) (1.76, 2.61, 1.37) (1.48, 0.98, 2.58) #fs:  10  -- #Conts: 11 H(11) 
   7899487 472.94 || noQ Q (Avg,Max,Min) (1.86, 2.65, 1.54) (1.61, 1.32, 2.45) #fs:   9  -- #Conts: 10 H(10) 
   8267672 441.41 || noQ Q (Avg,Max,Min) (1.96, 2.76, 1.54) (1.67, 1.49, 2.12) #fs:   7  -- #Conts: 10 H(10) 
   9575469 425.65 || noQ Q (Avg,Max,Min) (1.48, 2.38, 1.20) (1.29, 0.96, 2.13) #fs:  13  -- #Conts: 16 H(1)  G(15) 
  10067026 394.12 || noQ Q (Avg,Max,Min) (1.52, 2.46, 1.20) (1.37, 0.99, 2.37) #fs:  10  -- #Conts: 16 H(1)  G(15) 
  11041397 378.35 || noQ Q (Avg,Max,Min) (1.49, 2.51, 1.19) (1.34, 0.99, 1.84) #fs:  10  -- #Conts: 16 G(16) 
  12267055 346.82 || noQ Q (Avg,Max,Min) (1.54, 2.38, 1.19) (1.42, 0.99, 2.01) #fs:   8  -- #Conts: 16 G(16) 
  77685258 345.00 || noQ Q (Avg,Max,Min) (1.01, 1.26, 0.68) (0.99, 0.66, 1.23) #fs:  22  -- #Conts: 70 A(70) 
  77693549 340.00 || noQ Q (Avg,Max,Min) (1.01, 1.26, 0.68) (0.99, 0.66, 1.23) #fs:  21  -- #Conts: 71 A(71) 
  77706012 335.00 || noQ Q (Avg,Max,Min) (1.02, 1.26, 0.68) (1.00, 0.66, 1.23) #fs:  20  -- #Conts: 72 A(72) 
  77715518 330.00 || noQ Q (Avg,Max,Min) (1.02, 1.26, 0.68) (1.00, 0.66, 1.23) #fs:  19  -- #Conts: 73 A(73) 
  77736061 326.00 || noQ Q (Avg,Max,Min) (1.03, 1.26, 0.68) (1.01, 0.66, 1.23) #fs:  18  -- #Conts: 74 A(74) 
  77785730 322.00 || noQ Q (Avg,Max,Min) (1.03, 1.26, 0.68) (1.01, 0.67, 1.24) #fs:  17  -- #Conts: 75 A(75) 
  77844989 318.00 || noQ Q (Avg,Max,Min) (1.04, 1.26, 0.69) (1.01, 0.68, 1.24) #fs:  16  -- #Conts: 76 A(76) 
  77936152 314.00 || noQ Q (Avg,Max,Min) (1.04, 1.26, 1.00) (1.01, 0.81, 1.24) #fs:  15  -- #Conts: 77 A(77) 
  88215880 313.00 || noQ Q (Avg,Max,Min) (1.04, 1.22, 1.00) (1.01, 0.81, 1.19) #fs:  15  -- #Conts: 75 A(75) 
  88364729 312.00 || noQ Q (Avg,Max,Min) (1.04, 1.22, 1.00) (1.01, 0.82, 1.19) #fs:  15  -- #Conts: 74 A(74) 
  88578583 310.00 || noQ Q (Avg,Max,Min) (1.04, 1.22, 1.00) (1.02, 0.96, 1.21) #fs:  14  -- #Conts: 73 A(73) 
/////////////////size: 38
   4778619 1765.65 || noQ Q (Avg,Max,Min) (1.87, 3.35, 0.82) (0.42, 0.21, 2.97) #fs:  33  -- #Conts: 62 H(50)  G(12) 
   4990228 1749.88 || noQ Q (Avg,Max,Min) (1.82, 3.14, 0.76) (0.42, 0.21, 2.97) #fs:  34  -- #Conts: 62 H(49)  G(13) 
   4995164 1734.12 || noQ Q (Avg,Max,Min) (1.81, 3.14, 0.76) (0.42, 0.21, 2.97) #fs:  34  -- #Conts: 62 H(48)  G(14) 
   5001930 1718.35 || noQ Q (Avg,Max,Min) (1.81, 3.13, 0.76) (0.42, 0.21, 2.97) #fs:  34  -- #Conts: 62 H(47)  G(15) 
   5005335 1686.82 || noQ Q (Avg,Max,Min) (1.79, 3.13, 0.76) (0.43, 0.21, 2.97) #fs:  34  -- #Conts: 62 H(45)  G(17) 
   5009555 1671.06 || noQ Q (Avg,Max,Min) (1.78, 3.12, 0.76) (0.43, 0.21, 2.97) #fs:  34  -- #Conts: 62 H(44)  G(18) 
   5012680 1623.76 || noQ Q (Avg,Max,Min) (1.76, 3.12, 0.76) (0.43, 0.21, 2.97) #fs:  34  -- #Conts: 62 H(41)  G(21) 
   5014182 1592.24 || noQ Q (Avg,Max,Min) (1.74, 3.12, 0.76) (0.43, 0.21, 2.97) #fs:  34  -- #Conts: 62 H(39)  G(23) 
   5017498 1529.18 || noQ Q (Avg,Max,Min) (1.71, 3.12, 0.76) (0.44, 0.21, 2.97) #fs:  34  -- #Conts: 62 H(35)  G(27) 
   5019473 1481.88 || noQ Q (Avg,Max,Min) (1.69, 3.12, 0.76) (0.44, 0.21, 2.97) #fs:  34  -- #Conts: 62 H(32)  G(30) 
   5022067 1387.29 || noQ Q (Avg,Max,Min) (1.64, 3.11, 0.76) (0.45, 0.21, 2.97) #fs:  34  -- #Conts: 62 H(26)  G(36) 
   5024438 1308.47 || noQ Q (Avg,Max,Min) (1.62, 3.11, 0.76) (0.45, 0.21, 2.97) #fs:  33  -- #Conts: 62 H(21)  G(41) 
   5028075 1276.94 || noQ Q (Avg,Max,Min) (1.61, 3.11, 0.76) (0.46, 0.21, 2.97) #fs:  33  -- #Conts: 62 H(19)  G(43) 
   5028941 1213.88 || noQ Q (Avg,Max,Min) (1.58, 3.11, 0.76) (0.46, 0.21, 2.97) #fs:  33  -- #Conts: 62 H(15)  G(47) 
   5028960 1119.29 || noQ Q (Avg,Max,Min) (1.53, 3.11, 0.76) (0.47, 0.21, 2.97) #fs:  33  -- #Conts: 62 H(9)  G(53) 
   5035348 1087.76 || noQ Q (Avg,Max,Min) (1.51, 3.10, 0.75) (0.47, 0.21, 2.97) #fs:  33  -- #Conts: 62 H(7)  G(55) 
   5036249 1072.00 || noQ Q (Avg,Max,Min) (1.50, 2.56, 0.75) (0.45, 0.28, 1.79) #fs:  33  -- #Conts: 62 H(4)  G(58) 
   5088765 1056.24 || noQ Q (Avg,Max,Min) (1.50, 2.42, 0.74) (0.45, 0.28, 1.71) #fs:  32  -- #Conts: 61 H(4)  G(57) 
   5109312 1040.47 || noQ Q (Avg,Max,Min) (1.50, 2.68, 0.74) (0.46, 0.28, 1.90) #fs:  33  -- #Conts: 60 H(4)  G(56) 
   5119728 1024.71 || noQ Q (Avg,Max,Min) (1.50, 2.67, 0.74) (0.46, 0.28, 1.90) #fs:  33  -- #Conts: 59 H(4)  G(55) 
   5126586 1008.94 || noQ Q (Avg,Max,Min) (1.66, 12.44, 0.91) (0.49, 0.28, 2.76) #fs:  32  -- #Conts: 59 H(5)  G(54) 
   5625128 930.12 || noQ Q (Avg,Max,Min) (1.39, 2.57, 0.80) (0.54, 0.28, 2.01) #fs:  33  -- #Conts: 35 H(4)  G(31) 
   5628087 914.35 || noQ Q (Avg,Max,Min) (1.38, 2.57, 0.80) (0.56, 0.28, 2.01) #fs:  33  -- #Conts: 34 H(4)  G(30) 
   5633380 873.76 || noQ Q (Avg,Max,Min) (1.36, 2.57, 0.80) (0.59, 0.45, 2.01) #fs:  33  -- #Conts: 32 H(4)  G(27)  E(1) 
   5636409 858.00 || noQ Q (Avg,Max,Min) (1.36, 2.57, 0.80) (0.60, 0.45, 2.01) #fs:  33  -- #Conts: 31 H(4)  G(26)  E(1) 
   5641822 842.24 || noQ Q (Avg,Max,Min) (1.37, 2.56, 0.80) (0.61, 0.45, 2.01) #fs:  33  -- #Conts: 30 H(4)  G(25)  E(1) 
   5754196 794.94 || noQ Q (Avg,Max,Min) (1.39, 2.61, 0.80) (0.65, 0.45, 2.09) #fs:  31  -- #Conts: 31 H(4)  G(26)  E(1) 
   5760380 779.18 || noQ Q (Avg,Max,Min) (1.38, 2.61, 0.80) (0.65, 0.45, 2.09) #fs:  32  -- #Conts: 30 H(4)  G(25)  E(1) 
   5910120 744.24 || noQ Q (Avg,Max,Min) (1.26, 2.54, 1.01) (0.60, 0.49, 2.09) #fs:  31  -- #Conts: 41 H(4)  G(13)  E(24) 
   5913089 741.88 || noQ Q (Avg,Max,Min) (1.24, 2.54, 1.01) (0.59, 0.49, 2.09) #fs:  32  -- #Conts: 42 H(4)  G(12)  E(26) 
   6157639 728.47 || noQ Q (Avg,Max,Min) (1.25, 2.44, 1.01) (0.62, 0.49, 2.09) #fs:  31  -- #Conts: 41 H(4)  G(13)  E(24) 
   6253376 709.06 || noQ Q (Avg,Max,Min) (1.24, 2.46, 0.91) (0.70, 0.16, 2.14) #fs:  33  -- #Conts: 24 H(5)  G(12)  E(7) 
   6256313 702.35 || noQ Q (Avg,Max,Min) (1.24, 2.46, 1.04) (0.71, 0.16, 2.14) #fs:  33  -- #Conts: 23 H(5)  G(12)  E(6) 
   6304497 668.12 || noQ Q (Avg,Max,Min) (1.24, 2.72, 0.92) (0.69, 0.49, 2.38) #fs:  30  -- #Conts: 31 H(4)  G(12)  E(15) 
   6371934 630.24 || noQ Q (Avg,Max,Min) (1.35, 4.00, 0.91) (0.84, 0.49, 3.24) #fs:  30  -- #Conts: 24 H(5)  G(12)  E(7) 
   6373395 614.47 || noQ Q (Avg,Max,Min) (1.30, 2.78, 0.91) (0.81, 0.48, 2.46) #fs:  29  -- #Conts: 24 H(5)  G(12)  E(7) 
   6724742 598.71 || noQ Q (Avg,Max,Min) (1.30, 2.64, 0.91) (0.84, 0.48, 2.46) #fs:  28  -- #Conts: 24 H(5)  G(12)  E(7) 
   6729720 582.94 || noQ Q (Avg,Max,Min) (1.33, 2.63, 0.91) (0.87, 0.49, 2.46) #fs:  27  -- #Conts: 24 H(5)  G(12)  E(7) 
   6844918 567.18 || noQ Q (Avg,Max,Min) (1.34, 2.59, 1.08) (0.90, 0.49, 2.46) #fs:  26  -- #Conts: 24 H(5)  G(12)  E(7) 
   6852579 551.41 || noQ Q (Avg,Max,Min) (1.34, 2.59, 1.08) (0.90, 0.49, 2.46) #fs:  26  -- #Conts: 24 H(5)  G(12)  E(7) 
   6856629 535.65 || noQ Q (Avg,Max,Min) (1.35, 2.59, 1.08) (0.93, 0.49, 2.46) #fs:  25  -- #Conts: 24 H(5)  G(12)  E(7) 
   6860101 519.88 || noQ Q (Avg,Max,Min) (1.38, 3.77, 1.07) (1.00, 0.49, 3.57) #fs:  25  -- #Conts: 24 H(5)  G(12)  E(7) 
   6872592 497.41 || noQ Q (Avg,Max,Min) (1.41, 3.76, 1.24) (1.05, 0.49, 3.57) #fs:  24  -- #Conts: 23 H(5)  G(12)  E(6) 
   7486320 497.06 || noQ Q (Avg,Max,Min) (1.45, 3.76, 1.23) (0.95, 0.49, 2.11) #fs:  19  -- #Conts: 30 H(5)  G(12)  E(13) 
   7491277 494.71 || noQ Q (Avg,Max,Min) (1.46, 3.76, 1.23) (0.93, 0.49, 2.11) #fs:  18  -- #Conts: 32 H(5)  G(12)  E(15) 
   7493402 490.35 || noQ Q (Avg,Max,Min) (1.45, 3.76, 1.23) (0.97, 0.49, 2.11) #fs:  19  -- #Conts: 29 H(5)  G(12)  E(12) 
   7494431 483.65 || noQ Q (Avg,Max,Min) (1.46, 4.04, 1.23) (0.98, 0.49, 2.26) #fs:  19  -- #Conts: 28 H(5)  G(12)  E(11) 
   7876945 483.29 || noQ Q (Avg,Max,Min) (1.63, 9.22, 1.23) (0.94, 0.49, 2.72) #fs:  17  -- #Conts: 36 H(5)  G(13)  E(18) 
   7929619 481.29 || noQ Q (Avg,Max,Min) (1.41, 2.08, 1.23) (0.95, 0.49, 1.61) #fs:  20  -- #Conts: 30 H(5)  G(12)  E(13) 
   7934576 478.94 || noQ Q (Avg,Max,Min) (1.42, 2.26, 1.23) (0.94, 0.49, 1.66) #fs:  19  -- #Conts: 32 H(5)  G(12)  E(15) 
   7936701 474.59 || noQ Q (Avg,Max,Min) (1.41, 2.26, 1.23) (0.97, 0.49, 1.66) #fs:  20  -- #Conts: 29 H(5)  G(12)  E(12) 
   7937730 467.88 || noQ Q (Avg,Max,Min) (1.42, 2.26, 1.23) (0.99, 0.49, 1.93) #fs:  20  -- #Conts: 28 H(5)  G(12)  E(11) 
   8760883 447.76 || noQ Q (Avg,Max,Min) (1.42, 2.40, 1.23) (1.06, 0.49, 2.09) #fs:  19  -- #Conts: 25 H(5)  G(12)  E(8) 
   8948337 445.06 || noQ Q (Avg,Max,Min) (1.41, 2.40, 1.23) (1.07, 0.49, 2.09) #fs:  19  -- #Conts: 25 H(5)  G(12)  E(7)  C(1) 
   8970333 442.35 || noQ Q (Avg,Max,Min) (1.40, 2.39, 1.23) (1.08, 0.49, 2.09) #fs:  19  -- #Conts: 25 H(5)  G(12)  E(6)  C(2) 
   9121456 438.35 || noQ Q (Avg,Max,Min) (1.40, 2.48, 1.23) (1.10, 0.49, 2.41) #fs:  19  -- #Conts: 24 H(5)  G(12)  E(6)  C(1) 
   9126127 434.35 || noQ Q (Avg,Max,Min) (1.41, 2.48, 1.23) (1.12, 0.49, 2.41) #fs:  19  -- #Conts: 23 H(5)  G(12)  E(6) 
   9593912 432.82 || noQ Q (Avg,Max,Min) (1.29, 4.05, 0.83) (0.85, 0.60, 2.05) #fs:  10  -- #Conts: 56 H(2)  G(5)  E(16)  C(33) 
  10074788 423.76 || noQ Q (Avg,Max,Min) (1.30, 4.14, 0.83) (0.88, 0.12, 4.07) #fs:  10  -- #Conts: 57 H(2)  G(5)  E(17)  C(33) 
  10255276 421.06 || noQ Q (Avg,Max,Min) (1.29, 4.14, 0.83) (0.88, 0.17, 4.07) #fs:  10  -- #Conts: 57 H(2)  G(5)  E(16)  C(34) 
  10521749 416.59 || noQ Q (Avg,Max,Min) (1.22, 3.23, 0.83) (0.89, 0.61, 2.05) #fs:  17  -- #Conts: 50 H(2)  G(5)  E(10)  C(33) 
  10530140 413.88 || noQ Q (Avg,Max,Min) (1.21, 3.22, 0.83) (0.90, 0.61, 2.05) #fs:  18  -- #Conts: 49 H(2)  G(5)  E(9)  C(33) 
  10531728 407.18 || noQ Q (Avg,Max,Min) (1.21, 3.52, 0.83) (0.91, 0.77, 2.25) #fs:  18  -- #Conts: 48 H(2)  G(5)  E(8)  C(33) 
  11315652 389.65 || noQ Q (Avg,Max,Min) (1.16, 2.59, 0.93) (0.85, 0.59, 2.10) #fs:  13  -- #Conts: 60 G(4)  E(10)  C(46) 
  12752675 388.59 || noQ Q (Avg,Max,Min) (1.18, 3.96, 0.93) (0.88, 0.59, 3.40) #fs:  15  -- #Conts: 61 G(4)  E(11)  C(46) 
  12786921 383.53 || noQ Q (Avg,Max,Min) (1.15, 2.61, 0.93) (0.87, 0.59, 2.31) #fs:  17  -- #Conts: 61 G(4)  E(11)  C(46) 
  13429495 380.59 || noQ Q (Avg,Max,Min) (1.19, 3.96, 0.93) (0.89, 0.59, 3.40) #fs:  13  -- #Conts: 61 G(4)  E(11)  C(46) 
  18157747 373.06 || noQ Q (Avg,Max,Min) (1.19, 2.62, 0.86) (0.86, 0.77, 2.31) #fs:  18  -- #Conts: 61 G(1)  E(4)  C(56) 
  18925496 364.88 || noQ Q (Avg,Max,Min) (1.20, 3.65, 0.99) (1.00, 0.60, 3.52) #fs:  10  -- #Conts: 58 H(1)  G(2)  A(33)  E(10)  C(12) 
  20039148 344.29 || noQ Q (Avg,Max,Min) (1.14, 3.54, 0.99) (1.04, 0.81, 2.25) #fs:  14  -- #Conts: 51 H(1)  G(2)  A(33)  E(1)  C(14) 
  21374028 335.24 || noQ Q (Avg,Max,Min) (1.17, 4.65, 0.99) (1.07, 0.81, 3.09) #fs:  14  -- #Conts: 52 H(1)  G(2)  A(33)  E(2)  C(14) 
  22304949 326.94 || noQ Q (Avg,Max,Min) (1.14, 3.96, 0.98) (1.03, 0.84, 3.40) #fs:   3  -- #Conts: 82 G(2)  A(54)  E(2)  C(24) 
  22313326 324.65 || noQ Q (Avg,Max,Min) (1.12, 2.63, 0.99) (1.02, 0.87, 2.31) #fs:   2  -- #Conts: 82 G(2)  A(55)  E(2)  C(23) 
  22338201 323.65 || noQ Q (Avg,Max,Min) (1.12, 2.63, 1.04) (1.02, 0.88, 2.31) #fs:   1  -- #Conts: 83 G(2)  A(56)  E(2)  C(23) 
  31837691 316.59 || noQ Q (Avg,Max,Min) (1.12, 3.96, 1.04) (1.04, 0.89, 3.40) #fs:   1  -- #Conts: 85 G(1)  A(62)  E(3)  C(19) 
  31877062 315.59 || noQ Q (Avg,Max,Min) (1.12, 3.96, 1.04) (1.04, 0.89, 3.40) #fs:   1  -- #Conts: 84 G(1)  A(63)  E(3)  C(17) 
  31878650 314.59 || noQ Q (Avg,Max,Min) (1.12, 3.96, 1.04) (1.04, 0.89, 3.40) #fs:   1  -- #Conts: 85 G(1)  A(64)  E(3)  C(17) 
  31886941 313.59 || noQ Q (Avg,Max,Min) (1.11, 3.96, 1.04) (1.04, 0.90, 3.40) #fs:   1  -- #Conts: 85 G(1)  A(65)  E(3)  C(16) 
  31899404 312.59 || noQ Q (Avg,Max,Min) (1.11, 3.96, 1.04) (1.04, 0.90, 3.40) #fs:   1  -- #Conts: 85 G(1)  A(66)  E(3)  C(15) 
  31908910 311.59 || noQ Q (Avg,Max,Min) (1.11, 3.96, 1.04) (1.05, 0.90, 3.40) #fs:   1  -- #Conts: 85 G(1)  A(67)  E(3)  C(14) 
  32351058 310.82 || noQ Q (Avg,Max,Min) (1.10, 3.96, 1.00) (1.04, 0.88, 3.40) #fs:   1  -- #Conts: 91 A(72)  E(3)  C(16) 
/////////////////size: 81
nodes 100 edges 234
 mulT: 1000 mulD: 5000  sumData GB 9242
pareto /MONTAGE.n.100.0.dax time -> 13425.0
moheft /MONTAGE.n.100.0.dax time -> 26265.0
distance from M to C 6.847533900490993
distance from P to C 12.340644100103376
distance from C to M 5.576584290606056
distance from C to P 54.005398682967964
toCompare: /MONTAGE.n.100.0.dax sumDataGB: 9242 mulT: 1000 mulD: 5000 paretoOptTime_MS: 13425.0 MoheftOptimizationTime_MS: 26265.0 MtoC 6.847533900490993 PtoC 12.340644100103376 CtoM 5.576584290606056 CtoP 54.005398682967964
