specify -Dflow d,b,mt,md,size
Running /home/vaggelis/jc/MONTAGE.n.50.0.dax mt 50 md: 1 size null
     94221 882.82 || noQ Q (Avg,Max,Min) (0.95, 1.00, 0.81) (0.01, 0.00, 0.02) #fs:  16  -- #Conts: 28 H(28) 
    106513 867.06 || noQ Q (Avg,Max,Min) (0.91, 1.00, 0.69) (0.01, 0.00, 0.02) #fs:  17  -- #Conts: 28 H(27)  G(1) 
    106541 851.29 || noQ Q (Avg,Max,Min) (0.91, 1.00, 0.69) (0.01, 0.00, 0.02) #fs:  17  -- #Conts: 28 H(26)  G(2) 
    106628 835.53 || noQ Q (Avg,Max,Min) (0.91, 1.00, 0.69) (0.01, 0.00, 0.02) #fs:  17  -- #Conts: 28 H(25)  G(3) 
    106656 819.76 || noQ Q (Avg,Max,Min) (0.91, 1.00, 0.69) (0.01, 0.00, 0.02) #fs:  17  -- #Conts: 28 H(24)  G(4) 
    106657 804.00 || noQ Q (Avg,Max,Min) (0.91, 1.00, 0.69) (0.01, 0.00, 0.02) #fs:  17  -- #Conts: 28 H(23)  G(5) 
    106685 788.24 || noQ Q (Avg,Max,Min) (0.91, 1.00, 0.69) (0.01, 0.00, 0.02) #fs:  17  -- #Conts: 28 H(22)  G(6) 
    106686 772.47 || noQ Q (Avg,Max,Min) (0.91, 1.00, 0.69) (0.01, 0.00, 0.02) #fs:  17  -- #Conts: 28 H(21)  G(7) 
    106715 756.71 || noQ Q (Avg,Max,Min) (0.91, 1.00, 0.69) (0.01, 0.00, 0.02) #fs:  17  -- #Conts: 28 H(20)  G(8) 
    106744 740.94 || noQ Q (Avg,Max,Min) (0.91, 1.00, 0.69) (0.01, 0.00, 0.02) #fs:  17  -- #Conts: 28 H(19)  G(9) 
    106763 725.18 || noQ Q (Avg,Max,Min) (0.91, 1.00, 0.69) (0.01, 0.00, 0.02) #fs:  17  -- #Conts: 28 H(18)  G(10) 
    106773 709.41 || noQ Q (Avg,Max,Min) (0.91, 1.00, 0.69) (0.01, 0.00, 0.02) #fs:  17  -- #Conts: 28 H(17)  G(11) 
    106774 693.65 || noQ Q (Avg,Max,Min) (0.91, 1.00, 0.69) (0.01, 0.01, 0.02) #fs:  17  -- #Conts: 28 H(16)  G(12) 
    106793 677.88 || noQ Q (Avg,Max,Min) (0.91, 1.00, 0.69) (0.01, 0.01, 0.02) #fs:  17  -- #Conts: 28 H(15)  G(13) 
    106888 662.12 || noQ Q (Avg,Max,Min) (0.91, 1.00, 0.69) (0.01, 0.01, 0.02) #fs:  17  -- #Conts: 28 H(14)  G(14) 
    106904 646.35 || noQ Q (Avg,Max,Min) (0.91, 1.00, 0.69) (0.01, 0.01, 0.02) #fs:  17  -- #Conts: 28 H(13)  G(15) 
    107022 630.59 || noQ Q (Avg,Max,Min) (0.91, 1.00, 0.69) (0.01, 0.01, 0.02) #fs:  17  -- #Conts: 28 H(12)  G(16) 
    107030 614.82 || noQ Q (Avg,Max,Min) (0.91, 1.00, 0.69) (0.01, 0.01, 0.02) #fs:  17  -- #Conts: 28 H(11)  G(17) 
    107092 583.29 || noQ Q (Avg,Max,Min) (0.91, 1.00, 0.69) (0.01, 0.01, 0.02) #fs:  17  -- #Conts: 28 H(9)  G(19) 
    110976 551.76 || noQ Q (Avg,Max,Min) (0.92, 1.00, 0.66) (0.01, 0.01, 0.02) #fs:  15  -- #Conts: 27 H(8)  G(19) 
    111236 536.00 || noQ Q (Avg,Max,Min) (0.92, 1.00, 0.66) (0.01, 0.01, 0.02) #fs:  15  -- #Conts: 26 H(8)  G(18) 
    111356 520.24 || noQ Q (Avg,Max,Min) (0.93, 1.00, 0.66) (0.01, 0.01, 0.02) #fs:  15  -- #Conts: 25 H(8)  G(17) 
    111491 504.47 || noQ Q (Avg,Max,Min) (0.93, 1.00, 0.66) (0.01, 0.01, 0.02) #fs:  15  -- #Conts: 24 H(8)  G(16) 
    111524 488.71 || noQ Q (Avg,Max,Min) (0.94, 1.00, 0.66) (0.01, 0.01, 0.02) #fs:  15  -- #Conts: 23 H(8)  G(15) 
    111625 472.94 || noQ Q (Avg,Max,Min) (0.94, 1.00, 0.66) (0.01, 0.01, 0.02) #fs:  15  -- #Conts: 22 H(8)  G(14) 
    111659 457.18 || noQ Q (Avg,Max,Min) (0.95, 1.01, 0.66) (0.01, 0.01, 0.03) #fs:  15  -- #Conts: 21 H(8)  G(13) 
    111693 441.41 || noQ Q (Avg,Max,Min) (0.95, 1.00, 0.85) (0.01, 0.01, 0.03) #fs:  15  -- #Conts: 20 H(8)  G(12) 
    129402 378.35 || noQ Q (Avg,Max,Min) (0.88, 1.00, 0.72) (0.02, 0.01, 0.03) #fs:  15  -- #Conts: 12 H(12) 
    129603 331.06 || noQ Q (Avg,Max,Min) (0.91, 1.00, 0.72) (0.02, 0.01, 0.03) #fs:  15  -- #Conts: 11 H(10)  G(1) 
    129976 315.29 || noQ Q (Avg,Max,Min) (0.92, 1.00, 0.87) (0.02, 0.01, 0.03) #fs:  15  -- #Conts: 10 H(10) 
    138044 299.53 || noQ Q (Avg,Max,Min) (0.87, 1.00, 0.81) (0.02, 0.01, 0.03) #fs:  16  -- #Conts: 10 H(9)  G(1) 
    138106 283.76 || noQ Q (Avg,Max,Min) (0.87, 1.00, 0.81) (0.03, 0.02, 0.03) #fs:  16  -- #Conts: 10 H(8)  G(2) 
    147650 252.24 || noQ Q (Avg,Max,Min) (0.85, 1.00, 0.76) (0.03, 0.03, 0.04) #fs:  15  -- #Conts: 8 H(8) 
    182910 220.71 || noQ Q (Avg,Max,Min) (0.83, 1.00, 0.79) (0.03, 0.03, 0.04) #fs:  13  -- #Conts: 7 H(7) 
    197139 204.94 || noQ Q (Avg,Max,Min) (0.85, 1.00, 0.58) (0.03, 0.02, 0.05) #fs:  14  -- #Conts: 10 H(3)  G(7) 
    197544 189.18 || noQ Q (Avg,Max,Min) (0.88, 1.00, 0.60) (0.04, 0.02, 0.05) #fs:  13  -- #Conts: 10 H(2)  G(8) 
    207233 173.41 || noQ Q (Avg,Max,Min) (0.88, 1.00, 0.57) (0.04, 0.02, 0.05) #fs:  11  -- #Conts: 10 H(1)  G(9) 
    221891 164.35 || noQ Q (Avg,Max,Min) (0.91, 1.00, 0.72) (0.04, 0.02, 0.06) #fs:  10  -- #Conts: 11 G(10)  E(1) 
    222528 157.65 || noQ Q (Avg,Max,Min) (0.92, 1.00, 0.87) (0.04, 0.02, 0.06) #fs:  10  -- #Conts: 10 G(10) 
    242977 126.12 || noQ Q (Avg,Max,Min) (0.96, 1.00, 0.94) (0.06, 0.06, 0.06) #fs:   4  -- #Conts: 4 H(4) 
    313415 110.35 || noQ Q (Avg,Max,Min) (0.83, 1.00, 0.79) (0.06, 0.05, 0.08) #fs:  11  -- #Conts: 7 G(7) 
    319271 094.59 || noQ Q (Avg,Max,Min) (0.97, 1.01, 0.94) (0.08, 0.07, 0.09) #fs:   2  -- #Conts: 3 H(3) 
    383971 078.82 || noQ Q (Avg,Max,Min) (0.89, 1.00, 0.78) (0.08, 0.06, 0.09) #fs:   6  -- #Conts: 5 G(5) 
    416185 063.06 || noQ Q (Avg,Max,Min) (0.96, 1.00, 0.94) (0.10, 0.10, 0.11) #fs:   4  -- #Conts: 4 G(4) 
    547054 047.29 || noQ Q (Avg,Max,Min) (0.97, 1.00, 0.94) (0.14, 0.12, 0.15) #fs:   2  -- #Conts: 3 G(3) 
    706666 046.94 || noQ Q (Avg,Max,Min) (0.83, 1.00, 0.79) (0.13, 0.12, 0.17) #fs:  11  -- #Conts: 7 E(7) 
    771212 031.53 || noQ Q (Avg,Max,Min) (0.99, 1.00, 0.97) (0.21, 0.20, 0.21) #fs:   1  -- #Conts: 2 G(2) 
    938211 026.82 || noQ Q (Avg,Max,Min) (0.96, 1.00, 0.94) (0.23, 0.22, 0.25) #fs:   4  -- #Conts: 4 E(4) 
   1233561 020.12 || noQ Q (Avg,Max,Min) (0.96, 1.00, 0.94) (0.31, 0.28, 0.34) #fs:   2  -- #Conts: 3 E(3) 
   1481339 015.76 || noQ Q (Avg,Max,Min) (1.00, 1.00, 1.00) (0.41, 0.41, 0.41) #fs:   0  -- #Conts: 1 G(1) 
   1739109 013.41 || noQ Q (Avg,Max,Min) (0.99, 1.00, 0.97) (0.46, 0.45, 0.48) #fs:   1  -- #Conts: 2 E(2) 
   2131395 012.00 || noQ Q (Avg,Max,Min) (0.96, 1.00, 0.94) (0.53, 0.48, 0.59) #fs:   2  -- #Conts: 3 C(3) 
   2899990 010.71 || noQ Q (Avg,Max,Min) (0.79, 0.98, 0.60) (0.63, 0.48, 0.77) #fs:   5  -- #Conts: 2 E(1)  C(1) 
   3004948 008.00 || noQ Q (Avg,Max,Min) (0.98, 1.00, 0.97) (0.80, 0.77, 0.84) #fs:   1  -- #Conts: 2 C(2) 
   3340866 006.71 || noQ Q (Avg,Max,Min) (1.00, 1.00, 1.00) (0.93, 0.93, 0.93) #fs:   0  -- #Conts: 1 E(1) 
/////////////////size: 55
    110226 662.12 || noQ Q (Avg,Max,Min) (0.93, 1.00, 0.67) (0.01, 0.00, 0.02) #fs:  12  -- #Conts: 30 H(12)  G(18) 
    111508 646.35 || noQ Q (Avg,Max,Min) (0.93, 1.00, 0.66) (0.01, 0.00, 0.02) #fs:  12  -- #Conts: 29 H(12)  G(17) 
    111612 614.82 || noQ Q (Avg,Max,Min) (0.93, 1.00, 0.66) (0.01, 0.00, 0.02) #fs:  13  -- #Conts: 28 H(11)  G(17) 
    111676 599.06 || noQ Q (Avg,Max,Min) (0.94, 1.00, 0.66) (0.01, 0.00, 0.03) #fs:  12  -- #Conts: 27 H(11)  G(16) 
    111712 567.53 || noQ Q (Avg,Max,Min) (0.94, 1.00, 0.66) (0.01, 0.00, 0.03) #fs:  13  -- #Conts: 26 H(10)  G(16) 
    111794 551.76 || noQ Q (Avg,Max,Min) (0.95, 1.00, 0.66) (0.01, 0.00, 0.03) #fs:  12  -- #Conts: 25 H(10)  G(15) 
    111813 536.00 || noQ Q (Avg,Max,Min) (0.95, 1.00, 0.66) (0.01, 0.00, 0.03) #fs:  13  -- #Conts: 25 H(9)  G(16) 
    111866 520.24 || noQ Q (Avg,Max,Min) (0.94, 1.00, 0.66) (0.01, 0.01, 0.03) #fs:  12  -- #Conts: 25 H(8)  G(17) 
    121854 504.47 || noQ Q (Avg,Max,Min) (0.91, 1.00, 0.60) (0.01, 0.01, 0.03) #fs:  13  -- #Conts: 24 H(8)  G(16) 
    122172 488.71 || noQ Q (Avg,Max,Min) (0.91, 1.00, 0.59) (0.01, 0.01, 0.03) #fs:  13  -- #Conts: 23 H(8)  G(15) 
    134425 472.94 || noQ Q (Avg,Max,Min) (0.91, 1.00, 0.59) (0.01, 0.01, 0.03) #fs:  13  -- #Conts: 23 H(7)  G(16) 
    135052 457.18 || noQ Q (Avg,Max,Min) (0.93, 1.00, 0.59) (0.01, 0.01, 0.03) #fs:  13  -- #Conts: 23 H(6)  G(17) 
    161242 441.41 || noQ Q (Avg,Max,Min) (0.96, 1.00, 0.82) (0.01, 0.01, 0.04) #fs:  13  -- #Conts: 28 G(28) 
    166183 425.65 || noQ Q (Avg,Max,Min) (0.99, 1.01, 0.83) (0.02, 0.01, 0.04) #fs:   8  -- #Conts: 21 H(6)  G(15) 
    166212 394.12 || noQ Q (Avg,Max,Min) (0.98, 1.01, 0.83) (0.02, 0.01, 0.04) #fs:   9  -- #Conts: 20 H(5)  G(15) 
    166298 378.35 || noQ Q (Avg,Max,Min) (0.98, 1.01, 0.83) (0.02, 0.01, 0.04) #fs:   9  -- #Conts: 19 H(5)  G(14) 
    166415 362.59 || noQ Q (Avg,Max,Min) (0.96, 1.01, 0.70) (0.02, 0.01, 0.04) #fs:  10  -- #Conts: 19 H(4)  G(15) 
    166501 346.82 || noQ Q (Avg,Max,Min) (0.97, 1.01, 0.83) (0.02, 0.01, 0.04) #fs:  10  -- #Conts: 18 H(4)  G(14) 
    166530 331.06 || noQ Q (Avg,Max,Min) (0.96, 1.01, 0.70) (0.02, 0.01, 0.04) #fs:  11  -- #Conts: 18 H(3)  G(15) 
    166588 299.53 || noQ Q (Avg,Max,Min) (0.95, 1.01, 0.70) (0.02, 0.01, 0.04) #fs:  12  -- #Conts: 17 H(2)  G(15) 
    166674 283.76 || noQ Q (Avg,Max,Min) (0.96, 1.01, 0.83) (0.02, 0.01, 0.04) #fs:  12  -- #Conts: 16 H(2)  G(14) 
    166993 268.00 || noQ Q (Avg,Max,Min) (0.93, 1.00, 0.70) (0.03, 0.02, 0.04) #fs:  13  -- #Conts: 16 H(1)  G(15) 
    167079 252.24 || noQ Q (Avg,Max,Min) (0.95, 1.00, 0.82) (0.03, 0.02, 0.04) #fs:  13  -- #Conts: 15 H(1)  G(14) 
    191413 236.47 || noQ Q (Avg,Max,Min) (0.90, 1.00, 0.66) (0.03, 0.02, 0.04) #fs:  15  -- #Conts: 15 G(15) 
    191498 220.71 || noQ Q (Avg,Max,Min) (0.93, 1.01, 0.85) (0.03, 0.02, 0.05) #fs:  13  -- #Conts: 14 G(14) 
    197516 195.88 || noQ Q (Avg,Max,Min) (0.90, 1.00, 0.75) (0.03, 0.02, 0.05) #fs:  13  -- #Conts: 12 H(1)  G(10)  E(1) 
    197574 189.18 || noQ Q (Avg,Max,Min) (0.91, 1.00, 0.75) (0.04, 0.02, 0.05) #fs:  13  -- #Conts: 11 H(1)  G(10) 
    197673 186.82 || noQ Q (Avg,Max,Min) (0.93, 1.00, 0.76) (0.04, 0.02, 0.05) #fs:  13  -- #Conts: 12 H(1)  G(9)  E(2) 
    221791 184.47 || noQ Q (Avg,Max,Min) (0.89, 1.00, 0.71) (0.03, 0.02, 0.05) #fs:  14  -- #Conts: 14 G(10)  E(4) 
    221907 177.76 || noQ Q (Avg,Max,Min) (0.89, 1.01, 0.71) (0.03, 0.02, 0.06) #fs:  14  -- #Conts: 13 G(10)  E(3) 
    221936 164.35 || noQ Q (Avg,Max,Min) (0.89, 1.00, 0.72) (0.04, 0.02, 0.05) #fs:  14  -- #Conts: 11 G(10)  E(1) 
    221994 157.65 || noQ Q (Avg,Max,Min) (0.89, 1.00, 0.72) (0.04, 0.03, 0.05) #fs:  14  -- #Conts: 10 G(10) 
    222092 155.29 || noQ Q (Avg,Max,Min) (0.92, 1.00, 0.77) (0.04, 0.02, 0.05) #fs:  13  -- #Conts: 11 G(9)  E(2) 
    231054 153.88 || noQ Q (Avg,Max,Min) (0.92, 1.00, 0.78) (0.04, 0.01, 0.06) #fs:  11  -- #Conts: 11 H(1)  G(7)  C(3) 
    231125 149.88 || noQ Q (Avg,Max,Min) (0.92, 1.00, 0.81) (0.05, 0.01, 0.06) #fs:  11  -- #Conts: 10 H(1)  G(7)  C(2) 
    252340 148.82 || noQ Q (Avg,Max,Min) (0.92, 1.01, 0.76) (0.04, 0.01, 0.06) #fs:  10  -- #Conts: 13 G(8)  E(1)  C(4) 
    252457 146.12 || noQ Q (Avg,Max,Min) (0.92, 1.01, 0.76) (0.04, 0.01, 0.07) #fs:  10  -- #Conts: 13 G(8)  C(5) 
    252659 142.12 || noQ Q (Avg,Max,Min) (0.92, 1.01, 0.76) (0.04, 0.01, 0.06) #fs:  10  -- #Conts: 12 G(8)  C(4) 
    252745 140.82 || noQ Q (Avg,Max,Min) (0.93, 1.01, 0.76) (0.04, 0.01, 0.06) #fs:  10  -- #Conts: 11 G(8)  E(1)  C(2) 
    252774 138.12 || noQ Q (Avg,Max,Min) (0.93, 1.01, 0.76) (0.04, 0.01, 0.06) #fs:  10  -- #Conts: 11 G(8)  C(3) 
    252845 134.12 || noQ Q (Avg,Max,Min) (0.93, 1.01, 0.80) (0.05, 0.01, 0.06) #fs:  10  -- #Conts: 10 G(8)  C(2) 
    260478 130.12 || noQ Q (Avg,Max,Min) (0.92, 1.01, 0.87) (0.05, 0.01, 0.06) #fs:  10  -- #Conts: 9 G(8)  C(1) 
    282118 126.35 || noQ Q (Avg,Max,Min) (0.92, 1.00, 0.76) (0.05, 0.03, 0.07) #fs:   9  -- #Conts: 11 G(7)  C(4) 
    282204 125.06 || noQ Q (Avg,Max,Min) (0.92, 1.00, 0.76) (0.05, 0.02, 0.07) #fs:   9  -- #Conts: 10 G(7)  E(1)  C(2) 
    282233 122.35 || noQ Q (Avg,Max,Min) (0.92, 1.00, 0.76) (0.05, 0.03, 0.07) #fs:   9  -- #Conts: 10 G(7)  C(3) 
    282304 118.35 || noQ Q (Avg,Max,Min) (0.93, 1.00, 0.85) (0.05, 0.03, 0.07) #fs:   9  -- #Conts: 9 G(7)  C(2) 
    289936 114.35 || noQ Q (Avg,Max,Min) (0.90, 1.01, 0.87) (0.05, 0.03, 0.08) #fs:   9  -- #Conts: 8 G(7)  C(1) 
    312034 110.35 || noQ Q (Avg,Max,Min) (0.83, 1.00, 0.79) (0.06, 0.05, 0.07) #fs:   9  -- #Conts: 7 G(7) 
    313248 106.59 || noQ Q (Avg,Max,Min) (0.93, 1.00, 0.82) (0.05, 0.03, 0.07) #fs:   8  -- #Conts: 9 G(6)  C(3) 
    320943 102.59 || noQ Q (Avg,Max,Min) (0.91, 1.00, 0.80) (0.06, 0.03, 0.09) #fs:   8  -- #Conts: 8 G(6)  C(2) 
    321102 098.59 || noQ Q (Avg,Max,Min) (0.91, 1.00, 0.82) (0.06, 0.03, 0.08) #fs:   8  -- #Conts: 7 G(6)  C(1) 
    321189 094.59 || noQ Q (Avg,Max,Min) (0.91, 1.00, 0.88) (0.07, 0.06, 0.08) #fs:   8  -- #Conts: 6 G(6) 
    352138 090.82 || noQ Q (Avg,Max,Min) (0.94, 1.00, 0.82) (0.06, 0.03, 0.09) #fs:   4  -- #Conts: 8 G(5)  C(3) 
    352340 086.82 || noQ Q (Avg,Max,Min) (0.94, 1.00, 0.84) (0.07, 0.03, 0.09) #fs:   4  -- #Conts: 7 G(5)  C(2) 
    352427 082.82 || noQ Q (Avg,Max,Min) (0.95, 1.00, 0.90) (0.07, 0.03, 0.09) #fs:   4  -- #Conts: 6 G(5)  C(1) 
    374277 078.82 || noQ Q (Avg,Max,Min) (0.90, 1.00, 0.86) (0.08, 0.07, 0.09) #fs:   4  -- #Conts: 5 G(5) 
    383826 077.76 || noQ Q (Avg,Max,Min) (0.96, 1.01, 0.85) (0.07, 0.03, 0.11) #fs:   4  -- #Conts: 7 G(4)  E(1)  C(2) 
    383998 073.76 || noQ Q (Avg,Max,Min) (0.97, 1.01, 0.94) (0.08, 0.03, 0.11) #fs:   3  -- #Conts: 6 G(4)  E(1)  C(1) 
    413913 069.76 || noQ Q (Avg,Max,Min) (0.92, 1.00, 0.86) (0.09, 0.06, 0.10) #fs:   3  -- #Conts: 5 G(4)  E(1) 
    421988 068.71 || noQ Q (Avg,Max,Min) (0.92, 1.00, 0.77) (0.08, 0.03, 0.11) #fs:   5  -- #Conts: 7 G(3)  E(2)  C(2) 
    423041 064.71 || noQ Q (Avg,Max,Min) (0.96, 1.00, 0.94) (0.09, 0.03, 0.12) #fs:   6  -- #Conts: 6 G(3)  E(2)  C(1) 
    452308 060.71 || noQ Q (Avg,Max,Min) (0.90, 1.00, 0.87) (0.11, 0.10, 0.11) #fs:   5  -- #Conts: 5 G(3)  E(2) 
    462842 058.35 || noQ Q (Avg,Max,Min) (0.89, 0.97, 0.86) (0.11, 0.10, 0.12) #fs:   8  -- #Conts: 6 G(2)  E(4) 
    514420 055.65 || noQ Q (Avg,Max,Min) (0.90, 1.00, 0.81) (0.11, 0.07, 0.14) #fs:   4  -- #Conts: 6 G(2)  E(3)  C(1) 
    516635 051.65 || noQ Q (Avg,Max,Min) (0.93, 0.98, 0.80) (0.12, 0.10, 0.14) #fs:   5  -- #Conts: 5 G(2)  E(3) 
    546396 048.94 || noQ Q (Avg,Max,Min) (0.95, 1.00, 0.90) (0.12, 0.07, 0.15) #fs:   3  -- #Conts: 5 G(2)  E(2)  C(1) 
    576862 044.94 || noQ Q (Avg,Max,Min) (0.91, 1.00, 0.84) (0.14, 0.12, 0.15) #fs:   3  -- #Conts: 4 G(2)  E(2) 
    636791 043.53 || noQ Q (Avg,Max,Min) (0.93, 1.00, 0.85) (0.13, 0.07, 0.16) #fs:   6  -- #Conts: 5 G(2)  C(3) 
    667342 039.53 || noQ Q (Avg,Max,Min) (0.89, 1.00, 0.81) (0.16, 0.14, 0.17) #fs:   6  -- #Conts: 4 G(2)  C(2) 
    736605 035.76 || noQ Q (Avg,Max,Min) (0.91, 0.97, 0.88) (0.17, 0.13, 0.20) #fs:   8  -- #Conts: 6 G(1)  C(5) 
    813056 031.76 || noQ Q (Avg,Max,Min) (0.89, 0.99, 0.82) (0.19, 0.18, 0.22) #fs:   7  -- #Conts: 5 G(1)  C(4) 
    887922 028.76 || noQ Q (Avg,Max,Min) (0.95, 1.00, 0.92) (0.20, 0.14, 0.24) #fs:   4  -- #Conts: 5 G(1)  A(1)  C(3) 
    902098 027.76 || noQ Q (Avg,Max,Min) (0.93, 1.00, 0.91) (0.22, 0.21, 0.25) #fs:   3  -- #Conts: 4 G(1)  C(3) 
    995515 026.76 || noQ Q (Avg,Max,Min) (0.97, 1.00, 0.85) (0.19, 0.15, 0.27) #fs:   3  -- #Conts: 6 G(1)  A(3)  C(2) 
    995966 025.76 || noQ Q (Avg,Max,Min) (0.99, 1.00, 0.98) (0.21, 0.15, 0.27) #fs:   3  -- #Conts: 5 G(1)  A(2)  C(2) 
   1003385 024.76 || noQ Q (Avg,Max,Min) (0.98, 1.00, 0.97) (0.23, 0.15, 0.28) #fs:   2  -- #Conts: 4 G(1)  A(1)  C(2) 
   1033618 023.76 || noQ Q (Avg,Max,Min) (0.96, 1.00, 0.94) (0.26, 0.24, 0.29) #fs:   2  -- #Conts: 3 G(1)  C(2) 
   1151423 022.76 || noQ Q (Avg,Max,Min) (0.99, 1.00, 0.97) (0.21, 0.15, 0.32) #fs:   3  -- #Conts: 5 G(1)  A(3)  C(1) 
   1165431 021.76 || noQ Q (Avg,Max,Min) (0.99, 1.00, 0.96) (0.22, 0.15, 0.32) #fs:   2  -- #Conts: 4 G(1)  A(2)  C(1) 
   1195895 020.76 || noQ Q (Avg,Max,Min) (0.98, 1.00, 0.94) (0.25, 0.15, 0.33) #fs:   2  -- #Conts: 3 G(1)  A(1)  C(1) 
   1226301 019.76 || noQ Q (Avg,Max,Min) (0.96, 1.00, 0.91) (0.31, 0.28, 0.34) #fs:   2  -- #Conts: 2 G(1)  C(1) 
   1389428 018.76 || noQ Q (Avg,Max,Min) (1.00, 1.00, 1.00) (0.21, 0.15, 0.39) #fs:   0  -- #Conts: 4 G(1)  A(3) 
   1420037 017.76 || noQ Q (Avg,Max,Min) (1.00, 1.00, 1.00) (0.23, 0.15, 0.40) #fs:   0  -- #Conts: 3 G(1)  A(2) 
   1450675 016.76 || noQ Q (Avg,Max,Min) (1.00, 1.00, 1.00) (0.28, 0.15, 0.40) #fs:   0  -- #Conts: 2 G(1)  A(1) 
   1481339 015.76 || noQ Q (Avg,Max,Min) (1.00, 1.00, 1.00) (0.41, 0.41, 0.41) #fs:   0  -- #Conts: 1 G(1) 
   1615789 015.71 || noQ Q (Avg,Max,Min) (0.96, 1.00, 0.93) (0.38, 0.29, 0.44) #fs:   3  -- #Conts: 4 A(1)  E(1)  C(2) 
   1675143 014.71 || noQ Q (Avg,Max,Min) (0.95, 1.00, 0.89) (0.42, 0.39, 0.46) #fs:   3  -- #Conts: 3 E(1)  C(2) 
   1911517 013.71 || noQ Q (Avg,Max,Min) (0.99, 1.00, 0.97) (0.38, 0.29, 0.53) #fs:   3  -- #Conts: 5 A(3)  E(1)  C(1) 
   2029898 012.71 || noQ Q (Avg,Max,Min) (0.99, 1.00, 0.97) (0.42, 0.29, 0.55) #fs:   3  -- #Conts: 4 A(2)  E(1)  C(1) 
   2115583 011.71 || noQ Q (Avg,Max,Min) (0.98, 1.00, 0.94) (0.47, 0.29, 0.59) #fs:   2  -- #Conts: 3 A(1)  E(1)  C(1) 
   2184942 010.71 || noQ Q (Avg,Max,Min) (0.98, 1.00, 0.96) (0.58, 0.56, 0.60) #fs:   2  -- #Conts: 2 E(1)  C(1) 
   2666457 009.71 || noQ Q (Avg,Max,Min) (0.97, 1.00, 0.87) (0.56, 0.44, 0.73) #fs:   2  -- #Conts: 4 A(3)  E(1) 
   2872969 008.71 || noQ Q (Avg,Max,Min) (0.93, 1.00, 0.81) (0.62, 0.44, 0.79) #fs:   2  -- #Conts: 3 A(2)  E(1) 
   3012406 007.71 || noQ Q (Avg,Max,Min) (0.97, 0.99, 0.95) (0.80, 0.77, 0.83) #fs:   2  -- #Conts: 2 A(1)  E(1) 
   3340866 006.71 || noQ Q (Avg,Max,Min) (1.00, 1.00, 1.00) (0.93, 0.93, 0.93) #fs:   0  -- #Conts: 1 E(1) 
/////////////////size: 95
nodes 50 edges 108
 mulT: 50 mulD: 1  sumData GB 0
pareto /MONTAGE.n.50.0.dax time -> 5771.0
moheft /MONTAGE.n.50.0.dax time -> 1062.0
distance from M to C 1.0038831179504446
distance from P to C 0.04227310481632532
distance from C to M 4.6101439622271725
distance from C to P 0.7029838844172146
toCompare: /MONTAGE.n.50.0.dax sumDataGB: 0 mulT: 50 mulD: 1 paretoOptTime_MS: 5771.0 MoheftOptimizationTime_MS: 1062.0 MtoC 1.0038831179504446 PtoC 0.04227310481632532 CtoM 4.6101439622271725 CtoP 0.7029838844172146
