specify -Dflow d,b,mt,md,size
Running /home/vaggelis/jc/SIPHT.n.50.0.dax mt 1000 md: 500 size null
 133974124 3783.53 || noQ Q (Avg,Max,Min) (0.96, 1.00, 0.64) (0.87, 0.63, 1.00) #fs:   1  -- #Conts: 8 H(8) 
 133975010 3342.12 || noQ Q (Avg,Max,Min) (1.00, 1.00, 1.00) (0.91, 0.69, 1.00) #fs:   0  -- #Conts: 8 H(8) 
 222676043 2884.94 || noQ Q (Avg,Max,Min) (1.00, 1.00, 1.00) (0.98, 0.91, 1.00) #fs:   0  -- #Conts: 7 H(1)  G(6) 
 229475617 2860.35 || noQ Q (Avg,Max,Min) (1.00, 1.00, 0.97) (0.97, 0.91, 0.99) #fs:   1  -- #Conts: 7 G(6)  E(1) 
 229476503 2828.82 || noQ Q (Avg,Max,Min) (1.00, 1.00, 1.00) (0.98, 0.91, 1.00) #fs:   0  -- #Conts: 7 G(6)  E(1) 
 517305771 2702.35 || noQ Q (Avg,Max,Min) (1.00, 1.00, 1.00) (0.99, 0.96, 1.00) #fs:   0  -- #Conts: 8 E(7)  C(1) 
/////////////////size: 6
 136551428 3251.00 || noQ Q (Avg,Max,Min) (1.00, 1.00, 1.00) (0.98, 0.93, 1.00) #fs:   0  -- #Conts: 8 H(4)  G(1)  A(2)  C(1) 
 136661874 3249.00 || noQ Q (Avg,Max,Min) (1.00, 1.00, 1.00) (0.98, 0.95, 1.00) #fs:   0  -- #Conts: 7 H(4)  G(1)  A(1)  C(1) 
 136721923 3248.00 || noQ Q (Avg,Max,Min) (1.00, 1.00, 1.00) (0.98, 0.93, 1.00) #fs:   0  -- #Conts: 7 H(4)  G(1)  A(1)  C(1) 
 136780331 3247.00 || noQ Q (Avg,Max,Min) (1.00, 1.00, 1.00) (0.98, 0.95, 1.00) #fs:   0  -- #Conts: 7 H(4)  G(1)  A(1)  C(1) 
 136968741 3246.00 || noQ Q (Avg,Max,Min) (1.00, 1.00, 1.00) (0.98, 0.92, 1.00) #fs:   0  -- #Conts: 7 H(4)  G(1)  A(1)  C(1) 
 137216477 3240.94 || noQ Q (Avg,Max,Min) (1.00, 1.02, 1.00) (0.84, 0.07, 1.00) #fs:   0  -- #Conts: 9 H(4)  G(2)  A(1)  E(1)  C(1) 
 137326240 3234.24 || noQ Q (Avg,Max,Min) (1.00, 1.01, 1.00) (0.94, 0.59, 1.00) #fs:   0  -- #Conts: 8 H(4)  G(2)  A(1)  C(1) 
 137530492 3233.24 || noQ Q (Avg,Max,Min) (1.00, 1.01, 1.00) (0.95, 0.65, 1.00) #fs:   0  -- #Conts: 8 H(4)  G(2)  A(1)  C(1) 
 137723485 3232.24 || noQ Q (Avg,Max,Min) (1.00, 1.01, 1.00) (0.95, 0.70, 1.00) #fs:   0  -- #Conts: 8 H(4)  G(2)  A(1)  C(1) 
 137922794 3231.24 || noQ Q (Avg,Max,Min) (1.00, 1.01, 1.00) (0.96, 0.76, 1.00) #fs:   0  -- #Conts: 8 H(4)  G(2)  A(1)  C(1) 
 138209210 3230.24 || noQ Q (Avg,Max,Min) (1.00, 1.01, 1.00) (0.96, 0.84, 1.00) #fs:   0  -- #Conts: 8 H(4)  G(2)  A(1)  C(1) 
 140880920 3229.88 || noQ Q (Avg,Max,Min) (1.00, 1.00, 1.00) (0.96, 0.79, 1.00) #fs:   0  -- #Conts: 8 H(4)  G(1)  A(1)  E(1)  C(1) 
 141336630 3228.88 || noQ Q (Avg,Max,Min) (1.00, 1.00, 1.00) (0.97, 0.86, 1.00) #fs:   0  -- #Conts: 8 H(4)  G(1)  A(1)  E(1)  C(1) 
 141982588 3227.88 || noQ Q (Avg,Max,Min) (1.00, 1.00, 1.00) (0.98, 0.92, 1.00) #fs:   0  -- #Conts: 8 H(4)  G(1)  A(1)  E(1)  C(1) 
 145801338 3227.47 || noQ Q (Avg,Max,Min) (1.00, 1.00, 1.00) (0.99, 0.96, 1.00) #fs:   0  -- #Conts: 8 H(4)  G(1)  A(1)  C(2) 
 153000301 3204.12 || noQ Q (Avg,Max,Min) (1.00, 1.01, 1.00) (0.99, 0.96, 1.01) #fs:   0  -- #Conts: 9 H(5)  G(2)  E(1)  C(1) 
 162436779 3181.18 || noQ Q (Avg,Max,Min) (1.00, 1.02, 0.99) (0.99, 0.94, 1.01) #fs:   1  -- #Conts: 11 H(4)  G(3)  A(3)  C(1) 
 162734453 3180.18 || noQ Q (Avg,Max,Min) (1.00, 1.02, 0.99) (0.98, 0.94, 1.01) #fs:   1  -- #Conts: 10 H(4)  G(3)  A(2)  C(1) 
 162829081 3179.18 || noQ Q (Avg,Max,Min) (1.00, 1.02, 0.99) (0.99, 0.96, 1.01) #fs:   1  -- #Conts: 10 H(4)  G(3)  A(2)  C(1) 
 163126755 3178.18 || noQ Q (Avg,Max,Min) (1.00, 1.02, 0.99) (0.99, 0.96, 1.01) #fs:   1  -- #Conts: 9 H(4)  G(3)  A(1)  C(1) 
 163350415 3177.18 || noQ Q (Avg,Max,Min) (1.00, 1.02, 0.99) (0.99, 0.96, 1.01) #fs:   1  -- #Conts: 9 H(4)  G(3)  A(1)  C(1) 
 163549724 3176.18 || noQ Q (Avg,Max,Min) (1.00, 1.02, 0.99) (0.99, 0.96, 1.01) #fs:   1  -- #Conts: 9 H(4)  G(3)  A(1)  C(1) 
 164329872 3173.18 || noQ Q (Avg,Max,Min) (1.00, 1.02, 0.99) (0.94, 0.55, 1.01) #fs:   1  -- #Conts: 10 H(4)  G(3)  A(2)  C(1) 
 164439635 3172.18 || noQ Q (Avg,Max,Min) (1.00, 1.02, 0.99) (0.99, 0.94, 1.01) #fs:   1  -- #Conts: 9 H(4)  G(3)  A(1)  C(1) 
 164643887 3171.18 || noQ Q (Avg,Max,Min) (1.00, 1.02, 0.99) (0.99, 0.93, 1.01) #fs:   1  -- #Conts: 9 H(4)  G(3)  A(1)  C(1) 
 164836880 3170.18 || noQ Q (Avg,Max,Min) (1.00, 1.02, 0.99) (0.99, 0.94, 1.01) #fs:   1  -- #Conts: 9 H(4)  G(3)  A(1)  C(1) 
 165036189 3169.18 || noQ Q (Avg,Max,Min) (1.00, 1.02, 0.99) (0.99, 0.93, 1.01) #fs:   1  -- #Conts: 9 H(4)  G(3)  A(1)  C(1) 
 165259849 3168.18 || noQ Q (Avg,Max,Min) (1.00, 1.02, 0.99) (0.99, 0.92, 1.01) #fs:   1  -- #Conts: 9 H(4)  G(3)  A(1)  C(1) 
 165459158 3167.18 || noQ Q (Avg,Max,Min) (1.00, 1.02, 0.99) (0.99, 0.92, 1.01) #fs:   1  -- #Conts: 9 H(4)  G(3)  A(1)  C(1) 
 170359629 3154.41 || noQ Q (Avg,Max,Min) (1.01, 1.09, 0.99) (0.87, 0.02, 1.00) #fs:   1  -- #Conts: 10 H(4)  G(3)  A(1)  C(2) 
 170399762 3122.88 || noQ Q (Avg,Max,Min) (1.00, 1.00, 0.99) (0.96, 0.73, 1.00) #fs:   1  -- #Conts: 9 H(3)  G(3)  A(1)  C(2) 
 170604014 3121.88 || noQ Q (Avg,Max,Min) (1.00, 1.00, 0.99) (0.96, 0.73, 1.00) #fs:   1  -- #Conts: 8 H(3)  G(3)  C(2) 
 172436313 3118.59 || noQ Q (Avg,Max,Min) (1.00, 1.02, 0.99) (0.86, 0.06, 1.00) #fs:   1  -- #Conts: 10 H(3)  G(3)  A(2)  E(1)  C(1) 
 172597803 3115.88 || noQ Q (Avg,Max,Min) (1.00, 1.01, 0.99) (0.86, 0.11, 1.00) #fs:   1  -- #Conts: 10 H(3)  G(3)  A(2)  C(2) 
 173914469 3112.88 || noQ Q (Avg,Max,Min) (1.00, 1.00, 0.99) (0.90, 0.47, 1.00) #fs:   1  -- #Conts: 10 H(3)  G(3)  A(3)  C(1) 
 182092849 3057.24 || noQ Q (Avg,Max,Min) (1.00, 1.01, 1.00) (0.94, 0.55, 1.00) #fs:   1  -- #Conts: 10 H(3)  G(3)  A(3)  E(1) 
 182154653 3056.24 || noQ Q (Avg,Max,Min) (1.00, 1.01, 1.00) (0.98, 0.85, 1.00) #fs:   1  -- #Conts: 9 H(3)  G(3)  A(2)  E(1) 
 212811278 3041.47 || noQ Q (Avg,Max,Min) (1.01, 1.09, 1.00) (0.85, 0.02, 1.00) #fs:   1  -- #Conts: 11 H(3)  G(4)  A(3)  E(1) 
 212851411 3009.94 || noQ Q (Avg,Max,Min) (1.00, 1.01, 1.00) (0.94, 0.55, 1.00) #fs:   1  -- #Conts: 10 H(2)  G(4)  A(3)  E(1) 
 212961174 3008.94 || noQ Q (Avg,Max,Min) (1.00, 1.01, 1.00) (0.98, 0.85, 1.00) #fs:   1  -- #Conts: 9 H(2)  G(4)  A(2)  E(1) 
 213165426 3007.94 || noQ Q (Avg,Max,Min) (1.00, 1.01, 1.00) (0.98, 0.81, 1.00) #fs:   1  -- #Conts: 9 H(2)  G(4)  A(2)  E(1) 
 213252533 3006.94 || noQ Q (Avg,Max,Min) (1.00, 1.01, 1.00) (0.99, 0.96, 1.00) #fs:   1  -- #Conts: 9 H(2)  G(4)  A(2)  E(1) 
 213451842 3005.94 || noQ Q (Avg,Max,Min) (1.00, 1.01, 1.00) (0.99, 0.94, 1.00) #fs:   1  -- #Conts: 9 H(2)  G(4)  A(2)  E(1) 
 213644835 3004.94 || noQ Q (Avg,Max,Min) (1.00, 1.01, 1.00) (1.00, 0.98, 1.00) #fs:   1  -- #Conts: 9 H(2)  G(4)  A(2)  E(1) 
 213844144 3003.94 || noQ Q (Avg,Max,Min) (1.00, 1.01, 1.00) (1.00, 0.99, 1.00) #fs:   1  -- #Conts: 8 H(2)  G(4)  A(1)  E(1) 
 215785897 2911.29 || noQ Q (Avg,Max,Min) (1.00, 1.00, 1.00) (0.90, 0.55, 1.00) #fs:   0  -- #Conts: 8 H(2)  G(3)  A(2)  E(1) 
 215847701 2910.29 || noQ Q (Avg,Max,Min) (1.00, 1.00, 1.00) (0.95, 0.68, 1.00) #fs:   0  -- #Conts: 7 H(2)  G(3)  A(1)  E(1) 
 221885241 2888.41 || noQ Q (Avg,Max,Min) (1.01, 1.07, 1.00) (0.85, 0.02, 1.00) #fs:   0  -- #Conts: 8 H(2)  G(3)  A(1)  E(2) 
 221899254 2860.88 || noQ Q (Avg,Max,Min) (1.00, 1.01, 1.00) (0.86, 0.11, 1.00) #fs:   0  -- #Conts: 8 H(1)  G(3)  A(1)  E(2)  C(1) 
 221912705 2856.88 || noQ Q (Avg,Max,Min) (1.00, 1.00, 1.00) (0.98, 0.85, 1.00) #fs:   0  -- #Conts: 7 H(1)  G(3)  A(1)  E(2) 
 222101457 2855.88 || noQ Q (Avg,Max,Min) (1.00, 1.00, 0.99) (0.98, 0.84, 1.00) #fs:   1  -- #Conts: 7 H(1)  G(3)  A(1)  E(2) 
 222229911 2854.88 || noQ Q (Avg,Max,Min) (1.00, 1.00, 0.99) (0.98, 0.86, 1.00) #fs:   1  -- #Conts: 7 H(1)  G(3)  A(1)  E(2) 
 222363573 2853.88 || noQ Q (Avg,Max,Min) (1.00, 1.00, 1.00) (0.98, 0.88, 1.00) #fs:   1  -- #Conts: 7 H(1)  G(3)  A(1)  E(2) 
 222558568 2852.88 || noQ Q (Avg,Max,Min) (1.00, 1.00, 0.99) (0.98, 0.90, 1.00) #fs:   1  -- #Conts: 7 H(1)  G(3)  A(1)  E(2) 
 222689335 2851.88 || noQ Q (Avg,Max,Min) (1.00, 1.00, 1.00) (0.99, 0.93, 1.00) #fs:   1  -- #Conts: 7 H(1)  G(3)  A(1)  E(2) 
 224077271 2851.47 || noQ Q (Avg,Max,Min) (1.00, 1.00, 1.00) (0.97, 0.77, 1.00) #fs:   0  -- #Conts: 7 H(1)  G(3)  A(1)  E(1)  C(1) 
 224938645 2850.47 || noQ Q (Avg,Max,Min) (1.00, 1.00, 1.00) (0.98, 0.85, 1.00) #fs:   0  -- #Conts: 7 H(1)  G(3)  A(1)  E(1)  C(1) 
 246504326 2834.71 || noQ Q (Avg,Max,Min) (1.01, 1.09, 1.00) (0.86, 0.02, 1.00) #fs:   0  -- #Conts: 8 H(1)  G(4)  A(1)  E(1)  C(1) 
 246544459 2803.18 || noQ Q (Avg,Max,Min) (1.00, 1.00, 1.00) (0.98, 0.93, 1.00) #fs:   0  -- #Conts: 7 G(4)  A(1)  E(1)  C(1) 
 251847713 2800.24 || noQ Q (Avg,Max,Min) (1.00, 1.00, 1.00) (0.98, 0.89, 1.00) #fs:   0  -- #Conts: 6 G(4)  A(1)  E(1) 
 251850119 2799.24 || noQ Q (Avg,Max,Min) (1.00, 1.00, 1.00) (0.99, 0.98, 1.00) #fs:   0  -- #Conts: 6 G(4)  A(1)  E(1) 
 251945451 2798.24 || noQ Q (Avg,Max,Min) (1.00, 1.00, 1.00) (1.00, 0.99, 1.00) #fs:   0  -- #Conts: 6 G(4)  A(1)  E(1) 
 252140419 2797.24 || noQ Q (Avg,Max,Min) (1.00, 1.00, 1.00) (0.99, 0.96, 1.00) #fs:   0  -- #Conts: 6 G(4)  A(1)  E(1) 
 252332304 2796.24 || noQ Q (Avg,Max,Min) (1.00, 1.00, 1.00) (0.99, 0.96, 1.00) #fs:   0  -- #Conts: 6 G(4)  A(1)  E(1) 
 252514569 2795.24 || noQ Q (Avg,Max,Min) (1.00, 1.00, 1.00) (0.99, 0.96, 1.00) #fs:   0  -- #Conts: 6 G(4)  A(1)  E(1) 
 252766653 2794.24 || noQ Q (Avg,Max,Min) (1.00, 1.00, 1.00) (0.99, 0.94, 1.00) #fs:   0  -- #Conts: 6 G(4)  A(1)  E(1) 
 252909785 2793.24 || noQ Q (Avg,Max,Min) (1.00, 1.00, 1.00) (1.00, 0.98, 1.00) #fs:   0  -- #Conts: 6 G(4)  A(1)  E(1) 
 317502660 2792.00 || noQ Q (Avg,Max,Min) (1.00, 1.00, 1.00) (0.98, 0.92, 1.00) #fs:   0  -- #Conts: 8 G(4)  A(2)  E(2) 
 321771638 2789.71 || noQ Q (Avg,Max,Min) (1.00, 1.00, 1.00) (0.93, 0.55, 1.00) #fs:   0  -- #Conts: 8 G(4)  A(2)  E(2) 
 322025944 2788.71 || noQ Q (Avg,Max,Min) (1.00, 1.00, 1.00) (0.99, 0.92, 1.00) #fs:   0  -- #Conts: 7 G(4)  A(1)  E(2) 
 339245993 2774.82 || noQ Q (Avg,Max,Min) (1.00, 1.00, 1.00) (0.98, 0.92, 1.00) #fs:   0  -- #Conts: 6 G(3)  E(2)  C(1) 
 343552376 2773.53 || noQ Q (Avg,Max,Min) (1.00, 1.00, 1.00) (0.96, 0.75, 1.00) #fs:   0  -- #Conts: 6 G(3)  A(1)  E(2) 
 344013029 2772.53 || noQ Q (Avg,Max,Min) (1.00, 1.00, 1.00) (0.94, 0.68, 1.00) #fs:   0  -- #Conts: 6 G(3)  A(1)  E(2) 
 344506306 2770.53 || noQ Q (Avg,Max,Min) (1.00, 1.00, 1.00) (1.00, 0.98, 1.00) #fs:   0  -- #Conts: 6 G(3)  A(1)  E(2) 
 344966959 2769.53 || noQ Q (Avg,Max,Min) (1.00, 1.00, 1.00) (1.00, 1.00, 1.00) #fs:   0  -- #Conts: 5 G(3)  E(2) 
 348779917 2768.76 || noQ Q (Avg,Max,Min) (1.00, 1.00, 1.00) (1.00, 1.00, 1.00) #fs:   1  -- #Conts: 6 G(3)  A(1)  E(2) 
 349152868 2767.76 || noQ Q (Avg,Max,Min) (1.00, 1.00, 1.00) (1.00, 1.00, 1.00) #fs:   0  -- #Conts: 6 G(3)  A(1)  E(2) 
 353429392 2767.47 || noQ Q (Avg,Max,Min) (1.00, 1.00, 1.00) (0.92, 0.49, 1.00) #fs:   0  -- #Conts: 7 G(3)  A(2)  E(2) 
 426476013 2765.18 || noQ Q (Avg,Max,Min) (1.01, 1.09, 1.00) (0.85, 0.02, 1.00) #fs:   0  -- #Conts: 10 H(1)  A(2)  G(2)  E(4)  C(1) 
 426516146 2733.65 || noQ Q (Avg,Max,Min) (1.00, 1.00, 1.00) (0.95, 0.55, 1.00) #fs:   0  -- #Conts: 9 A(2)  G(2)  E(4)  C(1) 
 426627910 2732.65 || noQ Q (Avg,Max,Min) (1.00, 1.00, 1.00) (0.95, 0.55, 1.00) #fs:   0  -- #Conts: 9 A(2)  G(2)  E(4)  C(1) 
 426742400 2731.65 || noQ Q (Avg,Max,Min) (1.00, 1.00, 1.00) (1.00, 0.98, 1.00) #fs:   0  -- #Conts: 8 A(1)  G(2)  E(4)  C(1) 
 439612326 2729.65 || noQ Q (Avg,Max,Min) (1.00, 1.00, 1.00) (0.99, 0.96, 1.00) #fs:   0  -- #Conts: 8 A(2)  G(2)  E(4) 
 479489025 2728.88 || noQ Q (Avg,Max,Min) (1.00, 1.00, 1.00) (0.99, 0.91, 1.00) #fs:   0  -- #Conts: 8 A(3)  G(1)  E(4) 
 479729944 2727.88 || noQ Q (Avg,Max,Min) (1.00, 1.00, 1.00) (0.99, 0.91, 1.00) #fs:   0  -- #Conts: 8 A(3)  G(1)  E(4) 
 500428361 2721.47 || noQ Q (Avg,Max,Min) (1.00, 1.00, 1.00) (0.99, 0.96, 1.00) #fs:   0  -- #Conts: 7 A(2)  G(1)  E(4) 
 500618222 2717.76 || noQ Q (Avg,Max,Min) (1.00, 1.01, 1.00) (0.89, 0.13, 1.00) #fs:   0  -- #Conts: 8 A(2)  G(1)  E(4)  C(1) 
 502159496 2714.76 || noQ Q (Avg,Max,Min) (1.00, 1.00, 1.00) (0.94, 0.55, 1.00) #fs:   0  -- #Conts: 8 A(3)  G(1)  E(4) 
 508172446 2709.88 || noQ Q (Avg,Max,Min) (1.00, 1.02, 1.00) (0.92, 0.55, 1.02) #fs:   0  -- #Conts: 10 A(3)  G(1)  E(5)  C(1) 
 508334773 2708.88 || noQ Q (Avg,Max,Min) (1.00, 1.02, 0.99) (0.97, 0.73, 1.02) #fs:   1  -- #Conts: 9 A(2)  G(1)  E(5)  C(1) 
 508598580 2707.88 || noQ Q (Avg,Max,Min) (1.00, 1.02, 1.00) (0.97, 0.76, 1.02) #fs:   0  -- #Conts: 9 A(2)  G(1)  E(5)  C(1) 
 508861755 2706.88 || noQ Q (Avg,Max,Min) (1.00, 1.02, 1.00) (0.98, 0.78, 1.02) #fs:   1  -- #Conts: 9 A(2)  G(1)  E(5)  C(1) 
 509184082 2705.88 || noQ Q (Avg,Max,Min) (1.00, 1.02, 0.99) (0.98, 0.81, 1.02) #fs:   1  -- #Conts: 9 A(2)  G(1)  E(5)  C(1) 
 509463346 2704.88 || noQ Q (Avg,Max,Min) (1.00, 1.02, 1.00) (0.98, 0.84, 1.02) #fs:   1  -- #Conts: 9 A(2)  G(1)  E(5)  C(1) 
 509746523 2703.88 || noQ Q (Avg,Max,Min) (1.00, 1.02, 1.00) (0.99, 0.87, 1.02) #fs:   1  -- #Conts: 9 A(2)  G(1)  E(5)  C(1) 
 510059418 2702.88 || noQ Q (Avg,Max,Min) (1.00, 1.02, 0.99) (0.99, 0.89, 1.02) #fs:   1  -- #Conts: 9 A(2)  G(1)  E(5)  C(1) 
 510309971 2701.88 || noQ Q (Avg,Max,Min) (1.00, 1.02, 1.00) (0.99, 0.92, 1.02) #fs:   1  -- #Conts: 9 A(2)  G(1)  E(5)  C(1) 
 510619544 2700.88 || noQ Q (Avg,Max,Min) (1.00, 1.02, 1.00) (1.00, 0.94, 1.02) #fs:   1  -- #Conts: 9 A(2)  G(1)  E(5)  C(1) 
 510914468 2699.88 || noQ Q (Avg,Max,Min) (1.00, 1.02, 1.00) (1.00, 0.97, 1.02) #fs:   1  -- #Conts: 9 A(2)  G(1)  E(5)  C(1) 
2324893204 2693.65 || noQ Q (Avg,Max,Min) (1.00, 1.02, 1.00) (1.00, 0.97, 1.02) #fs:   0  -- #Conts: 7 A(3)  G(1)  E(2)  C(1) 
2325146605 2692.65 || noQ Q (Avg,Max,Min) (1.00, 1.02, 1.00) (1.00, 0.97, 1.02) #fs:   0  -- #Conts: 7 A(3)  G(1)  E(2)  C(1) 
2325405638 2691.65 || noQ Q (Avg,Max,Min) (1.00, 1.02, 1.00) (1.00, 0.99, 1.02) #fs:   0  -- #Conts: 7 A(3)  G(1)  E(2)  C(1) 
2325797129 2690.65 || noQ Q (Avg,Max,Min) (1.00, 1.02, 1.00) (1.00, 0.99, 1.02) #fs:   0  -- #Conts: 7 A(3)  G(1)  E(2)  C(1) 
2326347061 2689.65 || noQ Q (Avg,Max,Min) (1.00, 1.02, 1.00) (1.00, 0.99, 1.02) #fs:   0  -- #Conts: 7 A(3)  G(1)  E(2)  C(1) 
2326785531 2688.65 || noQ Q (Avg,Max,Min) (1.00, 1.02, 1.00) (1.00, 1.00, 1.02) #fs:   0  -- #Conts: 7 A(3)  G(1)  E(2)  C(1) 
2327247491 2687.65 || noQ Q (Avg,Max,Min) (1.00, 1.02, 1.00) (1.00, 1.00, 1.02) #fs:   0  -- #Conts: 7 A(3)  G(1)  E(2)  C(1) 
2332673741 2687.35 || noQ Q (Avg,Max,Min) (1.00, 1.02, 1.00) (0.93, 0.47, 1.02) #fs:   0  -- #Conts: 8 A(4)  G(1)  E(2)  C(1) 
2459273830 2686.29 || noQ Q (Avg,Max,Min) (1.00, 1.01, 1.00) (0.88, 0.47, 1.00) #fs:   0  -- #Conts: 8 A(4)  E(3)  C(1) 
/////////////////size: 108
nodes 48 edges 56
 mulT: 1000 mulD: 500  sumData GB 674
pareto /SIPHT.n.50.0.dax time -> 786.0
moheft /SIPHT.n.50.0.dax time -> 1165.0
distance from M to C 0.09259259259259257
distance from P to C 5.875272177991509
distance from C to M 5.7713481946974134
distance from C to P 69.23067256883182
toCompare: /SIPHT.n.50.0.dax sumDataGB: 674 mulT: 1000 mulD: 500 paretoOptTime_MS: 786.0 MoheftOptimizationTime_MS: 1165.0 MtoC 0.09259259259259257 PtoC 5.875272177991509 CtoM 5.7713481946974134 CtoP 69.23067256883182
