specify -Dflow d,b,mt,md,size
Running /home/vaggelis/jc/MONTAGE.n.50.0.dax mt 500 md: 1000 size null
   1264142 882.82 || noQ Q (Avg,Max,Min) (1.33, 1.90, 0.84) (0.13, 0.07, 0.67) #fs:  17  -- #Conts: 28 H(28) 
   1270859 851.29 || noQ Q (Avg,Max,Min) (1.35, 1.89, 0.93) (0.14, 0.07, 0.67) #fs:  15  -- #Conts: 27 H(27) 
   1385770 835.53 || noQ Q (Avg,Max,Min) (1.31, 1.73, 0.82) (0.14, 0.07, 0.67) #fs:  16  -- #Conts: 27 H(26)  G(1) 
   1386669 819.76 || noQ Q (Avg,Max,Min) (1.30, 1.73, 0.82) (0.14, 0.07, 0.67) #fs:  16  -- #Conts: 27 H(25)  G(2) 
   1387226 804.00 || noQ Q (Avg,Max,Min) (1.29, 1.73, 0.82) (0.14, 0.07, 0.67) #fs:  16  -- #Conts: 27 H(24)  G(3) 
   1387265 788.24 || noQ Q (Avg,Max,Min) (1.28, 1.73, 0.82) (0.14, 0.07, 0.67) #fs:  16  -- #Conts: 27 H(23)  G(4) 
   1387346 772.47 || noQ Q (Avg,Max,Min) (1.28, 1.73, 0.82) (0.15, 0.07, 0.67) #fs:  16  -- #Conts: 27 H(22)  G(5) 
   1388058 756.71 || noQ Q (Avg,Max,Min) (1.27, 1.73, 0.82) (0.15, 0.07, 0.67) #fs:  16  -- #Conts: 27 H(21)  G(6) 
   1388227 740.94 || noQ Q (Avg,Max,Min) (1.26, 1.73, 0.82) (0.15, 0.07, 0.67) #fs:  16  -- #Conts: 27 H(20)  G(7) 
   1388445 725.18 || noQ Q (Avg,Max,Min) (1.26, 1.73, 0.82) (0.15, 0.07, 0.67) #fs:  16  -- #Conts: 27 H(19)  G(8) 
   1388667 709.41 || noQ Q (Avg,Max,Min) (1.25, 1.73, 0.82) (0.15, 0.07, 0.67) #fs:  16  -- #Conts: 27 H(18)  G(9) 
   1388806 693.65 || noQ Q (Avg,Max,Min) (1.24, 1.73, 0.82) (0.15, 0.07, 0.67) #fs:  16  -- #Conts: 27 H(17)  G(10) 
   1389000 677.88 || noQ Q (Avg,Max,Min) (1.23, 1.72, 0.82) (0.15, 0.07, 0.67) #fs:  16  -- #Conts: 27 H(16)  G(11) 
   1389183 662.12 || noQ Q (Avg,Max,Min) (1.23, 1.72, 0.82) (0.15, 0.07, 0.67) #fs:  16  -- #Conts: 27 H(15)  G(12) 
   1389417 646.35 || noQ Q (Avg,Max,Min) (1.22, 1.72, 0.82) (0.16, 0.07, 0.67) #fs:  16  -- #Conts: 27 H(14)  G(13) 
   1389621 630.59 || noQ Q (Avg,Max,Min) (1.21, 1.72, 0.82) (0.16, 0.07, 0.67) #fs:  16  -- #Conts: 27 H(13)  G(14) 
   1389708 614.82 || noQ Q (Avg,Max,Min) (1.21, 1.72, 0.82) (0.16, 0.07, 0.67) #fs:  16  -- #Conts: 27 H(12)  G(15) 
   1390674 599.06 || noQ Q (Avg,Max,Min) (1.20, 1.72, 0.82) (0.16, 0.07, 0.67) #fs:  16  -- #Conts: 27 H(11)  G(16) 
   1392516 583.29 || noQ Q (Avg,Max,Min) (1.19, 1.72, 0.81) (0.16, 0.07, 0.67) #fs:  16  -- #Conts: 27 H(10)  G(17) 
   1393342 567.53 || noQ Q (Avg,Max,Min) (1.18, 1.72, 0.81) (0.16, 0.07, 0.67) #fs:  16  -- #Conts: 27 H(9)  G(18) 
   1393386 551.76 || noQ Q (Avg,Max,Min) (1.18, 1.72, 0.81) (0.16, 0.11, 0.67) #fs:  16  -- #Conts: 27 H(8)  G(19) 
   1430551 536.00 || noQ Q (Avg,Max,Min) (1.17, 1.67, 0.79) (0.17, 0.11, 0.67) #fs:  15  -- #Conts: 26 H(8)  G(18) 
   1432400 520.24 || noQ Q (Avg,Max,Min) (1.18, 1.67, 0.78) (0.17, 0.11, 0.67) #fs:  16  -- #Conts: 25 H(8)  G(17) 
   1435675 504.47 || noQ Q (Avg,Max,Min) (1.18, 1.67, 0.78) (0.18, 0.11, 0.67) #fs:  16  -- #Conts: 24 H(8)  G(16) 
   1435914 472.94 || noQ Q (Avg,Max,Min) (1.20, 1.67, 0.78) (0.19, 0.11, 0.67) #fs:  16  -- #Conts: 22 H(8)  G(14) 
   1436487 457.18 || noQ Q (Avg,Max,Min) (1.20, 1.94, 0.78) (0.20, 0.11, 0.77) #fs:  16  -- #Conts: 21 H(8)  G(13) 
   1437392 441.41 || noQ Q (Avg,Max,Min) (1.21, 1.85, 0.95) (0.21, 0.11, 0.74) #fs:  16  -- #Conts: 20 H(8)  G(12) 
   1612695 409.88 || noQ Q (Avg,Max,Min) (1.20, 1.65, 0.88) (0.29, 0.14, 0.74) #fs:  15  -- #Conts: 13 H(13) 
   1616810 346.82 || noQ Q (Avg,Max,Min) (1.22, 1.64, 0.88) (0.34, 0.15, 0.74) #fs:  16  -- #Conts: 11 H(11) 
   1619406 315.29 || noQ Q (Avg,Max,Min) (1.24, 1.80, 1.02) (0.37, 0.15, 0.81) #fs:  16  -- #Conts: 10 H(10) 
   1631770 283.76 || noQ Q (Avg,Max,Min) (1.22, 1.79, 1.07) (0.42, 0.22, 0.81) #fs:  15  -- #Conts: 9 H(9) 
   1796406 252.24 || noQ Q (Avg,Max,Min) (1.13, 1.62, 0.95) (0.47, 0.38, 0.81) #fs:  16  -- #Conts: 8 H(8) 
   2122824 220.71 || noQ Q (Avg,Max,Min) (1.24, 1.76, 1.01) (0.54, 0.38, 1.04) #fs:   8  -- #Conts: 7 H(7) 
   2377767 189.18 || noQ Q (Avg,Max,Min) (1.22, 1.65, 1.05) (0.64, 0.38, 1.09) #fs:   8  -- #Conts: 6 H(6) 
   2404900 157.65 || noQ Q (Avg,Max,Min) (1.35, 1.67, 1.13) (0.76, 0.53, 1.11) #fs:   7  -- #Conts: 5 H(5) 
   2680372 141.88 || noQ Q (Avg,Max,Min) (1.06, 1.40, 0.94) (0.61, 0.33, 1.04) #fs:  15  -- #Conts: 9 G(9) 
   2747003 126.12 || noQ Q (Avg,Max,Min) (1.38, 1.71, 1.21) (0.95, 0.80, 1.30) #fs:   5  -- #Conts: 4 H(4) 
   3464966 110.35 || noQ Q (Avg,Max,Min) (1.10, 1.44, 0.90) (0.79, 0.56, 1.39) #fs:   9  -- #Conts: 7 G(7) 
   3509193 094.59 || noQ Q (Avg,Max,Min) (1.41, 1.59, 1.30) (1.27, 1.09, 1.55) #fs:   3  -- #Conts: 3 H(3) 
   4006439 078.82 || noQ Q (Avg,Max,Min) (1.15, 1.31, 1.01) (1.10, 0.91, 1.25) #fs:   8  -- #Conts: 5 G(5) 
  33506095 078.00 || noQ Q (Avg,Max,Min) (1.01, 1.12, 0.86) (0.92, 0.76, 1.01) #fs:   9  -- #Conts: 20 A(20) 
  33570300 077.00 || noQ Q (Avg,Max,Min) (1.02, 1.11, 1.00) (0.92, 0.76, 1.01) #fs:   8  -- #Conts: 21 A(21) 
  38691038 075.00 || noQ Q (Avg,Max,Min) (1.02, 1.09, 1.00) (0.95, 0.77, 1.03) #fs:   7  -- #Conts: 19 A(19) 
/////////////////size: 43
   1499369 599.06 || noQ Q (Avg,Max,Min) (1.24, 2.43, 0.80) (0.17, 0.07, 0.64) #fs:  13  -- #Conts: 26 H(12)  G(14) 
   1507004 583.29 || noQ Q (Avg,Max,Min) (1.23, 1.64, 0.81) (0.18, 0.07, 0.69) #fs:  12  -- #Conts: 25 H(12)  G(13) 
   1508016 567.53 || noQ Q (Avg,Max,Min) (1.22, 1.64, 0.81) (0.18, 0.07, 0.69) #fs:  12  -- #Conts: 25 H(11)  G(14) 
   1510733 536.00 || noQ Q (Avg,Max,Min) (1.21, 1.90, 0.80) (0.18, 0.07, 0.80) #fs:  13  -- #Conts: 24 H(10)  G(14) 
   1513242 504.47 || noQ Q (Avg,Max,Min) (1.21, 1.90, 0.80) (0.19, 0.07, 0.80) #fs:  13  -- #Conts: 23 H(9)  G(14) 
   1530975 488.71 || noQ Q (Avg,Max,Min) (1.21, 1.79, 0.79) (0.20, 0.07, 0.76) #fs:  12  -- #Conts: 22 H(9)  G(13) 
   1533535 472.94 || noQ Q (Avg,Max,Min) (1.22, 1.78, 0.79) (0.21, 0.07, 0.76) #fs:  13  -- #Conts: 21 H(9)  G(12) 
   1534735 457.18 || noQ Q (Avg,Max,Min) (1.21, 1.78, 0.79) (0.21, 0.11, 0.76) #fs:  13  -- #Conts: 21 H(8)  G(13) 
   1649642 441.41 || noQ Q (Avg,Max,Min) (1.18, 1.59, 0.73) (0.21, 0.11, 0.73) #fs:  14  -- #Conts: 21 H(7)  G(14) 
   1691197 425.65 || noQ Q (Avg,Max,Min) (1.30, 1.89, 0.89) (0.23, 0.09, 0.87) #fs:  11  -- #Conts: 19 H(8)  G(11) 
   1708730 409.88 || noQ Q (Avg,Max,Min) (1.31, 1.89, 0.88) (0.24, 0.09, 0.83) #fs:  10  -- #Conts: 18 H(8)  G(10) 
   1711121 394.12 || noQ Q (Avg,Max,Min) (1.32, 1.89, 0.88) (0.25, 0.09, 0.83) #fs:  11  -- #Conts: 17 H(8)  G(9) 
   1739582 378.35 || noQ Q (Avg,Max,Min) (1.25, 1.89, 0.88) (0.25, 0.09, 0.80) #fs:  12  -- #Conts: 17 H(7)  G(10) 
   1741973 362.59 || noQ Q (Avg,Max,Min) (1.26, 1.89, 0.88) (0.27, 0.09, 0.80) #fs:  13  -- #Conts: 16 H(7)  G(9) 
   1766138 346.82 || noQ Q (Avg,Max,Min) (1.31, 1.89, 0.84) (0.30, 0.09, 0.87) #fs:  11  -- #Conts: 14 H(8)  G(6) 
   1767509 331.06 || noQ Q (Avg,Max,Min) (1.31, 1.89, 0.84) (0.33, 0.09, 0.87) #fs:  11  -- #Conts: 13 H(8)  G(5) 
   1796985 315.29 || noQ Q (Avg,Max,Min) (1.25, 1.89, 0.84) (0.33, 0.09, 0.80) #fs:  13  -- #Conts: 13 H(7)  G(6) 
   1798356 299.53 || noQ Q (Avg,Max,Min) (1.25, 1.89, 0.84) (0.36, 0.09, 0.80) #fs:  13  -- #Conts: 12 H(7)  G(5) 
   1811607 268.00 || noQ Q (Avg,Max,Min) (1.20, 1.89, 0.84) (0.39, 0.21, 0.95) #fs:  12  -- #Conts: 11 H(6)  G(5) 
   1893386 249.88 || noQ Q (Avg,Max,Min) (1.15, 1.81, 0.97) (0.40, 0.21, 0.95) #fs:  11  -- #Conts: 11 H(6)  G(3)  E(2) 
   1908637 243.18 || noQ Q (Avg,Max,Min) (1.16, 1.80, 0.96) (0.43, 0.21, 0.95) #fs:  11  -- #Conts: 10 H(6)  G(3)  E(1) 
   1909818 240.82 || noQ Q (Avg,Max,Min) (1.15, 1.80, 0.96) (0.41, 0.21, 0.95) #fs:  11  -- #Conts: 11 H(6)  G(2)  E(3) 
   1912228 236.47 || noQ Q (Avg,Max,Min) (1.19, 1.80, 0.96) (0.46, 0.22, 0.95) #fs:  12  -- #Conts: 9 H(6)  G(3) 
   1913391 234.12 || noQ Q (Avg,Max,Min) (1.17, 1.80, 0.96) (0.44, 0.21, 0.95) #fs:  12  -- #Conts: 10 H(6)  G(2)  E(2) 
   1914400 227.41 || noQ Q (Avg,Max,Min) (1.19, 1.79, 0.96) (0.47, 0.21, 0.95) #fs:  12  -- #Conts: 9 H(6)  G(2)  E(1) 
   1931596 220.71 || noQ Q (Avg,Max,Min) (1.21, 1.78, 0.95) (0.51, 0.35, 0.95) #fs:  11  -- #Conts: 8 H(6)  G(2) 
   2158186 216.00 || noQ Q (Avg,Max,Min) (1.09, 1.51, 0.92) (0.42, 0.21, 0.91) #fs:  13  -- #Conts: 12 H(4)  G(4)  E(4) 
   2172737 209.29 || noQ Q (Avg,Max,Min) (1.10, 1.50, 0.91) (0.44, 0.21, 0.91) #fs:  13  -- #Conts: 11 H(4)  G(4)  E(3) 
   2176064 202.59 || noQ Q (Avg,Max,Min) (1.10, 1.50, 0.91) (0.47, 0.21, 0.90) #fs:  14  -- #Conts: 10 H(4)  G(4)  E(2) 
   2204517 195.88 || noQ Q (Avg,Max,Min) (1.12, 1.48, 0.90) (0.51, 0.21, 0.90) #fs:  14  -- #Conts: 9 H(4)  G(4)  E(1) 
   2206200 189.18 || noQ Q (Avg,Max,Min) (1.14, 1.48, 0.93) (0.56, 0.35, 0.91) #fs:  14  -- #Conts: 8 H(4)  G(4) 
   2339811 184.47 || noQ Q (Avg,Max,Min) (1.06, 1.39, 0.84) (0.45, 0.21, 0.91) #fs:  13  -- #Conts: 12 H(2)  G(6)  E(4) 
   2342953 177.76 || noQ Q (Avg,Max,Min) (1.07, 1.50, 0.83) (0.48, 0.21, 0.98) #fs:  14  -- #Conts: 11 H(2)  G(6)  E(3) 
   2362748 171.06 || noQ Q (Avg,Max,Min) (1.07, 1.55, 0.83) (0.52, 0.21, 1.01) #fs:  14  -- #Conts: 10 H(2)  G(6)  E(2) 
   2364431 164.35 || noQ Q (Avg,Max,Min) (1.08, 1.55, 0.83) (0.56, 0.21, 1.01) #fs:  14  -- #Conts: 9 H(2)  G(6)  E(1) 
   2366416 157.65 || noQ Q (Avg,Max,Min) (1.11, 1.54, 1.02) (0.62, 0.54, 1.01) #fs:  14  -- #Conts: 8 H(2)  G(6) 
   3148371 154.82 || noQ Q (Avg,Max,Min) (1.14, 1.52, 1.05) (0.44, 0.13, 1.28) #fs:   8  -- #Conts: 17 G(6)  E(6)  C(5) 
   3150053 152.12 || noQ Q (Avg,Max,Min) (1.14, 1.52, 1.04) (0.44, 0.13, 1.28) #fs:   8  -- #Conts: 17 G(6)  E(5)  C(6) 
   3151888 139.06 || noQ Q (Avg,Max,Min) (1.12, 1.46, 1.05) (0.46, 0.21, 1.28) #fs:   8  -- #Conts: 16 G(5)  E(6)  C(5) 
   3152422 136.35 || noQ Q (Avg,Max,Min) (1.12, 1.46, 1.05) (0.47, 0.21, 1.28) #fs:   8  -- #Conts: 16 G(5)  E(5)  C(6) 
   3379133 130.71 || noQ Q (Avg,Max,Min) (1.14, 1.52, 0.95) (0.54, 0.13, 1.28) #fs:   8  -- #Conts: 13 G(6)  E(3)  C(4) 
   3382260 114.94 || noQ Q (Avg,Max,Min) (1.11, 1.36, 0.95) (0.59, 0.21, 1.28) #fs:   8  -- #Conts: 12 G(5)  E(3)  C(4) 
   3386132 110.94 || noQ Q (Avg,Max,Min) (1.12, 1.48, 1.01) (0.62, 0.21, 1.39) #fs:   8  -- #Conts: 11 G(5)  E(3)  C(3) 
   3386867 108.24 || noQ Q (Avg,Max,Min) (1.12, 1.48, 1.01) (0.63, 0.35, 1.39) #fs:   8  -- #Conts: 11 G(5)  E(2)  C(4) 
   3452161 104.24 || noQ Q (Avg,Max,Min) (1.12, 1.45, 0.99) (0.67, 0.35, 1.39) #fs:   7  -- #Conts: 10 G(5)  E(2)  C(3) 
   3455952 100.24 || noQ Q (Avg,Max,Min) (1.14, 1.45, 1.04) (0.72, 0.35, 1.39) #fs:   8  -- #Conts: 9 G(5)  E(2)  C(2) 
   4132026 089.53 || noQ Q (Avg,Max,Min) (1.37, 2.90, 1.07) (0.84, 0.35, 1.08) #fs:   8  -- #Conts: 7 G(5)  E(1)  C(1) 
   4616970 086.82 || noQ Q (Avg,Max,Min) (1.09, 1.20, 0.91) (0.92, 0.51, 1.08) #fs:   9  -- #Conts: 6 G(5)  C(1) 
   5022802 081.76 || noQ Q (Avg,Max,Min) (1.04, 1.25, 0.77) (0.87, 0.35, 1.23) #fs:   7  -- #Conts: 7 G(4)  E(1)  C(2) 
   6207388 076.47 || noQ Q (Avg,Max,Min) (1.15, 1.59, 0.94) (1.08, 0.88, 1.31) #fs:   5  -- #Conts: 6 G(4)  E(2) 
  11859957 073.71 || noQ Q (Avg,Max,Min) (1.15, 1.47, 0.73) (1.01, 0.73, 1.35) #fs:   5  -- #Conts: 9 G(3)  A(1)  E(2)  C(3) 
  14972431 072.71 || noQ Q (Avg,Max,Min) (1.07, 1.21, 0.73) (1.00, 0.73, 1.19) #fs:   4  -- #Conts: 8 G(3)  A(1)  E(2)  C(2) 
  26654106 071.24 || noQ Q (Avg,Max,Min) (1.07, 1.22, 0.99) (0.99, 0.78, 1.13) #fs:   4  -- #Conts: 11 G(2)  A(5)  E(1)  C(3) 
/////////////////size: 53
nodes 50 edges 108
 mulT: 500 mulD: 1000  sumData GB 937
pareto /MONTAGE.n.50.0.dax time -> 7380.0
moheft /MONTAGE.n.50.0.dax time -> 1230.0
distance from M to C 1.3616196942900567
distance from P to C 3.9069663891048916
distance from C to M 1.647005632215161
distance from C to P 1.366314990897732
toCompare: /MONTAGE.n.50.0.dax sumDataGB: 937 mulT: 500 mulD: 1000 paretoOptTime_MS: 7380.0 MoheftOptimizationTime_MS: 1230.0 MtoC 1.3616196942900567 PtoC 3.9069663891048916 CtoM 1.647005632215161 CtoP 1.366314990897732
