specify -Dflow d,b,mt,md,size
Running /home/vaggelis/jc/CYBERSHAKE.n.100.0.dax mt 10 md: 100 size null
    386892 064.06 || noQ Q (Avg,Max,Min) (1.93, 2.47, 1.00) (0.17, 0.00, 0.27) #fs:   2  -- #Conts: 3 H(2)  A(1) 
    387314 063.06 || noQ Q (Avg,Max,Min) (2.39, 2.47, 2.31) (0.26, 0.25, 0.27) #fs:   2  -- #Conts: 2 H(2) 
    630278 048.29 || noQ Q (Avg,Max,Min) (1.45, 1.93, 1.00) (0.20, 0.00, 0.34) #fs:   1  -- #Conts: 3 H(1)  G(1)  A(1) 
    631536 047.29 || noQ Q (Avg,Max,Min) (2.12, 2.31, 1.93) (0.29, 0.25, 0.34) #fs:   0  -- #Conts: 2 H(1)  G(1) 
    663058 032.53 || noQ Q (Avg,Max,Min) (1.54, 1.84, 1.00) (0.22, 0.00, 0.34) #fs:   2  -- #Conts: 3 G(2)  A(1) 
    663747 031.53 || noQ Q (Avg,Max,Min) (1.80, 1.84, 1.77) (0.33, 0.33, 0.34) #fs:   2  -- #Conts: 2 G(2) 
   1294186 015.76 || noQ Q (Avg,Max,Min) (1.85, 1.85, 1.85) (0.66, 0.66, 0.66) #fs:   0  -- #Conts: 1 G(1) 
   1947778 013.41 || noQ Q (Avg,Max,Min) (2.65, 3.95, 1.35) (1.43, 0.73, 2.13) #fs:   1  -- #Conts: 2 E(2) 
   2384533 012.00 || noQ Q (Avg,Max,Min) (3.76, 6.86, 1.73) (1.71, 1.15, 2.21) #fs:   2  -- #Conts: 3 C(3) 
   2540302 010.71 || noQ Q (Avg,Max,Min) (2.19, 3.04, 1.33) (1.54, 0.94, 2.13) #fs:   3  -- #Conts: 2 E(1)  C(1) 
   2918741 006.71 || noQ Q (Avg,Max,Min) (1.38, 1.38, 1.38) (1.12, 1.12, 1.12) #fs:   0  -- #Conts: 1 E(1) 
/////////////////size: 11
    738633 058.29 || noQ Q (Avg,Max,Min) (0.73, 2.48, 0.14) (0.06, 0.00, 0.51) #fs:  12  -- #Conts: 10 H(1)  A(7)  G(1)  C(1) 
    738697 055.29 || noQ Q (Avg,Max,Min) (0.68, 2.48, 0.04) (0.06, 0.00, 0.51) #fs:  13  -- #Conts: 10 H(1)  A(8)  G(1) 
    738850 042.53 || noQ Q (Avg,Max,Min) (0.70, 2.48, 0.14) (0.07, 0.00, 0.51) #fs:  12  -- #Conts: 9 H(1)  A(7)  C(1) 
    738914 039.53 || noQ Q (Avg,Max,Min) (0.64, 2.48, 0.04) (0.07, 0.00, 0.51) #fs:  13  -- #Conts: 9 H(1)  A(8) 
    741729 038.53 || noQ Q (Avg,Max,Min) (0.63, 2.48, 0.04) (0.08, 0.00, 0.51) #fs:  10  -- #Conts: 8 H(1)  A(7) 
    742068 037.53 || noQ Q (Avg,Max,Min) (0.72, 2.48, 0.14) (0.09, 0.01, 0.51) #fs:   9  -- #Conts: 7 H(1)  A(6) 
    742866 036.53 || noQ Q (Avg,Max,Min) (0.67, 2.48, 0.14) (0.10, 0.02, 0.51) #fs:   9  -- #Conts: 6 H(1)  A(5) 
    744288 035.53 || noQ Q (Avg,Max,Min) (0.71, 2.47, 0.14) (0.12, 0.02, 0.51) #fs:   8  -- #Conts: 5 H(1)  A(4) 
    746671 034.53 || noQ Q (Avg,Max,Min) (0.85, 2.47, 0.30) (0.15, 0.02, 0.51) #fs:   7  -- #Conts: 4 H(1)  A(3) 
    749058 033.53 || noQ Q (Avg,Max,Min) (1.02, 2.46, 0.30) (0.19, 0.02, 0.51) #fs:   6  -- #Conts: 3 H(1)  A(2) 
    752756 032.53 || noQ Q (Avg,Max,Min) (1.38, 2.46, 0.30) (0.27, 0.02, 0.51) #fs:   2  -- #Conts: 2 H(1)  A(1) 
    755162 031.53 || noQ Q (Avg,Max,Min) (2.45, 2.45, 2.45) (0.51, 0.51, 0.51) #fs:   0  -- #Conts: 1 H(1) 
   1229070 031.47 || noQ Q (Avg,Max,Min) (7.39, 16.58, 1.00) (0.26, 0.01, 0.65) #fs:   1  -- #Conts: 5 G(1)  A(1)  E(1)  C(2) 
   1230673 030.47 || noQ Q (Avg,Max,Min) (8.82, 16.22, 1.89) (0.32, 0.16, 0.65) #fs:   2  -- #Conts: 4 G(1)  E(1)  C(2) 
   1232771 029.47 || noQ Q (Avg,Max,Min) (4.52, 15.74, 0.09) (0.20, 0.02, 0.65) #fs:   6  -- #Conts: 6 G(1)  A(3)  E(1)  C(1) 
   1235003 028.47 || noQ Q (Avg,Max,Min) (5.08, 15.25, 0.09) (0.23, 0.02, 0.65) #fs:   6  -- #Conts: 5 G(1)  A(2)  E(1)  C(1) 
   1237187 027.47 || noQ Q (Avg,Max,Min) (6.18, 14.73, 0.11) (0.28, 0.03, 0.65) #fs:   3  -- #Conts: 4 G(1)  A(1)  E(1)  C(1) 
   1240620 026.47 || noQ Q (Avg,Max,Min) (7.90, 14.24, 1.88) (0.37, 0.16, 0.65) #fs:   0  -- #Conts: 3 G(1)  E(1)  C(1) 
   1244961 025.47 || noQ Q (Avg,Max,Min) (3.64, 13.54, 0.77) (0.20, 0.01, 0.65) #fs:   2  -- #Conts: 5 G(1)  A(3)  E(1) 
   1249122 024.47 || noQ Q (Avg,Max,Min) (4.18, 12.85, 1.00) (0.25, 0.01, 0.65) #fs:   0  -- #Conts: 4 G(1)  A(2)  E(1) 
   1251884 023.47 || noQ Q (Avg,Max,Min) (5.11, 12.46, 1.00) (0.32, 0.02, 0.65) #fs:   0  -- #Conts: 3 G(1)  A(1)  E(1) 
   1254004 022.47 || noQ Q (Avg,Max,Min) (7.04, 12.21, 1.87) (0.48, 0.31, 0.65) #fs:   0  -- #Conts: 2 G(1)  E(1) 
   1257306 021.76 || noQ Q (Avg,Max,Min) (2.33, 6.40, 0.27) (0.22, 0.03, 0.65) #fs:   2  -- #Conts: 4 G(1)  A(2)  C(1) 
   1262930 020.76 || noQ Q (Avg,Max,Min) (2.77, 6.15, 0.28) (0.28, 0.03, 0.66) #fs:   1  -- #Conts: 3 G(1)  A(1)  C(1) 
   1267603 019.76 || noQ Q (Avg,Max,Min) (3.89, 5.91, 1.86) (0.41, 0.17, 0.66) #fs:   0  -- #Conts: 2 G(1)  C(1) 
   1276129 018.76 || noQ Q (Avg,Max,Min) (0.68, 1.86, 0.24) (0.19, 0.03, 0.66) #fs:   6  -- #Conts: 4 G(1)  A(3) 
   1282029 017.76 || noQ Q (Avg,Max,Min) (0.81, 1.85, 0.24) (0.24, 0.03, 0.66) #fs:   5  -- #Conts: 3 G(1)  A(2) 
   1288137 016.76 || noQ Q (Avg,Max,Min) (1.05, 1.85, 0.26) (0.35, 0.03, 0.66) #fs:   2  -- #Conts: 2 G(1)  A(1) 
   1294186 015.76 || noQ Q (Avg,Max,Min) (1.85, 1.85, 1.85) (0.66, 0.66, 0.66) #fs:   0  -- #Conts: 1 G(1) 
   2045984 015.41 || noQ Q (Avg,Max,Min) (4.85, 12.61, 1.54) (1.07, 0.49, 2.44) #fs:   0  -- #Conts: 4 A(2)  E(2) 
   2087041 014.41 || noQ Q (Avg,Max,Min) (5.55, 12.65, 1.53) (1.33, 0.50, 2.59) #fs:   1  -- #Conts: 3 A(1)  E(2) 
   2133800 013.41 || noQ Q (Avg,Max,Min) (7.06, 12.60, 1.51) (1.82, 0.90, 2.75) #fs:   0  -- #Conts: 2 E(2) 
   2231828 012.71 || noQ Q (Avg,Max,Min) (3.53, 8.30, 1.49) (0.97, 0.52, 1.94) #fs:   3  -- #Conts: 4 A(2)  E(1)  C(1) 
   2296453 011.71 || noQ Q (Avg,Max,Min) (3.92, 8.16, 1.48) (1.18, 0.53, 2.05) #fs:   1  -- #Conts: 3 A(1)  E(1)  C(1) 
   2358372 010.71 || noQ Q (Avg,Max,Min) (4.71, 7.95, 1.46) (1.55, 0.96, 2.14) #fs:   0  -- #Conts: 2 E(1)  C(1) 
   2486576 009.71 || noQ Q (Avg,Max,Min) (2.19, 2.54, 1.44) (0.82, 0.75, 1.00) #fs:   1  -- #Conts: 4 A(3)  E(1) 
   2615743 008.71 || noQ Q (Avg,Max,Min) (1.93, 2.22, 1.42) (0.86, 0.76, 1.03) #fs:   2  -- #Conts: 3 A(2)  E(1) 
   2738026 007.71 || noQ Q (Avg,Max,Min) (1.99, 2.58, 1.40) (1.03, 0.99, 1.07) #fs:   0  -- #Conts: 2 A(1)  E(1) 
   2918741 006.71 || noQ Q (Avg,Max,Min) (1.38, 1.38, 1.38) (1.12, 1.12, 1.12) #fs:   0  -- #Conts: 1 E(1) 
   4772368 006.00 || noQ Q (Avg,Max,Min) (2.17, 2.70, 1.30) (1.98, 1.30, 2.42) #fs:   0  -- #Conts: 3 A(2)  C(1) 
/////////////////size: 40
nodes 100 edges 192
 mulT: 10 mulD: 100  sumData GB 9759
pareto /CYBERSHAKE.n.100.0.dax time -> 3077.0
moheft /CYBERSHAKE.n.100.0.dax time -> 792.0
distance from M to C 1.043873579405008
distance from P to C 0.011363636363636364
distance from C to M 0.06274319432929121
distance from C to P 0.9361896055259864
toCompare: /CYBERSHAKE.n.100.0.dax sumDataGB: 9759 mulT: 10 mulD: 100 paretoOptTime_MS: 3077.0 MoheftOptimizationTime_MS: 792.0 MtoC 1.043873579405008 PtoC 0.011363636363636364 CtoM 0.06274319432929121 CtoP 0.9361896055259864
