specify -Dflow d,b,mt,md,size
Running /home/vaggelis/jc/MONTAGE.n.50.0.dax mt 10 md: 100 size null
     51341 851.29 || noQ Q (Avg,Max,Min) (2.70, 3.41, 1.15) (0.01, 0.00, 0.05) #fs:  18  -- #Conts: 27 H(27) 
     53560 835.53 || noQ Q (Avg,Max,Min) (2.62, 3.33, 1.07) (0.01, 0.00, 0.05) #fs:  18  -- #Conts: 27 H(26)  G(1) 
     53586 819.76 || noQ Q (Avg,Max,Min) (2.58, 3.33, 1.07) (0.01, 0.00, 0.05) #fs:  18  -- #Conts: 27 H(25)  G(2) 
     53604 804.00 || noQ Q (Avg,Max,Min) (2.55, 3.33, 1.07) (0.01, 0.00, 0.05) #fs:  18  -- #Conts: 27 H(24)  G(3) 
     53605 788.24 || noQ Q (Avg,Max,Min) (2.51, 3.33, 1.07) (0.01, 0.00, 0.05) #fs:  18  -- #Conts: 27 H(23)  G(4) 
     53634 772.47 || noQ Q (Avg,Max,Min) (2.48, 3.33, 1.07) (0.01, 0.00, 0.05) #fs:  18  -- #Conts: 27 H(22)  G(5) 
     53660 756.71 || noQ Q (Avg,Max,Min) (2.44, 3.33, 1.07) (0.01, 0.00, 0.05) #fs:  18  -- #Conts: 27 H(21)  G(6) 
     53687 740.94 || noQ Q (Avg,Max,Min) (2.41, 3.33, 1.07) (0.01, 0.00, 0.05) #fs:  18  -- #Conts: 27 H(20)  G(7) 
     53705 725.18 || noQ Q (Avg,Max,Min) (2.37, 3.33, 1.07) (0.01, 0.00, 0.05) #fs:  18  -- #Conts: 27 H(19)  G(8) 
     53709 709.41 || noQ Q (Avg,Max,Min) (2.34, 3.32, 1.07) (0.01, 0.00, 0.05) #fs:  18  -- #Conts: 27 H(18)  G(9) 
     53720 693.65 || noQ Q (Avg,Max,Min) (2.30, 3.32, 1.07) (0.01, 0.00, 0.05) #fs:  18  -- #Conts: 27 H(17)  G(10) 
     53733 677.88 || noQ Q (Avg,Max,Min) (2.27, 3.32, 1.07) (0.01, 0.00, 0.05) #fs:  18  -- #Conts: 27 H(16)  G(11) 
     53735 662.12 || noQ Q (Avg,Max,Min) (2.23, 3.32, 1.07) (0.01, 0.00, 0.05) #fs:  18  -- #Conts: 27 H(15)  G(12) 
     53736 646.35 || noQ Q (Avg,Max,Min) (2.19, 3.32, 1.07) (0.01, 0.00, 0.05) #fs:  18  -- #Conts: 27 H(14)  G(13) 
     53764 630.59 || noQ Q (Avg,Max,Min) (2.16, 3.32, 1.07) (0.01, 0.00, 0.05) #fs:  18  -- #Conts: 27 H(13)  G(14) 
     53770 614.82 || noQ Q (Avg,Max,Min) (2.12, 3.32, 1.07) (0.01, 0.00, 0.05) #fs:  18  -- #Conts: 27 H(12)  G(15) 
     53815 599.06 || noQ Q (Avg,Max,Min) (2.09, 3.32, 1.06) (0.01, 0.00, 0.05) #fs:  18  -- #Conts: 27 H(11)  G(16) 
     53816 583.29 || noQ Q (Avg,Max,Min) (2.05, 3.30, 1.06) (0.01, 0.00, 0.05) #fs:  18  -- #Conts: 27 H(10)  G(17) 
     53924 567.53 || noQ Q (Avg,Max,Min) (2.01, 3.24, 1.06) (0.01, 0.00, 0.05) #fs:  18  -- #Conts: 27 H(9)  G(18) 
     54286 536.00 || noQ Q (Avg,Max,Min) (2.04, 3.22, 1.05) (0.01, 0.00, 0.05) #fs:  16  -- #Conts: 26 H(8)  G(18) 
     54462 520.24 || noQ Q (Avg,Max,Min) (2.04, 3.48, 1.04) (0.01, 0.00, 0.05) #fs:  17  -- #Conts: 25 H(8)  G(17) 
     54625 504.47 || noQ Q (Avg,Max,Min) (2.06, 3.47, 1.04) (0.01, 0.00, 0.05) #fs:  17  -- #Conts: 23 H(9)  G(14) 
     54727 457.18 || noQ Q (Avg,Max,Min) (2.11, 3.41, 1.04) (0.01, 0.00, 0.05) #fs:  18  -- #Conts: 18 H(11)  G(7) 
     54761 425.65 || noQ Q (Avg,Max,Min) (2.08, 3.41, 1.37) (0.01, 0.00, 0.05) #fs:  18  -- #Conts: 17 H(10)  G(7) 
     58142 394.12 || noQ Q (Avg,Max,Min) (2.16, 3.42, 1.25) (0.01, 0.00, 0.06) #fs:  17  -- #Conts: 13 H(12)  G(1) 
     58164 378.35 || noQ Q (Avg,Max,Min) (2.17, 3.42, 1.25) (0.02, 0.01, 0.06) #fs:  17  -- #Conts: 12 H(12) 
     58298 346.82 || noQ Q (Avg,Max,Min) (2.13, 3.41, 1.25) (0.02, 0.01, 0.06) #fs:  17  -- #Conts: 11 H(11) 
     58464 315.29 || noQ Q (Avg,Max,Min) (2.03, 3.40, 1.24) (0.02, 0.01, 0.06) #fs:  17  -- #Conts: 10 H(10) 
     58503 283.76 || noQ Q (Avg,Max,Min) (1.90, 3.40, 1.55) (0.02, 0.01, 0.06) #fs:  18  -- #Conts: 9 H(9) 
     61879 252.24 || noQ Q (Avg,Max,Min) (1.76, 3.40, 1.42) (0.02, 0.02, 0.06) #fs:  17  -- #Conts: 8 H(8) 
     68431 236.47 || noQ Q (Avg,Max,Min) (1.63, 3.08, 1.30) (0.02, 0.02, 0.06) #fs:  17  -- #Conts: 8 H(7)  G(1) 
     68537 220.71 || noQ Q (Avg,Max,Min) (1.66, 3.07, 1.30) (0.02, 0.02, 0.06) #fs:  17  -- #Conts: 8 H(6)  G(2) 
     68685 204.94 || noQ Q (Avg,Max,Min) (1.68, 3.07, 1.29) (0.02, 0.02, 0.06) #fs:  16  -- #Conts: 8 H(5)  G(3) 
     71954 189.18 || noQ Q (Avg,Max,Min) (1.61, 2.93, 1.21) (0.02, 0.02, 0.06) #fs:  17  -- #Conts: 8 H(4)  G(4) 
     72012 173.41 || noQ Q (Avg,Max,Min) (1.63, 2.92, 1.41) (0.03, 0.02, 0.06) #fs:  17  -- #Conts: 8 H(3)  G(5) 
     76953 157.65 || noQ Q (Avg,Max,Min) (1.69, 2.80, 1.09) (0.02, 0.01, 0.06) #fs:  17  -- #Conts: 10 G(10) 
     77014 141.88 || noQ Q (Avg,Max,Min) (1.61, 2.79, 1.36) (0.02, 0.01, 0.06) #fs:  18  -- #Conts: 9 G(9) 
     82873 126.12 || noQ Q (Avg,Max,Min) (1.50, 2.77, 1.22) (0.03, 0.02, 0.06) #fs:  17  -- #Conts: 8 G(8) 
     96519 094.59 || noQ Q (Avg,Max,Min) (2.72, 3.41, 2.30) (0.06, 0.03, 0.09) #fs:   3  -- #Conts: 3 H(3) 
    112887 078.82 || noQ Q (Avg,Max,Min) (1.94, 2.79, 1.51) (0.04, 0.03, 0.09) #fs:   7  -- #Conts: 5 G(5) 
    113675 063.06 || noQ Q (Avg,Max,Min) (2.95, 3.24, 2.66) (0.09, 0.07, 0.10) #fs:   2  -- #Conts: 2 H(2) 
    132740 060.35 || noQ Q (Avg,Max,Min) (1.28, 2.00, 1.06) (0.04, 0.02, 0.07) #fs:  16  -- #Conts: 9 E(9) 
    139431 047.29 || noQ Q (Avg,Max,Min) (2.14, 2.79, 1.76) (0.07, 0.06, 0.11) #fs:   4  -- #Conts: 3 G(3) 
    171828 046.94 || noQ Q (Avg,Max,Min) (1.32, 2.13, 1.06) (0.05, 0.03, 0.10) #fs:  10  -- #Conts: 7 E(7) 
    172180 031.53 || noQ Q (Avg,Max,Min) (2.28, 2.62, 1.94) (0.10, 0.08, 0.13) #fs:   2  -- #Conts: 2 G(2) 
    219570 026.82 || noQ Q (Avg,Max,Min) (1.49, 1.86, 1.26) (0.08, 0.07, 0.11) #fs:   6  -- #Conts: 4 E(4) 
    274418 020.12 || noQ Q (Avg,Max,Min) (1.56, 1.80, 1.32) (0.11, 0.09, 0.14) #fs:   4  -- #Conts: 3 E(3) 
    296284 015.76 || noQ Q (Avg,Max,Min) (1.88, 1.88, 1.88) (0.15, 0.15, 0.15) #fs:   0  -- #Conts: 1 G(1) 
    365854 013.41 || noQ Q (Avg,Max,Min) (1.55, 1.65, 1.46) (0.15, 0.13, 0.17) #fs:   2  -- #Conts: 2 E(2) 
    458200 012.00 || noQ Q (Avg,Max,Min) (1.30, 1.45, 1.17) (0.15, 0.13, 0.18) #fs:   4  -- #Conts: 3 C(3) 
    597024 010.71 || noQ Q (Avg,Max,Min) (1.19, 1.27, 1.11) (0.19, 0.18, 0.20) #fs:   4  -- #Conts: 2 E(1)  C(1) 
    616363 008.00 || noQ Q (Avg,Max,Min) (1.37, 1.48, 1.25) (0.23, 0.20, 0.25) #fs:   2  -- #Conts: 2 C(2) 
    668196 006.71 || noQ Q (Avg,Max,Min) (1.39, 1.39, 1.39) (0.26, 0.26, 0.26) #fs:   0  -- #Conts: 1 E(1) 
   1154573 004.00 || noQ Q (Avg,Max,Min) (1.23, 1.23, 1.23) (0.39, 0.39, 0.39) #fs:   0  -- #Conts: 1 C(1) 
   1921471 003.00 || noQ Q (Avg,Max,Min) (1.04, 1.08, 0.99) (0.52, 0.46, 0.57) #fs:   4  -- #Conts: 3 A(3) 
   2677474 002.00 || noQ Q (Avg,Max,Min) (1.07, 1.11, 1.03) (0.78, 0.73, 0.83) #fs:   2  -- #Conts: 2 A(2) 
/////////////////size: 56
     72259 565.18 || noQ Q (Avg,Max,Min) (2.55, 4.50, 1.26) (0.01, 0.00, 0.05) #fs:   9  -- #Conts: 22 H(15)  G(5)  E(2) 
     72448 549.41 || noQ Q (Avg,Max,Min) (2.52, 3.82, 1.26) (0.01, 0.00, 0.05) #fs:   9  -- #Conts: 21 H(15)  G(4)  E(2) 
     72687 517.88 || noQ Q (Avg,Max,Min) (2.42, 3.80, 1.26) (0.01, 0.00, 0.05) #fs:   9  -- #Conts: 21 H(13)  G(6)  E(2) 
     72864 436.71 || noQ Q (Avg,Max,Min) (2.14, 3.79, 1.26) (0.01, 0.00, 0.05) #fs:   9  -- #Conts: 22 H(8)  G(10)  E(4) 
     73478 420.94 || noQ Q (Avg,Max,Min) (2.15, 4.44, 1.26) (0.01, 0.00, 0.05) #fs:   8  -- #Conts: 21 H(8)  G(9)  E(4) 
     73498 405.18 || noQ Q (Avg,Max,Min) (2.10, 4.44, 1.26) (0.01, 0.00, 0.05) #fs:   8  -- #Conts: 21 H(7)  G(10)  E(4) 
     74392 389.41 || noQ Q (Avg,Max,Min) (2.03, 3.67, 1.26) (0.01, 0.00, 0.05) #fs:   9  -- #Conts: 21 H(6)  G(11)  E(4) 
     76198 364.59 || noQ Q (Avg,Max,Min) (2.20, 5.47, 1.21) (0.01, 0.00, 0.05) #fs:   6  -- #Conts: 23 H(3)  G(15)  E(5) 
     76506 348.82 || noQ Q (Avg,Max,Min) (2.23, 5.47, 1.20) (0.01, 0.00, 0.05) #fs:   7  -- #Conts: 22 H(3)  G(14)  E(5) 
     77439 333.06 || noQ Q (Avg,Max,Min) (2.04, 3.68, 1.21) (0.01, 0.00, 0.05) #fs:   7  -- #Conts: 22 H(2)  G(15)  E(5) 
     77747 317.29 || noQ Q (Avg,Max,Min) (2.06, 4.21, 1.20) (0.01, 0.00, 0.05) #fs:   8  -- #Conts: 21 H(2)  G(14)  E(5) 
     78921 310.59 || noQ Q (Avg,Max,Min) (2.58, 5.47, 1.21) (0.01, 0.00, 0.05) #fs:   7  -- #Conts: 17 H(5)  G(8)  E(4) 
     78978 301.53 || noQ Q (Avg,Max,Min) (2.55, 5.47, 1.21) (0.01, 0.00, 0.06) #fs:   7  -- #Conts: 17 H(5)  G(7)  E(5) 
     79547 285.76 || noQ Q (Avg,Max,Min) (2.32, 5.47, 1.21) (0.01, 0.00, 0.05) #fs:   8  -- #Conts: 17 H(4)  G(8)  E(5) 
     79587 279.06 || noQ Q (Avg,Max,Min) (2.37, 5.47, 1.21) (0.01, 0.00, 0.05) #fs:   8  -- #Conts: 16 H(4)  G(8)  E(4) 
     79777 254.24 || noQ Q (Avg,Max,Min) (2.15, 5.47, 1.21) (0.01, 0.00, 0.05) #fs:   7  -- #Conts: 16 H(3)  G(8)  E(5) 
     79817 247.53 || noQ Q (Avg,Max,Min) (2.20, 5.47, 1.21) (0.02, 0.00, 0.05) #fs:   7  -- #Conts: 15 H(3)  G(8)  E(4) 
     79874 238.47 || noQ Q (Avg,Max,Min) (2.16, 5.47, 1.21) (0.02, 0.00, 0.06) #fs:   7  -- #Conts: 15 H(3)  G(7)  E(5) 
     81018 222.71 || noQ Q (Avg,Max,Min) (1.92, 3.45, 1.14) (0.02, 0.00, 0.05) #fs:   8  -- #Conts: 15 H(2)  G(8)  E(5) 
     81058 216.00 || noQ Q (Avg,Max,Min) (1.95, 3.45, 1.14) (0.02, 0.00, 0.05) #fs:   8  -- #Conts: 14 H(2)  G(8)  E(4) 
     81115 206.94 || noQ Q (Avg,Max,Min) (1.91, 3.65, 1.14) (0.02, 0.00, 0.06) #fs:   8  -- #Conts: 14 H(2)  G(7)  E(5) 
     82392 188.82 || noQ Q (Avg,Max,Min) (1.82, 3.57, 1.11) (0.02, 0.01, 0.06) #fs:   8  -- #Conts: 14 H(2)  G(5)  E(7) 
     87868 188.47 || noQ Q (Avg,Max,Min) (1.71, 2.76, 1.08) (0.01, 0.00, 0.07) #fs:   7  -- #Conts: 20 G(6)  E(14) 
     87871 179.41 || noQ Q (Avg,Max,Min) (1.65, 2.70, 1.08) (0.01, 0.01, 0.07) #fs:   8  -- #Conts: 20 G(5)  E(15) 
     89696 174.71 || noQ Q (Avg,Max,Min) (1.59, 2.70, 1.05) (0.01, 0.01, 0.07) #fs:   7  -- #Conts: 22 G(3)  E(19) 
     89782 172.00 || noQ Q (Avg,Max,Min) (1.57, 2.70, 1.05) (0.01, 0.01, 0.07) #fs:   7  -- #Conts: 22 G(3)  E(18)  C(1) 
     89908 169.29 || noQ Q (Avg,Max,Min) (1.56, 2.69, 1.05) (0.01, 0.01, 0.07) #fs:   7  -- #Conts: 22 G(3)  E(17)  C(2) 
     89975 166.59 || noQ Q (Avg,Max,Min) (1.55, 2.69, 1.05) (0.01, 0.01, 0.07) #fs:   7  -- #Conts: 22 G(3)  E(16)  C(3) 
     90023 163.88 || noQ Q (Avg,Max,Min) (1.54, 2.69, 1.04) (0.01, 0.01, 0.07) #fs:   7  -- #Conts: 22 G(3)  E(15)  C(4) 
     90400 157.18 || noQ Q (Avg,Max,Min) (1.54, 2.84, 1.04) (0.01, 0.01, 0.07) #fs:   6  -- #Conts: 21 G(3)  E(14)  C(4) 
     91968 150.47 || noQ Q (Avg,Max,Min) (1.54, 2.74, 1.02) (0.01, 0.01, 0.07) #fs:   6  -- #Conts: 20 G(3)  E(13)  C(4) 
     92283 143.76 || noQ Q (Avg,Max,Min) (1.55, 2.73, 1.01) (0.01, 0.01, 0.07) #fs:   7  -- #Conts: 19 G(3)  E(12)  C(4) 
     95360 137.06 || noQ Q (Avg,Max,Min) (1.54, 2.69, 0.97) (0.01, 0.01, 0.07) #fs:   7  -- #Conts: 18 G(3)  E(11)  C(4) 
     95464 130.35 || noQ Q (Avg,Max,Min) (1.56, 2.69, 1.27) (0.02, 0.01, 0.07) #fs:   7  -- #Conts: 17 G(3)  E(10)  C(4) 
     96499 123.65 || noQ Q (Avg,Max,Min) (1.56, 2.81, 1.25) (0.02, 0.01, 0.08) #fs:   6  -- #Conts: 16 G(3)  E(9)  C(4) 
     97409 120.94 || noQ Q (Avg,Max,Min) (1.53, 2.78, 1.24) (0.02, 0.01, 0.08) #fs:   7  -- #Conts: 16 G(3)  E(8)  C(5) 
     97495 118.24 || noQ Q (Avg,Max,Min) (1.51, 2.70, 1.23) (0.02, 0.01, 0.07) #fs:   7  -- #Conts: 16 G(3)  E(7)  C(6) 
     97620 115.53 || noQ Q (Avg,Max,Min) (1.50, 2.77, 1.23) (0.02, 0.01, 0.08) #fs:   7  -- #Conts: 16 G(3)  E(6)  C(7) 
     97703 112.82 || noQ Q (Avg,Max,Min) (1.49, 2.77, 1.23) (0.02, 0.01, 0.08) #fs:   7  -- #Conts: 16 G(3)  E(5)  C(8) 
     98067 111.53 || noQ Q (Avg,Max,Min) (1.52, 2.71, 1.22) (0.02, 0.01, 0.07) #fs:   6  -- #Conts: 15 G(3)  E(6)  C(6) 
     98096 108.82 || noQ Q (Avg,Max,Min) (1.51, 2.71, 1.23) (0.02, 0.01, 0.07) #fs:   6  -- #Conts: 15 G(3)  E(5)  C(7) 
     98130 106.12 || noQ Q (Avg,Max,Min) (1.49, 2.71, 1.23) (0.02, 0.01, 0.07) #fs:   6  -- #Conts: 15 G(3)  E(4)  C(8) 
     98367 099.41 || noQ Q (Avg,Max,Min) (1.50, 2.71, 1.22) (0.02, 0.01, 0.07) #fs:   7  -- #Conts: 14 G(3)  E(3)  C(8) 
     99334 096.71 || noQ Q (Avg,Max,Min) (1.47, 2.73, 1.21) (0.02, 0.01, 0.08) #fs:   7  -- #Conts: 14 G(3)  E(2)  C(9) 
    102650 092.71 || noQ Q (Avg,Max,Min) (1.46, 2.78, 1.16) (0.02, 0.01, 0.08) #fs:   6  -- #Conts: 13 G(3)  E(2)  C(8) 
    104189 088.71 || noQ Q (Avg,Max,Min) (1.48, 2.69, 1.13) (0.02, 0.01, 0.08) #fs:   6  -- #Conts: 12 G(3)  E(2)  C(7) 
    104504 084.71 || noQ Q (Avg,Max,Min) (1.50, 2.68, 1.13) (0.02, 0.01, 0.08) #fs:   7  -- #Conts: 11 G(3)  E(2)  C(6) 
    108726 080.71 || noQ Q (Avg,Max,Min) (1.49, 2.75, 1.07) (0.03, 0.01, 0.08) #fs:   6  -- #Conts: 10 G(3)  E(2)  C(5) 
    109153 076.71 || noQ Q (Avg,Max,Min) (1.53, 2.74, 1.07) (0.03, 0.01, 0.08) #fs:   7  -- #Conts: 9 G(3)  E(2)  C(4) 
    109257 072.71 || noQ Q (Avg,Max,Min) (1.58, 2.67, 1.32) (0.03, 0.01, 0.08) #fs:   7  -- #Conts: 8 G(3)  E(2)  C(3) 
    110300 068.71 || noQ Q (Avg,Max,Min) (1.63, 2.67, 1.31) (0.03, 0.01, 0.08) #fs:   6  -- #Conts: 7 G(3)  E(2)  C(2) 
    110615 064.71 || noQ Q (Avg,Max,Min) (1.70, 2.66, 1.30) (0.04, 0.01, 0.08) #fs:   7  -- #Conts: 6 G(3)  E(2)  C(1) 
    114859 060.71 || noQ Q (Avg,Max,Min) (1.70, 2.73, 1.15) (0.05, 0.03, 0.09) #fs:   6  -- #Conts: 5 G(3)  E(2) 
    137901 058.24 || noQ Q (Avg,Max,Min) (1.50, 2.41, 1.17) (0.04, 0.01, 0.09) #fs:   6  -- #Conts: 8 G(2)  E(1)  C(5) 
    140722 054.24 || noQ Q (Avg,Max,Min) (1.53, 2.50, 1.14) (0.04, 0.01, 0.10) #fs:   5  -- #Conts: 7 G(2)  E(1)  C(4) 
    146325 050.24 || noQ Q (Avg,Max,Min) (1.54, 2.43, 1.09) (0.05, 0.02, 0.10) #fs:   5  -- #Conts: 6 G(2)  E(1)  C(3) 
    146911 047.53 || noQ Q (Avg,Max,Min) (1.55, 2.64, 1.08) (0.04, 0.02, 0.11) #fs:   5  -- #Conts: 6 G(2)  C(4) 
    152958 043.53 || noQ Q (Avg,Max,Min) (1.59, 2.58, 1.03) (0.05, 0.02, 0.11) #fs:   5  -- #Conts: 5 G(2)  C(3) 
    158609 039.53 || noQ Q (Avg,Max,Min) (1.69, 2.66, 1.18) (0.06, 0.03, 0.12) #fs:   5  -- #Conts: 4 G(2)  C(2) 
    174008 038.47 || noQ Q (Avg,Max,Min) (1.37, 2.36, 1.11) (0.06, 0.04, 0.11) #fs:   7  -- #Conts: 6 G(1)  E(1)  C(4) 
    186333 034.47 || noQ Q (Avg,Max,Min) (1.38, 2.31, 1.02) (0.06, 0.05, 0.12) #fs:   7  -- #Conts: 5 G(1)  E(1)  C(3) 
    199396 031.76 || noQ Q (Avg,Max,Min) (1.32, 2.30, 0.99) (0.06, 0.04, 0.13) #fs:   6  -- #Conts: 5 G(1)  C(4) 
    205600 027.76 || noQ Q (Avg,Max,Min) (1.46, 2.33, 1.13) (0.07, 0.05, 0.13) #fs:   5  -- #Conts: 4 G(1)  C(3) 
    217241 025.76 || noQ Q (Avg,Max,Min) (1.37, 2.30, 1.08) (0.06, 0.03, 0.14) #fs:   4  -- #Conts: 5 G(1)  A(2)  C(2) 
    222970 024.76 || noQ Q (Avg,Max,Min) (1.41, 2.27, 1.06) (0.07, 0.03, 0.14) #fs:   3  -- #Conts: 4 G(1)  A(1)  C(2) 
    229040 023.76 || noQ Q (Avg,Max,Min) (1.50, 2.27, 1.03) (0.09, 0.06, 0.14) #fs:   3  -- #Conts: 3 G(1)  C(2) 
    246388 022.76 || noQ Q (Avg,Max,Min) (1.31, 2.07, 1.08) (0.06, 0.03, 0.14) #fs:   2  -- #Conts: 5 G(1)  A(3)  C(1) 
    249445 021.76 || noQ Q (Avg,Max,Min) (1.37, 2.10, 1.08) (0.07, 0.03, 0.15) #fs:   1  -- #Conts: 4 G(1)  A(2)  C(1) 
    255492 020.76 || noQ Q (Avg,Max,Min) (1.45, 2.08, 1.08) (0.08, 0.03, 0.15) #fs:   1  -- #Conts: 3 G(1)  A(1)  C(1) 
    261574 019.76 || noQ Q (Avg,Max,Min) (1.61, 2.05, 1.16) (0.11, 0.07, 0.15) #fs:   1  -- #Conts: 2 G(1)  C(1) 
    278200 018.76 || noQ Q (Avg,Max,Min) (1.29, 1.94, 1.08) (0.06, 0.03, 0.15) #fs:   0  -- #Conts: 4 G(1)  A(3) 
    284316 017.76 || noQ Q (Avg,Max,Min) (1.36, 1.92, 1.08) (0.07, 0.03, 0.15) #fs:   0  -- #Conts: 3 G(1)  A(2) 
    290419 016.76 || noQ Q (Avg,Max,Min) (1.49, 1.90, 1.08) (0.09, 0.03, 0.15) #fs:   0  -- #Conts: 2 G(1)  A(1) 
    296284 015.76 || noQ Q (Avg,Max,Min) (1.88, 1.88, 1.88) (0.15, 0.15, 0.15) #fs:   0  -- #Conts: 1 G(1) 
    350069 015.71 || noQ Q (Avg,Max,Min) (1.32, 1.80, 1.08) (0.10, 0.03, 0.18) #fs:   3  -- #Conts: 4 A(1)  E(1)  C(2) 
    351613 014.71 || noQ Q (Avg,Max,Min) (1.42, 1.79, 1.18) (0.13, 0.10, 0.18) #fs:   4  -- #Conts: 3 E(1)  C(2) 
    402638 013.71 || noQ Q (Avg,Max,Min) (1.24, 1.66, 1.08) (0.10, 0.06, 0.19) #fs:   2  -- #Conts: 5 A(3)  E(1)  C(1) 
    430174 012.71 || noQ Q (Avg,Max,Min) (1.26, 1.62, 1.08) (0.11, 0.03, 0.19) #fs:   2  -- #Conts: 4 A(2)  E(1)  C(1) 
    443785 011.71 || noQ Q (Avg,Max,Min) (1.30, 1.60, 1.08) (0.13, 0.06, 0.20) #fs:   2  -- #Conts: 3 A(1)  E(1)  C(1) 
    457802 010.71 || noQ Q (Avg,Max,Min) (1.46, 1.65, 1.27) (0.18, 0.15, 0.21) #fs:   2  -- #Conts: 2 E(1)  C(1) 
    551873 009.71 || noQ Q (Avg,Max,Min) (1.13, 1.44, 0.93) (0.14, 0.09, 0.22) #fs:   3  -- #Conts: 4 A(3)  E(1) 
    590865 008.71 || noQ Q (Avg,Max,Min) (1.12, 1.41, 0.87) (0.15, 0.10, 0.23) #fs:   2  -- #Conts: 3 A(2)  E(1) 
    618605 007.71 || noQ Q (Avg,Max,Min) (1.21, 1.41, 1.02) (0.20, 0.17, 0.24) #fs:   2  -- #Conts: 2 A(1)  E(1) 
    668196 006.71 || noQ Q (Avg,Max,Min) (1.39, 1.39, 1.39) (0.26, 0.26, 0.26) #fs:   0  -- #Conts: 1 E(1) 
    869746 006.00 || noQ Q (Avg,Max,Min) (1.05, 1.34, 0.90) (0.24, 0.20, 0.32) #fs:   2  -- #Conts: 3 A(2)  C(1) 
    995972 005.00 || noQ Q (Avg,Max,Min) (1.11, 1.28, 0.94) (0.29, 0.23, 0.36) #fs:   1  -- #Conts: 2 A(1)  C(1) 
   1154573 004.00 || noQ Q (Avg,Max,Min) (1.23, 1.23, 1.23) (0.39, 0.39, 0.39) #fs:   0  -- #Conts: 1 C(1) 
   1901042 003.00 || noQ Q (Avg,Max,Min) (1.06, 1.09, 1.02) (0.52, 0.49, 0.57) #fs:   4  -- #Conts: 3 A(3) 
   2677246 002.00 || noQ Q (Avg,Max,Min) (1.07, 1.08, 1.06) (0.77, 0.75, 0.80) #fs:   3  -- #Conts: 2 A(2) 
/////////////////size: 89
nodes 50 edges 108
 mulT: 10 mulD: 100  sumData GB 93
pareto /MONTAGE.n.50.0.dax time -> 6891.0
moheft /MONTAGE.n.50.0.dax time -> 1223.0
distance from M to C 3.411071981625026
distance from P to C 0.06512605042016818
distance from C to M 6.750640205146831
distance from C to P 0.7239848370538832
toCompare: /MONTAGE.n.50.0.dax sumDataGB: 93 mulT: 10 mulD: 100 paretoOptTime_MS: 6891.0 MoheftOptimizationTime_MS: 1223.0 MtoC 3.411071981625026 PtoC 0.06512605042016818 CtoM 6.750640205146831 CtoP 0.7239848370538832
