specify -Dflow d,b,mt,md,size
Running /home/vaggelis/jc/MONTAGE.n.100.0.dax mt 100 md: 500 size null
    548416 1103.53 || noQ Q (Avg,Max,Min) (1.92, 3.58, 1.10) (0.07, 0.02, 0.33) #fs:  13  -- #Conts: 35 H(35) 
    560835 1072.00 || noQ Q (Avg,Max,Min) (1.90, 3.43, 1.03) (0.07, 0.02, 0.33) #fs:  12  -- #Conts: 34 H(34) 
    570643 1040.47 || noQ Q (Avg,Max,Min) (1.83, 3.35, 0.98) (0.07, 0.02, 0.33) #fs:  13  -- #Conts: 33 H(33) 
    571498 1008.94 || noQ Q (Avg,Max,Min) (1.87, 3.34, 0.97) (0.07, 0.02, 0.33) #fs:  13  -- #Conts: 32 H(32) 
    572117 993.18 || noQ Q (Avg,Max,Min) (1.85, 3.33, 0.97) (0.07, 0.02, 0.33) #fs:  13  -- #Conts: 32 H(31)  G(1) 
    572181 977.41 || noQ Q (Avg,Max,Min) (1.84, 3.33, 0.97) (0.07, 0.02, 0.33) #fs:  13  -- #Conts: 32 H(30)  G(2) 
    572374 914.35 || noQ Q (Avg,Max,Min) (1.83, 3.33, 0.98) (0.08, 0.02, 0.33) #fs:  13  -- #Conts: 30 H(28)  G(2) 
    573012 898.59 || noQ Q (Avg,Max,Min) (1.81, 3.33, 0.97) (0.08, 0.02, 0.33) #fs:  13  -- #Conts: 30 H(27)  G(3) 
    573237 882.82 || noQ Q (Avg,Max,Min) (1.80, 3.33, 0.97) (0.08, 0.02, 0.33) #fs:  13  -- #Conts: 30 H(26)  G(4) 
    573434 867.06 || noQ Q (Avg,Max,Min) (1.78, 3.32, 0.97) (0.08, 0.02, 0.33) #fs:  13  -- #Conts: 30 H(25)  G(5) 
    573836 819.76 || noQ Q (Avg,Max,Min) (1.79, 3.31, 0.97) (0.08, 0.02, 0.33) #fs:  13  -- #Conts: 28 H(24)  G(4) 
    574065 804.00 || noQ Q (Avg,Max,Min) (1.80, 3.32, 0.97) (0.09, 0.02, 0.33) #fs:  13  -- #Conts: 27 H(24)  G(3) 
    574665 788.24 || noQ Q (Avg,Max,Min) (1.78, 3.31, 0.96) (0.09, 0.03, 0.33) #fs:  13  -- #Conts: 27 H(23)  G(4) 
    579971 772.47 || noQ Q (Avg,Max,Min) (1.78, 3.26, 0.94) (0.09, 0.03, 0.33) #fs:  12  -- #Conts: 26 H(23)  G(3) 
    581464 756.71 || noQ Q (Avg,Max,Min) (1.78, 3.25, 0.93) (0.09, 0.03, 0.33) #fs:  13  -- #Conts: 25 H(23)  G(2) 
    581979 740.94 || noQ Q (Avg,Max,Min) (1.80, 3.24, 0.93) (0.10, 0.03, 0.33) #fs:  13  -- #Conts: 24 H(23)  G(1) 
    582006 709.41 || noQ Q (Avg,Max,Min) (1.79, 3.24, 0.93) (0.10, 0.03, 0.33) #fs:  13  -- #Conts: 23 H(22)  G(1) 
    583191 662.12 || noQ Q (Avg,Max,Min) (1.82, 3.44, 0.93) (0.11, 0.04, 0.35) #fs:  13  -- #Conts: 21 H(21) 
    583503 630.59 || noQ Q (Avg,Max,Min) (1.82, 3.07, 0.93) (0.12, 0.05, 0.35) #fs:  13  -- #Conts: 20 H(20) 
    583630 599.06 || noQ Q (Avg,Max,Min) (1.82, 3.25, 1.29) (0.12, 0.06, 0.37) #fs:  13  -- #Conts: 19 H(19) 
    608329 567.53 || noQ Q (Avg,Max,Min) (1.77, 3.07, 1.15) (0.13, 0.06, 0.37) #fs:  13  -- #Conts: 18 H(18) 
    610209 536.00 || noQ Q (Avg,Max,Min) (1.76, 3.05, 1.14) (0.14, 0.06, 0.37) #fs:  13  -- #Conts: 17 H(17) 
    616164 504.47 || noQ Q (Avg,Max,Min) (1.79, 3.01, 1.12) (0.15, 0.07, 0.37) #fs:  12  -- #Conts: 16 H(16) 
    618110 472.94 || noQ Q (Avg,Max,Min) (1.78, 3.17, 0.80) (0.16, 0.05, 0.39) #fs:  13  -- #Conts: 15 H(15) 
    633287 441.41 || noQ Q (Avg,Max,Min) (1.77, 3.06, 1.34) (0.17, 0.09, 0.39) #fs:  12  -- #Conts: 14 H(14) 
    645535 409.88 || noQ Q (Avg,Max,Min) (1.75, 2.99, 1.31) (0.18, 0.11, 0.39) #fs:  13  -- #Conts: 13 H(13) 
    652391 378.35 || noQ Q (Avg,Max,Min) (1.76, 2.98, 1.29) (0.20, 0.11, 0.44) #fs:  12  -- #Conts: 12 H(12) 
    678512 346.82 || noQ Q (Avg,Max,Min) (1.65, 2.98, 1.32) (0.22, 0.14, 0.46) #fs:  13  -- #Conts: 11 H(11) 
    682105 315.29 || noQ Q (Avg,Max,Min) (1.75, 3.07, 1.36) (0.23, 0.16, 0.44) #fs:  12  -- #Conts: 10 H(10) 
    748378 283.76 || noQ Q (Avg,Max,Min) (1.73, 2.75, 1.35) (0.27, 0.16, 0.57) #fs:  12  -- #Conts: 9 H(9) 
    773774 252.24 || noQ Q (Avg,Max,Min) (1.79, 2.61, 1.42) (0.30, 0.20, 0.56) #fs:  10  -- #Conts: 8 H(8) 
    824304 220.71 || noQ Q (Avg,Max,Min) (1.88, 2.53, 1.71) (0.34, 0.24, 0.58) #fs:   9  -- #Conts: 7 H(7) 
    862226 189.18 || noQ Q (Avg,Max,Min) (1.94, 2.77, 1.67) (0.40, 0.33, 0.66) #fs:   9  -- #Conts: 6 H(6) 
    997746 157.65 || noQ Q (Avg,Max,Min) (2.01, 2.66, 1.75) (0.48, 0.39, 0.74) #fs:   5  -- #Conts: 5 H(5) 
   1122505 126.12 || noQ Q (Avg,Max,Min) (2.09, 2.55, 1.83) (0.59, 0.49, 0.80) #fs:   4  -- #Conts: 4 H(4) 
   1289076 110.35 || noQ Q (Avg,Max,Min) (1.53, 2.03, 1.36) (0.45, 0.36, 0.73) #fs:  10  -- #Conts: 7 G(7) 
   1388937 094.59 || noQ Q (Avg,Max,Min) (2.19, 2.57, 1.97) (0.78, 0.67, 0.99) #fs:   3  -- #Conts: 3 H(3) 
   1576485 078.82 || noQ Q (Avg,Max,Min) (1.63, 2.04, 1.45) (0.63, 0.55, 0.89) #fs:   5  -- #Conts: 5 G(5) 
   1859059 063.06 || noQ Q (Avg,Max,Min) (1.64, 1.93, 1.50) (0.78, 0.68, 1.00) #fs:   4  -- #Conts: 4 G(4) 
   2289799 060.35 || noQ Q (Avg,Max,Min) (1.12, 1.37, 1.01) (0.59, 0.46, 0.87) #fs:  14  -- #Conts: 9 E(9) 
   2344471 047.29 || noQ Q (Avg,Max,Min) (1.70, 1.93, 1.54) (1.03, 0.90, 1.25) #fs:   2  -- #Conts: 3 G(3) 
   2802451 046.94 || noQ Q (Avg,Max,Min) (1.17, 1.46, 1.07) (0.76, 0.68, 1.14) #fs:   9  -- #Conts: 7 E(7) 
   2980252 040.24 || noQ Q (Avg,Max,Min) (1.21, 1.41, 1.13) (0.88, 0.77, 1.17) #fs:   8  -- #Conts: 6 E(6) 
   3339638 031.53 || noQ Q (Avg,Max,Min) (1.61, 1.75, 1.48) (1.45, 1.28, 1.62) #fs:   2  -- #Conts: 2 G(2) 
/////////////////size: 44
    477871 1765.65 || noQ Q (Avg,Max,Min) (1.88, 2.58, 0.82) (0.04, 0.02, 0.34) #fs:  33  -- #Conts: 62 H(50)  G(12) 
    499031 1749.88 || noQ Q (Avg,Max,Min) (1.83, 2.47, 0.76) (0.04, 0.02, 0.34) #fs:  34  -- #Conts: 62 H(49)  G(13) 
    499524 1734.12 || noQ Q (Avg,Max,Min) (1.83, 2.47, 0.76) (0.04, 0.02, 0.34) #fs:  34  -- #Conts: 62 H(48)  G(14) 
    500201 1718.35 || noQ Q (Avg,Max,Min) (1.82, 2.46, 0.76) (0.04, 0.02, 0.34) #fs:  34  -- #Conts: 62 H(47)  G(15) 
    500541 1686.82 || noQ Q (Avg,Max,Min) (1.80, 2.46, 0.76) (0.04, 0.02, 0.34) #fs:  34  -- #Conts: 62 H(45)  G(17) 
    500964 1671.06 || noQ Q (Avg,Max,Min) (1.79, 2.46, 0.76) (0.04, 0.02, 0.34) #fs:  34  -- #Conts: 62 H(44)  G(18) 
    501277 1623.76 || noQ Q (Avg,Max,Min) (1.77, 2.46, 0.76) (0.04, 0.02, 0.34) #fs:  34  -- #Conts: 62 H(41)  G(21) 
    501428 1592.24 || noQ Q (Avg,Max,Min) (1.75, 2.46, 0.76) (0.04, 0.02, 0.34) #fs:  34  -- #Conts: 62 H(39)  G(23) 
    501759 1529.18 || noQ Q (Avg,Max,Min) (1.72, 2.46, 0.76) (0.04, 0.02, 0.34) #fs:  34  -- #Conts: 62 H(35)  G(27) 
    501957 1481.88 || noQ Q (Avg,Max,Min) (1.70, 2.46, 0.76) (0.04, 0.02, 0.34) #fs:  34  -- #Conts: 62 H(32)  G(30) 
    502216 1387.29 || noQ Q (Avg,Max,Min) (1.65, 2.45, 0.76) (0.04, 0.02, 0.34) #fs:  34  -- #Conts: 62 H(26)  G(36) 
    502451 1308.47 || noQ Q (Avg,Max,Min) (1.63, 2.57, 0.76) (0.05, 0.02, 0.36) #fs:  33  -- #Conts: 62 H(21)  G(41) 
    502816 1276.94 || noQ Q (Avg,Max,Min) (1.62, 2.57, 0.76) (0.05, 0.02, 0.36) #fs:  33  -- #Conts: 62 H(19)  G(43) 
    502903 1213.88 || noQ Q (Avg,Max,Min) (1.59, 2.57, 0.76) (0.05, 0.02, 0.36) #fs:  33  -- #Conts: 62 H(15)  G(47) 
    502905 1119.29 || noQ Q (Avg,Max,Min) (1.54, 2.57, 0.76) (0.05, 0.02, 0.36) #fs:  33  -- #Conts: 62 H(9)  G(53) 
    503543 1087.76 || noQ Q (Avg,Max,Min) (1.52, 2.57, 0.75) (0.05, 0.02, 0.36) #fs:  33  -- #Conts: 62 H(7)  G(55) 
    503634 1040.47 || noQ Q (Avg,Max,Min) (1.50, 2.56, 0.75) (0.05, 0.03, 0.36) #fs:  33  -- #Conts: 62 H(4)  G(58) 
    508884 1024.71 || noQ Q (Avg,Max,Min) (1.50, 2.42, 0.74) (0.05, 0.03, 0.34) #fs:  32  -- #Conts: 61 H(4)  G(57) 
    510939 1008.94 || noQ Q (Avg,Max,Min) (1.50, 2.68, 0.74) (0.05, 0.03, 0.38) #fs:  33  -- #Conts: 60 H(4)  G(56) 
    511981 993.18 || noQ Q (Avg,Max,Min) (1.50, 2.67, 0.74) (0.05, 0.03, 0.38) #fs:  33  -- #Conts: 59 H(4)  G(55) 
    512667 977.41 || noQ Q (Avg,Max,Min) (1.50, 2.56, 0.91) (0.05, 0.03, 0.36) #fs:  33  -- #Conts: 58 H(4)  G(54) 
    529924 961.65 || noQ Q (Avg,Max,Min) (1.48, 2.47, 0.87) (0.05, 0.03, 0.36) #fs:  33  -- #Conts: 57 H(4)  G(53) 
    530633 945.88 || noQ Q (Avg,Max,Min) (1.48, 2.58, 0.87) (0.05, 0.03, 0.38) #fs:  33  -- #Conts: 56 H(4)  G(52) 
    530978 930.12 || noQ Q (Avg,Max,Min) (1.48, 2.58, 0.87) (0.05, 0.03, 0.38) #fs:  33  -- #Conts: 55 H(4)  G(51) 
    531441 898.59 || noQ Q (Avg,Max,Min) (1.47, 2.57, 0.87) (0.05, 0.03, 0.38) #fs:  33  -- #Conts: 53 H(4)  G(49) 
    531617 882.82 || noQ Q (Avg,Max,Min) (1.48, 2.57, 0.86) (0.06, 0.03, 0.38) #fs:  33  -- #Conts: 52 H(4)  G(48) 
    531906 867.06 || noQ Q (Avg,Max,Min) (1.48, 2.57, 0.86) (0.06, 0.03, 0.38) #fs:  33  -- #Conts: 51 H(4)  G(47) 
    544435 851.29 || noQ Q (Avg,Max,Min) (1.47, 2.41, 0.84) (0.06, 0.03, 0.36) #fs:  32  -- #Conts: 50 H(4)  G(46) 
    546524 835.53 || noQ Q (Avg,Max,Min) (1.46, 2.64, 0.83) (0.06, 0.03, 0.40) #fs:  33  -- #Conts: 49 H(4)  G(45) 
    547566 819.76 || noQ Q (Avg,Max,Min) (1.46, 2.64, 0.83) (0.06, 0.03, 0.40) #fs:  33  -- #Conts: 48 H(4)  G(44) 
    548218 804.00 || noQ Q (Avg,Max,Min) (1.46, 2.53, 0.83) (0.06, 0.03, 0.39) #fs:  33  -- #Conts: 47 H(4)  G(43) 
    560300 788.24 || noQ Q (Avg,Max,Min) (1.45, 2.47, 0.80) (0.06, 0.03, 0.38) #fs:  33  -- #Conts: 46 H(4)  G(42) 
    561012 772.47 || noQ Q (Avg,Max,Min) (1.44, 2.58, 0.80) (0.06, 0.03, 0.40) #fs:  33  -- #Conts: 45 H(4)  G(41) 
    561717 693.65 || noQ Q (Avg,Max,Min) (1.42, 2.57, 0.80) (0.07, 0.03, 0.40) #fs:  33  -- #Conts: 40 H(4)  G(36) 
    562152 677.88 || noQ Q (Avg,Max,Min) (1.41, 2.57, 0.80) (0.07, 0.03, 0.40) #fs:  33  -- #Conts: 39 H(4)  G(35) 
    562522 614.82 || noQ Q (Avg,Max,Min) (1.39, 2.57, 0.80) (0.08, 0.03, 0.40) #fs:  33  -- #Conts: 35 H(4)  G(31) 
    562817 599.06 || noQ Q (Avg,Max,Min) (1.38, 2.57, 0.80) (0.08, 0.03, 0.40) #fs:  33  -- #Conts: 34 H(4)  G(30) 
    563346 558.47 || noQ Q (Avg,Max,Min) (1.36, 2.57, 0.80) (0.09, 0.05, 0.40) #fs:  33  -- #Conts: 32 H(4)  G(27)  E(1) 
    563649 542.71 || noQ Q (Avg,Max,Min) (1.36, 2.57, 0.80) (0.09, 0.05, 0.40) #fs:  33  -- #Conts: 31 H(4)  G(26)  E(1) 
    564190 526.94 || noQ Q (Avg,Max,Min) (1.37, 2.56, 0.80) (0.10, 0.05, 0.40) #fs:  33  -- #Conts: 30 H(4)  G(25)  E(1) 
    575992 517.88 || noQ Q (Avg,Max,Min) (1.35, 2.51, 1.01) (0.10, 0.05, 0.40) #fs:  33  -- #Conts: 30 H(4)  G(24)  E(2) 
    577140 513.18 || noQ Q (Avg,Max,Min) (1.32, 2.50, 1.01) (0.09, 0.05, 0.40) #fs:  33  -- #Conts: 32 H(4)  G(22)  E(6) 
    577286 510.82 || noQ Q (Avg,Max,Min) (1.31, 2.50, 1.01) (0.09, 0.05, 0.40) #fs:  33  -- #Conts: 33 H(4)  G(21)  E(8) 
    578064 508.47 || noQ Q (Avg,Max,Min) (1.30, 2.50, 1.00) (0.09, 0.05, 0.40) #fs:  33  -- #Conts: 34 H(4)  G(20)  E(10) 
    579242 492.00 || noQ Q (Avg,Max,Min) (1.23, 2.50, 1.00) (0.08, 0.05, 0.40) #fs:  33  -- #Conts: 41 H(4)  G(13)  E(24) 
    579462 489.65 || noQ Q (Avg,Max,Min) (1.23, 2.49, 1.00) (0.08, 0.05, 0.40) #fs:  33  -- #Conts: 42 H(4)  G(12)  E(26) 
    580729 482.94 || noQ Q (Avg,Max,Min) (1.23, 2.39, 1.00) (0.08, 0.05, 0.39) #fs:  32  -- #Conts: 41 H(4)  G(12)  E(25) 
    582784 476.24 || noQ Q (Avg,Max,Min) (1.23, 2.38, 0.99) (0.08, 0.05, 0.39) #fs:  33  -- #Conts: 40 H(4)  G(12)  E(24) 
    583793 469.53 || noQ Q (Avg,Max,Min) (1.23, 2.51, 0.99) (0.09, 0.05, 0.41) #fs:  33  -- #Conts: 39 H(4)  G(12)  E(23) 
    584378 462.82 || noQ Q (Avg,Max,Min) (1.23, 2.50, 1.00) (0.09, 0.05, 0.41) #fs:  33  -- #Conts: 38 H(4)  G(12)  E(22) 
    592182 456.12 || noQ Q (Avg,Max,Min) (1.23, 2.47, 0.98) (0.09, 0.05, 0.41) #fs:  33  -- #Conts: 37 H(4)  G(12)  E(21) 
    592891 449.41 || noQ Q (Avg,Max,Min) (1.23, 2.57, 0.98) (0.09, 0.05, 0.42) #fs:  33  -- #Conts: 36 H(4)  G(12)  E(20) 
    593240 442.71 || noQ Q (Avg,Max,Min) (1.23, 2.57, 0.98) (0.09, 0.05, 0.42) #fs:  33  -- #Conts: 35 H(4)  G(12)  E(19) 
    593585 436.00 || noQ Q (Avg,Max,Min) (1.24, 2.56, 0.98) (0.10, 0.05, 0.42) #fs:  33  -- #Conts: 34 H(4)  G(12)  E(18) 
    616145 429.29 || noQ Q (Avg,Max,Min) (1.22, 2.38, 0.93) (0.10, 0.05, 0.41) #fs:  32  -- #Conts: 33 H(4)  G(12)  E(17) 
    617807 422.59 || noQ Q (Avg,Max,Min) (1.22, 2.37, 0.93) (0.10, 0.05, 0.41) #fs:  32  -- #Conts: 32 H(4)  G(12)  E(16) 
    618682 415.88 || noQ Q (Avg,Max,Min) (1.21, 2.49, 0.92) (0.10, 0.05, 0.43) #fs:  33  -- #Conts: 31 H(4)  G(12)  E(15) 
    619862 409.18 || noQ Q (Avg,Max,Min) (1.22, 2.48, 0.92) (0.10, 0.05, 0.43) #fs:  33  -- #Conts: 30 H(4)  G(12)  E(14) 
    622719 402.47 || noQ Q (Avg,Max,Min) (1.22, 2.47, 0.92) (0.11, 0.05, 0.43) #fs:  33  -- #Conts: 29 H(4)  G(12)  E(13) 
    623428 395.76 || noQ Q (Avg,Max,Min) (1.22, 2.56, 0.91) (0.11, 0.05, 0.44) #fs:  33  -- #Conts: 28 H(4)  G(12)  E(12) 
    623917 389.06 || noQ Q (Avg,Max,Min) (1.23, 2.56, 0.91) (0.11, 0.05, 0.44) #fs:  33  -- #Conts: 27 H(4)  G(12)  E(11) 
    624641 382.35 || noQ Q (Avg,Max,Min) (1.23, 2.56, 0.91) (0.12, 0.05, 0.44) #fs:  33  -- #Conts: 26 H(4)  G(12)  E(10) 
    625346 362.24 || noQ Q (Avg,Max,Min) (1.25, 2.56, 0.91) (0.13, 0.05, 0.44) #fs:  33  -- #Conts: 23 H(4)  G(12)  E(7) 
    625639 355.53 || noQ Q (Avg,Max,Min) (1.26, 2.56, 1.13) (0.13, 0.05, 0.44) #fs:  33  -- #Conts: 22 H(4)  G(12)  E(6) 
    653288 348.82 || noQ Q (Avg,Max,Min) (1.21, 2.45, 1.07) (0.14, 0.05, 0.44) #fs:  33  -- #Conts: 21 H(4)  G(12)  E(5) 
    653993 335.41 || noQ Q (Avg,Max,Min) (1.22, 2.44, 1.06) (0.15, 0.05, 0.44) #fs:  33  -- #Conts: 19 H(4)  G(12)  E(3) 
    654285 315.29 || noQ Q (Avg,Max,Min) (1.24, 2.44, 1.06) (0.18, 0.15, 0.44) #fs:  33  -- #Conts: 16 H(4)  G(12) 
    910180 305.41 || noQ Q (Avg,Max,Min) (1.25, 3.80, 0.79) (0.11, 0.08, 0.38) #fs:  19  -- #Conts: 48 H(1)  G(5)  E(10)  C(32) 
    922913 285.65 || noQ Q (Avg,Max,Min) (1.23, 3.79, 0.78) (0.12, 0.08, 0.38) #fs:  20  -- #Conts: 46 H(1)  G(4)  E(10)  C(31) 
    924786 273.88 || noQ Q (Avg,Max,Min) (1.19, 3.66, 0.79) (0.12, 0.08, 0.38) #fs:  22  -- #Conts: 46 H(1)  G(3)  E(10)  C(32) 
    936330 269.88 || noQ Q (Avg,Max,Min) (1.19, 3.66, 0.78) (0.12, 0.08, 0.38) #fs:  22  -- #Conts: 45 H(1)  G(3)  E(10)  C(31) 
    942438 261.88 || noQ Q (Avg,Max,Min) (1.20, 3.66, 1.01) (0.13, 0.08, 0.38) #fs:  22  -- #Conts: 43 H(1)  G(3)  E(10)  C(29) 
    996496 257.88 || noQ Q (Avg,Max,Min) (1.46, 15.09, 0.91) (0.13, 0.08, 0.32) #fs:  23  -- #Conts: 42 H(1)  G(3)  E(10)  C(28) 
   1026720 246.12 || noQ Q (Avg,Max,Min) (1.18, 2.27, 0.92) (0.13, 0.08, 0.59) #fs:  22  -- #Conts: 43 G(4)  E(10)  C(29) 
   1028137 230.35 || noQ Q (Avg,Max,Min) (1.14, 2.09, 0.93) (0.13, 0.08, 0.60) #fs:  24  -- #Conts: 42 G(3)  E(10)  C(29) 
   1040710 226.35 || noQ Q (Avg,Max,Min) (1.14, 1.97, 0.91) (0.13, 0.08, 0.57) #fs:  23  -- #Conts: 41 G(3)  E(10)  C(28) 
   1056416 222.35 || noQ Q (Avg,Max,Min) (1.14, 1.94, 0.89) (0.13, 0.08, 0.57) #fs:  23  -- #Conts: 40 G(3)  E(10)  C(27) 
   1058075 218.35 || noQ Q (Avg,Max,Min) (1.14, 2.03, 0.89) (0.14, 0.08, 0.60) #fs:  24  -- #Conts: 39 G(3)  E(10)  C(26) 
   1082253 214.35 || noQ Q (Avg,Max,Min) (1.13, 2.08, 0.91) (0.14, 0.08, 0.62) #fs:  24  -- #Conts: 38 G(3)  E(10)  C(25) 
   1118940 213.65 || noQ Q (Avg,Max,Min) (1.67, 15.09, 0.83) (0.17, 0.08, 0.37) #fs:  22  -- #Conts: 28 H(1)  G(4)  E(10)  C(13) 
   1120311 209.65 || noQ Q (Avg,Max,Min) (1.69, 15.09, 0.98) (0.18, 0.08, 0.38) #fs:  22  -- #Conts: 27 H(1)  G(4)  E(10)  C(12) 
   1120357 197.88 || noQ Q (Avg,Max,Min) (1.64, 15.09, 0.83) (0.18, 0.08, 0.37) #fs:  24  -- #Conts: 27 H(1)  G(3)  E(10)  C(13) 
   1121728 193.88 || noQ Q (Avg,Max,Min) (1.66, 15.09, 0.98) (0.19, 0.08, 0.38) #fs:  24  -- #Conts: 26 H(1)  G(3)  E(10)  C(12) 
   1134986 189.88 || noQ Q (Avg,Max,Min) (1.67, 15.09, 0.97) (0.19, 0.08, 0.41) #fs:  23  -- #Conts: 25 H(1)  G(3)  E(10)  C(11) 
   1136471 185.88 || noQ Q (Avg,Max,Min) (1.70, 15.09, 0.96) (0.20, 0.08, 0.38) #fs:  24  -- #Conts: 24 H(1)  G(3)  E(10)  C(10) 
   1163154 182.12 || noQ Q (Avg,Max,Min) (1.20, 2.27, 0.83) (0.18, 0.08, 0.63) #fs:  22  -- #Conts: 27 G(4)  E(10)  C(13) 
   1164525 178.12 || noQ Q (Avg,Max,Min) (1.20, 2.29, 0.98) (0.18, 0.08, 0.65) #fs:  22  -- #Conts: 26 G(4)  E(10)  C(12) 
   1164571 166.35 || noQ Q (Avg,Max,Min) (1.15, 1.93, 0.83) (0.19, 0.08, 0.63) #fs:  24  -- #Conts: 26 G(3)  E(10)  C(13) 
   1165942 162.35 || noQ Q (Avg,Max,Min) (1.15, 2.02, 0.98) (0.19, 0.08, 0.65) #fs:  24  -- #Conts: 25 G(3)  E(10)  C(12) 
   1179200 158.35 || noQ Q (Avg,Max,Min) (1.15, 2.08, 0.97) (0.20, 0.08, 0.68) #fs:  23  -- #Conts: 24 G(3)  E(10)  C(11) 
   1180685 154.35 || noQ Q (Avg,Max,Min) (1.15, 1.99, 0.96) (0.21, 0.08, 0.65) #fs:  24  -- #Conts: 23 G(3)  E(10)  C(10) 
   1221398 154.12 || noQ Q (Avg,Max,Min) (1.20, 2.27, 0.96) (0.23, 0.08, 0.67) #fs:  22  -- #Conts: 20 G(4)  E(10)  C(6) 
   1222559 150.12 || noQ Q (Avg,Max,Min) (1.21, 2.29, 0.96) (0.24, 0.08, 0.65) #fs:  22  -- #Conts: 19 G(4)  E(10)  C(5) 
   1222815 138.35 || noQ Q (Avg,Max,Min) (1.12, 2.01, 0.96) (0.25, 0.08, 0.68) #fs:  24  -- #Conts: 19 G(3)  E(10)  C(6) 
   1223976 134.35 || noQ Q (Avg,Max,Min) (1.13, 1.92, 0.96) (0.26, 0.08, 0.65) #fs:  24  -- #Conts: 18 G(3)  E(10)  C(5) 
   1225128 130.35 || noQ Q (Avg,Max,Min) (1.12, 1.92, 0.96) (0.28, 0.15, 0.65) #fs:  24  -- #Conts: 17 G(3)  E(10)  C(4) 
   1240900 126.35 || noQ Q (Avg,Max,Min) (1.11, 2.06, 0.95) (0.29, 0.15, 0.71) #fs:  24  -- #Conts: 16 G(3)  E(10)  C(3) 
   1284655 122.35 || noQ Q (Avg,Max,Min) (1.09, 1.91, 0.91) (0.30, 0.15, 0.68) #fs:  24  -- #Conts: 15 G(3)  E(10)  C(2) 
   1285259 118.35 || noQ Q (Avg,Max,Min) (1.11, 1.99, 0.91) (0.32, 0.15, 0.71) #fs:  24  -- #Conts: 14 G(3)  E(10)  C(1) 
   1286225 114.35 || noQ Q (Avg,Max,Min) (1.13, 1.99, 0.91) (0.34, 0.26, 0.71) #fs:  24  -- #Conts: 13 G(3)  E(10) 
   1533935 114.24 || noQ Q (Avg,Max,Min) (1.10, 1.91, 0.92) (0.29, 0.15, 0.81) #fs:  21  -- #Conts: 22 G(2)  E(1)  C(19) 
   1593336 110.24 || noQ Q (Avg,Max,Min) (1.08, 1.90, 0.88) (0.29, 0.15, 0.84) #fs:  20  -- #Conts: 21 G(2)  E(1)  C(18) 
   1690996 106.35 || noQ Q (Avg,Max,Min) (1.19, 1.82, 0.82) (0.33, 0.06, 0.86) #fs:  18  -- #Conts: 18 G(2)  E(4)  C(12) 
   1691529 099.65 || noQ Q (Avg,Max,Min) (1.16, 1.82, 0.82) (0.35, 0.06, 0.86) #fs:  19  -- #Conts: 17 G(2)  E(3)  C(12) 
   1693192 092.94 || noQ Q (Avg,Max,Min) (1.13, 1.82, 0.83) (0.37, 0.06, 0.86) #fs:  20  -- #Conts: 16 G(2)  E(2)  C(12) 
   1693351 086.24 || noQ Q (Avg,Max,Min) (1.09, 1.82, 0.83) (0.40, 0.23, 0.86) #fs:  21  -- #Conts: 15 G(2)  E(1)  C(12) 
   1698788 082.24 || noQ Q (Avg,Max,Min) (1.13, 1.82, 1.01) (0.43, 0.23, 0.86) #fs:  21  -- #Conts: 14 G(2)  E(1)  C(11) 
   1776998 078.24 || noQ Q (Avg,Max,Min) (1.08, 1.85, 0.94) (0.45, 0.31, 0.91) #fs:  20  -- #Conts: 13 G(2)  E(1)  C(10) 
   1935555 075.47 || noQ Q (Avg,Max,Min) (1.06, 1.89, 0.87) (0.44, 0.06, 1.02) #fs:  25  -- #Conts: 16 G(1)  A(1)  E(1)  C(13) 
   1935714 068.76 || noQ Q (Avg,Max,Min) (1.02, 1.89, 0.87) (0.47, 0.30, 1.02) #fs:  26  -- #Conts: 15 G(1)  A(1)  C(13) 
   1937165 067.76 || noQ Q (Avg,Max,Min) (1.03, 1.89, 0.87) (0.49, 0.40, 1.02) #fs:  26  -- #Conts: 14 G(1)  C(13) 
   1938638 064.76 || noQ Q (Avg,Max,Min) (1.06, 1.94, 0.87) (0.50, 0.30, 1.04) #fs:  25  -- #Conts: 14 G(1)  A(1)  C(12) 
   1939314 063.76 || noQ Q (Avg,Max,Min) (1.08, 1.94, 0.87) (0.52, 0.42, 1.04) #fs:  25  -- #Conts: 13 G(1)  C(12) 
   2061958 063.47 || noQ Q (Avg,Max,Min) (1.07, 1.81, 0.98) (0.51, 0.30, 1.04) #fs:  20  -- #Conts: 13 G(1)  A(1)  E(1)  C(10) 
   2099429 062.47 || noQ Q (Avg,Max,Min) (1.05, 1.83, 0.96) (0.53, 0.40, 1.07) #fs:  19  -- #Conts: 12 G(1)  E(1)  C(10) 
   2133470 061.47 || noQ Q (Avg,Max,Min) (1.06, 1.89, 0.95) (0.50, 0.30, 1.12) #fs:  19  -- #Conts: 14 G(1)  A(3)  E(1)  C(9) 
   2153593 060.47 || noQ Q (Avg,Max,Min) (1.06, 1.85, 0.94) (0.52, 0.30, 1.11) #fs:  19  -- #Conts: 13 G(1)  A(2)  E(1)  C(9) 
   2161914 059.47 || noQ Q (Avg,Max,Min) (1.06, 1.89, 0.93) (0.54, 0.30, 1.13) #fs:  18  -- #Conts: 12 G(1)  A(1)  E(1)  C(9) 
   2172672 058.47 || noQ Q (Avg,Max,Min) (1.07, 1.88, 0.93) (0.57, 0.49, 1.13) #fs:  19  -- #Conts: 11 G(1)  E(1)  C(9) 
   2269566 057.47 || noQ Q (Avg,Max,Min) (1.08, 1.86, 0.91) (0.53, 0.30, 1.17) #fs:  16  -- #Conts: 13 G(1)  A(3)  E(1)  C(8) 
   2270785 056.47 || noQ Q (Avg,Max,Min) (1.10, 1.86, 0.91) (0.55, 0.30, 1.17) #fs:  16  -- #Conts: 12 G(1)  A(2)  E(1)  C(8) 
   2279508 055.47 || noQ Q (Avg,Max,Min) (1.10, 1.90, 0.91) (0.58, 0.30, 1.20) #fs:  15  -- #Conts: 11 G(1)  A(1)  E(1)  C(8) 
   2283636 054.47 || noQ Q (Avg,Max,Min) (1.11, 1.88, 0.90) (0.61, 0.50, 1.19) #fs:  16  -- #Conts: 10 G(1)  E(1)  C(8) 
   2467461 053.76 || noQ Q (Avg,Max,Min) (1.09, 1.90, 0.99) (0.56, 0.30, 1.30) #fs:  10  -- #Conts: 12 G(1)  A(2)  C(9) 
   2497961 052.76 || noQ Q (Avg,Max,Min) (1.09, 1.87, 0.98) (0.59, 0.30, 1.30) #fs:  11  -- #Conts: 11 G(1)  A(1)  C(9) 
   2528175 051.76 || noQ Q (Avg,Max,Min) (1.08, 1.87, 0.97) (0.62, 0.48, 1.32) #fs:  10  -- #Conts: 10 G(1)  C(9) 
   2614369 050.76 || noQ Q (Avg,Max,Min) (1.09, 1.83, 0.95) (0.57, 0.30, 1.33) #fs:  11  -- #Conts: 12 G(1)  A(3)  C(8) 
   2615243 049.76 || noQ Q (Avg,Max,Min) (1.10, 1.84, 0.95) (0.61, 0.30, 1.34) #fs:  11  -- #Conts: 11 G(1)  A(2)  C(8) 
   2628755 048.76 || noQ Q (Avg,Max,Min) (1.12, 1.83, 0.94) (0.64, 0.30, 1.34) #fs:  11  -- #Conts: 10 G(1)  A(1)  C(8) 
   2628985 047.76 || noQ Q (Avg,Max,Min) (1.14, 1.83, 0.94) (0.69, 0.48, 1.34) #fs:  11  -- #Conts: 9 G(1)  C(8) 
   2672028 046.76 || noQ Q (Avg,Max,Min) (1.13, 1.84, 1.04) (0.62, 0.30, 1.37) #fs:  10  -- #Conts: 11 G(1)  A(3)  C(7) 
   2696539 045.76 || noQ Q (Avg,Max,Min) (1.13, 1.87, 1.03) (0.66, 0.30, 1.40) #fs:   9  -- #Conts: 10 G(1)  A(2)  C(7) 
   2756831 044.76 || noQ Q (Avg,Max,Min) (1.12, 1.85, 1.01) (0.70, 0.30, 1.41) #fs:   9  -- #Conts: 9 G(1)  A(1)  C(7) 
   2856605 042.76 || noQ Q (Avg,Max,Min) (1.12, 1.79, 0.99) (0.66, 0.30, 1.42) #fs:   8  -- #Conts: 10 G(1)  A(3)  C(6) 
   2871444 041.76 || noQ Q (Avg,Max,Min) (1.14, 1.79, 0.98) (0.71, 0.30, 1.43) #fs:   8  -- #Conts: 9 G(1)  A(2)  C(6) 
   2871447 040.76 || noQ Q (Avg,Max,Min) (1.16, 1.79, 1.01) (0.78, 0.30, 1.43) #fs:   8  -- #Conts: 8 G(1)  A(1)  C(6) 
   2872511 039.76 || noQ Q (Avg,Max,Min) (1.19, 1.79, 1.07) (0.85, 0.63, 1.43) #fs:   8  -- #Conts: 7 G(1)  C(6) 
   3058233 038.76 || noQ Q (Avg,Max,Min) (1.13, 1.76, 1.03) (0.72, 0.30, 1.50) #fs:   7  -- #Conts: 9 G(1)  A(3)  C(5) 
   3101374 037.76 || noQ Q (Avg,Max,Min) (1.14, 1.77, 1.01) (0.78, 0.30, 1.52) #fs:   6  -- #Conts: 8 G(1)  A(2)  C(5) 
   3110923 036.76 || noQ Q (Avg,Max,Min) (1.16, 1.76, 1.04) (0.86, 0.30, 1.52) #fs:   7  -- #Conts: 7 G(1)  A(1)  C(5) 
   3146449 035.76 || noQ Q (Avg,Max,Min) (1.18, 1.74, 1.02) (0.96, 0.81, 1.52) #fs:   7  -- #Conts: 6 G(1)  C(5) 
   4551720 033.76 || noQ Q (Avg,Max,Min) (1.10, 1.46, 0.79) (0.93, 0.61, 1.43) #fs:   7  -- #Conts: 6 G(1)  A(2)  C(3) 
   5974435 030.76 || noQ Q (Avg,Max,Min) (1.14, 1.46, 1.02) (0.99, 0.61, 1.43) #fs:   6  -- #Conts: 6 G(1)  A(2)  C(3) 
/////////////////size: 143
nodes 100 edges 234
 mulT: 100 mulD: 500  sumData GB 924
pareto /MONTAGE.n.100.0.dax time -> 24317.0
moheft /MONTAGE.n.100.0.dax time -> 24639.0
distance from M to C 5.156601422658468
distance from P to C 10.866601868181435
distance from C to M 0.25576636049289836
distance from C to P 18.311113756036494
toCompare: /MONTAGE.n.100.0.dax sumDataGB: 924 mulT: 100 mulD: 500 paretoOptTime_MS: 24317.0 MoheftOptimizationTime_MS: 24639.0 MtoC 5.156601422658468 PtoC 10.866601868181435 CtoM 0.25576636049289836 CtoP 18.311113756036494
