specify -Dflow d,b,mt,md,size
Running /home/vaggelis/jc/MONTAGE.n.100.0.dax mt 10 md: 500 size null
    225310 630.59 || noQ Q (Avg,Max,Min) (10.61, 12.70, 4.21) (0.07, 0.01, 0.44) #fs:   8  -- #Conts: 20 H(20) 
    225857 567.53 || noQ Q (Avg,Max,Min) (10.59, 12.63, 4.20) (0.07, 0.02, 0.46) #fs:   8  -- #Conts: 18 H(18) 
    227085 536.00 || noQ Q (Avg,Max,Min) (10.48, 12.63, 4.16) (0.08, 0.02, 0.46) #fs:   8  -- #Conts: 17 H(17) 
    227184 504.47 || noQ Q (Avg,Max,Min) (10.38, 12.63, 4.16) (0.08, 0.02, 0.46) #fs:   8  -- #Conts: 16 H(16) 
    227253 472.94 || noQ Q (Avg,Max,Min) (10.45, 12.63, 4.15) (0.09, 0.02, 0.46) #fs:   8  -- #Conts: 15 H(15) 
    228516 425.65 || noQ Q (Avg,Max,Min) (10.16, 12.59, 4.43) (0.09, 0.01, 0.46) #fs:   7  -- #Conts: 14 H(13)  G(1) 
    228556 409.88 || noQ Q (Avg,Max,Min) (10.03, 12.59, 4.43) (0.10, 0.04, 0.46) #fs:   8  -- #Conts: 13 H(13) 
    229736 378.35 || noQ Q (Avg,Max,Min) (9.86, 12.54, 4.40) (0.11, 0.04, 0.47) #fs:   8  -- #Conts: 12 H(12) 
    230919 346.82 || noQ Q (Avg,Max,Min) (9.67, 12.61, 4.36) (0.12, 0.04, 0.47) #fs:   8  -- #Conts: 11 H(11) 
    232548 315.29 || noQ Q (Avg,Max,Min) (9.89, 12.59, 4.35) (0.13, 0.05, 0.48) #fs:   7  -- #Conts: 10 H(10) 
    235023 283.76 || noQ Q (Avg,Max,Min) (9.67, 12.56, 4.91) (0.15, 0.05, 0.48) #fs:   7  -- #Conts: 9 H(9) 
    237933 252.24 || noQ Q (Avg,Max,Min) (9.34, 12.65, 5.02) (0.16, 0.06, 0.48) #fs:   8  -- #Conts: 8 H(8) 
    240175 220.71 || noQ Q (Avg,Max,Min) (9.06, 12.52, 4.98) (0.19, 0.07, 0.51) #fs:   8  -- #Conts: 7 H(7) 
    245768 189.18 || noQ Q (Avg,Max,Min) (9.02, 12.53, 5.42) (0.22, 0.09, 0.51) #fs:   7  -- #Conts: 6 H(6) 
    252919 157.65 || noQ Q (Avg,Max,Min) (8.81, 12.56, 5.73) (0.26, 0.11, 0.51) #fs:   7  -- #Conts: 5 H(5) 
    260593 126.12 || noQ Q (Avg,Max,Min) (7.56, 10.46, 6.05) (0.32, 0.15, 0.55) #fs:   8  -- #Conts: 4 H(4) 
    274454 094.59 || noQ Q (Avg,Max,Min) (7.00, 7.96, 6.25) (0.43, 0.32, 0.61) #fs:   7  -- #Conts: 3 H(3) 
    317489 078.82 || noQ Q (Avg,Max,Min) (5.86, 7.75, 4.29) (0.27, 0.12, 0.53) #fs:   7  -- #Conts: 5 G(5) 
    330364 063.06 || noQ Q (Avg,Max,Min) (5.93, 7.77, 4.79) (0.34, 0.16, 0.57) #fs:   6  -- #Conts: 4 G(4) 
    354341 047.29 || noQ Q (Avg,Max,Min) (5.47, 6.43, 4.77) (0.45, 0.35, 0.63) #fs:   6  -- #Conts: 3 G(3) 
    366530 031.53 || noQ Q (Avg,Max,Min) (7.08, 7.08, 7.08) (0.72, 0.72, 0.72) #fs:   0  -- #Conts: 1 H(1) 
    495350 026.82 || noQ Q (Avg,Max,Min) (3.61, 4.58, 3.19) (0.42, 0.34, 0.63) #fs:   4  -- #Conts: 4 E(4) 
    610971 020.12 || noQ Q (Avg,Max,Min) (3.60, 4.25, 3.18) (0.54, 0.44, 0.72) #fs:   4  -- #Conts: 3 E(3) 
    628129 015.76 || noQ Q (Avg,Max,Min) (4.55, 4.55, 4.55) (0.79, 0.79, 0.79) #fs:   0  -- #Conts: 1 G(1) 
    832265 013.41 || noQ Q (Avg,Max,Min) (3.65, 3.98, 3.32) (0.79, 0.67, 0.92) #fs:   2  -- #Conts: 2 E(2) 
    993672 012.00 || noQ Q (Avg,Max,Min) (2.67, 3.25, 2.36) (0.68, 0.56, 0.90) #fs:   3  -- #Conts: 3 C(3) 
   1305635 010.71 || noQ Q (Avg,Max,Min) (2.48, 2.54, 2.43) (0.86, 0.81, 0.92) #fs:   3  -- #Conts: 2 E(1)  C(1) 
   1352160 008.00 || noQ Q (Avg,Max,Min) (2.63, 2.82, 2.43) (0.94, 0.82, 1.06) #fs:   2  -- #Conts: 2 C(2) 
   1416590 006.71 || noQ Q (Avg,Max,Min) (2.57, 2.57, 2.57) (1.01, 1.01, 1.01) #fs:   0  -- #Conts: 1 E(1) 
   2355560 006.00 || noQ Q (Avg,Max,Min) (1.28, 1.55, 1.18) (0.74, 0.65, 1.01) #fs:   7  -- #Conts: 6 A(6) 
   2447742 004.00 || noQ Q (Avg,Max,Min) (1.91, 1.91, 1.91) (1.30, 1.30, 1.30) #fs:   0  -- #Conts: 1 C(1) 
/////////////////size: 31
    324256 509.41 || noQ Q (Avg,Max,Min) (7.45, 23.42, 1.51) (0.04, 0.01, 0.29) #fs:   7  -- #Conts: 36 H(9)  G(10)  C(17) 
    324432 504.35 || noQ Q (Avg,Max,Min) (7.22, 23.42, 1.51) (0.04, 0.01, 0.29) #fs:   7  -- #Conts: 37 H(9)  G(9)  E(1)  C(18) 
    324451 499.29 || noQ Q (Avg,Max,Min) (7.03, 23.42, 1.66) (0.04, 0.01, 0.29) #fs:   7  -- #Conts: 38 H(9)  G(8)  E(2)  C(19) 
    324721 477.88 || noQ Q (Avg,Max,Min) (6.95, 23.20, 1.51) (0.05, 0.01, 0.33) #fs:   7  -- #Conts: 35 H(8)  G(10)  C(17) 
    324821 456.35 || noQ Q (Avg,Max,Min) (6.72, 23.42, 1.66) (0.04, 0.01, 0.29) #fs:   7  -- #Conts: 37 H(9)  G(4)  E(5)  C(19) 
    325286 424.82 || noQ Q (Avg,Max,Min) (6.21, 23.20, 1.66) (0.04, 0.01, 0.34) #fs:   7  -- #Conts: 36 H(8)  G(4)  E(5)  C(19) 
    326752 393.29 || noQ Q (Avg,Max,Min) (5.58, 23.42, 1.66) (0.05, 0.01, 0.33) #fs:   9  -- #Conts: 35 H(7)  G(4)  E(5)  C(19) 
    327302 330.24 || noQ Q (Avg,Max,Min) (4.24, 23.17, 1.66) (0.05, 0.02, 0.34) #fs:  10  -- #Conts: 33 H(5)  G(4)  E(5)  C(19) 
    327395 298.71 || noQ Q (Avg,Max,Min) (3.70, 14.09, 1.66) (0.05, 0.02, 0.34) #fs:  10  -- #Conts: 33 H(3)  G(6)  E(5)  C(19) 
    327561 259.18 || noQ Q (Avg,Max,Min) (3.47, 13.95, 1.66) (0.05, 0.02, 0.37) #fs:  10  -- #Conts: 30 H(2)  G(6)  E(5)  C(17) 
    328343 243.41 || noQ Q (Avg,Max,Min) (3.15, 8.11, 1.66) (0.06, 0.02, 0.37) #fs:  10  -- #Conts: 29 H(2)  G(5)  E(5)  C(17) 
    331024 233.06 || noQ Q (Avg,Max,Min) (4.39, 13.94, 1.83) (0.06, 0.02, 0.40) #fs:   7  -- #Conts: 29 H(1)  G(6)  E(7)  C(15) 
    331398 226.35 || noQ Q (Avg,Max,Min) (4.42, 13.94, 1.82) (0.06, 0.02, 0.40) #fs:   7  -- #Conts: 28 H(1)  G(6)  E(6)  C(15) 
    332176 219.65 || noQ Q (Avg,Max,Min) (4.44, 13.95, 1.82) (0.06, 0.02, 0.40) #fs:   7  -- #Conts: 27 H(1)  G(6)  E(5)  C(15) 
    336776 217.29 || noQ Q (Avg,Max,Min) (3.61, 13.85, 1.83) (0.06, 0.02, 0.39) #fs:   8  -- #Conts: 28 H(1)  G(5)  E(7)  C(15) 
    337048 201.53 || noQ Q (Avg,Max,Min) (3.71, 13.85, 1.83) (0.06, 0.02, 0.40) #fs:   7  -- #Conts: 27 H(1)  G(4)  E(7)  C(15) 
    337105 185.76 || noQ Q (Avg,Max,Min) (3.34, 8.44, 1.83) (0.06, 0.02, 0.40) #fs:   7  -- #Conts: 26 H(1)  G(3)  E(7)  C(15) 
    337479 179.06 || noQ Q (Avg,Max,Min) (3.33, 8.42, 1.82) (0.06, 0.02, 0.40) #fs:   7  -- #Conts: 25 H(1)  G(3)  E(6)  C(15) 
    338257 172.35 || noQ Q (Avg,Max,Min) (3.30, 8.38, 1.82) (0.07, 0.02, 0.40) #fs:   7  -- #Conts: 24 H(1)  G(3)  E(5)  C(15) 
    341328 168.29 || noQ Q (Avg,Max,Min) (3.11, 8.49, 1.39) (0.06, 0.02, 0.41) #fs:   8  -- #Conts: 26 H(1)  G(2)  A(1)  E(6)  C(16) 
    342758 161.59 || noQ Q (Avg,Max,Min) (3.08, 8.42, 1.39) (0.07, 0.02, 0.41) #fs:   8  -- #Conts: 25 H(1)  G(2)  A(1)  E(5)  C(16) 
    356824 157.71 || noQ Q (Avg,Max,Min) (3.27, 13.85, 1.39) (0.06, 0.02, 0.60) #fs:   6  -- #Conts: 30 G(3)  A(1)  E(2)  C(24) 
    356984 155.35 || noQ Q (Avg,Max,Min) (3.15, 6.80, 1.39) (0.05, 0.02, 0.60) #fs:   6  -- #Conts: 31 G(2)  A(1)  E(4)  C(24) 
    357494 154.35 || noQ Q (Avg,Max,Min) (3.21, 6.80, 1.78) (0.06, 0.02, 0.60) #fs:   6  -- #Conts: 30 G(2)  E(4)  C(24) 
    357831 146.00 || noQ Q (Avg,Max,Min) (3.23, 13.85, 1.77) (0.06, 0.02, 0.61) #fs:   6  -- #Conts: 27 G(3)  E(1)  C(23) 
    357991 143.65 || noQ Q (Avg,Max,Min) (3.10, 6.74, 1.77) (0.06, 0.02, 0.61) #fs:   6  -- #Conts: 28 G(2)  E(3)  C(23) 
    358113 129.76 || noQ Q (Avg,Max,Min) (3.41, 8.68, 1.94) (0.09, 0.02, 0.37) #fs:   5  -- #Conts: 19 H(1)  G(2)  E(1)  C(15) 
    365031 128.71 || noQ Q (Avg,Max,Min) (3.76, 13.85, 1.76) (0.07, 0.02, 0.61) #fs:   5  -- #Conts: 22 G(3)  E(2)  C(17) 
    365545 125.71 || noQ Q (Avg,Max,Min) (3.71, 13.85, 1.39) (0.08, 0.02, 0.61) #fs:   5  -- #Conts: 22 G(3)  A(1)  E(2)  C(16) 
    365705 116.65 || noQ Q (Avg,Max,Min) (3.38, 6.74, 1.39) (0.08, 0.02, 0.63) #fs:   5  -- #Conts: 22 G(2)  A(1)  E(3)  C(16) 
    365957 115.65 || noQ Q (Avg,Max,Min) (3.50, 6.74, 1.99) (0.08, 0.02, 0.63) #fs:   5  -- #Conts: 21 G(2)  E(3)  C(16) 
    366772 111.65 || noQ Q (Avg,Max,Min) (3.53, 6.74, 1.99) (0.08, 0.02, 0.63) #fs:   4  -- #Conts: 20 G(2)  E(3)  C(15) 
    368557 109.94 || noQ Q (Avg,Max,Min) (3.28, 7.16, 1.39) (0.08, 0.02, 0.43) #fs:   5  -- #Conts: 21 G(2)  A(1)  E(2)  C(16) 
    368809 108.94 || noQ Q (Avg,Max,Min) (3.39, 7.37, 1.99) (0.08, 0.02, 0.45) #fs:   5  -- #Conts: 20 G(2)  E(2)  C(16) 
    369624 104.94 || noQ Q (Avg,Max,Min) (3.42, 7.34, 1.99) (0.08, 0.02, 0.45) #fs:   4  -- #Conts: 19 G(2)  E(2)  C(15) 
    370298 103.24 || noQ Q (Avg,Max,Min) (3.07, 6.70, 1.39) (0.08, 0.02, 0.64) #fs:   5  -- #Conts: 20 G(2)  A(1)  E(1)  C(16) 
    370550 102.24 || noQ Q (Avg,Max,Min) (3.18, 6.70, 1.99) (0.08, 0.02, 0.64) #fs:   5  -- #Conts: 19 G(2)  E(1)  C(16) 
    375425 096.53 || noQ Q (Avg,Max,Min) (2.84, 6.13, 1.39) (0.09, 0.02, 0.64) #fs:   6  -- #Conts: 19 G(2)  A(1)  C(16) 
    375677 095.53 || noQ Q (Avg,Max,Min) (2.94, 6.12, 1.74) (0.09, 0.02, 0.64) #fs:   6  -- #Conts: 18 G(2)  C(16) 
    376492 091.53 || noQ Q (Avg,Max,Min) (2.95, 6.13, 1.73) (0.09, 0.02, 0.64) #fs:   5  -- #Conts: 17 G(2)  C(15) 
    376528 091.24 || noQ Q (Avg,Max,Min) (3.15, 6.70, 1.39) (0.09, 0.02, 0.63) #fs:   5  -- #Conts: 17 G(2)  A(1)  E(1)  C(13) 
    377039 090.24 || noQ Q (Avg,Max,Min) (3.27, 6.70, 1.95) (0.10, 0.02, 0.63) #fs:   5  -- #Conts: 16 G(2)  E(1)  C(13) 
    381268 085.53 || noQ Q (Avg,Max,Min) (2.79, 5.95, 1.39) (0.10, 0.02, 0.63) #fs:   6  -- #Conts: 17 G(2)  A(2)  C(13) 
    381655 084.53 || noQ Q (Avg,Max,Min) (2.89, 5.94, 1.39) (0.10, 0.02, 0.63) #fs:   6  -- #Conts: 16 G(2)  A(1)  C(13) 
    382166 083.53 || noQ Q (Avg,Max,Min) (3.00, 5.93, 1.95) (0.11, 0.02, 0.63) #fs:   6  -- #Conts: 15 G(2)  C(13) 
    382655 079.53 || noQ Q (Avg,Max,Min) (3.01, 5.94, 1.94) (0.11, 0.02, 0.63) #fs:   5  -- #Conts: 14 G(2)  C(12) 
    387201 076.53 || noQ Q (Avg,Max,Min) (2.90, 5.98, 1.39) (0.11, 0.04, 0.64) #fs:   6  -- #Conts: 14 G(2)  A(1)  C(11) 
    387612 075.53 || noQ Q (Avg,Max,Min) (3.04, 5.84, 1.91) (0.12, 0.04, 0.63) #fs:   6  -- #Conts: 13 G(2)  C(11) 
    391228 072.53 || noQ Q (Avg,Max,Min) (2.94, 6.14, 1.39) (0.12, 0.04, 0.67) #fs:   6  -- #Conts: 13 G(2)  A(1)  C(10) 
    391567 071.53 || noQ Q (Avg,Max,Min) (3.06, 6.03, 1.88) (0.13, 0.04, 0.66) #fs:   6  -- #Conts: 12 G(2)  C(10) 
    392119 069.53 || noQ Q (Avg,Max,Min) (2.81, 5.82, 1.39) (0.12, 0.04, 0.63) #fs:   6  -- #Conts: 13 G(2)  A(2)  C(9) 
    393233 068.53 || noQ Q (Avg,Max,Min) (2.95, 5.78, 1.39) (0.13, 0.04, 0.63) #fs:   5  -- #Conts: 12 G(2)  A(1)  C(9) 
    394922 067.53 || noQ Q (Avg,Max,Min) (3.08, 5.79, 1.86) (0.14, 0.04, 0.64) #fs:   5  -- #Conts: 11 G(2)  C(9) 
    397844 064.53 || noQ Q (Avg,Max,Min) (2.95, 5.85, 1.39) (0.14, 0.04, 0.65) #fs:   6  -- #Conts: 11 G(2)  A(1)  C(8) 
    398854 063.53 || noQ Q (Avg,Max,Min) (3.12, 5.84, 1.86) (0.15, 0.05, 0.65) #fs:   6  -- #Conts: 10 G(2)  C(8) 
    399377 061.53 || noQ Q (Avg,Max,Min) (2.84, 5.93, 1.39) (0.14, 0.04, 0.66) #fs:   6  -- #Conts: 11 G(2)  A(2)  C(7) 
    399536 060.53 || noQ Q (Avg,Max,Min) (3.02, 5.90, 1.39) (0.16, 0.04, 0.65) #fs:   6  -- #Conts: 10 G(2)  A(1)  C(7) 
    400940 059.53 || noQ Q (Avg,Max,Min) (3.19, 5.92, 1.84) (0.17, 0.05, 0.66) #fs:   5  -- #Conts: 9 G(2)  C(7) 
    404996 058.53 || noQ Q (Avg,Max,Min) (2.78, 5.86, 1.39) (0.15, 0.04, 0.66) #fs:   6  -- #Conts: 11 G(2)  A(3)  C(6) 
    405888 057.53 || noQ Q (Avg,Max,Min) (2.91, 5.85, 1.39) (0.16, 0.04, 0.66) #fs:   6  -- #Conts: 10 G(2)  A(2)  C(6) 
    406140 056.53 || noQ Q (Avg,Max,Min) (3.11, 5.85, 1.39) (0.17, 0.04, 0.66) #fs:   6  -- #Conts: 9 G(2)  A(1)  C(6) 
    411737 054.53 || noQ Q (Avg,Max,Min) (2.79, 5.98, 1.39) (0.15, 0.04, 0.64) #fs:   5  -- #Conts: 10 G(2)  A(3)  C(5) 
    414089 053.47 || noQ Q (Avg,Max,Min) (2.38, 5.97, 1.39) (0.14, 0.04, 0.69) #fs:   8  -- #Conts: 12 G(1)  A(3)  E(1)  C(7) 
    414949 052.47 || noQ Q (Avg,Max,Min) (2.49, 5.95, 1.39) (0.15, 0.04, 0.69) #fs:   8  -- #Conts: 11 G(1)  A(2)  E(1)  C(7) 
    415470 051.47 || noQ Q (Avg,Max,Min) (2.21, 5.76, 1.39) (0.13, 0.04, 0.66) #fs:   8  -- #Conts: 13 G(1)  A(5)  E(1)  C(6) 
    419786 050.47 || noQ Q (Avg,Max,Min) (2.26, 5.81, 1.39) (0.14, 0.04, 0.68) #fs:   7  -- #Conts: 12 G(1)  A(4)  E(1)  C(6) 
    423476 049.47 || noQ Q (Avg,Max,Min) (2.34, 5.76, 1.39) (0.15, 0.04, 0.68) #fs:   8  -- #Conts: 11 G(1)  A(3)  E(1)  C(6) 
    423996 048.47 || noQ Q (Avg,Max,Min) (2.46, 5.75, 1.39) (0.16, 0.04, 0.68) #fs:   8  -- #Conts: 10 G(1)  A(2)  E(1)  C(6) 
    425857 047.47 || noQ Q (Avg,Max,Min) (2.20, 5.74, 1.39) (0.14, 0.04, 0.68) #fs:   7  -- #Conts: 12 G(1)  A(5)  E(1)  C(5) 
    429119 046.47 || noQ Q (Avg,Max,Min) (2.28, 5.70, 1.39) (0.15, 0.04, 0.68) #fs:   8  -- #Conts: 11 G(1)  A(4)  E(1)  C(5) 
    429718 045.47 || noQ Q (Avg,Max,Min) (2.39, 5.69, 1.39) (0.16, 0.04, 0.68) #fs:   8  -- #Conts: 10 G(1)  A(3)  E(1)  C(5) 
    431882 044.47 || noQ Q (Avg,Max,Min) (2.49, 5.68, 1.39) (0.17, 0.04, 0.68) #fs:   7  -- #Conts: 9 G(1)  A(2)  E(1)  C(5) 
    437855 043.47 || noQ Q (Avg,Max,Min) (2.64, 5.78, 1.39) (0.19, 0.04, 0.70) #fs:   8  -- #Conts: 8 G(1)  A(1)  E(1)  C(5) 
    438784 042.47 || noQ Q (Avg,Max,Min) (2.84, 5.68, 2.01) (0.22, 0.09, 0.69) #fs:   8  -- #Conts: 7 G(1)  E(1)  C(5) 
    444247 041.47 || noQ Q (Avg,Max,Min) (2.35, 5.73, 1.38) (0.17, 0.04, 0.71) #fs:   7  -- #Conts: 9 G(1)  A(3)  E(1)  C(4) 
    447067 040.47 || noQ Q (Avg,Max,Min) (2.42, 5.43, 1.38) (0.19, 0.04, 0.67) #fs:   8  -- #Conts: 8 G(1)  A(2)  E(1)  C(4) 
    450393 039.47 || noQ Q (Avg,Max,Min) (2.54, 5.40, 1.38) (0.21, 0.04, 0.68) #fs:   7  -- #Conts: 7 G(1)  A(1)  E(1)  C(4) 
    456104 038.47 || noQ Q (Avg,Max,Min) (2.33, 5.60, 1.39) (0.17, 0.04, 0.71) #fs:   7  -- #Conts: 9 G(1)  A(4)  E(1)  C(3) 
    459982 037.47 || noQ Q (Avg,Max,Min) (2.43, 5.57, 1.39) (0.19, 0.04, 0.71) #fs:   6  -- #Conts: 8 G(1)  A(3)  E(1)  C(3) 
    466017 036.47 || noQ Q (Avg,Max,Min) (2.55, 5.60, 1.39) (0.22, 0.04, 0.72) #fs:   6  -- #Conts: 7 G(1)  A(2)  E(1)  C(3) 
    467168 035.47 || noQ Q (Avg,Max,Min) (2.77, 5.58, 1.39) (0.25, 0.04, 0.72) #fs:   7  -- #Conts: 6 G(1)  A(1)  E(1)  C(3) 
    468784 034.47 || noQ Q (Avg,Max,Min) (3.07, 5.48, 2.04) (0.29, 0.15, 0.71) #fs:   7  -- #Conts: 5 G(1)  E(1)  C(3) 
    480900 033.47 || noQ Q (Avg,Max,Min) (2.48, 5.55, 1.38) (0.21, 0.04, 0.74) #fs:   6  -- #Conts: 7 G(1)  A(3)  E(1)  C(2) 
    484977 032.47 || noQ Q (Avg,Max,Min) (2.67, 5.52, 1.39) (0.24, 0.04, 0.74) #fs:   5  -- #Conts: 6 G(1)  A(2)  E(1)  C(2) 
    491012 031.47 || noQ Q (Avg,Max,Min) (2.90, 5.54, 1.39) (0.28, 0.04, 0.76) #fs:   5  -- #Conts: 5 G(1)  A(1)  E(1)  C(2) 
    496856 030.47 || noQ Q (Avg,Max,Min) (3.28, 5.48, 2.06) (0.35, 0.17, 0.76) #fs:   6  -- #Conts: 4 G(1)  E(1)  C(2) 
    514945 029.47 || noQ Q (Avg,Max,Min) (2.56, 5.47, 1.38) (0.24, 0.04, 0.78) #fs:   5  -- #Conts: 6 G(1)  A(3)  E(1)  C(1) 
    520254 028.47 || noQ Q (Avg,Max,Min) (2.79, 5.52, 1.39) (0.28, 0.04, 0.80) #fs:   4  -- #Conts: 5 G(1)  A(2)  E(1)  C(1) 
    526318 027.47 || noQ Q (Avg,Max,Min) (3.10, 5.47, 1.39) (0.34, 0.04, 0.80) #fs:   4  -- #Conts: 4 G(1)  A(1)  E(1)  C(1) 
    527299 026.47 || noQ Q (Avg,Max,Min) (3.71, 5.46, 2.36) (0.44, 0.25, 0.80) #fs:   5  -- #Conts: 3 G(1)  E(1)  C(1) 
    537765 025.76 || noQ Q (Avg,Max,Min) (2.52, 5.60, 1.39) (0.29, 0.08, 0.84) #fs:   5  -- #Conts: 5 G(1)  A(2)  C(2) 
    540174 024.76 || noQ Q (Avg,Max,Min) (2.84, 5.59, 1.39) (0.35, 0.08, 0.84) #fs:   5  -- #Conts: 4 G(1)  A(1)  C(2) 
    551312 023.76 || noQ Q (Avg,Max,Min) (3.30, 5.49, 2.03) (0.44, 0.19, 0.84) #fs:   5  -- #Conts: 3 G(1)  C(2) 
    563364 022.76 || noQ Q (Avg,Max,Min) (2.35, 5.35, 1.38) (0.27, 0.08, 0.84) #fs:   3  -- #Conts: 5 G(1)  A(3)  C(1) 
    574805 021.76 || noQ Q (Avg,Max,Min) (2.59, 5.26, 1.38) (0.33, 0.08, 0.84) #fs:   4  -- #Conts: 4 G(1)  A(2)  C(1) 
    580707 018.76 || noQ Q (Avg,Max,Min) (2.25, 4.82, 1.39) (0.28, 0.08, 0.78) #fs:   0  -- #Conts: 4 G(1)  A(3) 
    592808 017.76 || noQ Q (Avg,Max,Min) (2.51, 4.75, 1.38) (0.34, 0.12, 0.78) #fs:   0  -- #Conts: 3 G(1)  A(2) 
    610611 016.76 || noQ Q (Avg,Max,Min) (3.01, 4.64, 1.38) (0.46, 0.12, 0.79) #fs:   0  -- #Conts: 2 G(1)  A(1) 
    628129 015.76 || noQ Q (Avg,Max,Min) (4.55, 4.55, 4.55) (0.79, 0.79, 0.79) #fs:   0  -- #Conts: 1 G(1) 
    849684 015.71 || noQ Q (Avg,Max,Min) (1.83, 3.60, 1.27) (0.30, 0.12, 0.85) #fs:   4  -- #Conts: 7 A(5)  E(1)  C(1) 
    869736 014.71 || noQ Q (Avg,Max,Min) (1.91, 3.63, 1.24) (0.35, 0.12, 0.88) #fs:   4  -- #Conts: 6 A(4)  E(1)  C(1) 
    886599 013.71 || noQ Q (Avg,Max,Min) (2.01, 3.55, 1.21) (0.40, 0.16, 0.87) #fs:   4  -- #Conts: 5 A(3)  E(1)  C(1) 
    918382 012.71 || noQ Q (Avg,Max,Min) (2.16, 3.63, 1.17) (0.48, 0.20, 0.93) #fs:   4  -- #Conts: 4 A(2)  E(1)  C(1) 
    958272 011.71 || noQ Q (Avg,Max,Min) (2.42, 3.61, 1.11) (0.60, 0.26, 0.96) #fs:   4  -- #Conts: 3 A(1)  E(1)  C(1) 
   1008926 010.71 || noQ Q (Avg,Max,Min) (2.98, 3.57, 2.40) (0.80, 0.60, 1.00) #fs:   2  -- #Conts: 2 E(1)  C(1) 
   1152019 009.71 || noQ Q (Avg,Max,Min) (1.76, 3.36, 1.22) (0.53, 0.34, 1.08) #fs:   5  -- #Conts: 4 A(3)  E(1) 
   1240517 008.71 || noQ Q (Avg,Max,Min) (1.82, 3.05, 1.14) (0.59, 0.35, 1.05) #fs:   3  -- #Conts: 3 A(2)  E(1) 
   1340900 007.71 || noQ Q (Avg,Max,Min) (2.07, 2.84, 1.30) (0.74, 0.43, 1.06) #fs:   1  -- #Conts: 2 A(1)  E(1) 
   1416590 006.71 || noQ Q (Avg,Max,Min) (2.57, 2.57, 2.57) (1.01, 1.01, 1.01) #fs:   0  -- #Conts: 1 E(1) 
   1860286 006.00 || noQ Q (Avg,Max,Min) (1.69, 2.45, 1.30) (0.84, 0.60, 1.27) #fs:   3  -- #Conts: 3 A(2)  C(1) 
   2107334 005.00 || noQ Q (Avg,Max,Min) (1.77, 2.20, 1.35) (1.01, 0.74, 1.29) #fs:   2  -- #Conts: 2 A(1)  C(1) 
   2447742 004.00 || noQ Q (Avg,Max,Min) (1.91, 1.91, 1.91) (1.30, 1.30, 1.30) #fs:   0  -- #Conts: 1 C(1) 
/////////////////size: 112
nodes 100 edges 234
 mulT: 10 mulD: 500  sumData GB 924
pareto /MONTAGE.n.100.0.dax time -> 12542.0
moheft /MONTAGE.n.100.0.dax time -> 4842.0
distance from M to C 9.589227246151449
distance from P to C 0.14800759013282738
distance from C to M 4.113713812257387
distance from C to P 0.2723685179657387
toCompare: /MONTAGE.n.100.0.dax sumDataGB: 924 mulT: 10 mulD: 500 paretoOptTime_MS: 12542.0 MoheftOptimizationTime_MS: 4842.0 MtoC 9.589227246151449 PtoC 0.14800759013282738 CtoM 4.113713812257387 CtoP 0.2723685179657387
