specify -Dflow d,b,mt,md,size
Running /home/vaggelis/jc/LIGO.n.50.0.dax mt 30 md: 5000 size null
   1584629 378.35 || noQ Q (Avg,Max,Min) (0.89, 1.06, 0.69) (0.32, 0.24, 0.39) #fs:  12  -- #Conts: 12 H(12) 
   1606199 362.59 || noQ Q (Avg,Max,Min) (0.90, 1.06, 0.70) (0.34, 0.25, 0.39) #fs:  12  -- #Conts: 12 H(11)  G(1) 
   1610600 346.82 || noQ Q (Avg,Max,Min) (0.92, 1.06, 0.80) (0.35, 0.28, 0.40) #fs:  12  -- #Conts: 12 H(10)  G(2) 
   1767714 331.06 || noQ Q (Avg,Max,Min) (0.94, 1.06, 0.86) (0.37, 0.28, 0.50) #fs:  12  -- #Conts: 12 H(9)  G(3) 
   1898245 315.29 || noQ Q (Avg,Max,Min) (0.92, 1.07, 0.80) (0.38, 0.28, 0.55) #fs:  13  -- #Conts: 12 H(8)  G(4) 
   2006706 299.53 || noQ Q (Avg,Max,Min) (0.90, 1.06, 0.75) (0.40, 0.28, 0.58) #fs:  13  -- #Conts: 12 H(7)  G(5) 
   2109219 283.76 || noQ Q (Avg,Max,Min) (0.94, 1.08, 0.79) (0.43, 0.33, 0.53) #fs:  11  -- #Conts: 11 H(7)  G(4) 
   2151633 268.00 || noQ Q (Avg,Max,Min) (0.94, 1.05, 0.83) (0.45, 0.33, 0.55) #fs:  11  -- #Conts: 11 H(6)  G(5) 
   2279909 252.24 || noQ Q (Avg,Max,Min) (0.93, 1.05, 0.79) (0.47, 0.34, 0.67) #fs:  10  -- #Conts: 10 H(6)  G(4) 
   2341876 236.47 || noQ Q (Avg,Max,Min) (0.93, 1.03, 0.78) (0.49, 0.37, 0.67) #fs:  10  -- #Conts: 10 H(5)  G(5) 
   2393263 220.71 || noQ Q (Avg,Max,Min) (0.94, 1.02, 0.83) (0.52, 0.38, 0.67) #fs:  12  -- #Conts: 10 H(4)  G(6) 
   2553614 204.94 || noQ Q (Avg,Max,Min) (0.90, 1.02, 0.77) (0.54, 0.45, 0.67) #fs:  12  -- #Conts: 10 H(3)  G(7) 
   2607472 189.18 || noQ Q (Avg,Max,Min) (0.87, 1.05, 0.66) (0.53, 0.38, 0.65) #fs:  12  -- #Conts: 12 G(12) 
   2941683 180.12 || noQ Q (Avg,Max,Min) (0.89, 1.05, 0.69) (0.57, 0.40, 0.81) #fs:  12  -- #Conts: 12 G(11)  E(1) 
   3092195 171.06 || noQ Q (Avg,Max,Min) (0.89, 1.03, 0.75) (0.61, 0.46, 0.87) #fs:  13  -- #Conts: 12 G(10)  E(2) 
   3303037 157.65 || noQ Q (Avg,Max,Min) (1.00, 1.14, 0.87) (0.79, 0.60, 1.00) #fs:   4  -- #Conts: 5 H(5) 
   3938171 141.88 || noQ Q (Avg,Max,Min) (0.88, 1.05, 0.75) (0.72, 0.50, 0.82) #fs:   8  -- #Conts: 9 G(9) 
   6846537 138.12 || noQ Q (Avg,Max,Min) (0.89, 1.02, 0.63) (0.69, 0.56, 0.88) #fs:  14  -- #Conts: 12 E(11)  C(1) 
   7977826 131.41 || noQ Q (Avg,Max,Min) (0.87, 1.02, 0.63) (0.72, 0.56, 0.94) #fs:  14  -- #Conts: 11 E(10)  C(1) 
   9143646 129.41 || noQ Q (Avg,Max,Min) (0.94, 1.04, 0.73) (0.77, 0.59, 1.04) #fs:  14  -- #Conts: 15 E(1)  C(14) 
   9645034 128.00 || noQ Q (Avg,Max,Min) (0.93, 1.04, 0.69) (0.78, 0.59, 1.04) #fs:  12  -- #Conts: 15 C(15) 
  10211661 127.41 || noQ Q (Avg,Max,Min) (0.81, 1.01, 0.56) (0.69, 0.52, 0.94) #fs:  12  -- #Conts: 11 E(11) 
  10892786 121.41 || noQ Q (Avg,Max,Min) (0.93, 1.02, 0.67) (0.81, 0.67, 0.99) #fs:   9  -- #Conts: 15 E(1)  C(14) 
  10902764 120.00 || noQ Q (Avg,Max,Min) (0.95, 1.02, 0.73) (0.82, 0.70, 0.99) #fs:   7  -- #Conts: 15 C(15) 
  13412460 116.00 || noQ Q (Avg,Max,Min) (0.97, 1.17, 0.72) (0.86, 0.70, 1.12) #fs:   6  -- #Conts: 15 C(15) 
  14489175 112.00 || noQ Q (Avg,Max,Min) (0.97, 1.03, 0.80) (0.85, 0.63, 1.01) #fs:   5  -- #Conts: 12 C(12) 
  16877962 108.00 || noQ Q (Avg,Max,Min) (0.96, 1.03, 0.80) (0.89, 0.74, 1.01) #fs:   5  -- #Conts: 11 C(11) 
/////////////////size: 27
   4066148 271.00 || noQ Q (Avg,Max,Min) (0.91, 1.09, 0.46) (0.41, 0.14, 0.88) #fs:  10  -- #Conts: 12 H(6)  A(3)  G(3) 
   4074760 255.24 || noQ Q (Avg,Max,Min) (0.91, 1.09, 0.46) (0.42, 0.15, 0.88) #fs:  10  -- #Conts: 12 H(5)  A(3)  G(4) 
   4096686 254.24 || noQ Q (Avg,Max,Min) (0.96, 1.08, 0.53) (0.44, 0.15, 0.93) #fs:   8  -- #Conts: 11 H(5)  A(2)  G(4) 
   4112137 239.47 || noQ Q (Avg,Max,Min) (0.90, 1.09, 0.53) (0.45, 0.15, 0.88) #fs:   9  -- #Conts: 11 H(5)  A(3)  G(3) 
   4134063 238.47 || noQ Q (Avg,Max,Min) (0.95, 1.08, 0.53) (0.48, 0.15, 0.93) #fs:   7  -- #Conts: 10 H(5)  A(2)  G(3) 
   4372241 223.71 || noQ Q (Avg,Max,Min) (0.89, 1.09, 0.52) (0.48, 0.15, 0.88) #fs:   9  -- #Conts: 10 H(5)  A(3)  G(2) 
   4396485 222.71 || noQ Q (Avg,Max,Min) (0.94, 1.08, 0.51) (0.51, 0.15, 0.93) #fs:   7  -- #Conts: 9 H(5)  A(2)  G(2) 
   4416061 207.94 || noQ Q (Avg,Max,Min) (0.95, 1.10, 0.49) (0.45, 0.16, 1.06) #fs:   9  -- #Conts: 12 H(4)  A(3)  G(5) 
   4471583 206.94 || noQ Q (Avg,Max,Min) (1.01, 1.10, 0.87) (0.45, 0.15, 1.07) #fs:   7  -- #Conts: 12 H(3)  A(2)  G(7) 
   4711137 198.88 || noQ Q (Avg,Max,Min) (0.95, 1.10, 0.50) (0.47, 0.16, 1.06) #fs:   9  -- #Conts: 12 H(4)  A(3)  G(4)  E(1) 
   4715022 192.18 || noQ Q (Avg,Max,Min) (0.95, 1.10, 0.50) (0.49, 0.16, 1.06) #fs:   9  -- #Conts: 11 H(4)  A(3)  G(4) 
   4716716 191.18 || noQ Q (Avg,Max,Min) (1.00, 1.10, 0.87) (0.49, 0.20, 1.07) #fs:   7  -- #Conts: 11 H(3)  A(2)  G(6) 
   4857242 176.41 || noQ Q (Avg,Max,Min) (0.94, 1.10, 0.55) (0.53, 0.16, 1.06) #fs:   9  -- #Conts: 10 H(4)  A(3)  G(3) 
   4870999 175.41 || noQ Q (Avg,Max,Min) (1.00, 1.10, 0.87) (0.54, 0.24, 1.07) #fs:   7  -- #Conts: 10 H(3)  A(2)  G(5) 
   5024281 166.35 || noQ Q (Avg,Max,Min) (1.00, 1.10, 0.87) (0.57, 0.24, 1.07) #fs:   8  -- #Conts: 10 H(3)  A(2)  G(4)  E(1) 
   5026790 159.65 || noQ Q (Avg,Max,Min) (1.00, 1.10, 0.87) (0.60, 0.26, 1.07) #fs:   7  -- #Conts: 9 H(3)  A(2)  G(4) 
   5088749 157.29 || noQ Q (Avg,Max,Min) (1.00, 1.10, 0.87) (0.59, 0.26, 1.07) #fs:   8  -- #Conts: 10 H(3)  A(2)  G(3)  E(2) 
   5098782 150.59 || noQ Q (Avg,Max,Min) (1.00, 1.10, 0.87) (0.63, 0.33, 1.07) #fs:   7  -- #Conts: 9 H(3)  A(2)  G(3)  E(1) 
   5292243 148.24 || noQ Q (Avg,Max,Min) (1.00, 1.10, 0.87) (0.61, 0.33, 1.07) #fs:   7  -- #Conts: 10 H(3)  A(2)  G(2)  E(3) 
   5448857 145.88 || noQ Q (Avg,Max,Min) (1.00, 1.10, 0.87) (0.60, 0.33, 1.07) #fs:   7  -- #Conts: 11 H(3)  A(2)  G(1)  E(5) 
   5608073 143.18 || noQ Q (Avg,Max,Min) (0.99, 1.10, 0.87) (0.62, 0.33, 1.07) #fs:   8  -- #Conts: 11 H(3)  A(2)  G(1)  E(4)  C(1) 
   5695617 140.82 || noQ Q (Avg,Max,Min) (1.00, 1.10, 0.87) (0.63, 0.33, 1.07) #fs:   7  -- #Conts: 12 H(3)  A(2)  E(6)  C(1) 
   5837995 134.82 || noQ Q (Avg,Max,Min) (1.00, 1.10, 0.87) (0.71, 0.33, 1.07) #fs:   8  -- #Conts: 8 H(3)  A(2)  G(2)  E(1) 
   5950720 132.12 || noQ Q (Avg,Max,Min) (1.00, 1.10, 0.87) (0.73, 0.33, 1.07) #fs:   7  -- #Conts: 8 H(3)  A(2)  G(2)  C(1) 
   6218824 131.06 || noQ Q (Avg,Max,Min) (0.99, 1.10, 0.87) (0.72, 0.33, 1.07) #fs:   8  -- #Conts: 10 H(3)  A(2)  G(1)  E(1)  C(3) 
   6263650 128.35 || noQ Q (Avg,Max,Min) (1.00, 1.10, 0.87) (0.75, 0.33, 1.07) #fs:   8  -- #Conts: 10 H(3)  A(2)  G(1)  C(4) 
   6386313 128.12 || noQ Q (Avg,Max,Min) (1.00, 1.10, 0.87) (0.78, 0.33, 1.07) #fs:   7  -- #Conts: 7 H(3)  A(2)  G(2) 
   6636832 127.06 || noQ Q (Avg,Max,Min) (1.00, 1.10, 0.87) (0.78, 0.33, 1.07) #fs:   7  -- #Conts: 9 H(3)  A(2)  G(1)  E(1)  C(2) 
   6761395 123.06 || noQ Q (Avg,Max,Min) (1.00, 1.10, 0.87) (0.81, 0.33, 1.07) #fs:   7  -- #Conts: 8 H(3)  A(2)  G(1)  E(1)  C(1) 
   7599204 118.29 || noQ Q (Avg,Max,Min) (0.98, 1.11, 0.81) (0.84, 0.72, 1.07) #fs:   6  -- #Conts: 10 H(1)  A(1)  G(3)  E(1)  C(4) 
  14023361 103.41 || noQ Q (Avg,Max,Min) (0.97, 1.07, 0.54) (0.85, 0.54, 1.06) #fs:   3  -- #Conts: 13 A(1)  G(1)  E(4)  C(7) 
  16465852 102.41 || noQ Q (Avg,Max,Min) (1.00, 1.07, 0.80) (0.88, 0.72, 1.06) #fs:   1  -- #Conts: 13 A(1)  G(1)  E(4)  C(7) 
  17597202 098.41 || noQ Q (Avg,Max,Min) (1.02, 1.09, 1.00) (0.92, 0.72, 1.06) #fs:   2  -- #Conts: 12 A(1)  G(1)  E(3)  C(7) 
/////////////////size: 33
nodes 50 edges 60
 mulT: 30 mulD: 5000  sumData GB 7239
pareto /LIGO.n.50.0.dax time -> 1257.0
moheft /LIGO.n.50.0.dax time -> 227.0
distance from M to C 1.2478187366042641
distance from P to C 1.7576940521890705
distance from C to M 2.1667274095740727
distance from C to P 3.3132949054398684
toCompare: /LIGO.n.50.0.dax sumDataGB: 7239 mulT: 30 mulD: 5000 paretoOptTime_MS: 1257.0 MoheftOptimizationTime_MS: 227.0 MtoC 1.2478187366042641 PtoC 1.7576940521890705 CtoM 2.1667274095740727 CtoP 3.3132949054398684
