specify -Dflow d,b,mt,md,size
Running /home/vaggelis/jc/CYBERSHAKE.n.50.0.dax mt 1000 md: 10000 size null
  22775703 504.47 || noQ Q (Avg,Max,Min) (1.16, 3.16, 0.04) (1.11, 0.02, 3.15) #fs:   5  -- #Conts: 5 H(5) 
  22824469 472.94 || noQ Q (Avg,Max,Min) (1.44, 3.16, 0.04) (1.38, 0.04, 3.15) #fs:   4  -- #Conts: 4 H(4) 
  22944661 441.41 || noQ Q (Avg,Max,Min) (1.91, 3.16, 0.05) (1.83, 0.04, 3.15) #fs:   2  -- #Conts: 3 H(3) 
  23072618 409.88 || noQ Q (Avg,Max,Min) (2.83, 3.16, 2.51) (2.73, 2.30, 3.15) #fs:   0  -- #Conts: 2 H(2) 
  39460508 380.35 || noQ Q (Avg,Max,Min) (1.07, 2.29, 0.07) (0.97, 0.07, 2.29) #fs:   4  -- #Conts: 5 G(4)  A(1) 
  87938472 360.12 || noQ Q (Avg,Max,Min) (1.01, 1.56, 0.06) (0.82, 0.05, 1.56) #fs:   1  -- #Conts: 4 G(1)  E(3) 
  88020549 342.00 || noQ Q (Avg,Max,Min) (1.02, 1.56, 0.12) (0.84, 0.12, 1.56) #fs:   1  -- #Conts: 4 E(4) 
  88062629 335.29 || noQ Q (Avg,Max,Min) (1.25, 1.56, 1.01) (0.86, 0.19, 1.56) #fs:   0  -- #Conts: 4 E(4) 
  88369617 328.59 || noQ Q (Avg,Max,Min) (1.32, 1.56, 1.02) (1.12, 0.43, 1.56) #fs:   0  -- #Conts: 3 E(3) 
  89878162 321.88 || noQ Q (Avg,Max,Min) (1.48, 1.56, 1.39) (1.47, 1.39, 1.56) #fs:   0  -- #Conts: 2 E(2) 
/////////////////size: 10
  22772476 431.65 || noQ Q (Avg,Max,Min) (1.64, 3.16, 1.00) (1.15, 0.01, 3.16) #fs:   0  -- #Conts: 6 H(2)  A(2)  G(1)  C(1) 
  22781203 422.59 || noQ Q (Avg,Max,Min) (1.62, 3.16, 1.00) (1.15, 0.00, 3.16) #fs:   0  -- #Conts: 6 H(2)  A(2)  E(1)  C(1) 
  22783934 415.88 || noQ Q (Avg,Max,Min) (1.74, 3.16, 1.00) (1.37, 0.27, 3.16) #fs:   0  -- #Conts: 5 H(2)  A(2)  C(1) 
  22829175 413.88 || noQ Q (Avg,Max,Min) (1.82, 3.16, 0.78) (1.61, 0.45, 3.16) #fs:   2  -- #Conts: 4 H(2)  A(2) 
  22873741 412.88 || noQ Q (Avg,Max,Min) (1.80, 3.16, 0.75) (1.65, 0.45, 3.16) #fs:   2  -- #Conts: 4 H(2)  A(2) 
  22959496 411.88 || noQ Q (Avg,Max,Min) (2.15, 3.16, 0.78) (1.97, 0.45, 3.16) #fs:   1  -- #Conts: 3 H(2)  A(1) 
  22994608 410.88 || noQ Q (Avg,Max,Min) (2.13, 3.16, 0.71) (2.02, 0.61, 3.16) #fs:   1  -- #Conts: 3 H(2)  A(1) 
  23068546 409.88 || noQ Q (Avg,Max,Min) (2.83, 3.16, 2.51) (2.73, 2.30, 3.16) #fs:   0  -- #Conts: 2 H(2) 
  78544277 401.12 || noQ Q (Avg,Max,Min) (5.09, 17.85, 0.80) (3.35, 0.02, 10.26) #fs:   1  -- #Conts: 5 H(2)  G(1)  A(1)  C(1) 
  78563929 397.12 || noQ Q (Avg,Max,Min) (6.07, 17.69, 0.80) (4.18, 0.69, 10.27) #fs:   1  -- #Conts: 4 H(2)  G(1)  A(1) 
  78684282 396.12 || noQ Q (Avg,Max,Min) (5.83, 16.79, 0.75) (4.20, 0.74, 10.30) #fs:   1  -- #Conts: 4 H(2)  G(1)  A(1) 
  78865969 395.12 || noQ Q (Avg,Max,Min) (5.52, 15.59, 0.71) (4.18, 0.61, 10.36) #fs:   1  -- #Conts: 4 H(2)  G(1)  A(1) 
  78992687 394.12 || noQ Q (Avg,Max,Min) (6.88, 14.86, 2.62) (5.39, 2.62, 10.39) #fs:   0  -- #Conts: 3 H(2)  G(1) 
  81458207 393.76 || noQ Q (Avg,Max,Min) (3.63, 8.00, 0.75) (3.01, 0.74, 5.54) #fs:   1  -- #Conts: 4 H(2)  A(1)  E(1) 
  81867968 392.76 || noQ Q (Avg,Max,Min) (3.49, 7.47, 0.71) (2.99, 0.61, 5.59) #fs:   1  -- #Conts: 4 H(2)  A(1)  E(1) 
  82153757 391.76 || noQ Q (Avg,Max,Min) (4.31, 7.14, 2.62) (3.80, 2.62, 5.64) #fs:   0  -- #Conts: 3 H(2)  E(1) 
  85794058 391.35 || noQ Q (Avg,Max,Min) (2.81, 4.74, 0.71) (2.62, 0.61, 4.09) #fs:   1  -- #Conts: 4 H(2)  A(1)  C(1) 
  86287883 390.35 || noQ Q (Avg,Max,Min) (3.44, 4.56, 2.62) (3.30, 2.62, 4.14) #fs:   0  -- #Conts: 3 H(2)  C(1) 
  87912589 374.18 || noQ Q (Avg,Max,Min) (1.13, 1.56, 1.00) (0.77, 0.01, 1.56) #fs:   0  -- #Conts: 9 H(1)  A(5)  G(1)  E(2) 
  87915146 358.41 || noQ Q (Avg,Max,Min) (1.13, 1.56, 1.00) (0.86, 0.01, 1.56) #fs:   0  -- #Conts: 8 H(1)  A(5)  E(2) 
  87940786 343.65 || noQ Q (Avg,Max,Min) (1.12, 1.56, 0.82) (0.81, 0.02, 1.56) #fs:   1  -- #Conts: 7 A(4)  G(1)  E(2) 
  87999205 342.65 || noQ Q (Avg,Max,Min) (1.15, 1.56, 1.00) (0.85, 0.04, 1.56) #fs:   1  -- #Conts: 7 A(4)  G(1)  E(2) 
  88021191 331.88 || noQ Q (Avg,Max,Min) (1.12, 1.56, 0.82) (0.81, 0.02, 1.56) #fs:   1  -- #Conts: 7 A(4)  E(2)  C(1) 
  88065539 327.88 || noQ Q (Avg,Max,Min) (1.13, 1.56, 0.82) (0.94, 0.51, 1.56) #fs:   1  -- #Conts: 6 A(4)  E(2) 
  88205171 326.88 || noQ Q (Avg,Max,Min) (1.12, 1.56, 0.78) (1.00, 0.54, 1.56) #fs:   1  -- #Conts: 6 A(4)  E(2) 
  88304349 325.88 || noQ Q (Avg,Max,Min) (1.16, 1.56, 1.00) (1.06, 0.54, 1.56) #fs:   0  -- #Conts: 6 A(4)  E(2) 
  88761089 324.88 || noQ Q (Avg,Max,Min) (1.19, 1.56, 1.00) (1.08, 0.54, 1.56) #fs:   0  -- #Conts: 5 A(3)  E(2) 
  89015558 323.88 || noQ Q (Avg,Max,Min) (1.24, 1.56, 1.00) (1.21, 0.95, 1.56) #fs:   0  -- #Conts: 4 A(2)  E(2) 
  89460552 322.88 || noQ Q (Avg,Max,Min) (1.32, 1.56, 1.00) (1.30, 0.97, 1.56) #fs:   0  -- #Conts: 3 A(1)  E(2) 
  89913376 321.88 || noQ Q (Avg,Max,Min) (1.48, 1.56, 1.39) (1.47, 1.39, 1.56) #fs:   0  -- #Conts: 2 E(2) 
/////////////////size: 30
nodes 50 edges 92
 mulT: 1000 mulD: 10000  sumData GB 863024
pareto /CYBERSHAKE.n.50.0.dax time -> 498.0
moheft /CYBERSHAKE.n.50.0.dax time -> 201.0
distance from M to C 0.7000000000000007
distance from P to C 8.020991914971813
distance from C to M 0.41711229946523853
distance from C to P 2.25053553971914
toCompare: /CYBERSHAKE.n.50.0.dax sumDataGB: 863024 mulT: 1000 mulD: 10000 paretoOptTime_MS: 498.0 MoheftOptimizationTime_MS: 201.0 MtoC 0.7000000000000007 PtoC 8.020991914971813 CtoM 0.41711229946523853 CtoP 2.25053553971914
