specify -Dflow d,b,mt,md,size
Running /home/vaggelis/jc/CYBERSHAKE.n.100.0.dax mt 50 md: 10000 size null
   1934894 063.06 || noQ Q (Avg,Max,Min) (29.32, 31.37, 10.00) (15.76, 10.00, 16.85) #fs:   2  -- #Conts: 2 H(2) 
   3155715 047.29 || noQ Q (Avg,Max,Min) (18.56, 19.64, 10.00) (15.94, 10.00, 17.22) #fs:   1  -- #Conts: 2 H(1)  G(1) 
   3315269 031.53 || noQ Q (Avg,Max,Min) (17.52, 18.70, 10.00) (16.13, 10.00, 17.22) #fs:   2  -- #Conts: 2 G(2) 
/////////////////size: 3
   3694158 075.06 || noQ Q (Avg,Max,Min) (3.68, 30.67, 0.24) (1.64, 0.00, 15.74) #fs:   9  -- #Conts: 10 H(1)  A(8)  C(1) 
   3695475 071.06 || noQ Q (Avg,Max,Min) (3.96, 30.66, 0.28) (1.82, 0.02, 15.74) #fs:   9  -- #Conts: 9 H(1)  A(8) 
   3707635 070.06 || noQ Q (Avg,Max,Min) (4.40, 30.56, 0.28) (2.04, 0.02, 15.74) #fs:   7  -- #Conts: 8 H(1)  A(7) 
   3711434 069.06 || noQ Q (Avg,Max,Min) (4.88, 30.53, 0.28) (2.33, 0.02, 15.74) #fs:   7  -- #Conts: 7 H(1)  A(6) 
   3720822 068.06 || noQ Q (Avg,Max,Min) (5.58, 30.46, 0.30) (2.70, 0.02, 15.74) #fs:   6  -- #Conts: 6 H(1)  A(5) 
   3729772 067.06 || noQ Q (Avg,Max,Min) (6.48, 30.39, 0.30) (3.23, 0.03, 15.74) #fs:   6  -- #Conts: 5 H(1)  A(4) 
   3740225 066.06 || noQ Q (Avg,Max,Min) (8.00, 30.30, 0.31) (4.01, 0.03, 15.74) #fs:   5  -- #Conts: 4 H(1)  A(3) 
   3743737 065.06 || noQ Q (Avg,Max,Min) (10.30, 30.28, 0.31) (5.34, 0.10, 15.74) #fs:   5  -- #Conts: 3 H(1)  A(2) 
   3763695 064.06 || noQ Q (Avg,Max,Min) (15.22, 30.12, 0.31) (7.92, 0.10, 15.75) #fs:   2  -- #Conts: 2 H(1)  A(1) 
   3775611 063.06 || noQ Q (Avg,Max,Min) (30.03, 30.03, 10.00) (15.75, 10.00, 15.75) #fs:   0  -- #Conts: 1 H(1) 
 117796466 049.29 || noQ Q (Avg,Max,Min) (295.94, 829.96, 10.00) (20.82, 10.00, 31.44) #fs:   0  -- #Conts: 3 H(1)  G(1)  A(1) 
 117820889 048.29 || noQ Q (Avg,Max,Min) (226.21, 617.76, 10.00) (25.67, 10.00, 31.44) #fs:   0  -- #Conts: 3 H(1)  G(1)  A(1) 
 117881195 044.24 || noQ Q (Avg,Max,Min) (109.42, 378.48, 1.32) (15.62, 0.00, 31.44) #fs:   0  -- #Conts: 4 H(1)  A(1)  E(1)  C(1) 
 117885371 040.24 || noQ Q (Avg,Max,Min) (142.16, 368.62, 10.00) (20.82, 10.00, 31.44) #fs:   0  -- #Conts: 3 H(1)  A(1)  E(1) 
 117940448 039.24 || noQ Q (Avg,Max,Min) (111.79, 274.51, 10.00) (25.68, 10.00, 31.44) #fs:   0  -- #Conts: 3 H(1)  A(1)  E(1) 
 118001643 037.53 || noQ Q (Avg,Max,Min) (90.54, 213.77, 10.00) (20.83, 10.00, 31.44) #fs:   0  -- #Conts: 3 H(1)  A(1)  C(1) 
 118096805 036.53 || noQ Q (Avg,Max,Min) (73.39, 159.30, 10.00) (25.69, 10.00, 31.44) #fs:   0  -- #Conts: 3 H(1)  A(1)  C(1) 
 118917641 035.53 || noQ Q (Avg,Max,Min) (27.30, 50.27, 1.07) (15.69, 0.01, 31.44) #fs:   0  -- #Conts: 4 H(1)  A(3) 
 118949641 034.53 || noQ Q (Avg,Max,Min) (35.62, 48.98, 10.00) (20.92, 10.00, 31.44) #fs:   0  -- #Conts: 3 H(1)  A(2) 
 119371639 033.53 || noQ Q (Avg,Max,Min) (32.52, 36.70, 10.00) (25.81, 10.00, 31.44) #fs:   0  -- #Conts: 3 H(1)  A(2) 
 120195258 033.47 || noQ Q (Avg,Max,Min) (85.32, 274.93, 10.00) (59.45, 10.00, 173.44) #fs:   0  -- #Conts: 7 G(1)  A(4)  E(1)  C(1) 
 120349148 032.47 || noQ Q (Avg,Max,Min) (83.95, 257.56, 10.00) (62.01, 10.00, 173.50) #fs:   1  -- #Conts: 7 G(1)  A(4)  E(1)  C(1) 
 120540737 031.47 || noQ Q (Avg,Max,Min) (91.99, 277.69, 10.00) (72.25, 10.00, 201.75) #fs:   0  -- #Conts: 6 G(1)  A(3)  E(1)  C(1) 
 121005418 030.47 || noQ Q (Avg,Max,Min) (69.84, 262.68, 10.00) (62.57, 10.00, 224.83) #fs:   2  -- #Conts: 6 G(1)  A(4)  E(1) 
 121176209 029.47 || noQ Q (Avg,Max,Min) (72.90, 282.59, 10.00) (67.60, 10.00, 255.28) #fs:   0  -- #Conts: 6 G(1)  A(4)  E(1) 
/////////////////size: 25
nodes 100 edges 192
 mulT: 50 mulD: 10000  sumData GB 975992
pareto /CYBERSHAKE.n.100.0.dax time -> 227.0
moheft /CYBERSHAKE.n.100.0.dax time -> 770.0
distance from M to C 1.3646846443282135
distance from P to C 0.0
distance from C to M 0.5306021802602076
distance from C to P 3.561090421439463
toCompare: /CYBERSHAKE.n.100.0.dax sumDataGB: 975992 mulT: 50 mulD: 10000 paretoOptTime_MS: 227.0 MoheftOptimizationTime_MS: 770.0 MtoC 1.3646846443282135 PtoC 0.0 CtoM 0.5306021802602076 CtoP 3.561090421439463
