specify -Dflow d,b,mt,md,size
Running /home/vaggelis/jc/CYBERSHAKE.n.50.0.dax mt 50 md: 5000 size null
   1138983 063.06 || noQ Q (Avg,Max,Min) (18.86, 21.41, 10.00) (5.97, 5.16, 6.77) #fs:   1  -- #Conts: 2 H(2) 
   1872940 047.29 || noQ Q (Avg,Max,Min) (11.68, 13.43, 9.93) (6.08, 5.16, 6.99) #fs:   2  -- #Conts: 2 H(1)  G(1) 
   1954585 031.53 || noQ Q (Avg,Max,Min) (11.41, 12.89, 9.93) (6.19, 5.39, 6.99) #fs:   1  -- #Conts: 2 G(2) 
   4232025 029.18 || noQ Q (Avg,Max,Min) (8.22, 9.94, 6.50) (4.61, 3.82, 5.39) #fs:   0  -- #Conts: 2 G(1)  E(1) 
   4405911 026.82 || noQ Q (Avg,Max,Min) (5.61, 6.25, 4.97) (3.43, 3.03, 3.82) #fs:   1  -- #Conts: 2 E(2) 
   7198834 021.41 || noQ Q (Avg,Max,Min) (3.64, 4.23, 3.05) (3.64, 3.05, 4.23) #fs:   6  -- #Conts: 2 E(1)  C(1) 
   7717761 020.00 || noQ Q (Avg,Max,Min) (3.75, 4.23, 3.26) (3.28, 2.33, 4.23) #fs:   0  -- #Conts: 2 C(2) 
  33797008 019.00 || noQ Q (Avg,Max,Min) (1.62, 1.72, 1.52) (1.57, 1.42, 1.72) #fs:   0  -- #Conts: 2 A(2) 
/////////////////size: 8
   1804567 047.29 || noQ Q (Avg,Max,Min) (12.11, 13.90, 10.00) (6.07, 5.18, 6.97) #fs:   5  -- #Conts: 2 H(1)  G(1) 
   2190105 047.24 || noQ Q (Avg,Max,Min) (3.13, 19.59, 0.12) (1.53, 0.00, 11.92) #fs:   3  -- #Conts: 8 H(1)  A(5)  E(1)  C(1) 
   2190221 040.53 || noQ Q (Avg,Max,Min) (3.43, 19.59, 0.12) (1.75, 0.01, 11.92) #fs:   3  -- #Conts: 7 H(1)  A(5)  C(1) 
   2192450 036.53 || noQ Q (Avg,Max,Min) (3.82, 19.57, 0.12) (2.04, 0.02, 11.92) #fs:   3  -- #Conts: 6 H(1)  A(5) 
   2194679 035.53 || noQ Q (Avg,Max,Min) (4.55, 19.55, 0.16) (2.45, 0.05, 11.92) #fs:   2  -- #Conts: 5 H(1)  A(4) 
   2201145 034.53 || noQ Q (Avg,Max,Min) (5.64, 19.50, 1.02) (3.05, 0.05, 11.92) #fs:   0  -- #Conts: 4 H(1)  A(3) 
   2206464 033.53 || noQ Q (Avg,Max,Min) (7.16, 19.45, 1.02) (4.05, 0.08, 11.92) #fs:   0  -- #Conts: 3 H(1)  A(2) 
   2215459 032.53 || noQ Q (Avg,Max,Min) (10.20, 19.38, 1.02) (6.04, 0.15, 11.93) #fs:   0  -- #Conts: 2 H(1)  A(1) 
   2233312 031.53 || noQ Q (Avg,Max,Min) (19.23, 19.23, 10.00) (11.93, 10.00, 11.93) #fs:   0  -- #Conts: 1 H(1) 
  47160841 031.47 || noQ Q (Avg,Max,Min) (53.57, 85.79, 0.07) (6.38, 0.02, 12.31) #fs:   3  -- #Conts: 5 G(1)  A(1)  E(1)  C(2) 
  47164382 030.47 || noQ Q (Avg,Max,Min) (66.06, 84.63, 10.00) (7.98, 6.51, 12.31) #fs:   3  -- #Conts: 4 G(1)  E(1)  C(2) 
  47180018 028.76 || noQ Q (Avg,Max,Min) (50.44, 80.21, 0.78) (6.39, 0.03, 12.31) #fs:   2  -- #Conts: 5 G(1)  A(1)  C(3) 
  47187901 027.76 || noQ Q (Avg,Max,Min) (61.33, 78.08, 10.00) (7.99, 6.54, 12.31) #fs:   1  -- #Conts: 4 G(1)  C(3) 
  47203975 027.47 || noQ Q (Avg,Max,Min) (58.04, 145.99, 0.07) (7.97, 0.02, 13.01) #fs:   2  -- #Conts: 4 G(1)  A(1)  E(1)  C(1) 
  47208770 026.47 || noQ Q (Avg,Max,Min) (76.22, 143.91, 10.00) (10.63, 6.55, 13.01) #fs:   0  -- #Conts: 3 G(1)  E(1)  C(1) 
  47357766 025.47 || noQ Q (Avg,Max,Min) (32.68, 148.02, 1.02) (6.38, 0.01, 19.51) #fs:   0  -- #Conts: 5 G(1)  A(3)  E(1) 
  47362464 024.47 || noQ Q (Avg,Max,Min) (40.24, 146.58, 1.02) (7.98, 0.03, 19.52) #fs:   0  -- #Conts: 4 G(1)  A(2)  E(1) 
  47376885 023.47 || noQ Q (Avg,Max,Min) (51.89, 142.33, 1.02) (10.62, 0.04, 19.52) #fs:   0  -- #Conts: 3 G(1)  A(1)  E(1) 
  47397113 022.47 || noQ Q (Avg,Max,Min) (74.54, 136.77, 10.00) (15.92, 10.00, 19.53) #fs:   0  -- #Conts: 2 G(1)  E(1) 
  47699660 021.76 || noQ Q (Avg,Max,Min) (24.96, 86.48, 0.07) (8.00, 0.02, 19.61) #fs:   2  -- #Conts: 4 G(1)  A(2)  C(1) 
  47711050 020.76 || noQ Q (Avg,Max,Min) (32.89, 85.35, 1.01) (10.67, 0.08, 19.61) #fs:   1  -- #Conts: 3 G(1)  A(1)  C(1) 
  47771247 019.76 || noQ Q (Avg,Max,Min) (45.94, 79.58, 10.00) (15.97, 10.00, 19.63) #fs:   0  -- #Conts: 2 G(1)  C(1) 
  48231438 018.76 || noQ Q (Avg,Max,Min) (16.81, 18.46, 10.00) (8.20, 6.81, 12.31) #fs:   1  -- #Conts: 4 G(1)  A(3) 
  49229159 017.76 || noQ Q (Avg,Max,Min) (14.68, 20.83, 10.00) (10.93, 6.91, 13.57) #fs:   1  -- #Conts: 3 G(1)  A(2) 
/////////////////size: 24
nodes 50 edges 92
 mulT: 50 mulD: 5000  sumData GB 431512
pareto /CYBERSHAKE.n.50.0.dax time -> 169.0
moheft /CYBERSHAKE.n.50.0.dax time -> 233.0
distance from M to C 1.06621791737167
distance from P to C 0.0
distance from C to M 1.7393506052561647
distance from C to P 0.33780430354087726
toCompare: /CYBERSHAKE.n.50.0.dax sumDataGB: 431512 mulT: 50 mulD: 5000 paretoOptTime_MS: 169.0 MoheftOptimizationTime_MS: 233.0 MtoC 1.06621791737167 PtoC 0.0 CtoM 1.7393506052561647 CtoP 0.33780430354087726
