specify -Dflow d,b,mt,md,size
Running /home/vaggelis/jc/CYBERSHAKE.n.50.0.dax mt 10 md: 20000 size null
    232028 063.06 || noQ Q (Avg,Max,Min) (355.79, 409.79, 10.00) (22.69, 10.00, 25.93) #fs:   1  -- #Conts: 2 H(2) 
    375154 047.29 || noQ Q (Avg,Max,Min) (219.45, 249.25, 10.00) (22.71, 10.00, 25.97) #fs:   1  -- #Conts: 2 H(1)  G(1) 
    394386 031.53 || noQ Q (Avg,Max,Min) (208.75, 239.54, 10.00) (22.74, 10.00, 25.97) #fs:   1  -- #Conts: 2 G(2) 
    765522 015.76 || noQ Q (Avg,Max,Min) (213.77, 213.77, 10.00) (45.46, 10.00, 45.46) #fs:   0  -- #Conts: 1 G(1) 
    883715 013.41 || noQ Q (Avg,Max,Min) (93.37, 106.76, 10.00) (22.87, 10.00, 26.10) #fs:   1  -- #Conts: 2 E(2) 
   1461822 010.71 || noQ Q (Avg,Max,Min) (57.38, 64.71, 10.00) (22.95, 10.00, 26.28) #fs:   1  -- #Conts: 2 E(1)  C(1) 
   1523666 008.00 || noQ Q (Avg,Max,Min) (54.50, 62.19, 10.00) (23.04, 10.00, 26.28) #fs:   1  -- #Conts: 2 C(2) 
   1726468 006.71 || noQ Q (Avg,Max,Min) (95.34, 95.34, 10.00) (45.72, 10.00, 45.72) #fs:   0  -- #Conts: 1 E(1) 
   2983214 004.00 || noQ Q (Avg,Max,Min) (55.60, 55.60, 10.00) (46.07, 10.00, 46.07) #fs:   0  -- #Conts: 1 C(1) 
/////////////////size: 9
    364733 047.29 || noQ Q (Avg,Max,Min) (225.03, 256.22, 10.00) (22.71, 10.00, 25.96) #fs:   3  -- #Conts: 2 H(1)  G(1) 
    438503 039.53 || noQ Q (Avg,Max,Min) (63.44, 372.44, 0.28) (7.58, 0.00, 45.37) #fs:   1  -- #Conts: 6 H(1)  A(4)  C(1) 
    438760 035.53 || noQ Q (Avg,Max,Min) (75.34, 372.22, 0.28) (9.09, 0.02, 45.37) #fs:   1  -- #Conts: 5 H(1)  A(4) 
    440523 034.53 || noQ Q (Avg,Max,Min) (93.43, 370.73, 0.28) (11.36, 0.02, 45.37) #fs:   1  -- #Conts: 4 H(1)  A(3) 
    441821 033.53 || noQ Q (Avg,Max,Min) (124.12, 369.65, 1.33) (15.14, 0.02, 45.37) #fs:   0  -- #Conts: 3 H(1)  A(2) 
    443400 032.53 || noQ Q (Avg,Max,Min) (184.83, 368.34, 1.33) (22.70, 0.04, 45.37) #fs:   0  -- #Conts: 2 H(1)  A(1) 
    446685 031.53 || noQ Q (Avg,Max,Min) (365.63, 365.63, 10.00) (45.37, 10.00, 45.37) #fs:   0  -- #Conts: 1 H(1) 
    750697 030.47 || noQ Q (Avg,Max,Min) (32.53, 217.97, 0.82) (6.51, 0.00, 45.45) #fs:   1  -- #Conts: 7 G(1)  A(4)  E(1)  C(1) 
    750745 023.76 || noQ Q (Avg,Max,Min) (37.72, 217.95, 0.82) (7.59, 0.00, 45.45) #fs:   1  -- #Conts: 6 G(1)  A(4)  C(1) 
    751093 022.76 || noQ Q (Avg,Max,Min) (44.89, 217.85, 0.82) (9.11, 0.00, 45.45) #fs:   1  -- #Conts: 5 G(1)  A(3)  C(1) 
    751509 019.76 || noQ Q (Avg,Max,Min) (44.29, 217.73, 0.11) (9.11, 0.01, 45.45) #fs:   2  -- #Conts: 5 G(1)  A(4) 
    752274 018.76 || noQ Q (Avg,Max,Min) (55.28, 217.51, 0.82) (11.39, 0.01, 45.45) #fs:   1  -- #Conts: 4 G(1)  A(3) 
    753889 017.76 || noQ Q (Avg,Max,Min) (73.28, 217.05, 1.36) (15.18, 0.01, 45.45) #fs:   0  -- #Conts: 3 G(1)  A(2) 
    755644 016.76 || noQ Q (Avg,Max,Min) (108.95, 216.55, 1.35) (22.76, 0.06, 45.45) #fs:   0  -- #Conts: 2 G(1)  A(1) 
    765522 015.76 || noQ Q (Avg,Max,Min) (213.77, 213.77, 10.00) (45.46, 10.00, 45.46) #fs:   0  -- #Conts: 1 G(1) 
   1408104 010.71 || noQ Q (Avg,Max,Min) (58.71, 67.11, 10.00) (22.95, 10.00, 26.25) #fs:   4  -- #Conts: 2 E(1)  C(1) 
   1693154 008.71 || noQ Q (Avg,Max,Min) (32.62, 97.20, 0.25) (15.27, 0.05, 45.71) #fs:   4  -- #Conts: 3 A(2)  E(1) 
   1708585 007.71 || noQ Q (Avg,Max,Min) (48.39, 96.33, 0.46) (22.88, 0.05, 45.72) #fs:   2  -- #Conts: 2 A(1)  E(1) 
   1726468 006.71 || noQ Q (Avg,Max,Min) (95.34, 95.34, 10.00) (45.72, 10.00, 45.72) #fs:   0  -- #Conts: 1 E(1) 
   2925658 006.00 || noQ Q (Avg,Max,Min) (19.02, 56.67, 0.11) (15.39, 0.05, 46.06) #fs:   5  -- #Conts: 3 A(2)  C(1) 
   2945578 005.00 || noQ Q (Avg,Max,Min) (28.31, 56.30, 0.33) (23.06, 0.06, 46.06) #fs:   3  -- #Conts: 2 A(1)  C(1) 
   2983214 004.00 || noQ Q (Avg,Max,Min) (55.60, 55.60, 10.00) (46.07, 10.00, 46.07) #fs:   0  -- #Conts: 1 C(1) 
/////////////////size: 22
nodes 50 edges 92
 mulT: 10 mulD: 20000  sumData GB 1726048
pareto /CYBERSHAKE.n.50.0.dax time -> 179.0
moheft /CYBERSHAKE.n.50.0.dax time -> 205.0
distance from M to C 0.5000000000000007
distance from P to C 0.0
distance from C to M 0.12074303405572757
distance from C to P 1.0644230802249866
toCompare: /CYBERSHAKE.n.50.0.dax sumDataGB: 1726048 mulT: 10 mulD: 20000 paretoOptTime_MS: 179.0 MoheftOptimizationTime_MS: 205.0 MtoC 0.5000000000000007 PtoC 0.0 CtoM 0.12074303405572757 CtoP 1.0644230802249866
