specify -Dflow d,b,mt,md,size
Running /home/vaggelis/jc/LIGO.n.50.0.dax mt 100 md: 5000 size null
   4928017 693.65 || noQ Q (Avg,Max,Min) (0.88, 1.02, 0.68) (0.56, 0.38, 0.96) #fs:  12  -- #Conts: 12 H(11)  G(1) 
   4977921 662.12 || noQ Q (Avg,Max,Min) (0.90, 1.02, 0.77) (0.59, 0.43, 0.96) #fs:  12  -- #Conts: 12 H(10)  G(2) 
   5169051 630.59 || noQ Q (Avg,Max,Min) (0.89, 1.01, 0.80) (0.61, 0.49, 0.96) #fs:  13  -- #Conts: 12 H(9)  G(3) 
   6386740 599.06 || noQ Q (Avg,Max,Min) (0.88, 1.10, 0.64) (0.63, 0.51, 0.97) #fs:  12  -- #Conts: 11 H(11) 
   6596361 583.29 || noQ Q (Avg,Max,Min) (0.88, 1.06, 0.62) (0.66, 0.52, 0.97) #fs:  13  -- #Conts: 11 H(10)  G(1) 
   7201918 567.53 || noQ Q (Avg,Max,Min) (0.87, 1.10, 0.64) (0.66, 0.51, 0.97) #fs:  12  -- #Conts: 10 H(10) 
   7411539 551.76 || noQ Q (Avg,Max,Min) (0.87, 1.06, 0.62) (0.69, 0.52, 0.97) #fs:  13  -- #Conts: 10 H(9)  G(1) 
   7442001 536.00 || noQ Q (Avg,Max,Min) (0.86, 1.10, 0.64) (0.69, 0.51, 0.97) #fs:  12  -- #Conts: 10 H(10) 
   7651622 520.24 || noQ Q (Avg,Max,Min) (0.86, 1.06, 0.62) (0.72, 0.52, 0.97) #fs:  13  -- #Conts: 10 H(9)  G(1) 
   7722730 488.71 || noQ Q (Avg,Max,Min) (0.95, 1.05, 0.70) (0.77, 0.55, 1.00) #fs:  11  -- #Conts: 17 H(4)  G(13) 
   7766471 472.94 || noQ Q (Avg,Max,Min) (0.95, 1.05, 0.70) (0.79, 0.55, 1.00) #fs:  11  -- #Conts: 17 H(3)  G(14) 
   7814611 457.18 || noQ Q (Avg,Max,Min) (0.95, 1.05, 0.69) (0.82, 0.55, 1.00) #fs:  11  -- #Conts: 17 H(2)  G(15) 
   7982102 441.41 || noQ Q (Avg,Max,Min) (0.94, 1.05, 0.67) (0.84, 0.55, 1.00) #fs:  11  -- #Conts: 17 H(1)  G(16) 
   8558308 409.88 || noQ Q (Avg,Max,Min) (0.92, 1.03, 0.62) (0.84, 0.57, 1.00) #fs:  10  -- #Conts: 17 G(17) 
   9332154 398.47 || noQ Q (Avg,Max,Min) (0.94, 1.03, 0.67) (0.86, 0.61, 1.00) #fs:  11  -- #Conts: 17 G(16)  E(1) 
  10296902 394.12 || noQ Q (Avg,Max,Min) (0.94, 1.05, 0.62) (0.86, 0.57, 1.00) #fs:   9  -- #Conts: 17 G(17) 
  10454698 378.35 || noQ Q (Avg,Max,Min) (0.96, 1.05, 0.67) (0.88, 0.61, 1.00) #fs:   8  -- #Conts: 17 G(17) 
  18474649 362.12 || noQ Q (Avg,Max,Min) (0.97, 1.02, 0.85) (0.84, 0.57, 0.98) #fs:  11  -- #Conts: 17 E(17) 
  18757805 360.71 || noQ Q (Avg,Max,Min) (0.97, 1.02, 0.85) (0.84, 0.57, 0.98) #fs:  12  -- #Conts: 17 E(16)  C(1) 
  20900323 354.00 || noQ Q (Avg,Max,Min) (0.98, 1.09, 0.86) (0.88, 0.73, 1.01) #fs:   5  -- #Conts: 17 E(16)  C(1) 
  24098904 347.29 || noQ Q (Avg,Max,Min) (0.98, 1.09, 0.86) (0.89, 0.81, 1.01) #fs:   5  -- #Conts: 16 E(15)  C(1) 
  26007638 342.00 || noQ Q (Avg,Max,Min) (0.97, 1.09, 0.86) (0.91, 0.83, 1.01) #fs:   5  -- #Conts: 14 E(14) 
  44559419 340.00 || noQ Q (Avg,Max,Min) (1.00, 1.02, 0.88) (0.92, 0.83, 1.02) #fs:   3  -- #Conts: 18 C(18) 
  47742969 336.00 || noQ Q (Avg,Max,Min) (1.00, 1.02, 0.98) (0.93, 0.84, 1.02) #fs:   2  -- #Conts: 17 C(17) 
  50972532 332.00 || noQ Q (Avg,Max,Min) (1.00, 1.02, 0.98) (0.95, 0.84, 1.02) #fs:   2  -- #Conts: 16 C(16) 
  54699529 328.00 || noQ Q (Avg,Max,Min) (1.00, 1.02, 0.98) (0.96, 0.91, 1.02) #fs:   2  -- #Conts: 15 C(15) 
/////////////////size: 26
   8252901 585.29 || noQ Q (Avg,Max,Min) (0.99, 1.04, 0.69) (0.64, 0.38, 1.02) #fs:   5  -- #Conts: 23 H(10)  A(2)  G(11) 
   8261097 569.53 || noQ Q (Avg,Max,Min) (1.02, 1.17, 0.89) (0.65, 0.36, 1.02) #fs:   3  -- #Conts: 25 H(12)  A(2)  G(11) 
   8317066 553.76 || noQ Q (Avg,Max,Min) (1.01, 1.17, 0.89) (0.66, 0.38, 1.02) #fs:   4  -- #Conts: 24 H(11)  A(2)  G(11) 
   8444966 538.00 || noQ Q (Avg,Max,Min) (1.02, 1.17, 0.95) (0.68, 0.38, 1.02) #fs:   2  -- #Conts: 24 H(11)  A(2)  G(11) 
   9237873 522.24 || noQ Q (Avg,Max,Min) (1.01, 1.17, 0.92) (0.68, 0.38, 1.02) #fs:   4  -- #Conts: 23 H(10)  A(2)  G(11) 
   9422847 506.47 || noQ Q (Avg,Max,Min) (1.02, 1.17, 0.95) (0.71, 0.46, 1.02) #fs:   3  -- #Conts: 23 H(10)  A(2)  G(11) 
   9597689 490.71 || noQ Q (Avg,Max,Min) (0.99, 1.17, 0.57) (0.71, 0.46, 1.02) #fs:   6  -- #Conts: 22 H(9)  A(2)  G(11) 
   9725786 459.18 || noQ Q (Avg,Max,Min) (1.00, 1.17, 0.87) (0.75, 0.49, 1.02) #fs:   7  -- #Conts: 21 H(8)  A(2)  G(11) 
  11376816 457.18 || noQ Q (Avg,Max,Min) (1.02, 1.19, 0.98) (0.78, 0.49, 1.00) #fs:   4  -- #Conts: 19 H(8)  G(11) 
  11653104 425.65 || noQ Q (Avg,Max,Min) (1.02, 1.19, 0.98) (0.82, 0.49, 1.01) #fs:   4  -- #Conts: 18 H(7)  G(11) 
  12420244 420.59 || noQ Q (Avg,Max,Min) (1.02, 1.17, 0.96) (0.77, 0.49, 1.00) #fs:   3  -- #Conts: 21 H(4)  A(2)  G(12)  E(3) 
  12646135 402.47 || noQ Q (Avg,Max,Min) (1.02, 1.17, 0.96) (0.79, 0.49, 1.00) #fs:   3  -- #Conts: 21 H(3)  A(2)  G(12)  E(4) 
  12740384 386.71 || noQ Q (Avg,Max,Min) (1.01, 1.17, 0.93) (0.79, 0.49, 1.00) #fs:   5  -- #Conts: 20 H(2)  A(2)  G(12)  E(4) 
  13031553 381.29 || noQ Q (Avg,Max,Min) (1.01, 1.17, 0.92) (0.81, 0.49, 1.00) #fs:   5  -- #Conts: 20 H(2)  A(2)  G(12)  E(3)  C(1) 
  15281817 380.00 || noQ Q (Avg,Max,Min) (1.01, 1.17, 0.93) (0.81, 0.49, 1.00) #fs:   4  -- #Conts: 19 H(2)  A(2)  G(12)  E(3) 
  19907994 376.59 || noQ Q (Avg,Max,Min) (1.01, 1.17, 0.92) (0.81, 0.49, 1.00) #fs:   4  -- #Conts: 21 H(1)  A(2)  G(12)  E(5)  C(1) 
  20191972 374.59 || noQ Q (Avg,Max,Min) (1.01, 1.19, 0.92) (0.84, 0.49, 1.00) #fs:   6  -- #Conts: 18 H(1)  G(11)  E(5)  C(1) 
  21413539 374.47 || noQ Q (Avg,Max,Min) (1.00, 1.19, 0.80) (0.88, 0.64, 1.00) #fs:   2  -- #Conts: 20 H(1)  G(7)  E(11)  C(1) 
  21443094 358.71 || noQ Q (Avg,Max,Min) (1.01, 1.19, 0.89) (0.89, 0.69, 1.00) #fs:   1  -- #Conts: 20 H(1)  G(7)  E(11)  C(1) 
  21704474 355.88 || noQ Q (Avg,Max,Min) (1.01, 1.19, 0.88) (0.91, 0.72, 1.00) #fs:   3  -- #Conts: 19 H(1)  G(7)  E(9)  C(2) 
  22085432 354.59 || noQ Q (Avg,Max,Min) (1.01, 1.19, 0.88) (0.91, 0.73, 1.00) #fs:   3  -- #Conts: 19 H(1)  G(7)  E(9)  C(2) 
  25691103 349.29 || noQ Q (Avg,Max,Min) (1.01, 1.19, 0.78) (0.92, 0.72, 1.00) #fs:   3  -- #Conts: 19 H(1)  G(7)  E(9)  C(2) 
  26433764 344.00 || noQ Q (Avg,Max,Min) (1.01, 1.19, 0.82) (0.93, 0.80, 1.00) #fs:   1  -- #Conts: 18 H(1)  G(7)  E(9)  C(1) 
  29294725 343.88 || noQ Q (Avg,Max,Min) (1.02, 1.19, 0.93) (0.94, 0.83, 1.00) #fs:   1  -- #Conts: 17 H(1)  G(7)  E(8)  C(1) 
  29318212 342.47 || noQ Q (Avg,Max,Min) (1.01, 1.19, 0.78) (0.93, 0.72, 1.00) #fs:   3  -- #Conts: 17 H(1)  G(7)  E(7)  C(2) 
  30823175 341.18 || noQ Q (Avg,Max,Min) (1.01, 1.19, 0.78) (0.94, 0.72, 1.00) #fs:   3  -- #Conts: 17 H(1)  G(7)  E(7)  C(2) 
  31639528 337.29 || noQ Q (Avg,Max,Min) (1.01, 1.19, 0.82) (0.94, 0.81, 1.00) #fs:   1  -- #Conts: 17 H(1)  G(7)  E(8)  C(1) 
  40460154 331.24 || noQ Q (Avg,Max,Min) (1.01, 1.04, 0.99) (0.93, 0.73, 1.04) #fs:   2  -- #Conts: 14 A(2)  G(6)  E(5)  C(1) 
  40572787 325.94 || noQ Q (Avg,Max,Min) (1.01, 1.04, 0.99) (0.95, 0.78, 1.04) #fs:   2  -- #Conts: 13 A(2)  G(6)  E(5) 
  45680481 323.59 || noQ Q (Avg,Max,Min) (1.01, 1.04, 1.00) (0.95, 0.78, 1.04) #fs:   2  -- #Conts: 13 A(2)  G(6)  E(5) 
  50930945 321.24 || noQ Q (Avg,Max,Min) (1.01, 1.04, 1.00) (0.93, 0.69, 1.04) #fs:   1  -- #Conts: 12 A(2)  G(5)  E(5) 
  53211042 319.06 || noQ Q (Avg,Max,Min) (1.01, 1.04, 1.00) (0.96, 0.78, 1.04) #fs:   1  -- #Conts: 11 A(1)  G(5)  E(4)  C(1) 
  62660479 317.88 || noQ Q (Avg,Max,Min) (1.01, 1.04, 1.00) (0.96, 0.78, 1.04) #fs:   1  -- #Conts: 13 A(1)  G(4)  E(6)  C(2) 
  65998981 313.18 || noQ Q (Avg,Max,Min) (1.02, 1.04, 1.00) (0.96, 0.78, 1.04) #fs:   1  -- #Conts: 8 A(1)  G(3)  E(4) 
  73407065 313.06 || noQ Q (Avg,Max,Min) (1.02, 1.04, 1.00) (0.97, 0.78, 1.04) #fs:   1  -- #Conts: 9 A(1)  G(3)  E(4)  C(1) 
/////////////////size: 35
nodes 50 edges 60
 mulT: 100 mulD: 5000  sumData GB 7239
pareto /LIGO.n.50.0.dax time -> 1037.0
moheft /LIGO.n.50.0.dax time -> 731.0
distance from M to C 3.202596690096245
distance from P to C 4.894120763458687
distance from C to M 5.7475314407298495
distance from C to P 6.189157761860558
toCompare: /LIGO.n.50.0.dax sumDataGB: 7239 mulT: 100 mulD: 5000 paretoOptTime_MS: 1037.0 MoheftOptimizationTime_MS: 731.0 MtoC 3.202596690096245 PtoC 4.894120763458687 CtoM 5.7475314407298495 CtoP 6.189157761860558
