specify -Dflow d,b,mt,md,size
Running /home/vaggelis/jc/LIGO.n.50.0.dax mt 10000 md: 20000 size null
 466370677 36999.76 || noQ Q (Avg,Max,Min) (1.00, 1.00, 1.00) (0.99, 0.98, 1.00) #fs:   0  -- #Conts: 23 H(20)  G(3) 
 469718255 36857.88 || noQ Q (Avg,Max,Min) (1.00, 1.00, 0.99) (0.99, 0.98, 1.00) #fs:   1  -- #Conts: 23 H(19)  G(4) 
 470058815 36794.82 || noQ Q (Avg,Max,Min) (1.00, 1.00, 1.00) (0.99, 0.98, 1.00) #fs:   0  -- #Conts: 23 H(19)  G(4) 
 474715130 36731.76 || noQ Q (Avg,Max,Min) (1.00, 1.00, 0.97) (0.99, 0.95, 1.00) #fs:   1  -- #Conts: 23 H(18)  G(5) 
 645717698 34335.53 || noQ Q (Avg,Max,Min) (1.00, 1.00, 1.00) (0.99, 0.98, 1.00) #fs:   2  -- #Conts: 23 H(10)  G(13) 
 649065276 34193.65 || noQ Q (Avg,Max,Min) (1.00, 1.00, 0.99) (0.99, 0.98, 1.00) #fs:   3  -- #Conts: 23 H(9)  G(14) 
 654062151 34067.53 || noQ Q (Avg,Max,Min) (1.00, 1.00, 0.97) (0.99, 0.95, 1.00) #fs:   3  -- #Conts: 23 H(8)  G(15) 
 757109811 33988.71 || noQ Q (Avg,Max,Min) (0.99, 1.00, 0.67) (0.98, 0.67, 1.00) #fs:   3  -- #Conts: 23 H(4)  G(19) 
 760746893 33768.00 || noQ Q (Avg,Max,Min) (0.99, 1.00, 0.67) (0.98, 0.67, 1.00) #fs:   3  -- #Conts: 23 H(3)  G(20) 
 777994460 33657.65 || noQ Q (Avg,Max,Min) (0.98, 1.00, 0.64) (0.98, 0.63, 1.00) #fs:   3  -- #Conts: 23 H(2)  G(21) 
 807516374 33610.35 || noQ Q (Avg,Max,Min) (0.98, 1.00, 0.59) (0.98, 0.59, 1.00) #fs:   3  -- #Conts: 23 H(1)  G(22) 
 810032638 31907.76 || noQ Q (Avg,Max,Min) (1.00, 1.00, 1.00) (1.00, 0.99, 1.00) #fs:   2  -- #Conts: 23 G(23) 
 972299809 31812.12 || noQ Q (Avg,Max,Min) (1.00, 1.00, 1.00) (0.99, 0.91, 1.00) #fs:   4  -- #Conts: 23 G(21)  E(2) 
1116010752 31739.88 || noQ Q (Avg,Max,Min) (1.00, 1.00, 1.00) (0.99, 0.91, 1.00) #fs:   4  -- #Conts: 23 G(19)  E(4) 
1123673699 31714.24 || noQ Q (Avg,Max,Min) (1.00, 1.00, 0.99) (0.99, 0.91, 1.00) #fs:   5  -- #Conts: 23 G(18)  E(5) 
1809891790 30545.29 || noQ Q (Avg,Max,Min) (1.00, 1.00, 1.00) (1.00, 0.94, 1.00) #fs:   4  -- #Conts: 24 E(24) 
2133184350 30538.59 || noQ Q (Avg,Max,Min) (1.00, 1.00, 1.00) (1.00, 1.00, 1.00) #fs:   7  -- #Conts: 22 E(22) 
2638609188 30531.88 || noQ Q (Avg,Max,Min) (1.00, 1.00, 1.00) (1.00, 1.00, 1.00) #fs:   7  -- #Conts: 21 E(21) 
2659192246 30525.18 || noQ Q (Avg,Max,Min) (1.00, 1.00, 1.00) (1.00, 0.98, 1.00) #fs:   7  -- #Conts: 21 E(21) 
2898483290 30518.47 || noQ Q (Avg,Max,Min) (1.00, 1.00, 1.00) (1.00, 1.00, 1.00) #fs:   7  -- #Conts: 20 E(20) 
4768375688 20993.00 || noQ Q (Avg,Max,Min) (0.98, 1.00, 0.51) (0.98, 0.51, 1.00) #fs:   7  -- #Conts: 23 A(16)  C(7) 
4770863993 20588.00 || noQ Q (Avg,Max,Min) (0.98, 1.00, 0.51) (0.98, 0.51, 1.00) #fs:   6  -- #Conts: 23 A(17)  C(6) 
4770910648 20147.00 || noQ Q (Avg,Max,Min) (0.98, 1.00, 0.51) (0.98, 0.51, 1.00) #fs:   7  -- #Conts: 23 A(18)  C(5) 
4771497182 19195.00 || noQ Q (Avg,Max,Min) (0.98, 1.00, 0.51) (0.98, 0.51, 1.00) #fs:   7  -- #Conts: 23 A(19)  C(4) 
4772564531 18843.00 || noQ Q (Avg,Max,Min) (0.98, 1.00, 0.51) (0.98, 0.51, 1.00) #fs:   7  -- #Conts: 23 A(20)  C(3) 
4773877157 18043.00 || noQ Q (Avg,Max,Min) (0.98, 1.00, 0.51) (0.98, 0.51, 1.00) #fs:   7  -- #Conts: 23 A(21)  C(2) 
4775569159 16968.00 || noQ Q (Avg,Max,Min) (0.98, 1.00, 0.51) (0.98, 0.51, 1.00) #fs:   7  -- #Conts: 23 A(22)  C(1) 
4815156242 15131.00 || noQ Q (Avg,Max,Min) (1.00, 1.00, 1.00) (1.00, 1.00, 1.00) #fs:   6  -- #Conts: 23 A(23) 
6834968534 15130.00 || noQ Q (Avg,Max,Min) (1.00, 1.00, 1.00) (1.00, 1.00, 1.00) #fs:   4  -- #Conts: 22 A(22) 
8934910528 15128.00 || noQ Q (Avg,Max,Min) (1.00, 1.00, 1.00) (1.00, 1.00, 1.00) #fs:   4  -- #Conts: 20 A(20) 
/////////////////size: 30
 957601790 31990.82 || noQ Q (Avg,Max,Min) (1.00, 1.01, 1.00) (0.99, 0.94, 1.01) #fs:   0  -- #Conts: 31 H(1)  G(18)  E(11)  C(1) 
 967640399 31969.06 || noQ Q (Avg,Max,Min) (1.00, 1.03, 1.00) (0.99, 0.94, 1.02) #fs:   0  -- #Conts: 32 H(2)  G(18)  E(11)  C(1) 
1076374686 31886.24 || noQ Q (Avg,Max,Min) (1.00, 1.03, 1.00) (0.99, 0.94, 1.02) #fs:   1  -- #Conts: 32 H(2)  G(18)  E(11)  C(1) 
1149582673 31775.88 || noQ Q (Avg,Max,Min) (1.00, 1.05, 1.00) (0.98, 0.50, 1.02) #fs:   1  -- #Conts: 33 H(2)  G(19)  E(11)  C(1) 
1150733343 31760.12 || noQ Q (Avg,Max,Min) (1.00, 1.03, 1.00) (0.99, 0.94, 1.02) #fs:   1  -- #Conts: 32 H(1)  G(19)  E(11)  C(1) 
1154506484 31757.76 || noQ Q (Avg,Max,Min) (1.00, 1.03, 1.00) (0.99, 0.93, 1.02) #fs:   1  -- #Conts: 33 H(1)  G(19)  E(12)  C(1) 
1263093584 31754.71 || noQ Q (Avg,Max,Min) (1.00, 1.05, 1.00) (0.98, 0.50, 1.02) #fs:   0  -- #Conts: 31 H(2)  G(18)  E(10)  C(1) 
1264247110 31738.94 || noQ Q (Avg,Max,Min) (1.00, 1.03, 1.00) (0.99, 0.95, 1.02) #fs:   0  -- #Conts: 30 H(1)  G(18)  E(10)  C(1) 
1264399813 31710.82 || noQ Q (Avg,Max,Min) (1.00, 1.05, 1.00) (0.98, 0.50, 1.01) #fs:   0  -- #Conts: 32 H(1)  G(18)  E(12)  C(1) 
1265553339 31695.06 || noQ Q (Avg,Max,Min) (1.00, 1.01, 1.00) (0.99, 0.94, 1.01) #fs:   0  -- #Conts: 31 G(18)  E(12)  C(1) 
1269323624 31692.71 || noQ Q (Avg,Max,Min) (1.00, 1.01, 1.00) (0.99, 0.93, 1.01) #fs:   0  -- #Conts: 32 G(18)  E(13)  C(1) 
1417031523 31624.47 || noQ Q (Avg,Max,Min) (1.00, 1.05, 1.00) (0.98, 0.50, 1.02) #fs:   0  -- #Conts: 30 H(2)  G(18)  E(9)  C(1) 
1418227384 31608.71 || noQ Q (Avg,Max,Min) (1.00, 1.03, 1.00) (1.00, 0.95, 1.02) #fs:   0  -- #Conts: 29 H(1)  G(18)  E(9)  C(1) 
1418337752 31580.59 || noQ Q (Avg,Max,Min) (1.00, 1.05, 1.00) (0.98, 0.50, 1.01) #fs:   0  -- #Conts: 30 H(1)  G(17)  E(11)  C(1) 
1419533613 31564.82 || noQ Q (Avg,Max,Min) (1.00, 1.01, 1.00) (0.99, 0.95, 1.01) #fs:   0  -- #Conts: 29 G(17)  E(11)  C(1) 
1423261563 31562.47 || noQ Q (Avg,Max,Min) (1.00, 1.01, 1.00) (0.99, 0.93, 1.01) #fs:   0  -- #Conts: 30 G(17)  E(12)  C(1) 
1425665658 31558.12 || noQ Q (Avg,Max,Min) (1.00, 1.01, 1.00) (0.99, 0.95, 1.01) #fs:   0  -- #Conts: 29 G(17)  E(11)  C(1) 
1429435943 31555.76 || noQ Q (Avg,Max,Min) (1.00, 1.01, 1.00) (0.99, 0.93, 1.01) #fs:   0  -- #Conts: 30 G(17)  E(12)  C(1) 
1656033197 31513.76 || noQ Q (Avg,Max,Min) (1.00, 1.01, 1.00) (0.99, 0.95, 1.00) #fs:   0  -- #Conts: 23 H(1)  G(9)  E(12)  C(1) 
1729241184 31403.41 || noQ Q (Avg,Max,Min) (1.00, 1.05, 1.00) (0.97, 0.50, 1.00) #fs:   0  -- #Conts: 24 H(1)  G(10)  E(12)  C(1) 
1730391854 31387.65 || noQ Q (Avg,Max,Min) (1.00, 1.01, 1.00) (0.99, 0.95, 1.00) #fs:   0  -- #Conts: 23 G(10)  E(12)  C(1) 
1734164995 31385.29 || noQ Q (Avg,Max,Min) (1.00, 1.01, 1.00) (0.99, 0.93, 1.00) #fs:   0  -- #Conts: 24 G(10)  E(13)  C(1) 
1777258580 31384.82 || noQ Q (Avg,Max,Min) (1.00, 1.03, 1.00) (1.00, 0.95, 1.02) #fs:   0  -- #Conts: 23 H(1)  G(11)  E(10)  C(1) 
1777368948 31382.47 || noQ Q (Avg,Max,Min) (1.00, 1.05, 1.00) (0.97, 0.50, 1.00) #fs:   0  -- #Conts: 23 H(1)  G(10)  E(11)  C(1) 
1778564809 31366.71 || noQ Q (Avg,Max,Min) (1.00, 1.01, 1.00) (0.99, 0.95, 1.00) #fs:   0  -- #Conts: 22 G(10)  E(11)  C(1) 
1782292759 31364.35 || noQ Q (Avg,Max,Min) (1.00, 1.01, 1.00) (0.99, 0.93, 1.00) #fs:   0  -- #Conts: 23 G(10)  E(12)  C(1) 
1783543328 31346.24 || noQ Q (Avg,Max,Min) (1.00, 1.05, 1.00) (0.97, 0.50, 1.00) #fs:   0  -- #Conts: 23 H(1)  G(9)  E(12)  C(1) 
1784696854 31330.47 || noQ Q (Avg,Max,Min) (1.00, 1.01, 1.00) (0.99, 0.95, 1.00) #fs:   0  -- #Conts: 22 G(9)  E(12)  C(1) 
1788467139 31328.12 || noQ Q (Avg,Max,Min) (1.00, 1.01, 1.00) (0.99, 0.93, 1.00) #fs:   0  -- #Conts: 23 G(9)  E(13)  C(1) 
1973974796 31310.00 || noQ Q (Avg,Max,Min) (1.00, 1.05, 1.00) (0.97, 0.50, 1.00) #fs:   0  -- #Conts: 21 H(1)  G(8)  E(11)  C(1) 
1975201495 31294.24 || noQ Q (Avg,Max,Min) (1.00, 1.03, 1.00) (0.99, 0.84, 1.00) #fs:   0  -- #Conts: 21 G(9)  E(11)  C(1) 
1978867769 31291.88 || noQ Q (Avg,Max,Min) (1.00, 1.01, 1.00) (0.99, 0.95, 1.00) #fs:   0  -- #Conts: 20 G(8)  E(11)  C(1) 
1995875319 31288.59 || noQ Q (Avg,Max,Min) (1.00, 1.03, 1.00) (0.99, 0.84, 1.00) #fs:   0  -- #Conts: 21 G(9)  E(11)  C(1) 
1999499258 31279.53 || noQ Q (Avg,Max,Min) (1.00, 1.01, 1.00) (0.99, 0.95, 1.00) #fs:   0  -- #Conts: 20 G(8)  E(11)  C(1) 
2090018165 31203.18 || noQ Q (Avg,Max,Min) (1.00, 1.05, 1.00) (0.97, 0.50, 1.02) #fs:   1  -- #Conts: 22 H(2)  G(7)  E(12)  C(1) 
2091244864 31187.41 || noQ Q (Avg,Max,Min) (1.00, 1.03, 1.00) (0.99, 0.84, 1.02) #fs:   1  -- #Conts: 22 H(1)  G(8)  E(12)  C(1) 
2094905333 31185.06 || noQ Q (Avg,Max,Min) (1.00, 1.03, 1.00) (1.00, 0.95, 1.02) #fs:   1  -- #Conts: 21 H(1)  G(7)  E(12)  C(1) 
2115758666 31183.65 || noQ Q (Avg,Max,Min) (1.00, 1.03, 1.00) (1.00, 0.95, 1.02) #fs:   1  -- #Conts: 21 H(1)  G(7)  E(12)  C(1) 
2123837661 31181.29 || noQ Q (Avg,Max,Min) (1.00, 1.01, 1.00) (0.99, 0.95, 1.00) #fs:   1  -- #Conts: 22 G(7)  E(14)  C(1) 
2127644905 31178.94 || noQ Q (Avg,Max,Min) (1.00, 1.03, 1.00) (0.99, 0.84, 1.00) #fs:   1  -- #Conts: 20 G(8)  E(11)  C(1) 
2131263039 31176.59 || noQ Q (Avg,Max,Min) (1.00, 1.01, 1.00) (0.99, 0.95, 1.00) #fs:   1  -- #Conts: 19 G(7)  E(11)  C(1) 
2209006322 31083.76 || noQ Q (Avg,Max,Min) (1.00, 1.05, 1.00) (0.97, 0.50, 1.02) #fs:   1  -- #Conts: 22 H(2)  G(6)  E(13)  C(1) 
2210156992 31068.00 || noQ Q (Avg,Max,Min) (1.00, 1.03, 1.00) (1.00, 0.95, 1.02) #fs:   1  -- #Conts: 21 H(1)  G(6)  E(13)  C(1) 
2213930133 31065.65 || noQ Q (Avg,Max,Min) (1.00, 1.03, 1.00) (0.99, 0.93, 1.02) #fs:   1  -- #Conts: 22 H(1)  G(6)  E(14)  C(1) 
2234252919 31025.65 || noQ Q (Avg,Max,Min) (1.00, 1.05, 1.00) (0.97, 0.50, 1.00) #fs:   0  -- #Conts: 21 H(1)  G(6)  E(13)  C(1) 
2235403589 31009.88 || noQ Q (Avg,Max,Min) (1.00, 1.01, 1.00) (1.00, 0.95, 1.00) #fs:   0  -- #Conts: 20 G(6)  E(13)  C(1) 
2239176730 31007.53 || noQ Q (Avg,Max,Min) (1.00, 1.01, 1.00) (0.99, 0.93, 1.00) #fs:   0  -- #Conts: 21 G(6)  E(14)  C(1) 
2454658642 30990.82 || noQ Q (Avg,Max,Min) (1.00, 1.05, 1.00) (0.97, 0.50, 1.00) #fs:   0  -- #Conts: 20 H(1)  G(5)  E(13)  C(1) 
2455885341 30975.06 || noQ Q (Avg,Max,Min) (1.00, 1.03, 1.00) (0.99, 0.84, 1.00) #fs:   0  -- #Conts: 20 G(6)  E(13)  C(1) 
2459506424 30972.71 || noQ Q (Avg,Max,Min) (1.00, 1.01, 1.00) (1.00, 0.95, 1.00) #fs:   0  -- #Conts: 19 G(5)  E(13)  C(1) 
2601607593 30803.82 || noQ Q (Avg,Max,Min) (1.00, 1.05, 1.00) (0.97, 0.50, 1.01) #fs:   0  -- #Conts: 28 H(1)  G(16)  A(1)  E(9)  C(1) 
2602834292 30788.06 || noQ Q (Avg,Max,Min) (1.00, 1.03, 1.00) (0.99, 0.84, 1.01) #fs:   0  -- #Conts: 28 G(17)  A(1)  E(9)  C(1) 
2606531404 30785.71 || noQ Q (Avg,Max,Min) (1.00, 1.01, 1.00) (0.99, 0.93, 1.01) #fs:   0  -- #Conts: 28 G(16)  A(1)  E(10)  C(1) 
2607446308 30174.71 || noQ Q (Avg,Max,Min) (1.00, 1.05, 1.00) (0.98, 0.50, 1.02) #fs:   1  -- #Conts: 30 H(2)  G(15)  A(2)  E(10)  C(1) 
2608673007 30158.94 || noQ Q (Avg,Max,Min) (1.00, 1.03, 1.00) (0.99, 0.84, 1.02) #fs:   1  -- #Conts: 30 H(1)  G(16)  A(2)  E(10)  C(1) 
2609944260 30155.18 || noQ Q (Avg,Max,Min) (1.00, 1.03, 1.00) (0.99, 0.84, 1.01) #fs:   0  -- #Conts: 29 G(16)  A(2)  E(10)  C(1) 
2613641372 30152.82 || noQ Q (Avg,Max,Min) (1.00, 1.01, 1.00) (0.99, 0.93, 1.01) #fs:   0  -- #Conts: 29 G(15)  A(2)  E(11)  C(1) 
2614237980 29806.06 || noQ Q (Avg,Max,Min) (1.00, 1.05, 1.00) (0.98, 0.50, 1.02) #fs:   1  -- #Conts: 30 H(2)  G(15)  A(3)  E(9)  C(1) 
2615464679 29790.29 || noQ Q (Avg,Max,Min) (1.00, 1.03, 1.00) (0.99, 0.84, 1.02) #fs:   1  -- #Conts: 30 H(1)  G(16)  A(3)  E(9)  C(1) 
2616735932 29786.53 || noQ Q (Avg,Max,Min) (1.00, 1.03, 1.00) (0.99, 0.84, 1.01) #fs:   0  -- #Conts: 28 G(16)  A(3)  E(8)  C(1) 
2620433044 29784.18 || noQ Q (Avg,Max,Min) (1.00, 1.01, 1.00) (0.99, 0.93, 1.01) #fs:   0  -- #Conts: 28 G(15)  A(3)  E(9)  C(1) 
2621189293 29484.35 || noQ Q (Avg,Max,Min) (1.00, 1.05, 1.00) (0.98, 0.50, 1.02) #fs:   1  -- #Conts: 31 H(2)  G(15)  A(4)  E(9)  C(1) 
2622415992 29468.59 || noQ Q (Avg,Max,Min) (1.00, 1.03, 1.00) (0.99, 0.84, 1.02) #fs:   1  -- #Conts: 31 H(1)  G(16)  A(4)  E(9)  C(1) 
2623687245 29464.82 || noQ Q (Avg,Max,Min) (1.00, 1.03, 1.00) (0.99, 0.84, 1.01) #fs:   0  -- #Conts: 29 G(16)  A(4)  E(8)  C(1) 
2623827229 29343.71 || noQ Q (Avg,Max,Min) (1.00, 1.05, 1.00) (0.98, 0.50, 1.02) #fs:   1  -- #Conts: 31 H(2)  G(15)  A(5)  E(8)  C(1) 
2625053928 29327.94 || noQ Q (Avg,Max,Min) (1.00, 1.03, 1.00) (0.99, 0.84, 1.02) #fs:   1  -- #Conts: 31 H(1)  G(16)  A(5)  E(8)  C(1) 
2628751040 29325.59 || noQ Q (Avg,Max,Min) (1.00, 1.03, 1.00) (0.99, 0.93, 1.02) #fs:   1  -- #Conts: 31 H(1)  G(15)  A(5)  E(9)  C(1) 
2637261456 29324.18 || noQ Q (Avg,Max,Min) (1.00, 1.03, 1.00) (0.99, 0.84, 1.01) #fs:   0  -- #Conts: 30 G(16)  A(5)  E(8)  C(1) 
2640958568 29321.82 || noQ Q (Avg,Max,Min) (1.00, 1.01, 1.00) (0.99, 0.93, 1.01) #fs:   0  -- #Conts: 30 G(15)  A(5)  E(9)  C(1) 
2827828958 23784.82 || noQ Q (Avg,Max,Min) (1.00, 1.03, 1.00) (1.00, 0.94, 1.02) #fs:   0  -- #Conts: 30 H(2)  A(12)  G(8)  E(7)  C(1) 
3015657123 23691.18 || noQ Q (Avg,Max,Min) (1.00, 1.01, 1.00) (1.00, 0.98, 1.01) #fs:   0  -- #Conts: 25 H(1)  A(12)  G(6)  E(5)  C(1) 
3016914660 23675.41 || noQ Q (Avg,Max,Min) (1.00, 1.03, 1.00) (0.99, 0.84, 1.01) #fs:   0  -- #Conts: 26 H(1)  A(12)  G(7)  E(5)  C(1) 
3020611772 23673.06 || noQ Q (Avg,Max,Min) (1.00, 1.01, 1.00) (1.00, 0.93, 1.01) #fs:   0  -- #Conts: 26 H(1)  A(12)  G(6)  E(6)  C(1) 
3107109535 23517.76 || noQ Q (Avg,Max,Min) (1.00, 1.05, 1.00) (0.98, 0.50, 1.01) #fs:   0  -- #Conts: 26 H(1)  A(12)  G(7)  E(5)  C(1) 
3108305396 23502.00 || noQ Q (Avg,Max,Min) (1.00, 1.01, 1.00) (1.00, 0.98, 1.01) #fs:   0  -- #Conts: 25 A(12)  G(7)  E(5)  C(1) 
3112033346 23499.65 || noQ Q (Avg,Max,Min) (1.00, 1.01, 1.00) (1.00, 0.93, 1.01) #fs:   0  -- #Conts: 26 A(12)  G(7)  E(6)  C(1) 
3123282143 23436.71 || noQ Q (Avg,Max,Min) (1.00, 1.05, 1.00) (0.98, 0.50, 1.02) #fs:   0  -- #Conts: 28 H(2)  A(12)  G(6)  E(7)  C(1) 
3124435669 23420.94 || noQ Q (Avg,Max,Min) (1.00, 1.03, 1.00) (1.00, 0.97, 1.02) #fs:   0  -- #Conts: 27 H(1)  A(12)  G(6)  E(7)  C(1) 
3128205954 23418.59 || noQ Q (Avg,Max,Min) (1.00, 1.03, 1.00) (1.00, 0.93, 1.02) #fs:   0  -- #Conts: 28 H(1)  A(12)  G(6)  E(8)  C(1) 
3296158488 23401.88 || noQ Q (Avg,Max,Min) (1.00, 1.05, 1.00) (0.98, 0.50, 1.02) #fs:   0  -- #Conts: 27 H(2)  A(12)  G(5)  E(7)  C(1) 
3297385187 23386.12 || noQ Q (Avg,Max,Min) (1.00, 1.03, 1.00) (0.99, 0.84, 1.02) #fs:   0  -- #Conts: 27 H(1)  A(12)  G(6)  E(7)  C(1) 
3301006270 23383.76 || noQ Q (Avg,Max,Min) (1.00, 1.03, 1.00) (1.00, 0.97, 1.02) #fs:   0  -- #Conts: 26 H(1)  A(12)  G(5)  E(7)  C(1) 
3350173671 23371.29 || noQ Q (Avg,Max,Min) (1.00, 1.03, 1.00) (1.00, 0.98, 1.02) #fs:   0  -- #Conts: 26 H(1)  A(12)  G(6)  E(6)  C(1) 
3351075361 23368.94 || noQ Q (Avg,Max,Min) (1.00, 1.01, 1.00) (1.00, 0.98, 1.01) #fs:   0  -- #Conts: 26 A(12)  G(6)  E(7)  C(1) 
3354825420 23366.59 || noQ Q (Avg,Max,Min) (1.00, 1.01, 1.00) (1.00, 0.93, 1.01) #fs:   0  -- #Conts: 27 A(12)  G(6)  E(8)  C(1) 
3369543974 23364.24 || noQ Q (Avg,Max,Min) (1.00, 1.01, 1.00) (1.00, 0.98, 1.01) #fs:   0  -- #Conts: 25 A(12)  G(6)  E(6)  C(1) 
3373294033 23361.88 || noQ Q (Avg,Max,Min) (1.00, 1.01, 1.00) (1.00, 0.93, 1.01) #fs:   0  -- #Conts: 26 A(12)  G(6)  E(7)  C(1) 
3500166520 23352.24 || noQ Q (Avg,Max,Min) (1.00, 1.05, 1.00) (0.98, 0.50, 1.02) #fs:   0  -- #Conts: 26 H(2)  A(12)  G(5)  E(6)  C(1) 
3501393219 23336.47 || noQ Q (Avg,Max,Min) (1.00, 1.03, 1.00) (0.99, 0.84, 1.02) #fs:   0  -- #Conts: 26 H(1)  A(12)  G(6)  E(6)  C(1) 
3502699448 23334.12 || noQ Q (Avg,Max,Min) (1.00, 1.03, 1.00) (0.99, 0.84, 1.01) #fs:   0  -- #Conts: 26 A(12)  G(6)  E(7)  C(1) 
3506320531 23331.76 || noQ Q (Avg,Max,Min) (1.00, 1.01, 1.00) (1.00, 0.98, 1.01) #fs:   0  -- #Conts: 25 A(12)  G(5)  E(7)  C(1) 
3506636255 23329.41 || noQ Q (Avg,Max,Min) (1.00, 1.03, 1.00) (0.99, 0.84, 1.01) #fs:   0  -- #Conts: 25 A(12)  G(6)  E(6)  C(1) 
3510257338 23327.06 || noQ Q (Avg,Max,Min) (1.00, 1.01, 1.00) (1.00, 0.98, 1.01) #fs:   0  -- #Conts: 24 A(12)  G(5)  E(6)  C(1) 
3563076112 23316.00 || noQ Q (Avg,Max,Min) (1.00, 1.05, 1.00) (0.98, 0.50, 1.02) #fs:   0  -- #Conts: 25 H(2)  A(12)  G(4)  E(6)  C(1) 
3564302811 23300.24 || noQ Q (Avg,Max,Min) (1.00, 1.03, 1.00) (0.99, 0.84, 1.02) #fs:   0  -- #Conts: 25 H(1)  A(12)  G(5)  E(6)  C(1) 
3565609040 23297.88 || noQ Q (Avg,Max,Min) (1.00, 1.03, 1.00) (0.99, 0.84, 1.01) #fs:   0  -- #Conts: 25 A(12)  G(5)  E(7)  C(1) 
3569275314 23295.53 || noQ Q (Avg,Max,Min) (1.00, 1.01, 1.00) (1.00, 0.98, 1.01) #fs:   0  -- #Conts: 24 A(12)  G(4)  E(7)  C(1) 
3576977170 23272.71 || noQ Q (Avg,Max,Min) (1.00, 1.05, 1.00) (0.98, 0.50, 1.02) #fs:   0  -- #Conts: 26 H(2)  A(12)  G(3)  E(8)  C(1) 
3578203869 23256.94 || noQ Q (Avg,Max,Min) (1.00, 1.03, 1.00) (0.99, 0.84, 1.02) #fs:   0  -- #Conts: 26 H(1)  A(12)  G(4)  E(8)  C(1) 
3579510098 23254.59 || noQ Q (Avg,Max,Min) (1.00, 1.03, 1.00) (0.99, 0.84, 1.01) #fs:   0  -- #Conts: 26 A(12)  G(4)  E(9)  C(1) 
3581827808 23247.88 || noQ Q (Avg,Max,Min) (1.00, 1.03, 1.00) (1.00, 0.97, 1.02) #fs:   0  -- #Conts: 25 H(1)  A(12)  G(3)  E(8)  C(1) 
3581854013 23227.06 || noQ Q (Avg,Max,Min) (1.00, 1.05, 1.00) (0.98, 0.50, 1.02) #fs:   0  -- #Conts: 28 H(2)  A(12)  G(3)  E(10)  C(1) 
3583080712 23211.29 || noQ Q (Avg,Max,Min) (1.00, 1.03, 1.00) (0.99, 0.84, 1.02) #fs:   0  -- #Conts: 28 H(1)  A(12)  G(4)  E(10)  C(1) 
3586747524 23208.94 || noQ Q (Avg,Max,Min) (1.00, 1.03, 1.00) (1.00, 0.94, 1.02) #fs:   0  -- #Conts: 27 H(1)  A(12)  G(3)  E(10)  C(1) 
3593439599 23206.59 || noQ Q (Avg,Max,Min) (1.00, 1.01, 1.00) (1.00, 0.97, 1.01) #fs:   0  -- #Conts: 26 A(12)  G(3)  E(10)  C(1) 
3593708456 23202.24 || noQ Q (Avg,Max,Min) (1.00, 1.03, 1.00) (0.99, 0.84, 1.01) #fs:   0  -- #Conts: 25 A(12)  G(4)  E(8)  C(1) 
3597368925 23199.88 || noQ Q (Avg,Max,Min) (1.00, 1.01, 1.00) (1.00, 0.97, 1.01) #fs:   0  -- #Conts: 24 A(12)  G(3)  E(8)  C(1) 
3608284273 23197.53 || noQ Q (Avg,Max,Min) (1.00, 1.03, 1.00) (0.99, 0.84, 1.01) #fs:   0  -- #Conts: 24 A(12)  G(4)  E(7)  C(1) 
3611908212 23195.18 || noQ Q (Avg,Max,Min) (1.00, 1.01, 1.00) (1.00, 0.98, 1.01) #fs:   0  -- #Conts: 23 A(12)  G(3)  E(7)  C(1) 
3633851547 23193.76 || noQ Q (Avg,Max,Min) (1.00, 1.01, 1.00) (1.00, 0.96, 1.01) #fs:   0  -- #Conts: 22 A(12)  G(3)  E(6)  C(1) 
3717922183 23135.65 || noQ Q (Avg,Max,Min) (1.00, 1.05, 1.00) (0.98, 0.50, 1.02) #fs:   0  -- #Conts: 25 H(2)  A(12)  G(3)  E(7)  C(1) 
3719148882 23119.88 || noQ Q (Avg,Max,Min) (1.00, 1.03, 1.00) (0.99, 0.84, 1.02) #fs:   0  -- #Conts: 25 H(1)  A(12)  G(4)  E(7)  C(1) 
3722772821 23117.53 || noQ Q (Avg,Max,Min) (1.00, 1.03, 1.00) (1.00, 0.91, 1.02) #fs:   0  -- #Conts: 24 H(1)  A(12)  G(3)  E(7)  C(1) 
3733169379 23112.82 || noQ Q (Avg,Max,Min) (1.00, 1.03, 1.00) (0.99, 0.84, 1.01) #fs:   0  -- #Conts: 23 A(12)  G(3)  E(7)  C(1) 
3736793318 23110.47 || noQ Q (Avg,Max,Min) (1.00, 1.01, 1.00) (1.00, 0.97, 1.01) #fs:   0  -- #Conts: 22 A(12)  G(2)  E(7)  C(1) 
3779905886 23108.12 || noQ Q (Avg,Max,Min) (1.00, 1.01, 1.00) (0.99, 0.93, 1.01) #fs:   0  -- #Conts: 24 A(12)  G(2)  E(9)  C(1) 
3990154473 23098.82 || noQ Q (Avg,Max,Min) (1.00, 1.05, 1.00) (0.98, 0.50, 1.01) #fs:   0  -- #Conts: 26 H(1)  A(12)  G(3)  E(9)  C(1) 
3991305143 23083.06 || noQ Q (Avg,Max,Min) (1.00, 1.01, 1.00) (1.00, 0.94, 1.01) #fs:   0  -- #Conts: 25 A(12)  G(3)  E(9)  C(1) 
3995078284 23080.71 || noQ Q (Avg,Max,Min) (1.00, 1.01, 1.00) (0.99, 0.93, 1.01) #fs:   0  -- #Conts: 26 A(12)  G(3)  E(10)  C(1) 
4130793726 23046.94 || noQ Q (Avg,Max,Min) (1.00, 1.05, 1.00) (0.98, 0.50, 1.01) #fs:   0  -- #Conts: 24 H(1)  A(12)  G(2)  E(8)  C(1) 
4131989587 23031.18 || noQ Q (Avg,Max,Min) (1.00, 1.01, 1.00) (1.00, 0.98, 1.01) #fs:   0  -- #Conts: 23 A(12)  G(2)  E(8)  C(1) 
4135717537 23028.82 || noQ Q (Avg,Max,Min) (1.00, 1.01, 1.00) (1.00, 0.93, 1.01) #fs:   0  -- #Conts: 24 A(12)  G(2)  E(9)  C(1) 
4238839920 23027.76 || noQ Q (Avg,Max,Min) (1.00, 1.05, 1.00) (0.98, 0.50, 1.01) #fs:   0  -- #Conts: 25 H(1)  A(12)  G(1)  E(10)  C(1) 
4240066619 23012.00 || noQ Q (Avg,Max,Min) (1.00, 1.03, 1.00) (0.99, 0.84, 1.01) #fs:   0  -- #Conts: 25 A(12)  G(2)  E(10)  C(1) 
4243732893 23009.65 || noQ Q (Avg,Max,Min) (1.00, 1.01, 1.00) (1.00, 0.94, 1.01) #fs:   0  -- #Conts: 24 A(12)  G(1)  E(10)  C(1) 
4266925943 23003.65 || noQ Q (Avg,Max,Min) (1.00, 1.05, 1.00) (0.98, 0.50, 1.01) #fs:   0  -- #Conts: 22 H(1)  A(12)  G(1)  E(7)  C(1) 
4268152642 22987.88 || noQ Q (Avg,Max,Min) (1.00, 1.03, 1.00) (0.99, 0.84, 1.01) #fs:   0  -- #Conts: 22 A(12)  G(2)  E(7)  C(1) 
4271776581 22978.82 || noQ Q (Avg,Max,Min) (1.00, 1.01, 1.00) (1.00, 0.98, 1.01) #fs:   0  -- #Conts: 21 A(12)  G(1)  E(7)  C(1) 
4406323828 22954.00 || noQ Q (Avg,Max,Min) (1.00, 1.05, 1.00) (0.98, 0.50, 1.01) #fs:   0  -- #Conts: 21 H(1)  A(12)  E(7)  C(1) 
4407550527 22938.24 || noQ Q (Avg,Max,Min) (1.00, 1.03, 1.00) (0.99, 0.84, 1.01) #fs:   0  -- #Conts: 21 A(12)  G(1)  E(7)  C(1) 
4411216801 22935.88 || noQ Q (Avg,Max,Min) (1.00, 1.01, 1.00) (1.00, 0.98, 1.01) #fs:   0  -- #Conts: 20 A(12)  E(7)  C(1) 
4444500728 21566.29 || noQ Q (Avg,Max,Min) (1.00, 1.05, 1.00) (0.97, 0.50, 1.02) #fs:   0  -- #Conts: 25 H(2)  G(3)  A(13)  E(6)  C(1) 
4445727427 21550.53 || noQ Q (Avg,Max,Min) (1.00, 1.03, 1.00) (0.99, 0.84, 1.02) #fs:   0  -- #Conts: 25 H(1)  G(4)  A(13)  E(6)  C(1) 
4449424539 21548.18 || noQ Q (Avg,Max,Min) (1.00, 1.03, 1.00) (0.99, 0.91, 1.02) #fs:   0  -- #Conts: 25 H(1)  G(3)  A(13)  E(7)  C(1) 
4451871587 19736.71 || noQ Q (Avg,Max,Min) (1.00, 1.05, 1.00) (0.98, 0.50, 1.02) #fs:   0  -- #Conts: 29 H(3)  G(3)  A(16)  E(6)  C(1) 
4453098286 19720.94 || noQ Q (Avg,Max,Min) (1.00, 1.03, 1.00) (0.99, 0.84, 1.02) #fs:   0  -- #Conts: 29 H(2)  G(4)  A(16)  E(6)  C(1) 
4456795398 19718.59 || noQ Q (Avg,Max,Min) (1.00, 1.03, 1.00) (0.99, 0.91, 1.02) #fs:   0  -- #Conts: 29 H(2)  G(3)  A(16)  E(7)  C(1) 
4462051294 19368.06 || noQ Q (Avg,Max,Min) (1.00, 1.05, 1.00) (0.98, 0.50, 1.02) #fs:   0  -- #Conts: 29 H(3)  G(3)  A(17)  E(5)  C(1) 
4462135895 17906.35 || noQ Q (Avg,Max,Min) (1.00, 1.05, 1.00) (0.98, 0.50, 1.02) #fs:   0  -- #Conts: 29 H(2)  G(4)  A(18)  E(4)  C(1) 
4463362594 17890.59 || noQ Q (Avg,Max,Min) (1.00, 1.03, 1.00) (0.99, 0.84, 1.02) #fs:   0  -- #Conts: 29 H(1)  G(5)  A(18)  E(4)  C(1) 
4467059706 17888.24 || noQ Q (Avg,Max,Min) (1.00, 1.03, 1.00) (0.99, 0.91, 1.02) #fs:   0  -- #Conts: 29 H(1)  G(4)  A(18)  E(5)  C(1) 
4470737767 17598.24 || noQ Q (Avg,Max,Min) (1.00, 1.05, 1.00) (0.98, 0.50, 1.00) #fs:   0  -- #Conts: 27 H(1)  G(2)  A(18)  E(5)  C(1) 
4471964466 17582.47 || noQ Q (Avg,Max,Min) (1.00, 1.03, 1.00) (0.99, 0.84, 1.00) #fs:   0  -- #Conts: 27 G(3)  A(18)  E(5)  C(1) 
4473076939 16572.12 || noQ Q (Avg,Max,Min) (1.00, 1.05, 1.00) (0.98, 0.50, 1.02) #fs:   0  -- #Conts: 30 H(2)  G(2)  A(20)  E(5)  C(1) 
4474303638 16556.35 || noQ Q (Avg,Max,Min) (1.00, 1.03, 1.00) (0.99, 0.84, 1.02) #fs:   0  -- #Conts: 30 H(1)  G(3)  A(20)  E(5)  C(1) 
4477529439 16530.94 || noQ Q (Avg,Max,Min) (1.00, 1.05, 1.00) (0.98, 0.50, 1.00) #fs:   0  -- #Conts: 28 H(1)  G(2)  A(20)  E(4)  C(1) 
4478756138 16515.18 || noQ Q (Avg,Max,Min) (1.00, 1.03, 1.00) (0.99, 0.84, 1.00) #fs:   0  -- #Conts: 28 G(3)  A(20)  E(4)  C(1) 
4482453250 16512.82 || noQ Q (Avg,Max,Min) (1.00, 1.02, 1.00) (0.99, 0.90, 1.00) #fs:   0  -- #Conts: 28 G(2)  A(20)  E(5)  C(1) 
4484199524 15821.41 || noQ Q (Avg,Max,Min) (1.00, 1.05, 1.00) (0.98, 0.50, 1.02) #fs:   0  -- #Conts: 31 H(2)  G(2)  A(22)  E(4)  C(1) 
4485426223 15805.65 || noQ Q (Avg,Max,Min) (1.00, 1.03, 1.00) (0.99, 0.84, 1.02) #fs:   0  -- #Conts: 31 H(1)  G(3)  A(22)  E(4)  C(1) 
4486732452 15803.29 || noQ Q (Avg,Max,Min) (1.00, 1.03, 1.00) (0.99, 0.84, 1.00) #fs:   0  -- #Conts: 30 G(3)  A(22)  E(4)  C(1) 
4490429564 15800.94 || noQ Q (Avg,Max,Min) (1.00, 1.02, 1.00) (0.99, 0.90, 1.00) #fs:   0  -- #Conts: 30 G(2)  A(22)  E(5)  C(1) 
4493963977 15680.76 || noQ Q (Avg,Max,Min) (1.00, 1.05, 1.00) (0.98, 0.50, 1.02) #fs:   0  -- #Conts: 31 H(2)  G(2)  A(23)  E(3)  C(1) 
4495190676 15665.00 || noQ Q (Avg,Max,Min) (1.00, 1.03, 1.00) (0.99, 0.84, 1.02) #fs:   0  -- #Conts: 31 H(1)  G(3)  A(23)  E(3)  C(1) 
4496496905 15662.65 || noQ Q (Avg,Max,Min) (1.00, 1.03, 1.00) (0.99, 0.84, 1.00) #fs:   0  -- #Conts: 30 G(3)  A(23)  E(3)  C(1) 
4500194017 15660.29 || noQ Q (Avg,Max,Min) (1.00, 1.02, 1.00) (0.99, 0.90, 1.00) #fs:   0  -- #Conts: 30 G(2)  A(23)  E(4)  C(1) 
4500433712 15657.94 || noQ Q (Avg,Max,Min) (1.00, 1.03, 1.00) (0.99, 0.84, 1.00) #fs:   0  -- #Conts: 29 G(2)  A(23)  E(3)  C(1) 
4504130824 15655.59 || noQ Q (Avg,Max,Min) (1.00, 1.02, 1.00) (0.99, 0.93, 1.00) #fs:   0  -- #Conts: 29 G(1)  A(23)  E(4)  C(1) 
4507636688 15204.29 || noQ Q (Avg,Max,Min) (1.00, 1.05, 1.00) (0.98, 0.50, 1.02) #fs:   0  -- #Conts: 31 H(2)  A(23)  G(1)  E(4)  C(1) 
4508863387 15188.53 || noQ Q (Avg,Max,Min) (1.00, 1.03, 1.00) (0.99, 0.84, 1.02) #fs:   0  -- #Conts: 31 H(1)  A(23)  G(2)  E(4)  C(1) 
4510169616 15186.18 || noQ Q (Avg,Max,Min) (1.00, 1.03, 1.00) (0.99, 0.84, 1.01) #fs:   0  -- #Conts: 30 A(23)  G(2)  E(4)  C(1) 
4513866728 15183.82 || noQ Q (Avg,Max,Min) (1.00, 1.02, 1.00) (0.99, 0.90, 1.01) #fs:   0  -- #Conts: 30 A(23)  G(1)  E(5)  C(1) 
4517401141 15063.65 || noQ Q (Avg,Max,Min) (1.00, 1.05, 1.00) (0.98, 0.50, 1.02) #fs:   0  -- #Conts: 31 H(2)  A(24)  G(1)  E(3)  C(1) 
4518627840 15047.88 || noQ Q (Avg,Max,Min) (1.00, 1.03, 1.00) (0.99, 0.84, 1.02) #fs:   0  -- #Conts: 31 H(1)  A(24)  G(2)  E(3)  C(1) 
4519934069 15045.53 || noQ Q (Avg,Max,Min) (1.00, 1.03, 1.00) (0.99, 0.84, 1.01) #fs:   0  -- #Conts: 30 A(24)  G(2)  E(3)  C(1) 
4523631181 15043.18 || noQ Q (Avg,Max,Min) (1.00, 1.02, 1.00) (0.99, 0.90, 1.01) #fs:   0  -- #Conts: 30 A(24)  G(1)  E(4)  C(1) 
4523870876 15040.82 || noQ Q (Avg,Max,Min) (1.00, 1.03, 1.00) (0.99, 0.84, 1.01) #fs:   0  -- #Conts: 29 A(24)  G(1)  E(3)  C(1) 
4527567988 15038.47 || noQ Q (Avg,Max,Min) (1.00, 1.01, 1.00) (1.00, 0.93, 1.01) #fs:   0  -- #Conts: 29 A(24)  E(4)  C(1) 
/////////////////size: 168
nodes 50 edges 60
 mulT: 10000 mulD: 20000  sumData GB 28958
pareto /LIGO.n.50.0.dax time -> 1250.0
moheft /LIGO.n.50.0.dax time -> 2179.0
distance from M to C 44.66094361843651
distance from P to C 191.79999555168894
distance from C to M 234.93974684681726
distance from C to P 1362.2791825428687
toCompare: /LIGO.n.50.0.dax sumDataGB: 28958 mulT: 10000 mulD: 20000 paretoOptTime_MS: 1250.0 MoheftOptimizationTime_MS: 2179.0 MtoC 44.66094361843651 PtoC 191.79999555168894 CtoM 234.93974684681726 CtoP 1362.2791825428687
