specify -Dflow d,b,mt,md,size
Running /home/vaggelis/jc/SIPHT.n.50.0.dax mt 1 md: 1 size null
    133919 157.65 || noQ Q (Avg,Max,Min) (0.79, 1.00, 0.56) (0.02, 0.01, 0.03) #fs:   8  -- #Conts: 5 H(5) 
    133974 126.12 || noQ Q (Avg,Max,Min) (0.75, 0.96, 0.56) (0.03, 0.01, 0.04) #fs:   7  -- #Conts: 4 H(4) 
    138406 110.35 || noQ Q (Avg,Max,Min) (0.83, 0.92, 0.64) (0.03, 0.02, 0.04) #fs:   7  -- #Conts: 4 H(3)  G(1) 
    170437 094.59 || noQ Q (Avg,Max,Min) (0.74, 0.90, 0.51) (0.03, 0.02, 0.04) #fs:   4  -- #Conts: 3 H(3) 
    190428 078.82 || noQ Q (Avg,Max,Min) (0.77, 0.80, 0.71) (0.04, 0.04, 0.04) #fs:   3  -- #Conts: 3 H(2)  G(1) 
    203402 063.06 || noQ Q (Avg,Max,Min) (0.92, 0.97, 0.88) (0.05, 0.05, 0.05) #fs:   2  -- #Conts: 2 H(2) 
    302820 047.29 || noQ Q (Avg,Max,Min) (0.86, 1.00, 0.73) (0.07, 0.05, 0.08) #fs:   2  -- #Conts: 2 H(1)  G(1) 
    348500 031.53 || noQ Q (Avg,Max,Min) (0.92, 0.97, 0.87) (0.09, 0.08, 0.09) #fs:   2  -- #Conts: 2 G(2) 
    517461 026.82 || noQ Q (Avg,Max,Min) (0.75, 0.96, 0.56) (0.10, 0.05, 0.14) #fs:   7  -- #Conts: 4 E(4) 
    534931 024.12 || noQ Q (Avg,Max,Min) (0.83, 0.92, 0.63) (0.11, 0.09, 0.14) #fs:   7  -- #Conts: 4 E(3)  C(1) 
    641033 015.76 || noQ Q (Avg,Max,Min) (1.00, 1.00, 1.00) (0.18, 0.18, 0.18) #fs:   0  -- #Conts: 1 G(1) 
    785808 013.41 || noQ Q (Avg,Max,Min) (0.92, 0.97, 0.87) (0.20, 0.19, 0.21) #fs:   2  -- #Conts: 2 E(2) 
   1179182 010.71 || noQ Q (Avg,Max,Min) (0.86, 1.00, 0.72) (0.27, 0.21, 0.33) #fs:   2  -- #Conts: 2 E(1)  C(1) 
   1357734 008.00 || noQ Q (Avg,Max,Min) (0.92, 0.97, 0.87) (0.35, 0.33, 0.37) #fs:   2  -- #Conts: 2 C(2) 
   1445702 006.71 || noQ Q (Avg,Max,Min) (1.00, 1.00, 1.00) (0.40, 0.40, 0.40) #fs:   0  -- #Conts: 1 E(1) 
   2498077 004.00 || noQ Q (Avg,Max,Min) (1.00, 1.00, 1.00) (0.69, 0.69, 0.69) #fs:   0  -- #Conts: 1 C(1) 
/////////////////size: 16
    136489 110.35 || noQ Q (Avg,Max,Min) (1.00, 1.01, 1.00) (0.03, 0.02, 0.04) #fs:   0  -- #Conts: 4 H(3)  G(1) 
    151161 095.59 || noQ Q (Avg,Max,Min) (0.87, 1.00, 0.72) (0.03, 0.01, 0.04) #fs:   3  -- #Conts: 4 H(3)  A(1) 
    151615 094.59 || noQ Q (Avg,Max,Min) (0.82, 0.89, 0.72) (0.03, 0.03, 0.04) #fs:   4  -- #Conts: 3 H(3) 
    170804 078.82 || noQ Q (Avg,Max,Min) (0.94, 1.00, 0.85) (0.04, 0.03, 0.05) #fs:   3  -- #Conts: 3 H(2)  G(1) 
    210179 063.06 || noQ Q (Avg,Max,Min) (0.97, 1.00, 0.90) (0.05, 0.03, 0.06) #fs:   1  -- #Conts: 3 H(1)  G(2) 
    233650 054.00 || noQ Q (Avg,Max,Min) (0.92, 1.00, 0.68) (0.05, 0.03, 0.07) #fs:   1  -- #Conts: 4 G(3)  E(1) 
    259001 048.29 || noQ Q (Avg,Max,Min) (0.87, 1.00, 0.72) (0.05, 0.01, 0.06) #fs:   4  -- #Conts: 4 G(3)  A(1) 
    259785 047.29 || noQ Q (Avg,Max,Min) (0.82, 0.89, 0.72) (0.06, 0.05, 0.06) #fs:   3  -- #Conts: 3 G(3) 
    330172 031.53 || noQ Q (Avg,Max,Min) (0.97, 1.00, 0.94) (0.09, 0.09, 0.09) #fs:   1  -- #Conts: 2 G(2) 
    440367 026.47 || noQ Q (Avg,Max,Min) (0.95, 1.00, 0.84) (0.09, 0.07, 0.12) #fs:   2  -- #Conts: 3 G(1)  E(1)  C(1) 
    493331 022.47 || noQ Q (Avg,Max,Min) (0.92, 0.98, 0.86) (0.12, 0.10, 0.13) #fs:   2  -- #Conts: 2 G(1)  E(1) 
    548709 019.76 || noQ Q (Avg,Max,Min) (0.88, 1.00, 0.76) (0.13, 0.10, 0.15) #fs:   2  -- #Conts: 2 G(1)  C(1) 
    623386 016.76 || noQ Q (Avg,Max,Min) (0.76, 1.00, 0.51) (0.13, 0.08, 0.17) #fs:   2  -- #Conts: 2 G(1)  A(1) 
    641033 015.76 || noQ Q (Avg,Max,Min) (1.00, 1.00, 1.00) (0.18, 0.18, 0.18) #fs:   0  -- #Conts: 1 G(1) 
    744621 013.41 || noQ Q (Avg,Max,Min) (0.97, 1.00, 0.94) (0.20, 0.19, 0.21) #fs:   1  -- #Conts: 2 E(2) 
   1009468 010.71 || noQ Q (Avg,Max,Min) (0.92, 0.98, 0.87) (0.26, 0.24, 0.27) #fs:   3  -- #Conts: 2 E(1)  C(1) 
   1405915 007.71 || noQ Q (Avg,Max,Min) (0.62, 1.00, 0.25) (0.24, 0.08, 0.39) #fs:   3  -- #Conts: 2 A(1)  E(1) 
   1445702 006.71 || noQ Q (Avg,Max,Min) (1.00, 1.00, 1.00) (0.40, 0.40, 0.40) #fs:   0  -- #Conts: 1 E(1) 
   2138285 005.00 || noQ Q (Avg,Max,Min) (0.93, 1.00, 0.86) (0.52, 0.44, 0.59) #fs:   2  -- #Conts: 2 A(1)  C(1) 
   2498077 004.00 || noQ Q (Avg,Max,Min) (1.00, 1.00, 1.00) (0.69, 0.69, 0.69) #fs:   0  -- #Conts: 1 C(1) 
/////////////////size: 20
nodes 48 edges 56
 mulT: 1 mulD: 1  sumData GB 1
pareto /SIPHT.n.50.0.dax time -> 753.0
moheft /SIPHT.n.50.0.dax time -> 144.0
distance from M to C 0.0
distance from P to C 0.19078831244616434
distance from C to M 0.34791098471284915
distance from C to P 0.40596760123288866
toCompare: /SIPHT.n.50.0.dax sumDataGB: 1 mulT: 1 mulD: 1 paretoOptTime_MS: 753.0 MoheftOptimizationTime_MS: 144.0 MtoC 0.0 PtoC 0.19078831244616434 CtoM 0.34791098471284915 CtoP 0.40596760123288866
