specify -Dflow d,b,mt,md,size
Running /home/vaggelis/jc/CYBERSHAKE.n.50.0.dax mt 50 md: 10000 size null
   1139516 063.06 || noQ Q (Avg,Max,Min) (36.74, 41.86, 10.00) (11.62, 10.00, 13.24) #fs:   1  -- #Conts: 2 H(2) 
   1875508 047.29 || noQ Q (Avg,Max,Min) (22.90, 25.83, 10.00) (11.73, 10.00, 13.46) #fs:   1  -- #Conts: 2 H(1)  G(1) 
   1952027 031.53 || noQ Q (Avg,Max,Min) (21.85, 24.82, 10.00) (11.85, 10.00, 13.46) #fs:   1  -- #Conts: 2 G(2) 
   4408198 026.82 || noQ Q (Avg,Max,Min) (10.23, 11.54, 8.92) (6.26, 5.46, 7.05) #fs:   1  -- #Conts: 2 E(2) 
   7198854 021.41 || noQ Q (Avg,Max,Min) (6.47, 7.47, 5.47) (6.47, 5.47, 7.47) #fs:   6  -- #Conts: 2 E(1)  C(1) 
   7717771 020.00 || noQ Q (Avg,Max,Min) (6.50, 7.47, 5.52) (5.71, 3.95, 7.47) #fs:   0  -- #Conts: 2 C(2) 
  33797018 019.00 || noQ Q (Avg,Max,Min) (2.24, 2.44, 2.03) (2.17, 1.91, 2.44) #fs:   0  -- #Conts: 2 A(2) 
/////////////////size: 7
   1804916 047.29 || noQ Q (Avg,Max,Min) (23.40, 26.79, 10.00) (11.73, 10.00, 13.43) #fs:   4  -- #Conts: 2 H(1)  G(1) 
   2190125 047.24 || noQ Q (Avg,Max,Min) (5.59, 38.19, 0.16) (2.95, 0.00, 23.23) #fs:   2  -- #Conts: 8 H(1)  A(5)  E(1)  C(1) 
   2190221 040.53 || noQ Q (Avg,Max,Min) (6.25, 38.18, 0.16) (3.37, 0.01, 23.23) #fs:   2  -- #Conts: 7 H(1)  A(5)  C(1) 
   2191437 039.53 || noQ Q (Avg,Max,Min) (7.10, 38.16, 0.16) (3.93, 0.01, 23.23) #fs:   2  -- #Conts: 6 H(1)  A(4)  C(1) 
   2192450 036.53 || noQ Q (Avg,Max,Min) (6.92, 38.14, 0.12) (3.93, 0.02, 23.23) #fs:   3  -- #Conts: 6 H(1)  A(5) 
   2194679 035.53 || noQ Q (Avg,Max,Min) (8.28, 38.11, 0.16) (4.71, 0.05, 23.23) #fs:   2  -- #Conts: 5 H(1)  A(4) 
   2202158 034.53 || noQ Q (Avg,Max,Min) (10.27, 37.98, 1.03) (5.87, 0.05, 23.23) #fs:   0  -- #Conts: 4 H(1)  A(3) 
   2206667 033.53 || noQ Q (Avg,Max,Min) (13.33, 37.91, 1.03) (7.82, 0.08, 23.23) #fs:   0  -- #Conts: 3 H(1)  A(2) 
   2215469 032.53 || noQ Q (Avg,Max,Min) (19.40, 37.76, 1.03) (11.69, 0.15, 23.24) #fs:   0  -- #Conts: 2 H(1)  A(1) 
   2233312 031.53 || noQ Q (Avg,Max,Min) (37.47, 37.47, 10.00) (23.24, 10.00, 23.24) #fs:   0  -- #Conts: 1 H(1) 
  93676414 031.47 || noQ Q (Avg,Max,Min) (106.10, 169.71, 0.07) (12.52, 0.02, 23.62) #fs:   3  -- #Conts: 5 G(1)  A(1)  E(1)  C(2) 
  93680329 030.47 || noQ Q (Avg,Max,Min) (130.81, 167.13, 10.00) (15.65, 10.00, 23.62) #fs:   2  -- #Conts: 4 G(1)  E(1)  C(2) 
  93695493 028.76 || noQ Q (Avg,Max,Min) (99.69, 159.09, 0.80) (12.53, 0.03, 23.62) #fs:   2  -- #Conts: 5 G(1)  A(1)  C(3) 
  93704062 027.76 || noQ Q (Avg,Max,Min) (121.39, 154.86, 10.00) (15.66, 10.00, 23.62) #fs:   1  -- #Conts: 4 G(1)  C(3) 
  93718715 027.47 || noQ Q (Avg,Max,Min) (115.31, 290.99, 0.07) (15.65, 0.02, 25.93) #fs:   2  -- #Conts: 4 G(1)  A(1)  E(1)  C(1) 
  93723520 026.47 || noQ Q (Avg,Max,Min) (151.44, 286.81, 10.00) (20.86, 10.00, 25.93) #fs:   0  -- #Conts: 3 G(1)  E(1)  C(1) 
  93872506 025.47 || noQ Q (Avg,Max,Min) (64.36, 295.03, 1.05) (12.52, 0.01, 38.90) #fs:   0  -- #Conts: 5 G(1)  A(3)  E(1) 
  93877465 024.47 || noQ Q (Avg,Max,Min) (79.43, 291.99, 1.05) (15.65, 0.03, 38.90) #fs:   0  -- #Conts: 4 G(1)  A(2)  E(1) 
  93891625 023.47 || noQ Q (Avg,Max,Min) (102.78, 283.67, 1.04) (20.86, 0.04, 38.90) #fs:   0  -- #Conts: 3 G(1)  A(1)  E(1) 
  93911853 022.47 || noQ Q (Avg,Max,Min) (148.08, 272.55, 10.00) (31.27, 10.00, 38.91) #fs:   0  -- #Conts: 2 G(1)  E(1) 
  94216688 021.76 || noQ Q (Avg,Max,Min) (49.17, 171.96, 0.07) (15.68, 0.02, 38.99) #fs:   2  -- #Conts: 4 G(1)  A(2)  C(1) 
  94225810 020.76 || noQ Q (Avg,Max,Min) (64.79, 169.71, 1.05) (20.90, 0.08, 39.00) #fs:   1  -- #Conts: 3 G(1)  A(1)  C(1) 
  94285987 019.76 || noQ Q (Avg,Max,Min) (90.89, 158.15, 10.00) (31.32, 10.00, 39.01) #fs:   0  -- #Conts: 2 G(1)  C(1) 
  94747388 018.76 || noQ Q (Avg,Max,Min) (32.62, 35.82, 10.00) (15.87, 10.00, 23.62) #fs:   1  -- #Conts: 4 G(1)  A(3) 
  95743909 017.76 || noQ Q (Avg,Max,Min) (28.45, 40.66, 10.00) (21.16, 10.00, 26.49) #fs:   1  -- #Conts: 3 G(1)  A(2) 
/////////////////size: 25
nodes 50 edges 92
 mulT: 50 mulD: 10000  sumData GB 863024
pareto /CYBERSHAKE.n.50.0.dax time -> 162.0
moheft /CYBERSHAKE.n.50.0.dax time -> 222.0
distance from M to C 1.1436210864690282
distance from P to C 0.0
distance from C to M 1.918722894729072
distance from C to P 0.3753381150454192
toCompare: /CYBERSHAKE.n.50.0.dax sumDataGB: 863024 mulT: 50 mulD: 10000 paretoOptTime_MS: 162.0 MoheftOptimizationTime_MS: 222.0 MtoC 1.1436210864690282 PtoC 0.0 CtoM 1.918722894729072 CtoP 0.3753381150454192
