specify -Dflow d,b,mt,md,size
Running /home/vaggelis/jc/LIGO.n.50.0.dax mt 1 md: 10000 size null
    200557 346.82 || noQ Q (Avg,Max,Min) (1.60, 3.13, 1.20) (0.06, 0.05, 0.11) #fs:  12  -- #Conts: 11 H(11) 
    201589 331.06 || noQ Q (Avg,Max,Min) (1.60, 3.13, 1.20) (0.06, 0.05, 0.11) #fs:  12  -- #Conts: 11 H(10)  G(1) 
    201739 315.29 || noQ Q (Avg,Max,Min) (1.61, 3.13, 1.19) (0.06, 0.05, 0.11) #fs:  12  -- #Conts: 11 H(9)  G(2) 
    202844 299.53 || noQ Q (Avg,Max,Min) (1.60, 3.14, 1.19) (0.06, 0.05, 0.12) #fs:  12  -- #Conts: 11 H(8)  G(3) 
    204116 283.76 || noQ Q (Avg,Max,Min) (1.60, 3.11, 1.33) (0.06, 0.05, 0.12) #fs:  12  -- #Conts: 11 H(7)  G(4) 
    204620 268.00 || noQ Q (Avg,Max,Min) (1.60, 3.10, 1.33) (0.06, 0.05, 0.12) #fs:  12  -- #Conts: 11 H(6)  G(5) 
    207711 252.24 || noQ Q (Avg,Max,Min) (1.60, 3.10, 1.31) (0.06, 0.05, 0.12) #fs:  12  -- #Conts: 11 H(5)  G(6) 
    209055 236.47 || noQ Q (Avg,Max,Min) (1.59, 3.07, 1.30) (0.06, 0.05, 0.12) #fs:  12  -- #Conts: 11 H(4)  G(7) 
    215377 220.71 || noQ Q (Avg,Max,Min) (1.53, 2.93, 1.26) (0.06, 0.05, 0.12) #fs:  12  -- #Conts: 11 H(3)  G(8) 
    220713 204.94 || noQ Q (Avg,Max,Min) (1.48, 2.82, 1.23) (0.06, 0.05, 0.12) #fs:  12  -- #Conts: 11 H(2)  G(9) 
    231463 189.18 || noQ Q (Avg,Max,Min) (1.48, 2.84, 1.18) (0.06, 0.02, 0.12) #fs:  12  -- #Conts: 12 G(12) 
    238504 173.41 || noQ Q (Avg,Max,Min) (1.47, 2.84, 1.14) (0.07, 0.05, 0.12) #fs:  12  -- #Conts: 11 G(11) 
    248121 164.35 || noQ Q (Avg,Max,Min) (1.40, 2.67, 1.10) (0.07, 0.05, 0.12) #fs:  12  -- #Conts: 11 G(10)  E(1) 
    248526 126.12 || noQ Q (Avg,Max,Min) (2.92, 3.32, 2.65) (0.16, 0.14, 0.18) #fs:   5  -- #Conts: 4 H(4) 
    259924 110.35 || noQ Q (Avg,Max,Min) (2.95, 3.31, 2.78) (0.17, 0.14, 0.20) #fs:   4  -- #Conts: 4 H(3)  G(1) 
    282716 094.59 || noQ Q (Avg,Max,Min) (3.26, 3.62, 2.67) (0.21, 0.21, 0.22) #fs:   4  -- #Conts: 3 H(3) 
    320207 078.82 || noQ Q (Avg,Max,Min) (2.44, 2.79, 2.29) (0.18, 0.16, 0.21) #fs:   5  -- #Conts: 4 H(1)  G(3) 
    322101 069.76 || noQ Q (Avg,Max,Min) (2.17, 2.64, 1.25) (0.15, 0.03, 0.21) #fs:   5  -- #Conts: 5 G(4)  E(1) 
    325837 063.06 || noQ Q (Avg,Max,Min) (2.37, 2.64, 2.24) (0.18, 0.16, 0.21) #fs:   5  -- #Conts: 4 G(4) 
    385622 047.29 || noQ Q (Avg,Max,Min) (2.59, 2.81, 2.21) (0.24, 0.23, 0.25) #fs:   4  -- #Conts: 3 G(3) 
    423327 031.53 || noQ Q (Avg,Max,Min) (5.24, 5.24, 5.24) (0.62, 0.62, 0.62) #fs:   0  -- #Conts: 1 H(1) 
    572808 026.82 || noQ Q (Avg,Max,Min) (1.71, 1.86, 1.57) (0.24, 0.22, 0.26) #fs:   5  -- #Conts: 4 E(4) 
    705181 020.12 || noQ Q (Avg,Max,Min) (1.92, 2.05, 1.78) (0.34, 0.31, 0.38) #fs:   4  -- #Conts: 3 E(3) 
    725500 015.76 || noQ Q (Avg,Max,Min) (3.48, 3.48, 3.48) (0.70, 0.70, 0.70) #fs:   0  -- #Conts: 1 G(1) 
    958792 013.41 || noQ Q (Avg,Max,Min) (2.03, 2.11, 1.94) (0.52, 0.51, 0.52) #fs:   3  -- #Conts: 2 E(2) 
   1118728 012.00 || noQ Q (Avg,Max,Min) (1.62, 1.79, 1.44) (0.47, 0.41, 0.50) #fs:   2  -- #Conts: 3 C(3) 
   1506547 010.71 || noQ Q (Avg,Max,Min) (1.47, 1.71, 1.24) (0.60, 0.52, 0.68) #fs:   2  -- #Conts: 2 E(1)  C(1) 
   1558177 008.00 || noQ Q (Avg,Max,Min) (1.62, 1.66, 1.59) (0.68, 0.68, 0.69) #fs:   2  -- #Conts: 2 C(2) 
   1636202 006.71 || noQ Q (Avg,Max,Min) (2.10, 2.10, 2.10) (0.95, 0.95, 0.95) #fs:   0  -- #Conts: 1 E(1) 
   2755950 006.00 || noQ Q (Avg,Max,Min) (1.06, 1.24, 0.85) (0.71, 0.55, 0.82) #fs:   7  -- #Conts: 6 A(6) 
   2827235 004.00 || noQ Q (Avg,Max,Min) (1.64, 1.64, 1.64) (1.28, 1.28, 1.28) #fs:   0  -- #Conts: 1 C(1) 
/////////////////size: 31
    235988 362.59 || noQ Q (Avg,Max,Min) (3.59, 8.59, 1.44) (0.04, 0.01, 0.12) #fs:   6  -- #Conts: 16 H(7)  G(9) 
    253891 331.06 || noQ Q (Avg,Max,Min) (3.63, 8.59, 1.08) (0.05, 0.01, 0.12) #fs:   7  -- #Conts: 15 H(6)  G(9) 
    254234 283.76 || noQ Q (Avg,Max,Min) (3.66, 8.59, 1.20) (0.05, 0.02, 0.12) #fs:   8  -- #Conts: 14 H(4)  G(10) 
    257354 252.24 || noQ Q (Avg,Max,Min) (3.51, 8.59, 1.09) (0.06, 0.02, 0.12) #fs:   8  -- #Conts: 13 H(3)  G(10) 
    273222 220.71 || noQ Q (Avg,Max,Min) (3.95, 8.59, 1.35) (0.06, 0.04, 0.12) #fs:   8  -- #Conts: 12 H(2)  G(10) 
    285714 204.94 || noQ Q (Avg,Max,Min) (3.82, 8.59, 1.23) (0.06, 0.02, 0.17) #fs:   8  -- #Conts: 11 H(2)  G(9) 
    300170 173.41 || noQ Q (Avg,Max,Min) (4.05, 8.59, 1.32) (0.07, 0.04, 0.17) #fs:   7  -- #Conts: 10 H(1)  G(9) 
    342321 125.41 || noQ Q (Avg,Max,Min) (2.65, 4.37, 1.55) (0.08, 0.02, 0.22) #fs:   5  -- #Conts: 9 H(2)  G(2)  E(4)  C(1) 
    356777 093.88 || noQ Q (Avg,Max,Min) (2.73, 4.37, 1.64) (0.10, 0.05, 0.22) #fs:   5  -- #Conts: 8 H(1)  G(2)  E(4)  C(1) 
    402915 078.12 || noQ Q (Avg,Max,Min) (2.56, 4.37, 0.64) (0.10, 0.03, 0.26) #fs:   4  -- #Conts: 8 G(3)  E(4)  C(1) 
    413580 062.35 || noQ Q (Avg,Max,Min) (2.81, 4.37, 2.09) (0.11, 0.05, 0.29) #fs:   3  -- #Conts: 7 G(2)  E(4)  C(1) 
    481481 060.94 || noQ Q (Avg,Max,Min) (2.08, 2.95, 1.39) (0.11, 0.03, 0.32) #fs:   2  -- #Conts: 8 G(2)  E(2)  C(4) 
    495954 049.18 || noQ Q (Avg,Max,Min) (2.09, 2.95, 1.41) (0.11, 0.03, 0.32) #fs:   1  -- #Conts: 8 G(1)  E(2)  C(5) 
    504378 045.18 || noQ Q (Avg,Max,Min) (2.15, 2.95, 1.41) (0.13, 0.03, 0.36) #fs:   1  -- #Conts: 7 G(1)  E(2)  C(4) 
    550084 042.47 || noQ Q (Avg,Max,Min) (2.16, 2.95, 1.92) (0.13, 0.06, 0.32) #fs:   2  -- #Conts: 7 G(1)  E(1)  C(5) 
    558508 038.47 || noQ Q (Avg,Max,Min) (2.23, 2.95, 1.91) (0.15, 0.06, 0.36) #fs:   2  -- #Conts: 6 G(1)  E(1)  C(4) 
    564330 034.47 || noQ Q (Avg,Max,Min) (2.35, 2.95, 1.85) (0.17, 0.06, 0.43) #fs:   3  -- #Conts: 5 G(1)  E(1)  C(3) 
    564434 029.18 || noQ Q (Avg,Max,Min) (2.23, 2.99, 1.42) (0.29, 0.07, 0.47) #fs:   3  -- #Conts: 3 G(1)  E(2) 
    632714 022.47 || noQ Q (Avg,Max,Min) (2.53, 2.88, 2.18) (0.43, 0.35, 0.51) #fs:   3  -- #Conts: 2 G(1)  E(1) 
    697439 020.76 || noQ Q (Avg,Max,Min) (1.72, 3.46, 0.51) (0.29, 0.06, 0.67) #fs:   2  -- #Conts: 3 G(1)  A(1)  C(1) 
    722255 016.76 || noQ Q (Avg,Max,Min) (2.81, 3.49, 2.13) (0.37, 0.03, 0.70) #fs:   0  -- #Conts: 2 G(1)  A(1) 
    725500 015.76 || noQ Q (Avg,Max,Min) (3.48, 3.48, 3.48) (0.70, 0.70, 0.70) #fs:   0  -- #Conts: 1 G(1) 
    943757 014.71 || noQ Q (Avg,Max,Min) (1.63, 2.12, 1.19) (0.41, 0.30, 0.52) #fs:   4  -- #Conts: 3 E(1)  C(2) 
   1153368 010.71 || noQ Q (Avg,Max,Min) (1.91, 2.12, 1.71) (0.59, 0.50, 0.68) #fs:   1  -- #Conts: 2 E(1)  C(1) 
   1465265 009.71 || noQ Q (Avg,Max,Min) (1.39, 1.81, 1.11) (0.39, 0.16, 0.74) #fs:   2  -- #Conts: 4 A(3)  E(1) 
   1495444 008.71 || noQ Q (Avg,Max,Min) (1.46, 2.02, 1.07) (0.46, 0.16, 0.84) #fs:   1  -- #Conts: 3 A(2)  E(1) 
   1562459 007.71 || noQ Q (Avg,Max,Min) (1.52, 2.05, 0.98) (0.63, 0.37, 0.89) #fs:   1  -- #Conts: 2 A(1)  E(1) 
   1636202 006.71 || noQ Q (Avg,Max,Min) (2.10, 2.10, 2.10) (0.95, 0.95, 0.95) #fs:   0  -- #Conts: 1 E(1) 
   2345477 006.00 || noQ Q (Avg,Max,Min) (1.36, 1.61, 1.16) (0.68, 0.29, 1.05) #fs:   2  -- #Conts: 3 A(2)  C(1) 
   2463247 005.00 || noQ Q (Avg,Max,Min) (1.39, 1.69, 1.10) (0.93, 0.70, 1.15) #fs:   2  -- #Conts: 2 A(1)  C(1) 
   2827235 004.00 || noQ Q (Avg,Max,Min) (1.64, 1.64, 1.64) (1.28, 1.28, 1.28) #fs:   0  -- #Conts: 1 C(1) 
/////////////////size: 31
nodes 50 edges 60
 mulT: 1 mulD: 10000  sumData GB 14479
pareto /LIGO.n.50.0.dax time -> 1018.0
moheft /LIGO.n.50.0.dax time -> 464.0
distance from M to C 1.8462203625071667
distance from P to C 0.0967741935483871
distance from C to M 1.2823527504406993
distance from C to P 0.22780631642408733
toCompare: /LIGO.n.50.0.dax sumDataGB: 14479 mulT: 1 mulD: 10000 paretoOptTime_MS: 1018.0 MoheftOptimizationTime_MS: 464.0 MtoC 1.8462203625071667 PtoC 0.0967741935483871 CtoM 1.2823527504406993 CtoP 0.22780631642408733
