specify -Dflow d,b,mt,md,size
Running /home/vaggelis/jc/LIGO.n.50.0.dax mt 30 md: 10000 size null
   1736370 378.35 || noQ Q (Avg,Max,Min) (0.92, 1.12, 0.72) (0.35, 0.28, 0.41) #fs:  12  -- #Conts: 12 H(12) 
   1761050 362.59 || noQ Q (Avg,Max,Min) (0.94, 1.12, 0.73) (0.37, 0.28, 0.44) #fs:  12  -- #Conts: 12 H(11)  G(1) 
   1767367 346.82 || noQ Q (Avg,Max,Min) (0.96, 1.12, 0.82) (0.38, 0.30, 0.44) #fs:  12  -- #Conts: 12 H(10)  G(2) 
   1923826 331.06 || noQ Q (Avg,Max,Min) (0.97, 1.12, 0.89) (0.40, 0.30, 0.53) #fs:  12  -- #Conts: 12 H(9)  G(3) 
   1996485 315.29 || noQ Q (Avg,Max,Min) (0.99, 1.12, 0.85) (0.41, 0.30, 0.60) #fs:  12  -- #Conts: 12 H(8)  G(4) 
   2073608 299.53 || noQ Q (Avg,Max,Min) (0.98, 1.13, 0.82) (0.43, 0.30, 0.63) #fs:  13  -- #Conts: 12 H(7)  G(5) 
   2257331 283.76 || noQ Q (Avg,Max,Min) (0.99, 1.23, 0.82) (0.46, 0.35, 0.61) #fs:  12  -- #Conts: 11 H(7)  G(4) 
   2308255 268.00 || noQ Q (Avg,Max,Min) (0.98, 1.20, 0.86) (0.48, 0.37, 0.61) #fs:  13  -- #Conts: 11 H(6)  G(5) 
   2441715 252.24 || noQ Q (Avg,Max,Min) (0.98, 1.19, 0.84) (0.51, 0.39, 0.64) #fs:  12  -- #Conts: 10 H(6)  G(4) 
   2534769 236.47 || noQ Q (Avg,Max,Min) (0.98, 1.12, 0.81) (0.55, 0.39, 0.77) #fs:  12  -- #Conts: 9 H(6)  G(3) 
   2560946 220.71 || noQ Q (Avg,Max,Min) (1.00, 1.10, 0.83) (0.58, 0.49, 0.77) #fs:  12  -- #Conts: 9 H(5)  G(4) 
   2745455 204.94 || noQ Q (Avg,Max,Min) (0.87, 1.07, 0.70) (0.54, 0.40, 0.67) #fs:  11  -- #Conts: 12 H(1)  G(11) 
   2759213 189.18 || noQ Q (Avg,Max,Min) (0.89, 1.07, 0.70) (0.56, 0.43, 0.67) #fs:  12  -- #Conts: 12 G(12) 
   3366504 173.41 || noQ Q (Avg,Max,Min) (0.95, 1.23, 0.79) (0.62, 0.45, 0.90) #fs:  12  -- #Conts: 11 G(11) 
   3442467 157.65 || noQ Q (Avg,Max,Min) (1.08, 1.28, 0.92) (0.87, 0.65, 0.99) #fs:   5  -- #Conts: 5 H(5) 
   6145452 156.59 || noQ Q (Avg,Max,Min) (0.92, 1.24, 0.72) (0.62, 0.46, 0.79) #fs:  12  -- #Conts: 12 G(1)  E(11) 
   6491808 148.82 || noQ Q (Avg,Max,Min) (0.91, 1.15, 0.72) (0.66, 0.49, 0.79) #fs:  11  -- #Conts: 12 E(11)  C(1) 
   6570587 143.41 || noQ Q (Avg,Max,Min) (0.93, 1.15, 0.76) (0.68, 0.51, 0.82) #fs:  12  -- #Conts: 12 E(10)  C(2) 
   6681945 140.82 || noQ Q (Avg,Max,Min) (0.90, 1.09, 0.61) (0.68, 0.58, 1.01) #fs:  12  -- #Conts: 13 E(13) 
   6741908 138.12 || noQ Q (Avg,Max,Min) (0.93, 1.08, 0.64) (0.71, 0.60, 1.01) #fs:  13  -- #Conts: 13 E(12)  C(1) 
   6834285 138.00 || noQ Q (Avg,Max,Min) (0.92, 1.10, 0.77) (0.71, 0.57, 0.87) #fs:  13  -- #Conts: 12 E(9)  C(3) 
   7149420 134.12 || noQ Q (Avg,Max,Min) (0.90, 1.09, 0.61) (0.71, 0.58, 1.00) #fs:  10  -- #Conts: 12 E(12) 
   7209383 131.41 || noQ Q (Avg,Max,Min) (0.92, 1.08, 0.64) (0.74, 0.60, 1.00) #fs:  11  -- #Conts: 12 E(11)  C(1) 
   8047454 127.41 || noQ Q (Avg,Max,Min) (0.89, 1.09, 0.61) (0.74, 0.58, 1.00) #fs:  11  -- #Conts: 12 E(12) 
  11044093 120.00 || noQ Q (Avg,Max,Min) (0.96, 1.04, 0.73) (0.83, 0.71, 1.00) #fs:   7  -- #Conts: 15 C(15) 
  13553303 116.00 || noQ Q (Avg,Max,Min) (0.99, 1.34, 0.73) (0.88, 0.70, 1.29) #fs:   6  -- #Conts: 15 C(15) 
  14542714 114.82 || noQ Q (Avg,Max,Min) (0.95, 1.09, 0.71) (0.87, 0.68, 1.03) #fs:   8  -- #Conts: 10 E(1)  C(9) 
  14647835 112.00 || noQ Q (Avg,Max,Min) (1.01, 1.34, 0.87) (0.89, 0.74, 1.29) #fs:   5  -- #Conts: 15 C(15) 
  17019829 108.00 || noQ Q (Avg,Max,Min) (0.97, 1.07, 0.80) (0.90, 0.74, 1.03) #fs:   6  -- #Conts: 10 C(10) 
  21853668 105.41 || noQ Q (Avg,Max,Min) (1.03, 1.34, 0.78) (0.94, 0.63, 1.29) #fs:   1  -- #Conts: 12 E(1)  C(11) 
  24021947 104.00 || noQ Q (Avg,Max,Min) (1.05, 1.34, 1.00) (0.95, 0.63, 1.29) #fs:   0  -- #Conts: 12 C(12) 
  25501353 102.71 || noQ Q (Avg,Max,Min) (1.07, 1.59, 1.01) (0.95, 0.81, 1.03) #fs:   0  -- #Conts: 11 E(1)  C(10) 
  25604972 100.00 || noQ Q (Avg,Max,Min) (1.05, 1.34, 1.01) (0.98, 0.81, 1.29) #fs:   0  -- #Conts: 11 C(11) 
/////////////////size: 33
   4543055 205.94 || noQ Q (Avg,Max,Min) (1.05, 1.25, 0.92) (0.50, 0.16, 1.24) #fs:   4  -- #Conts: 11 H(3)  A(1)  G(7) 
   4603197 190.18 || noQ Q (Avg,Max,Min) (1.04, 1.25, 0.92) (0.54, 0.19, 1.24) #fs:   5  -- #Conts: 10 H(3)  A(1)  G(6) 
   4942511 174.41 || noQ Q (Avg,Max,Min) (1.05, 1.25, 0.92) (0.60, 0.20, 1.24) #fs:   4  -- #Conts: 9 H(3)  A(1)  G(5) 
   5098632 158.65 || noQ Q (Avg,Max,Min) (1.05, 1.25, 0.92) (0.68, 0.26, 1.24) #fs:   4  -- #Conts: 8 H(3)  A(1)  G(4) 
   5168166 156.29 || noQ Q (Avg,Max,Min) (1.04, 1.25, 0.92) (0.66, 0.26, 1.24) #fs:   5  -- #Conts: 9 H(3)  A(1)  G(3)  E(2) 
   5182041 149.59 || noQ Q (Avg,Max,Min) (1.05, 1.25, 0.92) (0.71, 0.27, 1.24) #fs:   5  -- #Conts: 8 H(3)  A(1)  G(3)  E(1) 
   5216951 142.88 || noQ Q (Avg,Max,Min) (1.05, 1.25, 0.92) (0.78, 0.44, 1.24) #fs:   5  -- #Conts: 7 H(3)  A(1)  G(3) 
   5364203 140.53 || noQ Q (Avg,Max,Min) (1.05, 1.25, 0.92) (0.74, 0.42, 1.24) #fs:   4  -- #Conts: 8 H(3)  A(1)  G(2)  E(2) 
   5520699 138.18 || noQ Q (Avg,Max,Min) (1.04, 1.25, 0.92) (0.72, 0.42, 1.24) #fs:   4  -- #Conts: 9 H(3)  A(1)  G(1)  E(4) 
   5767089 135.82 || noQ Q (Avg,Max,Min) (1.04, 1.25, 0.92) (0.71, 0.42, 1.24) #fs:   4  -- #Conts: 10 H(3)  A(1)  E(6) 
   5903302 133.82 || noQ Q (Avg,Max,Min) (1.05, 1.25, 0.92) (0.81, 0.44, 1.24) #fs:   4  -- #Conts: 7 H(3)  A(1)  G(2)  E(1) 
   6022680 127.12 || noQ Q (Avg,Max,Min) (1.06, 1.25, 0.92) (0.90, 0.68, 1.24) #fs:   4  -- #Conts: 6 H(3)  A(1)  G(2) 
   6297639 126.06 || noQ Q (Avg,Max,Min) (1.04, 1.25, 0.92) (0.85, 0.54, 1.24) #fs:   4  -- #Conts: 8 H(3)  A(1)  G(1)  E(1)  C(2) 
   6342925 123.35 || noQ Q (Avg,Max,Min) (1.04, 1.25, 0.92) (0.88, 0.72, 1.24) #fs:   5  -- #Conts: 8 H(3)  A(1)  G(1)  C(3) 
   6832867 122.06 || noQ Q (Avg,Max,Min) (1.05, 1.25, 0.92) (0.90, 0.54, 1.24) #fs:   4  -- #Conts: 7 H(3)  A(1)  G(1)  E(1)  C(1) 
   6983035 119.35 || noQ Q (Avg,Max,Min) (1.05, 1.25, 0.92) (0.93, 0.75, 1.24) #fs:   4  -- #Conts: 7 H(3)  A(1)  G(1)  C(2) 
   7005775 118.06 || noQ Q (Avg,Max,Min) (1.06, 1.25, 0.92) (0.99, 0.76, 1.24) #fs:   4  -- #Conts: 6 H(3)  A(1)  G(1)  E(1) 
  10080652 110.35 || noQ Q (Avg,Max,Min) (1.12, 1.23, 1.06) (1.04, 0.91, 1.23) #fs:   1  -- #Conts: 3 H(1)  G(2) 
  10485728 109.29 || noQ Q (Avg,Max,Min) (1.07, 1.23, 1.01) (0.84, 0.44, 1.23) #fs:   1  -- #Conts: 6 H(1)  G(2)  E(1)  C(2) 
  10585005 106.59 || noQ Q (Avg,Max,Min) (1.07, 1.23, 1.01) (0.90, 0.58, 1.23) #fs:   1  -- #Conts: 6 H(1)  G(2)  C(3) 
  10658332 105.29 || noQ Q (Avg,Max,Min) (1.08, 1.23, 1.01) (0.97, 0.72, 1.23) #fs:   1  -- #Conts: 5 H(1)  G(2)  E(1)  C(1) 
  17149761 104.29 || noQ Q (Avg,Max,Min) (1.08, 1.23, 1.00) (1.01, 0.86, 1.23) #fs:   1  -- #Conts: 5 H(1)  G(2)  A(1)  E(1) 
/////////////////size: 22
nodes 50 edges 60
 mulT: 30 mulD: 10000  sumData GB 14479
pareto /LIGO.n.50.0.dax time -> 1285.0
moheft /LIGO.n.50.0.dax time -> 180.0
distance from M to C 0.2834576353408995
distance from P to C 1.4547425614068683
distance from C to M 2.2127164641727934
distance from C to P 6.210255123718748
toCompare: /LIGO.n.50.0.dax sumDataGB: 14479 mulT: 30 mulD: 10000 paretoOptTime_MS: 1285.0 MoheftOptimizationTime_MS: 180.0 MtoC 0.2834576353408995 PtoC 1.4547425614068683 CtoM 2.2127164641727934 CtoP 6.210255123718748
