specify -Dflow d,b,mt,md,size
Running /home/vaggelis/jc/SIPHT.n.50.0.dax mt 500 md: 5000 size null
  69066319 1907.53 || noQ Q (Avg,Max,Min) (1.04, 1.58, 0.65) (1.01, 0.62, 1.45) #fs:   2  -- #Conts: 8 H(7)  G(1) 
  69075176 1655.29 || noQ Q (Avg,Max,Min) (1.09, 1.58, 1.00) (1.06, 0.93, 1.45) #fs:   1  -- #Conts: 8 H(7)  G(1) 
 113451607 1560.71 || noQ Q (Avg,Max,Min) (0.96, 1.06, 0.68) (0.88, 0.62, 1.04) #fs:   1  -- #Conts: 6 H(1)  G(5) 
 118640674 1444.53 || noQ Q (Avg,Max,Min) (1.01, 1.03, 1.00) (0.98, 0.93, 1.00) #fs:   0  -- #Conts: 6 G(4)  A(1)  E(1) 
 120553867 1428.76 || noQ Q (Avg,Max,Min) (1.01, 1.03, 1.00) (0.99, 0.97, 1.01) #fs:   0  -- #Conts: 6 G(4)  A(1)  E(1) 
 169374271 1423.00 || noQ Q (Avg,Max,Min) (1.01, 1.03, 1.00) (0.98, 0.97, 1.01) #fs:   0  -- #Conts: 6 G(3)  A(1)  E(2) 
 202611394 1415.41 || noQ Q (Avg,Max,Min) (1.01, 1.02, 1.00) (0.92, 0.67, 1.01) #fs:   0  -- #Conts: 9 H(1)  G(1)  E(7) 
 214095067 1399.65 || noQ Q (Avg,Max,Min) (1.01, 1.02, 1.00) (0.91, 0.67, 1.01) #fs:   0  -- #Conts: 9 G(2)  E(7) 
 250412730 1387.18 || noQ Q (Avg,Max,Min) (1.01, 1.02, 1.00) (0.92, 0.67, 1.01) #fs:   0  -- #Conts: 9 G(1)  E(8) 
 260446250 1374.71 || noQ Q (Avg,Max,Min) (1.01, 1.02, 1.00) (0.92, 0.67, 1.01) #fs:   0  -- #Conts: 9 E(9) 
 261250931 1368.00 || noQ Q (Avg,Max,Min) (1.01, 1.02, 1.00) (0.91, 0.67, 1.01) #fs:   0  -- #Conts: 8 E(8) 
/////////////////size: 11
  69378495 2002.12 || noQ Q (Avg,Max,Min) (0.89, 1.06, 0.47) (0.88, 0.45, 1.05) #fs:   1  -- #Conts: 4 H(3)  G(1) 
  69387352 1655.29 || noQ Q (Avg,Max,Min) (1.03, 1.06, 1.01) (1.01, 0.97, 1.05) #fs:   0  -- #Conts: 4 H(3)  G(1) 
  70680330 1642.53 || noQ Q (Avg,Max,Min) (1.03, 1.07, 1.01) (0.89, 0.32, 1.04) #fs:   0  -- #Conts: 7 H(4)  G(2)  A(1) 
  70724828 1641.53 || noQ Q (Avg,Max,Min) (1.03, 1.06, 1.01) (0.92, 0.35, 1.04) #fs:   0  -- #Conts: 7 H(4)  G(2)  A(1) 
  70808388 1640.53 || noQ Q (Avg,Max,Min) (1.03, 1.06, 1.01) (0.91, 0.34, 1.04) #fs:   0  -- #Conts: 7 H(4)  G(2)  A(1) 
  70876481 1639.53 || noQ Q (Avg,Max,Min) (1.04, 1.09, 1.01) (0.91, 0.39, 1.04) #fs:   0  -- #Conts: 6 H(4)  G(2) 
  71222304 1627.76 || noQ Q (Avg,Max,Min) (1.02, 1.06, 1.01) (0.98, 0.79, 1.04) #fs:   0  -- #Conts: 6 H(4)  G(1)  A(1) 
  71281893 1626.76 || noQ Q (Avg,Max,Min) (1.02, 1.06, 1.01) (1.00, 0.89, 1.04) #fs:   0  -- #Conts: 6 H(4)  G(1)  A(1) 
  71365453 1625.76 || noQ Q (Avg,Max,Min) (1.02, 1.06, 1.01) (1.01, 0.99, 1.04) #fs:   0  -- #Conts: 6 H(4)  G(1)  A(1) 
  71488852 1624.76 || noQ Q (Avg,Max,Min) (1.02, 1.06, 1.01) (1.01, 0.96, 1.04) #fs:   0  -- #Conts: 6 H(4)  G(1)  A(1) 
  71603304 1623.76 || noQ Q (Avg,Max,Min) (1.03, 1.06, 1.01) (1.02, 1.00, 1.04) #fs:   0  -- #Conts: 5 H(4)  G(1) 
  82708288 1608.00 || noQ Q (Avg,Max,Min) (1.02, 1.06, 1.00) (1.01, 0.96, 1.04) #fs:   0  -- #Conts: 5 H(3)  G(2) 
  84826616 1592.24 || noQ Q (Avg,Max,Min) (1.02, 1.07, 1.00) (1.00, 0.93, 1.05) #fs:   0  -- #Conts: 6 H(3)  G(3) 
  87035484 1583.18 || noQ Q (Avg,Max,Min) (1.03, 1.06, 1.00) (1.00, 0.84, 1.04) #fs:   0  -- #Conts: 7 H(4)  G(2)  E(1) 
  87592549 1578.47 || noQ Q (Avg,Max,Min) (1.03, 1.06, 1.00) (1.00, 0.82, 1.04) #fs:   0  -- #Conts: 7 H(4)  G(2)  A(1) 
  87676109 1577.47 || noQ Q (Avg,Max,Min) (1.03, 1.06, 1.00) (1.02, 0.96, 1.04) #fs:   0  -- #Conts: 7 H(4)  G(2)  A(1) 
  87790561 1576.47 || noQ Q (Avg,Max,Min) (1.03, 1.06, 1.00) (1.03, 1.00, 1.04) #fs:   0  -- #Conts: 6 H(4)  G(2) 
  92888876 1529.47 || noQ Q (Avg,Max,Min) (1.04, 1.14, 1.00) (1.01, 0.90, 1.07) #fs:   0  -- #Conts: 8 H(3)  G(3)  A(1)  E(1) 
 107904244 1485.18 || noQ Q (Avg,Max,Min) (1.01, 1.02, 1.00) (0.99, 0.92, 1.01) #fs:   2  -- #Conts: 6 H(2)  G(3)  E(1) 
 111159193 1463.65 || noQ Q (Avg,Max,Min) (1.19, 2.47, 1.00) (0.86, 0.02, 1.01) #fs:   2  -- #Conts: 8 H(2)  G(3)  A(2)  E(1) 
 111174943 1433.12 || noQ Q (Avg,Max,Min) (1.01, 1.06, 1.00) (0.89, 0.25, 1.01) #fs:   2  -- #Conts: 8 H(1)  G(3)  A(3)  E(1) 
 111224126 1432.12 || noQ Q (Avg,Max,Min) (1.01, 1.01, 1.00) (0.98, 0.90, 1.01) #fs:   2  -- #Conts: 7 H(1)  G(3)  A(2)  E(1) 
 111581495 1428.82 || noQ Q (Avg,Max,Min) (1.02, 1.08, 1.00) (1.02, 1.00, 1.07) #fs:   2  -- #Conts: 6 H(1)  G(3)  E(2) 
 122784764 1418.06 || noQ Q (Avg,Max,Min) (1.01, 1.03, 1.00) (0.92, 0.62, 1.01) #fs:   2  -- #Conts: 7 G(4)  A(1)  E(2) 
 123739481 1411.35 || noQ Q (Avg,Max,Min) (1.01, 1.01, 1.00) (0.98, 0.90, 1.01) #fs:   2  -- #Conts: 6 G(4)  A(1)  E(1) 
 125196718 1409.35 || noQ Q (Avg,Max,Min) (1.32, 3.22, 1.00) (0.83, 0.02, 1.02) #fs:   2  -- #Conts: 7 G(4)  A(2)  E(1) 
 125242715 1408.35 || noQ Q (Avg,Max,Min) (1.01, 1.02, 1.00) (0.96, 0.76, 1.02) #fs:   2  -- #Conts: 6 G(4)  A(1)  E(1) 
 125454200 1407.35 || noQ Q (Avg,Max,Min) (1.01, 1.02, 1.00) (0.92, 0.50, 1.02) #fs:   2  -- #Conts: 6 G(4)  A(1)  E(1) 
 125556326 1406.35 || noQ Q (Avg,Max,Min) (1.01, 1.02, 1.00) (1.00, 1.00, 1.02) #fs:   2  -- #Conts: 5 G(4)  E(1) 
 125970816 1402.29 || noQ Q (Avg,Max,Min) (1.01, 1.03, 1.00) (1.01, 0.99, 1.03) #fs:   1  -- #Conts: 6 G(4)  A(1)  E(1) 
 169127633 1397.18 || noQ Q (Avg,Max,Min) (1.01, 1.01, 1.00) (0.97, 0.90, 1.01) #fs:   2  -- #Conts: 6 G(3)  A(2)  E(1) 
 170366443 1397.12 || noQ Q (Avg,Max,Min) (1.01, 1.03, 1.00) (1.00, 0.99, 1.03) #fs:   0  -- #Conts: 7 G(3)  A(3)  E(1) 
 170849445 1396.12 || noQ Q (Avg,Max,Min) (1.01, 1.03, 1.00) (1.01, 0.99, 1.03) #fs:   0  -- #Conts: 7 G(3)  A(3)  E(1) 
 171310752 1395.12 || noQ Q (Avg,Max,Min) (1.01, 1.03, 1.00) (1.01, 0.99, 1.03) #fs:   0  -- #Conts: 6 G(3)  A(2)  E(1) 
 171745538 1394.12 || noQ Q (Avg,Max,Min) (1.01, 1.03, 1.00) (1.01, 0.99, 1.03) #fs:   0  -- #Conts: 6 G(3)  A(2)  E(1) 
 172215326 1393.12 || noQ Q (Avg,Max,Min) (1.01, 1.03, 1.00) (1.01, 0.99, 1.03) #fs:   0  -- #Conts: 6 G(3)  A(2)  E(1) 
 172682918 1392.12 || noQ Q (Avg,Max,Min) (1.01, 1.03, 1.00) (1.01, 1.00, 1.03) #fs:   0  -- #Conts: 6 G(3)  A(2)  E(1) 
 178667886 1389.06 || noQ Q (Avg,Max,Min) (1.02, 1.06, 1.00) (0.90, 0.25, 1.04) #fs:   0  -- #Conts: 9 G(3)  A(3)  E(3) 
 178778808 1388.06 || noQ Q (Avg,Max,Min) (1.01, 1.04, 1.00) (0.98, 0.85, 1.04) #fs:   0  -- #Conts: 8 G(3)  A(2)  E(3) 
 178959706 1387.06 || noQ Q (Avg,Max,Min) (1.01, 1.04, 1.00) (0.99, 0.92, 1.04) #fs:   0  -- #Conts: 8 G(3)  A(2)  E(3) 
 224962429 1379.76 || noQ Q (Avg,Max,Min) (1.02, 1.08, 1.00) (0.93, 0.29, 1.08) #fs:   0  -- #Conts: 9 A(2)  G(2)  E(3)  C(2) 
 224966188 1378.76 || noQ Q (Avg,Max,Min) (1.01, 1.08, 1.00) (1.01, 0.94, 1.08) #fs:   0  -- #Conts: 8 A(1)  G(2)  E(3)  C(2) 
 225917146 1375.76 || noQ Q (Avg,Max,Min) (1.02, 1.09, 1.00) (0.93, 0.29, 1.09) #fs:   0  -- #Conts: 9 A(2)  G(2)  E(3)  C(2) 
 225920905 1374.76 || noQ Q (Avg,Max,Min) (1.02, 1.09, 1.00) (1.01, 0.96, 1.09) #fs:   0  -- #Conts: 8 A(1)  G(2)  E(3)  C(2) 
 239482031 1372.00 || noQ Q (Avg,Max,Min) (1.02, 1.07, 1.00) (0.92, 0.29, 1.07) #fs:   0  -- #Conts: 9 A(3)  G(1)  E(3)  C(2) 
 239500282 1371.00 || noQ Q (Avg,Max,Min) (1.02, 1.07, 1.00) (0.93, 0.29, 1.07) #fs:   0  -- #Conts: 9 A(3)  G(1)  E(3)  C(2) 
 239521266 1370.00 || noQ Q (Avg,Max,Min) (1.01, 1.07, 1.00) (1.01, 0.98, 1.07) #fs:   0  -- #Conts: 8 A(2)  G(1)  E(3)  C(2) 
 239756583 1369.00 || noQ Q (Avg,Max,Min) (1.01, 1.07, 1.00) (1.01, 0.98, 1.07) #fs:   0  -- #Conts: 8 A(2)  G(1)  E(3)  C(2) 
 239968068 1368.00 || noQ Q (Avg,Max,Min) (1.01, 1.07, 1.00) (1.01, 0.99, 1.07) #fs:   0  -- #Conts: 7 A(1)  G(1)  E(3)  C(2) 
 271313612 1361.82 || noQ Q (Avg,Max,Min) (1.01, 1.08, 1.00) (0.98, 0.88, 1.07) #fs:   0  -- #Conts: 8 A(2)  E(4)  C(2) 
 271368180 1360.82 || noQ Q (Avg,Max,Min) (1.01, 1.08, 1.00) (0.99, 0.87, 1.07) #fs:   0  -- #Conts: 8 A(2)  E(4)  C(2) 
 271461435 1359.82 || noQ Q (Avg,Max,Min) (1.01, 1.08, 1.00) (1.01, 0.97, 1.07) #fs:   0  -- #Conts: 8 A(2)  E(4)  C(2) 
 271944437 1358.82 || noQ Q (Avg,Max,Min) (1.01, 1.08, 1.00) (1.01, 0.97, 1.07) #fs:   0  -- #Conts: 8 A(2)  E(4)  C(2) 
 273466804 1356.82 || noQ Q (Avg,Max,Min) (1.02, 1.08, 1.00) (0.92, 0.29, 1.08) #fs:   0  -- #Conts: 8 A(2)  E(4)  C(2) 
 273542834 1355.82 || noQ Q (Avg,Max,Min) (1.02, 1.08, 1.00) (1.01, 0.96, 1.08) #fs:   0  -- #Conts: 7 A(1)  E(4)  C(2) 
 273822279 1354.82 || noQ Q (Avg,Max,Min) (1.02, 1.08, 1.00) (1.01, 1.00, 1.07) #fs:   0  -- #Conts: 7 A(1)  E(4)  C(2) 
 274260098 1353.82 || noQ Q (Avg,Max,Min) (1.02, 1.08, 1.00) (1.01, 1.00, 1.07) #fs:   0  -- #Conts: 7 A(1)  E(4)  C(2) 
 304403387 1353.35 || noQ Q (Avg,Max,Min) (1.02, 1.09, 1.00) (1.02, 0.99, 1.08) #fs:   0  -- #Conts: 6 A(1)  E(4)  C(1) 
/////////////////size: 58
nodes 48 edges 56
 mulT: 500 mulD: 5000  sumData GB 6744
pareto /SIPHT.n.50.0.dax time -> 742.0
moheft /SIPHT.n.50.0.dax time -> 482.0
distance from M to C 1.6308319386522998
distance from P to C 10.085640121408465
distance from C to M 0.1355990848947385
distance from C to P 12.171416670452896
toCompare: /SIPHT.n.50.0.dax sumDataGB: 6744 mulT: 500 mulD: 5000 paretoOptTime_MS: 742.0 MoheftOptimizationTime_MS: 482.0 MtoC 1.6308319386522998 PtoC 10.085640121408465 CtoM 0.1355990848947385 CtoP 12.171416670452896
