specify -Dflow d,b,mt,md,size
Running /home/vaggelis/jc/SIPHT.n.50.0.dax mt 1000 md: 1000 size null
 134162014 3783.53 || noQ Q (Avg,Max,Min) (0.96, 1.01, 0.64) (0.87, 0.63, 1.01) #fs:   1  -- #Conts: 8 H(8) 
 134163785 3342.12 || noQ Q (Avg,Max,Min) (1.00, 1.01, 1.00) (0.92, 0.69, 1.01) #fs:   0  -- #Conts: 8 H(8) 
 226507186 3137.18 || noQ Q (Avg,Max,Min) (0.95, 1.01, 0.61) (0.92, 0.60, 1.00) #fs:   1  -- #Conts: 7 H(1)  G(6) 
 226605551 2884.94 || noQ Q (Avg,Max,Min) (1.00, 1.01, 1.00) (0.98, 0.91, 1.00) #fs:   0  -- #Conts: 7 H(1)  G(6) 
 229663507 2853.41 || noQ Q (Avg,Max,Min) (1.00, 1.01, 0.99) (0.98, 0.91, 0.99) #fs:   1  -- #Conts: 7 G(7) 
 229665278 2837.65 || noQ Q (Avg,Max,Min) (1.00, 1.01, 1.00) (0.98, 0.91, 1.00) #fs:   0  -- #Conts: 7 G(7) 
 229670356 2828.82 || noQ Q (Avg,Max,Min) (1.00, 1.01, 1.00) (0.98, 0.91, 1.00) #fs:   1  -- #Conts: 7 G(6)  E(1) 
 230384571 2821.88 || noQ Q (Avg,Max,Min) (1.00, 1.01, 1.00) (0.98, 0.91, 1.00) #fs:   0  -- #Conts: 6 G(6) 
 230389649 2813.06 || noQ Q (Avg,Max,Min) (1.00, 1.01, 1.00) (0.98, 0.91, 1.00) #fs:   1  -- #Conts: 6 G(5)  E(1) 
 517494546 2702.35 || noQ Q (Avg,Max,Min) (1.00, 1.00, 1.00) (0.99, 0.96, 1.00) #fs:   0  -- #Conts: 8 E(7)  C(1) 
/////////////////size: 10
 136738933 3252.00 || noQ Q (Avg,Max,Min) (1.00, 1.01, 1.00) (0.94, 0.69, 1.01) #fs:   0  -- #Conts: 8 H(4)  G(1)  A(2)  C(1) 
 136739223 3251.00 || noQ Q (Avg,Max,Min) (1.00, 1.01, 1.00) (0.98, 0.93, 1.01) #fs:   1  -- #Conts: 8 H(4)  G(1)  A(2)  C(1) 
 136862324 3249.00 || noQ Q (Avg,Max,Min) (1.00, 1.01, 1.00) (0.98, 0.95, 1.01) #fs:   0  -- #Conts: 7 H(4)  G(1)  A(1)  C(1) 
 137025365 3248.00 || noQ Q (Avg,Max,Min) (1.00, 1.01, 1.00) (0.98, 0.93, 1.01) #fs:   0  -- #Conts: 7 H(4)  G(1)  A(1)  C(1) 
 137105042 3247.00 || noQ Q (Avg,Max,Min) (1.00, 1.01, 1.00) (0.98, 0.96, 1.01) #fs:   0  -- #Conts: 7 H(4)  G(1)  A(1)  C(1) 
 137272162 3246.00 || noQ Q (Avg,Max,Min) (1.00, 1.01, 1.00) (0.98, 0.92, 1.01) #fs:   0  -- #Conts: 7 H(4)  G(1)  A(1)  C(1) 
 137412026 3240.24 || noQ Q (Avg,Max,Min) (1.00, 1.02, 1.00) (0.83, 0.13, 1.01) #fs:   0  -- #Conts: 10 H(4)  G(2)  A(2)  C(2) 
 137516408 3236.24 || noQ Q (Avg,Max,Min) (1.00, 1.02, 1.00) (0.91, 0.60, 1.01) #fs:   0  -- #Conts: 9 H(4)  G(2)  A(2)  C(1) 
 137812710 3234.24 || noQ Q (Avg,Max,Min) (1.00, 1.01, 1.00) (0.95, 0.68, 1.01) #fs:   0  -- #Conts: 8 H(4)  G(2)  A(1)  C(1) 
 137918596 3233.24 || noQ Q (Avg,Max,Min) (1.00, 1.01, 1.00) (0.96, 0.71, 1.01) #fs:   0  -- #Conts: 8 H(4)  G(2)  A(1)  C(1) 
 138205012 3232.24 || noQ Q (Avg,Max,Min) (1.00, 1.01, 1.00) (0.96, 0.79, 1.01) #fs:   0  -- #Conts: 8 H(4)  G(2)  A(1)  C(1) 
 138341565 3231.24 || noQ Q (Avg,Max,Min) (1.00, 1.01, 1.00) (0.97, 0.83, 1.01) #fs:   0  -- #Conts: 8 H(4)  G(2)  A(1)  C(1) 
 138627981 3230.24 || noQ Q (Avg,Max,Min) (1.00, 1.01, 1.00) (0.97, 0.91, 1.01) #fs:   0  -- #Conts: 8 H(4)  G(2)  A(1)  C(1) 
 141721989 3229.88 || noQ Q (Avg,Max,Min) (1.00, 1.01, 1.00) (0.97, 0.88, 1.01) #fs:   0  -- #Conts: 8 H(4)  G(1)  A(1)  E(1)  C(1) 
 142029961 3228.88 || noQ Q (Avg,Max,Min) (1.00, 1.01, 1.00) (0.98, 0.93, 1.01) #fs:   0  -- #Conts: 8 H(4)  G(1)  A(1)  E(1)  C(1) 
 153194243 3204.12 || noQ Q (Avg,Max,Min) (1.00, 1.01, 1.00) (0.99, 0.96, 1.01) #fs:   0  -- #Conts: 9 H(5)  G(2)  E(1)  C(1) 
 162457640 3181.18 || noQ Q (Avg,Max,Min) (1.00, 1.04, 0.99) (0.99, 0.94, 1.03) #fs:   1  -- #Conts: 11 H(4)  G(3)  A(3)  C(1) 
 162750371 3180.18 || noQ Q (Avg,Max,Min) (1.00, 1.04, 0.99) (0.99, 0.94, 1.03) #fs:   1  -- #Conts: 10 H(4)  G(3)  A(2)  C(1) 
 162849942 3179.18 || noQ Q (Avg,Max,Min) (1.00, 1.04, 0.99) (0.99, 0.96, 1.03) #fs:   1  -- #Conts: 10 H(4)  G(3)  A(2)  C(1) 
 163142673 3178.18 || noQ Q (Avg,Max,Min) (1.00, 1.04, 0.99) (0.99, 0.96, 1.03) #fs:   1  -- #Conts: 9 H(4)  G(3)  A(1)  C(1) 
 163371276 3177.18 || noQ Q (Avg,Max,Min) (1.00, 1.04, 0.99) (0.99, 0.96, 1.03) #fs:   1  -- #Conts: 9 H(4)  G(3)  A(1)  C(1) 
 163565642 3176.18 || noQ Q (Avg,Max,Min) (1.00, 1.04, 0.99) (0.99, 0.96, 1.03) #fs:   1  -- #Conts: 9 H(4)  G(3)  A(1)  C(1) 
 164351171 3173.18 || noQ Q (Avg,Max,Min) (1.00, 1.04, 0.99) (0.95, 0.56, 1.03) #fs:   1  -- #Conts: 10 H(4)  G(3)  A(2)  C(1) 
 164455553 3172.18 || noQ Q (Avg,Max,Min) (1.00, 1.04, 0.99) (0.99, 0.94, 1.03) #fs:   1  -- #Conts: 9 H(4)  G(3)  A(1)  C(1) 
 164659805 3171.18 || noQ Q (Avg,Max,Min) (1.00, 1.04, 0.99) (0.99, 0.93, 1.03) #fs:   1  -- #Conts: 9 H(4)  G(3)  A(1)  C(1) 
 164857741 3170.18 || noQ Q (Avg,Max,Min) (1.00, 1.04, 0.99) (0.99, 0.94, 1.03) #fs:   1  -- #Conts: 9 H(4)  G(3)  A(1)  C(1) 
 165052107 3169.18 || noQ Q (Avg,Max,Min) (1.00, 1.04, 0.99) (0.99, 0.93, 1.03) #fs:   1  -- #Conts: 9 H(4)  G(3)  A(1)  C(1) 
 165280710 3168.18 || noQ Q (Avg,Max,Min) (1.00, 1.04, 0.99) (0.99, 0.92, 1.03) #fs:   1  -- #Conts: 9 H(4)  G(3)  A(1)  C(1) 
 165475076 3167.18 || noQ Q (Avg,Max,Min) (1.00, 1.04, 0.99) (0.99, 0.92, 1.03) #fs:   1  -- #Conts: 9 H(4)  G(3)  A(1)  C(1) 
 170553576 3154.41 || noQ Q (Avg,Max,Min) (1.02, 1.19, 0.99) (0.87, 0.02, 1.00) #fs:   1  -- #Conts: 10 H(4)  G(3)  A(1)  C(2) 
 170592872 3122.88 || noQ Q (Avg,Max,Min) (1.00, 1.01, 0.99) (0.96, 0.73, 1.00) #fs:   1  -- #Conts: 9 H(3)  G(3)  A(1)  C(2) 
 170793499 3121.88 || noQ Q (Avg,Max,Min) (1.00, 1.01, 0.99) (0.96, 0.76, 1.00) #fs:   2  -- #Conts: 8 H(3)  G(3)  C(2) 
 172633061 3118.59 || noQ Q (Avg,Max,Min) (1.01, 1.05, 0.99) (0.86, 0.06, 1.00) #fs:   1  -- #Conts: 10 H(3)  G(3)  A(2)  E(1)  C(1) 
 172794551 3115.88 || noQ Q (Avg,Max,Min) (1.00, 1.03, 0.99) (0.86, 0.11, 1.00) #fs:   1  -- #Conts: 10 H(3)  G(3)  A(2)  C(2) 
 174111217 3112.88 || noQ Q (Avg,Max,Min) (1.00, 1.01, 0.99) (0.90, 0.48, 1.00) #fs:   1  -- #Conts: 10 H(3)  G(3)  A(3)  C(1) 
 182286791 3057.24 || noQ Q (Avg,Max,Min) (1.00, 1.01, 1.00) (0.94, 0.56, 1.00) #fs:   1  -- #Conts: 10 H(3)  G(3)  A(3)  E(1) 
 182343214 3056.24 || noQ Q (Avg,Max,Min) (1.00, 1.01, 1.00) (0.98, 0.85, 1.00) #fs:   1  -- #Conts: 9 H(3)  G(3)  A(2)  E(1) 
 213006057 3041.47 || noQ Q (Avg,Max,Min) (1.02, 1.19, 1.00) (0.85, 0.02, 1.00) #fs:   1  -- #Conts: 11 H(3)  G(4)  A(3)  E(1) 
 213045353 3009.94 || noQ Q (Avg,Max,Min) (1.00, 1.01, 1.00) (0.94, 0.56, 1.00) #fs:   1  -- #Conts: 10 H(2)  G(4)  A(3)  E(1) 
 213149735 3008.94 || noQ Q (Avg,Max,Min) (1.00, 1.01, 1.00) (0.98, 0.85, 1.00) #fs:   1  -- #Conts: 9 H(2)  G(4)  A(2)  E(1) 
 213353987 3007.94 || noQ Q (Avg,Max,Min) (1.00, 1.01, 1.00) (0.98, 0.82, 1.00) #fs:   1  -- #Conts: 9 H(2)  G(4)  A(2)  E(1) 
 213446037 3006.94 || noQ Q (Avg,Max,Min) (1.00, 1.01, 1.00) (0.99, 0.96, 1.00) #fs:   1  -- #Conts: 9 H(2)  G(4)  A(2)  E(1) 
 213640403 3005.94 || noQ Q (Avg,Max,Min) (1.00, 1.01, 1.00) (0.99, 0.94, 1.00) #fs:   1  -- #Conts: 9 H(2)  G(4)  A(2)  E(1) 
 213838339 3004.94 || noQ Q (Avg,Max,Min) (1.00, 1.01, 1.00) (1.00, 0.98, 1.00) #fs:   1  -- #Conts: 9 H(2)  G(4)  A(2)  E(1) 
 214032705 3003.94 || noQ Q (Avg,Max,Min) (1.00, 1.01, 1.00) (1.00, 0.99, 1.00) #fs:   1  -- #Conts: 8 H(2)  G(4)  A(1)  E(1) 
 215821541 2911.29 || noQ Q (Avg,Max,Min) (1.00, 1.00, 1.00) (0.90, 0.56, 1.00) #fs:   0  -- #Conts: 8 H(2)  G(3)  A(2)  E(1) 
 215877964 2910.29 || noQ Q (Avg,Max,Min) (1.00, 1.00, 1.00) (0.95, 0.68, 1.00) #fs:   0  -- #Conts: 7 H(2)  G(3)  A(1)  E(1) 
 221904088 2888.41 || noQ Q (Avg,Max,Min) (1.02, 1.15, 1.00) (0.85, 0.02, 1.00) #fs:   0  -- #Conts: 8 H(2)  G(3)  A(1)  E(2) 
 221919385 2872.65 || noQ Q (Avg,Max,Min) (1.02, 1.11, 1.00) (0.85, 0.03, 1.00) #fs:   0  -- #Conts: 8 H(1)  G(4)  A(1)  E(2) 
 221972720 2856.88 || noQ Q (Avg,Max,Min) (1.00, 1.01, 1.00) (0.98, 0.86, 1.00) #fs:   0  -- #Conts: 7 H(1)  G(3)  A(1)  E(2) 
 222116645 2855.88 || noQ Q (Avg,Max,Min) (1.00, 1.00, 1.00) (0.98, 0.85, 1.00) #fs:   1  -- #Conts: 7 H(1)  G(3)  A(1)  E(2) 
 222245099 2854.88 || noQ Q (Avg,Max,Min) (1.00, 1.00, 1.00) (0.98, 0.86, 1.00) #fs:   1  -- #Conts: 7 H(1)  G(3)  A(1)  E(2) 
 222393125 2853.88 || noQ Q (Avg,Max,Min) (1.00, 1.01, 1.00) (0.98, 0.89, 1.00) #fs:   2  -- #Conts: 7 H(1)  G(3)  A(1)  E(2) 
 222578963 2852.88 || noQ Q (Avg,Max,Min) (1.00, 1.00, 0.99) (0.98, 0.90, 1.00) #fs:   1  -- #Conts: 7 H(1)  G(3)  A(1)  E(2) 
 222710233 2851.88 || noQ Q (Avg,Max,Min) (1.00, 1.01, 1.00) (0.99, 0.93, 1.00) #fs:   2  -- #Conts: 7 H(1)  G(3)  A(1)  E(2) 
 224347858 2851.47 || noQ Q (Avg,Max,Min) (1.00, 1.00, 1.00) (0.97, 0.79, 1.00) #fs:   0  -- #Conts: 7 H(1)  G(3)  A(1)  E(1)  C(1) 
 225238546 2850.47 || noQ Q (Avg,Max,Min) (1.00, 1.00, 1.00) (0.98, 0.88, 1.00) #fs:   0  -- #Conts: 7 H(1)  G(3)  A(1)  E(1)  C(1) 
 246540807 2834.71 || noQ Q (Avg,Max,Min) (1.02, 1.19, 1.00) (0.87, 0.02, 1.00) #fs:   0  -- #Conts: 8 H(1)  G(4)  A(1)  E(1)  C(1) 
 246580103 2803.18 || noQ Q (Avg,Max,Min) (1.00, 1.00, 1.00) (0.99, 0.96, 1.00) #fs:   0  -- #Conts: 7 G(4)  A(1)  E(1)  C(1) 
 251852656 2800.24 || noQ Q (Avg,Max,Min) (1.00, 1.00, 1.00) (0.98, 0.89, 1.00) #fs:   0  -- #Conts: 6 G(4)  A(1)  E(1) 
 251876286 2799.24 || noQ Q (Avg,Max,Min) (1.00, 1.00, 1.00) (0.99, 0.98, 1.00) #fs:   0  -- #Conts: 6 G(4)  A(1)  E(1) 
 251954683 2798.24 || noQ Q (Avg,Max,Min) (1.00, 1.00, 1.00) (1.00, 0.99, 1.00) #fs:   0  -- #Conts: 6 G(4)  A(1)  E(1) 
 252175137 2797.24 || noQ Q (Avg,Max,Min) (1.00, 1.00, 1.00) (0.99, 0.96, 1.00) #fs:   0  -- #Conts: 6 G(4)  A(1)  E(1) 
 252362176 2796.24 || noQ Q (Avg,Max,Min) (1.00, 1.00, 1.00) (0.99, 0.96, 1.00) #fs:   0  -- #Conts: 6 G(4)  A(1)  E(1) 
 252548491 2795.24 || noQ Q (Avg,Max,Min) (1.00, 1.00, 1.00) (0.99, 0.96, 1.00) #fs:   0  -- #Conts: 6 G(4)  A(1)  E(1) 
 252804430 2794.24 || noQ Q (Avg,Max,Min) (1.00, 1.00, 1.00) (0.99, 0.94, 1.00) #fs:   0  -- #Conts: 6 G(4)  A(1)  E(1) 
 252946619 2793.24 || noQ Q (Avg,Max,Min) (1.00, 1.00, 1.00) (1.00, 0.98, 1.00) #fs:   0  -- #Conts: 6 G(4)  A(1)  E(1) 
 317523521 2792.00 || noQ Q (Avg,Max,Min) (1.00, 1.00, 1.00) (0.98, 0.92, 1.00) #fs:   0  -- #Conts: 8 G(4)  A(2)  E(2) 
 321792937 2789.71 || noQ Q (Avg,Max,Min) (1.00, 1.00, 1.00) (0.93, 0.56, 1.00) #fs:   0  -- #Conts: 8 G(4)  A(2)  E(2) 
 322041862 2788.71 || noQ Q (Avg,Max,Min) (1.00, 1.00, 1.00) (0.99, 0.92, 1.00) #fs:   0  -- #Conts: 7 G(4)  A(1)  E(2) 
 339280805 2774.82 || noQ Q (Avg,Max,Min) (1.00, 1.00, 1.00) (0.98, 0.92, 1.00) #fs:   0  -- #Conts: 6 G(3)  E(2)  C(1) 
 343587188 2773.53 || noQ Q (Avg,Max,Min) (1.00, 1.00, 1.00) (0.96, 0.75, 1.00) #fs:   0  -- #Conts: 6 G(3)  A(1)  E(2) 
 344047841 2772.53 || noQ Q (Avg,Max,Min) (1.00, 1.00, 1.00) (0.95, 0.68, 1.00) #fs:   0  -- #Conts: 6 G(3)  A(1)  E(2) 
 344541118 2770.53 || noQ Q (Avg,Max,Min) (1.00, 1.00, 1.00) (1.00, 0.98, 1.00) #fs:   0  -- #Conts: 6 G(3)  A(1)  E(2) 
 345001771 2769.53 || noQ Q (Avg,Max,Min) (1.00, 1.00, 1.00) (1.00, 1.00, 1.00) #fs:   0  -- #Conts: 5 G(3)  E(2) 
 348800199 2768.76 || noQ Q (Avg,Max,Min) (1.00, 1.00, 1.00) (1.00, 1.00, 1.00) #fs:   0  -- #Conts: 6 G(3)  A(1)  E(2) 
 349185958 2767.76 || noQ Q (Avg,Max,Min) (1.00, 1.00, 1.00) (1.00, 1.00, 1.00) #fs:   0  -- #Conts: 6 G(3)  A(1)  E(2) 
 353564520 2767.47 || noQ Q (Avg,Max,Min) (1.00, 1.01, 1.00) (0.92, 0.50, 1.00) #fs:   0  -- #Conts: 7 G(3)  A(2)  E(2) 
 426498251 2765.18 || noQ Q (Avg,Max,Min) (1.02, 1.19, 1.00) (0.85, 0.02, 1.00) #fs:   0  -- #Conts: 10 H(1)  A(2)  G(2)  E(4)  C(1) 
 426537547 2733.65 || noQ Q (Avg,Max,Min) (1.00, 1.00, 1.00) (0.95, 0.56, 1.00) #fs:   0  -- #Conts: 9 A(2)  G(2)  E(4)  C(1) 
 426648243 2732.65 || noQ Q (Avg,Max,Min) (1.00, 1.00, 1.00) (0.95, 0.56, 1.00) #fs:   0  -- #Conts: 9 A(2)  G(2)  E(4)  C(1) 
 426762079 2731.65 || noQ Q (Avg,Max,Min) (1.00, 1.00, 1.00) (1.00, 0.98, 1.00) #fs:   0  -- #Conts: 8 A(1)  G(2)  E(4)  C(1) 
 439640399 2729.65 || noQ Q (Avg,Max,Min) (1.00, 1.00, 1.00) (0.99, 0.96, 1.00) #fs:   0  -- #Conts: 8 A(2)  G(2)  E(4) 
 479532130 2728.88 || noQ Q (Avg,Max,Min) (1.00, 1.00, 1.00) (0.99, 0.91, 1.00) #fs:   0  -- #Conts: 8 A(3)  G(1)  E(4) 
 479771527 2727.88 || noQ Q (Avg,Max,Min) (1.00, 1.00, 1.00) (0.99, 0.91, 1.00) #fs:   0  -- #Conts: 8 A(3)  G(1)  E(4) 
 500448492 2721.47 || noQ Q (Avg,Max,Min) (1.00, 1.00, 1.00) (0.99, 0.96, 1.00) #fs:   0  -- #Conts: 7 A(2)  G(1)  E(4) 
 500670336 2720.47 || noQ Q (Avg,Max,Min) (1.00, 1.00, 1.00) (1.00, 0.98, 1.00) #fs:   0  -- #Conts: 7 A(2)  G(1)  E(4) 
 501022510 2717.76 || noQ Q (Avg,Max,Min) (1.00, 1.02, 1.00) (0.90, 0.24, 1.00) #fs:   0  -- #Conts: 8 A(2)  G(1)  E(4)  C(1) 
 502180450 2715.76 || noQ Q (Avg,Max,Min) (1.00, 1.01, 1.00) (0.89, 0.48, 1.00) #fs:   0  -- #Conts: 9 A(4)  G(1)  E(4) 
 508368989 2709.88 || noQ Q (Avg,Max,Min) (1.00, 1.03, 1.00) (0.93, 0.56, 1.03) #fs:   0  -- #Conts: 10 A(3)  G(1)  E(5)  C(1) 
 508576722 2708.88 || noQ Q (Avg,Max,Min) (1.00, 1.03, 1.00) (0.93, 0.56, 1.03) #fs:   1  -- #Conts: 10 A(3)  G(1)  E(5)  C(1) 
 508736196 2707.88 || noQ Q (Avg,Max,Min) (1.00, 1.03, 1.00) (0.97, 0.74, 1.03) #fs:   0  -- #Conts: 9 A(2)  G(1)  E(5)  C(1) 
 509016554 2706.88 || noQ Q (Avg,Max,Min) (1.00, 1.03, 1.00) (0.98, 0.80, 1.03) #fs:   1  -- #Conts: 9 A(2)  G(1)  E(5)  C(1) 
 509301037 2705.88 || noQ Q (Avg,Max,Min) (1.00, 1.03, 1.00) (0.98, 0.82, 1.03) #fs:   1  -- #Conts: 9 A(2)  G(1)  E(5)  C(1) 
 509605095 2704.88 || noQ Q (Avg,Max,Min) (1.00, 1.03, 1.00) (0.99, 0.85, 1.03) #fs:   1  -- #Conts: 9 A(2)  G(1)  E(5)  C(1) 
 509914346 2703.88 || noQ Q (Avg,Max,Min) (1.00, 1.03, 0.99) (0.99, 0.87, 1.03) #fs:   1  -- #Conts: 9 A(2)  G(1)  E(5)  C(1) 
 510179790 2702.88 || noQ Q (Avg,Max,Min) (1.00, 1.03, 1.00) (0.99, 0.91, 1.03) #fs:   0  -- #Conts: 9 A(2)  G(1)  E(5)  C(1) 
 510479396 2701.88 || noQ Q (Avg,Max,Min) (1.00, 1.03, 0.99) (1.00, 0.92, 1.03) #fs:   1  -- #Conts: 9 A(2)  G(1)  E(5)  C(1) 
 510759990 2700.88 || noQ Q (Avg,Max,Min) (1.00, 1.03, 1.00) (1.00, 0.96, 1.03) #fs:   1  -- #Conts: 9 A(2)  G(1)  E(5)  C(1) 
 511031423 2699.88 || noQ Q (Avg,Max,Min) (1.00, 1.03, 1.00) (1.00, 0.99, 1.03) #fs:   2  -- #Conts: 9 A(2)  G(1)  E(5)  C(1) 
2325111410 2693.65 || noQ Q (Avg,Max,Min) (1.01, 1.03, 1.00) (1.00, 0.97, 1.03) #fs:   0  -- #Conts: 7 A(3)  G(1)  E(2)  C(1) 
2325363743 2692.65 || noQ Q (Avg,Max,Min) (1.01, 1.03, 1.00) (1.00, 0.97, 1.03) #fs:   0  -- #Conts: 7 A(3)  G(1)  E(2)  C(1) 
2325622122 2691.65 || noQ Q (Avg,Max,Min) (1.01, 1.03, 1.00) (1.00, 0.99, 1.03) #fs:   0  -- #Conts: 7 A(3)  G(1)  E(2)  C(1) 
2326013613 2690.65 || noQ Q (Avg,Max,Min) (1.01, 1.03, 1.00) (1.00, 0.99, 1.03) #fs:   0  -- #Conts: 7 A(3)  G(1)  E(2)  C(1) 
2326568000 2689.65 || noQ Q (Avg,Max,Min) (1.01, 1.03, 1.00) (1.00, 0.99, 1.03) #fs:   0  -- #Conts: 7 A(3)  G(1)  E(2)  C(1) 
2327006470 2688.65 || noQ Q (Avg,Max,Min) (1.01, 1.03, 1.00) (1.00, 1.00, 1.03) #fs:   0  -- #Conts: 7 A(3)  G(1)  E(2)  C(1) 
2327468430 2687.65 || noQ Q (Avg,Max,Min) (1.01, 1.03, 1.00) (1.00, 1.00, 1.03) #fs:   0  -- #Conts: 7 A(3)  G(1)  E(2)  C(1) 
2332901783 2687.35 || noQ Q (Avg,Max,Min) (1.01, 1.03, 1.00) (0.94, 0.48, 1.03) #fs:   0  -- #Conts: 8 A(4)  G(1)  E(2)  C(1) 
/////////////////size: 108
nodes 48 edges 56
 mulT: 1000 mulD: 1000  sumData GB 1348
pareto /SIPHT.n.50.0.dax time -> 659.0
moheft /SIPHT.n.50.0.dax time -> 1015.0
distance from M to C 0.0965144071169356
distance from P to C 8.311744330160263
distance from C to M 6.273337599985065
distance from C to P 60.06530933136999
toCompare: /SIPHT.n.50.0.dax sumDataGB: 1348 mulT: 1000 mulD: 1000 paretoOptTime_MS: 659.0 MoheftOptimizationTime_MS: 1015.0 MtoC 0.0965144071169356 PtoC 8.311744330160263 CtoM 6.273337599985065 CtoP 60.06530933136999
