specify -Dflow d,b,mt,md,size
Running /home/vaggelis/jc/SIPHT.n.100.0.dax mt 100 md: 500 size null
  15534771 662.12 || noQ Q (Avg,Max,Min) (0.97, 1.05, 0.84) (0.85, 0.67, 0.99) #fs:   5  -- #Conts: 7 H(7) 
  19909099 630.59 || noQ Q (Avg,Max,Min) (0.97, 1.05, 0.87) (0.90, 0.80, 0.97) #fs:   4  -- #Conts: 6 H(6) 
  24987005 599.06 || noQ Q (Avg,Max,Min) (0.97, 1.05, 0.90) (0.93, 0.87, 0.99) #fs:   4  -- #Conts: 6 H(6) 
  26449868 515.53 || noQ Q (Avg,Max,Min) (1.01, 1.05, 0.99) (0.91, 0.74, 1.00) #fs:   4  -- #Conts: 8 G(7)  E(1) 
  33823954 499.76 || noQ Q (Avg,Max,Min) (1.01, 1.02, 1.00) (0.93, 0.83, 1.01) #fs:   1  -- #Conts: 7 G(6)  E(1) 
  42150784 484.00 || noQ Q (Avg,Max,Min) (1.02, 1.05, 1.00) (0.96, 0.91, 1.01) #fs:   1  -- #Conts: 7 G(6)  E(1) 
  61412037 483.18 || noQ Q (Avg,Max,Min) (1.00, 1.02, 0.97) (0.90, 0.71, 1.00) #fs:   1  -- #Conts: 8 G(1)  E(7) 
  61474387 476.12 || noQ Q (Avg,Max,Min) (1.00, 1.02, 0.97) (0.91, 0.71, 1.00) #fs:   2  -- #Conts: 8 E(8) 
  62232201 469.41 || noQ Q (Avg,Max,Min) (1.00, 1.02, 0.97) (0.92, 0.71, 1.00) #fs:   1  -- #Conts: 8 E(8) 
  81019915 462.71 || noQ Q (Avg,Max,Min) (1.00, 1.02, 0.97) (0.93, 0.71, 1.00) #fs:   1  -- #Conts: 7 E(7) 
  82531086 456.00 || noQ Q (Avg,Max,Min) (1.01, 1.02, 1.00) (0.88, 0.56, 1.00) #fs:   0  -- #Conts: 7 E(7) 
/////////////////size: 11
  16161361 693.65 || noQ Q (Avg,Max,Min) (0.97, 1.03, 0.66) (0.82, 0.59, 0.91) #fs:   1  -- #Conts: 7 H(7) 
  16165630 630.59 || noQ Q (Avg,Max,Min) (1.02, 1.03, 1.00) (0.87, 0.74, 0.99) #fs:   0  -- #Conts: 7 H(7) 
  19135711 614.82 || noQ Q (Avg,Max,Min) (1.02, 1.03, 1.00) (0.87, 0.69, 0.99) #fs:   0  -- #Conts: 7 H(6)  G(1) 
  19789067 594.35 || noQ Q (Avg,Max,Min) (1.00, 1.03, 0.87) (0.85, 0.65, 1.01) #fs:   2  -- #Conts: 10 H(5)  G(4)  E(1) 
  21910993 578.59 || noQ Q (Avg,Max,Min) (0.98, 1.09, 0.67) (0.85, 0.51, 1.01) #fs:   2  -- #Conts: 9 H(4)  G(4)  E(1) 
  22889836 547.06 || noQ Q (Avg,Max,Min) (1.00, 1.03, 0.96) (0.92, 0.82, 1.01) #fs:   2  -- #Conts: 8 H(3)  G(4)  E(1) 
  24527692 531.29 || noQ Q (Avg,Max,Min) (1.01, 1.03, 0.98) (0.96, 0.82, 1.01) #fs:   1  -- #Conts: 8 H(3)  G(4)  E(1) 
  27820067 504.47 || noQ Q (Avg,Max,Min) (1.01, 1.03, 1.00) (0.94, 0.82, 0.98) #fs:   0  -- #Conts: 6 H(1)  G(5) 
  31888178 487.35 || noQ Q (Avg,Max,Min) (0.99, 1.01, 0.96) (0.88, 0.42, 1.00) #fs:   2  -- #Conts: 8 G(6)  A(1)  E(1) 
  31917204 486.35 || noQ Q (Avg,Max,Min) (0.99, 1.01, 0.96) (0.94, 0.77, 1.00) #fs:   2  -- #Conts: 7 G(6)  E(1) 
  38459730 473.59 || noQ Q (Avg,Max,Min) (1.01, 1.03, 1.00) (0.97, 0.92, 1.01) #fs:   1  -- #Conts: 9 G(5)  A(3)  E(1) 
  38649675 472.59 || noQ Q (Avg,Max,Min) (1.01, 1.03, 1.00) (0.97, 0.92, 1.01) #fs:   1  -- #Conts: 8 G(5)  A(2)  E(1) 
  38852308 471.59 || noQ Q (Avg,Max,Min) (1.01, 1.03, 1.00) (0.97, 0.92, 1.01) #fs:   0  -- #Conts: 7 G(5)  A(1)  E(1) 
  39043252 470.59 || noQ Q (Avg,Max,Min) (1.01, 1.03, 1.00) (0.99, 0.95, 1.01) #fs:   0  -- #Conts: 6 G(5)  E(1) 
  47303167 469.18 || noQ Q (Avg,Max,Min) (1.01, 1.02, 1.00) (0.92, 0.43, 1.01) #fs:   0  -- #Conts: 8 G(4)  E(3)  C(1) 
  49329099 467.18 || noQ Q (Avg,Max,Min) (1.01, 1.02, 1.00) (0.98, 0.93, 1.01) #fs:   0  -- #Conts: 9 G(4)  A(2)  E(3) 
  53768105 463.76 || noQ Q (Avg,Max,Min) (1.01, 1.01, 1.00) (0.88, 0.21, 1.00) #fs:   0  -- #Conts: 8 G(2)  E(5)  C(1) 
  53789640 459.76 || noQ Q (Avg,Max,Min) (1.01, 1.01, 1.00) (0.98, 0.91, 1.00) #fs:   0  -- #Conts: 7 G(2)  E(5) 
  60454370 459.06 || noQ Q (Avg,Max,Min) (1.00, 1.01, 1.00) (0.97, 0.91, 1.01) #fs:   1  -- #Conts: 9 G(1)  A(2)  E(6) 
  60892837 458.06 || noQ Q (Avg,Max,Min) (1.00, 1.01, 1.00) (0.97, 0.91, 1.01) #fs:   1  -- #Conts: 8 G(1)  A(1)  E(6) 
  62296577 457.00 || noQ Q (Avg,Max,Min) (1.00, 1.01, 1.00) (0.86, 0.12, 1.01) #fs:   1  -- #Conts: 7 A(1)  E(6) 
  62305326 456.00 || noQ Q (Avg,Max,Min) (1.00, 1.01, 1.00) (0.98, 0.96, 1.01) #fs:   0  -- #Conts: 6 E(6) 
  62984039 450.29 || noQ Q (Avg,Max,Min) (1.00, 1.01, 1.00) (0.98, 0.92, 1.01) #fs:   0  -- #Conts: 8 A(1)  E(7) 
  63422506 449.29 || noQ Q (Avg,Max,Min) (1.00, 1.01, 1.00) (1.00, 0.96, 1.01) #fs:   0  -- #Conts: 7 E(7) 
/////////////////size: 24
nodes 97 edges 109
 mulT: 100 mulD: 500  sumData GB 1103
pareto /SIPHT.n.100.0.dax time -> 5708.0
moheft /SIPHT.n.100.0.dax time -> 831.0
distance from M to C 1.3137291698052618
distance from P to C 1.5452769452663724
distance from C to M 0.3600000000000022
distance from C to P 7.481561262345342
toCompare: /SIPHT.n.100.0.dax sumDataGB: 1103 mulT: 100 mulD: 500 paretoOptTime_MS: 5708.0 MoheftOptimizationTime_MS: 831.0 MtoC 1.3137291698052618 PtoC 1.5452769452663724 CtoM 0.3600000000000022 CtoP 7.481561262345342
