specify -Dflow d,b,mt,md,size
Running /home/vaggelis/jc/SIPHT.n.100.0.dax mt 30 md: 1 size null
   4601973 283.76 || noQ Q (Avg,Max,Min) (0.78, 0.91, 0.61) (0.58, 0.38, 0.80) #fs:  14  -- #Conts: 7 H(7) 
   5574439 252.24 || noQ Q (Avg,Max,Min) (0.79, 1.00, 0.61) (0.65, 0.54, 0.75) #fs:  12  -- #Conts: 7 H(7) 
   7147295 220.71 || noQ Q (Avg,Max,Min) (0.91, 1.00, 0.64) (0.68, 0.39, 0.91) #fs:   5  -- #Conts: 8 H(2)  G(6) 
   7812193 204.94 || noQ Q (Avg,Max,Min) (0.91, 1.00, 0.64) (0.71, 0.40, 0.91) #fs:   5  -- #Conts: 8 H(1)  G(7) 
   7887096 189.18 || noQ Q (Avg,Max,Min) (0.91, 1.00, 0.64) (0.75, 0.63, 0.91) #fs:   5  -- #Conts: 8 G(8) 
  12416385 171.06 || noQ Q (Avg,Max,Min) (0.94, 1.00, 0.81) (0.82, 0.65, 0.98) #fs:   5  -- #Conts: 6 G(5)  E(1) 
  17787486 154.24 || noQ Q (Avg,Max,Min) (0.93, 1.00, 0.76) (0.86, 0.65, 0.99) #fs:   7  -- #Conts: 6 E(6) 
  17810517 147.53 || noQ Q (Avg,Max,Min) (0.96, 1.00, 0.83) (0.90, 0.73, 0.99) #fs:   6  -- #Conts: 6 E(6) 
  26987928 140.82 || noQ Q (Avg,Max,Min) (1.00, 1.00, 1.00) (0.93, 0.76, 1.00) #fs:   0  -- #Conts: 6 E(6) 
/////////////////size: 9
   4799308 252.24 || noQ Q (Avg,Max,Min) (0.90, 1.00, 0.70) (0.66, 0.52, 0.79) #fs:   3  -- #Conts: 5 H(5) 
   5637542 236.47 || noQ Q (Avg,Max,Min) (0.92, 1.00, 0.70) (0.68, 0.63, 0.79) #fs:   3  -- #Conts: 6 H(5)  G(1) 
   5681267 220.71 || noQ Q (Avg,Max,Min) (0.94, 1.00, 0.70) (0.71, 0.62, 0.90) #fs:   2  -- #Conts: 7 H(5)  G(2) 
   5815557 204.94 || noQ Q (Avg,Max,Min) (0.94, 1.00, 0.70) (0.75, 0.62, 0.98) #fs:   4  -- #Conts: 8 H(5)  G(3) 
   7504782 193.53 || noQ Q (Avg,Max,Min) (0.92, 1.00, 0.32) (0.71, 0.32, 0.94) #fs:   3  -- #Conts: 11 H(3)  G(5)  E(3) 
   7774363 189.18 || noQ Q (Avg,Max,Min) (0.98, 1.00, 0.86) (0.79, 0.62, 0.94) #fs:   1  -- #Conts: 7 H(3)  G(4) 
   8664893 186.82 || noQ Q (Avg,Max,Min) (1.00, 1.00, 1.00) (0.79, 0.53, 1.00) #fs:   0  -- #Conts: 10 H(3)  G(5)  E(2) 
   8937924 184.12 || noQ Q (Avg,Max,Min) (0.99, 1.00, 0.93) (0.83, 0.62, 1.00) #fs:   1  -- #Conts: 10 H(3)  G(5)  E(1)  C(1) 
  10003643 174.41 || noQ Q (Avg,Max,Min) (1.00, 1.00, 1.00) (0.74, 0.02, 0.94) #fs:   0  -- #Conts: 7 H(3)  G(3)  A(1) 
  10007132 173.41 || noQ Q (Avg,Max,Min) (1.00, 1.00, 1.00) (0.86, 0.73, 0.94) #fs:   0  -- #Conts: 6 H(3)  G(3) 
  10240455 172.06 || noQ Q (Avg,Max,Min) (1.00, 1.00, 1.00) (0.75, 0.08, 0.95) #fs:   1  -- #Conts: 7 H(3)  G(2)  A(1)  E(1) 
  10250360 171.06 || noQ Q (Avg,Max,Min) (1.00, 1.00, 1.00) (0.86, 0.73, 0.95) #fs:   0  -- #Conts: 6 H(3)  G(2)  E(1) 
  13534914 169.65 || noQ Q (Avg,Max,Min) (1.00, 1.00, 1.00) (0.88, 0.73, 0.96) #fs:   0  -- #Conts: 6 H(3)  G(2)  C(1) 
  14686482 166.94 || noQ Q (Avg,Max,Min) (1.00, 1.00, 0.98) (0.84, 0.62, 0.98) #fs:   1  -- #Conts: 10 H(1)  G(4)  E(3)  C(2) 
  15828391 164.59 || noQ Q (Avg,Max,Min) (0.96, 1.00, 0.66) (0.85, 0.62, 0.98) #fs:   3  -- #Conts: 9 H(1)  G(3)  E(3)  C(2) 
  16280078 158.24 || noQ Q (Avg,Max,Min) (0.99, 1.00, 0.95) (0.85, 0.62, 0.98) #fs:   1  -- #Conts: 9 G(4)  E(4)  C(1) 
  17489343 155.53 || noQ Q (Avg,Max,Min) (1.00, 1.00, 0.98) (0.90, 0.67, 0.98) #fs:   1  -- #Conts: 8 H(1)  G(2)  E(3)  C(2) 
  17618472 153.18 || noQ Q (Avg,Max,Min) (0.99, 1.00, 0.94) (0.90, 0.70, 0.98) #fs:   1  -- #Conts: 8 H(1)  G(1)  E(4)  C(2) 
  19348063 152.18 || noQ Q (Avg,Max,Min) (0.89, 1.00, 0.39) (0.78, 0.00, 0.98) #fs:   2  -- #Conts: 7 G(1)  A(1)  E(4)  C(1) 
  19348423 151.18 || noQ Q (Avg,Max,Min) (0.97, 1.00, 0.84) (0.91, 0.82, 0.98) #fs:   1  -- #Conts: 6 G(1)  E(4)  C(1) 
  20860530 147.47 || noQ Q (Avg,Max,Min) (1.00, 1.00, 1.00) (0.86, 0.30, 1.00) #fs:   0  -- #Conts: 8 H(1)  G(1)  A(1)  E(3)  C(2) 
  21002820 146.47 || noQ Q (Avg,Max,Min) (1.00, 1.00, 1.00) (0.94, 0.90, 1.00) #fs:   0  -- #Conts: 7 H(1)  G(1)  E(3)  C(2) 
  23588036 144.47 || noQ Q (Avg,Max,Min) (1.00, 1.00, 1.00) (0.93, 0.89, 0.98) #fs:   0  -- #Conts: 6 G(1)  E(4)  C(1) 
  24370636 143.06 || noQ Q (Avg,Max,Min) (0.99, 1.00, 0.95) (0.93, 0.87, 0.98) #fs:   1  -- #Conts: 7 G(1)  E(4)  C(2) 
  38288732 140.59 || noQ Q (Avg,Max,Min) (1.00, 1.00, 1.00) (0.95, 0.87, 1.00) #fs:   0  -- #Conts: 6 E(4)  C(2) 
  38585834 140.47 || noQ Q (Avg,Max,Min) (0.99, 1.00, 0.96) (0.97, 0.90, 1.00) #fs:   2  -- #Conts: 5 E(3)  C(2) 
  49371729 139.06 || noQ Q (Avg,Max,Min) (1.00, 1.00, 0.99) (0.96, 0.88, 1.00) #fs:   1  -- #Conts: 4 E(2)  C(2) 
  53113119 137.76 || noQ Q (Avg,Max,Min) (1.00, 1.00, 1.00) (0.98, 0.91, 1.00) #fs:   0  -- #Conts: 5 E(2)  C(3) 
  73972319 136.76 || noQ Q (Avg,Max,Min) (1.00, 1.00, 1.00) (1.00, 0.98, 1.00) #fs:   0  -- #Conts: 6 A(1)  E(2)  C(3) 
/////////////////size: 29
nodes 97 edges 109
 mulT: 30 mulD: 1  sumData GB 2
pareto /SIPHT.n.100.0.dax time -> 6267.0
moheft /SIPHT.n.100.0.dax time -> 909.0
distance from M to C 0.2413793103448276
distance from P to C 1.6819739972567038
distance from C to M 0.9
distance from C to P 2.537358195604689
toCompare: /SIPHT.n.100.0.dax sumDataGB: 2 mulT: 30 mulD: 1 paretoOptTime_MS: 6267.0 MoheftOptimizationTime_MS: 909.0 MtoC 0.2413793103448276 PtoC 1.6819739972567038 CtoM 0.9 CtoP 2.537358195604689
