specify -Dflow d,b,mt,md,size
Running /home/vaggelis/jc/SIPHT.n.100.0.dax mt 10 md: 5000 size null
   2288743 126.12 || noQ Q (Avg,Max,Min) (1.61, 2.85, 0.58) (0.99, 0.36, 1.81) #fs:   5  -- #Conts: 4 H(4) 
   3183680 094.59 || noQ Q (Avg,Max,Min) (1.55, 1.99, 1.01) (1.32, 0.77, 1.73) #fs:   4  -- #Conts: 3 H(3) 
   3400608 078.82 || noQ Q (Avg,Max,Min) (1.17, 2.24, 0.62) (1.06, 0.55, 2.09) #fs:  11  -- #Conts: 5 G(5) 
   7778315 067.06 || noQ Q (Avg,Max,Min) (1.05, 1.36, 0.83) (0.88, 0.54, 1.18) #fs:   8  -- #Conts: 6 E(6) 
  10194585 066.82 || noQ Q (Avg,Max,Min) (0.96, 1.05, 0.80) (0.85, 0.54, 0.99) #fs:   6  -- #Conts: 7 E(2)  C(5) 
  10787237 064.12 || noQ Q (Avg,Max,Min) (0.96, 1.05, 0.80) (0.91, 0.79, 0.99) #fs:   6  -- #Conts: 7 E(1)  C(6) 
  11014800 061.41 || noQ Q (Avg,Max,Min) (1.02, 1.38, 0.80) (0.85, 0.53, 1.29) #fs:   5  -- #Conts: 7 E(2)  C(5) 
  11648725 058.71 || noQ Q (Avg,Max,Min) (1.02, 1.38, 0.80) (0.90, 0.54, 1.29) #fs:   5  -- #Conts: 7 E(1)  C(6) 
  12350012 056.00 || noQ Q (Avg,Max,Min) (1.02, 1.38, 0.80) (0.96, 0.79, 1.29) #fs:   5  -- #Conts: 7 C(7) 
  12573248 054.71 || noQ Q (Avg,Max,Min) (1.10, 1.26, 1.00) (0.96, 0.49, 1.26) #fs:   2  -- #Conts: 7 E(1)  C(6) 
  13696484 052.00 || noQ Q (Avg,Max,Min) (1.10, 1.26, 1.00) (1.01, 0.83, 1.26) #fs:   1  -- #Conts: 7 C(7) 
/////////////////size: 11
   2274774 126.12 || noQ Q (Avg,Max,Min) (1.59, 2.03, 0.70) (0.86, 0.43, 1.10) #fs:   6  -- #Conts: 5 H(3)  G(2) 
   3201660 078.82 || noQ Q (Avg,Max,Min) (1.45, 2.32, 0.80) (1.20, 0.68, 1.73) #fs:   6  -- #Conts: 4 H(1)  G(3) 
   3525630 063.06 || noQ Q (Avg,Max,Min) (1.58, 2.42, 0.74) (1.54, 0.70, 2.37) #fs:   3  -- #Conts: 3 H(1)  G(2) 
   6435664 062.00 || noQ Q (Avg,Max,Min) (1.38, 1.84, 1.00) (1.14, 0.47, 1.83) #fs:   1  -- #Conts: 6 G(3)  E(1)  C(2) 
   6482353 061.71 || noQ Q (Avg,Max,Min) (2.44, 7.34, 1.01) (1.02, 0.03, 1.83) #fs:   1  -- #Conts: 6 G(3)  A(1)  E(2) 
   6484089 060.71 || noQ Q (Avg,Max,Min) (1.46, 1.84, 1.03) (1.23, 0.47, 1.83) #fs:   1  -- #Conts: 5 G(3)  E(2) 
   8537394 059.65 || noQ Q (Avg,Max,Min) (1.32, 2.02, 1.00) (1.20, 0.83, 1.93) #fs:   4  -- #Conts: 5 G(2)  E(1)  C(2) 
  10195627 056.94 || noQ Q (Avg,Max,Min) (1.67, 2.96, 0.91) (1.24, 0.54, 1.93) #fs:   2  -- #Conts: 6 G(2)  E(2)  C(2) 
  10204961 055.65 || noQ Q (Avg,Max,Min) (1.39, 2.02, 1.07) (1.33, 1.01, 1.93) #fs:   4  -- #Conts: 4 G(2)  E(1)  C(1) 
  11456735 052.94 || noQ Q (Avg,Max,Min) (1.69, 2.96, 1.00) (1.33, 0.87, 1.93) #fs:   1  -- #Conts: 6 G(2)  E(2)  C(2) 
  13376651 052.24 || noQ Q (Avg,Max,Min) (1.38, 2.68, 1.00) (1.14, 0.49, 1.88) #fs:   0  -- #Conts: 7 E(4)  C(3) 
  13737574 048.24 || noQ Q (Avg,Max,Min) (1.38, 2.29, 1.00) (1.27, 0.88, 1.89) #fs:   1  -- #Conts: 6 E(4)  C(2) 
  17276099 048.12 || noQ Q (Avg,Max,Min) (1.22, 1.44, 1.00) (1.15, 0.83, 1.42) #fs:   0  -- #Conts: 4 E(1)  C(3) 
/////////////////size: 13
nodes 97 edges 109
 mulT: 10 mulD: 5000  sumData GB 11037
pareto /SIPHT.n.100.0.dax time -> 10979.0
moheft /SIPHT.n.100.0.dax time -> 364.0
distance from M to C 0.0
distance from P to C 2.2463443317938396
distance from C to M 0.33333333333333715
distance from C to P 4.160137771966659
toCompare: /SIPHT.n.100.0.dax sumDataGB: 11037 mulT: 10 mulD: 5000 paretoOptTime_MS: 10979.0 MoheftOptimizationTime_MS: 364.0 MtoC 0.0 PtoC 2.2463443317938396 CtoM 0.33333333333333715 CtoP 4.160137771966659
