specify -Dflow d,b,mt,md,size
Running /home/vaggelis/jc/SIPHT.n.50.0.dax mt 1 md: 500 size null
    205915 094.59 || noQ Q (Avg,Max,Min) (1.49, 2.15, 0.81) (0.08, 0.04, 0.12) #fs:   4  -- #Conts: 3 H(3) 
    234542 063.06 || noQ Q (Avg,Max,Min) (2.03, 2.26, 1.80) (0.12, 0.12, 0.12) #fs:   1  -- #Conts: 2 H(2) 
    282768 047.29 || noQ Q (Avg,Max,Min) (1.76, 2.03, 1.49) (0.14, 0.12, 0.15) #fs:   1  -- #Conts: 2 H(1)  G(1) 
    374045 031.53 || noQ Q (Avg,Max,Min) (2.17, 2.17, 2.17) (0.22, 0.22, 0.22) #fs:   0  -- #Conts: 1 H(1) 
    587089 026.82 || noQ Q (Avg,Max,Min) (0.88, 1.04, 0.64) (0.13, 0.07, 0.17) #fs:   7  -- #Conts: 4 E(4) 
    641033 015.76 || noQ Q (Avg,Max,Min) (1.68, 1.68, 1.68) (0.30, 0.30, 0.30) #fs:   0  -- #Conts: 1 G(1) 
    851021 013.41 || noQ Q (Avg,Max,Min) (1.14, 1.22, 1.06) (0.27, 0.25, 0.29) #fs:   1  -- #Conts: 2 E(2) 
   1127442 010.71 || noQ Q (Avg,Max,Min) (1.12, 1.20, 1.04) (0.33, 0.29, 0.38) #fs:   2  -- #Conts: 2 E(1)  C(1) 
   1445702 006.71 || noQ Q (Avg,Max,Min) (1.30, 1.30, 1.30) (0.52, 0.52, 0.52) #fs:   0  -- #Conts: 1 E(1) 
   2498077 004.00 || noQ Q (Avg,Max,Min) (1.17, 1.17, 1.17) (0.82, 0.82, 0.82) #fs:   0  -- #Conts: 1 C(1) 
/////////////////size: 10
    195545 094.59 || noQ Q (Avg,Max,Min) (1.74, 1.97, 1.42) (0.08, 0.03, 0.11) #fs:   3  -- #Conts: 3 H(3) 
    208870 078.82 || noQ Q (Avg,Max,Min) (1.52, 2.72, 0.76) (0.08, 0.03, 0.16) #fs:   3  -- #Conts: 3 H(2)  G(1) 
    293631 047.29 || noQ Q (Avg,Max,Min) (1.34, 1.67, 1.04) (0.10, 0.07, 0.14) #fs:   6  -- #Conts: 3 G(3) 
    337444 031.53 || noQ Q (Avg,Max,Min) (1.62, 1.74, 1.51) (0.15, 0.14, 0.16) #fs:   1  -- #Conts: 2 G(2) 
    502019 029.18 || noQ Q (Avg,Max,Min) (1.21, 1.48, 1.01) (0.13, 0.05, 0.18) #fs:   3  -- #Conts: 3 G(1)  E(2) 
    506752 026.47 || noQ Q (Avg,Max,Min) (1.19, 1.54, 0.93) (0.14, 0.13, 0.15) #fs:   5  -- #Conts: 3 G(1)  E(1)  C(1) 
    512225 022.47 || noQ Q (Avg,Max,Min) (1.27, 1.41, 1.13) (0.18, 0.16, 0.20) #fs:   3  -- #Conts: 2 G(1)  E(1) 
    555125 019.76 || noQ Q (Avg,Max,Min) (1.25, 1.35, 1.14) (0.19, 0.18, 0.21) #fs:   3  -- #Conts: 2 G(1)  C(1) 
    627870 016.76 || noQ Q (Avg,Max,Min) (1.11, 1.62, 0.59) (0.19, 0.10, 0.28) #fs:   2  -- #Conts: 2 G(1)  A(1) 
    641033 015.76 || noQ Q (Avg,Max,Min) (1.68, 1.68, 1.68) (0.30, 0.30, 0.30) #fs:   0  -- #Conts: 1 G(1) 
    751893 013.41 || noQ Q (Avg,Max,Min) (1.26, 1.30, 1.23) (0.26, 0.26, 0.27) #fs:   1  -- #Conts: 2 E(2) 
   1033123 012.00 || noQ Q (Avg,Max,Min) (1.00, 1.19, 0.83) (0.28, 0.24, 0.34) #fs:   4  -- #Conts: 3 C(3) 
   1074035 010.71 || noQ Q (Avg,Max,Min) (1.17, 1.32, 1.01) (0.35, 0.30, 0.39) #fs:   2  -- #Conts: 2 E(1)  C(1) 
   1410276 007.71 || noQ Q (Avg,Max,Min) (0.77, 1.28, 0.26) (0.30, 0.10, 0.50) #fs:   3  -- #Conts: 2 A(1)  E(1) 
   1445702 006.71 || noQ Q (Avg,Max,Min) (1.30, 1.30, 1.30) (0.52, 0.52, 0.52) #fs:   0  -- #Conts: 1 E(1) 
   2145732 005.00 || noQ Q (Avg,Max,Min) (0.98, 1.09, 0.87) (0.58, 0.52, 0.65) #fs:   3  -- #Conts: 2 A(1)  C(1) 
   2498077 004.00 || noQ Q (Avg,Max,Min) (1.17, 1.17, 1.17) (0.82, 0.82, 0.82) #fs:   0  -- #Conts: 1 C(1) 
/////////////////size: 17
nodes 48 edges 56
 mulT: 1 mulD: 500  sumData GB 674
pareto /SIPHT.n.50.0.dax time -> 877.0
moheft /SIPHT.n.50.0.dax time -> 173.0
distance from M to C 0.058823529411764705
distance from P to C 0.09999999999999995
distance from C to M 0.11067537453606786
distance from C to P 0.4076252588760572
toCompare: /SIPHT.n.50.0.dax sumDataGB: 674 mulT: 1 mulD: 500 paretoOptTime_MS: 877.0 MoheftOptimizationTime_MS: 173.0 MtoC 0.058823529411764705 PtoC 0.09999999999999995 CtoM 0.11067537453606786 CtoP 0.4076252588760572
