specify -Dflow d,b,mt,md,size
Running /home/vaggelis/jc/MONTAGE.n.100.0.dax mt 30 md: 20000 size null
   1099491 031.53 || noQ Q (Avg,Max,Min) (82.05, 82.05, 10.00) (25.06, 10.00, 25.06) #fs:   0  -- #Conts: 1 H(1) 
   1884312 015.76 || noQ Q (Avg,Max,Min) (48.29, 48.29, 10.00) (25.28, 10.00, 25.28) #fs:   0  -- #Conts: 1 G(1) 
   4249664 013.41 || noQ Q (Avg,Max,Min) (21.97, 21.97, 10.00) (12.97, 10.00, 12.97) #fs:   0  -- #Conts: 1 E(1) 
   6487479 012.00 || noQ Q (Avg,Max,Min) (16.26, 17.94, 10.00) (9.93, 6.73, 13.13) #fs:   1  -- #Conts: 2 C(2) 
/////////////////size: 4
   1870088 047.29 || noQ Q (Avg,Max,Min) (66.39, 102.51, 10.00) (12.64, 9.72, 15.55) #fs:   2  -- #Conts: 2 H(1)  G(1) 
   1884312 015.76 || noQ Q (Avg,Max,Min) (48.29, 48.29, 10.00) (25.28, 10.00, 25.28) #fs:   0  -- #Conts: 1 G(1) 
   4249664 013.41 || noQ Q (Avg,Max,Min) (21.97, 21.97, 10.00) (12.97, 10.00, 12.97) #fs:   0  -- #Conts: 1 E(1) 
   7843285 010.71 || noQ Q (Avg,Max,Min) (19.81, 29.68, 9.95) (16.35, 9.86, 22.83) #fs:   0  -- #Conts: 2 E(1)  C(1) 
  11213665 009.71 || noQ Q (Avg,Max,Min) (10.29, 10.86, 9.95) (8.41, 6.80, 9.86) #fs:   1  -- #Conts: 3 A(2)  E(1) 
/////////////////size: 5
nodes 100 edges 234
 mulT: 30 mulD: 20000  sumData GB 36970
pareto /MONTAGE.n.100.0.dax time -> 1411.0
moheft /MONTAGE.n.100.0.dax time -> 482.0
distance from M to C 0.3984344362627307
distance from P to C 0.0
distance from C to M 0.3320261236082036
distance from C to P 0.6327852428663266
toCompare: /MONTAGE.n.100.0.dax sumDataGB: 36970 mulT: 30 mulD: 20000 paretoOptTime_MS: 1411.0 MoheftOptimizationTime_MS: 482.0 MtoC 0.3984344362627307 PtoC 0.0 CtoM 0.3320261236082036 CtoP 0.6327852428663266
