specify -Dflow d,b,mt,md,size
Running /home/vaggelis/jc/SIPHT.n.50.0.dax mt 10000 md: 1 size null
1337862691 38560.47 || noQ Q (Avg,Max,Min) (0.95, 1.00, 0.51) (0.91, 0.51, 1.00) #fs:   2  -- #Conts: 10 H(10) 
1337862692 32822.12 || noQ Q (Avg,Max,Min) (1.00, 1.00, 0.96) (0.95, 0.69, 1.00) #fs:   1  -- #Conts: 10 H(10) 
2256979910 31072.24 || noQ Q (Avg,Max,Min) (0.96, 1.00, 0.61) (0.90, 0.61, 1.00) #fs:   3  -- #Conts: 15 H(1)  G(14) 
2292877614 28009.88 || noQ Q (Avg,Max,Min) (0.99, 1.00, 0.83) (0.93, 0.74, 1.00) #fs:   2  -- #Conts: 15 G(12)  E(2)  C(1) 
4417475255 15562.41 || noQ Q (Avg,Max,Min) (1.00, 1.00, 1.00) (0.98, 0.93, 1.00) #fs:   2  -- #Conts: 23 H(1)  A(19)  G(1)  E(1)  C(1) 
4561668646 15425.71 || noQ Q (Avg,Max,Min) (1.00, 1.00, 1.00) (0.98, 0.93, 1.00) #fs:   2  -- #Conts: 23 H(1)  A(19)  E(2)  C(1) 
4725060871 14897.71 || noQ Q (Avg,Max,Min) (1.00, 1.00, 1.00) (0.98, 0.93, 1.00) #fs:   2  -- #Conts: 23 A(20)  G(1)  E(2) 
4996032171 14084.29 || noQ Q (Avg,Max,Min) (1.00, 1.00, 1.00) (0.98, 0.93, 1.00) #fs:   2  -- #Conts: 23 A(20)  G(1)  E(1)  C(1) 
5011444916 12295.29 || noQ Q (Avg,Max,Min) (1.00, 1.00, 1.00) (0.98, 0.93, 1.00) #fs:   2  -- #Conts: 23 A(21)  G(1)  E(1) 
5518512012 10721.53 || noQ Q (Avg,Max,Min) (1.00, 1.00, 1.00) (0.98, 0.93, 1.00) #fs:   2  -- #Conts: 23 A(21)  G(1)  C(1) 
5652084535 10578.82 || noQ Q (Avg,Max,Min) (1.00, 1.00, 1.00) (0.98, 0.93, 1.00) #fs:   2  -- #Conts: 23 A(21)  E(1)  C(1) 
6137901373 9866.00 || noQ Q (Avg,Max,Min) (1.00, 1.00, 1.00) (0.98, 0.93, 1.00) #fs:   2  -- #Conts: 23 A(21)  C(2) 
6151068039 8076.00 || noQ Q (Avg,Max,Min) (1.00, 1.00, 1.00) (0.98, 0.93, 1.00) #fs:   2  -- #Conts: 23 A(22)  C(1) 
6446938796 7333.00 || noQ Q (Avg,Max,Min) (1.00, 1.00, 1.00) (0.99, 0.93, 1.00) #fs:   2  -- #Conts: 23 A(22)  C(1) 
6462351015 5545.00 || noQ Q (Avg,Max,Min) (1.00, 1.00, 0.97) (0.98, 0.88, 1.00) #fs:   3  -- #Conts: 21 A(21) 
6462351541 5544.00 || noQ Q (Avg,Max,Min) (1.00, 1.00, 1.00) (0.98, 0.93, 1.00) #fs:   2  -- #Conts: 23 A(23) 
6479351541 5543.00 || noQ Q (Avg,Max,Min) (1.00, 1.00, 1.00) (0.99, 0.93, 1.00) #fs:   2  -- #Conts: 23 A(23) 
/////////////////size: 17
1382185369 32085.06 || noQ Q (Avg,Max,Min) (1.00, 1.00, 1.00) (0.98, 0.90, 1.00) #fs:   0  -- #Conts: 12 H(4)  G(2)  A(2)  E(3)  C(1) 
1382522984 32082.06 || noQ Q (Avg,Max,Min) (1.00, 1.00, 1.00) (0.98, 0.90, 1.00) #fs:   0  -- #Conts: 12 H(4)  G(2)  A(2)  E(3)  C(1) 
1382843718 32080.06 || noQ Q (Avg,Max,Min) (1.00, 1.00, 1.00) (0.98, 0.90, 1.00) #fs:   0  -- #Conts: 12 H(4)  G(2)  A(2)  E(3)  C(1) 
1382857212 32079.06 || noQ Q (Avg,Max,Min) (1.00, 1.00, 1.00) (0.99, 0.90, 1.00) #fs:   0  -- #Conts: 11 H(4)  G(2)  A(1)  E(3)  C(1) 
1383164452 32077.06 || noQ Q (Avg,Max,Min) (1.00, 1.00, 1.00) (0.98, 0.90, 1.00) #fs:   0  -- #Conts: 12 H(4)  G(2)  A(2)  E(3)  C(1) 
1383194836 32076.06 || noQ Q (Avg,Max,Min) (1.00, 1.00, 1.00) (0.99, 0.90, 1.00) #fs:   0  -- #Conts: 11 H(4)  G(2)  A(1)  E(3)  C(1) 
1611842986 31528.88 || noQ Q (Avg,Max,Min) (1.00, 1.00, 1.00) (0.99, 0.94, 1.00) #fs:   0  -- #Conts: 13 H(4)  G(3)  A(2)  E(3)  C(1) 
1612826634 31523.88 || noQ Q (Avg,Max,Min) (1.00, 1.00, 1.00) (1.00, 0.99, 1.00) #fs:   0  -- #Conts: 12 H(4)  G(3)  A(1)  E(3)  C(1) 
1613364738 31521.88 || noQ Q (Avg,Max,Min) (1.00, 1.00, 1.00) (0.94, 0.19, 1.00) #fs:   0  -- #Conts: 13 H(4)  G(3)  A(2)  E(3)  C(1) 
1613405250 31520.88 || noQ Q (Avg,Max,Min) (1.00, 1.00, 1.00) (1.00, 0.99, 1.00) #fs:   0  -- #Conts: 12 H(4)  G(3)  A(1)  E(3)  C(1) 
1689361282 31021.41 || noQ Q (Avg,Max,Min) (1.00, 1.00, 1.00) (0.92, 0.16, 1.00) #fs:   0  -- #Conts: 12 H(4)  G(3)  A(2)  E(2)  C(1) 
1689770983 30989.88 || noQ Q (Avg,Max,Min) (1.00, 1.00, 1.00) (0.99, 0.92, 1.00) #fs:   0  -- #Conts: 11 H(3)  G(3)  A(2)  E(2)  C(1) 
1690349600 30986.88 || noQ Q (Avg,Max,Min) (1.00, 1.00, 1.00) (0.99, 0.92, 1.00) #fs:   0  -- #Conts: 11 H(3)  G(3)  A(2)  E(2)  C(1) 
1690523185 30985.88 || noQ Q (Avg,Max,Min) (1.00, 1.00, 1.00) (0.99, 0.92, 1.00) #fs:   0  -- #Conts: 11 H(3)  G(3)  A(2)  E(2)  C(1) 
1707638923 30984.88 || noQ Q (Avg,Max,Min) (1.00, 1.00, 1.00) (0.99, 0.92, 1.00) #fs:   0  -- #Conts: 12 H(3)  G(3)  A(3)  E(2)  C(1) 
1772938700 30448.41 || noQ Q (Avg,Max,Min) (1.00, 1.00, 1.00) (1.00, 1.00, 1.00) #fs:   0  -- #Conts: 11 H(3)  G(3)  A(1)  E(3)  C(1) 
1773130897 30446.41 || noQ Q (Avg,Max,Min) (1.00, 1.00, 1.00) (1.00, 1.00, 1.00) #fs:   0  -- #Conts: 11 H(3)  G(3)  A(1)  E(3)  C(1) 
1773205172 30444.41 || noQ Q (Avg,Max,Min) (1.00, 1.00, 1.00) (1.00, 0.99, 1.00) #fs:   0  -- #Conts: 11 H(3)  G(3)  A(1)  E(3)  C(1) 
1773465135 30440.41 || noQ Q (Avg,Max,Min) (1.00, 1.00, 1.00) (1.00, 1.00, 1.00) #fs:   0  -- #Conts: 11 H(3)  G(3)  A(1)  E(3)  C(1) 
1774137000 30438.41 || noQ Q (Avg,Max,Min) (1.00, 1.00, 1.00) (1.00, 0.99, 1.00) #fs:   1  -- #Conts: 11 H(3)  G(3)  A(1)  E(3)  C(1) 
1774204757 30434.41 || noQ Q (Avg,Max,Min) (1.00, 1.00, 1.00) (1.00, 1.00, 1.00) #fs:   0  -- #Conts: 11 H(3)  G(3)  A(1)  E(3)  C(1) 
1774508377 30432.41 || noQ Q (Avg,Max,Min) (1.00, 1.00, 1.00) (1.00, 0.99, 1.00) #fs:   1  -- #Conts: 11 H(3)  G(3)  A(1)  E(3)  C(1) 
1791650421 30431.41 || noQ Q (Avg,Max,Min) (1.00, 1.00, 1.00) (0.99, 0.94, 1.00) #fs:   0  -- #Conts: 12 H(3)  G(3)  A(2)  E(3)  C(1) 
1810994255 30430.71 || noQ Q (Avg,Max,Min) (1.00, 1.00, 1.00) (0.99, 0.95, 1.00) #fs:   0  -- #Conts: 12 H(3)  G(3)  A(2)  E(3)  C(1) 
2079540425 29915.06 || noQ Q (Avg,Max,Min) (1.00, 1.00, 1.00) (0.93, 0.16, 1.00) #fs:   0  -- #Conts: 14 H(3)  G(4)  A(2)  E(3)  C(2) 
2079950126 29899.29 || noQ Q (Avg,Max,Min) (1.00, 1.00, 1.00) (0.99, 0.92, 1.00) #fs:   0  -- #Conts: 13 H(2)  G(4)  A(2)  E(3)  C(2) 
2081184920 29890.24 || noQ Q (Avg,Max,Min) (1.00, 1.00, 1.00) (0.96, 0.62, 1.00) #fs:   0  -- #Conts: 14 H(2)  G(4)  A(2)  E(4)  C(2) 
2095966480 29888.53 || noQ Q (Avg,Max,Min) (1.00, 1.00, 1.00) (0.99, 0.92, 1.00) #fs:   0  -- #Conts: 14 H(2)  G(4)  A(3)  E(3)  C(2) 
2102789505 29888.29 || noQ Q (Avg,Max,Min) (1.00, 1.00, 1.00) (0.98, 0.92, 1.00) #fs:   0  -- #Conts: 14 H(2)  G(4)  A(3)  E(3)  C(2) 
2157502568 29029.71 || noQ Q (Avg,Max,Min) (1.00, 1.00, 1.00) (0.99, 0.92, 1.00) #fs:   0  -- #Conts: 12 H(2)  G(3)  A(2)  E(3)  C(2) 
2157840183 29026.71 || noQ Q (Avg,Max,Min) (1.00, 1.00, 1.00) (0.99, 0.92, 1.00) #fs:   0  -- #Conts: 12 H(2)  G(3)  A(2)  E(3)  C(2) 
2157941468 29025.71 || noQ Q (Avg,Max,Min) (1.00, 1.00, 1.00) (0.99, 0.92, 1.00) #fs:   0  -- #Conts: 12 H(2)  G(3)  A(2)  E(3)  C(2) 
2158160917 29024.71 || noQ Q (Avg,Max,Min) (1.00, 1.00, 1.00) (0.98, 0.92, 1.00) #fs:   0  -- #Conts: 12 H(2)  G(3)  A(2)  E(3)  C(2) 
2158174411 29023.71 || noQ Q (Avg,Max,Min) (1.00, 1.00, 1.00) (0.99, 0.96, 1.00) #fs:   0  -- #Conts: 11 H(2)  G(3)  A(1)  E(3)  C(2) 
2158255450 29022.71 || noQ Q (Avg,Max,Min) (1.00, 1.00, 1.00) (0.99, 0.92, 1.00) #fs:   0  -- #Conts: 12 H(2)  G(3)  A(2)  E(3)  C(2) 
2158481651 29021.71 || noQ Q (Avg,Max,Min) (1.00, 1.00, 1.00) (0.99, 0.92, 1.00) #fs:   0  -- #Conts: 12 H(2)  G(3)  A(2)  E(3)  C(2) 
2158512035 29020.71 || noQ Q (Avg,Max,Min) (1.00, 1.00, 1.00) (0.99, 0.96, 1.00) #fs:   0  -- #Conts: 11 H(2)  G(3)  A(1)  E(3)  C(2) 
2218791238 28472.12 || noQ Q (Avg,Max,Min) (1.00, 1.00, 1.00) (0.99, 0.94, 1.00) #fs:   0  -- #Conts: 12 H(1)  G(3)  A(2)  E(4)  C(2) 
2219236774 28470.12 || noQ Q (Avg,Max,Min) (1.00, 1.00, 1.00) (0.99, 0.94, 1.00) #fs:   0  -- #Conts: 12 H(1)  G(3)  A(2)  E(4)  C(2) 
2219774886 28467.12 || noQ Q (Avg,Max,Min) (1.00, 1.00, 1.00) (1.00, 0.98, 1.00) #fs:   0  -- #Conts: 11 H(1)  G(3)  A(1)  E(4)  C(2) 
2220220422 28465.12 || noQ Q (Avg,Max,Min) (1.00, 1.00, 1.00) (1.00, 0.97, 1.00) #fs:   0  -- #Conts: 11 H(1)  G(3)  A(1)  E(4)  C(2) 
2220353502 28464.12 || noQ Q (Avg,Max,Min) (1.00, 1.00, 1.00) (1.00, 0.99, 1.00) #fs:   0  -- #Conts: 11 H(1)  G(3)  A(1)  E(4)  C(2) 
2220527087 28463.12 || noQ Q (Avg,Max,Min) (1.00, 1.00, 1.00) (1.00, 0.98, 1.00) #fs:   0  -- #Conts: 11 H(1)  G(3)  A(1)  E(4)  C(2) 
2220799046 28462.12 || noQ Q (Avg,Max,Min) (1.00, 1.00, 1.00) (1.00, 0.99, 1.00) #fs:   0  -- #Conts: 11 H(1)  G(3)  A(1)  E(4)  C(2) 
2221024689 28461.12 || noQ Q (Avg,Max,Min) (1.00, 1.00, 1.00) (0.93, 0.19, 1.00) #fs:   0  -- #Conts: 12 H(1)  G(3)  A(2)  E(4)  C(2) 
2221065201 28460.12 || noQ Q (Avg,Max,Min) (1.00, 1.00, 1.00) (1.00, 0.99, 1.00) #fs:   0  -- #Conts: 11 H(1)  G(3)  A(1)  E(4)  C(2) 
2464678483 27955.00 || noQ Q (Avg,Max,Min) (1.00, 1.00, 1.00) (0.92, 0.16, 1.00) #fs:   0  -- #Conts: 12 H(1)  G(4)  A(2)  E(3)  C(2) 
2465088184 27939.24 || noQ Q (Avg,Max,Min) (1.00, 1.00, 1.00) (0.99, 0.92, 1.00) #fs:   0  -- #Conts: 11 G(4)  A(2)  E(3)  C(2) 
2466322978 27930.18 || noQ Q (Avg,Max,Min) (1.00, 1.00, 1.00) (0.96, 0.62, 1.00) #fs:   0  -- #Conts: 12 G(4)  A(2)  E(4)  C(2) 
2467146962 27928.88 || noQ Q (Avg,Max,Min) (1.00, 1.00, 1.00) (0.94, 0.62, 1.00) #fs:   0  -- #Conts: 12 G(4)  A(1)  E(5)  C(2) 
2481104538 27927.18 || noQ Q (Avg,Max,Min) (1.00, 1.00, 1.00) (0.97, 0.72, 1.00) #fs:   0  -- #Conts: 12 G(4)  A(2)  E(4)  C(2) 
2484450082 27926.47 || noQ Q (Avg,Max,Min) (1.00, 1.00, 1.00) (0.98, 0.92, 1.00) #fs:   0  -- #Conts: 12 G(4)  A(3)  E(3)  C(2) 
2606509196 27877.59 || noQ Q (Avg,Max,Min) (1.00, 1.00, 1.00) (0.99, 0.94, 1.00) #fs:   0  -- #Conts: 12 G(5)  A(2)  E(4)  C(1) 
2607492844 27872.59 || noQ Q (Avg,Max,Min) (1.00, 1.00, 1.00) (0.99, 0.95, 1.00) #fs:   0  -- #Conts: 11 G(5)  A(1)  E(4)  C(1) 
2608030948 27870.59 || noQ Q (Avg,Max,Min) (1.00, 1.00, 1.00) (0.93, 0.19, 1.00) #fs:   0  -- #Conts: 12 G(5)  A(2)  E(4)  C(1) 
2608071460 27869.59 || noQ Q (Avg,Max,Min) (1.00, 1.00, 1.00) (0.99, 0.95, 1.00) #fs:   0  -- #Conts: 11 G(5)  A(1)  E(4)  C(1) 
2818371284 12845.00 || noQ Q (Avg,Max,Min) (1.00, 1.00, 1.00) (0.98, 0.72, 1.00) #fs:   0  -- #Conts: 14 H(2)  A(4)  E(6)  C(2) 
2818708899 12843.00 || noQ Q (Avg,Max,Min) (1.00, 1.00, 1.00) (0.98, 0.72, 1.00) #fs:   0  -- #Conts: 14 H(2)  A(4)  E(6)  C(2) 
2819043127 12838.29 || noQ Q (Avg,Max,Min) (1.00, 1.00, 1.00) (1.00, 0.99, 1.00) #fs:   0  -- #Conts: 13 H(2)  A(4)  E(5)  C(2) 
2819228827 12838.00 || noQ Q (Avg,Max,Min) (1.00, 1.00, 1.00) (0.98, 0.72, 1.00) #fs:   0  -- #Conts: 14 H(2)  A(4)  E(6)  C(2) 
2819380751 12836.29 || noQ Q (Avg,Max,Min) (1.00, 1.00, 1.00) (1.00, 0.99, 1.00) #fs:   0  -- #Conts: 13 H(2)  A(4)  E(5)  C(2) 
2836461802 12835.29 || noQ Q (Avg,Max,Min) (1.00, 1.00, 1.00) (0.99, 0.94, 1.00) #fs:   0  -- #Conts: 14 H(2)  A(5)  E(5)  C(2) 
3089280217 12287.00 || noQ Q (Avg,Max,Min) (1.00, 1.00, 1.00) (0.99, 0.94, 1.00) #fs:   0  -- #Conts: 15 H(2)  A(5)  G(1)  E(5)  C(2) 
3090263865 12282.00 || noQ Q (Avg,Max,Min) (1.00, 1.00, 1.00) (1.00, 0.96, 1.00) #fs:   0  -- #Conts: 14 H(2)  A(4)  G(1)  E(5)  C(2) 
3090801969 12280.00 || noQ Q (Avg,Max,Min) (1.00, 1.00, 1.00) (0.94, 0.19, 1.00) #fs:   0  -- #Conts: 15 H(2)  A(5)  G(1)  E(5)  C(2) 
3090842481 12279.00 || noQ Q (Avg,Max,Min) (1.00, 1.00, 1.00) (1.00, 0.96, 1.00) #fs:   0  -- #Conts: 14 H(2)  A(4)  G(1)  E(5)  C(2) 
3125547199 11775.41 || noQ Q (Avg,Max,Min) (1.00, 1.00, 1.00) (0.92, 0.16, 1.00) #fs:   0  -- #Conts: 14 H(2)  A(4)  G(3)  E(4)  C(1) 
3125956900 11759.65 || noQ Q (Avg,Max,Min) (1.00, 1.00, 1.00) (0.98, 0.72, 1.00) #fs:   0  -- #Conts: 13 H(1)  A(4)  G(3)  E(4)  C(1) 
3127191694 11750.59 || noQ Q (Avg,Max,Min) (1.00, 1.00, 1.00) (0.95, 0.62, 1.00) #fs:   0  -- #Conts: 14 H(1)  A(4)  G(3)  E(5)  C(1) 
3128060475 11749.88 || noQ Q (Avg,Max,Min) (1.00, 1.00, 1.00) (0.96, 0.62, 1.00) #fs:   0  -- #Conts: 14 H(1)  A(5)  G(3)  E(4)  C(1) 
3134348414 11746.47 || noQ Q (Avg,Max,Min) (1.00, 1.00, 1.00) (0.99, 0.92, 1.00) #fs:   0  -- #Conts: 13 H(1)  A(5)  G(2)  E(4)  C(1) 
3149129982 11744.76 || noQ Q (Avg,Max,Min) (1.00, 1.00, 1.00) (0.99, 0.92, 1.00) #fs:   0  -- #Conts: 14 H(1)  A(6)  G(2)  E(4)  C(1) 
3217924498 11521.18 || noQ Q (Avg,Max,Min) (1.00, 1.00, 1.00) (0.99, 0.94, 1.00) #fs:   0  -- #Conts: 12 A(6)  G(2)  E(3)  C(1) 
3218908146 11516.18 || noQ Q (Avg,Max,Min) (1.00, 1.00, 1.00) (1.00, 0.99, 1.00) #fs:   0  -- #Conts: 11 A(5)  G(2)  E(3)  C(1) 
3219446250 11515.18 || noQ Q (Avg,Max,Min) (1.00, 1.00, 1.00) (0.93, 0.19, 1.00) #fs:   0  -- #Conts: 12 A(6)  G(2)  E(3)  C(1) 
3219486762 11514.18 || noQ Q (Avg,Max,Min) (1.00, 1.00, 1.00) (1.00, 0.99, 1.00) #fs:   0  -- #Conts: 11 A(5)  G(2)  E(3)  C(1) 
3219990150 11512.18 || noQ Q (Avg,Max,Min) (1.00, 1.00, 0.97) (0.94, 0.33, 1.00) #fs:   1  -- #Conts: 12 A(6)  G(2)  E(3)  C(1) 
3220059602 11511.18 || noQ Q (Avg,Max,Min) (1.00, 1.00, 1.00) (1.00, 0.99, 1.00) #fs:   0  -- #Conts: 11 A(5)  G(2)  E(3)  C(1) 
3236689155 11510.18 || noQ Q (Avg,Max,Min) (1.00, 1.00, 1.00) (1.00, 0.98, 1.00) #fs:   0  -- #Conts: 12 A(6)  G(2)  E(3)  C(1) 
3243766889 11509.53 || noQ Q (Avg,Max,Min) (1.00, 1.00, 1.00) (0.99, 0.92, 1.00) #fs:   0  -- #Conts: 13 A(7)  G(2)  E(3)  C(1) 
3869651252 11487.71 || noQ Q (Avg,Max,Min) (1.00, 1.00, 1.00) (0.93, 0.16, 1.00) #fs:   0  -- #Conts: 14 H(1)  A(7)  G(2)  E(4) 
3870060953 11471.94 || noQ Q (Avg,Max,Min) (1.00, 1.00, 1.00) (0.99, 0.92, 1.00) #fs:   0  -- #Conts: 13 A(7)  G(2)  E(4) 
3871295747 11462.88 || noQ Q (Avg,Max,Min) (1.00, 1.00, 1.00) (0.96, 0.62, 1.00) #fs:   0  -- #Conts: 14 A(7)  G(2)  E(5) 
3875597212 11460.35 || noQ Q (Avg,Max,Min) (1.00, 1.00, 1.00) (0.95, 0.62, 1.00) #fs:   0  -- #Conts: 13 A(5)  G(2)  E(6) 
3886077307 11458.65 || noQ Q (Avg,Max,Min) (1.00, 1.00, 1.00) (0.97, 0.72, 1.00) #fs:   0  -- #Conts: 13 A(6)  G(2)  E(5) 
3892900332 11457.94 || noQ Q (Avg,Max,Min) (1.00, 1.00, 1.00) (0.99, 0.92, 1.00) #fs:   0  -- #Conts: 13 A(7)  G(2)  E(4) 
4051336069 11409.71 || noQ Q (Avg,Max,Min) (1.00, 1.00, 1.00) (0.92, 0.16, 1.00) #fs:   0  -- #Conts: 12 H(1)  A(5)  G(1)  E(3)  C(2) 
4051745772 11393.94 || noQ Q (Avg,Max,Min) (1.00, 1.00, 1.00) (0.93, 0.27, 1.00) #fs:   0  -- #Conts: 12 A(5)  G(2)  E(3)  C(2) 
4052980562 11384.88 || noQ Q (Avg,Max,Min) (1.00, 1.00, 1.00) (0.99, 0.92, 1.00) #fs:   0  -- #Conts: 11 A(5)  G(1)  E(3)  C(2) 
4057587087 11383.59 || noQ Q (Avg,Max,Min) (1.00, 1.00, 1.00) (0.98, 0.92, 1.00) #fs:   0  -- #Conts: 11 A(5)  G(1)  E(3)  C(2) 
4067762124 11383.18 || noQ Q (Avg,Max,Min) (1.00, 1.00, 1.00) (0.98, 0.92, 1.00) #fs:   0  -- #Conts: 12 A(6)  G(1)  E(3)  C(2) 
4072368655 11381.88 || noQ Q (Avg,Max,Min) (1.00, 1.00, 1.00) (0.98, 0.92, 1.00) #fs:   0  -- #Conts: 12 A(6)  G(1)  E(3)  C(2) 
4218750682 11379.41 || noQ Q (Avg,Max,Min) (1.00, 1.00, 1.00) (0.99, 0.92, 1.00) #fs:   0  -- #Conts: 13 A(6)  G(2)  E(3)  C(2) 
4233532250 11377.71 || noQ Q (Avg,Max,Min) (1.00, 1.00, 1.00) (0.98, 0.92, 1.00) #fs:   0  -- #Conts: 14 A(7)  G(2)  E(3)  C(2) 
4378919945 11274.12 || noQ Q (Avg,Max,Min) (1.00, 1.00, 1.00) (0.93, 0.16, 1.00) #fs:   0  -- #Conts: 14 H(1)  A(7)  G(1)  E(3)  C(2) 
4379329648 11258.35 || noQ Q (Avg,Max,Min) (1.00, 1.00, 1.00) (0.94, 0.27, 1.00) #fs:   0  -- #Conts: 14 A(7)  G(2)  E(3)  C(2) 
4380564438 11249.29 || noQ Q (Avg,Max,Min) (1.00, 1.00, 1.00) (0.99, 0.92, 1.00) #fs:   0  -- #Conts: 13 A(7)  G(1)  E(3)  C(2) 
4381947702 11248.00 || noQ Q (Avg,Max,Min) (1.00, 1.00, 1.00) (0.97, 0.62, 1.00) #fs:   0  -- #Conts: 13 A(6)  G(1)  E(4)  C(2) 
4385170963 11246.00 || noQ Q (Avg,Max,Min) (1.00, 1.00, 1.00) (0.99, 0.92, 1.00) #fs:   0  -- #Conts: 12 A(6)  G(1)  E(3)  C(2) 
4399952531 11244.29 || noQ Q (Avg,Max,Min) (1.00, 1.00, 1.00) (0.99, 0.92, 1.00) #fs:   0  -- #Conts: 13 A(7)  G(1)  E(3)  C(2) 
4475855090 8902.41 || noQ Q (Avg,Max,Min) (1.00, 1.00, 1.00) (0.94, 0.19, 1.00) #fs:   0  -- #Conts: 14 H(2)  A(7)  E(4)  C(1) 
4476334683 8886.65 || noQ Q (Avg,Max,Min) (1.00, 1.00, 1.00) (0.95, 0.32, 1.00) #fs:   0  -- #Conts: 14 H(1)  A(7)  G(1)  E(4)  C(1) 
4477318331 8881.65 || noQ Q (Avg,Max,Min) (1.00, 1.00, 1.00) (0.97, 0.59, 1.00) #fs:   0  -- #Conts: 13 H(1)  A(6)  G(1)  E(4)  C(1) 
4477780116 8877.59 || noQ Q (Avg,Max,Min) (1.00, 1.00, 1.00) (0.97, 0.72, 1.00) #fs:   0  -- #Conts: 14 H(1)  A(7)  E(5)  C(1) 
4495083234 8876.88 || noQ Q (Avg,Max,Min) (1.00, 1.00, 1.00) (0.99, 0.94, 1.00) #fs:   0  -- #Conts: 13 H(1)  A(7)  E(4)  C(1) 
4512083234 8875.88 || noQ Q (Avg,Max,Min) (1.00, 1.00, 1.00) (1.00, 0.99, 1.00) #fs:   0  -- #Conts: 12 H(1)  A(6)  E(4)  C(1) 
4535538015 6399.88 || noQ Q (Avg,Max,Min) (1.00, 1.00, 1.00) (0.94, 0.16, 1.00) #fs:   0  -- #Conts: 15 H(2)  A(6)  E(5)  C(2) 
4535947718 6384.12 || noQ Q (Avg,Max,Min) (1.00, 1.00, 1.00) (0.95, 0.27, 1.00) #fs:   0  -- #Conts: 15 H(1)  A(6)  G(1)  E(5)  C(2) 
4537182510 6375.06 || noQ Q (Avg,Max,Min) (1.00, 1.00, 0.99) (0.99, 0.96, 1.00) #fs:   1  -- #Conts: 14 H(1)  A(6)  E(5)  C(2) 
4551964068 6373.35 || noQ Q (Avg,Max,Min) (1.00, 1.00, 1.00) (1.00, 0.96, 1.00) #fs:   0  -- #Conts: 14 H(1)  A(6)  E(5)  C(2) 
4863121891 6172.00 || noQ Q (Avg,Max,Min) (1.00, 1.00, 1.00) (0.94, 0.16, 1.00) #fs:   0  -- #Conts: 15 H(1)  A(7)  G(1)  E(4)  C(2) 
4863531594 6156.24 || noQ Q (Avg,Max,Min) (1.00, 1.00, 1.00) (0.95, 0.27, 1.00) #fs:   0  -- #Conts: 15 A(7)  G(2)  E(4)  C(2) 
4864766386 6147.18 || noQ Q (Avg,Max,Min) (1.00, 1.00, 1.00) (0.97, 0.62, 1.00) #fs:   0  -- #Conts: 15 A(7)  G(1)  E(5)  C(2) 
4879547944 6145.47 || noQ Q (Avg,Max,Min) (1.00, 1.00, 1.00) (0.99, 0.92, 1.00) #fs:   0  -- #Conts: 14 A(7)  G(1)  E(4)  C(2) 
5279642068 6118.29 || noQ Q (Avg,Max,Min) (1.00, 1.00, 1.00) (0.93, 0.16, 1.00) #fs:   0  -- #Conts: 12 H(1)  A(6)  E(5) 
5280051771 6102.53 || noQ Q (Avg,Max,Min) (1.00, 1.00, 1.00) (0.94, 0.27, 1.00) #fs:   0  -- #Conts: 12 A(6)  G(1)  E(5) 
5281286563 6093.47 || noQ Q (Avg,Max,Min) (1.00, 1.00, 1.00) (0.97, 0.62, 1.00) #fs:   0  -- #Conts: 12 A(6)  E(6) 
5296068121 6091.76 || noQ Q (Avg,Max,Min) (1.00, 1.00, 1.00) (1.00, 1.00, 1.00) #fs:   0  -- #Conts: 11 A(6)  E(5) 
6443122869 5416.29 || noQ Q (Avg,Max,Min) (1.00, 1.00, 1.00) (0.92, 0.19, 1.00) #fs:   1  -- #Conts: 13 H(1)  A(5)  E(5)  C(2) 
6443696814 5411.29 || noQ Q (Avg,Max,Min) (1.00, 1.00, 1.00) (0.93, 0.35, 1.00) #fs:   1  -- #Conts: 13 H(1)  A(5)  E(5)  C(2) 
6444586110 5395.53 || noQ Q (Avg,Max,Min) (1.00, 1.00, 1.00) (0.95, 0.59, 1.00) #fs:   1  -- #Conts: 13 A(5)  G(1)  E(5)  C(2) 
6445369465 5393.18 || noQ Q (Avg,Max,Min) (1.00, 1.00, 1.00) (0.94, 0.62, 1.00) #fs:   1  -- #Conts: 14 A(5)  E(7)  C(2) 
6460151011 5391.47 || noQ Q (Avg,Max,Min) (1.00, 1.00, 1.00) (0.96, 0.72, 1.00) #fs:   1  -- #Conts: 13 A(5)  E(6)  C(2) 
6462351013 5390.76 || noQ Q (Avg,Max,Min) (1.00, 1.00, 1.00) (0.98, 0.90, 1.00) #fs:   1  -- #Conts: 12 A(5)  E(5)  C(2) 
6479351013 5389.76 || noQ Q (Avg,Max,Min) (1.00, 1.00, 1.00) (0.98, 0.90, 1.00) #fs:   1  -- #Conts: 12 A(5)  E(5)  C(2) 
/////////////////size: 125
nodes 48 edges 56
 mulT: 10000 mulD: 1  sumData GB 1
pareto /SIPHT.n.50.0.dax time -> 1158.0
moheft /SIPHT.n.50.0.dax time -> 1345.0
distance from M to C 0.0
distance from P to C 493.9769714657455
distance from C to M 31.302883270557132
distance from C to P 878.2939672660883
toCompare: /SIPHT.n.50.0.dax sumDataGB: 1 mulT: 10000 mulD: 1 paretoOptTime_MS: 1158.0 MoheftOptimizationTime_MS: 1345.0 MtoC 0.0 PtoC 493.9769714657455 CtoM 31.302883270557132 CtoP 878.2939672660883
