specify -Dflow d,b,mt,md,size
Running /home/vaggelis/jc/LIGO.n.50.0.dax mt 500 md: 100 size null
  23619035 2238.59 || noQ Q (Avg,Max,Min) (0.91, 1.00, 0.63) (0.83, 0.53, 0.94) #fs:  12  -- #Conts: 15 H(13)  G(2) 
  23622049 2207.06 || noQ Q (Avg,Max,Min) (0.92, 1.00, 0.81) (0.85, 0.73, 0.94) #fs:  12  -- #Conts: 14 H(12)  G(2) 
  24564266 2144.00 || noQ Q (Avg,Max,Min) (0.95, 1.00, 0.76) (0.88, 0.73, 0.98) #fs:   5  -- #Conts: 18 H(18) 
  25862433 2080.94 || noQ Q (Avg,Max,Min) (0.97, 1.00, 0.77) (0.90, 0.77, 1.00) #fs:   4  -- #Conts: 18 H(18) 
  31831957 2049.41 || noQ Q (Avg,Max,Min) (0.98, 1.00, 0.77) (0.90, 0.77, 1.00) #fs:   3  -- #Conts: 18 H(18) 
  37101069 1907.53 || noQ Q (Avg,Max,Min) (0.94, 1.00, 0.71) (0.88, 0.63, 1.00) #fs:  11  -- #Conts: 20 H(5)  G(15) 
  37848642 1891.76 || noQ Q (Avg,Max,Min) (0.94, 1.00, 0.67) (0.88, 0.63, 1.00) #fs:  10  -- #Conts: 20 H(4)  G(16) 
  38036883 1876.00 || noQ Q (Avg,Max,Min) (0.94, 1.00, 0.67) (0.88, 0.63, 1.00) #fs:   9  -- #Conts: 20 H(3)  G(17) 
  38872345 1860.24 || noQ Q (Avg,Max,Min) (0.94, 1.00, 0.64) (0.88, 0.63, 1.00) #fs:   9  -- #Conts: 20 H(2)  G(18) 
  40477102 1758.59 || noQ Q (Avg,Max,Min) (0.96, 1.00, 0.83) (0.91, 0.80, 1.00) #fs:   8  -- #Conts: 20 G(19)  E(1) 
  42097139 1718.35 || noQ Q (Avg,Max,Min) (0.99, 1.00, 0.89) (0.93, 0.83, 0.99) #fs:   2  -- #Conts: 20 G(20) 
  49858097 1702.59 || noQ Q (Avg,Max,Min) (0.99, 1.00, 0.89) (0.93, 0.83, 0.99) #fs:   2  -- #Conts: 19 G(19) 
  57387361 1686.82 || noQ Q (Avg,Max,Min) (0.99, 1.00, 0.89) (0.94, 0.83, 0.99) #fs:   2  -- #Conts: 17 G(17) 
  61455999 1671.06 || noQ Q (Avg,Max,Min) (1.00, 1.00, 1.00) (0.95, 0.86, 0.99) #fs:   1  -- #Conts: 17 G(17) 
  70367281 1655.29 || noQ Q (Avg,Max,Min) (1.00, 1.00, 1.00) (0.96, 0.90, 0.99) #fs:   1  -- #Conts: 15 G(15) 
  78288823 1634.47 || noQ Q (Avg,Max,Min) (1.00, 1.00, 1.00) (0.97, 0.94, 0.99) #fs:   1  -- #Conts: 14 G(13)  E(1) 
  91283220 1596.00 || noQ Q (Avg,Max,Min) (1.00, 1.00, 1.00) (0.95, 0.90, 1.00) #fs:   0  -- #Conts: 23 E(23) 
  97099327 1582.59 || noQ Q (Avg,Max,Min) (1.00, 1.00, 0.97) (0.96, 0.92, 1.00) #fs:   1  -- #Conts: 20 E(20) 
 127527067 1575.88 || noQ Q (Avg,Max,Min) (1.00, 1.00, 0.97) (0.97, 0.92, 1.00) #fs:   1  -- #Conts: 18 E(18) 
 130325685 1562.47 || noQ Q (Avg,Max,Min) (1.00, 1.00, 0.97) (0.97, 0.92, 1.00) #fs:   1  -- #Conts: 17 E(17) 
 151141854 1555.76 || noQ Q (Avg,Max,Min) (1.00, 1.00, 1.00) (0.98, 0.93, 1.00) #fs:   0  -- #Conts: 17 E(17) 
 162249015 1551.76 || noQ Q (Avg,Max,Min) (1.00, 1.00, 1.00) (0.98, 0.87, 1.00) #fs:   0  -- #Conts: 15 G(1)  E(14) 
 162799223 1542.35 || noQ Q (Avg,Max,Min) (1.00, 1.00, 1.00) (0.99, 0.96, 1.00) #fs:   0  -- #Conts: 15 E(15) 
/////////////////size: 23
  45960906 1976.59 || noQ Q (Avg,Max,Min) (1.00, 1.00, 0.89) (0.88, 0.77, 1.00) #fs:   1  -- #Conts: 24 H(14)  A(2)  G(8) 
  48962655 1960.82 || noQ Q (Avg,Max,Min) (1.00, 1.00, 0.89) (0.89, 0.77, 1.00) #fs:   1  -- #Conts: 23 H(14)  A(2)  G(7) 
  49706255 1945.06 || noQ Q (Avg,Max,Min) (1.00, 1.00, 1.00) (0.90, 0.77, 1.00) #fs:   0  -- #Conts: 22 H(13)  A(2)  G(7) 
  52708004 1929.29 || noQ Q (Avg,Max,Min) (1.00, 1.00, 1.00) (0.91, 0.78, 1.00) #fs:   0  -- #Conts: 22 H(13)  A(2)  G(7) 
  54784483 1913.53 || noQ Q (Avg,Max,Min) (1.00, 1.00, 1.00) (0.90, 0.77, 1.00) #fs:   0  -- #Conts: 21 H(12)  A(2)  G(7) 
  55992806 1897.76 || noQ Q (Avg,Max,Min) (1.00, 1.00, 1.00) (0.91, 0.77, 1.00) #fs:   0  -- #Conts: 21 H(12)  A(2)  G(7) 
  56277799 1882.00 || noQ Q (Avg,Max,Min) (1.00, 1.00, 0.92) (0.91, 0.77, 1.00) #fs:   1  -- #Conts: 20 H(11)  A(2)  G(7) 
  63092506 1866.24 || noQ Q (Avg,Max,Min) (1.00, 1.00, 1.00) (0.92, 0.78, 1.00) #fs:   0  -- #Conts: 20 H(11)  A(2)  G(7) 
  65606170 1834.71 || noQ Q (Avg,Max,Min) (1.00, 1.00, 0.92) (0.93, 0.83, 1.00) #fs:   1  -- #Conts: 17 H(9)  A(2)  G(6) 
  76255887 1827.65 || noQ Q (Avg,Max,Min) (1.00, 1.00, 0.92) (0.93, 0.83, 1.00) #fs:   1  -- #Conts: 18 H(9)  A(2)  G(6)  E(1) 
  80548151 1803.18 || noQ Q (Avg,Max,Min) (0.99, 1.00, 0.92) (0.94, 0.83, 1.00) #fs:   1  -- #Conts: 15 H(7)  A(2)  G(6) 
  83728326 1788.41 || noQ Q (Avg,Max,Min) (0.99, 1.00, 0.82) (0.91, 0.73, 1.00) #fs:   2  -- #Conts: 19 H(8)  A(3)  G(8) 
  86969636 1772.65 || noQ Q (Avg,Max,Min) (1.00, 1.00, 0.99) (0.92, 0.73, 1.00) #fs:   1  -- #Conts: 18 H(7)  A(3)  G(8) 
  95131686 1763.59 || noQ Q (Avg,Max,Min) (1.00, 1.00, 0.99) (0.86, 0.09, 1.00) #fs:   1  -- #Conts: 18 H(6)  A(3)  G(8)  E(1) 
  95373445 1760.88 || noQ Q (Avg,Max,Min) (1.00, 1.00, 0.99) (0.87, 0.16, 1.00) #fs:   1  -- #Conts: 18 H(6)  A(3)  G(8)  C(1) 
  95734674 1729.59 || noQ Q (Avg,Max,Min) (1.00, 1.00, 0.99) (0.89, 0.02, 1.00) #fs:   1  -- #Conts: 21 H(5)  A(3)  G(6)  E(7) 
  95795744 1698.06 || noQ Q (Avg,Max,Min) (1.00, 1.00, 0.99) (0.94, 0.73, 1.00) #fs:   1  -- #Conts: 20 H(4)  A(3)  G(6)  E(7) 
 103898344 1697.82 || noQ Q (Avg,Max,Min) (1.00, 1.00, 0.99) (0.94, 0.73, 1.00) #fs:   1  -- #Conts: 20 H(4)  A(3)  G(6)  E(6)  C(1) 
 106224459 1677.00 || noQ Q (Avg,Max,Min) (1.00, 1.00, 1.00) (0.94, 0.73, 1.00) #fs:   0  -- #Conts: 18 H(4)  A(3)  G(8)  E(3) 
 109714938 1660.18 || noQ Q (Avg,Max,Min) (1.00, 1.00, 1.00) (0.94, 0.73, 1.00) #fs:   0  -- #Conts: 20 H(3)  A(3)  G(8)  E(6) 
 110043438 1659.94 || noQ Q (Avg,Max,Min) (1.00, 1.00, 0.99) (0.95, 0.73, 1.00) #fs:   1  -- #Conts: 20 H(3)  A(3)  G(8)  E(5)  C(1) 
 122030305 1653.47 || noQ Q (Avg,Max,Min) (1.00, 1.00, 1.00) (0.95, 0.73, 1.00) #fs:   0  -- #Conts: 19 H(3)  A(3)  G(8)  E(5) 
 124112331 1646.12 || noQ Q (Avg,Max,Min) (1.00, 1.00, 1.00) (0.94, 0.74, 1.00) #fs:   0  -- #Conts: 16 H(2)  A(3)  G(7)  E(4) 
 130776801 1639.06 || noQ Q (Avg,Max,Min) (1.00, 1.00, 1.00) (0.95, 0.74, 1.00) #fs:   0  -- #Conts: 17 H(2)  A(3)  G(7)  E(5) 
 133575545 1629.35 || noQ Q (Avg,Max,Min) (1.00, 1.00, 1.00) (0.93, 0.73, 1.00) #fs:   1  -- #Conts: 13 G(8)  A(2)  E(2)  C(1) 
 136313008 1625.29 || noQ Q (Avg,Max,Min) (1.00, 1.00, 1.00) (0.95, 0.81, 1.00) #fs:   2  -- #Conts: 13 H(1)  G(6)  A(2)  E(3)  C(1) 
 140609478 1613.59 || noQ Q (Avg,Max,Min) (1.00, 1.00, 1.00) (0.95, 0.73, 1.00) #fs:   1  -- #Conts: 12 G(7)  A(2)  E(2)  C(1) 
 144550162 1606.53 || noQ Q (Avg,Max,Min) (1.00, 1.00, 1.00) (0.95, 0.73, 1.00) #fs:   1  -- #Conts: 12 G(6)  A(2)  E(3)  C(1) 
 145012476 1602.24 || noQ Q (Avg,Max,Min) (1.00, 1.00, 1.00) (0.97, 0.89, 1.00) #fs:   1  -- #Conts: 12 G(6)  A(2)  E(3)  C(1) 
 145162627 1601.24 || noQ Q (Avg,Max,Min) (1.00, 1.00, 1.00) (0.96, 0.74, 1.00) #fs:   1  -- #Conts: 12 G(6)  A(2)  E(3)  C(1) 
 151312307 1599.06 || noQ Q (Avg,Max,Min) (1.00, 1.00, 1.00) (0.97, 0.89, 1.00) #fs:   2  -- #Conts: 14 G(5)  A(2)  E(6)  C(1) 
 160252402 1598.82 || noQ Q (Avg,Max,Min) (1.00, 1.00, 1.00) (0.97, 0.89, 1.00) #fs:   2  -- #Conts: 14 G(5)  A(2)  E(5)  C(2) 
 168810828 1581.53 || noQ Q (Avg,Max,Min) (1.00, 1.00, 1.00) (0.99, 0.95, 1.00) #fs:   2  -- #Conts: 12 A(1)  G(6)  E(5) 
 175464403 1581.18 || noQ Q (Avg,Max,Min) (1.00, 1.00, 1.00) (0.99, 0.95, 1.00) #fs:   2  -- #Conts: 13 A(1)  G(6)  E(6) 
 183016722 1572.71 || noQ Q (Avg,Max,Min) (1.00, 1.00, 1.00) (0.96, 0.69, 1.00) #fs:   2  -- #Conts: 14 A(2)  G(6)  E(6) 
 185686911 1565.65 || noQ Q (Avg,Max,Min) (1.00, 1.00, 1.00) (0.97, 0.69, 1.00) #fs:   2  -- #Conts: 13 A(2)  G(5)  E(6) 
 200341663 1565.41 || noQ Q (Avg,Max,Min) (1.00, 1.00, 1.00) (0.97, 0.69, 1.00) #fs:   2  -- #Conts: 14 A(2)  G(5)  E(6)  C(1) 
 201078775 1564.65 || noQ Q (Avg,Max,Min) (1.00, 1.00, 1.00) (0.97, 0.63, 1.00) #fs:   2  -- #Conts: 14 A(2)  G(5)  E(7) 
 201230359 1559.24 || noQ Q (Avg,Max,Min) (1.00, 1.00, 1.00) (0.96, 0.63, 1.00) #fs:   1  -- #Conts: 13 A(2)  G(4)  E(7) 
 206894143 1559.00 || noQ Q (Avg,Max,Min) (1.00, 1.00, 1.00) (0.96, 0.63, 1.00) #fs:   1  -- #Conts: 14 A(2)  G(4)  E(7)  C(1) 
 227791007 1558.65 || noQ Q (Avg,Max,Min) (1.00, 1.00, 1.00) (0.96, 0.63, 1.00) #fs:   1  -- #Conts: 15 A(2)  G(4)  E(7)  C(2) 
 228483943 1553.82 || noQ Q (Avg,Max,Min) (1.00, 1.00, 1.00) (0.96, 0.63, 1.00) #fs:   1  -- #Conts: 13 A(2)  G(4)  E(7) 
 236313012 1553.59 || noQ Q (Avg,Max,Min) (1.00, 1.00, 1.00) (0.96, 0.63, 1.00) #fs:   1  -- #Conts: 14 A(2)  G(4)  E(7)  C(1) 
 264303320 1552.59 || noQ Q (Avg,Max,Min) (1.00, 1.00, 1.00) (0.97, 0.69, 1.00) #fs:   0  -- #Conts: 14 A(2)  G(3)  E(8)  C(1) 
 278958072 1552.35 || noQ Q (Avg,Max,Min) (1.00, 1.00, 1.00) (0.97, 0.69, 1.00) #fs:   0  -- #Conts: 15 A(2)  G(3)  E(8)  C(2) 
 283169355 1549.88 || noQ Q (Avg,Max,Min) (1.00, 1.00, 1.00) (0.92, 0.16, 1.00) #fs:   0  -- #Conts: 15 A(2)  G(3)  E(8)  C(2) 
 285140482 1546.88 || noQ Q (Avg,Max,Min) (1.00, 1.00, 1.00) (0.95, 0.69, 1.00) #fs:   0  -- #Conts: 15 A(3)  G(3)  E(8)  C(1) 
/////////////////size: 47
nodes 50 edges 60
 mulT: 500 mulD: 100  sumData GB 144
pareto /LIGO.n.50.0.dax time -> 1117.0
moheft /LIGO.n.50.0.dax time -> 601.0
distance from M to C 16.11430197911973
distance from P to C 0.0
distance from C to M 36.9793754774768
distance from C to P 0.0
toCompare: /LIGO.n.50.0.dax sumDataGB: 144 mulT: 500 mulD: 100 paretoOptTime_MS: 1117.0 MoheftOptimizationTime_MS: 601.0 MtoC 16.11430197911973 PtoC 0.0 CtoM 36.9793754774768 CtoP 0.0
