specify -Dflow d,b,mt,md,size
Running /home/vaggelis/jc/MONTAGE.n.50.0.dax mt 1000 md: 1 size null
   1879075 882.82 || noQ Q (Avg,Max,Min) (0.95, 1.00, 0.81) (0.17, 0.10, 0.45) #fs:  12  -- #Conts: 28 H(28) 
   2125233 867.06 || noQ Q (Avg,Max,Min) (0.91, 1.00, 0.69) (0.17, 0.10, 0.45) #fs:  13  -- #Conts: 28 H(27)  G(1) 
   2125425 851.29 || noQ Q (Avg,Max,Min) (0.91, 1.00, 0.69) (0.18, 0.10, 0.45) #fs:  13  -- #Conts: 28 H(26)  G(2) 
   2127161 835.53 || noQ Q (Avg,Max,Min) (0.91, 1.00, 0.69) (0.18, 0.10, 0.45) #fs:  13  -- #Conts: 28 H(25)  G(3) 
   2127739 819.76 || noQ Q (Avg,Max,Min) (0.91, 1.00, 0.69) (0.18, 0.10, 0.45) #fs:  13  -- #Conts: 28 H(24)  G(4) 
   2127740 804.00 || noQ Q (Avg,Max,Min) (0.91, 1.00, 0.69) (0.18, 0.10, 0.45) #fs:  13  -- #Conts: 28 H(23)  G(5) 
   2128270 788.24 || noQ Q (Avg,Max,Min) (0.91, 1.00, 0.69) (0.19, 0.10, 0.45) #fs:  13  -- #Conts: 28 H(22)  G(6) 
   2128319 772.47 || noQ Q (Avg,Max,Min) (0.91, 1.00, 0.69) (0.19, 0.10, 0.45) #fs:  13  -- #Conts: 28 H(21)  G(7) 
   2128897 756.71 || noQ Q (Avg,Max,Min) (0.90, 1.00, 0.69) (0.19, 0.10, 0.45) #fs:  13  -- #Conts: 28 H(20)  G(8) 
   2129476 740.94 || noQ Q (Avg,Max,Min) (0.90, 1.00, 0.69) (0.19, 0.10, 0.45) #fs:  13  -- #Conts: 28 H(19)  G(9) 
   2129861 725.18 || noQ Q (Avg,Max,Min) (0.90, 1.00, 0.69) (0.20, 0.10, 0.45) #fs:  13  -- #Conts: 28 H(18)  G(10) 
   2130054 709.41 || noQ Q (Avg,Max,Min) (0.90, 1.00, 0.69) (0.20, 0.10, 0.45) #fs:  13  -- #Conts: 28 H(17)  G(11) 
   2130055 693.65 || noQ Q (Avg,Max,Min) (0.90, 1.00, 0.69) (0.20, 0.10, 0.45) #fs:  13  -- #Conts: 28 H(16)  G(12) 
   2130440 677.88 || noQ Q (Avg,Max,Min) (0.90, 1.00, 0.69) (0.20, 0.10, 0.45) #fs:  13  -- #Conts: 28 H(15)  G(13) 
   2132368 662.12 || noQ Q (Avg,Max,Min) (0.90, 1.00, 0.69) (0.21, 0.10, 0.45) #fs:  13  -- #Conts: 28 H(14)  G(14) 
   2132704 646.35 || noQ Q (Avg,Max,Min) (0.90, 1.00, 0.69) (0.21, 0.10, 0.45) #fs:  13  -- #Conts: 28 H(13)  G(15) 
   2135067 630.59 || noQ Q (Avg,Max,Min) (0.90, 1.00, 0.69) (0.21, 0.10, 0.45) #fs:  13  -- #Conts: 28 H(12)  G(16) 
   2135211 614.82 || noQ Q (Avg,Max,Min) (0.90, 1.00, 0.69) (0.21, 0.10, 0.45) #fs:  13  -- #Conts: 28 H(11)  G(17) 
   2136420 583.29 || noQ Q (Avg,Max,Min) (0.90, 1.00, 0.69) (0.22, 0.17, 0.45) #fs:  13  -- #Conts: 28 H(9)  G(19) 
   2217205 551.76 || noQ Q (Avg,Max,Min) (0.91, 1.00, 0.66) (0.23, 0.17, 0.49) #fs:  10  -- #Conts: 27 H(8)  G(19) 
   2220324 536.00 || noQ Q (Avg,Max,Min) (0.92, 1.00, 0.66) (0.23, 0.17, 0.50) #fs:  10  -- #Conts: 26 H(8)  G(18) 
   2223026 520.24 || noQ Q (Avg,Max,Min) (0.92, 1.00, 0.66) (0.24, 0.17, 0.50) #fs:  10  -- #Conts: 25 H(8)  G(17) 
   2224793 504.47 || noQ Q (Avg,Max,Min) (0.93, 1.00, 0.66) (0.25, 0.17, 0.50) #fs:  10  -- #Conts: 24 H(8)  G(16) 
   2226063 488.71 || noQ Q (Avg,Max,Min) (0.93, 1.00, 0.66) (0.26, 0.17, 0.50) #fs:  10  -- #Conts: 23 H(8)  G(15) 
   2227156 472.94 || noQ Q (Avg,Max,Min) (0.94, 1.00, 0.66) (0.26, 0.17, 0.50) #fs:  10  -- #Conts: 22 H(8)  G(14) 
   2227829 457.18 || noQ Q (Avg,Max,Min) (0.94, 1.00, 0.66) (0.27, 0.17, 0.62) #fs:  10  -- #Conts: 21 H(8)  G(13) 
   2229697 441.41 || noQ Q (Avg,Max,Min) (0.95, 1.00, 0.85) (0.28, 0.17, 0.55) #fs:  10  -- #Conts: 20 H(8)  G(12) 
   2583261 378.35 || noQ Q (Avg,Max,Min) (0.88, 1.00, 0.71) (0.40, 0.20, 0.60) #fs:  10  -- #Conts: 12 H(12) 
   2586974 331.06 || noQ Q (Avg,Max,Min) (0.91, 1.00, 0.72) (0.44, 0.17, 0.65) #fs:  10  -- #Conts: 11 H(10)  G(1) 
   2595335 315.29 || noQ Q (Avg,Max,Min) (0.92, 1.00, 0.87) (0.48, 0.20, 0.65) #fs:  10  -- #Conts: 10 H(10) 
   2755488 299.53 || noQ Q (Avg,Max,Min) (0.87, 1.00, 0.81) (0.49, 0.20, 0.65) #fs:  11  -- #Conts: 10 H(9)  G(1) 
   2756697 283.76 || noQ Q (Avg,Max,Min) (0.87, 1.00, 0.81) (0.51, 0.34, 0.65) #fs:  11  -- #Conts: 10 H(8)  G(2) 
   2948560 252.24 || noQ Q (Avg,Max,Min) (0.84, 1.00, 0.75) (0.60, 0.53, 0.70) #fs:  10  -- #Conts: 8 H(8) 
   3656434 236.47 || noQ Q (Avg,Max,Min) (0.89, 1.00, 0.54) (0.57, 0.27, 0.85) #fs:  13  -- #Conts: 14 H(1)  G(13) 
   3843017 220.71 || noQ Q (Avg,Max,Min) (0.88, 1.00, 0.51) (0.59, 0.34, 0.85) #fs:  12  -- #Conts: 14 G(14) 
   4129484 189.18 || noQ Q (Avg,Max,Min) (0.87, 0.92, 0.79) (0.80, 0.75, 0.85) #fs:   8  -- #Conts: 6 H(6) 
   7725668 185.76 || noQ Q (Avg,Max,Min) (0.89, 1.00, 0.33) (0.72, 0.28, 0.91) #fs:  13  -- #Conts: 17 G(1)  E(16) 
   7728277 179.06 || noQ Q (Avg,Max,Min) (0.88, 1.00, 0.34) (0.76, 0.28, 0.91) #fs:  13  -- #Conts: 16 G(1)  E(15) 
   8624844 164.82 || noQ Q (Avg,Max,Min) (0.92, 1.00, 0.54) (0.75, 0.39, 0.91) #fs:  12  -- #Conts: 19 E(13)  C(6) 
   8628758 163.53 || noQ Q (Avg,Max,Min) (0.91, 1.00, 0.54) (0.76, 0.39, 0.91) #fs:  12  -- #Conts: 18 E(14)  C(4) 
   8648333 162.24 || noQ Q (Avg,Max,Min) (0.91, 1.00, 0.54) (0.77, 0.39, 0.91) #fs:  12  -- #Conts: 17 E(15)  C(2) 
   8650942 160.94 || noQ Q (Avg,Max,Min) (0.90, 1.00, 0.54) (0.78, 0.39, 0.91) #fs:  12  -- #Conts: 16 E(16) 
  45552859 160.00 || noQ Q (Avg,Max,Min) (0.98, 1.00, 0.39) (0.92, 0.37, 0.99) #fs:   5  -- #Conts: 35 A(30)  C(5) 
  45622859 159.00 || noQ Q (Avg,Max,Min) (0.98, 1.00, 0.39) (0.93, 0.37, 0.99) #fs:   5  -- #Conts: 35 A(31)  C(4) 
  45662859 158.00 || noQ Q (Avg,Max,Min) (0.98, 1.00, 0.39) (0.94, 0.37, 0.99) #fs:   5  -- #Conts: 35 A(32)  C(3) 
  45682859 157.00 || noQ Q (Avg,Max,Min) (0.98, 1.00, 0.39) (0.95, 0.37, 0.99) #fs:   5  -- #Conts: 35 A(33)  C(2) 
  55650246 150.00 || noQ Q (Avg,Max,Min) (1.00, 1.00, 0.86) (0.97, 0.75, 0.99) #fs:   5  -- #Conts: 34 A(34) 
  55650325 148.00 || noQ Q (Avg,Max,Min) (1.00, 1.00, 0.99) (0.97, 0.75, 0.99) #fs:   4  -- #Conts: 35 A(35) 
  66220325 147.00 || noQ Q (Avg,Max,Min) (1.00, 1.00, 0.99) (0.97, 0.76, 1.00) #fs:   4  -- #Conts: 33 A(33) 
/////////////////size: 49
   2199167 662.12 || noQ Q (Avg,Max,Min) (0.93, 1.00, 0.67) (0.20, 0.10, 0.45) #fs:  10  -- #Conts: 30 H(12)  G(18) 
   2225983 646.35 || noQ Q (Avg,Max,Min) (0.92, 1.00, 0.66) (0.21, 0.10, 0.50) #fs:  10  -- #Conts: 29 H(12)  G(17) 
   2227333 630.59 || noQ Q (Avg,Max,Min) (0.93, 1.00, 0.66) (0.21, 0.10, 0.55) #fs:  10  -- #Conts: 28 H(12)  G(16) 
   2228008 614.82 || noQ Q (Avg,Max,Min) (0.93, 1.00, 0.66) (0.22, 0.10, 0.55) #fs:  10  -- #Conts: 28 H(11)  G(17) 
   2228509 599.06 || noQ Q (Avg,Max,Min) (0.93, 1.00, 0.66) (0.22, 0.10, 0.55) #fs:  11  -- #Conts: 27 H(11)  G(16) 
   2229857 583.29 || noQ Q (Avg,Max,Min) (0.94, 1.00, 0.66) (0.23, 0.10, 0.55) #fs:  10  -- #Conts: 26 H(11)  G(15) 
   2230034 567.53 || noQ Q (Avg,Max,Min) (0.94, 1.00, 0.66) (0.23, 0.10, 0.55) #fs:  10  -- #Conts: 26 H(10)  G(16) 
   2230867 551.76 || noQ Q (Avg,Max,Min) (0.94, 1.00, 0.66) (0.24, 0.10, 0.62) #fs:  10  -- #Conts: 25 H(10)  G(15) 
   2231205 536.00 || noQ Q (Avg,Max,Min) (0.94, 1.00, 0.66) (0.24, 0.10, 0.62) #fs:  10  -- #Conts: 25 H(9)  G(16) 
   2232558 520.24 || noQ Q (Avg,Max,Min) (0.94, 1.00, 0.66) (0.24, 0.17, 0.55) #fs:  10  -- #Conts: 25 H(8)  G(17) 
   2434703 504.47 || noQ Q (Avg,Max,Min) (0.91, 1.00, 0.59) (0.25, 0.17, 0.55) #fs:  11  -- #Conts: 24 H(8)  G(16) 
   2441067 488.71 || noQ Q (Avg,Max,Min) (0.90, 1.00, 0.59) (0.26, 0.17, 0.55) #fs:  11  -- #Conts: 23 H(8)  G(15) 
   2683669 472.94 || noQ Q (Avg,Max,Min) (0.91, 1.00, 0.59) (0.27, 0.17, 0.62) #fs:  12  -- #Conts: 23 H(7)  G(16) 
   2694740 457.18 || noQ Q (Avg,Max,Min) (0.92, 1.00, 0.59) (0.28, 0.17, 0.62) #fs:  12  -- #Conts: 23 H(6)  G(17) 
   3220172 441.41 || noQ Q (Avg,Max,Min) (0.96, 1.00, 0.81) (0.29, 0.17, 0.77) #fs:  12  -- #Conts: 28 G(28) 
   3317335 425.65 || noQ Q (Avg,Max,Min) (0.98, 1.00, 0.81) (0.36, 0.10, 0.73) #fs:   8  -- #Conts: 21 H(6)  G(15) 
   3317914 394.12 || noQ Q (Avg,Max,Min) (0.97, 1.00, 0.70) (0.39, 0.10, 0.73) #fs:   9  -- #Conts: 20 H(5)  G(15) 
   3321383 378.35 || noQ Q (Avg,Max,Min) (0.98, 1.00, 0.81) (0.41, 0.10, 0.73) #fs:   9  -- #Conts: 19 H(5)  G(14) 
   3321964 362.59 || noQ Q (Avg,Max,Min) (0.95, 1.00, 0.70) (0.41, 0.10, 0.73) #fs:  10  -- #Conts: 19 H(4)  G(15) 
   3324279 331.06 || noQ Q (Avg,Max,Min) (0.94, 1.00, 0.70) (0.44, 0.10, 0.73) #fs:  11  -- #Conts: 18 H(3)  G(15) 
   3325436 299.53 || noQ Q (Avg,Max,Min) (0.93, 1.00, 0.70) (0.47, 0.10, 0.73) #fs:  12  -- #Conts: 17 H(2)  G(15) 
   3328905 283.76 || noQ Q (Avg,Max,Min) (0.95, 1.00, 0.81) (0.50, 0.10, 0.73) #fs:  12  -- #Conts: 16 H(2)  G(14) 
   3333536 268.00 || noQ Q (Avg,Max,Min) (0.92, 1.00, 0.70) (0.50, 0.29, 0.73) #fs:  13  -- #Conts: 16 H(1)  G(15) 
   3337005 252.24 || noQ Q (Avg,Max,Min) (0.94, 1.00, 0.80) (0.53, 0.29, 0.73) #fs:  13  -- #Conts: 15 H(1)  G(14) 
   3824504 236.47 || noQ Q (Avg,Max,Min) (0.88, 1.00, 0.51) (0.55, 0.34, 0.85) #fs:  14  -- #Conts: 15 G(15) 
   3827972 220.71 || noQ Q (Avg,Max,Min) (0.89, 1.00, 0.51) (0.59, 0.34, 0.86) #fs:  13  -- #Conts: 14 G(14) 
   3943976 202.59 || noQ Q (Avg,Max,Min) (0.89, 1.00, 0.75) (0.65, 0.29, 0.90) #fs:  13  -- #Conts: 13 H(1)  G(10)  E(2) 
   3945133 195.88 || noQ Q (Avg,Max,Min) (0.90, 1.00, 0.75) (0.69, 0.29, 0.90) #fs:  13  -- #Conts: 12 H(1)  G(10)  E(1) 
   3945711 189.18 || noQ Q (Avg,Max,Min) (0.90, 1.00, 0.75) (0.73, 0.29, 0.90) #fs:  13  -- #Conts: 11 H(1)  G(10) 
   3947446 186.82 || noQ Q (Avg,Max,Min) (0.93, 1.00, 0.75) (0.70, 0.29, 0.90) #fs:  13  -- #Conts: 12 H(1)  G(9)  E(2) 
   3948603 180.12 || noQ Q (Avg,Max,Min) (0.93, 1.00, 0.80) (0.75, 0.29, 0.91) #fs:  13  -- #Conts: 11 H(1)  G(9)  E(1) 
   5815592 176.71 || noQ Q (Avg,Max,Min) (0.99, 1.00, 0.90) (0.67, 0.38, 0.90) #fs:   5  -- #Conts: 13 G(7)  E(4)  C(2) 
   5823421 174.35 || noQ Q (Avg,Max,Min) (1.00, 1.00, 0.98) (0.65, 0.38, 0.90) #fs:   4  -- #Conts: 15 G(7)  E(6)  C(2) 
   5974520 170.35 || noQ Q (Avg,Max,Min) (1.00, 1.00, 0.98) (0.66, 0.38, 0.90) #fs:   4  -- #Conts: 14 G(7)  E(6)  C(1) 
   6279895 170.00 || noQ Q (Avg,Max,Min) (0.99, 1.00, 0.93) (0.70, 0.38, 0.90) #fs:   4  -- #Conts: 12 G(7)  E(3)  C(2) 
   6285681 163.29 || noQ Q (Avg,Max,Min) (0.99, 1.00, 0.93) (0.73, 0.38, 0.90) #fs:   4  -- #Conts: 11 G(7)  E(2)  C(2) 
   6788587 160.59 || noQ Q (Avg,Max,Min) (0.98, 1.00, 0.86) (0.77, 0.39, 0.90) #fs:   6  -- #Conts: 10 G(7)  E(1)  C(2) 
   6811136 157.88 || noQ Q (Avg,Max,Min) (0.96, 1.00, 0.86) (0.81, 0.66, 0.90) #fs:   7  -- #Conts: 9 G(7)  C(2) 
   6893228 156.59 || noQ Q (Avg,Max,Min) (0.99, 1.00, 0.92) (0.78, 0.39, 0.96) #fs:   4  -- #Conts: 10 G(7)  E(1)  C(2) 
   6893807 153.88 || noQ Q (Avg,Max,Min) (0.98, 1.00, 0.90) (0.82, 0.66, 0.96) #fs:   5  -- #Conts: 9 G(7)  C(2) 
   6899593 149.88 || noQ Q (Avg,Max,Min) (0.99, 1.00, 0.93) (0.83, 0.66, 0.96) #fs:   4  -- #Conts: 9 G(7)  C(2) 
   7070943 148.82 || noQ Q (Avg,Max,Min) (0.99, 1.00, 0.88) (0.80, 0.39, 0.98) #fs:   4  -- #Conts: 11 G(7)  E(1)  C(3) 
   7074415 146.12 || noQ Q (Avg,Max,Min) (0.99, 1.00, 0.88) (0.82, 0.66, 0.98) #fs:   4  -- #Conts: 11 G(7)  C(4) 
  17297145 143.82 || noQ Q (Avg,Max,Min) (0.99, 1.00, 0.88) (0.88, 0.66, 0.98) #fs:   4  -- #Conts: 10 G(7)  A(1)  E(1)  C(1) 
  27092261 143.12 || noQ Q (Avg,Max,Min) (1.00, 1.00, 1.00) (0.90, 0.66, 0.98) #fs:   3  -- #Conts: 11 G(7)  A(3)  C(1) 
  43156891 141.82 || noQ Q (Avg,Max,Min) (1.00, 1.00, 1.00) (0.95, 0.68, 0.99) #fs:   0  -- #Conts: 21 G(5)  A(14)  C(2) 
  53266501 141.59 || noQ Q (Avg,Max,Min) (1.00, 1.00, 0.95) (0.95, 0.90, 0.99) #fs:   3  -- #Conts: 13 G(6)  A(6)  C(1) 
/////////////////size: 47
nodes 50 edges 108
 mulT: 1000 mulD: 1  sumData GB 0
pareto /MONTAGE.n.50.0.dax time -> 5190.0
moheft /MONTAGE.n.50.0.dax time -> 938.0
distance from M to C 1.2340425531914905
distance from P to C 13.644638830606723
distance from C to M 5.676662875369877
distance from C to P 4.0612884458125755
toCompare: /MONTAGE.n.50.0.dax sumDataGB: 0 mulT: 1000 mulD: 1 paretoOptTime_MS: 5190.0 MoheftOptimizationTime_MS: 938.0 MtoC 1.2340425531914905 PtoC 13.644638830606723 CtoM 5.676662875369877 CtoP 4.0612884458125755
