specify -Dflow d,b,mt,md,size
Running /home/vaggelis/jc/MONTAGE.n.50.0.dax mt 1 md: 20000 size null
     17309 031.53 || noQ Q (Avg,Max,Min) (3017.03, 3017.03, 10.00) (14.51, 10.00, 14.51) #fs:   0  -- #Conts: 1 H(1) 
     29653 015.76 || noQ Q (Avg,Max,Min) (1761.51, 1761.51, 10.00) (14.51, 10.00, 14.51) #fs:   0  -- #Conts: 1 G(1) 
     66838 006.71 || noQ Q (Avg,Max,Min) (782.06, 782.06, 10.00) (14.52, 10.00, 14.52) #fs:   0  -- #Conts: 1 E(1) 
    115480 004.00 || noQ Q (Avg,Max,Min) (453.07, 453.07, 10.00) (14.53, 10.00, 14.53) #fs:   0  -- #Conts: 1 C(1) 
    512020 001.00 || noQ Q (Avg,Max,Min) (102.96, 102.96, 10.00) (14.64, 10.00, 14.64) #fs:   0  -- #Conts: 1 A(1) 
/////////////////size: 5
     29653 015.76 || noQ Q (Avg,Max,Min) (1761.51, 1761.51, 10.00) (14.51, 10.00, 14.51) #fs:   0  -- #Conts: 1 G(1) 
     66838 006.71 || noQ Q (Avg,Max,Min) (782.06, 782.06, 10.00) (14.52, 10.00, 14.52) #fs:   0  -- #Conts: 1 E(1) 
    115480 004.00 || noQ Q (Avg,Max,Min) (453.07, 453.07, 10.00) (14.53, 10.00, 14.53) #fs:   0  -- #Conts: 1 C(1) 
    512020 001.00 || noQ Q (Avg,Max,Min) (102.96, 102.96, 10.00) (14.64, 10.00, 14.64) #fs:   0  -- #Conts: 1 A(1) 
/////////////////size: 4
nodes 50 edges 108
 mulT: 1 mulD: 20000  sumData GB 18756
pareto /MONTAGE.n.50.0.dax time -> 132.0
moheft /MONTAGE.n.50.0.dax time -> 76.0
distance from M to C 0.0
distance from P to C 0.0
distance from C to M 0.025
distance from C to P 0.0
toCompare: /MONTAGE.n.50.0.dax sumDataGB: 18756 mulT: 1 mulD: 20000 paretoOptTime_MS: 132.0 MoheftOptimizationTime_MS: 76.0 MtoC 0.0 PtoC 0.0 CtoM 0.025 CtoP 0.0
