specify -Dflow d,b,mt,md,size
Running /home/vaggelis/jc/MONTAGE.n.50.0.dax mt 1 md: 1 size null
      2210 882.82 || noQ Q (Avg,Max,Min) (1.15, 1.45, 0.83) (0.00, 0.00, 0.00) #fs:  17  -- #Conts: 28 H(28) 
      2387 851.29 || noQ Q (Avg,Max,Min) (1.13, 1.35, 0.79) (0.00, 0.00, 0.00) #fs:  15  -- #Conts: 27 H(27) 
      2456 835.53 || noQ Q (Avg,Max,Min) (1.12, 1.31, 0.76) (0.00, 0.00, 0.00) #fs:  16  -- #Conts: 27 H(26)  G(1) 
      2458 819.76 || noQ Q (Avg,Max,Min) (1.12, 1.31, 0.76) (0.00, 0.00, 0.00) #fs:  16  -- #Conts: 27 H(25)  G(2) 
      2459 788.24 || noQ Q (Avg,Max,Min) (1.11, 1.31, 0.76) (0.00, 0.00, 0.00) #fs:  16  -- #Conts: 27 H(23)  G(4) 
      2460 756.71 || noQ Q (Avg,Max,Min) (1.10, 1.31, 0.76) (0.00, 0.00, 0.00) #fs:  16  -- #Conts: 27 H(21)  G(6) 
      2461 709.41 || noQ Q (Avg,Max,Min) (1.09, 1.31, 0.76) (0.00, 0.00, 0.00) #fs:  16  -- #Conts: 27 H(18)  G(9) 
      2462 677.88 || noQ Q (Avg,Max,Min) (1.08, 1.30, 0.76) (0.00, 0.00, 0.00) #fs:  16  -- #Conts: 27 H(16)  G(11) 
      2463 646.35 || noQ Q (Avg,Max,Min) (1.08, 1.30, 0.76) (0.00, 0.00, 0.00) #fs:  16  -- #Conts: 27 H(14)  G(13) 
      2464 630.59 || noQ Q (Avg,Max,Min) (1.07, 1.30, 0.76) (0.00, 0.00, 0.00) #fs:  16  -- #Conts: 27 H(13)  G(14) 
      2466 599.06 || noQ Q (Avg,Max,Min) (1.07, 1.30, 0.76) (0.00, 0.00, 0.00) #fs:  16  -- #Conts: 27 H(11)  G(16) 
      2469 567.53 || noQ Q (Avg,Max,Min) (1.06, 1.30, 0.76) (0.00, 0.00, 0.00) #fs:  16  -- #Conts: 27 H(9)  G(18) 
      2471 551.76 || noQ Q (Avg,Max,Min) (1.06, 1.30, 0.76) (0.00, 0.00, 0.00) #fs:  16  -- #Conts: 27 H(8)  G(19) 
      2551 520.24 || noQ Q (Avg,Max,Min) (1.06, 1.26, 0.73) (0.00, 0.00, 0.00) #fs:  15  -- #Conts: 25 H(8)  G(17) 
      2556 472.94 || noQ Q (Avg,Max,Min) (1.07, 1.43, 0.73) (0.00, 0.00, 0.00) #fs:  16  -- #Conts: 22 H(8)  G(14) 
      2560 441.41 || noQ Q (Avg,Max,Min) (1.09, 1.43, 0.90) (0.00, 0.00, 0.00) #fs:  16  -- #Conts: 20 H(8)  G(12) 
      2915 378.35 || noQ Q (Avg,Max,Min) (1.05, 1.25, 0.80) (0.00, 0.00, 0.00) #fs:  16  -- #Conts: 12 H(12) 
      2918 331.06 || noQ Q (Avg,Max,Min) (1.08, 1.40, 0.80) (0.00, 0.00, 0.00) #fs:  16  -- #Conts: 11 H(10)  G(1) 
      2923 315.29 || noQ Q (Avg,Max,Min) (1.09, 1.40, 0.95) (0.00, 0.00, 0.00) #fs:  15  -- #Conts: 10 H(10) 
      3087 299.53 || noQ Q (Avg,Max,Min) (1.02, 1.33, 0.89) (0.00, 0.00, 0.00) #fs:  16  -- #Conts: 10 H(9)  G(1) 
      3090 283.76 || noQ Q (Avg,Max,Min) (1.01, 1.32, 0.89) (0.00, 0.00, 0.00) #fs:  16  -- #Conts: 10 H(8)  G(2) 
      3279 252.24 || noQ Q (Avg,Max,Min) (1.00, 1.25, 0.86) (0.00, 0.00, 0.00) #fs:  16  -- #Conts: 8 H(8) 
      4018 220.71 || noQ Q (Avg,Max,Min) (1.08, 1.37, 0.88) (0.00, 0.00, 0.00) #fs:   9  -- #Conts: 7 H(7) 
      4444 189.18 || noQ Q (Avg,Max,Min) (1.06, 1.32, 0.92) (0.00, 0.00, 0.00) #fs:   9  -- #Conts: 6 H(6) 
      4651 157.65 || noQ Q (Avg,Max,Min) (1.12, 1.28, 0.99) (0.00, 0.00, 0.00) #fs:   8  -- #Conts: 5 H(5) 
      5184 126.12 || noQ Q (Avg,Max,Min) (1.18, 1.35, 1.08) (0.00, 0.00, 0.00) #fs:   5  -- #Conts: 4 H(4) 
      6510 110.35 || noQ Q (Avg,Max,Min) (0.93, 1.14, 0.84) (0.00, 0.00, 0.00) #fs:  14  -- #Conts: 7 G(7) 
      6708 094.59 || noQ Q (Avg,Max,Min) (1.20, 1.36, 1.09) (0.00, 0.00, 0.00) #fs:   3  -- #Conts: 3 H(3) 
      7851 078.82 || noQ Q (Avg,Max,Min) (1.02, 1.12, 0.91) (0.00, 0.00, 0.00) #fs:   8  -- #Conts: 5 G(5) 
      8650 063.06 || noQ Q (Avg,Max,Min) (1.09, 1.19, 1.02) (0.00, 0.00, 0.00) #fs:   5  -- #Conts: 4 G(4) 
     11260 047.29 || noQ Q (Avg,Max,Min) (1.10, 1.22, 1.03) (0.00, 0.00, 0.00) #fs:   3  -- #Conts: 3 G(3) 
     14363 046.94 || noQ Q (Avg,Max,Min) (0.87, 1.04, 0.81) (0.00, 0.00, 0.00) #fs:  14  -- #Conts: 7 E(7) 
     15598 031.53 || noQ Q (Avg,Max,Min) (1.13, 1.18, 1.09) (0.00, 0.00, 0.01) #fs:   1  -- #Conts: 2 G(2) 
     19084 026.82 || noQ Q (Avg,Max,Min) (1.02, 1.06, 0.98) (0.00, 0.00, 0.01) #fs:   5  -- #Conts: 4 E(4) 
     24973 020.12 || noQ Q (Avg,Max,Min) (1.03, 1.10, 0.98) (0.01, 0.01, 0.01) #fs:   3  -- #Conts: 3 E(3) 
     29653 015.76 || noQ Q (Avg,Max,Min) (1.09, 1.09, 1.09) (0.01, 0.01, 0.01) #fs:   0  -- #Conts: 1 G(1) 
     34949 013.41 || noQ Q (Avg,Max,Min) (1.05, 1.08, 1.02) (0.01, 0.01, 0.01) #fs:   1  -- #Conts: 2 E(2) 
     42912 012.00 || noQ Q (Avg,Max,Min) (1.00, 1.06, 0.96) (0.01, 0.01, 0.01) #fs:   3  -- #Conts: 3 C(3) 
     58188 010.71 || noQ Q (Avg,Max,Min) (0.83, 1.01, 0.65) (0.01, 0.01, 0.02) #fs:   5  -- #Conts: 2 E(1)  C(1) 
     60264 008.00 || noQ Q (Avg,Max,Min) (1.02, 1.05, 1.00) (0.02, 0.02, 0.02) #fs:   1  -- #Conts: 2 C(2) 
     66838 006.71 || noQ Q (Avg,Max,Min) (1.04, 1.04, 1.04) (0.02, 0.02, 0.02) #fs:   0  -- #Conts: 1 E(1) 
    115480 004.00 || noQ Q (Avg,Max,Min) (1.02, 1.02, 1.02) (0.03, 0.03, 0.03) #fs:   0  -- #Conts: 1 C(1) 
    189154 003.00 || noQ Q (Avg,Max,Min) (0.97, 1.01, 0.94) (0.05, 0.04, 0.05) #fs:   2  -- #Conts: 3 A(3) 
    266634 002.00 || noQ Q (Avg,Max,Min) (0.99, 1.01, 0.98) (0.07, 0.07, 0.07) #fs:   1  -- #Conts: 2 A(2) 
    512020 001.00 || noQ Q (Avg,Max,Min) (1.01, 1.01, 1.01) (0.14, 0.14, 0.14) #fs:   0  -- #Conts: 1 A(1) 
/////////////////size: 45
      2604 662.12 || noQ Q (Avg,Max,Min) (1.08, 1.26, 0.74) (0.00, 0.00, 0.00) #fs:  15  -- #Conts: 30 H(12)  G(18) 
      2624 646.35 || noQ Q (Avg,Max,Min) (1.08, 1.26, 0.73) (0.00, 0.00, 0.00) #fs:  14  -- #Conts: 29 H(12)  G(17) 
      2630 599.06 || noQ Q (Avg,Max,Min) (1.08, 1.52, 0.73) (0.00, 0.00, 0.00) #fs:  15  -- #Conts: 27 H(11)  G(16) 
      2633 536.00 || noQ Q (Avg,Max,Min) (1.09, 1.52, 0.73) (0.00, 0.00, 0.00) #fs:  15  -- #Conts: 25 H(9)  G(16) 
      2677 520.24 || noQ Q (Avg,Max,Min) (1.08, 1.49, 0.71) (0.00, 0.00, 0.00) #fs:  15  -- #Conts: 24 H(9)  G(15) 
      2683 488.71 || noQ Q (Avg,Max,Min) (1.07, 1.49, 0.71) (0.00, 0.00, 0.00) #fs:  15  -- #Conts: 23 H(8)  G(15) 
      2919 472.94 || noQ Q (Avg,Max,Min) (1.05, 1.31, 0.68) (0.00, 0.00, 0.00) #fs:  15  -- #Conts: 23 H(7)  G(16) 
      2989 441.41 || noQ Q (Avg,Max,Min) (1.12, 1.48, 0.80) (0.00, 0.00, 0.00) #fs:  14  -- #Conts: 20 H(8)  G(12) 
      2990 425.65 || noQ Q (Avg,Max,Min) (1.13, 1.48, 0.80) (0.00, 0.00, 0.00) #fs:  14  -- #Conts: 19 H(8)  G(11) 
      3121 409.88 || noQ Q (Avg,Max,Min) (1.12, 1.45, 0.76) (0.00, 0.00, 0.00) #fs:  13  -- #Conts: 18 H(8)  G(10) 
      3132 394.12 || noQ Q (Avg,Max,Min) (1.12, 1.45, 0.76) (0.00, 0.00, 0.00) #fs:  13  -- #Conts: 17 H(8)  G(9) 
      3134 378.35 || noQ Q (Avg,Max,Min) (1.12, 1.45, 0.76) (0.00, 0.00, 0.00) #fs:  13  -- #Conts: 16 H(8)  G(8) 
      3135 362.59 || noQ Q (Avg,Max,Min) (1.12, 1.45, 0.76) (0.00, 0.00, 0.00) #fs:  13  -- #Conts: 15 H(8)  G(7) 
      3277 360.24 || noQ Q (Avg,Max,Min) (1.09, 1.45, 0.72) (0.00, 0.00, 0.00) #fs:  13  -- #Conts: 16 H(8)  G(6)  E(2) 
      3286 331.06 || noQ Q (Avg,Max,Min) (1.06, 1.45, 0.76) (0.00, 0.00, 0.00) #fs:  14  -- #Conts: 14 H(7)  G(7) 
      3303 328.71 || noQ Q (Avg,Max,Min) (1.09, 1.45, 0.88) (0.00, 0.00, 0.00) #fs:  12  -- #Conts: 14 H(8)  G(4)  E(2) 
      3341 322.00 || noQ Q (Avg,Max,Min) (1.10, 1.45, 0.86) (0.00, 0.00, 0.00) #fs:  12  -- #Conts: 13 H(8)  G(4)  E(1) 
      3345 315.29 || noQ Q (Avg,Max,Min) (1.11, 1.46, 0.86) (0.00, 0.00, 0.00) #fs:  13  -- #Conts: 12 H(8)  G(4) 
      3349 297.18 || noQ Q (Avg,Max,Min) (1.13, 1.46, 0.86) (0.00, 0.00, 0.00) #fs:  13  -- #Conts: 12 H(8)  G(2)  E(2) 
      3377 290.47 || noQ Q (Avg,Max,Min) (1.14, 1.45, 0.85) (0.00, 0.00, 0.00) #fs:  13  -- #Conts: 11 H(8)  G(2)  E(1) 
      3496 283.76 || noQ Q (Avg,Max,Min) (1.06, 1.45, 0.86) (0.00, 0.00, 0.00) #fs:  14  -- #Conts: 11 H(7)  G(4) 
      3500 265.65 || noQ Q (Avg,Max,Min) (1.08, 1.45, 0.86) (0.00, 0.00, 0.00) #fs:  14  -- #Conts: 11 H(7)  G(2)  E(2) 
      3528 258.94 || noQ Q (Avg,Max,Min) (1.08, 1.45, 0.85) (0.00, 0.00, 0.00) #fs:  14  -- #Conts: 10 H(7)  G(2)  E(1) 
      3581 252.24 || noQ Q (Avg,Max,Min) (1.01, 1.31, 0.86) (0.00, 0.00, 0.00) #fs:  15  -- #Conts: 10 H(6)  G(4) 
      3585 234.12 || noQ Q (Avg,Max,Min) (1.02, 1.31, 0.79) (0.00, 0.00, 0.00) #fs:  15  -- #Conts: 10 H(6)  G(2)  E(2) 
      3613 227.41 || noQ Q (Avg,Max,Min) (1.03, 1.30, 0.85) (0.00, 0.00, 0.00) #fs:  15  -- #Conts: 9 H(6)  G(2)  E(1) 
      3896 220.71 || noQ Q (Avg,Max,Min) (0.96, 1.14, 0.91) (0.00, 0.00, 0.00) #fs:  14  -- #Conts: 8 H(6)  G(2) 
      3934 220.35 || noQ Q (Avg,Max,Min) (1.00, 1.14, 0.89) (0.00, 0.00, 0.00) #fs:  15  -- #Conts: 16 H(2)  G(7)  E(7) 
      3935 218.00 || noQ Q (Avg,Max,Min) (1.00, 1.06, 0.91) (0.00, 0.00, 0.00) #fs:  15  -- #Conts: 17 H(2)  G(6)  E(9) 
      3939 211.29 || noQ Q (Avg,Max,Min) (1.01, 1.24, 0.91) (0.00, 0.00, 0.00) #fs:  16  -- #Conts: 16 H(2)  G(6)  E(8) 
      4330 209.29 || noQ Q (Avg,Max,Min) (1.03, 1.44, 0.81) (0.00, 0.00, 0.00) #fs:  15  -- #Conts: 12 H(3)  G(6)  E(3) 
      4331 184.47 || noQ Q (Avg,Max,Min) (0.97, 1.23, 0.81) (0.00, 0.00, 0.00) #fs:  16  -- #Conts: 12 H(2)  G(6)  E(4) 
      4335 177.76 || noQ Q (Avg,Max,Min) (0.98, 1.23, 0.81) (0.00, 0.00, 0.00) #fs:  16  -- #Conts: 11 H(2)  G(6)  E(3) 
      4337 171.06 || noQ Q (Avg,Max,Min) (0.99, 1.23, 0.81) (0.00, 0.00, 0.00) #fs:  16  -- #Conts: 10 H(2)  G(6)  E(2) 
      4340 164.35 || noQ Q (Avg,Max,Min) (1.00, 1.23, 0.81) (0.00, 0.00, 0.00) #fs:  16  -- #Conts: 9 H(2)  G(6)  E(1) 
      4342 157.65 || noQ Q (Avg,Max,Min) (1.02, 1.23, 0.94) (0.00, 0.00, 0.00) #fs:  16  -- #Conts: 8 H(2)  G(6) 
      4783 155.29 || noQ Q (Avg,Max,Min) (0.98, 1.25, 0.89) (0.00, 0.00, 0.00) #fs:  15  -- #Conts: 10 H(1)  G(7)  E(2) 
      4840 152.59 || noQ Q (Avg,Max,Min) (0.96, 1.23, 0.86) (0.00, 0.00, 0.00) #fs:  15  -- #Conts: 10 H(1)  G(7)  E(1)  C(1) 
      4849 149.88 || noQ Q (Avg,Max,Min) (0.96, 1.23, 0.87) (0.00, 0.00, 0.00) #fs:  15  -- #Conts: 10 H(1)  G(7)  C(2) 
      4936 148.59 || noQ Q (Avg,Max,Min) (0.95, 1.20, 0.86) (0.00, 0.00, 0.00) #fs:  15  -- #Conts: 9 H(1)  G(7)  E(1) 
      4937 145.88 || noQ Q (Avg,Max,Min) (0.95, 1.20, 0.86) (0.00, 0.00, 0.00) #fs:  15  -- #Conts: 9 H(1)  G(7)  C(1) 
      4939 141.88 || noQ Q (Avg,Max,Min) (0.96, 1.20, 0.86) (0.00, 0.00, 0.00) #fs:  15  -- #Conts: 8 H(1)  G(7) 
      6003 141.41 || noQ Q (Avg,Max,Min) (1.03, 1.11, 0.86) (0.00, 0.00, 0.00) #fs:   9  -- #Conts: 15 G(6)  E(4)  C(5) 
      6004 137.41 || noQ Q (Avg,Max,Min) (1.04, 1.22, 0.86) (0.00, 0.00, 0.00) #fs:   9  -- #Conts: 14 G(6)  E(4)  C(4) 
      6006 134.71 || noQ Q (Avg,Max,Min) (1.04, 1.22, 0.86) (0.00, 0.00, 0.00) #fs:   9  -- #Conts: 14 G(6)  E(3)  C(5) 
      6009 132.00 || noQ Q (Avg,Max,Min) (1.03, 1.22, 0.86) (0.00, 0.00, 0.00) #fs:   9  -- #Conts: 14 G(6)  E(2)  C(6) 
      6071 128.00 || noQ Q (Avg,Max,Min) (1.04, 1.21, 0.96) (0.00, 0.00, 0.00) #fs:   8  -- #Conts: 13 G(6)  E(2)  C(5) 
      6593 113.29 || noQ Q (Avg,Max,Min) (1.02, 1.12, 0.88) (0.00, 0.00, 0.00) #fs:   8  -- #Conts: 10 G(6)  E(1)  C(3) 
      6610 109.29 || noQ Q (Avg,Max,Min) (1.02, 1.28, 0.88) (0.00, 0.00, 0.00) #fs:   9  -- #Conts: 9 G(6)  E(1)  C(2) 
      6614 102.59 || noQ Q (Avg,Max,Min) (1.04, 1.21, 0.89) (0.00, 0.00, 0.00) #fs:   9  -- #Conts: 8 G(6)  C(2) 
      6680 098.59 || noQ Q (Avg,Max,Min) (1.05, 1.20, 0.98) (0.00, 0.00, 0.00) #fs:   8  -- #Conts: 7 G(6)  C(1) 
      7201 094.59 || noQ Q (Avg,Max,Min) (0.97, 1.11, 0.89) (0.00, 0.00, 0.00) #fs:   8  -- #Conts: 6 G(6) 
      7222 086.82 || noQ Q (Avg,Max,Min) (1.05, 1.21, 0.94) (0.00, 0.00, 0.00) #fs:   8  -- #Conts: 7 G(5)  C(2) 
      7297 082.82 || noQ Q (Avg,Max,Min) (1.06, 1.19, 1.00) (0.00, 0.00, 0.00) #fs:   7  -- #Conts: 6 G(5)  C(1) 
      7824 078.82 || noQ Q (Avg,Max,Min) (1.01, 1.11, 0.94) (0.00, 0.00, 0.00) #fs:   7  -- #Conts: 5 G(5) 
      7854 077.76 || noQ Q (Avg,Max,Min) (1.06, 1.26, 0.95) (0.00, 0.00, 0.00) #fs:   6  -- #Conts: 7 G(4)  E(1)  C(2) 
      8066 073.76 || noQ Q (Avg,Max,Min) (1.07, 1.18, 1.03) (0.00, 0.00, 0.00) #fs:   5  -- #Conts: 6 G(4)  E(1)  C(1) 
      8678 063.06 || noQ Q (Avg,Max,Min) (1.09, 1.17, 1.05) (0.00, 0.00, 0.00) #fs:   5  -- #Conts: 4 G(4) 
      9295 060.71 || noQ Q (Avg,Max,Min) (1.01, 1.11, 0.92) (0.00, 0.00, 0.00) #fs:   5  -- #Conts: 5 G(3)  E(2) 
      9663 058.35 || noQ Q (Avg,Max,Min) (0.96, 1.18, 0.89) (0.00, 0.00, 0.00) #fs:   8  -- #Conts: 6 G(2)  E(4) 
     10474 055.65 || noQ Q (Avg,Max,Min) (0.98, 1.19, 0.85) (0.00, 0.00, 0.00) #fs:   7  -- #Conts: 6 G(2)  E(3)  C(1) 
     10511 051.65 || noQ Q (Avg,Max,Min) (1.02, 1.18, 0.84) (0.00, 0.00, 0.00) #fs:   7  -- #Conts: 5 G(2)  E(3) 
     11178 048.94 || noQ Q (Avg,Max,Min) (1.04, 1.17, 0.95) (0.00, 0.00, 0.00) #fs:   5  -- #Conts: 5 G(2)  E(2)  C(1) 
     11715 044.94 || noQ Q (Avg,Max,Min) (1.02, 1.21, 0.89) (0.00, 0.00, 0.00) #fs:   5  -- #Conts: 4 G(2)  E(2) 
     12948 043.53 || noQ Q (Avg,Max,Min) (0.99, 1.15, 0.88) (0.00, 0.00, 0.00) #fs:   6  -- #Conts: 5 G(2)  C(3) 
     13754 039.53 || noQ Q (Avg,Max,Min) (0.96, 1.10, 0.83) (0.00, 0.00, 0.00) #fs:   5  -- #Conts: 4 G(2)  C(2) 
     15775 035.76 || noQ Q (Avg,Max,Min) (0.91, 1.15, 0.81) (0.00, 0.00, 0.01) #fs:   7  -- #Conts: 6 G(1)  C(5) 
     16548 031.76 || noQ Q (Avg,Max,Min) (0.96, 1.17, 0.81) (0.00, 0.00, 0.01) #fs:   7  -- #Conts: 5 G(1)  C(4) 
     18084 028.76 || noQ Q (Avg,Max,Min) (1.00, 1.14, 0.94) (0.00, 0.00, 0.01) #fs:   5  -- #Conts: 5 G(1)  A(1)  C(3) 
     18219 027.76 || noQ Q (Avg,Max,Min) (0.99, 1.17, 0.93) (0.00, 0.00, 0.01) #fs:   4  -- #Conts: 4 G(1)  C(3) 
     20081 026.76 || noQ Q (Avg,Max,Min) (1.00, 1.12, 0.87) (0.00, 0.00, 0.01) #fs:   3  -- #Conts: 6 G(1)  A(3)  C(2) 
     20090 025.76 || noQ Q (Avg,Max,Min) (1.03, 1.12, 1.00) (0.00, 0.00, 0.01) #fs:   3  -- #Conts: 5 G(1)  A(2)  C(2) 
     20247 024.76 || noQ Q (Avg,Max,Min) (1.04, 1.15, 0.99) (0.00, 0.00, 0.01) #fs:   2  -- #Conts: 4 G(1)  A(1)  C(2) 
     20852 023.76 || noQ Q (Avg,Max,Min) (1.02, 1.14, 0.96) (0.01, 0.01, 0.01) #fs:   2  -- #Conts: 3 G(1)  C(2) 
     23359 022.76 || noQ Q (Avg,Max,Min) (1.02, 1.10, 1.00) (0.00, 0.00, 0.01) #fs:   3  -- #Conts: 5 G(1)  A(3)  C(1) 
     23491 021.76 || noQ Q (Avg,Max,Min) (1.03, 1.12, 0.99) (0.00, 0.00, 0.01) #fs:   2  -- #Conts: 4 G(1)  A(2)  C(1) 
     24100 020.76 || noQ Q (Avg,Max,Min) (1.03, 1.12, 0.96) (0.01, 0.00, 0.01) #fs:   2  -- #Conts: 3 G(1)  A(1)  C(1) 
     24711 019.76 || noQ Q (Avg,Max,Min) (1.03, 1.12, 0.94) (0.01, 0.01, 0.01) #fs:   2  -- #Conts: 2 G(1)  C(1) 
     27816 018.76 || noQ Q (Avg,Max,Min) (1.03, 1.09, 1.01) (0.00, 0.00, 0.01) #fs:   0  -- #Conts: 4 G(1)  A(3) 
     28429 017.76 || noQ Q (Avg,Max,Min) (1.04, 1.09, 1.01) (0.00, 0.00, 0.01) #fs:   0  -- #Conts: 3 G(1)  A(2) 
     29042 016.76 || noQ Q (Avg,Max,Min) (1.05, 1.09, 1.01) (0.01, 0.00, 0.01) #fs:   0  -- #Conts: 2 G(1)  A(1) 
     29653 015.76 || noQ Q (Avg,Max,Min) (1.09, 1.09, 1.09) (0.01, 0.01, 0.01) #fs:   0  -- #Conts: 1 G(1) 
     32640 015.71 || noQ Q (Avg,Max,Min) (1.00, 1.07, 0.95) (0.01, 0.01, 0.01) #fs:   3  -- #Conts: 4 A(1)  E(1)  C(2) 
     33675 014.71 || noQ Q (Avg,Max,Min) (1.00, 1.08, 0.92) (0.01, 0.01, 0.01) #fs:   3  -- #Conts: 3 E(1)  C(2) 
     38481 013.71 || noQ Q (Avg,Max,Min) (1.02, 1.06, 1.00) (0.01, 0.01, 0.01) #fs:   3  -- #Conts: 5 A(3)  E(1)  C(1) 
     40862 012.71 || noQ Q (Avg,Max,Min) (1.01, 1.04, 1.01) (0.01, 0.01, 0.01) #fs:   3  -- #Conts: 4 A(2)  E(1)  C(1) 
     42564 011.71 || noQ Q (Avg,Max,Min) (1.01, 1.06, 0.96) (0.01, 0.01, 0.01) #fs:   2  -- #Conts: 3 A(1)  E(1)  C(1) 
     43952 010.71 || noQ Q (Avg,Max,Min) (1.02, 1.06, 0.99) (0.01, 0.01, 0.01) #fs:   2  -- #Conts: 2 E(1)  C(1) 
     53505 009.71 || noQ Q (Avg,Max,Min) (0.98, 1.03, 0.88) (0.01, 0.01, 0.02) #fs:   2  -- #Conts: 4 A(3)  E(1) 
     57637 008.71 || noQ Q (Avg,Max,Min) (0.95, 1.03, 0.82) (0.01, 0.01, 0.02) #fs:   2  -- #Conts: 3 A(2)  E(1) 
     60425 007.71 || noQ Q (Avg,Max,Min) (0.99, 1.03, 0.96) (0.02, 0.02, 0.02) #fs:   2  -- #Conts: 2 A(1)  E(1) 
     66838 006.71 || noQ Q (Avg,Max,Min) (1.04, 1.04, 1.04) (0.02, 0.02, 0.02) #fs:   0  -- #Conts: 1 E(1) 
     85511 006.00 || noQ Q (Avg,Max,Min) (0.92, 1.03, 0.86) (0.02, 0.02, 0.02) #fs:   2  -- #Conts: 3 A(2)  C(1) 
     98175 005.00 || noQ Q (Avg,Max,Min) (0.95, 1.03, 0.88) (0.02, 0.02, 0.03) #fs:   2  -- #Conts: 2 A(1)  C(1) 
    115480 004.00 || noQ Q (Avg,Max,Min) (1.02, 1.02, 1.02) (0.03, 0.03, 0.03) #fs:   0  -- #Conts: 1 C(1) 
    188746 003.00 || noQ Q (Avg,Max,Min) (0.98, 1.01, 0.95) (0.05, 0.05, 0.05) #fs:   3  -- #Conts: 3 A(3) 
    266289 002.00 || noQ Q (Avg,Max,Min) (0.99, 1.01, 0.98) (0.07, 0.07, 0.07) #fs:   3  -- #Conts: 2 A(2) 
    512020 001.00 || noQ Q (Avg,Max,Min) (1.01, 1.01, 1.01) (0.14, 0.14, 0.14) #fs:   0  -- #Conts: 1 A(1) 
/////////////////size: 98
nodes 50 edges 108
 mulT: 1 mulD: 1  sumData GB 0
pareto /MONTAGE.n.50.0.dax time -> 4983.0
moheft /MONTAGE.n.50.0.dax time -> 712.0
distance from M to C 0.7505688299491459
distance from P to C 0.2517018449074118
distance from C to M 2.442703298946449
distance from C to P 1.3482268353667306
toCompare: /MONTAGE.n.50.0.dax sumDataGB: 0 mulT: 1 mulD: 1 paretoOptTime_MS: 4983.0 MoheftOptimizationTime_MS: 712.0 MtoC 0.7505688299491459 PtoC 0.2517018449074118 CtoM 2.442703298946449 CtoP 1.3482268353667306
