specify -Dflow d,b,mt,md,size
Running /home/vaggelis/jc/CYBERSHAKE.n.50.0.dax mt 1 md: 20000 size null
     30177 063.06 || noQ Q (Avg,Max,Min) (3174.29, 4034.91, 10.00) (22.63, 10.00, 25.87) #fs:   2  -- #Conts: 2 H(2) 
     43565 047.29 || noQ Q (Avg,Max,Min) (1980.73, 2358.43, 10.00) (22.63, 10.00, 25.87) #fs:   1  -- #Conts: 2 H(1)  G(1) 
     44692 031.53 || noQ Q (Avg,Max,Min) (3645.43, 3645.43, 10.00) (45.26, 10.00, 45.26) #fs:   0  -- #Conts: 1 H(1) 
     76575 015.76 || noQ Q (Avg,Max,Min) (2128.02, 2128.02, 10.00) (45.26, 10.00, 45.26) #fs:   0  -- #Conts: 1 G(1) 
     92498 013.41 || noQ Q (Avg,Max,Min) (890.12, 1024.71, 10.00) (22.65, 10.00, 25.89) #fs:   1  -- #Conts: 2 E(2) 
    149482 010.71 || noQ Q (Avg,Max,Min) (552.68, 637.85, 10.00) (22.66, 10.00, 25.91) #fs:   1  -- #Conts: 2 E(1)  C(1) 
    156493 008.00 || noQ Q (Avg,Max,Min) (529.96, 612.95, 10.00) (22.67, 10.00, 25.91) #fs:   1  -- #Conts: 2 C(2) 
    172670 006.71 || noQ Q (Avg,Max,Min) (944.28, 944.28, 10.00) (45.29, 10.00, 45.29) #fs:   0  -- #Conts: 1 E(1) 
    298344 004.00 || noQ Q (Avg,Max,Min) (546.94, 546.94, 10.00) (45.33, 10.00, 45.33) #fs:   0  -- #Conts: 1 C(1) 
    678258 002.00 || noQ Q (Avg,Max,Min) (121.46, 139.02, 10.00) (22.81, 10.00, 26.05) #fs:   1  -- #Conts: 2 A(2) 
   1322980 001.00 || noQ Q (Avg,Max,Min) (124.11, 124.11, 10.00) (45.61, 10.00, 45.61) #fs:   0  -- #Conts: 1 A(1) 
/////////////////size: 11
     40599 047.29 || noQ Q (Avg,Max,Min) (2104.62, 2293.79, 10.00) (22.63, 10.00, 25.87) #fs:   2  -- #Conts: 2 H(1)  G(1) 
     44188 037.53 || noQ Q (Avg,Max,Min) (928.42, 3686.99, 3.70) (11.32, 0.00, 45.26) #fs:   0  -- #Conts: 4 H(1)  A(2)  C(1) 
     44242 034.53 || noQ Q (Avg,Max,Min) (923.13, 3682.49, 0.92) (11.32, 0.00, 45.26) #fs:   2  -- #Conts: 4 H(1)  A(3) 
     44330 033.53 || noQ Q (Avg,Max,Min) (1228.22, 3675.18, 4.48) (15.09, 0.01, 45.26) #fs:   1  -- #Conts: 3 H(1)  A(2) 
     44541 032.53 || noQ Q (Avg,Max,Min) (1831.13, 3657.78, 4.48) (22.63, 0.01, 45.26) #fs:   0  -- #Conts: 2 H(1)  A(1) 
     44692 031.53 || noQ Q (Avg,Max,Min) (3645.43, 3645.43, 10.00) (45.26, 10.00, 45.26) #fs:   0  -- #Conts: 1 H(1) 
     75459 025.47 || noQ Q (Avg,Max,Min) (442.31, 2159.47, 4.28) (9.06, 0.00, 45.26) #fs:   1  -- #Conts: 5 G(1)  A(3)  E(1) 
     75495 024.47 || noQ Q (Avg,Max,Min) (550.49, 2158.44, 4.28) (11.32, 0.01, 45.26) #fs:   0  -- #Conts: 4 G(1)  A(2)  E(1) 
     75496 019.76 || noQ Q (Avg,Max,Min) (436.21, 2158.42, 4.20) (9.06, 0.00, 45.26) #fs:   0  -- #Conts: 5 G(1)  A(4) 
     75582 018.76 || noQ Q (Avg,Max,Min) (542.78, 2155.96, 4.20) (11.32, 0.00, 45.26) #fs:   0  -- #Conts: 4 G(1)  A(3) 
     75693 017.76 || noQ Q (Avg,Max,Min) (720.68, 2152.80, 4.19) (15.09, 0.01, 45.26) #fs:   0  -- #Conts: 3 G(1)  A(2) 
     76121 016.76 || noQ Q (Avg,Max,Min) (1072.58, 2140.71, 4.46) (22.64, 0.01, 45.26) #fs:   1  -- #Conts: 2 G(1)  A(1) 
     76575 015.76 || noQ Q (Avg,Max,Min) (2128.02, 2128.02, 10.00) (45.26, 10.00, 45.26) #fs:   0  -- #Conts: 1 G(1) 
    144936 010.71 || noQ Q (Avg,Max,Min) (569.54, 643.25, 10.00) (22.66, 10.00, 25.90) #fs:   5  -- #Conts: 2 E(1)  C(1) 
    169743 008.71 || noQ Q (Avg,Max,Min) (323.47, 960.55, 2.90) (15.11, 0.01, 45.29) #fs:   1  -- #Conts: 3 A(2)  E(1) 
    170127 007.71 || noQ Q (Avg,Max,Min) (480.64, 958.38, 2.89) (22.66, 0.02, 45.29) #fs:   1  -- #Conts: 2 A(1)  E(1) 
    172670 006.71 || noQ Q (Avg,Max,Min) (944.28, 944.28, 10.00) (45.29, 10.00, 45.29) #fs:   0  -- #Conts: 1 E(1) 
    292876 006.00 || noQ Q (Avg,Max,Min) (186.38, 557.13, 0.14) (15.12, 0.00, 45.32) #fs:   4  -- #Conts: 3 A(2)  C(1) 
    293175 005.00 || noQ Q (Avg,Max,Min) (279.21, 556.56, 1.87) (22.68, 0.03, 45.32) #fs:   3  -- #Conts: 2 A(1)  C(1) 
    298344 004.00 || noQ Q (Avg,Max,Min) (546.94, 546.94, 10.00) (45.33, 10.00, 45.33) #fs:   0  -- #Conts: 1 C(1) 
    678258 002.00 || noQ Q (Avg,Max,Min) (121.46, 139.02, 10.00) (22.81, 10.00, 26.05) #fs:   2  -- #Conts: 2 A(2) 
   1322980 001.00 || noQ Q (Avg,Max,Min) (124.11, 124.11, 10.00) (45.61, 10.00, 45.61) #fs:   0  -- #Conts: 1 A(1) 
/////////////////size: 22
nodes 50 edges 92
 mulT: 1 mulD: 20000  sumData GB 1726048
pareto /CYBERSHAKE.n.50.0.dax time -> 182.0
moheft /CYBERSHAKE.n.50.0.dax time -> 176.0
distance from M to C 0.045454545454545456
distance from P to C 0.0
distance from C to M 0.09526143286283523
distance from C to P 1.0088452093821034
toCompare: /CYBERSHAKE.n.50.0.dax sumDataGB: 1726048 mulT: 1 mulD: 20000 paretoOptTime_MS: 182.0 MoheftOptimizationTime_MS: 176.0 MtoC 0.045454545454545456 PtoC 0.0 CtoM 0.09526143286283523 CtoP 1.0088452093821034
