specify -Dflow d,b,mt,md,size
Running /home/vaggelis/jc/SIPHT.n.100.0.dax mt 50 md: 20000 size null
  10748876 504.47 || noQ Q (Avg,Max,Min) (1.13, 1.68, 0.62) (1.08, 0.62, 1.60) #fs:   8  -- #Conts: 7 H(7) 
  17840932 346.82 || noQ Q (Avg,Max,Min) (1.17, 1.57, 0.62) (1.10, 0.61, 1.44) #fs:   6  -- #Conts: 5 G(5) 
  17980875 315.29 || noQ Q (Avg,Max,Min) (1.30, 1.57, 1.20) (1.18, 1.00, 1.44) #fs:   5  -- #Conts: 5 G(5) 
  26501210 283.76 || noQ Q (Avg,Max,Min) (1.61, 2.39, 0.95) (1.49, 0.93, 2.06) #fs:   1  -- #Conts: 5 G(5) 
  34515077 268.00 || noQ Q (Avg,Max,Min) (1.75, 2.39, 1.20) (1.62, 1.13, 2.06) #fs:   0  -- #Conts: 4 G(4) 
  36689974 252.82 || noQ Q (Avg,Max,Min) (1.18, 1.47, 1.01) (1.10, 0.84, 1.40) #fs:   2  -- #Conts: 7 G(1)  E(6) 
  40167975 248.12 || noQ Q (Avg,Max,Min) (1.49, 3.12, 1.01) (1.38, 0.81, 3.09) #fs:   1  -- #Conts: 9 E(9) 
  48038253 241.41 || noQ Q (Avg,Max,Min) (1.54, 3.01, 1.01) (1.45, 0.93, 2.99) #fs:   1  -- #Conts: 8 E(8) 
  53715586 234.71 || noQ Q (Avg,Max,Min) (1.29, 1.61, 1.01) (1.23, 0.89, 1.57) #fs:   1  -- #Conts: 4 E(4) 
  53930906 228.00 || noQ Q (Avg,Max,Min) (1.31, 1.61, 1.04) (1.27, 0.94, 1.57) #fs:   0  -- #Conts: 4 E(4) 
/////////////////size: 10
  10634134 409.88 || noQ Q (Avg,Max,Min) (1.48, 1.67, 1.20) (1.34, 0.73, 1.63) #fs:   5  -- #Conts: 5 H(5) 
  13461717 346.82 || noQ Q (Avg,Max,Min) (1.41, 2.16, 1.02) (1.17, 0.71, 2.01) #fs:   2  -- #Conts: 6 H(3)  G(3) 
  14979161 331.06 || noQ Q (Avg,Max,Min) (1.47, 2.16, 1.20) (1.27, 0.73, 2.01) #fs:   2  -- #Conts: 5 H(2)  G(3) 
  16952410 315.29 || noQ Q (Avg,Max,Min) (1.33, 2.00, 1.02) (1.09, 0.66, 1.75) #fs:   2  -- #Conts: 7 H(3)  G(4) 
  17120981 299.53 || noQ Q (Avg,Max,Min) (1.34, 1.92, 1.02) (1.14, 0.62, 1.82) #fs:   1  -- #Conts: 6 H(2)  G(4) 
  18469854 283.76 || noQ Q (Avg,Max,Min) (1.41, 1.84, 1.02) (1.22, 0.66, 1.58) #fs:   0  -- #Conts: 5 H(1)  G(4) 
  20803064 268.00 || noQ Q (Avg,Max,Min) (1.48, 1.92, 1.20) (1.35, 1.13, 1.70) #fs:   0  -- #Conts: 4 G(4) 
  31932530 264.29 || noQ Q (Avg,Max,Min) (1.49, 1.83, 1.20) (1.29, 0.86, 1.73) #fs:   0  -- #Conts: 6 G(4)  A(1)  E(1) 
  32234371 263.29 || noQ Q (Avg,Max,Min) (1.53, 1.83, 1.20) (1.39, 1.13, 1.73) #fs:   0  -- #Conts: 5 G(4)  E(1) 
  34275318 258.59 || noQ Q (Avg,Max,Min) (1.57, 1.83, 1.20) (1.42, 1.13, 1.78) #fs:   0  -- #Conts: 6 G(4)  E(2) 
  35681354 255.88 || noQ Q (Avg,Max,Min) (1.69, 2.93, 1.01) (1.54, 0.89, 2.65) #fs:   0  -- #Conts: 7 G(4)  E(2)  C(1) 
  38074491 255.76 || noQ Q (Avg,Max,Min) (1.82, 3.35, 1.00) (1.69, 0.83, 3.20) #fs:   0  -- #Conts: 8 G(4)  E(2)  C(2) 
  40175875 250.00 || noQ Q (Avg,Max,Min) (1.60, 2.43, 1.01) (1.42, 0.84, 1.88) #fs:   0  -- #Conts: 7 G(3)  E(3)  C(1) 
  42626449 245.65 || noQ Q (Avg,Max,Min) (1.76, 3.35, 1.10) (1.64, 0.96, 3.20) #fs:   0  -- #Conts: 7 G(3)  E(3)  C(1) 
  42857749 245.53 || noQ Q (Avg,Max,Min) (1.75, 3.35, 1.03) (1.64, 0.91, 3.20) #fs:   0  -- #Conts: 7 G(3)  E(2)  C(2) 
  44659716 243.29 || noQ Q (Avg,Max,Min) (1.83, 3.35, 1.01) (1.69, 0.99, 3.20) #fs:   0  -- #Conts: 7 G(3)  E(3)  C(1) 
  45694476 241.18 || noQ Q (Avg,Max,Min) (1.57, 2.00, 1.19) (1.45, 1.19, 1.86) #fs:   0  -- #Conts: 6 G(2)  E(3)  C(1) 
  46158414 241.06 || noQ Q (Avg,Max,Min) (1.72, 3.34, 1.03) (1.60, 0.83, 3.03) #fs:   1  -- #Conts: 7 G(2)  E(3)  C(2) 
  46672076 240.35 || noQ Q (Avg,Max,Min) (1.69, 3.34, 1.02) (1.47, 0.55, 3.03) #fs:   0  -- #Conts: 10 G(2)  A(2)  E(3)  C(3) 
  46885192 238.35 || noQ Q (Avg,Max,Min) (1.81, 3.34, 1.06) (1.70, 0.89, 3.03) #fs:   0  -- #Conts: 8 G(2)  E(3)  C(3) 
  51873757 235.35 || noQ Q (Avg,Max,Min) (2.06, 4.53, 1.18) (1.44, 0.12, 3.03) #fs:   0  -- #Conts: 8 G(2)  A(1)  E(3)  C(2) 
  55270574 233.76 || noQ Q (Avg,Max,Min) (2.31, 6.07, 1.06) (1.57, 0.11, 3.03) #fs:   0  -- #Conts: 9 G(2)  A(2)  E(3)  C(2) 
  60949261 232.53 || noQ Q (Avg,Max,Min) (2.13, 6.07, 1.02) (1.40, 0.11, 2.92) #fs:   1  -- #Conts: 10 G(1)  A(2)  E(4)  C(3) 
  60957940 231.53 || noQ Q (Avg,Max,Min) (1.69, 3.35, 1.02) (1.55, 0.56, 2.92) #fs:   1  -- #Conts: 9 G(1)  A(1)  E(4)  C(3) 
/////////////////size: 24
nodes 97 edges 109
 mulT: 50 mulD: 20000  sumData GB 44150
pareto /SIPHT.n.100.0.dax time -> 9897.0
moheft /SIPHT.n.100.0.dax time -> 810.0
distance from M to C 0.8831991055388652
distance from P to C 2.9996523950379035
distance from C to M 0.8132992327365721
distance from C to P 2.6189194274219063
toCompare: /SIPHT.n.100.0.dax sumDataGB: 44150 mulT: 50 mulD: 20000 paretoOptTime_MS: 9897.0 MoheftOptimizationTime_MS: 810.0 MtoC 0.8831991055388652 PtoC 2.9996523950379035 CtoM 0.8132992327365721 CtoP 2.6189194274219063
