specify -Dflow d,b,mt,md,size
Running /home/vaggelis/jc/CYBERSHAKE.n.50.0.dax mt 1 md: 100 size null
     22787 063.06 || noQ Q (Avg,Max,Min) (18.86, 21.40, 10.00) (0.12, 0.10, 0.14) #fs:   1  -- #Conts: 2 H(2) 
     37475 047.29 || noQ Q (Avg,Max,Min) (11.68, 13.43, 9.93) (0.12, 0.10, 0.14) #fs:   2  -- #Conts: 2 H(1)  G(1) 
     39035 032.53 || noQ Q (Avg,Max,Min) (7.95, 12.89, 1.02) (0.08, 0.00, 0.14) #fs:   1  -- #Conts: 3 G(2)  A(1) 
     39101 031.53 || noQ Q (Avg,Max,Min) (11.41, 12.89, 9.93) (0.12, 0.11, 0.14) #fs:   1  -- #Conts: 2 G(2) 
     76575 015.76 || noQ Q (Avg,Max,Min) (11.64, 11.64, 10.00) (0.25, 0.25, 0.25) #fs:   0  -- #Conts: 1 G(1) 
     88127 013.41 || noQ Q (Avg,Max,Min) (5.61, 6.25, 4.96) (0.14, 0.12, 0.15) #fs:   1  -- #Conts: 2 E(2) 
    146272 010.71 || noQ Q (Avg,Max,Min) (4.57, 4.96, 4.18) (0.15, 0.12, 0.17) #fs:   0  -- #Conts: 2 E(1)  C(1) 
    152095 009.00 || noQ Q (Avg,Max,Min) (2.78, 4.03, 1.02) (0.10, 0.00, 0.17) #fs:   1  -- #Conts: 3 A(1)  C(2) 
    152238 008.00 || noQ Q (Avg,Max,Min) (3.66, 4.02, 3.29) (0.15, 0.14, 0.17) #fs:   1  -- #Conts: 2 C(2) 
    172670 006.71 || noQ Q (Avg,Max,Min) (5.72, 5.72, 5.72) (0.27, 0.27, 0.27) #fs:   0  -- #Conts: 1 E(1) 
    298344 004.00 || noQ Q (Avg,Max,Min) (3.73, 3.73, 3.73) (0.31, 0.31, 0.31) #fs:   0  -- #Conts: 1 C(1) 
    674471 003.00 || noQ Q (Avg,Max,Min) (1.40, 1.65, 1.02) (0.20, 0.00, 0.31) #fs:   1  -- #Conts: 3 A(3) 
    674947 002.00 || noQ Q (Avg,Max,Min) (1.58, 1.65, 1.52) (0.30, 0.28, 0.31) #fs:   1  -- #Conts: 2 A(2) 
   1322980 001.00 || noQ Q (Avg,Max,Min) (1.62, 1.62, 1.62) (0.59, 0.59, 0.59) #fs:   0  -- #Conts: 1 A(1) 
/////////////////size: 14
     36100 047.29 || noQ Q (Avg,Max,Min) (12.11, 13.89, 10.00) (0.12, 0.10, 0.14) #fs:   5  -- #Conts: 2 H(1)  G(1) 
     43817 047.24 || noQ Q (Avg,Max,Min) (3.13, 19.59, 0.12) (0.03, 0.00, 0.24) #fs:   3  -- #Conts: 8 H(1)  A(5)  E(1)  C(1) 
     43819 040.53 || noQ Q (Avg,Max,Min) (3.43, 19.59, 0.12) (0.03, 0.00, 0.24) #fs:   3  -- #Conts: 7 H(1)  A(5)  C(1) 
     43864 036.53 || noQ Q (Avg,Max,Min) (3.82, 19.57, 0.12) (0.04, 0.00, 0.24) #fs:   3  -- #Conts: 6 H(1)  A(5) 
     43910 035.53 || noQ Q (Avg,Max,Min) (4.55, 19.55, 0.16) (0.05, 0.00, 0.24) #fs:   2  -- #Conts: 5 H(1)  A(4) 
     44041 034.53 || noQ Q (Avg,Max,Min) (5.64, 19.49, 1.02) (0.06, 0.00, 0.24) #fs:   0  -- #Conts: 4 H(1)  A(3) 
     44149 033.53 || noQ Q (Avg,Max,Min) (7.16, 19.45, 1.02) (0.08, 0.00, 0.24) #fs:   0  -- #Conts: 3 H(1)  A(2) 
     44332 032.53 || noQ Q (Avg,Max,Min) (10.19, 19.37, 1.02) (0.12, 0.00, 0.24) #fs:   0  -- #Conts: 2 H(1)  A(1) 
     44692 031.53 || noQ Q (Avg,Max,Min) (19.22, 19.22, 10.00) (0.24, 0.24, 0.24) #fs:   0  -- #Conts: 1 H(1) 
     75068 029.47 || noQ Q (Avg,Max,Min) (2.93, 11.85, 1.02) (0.04, 0.00, 0.25) #fs:   0  -- #Conts: 6 G(1)  A(3)  E(1)  C(1) 
     75083 026.47 || noQ Q (Avg,Max,Min) (2.64, 11.85, 0.29) (0.04, 0.00, 0.25) #fs:   5  -- #Conts: 6 G(1)  A(4)  E(1) 
     75087 019.76 || noQ Q (Avg,Max,Min) (2.86, 11.85, 0.29) (0.05, 0.00, 0.25) #fs:   4  -- #Conts: 5 G(1)  A(4) 
     75122 018.76 || noQ Q (Avg,Max,Min) (3.32, 11.84, 0.29) (0.06, 0.00, 0.25) #fs:   4  -- #Conts: 4 G(1)  A(3) 
     75312 017.76 || noQ Q (Avg,Max,Min) (4.26, 11.81, 0.29) (0.08, 0.00, 0.25) #fs:   3  -- #Conts: 3 G(1)  A(2) 
     75856 016.76 || noQ Q (Avg,Max,Min) (6.21, 11.74, 0.69) (0.13, 0.00, 0.25) #fs:   1  -- #Conts: 2 G(1)  A(1) 
     76575 015.76 || noQ Q (Avg,Max,Min) (11.64, 11.64, 10.00) (0.25, 0.25, 0.25) #fs:   0  -- #Conts: 1 G(1) 
    140581 012.71 || noQ Q (Avg,Max,Min) (2.16, 4.31, 0.21) (0.07, 0.00, 0.17) #fs:   5  -- #Conts: 4 A(2)  E(1)  C(1) 
    141262 011.71 || noQ Q (Avg,Max,Min) (2.54, 4.30, 0.22) (0.10, 0.00, 0.17) #fs:   4  -- #Conts: 3 A(1)  E(1)  C(1) 
    142619 010.71 || noQ Q (Avg,Max,Min) (3.67, 4.26, 3.08) (0.15, 0.12, 0.17) #fs:   2  -- #Conts: 2 E(1)  C(1) 
    169329 008.71 || noQ Q (Avg,Max,Min) (2.09, 5.81, 0.13) (0.09, 0.00, 0.27) #fs:   5  -- #Conts: 3 A(2)  E(1) 
    170747 007.71 || noQ Q (Avg,Max,Min) (3.07, 5.77, 0.37) (0.14, 0.00, 0.27) #fs:   2  -- #Conts: 2 A(1)  E(1) 
    172670 006.71 || noQ Q (Avg,Max,Min) (5.72, 5.72, 5.72) (0.27, 0.27, 0.27) #fs:   0  -- #Conts: 1 E(1) 
    292505 006.00 || noQ Q (Avg,Max,Min) (1.36, 3.78, 0.05) (0.10, 0.00, 0.31) #fs:   7  -- #Conts: 3 A(2)  C(1) 
    294452 005.00 || noQ Q (Avg,Max,Min) (2.01, 3.77, 0.25) (0.16, 0.00, 0.31) #fs:   4  -- #Conts: 2 A(1)  C(1) 
    298344 004.00 || noQ Q (Avg,Max,Min) (3.73, 3.73, 3.73) (0.31, 0.31, 0.31) #fs:   0  -- #Conts: 1 C(1) 
    674511 002.00 || noQ Q (Avg,Max,Min) (1.59, 1.65, 1.52) (0.30, 0.28, 0.31) #fs:   2  -- #Conts: 2 A(2) 
   1322980 001.00 || noQ Q (Avg,Max,Min) (1.62, 1.62, 1.62) (0.59, 0.59, 0.59) #fs:   0  -- #Conts: 1 A(1) 
/////////////////size: 27
nodes 50 edges 92
 mulT: 1 mulD: 100  sumData GB 8630
pareto /CYBERSHAKE.n.50.0.dax time -> 214.0
moheft /CYBERSHAKE.n.50.0.dax time -> 246.0
distance from M to C 0.7824074074074073
distance from P to C 0.0
distance from C to M 0.14801951804324565
distance from C to P 0.7545019371516214
toCompare: /CYBERSHAKE.n.50.0.dax sumDataGB: 8630 mulT: 1 mulD: 100 paretoOptTime_MS: 214.0 MoheftOptimizationTime_MS: 246.0 MtoC 0.7824074074074073 PtoC 0.0 CtoM 0.14801951804324565 CtoP 0.7545019371516214
