specify -Dflow d,b,mt,md,size
Running /home/vaggelis/jc/CYBERSHAKE.n.100.0.dax mt 10000 md: 500 size null
  82946667 6810.35 || noQ Q (Avg,Max,Min) (1.16, 1.28, 1.07) (1.14, 1.01, 1.26) #fs:  12  -- #Conts: 29 H(29) 
  86055869 6778.82 || noQ Q (Avg,Max,Min) (1.16, 1.27, 1.06) (1.14, 1.04, 1.26) #fs:   8  -- #Conts: 23 H(23) 
  93709592 6747.29 || noQ Q (Avg,Max,Min) (1.16, 1.27, 1.06) (1.15, 1.05, 1.26) #fs:   6  -- #Conts: 22 H(22) 
 100944677 6715.76 || noQ Q (Avg,Max,Min) (1.11, 1.26, 0.34) (1.08, 0.20, 1.26) #fs:   3  -- #Conts: 20 H(20) 
 137655215 5754.12 || noQ Q (Avg,Max,Min) (1.08, 1.18, 0.52) (1.04, 0.20, 1.18) #fs:   5  -- #Conts: 29 H(1)  G(28) 
 137964939 5737.29 || noQ Q (Avg,Max,Min) (1.08, 1.18, 0.52) (1.04, 0.35, 1.18) #fs:   4  -- #Conts: 29 G(28)  E(1) 
 138910816 5721.53 || noQ Q (Avg,Max,Min) (1.08, 1.18, 0.52) (1.07, 0.36, 1.18) #fs:   4  -- #Conts: 28 G(27)  E(1) 
 140212704 5705.76 || noQ Q (Avg,Max,Min) (1.10, 1.18, 1.03) (1.09, 0.99, 1.18) #fs:   2  -- #Conts: 27 G(26)  E(1) 
 303782967 5482.71 || noQ Q (Avg,Max,Min) (1.02, 1.08, 0.69) (0.98, 0.59, 1.08) #fs:   6  -- #Conts: 41 E(40)  C(1) 
/////////////////size: 9
  82946437 6605.41 || noQ Q (Avg,Max,Min) (1.15, 1.30, 1.03) (1.11, 0.97, 1.23) #fs:  15  -- #Conts: 39 H(24)  G(15) 
  83519848 6558.12 || noQ Q (Avg,Max,Min) (1.14, 1.25, 1.01) (1.09, 0.97, 1.22) #fs:  14  -- #Conts: 42 H(20)  G(22) 
  83944522 6542.35 || noQ Q (Avg,Max,Min) (1.13, 1.25, 1.01) (1.08, 0.93, 1.25) #fs:  15  -- #Conts: 42 H(18)  G(24) 
  84015658 6526.59 || noQ Q (Avg,Max,Min) (1.13, 1.25, 1.03) (1.09, 0.97, 1.25) #fs:  15  -- #Conts: 42 H(18)  G(24) 
  84057084 6510.82 || noQ Q (Avg,Max,Min) (1.13, 1.25, 1.01) (1.08, 0.97, 1.25) #fs:  13  -- #Conts: 42 H(18)  G(24) 
  84300081 6495.06 || noQ Q (Avg,Max,Min) (1.13, 1.25, 1.01) (1.08, 0.97, 1.25) #fs:  12  -- #Conts: 42 H(18)  G(24) 
  84387796 6486.00 || noQ Q (Avg,Max,Min) (1.13, 1.25, 1.00) (1.07, 0.31, 1.25) #fs:  13  -- #Conts: 43 H(18)  G(24)  E(1) 
  84519956 6479.29 || noQ Q (Avg,Max,Min) (1.13, 1.25, 1.01) (1.09, 0.97, 1.25) #fs:  10  -- #Conts: 42 H(18)  G(24) 
  84520877 6470.24 || noQ Q (Avg,Max,Min) (1.13, 1.25, 1.00) (1.07, 0.31, 1.25) #fs:  12  -- #Conts: 43 H(18)  G(24)  E(1) 
  84635009 6454.47 || noQ Q (Avg,Max,Min) (1.13, 1.25, 1.00) (1.07, 0.31, 1.25) #fs:  10  -- #Conts: 43 H(17)  G(25)  E(1) 
  84653060 6438.71 || noQ Q (Avg,Max,Min) (1.13, 1.25, 1.00) (1.07, 0.31, 1.25) #fs:   9  -- #Conts: 43 H(17)  G(25)  E(1) 
  84746535 6432.00 || noQ Q (Avg,Max,Min) (1.14, 1.25, 1.03) (1.09, 0.97, 1.25) #fs:   8  -- #Conts: 42 H(17)  G(25) 
  85403369 6416.24 || noQ Q (Avg,Max,Min) (1.13, 1.25, 1.03) (1.10, 0.97, 1.21) #fs:  10  -- #Conts: 41 H(16)  G(25) 
  85496917 6400.47 || noQ Q (Avg,Max,Min) (1.14, 1.25, 1.02) (1.10, 1.00, 1.21) #fs:   9  -- #Conts: 41 H(16)  G(25) 
  86457731 6353.18 || noQ Q (Avg,Max,Min) (1.13, 1.22, 1.02) (1.11, 1.01, 1.19) #fs:  11  -- #Conts: 39 H(15)  G(24) 
  87539909 6344.12 || noQ Q (Avg,Max,Min) (1.13, 1.22, 1.00) (1.09, 0.25, 1.21) #fs:  14  -- #Conts: 39 H(15)  G(23)  E(1) 
  88096851 6329.29 || noQ Q (Avg,Max,Min) (1.13, 1.23, 1.02) (1.10, 0.97, 1.23) #fs:  12  -- #Conts: 40 H(14)  G(23)  E(3) 
  88137036 6326.59 || noQ Q (Avg,Max,Min) (1.13, 1.23, 1.00) (1.08, 0.37, 1.23) #fs:  11  -- #Conts: 41 H(14)  G(23)  E(3)  C(1) 
  88316601 6321.53 || noQ Q (Avg,Max,Min) (1.12, 1.23, 1.00) (1.07, 0.37, 1.23) #fs:  10  -- #Conts: 42 H(14)  G(23)  E(3)  C(2) 
  88343688 6317.53 || noQ Q (Avg,Max,Min) (1.12, 1.23, 1.00) (1.08, 0.37, 1.23) #fs:  10  -- #Conts: 41 H(14)  G(23)  E(3)  C(1) 
  88477700 6305.76 || noQ Q (Avg,Max,Min) (1.12, 1.23, 1.00) (1.05, 0.28, 1.23) #fs:  11  -- #Conts: 44 H(13)  G(25)  E(5)  C(1) 
  88524902 6299.06 || noQ Q (Avg,Max,Min) (1.12, 1.23, 1.00) (1.07, 0.37, 1.23) #fs:   9  -- #Conts: 43 H(13)  G(25)  E(4)  C(1) 
  88808425 6295.06 || noQ Q (Avg,Max,Min) (1.12, 1.23, 1.02) (1.09, 0.97, 1.23) #fs:   9  -- #Conts: 42 H(13)  G(25)  E(4) 
  88918362 6292.35 || noQ Q (Avg,Max,Min) (1.12, 1.23, 1.00) (1.07, 0.37, 1.23) #fs:   8  -- #Conts: 43 H(13)  G(25)  E(4)  C(1) 
  88964651 6288.35 || noQ Q (Avg,Max,Min) (1.12, 1.23, 1.02) (1.09, 0.97, 1.23) #fs:   8  -- #Conts: 42 H(13)  G(25)  E(4) 
  89055407 6267.53 || noQ Q (Avg,Max,Min) (1.11, 1.23, 1.00) (1.07, 0.37, 1.23) #fs:  11  -- #Conts: 43 H(11)  G(27)  E(3)  C(2) 
  89139755 6263.53 || noQ Q (Avg,Max,Min) (1.12, 1.23, 1.00) (1.08, 0.71, 1.23) #fs:  10  -- #Conts: 42 H(11)  G(27)  E(3)  C(1) 
  89176893 6251.76 || noQ Q (Avg,Max,Min) (1.12, 1.23, 1.00) (1.07, 0.37, 1.23) #fs:   8  -- #Conts: 43 H(11)  G(27)  E(3)  C(2) 
  89206770 6247.76 || noQ Q (Avg,Max,Min) (1.12, 1.23, 1.00) (1.09, 0.71, 1.23) #fs:   9  -- #Conts: 42 H(11)  G(27)  E(3)  C(1) 
  89270418 6236.00 || noQ Q (Avg,Max,Min) (1.12, 1.23, 1.00) (1.07, 0.37, 1.23) #fs:   7  -- #Conts: 43 H(11)  G(27)  E(3)  C(2) 
  89380356 6232.00 || noQ Q (Avg,Max,Min) (1.12, 1.23, 1.00) (1.09, 0.71, 1.23) #fs:   8  -- #Conts: 42 H(11)  G(27)  E(3)  C(1) 
  89453739 6228.00 || noQ Q (Avg,Max,Min) (1.12, 1.23, 1.02) (1.10, 1.00, 1.23) #fs:   7  -- #Conts: 41 H(11)  G(27)  E(3) 
  90282805 6215.88 || noQ Q (Avg,Max,Min) (1.12, 1.23, 1.02) (1.10, 0.98, 1.23) #fs:   5  -- #Conts: 41 H(11)  G(25)  E(5) 
  91122836 6213.18 || noQ Q (Avg,Max,Min) (1.12, 1.20, 1.03) (1.09, 0.97, 1.20) #fs:   6  -- #Conts: 41 H(10)  G(25)  E(6) 
  91127638 6204.12 || noQ Q (Avg,Max,Min) (1.12, 1.20, 1.02) (1.09, 0.94, 1.20) #fs:   9  -- #Conts: 41 H(10)  G(25)  E(6) 
  91414707 6197.41 || noQ Q (Avg,Max,Min) (1.12, 1.20, 1.02) (1.09, 0.94, 1.20) #fs:   8  -- #Conts: 41 H(10)  G(25)  E(6) 
  91472569 6194.71 || noQ Q (Avg,Max,Min) (1.12, 1.20, 1.00) (1.07, 0.38, 1.20) #fs:   6  -- #Conts: 42 H(10)  G(25)  E(6)  C(1) 
  91611437 6192.35 || noQ Q (Avg,Max,Min) (1.12, 1.20, 1.00) (1.07, 0.38, 1.20) #fs:   7  -- #Conts: 42 H(10)  G(25)  E(6)  C(1) 
  91614660 6190.71 || noQ Q (Avg,Max,Min) (1.12, 1.20, 1.03) (1.09, 0.98, 1.20) #fs:   6  -- #Conts: 41 H(10)  G(25)  E(6) 
  91840837 6180.59 || noQ Q (Avg,Max,Min) (1.11, 1.20, 1.00) (1.05, 0.44, 1.20) #fs:   5  -- #Conts: 43 H(7)  G(28)  E(6)  C(2) 
  92014391 6171.53 || noQ Q (Avg,Max,Min) (1.11, 1.20, 1.00) (1.05, 0.44, 1.20) #fs:   8  -- #Conts: 43 H(7)  G(28)  E(6)  C(2) 
  92144564 6168.82 || noQ Q (Avg,Max,Min) (1.11, 1.20, 1.00) (1.04, 0.44, 1.20) #fs:   7  -- #Conts: 44 H(7)  G(28)  E(6)  C(3) 
  92233142 6164.82 || noQ Q (Avg,Max,Min) (1.11, 1.20, 1.00) (1.05, 0.44, 1.20) #fs:   6  -- #Conts: 43 H(7)  G(28)  E(6)  C(2) 
  92271060 6160.82 || noQ Q (Avg,Max,Min) (1.11, 1.20, 1.00) (1.06, 0.44, 1.20) #fs:   6  -- #Conts: 42 H(7)  G(28)  E(6)  C(1) 
  92285909 6156.82 || noQ Q (Avg,Max,Min) (1.11, 1.20, 1.00) (1.08, 0.94, 1.20) #fs:   6  -- #Conts: 41 H(7)  G(28)  E(6) 
  92304807 6154.12 || noQ Q (Avg,Max,Min) (1.11, 1.20, 1.00) (1.07, 0.44, 1.20) #fs:   4  -- #Conts: 42 H(7)  G(28)  E(6)  C(1) 
  92328922 6149.06 || noQ Q (Avg,Max,Min) (1.11, 1.20, 1.00) (1.05, 0.44, 1.20) #fs:   5  -- #Conts: 43 H(7)  G(28)  E(6)  C(2) 
  92394924 6145.06 || noQ Q (Avg,Max,Min) (1.11, 1.20, 1.00) (1.07, 0.44, 1.20) #fs:   5  -- #Conts: 42 H(7)  G(28)  E(6)  C(1) 
  92418990 6141.06 || noQ Q (Avg,Max,Min) (1.11, 1.20, 1.00) (1.08, 0.94, 1.20) #fs:   5  -- #Conts: 41 H(7)  G(28)  E(6) 
  92473576 6139.65 || noQ Q (Avg,Max,Min) (1.11, 1.20, 1.00) (1.04, 0.44, 1.20) #fs:   2  -- #Conts: 44 H(7)  G(28)  E(6)  C(3) 
  92504883 6134.94 || noQ Q (Avg,Max,Min) (1.10, 1.20, 0.99) (1.03, 0.41, 1.20) #fs:   9  -- #Conts: 45 H(6)  G(30)  E(6)  C(3) 
  92510668 6129.88 || noQ Q (Avg,Max,Min) (1.10, 1.20, 0.95) (1.02, 0.25, 1.20) #fs:   6  -- #Conts: 46 H(6)  G(30)  E(7)  C(3) 
  92570216 6127.88 || noQ Q (Avg,Max,Min) (1.10, 1.20, 0.95) (1.03, 0.25, 1.20) #fs:   6  -- #Conts: 46 H(6)  G(30)  A(1)  E(7)  C(2) 
  92590650 6121.18 || noQ Q (Avg,Max,Min) (1.10, 1.20, 0.95) (1.05, 0.44, 1.20) #fs:   5  -- #Conts: 45 H(6)  G(30)  A(1)  E(6)  C(2) 
  92624411 6116.47 || noQ Q (Avg,Max,Min) (1.10, 1.20, 0.71) (1.04, 0.44, 1.20) #fs:   7  -- #Conts: 45 H(6)  G(30)  E(6)  C(3) 
  92712210 6112.47 || noQ Q (Avg,Max,Min) (1.10, 1.20, 0.71) (1.05, 0.44, 1.20) #fs:   8  -- #Conts: 44 H(6)  G(30)  E(6)  C(2) 
  92777459 6110.47 || noQ Q (Avg,Max,Min) (1.10, 1.20, 0.71) (1.06, 0.47, 1.20) #fs:   8  -- #Conts: 44 H(6)  G(30)  A(1)  E(6)  C(1) 
  92823604 6108.47 || noQ Q (Avg,Max,Min) (1.10, 1.20, 0.71) (1.07, 0.47, 1.20) #fs:   7  -- #Conts: 43 H(6)  G(30)  E(6)  C(1) 
  92837712 6106.47 || noQ Q (Avg,Max,Min) (1.10, 1.20, 0.91) (1.07, 0.82, 1.20) #fs:   8  -- #Conts: 44 H(6)  G(30)  A(1)  E(6)  C(1) 
  92852052 6104.47 || noQ Q (Avg,Max,Min) (1.11, 1.20, 0.91) (1.08, 0.90, 1.20) #fs:   8  -- #Conts: 43 H(6)  G(30)  E(6)  C(1) 
  92911384 6099.76 || noQ Q (Avg,Max,Min) (1.11, 1.20, 1.00) (1.06, 0.44, 1.20) #fs:   5  -- #Conts: 44 H(6)  G(30)  A(1)  E(6)  C(1) 
  92938845 6097.76 || noQ Q (Avg,Max,Min) (1.11, 1.20, 1.00) (1.07, 0.44, 1.20) #fs:   6  -- #Conts: 43 H(6)  G(30)  E(6)  C(1) 
  92944631 6093.76 || noQ Q (Avg,Max,Min) (1.11, 1.20, 1.01) (1.08, 0.98, 1.20) #fs:   6  -- #Conts: 42 H(6)  G(30)  E(6) 
  93105723 6091.06 || noQ Q (Avg,Max,Min) (1.11, 1.20, 1.00) (1.07, 0.40, 1.20) #fs:   3  -- #Conts: 43 H(6)  G(30)  E(6)  C(1) 
  93171190 6087.06 || noQ Q (Avg,Max,Min) (1.12, 1.20, 1.03) (1.08, 0.98, 1.20) #fs:   3  -- #Conts: 42 H(6)  G(30)  E(6) 
  93379493 6081.65 || noQ Q (Avg,Max,Min) (1.11, 1.20, 1.00) (1.07, 0.44, 1.20) #fs:   3  -- #Conts: 44 H(6)  G(30)  E(7)  C(1) 
  93510402 6077.65 || noQ Q (Avg,Max,Min) (1.11, 1.20, 1.03) (1.08, 0.96, 1.20) #fs:   2  -- #Conts: 43 H(6)  G(30)  E(7) 
  93748908 6076.59 || noQ Q (Avg,Max,Min) (1.11, 1.20, 1.00) (1.07, 0.50, 1.20) #fs:   4  -- #Conts: 45 H(6)  G(30)  E(8)  C(1) 
  94006597 6075.29 || noQ Q (Avg,Max,Min) (1.11, 1.20, 1.00) (1.07, 0.23, 1.20) #fs:   5  -- #Conts: 44 H(6)  G(30)  E(8) 
  94608128 6074.24 || noQ Q (Avg,Max,Min) (1.11, 1.20, 1.00) (1.05, 0.44, 1.20) #fs:   4  -- #Conts: 45 H(6)  G(30)  E(7)  C(2) 
  94614557 6067.53 || noQ Q (Avg,Max,Min) (1.11, 1.20, 0.92) (1.07, 0.50, 1.20) #fs:   5  -- #Conts: 45 H(6)  G(30)  E(7)  C(2) 
  94835784 6049.76 || noQ Q (Avg,Max,Min) (1.10, 1.18, 1.00) (1.04, 0.34, 1.16) #fs:   9  -- #Conts: 44 H(2)  G(33)  E(8)  C(1) 
  94840603 6034.00 || noQ Q (Avg,Max,Min) (1.10, 1.18, 1.00) (1.04, 0.34, 1.16) #fs:   7  -- #Conts: 44 H(2)  G(33)  E(8)  C(1) 
  94871425 6018.24 || noQ Q (Avg,Max,Min) (1.10, 1.18, 1.00) (1.04, 0.34, 1.16) #fs:   7  -- #Conts: 44 H(2)  G(33)  E(8)  C(1) 
  95021864 6002.47 || noQ Q (Avg,Max,Min) (1.10, 1.17, 1.00) (1.04, 0.44, 1.16) #fs:   6  -- #Conts: 44 H(2)  G(33)  E(8)  C(1) 
  95219494 5999.76 || noQ Q (Avg,Max,Min) (1.10, 1.18, 1.00) (1.05, 0.60, 1.18) #fs:   8  -- #Conts: 44 H(2)  G(33)  E(7)  C(2) 
  95225280 5993.06 || noQ Q (Avg,Max,Min) (1.10, 1.18, 1.00) (1.05, 0.60, 1.18) #fs:   7  -- #Conts: 44 H(2)  G(33)  E(7)  C(2) 
  95231066 5984.00 || noQ Q (Avg,Max,Min) (1.10, 1.18, 1.00) (1.05, 0.60, 1.18) #fs:   7  -- #Conts: 44 H(2)  G(33)  E(7)  C(2) 
  95266384 5974.94 || noQ Q (Avg,Max,Min) (1.10, 1.18, 1.00) (1.04, 0.21, 1.18) #fs:   7  -- #Conts: 45 H(2)  G(33)  E(8)  C(2) 
  95484105 5969.88 || noQ Q (Avg,Max,Min) (1.09, 1.18, 1.00) (1.01, 0.21, 1.18) #fs:   8  -- #Conts: 47 H(2)  G(33)  E(9)  C(3) 
  95526160 5968.24 || noQ Q (Avg,Max,Min) (1.10, 1.18, 1.00) (1.06, 0.60, 1.18) #fs:   6  -- #Conts: 44 H(2)  G(33)  E(7)  C(2) 
  95539738 5963.18 || noQ Q (Avg,Max,Min) (1.10, 1.18, 1.00) (1.03, 0.24, 1.18) #fs:   7  -- #Conts: 46 H(2)  G(33)  E(8)  C(3) 
  95560879 5961.53 || noQ Q (Avg,Max,Min) (1.10, 1.18, 1.00) (1.06, 0.60, 1.18) #fs:   6  -- #Conts: 44 H(2)  G(33)  E(7)  C(2) 
  95601380 5956.47 || noQ Q (Avg,Max,Min) (1.10, 1.18, 1.00) (1.04, 0.44, 1.18) #fs:   7  -- #Conts: 45 H(2)  G(33)  E(7)  C(3) 
  95652534 5952.47 || noQ Q (Avg,Max,Min) (1.10, 1.18, 1.00) (1.06, 0.60, 1.18) #fs:   6  -- #Conts: 44 H(2)  G(33)  E(7)  C(2) 
  95730894 5948.47 || noQ Q (Avg,Max,Min) (1.10, 1.18, 1.00) (1.06, 0.60, 1.18) #fs:   7  -- #Conts: 43 H(2)  G(33)  E(7)  C(1) 
  95919620 5947.06 || noQ Q (Avg,Max,Min) (1.10, 1.18, 0.85) (1.04, 0.37, 1.18) #fs:   6  -- #Conts: 45 H(2)  G(33)  E(7)  C(3) 
  96002632 5944.47 || noQ Q (Avg,Max,Min) (1.11, 1.18, 1.03) (1.07, 0.98, 1.18) #fs:   6  -- #Conts: 42 H(2)  G(33)  E(7) 
  96129927 5943.06 || noQ Q (Avg,Max,Min) (1.10, 1.18, 0.85) (1.06, 0.60, 1.18) #fs:   6  -- #Conts: 44 H(2)  G(33)  E(7)  C(2) 
  96170430 5939.06 || noQ Q (Avg,Max,Min) (1.10, 1.18, 1.00) (1.05, 0.37, 1.18) #fs:   5  -- #Conts: 44 H(2)  G(33)  E(7)  C(2) 
  96239830 5935.06 || noQ Q (Avg,Max,Min) (1.10, 1.18, 1.00) (1.07, 0.60, 1.18) #fs:   6  -- #Conts: 43 H(2)  G(33)  E(7)  C(1) 
  96289935 5931.06 || noQ Q (Avg,Max,Min) (1.11, 1.18, 1.03) (1.08, 0.98, 1.18) #fs:   5  -- #Conts: 42 H(2)  G(33)  E(7) 
  96544525 5930.00 || noQ Q (Avg,Max,Min) (1.10, 1.18, 1.00) (1.03, 0.37, 1.18) #fs:   1  -- #Conts: 44 H(2)  G(33)  E(6)  C(3) 
  96619076 5923.29 || noQ Q (Avg,Max,Min) (1.10, 1.17, 1.00) (1.04, 0.37, 1.17) #fs:   7  -- #Conts: 43 H(1)  G(33)  E(7)  C(2) 
  96630648 5919.29 || noQ Q (Avg,Max,Min) (1.10, 1.17, 1.00) (1.05, 0.41, 1.17) #fs:   7  -- #Conts: 42 H(1)  G(33)  E(7)  C(1) 
  96666065 5915.29 || noQ Q (Avg,Max,Min) (1.10, 1.17, 1.03) (1.07, 0.98, 1.17) #fs:   6  -- #Conts: 41 H(1)  G(33)  E(7) 
  96767125 5902.24 || noQ Q (Avg,Max,Min) (1.10, 1.17, 1.02) (1.07, 1.00, 1.17) #fs:   6  -- #Conts: 40 H(1)  G(33)  E(6) 
  97475176 5889.18 || noQ Q (Avg,Max,Min) (1.10, 1.17, 1.03) (1.08, 0.98, 1.16) #fs:   2  -- #Conts: 38 H(1)  G(32)  E(5) 
  98541461 5886.47 || noQ Q (Avg,Max,Min) (1.10, 1.17, 1.00) (1.06, 0.51, 1.16) #fs:   2  -- #Conts: 40 H(2)  G(32)  E(6) 
  98581140 5884.12 || noQ Q (Avg,Max,Min) (1.09, 1.17, 0.93) (1.04, 0.23, 1.16) #fs:   4  -- #Conts: 41 H(2)  G(32)  E(7) 
  98618582 5881.41 || noQ Q (Avg,Max,Min) (1.09, 1.17, 0.93) (1.04, 0.40, 1.16) #fs:   4  -- #Conts: 41 H(2)  G(32)  E(6)  C(1) 
  98684483 5877.41 || noQ Q (Avg,Max,Min) (1.10, 1.17, 0.93) (1.06, 0.48, 1.16) #fs:   4  -- #Conts: 40 H(2)  G(32)  E(6) 
  98707650 5874.71 || noQ Q (Avg,Max,Min) (1.09, 1.17, 0.87) (1.05, 0.40, 1.16) #fs:   3  -- #Conts: 41 H(2)  G(32)  E(6)  C(1) 
  98748131 5870.71 || noQ Q (Avg,Max,Min) (1.10, 1.17, 0.87) (1.06, 0.48, 1.16) #fs:   3  -- #Conts: 40 H(2)  G(32)  E(6) 
  98933094 5861.65 || noQ Q (Avg,Max,Min) (1.10, 1.17, 1.00) (1.06, 0.62, 1.16) #fs:   3  -- #Conts: 40 H(2)  G(32)  E(6) 
  98984424 5858.94 || noQ Q (Avg,Max,Min) (1.10, 1.17, 0.98) (1.05, 0.44, 1.16) #fs:   3  -- #Conts: 41 H(2)  G(32)  E(6)  C(1) 
  99246662 5854.94 || noQ Q (Avg,Max,Min) (1.10, 1.17, 0.93) (1.07, 0.62, 1.16) #fs:   3  -- #Conts: 40 H(2)  G(32)  E(6) 
  99379974 5850.94 || noQ Q (Avg,Max,Min) (1.10, 1.17, 1.00) (1.07, 0.72, 1.16) #fs:   3  -- #Conts: 39 H(2)  G(32)  E(5) 
  99419260 5849.88 || noQ Q (Avg,Max,Min) (1.10, 1.17, 1.00) (1.05, 0.44, 1.16) #fs:   3  -- #Conts: 41 H(2)  G(32)  E(6)  C(1) 
  99655591 5847.18 || noQ Q (Avg,Max,Min) (1.10, 1.17, 1.00) (1.05, 0.40, 1.16) #fs:   2  -- #Conts: 42 H(2)  G(32)  E(6)  C(2) 
  99710690 5845.88 || noQ Q (Avg,Max,Min) (1.10, 1.17, 0.98) (1.07, 0.81, 1.16) #fs:   4  -- #Conts: 40 H(2)  G(32)  E(6) 
  99871665 5843.18 || noQ Q (Avg,Max,Min) (1.10, 1.17, 1.00) (1.06, 0.60, 1.16) #fs:   2  -- #Conts: 41 H(2)  G(32)  E(6)  C(1) 
 100155091 5834.82 || noQ Q (Avg,Max,Min) (1.09, 1.17, 0.97) (1.01, 0.39, 1.16) #fs:   4  -- #Conts: 43 H(1)  G(32)  E(9)  C(1) 
 100594579 5833.18 || noQ Q (Avg,Max,Min) (1.09, 1.17, 1.00) (1.05, 0.52, 1.16) #fs:   5  -- #Conts: 40 H(1)  G(32)  E(7) 
 100704777 5828.12 || noQ Q (Avg,Max,Min) (1.09, 1.17, 1.00) (1.03, 0.50, 1.16) #fs:   3  -- #Conts: 42 H(1)  G(32)  E(8)  C(1) 
 100721875 5824.12 || noQ Q (Avg,Max,Min) (1.10, 1.17, 0.97) (1.06, 0.50, 1.16) #fs:   5  -- #Conts: 40 H(1)  G(32)  E(7) 
 100742104 5821.41 || noQ Q (Avg,Max,Min) (1.09, 1.17, 0.97) (1.05, 0.40, 1.16) #fs:   5  -- #Conts: 41 H(1)  G(32)  E(7)  C(1) 
 101548821 5819.06 || noQ Q (Avg,Max,Min) (1.09, 1.17, 0.93) (1.05, 0.40, 1.16) #fs:   4  -- #Conts: 40 H(1)  G(32)  E(5)  C(2) 
 102213777 5816.35 || noQ Q (Avg,Max,Min) (1.09, 1.17, 0.94) (1.05, 0.40, 1.16) #fs:   4  -- #Conts: 40 H(1)  G(32)  E(5)  C(2) 
 102383999 5815.06 || noQ Q (Avg,Max,Min) (1.10, 1.17, 0.94) (1.07, 0.68, 1.16) #fs:   4  -- #Conts: 39 H(1)  G(32)  E(5)  C(1) 
 103656915 5812.35 || noQ Q (Avg,Max,Min) (1.10, 1.17, 0.94) (1.07, 0.86, 1.16) #fs:   4  -- #Conts: 39 H(1)  G(32)  E(5)  C(1) 
 103896460 5808.24 || noQ Q (Avg,Max,Min) (1.10, 1.14, 0.99) (1.06, 0.74, 1.14) #fs:   3  -- #Conts: 41 H(1)  G(31)  E(7)  C(2) 
 104006770 5806.24 || noQ Q (Avg,Max,Min) (1.10, 1.14, 0.98) (1.07, 0.82, 1.14) #fs:   2  -- #Conts: 41 H(1)  G(31)  A(1)  E(7)  C(1) 
 104136819 5800.47 || noQ Q (Avg,Max,Min) (1.09, 1.15, 1.00) (1.04, 0.40, 1.14) #fs:   3  -- #Conts: 41 H(1)  G(28)  E(9)  C(3) 
 104178919 5796.47 || noQ Q (Avg,Max,Min) (1.09, 1.15, 1.00) (1.05, 0.60, 1.14) #fs:   3  -- #Conts: 40 H(1)  G(28)  E(9)  C(2) 
 104674806 5792.47 || noQ Q (Avg,Max,Min) (1.09, 1.15, 1.00) (1.07, 0.66, 1.14) #fs:   3  -- #Conts: 39 H(1)  G(28)  E(9)  C(1) 
 105211461 5788.59 || noQ Q (Avg,Max,Min) (1.08, 1.15, 1.00) (1.01, 0.25, 1.14) #fs:   0  -- #Conts: 46 H(1)  G(28)  A(1)  E(7)  C(9) 
 105257314 5784.59 || noQ Q (Avg,Max,Min) (1.08, 1.15, 1.00) (1.02, 0.25, 1.14) #fs:   0  -- #Conts: 46 H(1)  G(28)  A(1)  E(7)  C(9) 
 105876417 5781.88 || noQ Q (Avg,Max,Min) (1.08, 1.15, 0.93) (1.03, 0.61, 1.14) #fs:   1  -- #Conts: 45 H(1)  G(28)  A(1)  E(6)  C(9) 
 107648446 5779.88 || noQ Q (Avg,Max,Min) (1.08, 1.15, 0.93) (1.04, 0.66, 1.14) #fs:   1  -- #Conts: 44 H(1)  G(28)  E(6)  C(9) 
 107833330 5774.59 || noQ Q (Avg,Max,Min) (1.08, 1.14, 1.00) (1.04, 0.75, 1.13) #fs:   2  -- #Conts: 41 H(1)  G(24)  A(3)  E(10)  C(3) 
 107914567 5772.59 || noQ Q (Avg,Max,Min) (1.08, 1.14, 1.00) (1.04, 0.75, 1.13) #fs:   2  -- #Conts: 40 H(1)  G(24)  A(2)  E(10)  C(3) 
 108659751 5769.53 || noQ Q (Avg,Max,Min) (1.08, 1.14, 1.00) (1.03, 0.51, 1.13) #fs:   2  -- #Conts: 41 H(1)  G(24)  A(3)  E(10)  C(3) 
 108712091 5767.53 || noQ Q (Avg,Max,Min) (1.07, 1.14, 0.90) (1.03, 0.57, 1.13) #fs:   4  -- #Conts: 40 H(1)  G(24)  A(2)  E(10)  C(3) 
 109324709 5762.82 || noQ Q (Avg,Max,Min) (1.08, 1.14, 0.97) (1.03, 0.73, 1.13) #fs:   3  -- #Conts: 41 H(1)  G(24)  A(3)  E(10)  C(3) 
 110779682 5760.82 || noQ Q (Avg,Max,Min) (1.08, 1.14, 0.98) (1.04, 0.75, 1.13) #fs:   3  -- #Conts: 40 H(1)  G(24)  A(2)  E(10)  C(3) 
 115304814 5754.82 || noQ Q (Avg,Max,Min) (1.06, 1.12, 0.89) (1.02, 0.60, 1.12) #fs:   9  -- #Conts: 45 H(1)  G(17)  A(6)  E(14)  C(7) 
 115929539 5754.53 || noQ Q (Avg,Max,Min) (1.06, 1.12, 0.89) (1.03, 0.66, 1.12) #fs:   8  -- #Conts: 45 H(1)  G(17)  A(6)  E(14)  C(7) 
 116011566 5752.53 || noQ Q (Avg,Max,Min) (1.06, 1.12, 0.89) (1.04, 0.66, 1.12) #fs:   7  -- #Conts: 44 H(1)  G(17)  A(5)  E(14)  C(7) 
 116064644 5751.53 || noQ Q (Avg,Max,Min) (1.06, 1.12, 1.00) (1.04, 0.66, 1.12) #fs:   6  -- #Conts: 44 H(1)  G(17)  A(5)  E(14)  C(7) 
 116702806 5749.82 || noQ Q (Avg,Max,Min) (1.06, 1.12, 0.89) (1.04, 0.66, 1.12) #fs:   8  -- #Conts: 44 H(1)  G(17)  A(5)  E(14)  C(7) 
 116729602 5748.82 || noQ Q (Avg,Max,Min) (1.06, 1.12, 1.00) (1.04, 0.66, 1.12) #fs:   7  -- #Conts: 44 H(1)  G(17)  A(5)  E(14)  C(7) 
 116873026 5748.53 || noQ Q (Avg,Max,Min) (1.06, 1.12, 0.89) (1.04, 0.66, 1.12) #fs:   7  -- #Conts: 44 H(1)  G(17)  A(5)  E(14)  C(7) 
 116899822 5747.53 || noQ Q (Avg,Max,Min) (1.06, 1.12, 1.00) (1.04, 0.66, 1.12) #fs:   6  -- #Conts: 44 H(1)  G(17)  A(5)  E(14)  C(7) 
 118145944 5745.82 || noQ Q (Avg,Max,Min) (1.06, 1.12, 0.89) (1.04, 0.66, 1.12) #fs:   8  -- #Conts: 44 H(1)  G(17)  A(5)  E(14)  C(7) 
 118172740 5744.82 || noQ Q (Avg,Max,Min) (1.06, 1.12, 1.00) (1.04, 0.66, 1.12) #fs:   7  -- #Conts: 44 H(1)  G(17)  A(5)  E(14)  C(7) 
 119034653 5732.94 || noQ Q (Avg,Max,Min) (1.05, 1.11, 1.00) (1.02, 0.47, 1.11) #fs:   6  -- #Conts: 44 H(1)  G(13)  A(6)  E(17)  C(7) 
 119064277 5730.94 || noQ Q (Avg,Max,Min) (1.05, 1.11, 1.00) (1.02, 0.47, 1.11) #fs:   6  -- #Conts: 43 H(1)  G(13)  A(6)  E(17)  C(6) 
 119233968 5730.88 || noQ Q (Avg,Max,Min) (1.05, 1.11, 1.00) (0.99, 0.30, 1.11) #fs:   3  -- #Conts: 46 H(1)  G(13)  A(5)  E(18)  C(9) 
 119474170 5728.18 || noQ Q (Avg,Max,Min) (1.06, 1.11, 1.00) (1.01, 0.47, 1.11) #fs:   2  -- #Conts: 44 H(1)  G(13)  A(4)  E(17)  C(9) 
 119742410 5715.12 || noQ Q (Avg,Max,Min) (1.05, 1.11, 1.00) (1.00, 0.47, 1.11) #fs:   2  -- #Conts: 46 H(1)  G(13)  A(5)  E(18)  C(9) 
 119849534 5713.12 || noQ Q (Avg,Max,Min) (1.05, 1.11, 0.95) (1.01, 0.56, 1.11) #fs:   3  -- #Conts: 45 H(1)  G(13)  A(5)  E(18)  C(8) 
 120647572 5712.41 || noQ Q (Avg,Max,Min) (1.06, 1.11, 1.00) (1.02, 0.47, 1.11) #fs:   3  -- #Conts: 44 H(1)  G(13)  A(4)  E(17)  C(9) 
 121627051 5711.12 || noQ Q (Avg,Max,Min) (1.06, 1.11, 1.00) (1.03, 0.81, 1.11) #fs:   3  -- #Conts: 43 H(1)  G(13)  A(4)  E(17)  C(8) 
 121751430 5710.41 || noQ Q (Avg,Max,Min) (1.06, 1.11, 1.00) (1.03, 0.81, 1.11) #fs:   2  -- #Conts: 43 H(1)  G(13)  A(4)  E(17)  C(8) 
 121921654 5709.12 || noQ Q (Avg,Max,Min) (1.06, 1.11, 1.00) (1.04, 0.84, 1.11) #fs:   3  -- #Conts: 43 H(1)  G(13)  A(4)  E(17)  C(8) 
 122899965 5708.41 || noQ Q (Avg,Max,Min) (1.06, 1.11, 1.00) (1.03, 0.81, 1.11) #fs:   2  -- #Conts: 43 H(1)  G(13)  A(4)  E(17)  C(8) 
 123194568 5706.41 || noQ Q (Avg,Max,Min) (1.06, 1.11, 1.00) (1.04, 0.84, 1.11) #fs:   2  -- #Conts: 43 H(1)  G(13)  A(4)  E(17)  C(8) 
 125170477 5705.41 || noQ Q (Avg,Max,Min) (1.06, 1.11, 1.00) (1.05, 0.85, 1.11) #fs:   3  -- #Conts: 42 H(1)  G(13)  A(5)  E(17)  C(6) 
 127720376 5705.06 || noQ Q (Avg,Max,Min) (1.05, 1.13, 0.91) (0.99, 0.40, 1.13) #fs:   4  -- #Conts: 48 H(1)  G(9)  A(10)  E(22)  C(6) 
 127853458 5701.06 || noQ Q (Avg,Max,Min) (1.05, 1.13, 0.91) (1.01, 0.69, 1.13) #fs:   4  -- #Conts: 46 H(1)  G(9)  A(9)  E(22)  C(5) 
 128194842 5699.06 || noQ Q (Avg,Max,Min) (1.05, 1.13, 0.91) (1.01, 0.69, 1.13) #fs:   4  -- #Conts: 46 H(1)  G(9)  A(9)  E(22)  C(5) 
 128223773 5697.06 || noQ Q (Avg,Max,Min) (1.05, 1.13, 0.91) (1.01, 0.69, 1.13) #fs:   3  -- #Conts: 46 H(1)  G(9)  A(9)  E(22)  C(5) 
 128565157 5695.06 || noQ Q (Avg,Max,Min) (1.05, 1.13, 0.91) (1.01, 0.69, 1.13) #fs:   3  -- #Conts: 46 H(1)  G(9)  A(9)  E(22)  C(5) 
 128605660 5693.06 || noQ Q (Avg,Max,Min) (1.05, 1.13, 0.91) (1.01, 0.69, 1.13) #fs:   3  -- #Conts: 46 H(1)  G(9)  A(9)  E(22)  C(5) 
 128947044 5691.06 || noQ Q (Avg,Max,Min) (1.05, 1.13, 0.91) (1.01, 0.69, 1.13) #fs:   3  -- #Conts: 46 H(1)  G(9)  A(9)  E(22)  C(5) 
 129039623 5690.06 || noQ Q (Avg,Max,Min) (1.05, 1.13, 0.91) (1.02, 0.72, 1.13) #fs:   3  -- #Conts: 45 H(1)  G(9)  A(8)  E(22)  C(5) 
 131889226 5689.88 || noQ Q (Avg,Max,Min) (1.04, 1.15, 0.79) (1.01, 0.69, 1.15) #fs:   7  -- #Conts: 49 H(1)  G(9)  A(10)  E(23)  C(6) 
 133459170 5688.88 || noQ Q (Avg,Max,Min) (1.05, 1.15, 0.84) (1.03, 0.79, 1.15) #fs:   5  -- #Conts: 45 H(1)  G(9)  A(7)  E(23)  C(5) 
 134744464 5687.88 || noQ Q (Avg,Max,Min) (1.05, 1.15, 0.84) (1.03, 0.79, 1.15) #fs:   5  -- #Conts: 45 H(1)  G(9)  A(7)  E(23)  C(5) 
 134902308 5686.88 || noQ Q (Avg,Max,Min) (1.05, 1.15, 0.84) (1.03, 0.79, 1.15) #fs:   4  -- #Conts: 45 H(1)  G(9)  A(7)  E(23)  C(5) 
 136163230 5682.65 || noQ Q (Avg,Max,Min) (1.05, 1.15, 1.00) (1.02, 0.74, 1.15) #fs:   2  -- #Conts: 46 H(1)  G(9)  A(8)  E(22)  C(6) 
 136828184 5679.94 || noQ Q (Avg,Max,Min) (1.05, 1.15, 1.00) (1.02, 0.66, 1.15) #fs:   1  -- #Conts: 46 H(1)  G(9)  A(8)  E(22)  C(6) 
 138271322 5675.94 || noQ Q (Avg,Max,Min) (1.05, 1.15, 1.00) (1.03, 0.74, 1.15) #fs:   1  -- #Conts: 46 H(1)  G(9)  A(8)  E(22)  C(6) 
 140594342 5675.65 || noQ Q (Avg,Max,Min) (1.05, 1.15, 1.00) (1.03, 0.44, 1.15) #fs:   1  -- #Conts: 46 H(1)  G(9)  A(8)  E(22)  C(6) 
 141760433 5666.18 || noQ Q (Avg,Max,Min) (1.06, 1.15, 0.91) (1.02, 0.37, 1.14) #fs:   7  -- #Conts: 43 G(16)  A(3)  E(18)  C(6) 
 141824338 5663.47 || noQ Q (Avg,Max,Min) (1.06, 1.15, 0.91) (1.01, 0.36, 1.14) #fs:   8  -- #Conts: 44 G(16)  A(3)  E(18)  C(7) 
 141853242 5659.47 || noQ Q (Avg,Max,Min) (1.06, 1.15, 0.91) (1.02, 0.37, 1.14) #fs:   7  -- #Conts: 43 G(16)  A(3)  E(18)  C(6) 
 141922675 5656.76 || noQ Q (Avg,Max,Min) (1.06, 1.15, 0.91) (1.01, 0.36, 1.14) #fs:   6  -- #Conts: 44 G(16)  A(3)  E(18)  C(7) 
 141940034 5648.71 || noQ Q (Avg,Max,Min) (1.06, 1.15, 0.99) (1.00, 0.36, 1.14) #fs:   5  -- #Conts: 44 G(16)  A(2)  E(18)  C(8) 
 142090245 5644.71 || noQ Q (Avg,Max,Min) (1.06, 1.15, 0.99) (1.01, 0.37, 1.14) #fs:   5  -- #Conts: 43 G(16)  A(2)  E(18)  C(7) 
 142269846 5640.71 || noQ Q (Avg,Max,Min) (1.07, 1.15, 0.99) (1.03, 0.38, 1.14) #fs:   5  -- #Conts: 42 G(16)  A(2)  E(18)  C(6) 
 142310119 5639.65 || noQ Q (Avg,Max,Min) (1.06, 1.15, 1.00) (0.99, 0.36, 1.14) #fs:   4  -- #Conts: 44 G(16)  A(2)  E(18)  C(8) 
 142443201 5636.71 || noQ Q (Avg,Max,Min) (1.07, 1.15, 0.99) (1.05, 0.64, 1.14) #fs:   5  -- #Conts: 41 G(16)  A(2)  E(18)  C(5) 
 142525779 5632.94 || noQ Q (Avg,Max,Min) (1.06, 1.15, 1.00) (1.01, 0.37, 1.14) #fs:   4  -- #Conts: 44 G(16)  A(2)  E(18)  C(8) 
 142657290 5628.94 || noQ Q (Avg,Max,Min) (1.06, 1.15, 1.00) (1.02, 0.60, 1.14) #fs:   3  -- #Conts: 43 G(16)  A(2)  E(18)  C(7) 
 142772971 5626.94 || noQ Q (Avg,Max,Min) (1.07, 1.15, 1.00) (1.03, 0.60, 1.14) #fs:   4  -- #Conts: 42 G(16)  A(1)  E(18)  C(7) 
 143022830 5622.94 || noQ Q (Avg,Max,Min) (1.07, 1.15, 1.00) (1.04, 0.60, 1.14) #fs:   3  -- #Conts: 41 G(16)  A(1)  E(18)  C(6) 
 143463516 5618.94 || noQ Q (Avg,Max,Min) (1.07, 1.15, 1.00) (1.05, 0.60, 1.14) #fs:   3  -- #Conts: 40 G(16)  A(1)  E(18)  C(5) 
 143704816 5618.53 || noQ Q (Avg,Max,Min) (1.06, 1.15, 1.00) (1.02, 0.44, 1.15) #fs:   5  -- #Conts: 41 G(15)  A(2)  E(19)  C(5) 
 143740720 5614.53 || noQ Q (Avg,Max,Min) (1.06, 1.15, 1.00) (1.04, 0.71, 1.15) #fs:   5  -- #Conts: 41 G(15)  A(2)  E(19)  C(5) 
 143987912 5612.53 || noQ Q (Avg,Max,Min) (1.06, 1.15, 1.00) (1.04, 0.79, 1.15) #fs:   6  -- #Conts: 40 G(15)  A(2)  E(19)  C(4) 
 146730205 5604.35 || noQ Q (Avg,Max,Min) (1.06, 1.15, 0.96) (1.02, 0.64, 1.15) #fs:   5  -- #Conts: 43 G(15)  A(5)  E(18)  C(5) 
 146752029 5603.35 || noQ Q (Avg,Max,Min) (1.06, 1.15, 1.00) (1.02, 0.70, 1.15) #fs:   2  -- #Conts: 43 G(15)  A(5)  E(18)  C(5) 
 147160599 5601.35 || noQ Q (Avg,Max,Min) (1.06, 1.15, 0.95) (1.03, 0.75, 1.15) #fs:   3  -- #Conts: 42 G(15)  A(4)  E(18)  C(5) 
 148698527 5600.29 || noQ Q (Avg,Max,Min) (1.06, 1.15, 0.92) (1.02, 0.75, 1.15) #fs:   5  -- #Conts: 43 G(15)  A(7)  E(17)  C(4) 
 150296531 5598.29 || noQ Q (Avg,Max,Min) (1.06, 1.15, 0.94) (1.03, 0.82, 1.15) #fs:   5  -- #Conts: 43 G(15)  A(7)  E(17)  C(4) 
 152413499 5597.35 || noQ Q (Avg,Max,Min) (1.05, 1.13, 1.00) (0.99, 0.52, 1.13) #fs:   1  -- #Conts: 45 G(10)  A(7)  E(20)  C(8) 
 152859149 5595.35 || noQ Q (Avg,Max,Min) (1.05, 1.13, 1.00) (0.99, 0.52, 1.13) #fs:   2  -- #Conts: 45 G(10)  A(7)  E(20)  C(8) 
 152949346 5593.35 || noQ Q (Avg,Max,Min) (1.05, 1.13, 1.00) (1.00, 0.52, 1.13) #fs:   2  -- #Conts: 44 G(10)  A(6)  E(20)  C(8) 
 153078457 5590.65 || noQ Q (Avg,Max,Min) (1.05, 1.13, 1.00) (0.99, 0.52, 1.13) #fs:   2  -- #Conts: 45 G(10)  A(7)  E(20)  C(8) 
 153152287 5589.35 || noQ Q (Avg,Max,Min) (1.05, 1.13, 1.00) (1.01, 0.66, 1.13) #fs:   2  -- #Conts: 44 G(10)  A(6)  E(20)  C(8) 
 153524105 5588.65 || noQ Q (Avg,Max,Min) (1.05, 1.13, 1.00) (1.00, 0.52, 1.13) #fs:   2  -- #Conts: 45 G(10)  A(7)  E(20)  C(8) 
 153614302 5586.65 || noQ Q (Avg,Max,Min) (1.05, 1.13, 1.00) (1.00, 0.66, 1.13) #fs:   2  -- #Conts: 44 G(10)  A(6)  E(20)  C(8) 
 154253932 5584.65 || noQ Q (Avg,Max,Min) (1.05, 1.13, 1.00) (1.01, 0.65, 1.13) #fs:   1  -- #Conts: 44 G(10)  A(6)  E(20)  C(8) 
 155668760 5582.65 || noQ Q (Avg,Max,Min) (1.05, 1.13, 0.98) (1.01, 0.66, 1.13) #fs:   2  -- #Conts: 44 G(10)  A(6)  E(20)  C(8) 
 158382075 5573.65 || noQ Q (Avg,Max,Min) (1.03, 1.11, 0.64) (0.98, 0.52, 1.11) #fs:   4  -- #Conts: 44 G(8)  A(6)  E(22)  C(8) 
 158784660 5569.65 || noQ Q (Avg,Max,Min) (1.03, 1.11, 0.64) (0.99, 0.52, 1.11) #fs:   4  -- #Conts: 44 G(8)  A(6)  E(22)  C(8) 
 159085854 5565.65 || noQ Q (Avg,Max,Min) (1.03, 1.11, 0.64) (1.00, 0.55, 1.11) #fs:   4  -- #Conts: 44 G(8)  A(6)  E(22)  C(8) 
 159569786 5564.65 || noQ Q (Avg,Max,Min) (1.03, 1.11, 0.64) (1.00, 0.55, 1.11) #fs:   4  -- #Conts: 44 G(8)  A(6)  E(22)  C(8) 
 160498388 5562.65 || noQ Q (Avg,Max,Min) (1.04, 1.11, 0.86) (1.01, 0.66, 1.11) #fs:   2  -- #Conts: 44 G(8)  A(6)  E(22)  C(8) 
 161237389 5560.65 || noQ Q (Avg,Max,Min) (1.04, 1.11, 0.86) (1.02, 0.69, 1.11) #fs:   3  -- #Conts: 44 G(8)  A(6)  E(22)  C(8) 
 167830185 5555.18 || noQ Q (Avg,Max,Min) (1.03, 1.10, 0.87) (0.98, 0.44, 1.09) #fs:   4  -- #Conts: 41 G(5)  A(6)  E(24)  C(6) 
 167985902 5554.18 || noQ Q (Avg,Max,Min) (1.04, 1.10, 0.87) (0.98, 0.40, 1.09) #fs:   3  -- #Conts: 40 G(5)  A(4)  E(24)  C(7) 
 167986780 5552.18 || noQ Q (Avg,Max,Min) (1.04, 1.10, 0.87) (0.99, 0.40, 1.09) #fs:   4  -- #Conts: 40 G(5)  A(5)  E(24)  C(6) 
 168286426 5550.18 || noQ Q (Avg,Max,Min) (1.04, 1.10, 0.87) (1.00, 0.44, 1.09) #fs:   3  -- #Conts: 39 G(5)  A(4)  E(24)  C(6) 
 168357095 5548.18 || noQ Q (Avg,Max,Min) (1.04, 1.10, 0.87) (1.01, 0.74, 1.09) #fs:   4  -- #Conts: 39 G(5)  A(5)  E(24)  C(5) 
 168534369 5544.18 || noQ Q (Avg,Max,Min) (1.04, 1.10, 0.94) (1.02, 0.74, 1.09) #fs:   2  -- #Conts: 39 G(5)  A(5)  E(24)  C(5) 
 168765620 5542.18 || noQ Q (Avg,Max,Min) (1.04, 1.10, 0.97) (1.02, 0.79, 1.09) #fs:   2  -- #Conts: 39 G(5)  A(6)  E(24)  C(4) 
 170720708 5541.88 || noQ Q (Avg,Max,Min) (1.04, 1.10, 1.00) (1.03, 0.92, 1.09) #fs:   2  -- #Conts: 37 G(5)  A(4)  E(24)  C(4) 
 171632380 5541.18 || noQ Q (Avg,Max,Min) (1.04, 1.10, 1.00) (1.03, 0.92, 1.09) #fs:   2  -- #Conts: 37 G(5)  A(4)  E(24)  C(4) 
 171993622 5539.18 || noQ Q (Avg,Max,Min) (1.05, 1.10, 1.00) (1.03, 0.92, 1.09) #fs:   1  -- #Conts: 37 G(5)  A(4)  E(24)  C(4) 
 179400163 5536.82 || noQ Q (Avg,Max,Min) (1.03, 1.08, 0.93) (0.98, 0.11, 1.08) #fs:   2  -- #Conts: 39 G(3)  A(8)  E(25)  C(3) 
 179457420 5535.82 || noQ Q (Avg,Max,Min) (1.04, 1.08, 0.95) (0.98, 0.11, 1.08) #fs:   2  -- #Conts: 38 G(3)  A(7)  E(25)  C(3) 
 179478463 5530.06 || noQ Q (Avg,Max,Min) (1.03, 1.08, 0.93) (0.97, 0.56, 1.08) #fs:   2  -- #Conts: 40 G(2)  A(8)  E(25)  C(5) 
 179509124 5527.06 || noQ Q (Avg,Max,Min) (1.03, 1.08, 0.93) (0.99, 0.56, 1.08) #fs:   2  -- #Conts: 38 G(2)  A(6)  E(25)  C(5) 
 179535222 5525.06 || noQ Q (Avg,Max,Min) (1.03, 1.08, 0.93) (0.99, 0.56, 1.08) #fs:   2  -- #Conts: 38 G(2)  A(6)  E(25)  C(5) 
 179704870 5523.06 || noQ Q (Avg,Max,Min) (1.03, 1.08, 0.93) (1.00, 0.68, 1.08) #fs:   3  -- #Conts: 38 G(2)  A(8)  E(25)  C(3) 
 179796216 5521.06 || noQ Q (Avg,Max,Min) (1.03, 1.08, 0.93) (1.00, 0.68, 1.08) #fs:   2  -- #Conts: 38 G(2)  A(8)  E(25)  C(3) 
 179965862 5520.06 || noQ Q (Avg,Max,Min) (1.04, 1.08, 0.95) (1.00, 0.68, 1.08) #fs:   2  -- #Conts: 37 G(2)  A(7)  E(25)  C(3) 
 180161608 5517.06 || noQ Q (Avg,Max,Min) (1.04, 1.08, 0.93) (1.01, 0.79, 1.08) #fs:   2  -- #Conts: 37 G(2)  A(7)  E(25)  C(3) 
 180222293 5515.06 || noQ Q (Avg,Max,Min) (1.04, 1.08, 0.93) (1.02, 0.82, 1.08) #fs:   1  -- #Conts: 36 G(2)  A(6)  E(25)  C(3) 
 183100319 5514.06 || noQ Q (Avg,Max,Min) (1.03, 1.08, 0.85) (1.02, 0.82, 1.08) #fs:   2  -- #Conts: 36 G(2)  A(6)  E(25)  C(3) 
 195177573 5512.82 || noQ Q (Avg,Max,Min) (1.04, 1.10, 0.98) (1.00, 0.44, 1.09) #fs:   2  -- #Conts: 37 G(2)  A(7)  E(24)  C(4) 
 195587927 5511.82 || noQ Q (Avg,Max,Min) (1.04, 1.10, 0.98) (1.01, 0.44, 1.09) #fs:   2  -- #Conts: 37 G(2)  A(7)  E(24)  C(4) 
 196620711 5510.82 || noQ Q (Avg,Max,Min) (1.04, 1.10, 0.98) (1.01, 0.79, 1.09) #fs:   2  -- #Conts: 37 G(2)  A(7)  E(24)  C(4) 
 197031065 5509.82 || noQ Q (Avg,Max,Min) (1.04, 1.10, 0.98) (1.02, 0.84, 1.09) #fs:   2  -- #Conts: 37 G(2)  A(7)  E(24)  C(4) 
 251805517 5509.12 || noQ Q (Avg,Max,Min) (1.02, 1.09, 0.92) (0.99, 0.77, 1.09) #fs:   2  -- #Conts: 29 G(2)  A(9)  E(14)  C(4) 
 252005517 5508.12 || noQ Q (Avg,Max,Min) (1.02, 1.09, 0.90) (1.00, 0.77, 1.09) #fs:   2  -- #Conts: 29 G(2)  A(9)  E(14)  C(4) 
 253248655 5507.12 || noQ Q (Avg,Max,Min) (1.03, 1.09, 0.93) (1.00, 0.81, 1.09) #fs:   2  -- #Conts: 28 G(2)  A(8)  E(14)  C(4) 
 253448655 5506.12 || noQ Q (Avg,Max,Min) (1.03, 1.09, 0.92) (1.00, 0.82, 1.09) #fs:   2  -- #Conts: 28 G(2)  A(8)  E(14)  C(4) 
 258245251 5505.12 || noQ Q (Avg,Max,Min) (1.03, 1.09, 0.97) (1.01, 0.84, 1.09) #fs:   1  -- #Conts: 28 G(2)  A(7)  E(14)  C(5) 
 265854066 5502.71 || noQ Q (Avg,Max,Min) (1.03, 1.09, 0.94) (0.99, 0.40, 1.08) #fs:   3  -- #Conts: 29 G(1)  A(7)  E(17)  C(4) 
 265948430 5501.71 || noQ Q (Avg,Max,Min) (1.03, 1.09, 1.00) (1.00, 0.40, 1.08) #fs:   2  -- #Conts: 28 G(1)  A(6)  E(17)  C(4) 
 266232151 5497.71 || noQ Q (Avg,Max,Min) (1.04, 1.09, 1.00) (1.02, 0.92, 1.08) #fs:   2  -- #Conts: 27 G(1)  A(6)  E(17)  C(3) 
 266597896 5495.71 || noQ Q (Avg,Max,Min) (1.04, 1.09, 1.00) (1.02, 0.92, 1.08) #fs:   1  -- #Conts: 27 G(1)  A(6)  E(17)  C(3) 
 268503146 5495.41 || noQ Q (Avg,Max,Min) (1.04, 1.09, 1.00) (1.02, 0.85, 1.08) #fs:   1  -- #Conts: 27 G(1)  A(6)  E(17)  C(3) 
 269461669 5494.71 || noQ Q (Avg,Max,Min) (1.04, 1.09, 1.00) (1.02, 0.85, 1.08) #fs:   3  -- #Conts: 27 G(1)  A(6)  E(17)  C(3) 
 269776064 5492.71 || noQ Q (Avg,Max,Min) (1.04, 1.09, 1.00) (1.02, 0.85, 1.08) #fs:   2  -- #Conts: 27 G(1)  A(6)  E(17)  C(3) 
 342592883 5487.88 || noQ Q (Avg,Max,Min) (1.03, 1.07, 0.99) (0.97, 0.40, 1.07) #fs:   1  -- #Conts: 24 G(1)  A(7)  E(12)  C(4) 
 345234810 5485.88 || noQ Q (Avg,Max,Min) (1.02, 1.07, 0.92) (0.99, 0.71, 1.07) #fs:   2  -- #Conts: 23 G(1)  A(7)  E(12)  C(3) 
 347698245 5484.88 || noQ Q (Avg,Max,Min) (1.03, 1.07, 0.99) (1.00, 0.71, 1.07) #fs:   1  -- #Conts: 23 G(1)  A(7)  E(12)  C(3) 
 350899221 5482.88 || noQ Q (Avg,Max,Min) (1.03, 1.07, 0.99) (1.00, 0.71, 1.07) #fs:   1  -- #Conts: 23 G(1)  A(6)  E(12)  C(4) 
 357452589 5476.71 || noQ Q (Avg,Max,Min) (1.03, 1.09, 1.00) (0.97, 0.25, 1.09) #fs:   0  -- #Conts: 28 A(6)  G(1)  E(16)  C(5) 
 358074682 5474.71 || noQ Q (Avg,Max,Min) (1.03, 1.09, 0.83) (0.98, 0.35, 1.09) #fs:   1  -- #Conts: 28 A(6)  G(1)  E(16)  C(5) 
 358152716 5472.71 || noQ Q (Avg,Max,Min) (1.03, 1.09, 1.00) (0.99, 0.44, 1.09) #fs:   0  -- #Conts: 27 A(5)  G(1)  E(16)  C(5) 
 358578199 5471.65 || noQ Q (Avg,Max,Min) (1.03, 1.09, 0.95) (0.99, 0.55, 1.09) #fs:   1  -- #Conts: 27 A(6)  E(16)  C(5) 
 359322029 5469.65 || noQ Q (Avg,Max,Min) (1.03, 1.09, 1.00) (1.00, 0.71, 1.09) #fs:   0  -- #Conts: 27 A(6)  E(16)  C(5) 
 359413377 5467.65 || noQ Q (Avg,Max,Min) (1.03, 1.09, 1.00) (1.00, 0.71, 1.09) #fs:   0  -- #Conts: 27 A(6)  E(16)  C(5) 
 360050832 5465.94 || noQ Q (Avg,Max,Min) (1.03, 1.09, 0.97) (1.00, 0.79, 1.09) #fs:   1  -- #Conts: 27 A(6)  E(16)  C(5) 
 360157207 5465.65 || noQ Q (Avg,Max,Min) (1.03, 1.09, 1.00) (1.00, 0.71, 1.09) #fs:   0  -- #Conts: 27 A(6)  E(16)  C(5) 
 360754023 5464.94 || noQ Q (Avg,Max,Min) (1.03, 1.09, 0.87) (1.00, 0.79, 1.09) #fs:   2  -- #Conts: 27 A(6)  E(16)  C(5) 
 362955731 5462.94 || noQ Q (Avg,Max,Min) (1.03, 1.09, 0.87) (1.00, 0.79, 1.09) #fs:   3  -- #Conts: 27 A(6)  E(16)  C(5) 
/////////////////size: 263
nodes 100 edges 192
 mulT: 10000 mulD: 500  sumData GB 48799
pareto /CYBERSHAKE.n.100.0.dax time -> 3844.0
moheft /CYBERSHAKE.n.100.0.dax time -> 26625.0
distance from M to C 0.13196152985908952
distance from P to C 90.69853225328228
distance from C to M 0.05026495593483433
distance from C to P 112.07674847876524
toCompare: /CYBERSHAKE.n.100.0.dax sumDataGB: 48799 mulT: 10000 mulD: 500 paretoOptTime_MS: 3844.0 MoheftOptimizationTime_MS: 26625.0 MtoC 0.13196152985908952 PtoC 90.69853225328228 CtoM 0.05026495593483433 CtoP 112.07674847876524
