specify -Dflow d,b,mt,md,size
Running /home/vaggelis/jc/SIPHT.n.100.0.dax mt 10000 md: 1 size null
1551035927 67409.88 || noQ Q (Avg,Max,Min) (0.93, 1.00, 0.00) (0.91, 0.00, 1.00) #fs:   3  -- #Conts: 15 H(14)  G(1) 
1551035936 53852.24 || noQ Q (Avg,Max,Min) (0.99, 1.00, 0.87) (0.96, 0.84, 1.00) #fs:   2  -- #Conts: 15 H(14)  G(1) 
2626970646 47767.06 || noQ Q (Avg,Max,Min) (0.95, 1.00, 0.29) (0.91, 0.29, 1.00) #fs:   3  -- #Conts: 23 H(2)  G(21) 
2627474115 47120.71 || noQ Q (Avg,Max,Min) (0.98, 1.00, 0.79) (0.94, 0.77, 1.00) #fs:   4  -- #Conts: 23 H(1)  G(22) 
2628920587 46511.18 || noQ Q (Avg,Max,Min) (0.98, 1.00, 0.79) (0.94, 0.77, 1.00) #fs:   4  -- #Conts: 23 G(22)  E(1) 
4456161820 36832.71 || noQ Q (Avg,Max,Min) (0.98, 1.00, 0.61) (0.82, 0.55, 1.00) #fs:   5  -- #Conts: 48 G(1)  E(47) 
4615067302 36678.47 || noQ Q (Avg,Max,Min) (0.99, 1.00, 0.59) (0.83, 0.55, 1.00) #fs:   4  -- #Conts: 48 E(47)  C(1) 
5393465423 26909.29 || noQ Q (Avg,Max,Min) (1.00, 1.00, 0.84) (0.93, 0.78, 1.00) #fs:   3  -- #Conts: 41 E(6)  C(35) 
5431934069 25936.00 || noQ Q (Avg,Max,Min) (0.99, 1.00, 0.79) (0.90, 0.73, 1.00) #fs:   6  -- #Conts: 47 C(47) 
5437165399 25921.53 || noQ Q (Avg,Max,Min) (1.00, 1.00, 0.84) (0.93, 0.78, 1.00) #fs:   3  -- #Conts: 41 E(5)  C(36) 
5441720301 25917.53 || noQ Q (Avg,Max,Min) (1.00, 1.00, 0.84) (0.93, 0.78, 1.00) #fs:   3  -- #Conts: 41 E(5)  C(36) 
5530090202 25909.53 || noQ Q (Avg,Max,Min) (1.00, 1.00, 0.84) (0.93, 0.78, 1.00) #fs:   2  -- #Conts: 41 E(5)  C(36) 
6462651098 10193.00 || noQ Q (Avg,Max,Min) (0.97, 1.00, 0.07) (0.97, 0.07, 1.00) #fs:   6  -- #Conts: 36 A(36) 
6462651107 8520.00 || noQ Q (Avg,Max,Min) (1.00, 1.00, 1.00) (1.00, 0.97, 1.00) #fs:   5  -- #Conts: 36 A(36) 
6475951048 8519.00 || noQ Q (Avg,Max,Min) (1.00, 1.00, 1.00) (1.00, 0.97, 1.00) #fs:   5  -- #Conts: 36 A(36) 
/////////////////size: 15
1533939122 53402.53 || noQ Q (Avg,Max,Min) (1.00, 1.00, 1.00) (0.97, 0.71, 1.00) #fs:   0  -- #Conts: 17 H(6)  G(3)  A(2)  E(4)  C(2) 
1534388150 53398.53 || noQ Q (Avg,Max,Min) (1.00, 1.00, 1.00) (0.97, 0.71, 1.00) #fs:   0  -- #Conts: 16 H(6)  G(3)  A(1)  E(4)  C(2) 
1534604223 53395.82 || noQ Q (Avg,Max,Min) (1.00, 1.00, 1.00) (0.99, 0.92, 1.00) #fs:   0  -- #Conts: 16 H(6)  G(3)  A(2)  E(3)  C(2) 
1535053251 53391.82 || noQ Q (Avg,Max,Min) (1.00, 1.00, 1.00) (0.99, 0.95, 1.00) #fs:   0  -- #Conts: 15 H(6)  G(3)  A(1)  E(3)  C(2) 
1535053253 53388.82 || noQ Q (Avg,Max,Min) (1.00, 1.00, 1.00) (0.96, 0.50, 1.00) #fs:   0  -- #Conts: 16 H(7)  G(3)  A(1)  E(3)  C(2) 
1535565823 53379.76 || noQ Q (Avg,Max,Min) (1.00, 1.00, 1.00) (0.94, 0.48, 1.00) #fs:   0  -- #Conts: 17 H(6)  G(4)  A(1)  E(4)  C(2) 
1536114912 53377.41 || noQ Q (Avg,Max,Min) (1.00, 1.00, 1.00) (0.93, 0.48, 1.00) #fs:   0  -- #Conts: 18 H(6)  G(3)  A(1)  E(6)  C(2) 
1536335383 53373.06 || noQ Q (Avg,Max,Min) (1.00, 1.00, 1.00) (0.98, 0.86, 1.00) #fs:   0  -- #Conts: 16 H(6)  G(4)  A(1)  E(3)  C(2) 
1549882592 53364.94 || noQ Q (Avg,Max,Min) (1.00, 1.00, 1.00) (0.95, 0.32, 1.00) #fs:   0  -- #Conts: 19 H(6)  G(4)  A(3)  E(4)  C(2) 
1550652152 53361.94 || noQ Q (Avg,Max,Min) (1.00, 1.00, 1.00) (0.92, 0.22, 1.00) #fs:   0  -- #Conts: 19 H(6)  G(4)  A(3)  E(4)  C(2) 
1550756562 53360.94 || noQ Q (Avg,Max,Min) (1.00, 1.00, 1.00) (0.96, 0.54, 1.00) #fs:   0  -- #Conts: 18 H(6)  G(4)  A(2)  E(4)  C(2) 
1551022467 53358.94 || noQ Q (Avg,Max,Min) (1.00, 1.00, 1.00) (0.97, 0.64, 1.00) #fs:   0  -- #Conts: 18 H(6)  G(4)  A(2)  E(4)  C(2) 
1551349807 53355.88 || noQ Q (Avg,Max,Min) (1.00, 1.00, 1.00) (0.98, 0.91, 1.00) #fs:   0  -- #Conts: 18 H(6)  G(3)  A(3)  E(4)  C(2) 
1551896437 53354.94 || noQ Q (Avg,Max,Min) (1.00, 1.00, 1.00) (0.98, 0.86, 1.00) #fs:   0  -- #Conts: 17 H(6)  G(4)  A(1)  E(4)  C(2) 
1640558321 53079.00 || noQ Q (Avg,Max,Min) (1.00, 1.00, 1.00) (0.98, 0.91, 1.00) #fs:   0  -- #Conts: 22 H(8)  G(5)  A(3)  E(4)  C(2) 
1640814903 53077.00 || noQ Q (Avg,Max,Min) (1.00, 1.00, 1.00) (0.98, 0.91, 1.00) #fs:   0  -- #Conts: 22 H(8)  G(5)  A(3)  E(4)  C(2) 
1641118757 53074.00 || noQ Q (Avg,Max,Min) (1.00, 1.00, 1.00) (0.98, 0.91, 1.00) #fs:   0  -- #Conts: 22 H(8)  G(5)  A(3)  E(4)  C(2) 
1641223405 53073.00 || noQ Q (Avg,Max,Min) (1.00, 1.00, 1.00) (0.99, 0.91, 1.00) #fs:   0  -- #Conts: 21 H(8)  G(5)  A(2)  E(4)  C(2) 
1641452996 53071.00 || noQ Q (Avg,Max,Min) (1.00, 1.00, 1.00) (0.98, 0.91, 1.00) #fs:   0  -- #Conts: 22 H(8)  G(5)  A(3)  E(4)  C(2) 
1641571175 53070.00 || noQ Q (Avg,Max,Min) (1.00, 1.00, 1.00) (0.99, 0.91, 1.00) #fs:   0  -- #Conts: 21 H(8)  G(5)  A(2)  E(4)  C(2) 
1641783856 53068.00 || noQ Q (Avg,Max,Min) (1.00, 1.00, 1.00) (0.99, 0.91, 1.00) #fs:   0  -- #Conts: 21 H(8)  G(5)  A(2)  E(4)  C(2) 
1641905414 53067.00 || noQ Q (Avg,Max,Min) (1.00, 1.00, 1.00) (0.99, 0.91, 1.00) #fs:   0  -- #Conts: 21 H(8)  G(5)  A(2)  E(4)  C(2) 
1642118095 53065.00 || noQ Q (Avg,Max,Min) (1.00, 1.00, 1.00) (0.99, 0.91, 1.00) #fs:   0  -- #Conts: 21 H(8)  G(5)  A(2)  E(4)  C(2) 
1642253141 53064.00 || noQ Q (Avg,Max,Min) (1.00, 1.00, 1.00) (0.99, 0.91, 1.00) #fs:   0  -- #Conts: 20 H(8)  G(5)  A(1)  E(4)  C(2) 
1642455700 53063.00 || noQ Q (Avg,Max,Min) (1.00, 1.00, 1.00) (0.95, 0.22, 1.00) #fs:   0  -- #Conts: 21 H(8)  G(5)  A(2)  E(4)  C(2) 
1642482719 53062.00 || noQ Q (Avg,Max,Min) (1.00, 1.00, 1.00) (0.99, 0.91, 1.00) #fs:   0  -- #Conts: 20 H(8)  G(5)  A(1)  E(4)  C(2) 
1642587380 53061.00 || noQ Q (Avg,Max,Min) (1.00, 1.00, 1.00) (0.99, 0.91, 1.00) #fs:   0  -- #Conts: 20 H(8)  G(5)  A(1)  E(4)  C(2) 
1642789939 53060.00 || noQ Q (Avg,Max,Min) (1.00, 1.00, 1.00) (0.95, 0.22, 1.00) #fs:   0  -- #Conts: 21 H(8)  G(5)  A(2)  E(4)  C(2) 
1642816958 53059.00 || noQ Q (Avg,Max,Min) (1.00, 1.00, 1.00) (0.99, 0.91, 1.00) #fs:   0  -- #Conts: 20 H(8)  G(5)  A(1)  E(4)  C(2) 
1642948628 53058.00 || noQ Q (Avg,Max,Min) (1.00, 1.00, 1.00) (0.99, 0.91, 1.00) #fs:   0  -- #Conts: 20 H(8)  G(5)  A(1)  E(4)  C(2) 
1643117437 53057.00 || noQ Q (Avg,Max,Min) (1.00, 1.00, 1.00) (0.99, 0.91, 1.00) #fs:   0  -- #Conts: 20 H(8)  G(5)  A(1)  E(4)  C(2) 
1643178206 53056.00 || noQ Q (Avg,Max,Min) (1.00, 1.00, 1.00) (0.99, 0.91, 1.00) #fs:   0  -- #Conts: 20 H(8)  G(5)  A(1)  E(4)  C(2) 
1643320005 53055.00 || noQ Q (Avg,Max,Min) (1.00, 1.00, 1.00) (0.99, 0.91, 1.00) #fs:   0  -- #Conts: 20 H(8)  G(5)  A(1)  E(4)  C(2) 
1643451676 53054.00 || noQ Q (Avg,Max,Min) (1.00, 1.00, 1.00) (0.99, 0.91, 1.00) #fs:   0  -- #Conts: 20 H(8)  G(5)  A(1)  E(4)  C(2) 
1648310060 53046.53 || noQ Q (Avg,Max,Min) (1.00, 1.00, 1.00) (0.97, 0.71, 1.00) #fs:   0  -- #Conts: 22 H(8)  G(4)  A(2)  E(6)  C(2) 
1649573486 53043.82 || noQ Q (Avg,Max,Min) (1.00, 1.00, 1.00) (0.97, 0.71, 1.00) #fs:   0  -- #Conts: 23 H(8)  G(4)  A(2)  E(6)  C(3) 
1663202345 53043.12 || noQ Q (Avg,Max,Min) (1.00, 1.00, 1.00) (0.98, 0.91, 1.00) #fs:   0  -- #Conts: 23 H(8)  G(4)  A(4)  E(5)  C(2) 
1693221593 51956.18 || noQ Q (Avg,Max,Min) (1.00, 1.00, 1.00) (0.98, 0.86, 1.00) #fs:   0  -- #Conts: 18 H(7)  G(5)  A(1)  E(4)  C(1) 
1693329664 51954.18 || noQ Q (Avg,Max,Min) (1.00, 1.00, 1.00) (0.98, 0.88, 1.00) #fs:   0  -- #Conts: 18 H(7)  G(5)  A(1)  E(4)  C(1) 
1693538991 51948.18 || noQ Q (Avg,Max,Min) (1.00, 1.00, 1.00) (0.98, 0.90, 1.00) #fs:   1  -- #Conts: 18 H(7)  G(5)  A(1)  E(4)  C(1) 
1694055525 51945.18 || noQ Q (Avg,Max,Min) (1.00, 1.00, 1.00) (0.99, 0.93, 1.00) #fs:   0  -- #Conts: 18 H(7)  G(5)  A(1)  E(4)  C(1) 
1694312112 51943.18 || noQ Q (Avg,Max,Min) (1.00, 1.00, 1.00) (0.99, 0.93, 1.00) #fs:   2  -- #Conts: 18 H(7)  G(5)  A(1)  E(4)  C(1) 
1694315487 51942.18 || noQ Q (Avg,Max,Min) (1.00, 1.00, 1.00) (0.99, 0.93, 1.00) #fs:   1  -- #Conts: 18 H(7)  G(5)  A(1)  E(4)  C(1) 
1694328993 51940.18 || noQ Q (Avg,Max,Min) (1.00, 1.00, 1.00) (0.99, 0.93, 1.00) #fs:   1  -- #Conts: 18 H(7)  G(5)  A(1)  E(4)  C(1) 
1695617294 51935.88 || noQ Q (Avg,Max,Min) (1.00, 1.00, 1.00) (0.96, 0.48, 1.00) #fs:   0  -- #Conts: 19 H(7)  G(5)  A(1)  E(5)  C(1) 
1696775317 51935.06 || noQ Q (Avg,Max,Min) (1.00, 1.00, 1.00) (0.91, 0.22, 1.00) #fs:   0  -- #Conts: 20 H(6)  G(5)  A(2)  E(6)  C(1) 
1696880711 51933.18 || noQ Q (Avg,Max,Min) (1.00, 1.00, 1.00) (0.98, 0.83, 1.00) #fs:   0  -- #Conts: 19 H(7)  G(5)  A(1)  E(4)  C(2) 
1698038734 51932.35 || noQ Q (Avg,Max,Min) (1.00, 1.00, 1.00) (0.93, 0.22, 1.00) #fs:   0  -- #Conts: 20 H(6)  G(5)  A(2)  E(5)  C(2) 
1699633573 51931.35 || noQ Q (Avg,Max,Min) (1.00, 1.00, 1.00) (0.97, 0.74, 1.00) #fs:   0  -- #Conts: 19 H(6)  G(5)  A(1)  E(5)  C(2) 
1717458394 51930.65 || noQ Q (Avg,Max,Min) (1.00, 1.00, 1.00) (0.98, 0.83, 1.00) #fs:   0  -- #Conts: 19 H(6)  G(5)  A(2)  E(4)  C(2) 
1724867335 51920.94 || noQ Q (Avg,Max,Min) (1.00, 1.00, 0.96) (0.95, 0.31, 1.00) #fs:   1  -- #Conts: 21 H(7)  G(5)  A(2)  E(6)  C(1) 
1725615389 51905.18 || noQ Q (Avg,Max,Min) (1.00, 1.00, 1.00) (0.96, 0.53, 1.00) #fs:   0  -- #Conts: 21 H(6)  G(6)  A(2)  E(6)  C(1) 
1726276719 51902.82 || noQ Q (Avg,Max,Min) (1.00, 1.00, 1.00) (0.98, 0.93, 1.00) #fs:   0  -- #Conts: 20 H(6)  G(5)  A(2)  E(6)  C(1) 
1727417327 51900.12 || noQ Q (Avg,Max,Min) (1.00, 1.00, 1.00) (0.98, 0.83, 1.00) #fs:   0  -- #Conts: 21 H(6)  G(5)  A(2)  E(6)  C(2) 
1743405954 51899.41 || noQ Q (Avg,Max,Min) (1.00, 1.00, 1.00) (0.98, 0.91, 1.00) #fs:   0  -- #Conts: 22 H(6)  G(5)  A(4)  E(6)  C(1) 
1864374580 51708.06 || noQ Q (Avg,Max,Min) (1.00, 1.00, 1.00) (0.99, 0.94, 1.00) #fs:   0  -- #Conts: 17 H(6)  G(3)  A(2)  E(4)  C(2) 
1866577378 51705.76 || noQ Q (Avg,Max,Min) (1.00, 1.00, 1.00) (0.97, 0.71, 1.00) #fs:   0  -- #Conts: 18 H(6)  G(3)  A(2)  E(5)  C(2) 
1883706597 51705.06 || noQ Q (Avg,Max,Min) (1.00, 1.00, 1.00) (0.98, 0.91, 1.00) #fs:   0  -- #Conts: 18 H(6)  G(3)  A(3)  E(4)  C(2) 
1916116122 51507.12 || noQ Q (Avg,Max,Min) (1.00, 1.00, 1.00) (0.94, 0.14, 1.00) #fs:   1  -- #Conts: 17 H(6)  G(2)  A(3)  E(4)  C(2) 
1916809466 51506.12 || noQ Q (Avg,Max,Min) (1.00, 1.00, 1.00) (0.99, 0.96, 1.00) #fs:   1  -- #Conts: 16 H(6)  G(2)  A(2)  E(4)  C(2) 
1918291912 51503.12 || noQ Q (Avg,Max,Min) (1.00, 1.00, 1.00) (0.97, 0.71, 1.00) #fs:   0  -- #Conts: 17 H(6)  G(2)  A(2)  E(5)  C(2) 
1919530424 51502.12 || noQ Q (Avg,Max,Min) (1.00, 1.00, 1.00) (0.97, 0.71, 1.00) #fs:   0  -- #Conts: 17 H(6)  G(2)  A(1)  E(5)  C(3) 
1935522414 51501.41 || noQ Q (Avg,Max,Min) (1.00, 1.00, 1.00) (0.99, 0.91, 1.00) #fs:   0  -- #Conts: 17 H(6)  G(2)  A(3)  E(4)  C(2) 
1985657157 51387.06 || noQ Q (Avg,Max,Min) (1.00, 1.00, 0.94) (0.99, 0.87, 1.00) #fs:   1  -- #Conts: 17 H(6)  G(3)  A(2)  E(4)  C(2) 
1986106185 51383.06 || noQ Q (Avg,Max,Min) (0.99, 1.00, 0.90) (0.99, 0.83, 1.00) #fs:   1  -- #Conts: 17 H(6)  G(3)  A(2)  E(4)  C(2) 
1989216636 51382.76 || noQ Q (Avg,Max,Min) (1.00, 1.00, 1.00) (0.97, 0.71, 1.00) #fs:   0  -- #Conts: 18 H(6)  G(3)  A(1)  E(5)  C(3) 
1989260524 51381.76 || noQ Q (Avg,Max,Min) (1.00, 1.00, 1.00) (0.97, 0.71, 1.00) #fs:   0  -- #Conts: 18 H(6)  G(3)  A(1)  E(5)  C(3) 
1991979629 51381.47 || noQ Q (Avg,Max,Min) (1.00, 1.00, 1.00) (0.96, 0.73, 1.00) #fs:   0  -- #Conts: 19 H(6)  G(3)  A(1)  E(6)  C(3) 
2002728170 51250.65 || noQ Q (Avg,Max,Min) (1.00, 1.00, 1.00) (0.83, 0.12, 1.00) #fs:   0  -- #Conts: 20 H(9)  G(3)  A(2)  E(4)  C(2) 
2002772193 51219.12 || noQ Q (Avg,Max,Min) (1.00, 1.00, 1.00) (0.88, 0.18, 1.00) #fs:   0  -- #Conts: 19 H(8)  G(3)  A(2)  E(4)  C(2) 
2002953505 51203.35 || noQ Q (Avg,Max,Min) (1.00, 1.00, 1.00) (0.88, 0.22, 1.00) #fs:   0  -- #Conts: 19 H(7)  G(4)  A(2)  E(4)  C(2) 
2003008162 51177.82 || noQ Q (Avg,Max,Min) (1.00, 1.00, 1.00) (0.91, 0.22, 1.00) #fs:   0  -- #Conts: 19 H(6)  G(4)  A(2)  E(4)  C(3) 
2003054461 51176.82 || noQ Q (Avg,Max,Min) (1.00, 1.00, 1.00) (0.95, 0.32, 1.00) #fs:   0  -- #Conts: 18 H(6)  G(4)  A(1)  E(4)  C(3) 
2003748811 51172.82 || noQ Q (Avg,Max,Min) (1.00, 1.00, 1.00) (0.97, 0.53, 1.00) #fs:   0  -- #Conts: 17 H(6)  G(4)  A(1)  E(4)  C(2) 
2003795110 51169.82 || noQ Q (Avg,Max,Min) (1.00, 1.00, 1.00) (0.97, 0.54, 1.00) #fs:   0  -- #Conts: 17 H(6)  G(4)  A(1)  E(4)  C(2) 
2005357143 51167.47 || noQ Q (Avg,Max,Min) (1.00, 1.00, 0.99) (0.97, 0.48, 1.00) #fs:   1  -- #Conts: 17 H(6)  G(3)  A(1)  E(5)  C(2) 
2006435334 51167.18 || noQ Q (Avg,Max,Min) (1.00, 1.00, 1.00) (0.94, 0.48, 1.00) #fs:   0  -- #Conts: 19 H(6)  G(3)  A(1)  E(7)  C(2) 
2006620560 51164.76 || noQ Q (Avg,Max,Min) (1.00, 1.00, 0.99) (0.99, 0.83, 1.00) #fs:   1  -- #Conts: 17 H(6)  G(3)  A(1)  E(4)  C(3) 
2006909861 51164.47 || noQ Q (Avg,Max,Min) (1.00, 1.00, 1.00) (0.96, 0.71, 1.00) #fs:   0  -- #Conts: 19 H(6)  G(3)  A(1)  E(6)  C(3) 
2021539376 51164.06 || noQ Q (Avg,Max,Min) (1.00, 1.00, 1.00) (0.99, 0.91, 1.00) #fs:   0  -- #Conts: 18 H(6)  G(3)  A(3)  E(4)  C(2) 
2023564553 51163.76 || noQ Q (Avg,Max,Min) (1.00, 1.00, 1.00) (0.97, 0.73, 1.00) #fs:   0  -- #Conts: 19 H(6)  G(3)  A(3)  E(5)  C(2) 
2023642166 51163.06 || noQ Q (Avg,Max,Min) (1.00, 1.00, 1.00) (0.99, 0.91, 1.00) #fs:   0  -- #Conts: 19 H(6)  G(3)  A(4)  E(4)  C(2) 
2039834951 50808.76 || noQ Q (Avg,Max,Min) (1.00, 1.00, 1.00) (0.99, 0.92, 1.00) #fs:   0  -- #Conts: 16 H(5)  G(3)  A(2)  E(4)  C(2) 
2040283979 50804.76 || noQ Q (Avg,Max,Min) (1.00, 1.00, 1.00) (0.99, 0.96, 1.00) #fs:   0  -- #Conts: 15 H(5)  G(3)  A(1)  E(4)  C(2) 
2040516915 50802.06 || noQ Q (Avg,Max,Min) (1.00, 1.00, 1.00) (0.99, 0.92, 1.00) #fs:   0  -- #Conts: 16 H(5)  G(3)  A(2)  E(4)  C(2) 
2040614834 50801.76 || noQ Q (Avg,Max,Min) (1.00, 1.00, 1.00) (0.99, 0.96, 1.00) #fs:   0  -- #Conts: 15 H(5)  G(3)  A(1)  E(4)  C(2) 
2040699237 50800.76 || noQ Q (Avg,Max,Min) (1.00, 1.00, 1.00) (0.99, 0.96, 1.00) #fs:   0  -- #Conts: 15 H(5)  G(3)  A(1)  E(4)  C(2) 
2043272743 50800.06 || noQ Q (Avg,Max,Min) (1.00, 1.00, 1.00) (0.94, 0.22, 1.00) #fs:   0  -- #Conts: 17 H(5)  G(3)  A(2)  E(4)  C(3) 
2053573698 50799.06 || noQ Q (Avg,Max,Min) (1.00, 1.00, 1.00) (0.99, 0.96, 1.00) #fs:   0  -- #Conts: 16 H(5)  G(3)  A(2)  E(4)  C(2) 
2135815398 50366.59 || noQ Q (Avg,Max,Min) (0.99, 1.00, 0.89) (0.89, 0.14, 1.00) #fs:   2  -- #Conts: 19 H(6)  G(4)  A(2)  E(5)  C(2) 
2136135905 50335.06 || noQ Q (Avg,Max,Min) (0.99, 1.00, 0.89) (0.90, 0.14, 1.00) #fs:   1  -- #Conts: 19 H(6)  G(4)  A(2)  E(5)  C(2) 
2136316851 50332.06 || noQ Q (Avg,Max,Min) (0.99, 1.00, 0.88) (0.90, 0.14, 1.00) #fs:   2  -- #Conts: 19 H(6)  G(4)  A(2)  E(5)  C(2) 
2136656662 50300.53 || noQ Q (Avg,Max,Min) (0.99, 1.00, 0.80) (0.92, 0.14, 1.00) #fs:   1  -- #Conts: 19 H(6)  G(4)  A(2)  E(5)  C(2) 
2137657658 50293.47 || noQ Q (Avg,Max,Min) (1.00, 1.00, 1.00) (0.96, 0.48, 1.00) #fs:   0  -- #Conts: 18 H(6)  G(3)  A(1)  E(6)  C(2) 
2137779183 50290.47 || noQ Q (Avg,Max,Min) (1.00, 1.00, 1.00) (0.97, 0.76, 1.00) #fs:   0  -- #Conts: 18 H(6)  G(3)  A(1)  E(6)  C(2) 
2138323067 50288.47 || noQ Q (Avg,Max,Min) (0.97, 1.00, 0.49) (0.94, 0.36, 1.00) #fs:   1  -- #Conts: 19 H(6)  G(3)  A(2)  E(6)  C(2) 
2138352014 50287.47 || noQ Q (Avg,Max,Min) (0.99, 1.00, 0.85) (0.97, 0.76, 1.00) #fs:   1  -- #Conts: 18 H(6)  G(3)  A(1)  E(6)  C(2) 
2139983777 50283.35 || noQ Q (Avg,Max,Min) (1.00, 1.00, 0.99) (0.96, 0.53, 1.00) #fs:   1  -- #Conts: 17 H(5)  G(5)  A(1)  E(4)  C(2) 
2140151542 50271.59 || noQ Q (Avg,Max,Min) (1.00, 1.00, 1.00) (0.95, 0.32, 1.00) #fs:   0  -- #Conts: 18 H(4)  G(7)  A(1)  E(4)  C(2) 
2141001864 50262.53 || noQ Q (Avg,Max,Min) (1.00, 1.00, 1.00) (0.96, 0.48, 1.00) #fs:   0  -- #Conts: 18 H(4)  G(6)  A(1)  E(5)  C(2) 
2141175670 50255.82 || noQ Q (Avg,Max,Min) (1.00, 1.00, 1.00) (0.98, 0.91, 1.00) #fs:   0  -- #Conts: 17 H(4)  G(6)  A(1)  E(4)  C(2) 
2143497746 50253.53 || noQ Q (Avg,Max,Min) (1.00, 1.00, 0.99) (0.96, 0.73, 1.00) #fs:   1  -- #Conts: 19 H(4)  G(6)  A(1)  E(5)  C(3) 
2144990575 50252.53 || noQ Q (Avg,Max,Min) (1.00, 1.00, 1.00) (0.96, 0.71, 1.00) #fs:   1  -- #Conts: 19 H(4)  G(6)  A(1)  E(5)  C(3) 
2159984641 50251.82 || noQ Q (Avg,Max,Min) (1.00, 1.00, 1.00) (0.98, 0.91, 1.00) #fs:   1  -- #Conts: 19 H(4)  G(6)  A(3)  E(4)  C(2) 
2176500718 50251.35 || noQ Q (Avg,Max,Min) (1.00, 1.00, 1.00) (0.97, 0.83, 1.00) #fs:   0  -- #Conts: 20 H(4)  G(4)  A(3)  E(6)  C(3) 
2269418403 48196.29 || noQ Q (Avg,Max,Min) (1.00, 1.00, 1.00) (0.99, 0.92, 1.00) #fs:   0  -- #Conts: 16 H(3)  G(7)  A(2)  E(3)  C(1) 
2269674985 48194.29 || noQ Q (Avg,Max,Min) (1.00, 1.00, 1.00) (0.99, 0.92, 1.00) #fs:   0  -- #Conts: 16 H(3)  G(7)  A(2)  E(3)  C(1) 
2270083487 48190.29 || noQ Q (Avg,Max,Min) (1.00, 1.00, 1.00) (0.99, 0.94, 1.00) #fs:   0  -- #Conts: 16 H(3)  G(7)  A(2)  E(3)  C(1) 
2270120638 48189.29 || noQ Q (Avg,Max,Min) (1.00, 1.00, 1.00) (0.99, 0.92, 1.00) #fs:   0  -- #Conts: 16 H(3)  G(7)  A(2)  E(3)  C(1) 
2270340084 48188.29 || noQ Q (Avg,Max,Min) (1.00, 1.00, 1.00) (0.99, 0.94, 1.00) #fs:   0  -- #Conts: 16 H(3)  G(7)  A(2)  E(3)  C(1) 
2270350216 48187.29 || noQ Q (Avg,Max,Min) (1.00, 1.00, 1.00) (0.99, 0.92, 1.00) #fs:   0  -- #Conts: 16 H(3)  G(7)  A(2)  E(3)  C(1) 
2270387353 48186.29 || noQ Q (Avg,Max,Min) (1.00, 1.00, 1.00) (0.99, 0.91, 1.00) #fs:   0  -- #Conts: 16 H(3)  G(7)  A(2)  E(3)  C(1) 
2270643941 48185.29 || noQ Q (Avg,Max,Min) (1.00, 1.00, 1.00) (0.99, 0.91, 1.00) #fs:   0  -- #Conts: 16 H(3)  G(7)  A(2)  E(3)  C(1) 
2270684455 48184.29 || noQ Q (Avg,Max,Min) (1.00, 1.00, 1.00) (0.99, 0.92, 1.00) #fs:   0  -- #Conts: 16 H(3)  G(7)  A(2)  E(3)  C(1) 
2270785737 48183.29 || noQ Q (Avg,Max,Min) (1.00, 1.00, 1.00) (0.99, 0.94, 1.00) #fs:   0  -- #Conts: 16 H(3)  G(7)  A(2)  E(3)  C(1) 
2270947793 48182.29 || noQ Q (Avg,Max,Min) (1.00, 1.00, 1.00) (0.99, 0.91, 1.00) #fs:   0  -- #Conts: 16 H(3)  G(7)  A(2)  E(3)  C(1) 
2271015315 48181.29 || noQ Q (Avg,Max,Min) (1.00, 1.00, 1.00) (0.99, 0.94, 1.00) #fs:   0  -- #Conts: 16 H(3)  G(7)  A(2)  E(3)  C(1) 
2271052454 48180.29 || noQ Q (Avg,Max,Min) (1.00, 1.00, 1.00) (1.00, 0.97, 1.00) #fs:   0  -- #Conts: 15 H(3)  G(7)  A(1)  E(3)  C(1) 
2271282032 48179.29 || noQ Q (Avg,Max,Min) (1.00, 1.00, 1.00) (0.99, 0.91, 1.00) #fs:   0  -- #Conts: 16 H(3)  G(7)  A(2)  E(3)  C(1) 
2271349554 48178.29 || noQ Q (Avg,Max,Min) (1.00, 1.00, 1.00) (0.99, 0.94, 1.00) #fs:   0  -- #Conts: 16 H(3)  G(7)  A(2)  E(3)  C(1) 
2271467719 48177.29 || noQ Q (Avg,Max,Min) (1.00, 1.00, 1.00) (1.00, 0.97, 1.00) #fs:   0  -- #Conts: 15 H(3)  G(7)  A(1)  E(3)  C(1) 
2271612894 48176.29 || noQ Q (Avg,Max,Min) (1.00, 1.00, 1.00) (1.00, 0.97, 1.00) #fs:   0  -- #Conts: 15 H(3)  G(7)  A(1)  E(3)  C(1) 
2271697297 48175.29 || noQ Q (Avg,Max,Min) (1.00, 1.00, 1.00) (1.00, 0.97, 1.00) #fs:   0  -- #Conts: 15 H(3)  G(7)  A(1)  E(3)  C(1) 
2271801958 48174.29 || noQ Q (Avg,Max,Min) (1.00, 1.00, 1.00) (1.00, 0.97, 1.00) #fs:   0  -- #Conts: 15 H(3)  G(7)  A(1)  E(3)  C(1) 
2271947133 48173.29 || noQ Q (Avg,Max,Min) (1.00, 1.00, 1.00) (1.00, 0.97, 1.00) #fs:   0  -- #Conts: 15 H(3)  G(7)  A(1)  E(3)  C(1) 
2272031536 48172.29 || noQ Q (Avg,Max,Min) (1.00, 1.00, 1.00) (1.00, 0.97, 1.00) #fs:   0  -- #Conts: 15 H(3)  G(7)  A(1)  E(3)  C(1) 
2272163206 48171.29 || noQ Q (Avg,Max,Min) (1.00, 1.00, 1.00) (1.00, 0.97, 1.00) #fs:   0  -- #Conts: 15 H(3)  G(7)  A(1)  E(3)  C(1) 
2272308381 48170.29 || noQ Q (Avg,Max,Min) (1.00, 1.00, 1.00) (1.00, 0.97, 1.00) #fs:   0  -- #Conts: 15 H(3)  G(7)  A(1)  E(3)  C(1) 
2272392784 48169.29 || noQ Q (Avg,Max,Min) (1.00, 1.00, 1.00) (1.00, 0.97, 1.00) #fs:   0  -- #Conts: 15 H(3)  G(7)  A(1)  E(3)  C(1) 
2290173454 48054.88 || noQ Q (Avg,Max,Min) (1.00, 1.00, 1.00) (0.97, 0.71, 1.00) #fs:   0  -- #Conts: 16 H(3)  G(6)  A(2)  E(4)  C(1) 
2290622482 48050.88 || noQ Q (Avg,Max,Min) (1.00, 1.00, 1.00) (0.94, 0.36, 1.00) #fs:   0  -- #Conts: 16 H(3)  G(6)  A(2)  E(4)  C(1) 
2293614766 48049.88 || noQ Q (Avg,Max,Min) (1.00, 1.00, 1.00) (0.97, 0.71, 1.00) #fs:   0  -- #Conts: 16 H(3)  G(6)  A(1)  E(4)  C(2) 
2293773447 48048.88 || noQ Q (Avg,Max,Min) (1.00, 1.00, 1.00) (0.97, 0.71, 1.00) #fs:   0  -- #Conts: 16 H(3)  G(6)  A(1)  E(4)  C(2) 
2295810567 48047.88 || noQ Q (Avg,Max,Min) (1.00, 1.00, 1.00) (0.97, 0.74, 1.00) #fs:   0  -- #Conts: 16 H(3)  G(6)  A(1)  E(4)  C(2) 
2313635388 48047.18 || noQ Q (Avg,Max,Min) (1.00, 1.00, 1.00) (0.98, 0.83, 1.00) #fs:   0  -- #Conts: 16 H(3)  G(6)  A(2)  E(3)  C(2) 
2512401533 47558.47 || noQ Q (Avg,Max,Min) (1.00, 1.00, 1.00) (0.84, 0.12, 1.00) #fs:   0  -- #Conts: 17 H(4)  G(6)  A(3)  E(3)  C(1) 
2512499573 47526.94 || noQ Q (Avg,Max,Min) (1.00, 1.00, 1.00) (0.90, 0.14, 1.00) #fs:   0  -- #Conts: 16 H(3)  G(6)  A(3)  E(3)  C(1) 
2512525317 47518.18 || noQ Q (Avg,Max,Min) (1.00, 1.00, 1.00) (0.94, 0.14, 1.00) #fs:   0  -- #Conts: 15 H(2)  G(6)  A(3)  E(3)  C(1) 
2513294877 47514.18 || noQ Q (Avg,Max,Min) (1.00, 1.00, 1.00) (0.94, 0.14, 1.00) #fs:   0  -- #Conts: 15 H(2)  G(6)  A(3)  E(3)  C(1) 
2513294879 47511.18 || noQ Q (Avg,Max,Min) (1.00, 1.00, 1.00) (0.91, 0.14, 1.00) #fs:   0  -- #Conts: 16 H(2)  G(7)  A(3)  E(3)  C(1) 
2513890860 47510.18 || noQ Q (Avg,Max,Min) (1.00, 1.00, 1.00) (0.99, 0.94, 1.00) #fs:   0  -- #Conts: 14 H(2)  G(6)  A(2)  E(3)  C(1) 
2513956225 47508.82 || noQ Q (Avg,Max,Min) (1.00, 1.00, 1.00) (0.90, 0.14, 1.00) #fs:   0  -- #Conts: 17 H(2)  G(6)  A(3)  E(5)  C(1) 
2514505927 47507.82 || noQ Q (Avg,Max,Min) (1.00, 1.00, 1.00) (0.94, 0.48, 1.00) #fs:   0  -- #Conts: 16 H(2)  G(6)  A(2)  E(5)  C(1) 
2514951525 47506.12 || noQ Q (Avg,Max,Min) (1.00, 1.00, 1.00) (0.92, 0.14, 1.00) #fs:   0  -- #Conts: 17 H(2)  G(6)  A(3)  E(4)  C(2) 
2514980454 47505.12 || noQ Q (Avg,Max,Min) (1.00, 1.00, 1.00) (0.97, 0.71, 1.00) #fs:   0  -- #Conts: 16 H(2)  G(6)  A(2)  E(4)  C(2) 
2531635146 47504.41 || noQ Q (Avg,Max,Min) (1.00, 1.00, 1.00) (0.98, 0.91, 1.00) #fs:   0  -- #Conts: 16 H(2)  G(6)  A(4)  E(3)  C(1) 
2548124428 47503.71 || noQ Q (Avg,Max,Min) (1.00, 1.00, 1.00) (0.95, 0.71, 1.00) #fs:   0  -- #Conts: 18 H(2)  G(7)  A(1)  E(6)  C(2) 
2558892804 47123.76 || noQ Q (Avg,Max,Min) (1.00, 1.00, 0.99) (0.90, 0.12, 1.00) #fs:   1  -- #Conts: 17 H(5)  G(7)  A(1)  E(3)  C(1) 
2558933346 47122.76 || noQ Q (Avg,Max,Min) (1.00, 1.00, 1.00) (0.90, 0.12, 1.00) #fs:   1  -- #Conts: 17 H(5)  G(7)  A(1)  E(3)  C(1) 
2559007622 47121.76 || noQ Q (Avg,Max,Min) (1.00, 1.00, 1.00) (0.90, 0.12, 1.00) #fs:   1  -- #Conts: 17 H(5)  G(7)  A(1)  E(3)  C(1) 
2559026659 47092.24 || noQ Q (Avg,Max,Min) (1.00, 1.00, 0.99) (0.94, 0.18, 1.00) #fs:   1  -- #Conts: 16 H(4)  G(7)  A(1)  E(3)  C(1) 
2559067226 47091.24 || noQ Q (Avg,Max,Min) (1.00, 1.00, 1.00) (0.94, 0.18, 1.00) #fs:   1  -- #Conts: 16 H(4)  G(7)  A(1)  E(3)  C(1) 
2559141502 47090.24 || noQ Q (Avg,Max,Min) (1.00, 1.00, 1.00) (0.94, 0.18, 1.00) #fs:   1  -- #Conts: 16 H(4)  G(7)  A(1)  E(3)  C(1) 
2559161688 47076.47 || noQ Q (Avg,Max,Min) (1.00, 1.00, 0.99) (0.95, 0.32, 1.00) #fs:   1  -- #Conts: 16 H(3)  G(8)  A(1)  E(3)  C(1) 
2559354202 47073.47 || noQ Q (Avg,Max,Min) (1.00, 1.00, 1.00) (0.95, 0.32, 1.00) #fs:   1  -- #Conts: 16 H(3)  G(8)  A(1)  E(3)  C(1) 
2559547416 47069.47 || noQ Q (Avg,Max,Min) (1.00, 1.00, 1.00) (0.95, 0.32, 1.00) #fs:   0  -- #Conts: 16 H(3)  G(8)  A(1)  E(3)  C(1) 
2560982969 47064.41 || noQ Q (Avg,Max,Min) (1.00, 1.00, 1.00) (0.96, 0.48, 1.00) #fs:   0  -- #Conts: 16 H(3)  G(7)  A(1)  E(4)  C(1) 
2560999847 47063.41 || noQ Q (Avg,Max,Min) (1.00, 1.00, 1.00) (0.96, 0.48, 1.00) #fs:   0  -- #Conts: 16 H(3)  G(7)  A(1)  E(4)  C(1) 
2562246386 47061.71 || noQ Q (Avg,Max,Min) (1.00, 1.00, 1.00) (0.99, 0.83, 1.00) #fs:   0  -- #Conts: 16 H(3)  G(7)  A(1)  E(3)  C(2) 
2562263264 47060.71 || noQ Q (Avg,Max,Min) (1.00, 1.00, 1.00) (0.99, 0.83, 1.00) #fs:   0  -- #Conts: 16 H(3)  G(7)  A(1)  E(3)  C(2) 
2565382749 47046.29 || noQ Q (Avg,Max,Min) (1.00, 1.00, 1.00) (0.94, 0.36, 1.00) #fs:   0  -- #Conts: 17 H(2)  G(7)  A(3)  E(4)  C(1) 
2566152309 47042.29 || noQ Q (Avg,Max,Min) (1.00, 1.00, 1.00) (0.94, 0.36, 1.00) #fs:   0  -- #Conts: 16 H(2)  G(7)  A(2)  E(4)  C(1) 
2566545751 47041.29 || noQ Q (Avg,Max,Min) (0.96, 1.00, 0.36) (0.94, 0.29, 1.00) #fs:   1  -- #Conts: 16 H(2)  G(7)  A(2)  E(4)  C(1) 
2566551537 47039.59 || noQ Q (Avg,Max,Min) (1.00, 1.00, 1.00) (0.95, 0.36, 1.00) #fs:   0  -- #Conts: 16 H(2)  G(7)  A(3)  E(3)  C(1) 
2566626758 47038.59 || noQ Q (Avg,Max,Min) (1.00, 1.00, 1.00) (0.99, 0.92, 1.00) #fs:   0  -- #Conts: 15 H(2)  G(7)  A(2)  E(3)  C(1) 
2590783166 47035.76 || noQ Q (Avg,Max,Min) (1.00, 1.00, 1.00) (0.93, 0.22, 1.00) #fs:   0  -- #Conts: 18 H(2)  G(6)  A(3)  E(6)  C(1) 
2590952803 47034.76 || noQ Q (Avg,Max,Min) (1.00, 1.00, 1.00) (0.98, 0.71, 1.00) #fs:   0  -- #Conts: 17 H(2)  G(6)  A(2)  E(6)  C(1) 
2601830971 47034.06 || noQ Q (Avg,Max,Min) (1.00, 1.00, 1.00) (0.99, 0.92, 1.00) #fs:   0  -- #Conts: 17 H(2)  G(6)  A(3)  E(5)  C(1) 
2603615423 46494.00 || noQ Q (Avg,Max,Min) (1.00, 1.00, 1.00) (0.93, 0.12, 1.00) #fs:   0  -- #Conts: 16 H(2)  G(7)  A(1)  E(5)  C(1) 
2603935953 46462.47 || noQ Q (Avg,Max,Min) (1.00, 1.00, 1.00) (0.98, 0.71, 1.00) #fs:   0  -- #Conts: 15 H(1)  G(7)  A(1)  E(5)  C(1) 
2604375697 46459.76 || noQ Q (Avg,Max,Min) (1.00, 1.00, 1.00) (0.99, 0.91, 1.00) #fs:   0  -- #Conts: 15 H(1)  G(7)  A(2)  E(4)  C(1) 
2605075811 46455.76 || noQ Q (Avg,Max,Min) (1.00, 1.00, 1.00) (1.00, 0.98, 1.00) #fs:   0  -- #Conts: 14 H(1)  G(7)  A(1)  E(4)  C(1) 
2605104742 46455.06 || noQ Q (Avg,Max,Min) (1.00, 1.00, 1.00) (0.99, 0.91, 1.00) #fs:   0  -- #Conts: 15 H(1)  G(7)  A(2)  E(4)  C(1) 
2605469271 46454.76 || noQ Q (Avg,Max,Min) (1.00, 1.00, 1.00) (0.95, 0.22, 1.00) #fs:   0  -- #Conts: 15 H(1)  G(7)  A(2)  E(4)  C(1) 
2605498202 46453.06 || noQ Q (Avg,Max,Min) (1.00, 1.00, 1.00) (1.00, 0.95, 1.00) #fs:   0  -- #Conts: 15 H(1)  G(7)  A(2)  E(4)  C(1) 
2605990029 46451.06 || noQ Q (Avg,Max,Min) (1.00, 1.00, 0.98) (1.00, 0.95, 1.00) #fs:   1  -- #Conts: 15 H(1)  G(7)  A(2)  E(4)  C(1) 
2606117331 46450.06 || noQ Q (Avg,Max,Min) (1.00, 1.00, 0.97) (1.00, 0.95, 1.00) #fs:   1  -- #Conts: 15 H(1)  G(7)  A(2)  E(4)  C(1) 
2606244617 46449.06 || noQ Q (Avg,Max,Min) (1.00, 1.00, 1.00) (1.00, 0.98, 1.00) #fs:   0  -- #Conts: 14 H(1)  G(7)  A(1)  E(4)  C(1) 
2628437669 46415.12 || noQ Q (Avg,Max,Min) (1.00, 1.00, 1.00) (0.85, 0.12, 1.00) #fs:   0  -- #Conts: 18 H(3)  G(9)  A(1)  E(4)  C(1) 
2628567618 46399.35 || noQ Q (Avg,Max,Min) (1.00, 1.00, 1.00) (0.89, 0.18, 1.00) #fs:   0  -- #Conts: 17 H(2)  G(9)  A(1)  E(4)  C(1) 
2628567643 46383.59 || noQ Q (Avg,Max,Min) (1.00, 1.00, 1.00) (0.89, 0.18, 1.00) #fs:   1  -- #Conts: 17 H(2)  G(9)  A(1)  E(4)  C(1) 
2628891699 46367.82 || noQ Q (Avg,Max,Min) (1.00, 1.00, 1.00) (0.93, 0.20, 1.00) #fs:   1  -- #Conts: 16 H(1)  G(9)  A(1)  E(4)  C(1) 
2628891719 46352.06 || noQ Q (Avg,Max,Min) (1.00, 1.00, 1.00) (0.94, 0.32, 1.00) #fs:   1  -- #Conts: 16 H(1)  G(9)  A(1)  E(4)  C(1) 
2629389305 46349.06 || noQ Q (Avg,Max,Min) (1.00, 1.00, 0.97) (0.97, 0.89, 1.00) #fs:   2  -- #Conts: 15 G(9)  A(1)  E(4)  C(1) 
2629533686 46343.00 || noQ Q (Avg,Max,Min) (1.00, 1.00, 1.00) (0.95, 0.48, 1.00) #fs:   0  -- #Conts: 16 G(9)  A(1)  E(5)  C(1) 
2629562617 46340.00 || noQ Q (Avg,Max,Min) (1.00, 1.00, 1.00) (0.95, 0.48, 1.00) #fs:   1  -- #Conts: 16 G(9)  A(1)  E(5)  C(1) 
2629661259 46336.29 || noQ Q (Avg,Max,Min) (1.00, 1.00, 1.00) (0.98, 0.91, 1.00) #fs:   0  -- #Conts: 15 G(9)  A(1)  E(4)  C(1) 
2629690161 46333.29 || noQ Q (Avg,Max,Min) (1.00, 1.00, 1.00) (0.98, 0.91, 1.00) #fs:   1  -- #Conts: 15 G(9)  A(1)  E(4)  C(1) 
2630351507 46330.94 || noQ Q (Avg,Max,Min) (1.00, 1.00, 1.00) (0.94, 0.48, 1.00) #fs:   0  -- #Conts: 17 G(9)  A(1)  E(6)  C(1) 
2630826034 46328.24 || noQ Q (Avg,Max,Min) (1.00, 1.00, 1.00) (0.96, 0.71, 1.00) #fs:   0  -- #Conts: 17 G(9)  A(1)  E(5)  C(2) 
2647480726 46327.53 || noQ Q (Avg,Max,Min) (1.00, 1.00, 1.00) (0.98, 0.91, 1.00) #fs:   0  -- #Conts: 17 G(9)  A(3)  E(4)  C(1) 
2651979232 46320.59 || noQ Q (Avg,Max,Min) (1.00, 1.00, 1.00) (0.97, 0.83, 1.00) #fs:   0  -- #Conts: 17 G(7)  A(1)  E(7)  C(2) 
2667156929 46319.88 || noQ Q (Avg,Max,Min) (1.00, 1.00, 1.00) (0.98, 0.91, 1.00) #fs:   0  -- #Conts: 18 G(7)  A(3)  E(7)  C(1) 
2669543211 46319.18 || noQ Q (Avg,Max,Min) (1.00, 1.00, 1.00) (0.98, 0.91, 1.00) #fs:   0  -- #Conts: 19 G(7)  A(4)  E(7)  C(1) 
2907084022 20107.94 || noQ Q (Avg,Max,Min) (1.00, 1.00, 1.00) (0.99, 0.91, 1.00) #fs:   0  -- #Conts: 19 H(3)  A(7)  G(3)  E(4)  C(2) 
2907340604 20105.94 || noQ Q (Avg,Max,Min) (1.00, 1.00, 1.00) (0.99, 0.91, 1.00) #fs:   0  -- #Conts: 19 H(3)  A(7)  G(3)  E(4)  C(2) 
2907749119 20101.94 || noQ Q (Avg,Max,Min) (1.00, 1.00, 1.00) (0.99, 0.91, 1.00) #fs:   0  -- #Conts: 19 H(3)  A(7)  G(3)  E(4)  C(2) 
2907978697 20099.94 || noQ Q (Avg,Max,Min) (1.00, 1.00, 1.00) (0.99, 0.91, 1.00) #fs:   0  -- #Conts: 19 H(3)  A(7)  G(3)  E(4)  C(2) 
2908036097 20098.94 || noQ Q (Avg,Max,Min) (1.00, 1.00, 1.00) (0.99, 0.91, 1.00) #fs:   0  -- #Conts: 19 H(3)  A(7)  G(3)  E(4)  C(2) 
2908292692 20096.94 || noQ Q (Avg,Max,Min) (1.00, 1.00, 1.00) (0.99, 0.91, 1.00) #fs:   0  -- #Conts: 19 H(3)  A(7)  G(3)  E(4)  C(2) 
2908414218 20095.94 || noQ Q (Avg,Max,Min) (1.00, 1.00, 1.00) (0.99, 0.91, 1.00) #fs:   0  -- #Conts: 19 H(3)  A(7)  G(3)  E(4)  C(2) 
2908596546 20094.94 || noQ Q (Avg,Max,Min) (1.00, 1.00, 1.00) (0.99, 0.91, 1.00) #fs:   0  -- #Conts: 19 H(3)  A(7)  G(3)  E(4)  C(2) 
2908643796 20093.94 || noQ Q (Avg,Max,Min) (1.00, 1.00, 1.00) (0.99, 0.91, 1.00) #fs:   0  -- #Conts: 19 H(3)  A(7)  G(3)  E(4)  C(2) 
2908718063 20092.94 || noQ Q (Avg,Max,Min) (1.00, 1.00, 1.00) (0.99, 0.91, 1.00) #fs:   0  -- #Conts: 18 H(3)  A(6)  G(3)  E(4)  C(2) 
2908930785 20091.94 || noQ Q (Avg,Max,Min) (1.00, 1.00, 1.00) (0.99, 0.91, 1.00) #fs:   0  -- #Conts: 19 H(3)  A(7)  G(3)  E(4)  C(2) 
2908974658 20090.94 || noQ Q (Avg,Max,Min) (1.00, 1.00, 1.00) (0.99, 0.91, 1.00) #fs:   0  -- #Conts: 18 H(3)  A(6)  G(3)  E(4)  C(2) 
2909096200 20089.94 || noQ Q (Avg,Max,Min) (1.00, 1.00, 1.00) (0.99, 0.91, 1.00) #fs:   0  -- #Conts: 18 H(3)  A(6)  G(3)  E(4)  C(2) 
2909278512 20088.94 || noQ Q (Avg,Max,Min) (1.00, 1.00, 1.00) (0.99, 0.91, 1.00) #fs:   0  -- #Conts: 18 H(3)  A(6)  G(3)  E(4)  C(2) 
2909325778 20087.94 || noQ Q (Avg,Max,Min) (1.00, 1.00, 1.00) (0.99, 0.91, 1.00) #fs:   0  -- #Conts: 18 H(3)  A(6)  G(3)  E(4)  C(2) 
2909457448 20086.94 || noQ Q (Avg,Max,Min) (1.00, 1.00, 1.00) (0.99, 0.91, 1.00) #fs:   0  -- #Conts: 18 H(3)  A(6)  G(3)  E(4)  C(2) 
2909612751 20085.94 || noQ Q (Avg,Max,Min) (1.00, 1.00, 1.00) (0.99, 0.91, 1.00) #fs:   0  -- #Conts: 18 H(3)  A(6)  G(3)  E(4)  C(2) 
2909687026 20084.94 || noQ Q (Avg,Max,Min) (1.00, 1.00, 1.00) (0.99, 0.91, 1.00) #fs:   0  -- #Conts: 18 H(3)  A(6)  G(3)  E(4)  C(2) 
2909828825 20083.94 || noQ Q (Avg,Max,Min) (1.00, 1.00, 1.00) (0.99, 0.91, 1.00) #fs:   0  -- #Conts: 18 H(3)  A(6)  G(3)  E(4)  C(2) 
2909973999 20082.94 || noQ Q (Avg,Max,Min) (1.00, 1.00, 1.00) (0.99, 0.91, 1.00) #fs:   0  -- #Conts: 18 H(3)  A(6)  G(3)  E(4)  C(2) 
2910058403 20081.94 || noQ Q (Avg,Max,Min) (1.00, 1.00, 1.00) (0.99, 0.91, 1.00) #fs:   0  -- #Conts: 18 H(3)  A(6)  G(3)  E(4)  C(2) 
3127248790 19516.88 || noQ Q (Avg,Max,Min) (1.00, 1.00, 1.00) (0.95, 0.19, 1.00) #fs:   0  -- #Conts: 19 H(3)  A(7)  G(3)  E(4)  C(2) 
3127697818 19512.88 || noQ Q (Avg,Max,Min) (1.00, 1.00, 1.00) (0.95, 0.31, 1.00) #fs:   0  -- #Conts: 19 H(3)  A(7)  G(3)  E(4)  C(2) 
3127735612 19501.12 || noQ Q (Avg,Max,Min) (1.00, 1.00, 1.00) (0.99, 0.91, 1.00) #fs:   0  -- #Conts: 18 H(2)  A(7)  G(3)  E(4)  C(2) 
3128505172 19497.12 || noQ Q (Avg,Max,Min) (1.00, 1.00, 1.00) (0.99, 0.91, 1.00) #fs:   0  -- #Conts: 18 H(2)  A(7)  G(3)  E(4)  C(2) 
3128875487 19495.12 || noQ Q (Avg,Max,Min) (1.00, 1.00, 1.00) (0.99, 0.91, 1.00) #fs:   0  -- #Conts: 18 H(2)  A(7)  G(3)  E(4)  C(2) 
3129202837 19492.06 || noQ Q (Avg,Max,Min) (1.00, 1.00, 1.00) (0.97, 0.73, 1.00) #fs:   0  -- #Conts: 19 H(2)  A(7)  G(3)  E(5)  C(2) 
3129645047 19491.12 || noQ Q (Avg,Max,Min) (1.00, 1.00, 1.00) (0.99, 0.91, 1.00) #fs:   0  -- #Conts: 17 H(2)  A(6)  G(3)  E(4)  C(2) 
3169723632 19001.41 || noQ Q (Avg,Max,Min) (1.00, 1.00, 1.00) (0.90, 0.12, 1.00) #fs:   0  -- #Conts: 20 H(3)  A(7)  G(4)  E(4)  C(2) 
3169948967 18969.88 || noQ Q (Avg,Max,Min) (1.00, 1.00, 1.00) (0.95, 0.31, 1.00) #fs:   0  -- #Conts: 19 H(2)  A(7)  G(4)  E(4)  C(2) 
3169974711 18960.12 || noQ Q (Avg,Max,Min) (1.00, 1.00, 1.00) (0.98, 0.91, 1.00) #fs:   0  -- #Conts: 18 H(1)  A(7)  G(4)  E(4)  C(2) 
3170744271 18956.12 || noQ Q (Avg,Max,Min) (1.00, 1.00, 1.00) (0.98, 0.91, 1.00) #fs:   0  -- #Conts: 18 H(1)  A(7)  G(4)  E(4)  C(2) 
3170744273 18954.12 || noQ Q (Avg,Max,Min) (1.00, 1.00, 1.00) (0.96, 0.53, 1.00) #fs:   0  -- #Conts: 19 H(1)  A(7)  G(5)  E(4)  C(2) 
3171405619 18951.76 || noQ Q (Avg,Max,Min) (1.00, 1.00, 1.00) (0.94, 0.48, 1.00) #fs:   0  -- #Conts: 20 H(1)  A(7)  G(4)  E(6)  C(2) 
3171962714 18950.47 || noQ Q (Avg,Max,Min) (1.00, 1.00, 1.00) (0.93, 0.48, 1.00) #fs:   0  -- #Conts: 20 H(1)  A(6)  G(4)  E(7)  C(2) 
3172273624 18949.06 || noQ Q (Avg,Max,Min) (1.00, 1.00, 1.00) (0.96, 0.71, 1.00) #fs:   0  -- #Conts: 20 H(1)  A(7)  G(4)  E(5)  C(3) 
3172765451 18947.76 || noQ Q (Avg,Max,Min) (1.00, 1.00, 1.00) (0.95, 0.71, 1.00) #fs:   0  -- #Conts: 20 H(1)  A(6)  G(4)  E(6)  C(3) 
3174509071 18946.76 || noQ Q (Avg,Max,Min) (1.00, 1.00, 1.00) (0.95, 0.73, 1.00) #fs:   0  -- #Conts: 20 H(1)  A(6)  G(4)  E(6)  C(3) 
3188534838 18946.06 || noQ Q (Avg,Max,Min) (1.00, 1.00, 1.00) (0.97, 0.76, 1.00) #fs:   0  -- #Conts: 20 H(1)  A(8)  G(4)  E(5)  C(2) 
3192333892 18945.35 || noQ Q (Avg,Max,Min) (1.00, 1.00, 1.00) (0.97, 0.83, 1.00) #fs:   0  -- #Conts: 20 H(1)  A(8)  G(4)  E(4)  C(3) 
3241281042 18387.06 || noQ Q (Avg,Max,Min) (1.00, 1.00, 1.00) (0.94, 0.12, 1.00) #fs:   0  -- #Conts: 19 H(1)  A(9)  G(3)  E(4)  C(2) 
3241601572 18355.53 || noQ Q (Avg,Max,Min) (1.00, 1.00, 1.00) (0.98, 0.91, 1.00) #fs:   0  -- #Conts: 18 A(9)  G(3)  E(4)  C(2) 
3606554284 18251.18 || noQ Q (Avg,Max,Min) (1.00, 1.00, 1.00) (0.95, 0.12, 1.00) #fs:   0  -- #Conts: 20 H(1)  A(7)  G(3)  E(7)  C(2) 
3606874814 18235.41 || noQ Q (Avg,Max,Min) (1.00, 1.00, 1.00) (0.99, 0.92, 1.00) #fs:   0  -- #Conts: 19 A(7)  G(3)  E(7)  C(2) 
3607840859 18226.35 || noQ Q (Avg,Max,Min) (1.00, 1.00, 1.00) (0.97, 0.48, 1.00) #fs:   0  -- #Conts: 20 A(7)  G(3)  E(8)  C(2) 
3609104276 18223.65 || noQ Q (Avg,Max,Min) (1.00, 1.00, 1.00) (0.98, 0.83, 1.00) #fs:   0  -- #Conts: 20 A(7)  G(3)  E(7)  C(3) 
3969721394 18223.35 || noQ Q (Avg,Max,Min) (1.00, 1.00, 1.00) (0.94, 0.44, 1.00) #fs:   0  -- #Conts: 21 A(9)  G(3)  E(6)  C(3) 
3985622340 18222.35 || noQ Q (Avg,Max,Min) (1.00, 1.00, 1.00) (0.97, 0.76, 1.00) #fs:   0  -- #Conts: 20 A(9)  G(3)  E(6)  C(2) 
3986122349 18221.65 || noQ Q (Avg,Max,Min) (1.00, 1.00, 1.00) (0.99, 0.91, 1.00) #fs:   0  -- #Conts: 19 A(9)  G(3)  E(5)  C(2) 
4146722042 18109.06 || noQ Q (Avg,Max,Min) (1.00, 1.00, 0.99) (0.94, 0.20, 1.00) #fs:   1  -- #Conts: 19 H(1)  A(8)  G(3)  E(5)  C(2) 
4147171070 18105.06 || noQ Q (Avg,Max,Min) (1.00, 1.00, 1.00) (0.95, 0.32, 1.00) #fs:   1  -- #Conts: 19 H(1)  A(8)  G(3)  E(5)  C(2) 
4147222764 18093.29 || noQ Q (Avg,Max,Min) (1.00, 1.00, 1.00) (0.95, 0.34, 1.00) #fs:   0  -- #Conts: 19 A(8)  G(4)  E(5)  C(2) 
4147992324 18089.29 || noQ Q (Avg,Max,Min) (1.00, 1.00, 1.00) (0.96, 0.55, 1.00) #fs:   0  -- #Conts: 19 A(8)  G(4)  E(5)  C(2) 
4148362639 18087.29 || noQ Q (Avg,Max,Min) (1.00, 1.00, 1.00) (0.97, 0.65, 1.00) #fs:   0  -- #Conts: 19 A(8)  G(4)  E(5)  C(2) 
4148748094 18084.24 || noQ Q (Avg,Max,Min) (1.00, 1.00, 1.00) (0.99, 0.91, 1.00) #fs:   0  -- #Conts: 18 A(8)  G(3)  E(5)  C(2) 
4149132199 18083.29 || noQ Q (Avg,Max,Min) (1.00, 1.00, 1.00) (0.98, 0.87, 1.00) #fs:   0  -- #Conts: 18 A(7)  G(4)  E(5)  C(2) 
4248508075 17983.06 || noQ Q (Avg,Max,Min) (1.00, 1.00, 1.00) (0.88, 0.12, 1.00) #fs:   0  -- #Conts: 20 H(1)  A(7)  G(5)  E(5)  C(2) 
4248828607 17951.53 || noQ Q (Avg,Max,Min) (1.00, 1.00, 0.96) (0.93, 0.32, 1.00) #fs:   1  -- #Conts: 19 A(7)  G(5)  E(5)  C(2) 
4249762266 17949.53 || noQ Q (Avg,Max,Min) (0.98, 1.00, 0.67) (0.93, 0.32, 1.00) #fs:   1  -- #Conts: 19 A(7)  G(5)  E(5)  C(2) 
4249887694 17933.76 || noQ Q (Avg,Max,Min) (1.00, 1.00, 1.00) (0.98, 0.86, 1.00) #fs:   0  -- #Conts: 18 A(7)  G(4)  E(5)  C(2) 
4251739048 17930.41 || noQ Q (Avg,Max,Min) (1.00, 1.00, 1.00) (0.99, 0.91, 1.00) #fs:   0  -- #Conts: 17 A(7)  G(3)  E(5)  C(2) 
4462609671 15140.24 || noQ Q (Avg,Max,Min) (1.00, 1.00, 1.00) (0.95, 0.19, 1.00) #fs:   0  -- #Conts: 18 H(1)  A(9)  G(3)  E(3)  C(2) 
4463058699 15136.24 || noQ Q (Avg,Max,Min) (1.00, 1.00, 1.00) (0.96, 0.31, 1.00) #fs:   0  -- #Conts: 18 H(1)  A(9)  G(3)  E(3)  C(2) 
4463096495 15124.47 || noQ Q (Avg,Max,Min) (1.00, 1.00, 1.00) (0.96, 0.32, 1.00) #fs:   0  -- #Conts: 18 A(9)  G(4)  E(3)  C(2) 
4463866055 15120.47 || noQ Q (Avg,Max,Min) (1.00, 1.00, 1.00) (0.97, 0.54, 1.00) #fs:   0  -- #Conts: 18 A(9)  G(4)  E(3)  C(2) 
4464236370 15118.47 || noQ Q (Avg,Max,Min) (1.00, 1.00, 1.00) (0.98, 0.64, 1.00) #fs:   0  -- #Conts: 18 A(9)  G(4)  E(3)  C(2) 
4464563718 15115.41 || noQ Q (Avg,Max,Min) (1.00, 1.00, 1.00) (0.98, 0.73, 1.00) #fs:   0  -- #Conts: 18 A(9)  G(3)  E(4)  C(2) 
4482927676 15114.71 || noQ Q (Avg,Max,Min) (1.00, 1.00, 1.00) (0.99, 0.92, 1.00) #fs:   0  -- #Conts: 17 A(9)  G(3)  E(3)  C(2) 
4502627676 15113.71 || noQ Q (Avg,Max,Min) (1.00, 1.00, 1.00) (0.99, 0.92, 1.00) #fs:   0  -- #Conts: 17 A(9)  G(3)  E(3)  C(2) 
4573860820 12616.29 || noQ Q (Avg,Max,Min) (1.00, 1.00, 1.00) (0.95, 0.18, 1.00) #fs:   0  -- #Conts: 17 H(1)  A(8)  G(3)  E(3)  C(2) 
4574309848 12612.29 || noQ Q (Avg,Max,Min) (1.00, 1.00, 1.00) (0.96, 0.31, 1.00) #fs:   0  -- #Conts: 17 H(1)  A(8)  G(3)  E(3)  C(2) 
4574335594 12600.53 || noQ Q (Avg,Max,Min) (1.00, 1.00, 1.00) (0.96, 0.32, 1.00) #fs:   0  -- #Conts: 17 A(8)  G(4)  E(3)  C(2) 
4575105154 12596.53 || noQ Q (Avg,Max,Min) (1.00, 1.00, 1.00) (0.97, 0.53, 1.00) #fs:   0  -- #Conts: 17 A(8)  G(4)  E(3)  C(2) 
4575766500 12591.47 || noQ Q (Avg,Max,Min) (1.00, 1.00, 1.00) (0.98, 0.71, 1.00) #fs:   0  -- #Conts: 17 A(8)  G(3)  E(4)  C(2) 
4586397395 9872.18 || noQ Q (Avg,Max,Min) (1.00, 1.00, 1.00) (0.90, 0.12, 1.00) #fs:   0  -- #Conts: 20 H(2)  A(9)  G(3)  E(4)  C(2) 
4586626751 9840.65 || noQ Q (Avg,Max,Min) (1.00, 1.00, 1.00) (0.95, 0.31, 1.00) #fs:   0  -- #Conts: 19 H(1)  A(9)  G(3)  E(4)  C(2) 
4587434107 9824.88 || noQ Q (Avg,Max,Min) (1.00, 1.00, 1.00) (0.96, 0.54, 1.00) #fs:   0  -- #Conts: 19 A(9)  G(4)  E(4)  C(2) 
4588131770 9822.53 || noQ Q (Avg,Max,Min) (1.00, 1.00, 1.00) (0.95, 0.48, 1.00) #fs:   0  -- #Conts: 20 A(9)  G(3)  E(6)  C(2) 
4588573982 9818.18 || noQ Q (Avg,Max,Min) (1.00, 1.00, 1.00) (0.99, 0.86, 1.00) #fs:   0  -- #Conts: 18 A(9)  G(4)  E(3)  C(2) 
4605648348 9818.12 || noQ Q (Avg,Max,Min) (1.00, 1.00, 1.00) (0.98, 0.73, 1.00) #fs:   1  -- #Conts: 18 A(9)  G(3)  E(4)  C(2) 
4605695710 9817.41 || noQ Q (Avg,Max,Min) (1.00, 1.00, 1.00) (0.99, 0.92, 1.00) #fs:   0  -- #Conts: 18 A(10)  G(3)  E(3)  C(2) 
6443116198 8543.71 || noQ Q (Avg,Max,Min) (1.00, 1.00, 1.00) (0.90, 0.12, 1.00) #fs:   2  -- #Conts: 18 H(2)  A(9)  G(1)  E(4)  C(2) 
6443133089 8463.47 || noQ Q (Avg,Max,Min) (1.00, 1.00, 1.00) (0.86, 0.12, 1.00) #fs:   3  -- #Conts: 19 H(3)  A(7)  G(1)  E(6)  C(2) 
6443220608 8447.71 || noQ Q (Avg,Max,Min) (1.00, 1.00, 1.00) (0.86, 0.18, 1.00) #fs:   3  -- #Conts: 19 H(2)  A(7)  G(2)  E(6)  C(2) 
6443565226 8431.94 || noQ Q (Avg,Max,Min) (1.00, 1.00, 1.00) (0.90, 0.19, 1.00) #fs:   3  -- #Conts: 18 H(2)  A(7)  G(1)  E(6)  C(2) 
6443590972 8416.18 || noQ Q (Avg,Max,Min) (1.00, 1.00, 1.00) (0.91, 0.31, 1.00) #fs:   3  -- #Conts: 18 H(1)  A(7)  G(2)  E(6)  C(2) 
6444186651 8407.12 || noQ Q (Avg,Max,Min) (1.00, 1.00, 1.00) (0.89, 0.32, 1.00) #fs:   3  -- #Conts: 19 A(7)  G(3)  E(7)  C(2) 
6444360532 8400.41 || noQ Q (Avg,Max,Min) (1.00, 1.00, 1.00) (0.92, 0.32, 1.00) #fs:   3  -- #Conts: 18 A(7)  G(3)  E(6)  C(2) 
6444759788 8391.35 || noQ Q (Avg,Max,Min) (1.00, 1.00, 1.00) (0.94, 0.48, 1.00) #fs:   3  -- #Conts: 18 A(7)  G(2)  E(7)  C(2) 
6445087136 8389.00 || noQ Q (Avg,Max,Min) (1.00, 1.00, 1.00) (0.93, 0.48, 1.00) #fs:   3  -- #Conts: 19 A(7)  G(1)  E(9)  C(2) 
6445450068 8386.29 || noQ Q (Avg,Max,Min) (1.00, 1.00, 1.00) (0.95, 0.71, 1.00) #fs:   3  -- #Conts: 19 A(7)  G(1)  E(8)  C(3) 
6445529348 8384.65 || noQ Q (Avg,Max,Min) (1.00, 1.00, 1.00) (0.98, 0.86, 1.00) #fs:   3  -- #Conts: 17 A(7)  G(2)  E(6)  C(2) 
6475451095 8384.59 || noQ Q (Avg,Max,Min) (1.00, 1.00, 1.00) (0.97, 0.73, 1.00) #fs:   3  -- #Conts: 17 A(7)  G(1)  E(7)  C(2) 
6475451097 8383.88 || noQ Q (Avg,Max,Min) (1.00, 1.00, 1.00) (0.99, 0.91, 1.00) #fs:   4  -- #Conts: 16 A(7)  G(1)  E(6)  C(2) 
/////////////////size: 288
nodes 97 edges 109
 mulT: 10000 mulD: 1  sumData GB 2
pareto /SIPHT.n.100.0.dax time -> 6112.0
moheft /SIPHT.n.100.0.dax time -> 7662.0
distance from M to C 0.0
distance from P to C 1354.225702606819
distance from C to M 0.0
distance from C to P 733.8196768327845
toCompare: /SIPHT.n.100.0.dax sumDataGB: 2 mulT: 10000 mulD: 1 paretoOptTime_MS: 6112.0 MoheftOptimizationTime_MS: 7662.0 MtoC 0.0 PtoC 1354.225702606819 CtoM 0.0 CtoP 733.8196768327845
