specify -Dflow d,b,mt,md,size
Running /home/vaggelis/jc/MONTAGE.n.50.0.dax mt 50 md: 100 size null
    126423 882.82 || noQ Q (Avg,Max,Min) (1.33, 1.90, 0.84) (0.01, 0.01, 0.07) #fs:  17  -- #Conts: 28 H(28) 
    127094 851.29 || noQ Q (Avg,Max,Min) (1.35, 1.89, 0.93) (0.01, 0.01, 0.07) #fs:  15  -- #Conts: 27 H(27) 
    138587 835.53 || noQ Q (Avg,Max,Min) (1.31, 1.73, 0.82) (0.01, 0.01, 0.07) #fs:  16  -- #Conts: 27 H(26)  G(1) 
    138676 819.76 || noQ Q (Avg,Max,Min) (1.30, 1.73, 0.82) (0.01, 0.01, 0.07) #fs:  16  -- #Conts: 27 H(25)  G(2) 
    138732 804.00 || noQ Q (Avg,Max,Min) (1.29, 1.73, 0.82) (0.01, 0.01, 0.07) #fs:  16  -- #Conts: 27 H(24)  G(3) 
    138735 788.24 || noQ Q (Avg,Max,Min) (1.28, 1.73, 0.82) (0.01, 0.01, 0.07) #fs:  16  -- #Conts: 27 H(23)  G(4) 
    138743 772.47 || noQ Q (Avg,Max,Min) (1.28, 1.73, 0.82) (0.01, 0.01, 0.07) #fs:  16  -- #Conts: 27 H(22)  G(5) 
    138815 756.71 || noQ Q (Avg,Max,Min) (1.27, 1.73, 0.82) (0.01, 0.01, 0.07) #fs:  16  -- #Conts: 27 H(21)  G(6) 
    138831 740.94 || noQ Q (Avg,Max,Min) (1.26, 1.73, 0.82) (0.01, 0.01, 0.07) #fs:  16  -- #Conts: 27 H(20)  G(7) 
    138854 725.18 || noQ Q (Avg,Max,Min) (1.26, 1.73, 0.82) (0.01, 0.01, 0.07) #fs:  16  -- #Conts: 27 H(19)  G(8) 
    138876 709.41 || noQ Q (Avg,Max,Min) (1.25, 1.73, 0.82) (0.02, 0.01, 0.07) #fs:  16  -- #Conts: 27 H(18)  G(9) 
    138891 693.65 || noQ Q (Avg,Max,Min) (1.24, 1.73, 0.82) (0.02, 0.01, 0.07) #fs:  16  -- #Conts: 27 H(17)  G(10) 
    138909 677.88 || noQ Q (Avg,Max,Min) (1.23, 1.72, 0.82) (0.02, 0.01, 0.07) #fs:  16  -- #Conts: 27 H(16)  G(11) 
    138928 662.12 || noQ Q (Avg,Max,Min) (1.23, 1.72, 0.82) (0.02, 0.01, 0.07) #fs:  16  -- #Conts: 27 H(15)  G(12) 
    138950 646.35 || noQ Q (Avg,Max,Min) (1.22, 1.72, 0.82) (0.02, 0.01, 0.07) #fs:  16  -- #Conts: 27 H(14)  G(13) 
    138970 630.59 || noQ Q (Avg,Max,Min) (1.21, 1.72, 0.82) (0.02, 0.01, 0.07) #fs:  16  -- #Conts: 27 H(13)  G(14) 
    138980 614.82 || noQ Q (Avg,Max,Min) (1.21, 1.72, 0.82) (0.02, 0.01, 0.07) #fs:  16  -- #Conts: 27 H(12)  G(15) 
    139076 599.06 || noQ Q (Avg,Max,Min) (1.20, 1.72, 0.82) (0.02, 0.01, 0.07) #fs:  16  -- #Conts: 27 H(11)  G(16) 
    139260 583.29 || noQ Q (Avg,Max,Min) (1.19, 1.72, 0.81) (0.02, 0.01, 0.07) #fs:  16  -- #Conts: 27 H(10)  G(17) 
    139343 567.53 || noQ Q (Avg,Max,Min) (1.18, 1.72, 0.81) (0.02, 0.01, 0.07) #fs:  16  -- #Conts: 27 H(9)  G(18) 
    139348 551.76 || noQ Q (Avg,Max,Min) (1.18, 1.72, 0.81) (0.02, 0.01, 0.07) #fs:  16  -- #Conts: 27 H(8)  G(19) 
    143064 536.00 || noQ Q (Avg,Max,Min) (1.17, 1.67, 0.79) (0.02, 0.01, 0.07) #fs:  15  -- #Conts: 26 H(8)  G(18) 
    143249 520.24 || noQ Q (Avg,Max,Min) (1.18, 1.67, 0.78) (0.02, 0.01, 0.07) #fs:  16  -- #Conts: 25 H(8)  G(17) 
    143575 504.47 || noQ Q (Avg,Max,Min) (1.18, 1.67, 0.78) (0.02, 0.01, 0.07) #fs:  16  -- #Conts: 24 H(8)  G(16) 
    143601 472.94 || noQ Q (Avg,Max,Min) (1.20, 1.67, 0.78) (0.02, 0.01, 0.07) #fs:  16  -- #Conts: 22 H(8)  G(14) 
    143657 457.18 || noQ Q (Avg,Max,Min) (1.20, 1.94, 0.78) (0.02, 0.01, 0.08) #fs:  16  -- #Conts: 21 H(8)  G(13) 
    143748 441.41 || noQ Q (Avg,Max,Min) (1.21, 1.85, 0.95) (0.02, 0.01, 0.07) #fs:  16  -- #Conts: 20 H(8)  G(12) 
    161279 409.88 || noQ Q (Avg,Max,Min) (1.20, 1.65, 0.88) (0.03, 0.01, 0.07) #fs:  15  -- #Conts: 13 H(13) 
    161689 346.82 || noQ Q (Avg,Max,Min) (1.22, 1.64, 0.88) (0.03, 0.01, 0.07) #fs:  16  -- #Conts: 11 H(11) 
    161951 315.29 || noQ Q (Avg,Max,Min) (1.24, 1.80, 1.02) (0.04, 0.01, 0.08) #fs:  16  -- #Conts: 10 H(10) 
    163186 283.76 || noQ Q (Avg,Max,Min) (1.22, 1.79, 1.07) (0.04, 0.02, 0.08) #fs:  15  -- #Conts: 9 H(9) 
    179652 252.24 || noQ Q (Avg,Max,Min) (1.13, 1.62, 0.95) (0.05, 0.04, 0.08) #fs:  16  -- #Conts: 8 H(8) 
    212294 220.71 || noQ Q (Avg,Max,Min) (1.24, 1.76, 1.01) (0.05, 0.04, 0.10) #fs:   8  -- #Conts: 7 H(7) 
    237790 189.18 || noQ Q (Avg,Max,Min) (1.22, 1.65, 1.05) (0.06, 0.04, 0.11) #fs:   8  -- #Conts: 6 H(6) 
    240499 157.65 || noQ Q (Avg,Max,Min) (1.35, 1.67, 1.13) (0.08, 0.05, 0.11) #fs:   7  -- #Conts: 5 H(5) 
    268047 141.88 || noQ Q (Avg,Max,Min) (1.06, 1.40, 0.94) (0.06, 0.03, 0.10) #fs:  15  -- #Conts: 9 G(9) 
    274712 126.12 || noQ Q (Avg,Max,Min) (1.38, 1.71, 1.21) (0.10, 0.08, 0.13) #fs:   5  -- #Conts: 4 H(4) 
    346508 110.35 || noQ Q (Avg,Max,Min) (1.10, 1.44, 0.90) (0.08, 0.06, 0.14) #fs:   9  -- #Conts: 7 G(7) 
    350933 094.59 || noQ Q (Avg,Max,Min) (1.41, 1.59, 1.30) (0.13, 0.11, 0.15) #fs:   3  -- #Conts: 3 H(3) 
    400549 078.82 || noQ Q (Avg,Max,Min) (1.16, 1.35, 1.01) (0.11, 0.08, 0.15) #fs:   8  -- #Conts: 5 G(5) 
    447824 063.06 || noQ Q (Avg,Max,Min) (1.21, 1.41, 1.10) (0.14, 0.12, 0.18) #fs:   5  -- #Conts: 4 G(4) 
    578474 047.29 || noQ Q (Avg,Max,Min) (1.23, 1.34, 1.18) (0.18, 0.16, 0.21) #fs:   3  -- #Conts: 3 G(3) 
    729726 046.94 || noQ Q (Avg,Max,Min) (0.92, 1.11, 0.84) (0.15, 0.13, 0.22) #fs:  14  -- #Conts: 7 E(7) 
    787461 031.53 || noQ Q (Avg,Max,Min) (1.28, 1.35, 1.21) (0.27, 0.25, 0.29) #fs:   1  -- #Conts: 2 G(2) 
    969559 026.82 || noQ Q (Avg,Max,Min) (1.07, 1.16, 1.01) (0.27, 0.24, 0.31) #fs:   5  -- #Conts: 4 E(4) 
   1264223 020.12 || noQ Q (Avg,Max,Min) (1.09, 1.19, 1.02) (0.36, 0.31, 0.42) #fs:   3  -- #Conts: 3 E(3) 
   1481339 015.76 || noQ Q (Avg,Max,Min) (1.18, 1.18, 1.18) (0.48, 0.48, 0.48) #fs:   0  -- #Conts: 1 G(1) 
   1755503 013.41 || noQ Q (Avg,Max,Min) (1.12, 1.16, 1.07) (0.53, 0.49, 0.56) #fs:   1  -- #Conts: 2 E(2) 
   2161057 012.00 || noQ Q (Avg,Max,Min) (1.04, 1.11, 0.98) (0.58, 0.52, 0.67) #fs:   3  -- #Conts: 3 C(3) 
   2916047 010.71 || noQ Q (Avg,Max,Min) (0.87, 1.05, 0.70) (0.69, 0.56, 0.82) #fs:   5  -- #Conts: 2 E(1)  C(1) 
   3021532 008.00 || noQ Q (Avg,Max,Min) (1.06, 1.09, 1.03) (0.87, 0.82, 0.92) #fs:   1  -- #Conts: 2 C(2) 
   3340866 006.71 || noQ Q (Avg,Max,Min) (1.08, 1.08, 1.08) (1.00, 1.00, 1.00) #fs:   0  -- #Conts: 1 E(1) 
/////////////////size: 52
    149946 599.06 || noQ Q (Avg,Max,Min) (1.24, 2.43, 0.80) (0.02, 0.01, 0.06) #fs:  13  -- #Conts: 26 H(12)  G(14) 
    150709 583.29 || noQ Q (Avg,Max,Min) (1.23, 1.64, 0.81) (0.02, 0.01, 0.07) #fs:  12  -- #Conts: 25 H(12)  G(13) 
    150810 567.53 || noQ Q (Avg,Max,Min) (1.22, 1.64, 0.81) (0.02, 0.01, 0.07) #fs:  12  -- #Conts: 25 H(11)  G(14) 
    151082 536.00 || noQ Q (Avg,Max,Min) (1.21, 1.90, 0.80) (0.02, 0.01, 0.08) #fs:  13  -- #Conts: 24 H(10)  G(14) 
    151332 504.47 || noQ Q (Avg,Max,Min) (1.21, 1.90, 0.80) (0.02, 0.01, 0.08) #fs:  13  -- #Conts: 23 H(9)  G(14) 
    153105 488.71 || noQ Q (Avg,Max,Min) (1.21, 1.79, 0.79) (0.02, 0.01, 0.08) #fs:  12  -- #Conts: 22 H(9)  G(13) 
    153363 472.94 || noQ Q (Avg,Max,Min) (1.22, 1.78, 0.79) (0.02, 0.01, 0.08) #fs:  13  -- #Conts: 21 H(9)  G(12) 
    156566 441.41 || noQ Q (Avg,Max,Min) (1.21, 1.67, 0.79) (0.02, 0.01, 0.07) #fs:  14  -- #Conts: 21 H(7)  G(14) 
    169131 425.65 || noQ Q (Avg,Max,Min) (1.30, 1.89, 0.89) (0.02, 0.01, 0.09) #fs:  11  -- #Conts: 19 H(8)  G(11) 
    170848 409.88 || noQ Q (Avg,Max,Min) (1.31, 1.89, 0.88) (0.02, 0.01, 0.08) #fs:  10  -- #Conts: 18 H(8)  G(10) 
    171122 394.12 || noQ Q (Avg,Max,Min) (1.32, 1.89, 0.88) (0.02, 0.01, 0.08) #fs:  11  -- #Conts: 17 H(8)  G(9) 
    173936 378.35 || noQ Q (Avg,Max,Min) (1.25, 1.89, 0.88) (0.03, 0.01, 0.08) #fs:  12  -- #Conts: 17 H(7)  G(10) 
    174210 362.59 || noQ Q (Avg,Max,Min) (1.26, 1.89, 0.88) (0.03, 0.01, 0.08) #fs:  13  -- #Conts: 16 H(7)  G(9) 
    176622 346.82 || noQ Q (Avg,Max,Min) (1.31, 1.89, 0.84) (0.03, 0.01, 0.09) #fs:  11  -- #Conts: 14 H(8)  G(6) 
    176758 331.06 || noQ Q (Avg,Max,Min) (1.31, 1.89, 0.84) (0.03, 0.01, 0.09) #fs:  11  -- #Conts: 13 H(8)  G(5) 
    179709 315.29 || noQ Q (Avg,Max,Min) (1.25, 1.89, 0.84) (0.03, 0.01, 0.08) #fs:  13  -- #Conts: 13 H(7)  G(6) 
    179845 299.53 || noQ Q (Avg,Max,Min) (1.25, 1.89, 0.84) (0.04, 0.01, 0.08) #fs:  13  -- #Conts: 12 H(7)  G(5) 
    181168 268.00 || noQ Q (Avg,Max,Min) (1.20, 1.89, 0.84) (0.04, 0.02, 0.10) #fs:  12  -- #Conts: 11 H(6)  G(5) 
    189348 249.88 || noQ Q (Avg,Max,Min) (1.15, 1.81, 0.97) (0.04, 0.02, 0.10) #fs:  11  -- #Conts: 11 H(6)  G(3)  E(2) 
    190874 243.18 || noQ Q (Avg,Max,Min) (1.16, 1.80, 0.96) (0.04, 0.02, 0.10) #fs:  11  -- #Conts: 10 H(6)  G(3)  E(1) 
    190991 240.82 || noQ Q (Avg,Max,Min) (1.15, 1.80, 0.96) (0.04, 0.02, 0.10) #fs:  11  -- #Conts: 11 H(6)  G(2)  E(3) 
    191233 236.47 || noQ Q (Avg,Max,Min) (1.19, 1.80, 0.96) (0.05, 0.02, 0.10) #fs:  12  -- #Conts: 9 H(6)  G(3) 
    191350 234.12 || noQ Q (Avg,Max,Min) (1.17, 1.80, 0.96) (0.04, 0.02, 0.10) #fs:  12  -- #Conts: 10 H(6)  G(2)  E(2) 
    191452 227.41 || noQ Q (Avg,Max,Min) (1.19, 1.79, 0.96) (0.05, 0.02, 0.10) #fs:  12  -- #Conts: 9 H(6)  G(2)  E(1) 
    193169 220.71 || noQ Q (Avg,Max,Min) (1.21, 1.78, 0.95) (0.05, 0.03, 0.10) #fs:  11  -- #Conts: 8 H(6)  G(2) 
    215829 216.00 || noQ Q (Avg,Max,Min) (1.09, 1.51, 0.92) (0.04, 0.02, 0.09) #fs:  13  -- #Conts: 12 H(4)  G(4)  E(4) 
    217284 209.29 || noQ Q (Avg,Max,Min) (1.10, 1.50, 0.91) (0.04, 0.02, 0.09) #fs:  13  -- #Conts: 11 H(4)  G(4)  E(3) 
    217618 202.59 || noQ Q (Avg,Max,Min) (1.10, 1.50, 0.91) (0.05, 0.02, 0.09) #fs:  14  -- #Conts: 10 H(4)  G(4)  E(2) 
    220460 195.88 || noQ Q (Avg,Max,Min) (1.12, 1.48, 0.90) (0.05, 0.02, 0.09) #fs:  14  -- #Conts: 9 H(4)  G(4)  E(1) 
    220627 189.18 || noQ Q (Avg,Max,Min) (1.14, 1.48, 0.93) (0.06, 0.03, 0.09) #fs:  14  -- #Conts: 8 H(4)  G(4) 
    233991 184.47 || noQ Q (Avg,Max,Min) (1.06, 1.39, 0.84) (0.05, 0.02, 0.09) #fs:  13  -- #Conts: 12 H(2)  G(6)  E(4) 
    234306 177.76 || noQ Q (Avg,Max,Min) (1.07, 1.50, 0.83) (0.05, 0.02, 0.10) #fs:  14  -- #Conts: 11 H(2)  G(6)  E(3) 
    236286 171.06 || noQ Q (Avg,Max,Min) (1.07, 1.55, 0.83) (0.05, 0.02, 0.10) #fs:  14  -- #Conts: 10 H(2)  G(6)  E(2) 
    236453 164.35 || noQ Q (Avg,Max,Min) (1.08, 1.55, 0.83) (0.06, 0.02, 0.10) #fs:  14  -- #Conts: 9 H(2)  G(6)  E(1) 
    236651 157.65 || noQ Q (Avg,Max,Min) (1.11, 1.54, 1.02) (0.06, 0.05, 0.10) #fs:  14  -- #Conts: 8 H(2)  G(6) 
    314849 154.82 || noQ Q (Avg,Max,Min) (1.14, 1.52, 1.05) (0.04, 0.01, 0.13) #fs:   8  -- #Conts: 17 G(6)  E(6)  C(5) 
    315015 152.12 || noQ Q (Avg,Max,Min) (1.14, 1.52, 1.04) (0.04, 0.01, 0.13) #fs:   8  -- #Conts: 17 G(6)  E(5)  C(6) 
    315199 139.06 || noQ Q (Avg,Max,Min) (1.12, 1.46, 1.05) (0.05, 0.02, 0.13) #fs:   8  -- #Conts: 16 G(5)  E(6)  C(5) 
    315252 136.35 || noQ Q (Avg,Max,Min) (1.12, 1.46, 1.05) (0.05, 0.02, 0.13) #fs:   8  -- #Conts: 16 G(5)  E(5)  C(6) 
    337923 130.71 || noQ Q (Avg,Max,Min) (1.14, 1.52, 0.95) (0.05, 0.01, 0.13) #fs:   8  -- #Conts: 13 G(6)  E(3)  C(4) 
    338236 114.94 || noQ Q (Avg,Max,Min) (1.11, 1.36, 0.95) (0.06, 0.02, 0.13) #fs:   8  -- #Conts: 12 G(5)  E(3)  C(4) 
    338622 110.94 || noQ Q (Avg,Max,Min) (1.12, 1.48, 1.01) (0.06, 0.02, 0.14) #fs:   8  -- #Conts: 11 G(5)  E(3)  C(3) 
    338696 108.24 || noQ Q (Avg,Max,Min) (1.12, 1.48, 1.01) (0.06, 0.03, 0.14) #fs:   8  -- #Conts: 11 G(5)  E(2)  C(4) 
    345226 104.24 || noQ Q (Avg,Max,Min) (1.13, 1.45, 0.99) (0.07, 0.04, 0.14) #fs:   7  -- #Conts: 10 G(5)  E(2)  C(3) 
    345606 100.24 || noQ Q (Avg,Max,Min) (1.14, 1.45, 1.04) (0.07, 0.04, 0.14) #fs:   8  -- #Conts: 9 G(5)  E(2)  C(2) 
    368230 096.24 || noQ Q (Avg,Max,Min) (1.11, 1.36, 0.96) (0.08, 0.04, 0.14) #fs:   7  -- #Conts: 8 G(5)  E(2)  C(1) 
    368730 094.82 || noQ Q (Avg,Max,Min) (1.11, 1.36, 0.98) (0.07, 0.04, 0.14) #fs:   8  -- #Conts: 9 G(5)  C(4) 
    368898 090.82 || noQ Q (Avg,Max,Min) (1.13, 1.46, 0.98) (0.08, 0.04, 0.15) #fs:   8  -- #Conts: 8 G(5)  C(3) 
    375719 086.82 || noQ Q (Avg,Max,Min) (1.14, 1.43, 1.02) (0.09, 0.04, 0.15) #fs:   7  -- #Conts: 7 G(5)  C(2) 
    376128 082.82 || noQ Q (Avg,Max,Min) (1.17, 1.43, 1.07) (0.10, 0.04, 0.15) #fs:   8  -- #Conts: 6 G(5)  C(1) 
    398926 078.82 || noQ Q (Avg,Max,Min) (1.14, 1.35, 1.01) (0.11, 0.09, 0.15) #fs:   7  -- #Conts: 5 G(5) 
    407753 077.76 || noQ Q (Avg,Max,Min) (1.16, 1.51, 1.06) (0.09, 0.04, 0.17) #fs:   6  -- #Conts: 7 G(4)  E(1)  C(2) 
    422725 073.76 || noQ Q (Avg,Max,Min) (1.16, 1.38, 1.07) (0.10, 0.04, 0.16) #fs:   5  -- #Conts: 6 G(4)  E(1)  C(1) 
    438255 067.06 || noQ Q (Avg,Max,Min) (1.18, 1.49, 1.07) (0.12, 0.07, 0.18) #fs:   6  -- #Conts: 5 G(4)  C(1) 
    453363 063.06 || noQ Q (Avg,Max,Min) (1.22, 1.38, 1.13) (0.14, 0.13, 0.17) #fs:   5  -- #Conts: 4 G(4) 
    476311 060.71 || noQ Q (Avg,Max,Min) (1.11, 1.28, 0.97) (0.13, 0.11, 0.17) #fs:   5  -- #Conts: 5 G(3)  E(2) 
    502085 058.35 || noQ Q (Avg,Max,Min) (1.02, 1.37, 0.90) (0.13, 0.11, 0.19) #fs:   8  -- #Conts: 6 G(2)  E(4) 
    530892 055.65 || noQ Q (Avg,Max,Min) (1.06, 1.37, 0.88) (0.13, 0.07, 0.20) #fs:   8  -- #Conts: 6 G(2)  E(3)  C(1) 
    540484 051.65 || noQ Q (Avg,Max,Min) (1.08, 1.37, 0.86) (0.15, 0.12, 0.21) #fs:   8  -- #Conts: 5 G(2)  E(3) 
    606096 050.24 || noQ Q (Avg,Max,Min) (1.09, 1.32, 0.95) (0.14, 0.07, 0.22) #fs:   5  -- #Conts: 6 G(2)  E(1)  C(3) 
    633447 046.24 || noQ Q (Avg,Max,Min) (1.10, 1.37, 0.93) (0.16, 0.12, 0.24) #fs:   6  -- #Conts: 5 G(2)  E(1)  C(2) 
    667415 043.53 || noQ Q (Avg,Max,Min) (1.11, 1.38, 0.88) (0.16, 0.07, 0.26) #fs:   4  -- #Conts: 5 G(2)  C(3) 
    697937 039.53 || noQ Q (Avg,Max,Min) (1.11, 1.38, 0.84) (0.18, 0.12, 0.27) #fs:   4  -- #Conts: 4 G(2)  C(2) 
    771429 035.76 || noQ Q (Avg,Max,Min) (0.99, 1.28, 0.89) (0.20, 0.14, 0.28) #fs:   9  -- #Conts: 6 G(1)  C(5) 
    849451 031.76 || noQ Q (Avg,Max,Min) (1.02, 1.32, 0.86) (0.22, 0.18, 0.31) #fs:   8  -- #Conts: 5 G(1)  C(4) 
    918180 027.76 || noQ Q (Avg,Max,Min) (1.06, 1.33, 0.96) (0.25, 0.22, 0.34) #fs:   5  -- #Conts: 4 G(1)  C(3) 
   1011835 026.76 || noQ Q (Avg,Max,Min) (1.04, 1.26, 0.89) (0.21, 0.15, 0.36) #fs:   3  -- #Conts: 6 G(1)  A(3)  C(2) 
   1012338 025.76 || noQ Q (Avg,Max,Min) (1.07, 1.26, 1.02) (0.23, 0.15, 0.36) #fs:   3  -- #Conts: 5 G(1)  A(2)  C(2) 
   1019438 024.76 || noQ Q (Avg,Max,Min) (1.09, 1.30, 1.02) (0.26, 0.15, 0.37) #fs:   2  -- #Conts: 4 G(1)  A(1)  C(2) 
   1049671 023.76 || noQ Q (Avg,Max,Min) (1.09, 1.28, 0.99) (0.30, 0.26, 0.37) #fs:   2  -- #Conts: 3 G(1)  C(2) 
   1181390 022.76 || noQ Q (Avg,Max,Min) (1.04, 1.23, 0.90) (0.22, 0.15, 0.40) #fs:   2  -- #Conts: 5 G(1)  A(3)  C(1) 
   1183293 021.76 || noQ Q (Avg,Max,Min) (1.07, 1.22, 1.02) (0.25, 0.15, 0.40) #fs:   3  -- #Conts: 4 G(1)  A(2)  C(1) 
   1212114 020.76 || noQ Q (Avg,Max,Min) (1.08, 1.23, 0.99) (0.29, 0.15, 0.41) #fs:   2  -- #Conts: 3 G(1)  A(1)  C(1) 
   1242584 019.76 || noQ Q (Avg,Max,Min) (1.09, 1.22, 0.97) (0.36, 0.30, 0.42) #fs:   2  -- #Conts: 2 G(1)  C(1) 
   1389723 018.76 || noQ Q (Avg,Max,Min) (1.06, 1.19, 1.02) (0.23, 0.15, 0.46) #fs:   0  -- #Conts: 4 G(1)  A(3) 
   1420332 017.76 || noQ Q (Avg,Max,Min) (1.07, 1.18, 1.02) (0.26, 0.15, 0.47) #fs:   0  -- #Conts: 3 G(1)  A(2) 
   1451130 016.76 || noQ Q (Avg,Max,Min) (1.09, 1.16, 1.02) (0.38, 0.30, 0.47) #fs:   1  -- #Conts: 2 G(1)  A(1) 
   1481339 015.76 || noQ Q (Avg,Max,Min) (1.18, 1.18, 1.18) (0.48, 0.48, 0.48) #fs:   0  -- #Conts: 1 G(1) 
   1672082 015.71 || noQ Q (Avg,Max,Min) (1.02, 1.12, 0.96) (0.41, 0.30, 0.52) #fs:   3  -- #Conts: 4 A(1)  E(1)  C(2) 
   1691452 014.71 || noQ Q (Avg,Max,Min) (1.05, 1.16, 0.95) (0.47, 0.41, 0.55) #fs:   3  -- #Conts: 3 E(1)  C(2) 
   1941456 013.71 || noQ Q (Avg,Max,Min) (1.04, 1.13, 1.02) (0.41, 0.30, 0.61) #fs:   3  -- #Conts: 5 A(3)  E(1)  C(1) 
   2054464 012.71 || noQ Q (Avg,Max,Min) (1.04, 1.11, 1.02) (0.45, 0.30, 0.63) #fs:   3  -- #Conts: 4 A(2)  E(1)  C(1) 
   2139330 011.71 || noQ Q (Avg,Max,Min) (1.04, 1.13, 0.99) (0.51, 0.30, 0.67) #fs:   2  -- #Conts: 3 A(1)  E(1)  C(1) 
   2208779 010.71 || noQ Q (Avg,Max,Min) (1.07, 1.13, 1.01) (0.64, 0.59, 0.70) #fs:   2  -- #Conts: 2 E(1)  C(1) 
   2683029 009.71 || noQ Q (Avg,Max,Min) (1.00, 1.08, 0.89) (0.58, 0.45, 0.81) #fs:   2  -- #Conts: 4 A(3)  E(1) 
   2889150 008.71 || noQ Q (Avg,Max,Min) (0.97, 1.08, 0.82) (0.65, 0.45, 0.86) #fs:   2  -- #Conts: 3 A(2)  E(1) 
   3028425 007.71 || noQ Q (Avg,Max,Min) (1.02, 1.07, 0.96) (0.84, 0.78, 0.90) #fs:   2  -- #Conts: 2 A(1)  E(1) 
   3340866 006.71 || noQ Q (Avg,Max,Min) (1.08, 1.08, 1.08) (1.00, 1.00, 1.00) #fs:   0  -- #Conts: 1 E(1) 
/////////////////size: 88
nodes 50 edges 108
 mulT: 50 mulD: 100  sumData GB 93
pareto /MONTAGE.n.50.0.dax time -> 8180.0
moheft /MONTAGE.n.50.0.dax time -> 1091.0
distance from M to C 0.8083313379538143
distance from P to C 0.23701963009419025
distance from C to M 4.746057297108675
distance from C to P 1.087173531425679
toCompare: /MONTAGE.n.50.0.dax sumDataGB: 93 mulT: 50 mulD: 100 paretoOptTime_MS: 8180.0 MoheftOptimizationTime_MS: 1091.0 MtoC 0.8083313379538143 PtoC 0.23701963009419025 CtoM 4.746057297108675 CtoP 1.087173531425679
