specify -Dflow d,b,mt,md,size
Running /home/vaggelis/jc/CYBERSHAKE.n.100.0.dax mt 100 md: 1000 size null
   3868779 141.88 || noQ Q (Avg,Max,Min) (1.58, 2.63, 0.32) (0.98, 0.00, 2.63) #fs:   2  -- #Conts: 4 H(3)  G(1) 
   3872984 126.12 || noQ Q (Avg,Max,Min) (1.72, 2.63, 0.21) (1.30, 0.03, 2.63) #fs:   2  -- #Conts: 3 H(3) 
   3952147 094.59 || noQ Q (Avg,Max,Min) (2.46, 2.63, 2.29) (1.94, 1.26, 2.63) #fs:   0  -- #Conts: 2 H(2) 
   6630441 078.82 || noQ Q (Avg,Max,Min) (1.54, 1.84, 1.03) (1.11, 0.00, 1.69) #fs:   2  -- #Conts: 3 G(3) 
   6637322 063.06 || noQ Q (Avg,Max,Min) (1.80, 1.84, 1.77) (1.66, 1.63, 1.69) #fs:   2  -- #Conts: 2 G(2) 
  13622345 060.35 || noQ Q (Avg,Max,Min) (2.75, 5.45, 1.38) (2.03, 1.28, 3.46) #fs:   1  -- #Conts: 3 E(3) 
  14242421 058.35 || noQ Q (Avg,Max,Min) (1.59, 1.77, 1.41) (1.51, 1.40, 1.63) #fs:   0  -- #Conts: 2 G(1)  E(1) 
/////////////////size: 7
   7386095 123.35 || noQ Q (Avg,Max,Min) (0.73, 2.48, 0.14) (0.27, 0.00, 1.70) #fs:  12  -- #Conts: 10 H(1)  A(7)  G(1)  C(1) 
   7386734 121.35 || noQ Q (Avg,Max,Min) (0.68, 2.48, 0.04) (0.28, 0.00, 1.70) #fs:  13  -- #Conts: 10 H(1)  A(8)  G(1) 
   7388256 107.59 || noQ Q (Avg,Max,Min) (0.69, 2.48, 0.14) (0.30, 0.02, 1.70) #fs:  12  -- #Conts: 9 H(1)  A(7)  C(1) 
   7388895 105.59 || noQ Q (Avg,Max,Min) (0.64, 2.48, 0.04) (0.31, 0.02, 1.70) #fs:  13  -- #Conts: 9 H(1)  A(8) 
   7390890 104.59 || noQ Q (Avg,Max,Min) (0.66, 2.48, 0.14) (0.33, 0.06, 1.70) #fs:  12  -- #Conts: 8 H(1)  A(7) 
   7394740 103.59 || noQ Q (Avg,Max,Min) (0.65, 2.48, 0.14) (0.34, 0.06, 1.70) #fs:  12  -- #Conts: 8 H(1)  A(7) 
   7420370 102.59 || noQ Q (Avg,Max,Min) (0.72, 2.48, 0.14) (0.36, 0.07, 1.70) #fs:   9  -- #Conts: 7 H(1)  A(6) 
   7428339 101.59 || noQ Q (Avg,Max,Min) (0.67, 2.48, 0.14) (0.41, 0.10, 1.70) #fs:   9  -- #Conts: 6 H(1)  A(5) 
   7433742 100.59 || noQ Q (Avg,Max,Min) (0.72, 2.47, 0.22) (0.47, 0.14, 1.70) #fs:  10  -- #Conts: 5 H(1)  A(4) 
   7441439 099.59 || noQ Q (Avg,Max,Min) (0.72, 2.47, 0.21) (0.49, 0.15, 1.70) #fs:   9  -- #Conts: 5 H(1)  A(4) 
   7466359 098.59 || noQ Q (Avg,Max,Min) (0.85, 2.47, 0.30) (0.56, 0.15, 1.71) #fs:   7  -- #Conts: 4 H(1)  A(3) 
   7473316 097.59 || noQ Q (Avg,Max,Min) (1.01, 2.47, 0.29) (0.59, 0.16, 1.71) #fs:   5  -- #Conts: 4 H(1)  A(3) 
   7492900 096.59 || noQ Q (Avg,Max,Min) (1.02, 2.46, 0.29) (0.73, 0.19, 1.71) #fs:   5  -- #Conts: 3 H(1)  A(2) 
   7527137 095.59 || noQ Q (Avg,Max,Min) (1.38, 2.46, 0.30) (0.95, 0.20, 1.71) #fs:   2  -- #Conts: 2 H(1)  A(1) 
   7551175 094.59 || noQ Q (Avg,Max,Min) (2.45, 2.45, 2.45) (1.71, 1.71, 1.71) #fs:   0  -- #Conts: 1 H(1) 
  12438888 093.53 || noQ Q (Avg,Max,Min) (9.41, 43.57, 0.20) (1.26, 0.00, 3.22) #fs:   2  -- #Conts: 6 H(1)  G(1)  A(2)  E(1)  C(1) 
  12441507 090.82 || noQ Q (Avg,Max,Min) (9.41, 43.57, 0.20) (1.27, 0.00, 3.22) #fs:   2  -- #Conts: 6 H(1)  G(1)  A(2)  C(2) 
  12442592 086.82 || noQ Q (Avg,Max,Min) (10.87, 42.46, 0.20) (1.52, 0.03, 3.22) #fs:   2  -- #Conts: 5 H(1)  G(1)  A(2)  C(1) 
  12447106 084.82 || noQ Q (Avg,Max,Min) (13.07, 41.18, 0.41) (1.91, 0.23, 3.22) #fs:   1  -- #Conts: 4 H(1)  G(1)  A(1)  C(1) 
  12464120 083.82 || noQ Q (Avg,Max,Min) (11.97, 37.00, 0.34) (1.94, 0.34, 3.22) #fs:   1  -- #Conts: 4 H(1)  G(1)  A(1)  C(1) 
  12520021 082.82 || noQ Q (Avg,Max,Min) (12.70, 27.83, 2.52) (2.48, 1.69, 3.24) #fs:   0  -- #Conts: 3 H(1)  G(1)  C(1) 
  12612049 074.76 || noQ Q (Avg,Max,Min) (7.70, 19.88, 1.00) (1.95, 0.28, 3.26) #fs:   0  -- #Conts: 4 H(1)  A(1)  E(1)  C(1) 
  12698218 073.76 || noQ Q (Avg,Max,Min) (8.51, 15.98, 2.52) (2.52, 1.74, 3.29) #fs:   1  -- #Conts: 3 H(1)  E(1)  C(1) 
  12838514 071.06 || noQ Q (Avg,Max,Min) (7.01, 11.92, 2.52) (2.54, 1.78, 3.33) #fs:   0  -- #Conts: 3 H(1)  C(2) 
  13222252 070.76 || noQ Q (Avg,Max,Min) (7.31, 18.40, 1.00) (2.72, 0.94, 4.71) #fs:   0  -- #Conts: 3 H(1)  A(1)  E(1) 
  13293536 070.06 || noQ Q (Avg,Max,Min) (3.38, 6.76, 1.00) (1.82, 0.65, 2.52) #fs:   2  -- #Conts: 5 H(1)  A(3)  C(1) 
  13633112 069.06 || noQ Q (Avg,Max,Min) (3.43, 5.30, 2.52) (2.19, 1.96, 2.52) #fs:   1  -- #Conts: 4 H(1)  A(2)  C(1) 
  13997490 068.06 || noQ Q (Avg,Max,Min) (4.23, 7.45, 2.52) (2.76, 2.23, 3.51) #fs:   1  -- #Conts: 3 H(1)  A(1)  C(1) 
  14656210 067.06 || noQ Q (Avg,Max,Min) (5.17, 7.81, 2.52) (3.82, 2.52, 5.11) #fs:   0  -- #Conts: 2 H(1)  C(1) 
  15150918 065.53 || noQ Q (Avg,Max,Min) (5.28, 8.97, 2.41) (4.75, 2.02, 7.10) #fs:   2  -- #Conts: 14 H(1)  A(6)  C(7) 
  15590180 064.53 || noQ Q (Avg,Max,Min) (5.67, 9.70, 2.67) (5.31, 2.04, 8.85) #fs:   0  -- #Conts: 12 H(1)  A(4)  C(7) 
  15751853 063.53 || noQ Q (Avg,Max,Min) (5.70, 9.31, 2.44) (5.45, 2.03, 8.89) #fs:   0  -- #Conts: 12 H(1)  A(4)  C(7) 
  21932007 062.47 || noQ Q (Avg,Max,Min) (3.83, 8.72, 2.40) (3.55, 2.17, 8.72) #fs:   2  -- #Conts: 15 G(1)  A(10)  E(1)  C(3) 
  23385969 061.47 || noQ Q (Avg,Max,Min) (3.85, 8.72, 2.49) (3.60, 2.17, 8.72) #fs:   0  -- #Conts: 15 G(1)  A(10)  E(1)  C(3) 
/////////////////size: 34
nodes 100 edges 192
 mulT: 100 mulD: 1000  sumData GB 97599
pareto /CYBERSHAKE.n.100.0.dax time -> 1427.0
moheft /CYBERSHAKE.n.100.0.dax time -> 809.0
distance from M to C 4.168320069965109
distance from P to C 0.0
distance from C to M 6.470544273856023
distance from C to P 0.0
toCompare: /CYBERSHAKE.n.100.0.dax sumDataGB: 97599 mulT: 100 mulD: 1000 paretoOptTime_MS: 1427.0 MoheftOptimizationTime_MS: 809.0 MtoC 4.168320069965109 PtoC 0.0 CtoM 6.470544273856023 CtoP 0.0
