specify -Dflow d,b,mt,md,size
Running /home/vaggelis/jc/LIGO.n.50.0.dax mt 50 md: 10000 size null
   2691625 378.35 || noQ Q (Avg,Max,Min) (0.89, 1.08, 0.70) (0.55, 0.42, 0.65) #fs:  12  -- #Conts: 12 H(12) 
   2730718 362.59 || noQ Q (Avg,Max,Min) (0.91, 1.08, 0.70) (0.57, 0.43, 0.66) #fs:  12  -- #Conts: 12 H(11)  G(1) 
   2734479 346.82 || noQ Q (Avg,Max,Min) (0.93, 1.08, 0.81) (0.59, 0.47, 0.69) #fs:  12  -- #Conts: 12 H(10)  G(2) 
   2998224 331.06 || noQ Q (Avg,Max,Min) (0.94, 1.08, 0.87) (0.62, 0.47, 0.84) #fs:  12  -- #Conts: 12 H(9)  G(3) 
   3186950 315.29 || noQ Q (Avg,Max,Min) (0.94, 1.08, 0.81) (0.65, 0.47, 0.93) #fs:  13  -- #Conts: 12 H(8)  G(4) 
   3629121 299.53 || noQ Q (Avg,Max,Min) (0.94, 1.18, 0.77) (0.70, 0.47, 0.94) #fs:  10  -- #Conts: 10 H(9)  G(1) 
   3688629 283.76 || noQ Q (Avg,Max,Min) (0.95, 1.16, 0.79) (0.73, 0.52, 0.94) #fs:  10  -- #Conts: 10 H(8)  G(2) 
   3765318 268.00 || noQ Q (Avg,Max,Min) (0.95, 1.13, 0.80) (0.76, 0.56, 0.94) #fs:  10  -- #Conts: 10 H(7)  G(3) 
   3853773 252.24 || noQ Q (Avg,Max,Min) (0.94, 1.09, 0.79) (0.80, 0.58, 0.94) #fs:  10  -- #Conts: 10 H(6)  G(4) 
   3956308 236.47 || noQ Q (Avg,Max,Min) (0.94, 1.06, 0.83) (0.84, 0.64, 0.96) #fs:  10  -- #Conts: 10 H(5)  G(5) 
   7699957 220.71 || noQ Q (Avg,Max,Min) (0.89, 1.05, 0.57) (0.75, 0.53, 0.99) #fs:   7  -- #Conts: 8 G(8) 
   9119568 219.29 || noQ Q (Avg,Max,Min) (0.93, 1.09, 0.65) (0.80, 0.47, 1.08) #fs:  10  -- #Conts: 15 G(1)  E(14) 
   9586734 212.59 || noQ Q (Avg,Max,Min) (0.91, 1.09, 0.56) (0.82, 0.50, 1.08) #fs:  10  -- #Conts: 15 G(1)  E(14) 
   9598342 201.18 || noQ Q (Avg,Max,Min) (0.93, 1.09, 0.70) (0.83, 0.58, 1.08) #fs:   8  -- #Conts: 15 E(15) 
  11000406 194.47 || noQ Q (Avg,Max,Min) (0.95, 1.09, 0.70) (0.86, 0.60, 1.08) #fs:   7  -- #Conts: 15 E(15) 
  11821369 187.76 || noQ Q (Avg,Max,Min) (0.97, 1.09, 0.71) (0.89, 0.63, 1.08) #fs:   6  -- #Conts: 15 E(15) 
  13181403 181.06 || noQ Q (Avg,Max,Min) (0.99, 1.09, 0.71) (0.90, 0.63, 1.08) #fs:   5  -- #Conts: 15 E(15) 
  13398107 174.35 || noQ Q (Avg,Max,Min) (1.02, 1.11, 0.92) (0.91, 0.66, 1.08) #fs:   4  -- #Conts: 15 E(15) 
  19581473 167.65 || noQ Q (Avg,Max,Min) (1.02, 1.09, 0.83) (0.96, 0.81, 1.08) #fs:   1  -- #Conts: 13 E(13) 
/////////////////size: 19
   7415490 364.59 || noQ Q (Avg,Max,Min) (1.03, 1.25, 0.74) (0.53, 0.15, 1.14) #fs:   5  -- #Conts: 16 H(7)  A(2)  G(7) 
   7621697 348.82 || noQ Q (Avg,Max,Min) (1.03, 1.25, 0.74) (0.54, 0.18, 1.14) #fs:   4  -- #Conts: 15 H(6)  A(2)  G(7) 
   7624015 333.06 || noQ Q (Avg,Max,Min) (1.03, 1.25, 0.74) (0.57, 0.18, 1.14) #fs:   5  -- #Conts: 15 H(6)  A(2)  G(7) 
   7911926 301.53 || noQ Q (Avg,Max,Min) (1.03, 1.25, 0.77) (0.61, 0.19, 1.14) #fs:   5  -- #Conts: 14 H(5)  A(2)  G(7) 
   7987391 206.94 || noQ Q (Avg,Max,Min) (1.03, 1.25, 0.89) (0.82, 0.44, 1.14) #fs:   7  -- #Conts: 12 H(3)  A(2)  G(7) 
   9332018 195.53 || noQ Q (Avg,Max,Min) (1.05, 1.25, 0.96) (0.84, 0.56, 1.14) #fs:   5  -- #Conts: 13 H(3)  A(2)  G(5)  E(3) 
   9866816 191.18 || noQ Q (Avg,Max,Min) (1.06, 1.25, 0.96) (0.89, 0.56, 1.14) #fs:   5  -- #Conts: 10 H(3)  A(2)  G(5) 
  10226454 190.47 || noQ Q (Avg,Max,Min) (1.05, 1.25, 0.96) (0.87, 0.56, 1.14) #fs:   3  -- #Conts: 14 H(3)  A(2)  G(4)  E(4)  C(1) 
  11387121 189.41 || noQ Q (Avg,Max,Min) (1.04, 1.25, 0.94) (0.88, 0.56, 1.14) #fs:   4  -- #Conts: 14 H(3)  A(2)  G(3)  E(4)  C(2) 
  14152398 182.12 || noQ Q (Avg,Max,Min) (1.05, 1.33, 0.96) (0.89, 0.56, 1.27) #fs:   1  -- #Conts: 11 H(1)  G(4)  E(6) 
  14169415 179.41 || noQ Q (Avg,Max,Min) (1.05, 1.33, 0.93) (0.92, 0.69, 1.27) #fs:   2  -- #Conts: 11 H(1)  G(4)  E(5)  C(1) 
  19738389 174.65 || noQ Q (Avg,Max,Min) (1.00, 1.13, 0.86) (0.93, 0.84, 1.11) #fs:   7  -- #Conts: 11 A(1)  G(2)  E(7)  C(1) 
  20785921 171.94 || noQ Q (Avg,Max,Min) (1.01, 1.13, 0.88) (0.94, 0.83, 1.11) #fs:   6  -- #Conts: 12 A(1)  G(2)  E(7)  C(2) 
  21030433 170.65 || noQ Q (Avg,Max,Min) (1.01, 1.13, 0.88) (0.93, 0.69, 1.11) #fs:   6  -- #Conts: 12 A(1)  G(2)  E(8)  C(1) 
  21718347 167.94 || noQ Q (Avg,Max,Min) (1.01, 1.13, 0.88) (0.95, 0.84, 1.11) #fs:   6  -- #Conts: 11 A(1)  G(2)  E(7)  C(1) 
  29495700 166.47 || noQ Q (Avg,Max,Min) (1.03, 1.13, 1.00) (0.92, 0.73, 1.11) #fs:   1  -- #Conts: 13 A(1)  G(1)  E(8)  C(3) 
  30769160 163.76 || noQ Q (Avg,Max,Min) (1.03, 1.13, 1.00) (0.94, 0.74, 1.11) #fs:   1  -- #Conts: 12 A(1)  G(1)  E(7)  C(3) 
  35268704 161.06 || noQ Q (Avg,Max,Min) (1.04, 1.13, 1.00) (0.97, 0.81, 1.11) #fs:   1  -- #Conts: 11 A(1)  G(1)  E(6)  C(3) 
/////////////////size: 18
nodes 50 edges 60
 mulT: 50 mulD: 10000  sumData GB 14479
pareto /LIGO.n.50.0.dax time -> 1130.0
moheft /LIGO.n.50.0.dax time -> 299.0
distance from M to C 2.0369176625251013
distance from P to C 0.3166094483717603
distance from C to M 2.6856389670541985
distance from C to P 3.134319629041932
toCompare: /LIGO.n.50.0.dax sumDataGB: 14479 mulT: 50 mulD: 10000 paretoOptTime_MS: 1130.0 MoheftOptimizationTime_MS: 299.0 MtoC 2.0369176625251013 PtoC 0.3166094483717603 CtoM 2.6856389670541985 CtoP 3.134319629041932
