specify -Dflow d,b,mt,md,size
Running /home/vaggelis/jc/SIPHT.n.100.0.dax mt 10 md: 1000 size null
   1855065 157.65 || noQ Q (Avg,Max,Min) (0.90, 1.34, 0.51) (0.44, 0.25, 0.64) #fs:  11  -- #Conts: 5 H(5) 
   2090957 126.12 || noQ Q (Avg,Max,Min) (0.97, 1.24, 0.53) (0.56, 0.31, 0.72) #fs:   6  -- #Conts: 4 H(4) 
   2571527 094.59 || noQ Q (Avg,Max,Min) (1.05, 1.08, 1.02) (0.72, 0.69, 0.74) #fs:   3  -- #Conts: 3 H(3) 
   2975125 078.82 || noQ Q (Avg,Max,Min) (0.89, 1.25, 0.64) (0.70, 0.44, 1.03) #fs:  10  -- #Conts: 5 G(5) 
   3548521 063.06 || noQ Q (Avg,Max,Min) (1.14, 1.20, 1.09) (1.13, 1.07, 1.18) #fs:   3  -- #Conts: 2 H(2) 
   7233637 060.35 || noQ Q (Avg,Max,Min) (1.01, 1.16, 0.56) (0.80, 0.52, 1.16) #fs:   2  -- #Conts: 7 E(7) 
  10568001 056.00 || noQ Q (Avg,Max,Min) (0.90, 1.13, 0.76) (0.86, 0.75, 0.99) #fs:  11  -- #Conts: 6 C(6) 
  12797563 054.71 || noQ Q (Avg,Max,Min) (1.00, 1.11, 0.79) (0.87, 0.47, 1.09) #fs:   2  -- #Conts: 7 E(1)  C(6) 
  13584585 052.00 || noQ Q (Avg,Max,Min) (1.00, 1.11, 0.79) (0.92, 0.79, 1.09) #fs:   2  -- #Conts: 7 C(7) 
/////////////////size: 9
   1714530 157.65 || noQ Q (Avg,Max,Min) (1.09, 1.44, 0.84) (0.44, 0.24, 0.68) #fs:   5  -- #Conts: 5 H(5) 
   1902900 126.12 || noQ Q (Avg,Max,Min) (1.07, 1.26, 0.75) (0.50, 0.40, 0.61) #fs:   6  -- #Conts: 5 H(3)  G(2) 
   2398929 094.59 || noQ Q (Avg,Max,Min) (1.11, 1.19, 1.02) (0.62, 0.40, 0.79) #fs:   2  -- #Conts: 4 H(2)  G(2) 
   2698872 078.82 || noQ Q (Avg,Max,Min) (1.06, 1.39, 0.81) (0.74, 0.60, 0.84) #fs:   5  -- #Conts: 4 H(1)  G(3) 
   3290449 063.06 || noQ Q (Avg,Max,Min) (1.03, 1.27, 0.70) (0.93, 0.62, 1.16) #fs:   3  -- #Conts: 3 H(1)  G(2) 
   4649986 054.00 || noQ Q (Avg,Max,Min) (1.10, 1.16, 1.00) (0.91, 0.47, 1.14) #fs:   1  -- #Conts: 4 G(3)  E(1) 
   5871872 051.29 || noQ Q (Avg,Max,Min) (1.10, 1.16, 1.00) (1.00, 0.81, 1.14) #fs:   1  -- #Conts: 4 G(3)  C(1) 
   9972345 051.24 || noQ Q (Avg,Max,Min) (1.04, 1.23, 0.84) (0.99, 0.83, 1.23) #fs:   1  -- #Conts: 6 G(2)  A(1)  E(1)  C(2) 
  13406280 050.53 || noQ Q (Avg,Max,Min) (1.06, 1.15, 1.00) (0.94, 0.79, 1.10) #fs:   1  -- #Conts: 7 A(1)  E(3)  C(3) 
  15664802 049.12 || noQ Q (Avg,Max,Min) (1.05, 1.12, 1.00) (0.98, 0.87, 1.10) #fs:   0  -- #Conts: 6 A(1)  E(2)  C(3) 
  16586132 048.12 || noQ Q (Avg,Max,Min) (1.05, 1.12, 1.00) (0.98, 0.81, 1.10) #fs:   0  -- #Conts: 5 E(2)  C(3) 
/////////////////size: 11
nodes 97 edges 109
 mulT: 10 mulD: 1000  sumData GB 2207
pareto /SIPHT.n.100.0.dax time -> 8684.0
moheft /SIPHT.n.100.0.dax time -> 308.0
distance from M to C 0.0
distance from P to C 1.6675313576152577
distance from C to M 0.0
distance from C to P 2.652232856227526
toCompare: /SIPHT.n.100.0.dax sumDataGB: 2207 mulT: 10 mulD: 1000 paretoOptTime_MS: 8684.0 MoheftOptimizationTime_MS: 308.0 MtoC 0.0 PtoC 1.6675313576152577 CtoM 0.0 CtoP 2.652232856227526
