specify -Dflow d,b,mt,md,size
Running /home/vaggelis/jc/MONTAGE.n.100.0.dax mt 30 md: 1000 size null
    573682 693.65 || noQ Q (Avg,Max,Min) (7.21, 8.77, 3.64) (0.12, 0.03, 1.07) #fs:   5  -- #Conts: 22 H(22) 
    573827 662.12 || noQ Q (Avg,Max,Min) (7.29, 8.77, 3.64) (0.13, 0.03, 1.07) #fs:   4  -- #Conts: 21 H(21) 
    574425 630.59 || noQ Q (Avg,Max,Min) (7.22, 8.75, 3.64) (0.14, 0.03, 1.07) #fs:   4  -- #Conts: 20 H(20) 
    574658 599.06 || noQ Q (Avg,Max,Min) (7.00, 8.68, 3.64) (0.14, 0.03, 1.07) #fs:   4  -- #Conts: 19 H(19) 
    577808 567.53 || noQ Q (Avg,Max,Min) (6.89, 8.65, 3.64) (0.15, 0.03, 1.07) #fs:   5  -- #Conts: 18 H(18) 
    578209 536.00 || noQ Q (Avg,Max,Min) (6.77, 8.71, 3.64) (0.16, 0.03, 1.07) #fs:   5  -- #Conts: 17 H(17) 
    580764 520.24 || noQ Q (Avg,Max,Min) (6.74, 8.71, 3.43) (0.16, 0.03, 1.07) #fs:   5  -- #Conts: 17 H(16)  G(1) 
    580951 488.71 || noQ Q (Avg,Max,Min) (6.92, 8.71, 3.43) (0.17, 0.03, 1.07) #fs:   5  -- #Conts: 16 H(15)  G(1) 
    581133 457.18 || noQ Q (Avg,Max,Min) (6.81, 8.71, 3.43) (0.18, 0.05, 1.07) #fs:   5  -- #Conts: 15 H(14)  G(1) 
    583741 441.41 || noQ Q (Avg,Max,Min) (6.77, 8.71, 3.43) (0.18, 0.05, 1.07) #fs:   5  -- #Conts: 15 H(13)  G(2) 
    584436 425.65 || noQ Q (Avg,Max,Min) (6.84, 8.71, 3.48) (0.19, 0.08, 1.09) #fs:   5  -- #Conts: 14 H(13)  G(1) 
    584658 409.88 || noQ Q (Avg,Max,Min) (6.72, 8.71, 4.27) (0.21, 0.08, 1.09) #fs:   5  -- #Conts: 13 H(13) 
    588682 378.35 || noQ Q (Avg,Max,Min) (6.54, 8.70, 4.29) (0.22, 0.08, 1.07) #fs:   5  -- #Conts: 12 H(12) 
    592377 346.82 || noQ Q (Avg,Max,Min) (6.67, 8.69, 4.17) (0.24, 0.10, 1.09) #fs:   5  -- #Conts: 11 H(11) 
    596004 315.29 || noQ Q (Avg,Max,Min) (6.77, 8.64, 4.46) (0.27, 0.10, 1.12) #fs:   4  -- #Conts: 10 H(10) 
    602737 283.76 || noQ Q (Avg,Max,Min) (6.43, 8.71, 4.35) (0.30, 0.10, 1.10) #fs:   5  -- #Conts: 9 H(9) 
    610469 252.24 || noQ Q (Avg,Max,Min) (6.58, 8.64, 4.67) (0.34, 0.13, 1.15) #fs:   5  -- #Conts: 8 H(8) 
    617495 220.71 || noQ Q (Avg,Max,Min) (6.50, 8.69, 4.99) (0.38, 0.16, 1.13) #fs:   5  -- #Conts: 7 H(7) 
    634756 189.18 || noQ Q (Avg,Max,Min) (6.44, 8.65, 4.83) (0.45, 0.21, 1.18) #fs:   4  -- #Conts: 6 H(6) 
    649505 157.65 || noQ Q (Avg,Max,Min) (6.69, 8.68, 4.61) (0.53, 0.26, 1.23) #fs:   4  -- #Conts: 5 H(5) 
    677806 126.12 || noQ Q (Avg,Max,Min) (6.89, 8.67, 5.47) (0.64, 0.34, 1.14) #fs:   3  -- #Conts: 4 H(4) 
    720650 094.59 || noQ Q (Avg,Max,Min) (6.53, 7.85, 5.43) (0.85, 0.46, 1.26) #fs:   3  -- #Conts: 3 H(3) 
    791482 078.82 || noQ Q (Avg,Max,Min) (4.19, 5.21, 3.40) (0.60, 0.28, 0.85) #fs:   5  -- #Conts: 5 G(5) 
    814415 063.06 || noQ Q (Avg,Max,Min) (6.23, 6.50, 5.95) (1.26, 1.04, 1.47) #fs:   3  -- #Conts: 2 H(2) 
    911122 047.29 || noQ Q (Avg,Max,Min) (4.55, 5.20, 4.00) (0.99, 0.79, 1.32) #fs:   4  -- #Conts: 3 G(3) 
   1094384 046.94 || noQ Q (Avg,Max,Min) (2.39, 3.49, 1.82) (0.55, 0.33, 1.06) #fs:  10  -- #Conts: 7 E(7) 
   1099491 031.53 || noQ Q (Avg,Max,Min) (5.05, 5.05, 5.05) (1.54, 1.54, 1.54) #fs:   0  -- #Conts: 1 H(1) 
   1424765 026.82 || noQ Q (Avg,Max,Min) (2.77, 3.53, 2.45) (0.96, 0.77, 1.40) #fs:   4  -- #Conts: 4 E(4) 
   1746795 020.12 || noQ Q (Avg,Max,Min) (2.83, 3.44, 2.41) (1.25, 0.97, 1.67) #fs:   3  -- #Conts: 3 E(3) 
   1884312 015.76 || noQ Q (Avg,Max,Min) (3.36, 3.36, 3.36) (1.76, 1.76, 1.76) #fs:   0  -- #Conts: 1 G(1) 
   2368536 013.41 || noQ Q (Avg,Max,Min) (2.81, 3.12, 2.50) (1.76, 1.47, 2.05) #fs:   2  -- #Conts: 2 E(2) 
   2798717 012.00 || noQ Q (Avg,Max,Min) (2.19, 2.52, 2.01) (1.58, 1.38, 1.96) #fs:   3  -- #Conts: 3 C(3) 
/////////////////size: 32
    654311 930.59 || noQ Q (Avg,Max,Min) (4.41, 8.78, 1.43) (0.07, 0.03, 0.59) #fs:  15  -- #Conts: 53 H(24)  G(4)  E(4)  C(21) 
    655653 899.06 || noQ Q (Avg,Max,Min) (4.28, 8.78, 1.42) (0.07, 0.03, 0.59) #fs:  15  -- #Conts: 53 H(22)  G(6)  E(4)  C(21) 
    657119 883.29 || noQ Q (Avg,Max,Min) (4.22, 8.78, 1.42) (0.07, 0.03, 0.59) #fs:  15  -- #Conts: 53 H(21)  G(7)  E(4)  C(21) 
    657126 811.18 || noQ Q (Avg,Max,Min) (3.91, 8.78, 1.42) (0.07, 0.03, 0.59) #fs:  15  -- #Conts: 54 H(16)  G(12)  E(5)  C(21) 
    657487 748.12 || noQ Q (Avg,Max,Min) (3.68, 8.67, 1.42) (0.07, 0.03, 0.59) #fs:  15  -- #Conts: 54 H(12)  G(16)  E(5)  C(21) 
    658034 728.35 || noQ Q (Avg,Max,Min) (4.31, 15.95, 1.42) (0.07, 0.03, 0.59) #fs:  12  -- #Conts: 56 H(8)  G(23)  E(5)  C(20) 
    658062 701.88 || noQ Q (Avg,Max,Min) (4.36, 15.95, 1.42) (0.07, 0.03, 0.59) #fs:  12  -- #Conts: 53 H(8)  G(22)  E(4)  C(19) 
    659035 692.82 || noQ Q (Avg,Max,Min) (4.31, 15.95, 1.41) (0.07, 0.03, 0.59) #fs:  12  -- #Conts: 53 H(8)  G(21)  E(5)  C(19) 
    661612 670.35 || noQ Q (Avg,Max,Min) (4.14, 15.95, 1.42) (0.07, 0.03, 0.59) #fs:  12  -- #Conts: 52 H(7)  G(22)  E(4)  C(19) 
    662585 661.29 || noQ Q (Avg,Max,Min) (4.09, 15.95, 1.41) (0.07, 0.03, 0.59) #fs:  12  -- #Conts: 52 H(7)  G(21)  E(5)  C(19) 
    665204 638.82 || noQ Q (Avg,Max,Min) (3.84, 15.78, 1.42) (0.07, 0.03, 0.59) #fs:  13  -- #Conts: 51 H(6)  G(22)  E(4)  C(19) 
    665563 607.29 || noQ Q (Avg,Max,Min) (3.53, 6.71, 1.42) (0.08, 0.03, 0.59) #fs:  14  -- #Conts: 50 H(5)  G(22)  E(4)  C(19) 
    666536 598.24 || noQ Q (Avg,Max,Min) (3.48, 6.68, 1.41) (0.08, 0.03, 0.59) #fs:  14  -- #Conts: 50 H(5)  G(21)  E(5)  C(19) 
    669418 582.47 || noQ Q (Avg,Max,Min) (3.76, 15.61, 1.40) (0.07, 0.03, 0.59) #fs:  13  -- #Conts: 51 H(3)  G(24)  E(5)  C(19) 
    669436 550.94 || noQ Q (Avg,Max,Min) (3.45, 6.62, 1.40) (0.08, 0.03, 0.59) #fs:  14  -- #Conts: 50 H(2)  G(24)  E(5)  C(19) 
    670467 525.06 || noQ Q (Avg,Max,Min) (3.30, 6.60, 1.40) (0.07, 0.03, 0.59) #fs:  14  -- #Conts: 52 H(1)  G(23)  E(7)  C(21) 
    683279 504.94 || noQ Q (Avg,Max,Min) (4.39, 15.78, 1.36) (0.08, 0.03, 0.57) #fs:   8  -- #Conts: 45 H(5)  G(15)  E(4)  C(21) 
    683477 473.41 || noQ Q (Avg,Max,Min) (4.06, 15.78, 1.36) (0.09, 0.03, 0.57) #fs:   9  -- #Conts: 44 H(4)  G(15)  E(4)  C(21) 
    683574 441.88 || noQ Q (Avg,Max,Min) (3.72, 15.61, 1.36) (0.09, 0.03, 0.57) #fs:  10  -- #Conts: 43 H(3)  G(15)  E(4)  C(21) 
    683592 410.35 || noQ Q (Avg,Max,Min) (3.36, 15.55, 1.36) (0.09, 0.03, 0.57) #fs:  11  -- #Conts: 42 H(2)  G(15)  E(4)  C(21) 
    683852 378.82 || noQ Q (Avg,Max,Min) (2.99, 6.85, 1.36) (0.09, 0.03, 0.57) #fs:  12  -- #Conts: 41 H(1)  G(15)  E(4)  C(21) 
    688513 356.24 || noQ Q (Avg,Max,Min) (2.86, 9.64, 1.35) (0.08, 0.03, 0.61) #fs:   9  -- #Conts: 51 H(1)  G(6)  E(20)  C(24) 
    701207 354.35 || noQ Q (Avg,Max,Min) (3.53, 15.55, 1.31) (0.09, 0.03, 0.57) #fs:   7  -- #Conts: 45 H(2)  G(6)  E(18)  C(19) 
    701467 307.06 || noQ Q (Avg,Max,Min) (3.13, 9.62, 1.31) (0.09, 0.03, 0.66) #fs:   7  -- #Conts: 43 H(1)  G(5)  E(18)  C(19) 
    715483 291.29 || noQ Q (Avg,Max,Min) (2.97, 9.57, 1.31) (0.10, 0.03, 0.66) #fs:   7  -- #Conts: 42 H(1)  G(4)  E(18)  C(19) 
    718029 253.18 || noQ Q (Avg,Max,Min) (2.93, 9.62, 1.42) (0.10, 0.03, 0.66) #fs:   7  -- #Conts: 39 H(1)  G(5)  E(4)  C(29) 
    732045 237.41 || noQ Q (Avg,Max,Min) (2.75, 9.57, 1.42) (0.11, 0.03, 0.66) #fs:   7  -- #Conts: 38 H(1)  G(4)  E(4)  C(29) 
    733093 230.71 || noQ Q (Avg,Max,Min) (2.76, 9.72, 1.41) (0.11, 0.03, 0.66) #fs:   7  -- #Conts: 37 H(1)  G(4)  E(3)  C(29) 
    735856 221.65 || noQ Q (Avg,Max,Min) (2.57, 9.62, 1.42) (0.11, 0.03, 0.66) #fs:   7  -- #Conts: 37 H(1)  G(3)  E(4)  C(29) 
    736093 214.94 || noQ Q (Avg,Max,Min) (2.56, 9.68, 1.41) (0.11, 0.03, 0.66) #fs:   7  -- #Conts: 36 H(1)  G(3)  E(3)  C(29) 
    740229 205.88 || noQ Q (Avg,Max,Min) (2.35, 7.44, 1.42) (0.11, 0.03, 0.66) #fs:   8  -- #Conts: 36 H(1)  G(2)  E(4)  C(29) 
    740933 199.18 || noQ Q (Avg,Max,Min) (2.33, 7.44, 1.41) (0.12, 0.03, 0.66) #fs:   8  -- #Conts: 35 H(1)  G(2)  E(3)  C(29) 
    745024 191.06 || noQ Q (Avg,Max,Min) (2.32, 8.16, 1.39) (0.12, 0.04, 0.71) #fs:   8  -- #Conts: 35 H(1)  G(2)  C(32) 
    774003 187.41 || noQ Q (Avg,Max,Min) (2.38, 9.92, 1.37) (0.12, 0.04, 0.67) #fs:   9  -- #Conts: 36 G(3)  E(3)  C(30) 
    787930 180.71 || noQ Q (Avg,Max,Min) (2.38, 9.53, 1.37) (0.12, 0.04, 0.78) #fs:   9  -- #Conts: 35 G(3)  E(2)  C(30) 
    788002 178.35 || noQ Q (Avg,Max,Min) (2.29, 4.97, 1.37) (0.11, 0.04, 1.09) #fs:   9  -- #Conts: 36 G(2)  E(4)  C(30) 
    795962 171.65 || noQ Q (Avg,Max,Min) (2.22, 5.02, 1.37) (0.12, 0.04, 1.11) #fs:   9  -- #Conts: 35 G(2)  E(3)  C(30) 
    803782 164.94 || noQ Q (Avg,Max,Min) (2.15, 4.87, 1.42) (0.12, 0.04, 1.09) #fs:   9  -- #Conts: 34 G(2)  E(2)  C(30) 
    814185 162.35 || noQ Q (Avg,Max,Min) (2.40, 5.03, 1.31) (0.13, 0.04, 1.14) #fs:   8  -- #Conts: 32 G(2)  E(4)  C(26) 
    821055 154.82 || noQ Q (Avg,Max,Min) (3.12, 9.68, 1.25) (0.17, 0.04, 1.12) #fs:   7  -- #Conts: 24 G(5)  C(19) 
    825018 152.47 || noQ Q (Avg,Max,Min) (2.99, 9.51, 1.25) (0.16, 0.04, 1.12) #fs:   7  -- #Conts: 25 G(4)  E(2)  C(19) 
    825390 150.12 || noQ Q (Avg,Max,Min) (2.88, 9.48, 1.25) (0.16, 0.04, 1.12) #fs:   7  -- #Conts: 26 G(3)  E(4)  C(19) 
    825984 147.76 || noQ Q (Avg,Max,Min) (2.78, 4.89, 1.25) (0.15, 0.04, 1.12) #fs:   7  -- #Conts: 27 G(2)  E(6)  C(19) 
    838811 140.47 || noQ Q (Avg,Max,Min) (3.15, 9.60, 1.48) (0.18, 0.04, 1.17) #fs:   7  -- #Conts: 22 G(4)  E(2)  C(16) 
    839183 138.12 || noQ Q (Avg,Max,Min) (3.01, 9.52, 1.48) (0.18, 0.04, 1.17) #fs:   7  -- #Conts: 23 G(3)  E(4)  C(16) 
    839777 135.76 || noQ Q (Avg,Max,Min) (2.89, 5.00, 1.48) (0.17, 0.04, 1.17) #fs:   7  -- #Conts: 24 G(2)  E(6)  C(16) 
    845420 121.06 || noQ Q (Avg,Max,Min) (2.86, 5.20, 1.47) (0.19, 0.04, 1.22) #fs:   7  -- #Conts: 21 G(2)  E(5)  C(14) 
    858825 114.35 || noQ Q (Avg,Max,Min) (2.77, 5.02, 1.47) (0.20, 0.04, 1.20) #fs:   7  -- #Conts: 20 G(2)  E(4)  C(14) 
    866785 107.65 || noQ Q (Avg,Max,Min) (2.67, 5.07, 1.47) (0.21, 0.04, 1.22) #fs:   7  -- #Conts: 19 G(2)  E(3)  C(14) 
    868526 100.94 || noQ Q (Avg,Max,Min) (2.56, 5.06, 1.47) (0.22, 0.04, 1.22) #fs:   7  -- #Conts: 18 G(2)  E(2)  C(14) 
    874605 094.24 || noQ Q (Avg,Max,Min) (2.44, 5.02, 1.53) (0.24, 0.04, 1.22) #fs:   7  -- #Conts: 17 G(2)  E(1)  C(14) 
    875205 087.53 || noQ Q (Avg,Max,Min) (2.30, 4.93, 1.53) (0.25, 0.04, 1.20) #fs:   7  -- #Conts: 16 G(2)  C(14) 
    901533 086.24 || noQ Q (Avg,Max,Min) (2.49, 4.90, 1.48) (0.27, 0.06, 1.23) #fs:   7  -- #Conts: 15 G(2)  E(1)  C(12) 
    902133 079.53 || noQ Q (Avg,Max,Min) (2.33, 4.80, 1.48) (0.28, 0.09, 1.20) #fs:   7  -- #Conts: 14 G(2)  C(12) 
    924027 078.24 || noQ Q (Avg,Max,Min) (2.54, 4.88, 1.43) (0.30, 0.06, 1.25) #fs:   7  -- #Conts: 13 G(2)  E(1)  C(10) 
    924627 071.53 || noQ Q (Avg,Max,Min) (2.36, 4.79, 1.43) (0.33, 0.13, 1.23) #fs:   7  -- #Conts: 12 G(2)  C(10) 
    931884 067.53 || noQ Q (Avg,Max,Min) (2.42, 4.87, 1.42) (0.35, 0.13, 1.26) #fs:   7  -- #Conts: 11 G(2)  C(9) 
    940785 064.53 || noQ Q (Avg,Max,Min) (2.33, 4.74, 1.26) (0.36, 0.11, 1.24) #fs:   7  -- #Conts: 11 G(2)  A(1)  C(8) 
    945210 063.53 || noQ Q (Avg,Max,Min) (2.46, 4.68, 1.60) (0.39, 0.17, 1.23) #fs:   6  -- #Conts: 10 G(2)  C(8) 
    965322 060.53 || noQ Q (Avg,Max,Min) (2.35, 4.74, 1.26) (0.39, 0.11, 1.27) #fs:   7  -- #Conts: 10 G(2)  A(1)  C(7) 
    972455 058.76 || noQ Q (Avg,Max,Min) (1.87, 4.79, 1.26) (0.31, 0.11, 1.29) #fs:  11  -- #Conts: 14 G(1)  A(3)  C(10) 
    977274 057.76 || noQ Q (Avg,Max,Min) (1.74, 4.85, 1.26) (0.28, 0.11, 1.32) #fs:  11  -- #Conts: 16 G(1)  A(6)  C(9) 
    983183 056.76 || noQ Q (Avg,Max,Min) (1.76, 4.84, 1.26) (0.30, 0.11, 1.32) #fs:  10  -- #Conts: 15 G(1)  A(5)  C(9) 
    994012 055.76 || noQ Q (Avg,Max,Min) (1.78, 4.87, 1.26) (0.31, 0.11, 1.34) #fs:  11  -- #Conts: 14 G(1)  A(4)  C(9) 
    995205 054.76 || noQ Q (Avg,Max,Min) (1.83, 4.78, 1.26) (0.33, 0.11, 1.32) #fs:  11  -- #Conts: 13 G(1)  A(3)  C(9) 
    996654 053.76 || noQ Q (Avg,Max,Min) (1.91, 4.85, 1.26) (0.36, 0.11, 1.34) #fs:  11  -- #Conts: 12 G(1)  A(2)  C(9) 
   1001409 052.76 || noQ Q (Avg,Max,Min) (1.95, 4.77, 1.26) (0.38, 0.11, 1.33) #fs:  10  -- #Conts: 11 G(1)  A(1)  C(9) 
   1006061 051.76 || noQ Q (Avg,Max,Min) (2.04, 4.83, 1.47) (0.41, 0.21, 1.35) #fs:  11  -- #Conts: 10 G(1)  C(9) 
   1013667 050.76 || noQ Q (Avg,Max,Min) (1.84, 4.71, 1.26) (0.36, 0.11, 1.33) #fs:  11  -- #Conts: 12 G(1)  A(3)  C(8) 
   1014195 049.76 || noQ Q (Avg,Max,Min) (1.92, 4.71, 1.26) (0.38, 0.11, 1.33) #fs:  11  -- #Conts: 11 G(1)  A(2)  C(8) 
   1020433 048.76 || noQ Q (Avg,Max,Min) (2.00, 4.76, 1.26) (0.42, 0.11, 1.35) #fs:  11  -- #Conts: 10 G(1)  A(1)  C(8) 
   1039190 047.76 || noQ Q (Avg,Max,Min) (1.82, 4.96, 1.26) (0.36, 0.11, 1.43) #fs:   9  -- #Conts: 12 G(1)  A(4)  C(7) 
   1044125 046.76 || noQ Q (Avg,Max,Min) (1.88, 4.94, 1.26) (0.38, 0.11, 1.43) #fs:  10  -- #Conts: 11 G(1)  A(3)  C(7) 
   1057278 045.76 || noQ Q (Avg,Max,Min) (1.91, 4.89, 1.26) (0.41, 0.11, 1.44) #fs:   9  -- #Conts: 10 G(1)  A(2)  C(7) 
   1066131 044.76 || noQ Q (Avg,Max,Min) (2.00, 4.93, 1.26) (0.45, 0.11, 1.46) #fs:  10  -- #Conts: 9 G(1)  A(1)  C(7) 
   1075540 043.76 || noQ Q (Avg,Max,Min) (2.06, 4.83, 1.44) (0.49, 0.28, 1.44) #fs:   9  -- #Conts: 8 G(1)  C(7) 
   1085878 042.76 || noQ Q (Avg,Max,Min) (1.93, 5.09, 1.25) (0.42, 0.11, 1.54) #fs:   9  -- #Conts: 10 G(1)  A(3)  C(6) 
   1093523 041.76 || noQ Q (Avg,Max,Min) (2.02, 5.06, 1.25) (0.46, 0.11, 1.54) #fs:   9  -- #Conts: 9 G(1)  A(2)  C(6) 
   1118080 040.76 || noQ Q (Avg,Max,Min) (1.82, 5.08, 1.26) (0.38, 0.11, 1.58) #fs:   8  -- #Conts: 11 G(1)  A(5)  C(5) 
   1129673 039.76 || noQ Q (Avg,Max,Min) (1.86, 5.04, 1.26) (0.41, 0.11, 1.58) #fs:   7  -- #Conts: 10 G(1)  A(4)  C(5) 
   1139768 038.76 || noQ Q (Avg,Max,Min) (1.95, 5.07, 1.26) (0.45, 0.11, 1.60) #fs:   8  -- #Conts: 9 G(1)  A(3)  C(5) 
   1147778 037.76 || noQ Q (Avg,Max,Min) (2.03, 5.12, 1.26) (0.50, 0.11, 1.63) #fs:   7  -- #Conts: 8 G(1)  A(2)  C(5) 
   1150692 036.76 || noQ Q (Avg,Max,Min) (2.17, 5.18, 1.26) (0.56, 0.11, 1.65) #fs:   8  -- #Conts: 7 G(1)  A(1)  C(5) 
   1156193 035.76 || noQ Q (Avg,Max,Min) (2.32, 5.08, 1.72) (0.64, 0.36, 1.63) #fs:   8  -- #Conts: 6 G(1)  C(5) 
   1188097 034.76 || noQ Q (Avg,Max,Min) (1.99, 5.13, 1.26) (0.49, 0.11, 1.69) #fs:   7  -- #Conts: 8 G(1)  A(3)  C(4) 
   1203970 033.76 || noQ Q (Avg,Max,Min) (2.08, 5.14, 1.26) (0.55, 0.11, 1.72) #fs:   6  -- #Conts: 7 G(1)  A(2)  C(4) 
   1221246 032.76 || noQ Q (Avg,Max,Min) (2.21, 5.07, 1.26) (0.63, 0.11, 1.72) #fs:   7  -- #Conts: 6 G(1)  A(1)  C(4) 
   1222232 031.76 || noQ Q (Avg,Max,Min) (2.38, 5.02, 1.61) (0.73, 0.46, 1.70) #fs:   6  -- #Conts: 5 G(1)  C(4) 
   1357528 030.76 || noQ Q (Avg,Max,Min) (1.99, 4.66, 1.26) (0.58, 0.11, 1.76) #fs:   7  -- #Conts: 7 G(1)  A(3)  C(3) 
   1368584 029.76 || noQ Q (Avg,Max,Min) (2.10, 4.63, 1.26) (0.66, 0.22, 1.76) #fs:   6  -- #Conts: 6 G(1)  A(2)  C(3) 
   1386776 028.76 || noQ Q (Avg,Max,Min) (2.26, 4.59, 1.26) (0.76, 0.22, 1.77) #fs:   6  -- #Conts: 5 G(1)  A(1)  C(3) 
   1405090 027.76 || noQ Q (Avg,Max,Min) (2.53, 4.60, 1.76) (0.91, 0.59, 1.80) #fs:   6  -- #Conts: 4 G(1)  C(3) 
   1456086 026.76 || noQ Q (Avg,Max,Min) (2.00, 4.39, 1.26) (0.63, 0.22, 1.77) #fs:   5  -- #Conts: 6 G(1)  A(3)  C(2) 
   1524545 024.76 || noQ Q (Avg,Max,Min) (1.79, 4.16, 1.26) (0.52, 0.22, 1.76) #fs:   3  -- #Conts: 7 G(1)  A(5)  C(1) 
   1552906 023.76 || noQ Q (Avg,Max,Min) (1.87, 4.16, 1.26) (0.57, 0.22, 1.79) #fs:   2  -- #Conts: 6 G(1)  A(4)  C(1) 
   1584959 022.76 || noQ Q (Avg,Max,Min) (1.97, 4.09, 1.26) (0.67, 0.22, 1.80) #fs:   3  -- #Conts: 5 G(1)  A(3)  C(1) 
   1594715 021.76 || noQ Q (Avg,Max,Min) (2.17, 4.08, 1.26) (0.79, 0.22, 1.81) #fs:   3  -- #Conts: 4 G(1)  A(2)  C(1) 
   1645377 020.76 || noQ Q (Avg,Max,Min) (2.46, 4.13, 1.26) (0.97, 0.22, 1.89) #fs:   2  -- #Conts: 3 G(1)  A(1)  C(1) 
   1663587 019.76 || noQ Q (Avg,Max,Min) (3.09, 4.10, 2.08) (1.37, 0.85, 1.89) #fs:   2  -- #Conts: 2 G(1)  C(1) 
   1739657 018.76 || noQ Q (Avg,Max,Min) (1.83, 3.55, 1.25) (0.65, 0.22, 1.72) #fs:   0  -- #Conts: 4 G(1)  A(3) 
   1776534 017.76 || noQ Q (Avg,Max,Min) (2.00, 3.50, 1.25) (0.80, 0.33, 1.73) #fs:   0  -- #Conts: 3 G(1)  A(2) 
   1831103 016.76 || noQ Q (Avg,Max,Min) (2.34, 3.43, 1.25) (1.04, 0.33, 1.74) #fs:   0  -- #Conts: 2 G(1)  A(1) 
   1884312 015.76 || noQ Q (Avg,Max,Min) (3.36, 3.36, 3.36) (1.76, 1.76, 1.76) #fs:   0  -- #Conts: 1 G(1) 
   2245828 015.71 || noQ Q (Avg,Max,Min) (2.14, 3.29, 1.26) (1.15, 0.33, 2.05) #fs:   3  -- #Conts: 4 A(1)  E(1)  C(2) 
   2294521 014.71 || noQ Q (Avg,Max,Min) (2.39, 3.21, 1.99) (1.43, 1.13, 2.04) #fs:   4  -- #Conts: 3 E(1)  C(2) 
   2517911 013.71 || noQ Q (Avg,Max,Min) (1.67, 2.97, 1.13) (1.07, 0.69, 2.08) #fs:   6  -- #Conts: 5 A(3)  E(1)  C(1) 
   2616153 012.71 || noQ Q (Avg,Max,Min) (1.80, 3.10, 1.08) (1.23, 0.69, 2.26) #fs:   5  -- #Conts: 4 A(2)  E(1)  C(1) 
   2780372 011.71 || noQ Q (Avg,Max,Min) (1.94, 2.76, 1.19) (1.45, 0.82, 2.13) #fs:   4  -- #Conts: 3 A(1)  E(1)  C(1) 
   2946419 010.71 || noQ Q (Avg,Max,Min) (2.42, 2.86, 1.97) (1.96, 1.58, 2.34) #fs:   3  -- #Conts: 2 E(1)  C(1) 
   3302220 009.71 || noQ Q (Avg,Max,Min) (1.48, 2.55, 1.13) (1.28, 0.91, 2.34) #fs:   5  -- #Conts: 4 A(3)  E(1) 
/////////////////size: 110
nodes 100 edges 234
 mulT: 30 mulD: 1000  sumData GB 1848
pareto /MONTAGE.n.100.0.dax time -> 13994.0
moheft /MONTAGE.n.100.0.dax time -> 14337.0
distance from M to C 14.400056366325519
distance from P to C 0.014705882352940985
distance from C to M 3.709084171061831
distance from C to P 0.6849933331852575
toCompare: /MONTAGE.n.100.0.dax sumDataGB: 1848 mulT: 30 mulD: 1000 paretoOptTime_MS: 13994.0 MoheftOptimizationTime_MS: 14337.0 MtoC 14.400056366325519 PtoC 0.014705882352940985 CtoM 3.709084171061831 CtoP 0.6849933331852575
