specify -Dflow d,b,mt,md,size
Running /home/vaggelis/jc/SIPHT.n.50.0.dax mt 1 md: 100 size null
    146631 126.12 || noQ Q (Avg,Max,Min) (0.90, 0.97, 0.84) (0.03, 0.03, 0.04) #fs:   8  -- #Conts: 4 H(4) 
    151063 110.35 || noQ Q (Avg,Max,Min) (0.96, 1.26, 0.83) (0.04, 0.03, 0.04) #fs:   8  -- #Conts: 4 H(3)  G(1) 
    177580 094.59 || noQ Q (Avg,Max,Min) (1.02, 1.12, 0.90) (0.05, 0.03, 0.06) #fs:   4  -- #Conts: 3 H(3) 
    194564 078.82 || noQ Q (Avg,Max,Min) (1.06, 1.20, 0.95) (0.05, 0.05, 0.06) #fs:   3  -- #Conts: 3 H(2)  G(1) 
    215253 063.06 || noQ Q (Avg,Max,Min) (1.16, 1.23, 1.10) (0.07, 0.07, 0.07) #fs:   3  -- #Conts: 2 H(2) 
    299249 047.29 || noQ Q (Avg,Max,Min) (0.86, 1.03, 0.62) (0.07, 0.05, 0.09) #fs:   6  -- #Conts: 3 G(3) 
    361388 031.53 || noQ Q (Avg,Max,Min) (1.06, 1.08, 1.05) (0.11, 0.11, 0.11) #fs:   3  -- #Conts: 2 G(2) 
    530173 026.82 || noQ Q (Avg,Max,Min) (0.79, 0.95, 0.67) (0.11, 0.07, 0.14) #fs:   7  -- #Conts: 4 E(4) 
    547643 024.12 || noQ Q (Avg,Max,Min) (0.87, 1.02, 0.69) (0.12, 0.11, 0.14) #fs:   7  -- #Conts: 4 E(3)  C(1) 
    641033 015.76 || noQ Q (Avg,Max,Min) (1.14, 1.14, 1.14) (0.20, 0.20, 0.20) #fs:   0  -- #Conts: 1 G(1) 
    798696 013.41 || noQ Q (Avg,Max,Min) (0.99, 1.01, 0.97) (0.22, 0.21, 0.22) #fs:   3  -- #Conts: 2 E(2) 
   1144221 012.00 || noQ Q (Avg,Max,Min) (0.77, 0.93, 0.54) (0.24, 0.17, 0.30) #fs:   5  -- #Conts: 3 C(3) 
   1209114 010.71 || noQ Q (Avg,Max,Min) (0.89, 1.05, 0.74) (0.29, 0.22, 0.35) #fs:   2  -- #Conts: 2 E(1)  C(1) 
   1370622 008.00 || noQ Q (Avg,Max,Min) (0.96, 0.99, 0.93) (0.36, 0.35, 0.38) #fs:   2  -- #Conts: 2 C(2) 
   1445702 006.71 || noQ Q (Avg,Max,Min) (1.06, 1.06, 1.06) (0.43, 0.43, 0.43) #fs:   0  -- #Conts: 1 E(1) 
   2498077 004.00 || noQ Q (Avg,Max,Min) (1.03, 1.03, 1.03) (0.72, 0.72, 0.72) #fs:   0  -- #Conts: 1 C(1) 
/////////////////size: 16
    150743 110.35 || noQ Q (Avg,Max,Min) (1.07, 1.20, 0.92) (0.03, 0.02, 0.05) #fs:   3  -- #Conts: 4 H(3)  G(1) 
    156314 094.59 || noQ Q (Avg,Max,Min) (1.01, 1.26, 0.73) (0.04, 0.03, 0.05) #fs:   5  -- #Conts: 3 H(3) 
    182254 078.82 || noQ Q (Avg,Max,Min) (1.09, 1.36, 0.87) (0.05, 0.03, 0.07) #fs:   3  -- #Conts: 3 H(2)  G(1) 
    255170 054.00 || noQ Q (Avg,Max,Min) (1.05, 1.17, 0.90) (0.06, 0.03, 0.08) #fs:   3  -- #Conts: 4 G(3)  E(1) 
    263278 047.29 || noQ Q (Avg,Max,Min) (0.94, 1.15, 0.69) (0.07, 0.05, 0.08) #fs:   4  -- #Conts: 3 G(3) 
    331616 031.53 || noQ Q (Avg,Max,Min) (1.10, 1.10, 1.10) (0.10, 0.10, 0.10) #fs:   1  -- #Conts: 2 G(2) 
    482429 026.47 || noQ Q (Avg,Max,Min) (0.93, 1.11, 0.80) (0.11, 0.10, 0.12) #fs:   4  -- #Conts: 3 G(1)  E(1)  C(1) 
    497176 022.47 || noQ Q (Avg,Max,Min) (0.94, 1.07, 0.81) (0.13, 0.11, 0.15) #fs:   3  -- #Conts: 2 G(1)  E(1) 
    550206 019.76 || noQ Q (Avg,Max,Min) (0.91, 1.07, 0.75) (0.14, 0.12, 0.16) #fs:   3  -- #Conts: 2 G(1)  C(1) 
    624452 016.76 || noQ Q (Avg,Max,Min) (0.83, 1.12, 0.53) (0.14, 0.09, 0.20) #fs:   2  -- #Conts: 2 G(1)  A(1) 
    641033 015.76 || noQ Q (Avg,Max,Min) (1.14, 1.14, 1.14) (0.20, 0.20, 0.20) #fs:   0  -- #Conts: 1 G(1) 
    746065 013.41 || noQ Q (Avg,Max,Min) (1.03, 1.05, 1.01) (0.21, 0.21, 0.22) #fs:   1  -- #Conts: 2 E(2) 
   1032040 010.71 || noQ Q (Avg,Max,Min) (0.92, 1.01, 0.82) (0.26, 0.24, 0.29) #fs:   2  -- #Conts: 2 E(1)  C(1) 
   1406981 007.71 || noQ Q (Avg,Max,Min) (0.66, 1.06, 0.26) (0.25, 0.09, 0.41) #fs:   3  -- #Conts: 2 A(1)  E(1) 
   1445702 006.71 || noQ Q (Avg,Max,Min) (1.06, 1.06, 1.06) (0.43, 0.43, 0.43) #fs:   0  -- #Conts: 1 E(1) 
   2140238 005.00 || noQ Q (Avg,Max,Min) (0.95, 1.02, 0.89) (0.53, 0.46, 0.61) #fs:   2  -- #Conts: 2 A(1)  C(1) 
   2498077 004.00 || noQ Q (Avg,Max,Min) (1.03, 1.03, 1.03) (0.72, 0.72, 0.72) #fs:   0  -- #Conts: 1 C(1) 
/////////////////size: 17
nodes 48 edges 56
 mulT: 1 mulD: 100  sumData GB 134
pareto /SIPHT.n.50.0.dax time -> 906.0
moheft /SIPHT.n.50.0.dax time -> 163.0
distance from M to C 0.0
distance from P to C 0.191278516093088
distance from C to M 0.2
distance from C to P 0.31686273298845186
toCompare: /SIPHT.n.50.0.dax sumDataGB: 134 mulT: 1 mulD: 100 paretoOptTime_MS: 906.0 MoheftOptimizationTime_MS: 163.0 MtoC 0.0 PtoC 0.191278516093088 CtoM 0.2 CtoP 0.31686273298845186
