specify -Dflow d,b,mt,md,size
Running /home/vaggelis/jc/SIPHT.n.100.0.dax mt 5000 md: 100 size null
 790409461 29290.82 || noQ Q (Avg,Max,Min) (0.97, 1.00, 0.71) (0.94, 0.70, 1.00) #fs:   1  -- #Conts: 11 H(11) 
 790410160 27241.41 || noQ Q (Avg,Max,Min) (1.00, 1.00, 1.00) (0.96, 0.86, 1.00) #fs:   0  -- #Conts: 11 H(11) 
 790741025 27209.88 || noQ Q (Avg,Max,Min) (1.00, 1.00, 1.00) (0.96, 0.86, 1.00) #fs:   0  -- #Conts: 11 H(11) 
 791082016 27178.35 || noQ Q (Avg,Max,Min) (1.00, 1.00, 1.00) (0.96, 0.86, 1.00) #fs:   0  -- #Conts: 11 H(11) 
1302571528 23584.00 || noQ Q (Avg,Max,Min) (0.99, 1.00, 0.89) (0.96, 0.82, 1.00) #fs:   3  -- #Conts: 16 H(1)  G(15) 
1314493277 23219.18 || noQ Q (Avg,Max,Min) (0.99, 1.00, 0.89) (0.96, 0.82, 1.00) #fs:   3  -- #Conts: 16 G(13)  E(3) 
2959605998 22395.29 || noQ Q (Avg,Max,Min) (0.99, 1.00, 0.82) (0.90, 0.71, 1.00) #fs:   2  -- #Conts: 27 G(1)  E(26) 
2964560243 22323.88 || noQ Q (Avg,Max,Min) (0.99, 1.00, 0.82) (0.90, 0.71, 1.00) #fs:   2  -- #Conts: 27 E(27) 
3645124480 22310.47 || noQ Q (Avg,Max,Min) (0.99, 1.00, 0.82) (0.90, 0.71, 1.00) #fs:   2  -- #Conts: 23 E(23) 
4167099570 21209.76 || noQ Q (Avg,Max,Min) (0.99, 1.00, 0.65) (0.89, 0.65, 1.00) #fs:   2  -- #Conts: 38 E(1)  C(37) 
4279438732 18589.00 || noQ Q (Avg,Max,Min) (0.99, 1.00, 0.78) (0.90, 0.70, 1.00) #fs:   2  -- #Conts: 38 A(1)  C(37) 
6452316444 7649.00 || noQ Q (Avg,Max,Min) (1.00, 1.00, 1.00) (0.98, 0.91, 1.00) #fs:   4  -- #Conts: 36 A(36) 
6492916444 7648.00 || noQ Q (Avg,Max,Min) (1.00, 1.00, 1.00) (0.98, 0.91, 1.00) #fs:   4  -- #Conts: 34 A(34) 
/////////////////size: 13
 767001513 26831.71 || noQ Q (Avg,Max,Min) (1.00, 1.00, 0.99) (0.97, 0.62, 1.00) #fs:   1  -- #Conts: 14 H(6)  G(2)  A(1)  E(2)  C(3) 
 767002367 26739.12 || noQ Q (Avg,Max,Min) (1.00, 1.00, 1.00) (0.97, 0.62, 1.00) #fs:   0  -- #Conts: 15 H(6)  G(2)  A(2)  E(2)  C(3) 
 767226881 26737.12 || noQ Q (Avg,Max,Min) (1.00, 1.00, 1.00) (0.97, 0.62, 1.00) #fs:   0  -- #Conts: 14 H(6)  G(2)  A(1)  E(2)  C(3) 
 767544149 26728.06 || noQ Q (Avg,Max,Min) (1.00, 1.00, 1.00) (0.87, 0.16, 1.00) #fs:   0  -- #Conts: 16 H(6)  G(3)  A(1)  E(3)  C(3) 
 767630721 26721.35 || noQ Q (Avg,Max,Min) (1.00, 1.00, 1.00) (0.92, 0.27, 1.00) #fs:   0  -- #Conts: 15 H(6)  G(3)  A(1)  E(2)  C(3) 
 767979553 26719.00 || noQ Q (Avg,Max,Min) (1.00, 1.00, 1.00) (0.89, 0.24, 1.00) #fs:   0  -- #Conts: 16 H(6)  G(2)  A(1)  E(4)  C(3) 
 768175857 26716.29 || noQ Q (Avg,Max,Min) (1.00, 1.00, 1.00) (0.90, 0.37, 1.00) #fs:   0  -- #Conts: 16 H(6)  G(2)  A(1)  E(3)  C(4) 
 768847355 26712.29 || noQ Q (Avg,Max,Min) (1.00, 1.00, 1.00) (0.95, 0.61, 1.00) #fs:   0  -- #Conts: 15 H(6)  G(2)  A(1)  E(3)  C(3) 
 770132746 26708.29 || noQ Q (Avg,Max,Min) (1.00, 1.00, 1.00) (0.99, 0.97, 1.00) #fs:   0  -- #Conts: 14 H(6)  G(2)  A(1)  E(3)  C(2) 
 820318753 26581.59 || noQ Q (Avg,Max,Min) (1.00, 1.00, 1.00) (0.99, 0.91, 1.00) #fs:   0  -- #Conts: 19 H(8)  G(4)  A(3)  E(2)  C(2) 
 820446298 26580.59 || noQ Q (Avg,Max,Min) (1.00, 1.00, 1.00) (0.99, 0.91, 1.00) #fs:   0  -- #Conts: 19 H(8)  G(4)  A(3)  E(2)  C(2) 
 820483436 26579.59 || noQ Q (Avg,Max,Min) (1.00, 1.00, 1.00) (0.99, 0.91, 1.00) #fs:   0  -- #Conts: 19 H(8)  G(4)  A(3)  E(2)  C(2) 
 820598225 26578.59 || noQ Q (Avg,Max,Min) (1.00, 1.00, 1.00) (0.99, 0.91, 1.00) #fs:   0  -- #Conts: 19 H(8)  G(4)  A(3)  E(2)  C(2) 
 820778727 26577.59 || noQ Q (Avg,Max,Min) (1.00, 1.00, 1.00) (0.99, 0.94, 1.00) #fs:   0  -- #Conts: 18 H(8)  G(4)  A(2)  E(2)  C(2) 
 820815865 26576.59 || noQ Q (Avg,Max,Min) (1.00, 1.00, 1.00) (0.99, 0.94, 1.00) #fs:   0  -- #Conts: 18 H(8)  G(4)  A(2)  E(2)  C(2) 
 820930654 26575.59 || noQ Q (Avg,Max,Min) (1.00, 1.00, 1.00) (0.99, 0.94, 1.00) #fs:   0  -- #Conts: 18 H(8)  G(4)  A(2)  E(2)  C(2) 
 821082581 26574.59 || noQ Q (Avg,Max,Min) (1.00, 1.00, 1.00) (0.99, 0.91, 1.00) #fs:   0  -- #Conts: 18 H(8)  G(4)  A(2)  E(2)  C(2) 
 821156856 26573.59 || noQ Q (Avg,Max,Min) (1.00, 1.00, 1.00) (0.99, 0.94, 1.00) #fs:   0  -- #Conts: 17 H(8)  G(4)  A(1)  E(2)  C(2) 
 821271645 26572.59 || noQ Q (Avg,Max,Min) (1.00, 1.00, 1.00) (0.99, 0.94, 1.00) #fs:   0  -- #Conts: 17 H(8)  G(4)  A(1)  E(2)  C(2) 
 821415132 26571.59 || noQ Q (Avg,Max,Min) (1.00, 1.00, 1.00) (0.99, 0.94, 1.00) #fs:   0  -- #Conts: 17 H(8)  G(4)  A(1)  E(2)  C(2) 
 821543427 26570.59 || noQ Q (Avg,Max,Min) (1.00, 1.00, 1.00) (0.99, 0.94, 1.00) #fs:   0  -- #Conts: 18 H(8)  G(4)  A(2)  E(2)  C(2) 
 821648977 26569.59 || noQ Q (Avg,Max,Min) (1.00, 1.00, 1.00) (0.99, 0.94, 1.00) #fs:   0  -- #Conts: 17 H(8)  G(4)  A(1)  E(2)  C(2) 
 821762876 26568.59 || noQ Q (Avg,Max,Min) (1.00, 1.00, 1.00) (1.00, 0.94, 1.00) #fs:   0  -- #Conts: 17 H(8)  G(4)  A(1)  E(2)  C(2) 
 821884418 26567.59 || noQ Q (Avg,Max,Min) (1.00, 1.00, 1.00) (0.99, 0.94, 1.00) #fs:   0  -- #Conts: 17 H(8)  G(4)  A(1)  E(2)  C(2) 
 821999207 26566.59 || noQ Q (Avg,Max,Min) (1.00, 1.00, 1.00) (1.00, 0.94, 1.00) #fs:   0  -- #Conts: 17 H(8)  G(4)  A(1)  E(2)  C(2) 
 822142694 26565.59 || noQ Q (Avg,Max,Min) (1.00, 1.00, 1.00) (0.99, 0.94, 1.00) #fs:   0  -- #Conts: 17 H(8)  G(4)  A(1)  E(2)  C(2) 
 822256685 26564.59 || noQ Q (Avg,Max,Min) (1.00, 1.00, 1.00) (1.00, 0.94, 1.00) #fs:   0  -- #Conts: 17 H(8)  G(4)  A(1)  E(2)  C(2) 
 822370584 26563.59 || noQ Q (Avg,Max,Min) (1.00, 1.00, 1.00) (1.00, 0.94, 1.00) #fs:   0  -- #Conts: 17 H(8)  G(4)  A(1)  E(2)  C(2) 
 822531842 26562.59 || noQ Q (Avg,Max,Min) (1.00, 1.00, 1.00) (0.99, 0.91, 1.00) #fs:   0  -- #Conts: 18 H(8)  G(4)  A(2)  E(2)  C(2) 
 822626374 26561.59 || noQ Q (Avg,Max,Min) (1.00, 1.00, 1.00) (1.00, 0.94, 1.00) #fs:   0  -- #Conts: 17 H(8)  G(4)  A(1)  E(2)  C(2) 
 822740273 26560.59 || noQ Q (Avg,Max,Min) (1.00, 1.00, 1.00) (1.00, 0.94, 1.00) #fs:   0  -- #Conts: 17 H(8)  G(4)  A(1)  E(2)  C(2) 
 822864393 26559.59 || noQ Q (Avg,Max,Min) (1.00, 1.00, 1.00) (1.00, 0.94, 1.00) #fs:   0  -- #Conts: 17 H(8)  G(4)  A(1)  E(2)  C(2) 
 822974915 26558.59 || noQ Q (Avg,Max,Min) (1.00, 1.00, 1.00) (1.00, 0.94, 1.00) #fs:   0  -- #Conts: 17 H(8)  G(4)  A(1)  E(2)  C(2) 
 823089704 26557.59 || noQ Q (Avg,Max,Min) (1.00, 1.00, 1.00) (1.00, 0.94, 1.00) #fs:   0  -- #Conts: 17 H(8)  G(4)  A(1)  E(2)  C(2) 
 823233191 26556.59 || noQ Q (Avg,Max,Min) (1.00, 1.00, 1.00) (1.00, 0.94, 1.00) #fs:   0  -- #Conts: 17 H(8)  G(4)  A(1)  E(2)  C(2) 
 823350559 26555.59 || noQ Q (Avg,Max,Min) (1.00, 1.00, 1.00) (1.00, 0.94, 1.00) #fs:   0  -- #Conts: 17 H(8)  G(4)  A(1)  E(2)  C(2) 
 823459394 26554.59 || noQ Q (Avg,Max,Min) (1.00, 1.00, 1.00) (1.00, 0.94, 1.00) #fs:   0  -- #Conts: 17 H(8)  G(4)  A(1)  E(2)  C(2) 
 823574183 26553.59 || noQ Q (Avg,Max,Min) (1.00, 1.00, 1.00) (1.00, 0.94, 1.00) #fs:   0  -- #Conts: 17 H(8)  G(4)  A(1)  E(2)  C(2) 
 840256249 26353.65 || noQ Q (Avg,Max,Min) (1.00, 1.00, 1.00) (0.99, 0.91, 1.00) #fs:   0  -- #Conts: 18 H(7)  G(3)  A(3)  E(3)  C(2) 
 840383794 26352.65 || noQ Q (Avg,Max,Min) (1.00, 1.00, 1.00) (0.99, 0.91, 1.00) #fs:   0  -- #Conts: 18 H(7)  G(3)  A(3)  E(3)  C(2) 
 840420932 26351.65 || noQ Q (Avg,Max,Min) (1.00, 1.00, 1.00) (0.99, 0.91, 1.00) #fs:   0  -- #Conts: 18 H(7)  G(3)  A(3)  E(3)  C(2) 
 840535721 26350.65 || noQ Q (Avg,Max,Min) (1.00, 1.00, 1.00) (0.99, 0.91, 1.00) #fs:   0  -- #Conts: 18 H(7)  G(3)  A(3)  E(3)  C(2) 
 840716223 26349.65 || noQ Q (Avg,Max,Min) (1.00, 1.00, 1.00) (0.99, 0.94, 1.00) #fs:   0  -- #Conts: 17 H(7)  G(3)  A(2)  E(3)  C(2) 
 840753361 26348.65 || noQ Q (Avg,Max,Min) (1.00, 1.00, 1.00) (0.99, 0.94, 1.00) #fs:   0  -- #Conts: 17 H(7)  G(3)  A(2)  E(3)  C(2) 
 840868150 26347.65 || noQ Q (Avg,Max,Min) (1.00, 1.00, 1.00) (0.99, 0.94, 1.00) #fs:   0  -- #Conts: 17 H(7)  G(3)  A(2)  E(3)  C(2) 
 841013237 26346.65 || noQ Q (Avg,Max,Min) (1.00, 1.00, 1.00) (0.99, 0.94, 1.00) #fs:   0  -- #Conts: 17 H(7)  G(3)  A(2)  E(3)  C(2) 
 841094352 26345.65 || noQ Q (Avg,Max,Min) (1.00, 1.00, 1.00) (1.00, 0.99, 1.00) #fs:   0  -- #Conts: 16 H(7)  G(3)  A(1)  E(3)  C(2) 
 841209141 26344.65 || noQ Q (Avg,Max,Min) (1.00, 1.00, 1.00) (1.00, 0.99, 1.00) #fs:   0  -- #Conts: 16 H(7)  G(3)  A(1)  E(3)  C(2) 
 841352628 26343.65 || noQ Q (Avg,Max,Min) (1.00, 1.00, 1.00) (1.00, 0.99, 1.00) #fs:   0  -- #Conts: 16 H(7)  G(3)  A(1)  E(3)  C(2) 
 853242479 26278.59 || noQ Q (Avg,Max,Min) (1.00, 1.00, 1.00) (0.99, 0.92, 1.00) #fs:   0  -- #Conts: 16 H(7)  G(3)  A(3)  E(1)  C(2) 
 853466993 26276.59 || noQ Q (Avg,Max,Min) (1.00, 1.00, 1.00) (0.99, 0.92, 1.00) #fs:   0  -- #Conts: 15 H(7)  G(3)  A(2)  E(1)  C(2) 
 868994092 26051.82 || noQ Q (Avg,Max,Min) (1.00, 1.01, 1.00) (0.93, 0.11, 1.00) #fs:   0  -- #Conts: 19 H(6)  G(6)  A(3)  E(2)  C(2) 
 869006581 26050.82 || noQ Q (Avg,Max,Min) (1.00, 1.00, 1.00) (0.97, 0.62, 1.00) #fs:   0  -- #Conts: 18 H(6)  G(6)  A(2)  E(2)  C(2) 
 869218606 26049.82 || noQ Q (Avg,Max,Min) (1.00, 1.01, 1.00) (0.93, 0.11, 1.00) #fs:   0  -- #Conts: 18 H(6)  G(6)  A(2)  E(2)  C(2) 
 869231095 26048.82 || noQ Q (Avg,Max,Min) (1.00, 1.00, 1.00) (0.98, 0.62, 1.00) #fs:   0  -- #Conts: 17 H(6)  G(6)  A(1)  E(2)  C(2) 
 869326643 26047.82 || noQ Q (Avg,Max,Min) (1.00, 1.01, 1.00) (0.94, 0.11, 1.00) #fs:   0  -- #Conts: 18 H(6)  G(6)  A(3)  E(2)  C(1) 
 869339132 26046.82 || noQ Q (Avg,Max,Min) (1.00, 1.00, 1.00) (0.99, 0.92, 1.00) #fs:   0  -- #Conts: 17 H(6)  G(6)  A(2)  E(2)  C(1) 
 869481729 26045.82 || noQ Q (Avg,Max,Min) (1.00, 1.00, 1.00) (0.99, 0.92, 1.00) #fs:   0  -- #Conts: 17 H(6)  G(6)  A(2)  E(2)  C(1) 
 869563646 26044.82 || noQ Q (Avg,Max,Min) (1.00, 1.00, 1.00) (1.00, 0.99, 1.00) #fs:   0  -- #Conts: 16 H(6)  G(6)  A(1)  E(2)  C(1) 
 869706243 26043.82 || noQ Q (Avg,Max,Min) (1.00, 1.00, 1.00) (1.00, 0.99, 1.00) #fs:   0  -- #Conts: 16 H(6)  G(6)  A(1)  E(2)  C(1) 
 869872490 26042.82 || noQ Q (Avg,Max,Min) (1.00, 1.00, 1.00) (1.00, 0.99, 1.00) #fs:   0  -- #Conts: 16 H(6)  G(6)  A(1)  E(2)  C(1) 
 870039610 26041.82 || noQ Q (Avg,Max,Min) (1.00, 1.00, 1.00) (1.00, 0.99, 1.00) #fs:   0  -- #Conts: 16 H(6)  G(6)  A(1)  E(2)  C(1) 
 870068307 26040.82 || noQ Q (Avg,Max,Min) (1.00, 1.00, 1.00) (1.00, 0.99, 1.00) #fs:   0  -- #Conts: 16 H(6)  G(6)  A(1)  E(2)  C(1) 
 870220234 26039.82 || noQ Q (Avg,Max,Min) (1.00, 1.00, 1.00) (1.00, 0.99, 1.00) #fs:   0  -- #Conts: 16 H(6)  G(6)  A(1)  E(2)  C(1) 
 870405923 26038.82 || noQ Q (Avg,Max,Min) (1.00, 1.00, 1.00) (1.00, 0.98, 1.00) #fs:   0  -- #Conts: 16 H(6)  G(6)  A(1)  E(2)  C(1) 
 870432932 26037.82 || noQ Q (Avg,Max,Min) (1.00, 1.00, 1.00) (1.00, 0.99, 1.00) #fs:   0  -- #Conts: 16 H(6)  G(6)  A(1)  E(2)  C(1) 
 870600052 26036.82 || noQ Q (Avg,Max,Min) (1.00, 1.00, 1.00) (1.00, 0.99, 1.00) #fs:   0  -- #Conts: 16 H(6)  G(6)  A(1)  E(2)  C(1) 
 870780676 26035.82 || noQ Q (Avg,Max,Min) (1.00, 1.01, 1.00) (0.95, 0.11, 1.00) #fs:   0  -- #Conts: 17 H(6)  G(6)  A(2)  E(2)  C(1) 
 870794181 26034.82 || noQ Q (Avg,Max,Min) (1.00, 1.00, 1.00) (1.00, 0.99, 1.00) #fs:   0  -- #Conts: 16 H(6)  G(6)  A(1)  E(2)  C(1) 
 870995062 26033.82 || noQ Q (Avg,Max,Min) (1.00, 1.00, 1.00) (1.00, 0.99, 1.00) #fs:   0  -- #Conts: 16 H(6)  G(6)  A(1)  E(2)  C(1) 
 883222598 26033.65 || noQ Q (Avg,Max,Min) (1.00, 1.00, 1.00) (0.97, 0.63, 1.00) #fs:   0  -- #Conts: 18 H(6)  G(3)  A(3)  E(5)  C(1) 
 884021955 26032.65 || noQ Q (Avg,Max,Min) (1.00, 1.00, 1.00) (0.99, 0.91, 1.00) #fs:   0  -- #Conts: 18 H(6)  G(3)  A(4)  E(5) 
 903764366 25971.88 || noQ Q (Avg,Max,Min) (1.00, 1.00, 1.00) (0.99, 0.92, 1.00) #fs:   0  -- #Conts: 14 H(6)  G(3)  A(2)  E(2)  C(1) 
 903988880 25969.88 || noQ Q (Avg,Max,Min) (1.00, 1.00, 1.00) (0.99, 0.91, 1.00) #fs:   0  -- #Conts: 14 H(6)  G(3)  A(2)  E(2)  C(1) 
 910742522 25968.88 || noQ Q (Avg,Max,Min) (1.00, 1.00, 1.00) (0.98, 0.91, 1.00) #fs:   0  -- #Conts: 15 H(6)  G(3)  A(3)  E(2)  C(1) 
 958091693 25900.65 || noQ Q (Avg,Max,Min) (1.00, 1.00, 1.00) (0.98, 0.92, 1.00) #fs:   0  -- #Conts: 16 H(6)  G(3)  A(2)  E(3)  C(2) 
 958234290 25899.65 || noQ Q (Avg,Max,Min) (1.00, 1.00, 1.00) (0.98, 0.92, 1.00) #fs:   0  -- #Conts: 16 H(6)  G(3)  A(2)  E(3)  C(2) 
 958316207 25898.65 || noQ Q (Avg,Max,Min) (1.00, 1.00, 1.00) (0.98, 0.91, 1.00) #fs:   0  -- #Conts: 16 H(6)  G(3)  A(2)  E(3)  C(2) 
 958424244 25897.65 || noQ Q (Avg,Max,Min) (1.00, 1.00, 1.00) (0.99, 0.92, 1.00) #fs:   0  -- #Conts: 16 H(6)  G(3)  A(2)  E(3)  C(2) 
 958566841 25896.65 || noQ Q (Avg,Max,Min) (1.00, 1.00, 1.00) (0.99, 0.92, 1.00) #fs:   0  -- #Conts: 16 H(6)  G(3)  A(2)  E(3)  C(2) 
 958648758 25895.65 || noQ Q (Avg,Max,Min) (1.00, 1.00, 1.00) (0.99, 0.92, 1.00) #fs:   0  -- #Conts: 15 H(6)  G(3)  A(1)  E(3)  C(2) 
 958791355 25894.65 || noQ Q (Avg,Max,Min) (1.00, 1.00, 1.00) (0.99, 0.92, 1.00) #fs:   0  -- #Conts: 15 H(6)  G(3)  A(1)  E(3)  C(2) 
 958957476 25893.65 || noQ Q (Avg,Max,Min) (1.00, 1.00, 1.00) (0.99, 0.92, 1.00) #fs:   0  -- #Conts: 15 H(6)  G(3)  A(1)  E(3)  C(2) 
 959008916 25892.65 || noQ Q (Avg,Max,Min) (1.00, 1.00, 1.00) (0.99, 0.92, 1.00) #fs:   0  -- #Conts: 15 H(6)  G(3)  A(1)  E(3)  C(2) 
 959153293 25891.65 || noQ Q (Avg,Max,Min) (1.00, 1.00, 1.00) (0.99, 0.92, 1.00) #fs:   0  -- #Conts: 15 H(6)  G(3)  A(1)  E(3)  C(2) 
 959305220 25890.65 || noQ Q (Avg,Max,Min) (1.00, 1.00, 1.00) (0.99, 0.92, 1.00) #fs:   0  -- #Conts: 15 H(6)  G(3)  A(1)  E(3)  C(2) 
 959373541 25889.65 || noQ Q (Avg,Max,Min) (1.00, 1.00, 1.00) (0.99, 0.92, 1.00) #fs:   0  -- #Conts: 15 H(6)  G(3)  A(1)  E(3)  C(2) 
 959517918 25888.65 || noQ Q (Avg,Max,Min) (1.00, 1.00, 1.00) (0.99, 0.92, 1.00) #fs:   0  -- #Conts: 15 H(6)  G(3)  A(1)  E(3)  C(2) 
 959685038 25887.65 || noQ Q (Avg,Max,Min) (1.00, 1.00, 1.00) (0.99, 0.92, 1.00) #fs:   0  -- #Conts: 15 H(6)  G(3)  A(1)  E(3)  C(2) 
 959734790 25886.65 || noQ Q (Avg,Max,Min) (1.00, 1.00, 1.00) (0.99, 0.92, 1.00) #fs:   0  -- #Conts: 15 H(6)  G(3)  A(1)  E(3)  C(2) 
 959879167 25885.65 || noQ Q (Avg,Max,Min) (1.00, 1.00, 1.00) (0.99, 0.92, 1.00) #fs:   0  -- #Conts: 15 H(6)  G(3)  A(1)  E(3)  C(2) 
 960018387 25884.65 || noQ Q (Avg,Max,Min) (1.00, 1.00, 1.00) (0.98, 0.91, 1.00) #fs:   0  -- #Conts: 16 H(6)  G(3)  A(2)  E(3)  C(2) 
 991333475 25496.18 || noQ Q (Avg,Max,Min) (1.00, 1.01, 1.00) (0.88, 0.11, 1.00) #fs:   0  -- #Conts: 19 H(5)  G(5)  A(2)  E(6)  C(1) 
 991664340 25489.47 || noQ Q (Avg,Max,Min) (1.00, 1.01, 1.00) (0.91, 0.11, 1.00) #fs:   0  -- #Conts: 18 H(5)  G(5)  A(2)  E(5)  C(1) 
 991687175 25488.47 || noQ Q (Avg,Max,Min) (1.00, 1.00, 1.00) (0.96, 0.36, 1.00) #fs:   0  -- #Conts: 17 H(5)  G(5)  A(1)  E(5)  C(1) 
 991801074 25487.47 || noQ Q (Avg,Max,Min) (0.98, 1.00, 0.70) (0.96, 0.37, 1.00) #fs:   1  -- #Conts: 17 H(5)  G(5)  A(1)  E(5)  C(1) 
 991815394 25484.76 || noQ Q (Avg,Max,Min) (1.00, 1.00, 1.00) (0.97, 0.62, 1.00) #fs:   0  -- #Conts: 17 H(5)  G(5)  A(1)  E(4)  C(2) 
 991853422 25483.76 || noQ Q (Avg,Max,Min) (1.00, 1.00, 1.00) (0.97, 0.62, 1.00) #fs:   0  -- #Conts: 17 H(5)  G(5)  A(1)  E(4)  C(2) 
 991953001 25482.76 || noQ Q (Avg,Max,Min) (1.00, 1.00, 1.00) (0.97, 0.64, 1.00) #fs:   0  -- #Conts: 17 H(5)  G(5)  A(1)  E(4)  C(2) 
 992019726 25481.76 || noQ Q (Avg,Max,Min) (1.00, 1.00, 1.00) (0.99, 0.95, 1.00) #fs:   0  -- #Conts: 16 H(5)  G(5)  A(1)  E(4)  C(1) 
 992147945 25480.76 || noQ Q (Avg,Max,Min) (1.00, 1.00, 1.00) (0.99, 0.95, 1.00) #fs:   0  -- #Conts: 16 H(5)  G(5)  A(1)  E(4)  C(1) 
 992185973 25479.76 || noQ Q (Avg,Max,Min) (1.00, 1.00, 1.00) (1.00, 0.95, 1.00) #fs:   0  -- #Conts: 16 H(5)  G(5)  A(1)  E(4)  C(1) 
 992299872 25478.76 || noQ Q (Avg,Max,Min) (1.00, 1.00, 1.00) (1.00, 0.95, 1.00) #fs:   0  -- #Conts: 16 H(5)  G(5)  A(1)  E(4)  C(1) 
 992443359 25477.76 || noQ Q (Avg,Max,Min) (1.00, 1.00, 1.00) (1.00, 0.95, 1.00) #fs:   0  -- #Conts: 16 H(5)  G(5)  A(1)  E(4)  C(1) 
1009969205 25477.65 || noQ Q (Avg,Max,Min) (1.00, 1.00, 1.00) (0.97, 0.62, 1.00) #fs:   0  -- #Conts: 19 H(5)  G(3)  A(3)  E(6)  C(2) 
1010054751 25476.65 || noQ Q (Avg,Max,Min) (1.00, 1.00, 1.00) (0.98, 0.91, 1.00) #fs:   0  -- #Conts: 19 H(5)  G(3)  A(4)  E(6)  C(1) 
1051932319 25236.53 || noQ Q (Avg,Max,Min) (1.00, 1.00, 1.00) (0.97, 0.63, 1.00) #fs:   0  -- #Conts: 16 H(5)  G(5)  A(1)  E(3)  C(2) 
1052097002 25234.53 || noQ Q (Avg,Max,Min) (1.00, 1.00, 1.00) (0.97, 0.63, 1.00) #fs:   0  -- #Conts: 16 H(5)  G(5)  A(1)  E(3)  C(2) 
1052263184 25232.53 || noQ Q (Avg,Max,Min) (1.00, 1.00, 1.00) (0.97, 0.63, 1.00) #fs:   0  -- #Conts: 16 H(5)  G(5)  A(1)  E(3)  C(2) 
1052271624 25231.53 || noQ Q (Avg,Max,Min) (1.00, 1.00, 1.00) (0.99, 0.91, 1.00) #fs:   0  -- #Conts: 16 H(5)  G(5)  A(2)  E(3)  C(1) 
1052429431 25230.53 || noQ Q (Avg,Max,Min) (1.00, 1.00, 1.00) (0.97, 0.63, 1.00) #fs:   0  -- #Conts: 16 H(5)  G(5)  A(1)  E(3)  C(2) 
1052437871 25229.53 || noQ Q (Avg,Max,Min) (1.00, 1.00, 1.00) (0.99, 0.91, 1.00) #fs:   0  -- #Conts: 16 H(5)  G(5)  A(2)  E(3)  C(1) 
1052582248 25228.53 || noQ Q (Avg,Max,Min) (1.00, 1.00, 1.00) (0.99, 0.91, 1.00) #fs:   0  -- #Conts: 16 H(5)  G(5)  A(2)  E(3)  C(1) 
1052749368 25227.53 || noQ Q (Avg,Max,Min) (1.00, 1.00, 1.00) (0.99, 0.91, 1.00) #fs:   0  -- #Conts: 16 H(5)  G(5)  A(2)  E(3)  C(1) 
1052770422 25226.53 || noQ Q (Avg,Max,Min) (1.00, 1.00, 1.00) (0.99, 0.94, 1.00) #fs:   0  -- #Conts: 15 H(5)  G(5)  A(1)  E(3)  C(1) 
1052914799 25225.53 || noQ Q (Avg,Max,Min) (1.00, 1.00, 1.00) (0.99, 0.94, 1.00) #fs:   0  -- #Conts: 15 H(5)  G(5)  A(1)  E(3)  C(1) 
1053052454 25224.53 || noQ Q (Avg,Max,Min) (1.00, 1.00, 1.00) (0.99, 0.91, 1.00) #fs:   0  -- #Conts: 17 H(5)  G(5)  A(3)  E(3)  C(1) 
1053118166 25223.53 || noQ Q (Avg,Max,Min) (1.00, 1.00, 1.00) (1.00, 0.94, 1.00) #fs:   0  -- #Conts: 15 H(5)  G(5)  A(1)  E(3)  C(1) 
1053262543 25222.53 || noQ Q (Avg,Max,Min) (1.00, 1.00, 1.00) (0.99, 0.94, 1.00) #fs:   0  -- #Conts: 15 H(5)  G(5)  A(1)  E(3)  C(1) 
1053384883 25221.53 || noQ Q (Avg,Max,Min) (1.00, 1.00, 1.00) (0.99, 0.94, 1.00) #fs:   0  -- #Conts: 16 H(5)  G(5)  A(2)  E(3)  C(1) 
1053497984 25220.53 || noQ Q (Avg,Max,Min) (1.00, 1.00, 1.00) (0.99, 0.94, 1.00) #fs:   0  -- #Conts: 15 H(5)  G(5)  A(1)  E(3)  C(1) 
1053642361 25219.53 || noQ Q (Avg,Max,Min) (1.00, 1.00, 1.00) (0.99, 0.94, 1.00) #fs:   0  -- #Conts: 15 H(5)  G(5)  A(1)  E(3)  C(1) 
1053725874 25218.53 || noQ Q (Avg,Max,Min) (1.00, 1.00, 1.00) (1.00, 0.94, 1.00) #fs:   0  -- #Conts: 15 H(5)  G(5)  A(1)  E(3)  C(1) 
1053870251 25217.53 || noQ Q (Avg,Max,Min) (1.00, 1.00, 1.00) (1.00, 0.94, 1.00) #fs:   0  -- #Conts: 15 H(5)  G(5)  A(1)  E(3)  C(1) 
1054037371 25216.53 || noQ Q (Avg,Max,Min) (1.00, 1.00, 1.00) (0.99, 0.94, 1.00) #fs:   0  -- #Conts: 15 H(5)  G(5)  A(1)  E(3)  C(1) 
1054095563 25215.53 || noQ Q (Avg,Max,Min) (1.00, 1.00, 1.00) (1.00, 0.94, 1.00) #fs:   0  -- #Conts: 15 H(5)  G(5)  A(1)  E(3)  C(1) 
1054239940 25214.53 || noQ Q (Avg,Max,Min) (1.00, 1.00, 1.00) (1.00, 0.94, 1.00) #fs:   0  -- #Conts: 15 H(5)  G(5)  A(1)  E(3)  C(1) 
1054381738 25213.53 || noQ Q (Avg,Max,Min) (1.00, 1.00, 1.00) (0.99, 0.91, 1.00) #fs:   0  -- #Conts: 16 H(5)  G(5)  A(2)  E(3)  C(1) 
1054469519 25212.53 || noQ Q (Avg,Max,Min) (1.00, 1.00, 1.00) (1.00, 0.94, 1.00) #fs:   0  -- #Conts: 15 H(5)  G(5)  A(1)  E(3)  C(1) 
1054631574 25211.53 || noQ Q (Avg,Max,Min) (1.00, 1.00, 1.00) (0.99, 0.91, 1.00) #fs:   0  -- #Conts: 16 H(5)  G(5)  A(2)  E(3)  C(1) 
1054714289 25210.53 || noQ Q (Avg,Max,Min) (1.00, 1.00, 1.00) (1.00, 0.94, 1.00) #fs:   0  -- #Conts: 15 H(5)  G(5)  A(1)  E(3)  C(1) 
1054819748 25209.53 || noQ Q (Avg,Max,Min) (1.00, 1.00, 1.00) (1.00, 0.94, 1.00) #fs:   0  -- #Conts: 15 H(5)  G(5)  A(1)  E(3)  C(1) 
1054964125 25208.53 || noQ Q (Avg,Max,Min) (1.00, 1.00, 1.00) (1.00, 0.94, 1.00) #fs:   0  -- #Conts: 15 H(5)  G(5)  A(1)  E(3)  C(1) 
1055072960 25207.53 || noQ Q (Avg,Max,Min) (1.00, 1.00, 1.00) (1.00, 0.94, 1.00) #fs:   0  -- #Conts: 15 H(5)  G(5)  A(1)  E(3)  C(1) 
1055214759 25206.53 || noQ Q (Avg,Max,Min) (1.00, 1.00, 1.00) (1.00, 0.94, 1.00) #fs:   0  -- #Conts: 15 H(5)  G(5)  A(1)  E(3)  C(1) 
1134744500 24138.59 || noQ Q (Avg,Max,Min) (1.00, 1.00, 1.00) (0.99, 0.91, 1.00) #fs:   0  -- #Conts: 15 H(3)  G(6)  A(3)  E(2)  C(1) 
1135075365 24135.59 || noQ Q (Avg,Max,Min) (1.00, 1.00, 1.00) (1.00, 0.99, 1.00) #fs:   0  -- #Conts: 14 H(3)  G(6)  A(2)  E(2)  C(1) 
1135416356 24133.59 || noQ Q (Avg,Max,Min) (1.00, 1.01, 1.00) (0.94, 0.18, 1.00) #fs:   0  -- #Conts: 14 H(3)  G(6)  A(2)  E(2)  C(1) 
1135439117 24132.59 || noQ Q (Avg,Max,Min) (1.00, 1.00, 1.00) (1.00, 0.99, 1.00) #fs:   0  -- #Conts: 13 H(3)  G(6)  A(1)  E(2)  C(1) 
1135582730 24131.59 || noQ Q (Avg,Max,Min) (1.00, 1.00, 1.00) (1.00, 0.99, 1.00) #fs:   0  -- #Conts: 13 H(3)  G(6)  A(1)  E(2)  C(1) 
1135734531 24130.59 || noQ Q (Avg,Max,Min) (1.00, 1.00, 1.00) (1.00, 0.99, 1.00) #fs:   0  -- #Conts: 13 H(3)  G(6)  A(1)  E(2)  C(1) 
1135749724 24129.59 || noQ Q (Avg,Max,Min) (1.00, 1.00, 1.00) (1.00, 0.99, 1.00) #fs:   0  -- #Conts: 13 H(3)  G(6)  A(1)  E(2)  C(1) 
1135901651 24128.59 || noQ Q (Avg,Max,Min) (1.00, 1.00, 1.00) (1.00, 0.99, 1.00) #fs:   0  -- #Conts: 13 H(3)  G(6)  A(1)  E(2)  C(1) 
1136006224 24127.59 || noQ Q (Avg,Max,Min) (1.00, 1.00, 1.00) (0.99, 0.94, 1.00) #fs:   0  -- #Conts: 14 H(3)  G(6)  A(2)  E(2)  C(1) 
1136116037 24126.59 || noQ Q (Avg,Max,Min) (1.00, 1.00, 1.00) (1.00, 0.99, 1.00) #fs:   0  -- #Conts: 13 H(3)  G(6)  A(1)  E(2)  C(1) 
1136267964 24125.59 || noQ Q (Avg,Max,Min) (1.00, 1.00, 1.00) (1.00, 0.99, 1.00) #fs:   0  -- #Conts: 13 H(3)  G(6)  A(1)  E(2)  C(1) 
1136345615 24124.59 || noQ Q (Avg,Max,Min) (1.00, 1.00, 1.00) (1.00, 0.99, 1.00) #fs:   0  -- #Conts: 13 H(3)  G(6)  A(1)  E(2)  C(1) 
1136489102 24123.59 || noQ Q (Avg,Max,Min) (1.00, 1.00, 1.00) (1.00, 0.99, 1.00) #fs:   0  -- #Conts: 13 H(3)  G(6)  A(1)  E(2)  C(1) 
1136656222 24122.59 || noQ Q (Avg,Max,Min) (1.00, 1.00, 1.00) (1.00, 0.99, 1.00) #fs:   0  -- #Conts: 13 H(3)  G(6)  A(1)  E(2)  C(1) 
1136713616 24121.59 || noQ Q (Avg,Max,Min) (1.00, 1.00, 1.00) (1.00, 0.99, 1.00) #fs:   0  -- #Conts: 13 H(3)  G(6)  A(1)  E(2)  C(1) 
1136857015 24120.59 || noQ Q (Avg,Max,Min) (1.00, 1.00, 1.00) (0.99, 0.94, 1.00) #fs:   0  -- #Conts: 14 H(3)  G(6)  A(2)  E(2)  C(1) 
1137059672 24119.59 || noQ Q (Avg,Max,Min) (1.00, 1.00, 1.00) (1.00, 0.99, 1.00) #fs:   0  -- #Conts: 13 H(3)  G(6)  A(1)  E(2)  C(1) 
1137086681 24118.59 || noQ Q (Avg,Max,Min) (1.00, 1.00, 1.00) (1.00, 1.00, 1.00) #fs:   0  -- #Conts: 13 H(3)  G(6)  A(1)  E(2)  C(1) 
1137196406 24117.59 || noQ Q (Avg,Max,Min) (1.00, 1.00, 1.00) (1.00, 1.00, 1.00) #fs:   0  -- #Conts: 13 H(3)  G(6)  A(1)  E(2)  C(1) 
1137339893 24116.59 || noQ Q (Avg,Max,Min) (1.00, 1.00, 1.00) (1.00, 1.00, 1.00) #fs:   0  -- #Conts: 13 H(3)  G(6)  A(1)  E(2)  C(1) 
1137468099 24115.59 || noQ Q (Avg,Max,Min) (1.00, 1.00, 1.00) (1.00, 0.94, 1.00) #fs:   0  -- #Conts: 14 H(3)  G(6)  A(2)  E(2)  C(1) 
1137576223 24114.59 || noQ Q (Avg,Max,Min) (1.00, 1.00, 1.00) (1.00, 1.00, 1.00) #fs:   0  -- #Conts: 13 H(3)  G(6)  A(1)  E(2)  C(1) 
1137706118 24113.59 || noQ Q (Avg,Max,Min) (1.00, 1.00, 1.00) (1.00, 0.94, 1.00) #fs:   0  -- #Conts: 14 H(3)  G(6)  A(2)  E(2)  C(1) 
1137807490 24112.59 || noQ Q (Avg,Max,Min) (1.00, 1.00, 1.00) (1.00, 1.00, 1.00) #fs:   0  -- #Conts: 13 H(3)  G(6)  A(1)  E(2)  C(1) 
1137950977 24111.59 || noQ Q (Avg,Max,Min) (1.00, 1.00, 1.00) (1.00, 1.00, 1.00) #fs:   0  -- #Conts: 13 H(3)  G(6)  A(1)  E(2)  C(1) 
1145119406 24081.06 || noQ Q (Avg,Max,Min) (1.00, 1.00, 0.99) (0.99, 0.92, 1.00) #fs:   1  -- #Conts: 13 H(3)  G(6)  A(2)  E(2) 
1145119711 24054.53 || noQ Q (Avg,Max,Min) (1.00, 1.01, 1.00) (0.91, 0.07, 1.00) #fs:   0  -- #Conts: 15 H(3)  G(6)  A(3)  E(2)  C(1) 
1145262308 24052.53 || noQ Q (Avg,Max,Min) (1.00, 1.00, 1.00) (0.97, 0.62, 1.00) #fs:   0  -- #Conts: 14 H(3)  G(6)  A(2)  E(2)  C(1) 
1151778989 24051.53 || noQ Q (Avg,Max,Min) (0.98, 1.00, 0.66) (0.97, 0.64, 1.00) #fs:   1  -- #Conts: 14 H(3)  G(6)  A(2)  E(2)  C(1) 
1152043084 24050.53 || noQ Q (Avg,Max,Min) (1.00, 1.00, 1.00) (0.99, 0.91, 1.00) #fs:   0  -- #Conts: 14 H(3)  G(6)  A(3)  E(2) 
1256063818 23801.24 || noQ Q (Avg,Max,Min) (1.00, 1.01, 1.00) (0.92, 0.09, 1.00) #fs:   0  -- #Conts: 13 H(3)  G(6)  A(2)  E(2) 
1256114146 23799.24 || noQ Q (Avg,Max,Min) (1.00, 1.01, 1.00) (0.93, 0.09, 1.00) #fs:   0  -- #Conts: 13 H(3)  G(6)  A(2)  E(2) 
1256301043 23785.47 || noQ Q (Avg,Max,Min) (1.00, 1.00, 1.00) (0.99, 0.94, 1.00) #fs:   0  -- #Conts: 12 H(2)  G(6)  A(2)  E(2) 
1256546945 23783.47 || noQ Q (Avg,Max,Min) (1.00, 1.00, 1.00) (0.99, 0.93, 1.00) #fs:   0  -- #Conts: 12 H(2)  G(6)  A(2)  E(2) 
1256920840 23782.47 || noQ Q (Avg,Max,Min) (1.00, 1.00, 1.00) (0.99, 0.94, 1.00) #fs:   0  -- #Conts: 12 H(2)  G(6)  A(2)  E(2) 
1256931725 23781.47 || noQ Q (Avg,Max,Min) (1.00, 1.00, 1.00) (0.99, 0.94, 1.00) #fs:   0  -- #Conts: 12 H(2)  G(6)  A(2)  E(2) 
1257016658 23774.41 || noQ Q (Avg,Max,Min) (1.00, 1.00, 1.00) (0.95, 0.36, 1.00) #fs:   0  -- #Conts: 13 H(2)  G(6)  A(2)  E(3) 
1258097233 23773.41 || noQ Q (Avg,Max,Min) (1.00, 1.00, 1.00) (0.96, 0.60, 1.00) #fs:   0  -- #Conts: 13 H(2)  G(6)  A(2)  E(3) 
1258132078 23772.41 || noQ Q (Avg,Max,Min) (1.00, 1.00, 1.00) (0.96, 0.60, 1.00) #fs:   0  -- #Conts: 13 H(2)  G(6)  A(2)  E(3) 
1258199964 23771.71 || noQ Q (Avg,Max,Min) (1.00, 1.00, 1.00) (0.97, 0.62, 1.00) #fs:   0  -- #Conts: 13 H(2)  G(6)  A(2)  E(2)  C(1) 
1258328680 23771.41 || noQ Q (Avg,Max,Min) (1.00, 1.00, 1.00) (0.96, 0.60, 1.00) #fs:   0  -- #Conts: 13 H(2)  G(6)  A(2)  E(3) 
1262848526 23770.71 || noQ Q (Avg,Max,Min) (1.00, 1.00, 1.00) (0.96, 0.62, 1.00) #fs:   0  -- #Conts: 14 H(2)  G(6)  A(3)  E(2)  C(1) 
1266025487 23769.71 || noQ Q (Avg,Max,Min) (1.00, 1.00, 1.00) (0.98, 0.91, 1.00) #fs:   0  -- #Conts: 14 H(2)  G(6)  A(4)  E(2) 
1279591456 23595.00 || noQ Q (Avg,Max,Min) (1.00, 1.01, 1.00) (0.88, 0.06, 1.00) #fs:   0  -- #Conts: 16 H(4)  G(7)  A(2)  E(3) 
1279711146 23563.47 || noQ Q (Avg,Max,Min) (1.00, 1.01, 1.00) (0.94, 0.16, 1.00) #fs:   0  -- #Conts: 15 H(3)  G(7)  A(2)  E(3) 
1279729882 23534.94 || noQ Q (Avg,Max,Min) (1.00, 1.00, 1.00) (0.99, 0.92, 1.00) #fs:   0  -- #Conts: 14 H(2)  G(7)  A(2)  E(3) 
1301843004 23298.35 || noQ Q (Avg,Max,Min) (1.00, 1.01, 1.00) (0.89, 0.06, 1.00) #fs:   0  -- #Conts: 18 H(3)  G(7)  A(2)  E(5)  C(1) 
1301851398 23266.82 || noQ Q (Avg,Max,Min) (1.00, 1.01, 1.00) (0.94, 0.16, 1.00) #fs:   0  -- #Conts: 17 H(2)  G(7)  A(2)  E(5)  C(1) 
1302052400 23265.82 || noQ Q (Avg,Max,Min) (0.99, 1.00, 0.76) (0.94, 0.16, 1.00) #fs:   1  -- #Conts: 17 H(2)  G(7)  A(2)  E(5)  C(1) 
1302186570 23251.06 || noQ Q (Avg,Max,Min) (1.00, 1.00, 1.00) (0.94, 0.11, 1.00) #fs:   0  -- #Conts: 17 H(1)  G(8)  A(2)  E(5)  C(1) 
1302222224 23250.06 || noQ Q (Avg,Max,Min) (1.00, 1.00, 1.00) (0.94, 0.16, 1.00) #fs:   0  -- #Conts: 17 H(1)  G(8)  A(2)  E(5)  C(1) 
1302486292 23242.00 || noQ Q (Avg,Max,Min) (1.00, 1.00, 0.95) (0.99, 0.94, 1.00) #fs:   1  -- #Conts: 16 H(1)  G(7)  A(2)  E(5)  C(1) 
1302571350 23235.29 || noQ Q (Avg,Max,Min) (1.00, 1.00, 1.00) (0.99, 0.94, 1.00) #fs:   0  -- #Conts: 16 H(1)  G(7)  A(2)  E(5)  C(1) 
1302792040 23234.29 || noQ Q (Avg,Max,Min) (1.00, 1.00, 1.00) (0.99, 0.94, 1.00) #fs:   0  -- #Conts: 16 H(1)  G(7)  A(2)  E(5)  C(1) 
1303155753 23232.29 || noQ Q (Avg,Max,Min) (1.00, 1.00, 1.00) (0.99, 0.94, 1.00) #fs:   0  -- #Conts: 15 H(1)  G(7)  A(1)  E(5)  C(1) 
1314480440 23228.71 || noQ Q (Avg,Max,Min) (1.00, 1.01, 1.00) (0.89, 0.10, 1.00) #fs:   0  -- #Conts: 18 H(2)  G(9)  A(1)  E(4)  C(2) 
1314491435 23212.94 || noQ Q (Avg,Max,Min) (1.00, 1.01, 1.00) (0.92, 0.16, 1.00) #fs:   0  -- #Conts: 17 H(1)  G(9)  A(1)  E(4)  C(2) 
1314815575 23203.88 || noQ Q (Avg,Max,Min) (1.00, 1.00, 0.93) (0.92, 0.24, 1.00) #fs:   1  -- #Conts: 17 G(9)  A(1)  E(5)  C(2) 
1314879452 23197.18 || noQ Q (Avg,Max,Min) (1.00, 1.00, 0.93) (0.96, 0.79, 1.00) #fs:   1  -- #Conts: 16 G(9)  A(1)  E(4)  C(2) 
1315083933 23188.12 || noQ Q (Avg,Max,Min) (1.00, 1.00, 1.00) (0.93, 0.24, 1.00) #fs:   0  -- #Conts: 17 G(9)  A(1)  E(5)  C(2) 
1315250529 23185.76 || noQ Q (Avg,Max,Min) (1.00, 1.00, 1.00) (0.88, 0.24, 1.00) #fs:   0  -- #Conts: 19 G(9)  A(1)  E(7)  C(2) 
1315447283 23183.06 || noQ Q (Avg,Max,Min) (1.00, 1.00, 1.00) (0.89, 0.36, 1.00) #fs:   0  -- #Conts: 19 G(9)  A(1)  E(6)  C(3) 
1315468713 23181.41 || noQ Q (Avg,Max,Min) (1.00, 1.00, 1.00) (0.98, 0.85, 1.00) #fs:   0  -- #Conts: 16 G(9)  A(1)  E(4)  C(2) 
1316077927 23179.06 || noQ Q (Avg,Max,Min) (1.00, 1.00, 1.00) (0.93, 0.37, 1.00) #fs:   0  -- #Conts: 18 G(9)  A(1)  E(6)  C(2) 
1316145813 23176.35 || noQ Q (Avg,Max,Min) (1.00, 1.00, 1.00) (0.94, 0.61, 1.00) #fs:   0  -- #Conts: 18 G(9)  A(1)  E(5)  C(3) 
1317403722 23172.35 || noQ Q (Avg,Max,Min) (1.00, 1.00, 1.00) (0.98, 0.92, 1.00) #fs:   0  -- #Conts: 17 G(9)  A(1)  E(5)  C(2) 
1327312215 23172.18 || noQ Q (Avg,Max,Min) (1.00, 1.00, 1.00) (0.95, 0.42, 1.00) #fs:   0  -- #Conts: 17 G(6)  A(1)  E(7)  C(3) 
1328180017 23168.18 || noQ Q (Avg,Max,Min) (1.00, 1.00, 1.00) (0.99, 0.92, 1.00) #fs:   0  -- #Conts: 16 G(6)  A(1)  E(7)  C(2) 
1673749871 23144.94 || noQ Q (Avg,Max,Min) (1.00, 1.01, 1.00) (0.93, 0.07, 1.00) #fs:   0  -- #Conts: 14 G(6)  A(4)  E(4) 
1673764198 23143.94 || noQ Q (Avg,Max,Min) (1.00, 1.00, 1.00) (0.99, 0.94, 1.00) #fs:   0  -- #Conts: 13 G(6)  A(3)  E(4) 
1674148978 23142.94 || noQ Q (Avg,Max,Min) (1.00, 1.00, 1.00) (0.92, 0.11, 1.00) #fs:   0  -- #Conts: 13 G(6)  A(3)  E(4) 
1674172938 23141.94 || noQ Q (Avg,Max,Min) (1.00, 1.00, 1.00) (0.99, 0.94, 1.00) #fs:   0  -- #Conts: 12 G(6)  A(2)  E(4) 
1674409356 23140.94 || noQ Q (Avg,Max,Min) (1.00, 1.00, 1.00) (0.93, 0.11, 1.00) #fs:   0  -- #Conts: 13 G(6)  A(3)  E(4) 
1722716616 23129.71 || noQ Q (Avg,Max,Min) (1.00, 1.01, 1.00) (0.93, 0.16, 1.00) #fs:   0  -- #Conts: 16 H(1)  G(6)  A(2)  E(5)  C(2) 
1723078466 23120.65 || noQ Q (Avg,Max,Min) (1.00, 1.00, 1.00) (0.93, 0.16, 1.00) #fs:   0  -- #Conts: 16 G(7)  A(2)  E(5)  C(2) 
1723114269 23113.94 || noQ Q (Avg,Max,Min) (1.00, 1.00, 1.00) (0.94, 0.27, 1.00) #fs:   0  -- #Conts: 16 G(7)  A(2)  E(5)  C(2) 
1723444780 23106.88 || noQ Q (Avg,Max,Min) (1.00, 1.00, 1.00) (0.99, 0.92, 1.00) #fs:   0  -- #Conts: 16 G(6)  A(3)  E(5)  C(2) 
1724312582 23105.88 || noQ Q (Avg,Max,Min) (1.00, 1.00, 1.00) (0.93, 0.11, 1.00) #fs:   0  -- #Conts: 16 G(6)  A(3)  E(5)  C(2) 
1724365596 23104.88 || noQ Q (Avg,Max,Min) (1.00, 1.00, 1.00) (0.99, 0.92, 1.00) #fs:   0  -- #Conts: 15 G(6)  A(2)  E(5)  C(2) 
1728863221 23104.18 || noQ Q (Avg,Max,Min) (1.00, 1.00, 1.00) (0.96, 0.62, 1.00) #fs:   0  -- #Conts: 17 G(6)  A(3)  E(5)  C(3) 
1732009551 23103.18 || noQ Q (Avg,Max,Min) (1.00, 1.00, 1.00) (0.98, 0.91, 1.00) #fs:   0  -- #Conts: 17 G(6)  A(4)  E(5)  C(2) 
1736621236 23101.59 || noQ Q (Avg,Max,Min) (1.00, 1.00, 1.00) (0.96, 0.63, 1.00) #fs:   0  -- #Conts: 15 G(6)  A(3)  E(5)  C(1) 
1740018461 23100.59 || noQ Q (Avg,Max,Min) (1.00, 1.00, 1.00) (0.98, 0.91, 1.00) #fs:   0  -- #Conts: 15 G(6)  A(4)  E(5) 
1805616964 23094.65 || noQ Q (Avg,Max,Min) (1.00, 1.01, 1.00) (0.81, 0.11, 1.00) #fs:   0  -- #Conts: 15 G(6)  A(2)  E(6)  C(1) 
1806099115 23092.29 || noQ Q (Avg,Max,Min) (0.99, 1.01, 0.91) (0.85, 0.11, 1.00) #fs:   1  -- #Conts: 14 G(5)  A(2)  E(6)  C(1) 
1806099814 23078.88 || noQ Q (Avg,Max,Min) (1.00, 1.01, 1.00) (0.86, 0.11, 1.00) #fs:   0  -- #Conts: 14 G(5)  A(2)  E(6)  C(1) 
1806391072 23074.88 || noQ Q (Avg,Max,Min) (1.00, 1.01, 1.00) (0.91, 0.11, 1.00) #fs:   0  -- #Conts: 13 G(5)  A(2)  E(6) 
1806675240 22997.00 || noQ Q (Avg,Max,Min) (1.00, 1.01, 1.00) (0.88, 0.06, 1.00) #fs:   0  -- #Conts: 19 H(1)  G(6)  A(3)  E(6)  C(3) 
1806835334 22965.47 || noQ Q (Avg,Max,Min) (1.00, 1.01, 1.00) (0.92, 0.11, 1.00) #fs:   0  -- #Conts: 18 G(6)  A(3)  E(6)  C(3) 
1808040954 22964.47 || noQ Q (Avg,Max,Min) (1.00, 1.00, 1.00) (0.97, 0.63, 1.00) #fs:   0  -- #Conts: 17 G(6)  A(2)  E(6)  C(3) 
1808291844 22963.47 || noQ Q (Avg,Max,Min) (1.00, 1.00, 1.00) (0.99, 0.91, 1.00) #fs:   0  -- #Conts: 17 G(6)  A(3)  E(6)  C(2) 
2213847275 22929.71 || noQ Q (Avg,Max,Min) (1.00, 1.01, 1.00) (0.94, 0.09, 1.00) #fs:   0  -- #Conts: 19 H(1)  G(6)  A(3)  E(7)  C(2) 
2214071789 22927.71 || noQ Q (Avg,Max,Min) (1.00, 1.01, 1.00) (0.94, 0.16, 1.00) #fs:   0  -- #Conts: 18 H(1)  G(6)  A(2)  E(7)  C(2) 
2214084662 22913.94 || noQ Q (Avg,Max,Min) (1.00, 1.00, 1.00) (0.94, 0.16, 1.00) #fs:   0  -- #Conts: 19 G(7)  A(3)  E(7)  C(2) 
2214469442 22911.94 || noQ Q (Avg,Max,Min) (1.00, 1.00, 1.00) (0.95, 0.27, 1.00) #fs:   0  -- #Conts: 18 G(7)  A(2)  E(7)  C(2) 
2214799953 22904.88 || noQ Q (Avg,Max,Min) (1.00, 1.00, 1.00) (0.99, 0.92, 1.00) #fs:   0  -- #Conts: 18 G(6)  A(3)  E(7)  C(2) 
2215354553 22902.88 || noQ Q (Avg,Max,Min) (1.00, 1.00, 1.00) (0.99, 0.92, 1.00) #fs:   0  -- #Conts: 18 G(6)  A(3)  E(7)  C(2) 
2215735803 22902.18 || noQ Q (Avg,Max,Min) (1.00, 1.00, 1.00) (0.97, 0.62, 1.00) #fs:   0  -- #Conts: 19 G(6)  A(3)  E(7)  C(3) 
2216222355 22900.88 || noQ Q (Avg,Max,Min) (1.00, 1.00, 1.00) (0.99, 0.94, 1.00) #fs:   0  -- #Conts: 17 G(6)  A(2)  E(7)  C(2) 
2216292119 22900.18 || noQ Q (Avg,Max,Min) (1.00, 1.00, 1.00) (0.97, 0.62, 1.00) #fs:   0  -- #Conts: 19 G(6)  A(3)  E(7)  C(3) 
2223921040 22899.18 || noQ Q (Avg,Max,Min) (1.00, 1.00, 1.00) (0.98, 0.91, 1.00) #fs:   0  -- #Conts: 19 G(6)  A(4)  E(7)  C(2) 
2249499272 22714.24 || noQ Q (Avg,Max,Min) (1.00, 1.01, 1.00) (0.93, 0.06, 1.00) #fs:   0  -- #Conts: 14 H(1)  G(3)  A(3)  E(6)  C(1) 
2249659366 22682.71 || noQ Q (Avg,Max,Min) (1.00, 1.00, 1.00) (0.99, 0.95, 1.00) #fs:   0  -- #Conts: 13 G(3)  A(3)  E(6)  C(1) 
2340154101 22672.24 || noQ Q (Avg,Max,Min) (1.00, 1.01, 1.00) (0.93, 0.10, 1.00) #fs:   0  -- #Conts: 15 H(2)  G(3)  A(2)  E(6)  C(2) 
2340195822 22670.24 || noQ Q (Avg,Max,Min) (1.00, 1.01, 1.00) (0.93, 0.10, 1.00) #fs:   0  -- #Conts: 15 H(2)  G(3)  A(2)  E(6)  C(2) 
2340380980 22667.24 || noQ Q (Avg,Max,Min) (1.00, 1.01, 1.00) (0.93, 0.16, 1.00) #fs:   0  -- #Conts: 14 H(2)  G(3)  A(1)  E(6)  C(2) 
2340397351 22640.71 || noQ Q (Avg,Max,Min) (1.00, 1.00, 1.00) (0.99, 0.92, 1.00) #fs:   0  -- #Conts: 14 H(1)  G(3)  A(2)  E(6)  C(2) 
2364940923 22637.12 || noQ Q (Avg,Max,Min) (1.00, 1.00, 0.98) (0.88, 0.16, 1.00) #fs:   1  -- #Conts: 13 G(5)  A(1)  E(6)  C(1) 
2365132689 22611.59 || noQ Q (Avg,Max,Min) (1.00, 1.00, 1.00) (0.99, 0.91, 1.00) #fs:   0  -- #Conts: 13 G(3)  A(3)  E(6)  C(1) 
2374924440 22606.41 || noQ Q (Avg,Max,Min) (1.00, 1.01, 1.00) (0.92, 0.10, 1.00) #fs:   0  -- #Conts: 15 H(1)  G(3)  A(2)  E(6)  C(3) 
2375148954 22604.41 || noQ Q (Avg,Max,Min) (1.00, 1.01, 1.00) (0.93, 0.16, 1.00) #fs:   0  -- #Conts: 15 H(1)  G(3)  A(2)  E(6)  C(3) 
2375167690 22590.65 || noQ Q (Avg,Max,Min) (1.00, 1.00, 1.00) (0.98, 0.92, 1.00) #fs:   0  -- #Conts: 14 G(3)  A(2)  E(6)  C(3) 
2375552470 22588.65 || noQ Q (Avg,Max,Min) (1.00, 1.00, 1.00) (0.98, 0.91, 1.00) #fs:   0  -- #Conts: 14 G(3)  A(2)  E(6)  C(3) 
2375737628 22587.65 || noQ Q (Avg,Max,Min) (1.00, 1.00, 1.00) (0.98, 0.92, 1.00) #fs:   0  -- #Conts: 14 G(3)  A(2)  E(6)  C(3) 
2375901464 22581.59 || noQ Q (Avg,Max,Min) (1.00, 1.00, 1.00) (0.94, 0.37, 1.00) #fs:   0  -- #Conts: 15 G(3)  A(2)  E(7)  C(3) 
2376769266 22579.59 || noQ Q (Avg,Max,Min) (1.00, 1.00, 1.00) (0.96, 0.61, 1.00) #fs:   0  -- #Conts: 15 G(3)  A(2)  E(7)  C(3) 
2376860900 22578.88 || noQ Q (Avg,Max,Min) (1.00, 1.00, 1.00) (0.96, 0.63, 1.00) #fs:   0  -- #Conts: 15 G(3)  A(2)  E(6)  C(4) 
2377186855 22578.59 || noQ Q (Avg,Max,Min) (1.00, 1.00, 1.00) (0.97, 0.72, 1.00) #fs:   0  -- #Conts: 15 G(3)  A(2)  E(7)  C(3) 
2378054657 22576.59 || noQ Q (Avg,Max,Min) (1.00, 1.00, 1.00) (0.99, 0.92, 1.00) #fs:   0  -- #Conts: 14 G(3)  A(1)  E(7)  C(3) 
2527352576 11874.82 || noQ Q (Avg,Max,Min) (1.00, 1.00, 1.00) (0.98, 0.91, 1.00) #fs:   0  -- #Conts: 20 H(3)  A(8)  G(3)  E(4)  C(2) 
2527480121 11873.82 || noQ Q (Avg,Max,Min) (1.00, 1.00, 1.00) (0.98, 0.91, 1.00) #fs:   0  -- #Conts: 20 H(3)  A(8)  G(3)  E(4)  C(2) 
2527683441 11871.82 || noQ Q (Avg,Max,Min) (1.00, 1.00, 1.00) (0.98, 0.91, 1.00) #fs:   0  -- #Conts: 19 H(3)  A(7)  G(3)  E(4)  C(2) 
2527812550 11870.82 || noQ Q (Avg,Max,Min) (1.00, 1.00, 1.00) (0.98, 0.91, 1.00) #fs:   0  -- #Conts: 19 H(3)  A(7)  G(3)  E(4)  C(2) 
2527957637 11869.82 || noQ Q (Avg,Max,Min) (1.00, 1.00, 1.00) (0.98, 0.91, 1.00) #fs:   0  -- #Conts: 19 H(3)  A(7)  G(3)  E(4)  C(2) 
2527994775 11868.82 || noQ Q (Avg,Max,Min) (1.00, 1.00, 1.00) (0.98, 0.91, 1.00) #fs:   0  -- #Conts: 19 H(3)  A(7)  G(3)  E(4)  C(2) 
2528109564 11867.82 || noQ Q (Avg,Max,Min) (1.00, 1.00, 1.00) (0.98, 0.91, 1.00) #fs:   0  -- #Conts: 19 H(3)  A(7)  G(3)  E(4)  C(2) 
2528276684 11866.82 || noQ Q (Avg,Max,Min) (1.00, 1.00, 1.00) (0.98, 0.91, 1.00) #fs:   0  -- #Conts: 19 H(3)  A(7)  G(3)  E(4)  C(2) 
2528334166 11865.82 || noQ Q (Avg,Max,Min) (1.00, 1.00, 1.00) (0.99, 0.91, 1.00) #fs:   0  -- #Conts: 18 H(3)  A(6)  G(3)  E(4)  C(2) 
2528448955 11864.82 || noQ Q (Avg,Max,Min) (1.00, 1.00, 1.00) (0.99, 0.91, 1.00) #fs:   0  -- #Conts: 18 H(3)  A(6)  G(3)  E(4)  C(2) 
2528616075 11863.82 || noQ Q (Avg,Max,Min) (1.00, 1.00, 1.00) (0.99, 0.91, 1.00) #fs:   0  -- #Conts: 18 H(3)  A(6)  G(3)  E(4)  C(2) 
2528700479 11862.82 || noQ Q (Avg,Max,Min) (1.00, 1.00, 1.00) (0.99, 0.91, 1.00) #fs:   0  -- #Conts: 18 H(3)  A(6)  G(3)  E(4)  C(2) 
2528815268 11861.82 || noQ Q (Avg,Max,Min) (1.00, 1.00, 1.00) (0.99, 0.91, 1.00) #fs:   0  -- #Conts: 18 H(3)  A(6)  G(3)  E(4)  C(2) 
2528972260 11860.82 || noQ Q (Avg,Max,Min) (1.00, 1.00, 1.00) (0.98, 0.91, 1.00) #fs:   0  -- #Conts: 19 H(3)  A(7)  G(3)  E(4)  C(2) 
2529061728 11859.82 || noQ Q (Avg,Max,Min) (1.00, 1.00, 1.00) (0.99, 0.91, 1.00) #fs:   0  -- #Conts: 18 H(3)  A(6)  G(3)  E(4)  C(2) 
2529184957 11858.82 || noQ Q (Avg,Max,Min) (1.00, 1.00, 1.00) (0.99, 0.91, 1.00) #fs:   0  -- #Conts: 18 H(3)  A(6)  G(3)  E(4)  C(2) 
2529313251 11857.82 || noQ Q (Avg,Max,Min) (1.00, 1.00, 1.00) (0.99, 0.91, 1.00) #fs:   0  -- #Conts: 18 H(3)  A(6)  G(3)  E(4)  C(2) 
2529428040 11856.82 || noQ Q (Avg,Max,Min) (1.00, 1.00, 1.00) (0.99, 0.91, 1.00) #fs:   0  -- #Conts: 18 H(3)  A(6)  G(3)  E(4)  C(2) 
2529571527 11855.82 || noQ Q (Avg,Max,Min) (1.00, 1.00, 1.00) (0.99, 0.91, 1.00) #fs:   0  -- #Conts: 18 H(3)  A(6)  G(3)  E(4)  C(2) 
2529671124 11854.82 || noQ Q (Avg,Max,Min) (1.00, 1.00, 1.00) (0.99, 0.91, 1.00) #fs:   0  -- #Conts: 18 H(3)  A(6)  G(3)  E(4)  C(2) 
2529785913 11853.82 || noQ Q (Avg,Max,Min) (1.00, 1.00, 1.00) (0.99, 0.91, 1.00) #fs:   0  -- #Conts: 18 H(3)  A(6)  G(3)  E(4)  C(2) 
2529924335 11852.82 || noQ Q (Avg,Max,Min) (1.00, 1.00, 1.00) (0.99, 0.91, 1.00) #fs:   0  -- #Conts: 18 H(3)  A(6)  G(3)  E(4)  C(2) 
2530039124 11851.82 || noQ Q (Avg,Max,Min) (1.00, 1.00, 1.00) (0.99, 0.91, 1.00) #fs:   0  -- #Conts: 18 H(3)  A(6)  G(3)  E(4)  C(2) 
2530167418 11850.82 || noQ Q (Avg,Max,Min) (1.00, 1.00, 1.00) (0.99, 0.91, 1.00) #fs:   0  -- #Conts: 18 H(3)  A(6)  G(3)  E(4)  C(2) 
2530273767 11849.82 || noQ Q (Avg,Max,Min) (1.00, 1.00, 1.00) (0.98, 0.91, 1.00) #fs:   0  -- #Conts: 19 H(3)  A(7)  G(3)  E(4)  C(2) 
2530388556 11848.82 || noQ Q (Avg,Max,Min) (1.00, 1.00, 1.00) (0.98, 0.91, 1.00) #fs:   0  -- #Conts: 19 H(3)  A(7)  G(3)  E(4)  C(2) 
2530521914 11847.82 || noQ Q (Avg,Max,Min) (1.00, 1.00, 1.00) (0.99, 0.91, 1.00) #fs:   0  -- #Conts: 18 H(3)  A(6)  G(3)  E(4)  C(2) 
2530614758 11846.82 || noQ Q (Avg,Max,Min) (1.00, 1.00, 1.00) (0.99, 0.91, 1.00) #fs:   0  -- #Conts: 18 H(3)  A(6)  G(3)  E(4)  C(2) 
2637430095 11588.35 || noQ Q (Avg,Max,Min) (1.00, 1.01, 1.00) (0.94, 0.10, 1.00) #fs:   0  -- #Conts: 18 H(3)  A(7)  G(3)  E(3)  C(2) 
2637654609 11586.35 || noQ Q (Avg,Max,Min) (1.00, 1.01, 1.00) (0.94, 0.16, 1.00) #fs:   0  -- #Conts: 18 H(3)  A(7)  G(3)  E(3)  C(2) 
2637673345 11572.59 || noQ Q (Avg,Max,Min) (1.00, 1.00, 1.00) (0.99, 0.91, 1.00) #fs:   0  -- #Conts: 17 H(2)  A(7)  G(3)  E(3)  C(2) 
2638058125 11570.59 || noQ Q (Avg,Max,Min) (1.00, 1.00, 1.00) (0.99, 0.91, 1.00) #fs:   0  -- #Conts: 17 H(2)  A(7)  G(3)  E(3)  C(2) 
2638268334 11569.59 || noQ Q (Avg,Max,Min) (1.00, 1.00, 1.00) (0.95, 0.32, 1.00) #fs:   0  -- #Conts: 18 H(2)  A(7)  G(4)  E(3)  C(2) 
2638407119 11563.53 || noQ Q (Avg,Max,Min) (1.00, 1.00, 1.00) (0.95, 0.37, 1.00) #fs:   0  -- #Conts: 18 H(2)  A(7)  G(3)  E(4)  C(2) 
2639274921 11561.53 || noQ Q (Avg,Max,Min) (1.00, 1.00, 1.00) (0.97, 0.61, 1.00) #fs:   0  -- #Conts: 18 H(2)  A(7)  G(3)  E(4)  C(2) 
2639366555 11560.82 || noQ Q (Avg,Max,Min) (1.00, 1.00, 1.00) (0.97, 0.63, 1.00) #fs:   0  -- #Conts: 18 H(2)  A(7)  G(3)  E(3)  C(3) 
2639717399 11560.53 || noQ Q (Avg,Max,Min) (1.00, 1.00, 1.00) (0.97, 0.72, 1.00) #fs:   0  -- #Conts: 18 H(2)  A(7)  G(3)  E(4)  C(2) 
2640585201 11558.53 || noQ Q (Avg,Max,Min) (1.00, 1.00, 1.00) (0.99, 0.91, 1.00) #fs:   0  -- #Conts: 17 H(2)  A(6)  G(3)  E(4)  C(2) 
2658566184 11337.76 || noQ Q (Avg,Max,Min) (1.00, 1.01, 1.00) (0.89, 0.06, 1.00) #fs:   0  -- #Conts: 20 H(3)  A(7)  G(3)  E(5)  C(2) 
2658640472 11306.24 || noQ Q (Avg,Max,Min) (1.00, 1.01, 1.00) (0.94, 0.09, 1.00) #fs:   0  -- #Conts: 19 H(2)  A(7)  G(3)  E(5)  C(2) 
2658803409 11292.47 || noQ Q (Avg,Max,Min) (1.00, 1.00, 1.00) (0.98, 0.91, 1.00) #fs:   0  -- #Conts: 18 H(1)  A(7)  G(3)  E(5)  C(2) 
2659049311 11291.47 || noQ Q (Avg,Max,Min) (1.00, 1.00, 1.00) (0.98, 0.91, 1.00) #fs:   0  -- #Conts: 18 H(1)  A(7)  G(3)  E(5)  C(2) 
2659188189 11290.47 || noQ Q (Avg,Max,Min) (1.00, 1.00, 1.00) (0.98, 0.91, 1.00) #fs:   0  -- #Conts: 18 H(1)  A(7)  G(3)  E(5)  C(2) 
2659434091 11289.47 || noQ Q (Avg,Max,Min) (1.00, 1.00, 1.00) (0.98, 0.91, 1.00) #fs:   0  -- #Conts: 18 H(1)  A(7)  G(3)  E(5)  C(2) 
2659519024 11281.41 || noQ Q (Avg,Max,Min) (1.00, 1.00, 1.00) (0.95, 0.36, 1.00) #fs:   0  -- #Conts: 19 H(1)  A(7)  G(3)  E(6)  C(2) 
2660454712 11278.71 || noQ Q (Avg,Max,Min) (1.00, 1.00, 1.00) (0.96, 0.62, 1.00) #fs:   0  -- #Conts: 19 H(1)  A(7)  G(3)  E(5)  C(3) 
2668527853 11277.71 || noQ Q (Avg,Max,Min) (1.00, 1.00, 1.00) (0.98, 0.91, 1.00) #fs:   0  -- #Conts: 20 H(1)  A(9)  G(3)  E(5)  C(2) 
2694451080 11006.88 || noQ Q (Avg,Max,Min) (1.00, 1.01, 1.00) (0.94, 0.06, 1.00) #fs:   0  -- #Conts: 20 H(1)  A(9)  G(3)  E(5)  C(2) 
2694611174 10975.35 || noQ Q (Avg,Max,Min) (1.00, 1.00, 1.00) (0.98, 0.91, 1.00) #fs:   0  -- #Conts: 19 A(9)  G(3)  E(5)  C(2) 
3124994468 10939.59 || noQ Q (Avg,Max,Min) (1.00, 1.01, 1.00) (0.94, 0.09, 1.00) #fs:   0  -- #Conts: 21 H(1)  A(9)  G(3)  E(6)  C(2) 
3125218982 10937.59 || noQ Q (Avg,Max,Min) (1.00, 1.01, 1.00) (0.94, 0.16, 1.00) #fs:   0  -- #Conts: 20 H(1)  A(8)  G(3)  E(6)  C(2) 
3125342742 10936.59 || noQ Q (Avg,Max,Min) (0.99, 1.00, 0.84) (0.94, 0.16, 1.00) #fs:   1  -- #Conts: 20 H(1)  A(8)  G(3)  E(6)  C(2) 
3125616635 10920.82 || noQ Q (Avg,Max,Min) (1.00, 1.00, 1.00) (0.95, 0.27, 1.00) #fs:   0  -- #Conts: 20 A(8)  G(4)  E(6)  C(2) 
3125947146 10914.76 || noQ Q (Avg,Max,Min) (1.00, 1.00, 1.00) (0.98, 0.91, 1.00) #fs:   0  -- #Conts: 20 A(9)  G(3)  E(6)  C(2) 
3126814948 10912.76 || noQ Q (Avg,Max,Min) (1.00, 1.00, 1.00) (0.99, 0.91, 1.00) #fs:   0  -- #Conts: 19 A(8)  G(3)  E(6)  C(2) 
3126815110 10911.76 || noQ Q (Avg,Max,Min) (1.00, 1.00, 1.00) (0.97, 0.60, 1.00) #fs:   0  -- #Conts: 20 A(8)  G(3)  E(7)  C(2) 
3131809397 10911.06 || noQ Q (Avg,Max,Min) (1.00, 1.00, 1.00) (0.97, 0.62, 1.00) #fs:   0  -- #Conts: 21 A(9)  G(3)  E(6)  C(3) 
3134511917 10910.06 || noQ Q (Avg,Max,Min) (1.00, 1.00, 1.00) (0.98, 0.91, 1.00) #fs:   0  -- #Conts: 21 A(10)  G(3)  E(6)  C(2) 
3250577984 10905.35 || noQ Q (Avg,Max,Min) (1.00, 1.00, 1.00) (0.97, 0.60, 1.00) #fs:   0  -- #Conts: 15 A(6)  G(2)  E(6)  C(1) 
3255540185 10883.35 || noQ Q (Avg,Max,Min) (1.00, 1.00, 1.00) (0.93, 0.16, 1.00) #fs:   0  -- #Conts: 17 H(2)  A(6)  G(2)  E(5)  C(2) 
3255661666 10882.35 || noQ Q (Avg,Max,Min) (1.00, 1.00, 1.00) (0.93, 0.11, 1.00) #fs:   0  -- #Conts: 17 H(2)  A(6)  G(2)  E(5)  C(2) 
3255696516 10881.35 || noQ Q (Avg,Max,Min) (1.00, 1.00, 1.00) (0.93, 0.11, 1.00) #fs:   0  -- #Conts: 17 H(2)  A(6)  G(2)  E(5)  C(2) 
3255764699 10867.59 || noQ Q (Avg,Max,Min) (1.00, 1.00, 1.00) (0.98, 0.82, 1.00) #fs:   0  -- #Conts: 16 H(2)  A(6)  G(1)  E(5)  C(2) 
3255798650 10866.59 || noQ Q (Avg,Max,Min) (1.00, 1.00, 1.00) (0.98, 0.85, 1.00) #fs:   0  -- #Conts: 16 H(2)  A(6)  G(1)  E(5)  C(2) 
3255914938 10865.59 || noQ Q (Avg,Max,Min) (1.00, 1.00, 1.00) (0.98, 0.84, 1.00) #fs:   0  -- #Conts: 16 H(2)  A(6)  G(1)  E(5)  C(2) 
3255941651 10864.59 || noQ Q (Avg,Max,Min) (1.00, 1.00, 1.00) (0.98, 0.87, 1.00) #fs:   0  -- #Conts: 16 H(2)  A(6)  G(1)  E(5)  C(2) 
3256050739 10863.59 || noQ Q (Avg,Max,Min) (1.00, 1.00, 1.00) (0.98, 0.86, 1.00) #fs:   0  -- #Conts: 16 H(2)  A(6)  G(1)  E(5)  C(2) 
3256183046 10861.59 || noQ Q (Avg,Max,Min) (1.00, 1.00, 1.00) (0.98, 0.86, 1.00) #fs:   0  -- #Conts: 16 H(2)  A(6)  G(1)  E(5)  C(2) 
3256220697 10860.59 || noQ Q (Avg,Max,Min) (1.00, 1.00, 1.00) (0.99, 0.88, 1.00) #fs:   1  -- #Conts: 16 H(2)  A(6)  G(1)  E(5)  C(2) 
3256364994 10858.59 || noQ Q (Avg,Max,Min) (1.00, 1.00, 1.00) (0.99, 0.91, 1.00) #fs:   0  -- #Conts: 16 H(2)  A(6)  G(1)  E(5)  C(2) 
3256399120 10856.59 || noQ Q (Avg,Max,Min) (1.00, 1.00, 1.00) (0.99, 0.91, 1.00) #fs:   0  -- #Conts: 16 H(2)  A(6)  G(1)  E(5)  C(2) 
3256506752 10855.59 || noQ Q (Avg,Max,Min) (1.00, 1.00, 1.00) (0.99, 0.91, 1.00) #fs:   0  -- #Conts: 16 H(2)  A(6)  G(1)  E(5)  C(2) 
3256646065 10854.59 || noQ Q (Avg,Max,Min) (1.00, 1.00, 1.00) (0.99, 0.91, 1.00) #fs:   0  -- #Conts: 16 H(2)  A(6)  G(1)  E(5)  C(2) 
3259402372 10849.24 || noQ Q (Avg,Max,Min) (1.00, 1.00, 1.00) (0.97, 0.61, 1.00) #fs:   0  -- #Conts: 16 H(1)  A(6)  G(2)  E(6)  C(1) 
3259739907 10847.53 || noQ Q (Avg,Max,Min) (1.00, 1.00, 1.00) (0.96, 0.42, 1.00) #fs:   0  -- #Conts: 16 H(1)  A(6)  G(2)  E(5)  C(2) 
3260148642 10836.76 || noQ Q (Avg,Max,Min) (1.00, 1.00, 1.00) (0.99, 0.92, 1.00) #fs:   0  -- #Conts: 14 A(6)  G(2)  E(4)  C(2) 
3260372300 10835.76 || noQ Q (Avg,Max,Min) (1.00, 1.00, 1.00) (0.99, 0.92, 1.00) #fs:   0  -- #Conts: 14 A(6)  G(2)  E(4)  C(2) 
3273226806 10835.06 || noQ Q (Avg,Max,Min) (1.00, 1.00, 1.00) (0.95, 0.42, 1.00) #fs:   0  -- #Conts: 13 A(6)  G(1)  E(4)  C(2) 
3274094608 10831.06 || noQ Q (Avg,Max,Min) (1.00, 1.00, 1.00) (1.00, 0.99, 1.00) #fs:   0  -- #Conts: 12 A(6)  G(1)  E(4)  C(1) 
3380701394 10796.18 || noQ Q (Avg,Max,Min) (1.00, 1.01, 1.00) (0.93, 0.06, 1.00) #fs:   0  -- #Conts: 14 H(1)  A(7)  G(1)  E(4)  C(1) 
3380861660 10780.41 || noQ Q (Avg,Max,Min) (1.00, 1.00, 1.00) (0.93, 0.11, 1.00) #fs:   0  -- #Conts: 14 A(7)  G(2)  E(4)  C(1) 
3381344510 10764.65 || noQ Q (Avg,Max,Min) (1.00, 1.00, 1.00) (0.99, 0.92, 1.00) #fs:   0  -- #Conts: 13 A(7)  G(1)  E(4)  C(1) 
3382316752 10763.65 || noQ Q (Avg,Max,Min) (1.00, 1.00, 1.00) (0.95, 0.42, 1.00) #fs:   0  -- #Conts: 14 A(7)  G(1)  E(4)  C(2) 
3382628215 10761.65 || noQ Q (Avg,Max,Min) (1.00, 1.00, 1.00) (0.99, 0.94, 1.00) #fs:   0  -- #Conts: 13 A(7)  G(1)  E(4)  C(1) 
3654620764 10756.35 || noQ Q (Avg,Max,Min) (1.00, 1.01, 1.00) (0.88, 0.06, 1.00) #fs:   0  -- #Conts: 17 H(2)  A(8)  E(6)  C(1) 
3654726663 10740.59 || noQ Q (Avg,Max,Min) (1.00, 1.01, 1.00) (0.89, 0.09, 1.00) #fs:   0  -- #Conts: 17 H(1)  A(8)  G(1)  E(6)  C(1) 
3654845278 10724.82 || noQ Q (Avg,Max,Min) (1.00, 1.01, 1.00) (0.94, 0.16, 1.00) #fs:   0  -- #Conts: 16 H(1)  A(8)  E(6)  C(1) 
3655207128 10709.06 || noQ Q (Avg,Max,Min) (1.00, 1.00, 1.00) (0.94, 0.16, 1.00) #fs:   0  -- #Conts: 16 A(8)  G(1)  E(6)  C(1) 
3655573442 10695.29 || noQ Q (Avg,Max,Min) (1.00, 1.00, 1.00) (0.99, 0.91, 1.00) #fs:   0  -- #Conts: 15 A(8)  E(6)  C(1) 
3708984800 10693.47 || noQ Q (Avg,Max,Min) (1.00, 1.00, 1.00) (0.97, 0.62, 1.00) #fs:   0  -- #Conts: 16 A(9)  E(5)  C(2) 
3712132707 10692.47 || noQ Q (Avg,Max,Min) (1.00, 1.00, 1.00) (0.98, 0.91, 1.00) #fs:   0  -- #Conts: 16 A(10)  E(5)  C(1) 
4378852536 9681.94 || noQ Q (Avg,Max,Min) (1.00, 1.01, 1.00) (0.94, 0.10, 1.00) #fs:   0  -- #Conts: 17 H(1)  A(8)  G(3)  E(4)  C(1) 
4379077050 9679.94 || noQ Q (Avg,Max,Min) (1.00, 1.01, 1.00) (0.94, 0.16, 1.00) #fs:   0  -- #Conts: 17 H(1)  A(8)  G(3)  E(4)  C(1) 
4379480728 9664.18 || noQ Q (Avg,Max,Min) (1.00, 1.00, 1.00) (0.95, 0.27, 1.00) #fs:   0  -- #Conts: 17 A(8)  G(4)  E(4)  C(1) 
4379829560 9661.82 || noQ Q (Avg,Max,Min) (1.00, 1.00, 1.00) (0.91, 0.24, 1.00) #fs:   0  -- #Conts: 18 A(8)  G(3)  E(6)  C(1) 
4380050666 9661.18 || noQ Q (Avg,Max,Min) (1.00, 1.00, 1.00) (0.96, 0.43, 1.00) #fs:   0  -- #Conts: 16 A(7)  G(4)  E(4)  C(1) 
4380412359 9659.12 || noQ Q (Avg,Max,Min) (1.00, 1.00, 1.00) (0.92, 0.37, 1.00) #fs:   0  -- #Conts: 18 A(8)  G(3)  E(5)  C(2) 
4380697362 9655.12 || noQ Q (Avg,Max,Min) (1.00, 1.00, 1.00) (0.97, 0.61, 1.00) #fs:   0  -- #Conts: 17 A(8)  G(3)  E(5)  C(1) 
4381982753 9652.12 || noQ Q (Avg,Max,Min) (1.00, 1.00, 1.00) (0.99, 0.91, 1.00) #fs:   0  -- #Conts: 16 A(7)  G(3)  E(5)  C(1) 
4434488611 8718.47 || noQ Q (Avg,Max,Min) (1.00, 1.01, 1.00) (0.94, 0.09, 1.00) #fs:   0  -- #Conts: 17 H(1)  A(8)  G(3)  E(4)  C(1) 
4434713125 8716.47 || noQ Q (Avg,Max,Min) (1.00, 1.01, 1.00) (0.94, 0.16, 1.00) #fs:   0  -- #Conts: 17 H(1)  A(8)  G(3)  E(4)  C(1) 
4434725998 8702.71 || noQ Q (Avg,Max,Min) (1.00, 1.00, 1.00) (0.94, 0.16, 1.00) #fs:   0  -- #Conts: 17 A(8)  G(4)  E(4)  C(1) 
4435110778 8700.71 || noQ Q (Avg,Max,Min) (1.00, 1.00, 1.00) (0.95, 0.27, 1.00) #fs:   0  -- #Conts: 17 A(8)  G(4)  E(4)  C(1) 
4435441451 8693.65 || noQ Q (Avg,Max,Min) (1.00, 1.00, 1.00) (0.95, 0.36, 1.00) #fs:   0  -- #Conts: 17 A(8)  G(3)  E(5)  C(1) 
4436309253 8691.65 || noQ Q (Avg,Max,Min) (1.00, 1.00, 1.00) (0.97, 0.60, 1.00) #fs:   0  -- #Conts: 17 A(8)  G(3)  E(5)  C(1) 
4436377139 8690.94 || noQ Q (Avg,Max,Min) (1.00, 1.00, 1.00) (0.97, 0.62, 1.00) #fs:   0  -- #Conts: 17 A(8)  G(3)  E(4)  C(2) 
4440751257 7643.35 || noQ Q (Avg,Max,Min) (1.00, 1.01, 1.00) (0.89, 0.06, 1.00) #fs:   0  -- #Conts: 17 H(1)  A(9)  G(4)  E(2)  C(1) 
4440843156 7634.29 || noQ Q (Avg,Max,Min) (1.00, 1.01, 1.00) (0.91, 0.06, 1.00) #fs:   0  -- #Conts: 17 H(1)  A(9)  G(3)  E(3)  C(1) 
4440911523 7611.82 || noQ Q (Avg,Max,Min) (0.98, 1.00, 0.71) (0.95, 0.27, 1.00) #fs:   1  -- #Conts: 16 A(9)  G(4)  E(2)  C(1) 
4441394545 7609.47 || noQ Q (Avg,Max,Min) (1.00, 1.00, 1.00) (0.92, 0.24, 1.00) #fs:   0  -- #Conts: 17 A(9)  G(3)  E(4)  C(1) 
4441710958 7602.76 || noQ Q (Avg,Max,Min) (1.00, 1.00, 1.00) (0.97, 0.60, 1.00) #fs:   0  -- #Conts: 16 A(9)  G(3)  E(3)  C(1) 
4447176571 7602.06 || noQ Q (Avg,Max,Min) (1.00, 1.00, 1.00) (0.98, 0.62, 1.00) #fs:   0  -- #Conts: 16 A(9)  G(3)  E(2)  C(2) 
4447176743 7601.06 || noQ Q (Avg,Max,Min) (1.00, 1.00, 1.00) (0.97, 0.62, 1.00) #fs:   0  -- #Conts: 17 A(10)  G(3)  E(2)  C(2) 
4449405887 7600.06 || noQ Q (Avg,Max,Min) (1.00, 1.00, 1.00) (1.00, 1.00, 1.00) #fs:   0  -- #Conts: 15 A(9)  G(3)  E(2)  C(1) 
4964115071 7563.76 || noQ Q (Avg,Max,Min) (1.00, 1.01, 1.00) (0.94, 0.09, 1.00) #fs:   0  -- #Conts: 15 H(1)  A(9)  E(4)  C(1) 
4964339585 7561.76 || noQ Q (Avg,Max,Min) (1.00, 1.01, 1.00) (0.94, 0.16, 1.00) #fs:   0  -- #Conts: 15 H(1)  A(9)  E(4)  C(1) 
4964352458 7548.00 || noQ Q (Avg,Max,Min) (1.00, 1.00, 1.00) (0.94, 0.16, 1.00) #fs:   0  -- #Conts: 15 A(9)  G(1)  E(4)  C(1) 
4964737238 7546.00 || noQ Q (Avg,Max,Min) (1.00, 1.00, 1.00) (0.95, 0.27, 1.00) #fs:   0  -- #Conts: 15 A(9)  G(1)  E(4)  C(1) 
4965067911 7538.94 || noQ Q (Avg,Max,Min) (1.00, 1.00, 1.00) (0.96, 0.36, 1.00) #fs:   0  -- #Conts: 15 A(9)  E(5)  C(1) 
4965935713 7536.94 || noQ Q (Avg,Max,Min) (1.00, 1.00, 1.00) (0.97, 0.60, 1.00) #fs:   0  -- #Conts: 15 A(9)  E(5)  C(1) 
4966003599 7536.24 || noQ Q (Avg,Max,Min) (1.00, 1.00, 1.00) (0.97, 0.62, 1.00) #fs:   0  -- #Conts: 15 A(9)  E(4)  C(2) 
4977948745 7535.24 || noQ Q (Avg,Max,Min) (1.00, 1.00, 1.00) (0.97, 0.64, 1.00) #fs:   0  -- #Conts: 16 A(10)  E(4)  C(2) 
4985883034 7534.24 || noQ Q (Avg,Max,Min) (1.00, 1.00, 1.00) (1.00, 1.00, 1.00) #fs:   0  -- #Conts: 14 A(9)  E(4)  C(1) 
6442846211 7534.06 || noQ Q (Avg,Max,Min) (1.00, 1.00, 1.00) (0.93, 0.11, 1.00) #fs:   1  -- #Conts: 12 A(8)  G(1)  E(2)  C(1) 
6443329233 7525.00 || noQ Q (Avg,Max,Min) (1.00, 1.00, 1.00) (0.94, 0.24, 1.00) #fs:   1  -- #Conts: 12 A(8)  E(3)  C(1) 
6443960941 7522.29 || noQ Q (Avg,Max,Min) (1.00, 1.00, 1.00) (0.95, 0.42, 1.00) #fs:   1  -- #Conts: 12 A(8)  E(2)  C(2) 
6449111259 7520.29 || noQ Q (Avg,Max,Min) (1.00, 1.00, 1.00) (1.00, 1.00, 1.00) #fs:   1  -- #Conts: 11 A(8)  E(2)  C(1) 
/////////////////size: 381
nodes 97 edges 109
 mulT: 5000 mulD: 100  sumData GB 220
pareto /SIPHT.n.100.0.dax time -> 6505.0
moheft /SIPHT.n.100.0.dax time -> 10482.0
distance from M to C 0.0
distance from P to C 791.0610894943177
distance from C to M 0.0
distance from C to P 408.358874219412
toCompare: /SIPHT.n.100.0.dax sumDataGB: 220 mulT: 5000 mulD: 100 paretoOptTime_MS: 6505.0 MoheftOptimizationTime_MS: 10482.0 MtoC 0.0 PtoC 791.0610894943177 CtoM 0.0 CtoP 408.358874219412
