specify -Dflow d,b,mt,md,size
Running /home/vaggelis/jc/MONTAGE.n.50.0.dax mt 500 md: 10000 size null
   5014092 536.00 || noQ Q (Avg,Max,Min) (4.56, 5.61, 1.97) (0.77, 0.28, 2.93) #fs:   8  -- #Conts: 16 H(16) 
   5018508 504.47 || noQ Q (Avg,Max,Min) (4.43, 5.61, 1.97) (0.95, 0.28, 4.08) #fs:   8  -- #Conts: 16 H(16) 
   5032133 472.94 || noQ Q (Avg,Max,Min) (4.54, 5.61, 1.96) (1.01, 0.28, 4.08) #fs:   6  -- #Conts: 15 H(15) 
   5089735 441.41 || noQ Q (Avg,Max,Min) (4.47, 5.61, 1.93) (1.08, 0.28, 4.08) #fs:   6  -- #Conts: 14 H(14) 
   5119503 409.88 || noQ Q (Avg,Max,Min) (4.28, 5.60, 1.91) (1.17, 0.28, 4.09) #fs:   8  -- #Conts: 13 H(13) 
   5128403 378.35 || noQ Q (Avg,Max,Min) (4.16, 5.56, 1.90) (1.26, 0.28, 4.08) #fs:   8  -- #Conts: 12 H(12) 
   5175603 346.82 || noQ Q (Avg,Max,Min) (4.34, 5.58, 1.87) (1.21, 0.56, 3.07) #fs:   8  -- #Conts: 10 H(10) 
   5180019 315.29 || noQ Q (Avg,Max,Min) (4.14, 5.53, 1.87) (1.52, 0.56, 4.64) #fs:   8  -- #Conts: 10 H(10) 
   5192791 283.76 || noQ Q (Avg,Max,Min) (4.32, 5.58, 2.23) (1.69, 0.83, 4.36) #fs:   7  -- #Conts: 9 H(9) 
   5308659 252.24 || noQ Q (Avg,Max,Min) (4.11, 5.58, 2.10) (1.90, 0.83, 4.36) #fs:   8  -- #Conts: 8 H(8) 
   5370080 220.71 || noQ Q (Avg,Max,Min) (3.90, 5.32, 2.06) (2.17, 0.88, 4.91) #fs:   8  -- #Conts: 7 H(7) 
   6552330 204.94 || noQ Q (Avg,Max,Min) (3.05, 3.67, 1.59) (1.13, 0.63, 3.28) #fs:   7  -- #Conts: 10 G(10) 
   6568151 189.18 || noQ Q (Avg,Max,Min) (3.06, 3.67, 1.87) (1.24, 0.67, 3.28) #fs:   8  -- #Conts: 9 G(9) 
   6771104 173.41 || noQ Q (Avg,Max,Min) (3.11, 3.68, 1.76) (1.35, 0.63, 3.44) #fs:   7  -- #Conts: 8 G(8) 
   6872234 157.65 || noQ Q (Avg,Max,Min) (3.00, 3.66, 1.72) (1.55, 1.02, 3.44) #fs:   7  -- #Conts: 7 G(7) 
   7518148 154.59 || noQ Q (Avg,Max,Min) (1.61, 2.88, 0.84) (1.11, 0.65, 2.01) #fs:  16  -- #Conts: 11 G(1)  E(10) 
   7569949 151.53 || noQ Q (Avg,Max,Min) (1.71, 2.71, 1.20) (0.92, 0.56, 1.90) #fs:  17  -- #Conts: 14 E(13)  C(1) 
   8240986 140.82 || noQ Q (Avg,Max,Min) (1.63, 2.67, 1.07) (1.00, 0.84, 2.04) #fs:  17  -- #Conts: 12 E(12) 
   8245567 134.12 || noQ Q (Avg,Max,Min) (1.55, 2.67, 0.80) (1.10, 0.65, 2.04) #fs:  17  -- #Conts: 11 E(11) 
   8251759 127.41 || noQ Q (Avg,Max,Min) (1.59, 3.01, 0.80) (1.14, 0.65, 2.30) #fs:  16  -- #Conts: 11 E(11) 
   8564186 126.12 || noQ Q (Avg,Max,Min) (2.68, 3.67, 1.69) (2.25, 1.59, 2.80) #fs:   5  -- #Conts: 5 G(5) 
   9041016 120.71 || noQ Q (Avg,Max,Min) (1.59, 2.43, 1.00) (1.20, 0.86, 2.04) #fs:  15  -- #Conts: 11 E(11) 
   9479418 112.00 || noQ Q (Avg,Max,Min) (1.94, 2.57, 1.38) (1.52, 0.88, 2.26) #fs:   7  -- #Conts: 8 H(1)  E(7) 
   9570397 096.24 || noQ Q (Avg,Max,Min) (1.94, 2.55, 1.53) (1.54, 1.01, 2.26) #fs:   7  -- #Conts: 8 G(1)  E(7) 
  10652037 093.88 || noQ Q (Avg,Max,Min) (1.88, 2.72, 1.28) (1.53, 1.19, 2.68) #fs:   8  -- #Conts: 8 E(8) 
  31769387 093.00 || noQ Q (Avg,Max,Min) (1.15, 2.02, 0.86) (0.91, 0.79, 1.86) #fs:  11  -- #Conts: 33 A(33) 
  31775379 092.00 || noQ Q (Avg,Max,Min) (1.16, 2.02, 0.86) (0.92, 0.79, 1.86) #fs:  10  -- #Conts: 34 A(34) 
  31843148 091.00 || noQ Q (Avg,Max,Min) (1.17, 2.01, 1.00) (0.92, 0.85, 1.86) #fs:   9  -- #Conts: 35 A(35) 
  36284802 089.00 || noQ Q (Avg,Max,Min) (1.06, 1.27, 0.70) (0.95, 0.69, 1.16) #fs:  16  -- #Conts: 17 A(17) 
  36329043 088.00 || noQ Q (Avg,Max,Min) (1.05, 1.26, 0.70) (0.98, 0.69, 1.16) #fs:  16  -- #Conts: 16 A(16) 
  36413002 087.00 || noQ Q (Avg,Max,Min) (1.04, 1.26, 0.70) (1.00, 0.69, 1.16) #fs:  16  -- #Conts: 15 A(15) 
  37011222 086.00 || noQ Q (Avg,Max,Min) (1.19, 2.33, 0.91) (1.05, 0.77, 1.86) #fs:  14  -- #Conts: 17 A(16)  C(1) 
  37066808 084.00 || noQ Q (Avg,Max,Min) (1.12, 2.03, 0.91) (1.06, 0.86, 1.86) #fs:  14  -- #Conts: 17 A(17) 
  42419281 082.00 || noQ Q (Avg,Max,Min) (1.21, 2.01, 1.00) (1.05, 0.92, 1.86) #fs:   8  -- #Conts: 18 A(18) 
  47582433 081.00 || noQ Q (Avg,Max,Min) (1.18, 1.82, 1.00) (1.07, 0.92, 1.56) #fs:   8  -- #Conts: 15 A(15) 
  47709603 080.00 || noQ Q (Avg,Max,Min) (1.16, 1.31, 1.00) (1.07, 0.92, 1.29) #fs:   8  -- #Conts: 15 A(15) 
/////////////////size: 36
   5660926 413.88 || noQ Q (Avg,Max,Min) (3.95, 5.67, 0.83) (0.83, 0.28, 4.17) #fs:   9  -- #Conts: 16 H(10)  G(1)  E(5) 
   5677963 398.12 || noQ Q (Avg,Max,Min) (3.19, 5.57, 0.83) (0.60, 0.27, 4.18) #fs:  10  -- #Conts: 23 H(2)  G(16)  E(5) 
   5732612 382.35 || noQ Q (Avg,Max,Min) (3.14, 5.57, 0.82) (0.63, 0.27, 4.15) #fs:  10  -- #Conts: 22 H(2)  G(15)  E(5) 
   5801377 366.59 || noQ Q (Avg,Max,Min) (3.14, 5.57, 1.18) (0.65, 0.27, 4.18) #fs:  11  -- #Conts: 21 H(2)  G(14)  E(5) 
   5808864 350.82 || noQ Q (Avg,Max,Min) (3.06, 4.53, 1.18) (0.65, 0.31, 4.18) #fs:  12  -- #Conts: 21 H(1)  G(15)  E(5) 
   5817805 335.06 || noQ Q (Avg,Max,Min) (3.02, 4.51, 1.18) (0.69, 0.31, 4.18) #fs:  12  -- #Conts: 20 H(1)  G(14)  E(5) 
   5819885 319.29 || noQ Q (Avg,Max,Min) (2.99, 4.51, 1.18) (0.72, 0.31, 4.18) #fs:  12  -- #Conts: 19 H(1)  G(13)  E(5) 
   5833630 294.47 || noQ Q (Avg,Max,Min) (2.89, 4.88, 1.18) (0.77, 0.31, 3.62) #fs:  11  -- #Conts: 18 H(1)  G(11)  E(6) 
   5833974 262.94 || noQ Q (Avg,Max,Min) (2.80, 4.88, 1.18) (0.86, 0.32, 3.62) #fs:  11  -- #Conts: 16 H(1)  G(9)  E(6) 
   5839290 256.24 || noQ Q (Avg,Max,Min) (2.84, 4.88, 1.18) (0.91, 0.62, 3.62) #fs:  11  -- #Conts: 15 H(1)  G(9)  E(5) 
   5921409 253.88 || noQ Q (Avg,Max,Min) (2.70, 4.92, 1.15) (0.87, 0.42, 3.60) #fs:  12  -- #Conts: 16 H(1)  G(8)  E(7) 
   6045037 224.71 || noQ Q (Avg,Max,Min) (2.77, 3.91, 1.15) (0.85, 0.62, 3.28) #fs:  11  -- #Conts: 14 G(9)  E(5) 
   6106784 222.35 || noQ Q (Avg,Max,Min) (2.68, 3.92, 1.13) (0.81, 0.42, 3.32) #fs:  10  -- #Conts: 15 G(8)  E(7) 
   6123114 222.00 || noQ Q (Avg,Max,Min) (2.34, 3.91, 1.13) (0.68, 0.31, 3.32) #fs:  10  -- #Conts: 19 G(5)  E(14) 
   6162082 219.65 || noQ Q (Avg,Max,Min) (2.13, 4.92, 1.09) (0.76, 0.42, 3.60) #fs:  12  -- #Conts: 19 H(1)  G(2)  E(16) 
   6306025 215.29 || noQ Q (Avg,Max,Min) (2.26, 3.77, 1.08) (0.70, 0.31, 3.30) #fs:  12  -- #Conts: 18 G(5)  E(13) 
   6312988 208.59 || noQ Q (Avg,Max,Min) (2.30, 3.75, 1.08) (0.74, 0.42, 3.29) #fs:  11  -- #Conts: 17 G(5)  E(12) 
   6321526 206.24 || noQ Q (Avg,Max,Min) (2.22, 3.74, 1.08) (0.71, 0.42, 3.29) #fs:  11  -- #Conts: 18 G(4)  E(14) 
   6331990 197.18 || noQ Q (Avg,Max,Min) (2.15, 3.74, 1.08) (0.72, 0.42, 3.29) #fs:  11  -- #Conts: 18 G(3)  E(15) 
   6338115 190.47 || noQ Q (Avg,Max,Min) (2.15, 3.92, 1.07) (0.74, 0.42, 3.45) #fs:  12  -- #Conts: 17 G(3)  E(14) 
   6347457 188.12 || noQ Q (Avg,Max,Min) (2.06, 3.78, 1.07) (0.71, 0.42, 3.33) #fs:  11  -- #Conts: 18 G(2)  E(16) 
   6525409 185.41 || noQ Q (Avg,Max,Min) (2.00, 3.80, 1.03) (0.72, 0.42, 3.44) #fs:  11  -- #Conts: 18 G(2)  E(15)  C(1) 
   6600032 182.71 || noQ Q (Avg,Max,Min) (1.96, 3.75, 1.01) (0.73, 0.42, 3.44) #fs:  11  -- #Conts: 18 G(2)  E(14)  C(2) 
   6605788 180.00 || noQ Q (Avg,Max,Min) (1.93, 3.75, 1.01) (0.74, 0.42, 3.44) #fs:  11  -- #Conts: 18 G(2)  E(13)  C(3) 
   6619211 166.47 || noQ Q (Avg,Max,Min) (1.79, 3.74, 1.01) (0.77, 0.42, 3.44) #fs:  11  -- #Conts: 18 G(2)  E(8)  C(8) 
   6619787 161.06 || noQ Q (Avg,Max,Min) (1.73, 3.74, 1.01) (0.79, 0.42, 3.44) #fs:  11  -- #Conts: 18 G(2)  E(6)  C(10) 
   6624828 157.06 || noQ Q (Avg,Max,Min) (1.78, 3.74, 1.01) (0.82, 0.42, 3.44) #fs:  10  -- #Conts: 17 G(2)  E(6)  C(9) 
   6628300 154.35 || noQ Q (Avg,Max,Min) (1.75, 3.74, 1.01) (0.83, 0.55, 3.44) #fs:  10  -- #Conts: 17 G(2)  E(5)  C(10) 
   6926288 153.06 || noQ Q (Avg,Max,Min) (1.75, 3.58, 0.95) (0.86, 0.42, 3.44) #fs:  10  -- #Conts: 16 G(2)  E(6)  C(8) 
   6928024 150.35 || noQ Q (Avg,Max,Min) (1.72, 3.58, 0.95) (0.87, 0.55, 3.44) #fs:  10  -- #Conts: 16 G(2)  E(5)  C(9) 
   7404106 140.94 || noQ Q (Avg,Max,Min) (3.71, 37.83, 1.27) (1.08, 0.55, 3.85) #fs:   6  -- #Conts: 18 G(3)  E(5)  C(10) 
   7861059 131.88 || noQ Q (Avg,Max,Min) (1.78, 2.95, 1.27) (0.97, 0.55, 2.38) #fs:   7  -- #Conts: 17 G(2)  E(5)  C(10) 
   8346525 129.18 || noQ Q (Avg,Max,Min) (1.75, 2.95, 1.20) (1.02, 0.55, 2.38) #fs:   8  -- #Conts: 17 G(2)  E(5)  C(10) 
   8366512 118.47 || noQ Q (Avg,Max,Min) (1.71, 3.26, 1.04) (1.14, 0.55, 2.91) #fs:   8  -- #Conts: 17 G(2)  E(5)  C(10) 
   8965363 115.76 || noQ Q (Avg,Max,Min) (1.73, 3.26, 1.04) (1.16, 0.55, 2.91) #fs:   8  -- #Conts: 17 G(2)  E(5)  C(10) 
   9074855 110.59 || noQ Q (Avg,Max,Min) (1.79, 3.44, 1.05) (1.45, 0.97, 2.57) #fs:   8  -- #Conts: 10 G(2)  E(5)  C(3) 
   9676952 107.88 || noQ Q (Avg,Max,Min) (1.76, 3.44, 1.05) (1.50, 0.97, 2.63) #fs:   8  -- #Conts: 10 G(2)  E(5)  C(3) 
  10568066 105.18 || noQ Q (Avg,Max,Min) (1.80, 3.44, 1.04) (1.46, 0.89, 2.57) #fs:   7  -- #Conts: 10 G(2)  E(5)  C(3) 
  10830046 103.65 || noQ Q (Avg,Max,Min) (2.19, 4.95, 1.29) (1.48, 0.89, 2.62) #fs:   7  -- #Conts: 11 G(2)  E(2)  C(7) 
  10949264 099.65 || noQ Q (Avg,Max,Min) (2.19, 4.56, 1.29) (1.52, 0.89, 2.58) #fs:   7  -- #Conts: 11 G(2)  E(2)  C(7) 
  11548832 090.24 || noQ Q (Avg,Max,Min) (1.96, 3.04, 1.35) (1.59, 0.94, 2.58) #fs:   7  -- #Conts: 10 G(2)  E(1)  C(7) 
  12195243 084.94 || noQ Q (Avg,Max,Min) (2.24, 4.87, 1.35) (1.79, 1.11, 3.25) #fs:   4  -- #Conts: 9 G(2)  E(1)  C(6) 
  12636753 080.94 || noQ Q (Avg,Max,Min) (2.27, 4.89, 1.47) (1.84, 1.06, 3.57) #fs:   3  -- #Conts: 9 G(2)  E(1)  C(6) 
  13875250 078.24 || noQ Q (Avg,Max,Min) (2.17, 3.37, 1.47) (1.87, 1.06, 3.20) #fs:   3  -- #Conts: 9 G(2)  E(1)  C(6) 
  18774021 076.24 || noQ Q (Avg,Max,Min) (2.20, 3.37, 1.47) (1.89, 1.06, 3.20) #fs:   2  -- #Conts: 10 G(2)  A(1)  E(1)  C(6) 
  25116024 074.53 || noQ Q (Avg,Max,Min) (1.65, 3.58, 1.29) (1.44, 0.95, 3.45) #fs:   2  -- #Conts: 14 G(2)  A(8)  C(4) 
  29431689 073.53 || noQ Q (Avg,Max,Min) (1.67, 3.58, 1.08) (1.49, 0.96, 3.45) #fs:   1  -- #Conts: 13 G(2)  A(7)  C(4) 
  30318052 072.53 || noQ Q (Avg,Max,Min) (1.73, 3.58, 1.08) (1.62, 0.97, 3.45) #fs:   2  -- #Conts: 11 G(2)  A(5)  C(4) 
/////////////////size: 48
nodes 50 edges 108
 mulT: 500 mulD: 10000  sumData GB 9378
pareto /MONTAGE.n.50.0.dax time -> 1965.0
moheft /MONTAGE.n.50.0.dax time -> 1223.0
distance from M to C 0.806444260243176
distance from P to C 20.368919138550854
distance from C to M 3.237418043046895
distance from C to P 6.281103349207785
toCompare: /MONTAGE.n.50.0.dax sumDataGB: 9378 mulT: 500 mulD: 10000 paretoOptTime_MS: 1965.0 MoheftOptimizationTime_MS: 1223.0 MtoC 0.806444260243176 PtoC 20.368919138550854 CtoM 3.237418043046895 CtoP 6.281103349207785
