specify -Dflow d,b,mt,md,size
Running /home/vaggelis/jc/CYBERSHAKE.n.50.0.dax mt 500 md: 20000 size null
  11385597 315.29 || noQ Q (Avg,Max,Min) (3.61, 9.63, 0.02) (3.06, 0.01, 9.62) #fs:   6  -- #Conts: 5 H(5) 
  11402013 283.76 || noQ Q (Avg,Max,Min) (4.21, 9.63, 0.03) (3.83, 0.02, 9.62) #fs:   6  -- #Conts: 4 H(4) 
  11432021 252.24 || noQ Q (Avg,Max,Min) (5.59, 9.62, 0.04) (5.10, 0.03, 9.62) #fs:   4  -- #Conts: 3 H(3) 
  11536516 220.71 || noQ Q (Avg,Max,Min) (8.34, 9.63, 7.05) (7.64, 5.65, 9.62) #fs:   0  -- #Conts: 2 H(2) 
  19730293 204.94 || noQ Q (Avg,Max,Min) (2.73, 6.17, 0.09) (2.62, 0.06, 6.17) #fs:   6  -- #Conts: 4 G(4) 
  19923554 189.18 || noQ Q (Avg,Max,Min) (3.60, 6.17, 0.12) (3.48, 0.11, 6.17) #fs:   4  -- #Conts: 3 G(3) 
  20277342 173.41 || noQ Q (Avg,Max,Min) (5.31, 6.17, 4.44) (5.17, 4.17, 6.17) #fs:   0  -- #Conts: 2 G(2) 
  44030165 167.65 || noQ Q (Avg,Max,Min) (2.89, 3.20, 2.59) (2.78, 2.43, 3.13) #fs:   0  -- #Conts: 2 E(2) 
  45731849 166.00 || noQ Q (Avg,Max,Min) (4.35, 6.17, 2.53) (4.32, 2.47, 6.17) #fs:   0  -- #Conts: 2 G(1)  E(1) 
/////////////////size: 9
  11386273 242.47 || noQ Q (Avg,Max,Min) (3.92, 9.62, 0.33) (3.14, 0.00, 9.62) #fs:   2  -- #Conts: 5 H(2)  A(1)  G(1)  C(1) 
  11390668 233.41 || noQ Q (Avg,Max,Min) (3.83, 9.62, 0.33) (3.14, 0.00, 9.62) #fs:   2  -- #Conts: 5 H(2)  A(1)  E(1)  C(1) 
  11391971 226.71 || noQ Q (Avg,Max,Min) (4.53, 9.62, 0.33) (3.92, 0.14, 9.62) #fs:   2  -- #Conts: 4 H(2)  A(1)  C(1) 
  11414592 222.71 || noQ Q (Avg,Max,Min) (4.59, 9.62, 0.79) (4.06, 0.45, 9.62) #fs:   2  -- #Conts: 4 H(2)  A(2) 
  11479755 221.71 || noQ Q (Avg,Max,Min) (5.83, 9.62, 0.79) (5.24, 0.45, 9.62) #fs:   1  -- #Conts: 3 H(2)  A(1) 
  11534281 220.71 || noQ Q (Avg,Max,Min) (8.34, 9.62, 7.05) (7.64, 5.65, 9.62) #fs:   0  -- #Conts: 2 H(2) 
  40628003 211.59 || noQ Q (Avg,Max,Min) (2.04, 4.47, 0.29) (1.57, 0.01, 4.16) #fs:   4  -- #Conts: 5 H(1)  G(1)  A(2)  E(1) 
  40645228 210.59 || noQ Q (Avg,Max,Min) (2.09, 4.47, 0.36) (1.58, 0.02, 4.15) #fs:   4  -- #Conts: 5 H(1)  G(1)  A(2)  E(1) 
  40648367 198.82 || noQ Q (Avg,Max,Min) (1.89, 4.47, 0.36) (1.32, 0.01, 4.16) #fs:   3  -- #Conts: 6 G(2)  A(2)  E(1)  C(1) 
  40655558 194.82 || noQ Q (Avg,Max,Min) (2.06, 4.47, 0.36) (1.58, 0.02, 4.16) #fs:   4  -- #Conts: 5 G(2)  A(2)  E(1) 
  40677546 193.82 || noQ Q (Avg,Max,Min) (2.08, 4.47, 0.43) (1.59, 0.03, 4.16) #fs:   4  -- #Conts: 5 G(2)  A(2)  E(1) 
  40700588 184.06 || noQ Q (Avg,Max,Min) (2.03, 4.47, 0.29) (1.57, 0.01, 4.16) #fs:   4  -- #Conts: 5 G(1)  A(2)  E(1)  C(1) 
  40722731 180.06 || noQ Q (Avg,Max,Min) (2.26, 4.47, 0.29) (1.96, 0.24, 4.16) #fs:   4  -- #Conts: 4 G(1)  A(2)  E(1) 
  40772320 179.06 || noQ Q (Avg,Max,Min) (2.28, 4.47, 0.36) (1.97, 0.28, 4.16) #fs:   3  -- #Conts: 4 G(1)  A(2)  E(1) 
  40789285 178.06 || noQ Q (Avg,Max,Min) (2.30, 4.47, 0.43) (2.01, 0.35, 4.16) #fs:   3  -- #Conts: 4 G(1)  A(2)  E(1) 
  40998081 177.06 || noQ Q (Avg,Max,Min) (2.73, 4.47, 0.43) (2.54, 0.35, 4.16) #fs:   3  -- #Conts: 3 G(1)  A(1)  E(1) 
  41133145 176.06 || noQ Q (Avg,Max,Min) (2.91, 4.47, 1.01) (2.56, 0.42, 4.16) #fs:   1  -- #Conts: 3 G(1)  A(1)  E(1) 
  41327586 175.06 || noQ Q (Avg,Max,Min) (3.86, 4.47, 3.25) (3.63, 3.11, 4.16) #fs:   1  -- #Conts: 2 G(1)  E(1) 
 147586248 172.71 || noQ Q (Avg,Max,Min) (17.64, 31.54, 3.21) (11.98, 3.13, 20.02) #fs:   1  -- #Conts: 4 G(1)  E(3) 
 148481149 170.00 || noQ Q (Avg,Max,Min) (13.35, 22.89, 3.21) (12.07, 3.13, 20.26) #fs:   1  -- #Conts: 4 G(1)  E(2)  C(1) 
 163137317 169.29 || noQ Q (Avg,Max,Min) (4.48, 4.95, 3.21) (4.39, 3.13, 4.87) #fs:   1  -- #Conts: 4 G(1)  A(2)  E(1) 
 197010463 168.59 || noQ Q (Avg,Max,Min) (9.26, 36.20, 1.03) (7.39, 0.05, 26.58) #fs:   0  -- #Conts: 6 G(1)  A(3)  E(1)  C(1) 
 197048755 167.59 || noQ Q (Avg,Max,Min) (10.80, 35.70, 3.35) (8.86, 3.35, 26.59) #fs:   0  -- #Conts: 5 G(1)  A(2)  E(1)  C(1) 
 197116403 166.59 || noQ Q (Avg,Max,Min) (10.64, 34.85, 3.35) (8.98, 3.35, 26.61) #fs:   0  -- #Conts: 5 G(1)  A(2)  E(1)  C(1) 
 197923660 165.59 || noQ Q (Avg,Max,Min) (9.24, 27.17, 3.35) (9.15, 3.35, 26.84) #fs:   0  -- #Conts: 5 G(1)  A(2)  E(1)  C(1) 
/////////////////size: 25
nodes 50 edges 92
 mulT: 500 mulD: 20000  sumData GB 1726048
pareto /CYBERSHAKE.n.50.0.dax time -> 218.0
moheft /CYBERSHAKE.n.50.0.dax time -> 208.0
distance from M to C 2.456719503825516
distance from P to C 0.33333333333333964
distance from C to M 3.3908681595191044
distance from C to P 0.7754967513249924
toCompare: /CYBERSHAKE.n.50.0.dax sumDataGB: 1726048 mulT: 500 mulD: 20000 paretoOptTime_MS: 218.0 MoheftOptimizationTime_MS: 208.0 MtoC 2.456719503825516 PtoC 0.33333333333333964 CtoM 3.3908681595191044 CtoP 0.7754967513249924
