specify -Dflow d,b,mt,md,size
Running /home/vaggelis/jc/MONTAGE.n.100.0.dax mt 10 md: 100 size null
     79806 1103.53 || noQ Q (Avg,Max,Min) (2.96, 4.85, 1.37) (0.01, 0.00, 0.06) #fs:  10  -- #Conts: 35 H(35) 
     80585 1072.00 || noQ Q (Avg,Max,Min) (2.92, 4.78, 1.37) (0.01, 0.00, 0.06) #fs:   9  -- #Conts: 34 H(34) 
     80877 1040.47 || noQ Q (Avg,Max,Min) (2.91, 4.75, 1.36) (0.01, 0.00, 0.06) #fs:  10  -- #Conts: 33 H(33) 
     81193 1008.94 || noQ Q (Avg,Max,Min) (2.90, 4.72, 1.34) (0.01, 0.00, 0.06) #fs:   9  -- #Conts: 32 H(32) 
     81707 977.41 || noQ Q (Avg,Max,Min) (2.90, 4.68, 1.32) (0.01, 0.00, 0.06) #fs:   9  -- #Conts: 31 H(31) 
     81869 961.65 || noQ Q (Avg,Max,Min) (2.87, 4.66, 1.31) (0.01, 0.00, 0.06) #fs:  10  -- #Conts: 31 H(30)  G(1) 
     81882 930.12 || noQ Q (Avg,Max,Min) (2.86, 4.65, 1.30) (0.01, 0.00, 0.06) #fs:  10  -- #Conts: 30 H(29)  G(1) 
     81945 914.35 || noQ Q (Avg,Max,Min) (2.82, 4.65, 1.30) (0.01, 0.00, 0.06) #fs:  10  -- #Conts: 30 H(28)  G(2) 
     82092 898.59 || noQ Q (Avg,Max,Min) (2.79, 4.63, 1.29) (0.01, 0.00, 0.06) #fs:  10  -- #Conts: 30 H(27)  G(3) 
     82103 882.82 || noQ Q (Avg,Max,Min) (2.81, 4.63, 1.29) (0.01, 0.00, 0.06) #fs:  10  -- #Conts: 29 H(27)  G(2) 
     82144 867.06 || noQ Q (Avg,Max,Min) (2.77, 4.63, 1.29) (0.01, 0.00, 0.06) #fs:  10  -- #Conts: 29 H(26)  G(3) 
     82208 851.29 || noQ Q (Avg,Max,Min) (2.78, 4.62, 1.28) (0.01, 0.00, 0.06) #fs:   9  -- #Conts: 29 H(25)  G(4) 
     82212 835.53 || noQ Q (Avg,Max,Min) (2.74, 4.62, 1.28) (0.01, 0.00, 0.06) #fs:   9  -- #Conts: 29 H(24)  G(5) 
     82219 788.24 || noQ Q (Avg,Max,Min) (2.74, 4.60, 1.29) (0.01, 0.00, 0.06) #fs:   9  -- #Conts: 27 H(23)  G(4) 
     82227 772.47 || noQ Q (Avg,Max,Min) (2.70, 4.60, 1.29) (0.01, 0.00, 0.06) #fs:   9  -- #Conts: 27 H(22)  G(5) 
     82233 740.94 || noQ Q (Avg,Max,Min) (2.68, 4.60, 1.30) (0.01, 0.00, 0.06) #fs:   9  -- #Conts: 26 H(21)  G(5) 
     82265 725.18 || noQ Q (Avg,Max,Min) (2.64, 4.60, 1.30) (0.01, 0.00, 0.06) #fs:   9  -- #Conts: 26 H(20)  G(6) 
     82414 709.41 || noQ Q (Avg,Max,Min) (2.60, 4.58, 1.29) (0.01, 0.00, 0.06) #fs:   9  -- #Conts: 26 H(19)  G(7) 
     82910 693.65 || noQ Q (Avg,Max,Min) (2.67, 4.56, 1.26) (0.02, 0.00, 0.06) #fs:   9  -- #Conts: 24 H(20)  G(4) 
     83077 677.88 || noQ Q (Avg,Max,Min) (2.69, 4.54, 1.26) (0.02, 0.00, 0.06) #fs:   9  -- #Conts: 23 H(20)  G(3) 
     83193 662.12 || noQ Q (Avg,Max,Min) (2.72, 4.53, 1.24) (0.02, 0.00, 0.06) #fs:   9  -- #Conts: 22 H(20)  G(2) 
     83232 646.35 || noQ Q (Avg,Max,Min) (2.74, 4.52, 1.25) (0.02, 0.01, 0.06) #fs:   9  -- #Conts: 21 H(20)  G(1) 
     83268 614.82 || noQ Q (Avg,Max,Min) (2.74, 4.53, 1.25) (0.02, 0.01, 0.06) #fs:   9  -- #Conts: 20 H(19)  G(1) 
     83309 583.29 || noQ Q (Avg,Max,Min) (2.72, 4.74, 1.25) (0.02, 0.01, 0.06) #fs:   9  -- #Conts: 19 H(18)  G(1) 
     84265 567.53 || noQ Q (Avg,Max,Min) (2.70, 4.68, 1.65) (0.02, 0.01, 0.07) #fs:   9  -- #Conts: 18 H(18) 
     85360 536.00 || noQ Q (Avg,Max,Min) (2.69, 4.58, 1.58) (0.02, 0.01, 0.07) #fs:   9  -- #Conts: 17 H(17) 
     85781 504.47 || noQ Q (Avg,Max,Min) (2.67, 4.54, 1.56) (0.02, 0.01, 0.07) #fs:  10  -- #Conts: 16 H(16) 
     86687 472.94 || noQ Q (Avg,Max,Min) (2.64, 4.30, 1.51) (0.02, 0.01, 0.07) #fs:  10  -- #Conts: 15 H(15) 
     86879 441.41 || noQ Q (Avg,Max,Min) (2.69, 4.66, 1.09) (0.03, 0.01, 0.07) #fs:  10  -- #Conts: 14 H(14) 
     87875 409.88 || noQ Q (Avg,Max,Min) (2.60, 4.40, 1.85) (0.03, 0.01, 0.07) #fs:   9  -- #Conts: 13 H(13) 
     88926 378.35 || noQ Q (Avg,Max,Min) (2.58, 4.34, 1.88) (0.03, 0.01, 0.07) #fs:   9  -- #Conts: 12 H(12) 
     90367 346.82 || noQ Q (Avg,Max,Min) (2.58, 4.43, 1.80) (0.03, 0.01, 0.07) #fs:  10  -- #Conts: 11 H(11) 
     91688 315.29 || noQ Q (Avg,Max,Min) (2.56, 4.33, 2.04) (0.04, 0.02, 0.07) #fs:  10  -- #Conts: 10 H(10) 
     93965 283.76 || noQ Q (Avg,Max,Min) (2.53, 4.07, 2.11) (0.04, 0.02, 0.08) #fs:  10  -- #Conts: 9 H(9) 
     96240 252.24 || noQ Q (Avg,Max,Min) (2.53, 4.11, 1.74) (0.04, 0.03, 0.08) #fs:   9  -- #Conts: 8 H(8) 
     99190 220.71 || noQ Q (Avg,Max,Min) (2.60, 3.92, 2.19) (0.05, 0.03, 0.11) #fs:   8  -- #Conts: 7 H(7) 
    107185 189.18 || noQ Q (Avg,Max,Min) (2.71, 3.67, 2.27) (0.06, 0.03, 0.11) #fs:   6  -- #Conts: 6 H(6) 
    112848 157.65 || noQ Q (Avg,Max,Min) (2.88, 3.69, 2.45) (0.07, 0.04, 0.12) #fs:   5  -- #Conts: 5 H(5) 
    123399 126.12 || noQ Q (Avg,Max,Min) (3.01, 3.79, 2.47) (0.09, 0.07, 0.13) #fs:   5  -- #Conts: 4 H(4) 
    142788 110.35 || noQ Q (Avg,Max,Min) (2.03, 2.71, 1.84) (0.06, 0.05, 0.11) #fs:   9  -- #Conts: 7 G(7) 
    149048 094.59 || noQ Q (Avg,Max,Min) (3.24, 3.88, 2.90) (0.12, 0.10, 0.16) #fs:   4  -- #Conts: 3 H(3) 
    175579 078.82 || noQ Q (Avg,Max,Min) (2.21, 2.92, 1.96) (0.09, 0.06, 0.14) #fs:   5  -- #Conts: 5 G(5) 
    195980 063.06 || noQ Q (Avg,Max,Min) (2.29, 2.84, 1.97) (0.11, 0.09, 0.15) #fs:   5  -- #Conts: 4 G(4) 
    240162 047.29 || noQ Q (Avg,Max,Min) (2.35, 2.72, 2.14) (0.15, 0.13, 0.18) #fs:   3  -- #Conts: 3 G(3) 
    288664 046.94 || noQ Q (Avg,Max,Min) (1.47, 2.06, 1.29) (0.10, 0.07, 0.16) #fs:  10  -- #Conts: 7 E(7) 
    314086 040.24 || noQ Q (Avg,Max,Min) (1.47, 1.84, 1.34) (0.11, 0.09, 0.16) #fs:   8  -- #Conts: 6 E(6) 
    342247 031.53 || noQ Q (Avg,Max,Min) (2.25, 2.49, 2.01) (0.21, 0.17, 0.24) #fs:   3  -- #Conts: 2 G(2) 
    417064 026.82 || noQ Q (Avg,Max,Min) (1.57, 1.89, 1.43) (0.17, 0.15, 0.22) #fs:   4  -- #Conts: 4 E(4) 
    496789 026.71 || noQ Q (Avg,Max,Min) (1.21, 1.27, 1.16) (0.15, 0.14, 0.16) #fs:   9  -- #Conts: 6 E(1)  C(5) 
    519254 024.00 || noQ Q (Avg,Max,Min) (1.26, 1.50, 1.16) (0.16, 0.14, 0.22) #fs:   8  -- #Conts: 6 C(6) 
    527186 020.12 || noQ Q (Avg,Max,Min) (1.60, 1.78, 1.48) (0.22, 0.19, 0.26) #fs:   2  -- #Conts: 3 E(3) 
    599278 020.00 || noQ Q (Avg,Max,Min) (1.29, 1.52, 1.18) (0.19, 0.17, 0.25) #fs:   4  -- #Conts: 5 C(5) 
    628129 015.76 || noQ Q (Avg,Max,Min) (1.71, 1.71, 1.71) (0.30, 0.30, 0.30) #fs:   0  -- #Conts: 1 G(1) 
    751018 013.41 || noQ Q (Avg,Max,Min) (1.57, 1.69, 1.44) (0.32, 0.28, 0.35) #fs:   2  -- #Conts: 2 E(2) 
    904841 012.00 || noQ Q (Avg,Max,Min) (1.33, 1.43, 1.25) (0.32, 0.29, 0.36) #fs:   2  -- #Conts: 3 C(3) 
   1246959 010.71 || noQ Q (Avg,Max,Min) (1.14, 1.26, 1.02) (0.39, 0.35, 0.42) #fs:   4  -- #Conts: 2 E(1)  C(1) 
   1285815 008.00 || noQ Q (Avg,Max,Min) (1.32, 1.40, 1.24) (0.46, 0.42, 0.50) #fs:   2  -- #Conts: 2 C(2) 
   1416590 006.71 || noQ Q (Avg,Max,Min) (1.31, 1.31, 1.31) (0.52, 0.52, 0.52) #fs:   0  -- #Conts: 1 E(1) 
   2211919 006.00 || noQ Q (Avg,Max,Min) (1.00, 1.13, 0.96) (0.55, 0.49, 0.70) #fs:   6  -- #Conts: 6 A(6) 
   2447742 004.00 || noQ Q (Avg,Max,Min) (1.18, 1.18, 1.18) (0.80, 0.80, 0.80) #fs:   0  -- #Conts: 1 C(1) 
/////////////////size: 60
     91427 1150.00 || noQ Q (Avg,Max,Min) (1.98, 5.02, 1.00) (0.01, 0.00, 0.06) #fs:  24  -- #Conts: 62 H(26)  G(11)  E(21)  C(4) 
     93072 1143.29 || noQ Q (Avg,Max,Min) (1.95, 4.03, 1.00) (0.01, 0.00, 0.07) #fs:  24  -- #Conts: 61 H(26)  G(11)  E(20)  C(4) 
     93513 1096.00 || noQ Q (Avg,Max,Min) (1.90, 4.00, 1.00) (0.01, 0.00, 0.07) #fs:  24  -- #Conts: 61 H(23)  G(14)  E(20)  C(4) 
     93546 1089.29 || noQ Q (Avg,Max,Min) (1.90, 4.00, 1.00) (0.01, 0.00, 0.07) #fs:  24  -- #Conts: 60 H(23)  G(14)  E(19)  C(4) 
     93682 1066.82 || noQ Q (Avg,Max,Min) (1.89, 3.99, 1.00) (0.01, 0.00, 0.07) #fs:  24  -- #Conts: 59 H(22)  G(15)  E(18)  C(4) 
     93693 1037.65 || noQ Q (Avg,Max,Min) (1.88, 3.99, 1.00) (0.01, 0.00, 0.07) #fs:  24  -- #Conts: 57 H(21)  G(16)  E(16)  C(4) 
     93699 974.59 || noQ Q (Avg,Max,Min) (1.82, 3.99, 1.00) (0.01, 0.00, 0.07) #fs:  24  -- #Conts: 56 H(18)  G(18)  E(16)  C(4) 
     93719 952.12 || noQ Q (Avg,Max,Min) (1.82, 3.99, 1.00) (0.01, 0.00, 0.07) #fs:  24  -- #Conts: 54 H(18)  G(17)  E(15)  C(4) 
     93739 880.00 || noQ Q (Avg,Max,Min) (1.74, 3.99, 1.00) (0.01, 0.00, 0.07) #fs:  23  -- #Conts: 54 H(14)  G(20)  E(16)  C(4) 
     93759 864.24 || noQ Q (Avg,Max,Min) (1.72, 3.99, 1.00) (0.01, 0.00, 0.07) #fs:  23  -- #Conts: 53 H(14)  G(19)  E(16)  C(4) 
     94522 846.12 || noQ Q (Avg,Max,Min) (1.82, 5.49, 1.00) (0.01, 0.00, 0.06) #fs:  21  -- #Conts: 54 H(13)  G(19)  E(18)  C(4) 
     95109 839.41 || noQ Q (Avg,Max,Min) (1.72, 3.74, 1.00) (0.01, 0.00, 0.06) #fs:  23  -- #Conts: 53 H(13)  G(19)  E(17)  C(4) 
     95814 814.59 || noQ Q (Avg,Max,Min) (1.73, 3.70, 1.00) (0.01, 0.00, 0.06) #fs:  22  -- #Conts: 53 H(12)  G(19)  E(18)  C(4) 
     96294 789.76 || noQ Q (Avg,Max,Min) (1.81, 5.43, 1.00) (0.01, 0.00, 0.06) #fs:  20  -- #Conts: 53 H(11)  G(19)  E(19)  C(4) 
     96336 758.24 || noQ Q (Avg,Max,Min) (1.73, 4.39, 1.00) (0.01, 0.00, 0.06) #fs:  21  -- #Conts: 52 H(10)  G(19)  E(19)  C(4) 
     96389 742.47 || noQ Q (Avg,Max,Min) (1.94, 5.38, 0.96) (0.01, 0.00, 0.06) #fs:  19  -- #Conts: 54 H(7)  G(24)  E(19)  C(4) 
     96451 710.94 || noQ Q (Avg,Max,Min) (1.97, 5.38, 0.96) (0.01, 0.00, 0.06) #fs:  19  -- #Conts: 54 H(5)  G(26)  E(19)  C(4) 
     96459 679.41 || noQ Q (Avg,Max,Min) (1.87, 5.37, 0.96) (0.01, 0.00, 0.06) #fs:  21  -- #Conts: 53 H(4)  G(26)  E(19)  C(4) 
     96501 647.88 || noQ Q (Avg,Max,Min) (1.79, 4.40, 0.96) (0.01, 0.00, 0.06) #fs:  22  -- #Conts: 52 H(3)  G(26)  E(19)  C(4) 
     96640 616.35 || noQ Q (Avg,Max,Min) (1.78, 3.80, 0.96) (0.01, 0.00, 0.07) #fs:  22  -- #Conts: 52 H(1)  G(28)  E(19)  C(4) 
     96950 609.65 || noQ Q (Avg,Max,Min) (1.78, 3.97, 0.95) (0.01, 0.00, 0.07) #fs:  21  -- #Conts: 51 H(1)  G(28)  E(18)  C(4) 
     96977 600.59 || noQ Q (Avg,Max,Min) (1.77, 3.97, 0.95) (0.01, 0.00, 0.07) #fs:  21  -- #Conts: 51 H(1)  G(27)  E(19)  C(4) 
     97718 593.88 || noQ Q (Avg,Max,Min) (1.76, 3.92, 0.94) (0.01, 0.00, 0.07) #fs:  22  -- #Conts: 50 H(1)  G(27)  E(18)  C(4) 
     98340 591.18 || noQ Q (Avg,Max,Min) (1.69, 3.89, 0.94) (0.01, 0.00, 0.07) #fs:  22  -- #Conts: 55 H(1)  G(23)  E(27)  C(4) 
    102541 589.29 || noQ Q (Avg,Max,Min) (2.17, 6.99, 0.89) (0.01, 0.01, 0.06) #fs:  15  -- #Conts: 45 H(8)  G(14)  E(9)  C(14) 
    103628 581.88 || noQ Q (Avg,Max,Min) (2.10, 6.99, 0.89) (0.01, 0.01, 0.06) #fs:  15  -- #Conts: 47 H(8)  G(12)  E(12)  C(15) 
    103670 550.35 || noQ Q (Avg,Max,Min) (2.02, 6.98, 0.89) (0.01, 0.01, 0.06) #fs:  16  -- #Conts: 46 H(7)  G(12)  E(12)  C(15) 
    103972 509.06 || noQ Q (Avg,Max,Min) (1.91, 7.00, 0.87) (0.01, 0.01, 0.06) #fs:  16  -- #Conts: 48 H(6)  G(9)  E(17)  C(16) 
    104008 477.53 || noQ Q (Avg,Max,Min) (1.84, 6.99, 0.87) (0.01, 0.01, 0.06) #fs:  17  -- #Conts: 47 H(5)  G(9)  E(17)  C(16) 
    104016 446.00 || noQ Q (Avg,Max,Min) (1.72, 6.99, 0.87) (0.01, 0.01, 0.06) #fs:  19  -- #Conts: 46 H(4)  G(9)  E(17)  C(16) 
    104087 382.94 || noQ Q (Avg,Max,Min) (1.53, 5.31, 0.87) (0.01, 0.01, 0.07) #fs:  21  -- #Conts: 44 H(2)  G(9)  E(17)  C(16) 
    104153 351.41 || noQ Q (Avg,Max,Min) (1.45, 4.01, 0.87) (0.01, 0.01, 0.08) #fs:  21  -- #Conts: 43 H(1)  G(9)  E(17)  C(16) 
    105450 347.41 || noQ Q (Avg,Max,Min) (1.51, 4.10, 0.86) (0.01, 0.01, 0.08) #fs:  20  -- #Conts: 42 H(1)  G(9)  E(17)  C(15) 
    105455 344.71 || noQ Q (Avg,Max,Min) (1.50, 4.10, 0.86) (0.01, 0.01, 0.08) #fs:  20  -- #Conts: 42 H(1)  G(9)  E(16)  C(16) 
    108452 341.29 || noQ Q (Avg,Max,Min) (1.56, 5.31, 0.83) (0.02, 0.01, 0.08) #fs:  20  -- #Conts: 39 H(2)  G(9)  E(9)  C(19) 
    108490 337.29 || noQ Q (Avg,Max,Min) (1.58, 5.31, 0.83) (0.02, 0.01, 0.08) #fs:  20  -- #Conts: 38 H(2)  G(9)  E(9)  C(18) 
    108518 325.53 || noQ Q (Avg,Max,Min) (1.52, 3.83, 0.83) (0.02, 0.01, 0.08) #fs:  20  -- #Conts: 39 H(1)  G(10)  E(9)  C(19) 
    108556 321.53 || noQ Q (Avg,Max,Min) (1.53, 3.83, 0.83) (0.02, 0.01, 0.08) #fs:  20  -- #Conts: 38 H(1)  G(10)  E(9)  C(18) 
    108692 301.76 || noQ Q (Avg,Max,Min) (1.49, 4.08, 0.82) (0.02, 0.01, 0.09) #fs:  20  -- #Conts: 36 H(1)  G(9)  E(9)  C(17) 
    108725 293.76 || noQ Q (Avg,Max,Min) (1.52, 4.08, 0.82) (0.02, 0.01, 0.09) #fs:  20  -- #Conts: 34 H(1)  G(9)  E(9)  C(15) 
    108761 291.06 || noQ Q (Avg,Max,Min) (1.51, 4.08, 0.82) (0.02, 0.01, 0.09) #fs:  20  -- #Conts: 34 H(1)  G(9)  E(8)  C(16) 
    108777 287.06 || noQ Q (Avg,Max,Min) (1.53, 4.08, 0.82) (0.02, 0.01, 0.09) #fs:  20  -- #Conts: 33 H(1)  G(9)  E(8)  C(15) 
    111446 279.06 || noQ Q (Avg,Max,Min) (1.51, 4.09, 0.80) (0.02, 0.01, 0.09) #fs:  20  -- #Conts: 31 H(1)  G(9)  E(8)  C(13) 
    111596 255.29 || noQ Q (Avg,Max,Min) (1.48, 4.33, 1.05) (0.02, 0.01, 0.09) #fs:  20  -- #Conts: 28 H(1)  G(8)  E(8)  C(11) 
    111656 251.29 || noQ Q (Avg,Max,Min) (1.48, 4.32, 1.04) (0.02, 0.01, 0.09) #fs:  20  -- #Conts: 27 H(1)  G(8)  E(8)  C(10) 
    114509 243.29 || noQ Q (Avg,Max,Min) (1.47, 4.17, 1.01) (0.02, 0.01, 0.09) #fs:  20  -- #Conts: 25 H(1)  G(8)  E(8)  C(8) 
    134224 240.12 || noQ Q (Avg,Max,Min) (1.54, 5.11, 0.89) (0.02, 0.01, 0.07) #fs:  14  -- #Conts: 38 H(1)  G(4)  E(5)  C(28) 
    134333 231.06 || noQ Q (Avg,Max,Min) (1.51, 5.49, 0.89) (0.02, 0.01, 0.08) #fs:  14  -- #Conts: 38 H(1)  G(3)  E(6)  C(28) 
    134414 228.71 || noQ Q (Avg,Max,Min) (1.49, 5.48, 0.89) (0.02, 0.01, 0.08) #fs:  14  -- #Conts: 39 H(1)  G(2)  E(8)  C(28) 
    134530 224.71 || noQ Q (Avg,Max,Min) (1.50, 5.48, 0.89) (0.02, 0.01, 0.08) #fs:  14  -- #Conts: 38 H(1)  G(2)  E(8)  C(27) 
    136109 222.00 || noQ Q (Avg,Max,Min) (1.47, 5.30, 0.89) (0.02, 0.01, 0.08) #fs:  15  -- #Conts: 38 H(1)  G(2)  E(7)  C(28) 
    136225 218.00 || noQ Q (Avg,Max,Min) (1.47, 5.30, 0.89) (0.02, 0.01, 0.08) #fs:  15  -- #Conts: 37 H(1)  G(2)  E(7)  C(27) 
    136414 215.29 || noQ Q (Avg,Max,Min) (1.44, 5.27, 0.89) (0.02, 0.01, 0.08) #fs:  16  -- #Conts: 37 H(1)  G(2)  E(6)  C(28) 
    136530 204.59 || noQ Q (Avg,Max,Min) (1.44, 5.64, 0.89) (0.02, 0.01, 0.08) #fs:  16  -- #Conts: 35 H(1)  G(2)  E(5)  C(27) 
    139226 197.88 || noQ Q (Avg,Max,Min) (1.41, 5.37, 0.89) (0.02, 0.01, 0.08) #fs:  16  -- #Conts: 34 H(1)  G(2)  E(4)  C(27) 
    140605 193.88 || noQ Q (Avg,Max,Min) (1.42, 5.37, 0.88) (0.02, 0.01, 0.08) #fs:  15  -- #Conts: 33 H(1)  G(2)  E(4)  C(26) 
    154566 189.41 || noQ Q (Avg,Max,Min) (1.66, 3.56, 0.97) (0.03, 0.01, 0.11) #fs:  13  -- #Conts: 27 G(6)  E(4)  C(17) 
    154735 185.41 || noQ Q (Avg,Max,Min) (1.68, 3.59, 0.97) (0.03, 0.01, 0.12) #fs:  13  -- #Conts: 26 G(6)  E(4)  C(16) 
    154838 184.71 || noQ Q (Avg,Max,Min) (1.60, 3.55, 0.97) (0.02, 0.01, 0.12) #fs:  13  -- #Conts: 29 G(4)  E(8)  C(17) 
    154917 183.06 || noQ Q (Avg,Max,Min) (1.64, 3.57, 0.97) (0.03, 0.01, 0.12) #fs:  13  -- #Conts: 27 G(5)  E(6)  C(16) 
    154946 182.35 || noQ Q (Avg,Max,Min) (1.57, 3.53, 0.97) (0.02, 0.01, 0.12) #fs:  13  -- #Conts: 30 G(3)  E(10)  C(17) 
    155007 180.71 || noQ Q (Avg,Max,Min) (1.61, 3.56, 0.97) (0.03, 0.01, 0.12) #fs:  13  -- #Conts: 28 G(4)  E(8)  C(16) 
    155026 180.00 || noQ Q (Avg,Max,Min) (1.54, 2.71, 0.97) (0.02, 0.01, 0.12) #fs:  13  -- #Conts: 31 G(2)  E(12)  C(17) 
    155115 178.35 || noQ Q (Avg,Max,Min) (1.58, 3.53, 0.97) (0.02, 0.01, 0.12) #fs:  13  -- #Conts: 29 G(3)  E(10)  C(16) 
    155195 176.00 || noQ Q (Avg,Max,Min) (1.55, 2.71, 0.97) (0.02, 0.01, 0.12) #fs:  13  -- #Conts: 30 G(2)  E(12)  C(16) 
    156348 174.35 || noQ Q (Avg,Max,Min) (1.59, 3.53, 0.96) (0.03, 0.01, 0.12) #fs:  12  -- #Conts: 28 G(3)  E(10)  C(15) 
    156428 172.00 || noQ Q (Avg,Max,Min) (1.56, 2.78, 0.96) (0.02, 0.01, 0.12) #fs:  12  -- #Conts: 29 G(2)  E(12)  C(15) 
    156732 169.29 || noQ Q (Avg,Max,Min) (1.52, 2.68, 0.97) (0.03, 0.01, 0.12) #fs:  14  -- #Conts: 29 G(2)  E(11)  C(16) 
    156906 168.00 || noQ Q (Avg,Max,Min) (1.58, 2.73, 0.96) (0.03, 0.01, 0.12) #fs:  13  -- #Conts: 28 G(2)  E(12)  C(14) 
    157965 165.29 || noQ Q (Avg,Max,Min) (1.53, 2.75, 0.96) (0.03, 0.01, 0.12) #fs:  13  -- #Conts: 28 G(2)  E(11)  C(15) 
    158270 158.59 || noQ Q (Avg,Max,Min) (1.50, 2.74, 0.96) (0.03, 0.01, 0.12) #fs:  14  -- #Conts: 27 G(2)  E(10)  C(15) 
    158517 151.88 || noQ Q (Avg,Max,Min) (1.47, 2.74, 0.96) (0.03, 0.01, 0.12) #fs:  15  -- #Conts: 26 G(2)  E(9)  C(15) 
    158995 147.88 || noQ Q (Avg,Max,Min) (1.48, 2.69, 0.96) (0.03, 0.01, 0.12) #fs:  16  -- #Conts: 25 G(2)  E(9)  C(14) 
    161040 145.18 || noQ Q (Avg,Max,Min) (1.45, 2.78, 0.96) (0.03, 0.01, 0.12) #fs:  14  -- #Conts: 25 G(2)  E(8)  C(15) 
    161165 138.47 || noQ Q (Avg,Max,Min) (1.42, 2.78, 0.96) (0.03, 0.01, 0.12) #fs:  15  -- #Conts: 24 G(2)  E(7)  C(15) 
    161684 134.47 || noQ Q (Avg,Max,Min) (1.43, 2.73, 0.96) (0.03, 0.01, 0.12) #fs:  16  -- #Conts: 23 G(2)  E(7)  C(14) 
    166130 131.76 || noQ Q (Avg,Max,Min) (1.37, 2.70, 0.96) (0.03, 0.01, 0.12) #fs:  16  -- #Conts: 23 G(2)  E(6)  C(15) 
    166316 125.06 || noQ Q (Avg,Max,Min) (1.33, 2.74, 0.96) (0.03, 0.01, 0.13) #fs:  17  -- #Conts: 22 G(2)  E(5)  C(15) 
    166378 118.35 || noQ Q (Avg,Max,Min) (1.28, 2.74, 0.96) (0.03, 0.02, 0.13) #fs:  18  -- #Conts: 21 G(2)  E(4)  C(15) 
    166856 114.35 || noQ Q (Avg,Max,Min) (1.29, 2.65, 0.96) (0.04, 0.02, 0.12) #fs:  19  -- #Conts: 20 G(2)  E(4)  C(14) 
    173765 110.47 || noQ Q (Avg,Max,Min) (1.47, 2.71, 0.95) (0.04, 0.01, 0.13) #fs:  15  -- #Conts: 17 G(2)  E(7)  C(8) 
    176421 107.76 || noQ Q (Avg,Max,Min) (1.40, 2.62, 0.97) (0.04, 0.01, 0.13) #fs:  17  -- #Conts: 17 G(2)  E(6)  C(9) 
    176607 101.06 || noQ Q (Avg,Max,Min) (1.34, 2.67, 0.97) (0.04, 0.01, 0.13) #fs:  18  -- #Conts: 16 G(2)  E(5)  C(9) 
    176669 094.35 || noQ Q (Avg,Max,Min) (1.28, 2.67, 0.97) (0.05, 0.03, 0.13) #fs:  19  -- #Conts: 15 G(2)  E(4)  C(9) 
    178937 090.35 || noQ Q (Avg,Max,Min) (1.29, 2.63, 0.95) (0.05, 0.03, 0.13) #fs:  18  -- #Conts: 14 G(2)  E(4)  C(8) 
    182836 086.35 || noQ Q (Avg,Max,Min) (1.31, 2.65, 1.00) (0.05, 0.02, 0.13) #fs:  19  -- #Conts: 13 G(2)  E(4)  C(7) 
    185047 082.35 || noQ Q (Avg,Max,Min) (1.30, 2.62, 0.99) (0.06, 0.04, 0.13) #fs:  18  -- #Conts: 12 G(2)  E(4)  C(6) 
    197867 078.47 || noQ Q (Avg,Max,Min) (1.20, 2.68, 1.03) (0.05, 0.03, 0.15) #fs:  25  -- #Conts: 16 G(1)  E(1)  C(14) 
    213322 078.18 || noQ Q (Avg,Max,Min) (1.20, 2.54, 0.95) (0.05, 0.01, 0.15) #fs:  25  -- #Conts: 16 G(1)  A(1)  E(2)  C(12) 
    213409 077.18 || noQ Q (Avg,Max,Min) (1.22, 2.54, 0.95) (0.05, 0.01, 0.15) #fs:  25  -- #Conts: 15 G(1)  E(2)  C(12) 
    213568 071.47 || noQ Q (Avg,Max,Min) (1.13, 2.54, 0.95) (0.05, 0.03, 0.15) #fs:  26  -- #Conts: 15 G(1)  A(1)  E(1)  C(12) 
    213655 070.47 || noQ Q (Avg,Max,Min) (1.14, 2.54, 0.95) (0.06, 0.05, 0.15) #fs:  26  -- #Conts: 14 G(1)  E(1)  C(12) 
    214002 067.47 || noQ Q (Avg,Max,Min) (1.17, 2.60, 0.95) (0.06, 0.03, 0.15) #fs:  25  -- #Conts: 14 G(1)  A(1)  E(1)  C(11) 
    214024 066.47 || noQ Q (Avg,Max,Min) (1.19, 2.60, 0.95) (0.06, 0.05, 0.15) #fs:  25  -- #Conts: 13 G(1)  E(1)  C(11) 
    223735 065.76 || noQ Q (Avg,Max,Min) (1.22, 2.64, 1.05) (0.06, 0.03, 0.16) #fs:  17  -- #Conts: 15 G(1)  A(2)  C(12) 
    227730 064.76 || noQ Q (Avg,Max,Min) (1.21, 2.56, 1.03) (0.06, 0.03, 0.16) #fs:  17  -- #Conts: 14 G(1)  A(1)  C(12) 
    227956 062.76 || noQ Q (Avg,Max,Min) (1.22, 2.65, 1.05) (0.06, 0.03, 0.17) #fs:  16  -- #Conts: 15 G(1)  A(3)  C(11) 
    233758 061.76 || noQ Q (Avg,Max,Min) (1.20, 2.64, 1.02) (0.06, 0.03, 0.17) #fs:  15  -- #Conts: 14 G(1)  A(2)  C(11) 
    235768 060.76 || noQ Q (Avg,Max,Min) (1.20, 2.59, 1.01) (0.06, 0.03, 0.17) #fs:  16  -- #Conts: 13 G(1)  A(1)  C(11) 
    237396 059.76 || noQ Q (Avg,Max,Min) (1.22, 2.57, 1.00) (0.07, 0.05, 0.17) #fs:  16  -- #Conts: 12 G(1)  C(11) 
    243500 058.76 || noQ Q (Avg,Max,Min) (1.21, 2.60, 0.99) (0.06, 0.03, 0.18) #fs:  14  -- #Conts: 14 G(1)  A(3)  C(10) 
    243980 057.76 || noQ Q (Avg,Max,Min) (1.23, 2.59, 0.99) (0.06, 0.03, 0.18) #fs:  14  -- #Conts: 13 G(1)  A(2)  C(10) 
    244926 056.76 || noQ Q (Avg,Max,Min) (1.25, 2.64, 0.99) (0.07, 0.03, 0.18) #fs:  13  -- #Conts: 12 G(1)  A(1)  C(10) 
    248158 055.76 || noQ Q (Avg,Max,Min) (1.26, 2.64, 0.97) (0.07, 0.05, 0.18) #fs:  14  -- #Conts: 11 G(1)  C(10) 
    259165 054.76 || noQ Q (Avg,Max,Min) (1.24, 2.50, 1.08) (0.07, 0.03, 0.18) #fs:  14  -- #Conts: 13 G(1)  A(3)  C(9) 
    261555 053.76 || noQ Q (Avg,Max,Min) (1.25, 2.53, 1.08) (0.07, 0.03, 0.18) #fs:  13  -- #Conts: 12 G(1)  A(2)  C(9) 
    263027 052.76 || noQ Q (Avg,Max,Min) (1.27, 2.51, 1.08) (0.07, 0.03, 0.18) #fs:  14  -- #Conts: 11 G(1)  A(1)  C(9) 
    267593 051.76 || noQ Q (Avg,Max,Min) (1.25, 2.53, 1.08) (0.07, 0.03, 0.19) #fs:  13  -- #Conts: 13 G(1)  A(4)  C(8) 
    268011 050.76 || noQ Q (Avg,Max,Min) (1.26, 2.55, 1.08) (0.07, 0.03, 0.19) #fs:  12  -- #Conts: 12 G(1)  A(3)  C(8) 
    274041 049.76 || noQ Q (Avg,Max,Min) (1.25, 2.55, 1.05) (0.07, 0.03, 0.19) #fs:  12  -- #Conts: 11 G(1)  A(2)  C(8) 
    275307 048.76 || noQ Q (Avg,Max,Min) (1.28, 2.53, 1.04) (0.08, 0.03, 0.19) #fs:  13  -- #Conts: 10 G(1)  A(1)  C(8) 
    280494 047.76 || noQ Q (Avg,Max,Min) (1.24, 2.53, 1.07) (0.07, 0.03, 0.20) #fs:  11  -- #Conts: 12 G(1)  A(4)  C(7) 
    283566 046.76 || noQ Q (Avg,Max,Min) (1.25, 2.51, 1.07) (0.07, 0.03, 0.20) #fs:  12  -- #Conts: 11 G(1)  A(3)  C(7) 
    283701 045.76 || noQ Q (Avg,Max,Min) (1.28, 2.48, 1.08) (0.08, 0.03, 0.20) #fs:  12  -- #Conts: 10 G(1)  A(2)  C(7) 
    286565 044.76 || noQ Q (Avg,Max,Min) (1.29, 2.50, 1.08) (0.09, 0.03, 0.20) #fs:  11  -- #Conts: 9 G(1)  A(1)  C(7) 
    298919 043.76 || noQ Q (Avg,Max,Min) (1.26, 2.40, 1.08) (0.08, 0.03, 0.20) #fs:  11  -- #Conts: 11 G(1)  A(4)  C(6) 
    300174 042.76 || noQ Q (Avg,Max,Min) (1.28, 2.43, 1.08) (0.08, 0.03, 0.20) #fs:  10  -- #Conts: 10 G(1)  A(3)  C(6) 
    306204 041.76 || noQ Q (Avg,Max,Min) (1.29, 2.43, 1.07) (0.09, 0.03, 0.21) #fs:  10  -- #Conts: 9 G(1)  A(2)  C(6) 
    306703 040.76 || noQ Q (Avg,Max,Min) (1.33, 2.43, 1.07) (0.09, 0.03, 0.21) #fs:  11  -- #Conts: 8 G(1)  A(1)  C(6) 
    311717 038.76 || noQ Q (Avg,Max,Min) (1.32, 2.61, 1.08) (0.09, 0.03, 0.23) #fs:   7  -- #Conts: 9 G(1)  A(3)  C(5) 
    315465 037.76 || noQ Q (Avg,Max,Min) (1.35, 2.55, 1.08) (0.10, 0.03, 0.22) #fs:   7  -- #Conts: 8 G(1)  A(2)  C(5) 
    315917 035.76 || noQ Q (Avg,Max,Min) (1.48, 2.57, 1.19) (0.12, 0.09, 0.23) #fs:   7  -- #Conts: 6 G(1)  C(5) 
    342794 034.76 || noQ Q (Avg,Max,Min) (1.32, 2.42, 1.08) (0.10, 0.03, 0.23) #fs:   6  -- #Conts: 8 G(1)  A(3)  C(4) 
    347436 033.76 || noQ Q (Avg,Max,Min) (1.35, 2.39, 1.08) (0.11, 0.03, 0.23) #fs:   7  -- #Conts: 7 G(1)  A(2)  C(4) 
    348858 032.76 || noQ Q (Avg,Max,Min) (1.41, 2.40, 1.08) (0.12, 0.03, 0.23) #fs:   6  -- #Conts: 6 G(1)  A(1)  C(4) 
    350033 031.76 || noQ Q (Avg,Max,Min) (1.49, 2.39, 1.19) (0.14, 0.11, 0.23) #fs:   7  -- #Conts: 5 G(1)  C(4) 
    378421 030.76 || noQ Q (Avg,Max,Min) (1.34, 2.36, 1.08) (0.10, 0.03, 0.25) #fs:   5  -- #Conts: 7 G(1)  A(3)  C(3) 
    382577 029.76 || noQ Q (Avg,Max,Min) (1.38, 2.35, 1.08) (0.12, 0.03, 0.25) #fs:   4  -- #Conts: 6 G(1)  A(2)  C(3) 
    388684 028.76 || noQ Q (Avg,Max,Min) (1.44, 2.31, 1.08) (0.13, 0.03, 0.25) #fs:   4  -- #Conts: 5 G(1)  A(1)  C(3) 
    394726 027.76 || noQ Q (Avg,Max,Min) (1.51, 2.31, 1.24) (0.16, 0.12, 0.25) #fs:   4  -- #Conts: 4 G(1)  C(3) 
    425809 026.76 || noQ Q (Avg,Max,Min) (1.33, 2.19, 1.08) (0.12, 0.06, 0.26) #fs:   4  -- #Conts: 6 G(1)  A(3)  C(2) 
    436499 025.76 || noQ Q (Avg,Max,Min) (1.37, 2.17, 1.08) (0.13, 0.06, 0.26) #fs:   4  -- #Conts: 5 G(1)  A(2)  C(2) 
    443192 024.76 || noQ Q (Avg,Max,Min) (1.44, 2.16, 1.08) (0.15, 0.06, 0.27) #fs:   3  -- #Conts: 4 G(1)  A(1)  C(2) 
    449523 023.76 || noQ Q (Avg,Max,Min) (1.58, 2.18, 1.26) (0.19, 0.14, 0.27) #fs:   4  -- #Conts: 3 G(1)  C(2) 
    491442 022.76 || noQ Q (Avg,Max,Min) (1.32, 2.09, 1.08) (0.13, 0.06, 0.29) #fs:   2  -- #Conts: 5 G(1)  A(3)  C(1) 
    503611 021.76 || noQ Q (Avg,Max,Min) (1.38, 2.08, 1.08) (0.15, 0.06, 0.29) #fs:   2  -- #Conts: 4 G(1)  A(2)  C(1) 
    513037 020.76 || noQ Q (Avg,Max,Min) (1.47, 2.06, 1.08) (0.19, 0.09, 0.29) #fs:   3  -- #Conts: 3 G(1)  A(1)  C(1) 
    523884 019.76 || noQ Q (Avg,Max,Min) (1.68, 2.05, 1.30) (0.24, 0.18, 0.30) #fs:   3  -- #Conts: 2 G(1)  C(1) 
    575751 019.71 || noQ Q (Avg,Max,Min) (1.32, 1.75, 1.08) (0.18, 0.09, 0.28) #fs:   5  -- #Conts: 5 A(1)  E(1)  C(3) 
    597540 018.71 || noQ Q (Avg,Max,Min) (1.37, 1.72, 1.22) (0.21, 0.18, 0.29) #fs:   6  -- #Conts: 4 E(1)  C(3) 
    638605 017.71 || noQ Q (Avg,Max,Min) (1.24, 1.72, 1.02) (0.18, 0.10, 0.31) #fs:   5  -- #Conts: 6 A(3)  E(1)  C(2) 
    662421 016.71 || noQ Q (Avg,Max,Min) (1.25, 1.64, 0.98) (0.21, 0.13, 0.30) #fs:   5  -- #Conts: 5 A(2)  E(1)  C(2) 
    686091 015.71 || noQ Q (Avg,Max,Min) (1.30, 1.65, 0.94) (0.23, 0.17, 0.31) #fs:   5  -- #Conts: 4 A(1)  E(1)  C(2) 
    709710 014.71 || noQ Q (Avg,Max,Min) (1.44, 1.74, 1.28) (0.27, 0.23, 0.34) #fs:   3  -- #Conts: 3 E(1)  C(2) 
    772310 013.71 || noQ Q (Avg,Max,Min) (1.20, 1.71, 1.00) (0.24, 0.20, 0.37) #fs:   5  -- #Conts: 5 A(3)  E(1)  C(1) 
    828400 012.71 || noQ Q (Avg,Max,Min) (1.20, 1.63, 0.94) (0.26, 0.20, 0.38) #fs:   5  -- #Conts: 4 A(2)  E(1)  C(1) 
    875485 011.71 || noQ Q (Avg,Max,Min) (1.30, 1.60, 1.03) (0.31, 0.23, 0.39) #fs:   2  -- #Conts: 3 A(1)  E(1)  C(1) 
    943702 010.71 || noQ Q (Avg,Max,Min) (1.43, 1.57, 1.29) (0.37, 0.32, 0.41) #fs:   2  -- #Conts: 2 E(1)  C(1) 
   1080640 009.71 || noQ Q (Avg,Max,Min) (1.11, 1.49, 0.98) (0.31, 0.26, 0.45) #fs:   4  -- #Conts: 4 A(3)  E(1) 
   1167708 008.71 || noQ Q (Avg,Max,Min) (1.17, 1.46, 1.02) (0.35, 0.29, 0.47) #fs:   2  -- #Conts: 3 A(2)  E(1) 
   1282535 007.71 || noQ Q (Avg,Max,Min) (1.21, 1.38, 1.03) (0.41, 0.33, 0.49) #fs:   1  -- #Conts: 2 A(1)  E(1) 
   1416590 006.71 || noQ Q (Avg,Max,Min) (1.31, 1.31, 1.31) (0.52, 0.52, 0.52) #fs:   0  -- #Conts: 1 E(1) 
   1758873 006.00 || noQ Q (Avg,Max,Min) (1.11, 1.29, 1.02) (0.52, 0.46, 0.63) #fs:   2  -- #Conts: 3 A(2)  C(1) 
   2050221 005.00 || noQ Q (Avg,Max,Min) (1.14, 1.25, 1.03) (0.64, 0.57, 0.71) #fs:   3  -- #Conts: 2 A(1)  C(1) 
   2447742 004.00 || noQ Q (Avg,Max,Min) (1.18, 1.18, 1.18) (0.80, 0.80, 0.80) #fs:   0  -- #Conts: 1 C(1) 
/////////////////size: 155
nodes 100 edges 234
 mulT: 10 mulD: 100  sumData GB 184
pareto /MONTAGE.n.100.0.dax time -> 28615.0
moheft /MONTAGE.n.100.0.dax time -> 21540.0
distance from M to C 13.860895344847115
distance from P to C 0.12196170054807123
distance from C to M 8.396801906552481
distance from C to P 0.916376961246305
toCompare: /MONTAGE.n.100.0.dax sumDataGB: 184 mulT: 10 mulD: 100 paretoOptTime_MS: 28615.0 MoheftOptimizationTime_MS: 21540.0 MtoC 13.860895344847115 PtoC 0.12196170054807123 CtoM 8.396801906552481 CtoP 0.916376961246305
