specify -Dflow d,b,mt,md,size
Running /home/vaggelis/jc/CYBERSHAKE.n.50.0.dax mt 5000 md: 1000 size null
  51327019 2080.94 || noQ Q (Avg,Max,Min) (1.35, 1.65, 1.04) (1.31, 1.03, 1.65) #fs:   6  -- #Conts: 13 H(13) 
  53790466 2017.88 || noQ Q (Avg,Max,Min) (1.36, 1.62, 1.15) (1.33, 1.14, 1.54) #fs:   3  -- #Conts: 10 H(10) 
  55811066 1986.35 || noQ Q (Avg,Max,Min) (1.36, 1.59, 1.15) (1.35, 1.14, 1.59) #fs:   2  -- #Conts: 9 H(9) 
  82986951 1734.12 || noQ Q (Avg,Max,Min) (1.22, 1.42, 0.68) (1.16, 0.23, 1.42) #fs:   1  -- #Conts: 16 G(16) 
  83129171 1718.35 || noQ Q (Avg,Max,Min) (1.22, 1.42, 0.75) (1.18, 0.32, 1.42) #fs:   1  -- #Conts: 16 G(16) 
  85310000 1702.59 || noQ Q (Avg,Max,Min) (1.22, 1.40, 1.00) (1.15, 0.08, 1.38) #fs:   1  -- #Conts: 13 G(13) 
  85397251 1686.82 || noQ Q (Avg,Max,Min) (1.24, 1.40, 1.10) (1.24, 1.10, 1.39) #fs:   1  -- #Conts: 12 G(12) 
 178407770 1642.94 || noQ Q (Avg,Max,Min) (1.07, 1.17, 0.65) (0.98, 0.28, 1.16) #fs:   2  -- #Conts: 18 E(18) 
 179216391 1636.24 || noQ Q (Avg,Max,Min) (1.10, 1.17, 1.00) (1.02, 0.28, 1.16) #fs:   0  -- #Conts: 17 E(17) 
 179438236 1629.53 || noQ Q (Avg,Max,Min) (1.10, 1.17, 1.00) (1.06, 0.53, 1.16) #fs:   0  -- #Conts: 16 E(16) 
/////////////////size: 10
  51232646 1952.12 || noQ Q (Avg,Max,Min) (1.31, 1.68, 1.08) (1.25, 1.05, 1.59) #fs:   7  -- #Conts: 21 H(6)  G(13)  E(2) 
  51520005 1920.24 || noQ Q (Avg,Max,Min) (1.29, 1.68, 1.07) (1.24, 1.02, 1.59) #fs:   6  -- #Conts: 20 H(5)  G(12)  E(3) 
  52525253 1909.18 || noQ Q (Avg,Max,Min) (1.29, 1.68, 1.05) (1.25, 1.02, 1.59) #fs:   6  -- #Conts: 19 H(5)  G(12)  E(2) 
  53208081 1904.47 || noQ Q (Avg,Max,Min) (1.28, 1.42, 1.07) (1.21, 0.98, 1.32) #fs:   3  -- #Conts: 18 H(4)  G(11)  E(3) 
  53262099 1888.71 || noQ Q (Avg,Max,Min) (1.29, 1.42, 1.07) (1.23, 1.05, 1.32) #fs:   1  -- #Conts: 18 H(4)  G(11)  E(3) 
  53986892 1883.65 || noQ Q (Avg,Max,Min) (1.27, 1.40, 1.00) (1.17, 0.24, 1.32) #fs:   4  -- #Conts: 19 H(4)  G(11)  E(3)  C(1) 
  54042356 1876.94 || noQ Q (Avg,Max,Min) (1.28, 1.40, 1.00) (1.18, 0.24, 1.32) #fs:   3  -- #Conts: 19 H(4)  G(11)  E(3)  C(1) 
  54189907 1872.94 || noQ Q (Avg,Max,Min) (1.29, 1.40, 1.11) (1.23, 1.11, 1.32) #fs:   3  -- #Conts: 18 H(4)  G(11)  E(3) 
  54817246 1857.18 || noQ Q (Avg,Max,Min) (1.29, 1.39, 1.11) (1.25, 1.11, 1.32) #fs:   2  -- #Conts: 18 H(4)  G(11)  E(3) 
  55962906 1848.12 || noQ Q (Avg,Max,Min) (1.31, 1.57, 1.14) (1.28, 1.02, 1.56) #fs:   2  -- #Conts: 16 H(4)  G(9)  E(3) 
  56388278 1843.06 || noQ Q (Avg,Max,Min) (1.29, 1.57, 1.00) (1.22, 0.29, 1.56) #fs:   2  -- #Conts: 17 H(4)  G(9)  E(3)  C(1) 
  56943992 1836.35 || noQ Q (Avg,Max,Min) (1.30, 1.57, 1.00) (1.24, 0.37, 1.56) #fs:   1  -- #Conts: 17 H(4)  G(9)  E(3)  C(1) 
  61474873 1834.35 || noQ Q (Avg,Max,Min) (1.30, 1.57, 1.00) (1.26, 0.81, 1.56) #fs:   1  -- #Conts: 17 H(4)  G(9)  A(1)  E(3) 
  62153773 1816.94 || noQ Q (Avg,Max,Min) (1.32, 1.68, 1.08) (1.26, 1.04, 1.64) #fs:   2  -- #Conts: 17 H(2)  G(13)  E(2) 
  63637821 1807.53 || noQ Q (Avg,Max,Min) (1.28, 1.65, 1.07) (1.24, 1.04, 1.63) #fs:   4  -- #Conts: 16 H(2)  G(11)  E(3) 
  64378554 1793.41 || noQ Q (Avg,Max,Min) (1.26, 1.68, 1.08) (1.21, 1.03, 1.59) #fs:   5  -- #Conts: 19 H(1)  G(13)  E(5) 
  64379012 1777.65 || noQ Q (Avg,Max,Min) (1.26, 1.68, 1.08) (1.23, 1.04, 1.59) #fs:   6  -- #Conts: 19 H(1)  G(13)  E(5) 
  64750217 1776.94 || noQ Q (Avg,Max,Min) (1.25, 1.68, 1.07) (1.20, 1.03, 1.59) #fs:   4  -- #Conts: 20 H(1)  G(12)  E(7) 
  65188856 1774.94 || noQ Q (Avg,Max,Min) (1.25, 1.68, 1.07) (1.21, 1.03, 1.59) #fs:   5  -- #Conts: 19 H(1)  G(12)  E(6) 
  66990267 1771.88 || noQ Q (Avg,Max,Min) (1.20, 1.34, 1.00) (1.13, 0.34, 1.32) #fs:   2  -- #Conts: 19 H(1)  G(10)  E(7)  C(1) 
  67707995 1767.88 || noQ Q (Avg,Max,Min) (1.21, 1.34, 1.07) (1.18, 1.03, 1.32) #fs:   2  -- #Conts: 18 H(1)  G(10)  E(7) 
  68651405 1760.47 || noQ Q (Avg,Max,Min) (1.21, 1.43, 1.00) (1.14, 0.24, 1.42) #fs:   3  -- #Conts: 18 H(1)  G(9)  E(7)  C(1) 
  68704165 1753.76 || noQ Q (Avg,Max,Min) (1.21, 1.43, 0.89) (1.15, 0.27, 1.42) #fs:   3  -- #Conts: 18 H(1)  G(9)  E(7)  C(1) 
  68946966 1749.76 || noQ Q (Avg,Max,Min) (1.22, 1.43, 1.12) (1.20, 1.03, 1.42) #fs:   2  -- #Conts: 17 H(1)  G(9)  E(7) 
  69029395 1748.71 || noQ Q (Avg,Max,Min) (1.21, 1.40, 1.00) (1.13, 0.11, 1.32) #fs:   3  -- #Conts: 20 H(1)  G(9)  E(9)  C(1) 
  69082940 1744.71 || noQ Q (Avg,Max,Min) (1.22, 1.40, 1.09) (1.19, 1.00, 1.32) #fs:   3  -- #Conts: 19 H(1)  G(9)  E(9) 
  69730751 1744.00 || noQ Q (Avg,Max,Min) (1.21, 1.39, 1.00) (1.10, 0.19, 1.32) #fs:   2  -- #Conts: 20 H(1)  G(9)  E(8)  C(2) 
  69832012 1740.00 || noQ Q (Avg,Max,Min) (1.22, 1.39, 1.00) (1.15, 0.24, 1.32) #fs:   2  -- #Conts: 19 H(1)  G(9)  E(8)  C(1) 
  69941946 1736.00 || noQ Q (Avg,Max,Min) (1.23, 1.39, 1.09) (1.20, 1.05, 1.32) #fs:   2  -- #Conts: 18 H(1)  G(9)  E(8) 
  70561065 1731.29 || noQ Q (Avg,Max,Min) (1.22, 1.38, 1.00) (1.18, 0.43, 1.34) #fs:   1  -- #Conts: 18 H(1)  G(9)  E(7)  C(1) 
  70708616 1727.29 || noQ Q (Avg,Max,Min) (1.23, 1.38, 1.09) (1.22, 1.09, 1.34) #fs:   0  -- #Conts: 17 H(1)  G(9)  E(7) 
  71454252 1724.59 || noQ Q (Avg,Max,Min) (1.20, 1.43, 0.69) (1.16, 0.53, 1.42) #fs:   1  -- #Conts: 18 H(1)  G(9)  A(1)  E(6)  C(1) 
  72778606 1723.59 || noQ Q (Avg,Max,Min) (1.19, 1.43, 0.79) (1.15, 0.59, 1.42) #fs:   1  -- #Conts: 19 H(1)  G(9)  A(3)  E(6) 
  74478603 1722.59 || noQ Q (Avg,Max,Min) (1.21, 1.43, 1.00) (1.19, 0.83, 1.42) #fs:   0  -- #Conts: 18 H(1)  G(9)  A(2)  E(6) 
  79707390 1720.71 || noQ Q (Avg,Max,Min) (1.25, 1.68, 1.05) (1.23, 1.04, 1.59) #fs:   6  -- #Conts: 20 H(2)  G(11)  E(6)  C(1) 
  80203277 1716.71 || noQ Q (Avg,Max,Min) (1.26, 1.68, 1.05) (1.24, 1.05, 1.59) #fs:   5  -- #Conts: 20 H(2)  G(11)  E(6)  C(1) 
  80940706 1716.00 || noQ Q (Avg,Max,Min) (1.22, 1.68, 0.66) (1.17, 0.37, 1.59) #fs:   5  -- #Conts: 22 H(2)  G(11)  A(1)  E(6)  C(2) 
  81119967 1714.00 || noQ Q (Avg,Max,Min) (1.25, 1.68, 1.00) (1.21, 0.60, 1.59) #fs:   4  -- #Conts: 21 H(2)  G(11)  E(6)  C(2) 
  82371829 1701.29 || noQ Q (Avg,Max,Min) (1.23, 1.46, 1.05) (1.20, 1.05, 1.43) #fs:   3  -- #Conts: 19 H(1)  G(10)  E(6)  C(2) 
  84287357 1700.94 || noQ Q (Avg,Max,Min) (1.22, 1.44, 1.10) (1.19, 1.07, 1.44) #fs:   2  -- #Conts: 19 H(1)  G(9)  E(7)  C(2) 
  84926794 1698.24 || noQ Q (Avg,Max,Min) (1.22, 1.44, 1.10) (1.19, 1.08, 1.44) #fs:   2  -- #Conts: 19 H(1)  G(9)  E(7)  C(2) 
  85624450 1693.53 || noQ Q (Avg,Max,Min) (1.22, 1.37, 1.10) (1.20, 1.08, 1.33) #fs:   4  -- #Conts: 17 H(1)  G(9)  E(5)  C(2) 
  85807706 1691.53 || noQ Q (Avg,Max,Min) (1.21, 1.37, 1.00) (1.17, 0.53, 1.34) #fs:   4  -- #Conts: 18 H(1)  G(9)  A(1)  E(5)  C(2) 
  85844325 1689.53 || noQ Q (Avg,Max,Min) (1.22, 1.37, 1.10) (1.21, 1.10, 1.34) #fs:   4  -- #Conts: 17 H(1)  G(9)  E(5)  C(2) 
  86061303 1685.53 || noQ Q (Avg,Max,Min) (1.22, 1.37, 1.10) (1.21, 1.10, 1.35) #fs:   2  -- #Conts: 17 H(1)  G(9)  E(5)  C(2) 
  87981252 1685.06 || noQ Q (Avg,Max,Min) (1.19, 1.46, 1.00) (1.12, 0.47, 1.44) #fs:   2  -- #Conts: 20 H(1)  G(9)  A(3)  E(5)  C(2) 
  87985089 1684.06 || noQ Q (Avg,Max,Min) (1.20, 1.46, 1.00) (1.17, 0.60, 1.44) #fs:   2  -- #Conts: 19 H(1)  G(9)  A(2)  E(5)  C(2) 
  88508922 1683.35 || noQ Q (Avg,Max,Min) (1.19, 1.46, 1.00) (1.14, 0.66, 1.44) #fs:   1  -- #Conts: 18 H(1)  G(7)  A(1)  E(7)  C(2) 
  88587220 1681.35 || noQ Q (Avg,Max,Min) (1.19, 1.46, 1.00) (1.17, 0.76, 1.44) #fs:   1  -- #Conts: 18 H(1)  G(7)  A(1)  E(7)  C(2) 
  88874309 1680.35 || noQ Q (Avg,Max,Min) (1.20, 1.46, 1.00) (1.18, 0.81, 1.44) #fs:   1  -- #Conts: 17 H(1)  G(7)  A(1)  E(7)  C(1) 
  89180980 1679.35 || noQ Q (Avg,Max,Min) (1.20, 1.46, 1.00) (1.18, 0.75, 1.44) #fs:   1  -- #Conts: 17 H(1)  G(7)  A(1)  E(7)  C(1) 
  89265802 1678.35 || noQ Q (Avg,Max,Min) (1.19, 1.46, 1.00) (1.15, 0.47, 1.44) #fs:   1  -- #Conts: 18 H(1)  G(7)  A(2)  E(7)  C(1) 
  89422393 1677.35 || noQ Q (Avg,Max,Min) (1.20, 1.46, 1.00) (1.19, 1.00, 1.44) #fs:   1  -- #Conts: 17 H(1)  G(7)  A(1)  E(7)  C(1) 
  89729064 1676.35 || noQ Q (Avg,Max,Min) (1.21, 1.46, 1.10) (1.21, 1.10, 1.44) #fs:   1  -- #Conts: 16 H(1)  G(7)  E(7)  C(1) 
  94225121 1675.29 || noQ Q (Avg,Max,Min) (1.12, 1.38, 0.60) (1.06, 0.34, 1.37) #fs:   3  -- #Conts: 18 G(4)  E(10)  C(4) 
  94271534 1672.35 || noQ Q (Avg,Max,Min) (1.14, 1.38, 0.79) (1.11, 0.36, 1.37) #fs:   1  -- #Conts: 17 G(5)  E(10)  C(2) 
  94545053 1671.29 || noQ Q (Avg,Max,Min) (1.15, 1.38, 1.00) (1.06, 0.34, 1.37) #fs:   2  -- #Conts: 18 G(4)  E(10)  C(4) 
  94721008 1668.59 || noQ Q (Avg,Max,Min) (1.12, 1.38, 0.50) (1.07, 0.34, 1.37) #fs:   2  -- #Conts: 18 G(4)  E(10)  C(4) 
  95057315 1665.59 || noQ Q (Avg,Max,Min) (1.14, 1.38, 1.00) (1.05, 0.34, 1.37) #fs:   2  -- #Conts: 19 G(4)  A(1)  E(10)  C(4) 
  95086395 1664.59 || noQ Q (Avg,Max,Min) (1.15, 1.38, 1.00) (1.08, 0.34, 1.37) #fs:   1  -- #Conts: 18 G(4)  E(10)  C(4) 
  95414248 1662.59 || noQ Q (Avg,Max,Min) (1.15, 1.38, 1.00) (1.10, 0.57, 1.37) #fs:   1  -- #Conts: 18 G(4)  A(1)  E(10)  C(3) 
  95425689 1661.59 || noQ Q (Avg,Max,Min) (1.15, 1.38, 1.00) (1.09, 0.47, 1.37) #fs:   1  -- #Conts: 18 G(4)  A(1)  E(10)  C(3) 
  95588806 1660.59 || noQ Q (Avg,Max,Min) (1.15, 1.38, 0.98) (1.13, 0.78, 1.37) #fs:   2  -- #Conts: 17 G(4)  E(10)  C(3) 
  96214951 1659.59 || noQ Q (Avg,Max,Min) (1.15, 1.38, 1.00) (1.09, 0.47, 1.37) #fs:   0  -- #Conts: 18 G(4)  A(2)  E(10)  C(2) 
  96436792 1658.59 || noQ Q (Avg,Max,Min) (1.16, 1.38, 1.00) (1.13, 0.75, 1.37) #fs:   0  -- #Conts: 17 G(4)  A(1)  E(10)  C(2) 
  96906369 1655.88 || noQ Q (Avg,Max,Min) (1.13, 1.28, 1.00) (1.12, 0.99, 1.27) #fs:   0  -- #Conts: 16 G(3)  A(1)  E(10)  C(2) 
 105730258 1655.47 || noQ Q (Avg,Max,Min) (1.11, 1.28, 0.75) (1.09, 0.62, 1.28) #fs:   1  -- #Conts: 16 G(3)  A(1)  E(9)  C(3) 
 107848492 1652.82 || noQ Q (Avg,Max,Min) (1.10, 1.21, 0.89) (1.09, 0.78, 1.20) #fs:   2  -- #Conts: 16 G(2)  A(2)  E(8)  C(4) 
 133916200 1647.94 || noQ Q (Avg,Max,Min) (1.10, 1.19, 1.00) (1.06, 0.71, 1.19) #fs:   4  -- #Conts: 17 G(1)  A(3)  E(10)  C(3) 
 133960837 1646.94 || noQ Q (Avg,Max,Min) (1.10, 1.19, 1.00) (1.07, 0.71, 1.19) #fs:   3  -- #Conts: 17 G(1)  A(3)  E(10)  C(3) 
 134065231 1643.94 || noQ Q (Avg,Max,Min) (1.10, 1.19, 1.00) (1.06, 0.71, 1.19) #fs:   2  -- #Conts: 17 G(1)  A(3)  E(10)  C(3) 
 134195133 1641.24 || noQ Q (Avg,Max,Min) (1.07, 1.19, 0.87) (0.96, 0.41, 1.19) #fs:   1  -- #Conts: 22 G(1)  A(6)  E(10)  C(5) 
 134267504 1638.94 || noQ Q (Avg,Max,Min) (1.10, 1.19, 1.00) (1.07, 0.82, 1.19) #fs:   0  -- #Conts: 18 G(1)  A(4)  E(10)  C(3) 
 134737292 1637.94 || noQ Q (Avg,Max,Min) (1.10, 1.19, 1.00) (1.08, 0.82, 1.19) #fs:   0  -- #Conts: 17 G(1)  A(3)  E(10)  C(3) 
 134822114 1636.94 || noQ Q (Avg,Max,Min) (1.10, 1.19, 1.00) (1.08, 0.89, 1.19) #fs:   0  -- #Conts: 18 G(1)  A(4)  E(10)  C(3) 
 135291902 1635.94 || noQ Q (Avg,Max,Min) (1.10, 1.19, 1.00) (1.09, 0.89, 1.19) #fs:   0  -- #Conts: 17 G(1)  A(3)  E(10)  C(3) 
 135709487 1634.94 || noQ Q (Avg,Max,Min) (1.10, 1.19, 1.00) (1.09, 0.89, 1.19) #fs:   0  -- #Conts: 17 G(1)  A(3)  E(10)  C(3) 
 136179275 1633.94 || noQ Q (Avg,Max,Min) (1.11, 1.19, 1.00) (1.10, 0.89, 1.19) #fs:   0  -- #Conts: 16 G(1)  A(2)  E(10)  C(3) 
 136544665 1632.94 || noQ Q (Avg,Max,Min) (1.11, 1.19, 1.00) (1.11, 0.97, 1.19) #fs:   0  -- #Conts: 16 G(1)  A(2)  E(10)  C(3) 
 205132983 1630.06 || noQ Q (Avg,Max,Min) (1.11, 1.33, 1.00) (1.08, 0.81, 1.32) #fs:   0  -- #Conts: 16 G(2)  A(4)  E(7)  C(3) 
 205693911 1629.06 || noQ Q (Avg,Max,Min) (1.11, 1.33, 0.90) (1.09, 0.84, 1.32) #fs:   1  -- #Conts: 16 G(2)  A(4)  E(7)  C(3) 
 207290771 1627.88 || noQ Q (Avg,Max,Min) (1.08, 1.19, 1.00) (1.03, 0.60, 1.19) #fs:   0  -- #Conts: 16 G(2)  A(3)  E(6)  C(5) 
 208102536 1626.88 || noQ Q (Avg,Max,Min) (1.08, 1.19, 1.00) (1.04, 0.82, 1.19) #fs:   0  -- #Conts: 16 G(2)  A(3)  E(6)  C(5) 
 208440771 1625.88 || noQ Q (Avg,Max,Min) (1.09, 1.19, 1.00) (1.07, 0.91, 1.19) #fs:   0  -- #Conts: 15 G(2)  A(3)  E(6)  C(4) 
 212488479 1624.88 || noQ Q (Avg,Max,Min) (1.09, 1.19, 1.00) (1.08, 0.93, 1.19) #fs:   0  -- #Conts: 15 G(2)  A(3)  E(6)  C(4) 
 229474224 1622.00 || noQ Q (Avg,Max,Min) (1.08, 1.19, 1.00) (1.05, 0.86, 1.19) #fs:   0  -- #Conts: 13 G(1)  A(5)  E(5)  C(2) 
/////////////////size: 86
nodes 50 edges 92
 mulT: 5000 mulD: 1000  sumData GB 86302
pareto /CYBERSHAKE.n.50.0.dax time -> 697.0
moheft /CYBERSHAKE.n.50.0.dax time -> 1712.0
distance from M to C 0.10604762692225414
distance from P to C 31.58172477231122
distance from C to M 0.36053629293745554
distance from C to P 24.921526111280237
toCompare: /CYBERSHAKE.n.50.0.dax sumDataGB: 86302 mulT: 5000 mulD: 1000 paretoOptTime_MS: 697.0 MoheftOptimizationTime_MS: 1712.0 MtoC 0.10604762692225414 PtoC 31.58172477231122 CtoM 0.36053629293745554 CtoP 24.921526111280237
