specify -Dflow d,b,mt,md,size
Running /home/vaggelis/jc/SIPHT.n.50.0.dax mt 30 md: 1000 size null
   4141969 220.71 || noQ Q (Avg,Max,Min) (0.83, 1.00, 0.71) (0.51, 0.37, 0.74) #fs:   7  -- #Conts: 5 H(5) 
   4143740 189.18 || noQ Q (Avg,Max,Min) (0.89, 1.03, 0.71) (0.59, 0.37, 0.82) #fs:   6  -- #Conts: 5 H(5) 
   5217162 157.65 || noQ Q (Avg,Max,Min) (0.87, 1.03, 0.69) (0.68, 0.55, 0.82) #fs:   6  -- #Conts: 5 H(5) 
   6699746 141.88 || noQ Q (Avg,Max,Min) (0.86, 1.01, 0.75) (0.67, 0.36, 0.91) #fs:   4  -- #Conts: 5 H(1)  G(4) 
   7256186 126.12 || noQ Q (Avg,Max,Min) (0.90, 1.01, 0.75) (0.72, 0.62, 0.91) #fs:   3  -- #Conts: 5 G(5) 
   7817640 110.35 || noQ Q (Avg,Max,Min) (1.07, 1.18, 1.00) (0.81, 0.62, 1.04) #fs:   0  -- #Conts: 6 G(6) 
  15643663 107.29 || noQ Q (Avg,Max,Min) (0.86, 1.00, 0.60) (0.78, 0.59, 0.96) #fs:   6  -- #Conts: 5 E(5) 
  20043560 100.59 || noQ Q (Avg,Max,Min) (0.84, 1.00, 0.60) (0.82, 0.59, 0.96) #fs:   6  -- #Conts: 5 E(5) 
  23456987 093.88 || noQ Q (Avg,Max,Min) (0.98, 1.02, 0.90) (0.86, 0.74, 1.01) #fs:   1  -- #Conts: 3 E(3) 
  27266611 092.00 || noQ Q (Avg,Max,Min) (1.01, 1.05, 1.00) (0.91, 0.85, 0.98) #fs:   0  -- #Conts: 5 C(5) 
  28731726 087.18 || noQ Q (Avg,Max,Min) (0.97, 1.02, 0.92) (0.96, 0.92, 1.01) #fs:   1  -- #Conts: 2 E(2) 
/////////////////size: 11
   4286691 173.41 || noQ Q (Avg,Max,Min) (0.98, 1.06, 0.89) (0.62, 0.53, 0.74) #fs:   3  -- #Conts: 4 H(3)  G(1) 
   4613601 157.65 || noQ Q (Avg,Max,Min) (0.99, 1.13, 0.91) (0.74, 0.58, 1.04) #fs:   3  -- #Conts: 3 H(3) 
   5330152 141.88 || noQ Q (Avg,Max,Min) (0.98, 1.06, 0.89) (0.72, 0.53, 0.80) #fs:   3  -- #Conts: 4 H(3)  G(1) 
   5525163 126.12 || noQ Q (Avg,Max,Min) (0.98, 1.12, 0.89) (0.78, 0.62, 1.02) #fs:   3  -- #Conts: 5 H(3)  G(2) 
   6690932 123.76 || noQ Q (Avg,Max,Min) (0.94, 1.07, 0.65) (0.81, 0.60, 0.97) #fs:   2  -- #Conts: 4 H(1)  G(2)  E(1) 
   7339869 108.00 || noQ Q (Avg,Max,Min) (1.04, 1.07, 1.00) (0.82, 0.62, 1.00) #fs:   0  -- #Conts: 5 H(1)  G(3)  E(1) 
  10119276 098.94 || noQ Q (Avg,Max,Min) (1.04, 1.05, 1.01) (0.92, 0.80, 1.00) #fs:   0  -- #Conts: 4 H(1)  G(2)  E(1) 
  16262551 096.82 || noQ Q (Avg,Max,Min) (1.01, 1.06, 0.94) (0.86, 0.62, 1.02) #fs:   1  -- #Conts: 4 G(2)  E(1)  C(1) 
  16889945 096.59 || noQ Q (Avg,Max,Min) (1.05, 1.11, 1.00) (0.97, 0.80, 1.10) #fs:   0  -- #Conts: 5 H(1)  G(2)  E(2) 
  17346431 094.47 || noQ Q (Avg,Max,Min) (1.01, 1.06, 0.92) (0.87, 0.69, 1.00) #fs:   2  -- #Conts: 4 G(1)  E(2)  C(1) 
  20012040 093.06 || noQ Q (Avg,Max,Min) (1.07, 1.30, 0.92) (0.82, 0.45, 1.00) #fs:   1  -- #Conts: 4 G(1)  E(1)  C(2) 
  20324090 092.65 || noQ Q (Avg,Max,Min) (0.93, 1.06, 0.38) (0.67, 0.07, 1.00) #fs:   1  -- #Conts: 6 G(1)  A(1)  E(1)  C(3) 
  20343733 091.65 || noQ Q (Avg,Max,Min) (1.04, 1.07, 1.01) (0.79, 0.10, 1.00) #fs:   0  -- #Conts: 5 G(1)  E(1)  C(3) 
  20484089 087.65 || noQ Q (Avg,Max,Min) (1.03, 1.05, 1.01) (0.98, 0.95, 1.00) #fs:   1  -- #Conts: 4 G(1)  E(1)  C(2) 
  33612391 086.71 || noQ Q (Avg,Max,Min) (1.02, 1.08, 0.97) (0.94, 0.80, 1.08) #fs:   1  -- #Conts: 4 G(1)  E(1)  C(2) 
  41518220 084.71 || noQ Q (Avg,Max,Min) (1.06, 1.17, 1.00) (0.71, 0.02, 1.08) #fs:   0  -- #Conts: 5 G(1)  A(2)  E(1)  C(1) 
  41520919 083.71 || noQ Q (Avg,Max,Min) (1.04, 1.08, 1.00) (0.88, 0.43, 1.08) #fs:   0  -- #Conts: 4 G(1)  A(1)  E(1)  C(1) 
  41867261 082.71 || noQ Q (Avg,Max,Min) (1.04, 1.08, 1.00) (1.03, 1.00, 1.08) #fs:   0  -- #Conts: 3 G(1)  E(1)  C(1) 
/////////////////size: 18
nodes 48 edges 56
 mulT: 30 mulD: 1000  sumData GB 1348
pareto /SIPHT.n.50.0.dax time -> 860.0
moheft /SIPHT.n.50.0.dax time -> 279.0
distance from M to C 0.0
distance from P to C 1.6713951426114624
distance from C to M 0.6191627583118631
distance from C to P 1.3496921591662006
toCompare: /SIPHT.n.50.0.dax sumDataGB: 1348 mulT: 30 mulD: 1000 paretoOptTime_MS: 860.0 MoheftOptimizationTime_MS: 279.0 MtoC 0.0 PtoC 1.6713951426114624 CtoM 0.6191627583118631 CtoP 1.3496921591662006
