specify -Dflow d,b,mt,md,size
Running /home/vaggelis/jc/SIPHT.n.50.0.dax mt 30 md: 5000 size null
   4655474 220.71 || noQ Q (Avg,Max,Min) (0.94, 1.19, 0.63) (0.66, 0.39, 1.10) #fs:   8  -- #Conts: 5 H(5) 
   4664331 189.18 || noQ Q (Avg,Max,Min) (1.01, 1.33, 0.63) (0.78, 0.39, 1.24) #fs:   7  -- #Conts: 5 H(5) 
   5991340 157.65 || noQ Q (Avg,Max,Min) (1.02, 1.33, 0.63) (0.93, 0.60, 1.24) #fs:   7  -- #Conts: 4 H(4) 
   7529376 141.88 || noQ Q (Avg,Max,Min) (0.93, 1.01, 0.84) (0.74, 0.63, 0.89) #fs:   7  -- #Conts: 5 G(5) 
   8305280 126.12 || noQ Q (Avg,Max,Min) (1.01, 1.34, 0.82) (0.85, 0.38, 1.32) #fs:   5  -- #Conts: 4 H(1)  G(3) 
   9228037 110.35 || noQ Q (Avg,Max,Min) (1.01, 1.34, 0.82) (0.91, 0.63, 1.32) #fs:   5  -- #Conts: 4 G(4) 
  16195864 107.29 || noQ Q (Avg,Max,Min) (0.91, 1.06, 0.75) (0.83, 0.69, 0.96) #fs:   4  -- #Conts: 4 E(4) 
  17441731 100.59 || noQ Q (Avg,Max,Min) (1.07, 1.40, 0.75) (0.91, 0.69, 1.10) #fs:   1  -- #Conts: 5 E(5) 
  24911341 096.24 || noQ Q (Avg,Max,Min) (1.20, 1.52, 1.01) (0.72, 0.05, 1.12) #fs:   0  -- #Conts: 4 G(1)  E(3) 
  25017885 088.18 || noQ Q (Avg,Max,Min) (1.09, 1.20, 1.00) (0.80, 0.29, 1.12) #fs:   0  -- #Conts: 4 A(1)  E(3) 
  25037283 087.18 || noQ Q (Avg,Max,Min) (1.10, 1.20, 1.01) (0.97, 0.72, 1.12) #fs:   0  -- #Conts: 3 E(3) 
/////////////////size: 11
   4772422 173.41 || noQ Q (Avg,Max,Min) (1.14, 1.32, 0.90) (0.81, 0.57, 1.22) #fs:   3  -- #Conts: 4 H(3)  G(1) 
   4834370 157.65 || noQ Q (Avg,Max,Min) (1.23, 1.42, 0.93) (0.97, 0.63, 1.35) #fs:   3  -- #Conts: 3 H(3) 
   5124189 141.88 || noQ Q (Avg,Max,Min) (1.24, 1.57, 1.03) (0.96, 0.65, 1.53) #fs:   2  -- #Conts: 4 H(3)  G(1) 
   5494886 126.12 || noQ Q (Avg,Max,Min) (1.32, 1.59, 1.03) (1.23, 0.79, 1.56) #fs:   2  -- #Conts: 3 H(3) 
   6967743 123.76 || noQ Q (Avg,Max,Min) (1.08, 1.35, 0.71) (0.95, 0.69, 1.18) #fs:   2  -- #Conts: 4 H(1)  G(2)  E(1) 
   7625015 108.00 || noQ Q (Avg,Max,Min) (1.17, 1.35, 1.01) (0.94, 0.63, 1.27) #fs:   0  -- #Conts: 5 H(1)  G(3)  E(1) 
  10397772 098.94 || noQ Q (Avg,Max,Min) (1.16, 1.27, 1.05) (1.05, 0.85, 1.27) #fs:   0  -- #Conts: 4 H(1)  G(2)  E(1) 
  17221873 096.82 || noQ Q (Avg,Max,Min) (1.10, 1.28, 0.89) (0.98, 0.63, 1.25) #fs:   1  -- #Conts: 4 G(2)  E(1)  C(1) 
  18315046 094.47 || noQ Q (Avg,Max,Min) (1.10, 1.28, 0.91) (0.99, 0.70, 1.25) #fs:   1  -- #Conts: 4 G(1)  E(2)  C(1) 
  20965522 093.06 || noQ Q (Avg,Max,Min) (1.31, 2.12, 1.00) (1.01, 0.70, 1.25) #fs:   0  -- #Conts: 5 G(1)  E(2)  C(2) 
  21848524 087.65 || noQ Q (Avg,Max,Min) (1.15, 1.28, 1.03) (1.10, 0.93, 1.25) #fs:   0  -- #Conts: 4 G(1)  E(1)  C(2) 
  34617734 086.47 || noQ Q (Avg,Max,Min) (1.15, 1.33, 0.97) (1.06, 0.95, 1.25) #fs:   1  -- #Conts: 5 G(1)  A(2)  E(2) 
  34750332 085.47 || noQ Q (Avg,Max,Min) (1.17, 1.33, 1.01) (1.09, 0.97, 1.25) #fs:   0  -- #Conts: 5 G(1)  A(2)  E(2) 
  52340706 084.00 || noQ Q (Avg,Max,Min) (1.14, 1.43, 1.00) (1.07, 0.74, 1.43) #fs:   1  -- #Conts: 5 G(1)  A(2)  E(1)  C(1) 
/////////////////size: 14
nodes 48 edges 56
 mulT: 30 mulD: 5000  sumData GB 6744
pareto /SIPHT.n.50.0.dax time -> 838.0
moheft /SIPHT.n.50.0.dax time -> 201.0
distance from M to C 0.0
distance from P to C 1.4376213917126164
distance from C to M 1.6470613471066022
distance from C to P 1.3818668722950662
toCompare: /SIPHT.n.50.0.dax sumDataGB: 6744 mulT: 30 mulD: 5000 paretoOptTime_MS: 838.0 MoheftOptimizationTime_MS: 201.0 MtoC 0.0 PtoC 1.4376213917126164 CtoM 1.6470613471066022 CtoP 1.3818668722950662
