specify -Dflow d,b,mt,md,size
Running /home/vaggelis/jc/MONTAGE.n.50.0.dax mt 500 md: 1 size null
    939661 882.82 || noQ Q (Avg,Max,Min) (0.95, 1.00, 0.81) (0.09, 0.05, 0.22) #fs:  12  -- #Conts: 28 H(28) 
   1062742 867.06 || noQ Q (Avg,Max,Min) (0.91, 1.00, 0.69) (0.09, 0.05, 0.22) #fs:  13  -- #Conts: 28 H(27)  G(1) 
   1062837 851.29 || noQ Q (Avg,Max,Min) (0.91, 1.00, 0.69) (0.09, 0.05, 0.22) #fs:  13  -- #Conts: 28 H(26)  G(2) 
   1063706 835.53 || noQ Q (Avg,Max,Min) (0.91, 1.00, 0.69) (0.09, 0.05, 0.22) #fs:  13  -- #Conts: 28 H(25)  G(3) 
   1063994 819.76 || noQ Q (Avg,Max,Min) (0.91, 1.00, 0.69) (0.09, 0.05, 0.22) #fs:  13  -- #Conts: 28 H(24)  G(4) 
   1063995 804.00 || noQ Q (Avg,Max,Min) (0.91, 1.00, 0.69) (0.09, 0.05, 0.22) #fs:  13  -- #Conts: 28 H(23)  G(5) 
   1064261 788.24 || noQ Q (Avg,Max,Min) (0.91, 1.00, 0.69) (0.09, 0.05, 0.22) #fs:  13  -- #Conts: 28 H(22)  G(6) 
   1064285 772.47 || noQ Q (Avg,Max,Min) (0.91, 1.00, 0.69) (0.09, 0.05, 0.22) #fs:  13  -- #Conts: 28 H(21)  G(7) 
   1064574 756.71 || noQ Q (Avg,Max,Min) (0.91, 1.00, 0.69) (0.10, 0.05, 0.22) #fs:  13  -- #Conts: 28 H(20)  G(8) 
   1064863 740.94 || noQ Q (Avg,Max,Min) (0.91, 1.00, 0.69) (0.10, 0.05, 0.22) #fs:  13  -- #Conts: 28 H(19)  G(9) 
   1065055 725.18 || noQ Q (Avg,Max,Min) (0.90, 1.00, 0.69) (0.10, 0.05, 0.22) #fs:  13  -- #Conts: 28 H(18)  G(10) 
   1065152 709.41 || noQ Q (Avg,Max,Min) (0.90, 1.00, 0.69) (0.10, 0.05, 0.22) #fs:  13  -- #Conts: 28 H(17)  G(11) 
   1065153 693.65 || noQ Q (Avg,Max,Min) (0.90, 1.00, 0.69) (0.10, 0.05, 0.22) #fs:  13  -- #Conts: 28 H(16)  G(12) 
   1065345 677.88 || noQ Q (Avg,Max,Min) (0.90, 1.00, 0.69) (0.10, 0.05, 0.22) #fs:  13  -- #Conts: 28 H(15)  G(13) 
   1066309 662.12 || noQ Q (Avg,Max,Min) (0.90, 1.00, 0.69) (0.10, 0.05, 0.22) #fs:  13  -- #Conts: 28 H(14)  G(14) 
   1066477 646.35 || noQ Q (Avg,Max,Min) (0.90, 1.00, 0.69) (0.10, 0.05, 0.22) #fs:  13  -- #Conts: 28 H(13)  G(15) 
   1067658 630.59 || noQ Q (Avg,Max,Min) (0.90, 1.00, 0.69) (0.11, 0.05, 0.22) #fs:  13  -- #Conts: 28 H(12)  G(16) 
   1067730 614.82 || noQ Q (Avg,Max,Min) (0.90, 1.00, 0.69) (0.11, 0.05, 0.22) #fs:  13  -- #Conts: 28 H(11)  G(17) 
   1068336 583.29 || noQ Q (Avg,Max,Min) (0.90, 1.00, 0.69) (0.11, 0.08, 0.22) #fs:  13  -- #Conts: 28 H(9)  G(19) 
   1108646 551.76 || noQ Q (Avg,Max,Min) (0.91, 1.00, 0.66) (0.11, 0.08, 0.25) #fs:  10  -- #Conts: 27 H(8)  G(19) 
   1110246 536.00 || noQ Q (Avg,Max,Min) (0.92, 1.00, 0.66) (0.12, 0.08, 0.25) #fs:  10  -- #Conts: 26 H(8)  G(18) 
   1111597 520.24 || noQ Q (Avg,Max,Min) (0.92, 1.00, 0.66) (0.12, 0.08, 0.25) #fs:  10  -- #Conts: 25 H(8)  G(17) 
   1112521 504.47 || noQ Q (Avg,Max,Min) (0.93, 1.00, 0.66) (0.12, 0.08, 0.25) #fs:  10  -- #Conts: 24 H(8)  G(16) 
   1113115 488.71 || noQ Q (Avg,Max,Min) (0.93, 1.00, 0.66) (0.13, 0.08, 0.25) #fs:  10  -- #Conts: 23 H(8)  G(15) 
   1113702 472.94 || noQ Q (Avg,Max,Min) (0.94, 1.00, 0.66) (0.13, 0.09, 0.25) #fs:  10  -- #Conts: 22 H(8)  G(14) 
   1114037 457.18 || noQ Q (Avg,Max,Min) (0.94, 1.00, 0.66) (0.14, 0.09, 0.31) #fs:  10  -- #Conts: 21 H(8)  G(13) 
   1114892 441.41 || noQ Q (Avg,Max,Min) (0.95, 1.00, 0.85) (0.14, 0.09, 0.27) #fs:  10  -- #Conts: 20 H(8)  G(12) 
   1291715 378.35 || noQ Q (Avg,Max,Min) (0.88, 1.00, 0.71) (0.20, 0.10, 0.30) #fs:  10  -- #Conts: 12 H(12) 
   1293572 331.06 || noQ Q (Avg,Max,Min) (0.91, 1.00, 0.72) (0.22, 0.09, 0.32) #fs:  10  -- #Conts: 11 H(10)  G(1) 
   1297712 315.29 || noQ Q (Avg,Max,Min) (0.92, 1.00, 0.87) (0.24, 0.10, 0.32) #fs:  10  -- #Conts: 10 H(10) 
   1377869 299.53 || noQ Q (Avg,Max,Min) (0.87, 1.00, 0.81) (0.25, 0.10, 0.32) #fs:  11  -- #Conts: 10 H(9)  G(1) 
   1378475 283.76 || noQ Q (Avg,Max,Min) (0.87, 1.00, 0.81) (0.25, 0.17, 0.32) #fs:  11  -- #Conts: 10 H(8)  G(2) 
   1474364 252.24 || noQ Q (Avg,Max,Min) (0.84, 1.00, 0.75) (0.30, 0.26, 0.35) #fs:  10  -- #Conts: 8 H(8) 
   1828105 220.71 || noQ Q (Avg,Max,Min) (0.83, 1.00, 0.79) (0.34, 0.31, 0.44) #fs:  12  -- #Conts: 7 H(7) 
   1968601 204.94 || noQ Q (Avg,Max,Min) (0.85, 1.00, 0.58) (0.35, 0.17, 0.45) #fs:  13  -- #Conts: 10 H(3)  G(7) 
   1972651 189.18 || noQ Q (Avg,Max,Min) (0.88, 1.00, 0.59) (0.37, 0.17, 0.45) #fs:  12  -- #Conts: 10 H(2)  G(8) 
   2070781 173.41 || noQ Q (Avg,Max,Min) (0.88, 1.00, 0.56) (0.39, 0.17, 0.51) #fs:  11  -- #Conts: 10 H(1)  G(9) 
   2216852 164.35 || noQ Q (Avg,Max,Min) (0.91, 1.00, 0.72) (0.38, 0.17, 0.56) #fs:  10  -- #Conts: 11 G(10)  E(1) 
   2224005 157.65 || noQ Q (Avg,Max,Min) (0.92, 1.00, 0.87) (0.41, 0.17, 0.56) #fs:  10  -- #Conts: 10 G(10) 
   2426778 126.12 || noQ Q (Avg,Max,Min) (0.96, 1.00, 0.94) (0.60, 0.57, 0.64) #fs:   4  -- #Conts: 4 H(4) 
   3133011 110.35 || noQ Q (Avg,Max,Min) (0.83, 1.00, 0.79) (0.59, 0.54, 0.75) #fs:  12  -- #Conts: 7 G(7) 
   3191138 094.59 || noQ Q (Avg,Max,Min) (0.96, 1.00, 0.94) (0.80, 0.73, 0.89) #fs:   2  -- #Conts: 3 H(3) 
   3838139 078.82 || noQ Q (Avg,Max,Min) (0.87, 1.00, 0.71) (0.82, 0.68, 0.90) #fs:   7  -- #Conts: 5 G(5) 
  33145325 078.00 || noQ Q (Avg,Max,Min) (1.00, 1.00, 1.00) (0.88, 0.74, 0.99) #fs:   5  -- #Conts: 22 A(22) 
  33185325 077.00 || noQ Q (Avg,Max,Min) (1.00, 1.00, 1.00) (0.90, 0.74, 0.99) #fs:   5  -- #Conts: 21 A(21) 
  38370325 075.00 || noQ Q (Avg,Max,Min) (1.00, 1.00, 1.00) (0.93, 0.74, 0.99) #fs:   5  -- #Conts: 19 A(19) 
  38455325 074.00 || noQ Q (Avg,Max,Min) (1.00, 1.00, 1.00) (0.95, 0.75, 0.99) #fs:   5  -- #Conts: 18 A(18) 
/////////////////size: 47
   1099707 662.12 || noQ Q (Avg,Max,Min) (0.93, 1.00, 0.67) (0.10, 0.05, 0.23) #fs:  10  -- #Conts: 30 H(12)  G(18) 
   1113036 646.35 || noQ Q (Avg,Max,Min) (0.93, 1.00, 0.66) (0.10, 0.05, 0.25) #fs:  10  -- #Conts: 29 H(12)  G(17) 
   1113711 630.59 || noQ Q (Avg,Max,Min) (0.93, 1.00, 0.66) (0.11, 0.05, 0.27) #fs:  10  -- #Conts: 28 H(12)  G(16) 
   1114048 614.82 || noQ Q (Avg,Max,Min) (0.93, 1.00, 0.66) (0.11, 0.05, 0.27) #fs:  10  -- #Conts: 28 H(11)  G(17) 
   1114380 599.06 || noQ Q (Avg,Max,Min) (0.93, 1.00, 0.66) (0.11, 0.05, 0.27) #fs:  11  -- #Conts: 27 H(11)  G(16) 
   1115053 583.29 || noQ Q (Avg,Max,Min) (0.94, 1.00, 0.66) (0.11, 0.05, 0.27) #fs:  10  -- #Conts: 26 H(11)  G(15) 
   1115061 567.53 || noQ Q (Avg,Max,Min) (0.94, 1.00, 0.66) (0.11, 0.05, 0.27) #fs:  10  -- #Conts: 26 H(10)  G(16) 
   1115556 551.76 || noQ Q (Avg,Max,Min) (0.94, 1.00, 0.66) (0.12, 0.05, 0.31) #fs:  10  -- #Conts: 25 H(10)  G(15) 
   1115725 536.00 || noQ Q (Avg,Max,Min) (0.94, 1.00, 0.66) (0.12, 0.05, 0.31) #fs:  10  -- #Conts: 25 H(9)  G(16) 
   1116403 520.24 || noQ Q (Avg,Max,Min) (0.94, 1.00, 0.66) (0.12, 0.08, 0.28) #fs:  10  -- #Conts: 25 H(8)  G(17) 
   1217396 504.47 || noQ Q (Avg,Max,Min) (0.91, 1.00, 0.59) (0.13, 0.08, 0.28) #fs:  11  -- #Conts: 24 H(8)  G(16) 
   1220578 488.71 || noQ Q (Avg,Max,Min) (0.90, 1.00, 0.59) (0.13, 0.08, 0.28) #fs:  11  -- #Conts: 23 H(8)  G(15) 
   1341960 472.94 || noQ Q (Avg,Max,Min) (0.91, 1.00, 0.59) (0.13, 0.08, 0.31) #fs:  12  -- #Conts: 23 H(7)  G(16) 
   1347534 457.18 || noQ Q (Avg,Max,Min) (0.92, 1.00, 0.59) (0.14, 0.08, 0.31) #fs:  12  -- #Conts: 23 H(6)  G(17) 
   1610172 441.41 || noQ Q (Avg,Max,Min) (0.96, 1.00, 0.81) (0.15, 0.08, 0.39) #fs:  12  -- #Conts: 28 G(28) 
   1658834 425.65 || noQ Q (Avg,Max,Min) (0.98, 1.00, 0.81) (0.18, 0.05, 0.37) #fs:   8  -- #Conts: 21 H(6)  G(15) 
   1659123 394.12 || noQ Q (Avg,Max,Min) (0.97, 1.00, 0.70) (0.19, 0.05, 0.37) #fs:   9  -- #Conts: 20 H(5)  G(15) 
   1660857 378.35 || noQ Q (Avg,Max,Min) (0.98, 1.00, 0.81) (0.20, 0.05, 0.37) #fs:   9  -- #Conts: 19 H(5)  G(14) 
   1661148 362.59 || noQ Q (Avg,Max,Min) (0.95, 1.00, 0.70) (0.21, 0.05, 0.37) #fs:  10  -- #Conts: 19 H(4)  G(15) 
   1662306 331.06 || noQ Q (Avg,Max,Min) (0.94, 1.00, 0.70) (0.22, 0.05, 0.37) #fs:  11  -- #Conts: 18 H(3)  G(15) 
   1662884 299.53 || noQ Q (Avg,Max,Min) (0.93, 1.00, 0.70) (0.23, 0.05, 0.37) #fs:  12  -- #Conts: 17 H(2)  G(15) 
   1664618 283.76 || noQ Q (Avg,Max,Min) (0.95, 1.00, 0.81) (0.25, 0.05, 0.37) #fs:  12  -- #Conts: 16 H(2)  G(14) 
   1666934 268.00 || noQ Q (Avg,Max,Min) (0.92, 1.00, 0.70) (0.25, 0.15, 0.37) #fs:  13  -- #Conts: 16 H(1)  G(15) 
   1668668 252.24 || noQ Q (Avg,Max,Min) (0.94, 1.00, 0.80) (0.27, 0.15, 0.37) #fs:  13  -- #Conts: 15 H(1)  G(14) 
   1911136 236.47 || noQ Q (Avg,Max,Min) (0.91, 1.00, 0.66) (0.27, 0.17, 0.47) #fs:  13  -- #Conts: 15 G(15) 
   1912869 220.71 || noQ Q (Avg,Max,Min) (0.93, 1.00, 0.85) (0.29, 0.17, 0.47) #fs:  12  -- #Conts: 14 G(14) 
   1972153 202.59 || noQ Q (Avg,Max,Min) (0.89, 1.00, 0.75) (0.32, 0.15, 0.45) #fs:  13  -- #Conts: 13 H(1)  G(10)  E(2) 
   1972733 195.88 || noQ Q (Avg,Max,Min) (0.90, 1.00, 0.75) (0.34, 0.15, 0.45) #fs:  13  -- #Conts: 12 H(1)  G(10)  E(1) 
   1973021 189.18 || noQ Q (Avg,Max,Min) (0.90, 1.00, 0.75) (0.36, 0.15, 0.45) #fs:  13  -- #Conts: 11 H(1)  G(10) 
   1973889 186.82 || noQ Q (Avg,Max,Min) (0.93, 1.00, 0.75) (0.35, 0.15, 0.45) #fs:  13  -- #Conts: 12 H(1)  G(9)  E(2) 
   1974467 180.12 || noQ Q (Avg,Max,Min) (0.93, 1.00, 0.80) (0.37, 0.15, 0.45) #fs:  13  -- #Conts: 11 H(1)  G(9)  E(1) 
   2216064 177.76 || noQ Q (Avg,Max,Min) (0.89, 1.00, 0.71) (0.34, 0.17, 0.62) #fs:  13  -- #Conts: 13 G(10)  E(3) 
   2216355 171.06 || noQ Q (Avg,Max,Min) (0.88, 1.00, 0.71) (0.36, 0.19, 0.56) #fs:  13  -- #Conts: 12 G(10)  E(2) 
   2216935 164.35 || noQ Q (Avg,Max,Min) (0.88, 1.00, 0.72) (0.38, 0.19, 0.51) #fs:  13  -- #Conts: 11 G(10)  E(1) 
   2217222 157.65 || noQ Q (Avg,Max,Min) (0.89, 1.00, 0.72) (0.41, 0.26, 0.51) #fs:  12  -- #Conts: 10 G(10) 
   2218088 155.29 || noQ Q (Avg,Max,Min) (0.91, 1.00, 0.72) (0.39, 0.19, 0.62) #fs:  12  -- #Conts: 11 G(9)  E(2) 
   2218668 148.59 || noQ Q (Avg,Max,Min) (0.92, 1.00, 0.88) (0.42, 0.19, 0.56) #fs:  12  -- #Conts: 10 G(9)  E(1) 
   2522442 146.12 || noQ Q (Avg,Max,Min) (0.91, 1.00, 0.76) (0.41, 0.08, 0.64) #fs:   9  -- #Conts: 13 G(8)  C(5) 
   2523599 142.12 || noQ Q (Avg,Max,Min) (0.92, 1.00, 0.76) (0.42, 0.08, 0.64) #fs:   9  -- #Conts: 12 G(8)  C(4) 
   2525464 140.82 || noQ Q (Avg,Max,Min) (0.92, 1.00, 0.76) (0.43, 0.08, 0.64) #fs:   9  -- #Conts: 11 G(8)  E(1)  C(2) 
   2525753 138.12 || noQ Q (Avg,Max,Min) (0.92, 1.00, 0.76) (0.44, 0.08, 0.64) #fs:   9  -- #Conts: 11 G(8)  C(3) 
   2526911 134.12 || noQ Q (Avg,Max,Min) (0.93, 1.00, 0.79) (0.46, 0.08, 0.64) #fs:   9  -- #Conts: 10 G(8)  C(2) 
   2602499 130.12 || noQ Q (Avg,Max,Min) (0.91, 1.00, 0.87) (0.48, 0.08, 0.64) #fs:   9  -- #Conts: 9 G(8)  C(1) 
   2818195 126.35 || noQ Q (Avg,Max,Min) (0.91, 1.00, 0.76) (0.46, 0.33, 0.66) #fs:   9  -- #Conts: 11 G(7)  C(4) 
   2820060 125.06 || noQ Q (Avg,Max,Min) (0.92, 1.00, 0.76) (0.47, 0.19, 0.66) #fs:   9  -- #Conts: 10 G(7)  E(1)  C(2) 
   2820349 122.35 || noQ Q (Avg,Max,Min) (0.92, 1.00, 0.76) (0.49, 0.33, 0.66) #fs:   9  -- #Conts: 10 G(7)  C(3) 
   2821507 118.35 || noQ Q (Avg,Max,Min) (0.93, 1.00, 0.84) (0.51, 0.33, 0.66) #fs:   9  -- #Conts: 9 G(7)  C(2) 
   2897094 114.35 || noQ Q (Avg,Max,Min) (0.90, 1.00, 0.87) (0.55, 0.33, 0.81) #fs:   9  -- #Conts: 8 G(7)  C(1) 
   3117918 110.35 || noQ Q (Avg,Max,Min) (0.83, 1.00, 0.79) (0.59, 0.54, 0.74) #fs:   9  -- #Conts: 7 G(7) 
   3130777 106.59 || noQ Q (Avg,Max,Min) (0.92, 1.00, 0.82) (0.54, 0.33, 0.72) #fs:   8  -- #Conts: 9 G(6)  C(3) 
   3207154 102.59 || noQ Q (Avg,Max,Min) (0.91, 1.00, 0.80) (0.58, 0.33, 0.79) #fs:   8  -- #Conts: 8 G(6)  C(2) 
   3208760 098.59 || noQ Q (Avg,Max,Min) (0.91, 1.00, 0.82) (0.62, 0.33, 0.87) #fs:   8  -- #Conts: 7 G(6)  C(1) 
   3209627 094.59 || noQ Q (Avg,Max,Min) (0.91, 0.97, 0.88) (0.69, 0.62, 0.87) #fs:   8  -- #Conts: 6 G(6) 
   3519110 090.82 || noQ Q (Avg,Max,Min) (0.93, 1.00, 0.82) (0.61, 0.33, 0.90) #fs:   4  -- #Conts: 8 G(5)  C(3) 
   3521136 086.82 || noQ Q (Avg,Max,Min) (0.94, 1.00, 0.84) (0.66, 0.33, 0.90) #fs:   4  -- #Conts: 7 G(5)  C(2) 
   3522501 082.82 || noQ Q (Avg,Max,Min) (0.94, 1.00, 0.89) (0.73, 0.33, 0.90) #fs:   4  -- #Conts: 6 G(5)  C(1) 
   4209228 080.47 || noQ Q (Avg,Max,Min) (0.92, 1.00, 0.72) (0.73, 0.33, 0.96) #fs:   4  -- #Conts: 6 G(4)  E(1)  C(1) 
   4466775 077.76 || noQ Q (Avg,Max,Min) (0.82, 1.00, 0.44) (0.77, 0.25, 0.96) #fs:   5  -- #Conts: 6 G(4)  E(1)  C(1) 
   6546332 074.76 || noQ Q (Avg,Max,Min) (0.93, 1.00, 0.69) (0.78, 0.33, 0.96) #fs:   4  -- #Conts: 7 G(4)  A(1)  E(1)  C(1) 
   9068425 073.71 || noQ Q (Avg,Max,Min) (0.95, 1.00, 0.67) (0.82, 0.66, 0.97) #fs:   4  -- #Conts: 9 G(3)  A(1)  E(2)  C(3) 
  14741081 072.71 || noQ Q (Avg,Max,Min) (0.94, 1.00, 0.67) (0.86, 0.67, 1.00) #fs:   4  -- #Conts: 8 G(3)  A(1)  E(2)  C(2) 
  25196532 071.65 || noQ Q (Avg,Max,Min) (1.00, 1.00, 1.00) (0.90, 0.75, 0.99) #fs:   0  -- #Conts: 11 G(2)  A(5)  E(3)  C(1) 
/////////////////size: 62
nodes 50 edges 108
 mulT: 500 mulD: 1  sumData GB 0
pareto /MONTAGE.n.50.0.dax time -> 5825.0
moheft /MONTAGE.n.50.0.dax time -> 681.0
distance from M to C 1.2416997459710424
distance from P to C 4.595741652250029
distance from C to M 2.5761964753664044
distance from C to P 0.8892024027747382
toCompare: /MONTAGE.n.50.0.dax sumDataGB: 0 mulT: 500 mulD: 1 paretoOptTime_MS: 5825.0 MoheftOptimizationTime_MS: 681.0 MtoC 1.2416997459710424 PtoC 4.595741652250029 CtoM 2.5761964753664044 CtoP 0.8892024027747382
