specify -Dflow d,b,mt,md,size
Running /home/vaggelis/jc/MONTAGE.n.50.0.dax mt 1000 md: 20000 size null
  10028176 630.59 || noQ Q (Avg,Max,Min) (4.56, 5.61, 1.97) (1.18, 0.55, 3.90) #fs:   8  -- #Conts: 16 H(16) 
  10055593 599.06 || noQ Q (Avg,Max,Min) (4.67, 5.61, 1.96) (1.23, 0.55, 4.12) #fs:   6  -- #Conts: 15 H(15) 
  10170466 567.53 || noQ Q (Avg,Max,Min) (4.62, 5.61, 1.93) (1.30, 0.55, 4.09) #fs:   6  -- #Conts: 14 H(14) 
  10230165 536.00 || noQ Q (Avg,Max,Min) (4.45, 5.61, 1.91) (1.40, 0.55, 4.09) #fs:   8  -- #Conts: 13 H(13) 
  10247968 504.47 || noQ Q (Avg,Max,Min) (4.35, 5.60, 1.90) (1.51, 0.55, 4.09) #fs:   8  -- #Conts: 12 H(12) 
  10345801 472.94 || noQ Q (Avg,Max,Min) (4.51, 5.61, 1.87) (1.65, 0.55, 4.09) #fs:   8  -- #Conts: 11 H(11) 
  10351200 441.41 || noQ Q (Avg,Max,Min) (4.34, 5.58, 1.87) (1.82, 1.12, 4.09) #fs:   8  -- #Conts: 10 H(10) 
  10376743 409.88 || noQ Q (Avg,Max,Min) (4.53, 5.58, 2.23) (1.98, 1.10, 4.09) #fs:   7  -- #Conts: 9 H(9) 
  10608476 378.35 || noQ Q (Avg,Max,Min) (4.37, 5.59, 2.10) (2.16, 1.11, 4.27) #fs:   8  -- #Conts: 8 H(8) 
  10731321 346.82 || noQ Q (Avg,Max,Min) (4.17, 5.55, 2.06) (2.46, 1.77, 4.27) #fs:   8  -- #Conts: 7 H(7) 
  12724535 331.06 || noQ Q (Avg,Max,Min) (3.07, 3.71, 1.66) (1.35, 0.62, 3.28) #fs:   7  -- #Conts: 13 H(1)  G(12) 
  12756080 315.29 || noQ Q (Avg,Max,Min) (3.22, 3.98, 1.66) (1.72, 1.21, 3.28) #fs:   7  -- #Conts: 10 H(3)  G(7) 
  12916831 299.53 || noQ Q (Avg,Max,Min) (3.12, 3.98, 1.62) (1.74, 1.21, 3.28) #fs:   7  -- #Conts: 10 H(2)  G(8) 
  12922690 283.76 || noQ Q (Avg,Max,Min) (3.05, 3.67, 1.62) (1.76, 1.21, 3.28) #fs:   7  -- #Conts: 10 H(1)  G(9) 
  13104647 268.00 || noQ Q (Avg,Max,Min) (3.05, 3.67, 1.59) (1.78, 1.26, 3.28) #fs:   7  -- #Conts: 10 G(10) 
  13136289 252.24 || noQ Q (Avg,Max,Min) (3.06, 3.67, 1.87) (1.92, 1.33, 3.28) #fs:   8  -- #Conts: 9 G(9) 
  13542193 236.47 || noQ Q (Avg,Max,Min) (3.11, 3.68, 1.76) (2.06, 1.25, 3.44) #fs:   7  -- #Conts: 8 G(8) 
  13744455 220.71 || noQ Q (Avg,Max,Min) (3.00, 3.66, 1.72) (2.35, 1.47, 3.44) #fs:   7  -- #Conts: 7 G(7) 
  16520063 216.94 || noQ Q (Avg,Max,Min) (1.94, 2.87, 1.20) (1.29, 0.72, 2.63) #fs:  10  -- #Conts: 17 G(1)  E(16) 
  16714615 210.24 || noQ Q (Avg,Max,Min) (1.90, 3.19, 1.20) (1.33, 0.72, 2.96) #fs:  11  -- #Conts: 17 G(1)  E(16) 
  16905754 207.88 || noQ Q (Avg,Max,Min) (1.94, 2.80, 1.16) (1.31, 0.84, 2.63) #fs:  10  -- #Conts: 17 E(17) 
  17100306 201.18 || noQ Q (Avg,Max,Min) (1.89, 3.12, 1.16) (1.35, 0.84, 2.96) #fs:  11  -- #Conts: 17 E(17) 
  19214703 187.76 || noQ Q (Avg,Max,Min) (1.82, 2.62, 1.19) (1.61, 1.07, 2.33) #fs:   8  -- #Conts: 10 E(10) 
  20586513 184.00 || noQ Q (Avg,Max,Min) (1.74, 4.20, 1.17) (1.25, 1.05, 3.28) #fs:   6  -- #Conts: 32 C(32) 
  62052206 178.00 || noQ Q (Avg,Max,Min) (1.10, 1.67, 0.60) (1.06, 0.59, 1.57) #fs:   8  -- #Conts: 32 A(30)  C(2) 
  62118711 177.00 || noQ Q (Avg,Max,Min) (1.09, 1.63, 0.60) (1.06, 0.59, 1.57) #fs:   9  -- #Conts: 32 A(31)  C(1) 
  63223100 176.00 || noQ Q (Avg,Max,Min) (1.12, 2.03, 0.60) (1.07, 0.59, 1.85) #fs:   7  -- #Conts: 33 A(31)  C(2) 
  63289605 175.00 || noQ Q (Avg,Max,Min) (1.11, 2.03, 0.60) (1.07, 0.59, 1.85) #fs:   8  -- #Conts: 33 A(32)  C(1) 
  63414254 169.00 || noQ Q (Avg,Max,Min) (1.12, 2.02, 0.60) (1.09, 0.59, 1.85) #fs:   7  -- #Conts: 34 A(34) 
  63418026 163.00 || noQ Q (Avg,Max,Min) (1.14, 2.02, 0.60) (1.11, 0.59, 1.86) #fs:   6  -- #Conts: 35 A(35) 
  63484362 157.00 || noQ Q (Avg,Max,Min) (1.16, 2.02, 0.83) (1.12, 0.82, 1.86) #fs:   5  -- #Conts: 36 A(36) 
  63538771 154.00 || noQ Q (Avg,Max,Min) (1.17, 2.02, 0.83) (1.14, 0.82, 1.86) #fs:   4  -- #Conts: 37 A(37) 
  63550754 151.00 || noQ Q (Avg,Max,Min) (1.18, 2.02, 0.83) (1.14, 0.82, 1.86) #fs:   3  -- #Conts: 38 A(38) 
  63686293 149.00 || noQ Q (Avg,Max,Min) (1.18, 2.01, 1.07) (1.15, 0.97, 1.86) #fs:   2  -- #Conts: 39 A(39) 
  72591133 148.00 || noQ Q (Avg,Max,Min) (1.17, 1.57, 1.07) (1.14, 0.98, 1.52) #fs:   1  -- #Conts: 38 A(38) 
/////////////////size: 35
  10814456 724.47 || noQ Q (Avg,Max,Min) (4.39, 5.72, 0.89) (0.88, 0.55, 4.13) #fs:  11  -- #Conts: 25 H(18)  G(1)  E(6) 
  10992110 704.00 || noQ Q (Avg,Max,Min) (4.25, 5.64, 0.86) (0.84, 0.55, 4.11) #fs:  13  -- #Conts: 24 H(16)  G(2)  E(6) 
  11086573 562.12 || noQ Q (Avg,Max,Min) (3.68, 5.64, 0.85) (1.00, 0.55, 4.08) #fs:  12  -- #Conts: 20 H(10)  G(4)  E(6) 
  11093875 530.59 || noQ Q (Avg,Max,Min) (3.67, 5.64, 0.85) (1.11, 0.56, 4.36) #fs:  12  -- #Conts: 18 H(10)  G(2)  E(6) 
  11096239 508.12 || noQ Q (Avg,Max,Min) (3.78, 5.75, 0.85) (1.21, 0.59, 4.90) #fs:  10  -- #Conts: 17 H(10)  G(1)  E(6) 
  11401107 499.06 || noQ Q (Avg,Max,Min) (3.79, 5.66, 0.85) (1.09, 0.59, 2.65) #fs:  11  -- #Conts: 17 H(10)  G(1)  E(6) 
  11464060 494.71 || noQ Q (Avg,Max,Min) (6.06, 74.59, 0.82) (1.02, 0.55, 7.14) #fs:   9  -- #Conts: 24 H(3)  G(16)  E(5) 
  11465217 478.94 || noQ Q (Avg,Max,Min) (6.18, 74.59, 0.82) (1.05, 0.55, 7.14) #fs:   9  -- #Conts: 23 H(3)  G(15)  E(5) 
  11635604 431.65 || noQ Q (Avg,Max,Min) (6.35, 74.59, 1.18) (1.13, 0.62, 7.14) #fs:  11  -- #Conts: 21 H(2)  G(14)  E(5) 
  11639766 415.88 || noQ Q (Avg,Max,Min) (6.48, 74.59, 1.18) (1.19, 0.62, 7.14) #fs:  11  -- #Conts: 20 H(2)  G(13)  E(5) 
  11667253 391.06 || noQ Q (Avg,Max,Min) (6.47, 74.59, 1.18) (1.27, 0.09, 7.14) #fs:  10  -- #Conts: 19 H(2)  G(11)  E(6) 
  11667943 359.53 || noQ Q (Avg,Max,Min) (6.81, 74.59, 1.18) (1.39, 0.09, 7.14) #fs:  10  -- #Conts: 17 H(2)  G(9)  E(6) 
  11678575 352.82 || noQ Q (Avg,Max,Min) (7.10, 74.59, 1.18) (1.47, 0.09, 7.14) #fs:  10  -- #Conts: 16 H(2)  G(9)  E(5) 
  11912962 328.00 || noQ Q (Avg,Max,Min) (2.71, 3.97, 1.18) (1.15, 0.09, 3.28) #fs:  10  -- #Conts: 16 H(1)  G(9)  E(6) 
  11923594 321.29 || noQ Q (Avg,Max,Min) (2.74, 3.97, 1.18) (1.21, 0.09, 3.28) #fs:  10  -- #Conts: 15 H(1)  G(9)  E(5) 
  12087833 318.94 || noQ Q (Avg,Max,Min) (2.58, 3.93, 1.01) (1.16, 0.05, 3.30) #fs:  11  -- #Conts: 16 H(1)  G(8)  E(7) 
  12090062 289.76 || noQ Q (Avg,Max,Min) (2.77, 3.91, 1.15) (1.30, 0.87, 3.28) #fs:  11  -- #Conts: 14 G(9)  E(5) 
  12213561 287.41 || noQ Q (Avg,Max,Min) (2.68, 3.92, 1.13) (1.23, 0.83, 3.32) #fs:  10  -- #Conts: 15 G(8)  E(7) 
  12246219 287.06 || noQ Q (Avg,Max,Min) (2.34, 3.91, 1.13) (1.05, 0.62, 3.32) #fs:  10  -- #Conts: 19 G(5)  E(14) 
  12569178 284.71 || noQ Q (Avg,Max,Min) (2.03, 3.81, 1.01) (1.03, 0.05, 3.33) #fs:  11  -- #Conts: 19 H(1)  G(2)  E(16) 
  12612041 280.35 || noQ Q (Avg,Max,Min) (2.26, 3.77, 1.08) (1.08, 0.62, 3.30) #fs:  12  -- #Conts: 18 G(5)  E(13) 
  12625966 273.65 || noQ Q (Avg,Max,Min) (2.30, 3.75, 1.08) (1.14, 0.83, 3.29) #fs:  11  -- #Conts: 17 G(5)  E(12) 
  12646105 271.29 || noQ Q (Avg,Max,Min) (2.22, 3.74, 1.08) (1.10, 0.83, 3.29) #fs:  11  -- #Conts: 18 G(4)  E(14) 
  12662514 262.24 || noQ Q (Avg,Max,Min) (2.15, 3.74, 1.08) (1.11, 0.83, 3.29) #fs:  11  -- #Conts: 18 G(3)  E(15) 
  12676221 255.53 || noQ Q (Avg,Max,Min) (2.15, 3.92, 1.07) (1.13, 0.83, 3.45) #fs:  12  -- #Conts: 17 G(3)  E(14) 
  12694906 253.18 || noQ Q (Avg,Max,Min) (2.06, 3.78, 1.07) (1.09, 0.83, 3.33) #fs:  11  -- #Conts: 18 G(2)  E(16) 
  13050808 250.47 || noQ Q (Avg,Max,Min) (2.00, 3.80, 1.03) (1.11, 0.83, 3.44) #fs:  11  -- #Conts: 18 G(2)  E(15)  C(1) 
  13238414 231.53 || noQ Q (Avg,Max,Min) (1.79, 3.74, 1.01) (1.22, 0.83, 3.44) #fs:  11  -- #Conts: 18 G(2)  E(8)  C(8) 
  13248884 231.41 || noQ Q (Avg,Max,Min) (1.67, 3.74, 0.68) (1.22, 0.59, 3.45) #fs:  11  -- #Conts: 20 G(2)  E(5)  C(13) 
  13253696 227.41 || noQ Q (Avg,Max,Min) (1.70, 3.74, 0.68) (1.26, 0.59, 3.45) #fs:  10  -- #Conts: 19 G(2)  E(5)  C(12) 
  14582036 225.06 || noQ Q (Avg,Max,Min) (1.72, 3.22, 0.84) (1.26, 0.72, 2.65) #fs:  10  -- #Conts: 19 G(2)  E(5)  C(12) 
  15732125 213.29 || noQ Q (Avg,Max,Min) (1.93, 3.31, 1.41) (1.28, 0.94, 2.45) #fs:   8  -- #Conts: 22 G(2)  E(7)  C(13) 
  15854102 210.24 || noQ Q (Avg,Max,Min) (3.66, 43.94, 1.20) (1.52, 0.94, 7.21) #fs:   4  -- #Conts: 26 G(3)  E(10)  C(13) 
  16350707 202.59 || noQ Q (Avg,Max,Min) (2.09, 3.31, 1.47) (1.35, 0.94, 3.28) #fs:   5  -- #Conts: 23 G(2)  E(9)  C(12) 
  16360903 199.88 || noQ Q (Avg,Max,Min) (2.19, 5.32, 1.47) (1.42, 0.94, 4.61) #fs:   3  -- #Conts: 26 G(2)  E(11)  C(13) 
  16452730 192.71 || noQ Q (Avg,Max,Min) (3.25, 37.83, 1.37) (1.58, 0.94, 7.69) #fs:   2  -- #Conts: 28 G(3)  E(7)  C(18) 
  16476331 190.00 || noQ Q (Avg,Max,Min) (3.21, 37.83, 1.37) (1.59, 0.94, 7.69) #fs:   2  -- #Conts: 28 G(3)  E(6)  C(19) 
  16479476 187.29 || noQ Q (Avg,Max,Min) (3.18, 37.83, 1.37) (1.60, 0.94, 7.69) #fs:   2  -- #Conts: 28 G(3)  E(5)  C(20) 
  18792712 184.65 || noQ Q (Avg,Max,Min) (2.02, 4.61, 1.37) (1.44, 0.27, 4.60) #fs:   3  -- #Conts: 28 G(2)  A(1)  E(7)  C(18) 
  20490825 176.53 || noQ Q (Avg,Max,Min) (2.24, 12.02, 1.37) (1.59, 0.94, 7.69) #fs:   2  -- #Conts: 29 G(2)  A(1)  E(5)  C(21) 
  20821086 175.24 || noQ Q (Avg,Max,Min) (2.27, 12.02, 1.37) (1.62, 0.94, 7.69) #fs:   2  -- #Conts: 28 G(2)  A(1)  E(6)  C(19) 
  25672615 175.06 || noQ Q (Avg,Max,Min) (2.07, 4.95, 1.16) (1.64, 0.94, 3.50) #fs:   2  -- #Conts: 18 G(2)  A(2)  E(7)  C(7) 
  25686470 164.35 || noQ Q (Avg,Max,Min) (2.09, 4.25, 1.16) (1.74, 0.94, 4.01) #fs:   2  -- #Conts: 17 G(2)  A(2)  E(7)  C(6) 
  27274939 154.59 || noQ Q (Avg,Max,Min) (1.55, 4.25, 1.15) (1.39, 0.99, 4.01) #fs:   1  -- #Conts: 31 G(1)  A(20)  E(2)  C(8) 
  29835326 151.88 || noQ Q (Avg,Max,Min) (1.76, 10.45, 1.15) (1.54, 0.99, 8.28) #fs:   0  -- #Conts: 32 G(1)  A(20)  E(2)  C(9) 
  36399223 148.18 || noQ Q (Avg,Max,Min) (1.57, 10.45, 1.15) (1.44, 1.11, 8.28) #fs:   0  -- #Conts: 38 G(1)  A(29)  E(1)  C(7) 
  36463644 147.18 || noQ Q (Avg,Max,Min) (1.55, 10.45, 1.15) (1.44, 1.11, 8.28) #fs:   0  -- #Conts: 38 G(1)  A(30)  E(1)  C(6) 
  52924977 146.76 || noQ Q (Avg,Max,Min) (1.35, 3.13, 1.10) (1.27, 1.05, 2.75) #fs:   1  -- #Conts: 39 G(1)  A(32)  C(6) 
  63823840 145.76 || noQ Q (Avg,Max,Min) (1.33, 3.13, 1.15) (1.27, 1.11, 2.75) #fs:   1  -- #Conts: 35 G(1)  A(29)  C(5) 
/////////////////size: 49
nodes 50 edges 108
 mulT: 1000 mulD: 20000  sumData GB 18756
pareto /MONTAGE.n.50.0.dax time -> 1719.0
moheft /MONTAGE.n.50.0.dax time -> 1607.0
distance from M to C 7.1264231573142185
distance from P to C 18.318446041245256
distance from C to M 4.483693697556228
distance from C to P 9.544526896246994
toCompare: /MONTAGE.n.50.0.dax sumDataGB: 18756 mulT: 1000 mulD: 20000 paretoOptTime_MS: 1719.0 MoheftOptimizationTime_MS: 1607.0 MtoC 7.1264231573142185 PtoC 18.318446041245256 CtoM 4.483693697556228 CtoP 9.544526896246994
