specify -Dflow d,b,mt,md,size
Running /home/vaggelis/jc/CYBERSHAKE.n.100.0.dax mt 1 md: 5000 size null
     39810 063.06 || noQ Q (Avg,Max,Min) (699.79, 760.19, 10.00) (7.63, 7.07, 8.18) #fs:   1  -- #Conts: 2 H(2) 
     63127 047.29 || noQ Q (Avg,Max,Min) (436.80, 466.97, 10.00) (7.63, 7.07, 8.19) #fs:   1  -- #Conts: 2 H(1)  G(1) 
     67401 031.53 || noQ Q (Avg,Max,Min) (411.09, 444.12, 10.00) (7.63, 7.08, 8.19) #fs:   1  -- #Conts: 2 G(2) 
    129465 015.76 || noQ Q (Avg,Max,Min) (424.29, 424.29, 10.00) (15.26, 10.00, 15.26) #fs:   0  -- #Conts: 1 G(1) 
    150557 013.41 || noQ Q (Avg,Max,Min) (183.71, 197.62, 10.00) (7.66, 7.10, 8.21) #fs:   2  -- #Conts: 2 E(2) 
    246001 010.71 || noQ Q (Avg,Max,Min) (114.16, 120.58, 10.00) (7.67, 7.10, 8.24) #fs:   1  -- #Conts: 2 E(1)  C(1) 
    259312 008.00 || noQ Q (Avg,Max,Min) (106.89, 114.78, 10.00) (7.69, 7.13, 8.24) #fs:   2  -- #Conts: 2 C(2) 
    291917 006.71 || noQ Q (Avg,Max,Min) (188.73, 188.73, 10.00) (15.30, 10.00, 15.30) #fs:   0  -- #Conts: 1 E(1) 
    504383 004.00 || noQ Q (Avg,Max,Min) (109.65, 109.65, 10.00) (15.36, 10.00, 15.36) #fs:   0  -- #Conts: 1 C(1) 
   1145995 002.00 || noQ Q (Avg,Max,Min) (24.90, 26.62, 10.00) (7.93, 7.38, 8.47) #fs:   2  -- #Conts: 2 A(2) 
   2236610 001.00 || noQ Q (Avg,Max,Min) (25.50, 25.50, 10.00) (15.84, 10.00, 15.84) #fs:   0  -- #Conts: 1 A(1) 
/////////////////size: 11
     74004 056.29 || noQ Q (Avg,Max,Min) (97.28, 741.52, 0.41) (1.91, 0.00, 15.24) #fs:   4  -- #Conts: 8 H(1)  A(5)  G(1)  C(1) 
     74033 040.53 || noQ Q (Avg,Max,Min) (107.67, 741.23, 0.41) (2.18, 0.00, 15.24) #fs:   4  -- #Conts: 7 H(1)  A(5)  C(1) 
     74077 036.53 || noQ Q (Avg,Max,Min) (124.67, 740.79, 0.31) (2.54, 0.00, 15.24) #fs:   4  -- #Conts: 6 H(1)  A(5) 
     74475 035.53 || noQ Q (Avg,Max,Min) (148.52, 736.83, 0.36) (3.05, 0.00, 15.24) #fs:   3  -- #Conts: 5 H(1)  A(4) 
     74736 034.53 || noQ Q (Avg,Max,Min) (184.46, 734.27, 0.36) (3.81, 0.00, 15.24) #fs:   3  -- #Conts: 4 H(1)  A(3) 
     74915 033.53 || noQ Q (Avg,Max,Min) (244.66, 732.52, 0.37) (5.08, 0.00, 15.24) #fs:   3  -- #Conts: 3 H(1)  A(2) 
     75132 032.53 || noQ Q (Avg,Max,Min) (365.76, 730.40, 1.11) (7.62, 0.01, 15.24) #fs:   1  -- #Conts: 2 H(1)  A(1) 
     75562 031.53 || noQ Q (Avg,Max,Min) (726.25, 726.25, 10.00) (15.24, 10.00, 15.24) #fs:   0  -- #Conts: 1 H(1) 
    126705 024.76 || noQ Q (Avg,Max,Min) (62.91, 433.51, 0.29) (2.18, 0.00, 15.26) #fs:  11  -- #Conts: 7 G(1)  A(5)  C(1) 
    126788 020.76 || noQ Q (Avg,Max,Min) (72.54, 433.23, 0.28) (2.55, 0.00, 15.26) #fs:  11  -- #Conts: 6 G(1)  A(5) 
    127283 019.76 || noQ Q (Avg,Max,Min) (86.61, 431.55, 0.30) (3.06, 0.00, 15.26) #fs:   8  -- #Conts: 5 G(1)  A(4) 
    127834 018.76 || noQ Q (Avg,Max,Min) (107.73, 429.69, 0.34) (3.82, 0.00, 15.26) #fs:   6  -- #Conts: 4 G(1)  A(3) 
    128266 017.76 || noQ Q (Avg,Max,Min) (143.01, 428.25, 0.38) (5.09, 0.00, 15.26) #fs:   5  -- #Conts: 3 G(1)  A(2) 
    129009 016.76 || noQ Q (Avg,Max,Min) (213.09, 425.79, 0.39) (7.63, 0.00, 15.26) #fs:   2  -- #Conts: 2 G(1)  A(1) 
    129465 015.76 || noQ Q (Avg,Max,Min) (424.29, 424.29, 10.00) (15.26, 10.00, 15.26) #fs:   0  -- #Conts: 1 G(1) 
    285610 015.71 || noQ Q (Avg,Max,Min) (29.65, 192.87, 0.20) (2.19, 0.00, 15.30) #fs:   4  -- #Conts: 7 A(5)  E(1)  C(1) 
    285682 011.71 || noQ Q (Avg,Max,Min) (33.21, 192.83, 0.25) (2.56, 0.00, 15.30) #fs:   5  -- #Conts: 6 A(5)  E(1) 
    286094 010.71 || noQ Q (Avg,Max,Min) (39.70, 192.55, 0.27) (3.07, 0.00, 15.30) #fs:   3  -- #Conts: 5 A(4)  E(1) 
    286690 009.71 || noQ Q (Avg,Max,Min) (48.92, 192.15, 0.29) (3.83, 0.00, 15.30) #fs:   3  -- #Conts: 4 A(3)  E(1) 
    288686 008.71 || noQ Q (Avg,Max,Min) (64.13, 190.83, 0.33) (5.11, 0.01, 15.30) #fs:   3  -- #Conts: 3 A(2)  E(1) 
    289748 007.71 || noQ Q (Avg,Max,Min) (95.25, 190.13, 0.36) (7.66, 0.01, 15.30) #fs:   2  -- #Conts: 2 A(1)  E(1) 
    291917 006.71 || noQ Q (Avg,Max,Min) (188.73, 188.73, 10.00) (15.30, 10.00, 15.30) #fs:   0  -- #Conts: 1 E(1) 
    494636 006.00 || noQ Q (Avg,Max,Min) (37.70, 111.79, 0.27) (5.13, 0.01, 15.36) #fs:   6  -- #Conts: 3 A(2)  C(1) 
    498442 005.00 || noQ Q (Avg,Max,Min) (55.64, 110.95, 0.33) (7.69, 0.01, 15.36) #fs:   2  -- #Conts: 2 A(1)  C(1) 
    504383 004.00 || noQ Q (Avg,Max,Min) (109.65, 109.65, 10.00) (15.36, 10.00, 15.36) #fs:   0  -- #Conts: 1 C(1) 
   1146691 002.00 || noQ Q (Avg,Max,Min) (25.03, 26.89, 10.00) (7.93, 7.38, 8.47) #fs:   2  -- #Conts: 2 A(2) 
   2236610 001.00 || noQ Q (Avg,Max,Min) (25.50, 25.50, 10.00) (15.84, 10.00, 15.84) #fs:   0  -- #Conts: 1 A(1) 
/////////////////size: 27
nodes 100 edges 192
 mulT: 1 mulD: 5000  sumData GB 487996
pareto /CYBERSHAKE.n.100.0.dax time -> 406.0
moheft /CYBERSHAKE.n.100.0.dax time -> 682.0
distance from M to C 1.2875374038709555
distance from P to C 0.0
distance from C to M 0.21470283036226823
distance from C to P 0.8612019262137374
toCompare: /CYBERSHAKE.n.100.0.dax sumDataGB: 487996 mulT: 1 mulD: 5000 paretoOptTime_MS: 406.0 MoheftOptimizationTime_MS: 682.0 MtoC 1.2875374038709555 PtoC 0.0 CtoM 0.21470283036226823 CtoP 0.8612019262137374
