specify -Dflow d,b,mt,md,size
Running /home/vaggelis/jc/SIPHT.n.50.0.dax mt 10 md: 5000 size null
   2058980 094.59 || noQ Q (Avg,Max,Min) (1.49, 2.15, 0.81) (0.81, 0.37, 1.19) #fs:   4  -- #Conts: 3 H(3) 
   2345376 063.06 || noQ Q (Avg,Max,Min) (2.03, 2.26, 1.80) (1.20, 1.17, 1.23) #fs:   1  -- #Conts: 2 H(2) 
   3271250 047.29 || noQ Q (Avg,Max,Min) (1.26, 1.85, 0.82) (1.05, 0.75, 1.49) #fs:   4  -- #Conts: 3 G(3) 
   5804689 046.94 || noQ Q (Avg,Max,Min) (0.96, 1.17, 0.76) (0.77, 0.63, 0.94) #fs:   7  -- #Conts: 4 E(4) 
   5821005 040.24 || noQ Q (Avg,Max,Min) (1.01, 1.20, 0.75) (0.89, 0.72, 1.04) #fs:   6  -- #Conts: 4 E(4) 
   9568997 040.00 || noQ Q (Avg,Max,Min) (0.91, 1.09, 0.66) (0.82, 0.61, 0.97) #fs:   5  -- #Conts: 5 C(5) 
  11635897 038.71 || noQ Q (Avg,Max,Min) (1.05, 1.26, 0.84) (0.85, 0.49, 1.23) #fs:   2  -- #Conts: 4 E(1)  C(3) 
  12886215 036.00 || noQ Q (Avg,Max,Min) (1.04, 1.26, 0.84) (0.93, 0.82, 1.23) #fs:   2  -- #Conts: 4 C(4) 
  14761087 032.00 || noQ Q (Avg,Max,Min) (1.13, 1.32, 1.00) (1.02, 0.80, 1.32) #fs:   1  -- #Conts: 4 C(4) 
  55073157 031.00 || noQ Q (Avg,Max,Min) (1.10, 1.32, 1.00) (1.01, 0.80, 1.32) #fs:   0  -- #Conts: 4 A(1)  C(3) 
/////////////////size: 10
   1955414 094.59 || noQ Q (Avg,Max,Min) (1.74, 1.97, 1.42) (0.79, 0.34, 1.06) #fs:   3  -- #Conts: 3 H(3) 
   2088657 078.82 || noQ Q (Avg,Max,Min) (1.52, 2.72, 0.76) (0.84, 0.35, 1.56) #fs:   3  -- #Conts: 3 H(2)  G(1) 
   2936260 047.29 || noQ Q (Avg,Max,Min) (1.34, 1.67, 1.04) (1.04, 0.71, 1.35) #fs:   6  -- #Conts: 3 G(3) 
   3374412 031.53 || noQ Q (Avg,Max,Min) (1.62, 1.74, 1.51) (1.51, 1.40, 1.63) #fs:   1  -- #Conts: 2 G(2) 
   6610478 030.47 || noQ Q (Avg,Max,Min) (1.30, 1.64, 1.00) (1.21, 0.84, 1.64) #fs:   1  -- #Conts: 4 G(1)  E(1)  C(2) 
   7020147 030.18 || noQ Q (Avg,Max,Min) (1.20, 1.62, 0.77) (1.08, 0.43, 1.62) #fs:   2  -- #Conts: 3 G(1)  A(1)  E(1) 
   7154432 029.18 || noQ Q (Avg,Max,Min) (1.45, 1.62, 1.28) (1.44, 1.27, 1.62) #fs:   1  -- #Conts: 2 G(1)  E(1) 
/////////////////size: 7
nodes 48 edges 56
 mulT: 10 mulD: 5000  sumData GB 6744
pareto /SIPHT.n.50.0.dax time -> 900.0
moheft /SIPHT.n.50.0.dax time -> 68.0
distance from M to C 0.0
distance from P to C 4.5288501408126915
distance from C to M 0.125
distance from C to P 2.430115725584922
toCompare: /SIPHT.n.50.0.dax sumDataGB: 6744 mulT: 10 mulD: 5000 paretoOptTime_MS: 900.0 MoheftOptimizationTime_MS: 68.0 MtoC 0.0 PtoC 4.5288501408126915 CtoM 0.125 CtoP 2.430115725584922
