specify -Dflow d,b,mt,md,size
Running /home/vaggelis/jc/LIGO.n.100.0.dax mt 30 md: 500 size null
   1307041 677.88 || noQ Q (Avg,Max,Min) (0.87, 1.00, 0.68) (0.27, 0.19, 0.35) #fs:  26  -- #Conts: 25 H(18)  G(7) 
   1328311 662.12 || noQ Q (Avg,Max,Min) (0.88, 1.00, 0.66) (0.28, 0.19, 0.37) #fs:  26  -- #Conts: 25 H(17)  G(8) 
   1350988 646.35 || noQ Q (Avg,Max,Min) (0.89, 1.00, 0.65) (0.28, 0.19, 0.37) #fs:  26  -- #Conts: 25 H(16)  G(9) 
   1372282 630.59 || noQ Q (Avg,Max,Min) (0.89, 1.00, 0.64) (0.29, 0.19, 0.38) #fs:  26  -- #Conts: 25 H(15)  G(10) 
   1500390 614.82 || noQ Q (Avg,Max,Min) (0.89, 1.00, 0.59) (0.29, 0.19, 0.41) #fs:  26  -- #Conts: 25 H(14)  G(11) 
   1530363 599.06 || noQ Q (Avg,Max,Min) (0.88, 1.00, 0.59) (0.30, 0.19, 0.41) #fs:  26  -- #Conts: 24 H(14)  G(10) 
   1534924 583.29 || noQ Q (Avg,Max,Min) (0.89, 1.00, 0.57) (0.31, 0.19, 0.43) #fs:  25  -- #Conts: 24 H(13)  G(11) 
   1549323 567.53 || noQ Q (Avg,Max,Min) (0.90, 1.01, 0.74) (0.32, 0.24, 0.43) #fs:  24  -- #Conts: 23 H(13)  G(10) 
   1589061 551.76 || noQ Q (Avg,Max,Min) (0.90, 1.01, 0.72) (0.33, 0.24, 0.44) #fs:  24  -- #Conts: 23 H(12)  G(11) 
   1636027 536.00 || noQ Q (Avg,Max,Min) (0.89, 1.01, 0.70) (0.33, 0.24, 0.45) #fs:  24  -- #Conts: 23 H(11)  G(12) 
   1710221 520.24 || noQ Q (Avg,Max,Min) (0.87, 1.01, 0.67) (0.34, 0.24, 0.47) #fs:  24  -- #Conts: 23 H(10)  G(13) 
   1728992 504.47 || noQ Q (Avg,Max,Min) (0.88, 1.01, 0.67) (0.35, 0.24, 0.48) #fs:  24  -- #Conts: 23 H(9)  G(14) 
   1743989 488.71 || noQ Q (Avg,Max,Min) (0.88, 1.01, 0.66) (0.36, 0.24, 0.48) #fs:  24  -- #Conts: 23 H(8)  G(15) 
   1898504 472.94 || noQ Q (Avg,Max,Min) (0.88, 1.01, 0.64) (0.37, 0.24, 0.48) #fs:  24  -- #Conts: 23 H(7)  G(16) 
   1981399 457.18 || noQ Q (Avg,Max,Min) (0.86, 1.01, 0.62) (0.38, 0.24, 0.53) #fs:  23  -- #Conts: 23 H(6)  G(17) 
   1999482 441.41 || noQ Q (Avg,Max,Min) (0.83, 1.00, 0.61) (0.39, 0.24, 0.56) #fs:  27  -- #Conts: 23 H(5)  G(18) 
   2021444 425.65 || noQ Q (Avg,Max,Min) (0.82, 1.01, 0.61) (0.40, 0.25, 0.56) #fs:  26  -- #Conts: 23 H(4)  G(19) 
   2160421 409.88 || noQ Q (Avg,Max,Min) (0.79, 1.01, 0.57) (0.41, 0.25, 0.58) #fs:  27  -- #Conts: 23 H(3)  G(20) 
   2211893 400.82 || noQ Q (Avg,Max,Min) (0.78, 1.01, 0.55) (0.42, 0.27, 0.58) #fs:  25  -- #Conts: 23 H(3)  G(19)  E(1) 
   2215936 394.12 || noQ Q (Avg,Max,Min) (0.79, 1.01, 0.55) (0.42, 0.25, 0.59) #fs:  27  -- #Conts: 23 H(2)  G(21) 
   2228457 391.76 || noQ Q (Avg,Max,Min) (0.79, 1.00, 0.55) (0.43, 0.30, 0.61) #fs:  26  -- #Conts: 23 H(3)  G(18)  E(2) 
   2240544 385.06 || noQ Q (Avg,Max,Min) (0.79, 1.01, 0.55) (0.43, 0.27, 0.59) #fs:  25  -- #Conts: 23 H(2)  G(20)  E(1) 
   2257108 376.00 || noQ Q (Avg,Max,Min) (0.80, 1.00, 0.54) (0.44, 0.30, 0.61) #fs:  26  -- #Conts: 23 H(2)  G(19)  E(2) 
   2274736 366.94 || noQ Q (Avg,Max,Min) (0.83, 1.00, 0.63) (0.44, 0.27, 0.60) #fs:  30  -- #Conts: 25 G(22)  E(3) 
   2290447 357.88 || noQ Q (Avg,Max,Min) (0.83, 1.00, 0.65) (0.45, 0.30, 0.61) #fs:  30  -- #Conts: 25 G(21)  E(4) 
   2452965 348.82 || noQ Q (Avg,Max,Min) (0.83, 1.00, 0.65) (0.47, 0.32, 0.68) #fs:  30  -- #Conts: 25 G(20)  E(5) 
   2706289 344.47 || noQ Q (Avg,Max,Min) (0.80, 1.00, 0.56) (0.47, 0.30, 0.61) #fs:  30  -- #Conts: 23 G(21)  E(2) 
   2744237 335.41 || noQ Q (Avg,Max,Min) (0.80, 1.00, 0.55) (0.48, 0.34, 0.68) #fs:  29  -- #Conts: 23 G(20)  E(3) 
   2799826 326.35 || noQ Q (Avg,Max,Min) (0.80, 1.00, 0.54) (0.50, 0.35, 0.77) #fs:  29  -- #Conts: 23 G(19)  E(4) 
   2836599 315.29 || noQ Q (Avg,Max,Min) (0.89, 1.01, 0.75) (0.59, 0.43, 0.78) #fs:  14  -- #Conts: 10 H(10) 
   3048036 299.53 || noQ Q (Avg,Max,Min) (0.89, 1.01, 0.69) (0.62, 0.46, 0.78) #fs:  12  -- #Conts: 10 H(9)  G(1) 
   3104497 283.76 || noQ Q (Avg,Max,Min) (0.88, 1.01, 0.73) (0.66, 0.53, 0.77) #fs:  14  -- #Conts: 9 H(9) 
   3242866 268.00 || noQ Q (Avg,Max,Min) (0.87, 1.01, 0.60) (0.59, 0.33, 0.80) #fs:  19  -- #Conts: 17 G(17) 
   3254459 258.94 || noQ Q (Avg,Max,Min) (0.89, 1.01, 0.60) (0.62, 0.33, 0.81) #fs:  19  -- #Conts: 17 G(16)  E(1) 
   3282912 252.24 || noQ Q (Avg,Max,Min) (0.86, 1.01, 0.60) (0.63, 0.36, 0.85) #fs:  19  -- #Conts: 16 G(16) 
   3294505 243.18 || noQ Q (Avg,Max,Min) (0.88, 1.01, 0.60) (0.66, 0.53, 0.85) #fs:  19  -- #Conts: 16 G(15)  E(1) 
   3589549 236.47 || noQ Q (Avg,Max,Min) (0.85, 1.00, 0.63) (0.67, 0.32, 0.95) #fs:  17  -- #Conts: 15 G(15) 
   3625838 220.71 || noQ Q (Avg,Max,Min) (0.90, 1.03, 0.75) (0.85, 0.69, 1.02) #fs:  10  -- #Conts: 7 H(7) 
   7094791 214.59 || noQ Q (Avg,Max,Min) (0.87, 1.00, 0.39) (0.70, 0.38, 0.81) #fs:  16  -- #Conts: 20 E(20) 
  13011126 212.00 || noQ Q (Avg,Max,Min) (0.86, 1.00, 0.63) (0.76, 0.62, 0.99) #fs:  25  -- #Conts: 25 C(25) 
  13188633 208.00 || noQ Q (Avg,Max,Min) (0.88, 1.00, 0.66) (0.76, 0.63, 0.99) #fs:  23  -- #Conts: 25 C(25) 
  13555711 204.00 || noQ Q (Avg,Max,Min) (0.89, 1.00, 0.66) (0.77, 0.63, 0.99) #fs:  23  -- #Conts: 25 C(25) 
  14247865 196.00 || noQ Q (Avg,Max,Min) (0.90, 1.00, 0.66) (0.77, 0.61, 0.99) #fs:  21  -- #Conts: 25 C(25) 
  39518824 195.00 || noQ Q (Avg,Max,Min) (1.00, 1.00, 0.92) (0.88, 0.70, 0.99) #fs:   9  -- #Conts: 44 A(44) 
  42587629 190.00 || noQ Q (Avg,Max,Min) (0.99, 1.00, 0.88) (0.91, 0.82, 0.99) #fs:  12  -- #Conts: 33 A(33) 
  49391826 186.00 || noQ Q (Avg,Max,Min) (0.99, 1.00, 0.91) (0.92, 0.84, 0.99) #fs:  11  -- #Conts: 29 A(29) 
  50327550 185.00 || noQ Q (Avg,Max,Min) (0.98, 1.00, 0.90) (0.93, 0.84, 1.00) #fs:  12  -- #Conts: 27 A(27) 
  56588251 184.00 || noQ Q (Avg,Max,Min) (0.99, 1.00, 0.91) (0.94, 0.86, 1.00) #fs:  11  -- #Conts: 23 A(23) 
  56667814 183.00 || noQ Q (Avg,Max,Min) (0.99, 1.00, 0.91) (0.94, 0.89, 1.00) #fs:  11  -- #Conts: 22 A(22) 
  60108451 181.00 || noQ Q (Avg,Max,Min) (0.98, 1.00, 0.91) (0.95, 0.89, 1.00) #fs:  11  -- #Conts: 20 A(20) 
  61887274 180.00 || noQ Q (Avg,Max,Min) (0.98, 1.00, 0.91) (0.95, 0.89, 1.00) #fs:   9  -- #Conts: 20 A(20) 
  67263069 179.00 || noQ Q (Avg,Max,Min) (0.98, 1.00, 0.91) (0.96, 0.89, 1.00) #fs:   9  -- #Conts: 19 A(19) 
  69955914 178.00 || noQ Q (Avg,Max,Min) (0.98, 1.00, 0.91) (0.96, 0.89, 1.00) #fs:   9  -- #Conts: 18 A(18) 
/////////////////size: 53
   4732928 301.53 || noQ Q (Avg,Max,Min) (0.95, 1.02, 0.65) (0.52, 0.19, 1.02) #fs:  14  -- #Conts: 17 H(4)  A(2)  G(11) 
   4790515 292.47 || noQ Q (Avg,Max,Min) (0.95, 1.02, 0.65) (0.53, 0.20, 1.02) #fs:  14  -- #Conts: 17 H(4)  A(2)  G(10)  E(1) 
   4848486 285.76 || noQ Q (Avg,Max,Min) (0.95, 1.02, 0.65) (0.55, 0.20, 1.02) #fs:  13  -- #Conts: 16 H(4)  A(2)  G(10) 
   4860093 270.00 || noQ Q (Avg,Max,Min) (0.95, 1.02, 0.65) (0.59, 0.25, 1.02) #fs:  12  -- #Conts: 15 H(4)  A(2)  G(9) 
   4975031 240.47 || noQ Q (Avg,Max,Min) (0.95, 1.02, 0.65) (0.60, 0.27, 1.02) #fs:  12  -- #Conts: 16 H(4)  A(2)  G(5)  E(5) 
   5103368 239.41 || noQ Q (Avg,Max,Min) (0.96, 1.02, 0.65) (0.60, 0.11, 1.02) #fs:  13  -- #Conts: 18 H(4)  A(2)  G(4)  E(6)  C(2) 
   5164372 236.71 || noQ Q (Avg,Max,Min) (0.96, 1.02, 0.65) (0.61, 0.11, 1.02) #fs:  12  -- #Conts: 18 H(4)  A(2)  G(4)  E(5)  C(3) 
   5208464 233.76 || noQ Q (Avg,Max,Min) (0.95, 1.02, 0.65) (0.63, 0.28, 1.02) #fs:  12  -- #Conts: 15 H(4)  A(2)  G(5)  E(4) 
   5291553 226.00 || noQ Q (Avg,Max,Min) (0.95, 1.02, 0.65) (0.65, 0.27, 1.02) #fs:  11  -- #Conts: 16 H(4)  A(2)  G(4)  E(4)  C(2) 
   5418049 219.29 || noQ Q (Avg,Max,Min) (0.94, 1.02, 0.65) (0.68, 0.37, 1.02) #fs:  12  -- #Conts: 15 H(4)  A(2)  G(4)  E(3)  C(2) 
   5438781 214.24 || noQ Q (Avg,Max,Min) (0.95, 1.02, 0.65) (0.68, 0.44, 1.02) #fs:  11  -- #Conts: 16 H(4)  A(2)  G(3)  E(4)  C(3) 
   5590636 208.59 || noQ Q (Avg,Max,Min) (0.94, 1.02, 0.65) (0.74, 0.27, 1.02) #fs:  13  -- #Conts: 13 H(4)  A(2)  G(4)  E(2)  C(1) 
   5819942 201.88 || noQ Q (Avg,Max,Min) (0.94, 1.02, 0.65) (0.79, 0.53, 1.02) #fs:  12  -- #Conts: 12 H(4)  A(2)  G(4)  E(1)  C(1) 
   5855501 197.88 || noQ Q (Avg,Max,Min) (0.93, 1.02, 0.65) (0.83, 0.63, 1.02) #fs:  11  -- #Conts: 11 H(4)  A(2)  G(4)  E(1) 
   6165302 194.12 || noQ Q (Avg,Max,Min) (0.94, 1.02, 0.65) (0.79, 0.46, 1.02) #fs:  11  -- #Conts: 13 H(4)  A(2)  G(3)  E(1)  C(3) 
   6578263 190.12 || noQ Q (Avg,Max,Min) (0.94, 1.02, 0.65) (0.83, 0.53, 1.02) #fs:  12  -- #Conts: 12 H(4)  A(2)  G(3)  E(1)  C(2) 
  11937860 189.12 || noQ Q (Avg,Max,Min) (0.92, 1.02, 0.65) (0.85, 0.63, 1.02) #fs:  12  -- #Conts: 12 H(4)  A(3)  G(3)  E(1)  C(1) 
  17834272 187.18 || noQ Q (Avg,Max,Min) (0.95, 1.02, 0.39) (0.85, 0.32, 1.02) #fs:   6  -- #Conts: 17 H(1)  A(2)  G(1)  E(8)  C(5) 
  17834431 180.47 || noQ Q (Avg,Max,Min) (1.00, 1.09, 0.83) (0.84, 0.01, 1.02) #fs:   5  -- #Conts: 18 H(1)  A(2)  G(1)  E(9)  C(5) 
  17848324 173.76 || noQ Q (Avg,Max,Min) (0.99, 1.02, 0.83) (0.89, 0.60, 1.02) #fs:   6  -- #Conts: 17 H(1)  A(2)  G(1)  E(8)  C(5) 
  24936042 173.71 || noQ Q (Avg,Max,Min) (1.00, 1.02, 0.95) (0.94, 0.76, 1.01) #fs:   6  -- #Conts: 14 H(2)  A(5)  G(2)  E(3)  C(2) 
  26146537 171.35 || noQ Q (Avg,Max,Min) (0.99, 1.02, 0.85) (0.91, 0.79, 1.02) #fs:   5  -- #Conts: 14 H(1)  A(3)  G(1)  E(4)  C(5) 
  27076060 169.35 || noQ Q (Avg,Max,Min) (0.98, 1.02, 0.78) (0.91, 0.74, 1.02) #fs:   6  -- #Conts: 14 H(1)  A(3)  G(1)  E(4)  C(5) 
  27100977 168.35 || noQ Q (Avg,Max,Min) (1.00, 1.02, 0.96) (0.93, 0.79, 1.02) #fs:   4  -- #Conts: 15 H(1)  A(4)  G(1)  E(4)  C(5) 
  33400558 167.65 || noQ Q (Avg,Max,Min) (1.00, 1.02, 0.95) (0.95, 0.90, 1.02) #fs:   4  -- #Conts: 14 H(1)  A(6)  G(1)  E(4)  C(2) 
  47990279 166.65 || noQ Q (Avg,Max,Min) (1.00, 1.02, 0.95) (0.96, 0.90, 1.02) #fs:   4  -- #Conts: 13 H(1)  A(5)  G(1)  E(4)  C(2) 
/////////////////size: 26
nodes 100 edges 123
 mulT: 30 mulD: 500  sumData GB 1428
pareto /LIGO.n.100.0.dax time -> 7295.0
moheft /LIGO.n.100.0.dax time -> 660.0
distance from M to C 1.0384615384615388
distance from P to C 27.412905553273088
distance from C to M 11.059584963138064
distance from C to P 6.479587676188854
toCompare: /LIGO.n.100.0.dax sumDataGB: 1428 mulT: 30 mulD: 500 paretoOptTime_MS: 7295.0 MoheftOptimizationTime_MS: 660.0 MtoC 1.0384615384615388 PtoC 27.412905553273088 CtoM 11.059584963138064 CtoP 6.479587676188854
