specify -Dflow d,b,mt,md,size
Running /home/vaggelis/jc/LIGO.n.50.0.dax mt 10 md: 1000 size null
    507981 362.59 || noQ Q (Avg,Max,Min) (0.89, 1.05, 0.69) (0.11, 0.08, 0.13) #fs:  12  -- #Conts: 12 H(11)  G(1) 
    513914 346.82 || noQ Q (Avg,Max,Min) (0.91, 1.05, 0.78) (0.11, 0.09, 0.13) #fs:  12  -- #Conts: 12 H(10)  G(2) 
    523982 331.06 || noQ Q (Avg,Max,Min) (0.92, 1.03, 0.83) (0.12, 0.10, 0.15) #fs:  13  -- #Conts: 12 H(9)  G(3) 
    598425 315.29 || noQ Q (Avg,Max,Min) (0.89, 1.04, 0.82) (0.12, 0.10, 0.17) #fs:  13  -- #Conts: 12 H(8)  G(4) 
    647510 299.53 || noQ Q (Avg,Max,Min) (0.87, 1.04, 0.76) (0.13, 0.10, 0.18) #fs:  13  -- #Conts: 12 H(7)  G(5) 
    681046 283.76 || noQ Q (Avg,Max,Min) (0.86, 1.01, 0.72) (0.13, 0.10, 0.18) #fs:  13  -- #Conts: 12 H(6)  G(6) 
    704822 268.00 || noQ Q (Avg,Max,Min) (0.86, 1.01, 0.69) (0.14, 0.10, 0.18) #fs:  13  -- #Conts: 12 H(5)  G(7) 
    725852 252.24 || noQ Q (Avg,Max,Min) (0.86, 1.01, 0.67) (0.15, 0.10, 0.19) #fs:  13  -- #Conts: 12 H(4)  G(8) 
    757168 236.47 || noQ Q (Avg,Max,Min) (0.86, 1.01, 0.64) (0.15, 0.10, 0.20) #fs:  13  -- #Conts: 12 H(3)  G(9) 
    790374 220.71 || noQ Q (Avg,Max,Min) (0.87, 1.01, 0.61) (0.16, 0.10, 0.21) #fs:  13  -- #Conts: 12 H(2)  G(10) 
    807180 204.94 || noQ Q (Avg,Max,Min) (0.88, 1.01, 0.70) (0.17, 0.10, 0.21) #fs:  13  -- #Conts: 12 H(1)  G(11) 
    848929 189.18 || noQ Q (Avg,Max,Min) (0.86, 1.03, 0.65) (0.17, 0.12, 0.21) #fs:  12  -- #Conts: 12 G(12) 
    960487 180.12 || noQ Q (Avg,Max,Min) (0.88, 1.03, 0.69) (0.19, 0.13, 0.27) #fs:  12  -- #Conts: 12 G(11)  E(1) 
   1020702 171.06 || noQ Q (Avg,Max,Min) (0.87, 1.01, 0.73) (0.20, 0.15, 0.28) #fs:  13  -- #Conts: 12 G(10)  E(2) 
   1122418 157.65 || noQ Q (Avg,Max,Min) (0.95, 1.05, 0.83) (0.25, 0.20, 0.31) #fs:   4  -- #Conts: 5 H(5) 
   1224830 141.88 || noQ Q (Avg,Max,Min) (0.92, 1.02, 0.81) (0.28, 0.22, 0.33) #fs:   6  -- #Conts: 5 H(4)  G(1) 
   1235181 126.12 || noQ Q (Avg,Max,Min) (0.98, 1.04, 0.93) (0.31, 0.31, 0.32) #fs:   3  -- #Conts: 4 H(4) 
   1485016 110.35 || noQ Q (Avg,Max,Min) (0.87, 1.03, 0.73) (0.30, 0.22, 0.36) #fs:   6  -- #Conts: 7 G(7) 
   1546736 094.59 || noQ Q (Avg,Max,Min) (0.92, 1.03, 0.80) (0.35, 0.31, 0.37) #fs:   5  -- #Conts: 6 G(6) 
   1849316 089.53 || noQ Q (Avg,Max,Min) (0.81, 1.01, 0.43) (0.36, 0.21, 0.46) #fs:  16  -- #Conts: 12 G(1)  E(11) 
   1854226 077.76 || noQ Q (Avg,Max,Min) (0.87, 1.01, 0.68) (0.40, 0.28, 0.47) #fs:  15  -- #Conts: 12 E(11)  C(1) 
   1877913 075.06 || noQ Q (Avg,Max,Min) (0.89, 1.01, 0.76) (0.42, 0.31, 0.48) #fs:  16  -- #Conts: 12 E(10)  C(2) 
   1958491 072.35 || noQ Q (Avg,Max,Min) (0.88, 1.00, 0.77) (0.44, 0.36, 0.54) #fs:  17  -- #Conts: 12 E(9)  C(3) 
   2096903 063.06 || noQ Q (Avg,Max,Min) (0.95, 1.03, 0.87) (0.52, 0.49, 0.56) #fs:   3  -- #Conts: 4 G(4) 
   2680485 047.29 || noQ Q (Avg,Max,Min) (0.98, 1.02, 0.92) (0.70, 0.66, 0.74) #fs:   2  -- #Conts: 3 G(3) 
   3313428 046.94 || noQ Q (Avg,Max,Min) (0.86, 1.01, 0.72) (0.66, 0.49, 0.81) #fs:   6  -- #Conts: 7 E(7) 
   3331029 044.24 || noQ Q (Avg,Max,Min) (0.89, 1.01, 0.74) (0.71, 0.55, 0.84) #fs:   8  -- #Conts: 7 E(6)  C(1) 
   3453189 040.24 || noQ Q (Avg,Max,Min) (0.91, 1.01, 0.79) (0.77, 0.69, 0.83) #fs:   5  -- #Conts: 6 E(6) 
/////////////////size: 28
   1594704 160.65 || noQ Q (Avg,Max,Min) (0.88, 1.06, 0.47) (0.21, 0.05, 0.47) #fs:   6  -- #Conts: 8 H(5)  A(3) 
   1603004 159.65 || noQ Q (Avg,Max,Min) (0.95, 1.06, 0.77) (0.24, 0.05, 0.47) #fs:   5  -- #Conts: 7 H(5)  A(2) 
   1627101 129.12 || noQ Q (Avg,Max,Min) (0.87, 1.06, 0.51) (0.24, 0.05, 0.48) #fs:   7  -- #Conts: 7 H(4)  A(3) 
   1635401 128.12 || noQ Q (Avg,Max,Min) (0.94, 1.05, 0.78) (0.27, 0.05, 0.48) #fs:   6  -- #Conts: 6 H(4)  A(2) 
   1755248 112.35 || noQ Q (Avg,Max,Min) (0.95, 1.05, 0.80) (0.28, 0.05, 0.51) #fs:   6  -- #Conts: 6 H(3)  A(2)  G(1) 
   1780101 096.59 || noQ Q (Avg,Max,Min) (0.94, 1.05, 0.80) (0.33, 0.05, 0.52) #fs:   5  -- #Conts: 5 H(3)  A(2) 
   1960472 080.82 || noQ Q (Avg,Max,Min) (0.94, 1.05, 0.67) (0.35, 0.05, 0.57) #fs:   4  -- #Conts: 5 H(2)  A(2)  G(1) 
   2158072 079.82 || noQ Q (Avg,Max,Min) (0.93, 1.05, 0.76) (0.41, 0.16, 0.63) #fs:   6  -- #Conts: 5 H(1)  A(1)  G(3) 
   2207671 070.76 || noQ Q (Avg,Max,Min) (0.94, 1.05, 0.79) (0.42, 0.15, 0.64) #fs:   6  -- #Conts: 5 H(1)  A(1)  G(2)  E(1) 
   2297499 068.06 || noQ Q (Avg,Max,Min) (0.93, 1.01, 0.79) (0.43, 0.19, 0.65) #fs:   7  -- #Conts: 5 H(1)  A(1)  G(2)  C(1) 
   2315459 064.06 || noQ Q (Avg,Max,Min) (0.92, 1.05, 0.79) (0.50, 0.42, 0.67) #fs:   6  -- #Conts: 4 H(1)  A(1)  G(2) 
   2763754 063.06 || noQ Q (Avg,Max,Min) (1.02, 1.05, 0.96) (0.51, 0.10, 0.81) #fs:   1  -- #Conts: 3 H(1)  G(2) 
   2829777 047.29 || noQ Q (Avg,Max,Min) (1.04, 1.05, 1.03) (0.76, 0.70, 0.82) #fs:   1  -- #Conts: 2 H(1)  G(1) 
   3501414 047.24 || noQ Q (Avg,Max,Min) (0.95, 1.05, 0.82) (0.49, 0.19, 1.02) #fs:   2  -- #Conts: 5 H(1)  A(1)  E(1)  C(2) 
   3517073 045.24 || noQ Q (Avg,Max,Min) (0.97, 1.05, 0.83) (0.41, 0.05, 1.02) #fs:   2  -- #Conts: 6 H(1)  A(3)  E(1)  C(1) 
   3612880 043.24 || noQ Q (Avg,Max,Min) (0.92, 1.05, 0.81) (0.58, 0.24, 1.04) #fs:   3  -- #Conts: 4 H(1)  A(1)  E(1)  C(1) 
   3747993 041.24 || noQ Q (Avg,Max,Min) (0.97, 1.05, 0.83) (0.46, 0.05, 1.04) #fs:   2  -- #Conts: 5 H(1)  A(3)  E(1) 
   3900798 039.24 || noQ Q (Avg,Max,Min) (0.93, 1.05, 0.82) (0.73, 0.52, 1.05) #fs:   2  -- #Conts: 3 H(1)  A(1)  E(1) 
   4522189 039.18 || noQ Q (Avg,Max,Min) (0.96, 1.05, 0.74) (0.59, 0.05, 1.03) #fs:   4  -- #Conts: 7 G(1)  A(2)  E(2)  C(2) 
   5536461 036.18 || noQ Q (Avg,Max,Min) (0.97, 1.05, 0.88) (0.68, 0.05, 1.03) #fs:   4  -- #Conts: 6 G(1)  A(2)  E(2)  C(1) 
   6065134 035.18 || noQ Q (Avg,Max,Min) (0.96, 1.05, 0.74) (0.69, 0.05, 1.03) #fs:   3  -- #Conts: 6 G(1)  A(2)  E(2)  C(1) 
   7084780 034.47 || noQ Q (Avg,Max,Min) (1.00, 1.04, 0.97) (0.88, 0.43, 1.01) #fs:   1  -- #Conts: 5 G(1)  E(1)  C(3) 
   7363244 033.47 || noQ Q (Avg,Max,Min) (1.00, 1.04, 0.97) (0.89, 0.53, 1.01) #fs:   1  -- #Conts: 6 G(1)  A(2)  E(1)  C(2) 
  10397744 032.47 || noQ Q (Avg,Max,Min) (1.00, 1.04, 0.97) (0.98, 0.96, 1.01) #fs:   1  -- #Conts: 5 G(1)  A(1)  E(1)  C(2) 
/////////////////size: 24
nodes 50 edges 60
 mulT: 10 mulD: 1000  sumData GB 1447
pareto /LIGO.n.50.0.dax time -> 1762.0
moheft /LIGO.n.50.0.dax time -> 178.0
distance from M to C 0.6481470523346612
distance from P to C 0.0
distance from C to M 3.290949263879451
distance from C to P 0.9633987922516866
toCompare: /LIGO.n.50.0.dax sumDataGB: 1447 mulT: 10 mulD: 1000 paretoOptTime_MS: 1762.0 MoheftOptimizationTime_MS: 178.0 MtoC 0.6481470523346612 PtoC 0.0 CtoM 3.290949263879451 CtoP 0.9633987922516866
