specify -Dflow d,b,mt,md,size
Running /home/vaggelis/jc/LIGO.n.50.0.dax mt 500 md: 500 size null
  23630559 2270.12 || noQ Q (Avg,Max,Min) (0.91, 1.00, 0.63) (0.82, 0.53, 0.97) #fs:  13  -- #Conts: 16 H(14)  G(2) 
  23630608 2238.59 || noQ Q (Avg,Max,Min) (0.91, 1.00, 0.63) (0.84, 0.53, 0.97) #fs:  13  -- #Conts: 15 H(13)  G(2) 
  24575420 2144.00 || noQ Q (Avg,Max,Min) (0.95, 1.00, 0.76) (0.88, 0.73, 0.98) #fs:   6  -- #Conts: 18 H(18) 
  25873739 2080.94 || noQ Q (Avg,Max,Min) (0.97, 1.01, 0.77) (0.90, 0.77, 1.00) #fs:   4  -- #Conts: 18 H(18) 
  31843223 2049.41 || noQ Q (Avg,Max,Min) (0.98, 1.01, 0.77) (0.90, 0.77, 1.00) #fs:   3  -- #Conts: 18 H(18) 
  37113366 1907.53 || noQ Q (Avg,Max,Min) (0.94, 1.00, 0.71) (0.88, 0.63, 1.00) #fs:  11  -- #Conts: 20 H(5)  G(15) 
  37860945 1891.76 || noQ Q (Avg,Max,Min) (0.94, 1.00, 0.67) (0.88, 0.63, 1.00) #fs:  10  -- #Conts: 20 H(4)  G(16) 
  38049947 1876.00 || noQ Q (Avg,Max,Min) (0.94, 1.00, 0.67) (0.88, 0.63, 1.00) #fs:   9  -- #Conts: 20 H(3)  G(17) 
  38885167 1860.24 || noQ Q (Avg,Max,Min) (0.94, 1.00, 0.64) (0.88, 0.63, 1.00) #fs:   9  -- #Conts: 20 H(2)  G(18) 
  40488626 1758.59 || noQ Q (Avg,Max,Min) (0.96, 1.00, 0.83) (0.91, 0.80, 1.00) #fs:   8  -- #Conts: 20 G(19)  E(1) 
  42108293 1718.35 || noQ Q (Avg,Max,Min) (0.99, 1.00, 0.89) (0.93, 0.83, 1.00) #fs:   2  -- #Conts: 20 G(20) 
  49869155 1702.59 || noQ Q (Avg,Max,Min) (0.99, 1.00, 0.89) (0.93, 0.83, 1.00) #fs:   2  -- #Conts: 19 G(19) 
  57398491 1686.82 || noQ Q (Avg,Max,Min) (0.99, 1.00, 0.89) (0.94, 0.83, 1.00) #fs:   2  -- #Conts: 17 G(17) 
  61467525 1671.06 || noQ Q (Avg,Max,Min) (1.00, 1.00, 1.00) (0.95, 0.86, 0.99) #fs:   1  -- #Conts: 17 G(17) 
  70378843 1655.29 || noQ Q (Avg,Max,Min) (1.00, 1.00, 1.00) (0.96, 0.90, 0.99) #fs:   1  -- #Conts: 16 G(16) 
  78300353 1626.71 || noQ Q (Avg,Max,Min) (1.00, 1.00, 1.00) (0.97, 0.94, 0.99) #fs:   1  -- #Conts: 15 G(12)  E(3) 
  91286998 1596.00 || noQ Q (Avg,Max,Min) (1.00, 1.00, 1.00) (0.95, 0.90, 1.00) #fs:   0  -- #Conts: 23 E(23) 
  97110439 1582.59 || noQ Q (Avg,Max,Min) (1.00, 1.00, 0.97) (0.96, 0.92, 1.00) #fs:   1  -- #Conts: 20 E(20) 
 128900767 1569.18 || noQ Q (Avg,Max,Min) (1.00, 1.00, 1.00) (0.97, 0.92, 1.00) #fs:   0  -- #Conts: 19 E(19) 
 139457461 1562.47 || noQ Q (Avg,Max,Min) (1.00, 1.00, 1.00) (0.97, 0.93, 1.00) #fs:   0  -- #Conts: 18 E(18) 
 151145262 1555.76 || noQ Q (Avg,Max,Min) (1.00, 1.00, 1.00) (0.98, 0.93, 1.00) #fs:   0  -- #Conts: 17 E(17) 
 162252905 1551.76 || noQ Q (Avg,Max,Min) (1.00, 1.00, 1.00) (0.98, 0.87, 1.00) #fs:   0  -- #Conts: 15 G(1)  E(14) 
 162803113 1542.35 || noQ Q (Avg,Max,Min) (1.00, 1.00, 1.00) (0.99, 0.96, 1.00) #fs:   0  -- #Conts: 15 E(15) 
/////////////////size: 23
  45979610 1976.59 || noQ Q (Avg,Max,Min) (1.00, 1.00, 0.89) (0.88, 0.77, 1.00) #fs:   1  -- #Conts: 24 H(14)  A(2)  G(8) 
  48981381 1960.82 || noQ Q (Avg,Max,Min) (1.00, 1.00, 0.89) (0.90, 0.77, 1.00) #fs:   1  -- #Conts: 23 H(14)  A(2)  G(7) 
  49717183 1945.06 || noQ Q (Avg,Max,Min) (1.00, 1.00, 1.00) (0.90, 0.77, 1.00) #fs:   0  -- #Conts: 22 H(13)  A(2)  G(7) 
  52718954 1929.29 || noQ Q (Avg,Max,Min) (1.00, 1.00, 1.00) (0.91, 0.78, 1.00) #fs:   0  -- #Conts: 22 H(13)  A(2)  G(7) 
  54795427 1913.53 || noQ Q (Avg,Max,Min) (1.00, 1.00, 1.00) (0.90, 0.77, 1.00) #fs:   0  -- #Conts: 21 H(12)  A(2)  G(7) 
  56003750 1897.76 || noQ Q (Avg,Max,Min) (1.00, 1.00, 1.00) (0.91, 0.77, 1.00) #fs:   0  -- #Conts: 21 H(12)  A(2)  G(7) 
  56288739 1882.00 || noQ Q (Avg,Max,Min) (1.00, 1.00, 0.92) (0.91, 0.77, 1.00) #fs:   1  -- #Conts: 20 H(11)  A(2)  G(7) 
  63103450 1866.24 || noQ Q (Avg,Max,Min) (1.00, 1.00, 1.00) (0.92, 0.78, 1.00) #fs:   0  -- #Conts: 20 H(11)  A(2)  G(7) 
  65617178 1834.71 || noQ Q (Avg,Max,Min) (1.00, 1.00, 0.92) (0.93, 0.83, 1.00) #fs:   1  -- #Conts: 17 H(9)  A(2)  G(6) 
  76266891 1827.65 || noQ Q (Avg,Max,Min) (1.00, 1.00, 0.92) (0.93, 0.83, 1.00) #fs:   1  -- #Conts: 18 H(9)  A(2)  G(6)  E(1) 
  80559063 1803.18 || noQ Q (Avg,Max,Min) (0.99, 1.00, 0.92) (0.94, 0.83, 1.00) #fs:   1  -- #Conts: 15 H(7)  A(2)  G(6) 
  83740694 1788.41 || noQ Q (Avg,Max,Min) (0.99, 1.00, 0.82) (0.91, 0.73, 1.00) #fs:   2  -- #Conts: 19 H(8)  A(3)  G(8) 
  86980666 1772.65 || noQ Q (Avg,Max,Min) (1.00, 1.00, 0.99) (0.92, 0.73, 1.00) #fs:   1  -- #Conts: 18 H(7)  A(3)  G(8) 
  95144054 1763.59 || noQ Q (Avg,Max,Min) (1.00, 1.01, 0.99) (0.86, 0.09, 1.00) #fs:   1  -- #Conts: 18 H(6)  A(3)  G(8)  E(1) 
  95385813 1760.88 || noQ Q (Avg,Max,Min) (1.00, 1.00, 0.99) (0.87, 0.16, 1.00) #fs:   1  -- #Conts: 18 H(6)  A(3)  G(8)  C(1) 
  95747541 1729.59 || noQ Q (Avg,Max,Min) (1.00, 1.02, 0.99) (0.89, 0.02, 1.00) #fs:   1  -- #Conts: 21 H(5)  A(3)  G(6)  E(7) 
  95807552 1698.06 || noQ Q (Avg,Max,Min) (1.00, 1.00, 0.99) (0.94, 0.73, 1.00) #fs:   1  -- #Conts: 20 H(4)  A(3)  G(6)  E(7) 
 103910738 1697.82 || noQ Q (Avg,Max,Min) (1.00, 1.00, 0.99) (0.94, 0.73, 1.00) #fs:   1  -- #Conts: 20 H(4)  A(3)  G(6)  E(6)  C(1) 
 106236363 1677.00 || noQ Q (Avg,Max,Min) (1.00, 1.00, 1.00) (0.94, 0.73, 1.00) #fs:   0  -- #Conts: 18 H(4)  A(3)  G(8)  E(3) 
 109726746 1660.18 || noQ Q (Avg,Max,Min) (1.00, 1.00, 1.00) (0.94, 0.73, 1.00) #fs:   0  -- #Conts: 20 H(3)  A(3)  G(8)  E(6) 
 110056968 1659.94 || noQ Q (Avg,Max,Min) (1.00, 1.00, 1.00) (0.95, 0.73, 1.00) #fs:   1  -- #Conts: 20 H(3)  A(3)  G(8)  E(5)  C(1) 
 122042313 1653.47 || noQ Q (Avg,Max,Min) (1.00, 1.00, 1.00) (0.95, 0.73, 1.00) #fs:   0  -- #Conts: 19 H(3)  A(3)  G(8)  E(5) 
 124124023 1646.12 || noQ Q (Avg,Max,Min) (1.00, 1.00, 1.00) (0.94, 0.74, 1.00) #fs:   0  -- #Conts: 16 H(2)  A(3)  G(7)  E(4) 
 130788797 1639.06 || noQ Q (Avg,Max,Min) (1.00, 1.00, 1.00) (0.95, 0.74, 1.00) #fs:   0  -- #Conts: 17 H(2)  A(3)  G(7)  E(5) 
 133586341 1629.35 || noQ Q (Avg,Max,Min) (1.00, 1.00, 1.00) (0.93, 0.73, 1.00) #fs:   1  -- #Conts: 13 G(8)  A(2)  E(2)  C(1) 
 136323916 1625.29 || noQ Q (Avg,Max,Min) (1.00, 1.00, 1.00) (0.95, 0.81, 1.00) #fs:   2  -- #Conts: 13 H(1)  G(6)  A(2)  E(3)  C(1) 
 140620892 1613.59 || noQ Q (Avg,Max,Min) (1.00, 1.00, 1.00) (0.95, 0.73, 1.00) #fs:   1  -- #Conts: 12 G(7)  A(2)  E(2)  C(1) 
 144560958 1606.53 || noQ Q (Avg,Max,Min) (1.00, 1.00, 1.00) (0.95, 0.73, 1.00) #fs:   1  -- #Conts: 12 G(6)  A(2)  E(3)  C(1) 
 145023272 1602.24 || noQ Q (Avg,Max,Min) (1.00, 1.00, 1.00) (0.97, 0.89, 1.00) #fs:   1  -- #Conts: 12 G(6)  A(2)  E(3)  C(1) 
 145173423 1601.24 || noQ Q (Avg,Max,Min) (1.00, 1.00, 1.00) (0.96, 0.74, 1.00) #fs:   1  -- #Conts: 12 G(6)  A(2)  E(3)  C(1) 
 151323407 1599.06 || noQ Q (Avg,Max,Min) (1.00, 1.00, 1.00) (0.97, 0.89, 1.00) #fs:   2  -- #Conts: 14 G(5)  A(2)  E(6)  C(1) 
 160263518 1598.82 || noQ Q (Avg,Max,Min) (1.00, 1.00, 1.00) (0.97, 0.89, 1.00) #fs:   2  -- #Conts: 14 G(5)  A(2)  E(5)  C(2) 
 168823005 1581.53 || noQ Q (Avg,Max,Min) (1.00, 1.00, 1.00) (0.99, 0.95, 1.00) #fs:   2  -- #Conts: 12 A(1)  G(6)  E(5) 
 175476564 1581.18 || noQ Q (Avg,Max,Min) (1.00, 1.00, 1.00) (0.99, 0.95, 1.00) #fs:   2  -- #Conts: 13 A(1)  G(6)  E(6) 
 183029269 1572.71 || noQ Q (Avg,Max,Min) (1.00, 1.00, 1.00) (0.96, 0.69, 1.00) #fs:   2  -- #Conts: 14 A(2)  G(6)  E(6) 
 185699214 1565.65 || noQ Q (Avg,Max,Min) (1.00, 1.00, 1.00) (0.97, 0.69, 1.00) #fs:   2  -- #Conts: 13 A(2)  G(5)  E(6) 
 200354230 1565.41 || noQ Q (Avg,Max,Min) (1.00, 1.00, 1.00) (0.97, 0.69, 1.00) #fs:   2  -- #Conts: 14 A(2)  G(5)  E(6)  C(1) 
 201091428 1564.65 || noQ Q (Avg,Max,Min) (1.00, 1.00, 1.00) (0.97, 0.63, 1.00) #fs:   2  -- #Conts: 14 A(2)  G(5)  E(7) 
 201242718 1559.24 || noQ Q (Avg,Max,Min) (1.00, 1.00, 1.00) (0.96, 0.63, 1.00) #fs:   1  -- #Conts: 13 A(2)  G(4)  E(7) 
 206906442 1559.00 || noQ Q (Avg,Max,Min) (1.00, 1.00, 1.00) (0.96, 0.63, 1.00) #fs:   1  -- #Conts: 14 A(2)  G(4)  E(7)  C(1) 
 227803540 1558.65 || noQ Q (Avg,Max,Min) (1.00, 1.00, 1.00) (0.96, 0.63, 1.00) #fs:   1  -- #Conts: 15 A(2)  G(4)  E(7)  C(2) 
 228496476 1553.82 || noQ Q (Avg,Max,Min) (1.00, 1.00, 1.00) (0.96, 0.63, 1.00) #fs:   1  -- #Conts: 13 A(2)  G(4)  E(7) 
 236325579 1553.59 || noQ Q (Avg,Max,Min) (1.00, 1.00, 1.00) (0.96, 0.63, 1.00) #fs:   1  -- #Conts: 14 A(2)  G(4)  E(7)  C(1) 
 264314350 1552.59 || noQ Q (Avg,Max,Min) (1.00, 1.00, 1.00) (0.97, 0.69, 1.00) #fs:   0  -- #Conts: 14 A(2)  G(3)  E(8)  C(1) 
 278969366 1552.35 || noQ Q (Avg,Max,Min) (1.00, 1.00, 1.00) (0.97, 0.69, 1.00) #fs:   0  -- #Conts: 15 A(2)  G(3)  E(8)  C(2) 
 283182237 1549.88 || noQ Q (Avg,Max,Min) (1.00, 1.00, 1.00) (0.92, 0.16, 1.00) #fs:   0  -- #Conts: 15 A(2)  G(3)  E(8)  C(2) 
 285153364 1546.88 || noQ Q (Avg,Max,Min) (1.00, 1.00, 1.00) (0.95, 0.69, 1.00) #fs:   0  -- #Conts: 15 A(3)  G(3)  E(8)  C(1) 
/////////////////size: 47
nodes 50 edges 60
 mulT: 500 mulD: 500  sumData GB 723
pareto /LIGO.n.50.0.dax time -> 1179.0
moheft /LIGO.n.50.0.dax time -> 769.0
distance from M to C 15.490000948290625
distance from P to C 0.0
distance from C to M 36.50472602584384
distance from C to P 0.0
toCompare: /LIGO.n.50.0.dax sumDataGB: 723 mulT: 500 mulD: 500 paretoOptTime_MS: 1179.0 MoheftOptimizationTime_MS: 769.0 MtoC 15.490000948290625 PtoC 0.0 CtoM 36.50472602584384 CtoP 0.0
