specify -Dflow d,b,mt,md,size
Running /home/vaggelis/jc/MONTAGE.n.50.0.dax mt 1 md: 500 size null
     17309 031.53 || noQ Q (Avg,Max,Min) (76.40, 76.40, 10.00) (0.37, 0.37, 0.37) #fs:   0  -- #Conts: 1 H(1) 
     29653 015.76 || noQ Q (Avg,Max,Min) (45.01, 45.01, 10.00) (0.37, 0.37, 0.37) #fs:   0  -- #Conts: 1 G(1) 
     66838 006.71 || noQ Q (Avg,Max,Min) (20.53, 20.53, 10.00) (0.38, 0.38, 0.38) #fs:   0  -- #Conts: 1 E(1) 
    115480 004.00 || noQ Q (Avg,Max,Min) (12.30, 12.30, 10.00) (0.39, 0.39, 0.39) #fs:   0  -- #Conts: 1 C(1) 
    348950 003.00 || noQ Q (Avg,Max,Min) (4.07, 4.87, 3.00) (0.25, 0.10, 0.42) #fs:   3  -- #Conts: 3 A(3) 
    388170 002.00 || noQ Q (Avg,Max,Min) (3.69, 4.19, 3.20) (0.36, 0.26, 0.45) #fs:   3  -- #Conts: 2 A(2) 
    512020 001.00 || noQ Q (Avg,Max,Min) (3.55, 3.55, 3.55) (0.50, 0.50, 0.50) #fs:   0  -- #Conts: 1 A(1) 
/////////////////size: 7
     29370 047.29 || noQ Q (Avg,Max,Min) (68.19, 112.24, 10.00) (0.19, 0.18, 0.19) #fs:   2  -- #Conts: 2 H(1)  G(1) 
     29653 015.76 || noQ Q (Avg,Max,Min) (45.01, 45.01, 10.00) (0.37, 0.37, 0.37) #fs:   0  -- #Conts: 1 G(1) 
     66838 006.71 || noQ Q (Avg,Max,Min) (20.53, 20.53, 10.00) (0.38, 0.38, 0.38) #fs:   0  -- #Conts: 1 E(1) 
    115480 004.00 || noQ Q (Avg,Max,Min) (12.30, 12.30, 10.00) (0.39, 0.39, 0.39) #fs:   0  -- #Conts: 1 C(1) 
    352433 003.00 || noQ Q (Avg,Max,Min) (3.66, 3.91, 3.27) (0.25, 0.12, 0.38) #fs:   4  -- #Conts: 3 A(3) 
    391219 002.00 || noQ Q (Avg,Max,Min) (3.81, 4.05, 3.57) (0.37, 0.30, 0.44) #fs:   3  -- #Conts: 2 A(2) 
    512020 001.00 || noQ Q (Avg,Max,Min) (3.55, 3.55, 3.55) (0.50, 0.50, 0.50) #fs:   0  -- #Conts: 1 A(1) 
/////////////////size: 7
nodes 50 edges 108
 mulT: 1 mulD: 500  sumData GB 468
pareto /MONTAGE.n.50.0.dax time -> 432.0
moheft /MONTAGE.n.50.0.dax time -> 128.0
distance from M to C 0.1439688883624741
distance from P to C 0.0
distance from C to M 0.017857142857142856
distance from C to P 0.0
toCompare: /MONTAGE.n.50.0.dax sumDataGB: 468 mulT: 1 mulD: 500 paretoOptTime_MS: 432.0 MoheftOptimizationTime_MS: 128.0 MtoC 0.1439688883624741 PtoC 0.0 CtoM 0.017857142857142856 CtoP 0.0
