specify -Dflow d,b,mt,md,size
Running /home/vaggelis/jc/MONTAGE.n.50.0.dax mt 10000 md: 10000 size null
  22025340 2144.00 || noQ Q (Avg,Max,Min) (1.14, 1.45, 0.83) (1.00, 0.61, 1.27) #fs:  17  -- #Conts: 28 H(28) 
  22034227 2112.47 || noQ Q (Avg,Max,Min) (1.16, 1.90, 0.88) (1.01, 0.61, 1.66) #fs:  16  -- #Conts: 28 H(28) 
  22724876 2049.41 || noQ Q (Avg,Max,Min) (1.14, 1.40, 0.88) (1.03, 0.61, 1.27) #fs:  16  -- #Conts: 28 H(28) 
  22747663 1986.35 || noQ Q (Avg,Max,Min) (1.13, 1.66, 0.88) (1.07, 0.62, 1.52) #fs:  16  -- #Conts: 28 H(28) 
  22768373 1954.82 || noQ Q (Avg,Max,Min) (1.13, 1.66, 0.88) (1.08, 0.79, 1.52) #fs:  16  -- #Conts: 28 H(28) 
  24911517 1891.76 || noQ Q (Avg,Max,Min) (1.12, 1.49, 0.90) (1.09, 0.83, 1.48) #fs:  14  -- #Conts: 28 H(28) 
  28322331 1828.71 || noQ Q (Avg,Max,Min) (1.19, 1.47, 0.91) (1.16, 0.86, 1.44) #fs:  11  -- #Conts: 24 H(24) 
  29866160 1797.18 || noQ Q (Avg,Max,Min) (1.20, 1.44, 0.95) (1.17, 0.90, 1.44) #fs:  10  -- #Conts: 24 H(24) 
  30854789 1734.12 || noQ Q (Avg,Max,Min) (1.27, 2.41, 0.96) (1.22, 0.73, 2.13) #fs:   5  -- #Conts: 24 H(24) 
  33613294 1702.59 || noQ Q (Avg,Max,Min) (1.23, 1.47, 0.96) (1.21, 0.96, 1.43) #fs:   5  -- #Conts: 22 H(22) 
  35422623 1686.82 || noQ Q (Avg,Max,Min) (1.06, 1.23, 0.82) (0.93, 0.75, 1.21) #fs:  17  -- #Conts: 28 G(28) 
  35438741 1671.06 || noQ Q (Avg,Max,Min) (1.08, 1.54, 0.85) (0.94, 0.78, 1.39) #fs:  16  -- #Conts: 28 G(28) 
  35991955 1655.29 || noQ Q (Avg,Max,Min) (1.09, 1.90, 0.85) (0.95, 0.78, 1.58) #fs:  15  -- #Conts: 29 G(29) 
  36055403 1639.53 || noQ Q (Avg,Max,Min) (1.10, 1.90, 0.85) (0.96, 0.78, 1.58) #fs:  14  -- #Conts: 30 G(30) 
  36058075 1623.76 || noQ Q (Avg,Max,Min) (1.11, 1.90, 0.85) (0.97, 0.78, 1.59) #fs:  13  -- #Conts: 31 G(31) 
  36096746 1608.00 || noQ Q (Avg,Max,Min) (1.12, 1.90, 0.85) (0.97, 0.79, 1.59) #fs:  12  -- #Conts: 32 G(32) 
  36127096 1592.24 || noQ Q (Avg,Max,Min) (1.13, 1.89, 0.85) (0.98, 0.79, 1.59) #fs:  11  -- #Conts: 33 G(33) 
  36134660 1576.47 || noQ Q (Avg,Max,Min) (1.14, 1.90, 0.86) (0.98, 0.79, 1.59) #fs:  10  -- #Conts: 34 G(34) 
  36213435 1560.71 || noQ Q (Avg,Max,Min) (1.15, 1.89, 1.00) (0.99, 0.86, 1.59) #fs:   9  -- #Conts: 35 G(35) 
  44089524 1544.94 || noQ Q (Avg,Max,Min) (1.13, 1.89, 0.89) (1.00, 0.85, 1.59) #fs:  10  -- #Conts: 28 G(28) 
  44097088 1529.18 || noQ Q (Avg,Max,Min) (1.14, 1.90, 0.89) (1.01, 0.85, 1.59) #fs:   9  -- #Conts: 29 G(29) 
  44175863 1513.41 || noQ Q (Avg,Max,Min) (1.15, 1.89, 0.97) (1.01, 0.94, 1.59) #fs:   8  -- #Conts: 30 G(30) 
  48407483 1497.65 || noQ Q (Avg,Max,Min) (1.15, 1.89, 0.97) (1.02, 0.96, 1.59) #fs:   8  -- #Conts: 28 G(28) 
  53522577 1481.88 || noQ Q (Avg,Max,Min) (1.14, 1.40, 0.97) (1.01, 0.96, 1.31) #fs:   7  -- #Conts: 27 G(27) 
  55951414 1477.18 || noQ Q (Avg,Max,Min) (1.13, 1.32, 0.97) (1.01, 0.96, 1.31) #fs:   8  -- #Conts: 27 G(26)  E(1) 
  56041915 1472.47 || noQ Q (Avg,Max,Min) (1.12, 1.32, 0.97) (1.01, 0.96, 1.31) #fs:   8  -- #Conts: 27 G(25)  E(2) 
  56100333 1467.76 || noQ Q (Avg,Max,Min) (1.12, 1.32, 0.97) (1.01, 0.96, 1.31) #fs:   8  -- #Conts: 27 G(24)  E(3) 
  56122424 1463.06 || noQ Q (Avg,Max,Min) (1.11, 1.32, 0.97) (1.01, 0.96, 1.31) #fs:   8  -- #Conts: 27 G(23)  E(4) 
  56302888 1458.35 || noQ Q (Avg,Max,Min) (1.11, 1.31, 0.97) (1.01, 0.96, 1.31) #fs:   8  -- #Conts: 27 G(22)  E(5) 
  56340227 1453.65 || noQ Q (Avg,Max,Min) (1.10, 1.31, 0.97) (1.01, 0.96, 1.31) #fs:   8  -- #Conts: 27 G(21)  E(6) 
  76190853 1446.47 || noQ Q (Avg,Max,Min) (1.02, 1.42, 0.58) (0.98, 0.58, 1.40) #fs:   9  -- #Conts: 31 G(1)  E(30) 
  76200789 1433.06 || noQ Q (Avg,Max,Min) (1.03, 1.42, 0.58) (0.99, 0.58, 1.40) #fs:   8  -- #Conts: 32 G(1)  E(31) 
  76239656 1428.35 || noQ Q (Avg,Max,Min) (1.03, 1.42, 0.58) (0.99, 0.58, 1.40) #fs:   9  -- #Conts: 32 E(32) 
  76240322 1421.65 || noQ Q (Avg,Max,Min) (1.03, 1.42, 0.58) (0.99, 0.58, 1.40) #fs:   8  -- #Conts: 33 E(33) 
  76290304 1386.12 || noQ Q (Avg,Max,Min) (1.05, 1.42, 0.82) (1.00, 0.78, 1.41) #fs:   7  -- #Conts: 33 G(1)  E(32) 
  76329171 1381.41 || noQ Q (Avg,Max,Min) (1.05, 1.42, 0.82) (1.00, 0.78, 1.41) #fs:   8  -- #Conts: 33 E(33) 
  76329837 1374.71 || noQ Q (Avg,Max,Min) (1.05, 1.42, 0.82) (1.01, 0.78, 1.41) #fs:   7  -- #Conts: 34 E(34) 
  76349708 1366.00 || noQ Q (Avg,Max,Min) (1.06, 1.42, 0.82) (1.01, 0.78, 1.41) #fs:   6  -- #Conts: 34 G(1)  E(33) 
  76371799 1339.18 || noQ Q (Avg,Max,Min) (1.06, 1.43, 0.82) (1.02, 0.78, 1.41) #fs:   5  -- #Conts: 35 G(1)  E(34) 
  76410666 1334.47 || noQ Q (Avg,Max,Min) (1.06, 1.43, 0.82) (1.02, 0.78, 1.41) #fs:   6  -- #Conts: 35 E(35) 
  76411332 1327.76 || noQ Q (Avg,Max,Min) (1.06, 1.43, 0.82) (1.02, 0.78, 1.41) #fs:   5  -- #Conts: 36 E(36) 
  76552263 1312.35 || noQ Q (Avg,Max,Min) (1.07, 1.42, 1.00) (1.03, 0.92, 1.41) #fs:   4  -- #Conts: 36 G(1)  E(35) 
  76591130 1307.65 || noQ Q (Avg,Max,Min) (1.07, 1.42, 1.00) (1.03, 0.92, 1.41) #fs:   5  -- #Conts: 36 E(36) 
  76591796 1300.94 || noQ Q (Avg,Max,Min) (1.07, 1.42, 1.00) (1.03, 0.92, 1.41) #fs:   4  -- #Conts: 37 E(37) 
  89622705 1294.24 || noQ Q (Avg,Max,Min) (1.09, 1.82, 1.00) (1.05, 0.92, 1.67) #fs:   2  -- #Conts: 34 E(34) 
  94454285 1287.53 || noQ Q (Avg,Max,Min) (1.09, 1.82, 1.03) (1.05, 1.00, 1.67) #fs:   1  -- #Conts: 32 E(32) 
/////////////////size: 46
  25947713 1891.76 || noQ Q (Avg,Max,Min) (1.14, 1.82, 0.74) (1.02, 0.66, 1.66) #fs:  12  -- #Conts: 32 H(15)  G(17) 
  25968423 1860.24 || noQ Q (Avg,Max,Min) (1.14, 1.82, 0.74) (1.02, 0.66, 1.67) #fs:  12  -- #Conts: 32 H(15)  G(17) 
  26016202 1828.71 || noQ Q (Avg,Max,Min) (1.14, 1.82, 0.90) (1.02, 0.80, 1.67) #fs:  12  -- #Conts: 32 H(15)  G(17) 
  28549551 1765.65 || noQ Q (Avg,Max,Min) (1.14, 1.28, 0.91) (1.00, 0.80, 1.27) #fs:  10  -- #Conts: 34 H(12)  G(22) 
  28557115 1734.12 || noQ Q (Avg,Max,Min) (1.15, 1.28, 1.00) (1.02, 0.80, 1.27) #fs:   9  -- #Conts: 35 H(12)  G(23) 
  28635890 1702.59 || noQ Q (Avg,Max,Min) (1.23, 4.16, 1.00) (1.05, 0.80, 2.47) #fs:   7  -- #Conts: 37 H(13)  G(24) 
  31139582 1686.82 || noQ Q (Avg,Max,Min) (1.16, 1.93, 0.90) (1.01, 0.72, 1.48) #fs:  10  -- #Conts: 31 H(7)  G(24) 
  31929075 1671.06 || noQ Q (Avg,Max,Min) (1.14, 1.80, 0.87) (1.02, 0.79, 1.48) #fs:  12  -- #Conts: 30 H(6)  G(24) 
  32172599 1608.00 || noQ Q (Avg,Max,Min) (1.22, 4.16, 0.99) (1.02, 0.87, 2.47) #fs:   8  -- #Conts: 33 H(3)  G(30) 
  32251374 1576.47 || noQ Q (Avg,Max,Min) (1.22, 4.16, 1.00) (1.03, 0.87, 2.47) #fs:   7  -- #Conts: 34 H(3)  G(31) 
  37072857 1551.65 || noQ Q (Avg,Max,Min) (1.20, 3.15, 1.00) (1.04, 0.87, 2.58) #fs:   7  -- #Conts: 35 H(2)  G(32)  E(1) 
  37132302 1544.94 || noQ Q (Avg,Max,Min) (1.15, 1.32, 1.00) (1.00, 0.87, 1.23) #fs:   8  -- #Conts: 33 H(2)  G(31) 
  38879300 1534.35 || noQ Q (Avg,Max,Min) (1.12, 1.91, 0.97) (1.01, 0.72, 1.60) #fs:   5  -- #Conts: 35 H(3)  G(13)  E(19) 
  38899734 1529.65 || noQ Q (Avg,Max,Min) (1.11, 1.91, 0.97) (1.01, 0.72, 1.60) #fs:   6  -- #Conts: 35 H(3)  G(12)  E(20) 
  38916228 1502.82 || noQ Q (Avg,Max,Min) (1.12, 1.91, 1.00) (1.02, 0.81, 1.60) #fs:   4  -- #Conts: 36 H(2)  G(15)  E(19) 
  38936662 1498.12 || noQ Q (Avg,Max,Min) (1.11, 1.91, 0.97) (1.02, 0.81, 1.60) #fs:   6  -- #Conts: 35 H(2)  G(13)  E(20) 
  38995003 1471.29 || noQ Q (Avg,Max,Min) (1.18, 4.16, 1.00) (1.05, 0.81, 2.47) #fs:   3  -- #Conts: 37 H(2)  G(16)  E(19) 
  39015437 1466.59 || noQ Q (Avg,Max,Min) (1.18, 4.16, 0.97) (1.05, 0.81, 2.47) #fs:   5  -- #Conts: 36 H(2)  G(14)  E(20) 
  43773301 1444.47 || noQ Q (Avg,Max,Min) (1.12, 1.90, 1.00) (1.03, 0.81, 1.59) #fs:   5  -- #Conts: 34 H(1)  G(15)  E(18) 
  43784462 1439.76 || noQ Q (Avg,Max,Min) (1.12, 1.90, 1.00) (1.02, 0.81, 1.59) #fs:   5  -- #Conts: 35 G(16)  E(19) 
  43804896 1435.06 || noQ Q (Avg,Max,Min) (1.12, 1.90, 1.00) (1.02, 0.81, 1.59) #fs:   6  -- #Conts: 35 G(15)  E(20) 
  45636049 1430.71 || noQ Q (Avg,Max,Min) (1.16, 3.15, 1.00) (1.05, 0.81, 2.58) #fs:   4  -- #Conts: 37 G(17)  E(20) 
  45656483 1426.00 || noQ Q (Avg,Max,Min) (1.16, 3.15, 1.00) (1.05, 0.81, 2.58) #fs:   5  -- #Conts: 37 G(16)  E(21) 
  47069941 1416.94 || noQ Q (Avg,Max,Min) (1.20, 4.16, 1.04) (1.07, 0.96, 2.47) #fs:   0  -- #Conts: 35 H(2)  G(14)  E(19) 
  51315829 1396.47 || noQ Q (Avg,Max,Min) (1.13, 1.90, 1.03) (1.04, 0.96, 1.59) #fs:   2  -- #Conts: 34 H(1)  G(14)  E(19) 
  51719102 1394.82 || noQ Q (Avg,Max,Min) (1.14, 1.90, 1.02) (1.04, 0.96, 1.59) #fs:   3  -- #Conts: 31 G(15)  E(16) 
  51848143 1390.12 || noQ Q (Avg,Max,Min) (1.13, 1.44, 1.05) (1.03, 0.96, 1.30) #fs:   2  -- #Conts: 33 G(16)  E(17) 
  51938175 1385.41 || noQ Q (Avg,Max,Min) (1.12, 1.44, 1.04) (1.04, 0.96, 1.30) #fs:   2  -- #Conts: 33 G(14)  E(19) 
  52701601 1381.06 || noQ Q (Avg,Max,Min) (1.13, 1.44, 1.05) (1.01, 0.25, 1.44) #fs:   2  -- #Conts: 34 G(16)  E(18) 
  52791633 1376.35 || noQ Q (Avg,Max,Min) (1.13, 1.44, 1.04) (1.02, 0.25, 1.44) #fs:   2  -- #Conts: 34 G(14)  E(20) 
  53257102 1373.65 || noQ Q (Avg,Max,Min) (1.12, 1.44, 1.04) (1.02, 0.38, 1.44) #fs:   2  -- #Conts: 34 G(14)  E(19)  C(1) 
  53689622 1361.88 || noQ Q (Avg,Max,Min) (1.12, 1.63, 1.04) (1.04, 0.97, 1.53) #fs:   1  -- #Conts: 36 G(12)  E(24) 
  53708794 1357.18 || noQ Q (Avg,Max,Min) (1.12, 1.63, 1.05) (1.04, 0.97, 1.53) #fs:   1  -- #Conts: 35 G(11)  E(24) 
  57106084 1354.82 || noQ Q (Avg,Max,Min) (1.16, 3.15, 1.05) (1.07, 0.97, 2.58) #fs:   1  -- #Conts: 37 G(12)  E(25) 
  58294555 1354.12 || noQ Q (Avg,Max,Min) (1.17, 4.16, 1.05) (1.07, 0.97, 2.47) #fs:   0  -- #Conts: 35 H(1)  G(6)  E(28) 
  58352973 1349.41 || noQ Q (Avg,Max,Min) (1.17, 4.16, 1.05) (1.07, 0.97, 2.47) #fs:   0  -- #Conts: 35 H(1)  G(5)  E(29) 
  58375064 1344.71 || noQ Q (Avg,Max,Min) (1.16, 4.16, 1.05) (1.07, 0.97, 2.47) #fs:   0  -- #Conts: 35 H(1)  G(4)  E(30) 
  63174456 1324.59 || noQ Q (Avg,Max,Min) (1.14, 3.15, 1.05) (1.08, 0.97, 2.58) #fs:   0  -- #Conts: 36 G(6)  E(30) 
  63196547 1319.88 || noQ Q (Avg,Max,Min) (1.14, 3.15, 1.05) (1.08, 0.97, 2.58) #fs:   0  -- #Conts: 36 G(5)  E(31) 
  65023320 1317.18 || noQ Q (Avg,Max,Min) (1.13, 3.15, 1.00) (1.07, 0.85, 2.58) #fs:   1  -- #Conts: 38 G(5)  E(33) 
  72438812 1312.47 || noQ Q (Avg,Max,Min) (1.09, 1.82, 1.00) (1.04, 0.85, 1.67) #fs:   1  -- #Conts: 37 G(4)  E(33) 
  74848236 1311.29 || noQ Q (Avg,Max,Min) (1.11, 2.84, 1.02) (1.05, 0.98, 1.93) #fs:   0  -- #Conts: 36 G(2)  E(32)  C(2) 
  75701694 1302.24 || noQ Q (Avg,Max,Min) (1.12, 2.92, 1.02) (1.06, 0.25, 2.85) #fs:   0  -- #Conts: 37 G(2)  E(33)  C(2) 
  76167163 1299.53 || noQ Q (Avg,Max,Min) (1.12, 2.92, 1.02) (1.06, 0.38, 2.85) #fs:   0  -- #Conts: 37 G(2)  E(32)  C(3) 
  79962261 1297.53 || noQ Q (Avg,Max,Min) (1.11, 2.92, 1.02) (1.07, 0.72, 2.85) #fs:   0  -- #Conts: 37 G(2)  A(1)  E(32)  C(2) 
  85881819 1294.82 || noQ Q (Avg,Max,Min) (1.08, 1.82, 1.00) (1.04, 0.85, 1.67) #fs:   1  -- #Conts: 38 G(1)  E(35)  C(2) 
  89737565 1292.47 || noQ Q (Avg,Max,Min) (1.09, 1.82, 1.02) (1.04, 0.98, 1.67) #fs:   1  -- #Conts: 36 E(34)  C(2) 
  90689004 1292.35 || noQ Q (Avg,Max,Min) (1.09, 1.82, 1.00) (1.04, 0.85, 1.67) #fs:   0  -- #Conts: 36 G(1)  E(34)  C(1) 
  94544750 1290.00 || noQ Q (Avg,Max,Min) (1.09, 1.82, 1.03) (1.05, 0.98, 1.67) #fs:   0  -- #Conts: 34 E(33)  C(1) 
 108605274 1289.88 || noQ Q (Avg,Max,Min) (1.09, 1.82, 1.00) (1.05, 0.85, 1.67) #fs:   0  -- #Conts: 31 G(1)  E(30) 
 112461020 1287.53 || noQ Q (Avg,Max,Min) (1.10, 1.82, 1.04) (1.05, 1.00, 1.67) #fs:   0  -- #Conts: 29 E(29) 
/////////////////size: 51
nodes 50 edges 108
 mulT: 10000 mulD: 10000  sumData GB 9378
pareto /MONTAGE.n.50.0.dax time -> 2971.0
moheft /MONTAGE.n.50.0.dax time -> 1149.0
distance from M to C 0.35294117647058826
distance from P to C 13.883203688328035
distance from C to M 10.043134453523582
distance from C to P 21.122200805466615
toCompare: /MONTAGE.n.50.0.dax sumDataGB: 9378 mulT: 10000 mulD: 10000 paretoOptTime_MS: 2971.0 MoheftOptimizationTime_MS: 1149.0 MtoC 0.35294117647058826 PtoC 13.883203688328035 CtoM 10.043134453523582 CtoP 21.122200805466615
