specify -Dflow d,b,mt,md,size
Running /home/vaggelis/jc/LIGO.n.50.0.dax mt 500 md: 10000 size null
  23904284 2238.59 || noQ Q (Avg,Max,Min) (0.92, 1.02, 0.62) (0.85, 0.54, 0.97) #fs:  17  -- #Conts: 15 H(13)  G(2) 
  24840333 2144.00 || noQ Q (Avg,Max,Min) (0.96, 1.03, 0.76) (0.89, 0.74, 0.99) #fs:   9  -- #Conts: 18 H(18) 
  26131113 2112.47 || noQ Q (Avg,Max,Min) (0.98, 1.10, 0.78) (0.91, 0.78, 1.04) #fs:   4  -- #Conts: 18 H(18) 
  26133493 2080.94 || noQ Q (Avg,Max,Min) (0.99, 1.10, 0.78) (0.91, 0.78, 1.04) #fs:   4  -- #Conts: 18 H(18) 
  32110824 2049.41 || noQ Q (Avg,Max,Min) (1.00, 1.10, 0.78) (0.92, 0.78, 1.04) #fs:   3  -- #Conts: 18 H(18) 
  32546605 2033.65 || noQ Q (Avg,Max,Min) (0.95, 1.02, 0.70) (0.88, 0.67, 1.00) #fs:  14  -- #Conts: 21 H(10)  G(11) 
  36786414 2017.88 || noQ Q (Avg,Max,Min) (0.94, 1.02, 0.70) (0.87, 0.64, 1.00) #fs:  14  -- #Conts: 21 H(6)  G(15) 
  37410394 2002.12 || noQ Q (Avg,Max,Min) (0.94, 1.02, 0.69) (0.87, 0.64, 1.00) #fs:  14  -- #Conts: 21 H(5)  G(16) 
  38134994 1986.35 || noQ Q (Avg,Max,Min) (0.93, 1.02, 0.68) (0.87, 0.64, 1.00) #fs:  14  -- #Conts: 21 H(4)  G(17) 
  38335239 1970.59 || noQ Q (Avg,Max,Min) (0.93, 1.02, 0.67) (0.87, 0.64, 1.00) #fs:  14  -- #Conts: 21 H(3)  G(18) 
  40652138 1876.00 || noQ Q (Avg,Max,Min) (0.94, 1.02, 0.59) (0.88, 0.53, 1.00) #fs:  14  -- #Conts: 21 H(1)  G(20) 
  40762351 1774.35 || noQ Q (Avg,Max,Min) (0.96, 1.01, 0.80) (0.90, 0.78, 1.00) #fs:  13  -- #Conts: 21 G(20)  E(1) 
  42370826 1734.12 || noQ Q (Avg,Max,Min) (0.99, 1.02, 0.84) (0.93, 0.81, 1.01) #fs:   6  -- #Conts: 20 G(20) 
  48936917 1718.35 || noQ Q (Avg,Max,Min) (0.99, 1.02, 0.84) (0.94, 0.84, 1.01) #fs:   6  -- #Conts: 19 G(19) 
  58394739 1702.59 || noQ Q (Avg,Max,Min) (0.99, 1.02, 0.84) (0.94, 0.84, 1.01) #fs:   6  -- #Conts: 17 G(17) 
  59700062 1686.82 || noQ Q (Avg,Max,Min) (1.01, 1.04, 0.99) (0.94, 0.80, 1.01) #fs:   1  -- #Conts: 18 G(18) 
  61741282 1671.06 || noQ Q (Avg,Max,Min) (1.01, 1.04, 0.99) (0.96, 0.90, 1.01) #fs:   1  -- #Conts: 17 G(17) 
  70653452 1655.29 || noQ Q (Avg,Max,Min) (1.01, 1.04, 1.00) (0.96, 0.90, 1.01) #fs:   1  -- #Conts: 16 G(16) 
  78574232 1626.71 || noQ Q (Avg,Max,Min) (1.01, 1.04, 1.00) (0.98, 0.92, 1.01) #fs:   1  -- #Conts: 15 G(12)  E(3) 
  92589061 1589.06 || noQ Q (Avg,Max,Min) (1.00, 1.01, 1.00) (0.96, 0.91, 1.00) #fs:   0  -- #Conts: 23 E(22)  C(1) 
 116521462 1582.59 || noQ Q (Avg,Max,Min) (1.00, 1.01, 1.00) (0.97, 0.89, 1.00) #fs:   0  -- #Conts: 21 E(21) 
 128002717 1569.18 || noQ Q (Avg,Max,Min) (1.00, 1.01, 1.00) (0.97, 0.89, 1.00) #fs:   0  -- #Conts: 20 E(20) 
 131560697 1562.47 || noQ Q (Avg,Max,Min) (1.00, 1.01, 1.00) (0.97, 0.89, 1.00) #fs:   0  -- #Conts: 19 E(19) 
 152070394 1555.76 || noQ Q (Avg,Max,Min) (1.00, 1.01, 1.00) (0.98, 0.94, 1.00) #fs:   1  -- #Conts: 16 E(16) 
 163081106 1542.35 || noQ Q (Avg,Max,Min) (1.00, 1.01, 1.00) (0.99, 0.96, 1.00) #fs:   1  -- #Conts: 15 E(15) 
/////////////////size: 25
  46423926 1976.59 || noQ Q (Avg,Max,Min) (1.00, 1.03, 0.90) (0.89, 0.77, 1.03) #fs:   1  -- #Conts: 24 H(14)  A(2)  G(8) 
  49426203 1960.82 || noQ Q (Avg,Max,Min) (1.00, 1.03, 0.90) (0.90, 0.79, 1.03) #fs:   1  -- #Conts: 23 H(14)  A(2)  G(7) 
  49976803 1945.06 || noQ Q (Avg,Max,Min) (1.01, 1.03, 1.00) (0.90, 0.77, 1.03) #fs:   0  -- #Conts: 22 H(13)  A(2)  G(7) 
  52979080 1929.29 || noQ Q (Avg,Max,Min) (1.01, 1.03, 1.00) (0.91, 0.79, 1.03) #fs:   0  -- #Conts: 22 H(13)  A(2)  G(7) 
  55055389 1913.53 || noQ Q (Avg,Max,Min) (1.01, 1.03, 1.00) (0.91, 0.77, 1.03) #fs:   0  -- #Conts: 21 H(12)  A(2)  G(7) 
  56263712 1897.76 || noQ Q (Avg,Max,Min) (1.01, 1.03, 1.00) (0.92, 0.77, 1.03) #fs:   0  -- #Conts: 21 H(12)  A(2)  G(7) 
  56548643 1882.00 || noQ Q (Avg,Max,Min) (1.00, 1.03, 0.92) (0.92, 0.77, 1.03) #fs:   1  -- #Conts: 20 H(11)  A(2)  G(7) 
  63363412 1866.24 || noQ Q (Avg,Max,Min) (1.01, 1.03, 1.00) (0.93, 0.79, 1.03) #fs:   0  -- #Conts: 20 H(11)  A(2)  G(7) 
  70046816 1834.71 || noQ Q (Avg,Max,Min) (1.01, 1.03, 1.00) (0.94, 0.84, 1.03) #fs:   0  -- #Conts: 17 H(8)  A(2)  G(7) 
  73143039 1818.94 || noQ Q (Avg,Max,Min) (1.00, 1.03, 0.92) (0.95, 0.84, 1.03) #fs:   1  -- #Conts: 16 H(8)  A(2)  G(6) 
  80818226 1803.18 || noQ Q (Avg,Max,Min) (1.00, 1.03, 0.92) (0.95, 0.84, 1.03) #fs:   1  -- #Conts: 15 H(7)  A(2)  G(6) 
  84034510 1788.41 || noQ Q (Avg,Max,Min) (1.00, 1.03, 0.82) (0.92, 0.73, 1.03) #fs:   2  -- #Conts: 19 H(8)  A(3)  G(8) 
  87242710 1772.65 || noQ Q (Avg,Max,Min) (1.01, 1.03, 0.99) (0.93, 0.73, 1.03) #fs:   1  -- #Conts: 18 H(7)  A(3)  G(8) 
  95753981 1756.88 || noQ Q (Avg,Max,Min) (1.01, 1.03, 0.99) (0.92, 0.73, 1.03) #fs:   1  -- #Conts: 17 H(6)  A(3)  G(8) 
  96053100 1729.59 || noQ Q (Avg,Max,Min) (1.03, 1.48, 0.99) (0.90, 0.04, 1.04) #fs:   1  -- #Conts: 21 H(5)  A(3)  G(6)  E(7) 
  96087961 1698.06 || noQ Q (Avg,Max,Min) (1.01, 1.06, 0.99) (0.94, 0.73, 1.04) #fs:   1  -- #Conts: 20 H(4)  A(3)  G(6)  E(7) 
 104205101 1697.82 || noQ Q (Avg,Max,Min) (1.01, 1.06, 0.99) (0.95, 0.73, 1.04) #fs:   1  -- #Conts: 20 H(4)  A(3)  G(6)  E(6)  C(1) 
 106519032 1677.00 || noQ Q (Avg,Max,Min) (1.01, 1.06, 1.00) (0.95, 0.73, 1.04) #fs:   0  -- #Conts: 18 H(4)  A(3)  G(8)  E(3) 
 110007155 1660.18 || noQ Q (Avg,Max,Min) (1.01, 1.06, 1.00) (0.95, 0.73, 1.04) #fs:   0  -- #Conts: 20 H(3)  A(3)  G(8)  E(6) 
 110378285 1659.94 || noQ Q (Avg,Max,Min) (1.01, 1.06, 1.00) (0.95, 0.73, 1.04) #fs:   1  -- #Conts: 20 H(3)  A(3)  G(8)  E(5)  C(1) 
 122327470 1653.47 || noQ Q (Avg,Max,Min) (1.01, 1.06, 1.00) (0.96, 0.73, 1.04) #fs:   0  -- #Conts: 19 H(3)  A(3)  G(8)  E(5) 
 124401675 1646.12 || noQ Q (Avg,Max,Min) (1.01, 1.06, 1.00) (0.95, 0.74, 1.04) #fs:   0  -- #Conts: 16 H(2)  A(3)  G(7)  E(4) 
 131073668 1639.06 || noQ Q (Avg,Max,Min) (1.01, 1.06, 1.00) (0.95, 0.74, 1.04) #fs:   0  -- #Conts: 17 H(2)  A(3)  G(7)  E(5) 
 133762609 1629.35 || noQ Q (Avg,Max,Min) (1.00, 1.01, 1.00) (0.93, 0.73, 1.00) #fs:   1  -- #Conts: 13 G(8)  A(2)  E(2)  C(1) 
 136582970 1611.53 || noQ Q (Avg,Max,Min) (1.00, 1.01, 1.00) (0.98, 0.89, 1.00) #fs:   2  -- #Conts: 12 H(1)  G(5)  A(2)  E(3)  C(1) 
 144737226 1606.53 || noQ Q (Avg,Max,Min) (1.00, 1.01, 1.00) (0.96, 0.73, 1.00) #fs:   1  -- #Conts: 12 G(6)  A(2)  E(3)  C(1) 
 145199540 1602.24 || noQ Q (Avg,Max,Min) (1.00, 1.01, 1.00) (0.98, 0.89, 1.00) #fs:   1  -- #Conts: 12 G(6)  A(2)  E(3)  C(1) 
 145349691 1601.24 || noQ Q (Avg,Max,Min) (1.00, 1.01, 1.00) (0.96, 0.74, 1.00) #fs:   1  -- #Conts: 12 G(6)  A(2)  E(3)  C(1) 
 151587014 1599.06 || noQ Q (Avg,Max,Min) (1.00, 1.01, 1.00) (0.97, 0.89, 1.00) #fs:   2  -- #Conts: 14 G(5)  A(2)  E(6)  C(1) 
 160527531 1598.82 || noQ Q (Avg,Max,Min) (1.00, 1.01, 1.00) (0.97, 0.89, 1.00) #fs:   2  -- #Conts: 14 G(5)  A(2)  E(5)  C(2) 
 169112218 1581.53 || noQ Q (Avg,Max,Min) (1.00, 1.01, 1.00) (0.99, 0.95, 1.01) #fs:   2  -- #Conts: 12 A(1)  G(6)  E(5) 
 175765395 1581.18 || noQ Q (Avg,Max,Min) (1.00, 1.01, 1.00) (0.99, 0.95, 1.01) #fs:   2  -- #Conts: 13 A(1)  G(6)  E(6) 
 183548737 1579.41 || noQ Q (Avg,Max,Min) (1.01, 1.12, 1.00) (0.90, 0.10, 1.01) #fs:   2  -- #Conts: 15 A(2)  G(6)  E(7) 
 183790496 1576.71 || noQ Q (Avg,Max,Min) (1.01, 1.07, 1.00) (0.91, 0.17, 1.01) #fs:   2  -- #Conts: 15 A(2)  G(6)  E(6)  C(1) 
 185761623 1573.71 || noQ Q (Avg,Max,Min) (1.00, 1.02, 1.00) (0.95, 0.69, 1.01) #fs:   2  -- #Conts: 15 A(3)  G(6)  E(6) 
 185991405 1565.65 || noQ Q (Avg,Max,Min) (1.00, 1.01, 1.00) (0.97, 0.69, 1.01) #fs:   2  -- #Conts: 13 A(2)  G(5)  E(6) 
 200652737 1565.41 || noQ Q (Avg,Max,Min) (1.00, 1.01, 1.00) (0.97, 0.69, 1.01) #fs:   2  -- #Conts: 14 A(2)  G(5)  E(6)  C(1) 
 201391953 1564.65 || noQ Q (Avg,Max,Min) (1.00, 1.01, 1.00) (0.97, 0.64, 1.01) #fs:   2  -- #Conts: 14 A(2)  G(5)  E(7) 
 201536266 1559.24 || noQ Q (Avg,Max,Min) (1.00, 1.01, 1.00) (0.97, 0.64, 1.01) #fs:   1  -- #Conts: 13 A(2)  G(4)  E(7) 
 207198561 1559.00 || noQ Q (Avg,Max,Min) (1.00, 1.01, 1.00) (0.97, 0.64, 1.01) #fs:   1  -- #Conts: 14 A(2)  G(4)  E(7)  C(1) 
 228101249 1558.65 || noQ Q (Avg,Max,Min) (1.00, 1.01, 1.00) (0.97, 0.64, 1.01) #fs:   1  -- #Conts: 15 A(2)  G(4)  E(7)  C(2) 
 228794185 1553.82 || noQ Q (Avg,Max,Min) (1.00, 1.01, 1.00) (0.97, 0.64, 1.01) #fs:   1  -- #Conts: 13 A(2)  G(4)  E(7) 
 236624086 1553.59 || noQ Q (Avg,Max,Min) (1.00, 1.01, 1.00) (0.97, 0.64, 1.01) #fs:   1  -- #Conts: 14 A(2)  G(4)  E(7)  C(1) 
 264576301 1552.59 || noQ Q (Avg,Max,Min) (1.00, 1.01, 1.00) (0.97, 0.69, 1.01) #fs:   0  -- #Conts: 14 A(2)  G(3)  E(8)  C(1) 
 279237633 1552.35 || noQ Q (Avg,Max,Min) (1.00, 1.01, 1.00) (0.97, 0.69, 1.01) #fs:   0  -- #Conts: 15 A(2)  G(3)  E(8)  C(2) 
 283488244 1549.88 || noQ Q (Avg,Max,Min) (1.01, 1.07, 1.00) (0.92, 0.17, 1.01) #fs:   0  -- #Conts: 15 A(2)  G(3)  E(8)  C(2) 
 285459371 1546.88 || noQ Q (Avg,Max,Min) (1.00, 1.02, 1.00) (0.96, 0.69, 1.01) #fs:   0  -- #Conts: 15 A(3)  G(3)  E(8)  C(1) 
 326186053 1546.12 || noQ Q (Avg,Max,Min) (1.00, 1.02, 0.94) (0.94, 0.72, 1.00) #fs:   1  -- #Conts: 15 A(4)  E(9)  C(2) 
 362163132 1544.24 || noQ Q (Avg,Max,Min) (1.00, 1.02, 0.94) (0.95, 0.72, 1.00) #fs:   1  -- #Conts: 14 A(4)  E(8)  C(2) 
/////////////////size: 49
nodes 50 edges 60
 mulT: 500 mulD: 10000  sumData GB 14479
pareto /LIGO.n.50.0.dax time -> 1195.0
moheft /LIGO.n.50.0.dax time -> 646.0
distance from M to C 17.924393303762034
distance from P to C 0.0
distance from C to M 41.422561318890104
distance from C to P 0.0
toCompare: /LIGO.n.50.0.dax sumDataGB: 14479 mulT: 500 mulD: 10000 paretoOptTime_MS: 1195.0 MoheftOptimizationTime_MS: 646.0 MtoC 17.924393303762034 PtoC 0.0 CtoM 41.422561318890104 CtoP 0.0
