specify -Dflow d,b,mt,md,size
Running /home/vaggelis/jc/CYBERSHAKE.n.100.0.dax mt 5000 md: 20000 size null
 193438075 3473.24 || noQ Q (Avg,Max,Min) (1.05, 1.61, 0.05) (0.81, 0.03, 1.61) #fs:   3  -- #Conts: 5 H(4)  A(1) 
 193546070 3441.71 || noQ Q (Avg,Max,Min) (1.05, 1.61, 0.05) (1.00, 0.05, 1.61) #fs:   3  -- #Conts: 4 H(3)  A(1) 
 193612663 3410.18 || noQ Q (Avg,Max,Min) (1.05, 1.64, 0.08) (0.84, 0.07, 1.64) #fs:   2  -- #Conts: 5 H(4)  A(1) 
 195348005 3378.65 || noQ Q (Avg,Max,Min) (1.06, 1.65, 0.08) (0.94, 0.07, 1.65) #fs:   2  -- #Conts: 5 H(4)  A(1) 
 293292585 2995.29 || noQ Q (Avg,Max,Min) (2.40, 12.21, 0.38) (1.89, 0.05, 11.85) #fs:   2  -- #Conts: 16 H(2)  G(14) 
 293554072 2979.53 || noQ Q (Avg,Max,Min) (2.40, 12.21, 0.38) (1.89, 0.05, 11.85) #fs:   2  -- #Conts: 16 H(1)  G(15) 
 300950413 2963.76 || noQ Q (Avg,Max,Min) (2.10, 7.54, 0.38) (1.62, 0.05, 7.52) #fs:   2  -- #Conts: 16 G(16) 
 383859427 2749.41 || noQ Q (Avg,Max,Min) (2.93, 5.08, 0.70) (2.80, 0.17, 5.08) #fs:   4  -- #Conts: 24 E(24) 
/////////////////size: 8
 287105123 2926.18 || noQ Q (Avg,Max,Min) (8.34, 27.65, 1.00) (6.08, 0.88, 16.94) #fs:   3  -- #Conts: 14 H(3)  G(2)  A(5)  E(4) 
 287153954 2925.18 || noQ Q (Avg,Max,Min) (8.27, 27.65, 1.00) (6.09, 0.88, 16.95) #fs:   3  -- #Conts: 14 H(3)  G(2)  A(5)  E(4) 
 287201344 2923.18 || noQ Q (Avg,Max,Min) (8.17, 27.06, 1.00) (6.09, 0.88, 16.96) #fs:   3  -- #Conts: 14 H(3)  G(2)  A(5)  E(4) 
 287226623 2921.18 || noQ Q (Avg,Max,Min) (7.24, 26.81, 1.00) (5.44, 0.79, 16.96) #fs:   2  -- #Conts: 16 H(3)  G(2)  A(7)  E(4) 
 287241816 2908.41 || noQ Q (Avg,Max,Min) (7.23, 26.77, 1.00) (5.43, 0.79, 16.97) #fs:   1  -- #Conts: 16 H(3)  G(2)  A(7)  E(4) 
 287327908 2907.41 || noQ Q (Avg,Max,Min) (7.61, 26.72, 1.00) (5.74, 0.85, 16.98) #fs:   1  -- #Conts: 15 H(3)  G(2)  A(6)  E(4) 
 287338037 2906.41 || noQ Q (Avg,Max,Min) (7.54, 26.22, 1.00) (5.74, 0.85, 16.98) #fs:   1  -- #Conts: 15 H(3)  G(2)  A(6)  E(4) 
 287375174 2904.41 || noQ Q (Avg,Max,Min) (7.97, 26.00, 1.00) (6.09, 0.85, 16.98) #fs:   1  -- #Conts: 14 H(3)  G(2)  A(5)  E(4) 
 287466331 2903.41 || noQ Q (Avg,Max,Min) (7.93, 26.00, 1.00) (6.09, 0.85, 17.00) #fs:   1  -- #Conts: 14 H(3)  G(2)  A(5)  E(4) 
 287471395 2902.41 || noQ Q (Avg,Max,Min) (7.86, 25.50, 1.00) (6.09, 0.85, 17.00) #fs:   1  -- #Conts: 14 H(3)  G(2)  A(5)  E(4) 
 287511909 2900.41 || noQ Q (Avg,Max,Min) (7.82, 25.29, 1.00) (6.09, 0.81, 17.01) #fs:   1  -- #Conts: 14 H(3)  G(2)  A(5)  E(4) 
 287564280 2899.41 || noQ Q (Avg,Max,Min) (7.32, 25.11, 1.00) (5.75, 0.79, 17.01) #fs:   2  -- #Conts: 15 H(3)  G(2)  A(6)  E(4) 
 287632742 2897.59 || noQ Q (Avg,Max,Min) (5.12, 24.20, 0.96) (4.16, 0.21, 17.02) #fs:   4  -- #Conts: 17 H(2)  G(3)  A(8)  E(4) 
 287658764 2891.88 || noQ Q (Avg,Max,Min) (5.37, 24.20, 0.96) (4.37, 0.21, 17.02) #fs:   4  -- #Conts: 16 H(2)  G(3)  A(7)  E(4) 
 287704349 2884.82 || noQ Q (Avg,Max,Min) (5.09, 24.18, 0.94) (4.19, 0.71, 17.03) #fs:   3  -- #Conts: 17 H(2)  G(2)  A(9)  E(4) 
 287728963 2883.82 || noQ Q (Avg,Max,Min) (5.07, 23.86, 0.93) (4.19, 0.71, 17.03) #fs:   3  -- #Conts: 17 H(2)  G(2)  A(9)  E(4) 
 287785284 2882.12 || noQ Q (Avg,Max,Min) (5.08, 24.35, 0.85) (4.17, 0.30, 17.04) #fs:   5  -- #Conts: 17 H(2)  G(2)  A(8)  E(4)  C(1) 
 287793109 2878.12 || noQ Q (Avg,Max,Min) (5.08, 24.35, 0.94) (4.21, 0.71, 17.04) #fs:   3  -- #Conts: 17 H(2)  G(2)  A(9)  E(4) 
 287800570 2877.12 || noQ Q (Avg,Max,Min) (5.06, 23.94, 0.93) (4.21, 0.71, 17.04) #fs:   3  -- #Conts: 17 H(2)  G(2)  A(9)  E(4) 
 287861280 2876.12 || noQ Q (Avg,Max,Min) (5.26, 23.44, 0.93) (4.43, 0.71, 17.04) #fs:   4  -- #Conts: 16 H(2)  G(2)  A(8)  E(4) 
 287900167 2875.12 || noQ Q (Avg,Max,Min) (5.23, 23.07, 0.93) (4.42, 0.71, 17.06) #fs:   3  -- #Conts: 16 H(2)  G(2)  A(8)  E(4) 
 287913356 2874.12 || noQ Q (Avg,Max,Min) (5.24, 23.29, 0.94) (4.43, 0.79, 17.06) #fs:   4  -- #Conts: 16 H(2)  G(2)  A(8)  E(4) 
 287932240 2873.12 || noQ Q (Avg,Max,Min) (5.21, 22.97, 0.93) (4.43, 0.79, 17.06) #fs:   3  -- #Conts: 16 H(2)  G(2)  A(8)  E(4) 
 288009184 2872.12 || noQ Q (Avg,Max,Min) (5.50, 23.34, 0.93) (4.68, 0.83, 17.07) #fs:   3  -- #Conts: 15 H(2)  G(2)  A(7)  E(4) 
 288066689 2868.12 || noQ Q (Avg,Max,Min) (6.11, 22.37, 1.00) (5.26, 0.79, 17.08) #fs:   2  -- #Conts: 13 H(2)  G(2)  A(5)  E(4) 
 288104423 2867.12 || noQ Q (Avg,Max,Min) (6.53, 22.47, 0.98) (5.63, 0.79, 17.09) #fs:   2  -- #Conts: 12 H(2)  G(2)  A(4)  E(4) 
 288133119 2866.12 || noQ Q (Avg,Max,Min) (6.50, 22.21, 0.98) (5.63, 0.79, 17.09) #fs:   2  -- #Conts: 12 H(2)  G(2)  A(4)  E(4) 
 288200644 2865.12 || noQ Q (Avg,Max,Min) (6.96, 22.10, 0.98) (6.08, 0.96, 17.10) #fs:   2  -- #Conts: 11 H(2)  G(2)  A(3)  E(4) 
 288232716 2864.12 || noQ Q (Avg,Max,Min) (6.93, 21.85, 0.98) (6.08, 0.96, 17.11) #fs:   2  -- #Conts: 11 H(2)  G(2)  A(3)  E(4) 
 288300241 2863.12 || noQ Q (Avg,Max,Min) (6.90, 21.73, 0.98) (6.08, 0.96, 17.12) #fs:   2  -- #Conts: 11 H(2)  G(2)  A(3)  E(4) 
 288335689 2862.12 || noQ Q (Avg,Max,Min) (6.86, 21.49, 0.98) (6.08, 0.97, 17.12) #fs:   2  -- #Conts: 11 H(2)  G(2)  A(3)  E(4) 
 288403214 2861.12 || noQ Q (Avg,Max,Min) (6.83, 21.36, 1.00) (6.08, 0.97, 17.13) #fs:   1  -- #Conts: 11 H(2)  G(2)  A(3)  E(4) 
 288453855 2860.12 || noQ Q (Avg,Max,Min) (6.80, 21.13, 1.00) (6.09, 0.97, 17.14) #fs:   1  -- #Conts: 11 H(2)  G(2)  A(3)  E(4) 
 288514625 2859.12 || noQ Q (Avg,Max,Min) (6.27, 20.86, 1.00) (5.66, 0.97, 17.15) #fs:   1  -- #Conts: 12 H(2)  G(2)  A(4)  E(4) 
 288582150 2858.12 || noQ Q (Avg,Max,Min) (6.25, 20.75, 1.00) (5.66, 0.98, 17.16) #fs:   1  -- #Conts: 12 H(2)  G(2)  A(4)  E(4) 
 288614222 2857.12 || noQ Q (Avg,Max,Min) (6.22, 20.53, 1.00) (5.67, 0.98, 17.16) #fs:   1  -- #Conts: 12 H(2)  G(2)  A(4)  E(4) 
 288685123 2856.12 || noQ Q (Avg,Max,Min) (6.19, 20.43, 1.00) (5.67, 0.99, 17.17) #fs:   1  -- #Conts: 12 H(2)  G(2)  A(4)  E(4) 
 288732388 2855.12 || noQ Q (Avg,Max,Min) (6.16, 20.20, 1.00) (5.67, 1.00, 17.18) #fs:   1  -- #Conts: 12 H(2)  G(2)  A(4)  E(4) 
 288803289 2854.12 || noQ Q (Avg,Max,Min) (6.13, 20.05, 1.00) (5.67, 1.00, 17.19) #fs:   1  -- #Conts: 12 H(2)  G(2)  A(4)  E(4) 
 288852242 2853.12 || noQ Q (Avg,Max,Min) (6.10, 19.83, 1.00) (5.67, 1.00, 17.20) #fs:   1  -- #Conts: 12 H(2)  G(2)  A(4)  E(4) 
 288923143 2852.12 || noQ Q (Avg,Max,Min) (6.53, 19.68, 1.00) (6.10, 1.00, 17.21) #fs:   1  -- #Conts: 11 H(2)  G(2)  A(3)  E(4) 
 288972096 2851.12 || noQ Q (Avg,Max,Min) (6.04, 19.47, 1.00) (5.68, 1.00, 17.21) #fs:   1  -- #Conts: 12 H(2)  G(2)  A(4)  E(4) 
 289046371 2850.12 || noQ Q (Avg,Max,Min) (6.01, 19.34, 1.00) (5.68, 1.00, 17.22) #fs:   1  -- #Conts: 12 H(2)  G(2)  A(4)  E(4) 
 289091950 2849.12 || noQ Q (Avg,Max,Min) (5.99, 19.13, 1.00) (5.68, 1.00, 17.23) #fs:   1  -- #Conts: 12 H(2)  G(2)  A(4)  E(4) 
 289166225 2848.12 || noQ Q (Avg,Max,Min) (6.41, 19.00, 1.00) (6.11, 1.00, 17.24) #fs:   1  -- #Conts: 11 H(2)  G(2)  A(3)  E(4) 
 289270523 2844.59 || noQ Q (Avg,Max,Min) (4.93, 18.66, 1.00) (4.65, 0.30, 17.25) #fs:   2  -- #Conts: 15 H(1)  G(3)  A(5)  E(4)  C(2) 
 289299454 2841.59 || noQ Q (Avg,Max,Min) (5.52, 18.58, 1.00) (5.27, 0.63, 17.25) #fs:   3  -- #Conts: 13 H(1)  G(3)  A(4)  E(4)  C(1) 
 289302745 2840.59 || noQ Q (Avg,Max,Min) (5.50, 18.42, 1.00) (5.28, 0.63, 17.25) #fs:   2  -- #Conts: 13 H(1)  G(3)  A(4)  E(4)  C(1) 
 289350011 2839.59 || noQ Q (Avg,Max,Min) (5.49, 18.42, 0.99) (5.28, 0.69, 17.25) #fs:   3  -- #Conts: 13 H(1)  G(3)  A(4)  E(4)  C(1) 
 289464360 2837.59 || noQ Q (Avg,Max,Min) (5.81, 18.04, 0.99) (5.66, 0.69, 17.27) #fs:   3  -- #Conts: 12 H(1)  G(3)  A(3)  E(4)  C(1) 
 289510378 2836.59 || noQ Q (Avg,Max,Min) (6.25, 18.10, 1.00) (6.11, 0.95, 17.28) #fs:   2  -- #Conts: 11 H(1)  G(3)  A(3)  E(4) 
 289591656 2835.59 || noQ Q (Avg,Max,Min) (6.21, 17.85, 1.00) (6.11, 0.97, 17.29) #fs:   3  -- #Conts: 11 H(1)  G(3)  A(3)  E(4) 
 289606599 2834.59 || noQ Q (Avg,Max,Min) (6.19, 17.70, 1.00) (6.11, 0.97, 17.29) #fs:   2  -- #Conts: 11 H(1)  G(3)  A(3)  E(4) 
 290997792 2833.82 || noQ Q (Avg,Max,Min) (4.52, 17.45, 0.85) (4.41, 0.20, 17.31) #fs:   3  -- #Conts: 16 G(4)  A(6)  E(4)  C(2) 
 291107729 2830.82 || noQ Q (Avg,Max,Min) (4.75, 17.45, 0.84) (4.69, 0.55, 17.31) #fs:   3  -- #Conts: 15 G(4)  A(6)  E(4)  C(1) 
 291182950 2829.82 || noQ Q (Avg,Max,Min) (4.75, 17.45, 0.85) (4.69, 0.60, 17.31) #fs:   3  -- #Conts: 15 G(4)  A(6)  E(4)  C(1) 
 291292887 2826.82 || noQ Q (Avg,Max,Min) (4.76, 17.45, 0.95) (4.71, 0.79, 17.31) #fs:   2  -- #Conts: 15 G(4)  A(6)  E(4)  C(1) 
 291457793 2825.82 || noQ Q (Avg,Max,Min) (4.76, 17.45, 0.94) (4.71, 0.79, 17.31) #fs:   2  -- #Conts: 15 G(4)  A(6)  E(4)  C(1) 
 292681318 2825.53 || noQ Q (Avg,Max,Min) (4.75, 17.34, 0.85) (4.65, 0.20, 17.31) #fs:   4  -- #Conts: 24 G(5)  A(5)  E(7)  C(7) 
 292778607 2821.53 || noQ Q (Avg,Max,Min) (4.91, 17.34, 0.85) (4.85, 0.48, 17.31) #fs:   4  -- #Conts: 23 G(5)  A(5)  E(7)  C(6) 
 292808502 2820.53 || noQ Q (Avg,Max,Min) (4.91, 17.34, 0.85) (4.85, 0.48, 17.31) #fs:   3  -- #Conts: 23 G(5)  A(5)  E(7)  C(6) 
 293156507 2819.53 || noQ Q (Avg,Max,Min) (4.91, 17.34, 0.85) (4.86, 0.48, 17.31) #fs:   4  -- #Conts: 23 G(5)  A(5)  E(7)  C(6) 
 293169329 2818.53 || noQ Q (Avg,Max,Min) (4.91, 17.34, 0.85) (4.87, 0.66, 17.31) #fs:   4  -- #Conts: 23 G(5)  A(5)  E(7)  C(6) 
 293571661 2817.53 || noQ Q (Avg,Max,Min) (5.28, 17.34, 0.85) (5.25, 0.80, 17.31) #fs:   4  -- #Conts: 21 G(5)  A(4)  E(7)  C(5) 
 293624237 2816.53 || noQ Q (Avg,Max,Min) (5.28, 17.34, 0.85) (5.25, 0.80, 17.31) #fs:   3  -- #Conts: 21 G(5)  A(4)  E(7)  C(5) 
 294415204 2815.53 || noQ Q (Avg,Max,Min) (5.28, 17.34, 0.85) (5.26, 0.81, 17.31) #fs:   5  -- #Conts: 21 G(5)  A(4)  E(7)  C(5) 
 311233021 2813.76 || noQ Q (Avg,Max,Min) (3.80, 17.33, 0.95) (3.77, 0.82, 17.31) #fs:   3  -- #Conts: 22 G(3)  A(8)  E(7)  C(4) 
 322096149 2808.88 || noQ Q (Avg,Max,Min) (3.84, 17.33, 1.00) (3.76, 0.20, 17.31) #fs:   1  -- #Conts: 22 G(3)  A(8)  E(8)  C(3) 
 322327528 2804.88 || noQ Q (Avg,Max,Min) (3.97, 17.33, 1.00) (3.93, 0.79, 17.31) #fs:   1  -- #Conts: 21 G(3)  A(8)  E(8)  C(2) 
 325748690 2803.88 || noQ Q (Avg,Max,Min) (4.12, 17.33, 0.98) (4.09, 0.82, 17.31) #fs:   3  -- #Conts: 20 G(3)  A(7)  E(8)  C(2) 
 333044800 2801.94 || noQ Q (Avg,Max,Min) (3.33, 8.63, 0.93) (3.27, 0.65, 8.60) #fs:   2  -- #Conts: 30 G(2)  A(11)  E(12)  C(5) 
 333260121 2800.94 || noQ Q (Avg,Max,Min) (3.33, 8.63, 0.93) (3.27, 0.65, 8.60) #fs:   2  -- #Conts: 30 G(2)  A(11)  E(12)  C(5) 
 333294589 2799.94 || noQ Q (Avg,Max,Min) (3.33, 8.63, 0.92) (3.27, 0.73, 8.60) #fs:   3  -- #Conts: 30 G(2)  A(11)  E(12)  C(5) 
 333377320 2795.24 || noQ Q (Avg,Max,Min) (3.33, 8.63, 0.93) (3.28, 0.65, 8.60) #fs:   3  -- #Conts: 30 G(2)  A(11)  E(12)  C(5) 
 333592641 2794.24 || noQ Q (Avg,Max,Min) (3.33, 8.63, 0.93) (3.28, 0.65, 8.60) #fs:   3  -- #Conts: 30 G(2)  A(11)  E(12)  C(5) 
 333627067 2793.24 || noQ Q (Avg,Max,Min) (3.33, 8.63, 0.92) (3.29, 0.73, 8.60) #fs:   3  -- #Conts: 30 G(2)  A(11)  E(12)  C(5) 
 336700755 2792.24 || noQ Q (Avg,Max,Min) (3.41, 8.63, 0.92) (3.37, 0.73, 8.60) #fs:   3  -- #Conts: 29 G(2)  A(10)  E(12)  C(5) 
 336926245 2791.24 || noQ Q (Avg,Max,Min) (3.50, 8.63, 0.91) (3.47, 0.78, 8.60) #fs:   4  -- #Conts: 28 G(2)  A(11)  E(12)  C(3) 
 340864027 2790.24 || noQ Q (Avg,Max,Min) (3.69, 8.63, 0.94) (3.66, 0.79, 8.60) #fs:   4  -- #Conts: 26 G(2)  A(9)  E(12)  C(3) 
 364506545 2789.71 || noQ Q (Avg,Max,Min) (3.67, 6.95, 1.00) (3.65, 0.87, 6.93) #fs:   0  -- #Conts: 24 G(2)  A(8)  E(11)  C(3) 
 367858609 2786.82 || noQ Q (Avg,Max,Min) (4.61, 16.68, 1.00) (4.46, 0.37, 16.57) #fs:   1  -- #Conts: 29 G(2)  A(7)  E(16)  C(4) 
 367869985 2785.82 || noQ Q (Avg,Max,Min) (4.61, 16.68, 1.00) (4.46, 0.37, 16.57) #fs:   2  -- #Conts: 29 G(2)  A(7)  E(16)  C(4) 
 368035087 2785.53 || noQ Q (Avg,Max,Min) (4.61, 16.68, 1.00) (4.44, 0.37, 16.57) #fs:   0  -- #Conts: 29 G(2)  A(7)  E(16)  C(4) 
 368048285 2782.82 || noQ Q (Avg,Max,Min) (4.61, 16.68, 1.00) (4.46, 0.37, 16.57) #fs:   1  -- #Conts: 29 G(2)  A(7)  E(16)  C(4) 
 368066684 2778.82 || noQ Q (Avg,Max,Min) (4.61, 16.68, 1.00) (4.46, 0.37, 16.57) #fs:   0  -- #Conts: 29 G(2)  A(7)  E(16)  C(4) 
 368116094 2776.82 || noQ Q (Avg,Max,Min) (4.73, 16.68, 0.84) (4.60, 0.41, 16.57) #fs:   1  -- #Conts: 28 G(2)  A(6)  E(16)  C(4) 
 368153968 2774.82 || noQ Q (Avg,Max,Min) (4.61, 16.68, 1.00) (4.47, 0.42, 16.57) #fs:   1  -- #Conts: 29 G(2)  A(7)  E(16)  C(4) 
 368300877 2771.12 || noQ Q (Avg,Max,Min) (4.73, 16.68, 0.72) (4.62, 0.42, 16.57) #fs:   1  -- #Conts: 28 G(2)  A(6)  E(16)  C(4) 
 368349882 2770.82 || noQ Q (Avg,Max,Min) (4.61, 16.68, 1.00) (4.48, 0.54, 16.57) #fs:   0  -- #Conts: 29 G(2)  A(7)  E(16)  C(4) 
 368571768 2762.06 || noQ Q (Avg,Max,Min) (4.74, 16.68, 1.00) (4.64, 0.59, 16.57) #fs:   0  -- #Conts: 28 G(2)  A(6)  E(16)  C(4) 
 368678777 2761.06 || noQ Q (Avg,Max,Min) (4.74, 16.68, 1.00) (4.64, 0.47, 16.57) #fs:   1  -- #Conts: 28 G(2)  A(6)  E(16)  C(4) 
 368768972 2759.35 || noQ Q (Avg,Max,Min) (4.88, 16.68, 0.92) (4.82, 0.60, 16.57) #fs:   3  -- #Conts: 27 G(2)  A(5)  E(16)  C(4) 
 368878537 2758.35 || noQ Q (Avg,Max,Min) (4.88, 16.68, 0.91) (4.82, 0.60, 16.57) #fs:   3  -- #Conts: 27 G(2)  A(5)  E(16)  C(4) 
 368943683 2757.35 || noQ Q (Avg,Max,Min) (5.03, 16.68, 1.00) (4.98, 0.70, 16.57) #fs:   2  -- #Conts: 26 G(2)  A(4)  E(16)  C(4) 
 368967153 2757.06 || noQ Q (Avg,Max,Min) (4.74, 16.68, 1.00) (4.65, 0.59, 16.57) #fs:   0  -- #Conts: 28 G(2)  A(6)  E(16)  C(4) 
 368969783 2756.35 || noQ Q (Avg,Max,Min) (4.88, 16.68, 1.00) (4.83, 0.71, 16.57) #fs:   2  -- #Conts: 27 G(2)  A(5)  E(16)  C(4) 
 369256437 2755.35 || noQ Q (Avg,Max,Min) (4.88, 16.68, 0.90) (4.83, 0.71, 16.57) #fs:   3  -- #Conts: 27 G(2)  A(5)  E(16)  C(4) 
 369301536 2752.35 || noQ Q (Avg,Max,Min) (4.88, 16.68, 0.89) (4.83, 0.71, 16.57) #fs:   2  -- #Conts: 27 G(2)  A(5)  E(16)  C(4) 
 369341698 2751.35 || noQ Q (Avg,Max,Min) (4.88, 16.68, 1.00) (4.84, 0.79, 16.57) #fs:   1  -- #Conts: 27 G(2)  A(5)  E(16)  C(4) 
 369566283 2750.35 || noQ Q (Avg,Max,Min) (5.03, 16.68, 0.98) (4.99, 0.81, 16.57) #fs:   2  -- #Conts: 26 G(2)  A(4)  E(16)  C(4) 
 369836871 2749.35 || noQ Q (Avg,Max,Min) (4.62, 16.68, 1.00) (4.56, 0.79, 16.57) #fs:   1  -- #Conts: 29 G(2)  A(7)  E(16)  C(4) 
 370013755 2748.35 || noQ Q (Avg,Max,Min) (4.62, 16.68, 1.00) (4.57, 0.79, 16.57) #fs:   1  -- #Conts: 29 G(2)  A(7)  E(16)  C(4) 
 383610032 2747.35 || noQ Q (Avg,Max,Min) (4.98, 17.32, 0.95) (4.92, 0.22, 17.31) #fs:   1  -- #Conts: 26 G(2)  A(4)  E(15)  C(5) 
 384331601 2746.35 || noQ Q (Avg,Max,Min) (4.98, 17.32, 0.95) (4.93, 0.42, 17.31) #fs:   1  -- #Conts: 26 G(2)  A(4)  E(15)  C(5) 
 386320774 2744.35 || noQ Q (Avg,Max,Min) (5.14, 17.32, 0.95) (5.11, 0.82, 17.31) #fs:   1  -- #Conts: 25 G(2)  A(4)  E(15)  C(4) 
 442710934 2742.71 || noQ Q (Avg,Max,Min) (3.80, 16.34, 0.95) (3.75, 0.79, 16.20) #fs:   4  -- #Conts: 17 G(1)  A(6)  E(6)  C(4) 
 449243045 2741.71 || noQ Q (Avg,Max,Min) (3.80, 16.33, 0.97) (3.77, 0.90, 16.20) #fs:   1  -- #Conts: 17 G(1)  A(7)  E(6)  C(3) 
 456778390 2741.65 || noQ Q (Avg,Max,Min) (3.81, 17.33, 0.64) (3.79, 0.63, 17.31) #fs:   3  -- #Conts: 17 G(1)  A(6)  E(6)  C(4) 
 457092716 2739.65 || noQ Q (Avg,Max,Min) (3.66, 17.33, 0.85) (3.63, 0.79, 17.31) #fs:   2  -- #Conts: 18 G(1)  A(7)  E(6)  C(4) 
 459489132 2738.65 || noQ Q (Avg,Max,Min) (3.82, 17.33, 0.85) (3.80, 0.84, 17.31) #fs:   2  -- #Conts: 17 G(1)  A(6)  E(6)  C(4) 
 470514322 2737.65 || noQ Q (Avg,Max,Min) (4.01, 17.33, 1.00) (3.99, 0.90, 17.31) #fs:   0  -- #Conts: 16 G(1)  A(5)  E(6)  C(4) 
 492371120 2737.18 || noQ Q (Avg,Max,Min) (4.16, 17.33, 0.99) (4.14, 0.90, 17.31) #fs:   1  -- #Conts: 14 G(1)  A(5)  E(6)  C(2) 
/////////////////size: 112
nodes 100 edges 192
 mulT: 5000 mulD: 20000  sumData GB 1951984
pareto /CYBERSHAKE.n.100.0.dax time -> 2666.0
moheft /CYBERSHAKE.n.100.0.dax time -> 5956.0
distance from M to C 0.0
distance from P to C 24.68382352941228
distance from C to M 12.775861888412724
distance from C to P 51.21451397922031
toCompare: /CYBERSHAKE.n.100.0.dax sumDataGB: 1951984 mulT: 5000 mulD: 20000 paretoOptTime_MS: 2666.0 MoheftOptimizationTime_MS: 5956.0 MtoC 0.0 PtoC 24.68382352941228 CtoM 12.775861888412724 CtoP 51.21451397922031
