specify -Dflow d,b,mt,md,size
Running /home/vaggelis/jc/SIPHT.n.50.0.dax mt 500 md: 1000 size null
  67268898 1876.00 || noQ Q (Avg,Max,Min) (0.95, 1.01, 0.64) (0.93, 0.63, 1.00) #fs:   1  -- #Conts: 7 H(6)  G(1) 
  67270669 1655.29 || noQ Q (Avg,Max,Min) (1.01, 1.01, 1.00) (0.98, 0.90, 1.00) #fs:   0  -- #Conts: 7 H(6)  G(1) 
 113268784 1592.24 || noQ Q (Avg,Max,Min) (0.95, 1.01, 0.61) (0.82, 0.59, 1.00) #fs:   1  -- #Conts: 7 H(1)  G(6) 
 115021416 1440.82 || noQ Q (Avg,Max,Min) (1.00, 1.01, 1.00) (0.97, 0.92, 1.00) #fs:   0  -- #Conts: 7 G(5)  A(2) 
 115206517 1439.76 || noQ Q (Avg,Max,Min) (1.00, 1.01, 1.00) (0.96, 0.92, 0.99) #fs:   1  -- #Conts: 7 G(4)  A(2)  E(1) 
 116977660 1425.06 || noQ Q (Avg,Max,Min) (1.00, 1.01, 1.00) (0.98, 0.92, 1.00) #fs:   0  -- #Conts: 7 G(5)  A(2) 
 117162761 1424.00 || noQ Q (Avg,Max,Min) (1.00, 1.01, 1.00) (0.97, 0.92, 1.00) #fs:   1  -- #Conts: 7 G(4)  A(2)  E(1) 
 165798064 1419.29 || noQ Q (Avg,Max,Min) (1.00, 1.01, 1.00) (0.98, 0.92, 1.00) #fs:   0  -- #Conts: 7 G(4)  A(2)  E(1) 
 165983165 1418.24 || noQ Q (Avg,Max,Min) (1.00, 1.01, 1.00) (0.97, 0.92, 1.00) #fs:   1  -- #Conts: 7 G(3)  A(2)  E(2) 
 202444504 1408.71 || noQ Q (Avg,Max,Min) (1.00, 1.01, 1.00) (0.90, 0.66, 1.00) #fs:   0  -- #Conts: 10 H(1)  G(1)  E(8) 
 212584867 1392.94 || noQ Q (Avg,Max,Min) (1.00, 1.01, 1.00) (0.89, 0.66, 1.00) #fs:   0  -- #Conts: 10 G(2)  E(8) 
 250245840 1380.47 || noQ Q (Avg,Max,Min) (1.00, 1.01, 1.00) (0.89, 0.66, 1.00) #fs:   0  -- #Conts: 10 G(1)  E(9) 
 258936050 1368.00 || noQ Q (Avg,Max,Min) (1.00, 1.01, 1.00) (0.90, 0.66, 1.00) #fs:   0  -- #Conts: 10 E(10) 
/////////////////size: 13
  67881539 1627.76 || noQ Q (Avg,Max,Min) (1.00, 1.01, 1.00) (0.96, 0.79, 1.01) #fs:   0  -- #Conts: 5 H(3)  G(1)  A(1) 
  67909353 1626.76 || noQ Q (Avg,Max,Min) (1.00, 1.01, 1.00) (0.98, 0.88, 1.01) #fs:   0  -- #Conts: 5 H(3)  G(1)  A(1) 
  67946998 1625.76 || noQ Q (Avg,Max,Min) (1.00, 1.01, 1.00) (1.00, 0.98, 1.01) #fs:   0  -- #Conts: 5 H(3)  G(1)  A(1) 
  68030939 1624.76 || noQ Q (Avg,Max,Min) (1.00, 1.01, 1.00) (0.99, 0.94, 1.01) #fs:   0  -- #Conts: 5 H(3)  G(1)  A(1) 
  68067863 1623.76 || noQ Q (Avg,Max,Min) (1.00, 1.01, 1.00) (1.00, 1.00, 1.01) #fs:   0  -- #Conts: 4 H(3)  G(1) 
  82541398 1621.41 || noQ Q (Avg,Max,Min) (1.00, 1.01, 1.00) (0.92, 0.62, 1.00) #fs:   0  -- #Conts: 6 H(3)  G(2)  E(1) 
  83264747 1602.24 || noQ Q (Avg,Max,Min) (1.00, 1.01, 1.00) (0.97, 0.92, 1.00) #fs:   0  -- #Conts: 7 H(3)  G(3)  A(1) 
  83488602 1597.24 || noQ Q (Avg,Max,Min) (1.00, 1.01, 1.00) (0.97, 0.92, 1.00) #fs:   0  -- #Conts: 7 H(3)  G(3)  A(1) 
  84219464 1592.24 || noQ Q (Avg,Max,Min) (1.00, 1.01, 1.00) (0.98, 0.96, 1.00) #fs:   0  -- #Conts: 6 H(3)  G(3) 
  85700714 1583.18 || noQ Q (Avg,Max,Min) (1.01, 1.01, 1.00) (0.97, 0.82, 1.01) #fs:   0  -- #Conts: 7 H(4)  G(2)  E(1) 
  86257779 1578.47 || noQ Q (Avg,Max,Min) (1.01, 1.01, 1.00) (0.97, 0.82, 1.01) #fs:   0  -- #Conts: 7 H(4)  G(2)  A(1) 
  86341339 1577.47 || noQ Q (Avg,Max,Min) (1.01, 1.01, 1.00) (0.99, 0.94, 1.01) #fs:   0  -- #Conts: 7 H(4)  G(2)  A(1) 
  86455791 1576.47 || noQ Q (Avg,Max,Min) (1.01, 1.01, 1.00) (1.00, 1.00, 1.01) #fs:   0  -- #Conts: 6 H(4)  G(2) 
  91337341 1530.47 || noQ Q (Avg,Max,Min) (1.01, 1.03, 1.00) (0.91, 0.28, 1.01) #fs:   1  -- #Conts: 9 H(3)  G(3)  A(2)  E(1) 
  91360171 1529.47 || noQ Q (Avg,Max,Min) (1.01, 1.03, 1.00) (0.98, 0.90, 1.01) #fs:   1  -- #Conts: 8 H(3)  G(3)  A(1)  E(1) 
 106716622 1514.71 || noQ Q (Avg,Max,Min) (1.01, 1.03, 1.00) (0.90, 0.28, 1.01) #fs:   1  -- #Conts: 9 H(2)  G(4)  A(2)  E(1) 
 106763432 1513.71 || noQ Q (Avg,Max,Min) (1.01, 1.03, 1.00) (0.98, 0.90, 1.01) #fs:   1  -- #Conts: 8 H(2)  G(4)  A(1)  E(1) 
 107446900 1485.18 || noQ Q (Avg,Max,Min) (1.00, 1.00, 0.99) (0.98, 0.91, 1.00) #fs:   1  -- #Conts: 6 H(2)  G(3)  E(1) 
 110957492 1466.00 || noQ Q (Avg,Max,Min) (1.03, 1.29, 1.00) (0.85, 0.01, 1.00) #fs:   1  -- #Conts: 9 H(2)  G(3)  A(2)  E(2) 
 110979826 1434.47 || noQ Q (Avg,Max,Min) (1.00, 1.01, 1.00) (0.95, 0.83, 1.00) #fs:   1  -- #Conts: 8 H(1)  G(3)  A(2)  E(2) 
 111541952 1429.12 || noQ Q (Avg,Max,Min) (0.99, 1.00, 0.96) (0.97, 0.85, 1.00) #fs:   2  -- #Conts: 6 H(1)  G(3)  A(1)  E(1) 
 111591135 1428.12 || noQ Q (Avg,Max,Min) (1.00, 1.00, 0.99) (0.99, 0.96, 1.00) #fs:   1  -- #Conts: 6 H(1)  G(3)  A(1)  E(1) 
 116073413 1420.41 || noQ Q (Avg,Max,Min) (1.00, 1.01, 1.00) (0.92, 0.65, 1.00) #fs:   0  -- #Conts: 6 G(3)  A(1)  E(2) 
 117028130 1413.71 || noQ Q (Avg,Max,Min) (1.00, 1.01, 1.00) (0.93, 0.71, 1.00) #fs:   0  -- #Conts: 6 G(3)  A(1)  E(2) 
 117981428 1409.00 || noQ Q (Avg,Max,Min) (1.00, 1.01, 1.00) (0.81, 0.28, 1.00) #fs:   0  -- #Conts: 7 G(3)  A(3)  E(1) 
 118029657 1408.00 || noQ Q (Avg,Max,Min) (1.00, 1.01, 1.00) (0.89, 0.49, 1.00) #fs:   0  -- #Conts: 6 G(3)  A(2)  E(1) 
 118131783 1407.00 || noQ Q (Avg,Max,Min) (1.00, 1.01, 1.00) (0.98, 0.90, 1.00) #fs:   0  -- #Conts: 5 G(3)  A(1)  E(1) 
 124894908 1406.35 || noQ Q (Avg,Max,Min) (1.00, 1.00, 0.99) (0.99, 0.99, 1.00) #fs:   1  -- #Conts: 5 G(4)  E(1) 
 125931273 1402.29 || noQ Q (Avg,Max,Min) (1.00, 1.01, 0.99) (1.00, 0.99, 1.01) #fs:   1  -- #Conts: 6 G(4)  A(1)  E(1) 
 164579452 1401.53 || noQ Q (Avg,Max,Min) (1.00, 1.01, 1.00) (0.87, 0.28, 1.00) #fs:   0  -- #Conts: 8 G(3)  A(3)  E(2) 
 164698533 1400.53 || noQ Q (Avg,Max,Min) (1.00, 1.01, 1.00) (0.96, 0.85, 1.00) #fs:   0  -- #Conts: 7 G(3)  A(2)  E(2) 
 164928860 1399.53 || noQ Q (Avg,Max,Min) (1.00, 1.01, 1.00) (0.97, 0.90, 1.00) #fs:   0  -- #Conts: 7 G(3)  A(2)  E(2) 
 169175700 1398.18 || noQ Q (Avg,Max,Min) (1.00, 1.00, 0.99) (1.00, 0.99, 1.00) #fs:   1  -- #Conts: 5 G(3)  A(1)  E(1) 
 170059205 1397.12 || noQ Q (Avg,Max,Min) (1.00, 1.01, 1.00) (1.00, 0.98, 1.01) #fs:   0  -- #Conts: 7 G(3)  A(3)  E(1) 
 170543267 1396.12 || noQ Q (Avg,Max,Min) (1.00, 1.01, 1.00) (1.00, 0.98, 1.01) #fs:   0  -- #Conts: 7 G(3)  A(3)  E(1) 
 171004532 1395.12 || noQ Q (Avg,Max,Min) (1.00, 1.01, 1.00) (1.00, 0.99, 1.01) #fs:   0  -- #Conts: 6 G(3)  A(2)  E(1) 
 171451660 1394.12 || noQ Q (Avg,Max,Min) (1.00, 1.01, 1.00) (1.00, 0.99, 1.01) #fs:   0  -- #Conts: 6 G(3)  A(2)  E(1) 
 171921448 1393.12 || noQ Q (Avg,Max,Min) (1.00, 1.01, 1.00) (1.00, 1.00, 1.01) #fs:   0  -- #Conts: 6 G(3)  A(2)  E(1) 
 172423719 1392.12 || noQ Q (Avg,Max,Min) (1.00, 1.01, 1.00) (1.00, 0.99, 1.01) #fs:   0  -- #Conts: 6 G(3)  A(2)  E(1) 
 178621693 1389.06 || noQ Q (Avg,Max,Min) (1.00, 1.01, 1.00) (0.89, 0.24, 1.01) #fs:   0  -- #Conts: 9 G(3)  A(3)  E(3) 
 178732615 1388.06 || noQ Q (Avg,Max,Min) (1.00, 1.01, 1.00) (0.98, 0.88, 1.01) #fs:   0  -- #Conts: 8 G(3)  A(2)  E(3) 
 179055594 1387.06 || noQ Q (Avg,Max,Min) (1.00, 1.01, 1.00) (0.98, 0.92, 1.01) #fs:   0  -- #Conts: 8 G(3)  A(2)  E(3) 
 223435605 1378.76 || noQ Q (Avg,Max,Min) (1.00, 1.02, 1.00) (0.99, 0.93, 1.01) #fs:   0  -- #Conts: 8 A(1)  G(2)  E(3)  C(2) 
 224390322 1374.76 || noQ Q (Avg,Max,Min) (1.00, 1.02, 1.00) (1.00, 0.96, 1.02) #fs:   0  -- #Conts: 8 A(1)  G(2)  E(3)  C(2) 
 239311633 1371.00 || noQ Q (Avg,Max,Min) (1.00, 1.01, 1.00) (0.92, 0.28, 1.01) #fs:   0  -- #Conts: 9 A(3)  G(1)  E(3)  C(2) 
 239358443 1370.00 || noQ Q (Avg,Max,Min) (1.00, 1.01, 1.00) (1.00, 0.98, 1.01) #fs:   0  -- #Conts: 8 A(2)  G(1)  E(3)  C(2) 
 239546524 1369.00 || noQ Q (Avg,Max,Min) (1.00, 1.01, 1.00) (1.00, 0.99, 1.01) #fs:   0  -- #Conts: 8 A(2)  G(1)  E(3)  C(2) 
 239758009 1368.00 || noQ Q (Avg,Max,Min) (1.00, 1.01, 1.00) (1.00, 0.99, 1.01) #fs:   0  -- #Conts: 7 A(1)  G(1)  E(3)  C(2) 
 269786788 1360.82 || noQ Q (Avg,Max,Min) (1.00, 1.02, 1.00) (0.98, 0.87, 1.01) #fs:   0  -- #Conts: 8 A(2)  E(4)  C(2) 
 269905869 1359.82 || noQ Q (Avg,Max,Min) (1.00, 1.02, 1.00) (0.99, 0.97, 1.01) #fs:   0  -- #Conts: 8 A(2)  E(4)  C(2) 
 270295320 1358.82 || noQ Q (Avg,Max,Min) (1.00, 1.02, 1.00) (1.00, 0.97, 1.01) #fs:   0  -- #Conts: 8 A(2)  E(4)  C(2) 
 271939980 1356.82 || noQ Q (Avg,Max,Min) (1.01, 1.02, 1.00) (0.90, 0.29, 1.01) #fs:   0  -- #Conts: 8 A(2)  E(4)  C(2) 
 272003093 1355.82 || noQ Q (Avg,Max,Min) (1.00, 1.02, 1.00) (0.91, 0.28, 1.01) #fs:   0  -- #Conts: 8 A(2)  E(4)  C(2) 
 272131628 1354.82 || noQ Q (Avg,Max,Min) (1.00, 1.02, 1.00) (1.00, 0.99, 1.01) #fs:   0  -- #Conts: 7 A(1)  E(4)  C(2) 
 272609676 1353.82 || noQ Q (Avg,Max,Min) (1.00, 1.02, 1.00) (1.00, 1.00, 1.01) #fs:   0  -- #Conts: 7 A(1)  E(4)  C(2) 
 291786308 1352.47 || noQ Q (Avg,Max,Min) (1.00, 1.00, 1.00) (0.93, 0.70, 1.00) #fs:   1  -- #Conts: 5 A(1)  E(4) 
 291806370 1351.47 || noQ Q (Avg,Max,Min) (1.00, 1.01, 1.00) (0.94, 0.71, 1.00) #fs:   2  -- #Conts: 5 A(1)  E(4) 
 292225835 1350.47 || noQ Q (Avg,Max,Min) (1.00, 1.01, 1.00) (0.97, 0.83, 1.00) #fs:   0  -- #Conts: 5 A(1)  E(4) 
 292664307 1349.47 || noQ Q (Avg,Max,Min) (1.00, 1.01, 1.00) (0.99, 0.95, 1.00) #fs:   0  -- #Conts: 5 A(1)  E(4) 
/////////////////size: 59
nodes 48 edges 56
 mulT: 500 mulD: 1000  sumData GB 1348
pareto /SIPHT.n.50.0.dax time -> 763.0
moheft /SIPHT.n.50.0.dax time -> 733.0
distance from M to C 0.0
distance from P to C 10.737813835027785
distance from C to M 2.912990868091395
distance from C to P 12.968882064562631
toCompare: /SIPHT.n.50.0.dax sumDataGB: 1348 mulT: 500 mulD: 1000 paretoOptTime_MS: 763.0 MoheftOptimizationTime_MS: 733.0 MtoC 0.0 PtoC 10.737813835027785 CtoM 2.912990868091395 CtoP 12.968882064562631
