specify -Dflow d,b,mt,md,size
Running /home/vaggelis/jc/CYBERSHAKE.n.50.0.dax mt 5000 md: 500 size null
  47839732 2049.41 || noQ Q (Avg,Max,Min) (1.19, 1.32, 1.04) (1.16, 1.01, 1.32) #fs:   5  -- #Conts: 13 H(13) 
  79182382 1844.47 || noQ Q (Avg,Max,Min) (1.06, 1.16, 0.69) (0.99, 0.07, 1.16) #fs:   6  -- #Conts: 16 H(2)  G(14) 
  79499892 1765.65 || noQ Q (Avg,Max,Min) (1.09, 1.16, 0.76) (1.01, 0.13, 1.16) #fs:   5  -- #Conts: 16 G(16) 
  79641884 1749.88 || noQ Q (Avg,Max,Min) (1.09, 1.16, 0.76) (1.03, 0.22, 1.16) #fs:   5  -- #Conts: 16 G(16) 
 174548279 1652.00 || noQ Q (Avg,Max,Min) (1.01, 1.08, 0.38) (0.93, 0.28, 1.08) #fs:   4  -- #Conts: 18 G(1)  E(17) 
 174920483 1649.65 || noQ Q (Avg,Max,Min) (0.99, 1.08, 0.47) (0.96, 0.34, 1.08) #fs:   5  -- #Conts: 17 E(17) 
 175018357 1642.94 || noQ Q (Avg,Max,Min) (1.03, 1.08, 0.73) (0.95, 0.28, 1.08) #fs:   2  -- #Conts: 18 E(18) 
 175383517 1636.24 || noQ Q (Avg,Max,Min) (1.05, 1.08, 1.00) (0.98, 0.47, 1.08) #fs:   1  -- #Conts: 17 E(17) 
 176283943 1629.53 || noQ Q (Avg,Max,Min) (1.05, 1.08, 1.00) (1.01, 0.53, 1.08) #fs:   1  -- #Conts: 16 E(16) 
/////////////////size: 9
  47745359 1983.29 || noQ Q (Avg,Max,Min) (1.12, 1.22, 0.91) (1.05, 0.89, 1.21) #fs:   8  -- #Conts: 20 H(6)  G(11)  E(3) 
  47751954 1951.76 || noQ Q (Avg,Max,Min) (1.13, 1.22, 0.91) (1.06, 0.90, 1.21) #fs:   7  -- #Conts: 20 H(6)  G(11)  E(3) 
  47873550 1940.71 || noQ Q (Avg,Max,Min) (1.12, 1.22, 0.89) (1.07, 0.89, 1.21) #fs:   7  -- #Conts: 19 H(6)  G(11)  E(2) 
  49065545 1924.94 || noQ Q (Avg,Max,Min) (1.12, 1.22, 0.92) (1.09, 0.91, 1.21) #fs:   6  -- #Conts: 18 H(6)  G(10)  E(2) 
  49734023 1902.47 || noQ Q (Avg,Max,Min) (1.13, 1.19, 0.91) (1.09, 0.91, 1.16) #fs:   3  -- #Conts: 18 H(5)  G(11)  E(2) 
  49818427 1895.76 || noQ Q (Avg,Max,Min) (1.14, 1.20, 0.91) (1.10, 0.91, 1.16) #fs:   1  -- #Conts: 18 H(5)  G(11)  E(2) 
  50305925 1895.41 || noQ Q (Avg,Max,Min) (1.13, 1.31, 1.00) (1.06, 0.27, 1.19) #fs:   6  -- #Conts: 17 H(5)  G(10)  E(1)  C(1) 
  50316941 1888.71 || noQ Q (Avg,Max,Min) (1.14, 1.31, 1.00) (1.08, 0.49, 1.19) #fs:   5  -- #Conts: 17 H(5)  G(10)  E(1)  C(1) 
  50341228 1884.71 || noQ Q (Avg,Max,Min) (1.15, 1.31, 1.03) (1.12, 1.03, 1.20) #fs:   4  -- #Conts: 16 H(5)  G(10)  E(1) 
  50380053 1876.65 || noQ Q (Avg,Max,Min) (1.14, 1.31, 0.99) (1.11, 0.95, 1.21) #fs:   4  -- #Conts: 17 H(5)  G(10)  A(1)  E(1) 
  50391316 1872.94 || noQ Q (Avg,Max,Min) (1.15, 1.31, 1.00) (1.08, 0.24, 1.21) #fs:   4  -- #Conts: 17 H(5)  G(10)  E(1)  C(1) 
  50418200 1868.94 || noQ Q (Avg,Max,Min) (1.15, 1.30, 1.03) (1.13, 1.03, 1.21) #fs:   4  -- #Conts: 16 H(5)  G(10)  E(1) 
  50834918 1854.82 || noQ Q (Avg,Max,Min) (1.13, 1.34, 0.95) (1.10, 0.90, 1.27) #fs:   4  -- #Conts: 17 H(4)  G(10)  E(3) 
  50846956 1849.76 || noQ Q (Avg,Max,Min) (1.13, 1.34, 0.95) (1.02, 0.14, 1.27) #fs:   3  -- #Conts: 19 H(4)  G(10)  E(4)  C(1) 
  50868936 1843.06 || noQ Q (Avg,Max,Min) (1.13, 1.34, 0.95) (1.06, 0.24, 1.27) #fs:   2  -- #Conts: 18 H(4)  G(10)  E(3)  C(1) 
  50891937 1839.06 || noQ Q (Avg,Max,Min) (1.14, 1.34, 0.95) (1.11, 0.92, 1.27) #fs:   2  -- #Conts: 17 H(4)  G(10)  E(3) 
  50944156 1832.35 || noQ Q (Avg,Max,Min) (1.15, 1.34, 1.03) (1.12, 1.03, 1.27) #fs:   1  -- #Conts: 17 H(4)  G(10)  E(3) 
  51311431 1825.65 || noQ Q (Avg,Max,Min) (1.15, 1.34, 1.03) (1.12, 1.03, 1.27) #fs:   0  -- #Conts: 17 H(4)  G(10)  E(3) 
  51973440 1825.29 || noQ Q (Avg,Max,Min) (1.13, 1.28, 1.00) (1.08, 0.34, 1.28) #fs:   3  -- #Conts: 17 H(4)  G(8)  E(5) 
  52861631 1822.59 || noQ Q (Avg,Max,Min) (1.13, 1.28, 1.00) (1.09, 0.59, 1.28) #fs:   3  -- #Conts: 17 H(4)  G(8)  E(4)  C(1) 
  60112590 1820.88 || noQ Q (Avg,Max,Min) (1.11, 1.28, 0.95) (1.06, 0.71, 1.28) #fs:   1  -- #Conts: 19 H(4)  G(8)  A(5)  E(2) 
  60416152 1807.53 || noQ Q (Avg,Max,Min) (1.15, 1.34, 1.04) (1.11, 0.96, 1.27) #fs:   0  -- #Conts: 17 H(2)  G(12)  E(3) 
  60528058 1800.47 || noQ Q (Avg,Max,Min) (1.14, 1.24, 1.04) (1.10, 0.92, 1.21) #fs:   2  -- #Conts: 17 H(2)  G(11)  E(4) 
  60767934 1800.12 || noQ Q (Avg,Max,Min) (1.13, 1.34, 1.02) (1.10, 0.91, 1.27) #fs:   4  -- #Conts: 18 H(2)  G(11)  E(5) 
  60805752 1793.41 || noQ Q (Avg,Max,Min) (1.14, 1.34, 1.04) (1.10, 0.99, 1.27) #fs:   2  -- #Conts: 18 H(2)  G(11)  E(5) 
  61217617 1791.41 || noQ Q (Avg,Max,Min) (1.13, 1.24, 1.04) (1.10, 0.98, 1.21) #fs:   3  -- #Conts: 16 H(2)  G(10)  E(4) 
  62320916 1785.65 || noQ Q (Avg,Max,Min) (1.11, 1.22, 1.04) (1.08, 0.92, 1.21) #fs:   2  -- #Conts: 18 H(2)  G(8)  E(8) 
  62913858 1776.94 || noQ Q (Avg,Max,Min) (1.11, 1.22, 1.04) (1.09, 0.97, 1.21) #fs:   5  -- #Conts: 17 H(2)  G(8)  E(7) 
  64035538 1776.59 || noQ Q (Avg,Max,Min) (1.10, 1.22, 0.97) (1.05, 0.32, 1.21) #fs:   5  -- #Conts: 17 H(2)  G(8)  E(6)  C(1) 
  64679937 1767.53 || noQ Q (Avg,Max,Min) (1.10, 1.22, 0.95) (1.07, 0.58, 1.21) #fs:   5  -- #Conts: 17 H(2)  G(8)  E(6)  C(1) 
  65131709 1763.53 || noQ Q (Avg,Max,Min) (1.11, 1.22, 0.97) (1.10, 0.94, 1.21) #fs:   4  -- #Conts: 16 H(2)  G(8)  E(6) 
  65924222 1761.76 || noQ Q (Avg,Max,Min) (1.10, 1.22, 1.00) (0.97, 0.19, 1.21) #fs:   2  -- #Conts: 20 H(2)  G(8)  E(7)  C(3) 
  65954736 1760.47 || noQ Q (Avg,Max,Min) (1.10, 1.22, 0.97) (1.05, 0.24, 1.21) #fs:   3  -- #Conts: 18 H(2)  G(8)  E(7)  C(1) 
  65981923 1757.76 || noQ Q (Avg,Max,Min) (1.10, 1.22, 1.00) (1.01, 0.24, 1.21) #fs:   1  -- #Conts: 19 H(2)  G(8)  E(7)  C(2) 
  66037122 1753.76 || noQ Q (Avg,Max,Min) (1.11, 1.22, 1.00) (1.07, 0.43, 1.21) #fs:   2  -- #Conts: 18 H(2)  G(8)  E(7)  C(1) 
  66201798 1749.76 || noQ Q (Avg,Max,Min) (1.11, 1.22, 1.03) (1.11, 1.00, 1.21) #fs:   1  -- #Conts: 17 H(2)  G(8)  E(7) 
  66501569 1749.41 || noQ Q (Avg,Max,Min) (1.11, 1.22, 1.04) (1.10, 0.96, 1.21) #fs:   2  -- #Conts: 18 H(2)  G(8)  E(8) 
  67703218 1746.29 || noQ Q (Avg,Max,Min) (1.08, 1.22, 0.95) (1.00, 0.43, 1.21) #fs:   4  -- #Conts: 23 H(2)  G(8)  A(3)  E(8)  C(2) 
  68004170 1742.29 || noQ Q (Avg,Max,Min) (1.09, 1.22, 0.97) (1.03, 0.51, 1.21) #fs:   3  -- #Conts: 22 H(2)  G(8)  A(3)  E(8)  C(1) 
  68144743 1739.59 || noQ Q (Avg,Max,Min) (1.09, 1.22, 0.97) (1.00, 0.24, 1.21) #fs:   2  -- #Conts: 22 H(2)  G(8)  A(1)  E(8)  C(3) 
  68257826 1735.59 || noQ Q (Avg,Max,Min) (1.10, 1.22, 0.97) (1.04, 0.45, 1.21) #fs:   2  -- #Conts: 21 H(2)  G(8)  A(1)  E(8)  C(2) 
  68649318 1734.59 || noQ Q (Avg,Max,Min) (1.10, 1.22, 1.00) (1.04, 0.53, 1.21) #fs:   0  -- #Conts: 21 H(2)  G(8)  A(1)  E(8)  C(2) 
  68864637 1732.59 || noQ Q (Avg,Max,Min) (1.10, 1.22, 0.85) (1.07, 0.61, 1.21) #fs:   2  -- #Conts: 20 H(2)  G(8)  A(1)  E(8)  C(1) 
  69027755 1731.59 || noQ Q (Avg,Max,Min) (1.10, 1.22, 0.97) (1.07, 0.64, 1.21) #fs:   2  -- #Conts: 20 H(2)  G(8)  A(1)  E(8)  C(1) 
  69243077 1730.59 || noQ Q (Avg,Max,Min) (1.10, 1.22, 0.97) (1.06, 0.47, 1.21) #fs:   2  -- #Conts: 21 H(2)  G(8)  A(3)  E(8) 
  69464919 1729.59 || noQ Q (Avg,Max,Min) (1.10, 1.22, 0.97) (1.09, 0.83, 1.21) #fs:   2  -- #Conts: 20 H(2)  G(8)  A(2)  E(8) 
  76695458 1725.24 || noQ Q (Avg,Max,Min) (1.08, 1.22, 0.97) (1.03, 0.47, 1.21) #fs:   4  -- #Conts: 20 H(2)  G(5)  A(2)  E(10)  C(1) 
  79503590 1720.53 || noQ Q (Avg,Max,Min) (1.08, 1.22, 0.80) (1.06, 0.76, 1.21) #fs:   1  -- #Conts: 20 H(2)  G(5)  A(1)  E(10)  C(2) 
  79710194 1718.71 || noQ Q (Avg,Max,Min) (1.11, 1.23, 1.02) (1.09, 1.00, 1.23) #fs:   3  -- #Conts: 18 H(1)  G(9)  E(6)  C(2) 
  79818792 1710.94 || noQ Q (Avg,Max,Min) (1.10, 1.23, 0.99) (1.04, 0.24, 1.23) #fs:   5  -- #Conts: 19 H(1)  G(9)  E(6)  C(3) 
  79996788 1709.65 || noQ Q (Avg,Max,Min) (1.11, 1.23, 1.00) (1.04, 0.13, 1.23) #fs:   4  -- #Conts: 19 H(1)  G(9)  E(7)  C(2) 
  80161001 1706.94 || noQ Q (Avg,Max,Min) (1.11, 1.23, 0.99) (1.09, 0.96, 1.23) #fs:   6  -- #Conts: 18 H(1)  G(9)  E(6)  C(2) 
  80176949 1702.94 || noQ Q (Avg,Max,Min) (1.11, 1.23, 1.02) (1.09, 1.02, 1.23) #fs:   3  -- #Conts: 18 H(1)  G(9)  E(6)  C(2) 
  80523473 1700.24 || noQ Q (Avg,Max,Min) (1.11, 1.23, 1.02) (1.10, 0.99, 1.23) #fs:   4  -- #Conts: 18 H(1)  G(9)  E(6)  C(2) 
  82419012 1694.24 || noQ Q (Avg,Max,Min) (1.10, 1.23, 1.00) (1.07, 0.71, 1.22) #fs:   3  -- #Conts: 18 H(1)  G(9)  A(1)  E(5)  C(2) 
  82506547 1691.53 || noQ Q (Avg,Max,Min) (1.10, 1.23, 1.00) (1.03, 0.24, 1.22) #fs:   3  -- #Conts: 19 H(1)  G(9)  A(1)  E(5)  C(3) 
  82583920 1687.53 || noQ Q (Avg,Max,Min) (1.10, 1.23, 1.00) (1.08, 0.71, 1.22) #fs:   2  -- #Conts: 18 H(1)  G(9)  A(1)  E(5)  C(2) 
  82690065 1685.53 || noQ Q (Avg,Max,Min) (1.11, 1.23, 1.02) (1.10, 1.02, 1.22) #fs:   1  -- #Conts: 17 H(1)  G(9)  E(5)  C(2) 
  84145277 1685.06 || noQ Q (Avg,Max,Min) (1.10, 1.23, 1.00) (1.04, 0.47, 1.22) #fs:   2  -- #Conts: 19 H(1)  G(9)  A(3)  E(5)  C(1) 
  84343390 1684.06 || noQ Q (Avg,Max,Min) (1.10, 1.23, 1.00) (1.08, 0.76, 1.22) #fs:   2  -- #Conts: 18 H(1)  G(9)  A(2)  E(5)  C(1) 
  85623770 1681.35 || noQ Q (Avg,Max,Min) (1.10, 1.34, 1.00) (1.08, 0.90, 1.27) #fs:   1  -- #Conts: 18 H(1)  G(7)  A(1)  E(7)  C(2) 
  85628672 1680.35 || noQ Q (Avg,Max,Min) (1.11, 1.34, 1.00) (1.09, 0.90, 1.27) #fs:   0  -- #Conts: 17 H(1)  G(7)  E(7)  C(2) 
  85935335 1679.35 || noQ Q (Avg,Max,Min) (1.11, 1.34, 1.00) (1.09, 0.81, 1.27) #fs:   0  -- #Conts: 17 H(1)  G(7)  A(1)  E(7)  C(1) 
  86242005 1678.35 || noQ Q (Avg,Max,Min) (1.11, 1.34, 1.00) (1.08, 0.72, 1.27) #fs:   0  -- #Conts: 17 H(1)  G(7)  A(1)  E(7)  C(1) 
  86339877 1677.35 || noQ Q (Avg,Max,Min) (1.11, 1.34, 1.00) (1.10, 1.00, 1.27) #fs:   0  -- #Conts: 17 H(1)  G(7)  A(1)  E(7)  C(1) 
  90056240 1673.65 || noQ Q (Avg,Max,Min) (1.08, 1.16, 1.00) (1.06, 0.95, 1.16) #fs:   1  -- #Conts: 18 H(1)  G(3)  E(11)  C(3) 
  91250284 1671.65 || noQ Q (Avg,Max,Min) (1.08, 1.16, 0.98) (1.06, 0.83, 1.16) #fs:   2  -- #Conts: 18 H(1)  G(3)  A(1)  E(11)  C(2) 
  91804894 1670.65 || noQ Q (Avg,Max,Min) (1.08, 1.16, 1.00) (1.04, 0.47, 1.16) #fs:   1  -- #Conts: 18 H(1)  G(3)  A(1)  E(11)  C(2) 
  94720779 1670.59 || noQ Q (Avg,Max,Min) (1.05, 1.14, 0.92) (0.97, 0.11, 1.13) #fs:   3  -- #Conts: 18 G(3)  A(1)  E(10)  C(4) 
  94942621 1666.59 || noQ Q (Avg,Max,Min) (1.05, 1.14, 0.92) (1.02, 0.75, 1.13) #fs:   3  -- #Conts: 17 G(3)  A(1)  E(10)  C(3) 
  95713463 1664.88 || noQ Q (Avg,Max,Min) (1.04, 1.14, 0.80) (1.00, 0.65, 1.13) #fs:   3  -- #Conts: 18 G(3)  A(1)  E(10)  C(4) 
  96096795 1663.88 || noQ Q (Avg,Max,Min) (1.05, 1.14, 0.92) (1.01, 0.75, 1.13) #fs:   2  -- #Conts: 18 G(3)  A(1)  E(10)  C(4) 
  96931111 1662.88 || noQ Q (Avg,Max,Min) (1.05, 1.14, 0.92) (1.01, 0.47, 1.13) #fs:   2  -- #Conts: 18 G(3)  A(1)  E(10)  C(4) 
  97485029 1661.18 || noQ Q (Avg,Max,Min) (1.06, 1.16, 1.00) (1.01, 0.67, 1.15) #fs:   1  -- #Conts: 19 G(3)  A(2)  E(10)  C(4) 
  97823264 1660.18 || noQ Q (Avg,Max,Min) (1.06, 1.16, 1.00) (1.03, 0.77, 1.15) #fs:   1  -- #Conts: 19 G(3)  A(2)  E(10)  C(4) 
  98635029 1659.18 || noQ Q (Avg,Max,Min) (1.06, 1.16, 1.00) (1.04, 0.78, 1.15) #fs:   1  -- #Conts: 18 G(3)  A(1)  E(10)  C(4) 
 101431206 1656.47 || noQ Q (Avg,Max,Min) (1.04, 1.14, 0.61) (1.00, 0.54, 1.14) #fs:   1  -- #Conts: 17 G(3)  A(2)  E(9)  C(3) 
 102242971 1655.47 || noQ Q (Avg,Max,Min) (1.04, 1.14, 0.65) (1.01, 0.59, 1.14) #fs:   1  -- #Conts: 17 G(3)  A(2)  E(9)  C(3) 
 104722872 1654.47 || noQ Q (Avg,Max,Min) (1.06, 1.14, 1.00) (1.00, 0.59, 1.14) #fs:   0  -- #Conts: 18 G(3)  A(3)  E(9)  C(3) 
 129964839 1653.65 || noQ Q (Avg,Max,Min) (1.04, 1.10, 0.98) (0.95, 0.53, 1.09) #fs:   1  -- #Conts: 21 G(1)  A(7)  E(10)  C(3) 
 130165427 1652.65 || noQ Q (Avg,Max,Min) (1.04, 1.10, 0.98) (0.97, 0.59, 1.09) #fs:   2  -- #Conts: 20 G(1)  A(6)  E(10)  C(3) 
 130271509 1651.65 || noQ Q (Avg,Max,Min) (1.04, 1.10, 0.98) (0.97, 0.59, 1.09) #fs:   1  -- #Conts: 19 G(1)  A(5)  E(10)  C(3) 
 130428912 1646.94 || noQ Q (Avg,Max,Min) (1.04, 1.10, 1.00) (0.93, 0.11, 1.09) #fs:   1  -- #Conts: 20 G(1)  A(4)  E(10)  C(5) 
 130578173 1642.94 || noQ Q (Avg,Max,Min) (1.05, 1.10, 1.00) (0.97, 0.44, 1.09) #fs:   0  -- #Conts: 19 G(1)  A(4)  E(10)  C(4) 
 130707846 1641.24 || noQ Q (Avg,Max,Min) (1.04, 1.10, 0.88) (0.94, 0.41, 1.09) #fs:   2  -- #Conts: 21 G(1)  A(5)  E(10)  C(5) 
 130753518 1640.24 || noQ Q (Avg,Max,Min) (1.04, 1.10, 0.92) (0.95, 0.52, 1.09) #fs:   1  -- #Conts: 21 G(1)  A(5)  E(10)  C(5) 
 131283422 1639.24 || noQ Q (Avg,Max,Min) (1.04, 1.10, 0.92) (0.95, 0.53, 1.09) #fs:   1  -- #Conts: 20 G(1)  A(4)  E(10)  C(5) 
 131328520 1638.24 || noQ Q (Avg,Max,Min) (1.04, 1.10, 0.92) (0.98, 0.60, 1.09) #fs:   1  -- #Conts: 20 G(1)  A(4)  E(10)  C(5) 
 131519611 1637.24 || noQ Q (Avg,Max,Min) (1.04, 1.10, 0.92) (0.99, 0.65, 1.09) #fs:   1  -- #Conts: 19 G(1)  A(3)  E(10)  C(5) 
 131621657 1636.24 || noQ Q (Avg,Max,Min) (1.04, 1.10, 1.00) (1.00, 0.73, 1.09) #fs:   0  -- #Conts: 20 G(1)  A(4)  E(10)  C(5) 
 132242006 1635.94 || noQ Q (Avg,Max,Min) (1.05, 1.10, 1.00) (1.03, 0.75, 1.09) #fs:   0  -- #Conts: 17 G(1)  A(3)  E(10)  C(3) 
 132463848 1634.94 || noQ Q (Avg,Max,Min) (1.05, 1.10, 1.00) (1.04, 0.89, 1.09) #fs:   0  -- #Conts: 17 G(1)  A(3)  E(10)  C(3) 
 132933636 1633.94 || noQ Q (Avg,Max,Min) (1.06, 1.10, 1.00) (1.04, 0.89, 1.09) #fs:   0  -- #Conts: 16 G(1)  A(2)  E(10)  C(3) 
 187824884 1628.59 || noQ Q (Avg,Max,Min) (1.04, 1.16, 0.90) (1.00, 0.74, 1.16) #fs:   3  -- #Conts: 17 G(2)  A(4)  E(7)  C(4) 
 190792233 1627.59 || noQ Q (Avg,Max,Min) (1.04, 1.16, 0.89) (1.00, 0.71, 1.16) #fs:   2  -- #Conts: 18 G(2)  A(5)  E(7)  C(4) 
 207374789 1627.35 || noQ Q (Avg,Max,Min) (1.05, 1.16, 1.00) (0.99, 0.62, 1.16) #fs:   0  -- #Conts: 17 G(2)  A(6)  E(7)  C(2) 
 207500055 1626.35 || noQ Q (Avg,Max,Min) (1.05, 1.16, 1.00) (1.00, 0.62, 1.16) #fs:   0  -- #Conts: 17 G(2)  A(6)  E(7)  C(2) 
 208152731 1625.35 || noQ Q (Avg,Max,Min) (1.05, 1.16, 1.00) (1.02, 0.83, 1.16) #fs:   0  -- #Conts: 17 G(2)  A(6)  E(7)  C(2) 
/////////////////size: 98
nodes 50 edges 92
 mulT: 5000 mulD: 500  sumData GB 43151
pareto /CYBERSHAKE.n.50.0.dax time -> 719.0
moheft /CYBERSHAKE.n.50.0.dax time -> 1684.0
distance from M to C 0.0
distance from P to C 15.095655657665727
distance from C to M 0.009506833036245483
distance from C to P 17.642320989095364
toCompare: /CYBERSHAKE.n.50.0.dax sumDataGB: 43151 mulT: 5000 mulD: 500 paretoOptTime_MS: 719.0 MoheftOptimizationTime_MS: 1684.0 MtoC 0.0 PtoC 15.095655657665727 CtoM 0.009506833036245483 CtoP 17.642320989095364
