specify -Dflow d,b,mt,md,size
Running /home/vaggelis/jc/CYBERSHAKE.n.50.0.dax mt 1000 md: 100 size null
   9567949 504.47 || noQ Q (Avg,Max,Min) (1.13, 1.32, 0.96) (0.96, 0.66, 1.32) #fs:  13  -- #Conts: 12 H(12) 
   9757068 472.94 || noQ Q (Avg,Max,Min) (1.13, 1.32, 1.00) (1.00, 0.69, 1.32) #fs:  10  -- #Conts: 11 H(11) 
  15899981 425.65 || noQ Q (Avg,Max,Min) (1.04, 1.20, 0.84) (0.86, 0.55, 1.09) #fs:  12  -- #Conts: 14 G(14) 
  15928334 409.88 || noQ Q (Avg,Max,Min) (1.04, 1.20, 0.84) (0.89, 0.56, 1.10) #fs:  12  -- #Conts: 14 G(14) 
  34867912 400.71 || noQ Q (Avg,Max,Min) (0.95, 1.07, 0.43) (0.91, 0.41, 1.05) #fs:  12  -- #Conts: 11 G(1)  E(10) 
  34984099 355.41 || noQ Q (Avg,Max,Min) (0.99, 1.07, 0.86) (0.96, 0.83, 1.05) #fs:  11  -- #Conts: 11 E(11) 
  38017392 348.71 || noQ Q (Avg,Max,Min) (0.99, 1.08, 0.90) (0.96, 0.86, 1.04) #fs:   9  -- #Conts: 9 E(9) 
  40470123 342.00 || noQ Q (Avg,Max,Min) (1.01, 1.08, 0.90) (0.98, 0.88, 1.07) #fs:   6  -- #Conts: 8 E(8) 
  42737592 335.29 || noQ Q (Avg,Max,Min) (1.02, 1.08, 0.90) (1.01, 0.89, 1.07) #fs:   5  -- #Conts: 8 E(8) 
  43048220 328.59 || noQ Q (Avg,Max,Min) (1.04, 1.08, 1.02) (1.03, 0.99, 1.08) #fs:   3  -- #Conts: 8 E(8) 
/////////////////size: 10
   9549075 519.88 || noQ Q (Avg,Max,Min) (1.12, 1.22, 0.91) (0.79, 0.53, 1.13) #fs:   8  -- #Conts: 21 H(5)  G(11)  E(5) 
   9623710 513.18 || noQ Q (Avg,Max,Min) (1.12, 1.22, 0.92) (0.79, 0.54, 1.12) #fs:   6  -- #Conts: 20 H(5)  G(11)  E(4) 
   9672665 506.47 || noQ Q (Avg,Max,Min) (1.14, 1.36, 0.91) (0.80, 0.54, 1.11) #fs:   2  -- #Conts: 19 H(5)  G(11)  E(3) 
   9746839 499.76 || noQ Q (Avg,Max,Min) (1.16, 1.35, 0.98) (0.80, 0.54, 1.10) #fs:   5  -- #Conts: 18 H(5)  G(11)  E(2) 
   9813112 490.71 || noQ Q (Avg,Max,Min) (1.16, 1.34, 0.98) (0.82, 0.62, 1.07) #fs:   4  -- #Conts: 18 H(5)  G(10)  E(3) 
   9944828 474.94 || noQ Q (Avg,Max,Min) (1.14, 1.28, 0.98) (0.85, 0.62, 1.08) #fs:   3  -- #Conts: 19 H(4)  G(11)  E(4) 
  10039989 472.59 || noQ Q (Avg,Max,Min) (1.13, 1.28, 0.97) (0.84, 0.62, 1.09) #fs:   2  -- #Conts: 19 H(4)  G(10)  E(5) 
  10197893 465.88 || noQ Q (Avg,Max,Min) (1.15, 1.29, 0.94) (0.86, 0.62, 1.10) #fs:   2  -- #Conts: 18 H(4)  G(10)  E(4) 
  10322367 456.82 || noQ Q (Avg,Max,Min) (1.13, 1.28, 0.98) (0.84, 0.62, 1.13) #fs:   5  -- #Conts: 15 H(3)  G(8)  E(4) 
  10387295 447.76 || noQ Q (Avg,Max,Min) (1.13, 1.24, 0.98) (0.86, 0.62, 1.13) #fs:   3  -- #Conts: 16 H(3)  G(8)  E(5) 
  10485203 441.06 || noQ Q (Avg,Max,Min) (1.14, 1.27, 1.02) (0.89, 0.63, 1.13) #fs:   1  -- #Conts: 16 H(3)  G(8)  E(5) 
  10700601 438.71 || noQ Q (Avg,Max,Min) (1.12, 1.21, 1.02) (0.88, 0.62, 1.10) #fs:   3  -- #Conts: 16 H(3)  G(7)  E(6) 
  10733365 434.35 || noQ Q (Avg,Max,Min) (1.14, 1.25, 1.00) (0.91, 0.63, 1.14) #fs:   4  -- #Conts: 15 H(3)  G(8)  E(4) 
  10855780 427.65 || noQ Q (Avg,Max,Min) (1.14, 1.24, 1.02) (0.94, 0.63, 1.18) #fs:   4  -- #Conts: 14 H(3)  G(8)  E(3) 
  11321737 425.29 || noQ Q (Avg,Max,Min) (1.12, 1.24, 0.97) (0.92, 0.62, 1.18) #fs:   5  -- #Conts: 14 H(3)  G(7)  E(4) 
  11413158 418.59 || noQ Q (Avg,Max,Min) (1.12, 1.23, 0.95) (0.93, 0.62, 1.22) #fs:   5  -- #Conts: 13 H(3)  G(7)  E(3) 
  11552305 413.88 || noQ Q (Avg,Max,Min) (1.07, 1.23, 0.74) (0.91, 0.55, 1.22) #fs:   6  -- #Conts: 17 H(2)  G(10)  E(5) 
  11737762 409.53 || noQ Q (Avg,Max,Min) (1.11, 1.24, 0.83) (0.95, 0.62, 1.18) #fs:   4  -- #Conts: 14 H(3)  G(7)  E(4) 
  11905561 402.82 || noQ Q (Avg,Max,Min) (1.13, 1.23, 1.02) (0.98, 0.63, 1.22) #fs:   4  -- #Conts: 14 H(3)  G(7)  E(4) 
  12221444 396.12 || noQ Q (Avg,Max,Min) (1.12, 1.23, 1.02) (1.02, 0.74, 1.22) #fs:   5  -- #Conts: 13 H(3)  G(7)  E(3) 
  13870196 386.12 || noQ Q (Avg,Max,Min) (1.07, 1.15, 1.00) (0.94, 0.67, 1.10) #fs:   5  -- #Conts: 21 H(2)  G(2)  E(13)  C(4) 
  14037445 371.18 || noQ Q (Avg,Max,Min) (1.06, 1.23, 0.80) (1.02, 0.73, 1.22) #fs:   5  -- #Conts: 15 H(2)  G(5)  E(6)  C(2) 
  14794875 370.12 || noQ Q (Avg,Max,Min) (1.08, 1.18, 1.00) (1.01, 0.69, 1.18) #fs:   3  -- #Conts: 16 H(2)  G(4)  E(7)  C(3) 
  15252918 368.82 || noQ Q (Avg,Max,Min) (1.09, 1.18, 1.03) (1.01, 0.69, 1.18) #fs:   2  -- #Conts: 15 H(2)  G(4)  E(7)  C(2) 
  15413499 366.00 || noQ Q (Avg,Max,Min) (1.08, 1.18, 1.03) (1.03, 0.76, 1.18) #fs:   4  -- #Conts: 15 H(2)  G(4)  E(5)  C(4) 
  15631357 364.71 || noQ Q (Avg,Max,Min) (1.08, 1.18, 1.02) (1.03, 0.77, 1.18) #fs:   3  -- #Conts: 13 H(2)  G(4)  E(4)  C(3) 
  15853202 363.41 || noQ Q (Avg,Max,Min) (1.09, 1.18, 1.04) (1.03, 0.75, 1.18) #fs:   2  -- #Conts: 13 H(2)  G(4)  E(5)  C(2) 
  16495741 359.41 || noQ Q (Avg,Max,Min) (1.08, 1.18, 0.96) (1.06, 0.81, 1.18) #fs:   2  -- #Conts: 13 H(2)  G(4)  E(5)  C(2) 
  17676080 356.82 || noQ Q (Avg,Max,Min) (1.08, 1.15, 1.04) (1.05, 0.98, 1.10) #fs:   2  -- #Conts: 14 H(2)  G(2)  E(10) 
  17991881 356.71 || noQ Q (Avg,Max,Min) (1.07, 1.15, 0.89) (1.05, 0.86, 1.10) #fs:   2  -- #Conts: 15 H(2)  G(2)  E(9)  C(2) 
  19252635 356.41 || noQ Q (Avg,Max,Min) (1.06, 1.14, 0.82) (1.04, 0.81, 1.10) #fs:   1  -- #Conts: 14 H(2)  G(2)  A(1)  E(8)  C(1) 
  19456210 355.41 || noQ Q (Avg,Max,Min) (1.06, 1.14, 0.82) (1.05, 0.81, 1.10) #fs:   1  -- #Conts: 13 H(2)  G(2)  E(8)  C(1) 
  19710636 354.41 || noQ Q (Avg,Max,Min) (1.04, 1.15, 0.54) (1.02, 0.45, 1.10) #fs:   3  -- #Conts: 14 H(2)  G(2)  A(1)  E(8)  C(1) 
  22014535 353.12 || noQ Q (Avg,Max,Min) (1.06, 1.10, 0.90) (0.97, 0.03, 1.10) #fs:   2  -- #Conts: 13 H(2)  G(2)  A(2)  E(7) 
  22104535 352.12 || noQ Q (Avg,Max,Min) (1.07, 1.10, 0.90) (1.05, 0.76, 1.10) #fs:   2  -- #Conts: 12 H(2)  G(2)  A(1)  E(7) 
  27702952 349.65 || noQ Q (Avg,Max,Min) (1.07, 1.16, 0.97) (1.03, 0.92, 1.12) #fs:   3  -- #Conts: 17 H(1)  G(2)  E(9)  C(5) 
  28059182 349.35 || noQ Q (Avg,Max,Min) (1.05, 1.13, 0.96) (0.98, 0.30, 1.12) #fs:   4  -- #Conts: 14 H(1)  G(2)  A(1)  E(6)  C(4) 
  28098358 348.35 || noQ Q (Avg,Max,Min) (1.06, 1.13, 0.98) (1.04, 0.95, 1.12) #fs:   2  -- #Conts: 13 H(1)  G(2)  E(6)  C(4) 
  28175493 347.06 || noQ Q (Avg,Max,Min) (1.08, 1.16, 1.02) (1.03, 0.92, 1.12) #fs:   0  -- #Conts: 13 H(1)  G(2)  E(7)  C(3) 
  28615212 345.35 || noQ Q (Avg,Max,Min) (1.06, 1.13, 1.00) (0.99, 0.30, 1.12) #fs:   3  -- #Conts: 13 H(1)  G(2)  A(1)  E(6)  C(3) 
  28712567 344.35 || noQ Q (Avg,Max,Min) (1.06, 1.13, 1.00) (1.05, 0.98, 1.12) #fs:   3  -- #Conts: 12 H(1)  G(2)  E(6)  C(3) 
  42484892 340.12 || noQ Q (Avg,Max,Min) (1.06, 1.14, 0.96) (1.03, 0.91, 1.10) #fs:   2  -- #Conts: 14 G(4)  E(5)  C(5) 
  42620687 337.41 || noQ Q (Avg,Max,Min) (1.06, 1.14, 0.94) (1.02, 0.83, 1.10) #fs:   2  -- #Conts: 14 G(4)  E(5)  C(5) 
  42792060 334.41 || noQ Q (Avg,Max,Min) (1.06, 1.14, 1.00) (0.98, 0.09, 1.10) #fs:   1  -- #Conts: 15 G(4)  A(1)  E(5)  C(5) 
  42851158 333.12 || noQ Q (Avg,Max,Min) (1.06, 1.14, 1.00) (1.02, 0.73, 1.10) #fs:   3  -- #Conts: 14 G(4)  A(1)  E(5)  C(4) 
  43061446 332.12 || noQ Q (Avg,Max,Min) (1.07, 1.14, 1.02) (1.05, 0.94, 1.10) #fs:   3  -- #Conts: 13 G(4)  E(5)  C(4) 
  45875858 331.82 || noQ Q (Avg,Max,Min) (1.06, 1.16, 0.93) (1.03, 0.90, 1.10) #fs:   2  -- #Conts: 14 G(4)  A(1)  E(6)  C(3) 
  47883629 331.41 || noQ Q (Avg,Max,Min) (1.05, 1.14, 0.80) (1.02, 0.58, 1.10) #fs:   2  -- #Conts: 14 G(4)  A(1)  E(5)  C(4) 
  48095590 330.41 || noQ Q (Avg,Max,Min) (1.06, 1.14, 1.00) (1.04, 0.91, 1.10) #fs:   1  -- #Conts: 14 G(4)  A(1)  E(5)  C(4) 
  49907818 330.12 || noQ Q (Avg,Max,Min) (1.06, 1.14, 0.99) (1.05, 0.97, 1.10) #fs:   2  -- #Conts: 13 G(4)  A(1)  E(5)  C(3) 
  56259874 330.06 || noQ Q (Avg,Max,Min) (1.00, 1.10, 0.70) (0.91, 0.53, 1.10) #fs:   3  -- #Conts: 9 G(1)  A(3)  E(3)  C(2) 
  56431247 329.06 || noQ Q (Avg,Max,Min) (0.99, 1.10, 0.63) (0.92, 0.59, 1.10) #fs:   2  -- #Conts: 9 G(1)  A(3)  E(3)  C(2) 
  56612445 328.06 || noQ Q (Avg,Max,Min) (1.03, 1.10, 1.00) (0.94, 0.65, 1.10) #fs:   1  -- #Conts: 9 G(1)  A(3)  E(3)  C(2) 
  56867160 327.06 || noQ Q (Avg,Max,Min) (1.04, 1.10, 1.00) (0.99, 0.80, 1.10) #fs:   1  -- #Conts: 8 G(1)  A(2)  E(3)  C(2) 
  57141542 326.06 || noQ Q (Avg,Max,Min) (1.04, 1.10, 1.00) (1.03, 0.91, 1.10) #fs:   2  -- #Conts: 7 G(1)  A(1)  E(3)  C(2) 
/////////////////size: 55
nodes 50 edges 92
 mulT: 1000 mulD: 100  sumData GB 8630
pareto /CYBERSHAKE.n.50.0.dax time -> 622.0
moheft /CYBERSHAKE.n.50.0.dax time -> 1708.0
distance from M to C 0.1862298373472072
distance from P to C 1.6371677474745774
distance from C to M 0.6356676093704442
distance from C to P 8.529112056309563
toCompare: /CYBERSHAKE.n.50.0.dax sumDataGB: 8630 mulT: 1000 mulD: 100 paretoOptTime_MS: 622.0 MoheftOptimizationTime_MS: 1708.0 MtoC 0.1862298373472072 PtoC 1.6371677474745774 CtoM 0.6356676093704442 CtoP 8.529112056309563
