specify -Dflow d,b,mt,md,size
Running /home/vaggelis/jc/MONTAGE.n.50.0.dax mt 10000 md: 5000 size null
  20396676 2112.47 || noQ Q (Avg,Max,Min) (1.05, 1.18, 0.82) (0.91, 0.56, 1.12) #fs:  17  -- #Conts: 28 H(28) 
  20662491 2080.94 || noQ Q (Avg,Max,Min) (1.06, 1.16, 0.85) (0.91, 0.56, 1.11) #fs:  16  -- #Conts: 28 H(28) 
  20699047 2049.41 || noQ Q (Avg,Max,Min) (1.05, 1.16, 0.82) (0.92, 0.56, 1.11) #fs:  16  -- #Conts: 28 H(28) 
  20700866 2017.88 || noQ Q (Avg,Max,Min) (1.05, 1.16, 0.82) (0.94, 0.56, 1.11) #fs:  16  -- #Conts: 28 H(28) 
  20724076 1986.35 || noQ Q (Avg,Max,Min) (1.04, 1.27, 0.82) (0.96, 0.56, 1.11) #fs:  16  -- #Conts: 28 H(28) 
  20741183 1954.82 || noQ Q (Avg,Max,Min) (1.04, 1.27, 0.82) (0.97, 0.72, 1.11) #fs:  16  -- #Conts: 28 H(28) 
  23679764 1891.76 || noQ Q (Avg,Max,Min) (1.04, 1.20, 0.82) (0.98, 0.78, 1.13) #fs:  14  -- #Conts: 28 H(28) 
  24337974 1860.24 || noQ Q (Avg,Max,Min) (1.08, 1.22, 0.88) (1.03, 0.78, 1.21) #fs:  13  -- #Conts: 24 H(24) 
  27113751 1828.71 || noQ Q (Avg,Max,Min) (1.08, 1.22, 0.88) (1.04, 0.78, 1.21) #fs:  11  -- #Conts: 24 H(24) 
  27510103 1797.18 || noQ Q (Avg,Max,Min) (1.09, 1.22, 0.88) (1.05, 0.78, 1.21) #fs:  11  -- #Conts: 24 H(24) 
  27862033 1765.65 || noQ Q (Avg,Max,Min) (1.09, 1.27, 0.88) (1.05, 0.79, 1.23) #fs:  10  -- #Conts: 24 H(24) 
  28589744 1734.12 || noQ Q (Avg,Max,Min) (1.13, 1.77, 0.94) (1.06, 0.61, 1.43) #fs:   6  -- #Conts: 25 H(25) 
  32083131 1671.06 || noQ Q (Avg,Max,Min) (1.11, 1.22, 0.94) (1.07, 0.62, 1.21) #fs:   6  -- #Conts: 23 H(23) 
  32083624 1639.53 || noQ Q (Avg,Max,Min) (1.11, 1.22, 1.02) (1.10, 0.95, 1.21) #fs:   6  -- #Conts: 22 H(22) 
  34033412 1623.76 || noQ Q (Avg,Max,Min) (1.03, 1.13, 0.84) (0.89, 0.74, 0.99) #fs:  14  -- #Conts: 30 G(30) 
  34073492 1608.00 || noQ Q (Avg,Max,Min) (1.04, 1.13, 0.84) (0.90, 0.74, 0.99) #fs:  13  -- #Conts: 31 G(31) 
  34100239 1592.24 || noQ Q (Avg,Max,Min) (1.05, 1.13, 0.84) (0.90, 0.75, 0.99) #fs:  12  -- #Conts: 32 G(32) 
  34109807 1576.47 || noQ Q (Avg,Max,Min) (1.06, 1.13, 0.84) (0.91, 0.75, 0.99) #fs:  11  -- #Conts: 33 G(33) 
  34189698 1560.71 || noQ Q (Avg,Max,Min) (1.06, 1.13, 1.00) (0.91, 0.82, 0.99) #fs:  10  -- #Conts: 34 G(34) 
  37017299 1544.94 || noQ Q (Avg,Max,Min) (1.06, 1.37, 0.87) (0.94, 0.86, 1.07) #fs:  10  -- #Conts: 24 H(1)  G(23) 
  37044046 1529.18 || noQ Q (Avg,Max,Min) (1.06, 1.37, 0.87) (0.94, 0.86, 1.07) #fs:   9  -- #Conts: 25 H(1)  G(24) 
  37053614 1513.41 || noQ Q (Avg,Max,Min) (1.07, 1.37, 0.87) (0.95, 0.86, 1.07) #fs:   8  -- #Conts: 26 H(1)  G(25) 
  39961498 1497.65 || noQ Q (Avg,Max,Min) (1.06, 1.48, 0.87) (0.97, 0.86, 1.46) #fs:  11  -- #Conts: 23 H(2)  G(21) 
  40065970 1481.88 || noQ Q (Avg,Max,Min) (1.06, 1.47, 0.87) (0.95, 0.86, 1.46) #fs:  10  -- #Conts: 24 G(24) 
  40092717 1466.12 || noQ Q (Avg,Max,Min) (1.07, 1.47, 0.87) (0.96, 0.86, 1.46) #fs:   9  -- #Conts: 25 G(25) 
  40102285 1450.35 || noQ Q (Avg,Max,Min) (1.08, 1.48, 0.87) (0.96, 0.86, 1.47) #fs:   8  -- #Conts: 26 G(26) 
  74220219 1435.06 || noQ Q (Avg,Max,Min) (0.98, 1.06, 0.58) (0.95, 0.57, 1.01) #fs:  11  -- #Conts: 30 E(30) 
  74226741 1414.94 || noQ Q (Avg,Max,Min) (0.99, 1.22, 0.58) (0.96, 0.57, 1.17) #fs:  10  -- #Conts: 31 E(31) 
  74231712 1394.82 || noQ Q (Avg,Max,Min) (1.00, 1.22, 0.58) (0.97, 0.57, 1.17) #fs:   9  -- #Conts: 32 E(32) 
  74322143 1347.88 || noQ Q (Avg,Max,Min) (1.02, 1.22, 0.82) (0.98, 0.81, 1.17) #fs:   8  -- #Conts: 33 E(33) 
  74377944 1327.76 || noQ Q (Avg,Max,Min) (1.02, 1.22, 0.82) (0.99, 0.81, 1.17) #fs:   7  -- #Conts: 34 E(34) 
  74402039 1307.65 || noQ Q (Avg,Max,Min) (1.03, 1.22, 0.82) (1.00, 0.81, 1.18) #fs:   6  -- #Conts: 35 E(35) 
  74583619 1287.53 || noQ Q (Avg,Max,Min) (1.03, 1.22, 0.99) (1.00, 0.97, 1.18) #fs:   5  -- #Conts: 36 E(36) 
/////////////////size: 33
  23927939 1891.76 || noQ Q (Avg,Max,Min) (1.06, 1.44, 0.70) (0.93, 0.60, 1.22) #fs:  11  -- #Conts: 32 H(15)  G(17) 
  23995924 1828.71 || noQ Q (Avg,Max,Min) (1.05, 1.22, 0.82) (0.93, 0.76, 1.21) #fs:  11  -- #Conts: 32 H(15)  G(17) 
  24005146 1797.18 || noQ Q (Avg,Max,Min) (1.05, 1.22, 0.82) (0.93, 0.76, 1.21) #fs:  11  -- #Conts: 32 H(15)  G(17) 
  26499920 1781.41 || noQ Q (Avg,Max,Min) (1.05, 1.13, 0.71) (0.92, 0.69, 1.10) #fs:  10  -- #Conts: 33 H(12)  G(21) 
  26526174 1765.65 || noQ Q (Avg,Max,Min) (1.06, 1.13, 0.83) (0.92, 0.76, 1.10) #fs:   9  -- #Conts: 34 H(12)  G(22) 
  26535742 1734.12 || noQ Q (Avg,Max,Min) (1.07, 1.13, 1.00) (0.93, 0.76, 1.11) #fs:   8  -- #Conts: 35 H(12)  G(23) 
  26615633 1702.59 || noQ Q (Avg,Max,Min) (1.12, 2.58, 1.00) (0.95, 0.76, 1.53) #fs:   6  -- #Conts: 37 H(13)  G(24) 
  29347452 1671.06 || noQ Q (Avg,Max,Min) (1.07, 1.42, 0.88) (0.90, 0.61, 1.20) #fs:  11  -- #Conts: 33 H(5)  G(28) 
  29383281 1623.76 || noQ Q (Avg,Max,Min) (1.04, 1.32, 0.87) (0.90, 0.62, 1.20) #fs:  14  -- #Conts: 30 H(2)  G(28) 
  29465340 1608.00 || noQ Q (Avg,Max,Min) (1.04, 1.31, 0.87) (0.91, 0.82, 1.20) #fs:  14  -- #Conts: 30 H(2)  G(28) 
  29780855 1592.24 || noQ Q (Avg,Max,Min) (1.04, 1.28, 0.87) (0.91, 0.82, 1.20) #fs:  13  -- #Conts: 31 H(1)  G(30) 
  29860746 1576.47 || noQ Q (Avg,Max,Min) (1.05, 1.28, 0.89) (0.92, 0.82, 1.20) #fs:  13  -- #Conts: 31 H(1)  G(30) 
  30369161 1560.71 || noQ Q (Avg,Max,Min) (1.10, 2.84, 0.89) (0.96, 0.82, 2.72) #fs:  13  -- #Conts: 32 H(2)  G(30) 
  31728209 1529.18 || noQ Q (Avg,Max,Min) (1.11, 2.84, 0.99) (0.96, 0.82, 2.72) #fs:   8  -- #Conts: 36 H(1)  G(35) 
  34321399 1526.35 || noQ Q (Avg,Max,Min) (1.09, 1.76, 1.02) (0.97, 0.61, 1.43) #fs:   5  -- #Conts: 33 H(8)  G(11)  E(14) 
  34334108 1521.65 || noQ Q (Avg,Max,Min) (1.09, 1.76, 1.02) (0.98, 0.61, 1.43) #fs:   5  -- #Conts: 33 H(8)  G(10)  E(15) 
  36761751 1485.18 || noQ Q (Avg,Max,Min) (1.07, 1.27, 1.00) (0.96, 0.62, 1.25) #fs:   6  -- #Conts: 31 H(2)  G(23)  E(6) 
  36777691 1480.47 || noQ Q (Avg,Max,Min) (1.07, 1.27, 1.02) (0.96, 0.62, 1.25) #fs:   6  -- #Conts: 31 H(2)  G(22)  E(7) 
  36823188 1466.35 || noQ Q (Avg,Max,Min) (1.07, 1.27, 1.02) (0.97, 0.62, 1.25) #fs:   6  -- #Conts: 31 H(2)  G(19)  E(10) 
  36841642 1453.65 || noQ Q (Avg,Max,Min) (1.11, 2.58, 1.00) (0.98, 0.91, 1.53) #fs:   5  -- #Conts: 32 H(2)  G(24)  E(6) 
  36857582 1448.94 || noQ Q (Avg,Max,Min) (1.11, 2.58, 1.02) (0.98, 0.91, 1.53) #fs:   5  -- #Conts: 32 H(2)  G(23)  E(7) 
  36903079 1434.82 || noQ Q (Avg,Max,Min) (1.11, 2.58, 1.02) (0.99, 0.91, 1.53) #fs:   5  -- #Conts: 32 H(2)  G(20)  E(10) 
  36932379 1431.76 || noQ Q (Avg,Max,Min) (1.10, 2.58, 1.02) (0.99, 0.78, 1.53) #fs:   4  -- #Conts: 34 H(2)  G(18)  E(14) 
  36945088 1427.06 || noQ Q (Avg,Max,Min) (1.10, 2.58, 1.02) (0.99, 0.78, 1.53) #fs:   4  -- #Conts: 34 H(2)  G(17)  E(15) 
  41724302 1410.00 || noQ Q (Avg,Max,Min) (1.09, 2.07, 1.02) (0.99, 0.91, 1.70) #fs:   5  -- #Conts: 33 H(1)  G(21)  E(11) 
  41753602 1406.94 || noQ Q (Avg,Max,Min) (1.09, 2.07, 1.02) (0.99, 0.78, 1.70) #fs:   4  -- #Conts: 35 H(1)  G(19)  E(15) 
  41766311 1402.24 || noQ Q (Avg,Max,Min) (1.08, 2.07, 1.02) (0.99, 0.78, 1.70) #fs:   4  -- #Conts: 35 H(1)  G(18)  E(16) 
  45176196 1400.94 || noQ Q (Avg,Max,Min) (1.09, 2.07, 1.02) (0.99, 0.91, 1.70) #fs:   5  -- #Conts: 33 G(22)  E(11) 
  45203636 1397.88 || noQ Q (Avg,Max,Min) (1.08, 2.07, 1.02) (0.99, 0.78, 1.70) #fs:   5  -- #Conts: 35 G(20)  E(15) 
  45217179 1393.18 || noQ Q (Avg,Max,Min) (1.08, 2.07, 1.02) (0.99, 0.78, 1.70) #fs:   5  -- #Conts: 35 G(19)  E(16) 
  46908132 1386.35 || noQ Q (Avg,Max,Min) (1.09, 2.58, 1.00) (1.00, 0.91, 1.53) #fs:   1  -- #Conts: 36 H(2)  G(11)  E(23) 
  46948078 1381.65 || noQ Q (Avg,Max,Min) (1.09, 2.58, 1.01) (1.00, 0.92, 1.53) #fs:   0  -- #Conts: 37 H(2)  G(10)  E(25) 
  46970038 1376.94 || noQ Q (Avg,Max,Min) (1.09, 2.58, 0.99) (1.00, 0.95, 1.53) #fs:   1  -- #Conts: 35 H(2)  G(9)  E(24) 
  51769301 1356.82 || noQ Q (Avg,Max,Min) (1.08, 2.07, 1.01) (1.00, 0.92, 1.70) #fs:   0  -- #Conts: 38 H(1)  G(11)  E(26) 
  51791261 1352.12 || noQ Q (Avg,Max,Min) (1.08, 2.07, 0.99) (1.01, 0.95, 1.70) #fs:   1  -- #Conts: 36 H(1)  G(10)  E(25) 
  55222252 1347.76 || noQ Q (Avg,Max,Min) (1.08, 2.07, 1.01) (1.00, 0.92, 1.70) #fs:   0  -- #Conts: 38 G(12)  E(26) 
  55235301 1343.06 || noQ Q (Avg,Max,Min) (1.08, 2.07, 0.99) (1.00, 0.94, 1.70) #fs:   1  -- #Conts: 36 G(11)  E(25) 
  58111471 1339.65 || noQ Q (Avg,Max,Min) (1.08, 2.58, 0.99) (1.01, 0.94, 1.53) #fs:   1  -- #Conts: 35 H(1)  G(4)  E(30) 
  58293051 1334.94 || noQ Q (Avg,Max,Min) (1.08, 2.58, 0.99) (1.01, 0.94, 1.53) #fs:   1  -- #Conts: 35 H(1)  G(3)  E(31) 
  58331294 1330.24 || noQ Q (Avg,Max,Min) (1.08, 2.58, 0.99) (1.01, 0.85, 1.53) #fs:   1  -- #Conts: 36 H(1)  G(3)  E(32) 
  62932694 1310.12 || noQ Q (Avg,Max,Min) (1.06, 2.07, 0.99) (1.02, 0.94, 1.70) #fs:   2  -- #Conts: 35 G(4)  E(31) 
  63152517 1305.41 || noQ Q (Avg,Max,Min) (1.06, 2.07, 0.99) (1.01, 0.85, 1.70) #fs:   1  -- #Conts: 37 G(4)  E(33) 
  70568269 1300.71 || noQ Q (Avg,Max,Min) (1.04, 1.41, 0.99) (1.00, 0.85, 1.29) #fs:   1  -- #Conts: 36 G(3)  E(33) 
  74386373 1298.35 || noQ Q (Avg,Max,Min) (1.04, 1.12, 0.99) (1.00, 0.97, 1.08) #fs:   2  -- #Conts: 33 G(2)  E(31) 
  81177727 1297.06 || noQ Q (Avg,Max,Min) (1.06, 2.07, 1.00) (1.01, 0.85, 1.70) #fs:   0  -- #Conts: 38 G(2)  E(35)  C(1) 
  83858093 1294.82 || noQ Q (Avg,Max,Min) (1.04, 1.41, 1.00) (1.00, 0.85, 1.29) #fs:   2  -- #Conts: 37 G(1)  E(34)  C(2) 
  87676197 1292.47 || noQ Q (Avg,Max,Min) (1.03, 1.12, 1.01) (1.00, 0.97, 1.09) #fs:   3  -- #Conts: 34 E(32)  C(2) 
  88593479 1292.35 || noQ Q (Avg,Max,Min) (1.04, 1.41, 1.00) (1.00, 0.85, 1.29) #fs:   0  -- #Conts: 37 G(1)  E(35)  C(1) 
  92411583 1290.00 || noQ Q (Avg,Max,Min) (1.04, 1.12, 1.01) (1.00, 0.97, 1.08) #fs:   1  -- #Conts: 34 E(33)  C(1) 
 106601990 1289.88 || noQ Q (Avg,Max,Min) (1.05, 1.41, 1.00) (1.00, 0.85, 1.29) #fs:   0  -- #Conts: 31 G(1)  E(30) 
 110420094 1287.53 || noQ Q (Avg,Max,Min) (1.04, 1.12, 1.02) (1.00, 0.97, 1.08) #fs:   1  -- #Conts: 28 E(28) 
/////////////////size: 51
nodes 50 edges 108
 mulT: 10000 mulD: 5000  sumData GB 4689
pareto /MONTAGE.n.50.0.dax time -> 2069.0
moheft /MONTAGE.n.50.0.dax time -> 1170.0
distance from M to C 0.7842918399918615
distance from P to C 8.92221941639609
distance from C to M 13.406265709733354
distance from C to P 18.77717942793302
toCompare: /MONTAGE.n.50.0.dax sumDataGB: 4689 mulT: 10000 mulD: 5000 paretoOptTime_MS: 2069.0 MoheftOptimizationTime_MS: 1170.0 MtoC 0.7842918399918615 PtoC 8.92221941639609 CtoM 13.406265709733354 CtoP 18.77717942793302
