specify -Dflow d,b,mt,md,size
Running /home/vaggelis/jc/LIGO.n.100.0.dax mt 30 md: 100 size null
   1303824 677.88 || noQ Q (Avg,Max,Min) (0.87, 1.00, 0.67) (0.27, 0.19, 0.35) #fs:  33  -- #Conts: 25 H(18)  G(7) 
   1321964 662.12 || noQ Q (Avg,Max,Min) (0.88, 1.00, 0.66) (0.27, 0.19, 0.37) #fs:  32  -- #Conts: 25 H(17)  G(8) 
   1343780 646.35 || noQ Q (Avg,Max,Min) (0.89, 1.00, 0.65) (0.28, 0.19, 0.37) #fs:  31  -- #Conts: 25 H(16)  G(9) 
   1366783 630.59 || noQ Q (Avg,Max,Min) (0.89, 1.00, 0.64) (0.29, 0.19, 0.38) #fs:  32  -- #Conts: 25 H(15)  G(10) 
   1493001 614.82 || noQ Q (Avg,Max,Min) (0.89, 1.00, 0.58) (0.29, 0.19, 0.41) #fs:  31  -- #Conts: 25 H(14)  G(11) 
   1524356 599.06 || noQ Q (Avg,Max,Min) (0.88, 1.00, 0.58) (0.30, 0.19, 0.41) #fs:  31  -- #Conts: 24 H(14)  G(10) 
   1532240 583.29 || noQ Q (Avg,Max,Min) (0.89, 1.00, 0.57) (0.31, 0.19, 0.42) #fs:  30  -- #Conts: 24 H(13)  G(11) 
   1543316 567.53 || noQ Q (Avg,Max,Min) (0.88, 1.00, 0.57) (0.32, 0.24, 0.42) #fs:  30  -- #Conts: 23 H(13)  G(10) 
   1583349 551.76 || noQ Q (Avg,Max,Min) (0.88, 1.00, 0.55) (0.32, 0.24, 0.44) #fs:  29  -- #Conts: 23 H(12)  G(11) 
   1630958 536.00 || noQ Q (Avg,Max,Min) (0.87, 1.00, 0.53) (0.33, 0.24, 0.45) #fs:  29  -- #Conts: 23 H(11)  G(12) 
   1705344 520.24 || noQ Q (Avg,Max,Min) (0.85, 1.00, 0.51) (0.34, 0.24, 0.47) #fs:  29  -- #Conts: 23 H(10)  G(13) 
   1724824 504.47 || noQ Q (Avg,Max,Min) (0.85, 1.00, 0.51) (0.35, 0.24, 0.48) #fs:  29  -- #Conts: 23 H(9)  G(14) 
   1740509 488.71 || noQ Q (Avg,Max,Min) (0.85, 1.00, 0.50) (0.36, 0.24, 0.48) #fs:  29  -- #Conts: 23 H(8)  G(15) 
   1894666 472.94 || noQ Q (Avg,Max,Min) (0.86, 1.00, 0.46) (0.37, 0.24, 0.48) #fs:  29  -- #Conts: 23 H(7)  G(16) 
   1974945 457.18 || noQ Q (Avg,Max,Min) (0.83, 1.00, 0.44) (0.38, 0.24, 0.53) #fs:  28  -- #Conts: 23 H(6)  G(17) 
   1999227 441.41 || noQ Q (Avg,Max,Min) (0.82, 1.00, 0.44) (0.39, 0.24, 0.55) #fs:  33  -- #Conts: 23 H(5)  G(18) 
   2017559 425.65 || noQ Q (Avg,Max,Min) (0.81, 1.00, 0.61) (0.39, 0.25, 0.55) #fs:  32  -- #Conts: 23 H(4)  G(19) 
   2156185 409.88 || noQ Q (Avg,Max,Min) (0.77, 0.96, 0.57) (0.40, 0.25, 0.57) #fs:  33  -- #Conts: 23 H(3)  G(20) 
   2210860 400.82 || noQ Q (Avg,Max,Min) (0.76, 1.00, 0.56) (0.42, 0.27, 0.57) #fs:  31  -- #Conts: 23 H(3)  G(19)  E(1) 
   2215634 394.12 || noQ Q (Avg,Max,Min) (0.78, 0.96, 0.57) (0.41, 0.25, 0.59) #fs:  33  -- #Conts: 23 H(2)  G(21) 
   2227077 391.76 || noQ Q (Avg,Max,Min) (0.77, 1.00, 0.56) (0.43, 0.30, 0.61) #fs:  32  -- #Conts: 23 H(3)  G(18)  E(2) 
   2239392 385.06 || noQ Q (Avg,Max,Min) (0.77, 1.00, 0.56) (0.43, 0.27, 0.59) #fs:  31  -- #Conts: 23 H(2)  G(20)  E(1) 
   2255609 376.00 || noQ Q (Avg,Max,Min) (0.78, 1.00, 0.56) (0.44, 0.30, 0.61) #fs:  32  -- #Conts: 23 H(2)  G(19)  E(2) 
   2268777 366.94 || noQ Q (Avg,Max,Min) (0.82, 1.00, 0.63) (0.44, 0.27, 0.60) #fs:  30  -- #Conts: 25 G(22)  E(3) 
   2284994 357.88 || noQ Q (Avg,Max,Min) (0.83, 1.00, 0.65) (0.45, 0.30, 0.61) #fs:  30  -- #Conts: 25 G(21)  E(4) 
   2450700 348.82 || noQ Q (Avg,Max,Min) (0.83, 1.00, 0.64) (0.47, 0.32, 0.68) #fs:  30  -- #Conts: 25 G(20)  E(5) 
   2701875 344.47 || noQ Q (Avg,Max,Min) (0.79, 1.00, 0.56) (0.46, 0.30, 0.61) #fs:  30  -- #Conts: 23 G(21)  E(2) 
   2739781 335.41 || noQ Q (Avg,Max,Min) (0.80, 1.00, 0.55) (0.48, 0.34, 0.68) #fs:  29  -- #Conts: 23 G(20)  E(3) 
   2795122 326.35 || noQ Q (Avg,Max,Min) (0.80, 1.00, 0.54) (0.50, 0.35, 0.76) #fs:  29  -- #Conts: 23 G(19)  E(4) 
   2825924 315.29 || noQ Q (Avg,Max,Min) (0.89, 1.00, 0.75) (0.59, 0.43, 0.75) #fs:  14  -- #Conts: 10 H(10) 
   3035373 299.53 || noQ Q (Avg,Max,Min) (0.88, 1.00, 0.69) (0.62, 0.46, 0.75) #fs:  13  -- #Conts: 10 H(9)  G(1) 
   3094270 283.76 || noQ Q (Avg,Max,Min) (0.87, 1.00, 0.72) (0.65, 0.52, 0.76) #fs:  14  -- #Conts: 9 H(9) 
   3230482 268.00 || noQ Q (Avg,Max,Min) (0.86, 1.00, 0.64) (0.59, 0.33, 0.80) #fs:  19  -- #Conts: 17 G(17) 
   3242075 258.94 || noQ Q (Avg,Max,Min) (0.88, 1.00, 0.67) (0.62, 0.33, 0.80) #fs:  19  -- #Conts: 17 G(16)  E(1) 
   3270528 252.24 || noQ Q (Avg,Max,Min) (0.86, 1.00, 0.60) (0.63, 0.36, 0.84) #fs:  19  -- #Conts: 16 G(16) 
   3282121 243.18 || noQ Q (Avg,Max,Min) (0.88, 1.00, 0.60) (0.65, 0.53, 0.84) #fs:  19  -- #Conts: 16 G(15)  E(1) 
   3577768 236.47 || noQ Q (Avg,Max,Min) (0.85, 1.00, 0.63) (0.67, 0.32, 0.95) #fs:  17  -- #Conts: 15 G(15) 
   3622530 220.71 || noQ Q (Avg,Max,Min) (0.89, 1.01, 0.75) (0.84, 0.68, 0.99) #fs:  10  -- #Conts: 7 H(7) 
   7102078 214.59 || noQ Q (Avg,Max,Min) (0.87, 1.00, 0.37) (0.70, 0.36, 0.78) #fs:  15  -- #Conts: 20 E(20) 
   7160204 189.18 || noQ Q (Avg,Max,Min) (0.90, 1.00, 0.80) (0.82, 0.68, 0.98) #fs:  13  -- #Conts: 10 G(10) 
  49380447 186.00 || noQ Q (Avg,Max,Min) (0.99, 1.00, 0.91) (0.92, 0.84, 0.99) #fs:  11  -- #Conts: 29 A(29) 
  50310990 185.00 || noQ Q (Avg,Max,Min) (0.98, 1.00, 0.90) (0.93, 0.84, 1.00) #fs:  12  -- #Conts: 27 A(27) 
  56577090 184.00 || noQ Q (Avg,Max,Min) (0.99, 1.00, 0.91) (0.94, 0.86, 1.00) #fs:  11  -- #Conts: 23 A(23) 
  56651204 183.00 || noQ Q (Avg,Max,Min) (0.99, 1.00, 0.91) (0.94, 0.89, 1.00) #fs:  11  -- #Conts: 22 A(22) 
  60097290 181.00 || noQ Q (Avg,Max,Min) (0.98, 1.00, 0.91) (0.95, 0.89, 1.00) #fs:  11  -- #Conts: 20 A(20) 
  61878416 180.00 || noQ Q (Avg,Max,Min) (0.98, 1.00, 0.91) (0.95, 0.89, 1.00) #fs:   9  -- #Conts: 20 A(20) 
  67253176 179.00 || noQ Q (Avg,Max,Min) (0.98, 1.00, 0.91) (0.96, 0.89, 1.00) #fs:   9  -- #Conts: 19 A(19) 
  69946225 178.00 || noQ Q (Avg,Max,Min) (0.98, 1.00, 0.91) (0.96, 0.89, 1.00) #fs:   9  -- #Conts: 18 A(18) 
/////////////////size: 48
   4736390 339.76 || noQ Q (Avg,Max,Min) (0.95, 1.00, 0.63) (0.47, 0.19, 1.00) #fs:  11  -- #Conts: 18 H(4)  A(2)  G(11)  E(1) 
   4786966 333.06 || noQ Q (Avg,Max,Min) (0.95, 1.00, 0.63) (0.48, 0.19, 1.00) #fs:  11  -- #Conts: 17 H(4)  A(2)  G(11) 
   4851423 317.29 || noQ Q (Avg,Max,Min) (0.95, 1.00, 0.63) (0.51, 0.20, 1.00) #fs:  11  -- #Conts: 16 H(4)  A(2)  G(10) 
   4863030 308.24 || noQ Q (Avg,Max,Min) (0.95, 1.00, 0.63) (0.52, 0.21, 1.00) #fs:  11  -- #Conts: 16 H(4)  A(2)  G(9)  E(1) 
   4869898 301.53 || noQ Q (Avg,Max,Min) (0.95, 1.00, 0.63) (0.54, 0.07, 1.00) #fs:  12  -- #Conts: 16 H(5)  A(2)  G(9) 
   4966643 267.65 || noQ Q (Avg,Max,Min) (0.92, 1.00, 0.63) (0.61, 0.31, 0.96) #fs:  13  -- #Conts: 14 H(4)  A(2)  G(6)  E(2) 
   5001029 265.29 || noQ Q (Avg,Max,Min) (0.93, 1.00, 0.63) (0.59, 0.27, 0.96) #fs:  13  -- #Conts: 15 H(4)  A(2)  G(5)  E(4) 
   5070695 249.53 || noQ Q (Avg,Max,Min) (0.95, 1.00, 0.63) (0.59, 0.11, 1.00) #fs:  12  -- #Conts: 16 H(4)  A(2)  G(6)  E(4) 
   5112123 236.12 || noQ Q (Avg,Max,Min) (0.94, 1.00, 0.63) (0.65, 0.31, 1.00) #fs:  12  -- #Conts: 14 H(4)  A(2)  G(6)  E(2) 
   5166240 233.76 || noQ Q (Avg,Max,Min) (0.94, 1.00, 0.63) (0.62, 0.27, 1.00) #fs:  12  -- #Conts: 15 H(4)  A(2)  G(5)  E(4) 
   5376446 219.29 || noQ Q (Avg,Max,Min) (0.94, 1.00, 0.63) (0.66, 0.27, 1.00) #fs:  11  -- #Conts: 15 H(4)  A(2)  G(4)  E(3)  C(2) 
   5391161 208.59 || noQ Q (Avg,Max,Min) (0.94, 1.00, 0.63) (0.74, 0.45, 1.00) #fs:  11  -- #Conts: 13 H(4)  A(2)  G(4)  E(2)  C(1) 
   5739637 207.53 || noQ Q (Avg,Max,Min) (0.95, 1.00, 0.63) (0.70, 0.26, 1.00) #fs:  11  -- #Conts: 15 H(4)  A(2)  G(3)  E(3)  C(3) 
   5753707 204.59 || noQ Q (Avg,Max,Min) (0.92, 1.00, 0.63) (0.77, 0.45, 1.00) #fs:  13  -- #Conts: 12 H(4)  A(2)  G(4)  E(2) 
   5962365 199.18 || noQ Q (Avg,Max,Min) (0.92, 1.00, 0.63) (0.78, 0.46, 1.00) #fs:  12  -- #Conts: 12 H(4)  A(2)  G(4)  C(2) 
   6162149 194.12 || noQ Q (Avg,Max,Min) (0.94, 1.00, 0.63) (0.79, 0.48, 1.00) #fs:  11  -- #Conts: 13 H(4)  A(2)  G(3)  E(1)  C(3) 
   6574860 190.12 || noQ Q (Avg,Max,Min) (0.93, 1.00, 0.63) (0.82, 0.53, 1.00) #fs:  11  -- #Conts: 12 H(4)  A(2)  G(3)  E(1)  C(2) 
  11944839 189.12 || noQ Q (Avg,Max,Min) (0.91, 1.00, 0.63) (0.84, 0.62, 1.00) #fs:  12  -- #Conts: 12 H(4)  A(3)  G(3)  E(1)  C(1) 
  17812777 187.18 || noQ Q (Avg,Max,Min) (0.95, 1.00, 0.39) (0.86, 0.32, 1.00) #fs:   6  -- #Conts: 17 H(1)  A(2)  G(1)  E(8)  C(5) 
  17812809 180.47 || noQ Q (Avg,Max,Min) (0.99, 1.02, 0.83) (0.84, 0.01, 1.00) #fs:   5  -- #Conts: 18 H(1)  A(2)  G(1)  E(9)  C(5) 
  17827810 173.76 || noQ Q (Avg,Max,Min) (0.99, 1.00, 0.83) (0.89, 0.60, 1.00) #fs:   5  -- #Conts: 17 H(1)  A(2)  G(1)  E(8)  C(5) 
  21184522 173.41 || noQ Q (Avg,Max,Min) (0.99, 1.00, 0.92) (0.94, 0.75, 1.00) #fs:   9  -- #Conts: 14 H(2)  A(3)  G(2)  E(4)  C(3) 
  26135896 171.35 || noQ Q (Avg,Max,Min) (0.99, 1.00, 0.85) (0.91, 0.79, 1.00) #fs:   5  -- #Conts: 14 H(1)  A(3)  G(1)  E(4)  C(5) 
  27065131 169.35 || noQ Q (Avg,Max,Min) (0.98, 1.00, 0.78) (0.91, 0.74, 1.00) #fs:   6  -- #Conts: 14 H(1)  A(3)  G(1)  E(4)  C(5) 
  27090346 168.35 || noQ Q (Avg,Max,Min) (1.00, 1.00, 0.96) (0.93, 0.79, 1.00) #fs:   4  -- #Conts: 15 H(1)  A(4)  G(1)  E(4)  C(5) 
  33390009 167.65 || noQ Q (Avg,Max,Min) (1.00, 1.00, 0.95) (0.94, 0.89, 1.00) #fs:   4  -- #Conts: 14 H(1)  A(6)  G(1)  E(4)  C(2) 
  47979552 166.65 || noQ Q (Avg,Max,Min) (1.00, 1.00, 0.95) (0.95, 0.89, 1.00) #fs:   4  -- #Conts: 13 H(1)  A(5)  G(1)  E(4)  C(2) 
/////////////////size: 27
nodes 100 edges 123
 mulT: 30 mulD: 100  sumData GB 285
pareto /LIGO.n.100.0.dax time -> 6548.0
moheft /LIGO.n.100.0.dax time -> 670.0
distance from M to C 0.9760348583877962
distance from P to C 23.351709852429014
distance from C to M 9.591487165706752
distance from C to P 2.8319327731092523
toCompare: /LIGO.n.100.0.dax sumDataGB: 285 mulT: 30 mulD: 100 paretoOptTime_MS: 6548.0 MoheftOptimizationTime_MS: 670.0 MtoC 0.9760348583877962 PtoC 23.351709852429014 CtoM 9.591487165706752 CtoP 2.8319327731092523
