specify -Dflow d,b,mt,md,size
Running /home/vaggelis/jc/LIGO.n.50.0.dax mt 30 md: 1 size null
   1417004 362.59 || noQ Q (Avg,Max,Min) (0.87, 1.00, 0.67) (0.31, 0.21, 0.36) #fs:  11  -- #Conts: 12 H(11)  G(1) 
   1426831 346.82 || noQ Q (Avg,Max,Min) (0.88, 1.00, 0.76) (0.32, 0.24, 0.36) #fs:  12  -- #Conts: 12 H(10)  G(2) 
   1496883 331.06 || noQ Q (Avg,Max,Min) (0.87, 1.00, 0.76) (0.33, 0.27, 0.41) #fs:  13  -- #Conts: 12 H(9)  G(3) 
   1691835 315.29 || noQ Q (Avg,Max,Min) (0.86, 1.00, 0.79) (0.35, 0.28, 0.47) #fs:  13  -- #Conts: 12 H(8)  G(4) 
   1870073 299.53 || noQ Q (Avg,Max,Min) (0.82, 1.00, 0.71) (0.37, 0.28, 0.52) #fs:  14  -- #Conts: 12 H(7)  G(5) 
   1946866 283.76 || noQ Q (Avg,Max,Min) (0.82, 1.00, 0.68) (0.39, 0.28, 0.54) #fs:  14  -- #Conts: 12 H(6)  G(6) 
   2016908 268.00 || noQ Q (Avg,Max,Min) (0.83, 1.00, 0.67) (0.40, 0.28, 0.56) #fs:  14  -- #Conts: 12 H(5)  G(7) 
   2067894 252.24 || noQ Q (Avg,Max,Min) (0.84, 1.00, 0.65) (0.42, 0.28, 0.57) #fs:  13  -- #Conts: 12 H(4)  G(8) 
   2134274 236.47 || noQ Q (Avg,Max,Min) (0.85, 1.00, 0.63) (0.44, 0.28, 0.58) #fs:  13  -- #Conts: 12 H(3)  G(9) 
   2236930 220.71 || noQ Q (Avg,Max,Min) (0.86, 1.00, 0.60) (0.47, 0.28, 0.61) #fs:  13  -- #Conts: 12 H(2)  G(10) 
   2296831 204.94 || noQ Q (Avg,Max,Min) (0.87, 1.00, 0.68) (0.49, 0.28, 0.62) #fs:  12  -- #Conts: 12 H(1)  G(11) 
   2428488 189.18 || noQ Q (Avg,Max,Min) (0.85, 1.00, 0.63) (0.50, 0.34, 0.62) #fs:  11  -- #Conts: 12 G(12) 
   2759883 180.12 || noQ Q (Avg,Max,Min) (0.87, 1.00, 0.67) (0.54, 0.36, 0.76) #fs:  12  -- #Conts: 12 G(11)  E(1) 
   2947231 171.06 || noQ Q (Avg,Max,Min) (0.85, 1.00, 0.71) (0.58, 0.41, 0.81) #fs:  14  -- #Conts: 12 G(10)  E(2) 
   3310250 157.65 || noQ Q (Avg,Max,Min) (0.89, 1.00, 0.79) (0.71, 0.56, 0.81) #fs:   4  -- #Conts: 5 H(5) 
   3576646 141.88 || noQ Q (Avg,Max,Min) (0.88, 1.00, 0.78) (0.79, 0.62, 0.96) #fs:   6  -- #Conts: 5 H(4)  G(1) 
   6706447 140.82 || noQ Q (Avg,Max,Min) (0.84, 1.00, 0.55) (0.64, 0.50, 0.81) #fs:  13  -- #Conts: 13 E(13) 
   7835151 134.12 || noQ Q (Avg,Max,Min) (0.81, 1.00, 0.55) (0.66, 0.50, 0.93) #fs:  14  -- #Conts: 12 E(12) 
   8989026 125.41 || noQ Q (Avg,Max,Min) (0.95, 1.00, 0.73) (0.79, 0.58, 1.00) #fs:   8  -- #Conts: 16 E(1)  C(15) 
   9502284 124.00 || noQ Q (Avg,Max,Min) (0.94, 1.00, 0.69) (0.79, 0.58, 1.00) #fs:   7  -- #Conts: 16 C(16) 
  10743814 121.41 || noQ Q (Avg,Max,Min) (0.92, 1.00, 0.66) (0.80, 0.65, 0.97) #fs:   9  -- #Conts: 15 E(1)  C(14) 
  10761467 120.00 || noQ Q (Avg,Max,Min) (0.93, 1.00, 0.72) (0.81, 0.69, 0.97) #fs:   7  -- #Conts: 15 C(15) 
  13271647 116.00 || noQ Q (Avg,Max,Min) (0.95, 1.00, 0.72) (0.84, 0.69, 0.99) #fs:   6  -- #Conts: 15 C(15) 
  14375781 112.00 || noQ Q (Avg,Max,Min) (0.97, 1.00, 0.85) (0.86, 0.74, 0.98) #fs:   5  -- #Conts: 15 C(15) 
  15782773 108.00 || noQ Q (Avg,Max,Min) (0.95, 1.00, 0.79) (0.88, 0.74, 0.97) #fs:   7  -- #Conts: 10 C(10) 
/////////////////size: 25
   3996954 254.24 || noQ Q (Avg,Max,Min) (0.92, 1.00, 0.52) (0.41, 0.15, 0.90) #fs:   6  -- #Conts: 11 H(5)  A(2)  G(4) 
   4040860 238.47 || noQ Q (Avg,Max,Min) (0.91, 1.00, 0.52) (0.45, 0.15, 0.90) #fs:   6  -- #Conts: 10 H(5)  A(2)  G(3) 
   4308668 222.71 || noQ Q (Avg,Max,Min) (0.90, 1.00, 0.50) (0.48, 0.15, 0.90) #fs:   6  -- #Conts: 9 H(5)  A(2)  G(2) 
   4380698 206.94 || noQ Q (Avg,Max,Min) (0.96, 1.00, 0.79) (0.42, 0.15, 0.95) #fs:   6  -- #Conts: 12 H(3)  A(2)  G(7) 
   4626031 191.18 || noQ Q (Avg,Max,Min) (0.96, 1.00, 0.79) (0.46, 0.19, 0.95) #fs:   6  -- #Conts: 11 H(3)  A(2)  G(6) 
   4780074 175.41 || noQ Q (Avg,Max,Min) (0.96, 1.00, 0.79) (0.51, 0.24, 0.95) #fs:   6  -- #Conts: 10 H(3)  A(2)  G(5) 
   4925888 166.35 || noQ Q (Avg,Max,Min) (0.95, 1.00, 0.79) (0.53, 0.24, 0.95) #fs:   7  -- #Conts: 10 H(3)  A(2)  G(4)  E(1) 
   4935535 159.65 || noQ Q (Avg,Max,Min) (0.95, 1.00, 0.79) (0.56, 0.26, 0.95) #fs:   6  -- #Conts: 9 H(3)  A(2)  G(4) 
   4983021 157.29 || noQ Q (Avg,Max,Min) (0.95, 1.00, 0.79) (0.55, 0.26, 0.95) #fs:   7  -- #Conts: 10 H(3)  A(2)  G(3)  E(2) 
   5007409 150.59 || noQ Q (Avg,Max,Min) (0.95, 1.00, 0.79) (0.59, 0.31, 0.95) #fs:   6  -- #Conts: 9 H(3)  A(2)  G(3)  E(1) 
   5200870 148.24 || noQ Q (Avg,Max,Min) (0.96, 1.00, 0.79) (0.57, 0.31, 0.95) #fs:   6  -- #Conts: 10 H(3)  A(2)  G(2)  E(3) 
   5346514 145.88 || noQ Q (Avg,Max,Min) (0.96, 1.00, 0.79) (0.57, 0.31, 0.95) #fs:   7  -- #Conts: 11 H(3)  A(2)  G(1)  E(5) 
   5497930 143.18 || noQ Q (Avg,Max,Min) (0.95, 1.00, 0.79) (0.59, 0.31, 0.95) #fs:   7  -- #Conts: 11 H(3)  A(2)  G(1)  E(4)  C(1) 
   5604732 140.82 || noQ Q (Avg,Max,Min) (0.96, 1.00, 0.79) (0.60, 0.31, 0.95) #fs:   6  -- #Conts: 12 H(3)  A(2)  E(6)  C(1) 
   5740945 134.82 || noQ Q (Avg,Max,Min) (0.94, 1.00, 0.79) (0.66, 0.31, 0.95) #fs:   6  -- #Conts: 8 H(3)  A(2)  G(2)  E(1) 
   5859347 132.12 || noQ Q (Avg,Max,Min) (0.94, 1.00, 0.79) (0.69, 0.31, 0.95) #fs:   6  -- #Conts: 8 H(3)  A(2)  G(2)  C(1) 
   6109609 131.06 || noQ Q (Avg,Max,Min) (0.95, 1.00, 0.79) (0.69, 0.31, 0.95) #fs:   7  -- #Conts: 10 H(3)  A(2)  G(1)  E(1)  C(3) 
   6164962 128.35 || noQ Q (Avg,Max,Min) (0.95, 1.00, 0.79) (0.71, 0.31, 0.95) #fs:   7  -- #Conts: 10 H(3)  A(2)  G(1)  C(4) 
   6295428 128.12 || noQ Q (Avg,Max,Min) (0.94, 1.00, 0.79) (0.72, 0.31, 0.95) #fs:   6  -- #Conts: 7 H(3)  A(2)  G(2) 
   6534490 127.06 || noQ Q (Avg,Max,Min) (0.93, 1.00, 0.79) (0.74, 0.31, 0.95) #fs:   7  -- #Conts: 9 H(3)  A(2)  G(1)  E(1)  C(2) 
   6670510 123.06 || noQ Q (Avg,Max,Min) (0.94, 1.00, 0.79) (0.76, 0.31, 0.95) #fs:   6  -- #Conts: 8 H(3)  A(2)  G(1)  E(1)  C(1) 
   7685127 118.00 || noQ Q (Avg,Max,Min) (0.98, 1.00, 0.78) (0.78, 0.58, 0.98) #fs:   2  -- #Conts: 12 H(1)  G(2)  E(7)  C(2) 
   7752705 114.00 || noQ Q (Avg,Max,Min) (0.98, 1.00, 0.78) (0.82, 0.61, 0.99) #fs:   3  -- #Conts: 11 H(1)  G(2)  E(7)  C(1) 
  11007001 110.94 || noQ Q (Avg,Max,Min) (0.95, 1.00, 0.77) (0.85, 0.61, 0.99) #fs:   3  -- #Conts: 9 H(1)  G(2)  E(3)  C(3) 
  11059253 109.65 || noQ Q (Avg,Max,Min) (0.97, 1.00, 0.78) (0.88, 0.75, 0.99) #fs:   2  -- #Conts: 7 H(1)  G(2)  E(3)  C(1) 
  56063408 108.59 || noQ Q (Avg,Max,Min) (1.00, 1.00, 1.00) (0.89, 0.73, 0.98) #fs:   0  -- #Conts: 12 G(1)  A(7)  E(3)  C(1) 
 102549905 106.88 || noQ Q (Avg,Max,Min) (1.00, 1.00, 1.00) (0.89, 0.73, 0.98) #fs:   0  -- #Conts: 9 G(1)  A(3)  E(2)  C(3) 
/////////////////size: 27
nodes 50 edges 60
 mulT: 30 mulD: 1  sumData GB 1
pareto /LIGO.n.50.0.dax time -> 1070.0
moheft /LIGO.n.50.0.dax time -> 285.0
distance from M to C 1.0652146596365482
distance from P to C 3.5796210336726517
distance from C to M 9.93920483556167
distance from C to P 5.406643311273214
toCompare: /LIGO.n.50.0.dax sumDataGB: 1 mulT: 30 mulD: 1 paretoOptTime_MS: 1070.0 MoheftOptimizationTime_MS: 285.0 MtoC 1.0652146596365482 PtoC 3.5796210336726517 CtoM 9.93920483556167 CtoP 5.406643311273214
