specify -Dflow d,b,mt,md,size
Running /home/vaggelis/jc/SIPHT.n.50.0.dax mt 500 md: 500 size null
  67081008 1876.00 || noQ Q (Avg,Max,Min) (0.95, 1.01, 0.64) (0.93, 0.63, 1.00) #fs:   1  -- #Conts: 7 H(6)  G(1) 
  67081894 1655.29 || noQ Q (Avg,Max,Min) (1.00, 1.01, 1.00) (0.98, 0.90, 1.00) #fs:   0  -- #Conts: 7 H(6)  G(1) 
 113253596 1592.24 || noQ Q (Avg,Max,Min) (0.95, 1.01, 0.61) (0.82, 0.59, 0.99) #fs:   1  -- #Conts: 7 H(1)  G(6) 
 114832641 1440.82 || noQ Q (Avg,Max,Min) (1.00, 1.01, 1.00) (0.97, 0.92, 0.99) #fs:   0  -- #Conts: 7 G(5)  A(2) 
 114835180 1439.76 || noQ Q (Avg,Max,Min) (1.00, 1.00, 1.00) (0.96, 0.92, 0.99) #fs:   1  -- #Conts: 7 G(4)  A(2)  E(1) 
 115192288 1425.06 || noQ Q (Avg,Max,Min) (1.00, 1.01, 1.00) (0.97, 0.92, 1.00) #fs:   0  -- #Conts: 6 G(4)  A(2) 
 115194827 1424.00 || noQ Q (Avg,Max,Min) (1.00, 1.00, 1.00) (0.97, 0.92, 1.00) #fs:   1  -- #Conts: 6 G(3)  A(2)  E(1) 
 202423643 1408.71 || noQ Q (Avg,Max,Min) (1.00, 1.00, 1.00) (0.91, 0.66, 1.00) #fs:   0  -- #Conts: 9 H(1)  G(1)  E(7) 
 212396092 1392.94 || noQ Q (Avg,Max,Min) (1.00, 1.00, 1.00) (0.90, 0.66, 1.00) #fs:   0  -- #Conts: 9 G(2)  E(7) 
 250224979 1380.47 || noQ Q (Avg,Max,Min) (1.00, 1.00, 1.00) (0.91, 0.66, 1.00) #fs:   0  -- #Conts: 9 G(1)  E(8) 
 258747275 1368.00 || noQ Q (Avg,Max,Min) (1.00, 1.00, 1.00) (0.91, 0.66, 1.00) #fs:   0  -- #Conts: 9 E(9) 
 260900467 1361.29 || noQ Q (Avg,Max,Min) (1.00, 1.00, 1.00) (0.92, 0.66, 1.00) #fs:   0  -- #Conts: 9 E(9) 
/////////////////size: 12
  67696524 1639.53 || noQ Q (Avg,Max,Min) (1.00, 1.01, 1.00) (0.85, 0.27, 1.00) #fs:   0  -- #Conts: 5 H(3)  G(2) 
  67825048 1626.76 || noQ Q (Avg,Max,Min) (1.00, 1.01, 1.00) (0.95, 0.75, 1.01) #fs:   0  -- #Conts: 5 H(3)  G(1)  A(1) 
  67879576 1625.76 || noQ Q (Avg,Max,Min) (1.00, 1.01, 1.00) (0.96, 0.82, 1.00) #fs:   0  -- #Conts: 5 H(3)  G(1)  A(1) 
  67906864 1624.76 || noQ Q (Avg,Max,Min) (1.00, 1.01, 1.00) (0.99, 0.94, 1.01) #fs:   1  -- #Conts: 5 H(3)  G(1)  A(1) 
  67966595 1623.76 || noQ Q (Avg,Max,Min) (1.00, 1.01, 1.00) (1.00, 0.99, 1.01) #fs:   0  -- #Conts: 4 H(3)  G(1) 
  82520537 1614.71 || noQ Q (Avg,Max,Min) (1.00, 1.01, 0.97) (0.93, 0.63, 1.00) #fs:   1  -- #Conts: 6 H(3)  G(2)  E(1) 
  83075972 1593.24 || noQ Q (Avg,Max,Min) (1.00, 1.01, 0.97) (0.91, 0.49, 1.00) #fs:   1  -- #Conts: 7 H(3)  G(3)  A(1) 
  83165556 1592.24 || noQ Q (Avg,Max,Min) (1.00, 1.01, 0.97) (0.98, 0.93, 1.00) #fs:   1  -- #Conts: 6 H(3)  G(3) 
  85533868 1583.18 || noQ Q (Avg,Max,Min) (1.00, 1.01, 1.00) (0.97, 0.81, 1.00) #fs:   0  -- #Conts: 7 H(4)  G(2)  E(1) 
  86090933 1578.47 || noQ Q (Avg,Max,Min) (1.00, 1.01, 1.00) (0.97, 0.82, 1.00) #fs:   0  -- #Conts: 7 H(4)  G(2)  A(1) 
  86174493 1577.47 || noQ Q (Avg,Max,Min) (1.00, 1.01, 1.00) (0.99, 0.94, 1.00) #fs:   0  -- #Conts: 7 H(4)  G(2)  A(1) 
  86288945 1576.47 || noQ Q (Avg,Max,Min) (1.00, 1.01, 1.00) (1.00, 0.99, 1.00) #fs:   0  -- #Conts: 6 H(4)  G(2) 
  91143399 1530.47 || noQ Q (Avg,Max,Min) (1.00, 1.01, 1.00) (0.90, 0.28, 1.00) #fs:   1  -- #Conts: 9 H(3)  G(3)  A(2)  E(1) 
  91171610 1529.47 || noQ Q (Avg,Max,Min) (1.00, 1.01, 1.00) (0.98, 0.90, 1.00) #fs:   1  -- #Conts: 8 H(3)  G(3)  A(1)  E(1) 
  97362335 1529.12 || noQ Q (Avg,Max,Min) (1.00, 1.01, 1.00) (0.90, 0.28, 1.00) #fs:   1  -- #Conts: 7 H(3)  G(2)  A(1)  E(1) 
  97390546 1528.12 || noQ Q (Avg,Max,Min) (1.00, 1.01, 1.00) (1.00, 0.99, 1.00) #fs:   1  -- #Conts: 6 H(3)  G(2)  E(1) 
 106522680 1514.71 || noQ Q (Avg,Max,Min) (1.00, 1.01, 1.00) (0.90, 0.28, 1.00) #fs:   1  -- #Conts: 9 H(2)  G(4)  A(2)  E(1) 
 106574871 1513.71 || noQ Q (Avg,Max,Min) (1.00, 1.01, 1.00) (0.97, 0.90, 1.00) #fs:   1  -- #Conts: 8 H(2)  G(4)  A(1)  E(1) 
 107393990 1485.18 || noQ Q (Avg,Max,Min) (1.00, 1.00, 0.98) (0.98, 0.91, 1.00) #fs:   1  -- #Conts: 6 H(2)  G(3)  E(1) 
 110936538 1466.29 || noQ Q (Avg,Max,Min) (1.01, 1.15, 0.94) (0.85, 0.01, 1.00) #fs:   2  -- #Conts: 9 H(2)  G(3)  A(3)  E(1) 
 110946362 1465.29 || noQ Q (Avg,Max,Min) (1.02, 1.15, 0.99) (0.86, 0.01, 1.00) #fs:   1  -- #Conts: 9 H(2)  G(3)  A(3)  E(1) 
 110959695 1434.76 || noQ Q (Avg,Max,Min) (0.99, 1.00, 0.94) (0.95, 0.83, 1.00) #fs:   2  -- #Conts: 8 H(1)  G(3)  A(3)  E(1) 
 111008878 1433.76 || noQ Q (Avg,Max,Min) (1.00, 1.00, 0.99) (0.97, 0.90, 1.00) #fs:   1  -- #Conts: 8 H(1)  G(3)  A(3)  E(1) 
 111215420 1432.76 || noQ Q (Avg,Max,Min) (1.00, 1.00, 0.99) (0.96, 0.90, 1.00) #fs:   1  -- #Conts: 8 H(1)  G(3)  A(3)  E(1) 
 111537009 1429.12 || noQ Q (Avg,Max,Min) (0.99, 1.00, 0.94) (0.97, 0.83, 1.00) #fs:   2  -- #Conts: 6 H(1)  G(3)  A(1)  E(1) 
 111586192 1428.12 || noQ Q (Avg,Max,Min) (1.00, 1.00, 0.98) (0.99, 0.93, 1.00) #fs:   1  -- #Conts: 6 H(1)  G(3)  A(1)  E(1) 
 115885470 1420.41 || noQ Q (Avg,Max,Min) (1.00, 1.00, 1.00) (0.92, 0.65, 1.00) #fs:   0  -- #Conts: 6 G(3)  A(1)  E(2) 
 116840187 1413.71 || noQ Q (Avg,Max,Min) (1.00, 1.01, 1.00) (0.93, 0.70, 1.00) #fs:   0  -- #Conts: 6 G(3)  A(1)  E(2) 
 117794904 1412.00 || noQ Q (Avg,Max,Min) (1.00, 1.02, 1.00) (0.77, 0.06, 1.00) #fs:   0  -- #Conts: 7 G(3)  A(2)  E(1)  C(1) 
 117795207 1409.00 || noQ Q (Avg,Max,Min) (1.00, 1.00, 1.00) (0.81, 0.28, 1.00) #fs:   0  -- #Conts: 7 G(3)  A(3)  E(1) 
 117847095 1408.00 || noQ Q (Avg,Max,Min) (1.00, 1.00, 1.00) (0.89, 0.49, 1.00) #fs:   0  -- #Conts: 6 G(3)  A(2)  E(1) 
 117949221 1407.00 || noQ Q (Avg,Max,Min) (1.00, 1.00, 1.00) (0.97, 0.90, 1.00) #fs:   0  -- #Conts: 5 G(3)  A(1)  E(1) 
 124842924 1406.35 || noQ Q (Avg,Max,Min) (1.00, 1.00, 0.98) (0.99, 0.98, 1.00) #fs:   1  -- #Conts: 5 G(4)  E(1) 
 125926330 1402.29 || noQ Q (Avg,Max,Min) (1.00, 1.00, 0.99) (1.00, 0.99, 1.00) #fs:   1  -- #Conts: 6 G(4)  A(1)  E(1) 
 164390677 1400.53 || noQ Q (Avg,Max,Min) (1.00, 1.01, 1.00) (0.88, 0.29, 1.00) #fs:   0  -- #Conts: 8 G(3)  A(3)  E(2) 
 164523366 1399.53 || noQ Q (Avg,Max,Min) (1.00, 1.00, 1.00) (0.97, 0.90, 1.00) #fs:   0  -- #Conts: 7 G(3)  A(2)  E(2) 
 169123622 1398.18 || noQ Q (Avg,Max,Min) (1.00, 1.00, 0.99) (1.00, 0.99, 1.00) #fs:   1  -- #Conts: 5 G(3)  A(1)  E(1) 
 170029774 1397.12 || noQ Q (Avg,Max,Min) (1.00, 1.00, 1.00) (1.00, 0.98, 1.00) #fs:   0  -- #Conts: 7 G(3)  A(3)  E(1) 
 170505722 1396.12 || noQ Q (Avg,Max,Min) (1.00, 1.00, 1.00) (1.00, 0.98, 1.00) #fs:   0  -- #Conts: 7 G(3)  A(3)  E(1) 
 170967008 1395.12 || noQ Q (Avg,Max,Min) (1.00, 1.00, 1.00) (1.00, 0.99, 1.00) #fs:   0  -- #Conts: 6 G(3)  A(2)  E(1) 
 171415679 1394.12 || noQ Q (Avg,Max,Min) (1.00, 1.00, 1.00) (1.00, 0.99, 1.00) #fs:   0  -- #Conts: 6 G(3)  A(2)  E(1) 
 171885467 1393.12 || noQ Q (Avg,Max,Min) (1.00, 1.00, 1.00) (1.00, 1.00, 1.00) #fs:   0  -- #Conts: 6 G(3)  A(2)  E(1) 
 172386174 1392.12 || noQ Q (Avg,Max,Min) (1.00, 1.00, 1.00) (1.00, 0.99, 1.00) #fs:   0  -- #Conts: 6 G(3)  A(2)  E(1) 
 178615918 1389.06 || noQ Q (Avg,Max,Min) (1.00, 1.01, 1.00) (0.89, 0.24, 1.00) #fs:   0  -- #Conts: 9 G(3)  A(3)  E(3) 
 178726840 1388.06 || noQ Q (Avg,Max,Min) (1.00, 1.00, 1.00) (0.98, 0.88, 1.00) #fs:   0  -- #Conts: 8 G(3)  A(2)  E(3) 
 179049819 1387.06 || noQ Q (Avg,Max,Min) (1.00, 1.00, 1.00) (0.98, 0.92, 1.00) #fs:   0  -- #Conts: 8 G(3)  A(2)  E(3) 
 223244752 1378.76 || noQ Q (Avg,Max,Min) (1.00, 1.01, 1.00) (0.99, 0.93, 1.01) #fs:   0  -- #Conts: 8 A(1)  G(2)  E(3)  C(2) 
 224199469 1374.76 || noQ Q (Avg,Max,Min) (1.00, 1.01, 1.00) (1.00, 0.96, 1.01) #fs:   0  -- #Conts: 8 A(1)  G(2)  E(3)  C(2) 
 239290334 1371.00 || noQ Q (Avg,Max,Min) (1.00, 1.01, 1.00) (0.92, 0.28, 1.01) #fs:   0  -- #Conts: 9 A(3)  G(1)  E(3)  C(2) 
 239342525 1370.00 || noQ Q (Avg,Max,Min) (1.00, 1.01, 1.00) (1.00, 0.98, 1.01) #fs:   0  -- #Conts: 8 A(2)  G(1)  E(3)  C(2) 
 239516128 1369.00 || noQ Q (Avg,Max,Min) (1.00, 1.01, 1.00) (1.00, 0.99, 1.01) #fs:   0  -- #Conts: 8 A(2)  G(1)  E(3)  C(2) 
 239727613 1368.00 || noQ Q (Avg,Max,Min) (1.00, 1.01, 1.00) (1.00, 0.99, 1.01) #fs:   0  -- #Conts: 7 A(1)  G(1)  E(3)  C(2) 
 239927528 1367.00 || noQ Q (Avg,Max,Min) (1.00, 1.01, 1.00) (1.00, 1.00, 1.01) #fs:   0  -- #Conts: 7 A(1)  G(1)  E(3)  C(2) 
 269595935 1360.82 || noQ Q (Avg,Max,Min) (1.00, 1.01, 1.00) (0.98, 0.87, 1.00) #fs:   0  -- #Conts: 8 A(2)  E(4)  C(2) 
 269720397 1359.82 || noQ Q (Avg,Max,Min) (1.00, 1.01, 1.00) (0.99, 0.97, 1.00) #fs:   0  -- #Conts: 8 A(2)  E(4)  C(2) 
 270116089 1358.82 || noQ Q (Avg,Max,Min) (1.00, 1.01, 1.00) (0.99, 0.97, 1.01) #fs:   0  -- #Conts: 8 A(2)  E(4)  C(2) 
 271749127 1356.82 || noQ Q (Avg,Max,Min) (1.00, 1.01, 1.00) (0.90, 0.28, 1.00) #fs:   0  -- #Conts: 8 A(2)  E(4)  C(2) 
 271875294 1355.82 || noQ Q (Avg,Max,Min) (1.00, 1.01, 1.00) (0.91, 0.28, 1.00) #fs:   0  -- #Conts: 8 A(2)  E(4)  C(2) 
 272004483 1354.82 || noQ Q (Avg,Max,Min) (1.00, 1.01, 1.00) (1.00, 0.99, 1.00) #fs:   0  -- #Conts: 7 A(1)  E(4)  C(2) 
 272430445 1353.82 || noQ Q (Avg,Max,Min) (1.00, 1.01, 1.00) (1.00, 0.99, 1.01) #fs:   0  -- #Conts: 7 A(1)  E(4)  C(2) 
 291504568 1352.47 || noQ Q (Avg,Max,Min) (1.00, 1.00, 1.00) (0.92, 0.62, 1.00) #fs:   0  -- #Conts: 5 A(1)  E(4) 
 291582872 1351.47 || noQ Q (Avg,Max,Min) (1.00, 1.00, 1.00) (0.93, 0.65, 1.00) #fs:   1  -- #Conts: 5 A(1)  E(4) 
 291860607 1350.47 || noQ Q (Avg,Max,Min) (1.00, 1.01, 1.00) (0.95, 0.77, 1.00) #fs:   0  -- #Conts: 5 A(1)  E(4) 
 292347251 1349.47 || noQ Q (Avg,Max,Min) (1.00, 1.01, 1.00) (0.98, 0.90, 1.00) #fs:   0  -- #Conts: 5 A(1)  E(4) 
/////////////////size: 64
nodes 48 edges 56
 mulT: 500 mulD: 500  sumData GB 674
pareto /SIPHT.n.50.0.dax time -> 830.0
moheft /SIPHT.n.50.0.dax time -> 477.0
distance from M to C 0.0
distance from P to C 6.818627450980354
distance from C to M 2.6502794546938095
distance from C to P 11.12993383462631
toCompare: /SIPHT.n.50.0.dax sumDataGB: 674 mulT: 500 mulD: 500 paretoOptTime_MS: 830.0 MoheftOptimizationTime_MS: 477.0 MtoC 0.0 PtoC 6.818627450980354 CtoM 2.6502794546938095 CtoP 11.12993383462631
