specify -Dflow d,b,mt,md,size
Running /home/vaggelis/jc/CYBERSHAKE.n.50.0.dax mt 10 md: 10000 size null
    229739 063.06 || noQ Q (Avg,Max,Min) (179.15, 205.41, 10.00) (11.38, 9.76, 13.00) #fs:   1  -- #Conts: 2 H(2) 
    375133 047.29 || noQ Q (Avg,Max,Min) (110.73, 125.13, 10.00) (11.40, 9.76, 13.04) #fs:   1  -- #Conts: 2 H(1)  G(1) 
    392097 031.53 || noQ Q (Avg,Max,Min) (105.13, 120.27, 10.00) (11.42, 9.80, 13.04) #fs:   1  -- #Conts: 2 G(2) 
    765522 015.76 || noQ Q (Avg,Max,Min) (107.38, 107.38, 10.00) (22.83, 10.00, 22.83) #fs:   0  -- #Conts: 1 G(1) 
    881426 013.41 || noQ Q (Avg,Max,Min) (47.23, 53.86, 10.00) (11.55, 9.94, 13.17) #fs:   1  -- #Conts: 2 E(2) 
   1461801 010.71 || noQ Q (Avg,Max,Min) (29.13, 32.85, 10.00) (11.64, 9.94, 13.34) #fs:   1  -- #Conts: 2 E(1)  C(1) 
   1521434 008.00 || noQ Q (Avg,Max,Min) (27.76, 31.58, 10.00) (11.73, 10.00, 13.34) #fs:   1  -- #Conts: 2 C(2) 
   1726468 006.71 || noQ Q (Avg,Max,Min) (48.17, 48.17, 10.00) (23.10, 10.00, 23.10) #fs:   0  -- #Conts: 1 E(1) 
   2983214 004.00 || noQ Q (Avg,Max,Min) (28.30, 28.30, 10.00) (23.45, 10.00, 23.45) #fs:   0  -- #Conts: 1 C(1) 
/////////////////size: 9
    362444 047.29 || noQ Q (Avg,Max,Min) (113.41, 129.41, 10.00) (11.40, 9.77, 13.03) #fs:   4  -- #Conts: 2 H(1)  G(1) 
    438057 039.53 || noQ Q (Avg,Max,Min) (32.08, 186.91, 0.21) (3.80, 0.00, 22.74) #fs:   1  -- #Conts: 6 H(1)  A(4)  C(1) 
    438503 035.53 || noQ Q (Avg,Max,Min) (38.10, 186.72, 0.21) (4.56, 0.01, 22.74) #fs:   1  -- #Conts: 5 H(1)  A(4) 
    440266 034.53 || noQ Q (Avg,Max,Min) (47.13, 185.97, 0.21) (5.70, 0.01, 22.74) #fs:   1  -- #Conts: 4 H(1)  A(3) 
    441591 033.53 || noQ Q (Avg,Max,Min) (62.59, 185.42, 1.16) (7.60, 0.02, 22.74) #fs:   0  -- #Conts: 3 H(1)  A(2) 
    443292 032.53 || noQ Q (Avg,Max,Min) (92.94, 184.71, 1.16) (11.39, 0.03, 22.74) #fs:   0  -- #Conts: 2 H(1)  A(1) 
    446685 031.53 || noQ Q (Avg,Max,Min) (183.32, 183.32, 10.00) (22.75, 10.00, 22.75) #fs:   0  -- #Conts: 1 H(1) 
    750692 028.47 || noQ Q (Avg,Max,Min) (22.77, 109.48, 0.14) (4.58, 0.00, 22.83) #fs:   1  -- #Conts: 5 G(1)  A(2)  E(1)  C(1) 
    750740 021.76 || noQ Q (Avg,Max,Min) (28.11, 109.48, 0.14) (5.73, 0.00, 22.83) #fs:   2  -- #Conts: 4 G(1)  A(2)  C(1) 
    751509 018.76 || noQ Q (Avg,Max,Min) (28.27, 109.37, 1.18) (5.73, 0.01, 22.83) #fs:   0  -- #Conts: 4 G(1)  A(3) 
    753328 017.76 || noQ Q (Avg,Max,Min) (37.17, 109.10, 1.18) (7.63, 0.01, 22.83) #fs:   0  -- #Conts: 3 G(1)  A(2) 
    755493 016.76 || noQ Q (Avg,Max,Min) (54.98, 108.79, 1.17) (11.44, 0.06, 22.83) #fs:   0  -- #Conts: 2 G(1)  A(1) 
    765522 015.76 || noQ Q (Avg,Max,Min) (107.38, 107.38, 10.00) (22.83, 10.00, 22.83) #fs:   0  -- #Conts: 1 G(1) 
   1407134 010.71 || noQ Q (Avg,Max,Min) (29.78, 34.08, 10.00) (11.64, 9.95, 13.32) #fs:   4  -- #Conts: 2 E(1)  C(1) 
   1693154 008.71 || noQ Q (Avg,Max,Min) (16.56, 49.10, 0.20) (7.73, 0.04, 23.09) #fs:   4  -- #Conts: 3 A(2)  E(1) 
   1707875 007.71 || noQ Q (Avg,Max,Min) (24.55, 48.68, 0.42) (11.57, 0.05, 23.10) #fs:   2  -- #Conts: 2 A(1)  E(1) 
   1726468 006.71 || noQ Q (Avg,Max,Min) (48.17, 48.17, 10.00) (23.10, 10.00, 23.10) #fs:   0  -- #Conts: 1 E(1) 
   2925629 006.00 || noQ Q (Avg,Max,Min) (9.73, 28.84, 0.08) (7.84, 0.04, 23.43) #fs:   7  -- #Conts: 3 A(2)  C(1) 
   2944867 005.00 || noQ Q (Avg,Max,Min) (14.47, 28.66, 0.29) (11.75, 0.06, 23.44) #fs:   4  -- #Conts: 2 A(1)  C(1) 
   2983214 004.00 || noQ Q (Avg,Max,Min) (28.30, 28.30, 10.00) (23.45, 10.00, 23.45) #fs:   0  -- #Conts: 1 C(1) 
/////////////////size: 20
nodes 50 edges 92
 mulT: 10 mulD: 10000  sumData GB 863024
pareto /CYBERSHAKE.n.50.0.dax time -> 173.0
moheft /CYBERSHAKE.n.50.0.dax time -> 193.0
distance from M to C 0.5500000000000007
distance from P to C 0.0
distance from C to M 0.13494809688581316
distance from C to P 0.6014140308396908
toCompare: /CYBERSHAKE.n.50.0.dax sumDataGB: 863024 mulT: 10 mulD: 10000 paretoOptTime_MS: 173.0 MoheftOptimizationTime_MS: 193.0 MtoC 0.5500000000000007 PtoC 0.0 CtoM 0.13494809688581316 CtoP 0.6014140308396908
