specify -Dflow d,b,mt,md,size
Running /home/vaggelis/jc/LIGO.n.100.0.dax mt 30 md: 5000 size null
   1438183 693.65 || noQ Q (Avg,Max,Min) (0.88, 1.09, 0.72) (0.29, 0.19, 0.38) #fs:  32  -- #Conts: 25 H(19)  G(6) 
   1458311 677.88 || noQ Q (Avg,Max,Min) (0.89, 1.09, 0.74) (0.29, 0.19, 0.38) #fs:  32  -- #Conts: 25 H(18)  G(7) 
   1480058 662.12 || noQ Q (Avg,Max,Min) (0.89, 1.09, 0.77) (0.30, 0.19, 0.38) #fs:  32  -- #Conts: 25 H(17)  G(8) 
   1503261 646.35 || noQ Q (Avg,Max,Min) (0.90, 1.09, 0.77) (0.31, 0.19, 0.40) #fs:  32  -- #Conts: 25 H(16)  G(9) 
   1510987 630.59 || noQ Q (Avg,Max,Min) (0.91, 1.09, 0.80) (0.31, 0.19, 0.41) #fs:  32  -- #Conts: 25 H(15)  G(10) 
   1627367 614.82 || noQ Q (Avg,Max,Min) (0.92, 1.09, 0.79) (0.32, 0.19, 0.45) #fs:  32  -- #Conts: 25 H(14)  G(11) 
   1641780 599.06 || noQ Q (Avg,Max,Min) (0.90, 1.03, 0.64) (0.33, 0.19, 0.45) #fs:  32  -- #Conts: 24 H(14)  G(10) 
   1660740 583.29 || noQ Q (Avg,Max,Min) (0.91, 1.09, 0.81) (0.34, 0.26, 0.45) #fs:  31  -- #Conts: 23 H(14)  G(9) 
   1690436 567.53 || noQ Q (Avg,Max,Min) (0.92, 1.09, 0.81) (0.35, 0.26, 0.46) #fs:  32  -- #Conts: 23 H(13)  G(10) 
   1721102 551.76 || noQ Q (Avg,Max,Min) (0.92, 1.09, 0.80) (0.35, 0.26, 0.47) #fs:  32  -- #Conts: 23 H(12)  G(11) 
   1740553 536.00 || noQ Q (Avg,Max,Min) (0.92, 1.09, 0.79) (0.36, 0.26, 0.47) #fs:  33  -- #Conts: 23 H(11)  G(12) 
   1744847 520.24 || noQ Q (Avg,Max,Min) (0.93, 1.09, 0.78) (0.37, 0.26, 0.47) #fs:  33  -- #Conts: 23 H(10)  G(13) 
   1780423 504.47 || noQ Q (Avg,Max,Min) (0.92, 1.09, 0.77) (0.38, 0.26, 0.47) #fs:  31  -- #Conts: 23 H(9)  G(14) 
   1863462 488.71 || noQ Q (Avg,Max,Min) (0.86, 1.05, 0.62) (0.38, 0.27, 0.47) #fs:  34  -- #Conts: 23 H(8)  G(15) 
   1976175 472.94 || noQ Q (Avg,Max,Min) (0.84, 1.09, 0.64) (0.41, 0.25, 0.54) #fs:  37  -- #Conts: 21 H(9)  G(12) 
   2060234 457.18 || noQ Q (Avg,Max,Min) (0.84, 1.05, 0.63) (0.42, 0.25, 0.57) #fs:  33  -- #Conts: 21 H(8)  G(13) 
   2113906 441.41 || noQ Q (Avg,Max,Min) (0.84, 1.05, 0.63) (0.43, 0.25, 0.57) #fs:  34  -- #Conts: 21 H(7)  G(14) 
   2186094 425.65 || noQ Q (Avg,Max,Min) (0.85, 1.05, 0.63) (0.43, 0.25, 0.57) #fs:  35  -- #Conts: 21 H(6)  G(15) 
   2190295 409.88 || noQ Q (Avg,Max,Min) (0.86, 1.05, 0.65) (0.44, 0.25, 0.57) #fs:  35  -- #Conts: 21 H(5)  G(16) 
   2351105 400.82 || noQ Q (Avg,Max,Min) (0.80, 1.04, 0.61) (0.46, 0.25, 0.63) #fs:  35  -- #Conts: 21 H(5)  G(15)  E(1) 
   2368090 385.06 || noQ Q (Avg,Max,Min) (0.81, 1.04, 0.60) (0.47, 0.37, 0.63) #fs:  35  -- #Conts: 21 H(4)  G(16)  E(1) 
   2705130 357.88 || noQ Q (Avg,Max,Min) (0.85, 1.07, 0.56) (0.48, 0.32, 0.64) #fs:  42  -- #Conts: 25 G(21)  E(4) 
   2867274 346.82 || noQ Q (Avg,Max,Min) (0.98, 1.11, 0.86) (0.60, 0.39, 0.85) #fs:  14  -- #Conts: 11 H(11) 
   2956681 315.29 || noQ Q (Avg,Max,Min) (1.01, 1.28, 0.86) (0.66, 0.44, 1.04) #fs:  13  -- #Conts: 10 H(10) 
   3153538 299.53 || noQ Q (Avg,Max,Min) (0.97, 1.19, 0.79) (0.69, 0.47, 1.04) #fs:  16  -- #Conts: 10 H(9)  G(1) 
   3265255 283.76 || noQ Q (Avg,Max,Min) (1.01, 1.39, 0.77) (0.74, 0.36, 1.09) #fs:  13  -- #Conts: 9 H(9) 
   3347125 268.00 || noQ Q (Avg,Max,Min) (0.93, 1.06, 0.71) (0.66, 0.39, 0.89) #fs:  19  -- #Conts: 16 H(1)  G(15) 
   3413736 258.94 || noQ Q (Avg,Max,Min) (0.93, 1.06, 0.68) (0.66, 0.34, 0.86) #fs:  21  -- #Conts: 17 G(16)  E(1) 
   3424453 252.24 || noQ Q (Avg,Max,Min) (0.93, 1.06, 0.68) (0.68, 0.39, 0.89) #fs:  20  -- #Conts: 16 G(16) 
   3436046 243.18 || noQ Q (Avg,Max,Min) (0.95, 1.06, 0.78) (0.71, 0.55, 0.89) #fs:  20  -- #Conts: 16 G(15)  E(1) 
   3634660 236.47 || noQ Q (Avg,Max,Min) (0.90, 1.06, 0.67) (0.72, 0.42, 0.90) #fs:  22  -- #Conts: 15 G(15) 
   3733045 227.41 || noQ Q (Avg,Max,Min) (0.92, 1.06, 0.74) (0.76, 0.52, 0.93) #fs:  22  -- #Conts: 15 G(14)  E(1) 
   4269013 220.71 || noQ Q (Avg,Max,Min) (0.89, 1.05, 0.71) (0.77, 0.57, 0.99) #fs:  16  -- #Conts: 14 G(14) 
   9931452 220.00 || noQ Q (Avg,Max,Min) (0.86, 1.03, 0.65) (0.75, 0.58, 0.99) #fs:  19  -- #Conts: 26 C(26) 
  10693741 216.00 || noQ Q (Avg,Max,Min) (0.87, 1.03, 0.67) (0.76, 0.61, 0.99) #fs:  18  -- #Conts: 26 C(26) 
  13047711 212.00 || noQ Q (Avg,Max,Min) (0.88, 1.03, 0.63) (0.76, 0.63, 0.99) #fs:  17  -- #Conts: 26 C(26) 
  13227674 208.00 || noQ Q (Avg,Max,Min) (0.90, 1.03, 0.67) (0.77, 0.64, 0.99) #fs:  15  -- #Conts: 26 C(26) 
  13592623 204.00 || noQ Q (Avg,Max,Min) (0.92, 1.03, 0.67) (0.78, 0.64, 0.99) #fs:  15  -- #Conts: 26 C(26) 
  14286129 196.00 || noQ Q (Avg,Max,Min) (0.93, 1.03, 0.67) (0.78, 0.63, 0.99) #fs:  13  -- #Conts: 26 C(26) 
  39555034 195.00 || noQ Q (Avg,Max,Min) (1.00, 1.01, 0.89) (0.88, 0.71, 0.99) #fs:  11  -- #Conts: 44 A(44) 
  42622702 190.00 || noQ Q (Avg,Max,Min) (0.99, 1.01, 0.83) (0.91, 0.78, 1.00) #fs:  15  -- #Conts: 33 A(33) 
  48578091 189.00 || noQ Q (Avg,Max,Min) (0.99, 1.01, 0.83) (0.92, 0.82, 1.00) #fs:  15  -- #Conts: 32 A(32) 
  48884445 186.00 || noQ Q (Avg,Max,Min) (0.99, 1.01, 0.90) (0.93, 0.84, 0.99) #fs:  14  -- #Conts: 28 A(28) 
  50345106 185.00 || noQ Q (Avg,Max,Min) (0.99, 1.01, 0.90) (0.93, 0.84, 1.01) #fs:  13  -- #Conts: 27 A(27) 
  56685930 184.00 || noQ Q (Avg,Max,Min) (0.99, 1.01, 0.91) (0.94, 0.89, 0.99) #fs:  11  -- #Conts: 23 A(23) 
  57243897 183.00 || noQ Q (Avg,Max,Min) (0.99, 1.01, 0.91) (0.94, 0.89, 1.00) #fs:  11  -- #Conts: 22 A(22) 
  60764097 181.00 || noQ Q (Avg,Max,Min) (0.99, 1.01, 0.91) (0.95, 0.89, 1.01) #fs:  12  -- #Conts: 20 A(20) 
  61986930 180.00 || noQ Q (Avg,Max,Min) (0.99, 1.01, 0.91) (0.95, 0.89, 1.01) #fs:  10  -- #Conts: 20 A(20) 
  70072691 179.00 || noQ Q (Avg,Max,Min) (0.99, 1.01, 0.91) (0.96, 0.89, 1.01) #fs:  10  -- #Conts: 18 A(18) 
  84698754 178.00 || noQ Q (Avg,Max,Min) (0.99, 1.01, 0.91) (0.97, 0.89, 1.01) #fs:  10  -- #Conts: 18 A(18) 
/////////////////size: 50
   4467062 757.71 || noQ Q (Avg,Max,Min) (0.97, 1.18, 0.50) (0.28, 0.10, 0.98) #fs:  11  -- #Conts: 26 H(20)  A(1)  G(5) 
   4502756 741.94 || noQ Q (Avg,Max,Min) (0.97, 1.18, 0.50) (0.29, 0.12, 0.98) #fs:  10  -- #Conts: 26 H(20)  A(1)  G(5) 
   4756494 710.41 || noQ Q (Avg,Max,Min) (0.97, 1.17, 0.51) (0.31, 0.12, 0.98) #fs:  11  -- #Conts: 25 H(19)  A(1)  G(5) 
   4813547 678.88 || noQ Q (Avg,Max,Min) (0.97, 1.17, 0.60) (0.32, 0.12, 0.98) #fs:  11  -- #Conts: 24 H(18)  A(1)  G(5) 
   4881108 647.35 || noQ Q (Avg,Max,Min) (0.97, 1.17, 0.61) (0.34, 0.12, 0.98) #fs:  11  -- #Conts: 23 H(17)  A(1)  G(5) 
   4892735 615.82 || noQ Q (Avg,Max,Min) (0.96, 1.17, 0.55) (0.35, 0.13, 0.98) #fs:  11  -- #Conts: 22 H(16)  A(1)  G(5) 
   4912518 584.29 || noQ Q (Avg,Max,Min) (0.96, 1.17, 0.57) (0.37, 0.13, 0.98) #fs:  12  -- #Conts: 21 H(15)  A(1)  G(5) 
   4917672 552.76 || noQ Q (Avg,Max,Min) (0.96, 1.17, 0.58) (0.39, 0.15, 0.98) #fs:  11  -- #Conts: 20 H(14)  A(1)  G(5) 
   4929320 521.24 || noQ Q (Avg,Max,Min) (0.96, 1.17, 0.58) (0.41, 0.15, 0.98) #fs:  12  -- #Conts: 19 H(13)  A(1)  G(5) 
   4991265 489.71 || noQ Q (Avg,Max,Min) (0.96, 1.17, 0.59) (0.43, 0.16, 0.98) #fs:  10  -- #Conts: 18 H(12)  A(1)  G(5) 
   5020938 458.18 || noQ Q (Avg,Max,Min) (0.95, 1.17, 0.59) (0.46, 0.16, 0.98) #fs:  11  -- #Conts: 17 H(11)  A(1)  G(5) 
   5036242 370.29 || noQ Q (Avg,Max,Min) (0.95, 1.16, 0.63) (0.53, 0.28, 0.98) #fs:  13  -- #Conts: 15 H(8)  A(1)  G(5)  E(1) 
   5077996 363.59 || noQ Q (Avg,Max,Min) (0.94, 1.16, 0.63) (0.56, 0.30, 0.98) #fs:  12  -- #Conts: 14 H(8)  A(1)  G(5) 
   5327912 347.82 || noQ Q (Avg,Max,Min) (0.91, 1.16, 0.62) (0.56, 0.30, 0.98) #fs:  17  -- #Conts: 13 H(7)  A(1)  G(5) 
   5384965 332.06 || noQ Q (Avg,Max,Min) (0.93, 1.16, 0.66) (0.61, 0.30, 1.07) #fs:  16  -- #Conts: 13 H(7)  A(1)  G(5) 
   5779486 300.53 || noQ Q (Avg,Max,Min) (0.98, 1.23, 0.79) (0.58, 0.25, 1.22) #fs:  20  -- #Conts: 17 H(2)  A(1)  G(14) 
   5828840 284.76 || noQ Q (Avg,Max,Min) (1.00, 1.23, 0.79) (0.61, 0.26, 1.22) #fs:  16  -- #Conts: 16 H(2)  A(1)  G(13) 
   5832291 269.00 || noQ Q (Avg,Max,Min) (0.97, 1.23, 0.79) (0.65, 0.38, 1.22) #fs:  18  -- #Conts: 15 H(2)  A(1)  G(12) 
   5949652 253.24 || noQ Q (Avg,Max,Min) (0.98, 1.23, 0.79) (0.69, 0.38, 1.22) #fs:  17  -- #Conts: 14 H(2)  A(1)  G(11) 
   6212395 237.47 || noQ Q (Avg,Max,Min) (0.99, 1.23, 0.79) (0.74, 0.47, 1.22) #fs:  18  -- #Conts: 13 H(2)  A(1)  G(10) 
   6458039 221.71 || noQ Q (Avg,Max,Min) (1.00, 1.23, 0.79) (0.79, 0.47, 1.22) #fs:  15  -- #Conts: 12 H(2)  A(1)  G(9) 
   6607901 205.94 || noQ Q (Avg,Max,Min) (1.01, 1.23, 0.79) (0.86, 0.67, 1.22) #fs:  14  -- #Conts: 11 H(2)  A(1)  G(8) 
   6767034 204.88 || noQ Q (Avg,Max,Min) (1.01, 1.23, 0.79) (0.80, 0.46, 1.22) #fs:  15  -- #Conts: 13 H(2)  A(1)  G(7)  E(1)  C(2) 
   6984947 200.88 || noQ Q (Avg,Max,Min) (1.00, 1.23, 0.79) (0.84, 0.47, 1.22) #fs:  17  -- #Conts: 12 H(2)  A(1)  G(7)  E(1)  C(1) 
   7129117 195.82 || noQ Q (Avg,Max,Min) (1.01, 1.23, 0.72) (0.81, 0.60, 1.22) #fs:  10  -- #Conts: 20 H(1)  A(1)  G(5)  E(12)  C(1) 
   7151678 193.12 || noQ Q (Avg,Max,Min) (1.01, 1.23, 0.72) (0.83, 0.60, 1.22) #fs:  10  -- #Conts: 20 H(1)  A(1)  G(5)  E(11)  C(2) 
   7194503 190.41 || noQ Q (Avg,Max,Min) (1.00, 1.23, 0.72) (0.84, 0.60, 1.22) #fs:  12  -- #Conts: 20 H(1)  A(1)  G(5)  E(10)  C(3) 
   7718269 187.47 || noQ Q (Avg,Max,Min) (1.01, 1.23, 0.79) (0.84, 0.44, 1.22) #fs:   9  -- #Conts: 16 H(1)  A(1)  G(5)  E(9) 
   7816050 180.76 || noQ Q (Avg,Max,Min) (0.99, 1.23, 0.66) (0.89, 0.46, 1.22) #fs:  10  -- #Conts: 15 H(1)  A(1)  G(5)  E(8) 
   7966839 178.06 || noQ Q (Avg,Max,Min) (1.01, 1.23, 0.79) (0.91, 0.56, 1.22) #fs:  11  -- #Conts: 15 H(1)  A(1)  G(5)  E(7)  C(1) 
   8107919 175.06 || noQ Q (Avg,Max,Min) (1.02, 1.23, 0.79) (0.89, 0.05, 1.22) #fs:  10  -- #Conts: 15 H(1)  A(2)  G(5)  E(7) 
  82022302 172.59 || noQ Q (Avg,Max,Min) (1.02, 1.30, 0.94) (0.97, 0.80, 1.25) #fs:   2  -- #Conts: 17 G(1)  A(9)  E(4)  C(3) 
/////////////////size: 32
nodes 100 edges 123
 mulT: 30 mulD: 5000  sumData GB 14287
pareto /LIGO.n.100.0.dax time -> 8644.0
moheft /LIGO.n.100.0.dax time -> 983.0
distance from M to C 5.649226030715727
distance from P to C 20.942055742549186
distance from C to M 1.6951351500897864
distance from C to P 6.713945278498347
toCompare: /LIGO.n.100.0.dax sumDataGB: 14287 mulT: 30 mulD: 5000 paretoOptTime_MS: 8644.0 MoheftOptimizationTime_MS: 983.0 MtoC 5.649226030715727 PtoC 20.942055742549186 CtoM 1.6951351500897864 CtoP 6.713945278498347
