specify -Dflow d,b,mt,md,size
Running /home/vaggelis/jc/MONTAGE.n.50.0.dax mt 100 md: 500 size null
    350547 851.29 || noQ Q (Avg,Max,Min) (1.87, 2.72, 1.04) (0.04, 0.02, 0.27) #fs:  18  -- #Conts: 27 H(27) 
    374347 835.53 || noQ Q (Avg,Max,Min) (1.80, 2.55, 0.95) (0.04, 0.02, 0.27) #fs:  18  -- #Conts: 27 H(26)  G(1) 
    374367 819.76 || noQ Q (Avg,Max,Min) (1.78, 2.55, 0.95) (0.04, 0.02, 0.27) #fs:  18  -- #Conts: 27 H(25)  G(2) 
    374381 804.00 || noQ Q (Avg,Max,Min) (1.76, 2.55, 0.95) (0.04, 0.02, 0.27) #fs:  18  -- #Conts: 27 H(24)  G(3) 
    374625 788.24 || noQ Q (Avg,Max,Min) (1.75, 2.55, 0.94) (0.04, 0.02, 0.27) #fs:  18  -- #Conts: 27 H(23)  G(4) 
    374720 772.47 || noQ Q (Avg,Max,Min) (1.73, 2.55, 0.94) (0.04, 0.02, 0.27) #fs:  18  -- #Conts: 27 H(22)  G(5) 
    374724 756.71 || noQ Q (Avg,Max,Min) (1.71, 2.55, 0.94) (0.04, 0.02, 0.27) #fs:  18  -- #Conts: 27 H(21)  G(6) 
    374732 740.94 || noQ Q (Avg,Max,Min) (1.69, 2.55, 0.94) (0.04, 0.02, 0.27) #fs:  18  -- #Conts: 27 H(20)  G(7) 
    374751 725.18 || noQ Q (Avg,Max,Min) (1.68, 2.55, 0.94) (0.04, 0.02, 0.27) #fs:  18  -- #Conts: 27 H(19)  G(8) 
    374954 709.41 || noQ Q (Avg,Max,Min) (1.66, 2.55, 0.94) (0.05, 0.02, 0.27) #fs:  18  -- #Conts: 27 H(18)  G(9) 
    375061 693.65 || noQ Q (Avg,Max,Min) (1.64, 2.55, 0.94) (0.05, 0.02, 0.27) #fs:  18  -- #Conts: 27 H(17)  G(10) 
    375086 677.88 || noQ Q (Avg,Max,Min) (1.62, 2.55, 0.94) (0.05, 0.02, 0.27) #fs:  18  -- #Conts: 27 H(16)  G(11) 
    375230 662.12 || noQ Q (Avg,Max,Min) (1.60, 2.55, 0.94) (0.05, 0.02, 0.27) #fs:  18  -- #Conts: 27 H(15)  G(12) 
    375257 646.35 || noQ Q (Avg,Max,Min) (1.59, 2.54, 0.94) (0.05, 0.02, 0.27) #fs:  18  -- #Conts: 27 H(14)  G(13) 
    375316 630.59 || noQ Q (Avg,Max,Min) (1.57, 2.54, 0.94) (0.05, 0.02, 0.27) #fs:  18  -- #Conts: 27 H(13)  G(14) 
    375434 614.82 || noQ Q (Avg,Max,Min) (1.55, 2.54, 0.94) (0.05, 0.02, 0.27) #fs:  18  -- #Conts: 27 H(12)  G(15) 
    375520 599.06 || noQ Q (Avg,Max,Min) (1.53, 2.54, 0.94) (0.05, 0.02, 0.27) #fs:  18  -- #Conts: 27 H(11)  G(16) 
    375564 583.29 || noQ Q (Avg,Max,Min) (1.52, 2.54, 0.94) (0.05, 0.02, 0.27) #fs:  18  -- #Conts: 27 H(10)  G(17) 
    376382 567.53 || noQ Q (Avg,Max,Min) (1.50, 2.54, 0.94) (0.05, 0.03, 0.27) #fs:  18  -- #Conts: 27 H(9)  G(18) 
    382445 536.00 || noQ Q (Avg,Max,Min) (1.52, 2.50, 0.92) (0.05, 0.03, 0.27) #fs:  16  -- #Conts: 26 H(8)  G(18) 
    383721 520.24 || noQ Q (Avg,Max,Min) (1.52, 2.69, 0.91) (0.05, 0.03, 0.29) #fs:  17  -- #Conts: 25 H(8)  G(17) 
    384376 504.47 || noQ Q (Avg,Max,Min) (1.52, 2.68, 0.91) (0.05, 0.03, 0.29) #fs:  17  -- #Conts: 24 H(8)  G(16) 
    384420 488.71 || noQ Q (Avg,Max,Min) (1.53, 2.68, 0.91) (0.05, 0.03, 0.29) #fs:  17  -- #Conts: 23 H(8)  G(15) 
    384457 472.94 || noQ Q (Avg,Max,Min) (1.54, 2.68, 0.91) (0.06, 0.03, 0.29) #fs:  17  -- #Conts: 22 H(8)  G(14) 
    385037 457.18 || noQ Q (Avg,Max,Min) (1.60, 2.68, 0.91) (0.07, 0.03, 0.29) #fs:  17  -- #Conts: 18 H(11)  G(7) 
    385114 425.65 || noQ Q (Avg,Max,Min) (1.63, 2.68, 1.20) (0.07, 0.03, 0.29) #fs:  17  -- #Conts: 16 H(11)  G(5) 
    419291 394.12 || noQ Q (Avg,Max,Min) (1.60, 2.64, 1.06) (0.09, 0.03, 0.31) #fs:  17  -- #Conts: 13 H(12)  G(1) 
    420039 362.59 || noQ Q (Avg,Max,Min) (1.59, 2.64, 1.06) (0.10, 0.03, 0.31) #fs:  17  -- #Conts: 12 H(11)  G(1) 
    421067 315.29 || noQ Q (Avg,Max,Min) (1.60, 2.63, 1.06) (0.12, 0.04, 0.31) #fs:  17  -- #Conts: 10 H(10) 
    422258 283.76 || noQ Q (Avg,Max,Min) (1.53, 2.62, 1.31) (0.13, 0.07, 0.31) #fs:  18  -- #Conts: 9 H(9) 
    456447 252.24 || noQ Q (Avg,Max,Min) (1.43, 2.60, 1.17) (0.14, 0.11, 0.33) #fs:  17  -- #Conts: 8 H(8) 
    521969 236.47 || noQ Q (Avg,Max,Min) (1.31, 2.27, 1.05) (0.15, 0.11, 0.33) #fs:  17  -- #Conts: 8 H(7)  G(1) 
    534590 220.71 || noQ Q (Avg,Max,Min) (1.31, 2.22, 1.01) (0.15, 0.11, 0.33) #fs:  16  -- #Conts: 8 H(6)  G(2) 
    556077 204.94 || noQ Q (Avg,Max,Min) (1.28, 2.13, 0.96) (0.16, 0.11, 0.33) #fs:  16  -- #Conts: 8 H(5)  G(3) 
    556428 189.18 || noQ Q (Avg,Max,Min) (1.35, 2.00, 0.98) (0.14, 0.06, 0.31) #fs:  16  -- #Conts: 10 H(2)  G(8) 
    574888 173.41 || noQ Q (Avg,Max,Min) (1.34, 1.93, 0.94) (0.14, 0.06, 0.31) #fs:  16  -- #Conts: 10 H(1)  G(9) 
    576943 157.65 || noQ Q (Avg,Max,Min) (1.30, 1.92, 1.16) (0.16, 0.10, 0.31) #fs:  17  -- #Conts: 9 H(1)  G(8) 
    607431 141.88 || noQ Q (Avg,Max,Min) (1.32, 2.10, 1.16) (0.17, 0.10, 0.35) #fs:  17  -- #Conts: 9 G(9) 
    661297 126.12 || noQ Q (Avg,Max,Min) (1.94, 2.58, 1.62) (0.29, 0.18, 0.47) #fs:   6  -- #Conts: 4 H(4) 
    786126 094.59 || noQ Q (Avg,Max,Min) (2.01, 2.59, 1.65) (0.39, 0.31, 0.57) #fs:   4  -- #Conts: 3 H(3) 
    926986 078.82 || noQ Q (Avg,Max,Min) (1.44, 1.83, 1.27) (0.31, 0.18, 0.47) #fs:   7  -- #Conts: 5 G(5) 
    991260 063.06 || noQ Q (Avg,Max,Min) (1.56, 2.00, 1.31) (0.38, 0.30, 0.55) #fs:   5  -- #Conts: 4 G(4) 
   1217894 060.35 || noQ Q (Avg,Max,Min) (1.08, 1.46, 0.96) (0.28, 0.15, 0.49) #fs:  15  -- #Conts: 9 E(9) 
   1233770 047.29 || noQ Q (Avg,Max,Min) (1.64, 1.92, 1.37) (0.51, 0.39, 0.66) #fs:   4  -- #Conts: 3 G(3) 
   1577065 046.94 || noQ Q (Avg,Max,Min) (1.13, 1.49, 0.91) (0.37, 0.21, 0.65) #fs:   8  -- #Conts: 7 E(7) 
   1640623 031.53 || noQ Q (Avg,Max,Min) (1.68, 1.79, 1.56) (0.73, 0.64, 0.82) #fs:   2  -- #Conts: 2 G(2) 
   2033963 026.82 || noQ Q (Avg,Max,Min) (1.24, 1.46, 1.12) (0.64, 0.56, 0.83) #fs:   5  -- #Conts: 4 E(4) 
   2624398 020.12 || noQ Q (Avg,Max,Min) (1.27, 1.40, 1.17) (0.86, 0.73, 1.02) #fs:   4  -- #Conts: 3 E(3) 
   2962657 015.76 || noQ Q (Avg,Max,Min) (1.44, 1.44, 1.44) (1.19, 1.19, 1.19) #fs:   0  -- #Conts: 1 G(1) 
   3554824 013.41 || noQ Q (Avg,Max,Min) (1.29, 1.39, 1.19) (1.23, 1.09, 1.37) #fs:   2  -- #Conts: 2 E(2) 
/////////////////size: 50
    409071 709.41 || noQ Q (Avg,Max,Min) (1.74, 2.34, 0.92) (0.05, 0.02, 0.27) #fs:  17  -- #Conts: 28 H(17)  G(11) 
    409226 693.65 || noQ Q (Avg,Max,Min) (1.77, 2.34, 0.92) (0.05, 0.02, 0.27) #fs:  15  -- #Conts: 27 H(17)  G(10) 
    409361 677.88 || noQ Q (Avg,Max,Min) (1.75, 2.34, 0.92) (0.05, 0.02, 0.27) #fs:  15  -- #Conts: 27 H(16)  G(11) 
    410807 662.12 || noQ Q (Avg,Max,Min) (1.76, 2.58, 0.91) (0.05, 0.02, 0.29) #fs:  16  -- #Conts: 26 H(16)  G(10) 
    411229 646.35 || noQ Q (Avg,Max,Min) (1.74, 2.58, 0.91) (0.05, 0.02, 0.29) #fs:  16  -- #Conts: 26 H(15)  G(11) 
    415336 630.59 || noQ Q (Avg,Max,Min) (1.75, 2.55, 0.89) (0.05, 0.02, 0.29) #fs:  16  -- #Conts: 25 H(15)  G(10) 
    415631 614.82 || noQ Q (Avg,Max,Min) (1.74, 2.55, 0.89) (0.05, 0.02, 0.29) #fs:  16  -- #Conts: 25 H(14)  G(11) 
    431714 599.06 || noQ Q (Avg,Max,Min) (1.70, 2.46, 0.84) (0.05, 0.02, 0.29) #fs:  16  -- #Conts: 25 H(13)  G(12) 
    432560 583.29 || noQ Q (Avg,Max,Min) (1.68, 2.45, 0.84) (0.05, 0.02, 0.29) #fs:  16  -- #Conts: 25 H(12)  G(13) 
    432764 567.53 || noQ Q (Avg,Max,Min) (1.66, 2.45, 0.84) (0.05, 0.02, 0.29) #fs:  16  -- #Conts: 25 H(11)  G(14) 
    433362 520.24 || noQ Q (Avg,Max,Min) (1.60, 2.45, 0.84) (0.05, 0.02, 0.29) #fs:  16  -- #Conts: 25 H(8)  G(17) 
    433371 504.47 || noQ Q (Avg,Max,Min) (1.58, 2.45, 0.84) (0.05, 0.02, 0.29) #fs:  16  -- #Conts: 25 H(7)  G(18) 
    433722 488.71 || noQ Q (Avg,Max,Min) (1.56, 2.44, 0.84) (0.05, 0.02, 0.29) #fs:  16  -- #Conts: 25 H(6)  G(19) 
    434007 457.18 || noQ Q (Avg,Max,Min) (1.52, 2.44, 0.84) (0.05, 0.03, 0.29) #fs:  16  -- #Conts: 25 H(4)  G(21) 
    441769 441.41 || noQ Q (Avg,Max,Min) (1.52, 2.34, 0.81) (0.06, 0.03, 0.29) #fs:  15  -- #Conts: 24 H(4)  G(20) 
    443235 425.65 || noQ Q (Avg,Max,Min) (1.52, 2.33, 1.01) (0.06, 0.03, 0.29) #fs:  16  -- #Conts: 23 H(4)  G(19) 
    445081 409.88 || noQ Q (Avg,Max,Min) (1.52, 2.32, 1.00) (0.06, 0.03, 0.29) #fs:  15  -- #Conts: 22 H(4)  G(18) 
    446662 394.12 || noQ Q (Avg,Max,Min) (1.52, 2.54, 1.00) (0.06, 0.03, 0.32) #fs:  16  -- #Conts: 21 H(4)  G(17) 
    460278 378.35 || noQ Q (Avg,Max,Min) (1.49, 2.47, 0.96) (0.07, 0.03, 0.32) #fs:  16  -- #Conts: 20 H(4)  G(16) 
    460771 362.59 || noQ Q (Avg,Max,Min) (1.48, 2.47, 0.96) (0.07, 0.03, 0.32) #fs:  16  -- #Conts: 19 H(4)  G(15) 
    461413 346.82 || noQ Q (Avg,Max,Min) (1.47, 2.46, 0.95) (0.07, 0.03, 0.32) #fs:  16  -- #Conts: 18 H(4)  G(14) 
    461884 331.06 || noQ Q (Avg,Max,Min) (1.46, 2.46, 0.95) (0.08, 0.03, 0.32) #fs:  16  -- #Conts: 17 H(4)  G(13) 
    462172 315.29 || noQ Q (Avg,Max,Min) (1.44, 2.46, 0.95) (0.08, 0.03, 0.32) #fs:  16  -- #Conts: 16 H(4)  G(12) 
    462337 299.53 || noQ Q (Avg,Max,Min) (1.46, 2.46, 0.88) (0.09, 0.03, 0.32) #fs:  16  -- #Conts: 15 H(4)  G(11) 
    477221 290.47 || noQ Q (Avg,Max,Min) (1.43, 2.38, 0.91) (0.09, 0.03, 0.32) #fs:  16  -- #Conts: 15 H(4)  G(10)  E(1) 
    477489 283.76 || noQ Q (Avg,Max,Min) (1.46, 2.32, 0.91) (0.10, 0.03, 0.31) #fs:  15  -- #Conts: 14 H(4)  G(10) 
    477704 274.71 || noQ Q (Avg,Max,Min) (1.43, 2.32, 0.91) (0.10, 0.03, 0.31) #fs:  16  -- #Conts: 14 H(4)  G(9)  E(1) 
    478955 268.00 || noQ Q (Avg,Max,Min) (1.46, 2.32, 0.91) (0.10, 0.03, 0.31) #fs:  16  -- #Conts: 13 H(4)  G(9) 
    480936 258.94 || noQ Q (Avg,Max,Min) (1.45, 2.31, 0.90) (0.10, 0.03, 0.31) #fs:  15  -- #Conts: 13 H(4)  G(8)  E(1) 
    482382 252.24 || noQ Q (Avg,Max,Min) (1.46, 2.51, 0.90) (0.11, 0.03, 0.34) #fs:  16  -- #Conts: 12 H(4)  G(8) 
    482804 249.88 || noQ Q (Avg,Max,Min) (1.42, 2.51, 0.90) (0.10, 0.03, 0.34) #fs:  16  -- #Conts: 13 H(4)  G(7)  E(2) 
    493553 243.18 || noQ Q (Avg,Max,Min) (1.43, 2.46, 1.14) (0.11, 0.03, 0.34) #fs:  16  -- #Conts: 12 H(4)  G(7)  E(1) 
    494046 227.41 || noQ Q (Avg,Max,Min) (1.41, 2.46, 1.13) (0.12, 0.05, 0.34) #fs:  16  -- #Conts: 11 H(4)  G(6)  E(1) 
    508450 225.06 || noQ Q (Avg,Max,Min) (1.34, 2.39, 1.09) (0.11, 0.05, 0.34) #fs:  16  -- #Conts: 12 H(4)  G(5)  E(3) 
    509193 222.71 || noQ Q (Avg,Max,Min) (1.30, 2.38, 1.09) (0.11, 0.05, 0.34) #fs:  16  -- #Conts: 13 H(4)  G(4)  E(5) 
    513141 218.35 || noQ Q (Avg,Max,Min) (1.35, 2.31, 1.08) (0.12, 0.05, 0.33) #fs:  15  -- #Conts: 11 H(4)  G(5)  E(2) 
    513175 216.00 || noQ Q (Avg,Max,Min) (1.31, 2.31, 1.08) (0.12, 0.05, 0.33) #fs:  15  -- #Conts: 12 H(4)  G(4)  E(4) 
    514473 211.65 || noQ Q (Avg,Max,Min) (1.37, 2.30, 1.08) (0.13, 0.05, 0.33) #fs:  16  -- #Conts: 10 H(4)  G(5)  E(1) 
    514574 209.29 || noQ Q (Avg,Max,Min) (1.33, 2.30, 1.08) (0.12, 0.05, 0.33) #fs:  16  -- #Conts: 11 H(4)  G(4)  E(3) 
    516285 202.59 || noQ Q (Avg,Max,Min) (1.35, 2.30, 1.08) (0.13, 0.05, 0.33) #fs:  15  -- #Conts: 10 H(4)  G(4)  E(2) 
    517934 195.88 || noQ Q (Avg,Max,Min) (1.36, 2.49, 1.07) (0.15, 0.05, 0.36) #fs:  16  -- #Conts: 9 H(4)  G(4)  E(1) 
    522889 189.18 || noQ Q (Avg,Max,Min) (1.39, 2.47, 1.06) (0.16, 0.12, 0.36) #fs:  16  -- #Conts: 8 H(4)  G(4) 
    594724 180.12 || noQ Q (Avg,Max,Min) (1.49, 2.68, 1.21) (0.14, 0.03, 0.32) #fs:  11  -- #Conts: 11 H(1)  G(9)  E(1) 
    595008 164.35 || noQ Q (Avg,Max,Min) (1.50, 2.68, 1.21) (0.15, 0.05, 0.32) #fs:  11  -- #Conts: 10 H(1)  G(8)  E(1) 
    595353 157.65 || noQ Q (Avg,Max,Min) (1.53, 2.86, 1.21) (0.16, 0.06, 0.35) #fs:  10  -- #Conts: 9 H(1)  G(8) 
    655872 143.53 || noQ Q (Avg,Max,Min) (1.56, 2.89, 1.17) (0.15, 0.04, 0.40) #fs:   9  -- #Conts: 10 H(1)  G(6)  E(2)  C(1) 
    656001 139.53 || noQ Q (Avg,Max,Min) (1.63, 2.89, 1.27) (0.17, 0.04, 0.40) #fs:   9  -- #Conts: 9 H(1)  G(6)  E(2) 
    656116 136.82 || noQ Q (Avg,Max,Min) (1.61, 2.89, 1.17) (0.17, 0.04, 0.40) #fs:   9  -- #Conts: 9 H(1)  G(6)  E(1)  C(1) 
    656168 134.12 || noQ Q (Avg,Max,Min) (1.60, 2.89, 1.17) (0.17, 0.04, 0.40) #fs:   9  -- #Conts: 9 H(1)  G(6)  C(2) 
    672475 127.76 || noQ Q (Avg,Max,Min) (1.46, 2.71, 1.17) (0.17, 0.05, 0.39) #fs:  10  -- #Conts: 9 H(1)  G(5)  E(2)  C(1) 
    672604 123.76 || noQ Q (Avg,Max,Min) (1.53, 2.71, 1.27) (0.19, 0.05, 0.39) #fs:  10  -- #Conts: 8 H(1)  G(5)  E(2) 
    672719 121.06 || noQ Q (Avg,Max,Min) (1.50, 2.71, 1.17) (0.19, 0.05, 0.39) #fs:  10  -- #Conts: 8 H(1)  G(5)  E(1)  C(1) 
    672771 118.35 || noQ Q (Avg,Max,Min) (1.49, 2.71, 1.17) (0.19, 0.08, 0.39) #fs:  10  -- #Conts: 8 H(1)  G(5)  C(2) 
    683261 114.35 || noQ Q (Avg,Max,Min) (1.53, 2.80, 1.17) (0.21, 0.08, 0.41) #fs:   9  -- #Conts: 7 H(1)  G(5)  C(1) 
    718441 110.35 || noQ Q (Avg,Max,Min) (1.52, 2.76, 1.16) (0.24, 0.18, 0.43) #fs:   9  -- #Conts: 6 H(1)  G(5) 
    739079 109.29 || noQ Q (Avg,Max,Min) (1.51, 2.61, 1.17) (0.20, 0.05, 0.42) #fs:   7  -- #Conts: 8 H(1)  G(4)  E(1)  C(2) 
    739550 102.59 || noQ Q (Avg,Max,Min) (1.56, 2.61, 1.17) (0.22, 0.08, 0.42) #fs:   7  -- #Conts: 7 H(1)  G(4)  C(2) 
    755268 098.59 || noQ Q (Avg,Max,Min) (1.61, 2.54, 1.17) (0.25, 0.08, 0.42) #fs:   7  -- #Conts: 6 H(1)  G(4)  C(1) 
    842864 097.76 || noQ Q (Avg,Max,Min) (1.32, 2.11, 1.17) (0.16, 0.08, 0.49) #fs:   4  -- #Conts: 12 G(4)  E(1)  C(7) 
    844205 093.76 || noQ Q (Avg,Max,Min) (1.34, 2.11, 1.17) (0.17, 0.08, 0.49) #fs:   5  -- #Conts: 11 G(4)  E(1)  C(6) 
    850640 085.76 || noQ Q (Avg,Max,Min) (1.38, 2.22, 1.17) (0.20, 0.08, 0.52) #fs:   5  -- #Conts: 9 G(4)  E(1)  C(4) 
    903619 081.76 || noQ Q (Avg,Max,Min) (1.40, 2.08, 1.17) (0.21, 0.08, 0.52) #fs:   4  -- #Conts: 8 G(4)  E(1)  C(3) 
    904960 077.76 || noQ Q (Avg,Max,Min) (1.45, 2.08, 1.17) (0.24, 0.08, 0.52) #fs:   5  -- #Conts: 7 G(4)  E(1)  C(2) 
    933331 073.76 || noQ Q (Avg,Max,Min) (1.46, 2.02, 1.17) (0.28, 0.08, 0.52) #fs:   5  -- #Conts: 6 G(4)  E(1)  C(1) 
    948458 069.76 || noQ Q (Avg,Max,Min) (1.52, 1.94, 1.30) (0.32, 0.15, 0.51) #fs:   4  -- #Conts: 5 G(4)  E(1) 
    964606 067.06 || noQ Q (Avg,Max,Min) (1.52, 2.06, 1.17) (0.32, 0.08, 0.55) #fs:   4  -- #Conts: 5 G(4)  C(1) 
    966063 063.06 || noQ Q (Avg,Max,Min) (1.64, 2.05, 1.44) (0.38, 0.31, 0.55) #fs:   5  -- #Conts: 4 G(4) 
   1021247 060.71 || noQ Q (Avg,Max,Min) (1.39, 1.85, 1.08) (0.35, 0.26, 0.53) #fs:   8  -- #Conts: 5 G(3)  E(2) 
   1155760 056.94 || noQ Q (Avg,Max,Min) (1.30, 2.00, 1.02) (0.30, 0.15, 0.64) #fs:   6  -- #Conts: 7 G(2)  E(2)  C(3) 
   1214499 052.94 || noQ Q (Avg,Max,Min) (1.32, 1.95, 0.96) (0.32, 0.08, 0.66) #fs:   6  -- #Conts: 6 G(2)  E(2)  C(2) 
   1215108 048.94 || noQ Q (Avg,Max,Min) (1.39, 1.98, 1.13) (0.38, 0.16, 0.67) #fs:   6  -- #Conts: 5 G(2)  E(2)  C(1) 
   1236705 044.94 || noQ Q (Avg,Max,Min) (1.41, 2.04, 1.07) (0.44, 0.32, 0.70) #fs:   6  -- #Conts: 4 G(2)  E(2) 
   1419608 043.53 || noQ Q (Avg,Max,Min) (1.36, 1.79, 1.14) (0.38, 0.15, 0.70) #fs:   3  -- #Conts: 5 G(2)  C(3) 
   1467039 039.53 || noQ Q (Avg,Max,Min) (1.39, 1.80, 1.14) (0.46, 0.25, 0.73) #fs:   4  -- #Conts: 4 G(2)  C(2) 
   1673166 035.76 || noQ Q (Avg,Max,Min) (1.12, 1.68, 0.97) (0.45, 0.32, 0.78) #fs:   8  -- #Conts: 6 G(1)  C(5) 
   1743891 031.76 || noQ Q (Avg,Max,Min) (1.18, 1.78, 0.95) (0.51, 0.32, 0.86) #fs:   6  -- #Conts: 5 G(1)  C(4) 
   1884692 027.76 || noQ Q (Avg,Max,Min) (1.22, 1.79, 1.03) (0.60, 0.49, 0.94) #fs:   3  -- #Conts: 4 G(1)  C(3) 
   2074851 026.76 || noQ Q (Avg,Max,Min) (1.14, 1.64, 0.96) (0.48, 0.30, 0.94) #fs:   4  -- #Conts: 6 G(1)  A(3)  C(2) 
   2088286 025.76 || noQ Q (Avg,Max,Min) (1.16, 1.67, 0.95) (0.53, 0.30, 0.97) #fs:   3  -- #Conts: 5 G(1)  A(2)  C(2) 
   2148578 024.76 || noQ Q (Avg,Max,Min) (1.18, 1.66, 0.92) (0.59, 0.30, 0.99) #fs:   3  -- #Conts: 4 G(1)  A(1)  C(2) 
   2150372 023.76 || noQ Q (Avg,Max,Min) (1.26, 1.64, 1.06) (0.71, 0.56, 0.98) #fs:   4  -- #Conts: 3 G(1)  C(2) 
   2375444 022.76 || noQ Q (Avg,Max,Min) (1.17, 1.58, 1.04) (0.52, 0.30, 1.05) #fs:   2  -- #Conts: 5 G(1)  A(3)  C(1) 
   2412431 021.76 || noQ Q (Avg,Max,Min) (1.20, 1.60, 1.04) (0.58, 0.30, 1.07) #fs:   1  -- #Conts: 4 G(1)  A(2)  C(1) 
   2473186 020.76 || noQ Q (Avg,Max,Min) (1.24, 1.59, 1.04) (0.68, 0.30, 1.09) #fs:   1  -- #Conts: 3 G(1)  A(1)  C(1) 
   2533941 019.76 || noQ Q (Avg,Max,Min) (1.31, 1.57, 1.06) (0.88, 0.65, 1.11) #fs:   1  -- #Conts: 2 G(1)  C(1) 
   2780385 018.76 || noQ Q (Avg,Max,Min) (1.15, 1.47, 1.04) (0.51, 0.30, 1.13) #fs:   0  -- #Conts: 4 G(1)  A(3) 
   2841545 017.76 || noQ Q (Avg,Max,Min) (1.18, 1.46, 1.04) (0.59, 0.31, 1.15) #fs:   0  -- #Conts: 3 G(1)  A(2) 
   2902665 016.76 || noQ Q (Avg,Max,Min) (1.24, 1.45, 1.04) (0.74, 0.31, 1.17) #fs:   0  -- #Conts: 2 G(1)  A(1) 
   2962657 015.76 || noQ Q (Avg,Max,Min) (1.44, 1.44, 1.44) (1.19, 1.19, 1.19) #fs:   0  -- #Conts: 1 G(1) 
   3412764 015.71 || noQ Q (Avg,Max,Min) (1.13, 1.40, 1.04) (0.86, 0.30, 1.33) #fs:   2  -- #Conts: 4 A(1)  E(1)  C(2) 
   3431410 014.71 || noQ Q (Avg,Max,Min) (1.19, 1.40, 1.04) (1.08, 0.89, 1.34) #fs:   3  -- #Conts: 3 E(1)  C(2) 
/////////////////size: 91
nodes 50 edges 108
 mulT: 100 mulD: 500  sumData GB 468
pareto /MONTAGE.n.50.0.dax time -> 7509.0
moheft /MONTAGE.n.50.0.dax time -> 1131.0
distance from M to C 1.181055460289912
distance from P to C 0.4012261036175158
distance from C to M 2.962889086467952
distance from C to P 1.1082943548669977
toCompare: /MONTAGE.n.50.0.dax sumDataGB: 468 mulT: 100 mulD: 500 paretoOptTime_MS: 7509.0 MoheftOptimizationTime_MS: 1131.0 MtoC 1.181055460289912 PtoC 0.4012261036175158 CtoM 2.962889086467952 CtoP 1.1082943548669977
