specify -Dflow d,b,mt,md,size
Running /home/vaggelis/jc/CYBERSHAKE.n.50.0.dax mt 30 md: 1000 size null
    683145 064.06 || noQ Q (Avg,Max,Min) (4.97, 7.78, 1.01) (0.88, 0.01, 1.48) #fs:   1  -- #Conts: 3 H(2)  A(1) 
    684039 063.06 || noQ Q (Avg,Max,Min) (6.94, 7.77, 6.11) (1.32, 1.16, 1.48) #fs:   1  -- #Conts: 2 H(2) 
   1123774 048.29 || noQ Q (Avg,Max,Min) (3.29, 5.14, 1.01) (0.92, 0.01, 1.61) #fs:   1  -- #Conts: 3 H(1)  G(1)  A(1) 
   1125896 047.29 || noQ Q (Avg,Max,Min) (5.62, 6.11, 5.14) (1.38, 1.16, 1.61) #fs:   0  -- #Conts: 2 H(1)  G(1) 
   1170787 032.53 || noQ Q (Avg,Max,Min) (3.31, 4.94, 1.01) (0.97, 0.01, 1.61) #fs:   1  -- #Conts: 3 G(2)  A(1) 
   1171992 031.53 || noQ Q (Avg,Max,Min) (4.46, 4.93, 3.98) (1.45, 1.29, 1.61) #fs:   1  -- #Conts: 2 G(2) 
   2296520 015.76 || noQ Q (Avg,Max,Min) (4.55, 4.55, 4.55) (2.90, 2.90, 2.90) #fs:   0  -- #Conts: 1 G(1) 
   2642631 013.41 || noQ Q (Avg,Max,Min) (2.52, 2.72, 2.32) (1.85, 1.70, 2.00) #fs:   1  -- #Conts: 2 E(2) 
  16074317 013.00 || noQ Q (Avg,Max,Min) (2.13, 3.61, 1.29) (1.75, 1.15, 3.13) #fs:   2  -- #Conts: 6 A(6) 
/////////////////size: 9
   1082035 060.00 || noQ Q (Avg,Max,Min) (2.07, 5.30, 0.19) (0.49, 0.00, 1.59) #fs:   3  -- #Conts: 6 H(1)  G(1)  A(2)  E(1)  C(1) 
   1082251 057.00 || noQ Q (Avg,Max,Min) (2.06, 5.30, 0.16) (0.49, 0.00, 1.59) #fs:   5  -- #Conts: 6 H(1)  G(1)  A(3)  E(1) 
   1082313 050.29 || noQ Q (Avg,Max,Min) (2.23, 5.30, 0.16) (0.59, 0.03, 1.59) #fs:   4  -- #Conts: 5 H(1)  G(1)  A(3) 
   1085064 049.29 || noQ Q (Avg,Max,Min) (2.75, 5.29, 0.84) (0.73, 0.03, 1.59) #fs:   2  -- #Conts: 4 H(1)  G(1)  A(2) 
   1087640 048.29 || noQ Q (Avg,Max,Min) (3.32, 5.28, 0.84) (0.96, 0.13, 1.60) #fs:   2  -- #Conts: 3 H(1)  G(1)  A(1) 
   1097826 047.29 || noQ Q (Avg,Max,Min) (4.53, 5.24, 3.82) (1.38, 1.16, 1.60) #fs:   2  -- #Conts: 2 H(1)  G(1) 
   1313874 047.24 || noQ Q (Avg,Max,Min) (1.58, 7.20, 0.11) (0.35, 0.00, 2.63) #fs:   3  -- #Conts: 8 H(1)  A(5)  E(1)  C(1) 
   1314142 040.53 || noQ Q (Avg,Max,Min) (1.64, 7.20, 0.11) (0.40, 0.01, 2.63) #fs:   3  -- #Conts: 7 H(1)  A(5)  C(1) 
   1315479 036.53 || noQ Q (Avg,Max,Min) (1.75, 7.19, 0.11) (0.47, 0.01, 2.63) #fs:   3  -- #Conts: 6 H(1)  A(5) 
   1316366 035.53 || noQ Q (Avg,Max,Min) (2.07, 7.19, 0.16) (0.56, 0.03, 2.63) #fs:   3  -- #Conts: 5 H(1)  A(4) 
   1320576 034.53 || noQ Q (Avg,Max,Min) (2.55, 7.17, 1.01) (0.70, 0.03, 2.63) #fs:   0  -- #Conts: 4 H(1)  A(3) 
   1323849 033.53 || noQ Q (Avg,Max,Min) (3.05, 7.15, 1.01) (0.92, 0.05, 2.63) #fs:   0  -- #Conts: 3 H(1)  A(2) 
   1329282 032.53 || noQ Q (Avg,Max,Min) (4.07, 7.13, 1.01) (1.36, 0.09, 2.63) #fs:   0  -- #Conts: 2 H(1)  A(1) 
   1340000 031.53 || noQ Q (Avg,Max,Min) (7.08, 7.08, 7.08) (2.63, 2.63, 2.63) #fs:   0  -- #Conts: 1 H(1) 
   2251620 023.76 || noQ Q (Avg,Max,Min) (1.36, 4.62, 0.29) (0.52, 0.00, 2.89) #fs:   4  -- #Conts: 6 G(1)  A(4)  C(1) 
   2252208 019.76 || noQ Q (Avg,Max,Min) (1.41, 4.62, 0.29) (0.62, 0.01, 2.89) #fs:   4  -- #Conts: 5 G(1)  A(4) 
   2253250 018.76 || noQ Q (Avg,Max,Min) (1.51, 4.61, 0.29) (0.77, 0.03, 2.89) #fs:   4  -- #Conts: 4 G(1)  A(3) 
   2258616 017.76 || noQ Q (Avg,Max,Min) (1.85, 4.61, 0.29) (1.02, 0.09, 2.89) #fs:   3  -- #Conts: 3 G(1)  A(2) 
   2275094 016.76 || noQ Q (Avg,Max,Min) (2.63, 4.58, 0.68) (1.50, 0.10, 2.89) #fs:   1  -- #Conts: 2 G(1)  A(1) 
   2296520 015.76 || noQ Q (Avg,Max,Min) (4.55, 4.55, 4.55) (2.90, 2.90, 2.90) #fs:   0  -- #Conts: 1 G(1) 
   4219698 015.71 || noQ Q (Avg,Max,Min) (1.51, 2.10, 0.68) (1.00, 0.03, 1.73) #fs:   4  -- #Conts: 3 A(1)  E(1)  C(1) 
   4243644 014.71 || noQ Q (Avg,Max,Min) (1.93, 2.10, 1.76) (1.48, 1.24, 1.73) #fs:   3  -- #Conts: 2 E(1)  C(1) 
  11342827 011.71 || noQ Q (Avg,Max,Min) (4.71, 7.10, 3.26) (3.31, 1.68, 4.09) #fs:   2  -- #Conts: 6 A(5)  E(1) 
  12141471 010.71 || noQ Q (Avg,Max,Min) (4.71, 6.96, 3.26) (3.97, 3.26, 4.53) #fs:   1  -- #Conts: 5 A(4)  E(1) 
/////////////////size: 24
nodes 50 edges 92
 mulT: 30 mulD: 1000  sumData GB 86302
pareto /CYBERSHAKE.n.50.0.dax time -> 245.0
moheft /CYBERSHAKE.n.50.0.dax time -> 203.0
distance from M to C 0.48282694189012837
distance from P to C 0.7909576980184716
distance from C to M 0.31626875067252636
distance from C to P 1.3595197973591757
toCompare: /CYBERSHAKE.n.50.0.dax sumDataGB: 86302 mulT: 30 mulD: 1000 paretoOptTime_MS: 245.0 MoheftOptimizationTime_MS: 203.0 MtoC 0.48282694189012837 PtoC 0.7909576980184716 CtoM 0.31626875067252636 CtoP 1.3595197973591757
