specify -Dflow d,b,mt,md,size
Running /home/vaggelis/jc/SIPHT.n.100.0.dax mt 100 md: 100 size null
  15378079 662.12 || noQ Q (Avg,Max,Min) (0.95, 1.01, 0.75) (0.82, 0.66, 0.98) #fs:   7  -- #Conts: 8 H(8) 
  19765646 630.59 || noQ Q (Avg,Max,Min) (0.94, 1.01, 0.75) (0.86, 0.75, 0.94) #fs:   5  -- #Conts: 6 H(6) 
  24851167 599.06 || noQ Q (Avg,Max,Min) (0.94, 1.01, 0.75) (0.90, 0.75, 0.98) #fs:   5  -- #Conts: 6 H(6) 
  26321338 515.53 || noQ Q (Avg,Max,Min) (1.00, 1.00, 0.99) (0.90, 0.77, 0.97) #fs:   3  -- #Conts: 7 G(6)  E(1) 
  26512282 499.76 || noQ Q (Avg,Max,Min) (1.00, 1.00, 0.99) (0.93, 0.90, 0.99) #fs:   2  -- #Conts: 7 G(6)  E(1) 
  34774841 484.00 || noQ Q (Avg,Max,Min) (1.00, 1.00, 1.00) (0.95, 0.90, 1.00) #fs:   1  -- #Conts: 7 G(6)  E(1) 
  61345680 476.12 || noQ Q (Avg,Max,Min) (1.00, 1.00, 0.96) (0.90, 0.70, 1.00) #fs:   2  -- #Conts: 8 E(8) 
  61362102 469.41 || noQ Q (Avg,Max,Min) (1.00, 1.00, 0.97) (0.91, 0.70, 1.00) #fs:   1  -- #Conts: 8 E(8) 
  62679727 462.71 || noQ Q (Avg,Max,Min) (1.00, 1.00, 0.97) (0.92, 0.70, 1.00) #fs:   1  -- #Conts: 8 E(8) 
  82519888 456.00 || noQ Q (Avg,Max,Min) (1.00, 1.00, 1.00) (0.88, 0.56, 1.00) #fs:   0  -- #Conts: 7 E(7) 
/////////////////size: 10
  16033100 693.65 || noQ Q (Avg,Max,Min) (0.96, 1.01, 0.79) (0.71, 0.04, 1.00) #fs:   3  -- #Conts: 7 H(7) 
  16034278 630.59 || noQ Q (Avg,Max,Min) (0.98, 1.01, 0.88) (0.87, 0.78, 1.00) #fs:   2  -- #Conts: 6 H(6) 
  18829328 614.82 || noQ Q (Avg,Max,Min) (0.97, 1.01, 0.89) (0.87, 0.74, 1.00) #fs:   3  -- #Conts: 6 H(5)  G(1) 
  18980761 599.06 || noQ Q (Avg,Max,Min) (0.99, 1.01, 0.89) (0.87, 0.69, 1.00) #fs:   1  -- #Conts: 7 H(5)  G(2) 
  19952654 594.35 || noQ Q (Avg,Max,Min) (0.98, 1.01, 0.80) (0.84, 0.60, 1.00) #fs:   3  -- #Conts: 10 H(5)  G(4)  E(1) 
  21593455 583.29 || noQ Q (Avg,Max,Min) (0.99, 1.01, 0.91) (0.91, 0.82, 1.00) #fs:   1  -- #Conts: 6 H(5)  G(1) 
  21903565 578.59 || noQ Q (Avg,Max,Min) (0.96, 1.02, 0.65) (0.84, 0.47, 1.00) #fs:   2  -- #Conts: 9 H(4)  G(4)  E(1) 
  22688891 562.82 || noQ Q (Avg,Max,Min) (1.00, 1.01, 0.98) (0.89, 0.60, 1.00) #fs:   1  -- #Conts: 9 H(4)  G(4)  E(1) 
  22709304 547.06 || noQ Q (Avg,Max,Min) (0.99, 1.01, 0.94) (0.91, 0.82, 1.00) #fs:   2  -- #Conts: 8 H(3)  G(4)  E(1) 
  24347810 531.29 || noQ Q (Avg,Max,Min) (1.00, 1.01, 0.98) (0.95, 0.82, 1.00) #fs:   1  -- #Conts: 8 H(3)  G(4)  E(1) 
  27679033 504.47 || noQ Q (Avg,Max,Min) (1.00, 1.01, 1.00) (0.93, 0.80, 0.97) #fs:   0  -- #Conts: 6 H(1)  G(5) 
  31616906 486.35 || noQ Q (Avg,Max,Min) (1.00, 1.01, 0.99) (0.95, 0.74, 1.00) #fs:   1  -- #Conts: 7 G(6)  E(1) 
  38325194 473.59 || noQ Q (Avg,Max,Min) (1.00, 1.01, 1.00) (0.96, 0.92, 1.00) #fs:   1  -- #Conts: 9 G(5)  A(3)  E(1) 
  38522095 472.59 || noQ Q (Avg,Max,Min) (1.00, 1.01, 1.00) (0.97, 0.92, 1.00) #fs:   0  -- #Conts: 8 G(5)  A(2)  E(1) 
  38713039 471.59 || noQ Q (Avg,Max,Min) (1.00, 1.01, 1.00) (0.97, 0.92, 1.00) #fs:   0  -- #Conts: 7 G(5)  A(1)  E(1) 
  38915672 470.59 || noQ Q (Avg,Max,Min) (1.00, 1.01, 1.00) (0.98, 0.92, 1.00) #fs:   0  -- #Conts: 6 G(5)  E(1) 
  47151597 469.18 || noQ Q (Avg,Max,Min) (1.00, 1.00, 1.00) (0.91, 0.42, 1.00) #fs:   0  -- #Conts: 8 G(4)  E(3)  C(1) 
  49130423 467.18 || noQ Q (Avg,Max,Min) (1.00, 1.00, 1.00) (0.98, 0.93, 1.00) #fs:   0  -- #Conts: 9 G(4)  A(2)  E(3) 
  53583857 463.76 || noQ Q (Avg,Max,Min) (1.00, 1.00, 1.00) (0.88, 0.21, 1.00) #fs:   0  -- #Conts: 8 G(2)  E(5)  C(1) 
  53666982 459.76 || noQ Q (Avg,Max,Min) (1.00, 1.00, 1.00) (0.98, 0.90, 1.00) #fs:   0  -- #Conts: 7 G(2)  E(5) 
  60295043 459.06 || noQ Q (Avg,Max,Min) (1.00, 1.00, 0.99) (0.97, 0.90, 1.00) #fs:   1  -- #Conts: 9 G(1)  A(2)  E(6) 
  60741133 458.06 || noQ Q (Avg,Max,Min) (1.00, 1.00, 0.99) (0.98, 0.90, 1.00) #fs:   1  -- #Conts: 8 G(1)  A(1)  E(6) 
  61197480 457.06 || noQ Q (Avg,Max,Min) (1.00, 1.00, 0.99) (0.98, 0.90, 1.00) #fs:   1  -- #Conts: 7 G(1)  E(6) 
  62145710 457.00 || noQ Q (Avg,Max,Min) (1.00, 1.00, 1.00) (0.85, 0.12, 1.00) #fs:   0  -- #Conts: 7 A(1)  E(6) 
  62176125 456.00 || noQ Q (Avg,Max,Min) (1.00, 1.00, 1.00) (0.98, 0.95, 1.00) #fs:   0  -- #Conts: 6 E(6) 
  62829072 450.29 || noQ Q (Avg,Max,Min) (1.00, 1.00, 1.00) (0.98, 0.92, 1.00) #fs:   0  -- #Conts: 8 A(1)  E(7) 
  63275162 449.29 || noQ Q (Avg,Max,Min) (1.00, 1.00, 1.00) (0.99, 0.96, 1.00) #fs:   0  -- #Conts: 7 E(7) 
  77940654 448.94 || noQ Q (Avg,Max,Min) (1.00, 1.00, 0.98) (1.00, 0.98, 1.00) #fs:   1  -- #Conts: 6 E(5)  C(1) 
/////////////////size: 28
nodes 97 edges 109
 mulT: 100 mulD: 100  sumData GB 220
pareto /SIPHT.n.100.0.dax time -> 6883.0
moheft /SIPHT.n.100.0.dax time -> 907.0
distance from M to C 1.3046250026902244
distance from P to C 1.1000000000000227
distance from C to M 0.46666666666666473
distance from C to P 5.558802152532483
toCompare: /SIPHT.n.100.0.dax sumDataGB: 220 mulT: 100 mulD: 100 paretoOptTime_MS: 6883.0 MoheftOptimizationTime_MS: 907.0 MtoC 1.3046250026902244 PtoC 1.1000000000000227 CtoM 0.46666666666666473 CtoP 5.558802152532483
