specify -Dflow d,b,mt,md,size
Running /home/vaggelis/jc/MONTAGE.n.50.0.dax mt 1 md: 1000 size null
     17309 031.53 || noQ Q (Avg,Max,Min) (151.80, 151.80, 10.00) (0.73, 0.73, 0.73) #fs:   0  -- #Conts: 1 H(1) 
     29653 015.76 || noQ Q (Avg,Max,Min) (89.03, 89.03, 10.00) (0.73, 0.73, 0.73) #fs:   0  -- #Conts: 1 G(1) 
     66838 006.71 || noQ Q (Avg,Max,Min) (40.05, 40.05, 10.00) (0.74, 0.74, 0.74) #fs:   0  -- #Conts: 1 E(1) 
    115480 004.00 || noQ Q (Avg,Max,Min) (23.60, 23.60, 10.00) (0.76, 0.76, 0.76) #fs:   0  -- #Conts: 1 C(1) 
    411028 003.00 || noQ Q (Avg,Max,Min) (7.27, 8.81, 5.72) (0.36, 0.10, 0.83) #fs:   1  -- #Conts: 3 A(3) 
    432109 002.00 || noQ Q (Avg,Max,Min) (6.62, 6.98, 6.26) (0.52, 0.21, 0.84) #fs:   1  -- #Conts: 2 A(2) 
    512020 001.00 || noQ Q (Avg,Max,Min) (6.10, 6.10, 6.10) (0.87, 0.87, 0.87) #fs:   0  -- #Conts: 1 A(1) 
/////////////////size: 7
     29456 047.29 || noQ Q (Avg,Max,Min) (135.19, 223.20, 10.00) (0.37, 0.35, 0.38) #fs:   2  -- #Conts: 2 H(1)  G(1) 
     29653 015.76 || noQ Q (Avg,Max,Min) (89.03, 89.03, 10.00) (0.73, 0.73, 0.73) #fs:   0  -- #Conts: 1 G(1) 
     66838 006.71 || noQ Q (Avg,Max,Min) (40.05, 40.05, 10.00) (0.74, 0.74, 0.74) #fs:   0  -- #Conts: 1 E(1) 
    115480 004.00 || noQ Q (Avg,Max,Min) (23.60, 23.60, 10.00) (0.76, 0.76, 0.76) #fs:   0  -- #Conts: 1 C(1) 
    417085 003.00 || noQ Q (Avg,Max,Min) (6.18, 7.32, 4.05) (0.36, 0.13, 0.83) #fs:   1  -- #Conts: 3 A(3) 
    441597 002.00 || noQ Q (Avg,Max,Min) (5.80, 6.83, 4.77) (0.52, 0.21, 0.84) #fs:   1  -- #Conts: 2 A(2) 
    512020 001.00 || noQ Q (Avg,Max,Min) (6.10, 6.10, 6.10) (0.87, 0.87, 0.87) #fs:   0  -- #Conts: 1 A(1) 
/////////////////size: 7
nodes 50 edges 108
 mulT: 1 mulD: 1000  sumData GB 937
pareto /MONTAGE.n.50.0.dax time -> 211.0
moheft /MONTAGE.n.50.0.dax time -> 127.0
distance from M to C 0.1439688883624741
distance from P to C 0.0
distance from C to M 0.017857142857142856
distance from C to P 0.0
toCompare: /MONTAGE.n.50.0.dax sumDataGB: 937 mulT: 1 mulD: 1000 paretoOptTime_MS: 211.0 MoheftOptimizationTime_MS: 127.0 MtoC 0.1439688883624741 PtoC 0.0 CtoM 0.017857142857142856 CtoP 0.0
