specify -Dflow d,b,mt,md,size
Running /home/vaggelis/jc/MONTAGE.n.100.0.dax mt 50 md: 500 size null
    398993 1103.53 || noQ Q (Avg,Max,Min) (2.96, 4.85, 1.37) (0.05, 0.02, 0.31) #fs:  10  -- #Conts: 35 H(35) 
    402880 1072.00 || noQ Q (Avg,Max,Min) (2.92, 4.78, 1.37) (0.05, 0.02, 0.31) #fs:   9  -- #Conts: 34 H(34) 
    404339 1040.47 || noQ Q (Avg,Max,Min) (2.91, 4.75, 1.36) (0.06, 0.02, 0.31) #fs:  10  -- #Conts: 33 H(33) 
    405921 1008.94 || noQ Q (Avg,Max,Min) (2.90, 4.72, 1.34) (0.06, 0.02, 0.31) #fs:   9  -- #Conts: 32 H(32) 
    408502 977.41 || noQ Q (Avg,Max,Min) (2.90, 4.68, 1.32) (0.06, 0.02, 0.31) #fs:   9  -- #Conts: 31 H(31) 
    409303 961.65 || noQ Q (Avg,Max,Min) (2.87, 4.66, 1.31) (0.06, 0.02, 0.31) #fs:  10  -- #Conts: 31 H(30)  G(1) 
    409373 930.12 || noQ Q (Avg,Max,Min) (2.86, 4.65, 1.30) (0.06, 0.02, 0.31) #fs:  10  -- #Conts: 30 H(29)  G(1) 
    409683 914.35 || noQ Q (Avg,Max,Min) (2.82, 4.65, 1.30) (0.06, 0.02, 0.31) #fs:  10  -- #Conts: 30 H(28)  G(2) 
    410422 898.59 || noQ Q (Avg,Max,Min) (2.79, 4.63, 1.29) (0.06, 0.02, 0.31) #fs:  10  -- #Conts: 30 H(27)  G(3) 
    410468 882.82 || noQ Q (Avg,Max,Min) (2.81, 4.63, 1.29) (0.06, 0.02, 0.31) #fs:  10  -- #Conts: 29 H(27)  G(2) 
    410677 867.06 || noQ Q (Avg,Max,Min) (2.77, 4.63, 1.29) (0.06, 0.02, 0.31) #fs:  10  -- #Conts: 29 H(26)  G(3) 
    411002 851.29 || noQ Q (Avg,Max,Min) (2.78, 4.62, 1.28) (0.06, 0.02, 0.31) #fs:   9  -- #Conts: 29 H(25)  G(4) 
    411025 835.53 || noQ Q (Avg,Max,Min) (2.74, 4.62, 1.28) (0.06, 0.02, 0.31) #fs:   9  -- #Conts: 29 H(24)  G(5) 
    411058 788.24 || noQ Q (Avg,Max,Min) (2.74, 4.60, 1.29) (0.07, 0.02, 0.31) #fs:   9  -- #Conts: 27 H(23)  G(4) 
    411096 772.47 || noQ Q (Avg,Max,Min) (2.70, 4.60, 1.29) (0.07, 0.02, 0.31) #fs:   9  -- #Conts: 27 H(22)  G(5) 
    411131 740.94 || noQ Q (Avg,Max,Min) (2.68, 4.60, 1.30) (0.07, 0.02, 0.31) #fs:   9  -- #Conts: 26 H(21)  G(5) 
    411292 725.18 || noQ Q (Avg,Max,Min) (2.64, 4.60, 1.30) (0.07, 0.02, 0.31) #fs:   9  -- #Conts: 26 H(20)  G(6) 
    412032 709.41 || noQ Q (Avg,Max,Min) (2.60, 4.58, 1.29) (0.07, 0.02, 0.31) #fs:   9  -- #Conts: 26 H(19)  G(7) 
    414509 693.65 || noQ Q (Avg,Max,Min) (2.67, 4.56, 1.26) (0.08, 0.02, 0.31) #fs:   9  -- #Conts: 24 H(20)  G(4) 
    415345 677.88 || noQ Q (Avg,Max,Min) (2.69, 4.54, 1.26) (0.08, 0.02, 0.31) #fs:   9  -- #Conts: 23 H(20)  G(3) 
    415924 662.12 || noQ Q (Avg,Max,Min) (2.72, 4.53, 1.24) (0.08, 0.02, 0.31) #fs:   9  -- #Conts: 22 H(20)  G(2) 
    416119 646.35 || noQ Q (Avg,Max,Min) (2.74, 4.52, 1.25) (0.09, 0.03, 0.31) #fs:   9  -- #Conts: 21 H(20)  G(1) 
    416300 614.82 || noQ Q (Avg,Max,Min) (2.74, 4.53, 1.25) (0.09, 0.03, 0.31) #fs:   9  -- #Conts: 20 H(19)  G(1) 
    416500 583.29 || noQ Q (Avg,Max,Min) (2.72, 4.74, 1.25) (0.10, 0.04, 0.32) #fs:   9  -- #Conts: 19 H(18)  G(1) 
    421281 567.53 || noQ Q (Avg,Max,Min) (2.70, 4.68, 1.65) (0.10, 0.05, 0.33) #fs:   9  -- #Conts: 18 H(18) 
    426767 536.00 || noQ Q (Avg,Max,Min) (2.69, 4.58, 1.58) (0.11, 0.05, 0.33) #fs:   9  -- #Conts: 17 H(17) 
    428854 504.47 || noQ Q (Avg,Max,Min) (2.67, 4.54, 1.56) (0.11, 0.05, 0.33) #fs:  10  -- #Conts: 16 H(16) 
    433390 472.94 || noQ Q (Avg,Max,Min) (2.64, 4.30, 1.51) (0.12, 0.05, 0.34) #fs:  10  -- #Conts: 15 H(15) 
    434352 441.41 || noQ Q (Avg,Max,Min) (2.69, 4.66, 1.09) (0.13, 0.04, 0.34) #fs:  10  -- #Conts: 14 H(14) 
    439327 409.88 || noQ Q (Avg,Max,Min) (2.60, 4.40, 1.85) (0.14, 0.07, 0.36) #fs:   9  -- #Conts: 13 H(13) 
    444594 378.35 || noQ Q (Avg,Max,Min) (2.58, 4.34, 1.88) (0.15, 0.07, 0.36) #fs:   9  -- #Conts: 12 H(12) 
    451788 346.82 || noQ Q (Avg,Max,Min) (2.58, 4.43, 1.80) (0.17, 0.07, 0.37) #fs:  10  -- #Conts: 11 H(11) 
    458386 315.29 || noQ Q (Avg,Max,Min) (2.56, 4.33, 2.04) (0.18, 0.08, 0.37) #fs:  10  -- #Conts: 10 H(10) 
    469774 283.76 || noQ Q (Avg,Max,Min) (2.53, 4.07, 2.11) (0.20, 0.08, 0.39) #fs:  10  -- #Conts: 9 H(9) 
    481148 252.24 || noQ Q (Avg,Max,Min) (2.53, 4.11, 1.74) (0.22, 0.13, 0.41) #fs:   9  -- #Conts: 8 H(8) 
    495898 220.71 || noQ Q (Avg,Max,Min) (2.60, 3.92, 2.19) (0.25, 0.14, 0.54) #fs:   8  -- #Conts: 7 H(7) 
    535861 189.18 || noQ Q (Avg,Max,Min) (2.71, 3.67, 2.27) (0.30, 0.17, 0.55) #fs:   6  -- #Conts: 6 H(6) 
    564180 157.65 || noQ Q (Avg,Max,Min) (2.88, 3.69, 2.45) (0.36, 0.21, 0.58) #fs:   5  -- #Conts: 5 H(5) 
    616930 126.12 || noQ Q (Avg,Max,Min) (3.01, 3.79, 2.47) (0.45, 0.34, 0.65) #fs:   5  -- #Conts: 4 H(4) 
    713894 110.35 || noQ Q (Avg,Max,Min) (2.03, 2.71, 1.84) (0.32, 0.24, 0.54) #fs:   9  -- #Conts: 7 G(7) 
    745152 094.59 || noQ Q (Avg,Max,Min) (3.24, 3.88, 2.90) (0.60, 0.50, 0.80) #fs:   4  -- #Conts: 3 H(3) 
    877847 078.82 || noQ Q (Avg,Max,Min) (2.21, 2.92, 1.96) (0.45, 0.30, 0.71) #fs:   5  -- #Conts: 5 G(5) 
    970789 063.06 || noQ Q (Avg,Max,Min) (2.33, 2.85, 2.04) (0.56, 0.47, 0.77) #fs:   5  -- #Conts: 4 G(4) 
   1200733 047.29 || noQ Q (Avg,Max,Min) (2.35, 2.72, 2.14) (0.73, 0.63, 0.91) #fs:   3  -- #Conts: 3 G(3) 
   1443253 046.94 || noQ Q (Avg,Max,Min) (1.47, 2.06, 1.29) (0.48, 0.36, 0.82) #fs:  10  -- #Conts: 7 E(7) 
   1570369 040.24 || noQ Q (Avg,Max,Min) (1.47, 1.84, 1.34) (0.56, 0.47, 0.80) #fs:   8  -- #Conts: 6 E(6) 
   1711142 031.53 || noQ Q (Avg,Max,Min) (2.25, 2.49, 2.01) (1.03, 0.87, 1.18) #fs:   3  -- #Conts: 2 G(2) 
   2085257 026.82 || noQ Q (Avg,Max,Min) (1.57, 1.89, 1.43) (0.84, 0.73, 1.09) #fs:   4  -- #Conts: 4 E(4) 
   2483876 026.71 || noQ Q (Avg,Max,Min) (1.21, 1.27, 1.16) (0.76, 0.69, 0.81) #fs:   9  -- #Conts: 6 E(1)  C(5) 
   2596205 024.00 || noQ Q (Avg,Max,Min) (1.26, 1.50, 1.16) (0.80, 0.69, 1.08) #fs:   8  -- #Conts: 6 C(6) 
   2635838 020.12 || noQ Q (Avg,Max,Min) (1.60, 1.78, 1.48) (1.10, 0.97, 1.30) #fs:   2  -- #Conts: 3 E(3) 
   2996338 020.00 || noQ Q (Avg,Max,Min) (1.29, 1.52, 1.18) (0.96, 0.85, 1.27) #fs:   4  -- #Conts: 5 C(5) 
   3140488 015.76 || noQ Q (Avg,Max,Min) (1.71, 1.71, 1.71) (1.49, 1.49, 1.49) #fs:   0  -- #Conts: 1 G(1) 
   7082747 013.41 || noQ Q (Avg,Max,Min) (1.31, 1.31, 1.31) (1.29, 1.29, 1.29) #fs:   0  -- #Conts: 1 E(1) 
/////////////////size: 54
    457100 1150.00 || noQ Q (Avg,Max,Min) (1.98, 5.02, 1.00) (0.04, 0.02, 0.32) #fs:  24  -- #Conts: 62 H(26)  G(11)  E(21)  C(4) 
    465329 1143.29 || noQ Q (Avg,Max,Min) (1.95, 4.03, 1.00) (0.04, 0.02, 0.33) #fs:  24  -- #Conts: 61 H(26)  G(11)  E(20)  C(4) 
    467532 1096.00 || noQ Q (Avg,Max,Min) (1.90, 4.00, 1.00) (0.04, 0.02, 0.33) #fs:  24  -- #Conts: 61 H(23)  G(14)  E(20)  C(4) 
    467691 1089.29 || noQ Q (Avg,Max,Min) (1.90, 4.00, 1.00) (0.04, 0.02, 0.33) #fs:  24  -- #Conts: 60 H(23)  G(14)  E(19)  C(4) 
    468367 1066.82 || noQ Q (Avg,Max,Min) (1.89, 3.99, 1.00) (0.04, 0.02, 0.33) #fs:  24  -- #Conts: 59 H(22)  G(15)  E(18)  C(4) 
    468431 1037.65 || noQ Q (Avg,Max,Min) (1.88, 3.99, 1.00) (0.05, 0.02, 0.33) #fs:  24  -- #Conts: 57 H(21)  G(16)  E(16)  C(4) 
    468454 974.59 || noQ Q (Avg,Max,Min) (1.82, 3.99, 1.00) (0.05, 0.02, 0.33) #fs:  24  -- #Conts: 56 H(18)  G(18)  E(16)  C(4) 
    468556 952.12 || noQ Q (Avg,Max,Min) (1.82, 3.99, 1.00) (0.05, 0.02, 0.33) #fs:  24  -- #Conts: 54 H(18)  G(17)  E(15)  C(4) 
    468655 880.00 || noQ Q (Avg,Max,Min) (1.74, 3.99, 1.00) (0.05, 0.02, 0.33) #fs:  23  -- #Conts: 54 H(14)  G(20)  E(16)  C(4) 
    468760 864.24 || noQ Q (Avg,Max,Min) (1.72, 3.99, 1.00) (0.05, 0.02, 0.33) #fs:  23  -- #Conts: 53 H(14)  G(19)  E(16)  C(4) 
    472580 846.12 || noQ Q (Avg,Max,Min) (1.82, 5.49, 1.00) (0.05, 0.02, 0.31) #fs:  21  -- #Conts: 54 H(13)  G(19)  E(18)  C(4) 
    475504 839.41 || noQ Q (Avg,Max,Min) (1.72, 3.74, 1.00) (0.05, 0.02, 0.32) #fs:  23  -- #Conts: 53 H(13)  G(19)  E(17)  C(4) 
    479033 814.59 || noQ Q (Avg,Max,Min) (1.73, 3.70, 1.00) (0.05, 0.02, 0.32) #fs:  22  -- #Conts: 53 H(12)  G(19)  E(18)  C(4) 
    481439 789.76 || noQ Q (Avg,Max,Min) (1.81, 5.43, 1.00) (0.05, 0.02, 0.31) #fs:  20  -- #Conts: 53 H(11)  G(19)  E(19)  C(4) 
    481647 758.24 || noQ Q (Avg,Max,Min) (1.73, 4.39, 1.00) (0.05, 0.02, 0.31) #fs:  21  -- #Conts: 52 H(10)  G(19)  E(19)  C(4) 
    481914 742.47 || noQ Q (Avg,Max,Min) (1.94, 5.38, 0.96) (0.05, 0.02, 0.31) #fs:  19  -- #Conts: 54 H(7)  G(24)  E(19)  C(4) 
    482231 710.94 || noQ Q (Avg,Max,Min) (1.97, 5.38, 0.96) (0.05, 0.02, 0.31) #fs:  19  -- #Conts: 54 H(5)  G(26)  E(19)  C(4) 
    482267 679.41 || noQ Q (Avg,Max,Min) (1.87, 5.37, 0.96) (0.05, 0.02, 0.31) #fs:  21  -- #Conts: 53 H(4)  G(26)  E(19)  C(4) 
    482478 647.88 || noQ Q (Avg,Max,Min) (1.79, 4.40, 0.96) (0.05, 0.02, 0.31) #fs:  22  -- #Conts: 52 H(3)  G(26)  E(19)  C(4) 
    483165 616.35 || noQ Q (Avg,Max,Min) (1.78, 3.80, 0.96) (0.05, 0.02, 0.33) #fs:  22  -- #Conts: 52 H(1)  G(28)  E(19)  C(4) 
    484717 609.65 || noQ Q (Avg,Max,Min) (1.78, 3.97, 0.95) (0.05, 0.02, 0.35) #fs:  21  -- #Conts: 51 H(1)  G(28)  E(18)  C(4) 
    484853 600.59 || noQ Q (Avg,Max,Min) (1.77, 3.97, 0.95) (0.05, 0.02, 0.35) #fs:  21  -- #Conts: 51 H(1)  G(27)  E(19)  C(4) 
    488558 593.88 || noQ Q (Avg,Max,Min) (1.76, 3.92, 0.94) (0.05, 0.02, 0.35) #fs:  22  -- #Conts: 50 H(1)  G(27)  E(18)  C(4) 
    491669 591.18 || noQ Q (Avg,Max,Min) (1.69, 3.89, 0.94) (0.05, 0.02, 0.35) #fs:  22  -- #Conts: 55 H(1)  G(23)  E(27)  C(4) 
    512186 571.18 || noQ Q (Avg,Max,Min) (2.05, 6.98, 0.89) (0.06, 0.03, 0.29) #fs:  16  -- #Conts: 46 H(7)  G(14)  E(11)  C(14) 
    512709 567.18 || noQ Q (Avg,Max,Min) (2.07, 6.98, 0.89) (0.07, 0.03, 0.29) #fs:  16  -- #Conts: 45 H(7)  G(14)  E(11)  C(13) 
    518318 550.35 || noQ Q (Avg,Max,Min) (2.02, 6.98, 0.89) (0.07, 0.03, 0.29) #fs:  16  -- #Conts: 46 H(7)  G(12)  E(12)  C(15) 
    519834 509.06 || noQ Q (Avg,Max,Min) (1.91, 7.00, 0.87) (0.06, 0.03, 0.29) #fs:  16  -- #Conts: 48 H(6)  G(9)  E(17)  C(16) 
    520014 477.53 || noQ Q (Avg,Max,Min) (1.84, 6.99, 0.87) (0.07, 0.03, 0.29) #fs:  17  -- #Conts: 47 H(5)  G(9)  E(17)  C(16) 
    520050 446.00 || noQ Q (Avg,Max,Min) (1.72, 6.99, 0.87) (0.07, 0.03, 0.29) #fs:  19  -- #Conts: 46 H(4)  G(9)  E(17)  C(16) 
    520406 382.94 || noQ Q (Avg,Max,Min) (1.53, 5.31, 0.87) (0.07, 0.03, 0.37) #fs:  21  -- #Conts: 44 H(2)  G(9)  E(17)  C(16) 
    520731 351.41 || noQ Q (Avg,Max,Min) (1.45, 4.01, 0.87) (0.07, 0.03, 0.39) #fs:  21  -- #Conts: 43 H(1)  G(9)  E(17)  C(16) 
    527215 347.41 || noQ Q (Avg,Max,Min) (1.51, 4.10, 0.86) (0.07, 0.03, 0.41) #fs:  20  -- #Conts: 42 H(1)  G(9)  E(17)  C(15) 
    527235 344.71 || noQ Q (Avg,Max,Min) (1.50, 4.10, 0.86) (0.07, 0.03, 0.41) #fs:  20  -- #Conts: 42 H(1)  G(9)  E(16)  C(16) 
    542226 341.29 || noQ Q (Avg,Max,Min) (1.56, 5.31, 0.83) (0.08, 0.03, 0.40) #fs:  20  -- #Conts: 39 H(2)  G(9)  E(9)  C(19) 
    542417 337.29 || noQ Q (Avg,Max,Min) (1.58, 5.31, 0.83) (0.08, 0.03, 0.40) #fs:  20  -- #Conts: 38 H(2)  G(9)  E(9)  C(18) 
    542551 325.53 || noQ Q (Avg,Max,Min) (1.52, 3.83, 0.83) (0.08, 0.03, 0.40) #fs:  20  -- #Conts: 39 H(1)  G(10)  E(9)  C(19) 
    542742 321.53 || noQ Q (Avg,Max,Min) (1.53, 3.83, 0.83) (0.08, 0.03, 0.40) #fs:  20  -- #Conts: 38 H(1)  G(10)  E(9)  C(18) 
    543418 301.76 || noQ Q (Avg,Max,Min) (1.49, 4.08, 0.82) (0.09, 0.03, 0.43) #fs:  20  -- #Conts: 36 H(1)  G(9)  E(9)  C(17) 
    543580 293.76 || noQ Q (Avg,Max,Min) (1.52, 4.08, 0.82) (0.09, 0.03, 0.43) #fs:  20  -- #Conts: 34 H(1)  G(9)  E(9)  C(15) 
    543760 291.06 || noQ Q (Avg,Max,Min) (1.51, 4.08, 0.82) (0.09, 0.03, 0.43) #fs:  20  -- #Conts: 34 H(1)  G(9)  E(8)  C(16) 
    543853 287.06 || noQ Q (Avg,Max,Min) (1.53, 4.08, 0.82) (0.09, 0.03, 0.43) #fs:  20  -- #Conts: 33 H(1)  G(9)  E(8)  C(15) 
    557194 279.06 || noQ Q (Avg,Max,Min) (1.51, 4.09, 0.80) (0.10, 0.03, 0.44) #fs:  20  -- #Conts: 31 H(1)  G(9)  E(8)  C(13) 
    557944 255.29 || noQ Q (Avg,Max,Min) (1.48, 4.33, 1.05) (0.10, 0.03, 0.47) #fs:  20  -- #Conts: 28 H(1)  G(8)  E(8)  C(11) 
    558244 251.29 || noQ Q (Avg,Max,Min) (1.48, 4.32, 1.04) (0.11, 0.03, 0.47) #fs:  20  -- #Conts: 27 H(1)  G(8)  E(8)  C(10) 
    572504 243.29 || noQ Q (Avg,Max,Min) (1.47, 4.17, 1.01) (0.12, 0.03, 0.47) #fs:  20  -- #Conts: 25 H(1)  G(8)  E(8)  C(8) 
    671082 240.12 || noQ Q (Avg,Max,Min) (1.54, 5.11, 0.89) (0.10, 0.04, 0.35) #fs:  14  -- #Conts: 38 H(1)  G(4)  E(5)  C(28) 
    671657 236.12 || noQ Q (Avg,Max,Min) (1.55, 5.11, 0.89) (0.10, 0.04, 0.35) #fs:  14  -- #Conts: 37 H(1)  G(4)  E(5)  C(27) 
    672031 228.71 || noQ Q (Avg,Max,Min) (1.49, 5.48, 0.89) (0.09, 0.04, 0.38) #fs:  14  -- #Conts: 39 H(1)  G(2)  E(8)  C(28) 
    672606 224.71 || noQ Q (Avg,Max,Min) (1.50, 5.48, 0.89) (0.10, 0.04, 0.38) #fs:  14  -- #Conts: 38 H(1)  G(2)  E(8)  C(27) 
    680510 222.00 || noQ Q (Avg,Max,Min) (1.47, 5.30, 0.89) (0.10, 0.04, 0.38) #fs:  15  -- #Conts: 38 H(1)  G(2)  E(7)  C(28) 
    681085 218.00 || noQ Q (Avg,Max,Min) (1.47, 5.30, 0.89) (0.10, 0.04, 0.38) #fs:  15  -- #Conts: 37 H(1)  G(2)  E(7)  C(27) 
    682035 215.29 || noQ Q (Avg,Max,Min) (1.44, 5.27, 0.89) (0.10, 0.04, 0.38) #fs:  16  -- #Conts: 37 H(1)  G(2)  E(6)  C(28) 
    682610 204.59 || noQ Q (Avg,Max,Min) (1.44, 5.64, 0.89) (0.10, 0.04, 0.41) #fs:  16  -- #Conts: 35 H(1)  G(2)  E(5)  C(27) 
    696087 197.88 || noQ Q (Avg,Max,Min) (1.41, 5.37, 0.89) (0.11, 0.04, 0.41) #fs:  16  -- #Conts: 34 H(1)  G(2)  E(4)  C(27) 
    702983 193.88 || noQ Q (Avg,Max,Min) (1.42, 5.37, 0.88) (0.11, 0.04, 0.41) #fs:  15  -- #Conts: 33 H(1)  G(2)  E(4)  C(26) 
    772782 189.41 || noQ Q (Avg,Max,Min) (1.66, 3.56, 0.97) (0.13, 0.04, 0.57) #fs:  13  -- #Conts: 27 G(6)  E(4)  C(17) 
    773630 185.41 || noQ Q (Avg,Max,Min) (1.68, 3.59, 0.97) (0.13, 0.04, 0.58) #fs:  13  -- #Conts: 26 G(6)  E(4)  C(16) 
    774144 184.71 || noQ Q (Avg,Max,Min) (1.60, 3.55, 0.97) (0.12, 0.04, 0.58) #fs:  13  -- #Conts: 29 G(4)  E(8)  C(17) 
    774544 183.06 || noQ Q (Avg,Max,Min) (1.64, 3.57, 0.97) (0.13, 0.04, 0.58) #fs:  13  -- #Conts: 27 G(5)  E(6)  C(16) 
    774684 182.35 || noQ Q (Avg,Max,Min) (1.57, 3.53, 0.97) (0.12, 0.04, 0.58) #fs:  13  -- #Conts: 30 G(3)  E(10)  C(17) 
    774992 180.71 || noQ Q (Avg,Max,Min) (1.61, 3.55, 0.97) (0.13, 0.04, 0.58) #fs:  13  -- #Conts: 28 G(4)  E(8)  C(16) 
    775091 180.00 || noQ Q (Avg,Max,Min) (1.54, 2.71, 0.97) (0.12, 0.04, 0.58) #fs:  13  -- #Conts: 31 G(2)  E(12)  C(17) 
    775532 178.35 || noQ Q (Avg,Max,Min) (1.58, 3.53, 0.97) (0.12, 0.04, 0.58) #fs:  13  -- #Conts: 29 G(3)  E(10)  C(16) 
    775939 176.00 || noQ Q (Avg,Max,Min) (1.55, 2.71, 0.97) (0.12, 0.04, 0.58) #fs:  13  -- #Conts: 30 G(2)  E(12)  C(16) 
    781727 174.35 || noQ Q (Avg,Max,Min) (1.59, 3.53, 0.96) (0.13, 0.04, 0.60) #fs:  12  -- #Conts: 28 G(3)  E(10)  C(15) 
    782134 172.00 || noQ Q (Avg,Max,Min) (1.56, 2.78, 0.96) (0.12, 0.04, 0.60) #fs:  12  -- #Conts: 29 G(2)  E(12)  C(15) 
    783622 169.29 || noQ Q (Avg,Max,Min) (1.52, 2.68, 0.97) (0.13, 0.04, 0.58) #fs:  14  -- #Conts: 29 G(2)  E(11)  C(16) 
    784493 168.00 || noQ Q (Avg,Max,Min) (1.58, 2.73, 0.96) (0.13, 0.04, 0.59) #fs:  13  -- #Conts: 28 G(2)  E(12)  C(14) 
    789817 165.29 || noQ Q (Avg,Max,Min) (1.53, 2.75, 0.96) (0.13, 0.04, 0.60) #fs:  13  -- #Conts: 28 G(2)  E(11)  C(15) 
    791342 158.59 || noQ Q (Avg,Max,Min) (1.50, 2.74, 0.96) (0.13, 0.04, 0.60) #fs:  14  -- #Conts: 27 G(2)  E(10)  C(15) 
    792576 151.88 || noQ Q (Avg,Max,Min) (1.47, 2.74, 0.96) (0.14, 0.04, 0.60) #fs:  15  -- #Conts: 26 G(2)  E(9)  C(15) 
    794935 147.88 || noQ Q (Avg,Max,Min) (1.48, 2.69, 0.96) (0.14, 0.04, 0.59) #fs:  16  -- #Conts: 25 G(2)  E(9)  C(14) 
    805188 145.18 || noQ Q (Avg,Max,Min) (1.45, 2.78, 0.96) (0.14, 0.04, 0.62) #fs:  14  -- #Conts: 25 G(2)  E(8)  C(15) 
    805811 138.47 || noQ Q (Avg,Max,Min) (1.42, 2.78, 0.96) (0.15, 0.04, 0.62) #fs:  15  -- #Conts: 24 G(2)  E(7)  C(15) 
    808375 134.47 || noQ Q (Avg,Max,Min) (1.43, 2.73, 0.96) (0.15, 0.04, 0.61) #fs:  16  -- #Conts: 23 G(2)  E(7)  C(14) 
    830641 131.76 || noQ Q (Avg,Max,Min) (1.37, 2.70, 0.96) (0.16, 0.04, 0.62) #fs:  16  -- #Conts: 23 G(2)  E(6)  C(15) 
    831573 125.06 || noQ Q (Avg,Max,Min) (1.33, 2.74, 0.96) (0.16, 0.04, 0.63) #fs:  17  -- #Conts: 22 G(2)  E(5)  C(15) 
    831880 118.35 || noQ Q (Avg,Max,Min) (1.28, 2.74, 0.96) (0.17, 0.09, 0.63) #fs:  18  -- #Conts: 21 G(2)  E(4)  C(15) 
    834239 114.35 || noQ Q (Avg,Max,Min) (1.29, 2.65, 0.96) (0.18, 0.09, 0.61) #fs:  19  -- #Conts: 20 G(2)  E(4)  C(14) 
    868765 110.47 || noQ Q (Avg,Max,Min) (1.47, 2.71, 0.95) (0.20, 0.04, 0.65) #fs:  15  -- #Conts: 17 G(2)  E(7)  C(8) 
    882067 107.76 || noQ Q (Avg,Max,Min) (1.40, 2.62, 0.97) (0.20, 0.04, 0.64) #fs:  17  -- #Conts: 17 G(2)  E(6)  C(9) 
    882999 101.06 || noQ Q (Avg,Max,Min) (1.34, 2.67, 0.97) (0.22, 0.04, 0.65) #fs:  18  -- #Conts: 16 G(2)  E(5)  C(9) 
    883306 094.35 || noQ Q (Avg,Max,Min) (1.28, 2.67, 0.97) (0.23, 0.13, 0.65) #fs:  19  -- #Conts: 15 G(2)  E(4)  C(9) 
    894629 090.35 || noQ Q (Avg,Max,Min) (1.29, 2.63, 0.95) (0.25, 0.13, 0.65) #fs:  18  -- #Conts: 14 G(2)  E(4)  C(8) 
    914139 086.35 || noQ Q (Avg,Max,Min) (1.31, 2.65, 1.00) (0.27, 0.09, 0.67) #fs:  19  -- #Conts: 13 G(2)  E(4)  C(7) 
    925180 082.35 || noQ Q (Avg,Max,Min) (1.30, 2.62, 0.99) (0.28, 0.20, 0.67) #fs:  18  -- #Conts: 12 G(2)  E(4)  C(6) 
    989277 078.47 || noQ Q (Avg,Max,Min) (1.20, 2.68, 1.03) (0.25, 0.13, 0.74) #fs:  25  -- #Conts: 16 G(1)  E(1)  C(14) 
   1066567 078.18 || noQ Q (Avg,Max,Min) (1.20, 2.54, 0.95) (0.25, 0.04, 0.75) #fs:  25  -- #Conts: 16 G(1)  A(1)  E(2)  C(12) 
   1067003 077.18 || noQ Q (Avg,Max,Min) (1.22, 2.54, 0.95) (0.26, 0.04, 0.75) #fs:  25  -- #Conts: 15 G(1)  E(2)  C(12) 
   1067794 071.47 || noQ Q (Avg,Max,Min) (1.13, 2.54, 0.95) (0.27, 0.16, 0.75) #fs:  26  -- #Conts: 15 G(1)  A(1)  E(1)  C(12) 
   1068230 070.47 || noQ Q (Avg,Max,Min) (1.14, 2.54, 0.95) (0.28, 0.23, 0.75) #fs:  26  -- #Conts: 14 G(1)  E(1)  C(12) 
   1069961 067.47 || noQ Q (Avg,Max,Min) (1.17, 2.60, 0.95) (0.29, 0.16, 0.77) #fs:  25  -- #Conts: 14 G(1)  A(1)  E(1)  C(11) 
   1070074 066.47 || noQ Q (Avg,Max,Min) (1.19, 2.60, 0.95) (0.30, 0.23, 0.77) #fs:  25  -- #Conts: 13 G(1)  E(1)  C(11) 
   1118633 065.76 || noQ Q (Avg,Max,Min) (1.22, 2.64, 1.05) (0.29, 0.16, 0.82) #fs:  17  -- #Conts: 15 G(1)  A(2)  C(12) 
   1138616 064.76 || noQ Q (Avg,Max,Min) (1.21, 2.56, 1.03) (0.30, 0.16, 0.81) #fs:  17  -- #Conts: 14 G(1)  A(1)  C(12) 
   1139742 062.76 || noQ Q (Avg,Max,Min) (1.22, 2.65, 1.05) (0.29, 0.16, 0.84) #fs:  16  -- #Conts: 15 G(1)  A(3)  C(11) 
   1168735 061.76 || noQ Q (Avg,Max,Min) (1.20, 2.64, 1.02) (0.30, 0.16, 0.86) #fs:  15  -- #Conts: 14 G(1)  A(2)  C(11) 
   1178797 060.76 || noQ Q (Avg,Max,Min) (1.20, 2.59, 1.01) (0.31, 0.16, 0.85) #fs:  16  -- #Conts: 13 G(1)  A(1)  C(11) 
   1186939 059.76 || noQ Q (Avg,Max,Min) (1.22, 2.57, 1.00) (0.33, 0.23, 0.85) #fs:  16  -- #Conts: 12 G(1)  C(11) 
   1217453 058.76 || noQ Q (Avg,Max,Min) (1.21, 2.60, 0.99) (0.30, 0.16, 0.88) #fs:  14  -- #Conts: 14 G(1)  A(3)  C(10) 
   1219859 057.76 || noQ Q (Avg,Max,Min) (1.23, 2.59, 0.99) (0.32, 0.16, 0.88) #fs:  14  -- #Conts: 13 G(1)  A(2)  C(10) 
   1224567 056.76 || noQ Q (Avg,Max,Min) (1.25, 2.64, 0.99) (0.33, 0.16, 0.90) #fs:  13  -- #Conts: 12 G(1)  A(1)  C(10) 
   1240746 055.76 || noQ Q (Avg,Max,Min) (1.26, 2.64, 0.97) (0.36, 0.23, 0.91) #fs:  14  -- #Conts: 11 G(1)  C(10) 
   1295779 054.76 || noQ Q (Avg,Max,Min) (1.24, 2.50, 1.08) (0.33, 0.16, 0.90) #fs:  14  -- #Conts: 13 G(1)  A(3)  C(9) 
   1307712 053.76 || noQ Q (Avg,Max,Min) (1.25, 2.53, 1.08) (0.34, 0.16, 0.92) #fs:  13  -- #Conts: 12 G(1)  A(2)  C(9) 
   1315081 052.76 || noQ Q (Avg,Max,Min) (1.27, 2.51, 1.08) (0.36, 0.16, 0.92) #fs:  14  -- #Conts: 11 G(1)  A(1)  C(9) 
   1337920 051.76 || noQ Q (Avg,Max,Min) (1.25, 2.53, 1.08) (0.33, 0.16, 0.94) #fs:  13  -- #Conts: 13 G(1)  A(4)  C(8) 
   1339989 050.76 || noQ Q (Avg,Max,Min) (1.26, 2.55, 1.08) (0.35, 0.16, 0.95) #fs:  12  -- #Conts: 12 G(1)  A(3)  C(8) 
   1370135 049.76 || noQ Q (Avg,Max,Min) (1.25, 2.55, 1.05) (0.37, 0.16, 0.97) #fs:  12  -- #Conts: 11 G(1)  A(2)  C(8) 
   1376490 048.76 || noQ Q (Avg,Max,Min) (1.28, 2.53, 1.04) (0.40, 0.16, 0.97) #fs:  13  -- #Conts: 10 G(1)  A(1)  C(8) 
   1402411 047.76 || noQ Q (Avg,Max,Min) (1.24, 2.53, 1.07) (0.35, 0.16, 0.99) #fs:  11  -- #Conts: 12 G(1)  A(4)  C(7) 
   1417789 046.76 || noQ Q (Avg,Max,Min) (1.25, 2.51, 1.07) (0.37, 0.16, 0.99) #fs:  12  -- #Conts: 11 G(1)  A(3)  C(7) 
   1418465 045.76 || noQ Q (Avg,Max,Min) (1.28, 2.48, 1.08) (0.40, 0.16, 0.98) #fs:  12  -- #Conts: 10 G(1)  A(2)  C(7) 
   1432759 044.76 || noQ Q (Avg,Max,Min) (1.29, 2.50, 1.08) (0.43, 0.16, 1.00) #fs:  11  -- #Conts: 9 G(1)  A(1)  C(7) 
   1494549 043.76 || noQ Q (Avg,Max,Min) (1.26, 2.40, 1.08) (0.38, 0.16, 1.00) #fs:  11  -- #Conts: 11 G(1)  A(4)  C(6) 
   1500801 042.76 || noQ Q (Avg,Max,Min) (1.28, 2.43, 1.08) (0.40, 0.16, 1.01) #fs:  10  -- #Conts: 10 G(1)  A(3)  C(6) 
   1530947 041.76 || noQ Q (Avg,Max,Min) (1.29, 2.43, 1.07) (0.43, 0.16, 1.03) #fs:  10  -- #Conts: 9 G(1)  A(2)  C(6) 
   1533457 040.76 || noQ Q (Avg,Max,Min) (1.33, 2.43, 1.07) (0.47, 0.16, 1.03) #fs:  11  -- #Conts: 8 G(1)  A(1)  C(6) 
   1558542 038.76 || noQ Q (Avg,Max,Min) (1.32, 2.61, 1.08) (0.44, 0.16, 1.13) #fs:   7  -- #Conts: 9 G(1)  A(3)  C(5) 
   1577284 037.76 || noQ Q (Avg,Max,Min) (1.35, 2.55, 1.08) (0.48, 0.16, 1.12) #fs:   7  -- #Conts: 8 G(1)  A(2)  C(5) 
   1579540 035.76 || noQ Q (Avg,Max,Min) (1.48, 2.57, 1.19) (0.60, 0.47, 1.13) #fs:   7  -- #Conts: 6 G(1)  C(5) 
   1713881 034.76 || noQ Q (Avg,Max,Min) (1.32, 2.42, 1.08) (0.48, 0.16, 1.15) #fs:   6  -- #Conts: 8 G(1)  A(3)  C(4) 
   1737136 033.76 || noQ Q (Avg,Max,Min) (1.35, 2.39, 1.08) (0.54, 0.16, 1.15) #fs:   7  -- #Conts: 7 G(1)  A(2)  C(4) 
   1744201 032.76 || noQ Q (Avg,Max,Min) (1.41, 2.40, 1.08) (0.58, 0.16, 1.16) #fs:   6  -- #Conts: 6 G(1)  A(1)  C(4) 
   1750110 031.76 || noQ Q (Avg,Max,Min) (1.49, 2.39, 1.19) (0.68, 0.53, 1.16) #fs:   7  -- #Conts: 5 G(1)  C(4) 
   1892054 030.76 || noQ Q (Avg,Max,Min) (1.34, 2.36, 1.08) (0.52, 0.16, 1.24) #fs:   5  -- #Conts: 7 G(1)  A(3)  C(3) 
   1912783 029.76 || noQ Q (Avg,Max,Min) (1.38, 2.35, 1.08) (0.59, 0.16, 1.25) #fs:   4  -- #Conts: 6 G(1)  A(2)  C(3) 
   1943319 028.76 || noQ Q (Avg,Max,Min) (1.44, 2.31, 1.08) (0.65, 0.16, 1.25) #fs:   4  -- #Conts: 5 G(1)  A(1)  C(3) 
   1973524 027.76 || noQ Q (Avg,Max,Min) (1.51, 2.31, 1.24) (0.78, 0.61, 1.27) #fs:   4  -- #Conts: 4 G(1)  C(3) 
   2128987 026.76 || noQ Q (Avg,Max,Min) (1.33, 2.19, 1.08) (0.60, 0.31, 1.29) #fs:   4  -- #Conts: 6 G(1)  A(3)  C(2) 
   2182429 025.76 || noQ Q (Avg,Max,Min) (1.37, 2.17, 1.08) (0.67, 0.31, 1.31) #fs:   4  -- #Conts: 5 G(1)  A(2)  C(2) 
   2215853 024.76 || noQ Q (Avg,Max,Min) (1.44, 2.16, 1.08) (0.77, 0.32, 1.33) #fs:   3  -- #Conts: 4 G(1)  A(1)  C(2) 
   2247562 023.76 || noQ Q (Avg,Max,Min) (1.58, 2.18, 1.26) (0.94, 0.70, 1.36) #fs:   4  -- #Conts: 3 G(1)  C(2) 
   2457084 022.76 || noQ Q (Avg,Max,Min) (1.32, 2.09, 1.08) (0.67, 0.32, 1.43) #fs:   2  -- #Conts: 5 G(1)  A(3)  C(1) 
   2517927 021.76 || noQ Q (Avg,Max,Min) (1.38, 2.08, 1.08) (0.73, 0.32, 1.46) #fs:   2  -- #Conts: 4 G(1)  A(2)  C(1) 
   2565144 020.76 || noQ Q (Avg,Max,Min) (1.47, 2.06, 1.08) (0.93, 0.47, 1.47) #fs:   3  -- #Conts: 3 G(1)  A(1)  C(1) 
   2619333 019.76 || noQ Q (Avg,Max,Min) (1.68, 2.05, 1.30) (1.19, 0.89, 1.49) #fs:   3  -- #Conts: 2 G(1)  C(1) 
   2878670 019.71 || noQ Q (Avg,Max,Min) (1.32, 1.75, 1.08) (0.91, 0.47, 1.40) #fs:   5  -- #Conts: 5 A(1)  E(1)  C(3) 
   2987629 018.71 || noQ Q (Avg,Max,Min) (1.37, 1.72, 1.22) (1.05, 0.90, 1.43) #fs:   6  -- #Conts: 4 E(1)  C(3) 
   3192972 017.71 || noQ Q (Avg,Max,Min) (1.24, 1.72, 1.02) (0.92, 0.48, 1.53) #fs:   5  -- #Conts: 6 A(3)  E(1)  C(2) 
   3312045 016.71 || noQ Q (Avg,Max,Min) (1.25, 1.64, 0.98) (1.03, 0.63, 1.51) #fs:   5  -- #Conts: 5 A(2)  E(1)  C(2) 
   3430392 015.71 || noQ Q (Avg,Max,Min) (1.30, 1.65, 0.94) (1.17, 0.84, 1.57) #fs:   5  -- #Conts: 4 A(1)  E(1)  C(2) 
   3548479 014.71 || noQ Q (Avg,Max,Min) (1.44, 1.74, 1.28) (1.35, 1.15, 1.71) #fs:   3  -- #Conts: 3 E(1)  C(2) 
/////////////////size: 144
nodes 100 edges 234
 mulT: 50 mulD: 500  sumData GB 924
pareto /MONTAGE.n.100.0.dax time -> 29099.0
moheft /MONTAGE.n.100.0.dax time -> 21234.0
distance from M to C 14.9096533098503
distance from P to C 0.06906419886604862
distance from C to M 8.713642041335234
distance from C to P 0.949553384051512
toCompare: /MONTAGE.n.100.0.dax sumDataGB: 924 mulT: 50 mulD: 500 paretoOptTime_MS: 29099.0 MoheftOptimizationTime_MS: 21234.0 MtoC 14.9096533098503 PtoC 0.06906419886604862 CtoM 8.713642041335234 CtoP 0.949553384051512
