specify -Dflow d,b,mt,md,size
Running /home/vaggelis/jc/CYBERSHAKE.n.100.0.dax mt 500 md: 1000 size null
  15598920 472.94 || noQ Q (Avg,Max,Min) (2.21, 5.23, 0.02) (1.76, 0.01, 5.23) #fs:   7  -- #Conts: 6 H(6) 
  15611490 441.41 || noQ Q (Avg,Max,Min) (2.65, 5.23, 0.03) (2.12, 0.03, 5.23) #fs:   4  -- #Conts: 5 H(5) 
  15650457 409.88 || noQ Q (Avg,Max,Min) (3.28, 5.23, 1.38) (2.64, 1.19, 5.23) #fs:   0  -- #Conts: 4 H(4) 
  16594455 378.35 || noQ Q (Avg,Max,Min) (2.98, 5.23, 1.35) (2.63, 1.25, 5.23) #fs:   1  -- #Conts: 4 H(4) 
  17652541 346.82 || noQ Q (Avg,Max,Min) (3.11, 5.56, 1.33) (2.83, 1.31, 5.16) #fs:   2  -- #Conts: 4 H(4) 
  26640734 321.88 || noQ Q (Avg,Max,Min) (2.40, 2.90, 1.18) (2.21, 1.16, 2.55) #fs:  17  -- #Conts: 22 E(22) 
  27355323 315.18 || noQ Q (Avg,Max,Min) (2.44, 2.88, 1.21) (2.24, 1.15, 2.55) #fs:  17  -- #Conts: 22 E(22) 
  28981612 308.47 || noQ Q (Avg,Max,Min) (2.50, 2.88, 1.22) (2.27, 1.15, 2.55) #fs:  16  -- #Conts: 22 E(22) 
  38074122 308.00 || noQ Q (Avg,Max,Min) (1.91, 2.64, 1.29) (1.84, 1.29, 2.63) #fs:  10  -- #Conts: 21 C(21) 
  38546758 300.00 || noQ Q (Avg,Max,Min) (1.93, 2.65, 1.29) (1.85, 1.29, 2.62) #fs:  11  -- #Conts: 20 C(20) 
  41534266 296.00 || noQ Q (Avg,Max,Min) (1.91, 2.27, 1.31) (1.85, 1.29, 2.22) #fs:   8  -- #Conts: 18 C(18) 
  44370937 292.00 || noQ Q (Avg,Max,Min) (1.91, 2.25, 1.31) (1.88, 1.29, 2.24) #fs:   6  -- #Conts: 15 C(15) 
/////////////////size: 12
  15066382 562.82 || noQ Q (Avg,Max,Min) (7.68, 17.02, 1.35) (2.41, 1.16, 4.84) #fs:   4  -- #Conts: 19 H(8)  G(7)  E(4) 
  15108979 526.94 || noQ Q (Avg,Max,Min) (6.93, 11.39, 1.35) (2.76, 1.35, 5.02) #fs:   8  -- #Conts: 16 H(7)  G(8)  E(1) 
  15190314 517.88 || noQ Q (Avg,Max,Min) (7.59, 15.57, 1.35) (2.65, 1.35, 5.04) #fs:   4  -- #Conts: 18 H(7)  G(9)  E(2) 
  15244870 493.06 || noQ Q (Avg,Max,Min) (7.01, 14.99, 1.35) (2.66, 1.35, 5.06) #fs:   2  -- #Conts: 18 H(6)  G(9)  E(3) 
  15281895 469.53 || noQ Q (Avg,Max,Min) (5.59, 12.66, 1.35) (2.58, 1.35, 5.03) #fs:   5  -- #Conts: 19 H(5)  G(9)  E(3)  C(2) 
  15317702 466.82 || noQ Q (Avg,Max,Min) (5.93, 12.66, 1.35) (2.60, 1.35, 5.04) #fs:   6  -- #Conts: 19 H(5)  G(9)  E(2)  C(3) 
  15340305 464.12 || noQ Q (Avg,Max,Min) (5.77, 12.66, 1.35) (2.61, 1.35, 5.05) #fs:   8  -- #Conts: 19 H(5)  G(9)  E(1)  C(4) 
  15359795 448.35 || noQ Q (Avg,Max,Min) (4.66, 9.22, 1.69) (2.78, 1.44, 6.58) #fs:   8  -- #Conts: 16 H(4)  G(7)  E(1)  C(4) 
  15417297 445.65 || noQ Q (Avg,Max,Min) (4.56, 10.35, 1.01) (2.62, 0.00, 6.59) #fs:   5  -- #Conts: 17 H(3)  G(9)  C(5) 
  15421525 414.12 || noQ Q (Avg,Max,Min) (4.73, 10.35, 1.38) (2.78, 1.18, 6.60) #fs:   7  -- #Conts: 16 H(2)  G(9)  C(5) 
  15443914 396.00 || noQ Q (Avg,Max,Min) (4.73, 10.35, 1.35) (2.67, 1.35, 6.60) #fs:   7  -- #Conts: 19 H(2)  G(10)  E(2)  C(5) 
  15525079 380.24 || noQ Q (Avg,Max,Min) (4.50, 9.50, 1.35) (2.82, 1.35, 6.62) #fs:   6  -- #Conts: 18 H(2)  G(9)  E(2)  C(5) 
  15726727 364.47 || noQ Q (Avg,Max,Min) (4.41, 9.17, 1.35) (2.98, 1.35, 6.63) #fs:   2  -- #Conts: 17 H(2)  G(8)  E(2)  C(5) 
  15794749 348.71 || noQ Q (Avg,Max,Min) (4.14, 9.95, 1.35) (3.17, 1.35, 8.33) #fs:   5  -- #Conts: 16 H(2)  G(7)  E(2)  C(5) 
  15820917 344.71 || noQ Q (Avg,Max,Min) (4.31, 9.61, 1.35) (3.34, 1.35, 8.12) #fs:   2  -- #Conts: 15 H(2)  G(7)  E(2)  C(4) 
  15979128 342.00 || noQ Q (Avg,Max,Min) (4.27, 9.42, 1.35) (3.36, 1.35, 8.37) #fs:   3  -- #Conts: 15 H(2)  G(7)  E(1)  C(5) 
  15990397 340.71 || noQ Q (Avg,Max,Min) (4.40, 9.13, 1.35) (3.56, 1.35, 8.14) #fs:   2  -- #Conts: 14 H(2)  G(7)  E(2)  C(3) 
  16044225 336.71 || noQ Q (Avg,Max,Min) (4.56, 8.99, 1.35) (3.81, 1.35, 8.16) #fs:   2  -- #Conts: 13 H(2)  G(7)  E(2)  C(2) 
  16082417 328.00 || noQ Q (Avg,Max,Min) (4.23, 9.11, 1.00) (3.76, 0.08, 8.36) #fs:   3  -- #Conts: 13 H(2)  G(7)  A(2)  E(1)  C(1) 
  16085479 327.00 || noQ Q (Avg,Max,Min) (4.49, 9.10, 1.00) (4.07, 0.16, 8.36) #fs:   3  -- #Conts: 12 H(2)  G(7)  A(1)  E(1)  C(1) 
  16091957 326.00 || noQ Q (Avg,Max,Min) (4.81, 9.09, 1.35) (4.42, 1.35, 8.36) #fs:   2  -- #Conts: 11 H(2)  G(7)  E(1)  C(1) 
  16196342 323.00 || noQ Q (Avg,Max,Min) (4.68, 10.38, 1.00) (4.37, 0.08, 9.85) #fs:   3  -- #Conts: 11 H(2)  G(7)  A(1)  E(1) 
  16204218 322.00 || noQ Q (Avg,Max,Min) (5.05, 10.36, 1.35) (4.79, 1.35, 9.85) #fs:   4  -- #Conts: 10 H(2)  G(7)  E(1) 
  16325618 319.29 || noQ Q (Avg,Max,Min) (5.04, 10.26, 1.35) (4.79, 1.35, 10.11) #fs:   2  -- #Conts: 10 H(2)  G(7)  C(1) 
  16955538 316.12 || noQ Q (Avg,Max,Min) (3.35, 5.59, 1.76) (3.09, 1.76, 5.59) #fs:   4  -- #Conts: 16 H(1)  G(5)  E(3)  C(7) 
  17101694 313.41 || noQ Q (Avg,Max,Min) (3.30, 5.59, 1.76) (3.11, 1.76, 5.59) #fs:   8  -- #Conts: 16 H(1)  G(5)  E(2)  C(8) 
  17405949 313.00 || noQ Q (Avg,Max,Min) (3.30, 7.11, 1.00) (2.94, 0.20, 5.69) #fs:   2  -- #Conts: 19 H(1)  G(6)  A(1)  C(11) 
  17436730 312.00 || noQ Q (Avg,Max,Min) (3.42, 7.04, 1.35) (3.09, 1.35, 5.69) #fs:   3  -- #Conts: 18 H(1)  G(6)  C(11) 
  17660926 310.41 || noQ Q (Avg,Max,Min) (3.12, 5.59, 1.00) (3.01, 0.33, 5.59) #fs:   9  -- #Conts: 16 H(1)  G(5)  A(1)  E(2)  C(7) 
  17730072 309.41 || noQ Q (Avg,Max,Min) (3.26, 5.59, 1.76) (3.19, 1.76, 5.59) #fs:   9  -- #Conts: 15 H(1)  G(5)  E(2)  C(7) 
  17885493 309.00 || noQ Q (Avg,Max,Min) (3.35, 8.00, 1.00) (3.13, 0.13, 7.45) #fs:   3  -- #Conts: 17 H(1)  G(6)  A(1)  C(9) 
  17905393 308.00 || noQ Q (Avg,Max,Min) (3.49, 7.95, 1.35) (3.32, 1.35, 7.46) #fs:   2  -- #Conts: 16 H(1)  G(6)  C(9) 
  18469421 307.71 || noQ Q (Avg,Max,Min) (3.48, 7.25, 1.00) (3.36, 0.54, 7.24) #fs:   2  -- #Conts: 15 H(1)  G(6)  A(1)  E(1)  C(6) 
  18735501 306.71 || noQ Q (Avg,Max,Min) (3.65, 7.26, 1.35) (3.57, 1.35, 7.23) #fs:   2  -- #Conts: 14 H(1)  G(6)  E(1)  C(6) 
  21610998 303.76 || noQ Q (Avg,Max,Min) (2.91, 4.05, 1.22) (2.63, 1.21, 4.04) #fs:   8  -- #Conts: 25 H(1)  G(3)  E(12)  C(9) 
  21716312 301.06 || noQ Q (Avg,Max,Min) (2.86, 4.12, 1.24) (2.64, 1.23, 4.04) #fs:   4  -- #Conts: 25 H(1)  G(3)  E(11)  C(10) 
  25251698 294.35 || noQ Q (Avg,Max,Min) (2.88, 4.05, 1.44) (2.75, 1.43, 4.04) #fs:   5  -- #Conts: 20 H(1)  G(3)  E(10)  C(6) 
  31202173 292.82 || noQ Q (Avg,Max,Min) (2.23, 3.12, 1.00) (2.10, 0.03, 3.03) #fs:   5  -- #Conts: 19 E(6)  C(13) 
  31226968 286.12 || noQ Q (Avg,Max,Min) (2.28, 3.05, 1.38) (2.22, 1.38, 3.03) #fs:   6  -- #Conts: 18 E(5)  C(13) 
  31735902 283.12 || noQ Q (Avg,Max,Min) (2.17, 3.03, 1.00) (2.12, 0.10, 3.03) #fs:   7  -- #Conts: 18 A(1)  E(5)  C(12) 
  31781576 282.12 || noQ Q (Avg,Max,Min) (2.24, 3.03, 1.38) (2.24, 1.38, 3.03) #fs:   7  -- #Conts: 17 E(5)  C(12) 
/////////////////size: 41
nodes 100 edges 192
 mulT: 500 mulD: 1000  sumData GB 97599
pareto /CYBERSHAKE.n.100.0.dax time -> 2661.0
moheft /CYBERSHAKE.n.100.0.dax time -> 2410.0
distance from M to C 0.0
distance from P to C 12.005517076528385
distance from C to M 0.0
distance from C to P 12.539584801412017
toCompare: /CYBERSHAKE.n.100.0.dax sumDataGB: 97599 mulT: 500 mulD: 1000 paretoOptTime_MS: 2661.0 MoheftOptimizationTime_MS: 2410.0 MtoC 0.0 PtoC 12.005517076528385 CtoM 0.0 CtoP 12.539584801412017
