specify -Dflow d,b,mt,md,size
Running /home/vaggelis/jc/CYBERSHAKE.n.100.0.dax mt 50 md: 500 size null
   1934397 064.06 || noQ Q (Avg,Max,Min) (1.93, 2.47, 1.00) (0.86, 0.02, 1.33) #fs:   2  -- #Conts: 3 H(2)  A(1) 
   1936501 063.06 || noQ Q (Avg,Max,Min) (2.39, 2.47, 2.31) (1.29, 1.24, 1.33) #fs:   2  -- #Conts: 2 H(2) 
   3151267 048.29 || noQ Q (Avg,Max,Min) (1.45, 1.93, 1.00) (0.99, 0.02, 1.69) #fs:   1  -- #Conts: 3 H(1)  A(1)  G(1) 
   3157548 047.29 || noQ Q (Avg,Max,Min) (2.12, 2.31, 1.93) (1.47, 1.24, 1.69) #fs:   0  -- #Conts: 2 H(1)  G(1) 
   3318670 031.53 || noQ Q (Avg,Max,Min) (1.80, 1.84, 1.77) (1.66, 1.63, 1.69) #fs:   2  -- #Conts: 2 G(2) 
   7121229 029.18 || noQ Q (Avg,Max,Min) (1.59, 1.77, 1.41) (1.51, 1.40, 1.63) #fs:   0  -- #Conts: 2 G(1)  E(1) 
/////////////////size: 6
   3693058 089.82 || noQ Q (Avg,Max,Min) (0.73, 2.48, 0.14) (0.19, 0.00, 1.27) #fs:  12  -- #Conts: 10 H(1)  A(7)  G(1)  C(1) 
   3693379 086.82 || noQ Q (Avg,Max,Min) (0.68, 2.48, 0.04) (0.19, 0.00, 1.27) #fs:  13  -- #Conts: 10 H(1)  A(8)  G(1) 
   3694139 074.06 || noQ Q (Avg,Max,Min) (0.70, 2.48, 0.14) (0.22, 0.00, 1.27) #fs:  12  -- #Conts: 9 H(1)  A(7)  C(1) 
   3694460 071.06 || noQ Q (Avg,Max,Min) (0.64, 2.48, 0.04) (0.22, 0.02, 1.27) #fs:  13  -- #Conts: 9 H(1)  A(8) 
   3708511 070.06 || noQ Q (Avg,Max,Min) (0.63, 2.48, 0.04) (0.23, 0.02, 1.28) #fs:  10  -- #Conts: 8 H(1)  A(7) 
   3710199 069.06 || noQ Q (Avg,Max,Min) (0.72, 2.48, 0.14) (0.26, 0.03, 1.28) #fs:   9  -- #Conts: 7 H(1)  A(6) 
   3714184 068.06 || noQ Q (Avg,Max,Min) (0.67, 2.48, 0.14) (0.30, 0.08, 1.28) #fs:   9  -- #Conts: 6 H(1)  A(5) 
   3721293 067.06 || noQ Q (Avg,Max,Min) (0.71, 2.47, 0.14) (0.35, 0.09, 1.28) #fs:   8  -- #Conts: 5 H(1)  A(4) 
   3733198 066.06 || noQ Q (Avg,Max,Min) (0.85, 2.47, 0.30) (0.41, 0.10, 1.28) #fs:   7  -- #Conts: 4 H(1)  A(3) 
   3745120 065.06 || noQ Q (Avg,Max,Min) (1.02, 2.46, 0.30) (0.51, 0.10, 1.28) #fs:   6  -- #Conts: 3 H(1)  A(2) 
   3763591 064.06 || noQ Q (Avg,Max,Min) (1.38, 2.46, 0.30) (0.69, 0.10, 1.28) #fs:   2  -- #Conts: 2 H(1)  A(1) 
   3775611 063.06 || noQ Q (Avg,Max,Min) (2.45, 2.45, 2.45) (1.29, 1.29, 1.29) #fs:   0  -- #Conts: 1 H(1) 
   6219447 061.00 || noQ Q (Avg,Max,Min) (9.41, 43.57, 0.20) (0.85, 0.00, 2.52) #fs:   2  -- #Conts: 6 H(1)  G(1)  A(2)  E(1)  C(1) 
   6220756 058.29 || noQ Q (Avg,Max,Min) (9.41, 43.57, 0.20) (0.85, 0.00, 2.52) #fs:   2  -- #Conts: 6 H(1)  G(1)  A(2)  C(2) 
   6221299 054.29 || noQ Q (Avg,Max,Min) (10.87, 42.46, 0.20) (1.02, 0.02, 2.52) #fs:   2  -- #Conts: 5 H(1)  G(1)  A(2)  C(1) 
   6224527 053.29 || noQ Q (Avg,Max,Min) (13.11, 41.63, 0.20) (1.27, 0.11, 2.52) #fs:   2  -- #Conts: 4 H(1)  G(1)  A(1)  C(1) 
   6240194 052.29 || noQ Q (Avg,Max,Min) (11.08, 33.74, 0.12) (1.27, 0.12, 2.52) #fs:   2  -- #Conts: 4 H(1)  G(1)  A(1)  C(1) 
   6260017 051.29 || noQ Q (Avg,Max,Min) (12.70, 27.82, 2.52) (1.66, 0.85, 2.52) #fs:   0  -- #Conts: 3 H(1)  G(1)  C(1) 
   6306028 043.24 || noQ Q (Avg,Max,Min) (7.70, 19.88, 1.00) (1.29, 0.14, 2.52) #fs:   0  -- #Conts: 4 H(1)  A(1)  E(1)  C(1) 
   6349117 042.24 || noQ Q (Avg,Max,Min) (8.51, 15.98, 2.52) (1.68, 0.87, 2.52) #fs:   1  -- #Conts: 3 H(1)  E(1)  C(1) 
   6419260 039.53 || noQ Q (Avg,Max,Min) (7.01, 11.92, 2.52) (1.69, 0.89, 2.52) #fs:   0  -- #Conts: 3 H(1)  C(2) 
   6646771 038.53 || noQ Q (Avg,Max,Min) (3.38, 6.76, 1.00) (1.16, 0.33, 2.52) #fs:   2  -- #Conts: 5 H(1)  A(3)  C(1) 
   6816563 037.53 || noQ Q (Avg,Max,Min) (3.43, 5.30, 2.52) (1.41, 0.98, 2.52) #fs:   1  -- #Conts: 4 H(1)  A(2)  C(1) 
   6998746 036.53 || noQ Q (Avg,Max,Min) (4.23, 7.45, 2.52) (1.80, 1.12, 2.52) #fs:   1  -- #Conts: 3 H(1)  A(1)  C(1) 
   7328118 035.53 || noQ Q (Avg,Max,Min) (5.17, 7.81, 2.52) (2.54, 2.52, 2.55) #fs:   0  -- #Conts: 2 H(1)  C(1) 
   7484636 034.53 || noQ Q (Avg,Max,Min) (2.59, 3.23, 2.29) (1.55, 1.18, 2.52) #fs:   0  -- #Conts: 4 H(1)  A(3) 
   8455971 033.53 || noQ Q (Avg,Max,Min) (2.51, 2.74, 2.27) (2.07, 1.46, 2.52) #fs:   0  -- #Conts: 3 H(1)  A(2) 
   8511618 033.47 || noQ Q (Avg,Max,Min) (5.51, 13.19, 0.77) (4.15, 0.10, 9.87) #fs:   2  -- #Conts: 7 G(1)  A(3)  E(1)  C(2) 
   8531131 032.47 || noQ Q (Avg,Max,Min) (6.27, 13.10, 2.52) (4.82, 2.16, 9.88) #fs:   0  -- #Conts: 6 G(1)  A(2)  E(1)  C(2) 
   8684392 031.47 || noQ Q (Avg,Max,Min) (7.00, 13.34, 2.52) (5.67, 2.32, 10.63) #fs:   2  -- #Conts: 5 G(1)  A(1)  E(1)  C(2) 
   8856525 030.47 || noQ Q (Avg,Max,Min) (8.09, 13.60, 2.52) (6.93, 2.52, 11.49) #fs:   0  -- #Conts: 4 G(1)  E(1)  C(2) 
   9122502 029.47 || noQ Q (Avg,Max,Min) (5.37, 13.48, 2.50) (4.96, 2.29, 12.38) #fs:   3  -- #Conts: 6 G(1)  A(3)  E(1)  C(1) 
   9349560 028.47 || noQ Q (Avg,Max,Min) (5.95, 14.12, 2.51) (5.82, 2.35, 13.85) #fs:   0  -- #Conts: 5 G(1)  A(2)  E(1)  C(1) 
/////////////////size: 33
nodes 100 edges 192
 mulT: 50 mulD: 500  sumData GB 48799
pareto /CYBERSHAKE.n.100.0.dax time -> 2089.0
moheft /CYBERSHAKE.n.100.0.dax time -> 413.0
distance from M to C 1.588744248600222
distance from P to C 0.0
distance from C to M 0.6037098112034498
distance from C to P 0.3029875021398309
toCompare: /CYBERSHAKE.n.100.0.dax sumDataGB: 48799 mulT: 50 mulD: 500 paretoOptTime_MS: 2089.0 MoheftOptimizationTime_MS: 413.0 MtoC 1.588744248600222 PtoC 0.0 CtoM 0.6037098112034498 CtoP 0.3029875021398309
