specify -Dflow d,b,mt,md,size
Running /home/vaggelis/jc/CYBERSHAKE.n.50.0.dax mt 500 md: 1 size null
   4442225 441.41 || noQ Q (Avg,Max,Min) (0.91, 1.01, 0.64) (0.43, 0.28, 0.57) #fs:  15  -- #Conts: 12 H(12) 
   4472778 409.88 || noQ Q (Avg,Max,Min) (0.90, 1.01, 0.71) (0.46, 0.29, 0.59) #fs:  15  -- #Conts: 11 H(11) 
   4581828 378.35 || noQ Q (Avg,Max,Min) (0.94, 1.01, 0.84) (0.51, 0.30, 0.65) #fs:  11  -- #Conts: 10 H(10) 
   4783686 346.82 || noQ Q (Avg,Max,Min) (0.95, 1.01, 0.84) (0.56, 0.32, 0.73) #fs:   9  -- #Conts: 9 H(9) 
   4975281 315.29 || noQ Q (Avg,Max,Min) (0.95, 1.01, 0.81) (0.63, 0.35, 0.79) #fs:   8  -- #Conts: 8 H(8) 
   5415061 283.76 || noQ Q (Avg,Max,Min) (0.92, 1.01, 0.79) (0.69, 0.62, 0.80) #fs:   9  -- #Conts: 7 H(7) 
   5468368 252.24 || noQ Q (Avg,Max,Min) (0.95, 1.01, 0.83) (0.81, 0.63, 0.92) #fs:   9  -- #Conts: 6 H(6) 
   6466901 220.71 || noQ Q (Avg,Max,Min) (0.98, 1.01, 0.92) (0.89, 0.82, 0.94) #fs:   4  -- #Conts: 6 H(6) 
   9375359 204.94 || noQ Q (Avg,Max,Min) (0.91, 1.00, 0.79) (0.82, 0.59, 1.00) #fs:  13  -- #Conts: 10 G(10) 
  17150301 201.18 || noQ Q (Avg,Max,Min) (0.90, 1.00, 0.78) (0.79, 0.57, 0.99) #fs:  15  -- #Conts: 12 E(12) 
  17708372 194.47 || noQ Q (Avg,Max,Min) (0.89, 1.00, 0.78) (0.80, 0.64, 0.98) #fs:  13  -- #Conts: 10 E(10) 
  18743661 187.76 || noQ Q (Avg,Max,Min) (0.87, 1.00, 0.73) (0.84, 0.70, 0.98) #fs:  12  -- #Conts: 9 E(9) 
  19903121 181.06 || noQ Q (Avg,Max,Min) (0.91, 1.00, 0.74) (0.88, 0.71, 1.00) #fs:  10  -- #Conts: 9 E(9) 
  21645622 174.35 || noQ Q (Avg,Max,Min) (0.94, 1.00, 0.78) (0.91, 0.76, 1.00) #fs:   7  -- #Conts: 9 E(9) 
  34981710 172.00 || noQ Q (Avg,Max,Min) (0.99, 1.00, 0.93) (0.97, 0.90, 1.00) #fs:   4  -- #Conts: 8 C(8) 
  39451772 168.00 || noQ Q (Avg,Max,Min) (0.99, 1.00, 0.92) (0.98, 0.89, 1.00) #fs:   2  -- #Conts: 6 C(6) 
/////////////////size: 16
   4435247 423.29 || noQ Q (Avg,Max,Min) (0.95, 1.00, 0.71) (0.43, 0.00, 0.63) #fs:  10  -- #Conts: 18 H(6)  G(10)  E(2) 
   4437745 391.76 || noQ Q (Avg,Max,Min) (0.95, 1.00, 0.71) (0.46, 0.21, 0.63) #fs:  10  -- #Conts: 17 H(5)  G(10)  E(2) 
   4490840 385.06 || noQ Q (Avg,Max,Min) (0.98, 1.01, 0.77) (0.46, 0.22, 0.65) #fs:   6  -- #Conts: 16 H(5)  G(10)  E(1) 
   4515317 378.35 || noQ Q (Avg,Max,Min) (1.00, 1.01, 0.95) (0.47, 0.22, 0.66) #fs:   5  -- #Conts: 15 H(5)  G(10) 
   4558262 369.29 || noQ Q (Avg,Max,Min) (0.99, 1.01, 0.95) (0.49, 0.20, 0.67) #fs:   6  -- #Conts: 15 H(5)  G(9)  E(1) 
   4583479 362.59 || noQ Q (Avg,Max,Min) (0.99, 1.01, 0.88) (0.50, 0.28, 0.68) #fs:   6  -- #Conts: 14 H(5)  G(9) 
   4593847 353.53 || noQ Q (Avg,Max,Min) (0.99, 1.01, 0.87) (0.52, 0.29, 0.68) #fs:   8  -- #Conts: 14 H(5)  G(8)  E(1) 
   4633684 351.18 || noQ Q (Avg,Max,Min) (0.99, 1.01, 0.89) (0.50, 0.28, 0.69) #fs:   8  -- #Conts: 16 H(4)  G(9)  E(3) 
   4643553 348.47 || noQ Q (Avg,Max,Min) (0.98, 1.01, 0.85) (0.52, 0.28, 0.69) #fs:   6  -- #Conts: 16 H(4)  G(9)  E(2)  C(1) 
   4691344 339.41 || noQ Q (Avg,Max,Min) (0.98, 1.01, 0.79) (0.53, 0.28, 0.71) #fs:   6  -- #Conts: 16 H(4)  G(8)  E(3)  C(1) 
   4737923 330.35 || noQ Q (Avg,Max,Min) (0.99, 1.00, 0.79) (0.53, 0.29, 0.71) #fs:  10  -- #Conts: 17 H(3)  G(9)  E(4)  C(1) 
   4757218 326.35 || noQ Q (Avg,Max,Min) (0.99, 1.01, 0.92) (0.53, 0.29, 0.72) #fs:   5  -- #Conts: 16 H(3)  G(9)  E(4) 
   4781695 323.65 || noQ Q (Avg,Max,Min) (0.99, 1.01, 0.92) (0.55, 0.29, 0.73) #fs:   4  -- #Conts: 16 H(3)  G(9)  E(3)  C(1) 
   4800434 319.65 || noQ Q (Avg,Max,Min) (0.99, 1.01, 0.95) (0.54, 0.29, 0.73) #fs:   8  -- #Conts: 15 H(3)  G(9)  E(3) 
   4824910 312.94 || noQ Q (Avg,Max,Min) (1.00, 1.01, 0.97) (0.56, 0.29, 0.74) #fs:   2  -- #Conts: 14 H(3)  G(9)  E(2) 
   4858380 301.18 || noQ Q (Avg,Max,Min) (1.00, 1.00, 0.97) (0.59, 0.29, 0.75) #fs:   6  -- #Conts: 14 H(3)  G(8)  E(2)  C(1) 
   4900873 298.47 || noQ Q (Avg,Max,Min) (0.99, 1.01, 0.94) (0.60, 0.29, 0.76) #fs:   5  -- #Conts: 14 H(3)  G(8)  E(1)  C(2) 
   5008573 282.71 || noQ Q (Avg,Max,Min) (0.99, 1.01, 0.94) (0.64, 0.29, 0.79) #fs:   3  -- #Conts: 13 H(3)  G(7)  E(1)  C(2) 
   5023494 273.65 || noQ Q (Avg,Max,Min) (0.99, 1.01, 0.94) (0.67, 0.43, 0.80) #fs:   6  -- #Conts: 13 H(3)  G(6)  E(2)  C(2) 
   5212546 268.59 || noQ Q (Avg,Max,Min) (0.99, 1.00, 0.91) (0.67, 0.46, 0.80) #fs:   5  -- #Conts: 14 H(3)  G(5)  E(3)  C(3) 
   5359985 264.59 || noQ Q (Avg,Max,Min) (0.98, 1.00, 0.85) (0.69, 0.47, 0.88) #fs:   4  -- #Conts: 13 H(3)  G(5)  E(3)  C(2) 
   5391542 260.59 || noQ Q (Avg,Max,Min) (0.98, 1.01, 0.84) (0.69, 0.51, 0.85) #fs:   4  -- #Conts: 12 H(3)  G(5)  E(3)  C(1) 
   5416019 256.59 || noQ Q (Avg,Max,Min) (1.00, 1.01, 0.96) (0.69, 0.51, 0.91) #fs:   2  -- #Conts: 11 H(3)  G(5)  E(3) 
   5458436 248.82 || noQ Q (Avg,Max,Min) (0.99, 1.00, 0.90) (0.68, 0.51, 1.00) #fs:   3  -- #Conts: 15 H(2)  G(8)  E(3)  C(2) 
   5557817 244.82 || noQ Q (Avg,Max,Min) (0.99, 1.00, 0.91) (0.69, 0.51, 1.00) #fs:   4  -- #Conts: 14 H(2)  G(8)  E(3)  C(1) 
   5628041 242.12 || noQ Q (Avg,Max,Min) (0.99, 1.00, 0.90) (0.71, 0.53, 1.00) #fs:   3  -- #Conts: 14 H(2)  G(8)  E(2)  C(2) 
   5660171 226.35 || noQ Q (Avg,Max,Min) (0.96, 1.00, 0.86) (0.82, 0.55, 0.97) #fs:   4  -- #Conts: 11 H(2)  G(5)  E(2)  C(2) 
   5687494 223.65 || noQ Q (Avg,Max,Min) (0.97, 1.00, 0.84) (0.84, 0.54, 0.98) #fs:   6  -- #Conts: 11 H(2)  G(5)  E(1)  C(3) 
   5741031 220.65 || noQ Q (Avg,Max,Min) (0.98, 1.00, 0.85) (0.80, 0.10, 1.00) #fs:   4  -- #Conts: 11 H(2)  G(5)  A(1)  E(1)  C(2) 
   5743406 219.65 || noQ Q (Avg,Max,Min) (0.98, 1.00, 0.85) (0.87, 0.64, 1.00) #fs:   5  -- #Conts: 10 H(2)  G(5)  E(1)  C(2) 
   5818213 215.65 || noQ Q (Avg,Max,Min) (1.00, 1.00, 0.98) (0.87, 0.62, 1.00) #fs:   3  -- #Conts: 9 H(2)  G(5)  E(1)  C(1) 
   5980125 214.94 || noQ Q (Avg,Max,Min) (0.98, 1.00, 0.86) (0.79, 0.62, 1.00) #fs:   6  -- #Conts: 14 H(2)  G(5)  E(5)  C(2) 
   6068966 212.65 || noQ Q (Avg,Max,Min) (0.98, 1.00, 0.87) (0.80, 0.21, 1.00) #fs:   4  -- #Conts: 9 H(2)  G(5)  A(1)  E(1) 
   6079095 211.65 || noQ Q (Avg,Max,Min) (0.97, 1.00, 0.87) (0.87, 0.70, 1.00) #fs:   4  -- #Conts: 8 H(2)  G(5)  E(1) 
   6168394 210.94 || noQ Q (Avg,Max,Min) (0.98, 1.00, 0.86) (0.80, 0.62, 1.00) #fs:   5  -- #Conts: 13 H(2)  G(5)  E(5)  C(1) 
   6194233 205.88 || noQ Q (Avg,Max,Min) (0.98, 1.00, 0.85) (0.80, 0.51, 1.00) #fs:   7  -- #Conts: 16 H(2)  G(6)  E(6)  C(2) 
   6217283 203.18 || noQ Q (Avg,Max,Min) (0.98, 1.00, 0.84) (0.82, 0.51, 1.00) #fs:   4  -- #Conts: 16 H(2)  G(6)  E(5)  C(3) 
   6368309 202.47 || noQ Q (Avg,Max,Min) (0.97, 1.00, 0.80) (0.82, 0.51, 1.00) #fs:   6  -- #Conts: 19 H(2)  G(4)  E(9)  C(4) 
   6550857 199.76 || noQ Q (Avg,Max,Min) (1.00, 1.00, 0.96) (0.84, 0.62, 1.00) #fs:   2  -- #Conts: 19 H(2)  G(4)  E(8)  C(5) 
   6788089 197.41 || noQ Q (Avg,Max,Min) (1.00, 1.00, 0.97) (0.84, 0.62, 1.00) #fs:   2  -- #Conts: 20 H(2)  G(3)  E(10)  C(5) 
   6871987 195.06 || noQ Q (Avg,Max,Min) (0.99, 1.00, 0.88) (0.85, 0.62, 1.00) #fs:   3  -- #Conts: 21 H(2)  G(2)  E(12)  C(5) 
  14931882 193.12 || noQ Q (Avg,Max,Min) (0.99, 1.00, 0.88) (0.80, 0.01, 1.00) #fs:   2  -- #Conts: 16 H(1)  A(1)  E(7)  C(7) 
  14936390 186.41 || noQ Q (Avg,Max,Min) (0.99, 1.00, 0.88) (0.85, 0.25, 1.00) #fs:   2  -- #Conts: 15 H(1)  A(1)  E(6)  C(7) 
  14942502 185.41 || noQ Q (Avg,Max,Min) (1.00, 1.00, 1.00) (0.89, 0.65, 1.00) #fs:   0  -- #Conts: 14 H(1)  E(6)  C(7) 
  15435946 182.71 || noQ Q (Avg,Max,Min) (1.00, 1.00, 0.99) (0.91, 0.68, 1.00) #fs:   1  -- #Conts: 13 H(1)  E(5)  C(7) 
  16368175 178.71 || noQ Q (Avg,Max,Min) (1.00, 1.00, 0.98) (0.94, 0.77, 1.00) #fs:   2  -- #Conts: 12 H(1)  E(5)  C(6) 
  17759604 178.41 || noQ Q (Avg,Max,Min) (1.00, 1.00, 1.00) (0.85, 0.10, 1.00) #fs:   0  -- #Conts: 12 H(1)  A(1)  E(5)  C(5) 
  17798424 177.41 || noQ Q (Avg,Max,Min) (1.00, 1.00, 1.00) (0.91, 0.63, 1.00) #fs:   0  -- #Conts: 11 H(1)  E(5)  C(5) 
  17881281 174.41 || noQ Q (Avg,Max,Min) (1.00, 1.00, 1.00) (0.88, 0.22, 1.00) #fs:   0  -- #Conts: 12 H(1)  A(1)  E(5)  C(5) 
  17983721 173.41 || noQ Q (Avg,Max,Min) (1.00, 1.00, 1.00) (0.94, 0.63, 1.00) #fs:   0  -- #Conts: 11 H(1)  E(5)  C(5) 
  24887635 166.00 || noQ Q (Avg,Max,Min) (1.00, 1.00, 0.98) (0.98, 0.93, 1.00) #fs:   2  -- #Conts: 8 E(5)  C(3) 
  25323781 165.00 || noQ Q (Avg,Max,Min) (0.99, 1.00, 0.86) (0.78, 0.05, 1.00) #fs:   2  -- #Conts: 11 A(3)  E(5)  C(3) 
  25364784 164.00 || noQ Q (Avg,Max,Min) (0.99, 1.00, 0.88) (0.86, 0.16, 1.00) #fs:   2  -- #Conts: 10 A(2)  E(5)  C(3) 
  26898780 163.00 || noQ Q (Avg,Max,Min) (1.00, 1.00, 1.00) (0.95, 0.60, 1.00) #fs:   1  -- #Conts: 9 A(1)  E(5)  C(3) 
/////////////////size: 54
nodes 50 edges 92
 mulT: 500 mulD: 1  sumData GB 86
pareto /CYBERSHAKE.n.50.0.dax time -> 716.0
moheft /CYBERSHAKE.n.50.0.dax time -> 888.0
distance from M to C 0.0
distance from P to C 5.591128375298458
distance from C to M 0.0
distance from C to P 4.836069452441642
toCompare: /CYBERSHAKE.n.50.0.dax sumDataGB: 86 mulT: 500 mulD: 1 paretoOptTime_MS: 716.0 MoheftOptimizationTime_MS: 888.0 MtoC 0.0 PtoC 5.591128375298458 CtoM 0.0 CtoP 4.836069452441642
