specify -Dflow d,b,mt,md,size
Running /home/vaggelis/jc/CYBERSHAKE.n.50.0.dax mt 500 md: 100 size null
   5132705 409.88 || noQ Q (Avg,Max,Min) (1.33, 1.70, 1.07) (0.62, 0.37, 0.86) #fs:   6  -- #Conts: 11 H(11) 
   5272264 378.35 || noQ Q (Avg,Max,Min) (1.29, 1.75, 1.02) (0.67, 0.39, 1.05) #fs:   8  -- #Conts: 10 H(10) 
   5503459 346.82 || noQ Q (Avg,Max,Min) (1.28, 1.70, 1.00) (0.77, 0.39, 1.09) #fs:   7  -- #Conts: 10 H(10) 
   5773721 315.29 || noQ Q (Avg,Max,Min) (1.30, 1.69, 1.03) (0.85, 0.41, 1.11) #fs:   6  -- #Conts: 9 H(9) 
   5914171 283.76 || noQ Q (Avg,Max,Min) (1.30, 1.68, 0.90) (0.93, 0.43, 1.12) #fs:   6  -- #Conts: 8 H(8) 
   6264827 252.24 || noQ Q (Avg,Max,Min) (1.29, 1.62, 1.10) (1.07, 0.93, 1.43) #fs:   4  -- #Conts: 7 H(7) 
   6529351 220.71 || noQ Q (Avg,Max,Min) (1.32, 1.58, 1.10) (1.22, 1.03, 1.45) #fs:   4  -- #Conts: 6 H(6) 
  10065839 204.94 || noQ Q (Avg,Max,Min) (1.11, 1.36, 0.96) (1.01, 0.82, 1.35) #fs:  10  -- #Conts: 9 G(9) 
  17840781 201.18 || noQ Q (Avg,Max,Min) (0.99, 1.10, 0.82) (0.87, 0.61, 1.09) #fs:  14  -- #Conts: 12 E(12) 
  18929024 194.47 || noQ Q (Avg,Max,Min) (0.98, 1.13, 0.81) (0.90, 0.66, 1.09) #fs:  12  -- #Conts: 11 E(11) 
  19494073 187.76 || noQ Q (Avg,Max,Min) (0.98, 1.13, 0.81) (0.93, 0.78, 1.09) #fs:  11  -- #Conts: 10 E(10) 
  31252465 184.00 || noQ Q (Avg,Max,Min) (1.00, 1.13, 0.77) (0.97, 0.73, 1.12) #fs:   9  -- #Conts: 12 C(12) 
  32163446 180.00 || noQ Q (Avg,Max,Min) (1.01, 1.13, 0.87) (1.00, 0.83, 1.12) #fs:   8  -- #Conts: 12 C(12) 
  34647701 176.00 || noQ Q (Avg,Max,Min) (1.02, 1.13, 0.85) (1.01, 0.80, 1.12) #fs:   5  -- #Conts: 12 C(12) 
  38830546 170.82 || noQ Q (Avg,Max,Min) (1.05, 1.15, 0.99) (1.04, 0.97, 1.09) #fs:   2  -- #Conts: 7 E(1)  C(6) 
  42253484 168.00 || noQ Q (Avg,Max,Min) (1.05, 1.08, 1.03) (1.04, 1.01, 1.08) #fs:   0  -- #Conts: 7 C(7) 
/////////////////size: 16
   5126590 452.47 || noQ Q (Avg,Max,Min) (1.21, 1.46, 0.95) (0.50, 0.00, 0.82) #fs:  11  -- #Conts: 21 H(6)  G(11)  E(4) 
   5132031 420.94 || noQ Q (Avg,Max,Min) (1.22, 1.46, 0.95) (0.52, 0.31, 0.82) #fs:  11  -- #Conts: 20 H(5)  G(11)  E(4) 
   5164771 391.76 || noQ Q (Avg,Max,Min) (1.25, 1.47, 0.98) (0.56, 0.32, 0.84) #fs:   8  -- #Conts: 18 H(4)  G(12)  E(2) 
   5183336 382.71 || noQ Q (Avg,Max,Min) (1.26, 1.46, 0.99) (0.57, 0.31, 0.84) #fs:   8  -- #Conts: 18 H(4)  G(11)  E(3) 
   5222293 376.00 || noQ Q (Avg,Max,Min) (1.31, 1.70, 1.00) (0.58, 0.32, 0.85) #fs:   4  -- #Conts: 17 H(4)  G(11)  E(2) 
   5288016 360.24 || noQ Q (Avg,Max,Min) (1.27, 1.70, 0.94) (0.62, 0.38, 0.86) #fs:   9  -- #Conts: 16 H(4)  G(10)  E(2) 
   5315007 344.47 || noQ Q (Avg,Max,Min) (1.27, 1.42, 0.98) (0.64, 0.37, 0.88) #fs:   8  -- #Conts: 16 H(3)  G(11)  E(2) 
   5431907 322.00 || noQ Q (Avg,Max,Min) (1.28, 1.40, 0.94) (0.66, 0.37, 0.91) #fs:   4  -- #Conts: 15 H(2)  G(12)  E(1) 
   5480646 312.94 || noQ Q (Avg,Max,Min) (1.29, 1.39, 0.95) (0.68, 0.38, 0.92) #fs:   5  -- #Conts: 15 H(2)  G(11)  E(2) 
   5495400 306.24 || noQ Q (Avg,Max,Min) (1.27, 1.39, 1.00) (0.70, 0.38, 0.93) #fs:   6  -- #Conts: 14 H(2)  G(11)  E(1) 
   5517966 297.18 || noQ Q (Avg,Max,Min) (1.27, 1.38, 1.00) (0.72, 0.38, 0.94) #fs:   6  -- #Conts: 14 H(2)  G(10)  E(2) 
   5560672 294.47 || noQ Q (Avg,Max,Min) (1.26, 1.38, 1.00) (0.73, 0.38, 0.95) #fs:   5  -- #Conts: 14 H(2)  G(10)  E(1)  C(1) 
   5612380 285.41 || noQ Q (Avg,Max,Min) (1.25, 1.38, 1.04) (0.75, 0.39, 0.96) #fs:   5  -- #Conts: 14 H(2)  G(9)  E(2)  C(1) 
   5658959 276.35 || noQ Q (Avg,Max,Min) (1.22, 1.38, 1.00) (0.76, 0.46, 0.94) #fs:   5  -- #Conts: 14 H(2)  G(8)  E(3)  C(1) 
   5750994 273.65 || noQ Q (Avg,Max,Min) (1.25, 1.38, 0.99) (0.78, 0.44, 0.97) #fs:   4  -- #Conts: 14 H(2)  G(8)  E(2)  C(2) 
   5799718 269.65 || noQ Q (Avg,Max,Min) (1.24, 1.38, 1.00) (0.79, 0.44, 0.98) #fs:   3  -- #Conts: 13 H(2)  G(8)  E(2)  C(1) 
   5857709 262.94 || noQ Q (Avg,Max,Min) (1.25, 1.47, 0.96) (0.84, 0.44, 1.12) #fs:   5  -- #Conts: 12 H(2)  G(8)  E(1)  C(1) 
   5967757 257.88 || noQ Q (Avg,Max,Min) (1.24, 1.44, 1.05) (0.84, 0.46, 1.01) #fs:   3  -- #Conts: 13 H(2)  G(7)  E(2)  C(2) 
   6007858 252.82 || noQ Q (Avg,Max,Min) (1.21, 1.35, 1.05) (0.83, 0.46, 1.00) #fs:   3  -- #Conts: 14 H(2)  G(6)  E(3)  C(3) 
   6028445 248.82 || noQ Q (Avg,Max,Min) (1.22, 1.42, 1.03) (0.86, 0.60, 1.04) #fs:   5  -- #Conts: 13 H(2)  G(6)  E(3)  C(2) 
   6090980 244.82 || noQ Q (Avg,Max,Min) (1.23, 1.41, 1.05) (0.87, 0.60, 1.05) #fs:   4  -- #Conts: 12 H(2)  G(6)  E(3)  C(1) 
   6125025 233.06 || noQ Q (Avg,Max,Min) (1.23, 1.35, 1.05) (0.87, 0.60, 1.13) #fs:   3  -- #Conts: 14 H(2)  G(7)  E(3)  C(2) 
   6326344 229.06 || noQ Q (Avg,Max,Min) (1.24, 1.40, 1.04) (0.89, 0.60, 1.25) #fs:   3  -- #Conts: 13 H(2)  G(7)  E(3)  C(1) 
   6349807 226.71 || noQ Q (Avg,Max,Min) (1.22, 1.39, 1.04) (0.87, 0.60, 1.26) #fs:   4  -- #Conts: 14 H(2)  G(6)  E(5)  C(1) 
   6430206 222.71 || noQ Q (Avg,Max,Min) (1.20, 1.42, 0.99) (0.90, 0.60, 1.32) #fs:   6  -- #Conts: 13 H(2)  G(6)  E(5) 
   6462558 220.00 || noQ Q (Avg,Max,Min) (1.21, 1.41, 1.00) (0.93, 0.66, 1.32) #fs:   4  -- #Conts: 13 H(2)  G(6)  E(4)  C(1) 
   6487728 216.00 || noQ Q (Avg,Max,Min) (1.20, 1.41, 1.04) (0.94, 0.69, 1.33) #fs:   4  -- #Conts: 12 H(2)  G(6)  E(4) 
   6546457 209.29 || noQ Q (Avg,Max,Min) (1.21, 1.37, 1.05) (0.99, 0.69, 1.32) #fs:   5  -- #Conts: 11 H(2)  G(6)  E(3) 
   6566148 206.59 || noQ Q (Avg,Max,Min) (1.18, 1.37, 1.05) (1.02, 0.72, 1.32) #fs:   7  -- #Conts: 11 H(2)  G(6)  E(2)  C(1) 
   6596498 202.59 || noQ Q (Avg,Max,Min) (1.22, 1.40, 1.07) (1.06, 0.72, 1.36) #fs:   5  -- #Conts: 10 H(2)  G(6)  E(2) 
   6650319 195.88 || noQ Q (Avg,Max,Min) (1.24, 1.39, 1.05) (1.13, 0.73, 1.38) #fs:   4  -- #Conts: 9 H(2)  G(6)  E(1) 
   6679241 191.18 || noQ Q (Avg,Max,Min) (1.18, 1.39, 0.53) (1.02, 0.17, 1.39) #fs:   2  -- #Conts: 10 H(2)  G(6)  A(2) 
   6695075 190.18 || noQ Q (Avg,Max,Min) (1.25, 1.39, 1.00) (1.11, 0.17, 1.39) #fs:   0  -- #Conts: 9 H(2)  G(6)  A(1) 
   6710197 189.18 || noQ Q (Avg,Max,Min) (1.28, 1.39, 1.05) (1.23, 0.93, 1.39) #fs:   1  -- #Conts: 8 H(2)  G(6) 
  10748126 188.59 || noQ Q (Avg,Max,Min) (1.11, 1.19, 1.01) (1.01, 0.71, 1.19) #fs:   3  -- #Conts: 13 H(2)  G(1)  E(6)  C(4) 
  10749443 184.59 || noQ Q (Avg,Max,Min) (1.12, 1.19, 1.03) (1.04, 0.72, 1.19) #fs:   2  -- #Conts: 13 H(2)  G(1)  E(6)  C(4) 
  11016961 181.88 || noQ Q (Avg,Max,Min) (1.10, 1.19, 0.99) (1.06, 0.86, 1.19) #fs:   3  -- #Conts: 13 H(2)  G(1)  E(5)  C(5) 
  16296401 177.41 || noQ Q (Avg,Max,Min) (1.11, 1.19, 1.03) (1.03, 0.81, 1.14) #fs:   2  -- #Conts: 12 H(1)  E(5)  C(6) 
  17795153 173.41 || noQ Q (Avg,Max,Min) (1.11, 1.17, 1.03) (1.05, 0.90, 1.13) #fs:   0  -- #Conts: 11 H(1)  E(5)  C(5) 
  25558637 166.00 || noQ Q (Avg,Max,Min) (1.10, 1.17, 1.03) (1.08, 1.03, 1.16) #fs:   2  -- #Conts: 8 E(5)  C(3) 
  26728249 164.00 || noQ Q (Avg,Max,Min) (1.06, 1.16, 0.73) (0.94, 0.20, 1.16) #fs:   1  -- #Conts: 10 A(2)  E(5)  C(3) 
  28003249 163.00 || noQ Q (Avg,Max,Min) (1.10, 1.16, 1.00) (1.05, 0.55, 1.16) #fs:   0  -- #Conts: 9 A(1)  E(5)  C(3) 
/////////////////size: 42
nodes 50 edges 92
 mulT: 500 mulD: 100  sumData GB 8630
pareto /CYBERSHAKE.n.50.0.dax time -> 802.0
moheft /CYBERSHAKE.n.50.0.dax time -> 1069.0
distance from M to C 0.0
distance from P to C 7.069393951844054
distance from C to M 0.20930232558139536
distance from C to P 7.036098657371605
toCompare: /CYBERSHAKE.n.50.0.dax sumDataGB: 8630 mulT: 500 mulD: 100 paretoOptTime_MS: 802.0 MoheftOptimizationTime_MS: 1069.0 MtoC 0.0 PtoC 7.069393951844054 CtoM 0.20930232558139536 CtoP 7.036098657371605
