specify -Dflow d,b,mt,md,size
Running /home/vaggelis/jc/MONTAGE.n.50.0.dax mt 5000 md: 1000 size null
   9710286 1387.29 || noQ Q (Avg,Max,Min) (0.99, 1.05, 0.81) (0.56, 0.52, 0.89) #fs:  16  -- #Conts: 28 H(28) 
  11432433 1056.24 || noQ Q (Avg,Max,Min) (0.95, 1.03, 0.67) (0.81, 0.57, 0.89) #fs:  15  -- #Conts: 25 H(8)  G(17) 
  11446958 1024.71 || noQ Q (Avg,Max,Min) (0.96, 1.03, 0.67) (0.82, 0.57, 0.89) #fs:  15  -- #Conts: 23 H(8)  G(15) 
  11461653 993.18 || noQ Q (Avg,Max,Min) (0.97, 1.12, 0.67) (0.83, 0.57, 0.89) #fs:  16  -- #Conts: 21 H(8)  G(13) 
  11468098 977.41 || noQ Q (Avg,Max,Min) (0.98, 1.03, 0.86) (0.83, 0.72, 0.89) #fs:  15  -- #Conts: 20 H(8)  G(12) 
  13893276 961.65 || noQ Q (Avg,Max,Min) (0.94, 1.03, 0.76) (0.83, 0.72, 0.89) #fs:  16  -- #Conts: 21 H(7)  G(14) 
  16413598 804.00 || noQ Q (Avg,Max,Min) (1.00, 1.05, 0.82) (0.86, 0.72, 1.00) #fs:  13  -- #Conts: 30 G(30) 
  16433721 788.24 || noQ Q (Avg,Max,Min) (1.00, 1.05, 0.82) (0.88, 0.72, 1.00) #fs:  13  -- #Conts: 31 G(31) 
  16445959 772.47 || noQ Q (Avg,Max,Min) (1.01, 1.10, 0.82) (0.89, 0.72, 1.00) #fs:  11  -- #Conts: 32 G(32) 
  16451344 756.71 || noQ Q (Avg,Max,Min) (1.02, 1.10, 0.82) (0.89, 0.72, 1.00) #fs:  10  -- #Conts: 33 G(33) 
  16491625 740.94 || noQ Q (Avg,Max,Min) (1.02, 1.10, 0.83) (0.90, 0.72, 1.00) #fs:   9  -- #Conts: 34 G(34) 
  33855292 740.35 || noQ Q (Avg,Max,Min) (0.97, 1.03, 0.59) (0.91, 0.50, 0.98) #fs:  17  -- #Conts: 28 G(2)  E(26) 
  33855336 738.00 || noQ Q (Avg,Max,Min) (0.97, 1.01, 0.59) (0.91, 0.50, 0.98) #fs:  17  -- #Conts: 28 G(1)  E(27) 
  36459209 731.06 || noQ Q (Avg,Max,Min) (1.01, 1.03, 0.82) (0.89, 0.80, 0.99) #fs:  11  -- #Conts: 33 G(20)  E(13) 
  36464944 728.71 || noQ Q (Avg,Max,Min) (1.01, 1.03, 0.82) (0.90, 0.80, 0.99) #fs:  11  -- #Conts: 33 G(19)  E(14) 
  36471210 726.35 || noQ Q (Avg,Max,Min) (1.01, 1.03, 0.82) (0.90, 0.80, 0.99) #fs:  11  -- #Conts: 33 G(18)  E(15) 
  36486067 724.00 || noQ Q (Avg,Max,Min) (1.01, 1.03, 0.82) (0.90, 0.80, 0.99) #fs:  11  -- #Conts: 33 G(17)  E(16) 
  36491411 721.65 || noQ Q (Avg,Max,Min) (1.01, 1.03, 0.82) (0.91, 0.80, 0.99) #fs:  11  -- #Conts: 33 G(16)  E(17) 
  36497051 719.29 || noQ Q (Avg,Max,Min) (1.01, 1.03, 0.82) (0.91, 0.80, 0.99) #fs:  11  -- #Conts: 33 G(15)  E(18) 
  36497608 716.94 || noQ Q (Avg,Max,Min) (1.01, 1.03, 0.82) (0.91, 0.80, 0.99) #fs:  11  -- #Conts: 33 G(14)  E(19) 
  36504675 714.59 || noQ Q (Avg,Max,Min) (1.01, 1.03, 0.82) (0.91, 0.80, 0.99) #fs:  11  -- #Conts: 33 G(13)  E(20) 
  36509718 712.24 || noQ Q (Avg,Max,Min) (1.01, 1.03, 0.82) (0.92, 0.80, 0.99) #fs:  11  -- #Conts: 33 G(12)  E(21) 
  36511298 709.88 || noQ Q (Avg,Max,Min) (1.01, 1.03, 0.82) (0.92, 0.80, 0.99) #fs:  11  -- #Conts: 33 G(11)  E(22) 
  36517756 707.53 || noQ Q (Avg,Max,Min) (1.01, 1.03, 0.82) (0.92, 0.80, 0.99) #fs:  11  -- #Conts: 33 G(10)  E(23) 
  36518025 705.18 || noQ Q (Avg,Max,Min) (1.01, 1.03, 0.82) (0.93, 0.80, 0.99) #fs:  11  -- #Conts: 33 G(9)  E(24) 
  36522225 702.82 || noQ Q (Avg,Max,Min) (1.01, 1.03, 0.82) (0.93, 0.80, 0.99) #fs:  11  -- #Conts: 33 G(8)  E(25) 
  36524507 700.47 || noQ Q (Avg,Max,Min) (1.00, 1.03, 0.82) (0.93, 0.80, 0.99) #fs:  11  -- #Conts: 33 G(7)  E(26) 
  36525032 698.12 || noQ Q (Avg,Max,Min) (1.00, 1.03, 0.82) (0.94, 0.80, 0.99) #fs:  11  -- #Conts: 33 G(6)  E(27) 
  36541675 696.12 || noQ Q (Avg,Max,Min) (1.01, 1.09, 0.83) (0.93, 0.81, 0.99) #fs:  10  -- #Conts: 34 G(8)  E(26) 
  36543957 693.76 || noQ Q (Avg,Max,Min) (1.01, 1.09, 0.82) (0.93, 0.81, 0.99) #fs:  10  -- #Conts: 34 G(7)  E(27) 
  36544482 691.41 || noQ Q (Avg,Max,Min) (1.01, 1.09, 0.82) (0.94, 0.81, 0.99) #fs:  10  -- #Conts: 34 G(6)  E(28) 
  36568112 691.06 || noQ Q (Avg,Max,Min) (1.00, 1.03, 0.82) (0.94, 0.80, 0.99) #fs:  11  -- #Conts: 33 G(3)  E(30) 
  36568522 689.06 || noQ Q (Avg,Max,Min) (1.01, 1.09, 0.82) (0.94, 0.81, 0.99) #fs:  10  -- #Conts: 34 G(5)  E(29) 
  36582018 686.71 || noQ Q (Avg,Max,Min) (1.01, 1.09, 0.82) (0.94, 0.81, 0.99) #fs:  10  -- #Conts: 34 G(4)  E(30) 
  36587562 684.35 || noQ Q (Avg,Max,Min) (1.01, 1.09, 0.82) (0.95, 0.81, 0.99) #fs:  10  -- #Conts: 34 G(3)  E(31) 
  36614656 684.00 || noQ Q (Avg,Max,Min) (1.00, 1.02, 0.82) (0.95, 0.80, 0.99) #fs:  11  -- #Conts: 33 E(33) 
  36616706 682.00 || noQ Q (Avg,Max,Min) (1.01, 1.09, 0.82) (0.95, 0.81, 0.99) #fs:  10  -- #Conts: 34 G(2)  E(32) 
  36616750 679.65 || noQ Q (Avg,Max,Min) (1.01, 1.09, 0.82) (0.95, 0.81, 0.99) #fs:  10  -- #Conts: 34 G(1)  E(33) 
  36634106 677.29 || noQ Q (Avg,Max,Min) (1.01, 1.09, 0.82) (0.95, 0.81, 0.99) #fs:  10  -- #Conts: 34 E(34) 
  36676337 675.29 || noQ Q (Avg,Max,Min) (1.01, 1.09, 0.99) (0.95, 0.88, 1.01) #fs:   9  -- #Conts: 35 G(2)  E(33) 
  36676381 672.94 || noQ Q (Avg,Max,Min) (1.01, 1.09, 0.99) (0.96, 0.88, 1.01) #fs:   9  -- #Conts: 35 G(1)  E(34) 
  36693737 670.59 || noQ Q (Avg,Max,Min) (1.01, 1.09, 0.99) (0.96, 0.88, 1.01) #fs:   9  -- #Conts: 35 E(35) 
  45635994 663.88 || noQ Q (Avg,Max,Min) (1.01, 1.09, 0.86) (0.97, 0.81, 0.99) #fs:   3  -- #Conts: 31 E(31) 
  45695625 650.47 || noQ Q (Avg,Max,Min) (1.02, 1.09, 0.99) (0.97, 0.88, 1.01) #fs:   2  -- #Conts: 32 E(32) 
  45715018 643.76 || noQ Q (Avg,Max,Min) (1.01, 1.04, 0.99) (0.98, 0.96, 1.01) #fs:   2  -- #Conts: 32 E(32) 
/////////////////size: 45
   9709742 1481.88 || noQ Q (Avg,Max,Min) (0.98, 1.05, 0.57) (0.53, 0.39, 0.90) #fs:  14  -- #Conts: 31 H(31) 
   9754965 1418.82 || noQ Q (Avg,Max,Min) (0.99, 1.13, 0.58) (0.55, 0.40, 1.02) #fs:  14  -- #Conts: 31 H(31) 
   9762437 1387.29 || noQ Q (Avg,Max,Min) (0.99, 1.13, 0.77) (0.56, 0.51, 1.02) #fs:  14  -- #Conts: 31 H(31) 
  10944550 1355.76 || noQ Q (Avg,Max,Min) (0.94, 1.05, 0.49) (0.63, 0.39, 0.87) #fs:  14  -- #Conts: 31 H(21)  G(10) 
  10949544 1324.24 || noQ Q (Avg,Max,Min) (0.95, 1.05, 0.50) (0.64, 0.40, 0.87) #fs:  15  -- #Conts: 31 H(21)  G(10) 
  10956339 1308.47 || noQ Q (Avg,Max,Min) (0.94, 1.05, 0.49) (0.67, 0.39, 0.87) #fs:  14  -- #Conts: 31 H(18)  G(13) 
  10959774 1292.71 || noQ Q (Avg,Max,Min) (0.94, 1.05, 0.49) (0.68, 0.39, 0.87) #fs:  14  -- #Conts: 31 H(17)  G(14) 
  10960496 1276.94 || noQ Q (Avg,Max,Min) (0.94, 1.05, 0.49) (0.69, 0.39, 0.88) #fs:  14  -- #Conts: 31 H(16)  G(15) 
  10962765 1261.18 || noQ Q (Avg,Max,Min) (0.94, 1.05, 0.49) (0.70, 0.39, 0.88) #fs:  14  -- #Conts: 31 H(15)  G(16) 
  10965591 1245.41 || noQ Q (Avg,Max,Min) (0.94, 1.05, 0.49) (0.71, 0.39, 0.88) #fs:  14  -- #Conts: 31 H(14)  G(17) 
  10966004 1229.65 || noQ Q (Avg,Max,Min) (0.94, 1.05, 0.49) (0.73, 0.39, 0.88) #fs:  14  -- #Conts: 31 H(13)  G(18) 
  10969236 1198.12 || noQ Q (Avg,Max,Min) (0.94, 1.05, 0.49) (0.75, 0.39, 0.88) #fs:  14  -- #Conts: 31 H(11)  G(20) 
  10970679 1182.35 || noQ Q (Avg,Max,Min) (0.94, 1.05, 0.49) (0.76, 0.39, 0.88) #fs:  14  -- #Conts: 31 H(10)  G(21) 
  10978749 1166.59 || noQ Q (Avg,Max,Min) (0.94, 1.04, 0.49) (0.77, 0.39, 0.88) #fs:  14  -- #Conts: 31 H(9)  G(22) 
  10979684 1150.82 || noQ Q (Avg,Max,Min) (0.93, 1.03, 0.49) (0.78, 0.39, 0.88) #fs:  14  -- #Conts: 31 H(8)  G(23) 
  10983743 1135.06 || noQ Q (Avg,Max,Min) (0.94, 1.03, 0.49) (0.78, 0.40, 0.88) #fs:  15  -- #Conts: 31 H(9)  G(22) 
  10984624 1119.29 || noQ Q (Avg,Max,Min) (0.96, 1.33, 0.49) (0.79, 0.40, 0.88) #fs:  13  -- #Conts: 32 H(9)  G(23) 
  11023972 1103.53 || noQ Q (Avg,Max,Min) (0.96, 1.09, 0.50) (0.78, 0.40, 0.88) #fs:  13  -- #Conts: 32 H(10)  G(22) 
  11024907 1087.76 || noQ Q (Avg,Max,Min) (0.98, 1.09, 0.50) (0.78, 0.40, 0.88) #fs:  12  -- #Conts: 33 H(10)  G(23) 
  11031444 1072.00 || noQ Q (Avg,Max,Min) (0.98, 1.09, 0.62) (0.78, 0.53, 0.88) #fs:  12  -- #Conts: 33 H(11)  G(22) 
  11032379 1056.24 || noQ Q (Avg,Max,Min) (1.00, 1.09, 0.71) (0.79, 0.54, 0.88) #fs:  11  -- #Conts: 34 H(11)  G(23) 
  11057248 1024.71 || noQ Q (Avg,Max,Min) (1.02, 1.09, 0.50) (0.78, 0.40, 0.89) #fs:   4  -- #Conts: 41 H(14)  G(27) 
  11080659 993.18 || noQ Q (Avg,Max,Min) (1.04, 1.09, 1.00) (0.78, 0.54, 0.89) #fs:   3  -- #Conts: 42 H(15)  G(27) 
  12312476 945.88 || noQ Q (Avg,Max,Min) (1.03, 1.09, 0.90) (0.81, 0.54, 0.90) #fs:   3  -- #Conts: 42 H(12)  G(30) 
  12332643 930.12 || noQ Q (Avg,Max,Min) (1.03, 1.09, 0.90) (0.81, 0.55, 0.90) #fs:   3  -- #Conts: 42 H(11)  G(31) 
  12344837 914.35 || noQ Q (Avg,Max,Min) (1.03, 1.09, 0.90) (0.82, 0.55, 0.90) #fs:   3  -- #Conts: 42 H(10)  G(32) 
  12350222 898.59 || noQ Q (Avg,Max,Min) (1.03, 1.09, 0.90) (0.83, 0.55, 0.91) #fs:   3  -- #Conts: 42 H(9)  G(33) 
  12390503 882.82 || noQ Q (Avg,Max,Min) (1.03, 1.05, 0.89) (0.84, 0.66, 0.92) #fs:   3  -- #Conts: 42 H(8)  G(34) 
  13620871 867.06 || noQ Q (Avg,Max,Min) (1.03, 1.13, 0.76) (0.84, 0.66, 1.05) #fs:   4  -- #Conts: 42 H(8)  G(34) 
  15968461 855.29 || noQ Q (Avg,Max,Min) (1.04, 1.43, 0.81) (0.85, 0.66, 1.17) #fs:   2  -- #Conts: 45 H(8)  G(36)  C(1) 
  16171180 838.12 || noQ Q (Avg,Max,Min) (1.03, 1.09, 1.00) (0.88, 0.55, 0.97) #fs:   1  -- #Conts: 44 H(10)  G(15)  E(19) 
  16175212 835.76 || noQ Q (Avg,Max,Min) (1.03, 1.09, 1.00) (0.88, 0.55, 0.97) #fs:   1  -- #Conts: 44 H(10)  G(14)  E(20) 
  16183519 833.41 || noQ Q (Avg,Max,Min) (1.03, 1.09, 1.00) (0.88, 0.55, 0.98) #fs:   1  -- #Conts: 44 H(10)  G(13)  E(21) 
  16195220 831.06 || noQ Q (Avg,Max,Min) (1.02, 1.09, 1.00) (0.88, 0.55, 0.98) #fs:   1  -- #Conts: 44 H(10)  G(12)  E(22) 
  16211461 822.35 || noQ Q (Avg,Max,Min) (1.02, 1.05, 1.00) (0.88, 0.66, 0.97) #fs:   1  -- #Conts: 44 H(9)  G(16)  E(19) 
  16215493 820.00 || noQ Q (Avg,Max,Min) (1.02, 1.05, 1.00) (0.89, 0.66, 0.97) #fs:   1  -- #Conts: 44 H(9)  G(15)  E(20) 
  16223800 817.65 || noQ Q (Avg,Max,Min) (1.02, 1.05, 1.00) (0.89, 0.66, 0.98) #fs:   1  -- #Conts: 44 H(9)  G(14)  E(21) 
  16235501 815.29 || noQ Q (Avg,Max,Min) (1.02, 1.05, 1.00) (0.89, 0.66, 0.98) #fs:   1  -- #Conts: 44 H(9)  G(13)  E(22) 
  16261858 812.94 || noQ Q (Avg,Max,Min) (1.02, 1.05, 1.00) (0.89, 0.66, 0.98) #fs:   1  -- #Conts: 43 H(9)  G(11)  E(23) 
  16273887 810.59 || noQ Q (Avg,Max,Min) (1.02, 1.05, 1.00) (0.89, 0.66, 0.98) #fs:   1  -- #Conts: 44 H(9)  G(11)  E(24) 
  16283685 808.24 || noQ Q (Avg,Max,Min) (1.02, 1.05, 1.00) (0.90, 0.66, 0.98) #fs:   1  -- #Conts: 44 H(9)  G(10)  E(25) 
  17695516 806.59 || noQ Q (Avg,Max,Min) (1.03, 1.20, 1.01) (0.89, 0.66, 1.15) #fs:   1  -- #Conts: 44 H(9)  G(16)  E(19) 
  17699548 804.24 || noQ Q (Avg,Max,Min) (1.03, 1.20, 1.01) (0.89, 0.66, 1.15) #fs:   1  -- #Conts: 44 H(9)  G(15)  E(20) 
  17707855 801.88 || noQ Q (Avg,Max,Min) (1.03, 1.20, 1.01) (0.89, 0.66, 1.15) #fs:   1  -- #Conts: 44 H(9)  G(14)  E(21) 
  17719556 799.53 || noQ Q (Avg,Max,Min) (1.03, 1.20, 1.01) (0.89, 0.66, 1.15) #fs:   1  -- #Conts: 44 H(9)  G(13)  E(22) 
  17745913 797.18 || noQ Q (Avg,Max,Min) (1.03, 1.20, 1.01) (0.90, 0.66, 1.15) #fs:   1  -- #Conts: 43 H(9)  G(11)  E(23) 
  17757942 794.82 || noQ Q (Avg,Max,Min) (1.03, 1.20, 1.01) (0.90, 0.66, 1.15) #fs:   1  -- #Conts: 44 H(9)  G(11)  E(24) 
  17767740 792.47 || noQ Q (Avg,Max,Min) (1.03, 1.20, 1.01) (0.90, 0.66, 1.15) #fs:   1  -- #Conts: 44 H(9)  G(10)  E(25) 
  19588981 791.53 || noQ Q (Avg,Max,Min) (1.02, 1.05, 0.88) (0.87, 0.73, 0.91) #fs:   4  -- #Conts: 43 H(1)  G(34)  E(8) 
  20819241 775.76 || noQ Q (Avg,Max,Min) (1.03, 1.05, 1.01) (0.87, 0.80, 0.91) #fs:   3  -- #Conts: 43 H(1)  G(34)  E(8) 
  21499268 760.00 || noQ Q (Avg,Max,Min) (1.03, 1.11, 1.01) (0.87, 0.83, 0.95) #fs:   2  -- #Conts: 43 G(35)  E(8) 
  22838262 742.12 || noQ Q (Avg,Max,Min) (1.02, 1.09, 0.99) (0.91, 0.55, 0.97) #fs:   7  -- #Conts: 33 H(2)  G(10)  E(21) 
  22838618 739.76 || noQ Q (Avg,Max,Min) (1.02, 1.09, 0.99) (0.91, 0.55, 0.97) #fs:   7  -- #Conts: 34 H(2)  G(10)  E(22) 
  22845180 737.41 || noQ Q (Avg,Max,Min) (1.02, 1.09, 0.99) (0.91, 0.55, 0.97) #fs:   7  -- #Conts: 35 H(2)  G(10)  E(23) 
  22845894 735.06 || noQ Q (Avg,Max,Min) (1.02, 1.09, 0.99) (0.92, 0.55, 0.97) #fs:   7  -- #Conts: 36 H(2)  G(10)  E(24) 
  22865818 731.06 || noQ Q (Avg,Max,Min) (1.02, 1.05, 0.99) (0.92, 0.88, 0.97) #fs:   7  -- #Conts: 33 H(1)  G(13)  E(19) 
  22872441 728.71 || noQ Q (Avg,Max,Min) (1.02, 1.05, 0.99) (0.92, 0.88, 0.97) #fs:   7  -- #Conts: 34 H(1)  G(13)  E(20) 
  22878543 726.35 || noQ Q (Avg,Max,Min) (1.02, 1.05, 0.99) (0.92, 0.88, 0.97) #fs:   7  -- #Conts: 33 H(1)  G(11)  E(21) 
  22878899 724.00 || noQ Q (Avg,Max,Min) (1.02, 1.05, 0.99) (0.92, 0.88, 0.97) #fs:   7  -- #Conts: 34 H(1)  G(11)  E(22) 
  22885461 721.65 || noQ Q (Avg,Max,Min) (1.02, 1.05, 0.99) (0.93, 0.88, 0.97) #fs:   7  -- #Conts: 35 H(1)  G(11)  E(23) 
  22886175 719.29 || noQ Q (Avg,Max,Min) (1.02, 1.05, 0.99) (0.93, 0.88, 0.97) #fs:   7  -- #Conts: 36 H(1)  G(11)  E(24) 
  22928899 716.94 || noQ Q (Avg,Max,Min) (1.02, 1.05, 0.99) (0.93, 0.88, 0.97) #fs:   7  -- #Conts: 36 H(1)  G(10)  E(25) 
  24349873 715.29 || noQ Q (Avg,Max,Min) (1.03, 1.20, 0.99) (0.92, 0.88, 1.15) #fs:   7  -- #Conts: 33 H(1)  G(13)  E(19) 
  24356496 712.94 || noQ Q (Avg,Max,Min) (1.02, 1.20, 0.99) (0.92, 0.88, 1.15) #fs:   7  -- #Conts: 34 H(1)  G(13)  E(20) 
  24362598 710.59 || noQ Q (Avg,Max,Min) (1.02, 1.20, 0.99) (0.93, 0.88, 1.15) #fs:   7  -- #Conts: 33 H(1)  G(11)  E(21) 
  24362954 708.24 || noQ Q (Avg,Max,Min) (1.02, 1.20, 0.99) (0.93, 0.88, 1.15) #fs:   7  -- #Conts: 34 H(1)  G(11)  E(22) 
  24369516 705.88 || noQ Q (Avg,Max,Min) (1.02, 1.20, 0.99) (0.93, 0.88, 1.15) #fs:   7  -- #Conts: 35 H(1)  G(11)  E(23) 
  24370230 703.53 || noQ Q (Avg,Max,Min) (1.02, 1.20, 0.99) (0.93, 0.88, 1.15) #fs:   7  -- #Conts: 36 H(1)  G(11)  E(24) 
  24412954 701.18 || noQ Q (Avg,Max,Min) (1.02, 1.20, 0.99) (0.94, 0.88, 1.15) #fs:   7  -- #Conts: 36 H(1)  G(10)  E(25) 
  31960055 693.76 || noQ Q (Avg,Max,Min) (1.02, 1.37, 0.99) (0.94, 0.70, 0.99) #fs:   6  -- #Conts: 36 G(6)  E(30) 
  32051181 691.41 || noQ Q (Avg,Max,Min) (1.02, 1.37, 0.99) (0.94, 0.70, 0.99) #fs:   6  -- #Conts: 36 G(5)  E(31) 
  32070574 689.06 || noQ Q (Avg,Max,Min) (1.02, 1.37, 0.99) (0.94, 0.70, 1.01) #fs:   6  -- #Conts: 36 G(4)  E(32) 
  32187766 684.71 || noQ Q (Avg,Max,Min) (1.02, 1.38, 0.89) (0.95, 0.88, 1.35) #fs:   7  -- #Conts: 36 G(6)  E(30) 
  32278892 682.35 || noQ Q (Avg,Max,Min) (1.02, 1.38, 0.89) (0.96, 0.88, 1.35) #fs:   7  -- #Conts: 36 G(5)  E(31) 
  32298285 680.00 || noQ Q (Avg,Max,Min) (1.02, 1.38, 0.89) (0.96, 0.88, 1.35) #fs:   7  -- #Conts: 36 G(4)  E(32) 
  32511626 679.65 || noQ Q (Avg,Max,Min) (1.02, 1.38, 0.99) (0.94, 0.16, 1.35) #fs:   6  -- #Conts: 37 G(5)  E(31)  C(1) 
  32531019 677.29 || noQ Q (Avg,Max,Min) (1.02, 1.38, 0.99) (0.94, 0.16, 1.35) #fs:   6  -- #Conts: 37 G(4)  E(32)  C(1) 
  34409175 676.65 || noQ Q (Avg,Max,Min) (1.02, 1.38, 0.99) (0.95, 0.69, 1.35) #fs:   6  -- #Conts: 37 G(5)  A(1)  E(31) 
  34428568 674.29 || noQ Q (Avg,Max,Min) (1.02, 1.38, 0.99) (0.95, 0.69, 1.35) #fs:   6  -- #Conts: 37 G(4)  A(1)  E(32) 
  42704303 673.06 || noQ Q (Avg,Max,Min) (1.02, 1.16, 1.00) (0.94, 0.70, 1.00) #fs:   0  -- #Conts: 38 G(8)  E(27)  C(3) 
  43774837 672.94 || noQ Q (Avg,Max,Min) (1.03, 1.19, 1.00) (0.94, 0.70, 1.10) #fs:   2  -- #Conts: 33 G(9)  E(22)  C(2) 
  43781541 670.59 || noQ Q (Avg,Max,Min) (1.03, 1.19, 1.00) (0.94, 0.70, 1.10) #fs:   2  -- #Conts: 33 G(8)  E(23)  C(2) 
  43863281 670.35 || noQ Q (Avg,Max,Min) (1.02, 1.19, 1.00) (0.94, 0.70, 1.10) #fs:   0  -- #Conts: 39 G(8)  E(27)  C(4) 
  44980041 670.24 || noQ Q (Avg,Max,Min) (1.02, 1.16, 1.00) (0.95, 0.89, 1.00) #fs:   0  -- #Conts: 36 G(8)  E(26)  C(2) 
  46094535 668.94 || noQ Q (Avg,Max,Min) (1.02, 1.19, 1.00) (0.95, 0.79, 1.10) #fs:   0  -- #Conts: 37 G(8)  E(26)  C(3) 
  46139019 667.53 || noQ Q (Avg,Max,Min) (1.02, 1.19, 1.00) (0.95, 0.79, 1.10) #fs:   0  -- #Conts: 37 G(8)  E(26)  C(3) 
  46711452 666.24 || noQ Q (Avg,Max,Min) (1.03, 1.37, 1.00) (0.96, 0.70, 1.00) #fs:   0  -- #Conts: 35 G(3)  E(30)  C(2) 
  46755936 664.82 || noQ Q (Avg,Max,Min) (1.03, 1.37, 1.00) (0.96, 0.70, 1.00) #fs:   0  -- #Conts: 35 G(3)  E(30)  C(2) 
  46802578 663.88 || noQ Q (Avg,Max,Min) (1.02, 1.37, 1.00) (0.96, 0.70, 1.01) #fs:   0  -- #Conts: 35 G(2)  E(31)  C(2) 
  46821971 661.53 || noQ Q (Avg,Max,Min) (1.02, 1.37, 1.00) (0.97, 0.70, 1.01) #fs:   0  -- #Conts: 35 G(1)  E(32)  C(2) 
  46866455 660.12 || noQ Q (Avg,Max,Min) (1.02, 1.37, 1.00) (0.97, 0.70, 1.01) #fs:   0  -- #Conts: 35 G(1)  E(32)  C(2) 
  46939163 657.18 || noQ Q (Avg,Max,Min) (1.03, 1.38, 1.00) (0.96, 0.10, 1.35) #fs:   0  -- #Conts: 36 G(3)  E(31)  C(2) 
  46983647 655.76 || noQ Q (Avg,Max,Min) (1.03, 1.38, 1.00) (0.96, 0.10, 1.35) #fs:   0  -- #Conts: 36 G(3)  E(31)  C(2) 
  47030289 654.82 || noQ Q (Avg,Max,Min) (1.03, 1.38, 1.00) (0.96, 0.10, 1.35) #fs:   0  -- #Conts: 36 G(2)  E(32)  C(2) 
  47049682 652.47 || noQ Q (Avg,Max,Min) (1.03, 1.38, 1.00) (0.96, 0.10, 1.35) #fs:   0  -- #Conts: 36 G(1)  E(33)  C(2) 
  47094166 651.06 || noQ Q (Avg,Max,Min) (1.03, 1.38, 1.00) (0.96, 0.10, 1.35) #fs:   0  -- #Conts: 36 G(1)  E(33)  C(2) 
  47282416 649.76 || noQ Q (Avg,Max,Min) (1.02, 1.38, 1.00) (0.96, 0.16, 1.35) #fs:   0  -- #Conts: 36 G(1)  E(32)  C(3) 
  47326900 648.35 || noQ Q (Avg,Max,Min) (1.02, 1.38, 1.00) (0.97, 0.16, 1.35) #fs:   0  -- #Conts: 36 G(1)  E(32)  C(3) 
  49179965 646.76 || noQ Q (Avg,Max,Min) (1.02, 1.38, 1.00) (0.98, 0.69, 1.35) #fs:   0  -- #Conts: 36 G(1)  A(1)  E(32)  C(2) 
  49224449 645.35 || noQ Q (Avg,Max,Min) (1.02, 1.38, 1.00) (0.98, 0.69, 1.35) #fs:   0  -- #Conts: 36 G(1)  A(1)  E(32)  C(2) 
/////////////////size: 100
nodes 50 edges 108
 mulT: 5000 mulD: 1000  sumData GB 937
pareto /MONTAGE.n.50.0.dax time -> 2488.0
moheft /MONTAGE.n.50.0.dax time -> 2564.0
distance from M to C 1.336555806868531
distance from P to C 2.2053588594349796
distance from C to M 1.1637491151474986
distance from C to P 6.003957594841433
toCompare: /MONTAGE.n.50.0.dax sumDataGB: 937 mulT: 5000 mulD: 1000 paretoOptTime_MS: 2488.0 MoheftOptimizationTime_MS: 2564.0 MtoC 1.336555806868531 PtoC 2.2053588594349796 CtoM 1.1637491151474986 CtoP 6.003957594841433
