specify -Dflow d,b,mt,md,size
Running /home/vaggelis/jc/CYBERSHAKE.n.100.0.dax mt 500 md: 20000 size null
  19343858 394.12 || noQ Q (Avg,Max,Min) (3.84, 7.54, 0.36) (3.34, 0.01, 7.54) #fs:   2  -- #Conts: 4 H(3)  G(1) 
  19368673 362.59 || noQ Q (Avg,Max,Min) (4.72, 7.54, 0.36) (4.45, 0.22, 7.54) #fs:   2  -- #Conts: 3 H(2)  G(1) 
  19716570 353.53 || noQ Q (Avg,Max,Min) (4.78, 7.54, 0.64) (4.53, 0.45, 7.54) #fs:   2  -- #Conts: 3 H(2)  E(1) 
  19760656 346.82 || noQ Q (Avg,Max,Min) (6.84, 7.54, 6.15) (6.58, 5.63, 7.54) #fs:   0  -- #Conts: 2 H(2) 
  33152169 315.29 || noQ Q (Avg,Max,Min) (3.33, 4.67, 1.25) (2.79, 0.01, 4.60) #fs:   1  -- #Conts: 3 G(3) 
  33170643 299.53 || noQ Q (Avg,Max,Min) (4.37, 4.67, 4.06) (4.18, 3.75, 4.60) #fs:   1  -- #Conts: 2 G(2) 
  74928468 289.35 || noQ Q (Avg,Max,Min) (1.12, 2.61, 0.04) (1.07, 0.03, 2.61) #fs:   5  -- #Conts: 5 A(1)  E(4) 
/////////////////size: 7
  33143035 369.59 || noQ Q (Avg,Max,Min) (2.12, 7.53, 0.42) (1.63, 0.01, 7.53) #fs:   5  -- #Conts: 8 H(2)  G(2)  A(4) 
  33147537 368.59 || noQ Q (Avg,Max,Min) (2.13, 7.53, 0.42) (1.67, 0.00, 7.53) #fs:   3  -- #Conts: 8 H(2)  G(2)  A(4) 
  33148945 353.82 || noQ Q (Avg,Max,Min) (2.24, 7.53, 0.42) (1.87, 0.01, 7.53) #fs:   5  -- #Conts: 7 H(2)  G(1)  A(4) 
  33154152 352.82 || noQ Q (Avg,Max,Min) (2.25, 7.53, 0.42) (1.91, 0.00, 7.53) #fs:   3  -- #Conts: 7 H(2)  G(1)  A(4) 
  33155930 328.00 || noQ Q (Avg,Max,Min) (2.27, 7.53, 0.42) (1.91, 0.01, 7.53) #fs:   3  -- #Conts: 7 H(1)  G(1)  A(4)  E(1) 
  33174446 321.29 || noQ Q (Avg,Max,Min) (2.46, 7.53, 0.42) (2.23, 0.23, 7.53) #fs:   3  -- #Conts: 6 H(1)  G(1)  A(4) 
  33279469 320.29 || noQ Q (Avg,Max,Min) (2.48, 7.53, 0.42) (2.29, 0.31, 7.53) #fs:   2  -- #Conts: 6 H(1)  G(1)  A(4) 
  33343118 319.29 || noQ Q (Avg,Max,Min) (2.80, 7.53, 0.42) (2.68, 0.38, 7.53) #fs:   1  -- #Conts: 5 H(1)  G(1)  A(3) 
  33420363 318.29 || noQ Q (Avg,Max,Min) (3.31, 7.53, 0.83) (3.16, 0.56, 7.53) #fs:   4  -- #Conts: 4 H(1)  G(1)  A(2) 
  33533775 317.29 || noQ Q (Avg,Max,Min) (4.13, 7.53, 0.83) (4.03, 0.79, 7.53) #fs:   3  -- #Conts: 3 H(1)  G(1)  A(1) 
  33710547 316.29 || noQ Q (Avg,Max,Min) (4.09, 7.53, 0.72) (4.01, 0.72, 7.53) #fs:   2  -- #Conts: 3 H(1)  G(1)  A(1) 
  33859832 315.29 || noQ Q (Avg,Max,Min) (5.77, 7.53, 4.00) (5.65, 3.77, 7.53) #fs:   0  -- #Conts: 2 H(1)  G(1) 
  74777133 307.47 || noQ Q (Avg,Max,Min) (2.24, 7.53, 0.45) (1.95, 0.02, 7.53) #fs:   1  -- #Conts: 6 H(1)  A(3)  E(1)  C(1) 
  74818892 303.47 || noQ Q (Avg,Max,Min) (2.47, 7.53, 0.45) (2.33, 0.23, 7.53) #fs:   1  -- #Conts: 5 H(1)  A(3)  E(1) 
  74925247 302.47 || noQ Q (Avg,Max,Min) (2.98, 7.53, 1.01) (2.86, 0.60, 7.53) #fs:   0  -- #Conts: 4 H(1)  A(2)  E(1) 
  75303038 301.47 || noQ Q (Avg,Max,Min) (2.97, 7.53, 1.01) (2.88, 0.66, 7.53) #fs:   0  -- #Conts: 4 H(1)  A(2)  E(1) 
  75482473 300.47 || noQ Q (Avg,Max,Min) (2.97, 7.53, 1.01) (2.95, 0.93, 7.53) #fs:   0  -- #Conts: 4 H(1)  A(2)  E(1) 
 129080816 295.18 || noQ Q (Avg,Max,Min) (1.44, 2.72, 1.01) (1.11, 0.02, 2.72) #fs:   0  -- #Conts: 6 A(3)  G(1)  E(1)  C(1) 
 129118300 294.18 || noQ Q (Avg,Max,Min) (1.45, 2.72, 1.01) (1.14, 0.03, 2.72) #fs:   0  -- #Conts: 6 A(3)  G(1)  E(1)  C(1) 
 129132684 290.12 || noQ Q (Avg,Max,Min) (1.38, 2.72, 1.01) (0.96, 0.02, 2.72) #fs:   0  -- #Conts: 7 A(3)  E(2)  C(2) 
 129157415 286.12 || noQ Q (Avg,Max,Min) (1.43, 2.72, 1.01) (1.12, 0.03, 2.72) #fs:   0  -- #Conts: 6 A(3)  E(2)  C(1) 
 129169876 285.12 || noQ Q (Avg,Max,Min) (1.43, 2.72, 1.01) (1.15, 0.05, 2.72) #fs:   0  -- #Conts: 6 A(3)  E(2)  C(1) 
 129210447 283.41 || noQ Q (Avg,Max,Min) (1.43, 2.72, 1.01) (1.11, 0.02, 2.72) #fs:   0  -- #Conts: 6 A(3)  E(1)  C(2) 
 129274712 282.41 || noQ Q (Avg,Max,Min) (1.43, 2.72, 1.01) (1.16, 0.02, 2.72) #fs:   0  -- #Conts: 6 A(3)  E(1)  C(2) 
 129282604 279.41 || noQ Q (Avg,Max,Min) (1.51, 2.72, 1.01) (1.33, 0.65, 2.72) #fs:   0  -- #Conts: 5 A(3)  E(1)  C(1) 
 129346869 278.41 || noQ Q (Avg,Max,Min) (1.51, 2.72, 1.01) (1.39, 0.71, 2.72) #fs:   0  -- #Conts: 5 A(3)  E(1)  C(1) 
 130744307 277.41 || noQ Q (Avg,Max,Min) (1.63, 2.72, 1.01) (1.59, 0.86, 2.72) #fs:   0  -- #Conts: 4 A(2)  E(1)  C(1) 
/////////////////size: 27
nodes 100 edges 192
 mulT: 500 mulD: 20000  sumData GB 1951984
pareto /CYBERSHAKE.n.100.0.dax time -> 929.0
moheft /CYBERSHAKE.n.100.0.dax time -> 525.0
distance from M to C 4.928774031706
distance from P to C 0.0
distance from C to M 5.392924836066889
distance from C to P 10.292933216606897
toCompare: /CYBERSHAKE.n.100.0.dax sumDataGB: 1951984 mulT: 500 mulD: 20000 paretoOptTime_MS: 929.0 MoheftOptimizationTime_MS: 525.0 MtoC 4.928774031706 PtoC 0.0 CtoM 5.392924836066889 CtoP 10.292933216606897
