specify -Dflow d,b,mt,md,size
Running /home/vaggelis/jc/SIPHT.n.50.0.dax mt 5000 md: 1 size null
 668931535 16261.06 || noQ Q (Avg,Max,Min) (1.00, 1.00, 0.98) (0.96, 0.72, 1.00) #fs:   1  -- #Conts: 10 H(5)  G(2)  E(3) 
 668931536 16166.47 || noQ Q (Avg,Max,Min) (1.00, 1.00, 1.00) (0.96, 0.72, 1.00) #fs:   0  -- #Conts: 10 H(5)  G(2)  E(3) 
 992646189 15512.24 || noQ Q (Avg,Max,Min) (1.00, 1.00, 1.00) (0.96, 0.72, 1.00) #fs:   0  -- #Conts: 10 H(4)  G(2)  E(4) 
 995504558 14629.65 || noQ Q (Avg,Max,Min) (1.00, 1.00, 1.00) (0.97, 0.83, 1.00) #fs:   0  -- #Conts: 12 H(2)  G(10) 
1045074058 14472.00 || noQ Q (Avg,Max,Min) (1.00, 1.00, 1.00) (0.97, 0.83, 1.00) #fs:   0  -- #Conts: 12 H(2)  G(10) 
1109396200 14345.88 || noQ Q (Avg,Max,Min) (1.00, 1.00, 1.00) (0.97, 0.83, 1.00) #fs:   0  -- #Conts: 12 H(1)  G(11) 
1149297366 14077.53 || noQ Q (Avg,Max,Min) (1.00, 1.00, 1.00) (0.96, 0.83, 1.00) #fs:   0  -- #Conts: 12 G(11)  E(1) 
2024027807 13903.29 || noQ Q (Avg,Max,Min) (0.98, 1.00, 0.81) (0.89, 0.66, 1.00) #fs:   2  -- #Conts: 17 H(1)  G(1)  E(15) 
2122073514 13635.29 || noQ Q (Avg,Max,Min) (0.98, 1.00, 0.81) (0.89, 0.66, 1.00) #fs:   2  -- #Conts: 17 G(2)  E(15) 
2502041180 13566.94 || noQ Q (Avg,Max,Min) (0.98, 1.00, 0.81) (0.89, 0.66, 1.00) #fs:   2  -- #Conts: 17 G(1)  E(16) 
2585585346 13498.94 || noQ Q (Avg,Max,Min) (0.98, 1.00, 0.81) (0.89, 0.66, 1.00) #fs:   2  -- #Conts: 17 E(17) 
2616408608 13492.24 || noQ Q (Avg,Max,Min) (0.98, 1.00, 0.81) (0.90, 0.67, 1.00) #fs:   2  -- #Conts: 15 E(15) 
4197719477 13002.71 || noQ Q (Avg,Max,Min) (0.97, 1.00, 0.69) (0.90, 0.54, 1.00) #fs:   2  -- #Conts: 19 E(1)  C(18) 
6452401015 4862.00 || noQ Q (Avg,Max,Min) (1.00, 1.00, 0.97) (0.98, 0.86, 1.00) #fs:   4  -- #Conts: 21 A(21) 
6460901015 4861.00 || noQ Q (Avg,Max,Min) (1.00, 1.00, 0.97) (0.98, 0.86, 1.00) #fs:   4  -- #Conts: 21 A(21) 
/////////////////size: 15
 696555456 16062.24 || noQ Q (Avg,Max,Min) (1.00, 1.00, 1.00) (0.99, 0.92, 1.00) #fs:   0  -- #Conts: 12 H(4)  G(2)  A(3)  E(3) 
 696891372 16059.24 || noQ Q (Avg,Max,Min) (1.00, 1.00, 1.00) (1.00, 0.98, 1.00) #fs:   0  -- #Conts: 11 H(4)  G(2)  A(2)  E(3) 
 697021366 16058.24 || noQ Q (Avg,Max,Min) (1.00, 1.00, 1.00) (1.00, 0.98, 1.00) #fs:   0  -- #Conts: 11 H(4)  G(2)  A(2)  E(3) 
 763346804 15941.41 || noQ Q (Avg,Max,Min) (1.00, 1.00, 1.00) (0.98, 0.90, 1.00) #fs:   0  -- #Conts: 13 H(5)  G(2)  A(3)  E(3) 
 763515611 15939.41 || noQ Q (Avg,Max,Min) (1.00, 1.00, 1.00) (0.98, 0.90, 1.00) #fs:   0  -- #Conts: 13 H(5)  G(2)  A(3)  E(3) 
 763682720 15938.41 || noQ Q (Avg,Max,Min) (1.00, 1.00, 1.00) (0.99, 0.90, 1.00) #fs:   0  -- #Conts: 12 H(5)  G(2)  A(2)  E(3) 
 763812714 15937.41 || noQ Q (Avg,Max,Min) (1.00, 1.00, 1.00) (0.99, 0.90, 1.00) #fs:   0  -- #Conts: 12 H(5)  G(2)  A(2)  E(3) 
 763851536 15936.41 || noQ Q (Avg,Max,Min) (1.00, 1.00, 1.00) (0.99, 0.90, 1.00) #fs:   0  -- #Conts: 12 H(5)  G(2)  A(2)  E(3) 
 812079608 15782.76 || noQ Q (Avg,Max,Min) (1.00, 1.00, 1.00) (0.98, 0.79, 1.00) #fs:   0  -- #Conts: 12 H(4)  G(3)  A(2)  E(3) 
 812571432 15779.76 || noQ Q (Avg,Max,Min) (1.00, 1.00, 1.00) (1.00, 0.99, 1.00) #fs:   0  -- #Conts: 11 H(4)  G(3)  A(1)  E(3) 
 812860739 15778.76 || noQ Q (Avg,Max,Min) (1.00, 1.00, 1.00) (1.00, 0.99, 1.00) #fs:   0  -- #Conts: 11 H(4)  G(3)  A(1)  E(3) 
 850143413 15550.00 || noQ Q (Avg,Max,Min) (1.00, 1.00, 1.00) (0.91, 0.08, 1.00) #fs:   0  -- #Conts: 12 H(4)  G(3)  A(2)  E(3) 
 850348262 15518.47 || noQ Q (Avg,Max,Min) (1.00, 1.00, 1.00) (0.99, 0.92, 1.00) #fs:   0  -- #Conts: 11 H(3)  G(3)  A(2)  E(3) 
 850637570 15517.47 || noQ Q (Avg,Max,Min) (1.00, 1.00, 1.00) (0.99, 0.92, 1.00) #fs:   0  -- #Conts: 11 H(3)  G(3)  A(2)  E(3) 
 850912413 15516.47 || noQ Q (Avg,Max,Min) (1.00, 1.00, 1.00) (0.99, 0.92, 1.00) #fs:   0  -- #Conts: 11 H(3)  G(3)  A(2)  E(3) 
 850923975 15515.47 || noQ Q (Avg,Max,Min) (1.00, 1.00, 1.00) (1.00, 0.98, 1.00) #fs:   0  -- #Conts: 10 H(3)  G(3)  A(1)  E(3) 
 851187256 15514.47 || noQ Q (Avg,Max,Min) (1.00, 1.00, 1.00) (0.99, 0.92, 1.00) #fs:   0  -- #Conts: 11 H(3)  G(3)  A(2)  E(3) 
 851473672 15513.47 || noQ Q (Avg,Max,Min) (1.00, 1.00, 1.00) (0.99, 0.92, 1.00) #fs:   0  -- #Conts: 11 H(3)  G(3)  A(2)  E(3) 
 851742718 15512.47 || noQ Q (Avg,Max,Min) (1.00, 1.00, 1.00) (0.92, 0.10, 1.00) #fs:   0  -- #Conts: 11 H(3)  G(3)  A(2)  E(3) 
 851762978 15511.47 || noQ Q (Avg,Max,Min) (1.00, 1.00, 1.00) (1.00, 0.98, 1.00) #fs:   0  -- #Conts: 10 H(3)  G(3)  A(1)  E(3) 
 852049394 15510.47 || noQ Q (Avg,Max,Min) (1.00, 1.00, 1.00) (1.00, 0.98, 1.00) #fs:   0  -- #Conts: 10 H(3)  G(3)  A(1)  E(3) 
 852332908 15509.47 || noQ Q (Avg,Max,Min) (0.95, 1.00, 0.41) (0.92, 0.17, 1.00) #fs:   1  -- #Conts: 11 H(3)  G(3)  A(2)  E(3) 
 852367643 15508.47 || noQ Q (Avg,Max,Min) (1.00, 1.00, 1.00) (1.00, 0.98, 1.00) #fs:   0  -- #Conts: 10 H(3)  G(3)  A(1)  E(3) 
 852674310 15507.47 || noQ Q (Avg,Max,Min) (1.00, 1.00, 1.00) (1.00, 0.98, 1.00) #fs:   0  -- #Conts: 10 H(3)  G(3)  A(1)  E(3) 
 886469649 15227.35 || noQ Q (Avg,Max,Min) (1.00, 1.00, 1.00) (0.97, 0.79, 1.00) #fs:   0  -- #Conts: 13 H(3)  G(3)  A(2)  E(5) 
 886756622 15224.35 || noQ Q (Avg,Max,Min) (1.00, 1.00, 1.00) (0.99, 0.90, 1.00) #fs:   0  -- #Conts: 12 H(3)  G(3)  A(1)  E(5) 
 886925428 15223.35 || noQ Q (Avg,Max,Min) (1.00, 1.00, 1.00) (0.99, 0.90, 1.00) #fs:   0  -- #Conts: 12 H(3)  G(3)  A(1)  E(5) 
 887085795 15221.35 || noQ Q (Avg,Max,Min) (1.00, 1.00, 1.00) (0.99, 0.90, 1.00) #fs:   0  -- #Conts: 12 H(3)  G(3)  A(1)  E(5) 
 887246162 15220.35 || noQ Q (Avg,Max,Min) (1.00, 1.00, 1.00) (0.99, 0.90, 1.00) #fs:   0  -- #Conts: 12 H(3)  G(3)  A(1)  E(5) 
 916934763 14989.18 || noQ Q (Avg,Max,Min) (1.00, 1.00, 1.00) (0.90, 0.08, 1.00) #fs:   0  -- #Conts: 14 H(3)  G(4)  A(1)  E(5)  C(1) 
 917139612 14957.65 || noQ Q (Avg,Max,Min) (1.00, 1.00, 1.00) (0.97, 0.62, 1.00) #fs:   0  -- #Conts: 13 H(2)  G(4)  A(1)  E(5)  C(1) 
 917428920 14956.65 || noQ Q (Avg,Max,Min) (1.00, 1.00, 1.00) (0.97, 0.62, 1.00) #fs:   0  -- #Conts: 13 H(2)  G(4)  A(1)  E(5)  C(1) 
 917715325 14953.65 || noQ Q (Avg,Max,Min) (1.00, 1.00, 1.00) (1.00, 0.98, 1.00) #fs:   0  -- #Conts: 12 H(2)  G(4)  A(1)  E(5) 
 918004642 14952.65 || noQ Q (Avg,Max,Min) (1.00, 1.00, 1.00) (1.00, 0.97, 1.00) #fs:   0  -- #Conts: 12 H(2)  G(4)  A(1)  E(5) 
 918256332 14951.65 || noQ Q (Avg,Max,Min) (1.00, 1.00, 0.97) (0.93, 0.17, 1.00) #fs:   1  -- #Conts: 13 H(2)  G(4)  A(2)  E(5) 
 918291067 14950.65 || noQ Q (Avg,Max,Min) (1.00, 1.00, 1.00) (1.00, 1.00, 1.00) #fs:   0  -- #Conts: 12 H(2)  G(4)  A(1)  E(5) 
 918565910 14949.65 || noQ Q (Avg,Max,Min) (1.00, 1.00, 1.00) (1.00, 0.99, 1.00) #fs:   0  -- #Conts: 12 H(2)  G(4)  A(1)  E(5) 
 992646189 14528.12 || noQ Q (Avg,Max,Min) (1.00, 1.00, 1.00) (0.99, 0.92, 1.00) #fs:   0  -- #Conts: 12 H(2)  G(3)  A(2)  E(5) 
 992814996 14527.12 || noQ Q (Avg,Max,Min) (1.00, 1.00, 1.00) (0.99, 0.92, 1.00) #fs:   0  -- #Conts: 12 H(2)  G(3)  A(2)  E(5) 
 992982105 14525.12 || noQ Q (Avg,Max,Min) (1.00, 1.00, 1.00) (1.00, 0.98, 1.00) #fs:   0  -- #Conts: 11 H(2)  G(3)  A(1)  E(5) 
 993150921 14524.12 || noQ Q (Avg,Max,Min) (1.00, 1.00, 1.00) (1.00, 0.98, 1.00) #fs:   0  -- #Conts: 11 H(2)  G(3)  A(1)  E(5) 
1109155846 14319.12 || noQ Q (Avg,Max,Min) (1.00, 1.00, 1.00) (0.84, 0.08, 1.00) #fs:   0  -- #Conts: 12 H(3)  G(3)  A(1)  E(5) 
1109331991 14287.59 || noQ Q (Avg,Max,Min) (1.00, 1.00, 1.00) (0.91, 0.09, 1.00) #fs:   0  -- #Conts: 11 H(2)  G(3)  A(1)  E(5) 
1109395641 14259.06 || noQ Q (Avg,Max,Min) (1.00, 1.00, 1.00) (0.97, 0.79, 1.00) #fs:   0  -- #Conts: 11 H(1)  G(3)  A(2)  E(5) 
1109618410 14258.06 || noQ Q (Avg,Max,Min) (1.00, 1.00, 1.00) (0.97, 0.79, 1.00) #fs:   0  -- #Conts: 11 H(1)  G(3)  A(2)  E(5) 
1109887465 14256.06 || noQ Q (Avg,Max,Min) (1.00, 1.00, 1.00) (0.99, 0.90, 1.00) #fs:   0  -- #Conts: 10 H(1)  G(3)  A(1)  E(5) 
1110110234 14255.06 || noQ Q (Avg,Max,Min) (1.00, 1.00, 1.00) (0.99, 0.90, 1.00) #fs:   0  -- #Conts: 10 H(1)  G(3)  A(1)  E(5) 
1110399549 14254.06 || noQ Q (Avg,Max,Min) (1.00, 1.00, 1.00) (0.99, 0.90, 1.00) #fs:   0  -- #Conts: 10 H(1)  G(3)  A(1)  E(5) 
1110451615 14253.06 || noQ Q (Avg,Max,Min) (1.00, 1.00, 1.00) (0.99, 0.90, 1.00) #fs:   0  -- #Conts: 10 H(1)  G(3)  A(1)  E(5) 
1110671499 14252.06 || noQ Q (Avg,Max,Min) (1.00, 1.00, 1.00) (0.99, 0.90, 1.00) #fs:   0  -- #Conts: 10 H(1)  G(3)  A(1)  E(5) 
1110946342 14251.06 || noQ Q (Avg,Max,Min) (1.00, 1.00, 1.00) (0.99, 0.90, 1.00) #fs:   0  -- #Conts: 10 H(1)  G(3)  A(1)  E(5) 
1111221185 14250.06 || noQ Q (Avg,Max,Min) (1.00, 1.00, 1.00) (0.99, 0.90, 1.00) #fs:   0  -- #Conts: 10 H(1)  G(3)  A(1)  E(5) 
1111299299 14249.06 || noQ Q (Avg,Max,Min) (1.00, 1.00, 1.00) (0.99, 0.90, 1.00) #fs:   0  -- #Conts: 10 H(1)  G(3)  A(1)  E(5) 
1111507601 14248.06 || noQ Q (Avg,Max,Min) (1.00, 1.00, 1.00) (0.99, 0.90, 1.00) #fs:   0  -- #Conts: 10 H(1)  G(3)  A(1)  E(5) 
1111811375 14247.06 || noQ Q (Avg,Max,Min) (1.00, 1.00, 1.00) (0.99, 0.90, 1.00) #fs:   0  -- #Conts: 10 H(1)  G(3)  A(1)  E(5) 
1111909740 14246.06 || noQ Q (Avg,Max,Min) (1.00, 1.00, 1.00) (0.99, 0.90, 1.00) #fs:   0  -- #Conts: 10 H(1)  G(3)  A(1)  E(5) 
1112118042 14245.06 || noQ Q (Avg,Max,Min) (1.00, 1.00, 1.00) (0.99, 0.90, 1.00) #fs:   0  -- #Conts: 10 H(1)  G(3)  A(1)  E(5) 
1112320559 14244.06 || noQ Q (Avg,Max,Min) (1.00, 1.00, 1.00) (0.99, 0.90, 1.00) #fs:   0  -- #Conts: 10 H(1)  G(3)  A(1)  E(5) 
1146234146 14016.88 || noQ Q (Avg,Max,Min) (1.00, 1.00, 1.00) (0.90, 0.08, 1.00) #fs:   0  -- #Conts: 10 H(1)  G(3)  A(2)  E(4) 
1146438995 13985.35 || noQ Q (Avg,Max,Min) (1.00, 1.00, 1.00) (0.99, 0.92, 1.00) #fs:   0  -- #Conts: 9 G(3)  A(2)  E(4) 
1146728303 13983.35 || noQ Q (Avg,Max,Min) (1.00, 1.00, 1.00) (0.99, 0.92, 1.00) #fs:   0  -- #Conts: 9 G(3)  A(2)  E(4) 
1147014708 13982.35 || noQ Q (Avg,Max,Min) (1.00, 1.00, 1.00) (0.99, 0.98, 1.00) #fs:   0  -- #Conts: 8 G(3)  A(1)  E(4) 
1147283765 13981.35 || noQ Q (Avg,Max,Min) (1.00, 1.00, 1.00) (0.90, 0.10, 1.00) #fs:   0  -- #Conts: 9 G(3)  A(2)  E(4) 
1147304025 13980.35 || noQ Q (Avg,Max,Min) (1.00, 1.00, 1.00) (1.00, 0.98, 1.00) #fs:   0  -- #Conts: 8 G(3)  A(1)  E(4) 
1147590450 13979.35 || noQ Q (Avg,Max,Min) (1.00, 1.00, 1.00) (1.00, 0.98, 1.00) #fs:   0  -- #Conts: 8 G(3)  A(1)  E(4) 
1147865293 13978.35 || noQ Q (Avg,Max,Min) (1.00, 1.00, 1.00) (0.99, 0.98, 1.00) #fs:   0  -- #Conts: 8 G(3)  A(1)  E(4) 
1148116974 13977.35 || noQ Q (Avg,Max,Min) (0.95, 1.00, 0.51) (0.90, 0.17, 1.00) #fs:   1  -- #Conts: 9 G(3)  A(2)  E(4) 
1148151709 13976.35 || noQ Q (Avg,Max,Min) (1.00, 1.00, 1.00) (1.00, 0.98, 1.00) #fs:   0  -- #Conts: 8 G(3)  A(1)  E(4) 
1303254899 13938.24 || noQ Q (Avg,Max,Min) (1.00, 1.00, 1.00) (0.98, 0.79, 1.00) #fs:   0  -- #Conts: 11 G(5)  A(2)  E(4) 
1303746723 13935.24 || noQ Q (Avg,Max,Min) (1.00, 1.00, 1.00) (1.00, 1.00, 1.00) #fs:   0  -- #Conts: 10 G(5)  A(1)  E(4) 
1304036030 13934.24 || noQ Q (Avg,Max,Min) (1.00, 1.00, 1.00) (1.00, 0.99, 1.00) #fs:   0  -- #Conts: 10 G(5)  A(1)  E(4) 
1586686302 13924.76 || noQ Q (Avg,Max,Min) (1.00, 1.00, 1.00) (0.90, 0.16, 1.00) #fs:   0  -- #Conts: 11 G(4)  A(2)  E(5) 
1587178126 13921.76 || noQ Q (Avg,Max,Min) (1.00, 1.00, 1.00) (0.93, 0.30, 1.00) #fs:   0  -- #Conts: 10 G(4)  A(1)  E(5) 
1587229462 13920.76 || noQ Q (Avg,Max,Min) (1.00, 1.00, 0.97) (0.93, 0.30, 1.00) #fs:   1  -- #Conts: 10 G(4)  A(1)  E(5) 
1587409016 13909.00 || noQ Q (Avg,Max,Min) (1.00, 1.00, 1.00) (0.98, 0.79, 1.00) #fs:   0  -- #Conts: 10 G(3)  A(2)  E(5) 
1588518236 13906.00 || noQ Q (Avg,Max,Min) (1.00, 1.00, 1.00) (1.00, 0.98, 1.00) #fs:   0  -- #Conts: 9 G(3)  A(1)  E(5) 
1609307872 13893.29 || noQ Q (Avg,Max,Min) (1.00, 1.00, 1.00) (0.85, 0.08, 1.00) #fs:   0  -- #Conts: 12 H(1)  G(4)  A(1)  E(6) 
1609333435 13877.53 || noQ Q (Avg,Max,Min) (1.00, 1.00, 1.00) (0.86, 0.14, 1.00) #fs:   0  -- #Conts: 12 G(5)  A(1)  E(6) 
1609799696 13861.76 || noQ Q (Avg,Max,Min) (1.00, 1.00, 1.00) (0.93, 0.30, 1.00) #fs:   0  -- #Conts: 11 G(4)  A(1)  E(6) 
1609941791 13860.76 || noQ Q (Avg,Max,Min) (1.00, 1.00, 1.00) (0.93, 0.30, 1.00) #fs:   0  -- #Conts: 11 G(4)  A(1)  E(6) 
1610030577 13846.00 || noQ Q (Avg,Max,Min) (1.00, 1.00, 1.00) (1.00, 0.98, 1.00) #fs:   0  -- #Conts: 10 G(3)  A(1)  E(6) 
1610461216 13845.00 || noQ Q (Avg,Max,Min) (1.00, 1.00, 1.00) (1.00, 0.98, 1.00) #fs:   0  -- #Conts: 10 G(3)  A(1)  E(6) 
1610746847 13843.00 || noQ Q (Avg,Max,Min) (1.00, 1.00, 1.00) (1.00, 0.98, 1.00) #fs:   1  -- #Conts: 10 G(3)  A(1)  E(6) 
1611895228 13842.00 || noQ Q (Avg,Max,Min) (1.00, 1.00, 1.00) (1.00, 0.98, 1.00) #fs:   0  -- #Conts: 10 G(3)  A(1)  E(6) 
1620669281 13841.00 || noQ Q (Avg,Max,Min) (1.00, 1.00, 1.00) (0.98, 0.79, 1.00) #fs:   0  -- #Conts: 11 G(3)  A(2)  E(6) 
1623836761 13840.71 || noQ Q (Avg,Max,Min) (1.00, 1.00, 1.00) (0.97, 0.79, 1.00) #fs:   0  -- #Conts: 12 G(3)  A(3)  E(6) 
1780305759 13833.00 || noQ Q (Avg,Max,Min) (1.00, 1.00, 1.00) (0.88, 0.09, 1.00) #fs:   0  -- #Conts: 10 H(1)  G(3)  A(3)  E(3) 
1780545556 13817.24 || noQ Q (Avg,Max,Min) (1.00, 1.00, 1.00) (0.89, 0.16, 1.00) #fs:   0  -- #Conts: 10 G(4)  A(3)  E(3) 
1781037380 13814.24 || noQ Q (Avg,Max,Min) (1.00, 1.00, 1.00) (0.92, 0.30, 1.00) #fs:   0  -- #Conts: 9 G(4)  A(2)  E(3) 
1781268270 13808.18 || noQ Q (Avg,Max,Min) (1.00, 1.00, 1.00) (0.97, 0.79, 1.00) #fs:   0  -- #Conts: 9 G(3)  A(3)  E(3) 
1782213460 13805.47 || noQ Q (Avg,Max,Min) (1.00, 1.00, 1.00) (0.94, 0.62, 1.00) #fs:   0  -- #Conts: 10 G(3)  A(3)  E(3)  C(1) 
1782377490 13805.18 || noQ Q (Avg,Max,Min) (1.00, 1.00, 1.00) (0.99, 0.97, 1.00) #fs:   0  -- #Conts: 8 G(3)  A(2)  E(3) 
1789919832 13804.47 || noQ Q (Avg,Max,Min) (1.00, 1.00, 1.00) (0.97, 0.79, 1.00) #fs:   0  -- #Conts: 10 G(3)  A(4)  E(3) 
1830169663 13771.53 || noQ Q (Avg,Max,Min) (1.00, 1.00, 1.00) (0.98, 0.79, 1.00) #fs:   0  -- #Conts: 9 G(3)  A(2)  E(4) 
1830661487 13768.53 || noQ Q (Avg,Max,Min) (1.00, 1.00, 1.00) (1.00, 0.99, 1.00) #fs:   0  -- #Conts: 8 G(3)  A(1)  E(4) 
1830950794 13767.53 || noQ Q (Avg,Max,Min) (1.00, 1.00, 1.00) (1.00, 0.99, 1.00) #fs:   0  -- #Conts: 8 G(3)  A(1)  E(4) 
1831237219 13766.53 || noQ Q (Avg,Max,Min) (1.00, 1.00, 1.00) (1.00, 0.98, 1.00) #fs:   0  -- #Conts: 8 G(3)  A(1)  E(4) 
2055077374 13685.65 || noQ Q (Avg,Max,Min) (1.00, 1.00, 1.00) (0.90, 0.08, 1.00) #fs:   0  -- #Conts: 10 H(1)  G(2)  A(2)  E(5) 
2055282223 13654.12 || noQ Q (Avg,Max,Min) (1.00, 1.00, 1.00) (0.99, 0.92, 1.00) #fs:   0  -- #Conts: 9 G(2)  A(2)  E(5) 
2055571531 13653.12 || noQ Q (Avg,Max,Min) (1.00, 1.00, 1.00) (0.99, 0.92, 1.00) #fs:   0  -- #Conts: 9 G(2)  A(2)  E(5) 
2055857936 13651.12 || noQ Q (Avg,Max,Min) (1.00, 1.00, 1.00) (1.00, 0.99, 1.00) #fs:   0  -- #Conts: 8 G(2)  A(1)  E(5) 
2056147253 13650.12 || noQ Q (Avg,Max,Min) (1.00, 1.00, 1.00) (1.00, 0.98, 1.00) #fs:   0  -- #Conts: 8 G(2)  A(1)  E(5) 
2056398943 13649.12 || noQ Q (Avg,Max,Min) (1.00, 1.00, 0.97) (0.91, 0.17, 1.00) #fs:   1  -- #Conts: 9 G(2)  A(2)  E(5) 
2056433678 13648.12 || noQ Q (Avg,Max,Min) (1.00, 1.00, 1.00) (1.00, 1.00, 1.00) #fs:   0  -- #Conts: 8 G(2)  A(1)  E(5) 
2056708521 13647.12 || noQ Q (Avg,Max,Min) (1.00, 1.00, 1.00) (1.00, 0.99, 1.00) #fs:   0  -- #Conts: 8 G(2)  A(1)  E(5) 
2056983364 13646.12 || noQ Q (Avg,Max,Min) (1.00, 1.00, 1.00) (1.00, 0.98, 1.00) #fs:   0  -- #Conts: 8 G(2)  A(1)  E(5) 
2057235045 13645.12 || noQ Q (Avg,Max,Min) (0.93, 1.00, 0.41) (0.91, 0.17, 1.00) #fs:   1  -- #Conts: 9 G(2)  A(2)  E(5) 
2057269780 13644.12 || noQ Q (Avg,Max,Min) (1.00, 1.00, 1.00) (1.00, 1.00, 1.00) #fs:   0  -- #Conts: 8 G(2)  A(1)  E(5) 
2057573554 13643.12 || noQ Q (Avg,Max,Min) (1.00, 1.00, 1.00) (1.00, 0.98, 1.00) #fs:   0  -- #Conts: 8 G(2)  A(1)  E(5) 
2145836919 13613.24 || noQ Q (Avg,Max,Min) (1.00, 1.00, 1.00) (0.99, 0.92, 1.00) #fs:   0  -- #Conts: 9 G(2)  A(2)  E(5) 
2146126227 13612.24 || noQ Q (Avg,Max,Min) (1.00, 1.00, 1.00) (0.99, 0.92, 1.00) #fs:   0  -- #Conts: 9 G(2)  A(2)  E(5) 
2146412632 13610.24 || noQ Q (Avg,Max,Min) (1.00, 1.00, 1.00) (1.00, 0.98, 1.00) #fs:   0  -- #Conts: 8 G(2)  A(1)  E(5) 
2146701949 13609.24 || noQ Q (Avg,Max,Min) (1.00, 1.00, 1.00) (1.00, 0.98, 1.00) #fs:   0  -- #Conts: 8 G(2)  A(1)  E(5) 
2146953639 13608.24 || noQ Q (Avg,Max,Min) (1.00, 1.00, 0.97) (0.91, 0.17, 1.00) #fs:   1  -- #Conts: 9 G(2)  A(2)  E(5) 
2146988374 13607.24 || noQ Q (Avg,Max,Min) (1.00, 1.00, 1.00) (1.00, 0.99, 1.00) #fs:   0  -- #Conts: 8 G(2)  A(1)  E(5) 
2147263217 13606.24 || noQ Q (Avg,Max,Min) (1.00, 1.00, 1.00) (1.00, 0.99, 1.00) #fs:   0  -- #Conts: 8 G(2)  A(1)  E(5) 
2357879802 13595.82 || noQ Q (Avg,Max,Min) (1.00, 1.00, 1.00) (0.93, 0.30, 1.00) #fs:   0  -- #Conts: 10 G(3)  A(1)  E(6) 
2358110692 13583.06 || noQ Q (Avg,Max,Min) (1.00, 1.00, 1.00) (0.98, 0.79, 1.00) #fs:   0  -- #Conts: 10 G(2)  A(2)  E(6) 
2358613106 13582.06 || noQ Q (Avg,Max,Min) (1.00, 1.00, 1.00) (0.98, 0.79, 1.00) #fs:   0  -- #Conts: 10 G(2)  A(2)  E(6) 
2359219912 13580.06 || noQ Q (Avg,Max,Min) (1.00, 1.00, 1.00) (1.00, 0.98, 1.00) #fs:   0  -- #Conts: 9 G(2)  A(1)  E(6) 
2370081900 13579.47 || noQ Q (Avg,Max,Min) (1.00, 1.00, 1.00) (0.94, 0.62, 1.00) #fs:   0  -- #Conts: 11 G(2)  A(2)  E(6)  C(1) 
2376706096 13578.47 || noQ Q (Avg,Max,Min) (1.00, 1.00, 1.00) (0.97, 0.79, 1.00) #fs:   0  -- #Conts: 11 G(2)  A(3)  E(6) 
2482927839 7617.41 || noQ Q (Avg,Max,Min) (1.00, 1.00, 1.00) (0.99, 0.91, 1.00) #fs:   0  -- #Conts: 10 H(2)  A(4)  E(4) 
2483096646 7615.41 || noQ Q (Avg,Max,Min) (1.00, 1.00, 1.00) (0.99, 0.91, 1.00) #fs:   0  -- #Conts: 10 H(2)  A(4)  E(4) 
2483263755 7610.71 || noQ Q (Avg,Max,Min) (1.00, 1.00, 1.00) (1.00, 1.00, 1.00) #fs:   0  -- #Conts: 10 H(2)  A(4)  E(4) 
2483393749 7609.71 || noQ Q (Avg,Max,Min) (1.00, 1.00, 1.00) (1.00, 1.00, 1.00) #fs:   0  -- #Conts: 10 H(2)  A(4)  E(4) 
2483432571 7608.71 || noQ Q (Avg,Max,Min) (1.00, 1.00, 1.00) (1.00, 1.00, 1.00) #fs:   0  -- #Conts: 10 H(2)  A(4)  E(4) 
2524099968 7506.65 || noQ Q (Avg,Max,Min) (1.00, 1.00, 1.00) (0.98, 0.79, 1.00) #fs:   0  -- #Conts: 12 H(2)  A(6)  G(1)  E(3) 
2524229952 7505.65 || noQ Q (Avg,Max,Min) (1.00, 1.00, 1.00) (0.98, 0.79, 1.00) #fs:   0  -- #Conts: 12 H(2)  A(6)  G(1)  E(3) 
2524386941 7503.65 || noQ Q (Avg,Max,Min) (1.00, 1.00, 1.00) (1.00, 0.98, 1.00) #fs:   0  -- #Conts: 11 H(2)  A(5)  G(1)  E(3) 
2524516925 7502.65 || noQ Q (Avg,Max,Min) (1.00, 1.00, 1.00) (1.00, 0.98, 1.00) #fs:   0  -- #Conts: 11 H(2)  A(5)  G(1)  E(3) 
2524555747 7501.65 || noQ Q (Avg,Max,Min) (1.00, 1.00, 1.00) (1.00, 0.98, 1.00) #fs:   0  -- #Conts: 11 H(2)  A(5)  G(1)  E(3) 
2524685739 7500.65 || noQ Q (Avg,Max,Min) (1.00, 1.00, 1.00) (1.00, 0.98, 1.00) #fs:   0  -- #Conts: 11 H(2)  A(5)  G(1)  E(3) 
2524844418 7499.65 || noQ Q (Avg,Max,Min) (1.00, 1.00, 1.00) (1.00, 0.98, 1.00) #fs:   0  -- #Conts: 11 H(2)  A(5)  G(1)  E(3) 
2525004785 7498.65 || noQ Q (Avg,Max,Min) (1.00, 1.00, 1.00) (1.00, 0.98, 1.00) #fs:   0  -- #Conts: 11 H(2)  A(5)  G(1)  E(3) 
2525043610 7497.65 || noQ Q (Avg,Max,Min) (1.00, 1.00, 1.00) (1.00, 0.98, 1.00) #fs:   0  -- #Conts: 11 H(2)  A(5)  G(1)  E(3) 
2618142438 7416.18 || noQ Q (Avg,Max,Min) (1.00, 1.00, 1.00) (0.87, 0.08, 1.00) #fs:   0  -- #Conts: 14 H(4)  A(5)  G(2)  E(3) 
2618318583 7384.65 || noQ Q (Avg,Max,Min) (1.00, 1.00, 1.00) (0.93, 0.09, 1.00) #fs:   0  -- #Conts: 13 H(3)  A(5)  G(2)  E(3) 
2618382233 7356.12 || noQ Q (Avg,Max,Min) (1.00, 1.00, 1.00) (0.98, 0.79, 1.00) #fs:   0  -- #Conts: 13 H(2)  A(6)  G(2)  E(3) 
2618605002 7355.12 || noQ Q (Avg,Max,Min) (1.00, 1.00, 1.00) (0.98, 0.79, 1.00) #fs:   0  -- #Conts: 13 H(2)  A(6)  G(2)  E(3) 
2618874057 7353.12 || noQ Q (Avg,Max,Min) (1.00, 1.00, 1.00) (1.00, 1.00, 1.00) #fs:   0  -- #Conts: 12 H(2)  A(5)  G(2)  E(3) 
2619096826 7352.12 || noQ Q (Avg,Max,Min) (1.00, 1.00, 1.00) (1.00, 1.00, 1.00) #fs:   0  -- #Conts: 12 H(2)  A(5)  G(2)  E(3) 
2636515798 7265.47 || noQ Q (Avg,Max,Min) (1.00, 1.00, 1.00) (0.92, 0.08, 1.00) #fs:   0  -- #Conts: 13 H(2)  A(6)  G(2)  E(3) 
2636720647 7233.94 || noQ Q (Avg,Max,Min) (1.00, 1.00, 1.00) (0.99, 0.92, 1.00) #fs:   0  -- #Conts: 12 H(1)  A(6)  G(2)  E(3) 
2637296360 7230.94 || noQ Q (Avg,Max,Min) (1.00, 1.00, 1.00) (1.00, 0.99, 1.00) #fs:   0  -- #Conts: 11 H(1)  A(5)  G(2)  E(3) 
2637519139 7229.94 || noQ Q (Avg,Max,Min) (1.00, 1.00, 1.00) (1.00, 0.99, 1.00) #fs:   0  -- #Conts: 11 H(1)  A(5)  G(2)  E(3) 
2637808454 7228.94 || noQ Q (Avg,Max,Min) (1.00, 1.00, 1.00) (1.00, 0.99, 1.00) #fs:   0  -- #Conts: 11 H(1)  A(5)  G(2)  E(3) 
2638080404 7227.94 || noQ Q (Avg,Max,Min) (1.00, 1.00, 1.00) (1.00, 0.99, 1.00) #fs:   0  -- #Conts: 11 H(1)  A(5)  G(2)  E(3) 
2665980315 7124.35 || noQ Q (Avg,Max,Min) (1.00, 1.00, 1.00) (0.92, 0.08, 1.00) #fs:   0  -- #Conts: 13 H(2)  A(6)  G(2)  E(3) 
2666185164 7092.82 || noQ Q (Avg,Max,Min) (1.00, 1.00, 1.00) (0.99, 0.92, 1.00) #fs:   0  -- #Conts: 12 H(1)  A(6)  G(2)  E(3) 
2666474472 7090.82 || noQ Q (Avg,Max,Min) (1.00, 1.00, 1.00) (0.99, 0.92, 1.00) #fs:   0  -- #Conts: 12 H(1)  A(6)  G(2)  E(3) 
2666760877 7089.82 || noQ Q (Avg,Max,Min) (1.00, 1.00, 1.00) (1.00, 0.98, 1.00) #fs:   0  -- #Conts: 11 H(1)  A(5)  G(2)  E(3) 
2666983656 7088.82 || noQ Q (Avg,Max,Min) (1.00, 1.00, 1.00) (1.00, 0.98, 1.00) #fs:   0  -- #Conts: 11 H(1)  A(5)  G(2)  E(3) 
2667050194 7087.82 || noQ Q (Avg,Max,Min) (1.00, 1.00, 1.00) (1.00, 0.98, 1.00) #fs:   0  -- #Conts: 11 H(1)  A(5)  G(2)  E(3) 
2667272971 7086.82 || noQ Q (Avg,Max,Min) (1.00, 1.00, 1.00) (1.00, 0.98, 1.00) #fs:   0  -- #Conts: 11 H(1)  A(5)  G(2)  E(3) 
2667544921 7085.82 || noQ Q (Avg,Max,Min) (1.00, 1.00, 1.00) (1.00, 0.98, 1.00) #fs:   0  -- #Conts: 11 H(1)  A(5)  G(2)  E(3) 
2667819764 7084.82 || noQ Q (Avg,Max,Min) (1.00, 1.00, 1.00) (1.00, 0.98, 1.00) #fs:   0  -- #Conts: 11 H(1)  A(5)  G(2)  E(3) 
2667886305 7083.82 || noQ Q (Avg,Max,Min) (1.00, 1.00, 1.00) (1.00, 0.98, 1.00) #fs:   0  -- #Conts: 11 H(1)  A(5)  G(2)  E(3) 
2668094607 7082.82 || noQ Q (Avg,Max,Min) (1.00, 1.00, 1.00) (1.00, 0.98, 1.00) #fs:   0  -- #Conts: 11 H(1)  A(5)  G(2)  E(3) 
2668381023 7081.82 || noQ Q (Avg,Max,Min) (1.00, 1.00, 1.00) (1.00, 0.98, 1.00) #fs:   0  -- #Conts: 11 H(1)  A(5)  G(2)  E(3) 
2668485174 7080.82 || noQ Q (Avg,Max,Min) (1.00, 1.00, 1.00) (1.00, 0.98, 1.00) #fs:   0  -- #Conts: 11 H(1)  A(5)  G(2)  E(3) 
2682704373 6954.18 || noQ Q (Avg,Max,Min) (1.00, 1.00, 1.00) (0.98, 0.79, 1.00) #fs:   0  -- #Conts: 11 A(6)  G(2)  E(3) 
2682927142 6953.18 || noQ Q (Avg,Max,Min) (1.00, 1.00, 1.00) (0.98, 0.79, 1.00) #fs:   0  -- #Conts: 11 A(6)  G(2)  E(3) 
2683196197 6951.18 || noQ Q (Avg,Max,Min) (1.00, 1.00, 1.00) (1.00, 1.00, 1.00) #fs:   0  -- #Conts: 10 A(5)  G(2)  E(3) 
2683418966 6950.18 || noQ Q (Avg,Max,Min) (1.00, 1.00, 1.00) (1.00, 1.00, 1.00) #fs:   0  -- #Conts: 10 A(5)  G(2)  E(3) 
2683485504 6949.18 || noQ Q (Avg,Max,Min) (1.00, 1.00, 1.00) (1.00, 1.00, 1.00) #fs:   0  -- #Conts: 10 A(5)  G(2)  E(3) 
2683708281 6948.18 || noQ Q (Avg,Max,Min) (1.00, 1.00, 1.00) (1.00, 1.00, 1.00) #fs:   0  -- #Conts: 10 A(5)  G(2)  E(3) 
2876563074 6923.47 || noQ Q (Avg,Max,Min) (1.00, 1.00, 1.00) (0.98, 0.79, 1.00) #fs:   0  -- #Conts: 12 A(6)  G(2)  E(4) 
2876785843 6922.47 || noQ Q (Avg,Max,Min) (1.00, 1.00, 1.00) (0.98, 0.79, 1.00) #fs:   0  -- #Conts: 12 A(6)  G(2)  E(4) 
2877054898 6920.47 || noQ Q (Avg,Max,Min) (1.00, 1.00, 1.00) (1.00, 0.98, 1.00) #fs:   0  -- #Conts: 11 A(5)  G(2)  E(4) 
2877277667 6919.47 || noQ Q (Avg,Max,Min) (1.00, 1.00, 1.00) (1.00, 0.98, 1.00) #fs:   0  -- #Conts: 11 A(5)  G(2)  E(4) 
3099410232 6889.29 || noQ Q (Avg,Max,Min) (1.00, 1.00, 1.00) (0.92, 0.08, 1.00) #fs:   0  -- #Conts: 12 H(1)  A(6)  G(1)  E(4) 
3099615083 6873.53 || noQ Q (Avg,Max,Min) (1.00, 1.00, 1.00) (0.92, 0.14, 1.00) #fs:   0  -- #Conts: 12 A(6)  G(2)  E(4) 
3100232477 6857.76 || noQ Q (Avg,Max,Min) (1.00, 1.00, 1.00) (0.99, 0.92, 1.00) #fs:   0  -- #Conts: 11 A(6)  G(1)  E(4) 
3100884959 6855.76 || noQ Q (Avg,Max,Min) (1.00, 1.00, 1.00) (0.99, 0.92, 1.00) #fs:   0  -- #Conts: 11 A(6)  G(1)  E(4) 
3159755237 6850.65 || noQ Q (Avg,Max,Min) (1.00, 1.00, 1.00) (0.90, 0.09, 1.00) #fs:   0  -- #Conts: 12 H(1)  A(6)  G(1)  E(4) 
3159995034 6834.88 || noQ Q (Avg,Max,Min) (1.00, 1.00, 1.00) (0.91, 0.16, 1.00) #fs:   0  -- #Conts: 12 A(6)  G(2)  E(4) 
3160486858 6831.88 || noQ Q (Avg,Max,Min) (1.00, 1.00, 1.00) (0.93, 0.30, 1.00) #fs:   0  -- #Conts: 11 A(5)  G(2)  E(4) 
3160717748 6819.12 || noQ Q (Avg,Max,Min) (1.00, 1.00, 1.00) (0.98, 0.79, 1.00) #fs:   0  -- #Conts: 11 A(6)  G(1)  E(4) 
3161220162 6818.12 || noQ Q (Avg,Max,Min) (1.00, 1.00, 1.00) (0.98, 0.79, 1.00) #fs:   0  -- #Conts: 11 A(6)  G(1)  E(4) 
3161826968 6816.12 || noQ Q (Avg,Max,Min) (1.00, 1.00, 1.00) (1.00, 0.98, 1.00) #fs:   0  -- #Conts: 10 A(5)  G(1)  E(4) 
3171580681 6815.53 || noQ Q (Avg,Max,Min) (1.00, 1.00, 1.00) (0.93, 0.53, 1.00) #fs:   0  -- #Conts: 12 A(5)  G(1)  E(4)  C(2) 
3172688956 6814.53 || noQ Q (Avg,Max,Min) (1.00, 1.00, 1.00) (0.95, 0.62, 1.00) #fs:   0  -- #Conts: 12 A(6)  G(1)  E(4)  C(1) 
3179287053 6813.53 || noQ Q (Avg,Max,Min) (1.00, 1.00, 1.00) (0.97, 0.79, 1.00) #fs:   0  -- #Conts: 12 A(7)  G(1)  E(4) 
3353853731 6801.76 || noQ Q (Avg,Max,Min) (1.00, 1.00, 1.00) (0.90, 0.16, 1.00) #fs:   0  -- #Conts: 11 A(7)  G(1)  E(3) 
3354345555 6798.76 || noQ Q (Avg,Max,Min) (1.00, 1.00, 1.00) (0.93, 0.30, 1.00) #fs:   0  -- #Conts: 10 A(6)  G(1)  E(3) 
3354576445 6792.71 || noQ Q (Avg,Max,Min) (1.00, 1.00, 1.00) (0.98, 0.79, 1.00) #fs:   0  -- #Conts: 10 A(7)  E(3) 
3355521635 6790.00 || noQ Q (Avg,Max,Min) (1.00, 1.00, 1.00) (0.94, 0.62, 1.00) #fs:   0  -- #Conts: 11 A(7)  E(3)  C(1) 
3355685665 6789.71 || noQ Q (Avg,Max,Min) (1.00, 1.00, 1.00) (1.00, 0.98, 1.00) #fs:   0  -- #Conts: 9 A(6)  E(3) 
3363228007 6789.00 || noQ Q (Avg,Max,Min) (1.00, 1.00, 1.00) (0.97, 0.79, 1.00) #fs:   0  -- #Conts: 11 A(8)  E(3) 
4385411493 5977.59 || noQ Q (Avg,Max,Min) (1.00, 1.00, 1.00) (0.91, 0.09, 1.00) #fs:   0  -- #Conts: 12 H(2)  A(7)  G(1)  E(2) 
4385698466 5974.59 || noQ Q (Avg,Max,Min) (1.00, 1.00, 1.00) (0.92, 0.17, 1.00) #fs:   0  -- #Conts: 11 H(2)  A(6)  G(1)  E(2) 
4386143114 5958.82 || noQ Q (Avg,Max,Min) (1.00, 1.00, 1.00) (0.93, 0.30, 1.00) #fs:   0  -- #Conts: 11 H(1)  A(6)  G(2)  E(2) 
4386534796 5956.47 || noQ Q (Avg,Max,Min) (1.00, 1.00, 1.00) (0.89, 0.31, 1.00) #fs:   0  -- #Conts: 12 H(1)  A(6)  G(1)  E(4) 
4387319194 5953.76 || noQ Q (Avg,Max,Min) (1.00, 1.00, 1.00) (0.91, 0.31, 1.00) #fs:   0  -- #Conts: 12 H(1)  A(6)  G(1)  E(3)  C(1) 
4387342243 5951.06 || noQ Q (Avg,Max,Min) (1.00, 1.00, 1.00) (0.93, 0.53, 1.00) #fs:   0  -- #Conts: 12 H(1)  A(6)  G(1)  E(2)  C(2) 
4387483226 5949.76 || noQ Q (Avg,Max,Min) (1.00, 1.00, 1.00) (0.97, 0.67, 1.00) #fs:   0  -- #Conts: 11 H(1)  A(6)  G(1)  E(3) 
4393925562 5949.06 || noQ Q (Avg,Max,Min) (1.00, 1.00, 1.00) (0.96, 0.62, 1.00) #fs:   0  -- #Conts: 11 H(1)  A(6)  G(1)  E(2)  C(1) 
4403525564 5948.06 || noQ Q (Avg,Max,Min) (1.00, 1.00, 1.00) (1.00, 0.99, 1.00) #fs:   0  -- #Conts: 10 H(1)  A(6)  G(1)  E(2) 
4415253029 5864.18 || noQ Q (Avg,Max,Min) (1.00, 1.00, 1.00) (0.91, 0.08, 1.00) #fs:   0  -- #Conts: 11 H(1)  A(7)  E(3) 
4415457880 5848.41 || noQ Q (Avg,Max,Min) (1.00, 1.00, 1.00) (0.91, 0.14, 1.00) #fs:   0  -- #Conts: 11 A(7)  G(1)  E(3) 
4416075276 5839.35 || noQ Q (Avg,Max,Min) (1.00, 1.00, 1.00) (0.93, 0.31, 1.00) #fs:   0  -- #Conts: 11 A(7)  E(4) 
4416882723 5836.65 || noQ Q (Avg,Max,Min) (1.00, 1.00, 1.00) (0.95, 0.53, 1.00) #fs:   0  -- #Conts: 11 A(7)  E(3)  C(1) 
4423466054 5834.65 || noQ Q (Avg,Max,Min) (1.00, 1.00, 1.00) (0.99, 0.94, 1.00) #fs:   0  -- #Conts: 10 A(7)  E(3) 
4444717548 5055.06 || noQ Q (Avg,Max,Min) (1.00, 1.00, 1.00) (0.81, 0.08, 1.00) #fs:   0  -- #Conts: 15 H(3)  A(8)  G(1)  E(3) 
4444898474 5023.53 || noQ Q (Avg,Max,Min) (1.00, 1.00, 1.00) (0.87, 0.10, 1.00) #fs:   0  -- #Conts: 14 H(2)  A(8)  G(1)  E(3) 
4444910299 5022.53 || noQ Q (Avg,Max,Min) (1.00, 1.00, 1.00) (0.93, 0.18, 1.00) #fs:   0  -- #Conts: 13 H(2)  A(7)  G(1)  E(3) 
4445343122 5006.76 || noQ Q (Avg,Max,Min) (1.00, 1.00, 1.00) (0.94, 0.30, 1.00) #fs:   0  -- #Conts: 13 H(1)  A(7)  G(2)  E(3) 
4445889804 5004.41 || noQ Q (Avg,Max,Min) (1.00, 1.00, 1.00) (0.90, 0.31, 1.00) #fs:   0  -- #Conts: 14 H(1)  A(7)  G(1)  E(5) 
4446519202 5001.71 || noQ Q (Avg,Max,Min) (1.00, 1.00, 1.00) (0.92, 0.31, 1.00) #fs:   0  -- #Conts: 14 H(1)  A(7)  G(1)  E(4)  C(1) 
4446683234 4997.71 || noQ Q (Avg,Max,Min) (1.00, 1.00, 1.00) (0.97, 0.67, 1.00) #fs:   0  -- #Conts: 13 H(1)  A(7)  G(1)  E(4) 
4449733635 4892.59 || noQ Q (Avg,Max,Min) (1.00, 1.00, 1.00) (0.89, 0.09, 1.00) #fs:   0  -- #Conts: 13 H(1)  A(7)  G(1)  E(3)  C(1) 
4449766062 4891.59 || noQ Q (Avg,Max,Min) (1.00, 1.00, 1.00) (0.91, 0.09, 1.00) #fs:   0  -- #Conts: 13 H(1)  A(8)  G(1)  E(3) 
4449973432 4875.82 || noQ Q (Avg,Max,Min) (1.00, 1.00, 1.00) (0.92, 0.16, 1.00) #fs:   0  -- #Conts: 13 A(8)  G(2)  E(3) 
4450465256 4872.82 || noQ Q (Avg,Max,Min) (1.00, 1.00, 1.00) (0.94, 0.30, 1.00) #fs:   0  -- #Conts: 12 A(7)  G(2)  E(3) 
4450696148 4866.76 || noQ Q (Avg,Max,Min) (1.00, 1.00, 0.96) (0.99, 0.90, 1.00) #fs:   1  -- #Conts: 11 A(7)  G(1)  E(3) 
4451641336 4864.06 || noQ Q (Avg,Max,Min) (1.00, 1.00, 1.00) (0.97, 0.62, 1.00) #fs:   0  -- #Conts: 12 A(7)  G(1)  E(3)  C(1) 
4451805368 4863.76 || noQ Q (Avg,Max,Min) (1.00, 1.00, 0.96) (0.99, 0.94, 1.00) #fs:   1  -- #Conts: 11 A(7)  G(1)  E(3) 
4457897696 4863.06 || noQ Q (Avg,Max,Min) (1.00, 1.00, 1.00) (0.97, 0.62, 1.00) #fs:   0  -- #Conts: 12 A(7)  G(1)  E(3)  C(1) 
4467847706 4862.06 || noQ Q (Avg,Max,Min) (1.00, 1.00, 1.00) (1.00, 0.98, 1.00) #fs:   0  -- #Conts: 11 A(7)  G(1)  E(3) 
4643592334 4861.88 || noQ Q (Avg,Max,Min) (1.00, 1.00, 1.00) (0.92, 0.09, 1.00) #fs:   0  -- #Conts: 11 H(1)  A(6)  E(4) 
4643832131 4846.12 || noQ Q (Avg,Max,Min) (1.00, 1.00, 1.00) (0.92, 0.16, 1.00) #fs:   0  -- #Conts: 11 A(6)  G(1)  E(4) 
4644323955 4843.12 || noQ Q (Avg,Max,Min) (1.00, 1.00, 1.00) (0.94, 0.30, 1.00) #fs:   0  -- #Conts: 11 A(6)  G(1)  E(4) 
4644554847 4837.06 || noQ Q (Avg,Max,Min) (1.00, 1.00, 1.00) (0.94, 0.36, 1.00) #fs:   0  -- #Conts: 11 A(6)  E(5) 
4645500035 4834.35 || noQ Q (Avg,Max,Min) (1.00, 1.00, 1.00) (0.96, 0.62, 1.00) #fs:   0  -- #Conts: 11 A(6)  E(4)  C(1) 
4645664067 4834.06 || noQ Q (Avg,Max,Min) (1.00, 1.00, 1.00) (0.97, 0.67, 1.00) #fs:   0  -- #Conts: 11 A(6)  E(5) 
4651756395 4833.35 || noQ Q (Avg,Max,Min) (1.00, 1.00, 1.00) (0.97, 0.62, 1.00) #fs:   0  -- #Conts: 11 A(6)  E(4)  C(1) 
4661706405 4832.35 || noQ Q (Avg,Max,Min) (1.00, 1.00, 1.00) (1.00, 1.00, 1.00) #fs:   0  -- #Conts: 10 A(6)  E(4) 
6442786942 4811.71 || noQ Q (Avg,Max,Min) (1.00, 1.00, 1.00) (0.90, 0.09, 1.00) #fs:   1  -- #Conts: 9 H(1)  A(5)  E(3) 
6443073915 4809.71 || noQ Q (Avg,Max,Min) (1.00, 1.00, 1.00) (0.91, 0.17, 1.00) #fs:   1  -- #Conts: 9 H(1)  A(5)  E(3) 
6443518563 4793.94 || noQ Q (Avg,Max,Min) (1.00, 1.00, 1.00) (0.92, 0.30, 1.00) #fs:   1  -- #Conts: 9 A(5)  G(1)  E(3) 
6443768571 4792.94 || noQ Q (Avg,Max,Min) (1.00, 1.00, 1.00) (0.92, 0.30, 1.00) #fs:   1  -- #Conts: 9 A(5)  G(1)  E(3) 
6443910245 4791.59 || noQ Q (Avg,Max,Min) (1.00, 1.00, 1.00) (0.86, 0.31, 1.00) #fs:   1  -- #Conts: 10 A(5)  E(5) 
6444160245 4790.59 || noQ Q (Avg,Max,Min) (1.00, 1.00, 1.00) (0.86, 0.31, 1.00) #fs:   1  -- #Conts: 10 A(5)  E(5) 
6444694643 4788.88 || noQ Q (Avg,Max,Min) (1.00, 1.00, 1.00) (0.89, 0.31, 1.00) #fs:   1  -- #Conts: 10 A(5)  E(4)  C(1) 
6444717692 4786.18 || noQ Q (Avg,Max,Min) (1.00, 1.00, 1.00) (0.91, 0.53, 1.00) #fs:   1  -- #Conts: 10 A(5)  E(3)  C(2) 
6444858675 4784.88 || noQ Q (Avg,Max,Min) (1.00, 1.00, 1.00) (0.96, 0.67, 1.00) #fs:   1  -- #Conts: 9 A(5)  E(4) 
6445108683 4783.88 || noQ Q (Avg,Max,Min) (1.00, 1.00, 1.00) (0.96, 0.67, 1.00) #fs:   1  -- #Conts: 9 A(5)  E(4) 
6461501020 4782.18 || noQ Q (Avg,Max,Min) (1.00, 1.00, 1.00) (1.00, 0.98, 1.00) #fs:   1  -- #Conts: 8 A(5)  E(3) 
/////////////////size: 239
nodes 48 edges 56
 mulT: 5000 mulD: 1  sumData GB 1
pareto /SIPHT.n.50.0.dax time -> 1088.0
moheft /SIPHT.n.50.0.dax time -> 1767.0
distance from M to C 0.0
distance from P to C 208.09663671926867
distance from C to M 1.6251925972492982
distance from C to P 137.2308870372642
toCompare: /SIPHT.n.50.0.dax sumDataGB: 1 mulT: 5000 mulD: 1 paretoOptTime_MS: 1088.0 MoheftOptimizationTime_MS: 1767.0 MtoC 0.0 PtoC 208.09663671926867 CtoM 1.6251925972492982 CtoP 137.2308870372642
