specify -Dflow d,b,mt,md,size
Running /home/vaggelis/jc/SIPHT.n.50.0.dax mt 30 md: 1 size null
   4013719 220.71 || noQ Q (Avg,Max,Min) (0.79, 1.00, 0.56) (0.46, 0.36, 0.71) #fs:   7  -- #Conts: 5 H(5) 
   4013720 189.18 || noQ Q (Avg,Max,Min) (0.85, 1.00, 0.56) (0.53, 0.39, 0.71) #fs:   6  -- #Conts: 5 H(5) 
   5176700 157.65 || noQ Q (Avg,Max,Min) (0.83, 1.00, 0.56) (0.62, 0.42, 0.73) #fs:   6  -- #Conts: 5 H(5) 
   6659541 141.88 || noQ Q (Avg,Max,Min) (0.84, 1.00, 0.68) (0.68, 0.56, 0.90) #fs:   2  -- #Conts: 4 H(1)  G(3) 
   6737903 126.12 || noQ Q (Avg,Max,Min) (0.90, 1.00, 0.61) (0.76, 0.56, 0.94) #fs:   2  -- #Conts: 4 H(1)  G(3) 
   6887951 110.35 || noQ Q (Avg,Max,Min) (0.84, 1.00, 0.66) (0.78, 0.63, 0.96) #fs:   4  -- #Conts: 4 G(4) 
   7006267 094.59 || noQ Q (Avg,Max,Min) (0.99, 1.00, 0.96) (0.86, 0.64, 0.97) #fs:   1  -- #Conts: 4 G(4) 
  20009222 093.88 || noQ Q (Avg,Max,Min) (0.93, 1.00, 0.70) (0.85, 0.68, 1.00) #fs:   3  -- #Conts: 5 E(5) 
  26891100 092.00 || noQ Q (Avg,Max,Min) (0.99, 1.00, 0.96) (0.89, 0.83, 0.93) #fs:   1  -- #Conts: 5 C(5) 
/////////////////size: 9
   4083907 173.41 || noQ Q (Avg,Max,Min) (0.92, 1.00, 0.68) (0.55, 0.53, 0.57) #fs:   2  -- #Conts: 4 H(3)  G(1) 
   4556363 157.65 || noQ Q (Avg,Max,Min) (0.92, 1.00, 0.86) (0.67, 0.54, 0.90) #fs:   2  -- #Conts: 3 H(3) 
   5289054 142.88 || noQ Q (Avg,Max,Min) (1.00, 1.00, 1.00) (0.52, 0.02, 0.81) #fs:   0  -- #Conts: 5 H(3)  G(1)  A(1) 
   5291059 141.88 || noQ Q (Avg,Max,Min) (1.00, 1.00, 1.00) (0.65, 0.53, 0.81) #fs:   0  -- #Conts: 4 H(3)  G(1) 
   5474536 126.12 || noQ Q (Avg,Max,Min) (0.93, 1.00, 0.80) (0.73, 0.62, 0.89) #fs:   3  -- #Conts: 5 H(3)  G(2) 
   6906345 108.00 || noQ Q (Avg,Max,Min) (0.96, 1.00, 0.84) (0.78, 0.60, 0.96) #fs:   1  -- #Conts: 4 H(1)  G(2)  E(1) 
   9687418 098.94 || noQ Q (Avg,Max,Min) (0.99, 1.00, 0.96) (0.88, 0.76, 0.99) #fs:   1  -- #Conts: 4 H(1)  G(2)  E(1) 
  11581716 098.59 || noQ Q (Avg,Max,Min) (0.99, 1.00, 0.96) (0.73, 0.29, 0.99) #fs:   1  -- #Conts: 7 H(1)  G(2)  A(2)  E(2) 
  12622706 097.59 || noQ Q (Avg,Max,Min) (0.99, 1.00, 0.96) (0.86, 0.58, 0.99) #fs:   1  -- #Conts: 6 H(1)  G(2)  A(1)  E(2) 
  16251215 094.47 || noQ Q (Avg,Max,Min) (1.00, 1.00, 0.98) (0.84, 0.69, 0.96) #fs:   1  -- #Conts: 4 G(1)  E(2)  C(1) 
  17881795 091.76 || noQ Q (Avg,Max,Min) (0.95, 1.00, 0.89) (0.84, 0.58, 0.97) #fs:   2  -- #Conts: 4 G(1)  E(2)  C(1) 
  19164500 091.35 || noQ Q (Avg,Max,Min) (0.99, 1.00, 0.92) (0.72, 0.03, 1.00) #fs:   1  -- #Conts: 6 G(1)  A(1)  E(2)  C(2) 
  19188380 090.35 || noQ Q (Avg,Max,Min) (0.98, 1.00, 0.92) (0.86, 0.58, 1.00) #fs:   1  -- #Conts: 5 G(1)  E(2)  C(2) 
  19732050 089.06 || noQ Q (Avg,Max,Min) (0.99, 1.00, 0.98) (0.93, 0.91, 0.96) #fs:   1  -- #Conts: 3 G(1)  E(1)  C(1) 
  20002164 088.65 || noQ Q (Avg,Max,Min) (1.00, 1.00, 1.00) (0.76, 0.04, 1.00) #fs:   0  -- #Conts: 5 G(1)  A(1)  E(1)  C(2) 
  20024083 087.65 || noQ Q (Avg,Max,Min) (1.00, 1.00, 1.00) (0.94, 0.85, 1.00) #fs:   0  -- #Conts: 4 G(1)  E(1)  C(2) 
  28622362 085.65 || noQ Q (Avg,Max,Min) (1.00, 1.00, 1.00) (0.75, 0.02, 1.00) #fs:   0  -- #Conts: 5 G(1)  A(2)  E(1)  C(1) 
  28635813 084.65 || noQ Q (Avg,Max,Min) (1.00, 1.00, 1.00) (0.93, 0.75, 1.00) #fs:   0  -- #Conts: 4 G(1)  A(1)  E(1)  C(1) 
  41212871 083.71 || noQ Q (Avg,Max,Min) (1.00, 1.00, 1.00) (0.75, 0.02, 1.00) #fs:   0  -- #Conts: 4 G(1)  A(1)  E(1)  C(1) 
  41226322 082.71 || noQ Q (Avg,Max,Min) (1.00, 1.00, 1.00) (0.99, 0.97, 1.00) #fs:   0  -- #Conts: 3 G(1)  E(1)  C(1) 
/////////////////size: 20
nodes 48 edges 56
 mulT: 30 mulD: 1  sumData GB 1
pareto /SIPHT.n.50.0.dax time -> 694.0
moheft /SIPHT.n.50.0.dax time -> 199.0
distance from M to C 0.25
distance from P to C 1.2251250180347322
distance from C to M 0.8572579964071019
distance from C to P 2.2890396688433263
toCompare: /SIPHT.n.50.0.dax sumDataGB: 1 mulT: 30 mulD: 1 paretoOptTime_MS: 694.0 MoheftOptimizationTime_MS: 199.0 MtoC 0.25 PtoC 1.2251250180347322 CtoM 0.8572579964071019 CtoP 2.2890396688433263
