specify -Dflow d,b,mt,md,size
Running /home/vaggelis/jc/MONTAGE.n.100.0.dax mt 10 md: 20000 size null
    366530 031.53 || noQ Q (Avg,Max,Min) (244.12, 244.12, 10.00) (24.86, 10.00, 24.86) #fs:   0  -- #Conts: 1 H(1) 
    628129 015.76 || noQ Q (Avg,Max,Min) (142.87, 142.87, 10.00) (24.93, 10.00, 24.93) #fs:   0  -- #Conts: 1 G(1) 
   1416590 006.71 || noQ Q (Avg,Max,Min) (63.91, 63.91, 10.00) (25.15, 10.00, 25.15) #fs:   0  -- #Conts: 1 E(1) 
   2447742 004.00 || noQ Q (Avg,Max,Min) (37.41, 37.41, 10.00) (25.43, 10.00, 25.43) #fs:   0  -- #Conts: 1 C(1) 
/////////////////size: 4
    628129 015.76 || noQ Q (Avg,Max,Min) (142.87, 142.87, 10.00) (24.93, 10.00, 24.93) #fs:   0  -- #Conts: 1 G(1) 
   1416590 006.71 || noQ Q (Avg,Max,Min) (63.91, 63.91, 10.00) (25.15, 10.00, 25.15) #fs:   0  -- #Conts: 1 E(1) 
   2447742 004.00 || noQ Q (Avg,Max,Min) (37.41, 37.41, 10.00) (25.43, 10.00, 25.43) #fs:   0  -- #Conts: 1 C(1) 
/////////////////size: 3
nodes 100 edges 234
 mulT: 10 mulD: 20000  sumData GB 36970
pareto /MONTAGE.n.100.0.dax time -> 539.0
moheft /MONTAGE.n.100.0.dax time -> 325.0
distance from M to C 0.0
distance from P to C 0.0
distance from C to M 0.0
distance from C to P 0.0
toCompare: /MONTAGE.n.100.0.dax sumDataGB: 36970 mulT: 10 mulD: 20000 paretoOptTime_MS: 539.0 MoheftOptimizationTime_MS: 325.0 MtoC 0.0 PtoC 0.0 CtoM 0.0 CtoP 0.0
