specify -Dflow d,b,mt,md,size
Running /home/vaggelis/jc/CYBERSHAKE.n.50.0.dax mt 30 md: 500 size null
    683372 063.06 || noQ Q (Avg,Max,Min) (3.96, 4.37, 3.56) (0.75, 0.67, 0.83) #fs:   1  -- #Conts: 2 H(2) 
   1127108 047.29 || noQ Q (Avg,Max,Min) (2.66, 3.07, 2.25) (0.82, 0.67, 0.96) #fs:   1  -- #Conts: 2 H(1)  G(1) 
   1171014 031.53 || noQ Q (Avg,Max,Min) (2.72, 2.95, 2.49) (0.88, 0.81, 0.96) #fs:   1  -- #Conts: 2 G(2) 
   2296520 015.76 || noQ Q (Avg,Max,Min) (2.77, 2.77, 2.77) (1.77, 1.77, 1.77) #fs:   0  -- #Conts: 1 G(1) 
   2640716 013.41 || noQ Q (Avg,Max,Min) (1.75, 1.84, 1.66) (1.29, 1.22, 1.35) #fs:   1  -- #Conts: 2 E(2) 
   6105006 012.00 || noQ Q (Avg,Max,Min) (1.82, 2.14, 1.50) (1.63, 1.45, 1.81) #fs:   0  -- #Conts: 2 C(2) 
/////////////////size: 6
   1081806 060.00 || noQ Q (Avg,Max,Min) (1.42, 3.15, 0.19) (0.30, 0.00, 0.95) #fs:   3  -- #Conts: 6 H(1)  G(1)  A(2)  E(1)  C(1) 
   1082032 058.00 || noQ Q (Avg,Max,Min) (1.24, 3.15, 0.16) (0.26, 0.00, 0.95) #fs:   7  -- #Conts: 7 H(1)  G(1)  A(4)  E(1) 
   1082097 051.29 || noQ Q (Avg,Max,Min) (1.27, 3.15, 0.16) (0.30, 0.01, 0.95) #fs:   7  -- #Conts: 6 H(1)  G(1)  A(4) 
   1082414 050.29 || noQ Q (Avg,Max,Min) (1.32, 3.15, 0.16) (0.36, 0.04, 0.95) #fs:   6  -- #Conts: 5 H(1)  G(1)  A(3) 
   1085259 049.29 || noQ Q (Avg,Max,Min) (1.61, 3.14, 0.43) (0.45, 0.07, 0.95) #fs:   5  -- #Conts: 4 H(1)  G(1)  A(2) 
   1090212 048.29 || noQ Q (Avg,Max,Min) (1.99, 3.13, 0.61) (0.57, 0.10, 0.95) #fs:   3  -- #Conts: 3 H(1)  G(1)  A(1) 
   1097824 047.29 || noQ Q (Avg,Max,Min) (2.67, 3.12, 2.23) (0.82, 0.68, 0.95) #fs:   2  -- #Conts: 2 H(1)  G(1) 
   1313799 047.24 || noQ Q (Avg,Max,Min) (1.18, 4.10, 0.11) (0.21, 0.00, 1.50) #fs:   3  -- #Conts: 8 H(1)  A(5)  E(1)  C(1) 
   1314142 040.53 || noQ Q (Avg,Max,Min) (1.19, 4.10, 0.11) (0.24, 0.01, 1.50) #fs:   3  -- #Conts: 7 H(1)  A(5)  C(1) 
   1315479 036.53 || noQ Q (Avg,Max,Min) (1.23, 4.10, 0.11) (0.28, 0.01, 1.50) #fs:   3  -- #Conts: 6 H(1)  A(5) 
   1316209 035.53 || noQ Q (Avg,Max,Min) (1.45, 4.09, 0.16) (0.34, 0.03, 1.50) #fs:   2  -- #Conts: 5 H(1)  A(4) 
   1320576 034.53 || noQ Q (Avg,Max,Min) (1.77, 4.08, 1.00) (0.41, 0.03, 1.50) #fs:   0  -- #Conts: 4 H(1)  A(3) 
   1323849 033.53 || noQ Q (Avg,Max,Min) (2.03, 4.08, 1.00) (0.54, 0.05, 1.50) #fs:   0  -- #Conts: 3 H(1)  A(2) 
   1329281 032.53 || noQ Q (Avg,Max,Min) (2.53, 4.06, 1.00) (0.79, 0.09, 1.50) #fs:   0  -- #Conts: 2 H(1)  A(1) 
   1340000 031.53 || noQ Q (Avg,Max,Min) (4.04, 4.04, 4.04) (1.50, 1.50, 1.50) #fs:   0  -- #Conts: 1 H(1) 
   2251619 023.76 || noQ Q (Avg,Max,Min) (1.05, 2.81, 0.29) (0.33, 0.00, 1.76) #fs:   4  -- #Conts: 6 G(1)  A(4)  C(1) 
   2252208 019.76 || noQ Q (Avg,Max,Min) (1.05, 2.81, 0.29) (0.39, 0.01, 1.76) #fs:   4  -- #Conts: 5 G(1)  A(4) 
   2253250 018.76 || noQ Q (Avg,Max,Min) (1.05, 2.81, 0.29) (0.49, 0.03, 1.76) #fs:   4  -- #Conts: 4 G(1)  A(3) 
   2258616 017.76 || noQ Q (Avg,Max,Min) (1.25, 2.80, 0.29) (0.65, 0.09, 1.76) #fs:   3  -- #Conts: 3 G(1)  A(2) 
   2275094 016.76 || noQ Q (Avg,Max,Min) (1.73, 2.79, 0.68) (0.93, 0.10, 1.76) #fs:   1  -- #Conts: 2 G(1)  A(1) 
   2296520 015.76 || noQ Q (Avg,Max,Min) (2.77, 2.77, 2.77) (1.77, 1.77, 1.77) #fs:   0  -- #Conts: 1 G(1) 
   4219697 015.71 || noQ Q (Avg,Max,Min) (1.16, 1.55, 0.68) (0.73, 0.03, 1.24) #fs:   4  -- #Conts: 3 A(1)  E(1)  C(1) 
   4243644 014.71 || noQ Q (Avg,Max,Min) (1.41, 1.55, 1.26) (1.08, 0.91, 1.24) #fs:   3  -- #Conts: 2 E(1)  C(1) 
   6920495 013.71 || noQ Q (Avg,Max,Min) (2.74, 4.30, 1.26) (1.27, 0.86, 1.68) #fs:   4  -- #Conts: 5 A(3)  E(1)  C(1) 
   7138294 012.71 || noQ Q (Avg,Max,Min) (2.68, 3.93, 1.26) (1.58, 1.24, 1.74) #fs:   4  -- #Conts: 4 A(2)  E(1)  C(1) 
   7371687 011.71 || noQ Q (Avg,Max,Min) (2.90, 4.23, 2.13) (2.02, 1.05, 2.48) #fs:   1  -- #Conts: 6 A(5)  E(1) 
   8270784 010.71 || noQ Q (Avg,Max,Min) (2.85, 3.98, 2.13) (2.42, 2.13, 2.62) #fs:   1  -- #Conts: 5 A(4)  E(1) 
/////////////////size: 27
nodes 50 edges 92
 mulT: 30 mulD: 500  sumData GB 43151
pareto /CYBERSHAKE.n.50.0.dax time -> 356.0
moheft /CYBERSHAKE.n.50.0.dax time -> 157.0
distance from M to C 0.4708461705690035
distance from P to C 0.0
distance from C to M 0.26566102194240687
distance from C to P 1.2843715832557772
toCompare: /CYBERSHAKE.n.50.0.dax sumDataGB: 43151 mulT: 30 mulD: 500 paretoOptTime_MS: 356.0 MoheftOptimizationTime_MS: 157.0 MtoC 0.4708461705690035 PtoC 0.0 CtoM 0.26566102194240687 CtoP 1.2843715832557772
