specify -Dflow d,b,mt,md,size
Running /home/vaggelis/jc/MONTAGE.n.100.0.dax mt 100 md: 5000 size null
   2252976 630.59 || noQ Q (Avg,Max,Min) (10.61, 12.70, 4.21) (0.66, 0.12, 4.44) #fs:   8  -- #Conts: 20 H(20) 
   2258431 567.53 || noQ Q (Avg,Max,Min) (10.60, 12.63, 4.20) (0.73, 0.25, 4.56) #fs:   8  -- #Conts: 18 H(18) 
   2270713 536.00 || noQ Q (Avg,Max,Min) (10.48, 12.63, 4.16) (0.77, 0.25, 4.56) #fs:   8  -- #Conts: 17 H(17) 
   2271714 504.47 || noQ Q (Avg,Max,Min) (10.38, 12.63, 4.16) (0.82, 0.25, 4.56) #fs:   8  -- #Conts: 16 H(16) 
   2272406 472.94 || noQ Q (Avg,Max,Min) (10.45, 12.63, 4.15) (0.88, 0.25, 4.56) #fs:   8  -- #Conts: 15 H(15) 
   2285033 425.65 || noQ Q (Avg,Max,Min) (10.16, 12.59, 4.43) (0.94, 0.13, 4.56) #fs:   7  -- #Conts: 14 H(13)  G(1) 
   2285440 409.88 || noQ Q (Avg,Max,Min) (10.03, 12.59, 4.43) (1.01, 0.37, 4.56) #fs:   8  -- #Conts: 13 H(13) 
   2297232 378.35 || noQ Q (Avg,Max,Min) (9.86, 12.55, 4.40) (1.10, 0.37, 4.69) #fs:   8  -- #Conts: 12 H(12) 
   2309069 346.82 || noQ Q (Avg,Max,Min) (9.67, 12.61, 4.36) (1.20, 0.37, 4.69) #fs:   8  -- #Conts: 11 H(11) 
   2325343 315.29 || noQ Q (Avg,Max,Min) (9.89, 12.59, 4.35) (1.31, 0.50, 4.84) #fs:   7  -- #Conts: 10 H(10) 
   2350106 283.76 || noQ Q (Avg,Max,Min) (9.67, 12.56, 4.91) (1.45, 0.50, 4.81) #fs:   7  -- #Conts: 9 H(9) 
   2379190 252.24 || noQ Q (Avg,Max,Min) (9.34, 12.65, 5.02) (1.65, 0.62, 4.83) #fs:   8  -- #Conts: 8 H(8) 
   2401602 220.71 || noQ Q (Avg,Max,Min) (9.06, 12.53, 4.98) (1.87, 0.74, 5.06) #fs:   8  -- #Conts: 7 H(7) 
   2457537 189.18 || noQ Q (Avg,Max,Min) (9.02, 12.53, 5.42) (2.16, 0.87, 5.08) #fs:   7  -- #Conts: 6 H(6) 
   2529045 157.65 || noQ Q (Avg,Max,Min) (8.82, 12.56, 5.73) (2.57, 1.12, 5.10) #fs:   7  -- #Conts: 5 H(5) 
   2605765 126.12 || noQ Q (Avg,Max,Min) (7.56, 10.46, 6.05) (3.21, 1.51, 5.46) #fs:   8  -- #Conts: 4 H(4) 
   2744344 094.59 || noQ Q (Avg,Max,Min) (7.00, 7.96, 6.25) (4.28, 3.24, 6.07) #fs:   7  -- #Conts: 3 H(3) 
   3174753 078.82 || noQ Q (Avg,Max,Min) (5.86, 7.75, 4.29) (2.69, 1.18, 5.32) #fs:   7  -- #Conts: 5 G(5) 
   3303517 063.06 || noQ Q (Avg,Max,Min) (5.93, 7.77, 4.79) (3.42, 1.58, 5.69) #fs:   6  -- #Conts: 4 G(4) 
   3543236 047.29 || noQ Q (Avg,Max,Min) (5.47, 6.43, 4.77) (4.52, 3.46, 6.33) #fs:   6  -- #Conts: 3 G(3) 
   4207899 046.94 || noQ Q (Avg,Max,Min) (3.17, 4.93, 2.27) (2.42, 1.33, 3.95) #fs:   8  -- #Conts: 7 E(7) 
   4351348 040.24 || noQ Q (Avg,Max,Min) (3.31, 4.87, 2.72) (2.77, 1.71, 4.11) #fs:   7  -- #Conts: 6 E(6) 
   5961359 040.00 || noQ Q (Avg,Max,Min) (2.07, 3.32, 1.69) (1.96, 1.65, 2.75) #fs:  16  -- #Conts: 9 C(9) 
/////////////////size: 23
   3242456 509.41 || noQ Q (Avg,Max,Min) (7.45, 23.43, 1.51) (0.44, 0.13, 2.92) #fs:   7  -- #Conts: 36 H(9)  G(10)  C(17) 
   3244241 504.35 || noQ Q (Avg,Max,Min) (7.22, 23.43, 1.51) (0.43, 0.13, 2.92) #fs:   7  -- #Conts: 37 H(9)  G(9)  E(1)  C(18) 
   3244437 499.29 || noQ Q (Avg,Max,Min) (7.03, 23.43, 1.66) (0.42, 0.13, 2.92) #fs:   7  -- #Conts: 38 H(9)  G(8)  E(2)  C(19) 
   3247081 477.88 || noQ Q (Avg,Max,Min) (6.95, 23.20, 1.51) (0.45, 0.13, 3.29) #fs:   7  -- #Conts: 35 H(8)  G(10)  C(17) 
   3248138 456.35 || noQ Q (Avg,Max,Min) (6.72, 23.43, 1.66) (0.44, 0.13, 2.92) #fs:   7  -- #Conts: 37 H(9)  G(4)  E(5)  C(19) 
   3252763 424.82 || noQ Q (Avg,Max,Min) (6.21, 23.20, 1.66) (0.45, 0.13, 3.43) #fs:   7  -- #Conts: 36 H(8)  G(4)  E(5)  C(19) 
   3267407 393.29 || noQ Q (Avg,Max,Min) (5.58, 23.43, 1.66) (0.46, 0.13, 3.32) #fs:   9  -- #Conts: 35 H(7)  G(4)  E(5)  C(19) 
   3272934 330.24 || noQ Q (Avg,Max,Min) (4.24, 23.17, 1.66) (0.49, 0.15, 3.43) #fs:  10  -- #Conts: 33 H(5)  G(4)  E(5)  C(19) 
   3273877 298.71 || noQ Q (Avg,Max,Min) (3.70, 14.09, 1.66) (0.49, 0.15, 3.43) #fs:  10  -- #Conts: 33 H(3)  G(6)  E(5)  C(19) 
   3275493 259.18 || noQ Q (Avg,Max,Min) (3.47, 13.95, 1.66) (0.53, 0.15, 3.66) #fs:  10  -- #Conts: 30 H(2)  G(6)  E(5)  C(17) 
   3283311 243.41 || noQ Q (Avg,Max,Min) (3.15, 8.11, 1.66) (0.55, 0.15, 3.66) #fs:  10  -- #Conts: 29 H(2)  G(5)  E(5)  C(17) 
   3310175 233.06 || noQ Q (Avg,Max,Min) (4.39, 13.94, 1.83) (0.56, 0.15, 4.02) #fs:   7  -- #Conts: 29 H(1)  G(6)  E(7)  C(15) 
   3313905 226.35 || noQ Q (Avg,Max,Min) (4.42, 13.94, 1.82) (0.58, 0.15, 4.02) #fs:   7  -- #Conts: 28 H(1)  G(6)  E(6)  C(15) 
   3321668 219.65 || noQ Q (Avg,Max,Min) (4.44, 13.95, 1.82) (0.60, 0.15, 4.02) #fs:   7  -- #Conts: 27 H(1)  G(6)  E(5)  C(15) 
   3367672 217.29 || noQ Q (Avg,Max,Min) (3.61, 13.85, 1.83) (0.58, 0.15, 3.90) #fs:   8  -- #Conts: 28 H(1)  G(5)  E(7)  C(15) 
   3370410 201.53 || noQ Q (Avg,Max,Min) (3.71, 13.85, 1.83) (0.60, 0.15, 4.02) #fs:   7  -- #Conts: 27 H(1)  G(4)  E(7)  C(15) 
   3370975 185.76 || noQ Q (Avg,Max,Min) (3.34, 8.44, 1.83) (0.62, 0.15, 4.02) #fs:   7  -- #Conts: 26 H(1)  G(3)  E(7)  C(15) 
   3374705 179.06 || noQ Q (Avg,Max,Min) (3.33, 8.42, 1.82) (0.65, 0.15, 4.02) #fs:   7  -- #Conts: 25 H(1)  G(3)  E(6)  C(15) 
   3382468 172.35 || noQ Q (Avg,Max,Min) (3.30, 8.38, 1.82) (0.67, 0.15, 4.02) #fs:   7  -- #Conts: 24 H(1)  G(3)  E(5)  C(15) 
   3413214 168.29 || noQ Q (Avg,Max,Min) (3.11, 8.49, 1.39) (0.63, 0.15, 4.14) #fs:   8  -- #Conts: 26 H(1)  G(2)  A(1)  E(6)  C(16) 
   3427462 161.59 || noQ Q (Avg,Max,Min) (3.08, 8.42, 1.39) (0.65, 0.15, 4.14) #fs:   8  -- #Conts: 25 H(1)  G(2)  A(1)  E(5)  C(16) 
   3568110 157.71 || noQ Q (Avg,Max,Min) (3.27, 13.85, 1.39) (0.56, 0.18, 6.00) #fs:   6  -- #Conts: 30 G(3)  A(1)  E(2)  C(24) 
   3569715 155.35 || noQ Q (Avg,Max,Min) (3.15, 6.80, 1.39) (0.54, 0.18, 6.00) #fs:   6  -- #Conts: 31 G(2)  A(1)  E(4)  C(24) 
   3574841 154.35 || noQ Q (Avg,Max,Min) (3.21, 6.80, 1.78) (0.55, 0.18, 6.00) #fs:   6  -- #Conts: 30 G(2)  E(4)  C(24) 
   3578193 146.00 || noQ Q (Avg,Max,Min) (3.23, 13.85, 1.77) (0.61, 0.18, 6.13) #fs:   6  -- #Conts: 27 G(3)  E(1)  C(23) 
   3579798 143.65 || noQ Q (Avg,Max,Min) (3.10, 6.74, 1.77) (0.59, 0.18, 6.13) #fs:   6  -- #Conts: 28 G(2)  E(3)  C(23) 
   3580984 129.76 || noQ Q (Avg,Max,Min) (3.41, 8.68, 1.94) (0.86, 0.18, 3.67) #fs:   5  -- #Conts: 19 H(1)  G(2)  E(1)  C(15) 
   3655904 125.71 || noQ Q (Avg,Max,Min) (3.70, 13.85, 1.39) (0.76, 0.18, 3.99) #fs:   6  -- #Conts: 22 G(3)  A(1)  E(2)  C(16) 
   3657509 116.65 || noQ Q (Avg,Max,Min) (3.37, 6.74, 1.39) (0.75, 0.18, 3.99) #fs:   6  -- #Conts: 22 G(2)  A(1)  E(3)  C(16) 
   3660041 115.65 || noQ Q (Avg,Max,Min) (3.48, 6.87, 1.99) (0.78, 0.18, 4.12) #fs:   6  -- #Conts: 21 G(2)  E(3)  C(16) 
   3668159 111.65 || noQ Q (Avg,Max,Min) (3.52, 6.84, 1.99) (0.81, 0.18, 4.12) #fs:   5  -- #Conts: 20 G(2)  E(3)  C(15) 
   3685436 109.94 || noQ Q (Avg,Max,Min) (3.28, 7.16, 1.39) (0.79, 0.18, 4.34) #fs:   5  -- #Conts: 21 G(2)  A(1)  E(2)  C(16) 
   3687968 108.94 || noQ Q (Avg,Max,Min) (3.39, 7.37, 1.99) (0.81, 0.18, 4.47) #fs:   5  -- #Conts: 20 G(2)  E(2)  C(16) 
   3696086 104.94 || noQ Q (Avg,Max,Min) (3.42, 7.34, 1.99) (0.85, 0.18, 4.47) #fs:   4  -- #Conts: 19 G(2)  E(2)  C(15) 
   3703436 103.24 || noQ Q (Avg,Max,Min) (3.05, 6.91, 1.39) (0.82, 0.18, 4.22) #fs:   6  -- #Conts: 20 G(2)  A(1)  E(1)  C(16) 
   3705968 102.24 || noQ Q (Avg,Max,Min) (3.15, 7.11, 1.99) (0.85, 0.18, 4.35) #fs:   6  -- #Conts: 19 G(2)  E(1)  C(16) 
   3754127 096.53 || noQ Q (Avg,Max,Min) (2.87, 6.95, 1.39) (0.87, 0.18, 4.34) #fs:   6  -- #Conts: 19 G(2)  A(1)  C(16) 
   3756659 095.53 || noQ Q (Avg,Max,Min) (2.97, 7.14, 1.74) (0.90, 0.18, 4.47) #fs:   6  -- #Conts: 18 G(2)  C(16) 
   3764777 091.53 || noQ Q (Avg,Max,Min) (2.98, 7.12, 1.73) (0.94, 0.18, 4.47) #fs:   5  -- #Conts: 17 G(2)  C(15) 
   3807228 091.24 || noQ Q (Avg,Max,Min) (3.17, 7.19, 1.39) (0.94, 0.18, 4.60) #fs:   5  -- #Conts: 17 G(2)  A(1)  E(1)  C(13) 
   3812348 090.24 || noQ Q (Avg,Max,Min) (3.29, 7.18, 1.95) (0.99, 0.18, 4.60) #fs:   5  -- #Conts: 16 G(2)  E(1)  C(13) 
   3812566 085.53 || noQ Q (Avg,Max,Min) (2.82, 6.97, 1.39) (0.96, 0.18, 4.48) #fs:   6  -- #Conts: 17 G(2)  A(2)  C(13) 
   3816401 084.53 || noQ Q (Avg,Max,Min) (2.92, 7.16, 1.39) (1.00, 0.18, 4.60) #fs:   6  -- #Conts: 16 G(2)  A(1)  C(13) 
   3821521 083.53 || noQ Q (Avg,Max,Min) (3.02, 7.15, 1.95) (1.06, 0.18, 4.60) #fs:   6  -- #Conts: 15 G(2)  C(13) 
   3826401 079.53 || noQ Q (Avg,Max,Min) (3.04, 7.13, 1.94) (1.12, 0.18, 4.60) #fs:   5  -- #Conts: 14 G(2)  C(12) 
   3871900 076.53 || noQ Q (Avg,Max,Min) (2.94, 7.00, 1.39) (1.14, 0.36, 4.61) #fs:   6  -- #Conts: 14 G(2)  A(1)  C(11) 
   3876025 075.53 || noQ Q (Avg,Max,Min) (3.06, 7.23, 1.91) (1.20, 0.36, 4.77) #fs:   6  -- #Conts: 13 G(2)  C(11) 
   3912170 072.53 || noQ Q (Avg,Max,Min) (2.97, 7.07, 1.39) (1.23, 0.36, 4.73) #fs:   6  -- #Conts: 13 G(2)  A(1)  C(10) 
   3915549 071.53 || noQ Q (Avg,Max,Min) (3.09, 7.06, 1.88) (1.31, 0.36, 4.73) #fs:   6  -- #Conts: 12 G(2)  C(10) 
   3921083 069.53 || noQ Q (Avg,Max,Min) (2.84, 7.05, 1.39) (1.23, 0.36, 4.74) #fs:   6  -- #Conts: 13 G(2)  A(2)  C(9) 
   3932178 068.53 || noQ Q (Avg,Max,Min) (2.97, 7.26, 1.39) (1.30, 0.36, 4.90) #fs:   5  -- #Conts: 12 G(2)  A(1)  C(9) 
   3949069 067.53 || noQ Q (Avg,Max,Min) (3.10, 7.16, 1.86) (1.39, 0.36, 4.87) #fs:   5  -- #Conts: 11 G(2)  C(9) 
   3978309 064.53 || noQ Q (Avg,Max,Min) (2.97, 7.07, 1.39) (1.41, 0.40, 4.86) #fs:   6  -- #Conts: 11 G(2)  A(1)  C(8) 
   3988413 063.53 || noQ Q (Avg,Max,Min) (3.15, 7.04, 1.86) (1.53, 0.54, 4.86) #fs:   6  -- #Conts: 10 G(2)  C(8) 
   3993650 061.53 || noQ Q (Avg,Max,Min) (2.88, 7.03, 1.39) (1.44, 0.40, 4.87) #fs:   6  -- #Conts: 11 G(2)  A(2)  C(7) 
   3995243 060.53 || noQ Q (Avg,Max,Min) (3.04, 7.26, 1.39) (1.56, 0.40, 5.03) #fs:   6  -- #Conts: 10 G(2)  A(1)  C(7) 
   4009245 059.53 || noQ Q (Avg,Max,Min) (3.22, 7.18, 1.84) (1.69, 0.54, 5.00) #fs:   5  -- #Conts: 9 G(2)  C(7) 
   4049852 058.53 || noQ Q (Avg,Max,Min) (2.80, 7.06, 1.39) (1.45, 0.40, 5.00) #fs:   6  -- #Conts: 11 G(2)  A(3)  C(6) 
   4058737 057.53 || noQ Q (Avg,Max,Min) (2.94, 7.04, 1.39) (1.57, 0.40, 5.00) #fs:   6  -- #Conts: 10 G(2)  A(2)  C(6) 
   4061269 056.53 || noQ Q (Avg,Max,Min) (3.13, 7.21, 1.39) (1.72, 0.41, 5.13) #fs:   6  -- #Conts: 9 G(2)  A(1)  C(6) 
   4117221 054.53 || noQ Q (Avg,Max,Min) (2.79, 7.28, 1.39) (1.55, 0.40, 5.29) #fs:   5  -- #Conts: 10 G(2)  A(3)  C(5) 
   4312533 053.47 || noQ Q (Avg,Max,Min) (2.47, 5.00, 1.39) (1.38, 0.40, 4.29) #fs:   8  -- #Conts: 12 G(1)  A(3)  E(1)  C(7) 
   4322799 052.47 || noQ Q (Avg,Max,Min) (2.55, 4.98, 1.39) (1.45, 0.40, 3.96) #fs:   8  -- #Conts: 11 G(1)  A(2)  E(1)  C(7) 
   4326126 051.47 || noQ Q (Avg,Max,Min) (2.67, 4.97, 1.40) (1.57, 0.40, 3.96) #fs:   8  -- #Conts: 10 G(1)  A(1)  E(1)  C(7) 
   4368190 050.47 || noQ Q (Avg,Max,Min) (2.78, 4.90, 1.92) (1.70, 0.72, 3.98) #fs:   7  -- #Conts: 9 G(1)  E(1)  C(7) 
   4406431 049.47 || noQ Q (Avg,Max,Min) (2.44, 4.83, 1.39) (1.48, 0.40, 4.20) #fs:   8  -- #Conts: 11 G(1)  A(3)  E(1)  C(6) 
   4411606 048.47 || noQ Q (Avg,Max,Min) (2.56, 5.01, 1.39) (1.60, 0.41, 4.20) #fs:   8  -- #Conts: 10 G(1)  A(2)  E(1)  C(6) 
   4430217 047.47 || noQ Q (Avg,Max,Min) (2.27, 4.98, 1.39) (1.37, 0.40, 4.22) #fs:   7  -- #Conts: 12 G(1)  A(5)  E(1)  C(5) 
   4462858 046.47 || noQ Q (Avg,Max,Min) (2.36, 4.93, 1.39) (1.48, 0.40, 4.22) #fs:   8  -- #Conts: 11 G(1)  A(4)  E(1)  C(5) 
   4468857 045.47 || noQ Q (Avg,Max,Min) (2.49, 4.91, 1.39) (1.60, 0.40, 4.22) #fs:   8  -- #Conts: 10 G(1)  A(3)  E(1)  C(5) 
   4490452 044.47 || noQ Q (Avg,Max,Min) (2.59, 4.88, 1.39) (1.74, 0.41, 4.24) #fs:   7  -- #Conts: 9 G(1)  A(2)  E(1)  C(5) 
   4550193 043.47 || noQ Q (Avg,Max,Min) (2.75, 4.96, 1.39) (1.95, 0.41, 4.46) #fs:   8  -- #Conts: 8 G(1)  A(1)  E(1)  C(5) 
   4559513 042.47 || noQ Q (Avg,Max,Min) (2.96, 4.95, 2.01) (2.18, 0.90, 4.35) #fs:   8  -- #Conts: 7 G(1)  E(1)  C(5) 
   4614104 041.47 || noQ Q (Avg,Max,Min) (2.44, 4.86, 1.38) (1.75, 0.41, 4.50) #fs:   7  -- #Conts: 9 G(1)  A(3)  E(1)  C(4) 
   4642346 040.47 || noQ Q (Avg,Max,Min) (2.52, 4.82, 1.38) (1.89, 0.40, 4.17) #fs:   8  -- #Conts: 8 G(1)  A(2)  E(1)  C(4) 
   4675553 039.47 || noQ Q (Avg,Max,Min) (2.65, 4.77, 1.38) (2.10, 0.41, 4.18) #fs:   7  -- #Conts: 7 G(1)  A(1)  E(1)  C(4) 
   4696677 038.47 || noQ Q (Avg,Max,Min) (2.43, 5.21, 1.39) (1.75, 0.40, 4.52) #fs:   7  -- #Conts: 9 G(1)  A(4)  E(1)  C(3) 
   4735621 037.47 || noQ Q (Avg,Max,Min) (2.56, 5.44, 1.39) (1.94, 0.40, 4.77) #fs:   6  -- #Conts: 8 G(1)  A(3)  E(1)  C(3) 
   5031272 036.47 || noQ Q (Avg,Max,Min) (2.67, 4.97, 1.39) (2.20, 0.40, 4.77) #fs:   6  -- #Conts: 7 G(1)  A(2)  E(1)  C(3) 
   5042824 035.47 || noQ Q (Avg,Max,Min) (2.91, 4.96, 1.39) (2.53, 0.40, 4.77) #fs:   7  -- #Conts: 6 G(1)  A(1)  E(1)  C(3) 
   5058939 034.47 || noQ Q (Avg,Max,Min) (3.21, 5.09, 2.04) (2.96, 1.55, 4.92) #fs:   7  -- #Conts: 5 G(1)  E(1)  C(3) 
   7757398 033.47 || noQ Q (Avg,Max,Min) (2.73, 4.14, 1.39) (2.36, 0.40, 4.09) #fs:   5  -- #Conts: 6 G(1)  A(2)  E(1)  C(2) 
   7835559 032.47 || noQ Q (Avg,Max,Min) (3.00, 4.14, 2.06) (2.80, 1.80, 4.09) #fs:   5  -- #Conts: 5 G(1)  A(1)  E(1)  C(2) 
   8312959 031.47 || noQ Q (Avg,Max,Min) (3.60, 4.86, 2.21) (3.15, 1.85, 4.42) #fs:   4  -- #Conts: 5 G(1)  A(1)  E(1)  C(2) 
  10468060 030.47 || noQ Q (Avg,Max,Min) (2.74, 4.05, 1.74) (2.59, 1.54, 4.00) #fs:   4  -- #Conts: 6 G(1)  A(3)  E(1)  C(1) 
/////////////////size: 85
nodes 100 edges 234
 mulT: 100 mulD: 5000  sumData GB 9242
pareto /MONTAGE.n.100.0.dax time -> 9531.0
moheft /MONTAGE.n.100.0.dax time -> 4253.0
distance from M to C 10.105034802255274
distance from P to C 0.07944871901283417
distance from C to M 3.093590151786839
distance from C to P 1.5763198830826781
toCompare: /MONTAGE.n.100.0.dax sumDataGB: 9242 mulT: 100 mulD: 5000 paretoOptTime_MS: 9531.0 MoheftOptimizationTime_MS: 4253.0 MtoC 10.105034802255274 PtoC 0.07944871901283417 CtoM 3.093590151786839 CtoP 1.5763198830826781
