specify -Dflow d,b,mt,md,size
Running /home/vaggelis/jc/SIPHT.n.50.0.dax mt 10 md: 500 size null
   1402053 157.65 || noQ Q (Avg,Max,Min) (0.85, 1.00, 0.75) (0.24, 0.12, 0.30) #fs:   9  -- #Conts: 5 H(5) 
   1402413 126.12 || noQ Q (Avg,Max,Min) (0.84, 0.92, 0.75) (0.29, 0.25, 0.33) #fs:   7  -- #Conts: 4 H(4) 
   1739914 094.59 || noQ Q (Avg,Max,Min) (0.84, 1.01, 0.60) (0.41, 0.29, 0.49) #fs:   6  -- #Conts: 3 H(3) 
   1925072 078.82 || noQ Q (Avg,Max,Min) (0.87, 0.91, 0.83) (0.46, 0.44, 0.49) #fs:   4  -- #Conts: 3 H(2)  G(1) 
   2097738 063.06 || noQ Q (Avg,Max,Min) (1.04, 1.05, 1.04) (0.61, 0.61, 0.61) #fs:   3  -- #Conts: 2 H(2) 
   2952595 047.29 || noQ Q (Avg,Max,Min) (0.80, 0.96, 0.57) (0.65, 0.46, 0.79) #fs:   6  -- #Conts: 3 G(3) 
   3548726 031.53 || noQ Q (Avg,Max,Min) (0.99, 1.01, 0.98) (0.98, 0.96, 1.00) #fs:   3  -- #Conts: 2 G(2) 
/////////////////size: 7
   1444774 110.35 || noQ Q (Avg,Max,Min) (1.00, 1.10, 0.93) (0.32, 0.18, 0.44) #fs:   3  -- #Conts: 4 H(3)  G(1) 
   1530765 094.59 || noQ Q (Avg,Max,Min) (0.92, 1.13, 0.68) (0.39, 0.29, 0.48) #fs:   4  -- #Conts: 3 H(3) 
   1789224 078.82 || noQ Q (Avg,Max,Min) (1.01, 1.17, 0.83) (0.43, 0.30, 0.58) #fs:   3  -- #Conts: 3 H(2)  G(1) 
   2501496 054.00 || noQ Q (Avg,Max,Min) (1.01, 1.08, 0.91) (0.54, 0.30, 0.71) #fs:   3  -- #Conts: 4 G(3)  E(1) 
   2633431 047.29 || noQ Q (Avg,Max,Min) (0.98, 1.11, 0.91) (0.64, 0.58, 0.67) #fs:   4  -- #Conts: 3 G(3) 
   3308834 031.53 || noQ Q (Avg,Max,Min) (1.04, 1.05, 1.02) (0.95, 0.94, 0.97) #fs:   1  -- #Conts: 2 G(2) 
   6422727 030.47 || noQ Q (Avg,Max,Min) (1.02, 1.04, 1.00) (0.91, 0.80, 1.02) #fs:   1  -- #Conts: 4 G(1)  E(1)  C(2) 
   6835020 029.18 || noQ Q (Avg,Max,Min) (1.03, 1.04, 1.02) (1.00, 0.97, 1.02) #fs:   1  -- #Conts: 2 G(1)  E(1) 
/////////////////size: 8
nodes 48 edges 56
 mulT: 10 mulD: 500  sumData GB 674
pareto /SIPHT.n.50.0.dax time -> 845.0
moheft /SIPHT.n.50.0.dax time -> 92.0
distance from M to C 0.0
distance from P to C 0.0
distance from C to M 0.3629233401499292
distance from C to P 0.5281221219587162
toCompare: /SIPHT.n.50.0.dax sumDataGB: 674 mulT: 10 mulD: 500 paretoOptTime_MS: 845.0 MoheftOptimizationTime_MS: 92.0 MtoC 0.0 PtoC 0.0 CtoM 0.3629233401499292 CtoP 0.5281221219587162
