specify -Dflow d,b,mt,md,size
Running /home/vaggelis/jc/MONTAGE.n.50.0.dax mt 50 md: 10000 size null
    864352 031.53 || noQ Q (Avg,Max,Min) (31.20, 31.20, 10.00) (7.49, 7.49, 7.49) #fs:   0  -- #Conts: 1 H(1) 
   1481339 015.76 || noQ Q (Avg,Max,Min) (18.62, 18.62, 10.00) (7.66, 7.66, 7.66) #fs:   0  -- #Conts: 1 G(1) 
   3104263 013.41 || noQ Q (Avg,Max,Min) (10.53, 11.70, 9.36) (4.54, 1.00, 8.07) #fs:   0  -- #Conts: 2 E(2) 
   3340866 006.71 || noQ Q (Avg,Max,Min) (8.81, 8.81, 8.81) (8.18, 8.18, 8.18) #fs:   0  -- #Conts: 1 E(1) 
/////////////////size: 4
   1464363 047.29 || noQ Q (Avg,Max,Min) (27.72, 45.17, 10.00) (3.83, 3.53, 4.13) #fs:   2  -- #Conts: 2 H(1)  G(1) 
   1481339 015.76 || noQ Q (Avg,Max,Min) (18.62, 18.62, 10.00) (7.66, 7.66, 7.66) #fs:   0  -- #Conts: 1 G(1) 
   3063017 014.71 || noQ Q (Avg,Max,Min) (8.38, 9.48, 7.82) (3.12, 0.26, 8.06) #fs:   1  -- #Conts: 3 E(1)  C(2) 
   3083147 010.71 || noQ Q (Avg,Max,Min) (8.63, 9.44, 7.81) (4.56, 1.04, 8.09) #fs:   0  -- #Conts: 2 E(1)  C(1) 
   3220551 008.71 || noQ Q (Avg,Max,Min) (4.73, 9.09, 2.54) (2.96, 0.37, 8.14) #fs:   0  -- #Conts: 3 A(2)  E(1) 
   3288724 007.71 || noQ Q (Avg,Max,Min) (5.73, 8.93, 2.54) (4.27, 0.37, 8.16) #fs:   0  -- #Conts: 2 A(1)  E(1) 
   3340866 006.71 || noQ Q (Avg,Max,Min) (8.81, 8.81, 8.81) (8.18, 8.18, 8.18) #fs:   0  -- #Conts: 1 E(1) 
/////////////////size: 7
nodes 50 edges 108
 mulT: 50 mulD: 10000  sumData GB 9378
pareto /MONTAGE.n.50.0.dax time -> 488.0
moheft /MONTAGE.n.50.0.dax time -> 118.0
distance from M to C 0.14285714285714285
distance from P to C 0.24999999999999997
distance from C to M 0.0
distance from C to P 0.3764947693186191
toCompare: /MONTAGE.n.50.0.dax sumDataGB: 9378 mulT: 50 mulD: 10000 paretoOptTime_MS: 488.0 MoheftOptimizationTime_MS: 118.0 MtoC 0.14285714285714285 PtoC 0.24999999999999997 CtoM 0.0 CtoP 0.3764947693186191
