specify -Dflow d,b,mt,md,size
Running /home/vaggelis/jc/LIGO.n.50.0.dax mt 10 md: 20000 size null
    922627 346.82 || noQ Q (Avg,Max,Min) (1.24, 1.56, 0.84) (0.20, 0.07, 0.32) #fs:   9  -- #Conts: 12 H(10)  G(2) 
    931741 331.06 || noQ Q (Avg,Max,Min) (1.23, 1.56, 0.86) (0.21, 0.07, 0.32) #fs:   8  -- #Conts: 11 H(10)  G(1) 
   1022236 315.29 || noQ Q (Avg,Max,Min) (1.21, 1.56, 0.86) (0.22, 0.07, 0.32) #fs:   9  -- #Conts: 10 H(10) 
   1030736 268.00 || noQ Q (Avg,Max,Min) (1.22, 1.56, 0.91) (0.26, 0.08, 0.35) #fs:   9  -- #Conts: 9 H(8)  G(1) 
   1035674 252.24 || noQ Q (Avg,Max,Min) (1.22, 1.54, 0.91) (0.26, 0.08, 0.35) #fs:  10  -- #Conts: 9 H(7)  G(2) 
   1039087 236.47 || noQ Q (Avg,Max,Min) (1.21, 1.56, 0.90) (0.29, 0.21, 0.35) #fs:   9  -- #Conts: 8 H(7)  G(1) 
   1043915 220.71 || noQ Q (Avg,Max,Min) (1.21, 1.54, 0.90) (0.29, 0.25, 0.35) #fs:  10  -- #Conts: 8 H(6)  G(2) 
   1150350 204.94 || noQ Q (Avg,Max,Min) (1.24, 1.54, 0.99) (0.31, 0.25, 0.36) #fs:   9  -- #Conts: 8 H(5)  G(3) 
   1258697 189.18 || noQ Q (Avg,Max,Min) (1.41, 1.63, 1.10) (0.34, 0.12, 0.49) #fs:   5  -- #Conts: 7 H(5)  G(2) 
   1353671 157.65 || noQ Q (Avg,Max,Min) (1.53, 1.63, 1.45) (0.46, 0.30, 0.54) #fs:   5  -- #Conts: 5 H(5) 
   1425696 126.12 || noQ Q (Avg,Max,Min) (1.54, 1.61, 1.46) (0.56, 0.53, 0.64) #fs:   4  -- #Conts: 4 H(4) 
   1679784 110.35 || noQ Q (Avg,Max,Min) (1.24, 1.37, 1.10) (0.46, 0.34, 0.57) #fs:   8  -- #Conts: 7 G(7) 
   1720957 094.59 || noQ Q (Avg,Max,Min) (1.74, 1.83, 1.68) (0.78, 0.71, 0.82) #fs:   3  -- #Conts: 3 H(3) 
   2042962 078.82 || noQ Q (Avg,Max,Min) (1.31, 1.57, 1.15) (0.64, 0.51, 0.70) #fs:   5  -- #Conts: 5 G(5) 
   2329583 063.06 || noQ Q (Avg,Max,Min) (1.46, 1.61, 1.32) (0.85, 0.70, 0.97) #fs:   4  -- #Conts: 4 G(4) 
   2823922 047.29 || noQ Q (Avg,Max,Min) (1.49, 1.63, 1.42) (1.11, 1.06, 1.16) #fs:   2  -- #Conts: 3 G(3) 
   3218225 046.94 || noQ Q (Avg,Max,Min) (1.15, 1.35, 0.99) (0.85, 0.72, 1.10) #fs:   8  -- #Conts: 7 E(7) 
   3716234 040.24 || noQ Q (Avg,Max,Min) (1.06, 1.34, 0.81) (0.99, 0.74, 1.22) #fs:   6  -- #Conts: 6 E(6) 
/////////////////size: 18
   1927148 094.59 || noQ Q (Avg,Max,Min) (1.53, 1.86, 1.03) (0.78, 0.49, 0.99) #fs:   4  -- #Conts: 3 H(3) 
   2775480 078.82 || noQ Q (Avg,Max,Min) (1.37, 1.61, 0.87) (0.76, 0.32, 1.21) #fs:   6  -- #Conts: 4 H(1)  G(3) 
   3079010 047.29 || noQ Q (Avg,Max,Min) (1.39, 1.50, 1.28) (1.06, 0.85, 1.24) #fs:   3  -- #Conts: 3 G(3) 
   3488901 045.94 || noQ Q (Avg,Max,Min) (0.98, 1.45, 0.48) (0.78, 0.27, 1.37) #fs:   6  -- #Conts: 5 G(2)  A(1)  E(2) 
   3997834 043.24 || noQ Q (Avg,Max,Min) (1.00, 1.68, 0.41) (0.81, 0.26, 1.67) #fs:   5  -- #Conts: 5 G(2)  A(1)  E(1)  C(1) 
   5145966 040.53 || noQ Q (Avg,Max,Min) (1.10, 1.54, 0.38) (0.85, 0.24, 1.50) #fs:   3  -- #Conts: 5 G(2)  A(1)  C(2) 
   6270922 039.53 || noQ Q (Avg,Max,Min) (1.31, 1.61, 1.05) (1.01, 0.21, 1.57) #fs:   2  -- #Conts: 4 G(2)  C(2) 
   6684571 037.53 || noQ Q (Avg,Max,Min) (1.17, 1.54, 0.61) (1.09, 0.57, 1.50) #fs:   4  -- #Conts: 4 G(2)  A(1)  C(1) 
   6695756 036.53 || noQ Q (Avg,Max,Min) (1.29, 1.61, 1.02) (1.17, 0.78, 1.57) #fs:   2  -- #Conts: 4 G(2)  A(1)  C(1) 
   6955172 035.53 || noQ Q (Avg,Max,Min) (1.38, 1.61, 1.06) (1.34, 1.02, 1.57) #fs:   2  -- #Conts: 3 G(2)  C(1) 
/////////////////size: 10
nodes 50 edges 60
 mulT: 10 mulD: 20000  sumData GB 28958
pareto /LIGO.n.50.0.dax time -> 917.0
moheft /LIGO.n.50.0.dax time -> 158.0
distance from M to C 0.0
distance from P to C 0.0
distance from C to M 2.8801508279537167
distance from C to P 0.6868517072465542
toCompare: /LIGO.n.50.0.dax sumDataGB: 28958 mulT: 10 mulD: 20000 paretoOptTime_MS: 917.0 MoheftOptimizationTime_MS: 158.0 MtoC 0.0 PtoC 0.0 CtoM 2.8801508279537167 CtoP 0.6868517072465542
