specify -Dflow d,b,mt,md,size
Running /home/vaggelis/jc/CYBERSHAKE.n.50.0.dax mt 100 md: 5000 size null
   2277127 094.59 || noQ Q (Avg,Max,Min) (7.05, 11.19, 1.30) (4.19, 0.00, 7.07) #fs:   1  -- #Conts: 3 H(3) 
   2280869 063.06 || noQ Q (Avg,Max,Min) (9.92, 11.17, 8.66) (6.28, 5.48, 7.08) #fs:   1  -- #Conts: 2 H(2) 
   4055484 047.29 || noQ Q (Avg,Max,Min) (6.39, 7.47, 5.31) (5.23, 2.99, 7.46) #fs:   0  -- #Conts: 2 G(2) 
   8801612 046.94 || noQ Q (Avg,Max,Min) (2.56, 3.61, 1.08) (1.79, 0.00, 2.94) #fs:   1  -- #Conts: 3 E(3) 
   8809513 040.24 || noQ Q (Avg,Max,Min) (3.29, 3.60, 2.98) (2.69, 2.43, 2.94) #fs:   1  -- #Conts: 2 E(2) 
   9146382 035.88 || noQ Q (Avg,Max,Min) (5.19, 7.47, 2.91) (4.96, 2.46, 7.46) #fs:   0  -- #Conts: 2 G(1)  E(1) 
  15804399 035.76 || noQ Q (Avg,Max,Min) (4.79, 7.47, 2.10) (4.66, 1.85, 7.46) #fs:   0  -- #Conts: 2 G(1)  C(1) 
/////////////////size: 7
   3607529 091.53 || noQ Q (Avg,Max,Min) (2.81, 7.47, 0.76) (1.80, 0.00, 7.46) #fs:   3  -- #Conts: 6 H(1)  G(1)  A(2)  E(1)  C(1) 
   3608288 089.53 || noQ Q (Avg,Max,Min) (2.35, 7.47, 0.16) (1.56, 0.00, 7.46) #fs:   7  -- #Conts: 7 H(1)  G(1)  A(4)  E(1) 
   3608666 082.82 || noQ Q (Avg,Max,Min) (2.54, 7.47, 0.16) (1.82, 0.02, 7.46) #fs:   6  -- #Conts: 6 H(1)  G(1)  A(4) 
   3609312 069.76 || noQ Q (Avg,Max,Min) (4.77, 7.45, 1.26) (3.08, 0.00, 5.51) #fs:   3  -- #Conts: 3 H(1)  G(1)  E(1) 
   3609479 067.06 || noQ Q (Avg,Max,Min) (4.74, 7.45, 1.15) (3.08, 0.00, 5.51) #fs:   3  -- #Conts: 3 H(1)  G(1)  C(1) 
   3611269 063.06 || noQ Q (Avg,Max,Min) (6.53, 7.44, 5.62) (4.62, 3.73, 5.51) #fs:   3  -- #Conts: 2 H(1)  G(1) 
   3623878 058.00 || noQ Q (Avg,Max,Min) (3.82, 7.47, 1.05) (3.24, 0.00, 7.46) #fs:   3  -- #Conts: 4 H(1)  G(1)  E(1)  C(1) 
   3628304 054.00 || noQ Q (Avg,Max,Min) (4.72, 7.47, 1.09) (4.33, 0.01, 7.46) #fs:   3  -- #Conts: 3 H(1)  G(1)  E(1) 
   3639932 052.29 || noQ Q (Avg,Max,Min) (3.79, 7.47, 1.03) (3.25, 0.01, 7.46) #fs:   3  -- #Conts: 4 H(1)  G(1)  A(1)  C(1) 
   3647588 051.29 || noQ Q (Avg,Max,Min) (4.71, 7.47, 1.05) (4.33, 0.01, 7.46) #fs:   3  -- #Conts: 3 H(1)  G(1)  C(1) 
   3770823 049.29 || noQ Q (Avg,Max,Min) (3.78, 7.47, 1.01) (3.26, 0.01, 7.46) #fs:   3  -- #Conts: 4 H(1)  G(1)  A(2) 
   3804812 048.29 || noQ Q (Avg,Max,Min) (4.70, 7.47, 1.01) (4.34, 0.06, 7.46) #fs:   3  -- #Conts: 3 H(1)  G(1)  A(1) 
  48171850 047.24 || noQ Q (Avg,Max,Min) (20.19, 57.74, 1.01) (9.19, 0.04, 19.68) #fs:   2  -- #Conts: 6 H(1)  A(3)  E(1)  C(1) 
  48254146 046.24 || noQ Q (Avg,Max,Min) (19.31, 54.18, 1.01) (9.51, 0.07, 19.71) #fs:   1  -- #Conts: 6 H(1)  A(3)  E(1)  C(1) 
  48273709 045.24 || noQ Q (Avg,Max,Min) (22.71, 53.40, 5.87) (11.40, 5.83, 19.72) #fs:   2  -- #Conts: 5 H(1)  A(2)  E(1)  C(1) 
  48700624 044.24 || noQ Q (Avg,Max,Min) (17.97, 67.23, 1.01) (10.80, 0.07, 32.79) #fs:   1  -- #Conts: 5 H(1)  A(3)  E(1) 
  48729789 043.24 || noQ Q (Avg,Max,Min) (18.13, 66.15, 1.01) (11.00, 0.09, 32.80) #fs:   1  -- #Conts: 5 H(1)  A(3)  E(1) 
  48841826 042.24 || noQ Q (Avg,Max,Min) (17.48, 62.30, 1.01) (11.39, 0.12, 32.83) #fs:   0  -- #Conts: 5 H(1)  A(3)  E(1) 
  48899246 041.24 || noQ Q (Avg,Max,Min) (21.14, 60.50, 5.87) (14.21, 5.83, 32.85) #fs:   0  -- #Conts: 4 H(1)  A(2)  E(1) 
  49360554 040.24 || noQ Q (Avg,Max,Min) (20.09, 56.36, 5.85) (15.45, 5.84, 37.82) #fs:   0  -- #Conts: 4 H(1)  A(2)  E(1) 
  49701712 039.53 || noQ Q (Avg,Max,Min) (13.65, 34.75, 5.87) (11.56, 5.83, 26.61) #fs:   1  -- #Conts: 5 H(1)  A(3)  C(1) 
  49900256 039.47 || noQ Q (Avg,Max,Min) (17.13, 34.05, 0.47) (13.30, 0.06, 24.96) #fs:   1  -- #Conts: 7 G(1)  A(3)  E(1)  C(2) 
  49910957 038.47 || noQ Q (Avg,Max,Min) (19.83, 33.87, 4.98) (15.51, 4.55, 24.97) #fs:   0  -- #Conts: 6 G(1)  A(2)  E(1)  C(2) 
  50090518 037.47 || noQ Q (Avg,Max,Min) (20.10, 39.91, 4.87) (16.55, 4.51, 31.47) #fs:   1  -- #Conts: 6 G(1)  A(2)  E(1)  C(2) 
  50398048 036.47 || noQ Q (Avg,Max,Min) (12.31, 34.26, 5.87) (10.90, 5.79, 29.94) #fs:   5  -- #Conts: 10 G(1)  A(7)  E(1)  C(1) 
  50641604 035.47 || noQ Q (Avg,Max,Min) (13.22, 38.73, 5.93) (12.03, 5.81, 36.47) #fs:   2  -- #Conts: 9 G(1)  A(6)  E(1)  C(1) 
  50965009 034.47 || noQ Q (Avg,Max,Min) (13.52, 36.48, 5.89) (13.49, 5.82, 36.48) #fs:   4  -- #Conts: 8 G(1)  A(5)  E(1)  C(1) 
/////////////////size: 27
nodes 50 edges 92
 mulT: 100 mulD: 5000  sumData GB 431512
pareto /CYBERSHAKE.n.50.0.dax time -> 197.0
moheft /CYBERSHAKE.n.50.0.dax time -> 403.0
distance from M to C 0.8905664974544069
distance from P to C 0.0
distance from C to M 0.9592303460240423
distance from C to P 1.3445369232124442
toCompare: /CYBERSHAKE.n.50.0.dax sumDataGB: 431512 mulT: 100 mulD: 5000 paretoOptTime_MS: 197.0 MoheftOptimizationTime_MS: 403.0 MtoC 0.8905664974544069 PtoC 0.0 CtoM 0.9592303460240423 CtoP 1.3445369232124442
