specify -Dflow d,b,mt,md,size
Running /home/vaggelis/jc/LIGO.n.100.0.dax mt 5000 md: 500 size null
 219936767 30930.35 || noQ Q (Avg,Max,Min) (1.00, 1.00, 0.97) (0.98, 0.87, 1.00) #fs:  10  -- #Conts: 46 H(42)  G(4) 
 224144314 30883.06 || noQ Q (Avg,Max,Min) (1.00, 1.00, 0.97) (0.97, 0.87, 1.00) #fs:  11  -- #Conts: 46 H(41)  G(5) 
 310265494 30504.71 || noQ Q (Avg,Max,Min) (1.00, 1.00, 1.00) (0.98, 0.87, 1.00) #fs:   7  -- #Conts: 40 H(36)  G(4) 
 314061786 30425.88 || noQ Q (Avg,Max,Min) (1.00, 1.00, 0.98) (0.97, 0.87, 1.00) #fs:   8  -- #Conts: 40 H(35)  G(5) 
 315202314 30284.00 || noQ Q (Avg,Max,Min) (1.00, 1.00, 0.97) (0.97, 0.87, 1.00) #fs:   8  -- #Conts: 40 H(34)  G(6) 
 317928808 30189.41 || noQ Q (Avg,Max,Min) (1.00, 1.00, 0.96) (0.97, 0.87, 1.00) #fs:   8  -- #Conts: 40 H(33)  G(7) 
 323843406 30079.06 || noQ Q (Avg,Max,Min) (1.00, 1.00, 1.00) (0.97, 0.87, 1.00) #fs:   8  -- #Conts: 38 H(31)  G(7) 
 327985657 29968.71 || noQ Q (Avg,Max,Min) (1.00, 1.00, 0.98) (0.97, 0.87, 1.00) #fs:   8  -- #Conts: 38 H(30)  G(8) 
 337676366 28218.82 || noQ Q (Avg,Max,Min) (0.99, 1.00, 0.73) (0.98, 0.72, 1.00) #fs:   6  -- #Conts: 43 H(9)  G(34) 
 341058346 28108.47 || noQ Q (Avg,Max,Min) (0.99, 1.00, 0.72) (0.98, 0.71, 1.00) #fs:   5  -- #Conts: 43 H(8)  G(35) 
 343409847 27982.35 || noQ Q (Avg,Max,Min) (0.99, 1.00, 0.71) (0.98, 0.71, 1.00) #fs:   5  -- #Conts: 43 H(7)  G(36) 
 359376151 27872.00 || noQ Q (Avg,Max,Min) (0.99, 1.00, 0.65) (0.98, 0.64, 1.00) #fs:   6  -- #Conts: 43 H(5)  G(38) 
 364472079 27761.65 || noQ Q (Avg,Max,Min) (0.99, 1.00, 0.63) (0.98, 0.63, 1.00) #fs:   5  -- #Conts: 43 H(4)  G(39) 
 366240416 27651.29 || noQ Q (Avg,Max,Min) (0.99, 1.00, 0.62) (0.98, 0.61, 1.00) #fs:   5  -- #Conts: 43 H(3)  G(40) 
 370948783 27556.71 || noQ Q (Avg,Max,Min) (0.99, 1.00, 0.61) (0.98, 0.60, 1.00) #fs:   5  -- #Conts: 43 H(2)  G(41) 
 374400080 27430.59 || noQ Q (Avg,Max,Min) (0.99, 1.00, 0.60) (0.98, 0.59, 1.00) #fs:   6  -- #Conts: 43 H(1)  G(42) 
 377026759 26520.35 || noQ Q (Avg,Max,Min) (1.00, 1.00, 0.98) (0.99, 0.97, 1.00) #fs:   5  -- #Conts: 43 G(38)  E(5) 
 378591917 26504.59 || noQ Q (Avg,Max,Min) (1.00, 1.00, 0.99) (0.99, 0.97, 1.00) #fs:   4  -- #Conts: 43 G(38)  E(5) 
 450929152 26466.24 || noQ Q (Avg,Max,Min) (1.00, 1.00, 0.98) (0.99, 0.97, 1.00) #fs:   3  -- #Conts: 36 G(33)  E(3) 
 452494310 26450.47 || noQ Q (Avg,Max,Min) (1.00, 1.00, 0.99) (0.99, 0.98, 1.00) #fs:   2  -- #Conts: 36 G(33)  E(3) 
 466242431 26448.24 || noQ Q (Avg,Max,Min) (1.00, 1.00, 0.99) (0.99, 0.98, 1.00) #fs:   2  -- #Conts: 35 G(33)  E(2) 
 542674676 26437.41 || noQ Q (Avg,Max,Min) (1.00, 1.00, 0.99) (0.99, 0.99, 1.00) #fs:   2  -- #Conts: 31 G(31) 
 747869122 26369.18 || noQ Q (Avg,Max,Min) (1.00, 1.00, 0.99) (1.00, 0.99, 1.00) #fs:   2  -- #Conts: 26 G(24)  E(2) 
 849895161 25368.35 || noQ Q (Avg,Max,Min) (1.00, 1.00, 1.00) (0.99, 0.84, 1.00) #fs:   4  -- #Conts: 47 E(47) 
 859469876 25341.53 || noQ Q (Avg,Max,Min) (1.00, 1.00, 1.00) (1.00, 0.99, 1.00) #fs:   2  -- #Conts: 42 E(42) 
 936962450 25328.12 || noQ Q (Avg,Max,Min) (1.00, 1.00, 1.00) (1.00, 0.99, 1.00) #fs:   3  -- #Conts: 37 E(37) 
1098297645 25308.00 || noQ Q (Avg,Max,Min) (1.00, 1.00, 1.00) (1.00, 0.99, 1.00) #fs:   1  -- #Conts: 35 E(35) 
1099215096 25301.29 || noQ Q (Avg,Max,Min) (1.00, 1.00, 1.00) (1.00, 0.99, 1.00) #fs:   1  -- #Conts: 32 E(32) 
1149543700 25294.59 || noQ Q (Avg,Max,Min) (1.00, 1.00, 1.00) (1.00, 0.99, 1.00) #fs:   0  -- #Conts: 33 E(33) 
1185199164 25287.88 || noQ Q (Avg,Max,Min) (1.00, 1.00, 1.00) (1.00, 0.99, 1.00) #fs:   0  -- #Conts: 32 E(32) 
1261160963 25281.18 || noQ Q (Avg,Max,Min) (1.00, 1.00, 1.00) (1.00, 0.99, 1.00) #fs:   0  -- #Conts: 31 E(31) 
1358344552 25274.47 || noQ Q (Avg,Max,Min) (1.00, 1.00, 1.00) (1.00, 0.99, 1.00) #fs:   0  -- #Conts: 30 E(30) 
1441509942 25267.76 || noQ Q (Avg,Max,Min) (1.00, 1.00, 1.00) (1.00, 0.99, 1.00) #fs:   0  -- #Conts: 29 E(29) 
4471080814 24963.00 || noQ Q (Avg,Max,Min) (1.00, 1.00, 1.00) (1.00, 0.94, 1.00) #fs:  12  -- #Conts: 48 A(46)  C(2) 
4695478918 24957.00 || noQ Q (Avg,Max,Min) (1.00, 1.00, 1.00) (1.00, 1.00, 1.00) #fs:   2  -- #Conts: 46 A(45)  C(1) 
6840905291 24955.00 || noQ Q (Avg,Max,Min) (1.00, 1.00, 1.00) (1.00, 1.00, 1.00) #fs:   1  -- #Conts: 35 A(34)  C(1) 
8060205019 24954.00 || noQ Q (Avg,Max,Min) (1.00, 1.00, 1.00) (1.00, 1.00, 1.00) #fs:   1  -- #Conts: 34 A(33)  C(1) 
8219555018 24953.00 || noQ Q (Avg,Max,Min) (1.00, 1.00, 1.00) (1.00, 1.00, 1.00) #fs:   1  -- #Conts: 34 A(33)  C(1) 
/////////////////size: 38
 885264855 27772.82 || noQ Q (Avg,Max,Min) (1.00, 1.00, 0.98) (0.99, 0.76, 1.00) #fs:   1  -- #Conts: 44 H(13)  G(18)  E(12)  C(1) 
 886174727 27766.12 || noQ Q (Avg,Max,Min) (1.00, 1.00, 0.98) (0.99, 0.76, 1.00) #fs:   1  -- #Conts: 43 H(13)  G(18)  E(11)  C(1) 
 887625430 27696.24 || noQ Q (Avg,Max,Min) (1.00, 1.00, 0.98) (0.98, 0.76, 1.00) #fs:   2  -- #Conts: 43 H(12)  G(18)  E(12)  C(1) 
 888536727 27689.53 || noQ Q (Avg,Max,Min) (1.00, 1.00, 0.98) (0.99, 0.76, 1.00) #fs:   2  -- #Conts: 42 H(12)  G(18)  E(11)  C(1) 
 916228407 27664.71 || noQ Q (Avg,Max,Min) (1.00, 1.00, 0.98) (0.97, 0.25, 1.00) #fs:   2  -- #Conts: 43 H(12)  G(18)  E(12)  C(1) 
 916876896 27633.18 || noQ Q (Avg,Max,Min) (1.00, 1.00, 0.98) (0.99, 0.76, 1.00) #fs:   2  -- #Conts: 42 H(11)  G(18)  E(12)  C(1) 
 917610907 27552.24 || noQ Q (Avg,Max,Min) (1.00, 1.00, 0.99) (0.98, 0.76, 1.00) #fs:   1  -- #Conts: 41 H(12)  G(18)  E(10)  C(1) 
 920190203 27536.47 || noQ Q (Avg,Max,Min) (1.00, 1.00, 0.94) (0.98, 0.76, 1.00) #fs:   3  -- #Conts: 42 H(12)  G(19)  E(10)  C(1) 
 920837593 27504.94 || noQ Q (Avg,Max,Min) (1.00, 1.00, 0.98) (0.98, 0.76, 1.00) #fs:   2  -- #Conts: 42 H(12)  G(19)  E(10)  C(1) 
 946213884 27426.12 || noQ Q (Avg,Max,Min) (1.00, 1.00, 0.99) (0.95, 0.25, 1.00) #fs:   1  -- #Conts: 42 H(12)  G(19)  E(10)  C(1) 
 946657314 27338.24 || noQ Q (Avg,Max,Min) (1.00, 1.00, 0.99) (0.97, 0.25, 1.00) #fs:   1  -- #Conts: 41 H(10)  G(19)  E(11)  C(1) 
 947300170 27331.53 || noQ Q (Avg,Max,Min) (1.00, 1.00, 0.99) (0.97, 0.25, 1.00) #fs:   1  -- #Conts: 40 H(10)  G(19)  E(10)  C(1) 
 947307634 27306.71 || noQ Q (Avg,Max,Min) (1.00, 1.00, 0.99) (0.98, 0.76, 1.00) #fs:   1  -- #Conts: 40 H(9)  G(19)  E(11)  C(1) 
 948867006 27300.00 || noQ Q (Avg,Max,Min) (1.00, 1.00, 0.99) (0.99, 0.76, 1.00) #fs:   1  -- #Conts: 39 H(9)  G(19)  E(10)  C(1) 
 949228753 27299.88 || noQ Q (Avg,Max,Min) (1.00, 1.00, 0.99) (0.98, 0.76, 1.00) #fs:   1  -- #Conts: 40 H(9)  G(18)  E(12)  C(1) 
 949230863 27293.18 || noQ Q (Avg,Max,Min) (1.00, 1.00, 0.99) (0.99, 0.76, 1.00) #fs:   2  -- #Conts: 39 H(9)  G(18)  E(11)  C(1) 
 951188371 27290.82 || noQ Q (Avg,Max,Min) (1.00, 1.00, 0.99) (0.98, 0.76, 1.00) #fs:   1  -- #Conts: 41 H(9)  G(18)  E(13)  C(1) 
 984678106 27182.94 || noQ Q (Avg,Max,Min) (1.00, 1.00, 1.00) (0.99, 0.76, 1.00) #fs:   1  -- #Conts: 34 H(7)  G(17)  E(9)  C(1) 
 985331181 27167.18 || noQ Q (Avg,Max,Min) (1.00, 1.00, 0.99) (0.97, 0.43, 1.00) #fs:   2  -- #Conts: 35 H(7)  G(18)  E(9)  C(1) 
 985977557 27158.12 || noQ Q (Avg,Max,Min) (1.00, 1.00, 0.99) (0.99, 0.76, 1.00) #fs:   2  -- #Conts: 35 H(7)  G(17)  E(10)  C(1) 
 986890553 27151.41 || noQ Q (Avg,Max,Min) (1.00, 1.00, 0.99) (0.99, 0.76, 1.00) #fs:   2  -- #Conts: 34 H(7)  G(17)  E(9)  C(1) 
 987295953 27149.06 || noQ Q (Avg,Max,Min) (1.00, 1.00, 1.00) (0.99, 0.76, 1.00) #fs:   1  -- #Conts: 36 H(7)  G(17)  E(11)  C(1) 
1017060133 26922.59 || noQ Q (Avg,Max,Min) (1.00, 1.00, 1.00) (0.97, 0.25, 1.00) #fs:   1  -- #Conts: 36 H(8)  G(15)  E(12)  C(1) 
1017708196 26906.82 || noQ Q (Avg,Max,Min) (1.00, 1.00, 1.00) (0.99, 0.86, 1.00) #fs:   1  -- #Conts: 35 H(7)  G(15)  E(12)  C(1) 
1019667141 26897.76 || noQ Q (Avg,Max,Min) (1.00, 1.00, 1.00) (0.99, 0.86, 1.00) #fs:   1  -- #Conts: 36 H(7)  G(15)  E(13)  C(1) 
1029832176 26866.24 || noQ Q (Avg,Max,Min) (1.00, 1.00, 1.00) (0.97, 0.25, 1.00) #fs:   1  -- #Conts: 37 H(7)  G(16)  E(13)  C(1) 
1030480665 26834.71 || noQ Q (Avg,Max,Min) (1.00, 1.00, 1.00) (0.99, 0.86, 1.00) #fs:   1  -- #Conts: 36 H(6)  G(16)  E(13)  C(1) 
1032043872 26828.00 || noQ Q (Avg,Max,Min) (1.00, 1.00, 1.00) (0.99, 0.86, 1.00) #fs:   1  -- #Conts: 35 H(6)  G(16)  E(12)  C(1) 
1088336904 26825.65 || noQ Q (Avg,Max,Min) (1.00, 1.00, 1.00) (0.99, 0.86, 1.00) #fs:   1  -- #Conts: 36 H(6)  G(15)  E(14)  C(1) 
1113148037 26784.12 || noQ Q (Avg,Max,Min) (1.00, 1.00, 1.00) (0.97, 0.25, 1.00) #fs:   2  -- #Conts: 34 H(6)  G(16)  E(11)  C(1) 
1113796526 26752.59 || noQ Q (Avg,Max,Min) (1.00, 1.00, 1.00) (0.99, 0.95, 1.00) #fs:   2  -- #Conts: 33 H(5)  G(16)  E(11)  C(1) 
1115501742 26739.06 || noQ Q (Avg,Max,Min) (1.00, 1.00, 1.00) (0.99, 0.95, 1.00) #fs:   3  -- #Conts: 35 H(5)  G(17)  E(12)  C(1) 
1118124538 26734.59 || noQ Q (Avg,Max,Min) (1.00, 1.00, 0.96) (0.99, 0.95, 1.00) #fs:   3  -- #Conts: 34 H(5)  G(16)  E(12)  C(1) 
1118528348 26725.53 || noQ Q (Avg,Max,Min) (1.00, 1.00, 1.00) (0.99, 0.95, 1.00) #fs:   2  -- #Conts: 34 H(5)  G(16)  E(12)  C(1) 
1120950624 26621.18 || noQ Q (Avg,Max,Min) (1.00, 1.00, 1.00) (0.99, 0.92, 1.00) #fs:   2  -- #Conts: 38 H(5)  G(15)  A(1)  E(16)  C(1) 
1121601109 26605.41 || noQ Q (Avg,Max,Min) (1.00, 1.00, 1.00) (0.98, 0.43, 1.00) #fs:   2  -- #Conts: 39 H(5)  G(16)  A(1)  E(16)  C(1) 
1123558617 26596.35 || noQ Q (Avg,Max,Min) (1.00, 1.00, 1.00) (0.99, 0.92, 1.00) #fs:   2  -- #Conts: 39 H(5)  G(15)  A(1)  E(17)  C(1) 
1153854621 26558.12 || noQ Q (Avg,Max,Min) (1.00, 1.00, 1.00) (0.97, 0.25, 1.00) #fs:   2  -- #Conts: 39 H(5)  G(16)  A(1)  E(16)  C(1) 
1154497913 26551.41 || noQ Q (Avg,Max,Min) (1.00, 1.00, 1.00) (0.97, 0.25, 1.00) #fs:   2  -- #Conts: 38 H(5)  G(16)  A(1)  E(15)  C(1) 
1154505377 26526.59 || noQ Q (Avg,Max,Min) (1.00, 1.00, 1.00) (0.99, 0.92, 1.00) #fs:   2  -- #Conts: 38 H(4)  G(16)  A(1)  E(16)  C(1) 
1156064749 26519.88 || noQ Q (Avg,Max,Min) (1.00, 1.00, 1.00) (0.99, 0.92, 1.00) #fs:   2  -- #Conts: 37 H(4)  G(16)  A(1)  E(15)  C(1) 
1181120402 26472.35 || noQ Q (Avg,Max,Min) (1.00, 1.00, 1.00) (0.97, 0.25, 1.00) #fs:   1  -- #Conts: 38 H(5)  G(14)  A(1)  E(17)  C(1) 
1181768497 26456.59 || noQ Q (Avg,Max,Min) (1.00, 1.00, 1.00) (0.99, 0.90, 1.00) #fs:   1  -- #Conts: 37 H(4)  G(14)  A(1)  E(17)  C(1) 
1183727410 26447.53 || noQ Q (Avg,Max,Min) (1.00, 1.00, 1.00) (0.99, 0.90, 1.00) #fs:   1  -- #Conts: 38 H(4)  G(14)  A(1)  E(18)  C(1) 
1188251740 26409.29 || noQ Q (Avg,Max,Min) (1.00, 1.00, 1.00) (0.97, 0.25, 1.00) #fs:   1  -- #Conts: 38 H(4)  G(15)  A(1)  E(17)  C(1) 
1188895032 26402.59 || noQ Q (Avg,Max,Min) (1.00, 1.00, 1.00) (0.97, 0.25, 1.00) #fs:   1  -- #Conts: 37 H(4)  G(15)  A(1)  E(16)  C(1) 
1188902496 26377.76 || noQ Q (Avg,Max,Min) (1.00, 1.00, 1.00) (0.99, 0.90, 1.00) #fs:   1  -- #Conts: 37 H(3)  G(15)  A(1)  E(17)  C(1) 
1190461868 26371.06 || noQ Q (Avg,Max,Min) (1.00, 1.00, 1.00) (0.99, 0.90, 1.00) #fs:   1  -- #Conts: 36 H(3)  G(15)  A(1)  E(16)  C(1) 
1301347608 26314.71 || noQ Q (Avg,Max,Min) (1.00, 1.00, 1.00) (0.97, 0.25, 1.00) #fs:   1  -- #Conts: 36 H(3)  G(15)  A(1)  E(16)  C(1) 
1301990900 26308.00 || noQ Q (Avg,Max,Min) (1.00, 1.00, 1.00) (0.97, 0.25, 1.00) #fs:   1  -- #Conts: 35 H(3)  G(15)  A(1)  E(15)  C(1) 
1301998364 26283.18 || noQ Q (Avg,Max,Min) (1.00, 1.00, 1.00) (0.99, 0.90, 1.00) #fs:   1  -- #Conts: 35 H(2)  G(15)  A(1)  E(16)  C(1) 
1483559359 26240.00 || noQ Q (Avg,Max,Min) (1.00, 1.00, 0.98) (0.99, 0.89, 1.00) #fs:   3  -- #Conts: 34 H(4)  G(13)  E(16)  C(1) 
1511442834 26102.59 || noQ Q (Avg,Max,Min) (1.00, 1.00, 0.98) (0.96, 0.25, 1.00) #fs:   3  -- #Conts: 34 H(3)  G(13)  E(17)  C(1) 
1512092978 26086.82 || noQ Q (Avg,Max,Min) (1.00, 1.00, 0.98) (0.98, 0.89, 1.00) #fs:   3  -- #Conts: 33 H(2)  G(13)  E(17)  C(1) 
1513652350 26080.12 || noQ Q (Avg,Max,Min) (1.00, 1.00, 0.98) (0.98, 0.89, 1.00) #fs:   3  -- #Conts: 33 H(2)  G(13)  E(17)  C(1) 
1514059516 26077.76 || noQ Q (Avg,Max,Min) (1.00, 1.00, 0.98) (0.98, 0.89, 1.00) #fs:   3  -- #Conts: 34 H(2)  G(13)  E(18)  C(1) 
1552215980 26076.94 || noQ Q (Avg,Max,Min) (1.00, 1.00, 0.98) (0.99, 0.89, 1.00) #fs:   3  -- #Conts: 32 H(2)  G(12)  E(17)  C(1) 
1553775352 26070.24 || noQ Q (Avg,Max,Min) (1.00, 1.00, 0.98) (0.99, 0.89, 1.00) #fs:   3  -- #Conts: 32 H(2)  G(12)  E(17)  C(1) 
1554182518 26067.88 || noQ Q (Avg,Max,Min) (1.00, 1.00, 0.98) (0.99, 0.89, 1.00) #fs:   3  -- #Conts: 33 H(2)  G(12)  E(18)  C(1) 
1629723864 26065.06 || noQ Q (Avg,Max,Min) (1.00, 1.00, 0.98) (0.99, 0.89, 1.00) #fs:   3  -- #Conts: 36 H(2)  G(13)  E(20)  C(1) 
1631682383 26056.00 || noQ Q (Avg,Max,Min) (1.00, 1.00, 0.98) (0.99, 0.89, 1.00) #fs:   3  -- #Conts: 37 H(2)  G(13)  E(21)  C(1) 
1652023219 26044.82 || noQ Q (Avg,Max,Min) (1.00, 1.00, 0.98) (0.99, 0.89, 1.00) #fs:   3  -- #Conts: 35 H(2)  G(13)  E(19)  C(1) 
1664380074 26033.65 || noQ Q (Avg,Max,Min) (1.00, 1.00, 0.98) (0.97, 0.43, 1.00) #fs:   3  -- #Conts: 35 H(2)  G(13)  E(19)  C(1) 
1666336571 26024.59 || noQ Q (Avg,Max,Min) (1.00, 1.00, 0.98) (0.99, 0.89, 1.00) #fs:   3  -- #Conts: 34 H(2)  G(12)  E(19)  C(1) 
1683578047 26003.65 || noQ Q (Avg,Max,Min) (1.00, 1.00, 1.00) (0.98, 0.76, 1.00) #fs:   1  -- #Conts: 29 H(1)  G(13)  E(14)  C(1) 
1685141254 25996.94 || noQ Q (Avg,Max,Min) (1.00, 1.00, 1.00) (0.98, 0.76, 1.00) #fs:   1  -- #Conts: 28 H(1)  G(13)  E(13)  C(1) 
1709208164 25994.59 || noQ Q (Avg,Max,Min) (1.00, 1.00, 1.00) (0.98, 0.76, 1.00) #fs:   1  -- #Conts: 28 H(1)  G(13)  E(13)  C(1) 
1737811141 25963.06 || noQ Q (Avg,Max,Min) (1.00, 1.00, 1.00) (0.95, 0.25, 1.00) #fs:   1  -- #Conts: 28 H(1)  G(13)  E(13)  C(1) 
1738459630 25931.53 || noQ Q (Avg,Max,Min) (1.00, 1.00, 1.00) (0.98, 0.76, 1.00) #fs:   1  -- #Conts: 27 G(13)  E(13)  C(1) 
1754975216 25922.47 || noQ Q (Avg,Max,Min) (1.00, 1.00, 1.00) (0.98, 0.76, 1.00) #fs:   1  -- #Conts: 28 G(13)  E(14)  C(1) 
1756843874 25918.00 || noQ Q (Avg,Max,Min) (1.00, 1.00, 1.00) (0.97, 0.76, 1.00) #fs:   1  -- #Conts: 27 G(12)  E(14)  C(1) 
1758403246 25911.29 || noQ Q (Avg,Max,Min) (1.00, 1.00, 1.00) (0.97, 0.76, 1.00) #fs:   1  -- #Conts: 27 G(12)  E(14)  C(1) 
1758810236 25908.94 || noQ Q (Avg,Max,Min) (1.00, 1.00, 1.00) (0.97, 0.76, 1.00) #fs:   1  -- #Conts: 28 G(12)  E(15)  C(1) 
1816557248 25879.41 || noQ Q (Avg,Max,Min) (1.00, 1.00, 1.00) (0.96, 0.25, 1.00) #fs:   3  -- #Conts: 28 H(1)  G(11)  A(1)  E(14)  C(1) 
1817205737 25863.65 || noQ Q (Avg,Max,Min) (1.00, 1.00, 1.00) (0.99, 0.92, 1.00) #fs:   3  -- #Conts: 27 G(11)  A(1)  E(14)  C(1) 
1819164256 25854.59 || noQ Q (Avg,Max,Min) (1.00, 1.00, 1.00) (0.99, 0.92, 1.00) #fs:   3  -- #Conts: 28 G(11)  A(1)  E(15)  C(1) 
1822819489 25845.53 || noQ Q (Avg,Max,Min) (1.00, 1.00, 1.00) (0.99, 0.92, 1.00) #fs:   3  -- #Conts: 29 G(11)  A(1)  E(16)  C(1) 
1827730694 25820.00 || noQ Q (Avg,Max,Min) (1.00, 1.00, 1.00) (0.97, 0.25, 1.00) #fs:   3  -- #Conts: 29 H(1)  G(10)  A(1)  E(16)  C(1) 
1828380838 25804.24 || noQ Q (Avg,Max,Min) (1.00, 1.00, 1.00) (0.99, 0.92, 1.00) #fs:   3  -- #Conts: 27 G(10)  A(1)  E(15)  C(1) 
1829940210 25797.53 || noQ Q (Avg,Max,Min) (1.00, 1.00, 1.00) (0.99, 0.92, 1.00) #fs:   3  -- #Conts: 27 G(10)  A(1)  E(15)  C(1) 
1830347376 25795.18 || noQ Q (Avg,Max,Min) (1.00, 1.00, 1.00) (0.99, 0.92, 1.00) #fs:   3  -- #Conts: 29 G(10)  A(1)  E(17)  C(1) 
1919588970 25790.59 || noQ Q (Avg,Max,Min) (1.00, 1.00, 1.00) (0.97, 0.44, 1.00) #fs:   3  -- #Conts: 29 G(11)  A(1)  E(16)  C(1) 
1921148342 25783.88 || noQ Q (Avg,Max,Min) (1.00, 1.00, 1.00) (0.99, 0.87, 1.00) #fs:   3  -- #Conts: 29 G(11)  A(1)  E(16)  C(1) 
1921552152 25781.53 || noQ Q (Avg,Max,Min) (1.00, 1.00, 1.00) (0.99, 0.92, 1.00) #fs:   3  -- #Conts: 28 G(10)  A(1)  E(16)  C(1) 
1928910702 25692.00 || noQ Q (Avg,Max,Min) (1.00, 1.00, 1.00) (0.96, 0.25, 1.00) #fs:   3  -- #Conts: 28 H(1)  G(8)  A(1)  E(17)  C(1) 
1929558765 25660.47 || noQ Q (Avg,Max,Min) (1.00, 1.00, 1.00) (0.99, 0.92, 1.00) #fs:   3  -- #Conts: 27 G(8)  A(1)  E(17)  C(1) 
2099122441 25649.88 || noQ Q (Avg,Max,Min) (1.00, 1.00, 1.00) (0.99, 0.92, 1.00) #fs:   2  -- #Conts: 30 H(1)  G(9)  A(1)  E(18)  C(1) 
2117662434 25602.59 || noQ Q (Avg,Max,Min) (1.00, 1.00, 1.00) (0.96, 0.25, 1.00) #fs:   2  -- #Conts: 30 H(1)  G(9)  A(1)  E(18)  C(1) 
2118275956 25580.12 || noQ Q (Avg,Max,Min) (1.00, 1.00, 1.00) (0.96, 0.25, 1.00) #fs:   2  -- #Conts: 27 H(1)  G(7)  A(1)  E(17)  C(1) 
2118310923 25571.06 || noQ Q (Avg,Max,Min) (1.00, 1.00, 1.00) (0.99, 0.92, 1.00) #fs:   2  -- #Conts: 29 G(9)  A(1)  E(18)  C(1) 
2118926100 25564.35 || noQ Q (Avg,Max,Min) (1.00, 1.00, 1.00) (0.99, 0.92, 1.00) #fs:   2  -- #Conts: 26 G(7)  A(1)  E(17)  C(1) 
2120167080 25555.29 || noQ Q (Avg,Max,Min) (1.00, 1.00, 1.00) (0.99, 0.92, 1.00) #fs:   2  -- #Conts: 27 G(7)  A(1)  E(18)  C(1) 
2120485472 25548.59 || noQ Q (Avg,Max,Min) (1.00, 1.00, 1.00) (0.99, 0.92, 1.00) #fs:   2  -- #Conts: 26 G(7)  A(1)  E(17)  C(1) 
2120892638 25546.24 || noQ Q (Avg,Max,Min) (1.00, 1.00, 1.00) (0.99, 0.92, 1.00) #fs:   2  -- #Conts: 28 G(7)  A(1)  E(19)  C(1) 
2187662615 25535.06 || noQ Q (Avg,Max,Min) (1.00, 1.00, 1.00) (0.99, 0.92, 1.00) #fs:   2  -- #Conts: 26 G(7)  A(1)  E(17)  C(1) 
2206471546 25530.59 || noQ Q (Avg,Max,Min) (1.00, 1.00, 1.00) (0.99, 0.92, 1.00) #fs:   2  -- #Conts: 27 G(7)  A(1)  E(18)  C(1) 
2211391921 25526.12 || noQ Q (Avg,Max,Min) (1.00, 1.00, 1.00) (0.99, 0.92, 1.00) #fs:   2  -- #Conts: 29 G(7)  A(1)  E(20)  C(1) 
2264849641 25522.00 || noQ Q (Avg,Max,Min) (1.00, 1.00, 1.00) (0.96, 0.25, 1.00) #fs:   2  -- #Conts: 27 H(1)  G(6)  A(1)  E(18)  C(1) 
2265497031 25490.47 || noQ Q (Avg,Max,Min) (1.00, 1.00, 1.00) (0.99, 0.95, 1.00) #fs:   2  -- #Conts: 26 G(6)  A(1)  E(18)  C(1) 
2338853121 25475.41 || noQ Q (Avg,Max,Min) (1.00, 1.00, 1.00) (0.99, 0.97, 1.00) #fs:   1  -- #Conts: 25 G(5)  A(1)  E(18)  C(1) 
2340416487 25468.71 || noQ Q (Avg,Max,Min) (1.00, 1.00, 1.00) (0.99, 0.97, 1.00) #fs:   1  -- #Conts: 25 G(5)  A(1)  E(18)  C(1) 
2365897119 25456.35 || noQ Q (Avg,Max,Min) (1.00, 1.00, 1.00) (0.99, 0.95, 1.00) #fs:   1  -- #Conts: 25 H(1)  G(4)  A(1)  E(18)  C(1) 
2366808416 25449.65 || noQ Q (Avg,Max,Min) (1.00, 1.00, 1.00) (0.99, 0.97, 1.00) #fs:   1  -- #Conts: 25 H(1)  G(4)  A(1)  E(18)  C(1) 
2376367809 25344.82 || noQ Q (Avg,Max,Min) (1.00, 1.00, 1.00) (0.96, 0.25, 1.00) #fs:   1  -- #Conts: 24 H(1)  G(2)  A(1)  E(19)  C(1) 
2377019719 25329.06 || noQ Q (Avg,Max,Min) (1.00, 1.00, 1.00) (0.97, 0.44, 1.00) #fs:   1  -- #Conts: 24 G(3)  A(1)  E(19)  C(1) 
2378579091 25322.35 || noQ Q (Avg,Max,Min) (1.00, 1.00, 1.00) (0.99, 0.87, 1.00) #fs:   1  -- #Conts: 23 G(3)  A(1)  E(18)  C(1) 
2378983337 25320.00 || noQ Q (Avg,Max,Min) (1.00, 1.00, 1.00) (0.99, 0.95, 1.00) #fs:   1  -- #Conts: 23 G(2)  A(1)  E(19)  C(1) 
2788154721 25312.35 || noQ Q (Avg,Max,Min) (1.00, 1.00, 1.00) (0.95, 0.25, 1.00) #fs:   1  -- #Conts: 20 H(1)  G(1)  E(17)  C(1) 
2788806631 25296.59 || noQ Q (Avg,Max,Min) (1.00, 1.00, 1.00) (0.96, 0.44, 1.00) #fs:   1  -- #Conts: 20 G(2)  E(17)  C(1) 
2790366003 25289.88 || noQ Q (Avg,Max,Min) (1.00, 1.00, 1.00) (0.98, 0.87, 1.00) #fs:   1  -- #Conts: 20 G(2)  E(17)  C(1) 
2790769813 25287.53 || noQ Q (Avg,Max,Min) (1.00, 1.00, 1.00) (0.98, 0.88, 1.00) #fs:   1  -- #Conts: 19 G(1)  E(17)  C(1) 
2897016220 25287.06 || noQ Q (Avg,Max,Min) (1.00, 1.00, 1.00) (0.95, 0.25, 1.00) #fs:   1  -- #Conts: 18 H(1)  A(1)  E(15)  C(1) 
2897668130 25271.29 || noQ Q (Avg,Max,Min) (1.00, 1.00, 1.00) (0.96, 0.44, 1.00) #fs:   1  -- #Conts: 18 A(1)  G(1)  E(15)  C(1) 
2899184832 25264.59 || noQ Q (Avg,Max,Min) (1.00, 1.00, 1.00) (0.96, 0.44, 1.00) #fs:   1  -- #Conts: 18 A(1)  G(1)  E(15)  C(1) 
2899631312 25262.24 || noQ Q (Avg,Max,Min) (1.00, 1.00, 1.00) (0.99, 0.94, 1.00) #fs:   1  -- #Conts: 17 A(1)  E(15)  C(1) 
2900744204 25257.88 || noQ Q (Avg,Max,Min) (1.00, 1.00, 1.00) (0.98, 0.87, 1.00) #fs:   1  -- #Conts: 17 A(1)  G(1)  E(14)  C(1) 
2901147838 25255.53 || noQ Q (Avg,Max,Min) (1.00, 1.00, 1.00) (0.99, 0.94, 1.00) #fs:   1  -- #Conts: 17 A(1)  E(15)  C(1) 
3167639794 25255.12 || noQ Q (Avg,Max,Min) (1.00, 1.00, 1.00) (0.96, 0.25, 1.00) #fs:   2  -- #Conts: 30 H(1)  A(4)  G(4)  E(20)  C(1) 
3168289294 25239.35 || noQ Q (Avg,Max,Min) (1.00, 1.00, 1.00) (0.97, 0.43, 1.00) #fs:   2  -- #Conts: 30 A(4)  G(5)  E(20)  C(1) 
3170245817 25230.29 || noQ Q (Avg,Max,Min) (1.00, 1.00, 1.00) (0.99, 0.92, 1.00) #fs:   2  -- #Conts: 29 A(4)  G(4)  E(20)  C(1) 
3297275416 24293.76 || noQ Q (Avg,Max,Min) (1.00, 1.00, 1.00) (0.98, 0.88, 1.00) #fs:   0  -- #Conts: 36 H(2)  G(4)  A(10)  E(19)  C(1) 
3297927026 24278.00 || noQ Q (Avg,Max,Min) (1.00, 1.00, 1.00) (0.97, 0.43, 1.00) #fs:   0  -- #Conts: 37 H(2)  G(5)  A(10)  E(19)  C(1) 
3299884534 24268.94 || noQ Q (Avg,Max,Min) (1.00, 1.00, 1.00) (0.98, 0.88, 1.00) #fs:   0  -- #Conts: 37 H(2)  G(4)  A(10)  E(20)  C(1) 
3318792992 24237.41 || noQ Q (Avg,Max,Min) (1.00, 1.00, 1.00) (0.96, 0.25, 1.00) #fs:   0  -- #Conts: 37 H(2)  G(4)  A(10)  E(20)  C(1) 
3319441481 24205.88 || noQ Q (Avg,Max,Min) (1.00, 1.00, 1.00) (0.98, 0.88, 1.00) #fs:   0  -- #Conts: 36 H(1)  G(4)  A(10)  E(20)  C(1) 
3321004688 24199.18 || noQ Q (Avg,Max,Min) (1.00, 1.00, 1.00) (0.99, 0.88, 1.00) #fs:   0  -- #Conts: 35 H(1)  G(4)  A(10)  E(19)  C(1) 
3338700148 23578.12 || noQ Q (Avg,Max,Min) (1.00, 1.00, 1.00) (0.98, 0.87, 1.00) #fs:   0  -- #Conts: 36 H(1)  G(1)  A(14)  E(19)  C(1) 
3339353212 23562.35 || noQ Q (Avg,Max,Min) (1.00, 1.00, 1.00) (0.97, 0.44, 1.00) #fs:   0  -- #Conts: 37 H(1)  G(2)  A(14)  E(19)  C(1) 
3340912584 23555.65 || noQ Q (Avg,Max,Min) (1.00, 1.00, 1.00) (0.98, 0.87, 1.00) #fs:   0  -- #Conts: 36 H(1)  G(2)  A(14)  E(18)  C(1) 
3341317984 23553.29 || noQ Q (Avg,Max,Min) (1.00, 1.00, 1.00) (0.98, 0.87, 1.00) #fs:   0  -- #Conts: 37 H(1)  G(1)  A(14)  E(20)  C(1) 
3378653129 23458.82 || noQ Q (Avg,Max,Min) (1.00, 1.00, 1.00) (0.96, 0.25, 1.00) #fs:   0  -- #Conts: 33 H(1)  A(14)  E(17)  C(1) 
3379302629 23443.06 || noQ Q (Avg,Max,Min) (1.00, 1.00, 1.00) (0.97, 0.43, 1.00) #fs:   0  -- #Conts: 33 A(14)  G(1)  E(17)  C(1) 
3381260137 23434.00 || noQ Q (Avg,Max,Min) (1.00, 1.00, 1.00) (0.98, 0.88, 1.00) #fs:   0  -- #Conts: 33 A(14)  E(18)  C(1) 
4332765308 23327.06 || noQ Q (Avg,Max,Min) (1.00, 1.00, 1.00) (0.95, 0.25, 1.00) #fs:   1  -- #Conts: 34 H(1)  A(15)  G(2)  E(15)  C(1) 
4333414808 23311.29 || noQ Q (Avg,Max,Min) (1.00, 1.00, 1.00) (0.96, 0.43, 1.00) #fs:   1  -- #Conts: 34 A(15)  G(3)  E(15)  C(1) 
4335372316 23302.24 || noQ Q (Avg,Max,Min) (1.00, 1.00, 1.00) (0.97, 0.77, 1.00) #fs:   1  -- #Conts: 34 A(15)  G(2)  E(16)  C(1) 
4476963014 23295.35 || noQ Q (Avg,Max,Min) (1.00, 1.00, 1.00) (0.98, 0.88, 1.00) #fs:   0  -- #Conts: 36 A(17)  G(2)  E(16)  C(1) 
4478522386 23288.65 || noQ Q (Avg,Max,Min) (1.00, 1.00, 1.00) (0.98, 0.88, 1.00) #fs:   0  -- #Conts: 35 A(17)  G(2)  E(15)  C(1) 
4609498690 23273.12 || noQ Q (Avg,Max,Min) (1.00, 1.00, 1.00) (0.98, 0.87, 1.00) #fs:   0  -- #Conts: 33 A(17)  G(1)  E(14)  C(1) 
4611058062 23266.41 || noQ Q (Avg,Max,Min) (1.00, 1.00, 1.00) (0.98, 0.87, 1.00) #fs:   0  -- #Conts: 32 A(17)  G(1)  E(13)  C(1) 
4648761012 23258.41 || noQ Q (Avg,Max,Min) (1.00, 1.00, 1.00) (0.96, 0.25, 1.00) #fs:   0  -- #Conts: 35 H(1)  A(17)  E(16)  C(1) 
4649412922 23242.65 || noQ Q (Avg,Max,Min) (1.00, 1.00, 1.00) (0.96, 0.44, 1.00) #fs:   0  -- #Conts: 35 A(17)  G(1)  E(16)  C(1) 
4650972294 23235.94 || noQ Q (Avg,Max,Min) (1.00, 1.00, 1.00) (0.97, 0.87, 1.00) #fs:   0  -- #Conts: 34 A(17)  G(1)  E(15)  C(1) 
4651376540 23233.59 || noQ Q (Avg,Max,Min) (1.00, 1.00, 1.00) (0.98, 0.87, 1.00) #fs:   0  -- #Conts: 34 A(17)  E(16)  C(1) 
6555859854 23226.59 || noQ Q (Avg,Max,Min) (1.00, 1.00, 1.00) (0.98, 0.87, 1.00) #fs:   0  -- #Conts: 31 A(16)  E(14)  C(1) 
/////////////////size: 145
nodes 100 edges 123
 mulT: 5000 mulD: 500  sumData GB 1428
pareto /LIGO.n.100.0.dax time -> 5294.0
moheft /LIGO.n.100.0.dax time -> 4394.0
distance from M to C 244.7877918873068
distance from P to C 786.0464396737651
distance from C to M 389.6772431748074
distance from C to P 548.4336755090621
toCompare: /LIGO.n.100.0.dax sumDataGB: 1428 mulT: 5000 mulD: 500 paretoOptTime_MS: 5294.0 MoheftOptimizationTime_MS: 4394.0 MtoC 244.7877918873068 PtoC 786.0464396737651 CtoM 389.6772431748074 CtoP 548.4336755090621
