specify -Dflow d,b,mt,md,size
Running /home/vaggelis/jc/CYBERSHAKE.n.50.0.dax mt 1 md: 1000 size null
     22980 063.06 || noQ Q (Avg,Max,Min) (179.09, 205.33, 10.00) (1.14, 0.98, 1.30) #fs:   1  -- #Conts: 2 H(2) 
     37530 047.29 || noQ Q (Avg,Max,Min) (110.69, 125.08, 10.00) (1.14, 0.98, 1.30) #fs:   1  -- #Conts: 2 H(1)  G(1) 
     39216 031.53 || noQ Q (Avg,Max,Min) (105.11, 120.24, 10.00) (1.14, 0.98, 1.30) #fs:   1  -- #Conts: 2 G(2) 
     76575 015.76 || noQ Q (Avg,Max,Min) (107.35, 107.35, 10.00) (2.28, 2.28, 2.28) #fs:   0  -- #Conts: 1 G(1) 
     88149 013.41 || noQ Q (Avg,Max,Min) (47.22, 53.86, 10.00) (1.16, 0.99, 1.32) #fs:   1  -- #Conts: 2 E(2) 
    146197 010.71 || noQ Q (Avg,Max,Min) (29.13, 32.85, 10.00) (1.16, 0.99, 1.33) #fs:   1  -- #Conts: 2 E(1)  C(1) 
    152150 008.00 || noQ Q (Avg,Max,Min) (27.76, 31.58, 10.00) (1.17, 1.01, 1.33) #fs:   1  -- #Conts: 2 C(2) 
    172670 006.71 || noQ Q (Avg,Max,Min) (48.16, 48.16, 10.00) (2.31, 2.31, 2.31) #fs:   0  -- #Conts: 1 E(1) 
    298344 004.00 || noQ Q (Avg,Max,Min) (28.30, 28.30, 10.00) (2.35, 2.35, 2.35) #fs:   0  -- #Conts: 1 C(1) 
    674473 003.00 || noQ Q (Avg,Max,Min) (5.08, 7.87, 1.21) (0.88, 0.00, 1.47) #fs:   1  -- #Conts: 3 A(3) 
    675361 002.00 || noQ Q (Avg,Max,Min) (7.02, 7.86, 6.17) (1.32, 1.16, 1.47) #fs:   1  -- #Conts: 2 A(2) 
   1322980 001.00 || noQ Q (Avg,Max,Min) (7.16, 7.16, 7.16) (2.63, 2.63, 2.63) #fs:   0  -- #Conts: 1 A(1) 
/////////////////size: 12
     36250 047.29 || noQ Q (Avg,Max,Min) (113.39, 129.40, 10.00) (1.14, 0.98, 1.30) #fs:   4  -- #Conts: 2 H(1)  G(1) 
     43819 039.53 || noQ Q (Avg,Max,Min) (32.07, 186.85, 0.21) (0.38, 0.00, 2.27) #fs:   1  -- #Conts: 6 H(1)  A(4)  C(1) 
     43864 035.53 || noQ Q (Avg,Max,Min) (38.09, 186.66, 0.21) (0.46, 0.00, 2.27) #fs:   1  -- #Conts: 5 H(1)  A(4) 
     44044 034.53 || noQ Q (Avg,Max,Min) (47.12, 185.90, 0.21) (0.57, 0.00, 2.27) #fs:   1  -- #Conts: 4 H(1)  A(3) 
     44177 033.53 || noQ Q (Avg,Max,Min) (62.56, 185.35, 1.16) (0.76, 0.00, 2.27) #fs:   0  -- #Conts: 3 H(1)  A(2) 
     44350 032.53 || noQ Q (Avg,Max,Min) (92.89, 184.63, 1.16) (1.14, 0.00, 2.27) #fs:   0  -- #Conts: 2 H(1)  A(1) 
     44692 031.53 || noQ Q (Avg,Max,Min) (183.22, 183.22, 10.00) (2.27, 2.27, 2.27) #fs:   0  -- #Conts: 1 H(1) 
     75081 028.47 || noQ Q (Avg,Max,Min) (22.78, 109.47, 0.14) (0.46, 0.00, 2.28) #fs:   1  -- #Conts: 5 G(1)  A(2)  E(1)  C(1) 
     75087 021.76 || noQ Q (Avg,Max,Min) (28.17, 109.46, 0.14) (0.57, 0.00, 2.28) #fs:   1  -- #Conts: 4 G(1)  A(2)  C(1) 
     75164 018.76 || noQ Q (Avg,Max,Min) (28.26, 109.35, 1.18) (0.57, 0.00, 2.28) #fs:   0  -- #Conts: 4 G(1)  A(3) 
     75345 017.76 || noQ Q (Avg,Max,Min) (37.17, 109.09, 1.18) (0.76, 0.00, 2.28) #fs:   0  -- #Conts: 3 G(1)  A(2) 
     75565 016.76 || noQ Q (Avg,Max,Min) (54.97, 108.77, 1.17) (1.14, 0.01, 2.28) #fs:   0  -- #Conts: 2 G(1)  A(1) 
     76575 015.76 || noQ Q (Avg,Max,Min) (107.35, 107.35, 10.00) (2.28, 2.28, 2.28) #fs:   0  -- #Conts: 1 G(1) 
    140719 010.71 || noQ Q (Avg,Max,Min) (29.78, 34.08, 10.00) (1.16, 1.00, 1.33) #fs:   4  -- #Conts: 2 E(1)  C(1) 
    169329 008.71 || noQ Q (Avg,Max,Min) (16.56, 49.09, 0.20) (0.77, 0.00, 2.31) #fs:   4  -- #Conts: 3 A(2)  E(1) 
    170806 007.71 || noQ Q (Avg,Max,Min) (24.55, 48.68, 0.42) (1.16, 0.00, 2.31) #fs:   2  -- #Conts: 2 A(1)  E(1) 
    172670 006.71 || noQ Q (Avg,Max,Min) (48.16, 48.16, 10.00) (2.31, 2.31, 2.31) #fs:   0  -- #Conts: 1 E(1) 
    292576 006.00 || noQ Q (Avg,Max,Min) (9.73, 28.84, 0.08) (0.78, 0.00, 2.34) #fs:   7  -- #Conts: 3 A(2)  C(1) 
    294504 005.00 || noQ Q (Avg,Max,Min) (14.47, 28.65, 0.29) (1.17, 0.01, 2.34) #fs:   4  -- #Conts: 2 A(1)  C(1) 
    298344 004.00 || noQ Q (Avg,Max,Min) (28.30, 28.30, 10.00) (2.35, 2.35, 2.35) #fs:   0  -- #Conts: 1 C(1) 
    674513 002.00 || noQ Q (Avg,Max,Min) (7.02, 7.87, 6.17) (1.32, 1.16, 1.47) #fs:   2  -- #Conts: 2 A(2) 
   1322980 001.00 || noQ Q (Avg,Max,Min) (7.16, 7.16, 7.16) (2.63, 2.63, 2.63) #fs:   0  -- #Conts: 1 A(1) 
/////////////////size: 22
nodes 50 edges 92
 mulT: 1 mulD: 1000  sumData GB 86302
pareto /CYBERSHAKE.n.50.0.dax time -> 209.0
moheft /CYBERSHAKE.n.50.0.dax time -> 166.0
distance from M to C 0.5056818181818188
distance from P to C 0.0
distance from C to M 0.18502439755405703
distance from C to P 0.5112019262137372
toCompare: /CYBERSHAKE.n.50.0.dax sumDataGB: 86302 mulT: 1 mulD: 1000 paretoOptTime_MS: 209.0 MoheftOptimizationTime_MS: 166.0 MtoC 0.5056818181818188 PtoC 0.0 CtoM 0.18502439755405703 CtoP 0.5112019262137372
