specify -Dflow d,b,mt,md,size
Running /home/vaggelis/jc/LIGO.n.100.0.dax mt 100 md: 20000 size null
   4890921 1292.71 || noQ Q (Avg,Max,Min) (0.84, 1.10, 0.45) (0.57, 0.32, 0.96) #fs:  34  -- #Conts: 28 H(28) 
   5209128 993.18 || noQ Q (Avg,Max,Min) (0.99, 1.22, 0.73) (0.72, 0.51, 0.97) #fs:  23  -- #Conts: 25 H(24)  G(1) 
   6373360 977.41 || noQ Q (Avg,Max,Min) (0.96, 1.25, 0.72) (0.73, 0.57, 1.00) #fs:  24  -- #Conts: 22 H(22) 
   6600715 945.88 || noQ Q (Avg,Max,Min) (0.96, 1.18, 0.72) (0.74, 0.58, 1.08) #fs:  23  -- #Conts: 19 H(19) 
   6660836 898.59 || noQ Q (Avg,Max,Min) (0.97, 1.18, 0.73) (0.78, 0.51, 1.09) #fs:  24  -- #Conts: 18 H(17)  G(1) 
   6930364 867.06 || noQ Q (Avg,Max,Min) (0.95, 1.18, 0.73) (0.80, 0.51, 1.07) #fs:  24  -- #Conts: 18 H(17)  G(1) 
   7249735 851.29 || noQ Q (Avg,Max,Min) (0.93, 1.18, 0.72) (0.81, 0.51, 1.07) #fs:  23  -- #Conts: 18 H(18) 
   7494540 819.76 || noQ Q (Avg,Max,Min) (0.93, 1.18, 0.72) (0.83, 0.51, 1.07) #fs:  23  -- #Conts: 18 H(18) 
  10027460 781.18 || noQ Q (Avg,Max,Min) (0.87, 1.07, 0.54) (0.74, 0.45, 1.00) #fs:  26  -- #Conts: 24 G(22)  E(2) 
  10363804 769.76 || noQ Q (Avg,Max,Min) (0.88, 1.07, 0.54) (0.75, 0.45, 1.00) #fs:  26  -- #Conts: 24 G(21)  E(3) 
  10440855 738.24 || noQ Q (Avg,Max,Min) (0.88, 1.05, 0.68) (0.78, 0.61, 1.02) #fs:  27  -- #Conts: 22 G(19)  E(3) 
  10496373 733.88 || noQ Q (Avg,Max,Min) (0.87, 1.07, 0.68) (0.79, 0.61, 1.06) #fs:  27  -- #Conts: 22 G(20)  E(2) 
  10523533 722.47 || noQ Q (Avg,Max,Min) (0.89, 1.07, 0.72) (0.80, 0.64, 1.06) #fs:  27  -- #Conts: 22 G(19)  E(3) 
  10772233 718.12 || noQ Q (Avg,Max,Min) (0.89, 1.13, 0.72) (0.82, 0.64, 1.10) #fs:  25  -- #Conts: 22 G(20)  E(2) 
  10833338 706.71 || noQ Q (Avg,Max,Min) (0.90, 1.13, 0.72) (0.83, 0.64, 1.10) #fs:  25  -- #Conts: 22 G(19)  E(3) 
  11070553 702.35 || noQ Q (Avg,Max,Min) (0.90, 1.15, 0.68) (0.84, 0.64, 1.10) #fs:  24  -- #Conts: 22 G(20)  E(2) 
  11087355 690.94 || noQ Q (Avg,Max,Min) (0.92, 1.15, 0.68) (0.86, 0.65, 1.10) #fs:  24  -- #Conts: 22 G(19)  E(3) 
  18876317 650.47 || noQ Q (Avg,Max,Min) (0.95, 1.13, 0.66) (0.84, 0.60, 1.10) #fs:  17  -- #Conts: 36 E(36) 
  20494601 603.53 || noQ Q (Avg,Max,Min) (0.98, 1.39, 0.72) (0.90, 0.70, 1.27) #fs:  15  -- #Conts: 31 E(31) 
  21576355 590.12 || noQ Q (Avg,Max,Min) (0.99, 1.14, 0.75) (0.90, 0.71, 1.13) #fs:  13  -- #Conts: 31 E(31) 
  21687218 583.41 || noQ Q (Avg,Max,Min) (0.99, 1.14, 0.75) (0.91, 0.72, 1.13) #fs:  13  -- #Conts: 31 E(31) 
  22581492 576.71 || noQ Q (Avg,Max,Min) (1.00, 1.14, 0.76) (0.91, 0.76, 1.13) #fs:  11  -- #Conts: 31 E(31) 
  25675372 575.06 || noQ Q (Avg,Max,Min) (1.02, 1.12, 0.82) (0.94, 0.77, 1.09) #fs:   8  -- #Conts: 29 G(1)  E(28) 
  25853937 570.00 || noQ Q (Avg,Max,Min) (1.01, 1.14, 0.82) (0.92, 0.77, 1.13) #fs:  10  -- #Conts: 30 E(30) 
  26138970 563.29 || noQ Q (Avg,Max,Min) (1.02, 1.14, 0.87) (0.93, 0.77, 1.13) #fs:   8  -- #Conts: 31 E(31) 
  26512301 556.59 || noQ Q (Avg,Max,Min) (1.02, 1.10, 0.90) (0.94, 0.77, 1.09) #fs:   9  -- #Conts: 30 E(30) 
  26715938 549.88 || noQ Q (Avg,Max,Min) (1.02, 1.10, 0.90) (0.95, 0.77, 1.09) #fs:   8  -- #Conts: 29 E(29) 
  30327493 543.18 || noQ Q (Avg,Max,Min) (1.03, 1.10, 0.90) (0.96, 0.77, 1.09) #fs:   8  -- #Conts: 28 E(28) 
  33267174 536.47 || noQ Q (Avg,Max,Min) (1.04, 1.24, 0.89) (0.98, 0.76, 1.24) #fs:   3  -- #Conts: 28 E(28) 
/////////////////size: 29
  14342654 1040.47 || noQ Q (Avg,Max,Min) (1.10, 1.69, 0.76) (0.64, 0.23, 1.47) #fs:   5  -- #Conts: 36 H(26)  G(10) 
  14523040 1008.94 || noQ Q (Avg,Max,Min) (1.10, 1.69, 0.90) (0.66, 0.25, 1.47) #fs:   4  -- #Conts: 35 H(25)  G(10) 
  15174715 945.88 || noQ Q (Avg,Max,Min) (1.10, 1.69, 0.90) (0.70, 0.42, 1.47) #fs:   6  -- #Conts: 33 H(23)  G(10) 
  15257896 930.12 || noQ Q (Avg,Max,Min) (1.09, 1.69, 0.82) (0.71, 0.40, 1.47) #fs:   8  -- #Conts: 33 H(23)  G(10) 
  15343941 898.59 || noQ Q (Avg,Max,Min) (1.07, 1.69, 0.59) (0.73, 0.40, 1.47) #fs:   8  -- #Conts: 31 H(22)  G(9) 
  15512788 867.06 || noQ Q (Avg,Max,Min) (1.10, 1.69, 0.95) (0.78, 0.40, 1.47) #fs:  10  -- #Conts: 29 H(22)  G(7) 
  16085307 835.53 || noQ Q (Avg,Max,Min) (1.09, 1.69, 0.91) (0.81, 0.42, 1.47) #fs:  12  -- #Conts: 28 H(21)  G(7) 
  16387913 804.00 || noQ Q (Avg,Max,Min) (1.08, 1.69, 0.91) (0.84, 0.43, 1.47) #fs:  13  -- #Conts: 27 H(20)  G(7) 
  17681008 772.47 || noQ Q (Avg,Max,Min) (1.12, 1.69, 1.02) (0.88, 0.46, 1.47) #fs:   3  -- #Conts: 26 H(19)  G(7) 
  17751019 740.94 || noQ Q (Avg,Max,Min) (1.12, 1.69, 1.02) (0.91, 0.46, 1.47) #fs:   3  -- #Conts: 25 H(18)  G(7) 
  19635977 693.65 || noQ Q (Avg,Max,Min) (1.09, 1.69, 0.78) (0.90, 0.39, 1.47) #fs:   6  -- #Conts: 25 H(10)  G(15) 
  19718325 684.59 || noQ Q (Avg,Max,Min) (1.08, 1.69, 0.78) (0.92, 0.65, 1.47) #fs:   7  -- #Conts: 25 H(10)  G(14)  E(1) 
  19946893 677.88 || noQ Q (Avg,Max,Min) (1.09, 1.69, 0.78) (0.93, 0.65, 1.47) #fs:   6  -- #Conts: 24 H(10)  G(14) 
  21604567 668.82 || noQ Q (Avg,Max,Min) (1.08, 1.69, 0.77) (0.95, 0.65, 1.47) #fs:   7  -- #Conts: 24 H(9)  G(14)  E(1) 
  22988771 662.12 || noQ Q (Avg,Max,Min) (1.09, 1.69, 0.77) (0.95, 0.65, 1.47) #fs:   6  -- #Conts: 23 H(9)  G(14) 
  23015824 659.41 || noQ Q (Avg,Max,Min) (1.09, 1.69, 0.81) (0.93, 0.52, 1.47) #fs:   6  -- #Conts: 26 H(8)  G(13)  E(5) 
  23551492 652.71 || noQ Q (Avg,Max,Min) (1.08, 1.69, 0.77) (0.93, 0.52, 1.47) #fs:   7  -- #Conts: 25 H(8)  G(13)  E(4) 
  23579923 646.00 || noQ Q (Avg,Max,Min) (1.08, 1.69, 0.80) (0.94, 0.62, 1.47) #fs:   6  -- #Conts: 25 H(8)  G(13)  E(4) 
  26795984 639.29 || noQ Q (Avg,Max,Min) (1.08, 1.69, 0.80) (0.97, 0.65, 1.47) #fs:   8  -- #Conts: 23 H(8)  G(13)  E(2) 
  27158316 623.18 || noQ Q (Avg,Max,Min) (1.08, 1.69, 0.74) (0.99, 0.67, 1.47) #fs:   8  -- #Conts: 22 H(6)  G(10)  E(6) 
  27213547 614.12 || noQ Q (Avg,Max,Min) (1.08, 1.69, 0.74) (1.00, 0.67, 1.47) #fs:   8  -- #Conts: 22 H(6)  G(10)  E(6) 
  27264939 611.41 || noQ Q (Avg,Max,Min) (1.10, 1.69, 0.74) (0.97, 0.05, 1.47) #fs:   7  -- #Conts: 23 H(6)  G(10)  E(6)  C(1) 
  27683948 608.41 || noQ Q (Avg,Max,Min) (1.09, 1.69, 0.74) (0.97, 0.17, 1.47) #fs:   7  -- #Conts: 23 H(6)  G(10)  A(1)  E(6) 
  28847211 606.24 || noQ Q (Avg,Max,Min) (1.19, 3.50, 0.92) (0.96, 0.03, 1.47) #fs:   5  -- #Conts: 26 H(4)  G(11)  E(9)  C(2) 
  28876075 590.47 || noQ Q (Avg,Max,Min) (1.09, 1.69, 0.92) (1.00, 0.73, 1.47) #fs:   6  -- #Conts: 25 H(4)  G(10)  E(9)  C(2) 
  31021720 589.06 || noQ Q (Avg,Max,Min) (1.10, 1.69, 0.92) (1.01, 0.73, 1.47) #fs:   5  -- #Conts: 23 H(4)  G(10)  E(6)  C(3) 
  32429402 587.65 || noQ Q (Avg,Max,Min) (1.10, 1.69, 0.92) (1.02, 0.71, 1.47) #fs:   6  -- #Conts: 22 H(4)  G(10)  E(4)  C(4) 
  32669176 586.24 || noQ Q (Avg,Max,Min) (1.10, 1.69, 0.92) (1.01, 0.71, 1.47) #fs:   6  -- #Conts: 23 H(4)  G(10)  E(4)  C(5) 
  32903024 584.82 || noQ Q (Avg,Max,Min) (1.10, 1.69, 0.92) (1.01, 0.71, 1.47) #fs:   5  -- #Conts: 24 H(4)  G(10)  E(4)  C(6) 
  32973196 583.76 || noQ Q (Avg,Max,Min) (1.11, 1.69, 0.92) (1.03, 0.86, 1.47) #fs:   5  -- #Conts: 21 H(4)  G(10)  E(5)  C(2) 
  33212729 582.35 || noQ Q (Avg,Max,Min) (1.11, 1.69, 0.92) (1.04, 0.84, 1.47) #fs:   6  -- #Conts: 21 H(4)  G(10)  E(4)  C(3) 
  33216500 580.94 || noQ Q (Avg,Max,Min) (1.10, 1.69, 0.92) (1.03, 0.84, 1.47) #fs:   6  -- #Conts: 22 H(4)  G(10)  E(4)  C(4) 
  34053863 577.06 || noQ Q (Avg,Max,Min) (1.11, 1.69, 0.92) (1.05, 0.90, 1.47) #fs:   5  -- #Conts: 20 H(4)  G(10)  E(4)  C(2) 
  34158653 576.94 || noQ Q (Avg,Max,Min) (1.11, 1.69, 0.92) (1.05, 0.87, 1.47) #fs:   6  -- #Conts: 21 H(4)  G(10)  E(4)  C(3) 
  44788287 569.76 || noQ Q (Avg,Max,Min) (1.04, 1.26, 0.98) (0.96, 0.66, 1.25) #fs:   8  -- #Conts: 21 H(1)  G(6)  E(10)  C(4) 
  44793404 560.71 || noQ Q (Avg,Max,Min) (1.05, 1.26, 0.98) (0.97, 0.66, 1.25) #fs:   7  -- #Conts: 21 H(1)  G(6)  E(10)  C(4) 
  44833800 554.00 || noQ Q (Avg,Max,Min) (1.05, 1.26, 0.98) (0.98, 0.66, 1.25) #fs:   8  -- #Conts: 21 H(1)  G(6)  E(10)  C(4) 
  52341823 545.53 || noQ Q (Avg,Max,Min) (1.05, 1.26, 0.99) (1.00, 0.85, 1.25) #fs:   6  -- #Conts: 18 H(1)  G(4)  E(9)  C(4) 
  55332194 542.82 || noQ Q (Avg,Max,Min) (1.05, 1.26, 0.99) (1.00, 0.85, 1.25) #fs:   5  -- #Conts: 18 H(1)  G(4)  E(9)  C(4) 
  58920350 536.71 || noQ Q (Avg,Max,Min) (1.05, 1.26, 1.00) (1.01, 0.84, 1.25) #fs:   5  -- #Conts: 17 H(1)  G(3)  E(8)  C(5) 
  59162714 535.41 || noQ Q (Avg,Max,Min) (1.06, 1.26, 1.00) (1.02, 0.96, 1.25) #fs:   6  -- #Conts: 16 H(1)  G(3)  E(8)  C(4) 
  77234089 529.88 || noQ Q (Avg,Max,Min) (1.04, 1.12, 1.00) (0.98, 0.39, 1.11) #fs:   4  -- #Conts: 23 G(4)  A(1)  E(11)  C(7) 
  77574395 520.82 || noQ Q (Avg,Max,Min) (1.04, 1.12, 1.00) (1.01, 0.90, 1.11) #fs:   4  -- #Conts: 22 G(3)  A(1)  E(11)  C(7) 
  94531024 518.47 || noQ Q (Avg,Max,Min) (1.04, 1.12, 1.00) (1.01, 0.89, 1.11) #fs:   3  -- #Conts: 21 G(2)  A(1)  E(11)  C(7) 
/////////////////size: 44
nodes 100 edges 123
 mulT: 100 mulD: 20000  sumData GB 57148
pareto /LIGO.n.100.0.dax time -> 4954.0
moheft /LIGO.n.100.0.dax time -> 1826.0
distance from M to C 17.253429770241492
distance from P to C 0.0
distance from C to M 9.77320871579112
distance from C to P 1.5336062616873214
toCompare: /LIGO.n.100.0.dax sumDataGB: 57148 mulT: 100 mulD: 20000 paretoOptTime_MS: 4954.0 MoheftOptimizationTime_MS: 1826.0 MtoC 17.253429770241492 PtoC 0.0 CtoM 9.77320871579112 CtoP 1.5336062616873214
