specify -Dflow d,b,mt,md,size
Running /home/vaggelis/jc/SIPHT.n.100.0.dax mt 10 md: 20000 size null
   4668622 189.18 || noQ Q (Avg,Max,Min) (2.88, 3.13, 2.46) (1.83, 1.50, 2.02) #fs:   4  -- #Conts: 3 H(3) 
   4801107 157.65 || noQ Q (Avg,Max,Min) (3.31, 4.37, 2.46) (2.50, 1.50, 3.94) #fs:   4  -- #Conts: 3 H(3) 
   5480183 126.12 || noQ Q (Avg,Max,Min) (2.72, 3.01, 2.51) (1.96, 1.67, 2.29) #fs:   3  -- #Conts: 3 H(1)  G(2) 
   5695491 094.59 || noQ Q (Avg,Max,Min) (2.60, 2.90, 2.20) (2.03, 1.67, 2.29) #fs:   4  -- #Conts: 3 G(3) 
   8927918 067.06 || noQ Q (Avg,Max,Min) (1.68, 2.47, 1.03) (1.38, 0.48, 2.23) #fs:   3  -- #Conts: 6 E(6) 
   9583274 054.94 || noQ Q (Avg,Max,Min) (1.74, 2.31, 1.03) (1.64, 1.00, 2.23) #fs:   3  -- #Conts: 5 E(4)  C(1) 
  14376445 052.00 || noQ Q (Avg,Max,Min) (1.45, 2.15, 1.02) (1.36, 0.89, 2.15) #fs:   1  -- #Conts: 5 C(5) 
/////////////////size: 7
   4890587 110.35 || noQ Q (Avg,Max,Min) (2.53, 4.81, 0.79) (1.64, 0.28, 3.27) #fs:   3  -- #Conts: 5 H(1)  G(4) 
   5218201 094.59 || noQ Q (Avg,Max,Min) (2.68, 4.00, 1.57) (1.64, 0.66, 2.86) #fs:   4  -- #Conts: 4 G(4) 
   6252319 079.82 || noQ Q (Avg,Max,Min) (2.47, 3.80, 0.78) (1.85, 0.76, 3.80) #fs:   4  -- #Conts: 5 G(4)  A(1) 
   6346203 078.82 || noQ Q (Avg,Max,Min) (2.58, 3.80, 0.78) (2.15, 0.76, 3.80) #fs:   4  -- #Conts: 4 G(4) 
   7768709 078.12 || noQ Q (Avg,Max,Min) (1.78, 2.45, 1.01) (1.61, 0.98, 2.40) #fs:   5  -- #Conts: 5 G(2)  E(2)  C(1) 
   8011572 075.76 || noQ Q (Avg,Max,Min) (1.98, 3.09, 1.02) (1.62, 0.88, 2.85) #fs:   5  -- #Conts: 5 G(2)  E(2)  C(1) 
   8243322 069.06 || noQ Q (Avg,Max,Min) (2.05, 3.09, 1.01) (1.79, 0.98, 2.85) #fs:   4  -- #Conts: 5 G(2)  E(2)  C(1) 
   9497742 066.35 || noQ Q (Avg,Max,Min) (1.93, 3.09, 1.01) (1.72, 0.92, 2.85) #fs:   3  -- #Conts: 6 G(2)  E(2)  C(2) 
  17239576 065.00 || noQ Q (Avg,Max,Min) (2.24, 3.51, 1.07) (1.74, 0.29, 3.49) #fs:   2  -- #Conts: 7 G(1)  A(1)  E(4)  C(1) 
  17298379 064.00 || noQ Q (Avg,Max,Min) (2.26, 3.58, 1.07) (2.01, 0.95, 3.49) #fs:   2  -- #Conts: 6 G(1)  E(4)  C(1) 
  18900503 062.35 || noQ Q (Avg,Max,Min) (3.57, 5.95, 1.02) (2.62, 0.48, 5.66) #fs:   1  -- #Conts: 7 G(2)  E(4)  C(1) 
  19577286 059.65 || noQ Q (Avg,Max,Min) (3.52, 5.83, 1.01) (2.66, 0.52, 5.66) #fs:   1  -- #Conts: 7 G(2)  E(3)  C(2) 
  20183795 056.94 || noQ Q (Avg,Max,Min) (3.87, 6.20, 1.01) (2.89, 0.92, 5.66) #fs:   0  -- #Conts: 6 G(2)  E(2)  C(2) 
  20637359 054.94 || noQ Q (Avg,Max,Min) (3.24, 5.81, 1.01) (2.61, 1.00, 5.66) #fs:   2  -- #Conts: 7 G(2)  A(1)  E(2)  C(2) 
  21533743 053.88 || noQ Q (Avg,Max,Min) (2.58, 4.50, 1.02) (2.17, 0.89, 3.66) #fs:   3  -- #Conts: 8 G(1)  A(1)  E(3)  C(3) 
  21541186 052.88 || noQ Q (Avg,Max,Min) (2.74, 4.50, 1.02) (2.34, 0.89, 3.66) #fs:   2  -- #Conts: 8 G(1)  A(1)  E(3)  C(3) 
  22723142 051.59 || noQ Q (Avg,Max,Min) (2.92, 7.67, 0.46) (2.51, 0.21, 7.01) #fs:   1  -- #Conts: 8 G(1)  A(1)  E(4)  C(2) 
  28801334 049.82 || noQ Q (Avg,Max,Min) (1.59, 3.04, 1.00) (1.50, 0.90, 2.82) #fs:   0  -- #Conts: 7 A(4)  E(1)  C(2) 
/////////////////size: 18
nodes 97 edges 109
 mulT: 10 mulD: 20000  sumData GB 44150
pareto /SIPHT.n.100.0.dax time -> 9584.0
moheft /SIPHT.n.100.0.dax time -> 600.0
distance from M to C 0.35294117881207937
distance from P to C 0.14285714285714285
distance from C to M 2.411766874921726
distance from C to P 1.2052079614437154
toCompare: /SIPHT.n.100.0.dax sumDataGB: 44150 mulT: 10 mulD: 20000 paretoOptTime_MS: 9584.0 MoheftOptimizationTime_MS: 600.0 MtoC 0.35294117881207937 PtoC 0.14285714285714285 CtoM 2.411766874921726 CtoP 1.2052079614437154
