specify -Dflow d,b,mt,md,size
Running /home/vaggelis/jc/SIPHT.n.50.0.dax mt 30 md: 10000 size null
   5823701 157.65 || noQ Q (Avg,Max,Min) (1.51, 1.93, 1.28) (1.13, 0.93, 1.43) #fs:   1  -- #Conts: 3 H(3) 
   7197035 141.88 || noQ Q (Avg,Max,Min) (1.18, 1.85, 0.75) (0.97, 0.65, 1.27) #fs:   7  -- #Conts: 4 H(1)  G(3) 
   8369422 126.12 || noQ Q (Avg,Max,Min) (1.19, 1.69, 0.83) (1.02, 0.42, 1.68) #fs:   5  -- #Conts: 4 H(1)  G(3) 
   9293618 110.35 || noQ Q (Avg,Max,Min) (1.18, 1.69, 0.83) (1.08, 0.68, 1.68) #fs:   5  -- #Conts: 4 G(4) 
  16829433 107.29 || noQ Q (Avg,Max,Min) (0.97, 1.13, 0.75) (0.91, 0.71, 1.05) #fs:   5  -- #Conts: 4 E(4) 
  19906611 098.59 || noQ Q (Avg,Max,Min) (1.26, 1.85, 1.00) (1.10, 0.67, 1.77) #fs:   0  -- #Conts: 5 G(2)  E(3) 
  22774691 096.24 || noQ Q (Avg,Max,Min) (1.26, 1.85, 1.00) (1.11, 0.71, 1.77) #fs:   0  -- #Conts: 5 G(1)  E(4) 
  23462516 089.53 || noQ Q (Avg,Max,Min) (1.33, 1.85, 1.02) (1.26, 0.96, 1.77) #fs:   0  -- #Conts: 4 G(1)  E(3) 
  25296841 087.18 || noQ Q (Avg,Max,Min) (1.19, 1.41, 1.01) (1.07, 0.75, 1.31) #fs:   1  -- #Conts: 3 E(3) 
/////////////////size: 9
   5248688 157.65 || noQ Q (Avg,Max,Min) (1.55, 1.75, 1.28) (1.12, 0.93, 1.26) #fs:   3  -- #Conts: 3 H(3) 
   6237826 141.88 || noQ Q (Avg,Max,Min) (1.56, 2.17, 1.01) (1.20, 0.65, 1.89) #fs:   2  -- #Conts: 4 H(3)  G(1) 
   6629543 127.12 || noQ Q (Avg,Max,Min) (1.56, 2.17, 1.19) (1.19, 0.49, 1.89) #fs:   2  -- #Conts: 4 H(3)  A(1) 
   6675588 126.12 || noQ Q (Avg,Max,Min) (1.70, 2.17, 1.28) (1.44, 0.93, 1.89) #fs:   2  -- #Conts: 3 H(3) 
   7149442 123.76 || noQ Q (Avg,Max,Min) (1.25, 1.65, 0.83) (1.13, 0.82, 1.41) #fs:   2  -- #Conts: 4 H(1)  G(2)  E(1) 
   7972282 112.00 || noQ Q (Avg,Max,Min) (1.28, 1.66, 1.01) (0.94, 0.22, 1.48) #fs:   1  -- #Conts: 6 H(1)  G(3)  E(1)  C(1) 
   8023867 108.00 || noQ Q (Avg,Max,Min) (1.36, 1.66, 1.09) (1.11, 0.79, 1.48) #fs:   0  -- #Conts: 5 H(1)  G(3)  E(1) 
  10745892 099.94 || noQ Q (Avg,Max,Min) (1.31, 1.48, 1.09) (1.07, 0.58, 1.48) #fs:   0  -- #Conts: 5 H(1)  G(2)  A(1)  E(1) 
  17272794 096.82 || noQ Q (Avg,Max,Min) (1.22, 1.56, 1.01) (1.08, 0.65, 1.53) #fs:   1  -- #Conts: 4 G(2)  E(1)  C(1) 
  17545834 094.47 || noQ Q (Avg,Max,Min) (1.21, 1.56, 0.97) (1.09, 0.71, 1.53) #fs:   2  -- #Conts: 4 G(1)  E(2)  C(1) 
  20959633 089.06 || noQ Q (Avg,Max,Min) (1.27, 1.56, 1.04) (1.24, 1.01, 1.53) #fs:   1  -- #Conts: 3 G(1)  E(1)  C(1) 
  36208844 086.47 || noQ Q (Avg,Max,Min) (1.28, 1.56, 1.00) (1.24, 0.95, 1.53) #fs:   3  -- #Conts: 5 G(1)  A(2)  E(2) 
  36337057 085.47 || noQ Q (Avg,Max,Min) (1.31, 1.56, 1.03) (1.27, 0.99, 1.53) #fs:   2  -- #Conts: 5 G(1)  A(2)  E(2) 
  54020854 084.00 || noQ Q (Avg,Max,Min) (1.29, 1.85, 1.00) (1.22, 0.77, 1.85) #fs:   1  -- #Conts: 5 G(1)  A(2)  E(1)  C(1) 
/////////////////size: 14
nodes 48 edges 56
 mulT: 30 mulD: 10000  sumData GB 13488
pareto /SIPHT.n.50.0.dax time -> 987.0
moheft /SIPHT.n.50.0.dax time -> 195.0
distance from M to C 0.0
distance from P to C 1.4183006535947713
distance from C to M 1.4048949503631346E-9
distance from C to P 1.6948339729140902
toCompare: /SIPHT.n.50.0.dax sumDataGB: 13488 mulT: 30 mulD: 10000 paretoOptTime_MS: 987.0 MoheftOptimizationTime_MS: 195.0 MtoC 0.0 PtoC 1.4183006535947713 CtoM 1.4048949503631346E-9 CtoP 1.6948339729140902
