specify -Dflow d,b,mt,md,size
Running /home/vaggelis/jc/CYBERSHAKE.n.100.0.dax mt 1000 md: 20000 size null
  38687663 709.41 || noQ Q (Avg,Max,Min) (2.38, 4.27, 0.43) (2.06, 0.01, 4.27) #fs:   1  -- #Conts: 4 H(3)  G(1) 
  38709229 677.88 || noQ Q (Avg,Max,Min) (2.78, 4.27, 0.43) (2.74, 0.42, 4.27) #fs:   1  -- #Conts: 3 H(2)  G(1) 
  39521246 662.12 || noQ Q (Avg,Max,Min) (3.92, 4.27, 3.57) (3.92, 3.57, 4.27) #fs:   0  -- #Conts: 2 H(2) 
  66520688 646.35 || noQ Q (Avg,Max,Min) (1.00, 2.92, 0.04) (0.84, 0.03, 2.92) #fs:   4  -- #Conts: 7 G(7) 
  66715683 630.59 || noQ Q (Avg,Max,Min) (0.99, 2.92, 0.04) (0.97, 0.03, 2.92) #fs:   4  -- #Conts: 6 G(6) 
  66950603 614.82 || noQ Q (Avg,Max,Min) (1.17, 2.92, 0.04) (1.15, 0.03, 2.92) #fs:   3  -- #Conts: 5 G(5) 
  67116667 599.06 || noQ Q (Avg,Max,Min) (1.45, 2.92, 0.12) (1.43, 0.09, 2.92) #fs:   2  -- #Conts: 4 G(4) 
  67240492 583.29 || noQ Q (Avg,Max,Min) (1.91, 2.92, 0.30) (1.89, 0.29, 2.92) #fs:   1  -- #Conts: 3 G(3) 
  68218941 567.53 || noQ Q (Avg,Max,Min) (2.71, 2.92, 2.49) (2.70, 2.49, 2.92) #fs:   0  -- #Conts: 2 G(2) 
 241294533 564.00 || noQ Q (Avg,Max,Min) (3.29, 8.07, 1.02) (3.14, 0.23, 8.05) #fs:   0  -- #Conts: 6 C(6) 
/////////////////size: 10
  66276857 629.82 || noQ Q (Avg,Max,Min) (1.28, 2.92, 0.38) (0.92, 0.01, 2.92) #fs:   3  -- #Conts: 10 H(1)  G(3)  A(6) 
  66289196 614.06 || noQ Q (Avg,Max,Min) (1.30, 2.92, 0.38) (1.02, 0.02, 2.92) #fs:   3  -- #Conts: 9 H(1)  G(2)  A(6) 
  66311804 590.24 || noQ Q (Avg,Max,Min) (1.26, 2.92, 0.38) (0.94, 0.02, 2.92) #fs:   3  -- #Conts: 10 G(2)  A(7)  E(1) 
  66344786 589.24 || noQ Q (Avg,Max,Min) (1.26, 2.92, 0.38) (0.97, 0.02, 2.92) #fs:   3  -- #Conts: 10 G(2)  A(7)  E(1) 
  66348836 583.53 || noQ Q (Avg,Max,Min) (1.29, 2.92, 0.38) (1.04, 0.22, 2.92) #fs:   3  -- #Conts: 9 G(2)  A(7) 
  66381818 582.53 || noQ Q (Avg,Max,Min) (1.29, 2.92, 0.38) (1.08, 0.22, 2.92) #fs:   3  -- #Conts: 9 G(2)  A(7) 
  66415957 581.53 || noQ Q (Avg,Max,Min) (1.36, 2.92, 0.74) (1.08, 0.28, 2.92) #fs:   2  -- #Conts: 9 G(2)  A(7) 
  66552282 580.53 || noQ Q (Avg,Max,Min) (1.36, 2.92, 0.74) (1.10, 0.28, 2.92) #fs:   3  -- #Conts: 9 G(2)  A(7) 
  66724364 579.53 || noQ Q (Avg,Max,Min) (1.36, 2.92, 0.74) (1.11, 0.28, 2.92) #fs:   2  -- #Conts: 9 G(2)  A(7) 
  66805371 578.53 || noQ Q (Avg,Max,Min) (1.40, 2.92, 0.74) (1.20, 0.28, 2.92) #fs:   2  -- #Conts: 8 G(2)  A(6) 
  66873649 577.53 || noQ Q (Avg,Max,Min) (1.43, 2.92, 0.94) (1.24, 0.28, 2.92) #fs:   2  -- #Conts: 8 G(2)  A(6) 
  66910681 576.53 || noQ Q (Avg,Max,Min) (1.43, 2.92, 1.00) (1.29, 0.28, 2.92) #fs:   1  -- #Conts: 8 G(2)  A(6) 
  67113198 575.53 || noQ Q (Avg,Max,Min) (1.49, 2.92, 1.00) (1.33, 0.28, 2.92) #fs:   1  -- #Conts: 7 G(2)  A(5) 
  67299514 574.53 || noQ Q (Avg,Max,Min) (1.68, 2.92, 0.94) (1.55, 0.59, 2.92) #fs:   2  -- #Conts: 5 G(2)  A(3) 
  67336546 573.53 || noQ Q (Avg,Max,Min) (1.69, 2.92, 1.00) (1.63, 0.79, 2.92) #fs:   1  -- #Conts: 5 G(2)  A(3) 
  67440698 572.53 || noQ Q (Avg,Max,Min) (1.69, 2.92, 1.00) (1.66, 0.93, 2.92) #fs:   1  -- #Conts: 5 G(2)  A(3) 
  67619491 571.53 || noQ Q (Avg,Max,Min) (1.69, 2.92, 1.00) (1.67, 0.98, 2.92) #fs:   1  -- #Conts: 5 G(2)  A(3) 
  67817959 570.53 || noQ Q (Avg,Max,Min) (1.86, 2.92, 1.00) (1.85, 1.00, 2.92) #fs:   1  -- #Conts: 4 G(2)  A(2) 
  68025105 569.53 || noQ Q (Avg,Max,Min) (1.86, 2.92, 1.00) (1.85, 1.00, 2.92) #fs:   1  -- #Conts: 4 G(2)  A(2) 
  68233408 568.53 || noQ Q (Avg,Max,Min) (2.14, 2.92, 1.00) (2.13, 1.00, 2.92) #fs:   1  -- #Conts: 3 G(2)  A(1) 
 149554212 563.65 || noQ Q (Avg,Max,Min) (1.44, 2.92, 1.00) (1.21, 0.04, 2.92) #fs:   0  -- #Conts: 6 G(1)  A(3)  E(1)  C(1) 
 149637730 559.65 || noQ Q (Avg,Max,Min) (1.52, 2.92, 1.00) (1.44, 0.82, 2.92) #fs:   0  -- #Conts: 5 G(1)  A(3)  E(1) 
 149945702 558.65 || noQ Q (Avg,Max,Min) (1.52, 2.92, 1.00) (1.48, 0.82, 2.92) #fs:   0  -- #Conts: 5 G(1)  A(3)  E(1) 
 150303264 557.65 || noQ Q (Avg,Max,Min) (1.52, 2.92, 1.00) (1.49, 0.88, 2.92) #fs:   0  -- #Conts: 5 G(1)  A(3)  E(1) 
 150756089 556.65 || noQ Q (Avg,Max,Min) (1.65, 2.92, 1.00) (1.62, 0.89, 2.92) #fs:   0  -- #Conts: 4 G(1)  A(2)  E(1) 
 151105821 555.65 || noQ Q (Avg,Max,Min) (1.65, 2.92, 1.00) (1.64, 0.95, 2.92) #fs:   0  -- #Conts: 4 G(1)  A(2)  E(1) 
/////////////////size: 26
nodes 100 edges 192
 mulT: 1000 mulD: 20000  sumData GB 1951984
pareto /CYBERSHAKE.n.100.0.dax time -> 1713.0
moheft /CYBERSHAKE.n.100.0.dax time -> 521.0
distance from M to C 0.038461538461538464
distance from P to C 12.577168401261122
distance from C to M 4.482739818761261
distance from C to P 6.942936478350209
toCompare: /CYBERSHAKE.n.100.0.dax sumDataGB: 1951984 mulT: 1000 mulD: 20000 paretoOptTime_MS: 1713.0 MoheftOptimizationTime_MS: 521.0 MtoC 0.038461538461538464 PtoC 12.577168401261122 CtoM 4.482739818761261 CtoP 6.942936478350209
