specify -Dflow d,b,mt,md,size
Running /home/vaggelis/jc/LIGO.n.100.0.dax mt 500 md: 20000 size null
  22612310 3767.76 || noQ Q (Avg,Max,Min) (0.99, 1.10, 0.69) (0.83, 0.66, 1.02) #fs:  16  -- #Conts: 42 H(39)  G(3) 
  24670750 3499.76 || noQ Q (Avg,Max,Min) (1.01, 1.27, 0.81) (0.91, 0.76, 1.17) #fs:  12  -- #Conts: 32 H(32) 
  28858025 3468.24 || noQ Q (Avg,Max,Min) (1.01, 1.27, 0.87) (0.92, 0.78, 1.17) #fs:  11  -- #Conts: 30 H(30) 
  30245106 3405.18 || noQ Q (Avg,Max,Min) (1.01, 1.27, 0.83) (0.93, 0.79, 1.17) #fs:  11  -- #Conts: 28 H(28) 
  33167171 3357.88 || noQ Q (Avg,Max,Min) (1.01, 1.27, 0.83) (0.94, 0.79, 1.17) #fs:  11  -- #Conts: 27 H(26)  G(1) 
  33383247 3342.12 || noQ Q (Avg,Max,Min) (1.01, 1.27, 0.83) (0.95, 0.79, 1.17) #fs:  11  -- #Conts: 26 H(26) 
  37855619 3058.35 || noQ Q (Avg,Max,Min) (0.99, 1.04, 0.72) (0.87, 0.70, 0.99) #fs:  12  -- #Conts: 40 G(40) 
  40991078 2884.94 || noQ Q (Avg,Max,Min) (1.01, 1.13, 0.92) (0.93, 0.81, 1.13) #fs:  10  -- #Conts: 35 G(35) 
  51373760 2853.41 || noQ Q (Avg,Max,Min) (1.00, 1.04, 0.91) (0.93, 0.82, 1.04) #fs:  11  -- #Conts: 26 G(26) 
  56266201 2837.65 || noQ Q (Avg,Max,Min) (1.00, 1.04, 0.91) (0.93, 0.82, 1.04) #fs:  11  -- #Conts: 25 G(25) 
  60880777 2821.88 || noQ Q (Avg,Max,Min) (1.00, 1.04, 0.91) (0.93, 0.88, 1.04) #fs:  11  -- #Conts: 23 G(23) 
  62073639 2806.12 || noQ Q (Avg,Max,Min) (1.00, 1.04, 0.91) (0.94, 0.88, 1.04) #fs:  11  -- #Conts: 23 G(23) 
  62773336 2790.35 || noQ Q (Avg,Max,Min) (1.00, 1.04, 0.91) (0.95, 0.88, 1.04) #fs:  10  -- #Conts: 22 G(22) 
  66179214 2774.59 || noQ Q (Avg,Max,Min) (1.00, 1.04, 0.91) (0.96, 0.88, 1.04) #fs:  10  -- #Conts: 21 G(21) 
  69400196 2758.82 || noQ Q (Avg,Max,Min) (1.00, 1.04, 0.91) (0.96, 0.88, 1.04) #fs:  10  -- #Conts: 20 G(20) 
  71363998 2743.06 || noQ Q (Avg,Max,Min) (1.00, 1.04, 0.91) (0.97, 0.88, 1.04) #fs:   9  -- #Conts: 20 G(20) 
  87114691 2667.41 || noQ Q (Avg,Max,Min) (1.00, 1.02, 0.96) (0.95, 0.86, 1.00) #fs:   9  -- #Conts: 45 E(44)  C(1) 
  93947946 2660.71 || noQ Q (Avg,Max,Min) (1.00, 1.02, 0.96) (0.95, 0.86, 1.00) #fs:  10  -- #Conts: 44 E(43)  C(1) 
  97320079 2633.88 || noQ Q (Avg,Max,Min) (1.01, 1.03, 0.97) (0.96, 0.89, 1.02) #fs:   5  -- #Conts: 36 E(35)  C(1) 
 102383637 2601.88 || noQ Q (Avg,Max,Min) (1.01, 1.03, 1.00) (0.97, 0.91, 1.02) #fs:   5  -- #Conts: 33 E(33) 
 107966630 2595.18 || noQ Q (Avg,Max,Min) (1.01, 1.03, 1.00) (0.98, 0.92, 1.02) #fs:   5  -- #Conts: 32 E(32) 
 121793476 2588.47 || noQ Q (Avg,Max,Min) (1.01, 1.03, 1.00) (0.98, 0.93, 1.02) #fs:   5  -- #Conts: 30 E(30) 
 122995549 2581.76 || noQ Q (Avg,Max,Min) (1.01, 1.03, 1.00) (0.98, 0.93, 1.02) #fs:   5  -- #Conts: 29 E(29) 
 134061975 2568.35 || noQ Q (Avg,Max,Min) (1.01, 1.03, 1.00) (0.99, 0.95, 1.02) #fs:   5  -- #Conts: 28 E(28) 
 142681175 2561.65 || noQ Q (Avg,Max,Min) (1.01, 1.03, 1.00) (0.99, 0.95, 1.02) #fs:   5  -- #Conts: 27 E(27) 
/////////////////size: 25
  83181560 3151.12 || noQ Q (Avg,Max,Min) (1.02, 1.19, 1.00) (0.91, 0.12, 1.04) #fs:   1  -- #Conts: 29 H(19)  G(7)  A(2)  E(1) 
  83201221 3144.41 || noQ Q (Avg,Max,Min) (1.01, 1.05, 1.00) (0.94, 0.77, 1.04) #fs:   1  -- #Conts: 28 H(19)  G(7)  A(2) 
  94964517 3034.06 || noQ Q (Avg,Max,Min) (1.02, 1.05, 1.00) (0.97, 0.77, 1.04) #fs:   1  -- #Conts: 22 H(11)  G(9)  A(2) 
  97346976 3002.53 || noQ Q (Avg,Max,Min) (1.02, 1.05, 1.00) (0.98, 0.77, 1.04) #fs:   1  -- #Conts: 22 H(11)  G(9)  A(2) 
 107203173 2937.35 || noQ Q (Avg,Max,Min) (1.04, 1.86, 0.98) (0.94, 0.05, 1.03) #fs:   3  -- #Conts: 25 H(9)  G(8)  A(2)  E(6) 
 107268123 2905.82 || noQ Q (Avg,Max,Min) (1.01, 1.05, 0.98) (0.98, 0.85, 1.03) #fs:   4  -- #Conts: 24 H(8)  G(8)  A(2)  E(6) 
 112304598 2903.59 || noQ Q (Avg,Max,Min) (1.01, 1.05, 0.98) (0.98, 0.88, 1.03) #fs:   3  -- #Conts: 24 H(8)  G(8)  A(2)  E(5)  C(1) 
 112607379 2900.88 || noQ Q (Avg,Max,Min) (1.01, 1.05, 0.98) (0.98, 0.88, 1.03) #fs:   3  -- #Conts: 24 H(8)  G(8)  A(2)  E(5)  C(1) 
 114269366 2900.41 || noQ Q (Avg,Max,Min) (1.02, 1.13, 0.98) (0.95, 0.19, 1.03) #fs:   3  -- #Conts: 24 H(8)  G(7)  A(2)  E(6)  C(1) 
 114621054 2896.41 || noQ Q (Avg,Max,Min) (1.01, 1.05, 0.98) (0.98, 0.88, 1.03) #fs:   3  -- #Conts: 23 H(8)  G(7)  A(2)  E(6) 
 114967535 2892.18 || noQ Q (Avg,Max,Min) (1.02, 1.05, 1.00) (0.99, 0.80, 1.04) #fs:   2  -- #Conts: 18 H(7)  G(9)  A(2) 
 115995221 2876.41 || noQ Q (Avg,Max,Min) (1.01, 1.05, 0.90) (0.99, 0.89, 1.04) #fs:   3  -- #Conts: 19 H(7)  G(10)  A(2) 
 121251464 2866.29 || noQ Q (Avg,Max,Min) (1.06, 1.86, 1.00) (0.94, 0.05, 1.04) #fs:   2  -- #Conts: 21 H(7)  G(9)  A(2)  E(3) 
 121277044 2834.76 || noQ Q (Avg,Max,Min) (1.02, 1.05, 1.00) (0.99, 0.85, 1.04) #fs:   2  -- #Conts: 20 H(6)  G(9)  A(2)  E(3) 
 121609169 2825.35 || noQ Q (Avg,Max,Min) (1.01, 1.05, 1.00) (0.99, 0.85, 1.04) #fs:   1  -- #Conts: 21 H(6)  G(9)  A(2)  E(4) 
 128983521 2820.65 || noQ Q (Avg,Max,Min) (1.01, 1.05, 1.00) (0.99, 0.91, 1.04) #fs:   1  -- #Conts: 22 H(6)  G(10)  A(2)  E(4) 
 129148408 2814.65 || noQ Q (Avg,Max,Min) (1.02, 1.05, 1.00) (1.00, 0.91, 1.04) #fs:   1  -- #Conts: 20 H(6)  G(10)  A(2)  E(2) 
 132648881 2809.94 || noQ Q (Avg,Max,Min) (1.02, 1.05, 1.00) (1.00, 0.96, 1.04) #fs:   1  -- #Conts: 19 H(6)  G(9)  A(2)  E(2) 
 138693884 2797.59 || noQ Q (Avg,Max,Min) (1.00, 1.05, 0.69) (0.98, 0.65, 1.04) #fs:   3  -- #Conts: 19 H(5)  G(12)  A(2) 
 138701365 2766.06 || noQ Q (Avg,Max,Min) (1.01, 1.05, 0.99) (0.99, 0.89, 1.04) #fs:   2  -- #Conts: 19 H(5)  G(12)  A(2) 
 146939739 2747.00 || noQ Q (Avg,Max,Min) (1.01, 1.05, 0.99) (0.99, 0.87, 1.04) #fs:   2  -- #Conts: 18 H(4)  G(11)  A(2)  C(1) 
 152061886 2719.53 || noQ Q (Avg,Max,Min) (1.00, 1.04, 0.79) (0.96, 0.61, 1.04) #fs:   3  -- #Conts: 31 H(3)  A(1)  G(11)  E(15)  C(1) 
 153018485 2715.29 || noQ Q (Avg,Max,Min) (1.00, 1.04, 0.65) (0.96, 0.58, 1.04) #fs:   3  -- #Conts: 31 H(3)  A(1)  G(11)  E(14)  C(2) 
 153619008 2683.76 || noQ Q (Avg,Max,Min) (1.01, 1.04, 0.93) (0.98, 0.84, 1.04) #fs:   3  -- #Conts: 30 H(2)  A(1)  G(11)  E(14)  C(2) 
 159361218 2676.59 || noQ Q (Avg,Max,Min) (1.01, 1.04, 0.98) (0.98, 0.82, 1.04) #fs:   2  -- #Conts: 28 H(2)  A(1)  G(10)  E(14)  C(1) 
 160672342 2672.59 || noQ Q (Avg,Max,Min) (1.01, 1.04, 0.98) (0.98, 0.89, 1.04) #fs:   2  -- #Conts: 27 H(2)  A(1)  G(10)  E(13)  C(1) 
 161687631 2665.88 || noQ Q (Avg,Max,Min) (1.01, 1.04, 0.98) (0.99, 0.89, 1.04) #fs:   2  -- #Conts: 27 H(2)  A(1)  G(10)  E(13)  C(1) 
 163574690 2656.47 || noQ Q (Avg,Max,Min) (1.01, 1.04, 0.98) (0.99, 0.89, 1.04) #fs:   2  -- #Conts: 27 H(2)  A(1)  G(10)  E(13)  C(1) 
 164482907 2655.76 || noQ Q (Avg,Max,Min) (1.01, 1.13, 0.98) (0.96, 0.19, 1.04) #fs:   3  -- #Conts: 28 H(2)  A(1)  G(10)  E(13)  C(2) 
 165522109 2651.06 || noQ Q (Avg,Max,Min) (1.01, 1.13, 0.98) (0.97, 0.19, 1.04) #fs:   2  -- #Conts: 28 H(2)  A(1)  G(10)  E(13)  C(2) 
 165873797 2647.06 || noQ Q (Avg,Max,Min) (1.01, 1.04, 0.98) (1.00, 0.96, 1.04) #fs:   2  -- #Conts: 27 H(2)  A(1)  G(10)  E(13)  C(1) 
 183233763 2645.41 || noQ Q (Avg,Max,Min) (1.01, 1.04, 0.98) (1.00, 0.96, 1.04) #fs:   2  -- #Conts: 23 H(2)  A(1)  G(9)  E(10)  C(1) 
 208519703 2626.88 || noQ Q (Avg,Max,Min) (1.01, 1.04, 0.97) (0.99, 0.69, 1.04) #fs:   4  -- #Conts: 25 A(2)  G(11)  E(11)  C(1) 
 211895865 2619.82 || noQ Q (Avg,Max,Min) (1.01, 1.04, 0.98) (0.99, 0.69, 1.04) #fs:   3  -- #Conts: 25 A(2)  G(10)  E(12)  C(1) 
 225487970 2618.59 || noQ Q (Avg,Max,Min) (1.01, 1.04, 0.98) (0.98, 0.72, 1.04) #fs:   3  -- #Conts: 24 A(3)  G(9)  E(11)  C(1) 
 226095667 2617.59 || noQ Q (Avg,Max,Min) (1.01, 1.04, 0.98) (0.99, 0.72, 1.04) #fs:   3  -- #Conts: 23 A(2)  G(9)  E(11)  C(1) 
 227392796 2616.12 || noQ Q (Avg,Max,Min) (1.01, 1.04, 0.98) (0.98, 0.69, 1.04) #fs:   3  -- #Conts: 26 A(3)  G(10)  E(12)  C(1) 
 227667762 2615.12 || noQ Q (Avg,Max,Min) (1.01, 1.04, 0.98) (0.99, 0.69, 1.04) #fs:   3  -- #Conts: 25 A(2)  G(10)  E(12)  C(1) 
 241606246 2614.82 || noQ Q (Avg,Max,Min) (1.01, 1.04, 0.98) (0.98, 0.70, 1.04) #fs:   2  -- #Conts: 27 A(2)  G(11)  E(12)  C(2) 
 241799243 2612.47 || noQ Q (Avg,Max,Min) (1.02, 1.22, 0.98) (0.93, 0.12, 1.04) #fs:   2  -- #Conts: 29 A(2)  G(11)  E(14)  C(2) 
 241974398 2609.76 || noQ Q (Avg,Max,Min) (1.02, 1.22, 0.98) (0.93, 0.12, 1.04) #fs:   2  -- #Conts: 29 A(2)  G(11)  E(13)  C(3) 
 242055252 2607.06 || noQ Q (Avg,Max,Min) (1.02, 1.13, 0.98) (0.94, 0.19, 1.04) #fs:   2  -- #Conts: 29 A(2)  G(11)  E(12)  C(4) 
 242069128 2605.76 || noQ Q (Avg,Max,Min) (1.02, 1.21, 0.98) (0.96, 0.24, 1.04) #fs:   2  -- #Conts: 28 A(2)  G(11)  E(13)  C(2) 
 242582095 2603.06 || noQ Q (Avg,Max,Min) (1.02, 1.12, 0.98) (0.97, 0.38, 1.04) #fs:   2  -- #Conts: 28 A(2)  G(11)  E(12)  C(3) 
 244142555 2601.06 || noQ Q (Avg,Max,Min) (1.01, 1.04, 0.98) (0.98, 0.70, 1.04) #fs:   2  -- #Conts: 29 A(4)  G(11)  E(12)  C(2) 
 249266809 2599.76 || noQ Q (Avg,Max,Min) (1.01, 1.04, 0.98) (0.97, 0.71, 1.04) #fs:   2  -- #Conts: 28 A(3)  G(9)  E(13)  C(3) 
 249429243 2588.00 || noQ Q (Avg,Max,Min) (1.01, 1.11, 0.98) (0.95, 0.19, 1.04) #fs:   2  -- #Conts: 29 A(3)  G(9)  E(13)  C(4) 
 249618497 2584.00 || noQ Q (Avg,Max,Min) (1.01, 1.04, 0.98) (0.98, 0.71, 1.04) #fs:   1  -- #Conts: 28 A(3)  G(9)  E(13)  C(3) 
 266361613 2583.53 || noQ Q (Avg,Max,Min) (1.01, 1.04, 0.98) (0.98, 0.71, 1.04) #fs:   1  -- #Conts: 25 A(3)  G(7)  E(13)  C(2) 
 267285592 2582.29 || noQ Q (Avg,Max,Min) (1.01, 1.04, 0.98) (0.97, 0.71, 1.04) #fs:   1  -- #Conts: 28 A(4)  G(8)  E(13)  C(3) 
 267566921 2581.29 || noQ Q (Avg,Max,Min) (1.01, 1.04, 0.98) (0.98, 0.71, 1.04) #fs:   1  -- #Conts: 27 A(3)  G(8)  E(13)  C(3) 
 268162948 2578.82 || noQ Q (Avg,Max,Min) (1.01, 1.04, 0.98) (0.98, 0.71, 1.04) #fs:   1  -- #Conts: 25 A(3)  G(7)  E(13)  C(2) 
 271783549 2577.82 || noQ Q (Avg,Max,Min) (1.01, 1.04, 0.98) (0.97, 0.71, 1.04) #fs:   1  -- #Conts: 27 A(4)  G(8)  E(13)  C(2) 
 282169955 2574.12 || noQ Q (Avg,Max,Min) (1.01, 1.04, 0.98) (0.98, 0.71, 1.04) #fs:   1  -- #Conts: 25 A(3)  G(7)  E(13)  C(2) 
 341144400 2563.71 || noQ Q (Avg,Max,Min) (1.01, 1.04, 1.00) (0.99, 0.74, 1.04) #fs:   0  -- #Conts: 20 A(2)  G(4)  E(8)  C(6) 
 349018953 2563.00 || noQ Q (Avg,Max,Min) (1.01, 1.13, 1.00) (0.95, 0.19, 1.04) #fs:   0  -- #Conts: 21 A(2)  G(4)  E(8)  C(7) 
 351106256 2560.00 || noQ Q (Avg,Max,Min) (1.01, 1.04, 1.00) (0.98, 0.74, 1.04) #fs:   0  -- #Conts: 21 A(3)  G(4)  E(8)  C(6) 
 357362832 2559.29 || noQ Q (Avg,Max,Min) (1.01, 1.11, 1.00) (0.94, 0.19, 1.04) #fs:   0  -- #Conts: 22 A(3)  G(4)  E(8)  C(7) 
 357970529 2558.29 || noQ Q (Avg,Max,Min) (1.01, 1.12, 1.00) (0.96, 0.38, 1.04) #fs:   0  -- #Conts: 21 A(2)  G(4)  E(8)  C(7) 
 359457881 2556.29 || noQ Q (Avg,Max,Min) (1.01, 1.04, 1.00) (0.97, 0.74, 1.04) #fs:   0  -- #Conts: 22 A(4)  G(4)  E(8)  C(6) 
 413112885 2554.76 || noQ Q (Avg,Max,Min) (1.01, 1.04, 1.00) (0.98, 0.77, 1.04) #fs:   0  -- #Conts: 18 A(3)  G(3)  E(8)  C(4) 
 413394214 2553.76 || noQ Q (Avg,Max,Min) (1.01, 1.04, 1.00) (1.00, 0.95, 1.04) #fs:   0  -- #Conts: 17 A(2)  G(3)  E(8)  C(4) 
 420877598 2552.76 || noQ Q (Avg,Max,Min) (1.01, 1.04, 1.00) (0.99, 0.69, 1.04) #fs:   0  -- #Conts: 19 A(2)  G(5)  E(8)  C(4) 
 428600205 2550.06 || noQ Q (Avg,Max,Min) (1.01, 1.04, 1.00) (0.99, 0.77, 1.04) #fs:   0  -- #Conts: 18 A(3)  G(3)  E(8)  C(4) 
 428881534 2549.06 || noQ Q (Avg,Max,Min) (1.01, 1.04, 1.00) (1.00, 0.95, 1.04) #fs:   0  -- #Conts: 17 A(2)  G(3)  E(8)  C(4) 
/////////////////size: 65
nodes 100 edges 123
 mulT: 500 mulD: 20000  sumData GB 57148
pareto /LIGO.n.100.0.dax time -> 4678.0
moheft /LIGO.n.100.0.dax time -> 1895.0
distance from M to C 23.479624760904315
distance from P to C 0.0
distance from C to M 55.44518038811415
distance from C to P 13.326398332367475
toCompare: /LIGO.n.100.0.dax sumDataGB: 57148 mulT: 500 mulD: 20000 paretoOptTime_MS: 4678.0 MoheftOptimizationTime_MS: 1895.0 MtoC 23.479624760904315 PtoC 0.0 CtoM 55.44518038811415 CtoP 13.326398332367475
