specify -Dflow d,b,mt,md,size
Running /home/vaggelis/jc/SIPHT.n.50.0.dax mt 500 md: 20000 size null
  75585914 1718.35 || noQ Q (Avg,Max,Min) (1.39, 3.24, 0.98) (1.37, 0.98, 3.16) #fs:   2  -- #Conts: 7 H(6)  G(1) 
  75621344 1686.82 || noQ Q (Avg,Max,Min) (1.41, 3.24, 1.00) (1.37, 0.87, 3.16) #fs:   1  -- #Conts: 7 H(6)  G(1) 
 112862904 1497.65 || noQ Q (Avg,Max,Min) (1.19, 2.20, 0.89) (1.10, 0.64, 2.02) #fs:   1  -- #Conts: 8 H(1)  G(7) 
 125481149 1445.59 || noQ Q (Avg,Max,Min) (1.20, 2.20, 1.00) (1.15, 0.94, 2.02) #fs:   0  -- #Conts: 8 G(7)  A(1) 
 125808378 1429.82 || noQ Q (Avg,Max,Min) (1.08, 1.23, 1.00) (1.06, 0.97, 1.21) #fs:   0  -- #Conts: 7 G(6)  A(1) 
 129644567 1428.76 || noQ Q (Avg,Max,Min) (1.06, 1.18, 1.00) (1.04, 0.97, 1.17) #fs:   0  -- #Conts: 7 G(5)  A(1)  E(1) 
 220935542 1392.94 || noQ Q (Avg,Max,Min) (1.09, 1.47, 1.00) (0.99, 0.71, 1.40) #fs:   1  -- #Conts: 10 G(2)  E(8) 
 251038568 1380.47 || noQ Q (Avg,Max,Min) (1.08, 1.47, 1.00) (0.99, 0.71, 1.40) #fs:   1  -- #Conts: 10 G(1)  E(9) 
 267286725 1368.00 || noQ Q (Avg,Max,Min) (1.08, 1.47, 1.00) (0.99, 0.71, 1.40) #fs:   1  -- #Conts: 10 E(10) 
/////////////////size: 9
  75588094 1627.76 || noQ Q (Avg,Max,Min) (1.12, 1.32, 1.03) (1.07, 0.75, 1.30) #fs:   0  -- #Conts: 7 H(4)  G(1)  A(2) 
  75647683 1626.76 || noQ Q (Avg,Max,Min) (1.12, 1.32, 1.01) (1.09, 0.86, 1.31) #fs:   0  -- #Conts: 7 H(4)  G(1)  A(2) 
  75762135 1625.76 || noQ Q (Avg,Max,Min) (1.13, 1.32, 1.03) (1.10, 0.89, 1.32) #fs:   0  -- #Conts: 6 H(4)  G(1)  A(1) 
  75854642 1624.76 || noQ Q (Avg,Max,Min) (1.14, 1.32, 1.03) (1.13, 1.02, 1.32) #fs:   0  -- #Conts: 6 H(4)  G(1)  A(1) 
  75904767 1623.76 || noQ Q (Avg,Max,Min) (1.14, 1.33, 1.03) (1.14, 1.02, 1.33) #fs:   0  -- #Conts: 5 H(4)  G(1) 
  83334126 1614.71 || noQ Q (Avg,Max,Min) (1.12, 1.31, 1.00) (1.06, 0.77, 1.29) #fs:   0  -- #Conts: 7 H(4)  G(2)  E(1) 
  84297993 1608.00 || noQ Q (Avg,Max,Min) (1.13, 1.31, 1.01) (1.12, 1.01, 1.29) #fs:   0  -- #Conts: 6 H(4)  G(2) 
  91000625 1592.24 || noQ Q (Avg,Max,Min) (1.40, 3.31, 1.00) (1.34, 0.94, 3.05) #fs:   0  -- #Conts: 7 H(4)  G(3) 
  92040872 1583.18 || noQ Q (Avg,Max,Min) (1.15, 1.23, 1.01) (1.11, 1.01, 1.21) #fs:   0  -- #Conts: 7 H(4)  G(2)  E(1) 
  92597937 1579.47 || noQ Q (Avg,Max,Min) (1.14, 1.25, 1.01) (0.99, 0.30, 1.21) #fs:   0  -- #Conts: 8 H(4)  G(2)  A(2) 
  92626635 1578.47 || noQ Q (Avg,Max,Min) (1.12, 1.23, 1.01) (1.09, 0.84, 1.21) #fs:   0  -- #Conts: 7 H(4)  G(2)  A(1) 
  92710195 1577.47 || noQ Q (Avg,Max,Min) (1.12, 1.23, 1.01) (1.11, 1.00, 1.21) #fs:   0  -- #Conts: 7 H(4)  G(2)  A(1) 
  92824647 1576.47 || noQ Q (Avg,Max,Min) (1.13, 1.23, 1.01) (1.13, 1.01, 1.21) #fs:   0  -- #Conts: 6 H(4)  G(2) 
  96597409 1548.94 || noQ Q (Avg,Max,Min) (1.13, 1.23, 1.03) (1.09, 0.81, 1.22) #fs:   0  -- #Conts: 6 H(3)  G(2)  A(1) 
  96699535 1547.94 || noQ Q (Avg,Max,Min) (1.13, 1.23, 1.02) (1.11, 0.90, 1.22) #fs:   0  -- #Conts: 6 H(3)  G(2)  A(1) 
  96842743 1546.94 || noQ Q (Avg,Max,Min) (1.13, 1.23, 1.03) (1.12, 1.01, 1.22) #fs:   0  -- #Conts: 6 H(3)  G(2)  A(1) 
  97054228 1545.94 || noQ Q (Avg,Max,Min) (1.13, 1.23, 1.04) (1.12, 1.00, 1.22) #fs:   0  -- #Conts: 6 H(3)  G(2)  A(1) 
 107305120 1544.18 || noQ Q (Avg,Max,Min) (1.28, 2.94, 1.00) (0.89, 0.09, 1.09) #fs:   0  -- #Conts: 8 H(3)  G(2)  A(1)  E(2) 
 107385865 1541.47 || noQ Q (Avg,Max,Min) (1.17, 2.12, 1.00) (0.90, 0.11, 1.09) #fs:   0  -- #Conts: 8 H(3)  G(2)  A(1)  E(1)  C(1) 
 108044198 1538.47 || noQ Q (Avg,Max,Min) (1.06, 1.25, 1.00) (0.92, 0.30, 1.09) #fs:   0  -- #Conts: 8 H(3)  G(2)  A(2)  E(1) 
 109300858 1523.41 || noQ Q (Avg,Max,Min) (1.03, 1.09, 1.00) (0.99, 0.87, 1.09) #fs:   3  -- #Conts: 6 H(2)  G(3)  E(1) 
 109354814 1507.65 || noQ Q (Avg,Max,Min) (1.65, 5.38, 1.00) (0.88, 0.07, 1.09) #fs:   3  -- #Conts: 7 H(2)  G(4)  E(1) 
 109416553 1498.59 || noQ Q (Avg,Max,Min) (1.31, 2.94, 1.00) (0.88, 0.09, 1.09) #fs:   3  -- #Conts: 7 H(2)  G(3)  E(2) 
 109497298 1495.88 || noQ Q (Avg,Max,Min) (1.19, 2.12, 1.00) (0.89, 0.11, 1.09) #fs:   3  -- #Conts: 7 H(2)  G(3)  E(1)  C(1) 
 110155631 1492.88 || noQ Q (Avg,Max,Min) (1.07, 1.25, 1.00) (0.91, 0.30, 1.09) #fs:   3  -- #Conts: 7 H(2)  G(3)  A(1)  E(1) 
 111913187 1447.59 || noQ Q (Avg,Max,Min) (1.07, 1.25, 1.01) (0.85, 0.30, 1.09) #fs:   2  -- #Conts: 7 H(1)  G(3)  A(2)  E(1) 
 111962370 1446.59 || noQ Q (Avg,Max,Min) (1.04, 1.09, 1.01) (0.95, 0.51, 1.09) #fs:   2  -- #Conts: 6 H(1)  G(3)  A(1)  E(1) 
 112133822 1444.59 || noQ Q (Avg,Max,Min) (1.04, 1.09, 1.02) (1.04, 1.02, 1.09) #fs:   2  -- #Conts: 5 H(1)  G(3)  E(1) 
 124680139 1428.82 || noQ Q (Avg,Max,Min) (1.04, 1.09, 1.00) (1.02, 0.94, 1.06) #fs:   2  -- #Conts: 5 G(4)  E(1) 
 126181686 1407.29 || noQ Q (Avg,Max,Min) (1.05, 1.10, 1.01) (1.03, 0.93, 1.10) #fs:   2  -- #Conts: 7 G(4)  A(2)  E(1) 
 126854481 1404.29 || noQ Q (Avg,Max,Min) (2.15, 8.73, 1.01) (0.90, 0.15, 1.10) #fs:   1  -- #Conts: 7 G(4)  A(2)  E(1) 
 126876444 1403.29 || noQ Q (Avg,Max,Min) (1.05, 1.10, 1.01) (1.03, 0.88, 1.10) #fs:   1  -- #Conts: 6 G(4)  A(1)  E(1) 
 126930835 1402.29 || noQ Q (Avg,Max,Min) (1.05, 1.10, 1.01) (1.05, 1.01, 1.10) #fs:   1  -- #Conts: 6 G(4)  A(1)  E(1) 
 171262980 1398.12 || noQ Q (Avg,Max,Min) (1.04, 1.10, 1.01) (1.03, 0.97, 1.10) #fs:   0  -- #Conts: 6 G(3)  A(2)  E(1) 
 171655258 1397.12 || noQ Q (Avg,Max,Min) (1.04, 1.10, 1.01) (1.03, 0.98, 1.10) #fs:   0  -- #Conts: 6 G(3)  A(2)  E(1) 
 172025219 1396.12 || noQ Q (Avg,Max,Min) (1.04, 1.10, 1.01) (1.04, 0.99, 1.10) #fs:   0  -- #Conts: 6 G(3)  A(2)  E(1) 
 172305788 1395.12 || noQ Q (Avg,Max,Min) (1.04, 1.10, 1.01) (1.04, 1.00, 1.10) #fs:   0  -- #Conts: 6 G(3)  A(2)  E(1) 
 172706037 1394.12 || noQ Q (Avg,Max,Min) (1.04, 1.10, 1.01) (1.04, 1.00, 1.10) #fs:   0  -- #Conts: 6 G(3)  A(2)  E(1) 
 176686535 1392.06 || noQ Q (Avg,Max,Min) (1.05, 1.16, 1.00) (1.04, 0.95, 1.16) #fs:   0  -- #Conts: 8 G(3)  A(2)  E(3) 
 178839727 1388.06 || noQ Q (Avg,Max,Min) (1.05, 1.16, 1.00) (1.03, 0.87, 1.16) #fs:   0  -- #Conts: 8 G(3)  A(2)  E(3) 
 179070054 1387.06 || noQ Q (Avg,Max,Min) (1.05, 1.16, 1.01) (1.03, 0.93, 1.16) #fs:   0  -- #Conts: 8 G(3)  A(2)  E(3) 
 230621142 1379.76 || noQ Q (Avg,Max,Min) (1.06, 1.30, 1.01) (1.05, 0.95, 1.30) #fs:   0  -- #Conts: 8 A(1)  G(2)  E(3)  C(2) 
 230868524 1378.76 || noQ Q (Avg,Max,Min) (1.06, 1.30, 1.00) (1.05, 0.96, 1.30) #fs:   0  -- #Conts: 8 A(1)  G(2)  E(3)  C(2) 
 231642734 1376.76 || noQ Q (Avg,Max,Min) (1.08, 1.35, 1.00) (0.98, 0.39, 1.35) #fs:   0  -- #Conts: 9 A(2)  G(2)  E(3)  C(2) 
 231664697 1375.76 || noQ Q (Avg,Max,Min) (1.06, 1.35, 1.00) (1.05, 0.97, 1.35) #fs:   0  -- #Conts: 8 A(1)  G(2)  E(3)  C(2) 
 231796046 1374.76 || noQ Q (Avg,Max,Min) (1.06, 1.35, 1.00) (1.06, 0.99, 1.35) #fs:   0  -- #Conts: 8 A(1)  G(2)  E(3)  C(2) 
 240121024 1371.00 || noQ Q (Avg,Max,Min) (1.05, 1.30, 1.00) (1.05, 1.00, 1.30) #fs:   0  -- #Conts: 8 A(2)  G(1)  E(3)  C(2) 
 240335381 1370.00 || noQ Q (Avg,Max,Min) (1.05, 1.28, 1.00) (1.05, 1.00, 1.28) #fs:   0  -- #Conts: 8 A(2)  G(1)  E(3)  C(2) 
 240536742 1369.00 || noQ Q (Avg,Max,Min) (1.05, 1.28, 1.00) (1.05, 1.00, 1.28) #fs:   0  -- #Conts: 8 A(2)  G(1)  E(3)  C(2) 
 277039200 1360.82 || noQ Q (Avg,Max,Min) (1.06, 1.30, 1.00) (1.05, 0.97, 1.30) #fs:   0  -- #Conts: 8 A(2)  E(4)  C(2) 
 277569153 1359.82 || noQ Q (Avg,Max,Min) (1.05, 1.30, 1.00) (1.05, 0.98, 1.30) #fs:   0  -- #Conts: 8 A(2)  E(4)  C(2) 
 278025895 1358.82 || noQ Q (Avg,Max,Min) (1.05, 1.30, 1.00) (1.05, 0.99, 1.30) #fs:   0  -- #Conts: 8 A(2)  E(4)  C(2) 
 279192392 1357.82 || noQ Q (Avg,Max,Min) (1.10, 1.42, 1.00) (0.98, 0.47, 1.30) #fs:   0  -- #Conts: 8 A(2)  E(4)  C(2) 
 279288442 1356.82 || noQ Q (Avg,Max,Min) (1.06, 1.30, 1.01) (1.05, 0.95, 1.30) #fs:   0  -- #Conts: 7 A(1)  E(4)  C(2) 
 279411109 1355.82 || noQ Q (Avg,Max,Min) (1.06, 1.30, 1.01) (1.06, 1.00, 1.30) #fs:   0  -- #Conts: 7 A(1)  E(4)  C(2) 
 279881553 1354.82 || noQ Q (Avg,Max,Min) (1.06, 1.30, 1.01) (1.06, 1.00, 1.30) #fs:   0  -- #Conts: 7 A(1)  E(4)  C(2) 
 315335082 1352.65 || noQ Q (Avg,Max,Min) (1.07, 1.35, 1.00) (1.05, 0.88, 1.35) #fs:   1  -- #Conts: 8 A(2)  E(5)  C(1) 
 315446004 1351.65 || noQ Q (Avg,Max,Min) (1.07, 1.35, 1.01) (1.06, 1.00, 1.35) #fs:   0  -- #Conts: 8 A(2)  E(5)  C(1) 
 379067801 1350.94 || noQ Q (Avg,Max,Min) (1.06, 1.28, 1.01) (1.04, 0.94, 1.28) #fs:   0  -- #Conts: 8 A(3)  E(4)  C(1) 
/////////////////size: 59
nodes 48 edges 56
 mulT: 500 mulD: 20000  sumData GB 26976
pareto /SIPHT.n.50.0.dax time -> 998.0
moheft /SIPHT.n.50.0.dax time -> 534.0
distance from M to C 0.0
distance from P to C 3.6535947712417913
distance from C to M 1.501536960762265
distance from C to P 9.987965195887384
toCompare: /SIPHT.n.50.0.dax sumDataGB: 26976 mulT: 500 mulD: 20000 paretoOptTime_MS: 998.0 MoheftOptimizationTime_MS: 534.0 MtoC 0.0 PtoC 3.6535947712417913 CtoM 1.501536960762265 CtoP 9.987965195887384
