specify -Dflow d,b,mt,md,size
Running /home/vaggelis/jc/CYBERSHAKE.n.50.0.dax mt 1000 md: 20000 size null
  22771146 504.47 || noQ Q (Avg,Max,Min) (2.18, 5.31, 0.06) (1.82, 0.00, 5.31) #fs:   3  -- #Conts: 5 H(5) 
  22782583 472.94 || noQ Q (Avg,Max,Min) (2.38, 5.31, 0.06) (2.27, 0.03, 5.31) #fs:   3  -- #Conts: 4 H(4) 
  22971692 441.41 || noQ Q (Avg,Max,Min) (3.14, 5.31, 0.06) (3.01, 0.03, 5.31) #fs:   1  -- #Conts: 3 H(3) 
  23072302 409.88 || noQ Q (Avg,Max,Min) (4.67, 5.31, 4.03) (4.50, 3.69, 5.31) #fs:   0  -- #Conts: 2 H(2) 
  39295623 394.12 || noQ Q (Avg,Max,Min) (1.15, 3.59, 0.07) (1.12, 0.05, 3.59) #fs:   6  -- #Conts: 6 G(6) 
  39590140 378.35 || noQ Q (Avg,Max,Min) (1.36, 3.59, 0.07) (1.33, 0.06, 3.59) #fs:   4  -- #Conts: 5 G(5) 
  88015992 356.41 || noQ Q (Avg,Max,Min) (0.98, 2.13, 0.12) (0.65, 0.01, 2.12) #fs:   3  -- #Conts: 7 A(1)  E(6) 
  88060319 349.71 || noQ Q (Avg,Max,Min) (0.96, 2.13, 0.12) (0.76, 0.11, 2.12) #fs:   3  -- #Conts: 6 A(1)  E(5) 
  88220830 343.00 || noQ Q (Avg,Max,Min) (1.09, 2.13, 0.15) (0.89, 0.14, 2.12) #fs:   2  -- #Conts: 5 A(1)  E(4) 
  88370902 342.00 || noQ Q (Avg,Max,Min) (1.02, 2.13, 0.20) (0.86, 0.09, 2.12) #fs:   3  -- #Conts: 5 E(5) 
  88531413 335.29 || noQ Q (Avg,Max,Min) (1.23, 2.13, 0.27) (1.07, 0.12, 2.12) #fs:   2  -- #Conts: 4 E(4) 
  88934690 328.59 || noQ Q (Avg,Max,Min) (1.55, 2.13, 0.73) (1.39, 0.27, 2.12) #fs:   1  -- #Conts: 3 E(3) 
  89887316 321.88 || noQ Q (Avg,Max,Min) (1.95, 2.13, 1.78) (1.95, 1.77, 2.12) #fs:   0  -- #Conts: 2 E(2) 
/////////////////size: 13
  22772497 431.65 || noQ Q (Avg,Max,Min) (2.27, 5.31, 1.01) (1.74, 0.01, 5.31) #fs:   0  -- #Conts: 6 H(2)  A(2)  G(1)  C(1) 
  22781245 422.59 || noQ Q (Avg,Max,Min) (2.23, 5.31, 1.00) (1.74, 0.00, 5.31) #fs:   0  -- #Conts: 6 H(2)  A(2)  E(1)  C(1) 
  22783934 415.88 || noQ Q (Avg,Max,Min) (2.48, 5.31, 1.01) (2.08, 0.27, 5.31) #fs:   0  -- #Conts: 5 H(2)  A(2)  C(1) 
  22829175 413.88 || noQ Q (Avg,Max,Min) (2.74, 5.31, 0.79) (2.49, 0.45, 5.31) #fs:   2  -- #Conts: 4 H(2)  A(2) 
  22873741 412.88 || noQ Q (Avg,Max,Min) (2.72, 5.31, 0.75) (2.54, 0.45, 5.31) #fs:   2  -- #Conts: 4 H(2)  A(2) 
  22959496 411.88 || noQ Q (Avg,Max,Min) (3.38, 5.31, 0.79) (3.15, 0.45, 5.31) #fs:   1  -- #Conts: 3 H(2)  A(1) 
  22994608 410.88 || noQ Q (Avg,Max,Min) (3.35, 5.31, 0.71) (3.20, 0.61, 5.31) #fs:   1  -- #Conts: 3 H(2)  A(1) 
  23068546 409.88 || noQ Q (Avg,Max,Min) (4.67, 5.31, 4.03) (4.50, 3.69, 5.31) #fs:   0  -- #Conts: 2 H(2) 
  87917188 374.18 || noQ Q (Avg,Max,Min) (1.25, 2.13, 1.00) (0.87, 0.01, 2.12) #fs:   0  -- #Conts: 9 H(1)  A(5)  G(1)  E(2) 
  87917435 358.41 || noQ Q (Avg,Max,Min) (1.26, 2.13, 1.00) (0.98, 0.01, 2.12) #fs:   0  -- #Conts: 8 H(1)  A(5)  E(2) 
  87945385 343.65 || noQ Q (Avg,Max,Min) (1.26, 2.13, 0.82) (0.95, 0.02, 2.12) #fs:   1  -- #Conts: 7 A(4)  G(1)  E(2) 
  88003783 342.65 || noQ Q (Avg,Max,Min) (1.29, 2.13, 1.00) (0.99, 0.04, 2.12) #fs:   1  -- #Conts: 7 A(4)  G(1)  E(2) 
  88021212 331.88 || noQ Q (Avg,Max,Min) (1.26, 2.13, 0.82) (0.95, 0.02, 2.12) #fs:   1  -- #Conts: 7 A(4)  E(2)  C(1) 
  88065539 327.88 || noQ Q (Avg,Max,Min) (1.29, 2.13, 0.82) (1.10, 0.51, 2.12) #fs:   1  -- #Conts: 6 A(4)  E(2) 
  88205171 326.88 || noQ Q (Avg,Max,Min) (1.29, 2.13, 0.79) (1.16, 0.54, 2.12) #fs:   1  -- #Conts: 6 A(4)  E(2) 
  88304349 325.88 || noQ Q (Avg,Max,Min) (1.32, 2.13, 1.00) (1.22, 0.54, 2.12) #fs:   0  -- #Conts: 6 A(4)  E(2) 
  88761089 324.88 || noQ Q (Avg,Max,Min) (1.38, 2.13, 1.00) (1.27, 0.54, 2.12) #fs:   0  -- #Conts: 5 A(3)  E(2) 
  89015558 323.88 || noQ Q (Avg,Max,Min) (1.48, 2.13, 1.00) (1.45, 0.95, 2.12) #fs:   0  -- #Conts: 4 A(2)  E(2) 
  89460552 322.88 || noQ Q (Avg,Max,Min) (1.64, 2.13, 1.00) (1.62, 0.97, 2.12) #fs:   0  -- #Conts: 3 A(1)  E(2) 
  89913376 321.88 || noQ Q (Avg,Max,Min) (1.95, 2.13, 1.78) (1.95, 1.77, 2.12) #fs:   0  -- #Conts: 2 E(2) 
/////////////////size: 20
nodes 50 edges 92
 mulT: 1000 mulD: 20000  sumData GB 1726048
pareto /CYBERSHAKE.n.50.0.dax time -> 490.0
moheft /CYBERSHAKE.n.50.0.dax time -> 123.0
distance from M to C 0.0
distance from P to C 0.9248507584221763
distance from C to M 2.094629156010228
distance from C to P 1.9379233970135006
toCompare: /CYBERSHAKE.n.50.0.dax sumDataGB: 1726048 mulT: 1000 mulD: 20000 paretoOptTime_MS: 490.0 MoheftOptimizationTime_MS: 123.0 MtoC 0.0 PtoC 0.9248507584221763 CtoM 2.094629156010228 CtoP 1.9379233970135006
