specify -Dflow d,b,mt,md,size
Running /home/vaggelis/jc/SIPHT.n.50.0.dax mt 100 md: 1000 size null
  13754407 472.94 || noQ Q (Avg,Max,Min) (0.79, 1.01, 0.66) (0.73, 0.63, 0.89) #fs:   4  -- #Conts: 4 H(4) 
  13756178 441.41 || noQ Q (Avg,Max,Min) (0.86, 1.01, 0.72) (0.78, 0.65, 0.89) #fs:   3  -- #Conts: 4 H(4) 
  13771902 409.88 || noQ Q (Avg,Max,Min) (0.92, 1.01, 0.72) (0.84, 0.65, 0.96) #fs:   2  -- #Conts: 4 H(4) 
  14000239 378.35 || noQ Q (Avg,Max,Min) (1.02, 1.09, 0.96) (0.87, 0.68, 0.97) #fs:   1  -- #Conts: 4 H(4) 
  22832753 346.82 || noQ Q (Avg,Max,Min) (0.98, 1.06, 0.87) (0.89, 0.79, 0.96) #fs:   2  -- #Conts: 4 H(1)  G(3) 
  23332692 331.06 || noQ Q (Avg,Max,Min) (0.96, 1.06, 0.85) (0.88, 0.79, 0.94) #fs:   4  -- #Conts: 4 G(4) 
  23730512 315.29 || noQ Q (Avg,Max,Min) (1.01, 1.06, 0.96) (0.91, 0.84, 0.94) #fs:   2  -- #Conts: 4 G(4) 
  35353713 299.53 || noQ Q (Avg,Max,Min) (1.01, 1.02, 1.00) (0.90, 0.69, 1.02) #fs:   1  -- #Conts: 3 G(3) 
  35806786 283.76 || noQ Q (Avg,Max,Min) (1.02, 1.02, 1.01) (1.01, 1.00, 1.02) #fs:   0  -- #Conts: 2 G(2) 
  52089254 281.65 || noQ Q (Avg,Max,Min) (1.00, 1.02, 0.94) (0.96, 0.93, 1.00) #fs:   1  -- #Conts: 6 E(6) 
  67277559 274.94 || noQ Q (Avg,Max,Min) (1.00, 1.01, 1.00) (0.98, 0.95, 1.01) #fs:   0  -- #Conts: 5 E(5) 
/////////////////size: 11
  13981752 346.82 || noQ Q (Avg,Max,Min) (1.02, 1.06, 1.00) (0.95, 0.88, 0.98) #fs:   1  -- #Conts: 4 H(3)  G(1) 
  25190325 322.00 || noQ Q (Avg,Max,Min) (0.99, 1.06, 0.83) (0.87, 0.77, 1.01) #fs:   3  -- #Conts: 5 G(4)  E(1) 
  33034287 308.24 || noQ Q (Avg,Max,Min) (1.03, 1.15, 0.94) (0.90, 0.77, 0.96) #fs:   1  -- #Conts: 4 G(2)  A(1)  E(1) 
  34268155 302.53 || noQ Q (Avg,Max,Min) (1.01, 1.02, 1.00) (0.87, 0.73, 1.02) #fs:   0  -- #Conts: 4 G(3)  A(1) 
  34293569 301.53 || noQ Q (Avg,Max,Min) (1.01, 1.02, 1.00) (0.93, 0.73, 1.02) #fs:   0  -- #Conts: 4 G(3)  A(1) 
  34867749 300.53 || noQ Q (Avg,Max,Min) (1.01, 1.02, 1.00) (0.93, 0.73, 1.02) #fs:   0  -- #Conts: 4 G(3)  A(1) 
  35066318 299.53 || noQ Q (Avg,Max,Min) (1.01, 1.02, 1.01) (0.91, 0.73, 1.02) #fs:   0  -- #Conts: 3 G(3) 
  37200131 296.47 || noQ Q (Avg,Max,Min) (1.01, 1.03, 1.00) (0.93, 0.69, 1.02) #fs:   1  -- #Conts: 5 G(3)  E(2) 
  40408415 295.47 || noQ Q (Avg,Max,Min) (0.96, 1.13, 0.62) (0.88, 0.45, 1.02) #fs:   1  -- #Conts: 5 G(2)  A(2)  E(1) 
  40409167 294.47 || noQ Q (Avg,Max,Min) (1.03, 1.13, 1.00) (0.92, 0.65, 1.02) #fs:   0  -- #Conts: 5 G(2)  A(2)  E(1) 
  40486926 293.47 || noQ Q (Avg,Max,Min) (1.03, 1.13, 1.00) (0.99, 0.95, 1.02) #fs:   0  -- #Conts: 5 G(2)  A(2)  E(1) 
  40687881 292.47 || noQ Q (Avg,Max,Min) (1.04, 1.13, 1.00) (0.99, 0.95, 1.02) #fs:   0  -- #Conts: 4 G(2)  A(1)  E(1) 
  41472549 290.76 || noQ Q (Avg,Max,Min) (0.99, 1.02, 0.93) (0.86, 0.70, 1.02) #fs:   1  -- #Conts: 4 G(2)  A(2) 
  41473301 289.76 || noQ Q (Avg,Max,Min) (0.99, 1.02, 0.92) (0.92, 0.75, 1.02) #fs:   1  -- #Conts: 4 G(2)  A(2) 
  41534638 288.76 || noQ Q (Avg,Max,Min) (0.99, 1.02, 0.92) (0.98, 0.92, 1.02) #fs:   1  -- #Conts: 4 G(2)  A(2) 
  41740858 287.76 || noQ Q (Avg,Max,Min) (0.98, 1.02, 0.88) (0.97, 0.88, 1.02) #fs:   1  -- #Conts: 4 G(2)  A(2) 
  41948584 286.76 || noQ Q (Avg,Max,Min) (0.95, 1.02, 0.76) (0.94, 0.76, 1.02) #fs:   1  -- #Conts: 4 G(2)  A(2) 
  42097395 285.76 || noQ Q (Avg,Max,Min) (1.01, 1.02, 1.00) (1.00, 0.99, 1.02) #fs:   0  -- #Conts: 3 G(2)  A(1) 
  42669086 284.76 || noQ Q (Avg,Max,Min) (1.01, 1.02, 1.00) (1.01, 1.00, 1.02) #fs:   0  -- #Conts: 3 G(2)  A(1) 
  42876662 283.76 || noQ Q (Avg,Max,Min) (1.02, 1.02, 1.01) (1.01, 1.00, 1.02) #fs:   0  -- #Conts: 2 G(2) 
  46227387 279.00 || noQ Q (Avg,Max,Min) (1.01, 1.03, 1.00) (0.95, 0.71, 1.03) #fs:   0  -- #Conts: 5 G(2)  A(1)  E(2) 
  46288659 278.00 || noQ Q (Avg,Max,Min) (1.01, 1.03, 1.00) (1.00, 0.98, 1.03) #fs:   0  -- #Conts: 5 G(2)  A(1)  E(2) 
  46783894 277.00 || noQ Q (Avg,Max,Min) (1.01, 1.03, 1.00) (0.99, 0.92, 1.03) #fs:   0  -- #Conts: 5 G(2)  A(1)  E(2) 
  69352654 276.29 || noQ Q (Avg,Max,Min) (1.01, 1.03, 1.00) (1.00, 0.97, 1.03) #fs:   0  -- #Conts: 4 G(1)  A(1)  E(2) 
  69819833 275.29 || noQ Q (Avg,Max,Min) (1.01, 1.03, 1.01) (1.00, 0.98, 1.03) #fs:   0  -- #Conts: 3 G(1)  E(2) 
  97024346 273.71 || noQ Q (Avg,Max,Min) (1.02, 1.05, 1.00) (0.79, 0.06, 1.00) #fs:   0  -- #Conts: 5 A(2)  E(2)  C(1) 
/////////////////size: 26
nodes 48 edges 56
 mulT: 100 mulD: 1000  sumData GB 1348
pareto /SIPHT.n.50.0.dax time -> 829.0
moheft /SIPHT.n.50.0.dax time -> 262.0
distance from M to C 1.7136123091431268
distance from P to C 1.161821253220342
distance from C to M 7.013815644344292
distance from C to P 1.4138815666165694
toCompare: /SIPHT.n.50.0.dax sumDataGB: 1348 mulT: 100 mulD: 1000 paretoOptTime_MS: 829.0 MoheftOptimizationTime_MS: 262.0 MtoC 1.7136123091431268 PtoC 1.161821253220342 CtoM 7.013815644344292 CtoP 1.4138815666165694
