specify -Dflow d,b,mt,md,size
Running /home/vaggelis/jc/LIGO.n.50.0.dax mt 30 md: 100 size null
   1419833 362.59 || noQ Q (Avg,Max,Min) (0.87, 1.00, 0.67) (0.31, 0.21, 0.36) #fs:  14  -- #Conts: 12 H(11)  G(1) 
   1430022 346.82 || noQ Q (Avg,Max,Min) (0.89, 1.00, 0.76) (0.32, 0.24, 0.36) #fs:  14  -- #Conts: 12 H(10)  G(2) 
   1498283 331.06 || noQ Q (Avg,Max,Min) (0.87, 1.00, 0.77) (0.33, 0.27, 0.41) #fs:  15  -- #Conts: 12 H(9)  G(3) 
   1693248 315.29 || noQ Q (Avg,Max,Min) (0.86, 1.00, 0.79) (0.35, 0.28, 0.47) #fs:  15  -- #Conts: 12 H(8)  G(4) 
   1871409 299.53 || noQ Q (Avg,Max,Min) (0.82, 1.00, 0.71) (0.37, 0.28, 0.52) #fs:  15  -- #Conts: 12 H(7)  G(5) 
   1949947 283.76 || noQ Q (Avg,Max,Min) (0.82, 1.00, 0.68) (0.39, 0.28, 0.54) #fs:  16  -- #Conts: 12 H(6)  G(6) 
   2018281 268.00 || noQ Q (Avg,Max,Min) (0.83, 1.00, 0.67) (0.41, 0.28, 0.56) #fs:  16  -- #Conts: 12 H(5)  G(7) 
   2070941 252.24 || noQ Q (Avg,Max,Min) (0.84, 1.00, 0.65) (0.43, 0.28, 0.57) #fs:  16  -- #Conts: 12 H(4)  G(8) 
   2137756 236.47 || noQ Q (Avg,Max,Min) (0.85, 1.00, 0.63) (0.45, 0.28, 0.58) #fs:  16  -- #Conts: 12 H(3)  G(9) 
   2240302 220.71 || noQ Q (Avg,Max,Min) (0.86, 1.00, 0.60) (0.47, 0.28, 0.61) #fs:  16  -- #Conts: 12 H(2)  G(10) 
   2299895 204.94 || noQ Q (Avg,Max,Min) (0.87, 1.00, 0.68) (0.49, 0.28, 0.62) #fs:  15  -- #Conts: 12 H(1)  G(11) 
   2431317 189.18 || noQ Q (Avg,Max,Min) (0.85, 1.00, 0.63) (0.50, 0.34, 0.62) #fs:  14  -- #Conts: 12 G(12) 
   2762865 180.12 || noQ Q (Avg,Max,Min) (0.87, 1.00, 0.67) (0.54, 0.36, 0.76) #fs:  15  -- #Conts: 12 G(11)  E(1) 
   2948721 171.06 || noQ Q (Avg,Max,Min) (0.85, 1.00, 0.71) (0.58, 0.41, 0.81) #fs:  16  -- #Conts: 12 G(10)  E(2) 
   3311144 157.65 || noQ Q (Avg,Max,Min) (0.89, 1.00, 0.79) (0.71, 0.56, 0.81) #fs:   4  -- #Conts: 5 H(5) 
   3579833 141.88 || noQ Q (Avg,Max,Min) (0.88, 1.00, 0.78) (0.79, 0.62, 0.97) #fs:   6  -- #Conts: 5 H(4)  G(1) 
   6709184 140.82 || noQ Q (Avg,Max,Min) (0.84, 1.00, 0.55) (0.64, 0.50, 0.81) #fs:  13  -- #Conts: 13 E(13) 
   7837980 134.12 || noQ Q (Avg,Max,Min) (0.81, 1.00, 0.55) (0.66, 0.50, 0.93) #fs:  14  -- #Conts: 12 E(12) 
   8756936 132.24 || noQ Q (Avg,Max,Min) (0.91, 1.00, 0.72) (0.74, 0.58, 1.00) #fs:  11  -- #Conts: 15 E(3)  C(12) 
   8769977 130.82 || noQ Q (Avg,Max,Min) (0.93, 1.00, 0.75) (0.75, 0.58, 1.00) #fs:  12  -- #Conts: 15 E(2)  C(13) 
   8990827 129.41 || noQ Q (Avg,Max,Min) (0.93, 1.00, 0.73) (0.75, 0.58, 1.00) #fs:  10  -- #Conts: 15 E(1)  C(14) 
   9503850 128.00 || noQ Q (Avg,Max,Min) (0.92, 1.00, 0.69) (0.76, 0.58, 1.00) #fs:   9  -- #Conts: 15 C(15) 
  10071815 127.41 || noQ Q (Avg,Max,Min) (0.79, 1.00, 0.55) (0.67, 0.50, 0.92) #fs:  12  -- #Conts: 12 E(12) 
  10746763 121.41 || noQ Q (Avg,Max,Min) (0.92, 1.00, 0.66) (0.80, 0.65, 0.97) #fs:   9  -- #Conts: 15 E(1)  C(14) 
  10764264 120.00 || noQ Q (Avg,Max,Min) (0.93, 1.00, 0.71) (0.81, 0.66, 0.97) #fs:   7  -- #Conts: 15 C(15) 
  13274436 116.00 || noQ Q (Avg,Max,Min) (0.95, 1.00, 0.72) (0.84, 0.69, 0.99) #fs:   6  -- #Conts: 15 C(15) 
  14378556 112.00 || noQ Q (Avg,Max,Min) (0.97, 1.00, 0.85) (0.86, 0.74, 0.98) #fs:   5  -- #Conts: 15 C(15) 
  15785562 108.00 || noQ Q (Avg,Max,Min) (0.95, 1.00, 0.79) (0.88, 0.74, 0.97) #fs:   7  -- #Conts: 10 C(10) 
/////////////////size: 28
   3997769 254.24 || noQ Q (Avg,Max,Min) (0.92, 1.00, 0.52) (0.41, 0.15, 0.90) #fs:   6  -- #Conts: 11 H(5)  A(2)  G(4) 
   4041813 238.47 || noQ Q (Avg,Max,Min) (0.91, 1.00, 0.52) (0.45, 0.15, 0.90) #fs:   6  -- #Conts: 10 H(5)  A(2)  G(3) 
   4309468 222.71 || noQ Q (Avg,Max,Min) (0.90, 1.00, 0.50) (0.48, 0.15, 0.90) #fs:   6  -- #Conts: 9 H(5)  A(2)  G(2) 
   4381559 206.94 || noQ Q (Avg,Max,Min) (0.96, 1.00, 0.79) (0.42, 0.15, 0.96) #fs:   6  -- #Conts: 12 H(3)  A(2)  G(7) 
   4626888 191.18 || noQ Q (Avg,Max,Min) (0.96, 1.00, 0.79) (0.46, 0.19, 0.96) #fs:   6  -- #Conts: 11 H(3)  A(2)  G(6) 
   4780935 175.41 || noQ Q (Avg,Max,Min) (0.96, 1.00, 0.79) (0.51, 0.24, 0.96) #fs:   6  -- #Conts: 10 H(3)  A(2)  G(5) 
   4926898 166.35 || noQ Q (Avg,Max,Min) (0.95, 1.00, 0.79) (0.53, 0.24, 0.96) #fs:   7  -- #Conts: 10 H(3)  A(2)  G(4)  E(1) 
   4936402 159.65 || noQ Q (Avg,Max,Min) (0.95, 1.00, 0.79) (0.56, 0.26, 0.96) #fs:   6  -- #Conts: 9 H(3)  A(2)  G(4) 
   4984244 157.29 || noQ Q (Avg,Max,Min) (0.95, 1.00, 0.79) (0.55, 0.26, 0.96) #fs:   7  -- #Conts: 10 H(3)  A(2)  G(3)  E(2) 
   5008278 150.59 || noQ Q (Avg,Max,Min) (0.95, 1.00, 0.79) (0.59, 0.31, 0.96) #fs:   6  -- #Conts: 9 H(3)  A(2)  G(3)  E(1) 
   5201739 148.24 || noQ Q (Avg,Max,Min) (0.96, 1.00, 0.79) (0.57, 0.31, 0.96) #fs:   6  -- #Conts: 10 H(3)  A(2)  G(2)  E(3) 
   5347643 145.88 || noQ Q (Avg,Max,Min) (0.96, 1.00, 0.79) (0.57, 0.31, 0.96) #fs:   7  -- #Conts: 11 H(3)  A(2)  G(1)  E(5) 
   5499172 143.18 || noQ Q (Avg,Max,Min) (0.95, 1.00, 0.79) (0.59, 0.31, 0.96) #fs:   7  -- #Conts: 11 H(3)  A(2)  G(1)  E(4)  C(1) 
   5605593 140.82 || noQ Q (Avg,Max,Min) (0.96, 1.00, 0.79) (0.60, 0.31, 0.96) #fs:   6  -- #Conts: 12 H(3)  A(2)  E(6)  C(1) 
   5741806 134.82 || noQ Q (Avg,Max,Min) (0.94, 1.00, 0.79) (0.66, 0.31, 0.96) #fs:   6  -- #Conts: 8 H(3)  A(2)  G(2)  E(1) 
   5860216 132.12 || noQ Q (Avg,Max,Min) (0.94, 1.00, 0.79) (0.69, 0.31, 0.96) #fs:   6  -- #Conts: 8 H(3)  A(2)  G(2)  C(1) 
   6110832 131.06 || noQ Q (Avg,Max,Min) (0.95, 1.00, 0.79) (0.69, 0.31, 0.96) #fs:   7  -- #Conts: 10 H(3)  A(2)  G(1)  E(1)  C(3) 
   6165977 128.35 || noQ Q (Avg,Max,Min) (0.96, 1.00, 0.79) (0.71, 0.31, 0.96) #fs:   7  -- #Conts: 10 H(3)  A(2)  G(1)  C(4) 
   6296289 128.12 || noQ Q (Avg,Max,Min) (0.94, 1.00, 0.79) (0.73, 0.31, 0.96) #fs:   6  -- #Conts: 7 H(3)  A(2)  G(2) 
   6535734 127.06 || noQ Q (Avg,Max,Min) (0.93, 1.00, 0.79) (0.74, 0.31, 0.96) #fs:   7  -- #Conts: 9 H(3)  A(2)  G(1)  E(1)  C(2) 
   6671371 123.06 || noQ Q (Avg,Max,Min) (0.94, 1.00, 0.79) (0.76, 0.31, 0.96) #fs:   6  -- #Conts: 8 H(3)  A(2)  G(1)  E(1)  C(1) 
   7687926 118.00 || noQ Q (Avg,Max,Min) (0.98, 1.00, 0.78) (0.78, 0.58, 0.99) #fs:   2  -- #Conts: 12 H(1)  G(2)  E(7)  C(2) 
   7755659 114.00 || noQ Q (Avg,Max,Min) (0.98, 1.00, 0.78) (0.82, 0.61, 0.99) #fs:   3  -- #Conts: 11 H(1)  G(2)  E(7)  C(1) 
  11009955 110.94 || noQ Q (Avg,Max,Min) (0.95, 1.00, 0.77) (0.85, 0.61, 0.99) #fs:   3  -- #Conts: 9 H(1)  G(2)  E(3)  C(3) 
  11061950 109.65 || noQ Q (Avg,Max,Min) (0.97, 1.00, 0.78) (0.88, 0.75, 0.99) #fs:   2  -- #Conts: 7 H(1)  G(2)  E(3)  C(1) 
  56064251 108.59 || noQ Q (Avg,Max,Min) (1.00, 1.00, 1.00) (0.89, 0.73, 0.98) #fs:   0  -- #Conts: 12 G(1)  A(7)  E(3)  C(1) 
 102550616 106.88 || noQ Q (Avg,Max,Min) (1.00, 1.00, 1.00) (0.89, 0.73, 0.98) #fs:   0  -- #Conts: 9 G(1)  A(3)  E(2)  C(3) 
/////////////////size: 27
nodes 50 edges 60
 mulT: 30 mulD: 100  sumData GB 144
pareto /LIGO.n.50.0.dax time -> 1163.0
moheft /LIGO.n.50.0.dax time -> 189.0
distance from M to C 1.0652146596365482
distance from P to C 5.0129866558455864
distance from C to M 9.93920483556167
distance from C to P 4.8593951568772615
toCompare: /LIGO.n.50.0.dax sumDataGB: 144 mulT: 30 mulD: 100 paretoOptTime_MS: 1163.0 MoheftOptimizationTime_MS: 189.0 MtoC 1.0652146596365482 PtoC 5.0129866558455864 CtoM 9.93920483556167 CtoP 4.8593951568772615
