specify -Dflow d,b,mt,md,size
Running /home/vaggelis/jc/MONTAGE.n.100.0.dax mt 100 md: 20000 size null
   3664860 063.06 || noQ Q (Avg,Max,Min) (25.32, 25.32, 10.00) (12.89, 10.00, 12.89) #fs:   0  -- #Conts: 1 H(1) 
   5828951 047.29 || noQ Q (Avg,Max,Min) (15.76, 16.12, 10.00) (8.95, 4.84, 13.05) #fs:   2  -- #Conts: 2 G(2) 
   6280925 031.53 || noQ Q (Avg,Max,Min) (15.19, 15.19, 10.00) (13.25, 10.00, 13.25) #fs:   0  -- #Conts: 1 G(1) 
  14165444 026.82 || noQ Q (Avg,Max,Min) (7.29, 7.29, 7.29) (7.17, 7.17, 7.17) #fs:   0  -- #Conts: 1 E(1) 
/////////////////size: 4
   5552682 113.65 || noQ Q (Avg,Max,Min) (15.13, 30.98, 7.75) (2.66, 0.49, 9.74) #fs:   3  -- #Conts: 9 H(1)  G(2)  E(4)  C(2) 
   5552751 106.94 || noQ Q (Avg,Max,Min) (15.42, 30.98, 7.75) (2.99, 0.94, 9.74) #fs:   3  -- #Conts: 8 H(1)  G(2)  E(3)  C(2) 
   5617836 082.12 || noQ Q (Avg,Max,Min) (13.90, 27.66, 7.75) (2.38, 0.49, 13.09) #fs:   1  -- #Conts: 8 G(2)  E(4)  C(2) 
   5617905 075.41 || noQ Q (Avg,Max,Min) (14.06, 27.66, 7.75) (2.72, 0.94, 13.09) #fs:   1  -- #Conts: 7 G(2)  E(3)  C(2) 
   5676767 059.65 || noQ Q (Avg,Max,Min) (11.66, 16.62, 7.75) (3.10, 0.98, 13.11) #fs:   1  -- #Conts: 6 G(1)  E(3)  C(2) 
   5708892 056.94 || noQ Q (Avg,Max,Min) (10.92, 16.55, 7.75) (3.03, 0.49, 13.12) #fs:   0  -- #Conts: 6 G(1)  E(2)  C(3) 
   5709529 050.24 || noQ Q (Avg,Max,Min) (10.55, 16.54, 7.75) (3.64, 1.04, 13.12) #fs:   0  -- #Conts: 5 G(1)  E(1)  C(3) 
   5772425 047.53 || noQ Q (Avg,Max,Min) (9.23, 16.38, 6.83) (3.56, 0.52, 13.13) #fs:   0  -- #Conts: 5 G(1)  C(4) 
   5823587 043.53 || noQ Q (Avg,Max,Min) (9.54, 16.24, 6.83) (4.45, 1.04, 13.13) #fs:   1  -- #Conts: 4 G(1)  C(3) 
   5894224 039.53 || noQ Q (Avg,Max,Min) (10.38, 16.07, 7.24) (5.59, 1.56, 13.16) #fs:   0  -- #Conts: 3 G(1)  C(2) 
   6012352 038.24 || noQ Q (Avg,Max,Min) (13.92, 15.79, 10.00) (7.82, 2.45, 13.19) #fs:   0  -- #Conts: 2 G(1)  E(1) 
   6075795 035.53 || noQ Q (Avg,Max,Min) (11.72, 15.64, 7.80) (7.64, 2.07, 13.20) #fs:   0  -- #Conts: 2 G(1)  C(1) 
   6259597 032.53 || noQ Q (Avg,Max,Min) (8.89, 15.23, 2.55) (6.99, 0.74, 13.24) #fs:   0  -- #Conts: 2 G(1)  A(1) 
   6280925 031.53 || noQ Q (Avg,Max,Min) (15.19, 15.19, 10.00) (13.25, 10.00, 13.25) #fs:   0  -- #Conts: 1 G(1) 
  17639509 031.47 || noQ Q (Avg,Max,Min) (9.15, 16.46, 1.99) (7.49, 1.71, 12.35) #fs:   3  -- #Conts: 6 G(1)  A(3)  E(1)  C(1) 
  18165938 030.47 || noQ Q (Avg,Max,Min) (9.59, 14.05, 3.86) (9.07, 3.85, 13.30) #fs:   2  -- #Conts: 4 G(1)  A(1)  E(1)  C(1) 
/////////////////size: 16
nodes 100 edges 234
 mulT: 100 mulD: 20000  sumData GB 36970
pareto /MONTAGE.n.100.0.dax time -> 3906.0
moheft /MONTAGE.n.100.0.dax time -> 526.0
distance from M to C 1.6877766228828923
distance from P to C 0.2538762001448738
distance from C to M 0.8037913399427055
distance from C to P 0.9168804126901944
toCompare: /MONTAGE.n.100.0.dax sumDataGB: 36970 mulT: 100 mulD: 20000 paretoOptTime_MS: 3906.0 MoheftOptimizationTime_MS: 526.0 MtoC 1.6877766228828923 PtoC 0.2538762001448738 CtoM 0.8037913399427055 CtoP 0.9168804126901944
