specify -Dflow d,b,mt,md,size
Running /home/vaggelis/jc/SIPHT.n.50.0.dax mt 1000 md: 100 size null
 133823814 3783.53 || noQ Q (Avg,Max,Min) (0.96, 1.00, 0.64) (0.87, 0.63, 1.00) #fs:   1  -- #Conts: 8 H(8) 
 133823991 3342.12 || noQ Q (Avg,Max,Min) (1.00, 1.00, 1.00) (0.91, 0.68, 1.00) #fs:   0  -- #Conts: 8 H(8) 
 222665469 2884.94 || noQ Q (Avg,Max,Min) (1.00, 1.00, 1.00) (0.98, 0.91, 1.00) #fs:   0  -- #Conts: 7 H(1)  G(6) 
 229325307 2860.35 || noQ Q (Avg,Max,Min) (1.00, 1.00, 0.97) (0.97, 0.91, 0.99) #fs:   1  -- #Conts: 7 G(6)  E(1) 
 229325484 2828.82 || noQ Q (Avg,Max,Min) (1.00, 1.00, 1.00) (0.98, 0.91, 1.00) #fs:   0  -- #Conts: 7 G(6)  E(1) 
 517154752 2702.35 || noQ Q (Avg,Max,Min) (1.00, 1.00, 1.00) (0.99, 0.96, 1.00) #fs:   0  -- #Conts: 8 E(7)  C(1) 
/////////////////size: 6
 136401491 3251.00 || noQ Q (Avg,Max,Min) (1.00, 1.00, 1.00) (0.98, 0.93, 1.00) #fs:   1  -- #Conts: 8 H(4)  G(1)  A(2)  C(1) 
 136461097 3250.00 || noQ Q (Avg,Max,Min) (1.00, 1.00, 1.00) (0.98, 0.95, 1.00) #fs:   0  -- #Conts: 7 H(4)  G(1)  A(1)  C(1) 
 136512914 3249.00 || noQ Q (Avg,Max,Min) (1.00, 1.00, 1.00) (0.98, 0.95, 1.00) #fs:   0  -- #Conts: 7 H(4)  G(1)  A(1)  C(1) 
 136570572 3248.00 || noQ Q (Avg,Max,Min) (1.00, 1.00, 1.00) (0.98, 0.93, 1.00) #fs:   0  -- #Conts: 7 H(4)  G(1)  A(1)  C(1) 
 136630327 3247.00 || noQ Q (Avg,Max,Min) (1.00, 1.00, 1.00) (0.98, 0.95, 1.00) #fs:   0  -- #Conts: 7 H(4)  G(1)  A(1)  C(1) 
 136739802 3246.00 || noQ Q (Avg,Max,Min) (1.00, 1.00, 1.00) (0.98, 0.92, 1.00) #fs:   0  -- #Conts: 7 H(4)  G(1)  A(1)  C(1) 
 137060038 3239.94 || noQ Q (Avg,Max,Min) (1.00, 1.00, 1.00) (0.83, 0.07, 1.00) #fs:   0  -- #Conts: 9 H(4)  G(2)  A(1)  E(1)  C(1) 
 137174106 3233.24 || noQ Q (Avg,Max,Min) (1.00, 1.00, 1.00) (0.93, 0.59, 1.00) #fs:   0  -- #Conts: 8 H(4)  G(2)  A(1)  C(1) 
 137378358 3232.24 || noQ Q (Avg,Max,Min) (1.00, 1.00, 1.00) (0.94, 0.65, 1.00) #fs:   0  -- #Conts: 8 H(4)  G(2)  A(1)  C(1) 
 137567397 3231.24 || noQ Q (Avg,Max,Min) (1.00, 1.00, 1.00) (0.95, 0.70, 1.00) #fs:   0  -- #Conts: 8 H(4)  G(2)  A(1)  C(1) 
 137770660 3230.24 || noQ Q (Avg,Max,Min) (1.00, 1.00, 1.00) (0.95, 0.76, 1.00) #fs:   0  -- #Conts: 8 H(4)  G(2)  A(1)  C(1) 
 140299730 3229.88 || noQ Q (Avg,Max,Min) (1.00, 1.00, 1.00) (0.95, 0.73, 1.00) #fs:   0  -- #Conts: 8 H(4)  G(1)  A(1)  E(1)  C(1) 
 140724832 3228.88 || noQ Q (Avg,Max,Min) (1.00, 1.00, 1.00) (0.96, 0.79, 1.00) #fs:   0  -- #Conts: 8 H(4)  G(1)  A(1)  E(1)  C(1) 
 141184496 3227.88 || noQ Q (Avg,Max,Min) (1.00, 1.00, 1.00) (0.97, 0.85, 1.00) #fs:   0  -- #Conts: 8 H(4)  G(1)  A(1)  E(1)  C(1) 
 144854212 3227.47 || noQ Q (Avg,Max,Min) (1.00, 1.00, 1.00) (0.97, 0.91, 1.00) #fs:   0  -- #Conts: 8 H(4)  G(1)  A(1)  C(2) 
 145649204 3226.47 || noQ Q (Avg,Max,Min) (1.00, 1.00, 1.00) (0.98, 0.92, 1.00) #fs:   0  -- #Conts: 8 H(4)  G(1)  A(1)  C(2) 
 152845149 3204.12 || noQ Q (Avg,Max,Min) (1.00, 1.00, 1.00) (0.99, 0.96, 1.00) #fs:   0  -- #Conts: 9 H(5)  G(2)  E(1)  C(1) 
 162420090 3181.18 || noQ Q (Avg,Max,Min) (1.00, 1.00, 0.99) (0.98, 0.94, 1.00) #fs:   2  -- #Conts: 11 H(4)  G(3)  A(3)  C(1) 
 162721718 3180.18 || noQ Q (Avg,Max,Min) (1.00, 1.00, 0.99) (0.98, 0.94, 1.00) #fs:   2  -- #Conts: 10 H(4)  G(3)  A(2)  C(1) 
 162812392 3179.18 || noQ Q (Avg,Max,Min) (1.00, 1.00, 0.99) (0.99, 0.96, 1.00) #fs:   2  -- #Conts: 10 H(4)  G(3)  A(2)  C(1) 
 163114020 3178.18 || noQ Q (Avg,Max,Min) (1.00, 1.00, 0.99) (0.99, 0.96, 1.00) #fs:   2  -- #Conts: 9 H(4)  G(3)  A(1)  C(1) 
 163333726 3177.18 || noQ Q (Avg,Max,Min) (1.00, 1.00, 0.99) (0.99, 0.96, 1.00) #fs:   2  -- #Conts: 9 H(4)  G(3)  A(1)  C(1) 
 163536989 3176.18 || noQ Q (Avg,Max,Min) (1.00, 1.00, 0.99) (0.99, 0.96, 1.00) #fs:   2  -- #Conts: 9 H(4)  G(3)  A(1)  C(1) 
 164312832 3173.18 || noQ Q (Avg,Max,Min) (1.00, 1.00, 0.99) (0.94, 0.55, 1.00) #fs:   2  -- #Conts: 10 H(4)  G(3)  A(2)  C(1) 
 164426900 3172.18 || noQ Q (Avg,Max,Min) (1.00, 1.00, 0.99) (0.99, 0.94, 1.00) #fs:   2  -- #Conts: 9 H(4)  G(3)  A(1)  C(1) 
 164631152 3171.18 || noQ Q (Avg,Max,Min) (1.00, 1.00, 0.99) (0.99, 0.93, 1.00) #fs:   2  -- #Conts: 9 H(4)  G(3)  A(1)  C(1) 
 164820191 3170.18 || noQ Q (Avg,Max,Min) (1.00, 1.00, 0.99) (0.99, 0.94, 1.00) #fs:   2  -- #Conts: 9 H(4)  G(3)  A(1)  C(1) 
 165023454 3169.18 || noQ Q (Avg,Max,Min) (1.00, 1.00, 0.99) (0.99, 0.93, 1.00) #fs:   2  -- #Conts: 9 H(4)  G(3)  A(1)  C(1) 
 165243160 3168.18 || noQ Q (Avg,Max,Min) (1.00, 1.00, 0.99) (0.99, 0.92, 1.00) #fs:   2  -- #Conts: 9 H(4)  G(3)  A(1)  C(1) 
 165446423 3167.18 || noQ Q (Avg,Max,Min) (1.00, 1.00, 0.99) (0.98, 0.92, 1.00) #fs:   2  -- #Conts: 9 H(4)  G(3)  A(1)  C(1) 
 170204472 3155.41 || noQ Q (Avg,Max,Min) (1.00, 1.02, 0.99) (0.83, 0.02, 1.00) #fs:   2  -- #Conts: 11 H(4)  G(3)  A(2)  C(2) 
 170245274 3123.88 || noQ Q (Avg,Max,Min) (1.00, 1.00, 0.99) (0.91, 0.55, 1.00) #fs:   2  -- #Conts: 10 H(3)  G(3)  A(2)  C(2) 
 170359342 3122.88 || noQ Q (Avg,Max,Min) (1.00, 1.00, 0.99) (0.96, 0.69, 1.00) #fs:   2  -- #Conts: 9 H(3)  G(3)  A(1)  C(2) 
 170449526 3121.88 || noQ Q (Avg,Max,Min) (1.00, 1.00, 0.99) (0.96, 0.73, 1.00) #fs:   2  -- #Conts: 8 H(3)  G(3)  C(2) 
 172154708 3111.88 || noQ Q (Avg,Max,Min) (1.00, 1.00, 0.99) (0.94, 0.55, 1.00) #fs:   2  -- #Conts: 9 H(3)  G(3)  A(2)  C(1) 
 181937697 3057.24 || noQ Q (Avg,Max,Min) (1.00, 1.00, 1.00) (0.94, 0.55, 1.00) #fs:   0  -- #Conts: 10 H(3)  G(3)  A(3)  E(1) 
 182003806 3056.24 || noQ Q (Avg,Max,Min) (1.00, 1.00, 1.00) (0.98, 0.85, 1.00) #fs:   0  -- #Conts: 9 H(3)  G(3)  A(2)  E(1) 
 212655457 3041.47 || noQ Q (Avg,Max,Min) (1.00, 1.02, 1.00) (0.85, 0.02, 1.00) #fs:   0  -- #Conts: 11 H(3)  G(4)  A(3)  E(1) 
 212696259 3009.94 || noQ Q (Avg,Max,Min) (1.00, 1.00, 1.00) (0.94, 0.55, 1.00) #fs:   0  -- #Conts: 10 H(2)  G(4)  A(3)  E(1) 
 212810327 3008.94 || noQ Q (Avg,Max,Min) (1.00, 1.00, 1.00) (0.98, 0.85, 1.00) #fs:   0  -- #Conts: 9 H(2)  G(4)  A(2)  E(1) 
 213014579 3007.94 || noQ Q (Avg,Max,Min) (1.00, 1.00, 1.00) (0.97, 0.81, 1.00) #fs:   0  -- #Conts: 9 H(2)  G(4)  A(2)  E(1) 
 213097732 3006.94 || noQ Q (Avg,Max,Min) (1.00, 1.00, 1.00) (0.99, 0.95, 1.00) #fs:   0  -- #Conts: 9 H(2)  G(4)  A(2)  E(1) 
 213300995 3005.94 || noQ Q (Avg,Max,Min) (1.00, 1.00, 1.00) (0.99, 0.94, 1.00) #fs:   0  -- #Conts: 9 H(2)  G(4)  A(2)  E(1) 
 213490034 3004.94 || noQ Q (Avg,Max,Min) (1.00, 1.00, 1.00) (0.99, 0.98, 1.00) #fs:   0  -- #Conts: 9 H(2)  G(4)  A(2)  E(1) 
 213693297 3003.94 || noQ Q (Avg,Max,Min) (1.00, 1.00, 1.00) (1.00, 0.99, 1.00) #fs:   0  -- #Conts: 8 H(2)  G(4)  A(1)  E(1) 
 214692737 2914.29 || noQ Q (Avg,Max,Min) (1.00, 1.00, 0.98) (0.99, 0.96, 1.00) #fs:   1  -- #Conts: 7 H(2)  G(3)  A(1)  E(1) 
 214793341 2913.29 || noQ Q (Avg,Max,Min) (1.00, 1.00, 0.98) (1.00, 0.98, 1.00) #fs:   1  -- #Conts: 7 H(2)  G(3)  A(1)  E(1) 
 221883149 2862.82 || noQ Q (Avg,Max,Min) (1.00, 1.00, 0.99) (0.93, 0.47, 1.00) #fs:   1  -- #Conts: 9 H(1)  G(3)  A(4)  E(1) 
 221981514 2861.82 || noQ Q (Avg,Max,Min) (1.00, 1.00, 0.99) (0.99, 0.93, 1.00) #fs:   1  -- #Conts: 8 H(1)  G(3)  A(3)  E(1) 
 222039120 2860.82 || noQ Q (Avg,Max,Min) (1.00, 1.00, 0.99) (0.99, 0.98, 1.00) #fs:   1  -- #Conts: 8 H(1)  G(3)  A(3)  E(1) 
 222206342 2859.82 || noQ Q (Avg,Max,Min) (1.00, 1.00, 0.99) (0.99, 0.99, 1.00) #fs:   1  -- #Conts: 8 H(1)  G(3)  A(3)  E(1) 
 222397021 2858.82 || noQ Q (Avg,Max,Min) (1.00, 1.00, 0.99) (1.00, 0.99, 1.00) #fs:   1  -- #Conts: 8 H(1)  G(3)  A(3)  E(1) 
 222601853 2857.82 || noQ Q (Avg,Max,Min) (1.00, 1.00, 0.99) (1.00, 0.99, 1.00) #fs:   1  -- #Conts: 8 H(1)  G(3)  A(3)  E(1) 
 223163482 2857.18 || noQ Q (Avg,Max,Min) (1.00, 1.00, 0.98) (0.97, 0.89, 1.00) #fs:   1  -- #Conts: 7 H(1)  G(3)  A(2)  E(1) 
 224773388 2856.18 || noQ Q (Avg,Max,Min) (1.00, 1.00, 0.98) (0.99, 0.97, 1.00) #fs:   2  -- #Conts: 7 H(1)  G(3)  A(2)  E(1) 
 231391835 2846.06 || noQ Q (Avg,Max,Min) (1.00, 1.02, 1.00) (0.81, 0.02, 1.00) #fs:   0  -- #Conts: 8 H(1)  G(3)  A(1)  E(1)  C(2) 
 231432637 2814.53 || noQ Q (Avg,Max,Min) (1.00, 1.00, 1.00) (0.93, 0.69, 1.00) #fs:   0  -- #Conts: 7 G(3)  A(1)  E(1)  C(2) 
 233342071 2802.53 || noQ Q (Avg,Max,Min) (1.00, 1.00, 1.00) (0.97, 0.80, 1.00) #fs:   0  -- #Conts: 6 G(3)  A(1)  E(1)  C(1) 
 251843759 2799.24 || noQ Q (Avg,Max,Min) (1.00, 1.00, 1.00) (0.99, 0.97, 1.00) #fs:   0  -- #Conts: 6 G(4)  A(1)  E(1) 
 251932667 2798.24 || noQ Q (Avg,Max,Min) (1.00, 1.00, 1.00) (1.00, 0.99, 1.00) #fs:   0  -- #Conts: 6 G(4)  A(1)  E(1) 
 252121326 2797.24 || noQ Q (Avg,Max,Min) (1.00, 1.00, 1.00) (0.99, 0.96, 1.00) #fs:   0  -- #Conts: 6 G(4)  A(1)  E(1) 
 252291860 2796.24 || noQ Q (Avg,Max,Min) (1.00, 1.00, 1.00) (0.99, 0.96, 1.00) #fs:   0  -- #Conts: 6 G(4)  A(1)  E(1) 
 252486855 2795.24 || noQ Q (Avg,Max,Min) (1.00, 1.00, 1.00) (0.99, 0.95, 1.00) #fs:   0  -- #Conts: 6 G(4)  A(1)  E(1) 
 252710511 2794.24 || noQ Q (Avg,Max,Min) (1.00, 1.00, 1.00) (0.99, 0.94, 1.00) #fs:   0  -- #Conts: 6 G(4)  A(1)  E(1) 
 252880320 2793.24 || noQ Q (Avg,Max,Min) (1.00, 1.00, 1.00) (1.00, 0.99, 1.00) #fs:   0  -- #Conts: 6 G(4)  A(1)  E(1) 
 317485971 2789.71 || noQ Q (Avg,Max,Min) (1.00, 1.00, 0.98) (0.93, 0.47, 1.00) #fs:   1  -- #Conts: 8 G(4)  A(2)  E(2) 
 317707815 2788.71 || noQ Q (Avg,Max,Min) (1.00, 1.00, 0.98) (1.00, 0.98, 1.00) #fs:   1  -- #Conts: 7 G(4)  A(1)  E(2) 
 321754598 2787.41 || noQ Q (Avg,Max,Min) (1.00, 1.00, 0.98) (0.91, 0.55, 1.00) #fs:   1  -- #Conts: 8 G(4)  A(2)  E(2) 
 322013209 2786.41 || noQ Q (Avg,Max,Min) (1.00, 1.00, 0.98) (0.97, 0.79, 1.00) #fs:   1  -- #Conts: 7 G(4)  A(1)  E(2) 
 338153497 2775.12 || noQ Q (Avg,Max,Min) (1.00, 1.00, 0.99) (0.92, 0.55, 1.00) #fs:   1  -- #Conts: 8 G(3)  A(2)  E(2)  C(1) 
 338283780 2774.12 || noQ Q (Avg,Max,Min) (1.00, 1.00, 0.99) (0.94, 0.55, 1.00) #fs:   1  -- #Conts: 8 G(3)  A(2)  E(2)  C(1) 
 349172245 2770.18 || noQ Q (Avg,Max,Min) (1.00, 1.00, 0.99) (0.95, 0.72, 1.00) #fs:   1  -- #Conts: 7 G(3)  A(1)  E(3) 
 349571601 2769.18 || noQ Q (Avg,Max,Min) (1.00, 1.00, 1.00) (0.96, 0.78, 1.00) #fs:   0  -- #Conts: 7 G(3)  A(1)  E(3) 
 350014811 2768.18 || noQ Q (Avg,Max,Min) (1.00, 1.00, 1.00) (0.97, 0.84, 1.00) #fs:   0  -- #Conts: 7 G(3)  A(1)  E(3) 
 350417633 2767.18 || noQ Q (Avg,Max,Min) (1.00, 1.00, 1.00) (0.98, 0.90, 1.00) #fs:   0  -- #Conts: 6 G(3)  E(3) 
 426458224 2765.18 || noQ Q (Avg,Max,Min) (1.00, 1.02, 1.00) (0.85, 0.02, 1.00) #fs:   0  -- #Conts: 10 H(1)  A(2)  G(2)  E(4)  C(1) 
 426499026 2733.65 || noQ Q (Avg,Max,Min) (1.00, 1.00, 1.00) (0.94, 0.55, 1.00) #fs:   0  -- #Conts: 9 A(2)  G(2)  E(4)  C(1) 
 426611644 2732.65 || noQ Q (Avg,Max,Min) (1.00, 1.00, 1.00) (0.95, 0.55, 1.00) #fs:   0  -- #Conts: 9 A(2)  G(2)  E(4)  C(1) 
 426726658 2731.65 || noQ Q (Avg,Max,Min) (1.00, 1.00, 1.00) (1.00, 0.98, 1.00) #fs:   0  -- #Conts: 8 A(1)  G(2)  E(4)  C(1) 
 439589866 2729.65 || noQ Q (Avg,Max,Min) (1.00, 1.00, 1.00) (0.99, 0.96, 1.00) #fs:   0  -- #Conts: 8 A(2)  G(2)  E(4) 
 479469237 2728.88 || noQ Q (Avg,Max,Min) (1.00, 1.00, 1.00) (0.99, 0.91, 1.00) #fs:   0  -- #Conts: 8 A(3)  G(1)  E(4) 
 479711373 2727.88 || noQ Q (Avg,Max,Min) (1.00, 1.00, 1.00) (0.99, 0.91, 1.00) #fs:   0  -- #Conts: 8 A(3)  G(1)  E(4) 
 500412256 2721.47 || noQ Q (Avg,Max,Min) (1.00, 1.00, 1.00) (0.99, 0.96, 1.00) #fs:   0  -- #Conts: 7 A(2)  G(1)  E(4) 
 500634100 2720.47 || noQ Q (Avg,Max,Min) (1.00, 1.00, 1.00) (1.00, 0.98, 1.00) #fs:   0  -- #Conts: 7 A(2)  G(1)  E(4) 
 500644132 2719.47 || noQ Q (Avg,Max,Min) (1.00, 1.00, 1.00) (0.89, 0.14, 1.00) #fs:   0  -- #Conts: 8 A(2)  G(1)  E(5) 
 500984793 2717.76 || noQ Q (Avg,Max,Min) (1.00, 1.02, 1.00) (0.80, 0.02, 1.00) #fs:   0  -- #Conts: 9 A(3)  G(1)  E(4)  C(1) 
 501001310 2716.76 || noQ Q (Avg,Max,Min) (1.00, 1.00, 1.00) (0.90, 0.24, 1.00) #fs:   0  -- #Conts: 8 A(2)  G(1)  E(4)  C(1) 
 502170453 2714.76 || noQ Q (Avg,Max,Min) (1.00, 1.00, 1.00) (0.89, 0.49, 1.00) #fs:   0  -- #Conts: 9 A(4)  G(1)  E(4) 
 508019765 2711.00 || noQ Q (Avg,Max,Min) (1.00, 1.00, 1.00) (1.00, 0.98, 1.00) #fs:   0  -- #Conts: 8 A(2)  G(1)  E(5) 
 508047306 2708.29 || noQ Q (Avg,Max,Min) (1.00, 1.00, 1.00) (0.90, 0.12, 1.00) #fs:   0  -- #Conts: 9 A(2)  G(1)  E(5)  C(1) 
 508278376 2704.29 || noQ Q (Avg,Max,Min) (1.00, 1.00, 1.00) (1.00, 0.98, 1.00) #fs:   0  -- #Conts: 8 A(2)  G(1)  E(5) 
 508657549 2703.29 || noQ Q (Avg,Max,Min) (1.00, 1.00, 1.00) (1.00, 0.99, 1.00) #fs:   0  -- #Conts: 8 A(2)  G(1)  E(5) 
 509026442 2702.29 || noQ Q (Avg,Max,Min) (1.00, 1.00, 1.00) (1.00, 0.99, 1.00) #fs:   0  -- #Conts: 8 A(2)  G(1)  E(5) 
 509511890 2701.29 || noQ Q (Avg,Max,Min) (1.00, 1.00, 1.00) (1.00, 0.99, 1.00) #fs:   0  -- #Conts: 8 A(2)  G(1)  E(5) 
 510001248 2700.29 || noQ Q (Avg,Max,Min) (1.00, 1.00, 1.00) (1.00, 1.00, 1.00) #fs:   0  -- #Conts: 8 A(2)  G(1)  E(5) 
 511147868 2699.88 || noQ Q (Avg,Max,Min) (1.00, 1.00, 1.00) (1.00, 0.99, 1.00) #fs:   0  -- #Conts: 9 A(2)  G(1)  E(5)  C(1) 
2324718641 2693.65 || noQ Q (Avg,Max,Min) (1.00, 1.00, 1.00) (0.99, 0.97, 1.00) #fs:   0  -- #Conts: 7 A(3)  G(1)  E(2)  C(1) 
2324972896 2692.65 || noQ Q (Avg,Max,Min) (1.00, 1.00, 1.00) (0.99, 0.97, 1.00) #fs:   0  -- #Conts: 7 A(3)  G(1)  E(2)  C(1) 
2325232453 2691.65 || noQ Q (Avg,Max,Min) (1.00, 1.00, 1.00) (1.00, 0.99, 1.00) #fs:   0  -- #Conts: 7 A(3)  G(1)  E(2)  C(1) 
2325623944 2690.65 || noQ Q (Avg,Max,Min) (1.00, 1.00, 1.00) (1.00, 0.99, 1.00) #fs:   0  -- #Conts: 7 A(3)  G(1)  E(2)  C(1) 
2326170312 2689.65 || noQ Q (Avg,Max,Min) (1.00, 1.00, 1.00) (1.00, 0.99, 1.00) #fs:   0  -- #Conts: 7 A(3)  G(1)  E(2)  C(1) 
2326608782 2688.65 || noQ Q (Avg,Max,Min) (1.00, 1.00, 1.00) (1.00, 1.00, 1.00) #fs:   0  -- #Conts: 7 A(3)  G(1)  E(2)  C(1) 
2327070742 2687.65 || noQ Q (Avg,Max,Min) (1.00, 1.00, 1.00) (1.00, 1.00, 1.00) #fs:   0  -- #Conts: 7 A(3)  G(1)  E(2)  C(1) 
2332491309 2687.35 || noQ Q (Avg,Max,Min) (1.00, 1.00, 1.00) (0.93, 0.47, 1.00) #fs:   0  -- #Conts: 8 A(4)  G(1)  E(2)  C(1) 
2457520728 2685.29 || noQ Q (Avg,Max,Min) (1.00, 1.00, 1.00) (0.94, 0.57, 1.00) #fs:   0  -- #Conts: 7 A(3)  E(3)  C(1) 
/////////////////size: 105
nodes 48 edges 56
 mulT: 1000 mulD: 100  sumData GB 134
pareto /SIPHT.n.50.0.dax time -> 748.0
moheft /SIPHT.n.50.0.dax time -> 1069.0
distance from M to C 0.00952380952380966
distance from P to C 5.666333782592463
distance from C to M 5.982505264760913
distance from C to P 69.66447238448474
toCompare: /SIPHT.n.50.0.dax sumDataGB: 134 mulT: 1000 mulD: 100 paretoOptTime_MS: 748.0 MoheftOptimizationTime_MS: 1069.0 MtoC 0.00952380952380966 PtoC 5.666333782592463 CtoM 5.982505264760913 CtoP 69.66447238448474
