specify -Dflow d,b,mt,md,size
Running /home/vaggelis/jc/SIPHT.n.100.0.dax mt 500 md: 10000 size null
  84607503 2995.29 || noQ Q (Avg,Max,Min) (1.05, 1.24, 0.77) (1.01, 0.76, 1.11) #fs:   1  -- #Conts: 9 H(8)  G(1) 
  84704670 2774.59 || noQ Q (Avg,Max,Min) (1.08, 1.24, 1.00) (1.05, 0.95, 1.11) #fs:   0  -- #Conts: 9 H(8)  G(1) 
 136467963 2443.53 || noQ Q (Avg,Max,Min) (1.05, 1.21, 0.86) (1.02, 0.82, 1.21) #fs:   2  -- #Conts: 13 H(1)  G(12) 
 137325516 2380.47 || noQ Q (Avg,Max,Min) (1.06, 1.21, 1.00) (1.03, 0.93, 1.21) #fs:   1  -- #Conts: 13 G(13) 
 162240879 2348.94 || noQ Q (Avg,Max,Min) (1.03, 1.06, 1.00) (1.01, 0.93, 1.06) #fs:   0  -- #Conts: 7 G(7) 
 298639504 2289.53 || noQ Q (Avg,Max,Min) (1.02, 1.05, 1.00) (0.96, 0.74, 1.05) #fs:   0  -- #Conts: 11 G(2)  E(9) 
 300495825 2274.71 || noQ Q (Avg,Max,Min) (1.02, 1.05, 1.00) (0.96, 0.74, 1.05) #fs:   1  -- #Conts: 11 G(1)  E(10) 
 309479117 2259.88 || noQ Q (Avg,Max,Min) (1.02, 1.05, 1.00) (0.96, 0.74, 1.05) #fs:   1  -- #Conts: 11 E(11) 
 311632309 2253.18 || noQ Q (Avg,Max,Min) (1.02, 1.05, 1.00) (0.96, 0.74, 1.05) #fs:   1  -- #Conts: 11 E(11) 
/////////////////size: 9
  81164690 2806.12 || noQ Q (Avg,Max,Min) (1.13, 1.31, 1.02) (0.89, 0.20, 1.10) #fs:   1  -- #Conts: 10 H(9)  G(1) 
  81373851 2774.59 || noQ Q (Avg,Max,Min) (1.11, 1.31, 1.02) (0.97, 0.20, 1.11) #fs:   0  -- #Conts: 9 H(8)  G(1) 
  81498731 2745.06 || noQ Q (Avg,Max,Min) (1.08, 1.14, 1.01) (1.06, 1.00, 1.11) #fs:   0  -- #Conts: 9 H(7)  G(1)  A(1) 
  81578577 2744.06 || noQ Q (Avg,Max,Min) (1.08, 1.14, 1.00) (1.02, 0.70, 1.11) #fs:   0  -- #Conts: 9 H(7)  G(1)  A(1) 
  81632583 2743.06 || noQ Q (Avg,Max,Min) (1.09, 1.14, 1.02) (1.07, 1.02, 1.11) #fs:   0  -- #Conts: 8 H(7)  G(1) 
  95800732 2737.29 || noQ Q (Avg,Max,Min) (1.54, 6.23, 1.01) (0.96, 0.06, 1.13) #fs:   0  -- #Conts: 11 H(8)  G(2)  A(1) 
  95808315 2705.76 || noQ Q (Avg,Max,Min) (1.07, 1.13, 1.00) (1.05, 0.94, 1.13) #fs:   0  -- #Conts: 10 H(7)  G(2)  A(1) 
  96739214 2700.76 || noQ Q (Avg,Max,Min) (1.07, 1.13, 1.01) (1.05, 0.93, 1.13) #fs:   0  -- #Conts: 10 H(7)  G(2)  A(1) 
  97693931 2695.76 || noQ Q (Avg,Max,Min) (1.08, 1.13, 1.02) (1.07, 1.01, 1.13) #fs:   0  -- #Conts: 9 H(7)  G(2) 
  99622237 2658.82 || noQ Q (Avg,Max,Min) (1.04, 1.11, 1.00) (1.01, 0.86, 1.11) #fs:   0  -- #Conts: 9 H(6)  G(2)  E(1) 
 103136141 2627.29 || noQ Q (Avg,Max,Min) (1.06, 1.22, 1.00) (0.94, 0.26, 1.08) #fs:   1  -- #Conts: 10 H(6)  G(3)  E(1) 
 103504950 2595.76 || noQ Q (Avg,Max,Min) (1.04, 1.13, 1.00) (1.02, 0.93, 1.09) #fs:   0  -- #Conts: 9 H(5)  G(3)  E(1) 
 107404561 2555.18 || noQ Q (Avg,Max,Min) (1.05, 1.15, 0.94) (1.00, 0.73, 1.13) #fs:   1  -- #Conts: 9 H(4)  G(3)  E(2) 
 108712137 2541.41 || noQ Q (Avg,Max,Min) (1.06, 1.26, 1.01) (1.03, 0.90, 1.22) #fs:   1  -- #Conts: 9 H(4)  G(4)  E(1) 
 114943611 2496.00 || noQ Q (Avg,Max,Min) (1.07, 1.26, 1.00) (0.95, 0.64, 1.22) #fs:   1  -- #Conts: 14 H(3)  G(6)  A(1)  E(4) 
 115040778 2464.47 || noQ Q (Avg,Max,Min) (1.07, 1.26, 1.00) (0.97, 0.64, 1.22) #fs:   0  -- #Conts: 14 H(3)  G(6)  A(1)  E(4) 
 123604563 2448.71 || noQ Q (Avg,Max,Min) (1.43, 6.23, 1.00) (0.89, 0.06, 1.13) #fs:   0  -- #Conts: 14 H(3)  G(6)  A(1)  E(4) 
 123612146 2418.18 || noQ Q (Avg,Max,Min) (1.08, 1.25, 1.00) (0.90, 0.23, 1.13) #fs:   0  -- #Conts: 14 H(2)  G(6)  A(2)  E(4) 
 123650624 2417.18 || noQ Q (Avg,Max,Min) (1.06, 1.13, 1.00) (0.95, 0.64, 1.13) #fs:   0  -- #Conts: 13 H(2)  G(6)  A(1)  E(4) 
 124543045 2410.47 || noQ Q (Avg,Max,Min) (1.06, 1.13, 1.00) (0.98, 0.65, 1.13) #fs:   0  -- #Conts: 12 H(2)  G(6)  A(1)  E(3) 
 125497762 2403.76 || noQ Q (Avg,Max,Min) (1.06, 1.13, 1.00) (1.01, 0.67, 1.13) #fs:   0  -- #Conts: 11 H(2)  G(6)  A(1)  E(2) 
 126645445 2401.06 || noQ Q (Avg,Max,Min) (1.05, 1.13, 1.00) (0.98, 0.31, 1.13) #fs:   1  -- #Conts: 11 H(2)  G(6)  A(1)  E(1)  C(1) 
 127160494 2398.06 || noQ Q (Avg,Max,Min) (1.03, 1.13, 0.80) (1.01, 0.55, 1.13) #fs:   1  -- #Conts: 11 H(2)  G(6)  A(2)  E(1) 
 133516535 2366.53 || noQ Q (Avg,Max,Min) (1.09, 1.51, 1.00) (0.99, 0.23, 1.51) #fs:   1  -- #Conts: 12 H(1)  G(8)  A(2)  E(1) 
 133555013 2365.53 || noQ Q (Avg,Max,Min) (1.07, 1.51, 1.00) (1.06, 0.95, 1.51) #fs:   1  -- #Conts: 11 H(1)  G(8)  A(1)  E(1) 
 141016608 2351.06 || noQ Q (Avg,Max,Min) (1.14, 2.12, 1.00) (0.95, 0.09, 1.12) #fs:   1  -- #Conts: 11 G(7)  A(1)  E(2)  C(1) 
 141048994 2347.06 || noQ Q (Avg,Max,Min) (1.04, 1.12, 1.00) (1.03, 0.95, 1.12) #fs:   1  -- #Conts: 10 G(7)  A(1)  E(2) 
 141091640 2335.29 || noQ Q (Avg,Max,Min) (1.14, 2.12, 1.00) (0.95, 0.09, 1.12) #fs:   0  -- #Conts: 11 G(7)  A(1)  E(2)  C(1) 
 141130118 2331.29 || noQ Q (Avg,Max,Min) (1.04, 1.12, 1.00) (1.04, 0.96, 1.12) #fs:   0  -- #Conts: 10 G(7)  A(1)  E(2) 
 172593186 2318.53 || noQ Q (Avg,Max,Min) (1.06, 1.25, 1.00) (0.96, 0.23, 1.12) #fs:   0  -- #Conts: 11 G(6)  A(3)  E(2) 
 172631664 2317.53 || noQ Q (Avg,Max,Min) (1.04, 1.12, 1.00) (1.04, 0.97, 1.12) #fs:   0  -- #Conts: 10 G(6)  A(2)  E(2) 
 187899453 2317.06 || noQ Q (Avg,Max,Min) (1.12, 1.78, 1.00) (0.94, 0.11, 1.07) #fs:   0  -- #Conts: 12 G(6)  A(2)  E(3)  C(1) 
 188662345 2314.06 || noQ Q (Avg,Max,Min) (1.06, 1.27, 1.00) (0.96, 0.32, 1.07) #fs:   0  -- #Conts: 12 G(6)  A(3)  E(3) 
 193261816 2312.35 || noQ Q (Avg,Max,Min) (1.05, 1.21, 1.00) (0.99, 0.57, 1.07) #fs:   0  -- #Conts: 12 G(6)  A(4)  E(2) 
 236631231 2295.00 || noQ Q (Avg,Max,Min) (1.06, 1.27, 1.00) (1.00, 0.55, 1.27) #fs:   0  -- #Conts: 11 G(5)  A(3)  E(3) 
 236782281 2294.00 || noQ Q (Avg,Max,Min) (1.05, 1.27, 1.00) (0.98, 0.32, 1.27) #fs:   0  -- #Conts: 11 G(5)  A(3)  E(3) 
 236910821 2293.00 || noQ Q (Avg,Max,Min) (1.04, 1.27, 1.00) (1.04, 1.00, 1.27) #fs:   0  -- #Conts: 10 G(5)  A(2)  E(3) 
 237370824 2292.00 || noQ Q (Avg,Max,Min) (1.04, 1.27, 1.00) (1.04, 1.00, 1.27) #fs:   0  -- #Conts: 10 G(5)  A(2)  E(3) 
 239790810 2271.35 || noQ Q (Avg,Max,Min) (1.05, 1.18, 1.00) (0.96, 0.32, 1.13) #fs:   0  -- #Conts: 11 A(2)  G(3)  E(6) 
 239847804 2270.35 || noQ Q (Avg,Max,Min) (1.03, 1.13, 1.00) (1.03, 0.96, 1.13) #fs:   0  -- #Conts: 10 A(1)  G(3)  E(6) 
 246473679 2270.12 || noQ Q (Avg,Max,Min) (1.04, 1.12, 1.00) (1.03, 0.96, 1.11) #fs:   0  -- #Conts: 10 A(1)  G(3)  E(6) 
 268072195 2267.59 || noQ Q (Avg,Max,Min) (1.03, 1.12, 1.00) (1.01, 0.90, 1.12) #fs:   0  -- #Conts: 11 A(3)  G(2)  E(6) 
 268110673 2266.59 || noQ Q (Avg,Max,Min) (1.03, 1.12, 1.00) (1.02, 0.93, 1.12) #fs:   0  -- #Conts: 11 A(3)  G(2)  E(6) 
 268178277 2265.59 || noQ Q (Avg,Max,Min) (1.03, 1.12, 1.00) (1.03, 0.98, 1.12) #fs:   0  -- #Conts: 11 A(3)  G(2)  E(6) 
 268460643 2264.59 || noQ Q (Avg,Max,Min) (1.03, 1.12, 1.00) (1.02, 0.93, 1.12) #fs:   0  -- #Conts: 11 A(3)  G(2)  E(6) 
 269003094 2261.59 || noQ Q (Avg,Max,Min) (1.03, 1.12, 1.00) (1.03, 0.99, 1.12) #fs:   0  -- #Conts: 10 A(2)  G(2)  E(6) 
 269148963 2260.59 || noQ Q (Avg,Max,Min) (1.03, 1.12, 1.00) (1.03, 1.00, 1.12) #fs:   0  -- #Conts: 10 A(2)  G(2)  E(6) 
 269415360 2259.59 || noQ Q (Avg,Max,Min) (1.03, 1.12, 1.00) (1.03, 0.99, 1.12) #fs:   0  -- #Conts: 10 A(2)  G(2)  E(6) 
 271723836 2258.59 || noQ Q (Avg,Max,Min) (1.05, 1.20, 1.00) (1.02, 0.89, 1.12) #fs:   0  -- #Conts: 11 A(3)  G(2)  E(6) 
 273139637 2257.65 || noQ Q (Avg,Max,Min) (1.03, 1.08, 1.00) (1.03, 1.00, 1.07) #fs:   0  -- #Conts: 9 A(1)  G(2)  E(6) 
 273249360 2254.94 || noQ Q (Avg,Max,Min) (1.11, 1.78, 1.00) (0.94, 0.11, 1.07) #fs:   0  -- #Conts: 10 A(1)  G(2)  E(6)  C(1) 
 274012252 2251.94 || noQ Q (Avg,Max,Min) (1.04, 1.18, 1.00) (0.96, 0.32, 1.07) #fs:   0  -- #Conts: 10 A(2)  G(2)  E(6) 
 276238556 2250.47 || noQ Q (Avg,Max,Min) (1.02, 1.03, 1.00) (1.02, 1.00, 1.03) #fs:   0  -- #Conts: 9 A(1)  G(2)  E(6) 
 305710289 2239.24 || noQ Q (Avg,Max,Min) (1.03, 1.13, 1.00) (1.03, 1.00, 1.11) #fs:   1  -- #Conts: 8 A(1)  E(7) 
 305933439 2238.24 || noQ Q (Avg,Max,Min) (1.03, 1.13, 1.00) (1.03, 1.00, 1.11) #fs:   1  -- #Conts: 8 A(1)  E(7) 
 433299235 2238.12 || noQ Q (Avg,Max,Min) (1.09, 1.81, 1.00) (0.94, 0.23, 1.03) #fs:   0  -- #Conts: 11 A(4)  E(6)  C(1) 
 433939346 2236.12 || noQ Q (Avg,Max,Min) (1.05, 1.25, 1.00) (0.89, 0.23, 1.03) #fs:   0  -- #Conts: 12 A(6)  E(6) 
 434604346 2235.12 || noQ Q (Avg,Max,Min) (1.03, 1.21, 1.00) (0.97, 0.55, 1.03) #fs:   0  -- #Conts: 11 A(5)  E(6) 
/////////////////size: 58
nodes 97 edges 109
 mulT: 500 mulD: 10000  sumData GB 22075
pareto /SIPHT.n.100.0.dax time -> 7911.0
moheft /SIPHT.n.100.0.dax time -> 1274.0
distance from M to C 0.0
distance from P to C 33.17460053401852
distance from C to M 0.0
distance from C to P 19.559416894139886
toCompare: /SIPHT.n.100.0.dax sumDataGB: 22075 mulT: 500 mulD: 10000 paretoOptTime_MS: 7911.0 MoheftOptimizationTime_MS: 1274.0 MtoC 0.0 PtoC 33.17460053401852 CtoM 0.0 CtoP 19.559416894139886
