specify -Dflow d,b,mt,md,size
Running /home/vaggelis/jc/MONTAGE.n.50.0.dax mt 50 md: 500 size null
    256669 851.29 || noQ Q (Avg,Max,Min) (2.70, 3.41, 1.15) (0.03, 0.02, 0.24) #fs:  18  -- #Conts: 27 H(27) 
    267770 835.53 || noQ Q (Avg,Max,Min) (2.62, 3.33, 1.07) (0.03, 0.02, 0.24) #fs:  18  -- #Conts: 27 H(26)  G(1) 
    267899 819.76 || noQ Q (Avg,Max,Min) (2.58, 3.33, 1.07) (0.03, 0.02, 0.24) #fs:  18  -- #Conts: 27 H(25)  G(2) 
    267985 804.00 || noQ Q (Avg,Max,Min) (2.55, 3.33, 1.07) (0.03, 0.02, 0.24) #fs:  18  -- #Conts: 27 H(24)  G(3) 
    267995 788.24 || noQ Q (Avg,Max,Min) (2.51, 3.33, 1.07) (0.03, 0.02, 0.24) #fs:  18  -- #Conts: 27 H(23)  G(4) 
    268127 772.47 || noQ Q (Avg,Max,Min) (2.48, 3.33, 1.07) (0.03, 0.02, 0.24) #fs:  18  -- #Conts: 27 H(22)  G(5) 
    268263 756.71 || noQ Q (Avg,Max,Min) (2.44, 3.33, 1.07) (0.03, 0.02, 0.24) #fs:  18  -- #Conts: 27 H(21)  G(6) 
    268399 740.94 || noQ Q (Avg,Max,Min) (2.41, 3.33, 1.07) (0.03, 0.02, 0.24) #fs:  18  -- #Conts: 27 H(20)  G(7) 
    268494 725.18 || noQ Q (Avg,Max,Min) (2.37, 3.33, 1.07) (0.03, 0.02, 0.24) #fs:  18  -- #Conts: 27 H(19)  G(8) 
    268514 709.41 || noQ Q (Avg,Max,Min) (2.34, 3.32, 1.07) (0.03, 0.02, 0.24) #fs:  18  -- #Conts: 27 H(18)  G(9) 
    268563 693.65 || noQ Q (Avg,Max,Min) (2.30, 3.32, 1.07) (0.04, 0.02, 0.24) #fs:  18  -- #Conts: 27 H(17)  G(10) 
    268633 677.88 || noQ Q (Avg,Max,Min) (2.27, 3.32, 1.07) (0.04, 0.02, 0.24) #fs:  18  -- #Conts: 27 H(16)  G(11) 
    268637 662.12 || noQ Q (Avg,Max,Min) (2.23, 3.32, 1.07) (0.04, 0.02, 0.24) #fs:  18  -- #Conts: 27 H(15)  G(12) 
    268641 646.35 || noQ Q (Avg,Max,Min) (2.19, 3.32, 1.07) (0.04, 0.02, 0.24) #fs:  18  -- #Conts: 27 H(14)  G(13) 
    268779 630.59 || noQ Q (Avg,Max,Min) (2.16, 3.32, 1.07) (0.04, 0.02, 0.24) #fs:  18  -- #Conts: 27 H(13)  G(14) 
    268819 614.82 || noQ Q (Avg,Max,Min) (2.12, 3.32, 1.07) (0.04, 0.02, 0.24) #fs:  18  -- #Conts: 27 H(12)  G(15) 
    269042 599.06 || noQ Q (Avg,Max,Min) (2.09, 3.32, 1.06) (0.04, 0.02, 0.24) #fs:  18  -- #Conts: 27 H(11)  G(16) 
    269045 583.29 || noQ Q (Avg,Max,Min) (2.05, 3.30, 1.06) (0.04, 0.02, 0.24) #fs:  18  -- #Conts: 27 H(10)  G(17) 
    269586 567.53 || noQ Q (Avg,Max,Min) (2.01, 3.25, 1.06) (0.04, 0.02, 0.24) #fs:  18  -- #Conts: 27 H(9)  G(18) 
    271399 536.00 || noQ Q (Avg,Max,Min) (2.04, 3.22, 1.05) (0.04, 0.02, 0.24) #fs:  16  -- #Conts: 26 H(8)  G(18) 
    272274 520.24 || noQ Q (Avg,Max,Min) (2.04, 3.48, 1.04) (0.04, 0.02, 0.26) #fs:  17  -- #Conts: 25 H(8)  G(17) 
    273087 504.47 || noQ Q (Avg,Max,Min) (2.06, 3.47, 1.04) (0.04, 0.02, 0.26) #fs:  17  -- #Conts: 23 H(9)  G(14) 
    273597 457.18 || noQ Q (Avg,Max,Min) (2.11, 3.41, 1.04) (0.05, 0.02, 0.26) #fs:  18  -- #Conts: 18 H(11)  G(7) 
    273763 425.65 || noQ Q (Avg,Max,Min) (2.08, 3.41, 1.38) (0.06, 0.02, 0.26) #fs:  18  -- #Conts: 17 H(10)  G(7) 
    290674 394.12 || noQ Q (Avg,Max,Min) (2.16, 3.42, 1.25) (0.07, 0.02, 0.28) #fs:  17  -- #Conts: 13 H(12)  G(1) 
    290786 378.35 || noQ Q (Avg,Max,Min) (2.17, 3.42, 1.25) (0.08, 0.03, 0.28) #fs:  17  -- #Conts: 12 H(12) 
    291459 346.82 || noQ Q (Avg,Max,Min) (2.13, 3.41, 1.25) (0.08, 0.03, 0.28) #fs:  17  -- #Conts: 11 H(11) 
    292281 315.29 || noQ Q (Avg,Max,Min) (2.04, 3.40, 1.24) (0.09, 0.03, 0.28) #fs:  17  -- #Conts: 10 H(10) 
    292474 283.76 || noQ Q (Avg,Max,Min) (1.90, 3.40, 1.55) (0.10, 0.05, 0.28) #fs:  18  -- #Conts: 9 H(9) 
    309361 252.24 || noQ Q (Avg,Max,Min) (1.76, 3.40, 1.42) (0.11, 0.08, 0.29) #fs:  17  -- #Conts: 8 H(8) 
    342124 236.47 || noQ Q (Avg,Max,Min) (1.63, 3.08, 1.29) (0.12, 0.08, 0.29) #fs:  16  -- #Conts: 8 H(7)  G(1) 
    342855 220.71 || noQ Q (Avg,Max,Min) (1.66, 3.07, 1.29) (0.12, 0.08, 0.29) #fs:  16  -- #Conts: 8 H(6)  G(2) 
    343391 204.94 || noQ Q (Avg,Max,Min) (1.68, 3.07, 1.29) (0.12, 0.08, 0.29) #fs:  16  -- #Conts: 8 H(5)  G(3) 
    359474 189.18 || noQ Q (Avg,Max,Min) (1.61, 2.93, 1.21) (0.12, 0.08, 0.29) #fs:  16  -- #Conts: 8 H(4)  G(4) 
    359740 173.41 || noQ Q (Avg,Max,Min) (1.63, 2.93, 1.41) (0.13, 0.10, 0.29) #fs:  17  -- #Conts: 8 H(3)  G(5) 
    384638 157.65 || noQ Q (Avg,Max,Min) (1.67, 2.80, 0.94) (0.11, 0.04, 0.30) #fs:  17  -- #Conts: 10 G(10) 
    384854 141.88 || noQ Q (Avg,Max,Min) (1.59, 2.80, 1.21) (0.12, 0.07, 0.30) #fs:  18  -- #Conts: 9 G(9) 
    414330 126.12 || noQ Q (Avg,Max,Min) (1.48, 2.77, 1.09) (0.13, 0.09, 0.32) #fs:  17  -- #Conts: 8 G(8) 
    482553 094.59 || noQ Q (Avg,Max,Min) (2.72, 3.41, 2.30) (0.29, 0.16, 0.46) #fs:   3  -- #Conts: 3 H(3) 
    564394 078.82 || noQ Q (Avg,Max,Min) (1.94, 2.79, 1.51) (0.22, 0.13, 0.44) #fs:   7  -- #Conts: 5 G(5) 
    568320 063.06 || noQ Q (Avg,Max,Min) (2.93, 3.41, 2.45) (0.43, 0.32, 0.54) #fs:   2  -- #Conts: 2 H(2) 
    663656 060.35 || noQ Q (Avg,Max,Min) (1.28, 2.00, 1.06) (0.18, 0.11, 0.37) #fs:  16  -- #Conts: 9 E(9) 
    697103 047.29 || noQ Q (Avg,Max,Min) (2.14, 2.79, 1.76) (0.37, 0.28, 0.54) #fs:   4  -- #Conts: 3 G(3) 
    859090 046.94 || noQ Q (Avg,Max,Min) (1.32, 2.13, 1.06) (0.23, 0.13, 0.51) #fs:  10  -- #Conts: 7 E(7) 
    860844 031.53 || noQ Q (Avg,Max,Min) (2.28, 2.62, 1.94) (0.51, 0.40, 0.63) #fs:   2  -- #Conts: 2 G(2) 
   1097787 026.82 || noQ Q (Avg,Max,Min) (1.49, 1.86, 1.26) (0.41, 0.33, 0.57) #fs:   6  -- #Conts: 4 E(4) 
   1372027 020.12 || noQ Q (Avg,Max,Min) (1.56, 1.80, 1.32) (0.54, 0.44, 0.68) #fs:   4  -- #Conts: 3 E(3) 
   1481339 015.76 || noQ Q (Avg,Max,Min) (1.88, 1.88, 1.88) (0.77, 0.77, 0.77) #fs:   0  -- #Conts: 1 G(1) 
   1829194 013.41 || noQ Q (Avg,Max,Min) (1.55, 1.65, 1.46) (0.76, 0.67, 0.84) #fs:   2  -- #Conts: 2 E(2) 
   2290968 012.00 || noQ Q (Avg,Max,Min) (1.30, 1.45, 1.17) (0.76, 0.63, 0.92) #fs:   4  -- #Conts: 3 C(3) 
   2985064 010.71 || noQ Q (Avg,Max,Min) (1.19, 1.27, 1.11) (0.96, 0.92, 0.99) #fs:   4  -- #Conts: 2 E(1)  C(1) 
   3081767 008.00 || noQ Q (Avg,Max,Min) (1.37, 1.48, 1.25) (1.13, 0.99, 1.27) #fs:   2  -- #Conts: 2 C(2) 
   3340866 006.71 || noQ Q (Avg,Max,Min) (1.39, 1.39, 1.39) (1.29, 1.29, 1.29) #fs:   0  -- #Conts: 1 E(1) 
/////////////////size: 53
    361253 565.18 || noQ Q (Avg,Max,Min) (2.55, 4.50, 1.26) (0.05, 0.02, 0.24) #fs:   9  -- #Conts: 22 H(15)  G(5)  E(2) 
    362201 549.41 || noQ Q (Avg,Max,Min) (2.52, 3.82, 1.26) (0.05, 0.02, 0.26) #fs:   9  -- #Conts: 21 H(15)  G(4)  E(2) 
    363393 517.88 || noQ Q (Avg,Max,Min) (2.42, 3.80, 1.26) (0.05, 0.02, 0.26) #fs:   9  -- #Conts: 21 H(13)  G(6)  E(2) 
    364286 436.71 || noQ Q (Avg,Max,Min) (2.14, 3.79, 1.26) (0.05, 0.02, 0.26) #fs:   9  -- #Conts: 22 H(8)  G(10)  E(4) 
    367351 420.94 || noQ Q (Avg,Max,Min) (2.15, 4.44, 1.26) (0.05, 0.02, 0.26) #fs:   8  -- #Conts: 21 H(8)  G(9)  E(4) 
    367452 405.18 || noQ Q (Avg,Max,Min) (2.10, 4.44, 1.26) (0.05, 0.02, 0.26) #fs:   8  -- #Conts: 21 H(7)  G(10)  E(4) 
    371918 389.41 || noQ Q (Avg,Max,Min) (2.03, 3.67, 1.26) (0.05, 0.02, 0.26) #fs:   9  -- #Conts: 21 H(6)  G(11)  E(4) 
    380950 364.59 || noQ Q (Avg,Max,Min) (2.20, 5.47, 1.21) (0.05, 0.02, 0.27) #fs:   6  -- #Conts: 23 H(3)  G(15)  E(5) 
    382487 348.82 || noQ Q (Avg,Max,Min) (2.23, 5.47, 1.20) (0.05, 0.02, 0.26) #fs:   7  -- #Conts: 22 H(3)  G(14)  E(5) 
    387156 333.06 || noQ Q (Avg,Max,Min) (2.04, 3.68, 1.21) (0.05, 0.02, 0.27) #fs:   7  -- #Conts: 22 H(2)  G(15)  E(5) 
    388693 317.29 || noQ Q (Avg,Max,Min) (2.06, 4.21, 1.20) (0.05, 0.02, 0.26) #fs:   8  -- #Conts: 21 H(2)  G(14)  E(5) 
    394561 310.59 || noQ Q (Avg,Max,Min) (2.58, 5.47, 1.21) (0.07, 0.02, 0.27) #fs:   7  -- #Conts: 17 H(5)  G(8)  E(4) 
    394857 301.53 || noQ Q (Avg,Max,Min) (2.55, 5.47, 1.21) (0.07, 0.02, 0.29) #fs:   7  -- #Conts: 17 H(5)  G(7)  E(5) 
    397718 285.76 || noQ Q (Avg,Max,Min) (2.32, 5.47, 1.21) (0.07, 0.02, 0.26) #fs:   8  -- #Conts: 17 H(4)  G(8)  E(5) 
    397892 279.06 || noQ Q (Avg,Max,Min) (2.37, 5.47, 1.21) (0.07, 0.02, 0.26) #fs:   8  -- #Conts: 16 H(4)  G(8)  E(4) 
    398868 254.24 || noQ Q (Avg,Max,Min) (2.16, 5.47, 1.21) (0.07, 0.02, 0.27) #fs:   7  -- #Conts: 16 H(3)  G(8)  E(5) 
    399042 247.53 || noQ Q (Avg,Max,Min) (2.20, 5.47, 1.21) (0.08, 0.02, 0.27) #fs:   7  -- #Conts: 15 H(3)  G(8)  E(4) 
    399338 238.47 || noQ Q (Avg,Max,Min) (2.16, 5.47, 1.21) (0.08, 0.02, 0.29) #fs:   7  -- #Conts: 15 H(3)  G(7)  E(5) 
    405074 222.71 || noQ Q (Avg,Max,Min) (1.92, 3.45, 1.14) (0.08, 0.02, 0.27) #fs:   8  -- #Conts: 15 H(2)  G(8)  E(5) 
    405248 216.00 || noQ Q (Avg,Max,Min) (1.95, 3.45, 1.14) (0.08, 0.02, 0.27) #fs:   8  -- #Conts: 14 H(2)  G(8)  E(4) 
    405544 206.94 || noQ Q (Avg,Max,Min) (1.91, 3.65, 1.14) (0.08, 0.02, 0.29) #fs:   8  -- #Conts: 14 H(2)  G(7)  E(5) 
    411923 188.82 || noQ Q (Avg,Max,Min) (1.82, 3.57, 1.11) (0.08, 0.03, 0.29) #fs:   8  -- #Conts: 14 H(2)  G(5)  E(7) 
    439624 186.47 || noQ Q (Avg,Max,Min) (1.79, 2.70, 1.08) (0.07, 0.03, 0.33) #fs:   7  -- #Conts: 17 G(8)  E(9) 
    447631 179.41 || noQ Q (Avg,Max,Min) (1.66, 2.71, 1.05) (0.06, 0.03, 0.34) #fs:   7  -- #Conts: 20 G(5)  E(15) 
    448442 174.71 || noQ Q (Avg,Max,Min) (1.59, 2.70, 1.05) (0.06, 0.03, 0.34) #fs:   7  -- #Conts: 22 G(3)  E(19) 
    448872 172.00 || noQ Q (Avg,Max,Min) (1.57, 2.70, 1.05) (0.06, 0.03, 0.34) #fs:   7  -- #Conts: 22 G(3)  E(18)  C(1) 
    449507 169.29 || noQ Q (Avg,Max,Min) (1.56, 2.70, 1.05) (0.06, 0.03, 0.34) #fs:   7  -- #Conts: 22 G(3)  E(17)  C(2) 
    449839 166.59 || noQ Q (Avg,Max,Min) (1.55, 2.69, 1.05) (0.06, 0.03, 0.34) #fs:   7  -- #Conts: 22 G(3)  E(16)  C(3) 
    450080 163.88 || noQ Q (Avg,Max,Min) (1.54, 2.69, 1.04) (0.06, 0.03, 0.34) #fs:   7  -- #Conts: 22 G(3)  E(15)  C(4) 
    451956 157.18 || noQ Q (Avg,Max,Min) (1.54, 2.84, 1.04) (0.06, 0.03, 0.36) #fs:   6  -- #Conts: 21 G(3)  E(14)  C(4) 
    459791 150.47 || noQ Q (Avg,Max,Min) (1.54, 2.74, 1.02) (0.07, 0.03, 0.35) #fs:   6  -- #Conts: 20 G(3)  E(13)  C(4) 
    461364 143.76 || noQ Q (Avg,Max,Min) (1.55, 2.73, 1.01) (0.07, 0.03, 0.35) #fs:   7  -- #Conts: 19 G(3)  E(12)  C(4) 
    476761 137.06 || noQ Q (Avg,Max,Min) (1.54, 2.69, 0.97) (0.07, 0.03, 0.36) #fs:   7  -- #Conts: 18 G(3)  E(11)  C(4) 
    477284 130.35 || noQ Q (Avg,Max,Min) (1.56, 2.69, 1.27) (0.08, 0.03, 0.36) #fs:   7  -- #Conts: 17 G(3)  E(10)  C(4) 
    482450 123.65 || noQ Q (Avg,Max,Min) (1.56, 2.81, 1.25) (0.08, 0.03, 0.38) #fs:   6  -- #Conts: 16 G(3)  E(9)  C(4) 
    487010 120.94 || noQ Q (Avg,Max,Min) (1.53, 2.78, 1.24) (0.08, 0.03, 0.38) #fs:   7  -- #Conts: 16 G(3)  E(8)  C(5) 
    487433 118.24 || noQ Q (Avg,Max,Min) (1.51, 2.70, 1.23) (0.08, 0.03, 0.37) #fs:   7  -- #Conts: 16 G(3)  E(7)  C(6) 
    488068 115.53 || noQ Q (Avg,Max,Min) (1.50, 2.77, 1.23) (0.09, 0.03, 0.38) #fs:   7  -- #Conts: 16 G(3)  E(6)  C(7) 
    488479 112.82 || noQ Q (Avg,Max,Min) (1.49, 2.77, 1.23) (0.09, 0.03, 0.38) #fs:   7  -- #Conts: 16 G(3)  E(5)  C(8) 
    490285 111.53 || noQ Q (Avg,Max,Min) (1.52, 2.71, 1.23) (0.09, 0.03, 0.37) #fs:   6  -- #Conts: 15 G(3)  E(6)  C(6) 
    490429 108.82 || noQ Q (Avg,Max,Min) (1.51, 2.71, 1.23) (0.09, 0.03, 0.37) #fs:   6  -- #Conts: 15 G(3)  E(5)  C(7) 
    490602 106.12 || noQ Q (Avg,Max,Min) (1.49, 2.71, 1.23) (0.09, 0.03, 0.37) #fs:   6  -- #Conts: 15 G(3)  E(4)  C(8) 
    491788 099.41 || noQ Q (Avg,Max,Min) (1.50, 2.71, 1.22) (0.10, 0.03, 0.37) #fs:   7  -- #Conts: 14 G(3)  E(3)  C(8) 
    496628 096.71 || noQ Q (Avg,Max,Min) (1.47, 2.73, 1.21) (0.10, 0.04, 0.38) #fs:   7  -- #Conts: 14 G(3)  E(2)  C(9) 
    513204 092.71 || noQ Q (Avg,Max,Min) (1.46, 2.78, 1.16) (0.10, 0.04, 0.40) #fs:   6  -- #Conts: 13 G(3)  E(2)  C(8) 
    520894 088.71 || noQ Q (Avg,Max,Min) (1.48, 2.69, 1.13) (0.11, 0.04, 0.39) #fs:   6  -- #Conts: 12 G(3)  E(2)  C(7) 
    522467 084.71 || noQ Q (Avg,Max,Min) (1.50, 2.68, 1.13) (0.12, 0.04, 0.39) #fs:   7  -- #Conts: 11 G(3)  E(2)  C(6) 
    543582 080.71 || noQ Q (Avg,Max,Min) (1.49, 2.75, 1.07) (0.13, 0.04, 0.42) #fs:   6  -- #Conts: 10 G(3)  E(2)  C(5) 
    545721 076.71 || noQ Q (Avg,Max,Min) (1.53, 2.74, 1.07) (0.14, 0.04, 0.42) #fs:   7  -- #Conts: 9 G(3)  E(2)  C(4) 
    546121 072.71 || noQ Q (Avg,Max,Min) (1.59, 2.74, 1.32) (0.16, 0.04, 0.42) #fs:   7  -- #Conts: 8 G(3)  E(2)  C(3) 
    551445 068.71 || noQ Q (Avg,Max,Min) (1.63, 2.67, 1.31) (0.17, 0.04, 0.41) #fs:   6  -- #Conts: 7 G(3)  E(2)  C(2) 
    553018 064.71 || noQ Q (Avg,Max,Min) (1.70, 2.66, 1.30) (0.20, 0.04, 0.41) #fs:   7  -- #Conts: 6 G(3)  E(2)  C(1) 
    574248 060.71 || noQ Q (Avg,Max,Min) (1.70, 2.73, 1.15) (0.23, 0.15, 0.44) #fs:   6  -- #Conts: 5 G(3)  E(2) 
    689475 058.24 || noQ Q (Avg,Max,Min) (1.50, 2.41, 1.17) (0.18, 0.04, 0.46) #fs:   6  -- #Conts: 8 G(2)  E(1)  C(5) 
    703568 054.24 || noQ Q (Avg,Max,Min) (1.53, 2.50, 1.14) (0.20, 0.04, 0.49) #fs:   5  -- #Conts: 7 G(2)  E(1)  C(4) 
    731586 050.24 || noQ Q (Avg,Max,Min) (1.54, 2.43, 1.09) (0.23, 0.09, 0.49) #fs:   5  -- #Conts: 6 G(2)  E(1)  C(3) 
    734516 047.53 || noQ Q (Avg,Max,Min) (1.55, 2.64, 1.08) (0.22, 0.09, 0.54) #fs:   5  -- #Conts: 6 G(2)  C(4) 
    764749 043.53 || noQ Q (Avg,Max,Min) (1.59, 2.58, 1.03) (0.26, 0.09, 0.55) #fs:   5  -- #Conts: 5 G(2)  C(3) 
    792998 039.53 || noQ Q (Avg,Max,Min) (1.69, 2.66, 1.18) (0.32, 0.14, 0.59) #fs:   5  -- #Conts: 4 G(2)  C(2) 
    869992 038.47 || noQ Q (Avg,Max,Min) (1.37, 2.36, 1.11) (0.28, 0.19, 0.57) #fs:   7  -- #Conts: 6 G(1)  E(1)  C(4) 
    931630 034.47 || noQ Q (Avg,Max,Min) (1.38, 2.31, 1.02) (0.31, 0.23, 0.60) #fs:   7  -- #Conts: 5 G(1)  E(1)  C(3) 
    996922 031.76 || noQ Q (Avg,Max,Min) (1.32, 2.30, 0.99) (0.31, 0.19, 0.64) #fs:   6  -- #Conts: 5 G(1)  C(4) 
   1027937 027.76 || noQ Q (Avg,Max,Min) (1.46, 2.33, 1.13) (0.37, 0.23, 0.66) #fs:   5  -- #Conts: 4 G(1)  C(3) 
   1086168 025.76 || noQ Q (Avg,Max,Min) (1.37, 2.30, 1.08) (0.32, 0.16, 0.69) #fs:   4  -- #Conts: 5 G(1)  A(2)  C(2) 
   1114781 024.76 || noQ Q (Avg,Max,Min) (1.41, 2.27, 1.06) (0.37, 0.16, 0.70) #fs:   3  -- #Conts: 4 G(1)  A(1)  C(2) 
   1145130 023.76 || noQ Q (Avg,Max,Min) (1.50, 2.27, 1.03) (0.44, 0.29, 0.72) #fs:   3  -- #Conts: 3 G(1)  C(2) 
   1231886 022.76 || noQ Q (Avg,Max,Min) (1.31, 2.07, 1.08) (0.31, 0.16, 0.71) #fs:   2  -- #Conts: 5 G(1)  A(3)  C(1) 
   1247153 021.76 || noQ Q (Avg,Max,Min) (1.37, 2.10, 1.08) (0.35, 0.16, 0.73) #fs:   1  -- #Conts: 4 G(1)  A(2)  C(1) 
   1277386 020.76 || noQ Q (Avg,Max,Min) (1.45, 2.08, 1.08) (0.42, 0.16, 0.74) #fs:   1  -- #Conts: 3 G(1)  A(1)  C(1) 
   1307793 019.76 || noQ Q (Avg,Max,Min) (1.61, 2.05, 1.16) (0.56, 0.37, 0.75) #fs:   1  -- #Conts: 2 G(1)  C(1) 
   1390923 018.76 || noQ Q (Avg,Max,Min) (1.29, 1.94, 1.08) (0.31, 0.16, 0.75) #fs:   0  -- #Conts: 4 G(1)  A(3) 
   1421503 017.76 || noQ Q (Avg,Max,Min) (1.36, 1.92, 1.08) (0.36, 0.16, 0.76) #fs:   0  -- #Conts: 3 G(1)  A(2) 
   1452014 016.76 || noQ Q (Avg,Max,Min) (1.49, 1.90, 1.08) (0.46, 0.16, 0.77) #fs:   0  -- #Conts: 2 G(1)  A(1) 
   1481339 015.76 || noQ Q (Avg,Max,Min) (1.88, 1.88, 1.88) (0.77, 0.77, 0.77) #fs:   0  -- #Conts: 1 G(1) 
   1750272 015.71 || noQ Q (Avg,Max,Min) (1.32, 1.80, 1.08) (0.52, 0.16, 0.88) #fs:   3  -- #Conts: 4 A(1)  E(1)  C(2) 
   1758009 014.71 || noQ Q (Avg,Max,Min) (1.42, 1.79, 1.18) (0.65, 0.51, 0.88) #fs:   4  -- #Conts: 3 E(1)  C(2) 
   2013116 013.71 || noQ Q (Avg,Max,Min) (1.24, 1.66, 1.08) (0.51, 0.31, 0.93) #fs:   2  -- #Conts: 5 A(3)  E(1)  C(1) 
   2150792 012.71 || noQ Q (Avg,Max,Min) (1.26, 1.62, 1.08) (0.53, 0.16, 0.97) #fs:   2  -- #Conts: 4 A(2)  E(1)  C(1) 
   2218846 011.71 || noQ Q (Avg,Max,Min) (1.30, 1.60, 1.08) (0.67, 0.32, 0.99) #fs:   2  -- #Conts: 3 A(1)  E(1)  C(1) 
   2288923 010.71 || noQ Q (Avg,Max,Min) (1.46, 1.65, 1.27) (0.90, 0.75, 1.05) #fs:   2  -- #Conts: 2 E(1)  C(1) 
   2759321 009.71 || noQ Q (Avg,Max,Min) (1.13, 1.44, 0.93) (0.68, 0.47, 1.10) #fs:   3  -- #Conts: 4 A(3)  E(1) 
   2954236 008.71 || noQ Q (Avg,Max,Min) (1.12, 1.41, 0.87) (0.77, 0.48, 1.16) #fs:   2  -- #Conts: 3 A(2)  E(1) 
   3092931 007.71 || noQ Q (Avg,Max,Min) (1.21, 1.41, 1.02) (1.02, 0.83, 1.21) #fs:   2  -- #Conts: 2 A(1)  E(1) 
   3340866 006.71 || noQ Q (Avg,Max,Min) (1.39, 1.39, 1.39) (1.29, 1.29, 1.29) #fs:   0  -- #Conts: 1 E(1) 
/////////////////size: 84
nodes 50 edges 108
 mulT: 50 mulD: 500  sumData GB 468
pareto /MONTAGE.n.50.0.dax time -> 7447.0
moheft /MONTAGE.n.50.0.dax time -> 1010.0
distance from M to C 3.5783976948169918
distance from P to C 0.08760661630784647
distance from C to M 7.576513585608518
distance from C to P 0.7957198124134867
toCompare: /MONTAGE.n.50.0.dax sumDataGB: 468 mulT: 50 mulD: 500 paretoOptTime_MS: 7447.0 MoheftOptimizationTime_MS: 1010.0 MtoC 3.5783976948169918 PtoC 0.08760661630784647 CtoM 7.576513585608518 CtoP 0.7957198124134867
