specify -Dflow d,b,mt,md,size
Running /home/vaggelis/jc/CYBERSHAKE.n.50.0.dax mt 1000 md: 5000 size null
  22773405 536.00 || noQ Q (Avg,Max,Min) (0.96, 1.97, 0.03) (0.86, 0.02, 1.78) #fs:   6  -- #Conts: 4 H(4) 
  22783739 504.47 || noQ Q (Avg,Max,Min) (0.98, 2.08, 0.03) (0.93, 0.02, 2.08) #fs:   5  -- #Conts: 4 H(4) 
  22824459 472.94 || noQ Q (Avg,Max,Min) (0.98, 2.08, 0.03) (0.94, 0.03, 2.08) #fs:   4  -- #Conts: 4 H(4) 
  22944651 441.41 || noQ Q (Avg,Max,Min) (1.30, 2.08, 0.05) (1.24, 0.04, 2.08) #fs:   2  -- #Conts: 3 H(3) 
  23072608 409.88 || noQ Q (Avg,Max,Min) (1.92, 2.08, 1.76) (1.84, 1.61, 2.08) #fs:   0  -- #Conts: 2 H(2) 
  39590109 380.35 || noQ Q (Avg,Max,Min) (1.04, 1.65, 0.07) (0.92, 0.07, 1.65) #fs:   5  -- #Conts: 4 G(3)  A(1) 
  71542672 369.18 || noQ Q (Avg,Max,Min) (2.52, 3.77, 1.26) (2.19, 1.24, 2.93) #fs:   3  -- #Conts: 6 G(1)  E(5) 
  71601393 342.00 || noQ Q (Avg,Max,Min) (2.58, 3.77, 1.26) (2.27, 1.24, 2.94) #fs:   3  -- #Conts: 6 E(6) 
  75267750 335.29 || noQ Q (Avg,Max,Min) (2.42, 3.46, 1.23) (2.24, 1.23, 3.04) #fs:   2  -- #Conts: 5 E(5) 
  78205226 328.59 || noQ Q (Avg,Max,Min) (2.50, 3.85, 1.23) (2.47, 1.21, 3.82) #fs:   1  -- #Conts: 4 E(4) 
  81007583 321.88 || noQ Q (Avg,Max,Min) (2.53, 3.83, 1.29) (2.52, 1.28, 3.83) #fs:   0  -- #Conts: 4 E(4) 
/////////////////size: 11
  22772466 431.65 || noQ Q (Avg,Max,Min) (1.32, 2.08, 1.00) (0.85, 0.01, 2.08) #fs:   0  -- #Conts: 6 H(2)  A(2)  G(1)  C(1) 
  22779612 422.59 || noQ Q (Avg,Max,Min) (1.31, 2.08, 1.00) (0.85, 0.01, 2.08) #fs:   0  -- #Conts: 6 H(2)  A(2)  E(1)  C(1) 
  22783934 415.88 || noQ Q (Avg,Max,Min) (1.37, 2.08, 1.00) (1.02, 0.27, 2.08) #fs:   0  -- #Conts: 5 H(2)  A(2)  C(1) 
  22829175 413.88 || noQ Q (Avg,Max,Min) (1.36, 2.08, 0.78) (1.17, 0.45, 2.08) #fs:   2  -- #Conts: 4 H(2)  A(2) 
  22873741 412.88 || noQ Q (Avg,Max,Min) (1.34, 2.08, 0.74) (1.21, 0.45, 2.08) #fs:   2  -- #Conts: 4 H(2)  A(2) 
  22959496 411.88 || noQ Q (Avg,Max,Min) (1.54, 2.08, 0.78) (1.38, 0.45, 2.08) #fs:   1  -- #Conts: 3 H(2)  A(1) 
  22994608 410.88 || noQ Q (Avg,Max,Min) (1.52, 2.08, 0.71) (1.43, 0.61, 2.08) #fs:   1  -- #Conts: 3 H(2)  A(1) 
  23068546 409.88 || noQ Q (Avg,Max,Min) (1.92, 2.08, 1.76) (1.84, 1.61, 2.08) #fs:   0  -- #Conts: 2 H(2) 
  43673689 401.12 || noQ Q (Avg,Max,Min) (3.03, 9.42, 0.80) (2.00, 0.02, 5.42) #fs:   1  -- #Conts: 5 H(2)  G(1)  A(1)  C(1) 
  43693351 397.12 || noQ Q (Avg,Max,Min) (3.51, 9.35, 0.80) (2.50, 0.69, 5.42) #fs:   1  -- #Conts: 4 H(2)  G(1)  A(1) 
  43813704 396.12 || noQ Q (Avg,Max,Min) (3.38, 8.89, 0.74) (2.52, 0.74, 5.46) #fs:   1  -- #Conts: 4 H(2)  G(1)  A(1) 
  43995391 395.12 || noQ Q (Avg,Max,Min) (3.22, 8.29, 0.71) (2.50, 0.61, 5.51) #fs:   1  -- #Conts: 4 H(2)  G(1)  A(1) 
  44122109 394.12 || noQ Q (Avg,Max,Min) (3.94, 7.93, 1.81) (3.14, 1.81, 5.55) #fs:   0  -- #Conts: 3 H(2)  G(1) 
  46587629 393.76 || noQ Q (Avg,Max,Min) (2.28, 4.50, 0.74) (1.94, 0.74, 3.11) #fs:   1  -- #Conts: 4 H(2)  A(1)  E(1) 
  46997390 392.76 || noQ Q (Avg,Max,Min) (2.21, 4.23, 0.71) (1.92, 0.61, 3.17) #fs:   1  -- #Conts: 4 H(2)  A(1)  E(1) 
  47283179 391.76 || noQ Q (Avg,Max,Min) (2.65, 4.07, 1.81) (2.37, 1.81, 3.21) #fs:   0  -- #Conts: 3 H(2)  E(1) 
  50034050 390.94 || noQ Q (Avg,Max,Min) (4.01, 8.50, 2.08) (3.54, 2.08, 8.23) #fs:   1  -- #Conts: 6 H(2)  G(1)  E(1)  C(2) 
  50910986 386.94 || noQ Q (Avg,Max,Min) (4.00, 8.44, 2.08) (3.71, 2.08, 8.24) #fs:   1  -- #Conts: 6 H(2)  G(1)  E(1)  C(2) 
  54116104 385.59 || noQ Q (Avg,Max,Min) (5.53, 15.09, 1.00) (4.98, 0.31, 13.84) #fs:   2  -- #Conts: 9 H(2)  G(2)  A(1)  E(2)  C(2) 
  54173608 384.59 || noQ Q (Avg,Max,Min) (6.06, 14.84, 2.21) (5.56, 2.21, 13.85) #fs:   3  -- #Conts: 8 H(2)  G(2)  E(2)  C(2) 
  54273488 383.29 || noQ Q (Avg,Max,Min) (6.19, 12.76, 2.21) (5.88, 2.21, 12.27) #fs:   3  -- #Conts: 8 H(2)  G(2)  E(3)  C(1) 
  55027660 382.24 || noQ Q (Avg,Max,Min) (5.47, 9.19, 2.21) (5.05, 2.21, 8.25) #fs:   2  -- #Conts: 9 H(2)  G(1)  E(4)  C(2) 
  55876891 378.24 || noQ Q (Avg,Max,Min) (5.85, 9.19, 2.21) (5.40, 2.21, 8.24) #fs:   1  -- #Conts: 8 H(2)  G(1)  E(4)  C(1) 
  59091799 377.94 || noQ Q (Avg,Max,Min) (5.29, 9.19, 1.00) (4.92, 0.37, 8.24) #fs:   0  -- #Conts: 9 H(2)  G(1)  A(1)  E(4)  C(1) 
  59266665 376.94 || noQ Q (Avg,Max,Min) (5.83, 9.19, 2.21) (5.49, 2.21, 8.24) #fs:   0  -- #Conts: 8 H(2)  G(1)  E(4)  C(1) 
  66434337 353.41 || noQ Q (Avg,Max,Min) (6.47, 15.20, 1.25) (5.31, 1.21, 13.84) #fs:   2  -- #Conts: 10 G(2)  E(8) 
  66591721 346.71 || noQ Q (Avg,Max,Min) (6.52, 15.21, 1.26) (5.58, 1.22, 13.83) #fs:   4  -- #Conts: 10 G(2)  E(8) 
  67127391 342.35 || noQ Q (Avg,Max,Min) (6.31, 14.00, 1.26) (5.69, 1.23, 13.92) #fs:   5  -- #Conts: 8 G(2)  E(6) 
  67269313 337.94 || noQ Q (Avg,Max,Min) (5.46, 14.00, 1.00) (5.13, 0.20, 13.92) #fs:   5  -- #Conts: 9 G(2)  A(1)  E(5)  C(1) 
  67298038 336.94 || noQ Q (Avg,Max,Min) (6.01, 14.00, 1.26) (5.74, 1.23, 13.92) #fs:   4  -- #Conts: 8 G(2)  E(5)  C(1) 
  67473419 336.65 || noQ Q (Avg,Max,Min) (5.59, 14.00, 1.00) (5.25, 0.21, 13.92) #fs:   3  -- #Conts: 8 G(2)  A(1)  E(5) 
  67503221 335.65 || noQ Q (Avg,Max,Min) (6.24, 14.00, 1.26) (5.97, 1.24, 13.92) #fs:   4  -- #Conts: 7 G(2)  E(5) 
  69730786 333.29 || noQ Q (Avg,Max,Min) (5.95, 9.19, 1.25) (5.35, 1.21, 8.27) #fs:   0  -- #Conts: 7 G(1)  E(6) 
  70379981 330.76 || noQ Q (Avg,Max,Min) (4.24, 8.17, 0.82) (4.03, 0.60, 7.46) #fs:   1  -- #Conts: 10 A(1)  E(6)  C(3) 
  70519613 329.76 || noQ Q (Avg,Max,Min) (4.63, 8.34, 1.58) (4.41, 1.54, 7.46) #fs:   0  -- #Conts: 9 E(6)  C(3) 
  70744068 328.76 || noQ Q (Avg,Max,Min) (3.74, 7.59, 1.00) (3.54, 0.34, 7.46) #fs:   0  -- #Conts: 12 A(3)  E(6)  C(3) 
  70796952 327.76 || noQ Q (Avg,Max,Min) (3.99, 7.59, 1.00) (3.84, 0.34, 7.46) #fs:   0  -- #Conts: 11 A(2)  E(6)  C(3) 
  70905884 326.76 || noQ Q (Avg,Max,Min) (4.29, 7.59, 1.00) (4.18, 0.57, 7.46) #fs:   0  -- #Conts: 10 A(1)  E(6)  C(3) 
  71037066 325.76 || noQ Q (Avg,Max,Min) (4.65, 7.59, 1.25) (4.58, 1.23, 7.46) #fs:   0  -- #Conts: 9 E(6)  C(3) 
  74610669 325.47 || noQ Q (Avg,Max,Min) (3.55, 7.46, 1.00) (3.51, 0.95, 7.46) #fs:   0  -- #Conts: 7 A(1)  E(4)  C(2) 
  74842344 324.47 || noQ Q (Avg,Max,Min) (3.97, 7.46, 1.54) (3.93, 1.53, 7.46) #fs:   0  -- #Conts: 6 E(4)  C(2) 
  74911507 324.18 || noQ Q (Avg,Max,Min) (4.03, 7.54, 1.00) (3.98, 0.96, 7.45) #fs:   0  -- #Conts: 7 A(1)  E(5)  C(1) 
  75137874 323.18 || noQ Q (Avg,Max,Min) (4.53, 7.54, 1.23) (4.49, 1.22, 7.45) #fs:   0  -- #Conts: 6 E(5)  C(1) 
  78796995 322.88 || noQ Q (Avg,Max,Min) (4.10, 7.51, 1.00) (4.07, 0.94, 7.46) #fs:   0  -- #Conts: 6 A(1)  E(5) 
  79110885 321.88 || noQ Q (Avg,Max,Min) (4.72, 7.51, 1.60) (4.70, 1.59, 7.46) #fs:   0  -- #Conts: 5 E(5) 
/////////////////size: 45
nodes 50 edges 92
 mulT: 1000 mulD: 5000  sumData GB 431512
pareto /CYBERSHAKE.n.50.0.dax time -> 550.0
moheft /CYBERSHAKE.n.50.0.dax time -> 710.0
distance from M to C 0.9973856209150275
distance from P to C 10.385552207514712
distance from C to M 0.09375
distance from C to P 1.5863287562862016
toCompare: /CYBERSHAKE.n.50.0.dax sumDataGB: 431512 mulT: 1000 mulD: 5000 paretoOptTime_MS: 550.0 MoheftOptimizationTime_MS: 710.0 MtoC 0.9973856209150275 PtoC 10.385552207514712 CtoM 0.09375 CtoP 1.5863287562862016
