specify -Dflow d,b,mt,md,size
Running /home/vaggelis/jc/CYBERSHAKE.n.50.0.dax mt 500 md: 10000 size null
  11385576 315.29 || noQ Q (Avg,Max,Min) (2.12, 5.31, 0.03) (1.71, 0.01, 5.31) #fs:   3  -- #Conts: 5 H(5) 
  11397414 283.76 || noQ Q (Avg,Max,Min) (2.37, 5.31, 0.03) (2.14, 0.02, 5.31) #fs:   3  -- #Conts: 4 H(4) 
  11431325 252.24 || noQ Q (Avg,Max,Min) (3.14, 5.31, 0.04) (2.85, 0.03, 5.31) #fs:   2  -- #Conts: 3 H(3) 
  11536158 220.71 || noQ Q (Avg,Max,Min) (4.67, 5.31, 4.03) (4.27, 3.23, 5.31) #fs:   0  -- #Conts: 2 H(2) 
  19730272 204.94 || noQ Q (Avg,Max,Min) (1.64, 3.59, 0.09) (1.57, 0.06, 3.59) #fs:   6  -- #Conts: 4 G(4) 
  19923533 189.18 || noQ Q (Avg,Max,Min) (2.15, 3.59, 0.11) (2.08, 0.11, 3.59) #fs:   4  -- #Conts: 3 G(3) 
  20277342 173.41 || noQ Q (Avg,Max,Min) (3.15, 3.59, 2.72) (3.07, 2.56, 3.59) #fs:   0  -- #Conts: 2 G(2) 
  44030165 167.65 || noQ Q (Avg,Max,Min) (1.95, 2.10, 1.79) (1.87, 1.69, 2.06) #fs:   0  -- #Conts: 2 E(2) 
  45731849 166.00 || noQ Q (Avg,Max,Min) (2.67, 3.59, 1.76) (2.65, 1.72, 3.59) #fs:   0  -- #Conts: 2 G(1)  E(1) 
/////////////////size: 9
  11386252 242.47 || noQ Q (Avg,Max,Min) (2.40, 5.31, 0.35) (1.79, 0.00, 5.31) #fs:   1  -- #Conts: 5 H(2)  A(1)  G(1)  C(1) 
  11390626 233.41 || noQ Q (Avg,Max,Min) (2.35, 5.31, 0.35) (1.79, 0.00, 5.31) #fs:   1  -- #Conts: 5 H(2)  A(1)  E(1)  C(1) 
  11391971 226.71 || noQ Q (Avg,Max,Min) (2.69, 5.31, 0.35) (2.24, 0.14, 5.31) #fs:   1  -- #Conts: 4 H(2)  A(1)  C(1) 
  11414592 222.71 || noQ Q (Avg,Max,Min) (2.74, 5.31, 0.79) (2.38, 0.45, 5.31) #fs:   2  -- #Conts: 4 H(2)  A(2) 
  11479755 221.71 || noQ Q (Avg,Max,Min) (3.38, 5.31, 0.79) (2.99, 0.45, 5.31) #fs:   1  -- #Conts: 3 H(2)  A(1) 
  11534281 220.71 || noQ Q (Avg,Max,Min) (4.67, 5.31, 4.03) (4.27, 3.23, 5.31) #fs:   0  -- #Conts: 2 H(2) 
  40623404 211.59 || noQ Q (Avg,Max,Min) (1.45, 2.73, 0.29) (1.03, 0.01, 2.54) #fs:   4  -- #Conts: 5 H(1)  G(1)  A(2)  E(1) 
  40640608 210.59 || noQ Q (Avg,Max,Min) (1.47, 2.73, 0.34) (1.03, 0.01, 2.54) #fs:   4  -- #Conts: 5 H(1)  G(1)  A(2)  E(1) 
  40643768 198.82 || noQ Q (Avg,Max,Min) (1.39, 2.73, 0.36) (0.87, 0.01, 2.54) #fs:   3  -- #Conts: 6 G(2)  A(2)  E(1)  C(1) 
  40650980 194.82 || noQ Q (Avg,Max,Min) (1.47, 2.73, 0.36) (1.04, 0.02, 2.54) #fs:   4  -- #Conts: 5 G(2)  A(2)  E(1) 
  40672968 193.82 || noQ Q (Avg,Max,Min) (1.48, 2.73, 0.43) (1.05, 0.02, 2.54) #fs:   4  -- #Conts: 5 G(2)  A(2)  E(1) 
  40700567 184.06 || noQ Q (Avg,Max,Min) (1.45, 2.73, 0.29) (1.03, 0.01, 2.54) #fs:   4  -- #Conts: 5 G(1)  A(2)  E(1)  C(1) 
  40722731 180.06 || noQ Q (Avg,Max,Min) (1.54, 2.73, 0.29) (1.28, 0.24, 2.54) #fs:   4  -- #Conts: 4 G(1)  A(2)  E(1) 
  40764853 179.06 || noQ Q (Avg,Max,Min) (1.53, 2.73, 0.36) (1.31, 0.28, 2.54) #fs:   4  -- #Conts: 4 G(1)  A(2)  E(1) 
  40789285 178.06 || noQ Q (Avg,Max,Min) (1.58, 2.73, 0.43) (1.34, 0.35, 2.54) #fs:   3  -- #Conts: 4 G(1)  A(2)  E(1) 
  40998081 177.06 || noQ Q (Avg,Max,Min) (1.77, 2.73, 0.43) (1.64, 0.35, 2.54) #fs:   3  -- #Conts: 3 G(1)  A(1)  E(1) 
  41133145 176.06 || noQ Q (Avg,Max,Min) (1.96, 2.73, 1.00) (1.66, 0.42, 2.54) #fs:   1  -- #Conts: 3 G(1)  A(1)  E(1) 
  41327586 175.06 || noQ Q (Avg,Max,Min) (2.43, 2.73, 2.13) (2.29, 2.03, 2.54) #fs:   1  -- #Conts: 2 G(1)  E(1) 
  77845071 172.71 || noQ Q (Avg,Max,Min) (9.31, 16.22, 2.10) (6.38, 2.05, 10.34) #fs:   1  -- #Conts: 4 G(1)  E(3) 
  78735394 170.00 || noQ Q (Avg,Max,Min) (7.15, 11.95, 2.10) (6.48, 2.05, 10.57) #fs:   1  -- #Conts: 4 G(1)  E(2)  C(1) 
  93396140 169.29 || noQ Q (Avg,Max,Min) (2.72, 2.97, 2.10) (2.66, 2.05, 2.93) #fs:   1  -- #Conts: 4 G(1)  A(2)  E(1) 
 103980960 168.59 || noQ Q (Avg,Max,Min) (5.83, 18.60, 2.00) (4.83, 1.97, 13.66) #fs:   1  -- #Conts: 5 G(1)  A(2)  E(1)  C(1) 
 104019273 167.59 || noQ Q (Avg,Max,Min) (5.90, 18.35, 2.18) (4.89, 2.17, 13.67) #fs:   0  -- #Conts: 5 G(1)  A(2)  E(1)  C(1) 
 104086921 166.59 || noQ Q (Avg,Max,Min) (5.82, 17.92, 2.18) (4.96, 2.17, 13.69) #fs:   0  -- #Conts: 5 G(1)  A(2)  E(1)  C(1) 
 104894178 165.59 || noQ Q (Avg,Max,Min) (5.12, 14.09, 2.18) (5.07, 2.17, 13.91) #fs:   0  -- #Conts: 5 G(1)  A(2)  E(1)  C(1) 
/////////////////size: 25
nodes 50 edges 92
 mulT: 500 mulD: 10000  sumData GB 863024
pareto /CYBERSHAKE.n.50.0.dax time -> 406.0
moheft /CYBERSHAKE.n.50.0.dax time -> 174.0
distance from M to C 2.456719503825516
distance from P to C 0.33333333333333964
distance from C to M 3.3908681595191044
distance from C to P 0.7754967513249924
toCompare: /CYBERSHAKE.n.50.0.dax sumDataGB: 863024 mulT: 500 mulD: 10000 paretoOptTime_MS: 406.0 MoheftOptimizationTime_MS: 174.0 MtoC 2.456719503825516 PtoC 0.33333333333333964 CtoM 3.3908681595191044 CtoP 0.7754967513249924
