specify -Dflow d,b,mt,md,size
Running /home/vaggelis/jc/CYBERSHAKE.n.100.0.dax mt 30 md: 20000 size null
   1164147 063.06 || noQ Q (Avg,Max,Min) (95.32, 102.32, 10.00) (30.78, 10.00, 32.99) #fs:   2  -- #Conts: 2 H(2) 
   1893470 047.29 || noQ Q (Avg,Max,Min) (59.85, 63.14, 10.00) (30.89, 10.00, 33.21) #fs:   1  -- #Conts: 2 H(1)  G(1) 
   1991879 031.53 || noQ Q (Avg,Max,Min) (56.07, 60.10, 10.00) (31.00, 10.00, 33.21) #fs:   2  -- #Conts: 2 G(2) 
   4486553 026.82 || noQ Q (Avg,Max,Min) (25.42, 27.18, 10.00) (15.84, 10.00, 16.94) #fs:   2  -- #Conts: 2 E(2) 
   7378743 025.41 || noQ Q (Avg,Max,Min) (15.99, 16.95, 10.00) (13.16, 10.00, 14.74) #fs:   1  -- #Conts: 2 E(1)  C(1) 
   7751842 024.00 || noQ Q (Avg,Max,Min) (10.54, 17.34, 0.17) (9.18, 0.08, 17.34) #fs:   4  -- #Conts: 3 C(3) 
   7932225 020.00 || noQ Q (Avg,Max,Min) (15.59, 17.35, 10.00) (13.75, 10.00, 17.34) #fs:   0  -- #Conts: 2 C(2) 
  34705835 019.00 || noQ Q (Avg,Max,Min) (4.28, 4.63, 3.93) (4.21, 3.79, 4.63) #fs:   0  -- #Conts: 2 A(2) 
/////////////////size: 8
   2216535 045.53 || noQ Q (Avg,Max,Min) (11.69, 99.90, 0.10) (6.88, 0.00, 61.51) #fs:  11  -- #Conts: 9 H(1)  A(6)  C(2) 
   2217326 041.53 || noQ Q (Avg,Max,Min) (12.91, 99.86, 0.10) (7.74, 0.02, 61.51) #fs:  11  -- #Conts: 8 H(1)  A(6)  C(1) 
   2218788 038.53 || noQ Q (Avg,Max,Min) (12.87, 99.79, 0.10) (7.74, 0.03, 61.51) #fs:  12  -- #Conts: 8 H(1)  A(7) 
   2226103 037.53 || noQ Q (Avg,Max,Min) (14.63, 99.47, 0.12) (8.84, 0.03, 61.51) #fs:   8  -- #Conts: 7 H(1)  A(6) 
   2229183 036.53 || noQ Q (Avg,Max,Min) (17.02, 99.33, 0.29) (10.31, 0.05, 61.51) #fs:   7  -- #Conts: 6 H(1)  A(5) 
   2234260 035.53 || noQ Q (Avg,Max,Min) (20.26, 99.11, 0.32) (12.36, 0.06, 61.51) #fs:   6  -- #Conts: 5 H(1)  A(4) 
   2240178 034.53 || noQ Q (Avg,Max,Min) (24.97, 98.85, 0.32) (15.44, 0.06, 61.51) #fs:   6  -- #Conts: 4 H(1)  A(3) 
   2246601 033.53 || noQ Q (Avg,Max,Min) (33.08, 98.57, 0.32) (20.56, 0.06, 61.51) #fs:   5  -- #Conts: 3 H(1)  A(2) 
   2258364 032.53 || noQ Q (Avg,Max,Min) (49.20, 98.06, 0.33) (30.79, 0.06, 61.52) #fs:   2  -- #Conts: 2 H(1)  A(1) 
   2265384 031.53 || noQ Q (Avg,Max,Min) (97.76, 97.76, 10.00) (61.52, 10.00, 61.52) #fs:   0  -- #Conts: 1 H(1) 
 235276895 024.47 || noQ Q (Avg,Max,Min) (470.33, 1226.03, 10.00) (55.22, 10.00, 71.11) #fs:   0  -- #Conts: 3 G(1)  A(1)  E(1) 
 235346658 021.76 || noQ Q (Avg,Max,Min) (298.35, 710.09, 10.00) (55.22, 10.00, 71.11) #fs:   0  -- #Conts: 3 G(1)  A(1)  C(1) 
 235474792 020.76 || noQ Q (Avg,Max,Min) (201.81, 401.21, 10.00) (78.89, 10.00, 142.03) #fs:   0  -- #Conts: 3 G(1)  A(1)  C(1) 
 235896254 019.76 || noQ Q (Avg,Max,Min) (87.85, 165.21, 1.24) (41.46, 0.01, 71.11) #fs:   0  -- #Conts: 4 G(1)  A(3) 
 235915454 018.76 || noQ Q (Avg,Max,Min) (115.30, 160.93, 10.00) (55.27, 10.00, 71.11) #fs:   0  -- #Conts: 3 G(1)  A(2) 
 236483649 017.76 || noQ Q (Avg,Max,Min) (98.50, 142.34, 10.00) (78.98, 10.00, 142.03) #fs:   0  -- #Conts: 3 G(1)  A(2) 
 239109130 017.41 || noQ Q (Avg,Max,Min) (91.87, 142.07, 10.00) (91.24, 10.00, 142.03) #fs:   2  -- #Conts: 5 A(4)  E(1) 
/////////////////size: 17
nodes 100 edges 192
 mulT: 30 mulD: 20000  sumData GB 1951984
pareto /CYBERSHAKE.n.100.0.dax time -> 446.0
moheft /CYBERSHAKE.n.100.0.dax time -> 629.0
distance from M to C 1.0717099954603293
distance from P to C 0.0
distance from C to M 2.2034373856897513
distance from C to P 0.45147984813876557
toCompare: /CYBERSHAKE.n.100.0.dax sumDataGB: 1951984 mulT: 30 mulD: 20000 paretoOptTime_MS: 446.0 MoheftOptimizationTime_MS: 629.0 MtoC 1.0717099954603293 PtoC 0.0 CtoM 2.2034373856897513 CtoP 0.45147984813876557
