specify -Dflow d,b,mt,md,size
Running /home/vaggelis/jc/MONTAGE.n.50.0.dax mt 5000 md: 500 size null
   9549680 1387.29 || noQ Q (Avg,Max,Min) (0.97, 1.02, 0.81) (0.55, 0.50, 0.87) #fs:  16  -- #Conts: 28 H(28) 
  11233088 1072.00 || noQ Q (Avg,Max,Min) (0.93, 1.01, 0.67) (0.79, 0.56, 0.88) #fs:  15  -- #Conts: 26 H(8)  G(18) 
  11283335 1040.47 || noQ Q (Avg,Max,Min) (0.94, 1.01, 0.67) (0.80, 0.56, 0.88) #fs:  15  -- #Conts: 24 H(8)  G(16) 
  11286530 1024.71 || noQ Q (Avg,Max,Min) (0.95, 1.01, 0.67) (0.80, 0.56, 0.88) #fs:  15  -- #Conts: 23 H(8)  G(15) 
  11299786 993.18 || noQ Q (Avg,Max,Min) (0.96, 1.06, 0.67) (0.81, 0.56, 0.88) #fs:  16  -- #Conts: 21 H(8)  G(13) 
  11307228 977.41 || noQ Q (Avg,Max,Min) (0.96, 1.01, 0.85) (0.82, 0.71, 0.88) #fs:  15  -- #Conts: 20 H(8)  G(12) 
  13730402 961.65 || noQ Q (Avg,Max,Min) (0.93, 1.01, 0.75) (0.82, 0.71, 0.88) #fs:  15  -- #Conts: 21 H(7)  G(14) 
  16251938 756.71 || noQ Q (Avg,Max,Min) (1.00, 1.03, 0.82) (0.88, 0.71, 0.99) #fs:  10  -- #Conts: 33 G(33) 
  16291478 740.94 || noQ Q (Avg,Max,Min) (1.01, 1.05, 0.82) (0.89, 0.72, 0.99) #fs:   9  -- #Conts: 34 G(34) 
  16300068 725.18 || noQ Q (Avg,Max,Min) (1.01, 1.05, 0.99) (0.90, 0.86, 0.99) #fs:   8  -- #Conts: 35 G(35) 
  31787476 723.29 || noQ Q (Avg,Max,Min) (0.99, 1.01, 0.70) (0.92, 0.52, 0.98) #fs:  10  -- #Conts: 34 G(8)  E(26) 
  31787739 720.94 || noQ Q (Avg,Max,Min) (0.99, 1.01, 0.70) (0.92, 0.52, 0.98) #fs:  10  -- #Conts: 34 G(7)  E(27) 
  31806363 718.94 || noQ Q (Avg,Max,Min) (1.00, 1.01, 0.70) (0.92, 0.53, 1.00) #fs:   9  -- #Conts: 35 G(9)  E(26) 
  31807504 716.59 || noQ Q (Avg,Max,Min) (1.00, 1.01, 0.70) (0.92, 0.53, 1.00) #fs:   9  -- #Conts: 35 G(8)  E(27) 
  31807767 714.24 || noQ Q (Avg,Max,Min) (1.00, 1.01, 0.70) (0.92, 0.53, 1.00) #fs:   9  -- #Conts: 35 G(7)  E(28) 
  31832116 713.88 || noQ Q (Avg,Max,Min) (0.99, 1.01, 0.70) (0.93, 0.52, 0.98) #fs:  10  -- #Conts: 34 G(4)  E(30) 
  31832836 711.88 || noQ Q (Avg,Max,Min) (1.00, 1.01, 0.70) (0.93, 0.53, 1.00) #fs:   9  -- #Conts: 35 G(6)  E(29) 
  31846110 709.53 || noQ Q (Avg,Max,Min) (1.00, 1.01, 0.70) (0.93, 0.53, 1.00) #fs:   9  -- #Conts: 35 G(5)  E(30) 
  31852144 707.18 || noQ Q (Avg,Max,Min) (1.00, 1.01, 0.70) (0.93, 0.53, 1.00) #fs:   9  -- #Conts: 35 G(4)  E(31) 
  31879766 704.82 || noQ Q (Avg,Max,Min) (1.00, 1.01, 0.70) (0.93, 0.53, 1.00) #fs:   9  -- #Conts: 35 G(3)  E(32) 
  34045442 704.24 || noQ Q (Avg,Max,Min) (1.00, 1.03, 0.80) (0.92, 0.71, 0.99) #fs:   3  -- #Conts: 32 G(16)  E(16) 
  34058596 701.88 || noQ Q (Avg,Max,Min) (1.00, 1.03, 0.80) (0.92, 0.71, 0.99) #fs:   3  -- #Conts: 32 G(15)  E(17) 
  34071725 699.53 || noQ Q (Avg,Max,Min) (1.00, 1.03, 0.80) (0.92, 0.71, 0.99) #fs:   3  -- #Conts: 32 G(14)  E(18) 
  34083868 697.18 || noQ Q (Avg,Max,Min) (1.00, 1.03, 0.80) (0.93, 0.71, 0.99) #fs:   3  -- #Conts: 32 G(13)  E(19) 
  34084774 694.82 || noQ Q (Avg,Max,Min) (1.00, 1.03, 0.80) (0.93, 0.71, 0.99) #fs:   3  -- #Conts: 32 G(12)  E(20) 
  34097947 692.47 || noQ Q (Avg,Max,Min) (1.00, 1.03, 0.80) (0.93, 0.71, 0.99) #fs:   3  -- #Conts: 32 G(11)  E(21) 
  34175323 690.12 || noQ Q (Avg,Max,Min) (1.00, 1.03, 0.79) (0.94, 0.71, 0.99) #fs:   3  -- #Conts: 32 G(10)  E(22) 
  34176846 687.76 || noQ Q (Avg,Max,Min) (1.00, 1.03, 0.79) (0.94, 0.71, 0.99) #fs:   3  -- #Conts: 32 G(9)  E(23) 
  34176868 685.41 || noQ Q (Avg,Max,Min) (1.00, 1.03, 0.79) (0.94, 0.71, 0.99) #fs:   3  -- #Conts: 32 G(8)  E(24) 
  36401920 684.71 || noQ Q (Avg,Max,Min) (1.01, 1.04, 0.99) (0.93, 0.87, 1.00) #fs:   9  -- #Conts: 35 G(6)  E(29) 
  36426269 684.35 || noQ Q (Avg,Max,Min) (1.00, 1.05, 0.82) (0.94, 0.80, 0.98) #fs:  10  -- #Conts: 34 G(3)  E(31) 
  36426989 682.35 || noQ Q (Avg,Max,Min) (1.01, 1.04, 0.99) (0.94, 0.87, 1.00) #fs:   9  -- #Conts: 35 G(5)  E(30) 
  36440263 680.00 || noQ Q (Avg,Max,Min) (1.01, 1.04, 0.99) (0.94, 0.87, 1.00) #fs:   9  -- #Conts: 35 G(4)  E(31) 
  36446297 677.65 || noQ Q (Avg,Max,Min) (1.01, 1.04, 0.99) (0.94, 0.87, 1.00) #fs:   9  -- #Conts: 35 G(3)  E(32) 
  36472378 677.29 || noQ Q (Avg,Max,Min) (1.00, 1.05, 0.82) (0.95, 0.80, 0.98) #fs:  10  -- #Conts: 34 E(34) 
  36473919 675.29 || noQ Q (Avg,Max,Min) (1.01, 1.04, 0.99) (0.95, 0.87, 1.00) #fs:   9  -- #Conts: 35 G(2)  E(33) 
  36473941 672.94 || noQ Q (Avg,Max,Min) (1.01, 1.04, 0.99) (0.95, 0.88, 1.00) #fs:   9  -- #Conts: 35 G(1)  E(34) 
  36492406 670.59 || noQ Q (Avg,Max,Min) (1.01, 1.04, 0.99) (0.95, 0.88, 1.00) #fs:   9  -- #Conts: 35 E(35) 
  40797240 668.94 || noQ Q (Avg,Max,Min) (1.00, 1.03, 0.71) (0.95, 0.70, 0.99) #fs:   2  -- #Conts: 32 G(3)  E(29) 
  40810088 666.59 || noQ Q (Avg,Max,Min) (1.00, 1.03, 0.70) (0.96, 0.70, 0.99) #fs:   2  -- #Conts: 32 G(2)  E(30) 
  45207904 660.24 || noQ Q (Avg,Max,Min) (1.01, 1.03, 0.99) (0.95, 0.87, 0.99) #fs:   1  -- #Conts: 32 G(7)  E(25) 
  45312982 657.88 || noQ Q (Avg,Max,Min) (1.01, 1.03, 0.99) (0.95, 0.87, 0.99) #fs:   2  -- #Conts: 32 G(6)  E(26) 
  45319351 655.53 || noQ Q (Avg,Max,Min) (1.01, 1.03, 0.99) (0.96, 0.88, 0.99) #fs:   2  -- #Conts: 32 G(5)  E(27) 
  45364981 653.18 || noQ Q (Avg,Max,Min) (1.01, 1.03, 0.99) (0.96, 0.88, 0.99) #fs:   2  -- #Conts: 32 G(4)  E(28) 
  45391393 650.82 || noQ Q (Avg,Max,Min) (1.01, 1.03, 0.99) (0.96, 0.88, 0.99) #fs:   2  -- #Conts: 32 G(3)  E(29) 
  45404241 648.47 || noQ Q (Avg,Max,Min) (1.01, 1.03, 0.99) (0.97, 0.90, 0.99) #fs:   2  -- #Conts: 32 G(2)  E(30) 
  45495478 646.12 || noQ Q (Avg,Max,Min) (1.01, 1.03, 0.99) (0.97, 0.90, 1.00) #fs:   2  -- #Conts: 32 G(1)  E(31) 
  45514962 643.76 || noQ Q (Avg,Max,Min) (1.01, 1.01, 0.99) (0.97, 0.96, 1.00) #fs:   2  -- #Conts: 32 E(32) 
/////////////////size: 48
   9546876 1450.35 || noQ Q (Avg,Max,Min) (0.96, 1.02, 0.57) (0.53, 0.39, 0.82) #fs:  14  -- #Conts: 31 H(31) 
   9552606 1418.82 || noQ Q (Avg,Max,Min) (0.97, 1.07, 0.58) (0.53, 0.39, 0.94) #fs:  14  -- #Conts: 31 H(31) 
   9559719 1387.29 || noQ Q (Avg,Max,Min) (0.97, 1.07, 0.75) (0.54, 0.50, 0.94) #fs:  14  -- #Conts: 31 H(31) 
  10745262 1371.53 || noQ Q (Avg,Max,Min) (0.94, 1.02, 0.50) (0.57, 0.39, 0.94) #fs:  14  -- #Conts: 31 H(28)  G(3) 
  10751595 1355.76 || noQ Q (Avg,Max,Min) (0.94, 1.02, 0.60) (0.56, 0.50, 0.94) #fs:  14  -- #Conts: 31 H(29)  G(2) 
  10752375 1340.00 || noQ Q (Avg,Max,Min) (0.94, 1.02, 0.60) (0.58, 0.50, 0.94) #fs:  14  -- #Conts: 31 H(28)  G(3) 
  10764210 1324.24 || noQ Q (Avg,Max,Min) (0.94, 1.02, 0.60) (0.59, 0.50, 0.94) #fs:  14  -- #Conts: 31 H(27)  G(4) 
  10780132 1308.47 || noQ Q (Avg,Max,Min) (0.94, 1.02, 0.60) (0.60, 0.50, 0.94) #fs:  14  -- #Conts: 31 H(26)  G(5) 
  10782639 1292.71 || noQ Q (Avg,Max,Min) (0.93, 1.02, 0.49) (0.64, 0.39, 0.86) #fs:  14  -- #Conts: 31 H(21)  G(10) 
  10787927 1276.94 || noQ Q (Avg,Max,Min) (0.93, 1.02, 0.49) (0.64, 0.39, 0.94) #fs:  14  -- #Conts: 31 H(22)  G(9) 
  10788369 1261.18 || noQ Q (Avg,Max,Min) (0.93, 1.02, 0.49) (0.65, 0.39, 0.94) #fs:  14  -- #Conts: 31 H(21)  G(10) 
  10795482 1229.65 || noQ Q (Avg,Max,Min) (0.94, 1.02, 0.60) (0.66, 0.51, 0.94) #fs:  14  -- #Conts: 31 H(21)  G(10) 
  10797763 1213.88 || noQ Q (Avg,Max,Min) (0.92, 1.02, 0.49) (0.70, 0.39, 0.87) #fs:  14  -- #Conts: 31 H(16)  G(15) 
  10804495 1198.12 || noQ Q (Avg,Max,Min) (0.92, 1.02, 0.49) (0.72, 0.39, 0.87) #fs:  14  -- #Conts: 31 H(13)  G(18) 
  10806595 1166.59 || noQ Q (Avg,Max,Min) (0.92, 1.02, 0.49) (0.75, 0.39, 0.87) #fs:  14  -- #Conts: 31 H(11)  G(20) 
  10808279 1150.82 || noQ Q (Avg,Max,Min) (0.92, 1.02, 0.49) (0.76, 0.39, 0.87) #fs:  14  -- #Conts: 31 H(10)  G(21) 
  10812325 1135.06 || noQ Q (Avg,Max,Min) (0.93, 1.02, 0.49) (0.75, 0.39, 0.87) #fs:  14  -- #Conts: 31 H(11)  G(20) 
  10814009 1119.29 || noQ Q (Avg,Max,Min) (0.93, 1.02, 0.49) (0.77, 0.39, 0.87) #fs:  14  -- #Conts: 31 H(10)  G(21) 
  10822867 1103.53 || noQ Q (Avg,Max,Min) (0.94, 1.04, 0.49) (0.77, 0.39, 0.87) #fs:  13  -- #Conts: 32 H(10)  G(22) 
  10824176 1087.76 || noQ Q (Avg,Max,Min) (0.96, 1.04, 0.49) (0.77, 0.39, 0.87) #fs:  12  -- #Conts: 33 H(10)  G(23) 
  10829980 1072.00 || noQ Q (Avg,Max,Min) (0.96, 1.04, 0.60) (0.77, 0.51, 0.87) #fs:  12  -- #Conts: 33 H(11)  G(22) 
  10831289 1056.24 || noQ Q (Avg,Max,Min) (0.98, 1.04, 0.71) (0.77, 0.51, 0.87) #fs:  11  -- #Conts: 34 H(11)  G(23) 
  10854697 1024.71 || noQ Q (Avg,Max,Min) (1.00, 1.04, 0.49) (0.77, 0.39, 0.87) #fs:   4  -- #Conts: 41 H(14)  G(27) 
  10878219 993.18 || noQ Q (Avg,Max,Min) (1.02, 1.04, 0.94) (0.77, 0.51, 0.87) #fs:   3  -- #Conts: 42 H(15)  G(27) 
  10962143 977.41 || noQ Q (Avg,Max,Min) (1.02, 1.09, 0.94) (0.76, 0.04, 0.94) #fs:   3  -- #Conts: 43 H(15)  G(28) 
  11140098 968.35 || noQ Q (Avg,Max,Min) (1.02, 1.04, 0.94) (0.76, 0.09, 0.94) #fs:   3  -- #Conts: 43 H(15)  G(27)  E(1) 
  11372832 965.65 || noQ Q (Avg,Max,Min) (1.02, 1.04, 0.94) (0.76, 0.16, 0.94) #fs:   3  -- #Conts: 43 H(15)  G(27)  C(1) 
  12109944 945.88 || noQ Q (Avg,Max,Min) (1.01, 1.04, 0.86) (0.79, 0.52, 0.87) #fs:   3  -- #Conts: 42 H(12)  G(30) 
  12130153 930.12 || noQ Q (Avg,Max,Min) (1.01, 1.04, 0.86) (0.80, 0.53, 0.88) #fs:   3  -- #Conts: 42 H(11)  G(31) 
  12142086 914.35 || noQ Q (Avg,Max,Min) (1.01, 1.04, 0.84) (0.81, 0.53, 0.88) #fs:   3  -- #Conts: 42 H(10)  G(32) 
  12147671 898.59 || noQ Q (Avg,Max,Min) (1.01, 1.04, 0.84) (0.82, 0.53, 0.88) #fs:   3  -- #Conts: 42 H(9)  G(33) 
  12188063 882.82 || noQ Q (Avg,Max,Min) (1.01, 1.03, 0.84) (0.83, 0.65, 0.90) #fs:   3  -- #Conts: 42 H(8)  G(34) 
  13418405 867.06 || noQ Q (Avg,Max,Min) (1.01, 1.03, 0.75) (0.83, 0.65, 0.95) #fs:   4  -- #Conts: 42 H(8)  G(34) 
  15766086 855.29 || noQ Q (Avg,Max,Min) (1.02, 1.21, 0.81) (0.83, 0.65, 1.00) #fs:   2  -- #Conts: 45 H(8)  G(36)  C(1) 
  15968876 838.12 || noQ Q (Avg,Max,Min) (1.01, 1.03, 0.89) (0.87, 0.65, 0.97) #fs:   1  -- #Conts: 44 H(10)  G(15)  E(19) 
  15974040 835.76 || noQ Q (Avg,Max,Min) (1.01, 1.03, 0.89) (0.87, 0.65, 0.97) #fs:   1  -- #Conts: 44 H(10)  G(14)  E(20) 
  15981456 833.41 || noQ Q (Avg,Max,Min) (1.01, 1.03, 0.89) (0.87, 0.65, 0.97) #fs:   1  -- #Conts: 44 H(10)  G(13)  E(21) 
  15993945 831.06 || noQ Q (Avg,Max,Min) (1.01, 1.03, 0.89) (0.87, 0.65, 0.97) #fs:   1  -- #Conts: 44 H(10)  G(12)  E(22) 
  16315426 828.71 || noQ Q (Avg,Max,Min) (1.01, 1.03, 0.80) (0.87, 0.55, 0.98) #fs:   1  -- #Conts: 43 H(9)  G(11)  E(23) 
  16327349 826.35 || noQ Q (Avg,Max,Min) (1.01, 1.03, 0.80) (0.87, 0.55, 0.98) #fs:   1  -- #Conts: 44 H(9)  G(11)  E(24) 
  16335625 824.00 || noQ Q (Avg,Max,Min) (1.01, 1.03, 0.80) (0.88, 0.55, 0.98) #fs:   1  -- #Conts: 44 H(9)  G(10)  E(25) 
  17199218 822.35 || noQ Q (Avg,Max,Min) (1.00, 1.03, 0.66) (0.87, 0.65, 0.97) #fs:   2  -- #Conts: 44 H(10)  G(15)  E(19) 
  17204382 820.00 || noQ Q (Avg,Max,Min) (1.00, 1.03, 0.66) (0.87, 0.65, 0.97) #fs:   2  -- #Conts: 44 H(10)  G(14)  E(20) 
  17211798 817.65 || noQ Q (Avg,Max,Min) (1.00, 1.03, 0.66) (0.87, 0.65, 0.97) #fs:   2  -- #Conts: 44 H(10)  G(13)  E(21) 
  17224287 815.29 || noQ Q (Avg,Max,Min) (1.00, 1.03, 0.66) (0.87, 0.65, 0.97) #fs:   2  -- #Conts: 44 H(10)  G(12)  E(22) 
  17545712 797.18 || noQ Q (Avg,Max,Min) (1.01, 1.10, 1.01) (0.89, 0.65, 1.05) #fs:   0  -- #Conts: 43 H(9)  G(11)  E(23) 
  17557635 794.82 || noQ Q (Avg,Max,Min) (1.01, 1.10, 1.01) (0.89, 0.65, 1.05) #fs:   0  -- #Conts: 44 H(9)  G(11)  E(24) 
  17565911 792.47 || noQ Q (Avg,Max,Min) (1.01, 1.10, 1.01) (0.89, 0.65, 1.05) #fs:   0  -- #Conts: 44 H(9)  G(10)  E(25) 
  19387081 791.53 || noQ Q (Avg,Max,Min) (1.01, 1.03, 0.79) (0.85, 0.72, 0.88) #fs:   3  -- #Conts: 43 H(1)  G(34)  E(8) 
  20617367 775.76 || noQ Q (Avg,Max,Min) (1.01, 1.03, 0.98) (0.85, 0.78, 0.88) #fs:   2  -- #Conts: 43 H(1)  G(34)  E(8) 
  21296861 760.00 || noQ Q (Avg,Max,Min) (1.01, 1.06, 1.00) (0.86, 0.82, 0.90) #fs:   2  -- #Conts: 43 G(35)  E(8) 
  22636690 742.12 || noQ Q (Avg,Max,Min) (1.01, 1.03, 0.89) (0.90, 0.66, 0.96) #fs:   5  -- #Conts: 34 H(2)  G(11)  E(21) 
  22643541 737.41 || noQ Q (Avg,Max,Min) (1.01, 1.03, 0.89) (0.91, 0.66, 0.97) #fs:   5  -- #Conts: 36 H(2)  G(11)  E(23) 
  22970410 735.06 || noQ Q (Avg,Max,Min) (1.00, 1.03, 0.80) (0.90, 0.55, 0.97) #fs:   4  -- #Conts: 36 H(1)  G(11)  E(24) 
  22982717 732.71 || noQ Q (Avg,Max,Min) (1.00, 1.03, 0.80) (0.91, 0.55, 0.97) #fs:   6  -- #Conts: 36 H(1)  G(10)  E(25) 
  23853966 731.06 || noQ Q (Avg,Max,Min) (1.00, 1.03, 0.66) (0.90, 0.66, 0.96) #fs:   6  -- #Conts: 33 H(2)  G(12)  E(19) 
  23860540 728.71 || noQ Q (Avg,Max,Min) (1.00, 1.03, 0.66) (0.90, 0.66, 0.96) #fs:   6  -- #Conts: 34 H(2)  G(12)  E(20) 
  23867032 726.35 || noQ Q (Avg,Max,Min) (1.00, 1.03, 0.66) (0.90, 0.66, 0.96) #fs:   6  -- #Conts: 34 H(2)  G(11)  E(21) 
  23873883 721.65 || noQ Q (Avg,Max,Min) (1.00, 1.03, 0.66) (0.91, 0.66, 0.97) #fs:   6  -- #Conts: 36 H(2)  G(11)  E(23) 
  24200696 703.53 || noQ Q (Avg,Max,Min) (1.01, 1.10, 0.99) (0.92, 0.86, 1.05) #fs:   3  -- #Conts: 36 H(1)  G(11)  E(24) 
  24213003 701.18 || noQ Q (Avg,Max,Min) (1.01, 1.10, 0.99) (0.92, 0.86, 1.05) #fs:   5  -- #Conts: 36 H(1)  G(10)  E(25) 
  31760155 693.76 || noQ Q (Avg,Max,Min) (1.01, 1.18, 0.99) (0.93, 0.60, 0.98) #fs:   5  -- #Conts: 36 G(6)  E(30) 
  31851392 691.41 || noQ Q (Avg,Max,Min) (1.01, 1.18, 0.99) (0.93, 0.60, 0.98) #fs:   5  -- #Conts: 36 G(5)  E(31) 
  31870876 689.06 || noQ Q (Avg,Max,Min) (1.01, 1.18, 0.99) (0.93, 0.60, 1.00) #fs:   5  -- #Conts: 36 G(4)  E(32) 
  31962988 684.71 || noQ Q (Avg,Max,Min) (1.01, 1.19, 0.89) (0.94, 0.87, 1.16) #fs:   6  -- #Conts: 36 G(6)  E(30) 
  32054225 682.35 || noQ Q (Avg,Max,Min) (1.01, 1.19, 0.89) (0.94, 0.87, 1.16) #fs:   6  -- #Conts: 36 G(5)  E(31) 
  32073709 680.00 || noQ Q (Avg,Max,Min) (1.01, 1.19, 0.89) (0.95, 0.87, 1.16) #fs:   6  -- #Conts: 36 G(4)  E(32) 
  32286959 679.65 || noQ Q (Avg,Max,Min) (1.01, 1.19, 0.99) (0.92, 0.16, 1.16) #fs:   5  -- #Conts: 37 G(5)  E(31)  C(1) 
  32306443 677.29 || noQ Q (Avg,Max,Min) (1.01, 1.19, 0.99) (0.93, 0.16, 1.16) #fs:   5  -- #Conts: 37 G(4)  E(32)  C(1) 
  34184508 676.65 || noQ Q (Avg,Max,Min) (1.01, 1.19, 0.99) (0.94, 0.68, 1.16) #fs:   5  -- #Conts: 37 G(5)  A(1)  E(31) 
  34203992 674.29 || noQ Q (Avg,Max,Min) (1.01, 1.19, 0.99) (0.94, 0.68, 1.16) #fs:   5  -- #Conts: 37 G(4)  A(1)  E(32) 
  42503548 673.06 || noQ Q (Avg,Max,Min) (1.01, 1.08, 1.00) (0.93, 0.70, 0.99) #fs:   0  -- #Conts: 38 G(8)  E(27)  C(3) 
  43577053 672.94 || noQ Q (Avg,Max,Min) (1.01, 1.10, 1.00) (0.93, 0.70, 1.01) #fs:   2  -- #Conts: 33 G(9)  E(22)  C(2) 
  43579219 670.59 || noQ Q (Avg,Max,Min) (1.01, 1.10, 1.00) (0.93, 0.70, 1.01) #fs:   2  -- #Conts: 33 G(8)  E(23)  C(2) 
  43662500 670.35 || noQ Q (Avg,Max,Min) (1.01, 1.10, 1.00) (0.93, 0.70, 1.01) #fs:   0  -- #Conts: 39 G(8)  E(27)  C(4) 
  44859135 670.24 || noQ Q (Avg,Max,Min) (1.01, 1.08, 1.00) (0.94, 0.83, 0.99) #fs:   0  -- #Conts: 36 G(8)  E(26)  C(2) 
  45933836 668.94 || noQ Q (Avg,Max,Min) (1.01, 1.10, 1.00) (0.94, 0.78, 1.01) #fs:   0  -- #Conts: 37 G(8)  E(26)  C(3) 
  46018087 667.53 || noQ Q (Avg,Max,Min) (1.01, 1.10, 1.00) (0.94, 0.78, 1.01) #fs:   0  -- #Conts: 37 G(8)  E(26)  C(3) 
  46550633 666.24 || noQ Q (Avg,Max,Min) (1.01, 1.18, 1.00) (0.95, 0.60, 0.99) #fs:   0  -- #Conts: 35 G(3)  E(30)  C(2) 
  46634884 664.82 || noQ Q (Avg,Max,Min) (1.01, 1.18, 1.00) (0.95, 0.60, 1.00) #fs:   0  -- #Conts: 35 G(3)  E(30)  C(2) 
  46641870 663.88 || noQ Q (Avg,Max,Min) (1.01, 1.18, 1.00) (0.96, 0.60, 1.00) #fs:   0  -- #Conts: 35 G(2)  E(31)  C(2) 
  46661354 661.53 || noQ Q (Avg,Max,Min) (1.01, 1.18, 1.00) (0.96, 0.60, 1.00) #fs:   0  -- #Conts: 35 G(1)  E(32)  C(2) 
  46745605 660.12 || noQ Q (Avg,Max,Min) (1.01, 1.18, 1.00) (0.96, 0.60, 1.00) #fs:   0  -- #Conts: 35 G(1)  E(32)  C(2) 
  46753466 657.18 || noQ Q (Avg,Max,Min) (1.01, 1.19, 1.00) (0.94, 0.09, 1.16) #fs:   0  -- #Conts: 36 G(3)  E(31)  C(2) 
  46837717 655.76 || noQ Q (Avg,Max,Min) (1.01, 1.19, 1.00) (0.95, 0.09, 1.16) #fs:   0  -- #Conts: 36 G(3)  E(31)  C(2) 
  46844703 654.82 || noQ Q (Avg,Max,Min) (1.01, 1.19, 1.00) (0.95, 0.09, 1.16) #fs:   0  -- #Conts: 36 G(2)  E(32)  C(2) 
  46864187 652.47 || noQ Q (Avg,Max,Min) (1.01, 1.19, 1.00) (0.95, 0.09, 1.16) #fs:   0  -- #Conts: 36 G(1)  E(33)  C(2) 
  46948438 651.06 || noQ Q (Avg,Max,Min) (1.01, 1.19, 1.00) (0.95, 0.09, 1.16) #fs:   0  -- #Conts: 36 G(1)  E(33)  C(2) 
  47096921 649.76 || noQ Q (Avg,Max,Min) (1.01, 1.19, 1.00) (0.95, 0.16, 1.16) #fs:   0  -- #Conts: 36 G(1)  E(32)  C(3) 
  47181172 648.35 || noQ Q (Avg,Max,Min) (1.01, 1.19, 1.00) (0.95, 0.16, 1.16) #fs:   0  -- #Conts: 36 G(1)  E(32)  C(3) 
  48994470 646.76 || noQ Q (Avg,Max,Min) (1.01, 1.19, 1.00) (0.97, 0.68, 1.16) #fs:   0  -- #Conts: 36 G(1)  A(1)  E(32)  C(2) 
  49078721 645.35 || noQ Q (Avg,Max,Min) (1.01, 1.19, 1.00) (0.97, 0.68, 1.16) #fs:   0  -- #Conts: 36 G(1)  A(1)  E(32)  C(2) 
/////////////////size: 92
nodes 50 edges 108
 mulT: 5000 mulD: 500  sumData GB 468
pareto /MONTAGE.n.50.0.dax time -> 3030.0
moheft /MONTAGE.n.50.0.dax time -> 2179.0
distance from M to C 2.081406217797162
distance from P to C 2.308643584322702
distance from C to M 1.9563603642034861
distance from C to P 4.122647001349277
toCompare: /MONTAGE.n.50.0.dax sumDataGB: 468 mulT: 5000 mulD: 500 paretoOptTime_MS: 3030.0 MoheftOptimizationTime_MS: 2179.0 MtoC 2.081406217797162 PtoC 2.308643584322702 CtoM 1.9563603642034861 CtoP 4.122647001349277
